<?xml version="1.0" encoding="UTF-8" ?>
<testsuite errors="0" failures="1" hostname="travis-job-24cae712-7dca-47c9-ae44-647d6dfafcd5" name="ptolemy.actor.lib.test.junit.JUnitTclTest" skipped="0" tests="517" time="64.762" timestamp="2019-09-20T05:47:24">
  <properties>
    <property name="npm.executable" value="npm" />
    <property name="env.TRAVIS_ROOT" value="/" />
    <property name="ptII.mk.exists" value="true" />
    <property name="env.TRAVIS_APP_HOST" value="build.travis-ci.org" />
    <property name="env.rvm_bin_path" value="/home/travis/.rvm/bin" />
    <property name="java.home" value="/usr/local/lib/jvm/openjdk11" />
    <property name="env.TRAVIS_JOB_NUMBER" value="1335.8" />
    <property name="env.TRAVIS_HOME" value="/home/travis" />
    <property name="env.DISPLAY" value=":99.0" />
    <property name="env.TRAVIS_INIT" value="systemd" />
    <property name="env.SSH_TTY" value="/dev/pts/0" />
    <property name="java.net.preferIPv4Stack" value="true" />
    <property name="env.RUN_TESTS" value="true" />
    <property name="timeout.short" value="1000000" />
    <property name="junit.formatter" value="xml" />
    <property name="env.TRAVIS_SUDO" value="true" />
    <property name="env.TRAVIS_JOB_NAME" value="" />
    <property name="env.TRAVIS_STACK_NODE_ATTRIBUTES" value="/.node-attributes.yml" />
    <property name="env.LOGNAME" value="travis" />
    <property name="env.PT_TRAVIS_TEST_CORE1_XML" value="true" />
    <property name="jsdoc.home" value="node_modules/@terraswarm/jsdoc" />
    <property name="debuglevel" value="source,lines,vars" />
    <property name="checkstyle.formatter" value="xml" />
    <property name="env._system_version" value="16.04" />
    <property name="bin.vergil.makeable" value="true" />
    <property name="sun.os.patch.level" value="unknown" />
    <property name="java.vendor.url" value="http://java.oracle.com/" />
    <property name="env.TRAVIS_BUILD_WEB_URL" value="https://travis-ci.org/icyphy/ptII/builds/587318892" />
    <property name="java.version" value="11.0.2" />
    <property name="env.TZ" value="UTC" />
    <property name="env.TRAVIS_PULL_REQUEST_SHA" value="" />
    <property name="env.PT_NO_NET" value="true" />
    <property name="env.TRAVIS_SECURE_ENV_VARS" value="true" />
    <property name="env._system_type" value="Linux" />
    <property name="java.vendor.url.bug" value="http://bugreport.java.com/bugreport/" />
    <property name="npmjs-org-is-up" value="true" />
    <property name="env.LANGUAGE" value="en_US.UTF-8" />
    <property name="env.SSH_CLIENT" value="10.16.42.4 33056 22" />
    <property name="env.GEM_HOME" value="/home/travis/.rvm/gems/ruby-2.5.3" />
    <property name="env.HAS_ANTARES_THREE_LITTLE_FRONZIES_BADGE" value="true" />
    <property name="java.version.date" value="2019-01-15" />
    <property name="env.PS4" value="+" />
    <property name="ant.project.invoked-targets" value="build,test.core1.xml" />
    <property name="env.TRAVIS_PULL_REQUEST_BRANCH" value="" />
    <property name="env.TRAVIS_REPO_SLUG" value="icyphy/ptII" />
    <property name="env.XDG_DATA_DIRS" value="/usr/local/share:/usr/share:/var/lib/snapd/desktop" />
    <property name="jdk.debug" value="release" />
    <property name="env.TRAVIS_APT_PROXY" value="http://apt.cache.travis-ci.com" />
    <property name="node.in.path" value="true" />
    <property name="user.name" value="travis" />
    <property name="java.maxmemory" value="1400m" />
    <property name="env.RUBY_VERSION" value="ruby-2.5.3" />
    <property name="env.LANG" value="en_US.UTF-8" />
    <property name="sun.io.unicode.encoding" value="UnicodeLittle" />
    <property name="sun.jnu.encoding" value="UTF-8" />
    <property name="java.runtime.name" value="OpenJDK Runtime Environment" />
    <property name="usefile" value="false" />
    <property name="return.code" value="0" />
    <property name="junit.single.formatter" value="plain" />
    <property name="env.DYLD_LIBRARY_PATH" value="/home/travis/pthla/certi-tools/lib:" />
    <property name="env.DEBIAN_FRONTEND" value="noninteractive" />
    <property name="env.SSH_CONNECTION" value="10.16.42.4 33056 10.20.0.54 22" />
    <property name="env.MYSQL_UNIX_PORT" value="/var/run/mysqld/mysqld.sock" />
    <property name="env.LC_ALL" value="en_US.UTF-8" />
    <property name="env.TRAVIS_ALLOW_FAILURE" value="false" />
    <property name="env.TRAVIS_JOB_WEB_URL" value="https://travis-ci.org/icyphy/ptII/jobs/587318900" />
    <property name="java.specification.name" value="Java Platform API Specification" />
    <property name="node.works" value="true" />
    <property name="user.timezone" value="" />
    <property name="path.separator" value=":" />
    <property name="env.TRAVIS_ENABLE_INFRA_DETECTION" value="true" />
    <property name="env.PYTHON_CFLAGS" value="-g -fstack-protector --param=ssp-buffer-size=4 -Wformat -Werror=format-security" />
    <property name="timeout.long" value="4000000" />
    <property name="env.CERTI_HOME" value="/home/travis/pthla/certi-tools" />
    <property name="ant.file.ptII" value="/home/travis/build/icyphy/ptII/build.xml" />
    <property name="javadoc.packagenames" value="com.*,diva.*,lbnl.*,org.hlacerti.*,org.json.*,org.ptolemy.*,org.terraswarm.*,ptolemy.*,ptserver.*" />
    <property name="file.encoding" value="UTF-8" />
    <property name="env.TRAVIS_PULL_REQUEST_SLUG" value="" />
    <property name="ant.project.default-target" value="build" />
    <property name="env.GIT_ASKPASS" value="echo" />
    <property name="env.HOME" value="/home/travis" />
    <property name="sun.java.command" value="org.apache.tools.ant.taskdefs.optional.junit.JUnitTestRunner ptolemy.actor.lib.test.junit.JUnitTclTest skipNonTests=false filtertrace=true haltOnError=false haltOnFailure=false formatter=org.apache.tools.ant.taskdefs.optional.junit.OutErrSummaryJUnitResultFormatter showoutput=true outputtoformatters=true logfailedtests=true threadid=0 logtestlistenerevents=false formatter=org.apache.tools.ant.taskdefs.optional.junit.XMLJUnitResultFormatter,/home/travis/build/icyphy/ptII/reports/junit/TEST-ptolemy.actor.lib.test.junit.JUnitTclTest.xml crashfile=/home/travis/build/icyphy/ptII/junitvmwatcher1033455325180257166.properties propsfile=/home/travis/build/icyphy/ptII/junit12277907629231740448.properties" />
    <property name="env.COMPOSER_NO_INTERACTION" value="1" />
    <property name="env.MANPATH" value="/home/travis/.nvm/versions/node/v7.10.1/share/man:/home/travis/.rvm/rubies/ruby-2.5.3/share/man:/usr/local/cmake-3.12.4/man:/usr/local/clang-7.0.0/share/man:/usr/local/man:/usr/local/share/man:/usr/share/man:/home/travis/.rvm/man" />
    <property name="env.TRAVIS_TIMER_ID" value="12376131" />
    <property name="ant.file" value="/home/travis/build/icyphy/ptII/build.xml" />
    <property name="env.TRAVIS_COMMIT_RANGE" value="bc7bfed3151ace78f6177b95f8054c233d74f1bf...1691c4a63a7f6e8f7441362a7c71a7ee30ba8bb1" />
    <property name="env._system_name" value="Ubuntu" />
    <property name="ptII.classpath.optional.property" value="/home/travis/build/icyphy/ptII/lib/bsh-2.0b4.jar:/home/travis/build/icyphy/ptII/lib/ptCal.jar:/home/travis/build/icyphy/ptII/lib/java_cup.jar:/home/travis/build/icyphy/ptII/lib/saxon8.jar:/home/travis/build/icyphy/ptII/lib/saxon8-dom.jar:/home/travis/build/icyphy/ptII/lib/chic.jar:/home/travis/build/icyphy/ptII/lib/ptcolt.jar:/home/travis/build/icyphy/ptII/vendors/misc/itext/iText.jar:/home/travis/build/icyphy/ptII/lib/g4ltl.jar:/home/travis/build/icyphy/ptII/lib/StructuralCoder.jar:/home/travis/build/icyphy/ptII/lib/jcerti.jar:/home/travis/build/icyphy/ptII/lib/javax.mail.jar:/home/travis/build/icyphy/ptII/vendors/JMF-2.1.1e/lib/jmf.jar:/home/travis/build/icyphy/ptII/lib/jna-4.0.0-variadic.jar:/home/travis/build/icyphy/ptII/vendors/misc/joystick/Joystick.jar:/home/travis/build/icyphy/ptII/lib/ptjacl.jar:/home/travis/build/icyphy/ptII/lib/jsoup-1.8.2.jar:/home/travis/build/icyphy/ptII/lib/junit-4.8.2.jar:/home/travis/build/icyphy/ptII/lib/JUnitParams-0.4.0.jar:/home/travis/build/icyphy/ptII/ptolemy/actor/lib/excel/jxl.jar:/home/travis/build/icyphy/ptII/lib/jython.jar:/home/travis/build/icyphy/ptII/lib/kieler.jar:/home/travis/build/icyphy/ptII/vendors/opencv/share/OpenCV/java/opencv-341.jar:/home/travis/build/icyphy/ptII/lib/oscP5.jar:/home/travis/build/icyphy/ptII/lib/nrjavaserial-3.11.0.devel.jar:/home/travis/build/icyphy/ptII/vendors/j3d/lib/Linux/j3dcore.jar:/home/travis/build/icyphy/ptII/vendors/j3d/lib/Linux/j3dutils.jar:/home/travis/build/icyphy/ptII/vendors/j3d/lib/Linux/vecmath.jar:/home/travis/build/icyphy/ptII/vendors/jogl/lib/Linux/gluegen-rt-natives-linux-amd64.jar:/home/travis/build/icyphy/ptII/vendors/jogl/lib/Linux/gluegen-rt.jar:/home/travis/build/icyphy/ptII/vendors/jogl/lib/Linux/jogl-all-natives-linux-amd64.jar:/home/travis/build/icyphy/ptII/vendors/jogl/lib/Linux/jogl-all.jar:/home/travis/build/icyphy/ptII/ptolemy/distributed/jini/jar/jini-core.jar:/home/travis/build/icyphy/ptII/ptolemy/distributed/jini/jar/jini-ext.jar:/home/travis/build/icyphy/ptII/ptolemy/distributed/jini/jar/sun-util.jar:/home/travis/build/icyphy/ptII/lib/protobuf-java-2.4.1.jar:/home/travis/build/icyphy/ptII/lib/org.eclipse.paho.client.mqttv3.jar:/home/travis/build/icyphy/ptII/lib/mapss.jar:/home/travis/build/icyphy/ptII/ptolemy/actor/ptalon/antlr/antlr.jar:/home/travis/build/icyphy/ptII/lib/JRI.jar:/home/travis/build/icyphy/ptII/lib/commons-lang-2.6.jar:/home/travis/build/icyphy/ptII/lib/commons-logging-1.1.1.jar:/home/travis/build/icyphy/ptII/lib/sootclasses.jar:/home/travis/build/icyphy/ptII/ptolemy/actor/lib/database/mysql-connector-java-5.1.6-bin.jar:/home/travis/build/icyphy/ptII/vendors/misc/sphinx4/sphinx4-data-5prealpha.jar:/home/travis/build/icyphy/ptII/vendors/misc/sphinx4/sphinx4-core-5prealpha.jar:/home/travis/build/icyphy/ptII/lib/PDFRenderer.jar:/home/travis/build/icyphy/ptII/lib/svgSalamander.jar:/home/travis/build/icyphy/ptII/lib/rsyntaxtextarea-2.6.0-SNAPSHOT.jar:/home/travis/build/icyphy/ptII/lib/hazelcast-3.8.2.jar:/home/travis/build/icyphy/ptII/lib/jackson-annotations-2.9.0.jar:/home/travis/build/icyphy/ptII/lib/jackson-core-2.9.3.jar:/home/travis/build/icyphy/ptII/lib/jackson-databind-2.9.3.jar:/home/travis/build/icyphy/ptII/lib/netty-buffer-4.1.19.Final.jar:/home/travis/build/icyphy/ptII/lib/netty-codec-4.1.19.Final.jar:/home/travis/build/icyphy/ptII/lib/netty-codec-dns-4.1.19.Final.jar:/home/travis/build/icyphy/ptII/lib/netty-codec-http-4.1.19.Final.jar:/home/travis/build/icyphy/ptII/lib/netty-codec-http2-4.1.19.Final.jar:/home/travis/build/icyphy/ptII/lib/netty-common-4.1.19.Final.jar:/home/travis/build/icyphy/ptII/lib/netty-handler-4.1.19.Final.jar:/home/travis/build/icyphy/ptII/lib/netty-resolver-4.1.19.Final.jar:/home/travis/build/icyphy/ptII/lib/netty-resolver-dns-4.1.19.Final.jar:/home/travis/build/icyphy/ptII/lib/netty-transport-4.1.19.Final.jar:/home/travis/build/icyphy/ptII/lib/vertx-codegen-3.5.1.jar:/home/travis/build/icyphy/ptII/lib/vertx-core-3.5.2-SNAPSHOT.jar:/home/travis/build/icyphy/ptII/lib/vertx-hazelcast-3.5.1.jar:/home/travis/build/icyphy/ptII/lib/vertx-lang-js-3.5.1.jar:/home/travis/build/icyphy/ptII/lib/vertx-service-proxy-3.5.1.jar:/home/travis/build/icyphy/ptII/lib/vertx-web-3.5.1.jar:/home/travis/build/icyphy/ptII/lib/slf4j-api-1.7.13.jar:/home/travis/build/icyphy/ptII/lib/slf4j-simple-1.7.13.jar:/home/travis/build/icyphy/ptII/lib/webcam-capture-0.3.12.jar:/home/travis/build/icyphy/ptII/lib/bridj-0.7.0.jar:/home/travis/build/icyphy/ptII/lib/xbjlib-1.1.0.nrjavaserial.jar" />
    <property name="timeout" value="2400000" />
    <property name="test.batch" value="**/junit/*.java" />
    <property name="env._" value="/usr/bin/timeout" />
    <property name="java.io.tmpdir" value="/tmp" />
    <property name="user.language" value="en" />
    <property name="env.TRAVIS_INTERNAL_RUBY_REGEX" value="^ruby-(2\.[0-4]\.[0-9]|1\.9\.3)" />
    <property name="env.HISTCONTROL" value="ignoredups:ignorespace" />
    <property name="env.GOROOT" value="/home/travis/.gimme/versions/go1.11.1.linux.amd64" />
    <property name="line.separator" value="&#xa;" />
    <property name="target" value="11" />
    <property name="env.TRAVIS_BUILD_DIR" value="/home/travis/build/icyphy/ptII" />
    <property name="env.ANT_OPTS" value="-Xmx2048m" />
    <property name="ant.file.type" value="file" />
    <property name="ptolemy.ptII.batchMode" value="true" />
    <property name="env.HISTSIZE" value="1000" />
    <property name="env.MERB_ENV" value="test" />
    <property name="java.vm.info" value="mixed mode" />
    <property name="source" value="11" />
    <property name="java.vm.specification.name" value="Java Virtual Machine Specification" />
    <property name="env.TRAVIS_TEST_RESULT" value="0" />
    <property name="jsdoc.command" value="node_modules/@terraswarm/jsdoc/jsdoc.js" />
    <property name="npm.works" value="true" />
    <property name="cobertura.dir" value="/home/travis/build/icyphy/ptII/vendors/cobertura-2.0.3" />
    <property name="jsdoc.command.exists" value="true" />
    <property name="env.rvm_path" value="/home/travis/.rvm" />
    <property name="env.GEM_PATH" value="/home/travis/.rvm/gems/ruby-2.5.3:/home/travis/.rvm/gems/ruby-2.5.3@global" />
    <property name="env.LC_CTYPE" value="en_US.UTF-8" />
    <property name="env.TRAVIS_CMD" value="$PTII/bin/ptIITravisBuild.sh $SECONDS" />
    <property name="java.awt.printerjob" value="sun.print.PSPrinterJob" />
    <property name="env.TRAVIS_STACK_NAME" value="sardonyx" />
    <property name="env.TRAVIS_TIMER_START_TIME" value="1568957757248281129" />
    <property name="ant.version" value="Apache Ant(TM) version 1.10.1 compiled on February 2 2017" />
    <property name="ptII.reports" value="/home/travis/build/icyphy/ptII/reports" />
    <property name="env.TRAVIS_STACK_TIMESTAMP" value="2019-03-25 16:16:56 UTC" />
    <property name="ant.file.type.ptII" value="file" />
    <property name="env.RBENV_SHELL" value="bash" />
    <property name="os.name" value="Linux" />
    <property name="java.specification.vendor" value="Oracle Corporation" />
    <property name="env.rvm_version" value="1.29.7 (latest)" />
    <property name="env.TRAVIS_INFRA" value="unknown" />
    <property name="env.TERM" value="xterm" />
    <property name="java.vm.name" value="OpenJDK 64-Bit Server VM" />
    <property name="env.TRAVIS_BUILD_NUMBER" value="1335" />
    <property name="env.CI" value="true" />
    <property name="java.library.path" value="/home/travis/pthla/certi-tools/lib:/usr/lib/jni:/usr/local/share/OpenCV/java/:/usr/share/OpenCV/java::/usr/java/packages/lib:/usr/lib64:/lib64:/lib:/usr/lib" />
    <property name="jdk.module.path" value="/home/travis/build/icyphy/ptII/vendors/javafx/javafx-sdk-11.0.2/lib:" />
    <property name="env.rvm_prefix" value="/home/travis" />
    <property name="env.PATH" value="/home/travis/pthla/certi-tools/share/scripts:/home/travis/.rvm/gems/ruby-2.5.3/bin:/home/travis/.rvm/gems/ruby-2.5.3@global/bin:/home/travis/.rvm/rubies/ruby-2.5.3/bin:/home/travis/.rvm/bin:/home/travis/.nvm/versions/node/v7.10.1/bin:./node_modules/.bin:/home/travis/build/icyphy/ptII/bin:/home/travis/pthla/certi-tools/bin:/home/travis/bin:/home/travis/.local/bin:/usr/local/lib/jvm/openjdk11/bin:/opt/pyenv/shims:/home/travis/.phpenv/shims:/home/travis/perl5/perlbrew/bin:/home/travis/gopath/bin:/home/travis/.gimme/versions/go1.11.1.linux.amd64/bin:/usr/local/maven-3.6.0/bin:/usr/local/cmake-3.12.4/bin:/usr/local/clang-7.0.0/bin:/usr/local/sbin:/usr/local/bin:/usr/sbin:/usr/bin:/sbin:/bin:/snap/bin:/home/travis/.phpenv/bin:/opt/pyenv/bin:/home/travis/.yarn/bin" />
    <property name="env.TRAVIS_OS_NAME" value="linux" />
    <property name="ant.java.version" value="9" />
    <property name="basedir" value="/home/travis/build/icyphy/ptII" />
    <property name="java.class.version" value="55.0" />
    <property name="env.SHLVL" value="3" />
    <property name="env.LD_LIBRARY_PATH" value="/home/travis/pthla/certi-tools/lib:/usr/lib/jni:/usr/local/share/OpenCV/java/:/usr/share/OpenCV/java:" />
    <property name="env.RACK_ENV" value="test" />
    <property name="ant.home" value="/home/travis/build/icyphy/ptII/ant" />
    <property name="env.NVM_DIR" value="/home/travis/.nvm" />
    <property name="env.CERTI_FOM_PATH" value="/home/travis/pthla/certi-tools/share/federations" />
    <property name="env.TRAVIS_BUILD_ID" value="587318892" />
    <property name="env.PYENV_ROOT" value="/opt/pyenv" />
    <property name="env.TRAVIS_UID" value="2000" />
    <property name="prism.verbose" value="true" />
    <property name="env.NVM_BIN" value="/home/travis/.nvm/versions/node/v7.10.1/bin" />
    <property name="env.TRAVIS_COMMIT" value="1691c4a63a7f6e8f7441362a7c71a7ee30ba8bb1" />
    <property name="env._system_arch" value="x86_64" />
    <property name="node.executable" value="node" />
    <property name="sun.boot.library.path" value="/usr/local/lib/jvm/openjdk11/lib" />
    <property name="sun.management.compiler" value="HotSpot 64-Bit Tiered Compilers" />
    <property name="java.awt.graphicsenv" value="sun.awt.X11GraphicsEnvironment" />
    <property name="env.GOPATH" value="/home/travis/gopath" />
    <property name="ptolemy.ptII.dir" value="/home/travis/build/icyphy/ptII" />
    <property name="env.USER" value="travis" />
    <property name="env.HISTFILESIZE" value="2000" />
    <property name="timeout.longest" value="19000000" />
    <property name="env.PERLBREW_SHELLRC_VERSION" value="0.86" />
    <property name="env.TRAVIS_STACK_FEATURES" value="basic couchdb disabled-ipv6 docker docker-compose elasticsearch firefox go-toolchain google-chrome jdk memcached mongodb mysql nodejs_interpreter perl_interpreter perlbrew phantomjs postgresql python_interpreter redis ruby_interpreter sqlite xserver" />
    <property name="env.TRAVIS_PULL_REQUEST" value="false" />
    <property name="env.PYENV_SHELL" value="bash" />
    <property name="ant.project.name" value="ptII" />
    <property name="env.ANSI_RESET" value="\033[0m" />
    <property name="java.vm.specification.version" value="11" />
    <property name="env.TRAVIS_DIST" value="xenial" />
    <property name="env.CERTI_VERSION" value="4.0.0" />
    <property name="env.CERTI_HOST" value="localhost" />
    <property name="awt.toolkit" value="sun.awt.X11.XToolkit" />
    <property name="env.MY_RUBY_HOME" value="/home/travis/.rvm/rubies/ruby-2.5.3" />
    <property name="sun.cpu.isalist" value="" />
    <property name="env.TRAVIS_TMPDIR" value="/tmp/tmp.FXlHbn6YRz" />
    <property name="java.vm.compressedOopsMode" value="Zero based" />
    <property name="os.version" value="4.15.0-1028-gcp" />
    <property name="user.home" value="/home/travis" />
    <property name="java.vm.vendor" value="Oracle Corporation" />
    <property name="env.TRAVIS_TAG" value="nightly" />
    <property name="env.ANSI_YELLOW" value="\033[33;1m" />
    <property name="env.TRAVIS_FILTERED" value="redirect_io" />
    <property name="env.ANSI_GREEN" value="\033[32;1m" />
    <property name="env.JAVA_HOME" value="/usr/local/lib/jvm/openjdk11" />
    <property name="javadoc.excludepackagenames" value="adm.cvs2svn.*,build.*,config.*,doc.coding.templates.*,jni.test.jni.meaningOfLife.*,jni.test.jni.testDeux.*,jni.test.jni.testTrois.*,org.terraswarm.accessor.accessors.web.node_modules.*,org.terraswarm.accessor.accessors.web.hosts.cordova.demo.*,org.terraswarm.accessor.accessors.web.hosts.cordova.plugins.*,org.terraswarm.accessor.accessors-svn.*,pt-modules.*,ptolemy.apps.agilent.*,ptolemy.apps.anytimecontrol.*,ptolemy.apps.apes.*,ptolemy.apps.charon.*,ptolemy.apps.crazyboard.*,ptolemy.apps.eclipse.*,ptolemy.apps.etherealSting.*,ptolemy.apps.fullscreen.*,ptolemy.apps.giotto.*,ptolemy.apps.ia.*,ptolemy.apps.interfaces.*,ptolemy.apps.jmf.*,ptolemy.apps.kurt.*,ptolemy.apps.kvm.*,ptolemy.apps.lego.*,ptolemy.apps.lejos.*,ptolemy.apps.midp.*,ptolemy.apps.mobileCoding.*,ptolemy.apps.pendulum.*,ptolemy.apps.rijndael.*,ptolemy.apps.robot.*,ptolemy.apps.security.*,ptolemy.apps.sobel.*,ptolemy.apps.soot.*,ptolemy.apps.throttle.*,ptolemy.apps.tini.*,ptolemy.apps.transmission.*,ptolemy.apps.vergil.*,ptolemy.apps.waba.*,ptolemy.apps.websensor.*,ptolemy.apps.webstart.*,ptolemy.apps.xsl.*,ptolemy.apps.zaurus.*,ptolemy.codegen.c.actor.lib.oldJavaFiles.*,ptolemy.codegen.dsp.lib.*,ptolemy.codegen.kernel.newInterfaces.*,ptolemy.codegen.lib.*,ptolemy.copernicus.kernel.fragment.*,ptolemy.copernicus.shallow.cg.*,ptolemy.domains.giotto.demo.Hierarchy.Hierarchy.*,ptolemy.domains.giotto.demo.Multimode.Multimode.*,ptolemy.domains.giotto.demo.Simple.Simple.*,ptolemy.domains.gr.lib.experimental.*,ptolemy.domains.gro.*,ptolemy.domains.pdf.*,ptolemy.domains.ptinyos.demo.Surge.output.*,ptolemy.moml.test.NoPackageActor.java*,ptolemy.plot.adm.*,ptolemy.plot.servlet.*,reports.*,signed.*,src.*,target.*,vendors.*,ptolemy.copernicus.applet.*,ptolemy.media.viewer.*,ptolemy.actor.corba.*,doc.doclets.*,ptolemy.apps.eclipse.awt.*,ptolemy.backtrack.*,ptolemy.backtrack.ast.*,ptolemy.cg.adapter.generic.program.procedural.c.mbed*,ptolemy.homer.*,ptolemy.actor.lib.jai.*,org.ptolemy.scala.*,diva.util.java2d.svg.*,ptolemy.domains.ptinyos.*,ptolemy.actor.lib.fmi.fmipp.*,,org.terraswarm.accessor.accessors.web.node_modules.*,org.terraswarm.accessor.accessors-svn,ptolemy.apps.*,ptolemy.actor.ptalon.demo.ptinyos.SendAndReceiveCnt.output,ptolemy.actor.ptalon.demo.ptinyos.SenseToLeds.output,ptolemy.domains.ptinyos.demo.CntToLedsAndRfm.output,ptolemy.domains.ptinyos.demo.RfmToLeds.output,ptolemy.domains.ptinyos.demo.SendAndReceiveCnt.output,ptolemy.domains.ptinyos.demo.SenseToLeds.output,ptolemy.actor.lib.jjs.modules.udpSocket.*" />
    <property name="env.PTII" value="/home/travis/build/icyphy/ptII" />
    <property name="env.XDG_SESSION_ID" value="2" />
    <property name="keystore" value="ptKeystore" />
    <property name="env.TRAVIS_COMMIT_MESSAGE" value="Use --release 8 instead of -target 8 -release 8 because --release 8 includes -target 8." />
    <property name="junit.output.dir" value="/home/travis/build/icyphy/ptII/reports/junit" />
    <property name="npm.return.code" value="0" />
    <property name="user.dir" value="/home/travis/build/icyphy/ptII/ptolemy/actor/lib/test" />
    <property name="env.TRAVIS_NODE_VERSION" value="7" />
    <property name="env.TRAVIS_EVENT_TYPE" value="cron" />
    <property name="env.MAIL" value="/var/mail/travis" />
    <property name="env.PERLBREW_ROOT" value="/home/travis/perl5/perlbrew" />
    <property name="env.PWD" value="/home/travis/build/icyphy/ptII" />
    <property name="timeout.npm" value="45000" />
    <property name="env.TRAVIS_ARCH" value="amd64" />
    <property name="sun.cpu.endian" value="little" />
    <property name="env.PAGER" value="cat" />
    <property name="env.TRAVIS_BUILD_STAGE_NAME" value="Test" />
    <property name="env.PERLBREW_HOME" value="/home/travis/.perlbrew" />
    <property name="java.vm.version" value="11.0.2+9" />
    <property name="env.RAILS_ENV" value="test" />
    <property name="java.class.path" value="/home/travis/.ptolemyII:/home/travis/.ptolemyII/*:/home/travis/build/icyphy/ptII:/home/travis/build/icyphy/ptII/lib/bsh-2.0b4.jar:/home/travis/build/icyphy/ptII/lib/ptCal.jar:/home/travis/build/icyphy/ptII/lib/java_cup.jar:/home/travis/build/icyphy/ptII/lib/saxon8.jar:/home/travis/build/icyphy/ptII/lib/saxon8-dom.jar:/home/travis/build/icyphy/ptII/lib/chic.jar:/home/travis/build/icyphy/ptII/lib/ptcolt.jar:/home/travis/build/icyphy/ptII/vendors/misc/itext/iText.jar:/home/travis/build/icyphy/ptII/lib/g4ltl.jar:/home/travis/build/icyphy/ptII/lib/StructuralCoder.jar:/home/travis/build/icyphy/ptII/lib/jcerti.jar:/home/travis/build/icyphy/ptII/lib/javax.mail.jar:/home/travis/build/icyphy/ptII/vendors/JMF-2.1.1e/lib/jmf.jar:/home/travis/build/icyphy/ptII/lib/jna-4.0.0-variadic.jar:/home/travis/build/icyphy/ptII/vendors/misc/joystick/Joystick.jar:/home/travis/build/icyphy/ptII/lib/ptjacl.jar:/home/travis/build/icyphy/ptII/lib/jsoup-1.8.2.jar:/home/travis/build/icyphy/ptII/lib/junit-4.8.2.jar:/home/travis/build/icyphy/ptII/lib/JUnitParams-0.4.0.jar:/home/travis/build/icyphy/ptII/ptolemy/actor/lib/excel/jxl.jar:/home/travis/build/icyphy/ptII/lib/jython.jar:/home/travis/build/icyphy/ptII/lib/kieler.jar:/home/travis/build/icyphy/ptII/vendors/opencv/share/OpenCV/java/opencv-341.jar:/home/travis/build/icyphy/ptII/lib/oscP5.jar:/home/travis/build/icyphy/ptII/lib/nrjavaserial-3.11.0.devel.jar:/home/travis/build/icyphy/ptII/vendors/j3d/lib/Linux/j3dcore.jar:/home/travis/build/icyphy/ptII/vendors/j3d/lib/Linux/j3dutils.jar:/home/travis/build/icyphy/ptII/vendors/j3d/lib/Linux/vecmath.jar:/home/travis/build/icyphy/ptII/vendors/jogl/lib/Linux/gluegen-rt-natives-linux-amd64.jar:/home/travis/build/icyphy/ptII/vendors/jogl/lib/Linux/gluegen-rt.jar:/home/travis/build/icyphy/ptII/vendors/jogl/lib/Linux/jogl-all-natives-linux-amd64.jar:/home/travis/build/icyphy/ptII/vendors/jogl/lib/Linux/jogl-all.jar:/home/travis/build/icyphy/ptII/ptolemy/distributed/jini/jar/jini-core.jar:/home/travis/build/icyphy/ptII/ptolemy/distributed/jini/jar/jini-ext.jar:/home/travis/build/icyphy/ptII/ptolemy/distributed/jini/jar/sun-util.jar:/home/travis/build/icyphy/ptII/lib/protobuf-java-2.4.1.jar:/home/travis/build/icyphy/ptII/lib/org.eclipse.paho.client.mqttv3.jar:/home/travis/build/icyphy/ptII/lib/mapss.jar:/home/travis/build/icyphy/ptII/ptolemy/actor/ptalon/antlr/antlr.jar:/home/travis/build/icyphy/ptII/lib/JRI.jar:/home/travis/build/icyphy/ptII/lib/commons-lang-2.6.jar:/home/travis/build/icyphy/ptII/lib/commons-logging-1.1.1.jar:/home/travis/build/icyphy/ptII/lib/sootclasses.jar:/home/travis/build/icyphy/ptII/ptolemy/actor/lib/database/mysql-connector-java-5.1.6-bin.jar:/home/travis/build/icyphy/ptII/vendors/misc/sphinx4/sphinx4-data-5prealpha.jar:/home/travis/build/icyphy/ptII/vendors/misc/sphinx4/sphinx4-core-5prealpha.jar:/home/travis/build/icyphy/ptII/lib/PDFRenderer.jar:/home/travis/build/icyphy/ptII/lib/svgSalamander.jar:/home/travis/build/icyphy/ptII/lib/rsyntaxtextarea-2.6.0-SNAPSHOT.jar:/home/travis/build/icyphy/ptII/lib/hazelcast-3.8.2.jar:/home/travis/build/icyphy/ptII/lib/jackson-annotations-2.9.0.jar:/home/travis/build/icyphy/ptII/lib/jackson-core-2.9.3.jar:/home/travis/build/icyphy/ptII/lib/jackson-databind-2.9.3.jar:/home/travis/build/icyphy/ptII/lib/netty-buffer-4.1.19.Final.jar:/home/travis/build/icyphy/ptII/lib/netty-codec-4.1.19.Final.jar:/home/travis/build/icyphy/ptII/lib/netty-codec-dns-4.1.19.Final.jar:/home/travis/build/icyphy/ptII/lib/netty-codec-http-4.1.19.Final.jar:/home/travis/build/icyphy/ptII/lib/netty-codec-http2-4.1.19.Final.jar:/home/travis/build/icyphy/ptII/lib/netty-common-4.1.19.Final.jar:/home/travis/build/icyphy/ptII/lib/netty-handler-4.1.19.Final.jar:/home/travis/build/icyphy/ptII/lib/netty-resolver-4.1.19.Final.jar:/home/travis/build/icyphy/ptII/lib/netty-resolver-dns-4.1.19.Final.jar:/home/travis/build/icyphy/ptII/lib/netty-transport-4.1.19.Final.jar:/home/travis/build/icyphy/ptII/lib/vertx-codegen-3.5.1.jar:/home/travis/build/icyphy/ptII/lib/vertx-core-3.5.2-SNAPSHOT.jar:/home/travis/build/icyphy/ptII/lib/vertx-hazelcast-3.5.1.jar:/home/travis/build/icyphy/ptII/lib/vertx-lang-js-3.5.1.jar:/home/travis/build/icyphy/ptII/lib/vertx-service-proxy-3.5.1.jar:/home/travis/build/icyphy/ptII/lib/vertx-web-3.5.1.jar:/home/travis/build/icyphy/ptII/lib/slf4j-api-1.7.13.jar:/home/travis/build/icyphy/ptII/lib/slf4j-simple-1.7.13.jar:/home/travis/build/icyphy/ptII/lib/webcam-capture-0.3.12.jar:/home/travis/build/icyphy/ptII/lib/bridj-0.7.0.jar:/home/travis/build/icyphy/ptII/lib/xbjlib-1.1.0.nrjavaserial.jar:/home/travis/build/icyphy/ptII/ptolemy/moml/test:/home/travis/build/icyphy/ptII/ant/lib/ant-launcher.jar:/home/travis/build/icyphy/ptII/ant/lib/ant.jar:/home/travis/build/icyphy/ptII/ant/lib/ant-junit.jar:/home/travis/build/icyphy/ptII/ant/lib/ant-junit4.jar" />
    <property name="ant.library.dir" value="/home/travis/build/icyphy/ptII/ant/lib" />
    <property name="os.arch" value="amd64" />
    <property name="env.CONTINUOUS_INTEGRATION" value="true" />
    <property name="env.TRAVIS_LANGUAGE" value="node_js" />
    <property name="env.TRAVIS_STACK_LANGUAGES" value="__sardonyx__ c c++ clojure cplusplus cpp default generic go groovy java node_js php pure_java python ruby scala" />
    <property name="test.name" value="ptolemy.actor.lib.test.junit.JUnitTclTest" />
    <property name="env.APT_KEY_DONT_WARN_ON_DANGEROUS_USAGE" value="1" />
    <property name="sun.java.launcher" value="SUN_STANDARD" />
    <property name="env.PYTHON_CONFIGURE_OPTS" value="--enable-unicode=ucs4 --with-wide-unicode --enable-shared --enable-ipv6 --enable-loadable-sqlite-extensions --with-computed-gotos" />
    <property name="ant.core.lib" value="/home/travis/build/icyphy/ptII/ant/lib/ant.jar" />
    <property name="java.vm.specification.vendor" value="Oracle Corporation" />
    <property name="env.BCVTB_HOME" value="/home/travis/build/icyphy/ptII/lbnl" />
    <property name="file.separator" value="/" />
    <property name="spotbugs.home" value="/home/travis/build/icyphy/ptII/vendors/spotbugs-3.1.1" />
    <property name="java.runtime.version" value="11.0.2+9" />
    <property name="env.ANSI_CLEAR" value="\033[0K" />
    <property name="javafx.verbose" value="true" />
    <property name="env.HAS_JOSH_K_SEAL_OF_APPROVAL" value="true" />
    <property name="env.XDG_RUNTIME_DIR" value="/run/user/2000" />
    <property name="env.TRAVIS_OSX_IMAGE" value="" />
    <property name="env.TRAVIS_JOB_ID" value="587318900" />
    <property name="env.TRAVIS_BRANCH" value="master" />
    <property name="user.country" value="US" />
    <property name="env.CERTI_HOME_TRAVIS" value="/home/travis/pthla/certi-tools" />
    <property name="env.SHELL" value="/bin/bash" />
    <property name="java.maxmemory.large" value="3200m" />
    <property name="model" value="" />
    <property name="env.CASHER_DIR" value="/home/travis/.casher" />
    <property name="env.NVM_CD_FLAGS" value="" />
    <property name="java.vendor.version" value="18.9" />
    <property name="jshint.executable" value="/home/travis/node_modules/jshint/bin/jshint" />
    <property name="env.JRUBY_OPTS" value=" --client -J-XX:+TieredCompilation -J-XX:TieredStopAtLevel=1 -J-Xss2m -Xcompile.invokedynamic=false" />
    <property name="java.vendor" value="Oracle Corporation" />
    <property name="env.TRAVIS_PRE_CHEF_BOOTSTRAP_TIME" value="2019-03-25T16:16:42" />
    <property name="env.TRAVIS_STACK_JOB_BOARD_REGISTER" value="/.job-board-register.yml" />
    <property name="env.ANSI_RED" value="\033[31;1m" />
    <property name="java.specification.version" value="11" />
    <property name="env.IRBRC" value="/home/travis/.rvm/rubies/ruby-2.5.3/.irbrc" />
    <property name="env.TRAVIS" value="true" />
    <property name="sun.arch.data.model" value="64" />
  </properties>
  <testcase classname="ptolemy.util.test.junit.TclTests" name="[0] /home/travis/build/icyphy/ptII/ptolemy/actor/lib/test/AbsoluteValue.tcl (RunTclFile)" time="0.602" />
  <testcase classname="ptolemy.util.test.junit.TclTests" name="[1] /home/travis/build/icyphy/ptII/ptolemy/actor/lib/test/AddSubtract.tcl (RunTclFile)" time="0.214" />
  <testcase classname="ptolemy.util.test.junit.TclTests" name="[2] /home/travis/build/icyphy/ptII/ptolemy/actor/lib/test/Average.tcl (RunTclFile)" time="0.083" />
  <testcase classname="ptolemy.util.test.junit.TclTests" name="[3] /home/travis/build/icyphy/ptII/ptolemy/actor/lib/test/Bernoulli.tcl (RunTclFile)" time="0.043" />
  <testcase classname="ptolemy.util.test.junit.TclTests" name="[4] /home/travis/build/icyphy/ptII/ptolemy/actor/lib/test/Clock.tcl (RunTclFile)" time="0.13" />
  <testcase classname="ptolemy.util.test.junit.TclTests" name="[5] /home/travis/build/icyphy/ptII/ptolemy/actor/lib/test/Commutator.tcl (RunTclFile)" time="0.2" />
  <testcase classname="ptolemy.util.test.junit.TclTests" name="[6] /home/travis/build/icyphy/ptII/ptolemy/actor/lib/test/Const.tcl (RunTclFile)" time="0.162" />
  <testcase classname="ptolemy.util.test.junit.TclTests" name="[7] /home/travis/build/icyphy/ptII/ptolemy/actor/lib/test/CurrentTime.tcl (RunTclFile)" time="0.034" />
  <testcase classname="ptolemy.util.test.junit.TclTests" name="[8] /home/travis/build/icyphy/ptII/ptolemy/actor/lib/test/DB.tcl (RunTclFile)" time="0.071" />
  <testcase classname="ptolemy.util.test.junit.TclTests" name="[9] /home/travis/build/icyphy/ptII/ptolemy/actor/lib/test/DiscreteRandomSource.tcl (RunTclFile)" time="0.063" />
  <testcase classname="ptolemy.util.test.junit.TclTests" name="[10] /home/travis/build/icyphy/ptII/ptolemy/actor/lib/test/Distributor.tcl (RunTclFile)" time="0.061" />
  <testcase classname="ptolemy.util.test.junit.TclTests" name="[11] /home/travis/build/icyphy/ptII/ptolemy/actor/lib/test/Exit.tcl (RunTclFile)" time="0.12" />
  <testcase classname="ptolemy.util.test.junit.TclTests" name="[12] /home/travis/build/icyphy/ptII/ptolemy/actor/lib/test/Expression.tcl (RunTclFile)" time="0.121" />
  <testcase classname="ptolemy.util.test.junit.TclTests" name="[13] /home/travis/build/icyphy/ptII/ptolemy/actor/lib/test/Gaussian.tcl (RunTclFile)" time="0.922" />
  <testcase classname="ptolemy.util.test.junit.TclTests" name="[14] /home/travis/build/icyphy/ptII/ptolemy/actor/lib/test/IIR.tcl (RunTclFile)" time="0.024" />
  <testcase classname="ptolemy.util.test.junit.TclTests" name="[15] /home/travis/build/icyphy/ptII/ptolemy/actor/lib/test/Interpolator.tcl (RunTclFile)" time="0.092" />
  <testcase classname="ptolemy.util.test.junit.TclTests" name="[16] /home/travis/build/icyphy/ptII/ptolemy/actor/lib/test/MathFunction.tcl (RunTclFile)" time="0.078" />
  <testcase classname="ptolemy.util.test.junit.TclTests" name="[17] /home/travis/build/icyphy/ptII/ptolemy/actor/lib/test/Maximum.tcl (RunTclFile)" time="0.042" />
  <testcase classname="ptolemy.util.test.junit.TclTests" name="[18] /home/travis/build/icyphy/ptII/ptolemy/actor/lib/test/Minimum.tcl (RunTclFile)" time="0.031" />
  <testcase classname="ptolemy.util.test.junit.TclTests" name="[19] /home/travis/build/icyphy/ptII/ptolemy/actor/lib/test/MultiplyDivide.tcl (RunTclFile)" time="0.046" />
  <testcase classname="ptolemy.util.test.junit.TclTests" name="[20] /home/travis/build/icyphy/ptII/ptolemy/actor/lib/test/OrderedMerge.tcl (RunTclFile)" time="0.126" />
  <testcase classname="ptolemy.util.test.junit.TclTests" name="[21] /home/travis/build/icyphy/ptII/ptolemy/actor/lib/test/Publisher.tcl (RunTclFile)" time="0.873" />
  <testcase classname="ptolemy.util.test.junit.TclTests" name="[22] /home/travis/build/icyphy/ptII/ptolemy/actor/lib/test/Pulse.tcl (RunTclFile)" time="0.064" />
  <testcase classname="ptolemy.util.test.junit.TclTests" name="[23] /home/travis/build/icyphy/ptII/ptolemy/actor/lib/test/Ramp.tcl (RunTclFile)" time="2.368" />
  <testcase classname="ptolemy.util.test.junit.TclTests" name="[24] /home/travis/build/icyphy/ptII/ptolemy/actor/lib/test/RampContinuous.tcl (RunTclFile)" time="0.03" />
  <testcase classname="ptolemy.util.test.junit.TclTests" name="[25] /home/travis/build/icyphy/ptII/ptolemy/actor/lib/test/RecordAssembler.tcl (RunTclFile)" time="0.017" />
  <testcase classname="ptolemy.util.test.junit.TclTests" name="[26] /home/travis/build/icyphy/ptII/ptolemy/actor/lib/test/RecordDisassembler.tcl (RunTclFile)" time="0.033" />
  <testcase classname="ptolemy.util.test.junit.TclTests" name="[27] /home/travis/build/icyphy/ptII/ptolemy/actor/lib/test/Scale.tcl (RunTclFile)" time="0.032" />
  <testcase classname="ptolemy.util.test.junit.TclTests" name="[28] /home/travis/build/icyphy/ptII/ptolemy/actor/lib/test/SequentialClock.tcl (RunTclFile)" time="0.016" />
  <testcase classname="ptolemy.util.test.junit.TclTests" name="[29] /home/travis/build/icyphy/ptII/ptolemy/actor/lib/test/SetVariable.tcl (RunTclFile)" time="0.046">
    <failure message="Number of failed tests is has increased. expected:&lt;0&gt; but was:&lt;1&gt;" type="junit.framework.AssertionFailedError">junit.framework.AssertionFailedError: Number of failed tests is has increased. expected:&lt;0&gt; but was:&lt;1&gt;
	at ptolemy.util.test.junit.TclTests.RunTclFile(TclTests.java:286)
	at jdk.internal.reflect.GeneratedMethodAccessor19.invoke(Unknown Source)
	at java.base/jdk.internal.reflect.DelegatingMethodAccessorImpl.invoke(DelegatingMethodAccessorImpl.java:43)
	at junitparams.internal.InvokeParameterisedMethod.evaluate(InvokeParameterisedMethod.java:102)
	at junitparams.internal.ParameterisedTestMethodRunner.runMethodInvoker(ParameterisedTestMethodRunner.java:47)
	at junitparams.internal.ParameterisedTestMethodRunner.runTestMethod(ParameterisedTestMethodRunner.java:41)
	at junitparams.internal.ParameterisedTestClassRunner.runParameterisedTest(ParameterisedTestClassRunner.java:143)
	at junitparams.JUnitParamsRunner.runChild(JUnitParamsRunner.java:237)
	at junitparams.JUnitParamsRunner.runChild(JUnitParamsRunner.java:215)
</failure>
  </testcase>
  <testcase classname="ptolemy.util.test.junit.TclTests" name="[30] /home/travis/build/icyphy/ptII/ptolemy/actor/lib/test/Sinewave.tcl (RunTclFile)" time="0.1" />
  <testcase classname="ptolemy.util.test.junit.TclTests" name="[31] /home/travis/build/icyphy/ptII/ptolemy/actor/lib/test/SubscriptionAggregator.tcl (RunTclFile)" time="2.223" />
  <testcase classname="ptolemy.util.test.junit.TclTests" name="[32] /home/travis/build/icyphy/ptII/ptolemy/actor/lib/test/Test.tcl (RunTclFile)" time="0.073" />
  <testcase classname="ptolemy.util.test.junit.TclTests" name="[33] /home/travis/build/icyphy/ptII/ptolemy/actor/lib/test/TestExceptionHandler.tcl (RunTclFile)" time="0.01" />
  <testcase classname="ptolemy.util.test.junit.TclTests" name="[34] /home/travis/build/icyphy/ptII/ptolemy/actor/lib/test/UnionDisassembler.tcl (RunTclFile)" time="0.047" />
  <testcase classname="ptolemy.util.test.junit.TclTests" name="[35] /home/travis/build/icyphy/ptII/ptolemy/actor/lib/test/VariableClock.tcl (RunTclFile)" time="0.015" />
  <testcase classname="ptolemy.util.test.junit.AutoKnownFailedTests" name="[0] /home/travis/build/icyphy/ptII/ptolemy/actor/lib/test/auto/knownFailedTests/PublisherPortToplevelSubscriber.xml (RunModel)" time="0.027" />
  <testcase classname="ptolemy.util.test.junit.AutoKnownFailedTests" name="[1] /home/travis/build/icyphy/ptII/ptolemy/actor/lib/test/auto/knownFailedTests/PublisherSubscriberPortToplevel.xml (RunModel)" time="0.025" />
  <testcase classname="ptolemy.util.test.junit.AutoKnownFailedTests" name="[2] /home/travis/build/icyphy/ptII/ptolemy/actor/lib/test/auto/knownFailedTests/PublisherSubscriptionAggregatorPort.xml (RunModel)" time="0.023" />
  <testcase classname="ptolemy.util.test.junit.AutoKnownFailedTests" name="[3] /home/travis/build/icyphy/ptII/ptolemy/actor/lib/test/auto/knownFailedTests/sizedarray3.xml (RunModel)" time="0.029" />
  <testcase classname="ptolemy.util.test.junit.AutoNameArchTests" name="[0] ThereAreNoAutoArchTests (RunModel)" time="0.005" />
  <testcase classname="ptolemy.util.test.junit.AutoTests" name="[0] /home/travis/build/icyphy/ptII/ptolemy/actor/lib/test/auto/AbsoluteValue.xml (RunModel)" time="0.207" />
  <testcase classname="ptolemy.util.test.junit.AutoTests" name="[1] /home/travis/build/icyphy/ptII/ptolemy/actor/lib/test/auto/AbsoluteValue2.xml (RunModel)" time="0.028" />
  <testcase classname="ptolemy.util.test.junit.AutoTests" name="[2] /home/travis/build/icyphy/ptII/ptolemy/actor/lib/test/auto/Accumulator.xml (RunModel)" time="0.028" />
  <testcase classname="ptolemy.util.test.junit.AutoTests" name="[3] /home/travis/build/icyphy/ptII/ptolemy/actor/lib/test/auto/Accumulator2.xml (RunModel)" time="0.027" />
  <testcase classname="ptolemy.util.test.junit.AutoTests" name="[4] /home/travis/build/icyphy/ptII/ptolemy/actor/lib/test/auto/Accumulator3.xml (RunModel)" time="0.043" />
  <testcase classname="ptolemy.util.test.junit.AutoTests" name="[5] /home/travis/build/icyphy/ptII/ptolemy/actor/lib/test/auto/ArrayAppend.xml (RunModel)" time="0.062" />
  <testcase classname="ptolemy.util.test.junit.AutoTests" name="[6] /home/travis/build/icyphy/ptII/ptolemy/actor/lib/test/auto/ArrayAppend2.xml (RunModel)" time="0.377" />
  <testcase classname="ptolemy.util.test.junit.AutoTests" name="[7] /home/travis/build/icyphy/ptII/ptolemy/actor/lib/test/auto/ArrayAppend3.xml (RunModel)" time="0.025" />
  <testcase classname="ptolemy.util.test.junit.AutoTests" name="[8] /home/travis/build/icyphy/ptII/ptolemy/actor/lib/test/auto/ArrayAppend4.xml (RunModel)" time="0.028" />
  <testcase classname="ptolemy.util.test.junit.AutoTests" name="[9] /home/travis/build/icyphy/ptII/ptolemy/actor/lib/test/auto/ArrayAppend5.xml (RunModel)" time="0.023" />
  <testcase classname="ptolemy.util.test.junit.AutoTests" name="[10] /home/travis/build/icyphy/ptII/ptolemy/actor/lib/test/auto/ArrayAppend6.xml (RunModel)" time="0.022" />
  <testcase classname="ptolemy.util.test.junit.AutoTests" name="[11] /home/travis/build/icyphy/ptII/ptolemy/actor/lib/test/auto/ArrayAppendPerformanceTest.xml (RunModel)" time="0.064" />
  <testcase classname="ptolemy.util.test.junit.AutoTests" name="[12] /home/travis/build/icyphy/ptII/ptolemy/actor/lib/test/auto/ArrayAppendWithEmptyInput.xml (RunModel)" time="0.061" />
  <testcase classname="ptolemy.util.test.junit.AutoTests" name="[13] /home/travis/build/icyphy/ptII/ptolemy/actor/lib/test/auto/ArrayAverage.xml (RunModel)" time="0.067" />
  <testcase classname="ptolemy.util.test.junit.AutoTests" name="[14] /home/travis/build/icyphy/ptII/ptolemy/actor/lib/test/auto/ArrayContains.xml (RunModel)" time="0.05" />
  <testcase classname="ptolemy.util.test.junit.AutoTests" name="[15] /home/travis/build/icyphy/ptII/ptolemy/actor/lib/test/auto/ArrayElement.xml (RunModel)" time="0.039" />
  <testcase classname="ptolemy.util.test.junit.AutoTests" name="[16] /home/travis/build/icyphy/ptII/ptolemy/actor/lib/test/auto/ArrayElementAsMatrix.xml (RunModel)" time="0.052" />
  <testcase classname="ptolemy.util.test.junit.AutoTests" name="[17] /home/travis/build/icyphy/ptII/ptolemy/actor/lib/test/auto/ArrayElementI.xml (RunModel)" time="0.094" />
  <testcase classname="ptolemy.util.test.junit.AutoTests" name="[18] /home/travis/build/icyphy/ptII/ptolemy/actor/lib/test/auto/ArrayExtract.xml (RunModel)" time="0.039" />
  <testcase classname="ptolemy.util.test.junit.AutoTests" name="[19] /home/travis/build/icyphy/ptII/ptolemy/actor/lib/test/auto/ArrayExtract2.xml (RunModel)" time="0.018" />
  <testcase classname="ptolemy.util.test.junit.AutoTests" name="[20] /home/travis/build/icyphy/ptII/ptolemy/actor/lib/test/auto/ArrayLength.xml (RunModel)" time="0.025" />
  <testcase classname="ptolemy.util.test.junit.AutoTests" name="[21] /home/travis/build/icyphy/ptII/ptolemy/actor/lib/test/auto/ArrayLevelCrossing.xml (RunModel)" time="0.036" />
  <testcase classname="ptolemy.util.test.junit.AutoTests" name="[22] /home/travis/build/icyphy/ptII/ptolemy/actor/lib/test/auto/ArrayLevelCrossing2.xml (RunModel)" time="0.025" />
  <testcase classname="ptolemy.util.test.junit.AutoTests" name="[23] /home/travis/build/icyphy/ptII/ptolemy/actor/lib/test/auto/ArrayPeakSearch.xml (RunModel)" time="0.048" />
  <testcase classname="ptolemy.util.test.junit.AutoTests" name="[24] /home/travis/build/icyphy/ptII/ptolemy/actor/lib/test/auto/ArrayPeakSearch2.xml (RunModel)" time="0.045" />
  <testcase classname="ptolemy.util.test.junit.AutoTests" name="[25] /home/travis/build/icyphy/ptII/ptolemy/actor/lib/test/auto/ArrayPeakSearch3.xml (RunModel)" time="0.042" />
  <testcase classname="ptolemy.util.test.junit.AutoTests" name="[26] /home/travis/build/icyphy/ptII/ptolemy/actor/lib/test/auto/ArrayRemoveElement.xml (RunModel)" time="0.031" />
  <testcase classname="ptolemy.util.test.junit.AutoTests" name="[27] /home/travis/build/icyphy/ptII/ptolemy/actor/lib/test/auto/ArraySort.xml (RunModel)" time="0.038" />
  <testcase classname="ptolemy.util.test.junit.AutoTests" name="[28] /home/travis/build/icyphy/ptII/ptolemy/actor/lib/test/auto/ArraySum.xml (RunModel)" time="0.018" />
  <testcase classname="ptolemy.util.test.junit.AutoTests" name="[29] /home/travis/build/icyphy/ptII/ptolemy/actor/lib/test/auto/ArrayToElements.xml (RunModel)" time="0.023" />
  <testcase classname="ptolemy.util.test.junit.AutoTests" name="[30] /home/travis/build/icyphy/ptII/ptolemy/actor/lib/test/auto/ArrayToMatrix.xml (RunModel)" time="0.064" />
  <testcase classname="ptolemy.util.test.junit.AutoTests" name="[31] /home/travis/build/icyphy/ptII/ptolemy/actor/lib/test/auto/ArrayUpdate1.xml (RunModel)" time="0.026" />
  <testcase classname="ptolemy.util.test.junit.AutoTests" name="[32] /home/travis/build/icyphy/ptII/ptolemy/actor/lib/test/auto/ArrayUpdate2.xml (RunModel)" time="0.023" />
  <testcase classname="ptolemy.util.test.junit.AutoTests" name="[33] /home/travis/build/icyphy/ptII/ptolemy/actor/lib/test/auto/ArrayUpdate3.xml (RunModel)" time="0.016" />
  <testcase classname="ptolemy.util.test.junit.AutoTests" name="[34] /home/travis/build/icyphy/ptII/ptolemy/actor/lib/test/auto/Assert1.xml (RunModel)" time="0.016" />
  <testcase classname="ptolemy.util.test.junit.AutoTests" name="[35] /home/travis/build/icyphy/ptII/ptolemy/actor/lib/test/auto/Assert2.xml (RunModel)" time="0.017" />
  <testcase classname="ptolemy.util.test.junit.AutoTests" name="[36] /home/travis/build/icyphy/ptII/ptolemy/actor/lib/test/auto/BooleanMultiplexor.xml (RunModel)" time="0.02" />
  <testcase classname="ptolemy.util.test.junit.AutoTests" name="[37] /home/travis/build/icyphy/ptII/ptolemy/actor/lib/test/auto/BooleanMultiplexor2.xml (RunModel)" time="0.03" />
  <testcase classname="ptolemy.util.test.junit.AutoTests" name="[38] /home/travis/build/icyphy/ptII/ptolemy/actor/lib/test/auto/BooleanMultiplexor3.xml (RunModel)" time="0.031" />
  <testcase classname="ptolemy.util.test.junit.AutoTests" name="[39] /home/travis/build/icyphy/ptII/ptolemy/actor/lib/test/auto/BooleanSelect.xml (RunModel)" time="0.027" />
  <testcase classname="ptolemy.util.test.junit.AutoTests" name="[40] /home/travis/build/icyphy/ptII/ptolemy/actor/lib/test/auto/BooleanSelect2.xml (RunModel)" time="0.019" />
  <testcase classname="ptolemy.util.test.junit.AutoTests" name="[41] /home/travis/build/icyphy/ptII/ptolemy/actor/lib/test/auto/BooleanSwitch.xml (RunModel)" time="0.025" />
  <testcase classname="ptolemy.util.test.junit.AutoTests" name="[42] /home/travis/build/icyphy/ptII/ptolemy/actor/lib/test/auto/BooleanSwitch2.xml (RunModel)" time="0.014" />
  <testcase classname="ptolemy.util.test.junit.AutoTests" name="[43] /home/travis/build/icyphy/ptII/ptolemy/actor/lib/test/auto/BooleanSwitchCloningBugWithClassRelationGroup.xml (RunModel)" time="0.03" />
  <testcase classname="ptolemy.util.test.junit.AutoTests" name="[44] /home/travis/build/icyphy/ptII/ptolemy/actor/lib/test/auto/BusActors.xml (RunModel)" time="0.048" />
  <testcase classname="ptolemy.util.test.junit.AutoTests" name="[45] /home/travis/build/icyphy/ptII/ptolemy/actor/lib/test/auto/ClassWrapper.xml (RunModel)" time="0.044" />
  <testcase classname="ptolemy.util.test.junit.AutoTests" name="[46] /home/travis/build/icyphy/ptII/ptolemy/actor/lib/test/auto/Clock.xml (RunModel)" time="0.011" />
  <testcase classname="ptolemy.util.test.junit.AutoTests" name="[47] /home/travis/build/icyphy/ptII/ptolemy/actor/lib/test/auto/Clock10.xml (RunModel)" time="0.02" />
  <testcase classname="ptolemy.util.test.junit.AutoTests" name="[48] /home/travis/build/icyphy/ptII/ptolemy/actor/lib/test/auto/Clock11.xml (RunModel)" time="0.02" />
  <testcase classname="ptolemy.util.test.junit.AutoTests" name="[49] /home/travis/build/icyphy/ptII/ptolemy/actor/lib/test/auto/Clock12.xml (RunModel)" time="0.03" />
  <testcase classname="ptolemy.util.test.junit.AutoTests" name="[50] /home/travis/build/icyphy/ptII/ptolemy/actor/lib/test/auto/Clock13.xml (RunModel)" time="0.02" />
  <testcase classname="ptolemy.util.test.junit.AutoTests" name="[51] /home/travis/build/icyphy/ptII/ptolemy/actor/lib/test/auto/Clock14.xml (RunModel)" time="0.023" />
  <testcase classname="ptolemy.util.test.junit.AutoTests" name="[52] /home/travis/build/icyphy/ptII/ptolemy/actor/lib/test/auto/Clock15.xml (RunModel)" time="0.018" />
  <testcase classname="ptolemy.util.test.junit.AutoTests" name="[53] /home/travis/build/icyphy/ptII/ptolemy/actor/lib/test/auto/Clock16.xml (RunModel)" time="0.1" />
  <testcase classname="ptolemy.util.test.junit.AutoTests" name="[54] /home/travis/build/icyphy/ptII/ptolemy/actor/lib/test/auto/Clock17.xml (RunModel)" time="0.078" />
  <testcase classname="ptolemy.util.test.junit.AutoTests" name="[55] /home/travis/build/icyphy/ptII/ptolemy/actor/lib/test/auto/Clock18.xml (RunModel)" time="0.055" />
  <testcase classname="ptolemy.util.test.junit.AutoTests" name="[56] /home/travis/build/icyphy/ptII/ptolemy/actor/lib/test/auto/Clock19.xml (RunModel)" time="0.049" />
  <testcase classname="ptolemy.util.test.junit.AutoTests" name="[57] /home/travis/build/icyphy/ptII/ptolemy/actor/lib/test/auto/Clock2.xml (RunModel)" time="0.019" />
  <testcase classname="ptolemy.util.test.junit.AutoTests" name="[58] /home/travis/build/icyphy/ptII/ptolemy/actor/lib/test/auto/Clock20.xml (RunModel)" time="0.024" />
  <testcase classname="ptolemy.util.test.junit.AutoTests" name="[59] /home/travis/build/icyphy/ptII/ptolemy/actor/lib/test/auto/Clock21.xml (RunModel)" time="0.015" />
  <testcase classname="ptolemy.util.test.junit.AutoTests" name="[60] /home/travis/build/icyphy/ptII/ptolemy/actor/lib/test/auto/Clock22.xml (RunModel)" time="0.019" />
  <testcase classname="ptolemy.util.test.junit.AutoTests" name="[61] /home/travis/build/icyphy/ptII/ptolemy/actor/lib/test/auto/Clock23.xml (RunModel)" time="0.022" />
  <testcase classname="ptolemy.util.test.junit.AutoTests" name="[62] /home/travis/build/icyphy/ptII/ptolemy/actor/lib/test/auto/Clock24.xml (RunModel)" time="0.02" />
  <testcase classname="ptolemy.util.test.junit.AutoTests" name="[63] /home/travis/build/icyphy/ptII/ptolemy/actor/lib/test/auto/Clock4.xml (RunModel)" time="0.017" />
  <testcase classname="ptolemy.util.test.junit.AutoTests" name="[64] /home/travis/build/icyphy/ptII/ptolemy/actor/lib/test/auto/Clock5.xml (RunModel)" time="0.013" />
  <testcase classname="ptolemy.util.test.junit.AutoTests" name="[65] /home/travis/build/icyphy/ptII/ptolemy/actor/lib/test/auto/Clock6.xml (RunModel)" time="0.01" />
  <testcase classname="ptolemy.util.test.junit.AutoTests" name="[66] /home/travis/build/icyphy/ptII/ptolemy/actor/lib/test/auto/Clock7.xml (RunModel)" time="0.01" />
  <testcase classname="ptolemy.util.test.junit.AutoTests" name="[67] /home/travis/build/icyphy/ptII/ptolemy/actor/lib/test/auto/Clock8.xml (RunModel)" time="0.014" />
  <testcase classname="ptolemy.util.test.junit.AutoTests" name="[68] /home/travis/build/icyphy/ptII/ptolemy/actor/lib/test/auto/Clock9.xml (RunModel)" time="0.019" />
  <testcase classname="ptolemy.util.test.junit.AutoTests" name="[69] /home/travis/build/icyphy/ptII/ptolemy/actor/lib/test/auto/CommDistDiscard.xml (RunModel)" time="0.023" />
  <testcase classname="ptolemy.util.test.junit.AutoTests" name="[70] /home/travis/build/icyphy/ptII/ptolemy/actor/lib/test/auto/Commutator.xml (RunModel)" time="0.015" />
  <testcase classname="ptolemy.util.test.junit.AutoTests" name="[71] /home/travis/build/icyphy/ptII/ptolemy/actor/lib/test/auto/Commutator2.xml (RunModel)" time="0.014" />
  <testcase classname="ptolemy.util.test.junit.AutoTests" name="[72] /home/travis/build/icyphy/ptII/ptolemy/actor/lib/test/auto/Commutator3.xml (RunModel)" time="0.017" />
  <testcase classname="ptolemy.util.test.junit.AutoTests" name="[73] /home/travis/build/icyphy/ptII/ptolemy/actor/lib/test/auto/Compare.xml (RunModel)" time="0.024" />
  <testcase classname="ptolemy.util.test.junit.AutoTests" name="[74] /home/travis/build/icyphy/ptII/ptolemy/actor/lib/test/auto/CompareDE.xml (RunModel)" time="0.024" />
  <testcase classname="ptolemy.util.test.junit.AutoTests" name="[75] /home/travis/build/icyphy/ptII/ptolemy/actor/lib/test/auto/ComplexDivide.xml (RunModel)" time="0.012" />
  <testcase classname="ptolemy.util.test.junit.AutoTests" name="[76] /home/travis/build/icyphy/ptII/ptolemy/actor/lib/test/auto/ComputeHistogram.xml (RunModel)" time="0.081" />
  <testcase classname="ptolemy.util.test.junit.AutoTests" name="[77] /home/travis/build/icyphy/ptII/ptolemy/actor/lib/test/auto/ConfigurationSelect.xml (RunModel)" time="0.029" />
  <testcase classname="ptolemy.util.test.junit.AutoTests" name="[78] /home/travis/build/icyphy/ptII/ptolemy/actor/lib/test/auto/ConfigurationSelect2.xml (RunModel)" time="0.019" />
  <testcase classname="ptolemy.util.test.junit.AutoTests" name="[79] /home/travis/build/icyphy/ptII/ptolemy/actor/lib/test/auto/ConfigurationSwitch.xml (RunModel)" time="0.038" />
  <testcase classname="ptolemy.util.test.junit.AutoTests" name="[80] /home/travis/build/icyphy/ptII/ptolemy/actor/lib/test/auto/ConfigurationSwitch2.xml (RunModel)" time="0.029" />
  <testcase classname="ptolemy.util.test.junit.AutoTests" name="[81] /home/travis/build/icyphy/ptII/ptolemy/actor/lib/test/auto/ConfigurationSwitchCloningBugWithClassRelationGroup.xml (RunModel)" time="0.026" />
  <testcase classname="ptolemy.util.test.junit.AutoTests" name="[82] /home/travis/build/icyphy/ptII/ptolemy/actor/lib/test/auto/ConfigurationSwitchSelectSDF.xml (RunModel)" time="0.017" />
  <testcase classname="ptolemy.util.test.junit.AutoTests" name="[83] /home/travis/build/icyphy/ptII/ptolemy/actor/lib/test/auto/ConfigurationSwitchSelectSDF2.xml (RunModel)" time="0.02" />
  <testcase classname="ptolemy.util.test.junit.AutoTests" name="[84] /home/travis/build/icyphy/ptII/ptolemy/actor/lib/test/auto/Const.xml (RunModel)" time="0.009" />
  <testcase classname="ptolemy.util.test.junit.AutoTests" name="[85] /home/travis/build/icyphy/ptII/ptolemy/actor/lib/test/auto/Const2.xml (RunModel)" time="0.013" />
  <testcase classname="ptolemy.util.test.junit.AutoTests" name="[86] /home/travis/build/icyphy/ptII/ptolemy/actor/lib/test/auto/Const3.xml (RunModel)" time="0.007" />
  <testcase classname="ptolemy.util.test.junit.AutoTests" name="[87] /home/travis/build/icyphy/ptII/ptolemy/actor/lib/test/auto/ConstantPublisherPort1.xml (RunModel)" time="0.034" />
  <testcase classname="ptolemy.util.test.junit.AutoTests" name="[88] /home/travis/build/icyphy/ptII/ptolemy/actor/lib/test/auto/ConstantPublisherPort2.xml (RunModel)" time="0.03" />
  <testcase classname="ptolemy.util.test.junit.AutoTests" name="[89] /home/travis/build/icyphy/ptII/ptolemy/actor/lib/test/auto/ConstantPublisherPort3.xml (RunModel)" time="0.025" />
  <testcase classname="ptolemy.util.test.junit.AutoTests" name="[90] /home/travis/build/icyphy/ptII/ptolemy/actor/lib/test/auto/ConstantPublisherPort4.xml (RunModel)" time="0.015" />
  <testcase classname="ptolemy.util.test.junit.AutoTests" name="[91] /home/travis/build/icyphy/ptII/ptolemy/actor/lib/test/auto/ConstantPublisherPort5.xml (RunModel)" time="0.046" />
  <testcase classname="ptolemy.util.test.junit.AutoTests" name="[92] /home/travis/build/icyphy/ptII/ptolemy/actor/lib/test/auto/ConstantPublisherPort6.xml (RunModel)" time="0.027" />
  <testcase classname="ptolemy.util.test.junit.AutoTests" name="[93] /home/travis/build/icyphy/ptII/ptolemy/actor/lib/test/auto/ConstantPublisherPort7.xml (RunModel)" time="0.032" />
  <testcase classname="ptolemy.util.test.junit.AutoTests" name="[94] /home/travis/build/icyphy/ptII/ptolemy/actor/lib/test/auto/ConstraintMonitor1.xml (RunModel)" time="0.045" />
  <testcase classname="ptolemy.util.test.junit.AutoTests" name="[95] /home/travis/build/icyphy/ptII/ptolemy/actor/lib/test/auto/ConstraintMonitor2.xml (RunModel)" time="0.016" />
  <testcase classname="ptolemy.util.test.junit.AutoTests" name="[96] /home/travis/build/icyphy/ptII/ptolemy/actor/lib/test/auto/ConstraintMonitor3.xml (RunModel)" time="0.018" />
  <testcase classname="ptolemy.util.test.junit.AutoTests" name="[97] /home/travis/build/icyphy/ptII/ptolemy/actor/lib/test/auto/ConstraintMonitor4.xml (RunModel)" time="0.017" />
  <testcase classname="ptolemy.util.test.junit.AutoTests" name="[98] /home/travis/build/icyphy/ptII/ptolemy/actor/lib/test/auto/ConstraintMonitor5.xml (RunModel)" time="0.017" />
  <testcase classname="ptolemy.util.test.junit.AutoTests" name="[99] /home/travis/build/icyphy/ptII/ptolemy/actor/lib/test/auto/ConstraintMonitor6.xml (RunModel)" time="0.016" />
  <testcase classname="ptolemy.util.test.junit.AutoTests" name="[100] /home/travis/build/icyphy/ptII/ptolemy/actor/lib/test/auto/ConstraintMonitor7.xml (RunModel)" time="0.019" />
  <testcase classname="ptolemy.util.test.junit.AutoTests" name="[101] /home/travis/build/icyphy/ptII/ptolemy/actor/lib/test/auto/ConstraintMonitor8.xml (RunModel)" time="0.022" />
  <testcase classname="ptolemy.util.test.junit.AutoTests" name="[102] /home/travis/build/icyphy/ptII/ptolemy/actor/lib/test/auto/Counter.xml (RunModel)" time="0.019" />
  <testcase classname="ptolemy.util.test.junit.AutoTests" name="[103] /home/travis/build/icyphy/ptII/ptolemy/actor/lib/test/auto/CurrentTimeSDF.xml (RunModel)" time="0.01" />
  <testcase classname="ptolemy.util.test.junit.AutoTests" name="[104] /home/travis/build/icyphy/ptII/ptolemy/actor/lib/test/auto/DB.xml (RunModel)" time="0.016" />
  <testcase classname="ptolemy.util.test.junit.AutoTests" name="[105] /home/travis/build/icyphy/ptII/ptolemy/actor/lib/test/auto/DBDE.xml (RunModel)" time="0.016" />
  <testcase classname="ptolemy.util.test.junit.AutoTests" name="[106] /home/travis/build/icyphy/ptII/ptolemy/actor/lib/test/auto/DateConstructor.xml (RunModel)" time="0.083" />
  <testcase classname="ptolemy.util.test.junit.AutoTests" name="[107] /home/travis/build/icyphy/ptII/ptolemy/actor/lib/test/auto/DelayTime.xml (RunModel)" time="0.023" />
  <testcase classname="ptolemy.util.test.junit.AutoTests" name="[108] /home/travis/build/icyphy/ptII/ptolemy/actor/lib/test/auto/Dictionary1.xml (RunModel)" time="0.022" />
  <testcase classname="ptolemy.util.test.junit.AutoTests" name="[109] /home/travis/build/icyphy/ptII/ptolemy/actor/lib/test/auto/Dictionary2.xml (RunModel)" time="0.018" />
  <testcase classname="ptolemy.util.test.junit.AutoTests" name="[110] /home/travis/build/icyphy/ptII/ptolemy/actor/lib/test/auto/Dictionary3.xml (RunModel)" time="0.019" />
  <testcase classname="ptolemy.util.test.junit.AutoTests" name="[111] /home/travis/build/icyphy/ptII/ptolemy/actor/lib/test/auto/Dictionary4.xml (RunModel)" time="0.022" />
  <testcase classname="ptolemy.util.test.junit.AutoTests" name="[112] /home/travis/build/icyphy/ptII/ptolemy/actor/lib/test/auto/Differential.xml (RunModel)" time="0.018" />
  <testcase classname="ptolemy.util.test.junit.AutoTests" name="[113] /home/travis/build/icyphy/ptII/ptolemy/actor/lib/test/auto/Director.xml (RunModel)" time="0.013" />
  <testcase classname="ptolemy.util.test.junit.AutoTests" name="[114] /home/travis/build/icyphy/ptII/ptolemy/actor/lib/test/auto/DiscreteClock.xml (RunModel)" time="0.009" />
  <testcase classname="ptolemy.util.test.junit.AutoTests" name="[115] /home/travis/build/icyphy/ptII/ptolemy/actor/lib/test/auto/DiscreteClock10.xml (RunModel)" time="0.012" />
  <testcase classname="ptolemy.util.test.junit.AutoTests" name="[116] /home/travis/build/icyphy/ptII/ptolemy/actor/lib/test/auto/DiscreteClock11.xml (RunModel)" time="0.013" />
  <testcase classname="ptolemy.util.test.junit.AutoTests" name="[117] /home/travis/build/icyphy/ptII/ptolemy/actor/lib/test/auto/DiscreteClock12.xml (RunModel)" time="0.016" />
  <testcase classname="ptolemy.util.test.junit.AutoTests" name="[118] /home/travis/build/icyphy/ptII/ptolemy/actor/lib/test/auto/DiscreteClock13.xml (RunModel)" time="0.017" />
  <testcase classname="ptolemy.util.test.junit.AutoTests" name="[119] /home/travis/build/icyphy/ptII/ptolemy/actor/lib/test/auto/DiscreteClock14.xml (RunModel)" time="0.015" />
  <testcase classname="ptolemy.util.test.junit.AutoTests" name="[120] /home/travis/build/icyphy/ptII/ptolemy/actor/lib/test/auto/DiscreteClock15.xml (RunModel)" time="0.019" />
  <testcase classname="ptolemy.util.test.junit.AutoTests" name="[121] /home/travis/build/icyphy/ptII/ptolemy/actor/lib/test/auto/DiscreteClock16.xml (RunModel)" time="0.043" />
  <testcase classname="ptolemy.util.test.junit.AutoTests" name="[122] /home/travis/build/icyphy/ptII/ptolemy/actor/lib/test/auto/DiscreteClock17.xml (RunModel)" time="0.041" />
  <testcase classname="ptolemy.util.test.junit.AutoTests" name="[123] /home/travis/build/icyphy/ptII/ptolemy/actor/lib/test/auto/DiscreteClock18.xml (RunModel)" time="0.042" />
  <testcase classname="ptolemy.util.test.junit.AutoTests" name="[124] /home/travis/build/icyphy/ptII/ptolemy/actor/lib/test/auto/DiscreteClock19.xml (RunModel)" time="0.052" />
  <testcase classname="ptolemy.util.test.junit.AutoTests" name="[125] /home/travis/build/icyphy/ptII/ptolemy/actor/lib/test/auto/DiscreteClock2.xml (RunModel)" time="0.014" />
  <testcase classname="ptolemy.util.test.junit.AutoTests" name="[126] /home/travis/build/icyphy/ptII/ptolemy/actor/lib/test/auto/DiscreteClock20.xml (RunModel)" time="0.021" />
  <testcase classname="ptolemy.util.test.junit.AutoTests" name="[127] /home/travis/build/icyphy/ptII/ptolemy/actor/lib/test/auto/DiscreteClock21.xml (RunModel)" time="0.019" />
  <testcase classname="ptolemy.util.test.junit.AutoTests" name="[128] /home/travis/build/icyphy/ptII/ptolemy/actor/lib/test/auto/DiscreteClock22.xml (RunModel)" time="0.015" />
  <testcase classname="ptolemy.util.test.junit.AutoTests" name="[129] /home/travis/build/icyphy/ptII/ptolemy/actor/lib/test/auto/DiscreteClock23.xml (RunModel)" time="0.021" />
  <testcase classname="ptolemy.util.test.junit.AutoTests" name="[130] /home/travis/build/icyphy/ptII/ptolemy/actor/lib/test/auto/DiscreteClock24.xml (RunModel)" time="0.017" />
  <testcase classname="ptolemy.util.test.junit.AutoTests" name="[131] /home/travis/build/icyphy/ptII/ptolemy/actor/lib/test/auto/DiscreteClock4.xml (RunModel)" time="0.012" />
  <testcase classname="ptolemy.util.test.junit.AutoTests" name="[132] /home/travis/build/icyphy/ptII/ptolemy/actor/lib/test/auto/DiscreteClock5.xml (RunModel)" time="0.009" />
  <testcase classname="ptolemy.util.test.junit.AutoTests" name="[133] /home/travis/build/icyphy/ptII/ptolemy/actor/lib/test/auto/DiscreteClock6.xml (RunModel)" time="0.012" />
  <testcase classname="ptolemy.util.test.junit.AutoTests" name="[134] /home/travis/build/icyphy/ptII/ptolemy/actor/lib/test/auto/DiscreteClock7.xml (RunModel)" time="0.018" />
  <testcase classname="ptolemy.util.test.junit.AutoTests" name="[135] /home/travis/build/icyphy/ptII/ptolemy/actor/lib/test/auto/DiscreteClock8.xml (RunModel)" time="0.012" />
  <testcase classname="ptolemy.util.test.junit.AutoTests" name="[136] /home/travis/build/icyphy/ptII/ptolemy/actor/lib/test/auto/DiscreteClock9.xml (RunModel)" time="0.014" />
  <testcase classname="ptolemy.util.test.junit.AutoTests" name="[137] /home/travis/build/icyphy/ptII/ptolemy/actor/lib/test/auto/DisplayArray.xml (RunModel)" time="0.009" />
  <testcase classname="ptolemy.util.test.junit.AutoTests" name="[138] /home/travis/build/icyphy/ptII/ptolemy/actor/lib/test/auto/Distributor.xml (RunModel)" time="0.009" />
  <testcase classname="ptolemy.util.test.junit.AutoTests" name="[139] /home/travis/build/icyphy/ptII/ptolemy/actor/lib/test/auto/Distributor2.xml (RunModel)" time="0.013" />
  <testcase classname="ptolemy.util.test.junit.AutoTests" name="[140] /home/travis/build/icyphy/ptII/ptolemy/actor/lib/test/auto/DownSample.xml (RunModel)" time="0.01" />
  <testcase classname="ptolemy.util.test.junit.AutoTests" name="[141] /home/travis/build/icyphy/ptII/ptolemy/actor/lib/test/auto/ElectronicUnitBase1.xml (RunModel)" time="0.062" />
  <testcase classname="ptolemy.util.test.junit.AutoTests" name="[142] /home/travis/build/icyphy/ptII/ptolemy/actor/lib/test/auto/ElementsToArray.xml (RunModel)" time="0.011" />
  <testcase classname="ptolemy.util.test.junit.AutoTests" name="[143] /home/travis/build/icyphy/ptII/ptolemy/actor/lib/test/auto/Equals.xml (RunModel)" time="0.016" />
  <testcase classname="ptolemy.util.test.junit.AutoTests" name="[144] /home/travis/build/icyphy/ptII/ptolemy/actor/lib/test/auto/Exec.xml (RunModel)" time="0.041" />
  <testcase classname="ptolemy.util.test.junit.AutoTests" name="[145] /home/travis/build/icyphy/ptII/ptolemy/actor/lib/test/auto/ExecEnvironment.xml (RunModel)" time="0.036" />
  <testcase classname="ptolemy.util.test.junit.AutoTests" name="[146] /home/travis/build/icyphy/ptII/ptolemy/actor/lib/test/auto/ExecNonZeroReturnOutput.xml (RunModel)" time="0.215" />
  <testcase classname="ptolemy.util.test.junit.AutoTests" name="[147] /home/travis/build/icyphy/ptII/ptolemy/actor/lib/test/auto/ExecRunDemos.xml (RunModel)" time="11.374" />
  <testcase classname="ptolemy.util.test.junit.AutoTests" name="[148] /home/travis/build/icyphy/ptII/ptolemy/actor/lib/test/auto/ExecStop.xml (RunModel)" time="5.041" />
  <testcase classname="ptolemy.util.test.junit.AutoTests" name="[149] /home/travis/build/icyphy/ptII/ptolemy/actor/lib/test/auto/ExecutionTimeSDF.xml (RunModel)" time="6.04" />
  <testcase classname="ptolemy.util.test.junit.AutoTests" name="[150] /home/travis/build/icyphy/ptII/ptolemy/actor/lib/test/auto/Expression1.xml (RunModel)" time="0.007" />
  <testcase classname="ptolemy.util.test.junit.AutoTests" name="[151] /home/travis/build/icyphy/ptII/ptolemy/actor/lib/test/auto/Expression10.xml (RunModel)" time="0.014" />
  <testcase classname="ptolemy.util.test.junit.AutoTests" name="[152] /home/travis/build/icyphy/ptII/ptolemy/actor/lib/test/auto/Expression11.xml (RunModel)" time="0.01" />
  <testcase classname="ptolemy.util.test.junit.AutoTests" name="[153] /home/travis/build/icyphy/ptII/ptolemy/actor/lib/test/auto/Expression12.xml (RunModel)" time="0.012" />
  <testcase classname="ptolemy.util.test.junit.AutoTests" name="[154] /home/travis/build/icyphy/ptII/ptolemy/actor/lib/test/auto/Expression13.xml (RunModel)" time="0.013" />
  <testcase classname="ptolemy.util.test.junit.AutoTests" name="[155] /home/travis/build/icyphy/ptII/ptolemy/actor/lib/test/auto/Expression14.xml (RunModel)" time="0.03" />
  <testcase classname="ptolemy.util.test.junit.AutoTests" name="[156] /home/travis/build/icyphy/ptII/ptolemy/actor/lib/test/auto/Expression15.xml (RunModel)" time="0.007" />
  <testcase classname="ptolemy.util.test.junit.AutoTests" name="[157] /home/travis/build/icyphy/ptII/ptolemy/actor/lib/test/auto/Expression16.xml (RunModel)" time="0.011" />
  <testcase classname="ptolemy.util.test.junit.AutoTests" name="[158] /home/travis/build/icyphy/ptII/ptolemy/actor/lib/test/auto/Expression17.xml (RunModel)" time="0.011" />
  <testcase classname="ptolemy.util.test.junit.AutoTests" name="[159] /home/travis/build/icyphy/ptII/ptolemy/actor/lib/test/auto/Expression18.xml (RunModel)" time="0.012" />
  <testcase classname="ptolemy.util.test.junit.AutoTests" name="[160] /home/travis/build/icyphy/ptII/ptolemy/actor/lib/test/auto/Expression2.xml (RunModel)" time="0.012" />
  <testcase classname="ptolemy.util.test.junit.AutoTests" name="[161] /home/travis/build/icyphy/ptII/ptolemy/actor/lib/test/auto/Expression3.xml (RunModel)" time="0.011" />
  <testcase classname="ptolemy.util.test.junit.AutoTests" name="[162] /home/travis/build/icyphy/ptII/ptolemy/actor/lib/test/auto/Expression4.xml (RunModel)" time="0.019" />
  <testcase classname="ptolemy.util.test.junit.AutoTests" name="[163] /home/travis/build/icyphy/ptII/ptolemy/actor/lib/test/auto/Expression5.xml (RunModel)" time="0.012" />
  <testcase classname="ptolemy.util.test.junit.AutoTests" name="[164] /home/travis/build/icyphy/ptII/ptolemy/actor/lib/test/auto/Expression6.xml (RunModel)" time="0.011" />
  <testcase classname="ptolemy.util.test.junit.AutoTests" name="[165] /home/travis/build/icyphy/ptII/ptolemy/actor/lib/test/auto/Expression7.xml (RunModel)" time="0.014" />
  <testcase classname="ptolemy.util.test.junit.AutoTests" name="[166] /home/travis/build/icyphy/ptII/ptolemy/actor/lib/test/auto/Expression8.xml (RunModel)" time="0.018" />
  <testcase classname="ptolemy.util.test.junit.AutoTests" name="[167] /home/travis/build/icyphy/ptII/ptolemy/actor/lib/test/auto/Expression9.xml (RunModel)" time="0.008" />
  <testcase classname="ptolemy.util.test.junit.AutoTests" name="[168] /home/travis/build/icyphy/ptII/ptolemy/actor/lib/test/auto/ExpressionConcatenateArrayType.xml (RunModel)" time="0.024" />
  <testcase classname="ptolemy.util.test.junit.AutoTests" name="[169] /home/travis/build/icyphy/ptII/ptolemy/actor/lib/test/auto/ExpressionConcatenateArrayType2.xml (RunModel)" time="0.022" />
  <testcase classname="ptolemy.util.test.junit.AutoTests" name="[170] /home/travis/build/icyphy/ptII/ptolemy/actor/lib/test/auto/ExpressionFix.xml (RunModel)" time="0.045" />
  <testcase classname="ptolemy.util.test.junit.AutoTests" name="[171] /home/travis/build/icyphy/ptII/ptolemy/actor/lib/test/auto/ExpressionFix2.xml (RunModel)" time="0.014" />
  <testcase classname="ptolemy.util.test.junit.AutoTests" name="[172] /home/travis/build/icyphy/ptII/ptolemy/actor/lib/test/auto/ExpressionFix3.xml (RunModel)" time="0.013" />
  <testcase classname="ptolemy.util.test.junit.AutoTests" name="[173] /home/travis/build/icyphy/ptII/ptolemy/actor/lib/test/auto/FileWriter1.xml (RunModel)" time="0.011" />
  <testcase classname="ptolemy.util.test.junit.AutoTests" name="[174] /home/travis/build/icyphy/ptII/ptolemy/actor/lib/test/auto/FileWriter2.xml (RunModel)" time="0.01" />
  <testcase classname="ptolemy.util.test.junit.AutoTests" name="[175] /home/travis/build/icyphy/ptII/ptolemy/actor/lib/test/auto/FileWriter3.xml (RunModel)" time="0.011" />
  <testcase classname="ptolemy.util.test.junit.AutoTests" name="[176] /home/travis/build/icyphy/ptII/ptolemy/actor/lib/test/auto/Gaussian.xml (RunModel)" time="0.014" />
  <testcase classname="ptolemy.util.test.junit.AutoTests" name="[177] /home/travis/build/icyphy/ptII/ptolemy/actor/lib/test/auto/Gaussian1.xml (RunModel)" time="0.021" />
  <testcase classname="ptolemy.util.test.junit.AutoTests" name="[178] /home/travis/build/icyphy/ptII/ptolemy/actor/lib/test/auto/Gaussian2.xml (RunModel)" time="0.019" />
  <testcase classname="ptolemy.util.test.junit.AutoTests" name="[179] /home/travis/build/icyphy/ptII/ptolemy/actor/lib/test/auto/GradientAdaptiveLattice.xml (RunModel)" time="0.017" />
  <testcase classname="ptolemy.util.test.junit.AutoTests" name="[180] /home/travis/build/icyphy/ptII/ptolemy/actor/lib/test/auto/IIR.xml (RunModel)" time="0.017" />
  <testcase classname="ptolemy.util.test.junit.AutoTests" name="[181] /home/travis/build/icyphy/ptII/ptolemy/actor/lib/test/auto/InputOutputTransparentPorts.xml (RunModel)" time="0.017" />
  <testcase classname="ptolemy.util.test.junit.AutoTests" name="[182] /home/travis/build/icyphy/ptII/ptolemy/actor/lib/test/auto/Interpolator.xml (RunModel)" time="0.013" />
  <testcase classname="ptolemy.util.test.junit.AutoTests" name="[183] /home/travis/build/icyphy/ptII/ptolemy/actor/lib/test/auto/InterpolatorFiringLimitDE.xml (RunModel)" time="0.013" />
  <testcase classname="ptolemy.util.test.junit.AutoTests" name="[184] /home/travis/build/icyphy/ptII/ptolemy/actor/lib/test/auto/Lattice.xml (RunModel)" time="0.008" />
  <testcase classname="ptolemy.util.test.junit.AutoTests" name="[185] /home/travis/build/icyphy/ptII/ptolemy/actor/lib/test/auto/LazyAOCTestLazy.xml (RunModel)" time="0.033" />
  <testcase classname="ptolemy.util.test.junit.AutoTests" name="[186] /home/travis/build/icyphy/ptII/ptolemy/actor/lib/test/auto/LazyAOCTestNonLazy.xml (RunModel)" time="0.049" />
  <testcase classname="ptolemy.util.test.junit.AutoTests" name="[187] /home/travis/build/icyphy/ptII/ptolemy/actor/lib/test/auto/LazyInnerClass.xml (RunModel)" time="0.047" />
  <testcase classname="ptolemy.util.test.junit.AutoTests" name="[188] /home/travis/build/icyphy/ptII/ptolemy/actor/lib/test/auto/LazyPubSub.xml (RunModel)" time="0.065" />
  <testcase classname="ptolemy.util.test.junit.AutoTests" name="[189] /home/travis/build/icyphy/ptII/ptolemy/actor/lib/test/auto/LazyPubSub2.xml (RunModel)" time="0.028" />
  <testcase classname="ptolemy.util.test.junit.AutoTests" name="[190] /home/travis/build/icyphy/ptII/ptolemy/actor/lib/test/auto/LazyPubSub3.xml (RunModel)" time="0.028" />
  <testcase classname="ptolemy.util.test.junit.AutoTests" name="[191] /home/travis/build/icyphy/ptII/ptolemy/actor/lib/test/auto/LazySubClassModel.xml (RunModel)" time="0.028" />
  <testcase classname="ptolemy.util.test.junit.AutoTests" name="[192] /home/travis/build/icyphy/ptII/ptolemy/actor/lib/test/auto/LevelCrossTest1.xml (RunModel)" time="0.024" />
  <testcase classname="ptolemy.util.test.junit.AutoTests" name="[193] /home/travis/build/icyphy/ptII/ptolemy/actor/lib/test/auto/LevelCrossTest10.xml (RunModel)" time="0.024" />
  <testcase classname="ptolemy.util.test.junit.AutoTests" name="[194] /home/travis/build/icyphy/ptII/ptolemy/actor/lib/test/auto/LevelCrossTest11.xml (RunModel)" time="0.019" />
  <testcase classname="ptolemy.util.test.junit.AutoTests" name="[195] /home/travis/build/icyphy/ptII/ptolemy/actor/lib/test/auto/LevelCrossTest12.xml (RunModel)" time="0.019" />
  <testcase classname="ptolemy.util.test.junit.AutoTests" name="[196] /home/travis/build/icyphy/ptII/ptolemy/actor/lib/test/auto/LevelCrossTest13.xml (RunModel)" time="0.027" />
  <testcase classname="ptolemy.util.test.junit.AutoTests" name="[197] /home/travis/build/icyphy/ptII/ptolemy/actor/lib/test/auto/LevelCrossTest2.xml (RunModel)" time="0.018" />
  <testcase classname="ptolemy.util.test.junit.AutoTests" name="[198] /home/travis/build/icyphy/ptII/ptolemy/actor/lib/test/auto/LevelCrossTest3.xml (RunModel)" time="0.014" />
  <testcase classname="ptolemy.util.test.junit.AutoTests" name="[199] /home/travis/build/icyphy/ptII/ptolemy/actor/lib/test/auto/LevelCrossTest4.xml (RunModel)" time="0.012" />
  <testcase classname="ptolemy.util.test.junit.AutoTests" name="[200] /home/travis/build/icyphy/ptII/ptolemy/actor/lib/test/auto/LevelCrossTest5.xml (RunModel)" time="0.017" />
  <testcase classname="ptolemy.util.test.junit.AutoTests" name="[201] /home/travis/build/icyphy/ptII/ptolemy/actor/lib/test/auto/LevelCrossTest6.xml (RunModel)" time="0.013" />
  <testcase classname="ptolemy.util.test.junit.AutoTests" name="[202] /home/travis/build/icyphy/ptII/ptolemy/actor/lib/test/auto/LevelCrossTest7.xml (RunModel)" time="0.02" />
  <testcase classname="ptolemy.util.test.junit.AutoTests" name="[203] /home/travis/build/icyphy/ptII/ptolemy/actor/lib/test/auto/LevelCrossTest8.xml (RunModel)" time="0.015" />
  <testcase classname="ptolemy.util.test.junit.AutoTests" name="[204] /home/travis/build/icyphy/ptII/ptolemy/actor/lib/test/auto/LevelCrossTest9.xml (RunModel)" time="0.015" />
  <testcase classname="ptolemy.util.test.junit.AutoTests" name="[205] /home/travis/build/icyphy/ptII/ptolemy/actor/lib/test/auto/LevinsonDurbin.xml (RunModel)" time="0.02" />
  <testcase classname="ptolemy.util.test.junit.AutoTests" name="[206] /home/travis/build/icyphy/ptII/ptolemy/actor/lib/test/auto/LevinsonDurbin2.xml (RunModel)" time="0.01" />
  <testcase classname="ptolemy.util.test.junit.AutoTests" name="[207] /home/travis/build/icyphy/ptII/ptolemy/actor/lib/test/auto/LevinsonDurbin3.xml (RunModel)" time="0.01" />
  <testcase classname="ptolemy.util.test.junit.AutoTests" name="[208] /home/travis/build/icyphy/ptII/ptolemy/actor/lib/test/auto/Limiter.xml (RunModel)" time="0.046" />
  <testcase classname="ptolemy.util.test.junit.AutoTests" name="[209] /home/travis/build/icyphy/ptII/ptolemy/actor/lib/test/auto/LinearDifferenceEquationSystem.xml (RunModel)" time="0.021" />
  <testcase classname="ptolemy.util.test.junit.AutoTests" name="[210] /home/travis/build/icyphy/ptII/ptolemy/actor/lib/test/auto/LookupTable.xml (RunModel)" time="0.011" />
  <testcase classname="ptolemy.util.test.junit.AutoTests" name="[211] /home/travis/build/icyphy/ptII/ptolemy/actor/lib/test/auto/MathFunction.xml (RunModel)" time="0.02" />
  <testcase classname="ptolemy.util.test.junit.AutoTests" name="[212] /home/travis/build/icyphy/ptII/ptolemy/actor/lib/test/auto/MathFunction2.xml (RunModel)" time="0.009" />
  <testcase classname="ptolemy.util.test.junit.AutoTests" name="[213] /home/travis/build/icyphy/ptII/ptolemy/actor/lib/test/auto/MathFunction3.xml (RunModel)" time="0.024" />
  <testcase classname="ptolemy.util.test.junit.AutoTests" name="[214] /home/travis/build/icyphy/ptII/ptolemy/actor/lib/test/auto/MatrixCropBoolean.xml (RunModel)" time="0.014" />
  <testcase classname="ptolemy.util.test.junit.AutoTests" name="[215] /home/travis/build/icyphy/ptII/ptolemy/actor/lib/test/auto/MatrixCropComplex.xml (RunModel)" time="0.013" />
  <testcase classname="ptolemy.util.test.junit.AutoTests" name="[216] /home/travis/build/icyphy/ptII/ptolemy/actor/lib/test/auto/MatrixCropDouble.xml (RunModel)" time="0.009" />
  <testcase classname="ptolemy.util.test.junit.AutoTests" name="[217] /home/travis/build/icyphy/ptII/ptolemy/actor/lib/test/auto/MatrixCropFix.xml (RunModel)" time="0.014" />
  <testcase classname="ptolemy.util.test.junit.AutoTests" name="[218] /home/travis/build/icyphy/ptII/ptolemy/actor/lib/test/auto/MatrixCropInt.xml (RunModel)" time="0.009" />
  <testcase classname="ptolemy.util.test.junit.AutoTests" name="[219] /home/travis/build/icyphy/ptII/ptolemy/actor/lib/test/auto/MatrixCropLong.xml (RunModel)" time="0.008" />
  <testcase classname="ptolemy.util.test.junit.AutoTests" name="[220] /home/travis/build/icyphy/ptII/ptolemy/actor/lib/test/auto/MatrixToArray.xml (RunModel)" time="0.056" />
  <testcase classname="ptolemy.util.test.junit.AutoTests" name="[221] /home/travis/build/icyphy/ptII/ptolemy/actor/lib/test/auto/MaxIndex.xml (RunModel)" time="0.017" />
  <testcase classname="ptolemy.util.test.junit.AutoTests" name="[222] /home/travis/build/icyphy/ptII/ptolemy/actor/lib/test/auto/Maximum.xml (RunModel)" time="0.018" />
  <testcase classname="ptolemy.util.test.junit.AutoTests" name="[223] /home/travis/build/icyphy/ptII/ptolemy/actor/lib/test/auto/MaximumComplex.xml (RunModel)" time="0.014" />
  <testcase classname="ptolemy.util.test.junit.AutoTests" name="[224] /home/travis/build/icyphy/ptII/ptolemy/actor/lib/test/auto/MethodCallTest.xml (RunModel)" time="0.023" />
  <testcase classname="ptolemy.util.test.junit.AutoTests" name="[225] /home/travis/build/icyphy/ptII/ptolemy/actor/lib/test/auto/Minimum.xml (RunModel)" time="0.016" />
  <testcase classname="ptolemy.util.test.junit.AutoTests" name="[226] /home/travis/build/icyphy/ptII/ptolemy/actor/lib/test/auto/MinimumComplex.xml (RunModel)" time="0.03" />
  <testcase classname="ptolemy.util.test.junit.AutoTests" name="[227] /home/travis/build/icyphy/ptII/ptolemy/actor/lib/test/auto/MinimumMultiports.xml (RunModel)" time="0.018" />
  <testcase classname="ptolemy.util.test.junit.AutoTests" name="[228] /home/travis/build/icyphy/ptII/ptolemy/actor/lib/test/auto/ModifyDate.xml (RunModel)" time="0.048" />
  <testcase classname="ptolemy.util.test.junit.AutoTests" name="[229] /home/travis/build/icyphy/ptII/ptolemy/actor/lib/test/auto/ModifyDate2.xml (RunModel)" time="0.027" />
  <testcase classname="ptolemy.util.test.junit.AutoTests" name="[230] /home/travis/build/icyphy/ptII/ptolemy/actor/lib/test/auto/MovingAverage.xml (RunModel)" time="0.015" />
  <testcase classname="ptolemy.util.test.junit.AutoTests" name="[231] /home/travis/build/icyphy/ptII/ptolemy/actor/lib/test/auto/MovingMaximum.xml (RunModel)" time="0.012" />
  <testcase classname="ptolemy.util.test.junit.AutoTests" name="[232] /home/travis/build/icyphy/ptII/ptolemy/actor/lib/test/auto/MultipleLinksToSameRelation.xml (RunModel)" time="0.007" />
  <testcase classname="ptolemy.util.test.junit.AutoTests" name="[233] /home/travis/build/icyphy/ptII/ptolemy/actor/lib/test/auto/MultipleLinksToSameRelationDE.xml (RunModel)" time="0.012" />
  <testcase classname="ptolemy.util.test.junit.AutoTests" name="[234] /home/travis/build/icyphy/ptII/ptolemy/actor/lib/test/auto/Multiplexor.xml (RunModel)" time="0.014" />
  <testcase classname="ptolemy.util.test.junit.AutoTests" name="[235] /home/travis/build/icyphy/ptII/ptolemy/actor/lib/test/auto/Multiplexor1.xml (RunModel)" time="0.011" />
  <testcase classname="ptolemy.util.test.junit.AutoTests" name="[236] /home/travis/build/icyphy/ptII/ptolemy/actor/lib/test/auto/Multiplexor2.xml (RunModel)" time="0.015" />
  <testcase classname="ptolemy.util.test.junit.AutoTests" name="[237] /home/travis/build/icyphy/ptII/ptolemy/actor/lib/test/auto/Multiplexor3.xml (RunModel)" time="0.01" />
  <testcase classname="ptolemy.util.test.junit.AutoTests" name="[238] /home/travis/build/icyphy/ptII/ptolemy/actor/lib/test/auto/MultiplexorDE.xml (RunModel)" time="0.019" />
  <testcase classname="ptolemy.util.test.junit.AutoTests" name="[239] /home/travis/build/icyphy/ptII/ptolemy/actor/lib/test/auto/MultiportBroadcastTest.xml (RunModel)" time="0.094" />
  <testcase classname="ptolemy.util.test.junit.AutoTests" name="[240] /home/travis/build/icyphy/ptII/ptolemy/actor/lib/test/auto/MultiportOutHangDuringGetWidth.xml (RunModel)" time="0.042" />
  <testcase classname="ptolemy.util.test.junit.AutoTests" name="[241] /home/travis/build/icyphy/ptII/ptolemy/actor/lib/test/auto/NilToken.xml (RunModel)" time="0.012" />
  <testcase classname="ptolemy.util.test.junit.AutoTests" name="[242] /home/travis/build/icyphy/ptII/ptolemy/actor/lib/test/auto/NilTokenNonStrictTest.xml (RunModel)" time="0.012" />
  <testcase classname="ptolemy.util.test.junit.AutoTests" name="[243] /home/travis/build/icyphy/ptII/ptolemy/actor/lib/test/auto/NilTokenRecord.xml (RunModel)" time="0.027" />
  <testcase classname="ptolemy.util.test.junit.AutoTests" name="[244] /home/travis/build/icyphy/ptII/ptolemy/actor/lib/test/auto/NilTokenTypeTest.xml (RunModel)" time="0.043" />
  <testcase classname="ptolemy.util.test.junit.AutoTests" name="[245] /home/travis/build/icyphy/ptII/ptolemy/actor/lib/test/auto/ObjectToken1.xml (RunModel)" time="0.009" />
  <testcase classname="ptolemy.util.test.junit.AutoTests" name="[246] /home/travis/build/icyphy/ptII/ptolemy/actor/lib/test/auto/OrderedMerge.xml (RunModel)" time="0.021" />
  <testcase classname="ptolemy.util.test.junit.AutoTests" name="[247] /home/travis/build/icyphy/ptII/ptolemy/actor/lib/test/auto/OrderedRecordDisassembler.xml (RunModel)" time="0.019" />
  <testcase classname="ptolemy.util.test.junit.AutoTests" name="[248] /home/travis/build/icyphy/ptII/ptolemy/actor/lib/test/auto/OrderedRecordDisassembler2.xml (RunModel)" time="0.019" />
  <testcase classname="ptolemy.util.test.junit.AutoTests" name="[249] /home/travis/build/icyphy/ptII/ptolemy/actor/lib/test/auto/OrderedRecordUpdater.xml (RunModel)" time="0.011" />
  <testcase classname="ptolemy.util.test.junit.AutoTests" name="[250] /home/travis/build/icyphy/ptII/ptolemy/actor/lib/test/auto/OrderedRecordUpdater2.xml (RunModel)" time="0.02" />
  <testcase classname="ptolemy.util.test.junit.AutoTests" name="[251] /home/travis/build/icyphy/ptII/ptolemy/actor/lib/test/auto/PhaseUnwrap.xml (RunModel)" time="0.013" />
  <testcase classname="ptolemy.util.test.junit.AutoTests" name="[252] /home/travis/build/icyphy/ptII/ptolemy/actor/lib/test/auto/PoissonClock.xml (RunModel)" time="0.01" />
  <testcase classname="ptolemy.util.test.junit.AutoTests" name="[253] /home/travis/build/icyphy/ptII/ptolemy/actor/lib/test/auto/PoissonClock2.xml (RunModel)" time="0.007" />
  <testcase classname="ptolemy.util.test.junit.AutoTests" name="[254] /home/travis/build/icyphy/ptII/ptolemy/actor/lib/test/auto/PoissonClock3.xml (RunModel)" time="0.024" />
  <testcase classname="ptolemy.util.test.junit.AutoTests" name="[255] /home/travis/build/icyphy/ptII/ptolemy/actor/lib/test/auto/PubSubWithInitialTokens.xml (RunModel)" time="0.018" />
  <testcase classname="ptolemy.util.test.junit.AutoTests" name="[256] /home/travis/build/icyphy/ptII/ptolemy/actor/lib/test/auto/PubSubWithInitialTokens2.xml (RunModel)" time="0.011" />
  <testcase classname="ptolemy.util.test.junit.AutoTests" name="[257] /home/travis/build/icyphy/ptII/ptolemy/actor/lib/test/auto/PublisherClassNoParameter.xml (RunModel)" time="0.024" />
  <testcase classname="ptolemy.util.test.junit.AutoTests" name="[258] /home/travis/build/icyphy/ptII/ptolemy/actor/lib/test/auto/PublisherClassParameter.xml (RunModel)" time="0.022" />
  <testcase classname="ptolemy.util.test.junit.AutoTests" name="[259] /home/travis/build/icyphy/ptII/ptolemy/actor/lib/test/auto/PublisherNonStrictTest.xml (RunModel)" time="0.015" />
  <testcase classname="ptolemy.util.test.junit.AutoTests" name="[260] /home/travis/build/icyphy/ptII/ptolemy/actor/lib/test/auto/PublisherPort1.xml (RunModel)" time="0.018" />
  <testcase classname="ptolemy.util.test.junit.AutoTests" name="[261] /home/travis/build/icyphy/ptII/ptolemy/actor/lib/test/auto/PublisherPort2.xml (RunModel)" time="0.014" />
  <testcase classname="ptolemy.util.test.junit.AutoTests" name="[262] /home/travis/build/icyphy/ptII/ptolemy/actor/lib/test/auto/PublisherPort3.xml (RunModel)" time="0.011" />
  <testcase classname="ptolemy.util.test.junit.AutoTests" name="[263] /home/travis/build/icyphy/ptII/ptolemy/actor/lib/test/auto/PublisherPort4.xml (RunModel)" time="0.012" />
  <testcase classname="ptolemy.util.test.junit.AutoTests" name="[264] /home/travis/build/icyphy/ptII/ptolemy/actor/lib/test/auto/PublisherPort5.xml (RunModel)" time="0.014" />
  <testcase classname="ptolemy.util.test.junit.AutoTests" name="[265] /home/travis/build/icyphy/ptII/ptolemy/actor/lib/test/auto/PublisherPort5LookAlike.xml (RunModel)" time="0.019" />
  <testcase classname="ptolemy.util.test.junit.AutoTests" name="[266] /home/travis/build/icyphy/ptII/ptolemy/actor/lib/test/auto/PublisherPort6.xml (RunModel)" time="0.013" />
  <testcase classname="ptolemy.util.test.junit.AutoTests" name="[267] /home/travis/build/icyphy/ptII/ptolemy/actor/lib/test/auto/PublisherPort7.xml (RunModel)" time="0.015" />
  <testcase classname="ptolemy.util.test.junit.AutoTests" name="[268] /home/travis/build/icyphy/ptII/ptolemy/actor/lib/test/auto/PublisherPort8.xml (RunModel)" time="0.016" />
  <testcase classname="ptolemy.util.test.junit.AutoTests" name="[269] /home/travis/build/icyphy/ptII/ptolemy/actor/lib/test/auto/PublisherPortSubscriberChannelVariablesAOC2.xml (RunModel)" time="0.042" />
  <testcase classname="ptolemy.util.test.junit.AutoTests" name="[270] /home/travis/build/icyphy/ptII/ptolemy/actor/lib/test/auto/PublisherPortSubscriberOpaqueWidthInference.xml (RunModel)" time="0.016" />
  <testcase classname="ptolemy.util.test.junit.AutoTests" name="[271] /home/travis/build/icyphy/ptII/ptolemy/actor/lib/test/auto/PublisherPortSubscriberPortAdjacent.xml (RunModel)" time="0.018" />
  <testcase classname="ptolemy.util.test.junit.AutoTests" name="[272] /home/travis/build/icyphy/ptII/ptolemy/actor/lib/test/auto/PublisherPortSubscriberPortExpression.xml (RunModel)" time="0.031" />
  <testcase classname="ptolemy.util.test.junit.AutoTests" name="[273] /home/travis/build/icyphy/ptII/ptolemy/actor/lib/test/auto/PublisherPortSubscriberPortOpaqueD3Reverse.xml (RunModel)" time="0.031" />
  <testcase classname="ptolemy.util.test.junit.AutoTests" name="[274] /home/travis/build/icyphy/ptII/ptolemy/actor/lib/test/auto/PublisherPortSubscriberPortOpaqueWidthInference.xml (RunModel)" time="0.015" />
  <testcase classname="ptolemy.util.test.junit.AutoTests" name="[275] /home/travis/build/icyphy/ptII/ptolemy/actor/lib/test/auto/PublisherPortToplevelSubscriberPortAOC.xml (RunModel)" time="0.011" />
  <testcase classname="ptolemy.util.test.junit.AutoTests" name="[276] /home/travis/build/icyphy/ptII/ptolemy/actor/lib/test/auto/PublisherSubscriber.xml (RunModel)" time="0.027" />
  <testcase classname="ptolemy.util.test.junit.AutoTests" name="[277] /home/travis/build/icyphy/ptII/ptolemy/actor/lib/test/auto/PublisherSubscriber10.xml (RunModel)" time="0.021" />
  <testcase classname="ptolemy.util.test.junit.AutoTests" name="[278] /home/travis/build/icyphy/ptII/ptolemy/actor/lib/test/auto/PublisherSubscriber10InitialOutputs.xml (RunModel)" time="0.031" />
  <testcase classname="ptolemy.util.test.junit.AutoTests" name="[279] /home/travis/build/icyphy/ptII/ptolemy/actor/lib/test/auto/PublisherSubscriber11.xml (RunModel)" time="0.023" />
  <testcase classname="ptolemy.util.test.junit.AutoTests" name="[280] /home/travis/build/icyphy/ptII/ptolemy/actor/lib/test/auto/PublisherSubscriber12.xml (RunModel)" time="0.018" />
  <testcase classname="ptolemy.util.test.junit.AutoTests" name="[281] /home/travis/build/icyphy/ptII/ptolemy/actor/lib/test/auto/PublisherSubscriber13.xml (RunModel)" time="0.021" />
  <testcase classname="ptolemy.util.test.junit.AutoTests" name="[282] /home/travis/build/icyphy/ptII/ptolemy/actor/lib/test/auto/PublisherSubscriber14.xml (RunModel)" time="0.018" />
  <testcase classname="ptolemy.util.test.junit.AutoTests" name="[283] /home/travis/build/icyphy/ptII/ptolemy/actor/lib/test/auto/PublisherSubscriber2.xml (RunModel)" time="0.01" />
  <testcase classname="ptolemy.util.test.junit.AutoTests" name="[284] /home/travis/build/icyphy/ptII/ptolemy/actor/lib/test/auto/PublisherSubscriber3.xml (RunModel)" time="0.008" />
  <testcase classname="ptolemy.util.test.junit.AutoTests" name="[285] /home/travis/build/icyphy/ptII/ptolemy/actor/lib/test/auto/PublisherSubscriber4.xml (RunModel)" time="0.008" />
  <testcase classname="ptolemy.util.test.junit.AutoTests" name="[286] /home/travis/build/icyphy/ptII/ptolemy/actor/lib/test/auto/PublisherSubscriber5.xml (RunModel)" time="0.011" />
  <testcase classname="ptolemy.util.test.junit.AutoTests" name="[287] /home/travis/build/icyphy/ptII/ptolemy/actor/lib/test/auto/PublisherSubscriber6.xml (RunModel)" time="0.014" />
  <testcase classname="ptolemy.util.test.junit.AutoTests" name="[288] /home/travis/build/icyphy/ptII/ptolemy/actor/lib/test/auto/PublisherSubscriber7.xml (RunModel)" time="0.018" />
  <testcase classname="ptolemy.util.test.junit.AutoTests" name="[289] /home/travis/build/icyphy/ptII/ptolemy/actor/lib/test/auto/PublisherSubscriber8.xml (RunModel)" time="0.03" />
  <testcase classname="ptolemy.util.test.junit.AutoTests" name="[290] /home/travis/build/icyphy/ptII/ptolemy/actor/lib/test/auto/PublisherSubscriber9.xml (RunModel)" time="0.017" />
  <testcase classname="ptolemy.util.test.junit.AutoTests" name="[291] /home/travis/build/icyphy/ptII/ptolemy/actor/lib/test/auto/PublisherSubscriberAdjacent.xml (RunModel)" time="0.015" />
  <testcase classname="ptolemy.util.test.junit.AutoTests" name="[292] /home/travis/build/icyphy/ptII/ptolemy/actor/lib/test/auto/PublisherSubscriberChannelVariablesAOC2.xml (RunModel)" time="0.028" />
  <testcase classname="ptolemy.util.test.junit.AutoTests" name="[293] /home/travis/build/icyphy/ptII/ptolemy/actor/lib/test/auto/PublisherSubscriberD3.xml (RunModel)" time="0.013" />
  <testcase classname="ptolemy.util.test.junit.AutoTests" name="[294] /home/travis/build/icyphy/ptII/ptolemy/actor/lib/test/auto/PublisherSubscriberD3Reverse.xml (RunModel)" time="0.013" />
  <testcase classname="ptolemy.util.test.junit.AutoTests" name="[295] /home/travis/build/icyphy/ptII/ptolemy/actor/lib/test/auto/PublisherSubscriberExpression.xml (RunModel)" time="0.017" />
  <testcase classname="ptolemy.util.test.junit.AutoTests" name="[296] /home/travis/build/icyphy/ptII/ptolemy/actor/lib/test/auto/PublisherSubscriberOpaque.xml (RunModel)" time="0.016" />
  <testcase classname="ptolemy.util.test.junit.AutoTests" name="[297] /home/travis/build/icyphy/ptII/ptolemy/actor/lib/test/auto/PublisherSubscriberOpaqueD3.xml (RunModel)" time="0.034" />
  <testcase classname="ptolemy.util.test.junit.AutoTests" name="[298] /home/travis/build/icyphy/ptII/ptolemy/actor/lib/test/auto/PublisherSubscriberOpaqueD3Reverse.xml (RunModel)" time="0.024" />
  <testcase classname="ptolemy.util.test.junit.AutoTests" name="[299] /home/travis/build/icyphy/ptII/ptolemy/actor/lib/test/auto/PublisherSubscriberOpaqueWidthInference.xml (RunModel)" time="0.015" />
  <testcase classname="ptolemy.util.test.junit.AutoTests" name="[300] /home/travis/build/icyphy/ptII/ptolemy/actor/lib/test/auto/PublisherTestSubscriber.xml (RunModel)" time="0.016" />
  <testcase classname="ptolemy.util.test.junit.AutoTests" name="[301] /home/travis/build/icyphy/ptII/ptolemy/actor/lib/test/auto/PublisherToplevelSubscriberPortAOC.xml (RunModel)" time="0.01" />
  <testcase classname="ptolemy.util.test.junit.AutoTests" name="[302] /home/travis/build/icyphy/ptII/ptolemy/actor/lib/test/auto/PulseFiringLimitDE.xml (RunModel)" time="0.014" />
  <testcase classname="ptolemy.util.test.junit.AutoTests" name="[303] /home/travis/build/icyphy/ptII/ptolemy/actor/lib/test/auto/Ramp1.xml (RunModel)" time="0.007" />
  <testcase classname="ptolemy.util.test.junit.AutoTests" name="[304] /home/travis/build/icyphy/ptII/ptolemy/actor/lib/test/auto/RampFiringLimitDE.xml (RunModel)" time="0.01" />
  <testcase classname="ptolemy.util.test.junit.AutoTests" name="[305] /home/travis/build/icyphy/ptII/ptolemy/actor/lib/test/auto/RampFiringLimitSDF.xml (RunModel)" time="0.009" />
  <testcase classname="ptolemy.util.test.junit.AutoTests" name="[306] /home/travis/build/icyphy/ptII/ptolemy/actor/lib/test/auto/RandomInteger.xml (RunModel)" time="0.009" />
  <testcase classname="ptolemy.util.test.junit.AutoTests" name="[307] /home/travis/build/icyphy/ptII/ptolemy/actor/lib/test/auto/ReadFile1.xml (RunModel)" time="0.007" />
  <testcase classname="ptolemy.util.test.junit.AutoTests" name="[308] /home/travis/build/icyphy/ptII/ptolemy/actor/lib/test/auto/ReadFile2.xml (RunModel)" time="0.006" />
  <testcase classname="ptolemy.util.test.junit.AutoTests" name="[309] /home/travis/build/icyphy/ptII/ptolemy/actor/lib/test/auto/Reader.xml (RunModel)" time="0.014" />
  <testcase classname="ptolemy.util.test.junit.AutoTests" name="[310] /home/travis/build/icyphy/ptII/ptolemy/actor/lib/test/auto/RecordAssemblerDisplayNameTest.xml (RunModel)" time="3.445" />
  <testcase classname="ptolemy.util.test.junit.AutoTests" name="[311] /home/travis/build/icyphy/ptII/ptolemy/actor/lib/test/auto/RecordAssemblerTypeError.xml (RunModel)" time="0.049" />
  <testcase classname="ptolemy.util.test.junit.AutoTests" name="[312] /home/travis/build/icyphy/ptII/ptolemy/actor/lib/test/auto/RecordDisassember.xml (RunModel)" time="0.01" />
  <testcase classname="ptolemy.util.test.junit.AutoTests" name="[313] /home/travis/build/icyphy/ptII/ptolemy/actor/lib/test/auto/RecordDisassemberDisplayNameTest.xml (RunModel)" time="0.02" />
  <testcase classname="ptolemy.util.test.junit.AutoTests" name="[314] /home/travis/build/icyphy/ptII/ptolemy/actor/lib/test/auto/RecordDisassembler.xml (RunModel)" time="0.013" />
  <testcase classname="ptolemy.util.test.junit.AutoTests" name="[315] /home/travis/build/icyphy/ptII/ptolemy/actor/lib/test/auto/RecordDisassembler2.xml (RunModel)" time="0.011" />
  <testcase classname="ptolemy.util.test.junit.AutoTests" name="[316] /home/travis/build/icyphy/ptII/ptolemy/actor/lib/test/auto/RecordUpdater.xml (RunModel)" time="0.009" />
  <testcase classname="ptolemy.util.test.junit.AutoTests" name="[317] /home/travis/build/icyphy/ptII/ptolemy/actor/lib/test/auto/RecordUpdater2.xml (RunModel)" time="0.014" />
  <testcase classname="ptolemy.util.test.junit.AutoTests" name="[318] /home/travis/build/icyphy/ptII/ptolemy/actor/lib/test/auto/RecursiveLattice.xml (RunModel)" time="0.009" />
  <testcase classname="ptolemy.util.test.junit.AutoTests" name="[319] /home/travis/build/icyphy/ptII/ptolemy/actor/lib/test/auto/Router.xml (RunModel)" time="3.026" />
  <testcase classname="ptolemy.util.test.junit.AutoTests" name="[320] /home/travis/build/icyphy/ptII/ptolemy/actor/lib/test/auto/Router2.xml (RunModel)" time="3.029" />
  <testcase classname="ptolemy.util.test.junit.AutoTests" name="[321] /home/travis/build/icyphy/ptII/ptolemy/actor/lib/test/auto/RunningMaximum.xml (RunModel)" time="0.019" />
  <testcase classname="ptolemy.util.test.junit.AutoTests" name="[322] /home/travis/build/icyphy/ptII/ptolemy/actor/lib/test/auto/RunningMinimum.xml (RunModel)" time="0.042" />
  <testcase classname="ptolemy.util.test.junit.AutoTests" name="[323] /home/travis/build/icyphy/ptII/ptolemy/actor/lib/test/auto/Scale.xml (RunModel)" time="0.014" />
  <testcase classname="ptolemy.util.test.junit.AutoTests" name="[324] /home/travis/build/icyphy/ptII/ptolemy/actor/lib/test/auto/Scale2.xml (RunModel)" time="0.009" />
  <testcase classname="ptolemy.util.test.junit.AutoTests" name="[325] /home/travis/build/icyphy/ptII/ptolemy/actor/lib/test/auto/Scale3.xml (RunModel)" time="0.013" />
  <testcase classname="ptolemy.util.test.junit.AutoTests" name="[326] /home/travis/build/icyphy/ptII/ptolemy/actor/lib/test/auto/ScaleArray.xml (RunModel)" time="0.008" />
  <testcase classname="ptolemy.util.test.junit.AutoTests" name="[327] /home/travis/build/icyphy/ptII/ptolemy/actor/lib/test/auto/ScaleArray2.xml (RunModel)" time="0.007" />
  <testcase classname="ptolemy.util.test.junit.AutoTests" name="[328] /home/travis/build/icyphy/ptII/ptolemy/actor/lib/test/auto/ScaleMatrix.xml (RunModel)" time="0.161" />
  <testcase classname="ptolemy.util.test.junit.AutoTests" name="[329] /home/travis/build/icyphy/ptII/ptolemy/actor/lib/test/auto/Select.xml (RunModel)" time="0.015" />
  <testcase classname="ptolemy.util.test.junit.AutoTests" name="[330] /home/travis/build/icyphy/ptII/ptolemy/actor/lib/test/auto/Select2.xml (RunModel)" time="0.007" />
  <testcase classname="ptolemy.util.test.junit.AutoTests" name="[331] /home/travis/build/icyphy/ptII/ptolemy/actor/lib/test/auto/SequenceToArray2.xml (RunModel)" time="0.163" />
  <testcase classname="ptolemy.util.test.junit.AutoTests" name="[332] /home/travis/build/icyphy/ptII/ptolemy/actor/lib/test/auto/SequentialClock.xml (RunModel)" time="0.027" />
  <testcase classname="ptolemy.util.test.junit.AutoTests" name="[333] /home/travis/build/icyphy/ptII/ptolemy/actor/lib/test/auto/SetVariable.xml (RunModel)" time="0.012" />
  <testcase classname="ptolemy.util.test.junit.AutoTests" name="[334] /home/travis/build/icyphy/ptII/ptolemy/actor/lib/test/auto/SetVariable2.xml (RunModel)" time="0.01" />
  <testcase classname="ptolemy.util.test.junit.AutoTests" name="[335] /home/travis/build/icyphy/ptII/ptolemy/actor/lib/test/auto/SetVariable3.xml (RunModel)" time="0.014" />
  <testcase classname="ptolemy.util.test.junit.AutoTests" name="[336] /home/travis/build/icyphy/ptII/ptolemy/actor/lib/test/auto/SetVariable4.xml (RunModel)" time="0.024" />
  <testcase classname="ptolemy.util.test.junit.AutoTests" name="[337] /home/travis/build/icyphy/ptII/ptolemy/actor/lib/test/auto/SetVariable5.xml (RunModel)" time="0.037" />
  <testcase classname="ptolemy.util.test.junit.AutoTests" name="[338] /home/travis/build/icyphy/ptII/ptolemy/actor/lib/test/auto/Sinewave.xml (RunModel)" time="0.027" />
  <testcase classname="ptolemy.util.test.junit.AutoTests" name="[339] /home/travis/build/icyphy/ptII/ptolemy/actor/lib/test/auto/Sinewave2.xml (RunModel)" time="0.016" />
  <testcase classname="ptolemy.util.test.junit.AutoTests" name="[340] /home/travis/build/icyphy/ptII/ptolemy/actor/lib/test/auto/Sinewave3.xml (RunModel)" time="0.022" />
  <testcase classname="ptolemy.util.test.junit.AutoTests" name="[341] /home/travis/build/icyphy/ptII/ptolemy/actor/lib/test/auto/SingleEvent.xml (RunModel)" time="0.009" />
  <testcase classname="ptolemy.util.test.junit.AutoTests" name="[342] /home/travis/build/icyphy/ptII/ptolemy/actor/lib/test/auto/Sleep.xml (RunModel)" time="6.019" />
  <testcase classname="ptolemy.util.test.junit.AutoTests" name="[343] /home/travis/build/icyphy/ptII/ptolemy/actor/lib/test/auto/SleepMultipleFire.xml (RunModel)" time="1.016" />
  <testcase classname="ptolemy.util.test.junit.AutoTests" name="[344] /home/travis/build/icyphy/ptII/ptolemy/actor/lib/test/auto/StopDE.xml (RunModel)" time="0.021" />
  <testcase classname="ptolemy.util.test.junit.AutoTests" name="[345] /home/travis/build/icyphy/ptII/ptolemy/actor/lib/test/auto/StopSDF.xml (RunModel)" time="0.013" />
  <testcase classname="ptolemy.util.test.junit.AutoTests" name="[346] /home/travis/build/icyphy/ptII/ptolemy/actor/lib/test/auto/StringConstant.xml (RunModel)" time="0.015" />
  <testcase classname="ptolemy.util.test.junit.AutoTests" name="[347] /home/travis/build/icyphy/ptII/ptolemy/actor/lib/test/auto/SubscriberPortInitialValues1.xml (RunModel)" time="0.026" />
  <testcase classname="ptolemy.util.test.junit.AutoTests" name="[348] /home/travis/build/icyphy/ptII/ptolemy/actor/lib/test/auto/SubscriberPortInitialValues13.xml (RunModel)" time="0.028" />
  <testcase classname="ptolemy.util.test.junit.AutoTests" name="[349] /home/travis/build/icyphy/ptII/ptolemy/actor/lib/test/auto/SubscriberPortInitialValues14.xml (RunModel)" time="0.015" />
  <testcase classname="ptolemy.util.test.junit.AutoTests" name="[350] /home/travis/build/icyphy/ptII/ptolemy/actor/lib/test/auto/SubscriberPortInitialValues2.xml (RunModel)" time="0.016" />
  <testcase classname="ptolemy.util.test.junit.AutoTests" name="[351] /home/travis/build/icyphy/ptII/ptolemy/actor/lib/test/auto/SubscriberPortInitialValues3.xml (RunModel)" time="0.02" />
  <testcase classname="ptolemy.util.test.junit.AutoTests" name="[352] /home/travis/build/icyphy/ptII/ptolemy/actor/lib/test/auto/SubscriptionAggregator.xml (RunModel)" time="0.012" />
  <testcase classname="ptolemy.util.test.junit.AutoTests" name="[353] /home/travis/build/icyphy/ptII/ptolemy/actor/lib/test/auto/SubscriptionAggregator2.xml (RunModel)" time="0.011" />
  <testcase classname="ptolemy.util.test.junit.AutoTests" name="[354] /home/travis/build/icyphy/ptII/ptolemy/actor/lib/test/auto/SubscriptionAggregator3.xml (RunModel)" time="0.016" />
  <testcase classname="ptolemy.util.test.junit.AutoTests" name="[355] /home/travis/build/icyphy/ptII/ptolemy/actor/lib/test/auto/SubscriptionAggregatorMultiply.xml (RunModel)" time="0.027" />
  <testcase classname="ptolemy.util.test.junit.AutoTests" name="[356] /home/travis/build/icyphy/ptII/ptolemy/actor/lib/test/auto/SubscriptionAggregatorPortMultiply1.xml (RunModel)" time="0.014" />
  <testcase classname="ptolemy.util.test.junit.AutoTests" name="[357] /home/travis/build/icyphy/ptII/ptolemy/actor/lib/test/auto/Switch.xml (RunModel)" time="0.019" />
  <testcase classname="ptolemy.util.test.junit.AutoTests" name="[358] /home/travis/build/icyphy/ptII/ptolemy/actor/lib/test/auto/Switch2.xml (RunModel)" time="0.01" />
  <testcase classname="ptolemy.util.test.junit.AutoTests" name="[359] /home/travis/build/icyphy/ptII/ptolemy/actor/lib/test/auto/SwitchDE.xml (RunModel)" time="0.014" />
  <testcase classname="ptolemy.util.test.junit.AutoTests" name="[360] /home/travis/build/icyphy/ptII/ptolemy/actor/lib/test/auto/SynchronizerDE.xml (RunModel)" time="0.024" />
  <testcase classname="ptolemy.util.test.junit.AutoTests" name="[361] /home/travis/build/icyphy/ptII/ptolemy/actor/lib/test/auto/Test.xml (RunModel)" time="0.019" />
  <testcase classname="ptolemy.util.test.junit.AutoTests" name="[362] /home/travis/build/icyphy/ptII/ptolemy/actor/lib/test/auto/TestExceptionAttribute1.xml (RunModel)" time="0.007" />
  <testcase classname="ptolemy.util.test.junit.AutoTests" name="[363] /home/travis/build/icyphy/ptII/ptolemy/actor/lib/test/auto/TestExceptionAttribute2.xml (RunModel)" time="0.007" />
  <testcase classname="ptolemy.util.test.junit.AutoTests" name="[364] /home/travis/build/icyphy/ptII/ptolemy/actor/lib/test/auto/TestExceptionAttribute3.xml (RunModel)" time="0.01" />
  <testcase classname="ptolemy.util.test.junit.AutoTests" name="[365] /home/travis/build/icyphy/ptII/ptolemy/actor/lib/test/auto/TestExceptionAttribute4.xml (RunModel)" time="0.007" />
  <testcase classname="ptolemy.util.test.junit.AutoTests" name="[366] /home/travis/build/icyphy/ptII/ptolemy/actor/lib/test/auto/TestExceptionHandler1.xml (RunModel)" time="0.009" />
  <testcase classname="ptolemy.util.test.junit.AutoTests" name="[367] /home/travis/build/icyphy/ptII/ptolemy/actor/lib/test/auto/TestExceptionHandler2.xml (RunModel)" time="0.01" />
  <testcase classname="ptolemy.util.test.junit.AutoTests" name="[368] /home/travis/build/icyphy/ptII/ptolemy/actor/lib/test/auto/TestExceptionHandler3.xml (RunModel)" time="0.006" />
  <testcase classname="ptolemy.util.test.junit.AutoTests" name="[369] /home/travis/build/icyphy/ptII/ptolemy/actor/lib/test/auto/TestExceptionHandler4.xml (RunModel)" time="0.005" />
  <testcase classname="ptolemy.util.test.junit.AutoTests" name="[370] /home/travis/build/icyphy/ptII/ptolemy/actor/lib/test/auto/TestRequireCorrectOrder.xml (RunModel)" time="0.008" />
  <testcase classname="ptolemy.util.test.junit.AutoTests" name="[371] /home/travis/build/icyphy/ptII/ptolemy/actor/lib/test/auto/TestSimple.xml (RunModel)" time="0.01" />
  <testcase classname="ptolemy.util.test.junit.AutoTests" name="[372] /home/travis/build/icyphy/ptII/ptolemy/actor/lib/test/auto/ThrowModelError.xml (RunModel)" time="0.01" />
  <testcase classname="ptolemy.util.test.junit.AutoTests" name="[373] /home/travis/build/icyphy/ptII/ptolemy/actor/lib/test/auto/TimeDelayMicrosteps.xml (RunModel)" time="0.015" />
  <testcase classname="ptolemy.util.test.junit.AutoTests" name="[374] /home/travis/build/icyphy/ptII/ptolemy/actor/lib/test/auto/TimeDelayMicrosteps2.xml (RunModel)" time="0.014" />
  <testcase classname="ptolemy.util.test.junit.AutoTests" name="[375] /home/travis/build/icyphy/ptII/ptolemy/actor/lib/test/auto/TimeDelayMicrosteps3.xml (RunModel)" time="0.012" />
  <testcase classname="ptolemy.util.test.junit.AutoTests" name="[376] /home/travis/build/icyphy/ptII/ptolemy/actor/lib/test/auto/TimeDelayVariableMicrosteps.xml (RunModel)" time="0.013" />
  <testcase classname="ptolemy.util.test.junit.AutoTests" name="[377] /home/travis/build/icyphy/ptII/ptolemy/actor/lib/test/auto/TimeGap.xml (RunModel)" time="0.027" />
  <testcase classname="ptolemy.util.test.junit.AutoTests" name="[378] /home/travis/build/icyphy/ptII/ptolemy/actor/lib/test/auto/TimeGap2.xml (RunModel)" time="0.011" />
  <testcase classname="ptolemy.util.test.junit.AutoTests" name="[379] /home/travis/build/icyphy/ptII/ptolemy/actor/lib/test/auto/TimedSinewave.xml (RunModel)" time="0.058" />
  <testcase classname="ptolemy.util.test.junit.AutoTests" name="[380] /home/travis/build/icyphy/ptII/ptolemy/actor/lib/test/auto/TimedSinewavePhase.xml (RunModel)" time="0.031" />
  <testcase classname="ptolemy.util.test.junit.AutoTests" name="[381] /home/travis/build/icyphy/ptII/ptolemy/actor/lib/test/auto/Timer.xml (RunModel)" time="0.017" />
  <testcase classname="ptolemy.util.test.junit.AutoTests" name="[382] /home/travis/build/icyphy/ptII/ptolemy/actor/lib/test/auto/TriangularDistTestModel.xml (RunModel)" time="0.019" />
  <testcase classname="ptolemy.util.test.junit.AutoTests" name="[383] /home/travis/build/icyphy/ptII/ptolemy/actor/lib/test/auto/TrigFunction.xml (RunModel)" time="0.008" />
  <testcase classname="ptolemy.util.test.junit.AutoTests" name="[384] /home/travis/build/icyphy/ptII/ptolemy/actor/lib/test/auto/TrigFunctionDE.xml (RunModel)" time="0.011" />
  <testcase classname="ptolemy.util.test.junit.AutoTests" name="[385] /home/travis/build/icyphy/ptII/ptolemy/actor/lib/test/auto/TrigFunctionInverse.xml (RunModel)" time="0.009" />
  <testcase classname="ptolemy.util.test.junit.AutoTests" name="[386] /home/travis/build/icyphy/ptII/ptolemy/actor/lib/test/auto/TrigFunctionTan.xml (RunModel)" time="0.007" />
  <testcase classname="ptolemy.util.test.junit.AutoTests" name="[387] /home/travis/build/icyphy/ptII/ptolemy/actor/lib/test/auto/TriggeredClock.xml (RunModel)" time="0.008" />
  <testcase classname="ptolemy.util.test.junit.AutoTests" name="[388] /home/travis/build/icyphy/ptII/ptolemy/actor/lib/test/auto/URLDirectoryReader.xml (RunModel)" time="0.133" />
  <testcase classname="ptolemy.util.test.junit.AutoTests" name="[389] /home/travis/build/icyphy/ptII/ptolemy/actor/lib/test/auto/URLDirectoryReader3.xml (RunModel)" time="1.35" />
  <testcase classname="ptolemy.util.test.junit.AutoTests" name="[390] /home/travis/build/icyphy/ptII/ptolemy/actor/lib/test/auto/UnaryMathFunction.xml (RunModel)" time="0.051" />
  <testcase classname="ptolemy.util.test.junit.AutoTests" name="[391] /home/travis/build/icyphy/ptII/ptolemy/actor/lib/test/auto/Uniform.xml (RunModel)" time="0.01" />
  <testcase classname="ptolemy.util.test.junit.AutoTests" name="[392] /home/travis/build/icyphy/ptII/ptolemy/actor/lib/test/auto/UnionDisassemblerTest.xml (RunModel)" time="0.025" />
  <testcase classname="ptolemy.util.test.junit.AutoTests" name="[393] /home/travis/build/icyphy/ptII/ptolemy/actor/lib/test/auto/UtilityFunctions.xml (RunModel)" time="0.012" />
  <testcase classname="ptolemy.util.test.junit.AutoTests" name="[394] /home/travis/build/icyphy/ptII/ptolemy/actor/lib/test/auto/VariableSleep.xml (RunModel)" time="0.513" />
  <testcase classname="ptolemy.util.test.junit.AutoTests" name="[395] /home/travis/build/icyphy/ptII/ptolemy/actor/lib/test/auto/VectorAssemblerDisassemblerCT.xml (RunModel)" time="0.124" />
  <testcase classname="ptolemy.util.test.junit.AutoTests" name="[396] /home/travis/build/icyphy/ptII/ptolemy/actor/lib/test/auto/VectorAssemblerDisassemblerDE.xml (RunModel)" time="0.013" />
  <testcase classname="ptolemy.util.test.junit.AutoTests" name="[397] /home/travis/build/icyphy/ptII/ptolemy/actor/lib/test/auto/VectorAssemblerDisassemblerSDF.xml (RunModel)" time="0.011" />
  <testcase classname="ptolemy.util.test.junit.AutoTests" name="[398] /home/travis/build/icyphy/ptII/ptolemy/actor/lib/test/auto/WallClockTime.xml (RunModel)" time="1.013" />
  <testcase classname="ptolemy.util.test.junit.AutoTests" name="[399] /home/travis/build/icyphy/ptII/ptolemy/actor/lib/test/auto/WidthTestWithSubscriberPublisher.xml (RunModel)" time="0.043" />
  <testcase classname="ptolemy.util.test.junit.AutoTests" name="[400] /home/travis/build/icyphy/ptII/ptolemy/actor/lib/test/auto/WidthTestWithSubscriberPublisher2.xml (RunModel)" time="0.015" />
  <testcase classname="ptolemy.util.test.junit.AutoTests" name="[401] /home/travis/build/icyphy/ptII/ptolemy/actor/lib/test/auto/WidthTestWithSubscriberPublisher3.xml (RunModel)" time="0.012" />
  <testcase classname="ptolemy.util.test.junit.AutoTests" name="[402] /home/travis/build/icyphy/ptII/ptolemy/actor/lib/test/auto/Writer.xml (RunModel)" time="0.008" />
  <testcase classname="ptolemy.util.test.junit.AutoTests" name="[403] /home/travis/build/icyphy/ptII/ptolemy/actor/lib/test/auto/array.xml (RunModel)" time="0.025" />
  <testcase classname="ptolemy.util.test.junit.AutoTests" name="[404] /home/travis/build/icyphy/ptII/ptolemy/actor/lib/test/auto/array2.xml (RunModel)" time="0.02" />
  <testcase classname="ptolemy.util.test.junit.AutoTests" name="[405] /home/travis/build/icyphy/ptII/ptolemy/actor/lib/test/auto/arrayType.xml (RunModel)" time="0.01" />
  <testcase classname="ptolemy.util.test.junit.AutoTests" name="[406] /home/travis/build/icyphy/ptII/ptolemy/actor/lib/test/auto/arrayType10.xml (RunModel)" time="0.009" />
  <testcase classname="ptolemy.util.test.junit.AutoTests" name="[407] /home/travis/build/icyphy/ptII/ptolemy/actor/lib/test/auto/arrayType11.xml (RunModel)" time="0.012" />
  <testcase classname="ptolemy.util.test.junit.AutoTests" name="[408] /home/travis/build/icyphy/ptII/ptolemy/actor/lib/test/auto/arrayType12.xml (RunModel)" time="0.009" />
  <testcase classname="ptolemy.util.test.junit.AutoTests" name="[409] /home/travis/build/icyphy/ptII/ptolemy/actor/lib/test/auto/arrayType13.xml (RunModel)" time="0.008" />
  <testcase classname="ptolemy.util.test.junit.AutoTests" name="[410] /home/travis/build/icyphy/ptII/ptolemy/actor/lib/test/auto/arrayType14.xml (RunModel)" time="0.009" />
  <testcase classname="ptolemy.util.test.junit.AutoTests" name="[411] /home/travis/build/icyphy/ptII/ptolemy/actor/lib/test/auto/arrayType15.xml (RunModel)" time="0.01" />
  <testcase classname="ptolemy.util.test.junit.AutoTests" name="[412] /home/travis/build/icyphy/ptII/ptolemy/actor/lib/test/auto/arrayType16.xml (RunModel)" time="0.008" />
  <testcase classname="ptolemy.util.test.junit.AutoTests" name="[413] /home/travis/build/icyphy/ptII/ptolemy/actor/lib/test/auto/arrayType17.xml (RunModel)" time="0.008" />
  <testcase classname="ptolemy.util.test.junit.AutoTests" name="[414] /home/travis/build/icyphy/ptII/ptolemy/actor/lib/test/auto/arrayType18.xml (RunModel)" time="0.008" />
  <testcase classname="ptolemy.util.test.junit.AutoTests" name="[415] /home/travis/build/icyphy/ptII/ptolemy/actor/lib/test/auto/arrayType19.xml (RunModel)" time="0.008" />
  <testcase classname="ptolemy.util.test.junit.AutoTests" name="[416] /home/travis/build/icyphy/ptII/ptolemy/actor/lib/test/auto/arrayType2.xml (RunModel)" time="0.008" />
  <testcase classname="ptolemy.util.test.junit.AutoTests" name="[417] /home/travis/build/icyphy/ptII/ptolemy/actor/lib/test/auto/arrayType20.xml (RunModel)" time="0.009" />
  <testcase classname="ptolemy.util.test.junit.AutoTests" name="[418] /home/travis/build/icyphy/ptII/ptolemy/actor/lib/test/auto/arrayType21.xml (RunModel)" time="0.008" />
  <testcase classname="ptolemy.util.test.junit.AutoTests" name="[419] /home/travis/build/icyphy/ptII/ptolemy/actor/lib/test/auto/arrayType22.xml (RunModel)" time="0.008" />
  <testcase classname="ptolemy.util.test.junit.AutoTests" name="[420] /home/travis/build/icyphy/ptII/ptolemy/actor/lib/test/auto/arrayType23.xml (RunModel)" time="0.007" />
  <testcase classname="ptolemy.util.test.junit.AutoTests" name="[421] /home/travis/build/icyphy/ptII/ptolemy/actor/lib/test/auto/arrayType24.xml (RunModel)" time="0.008" />
  <testcase classname="ptolemy.util.test.junit.AutoTests" name="[422] /home/travis/build/icyphy/ptII/ptolemy/actor/lib/test/auto/arrayType25.xml (RunModel)" time="0.008" />
  <testcase classname="ptolemy.util.test.junit.AutoTests" name="[423] /home/travis/build/icyphy/ptII/ptolemy/actor/lib/test/auto/arrayType26.xml (RunModel)" time="0.008" />
  <testcase classname="ptolemy.util.test.junit.AutoTests" name="[424] /home/travis/build/icyphy/ptII/ptolemy/actor/lib/test/auto/arrayType27.xml (RunModel)" time="0.009" />
  <testcase classname="ptolemy.util.test.junit.AutoTests" name="[425] /home/travis/build/icyphy/ptII/ptolemy/actor/lib/test/auto/arrayType28.xml (RunModel)" time="0.01" />
  <testcase classname="ptolemy.util.test.junit.AutoTests" name="[426] /home/travis/build/icyphy/ptII/ptolemy/actor/lib/test/auto/arrayType3.xml (RunModel)" time="0.013" />
  <testcase classname="ptolemy.util.test.junit.AutoTests" name="[427] /home/travis/build/icyphy/ptII/ptolemy/actor/lib/test/auto/arrayType4.xml (RunModel)" time="0.008" />
  <testcase classname="ptolemy.util.test.junit.AutoTests" name="[428] /home/travis/build/icyphy/ptII/ptolemy/actor/lib/test/auto/arrayType5.xml (RunModel)" time="0.009" />
  <testcase classname="ptolemy.util.test.junit.AutoTests" name="[429] /home/travis/build/icyphy/ptII/ptolemy/actor/lib/test/auto/arrayType6.xml (RunModel)" time="0.007" />
  <testcase classname="ptolemy.util.test.junit.AutoTests" name="[430] /home/travis/build/icyphy/ptII/ptolemy/actor/lib/test/auto/arrayType7.xml (RunModel)" time="0.014" />
  <testcase classname="ptolemy.util.test.junit.AutoTests" name="[431] /home/travis/build/icyphy/ptII/ptolemy/actor/lib/test/auto/arrayType8.xml (RunModel)" time="0.009" />
  <testcase classname="ptolemy.util.test.junit.AutoTests" name="[432] /home/travis/build/icyphy/ptII/ptolemy/actor/lib/test/auto/arrayType9.xml (RunModel)" time="0.008" />
  <testcase classname="ptolemy.util.test.junit.AutoTests" name="[433] /home/travis/build/icyphy/ptII/ptolemy/actor/lib/test/auto/cast.xml (RunModel)" time="0.02" />
  <testcase classname="ptolemy.util.test.junit.AutoTests" name="[434] /home/travis/build/icyphy/ptII/ptolemy/actor/lib/test/auto/compositeMultiPort.xml (RunModel)" time="0.018" />
  <testcase classname="ptolemy.util.test.junit.AutoTests" name="[435] /home/travis/build/icyphy/ptII/ptolemy/actor/lib/test/auto/expressionCastInference.xml (RunModel)" time="0.008" />
  <testcase classname="ptolemy.util.test.junit.AutoTests" name="[436] /home/travis/build/icyphy/ptII/ptolemy/actor/lib/test/auto/expressionCastInference2.xml (RunModel)" time="0.007" />
  <testcase classname="ptolemy.util.test.junit.AutoTests" name="[437] /home/travis/build/icyphy/ptII/ptolemy/actor/lib/test/auto/expressionInference.xml (RunModel)" time="0.007" />
  <testcase classname="ptolemy.util.test.junit.AutoTests" name="[438] /home/travis/build/icyphy/ptII/ptolemy/actor/lib/test/auto/expression_bug.xml (RunModel)" time="0.037" />
  <testcase classname="ptolemy.util.test.junit.AutoTests" name="[439] /home/travis/build/icyphy/ptII/ptolemy/actor/lib/test/auto/factorial.xml (RunModel)" time="0.093" />
  <testcase classname="ptolemy.util.test.junit.AutoTests" name="[440] /home/travis/build/icyphy/ptII/ptolemy/actor/lib/test/auto/filterTest1.xml (RunModel)" time="0.072" />
  <testcase classname="ptolemy.util.test.junit.AutoTests" name="[441] /home/travis/build/icyphy/ptII/ptolemy/actor/lib/test/auto/funcApplyInConst.xml (RunModel)" time="0.027" />
  <testcase classname="ptolemy.util.test.junit.AutoTests" name="[442] /home/travis/build/icyphy/ptII/ptolemy/actor/lib/test/auto/funcApplyInExpr.xml (RunModel)" time="0.032" />
  <testcase classname="ptolemy.util.test.junit.AutoTests" name="[443] /home/travis/build/icyphy/ptII/ptolemy/actor/lib/test/auto/function.xml (RunModel)" time="0.035" />
  <testcase classname="ptolemy.util.test.junit.AutoTests" name="[444] /home/travis/build/icyphy/ptII/ptolemy/actor/lib/test/auto/function2.xml (RunModel)" time="0.009" />
  <testcase classname="ptolemy.util.test.junit.AutoTests" name="[445] /home/travis/build/icyphy/ptII/ptolemy/actor/lib/test/auto/function3.xml (RunModel)" time="0.006" />
  <testcase classname="ptolemy.util.test.junit.AutoTests" name="[446] /home/travis/build/icyphy/ptII/ptolemy/actor/lib/test/auto/functionClosureTest1.xml (RunModel)" time="0.01" />
  <testcase classname="ptolemy.util.test.junit.AutoTests" name="[447] /home/travis/build/icyphy/ptII/ptolemy/actor/lib/test/auto/functionClosureTest2.xml (RunModel)" time="0.006" />
  <testcase classname="ptolemy.util.test.junit.AutoTests" name="[448] /home/travis/build/icyphy/ptII/ptolemy/actor/lib/test/auto/functionClosureTest3.xml (RunModel)" time="0.009" />
  <testcase classname="ptolemy.util.test.junit.AutoTests" name="[449] /home/travis/build/icyphy/ptII/ptolemy/actor/lib/test/auto/functionClosureTest4.xml (RunModel)" time="0.014" />
  <testcase classname="ptolemy.util.test.junit.AutoTests" name="[450] /home/travis/build/icyphy/ptII/ptolemy/actor/lib/test/auto/functionClosureTest5.xml (RunModel)" time="0.011" />
  <testcase classname="ptolemy.util.test.junit.AutoTests" name="[451] /home/travis/build/icyphy/ptII/ptolemy/actor/lib/test/auto/functionClosureTest6.xml (RunModel)" time="0.008" />
  <testcase classname="ptolemy.util.test.junit.AutoTests" name="[452] /home/travis/build/icyphy/ptII/ptolemy/actor/lib/test/auto/functionsOnArcs.xml (RunModel)" time="0.012" />
  <testcase classname="ptolemy.util.test.junit.AutoTests" name="[453] /home/travis/build/icyphy/ptII/ptolemy/actor/lib/test/auto/functionsOnArcsHOF.xml (RunModel)" time="0.011" />
  <testcase classname="ptolemy.util.test.junit.AutoTests" name="[454] /home/travis/build/icyphy/ptII/ptolemy/actor/lib/test/auto/logic.xml (RunModel)" time="0.017" />
  <testcase classname="ptolemy.util.test.junit.AutoTests" name="[455] /home/travis/build/icyphy/ptII/ptolemy/actor/lib/test/auto/matrixType.xml (RunModel)" time="0.009" />
  <testcase classname="ptolemy.util.test.junit.AutoTests" name="[456] /home/travis/build/icyphy/ptII/ptolemy/actor/lib/test/auto/matrixType10.xml (RunModel)" time="0.009" />
  <testcase classname="ptolemy.util.test.junit.AutoTests" name="[457] /home/travis/build/icyphy/ptII/ptolemy/actor/lib/test/auto/matrixType11.xml (RunModel)" time="0.008" />
  <testcase classname="ptolemy.util.test.junit.AutoTests" name="[458] /home/travis/build/icyphy/ptII/ptolemy/actor/lib/test/auto/matrixType12.xml (RunModel)" time="0.016" />
  <testcase classname="ptolemy.util.test.junit.AutoTests" name="[459] /home/travis/build/icyphy/ptII/ptolemy/actor/lib/test/auto/matrixType13.xml (RunModel)" time="0.007" />
  <testcase classname="ptolemy.util.test.junit.AutoTests" name="[460] /home/travis/build/icyphy/ptII/ptolemy/actor/lib/test/auto/matrixType14.xml (RunModel)" time="0.009" />
  <testcase classname="ptolemy.util.test.junit.AutoTests" name="[461] /home/travis/build/icyphy/ptII/ptolemy/actor/lib/test/auto/matrixType2.xml (RunModel)" time="0.01" />
  <testcase classname="ptolemy.util.test.junit.AutoTests" name="[462] /home/travis/build/icyphy/ptII/ptolemy/actor/lib/test/auto/matrixType3.xml (RunModel)" time="0.01" />
  <testcase classname="ptolemy.util.test.junit.AutoTests" name="[463] /home/travis/build/icyphy/ptII/ptolemy/actor/lib/test/auto/matrixType4.xml (RunModel)" time="0.008" />
  <testcase classname="ptolemy.util.test.junit.AutoTests" name="[464] /home/travis/build/icyphy/ptII/ptolemy/actor/lib/test/auto/matrixType5.xml (RunModel)" time="0.008" />
  <testcase classname="ptolemy.util.test.junit.AutoTests" name="[465] /home/travis/build/icyphy/ptII/ptolemy/actor/lib/test/auto/matrixType6.xml (RunModel)" time="0.008" />
  <testcase classname="ptolemy.util.test.junit.AutoTests" name="[466] /home/travis/build/icyphy/ptII/ptolemy/actor/lib/test/auto/matrixType7.xml (RunModel)" time="0.008" />
  <testcase classname="ptolemy.util.test.junit.AutoTests" name="[467] /home/travis/build/icyphy/ptII/ptolemy/actor/lib/test/auto/matrixType8.xml (RunModel)" time="0.008" />
  <testcase classname="ptolemy.util.test.junit.AutoTests" name="[468] /home/travis/build/icyphy/ptII/ptolemy/actor/lib/test/auto/matrixType9.xml (RunModel)" time="0.008" />
  <testcase classname="ptolemy.util.test.junit.AutoTests" name="[469] /home/travis/build/icyphy/ptII/ptolemy/actor/lib/test/auto/paraFunctest.xml (RunModel)" time="0.007" />
  <testcase classname="ptolemy.util.test.junit.AutoTests" name="[470] /home/travis/build/icyphy/ptII/ptolemy/actor/lib/test/auto/paraFunctest2.xml (RunModel)" time="0.013" />
  <testcase classname="ptolemy.util.test.junit.AutoTests" name="[471] /home/travis/build/icyphy/ptII/ptolemy/actor/lib/test/auto/parameterPassing.xml (RunModel)" time="0.009" />
  <testcase classname="ptolemy.util.test.junit.AutoTests" name="[472] /home/travis/build/icyphy/ptII/ptolemy/actor/lib/test/auto/record.xml (RunModel)" time="0.01" />
  <testcase classname="ptolemy.util.test.junit.AutoTests" name="[473] /home/travis/build/icyphy/ptII/ptolemy/actor/lib/test/auto/sizedarray1.xml (RunModel)" time="0.009" />
  <testcase classname="ptolemy.util.test.junit.AutoTests" name="[474] /home/travis/build/icyphy/ptII/ptolemy/actor/lib/test/auto/sizedarray2.xml (RunModel)" time="0.01" />
  <testcase classname="ptolemy.util.test.junit.AutoTests" name="[475] /home/travis/build/icyphy/ptII/ptolemy/actor/lib/test/auto/twoPublishers.xml (RunModel)" time="0.021" />
  <system-out><![CDATA[/home/travis/build/icyphy/ptII/ptolemy/actor/lib/test/AbsoluteValue.tcl
testDefs.tcl: setting time out to 9000 seconds at Fri Sep 20 05:47:25 UTC 2019
101 ms. Memory: 120832K Free: 85960K (71%)
12 ms. Memory: 120832K Free: 84415K (70%)
7 ms. Memory: 120832K Free: 83398K (69%)
12 ms. Memory: 120832K Free: 82888K (69%)
/home/travis/build/icyphy/ptII/ptolemy/actor/lib/test/AddSubtract.tcl
23 ms. Memory: 120832K Free: 80840K (67%)
15 ms. Memory: 120832K Free: 79816K (66%)
15 ms. Memory: 120832K Free: 79287K (66%)
16 ms. Memory: 120832K Free: 78271K (65%)
82 ms. Memory: 120832K Free: 75720K (63%)
9 ms. Memory: 120832K Free: 74696K (62%)
/home/travis/build/icyphy/ptII/ptolemy/actor/lib/test/Average.tcl
16 ms. Memory: 120832K Free: 73143K (61%)
14 ms. Memory: 120832K Free: 72103K (60%)
/home/travis/build/icyphy/ptII/ptolemy/actor/lib/test/Bernoulli.tcl
13 ms. Memory: 120832K Free: 70055K (58%)
7 ms. Memory: 120832K Free: 70055K (58%)
/home/travis/build/icyphy/ptII/ptolemy/actor/lib/test/Clock.tcl
preinitializing
resolving types
initializing
executing number 1
wrapping up
idle
45 ms. Memory: 120832K Free: 67014K (55%)
Completed execution with 5 iterations
preinitializing
resolving types
initializing
executing number 1
wrapping up
idle
13 ms. Memory: 120832K Free: 66504K (55%)
Completed execution with 5 iterations
preinitializing
resolving types
initializing
executing number 1
wrapping up
idle
6 ms. Memory: 120832K Free: 65990K (55%)
Completed execution with 5 iterations
/home/travis/build/icyphy/ptII/ptolemy/actor/lib/test/Commutator.tcl
13 ms. Memory: 120832K Free: 63927K (53%)
19 ms. Memory: 120832K Free: 62918K (52%)
24 ms. Memory: 120832K Free: 57288K (47%)
/home/travis/build/icyphy/ptII/ptolemy/actor/lib/test/Const.tcl
12 ms. Memory: 120832K Free: 55743K (46%)
4 ms. Memory: 120832K Free: 55240K (46%)
4 ms. Memory: 120832K Free: 54726K (45%)
2 ms. Memory: 120832K Free: 54216K (45%)
2 ms. Memory: 120832K Free: 53192K (44%)
26 ms. Memory: 120832K Free: 51654K (43%)
7 ms. Memory: 120832K Free: 50623K (42%)
4 ms. Memory: 120832K Free: 49591K (41%)
/home/travis/build/icyphy/ptII/ptolemy/actor/lib/test/CurrentTime.tcl
preinitializing
resolving types
initializing
executing number 1
wrapping up
idle
15 ms. Memory: 120832K Free: 48072K (40%)
Completed execution with 11 iterations
/home/travis/build/icyphy/ptII/ptolemy/actor/lib/test/DB.tcl
9 ms. Memory: 120832K Free: 46024K (38%)
35 ms. Memory: 120832K Free: 107110K (89%)
3 ms. Memory: 120832K Free: 106615K (88%)
/home/travis/build/icyphy/ptII/ptolemy/actor/lib/test/DiscreteRandomSource.tcl
preinitializing
resolving types
initializing
executing number 1
wrapping up
idle
9 ms. Memory: 120832K Free: 105589K (87%)
Completed execution with 4 iterations
preinitializing
resolving types
initializing
executing number 1
wrapping up
idle
3 ms. Memory: 120832K Free: 105077K (87%)
Completed execution with 4 iterations
preinitializing
resolving types
initializing
executing number 1
wrapping up
idle
5 ms. Memory: 120832K Free: 104567K (87%)
Completed execution with 4 iterations
preinitializing
resolving types
initializing
executing number 1
wrapping up
idle
9 ms. Memory: 120832K Free: 104053K (86%)
Completed execution with 4 iterations
preinitializing
resolving types
initializing
executing number 1
wrapping up
idle
11 ms. Memory: 120832K Free: 103543K (86%)
Completed execution with 4 iterations
/home/travis/build/icyphy/ptII/ptolemy/actor/lib/test/Distributor.tcl
4 ms. Memory: 120832K Free: 102005K (84%)
7 ms. Memory: 120832K Free: 101462K (84%)
StreamChangeRequest.changeExecuted(): <deleteEntity name="rec2"/> succeeded
StreamChangeRequest.changeExecuted(): <deleteRelation name="r2"/> succeeded
StreamChangeRequest.changeExecuted(): Record firings per iteration succeeded
11 ms. Memory: 120832K Free: 98902K (82%)
/home/travis/build/icyphy/ptII/ptolemy/actor/lib/test/Exit.tcl
Exit.tcl: this will print a message about Manager.exitAfterWrapup, which can be ignored.
4 ms. Memory: 120832K Free: 103448K (86%)
/home/travis/build/icyphy/ptII/ptolemy/actor/lib/test/Expression.tcl
22 ms. Memory: 120832K Free: 100211K (83%)
7 ms. Memory: 120832K Free: 99615K (82%)
4 ms. Memory: 120832K Free: 98761K (82%)
preinitializing
resolving types
initializing
executing number 1
wrapping up
idle
12 ms. Memory: 120832K Free: 97131K (80%)
Completed execution with 6 iterations
8 ms. Memory: 120832K Free: 96543K (80%)
3 ms. Memory: 120832K Free: 95689K (79%)
11 ms. Memory: 120832K Free: 94611K (78%)
4 ms. Memory: 120832K Free: 93035K (77%)
6 ms. Memory: 120832K Free: 91989K (76%)
/home/travis/build/icyphy/ptII/ptolemy/actor/lib/test/Gaussian.tcl
7 ms. Memory: 120832K Free: 90399K (75%)
sleeping 1 seconds: ........................................................................................................................................................................................................................................................................................................................................................................................................................................................................................................................................................................................................................................................................................................................................................................................................................................................................................................................................................................................................................................................................................................................................................................................................................................................................................................................................................................................................................................................................................................................................................................................................................................................................................................................................................................................................................................................................................................................................................................................................................................................................................................................................................................................................................................................................................................................................................................................................................................................................................................................................................................................................................................................................................................................................................................................................................................................................................................................................................................................................................................................................................................................................................................................................................................................................................................................................................................................................................................................................................................................................................................................................................................................................................................................................................................................................................................................................................................................................................................................................................................................................................................................................................................................................................................................................................................................................................................................................................................................................................................................................................................................................................................................................................................................................................................................................................................................................................................................................................................................................................................................................................................................................................................................................................................................................................................................................................................................................................................................................................................................................................................................................................................................................................................................................................................................................................................................................................................................................................................................................................................................................................................................................................................................................................................................................................................................................................................................................................................................................................................................................................................................................................................................................................................................................................................................................................................................................................................................................................................................................................................................................................................................................................................................................................................................................................................................................................................................................................................................................................................................................................................................................................................................................................................................................................................................................................................................................................................................................................................................................................................................................................................................................................................................................................................................................................................................................................................................................................................................................................................................................................................................................................................................................................................................................................................................................................................................................................................................................................................................................................................................................................................................................................................................................................................................................................................................................................................................................................................................................................................................................................................................................................................................................................................................................................................................................................................................................................................................................................................................................................................................................................................................................................................................................................................................................................................................................................................................................................................................................................................................................................................................................................................................................................................................................................................................................................................................................................................................................................................................................................................................................................................................................................................................................................................................................................................................................................................................................................................................................................................................................................................................................................................................................................................................................................................................................................................................................................................................................................................................................................................................................................................................................................................................................................................................................................................................................................................................................................................................................................................................................................................................................................................................................................................................................................................................................................................................................................................................................................................................................................................................................................................................................................................................................................................................................................................................................................................................................................................................................................................................................................................................................................................................................................................................................................................................................................................................................................................................................................................................................................................................................................................................................................................................................................................................................................................................................................................................................................................................................................................................................................................................................................................................................................................................................................................................................................................................................................................................................................................................................................................................................................................................................................................................................................................................................................................................................................................................................................................................................................................................................................................................................................................................................................................................................................................................................................................................................................................................................................................................................................................................................................................................................................................................................................................................................................................................................................................................................................................................................................................................................................................................................................................................................................................................................................................................................................................................................................................................................................................................................................................................................................................................................................................................................................................................................................................................................................................................................................................................................................................................................................................................................................................................................................................................................................................................................................................................................................................................................................................................................................................................................................................................................................................................................................................................................................................................................................................................................................................................................................................................................................................................................................................................................................................................................................................................................................................................................................................................................................................................................................................................................................................................................................................................................................................................................................................................................................................................................................................................................................................................................................................................................................................................................................................................................................................................................................................................................................................................................................................................................................................................................................................................................................................................................................................................................................................................................................................................................................................................................................................................................................................................................................................................................................................................................................................................................................................................................................................................................................................................................................................................................................................................................................................................................................................................................................................................................................................................................................................................................................................................................................................................................................................................................................................................................................................................................................................................................................................................................................................................................................................................................................................................................................................................................................................................................................................................................................................................................................................................................................................................................................................................................................................................................................................................................................................................................................................................................................................................................................................................................................................................................................................................................................................................................................................................................................................................................................................................................................................................................................................................................................................................................................................................................................................................................................................................................................................................................................................................................................................................................................................................................................................................................................................................................................................................................................................................................................................................................................................................................................................................................................................................................................................................................................................................................................................................................................................................................................................................................................................................................................................................................................................................................................................................................................................................................................................................................................................................................................................................................................................................................................................................................................................................................................................................................................................................................................................................................................................................................................................................................................................................................................................................................................................................................................................................................................................................................................................................................................................................................................................................................................................................................................................................................................................................................................................................................................................................................................................................................................................................................................................................................................................................................................................................................................................................................................................................................................................................................................................................................................................................................................................................................................................................................................................................................................................................................................................................................................................................................................................................................................................................................................................................................................................................................................................................................................................................................................................................................................................................................................................................................................................................................................................................................................................................................................................................................................................................................................................................................................................................................................................................................................................................................................................................................................................................................................................................................................................................................................................................................................................................................................................................................................................................................................................................................................................................................................................................................................................................................................................................................................................................................................................................................................................................................................................................................................................................................................................................................................................................................................................................................................................................................................................................................................................................................................................................................................................................................................................................................................................................................................................................................................................................................................................................................................................................................................................................................................................................................................................................................................................................................................................................................................................................................................................................................................................................................................................................................................................................................................................................................................................................................................................................................................................................................................................................................................................................................................................................................................................................................................................................................................................................................................................................................................................................................................................................................................................................................................................................................................................................................................................................................................................................................................................................................................................................................................................................................................................................................................................................................................................................................................................................................................................................................................................................................................................................................................................................................................................................................................................................................................................................................................................................................................................................................................................................................................................................................................................................................................................................................................................................................................................................................................................................................................................................................................................................................................................................................................................................................................................................................................................................................................................................................................................................................................................................................................................................................................................................................................................................................................................................................................................................................................................................................................................................................................................................................................................................................................................................................................................................................................................................................................................................................................................................................................................................................................................................................................................................................................................................................................................................................................................................................................................................................................................................................................................................................................................................................................................................................................................................................................................................................................................................................................................................................................................................................................................................................................................................................................................................................................................................................................................................................................................................................................................................................................................................................................................................................................................................................................................................................................................................................................................................................................................................................................................................................................................................................................................................................................................................................................................................................................................................................................................................................................................................................................................................................................................................................................................................................................................................................................................................................................................................................................................................................................................................................................................................................................................................................................................................................................................................................................................................................................................................................................................................................................................................................................................................................................................................................................................................................................................................................................................................................................................................................................................................................................................................................................................................................................................................................................................................................................................................................................................................................................................................................................................................................................................................................................................................................................................................................................................................................................................................................................................................................................................................................................................................................................................................................................................................................................................................................................................................................................................................................................................................................................................................................................................................................................................................................................................................................................................................................................................................................................................................................................................................................................................................................................................................................................................................................................................................................................................................................................................................................................................................................................................................................................................................................................................................................................................................................................................................................................................................................................................................................................................................................................................................................................................................................................................................................................................................................................................................................................................................................................................................................................................................................................................................................................................................................................................................................................................................................................................................................................................................................................................................................................................................................................................................................................................................................................................................................................................................................................................................................................................................................................................................................................................................................................................................................................................................................................................................................................................................................................................................................................................................................................................................................................................................................................................................................................................................................................................................................................................................................................................................................................................................................................................................................................................................................................................................................................................................................................................................................................................................................................................................................................................................................................................................................................................................................................................................................................................................................................................................................................................................................................................................................................................................................................................................................................................................................................................................................................................................................................................................................................................................................................................................................................................................................................................................................................................................................................................................................................................................................................................................................................................................................................................................................................................................................................................................................................................................................................................................................................................................................................................................................................................................................................................................................................................................................................................................................................................................................................................................................................................................................................................................................................................................................................................................................................................................................................................................................................................................................................................................................................................................................................................................................................................................................................................................................................................................................................................................................................................................................................................................................................................................................................................................................................................................................................................................................................................................................................................................................................................................................................................................................................................................................................................................................................................................................................................................................................................................................................................................................................................................................................................................................................................................................................................................................................................................................................................................................................................................................................................................................................................................................................................................................................................................................................................................................................................................................................................................................................................................................................................................................................................................................................................................................................................................................................................................................................................................................................................................................................................................................................................................................................................................................................................................................................................................................................................................................................................................................................................................................................................................................................................................................................................................................................................................................................................................................................................................................................................................................................................................................................................................................................................................................................................................................................................................................................................................................................................................................................................................................................................................................................................................................................................................................................................................................................................................................................................................................................................................................................................................................................................................................................................................................................................................................................................................................................................................................................................................................................................................................................................................................................................................................................................................................................................................................................................................................................................................................................................................................................................................................................................................................................................................................................................................................................................................................................................................................................................................................................................................................................................................................................................................................................................................................................................................................................................................................................................................................................................................................................................................................................................................................................................................................................................................................................................................................................................................................................................................................................................................................................................................................................................................................................................................................................................................................................................................................................................................................................................................................................................................................................................................................................................................................................................................................................................................................................................................................................................................................................................................................................................................................................................................................................................................................................................................................................................................................................................................................................................................................................................................................................................................................................................................................................................................................................................................................................................................................................................................................................................................................................................................................................................................................................................................................................................................................................................................................................................................................................................................................................................................................................................................................................................................................................................................................................................................................................................................................................................................................................................................................................................................................................................................................................................................................................................................................................................................................................................................................................................................................................................................................................................................................................................................................................................................................................................................................................................................................................................................................................................................................................................................................................................................................................................................................................................................................................................................................................................................................................................................................................................................................................................................................................................................................................................................................................................................................................................................................................................................................................................................................................................................................................................................................................................................................................................................................................................................................................................................................................................................................................................................................................................................................................................................................................................................................................................................................................................................................................................................................................................................................................................................................................................................................................................................................................................................................................................................................................................................................................................................................................................................................................................................................................................................................................................................................................................................................................................................................................................................................................................................................................................................................................................................................................................................................................................................................................................................................................................................................................................................................................................................................................................................................................................................................................................................................................................................................................................................................................................................................................................................................................................................................................................................................................................................................................................................................................................................................................................................................................................................................................................................................................................................................................................................................................................................................................................................................................................................................................................................................................................................................................................................................................................................................................................................................................................................................................................................................................................................................................................................................................................................................................................................................................................................................................................................................................................................................................................................................................................................................................................................................................................................................................................................................................................................................................................................................................................................................................................................................................................................................................................................................................................................................................................................................................................................................................................................................................................................................................................................................................................................................................................................................................................................................................................................................................................................................................................................................................................................................................................................................................................................................................................................................................................................................................................................................................................................................................................................................................................................................................................................................................................3 ms. Memory: 154624K Free: 124198K (80%)
3 ms. Memory: 154624K Free: 123684K (80%)
2 ms. Memory: 154624K Free: 123174K (80%)
2 ms. Memory: 154624K Free: 122150K (79%)
2 ms. Memory: 154624K Free: 121636K (79%)
/home/travis/build/icyphy/ptII/ptolemy/actor/lib/test/IIR.tcl
/home/travis/build/icyphy/ptII/ptolemy/actor/lib/test/Interpolator.tcl
4 ms. Memory: 154624K Free: 118054K (76%)
2 ms. Memory: 154624K Free: 117510K (76%)
2 ms. Memory: 154624K Free: 117030K (76%)
1 ms. Memory: 154624K Free: 116516K (75%)
3 ms. Memory: 154624K Free: 115478K (75%)
2 ms. Memory: 154624K Free: 114982K (74%)
3 ms. Memory: 154624K Free: 113958K (74%)
3 ms. Memory: 154624K Free: 112934K (73%)
6 ms. Memory: 154624K Free: 111910K (72%)
3 ms. Memory: 154624K Free: 110886K (72%)
/home/travis/build/icyphy/ptII/ptolemy/actor/lib/test/MathFunction.tcl
7 ms. Memory: 154624K Free: 109318K (71%)
3 ms. Memory: 154624K Free: 107814K (70%)
8 ms. Memory: 154624K Free: 106790K (69%)
3 ms. Memory: 154624K Free: 106246K (69%)
5 ms. Memory: 154624K Free: 104742K (68%)
7 ms. Memory: 154624K Free: 102694K (66%)
/home/travis/build/icyphy/ptII/ptolemy/actor/lib/test/Maximum.tcl
5 ms. Memory: 154624K Free: 101156K (65%)
3 ms. Memory: 154624K Free: 99990K (65%)
10 ms. Memory: 154624K Free: 99622K (64%)
5 ms. Memory: 154624K Free: 98598K (64%)
/home/travis/build/icyphy/ptII/ptolemy/actor/lib/test/Minimum.tcl
7 ms. Memory: 154624K Free: 97054K (63%)
2 ms. Memory: 154624K Free: 96550K (62%)
2 ms. Memory: 154624K Free: 96036K (62%)
5 ms. Memory: 154624K Free: 95012K (61%)
/home/travis/build/icyphy/ptII/ptolemy/actor/lib/test/MultiplyDivide.tcl
10 ms. Memory: 154624K Free: 92964K (60%)
8 ms. Memory: 154624K Free: 92454K (60%)
5 ms. Memory: 154624K Free: 91926K (59%)
5 ms. Memory: 154624K Free: 90916K (59%)
4 ms. Memory: 154624K Free: 90406K (58%)
/home/travis/build/icyphy/ptII/ptolemy/actor/lib/test/OrderedMerge.tcl
Connections changed on port: inputA
Connections changed on port: inputB
Connections changed on port: output
Connections changed on port: output
Connections changed on port: output
Connections changed on port: input
.top. Preinitializing ...
Invoking preinitialize():  .top.OrderedMerge
Called preinitialize()
Invoking preinitialize():  .top.Ramp
Called preinitialize()
Invoking preinitialize():  .top.Ramp2
Called preinitialize()
Invoking preinitialize():  .top.Test
Called preinitialize()
Connections changed on port: inputA
Connections changed on port: output
Connections changed on port: output
Connections changed on port: input
Connections changed on port: inputB
Connections changed on port: output
.top. Finished preinitialize().
Called initialize().
Invoking initialize():  .top.OrderedMerge
Initializing actor: .top.OrderedMerge
Adding a thread: .top.OrderedMerge
Invoking initialize():  .top.Ramp
Initializing actor: .top.Ramp
Adding a thread: .top.Ramp
Invoking initialize():  .top.Ramp2
Initializing actor: .top.Ramp2
Adding a thread: .top.Ramp2
Invoking initialize():  .top.Test
Initializing actor: .top.Test
Adding a thread: .top.Test
Called fire().
Checking for deadlock:
-- Starting thread.
Called initialize()
Called prefire()
Called fire()
-- Starting thread.
Called initialize()
Called prefire()
Called fire()
There are 0 Blocked actors, 0 Stopped actors, and 4 active threads.
Waiting for actors to stop.
Called postfire()
Called prefire()
Called fire()
-- Starting thread.
Called initialize()
Called prefire()
Called fire()
Called postfire()
Called prefire()
Called fire()
-- Starting thread.
Called initialize()
Called prefire()
Called fire()
Read input token from inputA with value 0.0
Next port to read input from is inputB
Called postfire()
Called prefire()
Called fire()
Read input token from inputB with value 0.0
Sent output token with value 0.0
Next port to read input from is inputA
Called postfire()
Called prefire()
Called fire()
Checking for deadlock:
There are 1 Blocked actors, 0 Stopped actors, and 4 active threads.
Waiting for actors to stop.
Called postfire()
Called prefire()
Called fire()
Called postfire()
Called prefire()
Called fire()
-- Read input: 0.0, which is expected to match: 0.0
Called prefire()
Called fire()
Checking for deadlock:
There are 3 Blocked actors, 0 Stopped actors, and 4 active threads.
Waiting for actors to stop.
Checking for deadlock:
There are 2 Blocked actors, 0 Stopped actors, and 4 active threads.
Waiting for actors to stop.
Called postfire()
Called prefire()
Called fire()
Checking for deadlock:
There are 3 Blocked actors, 0 Stopped actors, and 4 active threads.
Waiting for actors to stop.
Read input token from inputA with value 1.0
Checking for deadlock:
There are 2 Blocked actors, 0 Stopped actors, and 4 active threads.
Waiting for actors to stop.
-- Read input: 0.0, which is expected to match: 0.0
Called prefire()
Called fire()
Checking for deadlock:
There are 3 Blocked actors, 0 Stopped actors, and 4 active threads.
Waiting for actors to stop.
Sent output token with value 0.0
Next port to read input from is inputB
Called postfire()
Called prefire()
Called fire()
Called postfire()
Called prefire()
Called fire()
Checking for deadlock:
There are 3 Blocked actors, 0 Stopped actors, and 4 active threads.
Waiting for actors to stop.
Read input token from inputB with value 1.5
-- Read input: 1.0, which is expected to match: 1.0
Called prefire()
Called fire()
Checking for deadlock:
There are 3 Blocked actors, 0 Stopped actors, and 4 active threads.
Waiting for actors to stop.
Sent output token with value 1.0
Next port to read input from is inputA
Called postfire()
Called prefire()
Called fire()
Checking for deadlock:
There are 2 Blocked actors, 0 Stopped actors, and 4 active threads.
Waiting for actors to stop.
Called postfire()
Called prefire()
Called fire()
Checking for deadlock:
There are 3 Blocked actors, 0 Stopped actors, and 4 active threads.
Waiting for actors to stop.
Read input token from inputA with value 2.0
Checking for deadlock:
There are 2 Blocked actors, 0 Stopped actors, and 4 active threads.
Waiting for actors to stop.
-- Read input: 1.5, which is expected to match: 1.5
Called prefire()
Called fire()
Checking for deadlock:
There are 3 Blocked actors, 0 Stopped actors, and 4 active threads.
Waiting for actors to stop.
Sent output token with value 1.5
Next port to read input from is inputB
Called postfire()
Called prefire()
Called fire()
Called postfire()
Called prefire()
Called fire()
Checking for deadlock:
There are 3 Blocked actors, 0 Stopped actors, and 4 active threads.
Waiting for actors to stop.
Read input token from inputB with value 3.0
-- Read input: 2.0, which is expected to match: 2.0
Called prefire()
Called fire()
Checking for deadlock:
There are 3 Blocked actors, 0 Stopped actors, and 4 active threads.
Waiting for actors to stop.
Sent output token with value 2.0
Next port to read input from is inputA
Called postfire()
Called prefire()
Called fire()
Checking for deadlock:
There are 2 Blocked actors, 0 Stopped actors, and 4 active threads.
Waiting for actors to stop.
Called postfire()
Called prefire()
Called fire()
Checking for deadlock:
There are 3 Blocked actors, 0 Stopped actors, and 4 active threads.
Waiting for actors to stop.
Read input token from inputA with value 3.0
Checking for deadlock:
There are 2 Blocked actors, 0 Stopped actors, and 4 active threads.
Waiting for actors to stop.
-- Read input: 3.0, which is expected to match: 3.0
Called prefire()
Called fire()
Checking for deadlock:
There are 3 Blocked actors, 0 Stopped actors, and 4 active threads.
Waiting for actors to stop.
Sent output token with value 3.0
Next port to read input from is inputB
Called postfire()
Called prefire()
Called fire()
Called postfire()
Called prefire()
Called fire()
Checking for deadlock:
There are 3 Blocked actors, 0 Stopped actors, and 4 active threads.
Waiting for actors to stop.
Read input token from inputB with value 4.5
-- Read input: 3.0, which is expected to match: 3.0
Called prefire()
Called fire()
Checking for deadlock:
There are 3 Blocked actors, 0 Stopped actors, and 4 active threads.
Waiting for actors to stop.
Sent output token with value 3.0
Next port to read input from is inputA
Called postfire()
Called prefire()
Called fire()
Checking for deadlock:
There are 2 Blocked actors, 0 Stopped actors, and 4 active threads.
Waiting for actors to stop.
Called postfire()
Called prefire()
Called fire()
Checking for deadlock:
There are 3 Blocked actors, 0 Stopped actors, and 4 active threads.
Waiting for actors to stop.
Read input token from inputA with value 4.0
Checking for deadlock:
There are 2 Blocked actors, 0 Stopped actors, and 4 active threads.
Waiting for actors to stop.
-- Read input: 4.0, which is expected to match: 4.0
Called prefire()
Called fire()
Past the end of training data. Read and discard all inputs.
Checking for deadlock:
There are 3 Blocked actors, 0 Stopped actors, and 4 active threads.
Waiting for actors to stop.
Sent output token with value 4.0
Next port to read input from is inputA
Called postfire()
Called prefire()
Called fire()
Checking for deadlock:
There are 2 Blocked actors, 0 Stopped actors, and 4 active threads.
Waiting for actors to stop.
Called postfire()
Called prefire()
Called fire()
Checking for deadlock:
There are 3 Blocked actors, 0 Stopped actors, and 4 active threads.
Waiting for actors to stop.
Read input token from inputA with value 5.0
Checking for deadlock:
There are 2 Blocked actors, 0 Stopped actors, and 4 active threads.
Waiting for actors to stop.
Called prefire()
Called fire()
Past the end of training data. Read and discard all inputs.
Checking for deadlock:
There are 3 Blocked actors, 0 Stopped actors, and 4 active threads.
Waiting for actors to stop.
Sent output token with value 4.5
Next port to read input from is inputB
Called postfire()
Called prefire()
Called fire()
Called postfire()
Called prefire()
Called fire()
Checking for deadlock:
There are 3 Blocked actors, 0 Stopped actors, and 4 active threads.
Waiting for actors to stop.
Read input token from inputB with value 6.0
Called prefire()
Called fire()
Past the end of training data. Read and discard all inputs.
Checking for deadlock:
There are 3 Blocked actors, 0 Stopped actors, and 4 active threads.
Waiting for actors to stop.
Sent output token with value 5.0
Next port to read input from is inputA
Called postfire()
Called prefire()
Called fire()
Checking for deadlock:
There are 2 Blocked actors, 0 Stopped actors, and 4 active threads.
Waiting for actors to stop.
Called postfire()
Called prefire()
Called fire()
Checking for deadlock:
There are 3 Blocked actors, 0 Stopped actors, and 4 active threads.
Waiting for actors to stop.
Read input token from inputA with value 6.0
Checking for deadlock:
There are 2 Blocked actors, 0 Stopped actors, and 4 active threads.
Waiting for actors to stop.
Called prefire()
Called fire()
Past the end of training data. Read and discard all inputs.
Checking for deadlock:
There are 3 Blocked actors, 0 Stopped actors, and 4 active threads.
Waiting for actors to stop.
Sent output token with value 6.0
Next port to read input from is inputB
Called postfire()
Called prefire()
Called fire()
Called postfire()
Called prefire()
Called fire()
Checking for deadlock:
There are 3 Blocked actors, 0 Stopped actors, and 4 active threads.
Waiting for actors to stop.
Read input token from inputB with value 7.5
Called prefire()
Called fire()
Past the end of training data. Read and discard all inputs.
Checking for deadlock:
There are 3 Blocked actors, 0 Stopped actors, and 4 active threads.
Waiting for actors to stop.
Sent output token with value 6.0
Next port to read input from is inputA
Called postfire()
Called prefire()
Called fire()
Checking for deadlock:
There are 2 Blocked actors, 0 Stopped actors, and 4 active threads.
Waiting for actors to stop.
Called postfire()
Called prefire()
Called fire()
Checking for deadlock:
There are 3 Blocked actors, 0 Stopped actors, and 4 active threads.
Waiting for actors to stop.
Read input token from inputA with value 7.0
Checking for deadlock:
There are 2 Blocked actors, 0 Stopped actors, and 4 active threads.
Waiting for actors to stop.
Called prefire()
Called fire()
Past the end of training data. Read and discard all inputs.
Checking for deadlock:
There are 3 Blocked actors, 0 Stopped actors, and 4 active threads.
Waiting for actors to stop.
Sent output token with value 7.0
Next port to read input from is inputA
Called postfire()
Called prefire()
Called fire()
Checking for deadlock:
There are 2 Blocked actors, 0 Stopped actors, and 4 active threads.
Waiting for actors to stop.
-- Thread wrapup() called.
Called wrapup()
Thread .top.Ramp is exiting.
-- Thread stopped.
Checking for deadlock:
There are 2 Blocked actors, 0 Stopped actors, and 3 active threads.
Waiting for actors to stop.
Read input token from inputA with value 8.0
Called prefire()
Called fire()
Past the end of training data. Read and discard all inputs.
Checking for deadlock:
There are 2 Blocked actors, 0 Stopped actors, and 3 active threads.
Waiting for actors to stop.
Sent output token with value 7.5
Next port to read input from is inputB
Called postfire()
Called prefire()
Called fire()
Checking for deadlock:
There are 1 Blocked actors, 0 Stopped actors, and 3 active threads.
Waiting for actors to stop.
Called postfire()
Called prefire()
Called fire()
Checking for deadlock:
There are 2 Blocked actors, 0 Stopped actors, and 3 active threads.
Waiting for actors to stop.
Read input token from inputB with value 9.0
Checking for deadlock:
There are 1 Blocked actors, 0 Stopped actors, and 3 active threads.
Waiting for actors to stop.
Called prefire()
Called fire()
Past the end of training data. Read and discard all inputs.
Checking for deadlock:
There are 2 Blocked actors, 0 Stopped actors, and 3 active threads.
Waiting for actors to stop.
Sent output token with value 8.0
Next port to read input from is inputA
Called postfire()
Called prefire()
Called fire()
Read input token from inputA with value 9.0
Called prefire()
Called fire()
Past the end of training data. Read and discard all inputs.
Checking for deadlock:
There are 2 Blocked actors, 0 Stopped actors, and 3 active threads.
Waiting for actors to stop.
Sent output token with value 9.0
Next port to read input from is inputB
Called postfire()
Called prefire()
Called fire()
Called postfire()
Called prefire()
Called fire()
Checking for deadlock:
There are 2 Blocked actors, 0 Stopped actors, and 3 active threads.
Waiting for actors to stop.
Read input token from inputB with value 10.5
Called prefire()
Called fire()
Past the end of training data. Read and discard all inputs.
Checking for deadlock:
There are 2 Blocked actors, 0 Stopped actors, and 3 active threads.
Waiting for actors to stop.
Sent output token with value 9.0
Next port to read input from is inputA
Called postfire()
Called prefire()
Called fire()
Checking for deadlock:
There are 3 Blocked actors, 0 Stopped actors, and 3 active threads.
Actors have stopped.
Checking for deadlock:
There are 3 Blocked actors, 0 Stopped actors, and 3 active threads.
Deadlock detected.
Resolving Deadlock
Checking for deadlock:
There are 3 Blocked actors, 0 Stopped actors, and 3 active threads.
Artificial Deadlock - increasing queue capacity.
increasing the capacity of receiver ptolemy.actor.TypedIOPort {.top.OrderedMerge.inputB} to 2
Director: Called postfire().
Called postfire().
_stopRequested = false
_stopFireRequested = false
Returning from postfire(): true
-- Thread wrapup() called.
Called wrapup()
Thread .top.Ramp2 is exiting.
-- Thread stopped.
Called fire().
Checking for deadlock:
There are 2 Blocked actors, 0 Stopped actors, and 2 active threads.
Actors have stopped.
Checking for deadlock:
There are 2 Blocked actors, 0 Stopped actors, and 2 active threads.
Deadlock detected.
Resolving Deadlock
Checking for deadlock:
There are 2 Blocked actors, 0 Stopped actors, and 2 active threads.
Deadlock detected: no processes blocked on write, but some are blocked on read.
Called postfire().
_stopRequested = false
_stopFireRequested = false
Returning from postfire(): false
Finished deactivating branches.
Called wrapup().
-- Thread wrapup() called.
Called wrapup()
Thread .top.Test is exiting.
-- Thread stopped.
-- Blocked Receiver call threw TerminateProcessException.
-- Thread wrapup() called.
Called wrapup()
Thread .top.OrderedMerge is exiting.
-- Thread stopped.
-- Blocked Receiver call threw TerminateProcessException.
70 ms. Memory: 154624K Free: 85286K (55%)
.top. Preinitializing ...
Invoking preinitialize():  .top.OrderedMerge
Called preinitialize()
Invoking preinitialize():  .top.Ramp
Called preinitialize()
Invoking preinitialize():  .top.Ramp2
Called preinitialize()
Invoking preinitialize():  .top.Test
Called preinitialize()
.top. Finished preinitialize().
Called initialize().
Invoking initialize():  .top.OrderedMerge
Initializing actor: .top.OrderedMerge
Adding a thread: .top.OrderedMerge
Invoking initialize():  .top.Ramp
Initializing actor: .top.Ramp
Adding a thread: .top.Ramp
Invoking initialize():  .top.Ramp2
Initializing actor: .top.Ramp2
Adding a thread: .top.Ramp2
Invoking initialize():  .top.Test
Initializing actor: .top.Test
Adding a thread: .top.Test
-- Starting thread.
Called initialize()
Called prefire()
Called fire()
-- Starting thread.
Called initialize()
Called prefire()
Called fire()
Called postfire()
Called prefire()
Called fire()
-- Starting thread.
Called initialize()
Called fire().
Checking for deadlock:
There are 2 Blocked actors, 0 Stopped actors, and 4 active threads.
Waiting for actors to stop.
Called prefire()
Called fire()
Called postfire()
Called prefire()
Called fire()
-- Starting thread.
Called initialize()
Checking for deadlock:
There are 3 Blocked actors, 0 Stopped actors, and 4 active threads.
Waiting for actors to stop.
Called prefire()
Called fire()
Read input token from inputA with value 0.0
Next port to read input from is inputB
Called postfire()
Called prefire()
Called fire()
Read input token from inputB with value 0.0
Sent output token with value 0.0
Next port to read input from is inputA
Called postfire()
Called prefire()
Called fire()
-- Read input: 0.0, which is expected to match: 0.0
Called prefire()
Called fire()
Checking for deadlock:
There are 2 Blocked actors, 0 Stopped actors, and 4 active threads.
Waiting for actors to stop.
Called postfire()
Called prefire()
Called fire()
Called postfire()
Called prefire()
Called fire()
Checking for deadlock:
There are 3 Blocked actors, 0 Stopped actors, and 4 active threads.
Waiting for actors to stop.
Read input token from inputA with value 1.0
Sent output token with value 0.0
Next port to read input from is inputB
Called postfire()
Called prefire()
Called fire()
Read input token from inputB with value 1.5
-- Read input: 0.0, which is expected to match: 0.0
Called prefire()
Called fire()
Checking for deadlock:
There are 1 Blocked actors, 0 Stopped actors, and 4 active threads.
Waiting for actors to stop.
Called postfire()
Called prefire()
Called fire()
Called postfire()
Called prefire()
Called fire()
Checking for deadlock:
There are 3 Blocked actors, 0 Stopped actors, and 4 active threads.
Waiting for actors to stop.
Sent output token with value 1.0
Next port to read input from is inputA
Called postfire()
Called prefire()
Called fire()
Read input token from inputA with value 2.0
-- Read input: 1.0, which is expected to match: 1.0
Called prefire()
Called fire()
Checking for deadlock:
There are 2 Blocked actors, 0 Stopped actors, and 4 active threads.
Waiting for actors to stop.
Called postfire()
Called prefire()
Called fire()
Checking for deadlock:
There are 3 Blocked actors, 0 Stopped actors, and 4 active threads.
Waiting for actors to stop.
Sent output token with value 1.5
Next port to read input from is inputB
Called postfire()
Called prefire()
Called fire()
Read input token from inputB with value 3.0
-- Read input: 1.5, which is expected to match: 1.5
Called prefire()
Called fire()
Checking for deadlock:
There are 2 Blocked actors, 0 Stopped actors, and 4 active threads.
Waiting for actors to stop.
Called postfire()
Called prefire()
Called fire()
Checking for deadlock:
There are 3 Blocked actors, 0 Stopped actors, and 4 active threads.
Waiting for actors to stop.
-- Read input: 2.0, which is expected to match: 2.0
Called prefire()
Called fire()
Checking for deadlock:
There are 3 Blocked actors, 0 Stopped actors, and 4 active threads.
Waiting for actors to stop.
Sent output token with value 2.0
Next port to read input from is inputA
Called postfire()
Called prefire()
Called fire()
Checking for deadlock:
There are 2 Blocked actors, 0 Stopped actors, and 4 active threads.
Waiting for actors to stop.
Called postfire()
Called prefire()
Called fire()
Checking for deadlock:
There are 3 Blocked actors, 0 Stopped actors, and 4 active threads.
Waiting for actors to stop.
Read input token from inputA with value 3.0
Sent output token with value 3.0
Next port to read input from is inputB
Called postfire()
Called prefire()
Called fire()
Read input token from inputB with value 4.5
Checking for deadlock:
There are 2 Blocked actors, 0 Stopped actors, and 4 active threads.
Waiting for actors to stop.
-- Read input: 3.0, which is expected to match: 3.0
Called prefire()
Called fire()
Called postfire()
Called prefire()
Called fire()
Checking for deadlock:
There are 3 Blocked actors, 0 Stopped actors, and 4 active threads.
Waiting for actors to stop.
Checking for deadlock:
There are 2 Blocked actors, 0 Stopped actors, and 4 active threads.
Waiting for actors to stop.
-- Read input: 3.0, which is expected to match: 3.0
Called prefire()
Called fire()
Checking for deadlock:
There are 3 Blocked actors, 0 Stopped actors, and 4 active threads.
Waiting for actors to stop.
Sent output token with value 3.0
Next port to read input from is inputA
Called postfire()
Called prefire()
Called fire()
Checking for deadlock:
There are 2 Blocked actors, 0 Stopped actors, and 4 active threads.
Waiting for actors to stop.
Called postfire()
Called prefire()
Called fire()
Checking for deadlock:
There are 3 Blocked actors, 0 Stopped actors, and 4 active threads.
Waiting for actors to stop.
Read input token from inputA with value 4.0
Sent output token with value 4.0
Next port to read input from is inputA
Called postfire()
Called prefire()
Called fire()
Read input token from inputA with value 5.0
Checking for deadlock:
There are 2 Blocked actors, 0 Stopped actors, and 4 active threads.
Waiting for actors to stop.
-- Read input: 4.0, which is expected to match: 4.0
Called prefire()
Called fire()
Past the end of training data. Read and discard all inputs.
Called postfire()
Called prefire()
Called fire()
Checking for deadlock:
There are 3 Blocked actors, 0 Stopped actors, and 4 active threads.
Waiting for actors to stop.
Sent output token with value 4.5
Next port to read input from is inputB
Called postfire()
Called prefire()
Called fire()
Read input token from inputB with value 6.0
Checking for deadlock:
There are 2 Blocked actors, 0 Stopped actors, and 4 active threads.
Waiting for actors to stop.
Called prefire()
Called fire()
Past the end of training data. Read and discard all inputs.
Called postfire()
Called prefire()
Called fire()
Checking for deadlock:
There are 3 Blocked actors, 0 Stopped actors, and 4 active threads.
Waiting for actors to stop.
Checking for deadlock:
There are 2 Blocked actors, 0 Stopped actors, and 4 active threads.
Waiting for actors to stop.
Called prefire()
Called fire()
Past the end of training data. Read and discard all inputs.
Checking for deadlock:
There are 3 Blocked actors, 0 Stopped actors, and 4 active threads.
Waiting for actors to stop.
Sent output token with value 5.0
Next port to read input from is inputA
Called postfire()
Called prefire()
Called fire()
Checking for deadlock:
There are 2 Blocked actors, 0 Stopped actors, and 4 active threads.
Waiting for actors to stop.
Called postfire()
Called prefire()
Called fire()
Checking for deadlock:
There are 3 Blocked actors, 0 Stopped actors, and 4 active threads.
Waiting for actors to stop.
Read input token from inputA with value 6.0
Sent output token with value 6.0
Next port to read input from is inputB
Called postfire()
Called prefire()
Called fire()
Read input token from inputB with value 7.5
Checking for deadlock:
There are 2 Blocked actors, 0 Stopped actors, and 4 active threads.
Waiting for actors to stop.
Called prefire()
Called fire()
Past the end of training data. Read and discard all inputs.
Called postfire()
Called prefire()
Called fire()
Checking for deadlock:
There are 3 Blocked actors, 0 Stopped actors, and 4 active threads.
Waiting for actors to stop.
Checking for deadlock:
There are 2 Blocked actors, 0 Stopped actors, and 4 active threads.
Waiting for actors to stop.
Called prefire()
Called fire()
Past the end of training data. Read and discard all inputs.
Checking for deadlock:
There are 3 Blocked actors, 0 Stopped actors, and 4 active threads.
Waiting for actors to stop.
Sent output token with value 6.0
Next port to read input from is inputA
Called postfire()
Called prefire()
Called fire()
Checking for deadlock:
There are 2 Blocked actors, 0 Stopped actors, and 4 active threads.
Waiting for actors to stop.
Called postfire()
Called prefire()
Called fire()
Checking for deadlock:
There are 3 Blocked actors, 0 Stopped actors, and 4 active threads.
Waiting for actors to stop.
Read input token from inputA with value 7.0
Sent output token with value 7.0
Next port to read input from is inputA
Called postfire()
Called prefire()
Called fire()
Read input token from inputA with value 8.0
Checking for deadlock:
There are 2 Blocked actors, 0 Stopped actors, and 4 active threads.
Waiting for actors to stop.
Called prefire()
Called fire()
Past the end of training data. Read and discard all inputs.
-- Thread wrapup() called.
Called wrapup()
Thread .top.Ramp is exiting.
-- Thread stopped.
Checking for deadlock:
There are 2 Blocked actors, 0 Stopped actors, and 3 active threads.
Waiting for actors to stop.
Called prefire()
Called fire()
Past the end of training data. Read and discard all inputs.
Checking for deadlock:
There are 2 Blocked actors, 0 Stopped actors, and 3 active threads.
Waiting for actors to stop.
Sent output token with value 7.5
Next port to read input from is inputB
Called postfire()
Called prefire()
Called fire()
Called postfire()
Called prefire()
Called fire()
Checking for deadlock:
There are 2 Blocked actors, 0 Stopped actors, and 3 active threads.
Waiting for actors to stop.
Read input token from inputB with value 9.0
Called prefire()
Called fire()
Past the end of training data. Read and discard all inputs.
Checking for deadlock:
There are 2 Blocked actors, 0 Stopped actors, and 3 active threads.
Waiting for actors to stop.
Sent output token with value 8.0
Next port to read input from is inputA
Called postfire()
Called prefire()
Called fire()
Read input token from inputA with value 9.0
Sent output token with value 9.0
Called prefire()
Checking for deadlock:
Called fire()
There are 1 Blocked actors, 0 Stopped actors, and 3 active threads.
Waiting for actors to stop.
Past the end of training data. Read and discard all inputs.
Checking for deadlock:
There are 2 Blocked actors, 0 Stopped actors, and 3 active threads.
Waiting for actors to stop.
Next port to read input from is inputB
Called postfire()
Called prefire()
Called fire()
Checking for deadlock:
There are 1 Blocked actors, 0 Stopped actors, and 3 active threads.
Waiting for actors to stop.
Called postfire()
Called prefire()
Called fire()
Checking for deadlock:
There are 2 Blocked actors, 0 Stopped actors, and 3 active threads.
Waiting for actors to stop.
Read input token from inputB with value 10.5
Checking for deadlock:
There are 1 Blocked actors, 0 Stopped actors, and 3 active threads.
Sent output token with value 9.0
Waiting for actors to stop.
Called prefire()
Called fire()
Past the end of training data. Read and discard all inputs.
Next port to read input from is inputA
Called postfire()
Called prefire()
Called fire()
Checking for deadlock:
There are 2 Blocked actors, 0 Stopped actors, and 3 active threads.
Waiting for actors to stop.
Checking for deadlock:
There are 3 Blocked actors, 0 Stopped actors, and 3 active threads.
Actors have stopped.
Checking for deadlock:
There are 3 Blocked actors, 0 Stopped actors, and 3 active threads.
Deadlock detected.
Resolving Deadlock
Checking for deadlock:
There are 3 Blocked actors, 0 Stopped actors, and 3 active threads.
Artificial Deadlock - increasing queue capacity.
increasing the capacity of receiver ptolemy.actor.TypedIOPort {.top.OrderedMerge.inputB} to 2
Director: Called postfire().
Called postfire().
_stopRequested = false
_stopFireRequested = false
Returning from postfire(): true
Called fire().
Checking for deadlock:
There are 2 Blocked actors, 0 Stopped actors, and 3 active threads.
Waiting for actors to stop.
-- Thread wrapup() called.
Called wrapup()
Thread .top.Ramp2 is exiting.
-- Thread stopped.
Checking for deadlock:
There are 2 Blocked actors, 0 Stopped actors, and 2 active threads.
Actors have stopped.
Checking for deadlock:
There are 2 Blocked actors, 0 Stopped actors, and 2 active threads.
Deadlock detected.
Resolving Deadlock
Checking for deadlock:
There are 2 Blocked actors, 0 Stopped actors, and 2 active threads.
Deadlock detected: no processes blocked on write, but some are blocked on read.
Called postfire().
_stopRequested = false
_stopFireRequested = false
Returning from postfire(): false
Finished deactivating branches.
Called wrapup().
-- Thread wrapup() called.
-- Thread wrapup() called.
Called wrapup()
Called wrapup()
Thread .top.OrderedMerge is exiting.
-- Thread stopped.
-- Blocked Receiver call threw TerminateProcessException.
Thread .top.Test is exiting.
-- Thread stopped.
-- Blocked Receiver call threw TerminateProcessException.
32 ms. Memory: 154624K Free: 82724K (54%)
/home/travis/build/icyphy/ptII/ptolemy/actor/lib/test/Publisher.tcl
33 ms. Memory: 154624K Free: 76574K (50%)
5 ms. Memory: 154624K Free: 71446K (46%)
6 ms. Memory: 154624K Free: 138151K (89%)
11 ms. Memory: 154624K Free: 137129K (89%)
5 ms. Memory: 154624K Free: 136105K (88%)
15 ms. Memory: 154624K Free: 135577K (88%)
2 ms. Memory: 154624K Free: 134553K (87%)
3 ms. Memory: 154624K Free: 133529K (86%)
16 ms. Memory: 154624K Free: 133947K (87%)
3 ms. Memory: 154624K Free: 130347K (84%)
2 ms. Memory: 154624K Free: 129851K (84%)
6 ms. Memory: 154624K Free: 127275K (82%)
16 ms. Memory: 154624K Free: 119611K (77%)
5 ms. Memory: 154624K Free: 110395K (71%)
6 ms. Memory: 154624K Free: 99131K (64%)
/home/travis/build/icyphy/ptII/ptolemy/actor/lib/test/Pulse.tcl
2 ms. Memory: 154624K Free: 135431K (88%)
1 ms. Memory: 154624K Free: 134927K (87%)
2 ms. Memory: 154624K Free: 134344K (87%)
2 ms. Memory: 154624K Free: 133903K (87%)
1 ms. Memory: 154624K Free: 133389K (86%)
5 ms. Memory: 154624K Free: 131855K (85%)
2 ms. Memory: 154624K Free: 131335K (85%)
2 ms. Memory: 154624K Free: 130311K (84%)
2 ms. Memory: 154624K Free: 129807K (84%)
/home/travis/build/icyphy/ptII/ptolemy/actor/lib/test/Ramp.tcl
3 ms. Memory: 154624K Free: 127759K (83%)
2 ms. Memory: 154624K Free: 127245K (82%)
1 ms. Memory: 154624K Free: 126207K (82%)
1 ms. Memory: 154624K Free: 125711K (81%)
4 ms. Memory: 154624K Free: 124687K (81%)
4 ms. Memory: 154624K Free: 123663K (80%)
5 ms. Memory: 154624K Free: 123135K (80%)
5 actors
4000 microseconds per iteration to create
5 ms. Memory: 154624K Free: 120077K (78%)
2 ms. Memory: 154624K Free: 119567K (77%)
2 ms. Memory: 154624K Free: 119047K (77%)
2 ms. Memory: 154624K Free: 118543K (77%)
50 actors
34000 microseconds per iteration to create
49 ms. Memory: 154624K Free: 102655K (66%)
9 ms. Memory: 154624K Free: 101645K (66%)
5 ms. Memory: 154624K Free: 100621K (65%)
5 ms. Memory: 154624K Free: 99597K (64%)
500 actors
1785000 microseconds per iteration to create
305 ms. Memory: 186368K Free: 157852K (85%)
38 ms. Memory: 186368K Free: 152732K (82%)
40 ms. Memory: 186368K Free: 147102K (79%)
38 ms. Memory: 186368K Free: 141982K (76%)
/home/travis/build/icyphy/ptII/ptolemy/actor/lib/test/RampContinuous.tcl
18 ms. Memory: 186368K Free: 139934K (75%)
/home/travis/build/icyphy/ptII/ptolemy/actor/lib/test/RecordAssembler.tcl
6 ms. Memory: 186368K Free: 138381K (74%)
3 ms. Memory: 186368K Free: 137357K (74%)
/home/travis/build/icyphy/ptII/ptolemy/actor/lib/test/RecordDisassembler.tcl
14 ms. Memory: 186368K Free: 135838K (73%)
5 ms. Memory: 186368K Free: 135317K (73%)
4 ms. Memory: 186368K Free: 133790K (72%)
/home/travis/build/icyphy/ptII/ptolemy/actor/lib/test/Scale.tcl
3 ms. Memory: 186368K Free: 132252K (71%)
2 ms. Memory: 186368K Free: 131228K (70%)
1 ms. Memory: 186368K Free: 130718K (70%)
2 ms. Memory: 186368K Free: 129694K (70%)
3 ms. Memory: 186368K Free: 128670K (69%)
/home/travis/build/icyphy/ptII/ptolemy/actor/lib/test/SequentialClock.tcl
preinitializing
resolving types
initializing
executing number 1
wrapping up
idle
2 ms. Memory: 186368K Free: 127646K (68%)
Completed execution with 5 iterations
preinitializing
resolving types
initializing
executing number 1
wrapping up
idle
1 ms. Memory: 186368K Free: 127101K (68%)
Completed execution with 5 iterations
preinitializing
resolving types
initializing
executing number 1
wrapping up
idle
1 ms. Memory: 186368K Free: 126622K (68%)
Completed execution with 5 iterations
/home/travis/build/icyphy/ptII/ptolemy/actor/lib/test/SetVariable.tcl
4 ms. Memory: 186368K Free: 124574K (67%)


==== $PTII/ptolemy/actor/lib/test/SetVariable.tcl: SetVariable-3.1 changeFailed
==== Contents of test case:

    #Uses 2.1 above
    jdkCaptureErr {
        # This test was failing if we ran Exit.tcl and then this test.
        # MessageHandler.error() now actually throws the Exception.
	catch {$setVariable changeFailed [java::null]  [java::new Exception {Test exception for SetVariable.changeFailed()}]} errMsg
    } results
    list [string range $results 0 89] "\n" $errMsg

==== Result was:
{java.lang.Exception: Test exception for SetVariable.changeFailed()
	at java.base/jdk.inter} {
} {java.lang.RuntimeException: java.lang.Exception: Test exception for SetVariable.changeFailed()}
---- Result should have been:
{Failed to set variable.
java.lang.Exception: Test exception for SetVariable.changeFailed()} {
} {java.lang.RuntimeException: java.lang.Exception: Test exception for SetVariable.changeFailed()}
---- SetVariable-3.1 FAILED
/home/travis/build/icyphy/ptII/ptolemy/actor/lib/test/Sinewave.tcl
/home/travis/build/icyphy/ptII/ptolemy/actor/lib/test/SubscriptionAggregator.tcl
4 ms. Memory: 186368K Free: 112781K (61%)
2 ms. Memory: 186368K Free: 111772K (60%)
0 ms. Memory: 186368K Free: 111772K (60%)
1 ms. Memory: 186368K Free: 111262K (60%)
2 ms. Memory: 186368K Free: 107645K (58%)
7 ms. Memory: 186368K Free: 105628K (57%)
...............................................................963 ms. Memory: 313344K Free: 167391K (53%)
/home/travis/build/icyphy/ptII/ptolemy/actor/lib/test/Test.tcl
 The next command will produce a warning about training mode,
   which may be ignored.
5 ms. Memory: 313344K Free: 165367K (53%)
3 ms. Memory: 313344K Free: 164864K (53%)
2 ms. Memory: 313344K Free: 163840K (52%)
1 ms. Memory: 313344K Free: 163326K (52%)
1 ms. Memory: 313344K Free: 162816K (52%)
2 ms. Memory: 313344K Free: 161792K (52%)
2 ms. Memory: 313344K Free: 160239K (51%)
 The next command will produce a warning about training mode,
   which may be ignored.
3 ms. Memory: 313344K Free: 158191K (50%)
 The next command will produce a warning about training mode,
   which may be ignored.
2 ms. Memory: 313344K Free: 156672K (50%)
1 ms. Memory: 313344K Free: 156143K (50%)
1 ms. Memory: 313344K Free: 155648K (50%)
2 ms. Memory: 313344K Free: 155119K (50%)
5 ms. Memory: 313344K Free: 154110K (49%)
3 ms. Memory: 313344K Free: 150528K (48%)
/home/travis/build/icyphy/ptII/ptolemy/actor/lib/test/TestExceptionHandler.tcl
 The next command will produce a warning about training mode,
   which may be ignored.
2 ms. Memory: 313344K Free: 148990K (48%)
0 ms. Memory: 313344K Free: 148480K (47%)
1 ms. Memory: 313344K Free: 147935K (47%)
/home/travis/build/icyphy/ptII/ptolemy/actor/lib/test/UnionDisassembler.tcl
13 ms. Memory: 313344K Free: 140798K (45%)
/home/travis/build/icyphy/ptII/ptolemy/actor/lib/test/VariableClock.tcl
preinitializing
resolving types
initializing
executing number 1
wrapping up
idle
3 ms. Memory: 313344K Free: 139264K (44%)
Completed execution with 11 iterations
preinitializing
resolving types
initializing
executing number 1
wrapping up
idle
3 ms. Memory: 313344K Free: 137695K (44%)
Completed execution with 10 iterations
09/20/19 05:47:34
Failed: 1  Total Tests: 234  ((Passed: 233, Newly Passed: 0)  Known Failed: 0) /home/travis/build/icyphy/ptII/ptolemy/actor/lib/test
----------------- testing (KnownFailure) /home/travis/build/icyphy/ptII/ptolemy/actor/lib/test/auto/knownFailedTests/PublisherPortToplevelSubscriber.xml
0 ms. Memory: 313344K Free: 134144K (43%)
Known Failure: java.lang.reflect.InvocationTargetException
----------------- testing (KnownFailure) /home/travis/build/icyphy/ptII/ptolemy/actor/lib/test/auto/knownFailedTests/PublisherSubscriberPortToplevel.xml
0 ms. Memory: 313344K Free: 130558K (42%)
Known Failure: java.lang.reflect.InvocationTargetException
----------------- testing (KnownFailure) /home/travis/build/icyphy/ptII/ptolemy/actor/lib/test/auto/knownFailedTests/PublisherSubscriptionAggregatorPort.xml
1 ms. Memory: 313344K Free: 126462K (40%)
Known Failure: java.lang.reflect.InvocationTargetException
----------------- testing (KnownFailure) /home/travis/build/icyphy/ptII/ptolemy/actor/lib/test/auto/knownFailedTests/sizedarray3.xml
4 ms. Memory: 313344K Free: 122366K (39%)
Known Failure: java.lang.reflect.InvocationTargetException
No auto/linux-amd64/*.xml tests in /home/travis/build/icyphy/ptII/ptolemy/actor/lib/test
AutoTests.java: About to close Vertx.
AutoTests.java: Vertx closed.

===========================================================================================
----------------- testing Fri Sep 20 05:47:34 UTC 2019 /home/travis/build/icyphy/ptII/ptolemy/actor/lib/test/auto/AbsoluteValue.xml
----------------- Instantiating /home/travis/build/icyphy/ptII/ptolemy/actor/lib/test/auto/AbsoluteValue.xml
4 ms. Memory: 313344K Free: 262656K (84%)
----------------- Invoking toplevel() on ptolemy.moml.MoMLSimpleApplication@3073061f
----------------- Done invoking toplevel() on ptolemy.moml.MoMLSimpleApplication@3073061f
reloadAllAccessors: .AbsoluteValue

===========================================================================================
----------------- testing Fri Sep 20 05:47:35 UTC 2019 /home/travis/build/icyphy/ptII/ptolemy/actor/lib/test/auto/AbsoluteValue2.xml
----------------- Instantiating /home/travis/build/icyphy/ptII/ptolemy/actor/lib/test/auto/AbsoluteValue2.xml
5 ms. Memory: 313344K Free: 255488K (82%)
----------------- Invoking toplevel() on ptolemy.moml.MoMLSimpleApplication@4dc4e154
----------------- Done invoking toplevel() on ptolemy.moml.MoMLSimpleApplication@4dc4e154
reloadAllAccessors: .AbsoluteValue2

===========================================================================================
----------------- testing Fri Sep 20 05:47:35 UTC 2019 /home/travis/build/icyphy/ptII/ptolemy/actor/lib/test/auto/Accumulator.xml
----------------- Instantiating /home/travis/build/icyphy/ptII/ptolemy/actor/lib/test/auto/Accumulator.xml
5 ms. Memory: 313344K Free: 249344K (80%)
----------------- Invoking toplevel() on ptolemy.moml.MoMLSimpleApplication@5ab50316
----------------- Done invoking toplevel() on ptolemy.moml.MoMLSimpleApplication@5ab50316
reloadAllAccessors: .Accumulator

===========================================================================================
----------------- testing Fri Sep 20 05:47:35 UTC 2019 /home/travis/build/icyphy/ptII/ptolemy/actor/lib/test/auto/Accumulator2.xml
----------------- Instantiating /home/travis/build/icyphy/ptII/ptolemy/actor/lib/test/auto/Accumulator2.xml
12 ms. Memory: 313344K Free: 243710K (78%)
----------------- Invoking toplevel() on ptolemy.moml.MoMLSimpleApplication@499ca1d7
----------------- Done invoking toplevel() on ptolemy.moml.MoMLSimpleApplication@499ca1d7
reloadAllAccessors: .Accumulator2

===========================================================================================
----------------- testing Fri Sep 20 05:47:35 UTC 2019 /home/travis/build/icyphy/ptII/ptolemy/actor/lib/test/auto/Accumulator3.xml
----------------- Instantiating /home/travis/build/icyphy/ptII/ptolemy/actor/lib/test/auto/Accumulator3.xml
3 ms. Memory: 313344K Free: 239614K (76%)
----------------- Invoking toplevel() on ptolemy.moml.MoMLSimpleApplication@135c895b
----------------- Done invoking toplevel() on ptolemy.moml.MoMLSimpleApplication@135c895b
reloadAllAccessors: .Accumulator3

===========================================================================================
----------------- testing Fri Sep 20 05:47:35 UTC 2019 /home/travis/build/icyphy/ptII/ptolemy/actor/lib/test/auto/ArrayAppend.xml
----------------- Instantiating /home/travis/build/icyphy/ptII/ptolemy/actor/lib/test/auto/ArrayAppend.xml
5 ms. Memory: 313344K Free: 233439K (74%)
----------------- Invoking toplevel() on ptolemy.moml.MoMLSimpleApplication@507fb4db
----------------- Done invoking toplevel() on ptolemy.moml.MoMLSimpleApplication@507fb4db
reloadAllAccessors: .ArrayAppend

===========================================================================================
----------------- testing Fri Sep 20 05:47:35 UTC 2019 /home/travis/build/icyphy/ptII/ptolemy/actor/lib/test/auto/ArrayAppend2.xml
----------------- Instantiating /home/travis/build/icyphy/ptII/ptolemy/actor/lib/test/auto/ArrayAppend2.xml
322 ms. Memory: 313344K Free: 174592K (56%)
----------------- Invoking toplevel() on ptolemy.moml.MoMLSimpleApplication@1ee697b
----------------- Done invoking toplevel() on ptolemy.moml.MoMLSimpleApplication@1ee697b
reloadAllAccessors: .ArrayAppend2

===========================================================================================
----------------- testing Fri Sep 20 05:47:35 UTC 2019 /home/travis/build/icyphy/ptII/ptolemy/actor/lib/test/auto/ArrayAppend3.xml
----------------- Instantiating /home/travis/build/icyphy/ptII/ptolemy/actor/lib/test/auto/ArrayAppend3.xml
11 ms. Memory: 313344K Free: 169472K (54%)
----------------- Invoking toplevel() on ptolemy.moml.MoMLSimpleApplication@4d06bba3
----------------- Done invoking toplevel() on ptolemy.moml.MoMLSimpleApplication@4d06bba3
reloadAllAccessors: .ArrayAppend3

===========================================================================================
----------------- testing Fri Sep 20 05:47:35 UTC 2019 /home/travis/build/icyphy/ptII/ptolemy/actor/lib/test/auto/ArrayAppend4.xml
----------------- Instantiating /home/travis/build/icyphy/ptII/ptolemy/actor/lib/test/auto/ArrayAppend4.xml
3 ms. Memory: 313344K Free: 163838K (52%)
----------------- Invoking toplevel() on ptolemy.moml.MoMLSimpleApplication@59c82a3d
----------------- Done invoking toplevel() on ptolemy.moml.MoMLSimpleApplication@59c82a3d
reloadAllAccessors: .ArrayAppend4

===========================================================================================
----------------- testing Fri Sep 20 05:47:35 UTC 2019 /home/travis/build/icyphy/ptII/ptolemy/actor/lib/test/auto/ArrayAppend5.xml
----------------- Instantiating /home/travis/build/icyphy/ptII/ptolemy/actor/lib/test/auto/ArrayAppend5.xml
3 ms. Memory: 313344K Free: 158718K (51%)
----------------- Invoking toplevel() on ptolemy.moml.MoMLSimpleApplication@46419373
----------------- Done invoking toplevel() on ptolemy.moml.MoMLSimpleApplication@46419373
reloadAllAccessors: .ArrayAppend5

===========================================================================================
----------------- testing Fri Sep 20 05:47:35 UTC 2019 /home/travis/build/icyphy/ptII/ptolemy/actor/lib/test/auto/ArrayAppend6.xml
----------------- Instantiating /home/travis/build/icyphy/ptII/ptolemy/actor/lib/test/auto/ArrayAppend6.xml
4 ms. Memory: 313344K Free: 153088K (49%)
----------------- Invoking toplevel() on ptolemy.moml.MoMLSimpleApplication@3f92eddc
----------------- Done invoking toplevel() on ptolemy.moml.MoMLSimpleApplication@3f92eddc
reloadAllAccessors: .ArrayAppend6

===========================================================================================
----------------- testing Fri Sep 20 05:47:35 UTC 2019 /home/travis/build/icyphy/ptII/ptolemy/actor/lib/test/auto/ArrayAppendPerformanceTest.xml
----------------- Instantiating /home/travis/build/icyphy/ptII/ptolemy/actor/lib/test/auto/ArrayAppendPerformanceTest.xml
37 ms. Memory: 313344K Free: 142334K (45%)
----------------- Invoking toplevel() on ptolemy.moml.MoMLSimpleApplication@7354dccc
----------------- Done invoking toplevel() on ptolemy.moml.MoMLSimpleApplication@7354dccc
reloadAllAccessors: .ArrayAppendPerformanceTest

===========================================================================================
----------------- testing Fri Sep 20 05:47:35 UTC 2019 /home/travis/build/icyphy/ptII/ptolemy/actor/lib/test/auto/ArrayAppendWithEmptyInput.xml
----------------- Instantiating /home/travis/build/icyphy/ptII/ptolemy/actor/lib/test/auto/ArrayAppendWithEmptyInput.xml
14 ms. Memory: 313344K Free: 134142K (43%)
----------------- Invoking toplevel() on ptolemy.moml.MoMLSimpleApplication@552b0358
----------------- Done invoking toplevel() on ptolemy.moml.MoMLSimpleApplication@552b0358
reloadAllAccessors: .ArrayAppendWithEmptyInput

===========================================================================================
----------------- testing Fri Sep 20 05:47:35 UTC 2019 /home/travis/build/icyphy/ptII/ptolemy/actor/lib/test/auto/ArrayAverage.xml
----------------- Instantiating /home/travis/build/icyphy/ptII/ptolemy/actor/lib/test/auto/ArrayAverage.xml
4 ms. Memory: 313344K Free: 126464K (40%)
----------------- Invoking toplevel() on ptolemy.moml.MoMLSimpleApplication@7a20f6ae
----------------- Done invoking toplevel() on ptolemy.moml.MoMLSimpleApplication@7a20f6ae
reloadAllAccessors: .ArrayAverage

===========================================================================================
----------------- testing Fri Sep 20 05:47:36 UTC 2019 /home/travis/build/icyphy/ptII/ptolemy/actor/lib/test/auto/ArrayContains.xml
----------------- Instantiating /home/travis/build/icyphy/ptII/ptolemy/actor/lib/test/auto/ArrayContains.xml
8 ms. Memory: 313344K Free: 120830K (39%)
----------------- Invoking toplevel() on ptolemy.moml.MoMLSimpleApplication@7c614df0
----------------- Done invoking toplevel() on ptolemy.moml.MoMLSimpleApplication@7c614df0
reloadAllAccessors: .ArrayContains

===========================================================================================
----------------- testing Fri Sep 20 05:47:36 UTC 2019 /home/travis/build/icyphy/ptII/ptolemy/actor/lib/test/auto/ArrayElement.xml
----------------- Instantiating /home/travis/build/icyphy/ptII/ptolemy/actor/lib/test/auto/ArrayElement.xml
10 ms. Memory: 313344K Free: 114686K (37%)
----------------- Invoking toplevel() on ptolemy.moml.MoMLSimpleApplication@5a1b0aee
----------------- Done invoking toplevel() on ptolemy.moml.MoMLSimpleApplication@5a1b0aee
reloadAllAccessors: .ArrayElement

===========================================================================================
----------------- testing Fri Sep 20 05:47:36 UTC 2019 /home/travis/build/icyphy/ptII/ptolemy/actor/lib/test/auto/ArrayElementAsMatrix.xml
----------------- Instantiating /home/travis/build/icyphy/ptII/ptolemy/actor/lib/test/auto/ArrayElementAsMatrix.xml
15 ms. Memory: 313344K Free: 104960K (33%)
----------------- Invoking toplevel() on ptolemy.moml.MoMLSimpleApplication@50c440b3
----------------- Done invoking toplevel() on ptolemy.moml.MoMLSimpleApplication@50c440b3
reloadAllAccessors: .ArrayElementAsMatrix

===========================================================================================
----------------- testing Fri Sep 20 05:47:36 UTC 2019 /home/travis/build/icyphy/ptII/ptolemy/actor/lib/test/auto/ArrayElementI.xml
----------------- Instantiating /home/travis/build/icyphy/ptII/ptolemy/actor/lib/test/auto/ArrayElementI.xml
4 ms. Memory: 313344K Free: 263852K (84%)
----------------- Invoking toplevel() on ptolemy.moml.MoMLSimpleApplication@67f67fe3
----------------- Done invoking toplevel() on ptolemy.moml.MoMLSimpleApplication@67f67fe3
reloadAllAccessors: .ArrayElementI

===========================================================================================
----------------- testing Fri Sep 20 05:47:36 UTC 2019 /home/travis/build/icyphy/ptII/ptolemy/actor/lib/test/auto/ArrayExtract.xml
----------------- Instantiating /home/travis/build/icyphy/ptII/ptolemy/actor/lib/test/auto/ArrayExtract.xml
7 ms. Memory: 313344K Free: 255146K (81%)
----------------- Invoking toplevel() on ptolemy.moml.MoMLSimpleApplication@6770ab22
----------------- Done invoking toplevel() on ptolemy.moml.MoMLSimpleApplication@6770ab22
reloadAllAccessors: .ArrayExtract

===========================================================================================
----------------- testing Fri Sep 20 05:47:36 UTC 2019 /home/travis/build/icyphy/ptII/ptolemy/actor/lib/test/auto/ArrayExtract2.xml
----------------- Instantiating /home/travis/build/icyphy/ptII/ptolemy/actor/lib/test/auto/ArrayExtract2.xml
2 ms. Memory: 313344K Free: 249996K (80%)
----------------- Invoking toplevel() on ptolemy.moml.MoMLSimpleApplication@1e89511a
----------------- Done invoking toplevel() on ptolemy.moml.MoMLSimpleApplication@1e89511a
reloadAllAccessors: .ArrayExtract2

===========================================================================================
----------------- testing Fri Sep 20 05:47:36 UTC 2019 /home/travis/build/icyphy/ptII/ptolemy/actor/lib/test/auto/ArrayLength.xml
----------------- Instantiating /home/travis/build/icyphy/ptII/ptolemy/actor/lib/test/auto/ArrayLength.xml
4 ms. Memory: 313344K Free: 245916K (78%)
----------------- Invoking toplevel() on ptolemy.moml.MoMLSimpleApplication@5e830d42
----------------- Done invoking toplevel() on ptolemy.moml.MoMLSimpleApplication@5e830d42
reloadAllAccessors: .ArrayLength

===========================================================================================
----------------- testing Fri Sep 20 05:47:36 UTC 2019 /home/travis/build/icyphy/ptII/ptolemy/actor/lib/test/auto/ArrayLevelCrossing.xml
----------------- Instantiating /home/travis/build/icyphy/ptII/ptolemy/actor/lib/test/auto/ArrayLevelCrossing.xml
4 ms. Memory: 313344K Free: 238252K (76%)
----------------- Invoking toplevel() on ptolemy.moml.MoMLSimpleApplication@73adfe9
----------------- Done invoking toplevel() on ptolemy.moml.MoMLSimpleApplication@73adfe9
reloadAllAccessors: .ArrayLevelCrossing

===========================================================================================
----------------- testing Fri Sep 20 05:47:36 UTC 2019 /home/travis/build/icyphy/ptII/ptolemy/actor/lib/test/auto/ArrayLevelCrossing2.xml
----------------- Instantiating /home/travis/build/icyphy/ptII/ptolemy/actor/lib/test/auto/ArrayLevelCrossing2.xml
3 ms. Memory: 313344K Free: 230556K (74%)
----------------- Invoking toplevel() on ptolemy.moml.MoMLSimpleApplication@4c9336e6
----------------- Done invoking toplevel() on ptolemy.moml.MoMLSimpleApplication@4c9336e6
reloadAllAccessors: .ArrayLevelCrossing2

===========================================================================================
----------------- testing Fri Sep 20 05:47:36 UTC 2019 /home/travis/build/icyphy/ptII/ptolemy/actor/lib/test/auto/ArrayPeakSearch.xml
----------------- Instantiating /home/travis/build/icyphy/ptII/ptolemy/actor/lib/test/auto/ArrayPeakSearch.xml
9 ms. Memory: 313344K Free: 221868K (71%)
----------------- Invoking toplevel() on ptolemy.moml.MoMLSimpleApplication@36fa6fb1
----------------- Done invoking toplevel() on ptolemy.moml.MoMLSimpleApplication@36fa6fb1
reloadAllAccessors: .ArrayPeakSearch

===========================================================================================
----------------- testing Fri Sep 20 05:47:36 UTC 2019 /home/travis/build/icyphy/ptII/ptolemy/actor/lib/test/auto/ArrayPeakSearch2.xml
----------------- Instantiating /home/travis/build/icyphy/ptII/ptolemy/actor/lib/test/auto/ArrayPeakSearch2.xml
7 ms. Memory: 313344K Free: 211084K (67%)
----------------- Invoking toplevel() on ptolemy.moml.MoMLSimpleApplication@ddea603
----------------- Done invoking toplevel() on ptolemy.moml.MoMLSimpleApplication@ddea603
reloadAllAccessors: .ArrayPeakSearch2

===========================================================================================
----------------- testing Fri Sep 20 05:47:36 UTC 2019 /home/travis/build/icyphy/ptII/ptolemy/actor/lib/test/auto/ArrayPeakSearch3.xml
----------------- Instantiating /home/travis/build/icyphy/ptII/ptolemy/actor/lib/test/auto/ArrayPeakSearch3.xml
6 ms. Memory: 313344K Free: 202412K (65%)
----------------- Invoking toplevel() on ptolemy.moml.MoMLSimpleApplication@767c8941
----------------- Done invoking toplevel() on ptolemy.moml.MoMLSimpleApplication@767c8941
reloadAllAccessors: .ArrayPeakSearch3

===========================================================================================
----------------- testing Fri Sep 20 05:47:36 UTC 2019 /home/travis/build/icyphy/ptII/ptolemy/actor/lib/test/auto/ArrayRemoveElement.xml
----------------- Instantiating /home/travis/build/icyphy/ptII/ptolemy/actor/lib/test/auto/ArrayRemoveElement.xml
3 ms. Memory: 313344K Free: 194220K (62%)
----------------- Invoking toplevel() on ptolemy.moml.MoMLSimpleApplication@2115023b
----------------- Done invoking toplevel() on ptolemy.moml.MoMLSimpleApplication@2115023b
reloadAllAccessors: .ArrayRemoveElement

===========================================================================================
----------------- testing Fri Sep 20 05:47:36 UTC 2019 /home/travis/build/icyphy/ptII/ptolemy/actor/lib/test/auto/ArraySort.xml
----------------- Instantiating /home/travis/build/icyphy/ptII/ptolemy/actor/lib/test/auto/ArraySort.xml
9 ms. Memory: 313344K Free: 185514K (59%)
----------------- Invoking toplevel() on ptolemy.moml.MoMLSimpleApplication@73b43f4e
----------------- Done invoking toplevel() on ptolemy.moml.MoMLSimpleApplication@73b43f4e
reloadAllAccessors: .ArraySort

===========================================================================================
----------------- testing Fri Sep 20 05:47:36 UTC 2019 /home/travis/build/icyphy/ptII/ptolemy/actor/lib/test/auto/ArraySum.xml
----------------- Instantiating /home/travis/build/icyphy/ptII/ptolemy/actor/lib/test/auto/ArraySum.xml
3 ms. Memory: 313344K Free: 179884K (57%)
----------------- Invoking toplevel() on ptolemy.moml.MoMLSimpleApplication@36e6bbfd
----------------- Done invoking toplevel() on ptolemy.moml.MoMLSimpleApplication@36e6bbfd
reloadAllAccessors: .ArraySum

===========================================================================================
----------------- testing Fri Sep 20 05:47:36 UTC 2019 /home/travis/build/icyphy/ptII/ptolemy/actor/lib/test/auto/ArrayToElements.xml
----------------- Instantiating /home/travis/build/icyphy/ptII/ptolemy/actor/lib/test/auto/ArrayToElements.xml
8 ms. Memory: 313344K Free: 174764K (56%)
----------------- Invoking toplevel() on ptolemy.moml.MoMLSimpleApplication@611fbda2
----------------- Done invoking toplevel() on ptolemy.moml.MoMLSimpleApplication@611fbda2
reloadAllAccessors: .ArrayToElements

===========================================================================================
----------------- testing Fri Sep 20 05:47:36 UTC 2019 /home/travis/build/icyphy/ptII/ptolemy/actor/lib/test/auto/ArrayToMatrix.xml
----------------- Instantiating /home/travis/build/icyphy/ptII/ptolemy/actor/lib/test/auto/ArrayToMatrix.xml
18 ms. Memory: 313344K Free: 160428K (51%)
----------------- Invoking toplevel() on ptolemy.moml.MoMLSimpleApplication@53c1873f
----------------- Done invoking toplevel() on ptolemy.moml.MoMLSimpleApplication@53c1873f
reloadAllAccessors: .ArrayToMatrix

===========================================================================================
----------------- testing Fri Sep 20 05:47:36 UTC 2019 /home/travis/build/icyphy/ptII/ptolemy/actor/lib/test/auto/ArrayUpdate1.xml
----------------- Instantiating /home/travis/build/icyphy/ptII/ptolemy/actor/lib/test/auto/ArrayUpdate1.xml
2 ms. Memory: 313344K Free: 155818K (50%)
----------------- Invoking toplevel() on ptolemy.moml.MoMLSimpleApplication@f42b76d
----------------- Done invoking toplevel() on ptolemy.moml.MoMLSimpleApplication@f42b76d
reloadAllAccessors: .ArrayUpdate1

===========================================================================================
----------------- testing Fri Sep 20 05:47:36 UTC 2019 /home/travis/build/icyphy/ptII/ptolemy/actor/lib/test/auto/ArrayUpdate2.xml
----------------- Instantiating /home/travis/build/icyphy/ptII/ptolemy/actor/lib/test/auto/ArrayUpdate2.xml
6 ms. Memory: 313344K Free: 149164K (48%)
----------------- Invoking toplevel() on ptolemy.moml.MoMLSimpleApplication@40844426
----------------- Done invoking toplevel() on ptolemy.moml.MoMLSimpleApplication@40844426
reloadAllAccessors: .ArrayUpdate2

===========================================================================================
----------------- testing Fri Sep 20 05:47:36 UTC 2019 /home/travis/build/icyphy/ptII/ptolemy/actor/lib/test/auto/ArrayUpdate3.xml
----------------- Instantiating /home/travis/build/icyphy/ptII/ptolemy/actor/lib/test/auto/ArrayUpdate3.xml
6 ms. Memory: 313344K Free: 144554K (46%)
----------------- Invoking toplevel() on ptolemy.moml.MoMLSimpleApplication@5e8b071a
----------------- Done invoking toplevel() on ptolemy.moml.MoMLSimpleApplication@5e8b071a
reloadAllAccessors: .ArrayUpdate3

===========================================================================================
----------------- testing Fri Sep 20 05:47:36 UTC 2019 /home/travis/build/icyphy/ptII/ptolemy/actor/lib/test/auto/Assert1.xml
----------------- Instantiating /home/travis/build/icyphy/ptII/ptolemy/actor/lib/test/auto/Assert1.xml
3 ms. Memory: 313344K Free: 139948K (45%)
----------------- Invoking toplevel() on ptolemy.moml.MoMLSimpleApplication@410e23be
----------------- Done invoking toplevel() on ptolemy.moml.MoMLSimpleApplication@410e23be
reloadAllAccessors: .Assert1

===========================================================================================
----------------- testing Fri Sep 20 05:47:36 UTC 2019 /home/travis/build/icyphy/ptII/ptolemy/actor/lib/test/auto/Assert2.xml
----------------- Instantiating /home/travis/build/icyphy/ptII/ptolemy/actor/lib/test/auto/Assert2.xml
2 ms. Memory: 313344K Free: 135338K (43%)
----------------- Invoking toplevel() on ptolemy.moml.MoMLSimpleApplication@783c4e0f
----------------- Done invoking toplevel() on ptolemy.moml.MoMLSimpleApplication@783c4e0f
reloadAllAccessors: .Assert2

===========================================================================================
----------------- testing Fri Sep 20 05:47:36 UTC 2019 /home/travis/build/icyphy/ptII/ptolemy/actor/lib/test/auto/BooleanMultiplexor.xml
----------------- Instantiating /home/travis/build/icyphy/ptII/ptolemy/actor/lib/test/auto/BooleanMultiplexor.xml
2 ms. Memory: 313344K Free: 129708K (41%)
----------------- Invoking toplevel() on ptolemy.moml.MoMLSimpleApplication@57cea5ce
----------------- Done invoking toplevel() on ptolemy.moml.MoMLSimpleApplication@57cea5ce
reloadAllAccessors: .BooleanMultiplexor

===========================================================================================
----------------- testing Fri Sep 20 05:47:36 UTC 2019 /home/travis/build/icyphy/ptII/ptolemy/actor/lib/test/auto/BooleanMultiplexor2.xml
----------------- Instantiating /home/travis/build/icyphy/ptII/ptolemy/actor/lib/test/auto/BooleanMultiplexor2.xml
10 ms. Memory: 313344K Free: 123564K (39%)
----------------- Invoking toplevel() on ptolemy.moml.MoMLSimpleApplication@626fcb93
----------------- Done invoking toplevel() on ptolemy.moml.MoMLSimpleApplication@626fcb93
reloadAllAccessors: .BooleanMultiplexor2

===========================================================================================
----------------- testing Fri Sep 20 05:47:37 UTC 2019 /home/travis/build/icyphy/ptII/ptolemy/actor/lib/test/auto/BooleanMultiplexor3.xml
----------------- Instantiating /home/travis/build/icyphy/ptII/ptolemy/actor/lib/test/auto/BooleanMultiplexor3.xml
6 ms. Memory: 313344K Free: 119468K (38%)
----------------- Invoking toplevel() on ptolemy.moml.MoMLSimpleApplication@98ef67c
----------------- Done invoking toplevel() on ptolemy.moml.MoMLSimpleApplication@98ef67c
reloadAllAccessors: .BooleanMultiplexor3

===========================================================================================
----------------- testing Fri Sep 20 05:47:37 UTC 2019 /home/travis/build/icyphy/ptII/ptolemy/actor/lib/test/auto/BooleanSelect.xml
----------------- Instantiating /home/travis/build/icyphy/ptII/ptolemy/actor/lib/test/auto/BooleanSelect.xml
10 ms. Memory: 313344K Free: 113804K (36%)
----------------- Invoking toplevel() on ptolemy.moml.MoMLSimpleApplication@76d37414
----------------- Done invoking toplevel() on ptolemy.moml.MoMLSimpleApplication@76d37414
reloadAllAccessors: .BooleanSelect

===========================================================================================
----------------- testing Fri Sep 20 05:47:37 UTC 2019 /home/travis/build/icyphy/ptII/ptolemy/actor/lib/test/auto/BooleanSelect2.xml
----------------- Instantiating /home/travis/build/icyphy/ptII/ptolemy/actor/lib/test/auto/BooleanSelect2.xml
1 ms. Memory: 313344K Free: 109228K (35%)
----------------- Invoking toplevel() on ptolemy.moml.MoMLSimpleApplication@609cb7c8
----------------- Done invoking toplevel() on ptolemy.moml.MoMLSimpleApplication@609cb7c8
reloadAllAccessors: .BooleanSelect2

===========================================================================================
----------------- testing Fri Sep 20 05:47:37 UTC 2019 /home/travis/build/icyphy/ptII/ptolemy/actor/lib/test/auto/BooleanSwitch.xml
----------------- Instantiating /home/travis/build/icyphy/ptII/ptolemy/actor/lib/test/auto/BooleanSwitch.xml
6 ms. Memory: 313344K Free: 103594K (33%)
----------------- Invoking toplevel() on ptolemy.moml.MoMLSimpleApplication@47eacb34
----------------- Done invoking toplevel() on ptolemy.moml.MoMLSimpleApplication@47eacb34
reloadAllAccessors: .BooleanSwitch

===========================================================================================
----------------- testing Fri Sep 20 05:47:37 UTC 2019 /home/travis/build/icyphy/ptII/ptolemy/actor/lib/test/auto/BooleanSwitch2.xml
----------------- Instantiating /home/travis/build/icyphy/ptII/ptolemy/actor/lib/test/auto/BooleanSwitch2.xml
2 ms. Memory: 313344K Free: 97964K (31%)
----------------- Invoking toplevel() on ptolemy.moml.MoMLSimpleApplication@7f486b76
----------------- Done invoking toplevel() on ptolemy.moml.MoMLSimpleApplication@7f486b76
reloadAllAccessors: .BooleanSwitch2

===========================================================================================
----------------- testing Fri Sep 20 05:47:37 UTC 2019 /home/travis/build/icyphy/ptII/ptolemy/actor/lib/test/auto/BooleanSwitchCloningBugWithClassRelationGroup.xml
----------------- Instantiating /home/travis/build/icyphy/ptII/ptolemy/actor/lib/test/auto/BooleanSwitchCloningBugWithClassRelationGroup.xml
3 ms. Memory: 313344K Free: 91820K (29%)
----------------- Invoking toplevel() on ptolemy.moml.MoMLSimpleApplication@21f1089b
----------------- Done invoking toplevel() on ptolemy.moml.MoMLSimpleApplication@21f1089b
reloadAllAccessors: .BooleanSwitchCloningBugWithClassRelationGroup

===========================================================================================
----------------- testing Fri Sep 20 05:47:37 UTC 2019 /home/travis/build/icyphy/ptII/ptolemy/actor/lib/test/auto/BusActors.xml
----------------- Instantiating /home/travis/build/icyphy/ptII/ptolemy/actor/lib/test/auto/BusActors.xml
4 ms. Memory: 313344K Free: 83628K (27%)
----------------- Invoking toplevel() on ptolemy.moml.MoMLSimpleApplication@b226ca1
----------------- Done invoking toplevel() on ptolemy.moml.MoMLSimpleApplication@b226ca1
reloadAllAccessors: .BusActors

===========================================================================================
----------------- testing Fri Sep 20 05:47:37 UTC 2019 /home/travis/build/icyphy/ptII/ptolemy/actor/lib/test/auto/ClassWrapper.xml
----------------- Instantiating /home/travis/build/icyphy/ptII/ptolemy/actor/lib/test/auto/ClassWrapper.xml
18 ms. Memory: 540672K Free: 492222K (91%)
----------------- Invoking toplevel() on ptolemy.moml.MoMLSimpleApplication@13a80fe
----------------- Done invoking toplevel() on ptolemy.moml.MoMLSimpleApplication@13a80fe
reloadAllAccessors: .ClassWrapper

===========================================================================================
----------------- testing Fri Sep 20 05:47:37 UTC 2019 /home/travis/build/icyphy/ptII/ptolemy/actor/lib/test/auto/Clock.xml
----------------- Instantiating /home/travis/build/icyphy/ptII/ptolemy/actor/lib/test/auto/Clock.xml
2 ms. Memory: 540672K Free: 487612K (90%)
----------------- Invoking toplevel() on ptolemy.moml.MoMLSimpleApplication@72a6bfa
----------------- Done invoking toplevel() on ptolemy.moml.MoMLSimpleApplication@72a6bfa
reloadAllAccessors: .Clock

===========================================================================================
----------------- testing Fri Sep 20 05:47:37 UTC 2019 /home/travis/build/icyphy/ptII/ptolemy/actor/lib/test/auto/Clock10.xml
----------------- Instantiating /home/travis/build/icyphy/ptII/ptolemy/actor/lib/test/auto/Clock10.xml
5 ms. Memory: 540672K Free: 481982K (89%)
----------------- Invoking toplevel() on ptolemy.moml.MoMLSimpleApplication@7b812e0b
----------------- Done invoking toplevel() on ptolemy.moml.MoMLSimpleApplication@7b812e0b
reloadAllAccessors: .Clock10

===========================================================================================
----------------- testing Fri Sep 20 05:47:37 UTC 2019 /home/travis/build/icyphy/ptII/ptolemy/actor/lib/test/auto/Clock11.xml
----------------- Instantiating /home/travis/build/icyphy/ptII/ptolemy/actor/lib/test/auto/Clock11.xml
5 ms. Memory: 540672K Free: 475838K (88%)
----------------- Invoking toplevel() on ptolemy.moml.MoMLSimpleApplication@70be6b6e
----------------- Done invoking toplevel() on ptolemy.moml.MoMLSimpleApplication@70be6b6e
reloadAllAccessors: .Clock11

===========================================================================================
----------------- testing Fri Sep 20 05:47:37 UTC 2019 /home/travis/build/icyphy/ptII/ptolemy/actor/lib/test/auto/Clock12.xml
----------------- Instantiating /home/travis/build/icyphy/ptII/ptolemy/actor/lib/test/auto/Clock12.xml
5 ms. Memory: 540672K Free: 469694K (87%)
----------------- Invoking toplevel() on ptolemy.moml.MoMLSimpleApplication@6aadc51
----------------- Done invoking toplevel() on ptolemy.moml.MoMLSimpleApplication@6aadc51
reloadAllAccessors: .Clock12

===========================================================================================
----------------- testing Fri Sep 20 05:47:37 UTC 2019 /home/travis/build/icyphy/ptII/ptolemy/actor/lib/test/auto/Clock13.xml
----------------- Instantiating /home/travis/build/icyphy/ptII/ptolemy/actor/lib/test/auto/Clock13.xml
5 ms. Memory: 540672K Free: 464046K (86%)
----------------- Invoking toplevel() on ptolemy.moml.MoMLSimpleApplication@36cf3343
----------------- Done invoking toplevel() on ptolemy.moml.MoMLSimpleApplication@36cf3343
reloadAllAccessors: .Clock13

===========================================================================================
----------------- testing Fri Sep 20 05:47:37 UTC 2019 /home/travis/build/icyphy/ptII/ptolemy/actor/lib/test/auto/Clock14.xml
----------------- Instantiating /home/travis/build/icyphy/ptII/ptolemy/actor/lib/test/auto/Clock14.xml
6 ms. Memory: 540672K Free: 457886K (85%)
----------------- Invoking toplevel() on ptolemy.moml.MoMLSimpleApplication@68c42605
----------------- Done invoking toplevel() on ptolemy.moml.MoMLSimpleApplication@68c42605
reloadAllAccessors: .Clock14

===========================================================================================
----------------- testing Fri Sep 20 05:47:37 UTC 2019 /home/travis/build/icyphy/ptII/ptolemy/actor/lib/test/auto/Clock15.xml
----------------- Instantiating /home/travis/build/icyphy/ptII/ptolemy/actor/lib/test/auto/Clock15.xml
3 ms. Memory: 540672K Free: 452286K (84%)
----------------- Invoking toplevel() on ptolemy.moml.MoMLSimpleApplication@11d9be23
----------------- Done invoking toplevel() on ptolemy.moml.MoMLSimpleApplication@11d9be23
reloadAllAccessors: .Clock15

===========================================================================================
----------------- testing Fri Sep 20 05:47:37 UTC 2019 /home/travis/build/icyphy/ptII/ptolemy/actor/lib/test/auto/Clock16.xml
----------------- Instantiating /home/travis/build/icyphy/ptII/ptolemy/actor/lib/test/auto/Clock16.xml
36 ms. Memory: 540672K Free: 437430K (81%)
----------------- Invoking toplevel() on ptolemy.moml.MoMLSimpleApplication@1ec9eeb2
----------------- Done invoking toplevel() on ptolemy.moml.MoMLSimpleApplication@1ec9eeb2
reloadAllAccessors: .Clock16

===========================================================================================
----------------- testing Fri Sep 20 05:47:37 UTC 2019 /home/travis/build/icyphy/ptII/ptolemy/actor/lib/test/auto/Clock17.xml
----------------- Instantiating /home/travis/build/icyphy/ptII/ptolemy/actor/lib/test/auto/Clock17.xml
30 ms. Memory: 540672K Free: 423614K (78%)
----------------- Invoking toplevel() on ptolemy.moml.MoMLSimpleApplication@53eb9660
----------------- Done invoking toplevel() on ptolemy.moml.MoMLSimpleApplication@53eb9660
reloadAllAccessors: .Clock17

===========================================================================================
----------------- testing Fri Sep 20 05:47:37 UTC 2019 /home/travis/build/icyphy/ptII/ptolemy/actor/lib/test/auto/Clock18.xml
----------------- Instantiating /home/travis/build/icyphy/ptII/ptolemy/actor/lib/test/auto/Clock18.xml
24 ms. Memory: 540672K Free: 409758K (76%)
----------------- Invoking toplevel() on ptolemy.moml.MoMLSimpleApplication@cbc012a
----------------- Done invoking toplevel() on ptolemy.moml.MoMLSimpleApplication@cbc012a
reloadAllAccessors: .Clock18

===========================================================================================
----------------- testing Fri Sep 20 05:47:37 UTC 2019 /home/travis/build/icyphy/ptII/ptolemy/actor/lib/test/auto/Clock19.xml
----------------- Instantiating /home/travis/build/icyphy/ptII/ptolemy/actor/lib/test/auto/Clock19.xml
15 ms. Memory: 540672K Free: 396476K (73%)
----------------- Invoking toplevel() on ptolemy.moml.MoMLSimpleApplication@1b43cf7c
----------------- Done invoking toplevel() on ptolemy.moml.MoMLSimpleApplication@1b43cf7c
reloadAllAccessors: .Clock19

===========================================================================================
----------------- testing Fri Sep 20 05:47:37 UTC 2019 /home/travis/build/icyphy/ptII/ptolemy/actor/lib/test/auto/Clock2.xml
----------------- Instantiating /home/travis/build/icyphy/ptII/ptolemy/actor/lib/test/auto/Clock2.xml
9 ms. Memory: 540672K Free: 391870K (72%)
----------------- Invoking toplevel() on ptolemy.moml.MoMLSimpleApplication@136fdf1
----------------- Done invoking toplevel() on ptolemy.moml.MoMLSimpleApplication@136fdf1
reloadAllAccessors: .Clock2

===========================================================================================
----------------- testing Fri Sep 20 05:47:37 UTC 2019 /home/travis/build/icyphy/ptII/ptolemy/actor/lib/test/auto/Clock20.xml
----------------- Instantiating /home/travis/build/icyphy/ptII/ptolemy/actor/lib/test/auto/Clock20.xml
7 ms. Memory: 540672K Free: 386236K (71%)
----------------- Invoking toplevel() on ptolemy.moml.MoMLSimpleApplication@149b78ca
----------------- Done invoking toplevel() on ptolemy.moml.MoMLSimpleApplication@149b78ca
reloadAllAccessors: .Clock20

===========================================================================================
----------------- testing Fri Sep 20 05:47:37 UTC 2019 /home/travis/build/icyphy/ptII/ptolemy/actor/lib/test/auto/Clock21.xml
----------------- Instantiating /home/travis/build/icyphy/ptII/ptolemy/actor/lib/test/auto/Clock21.xml
3 ms. Memory: 540672K Free: 381116K (70%)
----------------- Invoking toplevel() on ptolemy.moml.MoMLSimpleApplication@5cc1c1ca
----------------- Done invoking toplevel() on ptolemy.moml.MoMLSimpleApplication@5cc1c1ca
reloadAllAccessors: .Clock21

===========================================================================================
----------------- testing Fri Sep 20 05:47:37 UTC 2019 /home/travis/build/icyphy/ptII/ptolemy/actor/lib/test/auto/Clock22.xml
----------------- Instantiating /home/travis/build/icyphy/ptII/ptolemy/actor/lib/test/auto/Clock22.xml
7 ms. Memory: 540672K Free: 375486K (69%)
----------------- Invoking toplevel() on ptolemy.moml.MoMLSimpleApplication@c89b9eb
----------------- Done invoking toplevel() on ptolemy.moml.MoMLSimpleApplication@c89b9eb
reloadAllAccessors: .Clock22

===========================================================================================
----------------- testing Fri Sep 20 05:47:37 UTC 2019 /home/travis/build/icyphy/ptII/ptolemy/actor/lib/test/auto/Clock23.xml
----------------- Instantiating /home/travis/build/icyphy/ptII/ptolemy/actor/lib/test/auto/Clock23.xml
7 ms. Memory: 540672K Free: 370366K (69%)
----------------- Invoking toplevel() on ptolemy.moml.MoMLSimpleApplication@7284299c
----------------- Done invoking toplevel() on ptolemy.moml.MoMLSimpleApplication@7284299c
reloadAllAccessors: .Clock23

===========================================================================================
----------------- testing Fri Sep 20 05:47:37 UTC 2019 /home/travis/build/icyphy/ptII/ptolemy/actor/lib/test/auto/Clock24.xml
----------------- Instantiating /home/travis/build/icyphy/ptII/ptolemy/actor/lib/test/auto/Clock24.xml
6 ms. Memory: 540672K Free: 364732K (67%)
----------------- Invoking toplevel() on ptolemy.moml.MoMLSimpleApplication@1690b8de
----------------- Done invoking toplevel() on ptolemy.moml.MoMLSimpleApplication@1690b8de
reloadAllAccessors: .Clock24

===========================================================================================
----------------- testing Fri Sep 20 05:47:37 UTC 2019 /home/travis/build/icyphy/ptII/ptolemy/actor/lib/test/auto/Clock4.xml
----------------- Instantiating /home/travis/build/icyphy/ptII/ptolemy/actor/lib/test/auto/Clock4.xml
2 ms. Memory: 540672K Free: 359598K (67%)
----------------- Invoking toplevel() on ptolemy.moml.MoMLSimpleApplication@3ed8827c
----------------- Done invoking toplevel() on ptolemy.moml.MoMLSimpleApplication@3ed8827c
reloadAllAccessors: .Clock4

===========================================================================================
----------------- testing Fri Sep 20 05:47:37 UTC 2019 /home/travis/build/icyphy/ptII/ptolemy/actor/lib/test/auto/Clock5.xml
----------------- Instantiating /home/travis/build/icyphy/ptII/ptolemy/actor/lib/test/auto/Clock5.xml
2 ms. Memory: 540672K Free: 353982K (65%)
----------------- Invoking toplevel() on ptolemy.moml.MoMLSimpleApplication@4840418c
----------------- Done invoking toplevel() on ptolemy.moml.MoMLSimpleApplication@4840418c
reloadAllAccessors: .Clock5

===========================================================================================
----------------- testing Fri Sep 20 05:47:38 UTC 2019 /home/travis/build/icyphy/ptII/ptolemy/actor/lib/test/auto/Clock6.xml
----------------- Instantiating /home/travis/build/icyphy/ptII/ptolemy/actor/lib/test/auto/Clock6.xml
2 ms. Memory: 540672K Free: 349886K (65%)
----------------- Invoking toplevel() on ptolemy.moml.MoMLSimpleApplication@2e579de
----------------- Done invoking toplevel() on ptolemy.moml.MoMLSimpleApplication@2e579de
reloadAllAccessors: .Clock6

===========================================================================================
----------------- testing Fri Sep 20 05:47:38 UTC 2019 /home/travis/build/icyphy/ptII/ptolemy/actor/lib/test/auto/Clock7.xml
----------------- Instantiating /home/travis/build/icyphy/ptII/ptolemy/actor/lib/test/auto/Clock7.xml
2 ms. Memory: 540672K Free: 345276K (64%)
----------------- Invoking toplevel() on ptolemy.moml.MoMLSimpleApplication@4f1c8035
----------------- Done invoking toplevel() on ptolemy.moml.MoMLSimpleApplication@4f1c8035
reloadAllAccessors: .Clock7

===========================================================================================
----------------- testing Fri Sep 20 05:47:38 UTC 2019 /home/travis/build/icyphy/ptII/ptolemy/actor/lib/test/auto/Clock8.xml
----------------- Instantiating /home/travis/build/icyphy/ptII/ptolemy/actor/lib/test/auto/Clock8.xml
3 ms. Memory: 540672K Free: 340142K (63%)
----------------- Invoking toplevel() on ptolemy.moml.MoMLSimpleApplication@168b15b8
----------------- Done invoking toplevel() on ptolemy.moml.MoMLSimpleApplication@168b15b8
reloadAllAccessors: .Clock8

===========================================================================================
----------------- testing Fri Sep 20 05:47:38 UTC 2019 /home/travis/build/icyphy/ptII/ptolemy/actor/lib/test/auto/Clock9.xml
----------------- Instantiating /home/travis/build/icyphy/ptII/ptolemy/actor/lib/test/auto/Clock9.xml
5 ms. Memory: 540672K Free: 334526K (62%)
----------------- Invoking toplevel() on ptolemy.moml.MoMLSimpleApplication@3afa1c2b
----------------- Done invoking toplevel() on ptolemy.moml.MoMLSimpleApplication@3afa1c2b
reloadAllAccessors: .Clock9

===========================================================================================
----------------- testing Fri Sep 20 05:47:38 UTC 2019 /home/travis/build/icyphy/ptII/ptolemy/actor/lib/test/auto/CommDistDiscard.xml
----------------- Instantiating /home/travis/build/icyphy/ptII/ptolemy/actor/lib/test/auto/CommDistDiscard.xml
3 ms. Memory: 540672K Free: 328892K (61%)
----------------- Invoking toplevel() on ptolemy.moml.MoMLSimpleApplication@4ceb6690
----------------- Done invoking toplevel() on ptolemy.moml.MoMLSimpleApplication@4ceb6690
reloadAllAccessors: .CommDistDiscard

===========================================================================================
----------------- testing Fri Sep 20 05:47:38 UTC 2019 /home/travis/build/icyphy/ptII/ptolemy/actor/lib/test/auto/Commutator.xml
----------------- Instantiating /home/travis/build/icyphy/ptII/ptolemy/actor/lib/test/auto/Commutator.xml
2 ms. Memory: 540672K Free: 324796K (60%)
----------------- Invoking toplevel() on ptolemy.moml.MoMLSimpleApplication@50fbaead
----------------- Done invoking toplevel() on ptolemy.moml.MoMLSimpleApplication@50fbaead
reloadAllAccessors: .Commutator

===========================================================================================
----------------- testing Fri Sep 20 05:47:38 UTC 2019 /home/travis/build/icyphy/ptII/ptolemy/actor/lib/test/auto/Commutator2.xml
----------------- Instantiating /home/travis/build/icyphy/ptII/ptolemy/actor/lib/test/auto/Commutator2.xml
2 ms. Memory: 540672K Free: 320190K (59%)
----------------- Invoking toplevel() on ptolemy.moml.MoMLSimpleApplication@15b45f4a
----------------- Done invoking toplevel() on ptolemy.moml.MoMLSimpleApplication@15b45f4a
reloadAllAccessors: .Commutator2

===========================================================================================
----------------- testing Fri Sep 20 05:47:38 UTC 2019 /home/travis/build/icyphy/ptII/ptolemy/actor/lib/test/auto/Commutator3.xml
----------------- Instantiating /home/travis/build/icyphy/ptII/ptolemy/actor/lib/test/auto/Commutator3.xml
2 ms. Memory: 540672K Free: 316094K (58%)
----------------- Invoking toplevel() on ptolemy.moml.MoMLSimpleApplication@5ab62f46
----------------- Done invoking toplevel() on ptolemy.moml.MoMLSimpleApplication@5ab62f46
reloadAllAccessors: .Commutator3

===========================================================================================
----------------- testing Fri Sep 20 05:47:38 UTC 2019 /home/travis/build/icyphy/ptII/ptolemy/actor/lib/test/auto/Compare.xml
----------------- Instantiating /home/travis/build/icyphy/ptII/ptolemy/actor/lib/test/auto/Compare.xml
2 ms. Memory: 540672K Free: 309436K (57%)
----------------- Invoking toplevel() on ptolemy.moml.MoMLSimpleApplication@54e24f85
----------------- Done invoking toplevel() on ptolemy.moml.MoMLSimpleApplication@54e24f85
reloadAllAccessors: .Compare

===========================================================================================
----------------- testing Fri Sep 20 05:47:38 UTC 2019 /home/travis/build/icyphy/ptII/ptolemy/actor/lib/test/auto/CompareDE.xml
----------------- Instantiating /home/travis/build/icyphy/ptII/ptolemy/actor/lib/test/auto/CompareDE.xml
5 ms. Memory: 540672K Free: 302254K (56%)
----------------- Invoking toplevel() on ptolemy.moml.MoMLSimpleApplication@482af0d4
----------------- Done invoking toplevel() on ptolemy.moml.MoMLSimpleApplication@482af0d4
reloadAllAccessors: .CompareDE

===========================================================================================
----------------- testing Fri Sep 20 05:47:38 UTC 2019 /home/travis/build/icyphy/ptII/ptolemy/actor/lib/test/auto/ComplexDivide.xml
----------------- Instantiating /home/travis/build/icyphy/ptII/ptolemy/actor/lib/test/auto/ComplexDivide.xml
1 ms. Memory: 540672K Free: 298686K (55%)
----------------- Invoking toplevel() on ptolemy.moml.MoMLSimpleApplication@76f7630c
----------------- Done invoking toplevel() on ptolemy.moml.MoMLSimpleApplication@76f7630c
reloadAllAccessors: .ComplexDivide

===========================================================================================
----------------- testing Fri Sep 20 05:47:38 UTC 2019 /home/travis/build/icyphy/ptII/ptolemy/actor/lib/test/auto/ComputeHistogram.xml
----------------- Instantiating /home/travis/build/icyphy/ptII/ptolemy/actor/lib/test/auto/ComputeHistogram.xml
37 ms. Memory: 540672K Free: 285884K (53%)
----------------- Invoking toplevel() on ptolemy.moml.MoMLSimpleApplication@4f275c23
----------------- Done invoking toplevel() on ptolemy.moml.MoMLSimpleApplication@4f275c23
reloadAllAccessors: .ComputeHistogram

===========================================================================================
----------------- testing Fri Sep 20 05:47:38 UTC 2019 /home/travis/build/icyphy/ptII/ptolemy/actor/lib/test/auto/ConfigurationSelect.xml
----------------- Instantiating /home/travis/build/icyphy/ptII/ptolemy/actor/lib/test/auto/ConfigurationSelect.xml
12 ms. Memory: 540672K Free: 280254K (52%)
----------------- Invoking toplevel() on ptolemy.moml.MoMLSimpleApplication@51fd1cb6
----------------- Done invoking toplevel() on ptolemy.moml.MoMLSimpleApplication@51fd1cb6
reloadAllAccessors: .ConfigurationSelect

===========================================================================================
----------------- testing Fri Sep 20 05:47:38 UTC 2019 /home/travis/build/icyphy/ptII/ptolemy/actor/lib/test/auto/ConfigurationSelect2.xml
----------------- Instantiating /home/travis/build/icyphy/ptII/ptolemy/actor/lib/test/auto/ConfigurationSelect2.xml
2 ms. Memory: 540672K Free: 276158K (51%)
----------------- Invoking toplevel() on ptolemy.moml.MoMLSimpleApplication@16a67fae
----------------- Done invoking toplevel() on ptolemy.moml.MoMLSimpleApplication@16a67fae
reloadAllAccessors: .ConfigurationSelect2

===========================================================================================
----------------- testing Fri Sep 20 05:47:38 UTC 2019 /home/travis/build/icyphy/ptII/ptolemy/actor/lib/test/auto/ConfigurationSwitch.xml
----------------- Instantiating /home/travis/build/icyphy/ptII/ptolemy/actor/lib/test/auto/ConfigurationSwitch.xml
2 ms. Memory: 540672K Free: 270524K (50%)
----------------- Invoking toplevel() on ptolemy.moml.MoMLSimpleApplication@6745ddfb
----------------- Done invoking toplevel() on ptolemy.moml.MoMLSimpleApplication@6745ddfb
reloadAllAccessors: .ConfigurationSwitch

===========================================================================================
----------------- testing Fri Sep 20 05:47:38 UTC 2019 /home/travis/build/icyphy/ptII/ptolemy/actor/lib/test/auto/ConfigurationSwitch2.xml
----------------- Instantiating /home/travis/build/icyphy/ptII/ptolemy/actor/lib/test/auto/ConfigurationSwitch2.xml
5 ms. Memory: 540672K Free: 265404K (49%)
----------------- Invoking toplevel() on ptolemy.moml.MoMLSimpleApplication@4764bd7a
----------------- Done invoking toplevel() on ptolemy.moml.MoMLSimpleApplication@4764bd7a
reloadAllAccessors: .ConfigurationSwitch2

===========================================================================================
----------------- testing Fri Sep 20 05:47:38 UTC 2019 /home/travis/build/icyphy/ptII/ptolemy/actor/lib/test/auto/ConfigurationSwitchCloningBugWithClassRelationGroup.xml
----------------- Instantiating /home/travis/build/icyphy/ptII/ptolemy/actor/lib/test/auto/ConfigurationSwitchCloningBugWithClassRelationGroup.xml
1 ms. Memory: 540672K Free: 258750K (48%)
----------------- Invoking toplevel() on ptolemy.moml.MoMLSimpleApplication@4a5ee9cf
----------------- Done invoking toplevel() on ptolemy.moml.MoMLSimpleApplication@4a5ee9cf
reloadAllAccessors: .ConfigurationSwitchCloningBugWithClassRelationGroup

===========================================================================================
----------------- testing Fri Sep 20 05:47:38 UTC 2019 /home/travis/build/icyphy/ptII/ptolemy/actor/lib/test/auto/ConfigurationSwitchSelectSDF.xml
----------------- Instantiating /home/travis/build/icyphy/ptII/ptolemy/actor/lib/test/auto/ConfigurationSwitchSelectSDF.xml
2 ms. Memory: 540672K Free: 253116K (47%)
----------------- Invoking toplevel() on ptolemy.moml.MoMLSimpleApplication@28afa16a
----------------- Done invoking toplevel() on ptolemy.moml.MoMLSimpleApplication@28afa16a
reloadAllAccessors: .ConfigurationSwitchSelectSDF

===========================================================================================
----------------- testing Fri Sep 20 05:47:38 UTC 2019 /home/travis/build/icyphy/ptII/ptolemy/actor/lib/test/auto/ConfigurationSwitchSelectSDF2.xml
----------------- Instantiating /home/travis/build/icyphy/ptII/ptolemy/actor/lib/test/auto/ConfigurationSwitchSelectSDF2.xml
3 ms. Memory: 540672K Free: 247486K (46%)
----------------- Invoking toplevel() on ptolemy.moml.MoMLSimpleApplication@1b90468c
----------------- Done invoking toplevel() on ptolemy.moml.MoMLSimpleApplication@1b90468c
reloadAllAccessors: .ConfigurationSwitchSelectSDF2

===========================================================================================
----------------- testing Fri Sep 20 05:47:38 UTC 2019 /home/travis/build/icyphy/ptII/ptolemy/actor/lib/test/auto/Const.xml
----------------- Instantiating /home/travis/build/icyphy/ptII/ptolemy/actor/lib/test/auto/Const.xml
1 ms. Memory: 540672K Free: 243900K (45%)
----------------- Invoking toplevel() on ptolemy.moml.MoMLSimpleApplication@1fd91741
----------------- Done invoking toplevel() on ptolemy.moml.MoMLSimpleApplication@1fd91741
reloadAllAccessors: .Const

===========================================================================================
----------------- testing Fri Sep 20 05:47:38 UTC 2019 /home/travis/build/icyphy/ptII/ptolemy/actor/lib/test/auto/Const2.xml
----------------- Instantiating /home/travis/build/icyphy/ptII/ptolemy/actor/lib/test/auto/Const2.xml
2 ms. Memory: 540672K Free: 239804K (44%)
----------------- Invoking toplevel() on ptolemy.moml.MoMLSimpleApplication@78b272de
----------------- Done invoking toplevel() on ptolemy.moml.MoMLSimpleApplication@78b272de
reloadAllAccessors: .Const2

===========================================================================================
----------------- testing Fri Sep 20 05:47:38 UTC 2019 /home/travis/build/icyphy/ptII/ptolemy/actor/lib/test/auto/Const3.xml
----------------- Instantiating /home/travis/build/icyphy/ptII/ptolemy/actor/lib/test/auto/Const3.xml
1 ms. Memory: 540672K Free: 237246K (44%)
----------------- Invoking toplevel() on ptolemy.moml.MoMLSimpleApplication@7be06ae4
----------------- Done invoking toplevel() on ptolemy.moml.MoMLSimpleApplication@7be06ae4
reloadAllAccessors: .Const3

===========================================================================================
----------------- testing Fri Sep 20 05:47:38 UTC 2019 /home/travis/build/icyphy/ptII/ptolemy/actor/lib/test/auto/ConstantPublisherPort1.xml
----------------- Instantiating /home/travis/build/icyphy/ptII/ptolemy/actor/lib/test/auto/ConstantPublisherPort1.xml
12 ms. Memory: 540672K Free: 228030K (42%)
----------------- Invoking toplevel() on ptolemy.moml.MoMLSimpleApplication@6d35933
----------------- Done invoking toplevel() on ptolemy.moml.MoMLSimpleApplication@6d35933
reloadAllAccessors: .ConstantPublisherPort1

===========================================================================================
----------------- testing Fri Sep 20 05:47:38 UTC 2019 /home/travis/build/icyphy/ptII/ptolemy/actor/lib/test/auto/ConstantPublisherPort2.xml
----------------- Instantiating /home/travis/build/icyphy/ptII/ptolemy/actor/lib/test/auto/ConstantPublisherPort2.xml
12 ms. Memory: 540672K Free: 219838K (41%)
----------------- Invoking toplevel() on ptolemy.moml.MoMLSimpleApplication@31923139
----------------- Done invoking toplevel() on ptolemy.moml.MoMLSimpleApplication@31923139
reloadAllAccessors: .ConstantPublisherPort2

===========================================================================================
----------------- testing Fri Sep 20 05:47:38 UTC 2019 /home/travis/build/icyphy/ptII/ptolemy/actor/lib/test/auto/ConstantPublisherPort3.xml
----------------- Instantiating /home/travis/build/icyphy/ptII/ptolemy/actor/lib/test/auto/ConstantPublisherPort3.xml
5 ms. Memory: 540672K Free: 212670K (39%)
----------------- Invoking toplevel() on ptolemy.moml.MoMLSimpleApplication@5fb2c3de
----------------- Done invoking toplevel() on ptolemy.moml.MoMLSimpleApplication@5fb2c3de
reloadAllAccessors: .ConstantPublisherPort3

===========================================================================================
----------------- testing Fri Sep 20 05:47:38 UTC 2019 /home/travis/build/icyphy/ptII/ptolemy/actor/lib/test/auto/ConstantPublisherPort4.xml
----------------- Instantiating /home/travis/build/icyphy/ptII/ptolemy/actor/lib/test/auto/ConstantPublisherPort4.xml
3 ms. Memory: 540672K Free: 205502K (38%)
----------------- Invoking toplevel() on ptolemy.moml.MoMLSimpleApplication@64ae26f9
----------------- Done invoking toplevel() on ptolemy.moml.MoMLSimpleApplication@64ae26f9
reloadAllAccessors: .ConstantPublisherPort4

===========================================================================================
----------------- testing Fri Sep 20 05:47:38 UTC 2019 /home/travis/build/icyphy/ptII/ptolemy/actor/lib/test/auto/ConstantPublisherPort5.xml
----------------- Instantiating /home/travis/build/icyphy/ptII/ptolemy/actor/lib/test/auto/ConstantPublisherPort5.xml
31 ms. Memory: 540672K Free: 196286K (36%)
----------------- Invoking toplevel() on ptolemy.moml.MoMLSimpleApplication@73851844
----------------- Done invoking toplevel() on ptolemy.moml.MoMLSimpleApplication@73851844
reloadAllAccessors: .ConstantPublisherPort5

===========================================================================================
----------------- testing Fri Sep 20 05:47:38 UTC 2019 /home/travis/build/icyphy/ptII/ptolemy/actor/lib/test/auto/ConstantPublisherPort6.xml
----------------- Instantiating /home/travis/build/icyphy/ptII/ptolemy/actor/lib/test/auto/ConstantPublisherPort6.xml
14 ms. Memory: 540672K Free: 187070K (35%)
----------------- Invoking toplevel() on ptolemy.moml.MoMLSimpleApplication@fbadf9
----------------- Done invoking toplevel() on ptolemy.moml.MoMLSimpleApplication@fbadf9
reloadAllAccessors: .ConstantPublisherPort6

===========================================================================================
----------------- testing Fri Sep 20 05:47:38 UTC 2019 /home/travis/build/icyphy/ptII/ptolemy/actor/lib/test/auto/ConstantPublisherPort7.xml
----------------- Instantiating /home/travis/build/icyphy/ptII/ptolemy/actor/lib/test/auto/ConstantPublisherPort7.xml
15 ms. Memory: 540672K Free: 177854K (33%)
----------------- Invoking toplevel() on ptolemy.moml.MoMLSimpleApplication@415fd82a
----------------- Done invoking toplevel() on ptolemy.moml.MoMLSimpleApplication@415fd82a
reloadAllAccessors: .ConstantPublisherPort7

===========================================================================================
----------------- testing Fri Sep 20 05:47:38 UTC 2019 /home/travis/build/icyphy/ptII/ptolemy/actor/lib/test/auto/ConstraintMonitor1.xml
----------------- Instantiating /home/travis/build/icyphy/ptII/ptolemy/actor/lib/test/auto/ConstraintMonitor1.xml
5 ms. Memory: 540672K Free: 172734K (32%)
----------------- Invoking toplevel() on ptolemy.moml.MoMLSimpleApplication@1aec234d
----------------- Done invoking toplevel() on ptolemy.moml.MoMLSimpleApplication@1aec234d
reloadAllAccessors: .ConstraintMonitor1

===========================================================================================
----------------- testing Fri Sep 20 05:47:38 UTC 2019 /home/travis/build/icyphy/ptII/ptolemy/actor/lib/test/auto/ConstraintMonitor2.xml
----------------- Instantiating /home/travis/build/icyphy/ptII/ptolemy/actor/lib/test/auto/ConstraintMonitor2.xml
6 ms. Memory: 540672K Free: 489021K (90%)
----------------- Invoking toplevel() on ptolemy.moml.MoMLSimpleApplication@437842df
----------------- Done invoking toplevel() on ptolemy.moml.MoMLSimpleApplication@437842df
reloadAllAccessors: .ConstraintMonitor2

===========================================================================================
----------------- testing Fri Sep 20 05:47:38 UTC 2019 /home/travis/build/icyphy/ptII/ptolemy/actor/lib/test/auto/ConstraintMonitor3.xml
----------------- Instantiating /home/travis/build/icyphy/ptII/ptolemy/actor/lib/test/auto/ConstraintMonitor3.xml
4 ms. Memory: 540672K Free: 483901K (89%)
----------------- Invoking toplevel() on ptolemy.moml.MoMLSimpleApplication@46cbbf1d
----------------- Done invoking toplevel() on ptolemy.moml.MoMLSimpleApplication@46cbbf1d
reloadAllAccessors: .ConstraintMonitor3

===========================================================================================
----------------- testing Fri Sep 20 05:47:38 UTC 2019 /home/travis/build/icyphy/ptII/ptolemy/actor/lib/test/auto/ConstraintMonitor4.xml
----------------- Instantiating /home/travis/build/icyphy/ptII/ptolemy/actor/lib/test/auto/ConstraintMonitor4.xml
7 ms. Memory: 540672K Free: 479291K (89%)
----------------- Invoking toplevel() on ptolemy.moml.MoMLSimpleApplication@3345245
----------------- Done invoking toplevel() on ptolemy.moml.MoMLSimpleApplication@3345245
reloadAllAccessors: .ConstraintMonitor4

===========================================================================================
----------------- testing Fri Sep 20 05:47:39 UTC 2019 /home/travis/build/icyphy/ptII/ptolemy/actor/lib/test/auto/ConstraintMonitor5.xml
----------------- Instantiating /home/travis/build/icyphy/ptII/ptolemy/actor/lib/test/auto/ConstraintMonitor5.xml
5 ms. Memory: 540672K Free: 474171K (88%)
----------------- Invoking toplevel() on ptolemy.moml.MoMLSimpleApplication@7b266451
----------------- Done invoking toplevel() on ptolemy.moml.MoMLSimpleApplication@7b266451
reloadAllAccessors: .ConstraintMonitor5

===========================================================================================
----------------- testing Fri Sep 20 05:47:39 UTC 2019 /home/travis/build/icyphy/ptII/ptolemy/actor/lib/test/auto/ConstraintMonitor6.xml
----------------- Instantiating /home/travis/build/icyphy/ptII/ptolemy/actor/lib/test/auto/ConstraintMonitor6.xml
3 ms. Memory: 540672K Free: 467997K (87%)
----------------- Invoking toplevel() on ptolemy.moml.MoMLSimpleApplication@78e05bd4
----------------- Done invoking toplevel() on ptolemy.moml.MoMLSimpleApplication@78e05bd4
reloadAllAccessors: .ConstraintMonitor6

===========================================================================================
----------------- testing Fri Sep 20 05:47:39 UTC 2019 /home/travis/build/icyphy/ptII/ptolemy/actor/lib/test/auto/ConstraintMonitor7.xml
----------------- Instantiating /home/travis/build/icyphy/ptII/ptolemy/actor/lib/test/auto/ConstraintMonitor7.xml
2 ms. Memory: 540672K Free: 461373K (85%)
----------------- Invoking toplevel() on ptolemy.moml.MoMLSimpleApplication@65e88a07
----------------- Done invoking toplevel() on ptolemy.moml.MoMLSimpleApplication@65e88a07
reloadAllAccessors: .ConstraintMonitor7

===========================================================================================
----------------- testing Fri Sep 20 05:47:39 UTC 2019 /home/travis/build/icyphy/ptII/ptolemy/actor/lib/test/auto/ConstraintMonitor8.xml
----------------- Instantiating /home/travis/build/icyphy/ptII/ptolemy/actor/lib/test/auto/ConstraintMonitor8.xml
5 ms. Memory: 540672K Free: 454205K (84%)
----------------- Invoking toplevel() on ptolemy.moml.MoMLSimpleApplication@63d21640
----------------- Done invoking toplevel() on ptolemy.moml.MoMLSimpleApplication@63d21640
reloadAllAccessors: .ConstraintMonitor8

===========================================================================================
----------------- testing Fri Sep 20 05:47:39 UTC 2019 /home/travis/build/icyphy/ptII/ptolemy/actor/lib/test/auto/Counter.xml
----------------- Instantiating /home/travis/build/icyphy/ptII/ptolemy/actor/lib/test/auto/Counter.xml
3 ms. Memory: 540672K Free: 449085K (83%)
----------------- Invoking toplevel() on ptolemy.moml.MoMLSimpleApplication@25b8544b
----------------- Done invoking toplevel() on ptolemy.moml.MoMLSimpleApplication@25b8544b
reloadAllAccessors: .Counter

===========================================================================================
----------------- testing Fri Sep 20 05:47:39 UTC 2019 /home/travis/build/icyphy/ptII/ptolemy/actor/lib/test/auto/CurrentTimeSDF.xml
----------------- Instantiating /home/travis/build/icyphy/ptII/ptolemy/actor/lib/test/auto/CurrentTimeSDF.xml
1 ms. Memory: 540672K Free: 444989K (82%)
----------------- Invoking toplevel() on ptolemy.moml.MoMLSimpleApplication@a99def2
----------------- Done invoking toplevel() on ptolemy.moml.MoMLSimpleApplication@a99def2
reloadAllAccessors: .CurrentTimeSDF

===========================================================================================
----------------- testing Fri Sep 20 05:47:39 UTC 2019 /home/travis/build/icyphy/ptII/ptolemy/actor/lib/test/auto/DB.xml
----------------- Instantiating /home/travis/build/icyphy/ptII/ptolemy/actor/lib/test/auto/DB.xml
3 ms. Memory: 540672K Free: 440379K (81%)
----------------- Invoking toplevel() on ptolemy.moml.MoMLSimpleApplication@4f14a111
----------------- Done invoking toplevel() on ptolemy.moml.MoMLSimpleApplication@4f14a111
reloadAllAccessors: .DB

===========================================================================================
----------------- testing Fri Sep 20 05:47:39 UTC 2019 /home/travis/build/icyphy/ptII/ptolemy/actor/lib/test/auto/DBDE.xml
----------------- Instantiating /home/travis/build/icyphy/ptII/ptolemy/actor/lib/test/auto/DBDE.xml
3 ms. Memory: 540672K Free: 434229K (80%)
----------------- Invoking toplevel() on ptolemy.moml.MoMLSimpleApplication@1a502a95
----------------- Done invoking toplevel() on ptolemy.moml.MoMLSimpleApplication@1a502a95
reloadAllAccessors: .DBDE

===========================================================================================
----------------- testing Fri Sep 20 05:47:39 UTC 2019 /home/travis/build/icyphy/ptII/ptolemy/actor/lib/test/auto/DateConstructor.xml
----------------- Instantiating /home/travis/build/icyphy/ptII/ptolemy/actor/lib/test/auto/DateConstructor.xml
31 ms. Memory: 540672K Free: 416827K (77%)
----------------- Invoking toplevel() on ptolemy.moml.MoMLSimpleApplication@3752227b
----------------- Done invoking toplevel() on ptolemy.moml.MoMLSimpleApplication@3752227b
reloadAllAccessors: .DateConstructor

===========================================================================================
----------------- testing Fri Sep 20 05:47:39 UTC 2019 /home/travis/build/icyphy/ptII/ptolemy/actor/lib/test/auto/DelayTime.xml
----------------- Instantiating /home/travis/build/icyphy/ptII/ptolemy/actor/lib/test/auto/DelayTime.xml
7 ms. Memory: 540672K Free: 412221K (76%)
----------------- Invoking toplevel() on ptolemy.moml.MoMLSimpleApplication@b725b70
----------------- Done invoking toplevel() on ptolemy.moml.MoMLSimpleApplication@b725b70
reloadAllAccessors: .DelayTime

===========================================================================================
----------------- testing Fri Sep 20 05:47:39 UTC 2019 /home/travis/build/icyphy/ptII/ptolemy/actor/lib/test/auto/Dictionary1.xml
----------------- Instantiating /home/travis/build/icyphy/ptII/ptolemy/actor/lib/test/auto/Dictionary1.xml
2 ms. Memory: 540672K Free: 406587K (75%)
----------------- Invoking toplevel() on ptolemy.moml.MoMLSimpleApplication@2ca0800c
----------------- Done invoking toplevel() on ptolemy.moml.MoMLSimpleApplication@2ca0800c
reloadAllAccessors: .Dictionary1

===========================================================================================
----------------- testing Fri Sep 20 05:47:39 UTC 2019 /home/travis/build/icyphy/ptII/ptolemy/actor/lib/test/auto/Dictionary2.xml
----------------- Instantiating /home/travis/build/icyphy/ptII/ptolemy/actor/lib/test/auto/Dictionary2.xml
2 ms. Memory: 540672K Free: 400957K (74%)
----------------- Invoking toplevel() on ptolemy.moml.MoMLSimpleApplication@27225133
----------------- Done invoking toplevel() on ptolemy.moml.MoMLSimpleApplication@27225133
reloadAllAccessors: .Dictionary2

===========================================================================================
----------------- testing Fri Sep 20 05:47:39 UTC 2019 /home/travis/build/icyphy/ptII/ptolemy/actor/lib/test/auto/Dictionary3.xml
----------------- Instantiating /home/travis/build/icyphy/ptII/ptolemy/actor/lib/test/auto/Dictionary3.xml
2 ms. Memory: 540672K Free: 395323K (73%)
----------------- Invoking toplevel() on ptolemy.moml.MoMLSimpleApplication@b7f6fa5
----------------- Done invoking toplevel() on ptolemy.moml.MoMLSimpleApplication@b7f6fa5
reloadAllAccessors: .Dictionary3

===========================================================================================
----------------- testing Fri Sep 20 05:47:39 UTC 2019 /home/travis/build/icyphy/ptII/ptolemy/actor/lib/test/auto/Dictionary4.xml
----------------- Instantiating /home/travis/build/icyphy/ptII/ptolemy/actor/lib/test/auto/Dictionary4.xml
7 ms. Memory: 540672K Free: 388669K (72%)
----------------- Invoking toplevel() on ptolemy.moml.MoMLSimpleApplication@4919cd75
----------------- Done invoking toplevel() on ptolemy.moml.MoMLSimpleApplication@4919cd75
reloadAllAccessors: .Dictionary4

===========================================================================================
----------------- testing Fri Sep 20 05:47:39 UTC 2019 /home/travis/build/icyphy/ptII/ptolemy/actor/lib/test/auto/Differential.xml
----------------- Instantiating /home/travis/build/icyphy/ptII/ptolemy/actor/lib/test/auto/Differential.xml
3 ms. Memory: 540672K Free: 384059K (71%)
----------------- Invoking toplevel() on ptolemy.moml.MoMLSimpleApplication@4be8d71
----------------- Done invoking toplevel() on ptolemy.moml.MoMLSimpleApplication@4be8d71
reloadAllAccessors: .Differential

===========================================================================================
----------------- testing Fri Sep 20 05:47:39 UTC 2019 /home/travis/build/icyphy/ptII/ptolemy/actor/lib/test/auto/Director.xml
----------------- Instantiating /home/travis/build/icyphy/ptII/ptolemy/actor/lib/test/auto/Director.xml
4 ms. Memory: 540672K Free: 380477K (70%)
----------------- Invoking toplevel() on ptolemy.moml.MoMLSimpleApplication@60eca7e9
----------------- Done invoking toplevel() on ptolemy.moml.MoMLSimpleApplication@60eca7e9
reloadAllAccessors: .Director

===========================================================================================
----------------- testing Fri Sep 20 05:47:39 UTC 2019 /home/travis/build/icyphy/ptII/ptolemy/actor/lib/test/auto/DiscreteClock.xml
----------------- Instantiating /home/travis/build/icyphy/ptII/ptolemy/actor/lib/test/auto/DiscreteClock.xml
1 ms. Memory: 540672K Free: 376891K (70%)
----------------- Invoking toplevel() on ptolemy.moml.MoMLSimpleApplication@4993661f
----------------- Done invoking toplevel() on ptolemy.moml.MoMLSimpleApplication@4993661f
reloadAllAccessors: .DiscreteClock

===========================================================================================
----------------- testing Fri Sep 20 05:47:39 UTC 2019 /home/travis/build/icyphy/ptII/ptolemy/actor/lib/test/auto/DiscreteClock10.xml
----------------- Instantiating /home/travis/build/icyphy/ptII/ptolemy/actor/lib/test/auto/DiscreteClock10.xml
2 ms. Memory: 540672K Free: 370747K (69%)
----------------- Invoking toplevel() on ptolemy.moml.MoMLSimpleApplication@169e0998
----------------- Done invoking toplevel() on ptolemy.moml.MoMLSimpleApplication@169e0998
reloadAllAccessors: .DiscreteClock10

===========================================================================================
----------------- testing Fri Sep 20 05:47:39 UTC 2019 /home/travis/build/icyphy/ptII/ptolemy/actor/lib/test/auto/DiscreteClock11.xml
----------------- Instantiating /home/travis/build/icyphy/ptII/ptolemy/actor/lib/test/auto/DiscreteClock11.xml
2 ms. Memory: 540672K Free: 364603K (67%)
----------------- Invoking toplevel() on ptolemy.moml.MoMLSimpleApplication@7f265130
----------------- Done invoking toplevel() on ptolemy.moml.MoMLSimpleApplication@7f265130
reloadAllAccessors: .DiscreteClock11

===========================================================================================
----------------- testing Fri Sep 20 05:47:39 UTC 2019 /home/travis/build/icyphy/ptII/ptolemy/actor/lib/test/auto/DiscreteClock12.xml
----------------- Instantiating /home/travis/build/icyphy/ptII/ptolemy/actor/lib/test/auto/DiscreteClock12.xml
3 ms. Memory: 540672K Free: 358459K (66%)
----------------- Invoking toplevel() on ptolemy.moml.MoMLSimpleApplication@75f4f614
----------------- Done invoking toplevel() on ptolemy.moml.MoMLSimpleApplication@75f4f614
reloadAllAccessors: .DiscreteClock12

===========================================================================================
----------------- testing Fri Sep 20 05:47:39 UTC 2019 /home/travis/build/icyphy/ptII/ptolemy/actor/lib/test/auto/DiscreteClock13.xml
----------------- Instantiating /home/travis/build/icyphy/ptII/ptolemy/actor/lib/test/auto/DiscreteClock13.xml
5 ms. Memory: 540672K Free: 352829K (65%)
----------------- Invoking toplevel() on ptolemy.moml.MoMLSimpleApplication@2a829e13
----------------- Done invoking toplevel() on ptolemy.moml.MoMLSimpleApplication@2a829e13
reloadAllAccessors: .DiscreteClock13

===========================================================================================
----------------- testing Fri Sep 20 05:47:39 UTC 2019 /home/travis/build/icyphy/ptII/ptolemy/actor/lib/test/auto/DiscreteClock14.xml
----------------- Instantiating /home/travis/build/icyphy/ptII/ptolemy/actor/lib/test/auto/DiscreteClock14.xml
5 ms. Memory: 540672K Free: 346685K (64%)
----------------- Invoking toplevel() on ptolemy.moml.MoMLSimpleApplication@26009a31
----------------- Done invoking toplevel() on ptolemy.moml.MoMLSimpleApplication@26009a31
reloadAllAccessors: .DiscreteClock14

===========================================================================================
----------------- testing Fri Sep 20 05:47:39 UTC 2019 /home/travis/build/icyphy/ptII/ptolemy/actor/lib/test/auto/DiscreteClock15.xml
----------------- Instantiating /home/travis/build/icyphy/ptII/ptolemy/actor/lib/test/auto/DiscreteClock15.xml
8 ms. Memory: 540672K Free: 340541K (63%)
----------------- Invoking toplevel() on ptolemy.moml.MoMLSimpleApplication@6cea44f9
----------------- Done invoking toplevel() on ptolemy.moml.MoMLSimpleApplication@6cea44f9
reloadAllAccessors: .DiscreteClock15

===========================================================================================
----------------- testing Fri Sep 20 05:47:39 UTC 2019 /home/travis/build/icyphy/ptII/ptolemy/actor/lib/test/auto/DiscreteClock16.xml
----------------- Instantiating /home/travis/build/icyphy/ptII/ptolemy/actor/lib/test/auto/DiscreteClock16.xml
14 ms. Memory: 540672K Free: 326715K (60%)
----------------- Invoking toplevel() on ptolemy.moml.MoMLSimpleApplication@271bd394
----------------- Done invoking toplevel() on ptolemy.moml.MoMLSimpleApplication@271bd394
reloadAllAccessors: .DiscreteClock16

===========================================================================================
----------------- testing Fri Sep 20 05:47:39 UTC 2019 /home/travis/build/icyphy/ptII/ptolemy/actor/lib/test/auto/DiscreteClock17.xml
----------------- Instantiating /home/travis/build/icyphy/ptII/ptolemy/actor/lib/test/auto/DiscreteClock17.xml
15 ms. Memory: 540672K Free: 312365K (58%)
----------------- Invoking toplevel() on ptolemy.moml.MoMLSimpleApplication@6dfe0c81
----------------- Done invoking toplevel() on ptolemy.moml.MoMLSimpleApplication@6dfe0c81
reloadAllAccessors: .DiscreteClock17

===========================================================================================
----------------- testing Fri Sep 20 05:47:39 UTC 2019 /home/travis/build/icyphy/ptII/ptolemy/actor/lib/test/auto/DiscreteClock18.xml
----------------- Instantiating /home/travis/build/icyphy/ptII/ptolemy/actor/lib/test/auto/DiscreteClock18.xml
12 ms. Memory: 540672K Free: 298557K (55%)
----------------- Invoking toplevel() on ptolemy.moml.MoMLSimpleApplication@2ab62c33
----------------- Done invoking toplevel() on ptolemy.moml.MoMLSimpleApplication@2ab62c33
reloadAllAccessors: .DiscreteClock18

===========================================================================================
----------------- testing Fri Sep 20 05:47:39 UTC 2019 /home/travis/build/icyphy/ptII/ptolemy/actor/lib/test/auto/DiscreteClock19.xml
----------------- Instantiating /home/travis/build/icyphy/ptII/ptolemy/actor/lib/test/auto/DiscreteClock19.xml
19 ms. Memory: 540672K Free: 284701K (53%)
----------------- Invoking toplevel() on ptolemy.moml.MoMLSimpleApplication@c87132
----------------- Done invoking toplevel() on ptolemy.moml.MoMLSimpleApplication@c87132
reloadAllAccessors: .DiscreteClock19

===========================================================================================
----------------- testing Fri Sep 20 05:47:39 UTC 2019 /home/travis/build/icyphy/ptII/ptolemy/actor/lib/test/auto/DiscreteClock2.xml
----------------- Instantiating /home/travis/build/icyphy/ptII/ptolemy/actor/lib/test/auto/DiscreteClock2.xml
6 ms. Memory: 540672K Free: 279605K (52%)
----------------- Invoking toplevel() on ptolemy.moml.MoMLSimpleApplication@7e167dc6
----------------- Done invoking toplevel() on ptolemy.moml.MoMLSimpleApplication@7e167dc6
reloadAllAccessors: .DiscreteClock2

===========================================================================================
----------------- testing Fri Sep 20 05:47:39 UTC 2019 /home/travis/build/icyphy/ptII/ptolemy/actor/lib/test/auto/DiscreteClock20.xml
----------------- Instantiating /home/travis/build/icyphy/ptII/ptolemy/actor/lib/test/auto/DiscreteClock20.xml
8 ms. Memory: 540672K Free: 274491K (51%)
----------------- Invoking toplevel() on ptolemy.moml.MoMLSimpleApplication@58292cc0
----------------- Done invoking toplevel() on ptolemy.moml.MoMLSimpleApplication@58292cc0
reloadAllAccessors: .DiscreteClock20

===========================================================================================
----------------- testing Fri Sep 20 05:47:39 UTC 2019 /home/travis/build/icyphy/ptII/ptolemy/actor/lib/test/auto/DiscreteClock21.xml
----------------- Instantiating /home/travis/build/icyphy/ptII/ptolemy/actor/lib/test/auto/DiscreteClock21.xml
6 ms. Memory: 540672K Free: 268861K (50%)
----------------- Invoking toplevel() on ptolemy.moml.MoMLSimpleApplication@c6b4f47
----------------- Done invoking toplevel() on ptolemy.moml.MoMLSimpleApplication@c6b4f47
reloadAllAccessors: .DiscreteClock21

===========================================================================================
----------------- testing Fri Sep 20 05:47:39 UTC 2019 /home/travis/build/icyphy/ptII/ptolemy/actor/lib/test/auto/DiscreteClock22.xml
----------------- Instantiating /home/travis/build/icyphy/ptII/ptolemy/actor/lib/test/auto/DiscreteClock22.xml
6 ms. Memory: 540672K Free: 263227K (49%)
----------------- Invoking toplevel() on ptolemy.moml.MoMLSimpleApplication@d7eea3c
----------------- Done invoking toplevel() on ptolemy.moml.MoMLSimpleApplication@d7eea3c
reloadAllAccessors: .DiscreteClock22

===========================================================================================
----------------- testing Fri Sep 20 05:47:39 UTC 2019 /home/travis/build/icyphy/ptII/ptolemy/actor/lib/test/auto/DiscreteClock23.xml
----------------- Instantiating /home/travis/build/icyphy/ptII/ptolemy/actor/lib/test/auto/DiscreteClock23.xml
11 ms. Memory: 540672K Free: 257597K (48%)
----------------- Invoking toplevel() on ptolemy.moml.MoMLSimpleApplication@13ae1bca
----------------- Done invoking toplevel() on ptolemy.moml.MoMLSimpleApplication@13ae1bca
reloadAllAccessors: .DiscreteClock23

===========================================================================================
----------------- testing Fri Sep 20 05:47:39 UTC 2019 /home/travis/build/icyphy/ptII/ptolemy/actor/lib/test/auto/DiscreteClock24.xml
----------------- Instantiating /home/travis/build/icyphy/ptII/ptolemy/actor/lib/test/auto/DiscreteClock24.xml
4 ms. Memory: 540672K Free: 252477K (47%)
----------------- Invoking toplevel() on ptolemy.moml.MoMLSimpleApplication@1481247b
----------------- Done invoking toplevel() on ptolemy.moml.MoMLSimpleApplication@1481247b
reloadAllAccessors: .DiscreteClock24

===========================================================================================
----------------- testing Fri Sep 20 05:47:39 UTC 2019 /home/travis/build/icyphy/ptII/ptolemy/actor/lib/test/auto/DiscreteClock4.xml
----------------- Instantiating /home/travis/build/icyphy/ptII/ptolemy/actor/lib/test/auto/DiscreteClock4.xml
5 ms. Memory: 540672K Free: 246843K (46%)
----------------- Invoking toplevel() on ptolemy.moml.MoMLSimpleApplication@3db70d2b
----------------- Done invoking toplevel() on ptolemy.moml.MoMLSimpleApplication@3db70d2b
reloadAllAccessors: .DiscreteClock4

===========================================================================================
----------------- testing Fri Sep 20 05:47:39 UTC 2019 /home/travis/build/icyphy/ptII/ptolemy/actor/lib/test/auto/DiscreteClock5.xml
----------------- Instantiating /home/travis/build/icyphy/ptII/ptolemy/actor/lib/test/auto/DiscreteClock5.xml
2 ms. Memory: 540672K Free: 241213K (45%)
----------------- Invoking toplevel() on ptolemy.moml.MoMLSimpleApplication@207d4a9b
----------------- Done invoking toplevel() on ptolemy.moml.MoMLSimpleApplication@207d4a9b
reloadAllAccessors: .DiscreteClock5

===========================================================================================
----------------- testing Fri Sep 20 05:47:39 UTC 2019 /home/travis/build/icyphy/ptII/ptolemy/actor/lib/test/auto/DiscreteClock6.xml
----------------- Instantiating /home/travis/build/icyphy/ptII/ptolemy/actor/lib/test/auto/DiscreteClock6.xml
1 ms. Memory: 540672K Free: 236603K (44%)
----------------- Invoking toplevel() on ptolemy.moml.MoMLSimpleApplication@3cd1e287
----------------- Done invoking toplevel() on ptolemy.moml.MoMLSimpleApplication@3cd1e287
reloadAllAccessors: .DiscreteClock6

===========================================================================================
----------------- testing Fri Sep 20 05:47:40 UTC 2019 /home/travis/build/icyphy/ptII/ptolemy/actor/lib/test/auto/DiscreteClock7.xml
----------------- Instantiating /home/travis/build/icyphy/ptII/ptolemy/actor/lib/test/auto/DiscreteClock7.xml
2 ms. Memory: 540672K Free: 231483K (43%)
----------------- Invoking toplevel() on ptolemy.moml.MoMLSimpleApplication@5d0c509a
----------------- Done invoking toplevel() on ptolemy.moml.MoMLSimpleApplication@5d0c509a
reloadAllAccessors: .DiscreteClock7

===========================================================================================
----------------- testing Fri Sep 20 05:47:40 UTC 2019 /home/travis/build/icyphy/ptII/ptolemy/actor/lib/test/auto/DiscreteClock8.xml
----------------- Instantiating /home/travis/build/icyphy/ptII/ptolemy/actor/lib/test/auto/DiscreteClock8.xml
5 ms. Memory: 540672K Free: 226333K (42%)
----------------- Invoking toplevel() on ptolemy.moml.MoMLSimpleApplication@bddc3e5
----------------- Done invoking toplevel() on ptolemy.moml.MoMLSimpleApplication@bddc3e5
reloadAllAccessors: .DiscreteClock8

===========================================================================================
----------------- testing Fri Sep 20 05:47:40 UTC 2019 /home/travis/build/icyphy/ptII/ptolemy/actor/lib/test/auto/DiscreteClock9.xml
----------------- Instantiating /home/travis/build/icyphy/ptII/ptolemy/actor/lib/test/auto/DiscreteClock9.xml
4 ms. Memory: 540672K Free: 220205K (41%)
----------------- Invoking toplevel() on ptolemy.moml.MoMLSimpleApplication@14cf5c60
----------------- Done invoking toplevel() on ptolemy.moml.MoMLSimpleApplication@14cf5c60
reloadAllAccessors: .DiscreteClock9

===========================================================================================
----------------- testing Fri Sep 20 05:47:40 UTC 2019 /home/travis/build/icyphy/ptII/ptolemy/actor/lib/test/auto/DisplayArray.xml
----------------- Instantiating /home/travis/build/icyphy/ptII/ptolemy/actor/lib/test/auto/DisplayArray.xml
1 ms. Memory: 540672K Free: 216637K (40%)
----------------- Invoking toplevel() on ptolemy.moml.MoMLSimpleApplication@541d075f
----------------- Done invoking toplevel() on ptolemy.moml.MoMLSimpleApplication@541d075f
reloadAllAccessors: .DisplayArray

===========================================================================================
----------------- testing Fri Sep 20 05:47:40 UTC 2019 /home/travis/build/icyphy/ptII/ptolemy/actor/lib/test/auto/Distributor.xml
----------------- Instantiating /home/travis/build/icyphy/ptII/ptolemy/actor/lib/test/auto/Distributor.xml
1 ms. Memory: 540672K Free: 211517K (39%)
----------------- Invoking toplevel() on ptolemy.moml.MoMLSimpleApplication@9c64bfd
----------------- Done invoking toplevel() on ptolemy.moml.MoMLSimpleApplication@9c64bfd
reloadAllAccessors: .Distributor

===========================================================================================
----------------- testing Fri Sep 20 05:47:40 UTC 2019 /home/travis/build/icyphy/ptII/ptolemy/actor/lib/test/auto/Distributor2.xml
----------------- Instantiating /home/travis/build/icyphy/ptII/ptolemy/actor/lib/test/auto/Distributor2.xml
1 ms. Memory: 540672K Free: 206397K (38%)
----------------- Invoking toplevel() on ptolemy.moml.MoMLSimpleApplication@1fc176b5
----------------- Done invoking toplevel() on ptolemy.moml.MoMLSimpleApplication@1fc176b5
reloadAllAccessors: .Distributor2

===========================================================================================
----------------- testing Fri Sep 20 05:47:40 UTC 2019 /home/travis/build/icyphy/ptII/ptolemy/actor/lib/test/auto/DownSample.xml
----------------- Instantiating /home/travis/build/icyphy/ptII/ptolemy/actor/lib/test/auto/DownSample.xml
2 ms. Memory: 540672K Free: 202301K (37%)
----------------- Invoking toplevel() on ptolemy.moml.MoMLSimpleApplication@2d3aa1b0
----------------- Done invoking toplevel() on ptolemy.moml.MoMLSimpleApplication@2d3aa1b0
reloadAllAccessors: .DownSample

===========================================================================================
----------------- testing Fri Sep 20 05:47:40 UTC 2019 /home/travis/build/icyphy/ptII/ptolemy/actor/lib/test/auto/ElectronicUnitBase1.xml
----------------- Instantiating /home/travis/build/icyphy/ptII/ptolemy/actor/lib/test/auto/ElectronicUnitBase1.xml
19 ms. Memory: 540672K Free: 186427K (34%)
----------------- Invoking toplevel() on ptolemy.moml.MoMLSimpleApplication@5f6b3914
----------------- Done invoking toplevel() on ptolemy.moml.MoMLSimpleApplication@5f6b3914
reloadAllAccessors: .ElectronicUnitBase1

===========================================================================================
----------------- testing Fri Sep 20 05:47:40 UTC 2019 /home/travis/build/icyphy/ptII/ptolemy/actor/lib/test/auto/ElementsToArray.xml
----------------- Instantiating /home/travis/build/icyphy/ptII/ptolemy/actor/lib/test/auto/ElementsToArray.xml
3 ms. Memory: 540672K Free: 181307K (34%)
----------------- Invoking toplevel() on ptolemy.moml.MoMLSimpleApplication@56cd5caf
----------------- Done invoking toplevel() on ptolemy.moml.MoMLSimpleApplication@56cd5caf
reloadAllAccessors: .ElementsToArray

===========================================================================================
----------------- testing Fri Sep 20 05:47:40 UTC 2019 /home/travis/build/icyphy/ptII/ptolemy/actor/lib/test/auto/Equals.xml
----------------- Instantiating /home/travis/build/icyphy/ptII/ptolemy/actor/lib/test/auto/Equals.xml
3 ms. Memory: 540672K Free: 176701K (33%)
----------------- Invoking toplevel() on ptolemy.moml.MoMLSimpleApplication@6d6941c
----------------- Done invoking toplevel() on ptolemy.moml.MoMLSimpleApplication@6d6941c
reloadAllAccessors: .Equals

===========================================================================================
----------------- testing Fri Sep 20 05:47:40 UTC 2019 /home/travis/build/icyphy/ptII/ptolemy/actor/lib/test/auto/Exec.xml
----------------- Instantiating /home/travis/build/icyphy/ptII/ptolemy/actor/lib/test/auto/Exec.xml
30 ms. Memory: 540672K Free: 492568K (91%)
----------------- Invoking toplevel() on ptolemy.moml.MoMLSimpleApplication@38f535f8
----------------- Done invoking toplevel() on ptolemy.moml.MoMLSimpleApplication@38f535f8
reloadAllAccessors: .Exec

===========================================================================================
----------------- testing Fri Sep 20 05:47:40 UTC 2019 /home/travis/build/icyphy/ptII/ptolemy/actor/lib/test/auto/ExecEnvironment.xml
----------------- Instantiating /home/travis/build/icyphy/ptII/ptolemy/actor/lib/test/auto/ExecEnvironment.xml
22 ms. Memory: 540672K Free: 487184K (90%)
----------------- Invoking toplevel() on ptolemy.moml.MoMLSimpleApplication@5351d932
----------------- Done invoking toplevel() on ptolemy.moml.MoMLSimpleApplication@5351d932
reloadAllAccessors: .ExecEnvironment

===========================================================================================
----------------- testing Fri Sep 20 05:47:40 UTC 2019 /home/travis/build/icyphy/ptII/ptolemy/actor/lib/test/auto/ExecNonZeroReturnOutput.xml
----------------- Instantiating /home/travis/build/icyphy/ptII/ptolemy/actor/lib/test/auto/ExecNonZeroReturnOutput.xml
193 ms. Memory: 540672K Free: 475424K (88%)
----------------- Invoking toplevel() on ptolemy.moml.MoMLSimpleApplication@3c93a148
----------------- Done invoking toplevel() on ptolemy.moml.MoMLSimpleApplication@3c93a148
reloadAllAccessors: .ExecNonZeroReturnOutput

===========================================================================================
----------------- testing Fri Sep 20 05:47:40 UTC 2019 /home/travis/build/icyphy/ptII/ptolemy/actor/lib/test/auto/ExecRunDemos.xml
----------------- Instantiating /home/travis/build/icyphy/ptII/ptolemy/actor/lib/test/auto/ExecRunDemos.xml
Finished: 150 ms. Memory: 120832K Free: 104320K (86%)

Finished: 75 ms. Memory: 120832K Free: 110662K (92%)

Finished: 104 ms. Memory: 120832K Free: 110833K (92%)

Finished: 113 ms. Memory: 120832K Free: 111598K (92%)

Finished: 63 ms. Memory: 120832K Free: 103991K (86%)

11338 ms. Memory: 540672K Free: 453918K (84%)
----------------- Invoking toplevel() on ptolemy.moml.MoMLSimpleApplication@4eac8577
----------------- Done invoking toplevel() on ptolemy.moml.MoMLSimpleApplication@4eac8577
reloadAllAccessors: .ExecRunDemos

===========================================================================================
----------------- testing Fri Sep 20 05:47:51 UTC 2019 /home/travis/build/icyphy/ptII/ptolemy/actor/lib/test/auto/ExecStop.xml
----------------- Instantiating /home/travis/build/icyphy/ptII/ptolemy/actor/lib/test/auto/ExecStop.xml
5020 ms. Memory: 540672K Free: 334112K (62%)
----------------- Invoking toplevel() on ptolemy.moml.MoMLSimpleApplication@71eb006e
----------------- Done invoking toplevel() on ptolemy.moml.MoMLSimpleApplication@71eb006e
reloadAllAccessors: .ExecStop

===========================================================================================
----------------- testing Fri Sep 20 05:47:56 UTC 2019 /home/travis/build/icyphy/ptII/ptolemy/actor/lib/test/auto/ExecutionTimeSDF.xml
----------------- Instantiating /home/travis/build/icyphy/ptII/ptolemy/actor/lib/test/auto/ExecutionTimeSDF.xml
Fired ExecutionTime: 2049200000
Fired ExecutionTime: 1036000000
Fired ExecutionTime: 1078000000
6010 ms. Memory: 540672K Free: 321296K (59%)
----------------- Invoking toplevel() on ptolemy.moml.MoMLSimpleApplication@3946cb49
----------------- Done invoking toplevel() on ptolemy.moml.MoMLSimpleApplication@3946cb49
reloadAllAccessors: .ExecutionTimeSDF

===========================================================================================
----------------- testing Fri Sep 20 05:48:03 UTC 2019 /home/travis/build/icyphy/ptII/ptolemy/actor/lib/test/auto/Expression1.xml
----------------- Instantiating /home/travis/build/icyphy/ptII/ptolemy/actor/lib/test/auto/Expression1.xml
2 ms. Memory: 540672K Free: 318238K (59%)
----------------- Invoking toplevel() on ptolemy.moml.MoMLSimpleApplication@76cdc9cd
----------------- Done invoking toplevel() on ptolemy.moml.MoMLSimpleApplication@76cdc9cd
reloadAllAccessors: .Expression1

===========================================================================================
----------------- testing Fri Sep 20 05:48:03 UTC 2019 /home/travis/build/icyphy/ptII/ptolemy/actor/lib/test/auto/Expression10.xml
----------------- Instantiating /home/travis/build/icyphy/ptII/ptolemy/actor/lib/test/auto/Expression10.xml
5 ms. Memory: 540672K Free: 312608K (58%)
----------------- Invoking toplevel() on ptolemy.moml.MoMLSimpleApplication@64f7c338
----------------- Done invoking toplevel() on ptolemy.moml.MoMLSimpleApplication@64f7c338
reloadAllAccessors: .Expression10

===========================================================================================
----------------- testing Fri Sep 20 05:48:03 UTC 2019 /home/travis/build/icyphy/ptII/ptolemy/actor/lib/test/auto/Expression11.xml
----------------- Instantiating /home/travis/build/icyphy/ptII/ptolemy/actor/lib/test/auto/Expression11.xml
2 ms. Memory: 540672K Free: 308512K (57%)
----------------- Invoking toplevel() on ptolemy.moml.MoMLSimpleApplication@69505c4f
----------------- Done invoking toplevel() on ptolemy.moml.MoMLSimpleApplication@69505c4f
reloadAllAccessors: .Expression11

===========================================================================================
----------------- testing Fri Sep 20 05:48:03 UTC 2019 /home/travis/build/icyphy/ptII/ptolemy/actor/lib/test/auto/Expression12.xml
----------------- Instantiating /home/travis/build/icyphy/ptII/ptolemy/actor/lib/test/auto/Expression12.xml
3 ms. Memory: 540672K Free: 302878K (56%)
----------------- Invoking toplevel() on ptolemy.moml.MoMLSimpleApplication@20a77e54
----------------- Done invoking toplevel() on ptolemy.moml.MoMLSimpleApplication@20a77e54
reloadAllAccessors: .Expression12

===========================================================================================
----------------- testing Fri Sep 20 05:48:03 UTC 2019 /home/travis/build/icyphy/ptII/ptolemy/actor/lib/test/auto/Expression13.xml
----------------- Instantiating /home/travis/build/icyphy/ptII/ptolemy/actor/lib/test/auto/Expression13.xml
3 ms. Memory: 540672K Free: 297758K (55%)
----------------- Invoking toplevel() on ptolemy.moml.MoMLSimpleApplication@426a73e
----------------- Done invoking toplevel() on ptolemy.moml.MoMLSimpleApplication@426a73e
reloadAllAccessors: .Expression13

===========================================================================================
----------------- testing Fri Sep 20 05:48:03 UTC 2019 /home/travis/build/icyphy/ptII/ptolemy/actor/lib/test/auto/Expression14.xml
----------------- Instantiating /home/travis/build/icyphy/ptII/ptolemy/actor/lib/test/auto/Expression14.xml
12 ms. Memory: 540672K Free: 292128K (54%)
----------------- Invoking toplevel() on ptolemy.moml.MoMLSimpleApplication@77b6640e
----------------- Done invoking toplevel() on ptolemy.moml.MoMLSimpleApplication@77b6640e
reloadAllAccessors: .Expression14

===========================================================================================
----------------- testing Fri Sep 20 05:48:03 UTC 2019 /home/travis/build/icyphy/ptII/ptolemy/actor/lib/test/auto/Expression15.xml
----------------- Instantiating /home/travis/build/icyphy/ptII/ptolemy/actor/lib/test/auto/Expression15.xml
2 ms. Memory: 540672K Free: 288032K (53%)
----------------- Invoking toplevel() on ptolemy.moml.MoMLSimpleApplication@18ecc8ac
----------------- Done invoking toplevel() on ptolemy.moml.MoMLSimpleApplication@18ecc8ac
reloadAllAccessors: .Expression15

===========================================================================================
----------------- testing Fri Sep 20 05:48:03 UTC 2019 /home/travis/build/icyphy/ptII/ptolemy/actor/lib/test/auto/Expression16.xml
----------------- Instantiating /home/travis/build/icyphy/ptII/ptolemy/actor/lib/test/auto/Expression16.xml
2 ms. Memory: 540672K Free: 282912K (52%)
----------------- Invoking toplevel() on ptolemy.moml.MoMLSimpleApplication@1edfed52
----------------- Done invoking toplevel() on ptolemy.moml.MoMLSimpleApplication@1edfed52
reloadAllAccessors: .Expression16

===========================================================================================
----------------- testing Fri Sep 20 05:48:03 UTC 2019 /home/travis/build/icyphy/ptII/ptolemy/actor/lib/test/auto/Expression17.xml
----------------- Instantiating /home/travis/build/icyphy/ptII/ptolemy/actor/lib/test/auto/Expression17.xml
3 ms. Memory: 540672K Free: 278302K (51%)
----------------- Invoking toplevel() on ptolemy.moml.MoMLSimpleApplication@477d32b9
----------------- Done invoking toplevel() on ptolemy.moml.MoMLSimpleApplication@477d32b9
reloadAllAccessors: .Expression17

===========================================================================================
----------------- testing Fri Sep 20 05:48:03 UTC 2019 /home/travis/build/icyphy/ptII/ptolemy/actor/lib/test/auto/Expression18.xml
----------------- Instantiating /home/travis/build/icyphy/ptII/ptolemy/actor/lib/test/auto/Expression18.xml
1 ms. Memory: 540672K Free: 273182K (51%)
----------------- Invoking toplevel() on ptolemy.moml.MoMLSimpleApplication@3a5c4015
----------------- Done invoking toplevel() on ptolemy.moml.MoMLSimpleApplication@3a5c4015
reloadAllAccessors: .Expression18

===========================================================================================
----------------- testing Fri Sep 20 05:48:03 UTC 2019 /home/travis/build/icyphy/ptII/ptolemy/actor/lib/test/auto/Expression2.xml
----------------- Instantiating /home/travis/build/icyphy/ptII/ptolemy/actor/lib/test/auto/Expression2.xml
3 ms. Memory: 540672K Free: 268576K (50%)
----------------- Invoking toplevel() on ptolemy.moml.MoMLSimpleApplication@604fc754
----------------- Done invoking toplevel() on ptolemy.moml.MoMLSimpleApplication@604fc754
reloadAllAccessors: .Expression2

===========================================================================================
----------------- testing Fri Sep 20 05:48:03 UTC 2019 /home/travis/build/icyphy/ptII/ptolemy/actor/lib/test/auto/Expression3.xml
----------------- Instantiating /home/travis/build/icyphy/ptII/ptolemy/actor/lib/test/auto/Expression3.xml
3 ms. Memory: 540672K Free: 263456K (49%)
----------------- Invoking toplevel() on ptolemy.moml.MoMLSimpleApplication@709062c
----------------- Done invoking toplevel() on ptolemy.moml.MoMLSimpleApplication@709062c
reloadAllAccessors: .Expression3

===========================================================================================
----------------- testing Fri Sep 20 05:48:03 UTC 2019 /home/travis/build/icyphy/ptII/ptolemy/actor/lib/test/auto/Expression4.xml
----------------- Instantiating /home/travis/build/icyphy/ptII/ptolemy/actor/lib/test/auto/Expression4.xml
6 ms. Memory: 540672K Free: 255774K (47%)
----------------- Invoking toplevel() on ptolemy.moml.MoMLSimpleApplication@43909df3
----------------- Done invoking toplevel() on ptolemy.moml.MoMLSimpleApplication@43909df3
reloadAllAccessors: .Expression4

===========================================================================================
----------------- testing Fri Sep 20 05:48:03 UTC 2019 /home/travis/build/icyphy/ptII/ptolemy/actor/lib/test/auto/Expression5.xml
----------------- Instantiating /home/travis/build/icyphy/ptII/ptolemy/actor/lib/test/auto/Expression5.xml
3 ms. Memory: 540672K Free: 251168K (46%)
----------------- Invoking toplevel() on ptolemy.moml.MoMLSimpleApplication@62b8a43c
----------------- Done invoking toplevel() on ptolemy.moml.MoMLSimpleApplication@62b8a43c
reloadAllAccessors: .Expression5

===========================================================================================
----------------- testing Fri Sep 20 05:48:03 UTC 2019 /home/travis/build/icyphy/ptII/ptolemy/actor/lib/test/auto/Expression6.xml
----------------- Instantiating /home/travis/build/icyphy/ptII/ptolemy/actor/lib/test/auto/Expression6.xml
3 ms. Memory: 540672K Free: 246558K (46%)
----------------- Invoking toplevel() on ptolemy.moml.MoMLSimpleApplication@3a26f788
----------------- Done invoking toplevel() on ptolemy.moml.MoMLSimpleApplication@3a26f788
reloadAllAccessors: .Expression6

===========================================================================================
----------------- testing Fri Sep 20 05:48:03 UTC 2019 /home/travis/build/icyphy/ptII/ptolemy/actor/lib/test/auto/Expression7.xml
----------------- Instantiating /home/travis/build/icyphy/ptII/ptolemy/actor/lib/test/auto/Expression7.xml
3 ms. Memory: 540672K Free: 241438K (45%)
----------------- Invoking toplevel() on ptolemy.moml.MoMLSimpleApplication@265de7ae
----------------- Done invoking toplevel() on ptolemy.moml.MoMLSimpleApplication@265de7ae
reloadAllAccessors: .Expression7

===========================================================================================
----------------- testing Fri Sep 20 05:48:03 UTC 2019 /home/travis/build/icyphy/ptII/ptolemy/actor/lib/test/auto/Expression8.xml
----------------- Instantiating /home/travis/build/icyphy/ptII/ptolemy/actor/lib/test/auto/Expression8.xml
10 ms. Memory: 540672K Free: 236832K (44%)
----------------- Invoking toplevel() on ptolemy.moml.MoMLSimpleApplication@4f15731e
----------------- Done invoking toplevel() on ptolemy.moml.MoMLSimpleApplication@4f15731e
reloadAllAccessors: .Expression8

===========================================================================================
----------------- testing Fri Sep 20 05:48:03 UTC 2019 /home/travis/build/icyphy/ptII/ptolemy/actor/lib/test/auto/Expression9.xml
----------------- Instantiating /home/travis/build/icyphy/ptII/ptolemy/actor/lib/test/auto/Expression9.xml
1 ms. Memory: 540672K Free: 232736K (43%)
----------------- Invoking toplevel() on ptolemy.moml.MoMLSimpleApplication@7741d8a2
----------------- Done invoking toplevel() on ptolemy.moml.MoMLSimpleApplication@7741d8a2
reloadAllAccessors: .Expression9

===========================================================================================
----------------- testing Fri Sep 20 05:48:03 UTC 2019 /home/travis/build/icyphy/ptII/ptolemy/actor/lib/test/auto/ExpressionConcatenateArrayType.xml
----------------- Instantiating /home/travis/build/icyphy/ptII/ptolemy/actor/lib/test/auto/ExpressionConcatenateArrayType.xml
2 ms. Memory: 540672K Free: 226078K (42%)
----------------- Invoking toplevel() on ptolemy.moml.MoMLSimpleApplication@59a4d72e
----------------- Done invoking toplevel() on ptolemy.moml.MoMLSimpleApplication@59a4d72e
reloadAllAccessors: .ExpressionConcatenateArrayType

===========================================================================================
----------------- testing Fri Sep 20 05:48:03 UTC 2019 /home/travis/build/icyphy/ptII/ptolemy/actor/lib/test/auto/ExpressionConcatenateArrayType2.xml
----------------- Instantiating /home/travis/build/icyphy/ptII/ptolemy/actor/lib/test/auto/ExpressionConcatenateArrayType2.xml
3 ms. Memory: 540672K Free: 220958K (41%)
----------------- Invoking toplevel() on ptolemy.moml.MoMLSimpleApplication@10fc29a0
----------------- Done invoking toplevel() on ptolemy.moml.MoMLSimpleApplication@10fc29a0
reloadAllAccessors: .ExpressionConcatenateArrayType2

===========================================================================================
----------------- testing Fri Sep 20 05:48:03 UTC 2019 /home/travis/build/icyphy/ptII/ptolemy/actor/lib/test/auto/ExpressionFix.xml
----------------- Instantiating /home/travis/build/icyphy/ptII/ptolemy/actor/lib/test/auto/ExpressionFix.xml
22 ms. Memory: 540672K Free: 214304K (40%)
----------------- Invoking toplevel() on ptolemy.moml.MoMLSimpleApplication@6060cfa3
----------------- Done invoking toplevel() on ptolemy.moml.MoMLSimpleApplication@6060cfa3
reloadAllAccessors: .ExpressionFix

===========================================================================================
----------------- testing Fri Sep 20 05:48:03 UTC 2019 /home/travis/build/icyphy/ptII/ptolemy/actor/lib/test/auto/ExpressionFix2.xml
----------------- Instantiating /home/travis/build/icyphy/ptII/ptolemy/actor/lib/test/auto/ExpressionFix2.xml
4 ms. Memory: 540672K Free: 210208K (39%)
----------------- Invoking toplevel() on ptolemy.moml.MoMLSimpleApplication@3042439a
----------------- Done invoking toplevel() on ptolemy.moml.MoMLSimpleApplication@3042439a
reloadAllAccessors: .ExpressionFix2

===========================================================================================
----------------- testing Fri Sep 20 05:48:03 UTC 2019 /home/travis/build/icyphy/ptII/ptolemy/actor/lib/test/auto/ExpressionFix3.xml
----------------- Instantiating /home/travis/build/icyphy/ptII/ptolemy/actor/lib/test/auto/ExpressionFix3.xml
2 ms. Memory: 540672K Free: 206112K (38%)
----------------- Invoking toplevel() on ptolemy.moml.MoMLSimpleApplication@5201ca9d
----------------- Done invoking toplevel() on ptolemy.moml.MoMLSimpleApplication@5201ca9d
reloadAllAccessors: .ExpressionFix3

===========================================================================================
----------------- testing Fri Sep 20 05:48:03 UTC 2019 /home/travis/build/icyphy/ptII/ptolemy/actor/lib/test/auto/FileWriter1.xml
----------------- Instantiating /home/travis/build/icyphy/ptII/ptolemy/actor/lib/test/auto/FileWriter1.xml
3 ms. Memory: 540672K Free: 202016K (37%)
----------------- Invoking toplevel() on ptolemy.moml.MoMLSimpleApplication@427e0307
----------------- Done invoking toplevel() on ptolemy.moml.MoMLSimpleApplication@427e0307
reloadAllAccessors: .FileWriter1

===========================================================================================
----------------- testing Fri Sep 20 05:48:03 UTC 2019 /home/travis/build/icyphy/ptII/ptolemy/actor/lib/test/auto/FileWriter2.xml
----------------- Instantiating /home/travis/build/icyphy/ptII/ptolemy/actor/lib/test/auto/FileWriter2.xml
2 ms. Memory: 540672K Free: 197920K (37%)
----------------- Invoking toplevel() on ptolemy.moml.MoMLSimpleApplication@4e8aa9a8
----------------- Done invoking toplevel() on ptolemy.moml.MoMLSimpleApplication@4e8aa9a8
reloadAllAccessors: .FileWriter2

===========================================================================================
----------------- testing Fri Sep 20 05:48:03 UTC 2019 /home/travis/build/icyphy/ptII/ptolemy/actor/lib/test/auto/FileWriter3.xml
----------------- Instantiating /home/travis/build/icyphy/ptII/ptolemy/actor/lib/test/auto/FileWriter3.xml
2 ms. Memory: 540672K Free: 193824K (36%)
----------------- Invoking toplevel() on ptolemy.moml.MoMLSimpleApplication@3be326e3
----------------- Done invoking toplevel() on ptolemy.moml.MoMLSimpleApplication@3be326e3
reloadAllAccessors: .FileWriter3

===========================================================================================
----------------- testing Fri Sep 20 05:48:03 UTC 2019 /home/travis/build/icyphy/ptII/ptolemy/actor/lib/test/auto/Gaussian.xml
----------------- Instantiating /home/travis/build/icyphy/ptII/ptolemy/actor/lib/test/auto/Gaussian.xml
3 ms. Memory: 540672K Free: 189214K (35%)
----------------- Invoking toplevel() on ptolemy.moml.MoMLSimpleApplication@3ed2a2fb
----------------- Done invoking toplevel() on ptolemy.moml.MoMLSimpleApplication@3ed2a2fb
reloadAllAccessors: .Gaussian

===========================================================================================
----------------- testing Fri Sep 20 05:48:03 UTC 2019 /home/travis/build/icyphy/ptII/ptolemy/actor/lib/test/auto/Gaussian1.xml
----------------- Instantiating /home/travis/build/icyphy/ptII/ptolemy/actor/lib/test/auto/Gaussian1.xml
10 ms. Memory: 540672K Free: 184080K (34%)
----------------- Invoking toplevel() on ptolemy.moml.MoMLSimpleApplication@7d7b29d2
----------------- Done invoking toplevel() on ptolemy.moml.MoMLSimpleApplication@7d7b29d2
reloadAllAccessors: .Gaussian1

===========================================================================================
----------------- testing Fri Sep 20 05:48:03 UTC 2019 /home/travis/build/icyphy/ptII/ptolemy/actor/lib/test/auto/Gaussian2.xml
----------------- Instantiating /home/travis/build/icyphy/ptII/ptolemy/actor/lib/test/auto/Gaussian2.xml
2 ms. Memory: 540672K Free: 178960K (33%)
----------------- Invoking toplevel() on ptolemy.moml.MoMLSimpleApplication@1b97951e
----------------- Done invoking toplevel() on ptolemy.moml.MoMLSimpleApplication@1b97951e
reloadAllAccessors: .Gaussian2

===========================================================================================
----------------- testing Fri Sep 20 05:48:03 UTC 2019 /home/travis/build/icyphy/ptII/ptolemy/actor/lib/test/auto/GradientAdaptiveLattice.xml
----------------- Instantiating /home/travis/build/icyphy/ptII/ptolemy/actor/lib/test/auto/GradientAdaptiveLattice.xml
4 ms. Memory: 540672K Free: 173854K (32%)
----------------- Invoking toplevel() on ptolemy.moml.MoMLSimpleApplication@6e418b00
----------------- Done invoking toplevel() on ptolemy.moml.MoMLSimpleApplication@6e418b00
reloadAllAccessors: .GradientAdaptiveLattice

===========================================================================================
----------------- testing Fri Sep 20 05:48:03 UTC 2019 /home/travis/build/icyphy/ptII/ptolemy/actor/lib/test/auto/IIR.xml
----------------- Instantiating /home/travis/build/icyphy/ptII/ptolemy/actor/lib/test/auto/IIR.xml
1 ms. Memory: 540672K Free: 490601K (91%)
----------------- Invoking toplevel() on ptolemy.moml.MoMLSimpleApplication@4d5633c4
----------------- Done invoking toplevel() on ptolemy.moml.MoMLSimpleApplication@4d5633c4
reloadAllAccessors: .IIR

===========================================================================================
----------------- testing Fri Sep 20 05:48:03 UTC 2019 /home/travis/build/icyphy/ptII/ptolemy/actor/lib/test/auto/InputOutputTransparentPorts.xml
----------------- Instantiating /home/travis/build/icyphy/ptII/ptolemy/actor/lib/test/auto/InputOutputTransparentPorts.xml
2 ms. Memory: 540672K Free: 482705K (89%)
----------------- Invoking toplevel() on ptolemy.moml.MoMLSimpleApplication@38693a88
----------------- Done invoking toplevel() on ptolemy.moml.MoMLSimpleApplication@38693a88
reloadAllAccessors: .InputOutputTransparentPorts

===========================================================================================
----------------- testing Fri Sep 20 05:48:03 UTC 2019 /home/travis/build/icyphy/ptII/ptolemy/actor/lib/test/auto/Interpolator.xml
----------------- Instantiating /home/travis/build/icyphy/ptII/ptolemy/actor/lib/test/auto/Interpolator.xml
4 ms. Memory: 540672K Free: 478609K (89%)
----------------- Invoking toplevel() on ptolemy.moml.MoMLSimpleApplication@1a739e02
----------------- Done invoking toplevel() on ptolemy.moml.MoMLSimpleApplication@1a739e02
reloadAllAccessors: .Interpolator

===========================================================================================
----------------- testing Fri Sep 20 05:48:03 UTC 2019 /home/travis/build/icyphy/ptII/ptolemy/actor/lib/test/auto/InterpolatorFiringLimitDE.xml
----------------- Instantiating /home/travis/build/icyphy/ptII/ptolemy/actor/lib/test/auto/InterpolatorFiringLimitDE.xml
2 ms. Memory: 540672K Free: 472465K (87%)
----------------- Invoking toplevel() on ptolemy.moml.MoMLSimpleApplication@44f9204f
----------------- Done invoking toplevel() on ptolemy.moml.MoMLSimpleApplication@44f9204f
reloadAllAccessors: .InterpolatorFiringLimitDE

===========================================================================================
----------------- testing Fri Sep 20 05:48:03 UTC 2019 /home/travis/build/icyphy/ptII/ptolemy/actor/lib/test/auto/Lattice.xml
----------------- Instantiating /home/travis/build/icyphy/ptII/ptolemy/actor/lib/test/auto/Lattice.xml
1 ms. Memory: 540672K Free: 468369K (87%)
----------------- Invoking toplevel() on ptolemy.moml.MoMLSimpleApplication@301db39
----------------- Done invoking toplevel() on ptolemy.moml.MoMLSimpleApplication@301db39
reloadAllAccessors: .Lattice

===========================================================================================
----------------- testing Fri Sep 20 05:48:03 UTC 2019 /home/travis/build/icyphy/ptII/ptolemy/actor/lib/test/auto/LazyAOCTestLazy.xml
----------------- Instantiating /home/travis/build/icyphy/ptII/ptolemy/actor/lib/test/auto/LazyAOCTestLazy.xml
19 ms. Memory: 540672K Free: 462211K (85%)
----------------- Invoking toplevel() on ptolemy.moml.MoMLSimpleApplication@3416a29c
----------------- Done invoking toplevel() on ptolemy.moml.MoMLSimpleApplication@3416a29c
reloadAllAccessors: .LazyAOCTestLazy

===========================================================================================
----------------- testing Fri Sep 20 05:48:03 UTC 2019 /home/travis/build/icyphy/ptII/ptolemy/actor/lib/test/auto/LazyAOCTestNonLazy.xml
----------------- Instantiating /home/travis/build/icyphy/ptII/ptolemy/actor/lib/test/auto/LazyAOCTestNonLazy.xml
2 ms. Memory: 540672K Free: 456595K (84%)
----------------- Invoking toplevel() on ptolemy.moml.MoMLSimpleApplication@19863857
----------------- Done invoking toplevel() on ptolemy.moml.MoMLSimpleApplication@19863857
reloadAllAccessors: .LazyAOCTestNonLazy

===========================================================================================
----------------- testing Fri Sep 20 05:48:03 UTC 2019 /home/travis/build/icyphy/ptII/ptolemy/actor/lib/test/auto/LazyInnerClass.xml
----------------- Instantiating /home/travis/build/icyphy/ptII/ptolemy/actor/lib/test/auto/LazyInnerClass.xml
11 ms. Memory: 540672K Free: 447875K (83%)
----------------- Invoking toplevel() on ptolemy.moml.MoMLSimpleApplication@7f387875
----------------- Done invoking toplevel() on ptolemy.moml.MoMLSimpleApplication@7f387875
reloadAllAccessors: .LazyInnerClass

===========================================================================================
----------------- testing Fri Sep 20 05:48:03 UTC 2019 /home/travis/build/icyphy/ptII/ptolemy/actor/lib/test/auto/LazyPubSub.xml
----------------- Instantiating /home/travis/build/icyphy/ptII/ptolemy/actor/lib/test/auto/LazyPubSub.xml
24 ms. Memory: 540672K Free: 437649K (81%)
----------------- Invoking toplevel() on ptolemy.moml.MoMLSimpleApplication@74acb670
----------------- Done invoking toplevel() on ptolemy.moml.MoMLSimpleApplication@74acb670
reloadAllAccessors: .LazyPubSub

===========================================================================================
----------------- testing Fri Sep 20 05:48:03 UTC 2019 /home/travis/build/icyphy/ptII/ptolemy/actor/lib/test/auto/LazyPubSub2.xml
----------------- Instantiating /home/travis/build/icyphy/ptII/ptolemy/actor/lib/test/auto/LazyPubSub2.xml
15 ms. Memory: 540672K Free: 428430K (79%)
----------------- Invoking toplevel() on ptolemy.moml.MoMLSimpleApplication@87bb4ea
----------------- Done invoking toplevel() on ptolemy.moml.MoMLSimpleApplication@87bb4ea
reloadAllAccessors: .LazyPubSub2

===========================================================================================
----------------- testing Fri Sep 20 05:48:03 UTC 2019 /home/travis/build/icyphy/ptII/ptolemy/actor/lib/test/auto/LazyPubSub3.xml
----------------- Instantiating /home/travis/build/icyphy/ptII/ptolemy/actor/lib/test/auto/LazyPubSub3.xml
12 ms. Memory: 540672K Free: 418193K (77%)
----------------- Invoking toplevel() on ptolemy.moml.MoMLSimpleApplication@e0d1347
----------------- Done invoking toplevel() on ptolemy.moml.MoMLSimpleApplication@e0d1347
reloadAllAccessors: .LazyPubSub3

===========================================================================================
----------------- testing Fri Sep 20 05:48:03 UTC 2019 /home/travis/build/icyphy/ptII/ptolemy/actor/lib/test/auto/LazySubClassModel.xml
----------------- Instantiating /home/travis/build/icyphy/ptII/ptolemy/actor/lib/test/auto/LazySubClassModel.xml
5 ms. Memory: 540672K Free: 408977K (76%)
----------------- Invoking toplevel() on ptolemy.moml.MoMLSimpleApplication@18bc501a
----------------- Done invoking toplevel() on ptolemy.moml.MoMLSimpleApplication@18bc501a
reloadAllAccessors: .LazySubClassModel

===========================================================================================
----------------- testing Fri Sep 20 05:48:04 UTC 2019 /home/travis/build/icyphy/ptII/ptolemy/actor/lib/test/auto/LevelCrossTest1.xml
----------------- Instantiating /home/travis/build/icyphy/ptII/ptolemy/actor/lib/test/auto/LevelCrossTest1.xml
2 ms. Memory: 540672K Free: 403347K (75%)
----------------- Invoking toplevel() on ptolemy.moml.MoMLSimpleApplication@2b588449
----------------- Done invoking toplevel() on ptolemy.moml.MoMLSimpleApplication@2b588449
reloadAllAccessors: .broken

===========================================================================================
----------------- testing Fri Sep 20 05:48:04 UTC 2019 /home/travis/build/icyphy/ptII/ptolemy/actor/lib/test/auto/LevelCrossTest10.xml
----------------- Instantiating /home/travis/build/icyphy/ptII/ptolemy/actor/lib/test/auto/LevelCrossTest10.xml
1 ms. Memory: 540672K Free: 395665K (73%)
----------------- Invoking toplevel() on ptolemy.moml.MoMLSimpleApplication@220d173a
----------------- Done invoking toplevel() on ptolemy.moml.MoMLSimpleApplication@220d173a
reloadAllAccessors: .LevelCrossTest10

===========================================================================================
----------------- testing Fri Sep 20 05:48:04 UTC 2019 /home/travis/build/icyphy/ptII/ptolemy/actor/lib/test/auto/LevelCrossTest11.xml
----------------- Instantiating /home/travis/build/icyphy/ptII/ptolemy/actor/lib/test/auto/LevelCrossTest11.xml
2 ms. Memory: 540672K Free: 389011K (72%)
----------------- Invoking toplevel() on ptolemy.moml.MoMLSimpleApplication@4419632e
----------------- Done invoking toplevel() on ptolemy.moml.MoMLSimpleApplication@4419632e
reloadAllAccessors: .LevelCrossTest11

===========================================================================================
----------------- testing Fri Sep 20 05:48:04 UTC 2019 /home/travis/build/icyphy/ptII/ptolemy/actor/lib/test/auto/LevelCrossTest12.xml
----------------- Instantiating /home/travis/build/icyphy/ptII/ptolemy/actor/lib/test/auto/LevelCrossTest12.xml
1 ms. Memory: 540672K Free: 381843K (71%)
----------------- Invoking toplevel() on ptolemy.moml.MoMLSimpleApplication@355c5fb0
----------------- Done invoking toplevel() on ptolemy.moml.MoMLSimpleApplication@355c5fb0
reloadAllAccessors: .LevelCrossTest12

===========================================================================================
----------------- testing Fri Sep 20 05:48:04 UTC 2019 /home/travis/build/icyphy/ptII/ptolemy/actor/lib/test/auto/LevelCrossTest13.xml
----------------- Instantiating /home/travis/build/icyphy/ptII/ptolemy/actor/lib/test/auto/LevelCrossTest13.xml
15 ms. Memory: 540672K Free: 374675K (69%)
----------------- Invoking toplevel() on ptolemy.moml.MoMLSimpleApplication@2352c7d2
----------------- Done invoking toplevel() on ptolemy.moml.MoMLSimpleApplication@2352c7d2
reloadAllAccessors: .LevelCrossTest13

===========================================================================================
----------------- testing Fri Sep 20 05:48:04 UTC 2019 /home/travis/build/icyphy/ptII/ptolemy/actor/lib/test/auto/LevelCrossTest2.xml
----------------- Instantiating /home/travis/build/icyphy/ptII/ptolemy/actor/lib/test/auto/LevelCrossTest2.xml
2 ms. Memory: 540672K Free: 369041K (68%)
----------------- Invoking toplevel() on ptolemy.moml.MoMLSimpleApplication@24d5c35c
----------------- Done invoking toplevel() on ptolemy.moml.MoMLSimpleApplication@24d5c35c
reloadAllAccessors: .broken

===========================================================================================
----------------- testing Fri Sep 20 05:48:04 UTC 2019 /home/travis/build/icyphy/ptII/ptolemy/actor/lib/test/auto/LevelCrossTest3.xml
----------------- Instantiating /home/travis/build/icyphy/ptII/ptolemy/actor/lib/test/auto/LevelCrossTest3.xml
1 ms. Memory: 540672K Free: 362387K (67%)
----------------- Invoking toplevel() on ptolemy.moml.MoMLSimpleApplication@2bcd7580
----------------- Done invoking toplevel() on ptolemy.moml.MoMLSimpleApplication@2bcd7580
reloadAllAccessors: .LevelCrossTest3

===========================================================================================
----------------- testing Fri Sep 20 05:48:04 UTC 2019 /home/travis/build/icyphy/ptII/ptolemy/actor/lib/test/auto/LevelCrossTest4.xml
----------------- Instantiating /home/travis/build/icyphy/ptII/ptolemy/actor/lib/test/auto/LevelCrossTest4.xml
1 ms. Memory: 540672K Free: 356753K (66%)
----------------- Invoking toplevel() on ptolemy.moml.MoMLSimpleApplication@6c0aaac5
----------------- Done invoking toplevel() on ptolemy.moml.MoMLSimpleApplication@6c0aaac5
reloadAllAccessors: .broken

===========================================================================================
----------------- testing Fri Sep 20 05:48:04 UTC 2019 /home/travis/build/icyphy/ptII/ptolemy/actor/lib/test/auto/LevelCrossTest5.xml
----------------- Instantiating /home/travis/build/icyphy/ptII/ptolemy/actor/lib/test/auto/LevelCrossTest5.xml
4 ms. Memory: 540672K Free: 350609K (65%)
----------------- Invoking toplevel() on ptolemy.moml.MoMLSimpleApplication@3d71e396
----------------- Done invoking toplevel() on ptolemy.moml.MoMLSimpleApplication@3d71e396
reloadAllAccessors: .LevelCrossTest5

===========================================================================================
----------------- testing Fri Sep 20 05:48:04 UTC 2019 /home/travis/build/icyphy/ptII/ptolemy/actor/lib/test/auto/LevelCrossTest6.xml
----------------- Instantiating /home/travis/build/icyphy/ptII/ptolemy/actor/lib/test/auto/LevelCrossTest6.xml
1 ms. Memory: 540672K Free: 343955K (64%)
----------------- Invoking toplevel() on ptolemy.moml.MoMLSimpleApplication@5d223a9a
----------------- Done invoking toplevel() on ptolemy.moml.MoMLSimpleApplication@5d223a9a
reloadAllAccessors: .LevelCrossTest6

===========================================================================================
----------------- testing Fri Sep 20 05:48:04 UTC 2019 /home/travis/build/icyphy/ptII/ptolemy/actor/lib/test/auto/LevelCrossTest7.xml
----------------- Instantiating /home/travis/build/icyphy/ptII/ptolemy/actor/lib/test/auto/LevelCrossTest7.xml
2 ms. Memory: 540672K Free: 336273K (62%)
----------------- Invoking toplevel() on ptolemy.moml.MoMLSimpleApplication@12cc23ed
----------------- Done invoking toplevel() on ptolemy.moml.MoMLSimpleApplication@12cc23ed
reloadAllAccessors: .LevelCrossTest7

===========================================================================================
----------------- testing Fri Sep 20 05:48:04 UTC 2019 /home/travis/build/icyphy/ptII/ptolemy/actor/lib/test/auto/LevelCrossTest8.xml
----------------- Instantiating /home/travis/build/icyphy/ptII/ptolemy/actor/lib/test/auto/LevelCrossTest8.xml
2 ms. Memory: 540672K Free: 329105K (61%)
----------------- Invoking toplevel() on ptolemy.moml.MoMLSimpleApplication@6f83dcd3
----------------- Done invoking toplevel() on ptolemy.moml.MoMLSimpleApplication@6f83dcd3
reloadAllAccessors: .LevelCrossTest8

===========================================================================================
----------------- testing Fri Sep 20 05:48:04 UTC 2019 /home/travis/build/icyphy/ptII/ptolemy/actor/lib/test/auto/LevelCrossTest9.xml
----------------- Instantiating /home/travis/build/icyphy/ptII/ptolemy/actor/lib/test/auto/LevelCrossTest9.xml
2 ms. Memory: 540672K Free: 322451K (60%)
----------------- Invoking toplevel() on ptolemy.moml.MoMLSimpleApplication@5d98bbe7
----------------- Done invoking toplevel() on ptolemy.moml.MoMLSimpleApplication@5d98bbe7
reloadAllAccessors: .LevelCrossTest9

===========================================================================================
----------------- testing Fri Sep 20 05:48:04 UTC 2019 /home/travis/build/icyphy/ptII/ptolemy/actor/lib/test/auto/LevinsonDurbin.xml
----------------- Instantiating /home/travis/build/icyphy/ptII/ptolemy/actor/lib/test/auto/LevinsonDurbin.xml
9 ms. Memory: 540672K Free: 318355K (59%)
----------------- Invoking toplevel() on ptolemy.moml.MoMLSimpleApplication@48f8880a
----------------- Done invoking toplevel() on ptolemy.moml.MoMLSimpleApplication@48f8880a
reloadAllAccessors: .LevinsonDurbin

===========================================================================================
----------------- testing Fri Sep 20 05:48:04 UTC 2019 /home/travis/build/icyphy/ptII/ptolemy/actor/lib/test/auto/LevinsonDurbin2.xml
----------------- Instantiating /home/travis/build/icyphy/ptII/ptolemy/actor/lib/test/auto/LevinsonDurbin2.xml
1 ms. Memory: 540672K Free: 314259K (58%)
----------------- Invoking toplevel() on ptolemy.moml.MoMLSimpleApplication@5a5955fa
----------------- Done invoking toplevel() on ptolemy.moml.MoMLSimpleApplication@5a5955fa
reloadAllAccessors: .LevinsonDurbin2

===========================================================================================
----------------- testing Fri Sep 20 05:48:04 UTC 2019 /home/travis/build/icyphy/ptII/ptolemy/actor/lib/test/auto/LevinsonDurbin3.xml
----------------- Instantiating /home/travis/build/icyphy/ptII/ptolemy/actor/lib/test/auto/LevinsonDurbin3.xml
3 ms. Memory: 540672K Free: 310163K (57%)
----------------- Invoking toplevel() on ptolemy.moml.MoMLSimpleApplication@1fd1272d
----------------- Done invoking toplevel() on ptolemy.moml.MoMLSimpleApplication@1fd1272d
reloadAllAccessors: .LevinsonDurbin3

===========================================================================================
----------------- testing Fri Sep 20 05:48:04 UTC 2019 /home/travis/build/icyphy/ptII/ptolemy/actor/lib/test/auto/Limiter.xml
----------------- Instantiating /home/travis/build/icyphy/ptII/ptolemy/actor/lib/test/auto/Limiter.xml
4 ms. Memory: 540672K Free: 301443K (56%)
----------------- Invoking toplevel() on ptolemy.moml.MoMLSimpleApplication@4d31f30b
----------------- Done invoking toplevel() on ptolemy.moml.MoMLSimpleApplication@4d31f30b
reloadAllAccessors: .Limiter

===========================================================================================
----------------- testing Fri Sep 20 05:48:04 UTC 2019 /home/travis/build/icyphy/ptII/ptolemy/actor/lib/test/auto/LinearDifferenceEquationSystem.xml
----------------- Instantiating /home/travis/build/icyphy/ptII/ptolemy/actor/lib/test/auto/LinearDifferenceEquationSystem.xml
2 ms. Memory: 540672K Free: 294289K (54%)
----------------- Invoking toplevel() on ptolemy.moml.MoMLSimpleApplication@b1a8c41
----------------- Done invoking toplevel() on ptolemy.moml.MoMLSimpleApplication@b1a8c41
reloadAllAccessors: .LinearDifferenceEquationSystem

===========================================================================================
----------------- testing Fri Sep 20 05:48:04 UTC 2019 /home/travis/build/icyphy/ptII/ptolemy/actor/lib/test/auto/LookupTable.xml
----------------- Instantiating /home/travis/build/icyphy/ptII/ptolemy/actor/lib/test/auto/LookupTable.xml
1 ms. Memory: 540672K Free: 289683K (54%)
----------------- Invoking toplevel() on ptolemy.moml.MoMLSimpleApplication@15ec3632
----------------- Done invoking toplevel() on ptolemy.moml.MoMLSimpleApplication@15ec3632
reloadAllAccessors: .LookupTable

===========================================================================================
----------------- testing Fri Sep 20 05:48:04 UTC 2019 /home/travis/build/icyphy/ptII/ptolemy/actor/lib/test/auto/MathFunction.xml
----------------- Instantiating /home/travis/build/icyphy/ptII/ptolemy/actor/lib/test/auto/MathFunction.xml
2 ms. Memory: 540672K Free: 281491K (52%)
----------------- Invoking toplevel() on ptolemy.moml.MoMLSimpleApplication@7f4c1747
----------------- Done invoking toplevel() on ptolemy.moml.MoMLSimpleApplication@7f4c1747
reloadAllAccessors: .MathFunction

===========================================================================================
----------------- testing Fri Sep 20 05:48:04 UTC 2019 /home/travis/build/icyphy/ptII/ptolemy/actor/lib/test/auto/MathFunction2.xml
----------------- Instantiating /home/travis/build/icyphy/ptII/ptolemy/actor/lib/test/auto/MathFunction2.xml
2 ms. Memory: 540672K Free: 277395K (51%)
----------------- Invoking toplevel() on ptolemy.moml.MoMLSimpleApplication@6443a6c7
----------------- Done invoking toplevel() on ptolemy.moml.MoMLSimpleApplication@6443a6c7
reloadAllAccessors: .MathFunction2

===========================================================================================
----------------- testing Fri Sep 20 05:48:04 UTC 2019 /home/travis/build/icyphy/ptII/ptolemy/actor/lib/test/auto/MathFunction3.xml
----------------- Instantiating /home/travis/build/icyphy/ptII/ptolemy/actor/lib/test/auto/MathFunction3.xml
7 ms. Memory: 540672K Free: 270737K (50%)
----------------- Invoking toplevel() on ptolemy.moml.MoMLSimpleApplication@73a7253b
----------------- Done invoking toplevel() on ptolemy.moml.MoMLSimpleApplication@73a7253b
reloadAllAccessors: .MathFunction3

===========================================================================================
----------------- testing Fri Sep 20 05:48:04 UTC 2019 /home/travis/build/icyphy/ptII/ptolemy/actor/lib/test/auto/MatrixCropBoolean.xml
----------------- Instantiating /home/travis/build/icyphy/ptII/ptolemy/actor/lib/test/auto/MatrixCropBoolean.xml
3 ms. Memory: 540672K Free: 265611K (49%)
----------------- Invoking toplevel() on ptolemy.moml.MoMLSimpleApplication@4b602ce9
----------------- Done invoking toplevel() on ptolemy.moml.MoMLSimpleApplication@4b602ce9
reloadAllAccessors: .MatrixCropBoolean

===========================================================================================
----------------- testing Fri Sep 20 05:48:04 UTC 2019 /home/travis/build/icyphy/ptII/ptolemy/actor/lib/test/auto/MatrixCropComplex.xml
----------------- Instantiating /home/travis/build/icyphy/ptII/ptolemy/actor/lib/test/auto/MatrixCropComplex.xml
2 ms. Memory: 540672K Free: 260467K (48%)
----------------- Invoking toplevel() on ptolemy.moml.MoMLSimpleApplication@7aa73fe5
----------------- Done invoking toplevel() on ptolemy.moml.MoMLSimpleApplication@7aa73fe5
reloadAllAccessors: .MatrixCropComplex

===========================================================================================
----------------- testing Fri Sep 20 05:48:04 UTC 2019 /home/travis/build/icyphy/ptII/ptolemy/actor/lib/test/auto/MatrixCropDouble.xml
----------------- Instantiating /home/travis/build/icyphy/ptII/ptolemy/actor/lib/test/auto/MatrixCropDouble.xml
2 ms. Memory: 540672K Free: 255347K (47%)
----------------- Invoking toplevel() on ptolemy.moml.MoMLSimpleApplication@6a1f3b73
----------------- Done invoking toplevel() on ptolemy.moml.MoMLSimpleApplication@6a1f3b73
reloadAllAccessors: .MatrixCropDouble

===========================================================================================
----------------- testing Fri Sep 20 05:48:04 UTC 2019 /home/travis/build/icyphy/ptII/ptolemy/actor/lib/test/auto/MatrixCropFix.xml
----------------- Instantiating /home/travis/build/icyphy/ptII/ptolemy/actor/lib/test/auto/MatrixCropFix.xml
1 ms. Memory: 540672K Free: 250227K (46%)
----------------- Invoking toplevel() on ptolemy.moml.MoMLSimpleApplication@2db39403
----------------- Done invoking toplevel() on ptolemy.moml.MoMLSimpleApplication@2db39403
reloadAllAccessors: .MatrixCropFix

===========================================================================================
----------------- testing Fri Sep 20 05:48:04 UTC 2019 /home/travis/build/icyphy/ptII/ptolemy/actor/lib/test/auto/MatrixCropInt.xml
----------------- Instantiating /home/travis/build/icyphy/ptII/ptolemy/actor/lib/test/auto/MatrixCropInt.xml
2 ms. Memory: 540672K Free: 245651K (45%)
----------------- Invoking toplevel() on ptolemy.moml.MoMLSimpleApplication@6bf5406a
----------------- Done invoking toplevel() on ptolemy.moml.MoMLSimpleApplication@6bf5406a
reloadAllAccessors: .MatrixCropInt

===========================================================================================
----------------- testing Fri Sep 20 05:48:04 UTC 2019 /home/travis/build/icyphy/ptII/ptolemy/actor/lib/test/auto/MatrixCropLong.xml
----------------- Instantiating /home/travis/build/icyphy/ptII/ptolemy/actor/lib/test/auto/MatrixCropLong.xml
2 ms. Memory: 540672K Free: 240531K (44%)
----------------- Invoking toplevel() on ptolemy.moml.MoMLSimpleApplication@1cb91115
----------------- Done invoking toplevel() on ptolemy.moml.MoMLSimpleApplication@1cb91115
reloadAllAccessors: .MatrixCropLong

===========================================================================================
----------------- testing Fri Sep 20 05:48:04 UTC 2019 /home/travis/build/icyphy/ptII/ptolemy/actor/lib/test/auto/MatrixToArray.xml
----------------- Instantiating /home/travis/build/icyphy/ptII/ptolemy/actor/lib/test/auto/MatrixToArray.xml
11 ms. Memory: 540672K Free: 225681K (42%)
----------------- Invoking toplevel() on ptolemy.moml.MoMLSimpleApplication@167167c2
----------------- Done invoking toplevel() on ptolemy.moml.MoMLSimpleApplication@167167c2
reloadAllAccessors: .MatrixToArray

===========================================================================================
----------------- testing Fri Sep 20 05:48:04 UTC 2019 /home/travis/build/icyphy/ptII/ptolemy/actor/lib/test/auto/MaxIndex.xml
----------------- Instantiating /home/travis/build/icyphy/ptII/ptolemy/actor/lib/test/auto/MaxIndex.xml
2 ms. Memory: 540672K Free: 220561K (41%)
----------------- Invoking toplevel() on ptolemy.moml.MoMLSimpleApplication@42265ea7
----------------- Done invoking toplevel() on ptolemy.moml.MoMLSimpleApplication@42265ea7
reloadAllAccessors: .MaxIndex

===========================================================================================
----------------- testing Fri Sep 20 05:48:04 UTC 2019 /home/travis/build/icyphy/ptII/ptolemy/actor/lib/test/auto/Maximum.xml
----------------- Instantiating /home/travis/build/icyphy/ptII/ptolemy/actor/lib/test/auto/Maximum.xml
7 ms. Memory: 540672K Free: 213907K (40%)
----------------- Invoking toplevel() on ptolemy.moml.MoMLSimpleApplication@393affdd
----------------- Done invoking toplevel() on ptolemy.moml.MoMLSimpleApplication@393affdd
reloadAllAccessors: .Maximum

===========================================================================================
----------------- testing Fri Sep 20 05:48:04 UTC 2019 /home/travis/build/icyphy/ptII/ptolemy/actor/lib/test/auto/MaximumComplex.xml
----------------- Instantiating /home/travis/build/icyphy/ptII/ptolemy/actor/lib/test/auto/MaximumComplex.xml
5 ms. Memory: 540672K Free: 208259K (39%)
----------------- Invoking toplevel() on ptolemy.moml.MoMLSimpleApplication@51413467
----------------- Done invoking toplevel() on ptolemy.moml.MoMLSimpleApplication@51413467
reloadAllAccessors: .MaximumComplex

===========================================================================================
----------------- testing Fri Sep 20 05:48:04 UTC 2019 /home/travis/build/icyphy/ptII/ptolemy/actor/lib/test/auto/MethodCallTest.xml
----------------- Instantiating /home/travis/build/icyphy/ptII/ptolemy/actor/lib/test/auto/MethodCallTest.xml
3 ms. Memory: 540672K Free: 201619K (37%)
----------------- Invoking toplevel() on ptolemy.moml.MoMLSimpleApplication@20f869ff
----------------- Done invoking toplevel() on ptolemy.moml.MoMLSimpleApplication@20f869ff
reloadAllAccessors: .MethodCallTest

===========================================================================================
----------------- testing Fri Sep 20 05:48:04 UTC 2019 /home/travis/build/icyphy/ptII/ptolemy/actor/lib/test/auto/Minimum.xml
----------------- Instantiating /home/travis/build/icyphy/ptII/ptolemy/actor/lib/test/auto/Minimum.xml
3 ms. Memory: 540672K Free: 194961K (36%)
----------------- Invoking toplevel() on ptolemy.moml.MoMLSimpleApplication@958e81d
----------------- Done invoking toplevel() on ptolemy.moml.MoMLSimpleApplication@958e81d
reloadAllAccessors: .Minimum

===========================================================================================
----------------- testing Fri Sep 20 05:48:04 UTC 2019 /home/travis/build/icyphy/ptII/ptolemy/actor/lib/test/auto/MinimumComplex.xml
----------------- Instantiating /home/travis/build/icyphy/ptII/ptolemy/actor/lib/test/auto/MinimumComplex.xml
3 ms. Memory: 540672K Free: 188803K (35%)
----------------- Invoking toplevel() on ptolemy.moml.MoMLSimpleApplication@2c2e25e2
----------------- Done invoking toplevel() on ptolemy.moml.MoMLSimpleApplication@2c2e25e2
reloadAllAccessors: .MinimumComplex

===========================================================================================
----------------- testing Fri Sep 20 05:48:04 UTC 2019 /home/travis/build/icyphy/ptII/ptolemy/actor/lib/test/auto/MinimumMultiports.xml
----------------- Instantiating /home/travis/build/icyphy/ptII/ptolemy/actor/lib/test/auto/MinimumMultiports.xml
5 ms. Memory: 540672K Free: 180115K (33%)
----------------- Invoking toplevel() on ptolemy.moml.MoMLSimpleApplication@404c28f6
----------------- Done invoking toplevel() on ptolemy.moml.MoMLSimpleApplication@404c28f6
reloadAllAccessors: .MinimumMultiports

===========================================================================================
----------------- testing Fri Sep 20 05:48:04 UTC 2019 /home/travis/build/icyphy/ptII/ptolemy/actor/lib/test/auto/ModifyDate.xml
----------------- Instantiating /home/travis/build/icyphy/ptII/ptolemy/actor/lib/test/auto/ModifyDate.xml
5 ms. Memory: 540672K Free: 487963K (90%)
----------------- Invoking toplevel() on ptolemy.moml.MoMLSimpleApplication@7b78135e
----------------- Done invoking toplevel() on ptolemy.moml.MoMLSimpleApplication@7b78135e
reloadAllAccessors: .ModifyDate

===========================================================================================
----------------- testing Fri Sep 20 05:48:04 UTC 2019 /home/travis/build/icyphy/ptII/ptolemy/actor/lib/test/auto/ModifyDate2.xml
----------------- Instantiating /home/travis/build/icyphy/ptII/ptolemy/actor/lib/test/auto/ModifyDate2.xml
3 ms. Memory: 540672K Free: 479257K (89%)
----------------- Invoking toplevel() on ptolemy.moml.MoMLSimpleApplication@31355c18
----------------- Done invoking toplevel() on ptolemy.moml.MoMLSimpleApplication@31355c18
reloadAllAccessors: .ModifyDate2

===========================================================================================
----------------- testing Fri Sep 20 05:48:04 UTC 2019 /home/travis/build/icyphy/ptII/ptolemy/actor/lib/test/auto/MovingAverage.xml
----------------- Instantiating /home/travis/build/icyphy/ptII/ptolemy/actor/lib/test/auto/MovingAverage.xml
2 ms. Memory: 540672K Free: 474137K (88%)
----------------- Invoking toplevel() on ptolemy.moml.MoMLSimpleApplication@7b90a46e
----------------- Done invoking toplevel() on ptolemy.moml.MoMLSimpleApplication@7b90a46e
reloadAllAccessors: .MovingAverage

===========================================================================================
----------------- testing Fri Sep 20 05:48:04 UTC 2019 /home/travis/build/icyphy/ptII/ptolemy/actor/lib/test/auto/MovingMaximum.xml
----------------- Instantiating /home/travis/build/icyphy/ptII/ptolemy/actor/lib/test/auto/MovingMaximum.xml
1 ms. Memory: 540672K Free: 469531K (87%)
----------------- Invoking toplevel() on ptolemy.moml.MoMLSimpleApplication@77a8150d
----------------- Done invoking toplevel() on ptolemy.moml.MoMLSimpleApplication@77a8150d
reloadAllAccessors: .MovingMaximum

===========================================================================================
----------------- testing Fri Sep 20 05:48:04 UTC 2019 /home/travis/build/icyphy/ptII/ptolemy/actor/lib/test/auto/MultipleLinksToSameRelation.xml
----------------- Instantiating /home/travis/build/icyphy/ptII/ptolemy/actor/lib/test/auto/MultipleLinksToSameRelation.xml
2 ms. Memory: 540672K Free: 465435K (86%)
----------------- Invoking toplevel() on ptolemy.moml.MoMLSimpleApplication@13578461
----------------- Done invoking toplevel() on ptolemy.moml.MoMLSimpleApplication@13578461
reloadAllAccessors: .MultipleLinksToSameRelation

===========================================================================================
----------------- testing Fri Sep 20 05:48:04 UTC 2019 /home/travis/build/icyphy/ptII/ptolemy/actor/lib/test/auto/MultipleLinksToSameRelationDE.xml
----------------- Instantiating /home/travis/build/icyphy/ptII/ptolemy/actor/lib/test/auto/MultipleLinksToSameRelationDE.xml
5 ms. Memory: 540672K Free: 460811K (85%)
----------------- Invoking toplevel() on ptolemy.moml.MoMLSimpleApplication@e483d8d
----------------- Done invoking toplevel() on ptolemy.moml.MoMLSimpleApplication@e483d8d
reloadAllAccessors: .MultipleLinksToSameRelationDE

===========================================================================================
----------------- testing Fri Sep 20 05:48:04 UTC 2019 /home/travis/build/icyphy/ptII/ptolemy/actor/lib/test/auto/Multiplexor.xml
----------------- Instantiating /home/travis/build/icyphy/ptII/ptolemy/actor/lib/test/auto/Multiplexor.xml
2 ms. Memory: 540672K Free: 455705K (84%)
----------------- Invoking toplevel() on ptolemy.moml.MoMLSimpleApplication@5354a246
----------------- Done invoking toplevel() on ptolemy.moml.MoMLSimpleApplication@5354a246
reloadAllAccessors: .Multiplexor

===========================================================================================
----------------- testing Fri Sep 20 05:48:04 UTC 2019 /home/travis/build/icyphy/ptII/ptolemy/actor/lib/test/auto/Multiplexor1.xml
----------------- Instantiating /home/travis/build/icyphy/ptII/ptolemy/actor/lib/test/auto/Multiplexor1.xml
2 ms. Memory: 540672K Free: 450075K (83%)
----------------- Invoking toplevel() on ptolemy.moml.MoMLSimpleApplication@6a4da30f
----------------- Done invoking toplevel() on ptolemy.moml.MoMLSimpleApplication@6a4da30f
reloadAllAccessors: .Multiplexor1

===========================================================================================
----------------- testing Fri Sep 20 05:48:05 UTC 2019 /home/travis/build/icyphy/ptII/ptolemy/actor/lib/test/auto/Multiplexor2.xml
----------------- Instantiating /home/travis/build/icyphy/ptII/ptolemy/actor/lib/test/auto/Multiplexor2.xml
3 ms. Memory: 540672K Free: 443415K (82%)
----------------- Invoking toplevel() on ptolemy.moml.MoMLSimpleApplication@2efe7d23
----------------- Done invoking toplevel() on ptolemy.moml.MoMLSimpleApplication@2efe7d23
reloadAllAccessors: .Multiplexor2

===========================================================================================
----------------- testing Fri Sep 20 05:48:05 UTC 2019 /home/travis/build/icyphy/ptII/ptolemy/actor/lib/test/auto/Multiplexor3.xml
----------------- Instantiating /home/travis/build/icyphy/ptII/ptolemy/actor/lib/test/auto/Multiplexor3.xml
2 ms. Memory: 540672K Free: 439321K (81%)
----------------- Invoking toplevel() on ptolemy.moml.MoMLSimpleApplication@44b42449
----------------- Done invoking toplevel() on ptolemy.moml.MoMLSimpleApplication@44b42449
reloadAllAccessors: .Multiplexor3

===========================================================================================
----------------- testing Fri Sep 20 05:48:05 UTC 2019 /home/travis/build/icyphy/ptII/ptolemy/actor/lib/test/auto/MultiplexorDE.xml
----------------- Instantiating /home/travis/build/icyphy/ptII/ptolemy/actor/lib/test/auto/MultiplexorDE.xml
4 ms. Memory: 540672K Free: 431643K (80%)
----------------- Invoking toplevel() on ptolemy.moml.MoMLSimpleApplication@59d8a17c
----------------- Done invoking toplevel() on ptolemy.moml.MoMLSimpleApplication@59d8a17c
reloadAllAccessors: .MultiplexorDE

===========================================================================================
----------------- testing Fri Sep 20 05:48:05 UTC 2019 /home/travis/build/icyphy/ptII/ptolemy/actor/lib/test/auto/MultiportBroadcastTest.xml
----------------- Instantiating /home/travis/build/icyphy/ptII/ptolemy/actor/lib/test/auto/MultiportBroadcastTest.xml
83 ms. Memory: 540672K Free: 425499K (79%)
----------------- Invoking toplevel() on ptolemy.moml.MoMLSimpleApplication@10638b9b
----------------- Done invoking toplevel() on ptolemy.moml.MoMLSimpleApplication@10638b9b
reloadAllAccessors: .MultiportBroadcastTest

===========================================================================================
----------------- testing Fri Sep 20 05:48:05 UTC 2019 /home/travis/build/icyphy/ptII/ptolemy/actor/lib/test/auto/MultiportOutHangDuringGetWidth.xml
----------------- Instantiating /home/travis/build/icyphy/ptII/ptolemy/actor/lib/test/auto/MultiportOutHangDuringGetWidth.xml
6 ms. Memory: 540672K Free: 413211K (76%)
----------------- Invoking toplevel() on ptolemy.moml.MoMLSimpleApplication@6c414220
----------------- Done invoking toplevel() on ptolemy.moml.MoMLSimpleApplication@6c414220
reloadAllAccessors: .MultiportOutHangDuringGetWidth

===========================================================================================
----------------- testing Fri Sep 20 05:48:05 UTC 2019 /home/travis/build/icyphy/ptII/ptolemy/actor/lib/test/auto/NilToken.xml
----------------- Instantiating /home/travis/build/icyphy/ptII/ptolemy/actor/lib/test/auto/NilToken.xml
2 ms. Memory: 540672K Free: 409625K (76%)
----------------- Invoking toplevel() on ptolemy.moml.MoMLSimpleApplication@5eaa6d98
----------------- Done invoking toplevel() on ptolemy.moml.MoMLSimpleApplication@5eaa6d98
reloadAllAccessors: .NilToken

===========================================================================================
----------------- testing Fri Sep 20 05:48:05 UTC 2019 /home/travis/build/icyphy/ptII/ptolemy/actor/lib/test/auto/NilTokenNonStrictTest.xml
----------------- Instantiating /home/travis/build/icyphy/ptII/ptolemy/actor/lib/test/auto/NilTokenNonStrictTest.xml
1 ms. Memory: 540672K Free: 404505K (75%)
----------------- Invoking toplevel() on ptolemy.moml.MoMLSimpleApplication@5c96696e
----------------- Done invoking toplevel() on ptolemy.moml.MoMLSimpleApplication@5c96696e
reloadAllAccessors: .NilTokenNonStrictTest

===========================================================================================
----------------- testing Fri Sep 20 05:48:05 UTC 2019 /home/travis/build/icyphy/ptII/ptolemy/actor/lib/test/auto/NilTokenRecord.xml
----------------- Instantiating /home/travis/build/icyphy/ptII/ptolemy/actor/lib/test/auto/NilTokenRecord.xml
6 ms. Memory: 540672K Free: 397851K (74%)
----------------- Invoking toplevel() on ptolemy.moml.MoMLSimpleApplication@2d69fc15
----------------- Done invoking toplevel() on ptolemy.moml.MoMLSimpleApplication@2d69fc15
reloadAllAccessors: .NilTokenRecord

===========================================================================================
----------------- testing Fri Sep 20 05:48:05 UTC 2019 /home/travis/build/icyphy/ptII/ptolemy/actor/lib/test/auto/NilTokenTypeTest.xml
----------------- Instantiating /home/travis/build/icyphy/ptII/ptolemy/actor/lib/test/auto/NilTokenTypeTest.xml
12 ms. Memory: 540672K Free: 388121K (72%)
----------------- Invoking toplevel() on ptolemy.moml.MoMLSimpleApplication@5ed98b01
----------------- Done invoking toplevel() on ptolemy.moml.MoMLSimpleApplication@5ed98b01
reloadAllAccessors: .NilTokenTypeTest

===========================================================================================
----------------- testing Fri Sep 20 05:48:05 UTC 2019 /home/travis/build/icyphy/ptII/ptolemy/actor/lib/test/auto/ObjectToken1.xml
----------------- Instantiating /home/travis/build/icyphy/ptII/ptolemy/actor/lib/test/auto/ObjectToken1.xml
2 ms. Memory: 540672K Free: 384025K (71%)
----------------- Invoking toplevel() on ptolemy.moml.MoMLSimpleApplication@3944d94d
----------------- Done invoking toplevel() on ptolemy.moml.MoMLSimpleApplication@3944d94d
reloadAllAccessors: .ObjectToken1

===========================================================================================
----------------- testing Fri Sep 20 05:48:05 UTC 2019 /home/travis/build/icyphy/ptII/ptolemy/actor/lib/test/auto/OrderedMerge.xml
----------------- Instantiating /home/travis/build/icyphy/ptII/ptolemy/actor/lib/test/auto/OrderedMerge.xml
11 ms. Memory: 540672K Free: 378395K (70%)
----------------- Invoking toplevel() on ptolemy.moml.MoMLSimpleApplication@244d8760
----------------- Done invoking toplevel() on ptolemy.moml.MoMLSimpleApplication@244d8760
reloadAllAccessors: .OrderedMerge

===========================================================================================
----------------- testing Fri Sep 20 05:48:05 UTC 2019 /home/travis/build/icyphy/ptII/ptolemy/actor/lib/test/auto/OrderedRecordDisassembler.xml
----------------- Instantiating /home/travis/build/icyphy/ptII/ptolemy/actor/lib/test/auto/OrderedRecordDisassembler.xml
3 ms. Memory: 540672K Free: 373275K (69%)
----------------- Invoking toplevel() on ptolemy.moml.MoMLSimpleApplication@1da96df3
----------------- Done invoking toplevel() on ptolemy.moml.MoMLSimpleApplication@1da96df3
reloadAllAccessors: .OrderedRecordDisassembler

===========================================================================================
----------------- testing Fri Sep 20 05:48:05 UTC 2019 /home/travis/build/icyphy/ptII/ptolemy/actor/lib/test/auto/OrderedRecordDisassembler2.xml
----------------- Instantiating /home/travis/build/icyphy/ptII/ptolemy/actor/lib/test/auto/OrderedRecordDisassembler2.xml
5 ms. Memory: 540672K Free: 366107K (68%)
----------------- Invoking toplevel() on ptolemy.moml.MoMLSimpleApplication@12770d45
----------------- Done invoking toplevel() on ptolemy.moml.MoMLSimpleApplication@12770d45
reloadAllAccessors: .OrderedRecordDisassembler2

===========================================================================================
----------------- testing Fri Sep 20 05:48:05 UTC 2019 /home/travis/build/icyphy/ptII/ptolemy/actor/lib/test/auto/OrderedRecordUpdater.xml
----------------- Instantiating /home/travis/build/icyphy/ptII/ptolemy/actor/lib/test/auto/OrderedRecordUpdater.xml
1 ms. Memory: 540672K Free: 360987K (67%)
----------------- Invoking toplevel() on ptolemy.moml.MoMLSimpleApplication@3948446c
----------------- Done invoking toplevel() on ptolemy.moml.MoMLSimpleApplication@3948446c
reloadAllAccessors: .RecordUpdater

===========================================================================================
----------------- testing Fri Sep 20 05:48:05 UTC 2019 /home/travis/build/icyphy/ptII/ptolemy/actor/lib/test/auto/OrderedRecordUpdater2.xml
----------------- Instantiating /home/travis/build/icyphy/ptII/ptolemy/actor/lib/test/auto/OrderedRecordUpdater2.xml
3 ms. Memory: 540672K Free: 355867K (66%)
----------------- Invoking toplevel() on ptolemy.moml.MoMLSimpleApplication@1fe33d37
----------------- Done invoking toplevel() on ptolemy.moml.MoMLSimpleApplication@1fe33d37
reloadAllAccessors: .RecordUpdater2

===========================================================================================
----------------- testing Fri Sep 20 05:48:05 UTC 2019 /home/travis/build/icyphy/ptII/ptolemy/actor/lib/test/auto/PhaseUnwrap.xml
----------------- Instantiating /home/travis/build/icyphy/ptII/ptolemy/actor/lib/test/auto/PhaseUnwrap.xml
1 ms. Memory: 540672K Free: 351257K (65%)
----------------- Invoking toplevel() on ptolemy.moml.MoMLSimpleApplication@25f87ea8
----------------- Done invoking toplevel() on ptolemy.moml.MoMLSimpleApplication@25f87ea8
reloadAllAccessors: .PhaseUnwrap

===========================================================================================
----------------- testing Fri Sep 20 05:48:05 UTC 2019 /home/travis/build/icyphy/ptII/ptolemy/actor/lib/test/auto/PoissonClock.xml
----------------- Instantiating /home/travis/build/icyphy/ptII/ptolemy/actor/lib/test/auto/PoissonClock.xml
2 ms. Memory: 540672K Free: 347161K (64%)
----------------- Invoking toplevel() on ptolemy.moml.MoMLSimpleApplication@1c015417
----------------- Done invoking toplevel() on ptolemy.moml.MoMLSimpleApplication@1c015417
reloadAllAccessors: .PoissonClock

===========================================================================================
----------------- testing Fri Sep 20 05:48:05 UTC 2019 /home/travis/build/icyphy/ptII/ptolemy/actor/lib/test/auto/PoissonClock2.xml
----------------- Instantiating /home/travis/build/icyphy/ptII/ptolemy/actor/lib/test/auto/PoissonClock2.xml
1 ms. Memory: 540672K Free: 342555K (63%)
----------------- Invoking toplevel() on ptolemy.moml.MoMLSimpleApplication@2971a996
----------------- Done invoking toplevel() on ptolemy.moml.MoMLSimpleApplication@2971a996
reloadAllAccessors: .PoissonClock2

===========================================================================================
----------------- testing Fri Sep 20 05:48:05 UTC 2019 /home/travis/build/icyphy/ptII/ptolemy/actor/lib/test/auto/PoissonClock3.xml
----------------- Instantiating /home/travis/build/icyphy/ptII/ptolemy/actor/lib/test/auto/PoissonClock3.xml
2 ms. Memory: 540672K Free: 337945K (63%)
----------------- Invoking toplevel() on ptolemy.moml.MoMLSimpleApplication@3e1588e
----------------- Done invoking toplevel() on ptolemy.moml.MoMLSimpleApplication@3e1588e
reloadAllAccessors: .PoissonClock3

===========================================================================================
----------------- testing Fri Sep 20 05:48:05 UTC 2019 /home/travis/build/icyphy/ptII/ptolemy/actor/lib/test/auto/PubSubWithInitialTokens.xml
----------------- Instantiating /home/travis/build/icyphy/ptII/ptolemy/actor/lib/test/auto/PubSubWithInitialTokens.xml
2 ms. Memory: 540672K Free: 332315K (61%)
----------------- Invoking toplevel() on ptolemy.moml.MoMLSimpleApplication@52bafb74
----------------- Done invoking toplevel() on ptolemy.moml.MoMLSimpleApplication@52bafb74
reloadAllAccessors: .PubSubWithInitialTokens

===========================================================================================
----------------- testing Fri Sep 20 05:48:05 UTC 2019 /home/travis/build/icyphy/ptII/ptolemy/actor/lib/test/auto/PubSubWithInitialTokens2.xml
----------------- Instantiating /home/travis/build/icyphy/ptII/ptolemy/actor/lib/test/auto/PubSubWithInitialTokens2.xml
2 ms. Memory: 540672K Free: 326171K (60%)
----------------- Invoking toplevel() on ptolemy.moml.MoMLSimpleApplication@571134a8
----------------- Done invoking toplevel() on ptolemy.moml.MoMLSimpleApplication@571134a8
reloadAllAccessors: .PubSubWithInitialTokens2

===========================================================================================
----------------- testing Fri Sep 20 05:48:05 UTC 2019 /home/travis/build/icyphy/ptII/ptolemy/actor/lib/test/auto/PublisherClassNoParameter.xml
----------------- Instantiating /home/travis/build/icyphy/ptII/ptolemy/actor/lib/test/auto/PublisherClassNoParameter.xml
2 ms. Memory: 540672K Free: 316955K (59%)
----------------- Invoking toplevel() on ptolemy.moml.MoMLSimpleApplication@4472e754
----------------- Done invoking toplevel() on ptolemy.moml.MoMLSimpleApplication@4472e754
reloadAllAccessors: .PublisherClassNoParameter

===========================================================================================
----------------- testing Fri Sep 20 05:48:05 UTC 2019 /home/travis/build/icyphy/ptII/ptolemy/actor/lib/test/auto/PublisherClassParameter.xml
----------------- Instantiating /home/travis/build/icyphy/ptII/ptolemy/actor/lib/test/auto/PublisherClassParameter.xml
2 ms. Memory: 540672K Free: 306715K (57%)
----------------- Invoking toplevel() on ptolemy.moml.MoMLSimpleApplication@5f65a610
----------------- Done invoking toplevel() on ptolemy.moml.MoMLSimpleApplication@5f65a610
reloadAllAccessors: .PublisherClassParameter

===========================================================================================
----------------- testing Fri Sep 20 05:48:05 UTC 2019 /home/travis/build/icyphy/ptII/ptolemy/actor/lib/test/auto/PublisherNonStrictTest.xml
----------------- Instantiating /home/travis/build/icyphy/ptII/ptolemy/actor/lib/test/auto/PublisherNonStrictTest.xml
3 ms. Memory: 540672K Free: 299027K (55%)
----------------- Invoking toplevel() on ptolemy.moml.MoMLSimpleApplication@66ce7d5c
----------------- Done invoking toplevel() on ptolemy.moml.MoMLSimpleApplication@66ce7d5c
reloadAllAccessors: .PublisherNonStrictTest

===========================================================================================
----------------- testing Fri Sep 20 05:48:05 UTC 2019 /home/travis/build/icyphy/ptII/ptolemy/actor/lib/test/auto/PublisherPort1.xml
----------------- Instantiating /home/travis/build/icyphy/ptII/ptolemy/actor/lib/test/auto/PublisherPort1.xml
10 ms. Memory: 540672K Free: 293403K (54%)
----------------- Invoking toplevel() on ptolemy.moml.MoMLSimpleApplication@321fa1ca
----------------- Done invoking toplevel() on ptolemy.moml.MoMLSimpleApplication@321fa1ca
reloadAllAccessors: .PublisherPort1

===========================================================================================
----------------- testing Fri Sep 20 05:48:05 UTC 2019 /home/travis/build/icyphy/ptII/ptolemy/actor/lib/test/auto/PublisherPort2.xml
----------------- Instantiating /home/travis/build/icyphy/ptII/ptolemy/actor/lib/test/auto/PublisherPort2.xml
2 ms. Memory: 540672K Free: 288283K (53%)
----------------- Invoking toplevel() on ptolemy.moml.MoMLSimpleApplication@7191b96b
----------------- Done invoking toplevel() on ptolemy.moml.MoMLSimpleApplication@7191b96b
reloadAllAccessors: .PublisherPort2

===========================================================================================
----------------- testing Fri Sep 20 05:48:05 UTC 2019 /home/travis/build/icyphy/ptII/ptolemy/actor/lib/test/auto/PublisherPort3.xml
----------------- Instantiating /home/travis/build/icyphy/ptII/ptolemy/actor/lib/test/auto/PublisherPort3.xml
3 ms. Memory: 540672K Free: 281595K (52%)
----------------- Invoking toplevel() on ptolemy.moml.MoMLSimpleApplication@7c637ccd
----------------- Done invoking toplevel() on ptolemy.moml.MoMLSimpleApplication@7c637ccd
reloadAllAccessors: .PublisherPort3

===========================================================================================
----------------- testing Fri Sep 20 05:48:05 UTC 2019 /home/travis/build/icyphy/ptII/ptolemy/actor/lib/test/auto/PublisherPort4.xml
----------------- Instantiating /home/travis/build/icyphy/ptII/ptolemy/actor/lib/test/auto/PublisherPort4.xml
3 ms. Memory: 540672K Free: 275995K (51%)
----------------- Invoking toplevel() on ptolemy.moml.MoMLSimpleApplication@726e8b01
----------------- Done invoking toplevel() on ptolemy.moml.MoMLSimpleApplication@726e8b01
reloadAllAccessors: .PublisherPort4

===========================================================================================
----------------- testing Fri Sep 20 05:48:05 UTC 2019 /home/travis/build/icyphy/ptII/ptolemy/actor/lib/test/auto/PublisherPort5.xml
----------------- Instantiating /home/travis/build/icyphy/ptII/ptolemy/actor/lib/test/auto/PublisherPort5.xml
3 ms. Memory: 540672K Free: 268313K (50%)
----------------- Invoking toplevel() on ptolemy.moml.MoMLSimpleApplication@7ee08703
----------------- Done invoking toplevel() on ptolemy.moml.MoMLSimpleApplication@7ee08703
reloadAllAccessors: .PublisherPort5

===========================================================================================
----------------- testing Fri Sep 20 05:48:05 UTC 2019 /home/travis/build/icyphy/ptII/ptolemy/actor/lib/test/auto/PublisherPort5LookAlike.xml
----------------- Instantiating /home/travis/build/icyphy/ptII/ptolemy/actor/lib/test/auto/PublisherPort5LookAlike.xml
8 ms. Memory: 540672K Free: 260635K (48%)
----------------- Invoking toplevel() on ptolemy.moml.MoMLSimpleApplication@6ba4ca7f
----------------- Done invoking toplevel() on ptolemy.moml.MoMLSimpleApplication@6ba4ca7f
reloadAllAccessors: .PublisherPort5LookAlike

===========================================================================================
----------------- testing Fri Sep 20 05:48:05 UTC 2019 /home/travis/build/icyphy/ptII/ptolemy/actor/lib/test/auto/PublisherPort6.xml
----------------- Instantiating /home/travis/build/icyphy/ptII/ptolemy/actor/lib/test/auto/PublisherPort6.xml
3 ms. Memory: 540672K Free: 253963K (47%)
----------------- Invoking toplevel() on ptolemy.moml.MoMLSimpleApplication@5b9f94b8
----------------- Done invoking toplevel() on ptolemy.moml.MoMLSimpleApplication@5b9f94b8
reloadAllAccessors: .PublisherPort6

===========================================================================================
----------------- testing Fri Sep 20 05:48:05 UTC 2019 /home/travis/build/icyphy/ptII/ptolemy/actor/lib/test/auto/PublisherPort7.xml
----------------- Instantiating /home/travis/build/icyphy/ptII/ptolemy/actor/lib/test/auto/PublisherPort7.xml
3 ms. Memory: 540672K Free: 246299K (46%)
----------------- Invoking toplevel() on ptolemy.moml.MoMLSimpleApplication@5fb63990
----------------- Done invoking toplevel() on ptolemy.moml.MoMLSimpleApplication@5fb63990
reloadAllAccessors: .PublisherPort7

===========================================================================================
----------------- testing Fri Sep 20 05:48:05 UTC 2019 /home/travis/build/icyphy/ptII/ptolemy/actor/lib/test/auto/PublisherPort8.xml
----------------- Instantiating /home/travis/build/icyphy/ptII/ptolemy/actor/lib/test/auto/PublisherPort8.xml
3 ms. Memory: 540672K Free: 237593K (44%)
----------------- Invoking toplevel() on ptolemy.moml.MoMLSimpleApplication@1b2b2d35
----------------- Done invoking toplevel() on ptolemy.moml.MoMLSimpleApplication@1b2b2d35
reloadAllAccessors: .PublisherPort8

===========================================================================================
----------------- testing Fri Sep 20 05:48:05 UTC 2019 /home/travis/build/icyphy/ptII/ptolemy/actor/lib/test/auto/PublisherPortSubscriberChannelVariablesAOC2.xml
----------------- Instantiating /home/travis/build/icyphy/ptII/ptolemy/actor/lib/test/auto/PublisherPortSubscriberChannelVariablesAOC2.xml
3 ms. Memory: 540672K Free: 220179K (41%)
----------------- Invoking toplevel() on ptolemy.moml.MoMLSimpleApplication@55ed50db
----------------- Done invoking toplevel() on ptolemy.moml.MoMLSimpleApplication@55ed50db
reloadAllAccessors: .PublisherPortSubscriberChannelVariablesAOC2

===========================================================================================
----------------- testing Fri Sep 20 05:48:05 UTC 2019 /home/travis/build/icyphy/ptII/ptolemy/actor/lib/test/auto/PublisherPortSubscriberOpaqueWidthInference.xml
----------------- Instantiating /home/travis/build/icyphy/ptII/ptolemy/actor/lib/test/auto/PublisherPortSubscriberOpaqueWidthInference.xml
4 ms. Memory: 540672K Free: 213003K (39%)
----------------- Invoking toplevel() on ptolemy.moml.MoMLSimpleApplication@2391331f
----------------- Done invoking toplevel() on ptolemy.moml.MoMLSimpleApplication@2391331f
reloadAllAccessors: .PublisherPortSubscriberOpaqueWidthInference

===========================================================================================
----------------- testing Fri Sep 20 05:48:05 UTC 2019 /home/travis/build/icyphy/ptII/ptolemy/actor/lib/test/auto/PublisherPortSubscriberPortAdjacent.xml
----------------- Instantiating /home/travis/build/icyphy/ptII/ptolemy/actor/lib/test/auto/PublisherPortSubscriberPortAdjacent.xml
1 ms. Memory: 540672K Free: 204825K (38%)
----------------- Invoking toplevel() on ptolemy.moml.MoMLSimpleApplication@3ab9c737
----------------- Done invoking toplevel() on ptolemy.moml.MoMLSimpleApplication@3ab9c737
reloadAllAccessors: .PublisherPortSubscriberPortAdjacent

===========================================================================================
----------------- testing Fri Sep 20 05:48:05 UTC 2019 /home/travis/build/icyphy/ptII/ptolemy/actor/lib/test/auto/PublisherPortSubscriberPortExpression.xml
----------------- Instantiating /home/travis/build/icyphy/ptII/ptolemy/actor/lib/test/auto/PublisherPortSubscriberPortExpression.xml
17 ms. Memory: 540672K Free: 197147K (36%)
----------------- Invoking toplevel() on ptolemy.moml.MoMLSimpleApplication@6759b1c
----------------- Done invoking toplevel() on ptolemy.moml.MoMLSimpleApplication@6759b1c
reloadAllAccessors: .PublisherPortSubscriberPortExpression

===========================================================================================
----------------- testing Fri Sep 20 05:48:05 UTC 2019 /home/travis/build/icyphy/ptII/ptolemy/actor/lib/test/auto/PublisherPortSubscriberPortOpaqueD3Reverse.xml
----------------- Instantiating /home/travis/build/icyphy/ptII/ptolemy/actor/lib/test/auto/PublisherPortSubscriberPortOpaqueD3Reverse.xml
7 ms. Memory: 540672K Free: 186907K (35%)
----------------- Invoking toplevel() on ptolemy.moml.MoMLSimpleApplication@dce8f0a
----------------- Done invoking toplevel() on ptolemy.moml.MoMLSimpleApplication@dce8f0a
reloadAllAccessors: .PublisherPortSubscriberPortOpaqueD3Reverse

===========================================================================================
----------------- testing Fri Sep 20 05:48:05 UTC 2019 /home/travis/build/icyphy/ptII/ptolemy/actor/lib/test/auto/PublisherPortSubscriberPortOpaqueWidthInference.xml
----------------- Instantiating /home/travis/build/icyphy/ptII/ptolemy/actor/lib/test/auto/PublisherPortSubscriberPortOpaqueWidthInference.xml
3 ms. Memory: 540672K Free: 179211K (33%)
----------------- Invoking toplevel() on ptolemy.moml.MoMLSimpleApplication@7db27210
----------------- Done invoking toplevel() on ptolemy.moml.MoMLSimpleApplication@7db27210
reloadAllAccessors: .PublisherPortSubscriberPortOpaqueWidthInference

===========================================================================================
----------------- testing Fri Sep 20 05:48:05 UTC 2019 /home/travis/build/icyphy/ptII/ptolemy/actor/lib/test/auto/PublisherPortToplevelSubscriberPortAOC.xml
----------------- Instantiating /home/travis/build/icyphy/ptII/ptolemy/actor/lib/test/auto/PublisherPortToplevelSubscriberPortAOC.xml
.PublisherPortToplevelSubscriberPortAOC.TestExceptionAttribute: initialize() was not invoked, but wrapup() was.  This is unusual, but not always a problem.  For example, exporting JNLP will do this.
1 ms. Memory: 540672K Free: 173595K (32%)
----------------- Invoking toplevel() on ptolemy.moml.MoMLSimpleApplication@5a854601
----------------- Done invoking toplevel() on ptolemy.moml.MoMLSimpleApplication@5a854601
reloadAllAccessors: .PublisherPortToplevelSubscriberPortAOC

===========================================================================================
----------------- testing Fri Sep 20 05:48:05 UTC 2019 /home/travis/build/icyphy/ptII/ptolemy/actor/lib/test/auto/PublisherSubscriber.xml
----------------- Instantiating /home/travis/build/icyphy/ptII/ptolemy/actor/lib/test/auto/PublisherSubscriber.xml
3 ms. Memory: 540672K Free: 487000K (90%)
----------------- Invoking toplevel() on ptolemy.moml.MoMLSimpleApplication@5a35704a
----------------- Done invoking toplevel() on ptolemy.moml.MoMLSimpleApplication@5a35704a
reloadAllAccessors: .PublisherSubscriber

===========================================================================================
----------------- testing Fri Sep 20 05:48:06 UTC 2019 /home/travis/build/icyphy/ptII/ptolemy/actor/lib/test/auto/PublisherSubscriber10.xml
----------------- Instantiating /home/travis/build/icyphy/ptII/ptolemy/actor/lib/test/auto/PublisherSubscriber10.xml
7 ms. Memory: 540672K Free: 477270K (88%)
----------------- Invoking toplevel() on ptolemy.moml.MoMLSimpleApplication@27edb594
----------------- Done invoking toplevel() on ptolemy.moml.MoMLSimpleApplication@27edb594
reloadAllAccessors: .PublisherSubscriber10

===========================================================================================
----------------- testing Fri Sep 20 05:48:06 UTC 2019 /home/travis/build/icyphy/ptII/ptolemy/actor/lib/test/auto/PublisherSubscriber10InitialOutputs.xml
----------------- Instantiating /home/travis/build/icyphy/ptII/ptolemy/actor/lib/test/auto/PublisherSubscriber10InitialOutputs.xml
16 ms. Memory: 540672K Free: 468054K (87%)
----------------- Invoking toplevel() on ptolemy.moml.MoMLSimpleApplication@3affb635
----------------- Done invoking toplevel() on ptolemy.moml.MoMLSimpleApplication@3affb635
reloadAllAccessors: .PublisherSubscriber10InitialOutputs

===========================================================================================
----------------- testing Fri Sep 20 05:48:06 UTC 2019 /home/travis/build/icyphy/ptII/ptolemy/actor/lib/test/auto/PublisherSubscriber11.xml
----------------- Instantiating /home/travis/build/icyphy/ptII/ptolemy/actor/lib/test/auto/PublisherSubscriber11.xml
4 ms. Memory: 540672K Free: 461880K (85%)
----------------- Invoking toplevel() on ptolemy.moml.MoMLSimpleApplication@271a20bb
----------------- Done invoking toplevel() on ptolemy.moml.MoMLSimpleApplication@271a20bb
reloadAllAccessors: .PublisherSubscriber11

===========================================================================================
----------------- testing Fri Sep 20 05:48:06 UTC 2019 /home/travis/build/icyphy/ptII/ptolemy/actor/lib/test/auto/PublisherSubscriber12.xml
----------------- Instantiating /home/travis/build/icyphy/ptII/ptolemy/actor/lib/test/auto/PublisherSubscriber12.xml
5 ms. Memory: 540672K Free: 455256K (84%)
----------------- Invoking toplevel() on ptolemy.moml.MoMLSimpleApplication@74259a8e
----------------- Done invoking toplevel() on ptolemy.moml.MoMLSimpleApplication@74259a8e
reloadAllAccessors: .PublisherSubscriber12

===========================================================================================
----------------- testing Fri Sep 20 05:48:06 UTC 2019 /home/travis/build/icyphy/ptII/ptolemy/actor/lib/test/auto/PublisherSubscriber13.xml
----------------- Instantiating /home/travis/build/icyphy/ptII/ptolemy/actor/lib/test/auto/PublisherSubscriber13.xml
2 ms. Memory: 540672K Free: 449608K (83%)
----------------- Invoking toplevel() on ptolemy.moml.MoMLSimpleApplication@6bda648c
----------------- Done invoking toplevel() on ptolemy.moml.MoMLSimpleApplication@6bda648c
reloadAllAccessors: .PublisherSubscriber13

===========================================================================================
----------------- testing Fri Sep 20 05:48:06 UTC 2019 /home/travis/build/icyphy/ptII/ptolemy/actor/lib/test/auto/PublisherSubscriber14.xml
----------------- Instantiating /home/travis/build/icyphy/ptII/ptolemy/actor/lib/test/auto/PublisherSubscriber14.xml
2 ms. Memory: 540672K Free: 440920K (82%)
----------------- Invoking toplevel() on ptolemy.moml.MoMLSimpleApplication@6af52814
----------------- Done invoking toplevel() on ptolemy.moml.MoMLSimpleApplication@6af52814
reloadAllAccessors: .PublisherSubscriber14

===========================================================================================
----------------- testing Fri Sep 20 05:48:06 UTC 2019 /home/travis/build/icyphy/ptII/ptolemy/actor/lib/test/auto/PublisherSubscriber2.xml
----------------- Instantiating /home/travis/build/icyphy/ptII/ptolemy/actor/lib/test/auto/PublisherSubscriber2.xml
3 ms. Memory: 540672K Free: 435256K (81%)
----------------- Invoking toplevel() on ptolemy.moml.MoMLSimpleApplication@6d662fc6
----------------- Done invoking toplevel() on ptolemy.moml.MoMLSimpleApplication@6d662fc6
reloadAllAccessors: .PublisherSubscriber2

===========================================================================================
----------------- testing Fri Sep 20 05:48:06 UTC 2019 /home/travis/build/icyphy/ptII/ptolemy/actor/lib/test/auto/PublisherSubscriber3.xml
----------------- Instantiating /home/travis/build/icyphy/ptII/ptolemy/actor/lib/test/auto/PublisherSubscriber3.xml
2 ms. Memory: 540672K Free: 429656K (79%)
----------------- Invoking toplevel() on ptolemy.moml.MoMLSimpleApplication@c8de83c
----------------- Done invoking toplevel() on ptolemy.moml.MoMLSimpleApplication@c8de83c
reloadAllAccessors: .PublisherSubscriber3

===========================================================================================
----------------- testing Fri Sep 20 05:48:06 UTC 2019 /home/travis/build/icyphy/ptII/ptolemy/actor/lib/test/auto/PublisherSubscriber4.xml
----------------- Instantiating /home/travis/build/icyphy/ptII/ptolemy/actor/lib/test/auto/PublisherSubscriber4.xml
2 ms. Memory: 540672K Free: 423992K (78%)
----------------- Invoking toplevel() on ptolemy.moml.MoMLSimpleApplication@3839e316
----------------- Done invoking toplevel() on ptolemy.moml.MoMLSimpleApplication@3839e316
reloadAllAccessors: .PublisherSubscriber4

===========================================================================================
----------------- testing Fri Sep 20 05:48:06 UTC 2019 /home/travis/build/icyphy/ptII/ptolemy/actor/lib/test/auto/PublisherSubscriber5.xml
----------------- Instantiating /home/travis/build/icyphy/ptII/ptolemy/actor/lib/test/auto/PublisherSubscriber5.xml
2 ms. Memory: 540672K Free: 417368K (77%)
----------------- Invoking toplevel() on ptolemy.moml.MoMLSimpleApplication@53c65c42
----------------- Done invoking toplevel() on ptolemy.moml.MoMLSimpleApplication@53c65c42
reloadAllAccessors: .PublisherSubscriber5

===========================================================================================
----------------- testing Fri Sep 20 05:48:06 UTC 2019 /home/travis/build/icyphy/ptII/ptolemy/actor/lib/test/auto/PublisherSubscriber6.xml
----------------- Instantiating /home/travis/build/icyphy/ptII/ptolemy/actor/lib/test/auto/PublisherSubscriber6.xml
4 ms. Memory: 540672K Free: 410696K (76%)
----------------- Invoking toplevel() on ptolemy.moml.MoMLSimpleApplication@6461b9ec
----------------- Done invoking toplevel() on ptolemy.moml.MoMLSimpleApplication@6461b9ec
reloadAllAccessors: .PublisherSubscriber6

===========================================================================================
----------------- testing Fri Sep 20 05:48:06 UTC 2019 /home/travis/build/icyphy/ptII/ptolemy/actor/lib/test/auto/PublisherSubscriber7.xml
----------------- Instantiating /home/travis/build/icyphy/ptII/ptolemy/actor/lib/test/auto/PublisherSubscriber7.xml
8 ms. Memory: 540672K Free: 404056K (75%)
----------------- Invoking toplevel() on ptolemy.moml.MoMLSimpleApplication@34286477
----------------- Done invoking toplevel() on ptolemy.moml.MoMLSimpleApplication@34286477
reloadAllAccessors: .PublisherSubscriber7

===========================================================================================
----------------- testing Fri Sep 20 05:48:06 UTC 2019 /home/travis/build/icyphy/ptII/ptolemy/actor/lib/test/auto/PublisherSubscriber8.xml
----------------- Instantiating /home/travis/build/icyphy/ptII/ptolemy/actor/lib/test/auto/PublisherSubscriber8.xml
18 ms. Memory: 540672K Free: 392278K (73%)
----------------- Invoking toplevel() on ptolemy.moml.MoMLSimpleApplication@22fb2c71
----------------- Done invoking toplevel() on ptolemy.moml.MoMLSimpleApplication@22fb2c71
reloadAllAccessors: .PublisherSubscriber8

===========================================================================================
----------------- testing Fri Sep 20 05:48:06 UTC 2019 /home/travis/build/icyphy/ptII/ptolemy/actor/lib/test/auto/PublisherSubscriber9.xml
----------------- Instantiating /home/travis/build/icyphy/ptII/ptolemy/actor/lib/test/auto/PublisherSubscriber9.xml
2 ms. Memory: 540672K Free: 385096K (71%)
----------------- Invoking toplevel() on ptolemy.moml.MoMLSimpleApplication@7f5ff37a
----------------- Done invoking toplevel() on ptolemy.moml.MoMLSimpleApplication@7f5ff37a
reloadAllAccessors: .PublisherSubscriber9

===========================================================================================
----------------- testing Fri Sep 20 05:48:06 UTC 2019 /home/travis/build/icyphy/ptII/ptolemy/actor/lib/test/auto/PublisherSubscriberAdjacent.xml
----------------- Instantiating /home/travis/build/icyphy/ptII/ptolemy/actor/lib/test/auto/PublisherSubscriberAdjacent.xml
2 ms. Memory: 540672K Free: 376408K (70%)
----------------- Invoking toplevel() on ptolemy.moml.MoMLSimpleApplication@7dff79ce
----------------- Done invoking toplevel() on ptolemy.moml.MoMLSimpleApplication@7dff79ce
reloadAllAccessors: .PublisherSubscriberAdjacent

===========================================================================================
----------------- testing Fri Sep 20 05:48:06 UTC 2019 /home/travis/build/icyphy/ptII/ptolemy/actor/lib/test/auto/PublisherSubscriberChannelVariablesAOC2.xml
----------------- Instantiating /home/travis/build/icyphy/ptII/ptolemy/actor/lib/test/auto/PublisherSubscriberChannelVariablesAOC2.xml
2 ms. Memory: 540672K Free: 361558K (67%)
----------------- Invoking toplevel() on ptolemy.moml.MoMLSimpleApplication@444aaf4e
----------------- Done invoking toplevel() on ptolemy.moml.MoMLSimpleApplication@444aaf4e
reloadAllAccessors: .PublisherSubscriberChannelVariablesAOC2

===========================================================================================
----------------- testing Fri Sep 20 05:48:06 UTC 2019 /home/travis/build/icyphy/ptII/ptolemy/actor/lib/test/auto/PublisherSubscriberD3.xml
----------------- Instantiating /home/travis/build/icyphy/ptII/ptolemy/actor/lib/test/auto/PublisherSubscriberD3.xml
1 ms. Memory: 540672K Free: 354390K (66%)
----------------- Invoking toplevel() on ptolemy.moml.MoMLSimpleApplication@660e8d4f
----------------- Done invoking toplevel() on ptolemy.moml.MoMLSimpleApplication@660e8d4f
reloadAllAccessors: .PublisherSubscriberD3

===========================================================================================
----------------- testing Fri Sep 20 05:48:06 UTC 2019 /home/travis/build/icyphy/ptII/ptolemy/actor/lib/test/auto/PublisherSubscriberD3Reverse.xml
----------------- Instantiating /home/travis/build/icyphy/ptII/ptolemy/actor/lib/test/auto/PublisherSubscriberD3Reverse.xml
2 ms. Memory: 540672K Free: 348246K (64%)
----------------- Invoking toplevel() on ptolemy.moml.MoMLSimpleApplication@a15a406
----------------- Done invoking toplevel() on ptolemy.moml.MoMLSimpleApplication@a15a406
reloadAllAccessors: .PublisherSubscriberD3Reverse

===========================================================================================
----------------- testing Fri Sep 20 05:48:06 UTC 2019 /home/travis/build/icyphy/ptII/ptolemy/actor/lib/test/auto/PublisherSubscriberExpression.xml
----------------- Instantiating /home/travis/build/icyphy/ptII/ptolemy/actor/lib/test/auto/PublisherSubscriberExpression.xml
3 ms. Memory: 540672K Free: 339544K (63%)
----------------- Invoking toplevel() on ptolemy.moml.MoMLSimpleApplication@3b21d280
----------------- Done invoking toplevel() on ptolemy.moml.MoMLSimpleApplication@3b21d280
reloadAllAccessors: .PublisherSubscriberExpression

===========================================================================================
----------------- testing Fri Sep 20 05:48:06 UTC 2019 /home/travis/build/icyphy/ptII/ptolemy/actor/lib/test/auto/PublisherSubscriberOpaque.xml
----------------- Instantiating /home/travis/build/icyphy/ptII/ptolemy/actor/lib/test/auto/PublisherSubscriberOpaque.xml
4 ms. Memory: 540672K Free: 331352K (61%)
----------------- Invoking toplevel() on ptolemy.moml.MoMLSimpleApplication@74e38cb9
----------------- Done invoking toplevel() on ptolemy.moml.MoMLSimpleApplication@74e38cb9
reloadAllAccessors: .PublisherSubscriberOpaque

===========================================================================================
----------------- testing Fri Sep 20 05:48:06 UTC 2019 /home/travis/build/icyphy/ptII/ptolemy/actor/lib/test/auto/PublisherSubscriberOpaqueD3.xml
----------------- Instantiating /home/travis/build/icyphy/ptII/ptolemy/actor/lib/test/auto/PublisherSubscriberOpaqueD3.xml
6 ms. Memory: 540672K Free: 320088K (59%)
----------------- Invoking toplevel() on ptolemy.moml.MoMLSimpleApplication@6f063395
----------------- Done invoking toplevel() on ptolemy.moml.MoMLSimpleApplication@6f063395
reloadAllAccessors: .PublisherSubscriberOpaqueD3

===========================================================================================
----------------- testing Fri Sep 20 05:48:06 UTC 2019 /home/travis/build/icyphy/ptII/ptolemy/actor/lib/test/auto/PublisherSubscriberOpaqueD3Reverse.xml
----------------- Instantiating /home/travis/build/icyphy/ptII/ptolemy/actor/lib/test/auto/PublisherSubscriberOpaqueD3Reverse.xml
8 ms. Memory: 540672K Free: 309334K (57%)
----------------- Invoking toplevel() on ptolemy.moml.MoMLSimpleApplication@6d7c6c96
----------------- Done invoking toplevel() on ptolemy.moml.MoMLSimpleApplication@6d7c6c96
reloadAllAccessors: .PublisherSubscriberOpaqueD3Reverse

===========================================================================================
----------------- testing Fri Sep 20 05:48:06 UTC 2019 /home/travis/build/icyphy/ptII/ptolemy/actor/lib/test/auto/PublisherSubscriberOpaqueWidthInference.xml
----------------- Instantiating /home/travis/build/icyphy/ptII/ptolemy/actor/lib/test/auto/PublisherSubscriberOpaqueWidthInference.xml
4 ms. Memory: 540672K Free: 301128K (56%)
----------------- Invoking toplevel() on ptolemy.moml.MoMLSimpleApplication@2922cef2
----------------- Done invoking toplevel() on ptolemy.moml.MoMLSimpleApplication@2922cef2
reloadAllAccessors: .PublisherSubscriberOpaqueWidthInference

===========================================================================================
----------------- testing Fri Sep 20 05:48:06 UTC 2019 /home/travis/build/icyphy/ptII/ptolemy/actor/lib/test/auto/PublisherTestSubscriber.xml
----------------- Instantiating /home/travis/build/icyphy/ptII/ptolemy/actor/lib/test/auto/PublisherTestSubscriber.xml
2 ms. Memory: 540672K Free: 293464K (54%)
----------------- Invoking toplevel() on ptolemy.moml.MoMLSimpleApplication@4c5efe21
----------------- Done invoking toplevel() on ptolemy.moml.MoMLSimpleApplication@4c5efe21
reloadAllAccessors: .PublisherTestSubscriber

===========================================================================================
----------------- testing Fri Sep 20 05:48:06 UTC 2019 /home/travis/build/icyphy/ptII/ptolemy/actor/lib/test/auto/PublisherToplevelSubscriberPortAOC.xml
----------------- Instantiating /home/travis/build/icyphy/ptII/ptolemy/actor/lib/test/auto/PublisherToplevelSubscriberPortAOC.xml
1 ms. Memory: 540672K Free: 286776K (53%)
----------------- Invoking toplevel() on ptolemy.moml.MoMLSimpleApplication@5f339c1
----------------- Done invoking toplevel() on ptolemy.moml.MoMLSimpleApplication@5f339c1
reloadAllAccessors: .PublisherToplevelSubscriberPortAOC

===========================================================================================
----------------- testing Fri Sep 20 05:48:06 UTC 2019 /home/travis/build/icyphy/ptII/ptolemy/actor/lib/test/auto/PulseFiringLimitDE.xml
----------------- Instantiating /home/travis/build/icyphy/ptII/ptolemy/actor/lib/test/auto/PulseFiringLimitDE.xml
2 ms. Memory: 540672K Free: 280662K (52%)
----------------- Invoking toplevel() on ptolemy.moml.MoMLSimpleApplication@36a1fdd9
----------------- Done invoking toplevel() on ptolemy.moml.MoMLSimpleApplication@36a1fdd9
reloadAllAccessors: .PulseFiringLimitDE

===========================================================================================
----------------- testing Fri Sep 20 05:48:06 UTC 2019 /home/travis/build/icyphy/ptII/ptolemy/actor/lib/test/auto/Ramp1.xml
----------------- Instantiating /home/travis/build/icyphy/ptII/ptolemy/actor/lib/test/auto/Ramp1.xml
2 ms. Memory: 540672K Free: 276560K (51%)
----------------- Invoking toplevel() on ptolemy.moml.MoMLSimpleApplication@a30d22f
----------------- Done invoking toplevel() on ptolemy.moml.MoMLSimpleApplication@a30d22f
reloadAllAccessors: .Ramp1

===========================================================================================
----------------- testing Fri Sep 20 05:48:06 UTC 2019 /home/travis/build/icyphy/ptII/ptolemy/actor/lib/test/auto/RampFiringLimitDE.xml
----------------- Instantiating /home/travis/build/icyphy/ptII/ptolemy/actor/lib/test/auto/RampFiringLimitDE.xml
3 ms. Memory: 540672K Free: 270408K (50%)
----------------- Invoking toplevel() on ptolemy.moml.MoMLSimpleApplication@57e5cef6
----------------- Done invoking toplevel() on ptolemy.moml.MoMLSimpleApplication@57e5cef6
reloadAllAccessors: .RampFiringLimitDE

===========================================================================================
----------------- testing Fri Sep 20 05:48:06 UTC 2019 /home/travis/build/icyphy/ptII/ptolemy/actor/lib/test/auto/RampFiringLimitSDF.xml
----------------- Instantiating /home/travis/build/icyphy/ptII/ptolemy/actor/lib/test/auto/RampFiringLimitSDF.xml
2 ms. Memory: 540672K Free: 265288K (49%)
----------------- Invoking toplevel() on ptolemy.moml.MoMLSimpleApplication@7ca3b3b3
----------------- Done invoking toplevel() on ptolemy.moml.MoMLSimpleApplication@7ca3b3b3
reloadAllAccessors: .RampFiringLimitSDF

===========================================================================================
----------------- testing Fri Sep 20 05:48:06 UTC 2019 /home/travis/build/icyphy/ptII/ptolemy/actor/lib/test/auto/RandomInteger.xml
----------------- Instantiating /home/travis/build/icyphy/ptII/ptolemy/actor/lib/test/auto/RandomInteger.xml
2 ms. Memory: 540672K Free: 260182K (48%)
----------------- Invoking toplevel() on ptolemy.moml.MoMLSimpleApplication@7fd211d1
----------------- Done invoking toplevel() on ptolemy.moml.MoMLSimpleApplication@7fd211d1
reloadAllAccessors: .RandomInteger

===========================================================================================
----------------- testing Fri Sep 20 05:48:06 UTC 2019 /home/travis/build/icyphy/ptII/ptolemy/actor/lib/test/auto/ReadFile1.xml
----------------- Instantiating /home/travis/build/icyphy/ptII/ptolemy/actor/lib/test/auto/ReadFile1.xml
2 ms. Memory: 540672K Free: 255576K (47%)
----------------- Invoking toplevel() on ptolemy.moml.MoMLSimpleApplication@2d5f4384
----------------- Done invoking toplevel() on ptolemy.moml.MoMLSimpleApplication@2d5f4384
reloadAllAccessors: .ReadFile1

===========================================================================================
----------------- testing Fri Sep 20 05:48:06 UTC 2019 /home/travis/build/icyphy/ptII/ptolemy/actor/lib/test/auto/ReadFile2.xml
----------------- Instantiating /home/travis/build/icyphy/ptII/ptolemy/actor/lib/test/auto/ReadFile2.xml
1 ms. Memory: 540672K Free: 251480K (47%)
----------------- Invoking toplevel() on ptolemy.moml.MoMLSimpleApplication@477eb215
----------------- Done invoking toplevel() on ptolemy.moml.MoMLSimpleApplication@477eb215
reloadAllAccessors: .ReadFile2

===========================================================================================
----------------- testing Fri Sep 20 05:48:06 UTC 2019 /home/travis/build/icyphy/ptII/ptolemy/actor/lib/test/auto/Reader.xml
----------------- Instantiating /home/travis/build/icyphy/ptII/ptolemy/actor/lib/test/auto/Reader.xml
actor.lib.Reader is obsolete, use actor.lib.io.ExpressionReader instead
2 ms. Memory: 540672K Free: 247384K (46%)
----------------- Invoking toplevel() on ptolemy.moml.MoMLSimpleApplication@59fa3c5
----------------- Done invoking toplevel() on ptolemy.moml.MoMLSimpleApplication@59fa3c5
reloadAllAccessors: .Reader

===========================================================================================
----------------- testing Fri Sep 20 05:48:06 UTC 2019 /home/travis/build/icyphy/ptII/ptolemy/actor/lib/test/auto/RecordAssemblerDisplayNameTest.xml
----------------- Instantiating /home/travis/build/icyphy/ptII/ptolemy/actor/lib/test/auto/RecordAssemblerDisplayNameTest.xml
3433 ms. Memory: 540672K Free: 316170K (58%)
----------------- Invoking toplevel() on ptolemy.moml.MoMLSimpleApplication@7406fc7e
----------------- Done invoking toplevel() on ptolemy.moml.MoMLSimpleApplication@7406fc7e
reloadAllAccessors: .RecordAssemblerDisplayNameTest

===========================================================================================
----------------- testing Fri Sep 20 05:48:10 UTC 2019 /home/travis/build/icyphy/ptII/ptolemy/actor/lib/test/auto/RecordAssemblerTypeError.xml
----------------- Instantiating /home/travis/build/icyphy/ptII/ptolemy/actor/lib/test/auto/RecordAssemblerTypeError.xml
17 ms. Memory: 540672K Free: 306440K (57%)
----------------- Invoking toplevel() on ptolemy.moml.MoMLSimpleApplication@2df0a00f
----------------- Done invoking toplevel() on ptolemy.moml.MoMLSimpleApplication@2df0a00f
reloadAllAccessors: .RecordAssemblerTypeError

===========================================================================================
----------------- testing Fri Sep 20 05:48:10 UTC 2019 /home/travis/build/icyphy/ptII/ptolemy/actor/lib/test/auto/RecordDisassember.xml
----------------- Instantiating /home/travis/build/icyphy/ptII/ptolemy/actor/lib/test/auto/RecordDisassember.xml
3 ms. Memory: 540672K Free: 301834K (56%)
----------------- Invoking toplevel() on ptolemy.moml.MoMLSimpleApplication@699c7aa2
----------------- Done invoking toplevel() on ptolemy.moml.MoMLSimpleApplication@699c7aa2
reloadAllAccessors: .RecordDisassember

===========================================================================================
----------------- testing Fri Sep 20 05:48:10 UTC 2019 /home/travis/build/icyphy/ptII/ptolemy/actor/lib/test/auto/RecordDisassemberDisplayNameTest.xml
----------------- Instantiating /home/travis/build/icyphy/ptII/ptolemy/actor/lib/test/auto/RecordDisassemberDisplayNameTest.xml
7 ms. Memory: 540672K Free: 293642K (54%)
----------------- Invoking toplevel() on ptolemy.moml.MoMLSimpleApplication@6e282dd8
----------------- Done invoking toplevel() on ptolemy.moml.MoMLSimpleApplication@6e282dd8
reloadAllAccessors: .RecordDisassemberDisplayNameTest

===========================================================================================
----------------- testing Fri Sep 20 05:48:10 UTC 2019 /home/travis/build/icyphy/ptII/ptolemy/actor/lib/test/auto/RecordDisassembler.xml
----------------- Instantiating /home/travis/build/icyphy/ptII/ptolemy/actor/lib/test/auto/RecordDisassembler.xml
3 ms. Memory: 540672K Free: 288522K (53%)
----------------- Invoking toplevel() on ptolemy.moml.MoMLSimpleApplication@1d62ac86
----------------- Done invoking toplevel() on ptolemy.moml.MoMLSimpleApplication@1d62ac86
reloadAllAccessors: .RecordDisassembler

===========================================================================================
----------------- testing Fri Sep 20 05:48:10 UTC 2019 /home/travis/build/icyphy/ptII/ptolemy/actor/lib/test/auto/RecordDisassembler2.xml
----------------- Instantiating /home/travis/build/icyphy/ptII/ptolemy/actor/lib/test/auto/RecordDisassembler2.xml
3 ms. Memory: 540672K Free: 283402K (52%)
----------------- Invoking toplevel() on ptolemy.moml.MoMLSimpleApplication@714650fb
----------------- Done invoking toplevel() on ptolemy.moml.MoMLSimpleApplication@714650fb
reloadAllAccessors: .RecordDisassembler2

===========================================================================================
----------------- testing Fri Sep 20 05:48:10 UTC 2019 /home/travis/build/icyphy/ptII/ptolemy/actor/lib/test/auto/RecordUpdater.xml
----------------- Instantiating /home/travis/build/icyphy/ptII/ptolemy/actor/lib/test/auto/RecordUpdater.xml
2 ms. Memory: 540672K Free: 278792K (52%)
----------------- Invoking toplevel() on ptolemy.moml.MoMLSimpleApplication@1f3e7f8c
----------------- Done invoking toplevel() on ptolemy.moml.MoMLSimpleApplication@1f3e7f8c
reloadAllAccessors: .RecordUpdater

===========================================================================================
----------------- testing Fri Sep 20 05:48:10 UTC 2019 /home/travis/build/icyphy/ptII/ptolemy/actor/lib/test/auto/RecordUpdater2.xml
----------------- Instantiating /home/travis/build/icyphy/ptII/ptolemy/actor/lib/test/auto/RecordUpdater2.xml
1 ms. Memory: 540672K Free: 273672K (51%)
----------------- Invoking toplevel() on ptolemy.moml.MoMLSimpleApplication@67f4c29b
----------------- Done invoking toplevel() on ptolemy.moml.MoMLSimpleApplication@67f4c29b
reloadAllAccessors: .RecordUpdater2

===========================================================================================
----------------- testing Fri Sep 20 05:48:10 UTC 2019 /home/travis/build/icyphy/ptII/ptolemy/actor/lib/test/auto/RecursiveLattice.xml
----------------- Instantiating /home/travis/build/icyphy/ptII/ptolemy/actor/lib/test/auto/RecursiveLattice.xml
1 ms. Memory: 540672K Free: 268552K (50%)
----------------- Invoking toplevel() on ptolemy.moml.MoMLSimpleApplication@63fa883c
----------------- Done invoking toplevel() on ptolemy.moml.MoMLSimpleApplication@63fa883c
reloadAllAccessors: .RecursiveLattice

===========================================================================================
----------------- testing Fri Sep 20 05:48:10 UTC 2019 /home/travis/build/icyphy/ptII/ptolemy/actor/lib/test/auto/Router.xml
----------------- Instantiating /home/travis/build/icyphy/ptII/ptolemy/actor/lib/test/auto/Router.xml
3003 ms. Memory: 540672K Free: 256778K (47%)
----------------- Invoking toplevel() on ptolemy.moml.MoMLSimpleApplication@47baf32d
----------------- Done invoking toplevel() on ptolemy.moml.MoMLSimpleApplication@47baf32d
reloadAllAccessors: .Router

===========================================================================================
----------------- testing Fri Sep 20 05:48:13 UTC 2019 /home/travis/build/icyphy/ptII/ptolemy/actor/lib/test/auto/Router2.xml
----------------- Instantiating /home/travis/build/icyphy/ptII/ptolemy/actor/lib/test/auto/Router2.xml
3004 ms. Memory: 540672K Free: 247048K (46%)
----------------- Invoking toplevel() on ptolemy.moml.MoMLSimpleApplication@76e1d4f9
----------------- Done invoking toplevel() on ptolemy.moml.MoMLSimpleApplication@76e1d4f9
reloadAllAccessors: .Router2

===========================================================================================
----------------- testing Fri Sep 20 05:48:16 UTC 2019 /home/travis/build/icyphy/ptII/ptolemy/actor/lib/test/auto/RunningMaximum.xml
----------------- Instantiating /home/travis/build/icyphy/ptII/ptolemy/actor/lib/test/auto/RunningMaximum.xml
5 ms. Memory: 540672K Free: 242442K (45%)
----------------- Invoking toplevel() on ptolemy.moml.MoMLSimpleApplication@4836a82
----------------- Done invoking toplevel() on ptolemy.moml.MoMLSimpleApplication@4836a82
reloadAllAccessors: .RunningMaximum

===========================================================================================
----------------- testing Fri Sep 20 05:48:16 UTC 2019 /home/travis/build/icyphy/ptII/ptolemy/actor/lib/test/auto/RunningMinimum.xml
----------------- Instantiating /home/travis/build/icyphy/ptII/ptolemy/actor/lib/test/auto/RunningMinimum.xml
4 ms. Memory: 540672K Free: 237832K (44%)
----------------- Invoking toplevel() on ptolemy.moml.MoMLSimpleApplication@66ed69d4
----------------- Done invoking toplevel() on ptolemy.moml.MoMLSimpleApplication@66ed69d4
reloadAllAccessors: .RunningMinimum

===========================================================================================
----------------- testing Fri Sep 20 05:48:16 UTC 2019 /home/travis/build/icyphy/ptII/ptolemy/actor/lib/test/auto/Scale.xml
----------------- Instantiating /home/travis/build/icyphy/ptII/ptolemy/actor/lib/test/auto/Scale.xml
2 ms. Memory: 540672K Free: 233226K (43%)
----------------- Invoking toplevel() on ptolemy.moml.MoMLSimpleApplication@765b9765
----------------- Done invoking toplevel() on ptolemy.moml.MoMLSimpleApplication@765b9765
reloadAllAccessors: .Scale

===========================================================================================
----------------- testing Fri Sep 20 05:48:16 UTC 2019 /home/travis/build/icyphy/ptII/ptolemy/actor/lib/test/auto/Scale2.xml
----------------- Instantiating /home/travis/build/icyphy/ptII/ptolemy/actor/lib/test/auto/Scale2.xml
2 ms. Memory: 540672K Free: 228616K (42%)
----------------- Invoking toplevel() on ptolemy.moml.MoMLSimpleApplication@204bfd1e
----------------- Done invoking toplevel() on ptolemy.moml.MoMLSimpleApplication@204bfd1e
reloadAllAccessors: .Scale2

===========================================================================================
----------------- testing Fri Sep 20 05:48:16 UTC 2019 /home/travis/build/icyphy/ptII/ptolemy/actor/lib/test/auto/Scale3.xml
----------------- Instantiating /home/travis/build/icyphy/ptII/ptolemy/actor/lib/test/auto/Scale3.xml
3 ms. Memory: 540672K Free: 222472K (41%)
----------------- Invoking toplevel() on ptolemy.moml.MoMLSimpleApplication@1757f9f1
----------------- Done invoking toplevel() on ptolemy.moml.MoMLSimpleApplication@1757f9f1
reloadAllAccessors: .Scale3

===========================================================================================
----------------- testing Fri Sep 20 05:48:16 UTC 2019 /home/travis/build/icyphy/ptII/ptolemy/actor/lib/test/auto/ScaleArray.xml
----------------- Instantiating /home/travis/build/icyphy/ptII/ptolemy/actor/lib/test/auto/ScaleArray.xml
2 ms. Memory: 540672K Free: 217866K (40%)
----------------- Invoking toplevel() on ptolemy.moml.MoMLSimpleApplication@32e8faf
----------------- Done invoking toplevel() on ptolemy.moml.MoMLSimpleApplication@32e8faf
reloadAllAccessors: .ScaleArray

===========================================================================================
----------------- testing Fri Sep 20 05:48:16 UTC 2019 /home/travis/build/icyphy/ptII/ptolemy/actor/lib/test/auto/ScaleArray2.xml
----------------- Instantiating /home/travis/build/icyphy/ptII/ptolemy/actor/lib/test/auto/ScaleArray2.xml
1 ms. Memory: 540672K Free: 213256K (39%)
----------------- Invoking toplevel() on ptolemy.moml.MoMLSimpleApplication@604f891d
----------------- Done invoking toplevel() on ptolemy.moml.MoMLSimpleApplication@604f891d
reloadAllAccessors: .ScaleArray2

===========================================================================================
----------------- testing Fri Sep 20 05:48:16 UTC 2019 /home/travis/build/icyphy/ptII/ptolemy/actor/lib/test/auto/ScaleMatrix.xml
----------------- Instantiating /home/travis/build/icyphy/ptII/ptolemy/actor/lib/test/auto/ScaleMatrix.xml
154 ms. Memory: 540672K Free: 198410K (37%)
----------------- Invoking toplevel() on ptolemy.moml.MoMLSimpleApplication@33236a25
----------------- Done invoking toplevel() on ptolemy.moml.MoMLSimpleApplication@33236a25
reloadAllAccessors: .ScaleMatrix

===========================================================================================
----------------- testing Fri Sep 20 05:48:16 UTC 2019 /home/travis/build/icyphy/ptII/ptolemy/actor/lib/test/auto/Select.xml
----------------- Instantiating /home/travis/build/icyphy/ptII/ptolemy/actor/lib/test/auto/Select.xml
2 ms. Memory: 540672K Free: 192266K (36%)
----------------- Invoking toplevel() on ptolemy.moml.MoMLSimpleApplication@6cf4cf8e
----------------- Done invoking toplevel() on ptolemy.moml.MoMLSimpleApplication@6cf4cf8e
reloadAllAccessors: .Select

===========================================================================================
----------------- testing Fri Sep 20 05:48:16 UTC 2019 /home/travis/build/icyphy/ptII/ptolemy/actor/lib/test/auto/Select2.xml
----------------- Instantiating /home/travis/build/icyphy/ptII/ptolemy/actor/lib/test/auto/Select2.xml
1 ms. Memory: 540672K Free: 187146K (35%)
----------------- Invoking toplevel() on ptolemy.moml.MoMLSimpleApplication@5cd02fd8
----------------- Done invoking toplevel() on ptolemy.moml.MoMLSimpleApplication@5cd02fd8
reloadAllAccessors: .Select2

===========================================================================================
----------------- testing Fri Sep 20 05:48:16 UTC 2019 /home/travis/build/icyphy/ptII/ptolemy/actor/lib/test/auto/SequenceToArray2.xml
----------------- Instantiating /home/travis/build/icyphy/ptII/ptolemy/actor/lib/test/auto/SequenceToArray2.xml
130 ms. Memory: 540672K Free: 483896K (89%)
----------------- Invoking toplevel() on ptolemy.moml.MoMLSimpleApplication@36c3eeba
----------------- Done invoking toplevel() on ptolemy.moml.MoMLSimpleApplication@36c3eeba
reloadAllAccessors: .SequenceToArray2

===========================================================================================
----------------- testing Fri Sep 20 05:48:16 UTC 2019 /home/travis/build/icyphy/ptII/ptolemy/actor/lib/test/auto/SequentialClock.xml
----------------- Instantiating /home/travis/build/icyphy/ptII/ptolemy/actor/lib/test/auto/SequentialClock.xml
14 ms. Memory: 540672K Free: 479286K (89%)
----------------- Invoking toplevel() on ptolemy.moml.MoMLSimpleApplication@1cd49131
----------------- Done invoking toplevel() on ptolemy.moml.MoMLSimpleApplication@1cd49131
reloadAllAccessors: .SequentialClock

===========================================================================================
----------------- testing Fri Sep 20 05:48:16 UTC 2019 /home/travis/build/icyphy/ptII/ptolemy/actor/lib/test/auto/SetVariable.xml
----------------- Instantiating /home/travis/build/icyphy/ptII/ptolemy/actor/lib/test/auto/SetVariable.xml
2 ms. Memory: 540672K Free: 474680K (88%)
----------------- Invoking toplevel() on ptolemy.moml.MoMLSimpleApplication@2a9e0f07
----------------- Done invoking toplevel() on ptolemy.moml.MoMLSimpleApplication@2a9e0f07
reloadAllAccessors: .SetVariable

===========================================================================================
----------------- testing Fri Sep 20 05:48:16 UTC 2019 /home/travis/build/icyphy/ptII/ptolemy/actor/lib/test/auto/SetVariable2.xml
----------------- Instantiating /home/travis/build/icyphy/ptII/ptolemy/actor/lib/test/auto/SetVariable2.xml
3 ms. Memory: 540672K Free: 469046K (87%)
----------------- Invoking toplevel() on ptolemy.moml.MoMLSimpleApplication@2691f05
----------------- Done invoking toplevel() on ptolemy.moml.MoMLSimpleApplication@2691f05
reloadAllAccessors: .SetVariable2

===========================================================================================
----------------- testing Fri Sep 20 05:48:16 UTC 2019 /home/travis/build/icyphy/ptII/ptolemy/actor/lib/test/auto/SetVariable3.xml
----------------- Instantiating /home/travis/build/icyphy/ptII/ptolemy/actor/lib/test/auto/SetVariable3.xml
7 ms. Memory: 540672K Free: 463926K (86%)
----------------- Invoking toplevel() on ptolemy.moml.MoMLSimpleApplication@5d66e7fb
----------------- Done invoking toplevel() on ptolemy.moml.MoMLSimpleApplication@5d66e7fb
reloadAllAccessors: .SetVariable3

===========================================================================================
----------------- testing Fri Sep 20 05:48:16 UTC 2019 /home/travis/build/icyphy/ptII/ptolemy/actor/lib/test/auto/SetVariable4.xml
----------------- Instantiating /home/travis/build/icyphy/ptII/ptolemy/actor/lib/test/auto/SetVariable4.xml
14 ms. Memory: 540672K Free: 454200K (84%)
----------------- Invoking toplevel() on ptolemy.moml.MoMLSimpleApplication@43ea442b
----------------- Done invoking toplevel() on ptolemy.moml.MoMLSimpleApplication@43ea442b
reloadAllAccessors: .SetVariable4

===========================================================================================
----------------- testing Fri Sep 20 05:48:16 UTC 2019 /home/travis/build/icyphy/ptII/ptolemy/actor/lib/test/auto/SetVariable5.xml
----------------- Instantiating /home/travis/build/icyphy/ptII/ptolemy/actor/lib/test/auto/SetVariable5.xml
18 ms. Memory: 540672K Free: 444984K (82%)
----------------- Invoking toplevel() on ptolemy.moml.MoMLSimpleApplication@2ffb8a83
----------------- Done invoking toplevel() on ptolemy.moml.MoMLSimpleApplication@2ffb8a83
reloadAllAccessors: .SetVariable5

===========================================================================================
----------------- testing Fri Sep 20 05:48:16 UTC 2019 /home/travis/build/icyphy/ptII/ptolemy/actor/lib/test/auto/Sinewave.xml
----------------- Instantiating /home/travis/build/icyphy/ptII/ptolemy/actor/lib/test/auto/Sinewave.xml
5 ms. Memory: 540672K Free: 434744K (80%)
----------------- Invoking toplevel() on ptolemy.moml.MoMLSimpleApplication@223b3669
----------------- Done invoking toplevel() on ptolemy.moml.MoMLSimpleApplication@223b3669
reloadAllAccessors: .Sinewave

===========================================================================================
----------------- testing Fri Sep 20 05:48:17 UTC 2019 /home/travis/build/icyphy/ptII/ptolemy/actor/lib/test/auto/Sinewave2.xml
----------------- Instantiating /home/travis/build/icyphy/ptII/ptolemy/actor/lib/test/auto/Sinewave2.xml
6 ms. Memory: 540672K Free: 426552K (79%)
----------------- Invoking toplevel() on ptolemy.moml.MoMLSimpleApplication@71d4251d
----------------- Done invoking toplevel() on ptolemy.moml.MoMLSimpleApplication@71d4251d
reloadAllAccessors: .Sinewave2

===========================================================================================
----------------- testing Fri Sep 20 05:48:17 UTC 2019 /home/travis/build/icyphy/ptII/ptolemy/actor/lib/test/auto/Sinewave3.xml
----------------- Instantiating /home/travis/build/icyphy/ptII/ptolemy/actor/lib/test/auto/Sinewave3.xml
11 ms. Memory: 540672K Free: 418360K (77%)
----------------- Invoking toplevel() on ptolemy.moml.MoMLSimpleApplication@371cbfcb
----------------- Done invoking toplevel() on ptolemy.moml.MoMLSimpleApplication@371cbfcb
reloadAllAccessors: .Sinewave3

===========================================================================================
----------------- testing Fri Sep 20 05:48:17 UTC 2019 /home/travis/build/icyphy/ptII/ptolemy/actor/lib/test/auto/SingleEvent.xml
----------------- Instantiating /home/travis/build/icyphy/ptII/ptolemy/actor/lib/test/auto/SingleEvent.xml
1 ms. Memory: 540672K Free: 414264K (77%)
----------------- Invoking toplevel() on ptolemy.moml.MoMLSimpleApplication@3ab2a1e5
----------------- Done invoking toplevel() on ptolemy.moml.MoMLSimpleApplication@3ab2a1e5
reloadAllAccessors: .SingleEvent

===========================================================================================
----------------- testing Fri Sep 20 05:48:17 UTC 2019 /home/travis/build/icyphy/ptII/ptolemy/actor/lib/test/auto/Sleep.xml
----------------- Instantiating /home/travis/build/icyphy/ptII/ptolemy/actor/lib/test/auto/Sleep.xml
6003 ms. Memory: 540672K Free: 408120K (75%)
----------------- Invoking toplevel() on ptolemy.moml.MoMLSimpleApplication@8022e3c
----------------- Done invoking toplevel() on ptolemy.moml.MoMLSimpleApplication@8022e3c
reloadAllAccessors: .Sleep

===========================================================================================
----------------- testing Fri Sep 20 05:48:23 UTC 2019 /home/travis/build/icyphy/ptII/ptolemy/actor/lib/test/auto/SleepMultipleFire.xml
----------------- Instantiating /home/travis/build/icyphy/ptII/ptolemy/actor/lib/test/auto/SleepMultipleFire.xml
1005 ms. Memory: 540672K Free: 402486K (74%)
----------------- Invoking toplevel() on ptolemy.moml.MoMLSimpleApplication@42d24d92
----------------- Done invoking toplevel() on ptolemy.moml.MoMLSimpleApplication@42d24d92
reloadAllAccessors: .SleepMultipleFire

===========================================================================================
----------------- testing Fri Sep 20 05:48:24 UTC 2019 /home/travis/build/icyphy/ptII/ptolemy/actor/lib/test/auto/StopDE.xml
----------------- Instantiating /home/travis/build/icyphy/ptII/ptolemy/actor/lib/test/auto/StopDE.xml
10 ms. Memory: 540672K Free: 396856K (73%)
----------------- Invoking toplevel() on ptolemy.moml.MoMLSimpleApplication@8492366
----------------- Done invoking toplevel() on ptolemy.moml.MoMLSimpleApplication@8492366
reloadAllAccessors: .StopDE

===========================================================================================
----------------- testing Fri Sep 20 05:48:24 UTC 2019 /home/travis/build/icyphy/ptII/ptolemy/actor/lib/test/auto/StopSDF.xml
----------------- Instantiating /home/travis/build/icyphy/ptII/ptolemy/actor/lib/test/auto/StopSDF.xml
3 ms. Memory: 540672K Free: 391736K (72%)
----------------- Invoking toplevel() on ptolemy.moml.MoMLSimpleApplication@7d3aec4c
----------------- Done invoking toplevel() on ptolemy.moml.MoMLSimpleApplication@7d3aec4c
reloadAllAccessors: .StopSDF

===========================================================================================
----------------- testing Fri Sep 20 05:48:24 UTC 2019 /home/travis/build/icyphy/ptII/ptolemy/actor/lib/test/auto/StringConstant.xml
----------------- Instantiating /home/travis/build/icyphy/ptII/ptolemy/actor/lib/test/auto/StringConstant.xml
9 ms. Memory: 540672K Free: 387640K (72%)
----------------- Invoking toplevel() on ptolemy.moml.MoMLSimpleApplication@62d3f9a8
----------------- Done invoking toplevel() on ptolemy.moml.MoMLSimpleApplication@62d3f9a8
reloadAllAccessors: .StringConstant

===========================================================================================
----------------- testing Fri Sep 20 05:48:24 UTC 2019 /home/travis/build/icyphy/ptII/ptolemy/actor/lib/test/auto/SubscriberPortInitialValues1.xml
----------------- Instantiating /home/travis/build/icyphy/ptII/ptolemy/actor/lib/test/auto/SubscriberPortInitialValues1.xml
12 ms. Memory: 540672K Free: 378934K (70%)
----------------- Invoking toplevel() on ptolemy.moml.MoMLSimpleApplication@4e2401f9
----------------- Done invoking toplevel() on ptolemy.moml.MoMLSimpleApplication@4e2401f9
reloadAllAccessors: .SubscriberPortInitialValues1

===========================================================================================
----------------- testing Fri Sep 20 05:48:24 UTC 2019 /home/travis/build/icyphy/ptII/ptolemy/actor/lib/test/auto/SubscriberPortInitialValues13.xml
----------------- Instantiating /home/travis/build/icyphy/ptII/ptolemy/actor/lib/test/auto/SubscriberPortInitialValues13.xml
4 ms. Memory: 540672K Free: 366136K (68%)
----------------- Invoking toplevel() on ptolemy.moml.MoMLSimpleApplication@6825e118
----------------- Done invoking toplevel() on ptolemy.moml.MoMLSimpleApplication@6825e118
reloadAllAccessors: .SubscriberPortInitialValues13

===========================================================================================
----------------- testing Fri Sep 20 05:48:24 UTC 2019 /home/travis/build/icyphy/ptII/ptolemy/actor/lib/test/auto/SubscriberPortInitialValues14.xml
----------------- Instantiating /home/travis/build/icyphy/ptII/ptolemy/actor/lib/test/auto/SubscriberPortInitialValues14.xml
4 ms. Memory: 540672K Free: 358454K (66%)
----------------- Invoking toplevel() on ptolemy.moml.MoMLSimpleApplication@111b3d82
----------------- Done invoking toplevel() on ptolemy.moml.MoMLSimpleApplication@111b3d82
reloadAllAccessors: .SubscriberPortInitialValues14

===========================================================================================
----------------- testing Fri Sep 20 05:48:24 UTC 2019 /home/travis/build/icyphy/ptII/ptolemy/actor/lib/test/auto/SubscriberPortInitialValues2.xml
----------------- Instantiating /home/travis/build/icyphy/ptII/ptolemy/actor/lib/test/auto/SubscriberPortInitialValues2.xml
5 ms. Memory: 540672K Free: 350262K (65%)
----------------- Invoking toplevel() on ptolemy.moml.MoMLSimpleApplication@5dd9d38d
----------------- Done invoking toplevel() on ptolemy.moml.MoMLSimpleApplication@5dd9d38d
reloadAllAccessors: .SubscriberPortInitialValues2

===========================================================================================
----------------- testing Fri Sep 20 05:48:24 UTC 2019 /home/travis/build/icyphy/ptII/ptolemy/actor/lib/test/auto/SubscriberPortInitialValues3.xml
----------------- Instantiating /home/travis/build/icyphy/ptII/ptolemy/actor/lib/test/auto/SubscriberPortInitialValues3.xml
4 ms. Memory: 540672K Free: 338998K (63%)
----------------- Invoking toplevel() on ptolemy.moml.MoMLSimpleApplication@36588b3b
----------------- Done invoking toplevel() on ptolemy.moml.MoMLSimpleApplication@36588b3b
reloadAllAccessors: .SubscriberPortInitialValues3

===========================================================================================
----------------- testing Fri Sep 20 05:48:24 UTC 2019 /home/travis/build/icyphy/ptII/ptolemy/actor/lib/test/auto/SubscriptionAggregator.xml
----------------- Instantiating /home/travis/build/icyphy/ptII/ptolemy/actor/lib/test/auto/SubscriptionAggregator.xml
2 ms. Memory: 540672K Free: 332344K (61%)
----------------- Invoking toplevel() on ptolemy.moml.MoMLSimpleApplication@6abb390a
----------------- Done invoking toplevel() on ptolemy.moml.MoMLSimpleApplication@6abb390a
reloadAllAccessors: .SubscriptionAggregator

===========================================================================================
----------------- testing Fri Sep 20 05:48:24 UTC 2019 /home/travis/build/icyphy/ptII/ptolemy/actor/lib/test/auto/SubscriptionAggregator2.xml
----------------- Instantiating /home/travis/build/icyphy/ptII/ptolemy/actor/lib/test/auto/SubscriptionAggregator2.xml
3 ms. Memory: 540672K Free: 325672K (60%)
----------------- Invoking toplevel() on ptolemy.moml.MoMLSimpleApplication@3fdbe9c4
----------------- Done invoking toplevel() on ptolemy.moml.MoMLSimpleApplication@3fdbe9c4
reloadAllAccessors: .SubscriptionAggregator2

===========================================================================================
----------------- testing Fri Sep 20 05:48:24 UTC 2019 /home/travis/build/icyphy/ptII/ptolemy/actor/lib/test/auto/SubscriptionAggregator3.xml
----------------- Instantiating /home/travis/build/icyphy/ptII/ptolemy/actor/lib/test/auto/SubscriptionAggregator3.xml
4 ms. Memory: 540672K Free: 316984K (59%)
----------------- Invoking toplevel() on ptolemy.moml.MoMLSimpleApplication@3489ebe6
----------------- Done invoking toplevel() on ptolemy.moml.MoMLSimpleApplication@3489ebe6
reloadAllAccessors: .SubscriptionAggregator3

===========================================================================================
----------------- testing Fri Sep 20 05:48:24 UTC 2019 /home/travis/build/icyphy/ptII/ptolemy/actor/lib/test/auto/SubscriptionAggregatorMultiply.xml
----------------- Instantiating /home/travis/build/icyphy/ptII/ptolemy/actor/lib/test/auto/SubscriptionAggregatorMultiply.xml
15 ms. Memory: 540672K Free: 308792K (57%)
----------------- Invoking toplevel() on ptolemy.moml.MoMLSimpleApplication@27391ca2
----------------- Done invoking toplevel() on ptolemy.moml.MoMLSimpleApplication@27391ca2
reloadAllAccessors: .SubscriptionAggregatorMultiply

===========================================================================================
----------------- testing Fri Sep 20 05:48:24 UTC 2019 /home/travis/build/icyphy/ptII/ptolemy/actor/lib/test/auto/SubscriptionAggregatorPortMultiply1.xml
----------------- Instantiating /home/travis/build/icyphy/ptII/ptolemy/actor/lib/test/auto/SubscriptionAggregatorPortMultiply1.xml
3 ms. Memory: 540672K Free: 301110K (56%)
----------------- Invoking toplevel() on ptolemy.moml.MoMLSimpleApplication@611813eb
----------------- Done invoking toplevel() on ptolemy.moml.MoMLSimpleApplication@611813eb
reloadAllAccessors: .SubscriptionAggregatorPortMultiply1

===========================================================================================
----------------- testing Fri Sep 20 05:48:24 UTC 2019 /home/travis/build/icyphy/ptII/ptolemy/actor/lib/test/auto/Switch.xml
----------------- Instantiating /home/travis/build/icyphy/ptII/ptolemy/actor/lib/test/auto/Switch.xml
9 ms. Memory: 540672K Free: 292918K (54%)
----------------- Invoking toplevel() on ptolemy.moml.MoMLSimpleApplication@446381cf
----------------- Done invoking toplevel() on ptolemy.moml.MoMLSimpleApplication@446381cf
reloadAllAccessors: .Switch

===========================================================================================
----------------- testing Fri Sep 20 05:48:24 UTC 2019 /home/travis/build/icyphy/ptII/ptolemy/actor/lib/test/auto/Switch2.xml
----------------- Instantiating /home/travis/build/icyphy/ptII/ptolemy/actor/lib/test/auto/Switch2.xml
1 ms. Memory: 540672K Free: 288312K (53%)
----------------- Invoking toplevel() on ptolemy.moml.MoMLSimpleApplication@50a6de5f
----------------- Done invoking toplevel() on ptolemy.moml.MoMLSimpleApplication@50a6de5f
reloadAllAccessors: .Switch2

===========================================================================================
----------------- testing Fri Sep 20 05:48:24 UTC 2019 /home/travis/build/icyphy/ptII/ptolemy/actor/lib/test/auto/SwitchDE.xml
----------------- Instantiating /home/travis/build/icyphy/ptII/ptolemy/actor/lib/test/auto/SwitchDE.xml
3 ms. Memory: 540672K Free: 281640K (52%)
----------------- Invoking toplevel() on ptolemy.moml.MoMLSimpleApplication@101ae4b3
----------------- Done invoking toplevel() on ptolemy.moml.MoMLSimpleApplication@101ae4b3
reloadAllAccessors: .SwitchDE

===========================================================================================
----------------- testing Fri Sep 20 05:48:24 UTC 2019 /home/travis/build/icyphy/ptII/ptolemy/actor/lib/test/auto/SynchronizerDE.xml
----------------- Instantiating /home/travis/build/icyphy/ptII/ptolemy/actor/lib/test/auto/SynchronizerDE.xml
10 ms. Memory: 540672K Free: 273448K (51%)
----------------- Invoking toplevel() on ptolemy.moml.MoMLSimpleApplication@144ce42c
----------------- Done invoking toplevel() on ptolemy.moml.MoMLSimpleApplication@144ce42c
reloadAllAccessors: .SynchronizerDE

===========================================================================================
----------------- testing Fri Sep 20 05:48:24 UTC 2019 /home/travis/build/icyphy/ptII/ptolemy/actor/lib/test/auto/Test.xml
----------------- Instantiating /home/travis/build/icyphy/ptII/ptolemy/actor/lib/test/auto/Test.xml
11 ms. Memory: 540672K Free: 268328K (50%)
----------------- Invoking toplevel() on ptolemy.moml.MoMLSimpleApplication@1f546d49
----------------- Done invoking toplevel() on ptolemy.moml.MoMLSimpleApplication@1f546d49
reloadAllAccessors: .Test

===========================================================================================
----------------- testing Fri Sep 20 05:48:24 UTC 2019 /home/travis/build/icyphy/ptII/ptolemy/actor/lib/test/auto/TestExceptionAttribute1.xml
----------------- Instantiating /home/travis/build/icyphy/ptII/ptolemy/actor/lib/test/auto/TestExceptionAttribute1.xml
1 ms. Memory: 540672K Free: 264760K (49%)
----------------- Invoking toplevel() on ptolemy.moml.MoMLSimpleApplication@48bb616f
----------------- Done invoking toplevel() on ptolemy.moml.MoMLSimpleApplication@48bb616f
reloadAllAccessors: .TestExceptionAttribute1

===========================================================================================
----------------- testing Fri Sep 20 05:48:24 UTC 2019 /home/travis/build/icyphy/ptII/ptolemy/actor/lib/test/auto/TestExceptionAttribute2.xml
----------------- Instantiating /home/travis/build/icyphy/ptII/ptolemy/actor/lib/test/auto/TestExceptionAttribute2.xml
1 ms. Memory: 540672K Free: 261174K (48%)
----------------- Invoking toplevel() on ptolemy.moml.MoMLSimpleApplication@2e38c578
----------------- Done invoking toplevel() on ptolemy.moml.MoMLSimpleApplication@2e38c578
reloadAllAccessors: .TestExceptionAttribute2

===========================================================================================
----------------- testing Fri Sep 20 05:48:24 UTC 2019 /home/travis/build/icyphy/ptII/ptolemy/actor/lib/test/auto/TestExceptionAttribute3.xml
----------------- Instantiating /home/travis/build/icyphy/ptII/ptolemy/actor/lib/test/auto/TestExceptionAttribute3.xml
.TestExceptionAttribute3.TestExceptionAttribute: initialize() was not invoked, but wrapup() was.  This is unusual, but not always a problem.  For example, exporting JNLP will do this.
1 ms. Memory: 540672K Free: 257592K (48%)
----------------- Invoking toplevel() on ptolemy.moml.MoMLSimpleApplication@4876dcf0
----------------- Done invoking toplevel() on ptolemy.moml.MoMLSimpleApplication@4876dcf0
reloadAllAccessors: .TestExceptionAttribute3

===========================================================================================
----------------- testing Fri Sep 20 05:48:24 UTC 2019 /home/travis/build/icyphy/ptII/ptolemy/actor/lib/test/auto/TestExceptionAttribute4.xml
----------------- Instantiating /home/travis/build/icyphy/ptII/ptolemy/actor/lib/test/auto/TestExceptionAttribute4.xml
.TestExceptionAttribute4.TestExceptionAttribute: initialize() was not invoked, but wrapup() was.  This is unusual, but not always a problem.  For example, exporting JNLP will do this.
.TestExceptionAttribute4.TestExceptionAttribute2: initialize() was not invoked, but wrapup() was.  This is unusual, but not always a problem.  For example, exporting JNLP will do this.
1 ms. Memory: 540672K Free: 253496K (47%)
----------------- Invoking toplevel() on ptolemy.moml.MoMLSimpleApplication@16fde683
----------------- Done invoking toplevel() on ptolemy.moml.MoMLSimpleApplication@16fde683
reloadAllAccessors: .TestExceptionAttribute4

===========================================================================================
----------------- testing Fri Sep 20 05:48:24 UTC 2019 /home/travis/build/icyphy/ptII/ptolemy/actor/lib/test/auto/TestExceptionHandler1.xml
----------------- Instantiating /home/travis/build/icyphy/ptII/ptolemy/actor/lib/test/auto/TestExceptionHandler1.xml
1 ms. Memory: 540672K Free: 249910K (46%)
----------------- Invoking toplevel() on ptolemy.moml.MoMLSimpleApplication@45c66f31
----------------- Done invoking toplevel() on ptolemy.moml.MoMLSimpleApplication@45c66f31
reloadAllAccessors: .TestExceptionHandler1

===========================================================================================
----------------- testing Fri Sep 20 05:48:24 UTC 2019 /home/travis/build/icyphy/ptII/ptolemy/actor/lib/test/auto/TestExceptionHandler2.xml
----------------- Instantiating /home/travis/build/icyphy/ptII/ptolemy/actor/lib/test/auto/TestExceptionHandler2.xml
1 ms. Memory: 540672K Free: 245814K (45%)
----------------- Invoking toplevel() on ptolemy.moml.MoMLSimpleApplication@4014c8cc
----------------- Done invoking toplevel() on ptolemy.moml.MoMLSimpleApplication@4014c8cc
reloadAllAccessors: .TestExceptionHandler2

===========================================================================================
----------------- testing Fri Sep 20 05:48:24 UTC 2019 /home/travis/build/icyphy/ptII/ptolemy/actor/lib/test/auto/TestExceptionHandler3.xml
----------------- Instantiating /home/travis/build/icyphy/ptII/ptolemy/actor/lib/test/auto/TestExceptionHandler3.xml
0 ms. Memory: 540672K Free: 242232K (45%)
----------------- Invoking toplevel() on ptolemy.moml.MoMLSimpleApplication@7c36458f
----------------- Done invoking toplevel() on ptolemy.moml.MoMLSimpleApplication@7c36458f
reloadAllAccessors: .TestExceptionHandler3

===========================================================================================
----------------- testing Fri Sep 20 05:48:24 UTC 2019 /home/travis/build/icyphy/ptII/ptolemy/actor/lib/test/auto/TestExceptionHandler4.xml
----------------- Instantiating /home/travis/build/icyphy/ptII/ptolemy/actor/lib/test/auto/TestExceptionHandler4.xml
1 ms. Memory: 540672K Free: 238136K (44%)
----------------- Invoking toplevel() on ptolemy.moml.MoMLSimpleApplication@154ae610
----------------- Done invoking toplevel() on ptolemy.moml.MoMLSimpleApplication@154ae610
reloadAllAccessors: .TestExceptionHandler4

===========================================================================================
----------------- testing Fri Sep 20 05:48:24 UTC 2019 /home/travis/build/icyphy/ptII/ptolemy/actor/lib/test/auto/TestRequireCorrectOrder.xml
----------------- Instantiating /home/travis/build/icyphy/ptII/ptolemy/actor/lib/test/auto/TestRequireCorrectOrder.xml
2 ms. Memory: 540672K Free: 233016K (43%)
----------------- Invoking toplevel() on ptolemy.moml.MoMLSimpleApplication@437e84cf
----------------- Done invoking toplevel() on ptolemy.moml.MoMLSimpleApplication@437e84cf
reloadAllAccessors: .TestRequireCorrectOrder

===========================================================================================
----------------- testing Fri Sep 20 05:48:24 UTC 2019 /home/travis/build/icyphy/ptII/ptolemy/actor/lib/test/auto/TestSimple.xml
----------------- Instantiating /home/travis/build/icyphy/ptII/ptolemy/actor/lib/test/auto/TestSimple.xml
5 ms. Memory: 540672K Free: 228400K (42%)
----------------- Invoking toplevel() on ptolemy.moml.MoMLSimpleApplication@eb7db78
----------------- Done invoking toplevel() on ptolemy.moml.MoMLSimpleApplication@eb7db78
reloadAllAccessors: .TestSimple

===========================================================================================
----------------- testing Fri Sep 20 05:48:24 UTC 2019 /home/travis/build/icyphy/ptII/ptolemy/actor/lib/test/auto/ThrowModelError.xml
----------------- Instantiating /home/travis/build/icyphy/ptII/ptolemy/actor/lib/test/auto/ThrowModelError.xml
1 ms. Memory: 540672K Free: 223800K (41%)
----------------- Invoking toplevel() on ptolemy.moml.MoMLSimpleApplication@6cc0d92f
----------------- Done invoking toplevel() on ptolemy.moml.MoMLSimpleApplication@6cc0d92f
reloadAllAccessors: .ThrowModelError

===========================================================================================
----------------- testing Fri Sep 20 05:48:24 UTC 2019 /home/travis/build/icyphy/ptII/ptolemy/actor/lib/test/auto/TimeDelayMicrosteps.xml
----------------- Instantiating /home/travis/build/icyphy/ptII/ptolemy/actor/lib/test/auto/TimeDelayMicrosteps.xml
2 ms. Memory: 540672K Free: 217136K (40%)
----------------- Invoking toplevel() on ptolemy.moml.MoMLSimpleApplication@1f601324
----------------- Done invoking toplevel() on ptolemy.moml.MoMLSimpleApplication@1f601324
reloadAllAccessors: .TimeDelayMicrosteps

===========================================================================================
----------------- testing Fri Sep 20 05:48:24 UTC 2019 /home/travis/build/icyphy/ptII/ptolemy/actor/lib/test/auto/TimeDelayMicrosteps2.xml
----------------- Instantiating /home/travis/build/icyphy/ptII/ptolemy/actor/lib/test/auto/TimeDelayMicrosteps2.xml
3 ms. Memory: 540672K Free: 209464K (39%)
----------------- Invoking toplevel() on ptolemy.moml.MoMLSimpleApplication@7a3da2d3
----------------- Done invoking toplevel() on ptolemy.moml.MoMLSimpleApplication@7a3da2d3
reloadAllAccessors: .TimeDelayMicrosteps2

===========================================================================================
----------------- testing Fri Sep 20 05:48:24 UTC 2019 /home/travis/build/icyphy/ptII/ptolemy/actor/lib/test/auto/TimeDelayMicrosteps3.xml
----------------- Instantiating /home/travis/build/icyphy/ptII/ptolemy/actor/lib/test/auto/TimeDelayMicrosteps3.xml
3 ms. Memory: 540672K Free: 202776K (38%)
----------------- Invoking toplevel() on ptolemy.moml.MoMLSimpleApplication@6a3a9c22
----------------- Done invoking toplevel() on ptolemy.moml.MoMLSimpleApplication@6a3a9c22
reloadAllAccessors: .TimeDelayMicrosteps3

===========================================================================================
----------------- testing Fri Sep 20 05:48:24 UTC 2019 /home/travis/build/icyphy/ptII/ptolemy/actor/lib/test/auto/TimeDelayVariableMicrosteps.xml
----------------- Instantiating /home/travis/build/icyphy/ptII/ptolemy/actor/lib/test/auto/TimeDelayVariableMicrosteps.xml
4 ms. Memory: 540672K Free: 196152K (36%)
----------------- Invoking toplevel() on ptolemy.moml.MoMLSimpleApplication@7d051656
----------------- Done invoking toplevel() on ptolemy.moml.MoMLSimpleApplication@7d051656
reloadAllAccessors: .TimeDelayVariableMicrosteps

===========================================================================================
----------------- testing Fri Sep 20 05:48:24 UTC 2019 /home/travis/build/icyphy/ptII/ptolemy/actor/lib/test/auto/TimeGap.xml
----------------- Instantiating /home/travis/build/icyphy/ptII/ptolemy/actor/lib/test/auto/TimeGap.xml
16 ms. Memory: 540672K Free: 191032K (35%)
----------------- Invoking toplevel() on ptolemy.moml.MoMLSimpleApplication@24a61bfd
----------------- Done invoking toplevel() on ptolemy.moml.MoMLSimpleApplication@24a61bfd
reloadAllAccessors: .TimeGap

===========================================================================================
----------------- testing Fri Sep 20 05:48:24 UTC 2019 /home/travis/build/icyphy/ptII/ptolemy/actor/lib/test/auto/TimeGap2.xml
----------------- Instantiating /home/travis/build/icyphy/ptII/ptolemy/actor/lib/test/auto/TimeGap2.xml
2 ms. Memory: 540672K Free: 185392K (34%)
----------------- Invoking toplevel() on ptolemy.moml.MoMLSimpleApplication@12b16c50
----------------- Done invoking toplevel() on ptolemy.moml.MoMLSimpleApplication@12b16c50
reloadAllAccessors: .TimeGap2

===========================================================================================
----------------- testing Fri Sep 20 05:48:24 UTC 2019 /home/travis/build/icyphy/ptII/ptolemy/actor/lib/test/auto/TimedSinewave.xml
----------------- Instantiating /home/travis/build/icyphy/ptII/ptolemy/actor/lib/test/auto/TimedSinewave.xml
24 ms. Memory: 540672K Free: 171062K (32%)
----------------- Invoking toplevel() on ptolemy.moml.MoMLSimpleApplication@4eca61e5
----------------- Done invoking toplevel() on ptolemy.moml.MoMLSimpleApplication@4eca61e5
reloadAllAccessors: .TimedSinewave

===========================================================================================
----------------- testing Fri Sep 20 05:48:24 UTC 2019 /home/travis/build/icyphy/ptII/ptolemy/actor/lib/test/auto/TimedSinewavePhase.xml
----------------- Instantiating /home/travis/build/icyphy/ptII/ptolemy/actor/lib/test/auto/TimedSinewavePhase.xml
9 ms. Memory: 540672K Free: 480993K (89%)
----------------- Invoking toplevel() on ptolemy.moml.MoMLSimpleApplication@321d2c6b
----------------- Done invoking toplevel() on ptolemy.moml.MoMLSimpleApplication@321d2c6b
reloadAllAccessors: .TimedSinewavePhase

===========================================================================================
----------------- testing Fri Sep 20 05:48:24 UTC 2019 /home/travis/build/icyphy/ptII/ptolemy/actor/lib/test/auto/Timer.xml
----------------- Instantiating /home/travis/build/icyphy/ptII/ptolemy/actor/lib/test/auto/Timer.xml
2 ms. Memory: 540672K Free: 475363K (88%)
----------------- Invoking toplevel() on ptolemy.moml.MoMLSimpleApplication@48505b86
----------------- Done invoking toplevel() on ptolemy.moml.MoMLSimpleApplication@48505b86
reloadAllAccessors: .Timer

===========================================================================================
----------------- testing Fri Sep 20 05:48:24 UTC 2019 /home/travis/build/icyphy/ptII/ptolemy/actor/lib/test/auto/TriangularDistTestModel.xml
----------------- Instantiating /home/travis/build/icyphy/ptII/ptolemy/actor/lib/test/auto/TriangularDistTestModel.xml
2 ms. Memory: 540672K Free: 469715K (87%)
----------------- Invoking toplevel() on ptolemy.moml.MoMLSimpleApplication@79337c23
----------------- Done invoking toplevel() on ptolemy.moml.MoMLSimpleApplication@79337c23
reloadAllAccessors: .TriangularDistTestModel

===========================================================================================
----------------- testing Fri Sep 20 05:48:24 UTC 2019 /home/travis/build/icyphy/ptII/ptolemy/actor/lib/test/auto/TrigFunction.xml
----------------- Instantiating /home/travis/build/icyphy/ptII/ptolemy/actor/lib/test/auto/TrigFunction.xml
2 ms. Memory: 540672K Free: 465123K (86%)
----------------- Invoking toplevel() on ptolemy.moml.MoMLSimpleApplication@8507f15
----------------- Done invoking toplevel() on ptolemy.moml.MoMLSimpleApplication@8507f15
reloadAllAccessors: .TrigFunction

===========================================================================================
----------------- testing Fri Sep 20 05:48:24 UTC 2019 /home/travis/build/icyphy/ptII/ptolemy/actor/lib/test/auto/TrigFunctionDE.xml
----------------- Instantiating /home/travis/build/icyphy/ptII/ptolemy/actor/lib/test/auto/TrigFunctionDE.xml
2 ms. Memory: 540672K Free: 459489K (85%)
----------------- Invoking toplevel() on ptolemy.moml.MoMLSimpleApplication@142321b8
----------------- Done invoking toplevel() on ptolemy.moml.MoMLSimpleApplication@142321b8
reloadAllAccessors: .TrigFunctionDE

===========================================================================================
----------------- testing Fri Sep 20 05:48:24 UTC 2019 /home/travis/build/icyphy/ptII/ptolemy/actor/lib/test/auto/TrigFunctionInverse.xml
----------------- Instantiating /home/travis/build/icyphy/ptII/ptolemy/actor/lib/test/auto/TrigFunctionInverse.xml
2 ms. Memory: 540672K Free: 453859K (84%)
----------------- Invoking toplevel() on ptolemy.moml.MoMLSimpleApplication@5ad67242
----------------- Done invoking toplevel() on ptolemy.moml.MoMLSimpleApplication@5ad67242
reloadAllAccessors: .TrigFunctionInverse

===========================================================================================
----------------- testing Fri Sep 20 05:48:24 UTC 2019 /home/travis/build/icyphy/ptII/ptolemy/actor/lib/test/auto/TrigFunctionTan.xml
----------------- Instantiating /home/travis/build/icyphy/ptII/ptolemy/actor/lib/test/auto/TrigFunctionTan.xml
2 ms. Memory: 540672K Free: 449249K (83%)
----------------- Invoking toplevel() on ptolemy.moml.MoMLSimpleApplication@65959f7d
----------------- Done invoking toplevel() on ptolemy.moml.MoMLSimpleApplication@65959f7d
reloadAllAccessors: .TrigFunctionTan

===========================================================================================
----------------- testing Fri Sep 20 05:48:24 UTC 2019 /home/travis/build/icyphy/ptII/ptolemy/actor/lib/test/auto/TriggeredClock.xml
----------------- Instantiating /home/travis/build/icyphy/ptII/ptolemy/actor/lib/test/auto/TriggeredClock.xml
1 ms. Memory: 540672K Free: 444115K (82%)
----------------- Invoking toplevel() on ptolemy.moml.MoMLSimpleApplication@437e52e1
----------------- Done invoking toplevel() on ptolemy.moml.MoMLSimpleApplication@437e52e1
reloadAllAccessors: .TriggeredClock

===========================================================================================
----------------- testing Fri Sep 20 05:48:24 UTC 2019 /home/travis/build/icyphy/ptII/ptolemy/actor/lib/test/auto/URLDirectoryReader.xml
----------------- Instantiating /home/travis/build/icyphy/ptII/ptolemy/actor/lib/test/auto/URLDirectoryReader.xml
40 ms. Memory: 540672K Free: 434913K (80%)
----------------- Invoking toplevel() on ptolemy.moml.MoMLSimpleApplication@55420e2f
----------------- Done invoking toplevel() on ptolemy.moml.MoMLSimpleApplication@55420e2f
reloadAllAccessors: .URLDirectoryReader

===========================================================================================
----------------- testing Fri Sep 20 05:48:25 UTC 2019 /home/travis/build/icyphy/ptII/ptolemy/actor/lib/test/auto/URLDirectoryReader3.xml
----------------- Instantiating /home/travis/build/icyphy/ptII/ptolemy/actor/lib/test/auto/URLDirectoryReader3.xml
1128 ms. Memory: 540672K Free: 482476K (89%)
----------------- Invoking toplevel() on ptolemy.moml.MoMLSimpleApplication@73c224e8
----------------- Done invoking toplevel() on ptolemy.moml.MoMLSimpleApplication@73c224e8
reloadAllAccessors: .URLDirectoryReader3

===========================================================================================
----------------- testing Fri Sep 20 05:48:26 UTC 2019 /home/travis/build/icyphy/ptII/ptolemy/actor/lib/test/auto/UnaryMathFunction.xml
----------------- Instantiating /home/travis/build/icyphy/ptII/ptolemy/actor/lib/test/auto/UnaryMathFunction.xml
3 ms. Memory: 540672K Free: 474284K (88%)
----------------- Invoking toplevel() on ptolemy.moml.MoMLSimpleApplication@6726278b
----------------- Done invoking toplevel() on ptolemy.moml.MoMLSimpleApplication@6726278b
reloadAllAccessors: .UnaryMathFunction

===========================================================================================
----------------- testing Fri Sep 20 05:48:26 UTC 2019 /home/travis/build/icyphy/ptII/ptolemy/actor/lib/test/auto/Uniform.xml
----------------- Instantiating /home/travis/build/icyphy/ptII/ptolemy/actor/lib/test/auto/Uniform.xml
2 ms. Memory: 540672K Free: 469674K (87%)
----------------- Invoking toplevel() on ptolemy.moml.MoMLSimpleApplication@365ed552
----------------- Done invoking toplevel() on ptolemy.moml.MoMLSimpleApplication@365ed552
reloadAllAccessors: .Uniform

===========================================================================================
----------------- testing Fri Sep 20 05:48:26 UTC 2019 /home/travis/build/icyphy/ptII/ptolemy/actor/lib/test/auto/UnionDisassemblerTest.xml
----------------- Instantiating /home/travis/build/icyphy/ptII/ptolemy/actor/lib/test/auto/UnionDisassemblerTest.xml
25 ms. Memory: 540672K Free: 466092K (86%)
----------------- Invoking toplevel() on ptolemy.moml.MoMLSimpleApplication@5f1d643b
----------------- Done invoking toplevel() on ptolemy.moml.MoMLSimpleApplication@5f1d643b
reloadAllAccessors: .UnionDisassemblerTest

===========================================================================================
----------------- testing Fri Sep 20 05:48:26 UTC 2019 /home/travis/build/icyphy/ptII/ptolemy/actor/lib/test/auto/UtilityFunctions.xml
----------------- Instantiating /home/travis/build/icyphy/ptII/ptolemy/actor/lib/test/auto/UtilityFunctions.xml
1 ms. Memory: 540672K Free: 461996K (85%)
----------------- Invoking toplevel() on ptolemy.moml.MoMLSimpleApplication@24db74a0
----------------- Done invoking toplevel() on ptolemy.moml.MoMLSimpleApplication@24db74a0
reloadAllAccessors: .UtilityFunctions

===========================================================================================
----------------- testing Fri Sep 20 05:48:26 UTC 2019 /home/travis/build/icyphy/ptII/ptolemy/actor/lib/test/auto/VariableSleep.xml
----------------- Instantiating /home/travis/build/icyphy/ptII/ptolemy/actor/lib/test/auto/VariableSleep.xml
503 ms. Memory: 540672K Free: 456876K (85%)
----------------- Invoking toplevel() on ptolemy.moml.MoMLSimpleApplication@592bdb18
----------------- Done invoking toplevel() on ptolemy.moml.MoMLSimpleApplication@592bdb18
reloadAllAccessors: .VariableSleep

===========================================================================================
----------------- testing Fri Sep 20 05:48:27 UTC 2019 /home/travis/build/icyphy/ptII/ptolemy/actor/lib/test/auto/VectorAssemblerDisassemblerCT.xml
----------------- Instantiating /home/travis/build/icyphy/ptII/ptolemy/actor/lib/test/auto/VectorAssemblerDisassemblerCT.xml
83 ms. Memory: 540672K Free: 435882K (81%)
----------------- Invoking toplevel() on ptolemy.moml.MoMLSimpleApplication@128c2a88
----------------- Done invoking toplevel() on ptolemy.moml.MoMLSimpleApplication@128c2a88
reloadAllAccessors: .VectorAssemblerDisassemblerCT

===========================================================================================
----------------- testing Fri Sep 20 05:48:27 UTC 2019 /home/travis/build/icyphy/ptII/ptolemy/actor/lib/test/auto/VectorAssemblerDisassemblerDE.xml
----------------- Instantiating /home/travis/build/icyphy/ptII/ptolemy/actor/lib/test/auto/VectorAssemblerDisassemblerDE.xml
3 ms. Memory: 540672K Free: 428714K (79%)
----------------- Invoking toplevel() on ptolemy.moml.MoMLSimpleApplication@29c3cb90
----------------- Done invoking toplevel() on ptolemy.moml.MoMLSimpleApplication@29c3cb90
reloadAllAccessors: .VectorAssemblerDisassemblerDE

===========================================================================================
----------------- testing Fri Sep 20 05:48:27 UTC 2019 /home/travis/build/icyphy/ptII/ptolemy/actor/lib/test/auto/VectorAssemblerDisassemblerSDF.xml
----------------- Instantiating /home/travis/build/icyphy/ptII/ptolemy/actor/lib/test/auto/VectorAssemblerDisassemblerSDF.xml
2 ms. Memory: 540672K Free: 422060K (78%)
----------------- Invoking toplevel() on ptolemy.moml.MoMLSimpleApplication@73338d20
----------------- Done invoking toplevel() on ptolemy.moml.MoMLSimpleApplication@73338d20
reloadAllAccessors: .VectorAssemblerDisassemblerSDF

===========================================================================================
----------------- testing Fri Sep 20 05:48:27 UTC 2019 /home/travis/build/icyphy/ptII/ptolemy/actor/lib/test/auto/WallClockTime.xml
----------------- Instantiating /home/travis/build/icyphy/ptII/ptolemy/actor/lib/test/auto/WallClockTime.xml
1005 ms. Memory: 540672K Free: 416940K (77%)
----------------- Invoking toplevel() on ptolemy.moml.MoMLSimpleApplication@49f13750
----------------- Done invoking toplevel() on ptolemy.moml.MoMLSimpleApplication@49f13750
reloadAllAccessors: .WallClockTime

===========================================================================================
----------------- testing Fri Sep 20 05:48:28 UTC 2019 /home/travis/build/icyphy/ptII/ptolemy/actor/lib/test/auto/WidthTestWithSubscriberPublisher.xml
----------------- Instantiating /home/travis/build/icyphy/ptII/ptolemy/actor/lib/test/auto/WidthTestWithSubscriberPublisher.xml
7 ms. Memory: 540672K Free: 399018K (74%)
----------------- Invoking toplevel() on ptolemy.moml.MoMLSimpleApplication@4bb51885
----------------- Done invoking toplevel() on ptolemy.moml.MoMLSimpleApplication@4bb51885
reloadAllAccessors: .WidthTestWithSubscriberPublisher

===========================================================================================
----------------- testing Fri Sep 20 05:48:28 UTC 2019 /home/travis/build/icyphy/ptII/ptolemy/actor/lib/test/auto/WidthTestWithSubscriberPublisher2.xml
----------------- Instantiating /home/travis/build/icyphy/ptII/ptolemy/actor/lib/test/auto/WidthTestWithSubscriberPublisher2.xml
2 ms. Memory: 540672K Free: 391850K (72%)
----------------- Invoking toplevel() on ptolemy.moml.MoMLSimpleApplication@23f55b40
----------------- Done invoking toplevel() on ptolemy.moml.MoMLSimpleApplication@23f55b40
reloadAllAccessors: .WidthTestWithSubscriberPublisher2

===========================================================================================
----------------- testing Fri Sep 20 05:48:28 UTC 2019 /home/travis/build/icyphy/ptII/ptolemy/actor/lib/test/auto/WidthTestWithSubscriberPublisher3.xml
----------------- Instantiating /home/travis/build/icyphy/ptII/ptolemy/actor/lib/test/auto/WidthTestWithSubscriberPublisher3.xml
2 ms. Memory: 540672K Free: 385706K (71%)
----------------- Invoking toplevel() on ptolemy.moml.MoMLSimpleApplication@3597a6ed
----------------- Done invoking toplevel() on ptolemy.moml.MoMLSimpleApplication@3597a6ed
reloadAllAccessors: .WidthTestWithSubscriberPublisher3

===========================================================================================
----------------- testing Fri Sep 20 05:48:28 UTC 2019 /home/travis/build/icyphy/ptII/ptolemy/actor/lib/test/auto/Writer.xml
----------------- Instantiating /home/travis/build/icyphy/ptII/ptolemy/actor/lib/test/auto/Writer.xml
0
1
2
3
4
2 ms. Memory: 540672K Free: 381580K (71%)
----------------- Invoking toplevel() on ptolemy.moml.MoMLSimpleApplication@51fc501e
----------------- Done invoking toplevel() on ptolemy.moml.MoMLSimpleApplication@51fc501e
reloadAllAccessors: .Writer

===========================================================================================
----------------- testing Fri Sep 20 05:48:28 UTC 2019 /home/travis/build/icyphy/ptII/ptolemy/actor/lib/test/auto/array.xml
----------------- Instantiating /home/travis/build/icyphy/ptII/ptolemy/actor/lib/test/auto/array.xml
4 ms. Memory: 540672K Free: 377004K (70%)
----------------- Invoking toplevel() on ptolemy.moml.MoMLSimpleApplication@1ddc1360
----------------- Done invoking toplevel() on ptolemy.moml.MoMLSimpleApplication@1ddc1360
reloadAllAccessors: .array

===========================================================================================
----------------- testing Fri Sep 20 05:48:28 UTC 2019 /home/travis/build/icyphy/ptII/ptolemy/actor/lib/test/auto/array2.xml
----------------- Instantiating /home/travis/build/icyphy/ptII/ptolemy/actor/lib/test/auto/array2.xml
12 ms. Memory: 540672K Free: 371884K (69%)
----------------- Invoking toplevel() on ptolemy.moml.MoMLSimpleApplication@1e06c2cc
----------------- Done invoking toplevel() on ptolemy.moml.MoMLSimpleApplication@1e06c2cc
reloadAllAccessors: .array2

===========================================================================================
----------------- testing Fri Sep 20 05:48:28 UTC 2019 /home/travis/build/icyphy/ptII/ptolemy/actor/lib/test/auto/arrayType.xml
----------------- Instantiating /home/travis/build/icyphy/ptII/ptolemy/actor/lib/test/auto/arrayType.xml
2 ms. Memory: 540672K Free: 366764K (68%)
----------------- Invoking toplevel() on ptolemy.moml.MoMLSimpleApplication@323b4b86
----------------- Done invoking toplevel() on ptolemy.moml.MoMLSimpleApplication@323b4b86
reloadAllAccessors: .arrayType

===========================================================================================
----------------- testing Fri Sep 20 05:48:28 UTC 2019 /home/travis/build/icyphy/ptII/ptolemy/actor/lib/test/auto/arrayType10.xml
----------------- Instantiating /home/travis/build/icyphy/ptII/ptolemy/actor/lib/test/auto/arrayType10.xml
2 ms. Memory: 540672K Free: 362154K (67%)
----------------- Invoking toplevel() on ptolemy.moml.MoMLSimpleApplication@40b178ae
----------------- Done invoking toplevel() on ptolemy.moml.MoMLSimpleApplication@40b178ae
reloadAllAccessors: .arrayType10

===========================================================================================
----------------- testing Fri Sep 20 05:48:28 UTC 2019 /home/travis/build/icyphy/ptII/ptolemy/actor/lib/test/auto/arrayType11.xml
----------------- Instantiating /home/travis/build/icyphy/ptII/ptolemy/actor/lib/test/auto/arrayType11.xml
2 ms. Memory: 540672K Free: 357548K (66%)
----------------- Invoking toplevel() on ptolemy.moml.MoMLSimpleApplication@5b3f2f14
----------------- Done invoking toplevel() on ptolemy.moml.MoMLSimpleApplication@5b3f2f14
reloadAllAccessors: .arrayType11

===========================================================================================
----------------- testing Fri Sep 20 05:48:28 UTC 2019 /home/travis/build/icyphy/ptII/ptolemy/actor/lib/test/auto/arrayType12.xml
----------------- Instantiating /home/travis/build/icyphy/ptII/ptolemy/actor/lib/test/auto/arrayType12.xml
1 ms. Memory: 540672K Free: 352428K (65%)
----------------- Invoking toplevel() on ptolemy.moml.MoMLSimpleApplication@629ed7af
----------------- Done invoking toplevel() on ptolemy.moml.MoMLSimpleApplication@629ed7af
reloadAllAccessors: .arrayType12

===========================================================================================
----------------- testing Fri Sep 20 05:48:28 UTC 2019 /home/travis/build/icyphy/ptII/ptolemy/actor/lib/test/auto/arrayType13.xml
----------------- Instantiating /home/travis/build/icyphy/ptII/ptolemy/actor/lib/test/auto/arrayType13.xml
2 ms. Memory: 540672K Free: 347308K (64%)
----------------- Invoking toplevel() on ptolemy.moml.MoMLSimpleApplication@4aaf603e
----------------- Done invoking toplevel() on ptolemy.moml.MoMLSimpleApplication@4aaf603e
reloadAllAccessors: .arrayType13

===========================================================================================
----------------- testing Fri Sep 20 05:48:28 UTC 2019 /home/travis/build/icyphy/ptII/ptolemy/actor/lib/test/auto/arrayType14.xml
----------------- Instantiating /home/travis/build/icyphy/ptII/ptolemy/actor/lib/test/auto/arrayType14.xml
1 ms. Memory: 540672K Free: 342188K (63%)
----------------- Invoking toplevel() on ptolemy.moml.MoMLSimpleApplication@46a5a354
----------------- Done invoking toplevel() on ptolemy.moml.MoMLSimpleApplication@46a5a354
reloadAllAccessors: .arrayType14

===========================================================================================
----------------- testing Fri Sep 20 05:48:28 UTC 2019 /home/travis/build/icyphy/ptII/ptolemy/actor/lib/test/auto/arrayType15.xml
----------------- Instantiating /home/travis/build/icyphy/ptII/ptolemy/actor/lib/test/auto/arrayType15.xml
3 ms. Memory: 540672K Free: 337068K (62%)
----------------- Invoking toplevel() on ptolemy.moml.MoMLSimpleApplication@4b46bc41
----------------- Done invoking toplevel() on ptolemy.moml.MoMLSimpleApplication@4b46bc41
reloadAllAccessors: .arrayType15

===========================================================================================
----------------- testing Fri Sep 20 05:48:28 UTC 2019 /home/travis/build/icyphy/ptII/ptolemy/actor/lib/test/auto/arrayType16.xml
----------------- Instantiating /home/travis/build/icyphy/ptII/ptolemy/actor/lib/test/auto/arrayType16.xml
1 ms. Memory: 540672K Free: 331434K (61%)
----------------- Invoking toplevel() on ptolemy.moml.MoMLSimpleApplication@65ef322e
----------------- Done invoking toplevel() on ptolemy.moml.MoMLSimpleApplication@65ef322e
reloadAllAccessors: .arrayType16

===========================================================================================
----------------- testing Fri Sep 20 05:48:28 UTC 2019 /home/travis/build/icyphy/ptII/ptolemy/actor/lib/test/auto/arrayType17.xml
----------------- Instantiating /home/travis/build/icyphy/ptII/ptolemy/actor/lib/test/auto/arrayType17.xml
2 ms. Memory: 540672K Free: 326314K (60%)
----------------- Invoking toplevel() on ptolemy.moml.MoMLSimpleApplication@7b21fd25
----------------- Done invoking toplevel() on ptolemy.moml.MoMLSimpleApplication@7b21fd25
reloadAllAccessors: .arrayType17

===========================================================================================
----------------- testing Fri Sep 20 05:48:28 UTC 2019 /home/travis/build/icyphy/ptII/ptolemy/actor/lib/test/auto/arrayType18.xml
----------------- Instantiating /home/travis/build/icyphy/ptII/ptolemy/actor/lib/test/auto/arrayType18.xml
1 ms. Memory: 540672K Free: 321708K (60%)
----------------- Invoking toplevel() on ptolemy.moml.MoMLSimpleApplication@51eac9c9
----------------- Done invoking toplevel() on ptolemy.moml.MoMLSimpleApplication@51eac9c9
reloadAllAccessors: .arrayType18

===========================================================================================
----------------- testing Fri Sep 20 05:48:28 UTC 2019 /home/travis/build/icyphy/ptII/ptolemy/actor/lib/test/auto/arrayType19.xml
----------------- Instantiating /home/travis/build/icyphy/ptII/ptolemy/actor/lib/test/auto/arrayType19.xml
2 ms. Memory: 540672K Free: 317098K (59%)
----------------- Invoking toplevel() on ptolemy.moml.MoMLSimpleApplication@273de7a1
----------------- Done invoking toplevel() on ptolemy.moml.MoMLSimpleApplication@273de7a1
reloadAllAccessors: .arrayType19

===========================================================================================
----------------- testing Fri Sep 20 05:48:28 UTC 2019 /home/travis/build/icyphy/ptII/ptolemy/actor/lib/test/auto/arrayType2.xml
----------------- Instantiating /home/travis/build/icyphy/ptII/ptolemy/actor/lib/test/auto/arrayType2.xml
2 ms. Memory: 540672K Free: 311468K (58%)
----------------- Invoking toplevel() on ptolemy.moml.MoMLSimpleApplication@5e4db58d
----------------- Done invoking toplevel() on ptolemy.moml.MoMLSimpleApplication@5e4db58d
reloadAllAccessors: .arrayType2

===========================================================================================
----------------- testing Fri Sep 20 05:48:28 UTC 2019 /home/travis/build/icyphy/ptII/ptolemy/actor/lib/test/auto/arrayType20.xml
----------------- Instantiating /home/travis/build/icyphy/ptII/ptolemy/actor/lib/test/auto/arrayType20.xml
1 ms. Memory: 540672K Free: 306858K (57%)
----------------- Invoking toplevel() on ptolemy.moml.MoMLSimpleApplication@73714e09
----------------- Done invoking toplevel() on ptolemy.moml.MoMLSimpleApplication@73714e09
reloadAllAccessors: .arrayType20

===========================================================================================
----------------- testing Fri Sep 20 05:48:28 UTC 2019 /home/travis/build/icyphy/ptII/ptolemy/actor/lib/test/auto/arrayType21.xml
----------------- Instantiating /home/travis/build/icyphy/ptII/ptolemy/actor/lib/test/auto/arrayType21.xml
2 ms. Memory: 540672K Free: 302252K (56%)
----------------- Invoking toplevel() on ptolemy.moml.MoMLSimpleApplication@3cb5b90c
----------------- Done invoking toplevel() on ptolemy.moml.MoMLSimpleApplication@3cb5b90c
reloadAllAccessors: .arrayType21

===========================================================================================
----------------- testing Fri Sep 20 05:48:28 UTC 2019 /home/travis/build/icyphy/ptII/ptolemy/actor/lib/test/auto/arrayType22.xml
----------------- Instantiating /home/travis/build/icyphy/ptII/ptolemy/actor/lib/test/auto/arrayType22.xml
1 ms. Memory: 540672K Free: 297132K (55%)
----------------- Invoking toplevel() on ptolemy.moml.MoMLSimpleApplication@5e3e7fa5
----------------- Done invoking toplevel() on ptolemy.moml.MoMLSimpleApplication@5e3e7fa5
reloadAllAccessors: .arrayType22

===========================================================================================
----------------- testing Fri Sep 20 05:48:28 UTC 2019 /home/travis/build/icyphy/ptII/ptolemy/actor/lib/test/auto/arrayType23.xml
----------------- Instantiating /home/travis/build/icyphy/ptII/ptolemy/actor/lib/test/auto/arrayType23.xml
2 ms. Memory: 540672K Free: 292522K (54%)
----------------- Invoking toplevel() on ptolemy.moml.MoMLSimpleApplication@13606aa4
----------------- Done invoking toplevel() on ptolemy.moml.MoMLSimpleApplication@13606aa4
reloadAllAccessors: .arrayType23

===========================================================================================
----------------- testing Fri Sep 20 05:48:28 UTC 2019 /home/travis/build/icyphy/ptII/ptolemy/actor/lib/test/auto/arrayType24.xml
----------------- Instantiating /home/travis/build/icyphy/ptII/ptolemy/actor/lib/test/auto/arrayType24.xml
1 ms. Memory: 540672K Free: 287916K (53%)
----------------- Invoking toplevel() on ptolemy.moml.MoMLSimpleApplication@76902cb0
----------------- Done invoking toplevel() on ptolemy.moml.MoMLSimpleApplication@76902cb0
reloadAllAccessors: .arrayType24

===========================================================================================
----------------- testing Fri Sep 20 05:48:28 UTC 2019 /home/travis/build/icyphy/ptII/ptolemy/actor/lib/test/auto/arrayType25.xml
----------------- Instantiating /home/travis/build/icyphy/ptII/ptolemy/actor/lib/test/auto/arrayType25.xml
1 ms. Memory: 540672K Free: 282796K (52%)
----------------- Invoking toplevel() on ptolemy.moml.MoMLSimpleApplication@2d8a7b72
----------------- Done invoking toplevel() on ptolemy.moml.MoMLSimpleApplication@2d8a7b72
reloadAllAccessors: .arrayType25

===========================================================================================
----------------- testing Fri Sep 20 05:48:28 UTC 2019 /home/travis/build/icyphy/ptII/ptolemy/actor/lib/test/auto/arrayType26.xml
----------------- Instantiating /home/travis/build/icyphy/ptII/ptolemy/actor/lib/test/auto/arrayType26.xml
1 ms. Memory: 540672K Free: 277162K (51%)
----------------- Invoking toplevel() on ptolemy.moml.MoMLSimpleApplication@699d91b5
----------------- Done invoking toplevel() on ptolemy.moml.MoMLSimpleApplication@699d91b5
reloadAllAccessors: .arrayType26

===========================================================================================
----------------- testing Fri Sep 20 05:48:28 UTC 2019 /home/travis/build/icyphy/ptII/ptolemy/actor/lib/test/auto/arrayType27.xml
----------------- Instantiating /home/travis/build/icyphy/ptII/ptolemy/actor/lib/test/auto/arrayType27.xml
3 ms. Memory: 540672K Free: 272042K (50%)
----------------- Invoking toplevel() on ptolemy.moml.MoMLSimpleApplication@5251f5f0
----------------- Done invoking toplevel() on ptolemy.moml.MoMLSimpleApplication@5251f5f0
reloadAllAccessors: .arrayType27

===========================================================================================
----------------- testing Fri Sep 20 05:48:28 UTC 2019 /home/travis/build/icyphy/ptII/ptolemy/actor/lib/test/auto/arrayType28.xml
----------------- Instantiating /home/travis/build/icyphy/ptII/ptolemy/actor/lib/test/auto/arrayType28.xml
1 ms. Memory: 540672K Free: 266922K (49%)
----------------- Invoking toplevel() on ptolemy.moml.MoMLSimpleApplication@34c370f2
----------------- Done invoking toplevel() on ptolemy.moml.MoMLSimpleApplication@34c370f2
reloadAllAccessors: .arrayType28

===========================================================================================
----------------- testing Fri Sep 20 05:48:28 UTC 2019 /home/travis/build/icyphy/ptII/ptolemy/actor/lib/test/auto/arrayType3.xml
----------------- Instantiating /home/travis/build/icyphy/ptII/ptolemy/actor/lib/test/auto/arrayType3.xml
6 ms. Memory: 540672K Free: 261292K (48%)
----------------- Invoking toplevel() on ptolemy.moml.MoMLSimpleApplication@70b5b2dd
----------------- Done invoking toplevel() on ptolemy.moml.MoMLSimpleApplication@70b5b2dd
reloadAllAccessors: .arrayType3

===========================================================================================
----------------- testing Fri Sep 20 05:48:28 UTC 2019 /home/travis/build/icyphy/ptII/ptolemy/actor/lib/test/auto/arrayType4.xml
----------------- Instantiating /home/travis/build/icyphy/ptII/ptolemy/actor/lib/test/auto/arrayType4.xml
2 ms. Memory: 540672K Free: 256172K (47%)
----------------- Invoking toplevel() on ptolemy.moml.MoMLSimpleApplication@3c556eba
----------------- Done invoking toplevel() on ptolemy.moml.MoMLSimpleApplication@3c556eba
reloadAllAccessors: .arrayType4

===========================================================================================
----------------- testing Fri Sep 20 05:48:28 UTC 2019 /home/travis/build/icyphy/ptII/ptolemy/actor/lib/test/auto/arrayType5.xml
----------------- Instantiating /home/travis/build/icyphy/ptII/ptolemy/actor/lib/test/auto/arrayType5.xml
1 ms. Memory: 540672K Free: 251052K (46%)
----------------- Invoking toplevel() on ptolemy.moml.MoMLSimpleApplication@1e85b71d
----------------- Done invoking toplevel() on ptolemy.moml.MoMLSimpleApplication@1e85b71d
reloadAllAccessors: .arrayType5

===========================================================================================
----------------- testing Fri Sep 20 05:48:28 UTC 2019 /home/travis/build/icyphy/ptII/ptolemy/actor/lib/test/auto/arrayType6.xml
----------------- Instantiating /home/travis/build/icyphy/ptII/ptolemy/actor/lib/test/auto/arrayType6.xml
2 ms. Memory: 540672K Free: 246442K (46%)
----------------- Invoking toplevel() on ptolemy.moml.MoMLSimpleApplication@503c574e
----------------- Done invoking toplevel() on ptolemy.moml.MoMLSimpleApplication@503c574e
reloadAllAccessors: .arrayType6

===========================================================================================
----------------- testing Fri Sep 20 05:48:28 UTC 2019 /home/travis/build/icyphy/ptII/ptolemy/actor/lib/test/auto/arrayType7.xml
----------------- Instantiating /home/travis/build/icyphy/ptII/ptolemy/actor/lib/test/auto/arrayType7.xml
7 ms. Memory: 540672K Free: 241322K (45%)
----------------- Invoking toplevel() on ptolemy.moml.MoMLSimpleApplication@3a2c4012
----------------- Done invoking toplevel() on ptolemy.moml.MoMLSimpleApplication@3a2c4012
reloadAllAccessors: .arrayType7

===========================================================================================
----------------- testing Fri Sep 20 05:48:28 UTC 2019 /home/travis/build/icyphy/ptII/ptolemy/actor/lib/test/auto/arrayType8.xml
----------------- Instantiating /home/travis/build/icyphy/ptII/ptolemy/actor/lib/test/auto/arrayType8.xml
1 ms. Memory: 540672K Free: 236716K (44%)
----------------- Invoking toplevel() on ptolemy.moml.MoMLSimpleApplication@4b9e8c11
----------------- Done invoking toplevel() on ptolemy.moml.MoMLSimpleApplication@4b9e8c11
reloadAllAccessors: .arrayType8

===========================================================================================
----------------- testing Fri Sep 20 05:48:28 UTC 2019 /home/travis/build/icyphy/ptII/ptolemy/actor/lib/test/auto/arrayType9.xml
----------------- Instantiating /home/travis/build/icyphy/ptII/ptolemy/actor/lib/test/auto/arrayType9.xml
1 ms. Memory: 540672K Free: 232106K (43%)
----------------- Invoking toplevel() on ptolemy.moml.MoMLSimpleApplication@5421fff8
----------------- Done invoking toplevel() on ptolemy.moml.MoMLSimpleApplication@5421fff8
reloadAllAccessors: .arrayType9

===========================================================================================
----------------- testing Fri Sep 20 05:48:28 UTC 2019 /home/travis/build/icyphy/ptII/ptolemy/actor/lib/test/auto/cast.xml
----------------- Instantiating /home/travis/build/icyphy/ptII/ptolemy/actor/lib/test/auto/cast.xml
13 ms. Memory: 540672K Free: 226986K (42%)
----------------- Invoking toplevel() on ptolemy.moml.MoMLSimpleApplication@1e335c00
----------------- Done invoking toplevel() on ptolemy.moml.MoMLSimpleApplication@1e335c00
reloadAllAccessors: .cast

===========================================================================================
----------------- testing Fri Sep 20 05:48:28 UTC 2019 /home/travis/build/icyphy/ptII/ptolemy/actor/lib/test/auto/compositeMultiPort.xml
----------------- Instantiating /home/travis/build/icyphy/ptII/ptolemy/actor/lib/test/auto/compositeMultiPort.xml
3 ms. Memory: 540672K Free: 218284K (40%)
----------------- Invoking toplevel() on ptolemy.moml.MoMLSimpleApplication@7e2282ad
----------------- Done invoking toplevel() on ptolemy.moml.MoMLSimpleApplication@7e2282ad
reloadAllAccessors: .compositeMultiPort

===========================================================================================
----------------- testing Fri Sep 20 05:48:28 UTC 2019 /home/travis/build/icyphy/ptII/ptolemy/actor/lib/test/auto/expressionCastInference.xml
----------------- Instantiating /home/travis/build/icyphy/ptII/ptolemy/actor/lib/test/auto/expressionCastInference.xml
3 ms. Memory: 540672K Free: 213674K (40%)
----------------- Invoking toplevel() on ptolemy.moml.MoMLSimpleApplication@8e00a61
----------------- Done invoking toplevel() on ptolemy.moml.MoMLSimpleApplication@8e00a61
reloadAllAccessors: .expressionCastInference

===========================================================================================
----------------- testing Fri Sep 20 05:48:28 UTC 2019 /home/travis/build/icyphy/ptII/ptolemy/actor/lib/test/auto/expressionCastInference2.xml
----------------- Instantiating /home/travis/build/icyphy/ptII/ptolemy/actor/lib/test/auto/expressionCastInference2.xml
2 ms. Memory: 540672K Free: 208554K (39%)
----------------- Invoking toplevel() on ptolemy.moml.MoMLSimpleApplication@64153868
----------------- Done invoking toplevel() on ptolemy.moml.MoMLSimpleApplication@64153868
reloadAllAccessors: .expressionCastInference2

===========================================================================================
----------------- testing Fri Sep 20 05:48:28 UTC 2019 /home/travis/build/icyphy/ptII/ptolemy/actor/lib/test/auto/expressionInference.xml
----------------- Instantiating /home/travis/build/icyphy/ptII/ptolemy/actor/lib/test/auto/expressionInference.xml
2 ms. Memory: 540672K Free: 204458K (38%)
----------------- Invoking toplevel() on ptolemy.moml.MoMLSimpleApplication@10e68572
----------------- Done invoking toplevel() on ptolemy.moml.MoMLSimpleApplication@10e68572
reloadAllAccessors: .expressionInference

===========================================================================================
----------------- testing Fri Sep 20 05:48:28 UTC 2019 /home/travis/build/icyphy/ptII/ptolemy/actor/lib/test/auto/expression_bug.xml
----------------- Instantiating /home/travis/build/icyphy/ptII/ptolemy/actor/lib/test/auto/expression_bug.xml
1 ms. Memory: 540672K Free: 485034K (90%)
----------------- Invoking toplevel() on ptolemy.moml.MoMLSimpleApplication@4a7eb305
----------------- Done invoking toplevel() on ptolemy.moml.MoMLSimpleApplication@4a7eb305
reloadAllAccessors: .expression_bug

===========================================================================================
----------------- testing Fri Sep 20 05:48:28 UTC 2019 /home/travis/build/icyphy/ptII/ptolemy/actor/lib/test/auto/factorial.xml
----------------- Instantiating /home/travis/build/icyphy/ptII/ptolemy/actor/lib/test/auto/factorial.xml
53 ms. Memory: 540672K Free: 476332K (88%)
----------------- Invoking toplevel() on ptolemy.moml.MoMLSimpleApplication@13cfc11
----------------- Done invoking toplevel() on ptolemy.moml.MoMLSimpleApplication@13cfc11
reloadAllAccessors: .factorial

===========================================================================================
----------------- testing Fri Sep 20 05:48:29 UTC 2019 /home/travis/build/icyphy/ptII/ptolemy/actor/lib/test/auto/filterTest1.xml
----------------- Instantiating /home/travis/build/icyphy/ptII/ptolemy/actor/lib/test/auto/filterTest1.xml
8 ms. Memory: 540672K Free: 470684K (87%)
----------------- Invoking toplevel() on ptolemy.moml.MoMLSimpleApplication@324a3267
----------------- Done invoking toplevel() on ptolemy.moml.MoMLSimpleApplication@324a3267
reloadAllAccessors: .filterTest1

===========================================================================================
----------------- testing Fri Sep 20 05:48:29 UTC 2019 /home/travis/build/icyphy/ptII/ptolemy/actor/lib/test/auto/funcApplyInConst.xml
----------------- Instantiating /home/travis/build/icyphy/ptII/ptolemy/actor/lib/test/auto/funcApplyInConst.xml
1 ms. Memory: 540672K Free: 467116K (86%)
----------------- Invoking toplevel() on ptolemy.moml.MoMLSimpleApplication@7d19c290
----------------- Done invoking toplevel() on ptolemy.moml.MoMLSimpleApplication@7d19c290
reloadAllAccessors: .funcApplyInConst

===========================================================================================
----------------- testing Fri Sep 20 05:48:29 UTC 2019 /home/travis/build/icyphy/ptII/ptolemy/actor/lib/test/auto/funcApplyInExpr.xml
----------------- Instantiating /home/travis/build/icyphy/ptII/ptolemy/actor/lib/test/auto/funcApplyInExpr.xml
1 ms. Memory: 540672K Free: 463020K (86%)
----------------- Invoking toplevel() on ptolemy.moml.MoMLSimpleApplication@3ae900b7
----------------- Done invoking toplevel() on ptolemy.moml.MoMLSimpleApplication@3ae900b7
reloadAllAccessors: .funcApplyInExpr

===========================================================================================
----------------- testing Fri Sep 20 05:48:29 UTC 2019 /home/travis/build/icyphy/ptII/ptolemy/actor/lib/test/auto/function.xml
----------------- Instantiating /home/travis/build/icyphy/ptII/ptolemy/actor/lib/test/auto/function.xml
4 ms. Memory: 540672K Free: 458410K (85%)
----------------- Invoking toplevel() on ptolemy.moml.MoMLSimpleApplication@519a2c30
----------------- Done invoking toplevel() on ptolemy.moml.MoMLSimpleApplication@519a2c30
reloadAllAccessors: .function

===========================================================================================
----------------- testing Fri Sep 20 05:48:29 UTC 2019 /home/travis/build/icyphy/ptII/ptolemy/actor/lib/test/auto/function2.xml
----------------- Instantiating /home/travis/build/icyphy/ptII/ptolemy/actor/lib/test/auto/function2.xml
2 ms. Memory: 540672K Free: 453804K (84%)
----------------- Invoking toplevel() on ptolemy.moml.MoMLSimpleApplication@6cbbfd1
----------------- Done invoking toplevel() on ptolemy.moml.MoMLSimpleApplication@6cbbfd1
reloadAllAccessors: .function2

===========================================================================================
----------------- testing Fri Sep 20 05:48:29 UTC 2019 /home/travis/build/icyphy/ptII/ptolemy/actor/lib/test/auto/function3.xml
----------------- Instantiating /home/travis/build/icyphy/ptII/ptolemy/actor/lib/test/auto/function3.xml
2 ms. Memory: 540672K Free: 449708K (83%)
----------------- Invoking toplevel() on ptolemy.moml.MoMLSimpleApplication@8625ae4
----------------- Done invoking toplevel() on ptolemy.moml.MoMLSimpleApplication@8625ae4
reloadAllAccessors: .function3

===========================================================================================
----------------- testing Fri Sep 20 05:48:29 UTC 2019 /home/travis/build/icyphy/ptII/ptolemy/actor/lib/test/auto/functionClosureTest1.xml
----------------- Instantiating /home/travis/build/icyphy/ptII/ptolemy/actor/lib/test/auto/functionClosureTest1.xml
2 ms. Memory: 540672K Free: 444074K (82%)
----------------- Invoking toplevel() on ptolemy.moml.MoMLSimpleApplication@7606db2c
----------------- Done invoking toplevel() on ptolemy.moml.MoMLSimpleApplication@7606db2c
reloadAllAccessors: .functionClosureTest1

===========================================================================================
----------------- testing Fri Sep 20 05:48:29 UTC 2019 /home/travis/build/icyphy/ptII/ptolemy/actor/lib/test/auto/functionClosureTest2.xml
----------------- Instantiating /home/travis/build/icyphy/ptII/ptolemy/actor/lib/test/auto/functionClosureTest2.xml
1 ms. Memory: 540672K Free: 440492K (81%)
----------------- Invoking toplevel() on ptolemy.moml.MoMLSimpleApplication@6cf45142
----------------- Done invoking toplevel() on ptolemy.moml.MoMLSimpleApplication@6cf45142
reloadAllAccessors: .functionClosureTest2

===========================================================================================
----------------- testing Fri Sep 20 05:48:29 UTC 2019 /home/travis/build/icyphy/ptII/ptolemy/actor/lib/test/auto/functionClosureTest3.xml
----------------- Instantiating /home/travis/build/icyphy/ptII/ptolemy/actor/lib/test/auto/functionClosureTest3.xml
2 ms. Memory: 540672K Free: 434858K (80%)
----------------- Invoking toplevel() on ptolemy.moml.MoMLSimpleApplication@37b95b85
----------------- Done invoking toplevel() on ptolemy.moml.MoMLSimpleApplication@37b95b85
reloadAllAccessors: .functionClosureTest3

===========================================================================================
----------------- testing Fri Sep 20 05:48:29 UTC 2019 /home/travis/build/icyphy/ptII/ptolemy/actor/lib/test/auto/functionClosureTest4.xml
----------------- Instantiating /home/travis/build/icyphy/ptII/ptolemy/actor/lib/test/auto/functionClosureTest4.xml
3 ms. Memory: 540672K Free: 428714K (79%)
----------------- Invoking toplevel() on ptolemy.moml.MoMLSimpleApplication@50ac6cab
----------------- Done invoking toplevel() on ptolemy.moml.MoMLSimpleApplication@50ac6cab
reloadAllAccessors: .functionClosureTest4

===========================================================================================
----------------- testing Fri Sep 20 05:48:29 UTC 2019 /home/travis/build/icyphy/ptII/ptolemy/actor/lib/test/auto/functionClosureTest5.xml
----------------- Instantiating /home/travis/build/icyphy/ptII/ptolemy/actor/lib/test/auto/functionClosureTest5.xml
4 ms. Memory: 540672K Free: 423084K (78%)
----------------- Invoking toplevel() on ptolemy.moml.MoMLSimpleApplication@a7a5f09
----------------- Done invoking toplevel() on ptolemy.moml.MoMLSimpleApplication@a7a5f09
reloadAllAccessors: .functionClosureTest5

===========================================================================================
----------------- testing Fri Sep 20 05:48:29 UTC 2019 /home/travis/build/icyphy/ptII/ptolemy/actor/lib/test/auto/functionClosureTest6.xml
----------------- Instantiating /home/travis/build/icyphy/ptII/ptolemy/actor/lib/test/auto/functionClosureTest6.xml
1 ms. Memory: 540672K Free: 418468K (77%)
----------------- Invoking toplevel() on ptolemy.moml.MoMLSimpleApplication@577d2814
----------------- Done invoking toplevel() on ptolemy.moml.MoMLSimpleApplication@577d2814
reloadAllAccessors: .functionClosureTest6

===========================================================================================
----------------- testing Fri Sep 20 05:48:29 UTC 2019 /home/travis/build/icyphy/ptII/ptolemy/actor/lib/test/auto/functionsOnArcs.xml
----------------- Instantiating /home/travis/build/icyphy/ptII/ptolemy/actor/lib/test/auto/functionsOnArcs.xml
4 ms. Memory: 540672K Free: 413354K (76%)
----------------- Invoking toplevel() on ptolemy.moml.MoMLSimpleApplication@559eee47
----------------- Done invoking toplevel() on ptolemy.moml.MoMLSimpleApplication@559eee47
reloadAllAccessors: .functionsOnArcs

===========================================================================================
----------------- testing Fri Sep 20 05:48:29 UTC 2019 /home/travis/build/icyphy/ptII/ptolemy/actor/lib/test/auto/functionsOnArcsHOF.xml
----------------- Instantiating /home/travis/build/icyphy/ptII/ptolemy/actor/lib/test/auto/functionsOnArcsHOF.xml
4 ms. Memory: 540672K Free: 407210K (75%)
----------------- Invoking toplevel() on ptolemy.moml.MoMLSimpleApplication@541ac911
----------------- Done invoking toplevel() on ptolemy.moml.MoMLSimpleApplication@541ac911
reloadAllAccessors: .functionsOnArcsHOF

===========================================================================================
----------------- testing Fri Sep 20 05:48:29 UTC 2019 /home/travis/build/icyphy/ptII/ptolemy/actor/lib/test/auto/logic.xml
----------------- Instantiating /home/travis/build/icyphy/ptII/ptolemy/actor/lib/test/auto/logic.xml
2 ms. Memory: 540672K Free: 400042K (74%)
----------------- Invoking toplevel() on ptolemy.moml.MoMLSimpleApplication@b2e504a
----------------- Done invoking toplevel() on ptolemy.moml.MoMLSimpleApplication@b2e504a
reloadAllAccessors: .logic

===========================================================================================
----------------- testing Fri Sep 20 05:48:29 UTC 2019 /home/travis/build/icyphy/ptII/ptolemy/actor/lib/test/auto/matrixType.xml
----------------- Instantiating /home/travis/build/icyphy/ptII/ptolemy/actor/lib/test/auto/matrixType.xml
1 ms. Memory: 540672K Free: 394922K (73%)
----------------- Invoking toplevel() on ptolemy.moml.MoMLSimpleApplication@6a333577
----------------- Done invoking toplevel() on ptolemy.moml.MoMLSimpleApplication@6a333577
reloadAllAccessors: .matrixType

===========================================================================================
----------------- testing Fri Sep 20 05:48:29 UTC 2019 /home/travis/build/icyphy/ptII/ptolemy/actor/lib/test/auto/matrixType10.xml
----------------- Instantiating /home/travis/build/icyphy/ptII/ptolemy/actor/lib/test/auto/matrixType10.xml
2 ms. Memory: 540672K Free: 389802K (72%)
----------------- Invoking toplevel() on ptolemy.moml.MoMLSimpleApplication@61ce1dcc
----------------- Done invoking toplevel() on ptolemy.moml.MoMLSimpleApplication@61ce1dcc
reloadAllAccessors: .matrixType10

===========================================================================================
----------------- testing Fri Sep 20 05:48:29 UTC 2019 /home/travis/build/icyphy/ptII/ptolemy/actor/lib/test/auto/matrixType11.xml
----------------- Instantiating /home/travis/build/icyphy/ptII/ptolemy/actor/lib/test/auto/matrixType11.xml
2 ms. Memory: 540672K Free: 385196K (71%)
----------------- Invoking toplevel() on ptolemy.moml.MoMLSimpleApplication@139dc2c2
----------------- Done invoking toplevel() on ptolemy.moml.MoMLSimpleApplication@139dc2c2
reloadAllAccessors: .matrixType11

===========================================================================================
----------------- testing Fri Sep 20 05:48:29 UTC 2019 /home/travis/build/icyphy/ptII/ptolemy/actor/lib/test/auto/matrixType12.xml
----------------- Instantiating /home/travis/build/icyphy/ptII/ptolemy/actor/lib/test/auto/matrixType12.xml
1 ms. Memory: 540672K Free: 380076K (70%)
----------------- Invoking toplevel() on ptolemy.moml.MoMLSimpleApplication@4ddb6a55
----------------- Done invoking toplevel() on ptolemy.moml.MoMLSimpleApplication@4ddb6a55
reloadAllAccessors: .matrixType12

===========================================================================================
----------------- testing Fri Sep 20 05:48:29 UTC 2019 /home/travis/build/icyphy/ptII/ptolemy/actor/lib/test/auto/matrixType13.xml
----------------- Instantiating /home/travis/build/icyphy/ptII/ptolemy/actor/lib/test/auto/matrixType13.xml
2 ms. Memory: 540672K Free: 375466K (69%)
----------------- Invoking toplevel() on ptolemy.moml.MoMLSimpleApplication@3efa37b5
----------------- Done invoking toplevel() on ptolemy.moml.MoMLSimpleApplication@3efa37b5
reloadAllAccessors: .matrixType13

===========================================================================================
----------------- testing Fri Sep 20 05:48:29 UTC 2019 /home/travis/build/icyphy/ptII/ptolemy/actor/lib/test/auto/matrixType14.xml
----------------- Instantiating /home/travis/build/icyphy/ptII/ptolemy/actor/lib/test/auto/matrixType14.xml
2 ms. Memory: 540672K Free: 370346K (68%)
----------------- Invoking toplevel() on ptolemy.moml.MoMLSimpleApplication@4f8cd25d
----------------- Done invoking toplevel() on ptolemy.moml.MoMLSimpleApplication@4f8cd25d
reloadAllAccessors: .matrixType14

===========================================================================================
----------------- testing Fri Sep 20 05:48:29 UTC 2019 /home/travis/build/icyphy/ptII/ptolemy/actor/lib/test/auto/matrixType2.xml
----------------- Instantiating /home/travis/build/icyphy/ptII/ptolemy/actor/lib/test/auto/matrixType2.xml
3 ms. Memory: 540672K Free: 365226K (68%)
----------------- Invoking toplevel() on ptolemy.moml.MoMLSimpleApplication@3752354c
----------------- Done invoking toplevel() on ptolemy.moml.MoMLSimpleApplication@3752354c
reloadAllAccessors: .matrixType2

===========================================================================================
----------------- testing Fri Sep 20 05:48:29 UTC 2019 /home/travis/build/icyphy/ptII/ptolemy/actor/lib/test/auto/matrixType3.xml
----------------- Instantiating /home/travis/build/icyphy/ptII/ptolemy/actor/lib/test/auto/matrixType3.xml
4 ms. Memory: 540672K Free: 360620K (67%)
----------------- Invoking toplevel() on ptolemy.moml.MoMLSimpleApplication@14e56a9f
----------------- Done invoking toplevel() on ptolemy.moml.MoMLSimpleApplication@14e56a9f
reloadAllAccessors: .matrixType3

===========================================================================================
----------------- testing Fri Sep 20 05:48:29 UTC 2019 /home/travis/build/icyphy/ptII/ptolemy/actor/lib/test/auto/matrixType4.xml
----------------- Instantiating /home/travis/build/icyphy/ptII/ptolemy/actor/lib/test/auto/matrixType4.xml
1 ms. Memory: 540672K Free: 355500K (66%)
----------------- Invoking toplevel() on ptolemy.moml.MoMLSimpleApplication@d74ff0e
----------------- Done invoking toplevel() on ptolemy.moml.MoMLSimpleApplication@d74ff0e
reloadAllAccessors: .matrixType4

===========================================================================================
----------------- testing Fri Sep 20 05:48:29 UTC 2019 /home/travis/build/icyphy/ptII/ptolemy/actor/lib/test/auto/matrixType5.xml
----------------- Instantiating /home/travis/build/icyphy/ptII/ptolemy/actor/lib/test/auto/matrixType5.xml
2 ms. Memory: 540672K Free: 350890K (65%)
----------------- Invoking toplevel() on ptolemy.moml.MoMLSimpleApplication@5067f496
----------------- Done invoking toplevel() on ptolemy.moml.MoMLSimpleApplication@5067f496
reloadAllAccessors: .matrixType5

===========================================================================================
----------------- testing Fri Sep 20 05:48:29 UTC 2019 /home/travis/build/icyphy/ptII/ptolemy/actor/lib/test/auto/matrixType6.xml
----------------- Instantiating /home/travis/build/icyphy/ptII/ptolemy/actor/lib/test/auto/matrixType6.xml
1 ms. Memory: 540672K Free: 346284K (64%)
----------------- Invoking toplevel() on ptolemy.moml.MoMLSimpleApplication@68e19d28
----------------- Done invoking toplevel() on ptolemy.moml.MoMLSimpleApplication@68e19d28
reloadAllAccessors: .matrixType6

===========================================================================================
----------------- testing Fri Sep 20 05:48:29 UTC 2019 /home/travis/build/icyphy/ptII/ptolemy/actor/lib/test/auto/matrixType7.xml
----------------- Instantiating /home/travis/build/icyphy/ptII/ptolemy/actor/lib/test/auto/matrixType7.xml
1 ms. Memory: 540672K Free: 341164K (63%)
----------------- Invoking toplevel() on ptolemy.moml.MoMLSimpleApplication@577c56fa
----------------- Done invoking toplevel() on ptolemy.moml.MoMLSimpleApplication@577c56fa
reloadAllAccessors: .matrixType7

===========================================================================================
----------------- testing Fri Sep 20 05:48:29 UTC 2019 /home/travis/build/icyphy/ptII/ptolemy/actor/lib/test/auto/matrixType8.xml
----------------- Instantiating /home/travis/build/icyphy/ptII/ptolemy/actor/lib/test/auto/matrixType8.xml
1 ms. Memory: 540672K Free: 336044K (62%)
----------------- Invoking toplevel() on ptolemy.moml.MoMLSimpleApplication@14f9d80a
----------------- Done invoking toplevel() on ptolemy.moml.MoMLSimpleApplication@14f9d80a
reloadAllAccessors: .matrixType8

===========================================================================================
----------------- testing Fri Sep 20 05:48:29 UTC 2019 /home/travis/build/icyphy/ptII/ptolemy/actor/lib/test/auto/matrixType9.xml
----------------- Instantiating /home/travis/build/icyphy/ptII/ptolemy/actor/lib/test/auto/matrixType9.xml
1 ms. Memory: 540672K Free: 330924K (61%)
----------------- Invoking toplevel() on ptolemy.moml.MoMLSimpleApplication@60e41d5b
----------------- Done invoking toplevel() on ptolemy.moml.MoMLSimpleApplication@60e41d5b
reloadAllAccessors: .matrixType9

===========================================================================================
----------------- testing Fri Sep 20 05:48:29 UTC 2019 /home/travis/build/icyphy/ptII/ptolemy/actor/lib/test/auto/paraFunctest.xml
----------------- Instantiating /home/travis/build/icyphy/ptII/ptolemy/actor/lib/test/auto/paraFunctest.xml
1 ms. Memory: 540672K Free: 326828K (60%)
----------------- Invoking toplevel() on ptolemy.moml.MoMLSimpleApplication@689acfd0
----------------- Done invoking toplevel() on ptolemy.moml.MoMLSimpleApplication@689acfd0
reloadAllAccessors: .paraFunctest

===========================================================================================
----------------- testing Fri Sep 20 05:48:29 UTC 2019 /home/travis/build/icyphy/ptII/ptolemy/actor/lib/test/auto/paraFunctest2.xml
----------------- Instantiating /home/travis/build/icyphy/ptII/ptolemy/actor/lib/test/auto/paraFunctest2.xml
2 ms. Memory: 540672K Free: 322218K (60%)
----------------- Invoking toplevel() on ptolemy.moml.MoMLSimpleApplication@50213810
----------------- Done invoking toplevel() on ptolemy.moml.MoMLSimpleApplication@50213810
reloadAllAccessors: .paraFunctest2

===========================================================================================
----------------- testing Fri Sep 20 05:48:29 UTC 2019 /home/travis/build/icyphy/ptII/ptolemy/actor/lib/test/auto/parameterPassing.xml
----------------- Instantiating /home/travis/build/icyphy/ptII/ptolemy/actor/lib/test/auto/parameterPassing.xml
1 ms. Memory: 540672K Free: 317612K (59%)
----------------- Invoking toplevel() on ptolemy.moml.MoMLSimpleApplication@627fc3b9
----------------- Done invoking toplevel() on ptolemy.moml.MoMLSimpleApplication@627fc3b9
reloadAllAccessors: .parameterPassing

===========================================================================================
----------------- testing Fri Sep 20 05:48:29 UTC 2019 /home/travis/build/icyphy/ptII/ptolemy/actor/lib/test/auto/record.xml
----------------- Instantiating /home/travis/build/icyphy/ptII/ptolemy/actor/lib/test/auto/record.xml
2 ms. Memory: 540672K Free: 313002K (58%)
----------------- Invoking toplevel() on ptolemy.moml.MoMLSimpleApplication@284fbdf8
----------------- Done invoking toplevel() on ptolemy.moml.MoMLSimpleApplication@284fbdf8
reloadAllAccessors: .record

===========================================================================================
----------------- testing Fri Sep 20 05:48:29 UTC 2019 /home/travis/build/icyphy/ptII/ptolemy/actor/lib/test/auto/sizedarray1.xml
----------------- Instantiating /home/travis/build/icyphy/ptII/ptolemy/actor/lib/test/auto/sizedarray1.xml
2 ms. Memory: 540672K Free: 307372K (57%)
----------------- Invoking toplevel() on ptolemy.moml.MoMLSimpleApplication@46790d55
----------------- Done invoking toplevel() on ptolemy.moml.MoMLSimpleApplication@46790d55
reloadAllAccessors: .sizedarray1

===========================================================================================
----------------- testing Fri Sep 20 05:48:29 UTC 2019 /home/travis/build/icyphy/ptII/ptolemy/actor/lib/test/auto/sizedarray2.xml
----------------- Instantiating /home/travis/build/icyphy/ptII/ptolemy/actor/lib/test/auto/sizedarray2.xml
2 ms. Memory: 540672K Free: 302252K (56%)
----------------- Invoking toplevel() on ptolemy.moml.MoMLSimpleApplication@320a7f30
----------------- Done invoking toplevel() on ptolemy.moml.MoMLSimpleApplication@320a7f30
reloadAllAccessors: .sizedarray2

===========================================================================================
----------------- testing Fri Sep 20 05:48:29 UTC 2019 /home/travis/build/icyphy/ptII/ptolemy/actor/lib/test/auto/twoPublishers.xml
----------------- Instantiating /home/travis/build/icyphy/ptII/ptolemy/actor/lib/test/auto/twoPublishers.xml
6 ms. Memory: 540672K Free: 291484K (54%)
----------------- Invoking toplevel() on ptolemy.moml.MoMLSimpleApplication@7a3fe6c8
----------------- Done invoking toplevel() on ptolemy.moml.MoMLSimpleApplication@7a3fe6c8
reloadAllAccessors: .twoPublishers
AutoTests.java: About to close Vertx.
AutoTests.java: Vertx closed.
]]></system-out>
  <system-err><![CDATA[java.lang.RuntimeException: Execution failed
	at ptolemy.moml.MoMLSimpleApplication$UnloadThread.run(MoMLSimpleApplication.java:402)
Caused by: java.lang.RuntimeException: StringUtilities.exit() was called. Normally, we would exit here because Manager.exitAfterWrapup() was called.  However, because the ptolemy.ptII.exitAfterWrapup property is set, we throw this exception instead.
	at ptolemy.util.StringUtilities.exit(StringUtilities.java:365)
	at ptolemy.actor.Manager.wrapup(Manager.java:1549)
	at ptolemy.actor.Manager.execute(Manager.java:407)
	at ptolemy.actor.Manager.run(Manager.java:1263)
	at ptolemy.actor.Manager$PtolemyRunThread.run(Manager.java:1933)
Warning: '.top.test' is in training mode, set the trainingMode parameter to false before checking in
Warning: '.top.test' is in training mode, set the trainingMode parameter to false before checking in
Warning: '.top.test' is in training mode, set the trainingMode parameter to false before checking in
Warning: '.BooleanSwitch_RegressionTest_WrongTrainingValues.Test' is in training mode, set the trainingMode parameter to false before checking in
Warning: '.BooleanSwitch_RegressionTest_WrongTrainingValues.Test2' is in training mode, set the trainingMode parameter to false before checking in
Warning: '.BooleanSwitch_RegressionTest_WrongTrainingValues.Test2' The test produced 0 tokens.
Warning: '.top.testExceptionHandler' is in training mode, set the trainingMode parameter to false before checking in
java.lang.RuntimeException: Execution failed
	at ptolemy.moml.MoMLSimpleApplication$UnloadThread.run(MoMLSimpleApplication.java:402)
Caused by: ptolemy.kernel.util.IllegalActionException: PublisherPorts cannot be used at the top level, use a Publisher actor instead.
  in .PublisherPortToplevelSubscriber.PublisherPort
	at ptolemy.actor.PublisherPort.preinitialize(PublisherPort.java:403)
	at ptolemy.actor.CompositeActor.preinitialize(CompositeActor.java:1769)
	at ptolemy.actor.Manager.preinitializeAndResolveTypes(Manager.java:1040)
	at ptolemy.actor.Manager.initialize(Manager.java:710)
	at ptolemy.actor.Manager.execute(Manager.java:356)
	at ptolemy.actor.Manager.run(Manager.java:1263)
	at ptolemy.actor.Manager$PtolemyRunThread.run(Manager.java:1933)
java.lang.reflect.InvocationTargetException
	at java.base/jdk.internal.reflect.NativeConstructorAccessorImpl.newInstance0(Native Method)
	at java.base/jdk.internal.reflect.NativeConstructorAccessorImpl.newInstance(NativeConstructorAccessorImpl.java:62)
	at java.base/jdk.internal.reflect.DelegatingConstructorAccessorImpl.newInstance(DelegatingConstructorAccessorImpl.java:45)
	at java.base/java.lang.reflect.Constructor.newInstance(Constructor.java:490)
	at ptolemy.util.test.junit.AutoKnownFailedTests.RunModel(AutoKnownFailedTests.java:105)
	at java.base/jdk.internal.reflect.NativeMethodAccessorImpl.invoke0(Native Method)
	at java.base/jdk.internal.reflect.NativeMethodAccessorImpl.invoke(NativeMethodAccessorImpl.java:62)
	at java.base/jdk.internal.reflect.DelegatingMethodAccessorImpl.invoke(DelegatingMethodAccessorImpl.java:43)
	at java.base/java.lang.reflect.Method.invoke(Method.java:566)
	at org.junit.runners.model.FrameworkMethod$1.runReflectiveCall(FrameworkMethod.java:44)
	at org.junit.internal.runners.model.ReflectiveCallable.run(ReflectiveCallable.java:15)
	at org.junit.runners.model.FrameworkMethod.invokeExplosively(FrameworkMethod.java:41)
	at junitparams.internal.InvokeParameterisedMethod.evaluate(InvokeParameterisedMethod.java:102)
	at org.junit.internal.runners.statements.FailOnTimeout$1.run(FailOnTimeout.java:28)
Caused by: ptolemy.kernel.util.IllegalActionException: PublisherPorts cannot be used at the top level, use a Publisher actor instead.
  in .PublisherPortToplevelSubscriber.PublisherPort
	at ptolemy.actor.PublisherPort.preinitialize(PublisherPort.java:403)
	at ptolemy.actor.CompositeActor.preinitialize(CompositeActor.java:1769)
	at ptolemy.actor.Manager.preinitializeAndResolveTypes(Manager.java:1040)
	at ptolemy.actor.Manager.initialize(Manager.java:710)
	at ptolemy.actor.Manager.execute(Manager.java:356)
	at ptolemy.actor.Manager.run(Manager.java:1263)
	at ptolemy.actor.Manager$PtolemyRunThread.run(Manager.java:1933)
java.lang.RuntimeException: Execution failed
	at ptolemy.moml.MoMLSimpleApplication$UnloadThread.run(MoMLSimpleApplication.java:402)
Caused by: ptolemy.kernel.util.IllegalActionException: SubscriberPorts cannot be used at the top level, use a Subscriber actor instead.
  in .PublisherSubscriberPortToplevel.SubscriberPort
	at ptolemy.actor.SubscriberPort.preinitialize(SubscriberPort.java:328)
	at ptolemy.actor.CompositeActor.preinitialize(CompositeActor.java:1769)
	at ptolemy.actor.Manager.preinitializeAndResolveTypes(Manager.java:1040)
	at ptolemy.actor.Manager.initialize(Manager.java:710)
	at ptolemy.actor.Manager.execute(Manager.java:356)
	at ptolemy.actor.Manager.run(Manager.java:1263)
	at ptolemy.actor.Manager$PtolemyRunThread.run(Manager.java:1933)
java.lang.reflect.InvocationTargetException
	at java.base/jdk.internal.reflect.NativeConstructorAccessorImpl.newInstance0(Native Method)
	at java.base/jdk.internal.reflect.NativeConstructorAccessorImpl.newInstance(NativeConstructorAccessorImpl.java:62)
	at java.base/jdk.internal.reflect.DelegatingConstructorAccessorImpl.newInstance(DelegatingConstructorAccessorImpl.java:45)
	at java.base/java.lang.reflect.Constructor.newInstance(Constructor.java:490)
	at ptolemy.util.test.junit.AutoKnownFailedTests.RunModel(AutoKnownFailedTests.java:105)
	at java.base/jdk.internal.reflect.NativeMethodAccessorImpl.invoke0(Native Method)
	at java.base/jdk.internal.reflect.NativeMethodAccessorImpl.invoke(NativeMethodAccessorImpl.java:62)
	at java.base/jdk.internal.reflect.DelegatingMethodAccessorImpl.invoke(DelegatingMethodAccessorImpl.java:43)
	at java.base/java.lang.reflect.Method.invoke(Method.java:566)
	at org.junit.runners.model.FrameworkMethod$1.runReflectiveCall(FrameworkMethod.java:44)
	at org.junit.internal.runners.model.ReflectiveCallable.run(ReflectiveCallable.java:15)
	at org.junit.runners.model.FrameworkMethod.invokeExplosively(FrameworkMethod.java:41)
	at junitparams.internal.InvokeParameterisedMethod.evaluate(InvokeParameterisedMethod.java:102)
	at org.junit.internal.runners.statements.FailOnTimeout$1.run(FailOnTimeout.java:28)
Caused by: ptolemy.kernel.util.IllegalActionException: SubscriberPorts cannot be used at the top level, use a Subscriber actor instead.
  in .PublisherSubscriberPortToplevel.SubscriberPort
	at ptolemy.actor.SubscriberPort.preinitialize(SubscriberPort.java:328)
	at ptolemy.actor.CompositeActor.preinitialize(CompositeActor.java:1769)
	at ptolemy.actor.Manager.preinitializeAndResolveTypes(Manager.java:1040)
	at ptolemy.actor.Manager.initialize(Manager.java:710)
	at ptolemy.actor.Manager.execute(Manager.java:356)
	at ptolemy.actor.Manager.run(Manager.java:1263)
	at ptolemy.actor.Manager$PtolemyRunThread.run(Manager.java:1933)
java.lang.RuntimeException: Execution failed
	at ptolemy.moml.MoMLSimpleApplication$UnloadThread.run(MoMLSimpleApplication.java:402)
Caused by: ptolemy.kernel.util.IllegalActionException: SubscriptionAggregatorPorts cannot be used at the top level, use a SubscriptionAggregator actor instead.
  in .PublisherSubscriptionAggregatorPort.SubscriptionAggregatorPort
	at ptolemy.actor.SubscriptionAggregatorPort.preinitialize(SubscriptionAggregatorPort.java:353)
	at ptolemy.actor.CompositeActor.preinitialize(CompositeActor.java:1769)
	at ptolemy.actor.Manager.preinitializeAndResolveTypes(Manager.java:1040)
	at ptolemy.actor.Manager.initialize(Manager.java:710)
	at ptolemy.actor.Manager.execute(Manager.java:356)
	at ptolemy.actor.Manager.run(Manager.java:1263)
	at ptolemy.actor.Manager$PtolemyRunThread.run(Manager.java:1933)
java.lang.reflect.InvocationTargetException
	at java.base/jdk.internal.reflect.NativeConstructorAccessorImpl.newInstance0(Native Method)
	at java.base/jdk.internal.reflect.NativeConstructorAccessorImpl.newInstance(NativeConstructorAccessorImpl.java:62)
	at java.base/jdk.internal.reflect.DelegatingConstructorAccessorImpl.newInstance(DelegatingConstructorAccessorImpl.java:45)
	at java.base/java.lang.reflect.Constructor.newInstance(Constructor.java:490)
	at ptolemy.util.test.junit.AutoKnownFailedTests.RunModel(AutoKnownFailedTests.java:105)
	at java.base/jdk.internal.reflect.NativeMethodAccessorImpl.invoke0(Native Method)
	at java.base/jdk.internal.reflect.NativeMethodAccessorImpl.invoke(NativeMethodAccessorImpl.java:62)
	at java.base/jdk.internal.reflect.DelegatingMethodAccessorImpl.invoke(DelegatingMethodAccessorImpl.java:43)
	at java.base/java.lang.reflect.Method.invoke(Method.java:566)
	at org.junit.runners.model.FrameworkMethod$1.runReflectiveCall(FrameworkMethod.java:44)
	at org.junit.internal.runners.model.ReflectiveCallable.run(ReflectiveCallable.java:15)
	at org.junit.runners.model.FrameworkMethod.invokeExplosively(FrameworkMethod.java:41)
	at junitparams.internal.InvokeParameterisedMethod.evaluate(InvokeParameterisedMethod.java:102)
	at org.junit.internal.runners.statements.FailOnTimeout$1.run(FailOnTimeout.java:28)
Caused by: ptolemy.kernel.util.IllegalActionException: SubscriptionAggregatorPorts cannot be used at the top level, use a SubscriptionAggregator actor instead.
  in .PublisherSubscriptionAggregatorPort.SubscriptionAggregatorPort
	at ptolemy.actor.SubscriptionAggregatorPort.preinitialize(SubscriptionAggregatorPort.java:353)
	at ptolemy.actor.CompositeActor.preinitialize(CompositeActor.java:1769)
	at ptolemy.actor.Manager.preinitializeAndResolveTypes(Manager.java:1040)
	at ptolemy.actor.Manager.initialize(Manager.java:710)
	at ptolemy.actor.Manager.execute(Manager.java:356)
	at ptolemy.actor.Manager.run(Manager.java:1263)
	at ptolemy.actor.Manager$PtolemyRunThread.run(Manager.java:1933)
java.lang.RuntimeException: Execution failed
	at ptolemy.moml.MoMLSimpleApplication$UnloadThread.run(MoMLSimpleApplication.java:402)
Caused by: ptolemy.kernel.util.IllegalActionException: TypeTest actor has no training data.
  in .sizedarray3.TypeTest
	at ptolemy.actor.lib.TypeTest.initialize(TypeTest.java:250)
	at ptolemy.actor.Director.initialize(Director.java:938)
	at ptolemy.actor.Director.initialize(Director.java:907)
	at ptolemy.actor.sched.StaticSchedulingDirector.initialize(StaticSchedulingDirector.java:159)
	at ptolemy.domains.sdf.kernel.SDFDirector.initialize(SDFDirector.java:544)
	at ptolemy.actor.CompositeActor.initialize(CompositeActor.java:935)
	at ptolemy.actor.Manager.initialize(Manager.java:724)
	at ptolemy.actor.Manager.execute(Manager.java:356)
	at ptolemy.actor.Manager.run(Manager.java:1263)
	at ptolemy.actor.Manager$PtolemyRunThread.run(Manager.java:1933)
java.lang.reflect.InvocationTargetException
	at java.base/jdk.internal.reflect.NativeConstructorAccessorImpl.newInstance0(Native Method)
	at java.base/jdk.internal.reflect.NativeConstructorAccessorImpl.newInstance(NativeConstructorAccessorImpl.java:62)
	at java.base/jdk.internal.reflect.DelegatingConstructorAccessorImpl.newInstance(DelegatingConstructorAccessorImpl.java:45)
	at java.base/java.lang.reflect.Constructor.newInstance(Constructor.java:490)
	at ptolemy.util.test.junit.AutoKnownFailedTests.RunModel(AutoKnownFailedTests.java:105)
	at java.base/jdk.internal.reflect.NativeMethodAccessorImpl.invoke0(Native Method)
	at java.base/jdk.internal.reflect.NativeMethodAccessorImpl.invoke(NativeMethodAccessorImpl.java:62)
	at java.base/jdk.internal.reflect.DelegatingMethodAccessorImpl.invoke(DelegatingMethodAccessorImpl.java:43)
	at java.base/java.lang.reflect.Method.invoke(Method.java:566)
	at org.junit.runners.model.FrameworkMethod$1.runReflectiveCall(FrameworkMethod.java:44)
	at org.junit.internal.runners.model.ReflectiveCallable.run(ReflectiveCallable.java:15)
	at org.junit.runners.model.FrameworkMethod.invokeExplosively(FrameworkMethod.java:41)
	at junitparams.internal.InvokeParameterisedMethod.evaluate(InvokeParameterisedMethod.java:102)
	at org.junit.internal.runners.statements.FailOnTimeout$1.run(FailOnTimeout.java:28)
Caused by: ptolemy.kernel.util.IllegalActionException: TypeTest actor has no training data.
  in .sizedarray3.TypeTest
	at ptolemy.actor.lib.TypeTest.initialize(TypeTest.java:250)
	at ptolemy.actor.Director.initialize(Director.java:938)
	at ptolemy.actor.Director.initialize(Director.java:907)
	at ptolemy.actor.sched.StaticSchedulingDirector.initialize(StaticSchedulingDirector.java:159)
	at ptolemy.domains.sdf.kernel.SDFDirector.initialize(SDFDirector.java:544)
	at ptolemy.actor.CompositeActor.initialize(CompositeActor.java:935)
	at ptolemy.actor.Manager.initialize(Manager.java:724)
	at ptolemy.actor.Manager.execute(Manager.java:356)
	at ptolemy.actor.Manager.run(Manager.java:1263)
	at ptolemy.actor.Manager$PtolemyRunThread.run(Manager.java:1933)
]]></system-err>
</testsuite>
