<?xml version="1.0" encoding="UTF-8" ?>
<testsuite errors="0" failures="0" hostname="travis-job-368ab0e0-6248-416e-804e-f425b281b5a0" name="ptolemy.actor.lib.test.junit.JUnitTclTest" skipped="0" tests="517" time="59.298" timestamp="2020-01-04T22:17:52">
  <properties>
    <property name="npm.executable" value="npm" />
    <property name="env.TRAVIS_ROOT" value="/" />
    <property name="ptII.mk.exists" value="true" />
    <property name="env.TRAVIS_APP_HOST" value="build.travis-ci.org" />
    <property name="env.rvm_bin_path" value="/home/travis/.rvm/bin" />
    <property name="java.home" value="/usr/local/lib/jvm/openjdk11" />
    <property name="env.TRAVIS_JOB_NUMBER" value="1455.8" />
    <property name="env.TRAVIS_HOME" value="/home/travis" />
    <property name="env.DISPLAY" value=":99.0" />
    <property name="env.TRAVIS_INIT" value="systemd" />
    <property name="env.SSH_TTY" value="/dev/pts/0" />
    <property name="java.net.preferIPv4Stack" value="true" />
    <property name="env.RUN_TESTS" value="true" />
    <property name="timeout.short" value="1000000" />
    <property name="junit.formatter" value="xml" />
    <property name="env.TRAVIS_SUDO" value="true" />
    <property name="env.TRAVIS_JOB_NAME" value="" />
    <property name="env.TRAVIS_STACK_NODE_ATTRIBUTES" value="/.node-attributes.yml" />
    <property name="env.LOGNAME" value="travis" />
    <property name="env.PT_TRAVIS_TEST_CORE1_XML" value="true" />
    <property name="jsdoc.home" value="node_modules/@terraswarm/jsdoc" />
    <property name="debuglevel" value="source,lines,vars" />
    <property name="checkstyle.formatter" value="xml" />
    <property name="env._system_version" value="16.04" />
    <property name="bin.vergil.makeable" value="true" />
    <property name="sun.os.patch.level" value="unknown" />
    <property name="java.vendor.url" value="http://java.oracle.com/" />
    <property name="env.TRAVIS_BUILD_WEB_URL" value="https://travis-ci.org/icyphy/ptII/builds/632762646" />
    <property name="java.version" value="11.0.2" />
    <property name="env.TZ" value="UTC" />
    <property name="env.TRAVIS_PULL_REQUEST_SHA" value="" />
    <property name="env.PT_NO_NET" value="true" />
    <property name="env.TRAVIS_SECURE_ENV_VARS" value="true" />
    <property name="env._system_type" value="Linux" />
    <property name="java.vendor.url.bug" value="http://bugreport.java.com/bugreport/" />
    <property name="npmjs-org-is-up" value="true" />
    <property name="env.LANGUAGE" value="en_US.UTF-8" />
    <property name="env.SSH_CLIENT" value="10.16.6.41 60846 22" />
    <property name="env.GEM_HOME" value="/home/travis/.rvm/gems/ruby-2.5.3" />
    <property name="env.HAS_ANTARES_THREE_LITTLE_FRONZIES_BADGE" value="true" />
    <property name="java.version.date" value="2019-01-15" />
    <property name="env.PS4" value="+" />
    <property name="ant.project.invoked-targets" value="build,test.core1.xml" />
    <property name="env.TRAVIS_PULL_REQUEST_BRANCH" value="" />
    <property name="env.TRAVIS_REPO_SLUG" value="icyphy/ptII" />
    <property name="env.XDG_DATA_DIRS" value="/usr/local/share:/usr/share:/var/lib/snapd/desktop" />
    <property name="jdk.debug" value="release" />
    <property name="env.TRAVIS_APT_PROXY" value="http://build-cache.travisci.net" />
    <property name="env.TRAVIS_CPU_ARCH" value="amd64" />
    <property name="node.in.path" value="true" />
    <property name="user.name" value="travis" />
    <property name="java.maxmemory" value="1400m" />
    <property name="env.RUBY_VERSION" value="ruby-2.5.3" />
    <property name="env.LANG" value="en_US.UTF-8" />
    <property name="sun.io.unicode.encoding" value="UnicodeLittle" />
    <property name="sun.jnu.encoding" value="UTF-8" />
    <property name="java.runtime.name" value="OpenJDK Runtime Environment" />
    <property name="usefile" value="false" />
    <property name="return.code" value="0" />
    <property name="junit.single.formatter" value="plain" />
    <property name="env.DYLD_LIBRARY_PATH" value="/home/travis/pthla/certi-tools/lib:" />
    <property name="env.DEBIAN_FRONTEND" value="noninteractive" />
    <property name="env.SSH_CONNECTION" value="10.16.6.41 60846 10.20.0.201 22" />
    <property name="env.MYSQL_UNIX_PORT" value="/var/run/mysqld/mysqld.sock" />
    <property name="env.LC_ALL" value="en_US.UTF-8" />
    <property name="env.TRAVIS_ALLOW_FAILURE" value="false" />
    <property name="env.TRAVIS_JOB_WEB_URL" value="https://travis-ci.org/icyphy/ptII/jobs/632762654" />
    <property name="java.specification.name" value="Java Platform API Specification" />
    <property name="node.works" value="true" />
    <property name="user.timezone" value="" />
    <property name="path.separator" value=":" />
    <property name="env.TRAVIS_ENABLE_INFRA_DETECTION" value="true" />
    <property name="env.PYTHON_CFLAGS" value="-g -fstack-protector --param=ssp-buffer-size=4 -Wformat -Werror=format-security" />
    <property name="timeout.long" value="4000000" />
    <property name="env.CERTI_HOME" value="/home/travis/pthla/certi-tools" />
    <property name="ant.file.ptII" value="/home/travis/build/icyphy/ptII/build.xml" />
    <property name="javadoc.packagenames" value="com.*,diva.*,lbnl.*,org.hlacerti.*,org.json.*,org.ptolemy.*,org.terraswarm.*,ptolemy.*,ptserver.*" />
    <property name="file.encoding" value="UTF-8" />
    <property name="env.TRAVIS_PULL_REQUEST_SLUG" value="" />
    <property name="ant.project.default-target" value="build" />
    <property name="env.GIT_ASKPASS" value="echo" />
    <property name="env.HOME" value="/home/travis" />
    <property name="sun.java.command" value="org.apache.tools.ant.taskdefs.optional.junit.JUnitTestRunner ptolemy.actor.lib.test.junit.JUnitTclTest skipNonTests=false filtertrace=true haltOnError=false haltOnFailure=false formatter=org.apache.tools.ant.taskdefs.optional.junit.OutErrSummaryJUnitResultFormatter showoutput=true outputtoformatters=true logfailedtests=true threadid=0 logtestlistenerevents=false formatter=org.apache.tools.ant.taskdefs.optional.junit.XMLJUnitResultFormatter,/home/travis/build/icyphy/ptII/reports/junit/TEST-ptolemy.actor.lib.test.junit.JUnitTclTest.xml crashfile=/home/travis/build/icyphy/ptII/junitvmwatcher3625428376410177221.properties propsfile=/home/travis/build/icyphy/ptII/junit16367306933070851119.properties" />
    <property name="env.COMPOSER_NO_INTERACTION" value="1" />
    <property name="env.MANPATH" value="/home/travis/.nvm/versions/node/v7.10.1/share/man:/home/travis/.rvm/rubies/ruby-2.5.3/share/man:/usr/local/cmake-3.12.4/man:/usr/local/clang-7.0.0/share/man:/usr/local/man:/usr/local/share/man:/usr/share/man:/home/travis/.rvm/man" />
    <property name="env.TRAVIS_TIMER_ID" value="067d4b86" />
    <property name="ant.file" value="/home/travis/build/icyphy/ptII/build.xml" />
    <property name="env.TRAVIS_COMMIT_RANGE" value="890f7d9fe666...306228930c82" />
    <property name="env._system_name" value="Ubuntu" />
    <property name="ptII.classpath.optional.property" value="/home/travis/build/icyphy/ptII/lib/bsh-2.0b4.jar:/home/travis/build/icyphy/ptII/lib/ptCal.jar:/home/travis/build/icyphy/ptII/lib/java_cup.jar:/home/travis/build/icyphy/ptII/lib/saxon8.jar:/home/travis/build/icyphy/ptII/lib/saxon8-dom.jar:/home/travis/build/icyphy/ptII/lib/chic.jar:/home/travis/build/icyphy/ptII/lib/ptcolt.jar:/home/travis/build/icyphy/ptII/vendors/misc/itext/iText.jar:/home/travis/build/icyphy/ptII/lib/g4ltl.jar:/home/travis/build/icyphy/ptII/lib/StructuralCoder.jar:/home/travis/build/icyphy/ptII/lib/jcerti.jar:/home/travis/build/icyphy/ptII/lib/javax.mail.jar:/home/travis/build/icyphy/ptII/vendors/JMF-2.1.1e/lib/jmf.jar:/home/travis/build/icyphy/ptII/lib/jna-4.0.0-variadic.jar:/home/travis/build/icyphy/ptII/vendors/misc/joystick/Joystick.jar:/home/travis/build/icyphy/ptII/lib/ptjacl.jar:/home/travis/build/icyphy/ptII/lib/jsoup-1.8.2.jar:/home/travis/build/icyphy/ptII/lib/junit-4.8.2.jar:/home/travis/build/icyphy/ptII/lib/JUnitParams-0.4.0.jar:/home/travis/build/icyphy/ptII/ptolemy/actor/lib/excel/jxl.jar:/home/travis/build/icyphy/ptII/lib/jython.jar:/home/travis/build/icyphy/ptII/lib/kieler.jar:/home/travis/build/icyphy/ptII/vendors/opencv/share/OpenCV/java/opencv-341.jar:/home/travis/build/icyphy/ptII/lib/oscP5.jar:/home/travis/build/icyphy/ptII/lib/nrjavaserial-3.11.0.devel.jar:/home/travis/build/icyphy/ptII/vendors/j3d/lib/Linux/j3dcore.jar:/home/travis/build/icyphy/ptII/vendors/j3d/lib/Linux/j3dutils.jar:/home/travis/build/icyphy/ptII/vendors/j3d/lib/Linux/vecmath.jar:/home/travis/build/icyphy/ptII/vendors/jogl/lib/Linux/gluegen-rt-natives-linux-amd64.jar:/home/travis/build/icyphy/ptII/vendors/jogl/lib/Linux/gluegen-rt.jar:/home/travis/build/icyphy/ptII/vendors/jogl/lib/Linux/jogl-all-natives-linux-amd64.jar:/home/travis/build/icyphy/ptII/vendors/jogl/lib/Linux/jogl-all.jar:/home/travis/build/icyphy/ptII/ptolemy/distributed/jini/jar/jini-core.jar:/home/travis/build/icyphy/ptII/ptolemy/distributed/jini/jar/jini-ext.jar:/home/travis/build/icyphy/ptII/ptolemy/distributed/jini/jar/sun-util.jar:/home/travis/build/icyphy/ptII/lib/protobuf-java-2.4.1.jar:/home/travis/build/icyphy/ptII/lib/org.eclipse.paho.client.mqttv3.jar:/home/travis/build/icyphy/ptII/lib/mapss.jar:/home/travis/build/icyphy/ptII/ptolemy/actor/ptalon/antlr/antlr.jar:/home/travis/build/icyphy/ptII/lib/JRI.jar:/home/travis/build/icyphy/ptII/lib/commons-lang-2.6.jar:/home/travis/build/icyphy/ptII/lib/commons-logging-1.1.1.jar:/home/travis/build/icyphy/ptII/lib/sootclasses.jar:/home/travis/build/icyphy/ptII/ptolemy/actor/lib/database/mysql-connector-java-5.1.6-bin.jar:/home/travis/build/icyphy/ptII/vendors/misc/sphinx4/sphinx4-data-5prealpha.jar:/home/travis/build/icyphy/ptII/vendors/misc/sphinx4/sphinx4-core-5prealpha.jar:/home/travis/build/icyphy/ptII/lib/PDFRenderer.jar:/home/travis/build/icyphy/ptII/lib/svgSalamander.jar:/home/travis/build/icyphy/ptII/lib/rsyntaxtextarea-2.6.0-SNAPSHOT.jar:/home/travis/build/icyphy/ptII/lib/hazelcast-3.8.2.jar:/home/travis/build/icyphy/ptII/lib/jackson-annotations-2.9.0.jar:/home/travis/build/icyphy/ptII/lib/jackson-core-2.9.3.jar:/home/travis/build/icyphy/ptII/lib/jackson-databind-2.9.3.jar:/home/travis/build/icyphy/ptII/lib/netty-buffer-4.1.19.Final.jar:/home/travis/build/icyphy/ptII/lib/netty-codec-4.1.19.Final.jar:/home/travis/build/icyphy/ptII/lib/netty-codec-dns-4.1.19.Final.jar:/home/travis/build/icyphy/ptII/lib/netty-codec-http-4.1.19.Final.jar:/home/travis/build/icyphy/ptII/lib/netty-codec-http2-4.1.19.Final.jar:/home/travis/build/icyphy/ptII/lib/netty-common-4.1.19.Final.jar:/home/travis/build/icyphy/ptII/lib/netty-handler-4.1.19.Final.jar:/home/travis/build/icyphy/ptII/lib/netty-resolver-4.1.19.Final.jar:/home/travis/build/icyphy/ptII/lib/netty-resolver-dns-4.1.19.Final.jar:/home/travis/build/icyphy/ptII/lib/netty-transport-4.1.19.Final.jar:/home/travis/build/icyphy/ptII/lib/vertx-codegen-3.5.1.jar:/home/travis/build/icyphy/ptII/lib/vertx-core-3.5.2-SNAPSHOT.jar:/home/travis/build/icyphy/ptII/lib/vertx-hazelcast-3.5.1.jar:/home/travis/build/icyphy/ptII/lib/vertx-lang-js-3.5.1.jar:/home/travis/build/icyphy/ptII/lib/vertx-service-proxy-3.5.1.jar:/home/travis/build/icyphy/ptII/lib/vertx-web-3.5.1.jar:/home/travis/build/icyphy/ptII/lib/slf4j-api-1.7.13.jar:/home/travis/build/icyphy/ptII/lib/slf4j-simple-1.7.13.jar:/home/travis/build/icyphy/ptII/lib/webcam-capture-0.3.12.jar:/home/travis/build/icyphy/ptII/lib/bridj-0.7.0.jar:/home/travis/build/icyphy/ptII/lib/xbjlib-1.1.0.nrjavaserial.jar" />
    <property name="timeout" value="2400000" />
    <property name="test.batch" value="**/junit/*.java" />
    <property name="env._" value="/usr/bin/timeout" />
    <property name="java.io.tmpdir" value="/tmp" />
    <property name="user.language" value="en" />
    <property name="env.TRAVIS_INTERNAL_RUBY_REGEX" value="^ruby-(2\.[0-4]\.[0-9]|1\.9\.3)" />
    <property name="env.HISTCONTROL" value="ignoredups:ignorespace" />
    <property name="env.GOROOT" value="/home/travis/.gimme/versions/go1.11.1.linux.amd64" />
    <property name="line.separator" value="&#xa;" />
    <property name="target" value="11" />
    <property name="env.TRAVIS_BUILD_DIR" value="/home/travis/build/icyphy/ptII" />
    <property name="env.ANT_OPTS" value="-Xmx2048m" />
    <property name="ant.file.type" value="file" />
    <property name="ptolemy.ptII.batchMode" value="true" />
    <property name="env.HISTSIZE" value="1000" />
    <property name="env.MERB_ENV" value="test" />
    <property name="java.vm.info" value="mixed mode" />
    <property name="source" value="11" />
    <property name="java.vm.specification.name" value="Java Virtual Machine Specification" />
    <property name="env.TRAVIS_TEST_RESULT" value="0" />
    <property name="jsdoc.command" value="node_modules/@terraswarm/jsdoc/jsdoc.js" />
    <property name="npm.works" value="true" />
    <property name="cobertura.dir" value="/home/travis/build/icyphy/ptII/vendors/cobertura-2.0.3" />
    <property name="jsdoc.command.exists" value="true" />
    <property name="env.rvm_path" value="/home/travis/.rvm" />
    <property name="env.GEM_PATH" value="/home/travis/.rvm/gems/ruby-2.5.3:/home/travis/.rvm/gems/ruby-2.5.3@global" />
    <property name="env.LC_CTYPE" value="en_US.UTF-8" />
    <property name="env.TRAVIS_CMD" value="$PTII/bin/ptIITravisBuild.sh $SECONDS" />
    <property name="java.awt.printerjob" value="sun.print.PSPrinterJob" />
    <property name="env.TRAVIS_STACK_NAME" value="sardonyx" />
    <property name="env.TRAVIS_TIMER_START_TIME" value="1578175690182797114" />
    <property name="ant.version" value="Apache Ant(TM) version 1.10.1 compiled on February 2 2017" />
    <property name="ptII.reports" value="/home/travis/build/icyphy/ptII/reports" />
    <property name="env.TRAVIS_STACK_TIMESTAMP" value="2019-03-25 16:16:56 UTC" />
    <property name="ant.file.type.ptII" value="file" />
    <property name="env.RBENV_SHELL" value="bash" />
    <property name="os.name" value="Linux" />
    <property name="java.specification.vendor" value="Oracle Corporation" />
    <property name="env.rvm_version" value="1.29.7 (latest)" />
    <property name="env.TRAVIS_INFRA" value="gce" />
    <property name="env.TERM" value="xterm" />
    <property name="java.vm.name" value="OpenJDK 64-Bit Server VM" />
    <property name="env.TRAVIS_BUILD_NUMBER" value="1455" />
    <property name="env.CI" value="true" />
    <property name="java.library.path" value="/home/travis/pthla/certi-tools/lib:/usr/lib/jni:/usr/local/share/OpenCV/java/:/usr/share/OpenCV/java::/usr/java/packages/lib:/usr/lib64:/lib64:/lib:/usr/lib" />
    <property name="jdk.module.path" value="/home/travis/build/icyphy/ptII/vendors/javafx/javafx-sdk-11.0.2/lib:" />
    <property name="env.rvm_prefix" value="/home/travis" />
    <property name="env.PATH" value="/home/travis/pthla/certi-tools/share/scripts:/home/travis/.rvm/gems/ruby-2.5.3/bin:/home/travis/.rvm/gems/ruby-2.5.3@global/bin:/home/travis/.rvm/rubies/ruby-2.5.3/bin:/home/travis/.rvm/bin:/home/travis/.nvm/versions/node/v7.10.1/bin:./node_modules/.bin:/home/travis/build/icyphy/ptII/bin:/home/travis/pthla/certi-tools/bin:/home/travis/bin:/home/travis/.local/bin:/usr/local/lib/jvm/openjdk11/bin:/opt/pyenv/shims:/home/travis/.phpenv/shims:/home/travis/perl5/perlbrew/bin:/home/travis/gopath/bin:/home/travis/.gimme/versions/go1.11.1.linux.amd64/bin:/usr/local/maven-3.6.0/bin:/usr/local/cmake-3.12.4/bin:/usr/local/clang-7.0.0/bin:/usr/local/sbin:/usr/local/bin:/usr/sbin:/usr/bin:/sbin:/bin:/snap/bin:/home/travis/.phpenv/bin:/opt/pyenv/bin:/home/travis/.yarn/bin" />
    <property name="env.TRAVIS_OS_NAME" value="linux" />
    <property name="ant.java.version" value="9" />
    <property name="basedir" value="/home/travis/build/icyphy/ptII" />
    <property name="java.class.version" value="55.0" />
    <property name="env.SHLVL" value="3" />
    <property name="env.LD_LIBRARY_PATH" value="/home/travis/pthla/certi-tools/lib:/usr/lib/jni:/usr/local/share/OpenCV/java/:/usr/share/OpenCV/java:" />
    <property name="env.RACK_ENV" value="test" />
    <property name="ant.home" value="/home/travis/build/icyphy/ptII/ant" />
    <property name="env.NVM_DIR" value="/home/travis/.nvm" />
    <property name="env.CERTI_FOM_PATH" value="/home/travis/pthla/certi-tools/share/federations" />
    <property name="env.TRAVIS_BUILD_ID" value="632762646" />
    <property name="env.PYENV_ROOT" value="/opt/pyenv" />
    <property name="env.TRAVIS_UID" value="2000" />
    <property name="prism.verbose" value="true" />
    <property name="env.NVM_BIN" value="/home/travis/.nvm/versions/node/v7.10.1/bin" />
    <property name="env.TRAVIS_COMMIT" value="306228930c82f8432c4c29642b91a70b1d158448" />
    <property name="env._system_arch" value="x86_64" />
    <property name="node.executable" value="node" />
    <property name="sun.boot.library.path" value="/usr/local/lib/jvm/openjdk11/lib" />
    <property name="sun.management.compiler" value="HotSpot 64-Bit Tiered Compilers" />
    <property name="java.awt.graphicsenv" value="sun.awt.X11GraphicsEnvironment" />
    <property name="env.GOPATH" value="/home/travis/gopath" />
    <property name="ptolemy.ptII.dir" value="/home/travis/build/icyphy/ptII" />
    <property name="env.USER" value="travis" />
    <property name="env.HISTFILESIZE" value="2000" />
    <property name="timeout.longest" value="19000000" />
    <property name="env.PERLBREW_SHELLRC_VERSION" value="0.86" />
    <property name="env.TRAVIS_STACK_FEATURES" value="basic couchdb disabled-ipv6 docker docker-compose elasticsearch firefox go-toolchain google-chrome jdk memcached mongodb mysql nodejs_interpreter perl_interpreter perlbrew phantomjs postgresql python_interpreter redis ruby_interpreter sqlite xserver" />
    <property name="env.TRAVIS_PULL_REQUEST" value="false" />
    <property name="env.PYENV_SHELL" value="bash" />
    <property name="ant.project.name" value="ptII" />
    <property name="env.ANSI_RESET" value="\033[0m" />
    <property name="java.vm.specification.version" value="11" />
    <property name="env.TRAVIS_DIST" value="xenial" />
    <property name="env.CERTI_VERSION" value="4.0.0" />
    <property name="env.CERTI_HOST" value="localhost" />
    <property name="awt.toolkit" value="sun.awt.X11.XToolkit" />
    <property name="env.MY_RUBY_HOME" value="/home/travis/.rvm/rubies/ruby-2.5.3" />
    <property name="sun.cpu.isalist" value="" />
    <property name="env.TRAVIS_TMPDIR" value="/tmp/tmp.vxsddgvcKJ" />
    <property name="java.vm.compressedOopsMode" value="Zero based" />
    <property name="os.version" value="4.15.0-1028-gcp" />
    <property name="user.home" value="/home/travis" />
    <property name="java.vm.vendor" value="Oracle Corporation" />
    <property name="env.TRAVIS_TAG" value="nightly" />
    <property name="env.ANSI_YELLOW" value="\033[33;1m" />
    <property name="env.TRAVIS_FILTERED" value="redirect_io" />
    <property name="env.ANSI_GREEN" value="\033[32;1m" />
    <property name="env.JAVA_HOME" value="/usr/local/lib/jvm/openjdk11" />
    <property name="javadoc.excludepackagenames" value="adm.cvs2svn.*,build.*,config.*,doc.coding.templates.*,jni.test.jni.meaningOfLife.*,jni.test.jni.testDeux.*,jni.test.jni.testTrois.*,org.terraswarm.accessor.accessors.web.node_modules.*,org.terraswarm.accessor.accessors.web.hosts.cordova.demo.*,org.terraswarm.accessor.accessors.web.hosts.cordova.plugins.*,org.terraswarm.accessor.accessors-svn.*,pt-modules.*,ptolemy.apps.agilent.*,ptolemy.apps.anytimecontrol.*,ptolemy.apps.apes.*,ptolemy.apps.charon.*,ptolemy.apps.crazyboard.*,ptolemy.apps.eclipse.*,ptolemy.apps.etherealSting.*,ptolemy.apps.fullscreen.*,ptolemy.apps.giotto.*,ptolemy.apps.ia.*,ptolemy.apps.interfaces.*,ptolemy.apps.jmf.*,ptolemy.apps.kurt.*,ptolemy.apps.kvm.*,ptolemy.apps.lego.*,ptolemy.apps.lejos.*,ptolemy.apps.midp.*,ptolemy.apps.mobileCoding.*,ptolemy.apps.pendulum.*,ptolemy.apps.rijndael.*,ptolemy.apps.robot.*,ptolemy.apps.security.*,ptolemy.apps.sobel.*,ptolemy.apps.soot.*,ptolemy.apps.throttle.*,ptolemy.apps.tini.*,ptolemy.apps.transmission.*,ptolemy.apps.vergil.*,ptolemy.apps.waba.*,ptolemy.apps.websensor.*,ptolemy.apps.webstart.*,ptolemy.apps.xsl.*,ptolemy.apps.zaurus.*,ptolemy.codegen.c.actor.lib.oldJavaFiles.*,ptolemy.codegen.dsp.lib.*,ptolemy.codegen.kernel.newInterfaces.*,ptolemy.codegen.lib.*,ptolemy.copernicus.kernel.fragment.*,ptolemy.copernicus.shallow.cg.*,ptolemy.domains.giotto.demo.Hierarchy.Hierarchy.*,ptolemy.domains.giotto.demo.Multimode.Multimode.*,ptolemy.domains.giotto.demo.Simple.Simple.*,ptolemy.domains.gr.lib.experimental.*,ptolemy.domains.gro.*,ptolemy.domains.pdf.*,ptolemy.domains.ptinyos.demo.Surge.output.*,ptolemy.moml.test.NoPackageActor.java*,ptolemy.plot.adm.*,ptolemy.plot.servlet.*,reports.*,signed.*,src.*,target.*,vendors.*,ptolemy.copernicus.applet.*,ptolemy.media.viewer.*,ptolemy.actor.corba.*,doc.doclets.*,ptolemy.apps.eclipse.awt.*,ptolemy.backtrack.*,ptolemy.backtrack.ast.*,ptolemy.cg.adapter.generic.program.procedural.c.mbed*,ptolemy.homer.*,ptolemy.actor.lib.jai.*,org.ptolemy.scala.*,diva.util.java2d.svg.*,ptolemy.domains.ptinyos.*,ptolemy.actor.lib.fmi.fmipp.*,,org.terraswarm.accessor.accessors.web.node_modules.*,org.terraswarm.accessor.accessors-svn,ptolemy.apps.*,ptolemy.actor.ptalon.demo.ptinyos.SendAndReceiveCnt.output,ptolemy.actor.ptalon.demo.ptinyos.SenseToLeds.output,ptolemy.domains.ptinyos.demo.CntToLedsAndRfm.output,ptolemy.domains.ptinyos.demo.RfmToLeds.output,ptolemy.domains.ptinyos.demo.SendAndReceiveCnt.output,ptolemy.domains.ptinyos.demo.SenseToLeds.output,ptolemy.actor.lib.jjs.modules.udpSocket.*" />
    <property name="env.PTII" value="/home/travis/build/icyphy/ptII" />
    <property name="env.XDG_SESSION_ID" value="2" />
    <property name="keystore" value="ptKeystore" />
    <property name="env.TRAVIS_COMMIT_MESSAGE" value="Adjusted error message, which changed with version of Python." />
    <property name="junit.output.dir" value="/home/travis/build/icyphy/ptII/reports/junit" />
    <property name="npm.return.code" value="0" />
    <property name="user.dir" value="/home/travis/build/icyphy/ptII/ptolemy/actor/lib/test" />
    <property name="env.TRAVIS_NODE_VERSION" value="7" />
    <property name="env.TRAVIS_EVENT_TYPE" value="push" />
    <property name="env.MAIL" value="/var/mail/travis" />
    <property name="env.PERLBREW_ROOT" value="/home/travis/perl5/perlbrew" />
    <property name="env.PWD" value="/home/travis/build/icyphy/ptII" />
    <property name="timeout.npm" value="45000" />
    <property name="env.TRAVIS_ARCH" value="amd64" />
    <property name="sun.cpu.endian" value="little" />
    <property name="env.PAGER" value="cat" />
    <property name="env.TRAVIS_BUILD_STAGE_NAME" value="Test" />
    <property name="env.PERLBREW_HOME" value="/home/travis/.perlbrew" />
    <property name="java.vm.version" value="11.0.2+9" />
    <property name="env.RAILS_ENV" value="test" />
    <property name="java.class.path" value="/home/travis/.ptolemyII:/home/travis/.ptolemyII/*:/home/travis/build/icyphy/ptII:/home/travis/build/icyphy/ptII/lib/bsh-2.0b4.jar:/home/travis/build/icyphy/ptII/lib/ptCal.jar:/home/travis/build/icyphy/ptII/lib/java_cup.jar:/home/travis/build/icyphy/ptII/lib/saxon8.jar:/home/travis/build/icyphy/ptII/lib/saxon8-dom.jar:/home/travis/build/icyphy/ptII/lib/chic.jar:/home/travis/build/icyphy/ptII/lib/ptcolt.jar:/home/travis/build/icyphy/ptII/vendors/misc/itext/iText.jar:/home/travis/build/icyphy/ptII/lib/g4ltl.jar:/home/travis/build/icyphy/ptII/lib/StructuralCoder.jar:/home/travis/build/icyphy/ptII/lib/jcerti.jar:/home/travis/build/icyphy/ptII/lib/javax.mail.jar:/home/travis/build/icyphy/ptII/vendors/JMF-2.1.1e/lib/jmf.jar:/home/travis/build/icyphy/ptII/lib/jna-4.0.0-variadic.jar:/home/travis/build/icyphy/ptII/vendors/misc/joystick/Joystick.jar:/home/travis/build/icyphy/ptII/lib/ptjacl.jar:/home/travis/build/icyphy/ptII/lib/jsoup-1.8.2.jar:/home/travis/build/icyphy/ptII/lib/junit-4.8.2.jar:/home/travis/build/icyphy/ptII/lib/JUnitParams-0.4.0.jar:/home/travis/build/icyphy/ptII/ptolemy/actor/lib/excel/jxl.jar:/home/travis/build/icyphy/ptII/lib/jython.jar:/home/travis/build/icyphy/ptII/lib/kieler.jar:/home/travis/build/icyphy/ptII/vendors/opencv/share/OpenCV/java/opencv-341.jar:/home/travis/build/icyphy/ptII/lib/oscP5.jar:/home/travis/build/icyphy/ptII/lib/nrjavaserial-3.11.0.devel.jar:/home/travis/build/icyphy/ptII/vendors/j3d/lib/Linux/j3dcore.jar:/home/travis/build/icyphy/ptII/vendors/j3d/lib/Linux/j3dutils.jar:/home/travis/build/icyphy/ptII/vendors/j3d/lib/Linux/vecmath.jar:/home/travis/build/icyphy/ptII/vendors/jogl/lib/Linux/gluegen-rt-natives-linux-amd64.jar:/home/travis/build/icyphy/ptII/vendors/jogl/lib/Linux/gluegen-rt.jar:/home/travis/build/icyphy/ptII/vendors/jogl/lib/Linux/jogl-all-natives-linux-amd64.jar:/home/travis/build/icyphy/ptII/vendors/jogl/lib/Linux/jogl-all.jar:/home/travis/build/icyphy/ptII/ptolemy/distributed/jini/jar/jini-core.jar:/home/travis/build/icyphy/ptII/ptolemy/distributed/jini/jar/jini-ext.jar:/home/travis/build/icyphy/ptII/ptolemy/distributed/jini/jar/sun-util.jar:/home/travis/build/icyphy/ptII/lib/protobuf-java-2.4.1.jar:/home/travis/build/icyphy/ptII/lib/org.eclipse.paho.client.mqttv3.jar:/home/travis/build/icyphy/ptII/lib/mapss.jar:/home/travis/build/icyphy/ptII/ptolemy/actor/ptalon/antlr/antlr.jar:/home/travis/build/icyphy/ptII/lib/JRI.jar:/home/travis/build/icyphy/ptII/lib/commons-lang-2.6.jar:/home/travis/build/icyphy/ptII/lib/commons-logging-1.1.1.jar:/home/travis/build/icyphy/ptII/lib/sootclasses.jar:/home/travis/build/icyphy/ptII/ptolemy/actor/lib/database/mysql-connector-java-5.1.6-bin.jar:/home/travis/build/icyphy/ptII/vendors/misc/sphinx4/sphinx4-data-5prealpha.jar:/home/travis/build/icyphy/ptII/vendors/misc/sphinx4/sphinx4-core-5prealpha.jar:/home/travis/build/icyphy/ptII/lib/PDFRenderer.jar:/home/travis/build/icyphy/ptII/lib/svgSalamander.jar:/home/travis/build/icyphy/ptII/lib/rsyntaxtextarea-2.6.0-SNAPSHOT.jar:/home/travis/build/icyphy/ptII/lib/hazelcast-3.8.2.jar:/home/travis/build/icyphy/ptII/lib/jackson-annotations-2.9.0.jar:/home/travis/build/icyphy/ptII/lib/jackson-core-2.9.3.jar:/home/travis/build/icyphy/ptII/lib/jackson-databind-2.9.3.jar:/home/travis/build/icyphy/ptII/lib/netty-buffer-4.1.19.Final.jar:/home/travis/build/icyphy/ptII/lib/netty-codec-4.1.19.Final.jar:/home/travis/build/icyphy/ptII/lib/netty-codec-dns-4.1.19.Final.jar:/home/travis/build/icyphy/ptII/lib/netty-codec-http-4.1.19.Final.jar:/home/travis/build/icyphy/ptII/lib/netty-codec-http2-4.1.19.Final.jar:/home/travis/build/icyphy/ptII/lib/netty-common-4.1.19.Final.jar:/home/travis/build/icyphy/ptII/lib/netty-handler-4.1.19.Final.jar:/home/travis/build/icyphy/ptII/lib/netty-resolver-4.1.19.Final.jar:/home/travis/build/icyphy/ptII/lib/netty-resolver-dns-4.1.19.Final.jar:/home/travis/build/icyphy/ptII/lib/netty-transport-4.1.19.Final.jar:/home/travis/build/icyphy/ptII/lib/vertx-codegen-3.5.1.jar:/home/travis/build/icyphy/ptII/lib/vertx-core-3.5.2-SNAPSHOT.jar:/home/travis/build/icyphy/ptII/lib/vertx-hazelcast-3.5.1.jar:/home/travis/build/icyphy/ptII/lib/vertx-lang-js-3.5.1.jar:/home/travis/build/icyphy/ptII/lib/vertx-service-proxy-3.5.1.jar:/home/travis/build/icyphy/ptII/lib/vertx-web-3.5.1.jar:/home/travis/build/icyphy/ptII/lib/slf4j-api-1.7.13.jar:/home/travis/build/icyphy/ptII/lib/slf4j-simple-1.7.13.jar:/home/travis/build/icyphy/ptII/lib/webcam-capture-0.3.12.jar:/home/travis/build/icyphy/ptII/lib/bridj-0.7.0.jar:/home/travis/build/icyphy/ptII/lib/xbjlib-1.1.0.nrjavaserial.jar:/home/travis/build/icyphy/ptII/ptolemy/moml/test:/home/travis/build/icyphy/ptII/ant/lib/ant-launcher.jar:/home/travis/build/icyphy/ptII/ant/lib/ant.jar:/home/travis/build/icyphy/ptII/ant/lib/ant-junit.jar:/home/travis/build/icyphy/ptII/ant/lib/ant-junit4.jar" />
    <property name="ant.library.dir" value="/home/travis/build/icyphy/ptII/ant/lib" />
    <property name="os.arch" value="amd64" />
    <property name="env.CONTINUOUS_INTEGRATION" value="true" />
    <property name="env.TRAVIS_LANGUAGE" value="node_js" />
    <property name="env.TRAVIS_STACK_LANGUAGES" value="__sardonyx__ c c++ clojure cplusplus cpp default generic go groovy java node_js php pure_java python ruby scala" />
    <property name="test.name" value="ptolemy.actor.lib.test.junit.JUnitTclTest" />
    <property name="env.APT_KEY_DONT_WARN_ON_DANGEROUS_USAGE" value="1" />
    <property name="sun.java.launcher" value="SUN_STANDARD" />
    <property name="env.PYTHON_CONFIGURE_OPTS" value="--enable-unicode=ucs4 --with-wide-unicode --enable-shared --enable-ipv6 --enable-loadable-sqlite-extensions --with-computed-gotos" />
    <property name="ant.core.lib" value="/home/travis/build/icyphy/ptII/ant/lib/ant.jar" />
    <property name="java.vm.specification.vendor" value="Oracle Corporation" />
    <property name="env.BCVTB_HOME" value="/home/travis/build/icyphy/ptII/lbnl" />
    <property name="file.separator" value="/" />
    <property name="spotbugs.home" value="/home/travis/build/icyphy/ptII/vendors/spotbugs-3.1.1" />
    <property name="java.runtime.version" value="11.0.2+9" />
    <property name="env.ANSI_CLEAR" value="\033[0K" />
    <property name="javafx.verbose" value="true" />
    <property name="env.HAS_JOSH_K_SEAL_OF_APPROVAL" value="true" />
    <property name="env.XDG_RUNTIME_DIR" value="/run/user/2000" />
    <property name="env.TRAVIS_OSX_IMAGE" value="" />
    <property name="env.TRAVIS_JOB_ID" value="632762654" />
    <property name="env.TRAVIS_BRANCH" value="master" />
    <property name="user.country" value="US" />
    <property name="env.CERTI_HOME_TRAVIS" value="/home/travis/pthla/certi-tools" />
    <property name="env.SHELL" value="/bin/bash" />
    <property name="java.maxmemory.large" value="3200m" />
    <property name="model" value="" />
    <property name="env.CASHER_DIR" value="/home/travis/.casher" />
    <property name="env.NVM_CD_FLAGS" value="" />
    <property name="java.vendor.version" value="18.9" />
    <property name="jshint.executable" value="/home/travis/node_modules/jshint/bin/jshint" />
    <property name="env.JRUBY_OPTS" value=" --client -J-XX:+TieredCompilation -J-XX:TieredStopAtLevel=1 -J-Xss2m -Xcompile.invokedynamic=false" />
    <property name="java.vendor" value="Oracle Corporation" />
    <property name="env.TRAVIS_PRE_CHEF_BOOTSTRAP_TIME" value="2019-03-25T16:16:42" />
    <property name="env.TRAVIS_STACK_JOB_BOARD_REGISTER" value="/.job-board-register.yml" />
    <property name="env.ANSI_RED" value="\033[31;1m" />
    <property name="java.specification.version" value="11" />
    <property name="env.IRBRC" value="/home/travis/.rvm/rubies/ruby-2.5.3/.irbrc" />
    <property name="env.TRAVIS" value="true" />
    <property name="sun.arch.data.model" value="64" />
  </properties>
  <testcase classname="ptolemy.util.test.junit.TclTests" name="[0] /home/travis/build/icyphy/ptII/ptolemy/actor/lib/test/AbsoluteValue.tcl (RunTclFile)" time="0.471" />
  <testcase classname="ptolemy.util.test.junit.TclTests" name="[1] /home/travis/build/icyphy/ptII/ptolemy/actor/lib/test/AddSubtract.tcl (RunTclFile)" time="0.18" />
  <testcase classname="ptolemy.util.test.junit.TclTests" name="[2] /home/travis/build/icyphy/ptII/ptolemy/actor/lib/test/Average.tcl (RunTclFile)" time="0.046" />
  <testcase classname="ptolemy.util.test.junit.TclTests" name="[3] /home/travis/build/icyphy/ptII/ptolemy/actor/lib/test/Bernoulli.tcl (RunTclFile)" time="0.019" />
  <testcase classname="ptolemy.util.test.junit.TclTests" name="[4] /home/travis/build/icyphy/ptII/ptolemy/actor/lib/test/Clock.tcl (RunTclFile)" time="0.112" />
  <testcase classname="ptolemy.util.test.junit.TclTests" name="[5] /home/travis/build/icyphy/ptII/ptolemy/actor/lib/test/Commutator.tcl (RunTclFile)" time="0.173" />
  <testcase classname="ptolemy.util.test.junit.TclTests" name="[6] /home/travis/build/icyphy/ptII/ptolemy/actor/lib/test/Const.tcl (RunTclFile)" time="0.105" />
  <testcase classname="ptolemy.util.test.junit.TclTests" name="[7] /home/travis/build/icyphy/ptII/ptolemy/actor/lib/test/CurrentTime.tcl (RunTclFile)" time="0.04" />
  <testcase classname="ptolemy.util.test.junit.TclTests" name="[8] /home/travis/build/icyphy/ptII/ptolemy/actor/lib/test/DB.tcl (RunTclFile)" time="0.034" />
  <testcase classname="ptolemy.util.test.junit.TclTests" name="[9] /home/travis/build/icyphy/ptII/ptolemy/actor/lib/test/DiscreteRandomSource.tcl (RunTclFile)" time="0.044" />
  <testcase classname="ptolemy.util.test.junit.TclTests" name="[10] /home/travis/build/icyphy/ptII/ptolemy/actor/lib/test/Distributor.tcl (RunTclFile)" time="0.078" />
  <testcase classname="ptolemy.util.test.junit.TclTests" name="[11] /home/travis/build/icyphy/ptII/ptolemy/actor/lib/test/Exit.tcl (RunTclFile)" time="0.094" />
  <testcase classname="ptolemy.util.test.junit.TclTests" name="[12] /home/travis/build/icyphy/ptII/ptolemy/actor/lib/test/Expression.tcl (RunTclFile)" time="0.109" />
  <testcase classname="ptolemy.util.test.junit.TclTests" name="[13] /home/travis/build/icyphy/ptII/ptolemy/actor/lib/test/Gaussian.tcl (RunTclFile)" time="0.195" />
  <testcase classname="ptolemy.util.test.junit.TclTests" name="[14] /home/travis/build/icyphy/ptII/ptolemy/actor/lib/test/IIR.tcl (RunTclFile)" time="0.044" />
  <testcase classname="ptolemy.util.test.junit.TclTests" name="[15] /home/travis/build/icyphy/ptII/ptolemy/actor/lib/test/Interpolator.tcl (RunTclFile)" time="0.098" />
  <testcase classname="ptolemy.util.test.junit.TclTests" name="[16] /home/travis/build/icyphy/ptII/ptolemy/actor/lib/test/MathFunction.tcl (RunTclFile)" time="0.05" />
  <testcase classname="ptolemy.util.test.junit.TclTests" name="[17] /home/travis/build/icyphy/ptII/ptolemy/actor/lib/test/Maximum.tcl (RunTclFile)" time="0.021" />
  <testcase classname="ptolemy.util.test.junit.TclTests" name="[18] /home/travis/build/icyphy/ptII/ptolemy/actor/lib/test/Minimum.tcl (RunTclFile)" time="0.022" />
  <testcase classname="ptolemy.util.test.junit.TclTests" name="[19] /home/travis/build/icyphy/ptII/ptolemy/actor/lib/test/MultiplyDivide.tcl (RunTclFile)" time="0.018" />
  <testcase classname="ptolemy.util.test.junit.TclTests" name="[20] /home/travis/build/icyphy/ptII/ptolemy/actor/lib/test/OrderedMerge.tcl (RunTclFile)" time="0.101" />
  <testcase classname="ptolemy.util.test.junit.TclTests" name="[21] /home/travis/build/icyphy/ptII/ptolemy/actor/lib/test/Publisher.tcl (RunTclFile)" time="0.785" />
  <testcase classname="ptolemy.util.test.junit.TclTests" name="[22] /home/travis/build/icyphy/ptII/ptolemy/actor/lib/test/Pulse.tcl (RunTclFile)" time="0.061" />
  <testcase classname="ptolemy.util.test.junit.TclTests" name="[23] /home/travis/build/icyphy/ptII/ptolemy/actor/lib/test/Ramp.tcl (RunTclFile)" time="1.916" />
  <testcase classname="ptolemy.util.test.junit.TclTests" name="[24] /home/travis/build/icyphy/ptII/ptolemy/actor/lib/test/RampContinuous.tcl (RunTclFile)" time="0.018" />
  <testcase classname="ptolemy.util.test.junit.TclTests" name="[25] /home/travis/build/icyphy/ptII/ptolemy/actor/lib/test/RecordAssembler.tcl (RunTclFile)" time="0.015" />
  <testcase classname="ptolemy.util.test.junit.TclTests" name="[26] /home/travis/build/icyphy/ptII/ptolemy/actor/lib/test/RecordDisassembler.tcl (RunTclFile)" time="0.028" />
  <testcase classname="ptolemy.util.test.junit.TclTests" name="[27] /home/travis/build/icyphy/ptII/ptolemy/actor/lib/test/Scale.tcl (RunTclFile)" time="0.016" />
  <testcase classname="ptolemy.util.test.junit.TclTests" name="[28] /home/travis/build/icyphy/ptII/ptolemy/actor/lib/test/SequentialClock.tcl (RunTclFile)" time="0.011" />
  <testcase classname="ptolemy.util.test.junit.TclTests" name="[29] /home/travis/build/icyphy/ptII/ptolemy/actor/lib/test/SetVariable.tcl (RunTclFile)" time="0.008" />
  <testcase classname="ptolemy.util.test.junit.TclTests" name="[30] /home/travis/build/icyphy/ptII/ptolemy/actor/lib/test/Sinewave.tcl (RunTclFile)" time="0.027" />
  <testcase classname="ptolemy.util.test.junit.TclTests" name="[31] /home/travis/build/icyphy/ptII/ptolemy/actor/lib/test/SubscriptionAggregator.tcl (RunTclFile)" time="2.139" />
  <testcase classname="ptolemy.util.test.junit.TclTests" name="[32] /home/travis/build/icyphy/ptII/ptolemy/actor/lib/test/Test.tcl (RunTclFile)" time="0.11" />
  <testcase classname="ptolemy.util.test.junit.TclTests" name="[33] /home/travis/build/icyphy/ptII/ptolemy/actor/lib/test/TestExceptionHandler.tcl (RunTclFile)" time="0.014" />
  <testcase classname="ptolemy.util.test.junit.TclTests" name="[34] /home/travis/build/icyphy/ptII/ptolemy/actor/lib/test/UnionDisassembler.tcl (RunTclFile)" time="0.08" />
  <testcase classname="ptolemy.util.test.junit.TclTests" name="[35] /home/travis/build/icyphy/ptII/ptolemy/actor/lib/test/VariableClock.tcl (RunTclFile)" time="0.031" />
  <testcase classname="ptolemy.util.test.junit.AutoKnownFailedTests" name="[0] /home/travis/build/icyphy/ptII/ptolemy/actor/lib/test/auto/knownFailedTests/PublisherPortToplevelSubscriber.xml (RunModel)" time="0.029" />
  <testcase classname="ptolemy.util.test.junit.AutoKnownFailedTests" name="[1] /home/travis/build/icyphy/ptII/ptolemy/actor/lib/test/auto/knownFailedTests/PublisherSubscriberPortToplevel.xml (RunModel)" time="0.018" />
  <testcase classname="ptolemy.util.test.junit.AutoKnownFailedTests" name="[2] /home/travis/build/icyphy/ptII/ptolemy/actor/lib/test/auto/knownFailedTests/PublisherSubscriptionAggregatorPort.xml (RunModel)" time="0.014" />
  <testcase classname="ptolemy.util.test.junit.AutoKnownFailedTests" name="[3] /home/travis/build/icyphy/ptII/ptolemy/actor/lib/test/auto/knownFailedTests/sizedarray3.xml (RunModel)" time="0.03" />
  <testcase classname="ptolemy.util.test.junit.AutoNameArchTests" name="[0] ThereAreNoAutoArchTests (RunModel)" time="0.001" />
  <testcase classname="ptolemy.util.test.junit.AutoTests" name="[0] /home/travis/build/icyphy/ptII/ptolemy/actor/lib/test/auto/AbsoluteValue.xml (RunModel)" time="0.061" />
  <testcase classname="ptolemy.util.test.junit.AutoTests" name="[1] /home/travis/build/icyphy/ptII/ptolemy/actor/lib/test/auto/AbsoluteValue2.xml (RunModel)" time="0.058" />
  <testcase classname="ptolemy.util.test.junit.AutoTests" name="[2] /home/travis/build/icyphy/ptII/ptolemy/actor/lib/test/auto/Accumulator.xml (RunModel)" time="0.07" />
  <testcase classname="ptolemy.util.test.junit.AutoTests" name="[3] /home/travis/build/icyphy/ptII/ptolemy/actor/lib/test/auto/Accumulator2.xml (RunModel)" time="0.019" />
  <testcase classname="ptolemy.util.test.junit.AutoTests" name="[4] /home/travis/build/icyphy/ptII/ptolemy/actor/lib/test/auto/Accumulator3.xml (RunModel)" time="0.033" />
  <testcase classname="ptolemy.util.test.junit.AutoTests" name="[5] /home/travis/build/icyphy/ptII/ptolemy/actor/lib/test/auto/ArrayAppend.xml (RunModel)" time="0.03" />
  <testcase classname="ptolemy.util.test.junit.AutoTests" name="[6] /home/travis/build/icyphy/ptII/ptolemy/actor/lib/test/auto/ArrayAppend2.xml (RunModel)" time="0.345" />
  <testcase classname="ptolemy.util.test.junit.AutoTests" name="[7] /home/travis/build/icyphy/ptII/ptolemy/actor/lib/test/auto/ArrayAppend3.xml (RunModel)" time="0.041" />
  <testcase classname="ptolemy.util.test.junit.AutoTests" name="[8] /home/travis/build/icyphy/ptII/ptolemy/actor/lib/test/auto/ArrayAppend4.xml (RunModel)" time="0.021" />
  <testcase classname="ptolemy.util.test.junit.AutoTests" name="[9] /home/travis/build/icyphy/ptII/ptolemy/actor/lib/test/auto/ArrayAppend5.xml (RunModel)" time="0.019" />
  <testcase classname="ptolemy.util.test.junit.AutoTests" name="[10] /home/travis/build/icyphy/ptII/ptolemy/actor/lib/test/auto/ArrayAppend6.xml (RunModel)" time="0.024" />
  <testcase classname="ptolemy.util.test.junit.AutoTests" name="[11] /home/travis/build/icyphy/ptII/ptolemy/actor/lib/test/auto/ArrayAppendPerformanceTest.xml (RunModel)" time="0.063" />
  <testcase classname="ptolemy.util.test.junit.AutoTests" name="[12] /home/travis/build/icyphy/ptII/ptolemy/actor/lib/test/auto/ArrayAppendWithEmptyInput.xml (RunModel)" time="0.051" />
  <testcase classname="ptolemy.util.test.junit.AutoTests" name="[13] /home/travis/build/icyphy/ptII/ptolemy/actor/lib/test/auto/ArrayAverage.xml (RunModel)" time="0.045" />
  <testcase classname="ptolemy.util.test.junit.AutoTests" name="[14] /home/travis/build/icyphy/ptII/ptolemy/actor/lib/test/auto/ArrayContains.xml (RunModel)" time="0.017" />
  <testcase classname="ptolemy.util.test.junit.AutoTests" name="[15] /home/travis/build/icyphy/ptII/ptolemy/actor/lib/test/auto/ArrayElement.xml (RunModel)" time="0.027" />
  <testcase classname="ptolemy.util.test.junit.AutoTests" name="[16] /home/travis/build/icyphy/ptII/ptolemy/actor/lib/test/auto/ArrayElementAsMatrix.xml (RunModel)" time="0.055" />
  <testcase classname="ptolemy.util.test.junit.AutoTests" name="[17] /home/travis/build/icyphy/ptII/ptolemy/actor/lib/test/auto/ArrayElementI.xml (RunModel)" time="0.03" />
  <testcase classname="ptolemy.util.test.junit.AutoTests" name="[18] /home/travis/build/icyphy/ptII/ptolemy/actor/lib/test/auto/ArrayExtract.xml (RunModel)" time="0.03" />
  <testcase classname="ptolemy.util.test.junit.AutoTests" name="[19] /home/travis/build/icyphy/ptII/ptolemy/actor/lib/test/auto/ArrayExtract2.xml (RunModel)" time="0.016" />
  <testcase classname="ptolemy.util.test.junit.AutoTests" name="[20] /home/travis/build/icyphy/ptII/ptolemy/actor/lib/test/auto/ArrayLength.xml (RunModel)" time="0.021" />
  <testcase classname="ptolemy.util.test.junit.AutoTests" name="[21] /home/travis/build/icyphy/ptII/ptolemy/actor/lib/test/auto/ArrayLevelCrossing.xml (RunModel)" time="0.04" />
  <testcase classname="ptolemy.util.test.junit.AutoTests" name="[22] /home/travis/build/icyphy/ptII/ptolemy/actor/lib/test/auto/ArrayLevelCrossing2.xml (RunModel)" time="0.023" />
  <testcase classname="ptolemy.util.test.junit.AutoTests" name="[23] /home/travis/build/icyphy/ptII/ptolemy/actor/lib/test/auto/ArrayPeakSearch.xml (RunModel)" time="0.037" />
  <testcase classname="ptolemy.util.test.junit.AutoTests" name="[24] /home/travis/build/icyphy/ptII/ptolemy/actor/lib/test/auto/ArrayPeakSearch2.xml (RunModel)" time="0.033" />
  <testcase classname="ptolemy.util.test.junit.AutoTests" name="[25] /home/travis/build/icyphy/ptII/ptolemy/actor/lib/test/auto/ArrayPeakSearch3.xml (RunModel)" time="0.031" />
  <testcase classname="ptolemy.util.test.junit.AutoTests" name="[26] /home/travis/build/icyphy/ptII/ptolemy/actor/lib/test/auto/ArrayRemoveElement.xml (RunModel)" time="0.031" />
  <testcase classname="ptolemy.util.test.junit.AutoTests" name="[27] /home/travis/build/icyphy/ptII/ptolemy/actor/lib/test/auto/ArraySort.xml (RunModel)" time="0.029" />
  <testcase classname="ptolemy.util.test.junit.AutoTests" name="[28] /home/travis/build/icyphy/ptII/ptolemy/actor/lib/test/auto/ArraySum.xml (RunModel)" time="0.02" />
  <testcase classname="ptolemy.util.test.junit.AutoTests" name="[29] /home/travis/build/icyphy/ptII/ptolemy/actor/lib/test/auto/ArrayToElements.xml (RunModel)" time="0.022" />
  <testcase classname="ptolemy.util.test.junit.AutoTests" name="[30] /home/travis/build/icyphy/ptII/ptolemy/actor/lib/test/auto/ArrayToMatrix.xml (RunModel)" time="0.066" />
  <testcase classname="ptolemy.util.test.junit.AutoTests" name="[31] /home/travis/build/icyphy/ptII/ptolemy/actor/lib/test/auto/ArrayUpdate1.xml (RunModel)" time="0.016" />
  <testcase classname="ptolemy.util.test.junit.AutoTests" name="[32] /home/travis/build/icyphy/ptII/ptolemy/actor/lib/test/auto/ArrayUpdate2.xml (RunModel)" time="0.012" />
  <testcase classname="ptolemy.util.test.junit.AutoTests" name="[33] /home/travis/build/icyphy/ptII/ptolemy/actor/lib/test/auto/ArrayUpdate3.xml (RunModel)" time="0.013" />
  <testcase classname="ptolemy.util.test.junit.AutoTests" name="[34] /home/travis/build/icyphy/ptII/ptolemy/actor/lib/test/auto/Assert1.xml (RunModel)" time="0.016" />
  <testcase classname="ptolemy.util.test.junit.AutoTests" name="[35] /home/travis/build/icyphy/ptII/ptolemy/actor/lib/test/auto/Assert2.xml (RunModel)" time="0.01" />
  <testcase classname="ptolemy.util.test.junit.AutoTests" name="[36] /home/travis/build/icyphy/ptII/ptolemy/actor/lib/test/auto/BooleanMultiplexor.xml (RunModel)" time="0.015" />
  <testcase classname="ptolemy.util.test.junit.AutoTests" name="[37] /home/travis/build/icyphy/ptII/ptolemy/actor/lib/test/auto/BooleanMultiplexor2.xml (RunModel)" time="0.014" />
  <testcase classname="ptolemy.util.test.junit.AutoTests" name="[38] /home/travis/build/icyphy/ptII/ptolemy/actor/lib/test/auto/BooleanMultiplexor3.xml (RunModel)" time="0.017" />
  <testcase classname="ptolemy.util.test.junit.AutoTests" name="[39] /home/travis/build/icyphy/ptII/ptolemy/actor/lib/test/auto/BooleanSelect.xml (RunModel)" time="0.022" />
  <testcase classname="ptolemy.util.test.junit.AutoTests" name="[40] /home/travis/build/icyphy/ptII/ptolemy/actor/lib/test/auto/BooleanSelect2.xml (RunModel)" time="0.015" />
  <testcase classname="ptolemy.util.test.junit.AutoTests" name="[41] /home/travis/build/icyphy/ptII/ptolemy/actor/lib/test/auto/BooleanSwitch.xml (RunModel)" time="0.015" />
  <testcase classname="ptolemy.util.test.junit.AutoTests" name="[42] /home/travis/build/icyphy/ptII/ptolemy/actor/lib/test/auto/BooleanSwitch2.xml (RunModel)" time="0.013" />
  <testcase classname="ptolemy.util.test.junit.AutoTests" name="[43] /home/travis/build/icyphy/ptII/ptolemy/actor/lib/test/auto/BooleanSwitchCloningBugWithClassRelationGroup.xml (RunModel)" time="0.032" />
  <testcase classname="ptolemy.util.test.junit.AutoTests" name="[44] /home/travis/build/icyphy/ptII/ptolemy/actor/lib/test/auto/BusActors.xml (RunModel)" time="0.057" />
  <testcase classname="ptolemy.util.test.junit.AutoTests" name="[45] /home/travis/build/icyphy/ptII/ptolemy/actor/lib/test/auto/ClassWrapper.xml (RunModel)" time="0.023" />
  <testcase classname="ptolemy.util.test.junit.AutoTests" name="[46] /home/travis/build/icyphy/ptII/ptolemy/actor/lib/test/auto/Clock.xml (RunModel)" time="0.009" />
  <testcase classname="ptolemy.util.test.junit.AutoTests" name="[47] /home/travis/build/icyphy/ptII/ptolemy/actor/lib/test/auto/Clock10.xml (RunModel)" time="0.019" />
  <testcase classname="ptolemy.util.test.junit.AutoTests" name="[48] /home/travis/build/icyphy/ptII/ptolemy/actor/lib/test/auto/Clock11.xml (RunModel)" time="0.015" />
  <testcase classname="ptolemy.util.test.junit.AutoTests" name="[49] /home/travis/build/icyphy/ptII/ptolemy/actor/lib/test/auto/Clock12.xml (RunModel)" time="0.021" />
  <testcase classname="ptolemy.util.test.junit.AutoTests" name="[50] /home/travis/build/icyphy/ptII/ptolemy/actor/lib/test/auto/Clock13.xml (RunModel)" time="0.013" />
  <testcase classname="ptolemy.util.test.junit.AutoTests" name="[51] /home/travis/build/icyphy/ptII/ptolemy/actor/lib/test/auto/Clock14.xml (RunModel)" time="0.013" />
  <testcase classname="ptolemy.util.test.junit.AutoTests" name="[52] /home/travis/build/icyphy/ptII/ptolemy/actor/lib/test/auto/Clock15.xml (RunModel)" time="0.01" />
  <testcase classname="ptolemy.util.test.junit.AutoTests" name="[53] /home/travis/build/icyphy/ptII/ptolemy/actor/lib/test/auto/Clock16.xml (RunModel)" time="0.089" />
  <testcase classname="ptolemy.util.test.junit.AutoTests" name="[54] /home/travis/build/icyphy/ptII/ptolemy/actor/lib/test/auto/Clock17.xml (RunModel)" time="0.047" />
  <testcase classname="ptolemy.util.test.junit.AutoTests" name="[55] /home/travis/build/icyphy/ptII/ptolemy/actor/lib/test/auto/Clock18.xml (RunModel)" time="0.05" />
  <testcase classname="ptolemy.util.test.junit.AutoTests" name="[56] /home/travis/build/icyphy/ptII/ptolemy/actor/lib/test/auto/Clock19.xml (RunModel)" time="0.04" />
  <testcase classname="ptolemy.util.test.junit.AutoTests" name="[57] /home/travis/build/icyphy/ptII/ptolemy/actor/lib/test/auto/Clock2.xml (RunModel)" time="0.012" />
  <testcase classname="ptolemy.util.test.junit.AutoTests" name="[58] /home/travis/build/icyphy/ptII/ptolemy/actor/lib/test/auto/Clock20.xml (RunModel)" time="0.018" />
  <testcase classname="ptolemy.util.test.junit.AutoTests" name="[59] /home/travis/build/icyphy/ptII/ptolemy/actor/lib/test/auto/Clock21.xml (RunModel)" time="0.013" />
  <testcase classname="ptolemy.util.test.junit.AutoTests" name="[60] /home/travis/build/icyphy/ptII/ptolemy/actor/lib/test/auto/Clock22.xml (RunModel)" time="0.012" />
  <testcase classname="ptolemy.util.test.junit.AutoTests" name="[61] /home/travis/build/icyphy/ptII/ptolemy/actor/lib/test/auto/Clock23.xml (RunModel)" time="0.02" />
  <testcase classname="ptolemy.util.test.junit.AutoTests" name="[62] /home/travis/build/icyphy/ptII/ptolemy/actor/lib/test/auto/Clock24.xml (RunModel)" time="0.013" />
  <testcase classname="ptolemy.util.test.junit.AutoTests" name="[63] /home/travis/build/icyphy/ptII/ptolemy/actor/lib/test/auto/Clock4.xml (RunModel)" time="0.009" />
  <testcase classname="ptolemy.util.test.junit.AutoTests" name="[64] /home/travis/build/icyphy/ptII/ptolemy/actor/lib/test/auto/Clock5.xml (RunModel)" time="0.013" />
  <testcase classname="ptolemy.util.test.junit.AutoTests" name="[65] /home/travis/build/icyphy/ptII/ptolemy/actor/lib/test/auto/Clock6.xml (RunModel)" time="0.012" />
  <testcase classname="ptolemy.util.test.junit.AutoTests" name="[66] /home/travis/build/icyphy/ptII/ptolemy/actor/lib/test/auto/Clock7.xml (RunModel)" time="0.008" />
  <testcase classname="ptolemy.util.test.junit.AutoTests" name="[67] /home/travis/build/icyphy/ptII/ptolemy/actor/lib/test/auto/Clock8.xml (RunModel)" time="0.013" />
  <testcase classname="ptolemy.util.test.junit.AutoTests" name="[68] /home/travis/build/icyphy/ptII/ptolemy/actor/lib/test/auto/Clock9.xml (RunModel)" time="0.012" />
  <testcase classname="ptolemy.util.test.junit.AutoTests" name="[69] /home/travis/build/icyphy/ptII/ptolemy/actor/lib/test/auto/CommDistDiscard.xml (RunModel)" time="0.026" />
  <testcase classname="ptolemy.util.test.junit.AutoTests" name="[70] /home/travis/build/icyphy/ptII/ptolemy/actor/lib/test/auto/Commutator.xml (RunModel)" time="0.014" />
  <testcase classname="ptolemy.util.test.junit.AutoTests" name="[71] /home/travis/build/icyphy/ptII/ptolemy/actor/lib/test/auto/Commutator2.xml (RunModel)" time="0.011" />
  <testcase classname="ptolemy.util.test.junit.AutoTests" name="[72] /home/travis/build/icyphy/ptII/ptolemy/actor/lib/test/auto/Commutator3.xml (RunModel)" time="0.012" />
  <testcase classname="ptolemy.util.test.junit.AutoTests" name="[73] /home/travis/build/icyphy/ptII/ptolemy/actor/lib/test/auto/Compare.xml (RunModel)" time="0.02" />
  <testcase classname="ptolemy.util.test.junit.AutoTests" name="[74] /home/travis/build/icyphy/ptII/ptolemy/actor/lib/test/auto/CompareDE.xml (RunModel)" time="0.019" />
  <testcase classname="ptolemy.util.test.junit.AutoTests" name="[75] /home/travis/build/icyphy/ptII/ptolemy/actor/lib/test/auto/ComplexDivide.xml (RunModel)" time="0.009" />
  <testcase classname="ptolemy.util.test.junit.AutoTests" name="[76] /home/travis/build/icyphy/ptII/ptolemy/actor/lib/test/auto/ComputeHistogram.xml (RunModel)" time="0.08" />
  <testcase classname="ptolemy.util.test.junit.AutoTests" name="[77] /home/travis/build/icyphy/ptII/ptolemy/actor/lib/test/auto/ConfigurationSelect.xml (RunModel)" time="0.022" />
  <testcase classname="ptolemy.util.test.junit.AutoTests" name="[78] /home/travis/build/icyphy/ptII/ptolemy/actor/lib/test/auto/ConfigurationSelect2.xml (RunModel)" time="0.016" />
  <testcase classname="ptolemy.util.test.junit.AutoTests" name="[79] /home/travis/build/icyphy/ptII/ptolemy/actor/lib/test/auto/ConfigurationSwitch.xml (RunModel)" time="0.029" />
  <testcase classname="ptolemy.util.test.junit.AutoTests" name="[80] /home/travis/build/icyphy/ptII/ptolemy/actor/lib/test/auto/ConfigurationSwitch2.xml (RunModel)" time="0.024" />
  <testcase classname="ptolemy.util.test.junit.AutoTests" name="[81] /home/travis/build/icyphy/ptII/ptolemy/actor/lib/test/auto/ConfigurationSwitchCloningBugWithClassRelationGroup.xml (RunModel)" time="0.024" />
  <testcase classname="ptolemy.util.test.junit.AutoTests" name="[82] /home/travis/build/icyphy/ptII/ptolemy/actor/lib/test/auto/ConfigurationSwitchSelectSDF.xml (RunModel)" time="0.019" />
  <testcase classname="ptolemy.util.test.junit.AutoTests" name="[83] /home/travis/build/icyphy/ptII/ptolemy/actor/lib/test/auto/ConfigurationSwitchSelectSDF2.xml (RunModel)" time="0.013" />
  <testcase classname="ptolemy.util.test.junit.AutoTests" name="[84] /home/travis/build/icyphy/ptII/ptolemy/actor/lib/test/auto/Const.xml (RunModel)" time="0.007" />
  <testcase classname="ptolemy.util.test.junit.AutoTests" name="[85] /home/travis/build/icyphy/ptII/ptolemy/actor/lib/test/auto/Const2.xml (RunModel)" time="0.011" />
  <testcase classname="ptolemy.util.test.junit.AutoTests" name="[86] /home/travis/build/icyphy/ptII/ptolemy/actor/lib/test/auto/Const3.xml (RunModel)" time="0.007" />
  <testcase classname="ptolemy.util.test.junit.AutoTests" name="[87] /home/travis/build/icyphy/ptII/ptolemy/actor/lib/test/auto/ConstantPublisherPort1.xml (RunModel)" time="0.027" />
  <testcase classname="ptolemy.util.test.junit.AutoTests" name="[88] /home/travis/build/icyphy/ptII/ptolemy/actor/lib/test/auto/ConstantPublisherPort2.xml (RunModel)" time="0.021" />
  <testcase classname="ptolemy.util.test.junit.AutoTests" name="[89] /home/travis/build/icyphy/ptII/ptolemy/actor/lib/test/auto/ConstantPublisherPort3.xml (RunModel)" time="0.018" />
  <testcase classname="ptolemy.util.test.junit.AutoTests" name="[90] /home/travis/build/icyphy/ptII/ptolemy/actor/lib/test/auto/ConstantPublisherPort4.xml (RunModel)" time="0.016" />
  <testcase classname="ptolemy.util.test.junit.AutoTests" name="[91] /home/travis/build/icyphy/ptII/ptolemy/actor/lib/test/auto/ConstantPublisherPort5.xml (RunModel)" time="0.031" />
  <testcase classname="ptolemy.util.test.junit.AutoTests" name="[92] /home/travis/build/icyphy/ptII/ptolemy/actor/lib/test/auto/ConstantPublisherPort6.xml (RunModel)" time="0.034" />
  <testcase classname="ptolemy.util.test.junit.AutoTests" name="[93] /home/travis/build/icyphy/ptII/ptolemy/actor/lib/test/auto/ConstantPublisherPort7.xml (RunModel)" time="0.035" />
  <testcase classname="ptolemy.util.test.junit.AutoTests" name="[94] /home/travis/build/icyphy/ptII/ptolemy/actor/lib/test/auto/ConstraintMonitor1.xml (RunModel)" time="0.04" />
  <testcase classname="ptolemy.util.test.junit.AutoTests" name="[95] /home/travis/build/icyphy/ptII/ptolemy/actor/lib/test/auto/ConstraintMonitor2.xml (RunModel)" time="0.009" />
  <testcase classname="ptolemy.util.test.junit.AutoTests" name="[96] /home/travis/build/icyphy/ptII/ptolemy/actor/lib/test/auto/ConstraintMonitor3.xml (RunModel)" time="0.018" />
  <testcase classname="ptolemy.util.test.junit.AutoTests" name="[97] /home/travis/build/icyphy/ptII/ptolemy/actor/lib/test/auto/ConstraintMonitor4.xml (RunModel)" time="0.011" />
  <testcase classname="ptolemy.util.test.junit.AutoTests" name="[98] /home/travis/build/icyphy/ptII/ptolemy/actor/lib/test/auto/ConstraintMonitor5.xml (RunModel)" time="0.011" />
  <testcase classname="ptolemy.util.test.junit.AutoTests" name="[99] /home/travis/build/icyphy/ptII/ptolemy/actor/lib/test/auto/ConstraintMonitor6.xml (RunModel)" time="0.012" />
  <testcase classname="ptolemy.util.test.junit.AutoTests" name="[100] /home/travis/build/icyphy/ptII/ptolemy/actor/lib/test/auto/ConstraintMonitor7.xml (RunModel)" time="0.018" />
  <testcase classname="ptolemy.util.test.junit.AutoTests" name="[101] /home/travis/build/icyphy/ptII/ptolemy/actor/lib/test/auto/ConstraintMonitor8.xml (RunModel)" time="0.014" />
  <testcase classname="ptolemy.util.test.junit.AutoTests" name="[102] /home/travis/build/icyphy/ptII/ptolemy/actor/lib/test/auto/Counter.xml (RunModel)" time="0.011" />
  <testcase classname="ptolemy.util.test.junit.AutoTests" name="[103] /home/travis/build/icyphy/ptII/ptolemy/actor/lib/test/auto/CurrentTimeSDF.xml (RunModel)" time="0.006" />
  <testcase classname="ptolemy.util.test.junit.AutoTests" name="[104] /home/travis/build/icyphy/ptII/ptolemy/actor/lib/test/auto/DB.xml (RunModel)" time="0.01" />
  <testcase classname="ptolemy.util.test.junit.AutoTests" name="[105] /home/travis/build/icyphy/ptII/ptolemy/actor/lib/test/auto/DBDE.xml (RunModel)" time="0.01" />
  <testcase classname="ptolemy.util.test.junit.AutoTests" name="[106] /home/travis/build/icyphy/ptII/ptolemy/actor/lib/test/auto/DateConstructor.xml (RunModel)" time="0.068" />
  <testcase classname="ptolemy.util.test.junit.AutoTests" name="[107] /home/travis/build/icyphy/ptII/ptolemy/actor/lib/test/auto/DelayTime.xml (RunModel)" time="0.011" />
  <testcase classname="ptolemy.util.test.junit.AutoTests" name="[108] /home/travis/build/icyphy/ptII/ptolemy/actor/lib/test/auto/Dictionary1.xml (RunModel)" time="0.012" />
  <testcase classname="ptolemy.util.test.junit.AutoTests" name="[109] /home/travis/build/icyphy/ptII/ptolemy/actor/lib/test/auto/Dictionary2.xml (RunModel)" time="0.011" />
  <testcase classname="ptolemy.util.test.junit.AutoTests" name="[110] /home/travis/build/icyphy/ptII/ptolemy/actor/lib/test/auto/Dictionary3.xml (RunModel)" time="0.011" />
  <testcase classname="ptolemy.util.test.junit.AutoTests" name="[111] /home/travis/build/icyphy/ptII/ptolemy/actor/lib/test/auto/Dictionary4.xml (RunModel)" time="0.02" />
  <testcase classname="ptolemy.util.test.junit.AutoTests" name="[112] /home/travis/build/icyphy/ptII/ptolemy/actor/lib/test/auto/Differential.xml (RunModel)" time="0.01" />
  <testcase classname="ptolemy.util.test.junit.AutoTests" name="[113] /home/travis/build/icyphy/ptII/ptolemy/actor/lib/test/auto/Director.xml (RunModel)" time="0.01" />
  <testcase classname="ptolemy.util.test.junit.AutoTests" name="[114] /home/travis/build/icyphy/ptII/ptolemy/actor/lib/test/auto/DiscreteClock.xml (RunModel)" time="0.007" />
  <testcase classname="ptolemy.util.test.junit.AutoTests" name="[115] /home/travis/build/icyphy/ptII/ptolemy/actor/lib/test/auto/DiscreteClock10.xml (RunModel)" time="0.014" />
  <testcase classname="ptolemy.util.test.junit.AutoTests" name="[116] /home/travis/build/icyphy/ptII/ptolemy/actor/lib/test/auto/DiscreteClock11.xml (RunModel)" time="0.012" />
  <testcase classname="ptolemy.util.test.junit.AutoTests" name="[117] /home/travis/build/icyphy/ptII/ptolemy/actor/lib/test/auto/DiscreteClock12.xml (RunModel)" time="0.013" />
  <testcase classname="ptolemy.util.test.junit.AutoTests" name="[118] /home/travis/build/icyphy/ptII/ptolemy/actor/lib/test/auto/DiscreteClock13.xml (RunModel)" time="0.013" />
  <testcase classname="ptolemy.util.test.junit.AutoTests" name="[119] /home/travis/build/icyphy/ptII/ptolemy/actor/lib/test/auto/DiscreteClock14.xml (RunModel)" time="0.012" />
  <testcase classname="ptolemy.util.test.junit.AutoTests" name="[120] /home/travis/build/icyphy/ptII/ptolemy/actor/lib/test/auto/DiscreteClock15.xml (RunModel)" time="0.013" />
  <testcase classname="ptolemy.util.test.junit.AutoTests" name="[121] /home/travis/build/icyphy/ptII/ptolemy/actor/lib/test/auto/DiscreteClock16.xml (RunModel)" time="0.045" />
  <testcase classname="ptolemy.util.test.junit.AutoTests" name="[122] /home/travis/build/icyphy/ptII/ptolemy/actor/lib/test/auto/DiscreteClock17.xml (RunModel)" time="0.035" />
  <testcase classname="ptolemy.util.test.junit.AutoTests" name="[123] /home/travis/build/icyphy/ptII/ptolemy/actor/lib/test/auto/DiscreteClock18.xml (RunModel)" time="0.034" />
  <testcase classname="ptolemy.util.test.junit.AutoTests" name="[124] /home/travis/build/icyphy/ptII/ptolemy/actor/lib/test/auto/DiscreteClock19.xml (RunModel)" time="0.047" />
  <testcase classname="ptolemy.util.test.junit.AutoTests" name="[125] /home/travis/build/icyphy/ptII/ptolemy/actor/lib/test/auto/DiscreteClock2.xml (RunModel)" time="0.008" />
  <testcase classname="ptolemy.util.test.junit.AutoTests" name="[126] /home/travis/build/icyphy/ptII/ptolemy/actor/lib/test/auto/DiscreteClock20.xml (RunModel)" time="0.016" />
  <testcase classname="ptolemy.util.test.junit.AutoTests" name="[127] /home/travis/build/icyphy/ptII/ptolemy/actor/lib/test/auto/DiscreteClock21.xml (RunModel)" time="0.015" />
  <testcase classname="ptolemy.util.test.junit.AutoTests" name="[128] /home/travis/build/icyphy/ptII/ptolemy/actor/lib/test/auto/DiscreteClock22.xml (RunModel)" time="0.01" />
  <testcase classname="ptolemy.util.test.junit.AutoTests" name="[129] /home/travis/build/icyphy/ptII/ptolemy/actor/lib/test/auto/DiscreteClock23.xml (RunModel)" time="0.017" />
  <testcase classname="ptolemy.util.test.junit.AutoTests" name="[130] /home/travis/build/icyphy/ptII/ptolemy/actor/lib/test/auto/DiscreteClock24.xml (RunModel)" time="0.01" />
  <testcase classname="ptolemy.util.test.junit.AutoTests" name="[131] /home/travis/build/icyphy/ptII/ptolemy/actor/lib/test/auto/DiscreteClock4.xml (RunModel)" time="0.017" />
  <testcase classname="ptolemy.util.test.junit.AutoTests" name="[132] /home/travis/build/icyphy/ptII/ptolemy/actor/lib/test/auto/DiscreteClock5.xml (RunModel)" time="0.009" />
  <testcase classname="ptolemy.util.test.junit.AutoTests" name="[133] /home/travis/build/icyphy/ptII/ptolemy/actor/lib/test/auto/DiscreteClock6.xml (RunModel)" time="0.011" />
  <testcase classname="ptolemy.util.test.junit.AutoTests" name="[134] /home/travis/build/icyphy/ptII/ptolemy/actor/lib/test/auto/DiscreteClock7.xml (RunModel)" time="0.009" />
  <testcase classname="ptolemy.util.test.junit.AutoTests" name="[135] /home/travis/build/icyphy/ptII/ptolemy/actor/lib/test/auto/DiscreteClock8.xml (RunModel)" time="0.011" />
  <testcase classname="ptolemy.util.test.junit.AutoTests" name="[136] /home/travis/build/icyphy/ptII/ptolemy/actor/lib/test/auto/DiscreteClock9.xml (RunModel)" time="0.012" />
  <testcase classname="ptolemy.util.test.junit.AutoTests" name="[137] /home/travis/build/icyphy/ptII/ptolemy/actor/lib/test/auto/DisplayArray.xml (RunModel)" time="0.022" />
  <testcase classname="ptolemy.util.test.junit.AutoTests" name="[138] /home/travis/build/icyphy/ptII/ptolemy/actor/lib/test/auto/Distributor.xml (RunModel)" time="0.009" />
  <testcase classname="ptolemy.util.test.junit.AutoTests" name="[139] /home/travis/build/icyphy/ptII/ptolemy/actor/lib/test/auto/Distributor2.xml (RunModel)" time="0.011" />
  <testcase classname="ptolemy.util.test.junit.AutoTests" name="[140] /home/travis/build/icyphy/ptII/ptolemy/actor/lib/test/auto/DownSample.xml (RunModel)" time="0.009" />
  <testcase classname="ptolemy.util.test.junit.AutoTests" name="[141] /home/travis/build/icyphy/ptII/ptolemy/actor/lib/test/auto/ElectronicUnitBase1.xml (RunModel)" time="0.058" />
  <testcase classname="ptolemy.util.test.junit.AutoTests" name="[142] /home/travis/build/icyphy/ptII/ptolemy/actor/lib/test/auto/ElementsToArray.xml (RunModel)" time="0.022" />
  <testcase classname="ptolemy.util.test.junit.AutoTests" name="[143] /home/travis/build/icyphy/ptII/ptolemy/actor/lib/test/auto/Equals.xml (RunModel)" time="0.025" />
  <testcase classname="ptolemy.util.test.junit.AutoTests" name="[144] /home/travis/build/icyphy/ptII/ptolemy/actor/lib/test/auto/Exec.xml (RunModel)" time="0.023" />
  <testcase classname="ptolemy.util.test.junit.AutoTests" name="[145] /home/travis/build/icyphy/ptII/ptolemy/actor/lib/test/auto/ExecEnvironment.xml (RunModel)" time="0.034" />
  <testcase classname="ptolemy.util.test.junit.AutoTests" name="[146] /home/travis/build/icyphy/ptII/ptolemy/actor/lib/test/auto/ExecNonZeroReturnOutput.xml (RunModel)" time="0.167" />
  <testcase classname="ptolemy.util.test.junit.AutoTests" name="[147] /home/travis/build/icyphy/ptII/ptolemy/actor/lib/test/auto/ExecRunDemos.xml (RunModel)" time="9.951" />
  <testcase classname="ptolemy.util.test.junit.AutoTests" name="[148] /home/travis/build/icyphy/ptII/ptolemy/actor/lib/test/auto/ExecStop.xml (RunModel)" time="5.041" />
  <testcase classname="ptolemy.util.test.junit.AutoTests" name="[149] /home/travis/build/icyphy/ptII/ptolemy/actor/lib/test/auto/ExecutionTimeSDF.xml (RunModel)" time="6.04" />
  <testcase classname="ptolemy.util.test.junit.AutoTests" name="[150] /home/travis/build/icyphy/ptII/ptolemy/actor/lib/test/auto/Expression1.xml (RunModel)" time="0.023" />
  <testcase classname="ptolemy.util.test.junit.AutoTests" name="[151] /home/travis/build/icyphy/ptII/ptolemy/actor/lib/test/auto/Expression10.xml (RunModel)" time="0.027" />
  <testcase classname="ptolemy.util.test.junit.AutoTests" name="[152] /home/travis/build/icyphy/ptII/ptolemy/actor/lib/test/auto/Expression11.xml (RunModel)" time="0.011" />
  <testcase classname="ptolemy.util.test.junit.AutoTests" name="[153] /home/travis/build/icyphy/ptII/ptolemy/actor/lib/test/auto/Expression12.xml (RunModel)" time="0.012" />
  <testcase classname="ptolemy.util.test.junit.AutoTests" name="[154] /home/travis/build/icyphy/ptII/ptolemy/actor/lib/test/auto/Expression13.xml (RunModel)" time="0.01" />
  <testcase classname="ptolemy.util.test.junit.AutoTests" name="[155] /home/travis/build/icyphy/ptII/ptolemy/actor/lib/test/auto/Expression14.xml (RunModel)" time="0.014" />
  <testcase classname="ptolemy.util.test.junit.AutoTests" name="[156] /home/travis/build/icyphy/ptII/ptolemy/actor/lib/test/auto/Expression15.xml (RunModel)" time="0.007" />
  <testcase classname="ptolemy.util.test.junit.AutoTests" name="[157] /home/travis/build/icyphy/ptII/ptolemy/actor/lib/test/auto/Expression16.xml (RunModel)" time="0.012" />
  <testcase classname="ptolemy.util.test.junit.AutoTests" name="[158] /home/travis/build/icyphy/ptII/ptolemy/actor/lib/test/auto/Expression17.xml (RunModel)" time="0.01" />
  <testcase classname="ptolemy.util.test.junit.AutoTests" name="[159] /home/travis/build/icyphy/ptII/ptolemy/actor/lib/test/auto/Expression18.xml (RunModel)" time="0.011" />
  <testcase classname="ptolemy.util.test.junit.AutoTests" name="[160] /home/travis/build/icyphy/ptII/ptolemy/actor/lib/test/auto/Expression2.xml (RunModel)" time="0.011" />
  <testcase classname="ptolemy.util.test.junit.AutoTests" name="[161] /home/travis/build/icyphy/ptII/ptolemy/actor/lib/test/auto/Expression3.xml (RunModel)" time="0.012" />
  <testcase classname="ptolemy.util.test.junit.AutoTests" name="[162] /home/travis/build/icyphy/ptII/ptolemy/actor/lib/test/auto/Expression4.xml (RunModel)" time="0.023" />
  <testcase classname="ptolemy.util.test.junit.AutoTests" name="[163] /home/travis/build/icyphy/ptII/ptolemy/actor/lib/test/auto/Expression5.xml (RunModel)" time="0.013" />
  <testcase classname="ptolemy.util.test.junit.AutoTests" name="[164] /home/travis/build/icyphy/ptII/ptolemy/actor/lib/test/auto/Expression6.xml (RunModel)" time="0.008" />
  <testcase classname="ptolemy.util.test.junit.AutoTests" name="[165] /home/travis/build/icyphy/ptII/ptolemy/actor/lib/test/auto/Expression7.xml (RunModel)" time="0.01" />
  <testcase classname="ptolemy.util.test.junit.AutoTests" name="[166] /home/travis/build/icyphy/ptII/ptolemy/actor/lib/test/auto/Expression8.xml (RunModel)" time="0.015" />
  <testcase classname="ptolemy.util.test.junit.AutoTests" name="[167] /home/travis/build/icyphy/ptII/ptolemy/actor/lib/test/auto/Expression9.xml (RunModel)" time="0.01" />
  <testcase classname="ptolemy.util.test.junit.AutoTests" name="[168] /home/travis/build/icyphy/ptII/ptolemy/actor/lib/test/auto/ExpressionConcatenateArrayType.xml (RunModel)" time="0.031" />
  <testcase classname="ptolemy.util.test.junit.AutoTests" name="[169] /home/travis/build/icyphy/ptII/ptolemy/actor/lib/test/auto/ExpressionConcatenateArrayType2.xml (RunModel)" time="0.021" />
  <testcase classname="ptolemy.util.test.junit.AutoTests" name="[170] /home/travis/build/icyphy/ptII/ptolemy/actor/lib/test/auto/ExpressionFix.xml (RunModel)" time="0.039" />
  <testcase classname="ptolemy.util.test.junit.AutoTests" name="[171] /home/travis/build/icyphy/ptII/ptolemy/actor/lib/test/auto/ExpressionFix2.xml (RunModel)" time="0.014" />
  <testcase classname="ptolemy.util.test.junit.AutoTests" name="[172] /home/travis/build/icyphy/ptII/ptolemy/actor/lib/test/auto/ExpressionFix3.xml (RunModel)" time="0.029" />
  <testcase classname="ptolemy.util.test.junit.AutoTests" name="[173] /home/travis/build/icyphy/ptII/ptolemy/actor/lib/test/auto/FileWriter1.xml (RunModel)" time="0.009" />
  <testcase classname="ptolemy.util.test.junit.AutoTests" name="[174] /home/travis/build/icyphy/ptII/ptolemy/actor/lib/test/auto/FileWriter2.xml (RunModel)" time="0.008" />
  <testcase classname="ptolemy.util.test.junit.AutoTests" name="[175] /home/travis/build/icyphy/ptII/ptolemy/actor/lib/test/auto/FileWriter3.xml (RunModel)" time="0.01" />
  <testcase classname="ptolemy.util.test.junit.AutoTests" name="[176] /home/travis/build/icyphy/ptII/ptolemy/actor/lib/test/auto/Gaussian.xml (RunModel)" time="0.018" />
  <testcase classname="ptolemy.util.test.junit.AutoTests" name="[177] /home/travis/build/icyphy/ptII/ptolemy/actor/lib/test/auto/Gaussian1.xml (RunModel)" time="0.013" />
  <testcase classname="ptolemy.util.test.junit.AutoTests" name="[178] /home/travis/build/icyphy/ptII/ptolemy/actor/lib/test/auto/Gaussian2.xml (RunModel)" time="0.024" />
  <testcase classname="ptolemy.util.test.junit.AutoTests" name="[179] /home/travis/build/icyphy/ptII/ptolemy/actor/lib/test/auto/GradientAdaptiveLattice.xml (RunModel)" time="0.015" />
  <testcase classname="ptolemy.util.test.junit.AutoTests" name="[180] /home/travis/build/icyphy/ptII/ptolemy/actor/lib/test/auto/IIR.xml (RunModel)" time="0.009" />
  <testcase classname="ptolemy.util.test.junit.AutoTests" name="[181] /home/travis/build/icyphy/ptII/ptolemy/actor/lib/test/auto/InputOutputTransparentPorts.xml (RunModel)" time="0.019" />
  <testcase classname="ptolemy.util.test.junit.AutoTests" name="[182] /home/travis/build/icyphy/ptII/ptolemy/actor/lib/test/auto/Interpolator.xml (RunModel)" time="0.01" />
  <testcase classname="ptolemy.util.test.junit.AutoTests" name="[183] /home/travis/build/icyphy/ptII/ptolemy/actor/lib/test/auto/InterpolatorFiringLimitDE.xml (RunModel)" time="0.012" />
  <testcase classname="ptolemy.util.test.junit.AutoTests" name="[184] /home/travis/build/icyphy/ptII/ptolemy/actor/lib/test/auto/Lattice.xml (RunModel)" time="0.007" />
  <testcase classname="ptolemy.util.test.junit.AutoTests" name="[185] /home/travis/build/icyphy/ptII/ptolemy/actor/lib/test/auto/LazyAOCTestLazy.xml (RunModel)" time="0.019" />
  <testcase classname="ptolemy.util.test.junit.AutoTests" name="[186] /home/travis/build/icyphy/ptII/ptolemy/actor/lib/test/auto/LazyAOCTestNonLazy.xml (RunModel)" time="0.045" />
  <testcase classname="ptolemy.util.test.junit.AutoTests" name="[187] /home/travis/build/icyphy/ptII/ptolemy/actor/lib/test/auto/LazyInnerClass.xml (RunModel)" time="0.052" />
  <testcase classname="ptolemy.util.test.junit.AutoTests" name="[188] /home/travis/build/icyphy/ptII/ptolemy/actor/lib/test/auto/LazyPubSub.xml (RunModel)" time="0.051" />
  <testcase classname="ptolemy.util.test.junit.AutoTests" name="[189] /home/travis/build/icyphy/ptII/ptolemy/actor/lib/test/auto/LazyPubSub2.xml (RunModel)" time="0.043" />
  <testcase classname="ptolemy.util.test.junit.AutoTests" name="[190] /home/travis/build/icyphy/ptII/ptolemy/actor/lib/test/auto/LazyPubSub3.xml (RunModel)" time="0.032" />
  <testcase classname="ptolemy.util.test.junit.AutoTests" name="[191] /home/travis/build/icyphy/ptII/ptolemy/actor/lib/test/auto/LazySubClassModel.xml (RunModel)" time="0.024" />
  <testcase classname="ptolemy.util.test.junit.AutoTests" name="[192] /home/travis/build/icyphy/ptII/ptolemy/actor/lib/test/auto/LevelCrossTest1.xml (RunModel)" time="0.008" />
  <testcase classname="ptolemy.util.test.junit.AutoTests" name="[193] /home/travis/build/icyphy/ptII/ptolemy/actor/lib/test/auto/LevelCrossTest10.xml (RunModel)" time="0.011" />
  <testcase classname="ptolemy.util.test.junit.AutoTests" name="[194] /home/travis/build/icyphy/ptII/ptolemy/actor/lib/test/auto/LevelCrossTest11.xml (RunModel)" time="0.013" />
  <testcase classname="ptolemy.util.test.junit.AutoTests" name="[195] /home/travis/build/icyphy/ptII/ptolemy/actor/lib/test/auto/LevelCrossTest12.xml (RunModel)" time="0.014" />
  <testcase classname="ptolemy.util.test.junit.AutoTests" name="[196] /home/travis/build/icyphy/ptII/ptolemy/actor/lib/test/auto/LevelCrossTest13.xml (RunModel)" time="0.011" />
  <testcase classname="ptolemy.util.test.junit.AutoTests" name="[197] /home/travis/build/icyphy/ptII/ptolemy/actor/lib/test/auto/LevelCrossTest2.xml (RunModel)" time="0.009" />
  <testcase classname="ptolemy.util.test.junit.AutoTests" name="[198] /home/travis/build/icyphy/ptII/ptolemy/actor/lib/test/auto/LevelCrossTest3.xml (RunModel)" time="0.01" />
  <testcase classname="ptolemy.util.test.junit.AutoTests" name="[199] /home/travis/build/icyphy/ptII/ptolemy/actor/lib/test/auto/LevelCrossTest4.xml (RunModel)" time="0.014" />
  <testcase classname="ptolemy.util.test.junit.AutoTests" name="[200] /home/travis/build/icyphy/ptII/ptolemy/actor/lib/test/auto/LevelCrossTest5.xml (RunModel)" time="0.014" />
  <testcase classname="ptolemy.util.test.junit.AutoTests" name="[201] /home/travis/build/icyphy/ptII/ptolemy/actor/lib/test/auto/LevelCrossTest6.xml (RunModel)" time="0.009" />
  <testcase classname="ptolemy.util.test.junit.AutoTests" name="[202] /home/travis/build/icyphy/ptII/ptolemy/actor/lib/test/auto/LevelCrossTest7.xml (RunModel)" time="0.014" />
  <testcase classname="ptolemy.util.test.junit.AutoTests" name="[203] /home/travis/build/icyphy/ptII/ptolemy/actor/lib/test/auto/LevelCrossTest8.xml (RunModel)" time="0.01" />
  <testcase classname="ptolemy.util.test.junit.AutoTests" name="[204] /home/travis/build/icyphy/ptII/ptolemy/actor/lib/test/auto/LevelCrossTest9.xml (RunModel)" time="0.02" />
  <testcase classname="ptolemy.util.test.junit.AutoTests" name="[205] /home/travis/build/icyphy/ptII/ptolemy/actor/lib/test/auto/LevinsonDurbin.xml (RunModel)" time="0.015" />
  <testcase classname="ptolemy.util.test.junit.AutoTests" name="[206] /home/travis/build/icyphy/ptII/ptolemy/actor/lib/test/auto/LevinsonDurbin2.xml (RunModel)" time="0.007" />
  <testcase classname="ptolemy.util.test.junit.AutoTests" name="[207] /home/travis/build/icyphy/ptII/ptolemy/actor/lib/test/auto/LevinsonDurbin3.xml (RunModel)" time="0.016" />
  <testcase classname="ptolemy.util.test.junit.AutoTests" name="[208] /home/travis/build/icyphy/ptII/ptolemy/actor/lib/test/auto/Limiter.xml (RunModel)" time="0.021" />
  <testcase classname="ptolemy.util.test.junit.AutoTests" name="[209] /home/travis/build/icyphy/ptII/ptolemy/actor/lib/test/auto/LinearDifferenceEquationSystem.xml (RunModel)" time="0.018" />
  <testcase classname="ptolemy.util.test.junit.AutoTests" name="[210] /home/travis/build/icyphy/ptII/ptolemy/actor/lib/test/auto/LookupTable.xml (RunModel)" time="0.009" />
  <testcase classname="ptolemy.util.test.junit.AutoTests" name="[211] /home/travis/build/icyphy/ptII/ptolemy/actor/lib/test/auto/MathFunction.xml (RunModel)" time="0.023" />
  <testcase classname="ptolemy.util.test.junit.AutoTests" name="[212] /home/travis/build/icyphy/ptII/ptolemy/actor/lib/test/auto/MathFunction2.xml (RunModel)" time="0.01" />
  <testcase classname="ptolemy.util.test.junit.AutoTests" name="[213] /home/travis/build/icyphy/ptII/ptolemy/actor/lib/test/auto/MathFunction3.xml (RunModel)" time="0.017" />
  <testcase classname="ptolemy.util.test.junit.AutoTests" name="[214] /home/travis/build/icyphy/ptII/ptolemy/actor/lib/test/auto/MatrixCropBoolean.xml (RunModel)" time="0.035" />
  <testcase classname="ptolemy.util.test.junit.AutoTests" name="[215] /home/travis/build/icyphy/ptII/ptolemy/actor/lib/test/auto/MatrixCropComplex.xml (RunModel)" time="0.01" />
  <testcase classname="ptolemy.util.test.junit.AutoTests" name="[216] /home/travis/build/icyphy/ptII/ptolemy/actor/lib/test/auto/MatrixCropDouble.xml (RunModel)" time="0.015" />
  <testcase classname="ptolemy.util.test.junit.AutoTests" name="[217] /home/travis/build/icyphy/ptII/ptolemy/actor/lib/test/auto/MatrixCropFix.xml (RunModel)" time="0.008" />
  <testcase classname="ptolemy.util.test.junit.AutoTests" name="[218] /home/travis/build/icyphy/ptII/ptolemy/actor/lib/test/auto/MatrixCropInt.xml (RunModel)" time="0.008" />
  <testcase classname="ptolemy.util.test.junit.AutoTests" name="[219] /home/travis/build/icyphy/ptII/ptolemy/actor/lib/test/auto/MatrixCropLong.xml (RunModel)" time="0.008" />
  <testcase classname="ptolemy.util.test.junit.AutoTests" name="[220] /home/travis/build/icyphy/ptII/ptolemy/actor/lib/test/auto/MatrixToArray.xml (RunModel)" time="0.047" />
  <testcase classname="ptolemy.util.test.junit.AutoTests" name="[221] /home/travis/build/icyphy/ptII/ptolemy/actor/lib/test/auto/MaxIndex.xml (RunModel)" time="0.011" />
  <testcase classname="ptolemy.util.test.junit.AutoTests" name="[222] /home/travis/build/icyphy/ptII/ptolemy/actor/lib/test/auto/Maximum.xml (RunModel)" time="0.011" />
  <testcase classname="ptolemy.util.test.junit.AutoTests" name="[223] /home/travis/build/icyphy/ptII/ptolemy/actor/lib/test/auto/MaximumComplex.xml (RunModel)" time="0.011" />
  <testcase classname="ptolemy.util.test.junit.AutoTests" name="[224] /home/travis/build/icyphy/ptII/ptolemy/actor/lib/test/auto/MethodCallTest.xml (RunModel)" time="0.025" />
  <testcase classname="ptolemy.util.test.junit.AutoTests" name="[225] /home/travis/build/icyphy/ptII/ptolemy/actor/lib/test/auto/Minimum.xml (RunModel)" time="0.014" />
  <testcase classname="ptolemy.util.test.junit.AutoTests" name="[226] /home/travis/build/icyphy/ptII/ptolemy/actor/lib/test/auto/MinimumComplex.xml (RunModel)" time="0.023" />
  <testcase classname="ptolemy.util.test.junit.AutoTests" name="[227] /home/travis/build/icyphy/ptII/ptolemy/actor/lib/test/auto/MinimumMultiports.xml (RunModel)" time="0.016" />
  <testcase classname="ptolemy.util.test.junit.AutoTests" name="[228] /home/travis/build/icyphy/ptII/ptolemy/actor/lib/test/auto/ModifyDate.xml (RunModel)" time="0.042" />
  <testcase classname="ptolemy.util.test.junit.AutoTests" name="[229] /home/travis/build/icyphy/ptII/ptolemy/actor/lib/test/auto/ModifyDate2.xml (RunModel)" time="0.02" />
  <testcase classname="ptolemy.util.test.junit.AutoTests" name="[230] /home/travis/build/icyphy/ptII/ptolemy/actor/lib/test/auto/MovingAverage.xml (RunModel)" time="0.008" />
  <testcase classname="ptolemy.util.test.junit.AutoTests" name="[231] /home/travis/build/icyphy/ptII/ptolemy/actor/lib/test/auto/MovingMaximum.xml (RunModel)" time="0.009" />
  <testcase classname="ptolemy.util.test.junit.AutoTests" name="[232] /home/travis/build/icyphy/ptII/ptolemy/actor/lib/test/auto/MultipleLinksToSameRelation.xml (RunModel)" time="0.007" />
  <testcase classname="ptolemy.util.test.junit.AutoTests" name="[233] /home/travis/build/icyphy/ptII/ptolemy/actor/lib/test/auto/MultipleLinksToSameRelationDE.xml (RunModel)" time="0.014" />
  <testcase classname="ptolemy.util.test.junit.AutoTests" name="[234] /home/travis/build/icyphy/ptII/ptolemy/actor/lib/test/auto/Multiplexor.xml (RunModel)" time="0.01" />
  <testcase classname="ptolemy.util.test.junit.AutoTests" name="[235] /home/travis/build/icyphy/ptII/ptolemy/actor/lib/test/auto/Multiplexor1.xml (RunModel)" time="0.01" />
  <testcase classname="ptolemy.util.test.junit.AutoTests" name="[236] /home/travis/build/icyphy/ptII/ptolemy/actor/lib/test/auto/Multiplexor2.xml (RunModel)" time="0.012" />
  <testcase classname="ptolemy.util.test.junit.AutoTests" name="[237] /home/travis/build/icyphy/ptII/ptolemy/actor/lib/test/auto/Multiplexor3.xml (RunModel)" time="0.008" />
  <testcase classname="ptolemy.util.test.junit.AutoTests" name="[238] /home/travis/build/icyphy/ptII/ptolemy/actor/lib/test/auto/MultiplexorDE.xml (RunModel)" time="0.017" />
  <testcase classname="ptolemy.util.test.junit.AutoTests" name="[239] /home/travis/build/icyphy/ptII/ptolemy/actor/lib/test/auto/MultiportBroadcastTest.xml (RunModel)" time="0.093" />
  <testcase classname="ptolemy.util.test.junit.AutoTests" name="[240] /home/travis/build/icyphy/ptII/ptolemy/actor/lib/test/auto/MultiportOutHangDuringGetWidth.xml (RunModel)" time="0.028" />
  <testcase classname="ptolemy.util.test.junit.AutoTests" name="[241] /home/travis/build/icyphy/ptII/ptolemy/actor/lib/test/auto/NilToken.xml (RunModel)" time="0.006" />
  <testcase classname="ptolemy.util.test.junit.AutoTests" name="[242] /home/travis/build/icyphy/ptII/ptolemy/actor/lib/test/auto/NilTokenNonStrictTest.xml (RunModel)" time="0.009" />
  <testcase classname="ptolemy.util.test.junit.AutoTests" name="[243] /home/travis/build/icyphy/ptII/ptolemy/actor/lib/test/auto/NilTokenRecord.xml (RunModel)" time="0.024" />
  <testcase classname="ptolemy.util.test.junit.AutoTests" name="[244] /home/travis/build/icyphy/ptII/ptolemy/actor/lib/test/auto/NilTokenTypeTest.xml (RunModel)" time="0.027" />
  <testcase classname="ptolemy.util.test.junit.AutoTests" name="[245] /home/travis/build/icyphy/ptII/ptolemy/actor/lib/test/auto/ObjectToken1.xml (RunModel)" time="0.007" />
  <testcase classname="ptolemy.util.test.junit.AutoTests" name="[246] /home/travis/build/icyphy/ptII/ptolemy/actor/lib/test/auto/OrderedMerge.xml (RunModel)" time="0.018" />
  <testcase classname="ptolemy.util.test.junit.AutoTests" name="[247] /home/travis/build/icyphy/ptII/ptolemy/actor/lib/test/auto/OrderedRecordDisassembler.xml (RunModel)" time="0.023" />
  <testcase classname="ptolemy.util.test.junit.AutoTests" name="[248] /home/travis/build/icyphy/ptII/ptolemy/actor/lib/test/auto/OrderedRecordDisassembler2.xml (RunModel)" time="0.018" />
  <testcase classname="ptolemy.util.test.junit.AutoTests" name="[249] /home/travis/build/icyphy/ptII/ptolemy/actor/lib/test/auto/OrderedRecordUpdater.xml (RunModel)" time="0.009" />
  <testcase classname="ptolemy.util.test.junit.AutoTests" name="[250] /home/travis/build/icyphy/ptII/ptolemy/actor/lib/test/auto/OrderedRecordUpdater2.xml (RunModel)" time="0.016" />
  <testcase classname="ptolemy.util.test.junit.AutoTests" name="[251] /home/travis/build/icyphy/ptII/ptolemy/actor/lib/test/auto/PhaseUnwrap.xml (RunModel)" time="0.013" />
  <testcase classname="ptolemy.util.test.junit.AutoTests" name="[252] /home/travis/build/icyphy/ptII/ptolemy/actor/lib/test/auto/PoissonClock.xml (RunModel)" time="0.01" />
  <testcase classname="ptolemy.util.test.junit.AutoTests" name="[253] /home/travis/build/icyphy/ptII/ptolemy/actor/lib/test/auto/PoissonClock2.xml (RunModel)" time="0.008" />
  <testcase classname="ptolemy.util.test.junit.AutoTests" name="[254] /home/travis/build/icyphy/ptII/ptolemy/actor/lib/test/auto/PoissonClock3.xml (RunModel)" time="0.021" />
  <testcase classname="ptolemy.util.test.junit.AutoTests" name="[255] /home/travis/build/icyphy/ptII/ptolemy/actor/lib/test/auto/PubSubWithInitialTokens.xml (RunModel)" time="0.015" />
  <testcase classname="ptolemy.util.test.junit.AutoTests" name="[256] /home/travis/build/icyphy/ptII/ptolemy/actor/lib/test/auto/PubSubWithInitialTokens2.xml (RunModel)" time="0.032" />
  <testcase classname="ptolemy.util.test.junit.AutoTests" name="[257] /home/travis/build/icyphy/ptII/ptolemy/actor/lib/test/auto/PublisherClassNoParameter.xml (RunModel)" time="0.024" />
  <testcase classname="ptolemy.util.test.junit.AutoTests" name="[258] /home/travis/build/icyphy/ptII/ptolemy/actor/lib/test/auto/PublisherClassParameter.xml (RunModel)" time="0.022" />
  <testcase classname="ptolemy.util.test.junit.AutoTests" name="[259] /home/travis/build/icyphy/ptII/ptolemy/actor/lib/test/auto/PublisherNonStrictTest.xml (RunModel)" time="0.014" />
  <testcase classname="ptolemy.util.test.junit.AutoTests" name="[260] /home/travis/build/icyphy/ptII/ptolemy/actor/lib/test/auto/PublisherPort1.xml (RunModel)" time="0.01" />
  <testcase classname="ptolemy.util.test.junit.AutoTests" name="[261] /home/travis/build/icyphy/ptII/ptolemy/actor/lib/test/auto/PublisherPort2.xml (RunModel)" time="0.007" />
  <testcase classname="ptolemy.util.test.junit.AutoTests" name="[262] /home/travis/build/icyphy/ptII/ptolemy/actor/lib/test/auto/PublisherPort3.xml (RunModel)" time="0.021" />
  <testcase classname="ptolemy.util.test.junit.AutoTests" name="[263] /home/travis/build/icyphy/ptII/ptolemy/actor/lib/test/auto/PublisherPort4.xml (RunModel)" time="0.012" />
  <testcase classname="ptolemy.util.test.junit.AutoTests" name="[264] /home/travis/build/icyphy/ptII/ptolemy/actor/lib/test/auto/PublisherPort5.xml (RunModel)" time="0.014" />
  <testcase classname="ptolemy.util.test.junit.AutoTests" name="[265] /home/travis/build/icyphy/ptII/ptolemy/actor/lib/test/auto/PublisherPort5LookAlike.xml (RunModel)" time="0.02" />
  <testcase classname="ptolemy.util.test.junit.AutoTests" name="[266] /home/travis/build/icyphy/ptII/ptolemy/actor/lib/test/auto/PublisherPort6.xml (RunModel)" time="0.011" />
  <testcase classname="ptolemy.util.test.junit.AutoTests" name="[267] /home/travis/build/icyphy/ptII/ptolemy/actor/lib/test/auto/PublisherPort7.xml (RunModel)" time="0.014" />
  <testcase classname="ptolemy.util.test.junit.AutoTests" name="[268] /home/travis/build/icyphy/ptII/ptolemy/actor/lib/test/auto/PublisherPort8.xml (RunModel)" time="0.015" />
  <testcase classname="ptolemy.util.test.junit.AutoTests" name="[269] /home/travis/build/icyphy/ptII/ptolemy/actor/lib/test/auto/PublisherPortSubscriberChannelVariablesAOC2.xml (RunModel)" time="0.035" />
  <testcase classname="ptolemy.util.test.junit.AutoTests" name="[270] /home/travis/build/icyphy/ptII/ptolemy/actor/lib/test/auto/PublisherPortSubscriberOpaqueWidthInference.xml (RunModel)" time="0.014" />
  <testcase classname="ptolemy.util.test.junit.AutoTests" name="[271] /home/travis/build/icyphy/ptII/ptolemy/actor/lib/test/auto/PublisherPortSubscriberPortAdjacent.xml (RunModel)" time="0.021" />
  <testcase classname="ptolemy.util.test.junit.AutoTests" name="[272] /home/travis/build/icyphy/ptII/ptolemy/actor/lib/test/auto/PublisherPortSubscriberPortExpression.xml (RunModel)" time="0.015" />
  <testcase classname="ptolemy.util.test.junit.AutoTests" name="[273] /home/travis/build/icyphy/ptII/ptolemy/actor/lib/test/auto/PublisherPortSubscriberPortOpaqueD3Reverse.xml (RunModel)" time="0.017" />
  <testcase classname="ptolemy.util.test.junit.AutoTests" name="[274] /home/travis/build/icyphy/ptII/ptolemy/actor/lib/test/auto/PublisherPortSubscriberPortOpaqueWidthInference.xml (RunModel)" time="0.014" />
  <testcase classname="ptolemy.util.test.junit.AutoTests" name="[275] /home/travis/build/icyphy/ptII/ptolemy/actor/lib/test/auto/PublisherPortToplevelSubscriberPortAOC.xml (RunModel)" time="0.01" />
  <testcase classname="ptolemy.util.test.junit.AutoTests" name="[276] /home/travis/build/icyphy/ptII/ptolemy/actor/lib/test/auto/PublisherSubscriber.xml (RunModel)" time="0.012" />
  <testcase classname="ptolemy.util.test.junit.AutoTests" name="[277] /home/travis/build/icyphy/ptII/ptolemy/actor/lib/test/auto/PublisherSubscriber10.xml (RunModel)" time="0.019" />
  <testcase classname="ptolemy.util.test.junit.AutoTests" name="[278] /home/travis/build/icyphy/ptII/ptolemy/actor/lib/test/auto/PublisherSubscriber10InitialOutputs.xml (RunModel)" time="0.031" />
  <testcase classname="ptolemy.util.test.junit.AutoTests" name="[279] /home/travis/build/icyphy/ptII/ptolemy/actor/lib/test/auto/PublisherSubscriber11.xml (RunModel)" time="0.012" />
  <testcase classname="ptolemy.util.test.junit.AutoTests" name="[280] /home/travis/build/icyphy/ptII/ptolemy/actor/lib/test/auto/PublisherSubscriber12.xml (RunModel)" time="0.017" />
  <testcase classname="ptolemy.util.test.junit.AutoTests" name="[281] /home/travis/build/icyphy/ptII/ptolemy/actor/lib/test/auto/PublisherSubscriber13.xml (RunModel)" time="0.009" />
  <testcase classname="ptolemy.util.test.junit.AutoTests" name="[282] /home/travis/build/icyphy/ptII/ptolemy/actor/lib/test/auto/PublisherSubscriber14.xml (RunModel)" time="0.026" />
  <testcase classname="ptolemy.util.test.junit.AutoTests" name="[283] /home/travis/build/icyphy/ptII/ptolemy/actor/lib/test/auto/PublisherSubscriber2.xml (RunModel)" time="0.008" />
  <testcase classname="ptolemy.util.test.junit.AutoTests" name="[284] /home/travis/build/icyphy/ptII/ptolemy/actor/lib/test/auto/PublisherSubscriber3.xml (RunModel)" time="0.009" />
  <testcase classname="ptolemy.util.test.junit.AutoTests" name="[285] /home/travis/build/icyphy/ptII/ptolemy/actor/lib/test/auto/PublisherSubscriber4.xml (RunModel)" time="0.008" />
  <testcase classname="ptolemy.util.test.junit.AutoTests" name="[286] /home/travis/build/icyphy/ptII/ptolemy/actor/lib/test/auto/PublisherSubscriber5.xml (RunModel)" time="0.011" />
  <testcase classname="ptolemy.util.test.junit.AutoTests" name="[287] /home/travis/build/icyphy/ptII/ptolemy/actor/lib/test/auto/PublisherSubscriber6.xml (RunModel)" time="0.013" />
  <testcase classname="ptolemy.util.test.junit.AutoTests" name="[288] /home/travis/build/icyphy/ptII/ptolemy/actor/lib/test/auto/PublisherSubscriber7.xml (RunModel)" time="0.018" />
  <testcase classname="ptolemy.util.test.junit.AutoTests" name="[289] /home/travis/build/icyphy/ptII/ptolemy/actor/lib/test/auto/PublisherSubscriber8.xml (RunModel)" time="0.034" />
  <testcase classname="ptolemy.util.test.junit.AutoTests" name="[290] /home/travis/build/icyphy/ptII/ptolemy/actor/lib/test/auto/PublisherSubscriber9.xml (RunModel)" time="0.017" />
  <testcase classname="ptolemy.util.test.junit.AutoTests" name="[291] /home/travis/build/icyphy/ptII/ptolemy/actor/lib/test/auto/PublisherSubscriberAdjacent.xml (RunModel)" time="0.015" />
  <testcase classname="ptolemy.util.test.junit.AutoTests" name="[292] /home/travis/build/icyphy/ptII/ptolemy/actor/lib/test/auto/PublisherSubscriberChannelVariablesAOC2.xml (RunModel)" time="0.025" />
  <testcase classname="ptolemy.util.test.junit.AutoTests" name="[293] /home/travis/build/icyphy/ptII/ptolemy/actor/lib/test/auto/PublisherSubscriberD3.xml (RunModel)" time="0.011" />
  <testcase classname="ptolemy.util.test.junit.AutoTests" name="[294] /home/travis/build/icyphy/ptII/ptolemy/actor/lib/test/auto/PublisherSubscriberD3Reverse.xml (RunModel)" time="0.01" />
  <testcase classname="ptolemy.util.test.junit.AutoTests" name="[295] /home/travis/build/icyphy/ptII/ptolemy/actor/lib/test/auto/PublisherSubscriberExpression.xml (RunModel)" time="0.017" />
  <testcase classname="ptolemy.util.test.junit.AutoTests" name="[296] /home/travis/build/icyphy/ptII/ptolemy/actor/lib/test/auto/PublisherSubscriberOpaque.xml (RunModel)" time="0.028" />
  <testcase classname="ptolemy.util.test.junit.AutoTests" name="[297] /home/travis/build/icyphy/ptII/ptolemy/actor/lib/test/auto/PublisherSubscriberOpaqueD3.xml (RunModel)" time="0.023" />
  <testcase classname="ptolemy.util.test.junit.AutoTests" name="[298] /home/travis/build/icyphy/ptII/ptolemy/actor/lib/test/auto/PublisherSubscriberOpaqueD3Reverse.xml (RunModel)" time="0.023" />
  <testcase classname="ptolemy.util.test.junit.AutoTests" name="[299] /home/travis/build/icyphy/ptII/ptolemy/actor/lib/test/auto/PublisherSubscriberOpaqueWidthInference.xml (RunModel)" time="0.014" />
  <testcase classname="ptolemy.util.test.junit.AutoTests" name="[300] /home/travis/build/icyphy/ptII/ptolemy/actor/lib/test/auto/PublisherTestSubscriber.xml (RunModel)" time="0.014" />
  <testcase classname="ptolemy.util.test.junit.AutoTests" name="[301] /home/travis/build/icyphy/ptII/ptolemy/actor/lib/test/auto/PublisherToplevelSubscriberPortAOC.xml (RunModel)" time="0.01" />
  <testcase classname="ptolemy.util.test.junit.AutoTests" name="[302] /home/travis/build/icyphy/ptII/ptolemy/actor/lib/test/auto/PulseFiringLimitDE.xml (RunModel)" time="0.015" />
  <testcase classname="ptolemy.util.test.junit.AutoTests" name="[303] /home/travis/build/icyphy/ptII/ptolemy/actor/lib/test/auto/Ramp1.xml (RunModel)" time="0.006" />
  <testcase classname="ptolemy.util.test.junit.AutoTests" name="[304] /home/travis/build/icyphy/ptII/ptolemy/actor/lib/test/auto/RampFiringLimitDE.xml (RunModel)" time="0.01" />
  <testcase classname="ptolemy.util.test.junit.AutoTests" name="[305] /home/travis/build/icyphy/ptII/ptolemy/actor/lib/test/auto/RampFiringLimitSDF.xml (RunModel)" time="0.009" />
  <testcase classname="ptolemy.util.test.junit.AutoTests" name="[306] /home/travis/build/icyphy/ptII/ptolemy/actor/lib/test/auto/RandomInteger.xml (RunModel)" time="0.007" />
  <testcase classname="ptolemy.util.test.junit.AutoTests" name="[307] /home/travis/build/icyphy/ptII/ptolemy/actor/lib/test/auto/ReadFile1.xml (RunModel)" time="0.007" />
  <testcase classname="ptolemy.util.test.junit.AutoTests" name="[308] /home/travis/build/icyphy/ptII/ptolemy/actor/lib/test/auto/ReadFile2.xml (RunModel)" time="0.005" />
  <testcase classname="ptolemy.util.test.junit.AutoTests" name="[309] /home/travis/build/icyphy/ptII/ptolemy/actor/lib/test/auto/Reader.xml (RunModel)" time="0.013" />
  <testcase classname="ptolemy.util.test.junit.AutoTests" name="[310] /home/travis/build/icyphy/ptII/ptolemy/actor/lib/test/auto/RecordAssemblerDisplayNameTest.xml (RunModel)" time="3.58" />
  <testcase classname="ptolemy.util.test.junit.AutoTests" name="[311] /home/travis/build/icyphy/ptII/ptolemy/actor/lib/test/auto/RecordAssemblerTypeError.xml (RunModel)" time="0.04" />
  <testcase classname="ptolemy.util.test.junit.AutoTests" name="[312] /home/travis/build/icyphy/ptII/ptolemy/actor/lib/test/auto/RecordDisassember.xml (RunModel)" time="0.013" />
  <testcase classname="ptolemy.util.test.junit.AutoTests" name="[313] /home/travis/build/icyphy/ptII/ptolemy/actor/lib/test/auto/RecordDisassemberDisplayNameTest.xml (RunModel)" time="0.019" />
  <testcase classname="ptolemy.util.test.junit.AutoTests" name="[314] /home/travis/build/icyphy/ptII/ptolemy/actor/lib/test/auto/RecordDisassembler.xml (RunModel)" time="0.01" />
  <testcase classname="ptolemy.util.test.junit.AutoTests" name="[315] /home/travis/build/icyphy/ptII/ptolemy/actor/lib/test/auto/RecordDisassembler2.xml (RunModel)" time="0.008" />
  <testcase classname="ptolemy.util.test.junit.AutoTests" name="[316] /home/travis/build/icyphy/ptII/ptolemy/actor/lib/test/auto/RecordUpdater.xml (RunModel)" time="0.007" />
  <testcase classname="ptolemy.util.test.junit.AutoTests" name="[317] /home/travis/build/icyphy/ptII/ptolemy/actor/lib/test/auto/RecordUpdater2.xml (RunModel)" time="0.007" />
  <testcase classname="ptolemy.util.test.junit.AutoTests" name="[318] /home/travis/build/icyphy/ptII/ptolemy/actor/lib/test/auto/RecursiveLattice.xml (RunModel)" time="0.009" />
  <testcase classname="ptolemy.util.test.junit.AutoTests" name="[319] /home/travis/build/icyphy/ptII/ptolemy/actor/lib/test/auto/Router.xml (RunModel)" time="3.023" />
  <testcase classname="ptolemy.util.test.junit.AutoTests" name="[320] /home/travis/build/icyphy/ptII/ptolemy/actor/lib/test/auto/Router2.xml (RunModel)" time="3.026" />
  <testcase classname="ptolemy.util.test.junit.AutoTests" name="[321] /home/travis/build/icyphy/ptII/ptolemy/actor/lib/test/auto/RunningMaximum.xml (RunModel)" time="0.014" />
  <testcase classname="ptolemy.util.test.junit.AutoTests" name="[322] /home/travis/build/icyphy/ptII/ptolemy/actor/lib/test/auto/RunningMinimum.xml (RunModel)" time="0.018" />
  <testcase classname="ptolemy.util.test.junit.AutoTests" name="[323] /home/travis/build/icyphy/ptII/ptolemy/actor/lib/test/auto/Scale.xml (RunModel)" time="0.012" />
  <testcase classname="ptolemy.util.test.junit.AutoTests" name="[324] /home/travis/build/icyphy/ptII/ptolemy/actor/lib/test/auto/Scale2.xml (RunModel)" time="0.011" />
  <testcase classname="ptolemy.util.test.junit.AutoTests" name="[325] /home/travis/build/icyphy/ptII/ptolemy/actor/lib/test/auto/Scale3.xml (RunModel)" time="0.023" />
  <testcase classname="ptolemy.util.test.junit.AutoTests" name="[326] /home/travis/build/icyphy/ptII/ptolemy/actor/lib/test/auto/ScaleArray.xml (RunModel)" time="0.006" />
  <testcase classname="ptolemy.util.test.junit.AutoTests" name="[327] /home/travis/build/icyphy/ptII/ptolemy/actor/lib/test/auto/ScaleArray2.xml (RunModel)" time="0.007" />
  <testcase classname="ptolemy.util.test.junit.AutoTests" name="[328] /home/travis/build/icyphy/ptII/ptolemy/actor/lib/test/auto/ScaleMatrix.xml (RunModel)" time="0.185" />
  <testcase classname="ptolemy.util.test.junit.AutoTests" name="[329] /home/travis/build/icyphy/ptII/ptolemy/actor/lib/test/auto/Select.xml (RunModel)" time="0.014" />
  <testcase classname="ptolemy.util.test.junit.AutoTests" name="[330] /home/travis/build/icyphy/ptII/ptolemy/actor/lib/test/auto/Select2.xml (RunModel)" time="0.007" />
  <testcase classname="ptolemy.util.test.junit.AutoTests" name="[331] /home/travis/build/icyphy/ptII/ptolemy/actor/lib/test/auto/SequenceToArray2.xml (RunModel)" time="0.126" />
  <testcase classname="ptolemy.util.test.junit.AutoTests" name="[332] /home/travis/build/icyphy/ptII/ptolemy/actor/lib/test/auto/SequentialClock.xml (RunModel)" time="0.01" />
  <testcase classname="ptolemy.util.test.junit.AutoTests" name="[333] /home/travis/build/icyphy/ptII/ptolemy/actor/lib/test/auto/SetVariable.xml (RunModel)" time="0.009" />
  <testcase classname="ptolemy.util.test.junit.AutoTests" name="[334] /home/travis/build/icyphy/ptII/ptolemy/actor/lib/test/auto/SetVariable2.xml (RunModel)" time="0.008" />
  <testcase classname="ptolemy.util.test.junit.AutoTests" name="[335] /home/travis/build/icyphy/ptII/ptolemy/actor/lib/test/auto/SetVariable3.xml (RunModel)" time="0.014" />
  <testcase classname="ptolemy.util.test.junit.AutoTests" name="[336] /home/travis/build/icyphy/ptII/ptolemy/actor/lib/test/auto/SetVariable4.xml (RunModel)" time="0.025" />
  <testcase classname="ptolemy.util.test.junit.AutoTests" name="[337] /home/travis/build/icyphy/ptII/ptolemy/actor/lib/test/auto/SetVariable5.xml (RunModel)" time="0.035" />
  <testcase classname="ptolemy.util.test.junit.AutoTests" name="[338] /home/travis/build/icyphy/ptII/ptolemy/actor/lib/test/auto/Sinewave.xml (RunModel)" time="0.038" />
  <testcase classname="ptolemy.util.test.junit.AutoTests" name="[339] /home/travis/build/icyphy/ptII/ptolemy/actor/lib/test/auto/Sinewave2.xml (RunModel)" time="0.012" />
  <testcase classname="ptolemy.util.test.junit.AutoTests" name="[340] /home/travis/build/icyphy/ptII/ptolemy/actor/lib/test/auto/Sinewave3.xml (RunModel)" time="0.016" />
  <testcase classname="ptolemy.util.test.junit.AutoTests" name="[341] /home/travis/build/icyphy/ptII/ptolemy/actor/lib/test/auto/SingleEvent.xml (RunModel)" time="0.005" />
  <testcase classname="ptolemy.util.test.junit.AutoTests" name="[342] /home/travis/build/icyphy/ptII/ptolemy/actor/lib/test/auto/Sleep.xml (RunModel)" time="6.017" />
  <testcase classname="ptolemy.util.test.junit.AutoTests" name="[343] /home/travis/build/icyphy/ptII/ptolemy/actor/lib/test/auto/SleepMultipleFire.xml (RunModel)" time="1.022" />
  <testcase classname="ptolemy.util.test.junit.AutoTests" name="[344] /home/travis/build/icyphy/ptII/ptolemy/actor/lib/test/auto/StopDE.xml (RunModel)" time="0.011" />
  <testcase classname="ptolemy.util.test.junit.AutoTests" name="[345] /home/travis/build/icyphy/ptII/ptolemy/actor/lib/test/auto/StopSDF.xml (RunModel)" time="0.009" />
  <testcase classname="ptolemy.util.test.junit.AutoTests" name="[346] /home/travis/build/icyphy/ptII/ptolemy/actor/lib/test/auto/StringConstant.xml (RunModel)" time="0.014" />
  <testcase classname="ptolemy.util.test.junit.AutoTests" name="[347] /home/travis/build/icyphy/ptII/ptolemy/actor/lib/test/auto/SubscriberPortInitialValues1.xml (RunModel)" time="0.021" />
  <testcase classname="ptolemy.util.test.junit.AutoTests" name="[348] /home/travis/build/icyphy/ptII/ptolemy/actor/lib/test/auto/SubscriberPortInitialValues13.xml (RunModel)" time="0.03" />
  <testcase classname="ptolemy.util.test.junit.AutoTests" name="[349] /home/travis/build/icyphy/ptII/ptolemy/actor/lib/test/auto/SubscriberPortInitialValues14.xml (RunModel)" time="0.016" />
  <testcase classname="ptolemy.util.test.junit.AutoTests" name="[350] /home/travis/build/icyphy/ptII/ptolemy/actor/lib/test/auto/SubscriberPortInitialValues2.xml (RunModel)" time="0.015" />
  <testcase classname="ptolemy.util.test.junit.AutoTests" name="[351] /home/travis/build/icyphy/ptII/ptolemy/actor/lib/test/auto/SubscriberPortInitialValues3.xml (RunModel)" time="0.021" />
  <testcase classname="ptolemy.util.test.junit.AutoTests" name="[352] /home/travis/build/icyphy/ptII/ptolemy/actor/lib/test/auto/SubscriptionAggregator.xml (RunModel)" time="0.01" />
  <testcase classname="ptolemy.util.test.junit.AutoTests" name="[353] /home/travis/build/icyphy/ptII/ptolemy/actor/lib/test/auto/SubscriptionAggregator2.xml (RunModel)" time="0.01" />
  <testcase classname="ptolemy.util.test.junit.AutoTests" name="[354] /home/travis/build/icyphy/ptII/ptolemy/actor/lib/test/auto/SubscriptionAggregator3.xml (RunModel)" time="0.015" />
  <testcase classname="ptolemy.util.test.junit.AutoTests" name="[355] /home/travis/build/icyphy/ptII/ptolemy/actor/lib/test/auto/SubscriptionAggregatorMultiply.xml (RunModel)" time="0.014" />
  <testcase classname="ptolemy.util.test.junit.AutoTests" name="[356] /home/travis/build/icyphy/ptII/ptolemy/actor/lib/test/auto/SubscriptionAggregatorPortMultiply1.xml (RunModel)" time="0.011" />
  <testcase classname="ptolemy.util.test.junit.AutoTests" name="[357] /home/travis/build/icyphy/ptII/ptolemy/actor/lib/test/auto/Switch.xml (RunModel)" time="0.015" />
  <testcase classname="ptolemy.util.test.junit.AutoTests" name="[358] /home/travis/build/icyphy/ptII/ptolemy/actor/lib/test/auto/Switch2.xml (RunModel)" time="0.011" />
  <testcase classname="ptolemy.util.test.junit.AutoTests" name="[359] /home/travis/build/icyphy/ptII/ptolemy/actor/lib/test/auto/SwitchDE.xml (RunModel)" time="0.013" />
  <testcase classname="ptolemy.util.test.junit.AutoTests" name="[360] /home/travis/build/icyphy/ptII/ptolemy/actor/lib/test/auto/SynchronizerDE.xml (RunModel)" time="0.02" />
  <testcase classname="ptolemy.util.test.junit.AutoTests" name="[361] /home/travis/build/icyphy/ptII/ptolemy/actor/lib/test/auto/Test.xml (RunModel)" time="0.008" />
  <testcase classname="ptolemy.util.test.junit.AutoTests" name="[362] /home/travis/build/icyphy/ptII/ptolemy/actor/lib/test/auto/TestExceptionAttribute1.xml (RunModel)" time="0.005" />
  <testcase classname="ptolemy.util.test.junit.AutoTests" name="[363] /home/travis/build/icyphy/ptII/ptolemy/actor/lib/test/auto/TestExceptionAttribute2.xml (RunModel)" time="0.006" />
  <testcase classname="ptolemy.util.test.junit.AutoTests" name="[364] /home/travis/build/icyphy/ptII/ptolemy/actor/lib/test/auto/TestExceptionAttribute3.xml (RunModel)" time="0.009" />
  <testcase classname="ptolemy.util.test.junit.AutoTests" name="[365] /home/travis/build/icyphy/ptII/ptolemy/actor/lib/test/auto/TestExceptionAttribute4.xml (RunModel)" time="0.006" />
  <testcase classname="ptolemy.util.test.junit.AutoTests" name="[366] /home/travis/build/icyphy/ptII/ptolemy/actor/lib/test/auto/TestExceptionHandler1.xml (RunModel)" time="0.005" />
  <testcase classname="ptolemy.util.test.junit.AutoTests" name="[367] /home/travis/build/icyphy/ptII/ptolemy/actor/lib/test/auto/TestExceptionHandler2.xml (RunModel)" time="0.006" />
  <testcase classname="ptolemy.util.test.junit.AutoTests" name="[368] /home/travis/build/icyphy/ptII/ptolemy/actor/lib/test/auto/TestExceptionHandler3.xml (RunModel)" time="0.007" />
  <testcase classname="ptolemy.util.test.junit.AutoTests" name="[369] /home/travis/build/icyphy/ptII/ptolemy/actor/lib/test/auto/TestExceptionHandler4.xml (RunModel)" time="0.005" />
  <testcase classname="ptolemy.util.test.junit.AutoTests" name="[370] /home/travis/build/icyphy/ptII/ptolemy/actor/lib/test/auto/TestRequireCorrectOrder.xml (RunModel)" time="0.015" />
  <testcase classname="ptolemy.util.test.junit.AutoTests" name="[371] /home/travis/build/icyphy/ptII/ptolemy/actor/lib/test/auto/TestSimple.xml (RunModel)" time="0.006" />
  <testcase classname="ptolemy.util.test.junit.AutoTests" name="[372] /home/travis/build/icyphy/ptII/ptolemy/actor/lib/test/auto/ThrowModelError.xml (RunModel)" time="0.009" />
  <testcase classname="ptolemy.util.test.junit.AutoTests" name="[373] /home/travis/build/icyphy/ptII/ptolemy/actor/lib/test/auto/TimeDelayMicrosteps.xml (RunModel)" time="0.013" />
  <testcase classname="ptolemy.util.test.junit.AutoTests" name="[374] /home/travis/build/icyphy/ptII/ptolemy/actor/lib/test/auto/TimeDelayMicrosteps2.xml (RunModel)" time="0.015" />
  <testcase classname="ptolemy.util.test.junit.AutoTests" name="[375] /home/travis/build/icyphy/ptII/ptolemy/actor/lib/test/auto/TimeDelayMicrosteps3.xml (RunModel)" time="0.011" />
  <testcase classname="ptolemy.util.test.junit.AutoTests" name="[376] /home/travis/build/icyphy/ptII/ptolemy/actor/lib/test/auto/TimeDelayVariableMicrosteps.xml (RunModel)" time="0.011" />
  <testcase classname="ptolemy.util.test.junit.AutoTests" name="[377] /home/travis/build/icyphy/ptII/ptolemy/actor/lib/test/auto/TimeGap.xml (RunModel)" time="0.014" />
  <testcase classname="ptolemy.util.test.junit.AutoTests" name="[378] /home/travis/build/icyphy/ptII/ptolemy/actor/lib/test/auto/TimeGap2.xml (RunModel)" time="0.009" />
  <testcase classname="ptolemy.util.test.junit.AutoTests" name="[379] /home/travis/build/icyphy/ptII/ptolemy/actor/lib/test/auto/TimedSinewave.xml (RunModel)" time="0.069" />
  <testcase classname="ptolemy.util.test.junit.AutoTests" name="[380] /home/travis/build/icyphy/ptII/ptolemy/actor/lib/test/auto/TimedSinewavePhase.xml (RunModel)" time="0.035" />
  <testcase classname="ptolemy.util.test.junit.AutoTests" name="[381] /home/travis/build/icyphy/ptII/ptolemy/actor/lib/test/auto/Timer.xml (RunModel)" time="0.012" />
  <testcase classname="ptolemy.util.test.junit.AutoTests" name="[382] /home/travis/build/icyphy/ptII/ptolemy/actor/lib/test/auto/TriangularDistTestModel.xml (RunModel)" time="0.016" />
  <testcase classname="ptolemy.util.test.junit.AutoTests" name="[383] /home/travis/build/icyphy/ptII/ptolemy/actor/lib/test/auto/TrigFunction.xml (RunModel)" time="0.007" />
  <testcase classname="ptolemy.util.test.junit.AutoTests" name="[384] /home/travis/build/icyphy/ptII/ptolemy/actor/lib/test/auto/TrigFunctionDE.xml (RunModel)" time="0.01" />
  <testcase classname="ptolemy.util.test.junit.AutoTests" name="[385] /home/travis/build/icyphy/ptII/ptolemy/actor/lib/test/auto/TrigFunctionInverse.xml (RunModel)" time="0.008" />
  <testcase classname="ptolemy.util.test.junit.AutoTests" name="[386] /home/travis/build/icyphy/ptII/ptolemy/actor/lib/test/auto/TrigFunctionTan.xml (RunModel)" time="0.006" />
  <testcase classname="ptolemy.util.test.junit.AutoTests" name="[387] /home/travis/build/icyphy/ptII/ptolemy/actor/lib/test/auto/TriggeredClock.xml (RunModel)" time="0.007" />
  <testcase classname="ptolemy.util.test.junit.AutoTests" name="[388] /home/travis/build/icyphy/ptII/ptolemy/actor/lib/test/auto/URLDirectoryReader.xml (RunModel)" time="0.106" />
  <testcase classname="ptolemy.util.test.junit.AutoTests" name="[389] /home/travis/build/icyphy/ptII/ptolemy/actor/lib/test/auto/URLDirectoryReader3.xml (RunModel)" time="1.325" />
  <testcase classname="ptolemy.util.test.junit.AutoTests" name="[390] /home/travis/build/icyphy/ptII/ptolemy/actor/lib/test/auto/UnaryMathFunction.xml (RunModel)" time="0.027" />
  <testcase classname="ptolemy.util.test.junit.AutoTests" name="[391] /home/travis/build/icyphy/ptII/ptolemy/actor/lib/test/auto/Uniform.xml (RunModel)" time="0.01" />
  <testcase classname="ptolemy.util.test.junit.AutoTests" name="[392] /home/travis/build/icyphy/ptII/ptolemy/actor/lib/test/auto/UnionDisassemblerTest.xml (RunModel)" time="0.014" />
  <testcase classname="ptolemy.util.test.junit.AutoTests" name="[393] /home/travis/build/icyphy/ptII/ptolemy/actor/lib/test/auto/UtilityFunctions.xml (RunModel)" time="0.005" />
  <testcase classname="ptolemy.util.test.junit.AutoTests" name="[394] /home/travis/build/icyphy/ptII/ptolemy/actor/lib/test/auto/VariableSleep.xml (RunModel)" time="0.509" />
  <testcase classname="ptolemy.util.test.junit.AutoTests" name="[395] /home/travis/build/icyphy/ptII/ptolemy/actor/lib/test/auto/VectorAssemblerDisassemblerCT.xml (RunModel)" time="0.099" />
  <testcase classname="ptolemy.util.test.junit.AutoTests" name="[396] /home/travis/build/icyphy/ptII/ptolemy/actor/lib/test/auto/VectorAssemblerDisassemblerDE.xml (RunModel)" time="0.011" />
  <testcase classname="ptolemy.util.test.junit.AutoTests" name="[397] /home/travis/build/icyphy/ptII/ptolemy/actor/lib/test/auto/VectorAssemblerDisassemblerSDF.xml (RunModel)" time="0.009" />
  <testcase classname="ptolemy.util.test.junit.AutoTests" name="[398] /home/travis/build/icyphy/ptII/ptolemy/actor/lib/test/auto/WallClockTime.xml (RunModel)" time="1.009" />
  <testcase classname="ptolemy.util.test.junit.AutoTests" name="[399] /home/travis/build/icyphy/ptII/ptolemy/actor/lib/test/auto/WidthTestWithSubscriberPublisher.xml (RunModel)" time="0.039" />
  <testcase classname="ptolemy.util.test.junit.AutoTests" name="[400] /home/travis/build/icyphy/ptII/ptolemy/actor/lib/test/auto/WidthTestWithSubscriberPublisher2.xml (RunModel)" time="0.011" />
  <testcase classname="ptolemy.util.test.junit.AutoTests" name="[401] /home/travis/build/icyphy/ptII/ptolemy/actor/lib/test/auto/WidthTestWithSubscriberPublisher3.xml (RunModel)" time="0.009" />
  <testcase classname="ptolemy.util.test.junit.AutoTests" name="[402] /home/travis/build/icyphy/ptII/ptolemy/actor/lib/test/auto/Writer.xml (RunModel)" time="0.006" />
  <testcase classname="ptolemy.util.test.junit.AutoTests" name="[403] /home/travis/build/icyphy/ptII/ptolemy/actor/lib/test/auto/array.xml (RunModel)" time="0.007" />
  <testcase classname="ptolemy.util.test.junit.AutoTests" name="[404] /home/travis/build/icyphy/ptII/ptolemy/actor/lib/test/auto/array2.xml (RunModel)" time="0.019" />
  <testcase classname="ptolemy.util.test.junit.AutoTests" name="[405] /home/travis/build/icyphy/ptII/ptolemy/actor/lib/test/auto/arrayType.xml (RunModel)" time="0.013" />
  <testcase classname="ptolemy.util.test.junit.AutoTests" name="[406] /home/travis/build/icyphy/ptII/ptolemy/actor/lib/test/auto/arrayType10.xml (RunModel)" time="0.007" />
  <testcase classname="ptolemy.util.test.junit.AutoTests" name="[407] /home/travis/build/icyphy/ptII/ptolemy/actor/lib/test/auto/arrayType11.xml (RunModel)" time="0.006" />
  <testcase classname="ptolemy.util.test.junit.AutoTests" name="[408] /home/travis/build/icyphy/ptII/ptolemy/actor/lib/test/auto/arrayType12.xml (RunModel)" time="0.007" />
  <testcase classname="ptolemy.util.test.junit.AutoTests" name="[409] /home/travis/build/icyphy/ptII/ptolemy/actor/lib/test/auto/arrayType13.xml (RunModel)" time="0.007" />
  <testcase classname="ptolemy.util.test.junit.AutoTests" name="[410] /home/travis/build/icyphy/ptII/ptolemy/actor/lib/test/auto/arrayType14.xml (RunModel)" time="0.008" />
  <testcase classname="ptolemy.util.test.junit.AutoTests" name="[411] /home/travis/build/icyphy/ptII/ptolemy/actor/lib/test/auto/arrayType15.xml (RunModel)" time="0.008" />
  <testcase classname="ptolemy.util.test.junit.AutoTests" name="[412] /home/travis/build/icyphy/ptII/ptolemy/actor/lib/test/auto/arrayType16.xml (RunModel)" time="0.007" />
  <testcase classname="ptolemy.util.test.junit.AutoTests" name="[413] /home/travis/build/icyphy/ptII/ptolemy/actor/lib/test/auto/arrayType17.xml (RunModel)" time="0.008" />
  <testcase classname="ptolemy.util.test.junit.AutoTests" name="[414] /home/travis/build/icyphy/ptII/ptolemy/actor/lib/test/auto/arrayType18.xml (RunModel)" time="0.007" />
  <testcase classname="ptolemy.util.test.junit.AutoTests" name="[415] /home/travis/build/icyphy/ptII/ptolemy/actor/lib/test/auto/arrayType19.xml (RunModel)" time="0.007" />
  <testcase classname="ptolemy.util.test.junit.AutoTests" name="[416] /home/travis/build/icyphy/ptII/ptolemy/actor/lib/test/auto/arrayType2.xml (RunModel)" time="0.008" />
  <testcase classname="ptolemy.util.test.junit.AutoTests" name="[417] /home/travis/build/icyphy/ptII/ptolemy/actor/lib/test/auto/arrayType20.xml (RunModel)" time="0.008" />
  <testcase classname="ptolemy.util.test.junit.AutoTests" name="[418] /home/travis/build/icyphy/ptII/ptolemy/actor/lib/test/auto/arrayType21.xml (RunModel)" time="0.007" />
  <testcase classname="ptolemy.util.test.junit.AutoTests" name="[419] /home/travis/build/icyphy/ptII/ptolemy/actor/lib/test/auto/arrayType22.xml (RunModel)" time="0.007" />
  <testcase classname="ptolemy.util.test.junit.AutoTests" name="[420] /home/travis/build/icyphy/ptII/ptolemy/actor/lib/test/auto/arrayType23.xml (RunModel)" time="0.006" />
  <testcase classname="ptolemy.util.test.junit.AutoTests" name="[421] /home/travis/build/icyphy/ptII/ptolemy/actor/lib/test/auto/arrayType24.xml (RunModel)" time="0.007" />
  <testcase classname="ptolemy.util.test.junit.AutoTests" name="[422] /home/travis/build/icyphy/ptII/ptolemy/actor/lib/test/auto/arrayType25.xml (RunModel)" time="0.007" />
  <testcase classname="ptolemy.util.test.junit.AutoTests" name="[423] /home/travis/build/icyphy/ptII/ptolemy/actor/lib/test/auto/arrayType26.xml (RunModel)" time="0.007" />
  <testcase classname="ptolemy.util.test.junit.AutoTests" name="[424] /home/travis/build/icyphy/ptII/ptolemy/actor/lib/test/auto/arrayType27.xml (RunModel)" time="0.009" />
  <testcase classname="ptolemy.util.test.junit.AutoTests" name="[425] /home/travis/build/icyphy/ptII/ptolemy/actor/lib/test/auto/arrayType28.xml (RunModel)" time="0.008" />
  <testcase classname="ptolemy.util.test.junit.AutoTests" name="[426] /home/travis/build/icyphy/ptII/ptolemy/actor/lib/test/auto/arrayType3.xml (RunModel)" time="0.007" />
  <testcase classname="ptolemy.util.test.junit.AutoTests" name="[427] /home/travis/build/icyphy/ptII/ptolemy/actor/lib/test/auto/arrayType4.xml (RunModel)" time="0.007" />
  <testcase classname="ptolemy.util.test.junit.AutoTests" name="[428] /home/travis/build/icyphy/ptII/ptolemy/actor/lib/test/auto/arrayType5.xml (RunModel)" time="0.007" />
  <testcase classname="ptolemy.util.test.junit.AutoTests" name="[429] /home/travis/build/icyphy/ptII/ptolemy/actor/lib/test/auto/arrayType6.xml (RunModel)" time="0.007" />
  <testcase classname="ptolemy.util.test.junit.AutoTests" name="[430] /home/travis/build/icyphy/ptII/ptolemy/actor/lib/test/auto/arrayType7.xml (RunModel)" time="0.011" />
  <testcase classname="ptolemy.util.test.junit.AutoTests" name="[431] /home/travis/build/icyphy/ptII/ptolemy/actor/lib/test/auto/arrayType8.xml (RunModel)" time="0.008" />
  <testcase classname="ptolemy.util.test.junit.AutoTests" name="[432] /home/travis/build/icyphy/ptII/ptolemy/actor/lib/test/auto/arrayType9.xml (RunModel)" time="0.007" />
  <testcase classname="ptolemy.util.test.junit.AutoTests" name="[433] /home/travis/build/icyphy/ptII/ptolemy/actor/lib/test/auto/cast.xml (RunModel)" time="0.034" />
  <testcase classname="ptolemy.util.test.junit.AutoTests" name="[434] /home/travis/build/icyphy/ptII/ptolemy/actor/lib/test/auto/compositeMultiPort.xml (RunModel)" time="0.038" />
  <testcase classname="ptolemy.util.test.junit.AutoTests" name="[435] /home/travis/build/icyphy/ptII/ptolemy/actor/lib/test/auto/expressionCastInference.xml (RunModel)" time="0.016" />
  <testcase classname="ptolemy.util.test.junit.AutoTests" name="[436] /home/travis/build/icyphy/ptII/ptolemy/actor/lib/test/auto/expressionCastInference2.xml (RunModel)" time="0.007" />
  <testcase classname="ptolemy.util.test.junit.AutoTests" name="[437] /home/travis/build/icyphy/ptII/ptolemy/actor/lib/test/auto/expressionInference.xml (RunModel)" time="0.006" />
  <testcase classname="ptolemy.util.test.junit.AutoTests" name="[438] /home/travis/build/icyphy/ptII/ptolemy/actor/lib/test/auto/expression_bug.xml (RunModel)" time="0.005" />
  <testcase classname="ptolemy.util.test.junit.AutoTests" name="[439] /home/travis/build/icyphy/ptII/ptolemy/actor/lib/test/auto/factorial.xml (RunModel)" time="0.045" />
  <testcase classname="ptolemy.util.test.junit.AutoTests" name="[440] /home/travis/build/icyphy/ptII/ptolemy/actor/lib/test/auto/filterTest1.xml (RunModel)" time="0.014" />
  <testcase classname="ptolemy.util.test.junit.AutoTests" name="[441] /home/travis/build/icyphy/ptII/ptolemy/actor/lib/test/auto/funcApplyInConst.xml (RunModel)" time="0.005" />
  <testcase classname="ptolemy.util.test.junit.AutoTests" name="[442] /home/travis/build/icyphy/ptII/ptolemy/actor/lib/test/auto/funcApplyInExpr.xml (RunModel)" time="0.006" />
  <testcase classname="ptolemy.util.test.junit.AutoTests" name="[443] /home/travis/build/icyphy/ptII/ptolemy/actor/lib/test/auto/function.xml (RunModel)" time="0.011" />
  <testcase classname="ptolemy.util.test.junit.AutoTests" name="[444] /home/travis/build/icyphy/ptII/ptolemy/actor/lib/test/auto/function2.xml (RunModel)" time="0.028" />
  <testcase classname="ptolemy.util.test.junit.AutoTests" name="[445] /home/travis/build/icyphy/ptII/ptolemy/actor/lib/test/auto/function3.xml (RunModel)" time="0.027" />
  <testcase classname="ptolemy.util.test.junit.AutoTests" name="[446] /home/travis/build/icyphy/ptII/ptolemy/actor/lib/test/auto/functionClosureTest1.xml (RunModel)" time="0.016" />
  <testcase classname="ptolemy.util.test.junit.AutoTests" name="[447] /home/travis/build/icyphy/ptII/ptolemy/actor/lib/test/auto/functionClosureTest2.xml (RunModel)" time="0.006" />
  <testcase classname="ptolemy.util.test.junit.AutoTests" name="[448] /home/travis/build/icyphy/ptII/ptolemy/actor/lib/test/auto/functionClosureTest3.xml (RunModel)" time="0.008" />
  <testcase classname="ptolemy.util.test.junit.AutoTests" name="[449] /home/travis/build/icyphy/ptII/ptolemy/actor/lib/test/auto/functionClosureTest4.xml (RunModel)" time="0.014" />
  <testcase classname="ptolemy.util.test.junit.AutoTests" name="[450] /home/travis/build/icyphy/ptII/ptolemy/actor/lib/test/auto/functionClosureTest5.xml (RunModel)" time="0.015" />
  <testcase classname="ptolemy.util.test.junit.AutoTests" name="[451] /home/travis/build/icyphy/ptII/ptolemy/actor/lib/test/auto/functionClosureTest6.xml (RunModel)" time="0.014" />
  <testcase classname="ptolemy.util.test.junit.AutoTests" name="[452] /home/travis/build/icyphy/ptII/ptolemy/actor/lib/test/auto/functionsOnArcs.xml (RunModel)" time="0.008" />
  <testcase classname="ptolemy.util.test.junit.AutoTests" name="[453] /home/travis/build/icyphy/ptII/ptolemy/actor/lib/test/auto/functionsOnArcsHOF.xml (RunModel)" time="0.016" />
  <testcase classname="ptolemy.util.test.junit.AutoTests" name="[454] /home/travis/build/icyphy/ptII/ptolemy/actor/lib/test/auto/logic.xml (RunModel)" time="0.016" />
  <testcase classname="ptolemy.util.test.junit.AutoTests" name="[455] /home/travis/build/icyphy/ptII/ptolemy/actor/lib/test/auto/matrixType.xml (RunModel)" time="0.008" />
  <testcase classname="ptolemy.util.test.junit.AutoTests" name="[456] /home/travis/build/icyphy/ptII/ptolemy/actor/lib/test/auto/matrixType10.xml (RunModel)" time="0.007" />
  <testcase classname="ptolemy.util.test.junit.AutoTests" name="[457] /home/travis/build/icyphy/ptII/ptolemy/actor/lib/test/auto/matrixType11.xml (RunModel)" time="0.006" />
  <testcase classname="ptolemy.util.test.junit.AutoTests" name="[458] /home/travis/build/icyphy/ptII/ptolemy/actor/lib/test/auto/matrixType12.xml (RunModel)" time="0.008" />
  <testcase classname="ptolemy.util.test.junit.AutoTests" name="[459] /home/travis/build/icyphy/ptII/ptolemy/actor/lib/test/auto/matrixType13.xml (RunModel)" time="0.006" />
  <testcase classname="ptolemy.util.test.junit.AutoTests" name="[460] /home/travis/build/icyphy/ptII/ptolemy/actor/lib/test/auto/matrixType14.xml (RunModel)" time="0.008" />
  <testcase classname="ptolemy.util.test.junit.AutoTests" name="[461] /home/travis/build/icyphy/ptII/ptolemy/actor/lib/test/auto/matrixType2.xml (RunModel)" time="0.006" />
  <testcase classname="ptolemy.util.test.junit.AutoTests" name="[462] /home/travis/build/icyphy/ptII/ptolemy/actor/lib/test/auto/matrixType3.xml (RunModel)" time="0.008" />
  <testcase classname="ptolemy.util.test.junit.AutoTests" name="[463] /home/travis/build/icyphy/ptII/ptolemy/actor/lib/test/auto/matrixType4.xml (RunModel)" time="0.006" />
  <testcase classname="ptolemy.util.test.junit.AutoTests" name="[464] /home/travis/build/icyphy/ptII/ptolemy/actor/lib/test/auto/matrixType5.xml (RunModel)" time="0.007" />
  <testcase classname="ptolemy.util.test.junit.AutoTests" name="[465] /home/travis/build/icyphy/ptII/ptolemy/actor/lib/test/auto/matrixType6.xml (RunModel)" time="0.006" />
  <testcase classname="ptolemy.util.test.junit.AutoTests" name="[466] /home/travis/build/icyphy/ptII/ptolemy/actor/lib/test/auto/matrixType7.xml (RunModel)" time="0.007" />
  <testcase classname="ptolemy.util.test.junit.AutoTests" name="[467] /home/travis/build/icyphy/ptII/ptolemy/actor/lib/test/auto/matrixType8.xml (RunModel)" time="0.006" />
  <testcase classname="ptolemy.util.test.junit.AutoTests" name="[468] /home/travis/build/icyphy/ptII/ptolemy/actor/lib/test/auto/matrixType9.xml (RunModel)" time="0.006" />
  <testcase classname="ptolemy.util.test.junit.AutoTests" name="[469] /home/travis/build/icyphy/ptII/ptolemy/actor/lib/test/auto/paraFunctest.xml (RunModel)" time="0.006" />
  <testcase classname="ptolemy.util.test.junit.AutoTests" name="[470] /home/travis/build/icyphy/ptII/ptolemy/actor/lib/test/auto/paraFunctest2.xml (RunModel)" time="0.009" />
  <testcase classname="ptolemy.util.test.junit.AutoTests" name="[471] /home/travis/build/icyphy/ptII/ptolemy/actor/lib/test/auto/parameterPassing.xml (RunModel)" time="0.009" />
  <testcase classname="ptolemy.util.test.junit.AutoTests" name="[472] /home/travis/build/icyphy/ptII/ptolemy/actor/lib/test/auto/record.xml (RunModel)" time="0.007" />
  <testcase classname="ptolemy.util.test.junit.AutoTests" name="[473] /home/travis/build/icyphy/ptII/ptolemy/actor/lib/test/auto/sizedarray1.xml (RunModel)" time="0.007" />
  <testcase classname="ptolemy.util.test.junit.AutoTests" name="[474] /home/travis/build/icyphy/ptII/ptolemy/actor/lib/test/auto/sizedarray2.xml (RunModel)" time="0.007" />
  <testcase classname="ptolemy.util.test.junit.AutoTests" name="[475] /home/travis/build/icyphy/ptII/ptolemy/actor/lib/test/auto/twoPublishers.xml (RunModel)" time="0.02" />
  <system-out><![CDATA[/home/travis/build/icyphy/ptII/ptolemy/actor/lib/test/AbsoluteValue.tcl
testDefs.tcl: setting time out to 9000 seconds at Sat Jan 04 22:17:52 UTC 2020
83 ms. Memory: 129024K Free: 92608K (72%)
5 ms. Memory: 129024K Free: 91076K (71%)
5 ms. Memory: 129024K Free: 90052K (70%)
4 ms. Memory: 129024K Free: 89523K (69%)
/home/travis/build/icyphy/ptII/ptolemy/actor/lib/test/AddSubtract.tcl
22 ms. Memory: 129024K Free: 87483K (68%)
13 ms. Memory: 129024K Free: 86980K (67%)
8 ms. Memory: 129024K Free: 85956K (67%)
15 ms. Memory: 129024K Free: 84932K (66%)
81 ms. Memory: 129024K Free: 82370K (64%)
5 ms. Memory: 129024K Free: 81346K (63%)
/home/travis/build/icyphy/ptII/ptolemy/actor/lib/test/Average.tcl
8 ms. Memory: 129024K Free: 79812K (62%)
6 ms. Memory: 129024K Free: 78788K (61%)
/home/travis/build/icyphy/ptII/ptolemy/actor/lib/test/Bernoulli.tcl
6 ms. Memory: 129024K Free: 77235K (60%)
2 ms. Memory: 129024K Free: 76740K (59%)
/home/travis/build/icyphy/ptII/ptolemy/actor/lib/test/Clock.tcl
preinitializing
resolving types
initializing
executing number 1
wrapping up
idle
31 ms. Memory: 129024K Free: 74178K (57%)
Completed execution with 5 iterations
preinitializing
resolving types
initializing
executing number 1
wrapping up
idle
12 ms. Memory: 129024K Free: 73139K (57%)
Completed execution with 5 iterations
preinitializing
resolving types
initializing
executing number 1
wrapping up
idle
6 ms. Memory: 129024K Free: 72644K (56%)
Completed execution with 5 iterations
/home/travis/build/icyphy/ptII/ptolemy/actor/lib/test/Commutator.tcl
10 ms. Memory: 129024K Free: 70596K (55%)
5 ms. Memory: 129024K Free: 69572K (54%)
18 ms. Memory: 129024K Free: 63923K (50%)
/home/travis/build/icyphy/ptII/ptolemy/actor/lib/test/Const.tcl
4 ms. Memory: 129024K Free: 62404K (48%)
2 ms. Memory: 129024K Free: 61875K (48%)
3 ms. Memory: 129024K Free: 61380K (48%)
2 ms. Memory: 129024K Free: 60866K (47%)
1 ms. Memory: 129024K Free: 60356K (47%)
20 ms. Memory: 129024K Free: 58308K (45%)
4 ms. Memory: 129024K Free: 57284K (44%)
14 ms. Memory: 129024K Free: 56755K (44%)
/home/travis/build/icyphy/ptII/ptolemy/actor/lib/test/CurrentTime.tcl
preinitializing
resolving types
initializing
executing number 1
wrapping up
idle
14 ms. Memory: 129024K Free: 54707K (42%)
Completed execution with 11 iterations
/home/travis/build/icyphy/ptII/ptolemy/actor/lib/test/DB.tcl
7 ms. Memory: 129024K Free: 53188K (41%)
3 ms. Memory: 129024K Free: 52164K (40%)
3 ms. Memory: 129024K Free: 52164K (40%)
/home/travis/build/icyphy/ptII/ptolemy/actor/lib/test/DiscreteRandomSource.tcl
preinitializing
resolving types
initializing
executing number 1
wrapping up
idle
7 ms. Memory: 129024K Free: 50611K (39%)
Completed execution with 4 iterations
preinitializing
resolving types
initializing
executing number 1
wrapping up
idle
3 ms. Memory: 129024K Free: 50116K (39%)
Completed execution with 4 iterations
preinitializing
resolving types
initializing
executing number 1
wrapping up
idle
6 ms. Memory: 129024K Free: 49595K (38%)
Completed execution with 4 iterations
preinitializing
resolving types
initializing
executing number 1
wrapping up
idle
10 ms. Memory: 129024K Free: 49092K (38%)
Completed execution with 4 iterations
preinitializing
resolving types
initializing
executing number 1
wrapping up
idle
6 ms. Memory: 129024K Free: 48563K (38%)
Completed execution with 4 iterations
/home/travis/build/icyphy/ptII/ptolemy/actor/lib/test/Distributor.tcl
33 ms. Memory: 129024K Free: 113747K (88%)
5 ms. Memory: 129024K Free: 112744K (87%)
StreamChangeRequest.changeExecuted(): <deleteEntity name="rec2"/> succeeded
StreamChangeRequest.changeExecuted(): <deleteRelation name="r2"/> succeeded
StreamChangeRequest.changeExecuted(): Record firings per iteration succeeded
9 ms. Memory: 129024K Free: 110675K (86%)
/home/travis/build/icyphy/ptII/ptolemy/actor/lib/test/Exit.tcl
Exit.tcl: this will print a message about Manager.exitAfterWrapup, which can be ignored.
6 ms. Memory: 129024K Free: 107702K (83%)
/home/travis/build/icyphy/ptII/ptolemy/actor/lib/test/Expression.tcl
20 ms. Memory: 129024K Free: 104030K (81%)
9 ms. Memory: 129024K Free: 103507K (80%)
3 ms. Memory: 129024K Free: 103006K (80%)
preinitializing
resolving types
initializing
executing number 1
wrapping up
idle
4 ms. Memory: 129024K Free: 101496K (79%)
Completed execution with 6 iterations
5 ms. Memory: 129024K Free: 100488K (78%)
4 ms. Memory: 129024K Free: 99926K (77%)
8 ms. Memory: 129024K Free: 98394K (76%)
7 ms. Memory: 129024K Free: 97363K (75%)
5 ms. Memory: 129024K Free: 95822K (74%)
/home/travis/build/icyphy/ptII/ptolemy/actor/lib/test/Gaussian.tcl
5 ms. Memory: 129024K Free: 94306K (73%)
sleeping 1 seconds: ...........................................................................................................................................................................................................................................................................................................................................................................................................................................................................................................................................................................................................................................................................................................................................................................................................................................................................................................................................................................................................................................................................................................................................................................................................................................................................................................................................................................................................................................................................................................................................................................................................................................................................................................................................................................................................................................................................................................................................................................................................................................................................................................................................................................................................................................................................................................................................................................................................................................................................................................................................................................................................................................................................................................................................................................................................................................................................................................................................................................................................................................................................................................................................................................................................................................................................................................................................................................................................................................................................................................................................................................................................................................................................................................................................................................................................................................................................................................................................................................................................................................................................................................................................................................................................................................2 ms. Memory: 129024K Free: 99936K (77%)
2 ms. Memory: 129024K Free: 99426K (77%)
2 ms. Memory: 129024K Free: 98897K (77%)
3 ms. Memory: 129024K Free: 97873K (76%)
3 ms. Memory: 129024K Free: 97378K (75%)
/home/travis/build/icyphy/ptII/ptolemy/actor/lib/test/IIR.tcl
/home/travis/build/icyphy/ptII/ptolemy/actor/lib/test/Interpolator.tcl
2 ms. Memory: 129024K Free: 93777K (73%)
1 ms. Memory: 129024K Free: 93282K (72%)
3 ms. Memory: 129024K Free: 92768K (72%)
3 ms. Memory: 129024K Free: 91744K (71%)
5 ms. Memory: 129024K Free: 91234K (71%)
4 ms. Memory: 129024K Free: 90210K (70%)
2 ms. Memory: 129024K Free: 89696K (70%)
2 ms. Memory: 129024K Free: 88672K (69%)
4 ms. Memory: 129024K Free: 87617K (68%)
2 ms. Memory: 129024K Free: 86617K (67%)
/home/travis/build/icyphy/ptII/ptolemy/actor/lib/test/MathFunction.tcl
4 ms. Memory: 129024K Free: 84576K (66%)
2 ms. Memory: 129024K Free: 83545K (65%)
2 ms. Memory: 129024K Free: 82513K (64%)
2 ms. Memory: 129024K Free: 81504K (63%)
3 ms. Memory: 129024K Free: 80465K (62%)
5 ms. Memory: 129024K Free: 78432K (61%)
/home/travis/build/icyphy/ptII/ptolemy/actor/lib/test/Maximum.tcl
3 ms. Memory: 129024K Free: 76369K (59%)
2 ms. Memory: 129024K Free: 75874K (59%)
2 ms. Memory: 129024K Free: 74850K (58%)
2 ms. Memory: 129024K Free: 74329K (58%)
/home/travis/build/icyphy/ptII/ptolemy/actor/lib/test/Minimum.tcl
3 ms. Memory: 129024K Free: 72802K (56%)
2 ms. Memory: 129024K Free: 112888K (87%)
2 ms. Memory: 129024K Free: 111864K (87%)
2 ms. Memory: 129024K Free: 111354K (86%)
/home/travis/build/icyphy/ptII/ptolemy/actor/lib/test/MultiplyDivide.tcl
3 ms. Memory: 129024K Free: 109306K (85%)
2 ms. Memory: 129024K Free: 108792K (84%)
2 ms. Memory: 129024K Free: 107762K (84%)
3 ms. Memory: 129024K Free: 107258K (83%)
2 ms. Memory: 129024K Free: 106730K (83%)
/home/travis/build/icyphy/ptII/ptolemy/actor/lib/test/OrderedMerge.tcl
Connections changed on port: inputA
Connections changed on port: inputB
Connections changed on port: output
Connections changed on port: output
Connections changed on port: output
Connections changed on port: input
.top. Preinitializing ...
Invoking preinitialize():  .top.OrderedMerge
Called preinitialize()
Invoking preinitialize():  .top.Ramp
Called preinitialize()
Invoking preinitialize():  .top.Ramp2
Called preinitialize()
Invoking preinitialize():  .top.Test
Called preinitialize()
Connections changed on port: inputA
Connections changed on port: output
Connections changed on port: output
Connections changed on port: input
Connections changed on port: inputB
Connections changed on port: output
.top. Finished preinitialize().
Called initialize().
Invoking initialize():  .top.OrderedMerge
Initializing actor: .top.OrderedMerge
Adding a thread: .top.OrderedMerge
Invoking initialize():  .top.Ramp
Initializing actor: .top.Ramp
Adding a thread: .top.Ramp
Invoking initialize():  .top.Ramp2
Initializing actor: .top.Ramp2
Adding a thread: .top.Ramp2
Invoking initialize():  .top.Test
Initializing actor: .top.Test
Adding a thread: .top.Test
Called fire().
Checking for deadlock:
-- Starting thread.
Called initialize()
Called prefire()
Called fire()
-- Starting thread.
Called initialize()
-- Starting thread.
Called initialize()
Called prefire()
-- Starting thread.
Called prefire()
Called initialize()
Called fire()
Called fire()
There are 0 Blocked actors, 0 Stopped actors, and 4 active threads.
Waiting for actors to stop.
Called prefire()
Called fire()
Called postfire()
Called prefire()
Called fire()
Called postfire()
Called prefire()
Called fire()
Called postfire()
Called prefire()
Called fire()
Read input token from inputA with value 0.0
Next port to read input from is inputB
Called postfire()
Called prefire()
Called fire()
Checking for deadlock:
There are 3 Blocked actors, 0 Stopped actors, and 4 active threads.
Waiting for actors to stop.
Read input token from inputB with value 0.0
Called postfire()
Called prefire()
Called fire()
Sent output token with value 0.0
Next port to read input from is inputA
Called postfire()
Called prefire()
Called fire()
Read input token from inputA with value 1.0
Checking for deadlock:
There are 2 Blocked actors, 0 Stopped actors, and 4 active threads.
Waiting for actors to stop.
Called postfire()
Called prefire()
Called fire()
Checking for deadlock:
There are 2 Blocked actors, 0 Stopped actors, and 4 active threads.
Waiting for actors to stop.
Sent output token with value 0.0
-- Read input: 0.0, which is expected to match: 0.0
Next port to read input from is inputB
Called postfire()
Called prefire()
Called fire()
Called prefire()
Called fire()
Read input token from inputB with value 1.5
Sent output token with value 1.0
Next port to read input from is inputA
-- Read input: 0.0, which is expected to match: 0.0
Checking for deadlock:
There are 1 Blocked actors, 0 Stopped actors, and 4 active threads.
Called prefire()
Called fire()
Waiting for actors to stop.
Called postfire()
Called prefire()
Called fire()
-- Read input: 1.0, which is expected to match: 1.0
Called prefire()
Called fire()
Checking for deadlock:
There are 3 Blocked actors, 0 Stopped actors, and 4 active threads.
Waiting for actors to stop.
Called postfire()
Called prefire()
Called fire()
Read input token from inputA with value 2.0
Sent output token with value 1.5
Next port to read input from is inputB
Called postfire()
Called prefire()
Called fire()
Read input token from inputB with value 3.0
Checking for deadlock:
There are 1 Blocked actors, 0 Stopped actors, and 4 active threads.
Waiting for actors to stop.
Called postfire()
Called prefire()
Called fire()
-- Read input: 1.5, which is expected to match: 1.5
Called prefire()
Called fire()
Called postfire()
Called prefire()
Called fire()
Checking for deadlock:
There are 2 Blocked actors, 0 Stopped actors, and 4 active threads.
Waiting for actors to stop.
Sent output token with value 2.0
-- Read input: 2.0, which is expected to match: 2.0
Called prefire()
Called fire()
Next port to read input from is inputA
Called postfire()
Called prefire()
Called fire()
Checking for deadlock:
There are 3 Blocked actors, 0 Stopped actors, and 4 active threads.
Waiting for actors to stop.
Read input token from inputA with value 3.0
Sent output token with value 3.0
Next port to read input from is inputB
Called postfire()
Called prefire()
Called fire()
Read input token from inputB with value 4.5
Checking for deadlock:
There are 1 Blocked actors, 0 Stopped actors, and 4 active threads.
Waiting for actors to stop.
Called postfire()
Called prefire()
Called fire()
-- Read input: 3.0, which is expected to match: 3.0
Checking for deadlock:
There are 1 Blocked actors, 0 Stopped actors, and 4 active threads.
Called prefire()
Waiting for actors to stop.
Called fire()
Checking for deadlock:
There are 2 Blocked actors, 0 Stopped actors, and 4 active threads.
Waiting for actors to stop.
Called postfire()
Called prefire()
Called fire()
Sent output token with value 3.0
Checking for deadlock:
There are 2 Blocked actors, 0 Stopped actors, and 4 active threads.
-- Read input: 3.0, which is expected to match: 3.0
Called prefire()
Called fire()
Waiting for actors to stop.
Next port to read input from is inputA
Called postfire()
Called prefire()
Called fire()
Read input token from inputA with value 4.0
Checking for deadlock:
There are 1 Blocked actors, 0 Stopped actors, and 4 active threads.
Waiting for actors to stop.
Called postfire()
Called prefire()
Called fire()
-- Read input: 4.0, which is expected to match: 4.0
Called prefire()
Called fire()
Past the end of training data. Read and discard all inputs.
Checking for deadlock:
There are 2 Blocked actors, 0 Stopped actors, and 4 active threads.
Waiting for actors to stop.
Sent output token with value 4.0
Next port to read input from is inputA
Called postfire()
Called prefire()
Called fire()
Read input token from inputA with value 5.0
Sent output token with value 4.5
Next port to read input from is inputB
Called postfire()
Called prefire()
Called fire()
Read input token from inputB with value 6.0
Checking for deadlock:
There are 1 Blocked actors, 0 Stopped actors, and 4 active threads.
Waiting for actors to stop.
Called postfire()
Called prefire()
Called fire()
Called prefire()
Called fire()
Past the end of training data. Read and discard all inputs.
Called postfire()
Called prefire()
Called fire()
Checking for deadlock:
There are 3 Blocked actors, 0 Stopped actors, and 4 active threads.
Waiting for actors to stop.
Checking for deadlock:
Called prefire()
Called fire()
There are 2 Blocked actors, 0 Stopped actors, and 4 active threads.
Waiting for actors to stop.
Past the end of training data. Read and discard all inputs.
Checking for deadlock:
There are 3 Blocked actors, 0 Stopped actors, and 4 active threads.
Waiting for actors to stop.
Sent output token with value 5.0
Next port to read input from is inputA
Called postfire()
Called prefire()
Called fire()
Called postfire()
Called prefire()
Called fire()
Checking for deadlock:
There are 3 Blocked actors, 0 Stopped actors, and 4 active threads.
Waiting for actors to stop.
Read input token from inputA with value 6.0
Called prefire()
Called fire()
Past the end of training data. Read and discard all inputs.
Checking for deadlock:
There are 3 Blocked actors, 0 Stopped actors, and 4 active threads.
Waiting for actors to stop.
Sent output token with value 6.0
Next port to read input from is inputB
Called postfire()
Called prefire()
Called fire()
Checking for deadlock:
There are 2 Blocked actors, 0 Stopped actors, and 4 active threads.
Waiting for actors to stop.
Read input token from inputB with value 7.5
Called postfire()
Called prefire()
Called fire()
Checking for deadlock:
There are 2 Blocked actors, 0 Stopped actors, and 4 active threads.
Called prefire()
Waiting for actors to stop.
Called fire()
Past the end of training data. Read and discard all inputs.
Sent output token with value 6.0
Checking for deadlock:
There are 3 Blocked actors, 0 Stopped actors, and 4 active threads.
Waiting for actors to stop.
Next port to read input from is inputA
Called postfire()
Called prefire()
Called fire()
Checking for deadlock:
There are 2 Blocked actors, 0 Stopped actors, and 4 active threads.
Waiting for actors to stop.
Called postfire()
Called prefire()
Called fire()
Checking for deadlock:
There are 3 Blocked actors, 0 Stopped actors, and 4 active threads.
Waiting for actors to stop.
Read input token from inputA with value 7.0
Called prefire()
Called fire()
Past the end of training data. Read and discard all inputs.
Checking for deadlock:
There are 3 Blocked actors, 0 Stopped actors, and 4 active threads.
Waiting for actors to stop.
Sent output token with value 7.0
Next port to read input from is inputA
Called postfire()
Called prefire()
Called fire()
Checking for deadlock:
-- Thread wrapup() called.
There are 2 Blocked actors, 0 Stopped actors, and 4 active threads.
Waiting for actors to stop.
Called wrapup()
Thread .top.Ramp is exiting.
-- Thread stopped.
Checking for deadlock:
There are 2 Blocked actors, 0 Stopped actors, and 3 active threads.
Waiting for actors to stop.
Read input token from inputA with value 8.0
Called prefire()
Called fire()
Past the end of training data. Read and discard all inputs.
Sent output token with value 7.5
Checking for deadlock:
There are 2 Blocked actors, 0 Stopped actors, and 3 active threads.
Waiting for actors to stop.
Next port to read input from is inputB
Called postfire()
Called prefire()
Called fire()
Read input token from inputB with value 9.0
Checking for deadlock:
There are 1 Blocked actors, 0 Stopped actors, and 3 active threads.
Waiting for actors to stop.
Called postfire()
Called prefire()
Called fire()
Checking for deadlock:
There are 1 Blocked actors, 0 Stopped actors, and 3 active threads.
Waiting for actors to stop.
Sent output token with value 8.0
Called prefire()
Called fire()
Next port to read input from is inputA
Past the end of training data. Read and discard all inputs.
Called postfire()
Called prefire()
Called fire()
Checking for deadlock:
There are 2 Blocked actors, 0 Stopped actors, and 3 active threads.
Waiting for actors to stop.
Read input token from inputA with value 9.0
Called prefire()
Called fire()
Past the end of training data. Read and discard all inputs.
Sent output token with value 9.0
Checking for deadlock:
There are 2 Blocked actors, 0 Stopped actors, and 3 active threads.
Waiting for actors to stop.
Next port to read input from is inputB
Called postfire()
Called prefire()
Called fire()
Checking for deadlock:
There are 1 Blocked actors, 0 Stopped actors, and 3 active threads.
Waiting for actors to stop.
Called postfire()
Called prefire()
Called fire()
Read input token from inputB with value 10.5
Checking for deadlock:
There are 2 Blocked actors, 0 Stopped actors, and 3 active threads.
Waiting for actors to stop.
Checking for deadlock:
There are 1 Blocked actors, 0 Stopped actors, and 3 active threads.
Waiting for actors to stop.
Called prefire()
Called fire()
Sent output token with value 9.0
Past the end of training data. Read and discard all inputs.
Checking for deadlock:
Next port to read input from is inputA
Called postfire()
There are 2 Blocked actors, 0 Stopped actors, and 3 active threads.
Waiting for actors to stop.
Called prefire()
Called fire()
Checking for deadlock:
There are 3 Blocked actors, 0 Stopped actors, and 3 active threads.
Actors have stopped.
Checking for deadlock:
There are 3 Blocked actors, 0 Stopped actors, and 3 active threads.
Deadlock detected.
Resolving Deadlock
Checking for deadlock:
There are 3 Blocked actors, 0 Stopped actors, and 3 active threads.
Artificial Deadlock - increasing queue capacity.
increasing the capacity of receiver ptolemy.actor.TypedIOPort {.top.OrderedMerge.inputB} to 2
-- Thread wrapup() called.
Called wrapup()
Director: Called postfire().
Thread .top.Ramp2 is exiting.
-- Thread stopped.
Called postfire().
_stopRequested = false
_stopFireRequested = false
Returning from postfire(): true
Called fire().
Checking for deadlock:
There are 2 Blocked actors, 0 Stopped actors, and 2 active threads.
Actors have stopped.
Checking for deadlock:
There are 2 Blocked actors, 0 Stopped actors, and 2 active threads.
Deadlock detected.
Resolving Deadlock
Checking for deadlock:
There are 2 Blocked actors, 0 Stopped actors, and 2 active threads.
Deadlock detected: no processes blocked on write, but some are blocked on read.
Called postfire().
_stopRequested = false
_stopFireRequested = false
Returning from postfire(): false
Finished deactivating branches.
Called wrapup().
-- Thread wrapup() called.
Called wrapup()
Thread .top.OrderedMerge is exiting.
-- Thread stopped.
-- Blocked Receiver call threw TerminateProcessException.
-- Thread wrapup() called.
Called wrapup()
Thread .top.Test is exiting.
-- Thread stopped.
-- Blocked Receiver call threw TerminateProcessException.
52 ms. Memory: 129024K Free: 101624K (79%)
.top. Preinitializing ...
Invoking preinitialize():  .top.OrderedMerge
Called preinitialize()
Invoking preinitialize():  .top.Ramp
Called preinitialize()
Invoking preinitialize():  .top.Ramp2
Called preinitialize()
Invoking preinitialize():  .top.Test
Called preinitialize()
.top. Finished preinitialize().
Called initialize().
Invoking initialize():  .top.OrderedMerge
Initializing actor: .top.OrderedMerge
Adding a thread: .top.OrderedMerge
Invoking initialize():  .top.Ramp
Initializing actor: .top.Ramp
Adding a thread: .top.Ramp
Invoking initialize():  .top.Ramp2
Initializing actor: .top.Ramp2
Adding a thread: .top.Ramp2
Invoking initialize():  .top.Test
Initializing actor: .top.Test
Adding a thread: .top.Test
-- Starting thread.
Called initialize()
Called prefire()
Called fire()
Called fire().
Checking for deadlock:
There are 0 Blocked actors, 0 Stopped actors, and 4 active threads.
Waiting for actors to stop.
-- Starting thread.
Called initialize()
Called prefire()
Called fire()
Called postfire()
Called prefire()
Called fire()
-- Starting thread.
Called initialize()
Called prefire()
Called fire()
Read input token from inputA with value 0.0
Next port to read input from is inputB
Called postfire()
Called prefire()
Called fire()
-- Starting thread.
Called initialize()
Called prefire()
Called fire()
Called postfire()
Called prefire()
Called fire()
Called postfire()
Called prefire()
Called fire()
Checking for deadlock:
There are 3 Blocked actors, 0 Stopped actors, and 4 active threads.
Waiting for actors to stop.
Read input token from inputB with value 0.0
Sent output token with value 0.0
Next port to read input from is inputA
Called postfire()
Called prefire()
Called fire()
Read input token from inputA with value 1.0
-- Read input: 0.0, which is expected to match: 0.0
Called prefire()
Called fire()
Checking for deadlock:
There are 1 Blocked actors, 0 Stopped actors, and 4 active threads.
Waiting for actors to stop.
Called postfire()
Called prefire()
Called fire()
Checking for deadlock:
There are 2 Blocked actors, 0 Stopped actors, and 4 active threads.
Waiting for actors to stop.
-- Read input: 0.0, which is expected to match: 0.0
Called prefire()
Called fire()
Checking for deadlock:
There are 2 Blocked actors, 0 Stopped actors, and 4 active threads.
Waiting for actors to stop.
Sent output token with value 0.0
Next port to read input from is inputB
Called postfire()
Called prefire()
Called fire()
Checking for deadlock:
There are 3 Blocked actors, 0 Stopped actors, and 4 active threads.
Waiting for actors to stop.
Called postfire()
Called prefire()
Called fire()
Checking for deadlock:
There are 3 Blocked actors, 0 Stopped actors, and 4 active threads.
Waiting for actors to stop.
Read input token from inputB with value 1.5
Sent output token with value 1.0
Next port to read input from is inputA
Called postfire()
Called prefire()
Called fire()
Read input token from inputA with value 2.0
-- Read input: 1.0, which is expected to match: 1.0
Called prefire()
Called fire()
Called postfire()
Called prefire()
Called fire()
Checking for deadlock:
There are 2 Blocked actors, 0 Stopped actors, and 4 active threads.
Waiting for actors to stop.
Called postfire()
Called prefire()
Called fire()
Checking for deadlock:
There are 3 Blocked actors, 0 Stopped actors, and 4 active threads.
Waiting for actors to stop.
Sent output token with value 1.5
Checking for deadlock:
There are 2 Blocked actors, 0 Stopped actors, and 4 active threads.
Waiting for actors to stop.
-- Read input: 1.5, which is expected to match: 1.5
Called prefire()
Called fire()
Checking for deadlock:
There are 3 Blocked actors, 0 Stopped actors, and 4 active threads.
Waiting for actors to stop.
Next port to read input from is inputB
Called postfire()
Called prefire()
Called fire()
Checking for deadlock:
There are 2 Blocked actors, 0 Stopped actors, and 4 active threads.
Waiting for actors to stop.
Called postfire()
Called prefire()
Called fire()
Checking for deadlock:
There are 3 Blocked actors, 0 Stopped actors, and 4 active threads.
Waiting for actors to stop.
Read input token from inputB with value 3.0
Sent output token with value 2.0
Next port to read input from is inputA
Called postfire()
Called prefire()
Called fire()
Checking for deadlock:
There are 1 Blocked actors, 0 Stopped actors, and 4 active threads.
Waiting for actors to stop.
Called postfire()
Called prefire()
Called fire()
Checking for deadlock:
There are 2 Blocked actors, 0 Stopped actors, and 4 active threads.
Waiting for actors to stop.
-- Read input: 2.0, which is expected to match: 2.0
Called prefire()
Called fire()
Checking for deadlock:
There are 3 Blocked actors, 0 Stopped actors, and 4 active threads.
Waiting for actors to stop.
Read input token from inputA with value 3.0
-- Read input: 3.0, which is expected to match: 3.0
Called prefire()
Called fire()
Checking for deadlock:
There are 3 Blocked actors, 0 Stopped actors, and 4 active threads.
Waiting for actors to stop.
Sent output token with value 3.0
Next port to read input from is inputB
Called postfire()
Called prefire()
Called fire()
Checking for deadlock:
There are 2 Blocked actors, 0 Stopped actors, and 4 active threads.
Waiting for actors to stop.
Called postfire()
Called prefire()
Called fire()
Checking for deadlock:
There are 3 Blocked actors, 0 Stopped actors, and 4 active threads.
Waiting for actors to stop.
Read input token from inputB with value 4.5
Sent output token with value 3.0
Next port to read input from is inputA
Called postfire()
Called prefire()
Called fire()
Read input token from inputA with value 4.0
Called postfire()
Called prefire()
Called fire()
Checking for deadlock:
There are 3 Blocked actors, 0 Stopped actors, and 4 active threads.
Waiting for actors to stop.
-- Read input: 3.0, which is expected to match: 3.0
Called prefire()
Called fire()
Checking for deadlock:
There are 3 Blocked actors, 0 Stopped actors, and 4 active threads.
Waiting for actors to stop.
-- Read input: 4.0, which is expected to match: 4.0
Called prefire()
Called fire()
Past the end of training data. Read and discard all inputs.
Checking for deadlock:
There are 3 Blocked actors, 0 Stopped actors, and 4 active threads.
Waiting for actors to stop.
Sent output token with value 4.0
Next port to read input from is inputA
Called postfire()
Called prefire()
Called fire()
Checking for deadlock:
There are 2 Blocked actors, 0 Stopped actors, and 4 active threads.
Waiting for actors to stop.
Called postfire()
Called prefire()
Called fire()
Checking for deadlock:
There are 3 Blocked actors, 0 Stopped actors, and 4 active threads.
Waiting for actors to stop.
Read input token from inputA with value 5.0
Checking for deadlock:
There are 2 Blocked actors, 0 Stopped actors, and 4 active threads.
Waiting for actors to stop.
Called prefire()
Called fire()
Past the end of training data. Read and discard all inputs.
Checking for deadlock:
There are 3 Blocked actors, 0 Stopped actors, and 4 active threads.
Waiting for actors to stop.
Sent output token with value 4.5
Next port to read input from is inputB
Called postfire()
Called prefire()
Called fire()
Checking for deadlock:
There are 2 Blocked actors, 0 Stopped actors, and 4 active threads.
Waiting for actors to stop.
Called postfire()
Called prefire()
Called fire()
Checking for deadlock:
There are 3 Blocked actors, 0 Stopped actors, and 4 active threads.
Waiting for actors to stop.
Read input token from inputB with value 6.0
Sent output token with value 5.0
Next port to read input from is inputA
Called postfire()
Called prefire()
Called fire()
Read input token from inputA with value 6.0
Checking for deadlock:
There are 2 Blocked actors, 0 Stopped actors, and 4 active threads.
Waiting for actors to stop.
Called postfire()
Called prefire()
Called fire()
Called prefire()
Called fire()
Past the end of training data. Read and discard all inputs.
Checking for deadlock:
There are 3 Blocked actors, 0 Stopped actors, and 4 active threads.
Waiting for actors to stop.
Called prefire()
Called fire()
Past the end of training data. Read and discard all inputs.
Checking for deadlock:
There are 3 Blocked actors, 0 Stopped actors, and 4 active threads.
Waiting for actors to stop.
Sent output token with value 6.0
Next port to read input from is inputB
Called postfire()
Called prefire()
Called fire()
Checking for deadlock:
There are 2 Blocked actors, 0 Stopped actors, and 4 active threads.
Waiting for actors to stop.
Called postfire()
Called prefire()
Called fire()
Checking for deadlock:
There are 3 Blocked actors, 0 Stopped actors, and 4 active threads.
Waiting for actors to stop.
Read input token from inputB with value 7.5
Sent output token with value 6.0
Next port to read input from is inputA
Called postfire()
Called prefire()
Called fire()
Read input token from inputA with value 7.0
Checking for deadlock:
There are 2 Blocked actors, 0 Stopped actors, and 4 active threads.
Waiting for actors to stop.
Called postfire()
Called prefire()
Called fire()
Called prefire()
Called fire()
Past the end of training data. Read and discard all inputs.
Checking for deadlock:
There are 3 Blocked actors, 0 Stopped actors, and 4 active threads.
Waiting for actors to stop.
Called prefire()
Called fire()
Past the end of training data. Read and discard all inputs.
Checking for deadlock:
There are 3 Blocked actors, 0 Stopped actors, and 4 active threads.
Waiting for actors to stop.
Sent output token with value 7.0
Next port to read input from is inputA
Called postfire()
Called prefire()
Called fire()
Checking for deadlock:
There are 2 Blocked actors, 0 Stopped actors, and 4 active threads.
Waiting for actors to stop.
-- Thread wrapup() called.
Called wrapup()
Thread .top.Ramp is exiting.
-- Thread stopped.
Checking for deadlock:
There are 2 Blocked actors, 0 Stopped actors, and 3 active threads.
Waiting for actors to stop.
Read input token from inputA with value 8.0
Called prefire()
Called fire()
Past the end of training data. Read and discard all inputs.
Checking for deadlock:
There are 2 Blocked actors, 0 Stopped actors, and 3 active threads.
Waiting for actors to stop.
Sent output token with value 7.5
Next port to read input from is inputB
Called postfire()
Called prefire()
Called fire()
Checking for deadlock:
There are 1 Blocked actors, 0 Stopped actors, and 3 active threads.
Waiting for actors to stop.
Called postfire()
Called prefire()
Called fire()
Checking for deadlock:
There are 2 Blocked actors, 0 Stopped actors, and 3 active threads.
Waiting for actors to stop.
Read input token from inputB with value 9.0
Sent output token with value 8.0
Next port to read input from is inputA
Called postfire()
Called prefire()
Called fire()
Read input token from inputA with value 9.0
Checking for deadlock:
There are 2 Blocked actors, 0 Stopped actors, and 3 active threads.
Waiting for actors to stop.
Called prefire()
Called fire()
Past the end of training data. Read and discard all inputs.
Checking for deadlock:
There are 2 Blocked actors, 0 Stopped actors, and 3 active threads.
Waiting for actors to stop.
Called prefire()
Called fire()
Past the end of training data. Read and discard all inputs.
Checking for deadlock:
There are 2 Blocked actors, 0 Stopped actors, and 3 active threads.
Waiting for actors to stop.
Sent output token with value 9.0
Next port to read input from is inputB
Called postfire()
Called prefire()
Called fire()
Checking for deadlock:
There are 1 Blocked actors, 0 Stopped actors, and 3 active threads.
Waiting for actors to stop.
Called postfire()
Called prefire()
Called fire()
Checking for deadlock:
There are 2 Blocked actors, 0 Stopped actors, and 3 active threads.
Waiting for actors to stop.
Read input token from inputB with value 10.5
Sent output token with value 9.0
Next port to read input from is inputA
Called postfire()
Called prefire()
Called fire()
Checking for deadlock:
There are 2 Blocked actors, 0 Stopped actors, and 3 active threads.
Waiting for actors to stop.
Called prefire()
Called fire()
Past the end of training data. Read and discard all inputs.
Checking for deadlock:
There are 3 Blocked actors, 0 Stopped actors, and 3 active threads.
Actors have stopped.
Checking for deadlock:
There are 3 Blocked actors, 0 Stopped actors, and 3 active threads.
Deadlock detected.
Resolving Deadlock
Checking for deadlock:
There are 3 Blocked actors, 0 Stopped actors, and 3 active threads.
Artificial Deadlock - increasing queue capacity.
increasing the capacity of receiver ptolemy.actor.TypedIOPort {.top.OrderedMerge.inputB} to 2
Director: Called postfire().
Called postfire().
_stopRequested = false
_stopFireRequested = false
Returning from postfire(): true
Called fire().
Checking for deadlock:
There are 2 Blocked actors, 0 Stopped actors, and 3 active threads.
Waiting for actors to stop.
-- Thread wrapup() called.
Called wrapup()
Thread .top.Ramp2 is exiting.
Checking for deadlock:
There are 2 Blocked actors, 0 Stopped actors, and 2 active threads.
Actors have stopped.
Checking for deadlock:
There are 2 Blocked actors, 0 Stopped actors, and 2 active threads.
Deadlock detected.
Resolving Deadlock
Checking for deadlock:
There are 2 Blocked actors, 0 Stopped actors, and 2 active threads.
Deadlock detected: no processes blocked on write, but some are blocked on read.
Called postfire().
_stopRequested = false
_stopFireRequested = false
Returning from postfire(): false
Finished deactivating branches.
Called wrapup().
-- Thread stopped.
-- Thread wrapup() called.
Called wrapup()
Thread .top.OrderedMerge is exiting.
-- Thread stopped.
-- Blocked Receiver call threw TerminateProcessException.
-- Thread wrapup() called.
Called wrapup()
Thread .top.Test is exiting.
-- Thread stopped.
-- Blocked Receiver call threw TerminateProcessException.
36 ms. Memory: 129024K Free: 99066K (77%)
/home/travis/build/icyphy/ptII/ptolemy/actor/lib/test/Publisher.tcl
14 ms. Memory: 129024K Free: 92922K (72%)
4 ms. Memory: 129024K Free: 87802K (68%)
2 ms. Memory: 129024K Free: 84216K (65%)
3 ms. Memory: 129024K Free: 83162K (64%)
2 ms. Memory: 129024K Free: 82168K (64%)
3 ms. Memory: 129024K Free: 81658K (63%)
2 ms. Memory: 129024K Free: 80634K (62%)
2 ms. Memory: 129024K Free: 79610K (62%)
18 ms. Memory: 129024K Free: 108128K (84%)
3 ms. Memory: 129024K Free: 104546K (81%)
2 ms. Memory: 129024K Free: 104017K (81%)
3 ms. Memory: 129024K Free: 101474K (79%)
13 ms. Memory: 129024K Free: 93792K (73%)
15 ms. Memory: 129024K Free: 84576K (66%)
14 ms. Memory: 129024K Free: 73312K (57%)
/home/travis/build/icyphy/ptII/ptolemy/actor/lib/test/Pulse.tcl
4 ms. Memory: 163840K Free: 132315K (81%)
8 ms. Memory: 163840K Free: 131801K (80%)
5 ms. Memory: 163840K Free: 131291K (80%)
1 ms. Memory: 163840K Free: 130777K (80%)
3 ms. Memory: 163840K Free: 129753K (79%)
9 ms. Memory: 163840K Free: 128729K (79%)
4 ms. Memory: 163840K Free: 127691K (78%)
3 ms. Memory: 163840K Free: 127195K (78%)
1 ms. Memory: 163840K Free: 126681K (77%)
/home/travis/build/icyphy/ptII/ptolemy/actor/lib/test/Ramp.tcl
6 ms. Memory: 163840K Free: 124633K (76%)
4 ms. Memory: 163840K Free: 123595K (75%)
2 ms. Memory: 163840K Free: 123099K (75%)
2 ms. Memory: 163840K Free: 122075K (75%)
5 ms. Memory: 163840K Free: 121555K (74%)
8 ms. Memory: 163840K Free: 120537K (74%)
6 ms. Memory: 163840K Free: 119483K (73%)
5 actors
12000 microseconds per iteration to create
11 ms. Memory: 163840K Free: 116955K (71%)
2 ms. Memory: 163840K Free: 116427K (71%)
3 ms. Memory: 163840K Free: 115931K (71%)
2 ms. Memory: 163840K Free: 114907K (70%)
50 actors
48000 microseconds per iteration to create
34 ms. Memory: 163840K Free: 99547K (61%)
8 ms. Memory: 163840K Free: 98523K (60%)
4 ms. Memory: 163840K Free: 97499K (60%)
13 ms. Memory: 163840K Free: 96475K (59%)
500 actors
1412000 microseconds per iteration to create
218 ms. Memory: 163840K Free: 91234K (56%)
30 ms. Memory: 163840K Free: 86114K (53%)
29 ms. Memory: 163840K Free: 80994K (49%)
29 ms. Memory: 163840K Free: 75360K (46%)
/home/travis/build/icyphy/ptII/ptolemy/actor/lib/test/RampContinuous.tcl
9 ms. Memory: 163840K Free: 74305K (45%)
/home/travis/build/icyphy/ptII/ptolemy/actor/lib/test/RecordAssembler.tcl
5 ms. Memory: 163840K Free: 72802K (44%)
3 ms. Memory: 163840K Free: 71778K (44%)
/home/travis/build/icyphy/ptII/ptolemy/actor/lib/test/RecordDisassembler.tcl
13 ms. Memory: 163840K Free: 69730K (43%)
3 ms. Memory: 163840K Free: 69201K (42%)
4 ms. Memory: 163840K Free: 67682K (41%)
/home/travis/build/icyphy/ptII/ptolemy/actor/lib/test/Scale.tcl
2 ms. Memory: 163840K Free: 66137K (40%)
1 ms. Memory: 163840K Free: 65105K (40%)
1 ms. Memory: 163840K Free: 64610K (39%)
1 ms. Memory: 163840K Free: 63586K (39%)
2 ms. Memory: 163840K Free: 63065K (38%)
/home/travis/build/icyphy/ptII/ptolemy/actor/lib/test/SequentialClock.tcl
preinitializing
resolving types
initializing
executing number 1
wrapping up
idle
2 ms. Memory: 163840K Free: 61538K (38%)
Completed execution with 5 iterations
preinitializing
resolving types
initializing
executing number 1
wrapping up
idle
1 ms. Memory: 163840K Free: 61009K (37%)
Completed execution with 5 iterations
preinitializing
resolving types
initializing
executing number 1
wrapping up
idle
1 ms. Memory: 163840K Free: 60514K (37%)
Completed execution with 5 iterations
/home/travis/build/icyphy/ptII/ptolemy/actor/lib/test/SetVariable.tcl
4 ms. Memory: 163840K Free: 58466K (36%)
/home/travis/build/icyphy/ptII/ptolemy/actor/lib/test/Sinewave.tcl
/home/travis/build/icyphy/ptII/ptolemy/actor/lib/test/SubscriptionAggregator.tcl
11 ms. Memory: 163840K Free: 134625K (82%)
2 ms. Memory: 163840K Free: 134096K (82%)
1 ms. Memory: 163840K Free: 133601K (82%)
0 ms. Memory: 163840K Free: 133072K (81%)
2 ms. Memory: 163840K Free: 129505K (79%)
8 ms. Memory: 163840K Free: 127457K (78%)
...............................................................973 ms. Memory: 276480K Free: 219134K (79%)
/home/travis/build/icyphy/ptII/ptolemy/actor/lib/test/Test.tcl
 The next command will produce a warning about training mode,
   which may be ignored.
4 ms. Memory: 276480K Free: 217088K (79%)
8 ms. Memory: 276480K Free: 216064K (78%)
2 ms. Memory: 276480K Free: 215535K (78%)
1 ms. Memory: 276480K Free: 215040K (78%)
5 ms. Memory: 276480K Free: 214519K (78%)
3 ms. Memory: 276480K Free: 212992K (77%)
4 ms. Memory: 276480K Free: 211968K (77%)
 The next command will produce a warning about training mode,
   which may be ignored.
7 ms. Memory: 276480K Free: 209399K (76%)
 The next command will produce a warning about training mode,
   which may be ignored.
3 ms. Memory: 276480K Free: 208375K (75%)
1 ms. Memory: 276480K Free: 207872K (75%)
2 ms. Memory: 276480K Free: 207327K (75%)
3 ms. Memory: 276480K Free: 206848K (75%)
7 ms. Memory: 276480K Free: 205824K (74%)
3 ms. Memory: 276480K Free: 202238K (73%)
/home/travis/build/icyphy/ptII/ptolemy/actor/lib/test/TestExceptionHandler.tcl
 The next command will produce a warning about training mode,
   which may be ignored.
3 ms. Memory: 276480K Free: 200704K (73%)
1 ms. Memory: 276480K Free: 200190K (72%)
1 ms. Memory: 276480K Free: 199680K (72%)
/home/travis/build/icyphy/ptII/ptolemy/actor/lib/test/UnionDisassembler.tcl
29 ms. Memory: 276480K Free: 192512K (70%)
/home/travis/build/icyphy/ptII/ptolemy/actor/lib/test/VariableClock.tcl
preinitializing
resolving types
initializing
executing number 1
wrapping up
idle
9 ms. Memory: 276480K Free: 190464K (69%)
Completed execution with 11 iterations
preinitializing
resolving types
initializing
executing number 1
wrapping up
idle
9 ms. Memory: 276480K Free: 188895K (68%)
Completed execution with 10 iterations
01/04/20 10:17:59
Failed: 0  Total Tests: 233  ((Passed: 233, Newly Passed: 0)  Known Failed: 0) /home/travis/build/icyphy/ptII/ptolemy/actor/lib/test
----------------- testing (KnownFailure) /home/travis/build/icyphy/ptII/ptolemy/actor/lib/test/auto/knownFailedTests/PublisherPortToplevelSubscriber.xml
0 ms. Memory: 276480K Free: 185854K (67%)
Known Failure: java.lang.reflect.InvocationTargetException
----------------- testing (KnownFailure) /home/travis/build/icyphy/ptII/ptolemy/actor/lib/test/auto/knownFailedTests/PublisherSubscriberPortToplevel.xml
0 ms. Memory: 276480K Free: 181758K (66%)
Known Failure: java.lang.reflect.InvocationTargetException
----------------- testing (KnownFailure) /home/travis/build/icyphy/ptII/ptolemy/actor/lib/test/auto/knownFailedTests/PublisherSubscriptionAggregatorPort.xml
1 ms. Memory: 276480K Free: 177662K (64%)
Known Failure: java.lang.reflect.InvocationTargetException
----------------- testing (KnownFailure) /home/travis/build/icyphy/ptII/ptolemy/actor/lib/test/auto/knownFailedTests/sizedarray3.xml
7 ms. Memory: 276480K Free: 173566K (63%)
Known Failure: java.lang.reflect.InvocationTargetException
No auto/linux-amd64/*.xml tests in /home/travis/build/icyphy/ptII/ptolemy/actor/lib/test
AutoTests.java: About to close Vertx.
AutoTests.java: Vertx closed.

===========================================================================================
----------------- testing Sat Jan 04 22:18:00 UTC 2020 /home/travis/build/icyphy/ptII/ptolemy/actor/lib/test/auto/AbsoluteValue.xml
----------------- Instantiating /home/travis/build/icyphy/ptII/ptolemy/actor/lib/test/auto/AbsoluteValue.xml
9 ms. Memory: 276480K Free: 150014K (54%)
----------------- Invoking toplevel() on ptolemy.moml.MoMLSimpleApplication@35504235
----------------- Done invoking toplevel() on ptolemy.moml.MoMLSimpleApplication@35504235
reloadAllAccessors: .AbsoluteValue

===========================================================================================
----------------- testing Sat Jan 04 22:18:00 UTC 2020 /home/travis/build/icyphy/ptII/ptolemy/actor/lib/test/auto/AbsoluteValue2.xml
----------------- Instantiating /home/travis/build/icyphy/ptII/ptolemy/actor/lib/test/auto/AbsoluteValue2.xml
4 ms. Memory: 276480K Free: 143360K (52%)
----------------- Invoking toplevel() on ptolemy.moml.MoMLSimpleApplication@163fed3f
----------------- Done invoking toplevel() on ptolemy.moml.MoMLSimpleApplication@163fed3f
reloadAllAccessors: .AbsoluteValue2

===========================================================================================
----------------- testing Sat Jan 04 22:18:00 UTC 2020 /home/travis/build/icyphy/ptII/ptolemy/actor/lib/test/auto/Accumulator.xml
----------------- Instantiating /home/travis/build/icyphy/ptII/ptolemy/actor/lib/test/auto/Accumulator.xml
6 ms. Memory: 276480K Free: 136702K (49%)
----------------- Invoking toplevel() on ptolemy.moml.MoMLSimpleApplication@34281c1d
----------------- Done invoking toplevel() on ptolemy.moml.MoMLSimpleApplication@34281c1d
reloadAllAccessors: .Accumulator

===========================================================================================
----------------- testing Sat Jan 04 22:18:00 UTC 2020 /home/travis/build/icyphy/ptII/ptolemy/actor/lib/test/auto/Accumulator2.xml
----------------- Instantiating /home/travis/build/icyphy/ptII/ptolemy/actor/lib/test/auto/Accumulator2.xml
6 ms. Memory: 276480K Free: 131582K (48%)
----------------- Invoking toplevel() on ptolemy.moml.MoMLSimpleApplication@8f738d3
----------------- Done invoking toplevel() on ptolemy.moml.MoMLSimpleApplication@8f738d3
reloadAllAccessors: .Accumulator2

===========================================================================================
----------------- testing Sat Jan 04 22:18:00 UTC 2020 /home/travis/build/icyphy/ptII/ptolemy/actor/lib/test/auto/Accumulator3.xml
----------------- Instantiating /home/travis/build/icyphy/ptII/ptolemy/actor/lib/test/auto/Accumulator3.xml
1 ms. Memory: 276480K Free: 126976K (46%)
----------------- Invoking toplevel() on ptolemy.moml.MoMLSimpleApplication@73b25046
----------------- Done invoking toplevel() on ptolemy.moml.MoMLSimpleApplication@73b25046
reloadAllAccessors: .Accumulator3

===========================================================================================
----------------- testing Sat Jan 04 22:18:00 UTC 2020 /home/travis/build/icyphy/ptII/ptolemy/actor/lib/test/auto/ArrayAppend.xml
----------------- Instantiating /home/travis/build/icyphy/ptII/ptolemy/actor/lib/test/auto/ArrayAppend.xml
6 ms. Memory: 276480K Free: 121327K (44%)
----------------- Invoking toplevel() on ptolemy.moml.MoMLSimpleApplication@4d0d824a
----------------- Done invoking toplevel() on ptolemy.moml.MoMLSimpleApplication@4d0d824a
reloadAllAccessors: .ArrayAppend

===========================================================================================
----------------- testing Sat Jan 04 22:18:00 UTC 2020 /home/travis/build/icyphy/ptII/ptolemy/actor/lib/test/auto/ArrayAppend2.xml
----------------- Instantiating /home/travis/build/icyphy/ptII/ptolemy/actor/lib/test/auto/ArrayAppend2.xml
325 ms. Memory: 276480K Free: 179718K (65%)
----------------- Invoking toplevel() on ptolemy.moml.MoMLSimpleApplication@3638cebe
----------------- Done invoking toplevel() on ptolemy.moml.MoMLSimpleApplication@3638cebe
reloadAllAccessors: .ArrayAppend2

===========================================================================================
----------------- testing Sat Jan 04 22:18:00 UTC 2020 /home/travis/build/icyphy/ptII/ptolemy/actor/lib/test/auto/ArrayAppend3.xml
----------------- Instantiating /home/travis/build/icyphy/ptII/ptolemy/actor/lib/test/auto/ArrayAppend3.xml
4 ms. Memory: 276480K Free: 173572K (63%)
----------------- Invoking toplevel() on ptolemy.moml.MoMLSimpleApplication@7fa5777c
----------------- Done invoking toplevel() on ptolemy.moml.MoMLSimpleApplication@7fa5777c
reloadAllAccessors: .ArrayAppend3

===========================================================================================
----------------- testing Sat Jan 04 22:18:00 UTC 2020 /home/travis/build/icyphy/ptII/ptolemy/actor/lib/test/auto/ArrayAppend4.xml
----------------- Instantiating /home/travis/build/icyphy/ptII/ptolemy/actor/lib/test/auto/ArrayAppend4.xml
2 ms. Memory: 276480K Free: 168452K (61%)
----------------- Invoking toplevel() on ptolemy.moml.MoMLSimpleApplication@42bfb87e
----------------- Done invoking toplevel() on ptolemy.moml.MoMLSimpleApplication@42bfb87e
reloadAllAccessors: .ArrayAppend4

===========================================================================================
----------------- testing Sat Jan 04 22:18:00 UTC 2020 /home/travis/build/icyphy/ptII/ptolemy/actor/lib/test/auto/ArrayAppend5.xml
----------------- Instantiating /home/travis/build/icyphy/ptII/ptolemy/actor/lib/test/auto/ArrayAppend5.xml
2 ms. Memory: 276480K Free: 163332K (59%)
----------------- Invoking toplevel() on ptolemy.moml.MoMLSimpleApplication@36ae3275
----------------- Done invoking toplevel() on ptolemy.moml.MoMLSimpleApplication@36ae3275
reloadAllAccessors: .ArrayAppend5

===========================================================================================
----------------- testing Sat Jan 04 22:18:00 UTC 2020 /home/travis/build/icyphy/ptII/ptolemy/actor/lib/test/auto/ArrayAppend6.xml
----------------- Instantiating /home/travis/build/icyphy/ptII/ptolemy/actor/lib/test/auto/ArrayAppend6.xml
4 ms. Memory: 276480K Free: 158212K (57%)
----------------- Invoking toplevel() on ptolemy.moml.MoMLSimpleApplication@3c476061
----------------- Done invoking toplevel() on ptolemy.moml.MoMLSimpleApplication@3c476061
reloadAllAccessors: .ArrayAppend6

===========================================================================================
----------------- testing Sat Jan 04 22:18:00 UTC 2020 /home/travis/build/icyphy/ptII/ptolemy/actor/lib/test/auto/ArrayAppendPerformanceTest.xml
----------------- Instantiating /home/travis/build/icyphy/ptII/ptolemy/actor/lib/test/auto/ArrayAppendPerformanceTest.xml
41 ms. Memory: 276480K Free: 147972K (54%)
----------------- Invoking toplevel() on ptolemy.moml.MoMLSimpleApplication@401001ba
----------------- Done invoking toplevel() on ptolemy.moml.MoMLSimpleApplication@401001ba
reloadAllAccessors: .ArrayAppendPerformanceTest

===========================================================================================
----------------- testing Sat Jan 04 22:18:00 UTC 2020 /home/travis/build/icyphy/ptII/ptolemy/actor/lib/test/auto/ArrayAppendWithEmptyInput.xml
----------------- Instantiating /home/travis/build/icyphy/ptII/ptolemy/actor/lib/test/auto/ArrayAppendWithEmptyInput.xml
16 ms. Memory: 276480K Free: 139780K (51%)
----------------- Invoking toplevel() on ptolemy.moml.MoMLSimpleApplication@66760856
----------------- Done invoking toplevel() on ptolemy.moml.MoMLSimpleApplication@66760856
reloadAllAccessors: .ArrayAppendWithEmptyInput

===========================================================================================
----------------- testing Sat Jan 04 22:18:00 UTC 2020 /home/travis/build/icyphy/ptII/ptolemy/actor/lib/test/auto/ArrayAverage.xml
----------------- Instantiating /home/travis/build/icyphy/ptII/ptolemy/actor/lib/test/auto/ArrayAverage.xml
14 ms. Memory: 276480K Free: 132102K (48%)
----------------- Invoking toplevel() on ptolemy.moml.MoMLSimpleApplication@49522819
----------------- Done invoking toplevel() on ptolemy.moml.MoMLSimpleApplication@49522819
reloadAllAccessors: .ArrayAverage

===========================================================================================
----------------- testing Sat Jan 04 22:18:01 UTC 2020 /home/travis/build/icyphy/ptII/ptolemy/actor/lib/test/auto/ArrayContains.xml
----------------- Instantiating /home/travis/build/icyphy/ptII/ptolemy/actor/lib/test/auto/ArrayContains.xml
3 ms. Memory: 276480K Free: 125958K (46%)
----------------- Invoking toplevel() on ptolemy.moml.MoMLSimpleApplication@3e6aa510
----------------- Done invoking toplevel() on ptolemy.moml.MoMLSimpleApplication@3e6aa510
reloadAllAccessors: .ArrayContains

===========================================================================================
----------------- testing Sat Jan 04 22:18:01 UTC 2020 /home/travis/build/icyphy/ptII/ptolemy/actor/lib/test/auto/ArrayElement.xml
----------------- Instantiating /home/travis/build/icyphy/ptII/ptolemy/actor/lib/test/auto/ArrayElement.xml
5 ms. Memory: 276480K Free: 120838K (44%)
----------------- Invoking toplevel() on ptolemy.moml.MoMLSimpleApplication@7dda6c2f
----------------- Done invoking toplevel() on ptolemy.moml.MoMLSimpleApplication@7dda6c2f
reloadAllAccessors: .ArrayElement

===========================================================================================
----------------- testing Sat Jan 04 22:18:01 UTC 2020 /home/travis/build/icyphy/ptII/ptolemy/actor/lib/test/auto/ArrayElementAsMatrix.xml
----------------- Instantiating /home/travis/build/icyphy/ptII/ptolemy/actor/lib/test/auto/ArrayElementAsMatrix.xml
16 ms. Memory: 276480K Free: 110598K (40%)
----------------- Invoking toplevel() on ptolemy.moml.MoMLSimpleApplication@50059d7d
----------------- Done invoking toplevel() on ptolemy.moml.MoMLSimpleApplication@50059d7d
reloadAllAccessors: .ArrayElementAsMatrix

===========================================================================================
----------------- testing Sat Jan 04 22:18:01 UTC 2020 /home/travis/build/icyphy/ptII/ptolemy/actor/lib/test/auto/ArrayElementI.xml
----------------- Instantiating /home/travis/build/icyphy/ptII/ptolemy/actor/lib/test/auto/ArrayElementI.xml
3 ms. Memory: 276480K Free: 104950K (38%)
----------------- Invoking toplevel() on ptolemy.moml.MoMLSimpleApplication@2db69330
----------------- Done invoking toplevel() on ptolemy.moml.MoMLSimpleApplication@2db69330
reloadAllAccessors: .ArrayElementI

===========================================================================================
----------------- testing Sat Jan 04 22:18:01 UTC 2020 /home/travis/build/icyphy/ptII/ptolemy/actor/lib/test/auto/ArrayExtract.xml
----------------- Instantiating /home/travis/build/icyphy/ptII/ptolemy/actor/lib/test/auto/ArrayExtract.xml
8 ms. Memory: 276480K Free: 96772K (35%)
----------------- Invoking toplevel() on ptolemy.moml.MoMLSimpleApplication@6219255c
----------------- Done invoking toplevel() on ptolemy.moml.MoMLSimpleApplication@6219255c
reloadAllAccessors: .ArrayExtract

===========================================================================================
----------------- testing Sat Jan 04 22:18:01 UTC 2020 /home/travis/build/icyphy/ptII/ptolemy/actor/lib/test/auto/ArrayExtract2.xml
----------------- Instantiating /home/travis/build/icyphy/ptII/ptolemy/actor/lib/test/auto/ArrayExtract2.xml
2 ms. Memory: 276480K Free: 91142K (33%)
----------------- Invoking toplevel() on ptolemy.moml.MoMLSimpleApplication@63d1fe9a
----------------- Done invoking toplevel() on ptolemy.moml.MoMLSimpleApplication@63d1fe9a
reloadAllAccessors: .ArrayExtract2

===========================================================================================
----------------- testing Sat Jan 04 22:18:01 UTC 2020 /home/travis/build/icyphy/ptII/ptolemy/actor/lib/test/auto/ArrayLength.xml
----------------- Instantiating /home/travis/build/icyphy/ptII/ptolemy/actor/lib/test/auto/ArrayLength.xml
1 ms. Memory: 276480K Free: 87556K (32%)
----------------- Invoking toplevel() on ptolemy.moml.MoMLSimpleApplication@243e98b7
----------------- Done invoking toplevel() on ptolemy.moml.MoMLSimpleApplication@243e98b7
reloadAllAccessors: .ArrayLength

===========================================================================================
----------------- testing Sat Jan 04 22:18:01 UTC 2020 /home/travis/build/icyphy/ptII/ptolemy/actor/lib/test/auto/ArrayLevelCrossing.xml
----------------- Instantiating /home/travis/build/icyphy/ptII/ptolemy/actor/lib/test/auto/ArrayLevelCrossing.xml
7 ms. Memory: 276480K Free: 223748K (81%)
----------------- Invoking toplevel() on ptolemy.moml.MoMLSimpleApplication@5a403b89
----------------- Done invoking toplevel() on ptolemy.moml.MoMLSimpleApplication@5a403b89
reloadAllAccessors: .ArrayLevelCrossing

===========================================================================================
----------------- testing Sat Jan 04 22:18:01 UTC 2020 /home/travis/build/icyphy/ptII/ptolemy/actor/lib/test/auto/ArrayLevelCrossing2.xml
----------------- Instantiating /home/travis/build/icyphy/ptII/ptolemy/actor/lib/test/auto/ArrayLevelCrossing2.xml
2 ms. Memory: 276480K Free: 216566K (78%)
----------------- Invoking toplevel() on ptolemy.moml.MoMLSimpleApplication@528b87f3
----------------- Done invoking toplevel() on ptolemy.moml.MoMLSimpleApplication@528b87f3
reloadAllAccessors: .ArrayLevelCrossing2

===========================================================================================
----------------- testing Sat Jan 04 22:18:01 UTC 2020 /home/travis/build/icyphy/ptII/ptolemy/actor/lib/test/auto/ArrayPeakSearch.xml
----------------- Instantiating /home/travis/build/icyphy/ptII/ptolemy/actor/lib/test/auto/ArrayPeakSearch.xml
4 ms. Memory: 276480K Free: 207878K (75%)
----------------- Invoking toplevel() on ptolemy.moml.MoMLSimpleApplication@5ea5894e
----------------- Done invoking toplevel() on ptolemy.moml.MoMLSimpleApplication@5ea5894e
reloadAllAccessors: .ArrayPeakSearch

===========================================================================================
----------------- testing Sat Jan 04 22:18:01 UTC 2020 /home/travis/build/icyphy/ptII/ptolemy/actor/lib/test/auto/ArrayPeakSearch2.xml
----------------- Instantiating /home/travis/build/icyphy/ptII/ptolemy/actor/lib/test/auto/ArrayPeakSearch2.xml
5 ms. Memory: 276480K Free: 197094K (71%)
----------------- Invoking toplevel() on ptolemy.moml.MoMLSimpleApplication@1c088060
----------------- Done invoking toplevel() on ptolemy.moml.MoMLSimpleApplication@1c088060
reloadAllAccessors: .ArrayPeakSearch2

===========================================================================================
----------------- testing Sat Jan 04 22:18:01 UTC 2020 /home/travis/build/icyphy/ptII/ptolemy/actor/lib/test/auto/ArrayPeakSearch3.xml
----------------- Instantiating /home/travis/build/icyphy/ptII/ptolemy/actor/lib/test/auto/ArrayPeakSearch3.xml
3 ms. Memory: 276480K Free: 188422K (68%)
----------------- Invoking toplevel() on ptolemy.moml.MoMLSimpleApplication@6dcb89dc
----------------- Done invoking toplevel() on ptolemy.moml.MoMLSimpleApplication@6dcb89dc
reloadAllAccessors: .ArrayPeakSearch3

===========================================================================================
----------------- testing Sat Jan 04 22:18:01 UTC 2020 /home/travis/build/icyphy/ptII/ptolemy/actor/lib/test/auto/ArrayRemoveElement.xml
----------------- Instantiating /home/travis/build/icyphy/ptII/ptolemy/actor/lib/test/auto/ArrayRemoveElement.xml
3 ms. Memory: 276480K Free: 180230K (65%)
----------------- Invoking toplevel() on ptolemy.moml.MoMLSimpleApplication@cfa7271
----------------- Done invoking toplevel() on ptolemy.moml.MoMLSimpleApplication@cfa7271
reloadAllAccessors: .ArrayRemoveElement

===========================================================================================
----------------- testing Sat Jan 04 22:18:01 UTC 2020 /home/travis/build/icyphy/ptII/ptolemy/actor/lib/test/auto/ArraySort.xml
----------------- Instantiating /home/travis/build/icyphy/ptII/ptolemy/actor/lib/test/auto/ArraySort.xml
4 ms. Memory: 276480K Free: 171524K (62%)
----------------- Invoking toplevel() on ptolemy.moml.MoMLSimpleApplication@38528691
----------------- Done invoking toplevel() on ptolemy.moml.MoMLSimpleApplication@38528691
reloadAllAccessors: .ArraySort

===========================================================================================
----------------- testing Sat Jan 04 22:18:01 UTC 2020 /home/travis/build/icyphy/ptII/ptolemy/actor/lib/test/auto/ArraySum.xml
----------------- Instantiating /home/travis/build/icyphy/ptII/ptolemy/actor/lib/test/auto/ArraySum.xml
6 ms. Memory: 276480K Free: 165894K (60%)
----------------- Invoking toplevel() on ptolemy.moml.MoMLSimpleApplication@f7eddbe
----------------- Done invoking toplevel() on ptolemy.moml.MoMLSimpleApplication@f7eddbe
reloadAllAccessors: .ArraySum

===========================================================================================
----------------- testing Sat Jan 04 22:18:01 UTC 2020 /home/travis/build/icyphy/ptII/ptolemy/actor/lib/test/auto/ArrayToElements.xml
----------------- Instantiating /home/travis/build/icyphy/ptII/ptolemy/actor/lib/test/auto/ArrayToElements.xml
6 ms. Memory: 276480K Free: 160774K (58%)
----------------- Invoking toplevel() on ptolemy.moml.MoMLSimpleApplication@7d62395b
----------------- Done invoking toplevel() on ptolemy.moml.MoMLSimpleApplication@7d62395b
reloadAllAccessors: .ArrayToElements

===========================================================================================
----------------- testing Sat Jan 04 22:18:01 UTC 2020 /home/travis/build/icyphy/ptII/ptolemy/actor/lib/test/auto/ArrayToMatrix.xml
----------------- Instantiating /home/travis/build/icyphy/ptII/ptolemy/actor/lib/test/auto/ArrayToMatrix.xml
11 ms. Memory: 276480K Free: 146948K (53%)
----------------- Invoking toplevel() on ptolemy.moml.MoMLSimpleApplication@4e9dec8b
----------------- Done invoking toplevel() on ptolemy.moml.MoMLSimpleApplication@4e9dec8b
reloadAllAccessors: .ArrayToMatrix

===========================================================================================
----------------- testing Sat Jan 04 22:18:01 UTC 2020 /home/travis/build/icyphy/ptII/ptolemy/actor/lib/test/auto/ArrayUpdate1.xml
----------------- Instantiating /home/travis/build/icyphy/ptII/ptolemy/actor/lib/test/auto/ArrayUpdate1.xml
2 ms. Memory: 276480K Free: 141828K (51%)
----------------- Invoking toplevel() on ptolemy.moml.MoMLSimpleApplication@68cc3137
----------------- Done invoking toplevel() on ptolemy.moml.MoMLSimpleApplication@68cc3137
reloadAllAccessors: .ArrayUpdate1

===========================================================================================
----------------- testing Sat Jan 04 22:18:01 UTC 2020 /home/travis/build/icyphy/ptII/ptolemy/actor/lib/test/auto/ArrayUpdate2.xml
----------------- Instantiating /home/travis/build/icyphy/ptII/ptolemy/actor/lib/test/auto/ArrayUpdate2.xml
2 ms. Memory: 276480K Free: 135684K (49%)
----------------- Invoking toplevel() on ptolemy.moml.MoMLSimpleApplication@afe71c6
----------------- Done invoking toplevel() on ptolemy.moml.MoMLSimpleApplication@afe71c6
reloadAllAccessors: .ArrayUpdate2

===========================================================================================
----------------- testing Sat Jan 04 22:18:01 UTC 2020 /home/travis/build/icyphy/ptII/ptolemy/actor/lib/test/auto/ArrayUpdate3.xml
----------------- Instantiating /home/travis/build/icyphy/ptII/ptolemy/actor/lib/test/auto/ArrayUpdate3.xml
6 ms. Memory: 276480K Free: 130564K (47%)
----------------- Invoking toplevel() on ptolemy.moml.MoMLSimpleApplication@6eabcdc8
----------------- Done invoking toplevel() on ptolemy.moml.MoMLSimpleApplication@6eabcdc8
reloadAllAccessors: .ArrayUpdate3

===========================================================================================
----------------- testing Sat Jan 04 22:18:01 UTC 2020 /home/travis/build/icyphy/ptII/ptolemy/actor/lib/test/auto/Assert1.xml
----------------- Instantiating /home/travis/build/icyphy/ptII/ptolemy/actor/lib/test/auto/Assert1.xml
4 ms. Memory: 276480K Free: 126468K (46%)
----------------- Invoking toplevel() on ptolemy.moml.MoMLSimpleApplication@4d7bb16
----------------- Done invoking toplevel() on ptolemy.moml.MoMLSimpleApplication@4d7bb16
reloadAllAccessors: .Assert1

===========================================================================================
----------------- testing Sat Jan 04 22:18:01 UTC 2020 /home/travis/build/icyphy/ptII/ptolemy/actor/lib/test/auto/Assert2.xml
----------------- Instantiating /home/travis/build/icyphy/ptII/ptolemy/actor/lib/test/auto/Assert2.xml
1 ms. Memory: 276480K Free: 121348K (44%)
----------------- Invoking toplevel() on ptolemy.moml.MoMLSimpleApplication@73371492
----------------- Done invoking toplevel() on ptolemy.moml.MoMLSimpleApplication@73371492
reloadAllAccessors: .Assert2

===========================================================================================
----------------- testing Sat Jan 04 22:18:01 UTC 2020 /home/travis/build/icyphy/ptII/ptolemy/actor/lib/test/auto/BooleanMultiplexor.xml
----------------- Instantiating /home/travis/build/icyphy/ptII/ptolemy/actor/lib/test/auto/BooleanMultiplexor.xml
2 ms. Memory: 276480K Free: 116214K (42%)
----------------- Invoking toplevel() on ptolemy.moml.MoMLSimpleApplication@1e3f1665
----------------- Done invoking toplevel() on ptolemy.moml.MoMLSimpleApplication@1e3f1665
reloadAllAccessors: .BooleanMultiplexor

===========================================================================================
----------------- testing Sat Jan 04 22:18:01 UTC 2020 /home/travis/build/icyphy/ptII/ptolemy/actor/lib/test/auto/BooleanMultiplexor2.xml
----------------- Instantiating /home/travis/build/icyphy/ptII/ptolemy/actor/lib/test/auto/BooleanMultiplexor2.xml
3 ms. Memory: 276480K Free: 109574K (40%)
----------------- Invoking toplevel() on ptolemy.moml.MoMLSimpleApplication@571fc566
----------------- Done invoking toplevel() on ptolemy.moml.MoMLSimpleApplication@571fc566
reloadAllAccessors: .BooleanMultiplexor2

===========================================================================================
----------------- testing Sat Jan 04 22:18:01 UTC 2020 /home/travis/build/icyphy/ptII/ptolemy/actor/lib/test/auto/BooleanMultiplexor3.xml
----------------- Instantiating /home/travis/build/icyphy/ptII/ptolemy/actor/lib/test/auto/BooleanMultiplexor3.xml
1 ms. Memory: 276480K Free: 105988K (38%)
----------------- Invoking toplevel() on ptolemy.moml.MoMLSimpleApplication@62d25a38
----------------- Done invoking toplevel() on ptolemy.moml.MoMLSimpleApplication@62d25a38
reloadAllAccessors: .BooleanMultiplexor3

===========================================================================================
----------------- testing Sat Jan 04 22:18:01 UTC 2020 /home/travis/build/icyphy/ptII/ptolemy/actor/lib/test/auto/BooleanSelect.xml
----------------- Instantiating /home/travis/build/icyphy/ptII/ptolemy/actor/lib/test/auto/BooleanSelect.xml
7 ms. Memory: 276480K Free: 100356K (36%)
----------------- Invoking toplevel() on ptolemy.moml.MoMLSimpleApplication@1475727
----------------- Done invoking toplevel() on ptolemy.moml.MoMLSimpleApplication@1475727
reloadAllAccessors: .BooleanSelect

===========================================================================================
----------------- testing Sat Jan 04 22:18:01 UTC 2020 /home/travis/build/icyphy/ptII/ptolemy/actor/lib/test/auto/BooleanSelect2.xml
----------------- Instantiating /home/travis/build/icyphy/ptII/ptolemy/actor/lib/test/auto/BooleanSelect2.xml
1 ms. Memory: 276480K Free: 95748K (35%)
----------------- Invoking toplevel() on ptolemy.moml.MoMLSimpleApplication@1c83b7a2
----------------- Done invoking toplevel() on ptolemy.moml.MoMLSimpleApplication@1c83b7a2
reloadAllAccessors: .BooleanSelect2

===========================================================================================
----------------- testing Sat Jan 04 22:18:01 UTC 2020 /home/travis/build/icyphy/ptII/ptolemy/actor/lib/test/auto/BooleanSwitch.xml
----------------- Instantiating /home/travis/build/icyphy/ptII/ptolemy/actor/lib/test/auto/BooleanSwitch.xml
2 ms. Memory: 276480K Free: 90118K (33%)
----------------- Invoking toplevel() on ptolemy.moml.MoMLSimpleApplication@7cf2942d
----------------- Done invoking toplevel() on ptolemy.moml.MoMLSimpleApplication@7cf2942d
reloadAllAccessors: .BooleanSwitch

===========================================================================================
----------------- testing Sat Jan 04 22:18:01 UTC 2020 /home/travis/build/icyphy/ptII/ptolemy/actor/lib/test/auto/BooleanSwitch2.xml
----------------- Instantiating /home/travis/build/icyphy/ptII/ptolemy/actor/lib/test/auto/BooleanSwitch2.xml
1 ms. Memory: 276480K Free: 85508K (31%)
----------------- Invoking toplevel() on ptolemy.moml.MoMLSimpleApplication@7d53ad26
----------------- Done invoking toplevel() on ptolemy.moml.MoMLSimpleApplication@7d53ad26
reloadAllAccessors: .BooleanSwitch2

===========================================================================================
----------------- testing Sat Jan 04 22:18:01 UTC 2020 /home/travis/build/icyphy/ptII/ptolemy/actor/lib/test/auto/BooleanSwitchCloningBugWithClassRelationGroup.xml
----------------- Instantiating /home/travis/build/icyphy/ptII/ptolemy/actor/lib/test/auto/BooleanSwitchCloningBugWithClassRelationGroup.xml
4 ms. Memory: 276480K Free: 79364K (29%)
----------------- Invoking toplevel() on ptolemy.moml.MoMLSimpleApplication@34db365a
----------------- Done invoking toplevel() on ptolemy.moml.MoMLSimpleApplication@34db365a
reloadAllAccessors: .BooleanSwitchCloningBugWithClassRelationGroup

===========================================================================================
----------------- testing Sat Jan 04 22:18:01 UTC 2020 /home/travis/build/icyphy/ptII/ptolemy/actor/lib/test/auto/BusActors.xml
----------------- Instantiating /home/travis/build/icyphy/ptII/ptolemy/actor/lib/test/auto/BusActors.xml
4 ms. Memory: 276480K Free: 225955K (82%)
----------------- Invoking toplevel() on ptolemy.moml.MoMLSimpleApplication@27bd6f8f
----------------- Done invoking toplevel() on ptolemy.moml.MoMLSimpleApplication@27bd6f8f
reloadAllAccessors: .BusActors

===========================================================================================
----------------- testing Sat Jan 04 22:18:01 UTC 2020 /home/travis/build/icyphy/ptII/ptolemy/actor/lib/test/auto/ClassWrapper.xml
----------------- Instantiating /home/travis/build/icyphy/ptII/ptolemy/actor/lib/test/auto/ClassWrapper.xml
3 ms. Memory: 276480K Free: 221345K (80%)
----------------- Invoking toplevel() on ptolemy.moml.MoMLSimpleApplication@43395d13
----------------- Done invoking toplevel() on ptolemy.moml.MoMLSimpleApplication@43395d13
reloadAllAccessors: .ClassWrapper

===========================================================================================
----------------- testing Sat Jan 04 22:18:01 UTC 2020 /home/travis/build/icyphy/ptII/ptolemy/actor/lib/test/auto/Clock.xml
----------------- Instantiating /home/travis/build/icyphy/ptII/ptolemy/actor/lib/test/auto/Clock.xml
2 ms. Memory: 276480K Free: 217763K (79%)
----------------- Invoking toplevel() on ptolemy.moml.MoMLSimpleApplication@1c52444c
----------------- Done invoking toplevel() on ptolemy.moml.MoMLSimpleApplication@1c52444c
reloadAllAccessors: .Clock

===========================================================================================
----------------- testing Sat Jan 04 22:18:02 UTC 2020 /home/travis/build/icyphy/ptII/ptolemy/actor/lib/test/auto/Clock10.xml
----------------- Instantiating /home/travis/build/icyphy/ptII/ptolemy/actor/lib/test/auto/Clock10.xml
3 ms. Memory: 276480K Free: 211619K (77%)
----------------- Invoking toplevel() on ptolemy.moml.MoMLSimpleApplication@5fb8994b
----------------- Done invoking toplevel() on ptolemy.moml.MoMLSimpleApplication@5fb8994b
reloadAllAccessors: .Clock10

===========================================================================================
----------------- testing Sat Jan 04 22:18:02 UTC 2020 /home/travis/build/icyphy/ptII/ptolemy/actor/lib/test/auto/Clock11.xml
----------------- Instantiating /home/travis/build/icyphy/ptII/ptolemy/actor/lib/test/auto/Clock11.xml
4 ms. Memory: 276480K Free: 205985K (75%)
----------------- Invoking toplevel() on ptolemy.moml.MoMLSimpleApplication@74ddc36a
----------------- Done invoking toplevel() on ptolemy.moml.MoMLSimpleApplication@74ddc36a
reloadAllAccessors: .Clock11

===========================================================================================
----------------- testing Sat Jan 04 22:18:02 UTC 2020 /home/travis/build/icyphy/ptII/ptolemy/actor/lib/test/auto/Clock12.xml
----------------- Instantiating /home/travis/build/icyphy/ptII/ptolemy/actor/lib/test/auto/Clock12.xml
4 ms. Memory: 276480K Free: 199841K (72%)
----------------- Invoking toplevel() on ptolemy.moml.MoMLSimpleApplication@7d21c27c
----------------- Done invoking toplevel() on ptolemy.moml.MoMLSimpleApplication@7d21c27c
reloadAllAccessors: .Clock12

===========================================================================================
----------------- testing Sat Jan 04 22:18:02 UTC 2020 /home/travis/build/icyphy/ptII/ptolemy/actor/lib/test/auto/Clock13.xml
----------------- Instantiating /home/travis/build/icyphy/ptII/ptolemy/actor/lib/test/auto/Clock13.xml
3 ms. Memory: 276480K Free: 194211K (70%)
----------------- Invoking toplevel() on ptolemy.moml.MoMLSimpleApplication@1b90fdd1
----------------- Done invoking toplevel() on ptolemy.moml.MoMLSimpleApplication@1b90fdd1
reloadAllAccessors: .Clock13

===========================================================================================
----------------- testing Sat Jan 04 22:18:02 UTC 2020 /home/travis/build/icyphy/ptII/ptolemy/actor/lib/test/auto/Clock14.xml
----------------- Instantiating /home/travis/build/icyphy/ptII/ptolemy/actor/lib/test/auto/Clock14.xml
2 ms. Memory: 276480K Free: 188067K (68%)
----------------- Invoking toplevel() on ptolemy.moml.MoMLSimpleApplication@578b3689
----------------- Done invoking toplevel() on ptolemy.moml.MoMLSimpleApplication@578b3689
reloadAllAccessors: .Clock14

===========================================================================================
----------------- testing Sat Jan 04 22:18:02 UTC 2020 /home/travis/build/icyphy/ptII/ptolemy/actor/lib/test/auto/Clock15.xml
----------------- Instantiating /home/travis/build/icyphy/ptII/ptolemy/actor/lib/test/auto/Clock15.xml
3 ms. Memory: 276480K Free: 182419K (66%)
----------------- Invoking toplevel() on ptolemy.moml.MoMLSimpleApplication@5f55d678
----------------- Done invoking toplevel() on ptolemy.moml.MoMLSimpleApplication@5f55d678
reloadAllAccessors: .Clock15

===========================================================================================
----------------- testing Sat Jan 04 22:18:02 UTC 2020 /home/travis/build/icyphy/ptII/ptolemy/actor/lib/test/auto/Clock16.xml
----------------- Instantiating /home/travis/build/icyphy/ptII/ptolemy/actor/lib/test/auto/Clock16.xml
37 ms. Memory: 276480K Free: 168083K (61%)
----------------- Invoking toplevel() on ptolemy.moml.MoMLSimpleApplication@5fc5b017
----------------- Done invoking toplevel() on ptolemy.moml.MoMLSimpleApplication@5fc5b017
reloadAllAccessors: .Clock16

===========================================================================================
----------------- testing Sat Jan 04 22:18:02 UTC 2020 /home/travis/build/icyphy/ptII/ptolemy/actor/lib/test/auto/Clock17.xml
----------------- Instantiating /home/travis/build/icyphy/ptII/ptolemy/actor/lib/test/auto/Clock17.xml
16 ms. Memory: 276480K Free: 154771K (56%)
----------------- Invoking toplevel() on ptolemy.moml.MoMLSimpleApplication@1d6068cb
----------------- Done invoking toplevel() on ptolemy.moml.MoMLSimpleApplication@1d6068cb
reloadAllAccessors: .Clock17

===========================================================================================
----------------- testing Sat Jan 04 22:18:02 UTC 2020 /home/travis/build/icyphy/ptII/ptolemy/actor/lib/test/auto/Clock18.xml
----------------- Instantiating /home/travis/build/icyphy/ptII/ptolemy/actor/lib/test/auto/Clock18.xml
18 ms. Memory: 276480K Free: 141440K (51%)
----------------- Invoking toplevel() on ptolemy.moml.MoMLSimpleApplication@b86649b
----------------- Done invoking toplevel() on ptolemy.moml.MoMLSimpleApplication@b86649b
reloadAllAccessors: .Clock18

===========================================================================================
----------------- testing Sat Jan 04 22:18:02 UTC 2020 /home/travis/build/icyphy/ptII/ptolemy/actor/lib/test/auto/Clock19.xml
----------------- Instantiating /home/travis/build/icyphy/ptII/ptolemy/actor/lib/test/auto/Clock19.xml
16 ms. Memory: 276480K Free: 128155K (46%)
----------------- Invoking toplevel() on ptolemy.moml.MoMLSimpleApplication@19a31a6f
----------------- Done invoking toplevel() on ptolemy.moml.MoMLSimpleApplication@19a31a6f
reloadAllAccessors: .Clock19

===========================================================================================
----------------- testing Sat Jan 04 22:18:02 UTC 2020 /home/travis/build/icyphy/ptII/ptolemy/actor/lib/test/auto/Clock2.xml
----------------- Instantiating /home/travis/build/icyphy/ptII/ptolemy/actor/lib/test/auto/Clock2.xml
6 ms. Memory: 276480K Free: 124059K (45%)
----------------- Invoking toplevel() on ptolemy.moml.MoMLSimpleApplication@21f7af71
----------------- Done invoking toplevel() on ptolemy.moml.MoMLSimpleApplication@21f7af71
reloadAllAccessors: .Clock2

===========================================================================================
----------------- testing Sat Jan 04 22:18:02 UTC 2020 /home/travis/build/icyphy/ptII/ptolemy/actor/lib/test/auto/Clock20.xml
----------------- Instantiating /home/travis/build/icyphy/ptII/ptolemy/actor/lib/test/auto/Clock20.xml
8 ms. Memory: 276480K Free: 118435K (43%)
----------------- Invoking toplevel() on ptolemy.moml.MoMLSimpleApplication@c686b76
----------------- Done invoking toplevel() on ptolemy.moml.MoMLSimpleApplication@c686b76
reloadAllAccessors: .Clock20

===========================================================================================
----------------- testing Sat Jan 04 22:18:02 UTC 2020 /home/travis/build/icyphy/ptII/ptolemy/actor/lib/test/auto/Clock21.xml
----------------- Instantiating /home/travis/build/icyphy/ptII/ptolemy/actor/lib/test/auto/Clock21.xml
5 ms. Memory: 276480K Free: 113315K (41%)
----------------- Invoking toplevel() on ptolemy.moml.MoMLSimpleApplication@4370446b
----------------- Done invoking toplevel() on ptolemy.moml.MoMLSimpleApplication@4370446b
reloadAllAccessors: .Clock21

===========================================================================================
----------------- testing Sat Jan 04 22:18:02 UTC 2020 /home/travis/build/icyphy/ptII/ptolemy/actor/lib/test/auto/Clock22.xml
----------------- Instantiating /home/travis/build/icyphy/ptII/ptolemy/actor/lib/test/auto/Clock22.xml
5 ms. Memory: 276480K Free: 107681K (39%)
----------------- Invoking toplevel() on ptolemy.moml.MoMLSimpleApplication@a8d9f91
----------------- Done invoking toplevel() on ptolemy.moml.MoMLSimpleApplication@a8d9f91
reloadAllAccessors: .Clock22

===========================================================================================
----------------- testing Sat Jan 04 22:18:02 UTC 2020 /home/travis/build/icyphy/ptII/ptolemy/actor/lib/test/auto/Clock23.xml
----------------- Instantiating /home/travis/build/icyphy/ptII/ptolemy/actor/lib/test/auto/Clock23.xml
9 ms. Memory: 276480K Free: 102561K (37%)
----------------- Invoking toplevel() on ptolemy.moml.MoMLSimpleApplication@20480b3d
----------------- Done invoking toplevel() on ptolemy.moml.MoMLSimpleApplication@20480b3d
reloadAllAccessors: .Clock23

===========================================================================================
----------------- testing Sat Jan 04 22:18:02 UTC 2020 /home/travis/build/icyphy/ptII/ptolemy/actor/lib/test/auto/Clock24.xml
----------------- Instantiating /home/travis/build/icyphy/ptII/ptolemy/actor/lib/test/auto/Clock24.xml
5 ms. Memory: 276480K Free: 96931K (35%)
----------------- Invoking toplevel() on ptolemy.moml.MoMLSimpleApplication@5dfea9b1
----------------- Done invoking toplevel() on ptolemy.moml.MoMLSimpleApplication@5dfea9b1
reloadAllAccessors: .Clock24

===========================================================================================
----------------- testing Sat Jan 04 22:18:02 UTC 2020 /home/travis/build/icyphy/ptII/ptolemy/actor/lib/test/auto/Clock4.xml
----------------- Instantiating /home/travis/build/icyphy/ptII/ptolemy/actor/lib/test/auto/Clock4.xml
2 ms. Memory: 276480K Free: 92290K (33%)
----------------- Invoking toplevel() on ptolemy.moml.MoMLSimpleApplication@78575c7b
----------------- Done invoking toplevel() on ptolemy.moml.MoMLSimpleApplication@78575c7b
reloadAllAccessors: .Clock4

===========================================================================================
----------------- testing Sat Jan 04 22:18:02 UTC 2020 /home/travis/build/icyphy/ptII/ptolemy/actor/lib/test/auto/Clock5.xml
----------------- Instantiating /home/travis/build/icyphy/ptII/ptolemy/actor/lib/test/auto/Clock5.xml
1 ms. Memory: 276480K Free: 86691K (31%)
----------------- Invoking toplevel() on ptolemy.moml.MoMLSimpleApplication@47a7fcd9
----------------- Done invoking toplevel() on ptolemy.moml.MoMLSimpleApplication@47a7fcd9
reloadAllAccessors: .Clock5

===========================================================================================
----------------- testing Sat Jan 04 22:18:02 UTC 2020 /home/travis/build/icyphy/ptII/ptolemy/actor/lib/test/auto/Clock6.xml
----------------- Instantiating /home/travis/build/icyphy/ptII/ptolemy/actor/lib/test/auto/Clock6.xml
1 ms. Memory: 276480K Free: 83105K (30%)
----------------- Invoking toplevel() on ptolemy.moml.MoMLSimpleApplication@5cd75118
----------------- Done invoking toplevel() on ptolemy.moml.MoMLSimpleApplication@5cd75118
reloadAllAccessors: .Clock6

===========================================================================================
----------------- testing Sat Jan 04 22:18:02 UTC 2020 /home/travis/build/icyphy/ptII/ptolemy/actor/lib/test/auto/Clock7.xml
----------------- Instantiating /home/travis/build/icyphy/ptII/ptolemy/actor/lib/test/auto/Clock7.xml
1 ms. Memory: 276480K Free: 77985K (28%)
----------------- Invoking toplevel() on ptolemy.moml.MoMLSimpleApplication@fcfef21
----------------- Done invoking toplevel() on ptolemy.moml.MoMLSimpleApplication@fcfef21
reloadAllAccessors: .Clock7

===========================================================================================
----------------- testing Sat Jan 04 22:18:02 UTC 2020 /home/travis/build/icyphy/ptII/ptolemy/actor/lib/test/auto/Clock8.xml
----------------- Instantiating /home/travis/build/icyphy/ptII/ptolemy/actor/lib/test/auto/Clock8.xml
3 ms. Memory: 276480K Free: 72834K (26%)
----------------- Invoking toplevel() on ptolemy.moml.MoMLSimpleApplication@5ebe6c19
----------------- Done invoking toplevel() on ptolemy.moml.MoMLSimpleApplication@5ebe6c19
reloadAllAccessors: .Clock8

===========================================================================================
----------------- testing Sat Jan 04 22:18:02 UTC 2020 /home/travis/build/icyphy/ptII/ptolemy/actor/lib/test/auto/Clock9.xml
----------------- Instantiating /home/travis/build/icyphy/ptII/ptolemy/actor/lib/test/auto/Clock9.xml
5 ms. Memory: 276480K Free: 67235K (24%)
----------------- Invoking toplevel() on ptolemy.moml.MoMLSimpleApplication@5aa0c806
----------------- Done invoking toplevel() on ptolemy.moml.MoMLSimpleApplication@5aa0c806
reloadAllAccessors: .Clock9

===========================================================================================
----------------- testing Sat Jan 04 22:18:02 UTC 2020 /home/travis/build/icyphy/ptII/ptolemy/actor/lib/test/auto/CommDistDiscard.xml
----------------- Instantiating /home/travis/build/icyphy/ptII/ptolemy/actor/lib/test/auto/CommDistDiscard.xml
6 ms. Memory: 438272K Free: 384899K (88%)
----------------- Invoking toplevel() on ptolemy.moml.MoMLSimpleApplication@7d19d891
----------------- Done invoking toplevel() on ptolemy.moml.MoMLSimpleApplication@7d19d891
reloadAllAccessors: .CommDistDiscard

===========================================================================================
----------------- testing Sat Jan 04 22:18:02 UTC 2020 /home/travis/build/icyphy/ptII/ptolemy/actor/lib/test/auto/Commutator.xml
----------------- Instantiating /home/travis/build/icyphy/ptII/ptolemy/actor/lib/test/auto/Commutator.xml
2 ms. Memory: 438272K Free: 380803K (87%)
----------------- Invoking toplevel() on ptolemy.moml.MoMLSimpleApplication@57f8b19d
----------------- Done invoking toplevel() on ptolemy.moml.MoMLSimpleApplication@57f8b19d
reloadAllAccessors: .Commutator

===========================================================================================
----------------- testing Sat Jan 04 22:18:02 UTC 2020 /home/travis/build/icyphy/ptII/ptolemy/actor/lib/test/auto/Commutator2.xml
----------------- Instantiating /home/travis/build/icyphy/ptII/ptolemy/actor/lib/test/auto/Commutator2.xml
1 ms. Memory: 438272K Free: 376197K (86%)
----------------- Invoking toplevel() on ptolemy.moml.MoMLSimpleApplication@5c7f896c
----------------- Done invoking toplevel() on ptolemy.moml.MoMLSimpleApplication@5c7f896c
reloadAllAccessors: .Commutator2

===========================================================================================
----------------- testing Sat Jan 04 22:18:02 UTC 2020 /home/travis/build/icyphy/ptII/ptolemy/actor/lib/test/auto/Commutator3.xml
----------------- Instantiating /home/travis/build/icyphy/ptII/ptolemy/actor/lib/test/auto/Commutator3.xml
2 ms. Memory: 438272K Free: 372101K (85%)
----------------- Invoking toplevel() on ptolemy.moml.MoMLSimpleApplication@170ab372
----------------- Done invoking toplevel() on ptolemy.moml.MoMLSimpleApplication@170ab372
reloadAllAccessors: .Commutator3

===========================================================================================
----------------- testing Sat Jan 04 22:18:02 UTC 2020 /home/travis/build/icyphy/ptII/ptolemy/actor/lib/test/auto/Compare.xml
----------------- Instantiating /home/travis/build/icyphy/ptII/ptolemy/actor/lib/test/auto/Compare.xml
3 ms. Memory: 438272K Free: 365443K (83%)
----------------- Invoking toplevel() on ptolemy.moml.MoMLSimpleApplication@637a8c87
----------------- Done invoking toplevel() on ptolemy.moml.MoMLSimpleApplication@637a8c87
reloadAllAccessors: .Compare

===========================================================================================
----------------- testing Sat Jan 04 22:18:02 UTC 2020 /home/travis/build/icyphy/ptII/ptolemy/actor/lib/test/auto/CompareDE.xml
----------------- Instantiating /home/travis/build/icyphy/ptII/ptolemy/actor/lib/test/auto/CompareDE.xml
4 ms. Memory: 438272K Free: 358789K (82%)
----------------- Invoking toplevel() on ptolemy.moml.MoMLSimpleApplication@1d6d9850
----------------- Done invoking toplevel() on ptolemy.moml.MoMLSimpleApplication@1d6d9850
reloadAllAccessors: .CompareDE

===========================================================================================
----------------- testing Sat Jan 04 22:18:02 UTC 2020 /home/travis/build/icyphy/ptII/ptolemy/actor/lib/test/auto/ComplexDivide.xml
----------------- Instantiating /home/travis/build/icyphy/ptII/ptolemy/actor/lib/test/auto/ComplexDivide.xml
1 ms. Memory: 438272K Free: 354693K (81%)
----------------- Invoking toplevel() on ptolemy.moml.MoMLSimpleApplication@13c22552
----------------- Done invoking toplevel() on ptolemy.moml.MoMLSimpleApplication@13c22552
reloadAllAccessors: .ComplexDivide

===========================================================================================
----------------- testing Sat Jan 04 22:18:02 UTC 2020 /home/travis/build/icyphy/ptII/ptolemy/actor/lib/test/auto/ComputeHistogram.xml
----------------- Instantiating /home/travis/build/icyphy/ptII/ptolemy/actor/lib/test/auto/ComputeHistogram.xml
38 ms. Memory: 438272K Free: 342405K (78%)
----------------- Invoking toplevel() on ptolemy.moml.MoMLSimpleApplication@465ecc83
----------------- Done invoking toplevel() on ptolemy.moml.MoMLSimpleApplication@465ecc83
reloadAllAccessors: .ComputeHistogram

===========================================================================================
----------------- testing Sat Jan 04 22:18:02 UTC 2020 /home/travis/build/icyphy/ptII/ptolemy/actor/lib/test/auto/ConfigurationSelect.xml
----------------- Instantiating /home/travis/build/icyphy/ptII/ptolemy/actor/lib/test/auto/ConfigurationSelect.xml
9 ms. Memory: 438272K Free: 336741K (77%)
----------------- Invoking toplevel() on ptolemy.moml.MoMLSimpleApplication@6de45ecf
----------------- Done invoking toplevel() on ptolemy.moml.MoMLSimpleApplication@6de45ecf
reloadAllAccessors: .ConfigurationSelect

===========================================================================================
----------------- testing Sat Jan 04 22:18:02 UTC 2020 /home/travis/build/icyphy/ptII/ptolemy/actor/lib/test/auto/ConfigurationSelect2.xml
----------------- Instantiating /home/travis/build/icyphy/ptII/ptolemy/actor/lib/test/auto/ConfigurationSelect2.xml
2 ms. Memory: 438272K Free: 332165K (76%)
----------------- Invoking toplevel() on ptolemy.moml.MoMLSimpleApplication@6ba0234
----------------- Done invoking toplevel() on ptolemy.moml.MoMLSimpleApplication@6ba0234
reloadAllAccessors: .ConfigurationSelect2

===========================================================================================
----------------- testing Sat Jan 04 22:18:02 UTC 2020 /home/travis/build/icyphy/ptII/ptolemy/actor/lib/test/auto/ConfigurationSwitch.xml
----------------- Instantiating /home/travis/build/icyphy/ptII/ptolemy/actor/lib/test/auto/ConfigurationSwitch.xml
11 ms. Memory: 438272K Free: 327045K (75%)
----------------- Invoking toplevel() on ptolemy.moml.MoMLSimpleApplication@102b0517
----------------- Done invoking toplevel() on ptolemy.moml.MoMLSimpleApplication@102b0517
reloadAllAccessors: .ConfigurationSwitch

===========================================================================================
----------------- testing Sat Jan 04 22:18:02 UTC 2020 /home/travis/build/icyphy/ptII/ptolemy/actor/lib/test/auto/ConfigurationSwitch2.xml
----------------- Instantiating /home/travis/build/icyphy/ptII/ptolemy/actor/lib/test/auto/ConfigurationSwitch2.xml
4 ms. Memory: 438272K Free: 321411K (73%)
----------------- Invoking toplevel() on ptolemy.moml.MoMLSimpleApplication@4b2728ce
----------------- Done invoking toplevel() on ptolemy.moml.MoMLSimpleApplication@4b2728ce
reloadAllAccessors: .ConfigurationSwitch2

===========================================================================================
----------------- testing Sat Jan 04 22:18:02 UTC 2020 /home/travis/build/icyphy/ptII/ptolemy/actor/lib/test/auto/ConfigurationSwitchCloningBugWithClassRelationGroup.xml
----------------- Instantiating /home/travis/build/icyphy/ptII/ptolemy/actor/lib/test/auto/ConfigurationSwitchCloningBugWithClassRelationGroup.xml
1 ms. Memory: 438272K Free: 315267K (72%)
----------------- Invoking toplevel() on ptolemy.moml.MoMLSimpleApplication@1df4949e
----------------- Done invoking toplevel() on ptolemy.moml.MoMLSimpleApplication@1df4949e
reloadAllAccessors: .ConfigurationSwitchCloningBugWithClassRelationGroup

===========================================================================================
----------------- testing Sat Jan 04 22:18:02 UTC 2020 /home/travis/build/icyphy/ptII/ptolemy/actor/lib/test/auto/ConfigurationSwitchSelectSDF.xml
----------------- Instantiating /home/travis/build/icyphy/ptII/ptolemy/actor/lib/test/auto/ConfigurationSwitchSelectSDF.xml
3 ms. Memory: 438272K Free: 309123K (71%)
----------------- Invoking toplevel() on ptolemy.moml.MoMLSimpleApplication@1a9630c4
----------------- Done invoking toplevel() on ptolemy.moml.MoMLSimpleApplication@1a9630c4
reloadAllAccessors: .ConfigurationSwitchSelectSDF

===========================================================================================
----------------- testing Sat Jan 04 22:18:02 UTC 2020 /home/travis/build/icyphy/ptII/ptolemy/actor/lib/test/auto/ConfigurationSwitchSelectSDF2.xml
----------------- Instantiating /home/travis/build/icyphy/ptII/ptolemy/actor/lib/test/auto/ConfigurationSwitchSelectSDF2.xml
2 ms. Memory: 438272K Free: 302979K (69%)
----------------- Invoking toplevel() on ptolemy.moml.MoMLSimpleApplication@7dc6b023
----------------- Done invoking toplevel() on ptolemy.moml.MoMLSimpleApplication@7dc6b023
reloadAllAccessors: .ConfigurationSwitchSelectSDF2

===========================================================================================
----------------- testing Sat Jan 04 22:18:03 UTC 2020 /home/travis/build/icyphy/ptII/ptolemy/actor/lib/test/auto/Const.xml
----------------- Instantiating /home/travis/build/icyphy/ptII/ptolemy/actor/lib/test/auto/Const.xml
1 ms. Memory: 438272K Free: 299907K (68%)
----------------- Invoking toplevel() on ptolemy.moml.MoMLSimpleApplication@59cc577
----------------- Done invoking toplevel() on ptolemy.moml.MoMLSimpleApplication@59cc577
reloadAllAccessors: .Const

===========================================================================================
----------------- testing Sat Jan 04 22:18:03 UTC 2020 /home/travis/build/icyphy/ptII/ptolemy/actor/lib/test/auto/Const2.xml
----------------- Instantiating /home/travis/build/icyphy/ptII/ptolemy/actor/lib/test/auto/Const2.xml
2 ms. Memory: 438272K Free: 295811K (67%)
----------------- Invoking toplevel() on ptolemy.moml.MoMLSimpleApplication@40844c60
----------------- Done invoking toplevel() on ptolemy.moml.MoMLSimpleApplication@40844c60
reloadAllAccessors: .Const2

===========================================================================================
----------------- testing Sat Jan 04 22:18:03 UTC 2020 /home/travis/build/icyphy/ptII/ptolemy/actor/lib/test/auto/Const3.xml
----------------- Instantiating /home/travis/build/icyphy/ptII/ptolemy/actor/lib/test/auto/Const3.xml
1 ms. Memory: 438272K Free: 293253K (67%)
----------------- Invoking toplevel() on ptolemy.moml.MoMLSimpleApplication@28afc03c
----------------- Done invoking toplevel() on ptolemy.moml.MoMLSimpleApplication@28afc03c
reloadAllAccessors: .Const3

===========================================================================================
----------------- testing Sat Jan 04 22:18:03 UTC 2020 /home/travis/build/icyphy/ptII/ptolemy/actor/lib/test/auto/ConstantPublisherPort1.xml
----------------- Instantiating /home/travis/build/icyphy/ptII/ptolemy/actor/lib/test/auto/ConstantPublisherPort1.xml
6 ms. Memory: 438272K Free: 284547K (65%)
----------------- Invoking toplevel() on ptolemy.moml.MoMLSimpleApplication@2c24c355
----------------- Done invoking toplevel() on ptolemy.moml.MoMLSimpleApplication@2c24c355
reloadAllAccessors: .ConstantPublisherPort1

===========================================================================================
----------------- testing Sat Jan 04 22:18:03 UTC 2020 /home/travis/build/icyphy/ptII/ptolemy/actor/lib/test/auto/ConstantPublisherPort2.xml
----------------- Instantiating /home/travis/build/icyphy/ptII/ptolemy/actor/lib/test/auto/ConstantPublisherPort2.xml
5 ms. Memory: 438272K Free: 277379K (63%)
----------------- Invoking toplevel() on ptolemy.moml.MoMLSimpleApplication@51ebac0e
----------------- Done invoking toplevel() on ptolemy.moml.MoMLSimpleApplication@51ebac0e
reloadAllAccessors: .ConstantPublisherPort2

===========================================================================================
----------------- testing Sat Jan 04 22:18:03 UTC 2020 /home/travis/build/icyphy/ptII/ptolemy/actor/lib/test/auto/ConstantPublisherPort3.xml
----------------- Instantiating /home/travis/build/icyphy/ptII/ptolemy/actor/lib/test/auto/ConstantPublisherPort3.xml
5 ms. Memory: 438272K Free: 269701K (62%)
----------------- Invoking toplevel() on ptolemy.moml.MoMLSimpleApplication@6bd86d94
----------------- Done invoking toplevel() on ptolemy.moml.MoMLSimpleApplication@6bd86d94
reloadAllAccessors: .ConstantPublisherPort3

===========================================================================================
----------------- testing Sat Jan 04 22:18:03 UTC 2020 /home/travis/build/icyphy/ptII/ptolemy/actor/lib/test/auto/ConstantPublisherPort4.xml
----------------- Instantiating /home/travis/build/icyphy/ptII/ptolemy/actor/lib/test/auto/ConstantPublisherPort4.xml
3 ms. Memory: 438272K Free: 262533K (60%)
----------------- Invoking toplevel() on ptolemy.moml.MoMLSimpleApplication@5a7ef152
----------------- Done invoking toplevel() on ptolemy.moml.MoMLSimpleApplication@5a7ef152
reloadAllAccessors: .ConstantPublisherPort4

===========================================================================================
----------------- testing Sat Jan 04 22:18:03 UTC 2020 /home/travis/build/icyphy/ptII/ptolemy/actor/lib/test/auto/ConstantPublisherPort5.xml
----------------- Instantiating /home/travis/build/icyphy/ptII/ptolemy/actor/lib/test/auto/ConstantPublisherPort5.xml
16 ms. Memory: 438272K Free: 253317K (58%)
----------------- Invoking toplevel() on ptolemy.moml.MoMLSimpleApplication@2e09f9cb
----------------- Done invoking toplevel() on ptolemy.moml.MoMLSimpleApplication@2e09f9cb
reloadAllAccessors: .ConstantPublisherPort5

===========================================================================================
----------------- testing Sat Jan 04 22:18:03 UTC 2020 /home/travis/build/icyphy/ptII/ptolemy/actor/lib/test/auto/ConstantPublisherPort6.xml
----------------- Instantiating /home/travis/build/icyphy/ptII/ptolemy/actor/lib/test/auto/ConstantPublisherPort6.xml
18 ms. Memory: 438272K Free: 244101K (56%)
----------------- Invoking toplevel() on ptolemy.moml.MoMLSimpleApplication@73340b00
----------------- Done invoking toplevel() on ptolemy.moml.MoMLSimpleApplication@73340b00
reloadAllAccessors: .ConstantPublisherPort6

===========================================================================================
----------------- testing Sat Jan 04 22:18:03 UTC 2020 /home/travis/build/icyphy/ptII/ptolemy/actor/lib/test/auto/ConstantPublisherPort7.xml
----------------- Instantiating /home/travis/build/icyphy/ptII/ptolemy/actor/lib/test/auto/ConstantPublisherPort7.xml
19 ms. Memory: 438272K Free: 234371K (53%)
----------------- Invoking toplevel() on ptolemy.moml.MoMLSimpleApplication@40172618
----------------- Done invoking toplevel() on ptolemy.moml.MoMLSimpleApplication@40172618
reloadAllAccessors: .ConstantPublisherPort7

===========================================================================================
----------------- testing Sat Jan 04 22:18:03 UTC 2020 /home/travis/build/icyphy/ptII/ptolemy/actor/lib/test/auto/ConstraintMonitor1.xml
----------------- Instantiating /home/travis/build/icyphy/ptII/ptolemy/actor/lib/test/auto/ConstraintMonitor1.xml
3 ms. Memory: 438272K Free: 229251K (52%)
----------------- Invoking toplevel() on ptolemy.moml.MoMLSimpleApplication@51aed7f5
----------------- Done invoking toplevel() on ptolemy.moml.MoMLSimpleApplication@51aed7f5
reloadAllAccessors: .ConstraintMonitor1

===========================================================================================
----------------- testing Sat Jan 04 22:18:03 UTC 2020 /home/travis/build/icyphy/ptII/ptolemy/actor/lib/test/auto/ConstraintMonitor2.xml
----------------- Instantiating /home/travis/build/icyphy/ptII/ptolemy/actor/lib/test/auto/ConstraintMonitor2.xml
1 ms. Memory: 438272K Free: 224131K (51%)
----------------- Invoking toplevel() on ptolemy.moml.MoMLSimpleApplication@36ec3dfe
----------------- Done invoking toplevel() on ptolemy.moml.MoMLSimpleApplication@36ec3dfe
reloadAllAccessors: .ConstraintMonitor2

===========================================================================================
----------------- testing Sat Jan 04 22:18:03 UTC 2020 /home/travis/build/icyphy/ptII/ptolemy/actor/lib/test/auto/ConstraintMonitor3.xml
----------------- Instantiating /home/travis/build/icyphy/ptII/ptolemy/actor/lib/test/auto/ConstraintMonitor3.xml
4 ms. Memory: 438272K Free: 220035K (50%)
----------------- Invoking toplevel() on ptolemy.moml.MoMLSimpleApplication@795bbebc
----------------- Done invoking toplevel() on ptolemy.moml.MoMLSimpleApplication@795bbebc
reloadAllAccessors: .ConstraintMonitor3

===========================================================================================
----------------- testing Sat Jan 04 22:18:03 UTC 2020 /home/travis/build/icyphy/ptII/ptolemy/actor/lib/test/auto/ConstraintMonitor4.xml
----------------- Instantiating /home/travis/build/icyphy/ptII/ptolemy/actor/lib/test/auto/ConstraintMonitor4.xml
4 ms. Memory: 438272K Free: 214915K (49%)
----------------- Invoking toplevel() on ptolemy.moml.MoMLSimpleApplication@45778e30
----------------- Done invoking toplevel() on ptolemy.moml.MoMLSimpleApplication@45778e30
reloadAllAccessors: .ConstraintMonitor4

===========================================================================================
----------------- testing Sat Jan 04 22:18:03 UTC 2020 /home/travis/build/icyphy/ptII/ptolemy/actor/lib/test/auto/ConstraintMonitor5.xml
----------------- Instantiating /home/travis/build/icyphy/ptII/ptolemy/actor/lib/test/auto/ConstraintMonitor5.xml
4 ms. Memory: 438272K Free: 209795K (48%)
----------------- Invoking toplevel() on ptolemy.moml.MoMLSimpleApplication@48ed77a6
----------------- Done invoking toplevel() on ptolemy.moml.MoMLSimpleApplication@48ed77a6
reloadAllAccessors: .ConstraintMonitor5

===========================================================================================
----------------- testing Sat Jan 04 22:18:03 UTC 2020 /home/travis/build/icyphy/ptII/ptolemy/actor/lib/test/auto/ConstraintMonitor6.xml
----------------- Instantiating /home/travis/build/icyphy/ptII/ptolemy/actor/lib/test/auto/ConstraintMonitor6.xml
3 ms. Memory: 438272K Free: 204165K (47%)
----------------- Invoking toplevel() on ptolemy.moml.MoMLSimpleApplication@5506a587
----------------- Done invoking toplevel() on ptolemy.moml.MoMLSimpleApplication@5506a587
reloadAllAccessors: .ConstraintMonitor6

===========================================================================================
----------------- testing Sat Jan 04 22:18:03 UTC 2020 /home/travis/build/icyphy/ptII/ptolemy/actor/lib/test/auto/ConstraintMonitor7.xml
----------------- Instantiating /home/travis/build/icyphy/ptII/ptolemy/actor/lib/test/auto/ConstraintMonitor7.xml
3 ms. Memory: 438272K Free: 197477K (45%)
----------------- Invoking toplevel() on ptolemy.moml.MoMLSimpleApplication@2183cc47
----------------- Done invoking toplevel() on ptolemy.moml.MoMLSimpleApplication@2183cc47
reloadAllAccessors: .ConstraintMonitor7

===========================================================================================
----------------- testing Sat Jan 04 22:18:03 UTC 2020 /home/travis/build/icyphy/ptII/ptolemy/actor/lib/test/auto/ConstraintMonitor8.xml
----------------- Instantiating /home/travis/build/icyphy/ptII/ptolemy/actor/lib/test/auto/ConstraintMonitor8.xml
5 ms. Memory: 438272K Free: 189829K (43%)
----------------- Invoking toplevel() on ptolemy.moml.MoMLSimpleApplication@440d224e
----------------- Done invoking toplevel() on ptolemy.moml.MoMLSimpleApplication@440d224e
reloadAllAccessors: .ConstraintMonitor8

===========================================================================================
----------------- testing Sat Jan 04 22:18:03 UTC 2020 /home/travis/build/icyphy/ptII/ptolemy/actor/lib/test/auto/Counter.xml
----------------- Instantiating /home/travis/build/icyphy/ptII/ptolemy/actor/lib/test/auto/Counter.xml
2 ms. Memory: 438272K Free: 184709K (42%)
----------------- Invoking toplevel() on ptolemy.moml.MoMLSimpleApplication@2eff6d0e
----------------- Done invoking toplevel() on ptolemy.moml.MoMLSimpleApplication@2eff6d0e
reloadAllAccessors: .Counter

===========================================================================================
----------------- testing Sat Jan 04 22:18:03 UTC 2020 /home/travis/build/icyphy/ptII/ptolemy/actor/lib/test/auto/CurrentTimeSDF.xml
----------------- Instantiating /home/travis/build/icyphy/ptII/ptolemy/actor/lib/test/auto/CurrentTimeSDF.xml
2 ms. Memory: 438272K Free: 180613K (41%)
----------------- Invoking toplevel() on ptolemy.moml.MoMLSimpleApplication@743864cf
----------------- Done invoking toplevel() on ptolemy.moml.MoMLSimpleApplication@743864cf
reloadAllAccessors: .CurrentTimeSDF

===========================================================================================
----------------- testing Sat Jan 04 22:18:03 UTC 2020 /home/travis/build/icyphy/ptII/ptolemy/actor/lib/test/auto/DB.xml
----------------- Instantiating /home/travis/build/icyphy/ptII/ptolemy/actor/lib/test/auto/DB.xml
1 ms. Memory: 438272K Free: 176003K (40%)
----------------- Invoking toplevel() on ptolemy.moml.MoMLSimpleApplication@17acc48
----------------- Done invoking toplevel() on ptolemy.moml.MoMLSimpleApplication@17acc48
reloadAllAccessors: .DB

===========================================================================================
----------------- testing Sat Jan 04 22:18:03 UTC 2020 /home/travis/build/icyphy/ptII/ptolemy/actor/lib/test/auto/DBDE.xml
----------------- Instantiating /home/travis/build/icyphy/ptII/ptolemy/actor/lib/test/auto/DBDE.xml
1 ms. Memory: 438272K Free: 169853K (39%)
----------------- Invoking toplevel() on ptolemy.moml.MoMLSimpleApplication@6a1f11b5
----------------- Done invoking toplevel() on ptolemy.moml.MoMLSimpleApplication@6a1f11b5
reloadAllAccessors: .DBDE

===========================================================================================
----------------- testing Sat Jan 04 22:18:03 UTC 2020 /home/travis/build/icyphy/ptII/ptolemy/actor/lib/test/auto/DateConstructor.xml
----------------- Instantiating /home/travis/build/icyphy/ptII/ptolemy/actor/lib/test/auto/DateConstructor.xml
25 ms. Memory: 438272K Free: 152451K (35%)
----------------- Invoking toplevel() on ptolemy.moml.MoMLSimpleApplication@325c09ba
----------------- Done invoking toplevel() on ptolemy.moml.MoMLSimpleApplication@325c09ba
reloadAllAccessors: .DateConstructor

===========================================================================================
----------------- testing Sat Jan 04 22:18:03 UTC 2020 /home/travis/build/icyphy/ptII/ptolemy/actor/lib/test/auto/DelayTime.xml
----------------- Instantiating /home/travis/build/icyphy/ptII/ptolemy/actor/lib/test/auto/DelayTime.xml
4 ms. Memory: 438272K Free: 147845K (34%)
----------------- Invoking toplevel() on ptolemy.moml.MoMLSimpleApplication@3ac26292
----------------- Done invoking toplevel() on ptolemy.moml.MoMLSimpleApplication@3ac26292
reloadAllAccessors: .DelayTime

===========================================================================================
----------------- testing Sat Jan 04 22:18:03 UTC 2020 /home/travis/build/icyphy/ptII/ptolemy/actor/lib/test/auto/Dictionary1.xml
----------------- Instantiating /home/travis/build/icyphy/ptII/ptolemy/actor/lib/test/auto/Dictionary1.xml
1 ms. Memory: 438272K Free: 142211K (32%)
----------------- Invoking toplevel() on ptolemy.moml.MoMLSimpleApplication@5de9fbfe
----------------- Done invoking toplevel() on ptolemy.moml.MoMLSimpleApplication@5de9fbfe
reloadAllAccessors: .Dictionary1

===========================================================================================
----------------- testing Sat Jan 04 22:18:03 UTC 2020 /home/travis/build/icyphy/ptII/ptolemy/actor/lib/test/auto/Dictionary2.xml
----------------- Instantiating /home/travis/build/icyphy/ptII/ptolemy/actor/lib/test/auto/Dictionary2.xml
2 ms. Memory: 438272K Free: 137091K (31%)
----------------- Invoking toplevel() on ptolemy.moml.MoMLSimpleApplication@24c835c6
----------------- Done invoking toplevel() on ptolemy.moml.MoMLSimpleApplication@24c835c6
reloadAllAccessors: .Dictionary2

===========================================================================================
----------------- testing Sat Jan 04 22:18:03 UTC 2020 /home/travis/build/icyphy/ptII/ptolemy/actor/lib/test/auto/Dictionary3.xml
----------------- Instantiating /home/travis/build/icyphy/ptII/ptolemy/actor/lib/test/auto/Dictionary3.xml
1 ms. Memory: 438272K Free: 131461K (30%)
----------------- Invoking toplevel() on ptolemy.moml.MoMLSimpleApplication@2a37eb28
----------------- Done invoking toplevel() on ptolemy.moml.MoMLSimpleApplication@2a37eb28
reloadAllAccessors: .Dictionary3

===========================================================================================
----------------- testing Sat Jan 04 22:18:03 UTC 2020 /home/travis/build/icyphy/ptII/ptolemy/actor/lib/test/auto/Dictionary4.xml
----------------- Instantiating /home/travis/build/icyphy/ptII/ptolemy/actor/lib/test/auto/Dictionary4.xml
3 ms. Memory: 438272K Free: 382565K (87%)
----------------- Invoking toplevel() on ptolemy.moml.MoMLSimpleApplication@2515c325
----------------- Done invoking toplevel() on ptolemy.moml.MoMLSimpleApplication@2515c325
reloadAllAccessors: .Dictionary4

===========================================================================================
----------------- testing Sat Jan 04 22:18:03 UTC 2020 /home/travis/build/icyphy/ptII/ptolemy/actor/lib/test/auto/Differential.xml
----------------- Instantiating /home/travis/build/icyphy/ptII/ptolemy/actor/lib/test/auto/Differential.xml
3 ms. Memory: 438272K Free: 377959K (86%)
----------------- Invoking toplevel() on ptolemy.moml.MoMLSimpleApplication@3d5f2375
----------------- Done invoking toplevel() on ptolemy.moml.MoMLSimpleApplication@3d5f2375
reloadAllAccessors: .Differential

===========================================================================================
----------------- testing Sat Jan 04 22:18:03 UTC 2020 /home/travis/build/icyphy/ptII/ptolemy/actor/lib/test/auto/Director.xml
----------------- Instantiating /home/travis/build/icyphy/ptII/ptolemy/actor/lib/test/auto/Director.xml
3 ms. Memory: 438272K Free: 374887K (86%)
----------------- Invoking toplevel() on ptolemy.moml.MoMLSimpleApplication@7c290469
----------------- Done invoking toplevel() on ptolemy.moml.MoMLSimpleApplication@7c290469
reloadAllAccessors: .Director

===========================================================================================
----------------- testing Sat Jan 04 22:18:03 UTC 2020 /home/travis/build/icyphy/ptII/ptolemy/actor/lib/test/auto/DiscreteClock.xml
----------------- Instantiating /home/travis/build/icyphy/ptII/ptolemy/actor/lib/test/auto/DiscreteClock.xml
1 ms. Memory: 438272K Free: 370791K (85%)
----------------- Invoking toplevel() on ptolemy.moml.MoMLSimpleApplication@14aca44f
----------------- Done invoking toplevel() on ptolemy.moml.MoMLSimpleApplication@14aca44f
reloadAllAccessors: .DiscreteClock

===========================================================================================
----------------- testing Sat Jan 04 22:18:03 UTC 2020 /home/travis/build/icyphy/ptII/ptolemy/actor/lib/test/auto/DiscreteClock10.xml
----------------- Instantiating /home/travis/build/icyphy/ptII/ptolemy/actor/lib/test/auto/DiscreteClock10.xml
4 ms. Memory: 438272K Free: 365157K (83%)
----------------- Invoking toplevel() on ptolemy.moml.MoMLSimpleApplication@141562ff
----------------- Done invoking toplevel() on ptolemy.moml.MoMLSimpleApplication@141562ff
reloadAllAccessors: .DiscreteClock10

===========================================================================================
----------------- testing Sat Jan 04 22:18:03 UTC 2020 /home/travis/build/icyphy/ptII/ptolemy/actor/lib/test/auto/DiscreteClock11.xml
----------------- Instantiating /home/travis/build/icyphy/ptII/ptolemy/actor/lib/test/auto/DiscreteClock11.xml
2 ms. Memory: 438272K Free: 359013K (82%)
----------------- Invoking toplevel() on ptolemy.moml.MoMLSimpleApplication@7626bc1d
----------------- Done invoking toplevel() on ptolemy.moml.MoMLSimpleApplication@7626bc1d
reloadAllAccessors: .DiscreteClock11

===========================================================================================
----------------- testing Sat Jan 04 22:18:03 UTC 2020 /home/travis/build/icyphy/ptII/ptolemy/actor/lib/test/auto/DiscreteClock12.xml
----------------- Instantiating /home/travis/build/icyphy/ptII/ptolemy/actor/lib/test/auto/DiscreteClock12.xml
3 ms. Memory: 438272K Free: 353383K (81%)
----------------- Invoking toplevel() on ptolemy.moml.MoMLSimpleApplication@408ff7ae
----------------- Done invoking toplevel() on ptolemy.moml.MoMLSimpleApplication@408ff7ae
reloadAllAccessors: .DiscreteClock12

===========================================================================================
----------------- testing Sat Jan 04 22:18:03 UTC 2020 /home/travis/build/icyphy/ptII/ptolemy/actor/lib/test/auto/DiscreteClock13.xml
----------------- Instantiating /home/travis/build/icyphy/ptII/ptolemy/actor/lib/test/auto/DiscreteClock13.xml
4 ms. Memory: 438272K Free: 347239K (79%)
----------------- Invoking toplevel() on ptolemy.moml.MoMLSimpleApplication@5852a3af
----------------- Done invoking toplevel() on ptolemy.moml.MoMLSimpleApplication@5852a3af
reloadAllAccessors: .DiscreteClock13

===========================================================================================
----------------- testing Sat Jan 04 22:18:03 UTC 2020 /home/travis/build/icyphy/ptII/ptolemy/actor/lib/test/auto/DiscreteClock14.xml
----------------- Instantiating /home/travis/build/icyphy/ptII/ptolemy/actor/lib/test/auto/DiscreteClock14.xml
4 ms. Memory: 438272K Free: 341588K (78%)
----------------- Invoking toplevel() on ptolemy.moml.MoMLSimpleApplication@1e67483c
----------------- Done invoking toplevel() on ptolemy.moml.MoMLSimpleApplication@1e67483c
reloadAllAccessors: .DiscreteClock14

===========================================================================================
----------------- testing Sat Jan 04 22:18:03 UTC 2020 /home/travis/build/icyphy/ptII/ptolemy/actor/lib/test/auto/DiscreteClock15.xml
----------------- Instantiating /home/travis/build/icyphy/ptII/ptolemy/actor/lib/test/auto/DiscreteClock15.xml
3 ms. Memory: 438272K Free: 335455K (77%)
----------------- Invoking toplevel() on ptolemy.moml.MoMLSimpleApplication@57fe0b4f
----------------- Done invoking toplevel() on ptolemy.moml.MoMLSimpleApplication@57fe0b4f
reloadAllAccessors: .DiscreteClock15

===========================================================================================
----------------- testing Sat Jan 04 22:18:03 UTC 2020 /home/travis/build/icyphy/ptII/ptolemy/actor/lib/test/auto/DiscreteClock16.xml
----------------- Instantiating /home/travis/build/icyphy/ptII/ptolemy/actor/lib/test/auto/DiscreteClock16.xml
20 ms. Memory: 438272K Free: 322135K (74%)
----------------- Invoking toplevel() on ptolemy.moml.MoMLSimpleApplication@2dca4c95
----------------- Done invoking toplevel() on ptolemy.moml.MoMLSimpleApplication@2dca4c95
reloadAllAccessors: .DiscreteClock16

===========================================================================================
----------------- testing Sat Jan 04 22:18:03 UTC 2020 /home/travis/build/icyphy/ptII/ptolemy/actor/lib/test/auto/DiscreteClock17.xml
----------------- Instantiating /home/travis/build/icyphy/ptII/ptolemy/actor/lib/test/auto/DiscreteClock17.xml
12 ms. Memory: 438272K Free: 307799K (70%)
----------------- Invoking toplevel() on ptolemy.moml.MoMLSimpleApplication@74bea98a
----------------- Done invoking toplevel() on ptolemy.moml.MoMLSimpleApplication@74bea98a
reloadAllAccessors: .DiscreteClock17

===========================================================================================
----------------- testing Sat Jan 04 22:18:03 UTC 2020 /home/travis/build/icyphy/ptII/ptolemy/actor/lib/test/auto/DiscreteClock18.xml
----------------- Instantiating /home/travis/build/icyphy/ptII/ptolemy/actor/lib/test/auto/DiscreteClock18.xml
11 ms. Memory: 438272K Free: 294501K (67%)
----------------- Invoking toplevel() on ptolemy.moml.MoMLSimpleApplication@30008267
----------------- Done invoking toplevel() on ptolemy.moml.MoMLSimpleApplication@30008267
reloadAllAccessors: .DiscreteClock18

===========================================================================================
----------------- testing Sat Jan 04 22:18:03 UTC 2020 /home/travis/build/icyphy/ptII/ptolemy/actor/lib/test/auto/DiscreteClock19.xml
----------------- Instantiating /home/travis/build/icyphy/ptII/ptolemy/actor/lib/test/auto/DiscreteClock19.xml
19 ms. Memory: 438272K Free: 280679K (64%)
----------------- Invoking toplevel() on ptolemy.moml.MoMLSimpleApplication@562d07ee
----------------- Done invoking toplevel() on ptolemy.moml.MoMLSimpleApplication@562d07ee
reloadAllAccessors: .DiscreteClock19

===========================================================================================
----------------- testing Sat Jan 04 22:18:03 UTC 2020 /home/travis/build/icyphy/ptII/ptolemy/actor/lib/test/auto/DiscreteClock2.xml
----------------- Instantiating /home/travis/build/icyphy/ptII/ptolemy/actor/lib/test/auto/DiscreteClock2.xml
1 ms. Memory: 438272K Free: 275559K (63%)
----------------- Invoking toplevel() on ptolemy.moml.MoMLSimpleApplication@6d8656e8
----------------- Done invoking toplevel() on ptolemy.moml.MoMLSimpleApplication@6d8656e8
reloadAllAccessors: .DiscreteClock2

===========================================================================================
----------------- testing Sat Jan 04 22:18:03 UTC 2020 /home/travis/build/icyphy/ptII/ptolemy/actor/lib/test/auto/DiscreteClock20.xml
----------------- Instantiating /home/travis/build/icyphy/ptII/ptolemy/actor/lib/test/auto/DiscreteClock20.xml
5 ms. Memory: 438272K Free: 270439K (62%)
----------------- Invoking toplevel() on ptolemy.moml.MoMLSimpleApplication@3796b038
----------------- Done invoking toplevel() on ptolemy.moml.MoMLSimpleApplication@3796b038
reloadAllAccessors: .DiscreteClock20

===========================================================================================
----------------- testing Sat Jan 04 22:18:04 UTC 2020 /home/travis/build/icyphy/ptII/ptolemy/actor/lib/test/auto/DiscreteClock21.xml
----------------- Instantiating /home/travis/build/icyphy/ptII/ptolemy/actor/lib/test/auto/DiscreteClock21.xml
3 ms. Memory: 438272K Free: 264805K (60%)
----------------- Invoking toplevel() on ptolemy.moml.MoMLSimpleApplication@38aba302
----------------- Done invoking toplevel() on ptolemy.moml.MoMLSimpleApplication@38aba302
reloadAllAccessors: .DiscreteClock21

===========================================================================================
----------------- testing Sat Jan 04 22:18:04 UTC 2020 /home/travis/build/icyphy/ptII/ptolemy/actor/lib/test/auto/DiscreteClock22.xml
----------------- Instantiating /home/travis/build/icyphy/ptII/ptolemy/actor/lib/test/auto/DiscreteClock22.xml
2 ms. Memory: 438272K Free: 259685K (59%)
----------------- Invoking toplevel() on ptolemy.moml.MoMLSimpleApplication@1281c9e6
----------------- Done invoking toplevel() on ptolemy.moml.MoMLSimpleApplication@1281c9e6
reloadAllAccessors: .DiscreteClock22

===========================================================================================
----------------- testing Sat Jan 04 22:18:04 UTC 2020 /home/travis/build/icyphy/ptII/ptolemy/actor/lib/test/auto/DiscreteClock23.xml
----------------- Instantiating /home/travis/build/icyphy/ptII/ptolemy/actor/lib/test/auto/DiscreteClock23.xml
5 ms. Memory: 438272K Free: 254055K (58%)
----------------- Invoking toplevel() on ptolemy.moml.MoMLSimpleApplication@2c2a1ef8
----------------- Done invoking toplevel() on ptolemy.moml.MoMLSimpleApplication@2c2a1ef8
reloadAllAccessors: .DiscreteClock23

===========================================================================================
----------------- testing Sat Jan 04 22:18:04 UTC 2020 /home/travis/build/icyphy/ptII/ptolemy/actor/lib/test/auto/DiscreteClock24.xml
----------------- Instantiating /home/travis/build/icyphy/ptII/ptolemy/actor/lib/test/auto/DiscreteClock24.xml
3 ms. Memory: 438272K Free: 248935K (57%)
----------------- Invoking toplevel() on ptolemy.moml.MoMLSimpleApplication@4b7c0640
----------------- Done invoking toplevel() on ptolemy.moml.MoMLSimpleApplication@4b7c0640
reloadAllAccessors: .DiscreteClock24

===========================================================================================
----------------- testing Sat Jan 04 22:18:04 UTC 2020 /home/travis/build/icyphy/ptII/ptolemy/actor/lib/test/auto/DiscreteClock4.xml
----------------- Instantiating /home/travis/build/icyphy/ptII/ptolemy/actor/lib/test/auto/DiscreteClock4.xml
6 ms. Memory: 438272K Free: 243302K (56%)
----------------- Invoking toplevel() on ptolemy.moml.MoMLSimpleApplication@7d1898c9
----------------- Done invoking toplevel() on ptolemy.moml.MoMLSimpleApplication@7d1898c9
reloadAllAccessors: .DiscreteClock4

===========================================================================================
----------------- testing Sat Jan 04 22:18:04 UTC 2020 /home/travis/build/icyphy/ptII/ptolemy/actor/lib/test/auto/DiscreteClock5.xml
----------------- Instantiating /home/travis/build/icyphy/ptII/ptolemy/actor/lib/test/auto/DiscreteClock5.xml
2 ms. Memory: 438272K Free: 238175K (54%)
----------------- Invoking toplevel() on ptolemy.moml.MoMLSimpleApplication@124f6fcb
----------------- Done invoking toplevel() on ptolemy.moml.MoMLSimpleApplication@124f6fcb
reloadAllAccessors: .DiscreteClock5

===========================================================================================
----------------- testing Sat Jan 04 22:18:04 UTC 2020 /home/travis/build/icyphy/ptII/ptolemy/actor/lib/test/auto/DiscreteClock6.xml
----------------- Instantiating /home/travis/build/icyphy/ptII/ptolemy/actor/lib/test/auto/DiscreteClock6.xml
2 ms. Memory: 438272K Free: 234085K (53%)
----------------- Invoking toplevel() on ptolemy.moml.MoMLSimpleApplication@541edab1
----------------- Done invoking toplevel() on ptolemy.moml.MoMLSimpleApplication@541edab1
reloadAllAccessors: .DiscreteClock6

===========================================================================================
----------------- testing Sat Jan 04 22:18:04 UTC 2020 /home/travis/build/icyphy/ptII/ptolemy/actor/lib/test/auto/DiscreteClock7.xml
----------------- Instantiating /home/travis/build/icyphy/ptII/ptolemy/actor/lib/test/auto/DiscreteClock7.xml
2 ms. Memory: 438272K Free: 229477K (52%)
----------------- Invoking toplevel() on ptolemy.moml.MoMLSimpleApplication@7b74288f
----------------- Done invoking toplevel() on ptolemy.moml.MoMLSimpleApplication@7b74288f
reloadAllAccessors: .DiscreteClock7

===========================================================================================
----------------- testing Sat Jan 04 22:18:04 UTC 2020 /home/travis/build/icyphy/ptII/ptolemy/actor/lib/test/auto/DiscreteClock8.xml
----------------- Instantiating /home/travis/build/icyphy/ptII/ptolemy/actor/lib/test/auto/DiscreteClock8.xml
3 ms. Memory: 438272K Free: 223335K (51%)
----------------- Invoking toplevel() on ptolemy.moml.MoMLSimpleApplication@81e223e
----------------- Done invoking toplevel() on ptolemy.moml.MoMLSimpleApplication@81e223e
reloadAllAccessors: .DiscreteClock8

===========================================================================================
----------------- testing Sat Jan 04 22:18:04 UTC 2020 /home/travis/build/icyphy/ptII/ptolemy/actor/lib/test/auto/DiscreteClock9.xml
----------------- Instantiating /home/travis/build/icyphy/ptII/ptolemy/actor/lib/test/auto/DiscreteClock9.xml
4 ms. Memory: 438272K Free: 218215K (50%)
----------------- Invoking toplevel() on ptolemy.moml.MoMLSimpleApplication@78690023
----------------- Done invoking toplevel() on ptolemy.moml.MoMLSimpleApplication@78690023
reloadAllAccessors: .DiscreteClock9

===========================================================================================
----------------- testing Sat Jan 04 22:18:04 UTC 2020 /home/travis/build/icyphy/ptII/ptolemy/actor/lib/test/auto/DisplayArray.xml
----------------- Instantiating /home/travis/build/icyphy/ptII/ptolemy/actor/lib/test/auto/DisplayArray.xml
4 ms. Memory: 438272K Free: 214629K (49%)
----------------- Invoking toplevel() on ptolemy.moml.MoMLSimpleApplication@4abe0a43
----------------- Done invoking toplevel() on ptolemy.moml.MoMLSimpleApplication@4abe0a43
reloadAllAccessors: .DisplayArray

===========================================================================================
----------------- testing Sat Jan 04 22:18:04 UTC 2020 /home/travis/build/icyphy/ptII/ptolemy/actor/lib/test/auto/Distributor.xml
----------------- Instantiating /home/travis/build/icyphy/ptII/ptolemy/actor/lib/test/auto/Distributor.xml
1 ms. Memory: 438272K Free: 209509K (48%)
----------------- Invoking toplevel() on ptolemy.moml.MoMLSimpleApplication@752641eb
----------------- Done invoking toplevel() on ptolemy.moml.MoMLSimpleApplication@752641eb
reloadAllAccessors: .Distributor

===========================================================================================
----------------- testing Sat Jan 04 22:18:04 UTC 2020 /home/travis/build/icyphy/ptII/ptolemy/actor/lib/test/auto/Distributor2.xml
----------------- Instantiating /home/travis/build/icyphy/ptII/ptolemy/actor/lib/test/auto/Distributor2.xml
1 ms. Memory: 438272K Free: 205413K (47%)
----------------- Invoking toplevel() on ptolemy.moml.MoMLSimpleApplication@2cc0ca3a
----------------- Done invoking toplevel() on ptolemy.moml.MoMLSimpleApplication@2cc0ca3a
reloadAllAccessors: .Distributor2

===========================================================================================
----------------- testing Sat Jan 04 22:18:04 UTC 2020 /home/travis/build/icyphy/ptII/ptolemy/actor/lib/test/auto/DownSample.xml
----------------- Instantiating /home/travis/build/icyphy/ptII/ptolemy/actor/lib/test/auto/DownSample.xml
1 ms. Memory: 438272K Free: 200807K (46%)
----------------- Invoking toplevel() on ptolemy.moml.MoMLSimpleApplication@41b43e94
----------------- Done invoking toplevel() on ptolemy.moml.MoMLSimpleApplication@41b43e94
reloadAllAccessors: .DownSample

===========================================================================================
----------------- testing Sat Jan 04 22:18:04 UTC 2020 /home/travis/build/icyphy/ptII/ptolemy/actor/lib/test/auto/ElectronicUnitBase1.xml
----------------- Instantiating /home/travis/build/icyphy/ptII/ptolemy/actor/lib/test/auto/ElectronicUnitBase1.xml
13 ms. Memory: 438272K Free: 185447K (42%)
----------------- Invoking toplevel() on ptolemy.moml.MoMLSimpleApplication@23cb751c
----------------- Done invoking toplevel() on ptolemy.moml.MoMLSimpleApplication@23cb751c
reloadAllAccessors: .ElectronicUnitBase1

===========================================================================================
----------------- testing Sat Jan 04 22:18:04 UTC 2020 /home/travis/build/icyphy/ptII/ptolemy/actor/lib/test/auto/ElementsToArray.xml
----------------- Instantiating /home/travis/build/icyphy/ptII/ptolemy/actor/lib/test/auto/ElementsToArray.xml
3 ms. Memory: 438272K Free: 180327K (41%)
----------------- Invoking toplevel() on ptolemy.moml.MoMLSimpleApplication@86fd75d
----------------- Done invoking toplevel() on ptolemy.moml.MoMLSimpleApplication@86fd75d
reloadAllAccessors: .ElementsToArray

===========================================================================================
----------------- testing Sat Jan 04 22:18:04 UTC 2020 /home/travis/build/icyphy/ptII/ptolemy/actor/lib/test/auto/Equals.xml
----------------- Instantiating /home/travis/build/icyphy/ptII/ptolemy/actor/lib/test/auto/Equals.xml
6 ms. Memory: 438272K Free: 176231K (40%)
----------------- Invoking toplevel() on ptolemy.moml.MoMLSimpleApplication@6e24e8e5
----------------- Done invoking toplevel() on ptolemy.moml.MoMLSimpleApplication@6e24e8e5
reloadAllAccessors: .Equals

===========================================================================================
----------------- testing Sat Jan 04 22:18:04 UTC 2020 /home/travis/build/icyphy/ptII/ptolemy/actor/lib/test/auto/Exec.xml
----------------- Instantiating /home/travis/build/icyphy/ptII/ptolemy/actor/lib/test/auto/Exec.xml
14 ms. Memory: 438272K Free: 170591K (39%)
----------------- Invoking toplevel() on ptolemy.moml.MoMLSimpleApplication@5f322a62
----------------- Done invoking toplevel() on ptolemy.moml.MoMLSimpleApplication@5f322a62
reloadAllAccessors: .Exec

===========================================================================================
----------------- testing Sat Jan 04 22:18:04 UTC 2020 /home/travis/build/icyphy/ptII/ptolemy/actor/lib/test/auto/ExecEnvironment.xml
----------------- Instantiating /home/travis/build/icyphy/ptII/ptolemy/actor/lib/test/auto/ExecEnvironment.xml
23 ms. Memory: 438272K Free: 164965K (38%)
----------------- Invoking toplevel() on ptolemy.moml.MoMLSimpleApplication@6d18554d
----------------- Done invoking toplevel() on ptolemy.moml.MoMLSimpleApplication@6d18554d
reloadAllAccessors: .ExecEnvironment

===========================================================================================
----------------- testing Sat Jan 04 22:18:04 UTC 2020 /home/travis/build/icyphy/ptII/ptolemy/actor/lib/test/auto/ExecNonZeroReturnOutput.xml
----------------- Instantiating /home/travis/build/icyphy/ptII/ptolemy/actor/lib/test/auto/ExecNonZeroReturnOutput.xml
146 ms. Memory: 438272K Free: 153703K (35%)
----------------- Invoking toplevel() on ptolemy.moml.MoMLSimpleApplication@785f25c9
----------------- Done invoking toplevel() on ptolemy.moml.MoMLSimpleApplication@785f25c9
reloadAllAccessors: .ExecNonZeroReturnOutput

===========================================================================================
----------------- testing Sat Jan 04 22:18:04 UTC 2020 /home/travis/build/icyphy/ptII/ptolemy/actor/lib/test/auto/ExecRunDemos.xml
----------------- Instantiating /home/travis/build/icyphy/ptII/ptolemy/actor/lib/test/auto/ExecRunDemos.xml
Finished: 69 ms. Memory: 129024K Free: 112446K (87%)

Finished: 71 ms. Memory: 129024K Free: 109543K (85%)

Finished: 108 ms. Memory: 129024K Free: 109553K (85%)

Finished: 72 ms. Memory: 129024K Free: 110919K (86%)

Finished: 59 ms. Memory: 129024K Free: 111848K (87%)

9912 ms. Memory: 438272K Free: 132709K (30%)
----------------- Invoking toplevel() on ptolemy.moml.MoMLSimpleApplication@7885f9a3
----------------- Done invoking toplevel() on ptolemy.moml.MoMLSimpleApplication@7885f9a3
reloadAllAccessors: .ExecRunDemos

===========================================================================================
----------------- testing Sat Jan 04 22:18:14 UTC 2020 /home/travis/build/icyphy/ptII/ptolemy/actor/lib/test/auto/ExecStop.xml
----------------- Instantiating /home/travis/build/icyphy/ptII/ptolemy/actor/lib/test/auto/ExecStop.xml
5011 ms. Memory: 438272K Free: 257028K (59%)
----------------- Invoking toplevel() on ptolemy.moml.MoMLSimpleApplication@1172a5d2
----------------- Done invoking toplevel() on ptolemy.moml.MoMLSimpleApplication@1172a5d2
reloadAllAccessors: .ExecStop

===========================================================================================
----------------- testing Sat Jan 04 22:18:19 UTC 2020 /home/travis/build/icyphy/ptII/ptolemy/actor/lib/test/auto/ExecutionTimeSDF.xml
----------------- Instantiating /home/travis/build/icyphy/ptII/ptolemy/actor/lib/test/auto/ExecutionTimeSDF.xml
Fired ExecutionTime: -269367296
Fired ExecutionTime: 1347200000
Fired ExecutionTime: -170567296
6004 ms. Memory: 438272K Free: 244742K (56%)
----------------- Invoking toplevel() on ptolemy.moml.MoMLSimpleApplication@75c439dc
----------------- Done invoking toplevel() on ptolemy.moml.MoMLSimpleApplication@75c439dc
reloadAllAccessors: .ExecutionTimeSDF

===========================================================================================
----------------- testing Sat Jan 04 22:18:25 UTC 2020 /home/travis/build/icyphy/ptII/ptolemy/actor/lib/test/auto/Expression1.xml
----------------- Instantiating /home/travis/build/icyphy/ptII/ptolemy/actor/lib/test/auto/Expression1.xml
2 ms. Memory: 438272K Free: 241156K (55%)
----------------- Invoking toplevel() on ptolemy.moml.MoMLSimpleApplication@48d69dd3
----------------- Done invoking toplevel() on ptolemy.moml.MoMLSimpleApplication@48d69dd3
reloadAllAccessors: .Expression1

===========================================================================================
----------------- testing Sat Jan 04 22:18:25 UTC 2020 /home/travis/build/icyphy/ptII/ptolemy/actor/lib/test/auto/Expression10.xml
----------------- Instantiating /home/travis/build/icyphy/ptII/ptolemy/actor/lib/test/auto/Expression10.xml
6 ms. Memory: 438272K Free: 236036K (54%)
----------------- Invoking toplevel() on ptolemy.moml.MoMLSimpleApplication@33593cb4
----------------- Done invoking toplevel() on ptolemy.moml.MoMLSimpleApplication@33593cb4
reloadAllAccessors: .Expression10

===========================================================================================
----------------- testing Sat Jan 04 22:18:25 UTC 2020 /home/travis/build/icyphy/ptII/ptolemy/actor/lib/test/auto/Expression11.xml
----------------- Instantiating /home/travis/build/icyphy/ptII/ptolemy/actor/lib/test/auto/Expression11.xml
2 ms. Memory: 438272K Free: 231430K (53%)
----------------- Invoking toplevel() on ptolemy.moml.MoMLSimpleApplication@696dad73
----------------- Done invoking toplevel() on ptolemy.moml.MoMLSimpleApplication@696dad73
reloadAllAccessors: .Expression11

===========================================================================================
----------------- testing Sat Jan 04 22:18:25 UTC 2020 /home/travis/build/icyphy/ptII/ptolemy/actor/lib/test/auto/Expression12.xml
----------------- Instantiating /home/travis/build/icyphy/ptII/ptolemy/actor/lib/test/auto/Expression12.xml
3 ms. Memory: 438272K Free: 226310K (52%)
----------------- Invoking toplevel() on ptolemy.moml.MoMLSimpleApplication@a923d7
----------------- Done invoking toplevel() on ptolemy.moml.MoMLSimpleApplication@a923d7
reloadAllAccessors: .Expression12

===========================================================================================
----------------- testing Sat Jan 04 22:18:25 UTC 2020 /home/travis/build/icyphy/ptII/ptolemy/actor/lib/test/auto/Expression13.xml
----------------- Instantiating /home/travis/build/icyphy/ptII/ptolemy/actor/lib/test/auto/Expression13.xml
3 ms. Memory: 438272K Free: 221190K (50%)
----------------- Invoking toplevel() on ptolemy.moml.MoMLSimpleApplication@5adfb363
----------------- Done invoking toplevel() on ptolemy.moml.MoMLSimpleApplication@5adfb363
reloadAllAccessors: .Expression13

===========================================================================================
----------------- testing Sat Jan 04 22:18:25 UTC 2020 /home/travis/build/icyphy/ptII/ptolemy/actor/lib/test/auto/Expression14.xml
----------------- Instantiating /home/travis/build/icyphy/ptII/ptolemy/actor/lib/test/auto/Expression14.xml
4 ms. Memory: 438272K Free: 215556K (49%)
----------------- Invoking toplevel() on ptolemy.moml.MoMLSimpleApplication@45d0fc9d
----------------- Done invoking toplevel() on ptolemy.moml.MoMLSimpleApplication@45d0fc9d
reloadAllAccessors: .Expression14

===========================================================================================
----------------- testing Sat Jan 04 22:18:25 UTC 2020 /home/travis/build/icyphy/ptII/ptolemy/actor/lib/test/auto/Expression15.xml
----------------- Instantiating /home/travis/build/icyphy/ptII/ptolemy/actor/lib/test/auto/Expression15.xml
2 ms. Memory: 438272K Free: 211460K (48%)
----------------- Invoking toplevel() on ptolemy.moml.MoMLSimpleApplication@306d3c5d
----------------- Done invoking toplevel() on ptolemy.moml.MoMLSimpleApplication@306d3c5d
reloadAllAccessors: .Expression15

===========================================================================================
----------------- testing Sat Jan 04 22:18:25 UTC 2020 /home/travis/build/icyphy/ptII/ptolemy/actor/lib/test/auto/Expression16.xml
----------------- Instantiating /home/travis/build/icyphy/ptII/ptolemy/actor/lib/test/auto/Expression16.xml
2 ms. Memory: 438272K Free: 206340K (47%)
----------------- Invoking toplevel() on ptolemy.moml.MoMLSimpleApplication@39085fd0
----------------- Done invoking toplevel() on ptolemy.moml.MoMLSimpleApplication@39085fd0
reloadAllAccessors: .Expression16

===========================================================================================
----------------- testing Sat Jan 04 22:18:25 UTC 2020 /home/travis/build/icyphy/ptII/ptolemy/actor/lib/test/auto/Expression17.xml
----------------- Instantiating /home/travis/build/icyphy/ptII/ptolemy/actor/lib/test/auto/Expression17.xml
2 ms. Memory: 438272K Free: 201734K (46%)
----------------- Invoking toplevel() on ptolemy.moml.MoMLSimpleApplication@3586cb4b
----------------- Done invoking toplevel() on ptolemy.moml.MoMLSimpleApplication@3586cb4b
reloadAllAccessors: .Expression17

===========================================================================================
----------------- testing Sat Jan 04 22:18:25 UTC 2020 /home/travis/build/icyphy/ptII/ptolemy/actor/lib/test/auto/Expression18.xml
----------------- Instantiating /home/travis/build/icyphy/ptII/ptolemy/actor/lib/test/auto/Expression18.xml
2 ms. Memory: 438272K Free: 196100K (45%)
----------------- Invoking toplevel() on ptolemy.moml.MoMLSimpleApplication@a0f136f
----------------- Done invoking toplevel() on ptolemy.moml.MoMLSimpleApplication@a0f136f
reloadAllAccessors: .Expression18

===========================================================================================
----------------- testing Sat Jan 04 22:18:25 UTC 2020 /home/travis/build/icyphy/ptII/ptolemy/actor/lib/test/auto/Expression2.xml
----------------- Instantiating /home/travis/build/icyphy/ptII/ptolemy/actor/lib/test/auto/Expression2.xml
3 ms. Memory: 438272K Free: 191494K (44%)
----------------- Invoking toplevel() on ptolemy.moml.MoMLSimpleApplication@2c642231
----------------- Done invoking toplevel() on ptolemy.moml.MoMLSimpleApplication@2c642231
reloadAllAccessors: .Expression2

===========================================================================================
----------------- testing Sat Jan 04 22:18:25 UTC 2020 /home/travis/build/icyphy/ptII/ptolemy/actor/lib/test/auto/Expression3.xml
----------------- Instantiating /home/travis/build/icyphy/ptII/ptolemy/actor/lib/test/auto/Expression3.xml
3 ms. Memory: 438272K Free: 186374K (43%)
----------------- Invoking toplevel() on ptolemy.moml.MoMLSimpleApplication@293b5bbe
----------------- Done invoking toplevel() on ptolemy.moml.MoMLSimpleApplication@293b5bbe
reloadAllAccessors: .Expression3

===========================================================================================
----------------- testing Sat Jan 04 22:18:25 UTC 2020 /home/travis/build/icyphy/ptII/ptolemy/actor/lib/test/auto/Expression4.xml
----------------- Instantiating /home/travis/build/icyphy/ptII/ptolemy/actor/lib/test/auto/Expression4.xml
5 ms. Memory: 438272K Free: 179206K (41%)
----------------- Invoking toplevel() on ptolemy.moml.MoMLSimpleApplication@229b6e54
----------------- Done invoking toplevel() on ptolemy.moml.MoMLSimpleApplication@229b6e54
reloadAllAccessors: .Expression4

===========================================================================================
----------------- testing Sat Jan 04 22:18:25 UTC 2020 /home/travis/build/icyphy/ptII/ptolemy/actor/lib/test/auto/Expression5.xml
----------------- Instantiating /home/travis/build/icyphy/ptII/ptolemy/actor/lib/test/auto/Expression5.xml
5 ms. Memory: 438272K Free: 174086K (40%)
----------------- Invoking toplevel() on ptolemy.moml.MoMLSimpleApplication@7969ecc2
----------------- Done invoking toplevel() on ptolemy.moml.MoMLSimpleApplication@7969ecc2
reloadAllAccessors: .Expression5

===========================================================================================
----------------- testing Sat Jan 04 22:18:25 UTC 2020 /home/travis/build/icyphy/ptII/ptolemy/actor/lib/test/auto/Expression6.xml
----------------- Instantiating /home/travis/build/icyphy/ptII/ptolemy/actor/lib/test/auto/Expression6.xml
2 ms. Memory: 438272K Free: 169476K (39%)
----------------- Invoking toplevel() on ptolemy.moml.MoMLSimpleApplication@3ce9ec4d
----------------- Done invoking toplevel() on ptolemy.moml.MoMLSimpleApplication@3ce9ec4d
reloadAllAccessors: .Expression6

===========================================================================================
----------------- testing Sat Jan 04 22:18:25 UTC 2020 /home/travis/build/icyphy/ptII/ptolemy/actor/lib/test/auto/Expression7.xml
----------------- Instantiating /home/travis/build/icyphy/ptII/ptolemy/actor/lib/test/auto/Expression7.xml
2 ms. Memory: 438272K Free: 164870K (38%)
----------------- Invoking toplevel() on ptolemy.moml.MoMLSimpleApplication@7fecad65
----------------- Done invoking toplevel() on ptolemy.moml.MoMLSimpleApplication@7fecad65
reloadAllAccessors: .Expression7

===========================================================================================
----------------- testing Sat Jan 04 22:18:25 UTC 2020 /home/travis/build/icyphy/ptII/ptolemy/actor/lib/test/auto/Expression8.xml
----------------- Instantiating /home/travis/build/icyphy/ptII/ptolemy/actor/lib/test/auto/Expression8.xml
8 ms. Memory: 438272K Free: 159750K (36%)
----------------- Invoking toplevel() on ptolemy.moml.MoMLSimpleApplication@1131c65
----------------- Done invoking toplevel() on ptolemy.moml.MoMLSimpleApplication@1131c65
reloadAllAccessors: .Expression8

===========================================================================================
----------------- testing Sat Jan 04 22:18:25 UTC 2020 /home/travis/build/icyphy/ptII/ptolemy/actor/lib/test/auto/Expression9.xml
----------------- Instantiating /home/travis/build/icyphy/ptII/ptolemy/actor/lib/test/auto/Expression9.xml
3 ms. Memory: 438272K Free: 156164K (36%)
----------------- Invoking toplevel() on ptolemy.moml.MoMLSimpleApplication@3c631193
----------------- Done invoking toplevel() on ptolemy.moml.MoMLSimpleApplication@3c631193
reloadAllAccessors: .Expression9

===========================================================================================
----------------- testing Sat Jan 04 22:18:25 UTC 2020 /home/travis/build/icyphy/ptII/ptolemy/actor/lib/test/auto/ExpressionConcatenateArrayType.xml
----------------- Instantiating /home/travis/build/icyphy/ptII/ptolemy/actor/lib/test/auto/ExpressionConcatenateArrayType.xml
3 ms. Memory: 438272K Free: 149510K (34%)
----------------- Invoking toplevel() on ptolemy.moml.MoMLSimpleApplication@4d35c763
----------------- Done invoking toplevel() on ptolemy.moml.MoMLSimpleApplication@4d35c763
reloadAllAccessors: .ExpressionConcatenateArrayType

===========================================================================================
----------------- testing Sat Jan 04 22:18:25 UTC 2020 /home/travis/build/icyphy/ptII/ptolemy/actor/lib/test/auto/ExpressionConcatenateArrayType2.xml
----------------- Instantiating /home/travis/build/icyphy/ptII/ptolemy/actor/lib/test/auto/ExpressionConcatenateArrayType2.xml
2 ms. Memory: 438272K Free: 143876K (33%)
----------------- Invoking toplevel() on ptolemy.moml.MoMLSimpleApplication@2f707161
----------------- Done invoking toplevel() on ptolemy.moml.MoMLSimpleApplication@2f707161
reloadAllAccessors: .ExpressionConcatenateArrayType2

===========================================================================================
----------------- testing Sat Jan 04 22:18:26 UTC 2020 /home/travis/build/icyphy/ptII/ptolemy/actor/lib/test/auto/ExpressionFix.xml
----------------- Instantiating /home/travis/build/icyphy/ptII/ptolemy/actor/lib/test/auto/ExpressionFix.xml
19 ms. Memory: 438272K Free: 137732K (31%)
----------------- Invoking toplevel() on ptolemy.moml.MoMLSimpleApplication@7bfa9f19
----------------- Done invoking toplevel() on ptolemy.moml.MoMLSimpleApplication@7bfa9f19
reloadAllAccessors: .ExpressionFix

===========================================================================================
----------------- testing Sat Jan 04 22:18:26 UTC 2020 /home/travis/build/icyphy/ptII/ptolemy/actor/lib/test/auto/ExpressionFix2.xml
----------------- Instantiating /home/travis/build/icyphy/ptII/ptolemy/actor/lib/test/auto/ExpressionFix2.xml
4 ms. Memory: 438272K Free: 133636K (30%)
----------------- Invoking toplevel() on ptolemy.moml.MoMLSimpleApplication@3c636c9b
----------------- Done invoking toplevel() on ptolemy.moml.MoMLSimpleApplication@3c636c9b
reloadAllAccessors: .ExpressionFix2

===========================================================================================
----------------- testing Sat Jan 04 22:18:26 UTC 2020 /home/travis/build/icyphy/ptII/ptolemy/actor/lib/test/auto/ExpressionFix3.xml
----------------- Instantiating /home/travis/build/icyphy/ptII/ptolemy/actor/lib/test/auto/ExpressionFix3.xml
2 ms. Memory: 438272K Free: 386820K (88%)
----------------- Invoking toplevel() on ptolemy.moml.MoMLSimpleApplication@50c98992
----------------- Done invoking toplevel() on ptolemy.moml.MoMLSimpleApplication@50c98992
reloadAllAccessors: .ExpressionFix3

===========================================================================================
----------------- testing Sat Jan 04 22:18:26 UTC 2020 /home/travis/build/icyphy/ptII/ptolemy/actor/lib/test/auto/FileWriter1.xml
----------------- Instantiating /home/travis/build/icyphy/ptII/ptolemy/actor/lib/test/auto/FileWriter1.xml
3 ms. Memory: 438272K Free: 382741K (87%)
----------------- Invoking toplevel() on ptolemy.moml.MoMLSimpleApplication@758d1e2b
----------------- Done invoking toplevel() on ptolemy.moml.MoMLSimpleApplication@758d1e2b
reloadAllAccessors: .FileWriter1

===========================================================================================
----------------- testing Sat Jan 04 22:18:26 UTC 2020 /home/travis/build/icyphy/ptII/ptolemy/actor/lib/test/auto/FileWriter2.xml
----------------- Instantiating /home/travis/build/icyphy/ptII/ptolemy/actor/lib/test/auto/FileWriter2.xml
2 ms. Memory: 438272K Free: 378135K (86%)
----------------- Invoking toplevel() on ptolemy.moml.MoMLSimpleApplication@5b9c637b
----------------- Done invoking toplevel() on ptolemy.moml.MoMLSimpleApplication@5b9c637b
reloadAllAccessors: .FileWriter2

===========================================================================================
----------------- testing Sat Jan 04 22:18:26 UTC 2020 /home/travis/build/icyphy/ptII/ptolemy/actor/lib/test/auto/FileWriter3.xml
----------------- Instantiating /home/travis/build/icyphy/ptII/ptolemy/actor/lib/test/auto/FileWriter3.xml
1 ms. Memory: 438272K Free: 374549K (85%)
----------------- Invoking toplevel() on ptolemy.moml.MoMLSimpleApplication@bf8fd44
----------------- Done invoking toplevel() on ptolemy.moml.MoMLSimpleApplication@bf8fd44
reloadAllAccessors: .FileWriter3

===========================================================================================
----------------- testing Sat Jan 04 22:18:26 UTC 2020 /home/travis/build/icyphy/ptII/ptolemy/actor/lib/test/auto/Gaussian.xml
----------------- Instantiating /home/travis/build/icyphy/ptII/ptolemy/actor/lib/test/auto/Gaussian.xml
2 ms. Memory: 438272K Free: 369943K (84%)
----------------- Invoking toplevel() on ptolemy.moml.MoMLSimpleApplication@12741168
----------------- Done invoking toplevel() on ptolemy.moml.MoMLSimpleApplication@12741168
reloadAllAccessors: .Gaussian

===========================================================================================
----------------- testing Sat Jan 04 22:18:26 UTC 2020 /home/travis/build/icyphy/ptII/ptolemy/actor/lib/test/auto/Gaussian1.xml
----------------- Instantiating /home/travis/build/icyphy/ptII/ptolemy/actor/lib/test/auto/Gaussian1.xml
1 ms. Memory: 438272K Free: 364279K (83%)
----------------- Invoking toplevel() on ptolemy.moml.MoMLSimpleApplication@2face3a7
----------------- Done invoking toplevel() on ptolemy.moml.MoMLSimpleApplication@2face3a7
reloadAllAccessors: .Gaussian1

===========================================================================================
----------------- testing Sat Jan 04 22:18:26 UTC 2020 /home/travis/build/icyphy/ptII/ptolemy/actor/lib/test/auto/Gaussian2.xml
----------------- Instantiating /home/travis/build/icyphy/ptII/ptolemy/actor/lib/test/auto/Gaussian2.xml
9 ms. Memory: 438272K Free: 359183K (82%)
----------------- Invoking toplevel() on ptolemy.moml.MoMLSimpleApplication@3649dc2b
----------------- Done invoking toplevel() on ptolemy.moml.MoMLSimpleApplication@3649dc2b
reloadAllAccessors: .Gaussian2

===========================================================================================
----------------- testing Sat Jan 04 22:18:26 UTC 2020 /home/travis/build/icyphy/ptII/ptolemy/actor/lib/test/auto/GradientAdaptiveLattice.xml
----------------- Instantiating /home/travis/build/icyphy/ptII/ptolemy/actor/lib/test/auto/GradientAdaptiveLattice.xml
3 ms. Memory: 438272K Free: 354069K (81%)
----------------- Invoking toplevel() on ptolemy.moml.MoMLSimpleApplication@26c3a44c
----------------- Done invoking toplevel() on ptolemy.moml.MoMLSimpleApplication@26c3a44c
reloadAllAccessors: .GradientAdaptiveLattice

===========================================================================================
----------------- testing Sat Jan 04 22:18:26 UTC 2020 /home/travis/build/icyphy/ptII/ptolemy/actor/lib/test/auto/IIR.xml
----------------- Instantiating /home/travis/build/icyphy/ptII/ptolemy/actor/lib/test/auto/IIR.xml
1 ms. Memory: 438272K Free: 349463K (80%)
----------------- Invoking toplevel() on ptolemy.moml.MoMLSimpleApplication@7701de9f
----------------- Done invoking toplevel() on ptolemy.moml.MoMLSimpleApplication@7701de9f
reloadAllAccessors: .IIR

===========================================================================================
----------------- testing Sat Jan 04 22:18:26 UTC 2020 /home/travis/build/icyphy/ptII/ptolemy/actor/lib/test/auto/InputOutputTransparentPorts.xml
----------------- Instantiating /home/travis/build/icyphy/ptII/ptolemy/actor/lib/test/auto/InputOutputTransparentPorts.xml
2 ms. Memory: 438272K Free: 342805K (78%)
----------------- Invoking toplevel() on ptolemy.moml.MoMLSimpleApplication@485ec9eb
----------------- Done invoking toplevel() on ptolemy.moml.MoMLSimpleApplication@485ec9eb
reloadAllAccessors: .InputOutputTransparentPorts

===========================================================================================
----------------- testing Sat Jan 04 22:18:26 UTC 2020 /home/travis/build/icyphy/ptII/ptolemy/actor/lib/test/auto/Interpolator.xml
----------------- Instantiating /home/travis/build/icyphy/ptII/ptolemy/actor/lib/test/auto/Interpolator.xml
3 ms. Memory: 438272K Free: 338709K (77%)
----------------- Invoking toplevel() on ptolemy.moml.MoMLSimpleApplication@2fae6bf7
----------------- Done invoking toplevel() on ptolemy.moml.MoMLSimpleApplication@2fae6bf7
reloadAllAccessors: .Interpolator

===========================================================================================
----------------- testing Sat Jan 04 22:18:26 UTC 2020 /home/travis/build/icyphy/ptII/ptolemy/actor/lib/test/auto/InterpolatorFiringLimitDE.xml
----------------- Instantiating /home/travis/build/icyphy/ptII/ptolemy/actor/lib/test/auto/InterpolatorFiringLimitDE.xml
2 ms. Memory: 438272K Free: 332565K (76%)
----------------- Invoking toplevel() on ptolemy.moml.MoMLSimpleApplication@22eb232b
----------------- Done invoking toplevel() on ptolemy.moml.MoMLSimpleApplication@22eb232b
reloadAllAccessors: .InterpolatorFiringLimitDE

===========================================================================================
----------------- testing Sat Jan 04 22:18:26 UTC 2020 /home/travis/build/icyphy/ptII/ptolemy/actor/lib/test/auto/Lattice.xml
----------------- Instantiating /home/travis/build/icyphy/ptII/ptolemy/actor/lib/test/auto/Lattice.xml
1 ms. Memory: 438272K Free: 328983K (75%)
----------------- Invoking toplevel() on ptolemy.moml.MoMLSimpleApplication@2a790c22
----------------- Done invoking toplevel() on ptolemy.moml.MoMLSimpleApplication@2a790c22
reloadAllAccessors: .Lattice

===========================================================================================
----------------- testing Sat Jan 04 22:18:26 UTC 2020 /home/travis/build/icyphy/ptII/ptolemy/actor/lib/test/auto/LazyAOCTestLazy.xml
----------------- Instantiating /home/travis/build/icyphy/ptII/ptolemy/actor/lib/test/auto/LazyAOCTestLazy.xml
8 ms. Memory: 438272K Free: 322839K (74%)
----------------- Invoking toplevel() on ptolemy.moml.MoMLSimpleApplication@25ef32a9
----------------- Done invoking toplevel() on ptolemy.moml.MoMLSimpleApplication@25ef32a9
reloadAllAccessors: .LazyAOCTestLazy

===========================================================================================
----------------- testing Sat Jan 04 22:18:26 UTC 2020 /home/travis/build/icyphy/ptII/ptolemy/actor/lib/test/auto/LazyAOCTestNonLazy.xml
----------------- Instantiating /home/travis/build/icyphy/ptII/ptolemy/actor/lib/test/auto/LazyAOCTestNonLazy.xml
2 ms. Memory: 438272K Free: 317205K (72%)
----------------- Invoking toplevel() on ptolemy.moml.MoMLSimpleApplication@231367d1
----------------- Done invoking toplevel() on ptolemy.moml.MoMLSimpleApplication@231367d1
reloadAllAccessors: .LazyAOCTestNonLazy

===========================================================================================
----------------- testing Sat Jan 04 22:18:26 UTC 2020 /home/travis/build/icyphy/ptII/ptolemy/actor/lib/test/auto/LazyInnerClass.xml
----------------- Instantiating /home/travis/build/icyphy/ptII/ptolemy/actor/lib/test/auto/LazyInnerClass.xml
14 ms. Memory: 438272K Free: 308503K (70%)
----------------- Invoking toplevel() on ptolemy.moml.MoMLSimpleApplication@245ab6e6
----------------- Done invoking toplevel() on ptolemy.moml.MoMLSimpleApplication@245ab6e6
reloadAllAccessors: .LazyInnerClass

===========================================================================================
----------------- testing Sat Jan 04 22:18:26 UTC 2020 /home/travis/build/icyphy/ptII/ptolemy/actor/lib/test/auto/LazyPubSub.xml
----------------- Instantiating /home/travis/build/icyphy/ptII/ptolemy/actor/lib/test/auto/LazyPubSub.xml
22 ms. Memory: 438272K Free: 298263K (68%)
----------------- Invoking toplevel() on ptolemy.moml.MoMLSimpleApplication@330219f2
----------------- Done invoking toplevel() on ptolemy.moml.MoMLSimpleApplication@330219f2
reloadAllAccessors: .LazyPubSub

===========================================================================================
----------------- testing Sat Jan 04 22:18:26 UTC 2020 /home/travis/build/icyphy/ptII/ptolemy/actor/lib/test/auto/LazyPubSub2.xml
----------------- Instantiating /home/travis/build/icyphy/ptII/ptolemy/actor/lib/test/auto/LazyPubSub2.xml
16 ms. Memory: 438272K Free: 289047K (66%)
----------------- Invoking toplevel() on ptolemy.moml.MoMLSimpleApplication@5213b7f8
----------------- Done invoking toplevel() on ptolemy.moml.MoMLSimpleApplication@5213b7f8
reloadAllAccessors: .LazyPubSub2

===========================================================================================
----------------- testing Sat Jan 04 22:18:26 UTC 2020 /home/travis/build/icyphy/ptII/ptolemy/actor/lib/test/auto/LazyPubSub3.xml
----------------- Instantiating /home/travis/build/icyphy/ptII/ptolemy/actor/lib/test/auto/LazyPubSub3.xml
17 ms. Memory: 438272K Free: 278807K (64%)
----------------- Invoking toplevel() on ptolemy.moml.MoMLSimpleApplication@5a09b0b9
----------------- Done invoking toplevel() on ptolemy.moml.MoMLSimpleApplication@5a09b0b9
reloadAllAccessors: .LazyPubSub3

===========================================================================================
----------------- testing Sat Jan 04 22:18:26 UTC 2020 /home/travis/build/icyphy/ptII/ptolemy/actor/lib/test/auto/LazySubClassModel.xml
----------------- Instantiating /home/travis/build/icyphy/ptII/ptolemy/actor/lib/test/auto/LazySubClassModel.xml
1 ms. Memory: 438272K Free: 269591K (62%)
----------------- Invoking toplevel() on ptolemy.moml.MoMLSimpleApplication@5f5c6ddd
----------------- Done invoking toplevel() on ptolemy.moml.MoMLSimpleApplication@5f5c6ddd
reloadAllAccessors: .LazySubClassModel

===========================================================================================
----------------- testing Sat Jan 04 22:18:26 UTC 2020 /home/travis/build/icyphy/ptII/ptolemy/actor/lib/test/auto/LevelCrossTest1.xml
----------------- Instantiating /home/travis/build/icyphy/ptII/ptolemy/actor/lib/test/auto/LevelCrossTest1.xml
1 ms. Memory: 438272K Free: 264471K (60%)
----------------- Invoking toplevel() on ptolemy.moml.MoMLSimpleApplication@32f3a6ec
----------------- Done invoking toplevel() on ptolemy.moml.MoMLSimpleApplication@32f3a6ec
reloadAllAccessors: .broken

===========================================================================================
----------------- testing Sat Jan 04 22:18:26 UTC 2020 /home/travis/build/icyphy/ptII/ptolemy/actor/lib/test/auto/LevelCrossTest10.xml
----------------- Instantiating /home/travis/build/icyphy/ptII/ptolemy/actor/lib/test/auto/LevelCrossTest10.xml
1 ms. Memory: 438272K Free: 257303K (59%)
----------------- Invoking toplevel() on ptolemy.moml.MoMLSimpleApplication@62414ad1
----------------- Done invoking toplevel() on ptolemy.moml.MoMLSimpleApplication@62414ad1
reloadAllAccessors: .LevelCrossTest10

===========================================================================================
----------------- testing Sat Jan 04 22:18:26 UTC 2020 /home/travis/build/icyphy/ptII/ptolemy/actor/lib/test/auto/LevelCrossTest11.xml
----------------- Instantiating /home/travis/build/icyphy/ptII/ptolemy/actor/lib/test/auto/LevelCrossTest11.xml
1 ms. Memory: 438272K Free: 250645K (57%)
----------------- Invoking toplevel() on ptolemy.moml.MoMLSimpleApplication@1f2ad198
----------------- Done invoking toplevel() on ptolemy.moml.MoMLSimpleApplication@1f2ad198
reloadAllAccessors: .LevelCrossTest11

===========================================================================================
----------------- testing Sat Jan 04 22:18:26 UTC 2020 /home/travis/build/icyphy/ptII/ptolemy/actor/lib/test/auto/LevelCrossTest12.xml
----------------- Instantiating /home/travis/build/icyphy/ptII/ptolemy/actor/lib/test/auto/LevelCrossTest12.xml
1 ms. Memory: 438272K Free: 244501K (56%)
----------------- Invoking toplevel() on ptolemy.moml.MoMLSimpleApplication@5c937b9d
----------------- Done invoking toplevel() on ptolemy.moml.MoMLSimpleApplication@5c937b9d
reloadAllAccessors: .LevelCrossTest12

===========================================================================================
----------------- testing Sat Jan 04 22:18:26 UTC 2020 /home/travis/build/icyphy/ptII/ptolemy/actor/lib/test/auto/LevelCrossTest13.xml
----------------- Instantiating /home/travis/build/icyphy/ptII/ptolemy/actor/lib/test/auto/LevelCrossTest13.xml
1 ms. Memory: 438272K Free: 236309K (54%)
----------------- Invoking toplevel() on ptolemy.moml.MoMLSimpleApplication@7ac8e0a6
----------------- Done invoking toplevel() on ptolemy.moml.MoMLSimpleApplication@7ac8e0a6
reloadAllAccessors: .LevelCrossTest13

===========================================================================================
----------------- testing Sat Jan 04 22:18:26 UTC 2020 /home/travis/build/icyphy/ptII/ptolemy/actor/lib/test/auto/LevelCrossTest2.xml
----------------- Instantiating /home/travis/build/icyphy/ptII/ptolemy/actor/lib/test/auto/LevelCrossTest2.xml
1 ms. Memory: 438272K Free: 230679K (53%)
----------------- Invoking toplevel() on ptolemy.moml.MoMLSimpleApplication@e35858d
----------------- Done invoking toplevel() on ptolemy.moml.MoMLSimpleApplication@e35858d
reloadAllAccessors: .broken

===========================================================================================
----------------- testing Sat Jan 04 22:18:26 UTC 2020 /home/travis/build/icyphy/ptII/ptolemy/actor/lib/test/auto/LevelCrossTest3.xml
----------------- Instantiating /home/travis/build/icyphy/ptII/ptolemy/actor/lib/test/auto/LevelCrossTest3.xml
1 ms. Memory: 438272K Free: 224535K (51%)
----------------- Invoking toplevel() on ptolemy.moml.MoMLSimpleApplication@2c5cc12c
----------------- Done invoking toplevel() on ptolemy.moml.MoMLSimpleApplication@2c5cc12c
reloadAllAccessors: .LevelCrossTest3

===========================================================================================
----------------- testing Sat Jan 04 22:18:26 UTC 2020 /home/travis/build/icyphy/ptII/ptolemy/actor/lib/test/auto/LevelCrossTest4.xml
----------------- Instantiating /home/travis/build/icyphy/ptII/ptolemy/actor/lib/test/auto/LevelCrossTest4.xml
8 ms. Memory: 438272K Free: 218901K (50%)
----------------- Invoking toplevel() on ptolemy.moml.MoMLSimpleApplication@3fbc3d53
----------------- Done invoking toplevel() on ptolemy.moml.MoMLSimpleApplication@3fbc3d53
reloadAllAccessors: .broken

===========================================================================================
----------------- testing Sat Jan 04 22:18:26 UTC 2020 /home/travis/build/icyphy/ptII/ptolemy/actor/lib/test/auto/LevelCrossTest5.xml
----------------- Instantiating /home/travis/build/icyphy/ptII/ptolemy/actor/lib/test/auto/LevelCrossTest5.xml
2 ms. Memory: 438272K Free: 212757K (49%)
----------------- Invoking toplevel() on ptolemy.moml.MoMLSimpleApplication@332bf8aa
----------------- Done invoking toplevel() on ptolemy.moml.MoMLSimpleApplication@332bf8aa
reloadAllAccessors: .LevelCrossTest5

===========================================================================================
----------------- testing Sat Jan 04 22:18:26 UTC 2020 /home/travis/build/icyphy/ptII/ptolemy/actor/lib/test/auto/LevelCrossTest6.xml
----------------- Instantiating /home/travis/build/icyphy/ptII/ptolemy/actor/lib/test/auto/LevelCrossTest6.xml
1 ms. Memory: 438272K Free: 206613K (47%)
----------------- Invoking toplevel() on ptolemy.moml.MoMLSimpleApplication@5be9303d
----------------- Done invoking toplevel() on ptolemy.moml.MoMLSimpleApplication@5be9303d
reloadAllAccessors: .LevelCrossTest6

===========================================================================================
----------------- testing Sat Jan 04 22:18:26 UTC 2020 /home/travis/build/icyphy/ptII/ptolemy/actor/lib/test/auto/LevelCrossTest7.xml
----------------- Instantiating /home/travis/build/icyphy/ptII/ptolemy/actor/lib/test/auto/LevelCrossTest7.xml
1 ms. Memory: 438272K Free: 199445K (46%)
----------------- Invoking toplevel() on ptolemy.moml.MoMLSimpleApplication@1970faf5
----------------- Done invoking toplevel() on ptolemy.moml.MoMLSimpleApplication@1970faf5
reloadAllAccessors: .LevelCrossTest7

===========================================================================================
----------------- testing Sat Jan 04 22:18:26 UTC 2020 /home/travis/build/icyphy/ptII/ptolemy/actor/lib/test/auto/LevelCrossTest8.xml
----------------- Instantiating /home/travis/build/icyphy/ptII/ptolemy/actor/lib/test/auto/LevelCrossTest8.xml
1 ms. Memory: 438272K Free: 192277K (44%)
----------------- Invoking toplevel() on ptolemy.moml.MoMLSimpleApplication@5f5877f1
----------------- Done invoking toplevel() on ptolemy.moml.MoMLSimpleApplication@5f5877f1
reloadAllAccessors: .LevelCrossTest8

===========================================================================================
----------------- testing Sat Jan 04 22:18:26 UTC 2020 /home/travis/build/icyphy/ptII/ptolemy/actor/lib/test/auto/LevelCrossTest9.xml
----------------- Instantiating /home/travis/build/icyphy/ptII/ptolemy/actor/lib/test/auto/LevelCrossTest9.xml
9 ms. Memory: 438272K Free: 185623K (42%)
----------------- Invoking toplevel() on ptolemy.moml.MoMLSimpleApplication@19db5e39
----------------- Done invoking toplevel() on ptolemy.moml.MoMLSimpleApplication@19db5e39
reloadAllAccessors: .LevelCrossTest9

===========================================================================================
----------------- testing Sat Jan 04 22:18:26 UTC 2020 /home/travis/build/icyphy/ptII/ptolemy/actor/lib/test/auto/LevinsonDurbin.xml
----------------- Instantiating /home/travis/build/icyphy/ptII/ptolemy/actor/lib/test/auto/LevinsonDurbin.xml
1 ms. Memory: 438272K Free: 182037K (42%)
----------------- Invoking toplevel() on ptolemy.moml.MoMLSimpleApplication@725fa4de
----------------- Done invoking toplevel() on ptolemy.moml.MoMLSimpleApplication@725fa4de
reloadAllAccessors: .LevinsonDurbin

===========================================================================================
----------------- testing Sat Jan 04 22:18:26 UTC 2020 /home/travis/build/icyphy/ptII/ptolemy/actor/lib/test/auto/LevinsonDurbin2.xml
----------------- Instantiating /home/travis/build/icyphy/ptII/ptolemy/actor/lib/test/auto/LevinsonDurbin2.xml
1 ms. Memory: 438272K Free: 177941K (41%)
----------------- Invoking toplevel() on ptolemy.moml.MoMLSimpleApplication@19243a82
----------------- Done invoking toplevel() on ptolemy.moml.MoMLSimpleApplication@19243a82
reloadAllAccessors: .LevinsonDurbin2

===========================================================================================
----------------- testing Sat Jan 04 22:18:26 UTC 2020 /home/travis/build/icyphy/ptII/ptolemy/actor/lib/test/auto/LevinsonDurbin3.xml
----------------- Instantiating /home/travis/build/icyphy/ptII/ptolemy/actor/lib/test/auto/LevinsonDurbin3.xml
1 ms. Memory: 438272K Free: 173845K (40%)
----------------- Invoking toplevel() on ptolemy.moml.MoMLSimpleApplication@574f637f
----------------- Done invoking toplevel() on ptolemy.moml.MoMLSimpleApplication@574f637f
reloadAllAccessors: .LevinsonDurbin3

===========================================================================================
----------------- testing Sat Jan 04 22:18:26 UTC 2020 /home/travis/build/icyphy/ptII/ptolemy/actor/lib/test/auto/Limiter.xml
----------------- Instantiating /home/travis/build/icyphy/ptII/ptolemy/actor/lib/test/auto/Limiter.xml
4 ms. Memory: 438272K Free: 165143K (38%)
----------------- Invoking toplevel() on ptolemy.moml.MoMLSimpleApplication@41b3ee60
----------------- Done invoking toplevel() on ptolemy.moml.MoMLSimpleApplication@41b3ee60
reloadAllAccessors: .Limiter

===========================================================================================
----------------- testing Sat Jan 04 22:18:26 UTC 2020 /home/travis/build/icyphy/ptII/ptolemy/actor/lib/test/auto/LinearDifferenceEquationSystem.xml
----------------- Instantiating /home/travis/build/icyphy/ptII/ptolemy/actor/lib/test/auto/LinearDifferenceEquationSystem.xml
3 ms. Memory: 438272K Free: 157975K (36%)
----------------- Invoking toplevel() on ptolemy.moml.MoMLSimpleApplication@5f21ee73
----------------- Done invoking toplevel() on ptolemy.moml.MoMLSimpleApplication@5f21ee73
reloadAllAccessors: .LinearDifferenceEquationSystem

===========================================================================================
----------------- testing Sat Jan 04 22:18:26 UTC 2020 /home/travis/build/icyphy/ptII/ptolemy/actor/lib/test/auto/LookupTable.xml
----------------- Instantiating /home/travis/build/icyphy/ptII/ptolemy/actor/lib/test/auto/LookupTable.xml
1 ms. Memory: 438272K Free: 153365K (35%)
----------------- Invoking toplevel() on ptolemy.moml.MoMLSimpleApplication@7153af3
----------------- Done invoking toplevel() on ptolemy.moml.MoMLSimpleApplication@7153af3
reloadAllAccessors: .LookupTable

===========================================================================================
----------------- testing Sat Jan 04 22:18:26 UTC 2020 /home/travis/build/icyphy/ptII/ptolemy/actor/lib/test/auto/MathFunction.xml
----------------- Instantiating /home/travis/build/icyphy/ptII/ptolemy/actor/lib/test/auto/MathFunction.xml
4 ms. Memory: 438272K Free: 145173K (33%)
----------------- Invoking toplevel() on ptolemy.moml.MoMLSimpleApplication@64f8451f
----------------- Done invoking toplevel() on ptolemy.moml.MoMLSimpleApplication@64f8451f
reloadAllAccessors: .MathFunction

===========================================================================================
----------------- testing Sat Jan 04 22:18:26 UTC 2020 /home/travis/build/icyphy/ptII/ptolemy/actor/lib/test/auto/MathFunction2.xml
----------------- Instantiating /home/travis/build/icyphy/ptII/ptolemy/actor/lib/test/auto/MathFunction2.xml
3 ms. Memory: 438272K Free: 141591K (32%)
----------------- Invoking toplevel() on ptolemy.moml.MoMLSimpleApplication@501d1f49
----------------- Done invoking toplevel() on ptolemy.moml.MoMLSimpleApplication@501d1f49
reloadAllAccessors: .MathFunction2

===========================================================================================
----------------- testing Sat Jan 04 22:18:26 UTC 2020 /home/travis/build/icyphy/ptII/ptolemy/actor/lib/test/auto/MathFunction3.xml
----------------- Instantiating /home/travis/build/icyphy/ptII/ptolemy/actor/lib/test/auto/MathFunction3.xml
2 ms. Memory: 438272K Free: 134423K (31%)
----------------- Invoking toplevel() on ptolemy.moml.MoMLSimpleApplication@143b82e7
----------------- Done invoking toplevel() on ptolemy.moml.MoMLSimpleApplication@143b82e7
reloadAllAccessors: .MathFunction3

===========================================================================================
----------------- testing Sat Jan 04 22:18:26 UTC 2020 /home/travis/build/icyphy/ptII/ptolemy/actor/lib/test/auto/MatrixCropBoolean.xml
----------------- Instantiating /home/travis/build/icyphy/ptII/ptolemy/actor/lib/test/auto/MatrixCropBoolean.xml
2 ms. Memory: 438272K Free: 386924K (88%)
----------------- Invoking toplevel() on ptolemy.moml.MoMLSimpleApplication@531c1129
----------------- Done invoking toplevel() on ptolemy.moml.MoMLSimpleApplication@531c1129
reloadAllAccessors: .MatrixCropBoolean

===========================================================================================
----------------- testing Sat Jan 04 22:18:26 UTC 2020 /home/travis/build/icyphy/ptII/ptolemy/actor/lib/test/auto/MatrixCropComplex.xml
----------------- Instantiating /home/travis/build/icyphy/ptII/ptolemy/actor/lib/test/auto/MatrixCropComplex.xml
1 ms. Memory: 438272K Free: 381788K (87%)
----------------- Invoking toplevel() on ptolemy.moml.MoMLSimpleApplication@471afd05
----------------- Done invoking toplevel() on ptolemy.moml.MoMLSimpleApplication@471afd05
reloadAllAccessors: .MatrixCropComplex

===========================================================================================
----------------- testing Sat Jan 04 22:18:27 UTC 2020 /home/travis/build/icyphy/ptII/ptolemy/actor/lib/test/auto/MatrixCropDouble.xml
----------------- Instantiating /home/travis/build/icyphy/ptII/ptolemy/actor/lib/test/auto/MatrixCropDouble.xml
2 ms. Memory: 438272K Free: 376684K (86%)
----------------- Invoking toplevel() on ptolemy.moml.MoMLSimpleApplication@57444ebb
----------------- Done invoking toplevel() on ptolemy.moml.MoMLSimpleApplication@57444ebb
reloadAllAccessors: .MatrixCropDouble

===========================================================================================
----------------- testing Sat Jan 04 22:18:27 UTC 2020 /home/travis/build/icyphy/ptII/ptolemy/actor/lib/test/auto/MatrixCropFix.xml
----------------- Instantiating /home/travis/build/icyphy/ptII/ptolemy/actor/lib/test/auto/MatrixCropFix.xml
1 ms. Memory: 438272K Free: 371548K (85%)
----------------- Invoking toplevel() on ptolemy.moml.MoMLSimpleApplication@7bb58f68
----------------- Done invoking toplevel() on ptolemy.moml.MoMLSimpleApplication@7bb58f68
reloadAllAccessors: .MatrixCropFix

===========================================================================================
----------------- testing Sat Jan 04 22:18:27 UTC 2020 /home/travis/build/icyphy/ptII/ptolemy/actor/lib/test/auto/MatrixCropInt.xml
----------------- Instantiating /home/travis/build/icyphy/ptII/ptolemy/actor/lib/test/auto/MatrixCropInt.xml
2 ms. Memory: 438272K Free: 366444K (84%)
----------------- Invoking toplevel() on ptolemy.moml.MoMLSimpleApplication@2df8b0b3
----------------- Done invoking toplevel() on ptolemy.moml.MoMLSimpleApplication@2df8b0b3
reloadAllAccessors: .MatrixCropInt

===========================================================================================
----------------- testing Sat Jan 04 22:18:27 UTC 2020 /home/travis/build/icyphy/ptII/ptolemy/actor/lib/test/auto/MatrixCropLong.xml
----------------- Instantiating /home/travis/build/icyphy/ptII/ptolemy/actor/lib/test/auto/MatrixCropLong.xml
2 ms. Memory: 438272K Free: 361852K (83%)
----------------- Invoking toplevel() on ptolemy.moml.MoMLSimpleApplication@4216b745
----------------- Done invoking toplevel() on ptolemy.moml.MoMLSimpleApplication@4216b745
reloadAllAccessors: .MatrixCropLong

===========================================================================================
----------------- testing Sat Jan 04 22:18:27 UTC 2020 /home/travis/build/icyphy/ptII/ptolemy/actor/lib/test/auto/MatrixToArray.xml
----------------- Instantiating /home/travis/build/icyphy/ptII/ptolemy/actor/lib/test/auto/MatrixToArray.xml
6 ms. Memory: 438272K Free: 346492K (79%)
----------------- Invoking toplevel() on ptolemy.moml.MoMLSimpleApplication@36f17724
----------------- Done invoking toplevel() on ptolemy.moml.MoMLSimpleApplication@36f17724
reloadAllAccessors: .MatrixToArray

===========================================================================================
----------------- testing Sat Jan 04 22:18:27 UTC 2020 /home/travis/build/icyphy/ptII/ptolemy/actor/lib/test/auto/MaxIndex.xml
----------------- Instantiating /home/travis/build/icyphy/ptII/ptolemy/actor/lib/test/auto/MaxIndex.xml
2 ms. Memory: 438272K Free: 341372K (78%)
----------------- Invoking toplevel() on ptolemy.moml.MoMLSimpleApplication@7083721
----------------- Done invoking toplevel() on ptolemy.moml.MoMLSimpleApplication@7083721
reloadAllAccessors: .MaxIndex

===========================================================================================
----------------- testing Sat Jan 04 22:18:27 UTC 2020 /home/travis/build/icyphy/ptII/ptolemy/actor/lib/test/auto/Maximum.xml
----------------- Instantiating /home/travis/build/icyphy/ptII/ptolemy/actor/lib/test/auto/Maximum.xml
2 ms. Memory: 438272K Free: 334684K (76%)
----------------- Invoking toplevel() on ptolemy.moml.MoMLSimpleApplication@6bee6353
----------------- Done invoking toplevel() on ptolemy.moml.MoMLSimpleApplication@6bee6353
reloadAllAccessors: .Maximum

===========================================================================================
----------------- testing Sat Jan 04 22:18:27 UTC 2020 /home/travis/build/icyphy/ptII/ptolemy/actor/lib/test/auto/MaximumComplex.xml
----------------- Instantiating /home/travis/build/icyphy/ptII/ptolemy/actor/lib/test/auto/MaximumComplex.xml
2 ms. Memory: 438272K Free: 329084K (75%)
----------------- Invoking toplevel() on ptolemy.moml.MoMLSimpleApplication@2d3e13da
----------------- Done invoking toplevel() on ptolemy.moml.MoMLSimpleApplication@2d3e13da
reloadAllAccessors: .MaximumComplex

===========================================================================================
----------------- testing Sat Jan 04 22:18:27 UTC 2020 /home/travis/build/icyphy/ptII/ptolemy/actor/lib/test/auto/MethodCallTest.xml
----------------- Instantiating /home/travis/build/icyphy/ptII/ptolemy/actor/lib/test/auto/MethodCallTest.xml
3 ms. Memory: 438272K Free: 322426K (74%)
----------------- Invoking toplevel() on ptolemy.moml.MoMLSimpleApplication@39c54268
----------------- Done invoking toplevel() on ptolemy.moml.MoMLSimpleApplication@39c54268
reloadAllAccessors: .MethodCallTest

===========================================================================================
----------------- testing Sat Jan 04 22:18:27 UTC 2020 /home/travis/build/icyphy/ptII/ptolemy/actor/lib/test/auto/Minimum.xml
----------------- Instantiating /home/travis/build/icyphy/ptII/ptolemy/actor/lib/test/auto/Minimum.xml
2 ms. Memory: 438272K Free: 316282K (72%)
----------------- Invoking toplevel() on ptolemy.moml.MoMLSimpleApplication@28a82bda
----------------- Done invoking toplevel() on ptolemy.moml.MoMLSimpleApplication@28a82bda
reloadAllAccessors: .Minimum

===========================================================================================
----------------- testing Sat Jan 04 22:18:27 UTC 2020 /home/travis/build/icyphy/ptII/ptolemy/actor/lib/test/auto/MinimumComplex.xml
----------------- Instantiating /home/travis/build/icyphy/ptII/ptolemy/actor/lib/test/auto/MinimumComplex.xml
3 ms. Memory: 438272K Free: 310108K (71%)
----------------- Invoking toplevel() on ptolemy.moml.MoMLSimpleApplication@29508e9c
----------------- Done invoking toplevel() on ptolemy.moml.MoMLSimpleApplication@29508e9c
reloadAllAccessors: .MinimumComplex

===========================================================================================
----------------- testing Sat Jan 04 22:18:27 UTC 2020 /home/travis/build/icyphy/ptII/ptolemy/actor/lib/test/auto/MinimumMultiports.xml
----------------- Instantiating /home/travis/build/icyphy/ptII/ptolemy/actor/lib/test/auto/MinimumMultiports.xml
3 ms. Memory: 438272K Free: 301946K (69%)
----------------- Invoking toplevel() on ptolemy.moml.MoMLSimpleApplication@3e927898
----------------- Done invoking toplevel() on ptolemy.moml.MoMLSimpleApplication@3e927898
reloadAllAccessors: .MinimumMultiports

===========================================================================================
----------------- testing Sat Jan 04 22:18:27 UTC 2020 /home/travis/build/icyphy/ptII/ptolemy/actor/lib/test/auto/ModifyDate.xml
----------------- Instantiating /home/travis/build/icyphy/ptII/ptolemy/actor/lib/test/auto/ModifyDate.xml
8 ms. Memory: 438272K Free: 288634K (66%)
----------------- Invoking toplevel() on ptolemy.moml.MoMLSimpleApplication@57815043
----------------- Done invoking toplevel() on ptolemy.moml.MoMLSimpleApplication@57815043
reloadAllAccessors: .ModifyDate

===========================================================================================
----------------- testing Sat Jan 04 22:18:27 UTC 2020 /home/travis/build/icyphy/ptII/ptolemy/actor/lib/test/auto/ModifyDate2.xml
----------------- Instantiating /home/travis/build/icyphy/ptII/ptolemy/actor/lib/test/auto/ModifyDate2.xml
3 ms. Memory: 438272K Free: 279932K (64%)
----------------- Invoking toplevel() on ptolemy.moml.MoMLSimpleApplication@bdf076b
----------------- Done invoking toplevel() on ptolemy.moml.MoMLSimpleApplication@bdf076b
reloadAllAccessors: .ModifyDate2

===========================================================================================
----------------- testing Sat Jan 04 22:18:27 UTC 2020 /home/travis/build/icyphy/ptII/ptolemy/actor/lib/test/auto/MovingAverage.xml
----------------- Instantiating /home/travis/build/icyphy/ptII/ptolemy/actor/lib/test/auto/MovingAverage.xml
2 ms. Memory: 438272K Free: 274812K (63%)
----------------- Invoking toplevel() on ptolemy.moml.MoMLSimpleApplication@2342af47
----------------- Done invoking toplevel() on ptolemy.moml.MoMLSimpleApplication@2342af47
reloadAllAccessors: .MovingAverage

===========================================================================================
----------------- testing Sat Jan 04 22:18:27 UTC 2020 /home/travis/build/icyphy/ptII/ptolemy/actor/lib/test/auto/MovingMaximum.xml
----------------- Instantiating /home/travis/build/icyphy/ptII/ptolemy/actor/lib/test/auto/MovingMaximum.xml
1 ms. Memory: 438272K Free: 270202K (62%)
----------------- Invoking toplevel() on ptolemy.moml.MoMLSimpleApplication@5adaf2f8
----------------- Done invoking toplevel() on ptolemy.moml.MoMLSimpleApplication@5adaf2f8
reloadAllAccessors: .MovingMaximum

===========================================================================================
----------------- testing Sat Jan 04 22:18:27 UTC 2020 /home/travis/build/icyphy/ptII/ptolemy/actor/lib/test/auto/MultipleLinksToSameRelation.xml
----------------- Instantiating /home/travis/build/icyphy/ptII/ptolemy/actor/lib/test/auto/MultipleLinksToSameRelation.xml
4 ms. Memory: 438272K Free: 266620K (61%)
----------------- Invoking toplevel() on ptolemy.moml.MoMLSimpleApplication@31d43592
----------------- Done invoking toplevel() on ptolemy.moml.MoMLSimpleApplication@31d43592
reloadAllAccessors: .MultipleLinksToSameRelation

===========================================================================================
----------------- testing Sat Jan 04 22:18:27 UTC 2020 /home/travis/build/icyphy/ptII/ptolemy/actor/lib/test/auto/MultipleLinksToSameRelationDE.xml
----------------- Instantiating /home/travis/build/icyphy/ptII/ptolemy/actor/lib/test/auto/MultipleLinksToSameRelationDE.xml
9 ms. Memory: 438272K Free: 261980K (60%)
----------------- Invoking toplevel() on ptolemy.moml.MoMLSimpleApplication@706e433f
----------------- Done invoking toplevel() on ptolemy.moml.MoMLSimpleApplication@706e433f
reloadAllAccessors: .MultipleLinksToSameRelationDE

===========================================================================================
----------------- testing Sat Jan 04 22:18:27 UTC 2020 /home/travis/build/icyphy/ptII/ptolemy/actor/lib/test/auto/Multiplexor.xml
----------------- Instantiating /home/travis/build/icyphy/ptII/ptolemy/actor/lib/test/auto/Multiplexor.xml
1 ms. Memory: 438272K Free: 256380K (58%)
----------------- Invoking toplevel() on ptolemy.moml.MoMLSimpleApplication@2d2bc29f
----------------- Done invoking toplevel() on ptolemy.moml.MoMLSimpleApplication@2d2bc29f
reloadAllAccessors: .Multiplexor

===========================================================================================
----------------- testing Sat Jan 04 22:18:27 UTC 2020 /home/travis/build/icyphy/ptII/ptolemy/actor/lib/test/auto/Multiplexor1.xml
----------------- Instantiating /home/travis/build/icyphy/ptII/ptolemy/actor/lib/test/auto/Multiplexor1.xml
2 ms. Memory: 438272K Free: 250716K (57%)
----------------- Invoking toplevel() on ptolemy.moml.MoMLSimpleApplication@68bb0aaa
----------------- Done invoking toplevel() on ptolemy.moml.MoMLSimpleApplication@68bb0aaa
reloadAllAccessors: .Multiplexor1

===========================================================================================
----------------- testing Sat Jan 04 22:18:27 UTC 2020 /home/travis/build/icyphy/ptII/ptolemy/actor/lib/test/auto/Multiplexor2.xml
----------------- Instantiating /home/travis/build/icyphy/ptII/ptolemy/actor/lib/test/auto/Multiplexor2.xml
3 ms. Memory: 438272K Free: 244092K (56%)
----------------- Invoking toplevel() on ptolemy.moml.MoMLSimpleApplication@15822c7a
----------------- Done invoking toplevel() on ptolemy.moml.MoMLSimpleApplication@15822c7a
reloadAllAccessors: .Multiplexor2

===========================================================================================
----------------- testing Sat Jan 04 22:18:27 UTC 2020 /home/travis/build/icyphy/ptII/ptolemy/actor/lib/test/auto/Multiplexor3.xml
----------------- Instantiating /home/travis/build/icyphy/ptII/ptolemy/actor/lib/test/auto/Multiplexor3.xml
2 ms. Memory: 438272K Free: 240506K (55%)
----------------- Invoking toplevel() on ptolemy.moml.MoMLSimpleApplication@ebada99
----------------- Done invoking toplevel() on ptolemy.moml.MoMLSimpleApplication@ebada99
reloadAllAccessors: .Multiplexor3

===========================================================================================
----------------- testing Sat Jan 04 22:18:27 UTC 2020 /home/travis/build/icyphy/ptII/ptolemy/actor/lib/test/auto/MultiplexorDE.xml
----------------- Instantiating /home/travis/build/icyphy/ptII/ptolemy/actor/lib/test/auto/MultiplexorDE.xml
2 ms. Memory: 438272K Free: 232828K (53%)
----------------- Invoking toplevel() on ptolemy.moml.MoMLSimpleApplication@53de5e8f
----------------- Done invoking toplevel() on ptolemy.moml.MoMLSimpleApplication@53de5e8f
reloadAllAccessors: .MultiplexorDE

===========================================================================================
----------------- testing Sat Jan 04 22:18:27 UTC 2020 /home/travis/build/icyphy/ptII/ptolemy/actor/lib/test/auto/MultiportBroadcastTest.xml
----------------- Instantiating /home/travis/build/icyphy/ptII/ptolemy/actor/lib/test/auto/MultiportBroadcastTest.xml
85 ms. Memory: 438272K Free: 226684K (52%)
----------------- Invoking toplevel() on ptolemy.moml.MoMLSimpleApplication@5e6327a8
----------------- Done invoking toplevel() on ptolemy.moml.MoMLSimpleApplication@5e6327a8
reloadAllAccessors: .MultiportBroadcastTest

===========================================================================================
----------------- testing Sat Jan 04 22:18:27 UTC 2020 /home/travis/build/icyphy/ptII/ptolemy/actor/lib/test/auto/MultiportOutHangDuringGetWidth.xml
----------------- Instantiating /home/travis/build/icyphy/ptII/ptolemy/actor/lib/test/auto/MultiportOutHangDuringGetWidth.xml
5 ms. Memory: 438272K Free: 214396K (49%)
----------------- Invoking toplevel() on ptolemy.moml.MoMLSimpleApplication@7978885d
----------------- Done invoking toplevel() on ptolemy.moml.MoMLSimpleApplication@7978885d
reloadAllAccessors: .MultiportOutHangDuringGetWidth

===========================================================================================
----------------- testing Sat Jan 04 22:18:27 UTC 2020 /home/travis/build/icyphy/ptII/ptolemy/actor/lib/test/auto/NilToken.xml
----------------- Instantiating /home/travis/build/icyphy/ptII/ptolemy/actor/lib/test/auto/NilToken.xml
1 ms. Memory: 438272K Free: 210300K (48%)
----------------- Invoking toplevel() on ptolemy.moml.MoMLSimpleApplication@434122cc
----------------- Done invoking toplevel() on ptolemy.moml.MoMLSimpleApplication@434122cc
reloadAllAccessors: .NilToken

===========================================================================================
----------------- testing Sat Jan 04 22:18:27 UTC 2020 /home/travis/build/icyphy/ptII/ptolemy/actor/lib/test/auto/NilTokenNonStrictTest.xml
----------------- Instantiating /home/travis/build/icyphy/ptII/ptolemy/actor/lib/test/auto/NilTokenNonStrictTest.xml
1 ms. Memory: 438272K Free: 205690K (47%)
----------------- Invoking toplevel() on ptolemy.moml.MoMLSimpleApplication@10da14e0
----------------- Done invoking toplevel() on ptolemy.moml.MoMLSimpleApplication@10da14e0
reloadAllAccessors: .NilTokenNonStrictTest

===========================================================================================
----------------- testing Sat Jan 04 22:18:27 UTC 2020 /home/travis/build/icyphy/ptII/ptolemy/actor/lib/test/auto/NilTokenRecord.xml
----------------- Instantiating /home/travis/build/icyphy/ptII/ptolemy/actor/lib/test/auto/NilTokenRecord.xml
10 ms. Memory: 438272K Free: 199036K (45%)
----------------- Invoking toplevel() on ptolemy.moml.MoMLSimpleApplication@71e22e5b
----------------- Done invoking toplevel() on ptolemy.moml.MoMLSimpleApplication@71e22e5b
reloadAllAccessors: .NilTokenRecord

===========================================================================================
----------------- testing Sat Jan 04 22:18:27 UTC 2020 /home/travis/build/icyphy/ptII/ptolemy/actor/lib/test/auto/NilTokenTypeTest.xml
----------------- Instantiating /home/travis/build/icyphy/ptII/ptolemy/actor/lib/test/auto/NilTokenTypeTest.xml
6 ms. Memory: 438272K Free: 189306K (43%)
----------------- Invoking toplevel() on ptolemy.moml.MoMLSimpleApplication@4382ede7
----------------- Done invoking toplevel() on ptolemy.moml.MoMLSimpleApplication@4382ede7
reloadAllAccessors: .NilTokenTypeTest

===========================================================================================
----------------- testing Sat Jan 04 22:18:27 UTC 2020 /home/travis/build/icyphy/ptII/ptolemy/actor/lib/test/auto/ObjectToken1.xml
----------------- Instantiating /home/travis/build/icyphy/ptII/ptolemy/actor/lib/test/auto/ObjectToken1.xml
2 ms. Memory: 438272K Free: 185210K (42%)
----------------- Invoking toplevel() on ptolemy.moml.MoMLSimpleApplication@4242879f
----------------- Done invoking toplevel() on ptolemy.moml.MoMLSimpleApplication@4242879f
reloadAllAccessors: .ObjectToken1

===========================================================================================
----------------- testing Sat Jan 04 22:18:27 UTC 2020 /home/travis/build/icyphy/ptII/ptolemy/actor/lib/test/auto/OrderedMerge.xml
----------------- Instantiating /home/travis/build/icyphy/ptII/ptolemy/actor/lib/test/auto/OrderedMerge.xml
9 ms. Memory: 438272K Free: 179580K (41%)
----------------- Invoking toplevel() on ptolemy.moml.MoMLSimpleApplication@75b2d1df
----------------- Done invoking toplevel() on ptolemy.moml.MoMLSimpleApplication@75b2d1df
reloadAllAccessors: .OrderedMerge

===========================================================================================
----------------- testing Sat Jan 04 22:18:27 UTC 2020 /home/travis/build/icyphy/ptII/ptolemy/actor/lib/test/auto/OrderedRecordDisassembler.xml
----------------- Instantiating /home/travis/build/icyphy/ptII/ptolemy/actor/lib/test/auto/OrderedRecordDisassembler.xml
9 ms. Memory: 438272K Free: 174460K (40%)
----------------- Invoking toplevel() on ptolemy.moml.MoMLSimpleApplication@43e924d8
----------------- Done invoking toplevel() on ptolemy.moml.MoMLSimpleApplication@43e924d8
reloadAllAccessors: .OrderedRecordDisassembler

===========================================================================================
----------------- testing Sat Jan 04 22:18:27 UTC 2020 /home/travis/build/icyphy/ptII/ptolemy/actor/lib/test/auto/OrderedRecordDisassembler2.xml
----------------- Instantiating /home/travis/build/icyphy/ptII/ptolemy/actor/lib/test/auto/OrderedRecordDisassembler2.xml
3 ms. Memory: 438272K Free: 167292K (38%)
----------------- Invoking toplevel() on ptolemy.moml.MoMLSimpleApplication@11ed522c
----------------- Done invoking toplevel() on ptolemy.moml.MoMLSimpleApplication@11ed522c
reloadAllAccessors: .OrderedRecordDisassembler2

===========================================================================================
----------------- testing Sat Jan 04 22:18:27 UTC 2020 /home/travis/build/icyphy/ptII/ptolemy/actor/lib/test/auto/OrderedRecordUpdater.xml
----------------- Instantiating /home/travis/build/icyphy/ptII/ptolemy/actor/lib/test/auto/OrderedRecordUpdater.xml
2 ms. Memory: 438272K Free: 162172K (37%)
----------------- Invoking toplevel() on ptolemy.moml.MoMLSimpleApplication@4df7a634
----------------- Done invoking toplevel() on ptolemy.moml.MoMLSimpleApplication@4df7a634
reloadAllAccessors: .RecordUpdater

===========================================================================================
----------------- testing Sat Jan 04 22:18:27 UTC 2020 /home/travis/build/icyphy/ptII/ptolemy/actor/lib/test/auto/OrderedRecordUpdater2.xml
----------------- Instantiating /home/travis/build/icyphy/ptII/ptolemy/actor/lib/test/auto/OrderedRecordUpdater2.xml
3 ms. Memory: 438272K Free: 157562K (36%)
----------------- Invoking toplevel() on ptolemy.moml.MoMLSimpleApplication@72c4e615
----------------- Done invoking toplevel() on ptolemy.moml.MoMLSimpleApplication@72c4e615
reloadAllAccessors: .RecordUpdater2

===========================================================================================
----------------- testing Sat Jan 04 22:18:27 UTC 2020 /home/travis/build/icyphy/ptII/ptolemy/actor/lib/test/auto/PhaseUnwrap.xml
----------------- Instantiating /home/travis/build/icyphy/ptII/ptolemy/actor/lib/test/auto/PhaseUnwrap.xml
1 ms. Memory: 438272K Free: 152956K (35%)
----------------- Invoking toplevel() on ptolemy.moml.MoMLSimpleApplication@3bb9a947
----------------- Done invoking toplevel() on ptolemy.moml.MoMLSimpleApplication@3bb9a947
reloadAllAccessors: .PhaseUnwrap

===========================================================================================
----------------- testing Sat Jan 04 22:18:27 UTC 2020 /home/travis/build/icyphy/ptII/ptolemy/actor/lib/test/auto/PoissonClock.xml
----------------- Instantiating /home/travis/build/icyphy/ptII/ptolemy/actor/lib/test/auto/PoissonClock.xml
1 ms. Memory: 438272K Free: 148860K (34%)
----------------- Invoking toplevel() on ptolemy.moml.MoMLSimpleApplication@367cf2ea
----------------- Done invoking toplevel() on ptolemy.moml.MoMLSimpleApplication@367cf2ea
reloadAllAccessors: .PoissonClock

===========================================================================================
----------------- testing Sat Jan 04 22:18:27 UTC 2020 /home/travis/build/icyphy/ptII/ptolemy/actor/lib/test/auto/PoissonClock2.xml
----------------- Instantiating /home/travis/build/icyphy/ptII/ptolemy/actor/lib/test/auto/PoissonClock2.xml
1 ms. Memory: 438272K Free: 144764K (33%)
----------------- Invoking toplevel() on ptolemy.moml.MoMLSimpleApplication@45b1560f
----------------- Done invoking toplevel() on ptolemy.moml.MoMLSimpleApplication@45b1560f
reloadAllAccessors: .PoissonClock2

===========================================================================================
----------------- testing Sat Jan 04 22:18:27 UTC 2020 /home/travis/build/icyphy/ptII/ptolemy/actor/lib/test/auto/PoissonClock3.xml
----------------- Instantiating /home/travis/build/icyphy/ptII/ptolemy/actor/lib/test/auto/PoissonClock3.xml
1 ms. Memory: 438272K Free: 140154K (32%)
----------------- Invoking toplevel() on ptolemy.moml.MoMLSimpleApplication@2d2b43bd
----------------- Done invoking toplevel() on ptolemy.moml.MoMLSimpleApplication@2d2b43bd
reloadAllAccessors: .PoissonClock3

===========================================================================================
----------------- testing Sat Jan 04 22:18:27 UTC 2020 /home/travis/build/icyphy/ptII/ptolemy/actor/lib/test/auto/PubSubWithInitialTokens.xml
----------------- Instantiating /home/travis/build/icyphy/ptII/ptolemy/actor/lib/test/auto/PubSubWithInitialTokens.xml
4 ms. Memory: 438272K Free: 134524K (31%)
----------------- Invoking toplevel() on ptolemy.moml.MoMLSimpleApplication@621447ac
----------------- Done invoking toplevel() on ptolemy.moml.MoMLSimpleApplication@621447ac
reloadAllAccessors: .PubSubWithInitialTokens

===========================================================================================
----------------- testing Sat Jan 04 22:18:27 UTC 2020 /home/travis/build/icyphy/ptII/ptolemy/actor/lib/test/auto/PubSubWithInitialTokens2.xml
----------------- Instantiating /home/travis/build/icyphy/ptII/ptolemy/actor/lib/test/auto/PubSubWithInitialTokens2.xml
2 ms. Memory: 438272K Free: 385526K (88%)
----------------- Invoking toplevel() on ptolemy.moml.MoMLSimpleApplication@4915c1ef
----------------- Done invoking toplevel() on ptolemy.moml.MoMLSimpleApplication@4915c1ef
reloadAllAccessors: .PubSubWithInitialTokens2

===========================================================================================
----------------- testing Sat Jan 04 22:18:27 UTC 2020 /home/travis/build/icyphy/ptII/ptolemy/actor/lib/test/auto/PublisherClassNoParameter.xml
----------------- Instantiating /home/travis/build/icyphy/ptII/ptolemy/actor/lib/test/auto/PublisherClassNoParameter.xml
2 ms. Memory: 438272K Free: 375814K (86%)
----------------- Invoking toplevel() on ptolemy.moml.MoMLSimpleApplication@4e0fe562
----------------- Done invoking toplevel() on ptolemy.moml.MoMLSimpleApplication@4e0fe562
reloadAllAccessors: .PublisherClassNoParameter

===========================================================================================
----------------- testing Sat Jan 04 22:18:27 UTC 2020 /home/travis/build/icyphy/ptII/ptolemy/actor/lib/test/auto/PublisherClassParameter.xml
----------------- Instantiating /home/travis/build/icyphy/ptII/ptolemy/actor/lib/test/auto/PublisherClassParameter.xml
2 ms. Memory: 438272K Free: 365574K (83%)
----------------- Invoking toplevel() on ptolemy.moml.MoMLSimpleApplication@16c04ce4
----------------- Done invoking toplevel() on ptolemy.moml.MoMLSimpleApplication@16c04ce4
reloadAllAccessors: .PublisherClassParameter

===========================================================================================
----------------- testing Sat Jan 04 22:18:27 UTC 2020 /home/travis/build/icyphy/ptII/ptolemy/actor/lib/test/auto/PublisherNonStrictTest.xml
----------------- Instantiating /home/travis/build/icyphy/ptII/ptolemy/actor/lib/test/auto/PublisherNonStrictTest.xml
3 ms. Memory: 438272K Free: 357886K (82%)
----------------- Invoking toplevel() on ptolemy.moml.MoMLSimpleApplication@23e2ec60
----------------- Done invoking toplevel() on ptolemy.moml.MoMLSimpleApplication@23e2ec60
reloadAllAccessors: .PublisherNonStrictTest

===========================================================================================
----------------- testing Sat Jan 04 22:18:27 UTC 2020 /home/travis/build/icyphy/ptII/ptolemy/actor/lib/test/auto/PublisherPort1.xml
----------------- Instantiating /home/travis/build/icyphy/ptII/ptolemy/actor/lib/test/auto/PublisherPort1.xml
3 ms. Memory: 438272K Free: 352262K (80%)
----------------- Invoking toplevel() on ptolemy.moml.MoMLSimpleApplication@71ccc2c0
----------------- Done invoking toplevel() on ptolemy.moml.MoMLSimpleApplication@71ccc2c0
reloadAllAccessors: .PublisherPort1

===========================================================================================
----------------- testing Sat Jan 04 22:18:27 UTC 2020 /home/travis/build/icyphy/ptII/ptolemy/actor/lib/test/auto/PublisherPort2.xml
----------------- Instantiating /home/travis/build/icyphy/ptII/ptolemy/actor/lib/test/auto/PublisherPort2.xml
1 ms. Memory: 438272K Free: 347142K (79%)
----------------- Invoking toplevel() on ptolemy.moml.MoMLSimpleApplication@75b41d8d
----------------- Done invoking toplevel() on ptolemy.moml.MoMLSimpleApplication@75b41d8d
reloadAllAccessors: .PublisherPort2

===========================================================================================
----------------- testing Sat Jan 04 22:18:27 UTC 2020 /home/travis/build/icyphy/ptII/ptolemy/actor/lib/test/auto/PublisherPort3.xml
----------------- Instantiating /home/travis/build/icyphy/ptII/ptolemy/actor/lib/test/auto/PublisherPort3.xml
14 ms. Memory: 438272K Free: 340454K (78%)
----------------- Invoking toplevel() on ptolemy.moml.MoMLSimpleApplication@2ad6c18b
----------------- Done invoking toplevel() on ptolemy.moml.MoMLSimpleApplication@2ad6c18b
reloadAllAccessors: .PublisherPort3

===========================================================================================
----------------- testing Sat Jan 04 22:18:28 UTC 2020 /home/travis/build/icyphy/ptII/ptolemy/actor/lib/test/auto/PublisherPort4.xml
----------------- Instantiating /home/travis/build/icyphy/ptII/ptolemy/actor/lib/test/auto/PublisherPort4.xml
2 ms. Memory: 438272K Free: 334854K (76%)
----------------- Invoking toplevel() on ptolemy.moml.MoMLSimpleApplication@128a7a2a
----------------- Done invoking toplevel() on ptolemy.moml.MoMLSimpleApplication@128a7a2a
reloadAllAccessors: .PublisherPort4

===========================================================================================
----------------- testing Sat Jan 04 22:18:28 UTC 2020 /home/travis/build/icyphy/ptII/ptolemy/actor/lib/test/auto/PublisherPort5.xml
----------------- Instantiating /home/travis/build/icyphy/ptII/ptolemy/actor/lib/test/auto/PublisherPort5.xml
3 ms. Memory: 438272K Free: 327686K (75%)
----------------- Invoking toplevel() on ptolemy.moml.MoMLSimpleApplication@6835006d
----------------- Done invoking toplevel() on ptolemy.moml.MoMLSimpleApplication@6835006d
reloadAllAccessors: .PublisherPort5

===========================================================================================
----------------- testing Sat Jan 04 22:18:28 UTC 2020 /home/travis/build/icyphy/ptII/ptolemy/actor/lib/test/auto/PublisherPort5LookAlike.xml
----------------- Instantiating /home/travis/build/icyphy/ptII/ptolemy/actor/lib/test/auto/PublisherPort5LookAlike.xml
8 ms. Memory: 438272K Free: 320004K (73%)
----------------- Invoking toplevel() on ptolemy.moml.MoMLSimpleApplication@7dbc6f40
----------------- Done invoking toplevel() on ptolemy.moml.MoMLSimpleApplication@7dbc6f40
reloadAllAccessors: .PublisherPort5LookAlike

===========================================================================================
----------------- testing Sat Jan 04 22:18:28 UTC 2020 /home/travis/build/icyphy/ptII/ptolemy/actor/lib/test/auto/PublisherPort6.xml
----------------- Instantiating /home/travis/build/icyphy/ptII/ptolemy/actor/lib/test/auto/PublisherPort6.xml
1 ms. Memory: 438272K Free: 313350K (71%)
----------------- Invoking toplevel() on ptolemy.moml.MoMLSimpleApplication@77b52bc0
----------------- Done invoking toplevel() on ptolemy.moml.MoMLSimpleApplication@77b52bc0
reloadAllAccessors: .PublisherPort6

===========================================================================================
----------------- testing Sat Jan 04 22:18:28 UTC 2020 /home/travis/build/icyphy/ptII/ptolemy/actor/lib/test/auto/PublisherPort7.xml
----------------- Instantiating /home/travis/build/icyphy/ptII/ptolemy/actor/lib/test/auto/PublisherPort7.xml
3 ms. Memory: 438272K Free: 305668K (70%)
----------------- Invoking toplevel() on ptolemy.moml.MoMLSimpleApplication@60dc9d86
----------------- Done invoking toplevel() on ptolemy.moml.MoMLSimpleApplication@60dc9d86
reloadAllAccessors: .PublisherPort7

===========================================================================================
----------------- testing Sat Jan 04 22:18:28 UTC 2020 /home/travis/build/icyphy/ptII/ptolemy/actor/lib/test/auto/PublisherPort8.xml
----------------- Instantiating /home/travis/build/icyphy/ptII/ptolemy/actor/lib/test/auto/PublisherPort8.xml
4 ms. Memory: 438272K Free: 296966K (68%)
----------------- Invoking toplevel() on ptolemy.moml.MoMLSimpleApplication@6291572
----------------- Done invoking toplevel() on ptolemy.moml.MoMLSimpleApplication@6291572
reloadAllAccessors: .PublisherPort8

===========================================================================================
----------------- testing Sat Jan 04 22:18:28 UTC 2020 /home/travis/build/icyphy/ptII/ptolemy/actor/lib/test/auto/PublisherPortSubscriberChannelVariablesAOC2.xml
----------------- Instantiating /home/travis/build/icyphy/ptII/ptolemy/actor/lib/test/auto/PublisherPortSubscriberChannelVariablesAOC2.xml
3 ms. Memory: 438272K Free: 279558K (64%)
----------------- Invoking toplevel() on ptolemy.moml.MoMLSimpleApplication@26745309
----------------- Done invoking toplevel() on ptolemy.moml.MoMLSimpleApplication@26745309
reloadAllAccessors: .PublisherPortSubscriberChannelVariablesAOC2

===========================================================================================
----------------- testing Sat Jan 04 22:18:28 UTC 2020 /home/travis/build/icyphy/ptII/ptolemy/actor/lib/test/auto/PublisherPortSubscriberOpaqueWidthInference.xml
----------------- Instantiating /home/travis/build/icyphy/ptII/ptolemy/actor/lib/test/auto/PublisherPortSubscriberOpaqueWidthInference.xml
4 ms. Memory: 438272K Free: 271862K (62%)
----------------- Invoking toplevel() on ptolemy.moml.MoMLSimpleApplication@1f178c7f
----------------- Done invoking toplevel() on ptolemy.moml.MoMLSimpleApplication@1f178c7f
reloadAllAccessors: .PublisherPortSubscriberOpaqueWidthInference

===========================================================================================
----------------- testing Sat Jan 04 22:18:28 UTC 2020 /home/travis/build/icyphy/ptII/ptolemy/actor/lib/test/auto/PublisherPortSubscriberPortAdjacent.xml
----------------- Instantiating /home/travis/build/icyphy/ptII/ptolemy/actor/lib/test/auto/PublisherPortSubscriberPortAdjacent.xml
5 ms. Memory: 438272K Free: 263684K (60%)
----------------- Invoking toplevel() on ptolemy.moml.MoMLSimpleApplication@410df0be
----------------- Done invoking toplevel() on ptolemy.moml.MoMLSimpleApplication@410df0be
reloadAllAccessors: .PublisherPortSubscriberPortAdjacent

===========================================================================================
----------------- testing Sat Jan 04 22:18:28 UTC 2020 /home/travis/build/icyphy/ptII/ptolemy/actor/lib/test/auto/PublisherPortSubscriberPortExpression.xml
----------------- Instantiating /home/travis/build/icyphy/ptII/ptolemy/actor/lib/test/auto/PublisherPortSubscriberPortExpression.xml
3 ms. Memory: 438272K Free: 256006K (58%)
----------------- Invoking toplevel() on ptolemy.moml.MoMLSimpleApplication@45c335f3
----------------- Done invoking toplevel() on ptolemy.moml.MoMLSimpleApplication@45c335f3
reloadAllAccessors: .PublisherPortSubscriberPortExpression

===========================================================================================
----------------- testing Sat Jan 04 22:18:28 UTC 2020 /home/travis/build/icyphy/ptII/ptolemy/actor/lib/test/auto/PublisherPortSubscriberPortOpaqueD3Reverse.xml
----------------- Instantiating /home/travis/build/icyphy/ptII/ptolemy/actor/lib/test/auto/PublisherPortSubscriberPortOpaqueD3Reverse.xml
6 ms. Memory: 438272K Free: 246276K (56%)
----------------- Invoking toplevel() on ptolemy.moml.MoMLSimpleApplication@70ff5089
----------------- Done invoking toplevel() on ptolemy.moml.MoMLSimpleApplication@70ff5089
reloadAllAccessors: .PublisherPortSubscriberPortOpaqueD3Reverse

===========================================================================================
----------------- testing Sat Jan 04 22:18:28 UTC 2020 /home/travis/build/icyphy/ptII/ptolemy/actor/lib/test/auto/PublisherPortSubscriberPortOpaqueWidthInference.xml
----------------- Instantiating /home/travis/build/icyphy/ptII/ptolemy/actor/lib/test/auto/PublisherPortSubscriberPortOpaqueWidthInference.xml
3 ms. Memory: 438272K Free: 238598K (54%)
----------------- Invoking toplevel() on ptolemy.moml.MoMLSimpleApplication@57dca179
----------------- Done invoking toplevel() on ptolemy.moml.MoMLSimpleApplication@57dca179
reloadAllAccessors: .PublisherPortSubscriberPortOpaqueWidthInference

===========================================================================================
----------------- testing Sat Jan 04 22:18:28 UTC 2020 /home/travis/build/icyphy/ptII/ptolemy/actor/lib/test/auto/PublisherPortToplevelSubscriberPortAOC.xml
----------------- Instantiating /home/travis/build/icyphy/ptII/ptolemy/actor/lib/test/auto/PublisherPortToplevelSubscriberPortAOC.xml
.PublisherPortToplevelSubscriberPortAOC.TestExceptionAttribute: initialize() was not invoked, but wrapup() was.  This is unusual, but not always a problem.  For example, exporting JNLP will do this.
0 ms. Memory: 438272K Free: 232454K (53%)
----------------- Invoking toplevel() on ptolemy.moml.MoMLSimpleApplication@1012effa
----------------- Done invoking toplevel() on ptolemy.moml.MoMLSimpleApplication@1012effa
reloadAllAccessors: .PublisherPortToplevelSubscriberPortAOC

===========================================================================================
----------------- testing Sat Jan 04 22:18:28 UTC 2020 /home/travis/build/icyphy/ptII/ptolemy/actor/lib/test/auto/PublisherSubscriber.xml
----------------- Instantiating /home/travis/build/icyphy/ptII/ptolemy/actor/lib/test/auto/PublisherSubscriber.xml
3 ms. Memory: 438272K Free: 224742K (51%)
----------------- Invoking toplevel() on ptolemy.moml.MoMLSimpleApplication@22f8180d
----------------- Done invoking toplevel() on ptolemy.moml.MoMLSimpleApplication@22f8180d
reloadAllAccessors: .PublisherSubscriber

===========================================================================================
----------------- testing Sat Jan 04 22:18:28 UTC 2020 /home/travis/build/icyphy/ptII/ptolemy/actor/lib/test/auto/PublisherSubscriber10.xml
----------------- Instantiating /home/travis/build/icyphy/ptII/ptolemy/actor/lib/test/auto/PublisherSubscriber10.xml
6 ms. Memory: 438272K Free: 215046K (49%)
----------------- Invoking toplevel() on ptolemy.moml.MoMLSimpleApplication@5a48a7bc
----------------- Done invoking toplevel() on ptolemy.moml.MoMLSimpleApplication@5a48a7bc
reloadAllAccessors: .PublisherSubscriber10

===========================================================================================
----------------- testing Sat Jan 04 22:18:28 UTC 2020 /home/travis/build/icyphy/ptII/ptolemy/actor/lib/test/auto/PublisherSubscriber10InitialOutputs.xml
----------------- Instantiating /home/travis/build/icyphy/ptII/ptolemy/actor/lib/test/auto/PublisherSubscriber10InitialOutputs.xml
15 ms. Memory: 438272K Free: 205830K (47%)
----------------- Invoking toplevel() on ptolemy.moml.MoMLSimpleApplication@599412f2
----------------- Done invoking toplevel() on ptolemy.moml.MoMLSimpleApplication@599412f2
reloadAllAccessors: .PublisherSubscriber10InitialOutputs

===========================================================================================
----------------- testing Sat Jan 04 22:18:28 UTC 2020 /home/travis/build/icyphy/ptII/ptolemy/actor/lib/test/auto/PublisherSubscriber11.xml
----------------- Instantiating /home/travis/build/icyphy/ptII/ptolemy/actor/lib/test/auto/PublisherSubscriber11.xml
3 ms. Memory: 438272K Free: 199686K (46%)
----------------- Invoking toplevel() on ptolemy.moml.MoMLSimpleApplication@19901f25
----------------- Done invoking toplevel() on ptolemy.moml.MoMLSimpleApplication@19901f25
reloadAllAccessors: .PublisherSubscriber11

===========================================================================================
----------------- testing Sat Jan 04 22:18:28 UTC 2020 /home/travis/build/icyphy/ptII/ptolemy/actor/lib/test/auto/PublisherSubscriber12.xml
----------------- Instantiating /home/travis/build/icyphy/ptII/ptolemy/actor/lib/test/auto/PublisherSubscriber12.xml
8 ms. Memory: 438272K Free: 193028K (44%)
----------------- Invoking toplevel() on ptolemy.moml.MoMLSimpleApplication@295c1b7a
----------------- Done invoking toplevel() on ptolemy.moml.MoMLSimpleApplication@295c1b7a
reloadAllAccessors: .PublisherSubscriber12

===========================================================================================
----------------- testing Sat Jan 04 22:18:28 UTC 2020 /home/travis/build/icyphy/ptII/ptolemy/actor/lib/test/auto/PublisherSubscriber13.xml
----------------- Instantiating /home/travis/build/icyphy/ptII/ptolemy/actor/lib/test/auto/PublisherSubscriber13.xml
1 ms. Memory: 438272K Free: 187398K (43%)
----------------- Invoking toplevel() on ptolemy.moml.MoMLSimpleApplication@60e0a823
----------------- Done invoking toplevel() on ptolemy.moml.MoMLSimpleApplication@60e0a823
reloadAllAccessors: .PublisherSubscriber13

===========================================================================================
----------------- testing Sat Jan 04 22:18:28 UTC 2020 /home/travis/build/icyphy/ptII/ptolemy/actor/lib/test/auto/PublisherSubscriber14.xml
----------------- Instantiating /home/travis/build/icyphy/ptII/ptolemy/actor/lib/test/auto/PublisherSubscriber14.xml
2 ms. Memory: 438272K Free: 178678K (41%)
----------------- Invoking toplevel() on ptolemy.moml.MoMLSimpleApplication@46f0fbdd
----------------- Done invoking toplevel() on ptolemy.moml.MoMLSimpleApplication@46f0fbdd
reloadAllAccessors: .PublisherSubscriber14

===========================================================================================
----------------- testing Sat Jan 04 22:18:28 UTC 2020 /home/travis/build/icyphy/ptII/ptolemy/actor/lib/test/auto/PublisherSubscriber2.xml
----------------- Instantiating /home/travis/build/icyphy/ptII/ptolemy/actor/lib/test/auto/PublisherSubscriber2.xml
3 ms. Memory: 438272K Free: 173062K (39%)
----------------- Invoking toplevel() on ptolemy.moml.MoMLSimpleApplication@417788ab
----------------- Done invoking toplevel() on ptolemy.moml.MoMLSimpleApplication@417788ab
reloadAllAccessors: .PublisherSubscriber2

===========================================================================================
----------------- testing Sat Jan 04 22:18:28 UTC 2020 /home/travis/build/icyphy/ptII/ptolemy/actor/lib/test/auto/PublisherSubscriber3.xml
----------------- Instantiating /home/travis/build/icyphy/ptII/ptolemy/actor/lib/test/auto/PublisherSubscriber3.xml
2 ms. Memory: 438272K Free: 167414K (38%)
----------------- Invoking toplevel() on ptolemy.moml.MoMLSimpleApplication@351dce01
----------------- Done invoking toplevel() on ptolemy.moml.MoMLSimpleApplication@351dce01
reloadAllAccessors: .PublisherSubscriber3

===========================================================================================
----------------- testing Sat Jan 04 22:18:28 UTC 2020 /home/travis/build/icyphy/ptII/ptolemy/actor/lib/test/auto/PublisherSubscriber4.xml
----------------- Instantiating /home/travis/build/icyphy/ptII/ptolemy/actor/lib/test/auto/PublisherSubscriber4.xml
2 ms. Memory: 438272K Free: 162822K (37%)
----------------- Invoking toplevel() on ptolemy.moml.MoMLSimpleApplication@218ba950
----------------- Done invoking toplevel() on ptolemy.moml.MoMLSimpleApplication@218ba950
reloadAllAccessors: .PublisherSubscriber4

===========================================================================================
----------------- testing Sat Jan 04 22:18:28 UTC 2020 /home/travis/build/icyphy/ptII/ptolemy/actor/lib/test/auto/PublisherSubscriber5.xml
----------------- Instantiating /home/travis/build/icyphy/ptII/ptolemy/actor/lib/test/auto/PublisherSubscriber5.xml
2 ms. Memory: 438272K Free: 156158K (36%)
----------------- Invoking toplevel() on ptolemy.moml.MoMLSimpleApplication@142ed892
----------------- Done invoking toplevel() on ptolemy.moml.MoMLSimpleApplication@142ed892
reloadAllAccessors: .PublisherSubscriber5

===========================================================================================
----------------- testing Sat Jan 04 22:18:28 UTC 2020 /home/travis/build/icyphy/ptII/ptolemy/actor/lib/test/auto/PublisherSubscriber6.xml
----------------- Instantiating /home/travis/build/icyphy/ptII/ptolemy/actor/lib/test/auto/PublisherSubscriber6.xml
4 ms. Memory: 438272K Free: 149510K (34%)
----------------- Invoking toplevel() on ptolemy.moml.MoMLSimpleApplication@2697f4ee
----------------- Done invoking toplevel() on ptolemy.moml.MoMLSimpleApplication@2697f4ee
reloadAllAccessors: .PublisherSubscriber6

===========================================================================================
----------------- testing Sat Jan 04 22:18:28 UTC 2020 /home/travis/build/icyphy/ptII/ptolemy/actor/lib/test/auto/PublisherSubscriber7.xml
----------------- Instantiating /home/travis/build/icyphy/ptII/ptolemy/actor/lib/test/auto/PublisherSubscriber7.xml
9 ms. Memory: 438272K Free: 142846K (33%)
----------------- Invoking toplevel() on ptolemy.moml.MoMLSimpleApplication@73b9bf8a
----------------- Done invoking toplevel() on ptolemy.moml.MoMLSimpleApplication@73b9bf8a
reloadAllAccessors: .PublisherSubscriber7

===========================================================================================
----------------- testing Sat Jan 04 22:18:28 UTC 2020 /home/travis/build/icyphy/ptII/ptolemy/actor/lib/test/auto/PublisherSubscriber8.xml
----------------- Instantiating /home/travis/build/icyphy/ptII/ptolemy/actor/lib/test/auto/PublisherSubscriber8.xml
19 ms. Memory: 438272K Free: 131078K (30%)
----------------- Invoking toplevel() on ptolemy.moml.MoMLSimpleApplication@254af7eb
----------------- Done invoking toplevel() on ptolemy.moml.MoMLSimpleApplication@254af7eb
reloadAllAccessors: .PublisherSubscriber8

===========================================================================================
----------------- testing Sat Jan 04 22:18:28 UTC 2020 /home/travis/build/icyphy/ptII/ptolemy/actor/lib/test/auto/PublisherSubscriber9.xml
----------------- Instantiating /home/travis/build/icyphy/ptII/ptolemy/actor/lib/test/auto/PublisherSubscriber9.xml
2 ms. Memory: 438272K Free: 381148K (87%)
----------------- Invoking toplevel() on ptolemy.moml.MoMLSimpleApplication@55fca1bd
----------------- Done invoking toplevel() on ptolemy.moml.MoMLSimpleApplication@55fca1bd
reloadAllAccessors: .PublisherSubscriber9

===========================================================================================
----------------- testing Sat Jan 04 22:18:28 UTC 2020 /home/travis/build/icyphy/ptII/ptolemy/actor/lib/test/auto/PublisherSubscriberAdjacent.xml
----------------- Instantiating /home/travis/build/icyphy/ptII/ptolemy/actor/lib/test/auto/PublisherSubscriberAdjacent.xml
1 ms. Memory: 438272K Free: 373466K (85%)
----------------- Invoking toplevel() on ptolemy.moml.MoMLSimpleApplication@23334b18
----------------- Done invoking toplevel() on ptolemy.moml.MoMLSimpleApplication@23334b18
reloadAllAccessors: .PublisherSubscriberAdjacent

===========================================================================================
----------------- testing Sat Jan 04 22:18:28 UTC 2020 /home/travis/build/icyphy/ptII/ptolemy/actor/lib/test/auto/PublisherSubscriberChannelVariablesAOC2.xml
----------------- Instantiating /home/travis/build/icyphy/ptII/ptolemy/actor/lib/test/auto/PublisherSubscriberChannelVariablesAOC2.xml
3 ms. Memory: 438272K Free: 358620K (82%)
----------------- Invoking toplevel() on ptolemy.moml.MoMLSimpleApplication@74263788
----------------- Done invoking toplevel() on ptolemy.moml.MoMLSimpleApplication@74263788
reloadAllAccessors: .PublisherSubscriberChannelVariablesAOC2

===========================================================================================
----------------- testing Sat Jan 04 22:18:28 UTC 2020 /home/travis/build/icyphy/ptII/ptolemy/actor/lib/test/auto/PublisherSubscriberD3.xml
----------------- Instantiating /home/travis/build/icyphy/ptII/ptolemy/actor/lib/test/auto/PublisherSubscriberD3.xml
1 ms. Memory: 438272K Free: 351452K (80%)
----------------- Invoking toplevel() on ptolemy.moml.MoMLSimpleApplication@555b512e
----------------- Done invoking toplevel() on ptolemy.moml.MoMLSimpleApplication@555b512e
reloadAllAccessors: .PublisherSubscriberD3

===========================================================================================
----------------- testing Sat Jan 04 22:18:28 UTC 2020 /home/travis/build/icyphy/ptII/ptolemy/actor/lib/test/auto/PublisherSubscriberD3Reverse.xml
----------------- Instantiating /home/travis/build/icyphy/ptII/ptolemy/actor/lib/test/auto/PublisherSubscriberD3Reverse.xml
2 ms. Memory: 438272K Free: 345308K (79%)
----------------- Invoking toplevel() on ptolemy.moml.MoMLSimpleApplication@3c60e1b7
----------------- Done invoking toplevel() on ptolemy.moml.MoMLSimpleApplication@3c60e1b7
reloadAllAccessors: .PublisherSubscriberD3Reverse

===========================================================================================
----------------- testing Sat Jan 04 22:18:28 UTC 2020 /home/travis/build/icyphy/ptII/ptolemy/actor/lib/test/auto/PublisherSubscriberExpression.xml
----------------- Instantiating /home/travis/build/icyphy/ptII/ptolemy/actor/lib/test/auto/PublisherSubscriberExpression.xml
3 ms. Memory: 438272K Free: 337116K (77%)
----------------- Invoking toplevel() on ptolemy.moml.MoMLSimpleApplication@4f76fe36
----------------- Done invoking toplevel() on ptolemy.moml.MoMLSimpleApplication@4f76fe36
reloadAllAccessors: .PublisherSubscriberExpression

===========================================================================================
----------------- testing Sat Jan 04 22:18:28 UTC 2020 /home/travis/build/icyphy/ptII/ptolemy/actor/lib/test/auto/PublisherSubscriberOpaque.xml
----------------- Instantiating /home/travis/build/icyphy/ptII/ptolemy/actor/lib/test/auto/PublisherSubscriberOpaque.xml
5 ms. Memory: 438272K Free: 328924K (75%)
----------------- Invoking toplevel() on ptolemy.moml.MoMLSimpleApplication@65c72fb9
----------------- Done invoking toplevel() on ptolemy.moml.MoMLSimpleApplication@65c72fb9
reloadAllAccessors: .PublisherSubscriberOpaque

===========================================================================================
----------------- testing Sat Jan 04 22:18:28 UTC 2020 /home/travis/build/icyphy/ptII/ptolemy/actor/lib/test/auto/PublisherSubscriberOpaqueD3.xml
----------------- Instantiating /home/travis/build/icyphy/ptII/ptolemy/actor/lib/test/auto/PublisherSubscriberOpaqueD3.xml
6 ms. Memory: 438272K Free: 317660K (72%)
----------------- Invoking toplevel() on ptolemy.moml.MoMLSimpleApplication@72977782
----------------- Done invoking toplevel() on ptolemy.moml.MoMLSimpleApplication@72977782
reloadAllAccessors: .PublisherSubscriberOpaqueD3

===========================================================================================
----------------- testing Sat Jan 04 22:18:28 UTC 2020 /home/travis/build/icyphy/ptII/ptolemy/actor/lib/test/auto/PublisherSubscriberOpaqueD3Reverse.xml
----------------- Instantiating /home/travis/build/icyphy/ptII/ptolemy/actor/lib/test/auto/PublisherSubscriberOpaqueD3Reverse.xml
8 ms. Memory: 438272K Free: 307420K (70%)
----------------- Invoking toplevel() on ptolemy.moml.MoMLSimpleApplication@2c9cdaa8
----------------- Done invoking toplevel() on ptolemy.moml.MoMLSimpleApplication@2c9cdaa8
reloadAllAccessors: .PublisherSubscriberOpaqueD3Reverse

===========================================================================================
----------------- testing Sat Jan 04 22:18:28 UTC 2020 /home/travis/build/icyphy/ptII/ptolemy/actor/lib/test/auto/PublisherSubscriberOpaqueWidthInference.xml
----------------- Instantiating /home/travis/build/icyphy/ptII/ptolemy/actor/lib/test/auto/PublisherSubscriberOpaqueWidthInference.xml
4 ms. Memory: 438272K Free: 299228K (68%)
----------------- Invoking toplevel() on ptolemy.moml.MoMLSimpleApplication@1f483fd6
----------------- Done invoking toplevel() on ptolemy.moml.MoMLSimpleApplication@1f483fd6
reloadAllAccessors: .PublisherSubscriberOpaqueWidthInference

===========================================================================================
----------------- testing Sat Jan 04 22:18:28 UTC 2020 /home/travis/build/icyphy/ptII/ptolemy/actor/lib/test/auto/PublisherTestSubscriber.xml
----------------- Instantiating /home/travis/build/icyphy/ptII/ptolemy/actor/lib/test/auto/PublisherTestSubscriber.xml
3 ms. Memory: 438272K Free: 291540K (67%)
----------------- Invoking toplevel() on ptolemy.moml.MoMLSimpleApplication@79ba2bba
----------------- Done invoking toplevel() on ptolemy.moml.MoMLSimpleApplication@79ba2bba
reloadAllAccessors: .PublisherTestSubscriber

===========================================================================================
----------------- testing Sat Jan 04 22:18:28 UTC 2020 /home/travis/build/icyphy/ptII/ptolemy/actor/lib/test/auto/PublisherToplevelSubscriberPortAOC.xml
----------------- Instantiating /home/travis/build/icyphy/ptII/ptolemy/actor/lib/test/auto/PublisherToplevelSubscriberPortAOC.xml
2 ms. Memory: 438272K Free: 284892K (65%)
----------------- Invoking toplevel() on ptolemy.moml.MoMLSimpleApplication@1f2b9436
----------------- Done invoking toplevel() on ptolemy.moml.MoMLSimpleApplication@1f2b9436
reloadAllAccessors: .PublisherToplevelSubscriberPortAOC

===========================================================================================
----------------- testing Sat Jan 04 22:18:28 UTC 2020 /home/travis/build/icyphy/ptII/ptolemy/actor/lib/test/auto/PulseFiringLimitDE.xml
----------------- Instantiating /home/travis/build/icyphy/ptII/ptolemy/actor/lib/test/auto/PulseFiringLimitDE.xml
2 ms. Memory: 438272K Free: 278748K (64%)
----------------- Invoking toplevel() on ptolemy.moml.MoMLSimpleApplication@6f0d90
----------------- Done invoking toplevel() on ptolemy.moml.MoMLSimpleApplication@6f0d90
reloadAllAccessors: .PulseFiringLimitDE

===========================================================================================
----------------- testing Sat Jan 04 22:18:28 UTC 2020 /home/travis/build/icyphy/ptII/ptolemy/actor/lib/test/auto/Ramp1.xml
----------------- Instantiating /home/travis/build/icyphy/ptII/ptolemy/actor/lib/test/auto/Ramp1.xml
1 ms. Memory: 438272K Free: 274652K (63%)
----------------- Invoking toplevel() on ptolemy.moml.MoMLSimpleApplication@729f4b5b
----------------- Done invoking toplevel() on ptolemy.moml.MoMLSimpleApplication@729f4b5b
reloadAllAccessors: .Ramp1

===========================================================================================
----------------- testing Sat Jan 04 22:18:28 UTC 2020 /home/travis/build/icyphy/ptII/ptolemy/actor/lib/test/auto/RampFiringLimitDE.xml
----------------- Instantiating /home/travis/build/icyphy/ptII/ptolemy/actor/lib/test/auto/RampFiringLimitDE.xml
2 ms. Memory: 438272K Free: 268508K (61%)
----------------- Invoking toplevel() on ptolemy.moml.MoMLSimpleApplication@6bf2160b
----------------- Done invoking toplevel() on ptolemy.moml.MoMLSimpleApplication@6bf2160b
reloadAllAccessors: .RampFiringLimitDE

===========================================================================================
----------------- testing Sat Jan 04 22:18:28 UTC 2020 /home/travis/build/icyphy/ptII/ptolemy/actor/lib/test/auto/RampFiringLimitSDF.xml
----------------- Instantiating /home/travis/build/icyphy/ptII/ptolemy/actor/lib/test/auto/RampFiringLimitSDF.xml
2 ms. Memory: 438272K Free: 263388K (60%)
----------------- Invoking toplevel() on ptolemy.moml.MoMLSimpleApplication@4589ebfb
----------------- Done invoking toplevel() on ptolemy.moml.MoMLSimpleApplication@4589ebfb
reloadAllAccessors: .RampFiringLimitSDF

===========================================================================================
----------------- testing Sat Jan 04 22:18:28 UTC 2020 /home/travis/build/icyphy/ptII/ptolemy/actor/lib/test/auto/RandomInteger.xml
----------------- Instantiating /home/travis/build/icyphy/ptII/ptolemy/actor/lib/test/auto/RandomInteger.xml
1 ms. Memory: 438272K Free: 259802K (59%)
----------------- Invoking toplevel() on ptolemy.moml.MoMLSimpleApplication@2eb580b4
----------------- Done invoking toplevel() on ptolemy.moml.MoMLSimpleApplication@2eb580b4
reloadAllAccessors: .RandomInteger

===========================================================================================
----------------- testing Sat Jan 04 22:18:28 UTC 2020 /home/travis/build/icyphy/ptII/ptolemy/actor/lib/test/auto/ReadFile1.xml
----------------- Instantiating /home/travis/build/icyphy/ptII/ptolemy/actor/lib/test/auto/ReadFile1.xml
1 ms. Memory: 438272K Free: 255196K (58%)
----------------- Invoking toplevel() on ptolemy.moml.MoMLSimpleApplication@3784b918
----------------- Done invoking toplevel() on ptolemy.moml.MoMLSimpleApplication@3784b918
reloadAllAccessors: .ReadFile1

===========================================================================================
----------------- testing Sat Jan 04 22:18:28 UTC 2020 /home/travis/build/icyphy/ptII/ptolemy/actor/lib/test/auto/ReadFile2.xml
----------------- Instantiating /home/travis/build/icyphy/ptII/ptolemy/actor/lib/test/auto/ReadFile2.xml
1 ms. Memory: 438272K Free: 251100K (57%)
----------------- Invoking toplevel() on ptolemy.moml.MoMLSimpleApplication@3a980557
----------------- Done invoking toplevel() on ptolemy.moml.MoMLSimpleApplication@3a980557
reloadAllAccessors: .ReadFile2

===========================================================================================
----------------- testing Sat Jan 04 22:18:28 UTC 2020 /home/travis/build/icyphy/ptII/ptolemy/actor/lib/test/auto/Reader.xml
----------------- Instantiating /home/travis/build/icyphy/ptII/ptolemy/actor/lib/test/auto/Reader.xml
actor.lib.Reader is obsolete, use actor.lib.io.ExpressionReader instead
3 ms. Memory: 438272K Free: 247004K (56%)
----------------- Invoking toplevel() on ptolemy.moml.MoMLSimpleApplication@72192244
----------------- Done invoking toplevel() on ptolemy.moml.MoMLSimpleApplication@72192244
reloadAllAccessors: .Reader

===========================================================================================
----------------- testing Sat Jan 04 22:18:28 UTC 2020 /home/travis/build/icyphy/ptII/ptolemy/actor/lib/test/auto/RecordAssemblerDisplayNameTest.xml
----------------- Instantiating /home/travis/build/icyphy/ptII/ptolemy/actor/lib/test/auto/RecordAssemblerDisplayNameTest.xml
3570 ms. Memory: 438272K Free: 325124K (74%)
----------------- Invoking toplevel() on ptolemy.moml.MoMLSimpleApplication@79feb4ea
----------------- Done invoking toplevel() on ptolemy.moml.MoMLSimpleApplication@79feb4ea
reloadAllAccessors: .RecordAssemblerDisplayNameTest

===========================================================================================
----------------- testing Sat Jan 04 22:18:32 UTC 2020 /home/travis/build/icyphy/ptII/ptolemy/actor/lib/test/auto/RecordAssemblerTypeError.xml
----------------- Instantiating /home/travis/build/icyphy/ptII/ptolemy/actor/lib/test/auto/RecordAssemblerTypeError.xml
16 ms. Memory: 438272K Free: 315398K (72%)
----------------- Invoking toplevel() on ptolemy.moml.MoMLSimpleApplication@6dcd2a3b
----------------- Done invoking toplevel() on ptolemy.moml.MoMLSimpleApplication@6dcd2a3b
reloadAllAccessors: .RecordAssemblerTypeError

===========================================================================================
----------------- testing Sat Jan 04 22:18:32 UTC 2020 /home/travis/build/icyphy/ptII/ptolemy/actor/lib/test/auto/RecordDisassember.xml
----------------- Instantiating /home/travis/build/icyphy/ptII/ptolemy/actor/lib/test/auto/RecordDisassember.xml
3 ms. Memory: 438272K Free: 310758K (71%)
----------------- Invoking toplevel() on ptolemy.moml.MoMLSimpleApplication@273c29da
----------------- Done invoking toplevel() on ptolemy.moml.MoMLSimpleApplication@273c29da
reloadAllAccessors: .RecordDisassember

===========================================================================================
----------------- testing Sat Jan 04 22:18:32 UTC 2020 /home/travis/build/icyphy/ptII/ptolemy/actor/lib/test/auto/RecordDisassemberDisplayNameTest.xml
----------------- Instantiating /home/travis/build/icyphy/ptII/ptolemy/actor/lib/test/auto/RecordDisassemberDisplayNameTest.xml
5 ms. Memory: 438272K Free: 303110K (69%)
----------------- Invoking toplevel() on ptolemy.moml.MoMLSimpleApplication@23667161
----------------- Done invoking toplevel() on ptolemy.moml.MoMLSimpleApplication@23667161
reloadAllAccessors: .RecordDisassemberDisplayNameTest

===========================================================================================
----------------- testing Sat Jan 04 22:18:32 UTC 2020 /home/travis/build/icyphy/ptII/ptolemy/actor/lib/test/auto/RecordDisassembler.xml
----------------- Instantiating /home/travis/build/icyphy/ptII/ptolemy/actor/lib/test/auto/RecordDisassembler.xml
2 ms. Memory: 438272K Free: 297990K (68%)
----------------- Invoking toplevel() on ptolemy.moml.MoMLSimpleApplication@418fb181
----------------- Done invoking toplevel() on ptolemy.moml.MoMLSimpleApplication@418fb181
reloadAllAccessors: .RecordDisassembler

===========================================================================================
----------------- testing Sat Jan 04 22:18:32 UTC 2020 /home/travis/build/icyphy/ptII/ptolemy/actor/lib/test/auto/RecordDisassembler2.xml
----------------- Instantiating /home/travis/build/icyphy/ptII/ptolemy/actor/lib/test/auto/RecordDisassembler2.xml
2 ms. Memory: 438272K Free: 292870K (67%)
----------------- Invoking toplevel() on ptolemy.moml.MoMLSimpleApplication@2b5c8f47
----------------- Done invoking toplevel() on ptolemy.moml.MoMLSimpleApplication@2b5c8f47
reloadAllAccessors: .RecordDisassembler2

===========================================================================================
----------------- testing Sat Jan 04 22:18:32 UTC 2020 /home/travis/build/icyphy/ptII/ptolemy/actor/lib/test/auto/RecordUpdater.xml
----------------- Instantiating /home/travis/build/icyphy/ptII/ptolemy/actor/lib/test/auto/RecordUpdater.xml
2 ms. Memory: 438272K Free: 288260K (66%)
----------------- Invoking toplevel() on ptolemy.moml.MoMLSimpleApplication@1810bcc2
----------------- Done invoking toplevel() on ptolemy.moml.MoMLSimpleApplication@1810bcc2
reloadAllAccessors: .RecordUpdater

===========================================================================================
----------------- testing Sat Jan 04 22:18:32 UTC 2020 /home/travis/build/icyphy/ptII/ptolemy/actor/lib/test/auto/RecordUpdater2.xml
----------------- Instantiating /home/travis/build/icyphy/ptII/ptolemy/actor/lib/test/auto/RecordUpdater2.xml
2 ms. Memory: 438272K Free: 283654K (65%)
----------------- Invoking toplevel() on ptolemy.moml.MoMLSimpleApplication@31463205
----------------- Done invoking toplevel() on ptolemy.moml.MoMLSimpleApplication@31463205
reloadAllAccessors: .RecordUpdater2

===========================================================================================
----------------- testing Sat Jan 04 22:18:32 UTC 2020 /home/travis/build/icyphy/ptII/ptolemy/actor/lib/test/auto/RecursiveLattice.xml
----------------- Instantiating /home/travis/build/icyphy/ptII/ptolemy/actor/lib/test/auto/RecursiveLattice.xml
2 ms. Memory: 438272K Free: 279558K (64%)
----------------- Invoking toplevel() on ptolemy.moml.MoMLSimpleApplication@40033654
----------------- Done invoking toplevel() on ptolemy.moml.MoMLSimpleApplication@40033654
reloadAllAccessors: .RecursiveLattice

===========================================================================================
----------------- testing Sat Jan 04 22:18:32 UTC 2020 /home/travis/build/icyphy/ptII/ptolemy/actor/lib/test/auto/Router.xml
----------------- Instantiating /home/travis/build/icyphy/ptII/ptolemy/actor/lib/test/auto/Router.xml
3003 ms. Memory: 438272K Free: 266246K (61%)
----------------- Invoking toplevel() on ptolemy.moml.MoMLSimpleApplication@2b39f754
----------------- Done invoking toplevel() on ptolemy.moml.MoMLSimpleApplication@2b39f754
reloadAllAccessors: .Router

===========================================================================================
----------------- testing Sat Jan 04 22:18:35 UTC 2020 /home/travis/build/icyphy/ptII/ptolemy/actor/lib/test/auto/Router2.xml
----------------- Instantiating /home/travis/build/icyphy/ptII/ptolemy/actor/lib/test/auto/Router2.xml
3003 ms. Memory: 438272K Free: 251396K (57%)
----------------- Invoking toplevel() on ptolemy.moml.MoMLSimpleApplication@759fbcc9
----------------- Done invoking toplevel() on ptolemy.moml.MoMLSimpleApplication@759fbcc9
reloadAllAccessors: .Router2

===========================================================================================
----------------- testing Sat Jan 04 22:18:38 UTC 2020 /home/travis/build/icyphy/ptII/ptolemy/actor/lib/test/auto/RunningMaximum.xml
----------------- Instantiating /home/travis/build/icyphy/ptII/ptolemy/actor/lib/test/auto/RunningMaximum.xml
2 ms. Memory: 438272K Free: 246790K (56%)
----------------- Invoking toplevel() on ptolemy.moml.MoMLSimpleApplication@3193fafb
----------------- Done invoking toplevel() on ptolemy.moml.MoMLSimpleApplication@3193fafb
reloadAllAccessors: .RunningMaximum

===========================================================================================
----------------- testing Sat Jan 04 22:18:38 UTC 2020 /home/travis/build/icyphy/ptII/ptolemy/actor/lib/test/auto/RunningMinimum.xml
----------------- Instantiating /home/travis/build/icyphy/ptII/ptolemy/actor/lib/test/auto/RunningMinimum.xml
10 ms. Memory: 438272K Free: 242180K (55%)
----------------- Invoking toplevel() on ptolemy.moml.MoMLSimpleApplication@616f4fc6
----------------- Done invoking toplevel() on ptolemy.moml.MoMLSimpleApplication@616f4fc6
reloadAllAccessors: .RunningMinimum

===========================================================================================
----------------- testing Sat Jan 04 22:18:38 UTC 2020 /home/travis/build/icyphy/ptII/ptolemy/actor/lib/test/auto/Scale.xml
----------------- Instantiating /home/travis/build/icyphy/ptII/ptolemy/actor/lib/test/auto/Scale.xml
1 ms. Memory: 438272K Free: 237574K (54%)
----------------- Invoking toplevel() on ptolemy.moml.MoMLSimpleApplication@481acf40
----------------- Done invoking toplevel() on ptolemy.moml.MoMLSimpleApplication@481acf40
reloadAllAccessors: .Scale

===========================================================================================
----------------- testing Sat Jan 04 22:18:38 UTC 2020 /home/travis/build/icyphy/ptII/ptolemy/actor/lib/test/auto/Scale2.xml
----------------- Instantiating /home/travis/build/icyphy/ptII/ptolemy/actor/lib/test/auto/Scale2.xml
1 ms. Memory: 438272K Free: 232964K (53%)
----------------- Invoking toplevel() on ptolemy.moml.MoMLSimpleApplication@13c5b64e
----------------- Done invoking toplevel() on ptolemy.moml.MoMLSimpleApplication@13c5b64e
reloadAllAccessors: .Scale2

===========================================================================================
----------------- testing Sat Jan 04 22:18:38 UTC 2020 /home/travis/build/icyphy/ptII/ptolemy/actor/lib/test/auto/Scale3.xml
----------------- Instantiating /home/travis/build/icyphy/ptII/ptolemy/actor/lib/test/auto/Scale3.xml
6 ms. Memory: 438272K Free: 226820K (52%)
----------------- Invoking toplevel() on ptolemy.moml.MoMLSimpleApplication@55cd391
----------------- Done invoking toplevel() on ptolemy.moml.MoMLSimpleApplication@55cd391
reloadAllAccessors: .Scale3

===========================================================================================
----------------- testing Sat Jan 04 22:18:38 UTC 2020 /home/travis/build/icyphy/ptII/ptolemy/actor/lib/test/auto/ScaleArray.xml
----------------- Instantiating /home/travis/build/icyphy/ptII/ptolemy/actor/lib/test/auto/ScaleArray.xml
2 ms. Memory: 438272K Free: 222214K (51%)
----------------- Invoking toplevel() on ptolemy.moml.MoMLSimpleApplication@4ef6adc4
----------------- Done invoking toplevel() on ptolemy.moml.MoMLSimpleApplication@4ef6adc4
reloadAllAccessors: .ScaleArray

===========================================================================================
----------------- testing Sat Jan 04 22:18:38 UTC 2020 /home/travis/build/icyphy/ptII/ptolemy/actor/lib/test/auto/ScaleArray2.xml
----------------- Instantiating /home/travis/build/icyphy/ptII/ptolemy/actor/lib/test/auto/ScaleArray2.xml
1 ms. Memory: 438272K Free: 217604K (50%)
----------------- Invoking toplevel() on ptolemy.moml.MoMLSimpleApplication@af8527c
----------------- Done invoking toplevel() on ptolemy.moml.MoMLSimpleApplication@af8527c
reloadAllAccessors: .ScaleArray2

===========================================================================================
----------------- testing Sat Jan 04 22:18:38 UTC 2020 /home/travis/build/icyphy/ptII/ptolemy/actor/lib/test/auto/ScaleMatrix.xml
----------------- Instantiating /home/travis/build/icyphy/ptII/ptolemy/actor/lib/test/auto/ScaleMatrix.xml
179 ms. Memory: 438272K Free: 203782K (46%)
----------------- Invoking toplevel() on ptolemy.moml.MoMLSimpleApplication@4ee88668
----------------- Done invoking toplevel() on ptolemy.moml.MoMLSimpleApplication@4ee88668
reloadAllAccessors: .ScaleMatrix

===========================================================================================
----------------- testing Sat Jan 04 22:18:39 UTC 2020 /home/travis/build/icyphy/ptII/ptolemy/actor/lib/test/auto/Select.xml
----------------- Instantiating /home/travis/build/icyphy/ptII/ptolemy/actor/lib/test/auto/Select.xml
2 ms. Memory: 438272K Free: 197638K (45%)
----------------- Invoking toplevel() on ptolemy.moml.MoMLSimpleApplication@704cf3e
----------------- Done invoking toplevel() on ptolemy.moml.MoMLSimpleApplication@704cf3e
reloadAllAccessors: .Select

===========================================================================================
----------------- testing Sat Jan 04 22:18:39 UTC 2020 /home/travis/build/icyphy/ptII/ptolemy/actor/lib/test/auto/Select2.xml
----------------- Instantiating /home/travis/build/icyphy/ptII/ptolemy/actor/lib/test/auto/Select2.xml
1 ms. Memory: 438272K Free: 193028K (44%)
----------------- Invoking toplevel() on ptolemy.moml.MoMLSimpleApplication@5a6bd643
----------------- Done invoking toplevel() on ptolemy.moml.MoMLSimpleApplication@5a6bd643
reloadAllAccessors: .Select2

===========================================================================================
----------------- testing Sat Jan 04 22:18:39 UTC 2020 /home/travis/build/icyphy/ptII/ptolemy/actor/lib/test/auto/SequenceToArray2.xml
----------------- Instantiating /home/travis/build/icyphy/ptII/ptolemy/actor/lib/test/auto/SequenceToArray2.xml
89 ms. Memory: 438272K Free: 169462K (39%)
----------------- Invoking toplevel() on ptolemy.moml.MoMLSimpleApplication@8d37ec8
----------------- Done invoking toplevel() on ptolemy.moml.MoMLSimpleApplication@8d37ec8
reloadAllAccessors: .SequenceToArray2

===========================================================================================
----------------- testing Sat Jan 04 22:18:39 UTC 2020 /home/travis/build/icyphy/ptII/ptolemy/actor/lib/test/auto/SequentialClock.xml
----------------- Instantiating /home/travis/build/icyphy/ptII/ptolemy/actor/lib/test/auto/SequentialClock.xml
1 ms. Memory: 438272K Free: 165380K (38%)
----------------- Invoking toplevel() on ptolemy.moml.MoMLSimpleApplication@6ee1f215
----------------- Done invoking toplevel() on ptolemy.moml.MoMLSimpleApplication@6ee1f215
reloadAllAccessors: .SequentialClock

===========================================================================================
----------------- testing Sat Jan 04 22:18:39 UTC 2020 /home/travis/build/icyphy/ptII/ptolemy/actor/lib/test/auto/SetVariable.xml
----------------- Instantiating /home/travis/build/icyphy/ptII/ptolemy/actor/lib/test/auto/SetVariable.xml
2 ms. Memory: 438272K Free: 160774K (37%)
----------------- Invoking toplevel() on ptolemy.moml.MoMLSimpleApplication@47b65d6f
----------------- Done invoking toplevel() on ptolemy.moml.MoMLSimpleApplication@47b65d6f
reloadAllAccessors: .SetVariable

===========================================================================================
----------------- testing Sat Jan 04 22:18:39 UTC 2020 /home/travis/build/icyphy/ptII/ptolemy/actor/lib/test/auto/SetVariable2.xml
----------------- Instantiating /home/travis/build/icyphy/ptII/ptolemy/actor/lib/test/auto/SetVariable2.xml
2 ms. Memory: 438272K Free: 156164K (36%)
----------------- Invoking toplevel() on ptolemy.moml.MoMLSimpleApplication@12b2f4c4
----------------- Done invoking toplevel() on ptolemy.moml.MoMLSimpleApplication@12b2f4c4
reloadAllAccessors: .SetVariable2

===========================================================================================
----------------- testing Sat Jan 04 22:18:39 UTC 2020 /home/travis/build/icyphy/ptII/ptolemy/actor/lib/test/auto/SetVariable3.xml
----------------- Instantiating /home/travis/build/icyphy/ptII/ptolemy/actor/lib/test/auto/SetVariable3.xml
6 ms. Memory: 438272K Free: 151044K (34%)
----------------- Invoking toplevel() on ptolemy.moml.MoMLSimpleApplication@473d54ba
----------------- Done invoking toplevel() on ptolemy.moml.MoMLSimpleApplication@473d54ba
reloadAllAccessors: .SetVariable3

===========================================================================================
----------------- testing Sat Jan 04 22:18:39 UTC 2020 /home/travis/build/icyphy/ptII/ptolemy/actor/lib/test/auto/SetVariable4.xml
----------------- Instantiating /home/travis/build/icyphy/ptII/ptolemy/actor/lib/test/auto/SetVariable4.xml
15 ms. Memory: 438272K Free: 141828K (32%)
----------------- Invoking toplevel() on ptolemy.moml.MoMLSimpleApplication@66daa2f7
----------------- Done invoking toplevel() on ptolemy.moml.MoMLSimpleApplication@66daa2f7
reloadAllAccessors: .SetVariable4

===========================================================================================
----------------- testing Sat Jan 04 22:18:39 UTC 2020 /home/travis/build/icyphy/ptII/ptolemy/actor/lib/test/auto/SetVariable5.xml
----------------- Instantiating /home/travis/build/icyphy/ptII/ptolemy/actor/lib/test/auto/SetVariable5.xml
16 ms. Memory: 438272K Free: 133126K (30%)
----------------- Invoking toplevel() on ptolemy.moml.MoMLSimpleApplication@1a1f6e1d
----------------- Done invoking toplevel() on ptolemy.moml.MoMLSimpleApplication@1a1f6e1d
reloadAllAccessors: .SetVariable5

===========================================================================================
----------------- testing Sat Jan 04 22:18:39 UTC 2020 /home/travis/build/icyphy/ptII/ptolemy/actor/lib/test/auto/Sinewave.xml
----------------- Instantiating /home/travis/build/icyphy/ptII/ptolemy/actor/lib/test/auto/Sinewave.xml
3 ms. Memory: 438272K Free: 379705K (87%)
----------------- Invoking toplevel() on ptolemy.moml.MoMLSimpleApplication@321edb16
----------------- Done invoking toplevel() on ptolemy.moml.MoMLSimpleApplication@321edb16
reloadAllAccessors: .Sinewave

===========================================================================================
----------------- testing Sat Jan 04 22:18:39 UTC 2020 /home/travis/build/icyphy/ptII/ptolemy/actor/lib/test/auto/Sinewave2.xml
----------------- Instantiating /home/travis/build/icyphy/ptII/ptolemy/actor/lib/test/auto/Sinewave2.xml
5 ms. Memory: 438272K Free: 371513K (85%)
----------------- Invoking toplevel() on ptolemy.moml.MoMLSimpleApplication@6ba2bf3f
----------------- Done invoking toplevel() on ptolemy.moml.MoMLSimpleApplication@6ba2bf3f
reloadAllAccessors: .Sinewave2

===========================================================================================
----------------- testing Sat Jan 04 22:18:39 UTC 2020 /home/travis/build/icyphy/ptII/ptolemy/actor/lib/test/auto/Sinewave3.xml
----------------- Instantiating /home/travis/build/icyphy/ptII/ptolemy/actor/lib/test/auto/Sinewave3.xml
7 ms. Memory: 438272K Free: 363321K (83%)
----------------- Invoking toplevel() on ptolemy.moml.MoMLSimpleApplication@5dfcddb8
----------------- Done invoking toplevel() on ptolemy.moml.MoMLSimpleApplication@5dfcddb8
reloadAllAccessors: .Sinewave3

===========================================================================================
----------------- testing Sat Jan 04 22:18:39 UTC 2020 /home/travis/build/icyphy/ptII/ptolemy/actor/lib/test/auto/SingleEvent.xml
----------------- Instantiating /home/travis/build/icyphy/ptII/ptolemy/actor/lib/test/auto/SingleEvent.xml
1 ms. Memory: 438272K Free: 359225K (82%)
----------------- Invoking toplevel() on ptolemy.moml.MoMLSimpleApplication@56df2dc5
----------------- Done invoking toplevel() on ptolemy.moml.MoMLSimpleApplication@56df2dc5
reloadAllAccessors: .SingleEvent

===========================================================================================
----------------- testing Sat Jan 04 22:18:39 UTC 2020 /home/travis/build/icyphy/ptII/ptolemy/actor/lib/test/auto/Sleep.xml
----------------- Instantiating /home/travis/build/icyphy/ptII/ptolemy/actor/lib/test/auto/Sleep.xml
6004 ms. Memory: 438272K Free: 353577K (81%)
----------------- Invoking toplevel() on ptolemy.moml.MoMLSimpleApplication@42d32fcc
----------------- Done invoking toplevel() on ptolemy.moml.MoMLSimpleApplication@42d32fcc
reloadAllAccessors: .Sleep

===========================================================================================
----------------- testing Sat Jan 04 22:18:45 UTC 2020 /home/travis/build/icyphy/ptII/ptolemy/actor/lib/test/auto/SleepMultipleFire.xml
----------------- Instantiating /home/travis/build/icyphy/ptII/ptolemy/actor/lib/test/auto/SleepMultipleFire.xml
1003 ms. Memory: 438272K Free: 347961K (79%)
----------------- Invoking toplevel() on ptolemy.moml.MoMLSimpleApplication@1beb2f20
----------------- Done invoking toplevel() on ptolemy.moml.MoMLSimpleApplication@1beb2f20
reloadAllAccessors: .SleepMultipleFire

===========================================================================================
----------------- testing Sat Jan 04 22:18:46 UTC 2020 /home/travis/build/icyphy/ptII/ptolemy/actor/lib/test/auto/StopDE.xml
----------------- Instantiating /home/travis/build/icyphy/ptII/ptolemy/actor/lib/test/auto/StopDE.xml
4 ms. Memory: 438272K Free: 342327K (78%)
----------------- Invoking toplevel() on ptolemy.moml.MoMLSimpleApplication@4ce155d1
----------------- Done invoking toplevel() on ptolemy.moml.MoMLSimpleApplication@4ce155d1
reloadAllAccessors: .StopDE

===========================================================================================
----------------- testing Sat Jan 04 22:18:46 UTC 2020 /home/travis/build/icyphy/ptII/ptolemy/actor/lib/test/auto/StopSDF.xml
----------------- Instantiating /home/travis/build/icyphy/ptII/ptolemy/actor/lib/test/auto/StopSDF.xml
3 ms. Memory: 438272K Free: 337207K (77%)
----------------- Invoking toplevel() on ptolemy.moml.MoMLSimpleApplication@1e92db14
----------------- Done invoking toplevel() on ptolemy.moml.MoMLSimpleApplication@1e92db14
reloadAllAccessors: .StopSDF

===========================================================================================
----------------- testing Sat Jan 04 22:18:46 UTC 2020 /home/travis/build/icyphy/ptII/ptolemy/actor/lib/test/auto/StringConstant.xml
----------------- Instantiating /home/travis/build/icyphy/ptII/ptolemy/actor/lib/test/auto/StringConstant.xml
8 ms. Memory: 438272K Free: 333079K (76%)
----------------- Invoking toplevel() on ptolemy.moml.MoMLSimpleApplication@337c9b76
----------------- Done invoking toplevel() on ptolemy.moml.MoMLSimpleApplication@337c9b76
reloadAllAccessors: .StringConstant

===========================================================================================
----------------- testing Sat Jan 04 22:18:46 UTC 2020 /home/travis/build/icyphy/ptII/ptolemy/actor/lib/test/auto/SubscriberPortInitialValues1.xml
----------------- Instantiating /home/travis/build/icyphy/ptII/ptolemy/actor/lib/test/auto/SubscriberPortInitialValues1.xml
8 ms. Memory: 438272K Free: 323895K (74%)
----------------- Invoking toplevel() on ptolemy.moml.MoMLSimpleApplication@29c40866
----------------- Done invoking toplevel() on ptolemy.moml.MoMLSimpleApplication@29c40866
reloadAllAccessors: .SubscriberPortInitialValues1

===========================================================================================
----------------- testing Sat Jan 04 22:18:46 UTC 2020 /home/travis/build/icyphy/ptII/ptolemy/actor/lib/test/auto/SubscriberPortInitialValues13.xml
----------------- Instantiating /home/travis/build/icyphy/ptII/ptolemy/actor/lib/test/auto/SubscriberPortInitialValues13.xml
8 ms. Memory: 438272K Free: 311607K (71%)
----------------- Invoking toplevel() on ptolemy.moml.MoMLSimpleApplication@4f1ab5f3
----------------- Done invoking toplevel() on ptolemy.moml.MoMLSimpleApplication@4f1ab5f3
reloadAllAccessors: .SubscriberPortInitialValues13

===========================================================================================
----------------- testing Sat Jan 04 22:18:46 UTC 2020 /home/travis/build/icyphy/ptII/ptolemy/actor/lib/test/auto/SubscriberPortInitialValues14.xml
----------------- Instantiating /home/travis/build/icyphy/ptII/ptolemy/actor/lib/test/auto/SubscriberPortInitialValues14.xml
5 ms. Memory: 438272K Free: 303929K (69%)
----------------- Invoking toplevel() on ptolemy.moml.MoMLSimpleApplication@10012439
----------------- Done invoking toplevel() on ptolemy.moml.MoMLSimpleApplication@10012439
reloadAllAccessors: .SubscriberPortInitialValues14

===========================================================================================
----------------- testing Sat Jan 04 22:18:46 UTC 2020 /home/travis/build/icyphy/ptII/ptolemy/actor/lib/test/auto/SubscriberPortInitialValues2.xml
----------------- Instantiating /home/travis/build/icyphy/ptII/ptolemy/actor/lib/test/auto/SubscriberPortInitialValues2.xml
3 ms. Memory: 438272K Free: 296247K (68%)
----------------- Invoking toplevel() on ptolemy.moml.MoMLSimpleApplication@2397fb2b
----------------- Done invoking toplevel() on ptolemy.moml.MoMLSimpleApplication@2397fb2b
reloadAllAccessors: .SubscriberPortInitialValues2

===========================================================================================
----------------- testing Sat Jan 04 22:18:46 UTC 2020 /home/travis/build/icyphy/ptII/ptolemy/actor/lib/test/auto/SubscriberPortInitialValues3.xml
----------------- Instantiating /home/travis/build/icyphy/ptII/ptolemy/actor/lib/test/auto/SubscriberPortInitialValues3.xml
7 ms. Memory: 438272K Free: 285497K (65%)
----------------- Invoking toplevel() on ptolemy.moml.MoMLSimpleApplication@599a861
----------------- Done invoking toplevel() on ptolemy.moml.MoMLSimpleApplication@599a861
reloadAllAccessors: .SubscriberPortInitialValues3

===========================================================================================
----------------- testing Sat Jan 04 22:18:46 UTC 2020 /home/travis/build/icyphy/ptII/ptolemy/actor/lib/test/auto/SubscriptionAggregator.xml
----------------- Instantiating /home/travis/build/icyphy/ptII/ptolemy/actor/lib/test/auto/SubscriptionAggregator.xml
2 ms. Memory: 438272K Free: 278825K (64%)
----------------- Invoking toplevel() on ptolemy.moml.MoMLSimpleApplication@75105d03
----------------- Done invoking toplevel() on ptolemy.moml.MoMLSimpleApplication@75105d03
reloadAllAccessors: .SubscriptionAggregator

===========================================================================================
----------------- testing Sat Jan 04 22:18:46 UTC 2020 /home/travis/build/icyphy/ptII/ptolemy/actor/lib/test/auto/SubscriptionAggregator2.xml
----------------- Instantiating /home/travis/build/icyphy/ptII/ptolemy/actor/lib/test/auto/SubscriptionAggregator2.xml
3 ms. Memory: 438272K Free: 272185K (62%)
----------------- Invoking toplevel() on ptolemy.moml.MoMLSimpleApplication@153c94d2
----------------- Done invoking toplevel() on ptolemy.moml.MoMLSimpleApplication@153c94d2
reloadAllAccessors: .SubscriptionAggregator2

===========================================================================================
----------------- testing Sat Jan 04 22:18:46 UTC 2020 /home/travis/build/icyphy/ptII/ptolemy/actor/lib/test/auto/SubscriptionAggregator3.xml
----------------- Instantiating /home/travis/build/icyphy/ptII/ptolemy/actor/lib/test/auto/SubscriptionAggregator3.xml
4 ms. Memory: 438272K Free: 263473K (60%)
----------------- Invoking toplevel() on ptolemy.moml.MoMLSimpleApplication@788626ca
----------------- Done invoking toplevel() on ptolemy.moml.MoMLSimpleApplication@788626ca
reloadAllAccessors: .SubscriptionAggregator3

===========================================================================================
----------------- testing Sat Jan 04 22:18:46 UTC 2020 /home/travis/build/icyphy/ptII/ptolemy/actor/lib/test/auto/SubscriptionAggregatorMultiply.xml
----------------- Instantiating /home/travis/build/icyphy/ptII/ptolemy/actor/lib/test/auto/SubscriptionAggregatorMultiply.xml
3 ms. Memory: 438272K Free: 255281K (58%)
----------------- Invoking toplevel() on ptolemy.moml.MoMLSimpleApplication@5094514
----------------- Done invoking toplevel() on ptolemy.moml.MoMLSimpleApplication@5094514
reloadAllAccessors: .SubscriptionAggregatorMultiply

===========================================================================================
----------------- testing Sat Jan 04 22:18:46 UTC 2020 /home/travis/build/icyphy/ptII/ptolemy/actor/lib/test/auto/SubscriptionAggregatorPortMultiply1.xml
----------------- Instantiating /home/travis/build/icyphy/ptII/ptolemy/actor/lib/test/auto/SubscriptionAggregatorPortMultiply1.xml
3 ms. Memory: 438272K Free: 247609K (56%)
----------------- Invoking toplevel() on ptolemy.moml.MoMLSimpleApplication@47c3c129
----------------- Done invoking toplevel() on ptolemy.moml.MoMLSimpleApplication@47c3c129
reloadAllAccessors: .SubscriptionAggregatorPortMultiply1

===========================================================================================
----------------- testing Sat Jan 04 22:18:46 UTC 2020 /home/travis/build/icyphy/ptII/ptolemy/actor/lib/test/auto/Switch.xml
----------------- Instantiating /home/travis/build/icyphy/ptII/ptolemy/actor/lib/test/auto/Switch.xml
6 ms. Memory: 438272K Free: 239417K (55%)
----------------- Invoking toplevel() on ptolemy.moml.MoMLSimpleApplication@2c0c1680
----------------- Done invoking toplevel() on ptolemy.moml.MoMLSimpleApplication@2c0c1680
reloadAllAccessors: .Switch

===========================================================================================
----------------- testing Sat Jan 04 22:18:46 UTC 2020 /home/travis/build/icyphy/ptII/ptolemy/actor/lib/test/auto/Switch2.xml
----------------- Instantiating /home/travis/build/icyphy/ptII/ptolemy/actor/lib/test/auto/Switch2.xml
1 ms. Memory: 438272K Free: 234807K (54%)
----------------- Invoking toplevel() on ptolemy.moml.MoMLSimpleApplication@6c4dc19e
----------------- Done invoking toplevel() on ptolemy.moml.MoMLSimpleApplication@6c4dc19e
reloadAllAccessors: .Switch2

===========================================================================================
----------------- testing Sat Jan 04 22:18:46 UTC 2020 /home/travis/build/icyphy/ptII/ptolemy/actor/lib/test/auto/SwitchDE.xml
----------------- Instantiating /home/travis/build/icyphy/ptII/ptolemy/actor/lib/test/auto/SwitchDE.xml
3 ms. Memory: 438272K Free: 228633K (52%)
----------------- Invoking toplevel() on ptolemy.moml.MoMLSimpleApplication@2bbb9555
----------------- Done invoking toplevel() on ptolemy.moml.MoMLSimpleApplication@2bbb9555
reloadAllAccessors: .SwitchDE

===========================================================================================
----------------- testing Sat Jan 04 22:18:46 UTC 2020 /home/travis/build/icyphy/ptII/ptolemy/actor/lib/test/auto/SynchronizerDE.xml
----------------- Instantiating /home/travis/build/icyphy/ptII/ptolemy/actor/lib/test/auto/SynchronizerDE.xml
6 ms. Memory: 438272K Free: 220441K (50%)
----------------- Invoking toplevel() on ptolemy.moml.MoMLSimpleApplication@74d6a31f
----------------- Done invoking toplevel() on ptolemy.moml.MoMLSimpleApplication@74d6a31f
reloadAllAccessors: .SynchronizerDE

===========================================================================================
----------------- testing Sat Jan 04 22:18:46 UTC 2020 /home/travis/build/icyphy/ptII/ptolemy/actor/lib/test/auto/Test.xml
----------------- Instantiating /home/travis/build/icyphy/ptII/ptolemy/actor/lib/test/auto/Test.xml
2 ms. Memory: 438272K Free: 215321K (49%)
----------------- Invoking toplevel() on ptolemy.moml.MoMLSimpleApplication@599d90bb
----------------- Done invoking toplevel() on ptolemy.moml.MoMLSimpleApplication@599d90bb
reloadAllAccessors: .Test

===========================================================================================
----------------- testing Sat Jan 04 22:18:46 UTC 2020 /home/travis/build/icyphy/ptII/ptolemy/actor/lib/test/auto/TestExceptionAttribute1.xml
----------------- Instantiating /home/travis/build/icyphy/ptII/ptolemy/actor/lib/test/auto/TestExceptionAttribute1.xml
1 ms. Memory: 438272K Free: 211769K (48%)
----------------- Invoking toplevel() on ptolemy.moml.MoMLSimpleApplication@2bfc25c8
----------------- Done invoking toplevel() on ptolemy.moml.MoMLSimpleApplication@2bfc25c8
reloadAllAccessors: .TestExceptionAttribute1

===========================================================================================
----------------- testing Sat Jan 04 22:18:46 UTC 2020 /home/travis/build/icyphy/ptII/ptolemy/actor/lib/test/auto/TestExceptionAttribute2.xml
----------------- Instantiating /home/travis/build/icyphy/ptII/ptolemy/actor/lib/test/auto/TestExceptionAttribute2.xml
1 ms. Memory: 438272K Free: 208183K (48%)
----------------- Invoking toplevel() on ptolemy.moml.MoMLSimpleApplication@7db7d688
----------------- Done invoking toplevel() on ptolemy.moml.MoMLSimpleApplication@7db7d688
reloadAllAccessors: .TestExceptionAttribute2

===========================================================================================
----------------- testing Sat Jan 04 22:18:46 UTC 2020 /home/travis/build/icyphy/ptII/ptolemy/actor/lib/test/auto/TestExceptionAttribute3.xml
----------------- Instantiating /home/travis/build/icyphy/ptII/ptolemy/actor/lib/test/auto/TestExceptionAttribute3.xml
.TestExceptionAttribute3.TestExceptionAttribute: initialize() was not invoked, but wrapup() was.  This is unusual, but not always a problem.  For example, exporting JNLP will do this.
1 ms. Memory: 438272K Free: 204601K (47%)
----------------- Invoking toplevel() on ptolemy.moml.MoMLSimpleApplication@58278757
----------------- Done invoking toplevel() on ptolemy.moml.MoMLSimpleApplication@58278757
reloadAllAccessors: .TestExceptionAttribute3

===========================================================================================
----------------- testing Sat Jan 04 22:18:46 UTC 2020 /home/travis/build/icyphy/ptII/ptolemy/actor/lib/test/auto/TestExceptionAttribute4.xml
----------------- Instantiating /home/travis/build/icyphy/ptII/ptolemy/actor/lib/test/auto/TestExceptionAttribute4.xml
.TestExceptionAttribute4.TestExceptionAttribute: initialize() was not invoked, but wrapup() was.  This is unusual, but not always a problem.  For example, exporting JNLP will do this.
.TestExceptionAttribute4.TestExceptionAttribute2: initialize() was not invoked, but wrapup() was.  This is unusual, but not always a problem.  For example, exporting JNLP will do this.
1 ms. Memory: 438272K Free: 200505K (46%)
----------------- Invoking toplevel() on ptolemy.moml.MoMLSimpleApplication@b94fc66
----------------- Done invoking toplevel() on ptolemy.moml.MoMLSimpleApplication@b94fc66
reloadAllAccessors: .TestExceptionAttribute4

===========================================================================================
----------------- testing Sat Jan 04 22:18:46 UTC 2020 /home/travis/build/icyphy/ptII/ptolemy/actor/lib/test/auto/TestExceptionHandler1.xml
----------------- Instantiating /home/travis/build/icyphy/ptII/ptolemy/actor/lib/test/auto/TestExceptionHandler1.xml
1 ms. Memory: 438272K Free: 196919K (45%)
----------------- Invoking toplevel() on ptolemy.moml.MoMLSimpleApplication@12108b8d
----------------- Done invoking toplevel() on ptolemy.moml.MoMLSimpleApplication@12108b8d
reloadAllAccessors: .TestExceptionHandler1

===========================================================================================
----------------- testing Sat Jan 04 22:18:46 UTC 2020 /home/travis/build/icyphy/ptII/ptolemy/actor/lib/test/auto/TestExceptionHandler2.xml
----------------- Instantiating /home/travis/build/icyphy/ptII/ptolemy/actor/lib/test/auto/TestExceptionHandler2.xml
2 ms. Memory: 438272K Free: 193337K (44%)
----------------- Invoking toplevel() on ptolemy.moml.MoMLSimpleApplication@12d77a10
----------------- Done invoking toplevel() on ptolemy.moml.MoMLSimpleApplication@12d77a10
reloadAllAccessors: .TestExceptionHandler2

===========================================================================================
----------------- testing Sat Jan 04 22:18:46 UTC 2020 /home/travis/build/icyphy/ptII/ptolemy/actor/lib/test/auto/TestExceptionHandler3.xml
----------------- Instantiating /home/travis/build/icyphy/ptII/ptolemy/actor/lib/test/auto/TestExceptionHandler3.xml
0 ms. Memory: 438272K Free: 189751K (43%)
----------------- Invoking toplevel() on ptolemy.moml.MoMLSimpleApplication@6d5bc39
----------------- Done invoking toplevel() on ptolemy.moml.MoMLSimpleApplication@6d5bc39
reloadAllAccessors: .TestExceptionHandler3

===========================================================================================
----------------- testing Sat Jan 04 22:18:46 UTC 2020 /home/travis/build/icyphy/ptII/ptolemy/actor/lib/test/auto/TestExceptionHandler4.xml
----------------- Instantiating /home/travis/build/icyphy/ptII/ptolemy/actor/lib/test/auto/TestExceptionHandler4.xml
0 ms. Memory: 438272K Free: 185145K (42%)
----------------- Invoking toplevel() on ptolemy.moml.MoMLSimpleApplication@4242611b
----------------- Done invoking toplevel() on ptolemy.moml.MoMLSimpleApplication@4242611b
reloadAllAccessors: .TestExceptionHandler4

===========================================================================================
----------------- testing Sat Jan 04 22:18:46 UTC 2020 /home/travis/build/icyphy/ptII/ptolemy/actor/lib/test/auto/TestRequireCorrectOrder.xml
----------------- Instantiating /home/travis/build/icyphy/ptII/ptolemy/actor/lib/test/auto/TestRequireCorrectOrder.xml
9 ms. Memory: 438272K Free: 180025K (41%)
----------------- Invoking toplevel() on ptolemy.moml.MoMLSimpleApplication@2075fb26
----------------- Done invoking toplevel() on ptolemy.moml.MoMLSimpleApplication@2075fb26
reloadAllAccessors: .TestRequireCorrectOrder

===========================================================================================
----------------- testing Sat Jan 04 22:18:46 UTC 2020 /home/travis/build/icyphy/ptII/ptolemy/actor/lib/test/auto/TestSimple.xml
----------------- Instantiating /home/travis/build/icyphy/ptII/ptolemy/actor/lib/test/auto/TestSimple.xml
2 ms. Memory: 438272K Free: 175929K (40%)
----------------- Invoking toplevel() on ptolemy.moml.MoMLSimpleApplication@200faabe
----------------- Done invoking toplevel() on ptolemy.moml.MoMLSimpleApplication@200faabe
reloadAllAccessors: .TestSimple

===========================================================================================
----------------- testing Sat Jan 04 22:18:46 UTC 2020 /home/travis/build/icyphy/ptII/ptolemy/actor/lib/test/auto/ThrowModelError.xml
----------------- Instantiating /home/travis/build/icyphy/ptII/ptolemy/actor/lib/test/auto/ThrowModelError.xml
1 ms. Memory: 438272K Free: 171319K (39%)
----------------- Invoking toplevel() on ptolemy.moml.MoMLSimpleApplication@5b78008b
----------------- Done invoking toplevel() on ptolemy.moml.MoMLSimpleApplication@5b78008b
reloadAllAccessors: .ThrowModelError

===========================================================================================
----------------- testing Sat Jan 04 22:18:46 UTC 2020 /home/travis/build/icyphy/ptII/ptolemy/actor/lib/test/auto/TimeDelayMicrosteps.xml
----------------- Instantiating /home/travis/build/icyphy/ptII/ptolemy/actor/lib/test/auto/TimeDelayMicrosteps.xml
3 ms. Memory: 438272K Free: 164665K (38%)
----------------- Invoking toplevel() on ptolemy.moml.MoMLSimpleApplication@415577f9
----------------- Done invoking toplevel() on ptolemy.moml.MoMLSimpleApplication@415577f9
reloadAllAccessors: .TimeDelayMicrosteps

===========================================================================================
----------------- testing Sat Jan 04 22:18:46 UTC 2020 /home/travis/build/icyphy/ptII/ptolemy/actor/lib/test/auto/TimeDelayMicrosteps2.xml
----------------- Instantiating /home/travis/build/icyphy/ptII/ptolemy/actor/lib/test/auto/TimeDelayMicrosteps2.xml
4 ms. Memory: 438272K Free: 157497K (36%)
----------------- Invoking toplevel() on ptolemy.moml.MoMLSimpleApplication@28ef2f17
----------------- Done invoking toplevel() on ptolemy.moml.MoMLSimpleApplication@28ef2f17
reloadAllAccessors: .TimeDelayMicrosteps2

===========================================================================================
----------------- testing Sat Jan 04 22:18:46 UTC 2020 /home/travis/build/icyphy/ptII/ptolemy/actor/lib/test/auto/TimeDelayMicrosteps3.xml
----------------- Instantiating /home/travis/build/icyphy/ptII/ptolemy/actor/lib/test/auto/TimeDelayMicrosteps3.xml
3 ms. Memory: 438272K Free: 150809K (34%)
----------------- Invoking toplevel() on ptolemy.moml.MoMLSimpleApplication@16170776
----------------- Done invoking toplevel() on ptolemy.moml.MoMLSimpleApplication@16170776
reloadAllAccessors: .TimeDelayMicrosteps3

===========================================================================================
----------------- testing Sat Jan 04 22:18:46 UTC 2020 /home/travis/build/icyphy/ptII/ptolemy/actor/lib/test/auto/TimeDelayVariableMicrosteps.xml
----------------- Instantiating /home/travis/build/icyphy/ptII/ptolemy/actor/lib/test/auto/TimeDelayVariableMicrosteps.xml
3 ms. Memory: 438272K Free: 144695K (33%)
----------------- Invoking toplevel() on ptolemy.moml.MoMLSimpleApplication@64fdded5
----------------- Done invoking toplevel() on ptolemy.moml.MoMLSimpleApplication@64fdded5
reloadAllAccessors: .TimeDelayVariableMicrosteps

===========================================================================================
----------------- testing Sat Jan 04 22:18:46 UTC 2020 /home/travis/build/icyphy/ptII/ptolemy/actor/lib/test/auto/TimeGap.xml
----------------- Instantiating /home/travis/build/icyphy/ptII/ptolemy/actor/lib/test/auto/TimeGap.xml
3 ms. Memory: 438272K Free: 139545K (32%)
----------------- Invoking toplevel() on ptolemy.moml.MoMLSimpleApplication@31cf4803
----------------- Done invoking toplevel() on ptolemy.moml.MoMLSimpleApplication@31cf4803
reloadAllAccessors: .TimeGap

===========================================================================================
----------------- testing Sat Jan 04 22:18:46 UTC 2020 /home/travis/build/icyphy/ptII/ptolemy/actor/lib/test/auto/TimeGap2.xml
----------------- Instantiating /home/travis/build/icyphy/ptII/ptolemy/actor/lib/test/auto/TimeGap2.xml
1 ms. Memory: 438272K Free: 133945K (31%)
----------------- Invoking toplevel() on ptolemy.moml.MoMLSimpleApplication@3db96394
----------------- Done invoking toplevel() on ptolemy.moml.MoMLSimpleApplication@3db96394
reloadAllAccessors: .TimeGap2

===========================================================================================
----------------- testing Sat Jan 04 22:18:46 UTC 2020 /home/travis/build/icyphy/ptII/ptolemy/actor/lib/test/auto/TimedSinewave.xml
----------------- Instantiating /home/travis/build/icyphy/ptII/ptolemy/actor/lib/test/auto/TimedSinewave.xml
26 ms. Memory: 438272K Free: 378404K (86%)
----------------- Invoking toplevel() on ptolemy.moml.MoMLSimpleApplication@2baed4cd
----------------- Done invoking toplevel() on ptolemy.moml.MoMLSimpleApplication@2baed4cd
reloadAllAccessors: .TimedSinewave

===========================================================================================
----------------- testing Sat Jan 04 22:18:47 UTC 2020 /home/travis/build/icyphy/ptII/ptolemy/actor/lib/test/auto/TimedSinewavePhase.xml
----------------- Instantiating /home/travis/build/icyphy/ptII/ptolemy/actor/lib/test/auto/TimedSinewavePhase.xml
9 ms. Memory: 438272K Free: 368164K (84%)
----------------- Invoking toplevel() on ptolemy.moml.MoMLSimpleApplication@67d27099
----------------- Done invoking toplevel() on ptolemy.moml.MoMLSimpleApplication@67d27099
reloadAllAccessors: .TimedSinewavePhase

===========================================================================================
----------------- testing Sat Jan 04 22:18:47 UTC 2020 /home/travis/build/icyphy/ptII/ptolemy/actor/lib/test/auto/Timer.xml
----------------- Instantiating /home/travis/build/icyphy/ptII/ptolemy/actor/lib/test/auto/Timer.xml
4 ms. Memory: 438272K Free: 362534K (83%)
----------------- Invoking toplevel() on ptolemy.moml.MoMLSimpleApplication@5a9440ee
----------------- Done invoking toplevel() on ptolemy.moml.MoMLSimpleApplication@5a9440ee
reloadAllAccessors: .Timer

===========================================================================================
----------------- testing Sat Jan 04 22:18:47 UTC 2020 /home/travis/build/icyphy/ptII/ptolemy/actor/lib/test/auto/TriangularDistTestModel.xml
----------------- Instantiating /home/travis/build/icyphy/ptII/ptolemy/actor/lib/test/auto/TriangularDistTestModel.xml
1 ms. Memory: 438272K Free: 356870K (81%)
----------------- Invoking toplevel() on ptolemy.moml.MoMLSimpleApplication@4cdaf2c1
----------------- Done invoking toplevel() on ptolemy.moml.MoMLSimpleApplication@4cdaf2c1
reloadAllAccessors: .TriangularDistTestModel

===========================================================================================
----------------- testing Sat Jan 04 22:18:47 UTC 2020 /home/travis/build/icyphy/ptII/ptolemy/actor/lib/test/auto/TrigFunction.xml
----------------- Instantiating /home/travis/build/icyphy/ptII/ptolemy/actor/lib/test/auto/TrigFunction.xml
2 ms. Memory: 438272K Free: 352294K (80%)
----------------- Invoking toplevel() on ptolemy.moml.MoMLSimpleApplication@693a3bf6
----------------- Done invoking toplevel() on ptolemy.moml.MoMLSimpleApplication@693a3bf6
reloadAllAccessors: .TrigFunction

===========================================================================================
----------------- testing Sat Jan 04 22:18:47 UTC 2020 /home/travis/build/icyphy/ptII/ptolemy/actor/lib/test/auto/TrigFunctionDE.xml
----------------- Instantiating /home/travis/build/icyphy/ptII/ptolemy/actor/lib/test/auto/TrigFunctionDE.xml
1 ms. Memory: 438272K Free: 346654K (79%)
----------------- Invoking toplevel() on ptolemy.moml.MoMLSimpleApplication@6bfd7b80
----------------- Done invoking toplevel() on ptolemy.moml.MoMLSimpleApplication@6bfd7b80
reloadAllAccessors: .TrigFunctionDE

===========================================================================================
----------------- testing Sat Jan 04 22:18:47 UTC 2020 /home/travis/build/icyphy/ptII/ptolemy/actor/lib/test/auto/TrigFunctionInverse.xml
----------------- Instantiating /home/travis/build/icyphy/ptII/ptolemy/actor/lib/test/auto/TrigFunctionInverse.xml
2 ms. Memory: 438272K Free: 341540K (78%)
----------------- Invoking toplevel() on ptolemy.moml.MoMLSimpleApplication@28901ab7
----------------- Done invoking toplevel() on ptolemy.moml.MoMLSimpleApplication@28901ab7
reloadAllAccessors: .TrigFunctionInverse

===========================================================================================
----------------- testing Sat Jan 04 22:18:47 UTC 2020 /home/travis/build/icyphy/ptII/ptolemy/actor/lib/test/auto/TrigFunctionTan.xml
----------------- Instantiating /home/travis/build/icyphy/ptII/ptolemy/actor/lib/test/auto/TrigFunctionTan.xml
1 ms. Memory: 438272K Free: 337444K (77%)
----------------- Invoking toplevel() on ptolemy.moml.MoMLSimpleApplication@203064c8
----------------- Done invoking toplevel() on ptolemy.moml.MoMLSimpleApplication@203064c8
reloadAllAccessors: .TrigFunctionTan

===========================================================================================
----------------- testing Sat Jan 04 22:18:47 UTC 2020 /home/travis/build/icyphy/ptII/ptolemy/actor/lib/test/auto/TriggeredClock.xml
----------------- Instantiating /home/travis/build/icyphy/ptII/ptolemy/actor/lib/test/auto/TriggeredClock.xml
2 ms. Memory: 438272K Free: 332822K (76%)
----------------- Invoking toplevel() on ptolemy.moml.MoMLSimpleApplication@7f6fbcc3
----------------- Done invoking toplevel() on ptolemy.moml.MoMLSimpleApplication@7f6fbcc3
reloadAllAccessors: .TriggeredClock

===========================================================================================
----------------- testing Sat Jan 04 22:18:47 UTC 2020 /home/travis/build/icyphy/ptII/ptolemy/actor/lib/test/auto/URLDirectoryReader.xml
----------------- Instantiating /home/travis/build/icyphy/ptII/ptolemy/actor/lib/test/auto/URLDirectoryReader.xml
25 ms. Memory: 438272K Free: 323108K (74%)
----------------- Invoking toplevel() on ptolemy.moml.MoMLSimpleApplication@c90c789
----------------- Done invoking toplevel() on ptolemy.moml.MoMLSimpleApplication@c90c789
reloadAllAccessors: .URLDirectoryReader

===========================================================================================
----------------- testing Sat Jan 04 22:18:47 UTC 2020 /home/travis/build/icyphy/ptII/ptolemy/actor/lib/test/auto/URLDirectoryReader3.xml
----------------- Instantiating /home/travis/build/icyphy/ptII/ptolemy/actor/lib/test/auto/URLDirectoryReader3.xml
1112 ms. Memory: 438272K Free: 378356K (86%)
----------------- Invoking toplevel() on ptolemy.moml.MoMLSimpleApplication@7bd3323
----------------- Done invoking toplevel() on ptolemy.moml.MoMLSimpleApplication@7bd3323
reloadAllAccessors: .URLDirectoryReader3

===========================================================================================
----------------- testing Sat Jan 04 22:18:48 UTC 2020 /home/travis/build/icyphy/ptII/ptolemy/actor/lib/test/auto/UnaryMathFunction.xml
----------------- Instantiating /home/travis/build/icyphy/ptII/ptolemy/actor/lib/test/auto/UnaryMathFunction.xml
2 ms. Memory: 438272K Free: 370676K (85%)
----------------- Invoking toplevel() on ptolemy.moml.MoMLSimpleApplication@79e9bd2f
----------------- Done invoking toplevel() on ptolemy.moml.MoMLSimpleApplication@79e9bd2f
reloadAllAccessors: .UnaryMathFunction

===========================================================================================
----------------- testing Sat Jan 04 22:18:48 UTC 2020 /home/travis/build/icyphy/ptII/ptolemy/actor/lib/test/auto/Uniform.xml
----------------- Instantiating /home/travis/build/icyphy/ptII/ptolemy/actor/lib/test/auto/Uniform.xml
4 ms. Memory: 438272K Free: 366070K (84%)
----------------- Invoking toplevel() on ptolemy.moml.MoMLSimpleApplication@330d8323
----------------- Done invoking toplevel() on ptolemy.moml.MoMLSimpleApplication@330d8323
reloadAllAccessors: .Uniform

===========================================================================================
----------------- testing Sat Jan 04 22:18:48 UTC 2020 /home/travis/build/icyphy/ptII/ptolemy/actor/lib/test/auto/UnionDisassemblerTest.xml
----------------- Instantiating /home/travis/build/icyphy/ptII/ptolemy/actor/lib/test/auto/UnionDisassemblerTest.xml
13 ms. Memory: 438272K Free: 362484K (83%)
----------------- Invoking toplevel() on ptolemy.moml.MoMLSimpleApplication@5917b7c0
----------------- Done invoking toplevel() on ptolemy.moml.MoMLSimpleApplication@5917b7c0
reloadAllAccessors: .UnionDisassemblerTest

===========================================================================================
----------------- testing Sat Jan 04 22:18:48 UTC 2020 /home/travis/build/icyphy/ptII/ptolemy/actor/lib/test/auto/UtilityFunctions.xml
----------------- Instantiating /home/travis/build/icyphy/ptII/ptolemy/actor/lib/test/auto/UtilityFunctions.xml
0 ms. Memory: 438272K Free: 358388K (82%)
----------------- Invoking toplevel() on ptolemy.moml.MoMLSimpleApplication@2da7477b
----------------- Done invoking toplevel() on ptolemy.moml.MoMLSimpleApplication@2da7477b
reloadAllAccessors: .UtilityFunctions

===========================================================================================
----------------- testing Sat Jan 04 22:18:48 UTC 2020 /home/travis/build/icyphy/ptII/ptolemy/actor/lib/test/auto/VariableSleep.xml
----------------- Instantiating /home/travis/build/icyphy/ptII/ptolemy/actor/lib/test/auto/VariableSleep.xml
502 ms. Memory: 438272K Free: 353268K (81%)
----------------- Invoking toplevel() on ptolemy.moml.MoMLSimpleApplication@60eb5267
----------------- Done invoking toplevel() on ptolemy.moml.MoMLSimpleApplication@60eb5267
reloadAllAccessors: .VariableSleep

===========================================================================================
----------------- testing Sat Jan 04 22:18:49 UTC 2020 /home/travis/build/icyphy/ptII/ptolemy/actor/lib/test/auto/VectorAssemblerDisassemblerCT.xml
----------------- Instantiating /home/travis/build/icyphy/ptII/ptolemy/actor/lib/test/auto/VectorAssemblerDisassemblerCT.xml
62 ms. Memory: 438272K Free: 333302K (76%)
----------------- Invoking toplevel() on ptolemy.moml.MoMLSimpleApplication@338da8cb
----------------- Done invoking toplevel() on ptolemy.moml.MoMLSimpleApplication@338da8cb
reloadAllAccessors: .VectorAssemblerDisassemblerCT

===========================================================================================
----------------- testing Sat Jan 04 22:18:49 UTC 2020 /home/travis/build/icyphy/ptII/ptolemy/actor/lib/test/auto/VectorAssemblerDisassemblerDE.xml
----------------- Instantiating /home/travis/build/icyphy/ptII/ptolemy/actor/lib/test/auto/VectorAssemblerDisassemblerDE.xml
2 ms. Memory: 438272K Free: 326134K (74%)
----------------- Invoking toplevel() on ptolemy.moml.MoMLSimpleApplication@7688d6dd
----------------- Done invoking toplevel() on ptolemy.moml.MoMLSimpleApplication@7688d6dd
reloadAllAccessors: .VectorAssemblerDisassemblerDE

===========================================================================================
----------------- testing Sat Jan 04 22:18:49 UTC 2020 /home/travis/build/icyphy/ptII/ptolemy/actor/lib/test/auto/VectorAssemblerDisassemblerSDF.xml
----------------- Instantiating /home/travis/build/icyphy/ptII/ptolemy/actor/lib/test/auto/VectorAssemblerDisassemblerSDF.xml
2 ms. Memory: 438272K Free: 318966K (73%)
----------------- Invoking toplevel() on ptolemy.moml.MoMLSimpleApplication@5daf64d7
----------------- Done invoking toplevel() on ptolemy.moml.MoMLSimpleApplication@5daf64d7
reloadAllAccessors: .VectorAssemblerDisassemblerSDF

===========================================================================================
----------------- testing Sat Jan 04 22:18:49 UTC 2020 /home/travis/build/icyphy/ptII/ptolemy/actor/lib/test/auto/WallClockTime.xml
----------------- Instantiating /home/travis/build/icyphy/ptII/ptolemy/actor/lib/test/auto/WallClockTime.xml
1002 ms. Memory: 438272K Free: 313846K (72%)
----------------- Invoking toplevel() on ptolemy.moml.MoMLSimpleApplication@4d7e87e
----------------- Done invoking toplevel() on ptolemy.moml.MoMLSimpleApplication@4d7e87e
reloadAllAccessors: .WallClockTime

===========================================================================================
----------------- testing Sat Jan 04 22:18:50 UTC 2020 /home/travis/build/icyphy/ptII/ptolemy/actor/lib/test/auto/WidthTestWithSubscriberPublisher.xml
----------------- Instantiating /home/travis/build/icyphy/ptII/ptolemy/actor/lib/test/auto/WidthTestWithSubscriberPublisher.xml
7 ms. Memory: 438272K Free: 295924K (68%)
----------------- Invoking toplevel() on ptolemy.moml.MoMLSimpleApplication@5bebc0a1
----------------- Done invoking toplevel() on ptolemy.moml.MoMLSimpleApplication@5bebc0a1
reloadAllAccessors: .WidthTestWithSubscriberPublisher

===========================================================================================
----------------- testing Sat Jan 04 22:18:50 UTC 2020 /home/travis/build/icyphy/ptII/ptolemy/actor/lib/test/auto/WidthTestWithSubscriberPublisher2.xml
----------------- Instantiating /home/travis/build/icyphy/ptII/ptolemy/actor/lib/test/auto/WidthTestWithSubscriberPublisher2.xml
2 ms. Memory: 438272K Free: 289780K (66%)
----------------- Invoking toplevel() on ptolemy.moml.MoMLSimpleApplication@4be90a0e
----------------- Done invoking toplevel() on ptolemy.moml.MoMLSimpleApplication@4be90a0e
reloadAllAccessors: .WidthTestWithSubscriberPublisher2

===========================================================================================
----------------- testing Sat Jan 04 22:18:50 UTC 2020 /home/travis/build/icyphy/ptII/ptolemy/actor/lib/test/auto/WidthTestWithSubscriberPublisher3.xml
----------------- Instantiating /home/travis/build/icyphy/ptII/ptolemy/actor/lib/test/auto/WidthTestWithSubscriberPublisher3.xml
2 ms. Memory: 438272K Free: 284150K (65%)
----------------- Invoking toplevel() on ptolemy.moml.MoMLSimpleApplication@628dbb37
----------------- Done invoking toplevel() on ptolemy.moml.MoMLSimpleApplication@628dbb37
reloadAllAccessors: .WidthTestWithSubscriberPublisher3

===========================================================================================
----------------- testing Sat Jan 04 22:18:50 UTC 2020 /home/travis/build/icyphy/ptII/ptolemy/actor/lib/test/auto/Writer.xml
----------------- Instantiating /home/travis/build/icyphy/ptII/ptolemy/actor/lib/test/auto/Writer.xml
0
1
2
3
4
1 ms. Memory: 438272K Free: 280054K (64%)
----------------- Invoking toplevel() on ptolemy.moml.MoMLSimpleApplication@3cacaa75
----------------- Done invoking toplevel() on ptolemy.moml.MoMLSimpleApplication@3cacaa75
reloadAllAccessors: .Writer

===========================================================================================
----------------- testing Sat Jan 04 22:18:50 UTC 2020 /home/travis/build/icyphy/ptII/ptolemy/actor/lib/test/auto/array.xml
----------------- Instantiating /home/travis/build/icyphy/ptII/ptolemy/actor/lib/test/auto/array.xml
2 ms. Memory: 438272K Free: 275444K (63%)
----------------- Invoking toplevel() on ptolemy.moml.MoMLSimpleApplication@4457661b
----------------- Done invoking toplevel() on ptolemy.moml.MoMLSimpleApplication@4457661b
reloadAllAccessors: .array

===========================================================================================
----------------- testing Sat Jan 04 22:18:50 UTC 2020 /home/travis/build/icyphy/ptII/ptolemy/actor/lib/test/auto/array2.xml
----------------- Instantiating /home/travis/build/icyphy/ptII/ptolemy/actor/lib/test/auto/array2.xml
13 ms. Memory: 438272K Free: 270310K (62%)
----------------- Invoking toplevel() on ptolemy.moml.MoMLSimpleApplication@5393df93
----------------- Done invoking toplevel() on ptolemy.moml.MoMLSimpleApplication@5393df93
reloadAllAccessors: .array2

===========================================================================================
----------------- testing Sat Jan 04 22:18:50 UTC 2020 /home/travis/build/icyphy/ptII/ptolemy/actor/lib/test/auto/arrayType.xml
----------------- Instantiating /home/travis/build/icyphy/ptII/ptolemy/actor/lib/test/auto/arrayType.xml
2 ms. Memory: 438272K Free: 265204K (61%)
----------------- Invoking toplevel() on ptolemy.moml.MoMLSimpleApplication@689476a4
----------------- Done invoking toplevel() on ptolemy.moml.MoMLSimpleApplication@689476a4
reloadAllAccessors: .arrayType

===========================================================================================
----------------- testing Sat Jan 04 22:18:50 UTC 2020 /home/travis/build/icyphy/ptII/ptolemy/actor/lib/test/auto/arrayType10.xml
----------------- Instantiating /home/travis/build/icyphy/ptII/ptolemy/actor/lib/test/auto/arrayType10.xml
1 ms. Memory: 438272K Free: 260598K (59%)
----------------- Invoking toplevel() on ptolemy.moml.MoMLSimpleApplication@3261ddc1
----------------- Done invoking toplevel() on ptolemy.moml.MoMLSimpleApplication@3261ddc1
reloadAllAccessors: .arrayType10

===========================================================================================
----------------- testing Sat Jan 04 22:18:50 UTC 2020 /home/travis/build/icyphy/ptII/ptolemy/actor/lib/test/auto/arrayType11.xml
----------------- Instantiating /home/travis/build/icyphy/ptII/ptolemy/actor/lib/test/auto/arrayType11.xml
1 ms. Memory: 438272K Free: 255988K (58%)
----------------- Invoking toplevel() on ptolemy.moml.MoMLSimpleApplication@578cb437
----------------- Done invoking toplevel() on ptolemy.moml.MoMLSimpleApplication@578cb437
reloadAllAccessors: .arrayType11

===========================================================================================
----------------- testing Sat Jan 04 22:18:50 UTC 2020 /home/travis/build/icyphy/ptII/ptolemy/actor/lib/test/auto/arrayType12.xml
----------------- Instantiating /home/travis/build/icyphy/ptII/ptolemy/actor/lib/test/auto/arrayType12.xml
1 ms. Memory: 438272K Free: 250868K (57%)
----------------- Invoking toplevel() on ptolemy.moml.MoMLSimpleApplication@29e3a5a6
----------------- Done invoking toplevel() on ptolemy.moml.MoMLSimpleApplication@29e3a5a6
reloadAllAccessors: .arrayType12

===========================================================================================
----------------- testing Sat Jan 04 22:18:50 UTC 2020 /home/travis/build/icyphy/ptII/ptolemy/actor/lib/test/auto/arrayType13.xml
----------------- Instantiating /home/travis/build/icyphy/ptII/ptolemy/actor/lib/test/auto/arrayType13.xml
1 ms. Memory: 438272K Free: 245238K (56%)
----------------- Invoking toplevel() on ptolemy.moml.MoMLSimpleApplication@1e36f632
----------------- Done invoking toplevel() on ptolemy.moml.MoMLSimpleApplication@1e36f632
reloadAllAccessors: .arrayType13

===========================================================================================
----------------- testing Sat Jan 04 22:18:50 UTC 2020 /home/travis/build/icyphy/ptII/ptolemy/actor/lib/test/auto/arrayType14.xml
----------------- Instantiating /home/travis/build/icyphy/ptII/ptolemy/actor/lib/test/auto/arrayType14.xml
1 ms. Memory: 438272K Free: 240118K (55%)
----------------- Invoking toplevel() on ptolemy.moml.MoMLSimpleApplication@2af67aa4
----------------- Done invoking toplevel() on ptolemy.moml.MoMLSimpleApplication@2af67aa4
reloadAllAccessors: .arrayType14

===========================================================================================
----------------- testing Sat Jan 04 22:18:50 UTC 2020 /home/travis/build/icyphy/ptII/ptolemy/actor/lib/test/auto/arrayType15.xml
----------------- Instantiating /home/travis/build/icyphy/ptII/ptolemy/actor/lib/test/auto/arrayType15.xml
2 ms. Memory: 438272K Free: 234998K (54%)
----------------- Invoking toplevel() on ptolemy.moml.MoMLSimpleApplication@3531b71b
----------------- Done invoking toplevel() on ptolemy.moml.MoMLSimpleApplication@3531b71b
reloadAllAccessors: .arrayType15

===========================================================================================
----------------- testing Sat Jan 04 22:18:50 UTC 2020 /home/travis/build/icyphy/ptII/ptolemy/actor/lib/test/auto/arrayType16.xml
----------------- Instantiating /home/travis/build/icyphy/ptII/ptolemy/actor/lib/test/auto/arrayType16.xml
1 ms. Memory: 438272K Free: 229878K (52%)
----------------- Invoking toplevel() on ptolemy.moml.MoMLSimpleApplication@239375ef
----------------- Done invoking toplevel() on ptolemy.moml.MoMLSimpleApplication@239375ef
reloadAllAccessors: .arrayType16

===========================================================================================
----------------- testing Sat Jan 04 22:18:50 UTC 2020 /home/travis/build/icyphy/ptII/ptolemy/actor/lib/test/auto/arrayType17.xml
----------------- Instantiating /home/travis/build/icyphy/ptII/ptolemy/actor/lib/test/auto/arrayType17.xml
1 ms. Memory: 438272K Free: 223734K (51%)
----------------- Invoking toplevel() on ptolemy.moml.MoMLSimpleApplication@58d8ea04
----------------- Done invoking toplevel() on ptolemy.moml.MoMLSimpleApplication@58d8ea04
reloadAllAccessors: .arrayType17

===========================================================================================
----------------- testing Sat Jan 04 22:18:50 UTC 2020 /home/travis/build/icyphy/ptII/ptolemy/actor/lib/test/auto/arrayType18.xml
----------------- Instantiating /home/travis/build/icyphy/ptII/ptolemy/actor/lib/test/auto/arrayType18.xml
1 ms. Memory: 438272K Free: 219124K (50%)
----------------- Invoking toplevel() on ptolemy.moml.MoMLSimpleApplication@231c9c6d
----------------- Done invoking toplevel() on ptolemy.moml.MoMLSimpleApplication@231c9c6d
reloadAllAccessors: .arrayType18

===========================================================================================
----------------- testing Sat Jan 04 22:18:50 UTC 2020 /home/travis/build/icyphy/ptII/ptolemy/actor/lib/test/auto/arrayType19.xml
----------------- Instantiating /home/travis/build/icyphy/ptII/ptolemy/actor/lib/test/auto/arrayType19.xml
1 ms. Memory: 438272K Free: 214004K (49%)
----------------- Invoking toplevel() on ptolemy.moml.MoMLSimpleApplication@69709d46
----------------- Done invoking toplevel() on ptolemy.moml.MoMLSimpleApplication@69709d46
reloadAllAccessors: .arrayType19

===========================================================================================
----------------- testing Sat Jan 04 22:18:50 UTC 2020 /home/travis/build/icyphy/ptII/ptolemy/actor/lib/test/auto/arrayType2.xml
----------------- Instantiating /home/travis/build/icyphy/ptII/ptolemy/actor/lib/test/auto/arrayType2.xml
1 ms. Memory: 438272K Free: 208884K (48%)
----------------- Invoking toplevel() on ptolemy.moml.MoMLSimpleApplication@80ee177
----------------- Done invoking toplevel() on ptolemy.moml.MoMLSimpleApplication@80ee177
reloadAllAccessors: .arrayType2

===========================================================================================
----------------- testing Sat Jan 04 22:18:50 UTC 2020 /home/travis/build/icyphy/ptII/ptolemy/actor/lib/test/auto/arrayType20.xml
----------------- Instantiating /home/travis/build/icyphy/ptII/ptolemy/actor/lib/test/auto/arrayType20.xml
1 ms. Memory: 438272K Free: 204278K (47%)
----------------- Invoking toplevel() on ptolemy.moml.MoMLSimpleApplication@629ed7af
----------------- Done invoking toplevel() on ptolemy.moml.MoMLSimpleApplication@629ed7af
reloadAllAccessors: .arrayType20

===========================================================================================
----------------- testing Sat Jan 04 22:18:50 UTC 2020 /home/travis/build/icyphy/ptII/ptolemy/actor/lib/test/auto/arrayType21.xml
----------------- Instantiating /home/travis/build/icyphy/ptII/ptolemy/actor/lib/test/auto/arrayType21.xml
1 ms. Memory: 438272K Free: 199668K (46%)
----------------- Invoking toplevel() on ptolemy.moml.MoMLSimpleApplication@57b87405
----------------- Done invoking toplevel() on ptolemy.moml.MoMLSimpleApplication@57b87405
reloadAllAccessors: .arrayType21

===========================================================================================
----------------- testing Sat Jan 04 22:18:50 UTC 2020 /home/travis/build/icyphy/ptII/ptolemy/actor/lib/test/auto/arrayType22.xml
----------------- Instantiating /home/travis/build/icyphy/ptII/ptolemy/actor/lib/test/auto/arrayType22.xml
1 ms. Memory: 438272K Free: 195062K (45%)
----------------- Invoking toplevel() on ptolemy.moml.MoMLSimpleApplication@5088d53b
----------------- Done invoking toplevel() on ptolemy.moml.MoMLSimpleApplication@5088d53b
reloadAllAccessors: .arrayType22

===========================================================================================
----------------- testing Sat Jan 04 22:18:50 UTC 2020 /home/travis/build/icyphy/ptII/ptolemy/actor/lib/test/auto/arrayType23.xml
----------------- Instantiating /home/travis/build/icyphy/ptII/ptolemy/actor/lib/test/auto/arrayType23.xml
1 ms. Memory: 438272K Free: 189942K (43%)
----------------- Invoking toplevel() on ptolemy.moml.MoMLSimpleApplication@5f9c0f52
----------------- Done invoking toplevel() on ptolemy.moml.MoMLSimpleApplication@5f9c0f52
reloadAllAccessors: .arrayType23

===========================================================================================
----------------- testing Sat Jan 04 22:18:50 UTC 2020 /home/travis/build/icyphy/ptII/ptolemy/actor/lib/test/auto/arrayType24.xml
----------------- Instantiating /home/travis/build/icyphy/ptII/ptolemy/actor/lib/test/auto/arrayType24.xml
2 ms. Memory: 438272K Free: 185332K (42%)
----------------- Invoking toplevel() on ptolemy.moml.MoMLSimpleApplication@62508dfb
----------------- Done invoking toplevel() on ptolemy.moml.MoMLSimpleApplication@62508dfb
reloadAllAccessors: .arrayType24

===========================================================================================
----------------- testing Sat Jan 04 22:18:50 UTC 2020 /home/travis/build/icyphy/ptII/ptolemy/actor/lib/test/auto/arrayType25.xml
----------------- Instantiating /home/travis/build/icyphy/ptII/ptolemy/actor/lib/test/auto/arrayType25.xml
2 ms. Memory: 438272K Free: 180212K (41%)
----------------- Invoking toplevel() on ptolemy.moml.MoMLSimpleApplication@721f42c4
----------------- Done invoking toplevel() on ptolemy.moml.MoMLSimpleApplication@721f42c4
reloadAllAccessors: .arrayType25

===========================================================================================
----------------- testing Sat Jan 04 22:18:50 UTC 2020 /home/travis/build/icyphy/ptII/ptolemy/actor/lib/test/auto/arrayType26.xml
----------------- Instantiating /home/travis/build/icyphy/ptII/ptolemy/actor/lib/test/auto/arrayType26.xml
1 ms. Memory: 438272K Free: 175092K (40%)
----------------- Invoking toplevel() on ptolemy.moml.MoMLSimpleApplication@4836575d
----------------- Done invoking toplevel() on ptolemy.moml.MoMLSimpleApplication@4836575d
reloadAllAccessors: .arrayType26

===========================================================================================
----------------- testing Sat Jan 04 22:18:50 UTC 2020 /home/travis/build/icyphy/ptII/ptolemy/actor/lib/test/auto/arrayType27.xml
----------------- Instantiating /home/travis/build/icyphy/ptII/ptolemy/actor/lib/test/auto/arrayType27.xml
2 ms. Memory: 438272K Free: 169462K (39%)
----------------- Invoking toplevel() on ptolemy.moml.MoMLSimpleApplication@6d53da63
----------------- Done invoking toplevel() on ptolemy.moml.MoMLSimpleApplication@6d53da63
reloadAllAccessors: .arrayType27

===========================================================================================
----------------- testing Sat Jan 04 22:18:50 UTC 2020 /home/travis/build/icyphy/ptII/ptolemy/actor/lib/test/auto/arrayType28.xml
----------------- Instantiating /home/travis/build/icyphy/ptII/ptolemy/actor/lib/test/auto/arrayType28.xml
1 ms. Memory: 438272K Free: 164342K (37%)
----------------- Invoking toplevel() on ptolemy.moml.MoMLSimpleApplication@11e63501
----------------- Done invoking toplevel() on ptolemy.moml.MoMLSimpleApplication@11e63501
reloadAllAccessors: .arrayType28

===========================================================================================
----------------- testing Sat Jan 04 22:18:50 UTC 2020 /home/travis/build/icyphy/ptII/ptolemy/actor/lib/test/auto/arrayType3.xml
----------------- Instantiating /home/travis/build/icyphy/ptII/ptolemy/actor/lib/test/auto/arrayType3.xml
2 ms. Memory: 438272K Free: 159222K (36%)
----------------- Invoking toplevel() on ptolemy.moml.MoMLSimpleApplication@2ad0ddb4
----------------- Done invoking toplevel() on ptolemy.moml.MoMLSimpleApplication@2ad0ddb4
reloadAllAccessors: .arrayType3

===========================================================================================
----------------- testing Sat Jan 04 22:18:50 UTC 2020 /home/travis/build/icyphy/ptII/ptolemy/actor/lib/test/auto/arrayType4.xml
----------------- Instantiating /home/travis/build/icyphy/ptII/ptolemy/actor/lib/test/auto/arrayType4.xml
2 ms. Memory: 438272K Free: 154102K (35%)
----------------- Invoking toplevel() on ptolemy.moml.MoMLSimpleApplication@22d43945
----------------- Done invoking toplevel() on ptolemy.moml.MoMLSimpleApplication@22d43945
reloadAllAccessors: .arrayType4

===========================================================================================
----------------- testing Sat Jan 04 22:18:50 UTC 2020 /home/travis/build/icyphy/ptII/ptolemy/actor/lib/test/auto/arrayType5.xml
----------------- Instantiating /home/travis/build/icyphy/ptII/ptolemy/actor/lib/test/auto/arrayType5.xml
1 ms. Memory: 438272K Free: 148982K (34%)
----------------- Invoking toplevel() on ptolemy.moml.MoMLSimpleApplication@5ad8d7d8
----------------- Done invoking toplevel() on ptolemy.moml.MoMLSimpleApplication@5ad8d7d8
reloadAllAccessors: .arrayType5

===========================================================================================
----------------- testing Sat Jan 04 22:18:50 UTC 2020 /home/travis/build/icyphy/ptII/ptolemy/actor/lib/test/auto/arrayType6.xml
----------------- Instantiating /home/travis/build/icyphy/ptII/ptolemy/actor/lib/test/auto/arrayType6.xml
1 ms. Memory: 438272K Free: 143862K (33%)
----------------- Invoking toplevel() on ptolemy.moml.MoMLSimpleApplication@4161b41a
----------------- Done invoking toplevel() on ptolemy.moml.MoMLSimpleApplication@4161b41a
reloadAllAccessors: .arrayType6

===========================================================================================
----------------- testing Sat Jan 04 22:18:50 UTC 2020 /home/travis/build/icyphy/ptII/ptolemy/actor/lib/test/auto/arrayType7.xml
----------------- Instantiating /home/travis/build/icyphy/ptII/ptolemy/actor/lib/test/auto/arrayType7.xml
5 ms. Memory: 438272K Free: 139252K (32%)
----------------- Invoking toplevel() on ptolemy.moml.MoMLSimpleApplication@4eada9f1
----------------- Done invoking toplevel() on ptolemy.moml.MoMLSimpleApplication@4eada9f1
reloadAllAccessors: .arrayType7

===========================================================================================
----------------- testing Sat Jan 04 22:18:50 UTC 2020 /home/travis/build/icyphy/ptII/ptolemy/actor/lib/test/auto/arrayType8.xml
----------------- Instantiating /home/travis/build/icyphy/ptII/ptolemy/actor/lib/test/auto/arrayType8.xml
1 ms. Memory: 438272K Free: 134132K (31%)
----------------- Invoking toplevel() on ptolemy.moml.MoMLSimpleApplication@7a060725
----------------- Done invoking toplevel() on ptolemy.moml.MoMLSimpleApplication@7a060725
reloadAllAccessors: .arrayType8

===========================================================================================
----------------- testing Sat Jan 04 22:18:50 UTC 2020 /home/travis/build/icyphy/ptII/ptolemy/actor/lib/test/auto/arrayType9.xml
----------------- Instantiating /home/travis/build/icyphy/ptII/ptolemy/actor/lib/test/auto/arrayType9.xml
2 ms. Memory: 438272K Free: 129526K (30%)
----------------- Invoking toplevel() on ptolemy.moml.MoMLSimpleApplication@4c6a7f6
----------------- Done invoking toplevel() on ptolemy.moml.MoMLSimpleApplication@4c6a7f6
reloadAllAccessors: .arrayType9

===========================================================================================
----------------- testing Sat Jan 04 22:18:50 UTC 2020 /home/travis/build/icyphy/ptII/ptolemy/actor/lib/test/auto/cast.xml
----------------- Instantiating /home/travis/build/icyphy/ptII/ptolemy/actor/lib/test/auto/cast.xml
2 ms. Memory: 438272K Free: 381124K (87%)
----------------- Invoking toplevel() on ptolemy.moml.MoMLSimpleApplication@63211885
----------------- Done invoking toplevel() on ptolemy.moml.MoMLSimpleApplication@63211885
reloadAllAccessors: .cast

===========================================================================================
----------------- testing Sat Jan 04 22:18:50 UTC 2020 /home/travis/build/icyphy/ptII/ptolemy/actor/lib/test/auto/compositeMultiPort.xml
----------------- Instantiating /home/travis/build/icyphy/ptII/ptolemy/actor/lib/test/auto/compositeMultiPort.xml
4 ms. Memory: 438272K Free: 371902K (85%)
----------------- Invoking toplevel() on ptolemy.moml.MoMLSimpleApplication@3176bfdf
----------------- Done invoking toplevel() on ptolemy.moml.MoMLSimpleApplication@3176bfdf
reloadAllAccessors: .compositeMultiPort

===========================================================================================
----------------- testing Sat Jan 04 22:18:50 UTC 2020 /home/travis/build/icyphy/ptII/ptolemy/actor/lib/test/auto/expressionCastInference.xml
----------------- Instantiating /home/travis/build/icyphy/ptII/ptolemy/actor/lib/test/auto/expressionCastInference.xml
12 ms. Memory: 438272K Free: 367302K (84%)
----------------- Invoking toplevel() on ptolemy.moml.MoMLSimpleApplication@19c4f93b
----------------- Done invoking toplevel() on ptolemy.moml.MoMLSimpleApplication@19c4f93b
reloadAllAccessors: .expressionCastInference

===========================================================================================
----------------- testing Sat Jan 04 22:18:50 UTC 2020 /home/travis/build/icyphy/ptII/ptolemy/actor/lib/test/auto/expressionCastInference2.xml
----------------- Instantiating /home/travis/build/icyphy/ptII/ptolemy/actor/lib/test/auto/expressionCastInference2.xml
2 ms. Memory: 438272K Free: 362692K (83%)
----------------- Invoking toplevel() on ptolemy.moml.MoMLSimpleApplication@169de083
----------------- Done invoking toplevel() on ptolemy.moml.MoMLSimpleApplication@169de083
reloadAllAccessors: .expressionCastInference2

===========================================================================================
----------------- testing Sat Jan 04 22:18:50 UTC 2020 /home/travis/build/icyphy/ptII/ptolemy/actor/lib/test/auto/expressionInference.xml
----------------- Instantiating /home/travis/build/icyphy/ptII/ptolemy/actor/lib/test/auto/expressionInference.xml
1 ms. Memory: 438272K Free: 358086K (82%)
----------------- Invoking toplevel() on ptolemy.moml.MoMLSimpleApplication@76e87150
----------------- Done invoking toplevel() on ptolemy.moml.MoMLSimpleApplication@76e87150
reloadAllAccessors: .expressionInference

===========================================================================================
----------------- testing Sat Jan 04 22:18:50 UTC 2020 /home/travis/build/icyphy/ptII/ptolemy/actor/lib/test/auto/expression_bug.xml
----------------- Instantiating /home/travis/build/icyphy/ptII/ptolemy/actor/lib/test/auto/expression_bug.xml
1 ms. Memory: 438272K Free: 353990K (81%)
----------------- Invoking toplevel() on ptolemy.moml.MoMLSimpleApplication@4db7e55f
----------------- Done invoking toplevel() on ptolemy.moml.MoMLSimpleApplication@4db7e55f
reloadAllAccessors: .expression_bug

===========================================================================================
----------------- testing Sat Jan 04 22:18:50 UTC 2020 /home/travis/build/icyphy/ptII/ptolemy/actor/lib/test/auto/factorial.xml
----------------- Instantiating /home/travis/build/icyphy/ptII/ptolemy/actor/lib/test/auto/factorial.xml
34 ms. Memory: 438272K Free: 345798K (79%)
----------------- Invoking toplevel() on ptolemy.moml.MoMLSimpleApplication@3dd8e721
----------------- Done invoking toplevel() on ptolemy.moml.MoMLSimpleApplication@3dd8e721
reloadAllAccessors: .factorial

===========================================================================================
----------------- testing Sat Jan 04 22:18:50 UTC 2020 /home/travis/build/icyphy/ptII/ptolemy/actor/lib/test/auto/filterTest1.xml
----------------- Instantiating /home/travis/build/icyphy/ptII/ptolemy/actor/lib/test/auto/filterTest1.xml
3 ms. Memory: 438272K Free: 340150K (78%)
----------------- Invoking toplevel() on ptolemy.moml.MoMLSimpleApplication@7a28c91c
----------------- Done invoking toplevel() on ptolemy.moml.MoMLSimpleApplication@7a28c91c
reloadAllAccessors: .filterTest1

===========================================================================================
----------------- testing Sat Jan 04 22:18:50 UTC 2020 /home/travis/build/icyphy/ptII/ptolemy/actor/lib/test/auto/funcApplyInConst.xml
----------------- Instantiating /home/travis/build/icyphy/ptII/ptolemy/actor/lib/test/auto/funcApplyInConst.xml
0 ms. Memory: 438272K Free: 336068K (77%)
----------------- Invoking toplevel() on ptolemy.moml.MoMLSimpleApplication@61d0ccf2
----------------- Done invoking toplevel() on ptolemy.moml.MoMLSimpleApplication@61d0ccf2
reloadAllAccessors: .funcApplyInConst

===========================================================================================
----------------- testing Sat Jan 04 22:18:50 UTC 2020 /home/travis/build/icyphy/ptII/ptolemy/actor/lib/test/auto/funcApplyInExpr.xml
----------------- Instantiating /home/travis/build/icyphy/ptII/ptolemy/actor/lib/test/auto/funcApplyInExpr.xml
2 ms. Memory: 438272K Free: 332486K (76%)
----------------- Invoking toplevel() on ptolemy.moml.MoMLSimpleApplication@3f8579fd
----------------- Done invoking toplevel() on ptolemy.moml.MoMLSimpleApplication@3f8579fd
reloadAllAccessors: .funcApplyInExpr

===========================================================================================
----------------- testing Sat Jan 04 22:18:50 UTC 2020 /home/travis/build/icyphy/ptII/ptolemy/actor/lib/test/auto/function.xml
----------------- Instantiating /home/travis/build/icyphy/ptII/ptolemy/actor/lib/test/auto/function.xml
4 ms. Memory: 438272K Free: 327876K (75%)
----------------- Invoking toplevel() on ptolemy.moml.MoMLSimpleApplication@3d7cbb17
----------------- Done invoking toplevel() on ptolemy.moml.MoMLSimpleApplication@3d7cbb17
reloadAllAccessors: .function

===========================================================================================
----------------- testing Sat Jan 04 22:18:50 UTC 2020 /home/travis/build/icyphy/ptII/ptolemy/actor/lib/test/auto/function2.xml
----------------- Instantiating /home/travis/build/icyphy/ptII/ptolemy/actor/lib/test/auto/function2.xml
21 ms. Memory: 438272K Free: 323270K (74%)
----------------- Invoking toplevel() on ptolemy.moml.MoMLSimpleApplication@5d7e81a8
----------------- Done invoking toplevel() on ptolemy.moml.MoMLSimpleApplication@5d7e81a8
reloadAllAccessors: .function2

===========================================================================================
----------------- testing Sat Jan 04 22:18:50 UTC 2020 /home/travis/build/icyphy/ptII/ptolemy/actor/lib/test/auto/function3.xml
----------------- Instantiating /home/travis/build/icyphy/ptII/ptolemy/actor/lib/test/auto/function3.xml
1 ms. Memory: 438272K Free: 319174K (73%)
----------------- Invoking toplevel() on ptolemy.moml.MoMLSimpleApplication@7b237c0b
----------------- Done invoking toplevel() on ptolemy.moml.MoMLSimpleApplication@7b237c0b
reloadAllAccessors: .function3

===========================================================================================
----------------- testing Sat Jan 04 22:18:51 UTC 2020 /home/travis/build/icyphy/ptII/ptolemy/actor/lib/test/auto/functionClosureTest1.xml
----------------- Instantiating /home/travis/build/icyphy/ptII/ptolemy/actor/lib/test/auto/functionClosureTest1.xml
2 ms. Memory: 438272K Free: 313526K (72%)
----------------- Invoking toplevel() on ptolemy.moml.MoMLSimpleApplication@45d33d1d
----------------- Done invoking toplevel() on ptolemy.moml.MoMLSimpleApplication@45d33d1d
reloadAllAccessors: .functionClosureTest1

===========================================================================================
----------------- testing Sat Jan 04 22:18:51 UTC 2020 /home/travis/build/icyphy/ptII/ptolemy/actor/lib/test/auto/functionClosureTest2.xml
----------------- Instantiating /home/travis/build/icyphy/ptII/ptolemy/actor/lib/test/auto/functionClosureTest2.xml
1 ms. Memory: 438272K Free: 309958K (71%)
----------------- Invoking toplevel() on ptolemy.moml.MoMLSimpleApplication@44da6b6e
----------------- Done invoking toplevel() on ptolemy.moml.MoMLSimpleApplication@44da6b6e
reloadAllAccessors: .functionClosureTest2

===========================================================================================
----------------- testing Sat Jan 04 22:18:51 UTC 2020 /home/travis/build/icyphy/ptII/ptolemy/actor/lib/test/auto/functionClosureTest3.xml
----------------- Instantiating /home/travis/build/icyphy/ptII/ptolemy/actor/lib/test/auto/functionClosureTest3.xml
2 ms. Memory: 438272K Free: 304294K (69%)
----------------- Invoking toplevel() on ptolemy.moml.MoMLSimpleApplication@352904fc
----------------- Done invoking toplevel() on ptolemy.moml.MoMLSimpleApplication@352904fc
reloadAllAccessors: .functionClosureTest3

===========================================================================================
----------------- testing Sat Jan 04 22:18:51 UTC 2020 /home/travis/build/icyphy/ptII/ptolemy/actor/lib/test/auto/functionClosureTest4.xml
----------------- Instantiating /home/travis/build/icyphy/ptII/ptolemy/actor/lib/test/auto/functionClosureTest4.xml
4 ms. Memory: 438272K Free: 298180K (68%)
----------------- Invoking toplevel() on ptolemy.moml.MoMLSimpleApplication@2c694ce6
----------------- Done invoking toplevel() on ptolemy.moml.MoMLSimpleApplication@2c694ce6
reloadAllAccessors: .functionClosureTest4

===========================================================================================
----------------- testing Sat Jan 04 22:18:51 UTC 2020 /home/travis/build/icyphy/ptII/ptolemy/actor/lib/test/auto/functionClosureTest5.xml
----------------- Instantiating /home/travis/build/icyphy/ptII/ptolemy/actor/lib/test/auto/functionClosureTest5.xml
5 ms. Memory: 438272K Free: 293060K (67%)
----------------- Invoking toplevel() on ptolemy.moml.MoMLSimpleApplication@1edca56d
----------------- Done invoking toplevel() on ptolemy.moml.MoMLSimpleApplication@1edca56d
reloadAllAccessors: .functionClosureTest5

===========================================================================================
----------------- testing Sat Jan 04 22:18:51 UTC 2020 /home/travis/build/icyphy/ptII/ptolemy/actor/lib/test/auto/functionClosureTest6.xml
----------------- Instantiating /home/travis/build/icyphy/ptII/ptolemy/actor/lib/test/auto/functionClosureTest6.xml
1 ms. Memory: 438272K Free: 288454K (66%)
----------------- Invoking toplevel() on ptolemy.moml.MoMLSimpleApplication@4be6556
----------------- Done invoking toplevel() on ptolemy.moml.MoMLSimpleApplication@4be6556
reloadAllAccessors: .functionClosureTest6

===========================================================================================
----------------- testing Sat Jan 04 22:18:51 UTC 2020 /home/travis/build/icyphy/ptII/ptolemy/actor/lib/test/auto/functionsOnArcs.xml
----------------- Instantiating /home/travis/build/icyphy/ptII/ptolemy/actor/lib/test/auto/functionsOnArcs.xml
1 ms. Memory: 438272K Free: 282820K (65%)
----------------- Invoking toplevel() on ptolemy.moml.MoMLSimpleApplication@b459eb4
----------------- Done invoking toplevel() on ptolemy.moml.MoMLSimpleApplication@b459eb4
reloadAllAccessors: .functionsOnArcs

===========================================================================================
----------------- testing Sat Jan 04 22:18:51 UTC 2020 /home/travis/build/icyphy/ptII/ptolemy/actor/lib/test/auto/functionsOnArcsHOF.xml
----------------- Instantiating /home/travis/build/icyphy/ptII/ptolemy/actor/lib/test/auto/functionsOnArcsHOF.xml
5 ms. Memory: 438272K Free: 277190K (63%)
----------------- Invoking toplevel() on ptolemy.moml.MoMLSimpleApplication@3c9e35c9
----------------- Done invoking toplevel() on ptolemy.moml.MoMLSimpleApplication@3c9e35c9
reloadAllAccessors: .functionsOnArcsHOF

===========================================================================================
----------------- testing Sat Jan 04 22:18:51 UTC 2020 /home/travis/build/icyphy/ptII/ptolemy/actor/lib/test/auto/logic.xml
----------------- Instantiating /home/travis/build/icyphy/ptII/ptolemy/actor/lib/test/auto/logic.xml
1 ms. Memory: 438272K Free: 270022K (62%)
----------------- Invoking toplevel() on ptolemy.moml.MoMLSimpleApplication@6b97ecff
----------------- Done invoking toplevel() on ptolemy.moml.MoMLSimpleApplication@6b97ecff
reloadAllAccessors: .logic

===========================================================================================
----------------- testing Sat Jan 04 22:18:51 UTC 2020 /home/travis/build/icyphy/ptII/ptolemy/actor/lib/test/auto/matrixType.xml
----------------- Instantiating /home/travis/build/icyphy/ptII/ptolemy/actor/lib/test/auto/matrixType.xml
1 ms. Memory: 438272K Free: 264900K (60%)
----------------- Invoking toplevel() on ptolemy.moml.MoMLSimpleApplication@2405afd2
----------------- Done invoking toplevel() on ptolemy.moml.MoMLSimpleApplication@2405afd2
reloadAllAccessors: .matrixType

===========================================================================================
----------------- testing Sat Jan 04 22:18:51 UTC 2020 /home/travis/build/icyphy/ptII/ptolemy/actor/lib/test/auto/matrixType10.xml
----------------- Instantiating /home/travis/build/icyphy/ptII/ptolemy/actor/lib/test/auto/matrixType10.xml
2 ms. Memory: 438272K Free: 260292K (59%)
----------------- Invoking toplevel() on ptolemy.moml.MoMLSimpleApplication@2ff0fc98
----------------- Done invoking toplevel() on ptolemy.moml.MoMLSimpleApplication@2ff0fc98
reloadAllAccessors: .matrixType10

===========================================================================================
----------------- testing Sat Jan 04 22:18:51 UTC 2020 /home/travis/build/icyphy/ptII/ptolemy/actor/lib/test/auto/matrixType11.xml
----------------- Instantiating /home/travis/build/icyphy/ptII/ptolemy/actor/lib/test/auto/matrixType11.xml
1 ms. Memory: 438272K Free: 255686K (58%)
----------------- Invoking toplevel() on ptolemy.moml.MoMLSimpleApplication@1cdc9b90
----------------- Done invoking toplevel() on ptolemy.moml.MoMLSimpleApplication@1cdc9b90
reloadAllAccessors: .matrixType11

===========================================================================================
----------------- testing Sat Jan 04 22:18:51 UTC 2020 /home/travis/build/icyphy/ptII/ptolemy/actor/lib/test/auto/matrixType12.xml
----------------- Instantiating /home/travis/build/icyphy/ptII/ptolemy/actor/lib/test/auto/matrixType12.xml
1 ms. Memory: 438272K Free: 250566K (57%)
----------------- Invoking toplevel() on ptolemy.moml.MoMLSimpleApplication@22e87780
----------------- Done invoking toplevel() on ptolemy.moml.MoMLSimpleApplication@22e87780
reloadAllAccessors: .matrixType12

===========================================================================================
----------------- testing Sat Jan 04 22:18:51 UTC 2020 /home/travis/build/icyphy/ptII/ptolemy/actor/lib/test/auto/matrixType13.xml
----------------- Instantiating /home/travis/build/icyphy/ptII/ptolemy/actor/lib/test/auto/matrixType13.xml
1 ms. Memory: 438272K Free: 245956K (56%)
----------------- Invoking toplevel() on ptolemy.moml.MoMLSimpleApplication@54db8322
----------------- Done invoking toplevel() on ptolemy.moml.MoMLSimpleApplication@54db8322
reloadAllAccessors: .matrixType13

===========================================================================================
----------------- testing Sat Jan 04 22:18:51 UTC 2020 /home/travis/build/icyphy/ptII/ptolemy/actor/lib/test/auto/matrixType14.xml
----------------- Instantiating /home/travis/build/icyphy/ptII/ptolemy/actor/lib/test/auto/matrixType14.xml
2 ms. Memory: 438272K Free: 241350K (55%)
----------------- Invoking toplevel() on ptolemy.moml.MoMLSimpleApplication@7d0868af
----------------- Done invoking toplevel() on ptolemy.moml.MoMLSimpleApplication@7d0868af
reloadAllAccessors: .matrixType14

===========================================================================================
----------------- testing Sat Jan 04 22:18:51 UTC 2020 /home/travis/build/icyphy/ptII/ptolemy/actor/lib/test/auto/matrixType2.xml
----------------- Instantiating /home/travis/build/icyphy/ptII/ptolemy/actor/lib/test/auto/matrixType2.xml
1 ms. Memory: 438272K Free: 235716K (54%)
----------------- Invoking toplevel() on ptolemy.moml.MoMLSimpleApplication@25cbc873
----------------- Done invoking toplevel() on ptolemy.moml.MoMLSimpleApplication@25cbc873
reloadAllAccessors: .matrixType2

===========================================================================================
----------------- testing Sat Jan 04 22:18:51 UTC 2020 /home/travis/build/icyphy/ptII/ptolemy/actor/lib/test/auto/matrixType3.xml
----------------- Instantiating /home/travis/build/icyphy/ptII/ptolemy/actor/lib/test/auto/matrixType3.xml
3 ms. Memory: 438272K Free: 231110K (53%)
----------------- Invoking toplevel() on ptolemy.moml.MoMLSimpleApplication@bb90c75
----------------- Done invoking toplevel() on ptolemy.moml.MoMLSimpleApplication@bb90c75
reloadAllAccessors: .matrixType3

===========================================================================================
----------------- testing Sat Jan 04 22:18:51 UTC 2020 /home/travis/build/icyphy/ptII/ptolemy/actor/lib/test/auto/matrixType4.xml
----------------- Instantiating /home/travis/build/icyphy/ptII/ptolemy/actor/lib/test/auto/matrixType4.xml
1 ms. Memory: 438272K Free: 226500K (52%)
----------------- Invoking toplevel() on ptolemy.moml.MoMLSimpleApplication@640cb23d
----------------- Done invoking toplevel() on ptolemy.moml.MoMLSimpleApplication@640cb23d
reloadAllAccessors: .matrixType4

===========================================================================================
----------------- testing Sat Jan 04 22:18:51 UTC 2020 /home/travis/build/icyphy/ptII/ptolemy/actor/lib/test/auto/matrixType5.xml
----------------- Instantiating /home/travis/build/icyphy/ptII/ptolemy/actor/lib/test/auto/matrixType5.xml
1 ms. Memory: 438272K Free: 221380K (51%)
----------------- Invoking toplevel() on ptolemy.moml.MoMLSimpleApplication@517a7bf3
----------------- Done invoking toplevel() on ptolemy.moml.MoMLSimpleApplication@517a7bf3
reloadAllAccessors: .matrixType5

===========================================================================================
----------------- testing Sat Jan 04 22:18:51 UTC 2020 /home/travis/build/icyphy/ptII/ptolemy/actor/lib/test/auto/matrixType6.xml
----------------- Instantiating /home/travis/build/icyphy/ptII/ptolemy/actor/lib/test/auto/matrixType6.xml
1 ms. Memory: 438272K Free: 216774K (49%)
----------------- Invoking toplevel() on ptolemy.moml.MoMLSimpleApplication@688f158d
----------------- Done invoking toplevel() on ptolemy.moml.MoMLSimpleApplication@688f158d
reloadAllAccessors: .matrixType6

===========================================================================================
----------------- testing Sat Jan 04 22:18:51 UTC 2020 /home/travis/build/icyphy/ptII/ptolemy/actor/lib/test/auto/matrixType7.xml
----------------- Instantiating /home/travis/build/icyphy/ptII/ptolemy/actor/lib/test/auto/matrixType7.xml
1 ms. Memory: 438272K Free: 212164K (48%)
----------------- Invoking toplevel() on ptolemy.moml.MoMLSimpleApplication@14e56a9f
----------------- Done invoking toplevel() on ptolemy.moml.MoMLSimpleApplication@14e56a9f
reloadAllAccessors: .matrixType7

===========================================================================================
----------------- testing Sat Jan 04 22:18:51 UTC 2020 /home/travis/build/icyphy/ptII/ptolemy/actor/lib/test/auto/matrixType8.xml
----------------- Instantiating /home/travis/build/icyphy/ptII/ptolemy/actor/lib/test/auto/matrixType8.xml
0 ms. Memory: 438272K Free: 207044K (47%)
----------------- Invoking toplevel() on ptolemy.moml.MoMLSimpleApplication@50a08c95
----------------- Done invoking toplevel() on ptolemy.moml.MoMLSimpleApplication@50a08c95
reloadAllAccessors: .matrixType8

===========================================================================================
----------------- testing Sat Jan 04 22:18:51 UTC 2020 /home/travis/build/icyphy/ptII/ptolemy/actor/lib/test/auto/matrixType9.xml
----------------- Instantiating /home/travis/build/icyphy/ptII/ptolemy/actor/lib/test/auto/matrixType9.xml
1 ms. Memory: 438272K Free: 202438K (46%)
----------------- Invoking toplevel() on ptolemy.moml.MoMLSimpleApplication@16b2b2dd
----------------- Done invoking toplevel() on ptolemy.moml.MoMLSimpleApplication@16b2b2dd
reloadAllAccessors: .matrixType9

===========================================================================================
----------------- testing Sat Jan 04 22:18:51 UTC 2020 /home/travis/build/icyphy/ptII/ptolemy/actor/lib/test/auto/paraFunctest.xml
----------------- Instantiating /home/travis/build/icyphy/ptII/ptolemy/actor/lib/test/auto/paraFunctest.xml
1 ms. Memory: 438272K Free: 198342K (45%)
----------------- Invoking toplevel() on ptolemy.moml.MoMLSimpleApplication@5a4a65a5
----------------- Done invoking toplevel() on ptolemy.moml.MoMLSimpleApplication@5a4a65a5
reloadAllAccessors: .paraFunctest

===========================================================================================
----------------- testing Sat Jan 04 22:18:51 UTC 2020 /home/travis/build/icyphy/ptII/ptolemy/actor/lib/test/auto/paraFunctest2.xml
----------------- Instantiating /home/travis/build/icyphy/ptII/ptolemy/actor/lib/test/auto/paraFunctest2.xml
1 ms. Memory: 438272K Free: 193732K (44%)
----------------- Invoking toplevel() on ptolemy.moml.MoMLSimpleApplication@2a91322e
----------------- Done invoking toplevel() on ptolemy.moml.MoMLSimpleApplication@2a91322e
reloadAllAccessors: .paraFunctest2

===========================================================================================
----------------- testing Sat Jan 04 22:18:51 UTC 2020 /home/travis/build/icyphy/ptII/ptolemy/actor/lib/test/auto/parameterPassing.xml
----------------- Instantiating /home/travis/build/icyphy/ptII/ptolemy/actor/lib/test/auto/parameterPassing.xml
1 ms. Memory: 438272K Free: 189636K (43%)
----------------- Invoking toplevel() on ptolemy.moml.MoMLSimpleApplication@425d09e8
----------------- Done invoking toplevel() on ptolemy.moml.MoMLSimpleApplication@425d09e8
reloadAllAccessors: .parameterPassing

===========================================================================================
----------------- testing Sat Jan 04 22:18:51 UTC 2020 /home/travis/build/icyphy/ptII/ptolemy/actor/lib/test/auto/record.xml
----------------- Instantiating /home/travis/build/icyphy/ptII/ptolemy/actor/lib/test/auto/record.xml
2 ms. Memory: 438272K Free: 185030K (42%)
----------------- Invoking toplevel() on ptolemy.moml.MoMLSimpleApplication@36e3701c
----------------- Done invoking toplevel() on ptolemy.moml.MoMLSimpleApplication@36e3701c
reloadAllAccessors: .record

===========================================================================================
----------------- testing Sat Jan 04 22:18:51 UTC 2020 /home/travis/build/icyphy/ptII/ptolemy/actor/lib/test/auto/sizedarray1.xml
----------------- Instantiating /home/travis/build/icyphy/ptII/ptolemy/actor/lib/test/auto/sizedarray1.xml
1 ms. Memory: 438272K Free: 179396K (41%)
----------------- Invoking toplevel() on ptolemy.moml.MoMLSimpleApplication@3671cb8a
----------------- Done invoking toplevel() on ptolemy.moml.MoMLSimpleApplication@3671cb8a
reloadAllAccessors: .sizedarray1

===========================================================================================
----------------- testing Sat Jan 04 22:18:51 UTC 2020 /home/travis/build/icyphy/ptII/ptolemy/actor/lib/test/auto/sizedarray2.xml
----------------- Instantiating /home/travis/build/icyphy/ptII/ptolemy/actor/lib/test/auto/sizedarray2.xml
2 ms. Memory: 438272K Free: 174276K (40%)
----------------- Invoking toplevel() on ptolemy.moml.MoMLSimpleApplication@32aa2d8a
----------------- Done invoking toplevel() on ptolemy.moml.MoMLSimpleApplication@32aa2d8a
reloadAllAccessors: .sizedarray2

===========================================================================================
----------------- testing Sat Jan 04 22:18:51 UTC 2020 /home/travis/build/icyphy/ptII/ptolemy/actor/lib/test/auto/twoPublishers.xml
----------------- Instantiating /home/travis/build/icyphy/ptII/ptolemy/actor/lib/test/auto/twoPublishers.xml
4 ms. Memory: 438272K Free: 163526K (37%)
----------------- Invoking toplevel() on ptolemy.moml.MoMLSimpleApplication@3f45a427
----------------- Done invoking toplevel() on ptolemy.moml.MoMLSimpleApplication@3f45a427
reloadAllAccessors: .twoPublishers
AutoTests.java: About to close Vertx.
AutoTests.java: Vertx closed.
]]></system-out>
  <system-err><![CDATA[java.lang.RuntimeException: Execution failed
	at ptolemy.moml.MoMLSimpleApplication$UnloadThread.run(MoMLSimpleApplication.java:402)
Caused by: java.lang.RuntimeException: StringUtilities.exit() was called. Normally, we would exit here because Manager.exitAfterWrapup() was called.  However, because the ptolemy.ptII.exitAfterWrapup property is set, we throw this exception instead.
	at ptolemy.util.StringUtilities.exit(StringUtilities.java:365)
	at ptolemy.actor.Manager.wrapup(Manager.java:1549)
	at ptolemy.actor.Manager.execute(Manager.java:407)
	at ptolemy.actor.Manager.run(Manager.java:1263)
	at ptolemy.actor.Manager$PtolemyRunThread.run(Manager.java:1933)
Warning: '.top.test' is in training mode, set the trainingMode parameter to false before checking in
Warning: '.top.test' is in training mode, set the trainingMode parameter to false before checking in
Warning: '.top.test' is in training mode, set the trainingMode parameter to false before checking in
Warning: '.BooleanSwitch_RegressionTest_WrongTrainingValues.Test' is in training mode, set the trainingMode parameter to false before checking in
Warning: '.BooleanSwitch_RegressionTest_WrongTrainingValues.Test2' is in training mode, set the trainingMode parameter to false before checking in
Warning: '.BooleanSwitch_RegressionTest_WrongTrainingValues.Test2' The test produced 0 tokens.
Warning: '.top.testExceptionHandler' is in training mode, set the trainingMode parameter to false before checking in
java.lang.RuntimeException: Execution failed
	at ptolemy.moml.MoMLSimpleApplication$UnloadThread.run(MoMLSimpleApplication.java:402)
Caused by: ptolemy.kernel.util.IllegalActionException: PublisherPorts cannot be used at the top level, use a Publisher actor instead.
  in .PublisherPortToplevelSubscriber.PublisherPort
	at ptolemy.actor.PublisherPort.preinitialize(PublisherPort.java:403)
	at ptolemy.actor.CompositeActor.preinitialize(CompositeActor.java:1769)
	at ptolemy.actor.Manager.preinitializeAndResolveTypes(Manager.java:1040)
	at ptolemy.actor.Manager.initialize(Manager.java:710)
	at ptolemy.actor.Manager.execute(Manager.java:356)
	at ptolemy.actor.Manager.run(Manager.java:1263)
	at ptolemy.actor.Manager$PtolemyRunThread.run(Manager.java:1933)
java.lang.reflect.InvocationTargetException
	at java.base/jdk.internal.reflect.NativeConstructorAccessorImpl.newInstance0(Native Method)
	at java.base/jdk.internal.reflect.NativeConstructorAccessorImpl.newInstance(NativeConstructorAccessorImpl.java:62)
	at java.base/jdk.internal.reflect.DelegatingConstructorAccessorImpl.newInstance(DelegatingConstructorAccessorImpl.java:45)
	at java.base/java.lang.reflect.Constructor.newInstance(Constructor.java:490)
	at ptolemy.util.test.junit.AutoKnownFailedTests.RunModel(AutoKnownFailedTests.java:105)
	at java.base/jdk.internal.reflect.NativeMethodAccessorImpl.invoke0(Native Method)
	at java.base/jdk.internal.reflect.NativeMethodAccessorImpl.invoke(NativeMethodAccessorImpl.java:62)
	at java.base/jdk.internal.reflect.DelegatingMethodAccessorImpl.invoke(DelegatingMethodAccessorImpl.java:43)
	at java.base/java.lang.reflect.Method.invoke(Method.java:566)
	at org.junit.runners.model.FrameworkMethod$1.runReflectiveCall(FrameworkMethod.java:44)
	at org.junit.internal.runners.model.ReflectiveCallable.run(ReflectiveCallable.java:15)
	at org.junit.runners.model.FrameworkMethod.invokeExplosively(FrameworkMethod.java:41)
	at junitparams.internal.InvokeParameterisedMethod.evaluate(InvokeParameterisedMethod.java:102)
	at org.junit.internal.runners.statements.FailOnTimeout$1.run(FailOnTimeout.java:28)
Caused by: ptolemy.kernel.util.IllegalActionException: PublisherPorts cannot be used at the top level, use a Publisher actor instead.
  in .PublisherPortToplevelSubscriber.PublisherPort
	at ptolemy.actor.PublisherPort.preinitialize(PublisherPort.java:403)
	at ptolemy.actor.CompositeActor.preinitialize(CompositeActor.java:1769)
	at ptolemy.actor.Manager.preinitializeAndResolveTypes(Manager.java:1040)
	at ptolemy.actor.Manager.initialize(Manager.java:710)
	at ptolemy.actor.Manager.execute(Manager.java:356)
	at ptolemy.actor.Manager.run(Manager.java:1263)
	at ptolemy.actor.Manager$PtolemyRunThread.run(Manager.java:1933)
java.lang.RuntimeException: Execution failed
	at ptolemy.moml.MoMLSimpleApplication$UnloadThread.run(MoMLSimpleApplication.java:402)
Caused by: ptolemy.kernel.util.IllegalActionException: SubscriberPorts cannot be used at the top level, use a Subscriber actor instead.
  in .PublisherSubscriberPortToplevel.SubscriberPort
	at ptolemy.actor.SubscriberPort.preinitialize(SubscriberPort.java:328)
	at ptolemy.actor.CompositeActor.preinitialize(CompositeActor.java:1769)
	at ptolemy.actor.Manager.preinitializeAndResolveTypes(Manager.java:1040)
	at ptolemy.actor.Manager.initialize(Manager.java:710)
	at ptolemy.actor.Manager.execute(Manager.java:356)
	at ptolemy.actor.Manager.run(Manager.java:1263)
	at ptolemy.actor.Manager$PtolemyRunThread.run(Manager.java:1933)
java.lang.reflect.InvocationTargetException
	at java.base/jdk.internal.reflect.NativeConstructorAccessorImpl.newInstance0(Native Method)
	at java.base/jdk.internal.reflect.NativeConstructorAccessorImpl.newInstance(NativeConstructorAccessorImpl.java:62)
	at java.base/jdk.internal.reflect.DelegatingConstructorAccessorImpl.newInstance(DelegatingConstructorAccessorImpl.java:45)
	at java.base/java.lang.reflect.Constructor.newInstance(Constructor.java:490)
	at ptolemy.util.test.junit.AutoKnownFailedTests.RunModel(AutoKnownFailedTests.java:105)
	at java.base/jdk.internal.reflect.NativeMethodAccessorImpl.invoke0(Native Method)
	at java.base/jdk.internal.reflect.NativeMethodAccessorImpl.invoke(NativeMethodAccessorImpl.java:62)
	at java.base/jdk.internal.reflect.DelegatingMethodAccessorImpl.invoke(DelegatingMethodAccessorImpl.java:43)
	at java.base/java.lang.reflect.Method.invoke(Method.java:566)
	at org.junit.runners.model.FrameworkMethod$1.runReflectiveCall(FrameworkMethod.java:44)
	at org.junit.internal.runners.model.ReflectiveCallable.run(ReflectiveCallable.java:15)
	at org.junit.runners.model.FrameworkMethod.invokeExplosively(FrameworkMethod.java:41)
	at junitparams.internal.InvokeParameterisedMethod.evaluate(InvokeParameterisedMethod.java:102)
	at org.junit.internal.runners.statements.FailOnTimeout$1.run(FailOnTimeout.java:28)
Caused by: ptolemy.kernel.util.IllegalActionException: SubscriberPorts cannot be used at the top level, use a Subscriber actor instead.
  in .PublisherSubscriberPortToplevel.SubscriberPort
	at ptolemy.actor.SubscriberPort.preinitialize(SubscriberPort.java:328)
	at ptolemy.actor.CompositeActor.preinitialize(CompositeActor.java:1769)
	at ptolemy.actor.Manager.preinitializeAndResolveTypes(Manager.java:1040)
	at ptolemy.actor.Manager.initialize(Manager.java:710)
	at ptolemy.actor.Manager.execute(Manager.java:356)
	at ptolemy.actor.Manager.run(Manager.java:1263)
	at ptolemy.actor.Manager$PtolemyRunThread.run(Manager.java:1933)
java.lang.RuntimeException: Execution failed
	at ptolemy.moml.MoMLSimpleApplication$UnloadThread.run(MoMLSimpleApplication.java:402)
Caused by: ptolemy.kernel.util.IllegalActionException: SubscriptionAggregatorPorts cannot be used at the top level, use a SubscriptionAggregator actor instead.
  in .PublisherSubscriptionAggregatorPort.SubscriptionAggregatorPort
	at ptolemy.actor.SubscriptionAggregatorPort.preinitialize(SubscriptionAggregatorPort.java:353)
	at ptolemy.actor.CompositeActor.preinitialize(CompositeActor.java:1769)
	at ptolemy.actor.Manager.preinitializeAndResolveTypes(Manager.java:1040)
	at ptolemy.actor.Manager.initialize(Manager.java:710)
	at ptolemy.actor.Manager.execute(Manager.java:356)
	at ptolemy.actor.Manager.run(Manager.java:1263)
	at ptolemy.actor.Manager$PtolemyRunThread.run(Manager.java:1933)
java.lang.reflect.InvocationTargetException
	at java.base/jdk.internal.reflect.NativeConstructorAccessorImpl.newInstance0(Native Method)
	at java.base/jdk.internal.reflect.NativeConstructorAccessorImpl.newInstance(NativeConstructorAccessorImpl.java:62)
	at java.base/jdk.internal.reflect.DelegatingConstructorAccessorImpl.newInstance(DelegatingConstructorAccessorImpl.java:45)
	at java.base/java.lang.reflect.Constructor.newInstance(Constructor.java:490)
	at ptolemy.util.test.junit.AutoKnownFailedTests.RunModel(AutoKnownFailedTests.java:105)
	at java.base/jdk.internal.reflect.NativeMethodAccessorImpl.invoke0(Native Method)
	at java.base/jdk.internal.reflect.NativeMethodAccessorImpl.invoke(NativeMethodAccessorImpl.java:62)
	at java.base/jdk.internal.reflect.DelegatingMethodAccessorImpl.invoke(DelegatingMethodAccessorImpl.java:43)
	at java.base/java.lang.reflect.Method.invoke(Method.java:566)
	at org.junit.runners.model.FrameworkMethod$1.runReflectiveCall(FrameworkMethod.java:44)
	at org.junit.internal.runners.model.ReflectiveCallable.run(ReflectiveCallable.java:15)
	at org.junit.runners.model.FrameworkMethod.invokeExplosively(FrameworkMethod.java:41)
	at junitparams.internal.InvokeParameterisedMethod.evaluate(InvokeParameterisedMethod.java:102)
	at org.junit.internal.runners.statements.FailOnTimeout$1.run(FailOnTimeout.java:28)
Caused by: ptolemy.kernel.util.IllegalActionException: SubscriptionAggregatorPorts cannot be used at the top level, use a SubscriptionAggregator actor instead.
  in .PublisherSubscriptionAggregatorPort.SubscriptionAggregatorPort
	at ptolemy.actor.SubscriptionAggregatorPort.preinitialize(SubscriptionAggregatorPort.java:353)
	at ptolemy.actor.CompositeActor.preinitialize(CompositeActor.java:1769)
	at ptolemy.actor.Manager.preinitializeAndResolveTypes(Manager.java:1040)
	at ptolemy.actor.Manager.initialize(Manager.java:710)
	at ptolemy.actor.Manager.execute(Manager.java:356)
	at ptolemy.actor.Manager.run(Manager.java:1263)
	at ptolemy.actor.Manager$PtolemyRunThread.run(Manager.java:1933)
java.lang.RuntimeException: Execution failed
	at ptolemy.moml.MoMLSimpleApplication$UnloadThread.run(MoMLSimpleApplication.java:402)
Caused by: ptolemy.kernel.util.IllegalActionException: TypeTest actor has no training data.
  in .sizedarray3.TypeTest
	at ptolemy.actor.lib.TypeTest.initialize(TypeTest.java:250)
	at ptolemy.actor.Director.initialize(Director.java:938)
	at ptolemy.actor.Director.initialize(Director.java:907)
	at ptolemy.actor.sched.StaticSchedulingDirector.initialize(StaticSchedulingDirector.java:159)
	at ptolemy.domains.sdf.kernel.SDFDirector.initialize(SDFDirector.java:544)
	at ptolemy.actor.CompositeActor.initialize(CompositeActor.java:935)
	at ptolemy.actor.Manager.initialize(Manager.java:724)
	at ptolemy.actor.Manager.execute(Manager.java:356)
	at ptolemy.actor.Manager.run(Manager.java:1263)
	at ptolemy.actor.Manager$PtolemyRunThread.run(Manager.java:1933)
java.lang.reflect.InvocationTargetException
	at java.base/jdk.internal.reflect.NativeConstructorAccessorImpl.newInstance0(Native Method)
	at java.base/jdk.internal.reflect.NativeConstructorAccessorImpl.newInstance(NativeConstructorAccessorImpl.java:62)
	at java.base/jdk.internal.reflect.DelegatingConstructorAccessorImpl.newInstance(DelegatingConstructorAccessorImpl.java:45)
	at java.base/java.lang.reflect.Constructor.newInstance(Constructor.java:490)
	at ptolemy.util.test.junit.AutoKnownFailedTests.RunModel(AutoKnownFailedTests.java:105)
	at java.base/jdk.internal.reflect.NativeMethodAccessorImpl.invoke0(Native Method)
	at java.base/jdk.internal.reflect.NativeMethodAccessorImpl.invoke(NativeMethodAccessorImpl.java:62)
	at java.base/jdk.internal.reflect.DelegatingMethodAccessorImpl.invoke(DelegatingMethodAccessorImpl.java:43)
	at java.base/java.lang.reflect.Method.invoke(Method.java:566)
	at org.junit.runners.model.FrameworkMethod$1.runReflectiveCall(FrameworkMethod.java:44)
	at org.junit.internal.runners.model.ReflectiveCallable.run(ReflectiveCallable.java:15)
	at org.junit.runners.model.FrameworkMethod.invokeExplosively(FrameworkMethod.java:41)
	at junitparams.internal.InvokeParameterisedMethod.evaluate(InvokeParameterisedMethod.java:102)
	at org.junit.internal.runners.statements.FailOnTimeout$1.run(FailOnTimeout.java:28)
Caused by: ptolemy.kernel.util.IllegalActionException: TypeTest actor has no training data.
  in .sizedarray3.TypeTest
	at ptolemy.actor.lib.TypeTest.initialize(TypeTest.java:250)
	at ptolemy.actor.Director.initialize(Director.java:938)
	at ptolemy.actor.Director.initialize(Director.java:907)
	at ptolemy.actor.sched.StaticSchedulingDirector.initialize(StaticSchedulingDirector.java:159)
	at ptolemy.domains.sdf.kernel.SDFDirector.initialize(SDFDirector.java:544)
	at ptolemy.actor.CompositeActor.initialize(CompositeActor.java:935)
	at ptolemy.actor.Manager.initialize(Manager.java:724)
	at ptolemy.actor.Manager.execute(Manager.java:356)
	at ptolemy.actor.Manager.run(Manager.java:1263)
	at ptolemy.actor.Manager$PtolemyRunThread.run(Manager.java:1933)
ptolemy.kernel.util.InternalErrorException: Exec Stderr Gobbler-7: Failed while reading from java.lang.ProcessImpl$ProcessPipeInputStream@4ca8a2dc. To avoid this, try setting the ignoreIOExceptionReadErrors parameter to true.null
  in .ExecEnvironment.Exec
Because:
Stream closed
	at ptolemy.actor.lib.Exec$_StreamReaderThread._read(Exec.java:762)
	at ptolemy.actor.lib.Exec$_StreamReaderThread.run(Exec.java:706)
Caused by: java.io.IOException: Stream closed
	at java.base/sun.nio.cs.StreamDecoder.ensureOpen(StreamDecoder.java:46)
	at java.base/sun.nio.cs.StreamDecoder.read(StreamDecoder.java:148)
	at java.base/java.io.InputStreamReader.read(InputStreamReader.java:185)
	at ptolemy.actor.lib.Exec$_StreamReaderThread._read(Exec.java:724)
	... 1 more
Caused by: java.io.IOException: Stream closed
	at java.base/sun.nio.cs.StreamDecoder.ensureOpen(StreamDecoder.java:46)
	at java.base/sun.nio.cs.StreamDecoder.read(StreamDecoder.java:148)
	at java.base/java.io.InputStreamReader.read(InputStreamReader.java:185)
	at ptolemy.actor.lib.Exec$_StreamReaderThread._read(Exec.java:724)
	at ptolemy.actor.lib.Exec$_StreamReaderThread.run(Exec.java:706)
]]></system-err>
</testsuite>
