<?xml version="1.0" encoding="UTF-8" ?>
<testsuite errors="0" failures="0" hostname="travis-job-4c8d9452-65e6-4793-867b-ca4674577c4f" name="ptolemy.actor.lib.test.junit.JUnitTclTest" skipped="0" tests="517" time="63.758" timestamp="2018-08-25T01:57:16">
  <properties>
    <property name="npm.executable" value="npm" />
    <property name="file.encoding.pkg" value="sun.io" />
    <property name="ptII.mk.exists" value="true" />
    <property name="env.rvm_bin_path" value="/home/travis/.rvm/bin" />
    <property name="java.home" value="/usr/lib/jvm/java-8-oracle/jre" />
    <property name="env.TRAVIS_JOB_NUMBER" value="707.8" />
    <property name="env.DISPLAY" value=":99.0" />
    <property name="java.net.preferIPv4Stack" value="true" />
    <property name="env.TRAVIS_INIT" value="upstart" />
    <property name="env.SSH_TTY" value="/dev/pts/0" />
    <property name="env.RUN_TESTS" value="false" />
    <property name="timeout.short" value="1000000" />
    <property name="env.TRAVIS_STACK_NODE_ATTRIBUTES" value="/.node-attributes.yml" />
    <property name="junit.formatter" value="xml" />
    <property name="java.endorsed.dirs" value="/usr/lib/jvm/java-8-oracle/jre/lib/endorsed" />
    <property name="env.TRAVIS_SUDO" value="true" />
    <property name="env.LOGNAME" value="travis" />
    <property name="env.PT_TRAVIS_TEST_CORE1_XML" value="true" />
    <property name="jsdoc.home" value="node_modules/@terraswarm/jsdoc" />
    <property name="debuglevel" value="source,lines,vars" />
    <property name="checkstyle.formatter" value="xml" />
    <property name="bin.vergil.makeable" value="true" />
    <property name="env._system_version" value="14.04" />
    <property name="sun.os.patch.level" value="unknown" />
    <property name="java.vendor.url" value="http://java.oracle.com/" />
    <property name="java.version" value="1.8.0_151" />
    <property name="env.TZ" value="UTC" />
    <property name="env.PT_NO_NET" value="true" />
    <property name="env.TRAVIS_PULL_REQUEST_SHA" value="" />
    <property name="env.TRAVIS_SECURE_ENV_VARS" value="true" />
    <property name="env._system_type" value="Linux" />
    <property name="java.vendor.url.bug" value="http://bugreport.sun.com/bugreport/" />
    <property name="env.SSH_CLIENT" value="10.10.16.2 45878 22" />
    <property name="npmjs-org-is-up" value="true" />
    <property name="env.GEM_HOME" value="/home/travis/.rvm/gems/ruby-2.4.1" />
    <property name="env.HAS_ANTARES_THREE_LITTLE_FRONZIES_BADGE" value="true" />
    <property name="env.PS4" value="+" />
    <property name="ant.project.invoked-targets" value="build,test.core1.xml" />
    <property name="env.TRAVIS_PULL_REQUEST_BRANCH" value="" />
    <property name="env.TRAVIS_REPO_SLUG" value="icyphy/ptII" />
    <property name="node.in.path" value="true" />
    <property name="java.maxmemory" value="1400m" />
    <property name="env.RUBY_VERSION" value="ruby-2.4.1" />
    <property name="user.name" value="travis" />
    <property name="env.LANG" value="en_US.UTF-8" />
    <property name="sun.io.unicode.encoding" value="UnicodeLittle" />
    <property name="sun.jnu.encoding" value="UTF-8" />
    <property name="java.runtime.name" value="Java(TM) SE Runtime Environment" />
    <property name="usefile" value="false" />
    <property name="return.code" value="0" />
    <property name="junit.single.formatter" value="plain" />
    <property name="env.DYLD_LIBRARY_PATH" value="/home/travis/pthla/certi-tools/lib:" />
    <property name="env.DEBIAN_FRONTEND" value="noninteractive" />
    <property name="env.SSH_CONNECTION" value="10.10.16.2 45878 10.20.0.118 22" />
    <property name="env.MYSQL_UNIX_PORT" value="/var/run/mysqld/mysqld.sock" />
    <property name="env.TRAVIS_ALLOW_FAILURE" value="false" />
    <property name="env.LC_ALL" value="en_US.UTF-8" />
    <property name="java.specification.name" value="Java Platform API Specification" />
    <property name="node.works" value="true" />
    <property name="user.timezone" value="" />
    <property name="path.separator" value=":" />
    <property name="env.PYTHON_CFLAGS" value="-g -fstack-protector --param=ssp-buffer-size=4 -Wformat -Werror=format-security" />
    <property name="timeout.long" value="4000000" />
    <property name="env.CERTI_HOME" value="/home/travis/pthla/certi-tools" />
    <property name="file.encoding" value="UTF-8" />
    <property name="ant.file.ptII" value="/home/travis/build/icyphy/ptII/build.xml" />
    <property name="javadoc.packagenames" value="com.*,diva.*,lbnl.*,org.hlacerti.*,org.json.*,org.ptolemy.*,org.terraswarm.*,ptolemy.*,ptserver.*" />
    <property name="env.TRAVIS_PULL_REQUEST_SLUG" value="" />
    <property name="ant.project.default-target" value="build" />
    <property name="env.GIT_ASKPASS" value="echo" />
    <property name="env.HOME" value="/home/travis" />
    <property name="sun.java.command" value="org.apache.tools.ant.taskdefs.optional.junit.JUnitTestRunner ptolemy.actor.lib.test.junit.JUnitTclTest skipNonTests=false filtertrace=true haltOnError=false haltOnFailure=false formatter=org.apache.tools.ant.taskdefs.optional.junit.OutErrSummaryJUnitResultFormatter showoutput=true outputtoformatters=true logfailedtests=true threadid=0 logtestlistenerevents=false formatter=org.apache.tools.ant.taskdefs.optional.junit.XMLJUnitResultFormatter,/home/travis/build/icyphy/ptII/reports/junit/TEST-ptolemy.actor.lib.test.junit.JUnitTclTest.xml crashfile=/home/travis/build/icyphy/ptII/junitvmwatcher3505713038780948157.properties propsfile=/home/travis/build/icyphy/ptII/junit1435691058866759108.properties" />
    <property name="env.MANPATH" value="/home/travis/.nvm/versions/node/v7.10.1/share/man:/home/travis/.kiex/elixirs/elixir-1.4.5/man:/home/travis/.rvm/rubies/ruby-2.4.1/share/man:/usr/local/man:/usr/local/cmake-3.9.2/man:/usr/local/clang-5.0.0/share/man:/usr/local/share/man:/usr/share/man:/home/travis/.rvm/man" />
    <property name="env.COMPOSER_NO_INTERACTION" value="1" />
    <property name="env.JDK_SWITCHER_DEFAULT" value="oraclejdk8" />
    <property name="ant.file" value="/home/travis/build/icyphy/ptII/build.xml" />
    <property name="env.TRAVIS_COMMIT_RANGE" value="0cf022ad24b2272dc9a802466af2a6a9926137bb...31232951153ad479e847436f4fe044bd067f5f2a" />
    <property name="env._system_name" value="Ubuntu" />
    <property name="timeout" value="2400000" />
    <property name="ptII.classpath.optional.property" value="/home/travis/build/icyphy/ptII/lib/bsh-2.0b4.jar:/home/travis/build/icyphy/ptII/lib/ptCal.jar:/home/travis/build/icyphy/ptII/lib/java_cup.jar:/home/travis/build/icyphy/ptII/lib/saxon8.jar:/home/travis/build/icyphy/ptII/lib/saxon8-dom.jar:/home/travis/build/icyphy/ptII/lib/chic.jar:/home/travis/build/icyphy/ptII/lib/ptcolt.jar:/usr/lib/jvm/java-8-oracle/lib/tools.jar:/usr/lib/eclipse/plugins/org.eclipse.jdt.core_3.8.2.dist.jar:/usr/lib/eclipse/plugins/org.eclipse.core.runtime_3.8.0.dist.jar:/usr/lib/eclipse/plugins/org.eclipse.osgi_3.8.1.dist.jar:/usr/lib/eclipse/plugins/org.eclipse.core.resources_3.8.1.dist.jar:/usr/lib/eclipse/plugins/org.eclipse.equinox.common_3.6.100.dist.jar:/usr/lib/eclipse/plugins/org.eclipse.core.jobs_3.5.200.dist.jar:/usr/lib/eclipse/plugins/org.eclipse.core.contenttype_3.4.200.dist.jar:/usr/lib/eclipse/plugins/org.eclipse.equinox.preferences_3.5.0.dist.jar:/usr/lib/eclipse/plugins/org.eclipse.text_3.5.200.dist.jar:/usr/lib/eclipse/plugins/org.eclipse.ui.workbench_3.8.1.dist.jar:/usr/lib/eclipse/plugins/org.eclipse.jface_3.8.0.dist.jar:/usr/lib/eclipse/plugins/org.eclipse.swt_3.8.2.jar:/usr/lib/eclipse/plugins/org.eclipse.jface.text_3.8.1.dist.jar:/usr/lib/eclipse/plugins/org.eclipse.ui.workbench.texteditor_3.8.0.dist.jar:/usr/lib/eclipse/plugins/org.eclipse.ui.editors_3.8.0.dist.jar:/usr/lib/eclipse/plugins/org.eclipse.core.commands_3.6.1.dist.jar:/usr/lib/eclipse/plugins/org.eclipse.equinox.registry_3.5.200.dist.jar:/usr/lib/eclipse/plugins/org.eclipse.ui.console_3.5.100.dist.jar:/usr/lib/eclipse/plugins/org.eclipse.ui.forms_3.5.200.dist.jar:/usr/lib/eclipse/plugins/org.eclipse.ui.ide_3.8.1.dist.jar:/home/travis/build/icyphy/ptII/vendors/oracle/dbxml.jar:/home/travis/build/icyphy/ptII/vendors/oracle/db.jar:/home/travis/build/icyphy/ptII/vendors/misc/itext/iText.jar:/home/travis/build/icyphy/ptII/lib/g4ltl.jar:/home/travis/build/icyphy/ptII/lib/StructuralCoder.jar:/home/travis/build/icyphy/ptII/lib/org-openide-util.jar:/home/travis/build/icyphy/ptII/lib/org-openide-util-lookup.jar:/home/travis/build/icyphy/ptII/lib/org-netbeans-api-visual.jar:/home/travis/build/icyphy/ptII/vendors/jai-1_1_2_01/lib/jai_core.jar:/home/travis/build/icyphy/ptII/vendors/jai-1_1_2_01/lib/jai_codec.jar:/home/travis/build/icyphy/ptII/lib/jcerti.jar:/home/travis/build/icyphy/ptII/lib/smack.jar:/home/travis/build/icyphy/ptII/lib/smackx.jar:/home/travis/build/icyphy/ptII/lib/jetty-all-8.1.5-v20120716.jar:/home/travis/build/icyphy/ptII/lib/javax.servlet-api-3.0.1.jar:/home/travis/build/icyphy/ptII/lib/javax.mail.jar:/home/travis/build/icyphy/ptII/vendors/JMF-2.1.1e/lib/jmf.jar:/home/travis/build/icyphy/ptII/lib/jna-4.0.0-variadic.jar:/home/travis/build/icyphy/ptII/vendors/misc/joystick/Joystick.jar:/home/travis/build/icyphy/ptII/lib/ptjacl.jar:/home/travis/build/icyphy/ptII/lib/jsoup-1.8.2.jar:/home/travis/build/icyphy/ptII/lib/junit-4.8.2.jar:/home/travis/build/icyphy/ptII/lib/JUnitParams-0.4.0.jar:/home/travis/build/icyphy/ptII/ptolemy/actor/lib/excel/jxl.jar:/home/travis/build/icyphy/ptII/lib/jython.jar:/home/travis/build/icyphy/ptII/lib/kieler.jar:/home/travis/build/icyphy/ptII/vendors/opencv/share/OpenCV/java/opencv-341.jar:/home/travis/build/icyphy/ptII/lib/oscP5.jar:/home/travis/build/icyphy/ptII/lib/nrjavaserial-3.11.0.devel.jar:/home/travis/build/icyphy/ptII/vendors/j3d/lib/j3dcore.jar:/home/travis/build/icyphy/ptII/vendors/j3d/lib/j3dutils.jar:/home/travis/build/icyphy/ptII/vendors/j3d/lib/vecmath.jar:/home/travis/build/icyphy/ptII/ptolemy/distributed/jini/jar/jini-core.jar:/home/travis/build/icyphy/ptII/ptolemy/distributed/jini/jar/jini-ext.jar:/home/travis/build/icyphy/ptII/ptolemy/distributed/jini/jar/sun-util.jar:/home/travis/build/icyphy/ptII/lib/protobuf-java-2.4.1.jar:/home/travis/build/icyphy/ptII/lib/org.eclipse.paho.client.mqttv3.jar:/home/travis/build/icyphy/ptII/ptserver/lib/hessian-4.0.7.jar:/home/travis/build/icyphy/ptII/ptserver/lib/wmqtt.jar:/home/travis/build/icyphy/ptII/lib/mapss.jar:/home/travis/build/icyphy/ptII/ptolemy/actor/ptalon/antlr/antlr.jar:/home/travis/build/icyphy/ptII/lib/JRI.jar:/home/travis/build/icyphy/ptII/lib/commons-lang-2.6.jar:/home/travis/build/icyphy/ptII/lib/commons-logging-1.1.1.jar:/home/travis/build/icyphy/ptII/lib/sootclasses.jar:/home/travis/build/icyphy/ptII/ptolemy/actor/lib/database/mysql-connector-java-5.1.6-bin.jar:/home/travis/build/icyphy/ptII/vendors/misc/sphinx4/sphinx4-data-5prealpha.jar:/home/travis/build/icyphy/ptII/vendors/misc/sphinx4/sphinx4-core-5prealpha.jar:/home/travis/build/icyphy/ptII/lib/PDFRenderer.jar:/home/travis/build/icyphy/ptII/lib/svgSalamander.jar:/home/travis/build/icyphy/ptII/lib/rsyntaxtextarea-2.6.0-SNAPSHOT.jar:/home/travis/build/icyphy/ptII/lib/hazelcast-3.8.2.jar:/home/travis/build/icyphy/ptII/lib/jackson-annotations-2.9.0.jar:/home/travis/build/icyphy/ptII/lib/jackson-core-2.9.3.jar:/home/travis/build/icyphy/ptII/lib/jackson-databind-2.9.3.jar:/home/travis/build/icyphy/ptII/lib/netty-buffer-4.1.19.Final.jar:/home/travis/build/icyphy/ptII/lib/netty-codec-4.1.19.Final.jar:/home/travis/build/icyphy/ptII/lib/netty-codec-dns-4.1.19.Final.jar:/home/travis/build/icyphy/ptII/lib/netty-codec-http-4.1.19.Final.jar:/home/travis/build/icyphy/ptII/lib/netty-codec-http2-4.1.19.Final.jar:/home/travis/build/icyphy/ptII/lib/netty-common-4.1.19.Final.jar:/home/travis/build/icyphy/ptII/lib/netty-handler-4.1.19.Final.jar:/home/travis/build/icyphy/ptII/lib/netty-resolver-4.1.19.Final.jar:/home/travis/build/icyphy/ptII/lib/netty-resolver-dns-4.1.19.Final.jar:/home/travis/build/icyphy/ptII/lib/netty-transport-4.1.19.Final.jar:/home/travis/build/icyphy/ptII/lib/vertx-codegen-3.5.1.jar:/home/travis/build/icyphy/ptII/lib/vertx-core-3.5.2-SNAPSHOT.jar:/home/travis/build/icyphy/ptII/lib/vertx-hazelcast-3.5.1.jar:/home/travis/build/icyphy/ptII/lib/vertx-lang-js-3.5.1.jar:/home/travis/build/icyphy/ptII/lib/vertx-service-proxy-3.5.1.jar:/home/travis/build/icyphy/ptII/lib/vertx-web-3.5.1.jar:/home/travis/build/icyphy/ptII/lib/slf4j-api-1.7.13.jar:/home/travis/build/icyphy/ptII/lib/slf4j-simple-1.7.13.jar:/home/travis/build/icyphy/ptII/lib/webcam-capture-0.3.12.jar:/home/travis/build/icyphy/ptII/lib/bridj-0.7.0.jar:/home/travis/build/icyphy/ptII/lib/xbjlib-1.1.0.nrjavaserial.jar" />
    <property name="test.batch" value="**/junit/*.java" />
    <property name="env._" value="/usr/bin/timeout" />
    <property name="java.io.tmpdir" value="/tmp" />
    <property name="user.language" value="en" />
    <property name="env.HISTCONTROL" value="ignoredups:ignorespace" />
    <property name="env.GOROOT" value="/home/travis/.gimme/versions/go1.7.4.linux.amd64" />
    <property name="line.separator" value="&#xa;" />
    <property name="target" value="1.8" />
    <property name="env.TRAVIS_BUILD_DIR" value="/home/travis/build/icyphy/ptII" />
    <property name="env.ANT_OPTS" value="-Xmx2048m" />
    <property name="ant.file.type" value="file" />
    <property name="ptolemy.ptII.batchMode" value="true" />
    <property name="env.HISTSIZE" value="1000" />
    <property name="env.MERB_ENV" value="test" />
    <property name="java.vm.info" value="mixed mode" />
    <property name="source" value="1.8" />
    <property name="java.vm.specification.name" value="Java Virtual Machine Specification" />
    <property name="env.TRAVIS_TEST_RESULT" value="0" />
    <property name="jsdoc.command" value="node_modules/@terraswarm/jsdoc/jsdoc.js" />
    <property name="npm.works" value="true" />
    <property name="cobertura.dir" value="/home/travis/build/icyphy/ptII/vendors/cobertura-2.0.3" />
    <property name="env.rvm_path" value="/home/travis/.rvm" />
    <property name="env.GEM_PATH" value="/home/travis/.rvm/gems/ruby-2.4.1:/home/travis/.rvm/gems/ruby-2.4.1@global" />
    <property name="env.LC_CTYPE" value="en_US.UTF-8" />
    <property name="java.awt.printerjob" value="sun.print.PSPrinterJob" />
    <property name="env.TRAVIS_STACK_NAME" value="garnet" />
    <property name="ant.version" value="Apache Ant(TM) version 1.10.1 compiled on February 2 2017" />
    <property name="ptII.reports" value="/home/travis/build/icyphy/ptII/reports" />
    <property name="env.TRAVIS_STACK_TIMESTAMP" value="2017-12-05 19:33:09 UTC" />
    <property name="ant.file.type.ptII" value="file" />
    <property name="env.RBENV_SHELL" value="bash" />
    <property name="os.name" value="Linux" />
    <property name="java.specification.vendor" value="Oracle Corporation" />
    <property name="env.rvm_version" value="1.29.3 (latest)" />
    <property name="env.TERM" value="xterm" />
    <property name="java.vm.name" value="Java HotSpot(TM) 64-Bit Server VM" />
    <property name="env.TRAVIS_BUILD_NUMBER" value="707" />
    <property name="env.CI" value="true" />
    <property name="java.library.path" value="/home/travis/pthla/certi-tools/lib:/usr/lib/jni:/usr/local/share/OpenCV/java/:/usr/share/OpenCV/java::/usr/java/packages/lib/amd64:/usr/lib64:/lib64:/lib:/usr/lib" />
    <property name="env.rvm_prefix" value="/home/travis" />
    <property name="env.PATH" value="/home/travis/pthla/certi-tools/share/scripts:/home/travis/.rvm/gems/ruby-2.4.1/bin:/home/travis/.rvm/gems/ruby-2.4.1@global/bin:/home/travis/.rvm/rubies/ruby-2.4.1/bin:/home/travis/.rvm/bin:/home/travis/.nvm/versions/node/v7.10.1/bin:./node_modules/.bin:/home/travis/build/icyphy/ptII/bin:/home/travis/pthla/certi-tools/bin:/home/travis/bin:/home/travis/.local/bin:/opt/pyenv/shims:/home/travis/.phpenv/shims:/home/travis/perl5/perlbrew/bin:/home/travis/.kiex/elixirs/elixir-1.4.5/bin:/home/travis/.kiex/bin:/home/travis/gopath/bin:/home/travis/.gimme/versions/go1.7.4.linux.amd64/bin:/usr/local/phantomjs/bin:/usr/local/phantomjs:/usr/local/neo4j-3.2.7/bin:/usr/local/maven-3.5.2/bin:/usr/local/cmake-3.9.2/bin:/usr/local/clang-5.0.0/bin:/usr/local/sbin:/usr/local/bin:/usr/sbin:/usr/bin:/sbin:/bin:/home/travis/.phpenv/bin:/opt/pyenv/bin:/home/travis/.yarn/bin" />
    <property name="env.TRAVIS_OS_NAME" value="linux" />
    <property name="ant.java.version" value="1.8" />
    <property name="basedir" value="/home/travis/build/icyphy/ptII" />
    <property name="java.class.version" value="52.0" />
    <property name="env.SHLVL" value="3" />
    <property name="env.LD_LIBRARY_PATH" value="/home/travis/pthla/certi-tools/lib:/usr/lib/jni:/usr/local/share/OpenCV/java/:/usr/share/OpenCV/java:" />
    <property name="env.RACK_ENV" value="test" />
    <property name="ant.home" value="/home/travis/build/icyphy/ptII/ant" />
    <property name="env.NVM_DIR" value="/home/travis/.nvm" />
    <property name="env.PERLBREW_BASHRC_VERSION" value="0.80" />
    <property name="env.CERTI_FOM_PATH" value="/home/travis/pthla/certi-tools/share/federations" />
    <property name="env.TRAVIS_BUILD_ID" value="420361731" />
    <property name="env.PYENV_ROOT" value="/opt/pyenv" />
    <property name="env.TRAVIS_UID" value="2000" />
    <property name="env.rvm_pretty_print_flag" value="auto" />
    <property name="env.NVM_BIN" value="/home/travis/.nvm/versions/node/v7.10.1/bin" />
    <property name="env.TRAVIS_COMMIT" value="31232951153ad479e847436f4fe044bd067f5f2a" />
    <property name="env._system_arch" value="x86_64" />
    <property name="node.executable" value="node" />
    <property name="sun.boot.library.path" value="/usr/lib/jvm/java-8-oracle/jre/lib/amd64" />
    <property name="sun.management.compiler" value="HotSpot 64-Bit Tiered Compilers" />
    <property name="env.GOPATH" value="/home/travis/gopath" />
    <property name="java.awt.graphicsenv" value="sun.awt.X11GraphicsEnvironment" />
    <property name="ptolemy.ptII.dir" value="/home/travis/build/icyphy/ptII" />
    <property name="env.USER" value="travis" />
    <property name="env.HISTFILESIZE" value="2000" />
    <property name="timeout.longest" value="19000000" />
    <property name="env.TRAVIS_STACK_FEATURES" value="basic cassandra chromium couchdb disabled-ipv6 docker docker-compose elasticsearch firefox go-toolchain google-chrome jdk memcached mongodb mysql neo4j nodejs_interpreter perl_interpreter perlbrew phantomjs postgresql python_interpreter rabbitmq redis riak ruby_interpreter sqlite xserver" />
    <property name="env.TRAVIS_PULL_REQUEST" value="false" />
    <property name="env.PYENV_SHELL" value="bash" />
    <property name="ant.project.name" value="ptII" />
    <property name="java.vm.specification.version" value="1.8" />
    <property name="env.TRAVIS_DIST" value="trusty" />
    <property name="env.CERTI_VERSION" value="4.0.0" />
    <property name="env.NLSPATH" value="/usr/dt/lib/nls/msg/%L/%N.cat" />
    <property name="awt.toolkit" value="sun.awt.X11.XToolkit" />
    <property name="env.CERTI_HOST" value="localhost" />
    <property name="env.MY_RUBY_HOME" value="/home/travis/.rvm/rubies/ruby-2.4.1" />
    <property name="sun.cpu.isalist" value="" />
    <property name="java.ext.dirs" value="/usr/lib/jvm/java-8-oracle/jre/lib/ext:/usr/java/packages/lib/ext" />
    <property name="os.version" value="4.4.0-101-generic" />
    <property name="user.home" value="/home/travis" />
    <property name="env.MIX_ARCHIVES" value="/home/travis/.kiex/mix/elixir-1.4.5" />
    <property name="java.vm.vendor" value="Oracle Corporation" />
    <property name="env.TRAVIS_TAG" value="nightly" />
    <property name="env.TRAVIS_FILTERED" value="redirect_io" />
    <property name="env.JAVA_HOME" value="/usr/lib/jvm/java-8-oracle" />
    <property name="env.PTII" value="/home/travis/build/icyphy/ptII" />
    <property name="javadoc.excludepackagenames" value="adm.cvs2svn.*,build.*,config.*,doc.coding.templates.*,jni.test.jni.meaningOfLife.*,jni.test.jni.testDeux.*,jni.test.jni.testTrois.*,org.terraswarm.accessor.accessors.web.node_modules.*,org.terraswarm.accessor.accessors.web.hosts.cordova.demo.*,org.terraswarm.accessor.accessors.web.hosts.cordova.plugins.*,org.terraswarm.accessor.accessors-svn.*,pt-modules.*,ptolemy.apps.agilent.*,ptolemy.apps.anytimecontrol.*,ptolemy.apps.apes.*,ptolemy.apps.charon.*,ptolemy.apps.crazyboard.*,ptolemy.apps.eclipse.*,ptolemy.apps.etherealSting.*,ptolemy.apps.fullscreen.*,ptolemy.apps.giotto.*,ptolemy.apps.ia.*,ptolemy.apps.interfaces.*,ptolemy.apps.jmf.*,ptolemy.apps.kurt.*,ptolemy.apps.kvm.*,ptolemy.apps.lego.*,ptolemy.apps.lejos.*,ptolemy.apps.midp.*,ptolemy.apps.mobileCoding.*,ptolemy.apps.pendulum.*,ptolemy.apps.rijndael.*,ptolemy.apps.robot.*,ptolemy.apps.security.*,ptolemy.apps.sobel.*,ptolemy.apps.soot.*,ptolemy.apps.throttle.*,ptolemy.apps.tini.*,ptolemy.apps.transmission.*,ptolemy.apps.vergil.*,ptolemy.apps.waba.*,ptolemy.apps.websensor.*,ptolemy.apps.webstart.*,ptolemy.apps.xsl.*,ptolemy.apps.zaurus.*,ptolemy.backtrack.eclipse.plugin.*,ptolemy.backtrack.test.*,ptolemy.codegen.c.actor.lib.oldJavaFiles.*,ptolemy.codegen.dsp.lib.*,ptolemy.codegen.kernel.newInterfaces.*,ptolemy.codegen.lib.*,ptolemy.copernicus.kernel.fragment.*,ptolemy.copernicus.shallow.cg.*,ptolemy.domains.giotto.demo.Hierarchy.Hierarchy.*,ptolemy.domains.giotto.demo.Multimode.Multimode.*,ptolemy.domains.giotto.demo.Simple.Simple.*,ptolemy.domains.gr.lib.experimental.*,ptolemy.domains.gro.*,ptolemy.domains.pdf.*,ptolemy.domains.ptinyos.demo.Surge.output.*,ptolemy.moml.test.NoPackageActor.java*,ptolemy.plot.adm.*,ptolemy.plot.servlet.*,reports.*,signed.*,src.*,target.*,vendors.*,ptolemy.cg.adapter.generic.program.procedural.c.mbed*,ptolemy.actor.lib.fmi.fmus.omc*,ptolemy.domains.openmodelica*,ptdb.kernel.bl.save.test.*,ptdb.kernel.bl.load.test.*,ptdb.kernel.bl.search.test.*,ptdb.kernel.bl.migration.test.*,ptdb.kernel.database.test.*,ptdb.test.*,ptdb.gui.test.*,org.ptolemy.scala.*,diva.util.java2d.svg.*,ptolemy.domains.ptinyos.*,ptolemy.actor.lib.fmi.fmipp.*,,org.terraswarm.accessor.accessors.web.node_modules.*,org.terraswarm.accessor.accessors-svn,ptolemy.apps.*,ptolemy.actor.ptalon.demo.ptinyos.SendAndReceiveCnt.output,ptolemy.actor.ptalon.demo.ptinyos.SenseToLeds.output,ptolemy.domains.ptinyos.demo.CntToLedsAndRfm.output,ptolemy.domains.ptinyos.demo.RfmToLeds.output,ptolemy.domains.ptinyos.demo.SendAndReceiveCnt.output,ptolemy.domains.ptinyos.demo.SenseToLeds.output,ptolemy.actor.lib.jjs.modules.udpSocket.*" />
    <property name="env.TRAVIS_COMMIT_MESSAGE" value="Demo tuning" />
    <property name="keystore" value="ptKeystore" />
    <property name="env.XDG_SESSION_ID" value="2" />
    <property name="junit.output.dir" value="/home/travis/build/icyphy/ptII/reports/junit" />
    <property name="npm.return.code" value="0" />
    <property name="user.dir" value="/home/travis/build/icyphy/ptII/ptolemy/actor/lib/test" />
    <property name="env.TRAVIS_NODE_VERSION" value="7" />
    <property name="env.XFILESEARCHPATH" value="/usr/dt/app-defaults/%L/Dt" />
    <property name="env.TRAVIS_EVENT_TYPE" value="cron" />
    <property name="env.MAIL" value="/var/mail/travis" />
    <property name="env.PERLBREW_ROOT" value="/home/travis/perl5/perlbrew" />
    <property name="env.PWD" value="/home/travis/build/icyphy/ptII" />
    <property name="timeout.npm" value="45000" />
    <property name="env.PAGER" value="cat" />
    <property name="sun.cpu.endian" value="little" />
    <property name="env.TRAVIS_BUILD_STAGE_NAME" value="Test" />
    <property name="env.PERLBREW_HOME" value="/home/travis/.perlbrew" />
    <property name="env.RAILS_ENV" value="test" />
    <property name="java.vm.version" value="25.151-b12" />
    <property name="java.class.path" value="/home/travis/.ptolemyII:/home/travis/.ptolemyII/*:/home/travis/build/icyphy/ptII:/home/travis/build/icyphy/ptII/lib/bsh-2.0b4.jar:/home/travis/build/icyphy/ptII/lib/ptCal.jar:/home/travis/build/icyphy/ptII/lib/java_cup.jar:/home/travis/build/icyphy/ptII/lib/saxon8.jar:/home/travis/build/icyphy/ptII/lib/saxon8-dom.jar:/home/travis/build/icyphy/ptII/lib/chic.jar:/home/travis/build/icyphy/ptII/lib/ptcolt.jar:/usr/lib/jvm/java-8-oracle/lib/tools.jar:/usr/lib/eclipse/plugins/org.eclipse.jdt.core_3.8.2.dist.jar:/usr/lib/eclipse/plugins/org.eclipse.core.runtime_3.8.0.dist.jar:/usr/lib/eclipse/plugins/org.eclipse.osgi_3.8.1.dist.jar:/usr/lib/eclipse/plugins/org.eclipse.core.resources_3.8.1.dist.jar:/usr/lib/eclipse/plugins/org.eclipse.equinox.common_3.6.100.dist.jar:/usr/lib/eclipse/plugins/org.eclipse.core.jobs_3.5.200.dist.jar:/usr/lib/eclipse/plugins/org.eclipse.core.contenttype_3.4.200.dist.jar:/usr/lib/eclipse/plugins/org.eclipse.equinox.preferences_3.5.0.dist.jar:/usr/lib/eclipse/plugins/org.eclipse.text_3.5.200.dist.jar:/usr/lib/eclipse/plugins/org.eclipse.ui.workbench_3.8.1.dist.jar:/usr/lib/eclipse/plugins/org.eclipse.jface_3.8.0.dist.jar:/usr/lib/eclipse/plugins/org.eclipse.swt_3.8.2.jar:/usr/lib/eclipse/plugins/org.eclipse.jface.text_3.8.1.dist.jar:/usr/lib/eclipse/plugins/org.eclipse.ui.workbench.texteditor_3.8.0.dist.jar:/usr/lib/eclipse/plugins/org.eclipse.ui.editors_3.8.0.dist.jar:/usr/lib/eclipse/plugins/org.eclipse.core.commands_3.6.1.dist.jar:/usr/lib/eclipse/plugins/org.eclipse.equinox.registry_3.5.200.dist.jar:/usr/lib/eclipse/plugins/org.eclipse.ui.console_3.5.100.dist.jar:/usr/lib/eclipse/plugins/org.eclipse.ui.forms_3.5.200.dist.jar:/usr/lib/eclipse/plugins/org.eclipse.ui.ide_3.8.1.dist.jar:/home/travis/build/icyphy/ptII/vendors/oracle/dbxml.jar:/home/travis/build/icyphy/ptII/vendors/oracle/db.jar:/home/travis/build/icyphy/ptII/vendors/misc/itext/iText.jar:/home/travis/build/icyphy/ptII/lib/g4ltl.jar:/home/travis/build/icyphy/ptII/lib/StructuralCoder.jar:/home/travis/build/icyphy/ptII/lib/org-openide-util.jar:/home/travis/build/icyphy/ptII/lib/org-openide-util-lookup.jar:/home/travis/build/icyphy/ptII/lib/org-netbeans-api-visual.jar:/home/travis/build/icyphy/ptII/vendors/jai-1_1_2_01/lib/jai_core.jar:/home/travis/build/icyphy/ptII/vendors/jai-1_1_2_01/lib/jai_codec.jar:/home/travis/build/icyphy/ptII/lib/jcerti.jar:/home/travis/build/icyphy/ptII/lib/smack.jar:/home/travis/build/icyphy/ptII/lib/smackx.jar:/home/travis/build/icyphy/ptII/lib/jetty-all-8.1.5-v20120716.jar:/home/travis/build/icyphy/ptII/lib/javax.servlet-api-3.0.1.jar:/home/travis/build/icyphy/ptII/lib/javax.mail.jar:/home/travis/build/icyphy/ptII/vendors/JMF-2.1.1e/lib/jmf.jar:/home/travis/build/icyphy/ptII/lib/jna-4.0.0-variadic.jar:/home/travis/build/icyphy/ptII/vendors/misc/joystick/Joystick.jar:/home/travis/build/icyphy/ptII/lib/ptjacl.jar:/home/travis/build/icyphy/ptII/lib/jsoup-1.8.2.jar:/home/travis/build/icyphy/ptII/lib/junit-4.8.2.jar:/home/travis/build/icyphy/ptII/lib/JUnitParams-0.4.0.jar:/home/travis/build/icyphy/ptII/ptolemy/actor/lib/excel/jxl.jar:/home/travis/build/icyphy/ptII/lib/jython.jar:/home/travis/build/icyphy/ptII/lib/kieler.jar:/home/travis/build/icyphy/ptII/vendors/opencv/share/OpenCV/java/opencv-341.jar:/home/travis/build/icyphy/ptII/lib/oscP5.jar:/home/travis/build/icyphy/ptII/lib/nrjavaserial-3.11.0.devel.jar:/home/travis/build/icyphy/ptII/vendors/j3d/lib/j3dcore.jar:/home/travis/build/icyphy/ptII/vendors/j3d/lib/j3dutils.jar:/home/travis/build/icyphy/ptII/vendors/j3d/lib/vecmath.jar:/home/travis/build/icyphy/ptII/ptolemy/distributed/jini/jar/jini-core.jar:/home/travis/build/icyphy/ptII/ptolemy/distributed/jini/jar/jini-ext.jar:/home/travis/build/icyphy/ptII/ptolemy/distributed/jini/jar/sun-util.jar:/home/travis/build/icyphy/ptII/lib/protobuf-java-2.4.1.jar:/home/travis/build/icyphy/ptII/lib/org.eclipse.paho.client.mqttv3.jar:/home/travis/build/icyphy/ptII/ptserver/lib/hessian-4.0.7.jar:/home/travis/build/icyphy/ptII/ptserver/lib/wmqtt.jar:/home/travis/build/icyphy/ptII/lib/mapss.jar:/home/travis/build/icyphy/ptII/ptolemy/actor/ptalon/antlr/antlr.jar:/home/travis/build/icyphy/ptII/lib/JRI.jar:/home/travis/build/icyphy/ptII/lib/commons-lang-2.6.jar:/home/travis/build/icyphy/ptII/lib/commons-logging-1.1.1.jar:/home/travis/build/icyphy/ptII/lib/sootclasses.jar:/home/travis/build/icyphy/ptII/ptolemy/actor/lib/database/mysql-connector-java-5.1.6-bin.jar:/home/travis/build/icyphy/ptII/vendors/misc/sphinx4/sphinx4-data-5prealpha.jar:/home/travis/build/icyphy/ptII/vendors/misc/sphinx4/sphinx4-core-5prealpha.jar:/home/travis/build/icyphy/ptII/lib/PDFRenderer.jar:/home/travis/build/icyphy/ptII/lib/svgSalamander.jar:/home/travis/build/icyphy/ptII/lib/rsyntaxtextarea-2.6.0-SNAPSHOT.jar:/home/travis/build/icyphy/ptII/lib/hazelcast-3.8.2.jar:/home/travis/build/icyphy/ptII/lib/jackson-annotations-2.9.0.jar:/home/travis/build/icyphy/ptII/lib/jackson-core-2.9.3.jar:/home/travis/build/icyphy/ptII/lib/jackson-databind-2.9.3.jar:/home/travis/build/icyphy/ptII/lib/netty-buffer-4.1.19.Final.jar:/home/travis/build/icyphy/ptII/lib/netty-codec-4.1.19.Final.jar:/home/travis/build/icyphy/ptII/lib/netty-codec-dns-4.1.19.Final.jar:/home/travis/build/icyphy/ptII/lib/netty-codec-http-4.1.19.Final.jar:/home/travis/build/icyphy/ptII/lib/netty-codec-http2-4.1.19.Final.jar:/home/travis/build/icyphy/ptII/lib/netty-common-4.1.19.Final.jar:/home/travis/build/icyphy/ptII/lib/netty-handler-4.1.19.Final.jar:/home/travis/build/icyphy/ptII/lib/netty-resolver-4.1.19.Final.jar:/home/travis/build/icyphy/ptII/lib/netty-resolver-dns-4.1.19.Final.jar:/home/travis/build/icyphy/ptII/lib/netty-transport-4.1.19.Final.jar:/home/travis/build/icyphy/ptII/lib/vertx-codegen-3.5.1.jar:/home/travis/build/icyphy/ptII/lib/vertx-core-3.5.2-SNAPSHOT.jar:/home/travis/build/icyphy/ptII/lib/vertx-hazelcast-3.5.1.jar:/home/travis/build/icyphy/ptII/lib/vertx-lang-js-3.5.1.jar:/home/travis/build/icyphy/ptII/lib/vertx-service-proxy-3.5.1.jar:/home/travis/build/icyphy/ptII/lib/vertx-web-3.5.1.jar:/home/travis/build/icyphy/ptII/lib/slf4j-api-1.7.13.jar:/home/travis/build/icyphy/ptII/lib/slf4j-simple-1.7.13.jar:/home/travis/build/icyphy/ptII/lib/webcam-capture-0.3.12.jar:/home/travis/build/icyphy/ptII/lib/bridj-0.7.0.jar:/home/travis/build/icyphy/ptII/lib/xbjlib-1.1.0.nrjavaserial.jar:/home/travis/build/icyphy/ptII/ptolemy/moml/test:/home/travis/build/icyphy/ptII/ant/lib/ant-launcher.jar:/home/travis/build/icyphy/ptII/ant/lib/ant.jar:/home/travis/build/icyphy/ptII/ant/lib/ant-junit.jar:/home/travis/build/icyphy/ptII/ant/lib/ant-junit4.jar" />
    <property name="ant.library.dir" value="/home/travis/build/icyphy/ptII/ant/lib" />
    <property name="os.arch" value="amd64" />
    <property name="env.TRAVIS_LANGUAGE" value="node_js" />
    <property name="env.CONTINUOUS_INTEGRATION" value="true" />
    <property name="env.TRAVIS_STACK_LANGUAGES" value="__garnet__ c c++ clojure cplusplus cpp default go groovy java node_js php pure_java python ruby scala" />
    <property name="test.name" value="ptolemy.actor.lib.test.junit.JUnitTclTest" />
    <property name="sun.java.launcher" value="SUN_STANDARD" />
    <property name="env.PYTHON_CONFIGURE_OPTS" value="--enable-unicode=ucs4 --with-wide-unicode --enable-shared --enable-ipv6 --enable-loadable-sqlite-extensions --with-computed-gotos" />
    <property name="ant.core.lib" value="/home/travis/build/icyphy/ptII/ant/lib/ant.jar" />
    <property name="java.vm.specification.vendor" value="Oracle Corporation" />
    <property name="env.BCVTB_HOME" value="/home/travis/build/icyphy/ptII/lbnl" />
    <property name="file.separator" value="/" />
    <property name="java.runtime.version" value="1.8.0_151-b12" />
    <property name="spotbugs.home" value="/home/travis/build/icyphy/ptII/vendors/spotbugs-3.1.1" />
    <property name="sun.boot.class.path" value="/usr/lib/jvm/java-8-oracle/jre/lib/resources.jar:/usr/lib/jvm/java-8-oracle/jre/lib/rt.jar:/usr/lib/jvm/java-8-oracle/jre/lib/sunrsasign.jar:/usr/lib/jvm/java-8-oracle/jre/lib/jsse.jar:/usr/lib/jvm/java-8-oracle/jre/lib/jce.jar:/usr/lib/jvm/java-8-oracle/jre/lib/charsets.jar:/usr/lib/jvm/java-8-oracle/jre/lib/jfr.jar:/usr/lib/jvm/java-8-oracle/jre/classes" />
    <property name="env.HAS_JOSH_K_SEAL_OF_APPROVAL" value="true" />
    <property name="env.XDG_RUNTIME_DIR" value="/run/user/2000" />
    <property name="env.TRAVIS_OSX_IMAGE" value="" />
    <property name="env.TRAVIS_BRANCH" value="master" />
    <property name="env.TRAVIS_JOB_ID" value="420361739" />
    <property name="user.country" value="US" />
    <property name="env.CERTI_HOME_TRAVIS" value="/home/travis/pthla/certi-tools" />
    <property name="env.SHELL" value="/bin/bash" />
    <property name="java.maxmemory.large" value="5000m" />
    <property name="model" value="" />
    <property name="env.CASHER_DIR" value="/home/travis/.casher" />
    <property name="env.NVM_CD_FLAGS" value="" />
    <property name="jshint.executable" value="/home/travis/node_modules/jshint/bin/jshint" />
    <property name="java.vendor" value="Oracle Corporation" />
    <property name="env.JRUBY_OPTS" value=" --client -J-XX:+TieredCompilation -J-XX:TieredStopAtLevel=1 -J-Xss2m -Xcompile.invokedynamic=false" />
    <property name="env.TRAVIS_PRE_CHEF_BOOTSTRAP_TIME" value="2017-12-05T19:32:55" />
    <property name="env.ELIXIR_VERSION" value="1.4.5" />
    <property name="env.TRAVIS_STACK_JOB_BOARD_REGISTER" value="/.job-board-register.yml" />
    <property name="java.specification.version" value="1.8" />
    <property name="env.TRAVIS" value="true" />
    <property name="env.IRBRC" value="/home/travis/.rvm/rubies/ruby-2.4.1/.irbrc" />
    <property name="sun.arch.data.model" value="64" />
  </properties>
  <testcase classname="ptolemy.util.test.junit.TclTests" name="[0] /home/travis/build/icyphy/ptII/ptolemy/actor/lib/test/AbsoluteValue.tcl (RunTclFile)" time="0.478" />
  <testcase classname="ptolemy.util.test.junit.TclTests" name="[1] /home/travis/build/icyphy/ptII/ptolemy/actor/lib/test/AddSubtract.tcl (RunTclFile)" time="0.067" />
  <testcase classname="ptolemy.util.test.junit.TclTests" name="[2] /home/travis/build/icyphy/ptII/ptolemy/actor/lib/test/Average.tcl (RunTclFile)" time="0.034" />
  <testcase classname="ptolemy.util.test.junit.TclTests" name="[3] /home/travis/build/icyphy/ptII/ptolemy/actor/lib/test/Bernoulli.tcl (RunTclFile)" time="0.042" />
  <testcase classname="ptolemy.util.test.junit.TclTests" name="[4] /home/travis/build/icyphy/ptII/ptolemy/actor/lib/test/Clock.tcl (RunTclFile)" time="0.075" />
  <testcase classname="ptolemy.util.test.junit.TclTests" name="[5] /home/travis/build/icyphy/ptII/ptolemy/actor/lib/test/Commutator.tcl (RunTclFile)" time="0.126" />
  <testcase classname="ptolemy.util.test.junit.TclTests" name="[6] /home/travis/build/icyphy/ptII/ptolemy/actor/lib/test/Const.tcl (RunTclFile)" time="0.104" />
  <testcase classname="ptolemy.util.test.junit.TclTests" name="[7] /home/travis/build/icyphy/ptII/ptolemy/actor/lib/test/CurrentTime.tcl (RunTclFile)" time="0.042" />
  <testcase classname="ptolemy.util.test.junit.TclTests" name="[8] /home/travis/build/icyphy/ptII/ptolemy/actor/lib/test/DB.tcl (RunTclFile)" time="0.04" />
  <testcase classname="ptolemy.util.test.junit.TclTests" name="[9] /home/travis/build/icyphy/ptII/ptolemy/actor/lib/test/DiscreteRandomSource.tcl (RunTclFile)" time="0.039" />
  <testcase classname="ptolemy.util.test.junit.TclTests" name="[10] /home/travis/build/icyphy/ptII/ptolemy/actor/lib/test/Distributor.tcl (RunTclFile)" time="0.083" />
  <testcase classname="ptolemy.util.test.junit.TclTests" name="[11] /home/travis/build/icyphy/ptII/ptolemy/actor/lib/test/Exit.tcl (RunTclFile)" time="0.052" />
  <testcase classname="ptolemy.util.test.junit.TclTests" name="[12] /home/travis/build/icyphy/ptII/ptolemy/actor/lib/test/Expression.tcl (RunTclFile)" time="0.081" />
  <testcase classname="ptolemy.util.test.junit.TclTests" name="[13] /home/travis/build/icyphy/ptII/ptolemy/actor/lib/test/Gaussian.tcl (RunTclFile)" time="1.007" />
  <testcase classname="ptolemy.util.test.junit.TclTests" name="[14] /home/travis/build/icyphy/ptII/ptolemy/actor/lib/test/IIR.tcl (RunTclFile)" time="0.027" />
  <testcase classname="ptolemy.util.test.junit.TclTests" name="[15] /home/travis/build/icyphy/ptII/ptolemy/actor/lib/test/Interpolator.tcl (RunTclFile)" time="0.11" />
  <testcase classname="ptolemy.util.test.junit.TclTests" name="[16] /home/travis/build/icyphy/ptII/ptolemy/actor/lib/test/MathFunction.tcl (RunTclFile)" time="0.089" />
  <testcase classname="ptolemy.util.test.junit.TclTests" name="[17] /home/travis/build/icyphy/ptII/ptolemy/actor/lib/test/Maximum.tcl (RunTclFile)" time="0.049" />
  <testcase classname="ptolemy.util.test.junit.TclTests" name="[18] /home/travis/build/icyphy/ptII/ptolemy/actor/lib/test/Minimum.tcl (RunTclFile)" time="0.024" />
  <testcase classname="ptolemy.util.test.junit.TclTests" name="[19] /home/travis/build/icyphy/ptII/ptolemy/actor/lib/test/MultiplyDivide.tcl (RunTclFile)" time="0.033" />
  <testcase classname="ptolemy.util.test.junit.TclTests" name="[20] /home/travis/build/icyphy/ptII/ptolemy/actor/lib/test/OrderedMerge.tcl (RunTclFile)" time="0.08" />
  <testcase classname="ptolemy.util.test.junit.TclTests" name="[21] /home/travis/build/icyphy/ptII/ptolemy/actor/lib/test/Publisher.tcl (RunTclFile)" time="0.648" />
  <testcase classname="ptolemy.util.test.junit.TclTests" name="[22] /home/travis/build/icyphy/ptII/ptolemy/actor/lib/test/Pulse.tcl (RunTclFile)" time="0.047" />
  <testcase classname="ptolemy.util.test.junit.TclTests" name="[23] /home/travis/build/icyphy/ptII/ptolemy/actor/lib/test/Ramp.tcl (RunTclFile)" time="2.348" />
  <testcase classname="ptolemy.util.test.junit.TclTests" name="[24] /home/travis/build/icyphy/ptII/ptolemy/actor/lib/test/RampContinuous.tcl (RunTclFile)" time="0.02" />
  <testcase classname="ptolemy.util.test.junit.TclTests" name="[25] /home/travis/build/icyphy/ptII/ptolemy/actor/lib/test/RecordAssembler.tcl (RunTclFile)" time="0.017" />
  <testcase classname="ptolemy.util.test.junit.TclTests" name="[26] /home/travis/build/icyphy/ptII/ptolemy/actor/lib/test/RecordDisassembler.tcl (RunTclFile)" time="0.028" />
  <testcase classname="ptolemy.util.test.junit.TclTests" name="[27] /home/travis/build/icyphy/ptII/ptolemy/actor/lib/test/Scale.tcl (RunTclFile)" time="0.019" />
  <testcase classname="ptolemy.util.test.junit.TclTests" name="[28] /home/travis/build/icyphy/ptII/ptolemy/actor/lib/test/SequentialClock.tcl (RunTclFile)" time="0.012" />
  <testcase classname="ptolemy.util.test.junit.TclTests" name="[29] /home/travis/build/icyphy/ptII/ptolemy/actor/lib/test/SetVariable.tcl (RunTclFile)" time="0.014" />
  <testcase classname="ptolemy.util.test.junit.TclTests" name="[30] /home/travis/build/icyphy/ptII/ptolemy/actor/lib/test/Sinewave.tcl (RunTclFile)" time="0.034" />
  <testcase classname="ptolemy.util.test.junit.TclTests" name="[31] /home/travis/build/icyphy/ptII/ptolemy/actor/lib/test/SubscriptionAggregator.tcl (RunTclFile)" time="2.37" />
  <testcase classname="ptolemy.util.test.junit.TclTests" name="[32] /home/travis/build/icyphy/ptII/ptolemy/actor/lib/test/Test.tcl (RunTclFile)" time="0.068" />
  <testcase classname="ptolemy.util.test.junit.TclTests" name="[33] /home/travis/build/icyphy/ptII/ptolemy/actor/lib/test/TestExceptionHandler.tcl (RunTclFile)" time="0.009" />
  <testcase classname="ptolemy.util.test.junit.TclTests" name="[34] /home/travis/build/icyphy/ptII/ptolemy/actor/lib/test/UnionDisassembler.tcl (RunTclFile)" time="0.056" />
  <testcase classname="ptolemy.util.test.junit.TclTests" name="[35] /home/travis/build/icyphy/ptII/ptolemy/actor/lib/test/VariableClock.tcl (RunTclFile)" time="0.034" />
  <testcase classname="ptolemy.util.test.junit.AutoKnownFailedTests" name="[0] /home/travis/build/icyphy/ptII/ptolemy/actor/lib/test/auto/knownFailedTests/PublisherPortToplevelSubscriber.xml (RunModel)" time="0.025" />
  <testcase classname="ptolemy.util.test.junit.AutoKnownFailedTests" name="[1] /home/travis/build/icyphy/ptII/ptolemy/actor/lib/test/auto/knownFailedTests/PublisherSubscriberPortToplevel.xml (RunModel)" time="0.019" />
  <testcase classname="ptolemy.util.test.junit.AutoKnownFailedTests" name="[2] /home/travis/build/icyphy/ptII/ptolemy/actor/lib/test/auto/knownFailedTests/PublisherSubscriptionAggregatorPort.xml (RunModel)" time="0.025" />
  <testcase classname="ptolemy.util.test.junit.AutoKnownFailedTests" name="[3] /home/travis/build/icyphy/ptII/ptolemy/actor/lib/test/auto/knownFailedTests/sizedarray3.xml (RunModel)" time="0.047" />
  <testcase classname="ptolemy.util.test.junit.AutoNameArchTests" name="[0] ThereAreNoAutoArchTests (RunModel)" time="0.003" />
  <testcase classname="ptolemy.util.test.junit.AutoTests" name="[0] /home/travis/build/icyphy/ptII/ptolemy/actor/lib/test/auto/AbsoluteValue.xml (RunModel)" time="0.099" />
  <testcase classname="ptolemy.util.test.junit.AutoTests" name="[1] /home/travis/build/icyphy/ptII/ptolemy/actor/lib/test/auto/AbsoluteValue2.xml (RunModel)" time="0.037" />
  <testcase classname="ptolemy.util.test.junit.AutoTests" name="[2] /home/travis/build/icyphy/ptII/ptolemy/actor/lib/test/auto/Accumulator.xml (RunModel)" time="0.06" />
  <testcase classname="ptolemy.util.test.junit.AutoTests" name="[3] /home/travis/build/icyphy/ptII/ptolemy/actor/lib/test/auto/Accumulator2.xml (RunModel)" time="0.042" />
  <testcase classname="ptolemy.util.test.junit.AutoTests" name="[4] /home/travis/build/icyphy/ptII/ptolemy/actor/lib/test/auto/Accumulator3.xml (RunModel)" time="0.032" />
  <testcase classname="ptolemy.util.test.junit.AutoTests" name="[5] /home/travis/build/icyphy/ptII/ptolemy/actor/lib/test/auto/ArrayAppend.xml (RunModel)" time="0.045" />
  <testcase classname="ptolemy.util.test.junit.AutoTests" name="[6] /home/travis/build/icyphy/ptII/ptolemy/actor/lib/test/auto/ArrayAppend2.xml (RunModel)" time="0.503" />
  <testcase classname="ptolemy.util.test.junit.AutoTests" name="[7] /home/travis/build/icyphy/ptII/ptolemy/actor/lib/test/auto/ArrayAppend3.xml (RunModel)" time="0.019" />
  <testcase classname="ptolemy.util.test.junit.AutoTests" name="[8] /home/travis/build/icyphy/ptII/ptolemy/actor/lib/test/auto/ArrayAppend4.xml (RunModel)" time="0.019" />
  <testcase classname="ptolemy.util.test.junit.AutoTests" name="[9] /home/travis/build/icyphy/ptII/ptolemy/actor/lib/test/auto/ArrayAppend5.xml (RunModel)" time="0.032" />
  <testcase classname="ptolemy.util.test.junit.AutoTests" name="[10] /home/travis/build/icyphy/ptII/ptolemy/actor/lib/test/auto/ArrayAppend6.xml (RunModel)" time="0.025" />
  <testcase classname="ptolemy.util.test.junit.AutoTests" name="[11] /home/travis/build/icyphy/ptII/ptolemy/actor/lib/test/auto/ArrayAppendPerformanceTest.xml (RunModel)" time="0.053" />
  <testcase classname="ptolemy.util.test.junit.AutoTests" name="[12] /home/travis/build/icyphy/ptII/ptolemy/actor/lib/test/auto/ArrayAppendWithEmptyInput.xml (RunModel)" time="0.056" />
  <testcase classname="ptolemy.util.test.junit.AutoTests" name="[13] /home/travis/build/icyphy/ptII/ptolemy/actor/lib/test/auto/ArrayAverage.xml (RunModel)" time="0.102" />
  <testcase classname="ptolemy.util.test.junit.AutoTests" name="[14] /home/travis/build/icyphy/ptII/ptolemy/actor/lib/test/auto/ArrayContains.xml (RunModel)" time="0.024" />
  <testcase classname="ptolemy.util.test.junit.AutoTests" name="[15] /home/travis/build/icyphy/ptII/ptolemy/actor/lib/test/auto/ArrayElement.xml (RunModel)" time="0.021" />
  <testcase classname="ptolemy.util.test.junit.AutoTests" name="[16] /home/travis/build/icyphy/ptII/ptolemy/actor/lib/test/auto/ArrayElementAsMatrix.xml (RunModel)" time="0.042" />
  <testcase classname="ptolemy.util.test.junit.AutoTests" name="[17] /home/travis/build/icyphy/ptII/ptolemy/actor/lib/test/auto/ArrayElementI.xml (RunModel)" time="0.017" />
  <testcase classname="ptolemy.util.test.junit.AutoTests" name="[18] /home/travis/build/icyphy/ptII/ptolemy/actor/lib/test/auto/ArrayExtract.xml (RunModel)" time="0.026" />
  <testcase classname="ptolemy.util.test.junit.AutoTests" name="[19] /home/travis/build/icyphy/ptII/ptolemy/actor/lib/test/auto/ArrayExtract2.xml (RunModel)" time="0.017" />
  <testcase classname="ptolemy.util.test.junit.AutoTests" name="[20] /home/travis/build/icyphy/ptII/ptolemy/actor/lib/test/auto/ArrayLength.xml (RunModel)" time="0.018" />
  <testcase classname="ptolemy.util.test.junit.AutoTests" name="[21] /home/travis/build/icyphy/ptII/ptolemy/actor/lib/test/auto/ArrayLevelCrossing.xml (RunModel)" time="0.043" />
  <testcase classname="ptolemy.util.test.junit.AutoTests" name="[22] /home/travis/build/icyphy/ptII/ptolemy/actor/lib/test/auto/ArrayLevelCrossing2.xml (RunModel)" time="0.026" />
  <testcase classname="ptolemy.util.test.junit.AutoTests" name="[23] /home/travis/build/icyphy/ptII/ptolemy/actor/lib/test/auto/ArrayPeakSearch.xml (RunModel)" time="0.046" />
  <testcase classname="ptolemy.util.test.junit.AutoTests" name="[24] /home/travis/build/icyphy/ptII/ptolemy/actor/lib/test/auto/ArrayPeakSearch2.xml (RunModel)" time="0.047" />
  <testcase classname="ptolemy.util.test.junit.AutoTests" name="[25] /home/travis/build/icyphy/ptII/ptolemy/actor/lib/test/auto/ArrayPeakSearch3.xml (RunModel)" time="0.033" />
  <testcase classname="ptolemy.util.test.junit.AutoTests" name="[26] /home/travis/build/icyphy/ptII/ptolemy/actor/lib/test/auto/ArrayRemoveElement.xml (RunModel)" time="0.04" />
  <testcase classname="ptolemy.util.test.junit.AutoTests" name="[27] /home/travis/build/icyphy/ptII/ptolemy/actor/lib/test/auto/ArraySort.xml (RunModel)" time="0.033" />
  <testcase classname="ptolemy.util.test.junit.AutoTests" name="[28] /home/travis/build/icyphy/ptII/ptolemy/actor/lib/test/auto/ArraySum.xml (RunModel)" time="0.019" />
  <testcase classname="ptolemy.util.test.junit.AutoTests" name="[29] /home/travis/build/icyphy/ptII/ptolemy/actor/lib/test/auto/ArrayToElements.xml (RunModel)" time="0.02" />
  <testcase classname="ptolemy.util.test.junit.AutoTests" name="[30] /home/travis/build/icyphy/ptII/ptolemy/actor/lib/test/auto/ArrayToMatrix.xml (RunModel)" time="0.068" />
  <testcase classname="ptolemy.util.test.junit.AutoTests" name="[31] /home/travis/build/icyphy/ptII/ptolemy/actor/lib/test/auto/ArrayUpdate1.xml (RunModel)" time="0.017" />
  <testcase classname="ptolemy.util.test.junit.AutoTests" name="[32] /home/travis/build/icyphy/ptII/ptolemy/actor/lib/test/auto/ArrayUpdate2.xml (RunModel)" time="0.015" />
  <testcase classname="ptolemy.util.test.junit.AutoTests" name="[33] /home/travis/build/icyphy/ptII/ptolemy/actor/lib/test/auto/ArrayUpdate3.xml (RunModel)" time="0.017" />
  <testcase classname="ptolemy.util.test.junit.AutoTests" name="[34] /home/travis/build/icyphy/ptII/ptolemy/actor/lib/test/auto/Assert1.xml (RunModel)" time="0.02" />
  <testcase classname="ptolemy.util.test.junit.AutoTests" name="[35] /home/travis/build/icyphy/ptII/ptolemy/actor/lib/test/auto/Assert2.xml (RunModel)" time="0.016" />
  <testcase classname="ptolemy.util.test.junit.AutoTests" name="[36] /home/travis/build/icyphy/ptII/ptolemy/actor/lib/test/auto/BooleanMultiplexor.xml (RunModel)" time="0.023" />
  <testcase classname="ptolemy.util.test.junit.AutoTests" name="[37] /home/travis/build/icyphy/ptII/ptolemy/actor/lib/test/auto/BooleanMultiplexor2.xml (RunModel)" time="0.037" />
  <testcase classname="ptolemy.util.test.junit.AutoTests" name="[38] /home/travis/build/icyphy/ptII/ptolemy/actor/lib/test/auto/BooleanMultiplexor3.xml (RunModel)" time="0.027" />
  <testcase classname="ptolemy.util.test.junit.AutoTests" name="[39] /home/travis/build/icyphy/ptII/ptolemy/actor/lib/test/auto/BooleanSelect.xml (RunModel)" time="0.035" />
  <testcase classname="ptolemy.util.test.junit.AutoTests" name="[40] /home/travis/build/icyphy/ptII/ptolemy/actor/lib/test/auto/BooleanSelect2.xml (RunModel)" time="0.016" />
  <testcase classname="ptolemy.util.test.junit.AutoTests" name="[41] /home/travis/build/icyphy/ptII/ptolemy/actor/lib/test/auto/BooleanSwitch.xml (RunModel)" time="0.026" />
  <testcase classname="ptolemy.util.test.junit.AutoTests" name="[42] /home/travis/build/icyphy/ptII/ptolemy/actor/lib/test/auto/BooleanSwitch2.xml (RunModel)" time="0.017" />
  <testcase classname="ptolemy.util.test.junit.AutoTests" name="[43] /home/travis/build/icyphy/ptII/ptolemy/actor/lib/test/auto/BooleanSwitchCloningBugWithClassRelationGroup.xml (RunModel)" time="0.041" />
  <testcase classname="ptolemy.util.test.junit.AutoTests" name="[44] /home/travis/build/icyphy/ptII/ptolemy/actor/lib/test/auto/BusActors.xml (RunModel)" time="0.039" />
  <testcase classname="ptolemy.util.test.junit.AutoTests" name="[45] /home/travis/build/icyphy/ptII/ptolemy/actor/lib/test/auto/ClassWrapper.xml (RunModel)" time="0.013" />
  <testcase classname="ptolemy.util.test.junit.AutoTests" name="[46] /home/travis/build/icyphy/ptII/ptolemy/actor/lib/test/auto/Clock.xml (RunModel)" time="0.012" />
  <testcase classname="ptolemy.util.test.junit.AutoTests" name="[47] /home/travis/build/icyphy/ptII/ptolemy/actor/lib/test/auto/Clock10.xml (RunModel)" time="0.023" />
  <testcase classname="ptolemy.util.test.junit.AutoTests" name="[48] /home/travis/build/icyphy/ptII/ptolemy/actor/lib/test/auto/Clock11.xml (RunModel)" time="0.027" />
  <testcase classname="ptolemy.util.test.junit.AutoTests" name="[49] /home/travis/build/icyphy/ptII/ptolemy/actor/lib/test/auto/Clock12.xml (RunModel)" time="0.023" />
  <testcase classname="ptolemy.util.test.junit.AutoTests" name="[50] /home/travis/build/icyphy/ptII/ptolemy/actor/lib/test/auto/Clock13.xml (RunModel)" time="0.028" />
  <testcase classname="ptolemy.util.test.junit.AutoTests" name="[51] /home/travis/build/icyphy/ptII/ptolemy/actor/lib/test/auto/Clock14.xml (RunModel)" time="0.022" />
  <testcase classname="ptolemy.util.test.junit.AutoTests" name="[52] /home/travis/build/icyphy/ptII/ptolemy/actor/lib/test/auto/Clock15.xml (RunModel)" time="0.012" />
  <testcase classname="ptolemy.util.test.junit.AutoTests" name="[53] /home/travis/build/icyphy/ptII/ptolemy/actor/lib/test/auto/Clock16.xml (RunModel)" time="0.078" />
  <testcase classname="ptolemy.util.test.junit.AutoTests" name="[54] /home/travis/build/icyphy/ptII/ptolemy/actor/lib/test/auto/Clock17.xml (RunModel)" time="0.084" />
  <testcase classname="ptolemy.util.test.junit.AutoTests" name="[55] /home/travis/build/icyphy/ptII/ptolemy/actor/lib/test/auto/Clock18.xml (RunModel)" time="0.054" />
  <testcase classname="ptolemy.util.test.junit.AutoTests" name="[56] /home/travis/build/icyphy/ptII/ptolemy/actor/lib/test/auto/Clock19.xml (RunModel)" time="0.046" />
  <testcase classname="ptolemy.util.test.junit.AutoTests" name="[57] /home/travis/build/icyphy/ptII/ptolemy/actor/lib/test/auto/Clock2.xml (RunModel)" time="0.015" />
  <testcase classname="ptolemy.util.test.junit.AutoTests" name="[58] /home/travis/build/icyphy/ptII/ptolemy/actor/lib/test/auto/Clock20.xml (RunModel)" time="0.031" />
  <testcase classname="ptolemy.util.test.junit.AutoTests" name="[59] /home/travis/build/icyphy/ptII/ptolemy/actor/lib/test/auto/Clock21.xml (RunModel)" time="0.014" />
  <testcase classname="ptolemy.util.test.junit.AutoTests" name="[60] /home/travis/build/icyphy/ptII/ptolemy/actor/lib/test/auto/Clock22.xml (RunModel)" time="0.019" />
  <testcase classname="ptolemy.util.test.junit.AutoTests" name="[61] /home/travis/build/icyphy/ptII/ptolemy/actor/lib/test/auto/Clock23.xml (RunModel)" time="0.017" />
  <testcase classname="ptolemy.util.test.junit.AutoTests" name="[62] /home/travis/build/icyphy/ptII/ptolemy/actor/lib/test/auto/Clock24.xml (RunModel)" time="0.017" />
  <testcase classname="ptolemy.util.test.junit.AutoTests" name="[63] /home/travis/build/icyphy/ptII/ptolemy/actor/lib/test/auto/Clock4.xml (RunModel)" time="0.02" />
  <testcase classname="ptolemy.util.test.junit.AutoTests" name="[64] /home/travis/build/icyphy/ptII/ptolemy/actor/lib/test/auto/Clock5.xml (RunModel)" time="0.013" />
  <testcase classname="ptolemy.util.test.junit.AutoTests" name="[65] /home/travis/build/icyphy/ptII/ptolemy/actor/lib/test/auto/Clock6.xml (RunModel)" time="0.008" />
  <testcase classname="ptolemy.util.test.junit.AutoTests" name="[66] /home/travis/build/icyphy/ptII/ptolemy/actor/lib/test/auto/Clock7.xml (RunModel)" time="0.01" />
  <testcase classname="ptolemy.util.test.junit.AutoTests" name="[67] /home/travis/build/icyphy/ptII/ptolemy/actor/lib/test/auto/Clock8.xml (RunModel)" time="0.019" />
  <testcase classname="ptolemy.util.test.junit.AutoTests" name="[68] /home/travis/build/icyphy/ptII/ptolemy/actor/lib/test/auto/Clock9.xml (RunModel)" time="0.017" />
  <testcase classname="ptolemy.util.test.junit.AutoTests" name="[69] /home/travis/build/icyphy/ptII/ptolemy/actor/lib/test/auto/CommDistDiscard.xml (RunModel)" time="0.023" />
  <testcase classname="ptolemy.util.test.junit.AutoTests" name="[70] /home/travis/build/icyphy/ptII/ptolemy/actor/lib/test/auto/Commutator.xml (RunModel)" time="0.013" />
  <testcase classname="ptolemy.util.test.junit.AutoTests" name="[71] /home/travis/build/icyphy/ptII/ptolemy/actor/lib/test/auto/Commutator2.xml (RunModel)" time="0.012" />
  <testcase classname="ptolemy.util.test.junit.AutoTests" name="[72] /home/travis/build/icyphy/ptII/ptolemy/actor/lib/test/auto/Commutator3.xml (RunModel)" time="0.011" />
  <testcase classname="ptolemy.util.test.junit.AutoTests" name="[73] /home/travis/build/icyphy/ptII/ptolemy/actor/lib/test/auto/Compare.xml (RunModel)" time="0.021" />
  <testcase classname="ptolemy.util.test.junit.AutoTests" name="[74] /home/travis/build/icyphy/ptII/ptolemy/actor/lib/test/auto/CompareDE.xml (RunModel)" time="0.04" />
  <testcase classname="ptolemy.util.test.junit.AutoTests" name="[75] /home/travis/build/icyphy/ptII/ptolemy/actor/lib/test/auto/ComplexDivide.xml (RunModel)" time="0.01" />
  <testcase classname="ptolemy.util.test.junit.AutoTests" name="[76] /home/travis/build/icyphy/ptII/ptolemy/actor/lib/test/auto/ComputeHistogram.xml (RunModel)" time="0.058" />
  <testcase classname="ptolemy.util.test.junit.AutoTests" name="[77] /home/travis/build/icyphy/ptII/ptolemy/actor/lib/test/auto/ConfigurationSelect.xml (RunModel)" time="0.014" />
  <testcase classname="ptolemy.util.test.junit.AutoTests" name="[78] /home/travis/build/icyphy/ptII/ptolemy/actor/lib/test/auto/ConfigurationSelect2.xml (RunModel)" time="0.011" />
  <testcase classname="ptolemy.util.test.junit.AutoTests" name="[79] /home/travis/build/icyphy/ptII/ptolemy/actor/lib/test/auto/ConfigurationSwitch.xml (RunModel)" time="0.013" />
  <testcase classname="ptolemy.util.test.junit.AutoTests" name="[80] /home/travis/build/icyphy/ptII/ptolemy/actor/lib/test/auto/ConfigurationSwitch2.xml (RunModel)" time="0.012" />
  <testcase classname="ptolemy.util.test.junit.AutoTests" name="[81] /home/travis/build/icyphy/ptII/ptolemy/actor/lib/test/auto/ConfigurationSwitchCloningBugWithClassRelationGroup.xml (RunModel)" time="0.017" />
  <testcase classname="ptolemy.util.test.junit.AutoTests" name="[82] /home/travis/build/icyphy/ptII/ptolemy/actor/lib/test/auto/ConfigurationSwitchSelectSDF.xml (RunModel)" time="0.013" />
  <testcase classname="ptolemy.util.test.junit.AutoTests" name="[83] /home/travis/build/icyphy/ptII/ptolemy/actor/lib/test/auto/ConfigurationSwitchSelectSDF2.xml (RunModel)" time="0.013" />
  <testcase classname="ptolemy.util.test.junit.AutoTests" name="[84] /home/travis/build/icyphy/ptII/ptolemy/actor/lib/test/auto/Const.xml (RunModel)" time="0.007" />
  <testcase classname="ptolemy.util.test.junit.AutoTests" name="[85] /home/travis/build/icyphy/ptII/ptolemy/actor/lib/test/auto/Const2.xml (RunModel)" time="0.009" />
  <testcase classname="ptolemy.util.test.junit.AutoTests" name="[86] /home/travis/build/icyphy/ptII/ptolemy/actor/lib/test/auto/Const3.xml (RunModel)" time="0.006" />
  <testcase classname="ptolemy.util.test.junit.AutoTests" name="[87] /home/travis/build/icyphy/ptII/ptolemy/actor/lib/test/auto/ConstantPublisherPort1.xml (RunModel)" time="0.022" />
  <testcase classname="ptolemy.util.test.junit.AutoTests" name="[88] /home/travis/build/icyphy/ptII/ptolemy/actor/lib/test/auto/ConstantPublisherPort2.xml (RunModel)" time="0.019" />
  <testcase classname="ptolemy.util.test.junit.AutoTests" name="[89] /home/travis/build/icyphy/ptII/ptolemy/actor/lib/test/auto/ConstantPublisherPort3.xml (RunModel)" time="0.019" />
  <testcase classname="ptolemy.util.test.junit.AutoTests" name="[90] /home/travis/build/icyphy/ptII/ptolemy/actor/lib/test/auto/ConstantPublisherPort4.xml (RunModel)" time="0.018" />
  <testcase classname="ptolemy.util.test.junit.AutoTests" name="[91] /home/travis/build/icyphy/ptII/ptolemy/actor/lib/test/auto/ConstantPublisherPort5.xml (RunModel)" time="0.031" />
  <testcase classname="ptolemy.util.test.junit.AutoTests" name="[92] /home/travis/build/icyphy/ptII/ptolemy/actor/lib/test/auto/ConstantPublisherPort6.xml (RunModel)" time="0.028" />
  <testcase classname="ptolemy.util.test.junit.AutoTests" name="[93] /home/travis/build/icyphy/ptII/ptolemy/actor/lib/test/auto/ConstantPublisherPort7.xml (RunModel)" time="0.031" />
  <testcase classname="ptolemy.util.test.junit.AutoTests" name="[94] /home/travis/build/icyphy/ptII/ptolemy/actor/lib/test/auto/ConstraintMonitor1.xml (RunModel)" time="0.029" />
  <testcase classname="ptolemy.util.test.junit.AutoTests" name="[95] /home/travis/build/icyphy/ptII/ptolemy/actor/lib/test/auto/ConstraintMonitor2.xml (RunModel)" time="0.011" />
  <testcase classname="ptolemy.util.test.junit.AutoTests" name="[96] /home/travis/build/icyphy/ptII/ptolemy/actor/lib/test/auto/ConstraintMonitor3.xml (RunModel)" time="0.03" />
  <testcase classname="ptolemy.util.test.junit.AutoTests" name="[97] /home/travis/build/icyphy/ptII/ptolemy/actor/lib/test/auto/ConstraintMonitor4.xml (RunModel)" time="0.014" />
  <testcase classname="ptolemy.util.test.junit.AutoTests" name="[98] /home/travis/build/icyphy/ptII/ptolemy/actor/lib/test/auto/ConstraintMonitor5.xml (RunModel)" time="0.027" />
  <testcase classname="ptolemy.util.test.junit.AutoTests" name="[99] /home/travis/build/icyphy/ptII/ptolemy/actor/lib/test/auto/ConstraintMonitor6.xml (RunModel)" time="0.019" />
  <testcase classname="ptolemy.util.test.junit.AutoTests" name="[100] /home/travis/build/icyphy/ptII/ptolemy/actor/lib/test/auto/ConstraintMonitor7.xml (RunModel)" time="0.024" />
  <testcase classname="ptolemy.util.test.junit.AutoTests" name="[101] /home/travis/build/icyphy/ptII/ptolemy/actor/lib/test/auto/ConstraintMonitor8.xml (RunModel)" time="0.021" />
  <testcase classname="ptolemy.util.test.junit.AutoTests" name="[102] /home/travis/build/icyphy/ptII/ptolemy/actor/lib/test/auto/Counter.xml (RunModel)" time="0.012" />
  <testcase classname="ptolemy.util.test.junit.AutoTests" name="[103] /home/travis/build/icyphy/ptII/ptolemy/actor/lib/test/auto/CurrentTimeSDF.xml (RunModel)" time="0.009" />
  <testcase classname="ptolemy.util.test.junit.AutoTests" name="[104] /home/travis/build/icyphy/ptII/ptolemy/actor/lib/test/auto/DB.xml (RunModel)" time="0.013" />
  <testcase classname="ptolemy.util.test.junit.AutoTests" name="[105] /home/travis/build/icyphy/ptII/ptolemy/actor/lib/test/auto/DBDE.xml (RunModel)" time="0.016" />
  <testcase classname="ptolemy.util.test.junit.AutoTests" name="[106] /home/travis/build/icyphy/ptII/ptolemy/actor/lib/test/auto/DateConstructor.xml (RunModel)" time="0.069" />
  <testcase classname="ptolemy.util.test.junit.AutoTests" name="[107] /home/travis/build/icyphy/ptII/ptolemy/actor/lib/test/auto/DelayTime.xml (RunModel)" time="0.018" />
  <testcase classname="ptolemy.util.test.junit.AutoTests" name="[108] /home/travis/build/icyphy/ptII/ptolemy/actor/lib/test/auto/Dictionary1.xml (RunModel)" time="0.017" />
  <testcase classname="ptolemy.util.test.junit.AutoTests" name="[109] /home/travis/build/icyphy/ptII/ptolemy/actor/lib/test/auto/Dictionary2.xml (RunModel)" time="0.018" />
  <testcase classname="ptolemy.util.test.junit.AutoTests" name="[110] /home/travis/build/icyphy/ptII/ptolemy/actor/lib/test/auto/Dictionary3.xml (RunModel)" time="0.013" />
  <testcase classname="ptolemy.util.test.junit.AutoTests" name="[111] /home/travis/build/icyphy/ptII/ptolemy/actor/lib/test/auto/Dictionary4.xml (RunModel)" time="0.022" />
  <testcase classname="ptolemy.util.test.junit.AutoTests" name="[112] /home/travis/build/icyphy/ptII/ptolemy/actor/lib/test/auto/Differential.xml (RunModel)" time="0.014" />
  <testcase classname="ptolemy.util.test.junit.AutoTests" name="[113] /home/travis/build/icyphy/ptII/ptolemy/actor/lib/test/auto/Director.xml (RunModel)" time="0.01" />
  <testcase classname="ptolemy.util.test.junit.AutoTests" name="[114] /home/travis/build/icyphy/ptII/ptolemy/actor/lib/test/auto/DiscreteClock.xml (RunModel)" time="0.008" />
  <testcase classname="ptolemy.util.test.junit.AutoTests" name="[115] /home/travis/build/icyphy/ptII/ptolemy/actor/lib/test/auto/DiscreteClock10.xml (RunModel)" time="0.015" />
  <testcase classname="ptolemy.util.test.junit.AutoTests" name="[116] /home/travis/build/icyphy/ptII/ptolemy/actor/lib/test/auto/DiscreteClock11.xml (RunModel)" time="0.013" />
  <testcase classname="ptolemy.util.test.junit.AutoTests" name="[117] /home/travis/build/icyphy/ptII/ptolemy/actor/lib/test/auto/DiscreteClock12.xml (RunModel)" time="0.015" />
  <testcase classname="ptolemy.util.test.junit.AutoTests" name="[118] /home/travis/build/icyphy/ptII/ptolemy/actor/lib/test/auto/DiscreteClock13.xml (RunModel)" time="0.015" />
  <testcase classname="ptolemy.util.test.junit.AutoTests" name="[119] /home/travis/build/icyphy/ptII/ptolemy/actor/lib/test/auto/DiscreteClock14.xml (RunModel)" time="0.019" />
  <testcase classname="ptolemy.util.test.junit.AutoTests" name="[120] /home/travis/build/icyphy/ptII/ptolemy/actor/lib/test/auto/DiscreteClock15.xml (RunModel)" time="0.016" />
  <testcase classname="ptolemy.util.test.junit.AutoTests" name="[121] /home/travis/build/icyphy/ptII/ptolemy/actor/lib/test/auto/DiscreteClock16.xml (RunModel)" time="0.041" />
  <testcase classname="ptolemy.util.test.junit.AutoTests" name="[122] /home/travis/build/icyphy/ptII/ptolemy/actor/lib/test/auto/DiscreteClock17.xml (RunModel)" time="0.04" />
  <testcase classname="ptolemy.util.test.junit.AutoTests" name="[123] /home/travis/build/icyphy/ptII/ptolemy/actor/lib/test/auto/DiscreteClock18.xml (RunModel)" time="0.039" />
  <testcase classname="ptolemy.util.test.junit.AutoTests" name="[124] /home/travis/build/icyphy/ptII/ptolemy/actor/lib/test/auto/DiscreteClock19.xml (RunModel)" time="0.037" />
  <testcase classname="ptolemy.util.test.junit.AutoTests" name="[125] /home/travis/build/icyphy/ptII/ptolemy/actor/lib/test/auto/DiscreteClock2.xml (RunModel)" time="0.011" />
  <testcase classname="ptolemy.util.test.junit.AutoTests" name="[126] /home/travis/build/icyphy/ptII/ptolemy/actor/lib/test/auto/DiscreteClock20.xml (RunModel)" time="0.016" />
  <testcase classname="ptolemy.util.test.junit.AutoTests" name="[127] /home/travis/build/icyphy/ptII/ptolemy/actor/lib/test/auto/DiscreteClock21.xml (RunModel)" time="0.017" />
  <testcase classname="ptolemy.util.test.junit.AutoTests" name="[128] /home/travis/build/icyphy/ptII/ptolemy/actor/lib/test/auto/DiscreteClock22.xml (RunModel)" time="0.016" />
  <testcase classname="ptolemy.util.test.junit.AutoTests" name="[129] /home/travis/build/icyphy/ptII/ptolemy/actor/lib/test/auto/DiscreteClock23.xml (RunModel)" time="0.017" />
  <testcase classname="ptolemy.util.test.junit.AutoTests" name="[130] /home/travis/build/icyphy/ptII/ptolemy/actor/lib/test/auto/DiscreteClock24.xml (RunModel)" time="0.011" />
  <testcase classname="ptolemy.util.test.junit.AutoTests" name="[131] /home/travis/build/icyphy/ptII/ptolemy/actor/lib/test/auto/DiscreteClock4.xml (RunModel)" time="0.459" />
  <testcase classname="ptolemy.util.test.junit.AutoTests" name="[132] /home/travis/build/icyphy/ptII/ptolemy/actor/lib/test/auto/DiscreteClock5.xml (RunModel)" time="0.013" />
  <testcase classname="ptolemy.util.test.junit.AutoTests" name="[133] /home/travis/build/icyphy/ptII/ptolemy/actor/lib/test/auto/DiscreteClock6.xml (RunModel)" time="0.009" />
  <testcase classname="ptolemy.util.test.junit.AutoTests" name="[134] /home/travis/build/icyphy/ptII/ptolemy/actor/lib/test/auto/DiscreteClock7.xml (RunModel)" time="0.012" />
  <testcase classname="ptolemy.util.test.junit.AutoTests" name="[135] /home/travis/build/icyphy/ptII/ptolemy/actor/lib/test/auto/DiscreteClock8.xml (RunModel)" time="0.017" />
  <testcase classname="ptolemy.util.test.junit.AutoTests" name="[136] /home/travis/build/icyphy/ptII/ptolemy/actor/lib/test/auto/DiscreteClock9.xml (RunModel)" time="0.016" />
  <testcase classname="ptolemy.util.test.junit.AutoTests" name="[137] /home/travis/build/icyphy/ptII/ptolemy/actor/lib/test/auto/DisplayArray.xml (RunModel)" time="0.013" />
  <testcase classname="ptolemy.util.test.junit.AutoTests" name="[138] /home/travis/build/icyphy/ptII/ptolemy/actor/lib/test/auto/Distributor.xml (RunModel)" time="0.01" />
  <testcase classname="ptolemy.util.test.junit.AutoTests" name="[139] /home/travis/build/icyphy/ptII/ptolemy/actor/lib/test/auto/Distributor2.xml (RunModel)" time="0.01" />
  <testcase classname="ptolemy.util.test.junit.AutoTests" name="[140] /home/travis/build/icyphy/ptII/ptolemy/actor/lib/test/auto/DownSample.xml (RunModel)" time="0.014" />
  <testcase classname="ptolemy.util.test.junit.AutoTests" name="[141] /home/travis/build/icyphy/ptII/ptolemy/actor/lib/test/auto/ElectronicUnitBase1.xml (RunModel)" time="0.069" />
  <testcase classname="ptolemy.util.test.junit.AutoTests" name="[142] /home/travis/build/icyphy/ptII/ptolemy/actor/lib/test/auto/ElementsToArray.xml (RunModel)" time="0.01" />
  <testcase classname="ptolemy.util.test.junit.AutoTests" name="[143] /home/travis/build/icyphy/ptII/ptolemy/actor/lib/test/auto/Equals.xml (RunModel)" time="0.013" />
  <testcase classname="ptolemy.util.test.junit.AutoTests" name="[144] /home/travis/build/icyphy/ptII/ptolemy/actor/lib/test/auto/Exec.xml (RunModel)" time="0.024" />
  <testcase classname="ptolemy.util.test.junit.AutoTests" name="[145] /home/travis/build/icyphy/ptII/ptolemy/actor/lib/test/auto/ExecEnvironment.xml (RunModel)" time="0.036" />
  <testcase classname="ptolemy.util.test.junit.AutoTests" name="[146] /home/travis/build/icyphy/ptII/ptolemy/actor/lib/test/auto/ExecNonZeroReturnOutput.xml (RunModel)" time="0.155" />
  <testcase classname="ptolemy.util.test.junit.AutoTests" name="[147] /home/travis/build/icyphy/ptII/ptolemy/actor/lib/test/auto/ExecRunDemos.xml (RunModel)" time="10.053" />
  <testcase classname="ptolemy.util.test.junit.AutoTests" name="[148] /home/travis/build/icyphy/ptII/ptolemy/actor/lib/test/auto/ExecStop.xml (RunModel)" time="5.029" />
  <testcase classname="ptolemy.util.test.junit.AutoTests" name="[149] /home/travis/build/icyphy/ptII/ptolemy/actor/lib/test/auto/ExecutionTimeSDF.xml (RunModel)" time="6.047" />
  <testcase classname="ptolemy.util.test.junit.AutoTests" name="[150] /home/travis/build/icyphy/ptII/ptolemy/actor/lib/test/auto/Expression1.xml (RunModel)" time="0.009" />
  <testcase classname="ptolemy.util.test.junit.AutoTests" name="[151] /home/travis/build/icyphy/ptII/ptolemy/actor/lib/test/auto/Expression10.xml (RunModel)" time="0.015" />
  <testcase classname="ptolemy.util.test.junit.AutoTests" name="[152] /home/travis/build/icyphy/ptII/ptolemy/actor/lib/test/auto/Expression11.xml (RunModel)" time="0.013" />
  <testcase classname="ptolemy.util.test.junit.AutoTests" name="[153] /home/travis/build/icyphy/ptII/ptolemy/actor/lib/test/auto/Expression12.xml (RunModel)" time="0.014" />
  <testcase classname="ptolemy.util.test.junit.AutoTests" name="[154] /home/travis/build/icyphy/ptII/ptolemy/actor/lib/test/auto/Expression13.xml (RunModel)" time="0.014" />
  <testcase classname="ptolemy.util.test.junit.AutoTests" name="[155] /home/travis/build/icyphy/ptII/ptolemy/actor/lib/test/auto/Expression14.xml (RunModel)" time="0.017" />
  <testcase classname="ptolemy.util.test.junit.AutoTests" name="[156] /home/travis/build/icyphy/ptII/ptolemy/actor/lib/test/auto/Expression15.xml (RunModel)" time="0.01" />
  <testcase classname="ptolemy.util.test.junit.AutoTests" name="[157] /home/travis/build/icyphy/ptII/ptolemy/actor/lib/test/auto/Expression16.xml (RunModel)" time="0.013" />
  <testcase classname="ptolemy.util.test.junit.AutoTests" name="[158] /home/travis/build/icyphy/ptII/ptolemy/actor/lib/test/auto/Expression17.xml (RunModel)" time="0.012" />
  <testcase classname="ptolemy.util.test.junit.AutoTests" name="[159] /home/travis/build/icyphy/ptII/ptolemy/actor/lib/test/auto/Expression18.xml (RunModel)" time="0.014" />
  <testcase classname="ptolemy.util.test.junit.AutoTests" name="[160] /home/travis/build/icyphy/ptII/ptolemy/actor/lib/test/auto/Expression2.xml (RunModel)" time="0.014" />
  <testcase classname="ptolemy.util.test.junit.AutoTests" name="[161] /home/travis/build/icyphy/ptII/ptolemy/actor/lib/test/auto/Expression3.xml (RunModel)" time="0.013" />
  <testcase classname="ptolemy.util.test.junit.AutoTests" name="[162] /home/travis/build/icyphy/ptII/ptolemy/actor/lib/test/auto/Expression4.xml (RunModel)" time="0.022" />
  <testcase classname="ptolemy.util.test.junit.AutoTests" name="[163] /home/travis/build/icyphy/ptII/ptolemy/actor/lib/test/auto/Expression5.xml (RunModel)" time="0.014" />
  <testcase classname="ptolemy.util.test.junit.AutoTests" name="[164] /home/travis/build/icyphy/ptII/ptolemy/actor/lib/test/auto/Expression6.xml (RunModel)" time="0.012" />
  <testcase classname="ptolemy.util.test.junit.AutoTests" name="[165] /home/travis/build/icyphy/ptII/ptolemy/actor/lib/test/auto/Expression7.xml (RunModel)" time="0.013" />
  <testcase classname="ptolemy.util.test.junit.AutoTests" name="[166] /home/travis/build/icyphy/ptII/ptolemy/actor/lib/test/auto/Expression8.xml (RunModel)" time="0.015" />
  <testcase classname="ptolemy.util.test.junit.AutoTests" name="[167] /home/travis/build/icyphy/ptII/ptolemy/actor/lib/test/auto/Expression9.xml (RunModel)" time="0.009" />
  <testcase classname="ptolemy.util.test.junit.AutoTests" name="[168] /home/travis/build/icyphy/ptII/ptolemy/actor/lib/test/auto/ExpressionConcatenateArrayType.xml (RunModel)" time="0.027" />
  <testcase classname="ptolemy.util.test.junit.AutoTests" name="[169] /home/travis/build/icyphy/ptII/ptolemy/actor/lib/test/auto/ExpressionConcatenateArrayType2.xml (RunModel)" time="0.019" />
  <testcase classname="ptolemy.util.test.junit.AutoTests" name="[170] /home/travis/build/icyphy/ptII/ptolemy/actor/lib/test/auto/ExpressionFix.xml (RunModel)" time="0.029" />
  <testcase classname="ptolemy.util.test.junit.AutoTests" name="[171] /home/travis/build/icyphy/ptII/ptolemy/actor/lib/test/auto/ExpressionFix2.xml (RunModel)" time="0.013" />
  <testcase classname="ptolemy.util.test.junit.AutoTests" name="[172] /home/travis/build/icyphy/ptII/ptolemy/actor/lib/test/auto/ExpressionFix3.xml (RunModel)" time="0.01" />
  <testcase classname="ptolemy.util.test.junit.AutoTests" name="[173] /home/travis/build/icyphy/ptII/ptolemy/actor/lib/test/auto/FileWriter1.xml (RunModel)" time="0.009" />
  <testcase classname="ptolemy.util.test.junit.AutoTests" name="[174] /home/travis/build/icyphy/ptII/ptolemy/actor/lib/test/auto/FileWriter2.xml (RunModel)" time="0.011" />
  <testcase classname="ptolemy.util.test.junit.AutoTests" name="[175] /home/travis/build/icyphy/ptII/ptolemy/actor/lib/test/auto/FileWriter3.xml (RunModel)" time="0.012" />
  <testcase classname="ptolemy.util.test.junit.AutoTests" name="[176] /home/travis/build/icyphy/ptII/ptolemy/actor/lib/test/auto/Gaussian.xml (RunModel)" time="0.019" />
  <testcase classname="ptolemy.util.test.junit.AutoTests" name="[177] /home/travis/build/icyphy/ptII/ptolemy/actor/lib/test/auto/Gaussian1.xml (RunModel)" time="0.015" />
  <testcase classname="ptolemy.util.test.junit.AutoTests" name="[178] /home/travis/build/icyphy/ptII/ptolemy/actor/lib/test/auto/Gaussian2.xml (RunModel)" time="0.017" />
  <testcase classname="ptolemy.util.test.junit.AutoTests" name="[179] /home/travis/build/icyphy/ptII/ptolemy/actor/lib/test/auto/GradientAdaptiveLattice.xml (RunModel)" time="0.018" />
  <testcase classname="ptolemy.util.test.junit.AutoTests" name="[180] /home/travis/build/icyphy/ptII/ptolemy/actor/lib/test/auto/IIR.xml (RunModel)" time="0.015" />
  <testcase classname="ptolemy.util.test.junit.AutoTests" name="[181] /home/travis/build/icyphy/ptII/ptolemy/actor/lib/test/auto/InputOutputTransparentPorts.xml (RunModel)" time="0.023" />
  <testcase classname="ptolemy.util.test.junit.AutoTests" name="[182] /home/travis/build/icyphy/ptII/ptolemy/actor/lib/test/auto/Interpolator.xml (RunModel)" time="0.017" />
  <testcase classname="ptolemy.util.test.junit.AutoTests" name="[183] /home/travis/build/icyphy/ptII/ptolemy/actor/lib/test/auto/InterpolatorFiringLimitDE.xml (RunModel)" time="0.015" />
  <testcase classname="ptolemy.util.test.junit.AutoTests" name="[184] /home/travis/build/icyphy/ptII/ptolemy/actor/lib/test/auto/Lattice.xml (RunModel)" time="0.008" />
  <testcase classname="ptolemy.util.test.junit.AutoTests" name="[185] /home/travis/build/icyphy/ptII/ptolemy/actor/lib/test/auto/LazyAOCTestLazy.xml (RunModel)" time="0.026" />
  <testcase classname="ptolemy.util.test.junit.AutoTests" name="[186] /home/travis/build/icyphy/ptII/ptolemy/actor/lib/test/auto/LazyAOCTestNonLazy.xml (RunModel)" time="0.045" />
  <testcase classname="ptolemy.util.test.junit.AutoTests" name="[187] /home/travis/build/icyphy/ptII/ptolemy/actor/lib/test/auto/LazyInnerClass.xml (RunModel)" time="0.056" />
  <testcase classname="ptolemy.util.test.junit.AutoTests" name="[188] /home/travis/build/icyphy/ptII/ptolemy/actor/lib/test/auto/LazyPubSub.xml (RunModel)" time="0.058" />
  <testcase classname="ptolemy.util.test.junit.AutoTests" name="[189] /home/travis/build/icyphy/ptII/ptolemy/actor/lib/test/auto/LazyPubSub2.xml (RunModel)" time="0.064" />
  <testcase classname="ptolemy.util.test.junit.AutoTests" name="[190] /home/travis/build/icyphy/ptII/ptolemy/actor/lib/test/auto/LazyPubSub3.xml (RunModel)" time="0.037" />
  <testcase classname="ptolemy.util.test.junit.AutoTests" name="[191] /home/travis/build/icyphy/ptII/ptolemy/actor/lib/test/auto/LazySubClassModel.xml (RunModel)" time="0.022" />
  <testcase classname="ptolemy.util.test.junit.AutoTests" name="[192] /home/travis/build/icyphy/ptII/ptolemy/actor/lib/test/auto/LevelCrossTest1.xml (RunModel)" time="0.011" />
  <testcase classname="ptolemy.util.test.junit.AutoTests" name="[193] /home/travis/build/icyphy/ptII/ptolemy/actor/lib/test/auto/LevelCrossTest10.xml (RunModel)" time="0.015" />
  <testcase classname="ptolemy.util.test.junit.AutoTests" name="[194] /home/travis/build/icyphy/ptII/ptolemy/actor/lib/test/auto/LevelCrossTest11.xml (RunModel)" time="0.013" />
  <testcase classname="ptolemy.util.test.junit.AutoTests" name="[195] /home/travis/build/icyphy/ptII/ptolemy/actor/lib/test/auto/LevelCrossTest12.xml (RunModel)" time="0.017" />
  <testcase classname="ptolemy.util.test.junit.AutoTests" name="[196] /home/travis/build/icyphy/ptII/ptolemy/actor/lib/test/auto/LevelCrossTest13.xml (RunModel)" time="0.024" />
  <testcase classname="ptolemy.util.test.junit.AutoTests" name="[197] /home/travis/build/icyphy/ptII/ptolemy/actor/lib/test/auto/LevelCrossTest2.xml (RunModel)" time="0.011" />
  <testcase classname="ptolemy.util.test.junit.AutoTests" name="[198] /home/travis/build/icyphy/ptII/ptolemy/actor/lib/test/auto/LevelCrossTest3.xml (RunModel)" time="0.012" />
  <testcase classname="ptolemy.util.test.junit.AutoTests" name="[199] /home/travis/build/icyphy/ptII/ptolemy/actor/lib/test/auto/LevelCrossTest4.xml (RunModel)" time="0.012" />
  <testcase classname="ptolemy.util.test.junit.AutoTests" name="[200] /home/travis/build/icyphy/ptII/ptolemy/actor/lib/test/auto/LevelCrossTest5.xml (RunModel)" time="0.017" />
  <testcase classname="ptolemy.util.test.junit.AutoTests" name="[201] /home/travis/build/icyphy/ptII/ptolemy/actor/lib/test/auto/LevelCrossTest6.xml (RunModel)" time="0.018" />
  <testcase classname="ptolemy.util.test.junit.AutoTests" name="[202] /home/travis/build/icyphy/ptII/ptolemy/actor/lib/test/auto/LevelCrossTest7.xml (RunModel)" time="0.027" />
  <testcase classname="ptolemy.util.test.junit.AutoTests" name="[203] /home/travis/build/icyphy/ptII/ptolemy/actor/lib/test/auto/LevelCrossTest8.xml (RunModel)" time="0.017" />
  <testcase classname="ptolemy.util.test.junit.AutoTests" name="[204] /home/travis/build/icyphy/ptII/ptolemy/actor/lib/test/auto/LevelCrossTest9.xml (RunModel)" time="0.015" />
  <testcase classname="ptolemy.util.test.junit.AutoTests" name="[205] /home/travis/build/icyphy/ptII/ptolemy/actor/lib/test/auto/LevinsonDurbin.xml (RunModel)" time="0.014" />
  <testcase classname="ptolemy.util.test.junit.AutoTests" name="[206] /home/travis/build/icyphy/ptII/ptolemy/actor/lib/test/auto/LevinsonDurbin2.xml (RunModel)" time="0.008" />
  <testcase classname="ptolemy.util.test.junit.AutoTests" name="[207] /home/travis/build/icyphy/ptII/ptolemy/actor/lib/test/auto/LevinsonDurbin3.xml (RunModel)" time="0.009" />
  <testcase classname="ptolemy.util.test.junit.AutoTests" name="[208] /home/travis/build/icyphy/ptII/ptolemy/actor/lib/test/auto/Limiter.xml (RunModel)" time="0.037" />
  <testcase classname="ptolemy.util.test.junit.AutoTests" name="[209] /home/travis/build/icyphy/ptII/ptolemy/actor/lib/test/auto/LinearDifferenceEquationSystem.xml (RunModel)" time="0.023" />
  <testcase classname="ptolemy.util.test.junit.AutoTests" name="[210] /home/travis/build/icyphy/ptII/ptolemy/actor/lib/test/auto/LookupTable.xml (RunModel)" time="0.009" />
  <testcase classname="ptolemy.util.test.junit.AutoTests" name="[211] /home/travis/build/icyphy/ptII/ptolemy/actor/lib/test/auto/MathFunction.xml (RunModel)" time="0.026" />
  <testcase classname="ptolemy.util.test.junit.AutoTests" name="[212] /home/travis/build/icyphy/ptII/ptolemy/actor/lib/test/auto/MathFunction2.xml (RunModel)" time="0.016" />
  <testcase classname="ptolemy.util.test.junit.AutoTests" name="[213] /home/travis/build/icyphy/ptII/ptolemy/actor/lib/test/auto/MathFunction3.xml (RunModel)" time="0.02" />
  <testcase classname="ptolemy.util.test.junit.AutoTests" name="[214] /home/travis/build/icyphy/ptII/ptolemy/actor/lib/test/auto/MatrixCropBoolean.xml (RunModel)" time="0.014" />
  <testcase classname="ptolemy.util.test.junit.AutoTests" name="[215] /home/travis/build/icyphy/ptII/ptolemy/actor/lib/test/auto/MatrixCropComplex.xml (RunModel)" time="0.017" />
  <testcase classname="ptolemy.util.test.junit.AutoTests" name="[216] /home/travis/build/icyphy/ptII/ptolemy/actor/lib/test/auto/MatrixCropDouble.xml (RunModel)" time="0.009" />
  <testcase classname="ptolemy.util.test.junit.AutoTests" name="[217] /home/travis/build/icyphy/ptII/ptolemy/actor/lib/test/auto/MatrixCropFix.xml (RunModel)" time="0.01" />
  <testcase classname="ptolemy.util.test.junit.AutoTests" name="[218] /home/travis/build/icyphy/ptII/ptolemy/actor/lib/test/auto/MatrixCropInt.xml (RunModel)" time="0.009" />
  <testcase classname="ptolemy.util.test.junit.AutoTests" name="[219] /home/travis/build/icyphy/ptII/ptolemy/actor/lib/test/auto/MatrixCropLong.xml (RunModel)" time="0.009" />
  <testcase classname="ptolemy.util.test.junit.AutoTests" name="[220] /home/travis/build/icyphy/ptII/ptolemy/actor/lib/test/auto/MatrixToArray.xml (RunModel)" time="0.045" />
  <testcase classname="ptolemy.util.test.junit.AutoTests" name="[221] /home/travis/build/icyphy/ptII/ptolemy/actor/lib/test/auto/MaxIndex.xml (RunModel)" time="0.012" />
  <testcase classname="ptolemy.util.test.junit.AutoTests" name="[222] /home/travis/build/icyphy/ptII/ptolemy/actor/lib/test/auto/Maximum.xml (RunModel)" time="0.015" />
  <testcase classname="ptolemy.util.test.junit.AutoTests" name="[223] /home/travis/build/icyphy/ptII/ptolemy/actor/lib/test/auto/MaximumComplex.xml (RunModel)" time="0.014" />
  <testcase classname="ptolemy.util.test.junit.AutoTests" name="[224] /home/travis/build/icyphy/ptII/ptolemy/actor/lib/test/auto/MethodCallTest.xml (RunModel)" time="0.02" />
  <testcase classname="ptolemy.util.test.junit.AutoTests" name="[225] /home/travis/build/icyphy/ptII/ptolemy/actor/lib/test/auto/Minimum.xml (RunModel)" time="0.013" />
  <testcase classname="ptolemy.util.test.junit.AutoTests" name="[226] /home/travis/build/icyphy/ptII/ptolemy/actor/lib/test/auto/MinimumComplex.xml (RunModel)" time="0.015" />
  <testcase classname="ptolemy.util.test.junit.AutoTests" name="[227] /home/travis/build/icyphy/ptII/ptolemy/actor/lib/test/auto/MinimumMultiports.xml (RunModel)" time="0.023" />
  <testcase classname="ptolemy.util.test.junit.AutoTests" name="[228] /home/travis/build/icyphy/ptII/ptolemy/actor/lib/test/auto/ModifyDate.xml (RunModel)" time="0.045" />
  <testcase classname="ptolemy.util.test.junit.AutoTests" name="[229] /home/travis/build/icyphy/ptII/ptolemy/actor/lib/test/auto/ModifyDate2.xml (RunModel)" time="0.038" />
  <testcase classname="ptolemy.util.test.junit.AutoTests" name="[230] /home/travis/build/icyphy/ptII/ptolemy/actor/lib/test/auto/MovingAverage.xml (RunModel)" time="0.017" />
  <testcase classname="ptolemy.util.test.junit.AutoTests" name="[231] /home/travis/build/icyphy/ptII/ptolemy/actor/lib/test/auto/MovingMaximum.xml (RunModel)" time="0.012" />
  <testcase classname="ptolemy.util.test.junit.AutoTests" name="[232] /home/travis/build/icyphy/ptII/ptolemy/actor/lib/test/auto/MultipleLinksToSameRelation.xml (RunModel)" time="0.012" />
  <testcase classname="ptolemy.util.test.junit.AutoTests" name="[233] /home/travis/build/icyphy/ptII/ptolemy/actor/lib/test/auto/MultipleLinksToSameRelationDE.xml (RunModel)" time="0.012" />
  <testcase classname="ptolemy.util.test.junit.AutoTests" name="[234] /home/travis/build/icyphy/ptII/ptolemy/actor/lib/test/auto/Multiplexor.xml (RunModel)" time="0.014" />
  <testcase classname="ptolemy.util.test.junit.AutoTests" name="[235] /home/travis/build/icyphy/ptII/ptolemy/actor/lib/test/auto/Multiplexor1.xml (RunModel)" time="0.017" />
  <testcase classname="ptolemy.util.test.junit.AutoTests" name="[236] /home/travis/build/icyphy/ptII/ptolemy/actor/lib/test/auto/Multiplexor2.xml (RunModel)" time="0.018" />
  <testcase classname="ptolemy.util.test.junit.AutoTests" name="[237] /home/travis/build/icyphy/ptII/ptolemy/actor/lib/test/auto/Multiplexor3.xml (RunModel)" time="0.009" />
  <testcase classname="ptolemy.util.test.junit.AutoTests" name="[238] /home/travis/build/icyphy/ptII/ptolemy/actor/lib/test/auto/MultiplexorDE.xml (RunModel)" time="0.018" />
  <testcase classname="ptolemy.util.test.junit.AutoTests" name="[239] /home/travis/build/icyphy/ptII/ptolemy/actor/lib/test/auto/MultiportBroadcastTest.xml (RunModel)" time="0.107" />
  <testcase classname="ptolemy.util.test.junit.AutoTests" name="[240] /home/travis/build/icyphy/ptII/ptolemy/actor/lib/test/auto/MultiportOutHangDuringGetWidth.xml (RunModel)" time="0.037" />
  <testcase classname="ptolemy.util.test.junit.AutoTests" name="[241] /home/travis/build/icyphy/ptII/ptolemy/actor/lib/test/auto/NilToken.xml (RunModel)" time="0.013" />
  <testcase classname="ptolemy.util.test.junit.AutoTests" name="[242] /home/travis/build/icyphy/ptII/ptolemy/actor/lib/test/auto/NilTokenNonStrictTest.xml (RunModel)" time="0.012" />
  <testcase classname="ptolemy.util.test.junit.AutoTests" name="[243] /home/travis/build/icyphy/ptII/ptolemy/actor/lib/test/auto/NilTokenRecord.xml (RunModel)" time="0.025" />
  <testcase classname="ptolemy.util.test.junit.AutoTests" name="[244] /home/travis/build/icyphy/ptII/ptolemy/actor/lib/test/auto/NilTokenTypeTest.xml (RunModel)" time="0.04" />
  <testcase classname="ptolemy.util.test.junit.AutoTests" name="[245] /home/travis/build/icyphy/ptII/ptolemy/actor/lib/test/auto/ObjectToken1.xml (RunModel)" time="0.008" />
  <testcase classname="ptolemy.util.test.junit.AutoTests" name="[246] /home/travis/build/icyphy/ptII/ptolemy/actor/lib/test/auto/OrderedMerge.xml (RunModel)" time="0.018" />
  <testcase classname="ptolemy.util.test.junit.AutoTests" name="[247] /home/travis/build/icyphy/ptII/ptolemy/actor/lib/test/auto/OrderedRecordDisassembler.xml (RunModel)" time="0.015" />
  <testcase classname="ptolemy.util.test.junit.AutoTests" name="[248] /home/travis/build/icyphy/ptII/ptolemy/actor/lib/test/auto/OrderedRecordDisassembler2.xml (RunModel)" time="0.02" />
  <testcase classname="ptolemy.util.test.junit.AutoTests" name="[249] /home/travis/build/icyphy/ptII/ptolemy/actor/lib/test/auto/OrderedRecordUpdater.xml (RunModel)" time="0.01" />
  <testcase classname="ptolemy.util.test.junit.AutoTests" name="[250] /home/travis/build/icyphy/ptII/ptolemy/actor/lib/test/auto/OrderedRecordUpdater2.xml (RunModel)" time="0.01" />
  <testcase classname="ptolemy.util.test.junit.AutoTests" name="[251] /home/travis/build/icyphy/ptII/ptolemy/actor/lib/test/auto/PhaseUnwrap.xml (RunModel)" time="0.013" />
  <testcase classname="ptolemy.util.test.junit.AutoTests" name="[252] /home/travis/build/icyphy/ptII/ptolemy/actor/lib/test/auto/PoissonClock.xml (RunModel)" time="0.01" />
  <testcase classname="ptolemy.util.test.junit.AutoTests" name="[253] /home/travis/build/icyphy/ptII/ptolemy/actor/lib/test/auto/PoissonClock2.xml (RunModel)" time="0.008" />
  <testcase classname="ptolemy.util.test.junit.AutoTests" name="[254] /home/travis/build/icyphy/ptII/ptolemy/actor/lib/test/auto/PoissonClock3.xml (RunModel)" time="0.01" />
  <testcase classname="ptolemy.util.test.junit.AutoTests" name="[255] /home/travis/build/icyphy/ptII/ptolemy/actor/lib/test/auto/PubSubWithInitialTokens.xml (RunModel)" time="0.012" />
  <testcase classname="ptolemy.util.test.junit.AutoTests" name="[256] /home/travis/build/icyphy/ptII/ptolemy/actor/lib/test/auto/PubSubWithInitialTokens2.xml (RunModel)" time="0.012" />
  <testcase classname="ptolemy.util.test.junit.AutoTests" name="[257] /home/travis/build/icyphy/ptII/ptolemy/actor/lib/test/auto/PublisherClassNoParameter.xml (RunModel)" time="0.022" />
  <testcase classname="ptolemy.util.test.junit.AutoTests" name="[258] /home/travis/build/icyphy/ptII/ptolemy/actor/lib/test/auto/PublisherClassParameter.xml (RunModel)" time="0.023" />
  <testcase classname="ptolemy.util.test.junit.AutoTests" name="[259] /home/travis/build/icyphy/ptII/ptolemy/actor/lib/test/auto/PublisherNonStrictTest.xml (RunModel)" time="0.017" />
  <testcase classname="ptolemy.util.test.junit.AutoTests" name="[260] /home/travis/build/icyphy/ptII/ptolemy/actor/lib/test/auto/PublisherPort1.xml (RunModel)" time="0.011" />
  <testcase classname="ptolemy.util.test.junit.AutoTests" name="[261] /home/travis/build/icyphy/ptII/ptolemy/actor/lib/test/auto/PublisherPort2.xml (RunModel)" time="0.009" />
  <testcase classname="ptolemy.util.test.junit.AutoTests" name="[262] /home/travis/build/icyphy/ptII/ptolemy/actor/lib/test/auto/PublisherPort3.xml (RunModel)" time="0.011" />
  <testcase classname="ptolemy.util.test.junit.AutoTests" name="[263] /home/travis/build/icyphy/ptII/ptolemy/actor/lib/test/auto/PublisherPort4.xml (RunModel)" time="0.011" />
  <testcase classname="ptolemy.util.test.junit.AutoTests" name="[264] /home/travis/build/icyphy/ptII/ptolemy/actor/lib/test/auto/PublisherPort5.xml (RunModel)" time="0.016" />
  <testcase classname="ptolemy.util.test.junit.AutoTests" name="[265] /home/travis/build/icyphy/ptII/ptolemy/actor/lib/test/auto/PublisherPort5LookAlike.xml (RunModel)" time="0.017" />
  <testcase classname="ptolemy.util.test.junit.AutoTests" name="[266] /home/travis/build/icyphy/ptII/ptolemy/actor/lib/test/auto/PublisherPort6.xml (RunModel)" time="0.015" />
  <testcase classname="ptolemy.util.test.junit.AutoTests" name="[267] /home/travis/build/icyphy/ptII/ptolemy/actor/lib/test/auto/PublisherPort7.xml (RunModel)" time="0.017" />
  <testcase classname="ptolemy.util.test.junit.AutoTests" name="[268] /home/travis/build/icyphy/ptII/ptolemy/actor/lib/test/auto/PublisherPort8.xml (RunModel)" time="0.02" />
  <testcase classname="ptolemy.util.test.junit.AutoTests" name="[269] /home/travis/build/icyphy/ptII/ptolemy/actor/lib/test/auto/PublisherPortSubscriberChannelVariablesAOC2.xml (RunModel)" time="0.036" />
  <testcase classname="ptolemy.util.test.junit.AutoTests" name="[270] /home/travis/build/icyphy/ptII/ptolemy/actor/lib/test/auto/PublisherPortSubscriberOpaqueWidthInference.xml (RunModel)" time="0.017" />
  <testcase classname="ptolemy.util.test.junit.AutoTests" name="[271] /home/travis/build/icyphy/ptII/ptolemy/actor/lib/test/auto/PublisherPortSubscriberPortAdjacent.xml (RunModel)" time="0.018" />
  <testcase classname="ptolemy.util.test.junit.AutoTests" name="[272] /home/travis/build/icyphy/ptII/ptolemy/actor/lib/test/auto/PublisherPortSubscriberPortExpression.xml (RunModel)" time="0.017" />
  <testcase classname="ptolemy.util.test.junit.AutoTests" name="[273] /home/travis/build/icyphy/ptII/ptolemy/actor/lib/test/auto/PublisherPortSubscriberPortOpaqueD3Reverse.xml (RunModel)" time="0.019" />
  <testcase classname="ptolemy.util.test.junit.AutoTests" name="[274] /home/travis/build/icyphy/ptII/ptolemy/actor/lib/test/auto/PublisherPortSubscriberPortOpaqueWidthInference.xml (RunModel)" time="0.015" />
  <testcase classname="ptolemy.util.test.junit.AutoTests" name="[275] /home/travis/build/icyphy/ptII/ptolemy/actor/lib/test/auto/PublisherPortToplevelSubscriberPortAOC.xml (RunModel)" time="0.011" />
  <testcase classname="ptolemy.util.test.junit.AutoTests" name="[276] /home/travis/build/icyphy/ptII/ptolemy/actor/lib/test/auto/PublisherSubscriber.xml (RunModel)" time="0.015" />
  <testcase classname="ptolemy.util.test.junit.AutoTests" name="[277] /home/travis/build/icyphy/ptII/ptolemy/actor/lib/test/auto/PublisherSubscriber10.xml (RunModel)" time="0.02" />
  <testcase classname="ptolemy.util.test.junit.AutoTests" name="[278] /home/travis/build/icyphy/ptII/ptolemy/actor/lib/test/auto/PublisherSubscriber10InitialOutputs.xml (RunModel)" time="0.02" />
  <testcase classname="ptolemy.util.test.junit.AutoTests" name="[279] /home/travis/build/icyphy/ptII/ptolemy/actor/lib/test/auto/PublisherSubscriber11.xml (RunModel)" time="0.012" />
  <testcase classname="ptolemy.util.test.junit.AutoTests" name="[280] /home/travis/build/icyphy/ptII/ptolemy/actor/lib/test/auto/PublisherSubscriber12.xml (RunModel)" time="0.013" />
  <testcase classname="ptolemy.util.test.junit.AutoTests" name="[281] /home/travis/build/icyphy/ptII/ptolemy/actor/lib/test/auto/PublisherSubscriber13.xml (RunModel)" time="0.011" />
  <testcase classname="ptolemy.util.test.junit.AutoTests" name="[282] /home/travis/build/icyphy/ptII/ptolemy/actor/lib/test/auto/PublisherSubscriber14.xml (RunModel)" time="0.021" />
  <testcase classname="ptolemy.util.test.junit.AutoTests" name="[283] /home/travis/build/icyphy/ptII/ptolemy/actor/lib/test/auto/PublisherSubscriber2.xml (RunModel)" time="0.013" />
  <testcase classname="ptolemy.util.test.junit.AutoTests" name="[284] /home/travis/build/icyphy/ptII/ptolemy/actor/lib/test/auto/PublisherSubscriber3.xml (RunModel)" time="0.01" />
  <testcase classname="ptolemy.util.test.junit.AutoTests" name="[285] /home/travis/build/icyphy/ptII/ptolemy/actor/lib/test/auto/PublisherSubscriber4.xml (RunModel)" time="0.01" />
  <testcase classname="ptolemy.util.test.junit.AutoTests" name="[286] /home/travis/build/icyphy/ptII/ptolemy/actor/lib/test/auto/PublisherSubscriber5.xml (RunModel)" time="0.015" />
  <testcase classname="ptolemy.util.test.junit.AutoTests" name="[287] /home/travis/build/icyphy/ptII/ptolemy/actor/lib/test/auto/PublisherSubscriber6.xml (RunModel)" time="0.014" />
  <testcase classname="ptolemy.util.test.junit.AutoTests" name="[288] /home/travis/build/icyphy/ptII/ptolemy/actor/lib/test/auto/PublisherSubscriber7.xml (RunModel)" time="0.016" />
  <testcase classname="ptolemy.util.test.junit.AutoTests" name="[289] /home/travis/build/icyphy/ptII/ptolemy/actor/lib/test/auto/PublisherSubscriber8.xml (RunModel)" time="0.031" />
  <testcase classname="ptolemy.util.test.junit.AutoTests" name="[290] /home/travis/build/icyphy/ptII/ptolemy/actor/lib/test/auto/PublisherSubscriber9.xml (RunModel)" time="0.021" />
  <testcase classname="ptolemy.util.test.junit.AutoTests" name="[291] /home/travis/build/icyphy/ptII/ptolemy/actor/lib/test/auto/PublisherSubscriberAdjacent.xml (RunModel)" time="0.022" />
  <testcase classname="ptolemy.util.test.junit.AutoTests" name="[292] /home/travis/build/icyphy/ptII/ptolemy/actor/lib/test/auto/PublisherSubscriberChannelVariablesAOC2.xml (RunModel)" time="0.034" />
  <testcase classname="ptolemy.util.test.junit.AutoTests" name="[293] /home/travis/build/icyphy/ptII/ptolemy/actor/lib/test/auto/PublisherSubscriberD3.xml (RunModel)" time="0.024" />
  <testcase classname="ptolemy.util.test.junit.AutoTests" name="[294] /home/travis/build/icyphy/ptII/ptolemy/actor/lib/test/auto/PublisherSubscriberD3Reverse.xml (RunModel)" time="0.014" />
  <testcase classname="ptolemy.util.test.junit.AutoTests" name="[295] /home/travis/build/icyphy/ptII/ptolemy/actor/lib/test/auto/PublisherSubscriberExpression.xml (RunModel)" time="0.02" />
  <testcase classname="ptolemy.util.test.junit.AutoTests" name="[296] /home/travis/build/icyphy/ptII/ptolemy/actor/lib/test/auto/PublisherSubscriberOpaque.xml (RunModel)" time="0.018" />
  <testcase classname="ptolemy.util.test.junit.AutoTests" name="[297] /home/travis/build/icyphy/ptII/ptolemy/actor/lib/test/auto/PublisherSubscriberOpaqueD3.xml (RunModel)" time="0.026" />
  <testcase classname="ptolemy.util.test.junit.AutoTests" name="[298] /home/travis/build/icyphy/ptII/ptolemy/actor/lib/test/auto/PublisherSubscriberOpaqueD3Reverse.xml (RunModel)" time="0.024" />
  <testcase classname="ptolemy.util.test.junit.AutoTests" name="[299] /home/travis/build/icyphy/ptII/ptolemy/actor/lib/test/auto/PublisherSubscriberOpaqueWidthInference.xml (RunModel)" time="0.017" />
  <testcase classname="ptolemy.util.test.junit.AutoTests" name="[300] /home/travis/build/icyphy/ptII/ptolemy/actor/lib/test/auto/PublisherTestSubscriber.xml (RunModel)" time="0.016" />
  <testcase classname="ptolemy.util.test.junit.AutoTests" name="[301] /home/travis/build/icyphy/ptII/ptolemy/actor/lib/test/auto/PublisherToplevelSubscriberPortAOC.xml (RunModel)" time="0.012" />
  <testcase classname="ptolemy.util.test.junit.AutoTests" name="[302] /home/travis/build/icyphy/ptII/ptolemy/actor/lib/test/auto/PulseFiringLimitDE.xml (RunModel)" time="0.015" />
  <testcase classname="ptolemy.util.test.junit.AutoTests" name="[303] /home/travis/build/icyphy/ptII/ptolemy/actor/lib/test/auto/Ramp1.xml (RunModel)" time="0.009" />
  <testcase classname="ptolemy.util.test.junit.AutoTests" name="[304] /home/travis/build/icyphy/ptII/ptolemy/actor/lib/test/auto/RampFiringLimitDE.xml (RunModel)" time="0.012" />
  <testcase classname="ptolemy.util.test.junit.AutoTests" name="[305] /home/travis/build/icyphy/ptII/ptolemy/actor/lib/test/auto/RampFiringLimitSDF.xml (RunModel)" time="0.011" />
  <testcase classname="ptolemy.util.test.junit.AutoTests" name="[306] /home/travis/build/icyphy/ptII/ptolemy/actor/lib/test/auto/RandomInteger.xml (RunModel)" time="0.008" />
  <testcase classname="ptolemy.util.test.junit.AutoTests" name="[307] /home/travis/build/icyphy/ptII/ptolemy/actor/lib/test/auto/ReadFile1.xml (RunModel)" time="0.008" />
  <testcase classname="ptolemy.util.test.junit.AutoTests" name="[308] /home/travis/build/icyphy/ptII/ptolemy/actor/lib/test/auto/ReadFile2.xml (RunModel)" time="0.008" />
  <testcase classname="ptolemy.util.test.junit.AutoTests" name="[309] /home/travis/build/icyphy/ptII/ptolemy/actor/lib/test/auto/Reader.xml (RunModel)" time="0.011" />
  <testcase classname="ptolemy.util.test.junit.AutoTests" name="[310] /home/travis/build/icyphy/ptII/ptolemy/actor/lib/test/auto/RecordAssemblerDisplayNameTest.xml (RunModel)" time="3.971" />
  <testcase classname="ptolemy.util.test.junit.AutoTests" name="[311] /home/travis/build/icyphy/ptII/ptolemy/actor/lib/test/auto/RecordAssemblerTypeError.xml (RunModel)" time="0.042" />
  <testcase classname="ptolemy.util.test.junit.AutoTests" name="[312] /home/travis/build/icyphy/ptII/ptolemy/actor/lib/test/auto/RecordDisassember.xml (RunModel)" time="0.011" />
  <testcase classname="ptolemy.util.test.junit.AutoTests" name="[313] /home/travis/build/icyphy/ptII/ptolemy/actor/lib/test/auto/RecordDisassemberDisplayNameTest.xml (RunModel)" time="0.021" />
  <testcase classname="ptolemy.util.test.junit.AutoTests" name="[314] /home/travis/build/icyphy/ptII/ptolemy/actor/lib/test/auto/RecordDisassembler.xml (RunModel)" time="0.011" />
  <testcase classname="ptolemy.util.test.junit.AutoTests" name="[315] /home/travis/build/icyphy/ptII/ptolemy/actor/lib/test/auto/RecordDisassembler2.xml (RunModel)" time="0.013" />
  <testcase classname="ptolemy.util.test.junit.AutoTests" name="[316] /home/travis/build/icyphy/ptII/ptolemy/actor/lib/test/auto/RecordUpdater.xml (RunModel)" time="0.011" />
  <testcase classname="ptolemy.util.test.junit.AutoTests" name="[317] /home/travis/build/icyphy/ptII/ptolemy/actor/lib/test/auto/RecordUpdater2.xml (RunModel)" time="0.011" />
  <testcase classname="ptolemy.util.test.junit.AutoTests" name="[318] /home/travis/build/icyphy/ptII/ptolemy/actor/lib/test/auto/RecursiveLattice.xml (RunModel)" time="0.01" />
  <testcase classname="ptolemy.util.test.junit.AutoTests" name="[319] /home/travis/build/icyphy/ptII/ptolemy/actor/lib/test/auto/Router.xml (RunModel)" time="3.03" />
  <testcase classname="ptolemy.util.test.junit.AutoTests" name="[320] /home/travis/build/icyphy/ptII/ptolemy/actor/lib/test/auto/Router2.xml (RunModel)" time="3.023" />
  <testcase classname="ptolemy.util.test.junit.AutoTests" name="[321] /home/travis/build/icyphy/ptII/ptolemy/actor/lib/test/auto/RunningMaximum.xml (RunModel)" time="0.012" />
  <testcase classname="ptolemy.util.test.junit.AutoTests" name="[322] /home/travis/build/icyphy/ptII/ptolemy/actor/lib/test/auto/RunningMinimum.xml (RunModel)" time="0.014" />
  <testcase classname="ptolemy.util.test.junit.AutoTests" name="[323] /home/travis/build/icyphy/ptII/ptolemy/actor/lib/test/auto/Scale.xml (RunModel)" time="0.008" />
  <testcase classname="ptolemy.util.test.junit.AutoTests" name="[324] /home/travis/build/icyphy/ptII/ptolemy/actor/lib/test/auto/Scale2.xml (RunModel)" time="0.011" />
  <testcase classname="ptolemy.util.test.junit.AutoTests" name="[325] /home/travis/build/icyphy/ptII/ptolemy/actor/lib/test/auto/Scale3.xml (RunModel)" time="0.015" />
  <testcase classname="ptolemy.util.test.junit.AutoTests" name="[326] /home/travis/build/icyphy/ptII/ptolemy/actor/lib/test/auto/ScaleArray.xml (RunModel)" time="0.009" />
  <testcase classname="ptolemy.util.test.junit.AutoTests" name="[327] /home/travis/build/icyphy/ptII/ptolemy/actor/lib/test/auto/ScaleArray2.xml (RunModel)" time="0.01" />
  <testcase classname="ptolemy.util.test.junit.AutoTests" name="[328] /home/travis/build/icyphy/ptII/ptolemy/actor/lib/test/auto/ScaleMatrix.xml (RunModel)" time="0.12" />
  <testcase classname="ptolemy.util.test.junit.AutoTests" name="[329] /home/travis/build/icyphy/ptII/ptolemy/actor/lib/test/auto/Select.xml (RunModel)" time="0.015" />
  <testcase classname="ptolemy.util.test.junit.AutoTests" name="[330] /home/travis/build/icyphy/ptII/ptolemy/actor/lib/test/auto/Select2.xml (RunModel)" time="0.009" />
  <testcase classname="ptolemy.util.test.junit.AutoTests" name="[331] /home/travis/build/icyphy/ptII/ptolemy/actor/lib/test/auto/SequenceToArray2.xml (RunModel)" time="0.102" />
  <testcase classname="ptolemy.util.test.junit.AutoTests" name="[332] /home/travis/build/icyphy/ptII/ptolemy/actor/lib/test/auto/SequentialClock.xml (RunModel)" time="0.013" />
  <testcase classname="ptolemy.util.test.junit.AutoTests" name="[333] /home/travis/build/icyphy/ptII/ptolemy/actor/lib/test/auto/SetVariable.xml (RunModel)" time="0.011" />
  <testcase classname="ptolemy.util.test.junit.AutoTests" name="[334] /home/travis/build/icyphy/ptII/ptolemy/actor/lib/test/auto/SetVariable2.xml (RunModel)" time="0.011" />
  <testcase classname="ptolemy.util.test.junit.AutoTests" name="[335] /home/travis/build/icyphy/ptII/ptolemy/actor/lib/test/auto/SetVariable3.xml (RunModel)" time="0.015" />
  <testcase classname="ptolemy.util.test.junit.AutoTests" name="[336] /home/travis/build/icyphy/ptII/ptolemy/actor/lib/test/auto/SetVariable4.xml (RunModel)" time="0.027" />
  <testcase classname="ptolemy.util.test.junit.AutoTests" name="[337] /home/travis/build/icyphy/ptII/ptolemy/actor/lib/test/auto/SetVariable5.xml (RunModel)" time="0.032" />
  <testcase classname="ptolemy.util.test.junit.AutoTests" name="[338] /home/travis/build/icyphy/ptII/ptolemy/actor/lib/test/auto/Sinewave.xml (RunModel)" time="0.029" />
  <testcase classname="ptolemy.util.test.junit.AutoTests" name="[339] /home/travis/build/icyphy/ptII/ptolemy/actor/lib/test/auto/Sinewave2.xml (RunModel)" time="0.018" />
  <testcase classname="ptolemy.util.test.junit.AutoTests" name="[340] /home/travis/build/icyphy/ptII/ptolemy/actor/lib/test/auto/Sinewave3.xml (RunModel)" time="0.028" />
  <testcase classname="ptolemy.util.test.junit.AutoTests" name="[341] /home/travis/build/icyphy/ptII/ptolemy/actor/lib/test/auto/SingleEvent.xml (RunModel)" time="0.01" />
  <testcase classname="ptolemy.util.test.junit.AutoTests" name="[342] /home/travis/build/icyphy/ptII/ptolemy/actor/lib/test/auto/Sleep.xml (RunModel)" time="6.013" />
  <testcase classname="ptolemy.util.test.junit.AutoTests" name="[343] /home/travis/build/icyphy/ptII/ptolemy/actor/lib/test/auto/SleepMultipleFire.xml (RunModel)" time="1.023" />
  <testcase classname="ptolemy.util.test.junit.AutoTests" name="[344] /home/travis/build/icyphy/ptII/ptolemy/actor/lib/test/auto/StopDE.xml (RunModel)" time="0.025" />
  <testcase classname="ptolemy.util.test.junit.AutoTests" name="[345] /home/travis/build/icyphy/ptII/ptolemy/actor/lib/test/auto/StopSDF.xml (RunModel)" time="0.013" />
  <testcase classname="ptolemy.util.test.junit.AutoTests" name="[346] /home/travis/build/icyphy/ptII/ptolemy/actor/lib/test/auto/StringConstant.xml (RunModel)" time="0.01" />
  <testcase classname="ptolemy.util.test.junit.AutoTests" name="[347] /home/travis/build/icyphy/ptII/ptolemy/actor/lib/test/auto/SubscriberPortInitialValues1.xml (RunModel)" time="0.028" />
  <testcase classname="ptolemy.util.test.junit.AutoTests" name="[348] /home/travis/build/icyphy/ptII/ptolemy/actor/lib/test/auto/SubscriberPortInitialValues13.xml (RunModel)" time="0.027" />
  <testcase classname="ptolemy.util.test.junit.AutoTests" name="[349] /home/travis/build/icyphy/ptII/ptolemy/actor/lib/test/auto/SubscriberPortInitialValues14.xml (RunModel)" time="0.015" />
  <testcase classname="ptolemy.util.test.junit.AutoTests" name="[350] /home/travis/build/icyphy/ptII/ptolemy/actor/lib/test/auto/SubscriberPortInitialValues2.xml (RunModel)" time="0.016" />
  <testcase classname="ptolemy.util.test.junit.AutoTests" name="[351] /home/travis/build/icyphy/ptII/ptolemy/actor/lib/test/auto/SubscriberPortInitialValues3.xml (RunModel)" time="0.021" />
  <testcase classname="ptolemy.util.test.junit.AutoTests" name="[352] /home/travis/build/icyphy/ptII/ptolemy/actor/lib/test/auto/SubscriptionAggregator.xml (RunModel)" time="0.012" />
  <testcase classname="ptolemy.util.test.junit.AutoTests" name="[353] /home/travis/build/icyphy/ptII/ptolemy/actor/lib/test/auto/SubscriptionAggregator2.xml (RunModel)" time="0.013" />
  <testcase classname="ptolemy.util.test.junit.AutoTests" name="[354] /home/travis/build/icyphy/ptII/ptolemy/actor/lib/test/auto/SubscriptionAggregator3.xml (RunModel)" time="0.016" />
  <testcase classname="ptolemy.util.test.junit.AutoTests" name="[355] /home/travis/build/icyphy/ptII/ptolemy/actor/lib/test/auto/SubscriptionAggregatorMultiply.xml (RunModel)" time="0.018" />
  <testcase classname="ptolemy.util.test.junit.AutoTests" name="[356] /home/travis/build/icyphy/ptII/ptolemy/actor/lib/test/auto/SubscriptionAggregatorPortMultiply1.xml (RunModel)" time="0.018" />
  <testcase classname="ptolemy.util.test.junit.AutoTests" name="[357] /home/travis/build/icyphy/ptII/ptolemy/actor/lib/test/auto/Switch.xml (RunModel)" time="0.014" />
  <testcase classname="ptolemy.util.test.junit.AutoTests" name="[358] /home/travis/build/icyphy/ptII/ptolemy/actor/lib/test/auto/Switch2.xml (RunModel)" time="0.011" />
  <testcase classname="ptolemy.util.test.junit.AutoTests" name="[359] /home/travis/build/icyphy/ptII/ptolemy/actor/lib/test/auto/SwitchDE.xml (RunModel)" time="0.014" />
  <testcase classname="ptolemy.util.test.junit.AutoTests" name="[360] /home/travis/build/icyphy/ptII/ptolemy/actor/lib/test/auto/SynchronizerDE.xml (RunModel)" time="0.025" />
  <testcase classname="ptolemy.util.test.junit.AutoTests" name="[361] /home/travis/build/icyphy/ptII/ptolemy/actor/lib/test/auto/Test.xml (RunModel)" time="0.021" />
  <testcase classname="ptolemy.util.test.junit.AutoTests" name="[362] /home/travis/build/icyphy/ptII/ptolemy/actor/lib/test/auto/TestExceptionAttribute1.xml (RunModel)" time="0.007" />
  <testcase classname="ptolemy.util.test.junit.AutoTests" name="[363] /home/travis/build/icyphy/ptII/ptolemy/actor/lib/test/auto/TestExceptionAttribute2.xml (RunModel)" time="0.011" />
  <testcase classname="ptolemy.util.test.junit.AutoTests" name="[364] /home/travis/build/icyphy/ptII/ptolemy/actor/lib/test/auto/TestExceptionAttribute3.xml (RunModel)" time="0.007" />
  <testcase classname="ptolemy.util.test.junit.AutoTests" name="[365] /home/travis/build/icyphy/ptII/ptolemy/actor/lib/test/auto/TestExceptionAttribute4.xml (RunModel)" time="0.007" />
  <testcase classname="ptolemy.util.test.junit.AutoTests" name="[366] /home/travis/build/icyphy/ptII/ptolemy/actor/lib/test/auto/TestExceptionHandler1.xml (RunModel)" time="0.006" />
  <testcase classname="ptolemy.util.test.junit.AutoTests" name="[367] /home/travis/build/icyphy/ptII/ptolemy/actor/lib/test/auto/TestExceptionHandler2.xml (RunModel)" time="0.012" />
  <testcase classname="ptolemy.util.test.junit.AutoTests" name="[368] /home/travis/build/icyphy/ptII/ptolemy/actor/lib/test/auto/TestExceptionHandler3.xml (RunModel)" time="0.012" />
  <testcase classname="ptolemy.util.test.junit.AutoTests" name="[369] /home/travis/build/icyphy/ptII/ptolemy/actor/lib/test/auto/TestExceptionHandler4.xml (RunModel)" time="0.008" />
  <testcase classname="ptolemy.util.test.junit.AutoTests" name="[370] /home/travis/build/icyphy/ptII/ptolemy/actor/lib/test/auto/TestRequireCorrectOrder.xml (RunModel)" time="0.015" />
  <testcase classname="ptolemy.util.test.junit.AutoTests" name="[371] /home/travis/build/icyphy/ptII/ptolemy/actor/lib/test/auto/TestSimple.xml (RunModel)" time="0.008" />
  <testcase classname="ptolemy.util.test.junit.AutoTests" name="[372] /home/travis/build/icyphy/ptII/ptolemy/actor/lib/test/auto/ThrowModelError.xml (RunModel)" time="0.013" />
  <testcase classname="ptolemy.util.test.junit.AutoTests" name="[373] /home/travis/build/icyphy/ptII/ptolemy/actor/lib/test/auto/TimeDelayMicrosteps.xml (RunModel)" time="0.018" />
  <testcase classname="ptolemy.util.test.junit.AutoTests" name="[374] /home/travis/build/icyphy/ptII/ptolemy/actor/lib/test/auto/TimeDelayMicrosteps2.xml (RunModel)" time="0.019" />
  <testcase classname="ptolemy.util.test.junit.AutoTests" name="[375] /home/travis/build/icyphy/ptII/ptolemy/actor/lib/test/auto/TimeDelayMicrosteps3.xml (RunModel)" time="0.013" />
  <testcase classname="ptolemy.util.test.junit.AutoTests" name="[376] /home/travis/build/icyphy/ptII/ptolemy/actor/lib/test/auto/TimeDelayVariableMicrosteps.xml (RunModel)" time="0.013" />
  <testcase classname="ptolemy.util.test.junit.AutoTests" name="[377] /home/travis/build/icyphy/ptII/ptolemy/actor/lib/test/auto/TimeGap.xml (RunModel)" time="0.014" />
  <testcase classname="ptolemy.util.test.junit.AutoTests" name="[378] /home/travis/build/icyphy/ptII/ptolemy/actor/lib/test/auto/TimeGap2.xml (RunModel)" time="0.014" />
  <testcase classname="ptolemy.util.test.junit.AutoTests" name="[379] /home/travis/build/icyphy/ptII/ptolemy/actor/lib/test/auto/TimedSinewave.xml (RunModel)" time="0.07" />
  <testcase classname="ptolemy.util.test.junit.AutoTests" name="[380] /home/travis/build/icyphy/ptII/ptolemy/actor/lib/test/auto/TimedSinewavePhase.xml (RunModel)" time="0.03" />
  <testcase classname="ptolemy.util.test.junit.AutoTests" name="[381] /home/travis/build/icyphy/ptII/ptolemy/actor/lib/test/auto/Timer.xml (RunModel)" time="0.013" />
  <testcase classname="ptolemy.util.test.junit.AutoTests" name="[382] /home/travis/build/icyphy/ptII/ptolemy/actor/lib/test/auto/TriangularDistTestModel.xml (RunModel)" time="0.024" />
  <testcase classname="ptolemy.util.test.junit.AutoTests" name="[383] /home/travis/build/icyphy/ptII/ptolemy/actor/lib/test/auto/TrigFunction.xml (RunModel)" time="0.012" />
  <testcase classname="ptolemy.util.test.junit.AutoTests" name="[384] /home/travis/build/icyphy/ptII/ptolemy/actor/lib/test/auto/TrigFunctionDE.xml (RunModel)" time="0.012" />
  <testcase classname="ptolemy.util.test.junit.AutoTests" name="[385] /home/travis/build/icyphy/ptII/ptolemy/actor/lib/test/auto/TrigFunctionInverse.xml (RunModel)" time="0.019" />
  <testcase classname="ptolemy.util.test.junit.AutoTests" name="[386] /home/travis/build/icyphy/ptII/ptolemy/actor/lib/test/auto/TrigFunctionTan.xml (RunModel)" time="0.008" />
  <testcase classname="ptolemy.util.test.junit.AutoTests" name="[387] /home/travis/build/icyphy/ptII/ptolemy/actor/lib/test/auto/TriggeredClock.xml (RunModel)" time="0.01" />
  <testcase classname="ptolemy.util.test.junit.AutoTests" name="[388] /home/travis/build/icyphy/ptII/ptolemy/actor/lib/test/auto/URLDirectoryReader.xml (RunModel)" time="0.109" />
  <testcase classname="ptolemy.util.test.junit.AutoTests" name="[389] /home/travis/build/icyphy/ptII/ptolemy/actor/lib/test/auto/URLDirectoryReader3.xml (RunModel)" time="1.347" />
  <testcase classname="ptolemy.util.test.junit.AutoTests" name="[390] /home/travis/build/icyphy/ptII/ptolemy/actor/lib/test/auto/UnaryMathFunction.xml (RunModel)" time="0.056" />
  <testcase classname="ptolemy.util.test.junit.AutoTests" name="[391] /home/travis/build/icyphy/ptII/ptolemy/actor/lib/test/auto/Uniform.xml (RunModel)" time="0.038" />
  <testcase classname="ptolemy.util.test.junit.AutoTests" name="[392] /home/travis/build/icyphy/ptII/ptolemy/actor/lib/test/auto/UnionDisassemblerTest.xml (RunModel)" time="0.026" />
  <testcase classname="ptolemy.util.test.junit.AutoTests" name="[393] /home/travis/build/icyphy/ptII/ptolemy/actor/lib/test/auto/UtilityFunctions.xml (RunModel)" time="0.036" />
  <testcase classname="ptolemy.util.test.junit.AutoTests" name="[394] /home/travis/build/icyphy/ptII/ptolemy/actor/lib/test/auto/VariableSleep.xml (RunModel)" time="0.542" />
  <testcase classname="ptolemy.util.test.junit.AutoTests" name="[395] /home/travis/build/icyphy/ptII/ptolemy/actor/lib/test/auto/VectorAssemblerDisassemblerCT.xml (RunModel)" time="0.138" />
  <testcase classname="ptolemy.util.test.junit.AutoTests" name="[396] /home/travis/build/icyphy/ptII/ptolemy/actor/lib/test/auto/VectorAssemblerDisassemblerDE.xml (RunModel)" time="0.017" />
  <testcase classname="ptolemy.util.test.junit.AutoTests" name="[397] /home/travis/build/icyphy/ptII/ptolemy/actor/lib/test/auto/VectorAssemblerDisassemblerSDF.xml (RunModel)" time="0.015" />
  <testcase classname="ptolemy.util.test.junit.AutoTests" name="[398] /home/travis/build/icyphy/ptII/ptolemy/actor/lib/test/auto/WallClockTime.xml (RunModel)" time="1.015" />
  <testcase classname="ptolemy.util.test.junit.AutoTests" name="[399] /home/travis/build/icyphy/ptII/ptolemy/actor/lib/test/auto/WidthTestWithSubscriberPublisher.xml (RunModel)" time="0.101" />
  <testcase classname="ptolemy.util.test.junit.AutoTests" name="[400] /home/travis/build/icyphy/ptII/ptolemy/actor/lib/test/auto/WidthTestWithSubscriberPublisher2.xml (RunModel)" time="0.017" />
  <testcase classname="ptolemy.util.test.junit.AutoTests" name="[401] /home/travis/build/icyphy/ptII/ptolemy/actor/lib/test/auto/WidthTestWithSubscriberPublisher3.xml (RunModel)" time="0.012" />
  <testcase classname="ptolemy.util.test.junit.AutoTests" name="[402] /home/travis/build/icyphy/ptII/ptolemy/actor/lib/test/auto/Writer.xml (RunModel)" time="0.009" />
  <testcase classname="ptolemy.util.test.junit.AutoTests" name="[403] /home/travis/build/icyphy/ptII/ptolemy/actor/lib/test/auto/array.xml (RunModel)" time="0.01" />
  <testcase classname="ptolemy.util.test.junit.AutoTests" name="[404] /home/travis/build/icyphy/ptII/ptolemy/actor/lib/test/auto/array2.xml (RunModel)" time="0.011" />
  <testcase classname="ptolemy.util.test.junit.AutoTests" name="[405] /home/travis/build/icyphy/ptII/ptolemy/actor/lib/test/auto/arrayType.xml (RunModel)" time="0.013" />
  <testcase classname="ptolemy.util.test.junit.AutoTests" name="[406] /home/travis/build/icyphy/ptII/ptolemy/actor/lib/test/auto/arrayType10.xml (RunModel)" time="0.01" />
  <testcase classname="ptolemy.util.test.junit.AutoTests" name="[407] /home/travis/build/icyphy/ptII/ptolemy/actor/lib/test/auto/arrayType11.xml (RunModel)" time="0.009" />
  <testcase classname="ptolemy.util.test.junit.AutoTests" name="[408] /home/travis/build/icyphy/ptII/ptolemy/actor/lib/test/auto/arrayType12.xml (RunModel)" time="0.01" />
  <testcase classname="ptolemy.util.test.junit.AutoTests" name="[409] /home/travis/build/icyphy/ptII/ptolemy/actor/lib/test/auto/arrayType13.xml (RunModel)" time="0.01" />
  <testcase classname="ptolemy.util.test.junit.AutoTests" name="[410] /home/travis/build/icyphy/ptII/ptolemy/actor/lib/test/auto/arrayType14.xml (RunModel)" time="0.011" />
  <testcase classname="ptolemy.util.test.junit.AutoTests" name="[411] /home/travis/build/icyphy/ptII/ptolemy/actor/lib/test/auto/arrayType15.xml (RunModel)" time="0.011" />
  <testcase classname="ptolemy.util.test.junit.AutoTests" name="[412] /home/travis/build/icyphy/ptII/ptolemy/actor/lib/test/auto/arrayType16.xml (RunModel)" time="0.011" />
  <testcase classname="ptolemy.util.test.junit.AutoTests" name="[413] /home/travis/build/icyphy/ptII/ptolemy/actor/lib/test/auto/arrayType17.xml (RunModel)" time="0.012" />
  <testcase classname="ptolemy.util.test.junit.AutoTests" name="[414] /home/travis/build/icyphy/ptII/ptolemy/actor/lib/test/auto/arrayType18.xml (RunModel)" time="0.009" />
  <testcase classname="ptolemy.util.test.junit.AutoTests" name="[415] /home/travis/build/icyphy/ptII/ptolemy/actor/lib/test/auto/arrayType19.xml (RunModel)" time="0.01" />
  <testcase classname="ptolemy.util.test.junit.AutoTests" name="[416] /home/travis/build/icyphy/ptII/ptolemy/actor/lib/test/auto/arrayType2.xml (RunModel)" time="0.014" />
  <testcase classname="ptolemy.util.test.junit.AutoTests" name="[417] /home/travis/build/icyphy/ptII/ptolemy/actor/lib/test/auto/arrayType20.xml (RunModel)" time="0.01" />
  <testcase classname="ptolemy.util.test.junit.AutoTests" name="[418] /home/travis/build/icyphy/ptII/ptolemy/actor/lib/test/auto/arrayType21.xml (RunModel)" time="0.013" />
  <testcase classname="ptolemy.util.test.junit.AutoTests" name="[419] /home/travis/build/icyphy/ptII/ptolemy/actor/lib/test/auto/arrayType22.xml (RunModel)" time="0.009" />
  <testcase classname="ptolemy.util.test.junit.AutoTests" name="[420] /home/travis/build/icyphy/ptII/ptolemy/actor/lib/test/auto/arrayType23.xml (RunModel)" time="0.009" />
  <testcase classname="ptolemy.util.test.junit.AutoTests" name="[421] /home/travis/build/icyphy/ptII/ptolemy/actor/lib/test/auto/arrayType24.xml (RunModel)" time="0.01" />
  <testcase classname="ptolemy.util.test.junit.AutoTests" name="[422] /home/travis/build/icyphy/ptII/ptolemy/actor/lib/test/auto/arrayType25.xml (RunModel)" time="0.01" />
  <testcase classname="ptolemy.util.test.junit.AutoTests" name="[423] /home/travis/build/icyphy/ptII/ptolemy/actor/lib/test/auto/arrayType26.xml (RunModel)" time="0.011" />
  <testcase classname="ptolemy.util.test.junit.AutoTests" name="[424] /home/travis/build/icyphy/ptII/ptolemy/actor/lib/test/auto/arrayType27.xml (RunModel)" time="0.013" />
  <testcase classname="ptolemy.util.test.junit.AutoTests" name="[425] /home/travis/build/icyphy/ptII/ptolemy/actor/lib/test/auto/arrayType28.xml (RunModel)" time="0.01" />
  <testcase classname="ptolemy.util.test.junit.AutoTests" name="[426] /home/travis/build/icyphy/ptII/ptolemy/actor/lib/test/auto/arrayType3.xml (RunModel)" time="0.01" />
  <testcase classname="ptolemy.util.test.junit.AutoTests" name="[427] /home/travis/build/icyphy/ptII/ptolemy/actor/lib/test/auto/arrayType4.xml (RunModel)" time="0.01" />
  <testcase classname="ptolemy.util.test.junit.AutoTests" name="[428] /home/travis/build/icyphy/ptII/ptolemy/actor/lib/test/auto/arrayType5.xml (RunModel)" time="0.01" />
  <testcase classname="ptolemy.util.test.junit.AutoTests" name="[429] /home/travis/build/icyphy/ptII/ptolemy/actor/lib/test/auto/arrayType6.xml (RunModel)" time="0.009" />
  <testcase classname="ptolemy.util.test.junit.AutoTests" name="[430] /home/travis/build/icyphy/ptII/ptolemy/actor/lib/test/auto/arrayType7.xml (RunModel)" time="0.013" />
  <testcase classname="ptolemy.util.test.junit.AutoTests" name="[431] /home/travis/build/icyphy/ptII/ptolemy/actor/lib/test/auto/arrayType8.xml (RunModel)" time="0.025" />
  <testcase classname="ptolemy.util.test.junit.AutoTests" name="[432] /home/travis/build/icyphy/ptII/ptolemy/actor/lib/test/auto/arrayType9.xml (RunModel)" time="0.01" />
  <testcase classname="ptolemy.util.test.junit.AutoTests" name="[433] /home/travis/build/icyphy/ptII/ptolemy/actor/lib/test/auto/cast.xml (RunModel)" time="0.009" />
  <testcase classname="ptolemy.util.test.junit.AutoTests" name="[434] /home/travis/build/icyphy/ptII/ptolemy/actor/lib/test/auto/compositeMultiPort.xml (RunModel)" time="0.021" />
  <testcase classname="ptolemy.util.test.junit.AutoTests" name="[435] /home/travis/build/icyphy/ptII/ptolemy/actor/lib/test/auto/expressionCastInference.xml (RunModel)" time="0.009" />
  <testcase classname="ptolemy.util.test.junit.AutoTests" name="[436] /home/travis/build/icyphy/ptII/ptolemy/actor/lib/test/auto/expressionCastInference2.xml (RunModel)" time="0.012" />
  <testcase classname="ptolemy.util.test.junit.AutoTests" name="[437] /home/travis/build/icyphy/ptII/ptolemy/actor/lib/test/auto/expressionInference.xml (RunModel)" time="0.008" />
  <testcase classname="ptolemy.util.test.junit.AutoTests" name="[438] /home/travis/build/icyphy/ptII/ptolemy/actor/lib/test/auto/expression_bug.xml (RunModel)" time="0.01" />
  <testcase classname="ptolemy.util.test.junit.AutoTests" name="[439] /home/travis/build/icyphy/ptII/ptolemy/actor/lib/test/auto/factorial.xml (RunModel)" time="0.088" />
  <testcase classname="ptolemy.util.test.junit.AutoTests" name="[440] /home/travis/build/icyphy/ptII/ptolemy/actor/lib/test/auto/filterTest1.xml (RunModel)" time="0.017" />
  <testcase classname="ptolemy.util.test.junit.AutoTests" name="[441] /home/travis/build/icyphy/ptII/ptolemy/actor/lib/test/auto/funcApplyInConst.xml (RunModel)" time="0.007" />
  <testcase classname="ptolemy.util.test.junit.AutoTests" name="[442] /home/travis/build/icyphy/ptII/ptolemy/actor/lib/test/auto/funcApplyInExpr.xml (RunModel)" time="0.007" />
  <testcase classname="ptolemy.util.test.junit.AutoTests" name="[443] /home/travis/build/icyphy/ptII/ptolemy/actor/lib/test/auto/function.xml (RunModel)" time="0.012" />
  <testcase classname="ptolemy.util.test.junit.AutoTests" name="[444] /home/travis/build/icyphy/ptII/ptolemy/actor/lib/test/auto/function2.xml (RunModel)" time="0.011" />
  <testcase classname="ptolemy.util.test.junit.AutoTests" name="[445] /home/travis/build/icyphy/ptII/ptolemy/actor/lib/test/auto/function3.xml (RunModel)" time="0.009" />
  <testcase classname="ptolemy.util.test.junit.AutoTests" name="[446] /home/travis/build/icyphy/ptII/ptolemy/actor/lib/test/auto/functionClosureTest1.xml (RunModel)" time="0.013" />
  <testcase classname="ptolemy.util.test.junit.AutoTests" name="[447] /home/travis/build/icyphy/ptII/ptolemy/actor/lib/test/auto/functionClosureTest2.xml (RunModel)" time="0.008" />
  <testcase classname="ptolemy.util.test.junit.AutoTests" name="[448] /home/travis/build/icyphy/ptII/ptolemy/actor/lib/test/auto/functionClosureTest3.xml (RunModel)" time="0.01" />
  <testcase classname="ptolemy.util.test.junit.AutoTests" name="[449] /home/travis/build/icyphy/ptII/ptolemy/actor/lib/test/auto/functionClosureTest4.xml (RunModel)" time="0.017" />
  <testcase classname="ptolemy.util.test.junit.AutoTests" name="[450] /home/travis/build/icyphy/ptII/ptolemy/actor/lib/test/auto/functionClosureTest5.xml (RunModel)" time="0.018" />
  <testcase classname="ptolemy.util.test.junit.AutoTests" name="[451] /home/travis/build/icyphy/ptII/ptolemy/actor/lib/test/auto/functionClosureTest6.xml (RunModel)" time="0.012" />
  <testcase classname="ptolemy.util.test.junit.AutoTests" name="[452] /home/travis/build/icyphy/ptII/ptolemy/actor/lib/test/auto/functionsOnArcs.xml (RunModel)" time="0.011" />
  <testcase classname="ptolemy.util.test.junit.AutoTests" name="[453] /home/travis/build/icyphy/ptII/ptolemy/actor/lib/test/auto/functionsOnArcsHOF.xml (RunModel)" time="0.014" />
  <testcase classname="ptolemy.util.test.junit.AutoTests" name="[454] /home/travis/build/icyphy/ptII/ptolemy/actor/lib/test/auto/logic.xml (RunModel)" time="0.019" />
  <testcase classname="ptolemy.util.test.junit.AutoTests" name="[455] /home/travis/build/icyphy/ptII/ptolemy/actor/lib/test/auto/matrixType.xml (RunModel)" time="0.01" />
  <testcase classname="ptolemy.util.test.junit.AutoTests" name="[456] /home/travis/build/icyphy/ptII/ptolemy/actor/lib/test/auto/matrixType10.xml (RunModel)" time="0.01" />
  <testcase classname="ptolemy.util.test.junit.AutoTests" name="[457] /home/travis/build/icyphy/ptII/ptolemy/actor/lib/test/auto/matrixType11.xml (RunModel)" time="0.011" />
  <testcase classname="ptolemy.util.test.junit.AutoTests" name="[458] /home/travis/build/icyphy/ptII/ptolemy/actor/lib/test/auto/matrixType12.xml (RunModel)" time="0.013" />
  <testcase classname="ptolemy.util.test.junit.AutoTests" name="[459] /home/travis/build/icyphy/ptII/ptolemy/actor/lib/test/auto/matrixType13.xml (RunModel)" time="0.01" />
  <testcase classname="ptolemy.util.test.junit.AutoTests" name="[460] /home/travis/build/icyphy/ptII/ptolemy/actor/lib/test/auto/matrixType14.xml (RunModel)" time="0.011" />
  <testcase classname="ptolemy.util.test.junit.AutoTests" name="[461] /home/travis/build/icyphy/ptII/ptolemy/actor/lib/test/auto/matrixType2.xml (RunModel)" time="0.01" />
  <testcase classname="ptolemy.util.test.junit.AutoTests" name="[462] /home/travis/build/icyphy/ptII/ptolemy/actor/lib/test/auto/matrixType3.xml (RunModel)" time="0.012" />
  <testcase classname="ptolemy.util.test.junit.AutoTests" name="[463] /home/travis/build/icyphy/ptII/ptolemy/actor/lib/test/auto/matrixType4.xml (RunModel)" time="0.009" />
  <testcase classname="ptolemy.util.test.junit.AutoTests" name="[464] /home/travis/build/icyphy/ptII/ptolemy/actor/lib/test/auto/matrixType5.xml (RunModel)" time="0.01" />
  <testcase classname="ptolemy.util.test.junit.AutoTests" name="[465] /home/travis/build/icyphy/ptII/ptolemy/actor/lib/test/auto/matrixType6.xml (RunModel)" time="0.009" />
  <testcase classname="ptolemy.util.test.junit.AutoTests" name="[466] /home/travis/build/icyphy/ptII/ptolemy/actor/lib/test/auto/matrixType7.xml (RunModel)" time="0.009" />
  <testcase classname="ptolemy.util.test.junit.AutoTests" name="[467] /home/travis/build/icyphy/ptII/ptolemy/actor/lib/test/auto/matrixType8.xml (RunModel)" time="0.01" />
  <testcase classname="ptolemy.util.test.junit.AutoTests" name="[468] /home/travis/build/icyphy/ptII/ptolemy/actor/lib/test/auto/matrixType9.xml (RunModel)" time="0.009" />
  <testcase classname="ptolemy.util.test.junit.AutoTests" name="[469] /home/travis/build/icyphy/ptII/ptolemy/actor/lib/test/auto/paraFunctest.xml (RunModel)" time="0.007" />
  <testcase classname="ptolemy.util.test.junit.AutoTests" name="[470] /home/travis/build/icyphy/ptII/ptolemy/actor/lib/test/auto/paraFunctest2.xml (RunModel)" time="0.015" />
  <testcase classname="ptolemy.util.test.junit.AutoTests" name="[471] /home/travis/build/icyphy/ptII/ptolemy/actor/lib/test/auto/parameterPassing.xml (RunModel)" time="0.009" />
  <testcase classname="ptolemy.util.test.junit.AutoTests" name="[472] /home/travis/build/icyphy/ptII/ptolemy/actor/lib/test/auto/record.xml (RunModel)" time="0.011" />
  <testcase classname="ptolemy.util.test.junit.AutoTests" name="[473] /home/travis/build/icyphy/ptII/ptolemy/actor/lib/test/auto/sizedarray1.xml (RunModel)" time="0.01" />
  <testcase classname="ptolemy.util.test.junit.AutoTests" name="[474] /home/travis/build/icyphy/ptII/ptolemy/actor/lib/test/auto/sizedarray2.xml (RunModel)" time="0.012" />
  <testcase classname="ptolemy.util.test.junit.AutoTests" name="[475] /home/travis/build/icyphy/ptII/ptolemy/actor/lib/test/auto/twoPublishers.xml (RunModel)" time="0.022" />
  <system-out><![CDATA[/home/travis/build/icyphy/ptII/ptolemy/actor/lib/test/AbsoluteValue.tcl
testDefs.tcl: setting time out to 9000 seconds at Sat Aug 25 01:57:16 UTC 2018
74 ms. Memory: 116224K Free: 106797K (92%)
4 ms. Memory: 116224K Free: 105578K (91%)
4 ms. Memory: 116224K Free: 104976K (90%)
4 ms. Memory: 116224K Free: 103766K (89%)
/home/travis/build/icyphy/ptII/ptolemy/actor/lib/test/AddSubtract.tcl
9 ms. Memory: 116224K Free: 101946K (88%)
6 ms. Memory: 116224K Free: 101329K (87%)
6 ms. Memory: 116224K Free: 100110K (86%)
6 ms. Memory: 116224K Free: 99509K (86%)
6 ms. Memory: 116224K Free: 98891K (85%)
5 ms. Memory: 116224K Free: 98290K (85%)
/home/travis/build/icyphy/ptII/ptolemy/actor/lib/test/Average.tcl
7 ms. Memory: 116224K Free: 96438K (83%)
6 ms. Memory: 116224K Free: 95235K (82%)
/home/travis/build/icyphy/ptII/ptolemy/actor/lib/test/Bernoulli.tcl
9 ms. Memory: 116224K Free: 93407K (80%)
2 ms. Memory: 116224K Free: 92790K (80%)
/home/travis/build/icyphy/ptII/ptolemy/actor/lib/test/Clock.tcl
preinitializing
resolving types
initializing
executing number 1
wrapping up
idle
11 ms. Memory: 116224K Free: 90938K (78%)
Completed execution with 5 iterations
preinitializing
resolving types
initializing
executing number 1
wrapping up
idle
6 ms. Memory: 116224K Free: 89736K (77%)
Completed execution with 5 iterations
preinitializing
resolving types
initializing
executing number 1
wrapping up
idle
4 ms. Memory: 116224K Free: 89134K (77%)
Completed execution with 5 iterations
/home/travis/build/icyphy/ptII/ptolemy/actor/lib/test/Commutator.tcl
6 ms. Memory: 116224K Free: 87290K (75%)
9 ms. Memory: 116224K Free: 86087K (74%)
9 ms. Memory: 116224K Free: 81806K (70%)
/home/travis/build/icyphy/ptII/ptolemy/actor/lib/test/Const.tcl
5 ms. Memory: 116224K Free: 110242K (95%)
2 ms. Memory: 116224K Free: 109636K (94%)
4 ms. Memory: 116224K Free: 109030K (94%)
2 ms. Memory: 116224K Free: 108416K (93%)
1 ms. Memory: 116224K Free: 107787K (93%)
12 ms. Memory: 116224K Free: 105729K (91%)
4 ms. Memory: 116224K Free: 105083K (90%)
3 ms. Memory: 116224K Free: 103855K (89%)
/home/travis/build/icyphy/ptII/ptolemy/actor/lib/test/CurrentTime.tcl
preinitializing
resolving types
initializing
executing number 1
wrapping up
idle
17 ms. Memory: 116224K Free: 101399K (87%)
Completed execution with 11 iterations
/home/travis/build/icyphy/ptII/ptolemy/actor/lib/test/DB.tcl
4 ms. Memory: 116224K Free: 99573K (86%)
1 ms. Memory: 116224K Free: 98951K (85%)
1 ms. Memory: 116224K Free: 98951K (85%)
/home/travis/build/icyphy/ptII/ptolemy/actor/lib/test/DiscreteRandomSource.tcl
preinitializing
resolving types
initializing
executing number 1
wrapping up
idle
4 ms. Memory: 116224K Free: 97126K (84%)
Completed execution with 4 iterations
preinitializing
resolving types
initializing
executing number 1
wrapping up
idle
2 ms. Memory: 116224K Free: 96520K (83%)
Completed execution with 4 iterations
preinitializing
resolving types
initializing
executing number 1
wrapping up
idle
3 ms. Memory: 116224K Free: 96520K (83%)
Completed execution with 4 iterations
preinitializing
resolving types
initializing
executing number 1
wrapping up
idle
4 ms. Memory: 116224K Free: 95914K (83%)
Completed execution with 4 iterations
preinitializing
resolving types
initializing
executing number 1
wrapping up
idle
9 ms. Memory: 116224K Free: 95308K (82%)
Completed execution with 4 iterations
/home/travis/build/icyphy/ptII/ptolemy/actor/lib/test/Distributor.tcl
4 ms. Memory: 116224K Free: 93410K (80%)
10 ms. Memory: 116224K Free: 92804K (80%)
StreamChangeRequest.changeExecuted(): <deleteEntity name="rec2"/> succeeded
StreamChangeRequest.changeExecuted(): <deleteRelation name="r2"/> succeeded
StreamChangeRequest.changeExecuted(): Record firings per iteration succeeded
10 ms. Memory: 116224K Free: 90333K (78%)
/home/travis/build/icyphy/ptII/ptolemy/actor/lib/test/Exit.tcl
Exit.tcl: this will print a message about Manager.exitAfterWrapup, which can be ignored.
3 ms. Memory: 116224K Free: 87247K (75%)
/home/travis/build/icyphy/ptII/ptolemy/actor/lib/test/Expression.tcl
6 ms. Memory: 116224K Free: 84766K (73%)
3 ms. Memory: 116224K Free: 84144K (72%)
2 ms. Memory: 116224K Free: 83538K (72%)
preinitializing
resolving types
initializing
executing number 1
wrapping up
idle
7 ms. Memory: 116224K Free: 81689K (70%)
Completed execution with 6 iterations
14 ms. Memory: 116224K Free: 110730K (95%)
4 ms. Memory: 116224K Free: 110008K (95%)
5 ms. Memory: 116224K Free: 108809K (94%)
4 ms. Memory: 116224K Free: 107610K (93%)
4 ms. Memory: 116224K Free: 106411K (92%)
/home/travis/build/icyphy/ptII/ptolemy/actor/lib/test/Gaussian.tcl
4 ms. Memory: 116224K Free: 104636K (90%)
sleeping 1 seconds: ......................................................................................................................................................................................................................................................................................................................................................................................................................................................................................................................................................................................................................................................................................................................................................................................................................................................................................................................................................................................................................................................................................................................................................................................................................................................................................................................................................................................................................................................................................................................................................................................................................................................................................................................................................................................................................................................................................................................................................................................................................................................................................................................................................................................................................................................................................................................................................................................................................................................................................................................................................................................................................................................................................................................................................................................................................................................................................................................................................................................................................................................................................................................................................................................................................................................................................................................................................................................................................................................................................................................................................................................................................................................................................................................................................................................................................................................................................................................................................................................................................................................................................................................................................................................................................................................................................................................................................................................................................................................................................................................................................................................................................................................................................................................................................................................................................................................................................................................................................................................................................................................................................................................................................................................................................................................................................................................................................................................................................................................................................................................................................................................................................................................................................................................................................................................................................................................................................................................................................................................................................................................................................................................................................................................................................................................................................................................................................................................................................................................................................................................................................................................................................................................................................................................................................................................................................................................................................................................................................................................................................................................................................................................................................................................................................................................................................................................................................................................................................................................................................................................................................................................................................................................................................................................................................................................................................................................................................................................................................................................................................................................................................................................................................................................................................................................................................................................................................................................................................................................................................................................................................................................................................................................................................................................................................................................................................................................................................................................................................................................................................................................................................................................................................................................................................................................................................................................................................................................................................................................................................................................................................................................................................................................................................................................................................................................................................................................................................................................................................................................................................................................................................................................................................................................................................................................................................................................................................................................................................................................................................................................................................................................................................................................................................................................................................................................................................................................................................................................................................................................................................................................................................................................................................................................................................................................................................................................................................................................................................................................................................................................................................................................................................................................................................................................................................................................................................................................................................................................................................................................................................................................................................................................................................................................................................................................................................................................................................................................................................................................................................................................................................................................................................................................................................................................................................................................................................................................................................................................................................................................................................................................................................................................................................................................................................................................................................................................................................................................................................................................................................................................................................................................................................................................................................................................................................................................................................................................................................................................................................................................................................................................................................................................................................................................................................................................................................................................................................................................................................................................................................................................................................................................................................................................................................................................................................................................................................................................................................................................................................................................................................................................................................................................................................................................................................................................................................................................................................................................................................................................................................................................................................................................................................................................................................................................................................................................................................................................................................................................................................................................................................................................................................................................................................................................................................................................................................................................................................................................................................................................................................................................................................................................................................................................................................................................................................................................................................................................................................................................................................................................................................................................................................................................................................................................................................................................................................................................................................................................................................................................................................................................................................................................................................................................................................................................................................................................................................................................................................................................................................................................................................................................................................................................................................................................................................................................................................................................................................................................................................................................................................................................................................................................................................................................................................................................................................................................................................................................................................................................................................................................................................................................................................................................................................................................................................................................................................................................................................................................................................................................................................................................................................................................................................................................................................................................................................................................................................................................................................................................................................................................................................................................................................................................................................................................................................................................................................................................................................................................................................................................................................................................................................................................................................................................................................................................................................................................................................................................................................................................................................................................................................................................................................................................................................................................................................................................................................................................................................................................................................................................................................................................................................................................................................................................................................................................................................................................................................................................................................................................................................................................................................................................................................................................................................................................................................................................................................................................................................................................................................................................................................................................................................................................................................................................................................................................................................................................................................................................................................................................................................................................................................................................................................................................................................................................................................................................................................................................................................................................................................................................................................................................................................................................................................................................................................................................................................................................................................................................................................................................................................................................................................................................................................................................................................................................................................................................................................................................................................................................................................................................................................................................................................................................................................................................................................................................................................................................................................................................................................................................................................................................................................................................................................................................................................................................................................................................................................................................................................................................................................................................................................................................................................................................................................................................................................................................................................................................................................................................................................................................................................................................................................................................................................................................................................................................................................................................................................................................................................................................................................................................................................................................................................................................................................................................................................................................................................................................................................................................................................................................................................................................................................................................................................................................................................................................................................................................................................................................................................................................................................................................................................................................................................................................................................................................................................................................................................................................................................................................................................................................................................................................................................................................................................................................................................................................................................................................................................................................................................................................................................................................................................................................................................................................................................................................................................................................................................................................................................................................................................................................................................................................................................................................................................................................................................................................................................................................................................................................................................................................................................................................................................................................................................................................................................................................................................................................................................................................................................................................................................................................................................................................................................................................................................................................................................................................................................................................................................................................................................................................................................................................................................................................................................................................................................................................................................................................................................................................................................................................................................................................................................................................................................................................................................................................................................................................................................................................................................................................................................................................................................................................................................................................................................................................................................................................................................................................................................................................................................................................................................................................................................................................................................................................................................................................................................................................................................................................................................................................................................................................................................................................................................................................................................................................................................................................................................................................................................................................................................................................................................................................................................................................................................................................................................................................................................................................................................................................................................................................................................................................................................................................................................................................................................................................................................................................................................................................................................................................................................................................................................................................................................................................................................................................................................................................................................................................................................................................................................................................................................................................................................................................................................................................................................................................................................................................................................................................................................................................................................................................................................................................................................................................................................................................................................................................................................................................................................................................................................................................................................................................................................................................................................................................................................................................................................................................................................................................................................................................................................................................................................................................................................................................................................................................................................................................................................................................................................................................................................................................................................................................................................................................................................................................................................................................................................................................................................................................................................................................................................................................................................................................................................................................................................................................................................................................................................................................................................................................................................................................................................................................................................................................................................................................................................................................................................................................................................................................................................................................................................................................................................................................................................................................................................................................................................................................................................................................................................................................................................................................................................................................................................................................................................................................................................................................................................................................................................................................................................................................................................................................................................................................................................................................................................................................................................................................................................................................................................................................................................................................................................................................................................................................................................................................................................................................................................................................................................................................................................................................................................................................................................................................................................................................................................................................................................................................................................................................................................................................................................................................................................................................................................................................................................................................................................................................................................................................................................................................................................................................................................................................................................................................................................................................................................................................................................................................................................................................................................................................................................................................................................................................................................................................................................................................................................................................................................................................................................................................................................................................................................................................................................................................................................................................................................................................................................................................................................................................................................................................................................................................................................................................................................................................................................................................................................................................................................................................................................................................................................................................................................................................................................................................................................................................................................................................................................................................................................................................................................................................................................................................................................................................................................................................................................................................................................................................................................................................................................................................................................................................................................................................................................................................................................................................................................................................................................................................................................................................................................................................................................................................................................................................................................................................................................................................................................................................................................................................................................................................................................................................................................................................................................................................................................................................................................................................................................................................................................................................................................................................................................................................................................................................................................................................................................................................................................................................................................................................................................................................................................................................................................................................................................................................................................................................................................................................................................................................................................................................................................................................................................................................................................................................................................................................................................................................................................................................................................................................................................................................................................................................................................................................................................................................................................................................................................................................................................................................................................................................................................................................................................................................................................................................................................................................................................................................................................................................................................................................................................................................................................................................................................................................................................................................................................................................................................................................................................................................................................................................................................................................................................................................................................................................................................................................................................................................................................................................................................................................................................................................................................................................................................................................................................................................................................................................................................................................................................................................................................................................................................................................................................................................................................................................................................................................................................................................................................................................................................................................................................................................................................................................................................................................................................................................................................................................................................................................................................................................................................................................................................................................................................................................................................................................................................................................................................................................................................................................................................................................................................................................................................................................................................................................................................................................................................................................................................................................................................................................................................................................................................................................................................................................................................................................................................................................................................................................................................................................................................................................................................................................................................................................................................................................................................................................................................................................................................................................................................................................................................................................................................................................................................................................................................................................................................................................................................................................................................................................................................................................................................................................................................................................................................................................................................................................................................................................................................................................................................................................................................................................................................................................................................................................................................................................................................................................................................................................................................................................................................................................................................................................................................................................................................................................................................................................................................................................................................................................................................................................................................................................................................................................................................................................................................................................................................................................................................................................................................................................................................................................................................................................................................................................................................................................................................................................................................................................................................................................................................................................................................................................................................................................................................................................................................................................................................................................................................................................................................................................................................................................................................................................................................................................................................................................................................................................................................................................................................................................................................................................................................................................................................................................................................................................................................................................................................................................................................................................................................................................................................................................................................................................................................................................................................................................................................................................................................................................................................................................................................................................................................................................................................................................................................................................................................................................................................................................................................................................................................................................................................................................................................................................................................................................................................................................................................................................................................................................................................................................................................................................................................................................................................................................................................................................................................................................................................................................................................................................................................................................................................................................................................................................................................................................................................................................................................................................................................................................................................................................................................................................................................................................................................................................................................................................................................................................................................................................................................................................................................................................................................................................................................................................................................................................................................................................................................................................................................................................................................................................................................................................................................................................................................................................................................................................................................................................................................................................................................................................................................................................................................................................................................................................................................................................................................................................................................................................................................................................................................................................................................................................................................................................................................................................................................................................................................................................................................................................................................................................................................................................................................................................................................................................................................................................................................................................................................................................................................................................................................................................................................................................................................................................................................................................................................................................................................................................................................................................................................................................................................................................................................................................................................................................................................................................................................................................................................................................................................................................................................................................................................................................................................................................................................................................................................................................................................................................................................................................................................................................................................................................................................................................................................................................................................................................................................................................................................................................................................................................................................................................................................................................................................................................................................................................................................................................................................................................................................................................................................................................................................................................................................................................................................................................................................................................................................................................................................................................................................................2 ms. Memory: 208896K Free: 86718K (42%)
2 ms. Memory: 208896K Free: 86718K (42%)
2 ms. Memory: 208896K Free: 84280K (40%)
3 ms. Memory: 208896K Free: 84280K (40%)
2 ms. Memory: 208896K Free: 84280K (40%)
/home/travis/build/icyphy/ptII/ptolemy/actor/lib/test/IIR.tcl
/home/travis/build/icyphy/ptII/ptolemy/actor/lib/test/Interpolator.tcl
6 ms. Memory: 208896K Free: 80859K (39%)
2 ms. Memory: 208896K Free: 80859K (39%)
2 ms. Memory: 208896K Free: 200852K (96%)
1 ms. Memory: 208896K Free: 200852K (96%)
3 ms. Memory: 208896K Free: 200852K (96%)
3 ms. Memory: 208896K Free: 198395K (95%)
3 ms. Memory: 208896K Free: 198395K (95%)
2 ms. Memory: 208896K Free: 198395K (95%)
9 ms. Memory: 208896K Free: 195955K (94%)
6 ms. Memory: 208896K Free: 195955K (94%)
/home/travis/build/icyphy/ptII/ptolemy/actor/lib/test/MathFunction.tcl
7 ms. Memory: 208896K Free: 193515K (93%)
3 ms. Memory: 208896K Free: 193515K (93%)
2 ms. Memory: 208896K Free: 191075K (91%)
12 ms. Memory: 208896K Free: 191075K (91%)
12 ms. Memory: 208896K Free: 188634K (90%)
14 ms. Memory: 208896K Free: 186194K (89%)
/home/travis/build/icyphy/ptII/ptolemy/actor/lib/test/Maximum.tcl
8 ms. Memory: 208896K Free: 186194K (89%)
3 ms. Memory: 208896K Free: 183754K (88%)
2 ms. Memory: 208896K Free: 183754K (88%)
5 ms. Memory: 208896K Free: 183754K (88%)
/home/travis/build/icyphy/ptII/ptolemy/actor/lib/test/Minimum.tcl
4 ms. Memory: 208896K Free: 181314K (87%)
3 ms. Memory: 208896K Free: 181314K (87%)
2 ms. Memory: 208896K Free: 181314K (87%)
3 ms. Memory: 208896K Free: 178873K (86%)
/home/travis/build/icyphy/ptII/ptolemy/actor/lib/test/MultiplyDivide.tcl
9 ms. Memory: 208896K Free: 176433K (84%)
3 ms. Memory: 208896K Free: 176433K (84%)
2 ms. Memory: 208896K Free: 176433K (84%)
3 ms. Memory: 208896K Free: 176433K (84%)
2 ms. Memory: 208896K Free: 173993K (83%)
/home/travis/build/icyphy/ptII/ptolemy/actor/lib/test/OrderedMerge.tcl
Connections changed on port: inputA
Connections changed on port: inputB
Connections changed on port: output
Connections changed on port: output
Connections changed on port: output
Connections changed on port: input
.top. Preinitializing ...
Invoking preinitialize():  .top.OrderedMerge
Called preinitialize()
Invoking preinitialize():  .top.Ramp
Called preinitialize()
Invoking preinitialize():  .top.Ramp2
Called preinitialize()
Invoking preinitialize():  .top.Test
Called preinitialize()
Connections changed on port: inputA
Connections changed on port: output
Connections changed on port: inputB
Connections changed on port: output
Connections changed on port: output
Connections changed on port: input
.top. Finished preinitialize().
Called initialize().
Invoking initialize():  .top.OrderedMerge
Initializing actor: .top.OrderedMerge
Adding a thread: .top.OrderedMerge
Invoking initialize():  .top.Ramp
Initializing actor: .top.Ramp
Adding a thread: .top.Ramp
Invoking initialize():  .top.Ramp2
Initializing actor: .top.Ramp2
Adding a thread: .top.Ramp2
Invoking initialize():  .top.Test
Initializing actor: .top.Test
Adding a thread: .top.Test
-- Starting thread.
Called initialize()
Called prefire()
Called fire()
-- Starting thread.
Called initialize()
Called prefire()
Called fire()
Called postfire()
Called prefire()
Called fire()
-- Starting thread.
Called initialize()
Called prefire()
Called fire()
Called postfire()
Called prefire()
Called fire()
Called fire().
Checking for deadlock:
There are 3 Blocked actors, 0 Stopped actors, and 4 active threads.
Waiting for actors to stop.
-- Starting thread.
Called initialize()
Called prefire()
Called fire()
Checking for deadlock:
There are 2 Blocked actors, 0 Stopped actors, and 4 active threads.
Waiting for actors to stop.
Called postfire()
Called prefire()
Called fire()
Checking for deadlock:
There are 3 Blocked actors, 0 Stopped actors, and 4 active threads.
Waiting for actors to stop.
Read input token from inputA with value 0.0
Next port to read input from is inputB
Called postfire()
Called prefire()
Called fire()
Checking for deadlock:
There are 2 Blocked actors, 0 Stopped actors, and 4 active threads.
Waiting for actors to stop.
Called postfire()
Called prefire()
Called fire()
Checking for deadlock:
There are 3 Blocked actors, 0 Stopped actors, and 4 active threads.
Waiting for actors to stop.
Read input token from inputB with value 0.0
Checking for deadlock:
There are 2 Blocked actors, 0 Stopped actors, and 4 active threads.
Waiting for actors to stop.
-- Read input: 0.0, which is expected to match: 0.0
Called prefire()
Called fire()
Checking for deadlock:
There are 3 Blocked actors, 0 Stopped actors, and 4 active threads.
Waiting for actors to stop.
Sent output token with value 0.0
Next port to read input from is inputA
Called postfire()
Called prefire()
Called fire()
Checking for deadlock:
There are 2 Blocked actors, 0 Stopped actors, and 4 active threads.
Waiting for actors to stop.
Called postfire()
Called prefire()
Called fire()
Checking for deadlock:
There are 3 Blocked actors, 0 Stopped actors, and 4 active threads.
Waiting for actors to stop.
Read input token from inputA with value 1.0
Checking for deadlock:
There are 2 Blocked actors, 0 Stopped actors, and 4 active threads.
Waiting for actors to stop.
-- Read input: 0.0, which is expected to match: 0.0
Called prefire()
Called fire()
Checking for deadlock:
There are 3 Blocked actors, 0 Stopped actors, and 4 active threads.
Waiting for actors to stop.
Sent output token with value 0.0
Next port to read input from is inputB
Called postfire()
Called prefire()
Called fire()
Checking for deadlock:
There are 2 Blocked actors, 0 Stopped actors, and 4 active threads.
Waiting for actors to stop.
Called postfire()
Called prefire()
Called fire()
Checking for deadlock:
There are 3 Blocked actors, 0 Stopped actors, and 4 active threads.
Waiting for actors to stop.
Read input token from inputB with value 1.5
Checking for deadlock:
There are 2 Blocked actors, 0 Stopped actors, and 4 active threads.
Waiting for actors to stop.
-- Read input: 1.0, which is expected to match: 1.0
Called prefire()
Called fire()
Checking for deadlock:
There are 3 Blocked actors, 0 Stopped actors, and 4 active threads.
Waiting for actors to stop.
Sent output token with value 1.0
Next port to read input from is inputA
Called postfire()
Called prefire()
Called fire()
Checking for deadlock:
There are 2 Blocked actors, 0 Stopped actors, and 4 active threads.
Waiting for actors to stop.
Called postfire()
Called prefire()
Called fire()
Checking for deadlock:
There are 3 Blocked actors, 0 Stopped actors, and 4 active threads.
Waiting for actors to stop.
Read input token from inputA with value 2.0
Checking for deadlock:
There are 2 Blocked actors, 0 Stopped actors, and 4 active threads.
Waiting for actors to stop.
-- Read input: 1.5, which is expected to match: 1.5
Called prefire()
Called fire()
Checking for deadlock:
There are 3 Blocked actors, 0 Stopped actors, and 4 active threads.
Waiting for actors to stop.
Sent output token with value 1.5
Next port to read input from is inputB
Called postfire()
Called prefire()
Called fire()
Checking for deadlock:
There are 2 Blocked actors, 0 Stopped actors, and 4 active threads.
Waiting for actors to stop.
Called postfire()
Called prefire()
Called fire()
Checking for deadlock:
There are 3 Blocked actors, 0 Stopped actors, and 4 active threads.
Waiting for actors to stop.
Read input token from inputB with value 3.0
Checking for deadlock:
There are 2 Blocked actors, 0 Stopped actors, and 4 active threads.
Waiting for actors to stop.
-- Read input: 2.0, which is expected to match: 2.0
Called prefire()
Called fire()
Checking for deadlock:
There are 3 Blocked actors, 0 Stopped actors, and 4 active threads.
Waiting for actors to stop.
Sent output token with value 2.0
Next port to read input from is inputA
Called postfire()
Called prefire()
Called fire()
Checking for deadlock:
There are 2 Blocked actors, 0 Stopped actors, and 4 active threads.
Waiting for actors to stop.
Called postfire()
Called prefire()
Called fire()
Checking for deadlock:
There are 3 Blocked actors, 0 Stopped actors, and 4 active threads.
Waiting for actors to stop.
Read input token from inputA with value 3.0
Checking for deadlock:
There are 2 Blocked actors, 0 Stopped actors, and 4 active threads.
Waiting for actors to stop.
-- Read input: 3.0, which is expected to match: 3.0
Called prefire()
Called fire()
Checking for deadlock:
There are 3 Blocked actors, 0 Stopped actors, and 4 active threads.
Waiting for actors to stop.
Sent output token with value 3.0
Next port to read input from is inputB
Called postfire()
Called prefire()
Called fire()
Checking for deadlock:
There are 2 Blocked actors, 0 Stopped actors, and 4 active threads.
Waiting for actors to stop.
Called postfire()
Called prefire()
Called fire()
Checking for deadlock:
There are 3 Blocked actors, 0 Stopped actors, and 4 active threads.
Waiting for actors to stop.
Read input token from inputB with value 4.5
Checking for deadlock:
There are 2 Blocked actors, 0 Stopped actors, and 4 active threads.
Waiting for actors to stop.
-- Read input: 3.0, which is expected to match: 3.0
Called prefire()
Called fire()
Checking for deadlock:
There are 3 Blocked actors, 0 Stopped actors, and 4 active threads.
Waiting for actors to stop.
Sent output token with value 3.0
Next port to read input from is inputA
Called postfire()
Called prefire()
Called fire()
Checking for deadlock:
There are 2 Blocked actors, 0 Stopped actors, and 4 active threads.
Waiting for actors to stop.
Called postfire()
Called prefire()
Called fire()
Checking for deadlock:
There are 3 Blocked actors, 0 Stopped actors, and 4 active threads.
Waiting for actors to stop.
Read input token from inputA with value 4.0
Checking for deadlock:
There are 2 Blocked actors, 0 Stopped actors, and 4 active threads.
Waiting for actors to stop.
-- Read input: 4.0, which is expected to match: 4.0
Called prefire()
Called fire()
Past the end of training data. Read and discard all inputs.
Checking for deadlock:
There are 3 Blocked actors, 0 Stopped actors, and 4 active threads.
Waiting for actors to stop.
Sent output token with value 4.0
Next port to read input from is inputA
Called postfire()
Called prefire()
Called fire()
Checking for deadlock:
There are 2 Blocked actors, 0 Stopped actors, and 4 active threads.
Waiting for actors to stop.
Called postfire()
Called prefire()
Called fire()
Checking for deadlock:
There are 3 Blocked actors, 0 Stopped actors, and 4 active threads.
Waiting for actors to stop.
Read input token from inputA with value 5.0
Checking for deadlock:
There are 2 Blocked actors, 0 Stopped actors, and 4 active threads.
Waiting for actors to stop.
Called prefire()
Called fire()
Past the end of training data. Read and discard all inputs.
Checking for deadlock:
There are 3 Blocked actors, 0 Stopped actors, and 4 active threads.
Waiting for actors to stop.
Sent output token with value 4.5
Next port to read input from is inputB
Called postfire()
Called prefire()
Called fire()
Checking for deadlock:
There are 2 Blocked actors, 0 Stopped actors, and 4 active threads.
Waiting for actors to stop.
Called postfire()
Called prefire()
Called fire()
Checking for deadlock:
There are 3 Blocked actors, 0 Stopped actors, and 4 active threads.
Waiting for actors to stop.
Read input token from inputB with value 6.0
Checking for deadlock:
There are 2 Blocked actors, 0 Stopped actors, and 4 active threads.
Waiting for actors to stop.
Called prefire()
Called fire()
Past the end of training data. Read and discard all inputs.
Checking for deadlock:
There are 3 Blocked actors, 0 Stopped actors, and 4 active threads.
Waiting for actors to stop.
Sent output token with value 5.0
Next port to read input from is inputA
Called postfire()
Called prefire()
Called fire()
Checking for deadlock:
There are 2 Blocked actors, 0 Stopped actors, and 4 active threads.
Waiting for actors to stop.
Called postfire()
Called prefire()
Called fire()
Checking for deadlock:
There are 3 Blocked actors, 0 Stopped actors, and 4 active threads.
Waiting for actors to stop.
Read input token from inputA with value 6.0
Checking for deadlock:
There are 2 Blocked actors, 0 Stopped actors, and 4 active threads.
Waiting for actors to stop.
Called prefire()
Called fire()
Past the end of training data. Read and discard all inputs.
Checking for deadlock:
There are 3 Blocked actors, 0 Stopped actors, and 4 active threads.
Waiting for actors to stop.
Sent output token with value 6.0
Next port to read input from is inputB
Called postfire()
Called prefire()
Called fire()
Checking for deadlock:
There are 2 Blocked actors, 0 Stopped actors, and 4 active threads.
Waiting for actors to stop.
Called postfire()
Called prefire()
Called fire()
Checking for deadlock:
There are 3 Blocked actors, 0 Stopped actors, and 4 active threads.
Waiting for actors to stop.
Read input token from inputB with value 7.5
Checking for deadlock:
There are 2 Blocked actors, 0 Stopped actors, and 4 active threads.
Waiting for actors to stop.
Called prefire()
Called fire()
Past the end of training data. Read and discard all inputs.
Checking for deadlock:
There are 3 Blocked actors, 0 Stopped actors, and 4 active threads.
Waiting for actors to stop.
Sent output token with value 6.0
Next port to read input from is inputA
Called postfire()
Called prefire()
Called fire()
Checking for deadlock:
There are 2 Blocked actors, 0 Stopped actors, and 4 active threads.
Waiting for actors to stop.
Called postfire()
Called prefire()
Called fire()
Checking for deadlock:
There are 3 Blocked actors, 0 Stopped actors, and 4 active threads.
Waiting for actors to stop.
Read input token from inputA with value 7.0
Checking for deadlock:
There are 2 Blocked actors, 0 Stopped actors, and 4 active threads.
Waiting for actors to stop.
Called prefire()
Called fire()
Past the end of training data. Read and discard all inputs.
Checking for deadlock:
There are 3 Blocked actors, 0 Stopped actors, and 4 active threads.
Waiting for actors to stop.
Sent output token with value 7.0
Next port to read input from is inputA
Called postfire()
Called prefire()
Called fire()
Checking for deadlock:
There are 2 Blocked actors, 0 Stopped actors, and 4 active threads.
Waiting for actors to stop.
Read input token from inputA with value 8.0
-- Thread wrapup() called.
Sent output token with value 7.5
Called wrapup()
Next port to read input from is inputB
Called postfire()
Thread .top.Ramp is exiting.
Called prefire()
-- Thread stopped.
Called fire()
Read input token from inputB with value 9.0
Called postfire()
Called prefire()
Called fire()
Called prefire()
Called fire()
Past the end of training data. Read and discard all inputs.
Checking for deadlock:
There are 2 Blocked actors, 0 Stopped actors, and 3 active threads.
Waiting for actors to stop.
Checking for deadlock:
There are 1 Blocked actors, 0 Stopped actors, and 3 active threads.
Waiting for actors to stop.
Sent output token with value 8.0
Called prefire()
Called fire()
Past the end of training data. Read and discard all inputs.
Next port to read input from is inputA
Called postfire()
Called prefire()
Called fire()
Checking for deadlock:
There are 2 Blocked actors, 0 Stopped actors, and 3 active threads.
Waiting for actors to stop.
Read input token from inputA with value 9.0
Checking for deadlock:
There are 1 Blocked actors, 0 Stopped actors, and 3 active threads.
Sent output token with value 9.0
Waiting for actors to stop.
Next port to read input from is inputB
Called postfire()
Called prefire()
Called fire()
Called prefire()
Called fire()
Past the end of training data. Read and discard all inputs.
Read input token from inputB with value 10.5
Called postfire()
Called prefire()
Called fire()
Sent output token with value 9.0
Checking for deadlock:
There are 1 Blocked actors, 0 Stopped actors, and 3 active threads.
Waiting for actors to stop.
Next port to read input from is inputA
Called postfire()
Called prefire()
Called prefire()
Called fire()
Called fire()
Past the end of training data. Read and discard all inputs.
Checking for deadlock:
There are 2 Blocked actors, 0 Stopped actors, and 3 active threads.
Waiting for actors to stop.
Checking for deadlock:
There are 3 Blocked actors, 0 Stopped actors, and 3 active threads.
Actors have stopped.
Checking for deadlock:
There are 3 Blocked actors, 0 Stopped actors, and 3 active threads.
Deadlock detected.
Resolving Deadlock
Checking for deadlock:
There are 3 Blocked actors, 0 Stopped actors, and 3 active threads.
Artificial Deadlock - increasing queue capacity.
increasing the capacity of receiver ptolemy.actor.TypedIOPort {.top.OrderedMerge.inputB} to 2
Director: Called postfire().
Called postfire().
-- Thread wrapup() called.
Called wrapup()
_stopRequested = false
_stopFireRequested = false
Returning from postfire(): true
Thread .top.Ramp2 is exiting.
-- Thread stopped.
Called fire().
Checking for deadlock:
There are 2 Blocked actors, 0 Stopped actors, and 2 active threads.
Actors have stopped.
Checking for deadlock:
There are 2 Blocked actors, 0 Stopped actors, and 2 active threads.
Deadlock detected.
Resolving Deadlock
Checking for deadlock:
There are 2 Blocked actors, 0 Stopped actors, and 2 active threads.
Deadlock detected: no processes blocked on write, but some are blocked on read.
Called postfire().
_stopRequested = false
_stopFireRequested = false
Returning from postfire(): false
Finished deactivating branches.
Called wrapup().
-- Thread wrapup() called.
-- Thread wrapup() called.
Called wrapup()
Called wrapup()
Thread .top.OrderedMerge is exiting.
-- Thread stopped.
-- Blocked Receiver call threw TerminateProcessException.
Thread .top.Test is exiting.
-- Thread stopped.
-- Blocked Receiver call threw TerminateProcessException.
30 ms. Memory: 208896K Free: 166637K (80%)
.top. Preinitializing ...
Invoking preinitialize():  .top.OrderedMerge
Called preinitialize()
Invoking preinitialize():  .top.Ramp
Called preinitialize()
Invoking preinitialize():  .top.Ramp2
Called preinitialize()
Invoking preinitialize():  .top.Test
Called preinitialize()
.top. Finished preinitialize().
Called initialize().
Invoking initialize():  .top.OrderedMerge
Initializing actor: .top.OrderedMerge
Adding a thread: .top.OrderedMerge
Invoking initialize():  .top.Ramp
Initializing actor: .top.Ramp
Adding a thread: .top.Ramp
Invoking initialize():  .top.Ramp2
Initializing actor: .top.Ramp2
Adding a thread: .top.Ramp2
Invoking initialize():  .top.Test
Initializing actor: .top.Test
Adding a thread: .top.Test
-- Starting thread.
Called initialize()
Called prefire()
Called fire()
-- Starting thread.
Called initialize()
Called prefire()
Called fire()
Called postfire()
Called prefire()
Called fire()
-- Starting thread.
Called initialize()
Called prefire()
Called fire()
Called postfire()
Called prefire()
Called fire()
Called fire().
Checking for deadlock:
There are 3 Blocked actors, 0 Stopped actors, and 4 active threads.
Waiting for actors to stop.
-- Starting thread.
Called initialize()
Called prefire()
Called fire()
Checking for deadlock:
There are 2 Blocked actors, 0 Stopped actors, and 4 active threads.
Waiting for actors to stop.
Read input token from inputA with value 0.0
Called postfire()
Called prefire()
Next port to read input from is inputB
Called fire()
Called postfire()
Called prefire()
Called fire()
Read input token from inputB with value 0.0
Checking for deadlock:
There are 2 Blocked actors, 0 Stopped actors, and 4 active threads.
Waiting for actors to stop.
Called postfire()
Called prefire()
Called fire()
Checking for deadlock:
There are 2 Blocked actors, 0 Stopped actors, and 4 active threads.
Waiting for actors to stop.
Sent output token with value 0.0
-- Read input: 0.0, which is expected to match: 0.0
Next port to read input from is inputA
Called postfire()
Called prefire()
Called fire()
Called prefire()
Called fire()
Checking for deadlock:
There are 3 Blocked actors, 0 Stopped actors, and 4 active threads.
Waiting for actors to stop.
Called postfire()
Called prefire()
Called fire()
Checking for deadlock:
There are 3 Blocked actors, 0 Stopped actors, and 4 active threads.
Waiting for actors to stop.
Read input token from inputA with value 1.0
Checking for deadlock:
Sent output token with value 0.0
There are 2 Blocked actors, 0 Stopped actors, and 4 active threads.
Waiting for actors to stop.
-- Read input: 0.0, which is expected to match: 0.0
Called prefire()
Called fire()
Checking for deadlock:
There are 3 Blocked actors, 0 Stopped actors, and 4 active threads.
Waiting for actors to stop.
Next port to read input from is inputB
Called postfire()
Called prefire()
Called fire()
Called postfire()
Called prefire()
Called fire()
Checking for deadlock:
There are 3 Blocked actors, 0 Stopped actors, and 4 active threads.
Waiting for actors to stop.
Read input token from inputB with value 1.5
Sent output token with value 1.0
Next port to read input from is inputA
Called postfire()
Called prefire()
Called fire()
-- Read input: 1.0, which is expected to match: 1.0
Read input token from inputA with value 2.0
Called prefire()
Called fire()
Sent output token with value 1.5
-- Read input: 1.5, which is expected to match: 1.5
Called prefire()
Called fire()
Checking for deadlock:
There are 2 Blocked actors, 0 Stopped actors, and 4 active threads.
Waiting for actors to stop.
Called postfire()
Called prefire()
Called fire()
Checking for deadlock:
There are 3 Blocked actors, 0 Stopped actors, and 4 active threads.
Waiting for actors to stop.
Next port to read input from is inputB
Called postfire()
Called prefire()
Called fire()
Read input token from inputB with value 3.0
Checking for deadlock:
There are 2 Blocked actors, 0 Stopped actors, and 4 active threads.
Waiting for actors to stop.
Called postfire()
Called prefire()
Called fire()
Checking for deadlock:
There are 2 Blocked actors, 0 Stopped actors, and 4 active threads.
Waiting for actors to stop.
Sent output token with value 2.0
-- Read input: 2.0, which is expected to match: 2.0
Next port to read input from is inputA
Called postfire()
Called prefire()
Called fire()
Called prefire()
Called fire()
Checking for deadlock:
There are 2 Blocked actors, 0 Stopped actors, and 4 active threads.
Waiting for actors to stop.
Called postfire()
Called prefire()
Called fire()
Read input token from inputA with value 3.0
Sent output token with value 3.0
-- Read input: 3.0, which is expected to match: 3.0
Next port to read input from is inputB
Called postfire()
Called prefire()
Called prefire()
Called fire()
Checking for deadlock:
Called fire()
There are 2 Blocked actors, 0 Stopped actors, and 4 active threads.
Waiting for actors to stop.
Called postfire()
Called prefire()
Called fire()
Checking for deadlock:
There are 3 Blocked actors, 0 Stopped actors, and 4 active threads.
Waiting for actors to stop.
Read input token from inputB with value 4.5
Sent output token with value 3.0
Checking for deadlock:
There are 2 Blocked actors, 0 Stopped actors, and 4 active threads.
Waiting for actors to stop.
Next port to read input from is inputA
Called postfire()
Called prefire()
Called fire()
-- Read input: 3.0, which is expected to match: 3.0
Called prefire()
Called fire()
Checking for deadlock:
There are 3 Blocked actors, 0 Stopped actors, and 4 active threads.
Waiting for actors to stop.
Checking for deadlock:
There are 2 Blocked actors, 0 Stopped actors, and 4 active threads.
Called postfire()
Called prefire()
Waiting for actors to stop.
Called fire()
Checking for deadlock:
There are 3 Blocked actors, 0 Stopped actors, and 4 active threads.
Waiting for actors to stop.
Read input token from inputA with value 4.0
Sent output token with value 4.0
Checking for deadlock:
Next port to read input from is inputA
Called postfire()
There are 2 Blocked actors, 0 Stopped actors, and 4 active threads.
Waiting for actors to stop.
Called prefire()
Called fire()
-- Read input: 4.0, which is expected to match: 4.0
Called prefire()
Called fire()
Called postfire()
Past the end of training data. Read and discard all inputs.
Called prefire()
Called fire()
Checking for deadlock:
There are 3 Blocked actors, 0 Stopped actors, and 4 active threads.
Waiting for actors to stop.
Read input token from inputA with value 5.0
Called prefire()
Called fire()
Sent output token with value 4.5
Past the end of training data. Read and discard all inputs.
Next port to read input from is inputB
Checking for deadlock:
Called postfire()
There are 3 Blocked actors, 0 Stopped actors, and 4 active threads.
Waiting for actors to stop.
Called prefire()
Called fire()
Checking for deadlock:
There are 2 Blocked actors, 0 Stopped actors, and 4 active threads.
Waiting for actors to stop.
Called postfire()
Called prefire()
Read input token from inputB with value 6.0
Called fire()
Sent output token with value 5.0
Called prefire()
Called fire()
Past the end of training data. Read and discard all inputs.
Next port to read input from is inputA
Called postfire()
Checking for deadlock:
Called prefire()
There are 3 Blocked actors, 0 Stopped actors, and 4 active threads.
Waiting for actors to stop.
Called fire()
Checking for deadlock:
There are 2 Blocked actors, 0 Stopped actors, and 4 active threads.
Waiting for actors to stop.
Called postfire()
Called prefire()
Called fire()
Read input token from inputA with value 6.0
Checking for deadlock:
There are 3 Blocked actors, 0 Stopped actors, and 4 active threads.
Waiting for actors to stop.
Checking for deadlock:
There are 2 Blocked actors, 0 Stopped actors, and 4 active threads.
Waiting for actors to stop.
Called prefire()
Sent output token with value 6.0
Called fire()
Past the end of training data. Read and discard all inputs.
Next port to read input from is inputB
Called postfire()
Called prefire()
Called fire()
Checking for deadlock:
There are 3 Blocked actors, 0 Stopped actors, and 4 active threads.
Waiting for actors to stop.
Called postfire()
Called prefire()
Called fire()
Checking for deadlock:
There are 3 Blocked actors, 0 Stopped actors, and 4 active threads.
Waiting for actors to stop.
Read input token from inputB with value 7.5
Sent output token with value 6.0
Called prefire()
Called fire()
Past the end of training data. Read and discard all inputs.
Next port to read input from is inputA
Called postfire()
Called prefire()
Called fire()
Checking for deadlock:
There are 3 Blocked actors, 0 Stopped actors, and 4 active threads.
Waiting for actors to stop.
Checking for deadlock:
There are 2 Blocked actors, 0 Stopped actors, and 4 active threads.
Waiting for actors to stop.
Called postfire()
Called prefire()
Called fire()
Checking for deadlock:
There are 3 Blocked actors, 0 Stopped actors, and 4 active threads.
Waiting for actors to stop.
Read input token from inputA with value 7.0
Checking for deadlock:
There are 2 Blocked actors, 0 Stopped actors, and 4 active threads.
Waiting for actors to stop.
Called prefire()
Called fire()
Past the end of training data. Read and discard all inputs.
Checking for deadlock:
There are 3 Blocked actors, 0 Stopped actors, and 4 active threads.
Waiting for actors to stop.
Sent output token with value 7.0
Next port to read input from is inputA
Called postfire()
Called prefire()
Called fire()
Checking for deadlock:
There are 2 Blocked actors, 0 Stopped actors, and 4 active threads.
Waiting for actors to stop.
-- Thread wrapup() called.
Called wrapup()
Thread .top.Ramp is exiting.
-- Thread stopped.
Checking for deadlock:
There are 2 Blocked actors, 0 Stopped actors, and 3 active threads.
Waiting for actors to stop.
Read input token from inputA with value 8.0
Checking for deadlock:
There are 1 Blocked actors, 0 Stopped actors, and 3 active threads.
Waiting for actors to stop.
Called prefire()
Called fire()
Past the end of training data. Read and discard all inputs.
Checking for deadlock:
There are 2 Blocked actors, 0 Stopped actors, and 3 active threads.
Waiting for actors to stop.
Sent output token with value 7.5
Next port to read input from is inputB
Called postfire()
Called prefire()
Called fire()
Called postfire()
Called prefire()
Called fire()
Checking for deadlock:
There are 2 Blocked actors, 0 Stopped actors, and 3 active threads.
Waiting for actors to stop.
Read input token from inputB with value 9.0
Checking for deadlock:
Called prefire()
There are 1 Blocked actors, 0 Stopped actors, and 3 active threads.
Called fire()
Waiting for actors to stop.
Past the end of training data. Read and discard all inputs.
Checking for deadlock:
There are 2 Blocked actors, 0 Stopped actors, and 3 active threads.
Waiting for actors to stop.
Sent output token with value 8.0
Next port to read input from is inputA
Called postfire()
Called prefire()
Called fire()
Read input token from inputA with value 9.0
Checking for deadlock:
Sent output token with value 9.0
There are 1 Blocked actors, 0 Stopped actors, and 3 active threads.
Waiting for actors to stop.
Next port to read input from is inputB
Called prefire()
Called fire()
Past the end of training data. Read and discard all inputs.
Called postfire()
Called prefire()
Called fire()
Checking for deadlock:
There are 2 Blocked actors, 0 Stopped actors, and 3 active threads.
Waiting for actors to stop.
Checking for deadlock:
There are 1 Blocked actors, 0 Stopped actors, and 3 active threads.
Read input token from inputB with value 10.5
Waiting for actors to stop.
Called postfire()
Called prefire()
Called fire()
Checking for deadlock:
There are 1 Blocked actors, 0 Stopped actors, and 3 active threads.
Waiting for actors to stop.
Called prefire()
Called fire()
Past the end of training data. Read and discard all inputs.
Checking for deadlock:
Sent output token with value 9.0
There are 2 Blocked actors, 0 Stopped actors, and 3 active threads.
Waiting for actors to stop.
Next port to read input from is inputA
Called postfire()
Called prefire()
Called fire()
Checking for deadlock:
There are 3 Blocked actors, 0 Stopped actors, and 3 active threads.
Actors have stopped.
Checking for deadlock:
There are 3 Blocked actors, 0 Stopped actors, and 3 active threads.
Deadlock detected.
Resolving Deadlock
Checking for deadlock:
There are 3 Blocked actors, 0 Stopped actors, and 3 active threads.
Artificial Deadlock - increasing queue capacity.
increasing the capacity of receiver ptolemy.actor.TypedIOPort {.top.OrderedMerge.inputB} to 2
Director: Called postfire().
Called postfire().
_stopRequested = false
_stopFireRequested = false
Returning from postfire(): true
Called fire().
Checking for deadlock:
There are 2 Blocked actors, 0 Stopped actors, and 3 active threads.
Waiting for actors to stop.
-- Thread wrapup() called.
Called wrapup()
Thread .top.Ramp2 is exiting.
-- Thread stopped.
Checking for deadlock:
There are 2 Blocked actors, 0 Stopped actors, and 2 active threads.
Actors have stopped.
Checking for deadlock:
There are 2 Blocked actors, 0 Stopped actors, and 2 active threads.
Deadlock detected.
Resolving Deadlock
Checking for deadlock:
There are 2 Blocked actors, 0 Stopped actors, and 2 active threads.
Deadlock detected: no processes blocked on write, but some are blocked on read.
Called postfire().
_stopRequested = false
_stopFireRequested = false
Returning from postfire(): false
Finished deactivating branches.
Called wrapup().
-- Thread wrapup() called.
Called wrapup()
Thread .top.Test is exiting.
-- Thread stopped.
-- Blocked Receiver call threw TerminateProcessException.
-- Thread wrapup() called.
Called wrapup()
Thread .top.OrderedMerge is exiting.
-- Thread stopped.
-- Blocked Receiver call threw TerminateProcessException.
29 ms. Memory: 208896K Free: 161722K (77%)
/home/travis/build/icyphy/ptII/ptolemy/actor/lib/test/Publisher.tcl
13 ms. Memory: 208896K Free: 154385K (74%)
6 ms. Memory: 208896K Free: 149505K (72%)
6 ms. Memory: 208896K Free: 144624K (69%)
7 ms. Memory: 208896K Free: 144624K (69%)
5 ms. Memory: 208896K Free: 144624K (69%)
10 ms. Memory: 208896K Free: 142184K (68%)
3 ms. Memory: 208896K Free: 142184K (68%)
9 ms. Memory: 208896K Free: 142184K (68%)
1 ms. Memory: 208896K Free: 132423K (63%)
4 ms. Memory: 208896K Free: 127543K (61%)
2 ms. Memory: 208896K Free: 127543K (61%)
1 ms. Memory: 208896K Free: 125103K (60%)
6 ms. Memory: 208896K Free: 117782K (56%)
5 ms. Memory: 208896K Free: 108021K (52%)
6 ms. Memory: 208896K Free: 95817K (46%)
/home/travis/build/icyphy/ptII/ptolemy/actor/lib/test/Pulse.tcl
2 ms. Memory: 332800K Free: 297183K (89%)
1 ms. Memory: 332800K Free: 297183K (89%)
1 ms. Memory: 332800K Free: 297183K (89%)
2 ms. Memory: 332800K Free: 297183K (89%)
1 ms. Memory: 332800K Free: 292434K (88%)
10 ms. Memory: 332800K Free: 292434K (88%)
2 ms. Memory: 332800K Free: 292434K (88%)
1 ms. Memory: 332800K Free: 292148K (88%)
1 ms. Memory: 332800K Free: 292148K (88%)
/home/travis/build/icyphy/ptII/ptolemy/actor/lib/test/Ramp.tcl
3 ms. Memory: 332800K Free: 287399K (86%)
1 ms. Memory: 332800K Free: 287399K (86%)
3 ms. Memory: 332800K Free: 287399K (86%)
2 ms. Memory: 332800K Free: 287399K (86%)
3 ms. Memory: 332800K Free: 287399K (86%)
8 ms. Memory: 332800K Free: 282635K (85%)
6 ms. Memory: 332800K Free: 282635K (85%)
5 actors
12000 microseconds per iteration to create
13 ms. Memory: 332800K Free: 282635K (85%)
2 ms. Memory: 332800K Free: 282635K (85%)
2 ms. Memory: 332800K Free: 277870K (83%)
13 ms. Memory: 332800K Free: 277870K (83%)
50 actors
61000 microseconds per iteration to create
50 ms. Memory: 332800K Free: 263591K (79%)
18 ms. Memory: 332800K Free: 263591K (79%)
11 ms. Memory: 332800K Free: 263591K (79%)
11 ms. Memory: 332800K Free: 258842K (78%)
500 actors
1679000 microseconds per iteration to create
288 ms. Memory: 332800K Free: 87659K (26%)
36 ms. Memory: 332800K Free: 82910K (25%)
62 ms. Memory: 332800K Free: 314632K (95%)
41 ms. Memory: 332800K Free: 309825K (93%)
/home/travis/build/icyphy/ptII/ptolemy/actor/lib/test/RampContinuous.tcl
9 ms. Memory: 332800K Free: 309825K (93%)
/home/travis/build/icyphy/ptII/ptolemy/actor/lib/test/RecordAssembler.tcl
6 ms. Memory: 332800K Free: 309825K (93%)
6 ms. Memory: 332800K Free: 305018K (92%)
/home/travis/build/icyphy/ptII/ptolemy/actor/lib/test/RecordDisassembler.tcl
7 ms. Memory: 332800K Free: 305018K (92%)
7 ms. Memory: 332800K Free: 305018K (92%)
5 ms. Memory: 332800K Free: 305018K (92%)
/home/travis/build/icyphy/ptII/ptolemy/actor/lib/test/Scale.tcl
3 ms. Memory: 332800K Free: 300211K (90%)
1 ms. Memory: 332800K Free: 300211K (90%)
1 ms. Memory: 332800K Free: 300211K (90%)
3 ms. Memory: 332800K Free: 300211K (90%)
2 ms. Memory: 332800K Free: 300211K (90%)
/home/travis/build/icyphy/ptII/ptolemy/actor/lib/test/SequentialClock.tcl
preinitializing
resolving types
initializing
executing number 1
wrapping up
idle
2 ms. Memory: 332800K Free: 295403K (89%)
Completed execution with 5 iterations
preinitializing
resolving types
initializing
executing number 1
wrapping up
idle
2 ms. Memory: 332800K Free: 295403K (89%)
Completed execution with 5 iterations
preinitializing
resolving types
initializing
executing number 1
wrapping up
idle
1 ms. Memory: 332800K Free: 295403K (89%)
Completed execution with 5 iterations
/home/travis/build/icyphy/ptII/ptolemy/actor/lib/test/SetVariable.tcl
4 ms. Memory: 332800K Free: 295403K (89%)
/home/travis/build/icyphy/ptII/ptolemy/actor/lib/test/Sinewave.tcl
/home/travis/build/icyphy/ptII/ptolemy/actor/lib/test/SubscriptionAggregator.tcl
13 ms. Memory: 332800K Free: 280982K (84%)
2 ms. Memory: 332800K Free: 280982K (84%)
0 ms. Memory: 332800K Free: 280982K (84%)
1 ms. Memory: 332800K Free: 276175K (83%)
1 ms. Memory: 332800K Free: 276175K (83%)
4 ms. Memory: 332800K Free: 271352K (82%)
...............................................................1171 ms. Memory: 481792K Free: 437772K (91%)
/home/travis/build/icyphy/ptII/ptolemy/actor/lib/test/Test.tcl
 The next command will produce a warning about training mode,
   which may be ignored.
4 ms. Memory: 481792K Free: 437772K (91%)
2 ms. Memory: 481792K Free: 437772K (91%)
1 ms. Memory: 481792K Free: 437772K (91%)
1 ms. Memory: 481792K Free: 437772K (91%)
2 ms. Memory: 481792K Free: 437772K (91%)
3 ms. Memory: 481792K Free: 437772K (91%)
3 ms. Memory: 481792K Free: 437648K (91%)
 The next command will produce a warning about training mode,
   which may be ignored.
3 ms. Memory: 481792K Free: 429923K (89%)
 The next command will produce a warning about training mode,
   which may be ignored.
3 ms. Memory: 481792K Free: 429923K (89%)
1 ms. Memory: 481792K Free: 429923K (89%)
0 ms. Memory: 481792K Free: 429923K (89%)
1 ms. Memory: 481792K Free: 429923K (89%)
1 ms. Memory: 481792K Free: 429923K (89%)
2 ms. Memory: 481792K Free: 422192K (88%)
/home/travis/build/icyphy/ptII/ptolemy/actor/lib/test/TestExceptionHandler.tcl
 The next command will produce a warning about training mode,
   which may be ignored.
2 ms. Memory: 481792K Free: 422192K (88%)
1 ms. Memory: 481792K Free: 422192K (88%)
0 ms. Memory: 481792K Free: 422192K (88%)
/home/travis/build/icyphy/ptII/ptolemy/actor/lib/test/UnionDisassembler.tcl
21 ms. Memory: 481792K Free: 414461K (86%)
/home/travis/build/icyphy/ptII/ptolemy/actor/lib/test/VariableClock.tcl
preinitializing
resolving types
initializing
executing number 1
wrapping up
idle
9 ms. Memory: 481792K Free: 414461K (86%)
Completed execution with 11 iterations
preinitializing
resolving types
initializing
executing number 1
wrapping up
idle
3 ms. Memory: 481792K Free: 406746K (84%)
Completed execution with 10 iterations
08/25/18 01:57:25
Failed: 0  Total Tests: 234  ((Passed: 234, Newly Passed: 0)  Known Failed: 0) /home/travis/build/icyphy/ptII/ptolemy/actor/lib/test
----------------- testing (KnownFailure) /home/travis/build/icyphy/ptII/ptolemy/actor/lib/test/auto/knownFailedTests/PublisherPortToplevelSubscriber.xml
0 ms. Memory: 481792K Free: 398953K (83%)
Known Failure: java.lang.reflect.InvocationTargetException
----------------- testing (KnownFailure) /home/travis/build/icyphy/ptII/ptolemy/actor/lib/test/auto/knownFailedTests/PublisherSubscriberPortToplevel.xml
0 ms. Memory: 481792K Free: 383368K (80%)
Known Failure: java.lang.reflect.InvocationTargetException
----------------- testing (KnownFailure) /home/travis/build/icyphy/ptII/ptolemy/actor/lib/test/auto/knownFailedTests/PublisherSubscriptionAggregatorPort.xml
1 ms. Memory: 481792K Free: 367782K (76%)
Known Failure: java.lang.reflect.InvocationTargetException
----------------- testing (KnownFailure) /home/travis/build/icyphy/ptII/ptolemy/actor/lib/test/auto/knownFailedTests/sizedarray3.xml
4 ms. Memory: 481792K Free: 352197K (73%)
Known Failure: java.lang.reflect.InvocationTargetException
No auto/linux-amd64/*.xml tests in /home/travis/build/icyphy/ptII/ptolemy/actor/lib/test
AutoTests.java: About to close Vertx.
AutoTests.java: Vertx closed.

===========================================================================================
----------------- testing Sat Aug 25 01:57:25 UTC 2018 /home/travis/build/icyphy/ptII/ptolemy/actor/lib/test/auto/AbsoluteValue.xml
----------------- Instantiating /home/travis/build/icyphy/ptII/ptolemy/actor/lib/test/auto/AbsoluteValue.xml
3 ms. Memory: 481792K Free: 282295K (59%)
----------------- Invoking toplevel() on ptolemy.moml.MoMLSimpleApplication@20f61fc3
----------------- Done invoking toplevel() on ptolemy.moml.MoMLSimpleApplication@20f61fc3
reloadAllAccessors: .AbsoluteValue

===========================================================================================
----------------- testing Sat Aug 25 01:57:25 UTC 2018 /home/travis/build/icyphy/ptII/ptolemy/actor/lib/test/auto/AbsoluteValue2.xml
----------------- Instantiating /home/travis/build/icyphy/ptII/ptolemy/actor/lib/test/auto/AbsoluteValue2.xml
4 ms. Memory: 481792K Free: 270590K (56%)
----------------- Invoking toplevel() on ptolemy.moml.MoMLSimpleApplication@181cc4b8
----------------- Done invoking toplevel() on ptolemy.moml.MoMLSimpleApplication@181cc4b8
reloadAllAccessors: .AbsoluteValue2

===========================================================================================
----------------- testing Sat Aug 25 01:57:25 UTC 2018 /home/travis/build/icyphy/ptII/ptolemy/actor/lib/test/auto/Accumulator.xml
----------------- Instantiating /home/travis/build/icyphy/ptII/ptolemy/actor/lib/test/auto/Accumulator.xml
6 ms. Memory: 481792K Free: 251170K (52%)
----------------- Invoking toplevel() on ptolemy.moml.MoMLSimpleApplication@27088e1b
----------------- Done invoking toplevel() on ptolemy.moml.MoMLSimpleApplication@27088e1b
reloadAllAccessors: .Accumulator

===========================================================================================
----------------- testing Sat Aug 25 01:57:25 UTC 2018 /home/travis/build/icyphy/ptII/ptolemy/actor/lib/test/auto/Accumulator2.xml
----------------- Instantiating /home/travis/build/icyphy/ptII/ptolemy/actor/lib/test/auto/Accumulator2.xml
3 ms. Memory: 481792K Free: 243378K (51%)
----------------- Invoking toplevel() on ptolemy.moml.MoMLSimpleApplication@409cc496
----------------- Done invoking toplevel() on ptolemy.moml.MoMLSimpleApplication@409cc496
reloadAllAccessors: .Accumulator2

===========================================================================================
----------------- testing Sat Aug 25 01:57:25 UTC 2018 /home/travis/build/icyphy/ptII/ptolemy/actor/lib/test/auto/Accumulator3.xml
----------------- Instantiating /home/travis/build/icyphy/ptII/ptolemy/actor/lib/test/auto/Accumulator3.xml
3 ms. Memory: 481792K Free: 235585K (49%)
----------------- Invoking toplevel() on ptolemy.moml.MoMLSimpleApplication@5ff4deb0
----------------- Done invoking toplevel() on ptolemy.moml.MoMLSimpleApplication@5ff4deb0
reloadAllAccessors: .Accumulator3

===========================================================================================
----------------- testing Sat Aug 25 01:57:26 UTC 2018 /home/travis/build/icyphy/ptII/ptolemy/actor/lib/test/auto/ArrayAppend.xml
----------------- Instantiating /home/travis/build/icyphy/ptII/ptolemy/actor/lib/test/auto/ArrayAppend.xml
4 ms. Memory: 481792K Free: 223888K (46%)
----------------- Invoking toplevel() on ptolemy.moml.MoMLSimpleApplication@26bcc492
----------------- Done invoking toplevel() on ptolemy.moml.MoMLSimpleApplication@26bcc492
reloadAllAccessors: .ArrayAppend

===========================================================================================
----------------- testing Sat Aug 25 01:57:26 UTC 2018 /home/travis/build/icyphy/ptII/ptolemy/actor/lib/test/auto/ArrayAppend2.xml
----------------- Instantiating /home/travis/build/icyphy/ptII/ptolemy/actor/lib/test/auto/ArrayAppend2.xml
460 ms. Memory: 481792K Free: 130454K (27%)
----------------- Invoking toplevel() on ptolemy.moml.MoMLSimpleApplication@178b5daa
----------------- Done invoking toplevel() on ptolemy.moml.MoMLSimpleApplication@178b5daa
reloadAllAccessors: .ArrayAppend2

===========================================================================================
----------------- testing Sat Aug 25 01:57:26 UTC 2018 /home/travis/build/icyphy/ptII/ptolemy/actor/lib/test/auto/ArrayAppend3.xml
----------------- Instantiating /home/travis/build/icyphy/ptII/ptolemy/actor/lib/test/auto/ArrayAppend3.xml
2 ms. Memory: 481792K Free: 122661K (25%)
----------------- Invoking toplevel() on ptolemy.moml.MoMLSimpleApplication@1d3f26f7
----------------- Done invoking toplevel() on ptolemy.moml.MoMLSimpleApplication@1d3f26f7
reloadAllAccessors: .ArrayAppend3

===========================================================================================
----------------- testing Sat Aug 25 01:57:26 UTC 2018 /home/travis/build/icyphy/ptII/ptolemy/actor/lib/test/auto/ArrayAppend4.xml
----------------- Instantiating /home/travis/build/icyphy/ptII/ptolemy/actor/lib/test/auto/ArrayAppend4.xml
2 ms. Memory: 481792K Free: 114868K (24%)
----------------- Invoking toplevel() on ptolemy.moml.MoMLSimpleApplication@69149916
----------------- Done invoking toplevel() on ptolemy.moml.MoMLSimpleApplication@69149916
reloadAllAccessors: .ArrayAppend4

===========================================================================================
----------------- testing Sat Aug 25 01:57:26 UTC 2018 /home/travis/build/icyphy/ptII/ptolemy/actor/lib/test/auto/ArrayAppend5.xml
----------------- Instantiating /home/travis/build/icyphy/ptII/ptolemy/actor/lib/test/auto/ArrayAppend5.xml
2 ms. Memory: 481792K Free: 99361K (21%)
----------------- Invoking toplevel() on ptolemy.moml.MoMLSimpleApplication@7811d28c
----------------- Done invoking toplevel() on ptolemy.moml.MoMLSimpleApplication@7811d28c
reloadAllAccessors: .ArrayAppend5

===========================================================================================
----------------- testing Sat Aug 25 01:57:26 UTC 2018 /home/travis/build/icyphy/ptII/ptolemy/actor/lib/test/auto/ArrayAppend6.xml
----------------- Instantiating /home/travis/build/icyphy/ptII/ptolemy/actor/lib/test/auto/ArrayAppend6.xml
4 ms. Memory: 481792K Free: 91568K (19%)
----------------- Invoking toplevel() on ptolemy.moml.MoMLSimpleApplication@1b74da8e
----------------- Done invoking toplevel() on ptolemy.moml.MoMLSimpleApplication@1b74da8e
reloadAllAccessors: .ArrayAppend6

===========================================================================================
----------------- testing Sat Aug 25 01:57:26 UTC 2018 /home/travis/build/icyphy/ptII/ptolemy/actor/lib/test/auto/ArrayAppendPerformanceTest.xml
----------------- Instantiating /home/travis/build/icyphy/ptII/ptolemy/actor/lib/test/auto/ArrayAppendPerformanceTest.xml
28 ms. Memory: 481792K Free: 75967K (16%)
----------------- Invoking toplevel() on ptolemy.moml.MoMLSimpleApplication@54fe82d2
----------------- Done invoking toplevel() on ptolemy.moml.MoMLSimpleApplication@54fe82d2
reloadAllAccessors: .ArrayAppendPerformanceTest

===========================================================================================
----------------- testing Sat Aug 25 01:57:26 UTC 2018 /home/travis/build/icyphy/ptII/ptolemy/actor/lib/test/auto/ArrayAppendWithEmptyInput.xml
----------------- Instantiating /home/travis/build/icyphy/ptII/ptolemy/actor/lib/test/auto/ArrayAppendWithEmptyInput.xml
25 ms. Memory: 481792K Free: 64262K (13%)
----------------- Invoking toplevel() on ptolemy.moml.MoMLSimpleApplication@2196bd8a
----------------- Done invoking toplevel() on ptolemy.moml.MoMLSimpleApplication@2196bd8a
reloadAllAccessors: .ArrayAppendWithEmptyInput

===========================================================================================
----------------- testing Sat Aug 25 01:57:26 UTC 2018 /home/travis/build/icyphy/ptII/ptolemy/actor/lib/test/auto/ArrayAverage.xml
----------------- Instantiating /home/travis/build/icyphy/ptII/ptolemy/actor/lib/test/auto/ArrayAverage.xml
5 ms. Memory: 720384K Free: 661378K (92%)
----------------- Invoking toplevel() on ptolemy.moml.MoMLSimpleApplication@5c28c711
----------------- Done invoking toplevel() on ptolemy.moml.MoMLSimpleApplication@5c28c711
reloadAllAccessors: .ArrayAverage

===========================================================================================
----------------- testing Sat Aug 25 01:57:26 UTC 2018 /home/travis/build/icyphy/ptII/ptolemy/actor/lib/test/auto/ArrayContains.xml
----------------- Instantiating /home/travis/build/icyphy/ptII/ptolemy/actor/lib/test/auto/ArrayContains.xml
3 ms. Memory: 720384K Free: 639799K (89%)
----------------- Invoking toplevel() on ptolemy.moml.MoMLSimpleApplication@5afbc91b
----------------- Done invoking toplevel() on ptolemy.moml.MoMLSimpleApplication@5afbc91b
reloadAllAccessors: .ArrayContains

===========================================================================================
----------------- testing Sat Aug 25 01:57:26 UTC 2018 /home/travis/build/icyphy/ptII/ptolemy/actor/lib/test/auto/ArrayElement.xml
----------------- Instantiating /home/travis/build/icyphy/ptII/ptolemy/actor/lib/test/auto/ArrayElement.xml
4 ms. Memory: 720384K Free: 627327K (87%)
----------------- Invoking toplevel() on ptolemy.moml.MoMLSimpleApplication@2ac9d4c8
----------------- Done invoking toplevel() on ptolemy.moml.MoMLSimpleApplication@2ac9d4c8
reloadAllAccessors: .ArrayElement

===========================================================================================
----------------- testing Sat Aug 25 01:57:26 UTC 2018 /home/travis/build/icyphy/ptII/ptolemy/actor/lib/test/auto/ArrayElementAsMatrix.xml
----------------- Instantiating /home/travis/build/icyphy/ptII/ptolemy/actor/lib/test/auto/ArrayElementAsMatrix.xml
12 ms. Memory: 720384K Free: 608618K (84%)
----------------- Invoking toplevel() on ptolemy.moml.MoMLSimpleApplication@704f0ace
----------------- Done invoking toplevel() on ptolemy.moml.MoMLSimpleApplication@704f0ace
reloadAllAccessors: .ArrayElementAsMatrix

===========================================================================================
----------------- testing Sat Aug 25 01:57:27 UTC 2018 /home/travis/build/icyphy/ptII/ptolemy/actor/lib/test/auto/ArrayElementI.xml
----------------- Instantiating /home/travis/build/icyphy/ptII/ptolemy/actor/lib/test/auto/ArrayElementI.xml
2 ms. Memory: 720384K Free: 596146K (83%)
----------------- Invoking toplevel() on ptolemy.moml.MoMLSimpleApplication@1a04dae9
----------------- Done invoking toplevel() on ptolemy.moml.MoMLSimpleApplication@1a04dae9
reloadAllAccessors: .ArrayElementI

===========================================================================================
----------------- testing Sat Aug 25 01:57:27 UTC 2018 /home/travis/build/icyphy/ptII/ptolemy/actor/lib/test/auto/ArrayExtract.xml
----------------- Instantiating /home/travis/build/icyphy/ptII/ptolemy/actor/lib/test/auto/ArrayExtract.xml
6 ms. Memory: 720384K Free: 574696K (80%)
----------------- Invoking toplevel() on ptolemy.moml.MoMLSimpleApplication@4a8a9657
----------------- Done invoking toplevel() on ptolemy.moml.MoMLSimpleApplication@4a8a9657
reloadAllAccessors: .ArrayExtract

===========================================================================================
----------------- testing Sat Aug 25 01:57:27 UTC 2018 /home/travis/build/icyphy/ptII/ptolemy/actor/lib/test/auto/ArrayExtract2.xml
----------------- Instantiating /home/travis/build/icyphy/ptII/ptolemy/actor/lib/test/auto/ArrayExtract2.xml
3 ms. Memory: 720384K Free: 562223K (78%)
----------------- Invoking toplevel() on ptolemy.moml.MoMLSimpleApplication@edcf9a9
----------------- Done invoking toplevel() on ptolemy.moml.MoMLSimpleApplication@edcf9a9
reloadAllAccessors: .ArrayExtract2

===========================================================================================
----------------- testing Sat Aug 25 01:57:27 UTC 2018 /home/travis/build/icyphy/ptII/ptolemy/actor/lib/test/auto/ArrayLength.xml
----------------- Instantiating /home/travis/build/icyphy/ptII/ptolemy/actor/lib/test/auto/ArrayLength.xml
1 ms. Memory: 720384K Free: 549751K (76%)
----------------- Invoking toplevel() on ptolemy.moml.MoMLSimpleApplication@12c67f1e
----------------- Done invoking toplevel() on ptolemy.moml.MoMLSimpleApplication@12c67f1e
reloadAllAccessors: .ArrayLength

===========================================================================================
----------------- testing Sat Aug 25 01:57:27 UTC 2018 /home/travis/build/icyphy/ptII/ptolemy/actor/lib/test/auto/ArrayLevelCrossing.xml
----------------- Instantiating /home/travis/build/icyphy/ptII/ptolemy/actor/lib/test/auto/ArrayLevelCrossing.xml
12 ms. Memory: 720384K Free: 537279K (75%)
----------------- Invoking toplevel() on ptolemy.moml.MoMLSimpleApplication@2db2a189
----------------- Done invoking toplevel() on ptolemy.moml.MoMLSimpleApplication@2db2a189
reloadAllAccessors: .ArrayLevelCrossing

===========================================================================================
----------------- testing Sat Aug 25 01:57:27 UTC 2018 /home/travis/build/icyphy/ptII/ptolemy/actor/lib/test/auto/ArrayLevelCrossing2.xml
----------------- Instantiating /home/travis/build/icyphy/ptII/ptolemy/actor/lib/test/auto/ArrayLevelCrossing2.xml
3 ms. Memory: 720384K Free: 515829K (72%)
----------------- Invoking toplevel() on ptolemy.moml.MoMLSimpleApplication@b50d30b
----------------- Done invoking toplevel() on ptolemy.moml.MoMLSimpleApplication@b50d30b
reloadAllAccessors: .ArrayLevelCrossing2

===========================================================================================
----------------- testing Sat Aug 25 01:57:27 UTC 2018 /home/travis/build/icyphy/ptII/ptolemy/actor/lib/test/auto/ArrayPeakSearch.xml
----------------- Instantiating /home/travis/build/icyphy/ptII/ptolemy/actor/lib/test/auto/ArrayPeakSearch.xml
4 ms. Memory: 720384K Free: 497104K (69%)
----------------- Invoking toplevel() on ptolemy.moml.MoMLSimpleApplication@6a4cdee1
----------------- Done invoking toplevel() on ptolemy.moml.MoMLSimpleApplication@6a4cdee1
reloadAllAccessors: .ArrayPeakSearch

===========================================================================================
----------------- testing Sat Aug 25 01:57:27 UTC 2018 /home/travis/build/icyphy/ptII/ptolemy/actor/lib/test/auto/ArrayPeakSearch2.xml
----------------- Instantiating /home/travis/build/icyphy/ptII/ptolemy/actor/lib/test/auto/ArrayPeakSearch2.xml
7 ms. Memory: 720384K Free: 478380K (66%)
----------------- Invoking toplevel() on ptolemy.moml.MoMLSimpleApplication@63fa8b1a
----------------- Done invoking toplevel() on ptolemy.moml.MoMLSimpleApplication@63fa8b1a
reloadAllAccessors: .ArrayPeakSearch2

===========================================================================================
----------------- testing Sat Aug 25 01:57:27 UTC 2018 /home/travis/build/icyphy/ptII/ptolemy/actor/lib/test/auto/ArrayPeakSearch3.xml
----------------- Instantiating /home/travis/build/icyphy/ptII/ptolemy/actor/lib/test/auto/ArrayPeakSearch3.xml
4 ms. Memory: 720384K Free: 459655K (64%)
----------------- Invoking toplevel() on ptolemy.moml.MoMLSimpleApplication@1931922d
----------------- Done invoking toplevel() on ptolemy.moml.MoMLSimpleApplication@1931922d
reloadAllAccessors: .ArrayPeakSearch3

===========================================================================================
----------------- testing Sat Aug 25 01:57:27 UTC 2018 /home/travis/build/icyphy/ptII/ptolemy/actor/lib/test/auto/ArrayRemoveElement.xml
----------------- Instantiating /home/travis/build/icyphy/ptII/ptolemy/actor/lib/test/auto/ArrayRemoveElement.xml
7 ms. Memory: 720384K Free: 431953K (60%)
----------------- Invoking toplevel() on ptolemy.moml.MoMLSimpleApplication@db146a1
----------------- Done invoking toplevel() on ptolemy.moml.MoMLSimpleApplication@db146a1
reloadAllAccessors: .ArrayRemoveElement

===========================================================================================
----------------- testing Sat Aug 25 01:57:27 UTC 2018 /home/travis/build/icyphy/ptII/ptolemy/actor/lib/test/auto/ArraySort.xml
----------------- Instantiating /home/travis/build/icyphy/ptII/ptolemy/actor/lib/test/auto/ArraySort.xml
4 ms. Memory: 720384K Free: 413229K (57%)
----------------- Invoking toplevel() on ptolemy.moml.MoMLSimpleApplication@22abf69b
----------------- Done invoking toplevel() on ptolemy.moml.MoMLSimpleApplication@22abf69b
reloadAllAccessors: .ArraySort

===========================================================================================
----------------- testing Sat Aug 25 01:57:27 UTC 2018 /home/travis/build/icyphy/ptII/ptolemy/actor/lib/test/auto/ArraySum.xml
----------------- Instantiating /home/travis/build/icyphy/ptII/ptolemy/actor/lib/test/auto/ArraySum.xml
3 ms. Memory: 720384K Free: 400756K (56%)
----------------- Invoking toplevel() on ptolemy.moml.MoMLSimpleApplication@566275b2
----------------- Done invoking toplevel() on ptolemy.moml.MoMLSimpleApplication@566275b2
reloadAllAccessors: .ArraySum

===========================================================================================
----------------- testing Sat Aug 25 01:57:27 UTC 2018 /home/travis/build/icyphy/ptII/ptolemy/actor/lib/test/auto/ArrayToElements.xml
----------------- Instantiating /home/travis/build/icyphy/ptII/ptolemy/actor/lib/test/auto/ArrayToElements.xml
4 ms. Memory: 720384K Free: 388284K (54%)
----------------- Invoking toplevel() on ptolemy.moml.MoMLSimpleApplication@10939d06
----------------- Done invoking toplevel() on ptolemy.moml.MoMLSimpleApplication@10939d06
reloadAllAccessors: .ArrayToElements

===========================================================================================
----------------- testing Sat Aug 25 01:57:27 UTC 2018 /home/travis/build/icyphy/ptII/ptolemy/actor/lib/test/auto/ArrayToMatrix.xml
----------------- Instantiating /home/travis/build/icyphy/ptII/ptolemy/actor/lib/test/auto/ArrayToMatrix.xml
7 ms. Memory: 720384K Free: 354338K (49%)
----------------- Invoking toplevel() on ptolemy.moml.MoMLSimpleApplication@7b07157
----------------- Done invoking toplevel() on ptolemy.moml.MoMLSimpleApplication@7b07157
reloadAllAccessors: .ArrayToMatrix

===========================================================================================
----------------- testing Sat Aug 25 01:57:27 UTC 2018 /home/travis/build/icyphy/ptII/ptolemy/actor/lib/test/auto/ArrayUpdate1.xml
----------------- Instantiating /home/travis/build/icyphy/ptII/ptolemy/actor/lib/test/auto/ArrayUpdate1.xml
2 ms. Memory: 720384K Free: 341865K (47%)
----------------- Invoking toplevel() on ptolemy.moml.MoMLSimpleApplication@3f35410b
----------------- Done invoking toplevel() on ptolemy.moml.MoMLSimpleApplication@3f35410b
reloadAllAccessors: .ArrayUpdate1

===========================================================================================
----------------- testing Sat Aug 25 01:57:27 UTC 2018 /home/travis/build/icyphy/ptII/ptolemy/actor/lib/test/auto/ArrayUpdate2.xml
----------------- Instantiating /home/travis/build/icyphy/ptII/ptolemy/actor/lib/test/auto/ArrayUpdate2.xml
3 ms. Memory: 720384K Free: 329393K (46%)
----------------- Invoking toplevel() on ptolemy.moml.MoMLSimpleApplication@2847b749
----------------- Done invoking toplevel() on ptolemy.moml.MoMLSimpleApplication@2847b749
reloadAllAccessors: .ArrayUpdate2

===========================================================================================
----------------- testing Sat Aug 25 01:57:27 UTC 2018 /home/travis/build/icyphy/ptII/ptolemy/actor/lib/test/auto/ArrayUpdate3.xml
----------------- Instantiating /home/travis/build/icyphy/ptII/ptolemy/actor/lib/test/auto/ArrayUpdate3.xml
2 ms. Memory: 720384K Free: 316920K (44%)
----------------- Invoking toplevel() on ptolemy.moml.MoMLSimpleApplication@568ad974
----------------- Done invoking toplevel() on ptolemy.moml.MoMLSimpleApplication@568ad974
reloadAllAccessors: .ArrayUpdate3

===========================================================================================
----------------- testing Sat Aug 25 01:57:27 UTC 2018 /home/travis/build/icyphy/ptII/ptolemy/actor/lib/test/auto/Assert1.xml
----------------- Instantiating /home/travis/build/icyphy/ptII/ptolemy/actor/lib/test/auto/Assert1.xml
2 ms. Memory: 720384K Free: 295471K (41%)
----------------- Invoking toplevel() on ptolemy.moml.MoMLSimpleApplication@192fbd5
----------------- Done invoking toplevel() on ptolemy.moml.MoMLSimpleApplication@192fbd5
reloadAllAccessors: .Assert1

===========================================================================================
----------------- testing Sat Aug 25 01:57:27 UTC 2018 /home/travis/build/icyphy/ptII/ptolemy/actor/lib/test/auto/Assert2.xml
----------------- Instantiating /home/travis/build/icyphy/ptII/ptolemy/actor/lib/test/auto/Assert2.xml
7 ms. Memory: 720384K Free: 282998K (39%)
----------------- Invoking toplevel() on ptolemy.moml.MoMLSimpleApplication@1bb7cdcf
----------------- Done invoking toplevel() on ptolemy.moml.MoMLSimpleApplication@1bb7cdcf
reloadAllAccessors: .Assert2

===========================================================================================
----------------- testing Sat Aug 25 01:57:27 UTC 2018 /home/travis/build/icyphy/ptII/ptolemy/actor/lib/test/auto/BooleanMultiplexor.xml
----------------- Instantiating /home/travis/build/icyphy/ptII/ptolemy/actor/lib/test/auto/BooleanMultiplexor.xml
3 ms. Memory: 720384K Free: 270526K (38%)
----------------- Invoking toplevel() on ptolemy.moml.MoMLSimpleApplication@235d4a9
----------------- Done invoking toplevel() on ptolemy.moml.MoMLSimpleApplication@235d4a9
reloadAllAccessors: .BooleanMultiplexor

===========================================================================================
----------------- testing Sat Aug 25 01:57:27 UTC 2018 /home/travis/build/icyphy/ptII/ptolemy/actor/lib/test/auto/BooleanMultiplexor2.xml
----------------- Instantiating /home/travis/build/icyphy/ptII/ptolemy/actor/lib/test/auto/BooleanMultiplexor2.xml
14 ms. Memory: 720384K Free: 258054K (36%)
----------------- Invoking toplevel() on ptolemy.moml.MoMLSimpleApplication@6ae36c89
----------------- Done invoking toplevel() on ptolemy.moml.MoMLSimpleApplication@6ae36c89
reloadAllAccessors: .BooleanMultiplexor2

===========================================================================================
----------------- testing Sat Aug 25 01:57:27 UTC 2018 /home/travis/build/icyphy/ptII/ptolemy/actor/lib/test/auto/BooleanMultiplexor3.xml
----------------- Instantiating /home/travis/build/icyphy/ptII/ptolemy/actor/lib/test/auto/BooleanMultiplexor3.xml
2 ms. Memory: 720384K Free: 236604K (33%)
----------------- Invoking toplevel() on ptolemy.moml.MoMLSimpleApplication@773bae5e
----------------- Done invoking toplevel() on ptolemy.moml.MoMLSimpleApplication@773bae5e
reloadAllAccessors: .BooleanMultiplexor3

===========================================================================================
----------------- testing Sat Aug 25 01:57:27 UTC 2018 /home/travis/build/icyphy/ptII/ptolemy/actor/lib/test/auto/BooleanSelect.xml
----------------- Instantiating /home/travis/build/icyphy/ptII/ptolemy/actor/lib/test/auto/BooleanSelect.xml
8 ms. Memory: 720384K Free: 224132K (31%)
----------------- Invoking toplevel() on ptolemy.moml.MoMLSimpleApplication@182acad1
----------------- Done invoking toplevel() on ptolemy.moml.MoMLSimpleApplication@182acad1
reloadAllAccessors: .BooleanSelect

===========================================================================================
----------------- testing Sat Aug 25 01:57:27 UTC 2018 /home/travis/build/icyphy/ptII/ptolemy/actor/lib/test/auto/BooleanSelect2.xml
----------------- Instantiating /home/travis/build/icyphy/ptII/ptolemy/actor/lib/test/auto/BooleanSelect2.xml
2 ms. Memory: 720384K Free: 211659K (29%)
----------------- Invoking toplevel() on ptolemy.moml.MoMLSimpleApplication@5da327a0
----------------- Done invoking toplevel() on ptolemy.moml.MoMLSimpleApplication@5da327a0
reloadAllAccessors: .BooleanSelect2

===========================================================================================
----------------- testing Sat Aug 25 01:57:27 UTC 2018 /home/travis/build/icyphy/ptII/ptolemy/actor/lib/test/auto/BooleanSwitch.xml
----------------- Instantiating /home/travis/build/icyphy/ptII/ptolemy/actor/lib/test/auto/BooleanSwitch.xml
4 ms. Memory: 720384K Free: 199187K (28%)
----------------- Invoking toplevel() on ptolemy.moml.MoMLSimpleApplication@19a30844
----------------- Done invoking toplevel() on ptolemy.moml.MoMLSimpleApplication@19a30844
reloadAllAccessors: .BooleanSwitch

===========================================================================================
----------------- testing Sat Aug 25 01:57:27 UTC 2018 /home/travis/build/icyphy/ptII/ptolemy/actor/lib/test/auto/BooleanSwitch2.xml
----------------- Instantiating /home/travis/build/icyphy/ptII/ptolemy/actor/lib/test/auto/BooleanSwitch2.xml
3 ms. Memory: 720384K Free: 177737K (25%)
----------------- Invoking toplevel() on ptolemy.moml.MoMLSimpleApplication@125a8805
----------------- Done invoking toplevel() on ptolemy.moml.MoMLSimpleApplication@125a8805
reloadAllAccessors: .BooleanSwitch2

===========================================================================================
----------------- testing Sat Aug 25 01:57:27 UTC 2018 /home/travis/build/icyphy/ptII/ptolemy/actor/lib/test/auto/BooleanSwitchCloningBugWithClassRelationGroup.xml
----------------- Instantiating /home/travis/build/icyphy/ptII/ptolemy/actor/lib/test/auto/BooleanSwitchCloningBugWithClassRelationGroup.xml
4 ms. Memory: 720384K Free: 165265K (23%)
----------------- Invoking toplevel() on ptolemy.moml.MoMLSimpleApplication@425ef830
----------------- Done invoking toplevel() on ptolemy.moml.MoMLSimpleApplication@425ef830
reloadAllAccessors: .BooleanSwitchCloningBugWithClassRelationGroup

===========================================================================================
----------------- testing Sat Aug 25 01:57:28 UTC 2018 /home/travis/build/icyphy/ptII/ptolemy/actor/lib/test/auto/BusActors.xml
----------------- Instantiating /home/travis/build/icyphy/ptII/ptolemy/actor/lib/test/auto/BusActors.xml
5 ms. Memory: 720384K Free: 146548K (20%)
----------------- Invoking toplevel() on ptolemy.moml.MoMLSimpleApplication@37eb59ef
----------------- Done invoking toplevel() on ptolemy.moml.MoMLSimpleApplication@37eb59ef
reloadAllAccessors: .BusActors

===========================================================================================
----------------- testing Sat Aug 25 01:57:28 UTC 2018 /home/travis/build/icyphy/ptII/ptolemy/actor/lib/test/auto/ClassWrapper.xml
----------------- Instantiating /home/travis/build/icyphy/ptII/ptolemy/actor/lib/test/auto/ClassWrapper.xml
4 ms. Memory: 720384K Free: 134076K (19%)
----------------- Invoking toplevel() on ptolemy.moml.MoMLSimpleApplication@18a4a6ee
----------------- Done invoking toplevel() on ptolemy.moml.MoMLSimpleApplication@18a4a6ee
reloadAllAccessors: .ClassWrapper

===========================================================================================
----------------- testing Sat Aug 25 01:57:28 UTC 2018 /home/travis/build/icyphy/ptII/ptolemy/actor/lib/test/auto/Clock.xml
----------------- Instantiating /home/travis/build/icyphy/ptII/ptolemy/actor/lib/test/auto/Clock.xml
2 ms. Memory: 720384K Free: 112627K (16%)
----------------- Invoking toplevel() on ptolemy.moml.MoMLSimpleApplication@18daf13
----------------- Done invoking toplevel() on ptolemy.moml.MoMLSimpleApplication@18daf13
reloadAllAccessors: .Clock

===========================================================================================
----------------- testing Sat Aug 25 01:57:28 UTC 2018 /home/travis/build/icyphy/ptII/ptolemy/actor/lib/test/auto/Clock10.xml
----------------- Instantiating /home/travis/build/icyphy/ptII/ptolemy/actor/lib/test/auto/Clock10.xml
5 ms. Memory: 720384K Free: 100154K (14%)
----------------- Invoking toplevel() on ptolemy.moml.MoMLSimpleApplication@6762b746
----------------- Done invoking toplevel() on ptolemy.moml.MoMLSimpleApplication@6762b746
reloadAllAccessors: .Clock10

===========================================================================================
----------------- testing Sat Aug 25 01:57:28 UTC 2018 /home/travis/build/icyphy/ptII/ptolemy/actor/lib/test/auto/Clock11.xml
----------------- Instantiating /home/travis/build/icyphy/ptII/ptolemy/actor/lib/test/auto/Clock11.xml
7 ms. Memory: 720384K Free: 87682K (12%)
----------------- Invoking toplevel() on ptolemy.moml.MoMLSimpleApplication@76a5b3ad
----------------- Done invoking toplevel() on ptolemy.moml.MoMLSimpleApplication@76a5b3ad
reloadAllAccessors: .Clock11

===========================================================================================
----------------- testing Sat Aug 25 01:57:28 UTC 2018 /home/travis/build/icyphy/ptII/ptolemy/actor/lib/test/auto/Clock12.xml
----------------- Instantiating /home/travis/build/icyphy/ptII/ptolemy/actor/lib/test/auto/Clock12.xml
6 ms. Memory: 720384K Free: 75209K (10%)
----------------- Invoking toplevel() on ptolemy.moml.MoMLSimpleApplication@36274496
----------------- Done invoking toplevel() on ptolemy.moml.MoMLSimpleApplication@36274496
reloadAllAccessors: .Clock12

===========================================================================================
----------------- testing Sat Aug 25 01:57:28 UTC 2018 /home/travis/build/icyphy/ptII/ptolemy/actor/lib/test/auto/Clock13.xml
----------------- Instantiating /home/travis/build/icyphy/ptII/ptolemy/actor/lib/test/auto/Clock13.xml
11 ms. Memory: 720384K Free: 56509K (8%)
----------------- Invoking toplevel() on ptolemy.moml.MoMLSimpleApplication@64bb09d3
----------------- Done invoking toplevel() on ptolemy.moml.MoMLSimpleApplication@64bb09d3
reloadAllAccessors: .Clock13

===========================================================================================
----------------- testing Sat Aug 25 01:57:28 UTC 2018 /home/travis/build/icyphy/ptII/ptolemy/actor/lib/test/auto/Clock14.xml
----------------- Instantiating /home/travis/build/icyphy/ptII/ptolemy/actor/lib/test/auto/Clock14.xml
3 ms. Memory: 720896K Free: 671782K (93%)
----------------- Invoking toplevel() on ptolemy.moml.MoMLSimpleApplication@3c43df1
----------------- Done invoking toplevel() on ptolemy.moml.MoMLSimpleApplication@3c43df1
reloadAllAccessors: .Clock14

===========================================================================================
----------------- testing Sat Aug 25 01:57:28 UTC 2018 /home/travis/build/icyphy/ptII/ptolemy/actor/lib/test/auto/Clock15.xml
----------------- Instantiating /home/travis/build/icyphy/ptII/ptolemy/actor/lib/test/auto/Clock15.xml
1 ms. Memory: 720896K Free: 657057K (91%)
----------------- Invoking toplevel() on ptolemy.moml.MoMLSimpleApplication@557e1afb
----------------- Done invoking toplevel() on ptolemy.moml.MoMLSimpleApplication@557e1afb
reloadAllAccessors: .Clock15

===========================================================================================
----------------- testing Sat Aug 25 01:57:28 UTC 2018 /home/travis/build/icyphy/ptII/ptolemy/actor/lib/test/auto/Clock16.xml
----------------- Instantiating /home/travis/build/icyphy/ptII/ptolemy/actor/lib/test/auto/Clock16.xml
20 ms. Memory: 720896K Free: 640419K (89%)
----------------- Invoking toplevel() on ptolemy.moml.MoMLSimpleApplication@5a57fc65
----------------- Done invoking toplevel() on ptolemy.moml.MoMLSimpleApplication@5a57fc65
reloadAllAccessors: .Clock16

===========================================================================================
----------------- testing Sat Aug 25 01:57:28 UTC 2018 /home/travis/build/icyphy/ptII/ptolemy/actor/lib/test/auto/Clock17.xml
----------------- Instantiating /home/travis/build/icyphy/ptII/ptolemy/actor/lib/test/auto/Clock17.xml
29 ms. Memory: 720896K Free: 617263K (86%)
----------------- Invoking toplevel() on ptolemy.moml.MoMLSimpleApplication@33481dc2
----------------- Done invoking toplevel() on ptolemy.moml.MoMLSimpleApplication@33481dc2
reloadAllAccessors: .Clock17

===========================================================================================
----------------- testing Sat Aug 25 01:57:28 UTC 2018 /home/travis/build/icyphy/ptII/ptolemy/actor/lib/test/auto/Clock18.xml
----------------- Instantiating /home/travis/build/icyphy/ptII/ptolemy/actor/lib/test/auto/Clock18.xml
21 ms. Memory: 720896K Free: 600601K (83%)
----------------- Invoking toplevel() on ptolemy.moml.MoMLSimpleApplication@5366863a
----------------- Done invoking toplevel() on ptolemy.moml.MoMLSimpleApplication@5366863a
reloadAllAccessors: .Clock18

===========================================================================================
----------------- testing Sat Aug 25 01:57:28 UTC 2018 /home/travis/build/icyphy/ptII/ptolemy/actor/lib/test/auto/Clock19.xml
----------------- Instantiating /home/travis/build/icyphy/ptII/ptolemy/actor/lib/test/auto/Clock19.xml
15 ms. Memory: 720896K Free: 577711K (80%)
----------------- Invoking toplevel() on ptolemy.moml.MoMLSimpleApplication@33dea0c0
----------------- Done invoking toplevel() on ptolemy.moml.MoMLSimpleApplication@33dea0c0
reloadAllAccessors: .Clock19

===========================================================================================
----------------- testing Sat Aug 25 01:57:28 UTC 2018 /home/travis/build/icyphy/ptII/ptolemy/actor/lib/test/auto/Clock2.xml
----------------- Instantiating /home/travis/build/icyphy/ptII/ptolemy/actor/lib/test/auto/Clock2.xml
5 ms. Memory: 720896K Free: 562986K (78%)
----------------- Invoking toplevel() on ptolemy.moml.MoMLSimpleApplication@42e1b538
----------------- Done invoking toplevel() on ptolemy.moml.MoMLSimpleApplication@42e1b538
reloadAllAccessors: .Clock2

===========================================================================================
----------------- testing Sat Aug 25 01:57:28 UTC 2018 /home/travis/build/icyphy/ptII/ptolemy/actor/lib/test/auto/Clock20.xml
----------------- Instantiating /home/travis/build/icyphy/ptII/ptolemy/actor/lib/test/auto/Clock20.xml
11 ms. Memory: 720896K Free: 554671K (77%)
----------------- Invoking toplevel() on ptolemy.moml.MoMLSimpleApplication@22926862
----------------- Done invoking toplevel() on ptolemy.moml.MoMLSimpleApplication@22926862
reloadAllAccessors: .Clock20

===========================================================================================
----------------- testing Sat Aug 25 01:57:28 UTC 2018 /home/travis/build/icyphy/ptII/ptolemy/actor/lib/test/auto/Clock21.xml
----------------- Instantiating /home/travis/build/icyphy/ptII/ptolemy/actor/lib/test/auto/Clock21.xml
2 ms. Memory: 720896K Free: 546356K (76%)
----------------- Invoking toplevel() on ptolemy.moml.MoMLSimpleApplication@2927093f
----------------- Done invoking toplevel() on ptolemy.moml.MoMLSimpleApplication@2927093f
reloadAllAccessors: .Clock21

===========================================================================================
----------------- testing Sat Aug 25 01:57:28 UTC 2018 /home/travis/build/icyphy/ptII/ptolemy/actor/lib/test/auto/Clock22.xml
----------------- Instantiating /home/travis/build/icyphy/ptII/ptolemy/actor/lib/test/auto/Clock22.xml
2 ms. Memory: 720896K Free: 531631K (74%)
----------------- Invoking toplevel() on ptolemy.moml.MoMLSimpleApplication@6bfd7bd4
----------------- Done invoking toplevel() on ptolemy.moml.MoMLSimpleApplication@6bfd7bd4
reloadAllAccessors: .Clock22

===========================================================================================
----------------- testing Sat Aug 25 01:57:28 UTC 2018 /home/travis/build/icyphy/ptII/ptolemy/actor/lib/test/auto/Clock23.xml
----------------- Instantiating /home/travis/build/icyphy/ptII/ptolemy/actor/lib/test/auto/Clock23.xml
7 ms. Memory: 720896K Free: 523316K (73%)
----------------- Invoking toplevel() on ptolemy.moml.MoMLSimpleApplication@577e768
----------------- Done invoking toplevel() on ptolemy.moml.MoMLSimpleApplication@577e768
reloadAllAccessors: .Clock23

===========================================================================================
----------------- testing Sat Aug 25 01:57:28 UTC 2018 /home/travis/build/icyphy/ptII/ptolemy/actor/lib/test/auto/Clock24.xml
----------------- Instantiating /home/travis/build/icyphy/ptII/ptolemy/actor/lib/test/auto/Clock24.xml
6 ms. Memory: 720896K Free: 515001K (71%)
----------------- Invoking toplevel() on ptolemy.moml.MoMLSimpleApplication@297ab96f
----------------- Done invoking toplevel() on ptolemy.moml.MoMLSimpleApplication@297ab96f
reloadAllAccessors: .Clock24

===========================================================================================
----------------- testing Sat Aug 25 01:57:28 UTC 2018 /home/travis/build/icyphy/ptII/ptolemy/actor/lib/test/auto/Clock4.xml
----------------- Instantiating /home/travis/build/icyphy/ptII/ptolemy/actor/lib/test/auto/Clock4.xml
5 ms. Memory: 720896K Free: 500276K (69%)
----------------- Invoking toplevel() on ptolemy.moml.MoMLSimpleApplication@68c60558
----------------- Done invoking toplevel() on ptolemy.moml.MoMLSimpleApplication@68c60558
reloadAllAccessors: .Clock4

===========================================================================================
----------------- testing Sat Aug 25 01:57:28 UTC 2018 /home/travis/build/icyphy/ptII/ptolemy/actor/lib/test/auto/Clock5.xml
----------------- Instantiating /home/travis/build/icyphy/ptII/ptolemy/actor/lib/test/auto/Clock5.xml
1 ms. Memory: 720896K Free: 491961K (68%)
----------------- Invoking toplevel() on ptolemy.moml.MoMLSimpleApplication@1f839a37
----------------- Done invoking toplevel() on ptolemy.moml.MoMLSimpleApplication@1f839a37
reloadAllAccessors: .Clock5

===========================================================================================
----------------- testing Sat Aug 25 01:57:28 UTC 2018 /home/travis/build/icyphy/ptII/ptolemy/actor/lib/test/auto/Clock6.xml
----------------- Instantiating /home/travis/build/icyphy/ptII/ptolemy/actor/lib/test/auto/Clock6.xml
1 ms. Memory: 720896K Free: 483646K (67%)
----------------- Invoking toplevel() on ptolemy.moml.MoMLSimpleApplication@e9f06ea
----------------- Done invoking toplevel() on ptolemy.moml.MoMLSimpleApplication@e9f06ea
reloadAllAccessors: .Clock6

===========================================================================================
----------------- testing Sat Aug 25 01:57:28 UTC 2018 /home/travis/build/icyphy/ptII/ptolemy/actor/lib/test/auto/Clock7.xml
----------------- Instantiating /home/travis/build/icyphy/ptII/ptolemy/actor/lib/test/auto/Clock7.xml
2 ms. Memory: 720896K Free: 468921K (65%)
----------------- Invoking toplevel() on ptolemy.moml.MoMLSimpleApplication@97ab5cb
----------------- Done invoking toplevel() on ptolemy.moml.MoMLSimpleApplication@97ab5cb
reloadAllAccessors: .Clock7

===========================================================================================
----------------- testing Sat Aug 25 01:57:28 UTC 2018 /home/travis/build/icyphy/ptII/ptolemy/actor/lib/test/auto/Clock8.xml
----------------- Instantiating /home/travis/build/icyphy/ptII/ptolemy/actor/lib/test/auto/Clock8.xml
9 ms. Memory: 720896K Free: 460606K (64%)
----------------- Invoking toplevel() on ptolemy.moml.MoMLSimpleApplication@8c3e208
----------------- Done invoking toplevel() on ptolemy.moml.MoMLSimpleApplication@8c3e208
reloadAllAccessors: .Clock8

===========================================================================================
----------------- testing Sat Aug 25 01:57:28 UTC 2018 /home/travis/build/icyphy/ptII/ptolemy/actor/lib/test/auto/Clock9.xml
----------------- Instantiating /home/travis/build/icyphy/ptII/ptolemy/actor/lib/test/auto/Clock9.xml
7 ms. Memory: 720896K Free: 452291K (63%)
----------------- Invoking toplevel() on ptolemy.moml.MoMLSimpleApplication@7683ec0e
----------------- Done invoking toplevel() on ptolemy.moml.MoMLSimpleApplication@7683ec0e
reloadAllAccessors: .Clock9

===========================================================================================
----------------- testing Sat Aug 25 01:57:28 UTC 2018 /home/travis/build/icyphy/ptII/ptolemy/actor/lib/test/auto/CommDistDiscard.xml
----------------- Instantiating /home/travis/build/icyphy/ptII/ptolemy/actor/lib/test/auto/CommDistDiscard.xml
4 ms. Memory: 720896K Free: 437566K (61%)
----------------- Invoking toplevel() on ptolemy.moml.MoMLSimpleApplication@4f09b44a
----------------- Done invoking toplevel() on ptolemy.moml.MoMLSimpleApplication@4f09b44a
reloadAllAccessors: .CommDistDiscard

===========================================================================================
----------------- testing Sat Aug 25 01:57:28 UTC 2018 /home/travis/build/icyphy/ptII/ptolemy/actor/lib/test/auto/Commutator.xml
----------------- Instantiating /home/travis/build/icyphy/ptII/ptolemy/actor/lib/test/auto/Commutator.xml
1 ms. Memory: 720896K Free: 429251K (60%)
----------------- Invoking toplevel() on ptolemy.moml.MoMLSimpleApplication@31258906
----------------- Done invoking toplevel() on ptolemy.moml.MoMLSimpleApplication@31258906
reloadAllAccessors: .Commutator

===========================================================================================
----------------- testing Sat Aug 25 01:57:28 UTC 2018 /home/travis/build/icyphy/ptII/ptolemy/actor/lib/test/auto/Commutator2.xml
----------------- Instantiating /home/travis/build/icyphy/ptII/ptolemy/actor/lib/test/auto/Commutator2.xml
2 ms. Memory: 720896K Free: 414526K (58%)
----------------- Invoking toplevel() on ptolemy.moml.MoMLSimpleApplication@118dffc4
----------------- Done invoking toplevel() on ptolemy.moml.MoMLSimpleApplication@118dffc4
reloadAllAccessors: .Commutator2

===========================================================================================
----------------- testing Sat Aug 25 01:57:28 UTC 2018 /home/travis/build/icyphy/ptII/ptolemy/actor/lib/test/auto/Commutator3.xml
----------------- Instantiating /home/travis/build/icyphy/ptII/ptolemy/actor/lib/test/auto/Commutator3.xml
2 ms. Memory: 720896K Free: 406211K (56%)
----------------- Invoking toplevel() on ptolemy.moml.MoMLSimpleApplication@11624696
----------------- Done invoking toplevel() on ptolemy.moml.MoMLSimpleApplication@11624696
reloadAllAccessors: .Commutator3

===========================================================================================
----------------- testing Sat Aug 25 01:57:29 UTC 2018 /home/travis/build/icyphy/ptII/ptolemy/actor/lib/test/auto/Compare.xml
----------------- Instantiating /home/travis/build/icyphy/ptII/ptolemy/actor/lib/test/auto/Compare.xml
2 ms. Memory: 720896K Free: 393723K (55%)
----------------- Invoking toplevel() on ptolemy.moml.MoMLSimpleApplication@1b329c7b
----------------- Done invoking toplevel() on ptolemy.moml.MoMLSimpleApplication@1b329c7b
reloadAllAccessors: .Compare

===========================================================================================
----------------- testing Sat Aug 25 01:57:29 UTC 2018 /home/travis/build/icyphy/ptII/ptolemy/actor/lib/test/auto/CompareDE.xml
----------------- Instantiating /home/travis/build/icyphy/ptII/ptolemy/actor/lib/test/auto/CompareDE.xml
6 ms. Memory: 720896K Free: 374824K (52%)
----------------- Invoking toplevel() on ptolemy.moml.MoMLSimpleApplication@5ae8e92e
----------------- Done invoking toplevel() on ptolemy.moml.MoMLSimpleApplication@5ae8e92e
reloadAllAccessors: .CompareDE

===========================================================================================
----------------- testing Sat Aug 25 01:57:29 UTC 2018 /home/travis/build/icyphy/ptII/ptolemy/actor/lib/test/auto/ComplexDivide.xml
----------------- Instantiating /home/travis/build/icyphy/ptII/ptolemy/actor/lib/test/auto/ComplexDivide.xml
1 ms. Memory: 720896K Free: 366509K (51%)
----------------- Invoking toplevel() on ptolemy.moml.MoMLSimpleApplication@11b98527
----------------- Done invoking toplevel() on ptolemy.moml.MoMLSimpleApplication@11b98527
reloadAllAccessors: .ComplexDivide

===========================================================================================
----------------- testing Sat Aug 25 01:57:29 UTC 2018 /home/travis/build/icyphy/ptII/ptolemy/actor/lib/test/auto/ComputeHistogram.xml
----------------- Instantiating /home/travis/build/icyphy/ptII/ptolemy/actor/lib/test/auto/ComputeHistogram.xml
27 ms. Memory: 720896K Free: 349863K (49%)
----------------- Invoking toplevel() on ptolemy.moml.MoMLSimpleApplication@58aaad5e
----------------- Done invoking toplevel() on ptolemy.moml.MoMLSimpleApplication@58aaad5e
reloadAllAccessors: .ComputeHistogram

===========================================================================================
----------------- testing Sat Aug 25 01:57:29 UTC 2018 /home/travis/build/icyphy/ptII/ptolemy/actor/lib/test/auto/ConfigurationSelect.xml
----------------- Instantiating /home/travis/build/icyphy/ptII/ptolemy/actor/lib/test/auto/ConfigurationSelect.xml
2 ms. Memory: 720896K Free: 335138K (46%)
----------------- Invoking toplevel() on ptolemy.moml.MoMLSimpleApplication@d212db5
----------------- Done invoking toplevel() on ptolemy.moml.MoMLSimpleApplication@d212db5
reloadAllAccessors: .ConfigurationSelect

===========================================================================================
----------------- testing Sat Aug 25 01:57:29 UTC 2018 /home/travis/build/icyphy/ptII/ptolemy/actor/lib/test/auto/ConfigurationSelect2.xml
----------------- Instantiating /home/travis/build/icyphy/ptII/ptolemy/actor/lib/test/auto/ConfigurationSelect2.xml
2 ms. Memory: 720896K Free: 326823K (45%)
----------------- Invoking toplevel() on ptolemy.moml.MoMLSimpleApplication@471a8a49
----------------- Done invoking toplevel() on ptolemy.moml.MoMLSimpleApplication@471a8a49
reloadAllAccessors: .ConfigurationSelect2

===========================================================================================
----------------- testing Sat Aug 25 01:57:29 UTC 2018 /home/travis/build/icyphy/ptII/ptolemy/actor/lib/test/auto/ConfigurationSwitch.xml
----------------- Instantiating /home/travis/build/icyphy/ptII/ptolemy/actor/lib/test/auto/ConfigurationSwitch.xml
2 ms. Memory: 720896K Free: 318508K (44%)
----------------- Invoking toplevel() on ptolemy.moml.MoMLSimpleApplication@5866cad0
----------------- Done invoking toplevel() on ptolemy.moml.MoMLSimpleApplication@5866cad0
reloadAllAccessors: .ConfigurationSwitch

===========================================================================================
----------------- testing Sat Aug 25 01:57:29 UTC 2018 /home/travis/build/icyphy/ptII/ptolemy/actor/lib/test/auto/ConfigurationSwitch2.xml
----------------- Instantiating /home/travis/build/icyphy/ptII/ptolemy/actor/lib/test/auto/ConfigurationSwitch2.xml
1 ms. Memory: 720896K Free: 303783K (42%)
----------------- Invoking toplevel() on ptolemy.moml.MoMLSimpleApplication@7498cee9
----------------- Done invoking toplevel() on ptolemy.moml.MoMLSimpleApplication@7498cee9
reloadAllAccessors: .ConfigurationSwitch2

===========================================================================================
----------------- testing Sat Aug 25 01:57:29 UTC 2018 /home/travis/build/icyphy/ptII/ptolemy/actor/lib/test/auto/ConfigurationSwitchCloningBugWithClassRelationGroup.xml
----------------- Instantiating /home/travis/build/icyphy/ptII/ptolemy/actor/lib/test/auto/ConfigurationSwitchCloningBugWithClassRelationGroup.xml
1 ms. Memory: 720896K Free: 291311K (40%)
----------------- Invoking toplevel() on ptolemy.moml.MoMLSimpleApplication@27d30403
----------------- Done invoking toplevel() on ptolemy.moml.MoMLSimpleApplication@27d30403
reloadAllAccessors: .ConfigurationSwitchCloningBugWithClassRelationGroup

===========================================================================================
----------------- testing Sat Aug 25 01:57:29 UTC 2018 /home/travis/build/icyphy/ptII/ptolemy/actor/lib/test/auto/ConfigurationSwitchSelectSDF.xml
----------------- Instantiating /home/travis/build/icyphy/ptII/ptolemy/actor/lib/test/auto/ConfigurationSwitchSelectSDF.xml
3 ms. Memory: 720896K Free: 282996K (39%)
----------------- Invoking toplevel() on ptolemy.moml.MoMLSimpleApplication@395599e8
----------------- Done invoking toplevel() on ptolemy.moml.MoMLSimpleApplication@395599e8
reloadAllAccessors: .ConfigurationSwitchSelectSDF

===========================================================================================
----------------- testing Sat Aug 25 01:57:29 UTC 2018 /home/travis/build/icyphy/ptII/ptolemy/actor/lib/test/auto/ConfigurationSwitchSelectSDF2.xml
----------------- Instantiating /home/travis/build/icyphy/ptII/ptolemy/actor/lib/test/auto/ConfigurationSwitchSelectSDF2.xml
2 ms. Memory: 720896K Free: 268270K (37%)
----------------- Invoking toplevel() on ptolemy.moml.MoMLSimpleApplication@669828f1
----------------- Done invoking toplevel() on ptolemy.moml.MoMLSimpleApplication@669828f1
reloadAllAccessors: .ConfigurationSwitchSelectSDF2

===========================================================================================
----------------- testing Sat Aug 25 01:57:29 UTC 2018 /home/travis/build/icyphy/ptII/ptolemy/actor/lib/test/auto/Const.xml
----------------- Instantiating /home/travis/build/icyphy/ptII/ptolemy/actor/lib/test/auto/Const.xml
1 ms. Memory: 720896K Free: 259955K (36%)
----------------- Invoking toplevel() on ptolemy.moml.MoMLSimpleApplication@4edac295
----------------- Done invoking toplevel() on ptolemy.moml.MoMLSimpleApplication@4edac295
reloadAllAccessors: .Const

===========================================================================================
----------------- testing Sat Aug 25 01:57:29 UTC 2018 /home/travis/build/icyphy/ptII/ptolemy/actor/lib/test/auto/Const2.xml
----------------- Instantiating /home/travis/build/icyphy/ptII/ptolemy/actor/lib/test/auto/Const2.xml
2 ms. Memory: 720896K Free: 245230K (34%)
----------------- Invoking toplevel() on ptolemy.moml.MoMLSimpleApplication@3bdb9b95
----------------- Done invoking toplevel() on ptolemy.moml.MoMLSimpleApplication@3bdb9b95
reloadAllAccessors: .Const2

===========================================================================================
----------------- testing Sat Aug 25 01:57:29 UTC 2018 /home/travis/build/icyphy/ptII/ptolemy/actor/lib/test/auto/Const3.xml
----------------- Instantiating /home/travis/build/icyphy/ptII/ptolemy/actor/lib/test/auto/Const3.xml
1 ms. Memory: 720896K Free: 236915K (33%)
----------------- Invoking toplevel() on ptolemy.moml.MoMLSimpleApplication@12c880ff
----------------- Done invoking toplevel() on ptolemy.moml.MoMLSimpleApplication@12c880ff
reloadAllAccessors: .Const3

===========================================================================================
----------------- testing Sat Aug 25 01:57:29 UTC 2018 /home/travis/build/icyphy/ptII/ptolemy/actor/lib/test/auto/ConstantPublisherPort1.xml
----------------- Instantiating /home/travis/build/icyphy/ptII/ptolemy/actor/lib/test/auto/ConstantPublisherPort1.xml
6 ms. Memory: 720896K Free: 224435K (31%)
----------------- Invoking toplevel() on ptolemy.moml.MoMLSimpleApplication@9d02db2
----------------- Done invoking toplevel() on ptolemy.moml.MoMLSimpleApplication@9d02db2
reloadAllAccessors: .ConstantPublisherPort1

===========================================================================================
----------------- testing Sat Aug 25 01:57:29 UTC 2018 /home/travis/build/icyphy/ptII/ptolemy/actor/lib/test/auto/ConstantPublisherPort2.xml
----------------- Instantiating /home/travis/build/icyphy/ptII/ptolemy/actor/lib/test/auto/ConstantPublisherPort2.xml
5 ms. Memory: 720896K Free: 205552K (29%)
----------------- Invoking toplevel() on ptolemy.moml.MoMLSimpleApplication@6397e06a
----------------- Done invoking toplevel() on ptolemy.moml.MoMLSimpleApplication@6397e06a
reloadAllAccessors: .ConstantPublisherPort2

===========================================================================================
----------------- testing Sat Aug 25 01:57:29 UTC 2018 /home/travis/build/icyphy/ptII/ptolemy/actor/lib/test/auto/ConstantPublisherPort3.xml
----------------- Instantiating /home/travis/build/icyphy/ptII/ptolemy/actor/lib/test/auto/ConstantPublisherPort3.xml
4 ms. Memory: 720896K Free: 193064K (27%)
----------------- Invoking toplevel() on ptolemy.moml.MoMLSimpleApplication@7990e830
----------------- Done invoking toplevel() on ptolemy.moml.MoMLSimpleApplication@7990e830
reloadAllAccessors: .ConstantPublisherPort3

===========================================================================================
----------------- testing Sat Aug 25 01:57:29 UTC 2018 /home/travis/build/icyphy/ptII/ptolemy/actor/lib/test/auto/ConstantPublisherPort4.xml
----------------- Instantiating /home/travis/build/icyphy/ptII/ptolemy/actor/lib/test/auto/ConstantPublisherPort4.xml
3 ms. Memory: 720896K Free: 180576K (25%)
----------------- Invoking toplevel() on ptolemy.moml.MoMLSimpleApplication@605bfb0f
----------------- Done invoking toplevel() on ptolemy.moml.MoMLSimpleApplication@605bfb0f
reloadAllAccessors: .ConstantPublisherPort4

===========================================================================================
----------------- testing Sat Aug 25 01:57:29 UTC 2018 /home/travis/build/icyphy/ptII/ptolemy/actor/lib/test/auto/ConstantPublisherPort5.xml
----------------- Instantiating /home/travis/build/icyphy/ptII/ptolemy/actor/lib/test/auto/ConstantPublisherPort5.xml
16 ms. Memory: 720896K Free: 153362K (21%)
----------------- Invoking toplevel() on ptolemy.moml.MoMLSimpleApplication@2b4752cf
----------------- Done invoking toplevel() on ptolemy.moml.MoMLSimpleApplication@2b4752cf
reloadAllAccessors: .ConstantPublisherPort5

===========================================================================================
----------------- testing Sat Aug 25 01:57:29 UTC 2018 /home/travis/build/icyphy/ptII/ptolemy/actor/lib/test/auto/ConstantPublisherPort6.xml
----------------- Instantiating /home/travis/build/icyphy/ptII/ptolemy/actor/lib/test/auto/ConstantPublisherPort6.xml
13 ms. Memory: 720896K Free: 128409K (18%)
----------------- Invoking toplevel() on ptolemy.moml.MoMLSimpleApplication@1c4c2752
----------------- Done invoking toplevel() on ptolemy.moml.MoMLSimpleApplication@1c4c2752
reloadAllAccessors: .ConstantPublisherPort6

===========================================================================================
----------------- testing Sat Aug 25 01:57:29 UTC 2018 /home/travis/build/icyphy/ptII/ptolemy/actor/lib/test/auto/ConstantPublisherPort7.xml
----------------- Instantiating /home/travis/build/icyphy/ptII/ptolemy/actor/lib/test/auto/ConstantPublisherPort7.xml
17 ms. Memory: 720896K Free: 103448K (14%)
----------------- Invoking toplevel() on ptolemy.moml.MoMLSimpleApplication@5e92a865
----------------- Done invoking toplevel() on ptolemy.moml.MoMLSimpleApplication@5e92a865
reloadAllAccessors: .ConstantPublisherPort7

===========================================================================================
----------------- testing Sat Aug 25 01:57:29 UTC 2018 /home/travis/build/icyphy/ptII/ptolemy/actor/lib/test/auto/ConstraintMonitor1.xml
----------------- Instantiating /home/travis/build/icyphy/ptII/ptolemy/actor/lib/test/auto/ConstraintMonitor1.xml
2 ms. Memory: 720896K Free: 88723K (12%)
----------------- Invoking toplevel() on ptolemy.moml.MoMLSimpleApplication@3eea080
----------------- Done invoking toplevel() on ptolemy.moml.MoMLSimpleApplication@3eea080
reloadAllAccessors: .ConstraintMonitor1

===========================================================================================
----------------- testing Sat Aug 25 01:57:29 UTC 2018 /home/travis/build/icyphy/ptII/ptolemy/actor/lib/test/auto/ConstraintMonitor2.xml
----------------- Instantiating /home/travis/build/icyphy/ptII/ptolemy/actor/lib/test/auto/ConstraintMonitor2.xml
2 ms. Memory: 720896K Free: 80408K (11%)
----------------- Invoking toplevel() on ptolemy.moml.MoMLSimpleApplication@3d54ad8d
----------------- Done invoking toplevel() on ptolemy.moml.MoMLSimpleApplication@3d54ad8d
reloadAllAccessors: .ConstraintMonitor2

===========================================================================================
----------------- testing Sat Aug 25 01:57:29 UTC 2018 /home/travis/build/icyphy/ptII/ptolemy/actor/lib/test/auto/ConstraintMonitor3.xml
----------------- Instantiating /home/travis/build/icyphy/ptII/ptolemy/actor/lib/test/auto/ConstraintMonitor3.xml
6 ms. Memory: 720896K Free: 72094K (10%)
----------------- Invoking toplevel() on ptolemy.moml.MoMLSimpleApplication@326ee02b
----------------- Done invoking toplevel() on ptolemy.moml.MoMLSimpleApplication@326ee02b
reloadAllAccessors: .ConstraintMonitor3

===========================================================================================
----------------- testing Sat Aug 25 01:57:29 UTC 2018 /home/travis/build/icyphy/ptII/ptolemy/actor/lib/test/auto/ConstraintMonitor4.xml
----------------- Instantiating /home/travis/build/icyphy/ptII/ptolemy/actor/lib/test/auto/ConstraintMonitor4.xml
3 ms. Memory: 720896K Free: 58560K (8%)
----------------- Invoking toplevel() on ptolemy.moml.MoMLSimpleApplication@265afe69
----------------- Done invoking toplevel() on ptolemy.moml.MoMLSimpleApplication@265afe69
reloadAllAccessors: .ConstraintMonitor4

===========================================================================================
----------------- testing Sat Aug 25 01:57:29 UTC 2018 /home/travis/build/icyphy/ptII/ptolemy/actor/lib/test/auto/ConstraintMonitor5.xml
----------------- Instantiating /home/travis/build/icyphy/ptII/ptolemy/actor/lib/test/auto/ConstraintMonitor5.xml
6 ms. Memory: 1095168K Free: 1036058K (95%)
----------------- Invoking toplevel() on ptolemy.moml.MoMLSimpleApplication@6a3cce29
----------------- Done invoking toplevel() on ptolemy.moml.MoMLSimpleApplication@6a3cce29
reloadAllAccessors: .ConstraintMonitor5

===========================================================================================
----------------- testing Sat Aug 25 01:57:29 UTC 2018 /home/travis/build/icyphy/ptII/ptolemy/actor/lib/test/auto/ConstraintMonitor6.xml
----------------- Instantiating /home/travis/build/icyphy/ptII/ptolemy/actor/lib/test/auto/ConstraintMonitor6.xml
8 ms. Memory: 1095168K Free: 1014899K (93%)
----------------- Invoking toplevel() on ptolemy.moml.MoMLSimpleApplication@478eeae0
----------------- Done invoking toplevel() on ptolemy.moml.MoMLSimpleApplication@478eeae0
reloadAllAccessors: .ConstraintMonitor6

===========================================================================================
----------------- testing Sat Aug 25 01:57:29 UTC 2018 /home/travis/build/icyphy/ptII/ptolemy/actor/lib/test/auto/ConstraintMonitor7.xml
----------------- Instantiating /home/travis/build/icyphy/ptII/ptolemy/actor/lib/test/auto/ConstraintMonitor7.xml
8 ms. Memory: 1095168K Free: 1001506K (91%)
----------------- Invoking toplevel() on ptolemy.moml.MoMLSimpleApplication@5ca7f6de
----------------- Done invoking toplevel() on ptolemy.moml.MoMLSimpleApplication@5ca7f6de
reloadAllAccessors: .ConstraintMonitor7

===========================================================================================
----------------- testing Sat Aug 25 01:57:29 UTC 2018 /home/travis/build/icyphy/ptII/ptolemy/actor/lib/test/auto/ConstraintMonitor8.xml
----------------- Instantiating /home/travis/build/icyphy/ptII/ptolemy/actor/lib/test/auto/ConstraintMonitor8.xml
8 ms. Memory: 1095168K Free: 988201K (90%)
----------------- Invoking toplevel() on ptolemy.moml.MoMLSimpleApplication@3ab9c253
----------------- Done invoking toplevel() on ptolemy.moml.MoMLSimpleApplication@3ab9c253
reloadAllAccessors: .ConstraintMonitor8

===========================================================================================
----------------- testing Sat Aug 25 01:57:29 UTC 2018 /home/travis/build/icyphy/ptII/ptolemy/actor/lib/test/auto/Counter.xml
----------------- Instantiating /home/travis/build/icyphy/ptII/ptolemy/actor/lib/test/auto/Counter.xml
3 ms. Memory: 1095168K Free: 967041K (88%)
----------------- Invoking toplevel() on ptolemy.moml.MoMLSimpleApplication@6fd97d70
----------------- Done invoking toplevel() on ptolemy.moml.MoMLSimpleApplication@6fd97d70
reloadAllAccessors: .Counter

===========================================================================================
----------------- testing Sat Aug 25 01:57:29 UTC 2018 /home/travis/build/icyphy/ptII/ptolemy/actor/lib/test/auto/CurrentTimeSDF.xml
----------------- Instantiating /home/travis/build/icyphy/ptII/ptolemy/actor/lib/test/auto/CurrentTimeSDF.xml
1 ms. Memory: 1095168K Free: 953736K (87%)
----------------- Invoking toplevel() on ptolemy.moml.MoMLSimpleApplication@11d7cb45
----------------- Done invoking toplevel() on ptolemy.moml.MoMLSimpleApplication@11d7cb45
reloadAllAccessors: .CurrentTimeSDF

===========================================================================================
----------------- testing Sat Aug 25 01:57:29 UTC 2018 /home/travis/build/icyphy/ptII/ptolemy/actor/lib/test/auto/DB.xml
----------------- Instantiating /home/travis/build/icyphy/ptII/ptolemy/actor/lib/test/auto/DB.xml
2 ms. Memory: 1095168K Free: 940431K (86%)
----------------- Invoking toplevel() on ptolemy.moml.MoMLSimpleApplication@cb8363a
----------------- Done invoking toplevel() on ptolemy.moml.MoMLSimpleApplication@cb8363a
reloadAllAccessors: .DB

===========================================================================================
----------------- testing Sat Aug 25 01:57:29 UTC 2018 /home/travis/build/icyphy/ptII/ptolemy/actor/lib/test/auto/DBDE.xml
----------------- Instantiating /home/travis/build/icyphy/ptII/ptolemy/actor/lib/test/auto/DBDE.xml
3 ms. Memory: 1095168K Free: 919272K (84%)
----------------- Invoking toplevel() on ptolemy.moml.MoMLSimpleApplication@57adc29d
----------------- Done invoking toplevel() on ptolemy.moml.MoMLSimpleApplication@57adc29d
reloadAllAccessors: .DBDE

===========================================================================================
----------------- testing Sat Aug 25 01:57:29 UTC 2018 /home/travis/build/icyphy/ptII/ptolemy/actor/lib/test/auto/DateConstructor.xml
----------------- Instantiating /home/travis/build/icyphy/ptII/ptolemy/actor/lib/test/auto/DateConstructor.xml
20 ms. Memory: 1095168K Free: 892629K (82%)
----------------- Invoking toplevel() on ptolemy.moml.MoMLSimpleApplication@5508ea31
----------------- Done invoking toplevel() on ptolemy.moml.MoMLSimpleApplication@5508ea31
reloadAllAccessors: .DateConstructor

===========================================================================================
----------------- testing Sat Aug 25 01:57:30 UTC 2018 /home/travis/build/icyphy/ptII/ptolemy/actor/lib/test/auto/DelayTime.xml
----------------- Instantiating /home/travis/build/icyphy/ptII/ptolemy/actor/lib/test/auto/DelayTime.xml
2 ms. Memory: 1095168K Free: 879324K (80%)
----------------- Invoking toplevel() on ptolemy.moml.MoMLSimpleApplication@37bb75d5
----------------- Done invoking toplevel() on ptolemy.moml.MoMLSimpleApplication@37bb75d5
reloadAllAccessors: .DelayTime

===========================================================================================
----------------- testing Sat Aug 25 01:57:30 UTC 2018 /home/travis/build/icyphy/ptII/ptolemy/actor/lib/test/auto/Dictionary1.xml
----------------- Instantiating /home/travis/build/icyphy/ptII/ptolemy/actor/lib/test/auto/Dictionary1.xml
1 ms. Memory: 1095168K Free: 866019K (79%)
----------------- Invoking toplevel() on ptolemy.moml.MoMLSimpleApplication@5e1c1029
----------------- Done invoking toplevel() on ptolemy.moml.MoMLSimpleApplication@5e1c1029
reloadAllAccessors: .Dictionary1

===========================================================================================
----------------- testing Sat Aug 25 01:57:30 UTC 2018 /home/travis/build/icyphy/ptII/ptolemy/actor/lib/test/auto/Dictionary2.xml
----------------- Instantiating /home/travis/build/icyphy/ptII/ptolemy/actor/lib/test/auto/Dictionary2.xml
3 ms. Memory: 1095168K Free: 844859K (77%)
----------------- Invoking toplevel() on ptolemy.moml.MoMLSimpleApplication@3ab5b1c2
----------------- Done invoking toplevel() on ptolemy.moml.MoMLSimpleApplication@3ab5b1c2
reloadAllAccessors: .Dictionary2

===========================================================================================
----------------- testing Sat Aug 25 01:57:30 UTC 2018 /home/travis/build/icyphy/ptII/ptolemy/actor/lib/test/auto/Dictionary3.xml
----------------- Instantiating /home/travis/build/icyphy/ptII/ptolemy/actor/lib/test/auto/Dictionary3.xml
2 ms. Memory: 1095168K Free: 831554K (76%)
----------------- Invoking toplevel() on ptolemy.moml.MoMLSimpleApplication@3d772442
----------------- Done invoking toplevel() on ptolemy.moml.MoMLSimpleApplication@3d772442
reloadAllAccessors: .Dictionary3

===========================================================================================
----------------- testing Sat Aug 25 01:57:30 UTC 2018 /home/travis/build/icyphy/ptII/ptolemy/actor/lib/test/auto/Dictionary4.xml
----------------- Instantiating /home/travis/build/icyphy/ptII/ptolemy/actor/lib/test/auto/Dictionary4.xml
3 ms. Memory: 1095168K Free: 818249K (75%)
----------------- Invoking toplevel() on ptolemy.moml.MoMLSimpleApplication@46f3af24
----------------- Done invoking toplevel() on ptolemy.moml.MoMLSimpleApplication@46f3af24
reloadAllAccessors: .Dictionary4

===========================================================================================
----------------- testing Sat Aug 25 01:57:30 UTC 2018 /home/travis/build/icyphy/ptII/ptolemy/actor/lib/test/auto/Differential.xml
----------------- Instantiating /home/travis/build/icyphy/ptII/ptolemy/actor/lib/test/auto/Differential.xml
4 ms. Memory: 1095168K Free: 797090K (73%)
----------------- Invoking toplevel() on ptolemy.moml.MoMLSimpleApplication@df9e4e9
----------------- Done invoking toplevel() on ptolemy.moml.MoMLSimpleApplication@df9e4e9
reloadAllAccessors: .Differential

===========================================================================================
----------------- testing Sat Aug 25 01:57:30 UTC 2018 /home/travis/build/icyphy/ptII/ptolemy/actor/lib/test/auto/Director.xml
----------------- Instantiating /home/travis/build/icyphy/ptII/ptolemy/actor/lib/test/auto/Director.xml
1 ms. Memory: 1095168K Free: 783785K (72%)
----------------- Invoking toplevel() on ptolemy.moml.MoMLSimpleApplication@43ca651c
----------------- Done invoking toplevel() on ptolemy.moml.MoMLSimpleApplication@43ca651c
reloadAllAccessors: .Director

===========================================================================================
----------------- testing Sat Aug 25 01:57:30 UTC 2018 /home/travis/build/icyphy/ptII/ptolemy/actor/lib/test/auto/DiscreteClock.xml
----------------- Instantiating /home/travis/build/icyphy/ptII/ptolemy/actor/lib/test/auto/DiscreteClock.xml
1 ms. Memory: 1095168K Free: 770479K (70%)
----------------- Invoking toplevel() on ptolemy.moml.MoMLSimpleApplication@7078d137
----------------- Done invoking toplevel() on ptolemy.moml.MoMLSimpleApplication@7078d137
reloadAllAccessors: .DiscreteClock

===========================================================================================
----------------- testing Sat Aug 25 01:57:30 UTC 2018 /home/travis/build/icyphy/ptII/ptolemy/actor/lib/test/auto/DiscreteClock10.xml
----------------- Instantiating /home/travis/build/icyphy/ptII/ptolemy/actor/lib/test/auto/DiscreteClock10.xml
4 ms. Memory: 1095168K Free: 749320K (68%)
----------------- Invoking toplevel() on ptolemy.moml.MoMLSimpleApplication@4a1341d2
----------------- Done invoking toplevel() on ptolemy.moml.MoMLSimpleApplication@4a1341d2
reloadAllAccessors: .DiscreteClock10

===========================================================================================
----------------- testing Sat Aug 25 01:57:30 UTC 2018 /home/travis/build/icyphy/ptII/ptolemy/actor/lib/test/auto/DiscreteClock11.xml
----------------- Instantiating /home/travis/build/icyphy/ptII/ptolemy/actor/lib/test/auto/DiscreteClock11.xml
2 ms. Memory: 1095168K Free: 736015K (67%)
----------------- Invoking toplevel() on ptolemy.moml.MoMLSimpleApplication@2d79d1cb
----------------- Done invoking toplevel() on ptolemy.moml.MoMLSimpleApplication@2d79d1cb
reloadAllAccessors: .DiscreteClock11

===========================================================================================
----------------- testing Sat Aug 25 01:57:30 UTC 2018 /home/travis/build/icyphy/ptII/ptolemy/actor/lib/test/auto/DiscreteClock12.xml
----------------- Instantiating /home/travis/build/icyphy/ptII/ptolemy/actor/lib/test/auto/DiscreteClock12.xml
2 ms. Memory: 1095168K Free: 722710K (66%)
----------------- Invoking toplevel() on ptolemy.moml.MoMLSimpleApplication@7b30ea00
----------------- Done invoking toplevel() on ptolemy.moml.MoMLSimpleApplication@7b30ea00
reloadAllAccessors: .DiscreteClock12

===========================================================================================
----------------- testing Sat Aug 25 01:57:30 UTC 2018 /home/travis/build/icyphy/ptII/ptolemy/actor/lib/test/auto/DiscreteClock13.xml
----------------- Instantiating /home/travis/build/icyphy/ptII/ptolemy/actor/lib/test/auto/DiscreteClock13.xml
2 ms. Memory: 1095168K Free: 709405K (65%)
----------------- Invoking toplevel() on ptolemy.moml.MoMLSimpleApplication@767c812e
----------------- Done invoking toplevel() on ptolemy.moml.MoMLSimpleApplication@767c812e
reloadAllAccessors: .DiscreteClock13

===========================================================================================
----------------- testing Sat Aug 25 01:57:30 UTC 2018 /home/travis/build/icyphy/ptII/ptolemy/actor/lib/test/auto/DiscreteClock14.xml
----------------- Instantiating /home/travis/build/icyphy/ptII/ptolemy/actor/lib/test/auto/DiscreteClock14.xml
7 ms. Memory: 1095168K Free: 688245K (63%)
----------------- Invoking toplevel() on ptolemy.moml.MoMLSimpleApplication@74d41506
----------------- Done invoking toplevel() on ptolemy.moml.MoMLSimpleApplication@74d41506
reloadAllAccessors: .DiscreteClock14

===========================================================================================
----------------- testing Sat Aug 25 01:57:30 UTC 2018 /home/travis/build/icyphy/ptII/ptolemy/actor/lib/test/auto/DiscreteClock15.xml
----------------- Instantiating /home/travis/build/icyphy/ptII/ptolemy/actor/lib/test/auto/DiscreteClock15.xml
3 ms. Memory: 1095168K Free: 674940K (62%)
----------------- Invoking toplevel() on ptolemy.moml.MoMLSimpleApplication@5d09068f
----------------- Done invoking toplevel() on ptolemy.moml.MoMLSimpleApplication@5d09068f
reloadAllAccessors: .DiscreteClock15

===========================================================================================
----------------- testing Sat Aug 25 01:57:30 UTC 2018 /home/travis/build/icyphy/ptII/ptolemy/actor/lib/test/auto/DiscreteClock16.xml
----------------- Instantiating /home/travis/build/icyphy/ptII/ptolemy/actor/lib/test/auto/DiscreteClock16.xml
9 ms. Memory: 1095168K Free: 654966K (60%)
----------------- Invoking toplevel() on ptolemy.moml.MoMLSimpleApplication@7a6a59b7
----------------- Done invoking toplevel() on ptolemy.moml.MoMLSimpleApplication@7a6a59b7
reloadAllAccessors: .DiscreteClock16

===========================================================================================
----------------- testing Sat Aug 25 01:57:30 UTC 2018 /home/travis/build/icyphy/ptII/ptolemy/actor/lib/test/auto/DiscreteClock17.xml
----------------- Instantiating /home/travis/build/icyphy/ptII/ptolemy/actor/lib/test/auto/DiscreteClock17.xml
12 ms. Memory: 1095168K Free: 627154K (57%)
----------------- Invoking toplevel() on ptolemy.moml.MoMLSimpleApplication@70cae795
----------------- Done invoking toplevel() on ptolemy.moml.MoMLSimpleApplication@70cae795
reloadAllAccessors: .DiscreteClock17

===========================================================================================
----------------- testing Sat Aug 25 01:57:30 UTC 2018 /home/travis/build/icyphy/ptII/ptolemy/actor/lib/test/auto/DiscreteClock18.xml
----------------- Instantiating /home/travis/build/icyphy/ptII/ptolemy/actor/lib/test/auto/DiscreteClock18.xml
13 ms. Memory: 1095168K Free: 607196K (55%)
----------------- Invoking toplevel() on ptolemy.moml.MoMLSimpleApplication@1a4f2d78
----------------- Done invoking toplevel() on ptolemy.moml.MoMLSimpleApplication@1a4f2d78
reloadAllAccessors: .DiscreteClock18

===========================================================================================
----------------- testing Sat Aug 25 01:57:30 UTC 2018 /home/travis/build/icyphy/ptII/ptolemy/actor/lib/test/auto/DiscreteClock19.xml
----------------- Instantiating /home/travis/build/icyphy/ptII/ptolemy/actor/lib/test/auto/DiscreteClock19.xml
10 ms. Memory: 1095168K Free: 587222K (54%)
----------------- Invoking toplevel() on ptolemy.moml.MoMLSimpleApplication@2f525d70
----------------- Done invoking toplevel() on ptolemy.moml.MoMLSimpleApplication@2f525d70
reloadAllAccessors: .DiscreteClock19

===========================================================================================
----------------- testing Sat Aug 25 01:57:30 UTC 2018 /home/travis/build/icyphy/ptII/ptolemy/actor/lib/test/auto/DiscreteClock2.xml
----------------- Instantiating /home/travis/build/icyphy/ptII/ptolemy/actor/lib/test/auto/DiscreteClock2.xml
4 ms. Memory: 1095168K Free: 573917K (52%)
----------------- Invoking toplevel() on ptolemy.moml.MoMLSimpleApplication@45d82a20
----------------- Done invoking toplevel() on ptolemy.moml.MoMLSimpleApplication@45d82a20
reloadAllAccessors: .DiscreteClock2

===========================================================================================
----------------- testing Sat Aug 25 01:57:30 UTC 2018 /home/travis/build/icyphy/ptII/ptolemy/actor/lib/test/auto/DiscreteClock20.xml
----------------- Instantiating /home/travis/build/icyphy/ptII/ptolemy/actor/lib/test/auto/DiscreteClock20.xml
7 ms. Memory: 1095168K Free: 552758K (50%)
----------------- Invoking toplevel() on ptolemy.moml.MoMLSimpleApplication@6f4f9452
----------------- Done invoking toplevel() on ptolemy.moml.MoMLSimpleApplication@6f4f9452
reloadAllAccessors: .DiscreteClock20

===========================================================================================
----------------- testing Sat Aug 25 01:57:30 UTC 2018 /home/travis/build/icyphy/ptII/ptolemy/actor/lib/test/auto/DiscreteClock21.xml
----------------- Instantiating /home/travis/build/icyphy/ptII/ptolemy/actor/lib/test/auto/DiscreteClock21.xml
6 ms. Memory: 1095168K Free: 539453K (49%)
----------------- Invoking toplevel() on ptolemy.moml.MoMLSimpleApplication@2886b9
----------------- Done invoking toplevel() on ptolemy.moml.MoMLSimpleApplication@2886b9
reloadAllAccessors: .DiscreteClock21

===========================================================================================
----------------- testing Sat Aug 25 01:57:30 UTC 2018 /home/travis/build/icyphy/ptII/ptolemy/actor/lib/test/auto/DiscreteClock22.xml
----------------- Instantiating /home/travis/build/icyphy/ptII/ptolemy/actor/lib/test/auto/DiscreteClock22.xml
6 ms. Memory: 1095168K Free: 526147K (48%)
----------------- Invoking toplevel() on ptolemy.moml.MoMLSimpleApplication@34744944
----------------- Done invoking toplevel() on ptolemy.moml.MoMLSimpleApplication@34744944
reloadAllAccessors: .DiscreteClock22

===========================================================================================
----------------- testing Sat Aug 25 01:57:30 UTC 2018 /home/travis/build/icyphy/ptII/ptolemy/actor/lib/test/auto/DiscreteClock23.xml
----------------- Instantiating /home/travis/build/icyphy/ptII/ptolemy/actor/lib/test/auto/DiscreteClock23.xml
7 ms. Memory: 1095168K Free: 504988K (46%)
----------------- Invoking toplevel() on ptolemy.moml.MoMLSimpleApplication@17bd2c8c
----------------- Done invoking toplevel() on ptolemy.moml.MoMLSimpleApplication@17bd2c8c
reloadAllAccessors: .DiscreteClock23

===========================================================================================
----------------- testing Sat Aug 25 01:57:30 UTC 2018 /home/travis/build/icyphy/ptII/ptolemy/actor/lib/test/auto/DiscreteClock24.xml
----------------- Instantiating /home/travis/build/icyphy/ptII/ptolemy/actor/lib/test/auto/DiscreteClock24.xml
2 ms. Memory: 1095168K Free: 491683K (45%)
----------------- Invoking toplevel() on ptolemy.moml.MoMLSimpleApplication@3161ea7b
----------------- Done invoking toplevel() on ptolemy.moml.MoMLSimpleApplication@3161ea7b
reloadAllAccessors: .DiscreteClock24

===========================================================================================
----------------- testing Sat Aug 25 01:57:30 UTC 2018 /home/travis/build/icyphy/ptII/ptolemy/actor/lib/test/auto/DiscreteClock4.xml
----------------- Instantiating /home/travis/build/icyphy/ptII/ptolemy/actor/lib/test/auto/DiscreteClock4.xml
4 ms. Memory: 1111040K Free: 1063937K (96%)
----------------- Invoking toplevel() on ptolemy.moml.MoMLSimpleApplication@78a8f366
----------------- Done invoking toplevel() on ptolemy.moml.MoMLSimpleApplication@78a8f366
reloadAllAccessors: .DiscreteClock4

===========================================================================================
----------------- testing Sat Aug 25 01:57:31 UTC 2018 /home/travis/build/icyphy/ptII/ptolemy/actor/lib/test/auto/DiscreteClock5.xml
----------------- Instantiating /home/travis/build/icyphy/ptII/ptolemy/actor/lib/test/auto/DiscreteClock5.xml
1 ms. Memory: 1111040K Free: 1044610K (94%)
----------------- Invoking toplevel() on ptolemy.moml.MoMLSimpleApplication@509163a5
----------------- Done invoking toplevel() on ptolemy.moml.MoMLSimpleApplication@509163a5
reloadAllAccessors: .DiscreteClock5

===========================================================================================
----------------- testing Sat Aug 25 01:57:31 UTC 2018 /home/travis/build/icyphy/ptII/ptolemy/actor/lib/test/auto/DiscreteClock6.xml
----------------- Instantiating /home/travis/build/icyphy/ptII/ptolemy/actor/lib/test/auto/DiscreteClock6.xml
2 ms. Memory: 1111040K Free: 1031305K (93%)
----------------- Invoking toplevel() on ptolemy.moml.MoMLSimpleApplication@c22657c
----------------- Done invoking toplevel() on ptolemy.moml.MoMLSimpleApplication@c22657c
reloadAllAccessors: .DiscreteClock6

===========================================================================================
----------------- testing Sat Aug 25 01:57:31 UTC 2018 /home/travis/build/icyphy/ptII/ptolemy/actor/lib/test/auto/DiscreteClock7.xml
----------------- Instantiating /home/travis/build/icyphy/ptII/ptolemy/actor/lib/test/auto/DiscreteClock7.xml
1 ms. Memory: 1111040K Free: 1011978K (91%)
----------------- Invoking toplevel() on ptolemy.moml.MoMLSimpleApplication@5384b816
----------------- Done invoking toplevel() on ptolemy.moml.MoMLSimpleApplication@5384b816
reloadAllAccessors: .DiscreteClock7

===========================================================================================
----------------- testing Sat Aug 25 01:57:31 UTC 2018 /home/travis/build/icyphy/ptII/ptolemy/actor/lib/test/auto/DiscreteClock8.xml
----------------- Instantiating /home/travis/build/icyphy/ptII/ptolemy/actor/lib/test/auto/DiscreteClock8.xml
6 ms. Memory: 1111040K Free: 998673K (90%)
----------------- Invoking toplevel() on ptolemy.moml.MoMLSimpleApplication@5eb956bc
----------------- Done invoking toplevel() on ptolemy.moml.MoMLSimpleApplication@5eb956bc
reloadAllAccessors: .DiscreteClock8

===========================================================================================
----------------- testing Sat Aug 25 01:57:31 UTC 2018 /home/travis/build/icyphy/ptII/ptolemy/actor/lib/test/auto/DiscreteClock9.xml
----------------- Instantiating /home/travis/build/icyphy/ptII/ptolemy/actor/lib/test/auto/DiscreteClock9.xml
7 ms. Memory: 1111040K Free: 985367K (89%)
----------------- Invoking toplevel() on ptolemy.moml.MoMLSimpleApplication@24249f01
----------------- Done invoking toplevel() on ptolemy.moml.MoMLSimpleApplication@24249f01
reloadAllAccessors: .DiscreteClock9

===========================================================================================
----------------- testing Sat Aug 25 01:57:31 UTC 2018 /home/travis/build/icyphy/ptII/ptolemy/actor/lib/test/auto/DisplayArray.xml
----------------- Instantiating /home/travis/build/icyphy/ptII/ptolemy/actor/lib/test/auto/DisplayArray.xml
1 ms. Memory: 1111040K Free: 965983K (87%)
----------------- Invoking toplevel() on ptolemy.moml.MoMLSimpleApplication@162dad60
----------------- Done invoking toplevel() on ptolemy.moml.MoMLSimpleApplication@162dad60
reloadAllAccessors: .DisplayArray

===========================================================================================
----------------- testing Sat Aug 25 01:57:31 UTC 2018 /home/travis/build/icyphy/ptII/ptolemy/actor/lib/test/auto/Distributor.xml
----------------- Instantiating /home/travis/build/icyphy/ptII/ptolemy/actor/lib/test/auto/Distributor.xml
2 ms. Memory: 1111040K Free: 952678K (86%)
----------------- Invoking toplevel() on ptolemy.moml.MoMLSimpleApplication@2bc1b8a4
----------------- Done invoking toplevel() on ptolemy.moml.MoMLSimpleApplication@2bc1b8a4
reloadAllAccessors: .Distributor

===========================================================================================
----------------- testing Sat Aug 25 01:57:31 UTC 2018 /home/travis/build/icyphy/ptII/ptolemy/actor/lib/test/auto/Distributor2.xml
----------------- Instantiating /home/travis/build/icyphy/ptII/ptolemy/actor/lib/test/auto/Distributor2.xml
2 ms. Memory: 1111040K Free: 933351K (84%)
----------------- Invoking toplevel() on ptolemy.moml.MoMLSimpleApplication@98f6aea
----------------- Done invoking toplevel() on ptolemy.moml.MoMLSimpleApplication@98f6aea
reloadAllAccessors: .Distributor2

===========================================================================================
----------------- testing Sat Aug 25 01:57:31 UTC 2018 /home/travis/build/icyphy/ptII/ptolemy/actor/lib/test/auto/DownSample.xml
----------------- Instantiating /home/travis/build/icyphy/ptII/ptolemy/actor/lib/test/auto/DownSample.xml
2 ms. Memory: 1111040K Free: 920046K (83%)
----------------- Invoking toplevel() on ptolemy.moml.MoMLSimpleApplication@467077a0
----------------- Done invoking toplevel() on ptolemy.moml.MoMLSimpleApplication@467077a0
reloadAllAccessors: .DownSample

===========================================================================================
----------------- testing Sat Aug 25 01:57:31 UTC 2018 /home/travis/build/icyphy/ptII/ptolemy/actor/lib/test/auto/ElectronicUnitBase1.xml
----------------- Instantiating /home/travis/build/icyphy/ptII/ptolemy/actor/lib/test/auto/ElectronicUnitBase1.xml
19 ms. Memory: 1111040K Free: 893427K (80%)
----------------- Invoking toplevel() on ptolemy.moml.MoMLSimpleApplication@26b620b7
----------------- Done invoking toplevel() on ptolemy.moml.MoMLSimpleApplication@26b620b7
reloadAllAccessors: .ElectronicUnitBase1

===========================================================================================
----------------- testing Sat Aug 25 01:57:31 UTC 2018 /home/travis/build/icyphy/ptII/ptolemy/actor/lib/test/auto/ElementsToArray.xml
----------------- Instantiating /home/travis/build/icyphy/ptII/ptolemy/actor/lib/test/auto/ElementsToArray.xml
3 ms. Memory: 1111040K Free: 874100K (79%)
----------------- Invoking toplevel() on ptolemy.moml.MoMLSimpleApplication@4b2b4bef
----------------- Done invoking toplevel() on ptolemy.moml.MoMLSimpleApplication@4b2b4bef
reloadAllAccessors: .ElementsToArray

===========================================================================================
----------------- testing Sat Aug 25 01:57:31 UTC 2018 /home/travis/build/icyphy/ptII/ptolemy/actor/lib/test/auto/Equals.xml
----------------- Instantiating /home/travis/build/icyphy/ptII/ptolemy/actor/lib/test/auto/Equals.xml
3 ms. Memory: 1111040K Free: 860795K (77%)
----------------- Invoking toplevel() on ptolemy.moml.MoMLSimpleApplication@752e763f
----------------- Done invoking toplevel() on ptolemy.moml.MoMLSimpleApplication@752e763f
reloadAllAccessors: .Equals

===========================================================================================
----------------- testing Sat Aug 25 01:57:31 UTC 2018 /home/travis/build/icyphy/ptII/ptolemy/actor/lib/test/auto/Exec.xml
----------------- Instantiating /home/travis/build/icyphy/ptII/ptolemy/actor/lib/test/auto/Exec.xml
13 ms. Memory: 1111040K Free: 818184K (74%)
----------------- Invoking toplevel() on ptolemy.moml.MoMLSimpleApplication@4e3d6214
----------------- Done invoking toplevel() on ptolemy.moml.MoMLSimpleApplication@4e3d6214
reloadAllAccessors: .Exec

===========================================================================================
----------------- testing Sat Aug 25 01:57:31 UTC 2018 /home/travis/build/icyphy/ptII/ptolemy/actor/lib/test/auto/ExecEnvironment.xml
----------------- Instantiating /home/travis/build/icyphy/ptII/ptolemy/actor/lib/test/auto/ExecEnvironment.xml
21 ms. Memory: 1111040K Free: 798226K (72%)
----------------- Invoking toplevel() on ptolemy.moml.MoMLSimpleApplication@5beaadb6
----------------- Done invoking toplevel() on ptolemy.moml.MoMLSimpleApplication@5beaadb6
reloadAllAccessors: .ExecEnvironment

===========================================================================================
----------------- testing Sat Aug 25 01:57:31 UTC 2018 /home/travis/build/icyphy/ptII/ptolemy/actor/lib/test/auto/ExecNonZeroReturnOutput.xml
----------------- Instantiating /home/travis/build/icyphy/ptII/ptolemy/actor/lib/test/auto/ExecNonZeroReturnOutput.xml
134 ms. Memory: 1111040K Free: 698436K (63%)
----------------- Invoking toplevel() on ptolemy.moml.MoMLSimpleApplication@5410f241
----------------- Done invoking toplevel() on ptolemy.moml.MoMLSimpleApplication@5410f241
reloadAllAccessors: .ExecNonZeroReturnOutput

===========================================================================================
----------------- testing Sat Aug 25 01:57:31 UTC 2018 /home/travis/build/icyphy/ptII/ptolemy/actor/lib/test/auto/ExecRunDemos.xml
----------------- Instantiating /home/travis/build/icyphy/ptII/ptolemy/actor/lib/test/auto/ExecRunDemos.xml
Finished: 94 ms. Memory: 116224K Free: 100103K (86%)

Finished: 36 ms. Memory: 116224K Free: 96359K (83%)

Finished: 57 ms. Memory: 116224K Free: 96957K (83%)

Finished: 52 ms. Memory: 116224K Free: 98236K (85%)

Finished: 52 ms. Memory: 116224K Free: 100076K (86%)

10012 ms. Memory: 1111040K Free: 599248K (54%)
----------------- Invoking toplevel() on ptolemy.moml.MoMLSimpleApplication@3e8d93fc
----------------- Done invoking toplevel() on ptolemy.moml.MoMLSimpleApplication@3e8d93fc
reloadAllAccessors: .ExecRunDemos

===========================================================================================
----------------- testing Sat Aug 25 01:57:41 UTC 2018 /home/travis/build/icyphy/ptII/ptolemy/actor/lib/test/auto/ExecStop.xml
----------------- Instantiating /home/travis/build/icyphy/ptII/ptolemy/actor/lib/test/auto/ExecStop.xml
5010 ms. Memory: 1111040K Free: 426279K (38%)
----------------- Invoking toplevel() on ptolemy.moml.MoMLSimpleApplication@4cd878e4
----------------- Done invoking toplevel() on ptolemy.moml.MoMLSimpleApplication@4cd878e4
reloadAllAccessors: .ExecStop

===========================================================================================
----------------- testing Sat Aug 25 01:57:46 UTC 2018 /home/travis/build/icyphy/ptII/ptolemy/actor/lib/test/auto/ExecutionTimeSDF.xml
----------------- Instantiating /home/travis/build/icyphy/ptII/ptolemy/actor/lib/test/auto/ExecutionTimeSDF.xml
Fired ExecutionTime: -584167296
Fired ExecutionTime: 900800000
Fired ExecutionTime: 916000000
6008 ms. Memory: 1111040K Free: 400284K (36%)
----------------- Invoking toplevel() on ptolemy.moml.MoMLSimpleApplication@49d0983c
----------------- Done invoking toplevel() on ptolemy.moml.MoMLSimpleApplication@49d0983c
reloadAllAccessors: .ExecutionTimeSDF

===========================================================================================
----------------- testing Sat Aug 25 01:57:52 UTC 2018 /home/travis/build/icyphy/ptII/ptolemy/actor/lib/test/auto/Expression1.xml
----------------- Instantiating /home/travis/build/icyphy/ptII/ptolemy/actor/lib/test/auto/Expression1.xml
2 ms. Memory: 1111040K Free: 386979K (35%)
----------------- Invoking toplevel() on ptolemy.moml.MoMLSimpleApplication@504d8de7
----------------- Done invoking toplevel() on ptolemy.moml.MoMLSimpleApplication@504d8de7
reloadAllAccessors: .Expression1

===========================================================================================
----------------- testing Sat Aug 25 01:57:52 UTC 2018 /home/travis/build/icyphy/ptII/ptolemy/actor/lib/test/auto/Expression10.xml
----------------- Instantiating /home/travis/build/icyphy/ptII/ptolemy/actor/lib/test/auto/Expression10.xml
5 ms. Memory: 1111040K Free: 373674K (34%)
----------------- Invoking toplevel() on ptolemy.moml.MoMLSimpleApplication@613ad5c9
----------------- Done invoking toplevel() on ptolemy.moml.MoMLSimpleApplication@613ad5c9
reloadAllAccessors: .Expression10

===========================================================================================
----------------- testing Sat Aug 25 01:57:52 UTC 2018 /home/travis/build/icyphy/ptII/ptolemy/actor/lib/test/auto/Expression11.xml
----------------- Instantiating /home/travis/build/icyphy/ptII/ptolemy/actor/lib/test/auto/Expression11.xml
3 ms. Memory: 1111040K Free: 354347K (32%)
----------------- Invoking toplevel() on ptolemy.moml.MoMLSimpleApplication@6a258b16
----------------- Done invoking toplevel() on ptolemy.moml.MoMLSimpleApplication@6a258b16
reloadAllAccessors: .Expression11

===========================================================================================
----------------- testing Sat Aug 25 01:57:52 UTC 2018 /home/travis/build/icyphy/ptII/ptolemy/actor/lib/test/auto/Expression12.xml
----------------- Instantiating /home/travis/build/icyphy/ptII/ptolemy/actor/lib/test/auto/Expression12.xml
3 ms. Memory: 1111040K Free: 341042K (31%)
----------------- Invoking toplevel() on ptolemy.moml.MoMLSimpleApplication@1bf7b013
----------------- Done invoking toplevel() on ptolemy.moml.MoMLSimpleApplication@1bf7b013
reloadAllAccessors: .Expression12

===========================================================================================
----------------- testing Sat Aug 25 01:57:52 UTC 2018 /home/travis/build/icyphy/ptII/ptolemy/actor/lib/test/auto/Expression13.xml
----------------- Instantiating /home/travis/build/icyphy/ptII/ptolemy/actor/lib/test/auto/Expression13.xml
4 ms. Memory: 1111040K Free: 327736K (29%)
----------------- Invoking toplevel() on ptolemy.moml.MoMLSimpleApplication@11d4530e
----------------- Done invoking toplevel() on ptolemy.moml.MoMLSimpleApplication@11d4530e
reloadAllAccessors: .Expression13

===========================================================================================
----------------- testing Sat Aug 25 01:57:52 UTC 2018 /home/travis/build/icyphy/ptII/ptolemy/actor/lib/test/auto/Expression14.xml
----------------- Instantiating /home/travis/build/icyphy/ptII/ptolemy/actor/lib/test/auto/Expression14.xml
4 ms. Memory: 1111040K Free: 308410K (28%)
----------------- Invoking toplevel() on ptolemy.moml.MoMLSimpleApplication@46750acc
----------------- Done invoking toplevel() on ptolemy.moml.MoMLSimpleApplication@46750acc
reloadAllAccessors: .Expression14

===========================================================================================
----------------- testing Sat Aug 25 01:57:52 UTC 2018 /home/travis/build/icyphy/ptII/ptolemy/actor/lib/test/auto/Expression15.xml
----------------- Instantiating /home/travis/build/icyphy/ptII/ptolemy/actor/lib/test/auto/Expression15.xml
2 ms. Memory: 1111040K Free: 295104K (27%)
----------------- Invoking toplevel() on ptolemy.moml.MoMLSimpleApplication@2c426b23
----------------- Done invoking toplevel() on ptolemy.moml.MoMLSimpleApplication@2c426b23
reloadAllAccessors: .Expression15

===========================================================================================
----------------- testing Sat Aug 25 01:57:52 UTC 2018 /home/travis/build/icyphy/ptII/ptolemy/actor/lib/test/auto/Expression16.xml
----------------- Instantiating /home/travis/build/icyphy/ptII/ptolemy/actor/lib/test/auto/Expression16.xml
3 ms. Memory: 1111040K Free: 275778K (25%)
----------------- Invoking toplevel() on ptolemy.moml.MoMLSimpleApplication@9f04f7a
----------------- Done invoking toplevel() on ptolemy.moml.MoMLSimpleApplication@9f04f7a
reloadAllAccessors: .Expression16

===========================================================================================
----------------- testing Sat Aug 25 01:57:53 UTC 2018 /home/travis/build/icyphy/ptII/ptolemy/actor/lib/test/auto/Expression17.xml
----------------- Instantiating /home/travis/build/icyphy/ptII/ptolemy/actor/lib/test/auto/Expression17.xml
3 ms. Memory: 1111040K Free: 262473K (24%)
----------------- Invoking toplevel() on ptolemy.moml.MoMLSimpleApplication@61a933e0
----------------- Done invoking toplevel() on ptolemy.moml.MoMLSimpleApplication@61a933e0
reloadAllAccessors: .Expression17

===========================================================================================
----------------- testing Sat Aug 25 01:57:53 UTC 2018 /home/travis/build/icyphy/ptII/ptolemy/actor/lib/test/auto/Expression18.xml
----------------- Instantiating /home/travis/build/icyphy/ptII/ptolemy/actor/lib/test/auto/Expression18.xml
2 ms. Memory: 1111040K Free: 249167K (22%)
----------------- Invoking toplevel() on ptolemy.moml.MoMLSimpleApplication@160ab9a2
----------------- Done invoking toplevel() on ptolemy.moml.MoMLSimpleApplication@160ab9a2
reloadAllAccessors: .Expression18

===========================================================================================
----------------- testing Sat Aug 25 01:57:53 UTC 2018 /home/travis/build/icyphy/ptII/ptolemy/actor/lib/test/auto/Expression2.xml
----------------- Instantiating /home/travis/build/icyphy/ptII/ptolemy/actor/lib/test/auto/Expression2.xml
4 ms. Memory: 1111040K Free: 229840K (21%)
----------------- Invoking toplevel() on ptolemy.moml.MoMLSimpleApplication@1a46033d
----------------- Done invoking toplevel() on ptolemy.moml.MoMLSimpleApplication@1a46033d
reloadAllAccessors: .Expression2

===========================================================================================
----------------- testing Sat Aug 25 01:57:53 UTC 2018 /home/travis/build/icyphy/ptII/ptolemy/actor/lib/test/auto/Expression3.xml
----------------- Instantiating /home/travis/build/icyphy/ptII/ptolemy/actor/lib/test/auto/Expression3.xml
3 ms. Memory: 1111040K Free: 216535K (19%)
----------------- Invoking toplevel() on ptolemy.moml.MoMLSimpleApplication@7865d5eb
----------------- Done invoking toplevel() on ptolemy.moml.MoMLSimpleApplication@7865d5eb
reloadAllAccessors: .Expression3

===========================================================================================
----------------- testing Sat Aug 25 01:57:53 UTC 2018 /home/travis/build/icyphy/ptII/ptolemy/actor/lib/test/auto/Expression4.xml
----------------- Instantiating /home/travis/build/icyphy/ptII/ptolemy/actor/lib/test/auto/Expression4.xml
4 ms. Memory: 1111040K Free: 203230K (18%)
----------------- Invoking toplevel() on ptolemy.moml.MoMLSimpleApplication@4d5b7ac3
----------------- Done invoking toplevel() on ptolemy.moml.MoMLSimpleApplication@4d5b7ac3
reloadAllAccessors: .Expression4

===========================================================================================
----------------- testing Sat Aug 25 01:57:53 UTC 2018 /home/travis/build/icyphy/ptII/ptolemy/actor/lib/test/auto/Expression5.xml
----------------- Instantiating /home/travis/build/icyphy/ptII/ptolemy/actor/lib/test/auto/Expression5.xml
2 ms. Memory: 1111040K Free: 183903K (17%)
----------------- Invoking toplevel() on ptolemy.moml.MoMLSimpleApplication@627086ab
----------------- Done invoking toplevel() on ptolemy.moml.MoMLSimpleApplication@627086ab
reloadAllAccessors: .Expression5

===========================================================================================
----------------- testing Sat Aug 25 01:57:53 UTC 2018 /home/travis/build/icyphy/ptII/ptolemy/actor/lib/test/auto/Expression6.xml
----------------- Instantiating /home/travis/build/icyphy/ptII/ptolemy/actor/lib/test/auto/Expression6.xml
2 ms. Memory: 1111040K Free: 170598K (15%)
----------------- Invoking toplevel() on ptolemy.moml.MoMLSimpleApplication@3407cd61
----------------- Done invoking toplevel() on ptolemy.moml.MoMLSimpleApplication@3407cd61
reloadAllAccessors: .Expression6

===========================================================================================
----------------- testing Sat Aug 25 01:57:53 UTC 2018 /home/travis/build/icyphy/ptII/ptolemy/actor/lib/test/auto/Expression7.xml
----------------- Instantiating /home/travis/build/icyphy/ptII/ptolemy/actor/lib/test/auto/Expression7.xml
3 ms. Memory: 1111040K Free: 151271K (14%)
----------------- Invoking toplevel() on ptolemy.moml.MoMLSimpleApplication@4a424e90
----------------- Done invoking toplevel() on ptolemy.moml.MoMLSimpleApplication@4a424e90
reloadAllAccessors: .Expression7

===========================================================================================
----------------- testing Sat Aug 25 01:57:53 UTC 2018 /home/travis/build/icyphy/ptII/ptolemy/actor/lib/test/auto/Expression8.xml
----------------- Instantiating /home/travis/build/icyphy/ptII/ptolemy/actor/lib/test/auto/Expression8.xml
4 ms. Memory: 1111040K Free: 137966K (12%)
----------------- Invoking toplevel() on ptolemy.moml.MoMLSimpleApplication@365cc153
----------------- Done invoking toplevel() on ptolemy.moml.MoMLSimpleApplication@365cc153
reloadAllAccessors: .Expression8

===========================================================================================
----------------- testing Sat Aug 25 01:57:53 UTC 2018 /home/travis/build/icyphy/ptII/ptolemy/actor/lib/test/auto/Expression9.xml
----------------- Instantiating /home/travis/build/icyphy/ptII/ptolemy/actor/lib/test/auto/Expression9.xml
2 ms. Memory: 1111040K Free: 124661K (11%)
----------------- Invoking toplevel() on ptolemy.moml.MoMLSimpleApplication@a2d28c9
----------------- Done invoking toplevel() on ptolemy.moml.MoMLSimpleApplication@a2d28c9
reloadAllAccessors: .Expression9

===========================================================================================
----------------- testing Sat Aug 25 01:57:53 UTC 2018 /home/travis/build/icyphy/ptII/ptolemy/actor/lib/test/auto/ExpressionConcatenateArrayType.xml
----------------- Instantiating /home/travis/build/icyphy/ptII/ptolemy/actor/lib/test/auto/ExpressionConcatenateArrayType.xml
2 ms. Memory: 1111040K Free: 105334K (9%)
----------------- Invoking toplevel() on ptolemy.moml.MoMLSimpleApplication@22d6aefd
----------------- Done invoking toplevel() on ptolemy.moml.MoMLSimpleApplication@22d6aefd
reloadAllAccessors: .ExpressionConcatenateArrayType

===========================================================================================
----------------- testing Sat Aug 25 01:57:53 UTC 2018 /home/travis/build/icyphy/ptII/ptolemy/actor/lib/test/auto/ExpressionConcatenateArrayType2.xml
----------------- Instantiating /home/travis/build/icyphy/ptII/ptolemy/actor/lib/test/auto/ExpressionConcatenateArrayType2.xml
3 ms. Memory: 1111040K Free: 92029K (8%)
----------------- Invoking toplevel() on ptolemy.moml.MoMLSimpleApplication@19b9fd91
----------------- Done invoking toplevel() on ptolemy.moml.MoMLSimpleApplication@19b9fd91
reloadAllAccessors: .ExpressionConcatenateArrayType2

===========================================================================================
----------------- testing Sat Aug 25 01:57:53 UTC 2018 /home/travis/build/icyphy/ptII/ptolemy/actor/lib/test/auto/ExpressionFix.xml
----------------- Instantiating /home/travis/build/icyphy/ptII/ptolemy/actor/lib/test/auto/ExpressionFix.xml
10 ms. Memory: 1111040K Free: 78724K (7%)
----------------- Invoking toplevel() on ptolemy.moml.MoMLSimpleApplication@69ebe94e
----------------- Done invoking toplevel() on ptolemy.moml.MoMLSimpleApplication@69ebe94e
reloadAllAccessors: .ExpressionFix

===========================================================================================
----------------- testing Sat Aug 25 01:57:53 UTC 2018 /home/travis/build/icyphy/ptII/ptolemy/actor/lib/test/auto/ExpressionFix2.xml
----------------- Instantiating /home/travis/build/icyphy/ptII/ptolemy/actor/lib/test/auto/ExpressionFix2.xml
2 ms. Memory: 1288704K Free: 1234909K (96%)
----------------- Invoking toplevel() on ptolemy.moml.MoMLSimpleApplication@20541c55
----------------- Done invoking toplevel() on ptolemy.moml.MoMLSimpleApplication@20541c55
reloadAllAccessors: .ExpressionFix2

===========================================================================================
----------------- testing Sat Aug 25 01:57:53 UTC 2018 /home/travis/build/icyphy/ptII/ptolemy/actor/lib/test/auto/ExpressionFix3.xml
----------------- Instantiating /home/travis/build/icyphy/ptII/ptolemy/actor/lib/test/auto/ExpressionFix3.xml
2 ms. Memory: 1288704K Free: 1213560K (94%)
----------------- Invoking toplevel() on ptolemy.moml.MoMLSimpleApplication@bca90c1
----------------- Done invoking toplevel() on ptolemy.moml.MoMLSimpleApplication@bca90c1
reloadAllAccessors: .ExpressionFix3

===========================================================================================
----------------- testing Sat Aug 25 01:57:53 UTC 2018 /home/travis/build/icyphy/ptII/ptolemy/actor/lib/test/auto/FileWriter1.xml
----------------- Instantiating /home/travis/build/icyphy/ptII/ptolemy/actor/lib/test/auto/FileWriter1.xml
2 ms. Memory: 1288704K Free: 1197681K (93%)
----------------- Invoking toplevel() on ptolemy.moml.MoMLSimpleApplication@63a5330a
----------------- Done invoking toplevel() on ptolemy.moml.MoMLSimpleApplication@63a5330a
reloadAllAccessors: .FileWriter1

===========================================================================================
----------------- testing Sat Aug 25 01:57:53 UTC 2018 /home/travis/build/icyphy/ptII/ptolemy/actor/lib/test/auto/FileWriter2.xml
----------------- Instantiating /home/travis/build/icyphy/ptII/ptolemy/actor/lib/test/auto/FileWriter2.xml
2 ms. Memory: 1288704K Free: 1176376K (91%)
----------------- Invoking toplevel() on ptolemy.moml.MoMLSimpleApplication@75cadfff
----------------- Done invoking toplevel() on ptolemy.moml.MoMLSimpleApplication@75cadfff
reloadAllAccessors: .FileWriter2

===========================================================================================
----------------- testing Sat Aug 25 01:57:53 UTC 2018 /home/travis/build/icyphy/ptII/ptolemy/actor/lib/test/auto/FileWriter3.xml
----------------- Instantiating /home/travis/build/icyphy/ptII/ptolemy/actor/lib/test/auto/FileWriter3.xml
2 ms. Memory: 1288704K Free: 1160498K (90%)
----------------- Invoking toplevel() on ptolemy.moml.MoMLSimpleApplication@10c609e0
----------------- Done invoking toplevel() on ptolemy.moml.MoMLSimpleApplication@10c609e0
reloadAllAccessors: .FileWriter3

===========================================================================================
----------------- testing Sat Aug 25 01:57:53 UTC 2018 /home/travis/build/icyphy/ptII/ptolemy/actor/lib/test/auto/Gaussian.xml
----------------- Instantiating /home/travis/build/icyphy/ptII/ptolemy/actor/lib/test/auto/Gaussian.xml
2 ms. Memory: 1288704K Free: 1139193K (88%)
----------------- Invoking toplevel() on ptolemy.moml.MoMLSimpleApplication@2dc567ba
----------------- Done invoking toplevel() on ptolemy.moml.MoMLSimpleApplication@2dc567ba
reloadAllAccessors: .Gaussian

===========================================================================================
----------------- testing Sat Aug 25 01:57:53 UTC 2018 /home/travis/build/icyphy/ptII/ptolemy/actor/lib/test/auto/Gaussian1.xml
----------------- Instantiating /home/travis/build/icyphy/ptII/ptolemy/actor/lib/test/auto/Gaussian1.xml
3 ms. Memory: 1288704K Free: 1123314K (87%)
----------------- Invoking toplevel() on ptolemy.moml.MoMLSimpleApplication@4b7e31c0
----------------- Done invoking toplevel() on ptolemy.moml.MoMLSimpleApplication@4b7e31c0
reloadAllAccessors: .Gaussian1

===========================================================================================
----------------- testing Sat Aug 25 01:57:53 UTC 2018 /home/travis/build/icyphy/ptII/ptolemy/actor/lib/test/auto/Gaussian2.xml
----------------- Instantiating /home/travis/build/icyphy/ptII/ptolemy/actor/lib/test/auto/Gaussian2.xml
2 ms. Memory: 1288704K Free: 1107435K (86%)
----------------- Invoking toplevel() on ptolemy.moml.MoMLSimpleApplication@6539c3d1
----------------- Done invoking toplevel() on ptolemy.moml.MoMLSimpleApplication@6539c3d1
reloadAllAccessors: .Gaussian2

===========================================================================================
----------------- testing Sat Aug 25 01:57:53 UTC 2018 /home/travis/build/icyphy/ptII/ptolemy/actor/lib/test/auto/GradientAdaptiveLattice.xml
----------------- Instantiating /home/travis/build/icyphy/ptII/ptolemy/actor/lib/test/auto/GradientAdaptiveLattice.xml
3 ms. Memory: 1288704K Free: 1086131K (84%)
----------------- Invoking toplevel() on ptolemy.moml.MoMLSimpleApplication@6a3a9616
----------------- Done invoking toplevel() on ptolemy.moml.MoMLSimpleApplication@6a3a9616
reloadAllAccessors: .GradientAdaptiveLattice

===========================================================================================
----------------- testing Sat Aug 25 01:57:53 UTC 2018 /home/travis/build/icyphy/ptII/ptolemy/actor/lib/test/auto/IIR.xml
----------------- Instantiating /home/travis/build/icyphy/ptII/ptolemy/actor/lib/test/auto/IIR.xml
4 ms. Memory: 1288704K Free: 1070252K (83%)
----------------- Invoking toplevel() on ptolemy.moml.MoMLSimpleApplication@4fd80b77
----------------- Done invoking toplevel() on ptolemy.moml.MoMLSimpleApplication@4fd80b77
reloadAllAccessors: .IIR

===========================================================================================
----------------- testing Sat Aug 25 01:57:53 UTC 2018 /home/travis/build/icyphy/ptII/ptolemy/actor/lib/test/auto/InputOutputTransparentPorts.xml
----------------- Instantiating /home/travis/build/icyphy/ptII/ptolemy/actor/lib/test/auto/InputOutputTransparentPorts.xml
1 ms. Memory: 1288704K Free: 1048948K (81%)
----------------- Invoking toplevel() on ptolemy.moml.MoMLSimpleApplication@1ef18a9
----------------- Done invoking toplevel() on ptolemy.moml.MoMLSimpleApplication@1ef18a9
reloadAllAccessors: .InputOutputTransparentPorts

===========================================================================================
----------------- testing Sat Aug 25 01:57:53 UTC 2018 /home/travis/build/icyphy/ptII/ptolemy/actor/lib/test/auto/Interpolator.xml
----------------- Instantiating /home/travis/build/icyphy/ptII/ptolemy/actor/lib/test/auto/Interpolator.xml
6 ms. Memory: 1288704K Free: 1033069K (80%)
----------------- Invoking toplevel() on ptolemy.moml.MoMLSimpleApplication@e54de1b
----------------- Done invoking toplevel() on ptolemy.moml.MoMLSimpleApplication@e54de1b
reloadAllAccessors: .Interpolator

===========================================================================================
----------------- testing Sat Aug 25 01:57:53 UTC 2018 /home/travis/build/icyphy/ptII/ptolemy/actor/lib/test/auto/InterpolatorFiringLimitDE.xml
----------------- Instantiating /home/travis/build/icyphy/ptII/ptolemy/actor/lib/test/auto/InterpolatorFiringLimitDE.xml
3 ms. Memory: 1288704K Free: 1011764K (79%)
----------------- Invoking toplevel() on ptolemy.moml.MoMLSimpleApplication@224a2349
----------------- Done invoking toplevel() on ptolemy.moml.MoMLSimpleApplication@224a2349
reloadAllAccessors: .InterpolatorFiringLimitDE

===========================================================================================
----------------- testing Sat Aug 25 01:57:53 UTC 2018 /home/travis/build/icyphy/ptII/ptolemy/actor/lib/test/auto/Lattice.xml
----------------- Instantiating /home/travis/build/icyphy/ptII/ptolemy/actor/lib/test/auto/Lattice.xml
1 ms. Memory: 1288704K Free: 995885K (77%)
----------------- Invoking toplevel() on ptolemy.moml.MoMLSimpleApplication@5624eb44
----------------- Done invoking toplevel() on ptolemy.moml.MoMLSimpleApplication@5624eb44
reloadAllAccessors: .Lattice

===========================================================================================
----------------- testing Sat Aug 25 01:57:53 UTC 2018 /home/travis/build/icyphy/ptII/ptolemy/actor/lib/test/auto/LazyAOCTestLazy.xml
----------------- Instantiating /home/travis/build/icyphy/ptII/ptolemy/actor/lib/test/auto/LazyAOCTestLazy.xml
10 ms. Memory: 1288704K Free: 980006K (76%)
----------------- Invoking toplevel() on ptolemy.moml.MoMLSimpleApplication@7657ef59
----------------- Done invoking toplevel() on ptolemy.moml.MoMLSimpleApplication@7657ef59
reloadAllAccessors: .LazyAOCTestLazy

===========================================================================================
----------------- testing Sat Aug 25 01:57:53 UTC 2018 /home/travis/build/icyphy/ptII/ptolemy/actor/lib/test/auto/LazyAOCTestNonLazy.xml
----------------- Instantiating /home/travis/build/icyphy/ptII/ptolemy/actor/lib/test/auto/LazyAOCTestNonLazy.xml
5 ms. Memory: 1288704K Free: 958702K (74%)
----------------- Invoking toplevel() on ptolemy.moml.MoMLSimpleApplication@2f7cda67
----------------- Done invoking toplevel() on ptolemy.moml.MoMLSimpleApplication@2f7cda67
reloadAllAccessors: .LazyAOCTestNonLazy

===========================================================================================
----------------- testing Sat Aug 25 01:57:53 UTC 2018 /home/travis/build/icyphy/ptII/ptolemy/actor/lib/test/auto/LazyInnerClass.xml
----------------- Instantiating /home/travis/build/icyphy/ptII/ptolemy/actor/lib/test/auto/LazyInnerClass.xml
22 ms. Memory: 1288704K Free: 942823K (73%)
----------------- Invoking toplevel() on ptolemy.moml.MoMLSimpleApplication@12cb9ab6
----------------- Done invoking toplevel() on ptolemy.moml.MoMLSimpleApplication@12cb9ab6
reloadAllAccessors: .LazyInnerClass

===========================================================================================
----------------- testing Sat Aug 25 01:57:53 UTC 2018 /home/travis/build/icyphy/ptII/ptolemy/actor/lib/test/auto/LazyPubSub.xml
----------------- Instantiating /home/travis/build/icyphy/ptII/ptolemy/actor/lib/test/auto/LazyPubSub.xml
21 ms. Memory: 1288704K Free: 921518K (72%)
----------------- Invoking toplevel() on ptolemy.moml.MoMLSimpleApplication@449731f3
----------------- Done invoking toplevel() on ptolemy.moml.MoMLSimpleApplication@449731f3
reloadAllAccessors: .LazyPubSub

===========================================================================================
----------------- testing Sat Aug 25 01:57:53 UTC 2018 /home/travis/build/icyphy/ptII/ptolemy/actor/lib/test/auto/LazyPubSub2.xml
----------------- Instantiating /home/travis/build/icyphy/ptII/ptolemy/actor/lib/test/auto/LazyPubSub2.xml
26 ms. Memory: 1288704K Free: 905639K (70%)
----------------- Invoking toplevel() on ptolemy.moml.MoMLSimpleApplication@3263b60a
----------------- Done invoking toplevel() on ptolemy.moml.MoMLSimpleApplication@3263b60a
reloadAllAccessors: .LazyPubSub2

===========================================================================================
----------------- testing Sat Aug 25 01:57:53 UTC 2018 /home/travis/build/icyphy/ptII/ptolemy/actor/lib/test/auto/LazyPubSub3.xml
----------------- Instantiating /home/travis/build/icyphy/ptII/ptolemy/actor/lib/test/auto/LazyPubSub3.xml
10 ms. Memory: 1288704K Free: 884335K (69%)
----------------- Invoking toplevel() on ptolemy.moml.MoMLSimpleApplication@3801b537
----------------- Done invoking toplevel() on ptolemy.moml.MoMLSimpleApplication@3801b537
reloadAllAccessors: .LazyPubSub3

===========================================================================================
----------------- testing Sat Aug 25 01:57:53 UTC 2018 /home/travis/build/icyphy/ptII/ptolemy/actor/lib/test/auto/LazySubClassModel.xml
----------------- Instantiating /home/travis/build/icyphy/ptII/ptolemy/actor/lib/test/auto/LazySubClassModel.xml
2 ms. Memory: 1288704K Free: 868456K (67%)
----------------- Invoking toplevel() on ptolemy.moml.MoMLSimpleApplication@4e90e65a
----------------- Done invoking toplevel() on ptolemy.moml.MoMLSimpleApplication@4e90e65a
reloadAllAccessors: .LazySubClassModel

===========================================================================================
----------------- testing Sat Aug 25 01:57:53 UTC 2018 /home/travis/build/icyphy/ptII/ptolemy/actor/lib/test/auto/LevelCrossTest1.xml
----------------- Instantiating /home/travis/build/icyphy/ptII/ptolemy/actor/lib/test/auto/LevelCrossTest1.xml
1 ms. Memory: 1288704K Free: 852577K (66%)
----------------- Invoking toplevel() on ptolemy.moml.MoMLSimpleApplication@2ef8f7c9
----------------- Done invoking toplevel() on ptolemy.moml.MoMLSimpleApplication@2ef8f7c9
reloadAllAccessors: .broken

===========================================================================================
----------------- testing Sat Aug 25 01:57:53 UTC 2018 /home/travis/build/icyphy/ptII/ptolemy/actor/lib/test/auto/LevelCrossTest10.xml
----------------- Instantiating /home/travis/build/icyphy/ptII/ptolemy/actor/lib/test/auto/LevelCrossTest10.xml
2 ms. Memory: 1288704K Free: 831273K (65%)
----------------- Invoking toplevel() on ptolemy.moml.MoMLSimpleApplication@6ddab0f9
----------------- Done invoking toplevel() on ptolemy.moml.MoMLSimpleApplication@6ddab0f9
reloadAllAccessors: .LevelCrossTest10

===========================================================================================
----------------- testing Sat Aug 25 01:57:53 UTC 2018 /home/travis/build/icyphy/ptII/ptolemy/actor/lib/test/auto/LevelCrossTest11.xml
----------------- Instantiating /home/travis/build/icyphy/ptII/ptolemy/actor/lib/test/auto/LevelCrossTest11.xml
1 ms. Memory: 1288704K Free: 815394K (63%)
----------------- Invoking toplevel() on ptolemy.moml.MoMLSimpleApplication@49ef5dd7
----------------- Done invoking toplevel() on ptolemy.moml.MoMLSimpleApplication@49ef5dd7
reloadAllAccessors: .LevelCrossTest11

===========================================================================================
----------------- testing Sat Aug 25 01:57:53 UTC 2018 /home/travis/build/icyphy/ptII/ptolemy/actor/lib/test/auto/LevelCrossTest12.xml
----------------- Instantiating /home/travis/build/icyphy/ptII/ptolemy/actor/lib/test/auto/LevelCrossTest12.xml
1 ms. Memory: 1288704K Free: 794089K (62%)
----------------- Invoking toplevel() on ptolemy.moml.MoMLSimpleApplication@76c02bec
----------------- Done invoking toplevel() on ptolemy.moml.MoMLSimpleApplication@76c02bec
reloadAllAccessors: .LevelCrossTest12

===========================================================================================
----------------- testing Sat Aug 25 01:57:53 UTC 2018 /home/travis/build/icyphy/ptII/ptolemy/actor/lib/test/auto/LevelCrossTest13.xml
----------------- Instantiating /home/travis/build/icyphy/ptII/ptolemy/actor/lib/test/auto/LevelCrossTest13.xml
1 ms. Memory: 1288704K Free: 778210K (60%)
----------------- Invoking toplevel() on ptolemy.moml.MoMLSimpleApplication@5025f8b1
----------------- Done invoking toplevel() on ptolemy.moml.MoMLSimpleApplication@5025f8b1
reloadAllAccessors: .LevelCrossTest13

===========================================================================================
----------------- testing Sat Aug 25 01:57:54 UTC 2018 /home/travis/build/icyphy/ptII/ptolemy/actor/lib/test/auto/LevelCrossTest2.xml
----------------- Instantiating /home/travis/build/icyphy/ptII/ptolemy/actor/lib/test/auto/LevelCrossTest2.xml
1 ms. Memory: 1288704K Free: 762332K (59%)
----------------- Invoking toplevel() on ptolemy.moml.MoMLSimpleApplication@45b83a52
----------------- Done invoking toplevel() on ptolemy.moml.MoMLSimpleApplication@45b83a52
reloadAllAccessors: .broken

===========================================================================================
----------------- testing Sat Aug 25 01:57:54 UTC 2018 /home/travis/build/icyphy/ptII/ptolemy/actor/lib/test/auto/LevelCrossTest3.xml
----------------- Instantiating /home/travis/build/icyphy/ptII/ptolemy/actor/lib/test/auto/LevelCrossTest3.xml
1 ms. Memory: 1288704K Free: 741027K (58%)
----------------- Invoking toplevel() on ptolemy.moml.MoMLSimpleApplication@736939be
----------------- Done invoking toplevel() on ptolemy.moml.MoMLSimpleApplication@736939be
reloadAllAccessors: .LevelCrossTest3

===========================================================================================
----------------- testing Sat Aug 25 01:57:54 UTC 2018 /home/travis/build/icyphy/ptII/ptolemy/actor/lib/test/auto/LevelCrossTest4.xml
----------------- Instantiating /home/travis/build/icyphy/ptII/ptolemy/actor/lib/test/auto/LevelCrossTest4.xml
2 ms. Memory: 1288704K Free: 725148K (56%)
----------------- Invoking toplevel() on ptolemy.moml.MoMLSimpleApplication@5b285bae
----------------- Done invoking toplevel() on ptolemy.moml.MoMLSimpleApplication@5b285bae
reloadAllAccessors: .broken

===========================================================================================
----------------- testing Sat Aug 25 01:57:54 UTC 2018 /home/travis/build/icyphy/ptII/ptolemy/actor/lib/test/auto/LevelCrossTest5.xml
----------------- Instantiating /home/travis/build/icyphy/ptII/ptolemy/actor/lib/test/auto/LevelCrossTest5.xml
1 ms. Memory: 1288704K Free: 703844K (55%)
----------------- Invoking toplevel() on ptolemy.moml.MoMLSimpleApplication@450833b7
----------------- Done invoking toplevel() on ptolemy.moml.MoMLSimpleApplication@450833b7
reloadAllAccessors: .LevelCrossTest5

===========================================================================================
----------------- testing Sat Aug 25 01:57:54 UTC 2018 /home/travis/build/icyphy/ptII/ptolemy/actor/lib/test/auto/LevelCrossTest6.xml
----------------- Instantiating /home/travis/build/icyphy/ptII/ptolemy/actor/lib/test/auto/LevelCrossTest6.xml
3 ms. Memory: 1288704K Free: 687965K (53%)
----------------- Invoking toplevel() on ptolemy.moml.MoMLSimpleApplication@6782ec9a
----------------- Done invoking toplevel() on ptolemy.moml.MoMLSimpleApplication@6782ec9a
reloadAllAccessors: .LevelCrossTest6

===========================================================================================
----------------- testing Sat Aug 25 01:57:54 UTC 2018 /home/travis/build/icyphy/ptII/ptolemy/actor/lib/test/auto/LevelCrossTest7.xml
----------------- Instantiating /home/travis/build/icyphy/ptII/ptolemy/actor/lib/test/auto/LevelCrossTest7.xml
4 ms. Memory: 1288704K Free: 666660K (52%)
----------------- Invoking toplevel() on ptolemy.moml.MoMLSimpleApplication@4d928b43
----------------- Done invoking toplevel() on ptolemy.moml.MoMLSimpleApplication@4d928b43
reloadAllAccessors: .LevelCrossTest7

===========================================================================================
----------------- testing Sat Aug 25 01:57:54 UTC 2018 /home/travis/build/icyphy/ptII/ptolemy/actor/lib/test/auto/LevelCrossTest8.xml
----------------- Instantiating /home/travis/build/icyphy/ptII/ptolemy/actor/lib/test/auto/LevelCrossTest8.xml
1 ms. Memory: 1288704K Free: 650781K (50%)
----------------- Invoking toplevel() on ptolemy.moml.MoMLSimpleApplication@5f2d2f62
----------------- Done invoking toplevel() on ptolemy.moml.MoMLSimpleApplication@5f2d2f62
reloadAllAccessors: .LevelCrossTest8

===========================================================================================
----------------- testing Sat Aug 25 01:57:54 UTC 2018 /home/travis/build/icyphy/ptII/ptolemy/actor/lib/test/auto/LevelCrossTest9.xml
----------------- Instantiating /home/travis/build/icyphy/ptII/ptolemy/actor/lib/test/auto/LevelCrossTest9.xml
2 ms. Memory: 1288704K Free: 634903K (49%)
----------------- Invoking toplevel() on ptolemy.moml.MoMLSimpleApplication@7f3ab6fe
----------------- Done invoking toplevel() on ptolemy.moml.MoMLSimpleApplication@7f3ab6fe
reloadAllAccessors: .LevelCrossTest9

===========================================================================================
----------------- testing Sat Aug 25 01:57:54 UTC 2018 /home/travis/build/icyphy/ptII/ptolemy/actor/lib/test/auto/LevinsonDurbin.xml
----------------- Instantiating /home/travis/build/icyphy/ptII/ptolemy/actor/lib/test/auto/LevinsonDurbin.xml
7 ms. Memory: 1288704K Free: 613598K (48%)
----------------- Invoking toplevel() on ptolemy.moml.MoMLSimpleApplication@72cab562
----------------- Done invoking toplevel() on ptolemy.moml.MoMLSimpleApplication@72cab562
reloadAllAccessors: .LevinsonDurbin

===========================================================================================
----------------- testing Sat Aug 25 01:57:54 UTC 2018 /home/travis/build/icyphy/ptII/ptolemy/actor/lib/test/auto/LevinsonDurbin2.xml
----------------- Instantiating /home/travis/build/icyphy/ptII/ptolemy/actor/lib/test/auto/LevinsonDurbin2.xml
2 ms. Memory: 1288704K Free: 597719K (46%)
----------------- Invoking toplevel() on ptolemy.moml.MoMLSimpleApplication@66e03779
----------------- Done invoking toplevel() on ptolemy.moml.MoMLSimpleApplication@66e03779
reloadAllAccessors: .LevinsonDurbin2

===========================================================================================
----------------- testing Sat Aug 25 01:57:54 UTC 2018 /home/travis/build/icyphy/ptII/ptolemy/actor/lib/test/auto/LevinsonDurbin3.xml
----------------- Instantiating /home/travis/build/icyphy/ptII/ptolemy/actor/lib/test/auto/LevinsonDurbin3.xml
2 ms. Memory: 1288704K Free: 576415K (45%)
----------------- Invoking toplevel() on ptolemy.moml.MoMLSimpleApplication@76b1d6db
----------------- Done invoking toplevel() on ptolemy.moml.MoMLSimpleApplication@76b1d6db
reloadAllAccessors: .LevinsonDurbin3

===========================================================================================
----------------- testing Sat Aug 25 01:57:54 UTC 2018 /home/travis/build/icyphy/ptII/ptolemy/actor/lib/test/auto/Limiter.xml
----------------- Instantiating /home/travis/build/icyphy/ptII/ptolemy/actor/lib/test/auto/Limiter.xml
4 ms. Memory: 1288704K Free: 560536K (43%)
----------------- Invoking toplevel() on ptolemy.moml.MoMLSimpleApplication@3eeba4e
----------------- Done invoking toplevel() on ptolemy.moml.MoMLSimpleApplication@3eeba4e
reloadAllAccessors: .Limiter

===========================================================================================
----------------- testing Sat Aug 25 01:57:54 UTC 2018 /home/travis/build/icyphy/ptII/ptolemy/actor/lib/test/auto/LinearDifferenceEquationSystem.xml
----------------- Instantiating /home/travis/build/icyphy/ptII/ptolemy/actor/lib/test/auto/LinearDifferenceEquationSystem.xml
3 ms. Memory: 1288704K Free: 539231K (42%)
----------------- Invoking toplevel() on ptolemy.moml.MoMLSimpleApplication@57a9dc77
----------------- Done invoking toplevel() on ptolemy.moml.MoMLSimpleApplication@57a9dc77
reloadAllAccessors: .LinearDifferenceEquationSystem

===========================================================================================
----------------- testing Sat Aug 25 01:57:54 UTC 2018 /home/travis/build/icyphy/ptII/ptolemy/actor/lib/test/auto/LookupTable.xml
----------------- Instantiating /home/travis/build/icyphy/ptII/ptolemy/actor/lib/test/auto/LookupTable.xml
1 ms. Memory: 1288704K Free: 523352K (41%)
----------------- Invoking toplevel() on ptolemy.moml.MoMLSimpleApplication@44560818
----------------- Done invoking toplevel() on ptolemy.moml.MoMLSimpleApplication@44560818
reloadAllAccessors: .LookupTable

===========================================================================================
----------------- testing Sat Aug 25 01:57:54 UTC 2018 /home/travis/build/icyphy/ptII/ptolemy/actor/lib/test/auto/MathFunction.xml
----------------- Instantiating /home/travis/build/icyphy/ptII/ptolemy/actor/lib/test/auto/MathFunction.xml
3 ms. Memory: 1288704K Free: 507473K (39%)
----------------- Invoking toplevel() on ptolemy.moml.MoMLSimpleApplication@7196b3f4
----------------- Done invoking toplevel() on ptolemy.moml.MoMLSimpleApplication@7196b3f4
reloadAllAccessors: .MathFunction

===========================================================================================
----------------- testing Sat Aug 25 01:57:54 UTC 2018 /home/travis/build/icyphy/ptII/ptolemy/actor/lib/test/auto/MathFunction2.xml
----------------- Instantiating /home/travis/build/icyphy/ptII/ptolemy/actor/lib/test/auto/MathFunction2.xml
4 ms. Memory: 1288704K Free: 486169K (38%)
----------------- Invoking toplevel() on ptolemy.moml.MoMLSimpleApplication@4b35a693
----------------- Done invoking toplevel() on ptolemy.moml.MoMLSimpleApplication@4b35a693
reloadAllAccessors: .MathFunction2

===========================================================================================
----------------- testing Sat Aug 25 01:57:54 UTC 2018 /home/travis/build/icyphy/ptII/ptolemy/actor/lib/test/auto/MathFunction3.xml
----------------- Instantiating /home/travis/build/icyphy/ptII/ptolemy/actor/lib/test/auto/MathFunction3.xml
2 ms. Memory: 1288704K Free: 470290K (36%)
----------------- Invoking toplevel() on ptolemy.moml.MoMLSimpleApplication@3b0bfa54
----------------- Done invoking toplevel() on ptolemy.moml.MoMLSimpleApplication@3b0bfa54
reloadAllAccessors: .MathFunction3

===========================================================================================
----------------- testing Sat Aug 25 01:57:54 UTC 2018 /home/travis/build/icyphy/ptII/ptolemy/actor/lib/test/auto/MatrixCropBoolean.xml
----------------- Instantiating /home/travis/build/icyphy/ptII/ptolemy/actor/lib/test/auto/MatrixCropBoolean.xml
2 ms. Memory: 1288704K Free: 448985K (35%)
----------------- Invoking toplevel() on ptolemy.moml.MoMLSimpleApplication@60dae00f
----------------- Done invoking toplevel() on ptolemy.moml.MoMLSimpleApplication@60dae00f
reloadAllAccessors: .MatrixCropBoolean

===========================================================================================
----------------- testing Sat Aug 25 01:57:54 UTC 2018 /home/travis/build/icyphy/ptII/ptolemy/actor/lib/test/auto/MatrixCropComplex.xml
----------------- Instantiating /home/travis/build/icyphy/ptII/ptolemy/actor/lib/test/auto/MatrixCropComplex.xml
1 ms. Memory: 1288704K Free: 433106K (34%)
----------------- Invoking toplevel() on ptolemy.moml.MoMLSimpleApplication@7b761019
----------------- Done invoking toplevel() on ptolemy.moml.MoMLSimpleApplication@7b761019
reloadAllAccessors: .MatrixCropComplex

===========================================================================================
----------------- testing Sat Aug 25 01:57:54 UTC 2018 /home/travis/build/icyphy/ptII/ptolemy/actor/lib/test/auto/MatrixCropDouble.xml
----------------- Instantiating /home/travis/build/icyphy/ptII/ptolemy/actor/lib/test/auto/MatrixCropDouble.xml
1 ms. Memory: 1288704K Free: 411802K (32%)
----------------- Invoking toplevel() on ptolemy.moml.MoMLSimpleApplication@454964b8
----------------- Done invoking toplevel() on ptolemy.moml.MoMLSimpleApplication@454964b8
reloadAllAccessors: .MatrixCropDouble

===========================================================================================
----------------- testing Sat Aug 25 01:57:54 UTC 2018 /home/travis/build/icyphy/ptII/ptolemy/actor/lib/test/auto/MatrixCropFix.xml
----------------- Instantiating /home/travis/build/icyphy/ptII/ptolemy/actor/lib/test/auto/MatrixCropFix.xml
2 ms. Memory: 1288704K Free: 395923K (31%)
----------------- Invoking toplevel() on ptolemy.moml.MoMLSimpleApplication@412445b9
----------------- Done invoking toplevel() on ptolemy.moml.MoMLSimpleApplication@412445b9
reloadAllAccessors: .MatrixCropFix

===========================================================================================
----------------- testing Sat Aug 25 01:57:54 UTC 2018 /home/travis/build/icyphy/ptII/ptolemy/actor/lib/test/auto/MatrixCropInt.xml
----------------- Instantiating /home/travis/build/icyphy/ptII/ptolemy/actor/lib/test/auto/MatrixCropInt.xml
2 ms. Memory: 1288704K Free: 380044K (29%)
----------------- Invoking toplevel() on ptolemy.moml.MoMLSimpleApplication@36cf1455
----------------- Done invoking toplevel() on ptolemy.moml.MoMLSimpleApplication@36cf1455
reloadAllAccessors: .MatrixCropInt

===========================================================================================
----------------- testing Sat Aug 25 01:57:54 UTC 2018 /home/travis/build/icyphy/ptII/ptolemy/actor/lib/test/auto/MatrixCropLong.xml
----------------- Instantiating /home/travis/build/icyphy/ptII/ptolemy/actor/lib/test/auto/MatrixCropLong.xml
1 ms. Memory: 1288704K Free: 358740K (28%)
----------------- Invoking toplevel() on ptolemy.moml.MoMLSimpleApplication@2fc38d34
----------------- Done invoking toplevel() on ptolemy.moml.MoMLSimpleApplication@2fc38d34
reloadAllAccessors: .MatrixCropLong

===========================================================================================
----------------- testing Sat Aug 25 01:57:54 UTC 2018 /home/travis/build/icyphy/ptII/ptolemy/actor/lib/test/auto/MatrixToArray.xml
----------------- Instantiating /home/travis/build/icyphy/ptII/ptolemy/actor/lib/test/auto/MatrixToArray.xml
4 ms. Memory: 1288704K Free: 334913K (26%)
----------------- Invoking toplevel() on ptolemy.moml.MoMLSimpleApplication@2f5e740a
----------------- Done invoking toplevel() on ptolemy.moml.MoMLSimpleApplication@2f5e740a
reloadAllAccessors: .MatrixToArray

===========================================================================================
----------------- testing Sat Aug 25 01:57:54 UTC 2018 /home/travis/build/icyphy/ptII/ptolemy/actor/lib/test/auto/MaxIndex.xml
----------------- Instantiating /home/travis/build/icyphy/ptII/ptolemy/actor/lib/test/auto/MaxIndex.xml
2 ms. Memory: 1288704K Free: 313609K (24%)
----------------- Invoking toplevel() on ptolemy.moml.MoMLSimpleApplication@4ce2437c
----------------- Done invoking toplevel() on ptolemy.moml.MoMLSimpleApplication@4ce2437c
reloadAllAccessors: .MaxIndex

===========================================================================================
----------------- testing Sat Aug 25 01:57:54 UTC 2018 /home/travis/build/icyphy/ptII/ptolemy/actor/lib/test/auto/Maximum.xml
----------------- Instantiating /home/travis/build/icyphy/ptII/ptolemy/actor/lib/test/auto/Maximum.xml
2 ms. Memory: 1288704K Free: 297730K (23%)
----------------- Invoking toplevel() on ptolemy.moml.MoMLSimpleApplication@570eafd7
----------------- Done invoking toplevel() on ptolemy.moml.MoMLSimpleApplication@570eafd7
reloadAllAccessors: .Maximum

===========================================================================================
----------------- testing Sat Aug 25 01:57:54 UTC 2018 /home/travis/build/icyphy/ptII/ptolemy/actor/lib/test/auto/MaximumComplex.xml
----------------- Instantiating /home/travis/build/icyphy/ptII/ptolemy/actor/lib/test/auto/MaximumComplex.xml
3 ms. Memory: 1288704K Free: 276425K (21%)
----------------- Invoking toplevel() on ptolemy.moml.MoMLSimpleApplication@111ccf16
----------------- Done invoking toplevel() on ptolemy.moml.MoMLSimpleApplication@111ccf16
reloadAllAccessors: .MaximumComplex

===========================================================================================
----------------- testing Sat Aug 25 01:57:54 UTC 2018 /home/travis/build/icyphy/ptII/ptolemy/actor/lib/test/auto/MethodCallTest.xml
----------------- Instantiating /home/travis/build/icyphy/ptII/ptolemy/actor/lib/test/auto/MethodCallTest.xml
2 ms. Memory: 1288704K Free: 260546K (20%)
----------------- Invoking toplevel() on ptolemy.moml.MoMLSimpleApplication@5001df9f
----------------- Done invoking toplevel() on ptolemy.moml.MoMLSimpleApplication@5001df9f
reloadAllAccessors: .MethodCallTest

===========================================================================================
----------------- testing Sat Aug 25 01:57:54 UTC 2018 /home/travis/build/icyphy/ptII/ptolemy/actor/lib/test/auto/Minimum.xml
----------------- Instantiating /home/travis/build/icyphy/ptII/ptolemy/actor/lib/test/auto/Minimum.xml
2 ms. Memory: 1288704K Free: 244668K (19%)
----------------- Invoking toplevel() on ptolemy.moml.MoMLSimpleApplication@1acd4ea
----------------- Done invoking toplevel() on ptolemy.moml.MoMLSimpleApplication@1acd4ea
reloadAllAccessors: .Minimum

===========================================================================================
----------------- testing Sat Aug 25 01:57:54 UTC 2018 /home/travis/build/icyphy/ptII/ptolemy/actor/lib/test/auto/MinimumComplex.xml
----------------- Instantiating /home/travis/build/icyphy/ptII/ptolemy/actor/lib/test/auto/MinimumComplex.xml
3 ms. Memory: 1288704K Free: 223363K (17%)
----------------- Invoking toplevel() on ptolemy.moml.MoMLSimpleApplication@299e1c1
----------------- Done invoking toplevel() on ptolemy.moml.MoMLSimpleApplication@299e1c1
reloadAllAccessors: .MinimumComplex

===========================================================================================
----------------- testing Sat Aug 25 01:57:54 UTC 2018 /home/travis/build/icyphy/ptII/ptolemy/actor/lib/test/auto/MinimumMultiports.xml
----------------- Instantiating /home/travis/build/icyphy/ptII/ptolemy/actor/lib/test/auto/MinimumMultiports.xml
5 ms. Memory: 1288704K Free: 207484K (16%)
----------------- Invoking toplevel() on ptolemy.moml.MoMLSimpleApplication@1a08b9c9
----------------- Done invoking toplevel() on ptolemy.moml.MoMLSimpleApplication@1a08b9c9
reloadAllAccessors: .MinimumMultiports

===========================================================================================
----------------- testing Sat Aug 25 01:57:54 UTC 2018 /home/travis/build/icyphy/ptII/ptolemy/actor/lib/test/auto/ModifyDate.xml
----------------- Instantiating /home/travis/build/icyphy/ptII/ptolemy/actor/lib/test/auto/ModifyDate.xml
5 ms. Memory: 1288704K Free: 178224K (14%)
----------------- Invoking toplevel() on ptolemy.moml.MoMLSimpleApplication@46ed17b1
----------------- Done invoking toplevel() on ptolemy.moml.MoMLSimpleApplication@46ed17b1
reloadAllAccessors: .ModifyDate

===========================================================================================
----------------- testing Sat Aug 25 01:57:54 UTC 2018 /home/travis/build/icyphy/ptII/ptolemy/actor/lib/test/auto/ModifyDate2.xml
----------------- Instantiating /home/travis/build/icyphy/ptII/ptolemy/actor/lib/test/auto/ModifyDate2.xml
5 ms. Memory: 1288704K Free: 154390K (12%)
----------------- Invoking toplevel() on ptolemy.moml.MoMLSimpleApplication@62fd2b1d
----------------- Done invoking toplevel() on ptolemy.moml.MoMLSimpleApplication@62fd2b1d
reloadAllAccessors: .ModifyDate2

===========================================================================================
----------------- testing Sat Aug 25 01:57:54 UTC 2018 /home/travis/build/icyphy/ptII/ptolemy/actor/lib/test/auto/MovingAverage.xml
----------------- Instantiating /home/travis/build/icyphy/ptII/ptolemy/actor/lib/test/auto/MovingAverage.xml
4 ms. Memory: 1288704K Free: 133086K (10%)
----------------- Invoking toplevel() on ptolemy.moml.MoMLSimpleApplication@3d55a06a
----------------- Done invoking toplevel() on ptolemy.moml.MoMLSimpleApplication@3d55a06a
reloadAllAccessors: .MovingAverage

===========================================================================================
----------------- testing Sat Aug 25 01:57:54 UTC 2018 /home/travis/build/icyphy/ptII/ptolemy/actor/lib/test/auto/MovingMaximum.xml
----------------- Instantiating /home/travis/build/icyphy/ptII/ptolemy/actor/lib/test/auto/MovingMaximum.xml
2 ms. Memory: 1288704K Free: 117207K (9%)
----------------- Invoking toplevel() on ptolemy.moml.MoMLSimpleApplication@4f7e902
----------------- Done invoking toplevel() on ptolemy.moml.MoMLSimpleApplication@4f7e902
reloadAllAccessors: .MovingMaximum

===========================================================================================
----------------- testing Sat Aug 25 01:57:54 UTC 2018 /home/travis/build/icyphy/ptII/ptolemy/actor/lib/test/auto/MultipleLinksToSameRelation.xml
----------------- Instantiating /home/travis/build/icyphy/ptII/ptolemy/actor/lib/test/auto/MultipleLinksToSameRelation.xml
6 ms. Memory: 1288704K Free: 95902K (7%)
----------------- Invoking toplevel() on ptolemy.moml.MoMLSimpleApplication@54b368bf
----------------- Done invoking toplevel() on ptolemy.moml.MoMLSimpleApplication@54b368bf
reloadAllAccessors: .MultipleLinksToSameRelation

===========================================================================================
----------------- testing Sat Aug 25 01:57:54 UTC 2018 /home/travis/build/icyphy/ptII/ptolemy/actor/lib/test/auto/MultipleLinksToSameRelationDE.xml
----------------- Instantiating /home/travis/build/icyphy/ptII/ptolemy/actor/lib/test/auto/MultipleLinksToSameRelationDE.xml
2 ms. Memory: 1288704K Free: 80023K (6%)
----------------- Invoking toplevel() on ptolemy.moml.MoMLSimpleApplication@6a29c593
----------------- Done invoking toplevel() on ptolemy.moml.MoMLSimpleApplication@6a29c593
reloadAllAccessors: .MultipleLinksToSameRelationDE

===========================================================================================
----------------- testing Sat Aug 25 01:57:54 UTC 2018 /home/travis/build/icyphy/ptII/ptolemy/actor/lib/test/auto/Multiplexor.xml
----------------- Instantiating /home/travis/build/icyphy/ptII/ptolemy/actor/lib/test/auto/Multiplexor.xml
3 ms. Memory: 1288704K Free: 64145K (5%)
----------------- Invoking toplevel() on ptolemy.moml.MoMLSimpleApplication@662124a9
----------------- Done invoking toplevel() on ptolemy.moml.MoMLSimpleApplication@662124a9
reloadAllAccessors: .Multiplexor

===========================================================================================
----------------- testing Sat Aug 25 01:57:54 UTC 2018 /home/travis/build/icyphy/ptII/ptolemy/actor/lib/test/auto/Multiplexor1.xml
----------------- Instantiating /home/travis/build/icyphy/ptII/ptolemy/actor/lib/test/auto/Multiplexor1.xml
1 ms. Memory: 1434624K Free: 1383064K (96%)
----------------- Invoking toplevel() on ptolemy.moml.MoMLSimpleApplication@74f9bc07
----------------- Done invoking toplevel() on ptolemy.moml.MoMLSimpleApplication@74f9bc07
reloadAllAccessors: .Multiplexor1

===========================================================================================
----------------- testing Sat Aug 25 01:57:54 UTC 2018 /home/travis/build/icyphy/ptII/ptolemy/actor/lib/test/auto/Multiplexor2.xml
----------------- Instantiating /home/travis/build/icyphy/ptII/ptolemy/actor/lib/test/auto/Multiplexor2.xml
6 ms. Memory: 1434624K Free: 1360338K (95%)
----------------- Invoking toplevel() on ptolemy.moml.MoMLSimpleApplication@5f270591
----------------- Done invoking toplevel() on ptolemy.moml.MoMLSimpleApplication@5f270591
reloadAllAccessors: .Multiplexor2

===========================================================================================
----------------- testing Sat Aug 25 01:57:54 UTC 2018 /home/travis/build/icyphy/ptII/ptolemy/actor/lib/test/auto/Multiplexor3.xml
----------------- Instantiating /home/travis/build/icyphy/ptII/ptolemy/actor/lib/test/auto/Multiplexor3.xml
2 ms. Memory: 1434624K Free: 1342712K (94%)
----------------- Invoking toplevel() on ptolemy.moml.MoMLSimpleApplication@71879b2d
----------------- Done invoking toplevel() on ptolemy.moml.MoMLSimpleApplication@71879b2d
reloadAllAccessors: .Multiplexor3

===========================================================================================
----------------- testing Sat Aug 25 01:57:54 UTC 2018 /home/travis/build/icyphy/ptII/ptolemy/actor/lib/test/auto/MultiplexorDE.xml
----------------- Instantiating /home/travis/build/icyphy/ptII/ptolemy/actor/lib/test/auto/MultiplexorDE.xml
3 ms. Memory: 1434624K Free: 1320018K (92%)
----------------- Invoking toplevel() on ptolemy.moml.MoMLSimpleApplication@35c90978
----------------- Done invoking toplevel() on ptolemy.moml.MoMLSimpleApplication@35c90978
reloadAllAccessors: .MultiplexorDE

===========================================================================================
----------------- testing Sat Aug 25 01:57:54 UTC 2018 /home/travis/build/icyphy/ptII/ptolemy/actor/lib/test/auto/MultiportBroadcastTest.xml
----------------- Instantiating /home/travis/build/icyphy/ptII/ptolemy/actor/lib/test/auto/MultiportBroadcastTest.xml
86 ms. Memory: 1434624K Free: 1302392K (91%)
----------------- Invoking toplevel() on ptolemy.moml.MoMLSimpleApplication@67d66ca2
----------------- Done invoking toplevel() on ptolemy.moml.MoMLSimpleApplication@67d66ca2
reloadAllAccessors: .MultiportBroadcastTest

===========================================================================================
----------------- testing Sat Aug 25 01:57:55 UTC 2018 /home/travis/build/icyphy/ptII/ptolemy/actor/lib/test/auto/MultiportOutHangDuringGetWidth.xml
----------------- Instantiating /home/travis/build/icyphy/ptII/ptolemy/actor/lib/test/auto/MultiportOutHangDuringGetWidth.xml
5 ms. Memory: 1434624K Free: 1270869K (89%)
----------------- Invoking toplevel() on ptolemy.moml.MoMLSimpleApplication@5cea78db
----------------- Done invoking toplevel() on ptolemy.moml.MoMLSimpleApplication@5cea78db
reloadAllAccessors: .MultiportOutHangDuringGetWidth

===========================================================================================
----------------- testing Sat Aug 25 01:57:55 UTC 2018 /home/travis/build/icyphy/ptII/ptolemy/actor/lib/test/auto/NilToken.xml
----------------- Instantiating /home/travis/build/icyphy/ptII/ptolemy/actor/lib/test/auto/NilToken.xml
2 ms. Memory: 1434624K Free: 1253243K (87%)
----------------- Invoking toplevel() on ptolemy.moml.MoMLSimpleApplication@46cce8df
----------------- Done invoking toplevel() on ptolemy.moml.MoMLSimpleApplication@46cce8df
reloadAllAccessors: .NilToken

===========================================================================================
----------------- testing Sat Aug 25 01:57:55 UTC 2018 /home/travis/build/icyphy/ptII/ptolemy/actor/lib/test/auto/NilTokenNonStrictTest.xml
----------------- Instantiating /home/travis/build/icyphy/ptII/ptolemy/actor/lib/test/auto/NilTokenNonStrictTest.xml
2 ms. Memory: 1434624K Free: 1230549K (86%)
----------------- Invoking toplevel() on ptolemy.moml.MoMLSimpleApplication@6fbfa467
----------------- Done invoking toplevel() on ptolemy.moml.MoMLSimpleApplication@6fbfa467
reloadAllAccessors: .NilTokenNonStrictTest

===========================================================================================
----------------- testing Sat Aug 25 01:57:55 UTC 2018 /home/travis/build/icyphy/ptII/ptolemy/actor/lib/test/auto/NilTokenRecord.xml
----------------- Instantiating /home/travis/build/icyphy/ptII/ptolemy/actor/lib/test/auto/NilTokenRecord.xml
6 ms. Memory: 1434624K Free: 1212923K (85%)
----------------- Invoking toplevel() on ptolemy.moml.MoMLSimpleApplication@52717cc1
----------------- Done invoking toplevel() on ptolemy.moml.MoMLSimpleApplication@52717cc1
reloadAllAccessors: .NilTokenRecord

===========================================================================================
----------------- testing Sat Aug 25 01:57:55 UTC 2018 /home/travis/build/icyphy/ptII/ptolemy/actor/lib/test/auto/NilTokenTypeTest.xml
----------------- Instantiating /home/travis/build/icyphy/ptII/ptolemy/actor/lib/test/auto/NilTokenTypeTest.xml
12 ms. Memory: 1434624K Free: 1181400K (82%)
----------------- Invoking toplevel() on ptolemy.moml.MoMLSimpleApplication@8e2b0bf
----------------- Done invoking toplevel() on ptolemy.moml.MoMLSimpleApplication@8e2b0bf
reloadAllAccessors: .NilTokenTypeTest

===========================================================================================
----------------- testing Sat Aug 25 01:57:55 UTC 2018 /home/travis/build/icyphy/ptII/ptolemy/actor/lib/test/auto/ObjectToken1.xml
----------------- Instantiating /home/travis/build/icyphy/ptII/ptolemy/actor/lib/test/auto/ObjectToken1.xml
2 ms. Memory: 1434624K Free: 1163774K (81%)
----------------- Invoking toplevel() on ptolemy.moml.MoMLSimpleApplication@582501ab
----------------- Done invoking toplevel() on ptolemy.moml.MoMLSimpleApplication@582501ab
reloadAllAccessors: .ObjectToken1

===========================================================================================
----------------- testing Sat Aug 25 01:57:55 UTC 2018 /home/travis/build/icyphy/ptII/ptolemy/actor/lib/test/auto/OrderedMerge.xml
----------------- Instantiating /home/travis/build/icyphy/ptII/ptolemy/actor/lib/test/auto/OrderedMerge.xml
10 ms. Memory: 1434624K Free: 1105827K (77%)
----------------- Invoking toplevel() on ptolemy.moml.MoMLSimpleApplication@41bdc9ad
----------------- Done invoking toplevel() on ptolemy.moml.MoMLSimpleApplication@41bdc9ad
reloadAllAccessors: .OrderedMerge

===========================================================================================
----------------- testing Sat Aug 25 01:57:55 UTC 2018 /home/travis/build/icyphy/ptII/ptolemy/actor/lib/test/auto/OrderedRecordDisassembler.xml
----------------- Instantiating /home/travis/build/icyphy/ptII/ptolemy/actor/lib/test/auto/OrderedRecordDisassembler.xml
3 ms. Memory: 1434624K Free: 1088201K (76%)
----------------- Invoking toplevel() on ptolemy.moml.MoMLSimpleApplication@4f8bf4bd
----------------- Done invoking toplevel() on ptolemy.moml.MoMLSimpleApplication@4f8bf4bd
reloadAllAccessors: .OrderedRecordDisassembler

===========================================================================================
----------------- testing Sat Aug 25 01:57:55 UTC 2018 /home/travis/build/icyphy/ptII/ptolemy/actor/lib/test/auto/OrderedRecordDisassembler2.xml
----------------- Instantiating /home/travis/build/icyphy/ptII/ptolemy/actor/lib/test/auto/OrderedRecordDisassembler2.xml
4 ms. Memory: 1434624K Free: 1065507K (74%)
----------------- Invoking toplevel() on ptolemy.moml.MoMLSimpleApplication@2d789f37
----------------- Done invoking toplevel() on ptolemy.moml.MoMLSimpleApplication@2d789f37
reloadAllAccessors: .OrderedRecordDisassembler2

===========================================================================================
----------------- testing Sat Aug 25 01:57:55 UTC 2018 /home/travis/build/icyphy/ptII/ptolemy/actor/lib/test/auto/OrderedRecordUpdater.xml
----------------- Instantiating /home/travis/build/icyphy/ptII/ptolemy/actor/lib/test/auto/OrderedRecordUpdater.xml
2 ms. Memory: 1434624K Free: 1047881K (73%)
----------------- Invoking toplevel() on ptolemy.moml.MoMLSimpleApplication@30d52b66
----------------- Done invoking toplevel() on ptolemy.moml.MoMLSimpleApplication@30d52b66
reloadAllAccessors: .RecordUpdater

===========================================================================================
----------------- testing Sat Aug 25 01:57:55 UTC 2018 /home/travis/build/icyphy/ptII/ptolemy/actor/lib/test/auto/OrderedRecordUpdater2.xml
----------------- Instantiating /home/travis/build/icyphy/ptII/ptolemy/actor/lib/test/auto/OrderedRecordUpdater2.xml
2 ms. Memory: 1434624K Free: 1025187K (71%)
----------------- Invoking toplevel() on ptolemy.moml.MoMLSimpleApplication@721850cc
----------------- Done invoking toplevel() on ptolemy.moml.MoMLSimpleApplication@721850cc
reloadAllAccessors: .RecordUpdater2

===========================================================================================
----------------- testing Sat Aug 25 01:57:55 UTC 2018 /home/travis/build/icyphy/ptII/ptolemy/actor/lib/test/auto/PhaseUnwrap.xml
----------------- Instantiating /home/travis/build/icyphy/ptII/ptolemy/actor/lib/test/auto/PhaseUnwrap.xml
2 ms. Memory: 1434624K Free: 1007561K (70%)
----------------- Invoking toplevel() on ptolemy.moml.MoMLSimpleApplication@562c387a
----------------- Done invoking toplevel() on ptolemy.moml.MoMLSimpleApplication@562c387a
reloadAllAccessors: .PhaseUnwrap

===========================================================================================
----------------- testing Sat Aug 25 01:57:55 UTC 2018 /home/travis/build/icyphy/ptII/ptolemy/actor/lib/test/auto/PoissonClock.xml
----------------- Instantiating /home/travis/build/icyphy/ptII/ptolemy/actor/lib/test/auto/PoissonClock.xml
2 ms. Memory: 1434624K Free: 989934K (69%)
----------------- Invoking toplevel() on ptolemy.moml.MoMLSimpleApplication@47af7279
----------------- Done invoking toplevel() on ptolemy.moml.MoMLSimpleApplication@47af7279
reloadAllAccessors: .PoissonClock

===========================================================================================
----------------- testing Sat Aug 25 01:57:55 UTC 2018 /home/travis/build/icyphy/ptII/ptolemy/actor/lib/test/auto/PoissonClock2.xml
----------------- Instantiating /home/travis/build/icyphy/ptII/ptolemy/actor/lib/test/auto/PoissonClock2.xml
1 ms. Memory: 1434624K Free: 967241K (67%)
----------------- Invoking toplevel() on ptolemy.moml.MoMLSimpleApplication@327a5baf
----------------- Done invoking toplevel() on ptolemy.moml.MoMLSimpleApplication@327a5baf
reloadAllAccessors: .PoissonClock2

===========================================================================================
----------------- testing Sat Aug 25 01:57:55 UTC 2018 /home/travis/build/icyphy/ptII/ptolemy/actor/lib/test/auto/PoissonClock3.xml
----------------- Instantiating /home/travis/build/icyphy/ptII/ptolemy/actor/lib/test/auto/PoissonClock3.xml
1 ms. Memory: 1434624K Free: 949614K (66%)
----------------- Invoking toplevel() on ptolemy.moml.MoMLSimpleApplication@7b02816e
----------------- Done invoking toplevel() on ptolemy.moml.MoMLSimpleApplication@7b02816e
reloadAllAccessors: .PoissonClock3

===========================================================================================
----------------- testing Sat Aug 25 01:57:55 UTC 2018 /home/travis/build/icyphy/ptII/ptolemy/actor/lib/test/auto/PubSubWithInitialTokens.xml
----------------- Instantiating /home/travis/build/icyphy/ptII/ptolemy/actor/lib/test/auto/PubSubWithInitialTokens.xml
2 ms. Memory: 1434624K Free: 926921K (65%)
----------------- Invoking toplevel() on ptolemy.moml.MoMLSimpleApplication@31499ab5
----------------- Done invoking toplevel() on ptolemy.moml.MoMLSimpleApplication@31499ab5
reloadAllAccessors: .PubSubWithInitialTokens

===========================================================================================
----------------- testing Sat Aug 25 01:57:55 UTC 2018 /home/travis/build/icyphy/ptII/ptolemy/actor/lib/test/auto/PubSubWithInitialTokens2.xml
----------------- Instantiating /home/travis/build/icyphy/ptII/ptolemy/actor/lib/test/auto/PubSubWithInitialTokens2.xml
2 ms. Memory: 1434624K Free: 909294K (63%)
----------------- Invoking toplevel() on ptolemy.moml.MoMLSimpleApplication@54ea1412
----------------- Done invoking toplevel() on ptolemy.moml.MoMLSimpleApplication@54ea1412
reloadAllAccessors: .PubSubWithInitialTokens2

===========================================================================================
----------------- testing Sat Aug 25 01:57:55 UTC 2018 /home/travis/build/icyphy/ptII/ptolemy/actor/lib/test/auto/PublisherClassNoParameter.xml
----------------- Instantiating /home/travis/build/icyphy/ptII/ptolemy/actor/lib/test/auto/PublisherClassNoParameter.xml
2 ms. Memory: 1434624K Free: 886601K (62%)
----------------- Invoking toplevel() on ptolemy.moml.MoMLSimpleApplication@6aa5ff4e
----------------- Done invoking toplevel() on ptolemy.moml.MoMLSimpleApplication@6aa5ff4e
reloadAllAccessors: .PublisherClassNoParameter

===========================================================================================
----------------- testing Sat Aug 25 01:57:55 UTC 2018 /home/travis/build/icyphy/ptII/ptolemy/actor/lib/test/auto/PublisherClassParameter.xml
----------------- Instantiating /home/travis/build/icyphy/ptII/ptolemy/actor/lib/test/auto/PublisherClassParameter.xml
2 ms. Memory: 1434624K Free: 868974K (61%)
----------------- Invoking toplevel() on ptolemy.moml.MoMLSimpleApplication@4437f744
----------------- Done invoking toplevel() on ptolemy.moml.MoMLSimpleApplication@4437f744
reloadAllAccessors: .PublisherClassParameter

===========================================================================================
----------------- testing Sat Aug 25 01:57:55 UTC 2018 /home/travis/build/icyphy/ptII/ptolemy/actor/lib/test/auto/PublisherNonStrictTest.xml
----------------- Instantiating /home/travis/build/icyphy/ptII/ptolemy/actor/lib/test/auto/PublisherNonStrictTest.xml
2 ms. Memory: 1434624K Free: 846281K (59%)
----------------- Invoking toplevel() on ptolemy.moml.MoMLSimpleApplication@6aa87303
----------------- Done invoking toplevel() on ptolemy.moml.MoMLSimpleApplication@6aa87303
reloadAllAccessors: .PublisherNonStrictTest

===========================================================================================
----------------- testing Sat Aug 25 01:57:55 UTC 2018 /home/travis/build/icyphy/ptII/ptolemy/actor/lib/test/auto/PublisherPort1.xml
----------------- Instantiating /home/travis/build/icyphy/ptII/ptolemy/actor/lib/test/auto/PublisherPort1.xml
3 ms. Memory: 1434624K Free: 828654K (58%)
----------------- Invoking toplevel() on ptolemy.moml.MoMLSimpleApplication@566f2812
----------------- Done invoking toplevel() on ptolemy.moml.MoMLSimpleApplication@566f2812
reloadAllAccessors: .PublisherPort1

===========================================================================================
----------------- testing Sat Aug 25 01:57:55 UTC 2018 /home/travis/build/icyphy/ptII/ptolemy/actor/lib/test/auto/PublisherPort2.xml
----------------- Instantiating /home/travis/build/icyphy/ptII/ptolemy/actor/lib/test/auto/PublisherPort2.xml
1 ms. Memory: 1434624K Free: 805961K (56%)
----------------- Invoking toplevel() on ptolemy.moml.MoMLSimpleApplication@24c7837f
----------------- Done invoking toplevel() on ptolemy.moml.MoMLSimpleApplication@24c7837f
reloadAllAccessors: .PublisherPort2

===========================================================================================
----------------- testing Sat Aug 25 01:57:55 UTC 2018 /home/travis/build/icyphy/ptII/ptolemy/actor/lib/test/auto/PublisherPort3.xml
----------------- Instantiating /home/travis/build/icyphy/ptII/ptolemy/actor/lib/test/auto/PublisherPort3.xml
2 ms. Memory: 1434624K Free: 788334K (55%)
----------------- Invoking toplevel() on ptolemy.moml.MoMLSimpleApplication@54c3d40c
----------------- Done invoking toplevel() on ptolemy.moml.MoMLSimpleApplication@54c3d40c
reloadAllAccessors: .PublisherPort3

===========================================================================================
----------------- testing Sat Aug 25 01:57:55 UTC 2018 /home/travis/build/icyphy/ptII/ptolemy/actor/lib/test/auto/PublisherPort4.xml
----------------- Instantiating /home/travis/build/icyphy/ptII/ptolemy/actor/lib/test/auto/PublisherPort4.xml
2 ms. Memory: 1434624K Free: 765641K (53%)
----------------- Invoking toplevel() on ptolemy.moml.MoMLSimpleApplication@e46282d
----------------- Done invoking toplevel() on ptolemy.moml.MoMLSimpleApplication@e46282d
reloadAllAccessors: .PublisherPort4

===========================================================================================
----------------- testing Sat Aug 25 01:57:55 UTC 2018 /home/travis/build/icyphy/ptII/ptolemy/actor/lib/test/auto/PublisherPort5.xml
----------------- Instantiating /home/travis/build/icyphy/ptII/ptolemy/actor/lib/test/auto/PublisherPort5.xml
3 ms. Memory: 1434624K Free: 748014K (52%)
----------------- Invoking toplevel() on ptolemy.moml.MoMLSimpleApplication@7a3e5800
----------------- Done invoking toplevel() on ptolemy.moml.MoMLSimpleApplication@7a3e5800
reloadAllAccessors: .PublisherPort5

===========================================================================================
----------------- testing Sat Aug 25 01:57:55 UTC 2018 /home/travis/build/icyphy/ptII/ptolemy/actor/lib/test/auto/PublisherPort5LookAlike.xml
----------------- Instantiating /home/travis/build/icyphy/ptII/ptolemy/actor/lib/test/auto/PublisherPort5LookAlike.xml
3 ms. Memory: 1434624K Free: 725321K (51%)
----------------- Invoking toplevel() on ptolemy.moml.MoMLSimpleApplication@55a4e686
----------------- Done invoking toplevel() on ptolemy.moml.MoMLSimpleApplication@55a4e686
reloadAllAccessors: .PublisherPort5LookAlike

===========================================================================================
----------------- testing Sat Aug 25 01:57:55 UTC 2018 /home/travis/build/icyphy/ptII/ptolemy/actor/lib/test/auto/PublisherPort6.xml
----------------- Instantiating /home/travis/build/icyphy/ptII/ptolemy/actor/lib/test/auto/PublisherPort6.xml
2 ms. Memory: 1434624K Free: 707694K (49%)
----------------- Invoking toplevel() on ptolemy.moml.MoMLSimpleApplication@734d3999
----------------- Done invoking toplevel() on ptolemy.moml.MoMLSimpleApplication@734d3999
reloadAllAccessors: .PublisherPort6

===========================================================================================
----------------- testing Sat Aug 25 01:57:55 UTC 2018 /home/travis/build/icyphy/ptII/ptolemy/actor/lib/test/auto/PublisherPort7.xml
----------------- Instantiating /home/travis/build/icyphy/ptII/ptolemy/actor/lib/test/auto/PublisherPort7.xml
3 ms. Memory: 1434624K Free: 685001K (48%)
----------------- Invoking toplevel() on ptolemy.moml.MoMLSimpleApplication@563833f5
----------------- Done invoking toplevel() on ptolemy.moml.MoMLSimpleApplication@563833f5
reloadAllAccessors: .PublisherPort7

===========================================================================================
----------------- testing Sat Aug 25 01:57:55 UTC 2018 /home/travis/build/icyphy/ptII/ptolemy/actor/lib/test/auto/PublisherPort8.xml
----------------- Instantiating /home/travis/build/icyphy/ptII/ptolemy/actor/lib/test/auto/PublisherPort8.xml
4 ms. Memory: 1434624K Free: 667374K (47%)
----------------- Invoking toplevel() on ptolemy.moml.MoMLSimpleApplication@7c4f2853
----------------- Done invoking toplevel() on ptolemy.moml.MoMLSimpleApplication@7c4f2853
reloadAllAccessors: .PublisherPort8

===========================================================================================
----------------- testing Sat Aug 25 01:57:55 UTC 2018 /home/travis/build/icyphy/ptII/ptolemy/actor/lib/test/auto/PublisherPortSubscriberChannelVariablesAOC2.xml
----------------- Instantiating /home/travis/build/icyphy/ptII/ptolemy/actor/lib/test/auto/PublisherPortSubscriberChannelVariablesAOC2.xml
2 ms. Memory: 1434624K Free: 640919K (45%)
----------------- Invoking toplevel() on ptolemy.moml.MoMLSimpleApplication@238d42c2
----------------- Done invoking toplevel() on ptolemy.moml.MoMLSimpleApplication@238d42c2
reloadAllAccessors: .PublisherPortSubscriberChannelVariablesAOC2

===========================================================================================
----------------- testing Sat Aug 25 01:57:55 UTC 2018 /home/travis/build/icyphy/ptII/ptolemy/actor/lib/test/auto/PublisherPortSubscriberOpaqueWidthInference.xml
----------------- Instantiating /home/travis/build/icyphy/ptII/ptolemy/actor/lib/test/auto/PublisherPortSubscriberOpaqueWidthInference.xml
3 ms. Memory: 1434624K Free: 618225K (43%)
----------------- Invoking toplevel() on ptolemy.moml.MoMLSimpleApplication@445a3d9b
----------------- Done invoking toplevel() on ptolemy.moml.MoMLSimpleApplication@445a3d9b
reloadAllAccessors: .PublisherPortSubscriberOpaqueWidthInference

===========================================================================================
----------------- testing Sat Aug 25 01:57:55 UTC 2018 /home/travis/build/icyphy/ptII/ptolemy/actor/lib/test/auto/PublisherPortSubscriberPortAdjacent.xml
----------------- Instantiating /home/travis/build/icyphy/ptII/ptolemy/actor/lib/test/auto/PublisherPortSubscriberPortAdjacent.xml
2 ms. Memory: 1434624K Free: 600599K (42%)
----------------- Invoking toplevel() on ptolemy.moml.MoMLSimpleApplication@7d091388
----------------- Done invoking toplevel() on ptolemy.moml.MoMLSimpleApplication@7d091388
reloadAllAccessors: .PublisherPortSubscriberPortAdjacent

===========================================================================================
----------------- testing Sat Aug 25 01:57:55 UTC 2018 /home/travis/build/icyphy/ptII/ptolemy/actor/lib/test/auto/PublisherPortSubscriberPortExpression.xml
----------------- Instantiating /home/travis/build/icyphy/ptII/ptolemy/actor/lib/test/auto/PublisherPortSubscriberPortExpression.xml
3 ms. Memory: 1434624K Free: 577905K (40%)
----------------- Invoking toplevel() on ptolemy.moml.MoMLSimpleApplication@173e55d8
----------------- Done invoking toplevel() on ptolemy.moml.MoMLSimpleApplication@173e55d8
reloadAllAccessors: .PublisherPortSubscriberPortExpression

===========================================================================================
----------------- testing Sat Aug 25 01:57:55 UTC 2018 /home/travis/build/icyphy/ptII/ptolemy/actor/lib/test/auto/PublisherPortSubscriberPortOpaqueD3Reverse.xml
----------------- Instantiating /home/travis/build/icyphy/ptII/ptolemy/actor/lib/test/auto/PublisherPortSubscriberPortOpaqueD3Reverse.xml
6 ms. Memory: 1434624K Free: 560279K (39%)
----------------- Invoking toplevel() on ptolemy.moml.MoMLSimpleApplication@69fcafaa
----------------- Done invoking toplevel() on ptolemy.moml.MoMLSimpleApplication@69fcafaa
reloadAllAccessors: .PublisherPortSubscriberPortOpaqueD3Reverse

===========================================================================================
----------------- testing Sat Aug 25 01:57:55 UTC 2018 /home/travis/build/icyphy/ptII/ptolemy/actor/lib/test/auto/PublisherPortSubscriberPortOpaqueWidthInference.xml
----------------- Instantiating /home/travis/build/icyphy/ptII/ptolemy/actor/lib/test/auto/PublisherPortSubscriberPortOpaqueWidthInference.xml
4 ms. Memory: 1434624K Free: 537585K (37%)
----------------- Invoking toplevel() on ptolemy.moml.MoMLSimpleApplication@54a57d0d
----------------- Done invoking toplevel() on ptolemy.moml.MoMLSimpleApplication@54a57d0d
reloadAllAccessors: .PublisherPortSubscriberPortOpaqueWidthInference

===========================================================================================
----------------- testing Sat Aug 25 01:57:55 UTC 2018 /home/travis/build/icyphy/ptII/ptolemy/actor/lib/test/auto/PublisherPortToplevelSubscriberPortAOC.xml
----------------- Instantiating /home/travis/build/icyphy/ptII/ptolemy/actor/lib/test/auto/PublisherPortToplevelSubscriberPortAOC.xml
.PublisherPortToplevelSubscriberPortAOC.TestExceptionAttribute: initialize() was not invoked, but wrapup() was.  This is unusual, but not always a problem.  For example, exporting JNLP will do this.
1 ms. Memory: 1434624K Free: 519959K (36%)
----------------- Invoking toplevel() on ptolemy.moml.MoMLSimpleApplication@3dda28e2
----------------- Done invoking toplevel() on ptolemy.moml.MoMLSimpleApplication@3dda28e2
reloadAllAccessors: .PublisherPortToplevelSubscriberPortAOC

===========================================================================================
----------------- testing Sat Aug 25 01:57:55 UTC 2018 /home/travis/build/icyphy/ptII/ptolemy/actor/lib/test/auto/PublisherSubscriber.xml
----------------- Instantiating /home/travis/build/icyphy/ptII/ptolemy/actor/lib/test/auto/PublisherSubscriber.xml
3 ms. Memory: 1434624K Free: 497265K (35%)
----------------- Invoking toplevel() on ptolemy.moml.MoMLSimpleApplication@47efe9f3
----------------- Done invoking toplevel() on ptolemy.moml.MoMLSimpleApplication@47efe9f3
reloadAllAccessors: .PublisherSubscriber

===========================================================================================
----------------- testing Sat Aug 25 01:57:55 UTC 2018 /home/travis/build/icyphy/ptII/ptolemy/actor/lib/test/auto/PublisherSubscriber10.xml
----------------- Instantiating /home/travis/build/icyphy/ptII/ptolemy/actor/lib/test/auto/PublisherSubscriber10.xml
5 ms. Memory: 1434624K Free: 479639K (33%)
----------------- Invoking toplevel() on ptolemy.moml.MoMLSimpleApplication@54fe1a11
----------------- Done invoking toplevel() on ptolemy.moml.MoMLSimpleApplication@54fe1a11
reloadAllAccessors: .PublisherSubscriber10

===========================================================================================
----------------- testing Sat Aug 25 01:57:55 UTC 2018 /home/travis/build/icyphy/ptII/ptolemy/actor/lib/test/auto/PublisherSubscriber10InitialOutputs.xml
----------------- Instantiating /home/travis/build/icyphy/ptII/ptolemy/actor/lib/test/auto/PublisherSubscriber10InitialOutputs.xml
4 ms. Memory: 1434624K Free: 456945K (32%)
----------------- Invoking toplevel() on ptolemy.moml.MoMLSimpleApplication@842fdce
----------------- Done invoking toplevel() on ptolemy.moml.MoMLSimpleApplication@842fdce
reloadAllAccessors: .PublisherSubscriber10InitialOutputs

===========================================================================================
----------------- testing Sat Aug 25 01:57:55 UTC 2018 /home/travis/build/icyphy/ptII/ptolemy/actor/lib/test/auto/PublisherSubscriber11.xml
----------------- Instantiating /home/travis/build/icyphy/ptII/ptolemy/actor/lib/test/auto/PublisherSubscriber11.xml
2 ms. Memory: 1434624K Free: 439319K (31%)
----------------- Invoking toplevel() on ptolemy.moml.MoMLSimpleApplication@3317412e
----------------- Done invoking toplevel() on ptolemy.moml.MoMLSimpleApplication@3317412e
reloadAllAccessors: .PublisherSubscriber11

===========================================================================================
----------------- testing Sat Aug 25 01:57:55 UTC 2018 /home/travis/build/icyphy/ptII/ptolemy/actor/lib/test/auto/PublisherSubscriber12.xml
----------------- Instantiating /home/travis/build/icyphy/ptII/ptolemy/actor/lib/test/auto/PublisherSubscriber12.xml
3 ms. Memory: 1434624K Free: 416625K (29%)
----------------- Invoking toplevel() on ptolemy.moml.MoMLSimpleApplication@1d490c1e
----------------- Done invoking toplevel() on ptolemy.moml.MoMLSimpleApplication@1d490c1e
reloadAllAccessors: .PublisherSubscriber12

===========================================================================================
----------------- testing Sat Aug 25 01:57:55 UTC 2018 /home/travis/build/icyphy/ptII/ptolemy/actor/lib/test/auto/PublisherSubscriber13.xml
----------------- Instantiating /home/travis/build/icyphy/ptII/ptolemy/actor/lib/test/auto/PublisherSubscriber13.xml
2 ms. Memory: 1434624K Free: 398999K (28%)
----------------- Invoking toplevel() on ptolemy.moml.MoMLSimpleApplication@7557b101
----------------- Done invoking toplevel() on ptolemy.moml.MoMLSimpleApplication@7557b101
reloadAllAccessors: .PublisherSubscriber13

===========================================================================================
----------------- testing Sat Aug 25 01:57:55 UTC 2018 /home/travis/build/icyphy/ptII/ptolemy/actor/lib/test/auto/PublisherSubscriber14.xml
----------------- Instantiating /home/travis/build/icyphy/ptII/ptolemy/actor/lib/test/auto/PublisherSubscriber14.xml
2 ms. Memory: 1434624K Free: 376305K (26%)
----------------- Invoking toplevel() on ptolemy.moml.MoMLSimpleApplication@5294c14e
----------------- Done invoking toplevel() on ptolemy.moml.MoMLSimpleApplication@5294c14e
reloadAllAccessors: .PublisherSubscriber14

===========================================================================================
----------------- testing Sat Aug 25 01:57:56 UTC 2018 /home/travis/build/icyphy/ptII/ptolemy/actor/lib/test/auto/PublisherSubscriber2.xml
----------------- Instantiating /home/travis/build/icyphy/ptII/ptolemy/actor/lib/test/auto/PublisherSubscriber2.xml
3 ms. Memory: 1434624K Free: 358679K (25%)
----------------- Invoking toplevel() on ptolemy.moml.MoMLSimpleApplication@745e136f
----------------- Done invoking toplevel() on ptolemy.moml.MoMLSimpleApplication@745e136f
reloadAllAccessors: .PublisherSubscriber2

===========================================================================================
----------------- testing Sat Aug 25 01:57:56 UTC 2018 /home/travis/build/icyphy/ptII/ptolemy/actor/lib/test/auto/PublisherSubscriber3.xml
----------------- Instantiating /home/travis/build/icyphy/ptII/ptolemy/actor/lib/test/auto/PublisherSubscriber3.xml
2 ms. Memory: 1434624K Free: 335985K (23%)
----------------- Invoking toplevel() on ptolemy.moml.MoMLSimpleApplication@5d3b7f53
----------------- Done invoking toplevel() on ptolemy.moml.MoMLSimpleApplication@5d3b7f53
reloadAllAccessors: .PublisherSubscriber3

===========================================================================================
----------------- testing Sat Aug 25 01:57:56 UTC 2018 /home/travis/build/icyphy/ptII/ptolemy/actor/lib/test/auto/PublisherSubscriber4.xml
----------------- Instantiating /home/travis/build/icyphy/ptII/ptolemy/actor/lib/test/auto/PublisherSubscriber4.xml
2 ms. Memory: 1434624K Free: 318359K (22%)
----------------- Invoking toplevel() on ptolemy.moml.MoMLSimpleApplication@7693ff81
----------------- Done invoking toplevel() on ptolemy.moml.MoMLSimpleApplication@7693ff81
reloadAllAccessors: .PublisherSubscriber4

===========================================================================================
----------------- testing Sat Aug 25 01:57:56 UTC 2018 /home/travis/build/icyphy/ptII/ptolemy/actor/lib/test/auto/PublisherSubscriber5.xml
----------------- Instantiating /home/travis/build/icyphy/ptII/ptolemy/actor/lib/test/auto/PublisherSubscriber5.xml
3 ms. Memory: 1434624K Free: 295665K (21%)
----------------- Invoking toplevel() on ptolemy.moml.MoMLSimpleApplication@5e87ca8f
----------------- Done invoking toplevel() on ptolemy.moml.MoMLSimpleApplication@5e87ca8f
reloadAllAccessors: .PublisherSubscriber5

===========================================================================================
----------------- testing Sat Aug 25 01:57:56 UTC 2018 /home/travis/build/icyphy/ptII/ptolemy/actor/lib/test/auto/PublisherSubscriber6.xml
----------------- Instantiating /home/travis/build/icyphy/ptII/ptolemy/actor/lib/test/auto/PublisherSubscriber6.xml
3 ms. Memory: 1434624K Free: 278038K (19%)
----------------- Invoking toplevel() on ptolemy.moml.MoMLSimpleApplication@5104d086
----------------- Done invoking toplevel() on ptolemy.moml.MoMLSimpleApplication@5104d086
reloadAllAccessors: .PublisherSubscriber6

===========================================================================================
----------------- testing Sat Aug 25 01:57:56 UTC 2018 /home/travis/build/icyphy/ptII/ptolemy/actor/lib/test/auto/PublisherSubscriber7.xml
----------------- Instantiating /home/travis/build/icyphy/ptII/ptolemy/actor/lib/test/auto/PublisherSubscriber7.xml
3 ms. Memory: 1434624K Free: 255345K (18%)
----------------- Invoking toplevel() on ptolemy.moml.MoMLSimpleApplication@fe3fd79
----------------- Done invoking toplevel() on ptolemy.moml.MoMLSimpleApplication@fe3fd79
reloadAllAccessors: .PublisherSubscriber7

===========================================================================================
----------------- testing Sat Aug 25 01:57:56 UTC 2018 /home/travis/build/icyphy/ptII/ptolemy/actor/lib/test/auto/PublisherSubscriber8.xml
----------------- Instantiating /home/travis/build/icyphy/ptII/ptolemy/actor/lib/test/auto/PublisherSubscriber8.xml
14 ms. Memory: 1434624K Free: 149586K (10%)
----------------- Invoking toplevel() on ptolemy.moml.MoMLSimpleApplication@35f5599f
----------------- Done invoking toplevel() on ptolemy.moml.MoMLSimpleApplication@35f5599f
reloadAllAccessors: .PublisherSubscriber8

===========================================================================================
----------------- testing Sat Aug 25 01:57:56 UTC 2018 /home/travis/build/icyphy/ptII/ptolemy/actor/lib/test/auto/PublisherSubscriber9.xml
----------------- Instantiating /home/travis/build/icyphy/ptII/ptolemy/actor/lib/test/auto/PublisherSubscriber9.xml
3 ms. Memory: 1434624K Free: 126893K (9%)
----------------- Invoking toplevel() on ptolemy.moml.MoMLSimpleApplication@26e051f9
----------------- Done invoking toplevel() on ptolemy.moml.MoMLSimpleApplication@26e051f9
reloadAllAccessors: .PublisherSubscriber9

===========================================================================================
----------------- testing Sat Aug 25 01:57:56 UTC 2018 /home/travis/build/icyphy/ptII/ptolemy/actor/lib/test/auto/PublisherSubscriberAdjacent.xml
----------------- Instantiating /home/travis/build/icyphy/ptII/ptolemy/actor/lib/test/auto/PublisherSubscriberAdjacent.xml
3 ms. Memory: 1434624K Free: 109266K (8%)
----------------- Invoking toplevel() on ptolemy.moml.MoMLSimpleApplication@51dc16f4
----------------- Done invoking toplevel() on ptolemy.moml.MoMLSimpleApplication@51dc16f4
reloadAllAccessors: .PublisherSubscriberAdjacent

===========================================================================================
----------------- testing Sat Aug 25 01:57:56 UTC 2018 /home/travis/build/icyphy/ptII/ptolemy/actor/lib/test/auto/PublisherSubscriberChannelVariablesAOC2.xml
----------------- Instantiating /home/travis/build/icyphy/ptII/ptolemy/actor/lib/test/auto/PublisherSubscriberChannelVariablesAOC2.xml
3 ms. Memory: 1434624K Free: 82826K (6%)
----------------- Invoking toplevel() on ptolemy.moml.MoMLSimpleApplication@561939a4
----------------- Done invoking toplevel() on ptolemy.moml.MoMLSimpleApplication@561939a4
reloadAllAccessors: .PublisherSubscriberChannelVariablesAOC2

===========================================================================================
----------------- testing Sat Aug 25 01:57:56 UTC 2018 /home/travis/build/icyphy/ptII/ptolemy/actor/lib/test/auto/PublisherSubscriberD3.xml
----------------- Instantiating /home/travis/build/icyphy/ptII/ptolemy/actor/lib/test/auto/PublisherSubscriberD3.xml
2 ms. Memory: 1551872K Free: 1498507K (97%)
----------------- Invoking toplevel() on ptolemy.moml.MoMLSimpleApplication@73e11ba3
----------------- Done invoking toplevel() on ptolemy.moml.MoMLSimpleApplication@73e11ba3
reloadAllAccessors: .PublisherSubscriberD3

===========================================================================================
----------------- testing Sat Aug 25 01:57:56 UTC 2018 /home/travis/build/icyphy/ptII/ptolemy/actor/lib/test/auto/PublisherSubscriberD3Reverse.xml
----------------- Instantiating /home/travis/build/icyphy/ptII/ptolemy/actor/lib/test/auto/PublisherSubscriberD3Reverse.xml
1 ms. Memory: 1551872K Free: 1474447K (95%)
----------------- Invoking toplevel() on ptolemy.moml.MoMLSimpleApplication@32d4c9cc
----------------- Done invoking toplevel() on ptolemy.moml.MoMLSimpleApplication@32d4c9cc
reloadAllAccessors: .PublisherSubscriberD3Reverse

===========================================================================================
----------------- testing Sat Aug 25 01:57:56 UTC 2018 /home/travis/build/icyphy/ptII/ptolemy/actor/lib/test/auto/PublisherSubscriberExpression.xml
----------------- Instantiating /home/travis/build/icyphy/ptII/ptolemy/actor/lib/test/auto/PublisherSubscriberExpression.xml
3 ms. Memory: 1551872K Free: 1450386K (93%)
----------------- Invoking toplevel() on ptolemy.moml.MoMLSimpleApplication@5c2d853
----------------- Done invoking toplevel() on ptolemy.moml.MoMLSimpleApplication@5c2d853
reloadAllAccessors: .PublisherSubscriberExpression

===========================================================================================
----------------- testing Sat Aug 25 01:57:56 UTC 2018 /home/travis/build/icyphy/ptII/ptolemy/actor/lib/test/auto/PublisherSubscriberOpaque.xml
----------------- Instantiating /home/travis/build/icyphy/ptII/ptolemy/actor/lib/test/auto/PublisherSubscriberOpaque.xml
3 ms. Memory: 1551872K Free: 1431012K (92%)
----------------- Invoking toplevel() on ptolemy.moml.MoMLSimpleApplication@745d6dd8
----------------- Done invoking toplevel() on ptolemy.moml.MoMLSimpleApplication@745d6dd8
reloadAllAccessors: .PublisherSubscriberOpaque

===========================================================================================
----------------- testing Sat Aug 25 01:57:56 UTC 2018 /home/travis/build/icyphy/ptII/ptolemy/actor/lib/test/auto/PublisherSubscriberOpaqueD3.xml
----------------- Instantiating /home/travis/build/icyphy/ptII/ptolemy/actor/lib/test/auto/PublisherSubscriberOpaqueD3.xml
6 ms. Memory: 1551872K Free: 1406952K (91%)
----------------- Invoking toplevel() on ptolemy.moml.MoMLSimpleApplication@109a0554
----------------- Done invoking toplevel() on ptolemy.moml.MoMLSimpleApplication@109a0554
reloadAllAccessors: .PublisherSubscriberOpaqueD3

===========================================================================================
----------------- testing Sat Aug 25 01:57:56 UTC 2018 /home/travis/build/icyphy/ptII/ptolemy/actor/lib/test/auto/PublisherSubscriberOpaqueD3Reverse.xml
----------------- Instantiating /home/travis/build/icyphy/ptII/ptolemy/actor/lib/test/auto/PublisherSubscriberOpaqueD3Reverse.xml
5 ms. Memory: 1551872K Free: 1387555K (89%)
----------------- Invoking toplevel() on ptolemy.moml.MoMLSimpleApplication@d2502e4
----------------- Done invoking toplevel() on ptolemy.moml.MoMLSimpleApplication@d2502e4
reloadAllAccessors: .PublisherSubscriberOpaqueD3Reverse

===========================================================================================
----------------- testing Sat Aug 25 01:57:56 UTC 2018 /home/travis/build/icyphy/ptII/ptolemy/actor/lib/test/auto/PublisherSubscriberOpaqueWidthInference.xml
----------------- Instantiating /home/travis/build/icyphy/ptII/ptolemy/actor/lib/test/auto/PublisherSubscriberOpaqueWidthInference.xml
4 ms. Memory: 1551872K Free: 1363495K (88%)
----------------- Invoking toplevel() on ptolemy.moml.MoMLSimpleApplication@be09e15
----------------- Done invoking toplevel() on ptolemy.moml.MoMLSimpleApplication@be09e15
reloadAllAccessors: .PublisherSubscriberOpaqueWidthInference

===========================================================================================
----------------- testing Sat Aug 25 01:57:56 UTC 2018 /home/travis/build/icyphy/ptII/ptolemy/actor/lib/test/auto/PublisherTestSubscriber.xml
----------------- Instantiating /home/travis/build/icyphy/ptII/ptolemy/actor/lib/test/auto/PublisherTestSubscriber.xml
2 ms. Memory: 1551872K Free: 1344121K (87%)
----------------- Invoking toplevel() on ptolemy.moml.MoMLSimpleApplication@56d89e5
----------------- Done invoking toplevel() on ptolemy.moml.MoMLSimpleApplication@56d89e5
reloadAllAccessors: .PublisherTestSubscriber

===========================================================================================
----------------- testing Sat Aug 25 01:57:56 UTC 2018 /home/travis/build/icyphy/ptII/ptolemy/actor/lib/test/auto/PublisherToplevelSubscriberPortAOC.xml
----------------- Instantiating /home/travis/build/icyphy/ptII/ptolemy/actor/lib/test/auto/PublisherToplevelSubscriberPortAOC.xml
1 ms. Memory: 1551872K Free: 1320060K (85%)
----------------- Invoking toplevel() on ptolemy.moml.MoMLSimpleApplication@14cc7125
----------------- Done invoking toplevel() on ptolemy.moml.MoMLSimpleApplication@14cc7125
reloadAllAccessors: .PublisherToplevelSubscriberPortAOC

===========================================================================================
----------------- testing Sat Aug 25 01:57:56 UTC 2018 /home/travis/build/icyphy/ptII/ptolemy/actor/lib/test/auto/PulseFiringLimitDE.xml
----------------- Instantiating /home/travis/build/icyphy/ptII/ptolemy/actor/lib/test/auto/PulseFiringLimitDE.xml
2 ms. Memory: 1551872K Free: 1300686K (84%)
----------------- Invoking toplevel() on ptolemy.moml.MoMLSimpleApplication@7f24a5e5
----------------- Done invoking toplevel() on ptolemy.moml.MoMLSimpleApplication@7f24a5e5
reloadAllAccessors: .PulseFiringLimitDE

===========================================================================================
----------------- testing Sat Aug 25 01:57:56 UTC 2018 /home/travis/build/icyphy/ptII/ptolemy/actor/lib/test/auto/Ramp1.xml
----------------- Instantiating /home/travis/build/icyphy/ptII/ptolemy/actor/lib/test/auto/Ramp1.xml
1 ms. Memory: 1551872K Free: 1276626K (82%)
----------------- Invoking toplevel() on ptolemy.moml.MoMLSimpleApplication@7d57cc42
----------------- Done invoking toplevel() on ptolemy.moml.MoMLSimpleApplication@7d57cc42
reloadAllAccessors: .Ramp1

===========================================================================================
----------------- testing Sat Aug 25 01:57:56 UTC 2018 /home/travis/build/icyphy/ptII/ptolemy/actor/lib/test/auto/RampFiringLimitDE.xml
----------------- Instantiating /home/travis/build/icyphy/ptII/ptolemy/actor/lib/test/auto/RampFiringLimitDE.xml
3 ms. Memory: 1551872K Free: 1257252K (81%)
----------------- Invoking toplevel() on ptolemy.moml.MoMLSimpleApplication@2d5b8a61
----------------- Done invoking toplevel() on ptolemy.moml.MoMLSimpleApplication@2d5b8a61
reloadAllAccessors: .RampFiringLimitDE

===========================================================================================
----------------- testing Sat Aug 25 01:57:56 UTC 2018 /home/travis/build/icyphy/ptII/ptolemy/actor/lib/test/auto/RampFiringLimitSDF.xml
----------------- Instantiating /home/travis/build/icyphy/ptII/ptolemy/actor/lib/test/auto/RampFiringLimitSDF.xml
2 ms. Memory: 1551872K Free: 1233191K (79%)
----------------- Invoking toplevel() on ptolemy.moml.MoMLSimpleApplication@544b18ca
----------------- Done invoking toplevel() on ptolemy.moml.MoMLSimpleApplication@544b18ca
reloadAllAccessors: .RampFiringLimitSDF

===========================================================================================
----------------- testing Sat Aug 25 01:57:56 UTC 2018 /home/travis/build/icyphy/ptII/ptolemy/actor/lib/test/auto/RandomInteger.xml
----------------- Instantiating /home/travis/build/icyphy/ptII/ptolemy/actor/lib/test/auto/RandomInteger.xml
1 ms. Memory: 1551872K Free: 1213817K (78%)
----------------- Invoking toplevel() on ptolemy.moml.MoMLSimpleApplication@780c6149
----------------- Done invoking toplevel() on ptolemy.moml.MoMLSimpleApplication@780c6149
reloadAllAccessors: .RandomInteger

===========================================================================================
----------------- testing Sat Aug 25 01:57:56 UTC 2018 /home/travis/build/icyphy/ptII/ptolemy/actor/lib/test/auto/ReadFile1.xml
----------------- Instantiating /home/travis/build/icyphy/ptII/ptolemy/actor/lib/test/auto/ReadFile1.xml
1 ms. Memory: 1551872K Free: 1189756K (77%)
----------------- Invoking toplevel() on ptolemy.moml.MoMLSimpleApplication@47ad529e
----------------- Done invoking toplevel() on ptolemy.moml.MoMLSimpleApplication@47ad529e
reloadAllAccessors: .ReadFile1

===========================================================================================
----------------- testing Sat Aug 25 01:57:56 UTC 2018 /home/travis/build/icyphy/ptII/ptolemy/actor/lib/test/auto/ReadFile2.xml
----------------- Instantiating /home/travis/build/icyphy/ptII/ptolemy/actor/lib/test/auto/ReadFile2.xml
1 ms. Memory: 1551872K Free: 1170382K (75%)
----------------- Invoking toplevel() on ptolemy.moml.MoMLSimpleApplication@54b44d9b
----------------- Done invoking toplevel() on ptolemy.moml.MoMLSimpleApplication@54b44d9b
reloadAllAccessors: .ReadFile2

===========================================================================================
----------------- testing Sat Aug 25 01:57:56 UTC 2018 /home/travis/build/icyphy/ptII/ptolemy/actor/lib/test/auto/Reader.xml
----------------- Instantiating /home/travis/build/icyphy/ptII/ptolemy/actor/lib/test/auto/Reader.xml
actor.lib.Reader is obsolete, use actor.lib.io.ExpressionReader instead
1 ms. Memory: 1551872K Free: 1146322K (74%)
----------------- Invoking toplevel() on ptolemy.moml.MoMLSimpleApplication@15ccfe4
----------------- Done invoking toplevel() on ptolemy.moml.MoMLSimpleApplication@15ccfe4
reloadAllAccessors: .Reader

===========================================================================================
----------------- testing Sat Aug 25 01:57:56 UTC 2018 /home/travis/build/icyphy/ptII/ptolemy/actor/lib/test/auto/RecordAssemblerDisplayNameTest.xml
----------------- Instantiating /home/travis/build/icyphy/ptII/ptolemy/actor/lib/test/auto/RecordAssemblerDisplayNameTest.xml
3959 ms. Memory: 1682432K Free: 1458716K (87%)
----------------- Invoking toplevel() on ptolemy.moml.MoMLSimpleApplication@14d9ac9e
----------------- Done invoking toplevel() on ptolemy.moml.MoMLSimpleApplication@14d9ac9e
reloadAllAccessors: .RecordAssemblerDisplayNameTest

===========================================================================================
----------------- testing Sat Aug 25 01:58:00 UTC 2018 /home/travis/build/icyphy/ptII/ptolemy/actor/lib/test/auto/RecordAssemblerTypeError.xml
----------------- Instantiating /home/travis/build/icyphy/ptII/ptolemy/actor/lib/test/auto/RecordAssemblerTypeError.xml
4 ms. Memory: 1682432K Free: 1426315K (85%)
----------------- Invoking toplevel() on ptolemy.moml.MoMLSimpleApplication@415f4c46
----------------- Done invoking toplevel() on ptolemy.moml.MoMLSimpleApplication@415f4c46
reloadAllAccessors: .RecordAssemblerTypeError

===========================================================================================
----------------- testing Sat Aug 25 01:58:00 UTC 2018 /home/travis/build/icyphy/ptII/ptolemy/actor/lib/test/auto/RecordDisassember.xml
----------------- Instantiating /home/travis/build/icyphy/ptII/ptolemy/actor/lib/test/auto/RecordDisassember.xml
3 ms. Memory: 1682432K Free: 1407013K (84%)
----------------- Invoking toplevel() on ptolemy.moml.MoMLSimpleApplication@3096c2da
----------------- Done invoking toplevel() on ptolemy.moml.MoMLSimpleApplication@3096c2da
reloadAllAccessors: .RecordDisassember

===========================================================================================
----------------- testing Sat Aug 25 01:58:00 UTC 2018 /home/travis/build/icyphy/ptII/ptolemy/actor/lib/test/auto/RecordDisassemberDisplayNameTest.xml
----------------- Instantiating /home/travis/build/icyphy/ptII/ptolemy/actor/lib/test/auto/RecordDisassemberDisplayNameTest.xml
5 ms. Memory: 1682432K Free: 1387710K (82%)
----------------- Invoking toplevel() on ptolemy.moml.MoMLSimpleApplication@1c0d3b1c
----------------- Done invoking toplevel() on ptolemy.moml.MoMLSimpleApplication@1c0d3b1c
reloadAllAccessors: .RecordDisassemberDisplayNameTest

===========================================================================================
----------------- testing Sat Aug 25 01:58:00 UTC 2018 /home/travis/build/icyphy/ptII/ptolemy/actor/lib/test/auto/RecordDisassembler.xml
----------------- Instantiating /home/travis/build/icyphy/ptII/ptolemy/actor/lib/test/auto/RecordDisassembler.xml
2 ms. Memory: 1682432K Free: 1372002K (82%)
----------------- Invoking toplevel() on ptolemy.moml.MoMLSimpleApplication@4f7d3226
----------------- Done invoking toplevel() on ptolemy.moml.MoMLSimpleApplication@4f7d3226
reloadAllAccessors: .RecordDisassembler

===========================================================================================
----------------- testing Sat Aug 25 01:58:00 UTC 2018 /home/travis/build/icyphy/ptII/ptolemy/actor/lib/test/auto/RecordDisassembler2.xml
----------------- Instantiating /home/travis/build/icyphy/ptII/ptolemy/actor/lib/test/auto/RecordDisassembler2.xml
2 ms. Memory: 1682432K Free: 1352700K (80%)
----------------- Invoking toplevel() on ptolemy.moml.MoMLSimpleApplication@8fad4e6
----------------- Done invoking toplevel() on ptolemy.moml.MoMLSimpleApplication@8fad4e6
reloadAllAccessors: .RecordDisassembler2

===========================================================================================
----------------- testing Sat Aug 25 01:58:00 UTC 2018 /home/travis/build/icyphy/ptII/ptolemy/actor/lib/test/auto/RecordUpdater.xml
----------------- Instantiating /home/travis/build/icyphy/ptII/ptolemy/actor/lib/test/auto/RecordUpdater.xml
1 ms. Memory: 1682432K Free: 1333397K (79%)
----------------- Invoking toplevel() on ptolemy.moml.MoMLSimpleApplication@388154bf
----------------- Done invoking toplevel() on ptolemy.moml.MoMLSimpleApplication@388154bf
reloadAllAccessors: .RecordUpdater

===========================================================================================
----------------- testing Sat Aug 25 01:58:00 UTC 2018 /home/travis/build/icyphy/ptII/ptolemy/actor/lib/test/auto/RecordUpdater2.xml
----------------- Instantiating /home/travis/build/icyphy/ptII/ptolemy/actor/lib/test/auto/RecordUpdater2.xml
1 ms. Memory: 1682432K Free: 1317689K (78%)
----------------- Invoking toplevel() on ptolemy.moml.MoMLSimpleApplication@58b7834
----------------- Done invoking toplevel() on ptolemy.moml.MoMLSimpleApplication@58b7834
reloadAllAccessors: .RecordUpdater2

===========================================================================================
----------------- testing Sat Aug 25 01:58:00 UTC 2018 /home/travis/build/icyphy/ptII/ptolemy/actor/lib/test/auto/RecursiveLattice.xml
----------------- Instantiating /home/travis/build/icyphy/ptII/ptolemy/actor/lib/test/auto/RecursiveLattice.xml
1 ms. Memory: 1682432K Free: 1298387K (77%)
----------------- Invoking toplevel() on ptolemy.moml.MoMLSimpleApplication@3213ea89
----------------- Done invoking toplevel() on ptolemy.moml.MoMLSimpleApplication@3213ea89
reloadAllAccessors: .RecursiveLattice

===========================================================================================
----------------- testing Sat Aug 25 01:58:00 UTC 2018 /home/travis/build/icyphy/ptII/ptolemy/actor/lib/test/auto/Router.xml
----------------- Instantiating /home/travis/build/icyphy/ptII/ptolemy/actor/lib/test/auto/Router.xml
3005 ms. Memory: 1682432K Free: 1279084K (76%)
----------------- Invoking toplevel() on ptolemy.moml.MoMLSimpleApplication@4f3ef9d8
----------------- Done invoking toplevel() on ptolemy.moml.MoMLSimpleApplication@4f3ef9d8
reloadAllAccessors: .Router

===========================================================================================
----------------- testing Sat Aug 25 01:58:03 UTC 2018 /home/travis/build/icyphy/ptII/ptolemy/actor/lib/test/auto/Router2.xml
----------------- Instantiating /home/travis/build/icyphy/ptII/ptolemy/actor/lib/test/auto/Router2.xml
3003 ms. Memory: 1682432K Free: 1263376K (75%)
----------------- Invoking toplevel() on ptolemy.moml.MoMLSimpleApplication@6e140cfc
----------------- Done invoking toplevel() on ptolemy.moml.MoMLSimpleApplication@6e140cfc
reloadAllAccessors: .Router2

===========================================================================================
----------------- testing Sat Aug 25 01:58:06 UTC 2018 /home/travis/build/icyphy/ptII/ptolemy/actor/lib/test/auto/RunningMaximum.xml
----------------- Instantiating /home/travis/build/icyphy/ptII/ptolemy/actor/lib/test/auto/RunningMaximum.xml
2 ms. Memory: 1682432K Free: 1244074K (74%)
----------------- Invoking toplevel() on ptolemy.moml.MoMLSimpleApplication@33cfadd5
----------------- Done invoking toplevel() on ptolemy.moml.MoMLSimpleApplication@33cfadd5
reloadAllAccessors: .RunningMaximum

===========================================================================================
----------------- testing Sat Aug 25 01:58:06 UTC 2018 /home/travis/build/icyphy/ptII/ptolemy/actor/lib/test/auto/RunningMinimum.xml
----------------- Instantiating /home/travis/build/icyphy/ptII/ptolemy/actor/lib/test/auto/RunningMinimum.xml
1 ms. Memory: 1682432K Free: 1224771K (73%)
----------------- Invoking toplevel() on ptolemy.moml.MoMLSimpleApplication@1123e33a
----------------- Done invoking toplevel() on ptolemy.moml.MoMLSimpleApplication@1123e33a
reloadAllAccessors: .RunningMinimum

===========================================================================================
----------------- testing Sat Aug 25 01:58:06 UTC 2018 /home/travis/build/icyphy/ptII/ptolemy/actor/lib/test/auto/Scale.xml
----------------- Instantiating /home/travis/build/icyphy/ptII/ptolemy/actor/lib/test/auto/Scale.xml
1 ms. Memory: 1682432K Free: 1209063K (72%)
----------------- Invoking toplevel() on ptolemy.moml.MoMLSimpleApplication@5173b58d
----------------- Done invoking toplevel() on ptolemy.moml.MoMLSimpleApplication@5173b58d
reloadAllAccessors: .Scale

===========================================================================================
----------------- testing Sat Aug 25 01:58:06 UTC 2018 /home/travis/build/icyphy/ptII/ptolemy/actor/lib/test/auto/Scale2.xml
----------------- Instantiating /home/travis/build/icyphy/ptII/ptolemy/actor/lib/test/auto/Scale2.xml
1 ms. Memory: 1682432K Free: 1189761K (71%)
----------------- Invoking toplevel() on ptolemy.moml.MoMLSimpleApplication@55365425
----------------- Done invoking toplevel() on ptolemy.moml.MoMLSimpleApplication@55365425
reloadAllAccessors: .Scale2

===========================================================================================
----------------- testing Sat Aug 25 01:58:06 UTC 2018 /home/travis/build/icyphy/ptII/ptolemy/actor/lib/test/auto/Scale3.xml
----------------- Instantiating /home/travis/build/icyphy/ptII/ptolemy/actor/lib/test/auto/Scale3.xml
3 ms. Memory: 1682432K Free: 1170458K (70%)
----------------- Invoking toplevel() on ptolemy.moml.MoMLSimpleApplication@7ab277f3
----------------- Done invoking toplevel() on ptolemy.moml.MoMLSimpleApplication@7ab277f3
reloadAllAccessors: .Scale3

===========================================================================================
----------------- testing Sat Aug 25 01:58:06 UTC 2018 /home/travis/build/icyphy/ptII/ptolemy/actor/lib/test/auto/ScaleArray.xml
----------------- Instantiating /home/travis/build/icyphy/ptII/ptolemy/actor/lib/test/auto/ScaleArray.xml
1 ms. Memory: 1682432K Free: 1154750K (69%)
----------------- Invoking toplevel() on ptolemy.moml.MoMLSimpleApplication@1ffec3c
----------------- Done invoking toplevel() on ptolemy.moml.MoMLSimpleApplication@1ffec3c
reloadAllAccessors: .ScaleArray

===========================================================================================
----------------- testing Sat Aug 25 01:58:06 UTC 2018 /home/travis/build/icyphy/ptII/ptolemy/actor/lib/test/auto/ScaleArray2.xml
----------------- Instantiating /home/travis/build/icyphy/ptII/ptolemy/actor/lib/test/auto/ScaleArray2.xml
1 ms. Memory: 1682432K Free: 1135448K (67%)
----------------- Invoking toplevel() on ptolemy.moml.MoMLSimpleApplication@689c964b
----------------- Done invoking toplevel() on ptolemy.moml.MoMLSimpleApplication@689c964b
reloadAllAccessors: .ScaleArray2

===========================================================================================
----------------- testing Sat Aug 25 01:58:06 UTC 2018 /home/travis/build/icyphy/ptII/ptolemy/actor/lib/test/auto/ScaleMatrix.xml
----------------- Instantiating /home/travis/build/icyphy/ptII/ptolemy/actor/lib/test/auto/ScaleMatrix.xml
112 ms. Memory: 1682432K Free: 1108275K (66%)
----------------- Invoking toplevel() on ptolemy.moml.MoMLSimpleApplication@3cd75b1e
----------------- Done invoking toplevel() on ptolemy.moml.MoMLSimpleApplication@3cd75b1e
reloadAllAccessors: .ScaleMatrix

===========================================================================================
----------------- testing Sat Aug 25 01:58:07 UTC 2018 /home/travis/build/icyphy/ptII/ptolemy/actor/lib/test/auto/Select.xml
----------------- Instantiating /home/travis/build/icyphy/ptII/ptolemy/actor/lib/test/auto/Select.xml
2 ms. Memory: 1682432K Free: 1092567K (65%)
----------------- Invoking toplevel() on ptolemy.moml.MoMLSimpleApplication@51945e2d
----------------- Done invoking toplevel() on ptolemy.moml.MoMLSimpleApplication@51945e2d
reloadAllAccessors: .Select

===========================================================================================
----------------- testing Sat Aug 25 01:58:07 UTC 2018 /home/travis/build/icyphy/ptII/ptolemy/actor/lib/test/auto/Select2.xml
----------------- Instantiating /home/travis/build/icyphy/ptII/ptolemy/actor/lib/test/auto/Select2.xml
1 ms. Memory: 1682432K Free: 1073264K (64%)
----------------- Invoking toplevel() on ptolemy.moml.MoMLSimpleApplication@1fa1b631
----------------- Done invoking toplevel() on ptolemy.moml.MoMLSimpleApplication@1fa1b631
reloadAllAccessors: .Select2

===========================================================================================
----------------- testing Sat Aug 25 01:58:07 UTC 2018 /home/travis/build/icyphy/ptII/ptolemy/actor/lib/test/auto/SequenceToArray2.xml
----------------- Instantiating /home/travis/build/icyphy/ptII/ptolemy/actor/lib/test/auto/SequenceToArray2.xml
63 ms. Memory: 1682432K Free: 975405K (58%)
----------------- Invoking toplevel() on ptolemy.moml.MoMLSimpleApplication@2a97f2a6
----------------- Done invoking toplevel() on ptolemy.moml.MoMLSimpleApplication@2a97f2a6
reloadAllAccessors: .SequenceToArray2

===========================================================================================
----------------- testing Sat Aug 25 01:58:07 UTC 2018 /home/travis/build/icyphy/ptII/ptolemy/actor/lib/test/auto/SequentialClock.xml
----------------- Instantiating /home/travis/build/icyphy/ptII/ptolemy/actor/lib/test/auto/SequentialClock.xml
1 ms. Memory: 1682432K Free: 959696K (57%)
----------------- Invoking toplevel() on ptolemy.moml.MoMLSimpleApplication@504dd81f
----------------- Done invoking toplevel() on ptolemy.moml.MoMLSimpleApplication@504dd81f
reloadAllAccessors: .SequentialClock

===========================================================================================
----------------- testing Sat Aug 25 01:58:07 UTC 2018 /home/travis/build/icyphy/ptII/ptolemy/actor/lib/test/auto/SetVariable.xml
----------------- Instantiating /home/travis/build/icyphy/ptII/ptolemy/actor/lib/test/auto/SetVariable.xml
3 ms. Memory: 1682432K Free: 940394K (56%)
----------------- Invoking toplevel() on ptolemy.moml.MoMLSimpleApplication@4429932a
----------------- Done invoking toplevel() on ptolemy.moml.MoMLSimpleApplication@4429932a
reloadAllAccessors: .SetVariable

===========================================================================================
----------------- testing Sat Aug 25 01:58:07 UTC 2018 /home/travis/build/icyphy/ptII/ptolemy/actor/lib/test/auto/SetVariable2.xml
----------------- Instantiating /home/travis/build/icyphy/ptII/ptolemy/actor/lib/test/auto/SetVariable2.xml
2 ms. Memory: 1682432K Free: 921091K (55%)
----------------- Invoking toplevel() on ptolemy.moml.MoMLSimpleApplication@12c94f57
----------------- Done invoking toplevel() on ptolemy.moml.MoMLSimpleApplication@12c94f57
reloadAllAccessors: .SetVariable2

===========================================================================================
----------------- testing Sat Aug 25 01:58:07 UTC 2018 /home/travis/build/icyphy/ptII/ptolemy/actor/lib/test/auto/SetVariable3.xml
----------------- Instantiating /home/travis/build/icyphy/ptII/ptolemy/actor/lib/test/auto/SetVariable3.xml
6 ms. Memory: 1682432K Free: 905383K (54%)
----------------- Invoking toplevel() on ptolemy.moml.MoMLSimpleApplication@5a14199b
----------------- Done invoking toplevel() on ptolemy.moml.MoMLSimpleApplication@5a14199b
reloadAllAccessors: .SetVariable3

===========================================================================================
----------------- testing Sat Aug 25 01:58:07 UTC 2018 /home/travis/build/icyphy/ptII/ptolemy/actor/lib/test/auto/SetVariable4.xml
----------------- Instantiating /home/travis/build/icyphy/ptII/ptolemy/actor/lib/test/auto/SetVariable4.xml
14 ms. Memory: 1682432K Free: 831102K (49%)
----------------- Invoking toplevel() on ptolemy.moml.MoMLSimpleApplication@53d2439c
----------------- Done invoking toplevel() on ptolemy.moml.MoMLSimpleApplication@53d2439c
reloadAllAccessors: .SetVariable4

===========================================================================================
----------------- testing Sat Aug 25 01:58:07 UTC 2018 /home/travis/build/icyphy/ptII/ptolemy/actor/lib/test/auto/SetVariable5.xml
----------------- Instantiating /home/travis/build/icyphy/ptII/ptolemy/actor/lib/test/auto/SetVariable5.xml
9 ms. Memory: 1682432K Free: 811800K (48%)
----------------- Invoking toplevel() on ptolemy.moml.MoMLSimpleApplication@97835b1
----------------- Done invoking toplevel() on ptolemy.moml.MoMLSimpleApplication@97835b1
reloadAllAccessors: .SetVariable5

===========================================================================================
----------------- testing Sat Aug 25 01:58:07 UTC 2018 /home/travis/build/icyphy/ptII/ptolemy/actor/lib/test/auto/Sinewave.xml
----------------- Instantiating /home/travis/build/icyphy/ptII/ptolemy/actor/lib/test/auto/Sinewave.xml
3 ms. Memory: 1682432K Free: 788237K (47%)
----------------- Invoking toplevel() on ptolemy.moml.MoMLSimpleApplication@488e014f
----------------- Done invoking toplevel() on ptolemy.moml.MoMLSimpleApplication@488e014f
reloadAllAccessors: .Sinewave

===========================================================================================
----------------- testing Sat Aug 25 01:58:07 UTC 2018 /home/travis/build/icyphy/ptII/ptolemy/actor/lib/test/auto/Sinewave2.xml
----------------- Instantiating /home/travis/build/icyphy/ptII/ptolemy/actor/lib/test/auto/Sinewave2.xml
4 ms. Memory: 1682432K Free: 768934K (46%)
----------------- Invoking toplevel() on ptolemy.moml.MoMLSimpleApplication@3a3e6aaf
----------------- Done invoking toplevel() on ptolemy.moml.MoMLSimpleApplication@3a3e6aaf
reloadAllAccessors: .Sinewave2

===========================================================================================
----------------- testing Sat Aug 25 01:58:07 UTC 2018 /home/travis/build/icyphy/ptII/ptolemy/actor/lib/test/auto/Sinewave3.xml
----------------- Instantiating /home/travis/build/icyphy/ptII/ptolemy/actor/lib/test/auto/Sinewave3.xml
15 ms. Memory: 1682432K Free: 749632K (45%)
----------------- Invoking toplevel() on ptolemy.moml.MoMLSimpleApplication@3d4246ea
----------------- Done invoking toplevel() on ptolemy.moml.MoMLSimpleApplication@3d4246ea
reloadAllAccessors: .Sinewave3

===========================================================================================
----------------- testing Sat Aug 25 01:58:07 UTC 2018 /home/travis/build/icyphy/ptII/ptolemy/actor/lib/test/auto/SingleEvent.xml
----------------- Instantiating /home/travis/build/icyphy/ptII/ptolemy/actor/lib/test/auto/SingleEvent.xml
1 ms. Memory: 1682432K Free: 733924K (44%)
----------------- Invoking toplevel() on ptolemy.moml.MoMLSimpleApplication@1320c9ee
----------------- Done invoking toplevel() on ptolemy.moml.MoMLSimpleApplication@1320c9ee
reloadAllAccessors: .SingleEvent

===========================================================================================
----------------- testing Sat Aug 25 01:58:07 UTC 2018 /home/travis/build/icyphy/ptII/ptolemy/actor/lib/test/auto/Sleep.xml
----------------- Instantiating /home/travis/build/icyphy/ptII/ptolemy/actor/lib/test/auto/Sleep.xml
6003 ms. Memory: 1682432K Free: 714621K (42%)
----------------- Invoking toplevel() on ptolemy.moml.MoMLSimpleApplication@4d314481
----------------- Done invoking toplevel() on ptolemy.moml.MoMLSimpleApplication@4d314481
reloadAllAccessors: .Sleep

===========================================================================================
----------------- testing Sat Aug 25 01:58:13 UTC 2018 /home/travis/build/icyphy/ptII/ptolemy/actor/lib/test/auto/SleepMultipleFire.xml
----------------- Instantiating /home/travis/build/icyphy/ptII/ptolemy/actor/lib/test/auto/SleepMultipleFire.xml
1008 ms. Memory: 1682432K Free: 695319K (41%)
----------------- Invoking toplevel() on ptolemy.moml.MoMLSimpleApplication@7e4136b3
----------------- Done invoking toplevel() on ptolemy.moml.MoMLSimpleApplication@7e4136b3
reloadAllAccessors: .SleepMultipleFire

===========================================================================================
----------------- testing Sat Aug 25 01:58:14 UTC 2018 /home/travis/build/icyphy/ptII/ptolemy/actor/lib/test/auto/StopDE.xml
----------------- Instantiating /home/travis/build/icyphy/ptII/ptolemy/actor/lib/test/auto/StopDE.xml
8 ms. Memory: 1682432K Free: 679611K (40%)
----------------- Invoking toplevel() on ptolemy.moml.MoMLSimpleApplication@23be6766
----------------- Done invoking toplevel() on ptolemy.moml.MoMLSimpleApplication@23be6766
reloadAllAccessors: .StopDE

===========================================================================================
----------------- testing Sat Aug 25 01:58:14 UTC 2018 /home/travis/build/icyphy/ptII/ptolemy/actor/lib/test/auto/StopSDF.xml
----------------- Instantiating /home/travis/build/icyphy/ptII/ptolemy/actor/lib/test/auto/StopSDF.xml
3 ms. Memory: 1682432K Free: 660308K (39%)
----------------- Invoking toplevel() on ptolemy.moml.MoMLSimpleApplication@329cc35c
----------------- Done invoking toplevel() on ptolemy.moml.MoMLSimpleApplication@329cc35c
reloadAllAccessors: .StopSDF

===========================================================================================
----------------- testing Sat Aug 25 01:58:14 UTC 2018 /home/travis/build/icyphy/ptII/ptolemy/actor/lib/test/auto/StringConstant.xml
----------------- Instantiating /home/travis/build/icyphy/ptII/ptolemy/actor/lib/test/auto/StringConstant.xml
1 ms. Memory: 1682432K Free: 641006K (38%)
----------------- Invoking toplevel() on ptolemy.moml.MoMLSimpleApplication@6221609e
----------------- Done invoking toplevel() on ptolemy.moml.MoMLSimpleApplication@6221609e
reloadAllAccessors: .StringConstant

===========================================================================================
----------------- testing Sat Aug 25 01:58:14 UTC 2018 /home/travis/build/icyphy/ptII/ptolemy/actor/lib/test/auto/SubscriberPortInitialValues1.xml
----------------- Instantiating /home/travis/build/icyphy/ptII/ptolemy/actor/lib/test/auto/SubscriberPortInitialValues1.xml
13 ms. Memory: 1682432K Free: 621703K (37%)
----------------- Invoking toplevel() on ptolemy.moml.MoMLSimpleApplication@39ef17d0
----------------- Done invoking toplevel() on ptolemy.moml.MoMLSimpleApplication@39ef17d0
reloadAllAccessors: .SubscriberPortInitialValues1

===========================================================================================
----------------- testing Sat Aug 25 01:58:14 UTC 2018 /home/travis/build/icyphy/ptII/ptolemy/actor/lib/test/auto/SubscriberPortInitialValues13.xml
----------------- Instantiating /home/travis/build/icyphy/ptII/ptolemy/actor/lib/test/auto/SubscriberPortInitialValues13.xml
4 ms. Memory: 1682432K Free: 598141K (36%)
----------------- Invoking toplevel() on ptolemy.moml.MoMLSimpleApplication@73cf57e
----------------- Done invoking toplevel() on ptolemy.moml.MoMLSimpleApplication@73cf57e
reloadAllAccessors: .SubscriberPortInitialValues13

===========================================================================================
----------------- testing Sat Aug 25 01:58:14 UTC 2018 /home/travis/build/icyphy/ptII/ptolemy/actor/lib/test/auto/SubscriberPortInitialValues14.xml
----------------- Instantiating /home/travis/build/icyphy/ptII/ptolemy/actor/lib/test/auto/SubscriberPortInitialValues14.xml
4 ms. Memory: 1682432K Free: 578838K (34%)
----------------- Invoking toplevel() on ptolemy.moml.MoMLSimpleApplication@3c6044fc
----------------- Done invoking toplevel() on ptolemy.moml.MoMLSimpleApplication@3c6044fc
reloadAllAccessors: .SubscriberPortInitialValues14

===========================================================================================
----------------- testing Sat Aug 25 01:58:14 UTC 2018 /home/travis/build/icyphy/ptII/ptolemy/actor/lib/test/auto/SubscriberPortInitialValues2.xml
----------------- Instantiating /home/travis/build/icyphy/ptII/ptolemy/actor/lib/test/auto/SubscriberPortInitialValues2.xml
4 ms. Memory: 1682432K Free: 559536K (33%)
----------------- Invoking toplevel() on ptolemy.moml.MoMLSimpleApplication@7e211861
----------------- Done invoking toplevel() on ptolemy.moml.MoMLSimpleApplication@7e211861
reloadAllAccessors: .SubscriberPortInitialValues2

===========================================================================================
----------------- testing Sat Aug 25 01:58:14 UTC 2018 /home/travis/build/icyphy/ptII/ptolemy/actor/lib/test/auto/SubscriberPortInitialValues3.xml
----------------- Instantiating /home/travis/build/icyphy/ptII/ptolemy/actor/lib/test/auto/SubscriberPortInitialValues3.xml
4 ms. Memory: 1682432K Free: 535958K (32%)
----------------- Invoking toplevel() on ptolemy.moml.MoMLSimpleApplication@4088e9eb
----------------- Done invoking toplevel() on ptolemy.moml.MoMLSimpleApplication@4088e9eb
reloadAllAccessors: .SubscriberPortInitialValues3

===========================================================================================
----------------- testing Sat Aug 25 01:58:14 UTC 2018 /home/travis/build/icyphy/ptII/ptolemy/actor/lib/test/auto/SubscriptionAggregator.xml
----------------- Instantiating /home/travis/build/icyphy/ptII/ptolemy/actor/lib/test/auto/SubscriptionAggregator.xml
2 ms. Memory: 1682432K Free: 516655K (31%)
----------------- Invoking toplevel() on ptolemy.moml.MoMLSimpleApplication@683d04d3
----------------- Done invoking toplevel() on ptolemy.moml.MoMLSimpleApplication@683d04d3
reloadAllAccessors: .SubscriptionAggregator

===========================================================================================
----------------- testing Sat Aug 25 01:58:14 UTC 2018 /home/travis/build/icyphy/ptII/ptolemy/actor/lib/test/auto/SubscriptionAggregator2.xml
----------------- Instantiating /home/travis/build/icyphy/ptII/ptolemy/actor/lib/test/auto/SubscriptionAggregator2.xml
2 ms. Memory: 1682432K Free: 497353K (30%)
----------------- Invoking toplevel() on ptolemy.moml.MoMLSimpleApplication@3d624555
----------------- Done invoking toplevel() on ptolemy.moml.MoMLSimpleApplication@3d624555
reloadAllAccessors: .SubscriptionAggregator2

===========================================================================================
----------------- testing Sat Aug 25 01:58:14 UTC 2018 /home/travis/build/icyphy/ptII/ptolemy/actor/lib/test/auto/SubscriptionAggregator3.xml
----------------- Instantiating /home/travis/build/icyphy/ptII/ptolemy/actor/lib/test/auto/SubscriptionAggregator3.xml
3 ms. Memory: 1682432K Free: 481645K (29%)
----------------- Invoking toplevel() on ptolemy.moml.MoMLSimpleApplication@a0e195c
----------------- Done invoking toplevel() on ptolemy.moml.MoMLSimpleApplication@a0e195c
reloadAllAccessors: .SubscriptionAggregator3

===========================================================================================
----------------- testing Sat Aug 25 01:58:14 UTC 2018 /home/travis/build/icyphy/ptII/ptolemy/actor/lib/test/auto/SubscriptionAggregatorMultiply.xml
----------------- Instantiating /home/travis/build/icyphy/ptII/ptolemy/actor/lib/test/auto/SubscriptionAggregatorMultiply.xml
3 ms. Memory: 1682432K Free: 462342K (27%)
----------------- Invoking toplevel() on ptolemy.moml.MoMLSimpleApplication@73d07bcd
----------------- Done invoking toplevel() on ptolemy.moml.MoMLSimpleApplication@73d07bcd
reloadAllAccessors: .SubscriptionAggregatorMultiply

===========================================================================================
----------------- testing Sat Aug 25 01:58:14 UTC 2018 /home/travis/build/icyphy/ptII/ptolemy/actor/lib/test/auto/SubscriptionAggregatorPortMultiply1.xml
----------------- Instantiating /home/travis/build/icyphy/ptII/ptolemy/actor/lib/test/auto/SubscriptionAggregatorPortMultiply1.xml
3 ms. Memory: 1682432K Free: 443040K (26%)
----------------- Invoking toplevel() on ptolemy.moml.MoMLSimpleApplication@7ac6f887
----------------- Done invoking toplevel() on ptolemy.moml.MoMLSimpleApplication@7ac6f887
reloadAllAccessors: .SubscriptionAggregatorPortMultiply1

===========================================================================================
----------------- testing Sat Aug 25 01:58:14 UTC 2018 /home/travis/build/icyphy/ptII/ptolemy/actor/lib/test/auto/Switch.xml
----------------- Instantiating /home/travis/build/icyphy/ptII/ptolemy/actor/lib/test/auto/Switch.xml
4 ms. Memory: 1682432K Free: 380207K (23%)
----------------- Invoking toplevel() on ptolemy.moml.MoMLSimpleApplication@4f3019da
----------------- Done invoking toplevel() on ptolemy.moml.MoMLSimpleApplication@4f3019da
reloadAllAccessors: .Switch

===========================================================================================
----------------- testing Sat Aug 25 01:58:14 UTC 2018 /home/travis/build/icyphy/ptII/ptolemy/actor/lib/test/auto/Switch2.xml
----------------- Instantiating /home/travis/build/icyphy/ptII/ptolemy/actor/lib/test/auto/Switch2.xml
1 ms. Memory: 1682432K Free: 360905K (21%)
----------------- Invoking toplevel() on ptolemy.moml.MoMLSimpleApplication@52772cb1
----------------- Done invoking toplevel() on ptolemy.moml.MoMLSimpleApplication@52772cb1
reloadAllAccessors: .Switch2

===========================================================================================
----------------- testing Sat Aug 25 01:58:14 UTC 2018 /home/travis/build/icyphy/ptII/ptolemy/actor/lib/test/auto/SwitchDE.xml
----------------- Instantiating /home/travis/build/icyphy/ptII/ptolemy/actor/lib/test/auto/SwitchDE.xml
2 ms. Memory: 1682432K Free: 341602K (20%)
----------------- Invoking toplevel() on ptolemy.moml.MoMLSimpleApplication@65064988
----------------- Done invoking toplevel() on ptolemy.moml.MoMLSimpleApplication@65064988
reloadAllAccessors: .SwitchDE

===========================================================================================
----------------- testing Sat Aug 25 01:58:14 UTC 2018 /home/travis/build/icyphy/ptII/ptolemy/actor/lib/test/auto/SynchronizerDE.xml
----------------- Instantiating /home/travis/build/icyphy/ptII/ptolemy/actor/lib/test/auto/SynchronizerDE.xml
6 ms. Memory: 1682432K Free: 325894K (19%)
----------------- Invoking toplevel() on ptolemy.moml.MoMLSimpleApplication@7302a945
----------------- Done invoking toplevel() on ptolemy.moml.MoMLSimpleApplication@7302a945
reloadAllAccessors: .SynchronizerDE

===========================================================================================
----------------- testing Sat Aug 25 01:58:14 UTC 2018 /home/travis/build/icyphy/ptII/ptolemy/actor/lib/test/auto/Test.xml
----------------- Instantiating /home/travis/build/icyphy/ptII/ptolemy/actor/lib/test/auto/Test.xml
8 ms. Memory: 1682432K Free: 306591K (18%)
----------------- Invoking toplevel() on ptolemy.moml.MoMLSimpleApplication@5641ff02
----------------- Done invoking toplevel() on ptolemy.moml.MoMLSimpleApplication@5641ff02
reloadAllAccessors: .Test

===========================================================================================
----------------- testing Sat Aug 25 01:58:14 UTC 2018 /home/travis/build/icyphy/ptII/ptolemy/actor/lib/test/auto/TestExceptionAttribute1.xml
----------------- Instantiating /home/travis/build/icyphy/ptII/ptolemy/actor/lib/test/auto/TestExceptionAttribute1.xml
1 ms. Memory: 1682432K Free: 287289K (17%)
----------------- Invoking toplevel() on ptolemy.moml.MoMLSimpleApplication@184654e5
----------------- Done invoking toplevel() on ptolemy.moml.MoMLSimpleApplication@184654e5
reloadAllAccessors: .TestExceptionAttribute1

===========================================================================================
----------------- testing Sat Aug 25 01:58:14 UTC 2018 /home/travis/build/icyphy/ptII/ptolemy/actor/lib/test/auto/TestExceptionAttribute2.xml
----------------- Instantiating /home/travis/build/icyphy/ptII/ptolemy/actor/lib/test/auto/TestExceptionAttribute2.xml
1 ms. Memory: 1682432K Free: 271581K (16%)
----------------- Invoking toplevel() on ptolemy.moml.MoMLSimpleApplication@6fc10395
----------------- Done invoking toplevel() on ptolemy.moml.MoMLSimpleApplication@6fc10395
reloadAllAccessors: .TestExceptionAttribute2

===========================================================================================
----------------- testing Sat Aug 25 01:58:14 UTC 2018 /home/travis/build/icyphy/ptII/ptolemy/actor/lib/test/auto/TestExceptionAttribute3.xml
----------------- Instantiating /home/travis/build/icyphy/ptII/ptolemy/actor/lib/test/auto/TestExceptionAttribute3.xml
.TestExceptionAttribute3.TestExceptionAttribute: initialize() was not invoked, but wrapup() was.  This is unusual, but not always a problem.  For example, exporting JNLP will do this.
0 ms. Memory: 1682432K Free: 252278K (15%)
----------------- Invoking toplevel() on ptolemy.moml.MoMLSimpleApplication@c81b204
----------------- Done invoking toplevel() on ptolemy.moml.MoMLSimpleApplication@c81b204
reloadAllAccessors: .TestExceptionAttribute3

===========================================================================================
----------------- testing Sat Aug 25 01:58:14 UTC 2018 /home/travis/build/icyphy/ptII/ptolemy/actor/lib/test/auto/TestExceptionAttribute4.xml
----------------- Instantiating /home/travis/build/icyphy/ptII/ptolemy/actor/lib/test/auto/TestExceptionAttribute4.xml
.TestExceptionAttribute4.TestExceptionAttribute: initialize() was not invoked, but wrapup() was.  This is unusual, but not always a problem.  For example, exporting JNLP will do this.
.TestExceptionAttribute4.TestExceptionAttribute2: initialize() was not invoked, but wrapup() was.  This is unusual, but not always a problem.  For example, exporting JNLP will do this.
1 ms. Memory: 1682432K Free: 232976K (14%)
----------------- Invoking toplevel() on ptolemy.moml.MoMLSimpleApplication@1faf3d18
----------------- Done invoking toplevel() on ptolemy.moml.MoMLSimpleApplication@1faf3d18
reloadAllAccessors: .TestExceptionAttribute4

===========================================================================================
----------------- testing Sat Aug 25 01:58:14 UTC 2018 /home/travis/build/icyphy/ptII/ptolemy/actor/lib/test/auto/TestExceptionHandler1.xml
----------------- Instantiating /home/travis/build/icyphy/ptII/ptolemy/actor/lib/test/auto/TestExceptionHandler1.xml
1 ms. Memory: 1682432K Free: 213673K (13%)
----------------- Invoking toplevel() on ptolemy.moml.MoMLSimpleApplication@54dbba25
----------------- Done invoking toplevel() on ptolemy.moml.MoMLSimpleApplication@54dbba25
reloadAllAccessors: .TestExceptionHandler1

===========================================================================================
----------------- testing Sat Aug 25 01:58:14 UTC 2018 /home/travis/build/icyphy/ptII/ptolemy/actor/lib/test/auto/TestExceptionHandler2.xml
----------------- Instantiating /home/travis/build/icyphy/ptII/ptolemy/actor/lib/test/auto/TestExceptionHandler2.xml
1 ms. Memory: 1682432K Free: 197965K (12%)
----------------- Invoking toplevel() on ptolemy.moml.MoMLSimpleApplication@7517a693
----------------- Done invoking toplevel() on ptolemy.moml.MoMLSimpleApplication@7517a693
reloadAllAccessors: .TestExceptionHandler2

===========================================================================================
----------------- testing Sat Aug 25 01:58:14 UTC 2018 /home/travis/build/icyphy/ptII/ptolemy/actor/lib/test/auto/TestExceptionHandler3.xml
----------------- Instantiating /home/travis/build/icyphy/ptII/ptolemy/actor/lib/test/auto/TestExceptionHandler3.xml
1 ms. Memory: 1682432K Free: 178663K (11%)
----------------- Invoking toplevel() on ptolemy.moml.MoMLSimpleApplication@37bc22b
----------------- Done invoking toplevel() on ptolemy.moml.MoMLSimpleApplication@37bc22b
reloadAllAccessors: .TestExceptionHandler3

===========================================================================================
----------------- testing Sat Aug 25 01:58:15 UTC 2018 /home/travis/build/icyphy/ptII/ptolemy/actor/lib/test/auto/TestExceptionHandler4.xml
----------------- Instantiating /home/travis/build/icyphy/ptII/ptolemy/actor/lib/test/auto/TestExceptionHandler4.xml
1 ms. Memory: 1682432K Free: 159360K (9%)
----------------- Invoking toplevel() on ptolemy.moml.MoMLSimpleApplication@22be9249
----------------- Done invoking toplevel() on ptolemy.moml.MoMLSimpleApplication@22be9249
reloadAllAccessors: .TestExceptionHandler4

===========================================================================================
----------------- testing Sat Aug 25 01:58:15 UTC 2018 /home/travis/build/icyphy/ptII/ptolemy/actor/lib/test/auto/TestRequireCorrectOrder.xml
----------------- Instantiating /home/travis/build/icyphy/ptII/ptolemy/actor/lib/test/auto/TestRequireCorrectOrder.xml
5 ms. Memory: 1682432K Free: 143652K (9%)
----------------- Invoking toplevel() on ptolemy.moml.MoMLSimpleApplication@1721a970
----------------- Done invoking toplevel() on ptolemy.moml.MoMLSimpleApplication@1721a970
reloadAllAccessors: .TestRequireCorrectOrder

===========================================================================================
----------------- testing Sat Aug 25 01:58:15 UTC 2018 /home/travis/build/icyphy/ptII/ptolemy/actor/lib/test/auto/TestSimple.xml
----------------- Instantiating /home/travis/build/icyphy/ptII/ptolemy/actor/lib/test/auto/TestSimple.xml
2 ms. Memory: 1682432K Free: 124349K (7%)
----------------- Invoking toplevel() on ptolemy.moml.MoMLSimpleApplication@1cecd537
----------------- Done invoking toplevel() on ptolemy.moml.MoMLSimpleApplication@1cecd537
reloadAllAccessors: .TestSimple

===========================================================================================
----------------- testing Sat Aug 25 01:58:15 UTC 2018 /home/travis/build/icyphy/ptII/ptolemy/actor/lib/test/auto/ThrowModelError.xml
----------------- Instantiating /home/travis/build/icyphy/ptII/ptolemy/actor/lib/test/auto/ThrowModelError.xml
2 ms. Memory: 1682432K Free: 105047K (6%)
----------------- Invoking toplevel() on ptolemy.moml.MoMLSimpleApplication@4baaa5e9
----------------- Done invoking toplevel() on ptolemy.moml.MoMLSimpleApplication@4baaa5e9
reloadAllAccessors: .ThrowModelError

===========================================================================================
----------------- testing Sat Aug 25 01:58:15 UTC 2018 /home/travis/build/icyphy/ptII/ptolemy/actor/lib/test/auto/TimeDelayMicrosteps.xml
----------------- Instantiating /home/travis/build/icyphy/ptII/ptolemy/actor/lib/test/auto/TimeDelayMicrosteps.xml
3 ms. Memory: 1682432K Free: 89339K (5%)
----------------- Invoking toplevel() on ptolemy.moml.MoMLSimpleApplication@51dba2d9
----------------- Done invoking toplevel() on ptolemy.moml.MoMLSimpleApplication@51dba2d9
reloadAllAccessors: .TimeDelayMicrosteps

===========================================================================================
----------------- testing Sat Aug 25 01:58:15 UTC 2018 /home/travis/build/icyphy/ptII/ptolemy/actor/lib/test/auto/TimeDelayMicrosteps2.xml
----------------- Instantiating /home/travis/build/icyphy/ptII/ptolemy/actor/lib/test/auto/TimeDelayMicrosteps2.xml
3 ms. Memory: 1682432K Free: 72396K (4%)
----------------- Invoking toplevel() on ptolemy.moml.MoMLSimpleApplication@c051373
----------------- Done invoking toplevel() on ptolemy.moml.MoMLSimpleApplication@c051373
reloadAllAccessors: .TimeDelayMicrosteps2

===========================================================================================
----------------- testing Sat Aug 25 01:58:15 UTC 2018 /home/travis/build/icyphy/ptII/ptolemy/actor/lib/test/auto/TimeDelayMicrosteps3.xml
----------------- Instantiating /home/travis/build/icyphy/ptII/ptolemy/actor/lib/test/auto/TimeDelayMicrosteps3.xml
2 ms. Memory: 1686016K Free: 1621653K (96%)
----------------- Invoking toplevel() on ptolemy.moml.MoMLSimpleApplication@209368d7
----------------- Done invoking toplevel() on ptolemy.moml.MoMLSimpleApplication@209368d7
reloadAllAccessors: .TimeDelayMicrosteps3

===========================================================================================
----------------- testing Sat Aug 25 01:58:15 UTC 2018 /home/travis/build/icyphy/ptII/ptolemy/actor/lib/test/auto/TimeDelayVariableMicrosteps.xml
----------------- Instantiating /home/travis/build/icyphy/ptII/ptolemy/actor/lib/test/auto/TimeDelayVariableMicrosteps.xml
2 ms. Memory: 1686016K Free: 1600648K (95%)
----------------- Invoking toplevel() on ptolemy.moml.MoMLSimpleApplication@f6df031
----------------- Done invoking toplevel() on ptolemy.moml.MoMLSimpleApplication@f6df031
reloadAllAccessors: .TimeDelayVariableMicrosteps

===========================================================================================
----------------- testing Sat Aug 25 01:58:15 UTC 2018 /home/travis/build/icyphy/ptII/ptolemy/actor/lib/test/auto/TimeGap.xml
----------------- Instantiating /home/travis/build/icyphy/ptII/ptolemy/actor/lib/test/auto/TimeGap.xml
3 ms. Memory: 1686016K Free: 1576149K (93%)
----------------- Invoking toplevel() on ptolemy.moml.MoMLSimpleApplication@59af12b9
----------------- Done invoking toplevel() on ptolemy.moml.MoMLSimpleApplication@59af12b9
reloadAllAccessors: .TimeGap

===========================================================================================
----------------- testing Sat Aug 25 01:58:15 UTC 2018 /home/travis/build/icyphy/ptII/ptolemy/actor/lib/test/auto/TimeGap2.xml
----------------- Instantiating /home/travis/build/icyphy/ptII/ptolemy/actor/lib/test/auto/TimeGap2.xml
2 ms. Memory: 1686016K Free: 1551661K (92%)
----------------- Invoking toplevel() on ptolemy.moml.MoMLSimpleApplication@43b420e3
----------------- Done invoking toplevel() on ptolemy.moml.MoMLSimpleApplication@43b420e3
reloadAllAccessors: .TimeGap2

===========================================================================================
----------------- testing Sat Aug 25 01:58:15 UTC 2018 /home/travis/build/icyphy/ptII/ptolemy/actor/lib/test/auto/TimedSinewave.xml
----------------- Instantiating /home/travis/build/icyphy/ptII/ptolemy/actor/lib/test/auto/TimedSinewave.xml
26 ms. Memory: 1686016K Free: 1516662K (90%)
----------------- Invoking toplevel() on ptolemy.moml.MoMLSimpleApplication@7ff56501
----------------- Done invoking toplevel() on ptolemy.moml.MoMLSimpleApplication@7ff56501
reloadAllAccessors: .TimedSinewave

===========================================================================================
----------------- testing Sat Aug 25 01:58:15 UTC 2018 /home/travis/build/icyphy/ptII/ptolemy/actor/lib/test/auto/TimedSinewavePhase.xml
----------------- Instantiating /home/travis/build/icyphy/ptII/ptolemy/actor/lib/test/auto/TimedSinewavePhase.xml
11 ms. Memory: 1686016K Free: 1495656K (89%)
----------------- Invoking toplevel() on ptolemy.moml.MoMLSimpleApplication@2fe7fca4
----------------- Done invoking toplevel() on ptolemy.moml.MoMLSimpleApplication@2fe7fca4
reloadAllAccessors: .TimedSinewavePhase

===========================================================================================
----------------- testing Sat Aug 25 01:58:15 UTC 2018 /home/travis/build/icyphy/ptII/ptolemy/actor/lib/test/auto/Timer.xml
----------------- Instantiating /home/travis/build/icyphy/ptII/ptolemy/actor/lib/test/auto/Timer.xml
2 ms. Memory: 1686016K Free: 1471168K (87%)
----------------- Invoking toplevel() on ptolemy.moml.MoMLSimpleApplication@2a079e98
----------------- Done invoking toplevel() on ptolemy.moml.MoMLSimpleApplication@2a079e98
reloadAllAccessors: .Timer

===========================================================================================
----------------- testing Sat Aug 25 01:58:15 UTC 2018 /home/travis/build/icyphy/ptII/ptolemy/actor/lib/test/auto/TriangularDistTestModel.xml
----------------- Instantiating /home/travis/build/icyphy/ptII/ptolemy/actor/lib/test/auto/TriangularDistTestModel.xml
2 ms. Memory: 1686016K Free: 1446679K (86%)
----------------- Invoking toplevel() on ptolemy.moml.MoMLSimpleApplication@75fe8c6e
----------------- Done invoking toplevel() on ptolemy.moml.MoMLSimpleApplication@75fe8c6e
reloadAllAccessors: .TriangularDistTestModel

===========================================================================================
----------------- testing Sat Aug 25 01:58:15 UTC 2018 /home/travis/build/icyphy/ptII/ptolemy/actor/lib/test/auto/TrigFunction.xml
----------------- Instantiating /home/travis/build/icyphy/ptII/ptolemy/actor/lib/test/auto/TrigFunction.xml
2 ms. Memory: 1686016K Free: 1422191K (84%)
----------------- Invoking toplevel() on ptolemy.moml.MoMLSimpleApplication@65653b97
----------------- Done invoking toplevel() on ptolemy.moml.MoMLSimpleApplication@65653b97
reloadAllAccessors: .TrigFunction

===========================================================================================
----------------- testing Sat Aug 25 01:58:15 UTC 2018 /home/travis/build/icyphy/ptII/ptolemy/actor/lib/test/auto/TrigFunctionDE.xml
----------------- Instantiating /home/travis/build/icyphy/ptII/ptolemy/actor/lib/test/auto/TrigFunctionDE.xml
2 ms. Memory: 1686016K Free: 1401185K (83%)
----------------- Invoking toplevel() on ptolemy.moml.MoMLSimpleApplication@e781f24
----------------- Done invoking toplevel() on ptolemy.moml.MoMLSimpleApplication@e781f24
reloadAllAccessors: .TrigFunctionDE

===========================================================================================
----------------- testing Sat Aug 25 01:58:15 UTC 2018 /home/travis/build/icyphy/ptII/ptolemy/actor/lib/test/auto/TrigFunctionInverse.xml
----------------- Instantiating /home/travis/build/icyphy/ptII/ptolemy/actor/lib/test/auto/TrigFunctionInverse.xml
7 ms. Memory: 1686016K Free: 1376697K (82%)
----------------- Invoking toplevel() on ptolemy.moml.MoMLSimpleApplication@2a08cb2d
----------------- Done invoking toplevel() on ptolemy.moml.MoMLSimpleApplication@2a08cb2d
reloadAllAccessors: .TrigFunctionInverse

===========================================================================================
----------------- testing Sat Aug 25 01:58:15 UTC 2018 /home/travis/build/icyphy/ptII/ptolemy/actor/lib/test/auto/TrigFunctionTan.xml
----------------- Instantiating /home/travis/build/icyphy/ptII/ptolemy/actor/lib/test/auto/TrigFunctionTan.xml
1 ms. Memory: 1686016K Free: 1352209K (80%)
----------------- Invoking toplevel() on ptolemy.moml.MoMLSimpleApplication@592c083a
----------------- Done invoking toplevel() on ptolemy.moml.MoMLSimpleApplication@592c083a
reloadAllAccessors: .TrigFunctionTan

===========================================================================================
----------------- testing Sat Aug 25 01:58:15 UTC 2018 /home/travis/build/icyphy/ptII/ptolemy/actor/lib/test/auto/TriggeredClock.xml
----------------- Instantiating /home/travis/build/icyphy/ptII/ptolemy/actor/lib/test/auto/TriggeredClock.xml
1 ms. Memory: 1686016K Free: 1331203K (79%)
----------------- Invoking toplevel() on ptolemy.moml.MoMLSimpleApplication@7bae4222
----------------- Done invoking toplevel() on ptolemy.moml.MoMLSimpleApplication@7bae4222
reloadAllAccessors: .TriggeredClock

===========================================================================================
----------------- testing Sat Aug 25 01:58:15 UTC 2018 /home/travis/build/icyphy/ptII/ptolemy/actor/lib/test/auto/URLDirectoryReader.xml
----------------- Instantiating /home/travis/build/icyphy/ptII/ptolemy/actor/lib/test/auto/URLDirectoryReader.xml
31 ms. Memory: 1686016K Free: 1306715K (78%)
----------------- Invoking toplevel() on ptolemy.moml.MoMLSimpleApplication@257e133f
----------------- Done invoking toplevel() on ptolemy.moml.MoMLSimpleApplication@257e133f
reloadAllAccessors: .URLDirectoryReader

===========================================================================================
----------------- testing Sat Aug 25 01:58:15 UTC 2018 /home/travis/build/icyphy/ptII/ptolemy/actor/lib/test/auto/URLDirectoryReader3.xml
----------------- Instantiating /home/travis/build/icyphy/ptII/ptolemy/actor/lib/test/auto/URLDirectoryReader3.xml
1125 ms. Memory: 1686016K Free: 1240140K (74%)
----------------- Invoking toplevel() on ptolemy.moml.MoMLSimpleApplication@720797f4
----------------- Done invoking toplevel() on ptolemy.moml.MoMLSimpleApplication@720797f4
reloadAllAccessors: .URLDirectoryReader3

===========================================================================================
----------------- testing Sat Aug 25 01:58:16 UTC 2018 /home/travis/build/icyphy/ptII/ptolemy/actor/lib/test/auto/UnaryMathFunction.xml
----------------- Instantiating /home/travis/build/icyphy/ptII/ptolemy/actor/lib/test/auto/UnaryMathFunction.xml
2 ms. Memory: 1686016K Free: 1215652K (72%)
----------------- Invoking toplevel() on ptolemy.moml.MoMLSimpleApplication@353a99c7
----------------- Done invoking toplevel() on ptolemy.moml.MoMLSimpleApplication@353a99c7
reloadAllAccessors: .UnaryMathFunction

===========================================================================================
----------------- testing Sat Aug 25 01:58:16 UTC 2018 /home/travis/build/icyphy/ptII/ptolemy/actor/lib/test/auto/Uniform.xml
----------------- Instantiating /home/travis/build/icyphy/ptII/ptolemy/actor/lib/test/auto/Uniform.xml
5 ms. Memory: 1686016K Free: 1194647K (71%)
----------------- Invoking toplevel() on ptolemy.moml.MoMLSimpleApplication@3e4e29e4
----------------- Done invoking toplevel() on ptolemy.moml.MoMLSimpleApplication@3e4e29e4
reloadAllAccessors: .Uniform

===========================================================================================
----------------- testing Sat Aug 25 01:58:17 UTC 2018 /home/travis/build/icyphy/ptII/ptolemy/actor/lib/test/auto/UnionDisassemblerTest.xml
----------------- Instantiating /home/travis/build/icyphy/ptII/ptolemy/actor/lib/test/auto/UnionDisassemblerTest.xml
11 ms. Memory: 1686016K Free: 1170158K (69%)
----------------- Invoking toplevel() on ptolemy.moml.MoMLSimpleApplication@7cf7fd34
----------------- Done invoking toplevel() on ptolemy.moml.MoMLSimpleApplication@7cf7fd34
reloadAllAccessors: .UnionDisassemblerTest

===========================================================================================
----------------- testing Sat Aug 25 01:58:17 UTC 2018 /home/travis/build/icyphy/ptII/ptolemy/actor/lib/test/auto/UtilityFunctions.xml
----------------- Instantiating /home/travis/build/icyphy/ptII/ptolemy/actor/lib/test/auto/UtilityFunctions.xml
9 ms. Memory: 1686016K Free: 1145670K (68%)
----------------- Invoking toplevel() on ptolemy.moml.MoMLSimpleApplication@57cf339d
----------------- Done invoking toplevel() on ptolemy.moml.MoMLSimpleApplication@57cf339d
reloadAllAccessors: .UtilityFunctions

===========================================================================================
----------------- testing Sat Aug 25 01:58:17 UTC 2018 /home/travis/build/icyphy/ptII/ptolemy/actor/lib/test/auto/VariableSleep.xml
----------------- Instantiating /home/travis/build/icyphy/ptII/ptolemy/actor/lib/test/auto/VariableSleep.xml
506 ms. Memory: 1686016K Free: 1124664K (67%)
----------------- Invoking toplevel() on ptolemy.moml.MoMLSimpleApplication@71596f1b
----------------- Done invoking toplevel() on ptolemy.moml.MoMLSimpleApplication@71596f1b
reloadAllAccessors: .VariableSleep

===========================================================================================
----------------- testing Sat Aug 25 01:58:17 UTC 2018 /home/travis/build/icyphy/ptII/ptolemy/actor/lib/test/auto/VectorAssemblerDisassemblerCT.xml
----------------- Instantiating /home/travis/build/icyphy/ptII/ptolemy/actor/lib/test/auto/VectorAssemblerDisassemblerCT.xml
79 ms. Memory: 1686016K Free: 1089657K (65%)
----------------- Invoking toplevel() on ptolemy.moml.MoMLSimpleApplication@13efc8ee
----------------- Done invoking toplevel() on ptolemy.moml.MoMLSimpleApplication@13efc8ee
reloadAllAccessors: .VectorAssemblerDisassemblerCT

===========================================================================================
----------------- testing Sat Aug 25 01:58:17 UTC 2018 /home/travis/build/icyphy/ptII/ptolemy/actor/lib/test/auto/VectorAssemblerDisassemblerDE.xml
----------------- Instantiating /home/travis/build/icyphy/ptII/ptolemy/actor/lib/test/auto/VectorAssemblerDisassemblerDE.xml
2 ms. Memory: 1686016K Free: 1065169K (63%)
----------------- Invoking toplevel() on ptolemy.moml.MoMLSimpleApplication@595af671
----------------- Done invoking toplevel() on ptolemy.moml.MoMLSimpleApplication@595af671
reloadAllAccessors: .VectorAssemblerDisassemblerDE

===========================================================================================
----------------- testing Sat Aug 25 01:58:17 UTC 2018 /home/travis/build/icyphy/ptII/ptolemy/actor/lib/test/auto/VectorAssemblerDisassemblerSDF.xml
----------------- Instantiating /home/travis/build/icyphy/ptII/ptolemy/actor/lib/test/auto/VectorAssemblerDisassemblerSDF.xml
2 ms. Memory: 1686016K Free: 1040681K (62%)
----------------- Invoking toplevel() on ptolemy.moml.MoMLSimpleApplication@1cd8ce3d
----------------- Done invoking toplevel() on ptolemy.moml.MoMLSimpleApplication@1cd8ce3d
reloadAllAccessors: .VectorAssemblerDisassemblerSDF

===========================================================================================
----------------- testing Sat Aug 25 01:58:17 UTC 2018 /home/travis/build/icyphy/ptII/ptolemy/actor/lib/test/auto/WallClockTime.xml
----------------- Instantiating /home/travis/build/icyphy/ptII/ptolemy/actor/lib/test/auto/WallClockTime.xml
1004 ms. Memory: 1686016K Free: 1019675K (60%)
----------------- Invoking toplevel() on ptolemy.moml.MoMLSimpleApplication@5a4ede2
----------------- Done invoking toplevel() on ptolemy.moml.MoMLSimpleApplication@5a4ede2
reloadAllAccessors: .WallClockTime

===========================================================================================
----------------- testing Sat Aug 25 01:58:18 UTC 2018 /home/travis/build/icyphy/ptII/ptolemy/actor/lib/test/auto/WidthTestWithSubscriberPublisher.xml
----------------- Instantiating /home/travis/build/icyphy/ptII/ptolemy/actor/lib/test/auto/WidthTestWithSubscriberPublisher.xml
10 ms. Memory: 1686016K Free: 984684K (58%)
----------------- Invoking toplevel() on ptolemy.moml.MoMLSimpleApplication@37f587ad
----------------- Done invoking toplevel() on ptolemy.moml.MoMLSimpleApplication@37f587ad
reloadAllAccessors: .WidthTestWithSubscriberPublisher

===========================================================================================
----------------- testing Sat Aug 25 01:58:18 UTC 2018 /home/travis/build/icyphy/ptII/ptolemy/actor/lib/test/auto/WidthTestWithSubscriberPublisher2.xml
----------------- Instantiating /home/travis/build/icyphy/ptII/ptolemy/actor/lib/test/auto/WidthTestWithSubscriberPublisher2.xml
2 ms. Memory: 1686016K Free: 960195K (57%)
----------------- Invoking toplevel() on ptolemy.moml.MoMLSimpleApplication@1d5c3fc2
----------------- Done invoking toplevel() on ptolemy.moml.MoMLSimpleApplication@1d5c3fc2
reloadAllAccessors: .WidthTestWithSubscriberPublisher2

===========================================================================================
----------------- testing Sat Aug 25 01:58:18 UTC 2018 /home/travis/build/icyphy/ptII/ptolemy/actor/lib/test/auto/WidthTestWithSubscriberPublisher3.xml
----------------- Instantiating /home/travis/build/icyphy/ptII/ptolemy/actor/lib/test/auto/WidthTestWithSubscriberPublisher3.xml
2 ms. Memory: 1686016K Free: 935707K (55%)
----------------- Invoking toplevel() on ptolemy.moml.MoMLSimpleApplication@69e6211e
----------------- Done invoking toplevel() on ptolemy.moml.MoMLSimpleApplication@69e6211e
reloadAllAccessors: .WidthTestWithSubscriberPublisher3

===========================================================================================
----------------- testing Sat Aug 25 01:58:19 UTC 2018 /home/travis/build/icyphy/ptII/ptolemy/actor/lib/test/auto/Writer.xml
----------------- Instantiating /home/travis/build/icyphy/ptII/ptolemy/actor/lib/test/auto/Writer.xml
0
1
2
3
4
1 ms. Memory: 1686016K Free: 914702K (54%)
----------------- Invoking toplevel() on ptolemy.moml.MoMLSimpleApplication@6957934d
----------------- Done invoking toplevel() on ptolemy.moml.MoMLSimpleApplication@6957934d
reloadAllAccessors: .Writer

===========================================================================================
----------------- testing Sat Aug 25 01:58:19 UTC 2018 /home/travis/build/icyphy/ptII/ptolemy/actor/lib/test/auto/array.xml
----------------- Instantiating /home/travis/build/icyphy/ptII/ptolemy/actor/lib/test/auto/array.xml
2 ms. Memory: 1686016K Free: 890213K (53%)
----------------- Invoking toplevel() on ptolemy.moml.MoMLSimpleApplication@7f041748
----------------- Done invoking toplevel() on ptolemy.moml.MoMLSimpleApplication@7f041748
reloadAllAccessors: .array

===========================================================================================
----------------- testing Sat Aug 25 01:58:19 UTC 2018 /home/travis/build/icyphy/ptII/ptolemy/actor/lib/test/auto/array2.xml
----------------- Instantiating /home/travis/build/icyphy/ptII/ptolemy/actor/lib/test/auto/array2.xml
2 ms. Memory: 1686016K Free: 865725K (51%)
----------------- Invoking toplevel() on ptolemy.moml.MoMLSimpleApplication@44a04b7b
----------------- Done invoking toplevel() on ptolemy.moml.MoMLSimpleApplication@44a04b7b
reloadAllAccessors: .array2

===========================================================================================
----------------- testing Sat Aug 25 01:58:19 UTC 2018 /home/travis/build/icyphy/ptII/ptolemy/actor/lib/test/auto/arrayType.xml
----------------- Instantiating /home/travis/build/icyphy/ptII/ptolemy/actor/lib/test/auto/arrayType.xml
1 ms. Memory: 1686016K Free: 844719K (50%)
----------------- Invoking toplevel() on ptolemy.moml.MoMLSimpleApplication@1147eaad
----------------- Done invoking toplevel() on ptolemy.moml.MoMLSimpleApplication@1147eaad
reloadAllAccessors: .arrayType

===========================================================================================
----------------- testing Sat Aug 25 01:58:19 UTC 2018 /home/travis/build/icyphy/ptII/ptolemy/actor/lib/test/auto/arrayType10.xml
----------------- Instantiating /home/travis/build/icyphy/ptII/ptolemy/actor/lib/test/auto/arrayType10.xml
1 ms. Memory: 1686016K Free: 820231K (49%)
----------------- Invoking toplevel() on ptolemy.moml.MoMLSimpleApplication@66089833
----------------- Done invoking toplevel() on ptolemy.moml.MoMLSimpleApplication@66089833
reloadAllAccessors: .arrayType10

===========================================================================================
----------------- testing Sat Aug 25 01:58:19 UTC 2018 /home/travis/build/icyphy/ptII/ptolemy/actor/lib/test/auto/arrayType11.xml
----------------- Instantiating /home/travis/build/icyphy/ptII/ptolemy/actor/lib/test/auto/arrayType11.xml
1 ms. Memory: 1686016K Free: 795743K (47%)
----------------- Invoking toplevel() on ptolemy.moml.MoMLSimpleApplication@56266c8c
----------------- Done invoking toplevel() on ptolemy.moml.MoMLSimpleApplication@56266c8c
reloadAllAccessors: .arrayType11

===========================================================================================
----------------- testing Sat Aug 25 01:58:19 UTC 2018 /home/travis/build/icyphy/ptII/ptolemy/actor/lib/test/auto/arrayType12.xml
----------------- Instantiating /home/travis/build/icyphy/ptII/ptolemy/actor/lib/test/auto/arrayType12.xml
2 ms. Memory: 1686016K Free: 771254K (46%)
----------------- Invoking toplevel() on ptolemy.moml.MoMLSimpleApplication@22f68891
----------------- Done invoking toplevel() on ptolemy.moml.MoMLSimpleApplication@22f68891
reloadAllAccessors: .arrayType12

===========================================================================================
----------------- testing Sat Aug 25 01:58:19 UTC 2018 /home/travis/build/icyphy/ptII/ptolemy/actor/lib/test/auto/arrayType13.xml
----------------- Instantiating /home/travis/build/icyphy/ptII/ptolemy/actor/lib/test/auto/arrayType13.xml
1 ms. Memory: 1686016K Free: 750249K (44%)
----------------- Invoking toplevel() on ptolemy.moml.MoMLSimpleApplication@53bd46ae
----------------- Done invoking toplevel() on ptolemy.moml.MoMLSimpleApplication@53bd46ae
reloadAllAccessors: .arrayType13

===========================================================================================
----------------- testing Sat Aug 25 01:58:19 UTC 2018 /home/travis/build/icyphy/ptII/ptolemy/actor/lib/test/auto/arrayType14.xml
----------------- Instantiating /home/travis/build/icyphy/ptII/ptolemy/actor/lib/test/auto/arrayType14.xml
3 ms. Memory: 1686016K Free: 725760K (43%)
----------------- Invoking toplevel() on ptolemy.moml.MoMLSimpleApplication@68276932
----------------- Done invoking toplevel() on ptolemy.moml.MoMLSimpleApplication@68276932
reloadAllAccessors: .arrayType14

===========================================================================================
----------------- testing Sat Aug 25 01:58:19 UTC 2018 /home/travis/build/icyphy/ptII/ptolemy/actor/lib/test/auto/arrayType15.xml
----------------- Instantiating /home/travis/build/icyphy/ptII/ptolemy/actor/lib/test/auto/arrayType15.xml
1 ms. Memory: 1686016K Free: 701272K (42%)
----------------- Invoking toplevel() on ptolemy.moml.MoMLSimpleApplication@5a2bc648
----------------- Done invoking toplevel() on ptolemy.moml.MoMLSimpleApplication@5a2bc648
reloadAllAccessors: .arrayType15

===========================================================================================
----------------- testing Sat Aug 25 01:58:19 UTC 2018 /home/travis/build/icyphy/ptII/ptolemy/actor/lib/test/auto/arrayType16.xml
----------------- Instantiating /home/travis/build/icyphy/ptII/ptolemy/actor/lib/test/auto/arrayType16.xml
2 ms. Memory: 1686016K Free: 676784K (40%)
----------------- Invoking toplevel() on ptolemy.moml.MoMLSimpleApplication@5690649d
----------------- Done invoking toplevel() on ptolemy.moml.MoMLSimpleApplication@5690649d
reloadAllAccessors: .arrayType16

===========================================================================================
----------------- testing Sat Aug 25 01:58:19 UTC 2018 /home/travis/build/icyphy/ptII/ptolemy/actor/lib/test/auto/arrayType17.xml
----------------- Instantiating /home/travis/build/icyphy/ptII/ptolemy/actor/lib/test/auto/arrayType17.xml
1 ms. Memory: 1686016K Free: 655778K (39%)
----------------- Invoking toplevel() on ptolemy.moml.MoMLSimpleApplication@b3d1c94
----------------- Done invoking toplevel() on ptolemy.moml.MoMLSimpleApplication@b3d1c94
reloadAllAccessors: .arrayType17

===========================================================================================
----------------- testing Sat Aug 25 01:58:19 UTC 2018 /home/travis/build/icyphy/ptII/ptolemy/actor/lib/test/auto/arrayType18.xml
----------------- Instantiating /home/travis/build/icyphy/ptII/ptolemy/actor/lib/test/auto/arrayType18.xml
1 ms. Memory: 1686016K Free: 631290K (37%)
----------------- Invoking toplevel() on ptolemy.moml.MoMLSimpleApplication@3e6f30dc
----------------- Done invoking toplevel() on ptolemy.moml.MoMLSimpleApplication@3e6f30dc
reloadAllAccessors: .arrayType18

===========================================================================================
----------------- testing Sat Aug 25 01:58:19 UTC 2018 /home/travis/build/icyphy/ptII/ptolemy/actor/lib/test/auto/arrayType19.xml
----------------- Instantiating /home/travis/build/icyphy/ptII/ptolemy/actor/lib/test/auto/arrayType19.xml
1 ms. Memory: 1686016K Free: 606802K (36%)
----------------- Invoking toplevel() on ptolemy.moml.MoMLSimpleApplication@1c9241ae
----------------- Done invoking toplevel() on ptolemy.moml.MoMLSimpleApplication@1c9241ae
reloadAllAccessors: .arrayType19

===========================================================================================
----------------- testing Sat Aug 25 01:58:19 UTC 2018 /home/travis/build/icyphy/ptII/ptolemy/actor/lib/test/auto/arrayType2.xml
----------------- Instantiating /home/travis/build/icyphy/ptII/ptolemy/actor/lib/test/auto/arrayType2.xml
1 ms. Memory: 1686016K Free: 585796K (35%)
----------------- Invoking toplevel() on ptolemy.moml.MoMLSimpleApplication@d70fdcc
----------------- Done invoking toplevel() on ptolemy.moml.MoMLSimpleApplication@d70fdcc
reloadAllAccessors: .arrayType2

===========================================================================================
----------------- testing Sat Aug 25 01:58:19 UTC 2018 /home/travis/build/icyphy/ptII/ptolemy/actor/lib/test/auto/arrayType20.xml
----------------- Instantiating /home/travis/build/icyphy/ptII/ptolemy/actor/lib/test/auto/arrayType20.xml
1 ms. Memory: 1686016K Free: 561308K (33%)
----------------- Invoking toplevel() on ptolemy.moml.MoMLSimpleApplication@6a80a6d1
----------------- Done invoking toplevel() on ptolemy.moml.MoMLSimpleApplication@6a80a6d1
reloadAllAccessors: .arrayType20

===========================================================================================
----------------- testing Sat Aug 25 01:58:19 UTC 2018 /home/travis/build/icyphy/ptII/ptolemy/actor/lib/test/auto/arrayType21.xml
----------------- Instantiating /home/travis/build/icyphy/ptII/ptolemy/actor/lib/test/auto/arrayType21.xml
3 ms. Memory: 1686016K Free: 536819K (32%)
----------------- Invoking toplevel() on ptolemy.moml.MoMLSimpleApplication@52b8501f
----------------- Done invoking toplevel() on ptolemy.moml.MoMLSimpleApplication@52b8501f
reloadAllAccessors: .arrayType21

===========================================================================================
----------------- testing Sat Aug 25 01:58:19 UTC 2018 /home/travis/build/icyphy/ptII/ptolemy/actor/lib/test/auto/arrayType22.xml
----------------- Instantiating /home/travis/build/icyphy/ptII/ptolemy/actor/lib/test/auto/arrayType22.xml
1 ms. Memory: 1686016K Free: 512331K (30%)
----------------- Invoking toplevel() on ptolemy.moml.MoMLSimpleApplication@41193a9f
----------------- Done invoking toplevel() on ptolemy.moml.MoMLSimpleApplication@41193a9f
reloadAllAccessors: .arrayType22

===========================================================================================
----------------- testing Sat Aug 25 01:58:19 UTC 2018 /home/travis/build/icyphy/ptII/ptolemy/actor/lib/test/auto/arrayType23.xml
----------------- Instantiating /home/travis/build/icyphy/ptII/ptolemy/actor/lib/test/auto/arrayType23.xml
1 ms. Memory: 1686016K Free: 491325K (29%)
----------------- Invoking toplevel() on ptolemy.moml.MoMLSimpleApplication@226ef505
----------------- Done invoking toplevel() on ptolemy.moml.MoMLSimpleApplication@226ef505
reloadAllAccessors: .arrayType23

===========================================================================================
----------------- testing Sat Aug 25 01:58:19 UTC 2018 /home/travis/build/icyphy/ptII/ptolemy/actor/lib/test/auto/arrayType24.xml
----------------- Instantiating /home/travis/build/icyphy/ptII/ptolemy/actor/lib/test/auto/arrayType24.xml
2 ms. Memory: 1686016K Free: 466837K (28%)
----------------- Invoking toplevel() on ptolemy.moml.MoMLSimpleApplication@3575a5d3
----------------- Done invoking toplevel() on ptolemy.moml.MoMLSimpleApplication@3575a5d3
reloadAllAccessors: .arrayType24

===========================================================================================
----------------- testing Sat Aug 25 01:58:19 UTC 2018 /home/travis/build/icyphy/ptII/ptolemy/actor/lib/test/auto/arrayType25.xml
----------------- Instantiating /home/travis/build/icyphy/ptII/ptolemy/actor/lib/test/auto/arrayType25.xml
2 ms. Memory: 1686016K Free: 442348K (26%)
----------------- Invoking toplevel() on ptolemy.moml.MoMLSimpleApplication@4f7048a0
----------------- Done invoking toplevel() on ptolemy.moml.MoMLSimpleApplication@4f7048a0
reloadAllAccessors: .arrayType25

===========================================================================================
----------------- testing Sat Aug 25 01:58:19 UTC 2018 /home/travis/build/icyphy/ptII/ptolemy/actor/lib/test/auto/arrayType26.xml
----------------- Instantiating /home/travis/build/icyphy/ptII/ptolemy/actor/lib/test/auto/arrayType26.xml
2 ms. Memory: 1686016K Free: 417860K (25%)
----------------- Invoking toplevel() on ptolemy.moml.MoMLSimpleApplication@29ae82bc
----------------- Done invoking toplevel() on ptolemy.moml.MoMLSimpleApplication@29ae82bc
reloadAllAccessors: .arrayType26

===========================================================================================
----------------- testing Sat Aug 25 01:58:19 UTC 2018 /home/travis/build/icyphy/ptII/ptolemy/actor/lib/test/auto/arrayType27.xml
----------------- Instantiating /home/travis/build/icyphy/ptII/ptolemy/actor/lib/test/auto/arrayType27.xml
4 ms. Memory: 1686016K Free: 396855K (24%)
----------------- Invoking toplevel() on ptolemy.moml.MoMLSimpleApplication@5869c7ac
----------------- Done invoking toplevel() on ptolemy.moml.MoMLSimpleApplication@5869c7ac
reloadAllAccessors: .arrayType27

===========================================================================================
----------------- testing Sat Aug 25 01:58:19 UTC 2018 /home/travis/build/icyphy/ptII/ptolemy/actor/lib/test/auto/arrayType28.xml
----------------- Instantiating /home/travis/build/icyphy/ptII/ptolemy/actor/lib/test/auto/arrayType28.xml
2 ms. Memory: 1686016K Free: 372366K (22%)
----------------- Invoking toplevel() on ptolemy.moml.MoMLSimpleApplication@42f98c82
----------------- Done invoking toplevel() on ptolemy.moml.MoMLSimpleApplication@42f98c82
reloadAllAccessors: .arrayType28

===========================================================================================
----------------- testing Sat Aug 25 01:58:19 UTC 2018 /home/travis/build/icyphy/ptII/ptolemy/actor/lib/test/auto/arrayType3.xml
----------------- Instantiating /home/travis/build/icyphy/ptII/ptolemy/actor/lib/test/auto/arrayType3.xml
2 ms. Memory: 1686016K Free: 347878K (21%)
----------------- Invoking toplevel() on ptolemy.moml.MoMLSimpleApplication@27b4186a
----------------- Done invoking toplevel() on ptolemy.moml.MoMLSimpleApplication@27b4186a
reloadAllAccessors: .arrayType3

===========================================================================================
----------------- testing Sat Aug 25 01:58:19 UTC 2018 /home/travis/build/icyphy/ptII/ptolemy/actor/lib/test/auto/arrayType4.xml
----------------- Instantiating /home/travis/build/icyphy/ptII/ptolemy/actor/lib/test/auto/arrayType4.xml
1 ms. Memory: 1686016K Free: 323390K (19%)
----------------- Invoking toplevel() on ptolemy.moml.MoMLSimpleApplication@5d13fe41
----------------- Done invoking toplevel() on ptolemy.moml.MoMLSimpleApplication@5d13fe41
reloadAllAccessors: .arrayType4

===========================================================================================
----------------- testing Sat Aug 25 01:58:19 UTC 2018 /home/travis/build/icyphy/ptII/ptolemy/actor/lib/test/auto/arrayType5.xml
----------------- Instantiating /home/travis/build/icyphy/ptII/ptolemy/actor/lib/test/auto/arrayType5.xml
1 ms. Memory: 1686016K Free: 302384K (18%)
----------------- Invoking toplevel() on ptolemy.moml.MoMLSimpleApplication@37f911b1
----------------- Done invoking toplevel() on ptolemy.moml.MoMLSimpleApplication@37f911b1
reloadAllAccessors: .arrayType5

===========================================================================================
----------------- testing Sat Aug 25 01:58:19 UTC 2018 /home/travis/build/icyphy/ptII/ptolemy/actor/lib/test/auto/arrayType6.xml
----------------- Instantiating /home/travis/build/icyphy/ptII/ptolemy/actor/lib/test/auto/arrayType6.xml
1 ms. Memory: 1686016K Free: 277896K (16%)
----------------- Invoking toplevel() on ptolemy.moml.MoMLSimpleApplication@7e699921
----------------- Done invoking toplevel() on ptolemy.moml.MoMLSimpleApplication@7e699921
reloadAllAccessors: .arrayType6

===========================================================================================
----------------- testing Sat Aug 25 01:58:19 UTC 2018 /home/travis/build/icyphy/ptII/ptolemy/actor/lib/test/auto/arrayType7.xml
----------------- Instantiating /home/travis/build/icyphy/ptII/ptolemy/actor/lib/test/auto/arrayType7.xml
2 ms. Memory: 1686016K Free: 253407K (15%)
----------------- Invoking toplevel() on ptolemy.moml.MoMLSimpleApplication@5752327d
----------------- Done invoking toplevel() on ptolemy.moml.MoMLSimpleApplication@5752327d
reloadAllAccessors: .arrayType7

===========================================================================================
----------------- testing Sat Aug 25 01:58:19 UTC 2018 /home/travis/build/icyphy/ptII/ptolemy/actor/lib/test/auto/arrayType8.xml
----------------- Instantiating /home/travis/build/icyphy/ptII/ptolemy/actor/lib/test/auto/arrayType8.xml
2 ms. Memory: 1686016K Free: 232402K (14%)
----------------- Invoking toplevel() on ptolemy.moml.MoMLSimpleApplication@37e05d29
----------------- Done invoking toplevel() on ptolemy.moml.MoMLSimpleApplication@37e05d29
reloadAllAccessors: .arrayType8

===========================================================================================
----------------- testing Sat Aug 25 01:58:19 UTC 2018 /home/travis/build/icyphy/ptII/ptolemy/actor/lib/test/auto/arrayType9.xml
----------------- Instantiating /home/travis/build/icyphy/ptII/ptolemy/actor/lib/test/auto/arrayType9.xml
1 ms. Memory: 1686016K Free: 207913K (12%)
----------------- Invoking toplevel() on ptolemy.moml.MoMLSimpleApplication@6d5b3d72
----------------- Done invoking toplevel() on ptolemy.moml.MoMLSimpleApplication@6d5b3d72
reloadAllAccessors: .arrayType9

===========================================================================================
----------------- testing Sat Aug 25 01:58:19 UTC 2018 /home/travis/build/icyphy/ptII/ptolemy/actor/lib/test/auto/cast.xml
----------------- Instantiating /home/travis/build/icyphy/ptII/ptolemy/actor/lib/test/auto/cast.xml
1 ms. Memory: 1686016K Free: 183425K (11%)
----------------- Invoking toplevel() on ptolemy.moml.MoMLSimpleApplication@46f0565
----------------- Done invoking toplevel() on ptolemy.moml.MoMLSimpleApplication@46f0565
reloadAllAccessors: .cast

===========================================================================================
----------------- testing Sat Aug 25 01:58:19 UTC 2018 /home/travis/build/icyphy/ptII/ptolemy/actor/lib/test/auto/compositeMultiPort.xml
----------------- Instantiating /home/travis/build/icyphy/ptII/ptolemy/actor/lib/test/auto/compositeMultiPort.xml
3 ms. Memory: 1686016K Free: 158937K (9%)
----------------- Invoking toplevel() on ptolemy.moml.MoMLSimpleApplication@481d49d0
----------------- Done invoking toplevel() on ptolemy.moml.MoMLSimpleApplication@481d49d0
reloadAllAccessors: .compositeMultiPort

===========================================================================================
----------------- testing Sat Aug 25 01:58:19 UTC 2018 /home/travis/build/icyphy/ptII/ptolemy/actor/lib/test/auto/expressionCastInference.xml
----------------- Instantiating /home/travis/build/icyphy/ptII/ptolemy/actor/lib/test/auto/expressionCastInference.xml
2 ms. Memory: 1686016K Free: 137931K (8%)
----------------- Invoking toplevel() on ptolemy.moml.MoMLSimpleApplication@2700331e
----------------- Done invoking toplevel() on ptolemy.moml.MoMLSimpleApplication@2700331e
reloadAllAccessors: .expressionCastInference

===========================================================================================
----------------- testing Sat Aug 25 01:58:19 UTC 2018 /home/travis/build/icyphy/ptII/ptolemy/actor/lib/test/auto/expressionCastInference2.xml
----------------- Instantiating /home/travis/build/icyphy/ptII/ptolemy/actor/lib/test/auto/expressionCastInference2.xml
2 ms. Memory: 1686016K Free: 113443K (7%)
----------------- Invoking toplevel() on ptolemy.moml.MoMLSimpleApplication@70e235fb
----------------- Done invoking toplevel() on ptolemy.moml.MoMLSimpleApplication@70e235fb
reloadAllAccessors: .expressionCastInference2

===========================================================================================
----------------- testing Sat Aug 25 01:58:19 UTC 2018 /home/travis/build/icyphy/ptII/ptolemy/actor/lib/test/auto/expressionInference.xml
----------------- Instantiating /home/travis/build/icyphy/ptII/ptolemy/actor/lib/test/auto/expressionInference.xml
1 ms. Memory: 1686016K Free: 88955K (5%)
----------------- Invoking toplevel() on ptolemy.moml.MoMLSimpleApplication@b15024
----------------- Done invoking toplevel() on ptolemy.moml.MoMLSimpleApplication@b15024
reloadAllAccessors: .expressionInference

===========================================================================================
----------------- testing Sat Aug 25 01:58:19 UTC 2018 /home/travis/build/icyphy/ptII/ptolemy/actor/lib/test/auto/expression_bug.xml
----------------- Instantiating /home/travis/build/icyphy/ptII/ptolemy/actor/lib/test/auto/expression_bug.xml
1 ms. Memory: 1686016K Free: 70718K (4%)
----------------- Invoking toplevel() on ptolemy.moml.MoMLSimpleApplication@cabbf3b
----------------- Done invoking toplevel() on ptolemy.moml.MoMLSimpleApplication@cabbf3b
reloadAllAccessors: .expression_bug

===========================================================================================
----------------- testing Sat Aug 25 01:58:19 UTC 2018 /home/travis/build/icyphy/ptII/ptolemy/actor/lib/test/auto/factorial.xml
----------------- Instantiating /home/travis/build/icyphy/ptII/ptolemy/actor/lib/test/auto/factorial.xml
42 ms. Memory: 1685504K Free: 1619291K (96%)
----------------- Invoking toplevel() on ptolemy.moml.MoMLSimpleApplication@1aceaa02
----------------- Done invoking toplevel() on ptolemy.moml.MoMLSimpleApplication@1aceaa02
reloadAllAccessors: .factorial

===========================================================================================
----------------- testing Sat Aug 25 01:58:19 UTC 2018 /home/travis/build/icyphy/ptII/ptolemy/actor/lib/test/auto/filterTest1.xml
----------------- Instantiating /home/travis/build/icyphy/ptII/ptolemy/actor/lib/test/auto/filterTest1.xml
4 ms. Memory: 1685504K Free: 1594900K (95%)
----------------- Invoking toplevel() on ptolemy.moml.MoMLSimpleApplication@6183956a
----------------- Done invoking toplevel() on ptolemy.moml.MoMLSimpleApplication@6183956a
reloadAllAccessors: .filterTest1

===========================================================================================
----------------- testing Sat Aug 25 01:58:19 UTC 2018 /home/travis/build/icyphy/ptII/ptolemy/actor/lib/test/auto/funcApplyInConst.xml
----------------- Instantiating /home/travis/build/icyphy/ptII/ptolemy/actor/lib/test/auto/funcApplyInConst.xml
0 ms. Memory: 1685504K Free: 1570510K (93%)
----------------- Invoking toplevel() on ptolemy.moml.MoMLSimpleApplication@16c97c96
----------------- Done invoking toplevel() on ptolemy.moml.MoMLSimpleApplication@16c97c96
reloadAllAccessors: .funcApplyInConst

===========================================================================================
----------------- testing Sat Aug 25 01:58:19 UTC 2018 /home/travis/build/icyphy/ptII/ptolemy/actor/lib/test/auto/funcApplyInExpr.xml
----------------- Instantiating /home/travis/build/icyphy/ptII/ptolemy/actor/lib/test/auto/funcApplyInExpr.xml
1 ms. Memory: 1685504K Free: 1546119K (92%)
----------------- Invoking toplevel() on ptolemy.moml.MoMLSimpleApplication@2b438e0a
----------------- Done invoking toplevel() on ptolemy.moml.MoMLSimpleApplication@2b438e0a
reloadAllAccessors: .funcApplyInExpr

===========================================================================================
----------------- testing Sat Aug 25 01:58:19 UTC 2018 /home/travis/build/icyphy/ptII/ptolemy/actor/lib/test/auto/function.xml
----------------- Instantiating /home/travis/build/icyphy/ptII/ptolemy/actor/lib/test/auto/function.xml
2 ms. Memory: 1685504K Free: 1521728K (90%)
----------------- Invoking toplevel() on ptolemy.moml.MoMLSimpleApplication@4da76a66
----------------- Done invoking toplevel() on ptolemy.moml.MoMLSimpleApplication@4da76a66
reloadAllAccessors: .function

===========================================================================================
----------------- testing Sat Aug 25 01:58:19 UTC 2018 /home/travis/build/icyphy/ptII/ptolemy/actor/lib/test/auto/function2.xml
----------------- Instantiating /home/travis/build/icyphy/ptII/ptolemy/actor/lib/test/auto/function2.xml
2 ms. Memory: 1685504K Free: 1500722K (89%)
----------------- Invoking toplevel() on ptolemy.moml.MoMLSimpleApplication@1e74adaf
----------------- Done invoking toplevel() on ptolemy.moml.MoMLSimpleApplication@1e74adaf
reloadAllAccessors: .function2

===========================================================================================
----------------- testing Sat Aug 25 01:58:19 UTC 2018 /home/travis/build/icyphy/ptII/ptolemy/actor/lib/test/auto/function3.xml
----------------- Instantiating /home/travis/build/icyphy/ptII/ptolemy/actor/lib/test/auto/function3.xml
1 ms. Memory: 1685504K Free: 1476332K (88%)
----------------- Invoking toplevel() on ptolemy.moml.MoMLSimpleApplication@de64f88
----------------- Done invoking toplevel() on ptolemy.moml.MoMLSimpleApplication@de64f88
reloadAllAccessors: .function3

===========================================================================================
----------------- testing Sat Aug 25 01:58:19 UTC 2018 /home/travis/build/icyphy/ptII/ptolemy/actor/lib/test/auto/functionClosureTest1.xml
----------------- Instantiating /home/travis/build/icyphy/ptII/ptolemy/actor/lib/test/auto/functionClosureTest1.xml
2 ms. Memory: 1685504K Free: 1451941K (86%)
----------------- Invoking toplevel() on ptolemy.moml.MoMLSimpleApplication@91d21c6
----------------- Done invoking toplevel() on ptolemy.moml.MoMLSimpleApplication@91d21c6
reloadAllAccessors: .functionClosureTest1

===========================================================================================
----------------- testing Sat Aug 25 01:58:19 UTC 2018 /home/travis/build/icyphy/ptII/ptolemy/actor/lib/test/auto/functionClosureTest2.xml
----------------- Instantiating /home/travis/build/icyphy/ptII/ptolemy/actor/lib/test/auto/functionClosureTest2.xml
1 ms. Memory: 1685504K Free: 1427550K (85%)
----------------- Invoking toplevel() on ptolemy.moml.MoMLSimpleApplication@342c7344
----------------- Done invoking toplevel() on ptolemy.moml.MoMLSimpleApplication@342c7344
reloadAllAccessors: .functionClosureTest2

===========================================================================================
----------------- testing Sat Aug 25 01:58:19 UTC 2018 /home/travis/build/icyphy/ptII/ptolemy/actor/lib/test/auto/functionClosureTest3.xml
----------------- Instantiating /home/travis/build/icyphy/ptII/ptolemy/actor/lib/test/auto/functionClosureTest3.xml
2 ms. Memory: 1685504K Free: 1406545K (83%)
----------------- Invoking toplevel() on ptolemy.moml.MoMLSimpleApplication@3b5c04aa
----------------- Done invoking toplevel() on ptolemy.moml.MoMLSimpleApplication@3b5c04aa
reloadAllAccessors: .functionClosureTest3

===========================================================================================
----------------- testing Sat Aug 25 01:58:19 UTC 2018 /home/travis/build/icyphy/ptII/ptolemy/actor/lib/test/auto/functionClosureTest4.xml
----------------- Instantiating /home/travis/build/icyphy/ptII/ptolemy/actor/lib/test/auto/functionClosureTest4.xml
3 ms. Memory: 1685504K Free: 1382154K (82%)
----------------- Invoking toplevel() on ptolemy.moml.MoMLSimpleApplication@22353e34
----------------- Done invoking toplevel() on ptolemy.moml.MoMLSimpleApplication@22353e34
reloadAllAccessors: .functionClosureTest4

===========================================================================================
----------------- testing Sat Aug 25 01:58:19 UTC 2018 /home/travis/build/icyphy/ptII/ptolemy/actor/lib/test/auto/functionClosureTest5.xml
----------------- Instantiating /home/travis/build/icyphy/ptII/ptolemy/actor/lib/test/auto/functionClosureTest5.xml
4 ms. Memory: 1685504K Free: 1357763K (81%)
----------------- Invoking toplevel() on ptolemy.moml.MoMLSimpleApplication@1455fcd5
----------------- Done invoking toplevel() on ptolemy.moml.MoMLSimpleApplication@1455fcd5
reloadAllAccessors: .functionClosureTest5

===========================================================================================
----------------- testing Sat Aug 25 01:58:19 UTC 2018 /home/travis/build/icyphy/ptII/ptolemy/actor/lib/test/auto/functionClosureTest6.xml
----------------- Instantiating /home/travis/build/icyphy/ptII/ptolemy/actor/lib/test/auto/functionClosureTest6.xml
3 ms. Memory: 1685504K Free: 1333372K (79%)
----------------- Invoking toplevel() on ptolemy.moml.MoMLSimpleApplication@67e6158
----------------- Done invoking toplevel() on ptolemy.moml.MoMLSimpleApplication@67e6158
reloadAllAccessors: .functionClosureTest6

===========================================================================================
----------------- testing Sat Aug 25 01:58:19 UTC 2018 /home/travis/build/icyphy/ptII/ptolemy/actor/lib/test/auto/functionsOnArcs.xml
----------------- Instantiating /home/travis/build/icyphy/ptII/ptolemy/actor/lib/test/auto/functionsOnArcs.xml
2 ms. Memory: 1685504K Free: 1312366K (78%)
----------------- Invoking toplevel() on ptolemy.moml.MoMLSimpleApplication@25d32880
----------------- Done invoking toplevel() on ptolemy.moml.MoMLSimpleApplication@25d32880
reloadAllAccessors: .functionsOnArcs

===========================================================================================
----------------- testing Sat Aug 25 01:58:19 UTC 2018 /home/travis/build/icyphy/ptII/ptolemy/actor/lib/test/auto/functionsOnArcsHOF.xml
----------------- Instantiating /home/travis/build/icyphy/ptII/ptolemy/actor/lib/test/auto/functionsOnArcsHOF.xml
3 ms. Memory: 1685504K Free: 1287975K (76%)
----------------- Invoking toplevel() on ptolemy.moml.MoMLSimpleApplication@32b5559d
----------------- Done invoking toplevel() on ptolemy.moml.MoMLSimpleApplication@32b5559d
reloadAllAccessors: .functionsOnArcsHOF

===========================================================================================
----------------- testing Sat Aug 25 01:58:19 UTC 2018 /home/travis/build/icyphy/ptII/ptolemy/actor/lib/test/auto/logic.xml
----------------- Instantiating /home/travis/build/icyphy/ptII/ptolemy/actor/lib/test/auto/logic.xml
2 ms. Memory: 1685504K Free: 1263584K (75%)
----------------- Invoking toplevel() on ptolemy.moml.MoMLSimpleApplication@491729ac
----------------- Done invoking toplevel() on ptolemy.moml.MoMLSimpleApplication@491729ac
reloadAllAccessors: .logic

===========================================================================================
----------------- testing Sat Aug 25 01:58:19 UTC 2018 /home/travis/build/icyphy/ptII/ptolemy/actor/lib/test/auto/matrixType.xml
----------------- Instantiating /home/travis/build/icyphy/ptII/ptolemy/actor/lib/test/auto/matrixType.xml
1 ms. Memory: 1685504K Free: 1239194K (74%)
----------------- Invoking toplevel() on ptolemy.moml.MoMLSimpleApplication@1181b29e
----------------- Done invoking toplevel() on ptolemy.moml.MoMLSimpleApplication@1181b29e
reloadAllAccessors: .matrixType

===========================================================================================
----------------- testing Sat Aug 25 01:58:20 UTC 2018 /home/travis/build/icyphy/ptII/ptolemy/actor/lib/test/auto/matrixType10.xml
----------------- Instantiating /home/travis/build/icyphy/ptII/ptolemy/actor/lib/test/auto/matrixType10.xml
2 ms. Memory: 1685504K Free: 1218188K (72%)
----------------- Invoking toplevel() on ptolemy.moml.MoMLSimpleApplication@15010e25
----------------- Done invoking toplevel() on ptolemy.moml.MoMLSimpleApplication@15010e25
reloadAllAccessors: .matrixType10

===========================================================================================
----------------- testing Sat Aug 25 01:58:20 UTC 2018 /home/travis/build/icyphy/ptII/ptolemy/actor/lib/test/auto/matrixType11.xml
----------------- Instantiating /home/travis/build/icyphy/ptII/ptolemy/actor/lib/test/auto/matrixType11.xml
1 ms. Memory: 1685504K Free: 1193797K (71%)
----------------- Invoking toplevel() on ptolemy.moml.MoMLSimpleApplication@6ba32ec9
----------------- Done invoking toplevel() on ptolemy.moml.MoMLSimpleApplication@6ba32ec9
reloadAllAccessors: .matrixType11

===========================================================================================
----------------- testing Sat Aug 25 01:58:20 UTC 2018 /home/travis/build/icyphy/ptII/ptolemy/actor/lib/test/auto/matrixType12.xml
----------------- Instantiating /home/travis/build/icyphy/ptII/ptolemy/actor/lib/test/auto/matrixType12.xml
1 ms. Memory: 1685504K Free: 1169406K (69%)
----------------- Invoking toplevel() on ptolemy.moml.MoMLSimpleApplication@33965209
----------------- Done invoking toplevel() on ptolemy.moml.MoMLSimpleApplication@33965209
reloadAllAccessors: .matrixType12

===========================================================================================
----------------- testing Sat Aug 25 01:58:20 UTC 2018 /home/travis/build/icyphy/ptII/ptolemy/actor/lib/test/auto/matrixType13.xml
----------------- Instantiating /home/travis/build/icyphy/ptII/ptolemy/actor/lib/test/auto/matrixType13.xml
2 ms. Memory: 1685504K Free: 1145015K (68%)
----------------- Invoking toplevel() on ptolemy.moml.MoMLSimpleApplication@6bceec04
----------------- Done invoking toplevel() on ptolemy.moml.MoMLSimpleApplication@6bceec04
reloadAllAccessors: .matrixType13

===========================================================================================
----------------- testing Sat Aug 25 01:58:20 UTC 2018 /home/travis/build/icyphy/ptII/ptolemy/actor/lib/test/auto/matrixType14.xml
----------------- Instantiating /home/travis/build/icyphy/ptII/ptolemy/actor/lib/test/auto/matrixType14.xml
1 ms. Memory: 1685504K Free: 1120625K (66%)
----------------- Invoking toplevel() on ptolemy.moml.MoMLSimpleApplication@40054787
----------------- Done invoking toplevel() on ptolemy.moml.MoMLSimpleApplication@40054787
reloadAllAccessors: .matrixType14

===========================================================================================
----------------- testing Sat Aug 25 01:58:20 UTC 2018 /home/travis/build/icyphy/ptII/ptolemy/actor/lib/test/auto/matrixType2.xml
----------------- Instantiating /home/travis/build/icyphy/ptII/ptolemy/actor/lib/test/auto/matrixType2.xml
1 ms. Memory: 1685504K Free: 1099619K (65%)
----------------- Invoking toplevel() on ptolemy.moml.MoMLSimpleApplication@31e69933
----------------- Done invoking toplevel() on ptolemy.moml.MoMLSimpleApplication@31e69933
reloadAllAccessors: .matrixType2

===========================================================================================
----------------- testing Sat Aug 25 01:58:20 UTC 2018 /home/travis/build/icyphy/ptII/ptolemy/actor/lib/test/auto/matrixType3.xml
----------------- Instantiating /home/travis/build/icyphy/ptII/ptolemy/actor/lib/test/auto/matrixType3.xml
4 ms. Memory: 1685504K Free: 1075228K (64%)
----------------- Invoking toplevel() on ptolemy.moml.MoMLSimpleApplication@4dae93c0
----------------- Done invoking toplevel() on ptolemy.moml.MoMLSimpleApplication@4dae93c0
reloadAllAccessors: .matrixType3

===========================================================================================
----------------- testing Sat Aug 25 01:58:20 UTC 2018 /home/travis/build/icyphy/ptII/ptolemy/actor/lib/test/auto/matrixType4.xml
----------------- Instantiating /home/travis/build/icyphy/ptII/ptolemy/actor/lib/test/auto/matrixType4.xml
1 ms. Memory: 1685504K Free: 1050838K (62%)
----------------- Invoking toplevel() on ptolemy.moml.MoMLSimpleApplication@20bd2fa5
----------------- Done invoking toplevel() on ptolemy.moml.MoMLSimpleApplication@20bd2fa5
reloadAllAccessors: .matrixType4

===========================================================================================
----------------- testing Sat Aug 25 01:58:20 UTC 2018 /home/travis/build/icyphy/ptII/ptolemy/actor/lib/test/auto/matrixType5.xml
----------------- Instantiating /home/travis/build/icyphy/ptII/ptolemy/actor/lib/test/auto/matrixType5.xml
1 ms. Memory: 1685504K Free: 1026447K (61%)
----------------- Invoking toplevel() on ptolemy.moml.MoMLSimpleApplication@5e2e1ce5
----------------- Done invoking toplevel() on ptolemy.moml.MoMLSimpleApplication@5e2e1ce5
reloadAllAccessors: .matrixType5

===========================================================================================
----------------- testing Sat Aug 25 01:58:20 UTC 2018 /home/travis/build/icyphy/ptII/ptolemy/actor/lib/test/auto/matrixType6.xml
----------------- Instantiating /home/travis/build/icyphy/ptII/ptolemy/actor/lib/test/auto/matrixType6.xml
2 ms. Memory: 1685504K Free: 1005441K (60%)
----------------- Invoking toplevel() on ptolemy.moml.MoMLSimpleApplication@d4fe59f
----------------- Done invoking toplevel() on ptolemy.moml.MoMLSimpleApplication@d4fe59f
reloadAllAccessors: .matrixType6

===========================================================================================
----------------- testing Sat Aug 25 01:58:20 UTC 2018 /home/travis/build/icyphy/ptII/ptolemy/actor/lib/test/auto/matrixType7.xml
----------------- Instantiating /home/travis/build/icyphy/ptII/ptolemy/actor/lib/test/auto/matrixType7.xml
2 ms. Memory: 1685504K Free: 981050K (58%)
----------------- Invoking toplevel() on ptolemy.moml.MoMLSimpleApplication@1b6c7a94
----------------- Done invoking toplevel() on ptolemy.moml.MoMLSimpleApplication@1b6c7a94
reloadAllAccessors: .matrixType7

===========================================================================================
----------------- testing Sat Aug 25 01:58:20 UTC 2018 /home/travis/build/icyphy/ptII/ptolemy/actor/lib/test/auto/matrixType8.xml
----------------- Instantiating /home/travis/build/icyphy/ptII/ptolemy/actor/lib/test/auto/matrixType8.xml
1 ms. Memory: 1685504K Free: 956659K (57%)
----------------- Invoking toplevel() on ptolemy.moml.MoMLSimpleApplication@274f2ca5
----------------- Done invoking toplevel() on ptolemy.moml.MoMLSimpleApplication@274f2ca5
reloadAllAccessors: .matrixType8

===========================================================================================
----------------- testing Sat Aug 25 01:58:20 UTC 2018 /home/travis/build/icyphy/ptII/ptolemy/actor/lib/test/auto/matrixType9.xml
----------------- Instantiating /home/travis/build/icyphy/ptII/ptolemy/actor/lib/test/auto/matrixType9.xml
2 ms. Memory: 1685504K Free: 932268K (55%)
----------------- Invoking toplevel() on ptolemy.moml.MoMLSimpleApplication@30906951
----------------- Done invoking toplevel() on ptolemy.moml.MoMLSimpleApplication@30906951
reloadAllAccessors: .matrixType9

===========================================================================================
----------------- testing Sat Aug 25 01:58:20 UTC 2018 /home/travis/build/icyphy/ptII/ptolemy/actor/lib/test/auto/paraFunctest.xml
----------------- Instantiating /home/travis/build/icyphy/ptII/ptolemy/actor/lib/test/auto/paraFunctest.xml
1 ms. Memory: 1685504K Free: 907878K (54%)
----------------- Invoking toplevel() on ptolemy.moml.MoMLSimpleApplication@5961a6b3
----------------- Done invoking toplevel() on ptolemy.moml.MoMLSimpleApplication@5961a6b3
reloadAllAccessors: .paraFunctest

===========================================================================================
----------------- testing Sat Aug 25 01:58:20 UTC 2018 /home/travis/build/icyphy/ptII/ptolemy/actor/lib/test/auto/paraFunctest2.xml
----------------- Instantiating /home/travis/build/icyphy/ptII/ptolemy/actor/lib/test/auto/paraFunctest2.xml
1 ms. Memory: 1685504K Free: 886872K (53%)
----------------- Invoking toplevel() on ptolemy.moml.MoMLSimpleApplication@6acf841d
----------------- Done invoking toplevel() on ptolemy.moml.MoMLSimpleApplication@6acf841d
reloadAllAccessors: .paraFunctest2

===========================================================================================
----------------- testing Sat Aug 25 01:58:20 UTC 2018 /home/travis/build/icyphy/ptII/ptolemy/actor/lib/test/auto/parameterPassing.xml
----------------- Instantiating /home/travis/build/icyphy/ptII/ptolemy/actor/lib/test/auto/parameterPassing.xml
1 ms. Memory: 1685504K Free: 862481K (51%)
----------------- Invoking toplevel() on ptolemy.moml.MoMLSimpleApplication@16df7834
----------------- Done invoking toplevel() on ptolemy.moml.MoMLSimpleApplication@16df7834
reloadAllAccessors: .parameterPassing

===========================================================================================
----------------- testing Sat Aug 25 01:58:20 UTC 2018 /home/travis/build/icyphy/ptII/ptolemy/actor/lib/test/auto/record.xml
----------------- Instantiating /home/travis/build/icyphy/ptII/ptolemy/actor/lib/test/auto/record.xml
3 ms. Memory: 1685504K Free: 838090K (50%)
----------------- Invoking toplevel() on ptolemy.moml.MoMLSimpleApplication@4db67e0f
----------------- Done invoking toplevel() on ptolemy.moml.MoMLSimpleApplication@4db67e0f
reloadAllAccessors: .record

===========================================================================================
----------------- testing Sat Aug 25 01:58:20 UTC 2018 /home/travis/build/icyphy/ptII/ptolemy/actor/lib/test/auto/sizedarray1.xml
----------------- Instantiating /home/travis/build/icyphy/ptII/ptolemy/actor/lib/test/auto/sizedarray1.xml
1 ms. Memory: 1685504K Free: 813699K (48%)
----------------- Invoking toplevel() on ptolemy.moml.MoMLSimpleApplication@76c98399
----------------- Done invoking toplevel() on ptolemy.moml.MoMLSimpleApplication@76c98399
reloadAllAccessors: .sizedarray1

===========================================================================================
----------------- testing Sat Aug 25 01:58:20 UTC 2018 /home/travis/build/icyphy/ptII/ptolemy/actor/lib/test/auto/sizedarray2.xml
----------------- Instantiating /home/travis/build/icyphy/ptII/ptolemy/actor/lib/test/auto/sizedarray2.xml
3 ms. Memory: 1685504K Free: 792694K (47%)
----------------- Invoking toplevel() on ptolemy.moml.MoMLSimpleApplication@70d55605
----------------- Done invoking toplevel() on ptolemy.moml.MoMLSimpleApplication@70d55605
reloadAllAccessors: .sizedarray2

===========================================================================================
----------------- testing Sat Aug 25 01:58:20 UTC 2018 /home/travis/build/icyphy/ptII/ptolemy/actor/lib/test/auto/twoPublishers.xml
----------------- Instantiating /home/travis/build/icyphy/ptII/ptolemy/actor/lib/test/auto/twoPublishers.xml
5 ms. Memory: 1685504K Free: 768303K (46%)
----------------- Invoking toplevel() on ptolemy.moml.MoMLSimpleApplication@7b5712d2
----------------- Done invoking toplevel() on ptolemy.moml.MoMLSimpleApplication@7b5712d2
reloadAllAccessors: .twoPublishers
AutoTests.java: About to close Vertx.
AutoTests.java: Vertx closed.
]]></system-out>
  <system-err><![CDATA[java.lang.RuntimeException: Execution failed
	at ptolemy.moml.MoMLSimpleApplication$UnloadThread.run(MoMLSimpleApplication.java:402)
Caused by: java.lang.RuntimeException: Normally, we would exit here because Manager.exitAfterWrapup() was called.  However, because the ptolemy.ptII.exitAfterWrapup property is set, we throw this exception instead.
	at ptolemy.util.StringUtilities.exit(StringUtilities.java:363)
	at ptolemy.actor.Manager.wrapup(Manager.java:1531)
	at ptolemy.actor.Manager.execute(Manager.java:407)
	at ptolemy.actor.Manager.run(Manager.java:1263)
	at ptolemy.actor.Manager$PtolemyRunThread.run(Manager.java:1915)
Warning: '.top.test' is in training mode, set the trainingMode parameter to false before checking in
Warning: '.top.test' is in training mode, set the trainingMode parameter to false before checking in
Warning: '.top.test' is in training mode, set the trainingMode parameter to false before checking in
Warning: '.BooleanSwitch_RegressionTest_WrongTrainingValues.Test' is in training mode, set the trainingMode parameter to false before checking in
Warning: '.BooleanSwitch_RegressionTest_WrongTrainingValues.Test2' is in training mode, set the trainingMode parameter to false before checking in
Warning: '.BooleanSwitch_RegressionTest_WrongTrainingValues.Test2' The test produced 0 tokens.
Warning: '.top.testExceptionHandler' is in training mode, set the trainingMode parameter to false before checking in
java.lang.RuntimeException: Execution failed
	at ptolemy.moml.MoMLSimpleApplication$UnloadThread.run(MoMLSimpleApplication.java:402)
Caused by: ptolemy.kernel.util.IllegalActionException: PublisherPorts cannot be used at the top level, use a Publisher actor instead.
  in .PublisherPortToplevelSubscriber.PublisherPort
	at ptolemy.actor.PublisherPort.preinitialize(PublisherPort.java:403)
	at ptolemy.actor.CompositeActor.preinitialize(CompositeActor.java:1769)
	at ptolemy.actor.Manager.preinitializeAndResolveTypes(Manager.java:1040)
	at ptolemy.actor.Manager.initialize(Manager.java:710)
	at ptolemy.actor.Manager.execute(Manager.java:356)
	at ptolemy.actor.Manager.run(Manager.java:1263)
	at ptolemy.actor.Manager$PtolemyRunThread.run(Manager.java:1915)
java.lang.reflect.InvocationTargetException
	at sun.reflect.NativeConstructorAccessorImpl.newInstance0(Native Method)
	at sun.reflect.NativeConstructorAccessorImpl.newInstance(NativeConstructorAccessorImpl.java:62)
	at sun.reflect.DelegatingConstructorAccessorImpl.newInstance(DelegatingConstructorAccessorImpl.java:45)
	at java.lang.reflect.Constructor.newInstance(Constructor.java:423)
	at ptolemy.util.test.junit.AutoKnownFailedTests.RunModel(AutoKnownFailedTests.java:107)
	at sun.reflect.NativeMethodAccessorImpl.invoke0(Native Method)
	at sun.reflect.NativeMethodAccessorImpl.invoke(NativeMethodAccessorImpl.java:62)
	at sun.reflect.DelegatingMethodAccessorImpl.invoke(DelegatingMethodAccessorImpl.java:43)
	at java.lang.reflect.Method.invoke(Method.java:498)
	at org.junit.runners.model.FrameworkMethod$1.runReflectiveCall(FrameworkMethod.java:44)
	at org.junit.internal.runners.model.ReflectiveCallable.run(ReflectiveCallable.java:15)
	at org.junit.runners.model.FrameworkMethod.invokeExplosively(FrameworkMethod.java:41)
	at junitparams.internal.InvokeParameterisedMethod.evaluate(InvokeParameterisedMethod.java:102)
	at org.junit.internal.runners.statements.FailOnTimeout$1.run(FailOnTimeout.java:28)
Caused by: ptolemy.kernel.util.IllegalActionException: PublisherPorts cannot be used at the top level, use a Publisher actor instead.
  in .PublisherPortToplevelSubscriber.PublisherPort
	at ptolemy.actor.PublisherPort.preinitialize(PublisherPort.java:403)
	at ptolemy.actor.CompositeActor.preinitialize(CompositeActor.java:1769)
	at ptolemy.actor.Manager.preinitializeAndResolveTypes(Manager.java:1040)
	at ptolemy.actor.Manager.initialize(Manager.java:710)
	at ptolemy.actor.Manager.execute(Manager.java:356)
	at ptolemy.actor.Manager.run(Manager.java:1263)
	at ptolemy.actor.Manager$PtolemyRunThread.run(Manager.java:1915)
java.lang.RuntimeException: Execution failed
	at ptolemy.moml.MoMLSimpleApplication$UnloadThread.run(MoMLSimpleApplication.java:402)
Caused by: ptolemy.kernel.util.IllegalActionException: SubscriberPorts cannot be used at the top level, use a Subscriber actor instead.
  in .PublisherSubscriberPortToplevel.SubscriberPort
	at ptolemy.actor.SubscriberPort.preinitialize(SubscriberPort.java:328)
	at ptolemy.actor.CompositeActor.preinitialize(CompositeActor.java:1769)
	at ptolemy.actor.Manager.preinitializeAndResolveTypes(Manager.java:1040)
	at ptolemy.actor.Manager.initialize(Manager.java:710)
	at ptolemy.actor.Manager.execute(Manager.java:356)
	at ptolemy.actor.Manager.run(Manager.java:1263)
	at ptolemy.actor.Manager$PtolemyRunThread.run(Manager.java:1915)
java.lang.reflect.InvocationTargetException
	at sun.reflect.NativeConstructorAccessorImpl.newInstance0(Native Method)
	at sun.reflect.NativeConstructorAccessorImpl.newInstance(NativeConstructorAccessorImpl.java:62)
	at sun.reflect.DelegatingConstructorAccessorImpl.newInstance(DelegatingConstructorAccessorImpl.java:45)
	at java.lang.reflect.Constructor.newInstance(Constructor.java:423)
	at ptolemy.util.test.junit.AutoKnownFailedTests.RunModel(AutoKnownFailedTests.java:107)
	at sun.reflect.NativeMethodAccessorImpl.invoke0(Native Method)
	at sun.reflect.NativeMethodAccessorImpl.invoke(NativeMethodAccessorImpl.java:62)
	at sun.reflect.DelegatingMethodAccessorImpl.invoke(DelegatingMethodAccessorImpl.java:43)
	at java.lang.reflect.Method.invoke(Method.java:498)
	at org.junit.runners.model.FrameworkMethod$1.runReflectiveCall(FrameworkMethod.java:44)
	at org.junit.internal.runners.model.ReflectiveCallable.run(ReflectiveCallable.java:15)
	at org.junit.runners.model.FrameworkMethod.invokeExplosively(FrameworkMethod.java:41)
	at junitparams.internal.InvokeParameterisedMethod.evaluate(InvokeParameterisedMethod.java:102)
	at org.junit.internal.runners.statements.FailOnTimeout$1.run(FailOnTimeout.java:28)
Caused by: ptolemy.kernel.util.IllegalActionException: SubscriberPorts cannot be used at the top level, use a Subscriber actor instead.
  in .PublisherSubscriberPortToplevel.SubscriberPort
	at ptolemy.actor.SubscriberPort.preinitialize(SubscriberPort.java:328)
	at ptolemy.actor.CompositeActor.preinitialize(CompositeActor.java:1769)
	at ptolemy.actor.Manager.preinitializeAndResolveTypes(Manager.java:1040)
	at ptolemy.actor.Manager.initialize(Manager.java:710)
	at ptolemy.actor.Manager.execute(Manager.java:356)
	at ptolemy.actor.Manager.run(Manager.java:1263)
	at ptolemy.actor.Manager$PtolemyRunThread.run(Manager.java:1915)
java.lang.RuntimeException: Execution failed
	at ptolemy.moml.MoMLSimpleApplication$UnloadThread.run(MoMLSimpleApplication.java:402)
Caused by: ptolemy.kernel.util.IllegalActionException: SubscriptionAggregatorPorts cannot be used at the top level, use a SubscriptionAggregator actor instead.
  in .PublisherSubscriptionAggregatorPort.SubscriptionAggregatorPort
	at ptolemy.actor.SubscriptionAggregatorPort.preinitialize(SubscriptionAggregatorPort.java:353)
	at ptolemy.actor.CompositeActor.preinitialize(CompositeActor.java:1769)
	at ptolemy.actor.Manager.preinitializeAndResolveTypes(Manager.java:1040)
	at ptolemy.actor.Manager.initialize(Manager.java:710)
	at ptolemy.actor.Manager.execute(Manager.java:356)
	at ptolemy.actor.Manager.run(Manager.java:1263)
	at ptolemy.actor.Manager$PtolemyRunThread.run(Manager.java:1915)
java.lang.reflect.InvocationTargetException
	at sun.reflect.NativeConstructorAccessorImpl.newInstance0(Native Method)
	at sun.reflect.NativeConstructorAccessorImpl.newInstance(NativeConstructorAccessorImpl.java:62)
	at sun.reflect.DelegatingConstructorAccessorImpl.newInstance(DelegatingConstructorAccessorImpl.java:45)
	at java.lang.reflect.Constructor.newInstance(Constructor.java:423)
	at ptolemy.util.test.junit.AutoKnownFailedTests.RunModel(AutoKnownFailedTests.java:107)
	at sun.reflect.NativeMethodAccessorImpl.invoke0(Native Method)
	at sun.reflect.NativeMethodAccessorImpl.invoke(NativeMethodAccessorImpl.java:62)
	at sun.reflect.DelegatingMethodAccessorImpl.invoke(DelegatingMethodAccessorImpl.java:43)
	at java.lang.reflect.Method.invoke(Method.java:498)
	at org.junit.runners.model.FrameworkMethod$1.runReflectiveCall(FrameworkMethod.java:44)
	at org.junit.internal.runners.model.ReflectiveCallable.run(ReflectiveCallable.java:15)
	at org.junit.runners.model.FrameworkMethod.invokeExplosively(FrameworkMethod.java:41)
	at junitparams.internal.InvokeParameterisedMethod.evaluate(InvokeParameterisedMethod.java:102)
	at org.junit.internal.runners.statements.FailOnTimeout$1.run(FailOnTimeout.java:28)
Caused by: ptolemy.kernel.util.IllegalActionException: SubscriptionAggregatorPorts cannot be used at the top level, use a SubscriptionAggregator actor instead.
  in .PublisherSubscriptionAggregatorPort.SubscriptionAggregatorPort
	at ptolemy.actor.SubscriptionAggregatorPort.preinitialize(SubscriptionAggregatorPort.java:353)
	at ptolemy.actor.CompositeActor.preinitialize(CompositeActor.java:1769)
	at ptolemy.actor.Manager.preinitializeAndResolveTypes(Manager.java:1040)
	at ptolemy.actor.Manager.initialize(Manager.java:710)
	at ptolemy.actor.Manager.execute(Manager.java:356)
	at ptolemy.actor.Manager.run(Manager.java:1263)
	at ptolemy.actor.Manager$PtolemyRunThread.run(Manager.java:1915)
java.lang.RuntimeException: Execution failed
	at ptolemy.moml.MoMLSimpleApplication$UnloadThread.run(MoMLSimpleApplication.java:402)
Caused by: ptolemy.kernel.util.IllegalActionException: TypeTest actor has no training data.
  in .sizedarray3.TypeTest
	at ptolemy.actor.lib.TypeTest.initialize(TypeTest.java:250)
	at ptolemy.actor.Director.initialize(Director.java:938)
	at ptolemy.actor.Director.initialize(Director.java:907)
	at ptolemy.actor.sched.StaticSchedulingDirector.initialize(StaticSchedulingDirector.java:159)
	at ptolemy.domains.sdf.kernel.SDFDirector.initialize(SDFDirector.java:544)
	at ptolemy.actor.CompositeActor.initialize(CompositeActor.java:935)
	at ptolemy.actor.Manager.initialize(Manager.java:724)
	at ptolemy.actor.Manager.execute(Manager.java:356)
	at ptolemy.actor.Manager.run(Manager.java:1263)
	at ptolemy.actor.Manager$PtolemyRunThread.run(Manager.java:1915)
java.lang.reflect.InvocationTargetException
	at sun.reflect.NativeConstructorAccessorImpl.newInstance0(Native Method)
	at sun.reflect.NativeConstructorAccessorImpl.newInstance(NativeConstructorAccessorImpl.java:62)
	at sun.reflect.DelegatingConstructorAccessorImpl.newInstance(DelegatingConstructorAccessorImpl.java:45)
	at java.lang.reflect.Constructor.newInstance(Constructor.java:423)
	at ptolemy.util.test.junit.AutoKnownFailedTests.RunModel(AutoKnownFailedTests.java:107)
	at sun.reflect.NativeMethodAccessorImpl.invoke0(Native Method)
	at sun.reflect.NativeMethodAccessorImpl.invoke(NativeMethodAccessorImpl.java:62)
	at sun.reflect.DelegatingMethodAccessorImpl.invoke(DelegatingMethodAccessorImpl.java:43)
	at java.lang.reflect.Method.invoke(Method.java:498)
	at org.junit.runners.model.FrameworkMethod$1.runReflectiveCall(FrameworkMethod.java:44)
	at org.junit.internal.runners.model.ReflectiveCallable.run(ReflectiveCallable.java:15)
	at org.junit.runners.model.FrameworkMethod.invokeExplosively(FrameworkMethod.java:41)
	at junitparams.internal.InvokeParameterisedMethod.evaluate(InvokeParameterisedMethod.java:102)
	at org.junit.internal.runners.statements.FailOnTimeout$1.run(FailOnTimeout.java:28)
Caused by: ptolemy.kernel.util.IllegalActionException: TypeTest actor has no training data.
  in .sizedarray3.TypeTest
	at ptolemy.actor.lib.TypeTest.initialize(TypeTest.java:250)
	at ptolemy.actor.Director.initialize(Director.java:938)
	at ptolemy.actor.Director.initialize(Director.java:907)
	at ptolemy.actor.sched.StaticSchedulingDirector.initialize(StaticSchedulingDirector.java:159)
	at ptolemy.domains.sdf.kernel.SDFDirector.initialize(SDFDirector.java:544)
	at ptolemy.actor.CompositeActor.initialize(CompositeActor.java:935)
	at ptolemy.actor.Manager.initialize(Manager.java:724)
	at ptolemy.actor.Manager.execute(Manager.java:356)
	at ptolemy.actor.Manager.run(Manager.java:1263)
	at ptolemy.actor.Manager$PtolemyRunThread.run(Manager.java:1915)
ptolemy.kernel.util.InternalErrorException: Exec Stdout Gobbler-0: Failed while reading from java.lang.UNIXProcess$ProcessPipeInputStream@1347af05. To avoid this, try setting the ignoreIOExceptionReadErrors parameter to true.null
  in .Exec.Exec
Because:
Stream closed
	at ptolemy.actor.lib.Exec$_StreamReaderThread._read(Exec.java:762)
	at ptolemy.actor.lib.Exec$_StreamReaderThread.run(Exec.java:706)
Caused by: java.io.IOException: Stream closed
	at sun.nio.cs.StreamDecoder.ensureOpen(StreamDecoder.java:46)
	at sun.nio.cs.StreamDecoder.read(StreamDecoder.java:148)
	at java.io.InputStreamReader.read(InputStreamReader.java:184)
	at ptolemy.actor.lib.Exec$_StreamReaderThread._read(Exec.java:724)
	... 1 more
Caused by: java.io.IOException: Stream closed
	at sun.nio.cs.StreamDecoder.ensureOpen(StreamDecoder.java:46)
	at sun.nio.cs.StreamDecoder.read(StreamDecoder.java:148)
	at java.io.InputStreamReader.read(InputStreamReader.java:184)
	at ptolemy.actor.lib.Exec$_StreamReaderThread._read(Exec.java:724)
	at ptolemy.actor.lib.Exec$_StreamReaderThread.run(Exec.java:706)
]]></system-err>
</testsuite>
