<?xml version="1.0" encoding="UTF-8" ?>
<testsuite errors="0" failures="0" hostname="travis-job-7df86247-0832-479b-83c7-07dca9fa7741" name="ptolemy.actor.lib.test.junit.JUnitTclTest" skipped="0" tests="517" time="60.069" timestamp="2020-01-07T06:42:12">
  <properties>
    <property name="npm.executable" value="npm" />
    <property name="env.TRAVIS_ROOT" value="/" />
    <property name="ptII.mk.exists" value="true" />
    <property name="env.TRAVIS_APP_HOST" value="build.travis-ci.org" />
    <property name="env.rvm_bin_path" value="/home/travis/.rvm/bin" />
    <property name="java.home" value="/usr/local/lib/jvm/openjdk11" />
    <property name="env.TRAVIS_JOB_NUMBER" value="1459.8" />
    <property name="env.TRAVIS_HOME" value="/home/travis" />
    <property name="env.DISPLAY" value=":99.0" />
    <property name="env.TRAVIS_INIT" value="systemd" />
    <property name="env.SSH_TTY" value="/dev/pts/0" />
    <property name="java.net.preferIPv4Stack" value="true" />
    <property name="env.RUN_TESTS" value="true" />
    <property name="timeout.short" value="1000000" />
    <property name="junit.formatter" value="xml" />
    <property name="env.TRAVIS_SUDO" value="true" />
    <property name="env.TRAVIS_JOB_NAME" value="" />
    <property name="env.TRAVIS_STACK_NODE_ATTRIBUTES" value="/.node-attributes.yml" />
    <property name="env.LOGNAME" value="travis" />
    <property name="env.PT_TRAVIS_TEST_CORE1_XML" value="true" />
    <property name="jsdoc.home" value="node_modules/@terraswarm/jsdoc" />
    <property name="debuglevel" value="source,lines,vars" />
    <property name="checkstyle.formatter" value="xml" />
    <property name="env._system_version" value="16.04" />
    <property name="bin.vergil.makeable" value="true" />
    <property name="sun.os.patch.level" value="unknown" />
    <property name="java.vendor.url" value="http://java.oracle.com/" />
    <property name="env.TRAVIS_BUILD_WEB_URL" value="https://travis-ci.org/icyphy/ptII/builds/633623756" />
    <property name="java.version" value="11.0.2" />
    <property name="env.TZ" value="UTC" />
    <property name="env.TRAVIS_PULL_REQUEST_SHA" value="" />
    <property name="env.PT_NO_NET" value="true" />
    <property name="env.TRAVIS_SECURE_ENV_VARS" value="true" />
    <property name="env._system_type" value="Linux" />
    <property name="java.vendor.url.bug" value="http://bugreport.java.com/bugreport/" />
    <property name="npmjs-org-is-up" value="true" />
    <property name="env.LANGUAGE" value="en_US.UTF-8" />
    <property name="env.SSH_CLIENT" value="10.44.2.28 52716 22" />
    <property name="env.GEM_HOME" value="/home/travis/.rvm/gems/ruby-2.5.3" />
    <property name="env.HAS_ANTARES_THREE_LITTLE_FRONZIES_BADGE" value="true" />
    <property name="java.version.date" value="2019-01-15" />
    <property name="env.PS4" value="+" />
    <property name="ant.project.invoked-targets" value="build,test.core1.xml" />
    <property name="env.TRAVIS_PULL_REQUEST_BRANCH" value="" />
    <property name="env.TRAVIS_REPO_SLUG" value="icyphy/ptII" />
    <property name="env.XDG_DATA_DIRS" value="/usr/local/share:/usr/share:/var/lib/snapd/desktop" />
    <property name="jdk.debug" value="release" />
    <property name="env.TRAVIS_APT_PROXY" value="http://build-cache.travisci.net" />
    <property name="env.TRAVIS_CPU_ARCH" value="amd64" />
    <property name="node.in.path" value="true" />
    <property name="user.name" value="travis" />
    <property name="java.maxmemory" value="1400m" />
    <property name="env.RUBY_VERSION" value="ruby-2.5.3" />
    <property name="env.LANG" value="en_US.UTF-8" />
    <property name="sun.io.unicode.encoding" value="UnicodeLittle" />
    <property name="sun.jnu.encoding" value="UTF-8" />
    <property name="java.runtime.name" value="OpenJDK Runtime Environment" />
    <property name="usefile" value="false" />
    <property name="return.code" value="0" />
    <property name="junit.single.formatter" value="plain" />
    <property name="env.DYLD_LIBRARY_PATH" value="/home/travis/pthla/certi-tools/lib:" />
    <property name="env.DEBIAN_FRONTEND" value="noninteractive" />
    <property name="env.SSH_CONNECTION" value="10.44.2.28 52716 10.20.0.105 22" />
    <property name="env.MYSQL_UNIX_PORT" value="/var/run/mysqld/mysqld.sock" />
    <property name="env.LC_ALL" value="en_US.UTF-8" />
    <property name="env.TRAVIS_ALLOW_FAILURE" value="false" />
    <property name="env.TRAVIS_JOB_WEB_URL" value="https://travis-ci.org/icyphy/ptII/jobs/633623764" />
    <property name="java.specification.name" value="Java Platform API Specification" />
    <property name="node.works" value="true" />
    <property name="user.timezone" value="" />
    <property name="path.separator" value=":" />
    <property name="env.TRAVIS_ENABLE_INFRA_DETECTION" value="true" />
    <property name="env.PYTHON_CFLAGS" value="-g -fstack-protector --param=ssp-buffer-size=4 -Wformat -Werror=format-security" />
    <property name="timeout.long" value="4000000" />
    <property name="env.CERTI_HOME" value="/home/travis/pthla/certi-tools" />
    <property name="ant.file.ptII" value="/home/travis/build/icyphy/ptII/build.xml" />
    <property name="javadoc.packagenames" value="com.*,diva.*,lbnl.*,org.hlacerti.*,org.json.*,org.ptolemy.*,org.terraswarm.*,ptolemy.*,ptserver.*" />
    <property name="file.encoding" value="UTF-8" />
    <property name="env.TRAVIS_PULL_REQUEST_SLUG" value="" />
    <property name="ant.project.default-target" value="build" />
    <property name="env.GIT_ASKPASS" value="echo" />
    <property name="env.HOME" value="/home/travis" />
    <property name="sun.java.command" value="org.apache.tools.ant.taskdefs.optional.junit.JUnitTestRunner ptolemy.actor.lib.test.junit.JUnitTclTest skipNonTests=false filtertrace=true haltOnError=false haltOnFailure=false formatter=org.apache.tools.ant.taskdefs.optional.junit.OutErrSummaryJUnitResultFormatter showoutput=true outputtoformatters=true logfailedtests=true threadid=0 logtestlistenerevents=false formatter=org.apache.tools.ant.taskdefs.optional.junit.XMLJUnitResultFormatter,/home/travis/build/icyphy/ptII/reports/junit/TEST-ptolemy.actor.lib.test.junit.JUnitTclTest.xml crashfile=/home/travis/build/icyphy/ptII/junitvmwatcher5265285072130046475.properties propsfile=/home/travis/build/icyphy/ptII/junit11652657114750641617.properties" />
    <property name="env.COMPOSER_NO_INTERACTION" value="1" />
    <property name="env.MANPATH" value="/home/travis/.nvm/versions/node/v7.10.1/share/man:/home/travis/.rvm/rubies/ruby-2.5.3/share/man:/usr/local/cmake-3.12.4/man:/usr/local/clang-7.0.0/share/man:/usr/local/man:/usr/local/share/man:/usr/share/man:/home/travis/.rvm/man" />
    <property name="env.TRAVIS_TIMER_ID" value="343c13b8" />
    <property name="ant.file" value="/home/travis/build/icyphy/ptII/build.xml" />
    <property name="env.TRAVIS_COMMIT_RANGE" value="306228930c82f8432c4c29642b91a70b1d158448...91c18494ffb61df2b5c9e9587cdacc264ddd6f9b" />
    <property name="env._system_name" value="Ubuntu" />
    <property name="ptII.classpath.optional.property" value="/home/travis/build/icyphy/ptII/lib/bsh-2.0b4.jar:/home/travis/build/icyphy/ptII/lib/ptCal.jar:/home/travis/build/icyphy/ptII/lib/java_cup.jar:/home/travis/build/icyphy/ptII/lib/saxon8.jar:/home/travis/build/icyphy/ptII/lib/saxon8-dom.jar:/home/travis/build/icyphy/ptII/lib/chic.jar:/home/travis/build/icyphy/ptII/lib/ptcolt.jar:/home/travis/build/icyphy/ptII/vendors/misc/itext/iText.jar:/home/travis/build/icyphy/ptII/lib/g4ltl.jar:/home/travis/build/icyphy/ptII/lib/StructuralCoder.jar:/home/travis/build/icyphy/ptII/lib/jcerti.jar:/home/travis/build/icyphy/ptII/lib/javax.mail.jar:/home/travis/build/icyphy/ptII/vendors/JMF-2.1.1e/lib/jmf.jar:/home/travis/build/icyphy/ptII/lib/jna-4.0.0-variadic.jar:/home/travis/build/icyphy/ptII/vendors/misc/joystick/Joystick.jar:/home/travis/build/icyphy/ptII/lib/ptjacl.jar:/home/travis/build/icyphy/ptII/lib/jsoup-1.8.2.jar:/home/travis/build/icyphy/ptII/lib/junit-4.8.2.jar:/home/travis/build/icyphy/ptII/lib/JUnitParams-0.4.0.jar:/home/travis/build/icyphy/ptII/ptolemy/actor/lib/excel/jxl.jar:/home/travis/build/icyphy/ptII/lib/jython.jar:/home/travis/build/icyphy/ptII/lib/kieler.jar:/home/travis/build/icyphy/ptII/vendors/opencv/share/OpenCV/java/opencv-341.jar:/home/travis/build/icyphy/ptII/lib/oscP5.jar:/home/travis/build/icyphy/ptII/lib/nrjavaserial-3.11.0.devel.jar:/home/travis/build/icyphy/ptII/vendors/j3d/lib/Linux/j3dcore.jar:/home/travis/build/icyphy/ptII/vendors/j3d/lib/Linux/j3dutils.jar:/home/travis/build/icyphy/ptII/vendors/j3d/lib/Linux/vecmath.jar:/home/travis/build/icyphy/ptII/vendors/jogl/lib/Linux/gluegen-rt-natives-linux-amd64.jar:/home/travis/build/icyphy/ptII/vendors/jogl/lib/Linux/gluegen-rt.jar:/home/travis/build/icyphy/ptII/vendors/jogl/lib/Linux/jogl-all-natives-linux-amd64.jar:/home/travis/build/icyphy/ptII/vendors/jogl/lib/Linux/jogl-all.jar:/home/travis/build/icyphy/ptII/ptolemy/distributed/jini/jar/jini-core.jar:/home/travis/build/icyphy/ptII/ptolemy/distributed/jini/jar/jini-ext.jar:/home/travis/build/icyphy/ptII/ptolemy/distributed/jini/jar/sun-util.jar:/home/travis/build/icyphy/ptII/lib/protobuf-java-2.4.1.jar:/home/travis/build/icyphy/ptII/lib/org.eclipse.paho.client.mqttv3.jar:/home/travis/build/icyphy/ptII/lib/mapss.jar:/home/travis/build/icyphy/ptII/ptolemy/actor/ptalon/antlr/antlr.jar:/home/travis/build/icyphy/ptII/lib/JRI.jar:/home/travis/build/icyphy/ptII/lib/commons-lang-2.6.jar:/home/travis/build/icyphy/ptII/lib/commons-logging-1.1.1.jar:/home/travis/build/icyphy/ptII/lib/sootclasses.jar:/home/travis/build/icyphy/ptII/ptolemy/actor/lib/database/mysql-connector-java-5.1.6-bin.jar:/home/travis/build/icyphy/ptII/vendors/misc/sphinx4/sphinx4-data-5prealpha.jar:/home/travis/build/icyphy/ptII/vendors/misc/sphinx4/sphinx4-core-5prealpha.jar:/home/travis/build/icyphy/ptII/lib/PDFRenderer.jar:/home/travis/build/icyphy/ptII/lib/svgSalamander.jar:/home/travis/build/icyphy/ptII/lib/rsyntaxtextarea-2.6.0-SNAPSHOT.jar:/home/travis/build/icyphy/ptII/lib/hazelcast-3.8.2.jar:/home/travis/build/icyphy/ptII/lib/jackson-annotations-2.9.0.jar:/home/travis/build/icyphy/ptII/lib/jackson-core-2.9.3.jar:/home/travis/build/icyphy/ptII/lib/jackson-databind-2.9.3.jar:/home/travis/build/icyphy/ptII/lib/netty-buffer-4.1.19.Final.jar:/home/travis/build/icyphy/ptII/lib/netty-codec-4.1.19.Final.jar:/home/travis/build/icyphy/ptII/lib/netty-codec-dns-4.1.19.Final.jar:/home/travis/build/icyphy/ptII/lib/netty-codec-http-4.1.19.Final.jar:/home/travis/build/icyphy/ptII/lib/netty-codec-http2-4.1.19.Final.jar:/home/travis/build/icyphy/ptII/lib/netty-common-4.1.19.Final.jar:/home/travis/build/icyphy/ptII/lib/netty-handler-4.1.19.Final.jar:/home/travis/build/icyphy/ptII/lib/netty-resolver-4.1.19.Final.jar:/home/travis/build/icyphy/ptII/lib/netty-resolver-dns-4.1.19.Final.jar:/home/travis/build/icyphy/ptII/lib/netty-transport-4.1.19.Final.jar:/home/travis/build/icyphy/ptII/lib/vertx-codegen-3.5.1.jar:/home/travis/build/icyphy/ptII/lib/vertx-core-3.5.2-SNAPSHOT.jar:/home/travis/build/icyphy/ptII/lib/vertx-hazelcast-3.5.1.jar:/home/travis/build/icyphy/ptII/lib/vertx-lang-js-3.5.1.jar:/home/travis/build/icyphy/ptII/lib/vertx-service-proxy-3.5.1.jar:/home/travis/build/icyphy/ptII/lib/vertx-web-3.5.1.jar:/home/travis/build/icyphy/ptII/lib/slf4j-api-1.7.13.jar:/home/travis/build/icyphy/ptII/lib/slf4j-simple-1.7.13.jar:/home/travis/build/icyphy/ptII/lib/webcam-capture-0.3.12.jar:/home/travis/build/icyphy/ptII/lib/bridj-0.7.0.jar:/home/travis/build/icyphy/ptII/lib/xbjlib-1.1.0.nrjavaserial.jar" />
    <property name="timeout" value="2400000" />
    <property name="test.batch" value="**/junit/*.java" />
    <property name="env._" value="/usr/bin/timeout" />
    <property name="java.io.tmpdir" value="/tmp" />
    <property name="user.language" value="en" />
    <property name="env.TRAVIS_INTERNAL_RUBY_REGEX" value="^ruby-(2\.[0-4]\.[0-9]|1\.9\.3)" />
    <property name="env.HISTCONTROL" value="ignoredups:ignorespace" />
    <property name="env.GOROOT" value="/home/travis/.gimme/versions/go1.11.1.linux.amd64" />
    <property name="line.separator" value="&#xa;" />
    <property name="target" value="11" />
    <property name="env.TRAVIS_BUILD_DIR" value="/home/travis/build/icyphy/ptII" />
    <property name="env.ANT_OPTS" value="-Xmx2048m" />
    <property name="ant.file.type" value="file" />
    <property name="ptolemy.ptII.batchMode" value="true" />
    <property name="env.HISTSIZE" value="1000" />
    <property name="env.MERB_ENV" value="test" />
    <property name="java.vm.info" value="mixed mode" />
    <property name="source" value="11" />
    <property name="java.vm.specification.name" value="Java Virtual Machine Specification" />
    <property name="env.TRAVIS_TEST_RESULT" value="0" />
    <property name="jsdoc.command" value="node_modules/@terraswarm/jsdoc/jsdoc.js" />
    <property name="npm.works" value="true" />
    <property name="cobertura.dir" value="/home/travis/build/icyphy/ptII/vendors/cobertura-2.0.3" />
    <property name="jsdoc.command.exists" value="true" />
    <property name="env.rvm_path" value="/home/travis/.rvm" />
    <property name="env.GEM_PATH" value="/home/travis/.rvm/gems/ruby-2.5.3:/home/travis/.rvm/gems/ruby-2.5.3@global" />
    <property name="env.LC_CTYPE" value="en_US.UTF-8" />
    <property name="env.TRAVIS_CMD" value="$PTII/bin/ptIITravisBuild.sh $SECONDS" />
    <property name="java.awt.printerjob" value="sun.print.PSPrinterJob" />
    <property name="env.TRAVIS_STACK_NAME" value="sardonyx" />
    <property name="env.TRAVIS_TIMER_START_TIME" value="1578378774807324474" />
    <property name="ant.version" value="Apache Ant(TM) version 1.10.1 compiled on February 2 2017" />
    <property name="ptII.reports" value="/home/travis/build/icyphy/ptII/reports" />
    <property name="env.TRAVIS_STACK_TIMESTAMP" value="2019-03-25 16:16:56 UTC" />
    <property name="ant.file.type.ptII" value="file" />
    <property name="env.RBENV_SHELL" value="bash" />
    <property name="os.name" value="Linux" />
    <property name="java.specification.vendor" value="Oracle Corporation" />
    <property name="env.rvm_version" value="1.29.7 (latest)" />
    <property name="env.TRAVIS_INFRA" value="unknown" />
    <property name="env.TERM" value="xterm" />
    <property name="java.vm.name" value="OpenJDK 64-Bit Server VM" />
    <property name="env.TRAVIS_BUILD_NUMBER" value="1459" />
    <property name="env.CI" value="true" />
    <property name="java.library.path" value="/home/travis/pthla/certi-tools/lib:/usr/lib/jni:/usr/local/share/OpenCV/java/:/usr/share/OpenCV/java::/usr/java/packages/lib:/usr/lib64:/lib64:/lib:/usr/lib" />
    <property name="jdk.module.path" value="/home/travis/build/icyphy/ptII/vendors/javafx/javafx-sdk-11.0.2/lib:" />
    <property name="env.rvm_prefix" value="/home/travis" />
    <property name="env.PATH" value="/home/travis/pthla/certi-tools/share/scripts:/home/travis/.rvm/gems/ruby-2.5.3/bin:/home/travis/.rvm/gems/ruby-2.5.3@global/bin:/home/travis/.rvm/rubies/ruby-2.5.3/bin:/home/travis/.rvm/bin:/home/travis/.nvm/versions/node/v7.10.1/bin:./node_modules/.bin:/home/travis/build/icyphy/ptII/bin:/home/travis/pthla/certi-tools/bin:/home/travis/bin:/home/travis/.local/bin:/usr/local/lib/jvm/openjdk11/bin:/opt/pyenv/shims:/home/travis/.phpenv/shims:/home/travis/perl5/perlbrew/bin:/home/travis/gopath/bin:/home/travis/.gimme/versions/go1.11.1.linux.amd64/bin:/usr/local/maven-3.6.0/bin:/usr/local/cmake-3.12.4/bin:/usr/local/clang-7.0.0/bin:/usr/local/sbin:/usr/local/bin:/usr/sbin:/usr/bin:/sbin:/bin:/snap/bin:/home/travis/.phpenv/bin:/opt/pyenv/bin:/home/travis/.yarn/bin" />
    <property name="env.TRAVIS_OS_NAME" value="linux" />
    <property name="ant.java.version" value="9" />
    <property name="basedir" value="/home/travis/build/icyphy/ptII" />
    <property name="java.class.version" value="55.0" />
    <property name="env.SHLVL" value="3" />
    <property name="env.LD_LIBRARY_PATH" value="/home/travis/pthla/certi-tools/lib:/usr/lib/jni:/usr/local/share/OpenCV/java/:/usr/share/OpenCV/java:" />
    <property name="env.RACK_ENV" value="test" />
    <property name="ant.home" value="/home/travis/build/icyphy/ptII/ant" />
    <property name="env.NVM_DIR" value="/home/travis/.nvm" />
    <property name="env.CERTI_FOM_PATH" value="/home/travis/pthla/certi-tools/share/federations" />
    <property name="env.TRAVIS_BUILD_ID" value="633623756" />
    <property name="env.PYENV_ROOT" value="/opt/pyenv" />
    <property name="env.TRAVIS_UID" value="2000" />
    <property name="prism.verbose" value="true" />
    <property name="env.NVM_BIN" value="/home/travis/.nvm/versions/node/v7.10.1/bin" />
    <property name="env.TRAVIS_COMMIT" value="91c18494ffb61df2b5c9e9587cdacc264ddd6f9b" />
    <property name="env._system_arch" value="x86_64" />
    <property name="node.executable" value="node" />
    <property name="sun.boot.library.path" value="/usr/local/lib/jvm/openjdk11/lib" />
    <property name="sun.management.compiler" value="HotSpot 64-Bit Tiered Compilers" />
    <property name="java.awt.graphicsenv" value="sun.awt.X11GraphicsEnvironment" />
    <property name="env.GOPATH" value="/home/travis/gopath" />
    <property name="ptolemy.ptII.dir" value="/home/travis/build/icyphy/ptII" />
    <property name="env.USER" value="travis" />
    <property name="env.HISTFILESIZE" value="2000" />
    <property name="timeout.longest" value="19000000" />
    <property name="env.PERLBREW_SHELLRC_VERSION" value="0.86" />
    <property name="env.TRAVIS_STACK_FEATURES" value="basic couchdb disabled-ipv6 docker docker-compose elasticsearch firefox go-toolchain google-chrome jdk memcached mongodb mysql nodejs_interpreter perl_interpreter perlbrew phantomjs postgresql python_interpreter redis ruby_interpreter sqlite xserver" />
    <property name="env.TRAVIS_PULL_REQUEST" value="false" />
    <property name="env.PYENV_SHELL" value="bash" />
    <property name="ant.project.name" value="ptII" />
    <property name="env.ANSI_RESET" value="\033[0m" />
    <property name="java.vm.specification.version" value="11" />
    <property name="env.TRAVIS_DIST" value="xenial" />
    <property name="env.CERTI_VERSION" value="4.0.0" />
    <property name="env.CERTI_HOST" value="localhost" />
    <property name="awt.toolkit" value="sun.awt.X11.XToolkit" />
    <property name="env.MY_RUBY_HOME" value="/home/travis/.rvm/rubies/ruby-2.5.3" />
    <property name="sun.cpu.isalist" value="" />
    <property name="env.TRAVIS_TMPDIR" value="/tmp/tmp.jmfZjc2nIl" />
    <property name="java.vm.compressedOopsMode" value="Zero based" />
    <property name="os.version" value="4.15.0-1028-gcp" />
    <property name="user.home" value="/home/travis" />
    <property name="java.vm.vendor" value="Oracle Corporation" />
    <property name="env.TRAVIS_TAG" value="nightly" />
    <property name="env.ANSI_YELLOW" value="\033[33;1m" />
    <property name="env.TRAVIS_FILTERED" value="redirect_io" />
    <property name="env.ANSI_GREEN" value="\033[32;1m" />
    <property name="env.JAVA_HOME" value="/usr/local/lib/jvm/openjdk11" />
    <property name="javadoc.excludepackagenames" value="adm.cvs2svn.*,build.*,config.*,doc.coding.templates.*,jni.test.jni.meaningOfLife.*,jni.test.jni.testDeux.*,jni.test.jni.testTrois.*,org.terraswarm.accessor.accessors.web.node_modules.*,org.terraswarm.accessor.accessors.web.hosts.cordova.demo.*,org.terraswarm.accessor.accessors.web.hosts.cordova.plugins.*,org.terraswarm.accessor.accessors-svn.*,pt-modules.*,ptolemy.apps.agilent.*,ptolemy.apps.anytimecontrol.*,ptolemy.apps.apes.*,ptolemy.apps.charon.*,ptolemy.apps.crazyboard.*,ptolemy.apps.eclipse.*,ptolemy.apps.etherealSting.*,ptolemy.apps.fullscreen.*,ptolemy.apps.giotto.*,ptolemy.apps.ia.*,ptolemy.apps.interfaces.*,ptolemy.apps.jmf.*,ptolemy.apps.kurt.*,ptolemy.apps.kvm.*,ptolemy.apps.lego.*,ptolemy.apps.lejos.*,ptolemy.apps.midp.*,ptolemy.apps.mobileCoding.*,ptolemy.apps.pendulum.*,ptolemy.apps.rijndael.*,ptolemy.apps.robot.*,ptolemy.apps.security.*,ptolemy.apps.sobel.*,ptolemy.apps.soot.*,ptolemy.apps.throttle.*,ptolemy.apps.tini.*,ptolemy.apps.transmission.*,ptolemy.apps.vergil.*,ptolemy.apps.waba.*,ptolemy.apps.websensor.*,ptolemy.apps.webstart.*,ptolemy.apps.xsl.*,ptolemy.apps.zaurus.*,ptolemy.codegen.c.actor.lib.oldJavaFiles.*,ptolemy.codegen.dsp.lib.*,ptolemy.codegen.kernel.newInterfaces.*,ptolemy.codegen.lib.*,ptolemy.copernicus.kernel.fragment.*,ptolemy.copernicus.shallow.cg.*,ptolemy.domains.giotto.demo.Hierarchy.Hierarchy.*,ptolemy.domains.giotto.demo.Multimode.Multimode.*,ptolemy.domains.giotto.demo.Simple.Simple.*,ptolemy.domains.gr.lib.experimental.*,ptolemy.domains.gro.*,ptolemy.domains.pdf.*,ptolemy.domains.ptinyos.demo.Surge.output.*,ptolemy.moml.test.NoPackageActor.java*,ptolemy.plot.adm.*,ptolemy.plot.servlet.*,reports.*,signed.*,src.*,target.*,vendors.*,ptolemy.copernicus.applet.*,ptolemy.media.viewer.*,ptolemy.actor.corba.*,doc.doclets.*,ptolemy.apps.eclipse.awt.*,ptolemy.backtrack.*,ptolemy.backtrack.ast.*,ptolemy.cg.adapter.generic.program.procedural.c.mbed*,ptolemy.homer.*,ptolemy.actor.lib.jai.*,org.ptolemy.scala.*,diva.util.java2d.svg.*,ptolemy.domains.ptinyos.*,ptolemy.actor.lib.fmi.fmipp.*,,org.terraswarm.accessor.accessors.web.node_modules.*,org.terraswarm.accessor.accessors-svn,ptolemy.apps.*,ptolemy.actor.ptalon.demo.ptinyos.SendAndReceiveCnt.output,ptolemy.actor.ptalon.demo.ptinyos.SenseToLeds.output,ptolemy.domains.ptinyos.demo.CntToLedsAndRfm.output,ptolemy.domains.ptinyos.demo.RfmToLeds.output,ptolemy.domains.ptinyos.demo.SendAndReceiveCnt.output,ptolemy.domains.ptinyos.demo.SenseToLeds.output,ptolemy.actor.lib.jjs.modules.udpSocket.*" />
    <property name="env.PTII" value="/home/travis/build/icyphy/ptII" />
    <property name="env.XDG_SESSION_ID" value="2" />
    <property name="keystore" value="ptKeystore" />
    <property name="env.TRAVIS_COMMIT_MESSAGE" value="Removed annotation in Buttefly demo about code generation because code generation is no longer present." />
    <property name="junit.output.dir" value="/home/travis/build/icyphy/ptII/reports/junit" />
    <property name="npm.return.code" value="0" />
    <property name="user.dir" value="/home/travis/build/icyphy/ptII/ptolemy/actor/lib/test" />
    <property name="env.TRAVIS_NODE_VERSION" value="7" />
    <property name="env.TRAVIS_EVENT_TYPE" value="cron" />
    <property name="env.MAIL" value="/var/mail/travis" />
    <property name="env.PERLBREW_ROOT" value="/home/travis/perl5/perlbrew" />
    <property name="env.PWD" value="/home/travis/build/icyphy/ptII" />
    <property name="timeout.npm" value="45000" />
    <property name="env.TRAVIS_ARCH" value="amd64" />
    <property name="sun.cpu.endian" value="little" />
    <property name="env.PAGER" value="cat" />
    <property name="env.TRAVIS_BUILD_STAGE_NAME" value="Test" />
    <property name="env.PERLBREW_HOME" value="/home/travis/.perlbrew" />
    <property name="java.vm.version" value="11.0.2+9" />
    <property name="env.RAILS_ENV" value="test" />
    <property name="java.class.path" value="/home/travis/.ptolemyII:/home/travis/.ptolemyII/*:/home/travis/build/icyphy/ptII:/home/travis/build/icyphy/ptII/lib/bsh-2.0b4.jar:/home/travis/build/icyphy/ptII/lib/ptCal.jar:/home/travis/build/icyphy/ptII/lib/java_cup.jar:/home/travis/build/icyphy/ptII/lib/saxon8.jar:/home/travis/build/icyphy/ptII/lib/saxon8-dom.jar:/home/travis/build/icyphy/ptII/lib/chic.jar:/home/travis/build/icyphy/ptII/lib/ptcolt.jar:/home/travis/build/icyphy/ptII/vendors/misc/itext/iText.jar:/home/travis/build/icyphy/ptII/lib/g4ltl.jar:/home/travis/build/icyphy/ptII/lib/StructuralCoder.jar:/home/travis/build/icyphy/ptII/lib/jcerti.jar:/home/travis/build/icyphy/ptII/lib/javax.mail.jar:/home/travis/build/icyphy/ptII/vendors/JMF-2.1.1e/lib/jmf.jar:/home/travis/build/icyphy/ptII/lib/jna-4.0.0-variadic.jar:/home/travis/build/icyphy/ptII/vendors/misc/joystick/Joystick.jar:/home/travis/build/icyphy/ptII/lib/ptjacl.jar:/home/travis/build/icyphy/ptII/lib/jsoup-1.8.2.jar:/home/travis/build/icyphy/ptII/lib/junit-4.8.2.jar:/home/travis/build/icyphy/ptII/lib/JUnitParams-0.4.0.jar:/home/travis/build/icyphy/ptII/ptolemy/actor/lib/excel/jxl.jar:/home/travis/build/icyphy/ptII/lib/jython.jar:/home/travis/build/icyphy/ptII/lib/kieler.jar:/home/travis/build/icyphy/ptII/vendors/opencv/share/OpenCV/java/opencv-341.jar:/home/travis/build/icyphy/ptII/lib/oscP5.jar:/home/travis/build/icyphy/ptII/lib/nrjavaserial-3.11.0.devel.jar:/home/travis/build/icyphy/ptII/vendors/j3d/lib/Linux/j3dcore.jar:/home/travis/build/icyphy/ptII/vendors/j3d/lib/Linux/j3dutils.jar:/home/travis/build/icyphy/ptII/vendors/j3d/lib/Linux/vecmath.jar:/home/travis/build/icyphy/ptII/vendors/jogl/lib/Linux/gluegen-rt-natives-linux-amd64.jar:/home/travis/build/icyphy/ptII/vendors/jogl/lib/Linux/gluegen-rt.jar:/home/travis/build/icyphy/ptII/vendors/jogl/lib/Linux/jogl-all-natives-linux-amd64.jar:/home/travis/build/icyphy/ptII/vendors/jogl/lib/Linux/jogl-all.jar:/home/travis/build/icyphy/ptII/ptolemy/distributed/jini/jar/jini-core.jar:/home/travis/build/icyphy/ptII/ptolemy/distributed/jini/jar/jini-ext.jar:/home/travis/build/icyphy/ptII/ptolemy/distributed/jini/jar/sun-util.jar:/home/travis/build/icyphy/ptII/lib/protobuf-java-2.4.1.jar:/home/travis/build/icyphy/ptII/lib/org.eclipse.paho.client.mqttv3.jar:/home/travis/build/icyphy/ptII/lib/mapss.jar:/home/travis/build/icyphy/ptII/ptolemy/actor/ptalon/antlr/antlr.jar:/home/travis/build/icyphy/ptII/lib/JRI.jar:/home/travis/build/icyphy/ptII/lib/commons-lang-2.6.jar:/home/travis/build/icyphy/ptII/lib/commons-logging-1.1.1.jar:/home/travis/build/icyphy/ptII/lib/sootclasses.jar:/home/travis/build/icyphy/ptII/ptolemy/actor/lib/database/mysql-connector-java-5.1.6-bin.jar:/home/travis/build/icyphy/ptII/vendors/misc/sphinx4/sphinx4-data-5prealpha.jar:/home/travis/build/icyphy/ptII/vendors/misc/sphinx4/sphinx4-core-5prealpha.jar:/home/travis/build/icyphy/ptII/lib/PDFRenderer.jar:/home/travis/build/icyphy/ptII/lib/svgSalamander.jar:/home/travis/build/icyphy/ptII/lib/rsyntaxtextarea-2.6.0-SNAPSHOT.jar:/home/travis/build/icyphy/ptII/lib/hazelcast-3.8.2.jar:/home/travis/build/icyphy/ptII/lib/jackson-annotations-2.9.0.jar:/home/travis/build/icyphy/ptII/lib/jackson-core-2.9.3.jar:/home/travis/build/icyphy/ptII/lib/jackson-databind-2.9.3.jar:/home/travis/build/icyphy/ptII/lib/netty-buffer-4.1.19.Final.jar:/home/travis/build/icyphy/ptII/lib/netty-codec-4.1.19.Final.jar:/home/travis/build/icyphy/ptII/lib/netty-codec-dns-4.1.19.Final.jar:/home/travis/build/icyphy/ptII/lib/netty-codec-http-4.1.19.Final.jar:/home/travis/build/icyphy/ptII/lib/netty-codec-http2-4.1.19.Final.jar:/home/travis/build/icyphy/ptII/lib/netty-common-4.1.19.Final.jar:/home/travis/build/icyphy/ptII/lib/netty-handler-4.1.19.Final.jar:/home/travis/build/icyphy/ptII/lib/netty-resolver-4.1.19.Final.jar:/home/travis/build/icyphy/ptII/lib/netty-resolver-dns-4.1.19.Final.jar:/home/travis/build/icyphy/ptII/lib/netty-transport-4.1.19.Final.jar:/home/travis/build/icyphy/ptII/lib/vertx-codegen-3.5.1.jar:/home/travis/build/icyphy/ptII/lib/vertx-core-3.5.2-SNAPSHOT.jar:/home/travis/build/icyphy/ptII/lib/vertx-hazelcast-3.5.1.jar:/home/travis/build/icyphy/ptII/lib/vertx-lang-js-3.5.1.jar:/home/travis/build/icyphy/ptII/lib/vertx-service-proxy-3.5.1.jar:/home/travis/build/icyphy/ptII/lib/vertx-web-3.5.1.jar:/home/travis/build/icyphy/ptII/lib/slf4j-api-1.7.13.jar:/home/travis/build/icyphy/ptII/lib/slf4j-simple-1.7.13.jar:/home/travis/build/icyphy/ptII/lib/webcam-capture-0.3.12.jar:/home/travis/build/icyphy/ptII/lib/bridj-0.7.0.jar:/home/travis/build/icyphy/ptII/lib/xbjlib-1.1.0.nrjavaserial.jar:/home/travis/build/icyphy/ptII/ptolemy/moml/test:/home/travis/build/icyphy/ptII/ant/lib/ant-launcher.jar:/home/travis/build/icyphy/ptII/ant/lib/ant.jar:/home/travis/build/icyphy/ptII/ant/lib/ant-junit.jar:/home/travis/build/icyphy/ptII/ant/lib/ant-junit4.jar" />
    <property name="ant.library.dir" value="/home/travis/build/icyphy/ptII/ant/lib" />
    <property name="os.arch" value="amd64" />
    <property name="env.CONTINUOUS_INTEGRATION" value="true" />
    <property name="env.TRAVIS_LANGUAGE" value="node_js" />
    <property name="env.TRAVIS_STACK_LANGUAGES" value="__sardonyx__ c c++ clojure cplusplus cpp default generic go groovy java node_js php pure_java python ruby scala" />
    <property name="test.name" value="ptolemy.actor.lib.test.junit.JUnitTclTest" />
    <property name="env.APT_KEY_DONT_WARN_ON_DANGEROUS_USAGE" value="1" />
    <property name="sun.java.launcher" value="SUN_STANDARD" />
    <property name="env.PYTHON_CONFIGURE_OPTS" value="--enable-unicode=ucs4 --with-wide-unicode --enable-shared --enable-ipv6 --enable-loadable-sqlite-extensions --with-computed-gotos" />
    <property name="ant.core.lib" value="/home/travis/build/icyphy/ptII/ant/lib/ant.jar" />
    <property name="java.vm.specification.vendor" value="Oracle Corporation" />
    <property name="env.BCVTB_HOME" value="/home/travis/build/icyphy/ptII/lbnl" />
    <property name="file.separator" value="/" />
    <property name="spotbugs.home" value="/home/travis/build/icyphy/ptII/vendors/spotbugs-3.1.1" />
    <property name="java.runtime.version" value="11.0.2+9" />
    <property name="env.ANSI_CLEAR" value="\033[0K" />
    <property name="javafx.verbose" value="true" />
    <property name="env.HAS_JOSH_K_SEAL_OF_APPROVAL" value="true" />
    <property name="env.XDG_RUNTIME_DIR" value="/run/user/2000" />
    <property name="env.TRAVIS_OSX_IMAGE" value="" />
    <property name="env.TRAVIS_JOB_ID" value="633623764" />
    <property name="env.TRAVIS_BRANCH" value="master" />
    <property name="user.country" value="US" />
    <property name="env.CERTI_HOME_TRAVIS" value="/home/travis/pthla/certi-tools" />
    <property name="env.SHELL" value="/bin/bash" />
    <property name="java.maxmemory.large" value="3200m" />
    <property name="model" value="" />
    <property name="env.CASHER_DIR" value="/home/travis/.casher" />
    <property name="env.NVM_CD_FLAGS" value="" />
    <property name="java.vendor.version" value="18.9" />
    <property name="jshint.executable" value="/home/travis/node_modules/jshint/bin/jshint" />
    <property name="env.JRUBY_OPTS" value=" --client -J-XX:+TieredCompilation -J-XX:TieredStopAtLevel=1 -J-Xss2m -Xcompile.invokedynamic=false" />
    <property name="java.vendor" value="Oracle Corporation" />
    <property name="env.TRAVIS_PRE_CHEF_BOOTSTRAP_TIME" value="2019-03-25T16:16:42" />
    <property name="env.TRAVIS_STACK_JOB_BOARD_REGISTER" value="/.job-board-register.yml" />
    <property name="env.ANSI_RED" value="\033[31;1m" />
    <property name="java.specification.version" value="11" />
    <property name="env.IRBRC" value="/home/travis/.rvm/rubies/ruby-2.5.3/.irbrc" />
    <property name="env.TRAVIS" value="true" />
    <property name="sun.arch.data.model" value="64" />
  </properties>
  <testcase classname="ptolemy.util.test.junit.TclTests" name="[0] /home/travis/build/icyphy/ptII/ptolemy/actor/lib/test/AbsoluteValue.tcl (RunTclFile)" time="0.41" />
  <testcase classname="ptolemy.util.test.junit.TclTests" name="[1] /home/travis/build/icyphy/ptII/ptolemy/actor/lib/test/AddSubtract.tcl (RunTclFile)" time="0.095" />
  <testcase classname="ptolemy.util.test.junit.TclTests" name="[2] /home/travis/build/icyphy/ptII/ptolemy/actor/lib/test/Average.tcl (RunTclFile)" time="0.06" />
  <testcase classname="ptolemy.util.test.junit.TclTests" name="[3] /home/travis/build/icyphy/ptII/ptolemy/actor/lib/test/Bernoulli.tcl (RunTclFile)" time="0.035" />
  <testcase classname="ptolemy.util.test.junit.TclTests" name="[4] /home/travis/build/icyphy/ptII/ptolemy/actor/lib/test/Clock.tcl (RunTclFile)" time="0.112" />
  <testcase classname="ptolemy.util.test.junit.TclTests" name="[5] /home/travis/build/icyphy/ptII/ptolemy/actor/lib/test/Commutator.tcl (RunTclFile)" time="0.147" />
  <testcase classname="ptolemy.util.test.junit.TclTests" name="[6] /home/travis/build/icyphy/ptII/ptolemy/actor/lib/test/Const.tcl (RunTclFile)" time="0.062" />
  <testcase classname="ptolemy.util.test.junit.TclTests" name="[7] /home/travis/build/icyphy/ptII/ptolemy/actor/lib/test/CurrentTime.tcl (RunTclFile)" time="0.018" />
  <testcase classname="ptolemy.util.test.junit.TclTests" name="[8] /home/travis/build/icyphy/ptII/ptolemy/actor/lib/test/DB.tcl (RunTclFile)" time="0.019" />
  <testcase classname="ptolemy.util.test.junit.TclTests" name="[9] /home/travis/build/icyphy/ptII/ptolemy/actor/lib/test/DiscreteRandomSource.tcl (RunTclFile)" time="0.037" />
  <testcase classname="ptolemy.util.test.junit.TclTests" name="[10] /home/travis/build/icyphy/ptII/ptolemy/actor/lib/test/Distributor.tcl (RunTclFile)" time="0.082" />
  <testcase classname="ptolemy.util.test.junit.TclTests" name="[11] /home/travis/build/icyphy/ptII/ptolemy/actor/lib/test/Exit.tcl (RunTclFile)" time="0.091" />
  <testcase classname="ptolemy.util.test.junit.TclTests" name="[12] /home/travis/build/icyphy/ptII/ptolemy/actor/lib/test/Expression.tcl (RunTclFile)" time="0.106" />
  <testcase classname="ptolemy.util.test.junit.TclTests" name="[13] /home/travis/build/icyphy/ptII/ptolemy/actor/lib/test/Gaussian.tcl (RunTclFile)" time="0.914" />
  <testcase classname="ptolemy.util.test.junit.TclTests" name="[14] /home/travis/build/icyphy/ptII/ptolemy/actor/lib/test/IIR.tcl (RunTclFile)" time="0.021" />
  <testcase classname="ptolemy.util.test.junit.TclTests" name="[15] /home/travis/build/icyphy/ptII/ptolemy/actor/lib/test/Interpolator.tcl (RunTclFile)" time="0.047" />
  <testcase classname="ptolemy.util.test.junit.TclTests" name="[16] /home/travis/build/icyphy/ptII/ptolemy/actor/lib/test/MathFunction.tcl (RunTclFile)" time="0.077" />
  <testcase classname="ptolemy.util.test.junit.TclTests" name="[17] /home/travis/build/icyphy/ptII/ptolemy/actor/lib/test/Maximum.tcl (RunTclFile)" time="0.04" />
  <testcase classname="ptolemy.util.test.junit.TclTests" name="[18] /home/travis/build/icyphy/ptII/ptolemy/actor/lib/test/Minimum.tcl (RunTclFile)" time="0.03" />
  <testcase classname="ptolemy.util.test.junit.TclTests" name="[19] /home/travis/build/icyphy/ptII/ptolemy/actor/lib/test/MultiplyDivide.tcl (RunTclFile)" time="0.048" />
  <testcase classname="ptolemy.util.test.junit.TclTests" name="[20] /home/travis/build/icyphy/ptII/ptolemy/actor/lib/test/OrderedMerge.tcl (RunTclFile)" time="0.1" />
  <testcase classname="ptolemy.util.test.junit.TclTests" name="[21] /home/travis/build/icyphy/ptII/ptolemy/actor/lib/test/Publisher.tcl (RunTclFile)" time="0.77" />
  <testcase classname="ptolemy.util.test.junit.TclTests" name="[22] /home/travis/build/icyphy/ptII/ptolemy/actor/lib/test/Pulse.tcl (RunTclFile)" time="0.06" />
  <testcase classname="ptolemy.util.test.junit.TclTests" name="[23] /home/travis/build/icyphy/ptII/ptolemy/actor/lib/test/Ramp.tcl (RunTclFile)" time="1.826" />
  <testcase classname="ptolemy.util.test.junit.TclTests" name="[24] /home/travis/build/icyphy/ptII/ptolemy/actor/lib/test/RampContinuous.tcl (RunTclFile)" time="0.016" />
  <testcase classname="ptolemy.util.test.junit.TclTests" name="[25] /home/travis/build/icyphy/ptII/ptolemy/actor/lib/test/RecordAssembler.tcl (RunTclFile)" time="0.014" />
  <testcase classname="ptolemy.util.test.junit.TclTests" name="[26] /home/travis/build/icyphy/ptII/ptolemy/actor/lib/test/RecordDisassembler.tcl (RunTclFile)" time="0.017" />
  <testcase classname="ptolemy.util.test.junit.TclTests" name="[27] /home/travis/build/icyphy/ptII/ptolemy/actor/lib/test/Scale.tcl (RunTclFile)" time="0.016" />
  <testcase classname="ptolemy.util.test.junit.TclTests" name="[28] /home/travis/build/icyphy/ptII/ptolemy/actor/lib/test/SequentialClock.tcl (RunTclFile)" time="0.012" />
  <testcase classname="ptolemy.util.test.junit.TclTests" name="[29] /home/travis/build/icyphy/ptII/ptolemy/actor/lib/test/SetVariable.tcl (RunTclFile)" time="0.009" />
  <testcase classname="ptolemy.util.test.junit.TclTests" name="[30] /home/travis/build/icyphy/ptII/ptolemy/actor/lib/test/Sinewave.tcl (RunTclFile)" time="0.027" />
  <testcase classname="ptolemy.util.test.junit.TclTests" name="[31] /home/travis/build/icyphy/ptII/ptolemy/actor/lib/test/SubscriptionAggregator.tcl (RunTclFile)" time="2.109" />
  <testcase classname="ptolemy.util.test.junit.TclTests" name="[32] /home/travis/build/icyphy/ptII/ptolemy/actor/lib/test/Test.tcl (RunTclFile)" time="0.122" />
  <testcase classname="ptolemy.util.test.junit.TclTests" name="[33] /home/travis/build/icyphy/ptII/ptolemy/actor/lib/test/TestExceptionHandler.tcl (RunTclFile)" time="0.012" />
  <testcase classname="ptolemy.util.test.junit.TclTests" name="[34] /home/travis/build/icyphy/ptII/ptolemy/actor/lib/test/UnionDisassembler.tcl (RunTclFile)" time="0.066" />
  <testcase classname="ptolemy.util.test.junit.TclTests" name="[35] /home/travis/build/icyphy/ptII/ptolemy/actor/lib/test/VariableClock.tcl (RunTclFile)" time="0.028" />
  <testcase classname="ptolemy.util.test.junit.AutoKnownFailedTests" name="[0] /home/travis/build/icyphy/ptII/ptolemy/actor/lib/test/auto/knownFailedTests/PublisherPortToplevelSubscriber.xml (RunModel)" time="0.02" />
  <testcase classname="ptolemy.util.test.junit.AutoKnownFailedTests" name="[1] /home/travis/build/icyphy/ptII/ptolemy/actor/lib/test/auto/knownFailedTests/PublisherSubscriberPortToplevel.xml (RunModel)" time="0.017" />
  <testcase classname="ptolemy.util.test.junit.AutoKnownFailedTests" name="[2] /home/travis/build/icyphy/ptII/ptolemy/actor/lib/test/auto/knownFailedTests/PublisherSubscriptionAggregatorPort.xml (RunModel)" time="0.016" />
  <testcase classname="ptolemy.util.test.junit.AutoKnownFailedTests" name="[3] /home/travis/build/icyphy/ptII/ptolemy/actor/lib/test/auto/knownFailedTests/sizedarray3.xml (RunModel)" time="0.02" />
  <testcase classname="ptolemy.util.test.junit.AutoNameArchTests" name="[0] ThereAreNoAutoArchTests (RunModel)" time="0.009" />
  <testcase classname="ptolemy.util.test.junit.AutoTests" name="[0] /home/travis/build/icyphy/ptII/ptolemy/actor/lib/test/auto/AbsoluteValue.xml (RunModel)" time="0.096" />
  <testcase classname="ptolemy.util.test.junit.AutoTests" name="[1] /home/travis/build/icyphy/ptII/ptolemy/actor/lib/test/auto/AbsoluteValue2.xml (RunModel)" time="0.131" />
  <testcase classname="ptolemy.util.test.junit.AutoTests" name="[2] /home/travis/build/icyphy/ptII/ptolemy/actor/lib/test/auto/Accumulator.xml (RunModel)" time="0.04" />
  <testcase classname="ptolemy.util.test.junit.AutoTests" name="[3] /home/travis/build/icyphy/ptII/ptolemy/actor/lib/test/auto/Accumulator2.xml (RunModel)" time="0.021" />
  <testcase classname="ptolemy.util.test.junit.AutoTests" name="[4] /home/travis/build/icyphy/ptII/ptolemy/actor/lib/test/auto/Accumulator3.xml (RunModel)" time="0.022" />
  <testcase classname="ptolemy.util.test.junit.AutoTests" name="[5] /home/travis/build/icyphy/ptII/ptolemy/actor/lib/test/auto/ArrayAppend.xml (RunModel)" time="0.056" />
  <testcase classname="ptolemy.util.test.junit.AutoTests" name="[6] /home/travis/build/icyphy/ptII/ptolemy/actor/lib/test/auto/ArrayAppend2.xml (RunModel)" time="0.453" />
  <testcase classname="ptolemy.util.test.junit.AutoTests" name="[7] /home/travis/build/icyphy/ptII/ptolemy/actor/lib/test/auto/ArrayAppend3.xml (RunModel)" time="0.021" />
  <testcase classname="ptolemy.util.test.junit.AutoTests" name="[8] /home/travis/build/icyphy/ptII/ptolemy/actor/lib/test/auto/ArrayAppend4.xml (RunModel)" time="0.013" />
  <testcase classname="ptolemy.util.test.junit.AutoTests" name="[9] /home/travis/build/icyphy/ptII/ptolemy/actor/lib/test/auto/ArrayAppend5.xml (RunModel)" time="0.062" />
  <testcase classname="ptolemy.util.test.junit.AutoTests" name="[10] /home/travis/build/icyphy/ptII/ptolemy/actor/lib/test/auto/ArrayAppend6.xml (RunModel)" time="0.016" />
  <testcase classname="ptolemy.util.test.junit.AutoTests" name="[11] /home/travis/build/icyphy/ptII/ptolemy/actor/lib/test/auto/ArrayAppendPerformanceTest.xml (RunModel)" time="0.054" />
  <testcase classname="ptolemy.util.test.junit.AutoTests" name="[12] /home/travis/build/icyphy/ptII/ptolemy/actor/lib/test/auto/ArrayAppendWithEmptyInput.xml (RunModel)" time="0.05" />
  <testcase classname="ptolemy.util.test.junit.AutoTests" name="[13] /home/travis/build/icyphy/ptII/ptolemy/actor/lib/test/auto/ArrayAverage.xml (RunModel)" time="0.054" />
  <testcase classname="ptolemy.util.test.junit.AutoTests" name="[14] /home/travis/build/icyphy/ptII/ptolemy/actor/lib/test/auto/ArrayContains.xml (RunModel)" time="0.018" />
  <testcase classname="ptolemy.util.test.junit.AutoTests" name="[15] /home/travis/build/icyphy/ptII/ptolemy/actor/lib/test/auto/ArrayElement.xml (RunModel)" time="0.028" />
  <testcase classname="ptolemy.util.test.junit.AutoTests" name="[16] /home/travis/build/icyphy/ptII/ptolemy/actor/lib/test/auto/ArrayElementAsMatrix.xml (RunModel)" time="0.05" />
  <testcase classname="ptolemy.util.test.junit.AutoTests" name="[17] /home/travis/build/icyphy/ptII/ptolemy/actor/lib/test/auto/ArrayElementI.xml (RunModel)" time="0.025" />
  <testcase classname="ptolemy.util.test.junit.AutoTests" name="[18] /home/travis/build/icyphy/ptII/ptolemy/actor/lib/test/auto/ArrayExtract.xml (RunModel)" time="0.038" />
  <testcase classname="ptolemy.util.test.junit.AutoTests" name="[19] /home/travis/build/icyphy/ptII/ptolemy/actor/lib/test/auto/ArrayExtract2.xml (RunModel)" time="0.013" />
  <testcase classname="ptolemy.util.test.junit.AutoTests" name="[20] /home/travis/build/icyphy/ptII/ptolemy/actor/lib/test/auto/ArrayLength.xml (RunModel)" time="0.018" />
  <testcase classname="ptolemy.util.test.junit.AutoTests" name="[21] /home/travis/build/icyphy/ptII/ptolemy/actor/lib/test/auto/ArrayLevelCrossing.xml (RunModel)" time="0.024" />
  <testcase classname="ptolemy.util.test.junit.AutoTests" name="[22] /home/travis/build/icyphy/ptII/ptolemy/actor/lib/test/auto/ArrayLevelCrossing2.xml (RunModel)" time="0.019" />
  <testcase classname="ptolemy.util.test.junit.AutoTests" name="[23] /home/travis/build/icyphy/ptII/ptolemy/actor/lib/test/auto/ArrayPeakSearch.xml (RunModel)" time="0.036" />
  <testcase classname="ptolemy.util.test.junit.AutoTests" name="[24] /home/travis/build/icyphy/ptII/ptolemy/actor/lib/test/auto/ArrayPeakSearch2.xml (RunModel)" time="0.034" />
  <testcase classname="ptolemy.util.test.junit.AutoTests" name="[25] /home/travis/build/icyphy/ptII/ptolemy/actor/lib/test/auto/ArrayPeakSearch3.xml (RunModel)" time="0.03" />
  <testcase classname="ptolemy.util.test.junit.AutoTests" name="[26] /home/travis/build/icyphy/ptII/ptolemy/actor/lib/test/auto/ArrayRemoveElement.xml (RunModel)" time="0.025" />
  <testcase classname="ptolemy.util.test.junit.AutoTests" name="[27] /home/travis/build/icyphy/ptII/ptolemy/actor/lib/test/auto/ArraySort.xml (RunModel)" time="0.045" />
  <testcase classname="ptolemy.util.test.junit.AutoTests" name="[28] /home/travis/build/icyphy/ptII/ptolemy/actor/lib/test/auto/ArraySum.xml (RunModel)" time="0.015" />
  <testcase classname="ptolemy.util.test.junit.AutoTests" name="[29] /home/travis/build/icyphy/ptII/ptolemy/actor/lib/test/auto/ArrayToElements.xml (RunModel)" time="0.028" />
  <testcase classname="ptolemy.util.test.junit.AutoTests" name="[30] /home/travis/build/icyphy/ptII/ptolemy/actor/lib/test/auto/ArrayToMatrix.xml (RunModel)" time="0.063" />
  <testcase classname="ptolemy.util.test.junit.AutoTests" name="[31] /home/travis/build/icyphy/ptII/ptolemy/actor/lib/test/auto/ArrayUpdate1.xml (RunModel)" time="0.014" />
  <testcase classname="ptolemy.util.test.junit.AutoTests" name="[32] /home/travis/build/icyphy/ptII/ptolemy/actor/lib/test/auto/ArrayUpdate2.xml (RunModel)" time="0.021" />
  <testcase classname="ptolemy.util.test.junit.AutoTests" name="[33] /home/travis/build/icyphy/ptII/ptolemy/actor/lib/test/auto/ArrayUpdate3.xml (RunModel)" time="0.011" />
  <testcase classname="ptolemy.util.test.junit.AutoTests" name="[34] /home/travis/build/icyphy/ptII/ptolemy/actor/lib/test/auto/Assert1.xml (RunModel)" time="0.018" />
  <testcase classname="ptolemy.util.test.junit.AutoTests" name="[35] /home/travis/build/icyphy/ptII/ptolemy/actor/lib/test/auto/Assert2.xml (RunModel)" time="0.011" />
  <testcase classname="ptolemy.util.test.junit.AutoTests" name="[36] /home/travis/build/icyphy/ptII/ptolemy/actor/lib/test/auto/BooleanMultiplexor.xml (RunModel)" time="0.012" />
  <testcase classname="ptolemy.util.test.junit.AutoTests" name="[37] /home/travis/build/icyphy/ptII/ptolemy/actor/lib/test/auto/BooleanMultiplexor2.xml (RunModel)" time="0.023" />
  <testcase classname="ptolemy.util.test.junit.AutoTests" name="[38] /home/travis/build/icyphy/ptII/ptolemy/actor/lib/test/auto/BooleanMultiplexor3.xml (RunModel)" time="0.018" />
  <testcase classname="ptolemy.util.test.junit.AutoTests" name="[39] /home/travis/build/icyphy/ptII/ptolemy/actor/lib/test/auto/BooleanSelect.xml (RunModel)" time="0.021" />
  <testcase classname="ptolemy.util.test.junit.AutoTests" name="[40] /home/travis/build/icyphy/ptII/ptolemy/actor/lib/test/auto/BooleanSelect2.xml (RunModel)" time="0.013" />
  <testcase classname="ptolemy.util.test.junit.AutoTests" name="[41] /home/travis/build/icyphy/ptII/ptolemy/actor/lib/test/auto/BooleanSwitch.xml (RunModel)" time="0.017" />
  <testcase classname="ptolemy.util.test.junit.AutoTests" name="[42] /home/travis/build/icyphy/ptII/ptolemy/actor/lib/test/auto/BooleanSwitch2.xml (RunModel)" time="0.012" />
  <testcase classname="ptolemy.util.test.junit.AutoTests" name="[43] /home/travis/build/icyphy/ptII/ptolemy/actor/lib/test/auto/BooleanSwitchCloningBugWithClassRelationGroup.xml (RunModel)" time="0.022" />
  <testcase classname="ptolemy.util.test.junit.AutoTests" name="[44] /home/travis/build/icyphy/ptII/ptolemy/actor/lib/test/auto/BusActors.xml (RunModel)" time="0.031" />
  <testcase classname="ptolemy.util.test.junit.AutoTests" name="[45] /home/travis/build/icyphy/ptII/ptolemy/actor/lib/test/auto/ClassWrapper.xml (RunModel)" time="0.023" />
  <testcase classname="ptolemy.util.test.junit.AutoTests" name="[46] /home/travis/build/icyphy/ptII/ptolemy/actor/lib/test/auto/Clock.xml (RunModel)" time="0.008" />
  <testcase classname="ptolemy.util.test.junit.AutoTests" name="[47] /home/travis/build/icyphy/ptII/ptolemy/actor/lib/test/auto/Clock10.xml (RunModel)" time="0.014" />
  <testcase classname="ptolemy.util.test.junit.AutoTests" name="[48] /home/travis/build/icyphy/ptII/ptolemy/actor/lib/test/auto/Clock11.xml (RunModel)" time="0.013" />
  <testcase classname="ptolemy.util.test.junit.AutoTests" name="[49] /home/travis/build/icyphy/ptII/ptolemy/actor/lib/test/auto/Clock12.xml (RunModel)" time="0.018" />
  <testcase classname="ptolemy.util.test.junit.AutoTests" name="[50] /home/travis/build/icyphy/ptII/ptolemy/actor/lib/test/auto/Clock13.xml (RunModel)" time="0.014" />
  <testcase classname="ptolemy.util.test.junit.AutoTests" name="[51] /home/travis/build/icyphy/ptII/ptolemy/actor/lib/test/auto/Clock14.xml (RunModel)" time="0.014" />
  <testcase classname="ptolemy.util.test.junit.AutoTests" name="[52] /home/travis/build/icyphy/ptII/ptolemy/actor/lib/test/auto/Clock15.xml (RunModel)" time="0.01" />
  <testcase classname="ptolemy.util.test.junit.AutoTests" name="[53] /home/travis/build/icyphy/ptII/ptolemy/actor/lib/test/auto/Clock16.xml (RunModel)" time="0.097" />
  <testcase classname="ptolemy.util.test.junit.AutoTests" name="[54] /home/travis/build/icyphy/ptII/ptolemy/actor/lib/test/auto/Clock17.xml (RunModel)" time="0.048" />
  <testcase classname="ptolemy.util.test.junit.AutoTests" name="[55] /home/travis/build/icyphy/ptII/ptolemy/actor/lib/test/auto/Clock18.xml (RunModel)" time="0.057" />
  <testcase classname="ptolemy.util.test.junit.AutoTests" name="[56] /home/travis/build/icyphy/ptII/ptolemy/actor/lib/test/auto/Clock19.xml (RunModel)" time="0.036" />
  <testcase classname="ptolemy.util.test.junit.AutoTests" name="[57] /home/travis/build/icyphy/ptII/ptolemy/actor/lib/test/auto/Clock2.xml (RunModel)" time="0.012" />
  <testcase classname="ptolemy.util.test.junit.AutoTests" name="[58] /home/travis/build/icyphy/ptII/ptolemy/actor/lib/test/auto/Clock20.xml (RunModel)" time="0.019" />
  <testcase classname="ptolemy.util.test.junit.AutoTests" name="[59] /home/travis/build/icyphy/ptII/ptolemy/actor/lib/test/auto/Clock21.xml (RunModel)" time="0.014" />
  <testcase classname="ptolemy.util.test.junit.AutoTests" name="[60] /home/travis/build/icyphy/ptII/ptolemy/actor/lib/test/auto/Clock22.xml (RunModel)" time="0.013" />
  <testcase classname="ptolemy.util.test.junit.AutoTests" name="[61] /home/travis/build/icyphy/ptII/ptolemy/actor/lib/test/auto/Clock23.xml (RunModel)" time="0.017" />
  <testcase classname="ptolemy.util.test.junit.AutoTests" name="[62] /home/travis/build/icyphy/ptII/ptolemy/actor/lib/test/auto/Clock24.xml (RunModel)" time="0.013" />
  <testcase classname="ptolemy.util.test.junit.AutoTests" name="[63] /home/travis/build/icyphy/ptII/ptolemy/actor/lib/test/auto/Clock4.xml (RunModel)" time="0.011" />
  <testcase classname="ptolemy.util.test.junit.AutoTests" name="[64] /home/travis/build/icyphy/ptII/ptolemy/actor/lib/test/auto/Clock5.xml (RunModel)" time="0.01" />
  <testcase classname="ptolemy.util.test.junit.AutoTests" name="[65] /home/travis/build/icyphy/ptII/ptolemy/actor/lib/test/auto/Clock6.xml (RunModel)" time="0.011" />
  <testcase classname="ptolemy.util.test.junit.AutoTests" name="[66] /home/travis/build/icyphy/ptII/ptolemy/actor/lib/test/auto/Clock7.xml (RunModel)" time="0.007" />
  <testcase classname="ptolemy.util.test.junit.AutoTests" name="[67] /home/travis/build/icyphy/ptII/ptolemy/actor/lib/test/auto/Clock8.xml (RunModel)" time="0.014" />
  <testcase classname="ptolemy.util.test.junit.AutoTests" name="[68] /home/travis/build/icyphy/ptII/ptolemy/actor/lib/test/auto/Clock9.xml (RunModel)" time="0.012" />
  <testcase classname="ptolemy.util.test.junit.AutoTests" name="[69] /home/travis/build/icyphy/ptII/ptolemy/actor/lib/test/auto/CommDistDiscard.xml (RunModel)" time="0.018" />
  <testcase classname="ptolemy.util.test.junit.AutoTests" name="[70] /home/travis/build/icyphy/ptII/ptolemy/actor/lib/test/auto/Commutator.xml (RunModel)" time="0.013" />
  <testcase classname="ptolemy.util.test.junit.AutoTests" name="[71] /home/travis/build/icyphy/ptII/ptolemy/actor/lib/test/auto/Commutator2.xml (RunModel)" time="0.008" />
  <testcase classname="ptolemy.util.test.junit.AutoTests" name="[72] /home/travis/build/icyphy/ptII/ptolemy/actor/lib/test/auto/Commutator3.xml (RunModel)" time="0.01" />
  <testcase classname="ptolemy.util.test.junit.AutoTests" name="[73] /home/travis/build/icyphy/ptII/ptolemy/actor/lib/test/auto/Compare.xml (RunModel)" time="0.018" />
  <testcase classname="ptolemy.util.test.junit.AutoTests" name="[74] /home/travis/build/icyphy/ptII/ptolemy/actor/lib/test/auto/CompareDE.xml (RunModel)" time="0.015" />
  <testcase classname="ptolemy.util.test.junit.AutoTests" name="[75] /home/travis/build/icyphy/ptII/ptolemy/actor/lib/test/auto/ComplexDivide.xml (RunModel)" time="0.007" />
  <testcase classname="ptolemy.util.test.junit.AutoTests" name="[76] /home/travis/build/icyphy/ptII/ptolemy/actor/lib/test/auto/ComputeHistogram.xml (RunModel)" time="0.064" />
  <testcase classname="ptolemy.util.test.junit.AutoTests" name="[77] /home/travis/build/icyphy/ptII/ptolemy/actor/lib/test/auto/ConfigurationSelect.xml (RunModel)" time="0.026" />
  <testcase classname="ptolemy.util.test.junit.AutoTests" name="[78] /home/travis/build/icyphy/ptII/ptolemy/actor/lib/test/auto/ConfigurationSelect2.xml (RunModel)" time="0.011" />
  <testcase classname="ptolemy.util.test.junit.AutoTests" name="[79] /home/travis/build/icyphy/ptII/ptolemy/actor/lib/test/auto/ConfigurationSwitch.xml (RunModel)" time="0.023" />
  <testcase classname="ptolemy.util.test.junit.AutoTests" name="[80] /home/travis/build/icyphy/ptII/ptolemy/actor/lib/test/auto/ConfigurationSwitch2.xml (RunModel)" time="0.016" />
  <testcase classname="ptolemy.util.test.junit.AutoTests" name="[81] /home/travis/build/icyphy/ptII/ptolemy/actor/lib/test/auto/ConfigurationSwitchCloningBugWithClassRelationGroup.xml (RunModel)" time="0.015" />
  <testcase classname="ptolemy.util.test.junit.AutoTests" name="[82] /home/travis/build/icyphy/ptII/ptolemy/actor/lib/test/auto/ConfigurationSwitchSelectSDF.xml (RunModel)" time="0.012" />
  <testcase classname="ptolemy.util.test.junit.AutoTests" name="[83] /home/travis/build/icyphy/ptII/ptolemy/actor/lib/test/auto/ConfigurationSwitchSelectSDF2.xml (RunModel)" time="0.011" />
  <testcase classname="ptolemy.util.test.junit.AutoTests" name="[84] /home/travis/build/icyphy/ptII/ptolemy/actor/lib/test/auto/Const.xml (RunModel)" time="0.005" />
  <testcase classname="ptolemy.util.test.junit.AutoTests" name="[85] /home/travis/build/icyphy/ptII/ptolemy/actor/lib/test/auto/Const2.xml (RunModel)" time="0.012" />
  <testcase classname="ptolemy.util.test.junit.AutoTests" name="[86] /home/travis/build/icyphy/ptII/ptolemy/actor/lib/test/auto/Const3.xml (RunModel)" time="0.006" />
  <testcase classname="ptolemy.util.test.junit.AutoTests" name="[87] /home/travis/build/icyphy/ptII/ptolemy/actor/lib/test/auto/ConstantPublisherPort1.xml (RunModel)" time="0.017" />
  <testcase classname="ptolemy.util.test.junit.AutoTests" name="[88] /home/travis/build/icyphy/ptII/ptolemy/actor/lib/test/auto/ConstantPublisherPort2.xml (RunModel)" time="0.018" />
  <testcase classname="ptolemy.util.test.junit.AutoTests" name="[89] /home/travis/build/icyphy/ptII/ptolemy/actor/lib/test/auto/ConstantPublisherPort3.xml (RunModel)" time="0.024" />
  <testcase classname="ptolemy.util.test.junit.AutoTests" name="[90] /home/travis/build/icyphy/ptII/ptolemy/actor/lib/test/auto/ConstantPublisherPort4.xml (RunModel)" time="0.019" />
  <testcase classname="ptolemy.util.test.junit.AutoTests" name="[91] /home/travis/build/icyphy/ptII/ptolemy/actor/lib/test/auto/ConstantPublisherPort5.xml (RunModel)" time="0.038" />
  <testcase classname="ptolemy.util.test.junit.AutoTests" name="[92] /home/travis/build/icyphy/ptII/ptolemy/actor/lib/test/auto/ConstantPublisherPort6.xml (RunModel)" time="0.029" />
  <testcase classname="ptolemy.util.test.junit.AutoTests" name="[93] /home/travis/build/icyphy/ptII/ptolemy/actor/lib/test/auto/ConstantPublisherPort7.xml (RunModel)" time="0.03" />
  <testcase classname="ptolemy.util.test.junit.AutoTests" name="[94] /home/travis/build/icyphy/ptII/ptolemy/actor/lib/test/auto/ConstraintMonitor1.xml (RunModel)" time="0.034" />
  <testcase classname="ptolemy.util.test.junit.AutoTests" name="[95] /home/travis/build/icyphy/ptII/ptolemy/actor/lib/test/auto/ConstraintMonitor2.xml (RunModel)" time="0.013" />
  <testcase classname="ptolemy.util.test.junit.AutoTests" name="[96] /home/travis/build/icyphy/ptII/ptolemy/actor/lib/test/auto/ConstraintMonitor3.xml (RunModel)" time="0.01" />
  <testcase classname="ptolemy.util.test.junit.AutoTests" name="[97] /home/travis/build/icyphy/ptII/ptolemy/actor/lib/test/auto/ConstraintMonitor4.xml (RunModel)" time="0.012" />
  <testcase classname="ptolemy.util.test.junit.AutoTests" name="[98] /home/travis/build/icyphy/ptII/ptolemy/actor/lib/test/auto/ConstraintMonitor5.xml (RunModel)" time="0.012" />
  <testcase classname="ptolemy.util.test.junit.AutoTests" name="[99] /home/travis/build/icyphy/ptII/ptolemy/actor/lib/test/auto/ConstraintMonitor6.xml (RunModel)" time="0.013" />
  <testcase classname="ptolemy.util.test.junit.AutoTests" name="[100] /home/travis/build/icyphy/ptII/ptolemy/actor/lib/test/auto/ConstraintMonitor7.xml (RunModel)" time="0.018" />
  <testcase classname="ptolemy.util.test.junit.AutoTests" name="[101] /home/travis/build/icyphy/ptII/ptolemy/actor/lib/test/auto/ConstraintMonitor8.xml (RunModel)" time="0.015" />
  <testcase classname="ptolemy.util.test.junit.AutoTests" name="[102] /home/travis/build/icyphy/ptII/ptolemy/actor/lib/test/auto/Counter.xml (RunModel)" time="0.013" />
  <testcase classname="ptolemy.util.test.junit.AutoTests" name="[103] /home/travis/build/icyphy/ptII/ptolemy/actor/lib/test/auto/CurrentTimeSDF.xml (RunModel)" time="0.007" />
  <testcase classname="ptolemy.util.test.junit.AutoTests" name="[104] /home/travis/build/icyphy/ptII/ptolemy/actor/lib/test/auto/DB.xml (RunModel)" time="0.01" />
  <testcase classname="ptolemy.util.test.junit.AutoTests" name="[105] /home/travis/build/icyphy/ptII/ptolemy/actor/lib/test/auto/DBDE.xml (RunModel)" time="0.022" />
  <testcase classname="ptolemy.util.test.junit.AutoTests" name="[106] /home/travis/build/icyphy/ptII/ptolemy/actor/lib/test/auto/DateConstructor.xml (RunModel)" time="0.064" />
  <testcase classname="ptolemy.util.test.junit.AutoTests" name="[107] /home/travis/build/icyphy/ptII/ptolemy/actor/lib/test/auto/DelayTime.xml (RunModel)" time="0.014" />
  <testcase classname="ptolemy.util.test.junit.AutoTests" name="[108] /home/travis/build/icyphy/ptII/ptolemy/actor/lib/test/auto/Dictionary1.xml (RunModel)" time="0.022" />
  <testcase classname="ptolemy.util.test.junit.AutoTests" name="[109] /home/travis/build/icyphy/ptII/ptolemy/actor/lib/test/auto/Dictionary2.xml (RunModel)" time="0.016" />
  <testcase classname="ptolemy.util.test.junit.AutoTests" name="[110] /home/travis/build/icyphy/ptII/ptolemy/actor/lib/test/auto/Dictionary3.xml (RunModel)" time="0.01" />
  <testcase classname="ptolemy.util.test.junit.AutoTests" name="[111] /home/travis/build/icyphy/ptII/ptolemy/actor/lib/test/auto/Dictionary4.xml (RunModel)" time="0.017" />
  <testcase classname="ptolemy.util.test.junit.AutoTests" name="[112] /home/travis/build/icyphy/ptII/ptolemy/actor/lib/test/auto/Differential.xml (RunModel)" time="0.019" />
  <testcase classname="ptolemy.util.test.junit.AutoTests" name="[113] /home/travis/build/icyphy/ptII/ptolemy/actor/lib/test/auto/Director.xml (RunModel)" time="0.01" />
  <testcase classname="ptolemy.util.test.junit.AutoTests" name="[114] /home/travis/build/icyphy/ptII/ptolemy/actor/lib/test/auto/DiscreteClock.xml (RunModel)" time="0.007" />
  <testcase classname="ptolemy.util.test.junit.AutoTests" name="[115] /home/travis/build/icyphy/ptII/ptolemy/actor/lib/test/auto/DiscreteClock10.xml (RunModel)" time="0.011" />
  <testcase classname="ptolemy.util.test.junit.AutoTests" name="[116] /home/travis/build/icyphy/ptII/ptolemy/actor/lib/test/auto/DiscreteClock11.xml (RunModel)" time="0.01" />
  <testcase classname="ptolemy.util.test.junit.AutoTests" name="[117] /home/travis/build/icyphy/ptII/ptolemy/actor/lib/test/auto/DiscreteClock12.xml (RunModel)" time="0.011" />
  <testcase classname="ptolemy.util.test.junit.AutoTests" name="[118] /home/travis/build/icyphy/ptII/ptolemy/actor/lib/test/auto/DiscreteClock13.xml (RunModel)" time="0.013" />
  <testcase classname="ptolemy.util.test.junit.AutoTests" name="[119] /home/travis/build/icyphy/ptII/ptolemy/actor/lib/test/auto/DiscreteClock14.xml (RunModel)" time="0.011" />
  <testcase classname="ptolemy.util.test.junit.AutoTests" name="[120] /home/travis/build/icyphy/ptII/ptolemy/actor/lib/test/auto/DiscreteClock15.xml (RunModel)" time="0.009" />
  <testcase classname="ptolemy.util.test.junit.AutoTests" name="[121] /home/travis/build/icyphy/ptII/ptolemy/actor/lib/test/auto/DiscreteClock16.xml (RunModel)" time="0.036" />
  <testcase classname="ptolemy.util.test.junit.AutoTests" name="[122] /home/travis/build/icyphy/ptII/ptolemy/actor/lib/test/auto/DiscreteClock17.xml (RunModel)" time="0.039" />
  <testcase classname="ptolemy.util.test.junit.AutoTests" name="[123] /home/travis/build/icyphy/ptII/ptolemy/actor/lib/test/auto/DiscreteClock18.xml (RunModel)" time="0.041" />
  <testcase classname="ptolemy.util.test.junit.AutoTests" name="[124] /home/travis/build/icyphy/ptII/ptolemy/actor/lib/test/auto/DiscreteClock19.xml (RunModel)" time="0.046" />
  <testcase classname="ptolemy.util.test.junit.AutoTests" name="[125] /home/travis/build/icyphy/ptII/ptolemy/actor/lib/test/auto/DiscreteClock2.xml (RunModel)" time="0.008" />
  <testcase classname="ptolemy.util.test.junit.AutoTests" name="[126] /home/travis/build/icyphy/ptII/ptolemy/actor/lib/test/auto/DiscreteClock20.xml (RunModel)" time="0.019" />
  <testcase classname="ptolemy.util.test.junit.AutoTests" name="[127] /home/travis/build/icyphy/ptII/ptolemy/actor/lib/test/auto/DiscreteClock21.xml (RunModel)" time="0.013" />
  <testcase classname="ptolemy.util.test.junit.AutoTests" name="[128] /home/travis/build/icyphy/ptII/ptolemy/actor/lib/test/auto/DiscreteClock22.xml (RunModel)" time="0.012" />
  <testcase classname="ptolemy.util.test.junit.AutoTests" name="[129] /home/travis/build/icyphy/ptII/ptolemy/actor/lib/test/auto/DiscreteClock23.xml (RunModel)" time="0.019" />
  <testcase classname="ptolemy.util.test.junit.AutoTests" name="[130] /home/travis/build/icyphy/ptII/ptolemy/actor/lib/test/auto/DiscreteClock24.xml (RunModel)" time="0.012" />
  <testcase classname="ptolemy.util.test.junit.AutoTests" name="[131] /home/travis/build/icyphy/ptII/ptolemy/actor/lib/test/auto/DiscreteClock4.xml (RunModel)" time="0.011" />
  <testcase classname="ptolemy.util.test.junit.AutoTests" name="[132] /home/travis/build/icyphy/ptII/ptolemy/actor/lib/test/auto/DiscreteClock5.xml (RunModel)" time="0.008" />
  <testcase classname="ptolemy.util.test.junit.AutoTests" name="[133] /home/travis/build/icyphy/ptII/ptolemy/actor/lib/test/auto/DiscreteClock6.xml (RunModel)" time="0.009" />
  <testcase classname="ptolemy.util.test.junit.AutoTests" name="[134] /home/travis/build/icyphy/ptII/ptolemy/actor/lib/test/auto/DiscreteClock7.xml (RunModel)" time="0.008" />
  <testcase classname="ptolemy.util.test.junit.AutoTests" name="[135] /home/travis/build/icyphy/ptII/ptolemy/actor/lib/test/auto/DiscreteClock8.xml (RunModel)" time="0.016" />
  <testcase classname="ptolemy.util.test.junit.AutoTests" name="[136] /home/travis/build/icyphy/ptII/ptolemy/actor/lib/test/auto/DiscreteClock9.xml (RunModel)" time="0.012" />
  <testcase classname="ptolemy.util.test.junit.AutoTests" name="[137] /home/travis/build/icyphy/ptII/ptolemy/actor/lib/test/auto/DisplayArray.xml (RunModel)" time="0.008" />
  <testcase classname="ptolemy.util.test.junit.AutoTests" name="[138] /home/travis/build/icyphy/ptII/ptolemy/actor/lib/test/auto/Distributor.xml (RunModel)" time="0.007" />
  <testcase classname="ptolemy.util.test.junit.AutoTests" name="[139] /home/travis/build/icyphy/ptII/ptolemy/actor/lib/test/auto/Distributor2.xml (RunModel)" time="0.014" />
  <testcase classname="ptolemy.util.test.junit.AutoTests" name="[140] /home/travis/build/icyphy/ptII/ptolemy/actor/lib/test/auto/DownSample.xml (RunModel)" time="0.007" />
  <testcase classname="ptolemy.util.test.junit.AutoTests" name="[141] /home/travis/build/icyphy/ptII/ptolemy/actor/lib/test/auto/ElectronicUnitBase1.xml (RunModel)" time="0.053" />
  <testcase classname="ptolemy.util.test.junit.AutoTests" name="[142] /home/travis/build/icyphy/ptII/ptolemy/actor/lib/test/auto/ElementsToArray.xml (RunModel)" time="0.015" />
  <testcase classname="ptolemy.util.test.junit.AutoTests" name="[143] /home/travis/build/icyphy/ptII/ptolemy/actor/lib/test/auto/Equals.xml (RunModel)" time="0.012" />
  <testcase classname="ptolemy.util.test.junit.AutoTests" name="[144] /home/travis/build/icyphy/ptII/ptolemy/actor/lib/test/auto/Exec.xml (RunModel)" time="0.026" />
  <testcase classname="ptolemy.util.test.junit.AutoTests" name="[145] /home/travis/build/icyphy/ptII/ptolemy/actor/lib/test/auto/ExecEnvironment.xml (RunModel)" time="0.035" />
  <testcase classname="ptolemy.util.test.junit.AutoTests" name="[146] /home/travis/build/icyphy/ptII/ptolemy/actor/lib/test/auto/ExecNonZeroReturnOutput.xml (RunModel)" time="0.169" />
  <testcase classname="ptolemy.util.test.junit.AutoTests" name="[147] /home/travis/build/icyphy/ptII/ptolemy/actor/lib/test/auto/ExecRunDemos.xml (RunModel)" time="10.244" />
  <testcase classname="ptolemy.util.test.junit.AutoTests" name="[148] /home/travis/build/icyphy/ptII/ptolemy/actor/lib/test/auto/ExecStop.xml (RunModel)" time="5.036" />
  <testcase classname="ptolemy.util.test.junit.AutoTests" name="[149] /home/travis/build/icyphy/ptII/ptolemy/actor/lib/test/auto/ExecutionTimeSDF.xml (RunModel)" time="6.027" />
  <testcase classname="ptolemy.util.test.junit.AutoTests" name="[150] /home/travis/build/icyphy/ptII/ptolemy/actor/lib/test/auto/Expression1.xml (RunModel)" time="0.009" />
  <testcase classname="ptolemy.util.test.junit.AutoTests" name="[151] /home/travis/build/icyphy/ptII/ptolemy/actor/lib/test/auto/Expression10.xml (RunModel)" time="0.025" />
  <testcase classname="ptolemy.util.test.junit.AutoTests" name="[152] /home/travis/build/icyphy/ptII/ptolemy/actor/lib/test/auto/Expression11.xml (RunModel)" time="0.013" />
  <testcase classname="ptolemy.util.test.junit.AutoTests" name="[153] /home/travis/build/icyphy/ptII/ptolemy/actor/lib/test/auto/Expression12.xml (RunModel)" time="0.011" />
  <testcase classname="ptolemy.util.test.junit.AutoTests" name="[154] /home/travis/build/icyphy/ptII/ptolemy/actor/lib/test/auto/Expression13.xml (RunModel)" time="0.014" />
  <testcase classname="ptolemy.util.test.junit.AutoTests" name="[155] /home/travis/build/icyphy/ptII/ptolemy/actor/lib/test/auto/Expression14.xml (RunModel)" time="0.013" />
  <testcase classname="ptolemy.util.test.junit.AutoTests" name="[156] /home/travis/build/icyphy/ptII/ptolemy/actor/lib/test/auto/Expression15.xml (RunModel)" time="0.006" />
  <testcase classname="ptolemy.util.test.junit.AutoTests" name="[157] /home/travis/build/icyphy/ptII/ptolemy/actor/lib/test/auto/Expression16.xml (RunModel)" time="0.01" />
  <testcase classname="ptolemy.util.test.junit.AutoTests" name="[158] /home/travis/build/icyphy/ptII/ptolemy/actor/lib/test/auto/Expression17.xml (RunModel)" time="0.008" />
  <testcase classname="ptolemy.util.test.junit.AutoTests" name="[159] /home/travis/build/icyphy/ptII/ptolemy/actor/lib/test/auto/Expression18.xml (RunModel)" time="0.013" />
  <testcase classname="ptolemy.util.test.junit.AutoTests" name="[160] /home/travis/build/icyphy/ptII/ptolemy/actor/lib/test/auto/Expression2.xml (RunModel)" time="0.016" />
  <testcase classname="ptolemy.util.test.junit.AutoTests" name="[161] /home/travis/build/icyphy/ptII/ptolemy/actor/lib/test/auto/Expression3.xml (RunModel)" time="0.014" />
  <testcase classname="ptolemy.util.test.junit.AutoTests" name="[162] /home/travis/build/icyphy/ptII/ptolemy/actor/lib/test/auto/Expression4.xml (RunModel)" time="0.018" />
  <testcase classname="ptolemy.util.test.junit.AutoTests" name="[163] /home/travis/build/icyphy/ptII/ptolemy/actor/lib/test/auto/Expression5.xml (RunModel)" time="0.011" />
  <testcase classname="ptolemy.util.test.junit.AutoTests" name="[164] /home/travis/build/icyphy/ptII/ptolemy/actor/lib/test/auto/Expression6.xml (RunModel)" time="0.008" />
  <testcase classname="ptolemy.util.test.junit.AutoTests" name="[165] /home/travis/build/icyphy/ptII/ptolemy/actor/lib/test/auto/Expression7.xml (RunModel)" time="0.011" />
  <testcase classname="ptolemy.util.test.junit.AutoTests" name="[166] /home/travis/build/icyphy/ptII/ptolemy/actor/lib/test/auto/Expression8.xml (RunModel)" time="0.013" />
  <testcase classname="ptolemy.util.test.junit.AutoTests" name="[167] /home/travis/build/icyphy/ptII/ptolemy/actor/lib/test/auto/Expression9.xml (RunModel)" time="0.011" />
  <testcase classname="ptolemy.util.test.junit.AutoTests" name="[168] /home/travis/build/icyphy/ptII/ptolemy/actor/lib/test/auto/ExpressionConcatenateArrayType.xml (RunModel)" time="0.031" />
  <testcase classname="ptolemy.util.test.junit.AutoTests" name="[169] /home/travis/build/icyphy/ptII/ptolemy/actor/lib/test/auto/ExpressionConcatenateArrayType2.xml (RunModel)" time="0.019" />
  <testcase classname="ptolemy.util.test.junit.AutoTests" name="[170] /home/travis/build/icyphy/ptII/ptolemy/actor/lib/test/auto/ExpressionFix.xml (RunModel)" time="0.044" />
  <testcase classname="ptolemy.util.test.junit.AutoTests" name="[171] /home/travis/build/icyphy/ptII/ptolemy/actor/lib/test/auto/ExpressionFix2.xml (RunModel)" time="0.009" />
  <testcase classname="ptolemy.util.test.junit.AutoTests" name="[172] /home/travis/build/icyphy/ptII/ptolemy/actor/lib/test/auto/ExpressionFix3.xml (RunModel)" time="0.012" />
  <testcase classname="ptolemy.util.test.junit.AutoTests" name="[173] /home/travis/build/icyphy/ptII/ptolemy/actor/lib/test/auto/FileWriter1.xml (RunModel)" time="0.008" />
  <testcase classname="ptolemy.util.test.junit.AutoTests" name="[174] /home/travis/build/icyphy/ptII/ptolemy/actor/lib/test/auto/FileWriter2.xml (RunModel)" time="0.007" />
  <testcase classname="ptolemy.util.test.junit.AutoTests" name="[175] /home/travis/build/icyphy/ptII/ptolemy/actor/lib/test/auto/FileWriter3.xml (RunModel)" time="0.014" />
  <testcase classname="ptolemy.util.test.junit.AutoTests" name="[176] /home/travis/build/icyphy/ptII/ptolemy/actor/lib/test/auto/Gaussian.xml (RunModel)" time="0.009" />
  <testcase classname="ptolemy.util.test.junit.AutoTests" name="[177] /home/travis/build/icyphy/ptII/ptolemy/actor/lib/test/auto/Gaussian1.xml (RunModel)" time="0.011" />
  <testcase classname="ptolemy.util.test.junit.AutoTests" name="[178] /home/travis/build/icyphy/ptII/ptolemy/actor/lib/test/auto/Gaussian2.xml (RunModel)" time="0.021" />
  <testcase classname="ptolemy.util.test.junit.AutoTests" name="[179] /home/travis/build/icyphy/ptII/ptolemy/actor/lib/test/auto/GradientAdaptiveLattice.xml (RunModel)" time="0.018" />
  <testcase classname="ptolemy.util.test.junit.AutoTests" name="[180] /home/travis/build/icyphy/ptII/ptolemy/actor/lib/test/auto/IIR.xml (RunModel)" time="0.009" />
  <testcase classname="ptolemy.util.test.junit.AutoTests" name="[181] /home/travis/build/icyphy/ptII/ptolemy/actor/lib/test/auto/InputOutputTransparentPorts.xml (RunModel)" time="0.015" />
  <testcase classname="ptolemy.util.test.junit.AutoTests" name="[182] /home/travis/build/icyphy/ptII/ptolemy/actor/lib/test/auto/Interpolator.xml (RunModel)" time="0.012" />
  <testcase classname="ptolemy.util.test.junit.AutoTests" name="[183] /home/travis/build/icyphy/ptII/ptolemy/actor/lib/test/auto/InterpolatorFiringLimitDE.xml (RunModel)" time="0.013" />
  <testcase classname="ptolemy.util.test.junit.AutoTests" name="[184] /home/travis/build/icyphy/ptII/ptolemy/actor/lib/test/auto/Lattice.xml (RunModel)" time="0.008" />
  <testcase classname="ptolemy.util.test.junit.AutoTests" name="[185] /home/travis/build/icyphy/ptII/ptolemy/actor/lib/test/auto/LazyAOCTestLazy.xml (RunModel)" time="0.027" />
  <testcase classname="ptolemy.util.test.junit.AutoTests" name="[186] /home/travis/build/icyphy/ptII/ptolemy/actor/lib/test/auto/LazyAOCTestNonLazy.xml (RunModel)" time="0.049" />
  <testcase classname="ptolemy.util.test.junit.AutoTests" name="[187] /home/travis/build/icyphy/ptII/ptolemy/actor/lib/test/auto/LazyInnerClass.xml (RunModel)" time="0.05" />
  <testcase classname="ptolemy.util.test.junit.AutoTests" name="[188] /home/travis/build/icyphy/ptII/ptolemy/actor/lib/test/auto/LazyPubSub.xml (RunModel)" time="0.057" />
  <testcase classname="ptolemy.util.test.junit.AutoTests" name="[189] /home/travis/build/icyphy/ptII/ptolemy/actor/lib/test/auto/LazyPubSub2.xml (RunModel)" time="0.031" />
  <testcase classname="ptolemy.util.test.junit.AutoTests" name="[190] /home/travis/build/icyphy/ptII/ptolemy/actor/lib/test/auto/LazyPubSub3.xml (RunModel)" time="0.027" />
  <testcase classname="ptolemy.util.test.junit.AutoTests" name="[191] /home/travis/build/icyphy/ptII/ptolemy/actor/lib/test/auto/LazySubClassModel.xml (RunModel)" time="0.02" />
  <testcase classname="ptolemy.util.test.junit.AutoTests" name="[192] /home/travis/build/icyphy/ptII/ptolemy/actor/lib/test/auto/LevelCrossTest1.xml (RunModel)" time="0.013" />
  <testcase classname="ptolemy.util.test.junit.AutoTests" name="[193] /home/travis/build/icyphy/ptII/ptolemy/actor/lib/test/auto/LevelCrossTest10.xml (RunModel)" time="0.013" />
  <testcase classname="ptolemy.util.test.junit.AutoTests" name="[194] /home/travis/build/icyphy/ptII/ptolemy/actor/lib/test/auto/LevelCrossTest11.xml (RunModel)" time="0.015" />
  <testcase classname="ptolemy.util.test.junit.AutoTests" name="[195] /home/travis/build/icyphy/ptII/ptolemy/actor/lib/test/auto/LevelCrossTest12.xml (RunModel)" time="0.014" />
  <testcase classname="ptolemy.util.test.junit.AutoTests" name="[196] /home/travis/build/icyphy/ptII/ptolemy/actor/lib/test/auto/LevelCrossTest13.xml (RunModel)" time="0.014" />
  <testcase classname="ptolemy.util.test.junit.AutoTests" name="[197] /home/travis/build/icyphy/ptII/ptolemy/actor/lib/test/auto/LevelCrossTest2.xml (RunModel)" time="0.009" />
  <testcase classname="ptolemy.util.test.junit.AutoTests" name="[198] /home/travis/build/icyphy/ptII/ptolemy/actor/lib/test/auto/LevelCrossTest3.xml (RunModel)" time="0.012" />
  <testcase classname="ptolemy.util.test.junit.AutoTests" name="[199] /home/travis/build/icyphy/ptII/ptolemy/actor/lib/test/auto/LevelCrossTest4.xml (RunModel)" time="0.011" />
  <testcase classname="ptolemy.util.test.junit.AutoTests" name="[200] /home/travis/build/icyphy/ptII/ptolemy/actor/lib/test/auto/LevelCrossTest5.xml (RunModel)" time="0.014" />
  <testcase classname="ptolemy.util.test.junit.AutoTests" name="[201] /home/travis/build/icyphy/ptII/ptolemy/actor/lib/test/auto/LevelCrossTest6.xml (RunModel)" time="0.029" />
  <testcase classname="ptolemy.util.test.junit.AutoTests" name="[202] /home/travis/build/icyphy/ptII/ptolemy/actor/lib/test/auto/LevelCrossTest7.xml (RunModel)" time="0.02" />
  <testcase classname="ptolemy.util.test.junit.AutoTests" name="[203] /home/travis/build/icyphy/ptII/ptolemy/actor/lib/test/auto/LevelCrossTest8.xml (RunModel)" time="0.013" />
  <testcase classname="ptolemy.util.test.junit.AutoTests" name="[204] /home/travis/build/icyphy/ptII/ptolemy/actor/lib/test/auto/LevelCrossTest9.xml (RunModel)" time="0.014" />
  <testcase classname="ptolemy.util.test.junit.AutoTests" name="[205] /home/travis/build/icyphy/ptII/ptolemy/actor/lib/test/auto/LevinsonDurbin.xml (RunModel)" time="0.015" />
  <testcase classname="ptolemy.util.test.junit.AutoTests" name="[206] /home/travis/build/icyphy/ptII/ptolemy/actor/lib/test/auto/LevinsonDurbin2.xml (RunModel)" time="0.007" />
  <testcase classname="ptolemy.util.test.junit.AutoTests" name="[207] /home/travis/build/icyphy/ptII/ptolemy/actor/lib/test/auto/LevinsonDurbin3.xml (RunModel)" time="0.008" />
  <testcase classname="ptolemy.util.test.junit.AutoTests" name="[208] /home/travis/build/icyphy/ptII/ptolemy/actor/lib/test/auto/Limiter.xml (RunModel)" time="0.041" />
  <testcase classname="ptolemy.util.test.junit.AutoTests" name="[209] /home/travis/build/icyphy/ptII/ptolemy/actor/lib/test/auto/LinearDifferenceEquationSystem.xml (RunModel)" time="0.031" />
  <testcase classname="ptolemy.util.test.junit.AutoTests" name="[210] /home/travis/build/icyphy/ptII/ptolemy/actor/lib/test/auto/LookupTable.xml (RunModel)" time="0.015" />
  <testcase classname="ptolemy.util.test.junit.AutoTests" name="[211] /home/travis/build/icyphy/ptII/ptolemy/actor/lib/test/auto/MathFunction.xml (RunModel)" time="0.018" />
  <testcase classname="ptolemy.util.test.junit.AutoTests" name="[212] /home/travis/build/icyphy/ptII/ptolemy/actor/lib/test/auto/MathFunction2.xml (RunModel)" time="0.008" />
  <testcase classname="ptolemy.util.test.junit.AutoTests" name="[213] /home/travis/build/icyphy/ptII/ptolemy/actor/lib/test/auto/MathFunction3.xml (RunModel)" time="0.015" />
  <testcase classname="ptolemy.util.test.junit.AutoTests" name="[214] /home/travis/build/icyphy/ptII/ptolemy/actor/lib/test/auto/MatrixCropBoolean.xml (RunModel)" time="0.012" />
  <testcase classname="ptolemy.util.test.junit.AutoTests" name="[215] /home/travis/build/icyphy/ptII/ptolemy/actor/lib/test/auto/MatrixCropComplex.xml (RunModel)" time="0.008" />
  <testcase classname="ptolemy.util.test.junit.AutoTests" name="[216] /home/travis/build/icyphy/ptII/ptolemy/actor/lib/test/auto/MatrixCropDouble.xml (RunModel)" time="0.008" />
  <testcase classname="ptolemy.util.test.junit.AutoTests" name="[217] /home/travis/build/icyphy/ptII/ptolemy/actor/lib/test/auto/MatrixCropFix.xml (RunModel)" time="0.014" />
  <testcase classname="ptolemy.util.test.junit.AutoTests" name="[218] /home/travis/build/icyphy/ptII/ptolemy/actor/lib/test/auto/MatrixCropInt.xml (RunModel)" time="0.008" />
  <testcase classname="ptolemy.util.test.junit.AutoTests" name="[219] /home/travis/build/icyphy/ptII/ptolemy/actor/lib/test/auto/MatrixCropLong.xml (RunModel)" time="0.008" />
  <testcase classname="ptolemy.util.test.junit.AutoTests" name="[220] /home/travis/build/icyphy/ptII/ptolemy/actor/lib/test/auto/MatrixToArray.xml (RunModel)" time="0.054" />
  <testcase classname="ptolemy.util.test.junit.AutoTests" name="[221] /home/travis/build/icyphy/ptII/ptolemy/actor/lib/test/auto/MaxIndex.xml (RunModel)" time="0.011" />
  <testcase classname="ptolemy.util.test.junit.AutoTests" name="[222] /home/travis/build/icyphy/ptII/ptolemy/actor/lib/test/auto/Maximum.xml (RunModel)" time="0.012" />
  <testcase classname="ptolemy.util.test.junit.AutoTests" name="[223] /home/travis/build/icyphy/ptII/ptolemy/actor/lib/test/auto/MaximumComplex.xml (RunModel)" time="0.013" />
  <testcase classname="ptolemy.util.test.junit.AutoTests" name="[224] /home/travis/build/icyphy/ptII/ptolemy/actor/lib/test/auto/MethodCallTest.xml (RunModel)" time="0.023" />
  <testcase classname="ptolemy.util.test.junit.AutoTests" name="[225] /home/travis/build/icyphy/ptII/ptolemy/actor/lib/test/auto/Minimum.xml (RunModel)" time="0.013" />
  <testcase classname="ptolemy.util.test.junit.AutoTests" name="[226] /home/travis/build/icyphy/ptII/ptolemy/actor/lib/test/auto/MinimumComplex.xml (RunModel)" time="0.021" />
  <testcase classname="ptolemy.util.test.junit.AutoTests" name="[227] /home/travis/build/icyphy/ptII/ptolemy/actor/lib/test/auto/MinimumMultiports.xml (RunModel)" time="0.014" />
  <testcase classname="ptolemy.util.test.junit.AutoTests" name="[228] /home/travis/build/icyphy/ptII/ptolemy/actor/lib/test/auto/ModifyDate.xml (RunModel)" time="0.038" />
  <testcase classname="ptolemy.util.test.junit.AutoTests" name="[229] /home/travis/build/icyphy/ptII/ptolemy/actor/lib/test/auto/ModifyDate2.xml (RunModel)" time="0.029" />
  <testcase classname="ptolemy.util.test.junit.AutoTests" name="[230] /home/travis/build/icyphy/ptII/ptolemy/actor/lib/test/auto/MovingAverage.xml (RunModel)" time="0.01" />
  <testcase classname="ptolemy.util.test.junit.AutoTests" name="[231] /home/travis/build/icyphy/ptII/ptolemy/actor/lib/test/auto/MovingMaximum.xml (RunModel)" time="0.011" />
  <testcase classname="ptolemy.util.test.junit.AutoTests" name="[232] /home/travis/build/icyphy/ptII/ptolemy/actor/lib/test/auto/MultipleLinksToSameRelation.xml (RunModel)" time="0.006" />
  <testcase classname="ptolemy.util.test.junit.AutoTests" name="[233] /home/travis/build/icyphy/ptII/ptolemy/actor/lib/test/auto/MultipleLinksToSameRelationDE.xml (RunModel)" time="0.007" />
  <testcase classname="ptolemy.util.test.junit.AutoTests" name="[234] /home/travis/build/icyphy/ptII/ptolemy/actor/lib/test/auto/Multiplexor.xml (RunModel)" time="0.01" />
  <testcase classname="ptolemy.util.test.junit.AutoTests" name="[235] /home/travis/build/icyphy/ptII/ptolemy/actor/lib/test/auto/Multiplexor1.xml (RunModel)" time="0.009" />
  <testcase classname="ptolemy.util.test.junit.AutoTests" name="[236] /home/travis/build/icyphy/ptII/ptolemy/actor/lib/test/auto/Multiplexor2.xml (RunModel)" time="0.016" />
  <testcase classname="ptolemy.util.test.junit.AutoTests" name="[237] /home/travis/build/icyphy/ptII/ptolemy/actor/lib/test/auto/Multiplexor3.xml (RunModel)" time="0.007" />
  <testcase classname="ptolemy.util.test.junit.AutoTests" name="[238] /home/travis/build/icyphy/ptII/ptolemy/actor/lib/test/auto/MultiplexorDE.xml (RunModel)" time="0.015" />
  <testcase classname="ptolemy.util.test.junit.AutoTests" name="[239] /home/travis/build/icyphy/ptII/ptolemy/actor/lib/test/auto/MultiportBroadcastTest.xml (RunModel)" time="0.085" />
  <testcase classname="ptolemy.util.test.junit.AutoTests" name="[240] /home/travis/build/icyphy/ptII/ptolemy/actor/lib/test/auto/MultiportOutHangDuringGetWidth.xml (RunModel)" time="0.037" />
  <testcase classname="ptolemy.util.test.junit.AutoTests" name="[241] /home/travis/build/icyphy/ptII/ptolemy/actor/lib/test/auto/NilToken.xml (RunModel)" time="0.01" />
  <testcase classname="ptolemy.util.test.junit.AutoTests" name="[242] /home/travis/build/icyphy/ptII/ptolemy/actor/lib/test/auto/NilTokenNonStrictTest.xml (RunModel)" time="0.009" />
  <testcase classname="ptolemy.util.test.junit.AutoTests" name="[243] /home/travis/build/icyphy/ptII/ptolemy/actor/lib/test/auto/NilTokenRecord.xml (RunModel)" time="0.021" />
  <testcase classname="ptolemy.util.test.junit.AutoTests" name="[244] /home/travis/build/icyphy/ptII/ptolemy/actor/lib/test/auto/NilTokenTypeTest.xml (RunModel)" time="0.03" />
  <testcase classname="ptolemy.util.test.junit.AutoTests" name="[245] /home/travis/build/icyphy/ptII/ptolemy/actor/lib/test/auto/ObjectToken1.xml (RunModel)" time="0.008" />
  <testcase classname="ptolemy.util.test.junit.AutoTests" name="[246] /home/travis/build/icyphy/ptII/ptolemy/actor/lib/test/auto/OrderedMerge.xml (RunModel)" time="0.019" />
  <testcase classname="ptolemy.util.test.junit.AutoTests" name="[247] /home/travis/build/icyphy/ptII/ptolemy/actor/lib/test/auto/OrderedRecordDisassembler.xml (RunModel)" time="0.017" />
  <testcase classname="ptolemy.util.test.junit.AutoTests" name="[248] /home/travis/build/icyphy/ptII/ptolemy/actor/lib/test/auto/OrderedRecordDisassembler2.xml (RunModel)" time="0.016" />
  <testcase classname="ptolemy.util.test.junit.AutoTests" name="[249] /home/travis/build/icyphy/ptII/ptolemy/actor/lib/test/auto/OrderedRecordUpdater.xml (RunModel)" time="0.009" />
  <testcase classname="ptolemy.util.test.junit.AutoTests" name="[250] /home/travis/build/icyphy/ptII/ptolemy/actor/lib/test/auto/OrderedRecordUpdater2.xml (RunModel)" time="0.015" />
  <testcase classname="ptolemy.util.test.junit.AutoTests" name="[251] /home/travis/build/icyphy/ptII/ptolemy/actor/lib/test/auto/PhaseUnwrap.xml (RunModel)" time="0.011" />
  <testcase classname="ptolemy.util.test.junit.AutoTests" name="[252] /home/travis/build/icyphy/ptII/ptolemy/actor/lib/test/auto/PoissonClock.xml (RunModel)" time="0.009" />
  <testcase classname="ptolemy.util.test.junit.AutoTests" name="[253] /home/travis/build/icyphy/ptII/ptolemy/actor/lib/test/auto/PoissonClock2.xml (RunModel)" time="0.006" />
  <testcase classname="ptolemy.util.test.junit.AutoTests" name="[254] /home/travis/build/icyphy/ptII/ptolemy/actor/lib/test/auto/PoissonClock3.xml (RunModel)" time="0.021" />
  <testcase classname="ptolemy.util.test.junit.AutoTests" name="[255] /home/travis/build/icyphy/ptII/ptolemy/actor/lib/test/auto/PubSubWithInitialTokens.xml (RunModel)" time="0.015" />
  <testcase classname="ptolemy.util.test.junit.AutoTests" name="[256] /home/travis/build/icyphy/ptII/ptolemy/actor/lib/test/auto/PubSubWithInitialTokens2.xml (RunModel)" time="0.012" />
  <testcase classname="ptolemy.util.test.junit.AutoTests" name="[257] /home/travis/build/icyphy/ptII/ptolemy/actor/lib/test/auto/PublisherClassNoParameter.xml (RunModel)" time="0.024" />
  <testcase classname="ptolemy.util.test.junit.AutoTests" name="[258] /home/travis/build/icyphy/ptII/ptolemy/actor/lib/test/auto/PublisherClassParameter.xml (RunModel)" time="0.03" />
  <testcase classname="ptolemy.util.test.junit.AutoTests" name="[259] /home/travis/build/icyphy/ptII/ptolemy/actor/lib/test/auto/PublisherNonStrictTest.xml (RunModel)" time="0.015" />
  <testcase classname="ptolemy.util.test.junit.AutoTests" name="[260] /home/travis/build/icyphy/ptII/ptolemy/actor/lib/test/auto/PublisherPort1.xml (RunModel)" time="0.019" />
  <testcase classname="ptolemy.util.test.junit.AutoTests" name="[261] /home/travis/build/icyphy/ptII/ptolemy/actor/lib/test/auto/PublisherPort2.xml (RunModel)" time="0.009" />
  <testcase classname="ptolemy.util.test.junit.AutoTests" name="[262] /home/travis/build/icyphy/ptII/ptolemy/actor/lib/test/auto/PublisherPort3.xml (RunModel)" time="0.011" />
  <testcase classname="ptolemy.util.test.junit.AutoTests" name="[263] /home/travis/build/icyphy/ptII/ptolemy/actor/lib/test/auto/PublisherPort4.xml (RunModel)" time="0.011" />
  <testcase classname="ptolemy.util.test.junit.AutoTests" name="[264] /home/travis/build/icyphy/ptII/ptolemy/actor/lib/test/auto/PublisherPort5.xml (RunModel)" time="0.011" />
  <testcase classname="ptolemy.util.test.junit.AutoTests" name="[265] /home/travis/build/icyphy/ptII/ptolemy/actor/lib/test/auto/PublisherPort5LookAlike.xml (RunModel)" time="0.015" />
  <testcase classname="ptolemy.util.test.junit.AutoTests" name="[266] /home/travis/build/icyphy/ptII/ptolemy/actor/lib/test/auto/PublisherPort6.xml (RunModel)" time="0.01" />
  <testcase classname="ptolemy.util.test.junit.AutoTests" name="[267] /home/travis/build/icyphy/ptII/ptolemy/actor/lib/test/auto/PublisherPort7.xml (RunModel)" time="0.012" />
  <testcase classname="ptolemy.util.test.junit.AutoTests" name="[268] /home/travis/build/icyphy/ptII/ptolemy/actor/lib/test/auto/PublisherPort8.xml (RunModel)" time="0.014" />
  <testcase classname="ptolemy.util.test.junit.AutoTests" name="[269] /home/travis/build/icyphy/ptII/ptolemy/actor/lib/test/auto/PublisherPortSubscriberChannelVariablesAOC2.xml (RunModel)" time="0.029" />
  <testcase classname="ptolemy.util.test.junit.AutoTests" name="[270] /home/travis/build/icyphy/ptII/ptolemy/actor/lib/test/auto/PublisherPortSubscriberOpaqueWidthInference.xml (RunModel)" time="0.013" />
  <testcase classname="ptolemy.util.test.junit.AutoTests" name="[271] /home/travis/build/icyphy/ptII/ptolemy/actor/lib/test/auto/PublisherPortSubscriberPortAdjacent.xml (RunModel)" time="0.015" />
  <testcase classname="ptolemy.util.test.junit.AutoTests" name="[272] /home/travis/build/icyphy/ptII/ptolemy/actor/lib/test/auto/PublisherPortSubscriberPortExpression.xml (RunModel)" time="0.014" />
  <testcase classname="ptolemy.util.test.junit.AutoTests" name="[273] /home/travis/build/icyphy/ptII/ptolemy/actor/lib/test/auto/PublisherPortSubscriberPortOpaqueD3Reverse.xml (RunModel)" time="0.02" />
  <testcase classname="ptolemy.util.test.junit.AutoTests" name="[274] /home/travis/build/icyphy/ptII/ptolemy/actor/lib/test/auto/PublisherPortSubscriberPortOpaqueWidthInference.xml (RunModel)" time="0.013" />
  <testcase classname="ptolemy.util.test.junit.AutoTests" name="[275] /home/travis/build/icyphy/ptII/ptolemy/actor/lib/test/auto/PublisherPortToplevelSubscriberPortAOC.xml (RunModel)" time="0.008" />
  <testcase classname="ptolemy.util.test.junit.AutoTests" name="[276] /home/travis/build/icyphy/ptII/ptolemy/actor/lib/test/auto/PublisherSubscriber.xml (RunModel)" time="0.011" />
  <testcase classname="ptolemy.util.test.junit.AutoTests" name="[277] /home/travis/build/icyphy/ptII/ptolemy/actor/lib/test/auto/PublisherSubscriber10.xml (RunModel)" time="0.019" />
  <testcase classname="ptolemy.util.test.junit.AutoTests" name="[278] /home/travis/build/icyphy/ptII/ptolemy/actor/lib/test/auto/PublisherSubscriber10InitialOutputs.xml (RunModel)" time="0.024" />
  <testcase classname="ptolemy.util.test.junit.AutoTests" name="[279] /home/travis/build/icyphy/ptII/ptolemy/actor/lib/test/auto/PublisherSubscriber11.xml (RunModel)" time="0.027" />
  <testcase classname="ptolemy.util.test.junit.AutoTests" name="[280] /home/travis/build/icyphy/ptII/ptolemy/actor/lib/test/auto/PublisherSubscriber12.xml (RunModel)" time="0.022" />
  <testcase classname="ptolemy.util.test.junit.AutoTests" name="[281] /home/travis/build/icyphy/ptII/ptolemy/actor/lib/test/auto/PublisherSubscriber13.xml (RunModel)" time="0.01" />
  <testcase classname="ptolemy.util.test.junit.AutoTests" name="[282] /home/travis/build/icyphy/ptII/ptolemy/actor/lib/test/auto/PublisherSubscriber14.xml (RunModel)" time="0.017" />
  <testcase classname="ptolemy.util.test.junit.AutoTests" name="[283] /home/travis/build/icyphy/ptII/ptolemy/actor/lib/test/auto/PublisherSubscriber2.xml (RunModel)" time="0.011" />
  <testcase classname="ptolemy.util.test.junit.AutoTests" name="[284] /home/travis/build/icyphy/ptII/ptolemy/actor/lib/test/auto/PublisherSubscriber3.xml (RunModel)" time="0.007" />
  <testcase classname="ptolemy.util.test.junit.AutoTests" name="[285] /home/travis/build/icyphy/ptII/ptolemy/actor/lib/test/auto/PublisherSubscriber4.xml (RunModel)" time="0.006" />
  <testcase classname="ptolemy.util.test.junit.AutoTests" name="[286] /home/travis/build/icyphy/ptII/ptolemy/actor/lib/test/auto/PublisherSubscriber5.xml (RunModel)" time="0.01" />
  <testcase classname="ptolemy.util.test.junit.AutoTests" name="[287] /home/travis/build/icyphy/ptII/ptolemy/actor/lib/test/auto/PublisherSubscriber6.xml (RunModel)" time="0.01" />
  <testcase classname="ptolemy.util.test.junit.AutoTests" name="[288] /home/travis/build/icyphy/ptII/ptolemy/actor/lib/test/auto/PublisherSubscriber7.xml (RunModel)" time="0.011" />
  <testcase classname="ptolemy.util.test.junit.AutoTests" name="[289] /home/travis/build/icyphy/ptII/ptolemy/actor/lib/test/auto/PublisherSubscriber8.xml (RunModel)" time="0.027" />
  <testcase classname="ptolemy.util.test.junit.AutoTests" name="[290] /home/travis/build/icyphy/ptII/ptolemy/actor/lib/test/auto/PublisherSubscriber9.xml (RunModel)" time="0.017" />
  <testcase classname="ptolemy.util.test.junit.AutoTests" name="[291] /home/travis/build/icyphy/ptII/ptolemy/actor/lib/test/auto/PublisherSubscriberAdjacent.xml (RunModel)" time="0.014" />
  <testcase classname="ptolemy.util.test.junit.AutoTests" name="[292] /home/travis/build/icyphy/ptII/ptolemy/actor/lib/test/auto/PublisherSubscriberChannelVariablesAOC2.xml (RunModel)" time="0.027" />
  <testcase classname="ptolemy.util.test.junit.AutoTests" name="[293] /home/travis/build/icyphy/ptII/ptolemy/actor/lib/test/auto/PublisherSubscriberD3.xml (RunModel)" time="0.015" />
  <testcase classname="ptolemy.util.test.junit.AutoTests" name="[294] /home/travis/build/icyphy/ptII/ptolemy/actor/lib/test/auto/PublisherSubscriberD3Reverse.xml (RunModel)" time="0.009" />
  <testcase classname="ptolemy.util.test.junit.AutoTests" name="[295] /home/travis/build/icyphy/ptII/ptolemy/actor/lib/test/auto/PublisherSubscriberExpression.xml (RunModel)" time="0.014" />
  <testcase classname="ptolemy.util.test.junit.AutoTests" name="[296] /home/travis/build/icyphy/ptII/ptolemy/actor/lib/test/auto/PublisherSubscriberOpaque.xml (RunModel)" time="0.014" />
  <testcase classname="ptolemy.util.test.junit.AutoTests" name="[297] /home/travis/build/icyphy/ptII/ptolemy/actor/lib/test/auto/PublisherSubscriberOpaqueD3.xml (RunModel)" time="0.018" />
  <testcase classname="ptolemy.util.test.junit.AutoTests" name="[298] /home/travis/build/icyphy/ptII/ptolemy/actor/lib/test/auto/PublisherSubscriberOpaqueD3Reverse.xml (RunModel)" time="0.019" />
  <testcase classname="ptolemy.util.test.junit.AutoTests" name="[299] /home/travis/build/icyphy/ptII/ptolemy/actor/lib/test/auto/PublisherSubscriberOpaqueWidthInference.xml (RunModel)" time="0.013" />
  <testcase classname="ptolemy.util.test.junit.AutoTests" name="[300] /home/travis/build/icyphy/ptII/ptolemy/actor/lib/test/auto/PublisherTestSubscriber.xml (RunModel)" time="0.013" />
  <testcase classname="ptolemy.util.test.junit.AutoTests" name="[301] /home/travis/build/icyphy/ptII/ptolemy/actor/lib/test/auto/PublisherToplevelSubscriberPortAOC.xml (RunModel)" time="0.014" />
  <testcase classname="ptolemy.util.test.junit.AutoTests" name="[302] /home/travis/build/icyphy/ptII/ptolemy/actor/lib/test/auto/PulseFiringLimitDE.xml (RunModel)" time="0.012" />
  <testcase classname="ptolemy.util.test.junit.AutoTests" name="[303] /home/travis/build/icyphy/ptII/ptolemy/actor/lib/test/auto/Ramp1.xml (RunModel)" time="0.005" />
  <testcase classname="ptolemy.util.test.junit.AutoTests" name="[304] /home/travis/build/icyphy/ptII/ptolemy/actor/lib/test/auto/RampFiringLimitDE.xml (RunModel)" time="0.008" />
  <testcase classname="ptolemy.util.test.junit.AutoTests" name="[305] /home/travis/build/icyphy/ptII/ptolemy/actor/lib/test/auto/RampFiringLimitSDF.xml (RunModel)" time="0.009" />
  <testcase classname="ptolemy.util.test.junit.AutoTests" name="[306] /home/travis/build/icyphy/ptII/ptolemy/actor/lib/test/auto/RandomInteger.xml (RunModel)" time="0.007" />
  <testcase classname="ptolemy.util.test.junit.AutoTests" name="[307] /home/travis/build/icyphy/ptII/ptolemy/actor/lib/test/auto/ReadFile1.xml (RunModel)" time="0.007" />
  <testcase classname="ptolemy.util.test.junit.AutoTests" name="[308] /home/travis/build/icyphy/ptII/ptolemy/actor/lib/test/auto/ReadFile2.xml (RunModel)" time="0.005" />
  <testcase classname="ptolemy.util.test.junit.AutoTests" name="[309] /home/travis/build/icyphy/ptII/ptolemy/actor/lib/test/auto/Reader.xml (RunModel)" time="0.01" />
  <testcase classname="ptolemy.util.test.junit.AutoTests" name="[310] /home/travis/build/icyphy/ptII/ptolemy/actor/lib/test/auto/RecordAssemblerDisplayNameTest.xml (RunModel)" time="3.296" />
  <testcase classname="ptolemy.util.test.junit.AutoTests" name="[311] /home/travis/build/icyphy/ptII/ptolemy/actor/lib/test/auto/RecordAssemblerTypeError.xml (RunModel)" time="0.038" />
  <testcase classname="ptolemy.util.test.junit.AutoTests" name="[312] /home/travis/build/icyphy/ptII/ptolemy/actor/lib/test/auto/RecordDisassember.xml (RunModel)" time="0.016" />
  <testcase classname="ptolemy.util.test.junit.AutoTests" name="[313] /home/travis/build/icyphy/ptII/ptolemy/actor/lib/test/auto/RecordDisassemberDisplayNameTest.xml (RunModel)" time="0.016" />
  <testcase classname="ptolemy.util.test.junit.AutoTests" name="[314] /home/travis/build/icyphy/ptII/ptolemy/actor/lib/test/auto/RecordDisassembler.xml (RunModel)" time="0.007" />
  <testcase classname="ptolemy.util.test.junit.AutoTests" name="[315] /home/travis/build/icyphy/ptII/ptolemy/actor/lib/test/auto/RecordDisassembler2.xml (RunModel)" time="0.008" />
  <testcase classname="ptolemy.util.test.junit.AutoTests" name="[316] /home/travis/build/icyphy/ptII/ptolemy/actor/lib/test/auto/RecordUpdater.xml (RunModel)" time="0.012" />
  <testcase classname="ptolemy.util.test.junit.AutoTests" name="[317] /home/travis/build/icyphy/ptII/ptolemy/actor/lib/test/auto/RecordUpdater2.xml (RunModel)" time="0.014" />
  <testcase classname="ptolemy.util.test.junit.AutoTests" name="[318] /home/travis/build/icyphy/ptII/ptolemy/actor/lib/test/auto/RecursiveLattice.xml (RunModel)" time="0.007" />
  <testcase classname="ptolemy.util.test.junit.AutoTests" name="[319] /home/travis/build/icyphy/ptII/ptolemy/actor/lib/test/auto/Router.xml (RunModel)" time="3.024" />
  <testcase classname="ptolemy.util.test.junit.AutoTests" name="[320] /home/travis/build/icyphy/ptII/ptolemy/actor/lib/test/auto/Router2.xml (RunModel)" time="3.029" />
  <testcase classname="ptolemy.util.test.junit.AutoTests" name="[321] /home/travis/build/icyphy/ptII/ptolemy/actor/lib/test/auto/RunningMaximum.xml (RunModel)" time="0.012" />
  <testcase classname="ptolemy.util.test.junit.AutoTests" name="[322] /home/travis/build/icyphy/ptII/ptolemy/actor/lib/test/auto/RunningMinimum.xml (RunModel)" time="0.015" />
  <testcase classname="ptolemy.util.test.junit.AutoTests" name="[323] /home/travis/build/icyphy/ptII/ptolemy/actor/lib/test/auto/Scale.xml (RunModel)" time="0.006" />
  <testcase classname="ptolemy.util.test.junit.AutoTests" name="[324] /home/travis/build/icyphy/ptII/ptolemy/actor/lib/test/auto/Scale2.xml (RunModel)" time="0.008" />
  <testcase classname="ptolemy.util.test.junit.AutoTests" name="[325] /home/travis/build/icyphy/ptII/ptolemy/actor/lib/test/auto/Scale3.xml (RunModel)" time="0.011" />
  <testcase classname="ptolemy.util.test.junit.AutoTests" name="[326] /home/travis/build/icyphy/ptII/ptolemy/actor/lib/test/auto/ScaleArray.xml (RunModel)" time="0.006" />
  <testcase classname="ptolemy.util.test.junit.AutoTests" name="[327] /home/travis/build/icyphy/ptII/ptolemy/actor/lib/test/auto/ScaleArray2.xml (RunModel)" time="0.006" />
  <testcase classname="ptolemy.util.test.junit.AutoTests" name="[328] /home/travis/build/icyphy/ptII/ptolemy/actor/lib/test/auto/ScaleMatrix.xml (RunModel)" time="0.142" />
  <testcase classname="ptolemy.util.test.junit.AutoTests" name="[329] /home/travis/build/icyphy/ptII/ptolemy/actor/lib/test/auto/Select.xml (RunModel)" time="0.013" />
  <testcase classname="ptolemy.util.test.junit.AutoTests" name="[330] /home/travis/build/icyphy/ptII/ptolemy/actor/lib/test/auto/Select2.xml (RunModel)" time="0.008" />
  <testcase classname="ptolemy.util.test.junit.AutoTests" name="[331] /home/travis/build/icyphy/ptII/ptolemy/actor/lib/test/auto/SequenceToArray2.xml (RunModel)" time="0.143" />
  <testcase classname="ptolemy.util.test.junit.AutoTests" name="[332] /home/travis/build/icyphy/ptII/ptolemy/actor/lib/test/auto/SequentialClock.xml (RunModel)" time="0.009" />
  <testcase classname="ptolemy.util.test.junit.AutoTests" name="[333] /home/travis/build/icyphy/ptII/ptolemy/actor/lib/test/auto/SetVariable.xml (RunModel)" time="0.01" />
  <testcase classname="ptolemy.util.test.junit.AutoTests" name="[334] /home/travis/build/icyphy/ptII/ptolemy/actor/lib/test/auto/SetVariable2.xml (RunModel)" time="0.009" />
  <testcase classname="ptolemy.util.test.junit.AutoTests" name="[335] /home/travis/build/icyphy/ptII/ptolemy/actor/lib/test/auto/SetVariable3.xml (RunModel)" time="0.011" />
  <testcase classname="ptolemy.util.test.junit.AutoTests" name="[336] /home/travis/build/icyphy/ptII/ptolemy/actor/lib/test/auto/SetVariable4.xml (RunModel)" time="0.021" />
  <testcase classname="ptolemy.util.test.junit.AutoTests" name="[337] /home/travis/build/icyphy/ptII/ptolemy/actor/lib/test/auto/SetVariable5.xml (RunModel)" time="0.031" />
  <testcase classname="ptolemy.util.test.junit.AutoTests" name="[338] /home/travis/build/icyphy/ptII/ptolemy/actor/lib/test/auto/Sinewave.xml (RunModel)" time="0.022" />
  <testcase classname="ptolemy.util.test.junit.AutoTests" name="[339] /home/travis/build/icyphy/ptII/ptolemy/actor/lib/test/auto/Sinewave2.xml (RunModel)" time="0.014" />
  <testcase classname="ptolemy.util.test.junit.AutoTests" name="[340] /home/travis/build/icyphy/ptII/ptolemy/actor/lib/test/auto/Sinewave3.xml (RunModel)" time="0.019" />
  <testcase classname="ptolemy.util.test.junit.AutoTests" name="[341] /home/travis/build/icyphy/ptII/ptolemy/actor/lib/test/auto/SingleEvent.xml (RunModel)" time="0.005" />
  <testcase classname="ptolemy.util.test.junit.AutoTests" name="[342] /home/travis/build/icyphy/ptII/ptolemy/actor/lib/test/auto/Sleep.xml (RunModel)" time="6.012" />
  <testcase classname="ptolemy.util.test.junit.AutoTests" name="[343] /home/travis/build/icyphy/ptII/ptolemy/actor/lib/test/auto/SleepMultipleFire.xml (RunModel)" time="1.023" />
  <testcase classname="ptolemy.util.test.junit.AutoTests" name="[344] /home/travis/build/icyphy/ptII/ptolemy/actor/lib/test/auto/StopDE.xml (RunModel)" time="0.012" />
  <testcase classname="ptolemy.util.test.junit.AutoTests" name="[345] /home/travis/build/icyphy/ptII/ptolemy/actor/lib/test/auto/StopSDF.xml (RunModel)" time="0.012" />
  <testcase classname="ptolemy.util.test.junit.AutoTests" name="[346] /home/travis/build/icyphy/ptII/ptolemy/actor/lib/test/auto/StringConstant.xml (RunModel)" time="0.018" />
  <testcase classname="ptolemy.util.test.junit.AutoTests" name="[347] /home/travis/build/icyphy/ptII/ptolemy/actor/lib/test/auto/SubscriberPortInitialValues1.xml (RunModel)" time="0.022" />
  <testcase classname="ptolemy.util.test.junit.AutoTests" name="[348] /home/travis/build/icyphy/ptII/ptolemy/actor/lib/test/auto/SubscriberPortInitialValues13.xml (RunModel)" time="0.024" />
  <testcase classname="ptolemy.util.test.junit.AutoTests" name="[349] /home/travis/build/icyphy/ptII/ptolemy/actor/lib/test/auto/SubscriberPortInitialValues14.xml (RunModel)" time="0.011" />
  <testcase classname="ptolemy.util.test.junit.AutoTests" name="[350] /home/travis/build/icyphy/ptII/ptolemy/actor/lib/test/auto/SubscriberPortInitialValues2.xml (RunModel)" time="0.013" />
  <testcase classname="ptolemy.util.test.junit.AutoTests" name="[351] /home/travis/build/icyphy/ptII/ptolemy/actor/lib/test/auto/SubscriberPortInitialValues3.xml (RunModel)" time="0.015" />
  <testcase classname="ptolemy.util.test.junit.AutoTests" name="[352] /home/travis/build/icyphy/ptII/ptolemy/actor/lib/test/auto/SubscriptionAggregator.xml (RunModel)" time="0.011" />
  <testcase classname="ptolemy.util.test.junit.AutoTests" name="[353] /home/travis/build/icyphy/ptII/ptolemy/actor/lib/test/auto/SubscriptionAggregator2.xml (RunModel)" time="0.008" />
  <testcase classname="ptolemy.util.test.junit.AutoTests" name="[354] /home/travis/build/icyphy/ptII/ptolemy/actor/lib/test/auto/SubscriptionAggregator3.xml (RunModel)" time="0.016" />
  <testcase classname="ptolemy.util.test.junit.AutoTests" name="[355] /home/travis/build/icyphy/ptII/ptolemy/actor/lib/test/auto/SubscriptionAggregatorMultiply.xml (RunModel)" time="0.011" />
  <testcase classname="ptolemy.util.test.junit.AutoTests" name="[356] /home/travis/build/icyphy/ptII/ptolemy/actor/lib/test/auto/SubscriptionAggregatorPortMultiply1.xml (RunModel)" time="0.011" />
  <testcase classname="ptolemy.util.test.junit.AutoTests" name="[357] /home/travis/build/icyphy/ptII/ptolemy/actor/lib/test/auto/Switch.xml (RunModel)" time="0.016" />
  <testcase classname="ptolemy.util.test.junit.AutoTests" name="[358] /home/travis/build/icyphy/ptII/ptolemy/actor/lib/test/auto/Switch2.xml (RunModel)" time="0.01" />
  <testcase classname="ptolemy.util.test.junit.AutoTests" name="[359] /home/travis/build/icyphy/ptII/ptolemy/actor/lib/test/auto/SwitchDE.xml (RunModel)" time="0.011" />
  <testcase classname="ptolemy.util.test.junit.AutoTests" name="[360] /home/travis/build/icyphy/ptII/ptolemy/actor/lib/test/auto/SynchronizerDE.xml (RunModel)" time="0.017" />
  <testcase classname="ptolemy.util.test.junit.AutoTests" name="[361] /home/travis/build/icyphy/ptII/ptolemy/actor/lib/test/auto/Test.xml (RunModel)" time="0.008" />
  <testcase classname="ptolemy.util.test.junit.AutoTests" name="[362] /home/travis/build/icyphy/ptII/ptolemy/actor/lib/test/auto/TestExceptionAttribute1.xml (RunModel)" time="0.007" />
  <testcase classname="ptolemy.util.test.junit.AutoTests" name="[363] /home/travis/build/icyphy/ptII/ptolemy/actor/lib/test/auto/TestExceptionAttribute2.xml (RunModel)" time="0.005" />
  <testcase classname="ptolemy.util.test.junit.AutoTests" name="[364] /home/travis/build/icyphy/ptII/ptolemy/actor/lib/test/auto/TestExceptionAttribute3.xml (RunModel)" time="0.009" />
  <testcase classname="ptolemy.util.test.junit.AutoTests" name="[365] /home/travis/build/icyphy/ptII/ptolemy/actor/lib/test/auto/TestExceptionAttribute4.xml (RunModel)" time="0.006" />
  <testcase classname="ptolemy.util.test.junit.AutoTests" name="[366] /home/travis/build/icyphy/ptII/ptolemy/actor/lib/test/auto/TestExceptionHandler1.xml (RunModel)" time="0.006" />
  <testcase classname="ptolemy.util.test.junit.AutoTests" name="[367] /home/travis/build/icyphy/ptII/ptolemy/actor/lib/test/auto/TestExceptionHandler2.xml (RunModel)" time="0.008" />
  <testcase classname="ptolemy.util.test.junit.AutoTests" name="[368] /home/travis/build/icyphy/ptII/ptolemy/actor/lib/test/auto/TestExceptionHandler3.xml (RunModel)" time="0.005" />
  <testcase classname="ptolemy.util.test.junit.AutoTests" name="[369] /home/travis/build/icyphy/ptII/ptolemy/actor/lib/test/auto/TestExceptionHandler4.xml (RunModel)" time="0.004" />
  <testcase classname="ptolemy.util.test.junit.AutoTests" name="[370] /home/travis/build/icyphy/ptII/ptolemy/actor/lib/test/auto/TestRequireCorrectOrder.xml (RunModel)" time="0.013" />
  <testcase classname="ptolemy.util.test.junit.AutoTests" name="[371] /home/travis/build/icyphy/ptII/ptolemy/actor/lib/test/auto/TestSimple.xml (RunModel)" time="0.006" />
  <testcase classname="ptolemy.util.test.junit.AutoTests" name="[372] /home/travis/build/icyphy/ptII/ptolemy/actor/lib/test/auto/ThrowModelError.xml (RunModel)" time="0.008" />
  <testcase classname="ptolemy.util.test.junit.AutoTests" name="[373] /home/travis/build/icyphy/ptII/ptolemy/actor/lib/test/auto/TimeDelayMicrosteps.xml (RunModel)" time="0.011" />
  <testcase classname="ptolemy.util.test.junit.AutoTests" name="[374] /home/travis/build/icyphy/ptII/ptolemy/actor/lib/test/auto/TimeDelayMicrosteps2.xml (RunModel)" time="0.011" />
  <testcase classname="ptolemy.util.test.junit.AutoTests" name="[375] /home/travis/build/icyphy/ptII/ptolemy/actor/lib/test/auto/TimeDelayMicrosteps3.xml (RunModel)" time="0.01" />
  <testcase classname="ptolemy.util.test.junit.AutoTests" name="[376] /home/travis/build/icyphy/ptII/ptolemy/actor/lib/test/auto/TimeDelayVariableMicrosteps.xml (RunModel)" time="0.009" />
  <testcase classname="ptolemy.util.test.junit.AutoTests" name="[377] /home/travis/build/icyphy/ptII/ptolemy/actor/lib/test/auto/TimeGap.xml (RunModel)" time="0.011" />
  <testcase classname="ptolemy.util.test.junit.AutoTests" name="[378] /home/travis/build/icyphy/ptII/ptolemy/actor/lib/test/auto/TimeGap2.xml (RunModel)" time="0.008" />
  <testcase classname="ptolemy.util.test.junit.AutoTests" name="[379] /home/travis/build/icyphy/ptII/ptolemy/actor/lib/test/auto/TimedSinewave.xml (RunModel)" time="0.043" />
  <testcase classname="ptolemy.util.test.junit.AutoTests" name="[380] /home/travis/build/icyphy/ptII/ptolemy/actor/lib/test/auto/TimedSinewavePhase.xml (RunModel)" time="0.021" />
  <testcase classname="ptolemy.util.test.junit.AutoTests" name="[381] /home/travis/build/icyphy/ptII/ptolemy/actor/lib/test/auto/Timer.xml (RunModel)" time="0.01" />
  <testcase classname="ptolemy.util.test.junit.AutoTests" name="[382] /home/travis/build/icyphy/ptII/ptolemy/actor/lib/test/auto/TriangularDistTestModel.xml (RunModel)" time="0.024" />
  <testcase classname="ptolemy.util.test.junit.AutoTests" name="[383] /home/travis/build/icyphy/ptII/ptolemy/actor/lib/test/auto/TrigFunction.xml (RunModel)" time="0.006" />
  <testcase classname="ptolemy.util.test.junit.AutoTests" name="[384] /home/travis/build/icyphy/ptII/ptolemy/actor/lib/test/auto/TrigFunctionDE.xml (RunModel)" time="0.009" />
  <testcase classname="ptolemy.util.test.junit.AutoTests" name="[385] /home/travis/build/icyphy/ptII/ptolemy/actor/lib/test/auto/TrigFunctionInverse.xml (RunModel)" time="0.007" />
  <testcase classname="ptolemy.util.test.junit.AutoTests" name="[386] /home/travis/build/icyphy/ptII/ptolemy/actor/lib/test/auto/TrigFunctionTan.xml (RunModel)" time="0.005" />
  <testcase classname="ptolemy.util.test.junit.AutoTests" name="[387] /home/travis/build/icyphy/ptII/ptolemy/actor/lib/test/auto/TriggeredClock.xml (RunModel)" time="0.007" />
  <testcase classname="ptolemy.util.test.junit.AutoTests" name="[388] /home/travis/build/icyphy/ptII/ptolemy/actor/lib/test/auto/URLDirectoryReader.xml (RunModel)" time="0.096" />
  <testcase classname="ptolemy.util.test.junit.AutoTests" name="[389] /home/travis/build/icyphy/ptII/ptolemy/actor/lib/test/auto/URLDirectoryReader3.xml (RunModel)" time="1.851" />
  <testcase classname="ptolemy.util.test.junit.AutoTests" name="[390] /home/travis/build/icyphy/ptII/ptolemy/actor/lib/test/auto/UnaryMathFunction.xml (RunModel)" time="0.038" />
  <testcase classname="ptolemy.util.test.junit.AutoTests" name="[391] /home/travis/build/icyphy/ptII/ptolemy/actor/lib/test/auto/Uniform.xml (RunModel)" time="0.01" />
  <testcase classname="ptolemy.util.test.junit.AutoTests" name="[392] /home/travis/build/icyphy/ptII/ptolemy/actor/lib/test/auto/UnionDisassemblerTest.xml (RunModel)" time="0.017" />
  <testcase classname="ptolemy.util.test.junit.AutoTests" name="[393] /home/travis/build/icyphy/ptII/ptolemy/actor/lib/test/auto/UtilityFunctions.xml (RunModel)" time="0.005" />
  <testcase classname="ptolemy.util.test.junit.AutoTests" name="[394] /home/travis/build/icyphy/ptII/ptolemy/actor/lib/test/auto/VariableSleep.xml (RunModel)" time="0.51" />
  <testcase classname="ptolemy.util.test.junit.AutoTests" name="[395] /home/travis/build/icyphy/ptII/ptolemy/actor/lib/test/auto/VectorAssemblerDisassemblerCT.xml (RunModel)" time="0.096" />
  <testcase classname="ptolemy.util.test.junit.AutoTests" name="[396] /home/travis/build/icyphy/ptII/ptolemy/actor/lib/test/auto/VectorAssemblerDisassemblerDE.xml (RunModel)" time="0.016" />
  <testcase classname="ptolemy.util.test.junit.AutoTests" name="[397] /home/travis/build/icyphy/ptII/ptolemy/actor/lib/test/auto/VectorAssemblerDisassemblerSDF.xml (RunModel)" time="0.011" />
  <testcase classname="ptolemy.util.test.junit.AutoTests" name="[398] /home/travis/build/icyphy/ptII/ptolemy/actor/lib/test/auto/WallClockTime.xml (RunModel)" time="1.012" />
  <testcase classname="ptolemy.util.test.junit.AutoTests" name="[399] /home/travis/build/icyphy/ptII/ptolemy/actor/lib/test/auto/WidthTestWithSubscriberPublisher.xml (RunModel)" time="0.034" />
  <testcase classname="ptolemy.util.test.junit.AutoTests" name="[400] /home/travis/build/icyphy/ptII/ptolemy/actor/lib/test/auto/WidthTestWithSubscriberPublisher2.xml (RunModel)" time="0.011" />
  <testcase classname="ptolemy.util.test.junit.AutoTests" name="[401] /home/travis/build/icyphy/ptII/ptolemy/actor/lib/test/auto/WidthTestWithSubscriberPublisher3.xml (RunModel)" time="0.008" />
  <testcase classname="ptolemy.util.test.junit.AutoTests" name="[402] /home/travis/build/icyphy/ptII/ptolemy/actor/lib/test/auto/Writer.xml (RunModel)" time="0.006" />
  <testcase classname="ptolemy.util.test.junit.AutoTests" name="[403] /home/travis/build/icyphy/ptII/ptolemy/actor/lib/test/auto/array.xml (RunModel)" time="0.006" />
  <testcase classname="ptolemy.util.test.junit.AutoTests" name="[404] /home/travis/build/icyphy/ptII/ptolemy/actor/lib/test/auto/array2.xml (RunModel)" time="0.009" />
  <testcase classname="ptolemy.util.test.junit.AutoTests" name="[405] /home/travis/build/icyphy/ptII/ptolemy/actor/lib/test/auto/arrayType.xml (RunModel)" time="0.007" />
  <testcase classname="ptolemy.util.test.junit.AutoTests" name="[406] /home/travis/build/icyphy/ptII/ptolemy/actor/lib/test/auto/arrayType10.xml (RunModel)" time="0.006" />
  <testcase classname="ptolemy.util.test.junit.AutoTests" name="[407] /home/travis/build/icyphy/ptII/ptolemy/actor/lib/test/auto/arrayType11.xml (RunModel)" time="0.006" />
  <testcase classname="ptolemy.util.test.junit.AutoTests" name="[408] /home/travis/build/icyphy/ptII/ptolemy/actor/lib/test/auto/arrayType12.xml (RunModel)" time="0.006" />
  <testcase classname="ptolemy.util.test.junit.AutoTests" name="[409] /home/travis/build/icyphy/ptII/ptolemy/actor/lib/test/auto/arrayType13.xml (RunModel)" time="0.007" />
  <testcase classname="ptolemy.util.test.junit.AutoTests" name="[410] /home/travis/build/icyphy/ptII/ptolemy/actor/lib/test/auto/arrayType14.xml (RunModel)" time="0.006" />
  <testcase classname="ptolemy.util.test.junit.AutoTests" name="[411] /home/travis/build/icyphy/ptII/ptolemy/actor/lib/test/auto/arrayType15.xml (RunModel)" time="0.008" />
  <testcase classname="ptolemy.util.test.junit.AutoTests" name="[412] /home/travis/build/icyphy/ptII/ptolemy/actor/lib/test/auto/arrayType16.xml (RunModel)" time="0.006" />
  <testcase classname="ptolemy.util.test.junit.AutoTests" name="[413] /home/travis/build/icyphy/ptII/ptolemy/actor/lib/test/auto/arrayType17.xml (RunModel)" time="0.007" />
  <testcase classname="ptolemy.util.test.junit.AutoTests" name="[414] /home/travis/build/icyphy/ptII/ptolemy/actor/lib/test/auto/arrayType18.xml (RunModel)" time="0.007" />
  <testcase classname="ptolemy.util.test.junit.AutoTests" name="[415] /home/travis/build/icyphy/ptII/ptolemy/actor/lib/test/auto/arrayType19.xml (RunModel)" time="0.006" />
  <testcase classname="ptolemy.util.test.junit.AutoTests" name="[416] /home/travis/build/icyphy/ptII/ptolemy/actor/lib/test/auto/arrayType2.xml (RunModel)" time="0.035" />
  <testcase classname="ptolemy.util.test.junit.AutoTests" name="[417] /home/travis/build/icyphy/ptII/ptolemy/actor/lib/test/auto/arrayType20.xml (RunModel)" time="0.037" />
  <testcase classname="ptolemy.util.test.junit.AutoTests" name="[418] /home/travis/build/icyphy/ptII/ptolemy/actor/lib/test/auto/arrayType21.xml (RunModel)" time="0.032" />
  <testcase classname="ptolemy.util.test.junit.AutoTests" name="[419] /home/travis/build/icyphy/ptII/ptolemy/actor/lib/test/auto/arrayType22.xml (RunModel)" time="0.037" />
  <testcase classname="ptolemy.util.test.junit.AutoTests" name="[420] /home/travis/build/icyphy/ptII/ptolemy/actor/lib/test/auto/arrayType23.xml (RunModel)" time="0.031" />
  <testcase classname="ptolemy.util.test.junit.AutoTests" name="[421] /home/travis/build/icyphy/ptII/ptolemy/actor/lib/test/auto/arrayType24.xml (RunModel)" time="0.036" />
  <testcase classname="ptolemy.util.test.junit.AutoTests" name="[422] /home/travis/build/icyphy/ptII/ptolemy/actor/lib/test/auto/arrayType25.xml (RunModel)" time="0.026" />
  <testcase classname="ptolemy.util.test.junit.AutoTests" name="[423] /home/travis/build/icyphy/ptII/ptolemy/actor/lib/test/auto/arrayType26.xml (RunModel)" time="0.009" />
  <testcase classname="ptolemy.util.test.junit.AutoTests" name="[424] /home/travis/build/icyphy/ptII/ptolemy/actor/lib/test/auto/arrayType27.xml (RunModel)" time="0.007" />
  <testcase classname="ptolemy.util.test.junit.AutoTests" name="[425] /home/travis/build/icyphy/ptII/ptolemy/actor/lib/test/auto/arrayType28.xml (RunModel)" time="0.014" />
  <testcase classname="ptolemy.util.test.junit.AutoTests" name="[426] /home/travis/build/icyphy/ptII/ptolemy/actor/lib/test/auto/arrayType3.xml (RunModel)" time="0.007" />
  <testcase classname="ptolemy.util.test.junit.AutoTests" name="[427] /home/travis/build/icyphy/ptII/ptolemy/actor/lib/test/auto/arrayType4.xml (RunModel)" time="0.006" />
  <testcase classname="ptolemy.util.test.junit.AutoTests" name="[428] /home/travis/build/icyphy/ptII/ptolemy/actor/lib/test/auto/arrayType5.xml (RunModel)" time="0.006" />
  <testcase classname="ptolemy.util.test.junit.AutoTests" name="[429] /home/travis/build/icyphy/ptII/ptolemy/actor/lib/test/auto/arrayType6.xml (RunModel)" time="0.006" />
  <testcase classname="ptolemy.util.test.junit.AutoTests" name="[430] /home/travis/build/icyphy/ptII/ptolemy/actor/lib/test/auto/arrayType7.xml (RunModel)" time="0.023" />
  <testcase classname="ptolemy.util.test.junit.AutoTests" name="[431] /home/travis/build/icyphy/ptII/ptolemy/actor/lib/test/auto/arrayType8.xml (RunModel)" time="0.006" />
  <testcase classname="ptolemy.util.test.junit.AutoTests" name="[432] /home/travis/build/icyphy/ptII/ptolemy/actor/lib/test/auto/arrayType9.xml (RunModel)" time="0.005" />
  <testcase classname="ptolemy.util.test.junit.AutoTests" name="[433] /home/travis/build/icyphy/ptII/ptolemy/actor/lib/test/auto/cast.xml (RunModel)" time="0.006" />
  <testcase classname="ptolemy.util.test.junit.AutoTests" name="[434] /home/travis/build/icyphy/ptII/ptolemy/actor/lib/test/auto/compositeMultiPort.xml (RunModel)" time="0.019" />
  <testcase classname="ptolemy.util.test.junit.AutoTests" name="[435] /home/travis/build/icyphy/ptII/ptolemy/actor/lib/test/auto/expressionCastInference.xml (RunModel)" time="0.007" />
  <testcase classname="ptolemy.util.test.junit.AutoTests" name="[436] /home/travis/build/icyphy/ptII/ptolemy/actor/lib/test/auto/expressionCastInference2.xml (RunModel)" time="0.006" />
  <testcase classname="ptolemy.util.test.junit.AutoTests" name="[437] /home/travis/build/icyphy/ptII/ptolemy/actor/lib/test/auto/expressionInference.xml (RunModel)" time="0.005" />
  <testcase classname="ptolemy.util.test.junit.AutoTests" name="[438] /home/travis/build/icyphy/ptII/ptolemy/actor/lib/test/auto/expression_bug.xml (RunModel)" time="0.005" />
  <testcase classname="ptolemy.util.test.junit.AutoTests" name="[439] /home/travis/build/icyphy/ptII/ptolemy/actor/lib/test/auto/factorial.xml (RunModel)" time="0.046" />
  <testcase classname="ptolemy.util.test.junit.AutoTests" name="[440] /home/travis/build/icyphy/ptII/ptolemy/actor/lib/test/auto/filterTest1.xml (RunModel)" time="0.01" />
  <testcase classname="ptolemy.util.test.junit.AutoTests" name="[441] /home/travis/build/icyphy/ptII/ptolemy/actor/lib/test/auto/funcApplyInConst.xml (RunModel)" time="0.005" />
  <testcase classname="ptolemy.util.test.junit.AutoTests" name="[442] /home/travis/build/icyphy/ptII/ptolemy/actor/lib/test/auto/funcApplyInExpr.xml (RunModel)" time="0.004" />
  <testcase classname="ptolemy.util.test.junit.AutoTests" name="[443] /home/travis/build/icyphy/ptII/ptolemy/actor/lib/test/auto/function.xml (RunModel)" time="0.008" />
  <testcase classname="ptolemy.util.test.junit.AutoTests" name="[444] /home/travis/build/icyphy/ptII/ptolemy/actor/lib/test/auto/function2.xml (RunModel)" time="0.007" />
  <testcase classname="ptolemy.util.test.junit.AutoTests" name="[445] /home/travis/build/icyphy/ptII/ptolemy/actor/lib/test/auto/function3.xml (RunModel)" time="0.004" />
  <testcase classname="ptolemy.util.test.junit.AutoTests" name="[446] /home/travis/build/icyphy/ptII/ptolemy/actor/lib/test/auto/functionClosureTest1.xml (RunModel)" time="0.008" />
  <testcase classname="ptolemy.util.test.junit.AutoTests" name="[447] /home/travis/build/icyphy/ptII/ptolemy/actor/lib/test/auto/functionClosureTest2.xml (RunModel)" time="0.005" />
  <testcase classname="ptolemy.util.test.junit.AutoTests" name="[448] /home/travis/build/icyphy/ptII/ptolemy/actor/lib/test/auto/functionClosureTest3.xml (RunModel)" time="0.007" />
  <testcase classname="ptolemy.util.test.junit.AutoTests" name="[449] /home/travis/build/icyphy/ptII/ptolemy/actor/lib/test/auto/functionClosureTest4.xml (RunModel)" time="0.013" />
  <testcase classname="ptolemy.util.test.junit.AutoTests" name="[450] /home/travis/build/icyphy/ptII/ptolemy/actor/lib/test/auto/functionClosureTest5.xml (RunModel)" time="0.008" />
  <testcase classname="ptolemy.util.test.junit.AutoTests" name="[451] /home/travis/build/icyphy/ptII/ptolemy/actor/lib/test/auto/functionClosureTest6.xml (RunModel)" time="0.007" />
  <testcase classname="ptolemy.util.test.junit.AutoTests" name="[452] /home/travis/build/icyphy/ptII/ptolemy/actor/lib/test/auto/functionsOnArcs.xml (RunModel)" time="0.007" />
  <testcase classname="ptolemy.util.test.junit.AutoTests" name="[453] /home/travis/build/icyphy/ptII/ptolemy/actor/lib/test/auto/functionsOnArcsHOF.xml (RunModel)" time="0.01" />
  <testcase classname="ptolemy.util.test.junit.AutoTests" name="[454] /home/travis/build/icyphy/ptII/ptolemy/actor/lib/test/auto/logic.xml (RunModel)" time="0.015" />
  <testcase classname="ptolemy.util.test.junit.AutoTests" name="[455] /home/travis/build/icyphy/ptII/ptolemy/actor/lib/test/auto/matrixType.xml (RunModel)" time="0.008" />
  <testcase classname="ptolemy.util.test.junit.AutoTests" name="[456] /home/travis/build/icyphy/ptII/ptolemy/actor/lib/test/auto/matrixType10.xml (RunModel)" time="0.007" />
  <testcase classname="ptolemy.util.test.junit.AutoTests" name="[457] /home/travis/build/icyphy/ptII/ptolemy/actor/lib/test/auto/matrixType11.xml (RunModel)" time="0.006" />
  <testcase classname="ptolemy.util.test.junit.AutoTests" name="[458] /home/travis/build/icyphy/ptII/ptolemy/actor/lib/test/auto/matrixType12.xml (RunModel)" time="0.008" />
  <testcase classname="ptolemy.util.test.junit.AutoTests" name="[459] /home/travis/build/icyphy/ptII/ptolemy/actor/lib/test/auto/matrixType13.xml (RunModel)" time="0.006" />
  <testcase classname="ptolemy.util.test.junit.AutoTests" name="[460] /home/travis/build/icyphy/ptII/ptolemy/actor/lib/test/auto/matrixType14.xml (RunModel)" time="0.007" />
  <testcase classname="ptolemy.util.test.junit.AutoTests" name="[461] /home/travis/build/icyphy/ptII/ptolemy/actor/lib/test/auto/matrixType2.xml (RunModel)" time="0.007" />
  <testcase classname="ptolemy.util.test.junit.AutoTests" name="[462] /home/travis/build/icyphy/ptII/ptolemy/actor/lib/test/auto/matrixType3.xml (RunModel)" time="0.006" />
  <testcase classname="ptolemy.util.test.junit.AutoTests" name="[463] /home/travis/build/icyphy/ptII/ptolemy/actor/lib/test/auto/matrixType4.xml (RunModel)" time="0.006" />
  <testcase classname="ptolemy.util.test.junit.AutoTests" name="[464] /home/travis/build/icyphy/ptII/ptolemy/actor/lib/test/auto/matrixType5.xml (RunModel)" time="0.005" />
  <testcase classname="ptolemy.util.test.junit.AutoTests" name="[465] /home/travis/build/icyphy/ptII/ptolemy/actor/lib/test/auto/matrixType6.xml (RunModel)" time="0.006" />
  <testcase classname="ptolemy.util.test.junit.AutoTests" name="[466] /home/travis/build/icyphy/ptII/ptolemy/actor/lib/test/auto/matrixType7.xml (RunModel)" time="0.006" />
  <testcase classname="ptolemy.util.test.junit.AutoTests" name="[467] /home/travis/build/icyphy/ptII/ptolemy/actor/lib/test/auto/matrixType8.xml (RunModel)" time="0.006" />
  <testcase classname="ptolemy.util.test.junit.AutoTests" name="[468] /home/travis/build/icyphy/ptII/ptolemy/actor/lib/test/auto/matrixType9.xml (RunModel)" time="0.005" />
  <testcase classname="ptolemy.util.test.junit.AutoTests" name="[469] /home/travis/build/icyphy/ptII/ptolemy/actor/lib/test/auto/paraFunctest.xml (RunModel)" time="0.006" />
  <testcase classname="ptolemy.util.test.junit.AutoTests" name="[470] /home/travis/build/icyphy/ptII/ptolemy/actor/lib/test/auto/paraFunctest2.xml (RunModel)" time="0.009" />
  <testcase classname="ptolemy.util.test.junit.AutoTests" name="[471] /home/travis/build/icyphy/ptII/ptolemy/actor/lib/test/auto/parameterPassing.xml (RunModel)" time="0.009" />
  <testcase classname="ptolemy.util.test.junit.AutoTests" name="[472] /home/travis/build/icyphy/ptII/ptolemy/actor/lib/test/auto/record.xml (RunModel)" time="0.007" />
  <testcase classname="ptolemy.util.test.junit.AutoTests" name="[473] /home/travis/build/icyphy/ptII/ptolemy/actor/lib/test/auto/sizedarray1.xml (RunModel)" time="0.007" />
  <testcase classname="ptolemy.util.test.junit.AutoTests" name="[474] /home/travis/build/icyphy/ptII/ptolemy/actor/lib/test/auto/sizedarray2.xml (RunModel)" time="0.008" />
  <testcase classname="ptolemy.util.test.junit.AutoTests" name="[475] /home/travis/build/icyphy/ptII/ptolemy/actor/lib/test/auto/twoPublishers.xml (RunModel)" time="0.019" />
  <system-out><![CDATA[/home/travis/build/icyphy/ptII/ptolemy/actor/lib/test/AbsoluteValue.tcl
testDefs.tcl: setting time out to 9000 seconds at Tue Jan 07 06:42:12 UTC 2020
78 ms. Memory: 129024K Free: 93127K (72%)
4 ms. Memory: 129024K Free: 91583K (71%)
4 ms. Memory: 129024K Free: 90551K (70%)
4 ms. Memory: 129024K Free: 90055K (70%)
/home/travis/build/icyphy/ptII/ptolemy/actor/lib/test/AddSubtract.tcl
8 ms. Memory: 129024K Free: 88007K (68%)
5 ms. Memory: 129024K Free: 87487K (68%)
5 ms. Memory: 129024K Free: 86469K (67%)
7 ms. Memory: 129024K Free: 85445K (66%)
41 ms. Memory: 129024K Free: 82887K (64%)
5 ms. Memory: 129024K Free: 81863K (63%)
/home/travis/build/icyphy/ptII/ptolemy/actor/lib/test/Average.tcl
12 ms. Memory: 129024K Free: 80325K (62%)
16 ms. Memory: 129024K Free: 79287K (61%)
/home/travis/build/icyphy/ptII/ptolemy/actor/lib/test/Bernoulli.tcl
8 ms. Memory: 129024K Free: 77767K (60%)
2 ms. Memory: 129024K Free: 77253K (60%)
/home/travis/build/icyphy/ptII/ptolemy/actor/lib/test/Clock.tcl
preinitializing
resolving types
initializing
executing number 1
wrapping up
idle
31 ms. Memory: 129024K Free: 74695K (58%)
Completed execution with 5 iterations
preinitializing
resolving types
initializing
executing number 1
wrapping up
idle
8 ms. Memory: 129024K Free: 73671K (57%)
Completed execution with 5 iterations
preinitializing
resolving types
initializing
executing number 1
wrapping up
idle
10 ms. Memory: 129024K Free: 73151K (57%)
Completed execution with 5 iterations
/home/travis/build/icyphy/ptII/ptolemy/actor/lib/test/Commutator.tcl
6 ms. Memory: 129024K Free: 71095K (55%)
12 ms. Memory: 129024K Free: 70085K (54%)
10 ms. Memory: 129024K Free: 64455K (50%)
/home/travis/build/icyphy/ptII/ptolemy/actor/lib/test/Const.tcl
4 ms. Memory: 129024K Free: 62887K (49%)
2 ms. Memory: 129024K Free: 62407K (48%)
3 ms. Memory: 129024K Free: 61893K (48%)
2 ms. Memory: 129024K Free: 61383K (48%)
2 ms. Memory: 129024K Free: 60359K (47%)
10 ms. Memory: 129024K Free: 58821K (46%)
4 ms. Memory: 129024K Free: 57797K (45%)
3 ms. Memory: 129024K Free: 57287K (44%)
/home/travis/build/icyphy/ptII/ptolemy/actor/lib/test/CurrentTime.tcl
preinitializing
resolving types
initializing
executing number 1
wrapping up
idle
6 ms. Memory: 129024K Free: 55239K (43%)
Completed execution with 11 iterations
/home/travis/build/icyphy/ptII/ptolemy/actor/lib/test/DB.tcl
3 ms. Memory: 129024K Free: 53191K (41%)
1 ms. Memory: 129024K Free: 52663K (41%)
2 ms. Memory: 129024K Free: 52663K (41%)
/home/travis/build/icyphy/ptII/ptolemy/actor/lib/test/DiscreteRandomSource.tcl
preinitializing
resolving types
initializing
executing number 1
wrapping up
idle
3 ms. Memory: 129024K Free: 51143K (40%)
Completed execution with 4 iterations
preinitializing
resolving types
initializing
executing number 1
wrapping up
idle
9 ms. Memory: 129024K Free: 50615K (39%)
Completed execution with 4 iterations
preinitializing
resolving types
initializing
executing number 1
wrapping up
idle
5 ms. Memory: 129024K Free: 50119K (39%)
Completed execution with 4 iterations
preinitializing
resolving types
initializing
executing number 1
wrapping up
idle
2 ms. Memory: 129024K Free: 49575K (38%)
Completed execution with 4 iterations
preinitializing
resolving types
initializing
executing number 1
wrapping up
idle
3 ms. Memory: 129024K Free: 49095K (38%)
Completed execution with 4 iterations
/home/travis/build/icyphy/ptII/ptolemy/actor/lib/test/Distributor.tcl
26 ms. Memory: 129024K Free: 114181K (88%)
7 ms. Memory: 129024K Free: 113157K (88%)
StreamChangeRequest.changeExecuted(): <deleteEntity name="rec2"/> succeeded
StreamChangeRequest.changeExecuted(): <deleteRelation name="r2"/> succeeded
StreamChangeRequest.changeExecuted(): Record firings per iteration succeeded
11 ms. Memory: 129024K Free: 110636K (86%)
/home/travis/build/icyphy/ptII/ptolemy/actor/lib/test/Exit.tcl
Exit.tcl: this will print a message about Manager.exitAfterWrapup, which can be ignored.
7 ms. Memory: 129024K Free: 108029K (84%)
/home/travis/build/icyphy/ptII/ptolemy/actor/lib/test/Expression.tcl
21 ms. Memory: 129024K Free: 104486K (81%)
10 ms. Memory: 129024K Free: 103454K (80%)
3 ms. Memory: 129024K Free: 102903K (80%)
preinitializing
resolving types
initializing
executing number 1
wrapping up
idle
15 ms. Memory: 129024K Free: 101391K (79%)
Completed execution with 6 iterations
2 ms. Memory: 129024K Free: 100383K (78%)
2 ms. Memory: 129024K Free: 99815K (77%)
4 ms. Memory: 129024K Free: 98310K (76%)
3 ms. Memory: 129024K Free: 97239K (75%)
3 ms. Memory: 129024K Free: 96215K (75%)
/home/travis/build/icyphy/ptII/ptolemy/actor/lib/test/Gaussian.tcl
3 ms. Memory: 129024K Free: 94215K (73%)
sleeping 1 seconds: ..........................................................................................................................................................................................................................................................................................................................................................................................................................................................................................................................................................................................................................................................................................................................................................................................................................................................................................................................................................................................................................................................................................................................................................................................................................................................................................................................................................................................................................................................................................................................................................................................................................................................................................................................................................................................................................................................................................................................................................................................................................................................................................................................................................................................................................................................................................................................................................................................................................................................................................................................................................................................................................................................................................................................................................................................................................................................................................................................................................................................................................................................................................................................................................................................................................................................................................................................................................................................................................................................................................................................................................................................................................................................................................................................................................................................................................................................................................................................................................................................................................................................................................................................................................................................................................................................................................................................................................................................................................................................................................................................................................................................................................................................................................................................................................................................................................................................................................................................................................................................................................................................................................................................................................................................................................................................................................................................................................................................................................................................................................................................................................................................................................................................................................................................................................................................................................................................................................................................................................................................................................................................................................................................................................................................................................................................................................................................................................................................................................................................................................................................................................................................................................................................................................................................................................................................................................................................................................................................................................................................................................................................................................................................................................................................................................................................................................................................................................................................................................................................................................................................................................................................................................................................................................................................................................................................................................................................................................................................................................................................................................................................................................................................................................................................................................................................................................................................................................................................................................................................................................................................................................................................................................................................................................................................................................................................................................................................................................................................................................................................................................................................................................................................................................................................................................................................................................................................................................................................................................................................................................................................................................................................................................................................................................................................................................................................................................................................................................................................................................................................................................................................................................................................................................................................................................................................................................................................................................................................................................................................................................................................................................................................................................................................................................................................................................................................................................................................................................................................................................................................................................................................................................................................................................................................................................................................................................................................................................................................................................................................................................................................................................................................................................................................................................................................................................................................................................................................................................................................................................................................................................................................................................................................................................................................................................................................................................................................................................................................................................................................................................................................................................................................................................................................................................................................................................................................................................................................................................................................................................................................................................................................................................................................................................................................................................................................................................................................................................................................................................................................................................................................................................................................................................................................................................................................................................................................................................................................................................................................................................................................................................................................................................................................................................................................................................................................................................................................................................................................................................................................................................................................................................................................................................................................................................................................................................................................................................................................................................................................................................................................................................................................................................................................................................................................................................................................................................................................................................................................................................................................................................................................................................................................................................................................................................................................................................................................................................................................................................................................................................................................................................................................................................................................................................................................................................................................................................................................................................................................................................................................................................................................................................................................................................................................................................................................................................................................................................................................................................................................................................................................................................................................................................................................................................................................................................................................................................................................................................................................................................................................................................................................................................................................................................................................................................................................................................................................................................................................................................................................................................................................................................................................................................................................................................................................................................................................................................................................................................................................................................................................................................................................................................................................................................................................................................................................................................................................................................................................................................................................................................................................................................................................................................................................................................................................................................................................................................................................................................................................................................................................................................................................................................................................................................................................................................................................................................................................................................................................................................................................................................................................................................................................................................................................................................................................................................................................................................................................................................................................................................................................................................................................................................................................................................................................................................................................................................................................................................................................................................................................................................................................................................................................................................................................................................................................................................................................................................................................................................................................................................................................................................................................................................................................................................................................................................................................................................................................................................................................................................................................................................................................................................................................................................................................................................................................................................................................................................................................................................................................................................................................................................................................................................................................................................................................................................................................................................................................................................................................................................................................................................................................................................................................................................................................................................................................................................................................................................................................................................................................................................................................................................................................................................................................................................................................................................................................................................................................................................................................................................................................................................................................................................................................................................................................................................................................................................................................................................................................................................................................................................................................................................................................................................................................................................................................................................................................................................................................................................................................................................................................................................................................................................................................................................................................................................................................................................................................................................................................................................................................................................................................................................................................................................................................................................................................................................................................................................................................................................................................................................................................................................................................................................................................................................................................................................................................................................................................................................................................................................................................................................................................................................................................................................................................................................................................................................................................................................................................................................................................................................................................................................................................................................................................................................................................................................................................................................................................................................................................................................................................................................................................................................................................................................................................................................................................................................................................................................................................................................................................................................................................................................................................................................................................................................................................................................................................................................................................................................................................................................................................................................................................................................................................................................................................................................................................................................................................................................................................................................................................................................................................................................................................................................................................................................................................................................................................................................................................................................................................................................................................................................................................................................................................................................................................................................................................................................................................................................................................................................................................................................................................................................................................................................................................................................................................................................................................................................................................................................................................................................................................................................................................................................................................................................................................................................................................................................................................................................................................................................................................................................................................................................................................................................................................................................................................................................................................................................................................................................................................................................................................................................................................................................................................................................................................................................................................................................................................................................................................................................................................................................................................................................................................................................................................................................................................................................................................................................................................................................................................................................................................................................................................................................................................................................................................................................................................................................................................................................................................................................................................................................................................................................................................................................................................................................................................................................................................................................................................................................................................................................................................................................................................................................................................................................................................................................................................................................................................................................................................................................................................................................................................................................................................................................................................................................................................................................................................................................................................................................................................................................................................................................................................................................................................................................................................................................................................................................................................................................................................................................................................................................................................................................................................................................................................................................................................................................................................................................................................................................................................................................................................................................................................................................................................................................................................................................................................................................................................................................................................................................................................................................................................................................................................................................................................................................................................................................................................................................................................................................................................................................................................................................................................................................................................................................................................................................................................................................................................................................................................................................................................................................................................................................................................................................................................................................................................................................................................................................................................................................................................................................................................................................................................................................................................................................................................................................................................................................................................................................................................................................................................................................................................................................................................................................................................................................................................................................................................................................................................................................................................................................................................................................................................................................................................................................................................................................................................................................................................................................................................................................................................................................................................................................................................................................................................................................................................................................................................................................................................................................................................................................................................................................................................................................................................................................................................................................................................................................................................................................................................................................................................................................................................................................................................................................................................................................................................................................................................................................................................................................................................................................................................................................................................................................................................................................................................................................................................................................................................................................................................................................................................................................................................................................................................................................................................................................................................................................................................................................................................................................................................................................................................................................................................................................................................................................................................................................................................................................................................................................................................................................................................................................................................................................................................................................................................................................................................................................................................................................................................................................................................................................................................................................................................................................................................................................................................................................................................................................................................................................................................................................................................................................................................................................................................................................................................................................................................................................................................................................................................................................................................................................................................................................................................................................................................................................................................................................................................................................................................................................................................................................................................................................................................................................................................................................................................................................................................................................................................................................................................................................................................................................................................................................................................................................................................................................................................................................................................................................................................................................................................................................................................................................................................................................................................................................................................................................................................................................................................................................................................................................................................................................................................................................................................................................................................................................................................................................................................................................................................................................................................................................................................................................................................................................................................................................................................................................................................................................................................................................................................................................................................................................................................................................................................................................................................................................................................................................................................................................................................................................................................................................................................................................................................................................................................................................................................................................................................................................................................................................................................................................................................................................................................................................................................................................................................................................................................................................................................................................................................................................................................................................................................................................................................................................................................................................................................................................................................................................................................................................................................................................................................................................................................................................................................................................................................................................................................................................................................................................................................................................................................................................................................................................................................................................................................................................................................................................................................................................................................................................................................................................................................................................................................................................................................................................................................................................................................................................................................................................................................................................................................................................................................................................................................................................................................................................................................................................................................................................................................................................................................................................................................................................................................................................................................................................................................................................................................................................................................................................................................................................................................................................................................................................................................................................................................................................................................................................................................................................................................................................................................................................................................................................................................................................................................................................................................................................................................................................................................................................................................................................................................................................................................................................................................................................................................................................................................................................................................................................................................................................................................................................................................................................................................................................................................................................................................................................................................................................................................................................................................................................................................................................................................................................................................................................................................................................................................................................................................................................................................................................................................................................................................................................................................................................................................................................................................................................................................................................................................................................................................................................................................................................................................................................................................................................................................................................................................................................................................................................................................................................................................................................................................................................................................................................................................................................................................................................................................................................................................................................................................................................................................................................................................................................................................................................................................................................................................................................................................................................................................................................................................................................................................................................................................................................................................................................................................................................................................................................................................................................................................................................................................................................................................................................................................................................................................................................................................................................................................................................................................................................................................................................................................................................................................................................................................................................................................................................................................................................................................................................................................................................................................................................................................................................................................................................................................................................................................................................................................................................................................................................................................................................................................................................................................................................................................................................................................................................................................................................................................................................................................................................................................................................................................................................................................................................................................................................................................................................................................................................................................................................................................................................................................................................................................................................................................................................................................................................................................................................................................................................................................................................................................................................................................................................................................................................................................................................................................................................................................................................................................................................................................................................................................................................................................................................................................................................................................................................................................................................................................................................................................................................................................................................................................................................................................................................................................................................................................................................................................................................................................................................................................................................................................................................................................................................................................................................................................................................................................................................................................................................................................................................................................................................................................................................................................................................................................................................................................................................................................................................................................................................................................................................................................................................................................................................................................................................................................................................................................................................................................................................................................................................................................................................................................................................................................................................................................................................................................................................................................................................................................................................................................................................................................................................................................................................................................................................................................................................................................................................................................................................................................................................................................................................................................................................................................................................................................................................................................................................................................................................................................................................................................................................................................................................................................................................................................................................................................................................................................................................................................................................................................................................................................................................................................................................................................................................................................................................................................................................................................................................................................................................................................................................................................................................................................................................................................................................................................................................................................................................................................................................................................................................................................................................................................................................................................................................................................................................................................................................................................................................................................................................................................................................................................................................................................................................................................................................................................................................................................................................................................................................................................................................................................................................................................................................................................................................................................................................................................................................................................................................................................................................................................................................................................................................................................................................................................................................................................................................................................................................................................................................................................................................................................................................................................3 ms. Memory: 129024K Free: 110786K (86%)
2 ms. Memory: 129024K Free: 109762K (85%)
2 ms. Memory: 129024K Free: 109218K (85%)
17 ms. Memory: 129024K Free: 108736K (84%)
1 ms. Memory: 129024K Free: 108192K (84%)
/home/travis/build/icyphy/ptII/ptolemy/actor/lib/test/IIR.tcl
/home/travis/build/icyphy/ptII/ptolemy/actor/lib/test/Interpolator.tcl
3 ms. Memory: 129024K Free: 104128K (81%)
1 ms. Memory: 129024K Free: 103616K (80%)
2 ms. Memory: 129024K Free: 103104K (80%)
1 ms. Memory: 129024K Free: 102594K (80%)
2 ms. Memory: 129024K Free: 101570K (79%)
2 ms. Memory: 129024K Free: 101056K (78%)
1 ms. Memory: 129024K Free: 100002K (78%)
2 ms. Memory: 129024K Free: 98978K (77%)
1 ms. Memory: 129024K Free: 97984K (76%)
2 ms. Memory: 129024K Free: 97474K (76%)
/home/travis/build/icyphy/ptII/ptolemy/actor/lib/test/MathFunction.tcl
7 ms. Memory: 129024K Free: 95426K (74%)
11 ms. Memory: 129024K Free: 93888K (73%)
2 ms. Memory: 129024K Free: 92864K (72%)
1 ms. Memory: 129024K Free: 92354K (72%)
3 ms. Memory: 129024K Free: 90802K (70%)
7 ms. Memory: 129024K Free: 88762K (69%)
/home/travis/build/icyphy/ptII/ptolemy/actor/lib/test/Maximum.tcl
3 ms. Memory: 129024K Free: 87234K (68%)
6 ms. Memory: 129024K Free: 86210K (67%)
6 ms. Memory: 129024K Free: 85682K (66%)
2 ms. Memory: 129024K Free: 85186K (66%)
/home/travis/build/icyphy/ptII/ptolemy/actor/lib/test/Minimum.tcl
6 ms. Memory: 129024K Free: 83138K (64%)
4 ms. Memory: 129024K Free: 82610K (64%)
2 ms. Memory: 129024K Free: 82114K (64%)
3 ms. Memory: 129024K Free: 81090K (63%)
/home/travis/build/icyphy/ptII/ptolemy/actor/lib/test/MultiplyDivide.tcl
9 ms. Memory: 129024K Free: 79546K (62%)
5 ms. Memory: 129024K Free: 78528K (61%)
4 ms. Memory: 129024K Free: 78018K (60%)
2 ms. Memory: 129024K Free: 76994K (60%)
10 ms. Memory: 129024K Free: 76480K (59%)
/home/travis/build/icyphy/ptII/ptolemy/actor/lib/test/OrderedMerge.tcl
Connections changed on port: inputA
Connections changed on port: inputB
Connections changed on port: output
Connections changed on port: output
Connections changed on port: output
Connections changed on port: input
.top. Preinitializing ...
Invoking preinitialize():  .top.OrderedMerge
Called preinitialize()
Invoking preinitialize():  .top.Ramp
Called preinitialize()
Invoking preinitialize():  .top.Ramp2
Called preinitialize()
Invoking preinitialize():  .top.Test
Called preinitialize()
Connections changed on port: inputA
Connections changed on port: output
Connections changed on port: output
Connections changed on port: input
Connections changed on port: inputB
Connections changed on port: output
.top. Finished preinitialize().
Called initialize().
Invoking initialize():  .top.OrderedMerge
Initializing actor: .top.OrderedMerge
Adding a thread: .top.OrderedMerge
Invoking initialize():  .top.Ramp
Initializing actor: .top.Ramp
Adding a thread: .top.Ramp
Invoking initialize():  .top.Ramp2
Initializing actor: .top.Ramp2
Adding a thread: .top.Ramp2
Invoking initialize():  .top.Test
Initializing actor: .top.Test
Adding a thread: .top.Test
Called fire().
Checking for deadlock:
-- Starting thread.
-- Starting thread.
-- Starting thread.
Called initialize()
Called initialize()
Called prefire()
Called fire()
Called prefire()
-- Starting thread.
Called fire()
Called initialize()
Called prefire()
Called fire()
Called initialize()
Called prefire()
Called fire()
There are 0 Blocked actors, 0 Stopped actors, and 4 active threads.
Waiting for actors to stop.
Checking for deadlock:
There are 1 Blocked actors, 0 Stopped actors, and 4 active threads.
Waiting for actors to stop.
Called postfire()
Called prefire()
Called fire()
Called postfire()
Called prefire()
Called fire()
Called postfire()
Read input token from inputA with value 0.0
Checking for deadlock:
There are 2 Blocked actors, 0 Stopped actors, and 4 active threads.
Waiting for actors to stop.
Next port to read input from is inputB
Called postfire()
Called prefire()
Called fire()
Read input token from inputB with value 0.0
Sent output token with value 0.0
Next port to read input from is inputA
Called postfire()
Called prefire()
Called fire()
Read input token from inputA with value 1.0
Called prefire()
Called fire()
Called postfire()
Called prefire()
Called fire()
Called postfire()
Called prefire()
Called fire()
Checking for deadlock:
There are 3 Blocked actors, 0 Stopped actors, and 4 active threads.
Waiting for actors to stop.
-- Read input: 0.0, which is expected to match: 0.0
Called prefire()
Called fire()
Checking for deadlock:
There are 3 Blocked actors, 0 Stopped actors, and 4 active threads.
Waiting for actors to stop.
Sent output token with value 0.0
Next port to read input from is inputB
Called postfire()
Called prefire()
Called fire()
Read input token from inputB with value 1.5
Checking for deadlock:
There are 2 Blocked actors, 0 Stopped actors, and 4 active threads.
Waiting for actors to stop.
Called postfire()
Called prefire()
Called fire()
-- Read input: 0.0, which is expected to match: 0.0
Called prefire()
Called fire()
Checking for deadlock:
There are 3 Blocked actors, 0 Stopped actors, and 4 active threads.
Waiting for actors to stop.
Sent output token with value 1.0
Next port to read input from is inputA
Called postfire()
Called prefire()
Called fire()
Read input token from inputA with value 2.0
Called postfire()
Called prefire()
Called fire()
Checking for deadlock:
There are 3 Blocked actors, 0 Stopped actors, and 4 active threads.
Waiting for actors to stop.
-- Read input: 1.0, which is expected to match: 1.0
Called prefire()
Called fire()
Sent output token with value 1.5
Next port to read input from is inputB
Called postfire()
Called prefire()
Called fire()
Read input token from inputB with value 3.0
Checking for deadlock:
There are 2 Blocked actors, 0 Stopped actors, and 4 active threads.
Waiting for actors to stop.
Called postfire()
Called prefire()
Called fire()
-- Read input: 1.5, which is expected to match: 1.5
Called prefire()
Called fire()
Checking for deadlock:
There are 3 Blocked actors, 0 Stopped actors, and 4 active threads.
Waiting for actors to stop.
Sent output token with value 2.0
Next port to read input from is inputA
Called postfire()
Called prefire()
Called fire()
Read input token from inputA with value 3.0
Checking for deadlock:
There are 2 Blocked actors, 0 Stopped actors, and 4 active threads.
Waiting for actors to stop.
Called postfire()
Called prefire()
Called fire()
-- Read input: 2.0, which is expected to match: 2.0
Called prefire()
Called fire()
Checking for deadlock:
There are 3 Blocked actors, 0 Stopped actors, and 4 active threads.
Waiting for actors to stop.
Sent output token with value 3.0
Next port to read input from is inputB
Called postfire()
Called prefire()
Called fire()
Read input token from inputB with value 4.5
Called postfire()
Called prefire()
Called fire()
Checking for deadlock:
There are 3 Blocked actors, 0 Stopped actors, and 4 active threads.
Waiting for actors to stop.
-- Read input: 3.0, which is expected to match: 3.0
Called prefire()
Called fire()
Sent output token with value 3.0
Next port to read input from is inputA
Called postfire()
Called prefire()
Called fire()
Read input token from inputA with value 4.0
Checking for deadlock:
There are 2 Blocked actors, 0 Stopped actors, and 4 active threads.
Waiting for actors to stop.
Called postfire()
Called prefire()
Called fire()
-- Read input: 3.0, which is expected to match: 3.0
Called prefire()
Called fire()
Checking for deadlock:
There are 3 Blocked actors, 0 Stopped actors, and 4 active threads.
Waiting for actors to stop.
Sent output token with value 4.0
Next port to read input from is inputA
Called postfire()
Called prefire()
Called fire()
Read input token from inputA with value 5.0
Checking for deadlock:
There are 2 Blocked actors, 0 Stopped actors, and 4 active threads.
Waiting for actors to stop.
-- Read input: 4.0, which is expected to match: 4.0
Called prefire()
Called fire()
Past the end of training data. Read and discard all inputs.
Called postfire()
Called prefire()
Called fire()
Checking for deadlock:
There are 3 Blocked actors, 0 Stopped actors, and 4 active threads.
Waiting for actors to stop.
Sent output token with value 4.5
Next port to read input from is inputB
Called postfire()
Called prefire()
Called fire()
Read input token from inputB with value 6.0
Called prefire()
Called fire()
Past the end of training data. Read and discard all inputs.
Checking for deadlock:
There are 2 Blocked actors, 0 Stopped actors, and 4 active threads.
Waiting for actors to stop.
Called postfire()
Called prefire()
Called fire()
Checking for deadlock:
There are 3 Blocked actors, 0 Stopped actors, and 4 active threads.
Waiting for actors to stop.
Called prefire()
Called fire()
Past the end of training data. Read and discard all inputs.
Sent output token with value 5.0
Next port to read input from is inputA
Called postfire()
Called prefire()
Called fire()
Read input token from inputA with value 6.0
Sent output token with value 6.0
Next port to read input from is inputB
Called postfire()
Called prefire()
Called fire()
Read input token from inputB with value 7.5
Checking for deadlock:
There are 1 Blocked actors, 0 Stopped actors, and 4 active threads.
Waiting for actors to stop.
Called postfire()
Called prefire()
Called fire()
Called prefire()
Called fire()
Past the end of training data. Read and discard all inputs.
Called postfire()
Called prefire()
Called fire()
Checking for deadlock:
There are 3 Blocked actors, 0 Stopped actors, and 4 active threads.
Waiting for actors to stop.
Called prefire()
Called fire()
Past the end of training data. Read and discard all inputs.
Sent output token with value 6.0
Next port to read input from is inputA
Called postfire()
Called prefire()
Called fire()
Read input token from inputA with value 7.0
Sent output token with value 7.0
Next port to read input from is inputA
Called postfire()
Called prefire()
Called fire()
Checking for deadlock:
There are 2 Blocked actors, 0 Stopped actors, and 4 active threads.
Waiting for actors to stop.
Called postfire()
Called prefire()
Called fire()
Called prefire()
Called fire()
Past the end of training data. Read and discard all inputs.
Checking for deadlock:
There are 3 Blocked actors, 0 Stopped actors, and 4 active threads.
Waiting for actors to stop.
Read input token from inputA with value 8.0
Sent output token with value 7.5
Next port to read input from is inputB
Called postfire()
Called prefire()
Called fire()
Read input token from inputB with value 9.0
Checking for deadlock:
There are 1 Blocked actors, 0 Stopped actors, and 4 active threads.
Waiting for actors to stop.
-- Thread wrapup() called.
Called wrapup()
Thread .top.Ramp is exiting.
-- Thread stopped.
Called postfire()
Called prefire()
Called fire()
Checking for deadlock:
There are 2 Blocked actors, 0 Stopped actors, and 3 active threads.
Waiting for actors to stop.
Called prefire()
Called fire()
Past the end of training data. Read and discard all inputs.
Sent output token with value 8.0
Next port to read input from is inputA
Called postfire()
Called prefire()
Called fire()
Read input token from inputA with value 9.0
Checking for deadlock:
There are 2 Blocked actors, 0 Stopped actors, and 3 active threads.
Waiting for actors to stop.
Called prefire()
Called fire()
Past the end of training data. Read and discard all inputs.
Sent output token with value 9.0
Next port to read input from is inputB
Called postfire()
Called prefire()
Called fire()
Read input token from inputB with value 10.5
Checking for deadlock:
There are 1 Blocked actors, 0 Stopped actors, and 3 active threads.
Waiting for actors to stop.
Called postfire()
Called prefire()
Called fire()
Checking for deadlock:
There are 0 Blocked actors, 0 Stopped actors, and 3 active threads.
Waiting for actors to stop.
Sent output token with value 9.0
Called prefire()
Called fire()
Past the end of training data. Read and discard all inputs.
Called prefire()
Called fire()
Past the end of training data. Read and discard all inputs.
Next port to read input from is inputA
Called postfire()
Called prefire()
Called fire()
Checking for deadlock:
There are 3 Blocked actors, 0 Stopped actors, and 3 active threads.
Actors have stopped.
Checking for deadlock:
There are 3 Blocked actors, 0 Stopped actors, and 3 active threads.
Deadlock detected.
Resolving Deadlock
Checking for deadlock:
There are 3 Blocked actors, 0 Stopped actors, and 3 active threads.
Artificial Deadlock - increasing queue capacity.
increasing the capacity of receiver ptolemy.actor.TypedIOPort {.top.OrderedMerge.inputB} to 2
-- Thread wrapup() called.
Called wrapup()
Thread .top.Ramp2 is exiting.
-- Thread stopped.
Director: Called postfire().
Called postfire().
_stopRequested = false
_stopFireRequested = false
Returning from postfire(): true
Called fire().
Checking for deadlock:
There are 2 Blocked actors, 0 Stopped actors, and 2 active threads.
Actors have stopped.
Checking for deadlock:
There are 2 Blocked actors, 0 Stopped actors, and 2 active threads.
Deadlock detected.
Resolving Deadlock
Checking for deadlock:
There are 2 Blocked actors, 0 Stopped actors, and 2 active threads.
Deadlock detected: no processes blocked on write, but some are blocked on read.
Called postfire().
_stopRequested = false
_stopFireRequested = false
Returning from postfire(): false
Finished deactivating branches.
Called wrapup().
-- Thread wrapup() called.
Called wrapup()
Thread .top.OrderedMerge is exiting.
-- Thread stopped.
-- Blocked Receiver call threw TerminateProcessException.
-- Thread wrapup() called.
Called wrapup()
Thread .top.Test is exiting.
-- Thread stopped.
-- Blocked Receiver call threw TerminateProcessException.
56 ms. Memory: 129024K Free: 71360K (55%)
.top. Preinitializing ...
Invoking preinitialize():  .top.OrderedMerge
Called preinitialize()
Invoking preinitialize():  .top.Ramp
Called preinitialize()
Invoking preinitialize():  .top.Ramp2
Called preinitialize()
Invoking preinitialize():  .top.Test
Called preinitialize()
.top. Finished preinitialize().
Called initialize().
Invoking initialize():  .top.OrderedMerge
Initializing actor: .top.OrderedMerge
Adding a thread: .top.OrderedMerge
Invoking initialize():  .top.Ramp
Initializing actor: .top.Ramp
Adding a thread: .top.Ramp
Invoking initialize():  .top.Ramp2
Initializing actor: .top.Ramp2
Adding a thread: .top.Ramp2
Invoking initialize():  .top.Test
Initializing actor: .top.Test
Adding a thread: .top.Test
-- Starting thread.
Called initialize()
Called prefire()
Called fire()
-- Starting thread.
Called initialize()
Called prefire()
Called fire()
Called postfire()
Called prefire()
Called fire()
-- Starting thread.
Called initialize()
Called prefire()
Called fire()
Called postfire()
Called prefire()
Called fire()
Called fire().
Checking for deadlock:
There are 3 Blocked actors, 0 Stopped actors, and 4 active threads.
Waiting for actors to stop.
-- Starting thread.
Called initialize()
Called prefire()
Called fire()
Checking for deadlock:
There are 2 Blocked actors, 0 Stopped actors, and 4 active threads.
Waiting for actors to stop.
Called postfire()
Called prefire()
Called fire()
Checking for deadlock:
There are 3 Blocked actors, 0 Stopped actors, and 4 active threads.
Waiting for actors to stop.
Read input token from inputA with value 0.0
Next port to read input from is inputB
Called postfire()
Called prefire()
Called fire()
Called postfire()
Called prefire()
Called fire()
Checking for deadlock:
There are 3 Blocked actors, 0 Stopped actors, and 4 active threads.
Waiting for actors to stop.
Read input token from inputB with value 0.0
Checking for deadlock:
There are 2 Blocked actors, 0 Stopped actors, and 4 active threads.
Waiting for actors to stop.
-- Read input: 0.0, which is expected to match: 0.0
Called prefire()
Called fire()
Checking for deadlock:
There are 3 Blocked actors, 0 Stopped actors, and 4 active threads.
Waiting for actors to stop.
Sent output token with value 0.0
Next port to read input from is inputA
Called postfire()
Called prefire()
Called fire()
Checking for deadlock:
There are 2 Blocked actors, 0 Stopped actors, and 4 active threads.
Waiting for actors to stop.
Called postfire()
Called prefire()
Called fire()
Checking for deadlock:
There are 3 Blocked actors, 0 Stopped actors, and 4 active threads.
Waiting for actors to stop.
Read input token from inputA with value 1.0
Checking for deadlock:
There are 2 Blocked actors, 0 Stopped actors, and 4 active threads.
Waiting for actors to stop.
-- Read input: 0.0, which is expected to match: 0.0
Called prefire()
Called fire()
Checking for deadlock:
There are 3 Blocked actors, 0 Stopped actors, and 4 active threads.
Waiting for actors to stop.
Sent output token with value 0.0
Next port to read input from is inputB
Called postfire()
Called prefire()
Called fire()
Called postfire()
Called prefire()
Called fire()
Checking for deadlock:
There are 3 Blocked actors, 0 Stopped actors, and 4 active threads.
Waiting for actors to stop.
Read input token from inputB with value 1.5
-- Read input: 1.0, which is expected to match: 1.0
Called prefire()
Called fire()
Checking for deadlock:
There are 3 Blocked actors, 0 Stopped actors, and 4 active threads.
Waiting for actors to stop.
Sent output token with value 1.0
Next port to read input from is inputA
Called postfire()
Called prefire()
Called fire()
Checking for deadlock:
There are 2 Blocked actors, 0 Stopped actors, and 4 active threads.
Waiting for actors to stop.
Called postfire()
Called prefire()
Called fire()
Checking for deadlock:
There are 3 Blocked actors, 0 Stopped actors, and 4 active threads.
Waiting for actors to stop.
Read input token from inputA with value 2.0
Checking for deadlock:
There are 2 Blocked actors, 0 Stopped actors, and 4 active threads.
Waiting for actors to stop.
-- Read input: 1.5, which is expected to match: 1.5
Called prefire()
Called fire()
Checking for deadlock:
There are 3 Blocked actors, 0 Stopped actors, and 4 active threads.
Waiting for actors to stop.
Sent output token with value 1.5
Next port to read input from is inputB
Called postfire()
Called prefire()
Called fire()
Checking for deadlock:
There are 2 Blocked actors, 0 Stopped actors, and 4 active threads.
Waiting for actors to stop.
Called postfire()
Called prefire()
Called fire()
Checking for deadlock:
There are 3 Blocked actors, 0 Stopped actors, and 4 active threads.
Waiting for actors to stop.
Read input token from inputB with value 3.0
Checking for deadlock:
There are 2 Blocked actors, 0 Stopped actors, and 4 active threads.
Waiting for actors to stop.
-- Read input: 2.0, which is expected to match: 2.0
Called prefire()
Called fire()
Checking for deadlock:
There are 3 Blocked actors, 0 Stopped actors, and 4 active threads.
Waiting for actors to stop.
Sent output token with value 2.0
Next port to read input from is inputA
Called postfire()
Called prefire()
Called fire()
Checking for deadlock:
There are 2 Blocked actors, 0 Stopped actors, and 4 active threads.
Waiting for actors to stop.
Called postfire()
Called prefire()
Called fire()
Checking for deadlock:
There are 3 Blocked actors, 0 Stopped actors, and 4 active threads.
Waiting for actors to stop.
Read input token from inputA with value 3.0
Checking for deadlock:
There are 2 Blocked actors, 0 Stopped actors, and 4 active threads.
Waiting for actors to stop.
-- Read input: 3.0, which is expected to match: 3.0
Called prefire()
Called fire()
Checking for deadlock:
There are 3 Blocked actors, 0 Stopped actors, and 4 active threads.
Waiting for actors to stop.
Sent output token with value 3.0
Next port to read input from is inputB
Called postfire()
Called prefire()
Called fire()
Called postfire()
Called prefire()
Called fire()
Checking for deadlock:
There are 3 Blocked actors, 0 Stopped actors, and 4 active threads.
Waiting for actors to stop.
Read input token from inputB with value 4.5
-- Read input: 3.0, which is expected to match: 3.0
Called prefire()
Called fire()
Checking for deadlock:
There are 3 Blocked actors, 0 Stopped actors, and 4 active threads.
Waiting for actors to stop.
Sent output token with value 3.0
Next port to read input from is inputA
Called postfire()
Called prefire()
Called fire()
Checking for deadlock:
There are 2 Blocked actors, 0 Stopped actors, and 4 active threads.
Waiting for actors to stop.
Called postfire()
Called prefire()
Called fire()
Checking for deadlock:
There are 3 Blocked actors, 0 Stopped actors, and 4 active threads.
Waiting for actors to stop.
Read input token from inputA with value 4.0
Checking for deadlock:
There are 2 Blocked actors, 0 Stopped actors, and 4 active threads.
Waiting for actors to stop.
-- Read input: 4.0, which is expected to match: 4.0
Called prefire()
Called fire()
Past the end of training data. Read and discard all inputs.
Checking for deadlock:
There are 3 Blocked actors, 0 Stopped actors, and 4 active threads.
Waiting for actors to stop.
Sent output token with value 4.0
Next port to read input from is inputA
Called postfire()
Called prefire()
Called fire()
Checking for deadlock:
There are 2 Blocked actors, 0 Stopped actors, and 4 active threads.
Waiting for actors to stop.
Called postfire()
Called prefire()
Called fire()
Checking for deadlock:
There are 3 Blocked actors, 0 Stopped actors, and 4 active threads.
Waiting for actors to stop.
Read input token from inputA with value 5.0
Checking for deadlock:
There are 2 Blocked actors, 0 Stopped actors, and 4 active threads.
Waiting for actors to stop.
Called prefire()
Called fire()
Past the end of training data. Read and discard all inputs.
Checking for deadlock:
There are 3 Blocked actors, 0 Stopped actors, and 4 active threads.
Waiting for actors to stop.
Sent output token with value 4.5
Next port to read input from is inputB
Called postfire()
Called prefire()
Called fire()
Called postfire()
Called prefire()
Called fire()
Checking for deadlock:
There are 3 Blocked actors, 0 Stopped actors, and 4 active threads.
Waiting for actors to stop.
Read input token from inputB with value 6.0
Called prefire()
Called fire()
Past the end of training data. Read and discard all inputs.
Checking for deadlock:
There are 3 Blocked actors, 0 Stopped actors, and 4 active threads.
Waiting for actors to stop.
Sent output token with value 5.0
Next port to read input from is inputA
Called postfire()
Called prefire()
Called fire()
Checking for deadlock:
There are 2 Blocked actors, 0 Stopped actors, and 4 active threads.
Waiting for actors to stop.
Called postfire()
Called prefire()
Called fire()
Checking for deadlock:
There are 3 Blocked actors, 0 Stopped actors, and 4 active threads.
Waiting for actors to stop.
Read input token from inputA with value 6.0
Checking for deadlock:
There are 2 Blocked actors, 0 Stopped actors, and 4 active threads.
Waiting for actors to stop.
Called prefire()
Called fire()
Past the end of training data. Read and discard all inputs.
Checking for deadlock:
There are 3 Blocked actors, 0 Stopped actors, and 4 active threads.
Waiting for actors to stop.
Sent output token with value 6.0
Next port to read input from is inputB
Called postfire()
Called prefire()
Called fire()
Checking for deadlock:
There are 2 Blocked actors, 0 Stopped actors, and 4 active threads.
Waiting for actors to stop.
Called postfire()
Called prefire()
Called fire()
Checking for deadlock:
There are 3 Blocked actors, 0 Stopped actors, and 4 active threads.
Waiting for actors to stop.
Read input token from inputB with value 7.5
Checking for deadlock:
There are 2 Blocked actors, 0 Stopped actors, and 4 active threads.
Waiting for actors to stop.
Called prefire()
Called fire()
Past the end of training data. Read and discard all inputs.
Checking for deadlock:
There are 3 Blocked actors, 0 Stopped actors, and 4 active threads.
Waiting for actors to stop.
Sent output token with value 6.0
Next port to read input from is inputA
Called postfire()
Called prefire()
Called fire()
Called postfire()
Called prefire()
Called fire()
Checking for deadlock:
There are 3 Blocked actors, 0 Stopped actors, and 4 active threads.
Waiting for actors to stop.
Read input token from inputA with value 7.0
Called prefire()
Called fire()
Past the end of training data. Read and discard all inputs.
Checking for deadlock:
There are 3 Blocked actors, 0 Stopped actors, and 4 active threads.
Waiting for actors to stop.
Sent output token with value 7.0
Next port to read input from is inputA
Called postfire()
Called prefire()
Called fire()
-- Thread wrapup() called.
Called wrapup()
Thread .top.Ramp is exiting.
-- Thread stopped.
Checking for deadlock:
There are 2 Blocked actors, 0 Stopped actors, and 3 active threads.
Waiting for actors to stop.
Read input token from inputA with value 8.0
Checking for deadlock:
There are 1 Blocked actors, 0 Stopped actors, and 3 active threads.
Waiting for actors to stop.
Called prefire()
Called fire()
Past the end of training data. Read and discard all inputs.
Checking for deadlock:
There are 2 Blocked actors, 0 Stopped actors, and 3 active threads.
Waiting for actors to stop.
Sent output token with value 7.5
Next port to read input from is inputB
Called postfire()
Called prefire()
Called fire()
Checking for deadlock:
There are 1 Blocked actors, 0 Stopped actors, and 3 active threads.
Waiting for actors to stop.
Called postfire()
Called prefire()
Called fire()
Checking for deadlock:
There are 2 Blocked actors, 0 Stopped actors, and 3 active threads.
Waiting for actors to stop.
Read input token from inputB with value 9.0
Checking for deadlock:
There are 1 Blocked actors, 0 Stopped actors, and 3 active threads.
Waiting for actors to stop.
Called prefire()
Called fire()
Past the end of training data. Read and discard all inputs.
Checking for deadlock:
There are 2 Blocked actors, 0 Stopped actors, and 3 active threads.
Waiting for actors to stop.
Sent output token with value 8.0
Next port to read input from is inputA
Called postfire()
Called prefire()
Called fire()
Read input token from inputA with value 9.0
Called prefire()
Called fire()
Past the end of training data. Read and discard all inputs.
Checking for deadlock:
There are 2 Blocked actors, 0 Stopped actors, and 3 active threads.
Waiting for actors to stop.
Sent output token with value 9.0
Next port to read input from is inputB
Called postfire()
Called prefire()
Called fire()
Called postfire()
Called prefire()
Called fire()
Checking for deadlock:
There are 2 Blocked actors, 0 Stopped actors, and 3 active threads.
Waiting for actors to stop.
Read input token from inputB with value 10.5
Called prefire()
Called fire()
Past the end of training data. Read and discard all inputs.
Checking for deadlock:
There are 2 Blocked actors, 0 Stopped actors, and 3 active threads.
Waiting for actors to stop.
Sent output token with value 9.0
Next port to read input from is inputA
Called postfire()
Called prefire()
Called fire()
Checking for deadlock:
There are 3 Blocked actors, 0 Stopped actors, and 3 active threads.
Actors have stopped.
Checking for deadlock:
There are 3 Blocked actors, 0 Stopped actors, and 3 active threads.
Deadlock detected.
Resolving Deadlock
Checking for deadlock:
There are 3 Blocked actors, 0 Stopped actors, and 3 active threads.
Artificial Deadlock - increasing queue capacity.
increasing the capacity of receiver ptolemy.actor.TypedIOPort {.top.OrderedMerge.inputB} to 2
Director: Called postfire().
Called postfire().
_stopRequested = false
_stopFireRequested = false
Returning from postfire(): true
Called fire().
Checking for deadlock:
There are 2 Blocked actors, 0 Stopped actors, and 3 active threads.
Waiting for actors to stop.
-- Thread wrapup() called.
Called wrapup()
Thread .top.Ramp2 is exiting.
-- Thread stopped.
Checking for deadlock:
There are 2 Blocked actors, 0 Stopped actors, and 2 active threads.
Actors have stopped.
Checking for deadlock:
There are 2 Blocked actors, 0 Stopped actors, and 2 active threads.
Deadlock detected.
Resolving Deadlock
Checking for deadlock:
There are 2 Blocked actors, 0 Stopped actors, and 2 active threads.
Deadlock detected: no processes blocked on write, but some are blocked on read.
Called postfire().
_stopRequested = false
_stopFireRequested = false
Returning from postfire(): false
Finished deactivating branches.
Called wrapup().
-- Thread wrapup() called.
Called wrapup()
-- Thread wrapup() called.
Called wrapup()
Thread .top.Test is exiting.
-- Thread stopped.
-- Blocked Receiver call threw TerminateProcessException.
Thread .top.OrderedMerge is exiting.
-- Thread stopped.
-- Blocked Receiver call threw TerminateProcessException.
31 ms. Memory: 129024K Free: 69312K (54%)
/home/travis/build/icyphy/ptII/ptolemy/actor/lib/test/Publisher.tcl
14 ms. Memory: 129024K Free: 63154K (49%)
6 ms. Memory: 129024K Free: 57538K (45%)
6 ms. Memory: 129024K Free: 53946K (42%)
10 ms. Memory: 129024K Free: 52914K (41%)
8 ms. Memory: 129024K Free: 51898K (40%)
15 ms. Memory: 129024K Free: 51394K (40%)
2 ms. Memory: 129024K Free: 50370K (39%)
3 ms. Memory: 129024K Free: 49826K (39%)
26 ms. Memory: 155648K Free: 138636K (89%)
3 ms. Memory: 155648K Free: 135052K (87%)
2 ms. Memory: 155648K Free: 134028K (86%)
4 ms. Memory: 155648K Free: 131980K (85%)
14 ms. Memory: 155648K Free: 124284K (80%)
13 ms. Memory: 155648K Free: 114572K (74%)
5 ms. Memory: 155648K Free: 103804K (67%)
/home/travis/build/icyphy/ptII/ptolemy/actor/lib/test/Pulse.tcl
7 ms. Memory: 155648K Free: 65924K (42%)
2 ms. Memory: 155648K Free: 65420K (42%)
1 ms. Memory: 155648K Free: 64876K (42%)
1 ms. Memory: 155648K Free: 64396K (41%)
5 ms. Memory: 155648K Free: 63868K (41%)
6 ms. Memory: 155648K Free: 62858K (40%)
5 ms. Memory: 155648K Free: 61804K (40%)
3 ms. Memory: 155648K Free: 60796K (39%)
4 ms. Memory: 155648K Free: 60300K (39%)
/home/travis/build/icyphy/ptII/ptolemy/actor/lib/test/Ramp.tcl
7 ms. Memory: 155648K Free: 58252K (37%)
2 ms. Memory: 155648K Free: 57708K (37%)
11 ms. Memory: 155648K Free: 137255K (88%)
1 ms. Memory: 155648K Free: 136745K (88%)
3 ms. Memory: 155648K Free: 135721K (87%)
3 ms. Memory: 155648K Free: 135137K (87%)
4 ms. Memory: 155648K Free: 134153K (86%)
5 actors
5000 microseconds per iteration to create
4 ms. Memory: 155648K Free: 131097K (84%)
1 ms. Memory: 155648K Free: 130601K (84%)
2 ms. Memory: 155648K Free: 130081K (84%)
2 ms. Memory: 155648K Free: 129577K (83%)
50 actors
28000 microseconds per iteration to create
23 ms. Memory: 155648K Free: 113673K (73%)
4 ms. Memory: 155648K Free: 112673K (72%)
4 ms. Memory: 155648K Free: 111641K (72%)
4 ms. Memory: 155648K Free: 110601K (71%)
500 actors
1288000 microseconds per iteration to create
276 ms. Memory: 155648K Free: 119098K (77%)
41 ms. Memory: 155648K Free: 113464K (73%)
37 ms. Memory: 155648K Free: 108344K (70%)
46 ms. Memory: 155648K Free: 103224K (66%)
/home/travis/build/icyphy/ptII/ptolemy/actor/lib/test/RampContinuous.tcl
7 ms. Memory: 155648K Free: 101690K (65%)
/home/travis/build/icyphy/ptII/ptolemy/actor/lib/test/RecordAssembler.tcl
4 ms. Memory: 155648K Free: 100138K (64%)
2 ms. Memory: 155648K Free: 99128K (64%)
/home/travis/build/icyphy/ptII/ptolemy/actor/lib/test/RecordDisassembler.tcl
6 ms. Memory: 155648K Free: 97080K (62%)
2 ms. Memory: 155648K Free: 96570K (62%)
2 ms. Memory: 155648K Free: 95546K (61%)
/home/travis/build/icyphy/ptII/ptolemy/actor/lib/test/Scale.tcl
2 ms. Memory: 155648K Free: 93498K (60%)
2 ms. Memory: 155648K Free: 92970K (60%)
1 ms. Memory: 155648K Free: 91946K (59%)
1 ms. Memory: 155648K Free: 90936K (58%)
2 ms. Memory: 155648K Free: 90426K (58%)
/home/travis/build/icyphy/ptII/ptolemy/actor/lib/test/SequentialClock.tcl
preinitializing
resolving types
initializing
executing number 1
wrapping up
idle
3 ms. Memory: 155648K Free: 88874K (57%)
Completed execution with 5 iterations
preinitializing
resolving types
initializing
executing number 1
wrapping up
idle
1 ms. Memory: 155648K Free: 88378K (57%)
Completed execution with 5 iterations
preinitializing
resolving types
initializing
executing number 1
wrapping up
idle
1 ms. Memory: 155648K Free: 87864K (56%)
Completed execution with 5 iterations
/home/travis/build/icyphy/ptII/ptolemy/actor/lib/test/SetVariable.tcl
3 ms. Memory: 155648K Free: 86330K (55%)
/home/travis/build/icyphy/ptII/ptolemy/actor/lib/test/Sinewave.tcl
/home/travis/build/icyphy/ptII/ptolemy/actor/lib/test/SubscriptionAggregator.tcl
3 ms. Memory: 155648K Free: 74552K (48%)
2 ms. Memory: 155648K Free: 74042K (48%)
0 ms. Memory: 155648K Free: 73528K (47%)
1 ms. Memory: 155648K Free: 73018K (47%)
2 ms. Memory: 155648K Free: 69432K (45%)
17 ms. Memory: 155648K Free: 67384K (43%)
...............................................................980 ms. Memory: 296960K Free: 198593K (67%)
/home/travis/build/icyphy/ptII/ptolemy/actor/lib/test/Test.tcl
 The next command will produce a warning about training mode,
   which may be ignored.
5 ms. Memory: 296960K Free: 196554K (66%)
9 ms. Memory: 296960K Free: 196044K (66%)
1 ms. Memory: 296960K Free: 195020K (66%)
1 ms. Memory: 296960K Free: 194491K (65%)
3 ms. Memory: 296960K Free: 193996K (65%)
3 ms. Memory: 296960K Free: 192972K (65%)
4 ms. Memory: 296960K Free: 191434K (64%)
 The next command will produce a warning about training mode,
   which may be ignored.
4 ms. Memory: 296960K Free: 189386K (64%)
 The next command will produce a warning about training mode,
   which may be ignored.
3 ms. Memory: 296960K Free: 187852K (63%)
1 ms. Memory: 296960K Free: 187307K (63%)
1 ms. Memory: 296960K Free: 187307K (63%)
3 ms. Memory: 296960K Free: 186299K (63%)
7 ms. Memory: 296960K Free: 185290K (62%)
4 ms. Memory: 296960K Free: 181708K (61%)
/home/travis/build/icyphy/ptII/ptolemy/actor/lib/test/TestExceptionHandler.tcl
 The next command will produce a warning about training mode,
   which may be ignored.
2 ms. Memory: 296960K Free: 180684K (61%)
1 ms. Memory: 296960K Free: 180170K (61%)
1 ms. Memory: 296960K Free: 179131K (60%)
/home/travis/build/icyphy/ptII/ptolemy/actor/lib/test/UnionDisassembler.tcl
23 ms. Memory: 296960K Free: 171978K (58%)
/home/travis/build/icyphy/ptII/ptolemy/actor/lib/test/VariableClock.tcl
preinitializing
resolving types
initializing
executing number 1
wrapping up
idle
9 ms. Memory: 296960K Free: 170444K (57%)
Completed execution with 11 iterations
preinitializing
resolving types
initializing
executing number 1
wrapping up
idle
7 ms. Memory: 296960K Free: 168899K (57%)
Completed execution with 10 iterations
01/07/20 06:42:20
Failed: 0  Total Tests: 233  ((Passed: 233, Newly Passed: 0)  Known Failed: 0) /home/travis/build/icyphy/ptII/ptolemy/actor/lib/test
----------------- testing (KnownFailure) /home/travis/build/icyphy/ptII/ptolemy/actor/lib/test/auto/knownFailedTests/PublisherPortToplevelSubscriber.xml
1 ms. Memory: 296960K Free: 165324K (56%)
Known Failure: java.lang.reflect.InvocationTargetException
----------------- testing (KnownFailure) /home/travis/build/icyphy/ptII/ptolemy/actor/lib/test/auto/knownFailedTests/PublisherSubscriberPortToplevel.xml
0 ms. Memory: 296960K Free: 161738K (54%)
Known Failure: java.lang.reflect.InvocationTargetException
----------------- testing (KnownFailure) /home/travis/build/icyphy/ptII/ptolemy/actor/lib/test/auto/knownFailedTests/PublisherSubscriptionAggregatorPort.xml
0 ms. Memory: 296960K Free: 157642K (53%)
Known Failure: java.lang.reflect.InvocationTargetException
----------------- testing (KnownFailure) /home/travis/build/icyphy/ptII/ptolemy/actor/lib/test/auto/knownFailedTests/sizedarray3.xml
8 ms. Memory: 296960K Free: 153036K (52%)
Known Failure: java.lang.reflect.InvocationTargetException
No auto/linux-amd64/*.xml tests in /home/travis/build/icyphy/ptII/ptolemy/actor/lib/test
AutoTests.java: About to close Vertx.
AutoTests.java: Vertx closed.

===========================================================================================
----------------- testing Tue Jan 07 06:42:20 UTC 2020 /home/travis/build/icyphy/ptII/ptolemy/actor/lib/test/auto/AbsoluteValue.xml
----------------- Instantiating /home/travis/build/icyphy/ptII/ptolemy/actor/lib/test/auto/AbsoluteValue.xml
4 ms. Memory: 296960K Free: 130508K (44%)
----------------- Invoking toplevel() on ptolemy.moml.MoMLSimpleApplication@45e77d0c
----------------- Done invoking toplevel() on ptolemy.moml.MoMLSimpleApplication@45e77d0c
reloadAllAccessors: .AbsoluteValue

===========================================================================================
----------------- testing Tue Jan 07 06:42:21 UTC 2020 /home/travis/build/icyphy/ptII/ptolemy/actor/lib/test/auto/AbsoluteValue2.xml
----------------- Instantiating /home/travis/build/icyphy/ptII/ptolemy/actor/lib/test/auto/AbsoluteValue2.xml
80 ms. Memory: 296960K Free: 245246K (83%)
----------------- Invoking toplevel() on ptolemy.moml.MoMLSimpleApplication@723a8d69
----------------- Done invoking toplevel() on ptolemy.moml.MoMLSimpleApplication@723a8d69
reloadAllAccessors: .AbsoluteValue2

===========================================================================================
----------------- testing Tue Jan 07 06:42:21 UTC 2020 /home/travis/build/icyphy/ptII/ptolemy/actor/lib/test/auto/Accumulator.xml
----------------- Instantiating /home/travis/build/icyphy/ptII/ptolemy/actor/lib/test/auto/Accumulator.xml
7 ms. Memory: 296960K Free: 238078K (80%)
----------------- Invoking toplevel() on ptolemy.moml.MoMLSimpleApplication@4044401f
----------------- Done invoking toplevel() on ptolemy.moml.MoMLSimpleApplication@4044401f
reloadAllAccessors: .Accumulator

===========================================================================================
----------------- testing Tue Jan 07 06:42:21 UTC 2020 /home/travis/build/icyphy/ptII/ptolemy/actor/lib/test/auto/Accumulator2.xml
----------------- Instantiating /home/travis/build/icyphy/ptII/ptolemy/actor/lib/test/auto/Accumulator2.xml
2 ms. Memory: 296960K Free: 232958K (78%)
----------------- Invoking toplevel() on ptolemy.moml.MoMLSimpleApplication@7789f395
----------------- Done invoking toplevel() on ptolemy.moml.MoMLSimpleApplication@7789f395
reloadAllAccessors: .Accumulator2

===========================================================================================
----------------- testing Tue Jan 07 06:42:21 UTC 2020 /home/travis/build/icyphy/ptII/ptolemy/actor/lib/test/auto/Accumulator3.xml
----------------- Instantiating /home/travis/build/icyphy/ptII/ptolemy/actor/lib/test/auto/Accumulator3.xml
8 ms. Memory: 296960K Free: 228862K (77%)
----------------- Invoking toplevel() on ptolemy.moml.MoMLSimpleApplication@319e3824
----------------- Done invoking toplevel() on ptolemy.moml.MoMLSimpleApplication@319e3824
reloadAllAccessors: .Accumulator3

===========================================================================================
----------------- testing Tue Jan 07 06:42:21 UTC 2020 /home/travis/build/icyphy/ptII/ptolemy/actor/lib/test/auto/ArrayAppend.xml
----------------- Instantiating /home/travis/build/icyphy/ptII/ptolemy/actor/lib/test/auto/ArrayAppend.xml
7 ms. Memory: 296960K Free: 222703K (75%)
----------------- Invoking toplevel() on ptolemy.moml.MoMLSimpleApplication@479ef306
----------------- Done invoking toplevel() on ptolemy.moml.MoMLSimpleApplication@479ef306
reloadAllAccessors: .ArrayAppend

===========================================================================================
----------------- testing Tue Jan 07 06:42:21 UTC 2020 /home/travis/build/icyphy/ptII/ptolemy/actor/lib/test/auto/ArrayAppend2.xml
----------------- Instantiating /home/travis/build/icyphy/ptII/ptolemy/actor/lib/test/auto/ArrayAppend2.xml
435 ms. Memory: 296960K Free: 140288K (47%)
----------------- Invoking toplevel() on ptolemy.moml.MoMLSimpleApplication@1a9a8722
----------------- Done invoking toplevel() on ptolemy.moml.MoMLSimpleApplication@1a9a8722
reloadAllAccessors: .ArrayAppend2

===========================================================================================
----------------- testing Tue Jan 07 06:42:21 UTC 2020 /home/travis/build/icyphy/ptII/ptolemy/actor/lib/test/auto/ArrayAppend3.xml
----------------- Instantiating /home/travis/build/icyphy/ptII/ptolemy/actor/lib/test/auto/ArrayAppend3.xml
4 ms. Memory: 296960K Free: 134654K (45%)
----------------- Invoking toplevel() on ptolemy.moml.MoMLSimpleApplication@42bfb87e
----------------- Done invoking toplevel() on ptolemy.moml.MoMLSimpleApplication@42bfb87e
reloadAllAccessors: .ArrayAppend3

===========================================================================================
----------------- testing Tue Jan 07 06:42:21 UTC 2020 /home/travis/build/icyphy/ptII/ptolemy/actor/lib/test/auto/ArrayAppend4.xml
----------------- Instantiating /home/travis/build/icyphy/ptII/ptolemy/actor/lib/test/auto/ArrayAppend4.xml
2 ms. Memory: 296960K Free: 129024K (43%)
----------------- Invoking toplevel() on ptolemy.moml.MoMLSimpleApplication@7cccdaa4
----------------- Done invoking toplevel() on ptolemy.moml.MoMLSimpleApplication@7cccdaa4
reloadAllAccessors: .ArrayAppend4

===========================================================================================
----------------- testing Tue Jan 07 06:42:21 UTC 2020 /home/travis/build/icyphy/ptII/ptolemy/actor/lib/test/auto/ArrayAppend5.xml
----------------- Instantiating /home/travis/build/icyphy/ptII/ptolemy/actor/lib/test/auto/ArrayAppend5.xml
4 ms. Memory: 296960K Free: 242686K (82%)
----------------- Invoking toplevel() on ptolemy.moml.MoMLSimpleApplication@78f04aa4
----------------- Done invoking toplevel() on ptolemy.moml.MoMLSimpleApplication@78f04aa4
reloadAllAccessors: .ArrayAppend5

===========================================================================================
----------------- testing Tue Jan 07 06:42:21 UTC 2020 /home/travis/build/icyphy/ptII/ptolemy/actor/lib/test/auto/ArrayAppend6.xml
----------------- Instantiating /home/travis/build/icyphy/ptII/ptolemy/actor/lib/test/auto/ArrayAppend6.xml
2 ms. Memory: 296960K Free: 237056K (80%)
----------------- Invoking toplevel() on ptolemy.moml.MoMLSimpleApplication@f9742f0
----------------- Done invoking toplevel() on ptolemy.moml.MoMLSimpleApplication@f9742f0
reloadAllAccessors: .ArrayAppend6

===========================================================================================
----------------- testing Tue Jan 07 06:42:21 UTC 2020 /home/travis/build/icyphy/ptII/ptolemy/actor/lib/test/auto/ArrayAppendPerformanceTest.xml
----------------- Instantiating /home/travis/build/icyphy/ptII/ptolemy/actor/lib/test/auto/ArrayAppendPerformanceTest.xml
35 ms. Memory: 296960K Free: 226302K (76%)
----------------- Invoking toplevel() on ptolemy.moml.MoMLSimpleApplication@46ceb771
----------------- Done invoking toplevel() on ptolemy.moml.MoMLSimpleApplication@46ceb771
reloadAllAccessors: .ArrayAppendPerformanceTest

===========================================================================================
----------------- testing Tue Jan 07 06:42:22 UTC 2020 /home/travis/build/icyphy/ptII/ptolemy/actor/lib/test/auto/ArrayAppendWithEmptyInput.xml
----------------- Instantiating /home/travis/build/icyphy/ptII/ptolemy/actor/lib/test/auto/ArrayAppendWithEmptyInput.xml
14 ms. Memory: 296960K Free: 218110K (73%)
----------------- Invoking toplevel() on ptolemy.moml.MoMLSimpleApplication@1bd37afb
----------------- Done invoking toplevel() on ptolemy.moml.MoMLSimpleApplication@1bd37afb
reloadAllAccessors: .ArrayAppendWithEmptyInput

===========================================================================================
----------------- testing Tue Jan 07 06:42:22 UTC 2020 /home/travis/build/icyphy/ptII/ptolemy/actor/lib/test/auto/ArrayAverage.xml
----------------- Instantiating /home/travis/build/icyphy/ptII/ptolemy/actor/lib/test/auto/ArrayAverage.xml
4 ms. Memory: 296960K Free: 210432K (71%)
----------------- Invoking toplevel() on ptolemy.moml.MoMLSimpleApplication@41a44581
----------------- Done invoking toplevel() on ptolemy.moml.MoMLSimpleApplication@41a44581
reloadAllAccessors: .ArrayAverage

===========================================================================================
----------------- testing Tue Jan 07 06:42:22 UTC 2020 /home/travis/build/icyphy/ptII/ptolemy/actor/lib/test/auto/ArrayContains.xml
----------------- Instantiating /home/travis/build/icyphy/ptII/ptolemy/actor/lib/test/auto/ArrayContains.xml
3 ms. Memory: 296960K Free: 204288K (69%)
----------------- Invoking toplevel() on ptolemy.moml.MoMLSimpleApplication@64da8706
----------------- Done invoking toplevel() on ptolemy.moml.MoMLSimpleApplication@64da8706
reloadAllAccessors: .ArrayContains

===========================================================================================
----------------- testing Tue Jan 07 06:42:22 UTC 2020 /home/travis/build/icyphy/ptII/ptolemy/actor/lib/test/auto/ArrayElement.xml
----------------- Instantiating /home/travis/build/icyphy/ptII/ptolemy/actor/lib/test/auto/ArrayElement.xml
3 ms. Memory: 296960K Free: 198654K (67%)
----------------- Invoking toplevel() on ptolemy.moml.MoMLSimpleApplication@32b70b40
----------------- Done invoking toplevel() on ptolemy.moml.MoMLSimpleApplication@32b70b40
reloadAllAccessors: .ArrayElement

===========================================================================================
----------------- testing Tue Jan 07 06:42:22 UTC 2020 /home/travis/build/icyphy/ptII/ptolemy/actor/lib/test/auto/ArrayElementAsMatrix.xml
----------------- Instantiating /home/travis/build/icyphy/ptII/ptolemy/actor/lib/test/auto/ArrayElementAsMatrix.xml
22 ms. Memory: 296960K Free: 188414K (63%)
----------------- Invoking toplevel() on ptolemy.moml.MoMLSimpleApplication@50059d7d
----------------- Done invoking toplevel() on ptolemy.moml.MoMLSimpleApplication@50059d7d
reloadAllAccessors: .ArrayElementAsMatrix

===========================================================================================
----------------- testing Tue Jan 07 06:42:22 UTC 2020 /home/travis/build/icyphy/ptII/ptolemy/actor/lib/test/auto/ArrayElementI.xml
----------------- Instantiating /home/travis/build/icyphy/ptII/ptolemy/actor/lib/test/auto/ArrayElementI.xml
3 ms. Memory: 296960K Free: 183294K (62%)
----------------- Invoking toplevel() on ptolemy.moml.MoMLSimpleApplication@5a30b542
----------------- Done invoking toplevel() on ptolemy.moml.MoMLSimpleApplication@5a30b542
reloadAllAccessors: .ArrayElementI

===========================================================================================
----------------- testing Tue Jan 07 06:42:22 UTC 2020 /home/travis/build/icyphy/ptII/ptolemy/actor/lib/test/auto/ArrayExtract.xml
----------------- Instantiating /home/travis/build/icyphy/ptII/ptolemy/actor/lib/test/auto/ArrayExtract.xml
6 ms. Memory: 296960K Free: 175102K (59%)
----------------- Invoking toplevel() on ptolemy.moml.MoMLSimpleApplication@6219255c
----------------- Done invoking toplevel() on ptolemy.moml.MoMLSimpleApplication@6219255c
reloadAllAccessors: .ArrayExtract

===========================================================================================
----------------- testing Tue Jan 07 06:42:22 UTC 2020 /home/travis/build/icyphy/ptII/ptolemy/actor/lib/test/auto/ArrayExtract2.xml
----------------- Instantiating /home/travis/build/icyphy/ptII/ptolemy/actor/lib/test/auto/ArrayExtract2.xml
2 ms. Memory: 296960K Free: 169472K (57%)
----------------- Invoking toplevel() on ptolemy.moml.MoMLSimpleApplication@1426fe15
----------------- Done invoking toplevel() on ptolemy.moml.MoMLSimpleApplication@1426fe15
reloadAllAccessors: .ArrayExtract2

===========================================================================================
----------------- testing Tue Jan 07 06:42:22 UTC 2020 /home/travis/build/icyphy/ptII/ptolemy/actor/lib/test/auto/ArrayLength.xml
----------------- Instantiating /home/travis/build/icyphy/ptII/ptolemy/actor/lib/test/auto/ArrayLength.xml
1 ms. Memory: 296960K Free: 165886K (56%)
----------------- Invoking toplevel() on ptolemy.moml.MoMLSimpleApplication@4bbc8c14
----------------- Done invoking toplevel() on ptolemy.moml.MoMLSimpleApplication@4bbc8c14
reloadAllAccessors: .ArrayLength

===========================================================================================
----------------- testing Tue Jan 07 06:42:22 UTC 2020 /home/travis/build/icyphy/ptII/ptolemy/actor/lib/test/auto/ArrayLevelCrossing.xml
----------------- Instantiating /home/travis/build/icyphy/ptII/ptolemy/actor/lib/test/auto/ArrayLevelCrossing.xml
3 ms. Memory: 296960K Free: 156670K (53%)
----------------- Invoking toplevel() on ptolemy.moml.MoMLSimpleApplication@220a376
----------------- Done invoking toplevel() on ptolemy.moml.MoMLSimpleApplication@220a376
reloadAllAccessors: .ArrayLevelCrossing

===========================================================================================
----------------- testing Tue Jan 07 06:42:22 UTC 2020 /home/travis/build/icyphy/ptII/ptolemy/actor/lib/test/auto/ArrayLevelCrossing2.xml
----------------- Instantiating /home/travis/build/icyphy/ptII/ptolemy/actor/lib/test/auto/ArrayLevelCrossing2.xml
3 ms. Memory: 296960K Free: 150016K (51%)
----------------- Invoking toplevel() on ptolemy.moml.MoMLSimpleApplication@458f8e0a
----------------- Done invoking toplevel() on ptolemy.moml.MoMLSimpleApplication@458f8e0a
reloadAllAccessors: .ArrayLevelCrossing2

===========================================================================================
----------------- testing Tue Jan 07 06:42:22 UTC 2020 /home/travis/build/icyphy/ptII/ptolemy/actor/lib/test/auto/ArrayPeakSearch.xml
----------------- Instantiating /home/travis/build/icyphy/ptII/ptolemy/actor/lib/test/auto/ArrayPeakSearch.xml
5 ms. Memory: 296960K Free: 140800K (47%)
----------------- Invoking toplevel() on ptolemy.moml.MoMLSimpleApplication@d33bc70
----------------- Done invoking toplevel() on ptolemy.moml.MoMLSimpleApplication@d33bc70
reloadAllAccessors: .ArrayPeakSearch

===========================================================================================
----------------- testing Tue Jan 07 06:42:22 UTC 2020 /home/travis/build/icyphy/ptII/ptolemy/actor/lib/test/auto/ArrayPeakSearch2.xml
----------------- Instantiating /home/travis/build/icyphy/ptII/ptolemy/actor/lib/test/auto/ArrayPeakSearch2.xml
6 ms. Memory: 296960K Free: 130560K (44%)
----------------- Invoking toplevel() on ptolemy.moml.MoMLSimpleApplication@4323a9bb
----------------- Done invoking toplevel() on ptolemy.moml.MoMLSimpleApplication@4323a9bb
reloadAllAccessors: .ArrayPeakSearch2

===========================================================================================
----------------- testing Tue Jan 07 06:42:22 UTC 2020 /home/travis/build/icyphy/ptII/ptolemy/actor/lib/test/auto/ArrayPeakSearch3.xml
----------------- Instantiating /home/travis/build/icyphy/ptII/ptolemy/actor/lib/test/auto/ArrayPeakSearch3.xml
3 ms. Memory: 296960K Free: 121344K (41%)
----------------- Invoking toplevel() on ptolemy.moml.MoMLSimpleApplication@10001965
----------------- Done invoking toplevel() on ptolemy.moml.MoMLSimpleApplication@10001965
reloadAllAccessors: .ArrayPeakSearch3

===========================================================================================
----------------- testing Tue Jan 07 06:42:22 UTC 2020 /home/travis/build/icyphy/ptII/ptolemy/actor/lib/test/auto/ArrayRemoveElement.xml
----------------- Instantiating /home/travis/build/icyphy/ptII/ptolemy/actor/lib/test/auto/ArrayRemoveElement.xml
3 ms. Memory: 296960K Free: 113662K (38%)
----------------- Invoking toplevel() on ptolemy.moml.MoMLSimpleApplication@cfa7271
----------------- Done invoking toplevel() on ptolemy.moml.MoMLSimpleApplication@cfa7271
reloadAllAccessors: .ArrayRemoveElement

===========================================================================================
----------------- testing Tue Jan 07 06:42:22 UTC 2020 /home/travis/build/icyphy/ptII/ptolemy/actor/lib/test/auto/ArraySort.xml
----------------- Instantiating /home/travis/build/icyphy/ptII/ptolemy/actor/lib/test/auto/ArraySort.xml
15 ms. Memory: 296960K Free: 104446K (35%)
----------------- Invoking toplevel() on ptolemy.moml.MoMLSimpleApplication@38528691
----------------- Done invoking toplevel() on ptolemy.moml.MoMLSimpleApplication@38528691
reloadAllAccessors: .ArraySort

===========================================================================================
----------------- testing Tue Jan 07 06:42:22 UTC 2020 /home/travis/build/icyphy/ptII/ptolemy/actor/lib/test/auto/ArraySum.xml
----------------- Instantiating /home/travis/build/icyphy/ptII/ptolemy/actor/lib/test/auto/ArraySum.xml
5 ms. Memory: 296960K Free: 99326K (33%)
----------------- Invoking toplevel() on ptolemy.moml.MoMLSimpleApplication@2e1ae15e
----------------- Done invoking toplevel() on ptolemy.moml.MoMLSimpleApplication@2e1ae15e
reloadAllAccessors: .ArraySum

===========================================================================================
----------------- testing Tue Jan 07 06:42:22 UTC 2020 /home/travis/build/icyphy/ptII/ptolemy/actor/lib/test/auto/ArrayToElements.xml
----------------- Instantiating /home/travis/build/icyphy/ptII/ptolemy/actor/lib/test/auto/ArrayToElements.xml
16 ms. Memory: 296960K Free: 242362K (82%)
----------------- Invoking toplevel() on ptolemy.moml.MoMLSimpleApplication@39423389
----------------- Done invoking toplevel() on ptolemy.moml.MoMLSimpleApplication@39423389
reloadAllAccessors: .ArrayToElements

===========================================================================================
----------------- testing Tue Jan 07 06:42:22 UTC 2020 /home/travis/build/icyphy/ptII/ptolemy/actor/lib/test/auto/ArrayToMatrix.xml
----------------- Instantiating /home/travis/build/icyphy/ptII/ptolemy/actor/lib/test/auto/ArrayToMatrix.xml
22 ms. Memory: 296960K Free: 228028K (77%)
----------------- Invoking toplevel() on ptolemy.moml.MoMLSimpleApplication@2cc21286
----------------- Done invoking toplevel() on ptolemy.moml.MoMLSimpleApplication@2cc21286
reloadAllAccessors: .ArrayToMatrix

===========================================================================================
----------------- testing Tue Jan 07 06:42:22 UTC 2020 /home/travis/build/icyphy/ptII/ptolemy/actor/lib/test/auto/ArrayUpdate1.xml
----------------- Instantiating /home/travis/build/icyphy/ptII/ptolemy/actor/lib/test/auto/ArrayUpdate1.xml
4 ms. Memory: 296960K Free: 223418K (75%)
----------------- Invoking toplevel() on ptolemy.moml.MoMLSimpleApplication@2739b691
----------------- Done invoking toplevel() on ptolemy.moml.MoMLSimpleApplication@2739b691
reloadAllAccessors: .ArrayUpdate1

===========================================================================================
----------------- testing Tue Jan 07 06:42:22 UTC 2020 /home/travis/build/icyphy/ptII/ptolemy/actor/lib/test/auto/ArrayUpdate2.xml
----------------- Instantiating /home/travis/build/icyphy/ptII/ptolemy/actor/lib/test/auto/ArrayUpdate2.xml
7 ms. Memory: 296960K Free: 216764K (73%)
----------------- Invoking toplevel() on ptolemy.moml.MoMLSimpleApplication@36ea5681
----------------- Done invoking toplevel() on ptolemy.moml.MoMLSimpleApplication@36ea5681
reloadAllAccessors: .ArrayUpdate2

===========================================================================================
----------------- testing Tue Jan 07 06:42:22 UTC 2020 /home/travis/build/icyphy/ptII/ptolemy/actor/lib/test/auto/ArrayUpdate3.xml
----------------- Instantiating /home/travis/build/icyphy/ptII/ptolemy/actor/lib/test/auto/ArrayUpdate3.xml
3 ms. Memory: 296960K Free: 212154K (71%)
----------------- Invoking toplevel() on ptolemy.moml.MoMLSimpleApplication@69c47345
----------------- Done invoking toplevel() on ptolemy.moml.MoMLSimpleApplication@69c47345
reloadAllAccessors: .ArrayUpdate3

===========================================================================================
----------------- testing Tue Jan 07 06:42:22 UTC 2020 /home/travis/build/icyphy/ptII/ptolemy/actor/lib/test/auto/Assert1.xml
----------------- Instantiating /home/travis/build/icyphy/ptII/ptolemy/actor/lib/test/auto/Assert1.xml
4 ms. Memory: 296960K Free: 207548K (70%)
----------------- Invoking toplevel() on ptolemy.moml.MoMLSimpleApplication@fb1d712
----------------- Done invoking toplevel() on ptolemy.moml.MoMLSimpleApplication@fb1d712
reloadAllAccessors: .Assert1

===========================================================================================
----------------- testing Tue Jan 07 06:42:22 UTC 2020 /home/travis/build/icyphy/ptII/ptolemy/actor/lib/test/auto/Assert2.xml
----------------- Instantiating /home/travis/build/icyphy/ptII/ptolemy/actor/lib/test/auto/Assert2.xml
3 ms. Memory: 296960K Free: 202938K (68%)
----------------- Invoking toplevel() on ptolemy.moml.MoMLSimpleApplication@3a7b3bcd
----------------- Done invoking toplevel() on ptolemy.moml.MoMLSimpleApplication@3a7b3bcd
reloadAllAccessors: .Assert2

===========================================================================================
----------------- testing Tue Jan 07 06:42:22 UTC 2020 /home/travis/build/icyphy/ptII/ptolemy/actor/lib/test/auto/BooleanMultiplexor.xml
----------------- Instantiating /home/travis/build/icyphy/ptII/ptolemy/actor/lib/test/auto/BooleanMultiplexor.xml
2 ms. Memory: 296960K Free: 197308K (66%)
----------------- Invoking toplevel() on ptolemy.moml.MoMLSimpleApplication@4fc8e3d6
----------------- Done invoking toplevel() on ptolemy.moml.MoMLSimpleApplication@4fc8e3d6
reloadAllAccessors: .BooleanMultiplexor

===========================================================================================
----------------- testing Tue Jan 07 06:42:22 UTC 2020 /home/travis/build/icyphy/ptII/ptolemy/actor/lib/test/auto/BooleanMultiplexor2.xml
----------------- Instantiating /home/travis/build/icyphy/ptII/ptolemy/actor/lib/test/auto/BooleanMultiplexor2.xml
10 ms. Memory: 296960K Free: 191164K (64%)
----------------- Invoking toplevel() on ptolemy.moml.MoMLSimpleApplication@4ceda146
----------------- Done invoking toplevel() on ptolemy.moml.MoMLSimpleApplication@4ceda146
reloadAllAccessors: .BooleanMultiplexor2

===========================================================================================
----------------- testing Tue Jan 07 06:42:22 UTC 2020 /home/travis/build/icyphy/ptII/ptolemy/actor/lib/test/auto/BooleanMultiplexor3.xml
----------------- Instantiating /home/travis/build/icyphy/ptII/ptolemy/actor/lib/test/auto/BooleanMultiplexor3.xml
7 ms. Memory: 296960K Free: 187068K (63%)
----------------- Invoking toplevel() on ptolemy.moml.MoMLSimpleApplication@4f122921
----------------- Done invoking toplevel() on ptolemy.moml.MoMLSimpleApplication@4f122921
reloadAllAccessors: .BooleanMultiplexor3

===========================================================================================
----------------- testing Tue Jan 07 06:42:22 UTC 2020 /home/travis/build/icyphy/ptII/ptolemy/actor/lib/test/auto/BooleanSelect.xml
----------------- Instantiating /home/travis/build/icyphy/ptII/ptolemy/actor/lib/test/auto/BooleanSelect.xml
7 ms. Memory: 296960K Free: 181420K (61%)
----------------- Invoking toplevel() on ptolemy.moml.MoMLSimpleApplication@382cac3a
----------------- Done invoking toplevel() on ptolemy.moml.MoMLSimpleApplication@382cac3a
reloadAllAccessors: .BooleanSelect

===========================================================================================
----------------- testing Tue Jan 07 06:42:22 UTC 2020 /home/travis/build/icyphy/ptII/ptolemy/actor/lib/test/auto/BooleanSelect2.xml
----------------- Instantiating /home/travis/build/icyphy/ptII/ptolemy/actor/lib/test/auto/BooleanSelect2.xml
3 ms. Memory: 296960K Free: 176828K (60%)
----------------- Invoking toplevel() on ptolemy.moml.MoMLSimpleApplication@2499e5b1
----------------- Done invoking toplevel() on ptolemy.moml.MoMLSimpleApplication@2499e5b1
reloadAllAccessors: .BooleanSelect2

===========================================================================================
----------------- testing Tue Jan 07 06:42:22 UTC 2020 /home/travis/build/icyphy/ptII/ptolemy/actor/lib/test/auto/BooleanSwitch.xml
----------------- Instantiating /home/travis/build/icyphy/ptII/ptolemy/actor/lib/test/auto/BooleanSwitch.xml
6 ms. Memory: 296960K Free: 170170K (57%)
----------------- Invoking toplevel() on ptolemy.moml.MoMLSimpleApplication@7c81322a
----------------- Done invoking toplevel() on ptolemy.moml.MoMLSimpleApplication@7c81322a
reloadAllAccessors: .BooleanSwitch

===========================================================================================
----------------- testing Tue Jan 07 06:42:22 UTC 2020 /home/travis/build/icyphy/ptII/ptolemy/actor/lib/test/auto/BooleanSwitch2.xml
----------------- Instantiating /home/travis/build/icyphy/ptII/ptolemy/actor/lib/test/auto/BooleanSwitch2.xml
2 ms. Memory: 296960K Free: 166074K (56%)
----------------- Invoking toplevel() on ptolemy.moml.MoMLSimpleApplication@5e8230c9
----------------- Done invoking toplevel() on ptolemy.moml.MoMLSimpleApplication@5e8230c9
reloadAllAccessors: .BooleanSwitch2

===========================================================================================
----------------- testing Tue Jan 07 06:42:22 UTC 2020 /home/travis/build/icyphy/ptII/ptolemy/actor/lib/test/auto/BooleanSwitchCloningBugWithClassRelationGroup.xml
----------------- Instantiating /home/travis/build/icyphy/ptII/ptolemy/actor/lib/test/auto/BooleanSwitchCloningBugWithClassRelationGroup.xml
3 ms. Memory: 296960K Free: 159420K (54%)
----------------- Invoking toplevel() on ptolemy.moml.MoMLSimpleApplication@27f7ea00
----------------- Done invoking toplevel() on ptolemy.moml.MoMLSimpleApplication@27f7ea00
reloadAllAccessors: .BooleanSwitchCloningBugWithClassRelationGroup

===========================================================================================
----------------- testing Tue Jan 07 06:42:22 UTC 2020 /home/travis/build/icyphy/ptII/ptolemy/actor/lib/test/auto/BusActors.xml
----------------- Instantiating /home/travis/build/icyphy/ptII/ptolemy/actor/lib/test/auto/BusActors.xml
7 ms. Memory: 296960K Free: 151738K (51%)
----------------- Invoking toplevel() on ptolemy.moml.MoMLSimpleApplication@6b1ff392
----------------- Done invoking toplevel() on ptolemy.moml.MoMLSimpleApplication@6b1ff392
reloadAllAccessors: .BusActors

===========================================================================================
----------------- testing Tue Jan 07 06:42:23 UTC 2020 /home/travis/build/icyphy/ptII/ptolemy/actor/lib/test/auto/ClassWrapper.xml
----------------- Instantiating /home/travis/build/icyphy/ptII/ptolemy/actor/lib/test/auto/ClassWrapper.xml
2 ms. Memory: 296960K Free: 147132K (50%)
----------------- Invoking toplevel() on ptolemy.moml.MoMLSimpleApplication@560c00f7
----------------- Done invoking toplevel() on ptolemy.moml.MoMLSimpleApplication@560c00f7
reloadAllAccessors: .ClassWrapper

===========================================================================================
----------------- testing Tue Jan 07 06:42:23 UTC 2020 /home/travis/build/icyphy/ptII/ptolemy/actor/lib/test/auto/Clock.xml
----------------- Instantiating /home/travis/build/icyphy/ptII/ptolemy/actor/lib/test/auto/Clock.xml
3 ms. Memory: 296960K Free: 143546K (48%)
----------------- Invoking toplevel() on ptolemy.moml.MoMLSimpleApplication@3ef056da
----------------- Done invoking toplevel() on ptolemy.moml.MoMLSimpleApplication@3ef056da
reloadAllAccessors: .Clock

===========================================================================================
----------------- testing Tue Jan 07 06:42:23 UTC 2020 /home/travis/build/icyphy/ptII/ptolemy/actor/lib/test/auto/Clock10.xml
----------------- Instantiating /home/travis/build/icyphy/ptII/ptolemy/actor/lib/test/auto/Clock10.xml
4 ms. Memory: 296960K Free: 137402K (46%)
----------------- Invoking toplevel() on ptolemy.moml.MoMLSimpleApplication@569e6dcf
----------------- Done invoking toplevel() on ptolemy.moml.MoMLSimpleApplication@569e6dcf
reloadAllAccessors: .Clock10

===========================================================================================
----------------- testing Tue Jan 07 06:42:23 UTC 2020 /home/travis/build/icyphy/ptII/ptolemy/actor/lib/test/auto/Clock11.xml
----------------- Instantiating /home/travis/build/icyphy/ptII/ptolemy/actor/lib/test/auto/Clock11.xml
3 ms. Memory: 296960K Free: 131772K (44%)
----------------- Invoking toplevel() on ptolemy.moml.MoMLSimpleApplication@616fac64
----------------- Done invoking toplevel() on ptolemy.moml.MoMLSimpleApplication@616fac64
reloadAllAccessors: .Clock11

===========================================================================================
----------------- testing Tue Jan 07 06:42:23 UTC 2020 /home/travis/build/icyphy/ptII/ptolemy/actor/lib/test/auto/Clock12.xml
----------------- Instantiating /home/travis/build/icyphy/ptII/ptolemy/actor/lib/test/auto/Clock12.xml
3 ms. Memory: 296960K Free: 125628K (42%)
----------------- Invoking toplevel() on ptolemy.moml.MoMLSimpleApplication@2834b2cf
----------------- Done invoking toplevel() on ptolemy.moml.MoMLSimpleApplication@2834b2cf
reloadAllAccessors: .Clock12

===========================================================================================
----------------- testing Tue Jan 07 06:42:23 UTC 2020 /home/travis/build/icyphy/ptII/ptolemy/actor/lib/test/auto/Clock13.xml
----------------- Instantiating /home/travis/build/icyphy/ptII/ptolemy/actor/lib/test/auto/Clock13.xml
5 ms. Memory: 296960K Free: 119964K (40%)
----------------- Invoking toplevel() on ptolemy.moml.MoMLSimpleApplication@578b3689
----------------- Done invoking toplevel() on ptolemy.moml.MoMLSimpleApplication@578b3689
reloadAllAccessors: .Clock13

===========================================================================================
----------------- testing Tue Jan 07 06:42:23 UTC 2020 /home/travis/build/icyphy/ptII/ptolemy/actor/lib/test/auto/Clock14.xml
----------------- Instantiating /home/travis/build/icyphy/ptII/ptolemy/actor/lib/test/auto/Clock14.xml
4 ms. Memory: 296960K Free: 113820K (38%)
----------------- Invoking toplevel() on ptolemy.moml.MoMLSimpleApplication@8228138
----------------- Done invoking toplevel() on ptolemy.moml.MoMLSimpleApplication@8228138
reloadAllAccessors: .Clock14

===========================================================================================
----------------- testing Tue Jan 07 06:42:23 UTC 2020 /home/travis/build/icyphy/ptII/ptolemy/actor/lib/test/auto/Clock15.xml
----------------- Instantiating /home/travis/build/icyphy/ptII/ptolemy/actor/lib/test/auto/Clock15.xml
4 ms. Memory: 296960K Free: 108220K (36%)
----------------- Invoking toplevel() on ptolemy.moml.MoMLSimpleApplication@55cd82a2
----------------- Done invoking toplevel() on ptolemy.moml.MoMLSimpleApplication@55cd82a2
reloadAllAccessors: .Clock15

===========================================================================================
----------------- testing Tue Jan 07 06:42:23 UTC 2020 /home/travis/build/icyphy/ptII/ptolemy/actor/lib/test/auto/Clock16.xml
----------------- Instantiating /home/travis/build/icyphy/ptII/ptolemy/actor/lib/test/auto/Clock16.xml
33 ms. Memory: 296960K Free: 93356K (31%)
----------------- Invoking toplevel() on ptolemy.moml.MoMLSimpleApplication@26072cb8
----------------- Done invoking toplevel() on ptolemy.moml.MoMLSimpleApplication@26072cb8
reloadAllAccessors: .Clock16

===========================================================================================
----------------- testing Tue Jan 07 06:42:23 UTC 2020 /home/travis/build/icyphy/ptII/ptolemy/actor/lib/test/auto/Clock17.xml
----------------- Instantiating /home/travis/build/icyphy/ptII/ptolemy/actor/lib/test/auto/Clock17.xml
26 ms. Memory: 296960K Free: 78524K (26%)
----------------- Invoking toplevel() on ptolemy.moml.MoMLSimpleApplication@2104dcc0
----------------- Done invoking toplevel() on ptolemy.moml.MoMLSimpleApplication@2104dcc0
reloadAllAccessors: .Clock17

===========================================================================================
----------------- testing Tue Jan 07 06:42:23 UTC 2020 /home/travis/build/icyphy/ptII/ptolemy/actor/lib/test/auto/Clock18.xml
----------------- Instantiating /home/travis/build/icyphy/ptII/ptolemy/actor/lib/test/auto/Clock18.xml
22 ms. Memory: 296960K Free: 237890K (80%)
----------------- Invoking toplevel() on ptolemy.moml.MoMLSimpleApplication@2c172980
----------------- Done invoking toplevel() on ptolemy.moml.MoMLSimpleApplication@2c172980
reloadAllAccessors: .Clock18

===========================================================================================
----------------- testing Tue Jan 07 06:42:23 UTC 2020 /home/travis/build/icyphy/ptII/ptolemy/actor/lib/test/auto/Clock19.xml
----------------- Instantiating /home/travis/build/icyphy/ptII/ptolemy/actor/lib/test/auto/Clock19.xml
13 ms. Memory: 296960K Free: 224578K (76%)
----------------- Invoking toplevel() on ptolemy.moml.MoMLSimpleApplication@7801321e
----------------- Done invoking toplevel() on ptolemy.moml.MoMLSimpleApplication@7801321e
reloadAllAccessors: .Clock19

===========================================================================================
----------------- testing Tue Jan 07 06:42:23 UTC 2020 /home/travis/build/icyphy/ptII/ptolemy/actor/lib/test/auto/Clock2.xml
----------------- Instantiating /home/travis/build/icyphy/ptII/ptolemy/actor/lib/test/auto/Clock2.xml
5 ms. Memory: 296960K Free: 219458K (74%)
----------------- Invoking toplevel() on ptolemy.moml.MoMLSimpleApplication@bdb3148
----------------- Done invoking toplevel() on ptolemy.moml.MoMLSimpleApplication@bdb3148
reloadAllAccessors: .Clock2

===========================================================================================
----------------- testing Tue Jan 07 06:42:23 UTC 2020 /home/travis/build/icyphy/ptII/ptolemy/actor/lib/test/auto/Clock20.xml
----------------- Instantiating /home/travis/build/icyphy/ptII/ptolemy/actor/lib/test/auto/Clock20.xml
8 ms. Memory: 296960K Free: 214338K (72%)
----------------- Invoking toplevel() on ptolemy.moml.MoMLSimpleApplication@75af8acf
----------------- Done invoking toplevel() on ptolemy.moml.MoMLSimpleApplication@75af8acf
reloadAllAccessors: .Clock20

===========================================================================================
----------------- testing Tue Jan 07 06:42:23 UTC 2020 /home/travis/build/icyphy/ptII/ptolemy/actor/lib/test/auto/Clock21.xml
----------------- Instantiating /home/travis/build/icyphy/ptII/ptolemy/actor/lib/test/auto/Clock21.xml
4 ms. Memory: 296960K Free: 208704K (70%)
----------------- Invoking toplevel() on ptolemy.moml.MoMLSimpleApplication@2f11a644
----------------- Done invoking toplevel() on ptolemy.moml.MoMLSimpleApplication@2f11a644
reloadAllAccessors: .Clock21

===========================================================================================
----------------- testing Tue Jan 07 06:42:23 UTC 2020 /home/travis/build/icyphy/ptII/ptolemy/actor/lib/test/auto/Clock22.xml
----------------- Instantiating /home/travis/build/icyphy/ptII/ptolemy/actor/lib/test/auto/Clock22.xml
4 ms. Memory: 296960K Free: 203584K (69%)
----------------- Invoking toplevel() on ptolemy.moml.MoMLSimpleApplication@4593c45c
----------------- Done invoking toplevel() on ptolemy.moml.MoMLSimpleApplication@4593c45c
reloadAllAccessors: .Clock22

===========================================================================================
----------------- testing Tue Jan 07 06:42:23 UTC 2020 /home/travis/build/icyphy/ptII/ptolemy/actor/lib/test/auto/Clock23.xml
----------------- Instantiating /home/travis/build/icyphy/ptII/ptolemy/actor/lib/test/auto/Clock23.xml
5 ms. Memory: 296960K Free: 197954K (67%)
----------------- Invoking toplevel() on ptolemy.moml.MoMLSimpleApplication@2c741481
----------------- Done invoking toplevel() on ptolemy.moml.MoMLSimpleApplication@2c741481
reloadAllAccessors: .Clock23

===========================================================================================
----------------- testing Tue Jan 07 06:42:23 UTC 2020 /home/travis/build/icyphy/ptII/ptolemy/actor/lib/test/auto/Clock24.xml
----------------- Instantiating /home/travis/build/icyphy/ptII/ptolemy/actor/lib/test/auto/Clock24.xml
4 ms. Memory: 296960K Free: 192834K (65%)
----------------- Invoking toplevel() on ptolemy.moml.MoMLSimpleApplication@42cfa6c9
----------------- Done invoking toplevel() on ptolemy.moml.MoMLSimpleApplication@42cfa6c9
reloadAllAccessors: .Clock24

===========================================================================================
----------------- testing Tue Jan 07 06:42:23 UTC 2020 /home/travis/build/icyphy/ptII/ptolemy/actor/lib/test/auto/Clock4.xml
----------------- Instantiating /home/travis/build/icyphy/ptII/ptolemy/actor/lib/test/auto/Clock4.xml
1 ms. Memory: 296960K Free: 187714K (63%)
----------------- Invoking toplevel() on ptolemy.moml.MoMLSimpleApplication@21ab6f87
----------------- Done invoking toplevel() on ptolemy.moml.MoMLSimpleApplication@21ab6f87
reloadAllAccessors: .Clock4

===========================================================================================
----------------- testing Tue Jan 07 06:42:23 UTC 2020 /home/travis/build/icyphy/ptII/ptolemy/actor/lib/test/auto/Clock5.xml
----------------- Instantiating /home/travis/build/icyphy/ptII/ptolemy/actor/lib/test/auto/Clock5.xml
1 ms. Memory: 296960K Free: 182074K (61%)
----------------- Invoking toplevel() on ptolemy.moml.MoMLSimpleApplication@2b5aec2f
----------------- Done invoking toplevel() on ptolemy.moml.MoMLSimpleApplication@2b5aec2f
reloadAllAccessors: .Clock5

===========================================================================================
----------------- testing Tue Jan 07 06:42:23 UTC 2020 /home/travis/build/icyphy/ptII/ptolemy/actor/lib/test/auto/Clock6.xml
----------------- Instantiating /home/travis/build/icyphy/ptII/ptolemy/actor/lib/test/auto/Clock6.xml
1 ms. Memory: 296960K Free: 178498K (60%)
----------------- Invoking toplevel() on ptolemy.moml.MoMLSimpleApplication@1ba010e0
----------------- Done invoking toplevel() on ptolemy.moml.MoMLSimpleApplication@1ba010e0
reloadAllAccessors: .Clock6

===========================================================================================
----------------- testing Tue Jan 07 06:42:23 UTC 2020 /home/travis/build/icyphy/ptII/ptolemy/actor/lib/test/auto/Clock7.xml
----------------- Instantiating /home/travis/build/icyphy/ptII/ptolemy/actor/lib/test/auto/Clock7.xml
2 ms. Memory: 296960K Free: 173888K (59%)
----------------- Invoking toplevel() on ptolemy.moml.MoMLSimpleApplication@782aef77
----------------- Done invoking toplevel() on ptolemy.moml.MoMLSimpleApplication@782aef77
reloadAllAccessors: .Clock7

===========================================================================================
----------------- testing Tue Jan 07 06:42:23 UTC 2020 /home/travis/build/icyphy/ptII/ptolemy/actor/lib/test/auto/Clock8.xml
----------------- Instantiating /home/travis/build/icyphy/ptII/ptolemy/actor/lib/test/auto/Clock8.xml
4 ms. Memory: 296960K Free: 168762K (57%)
----------------- Invoking toplevel() on ptolemy.moml.MoMLSimpleApplication@1b027188
----------------- Done invoking toplevel() on ptolemy.moml.MoMLSimpleApplication@1b027188
reloadAllAccessors: .Clock8

===========================================================================================
----------------- testing Tue Jan 07 06:42:23 UTC 2020 /home/travis/build/icyphy/ptII/ptolemy/actor/lib/test/auto/Clock9.xml
----------------- Instantiating /home/travis/build/icyphy/ptII/ptolemy/actor/lib/test/auto/Clock9.xml
4 ms. Memory: 296960K Free: 163138K (55%)
----------------- Invoking toplevel() on ptolemy.moml.MoMLSimpleApplication@46032b7f
----------------- Done invoking toplevel() on ptolemy.moml.MoMLSimpleApplication@46032b7f
reloadAllAccessors: .Clock9

===========================================================================================
----------------- testing Tue Jan 07 06:42:23 UTC 2020 /home/travis/build/icyphy/ptII/ptolemy/actor/lib/test/auto/CommDistDiscard.xml
----------------- Instantiating /home/travis/build/icyphy/ptII/ptolemy/actor/lib/test/auto/CommDistDiscard.xml
3 ms. Memory: 296960K Free: 157504K (53%)
----------------- Invoking toplevel() on ptolemy.moml.MoMLSimpleApplication@184aee53
----------------- Done invoking toplevel() on ptolemy.moml.MoMLSimpleApplication@184aee53
reloadAllAccessors: .CommDistDiscard

===========================================================================================
----------------- testing Tue Jan 07 06:42:23 UTC 2020 /home/travis/build/icyphy/ptII/ptolemy/actor/lib/test/auto/Commutator.xml
----------------- Instantiating /home/travis/build/icyphy/ptII/ptolemy/actor/lib/test/auto/Commutator.xml
3 ms. Memory: 296960K Free: 152898K (51%)
----------------- Invoking toplevel() on ptolemy.moml.MoMLSimpleApplication@571bd0c1
----------------- Done invoking toplevel() on ptolemy.moml.MoMLSimpleApplication@571bd0c1
reloadAllAccessors: .Commutator

===========================================================================================
----------------- testing Tue Jan 07 06:42:23 UTC 2020 /home/travis/build/icyphy/ptII/ptolemy/actor/lib/test/auto/Commutator2.xml
----------------- Instantiating /home/travis/build/icyphy/ptII/ptolemy/actor/lib/test/auto/Commutator2.xml
1 ms. Memory: 296960K Free: 148288K (50%)
----------------- Invoking toplevel() on ptolemy.moml.MoMLSimpleApplication@63b452a5
----------------- Done invoking toplevel() on ptolemy.moml.MoMLSimpleApplication@63b452a5
reloadAllAccessors: .Commutator2

===========================================================================================
----------------- testing Tue Jan 07 06:42:23 UTC 2020 /home/travis/build/icyphy/ptII/ptolemy/actor/lib/test/auto/Commutator3.xml
----------------- Instantiating /home/travis/build/icyphy/ptII/ptolemy/actor/lib/test/auto/Commutator3.xml
2 ms. Memory: 296960K Free: 144192K (49%)
----------------- Invoking toplevel() on ptolemy.moml.MoMLSimpleApplication@372d8cb2
----------------- Done invoking toplevel() on ptolemy.moml.MoMLSimpleApplication@372d8cb2
reloadAllAccessors: .Commutator3

===========================================================================================
----------------- testing Tue Jan 07 06:42:23 UTC 2020 /home/travis/build/icyphy/ptII/ptolemy/actor/lib/test/auto/Compare.xml
----------------- Instantiating /home/travis/build/icyphy/ptII/ptolemy/actor/lib/test/auto/Compare.xml
2 ms. Memory: 296960K Free: 137538K (46%)
----------------- Invoking toplevel() on ptolemy.moml.MoMLSimpleApplication@7bd3d3a2
----------------- Done invoking toplevel() on ptolemy.moml.MoMLSimpleApplication@7bd3d3a2
reloadAllAccessors: .Compare

===========================================================================================
----------------- testing Tue Jan 07 06:42:23 UTC 2020 /home/travis/build/icyphy/ptII/ptolemy/actor/lib/test/auto/CompareDE.xml
----------------- Instantiating /home/travis/build/icyphy/ptII/ptolemy/actor/lib/test/auto/CompareDE.xml
3 ms. Memory: 296960K Free: 130370K (44%)
----------------- Invoking toplevel() on ptolemy.moml.MoMLSimpleApplication@3b328abf
----------------- Done invoking toplevel() on ptolemy.moml.MoMLSimpleApplication@3b328abf
reloadAllAccessors: .CompareDE

===========================================================================================
----------------- testing Tue Jan 07 06:42:23 UTC 2020 /home/travis/build/icyphy/ptII/ptolemy/actor/lib/test/auto/ComplexDivide.xml
----------------- Instantiating /home/travis/build/icyphy/ptII/ptolemy/actor/lib/test/auto/ComplexDivide.xml
1 ms. Memory: 296960K Free: 126784K (43%)
----------------- Invoking toplevel() on ptolemy.moml.MoMLSimpleApplication@774fb3e6
----------------- Done invoking toplevel() on ptolemy.moml.MoMLSimpleApplication@774fb3e6
reloadAllAccessors: .ComplexDivide

===========================================================================================
----------------- testing Tue Jan 07 06:42:23 UTC 2020 /home/travis/build/icyphy/ptII/ptolemy/actor/lib/test/auto/ComputeHistogram.xml
----------------- Instantiating /home/travis/build/icyphy/ptII/ptolemy/actor/lib/test/auto/ComputeHistogram.xml
31 ms. Memory: 296960K Free: 113986K (38%)
----------------- Invoking toplevel() on ptolemy.moml.MoMLSimpleApplication@38aa83e7
----------------- Done invoking toplevel() on ptolemy.moml.MoMLSimpleApplication@38aa83e7
reloadAllAccessors: .ComputeHistogram

===========================================================================================
----------------- testing Tue Jan 07 06:42:23 UTC 2020 /home/travis/build/icyphy/ptII/ptolemy/actor/lib/test/auto/ConfigurationSelect.xml
----------------- Instantiating /home/travis/build/icyphy/ptII/ptolemy/actor/lib/test/auto/ConfigurationSelect.xml
8 ms. Memory: 296960K Free: 108866K (37%)
----------------- Invoking toplevel() on ptolemy.moml.MoMLSimpleApplication@6250c3cc
----------------- Done invoking toplevel() on ptolemy.moml.MoMLSimpleApplication@6250c3cc
reloadAllAccessors: .ConfigurationSelect

===========================================================================================
----------------- testing Tue Jan 07 06:42:23 UTC 2020 /home/travis/build/icyphy/ptII/ptolemy/actor/lib/test/auto/ConfigurationSelect2.xml
----------------- Instantiating /home/travis/build/icyphy/ptII/ptolemy/actor/lib/test/auto/ConfigurationSelect2.xml
1 ms. Memory: 296960K Free: 104256K (35%)
----------------- Invoking toplevel() on ptolemy.moml.MoMLSimpleApplication@1a712992
----------------- Done invoking toplevel() on ptolemy.moml.MoMLSimpleApplication@1a712992
reloadAllAccessors: .ConfigurationSelect2

===========================================================================================
----------------- testing Tue Jan 07 06:42:23 UTC 2020 /home/travis/build/icyphy/ptII/ptolemy/actor/lib/test/auto/ConfigurationSwitch.xml
----------------- Instantiating /home/travis/build/icyphy/ptII/ptolemy/actor/lib/test/auto/ConfigurationSwitch.xml
2 ms. Memory: 296960K Free: 98626K (33%)
----------------- Invoking toplevel() on ptolemy.moml.MoMLSimpleApplication@587e388f
----------------- Done invoking toplevel() on ptolemy.moml.MoMLSimpleApplication@587e388f
reloadAllAccessors: .ConfigurationSwitch

===========================================================================================
----------------- testing Tue Jan 07 06:42:23 UTC 2020 /home/travis/build/icyphy/ptII/ptolemy/actor/lib/test/auto/ConfigurationSwitch2.xml
----------------- Instantiating /home/travis/build/icyphy/ptII/ptolemy/actor/lib/test/auto/ConfigurationSwitch2.xml
2 ms. Memory: 296960K Free: 93506K (31%)
----------------- Invoking toplevel() on ptolemy.moml.MoMLSimpleApplication@73a26925
----------------- Done invoking toplevel() on ptolemy.moml.MoMLSimpleApplication@73a26925
reloadAllAccessors: .ConfigurationSwitch2

===========================================================================================
----------------- testing Tue Jan 07 06:42:23 UTC 2020 /home/travis/build/icyphy/ptII/ptolemy/actor/lib/test/auto/ConfigurationSwitchCloningBugWithClassRelationGroup.xml
----------------- Instantiating /home/travis/build/icyphy/ptII/ptolemy/actor/lib/test/auto/ConfigurationSwitchCloningBugWithClassRelationGroup.xml
1 ms. Memory: 296960K Free: 86848K (29%)
----------------- Invoking toplevel() on ptolemy.moml.MoMLSimpleApplication@152fb596
----------------- Done invoking toplevel() on ptolemy.moml.MoMLSimpleApplication@152fb596
reloadAllAccessors: .ConfigurationSwitchCloningBugWithClassRelationGroup

===========================================================================================
----------------- testing Tue Jan 07 06:42:23 UTC 2020 /home/travis/build/icyphy/ptII/ptolemy/actor/lib/test/auto/ConfigurationSwitchSelectSDF.xml
----------------- Instantiating /home/travis/build/icyphy/ptII/ptolemy/actor/lib/test/auto/ConfigurationSwitchSelectSDF.xml
2 ms. Memory: 296960K Free: 81218K (27%)
----------------- Invoking toplevel() on ptolemy.moml.MoMLSimpleApplication@45924698
----------------- Done invoking toplevel() on ptolemy.moml.MoMLSimpleApplication@45924698
reloadAllAccessors: .ConfigurationSwitchSelectSDF

===========================================================================================
----------------- testing Tue Jan 07 06:42:23 UTC 2020 /home/travis/build/icyphy/ptII/ptolemy/actor/lib/test/auto/ConfigurationSwitchSelectSDF2.xml
----------------- Instantiating /home/travis/build/icyphy/ptII/ptolemy/actor/lib/test/auto/ConfigurationSwitchSelectSDF2.xml
1 ms. Memory: 296960K Free: 75074K (25%)
----------------- Invoking toplevel() on ptolemy.moml.MoMLSimpleApplication@273d07db
----------------- Done invoking toplevel() on ptolemy.moml.MoMLSimpleApplication@273d07db
reloadAllAccessors: .ConfigurationSwitchSelectSDF2

===========================================================================================
----------------- testing Tue Jan 07 06:42:23 UTC 2020 /home/travis/build/icyphy/ptII/ptolemy/actor/lib/test/auto/Const.xml
----------------- Instantiating /home/travis/build/icyphy/ptII/ptolemy/actor/lib/test/auto/Const.xml
1 ms. Memory: 296960K Free: 71488K (24%)
----------------- Invoking toplevel() on ptolemy.moml.MoMLSimpleApplication@3d060b26
----------------- Done invoking toplevel() on ptolemy.moml.MoMLSimpleApplication@3d060b26
reloadAllAccessors: .Const

===========================================================================================
----------------- testing Tue Jan 07 06:42:23 UTC 2020 /home/travis/build/icyphy/ptII/ptolemy/actor/lib/test/auto/Const2.xml
----------------- Instantiating /home/travis/build/icyphy/ptII/ptolemy/actor/lib/test/auto/Const2.xml
2 ms. Memory: 296960K Free: 243802K (82%)
----------------- Invoking toplevel() on ptolemy.moml.MoMLSimpleApplication@94ae816
----------------- Done invoking toplevel() on ptolemy.moml.MoMLSimpleApplication@94ae816
reloadAllAccessors: .Const2

===========================================================================================
----------------- testing Tue Jan 07 06:42:23 UTC 2020 /home/travis/build/icyphy/ptII/ptolemy/actor/lib/test/auto/Const3.xml
----------------- Instantiating /home/travis/build/icyphy/ptII/ptolemy/actor/lib/test/auto/Const3.xml
1 ms. Memory: 296960K Free: 240730K (81%)
----------------- Invoking toplevel() on ptolemy.moml.MoMLSimpleApplication@2922d7c2
----------------- Done invoking toplevel() on ptolemy.moml.MoMLSimpleApplication@2922d7c2
reloadAllAccessors: .Const3

===========================================================================================
----------------- testing Tue Jan 07 06:42:23 UTC 2020 /home/travis/build/icyphy/ptII/ptolemy/actor/lib/test/auto/ConstantPublisherPort1.xml
----------------- Instantiating /home/travis/build/icyphy/ptII/ptolemy/actor/lib/test/auto/ConstantPublisherPort1.xml
4 ms. Memory: 296960K Free: 231514K (78%)
----------------- Invoking toplevel() on ptolemy.moml.MoMLSimpleApplication@27b2986f
----------------- Done invoking toplevel() on ptolemy.moml.MoMLSimpleApplication@27b2986f
reloadAllAccessors: .ConstantPublisherPort1

===========================================================================================
----------------- testing Tue Jan 07 06:42:23 UTC 2020 /home/travis/build/icyphy/ptII/ptolemy/actor/lib/test/auto/ConstantPublisherPort2.xml
----------------- Instantiating /home/travis/build/icyphy/ptII/ptolemy/actor/lib/test/auto/ConstantPublisherPort2.xml
3 ms. Memory: 296960K Free: 224346K (76%)
----------------- Invoking toplevel() on ptolemy.moml.MoMLSimpleApplication@8ed06ea
----------------- Done invoking toplevel() on ptolemy.moml.MoMLSimpleApplication@8ed06ea
reloadAllAccessors: .ConstantPublisherPort2

===========================================================================================
----------------- testing Tue Jan 07 06:42:24 UTC 2020 /home/travis/build/icyphy/ptII/ptolemy/actor/lib/test/auto/ConstantPublisherPort3.xml
----------------- Instantiating /home/travis/build/icyphy/ptII/ptolemy/actor/lib/test/auto/ConstantPublisherPort3.xml
5 ms. Memory: 296960K Free: 216664K (73%)
----------------- Invoking toplevel() on ptolemy.moml.MoMLSimpleApplication@59925edb
----------------- Done invoking toplevel() on ptolemy.moml.MoMLSimpleApplication@59925edb
reloadAllAccessors: .ConstantPublisherPort3

===========================================================================================
----------------- testing Tue Jan 07 06:42:24 UTC 2020 /home/travis/build/icyphy/ptII/ptolemy/actor/lib/test/auto/ConstantPublisherPort4.xml
----------------- Instantiating /home/travis/build/icyphy/ptII/ptolemy/actor/lib/test/auto/ConstantPublisherPort4.xml
8 ms. Memory: 296960K Free: 209496K (71%)
----------------- Invoking toplevel() on ptolemy.moml.MoMLSimpleApplication@44e3ef37
----------------- Done invoking toplevel() on ptolemy.moml.MoMLSimpleApplication@44e3ef37
reloadAllAccessors: .ConstantPublisherPort4

===========================================================================================
----------------- testing Tue Jan 07 06:42:24 UTC 2020 /home/travis/build/icyphy/ptII/ptolemy/actor/lib/test/auto/ConstantPublisherPort5.xml
----------------- Instantiating /home/travis/build/icyphy/ptII/ptolemy/actor/lib/test/auto/ConstantPublisherPort5.xml
26 ms. Memory: 296960K Free: 200280K (67%)
----------------- Invoking toplevel() on ptolemy.moml.MoMLSimpleApplication@1d808d9a
----------------- Done invoking toplevel() on ptolemy.moml.MoMLSimpleApplication@1d808d9a
reloadAllAccessors: .ConstantPublisherPort5

===========================================================================================
----------------- testing Tue Jan 07 06:42:24 UTC 2020 /home/travis/build/icyphy/ptII/ptolemy/actor/lib/test/auto/ConstantPublisherPort6.xml
----------------- Instantiating /home/travis/build/icyphy/ptII/ptolemy/actor/lib/test/auto/ConstantPublisherPort6.xml
14 ms. Memory: 296960K Free: 191064K (64%)
----------------- Invoking toplevel() on ptolemy.moml.MoMLSimpleApplication@3a7ade00
----------------- Done invoking toplevel() on ptolemy.moml.MoMLSimpleApplication@3a7ade00
reloadAllAccessors: .ConstantPublisherPort6

===========================================================================================
----------------- testing Tue Jan 07 06:42:24 UTC 2020 /home/travis/build/icyphy/ptII/ptolemy/actor/lib/test/auto/ConstantPublisherPort7.xml
----------------- Instantiating /home/travis/build/icyphy/ptII/ptolemy/actor/lib/test/auto/ConstantPublisherPort7.xml
15 ms. Memory: 296960K Free: 181848K (61%)
----------------- Invoking toplevel() on ptolemy.moml.MoMLSimpleApplication@2848f93c
----------------- Done invoking toplevel() on ptolemy.moml.MoMLSimpleApplication@2848f93c
reloadAllAccessors: .ConstantPublisherPort7

===========================================================================================
----------------- testing Tue Jan 07 06:42:24 UTC 2020 /home/travis/build/icyphy/ptII/ptolemy/actor/lib/test/auto/ConstraintMonitor1.xml
----------------- Instantiating /home/travis/build/icyphy/ptII/ptolemy/actor/lib/test/auto/ConstraintMonitor1.xml
4 ms. Memory: 296960K Free: 176728K (60%)
----------------- Invoking toplevel() on ptolemy.moml.MoMLSimpleApplication@53d6a1ff
----------------- Done invoking toplevel() on ptolemy.moml.MoMLSimpleApplication@53d6a1ff
reloadAllAccessors: .ConstraintMonitor1

===========================================================================================
----------------- testing Tue Jan 07 06:42:24 UTC 2020 /home/travis/build/icyphy/ptII/ptolemy/actor/lib/test/auto/ConstraintMonitor2.xml
----------------- Instantiating /home/travis/build/icyphy/ptII/ptolemy/actor/lib/test/auto/ConstraintMonitor2.xml
4 ms. Memory: 296960K Free: 172122K (58%)
----------------- Invoking toplevel() on ptolemy.moml.MoMLSimpleApplication@5e1fedcc
----------------- Done invoking toplevel() on ptolemy.moml.MoMLSimpleApplication@5e1fedcc
reloadAllAccessors: .ConstraintMonitor2

===========================================================================================
----------------- testing Tue Jan 07 06:42:24 UTC 2020 /home/travis/build/icyphy/ptII/ptolemy/actor/lib/test/auto/ConstraintMonitor3.xml
----------------- Instantiating /home/travis/build/icyphy/ptII/ptolemy/actor/lib/test/auto/ConstraintMonitor3.xml
1 ms. Memory: 296960K Free: 167512K (56%)
----------------- Invoking toplevel() on ptolemy.moml.MoMLSimpleApplication@4498fe1a
----------------- Done invoking toplevel() on ptolemy.moml.MoMLSimpleApplication@4498fe1a
reloadAllAccessors: .ConstraintMonitor3

===========================================================================================
----------------- testing Tue Jan 07 06:42:24 UTC 2020 /home/travis/build/icyphy/ptII/ptolemy/actor/lib/test/auto/ConstraintMonitor4.xml
----------------- Instantiating /home/travis/build/icyphy/ptII/ptolemy/actor/lib/test/auto/ConstraintMonitor4.xml
4 ms. Memory: 296960K Free: 162906K (55%)
----------------- Invoking toplevel() on ptolemy.moml.MoMLSimpleApplication@7d9ae2cc
----------------- Done invoking toplevel() on ptolemy.moml.MoMLSimpleApplication@7d9ae2cc
reloadAllAccessors: .ConstraintMonitor4

===========================================================================================
----------------- testing Tue Jan 07 06:42:24 UTC 2020 /home/travis/build/icyphy/ptII/ptolemy/actor/lib/test/auto/ConstraintMonitor5.xml
----------------- Instantiating /home/travis/build/icyphy/ptII/ptolemy/actor/lib/test/auto/ConstraintMonitor5.xml
3 ms. Memory: 296960K Free: 157784K (53%)
----------------- Invoking toplevel() on ptolemy.moml.MoMLSimpleApplication@2fce2b64
----------------- Done invoking toplevel() on ptolemy.moml.MoMLSimpleApplication@2fce2b64
reloadAllAccessors: .ConstraintMonitor5

===========================================================================================
----------------- testing Tue Jan 07 06:42:24 UTC 2020 /home/travis/build/icyphy/ptII/ptolemy/actor/lib/test/auto/ConstraintMonitor6.xml
----------------- Instantiating /home/travis/build/icyphy/ptII/ptolemy/actor/lib/test/auto/ConstraintMonitor6.xml
2 ms. Memory: 296960K Free: 151642K (51%)
----------------- Invoking toplevel() on ptolemy.moml.MoMLSimpleApplication@ee8b972
----------------- Done invoking toplevel() on ptolemy.moml.MoMLSimpleApplication@ee8b972
reloadAllAccessors: .ConstraintMonitor6

===========================================================================================
----------------- testing Tue Jan 07 06:42:24 UTC 2020 /home/travis/build/icyphy/ptII/ptolemy/actor/lib/test/auto/ConstraintMonitor7.xml
----------------- Instantiating /home/travis/build/icyphy/ptII/ptolemy/actor/lib/test/auto/ConstraintMonitor7.xml
4 ms. Memory: 296960K Free: 145498K (49%)
----------------- Invoking toplevel() on ptolemy.moml.MoMLSimpleApplication@69bfaf25
----------------- Done invoking toplevel() on ptolemy.moml.MoMLSimpleApplication@69bfaf25
reloadAllAccessors: .ConstraintMonitor7

===========================================================================================
----------------- testing Tue Jan 07 06:42:24 UTC 2020 /home/travis/build/icyphy/ptII/ptolemy/actor/lib/test/auto/ConstraintMonitor8.xml
----------------- Instantiating /home/travis/build/icyphy/ptII/ptolemy/actor/lib/test/auto/ConstraintMonitor8.xml
5 ms. Memory: 296960K Free: 137816K (46%)
----------------- Invoking toplevel() on ptolemy.moml.MoMLSimpleApplication@1f6bc4ca
----------------- Done invoking toplevel() on ptolemy.moml.MoMLSimpleApplication@1f6bc4ca
reloadAllAccessors: .ConstraintMonitor8

===========================================================================================
----------------- testing Tue Jan 07 06:42:24 UTC 2020 /home/travis/build/icyphy/ptII/ptolemy/actor/lib/test/auto/Counter.xml
----------------- Instantiating /home/travis/build/icyphy/ptII/ptolemy/actor/lib/test/auto/Counter.xml
2 ms. Memory: 296960K Free: 132696K (45%)
----------------- Invoking toplevel() on ptolemy.moml.MoMLSimpleApplication@32e22d2e
----------------- Done invoking toplevel() on ptolemy.moml.MoMLSimpleApplication@32e22d2e
reloadAllAccessors: .Counter

===========================================================================================
----------------- testing Tue Jan 07 06:42:24 UTC 2020 /home/travis/build/icyphy/ptII/ptolemy/actor/lib/test/auto/CurrentTimeSDF.xml
----------------- Instantiating /home/travis/build/icyphy/ptII/ptolemy/actor/lib/test/auto/CurrentTimeSDF.xml
1 ms. Memory: 296960K Free: 129114K (43%)
----------------- Invoking toplevel() on ptolemy.moml.MoMLSimpleApplication@612434c4
----------------- Done invoking toplevel() on ptolemy.moml.MoMLSimpleApplication@612434c4
reloadAllAccessors: .CurrentTimeSDF

===========================================================================================
----------------- testing Tue Jan 07 06:42:24 UTC 2020 /home/travis/build/icyphy/ptII/ptolemy/actor/lib/test/auto/DB.xml
----------------- Instantiating /home/travis/build/icyphy/ptII/ptolemy/actor/lib/test/auto/DB.xml
1 ms. Memory: 296960K Free: 123994K (42%)
----------------- Invoking toplevel() on ptolemy.moml.MoMLSimpleApplication@48ff2330
----------------- Done invoking toplevel() on ptolemy.moml.MoMLSimpleApplication@48ff2330
reloadAllAccessors: .DB

===========================================================================================
----------------- testing Tue Jan 07 06:42:24 UTC 2020 /home/travis/build/icyphy/ptII/ptolemy/actor/lib/test/auto/DBDE.xml
----------------- Instantiating /home/travis/build/icyphy/ptII/ptolemy/actor/lib/test/auto/DBDE.xml
2 ms. Memory: 296960K Free: 117850K (40%)
----------------- Invoking toplevel() on ptolemy.moml.MoMLSimpleApplication@24fd3be3
----------------- Done invoking toplevel() on ptolemy.moml.MoMLSimpleApplication@24fd3be3
reloadAllAccessors: .DBDE

===========================================================================================
----------------- testing Tue Jan 07 06:42:24 UTC 2020 /home/travis/build/icyphy/ptII/ptolemy/actor/lib/test/auto/DateConstructor.xml
----------------- Instantiating /home/travis/build/icyphy/ptII/ptolemy/actor/lib/test/auto/DateConstructor.xml
24 ms. Memory: 296960K Free: 100952K (34%)
----------------- Invoking toplevel() on ptolemy.moml.MoMLSimpleApplication@7f53291b
----------------- Done invoking toplevel() on ptolemy.moml.MoMLSimpleApplication@7f53291b
reloadAllAccessors: .DateConstructor

===========================================================================================
----------------- testing Tue Jan 07 06:42:24 UTC 2020 /home/travis/build/icyphy/ptII/ptolemy/actor/lib/test/auto/DelayTime.xml
----------------- Instantiating /home/travis/build/icyphy/ptII/ptolemy/actor/lib/test/auto/DelayTime.xml
6 ms. Memory: 296960K Free: 95832K (32%)
----------------- Invoking toplevel() on ptolemy.moml.MoMLSimpleApplication@7278ae26
----------------- Done invoking toplevel() on ptolemy.moml.MoMLSimpleApplication@7278ae26
reloadAllAccessors: .DelayTime

===========================================================================================
----------------- testing Tue Jan 07 06:42:24 UTC 2020 /home/travis/build/icyphy/ptII/ptolemy/actor/lib/test/auto/Dictionary1.xml
----------------- Instantiating /home/travis/build/icyphy/ptII/ptolemy/actor/lib/test/auto/Dictionary1.xml
1 ms. Memory: 296960K Free: 90202K (30%)
----------------- Invoking toplevel() on ptolemy.moml.MoMLSimpleApplication@59a1447d
----------------- Done invoking toplevel() on ptolemy.moml.MoMLSimpleApplication@59a1447d
reloadAllAccessors: .Dictionary1

===========================================================================================
----------------- testing Tue Jan 07 06:42:24 UTC 2020 /home/travis/build/icyphy/ptII/ptolemy/actor/lib/test/auto/Dictionary2.xml
----------------- Instantiating /home/travis/build/icyphy/ptII/ptolemy/actor/lib/test/auto/Dictionary2.xml
4 ms. Memory: 296960K Free: 84568K (28%)
----------------- Invoking toplevel() on ptolemy.moml.MoMLSimpleApplication@1b25eaed
----------------- Done invoking toplevel() on ptolemy.moml.MoMLSimpleApplication@1b25eaed
reloadAllAccessors: .Dictionary2

===========================================================================================
----------------- testing Tue Jan 07 06:42:24 UTC 2020 /home/travis/build/icyphy/ptII/ptolemy/actor/lib/test/auto/Dictionary3.xml
----------------- Instantiating /home/travis/build/icyphy/ptII/ptolemy/actor/lib/test/auto/Dictionary3.xml
1 ms. Memory: 296960K Free: 79448K (27%)
----------------- Invoking toplevel() on ptolemy.moml.MoMLSimpleApplication@31017edb
----------------- Done invoking toplevel() on ptolemy.moml.MoMLSimpleApplication@31017edb
reloadAllAccessors: .Dictionary3

===========================================================================================
----------------- testing Tue Jan 07 06:42:24 UTC 2020 /home/travis/build/icyphy/ptII/ptolemy/actor/lib/test/auto/Dictionary4.xml
----------------- Instantiating /home/travis/build/icyphy/ptII/ptolemy/actor/lib/test/auto/Dictionary4.xml
2 ms. Memory: 296960K Free: 72274K (24%)
----------------- Invoking toplevel() on ptolemy.moml.MoMLSimpleApplication@57beeb3c
----------------- Done invoking toplevel() on ptolemy.moml.MoMLSimpleApplication@57beeb3c
reloadAllAccessors: .Dictionary4

===========================================================================================
----------------- testing Tue Jan 07 06:42:24 UTC 2020 /home/travis/build/icyphy/ptII/ptolemy/actor/lib/test/auto/Differential.xml
----------------- Instantiating /home/travis/build/icyphy/ptII/ptolemy/actor/lib/test/auto/Differential.xml
2 ms. Memory: 296960K Free: 243496K (82%)
----------------- Invoking toplevel() on ptolemy.moml.MoMLSimpleApplication@67b549f9
----------------- Done invoking toplevel() on ptolemy.moml.MoMLSimpleApplication@67b549f9
reloadAllAccessors: .Differential

===========================================================================================
----------------- testing Tue Jan 07 06:42:24 UTC 2020 /home/travis/build/icyphy/ptII/ptolemy/actor/lib/test/auto/Director.xml
----------------- Instantiating /home/travis/build/icyphy/ptII/ptolemy/actor/lib/test/auto/Director.xml
3 ms. Memory: 296960K Free: 239910K (81%)
----------------- Invoking toplevel() on ptolemy.moml.MoMLSimpleApplication@4601e0b
----------------- Done invoking toplevel() on ptolemy.moml.MoMLSimpleApplication@4601e0b
reloadAllAccessors: .Director

===========================================================================================
----------------- testing Tue Jan 07 06:42:24 UTC 2020 /home/travis/build/icyphy/ptII/ptolemy/actor/lib/test/auto/DiscreteClock.xml
----------------- Instantiating /home/travis/build/icyphy/ptII/ptolemy/actor/lib/test/auto/DiscreteClock.xml
0 ms. Memory: 296960K Free: 235814K (79%)
----------------- Invoking toplevel() on ptolemy.moml.MoMLSimpleApplication@2a3bc109
----------------- Done invoking toplevel() on ptolemy.moml.MoMLSimpleApplication@2a3bc109
reloadAllAccessors: .DiscreteClock

===========================================================================================
----------------- testing Tue Jan 07 06:42:24 UTC 2020 /home/travis/build/icyphy/ptII/ptolemy/actor/lib/test/auto/DiscreteClock10.xml
----------------- Instantiating /home/travis/build/icyphy/ptII/ptolemy/actor/lib/test/auto/DiscreteClock10.xml
3 ms. Memory: 296960K Free: 229670K (77%)
----------------- Invoking toplevel() on ptolemy.moml.MoMLSimpleApplication@76c38dc
----------------- Done invoking toplevel() on ptolemy.moml.MoMLSimpleApplication@76c38dc
reloadAllAccessors: .DiscreteClock10

===========================================================================================
----------------- testing Tue Jan 07 06:42:24 UTC 2020 /home/travis/build/icyphy/ptII/ptolemy/actor/lib/test/auto/DiscreteClock11.xml
----------------- Instantiating /home/travis/build/icyphy/ptII/ptolemy/actor/lib/test/auto/DiscreteClock11.xml
2 ms. Memory: 296960K Free: 224040K (75%)
----------------- Invoking toplevel() on ptolemy.moml.MoMLSimpleApplication@33595d0e
----------------- Done invoking toplevel() on ptolemy.moml.MoMLSimpleApplication@33595d0e
reloadAllAccessors: .DiscreteClock11

===========================================================================================
----------------- testing Tue Jan 07 06:42:24 UTC 2020 /home/travis/build/icyphy/ptII/ptolemy/actor/lib/test/auto/DiscreteClock12.xml
----------------- Instantiating /home/travis/build/icyphy/ptII/ptolemy/actor/lib/test/auto/DiscreteClock12.xml
2 ms. Memory: 296960K Free: 217896K (73%)
----------------- Invoking toplevel() on ptolemy.moml.MoMLSimpleApplication@190ddd0f
----------------- Done invoking toplevel() on ptolemy.moml.MoMLSimpleApplication@190ddd0f
reloadAllAccessors: .DiscreteClock12

===========================================================================================
----------------- testing Tue Jan 07 06:42:24 UTC 2020 /home/travis/build/icyphy/ptII/ptolemy/actor/lib/test/auto/DiscreteClock13.xml
----------------- Instantiating /home/travis/build/icyphy/ptII/ptolemy/actor/lib/test/auto/DiscreteClock13.xml
4 ms. Memory: 296960K Free: 211752K (71%)
----------------- Invoking toplevel() on ptolemy.moml.MoMLSimpleApplication@7b00fcc2
----------------- Done invoking toplevel() on ptolemy.moml.MoMLSimpleApplication@7b00fcc2
reloadAllAccessors: .DiscreteClock13

===========================================================================================
----------------- testing Tue Jan 07 06:42:24 UTC 2020 /home/travis/build/icyphy/ptII/ptolemy/actor/lib/test/auto/DiscreteClock14.xml
----------------- Instantiating /home/travis/build/icyphy/ptII/ptolemy/actor/lib/test/auto/DiscreteClock14.xml
4 ms. Memory: 296960K Free: 205608K (69%)
----------------- Invoking toplevel() on ptolemy.moml.MoMLSimpleApplication@950c2b0
----------------- Done invoking toplevel() on ptolemy.moml.MoMLSimpleApplication@950c2b0
reloadAllAccessors: .DiscreteClock14

===========================================================================================
----------------- testing Tue Jan 07 06:42:24 UTC 2020 /home/travis/build/icyphy/ptII/ptolemy/actor/lib/test/auto/DiscreteClock15.xml
----------------- Instantiating /home/travis/build/icyphy/ptII/ptolemy/actor/lib/test/auto/DiscreteClock15.xml
2 ms. Memory: 296960K Free: 199944K (67%)
----------------- Invoking toplevel() on ptolemy.moml.MoMLSimpleApplication@7ef4ad3b
----------------- Done invoking toplevel() on ptolemy.moml.MoMLSimpleApplication@7ef4ad3b
reloadAllAccessors: .DiscreteClock15

===========================================================================================
----------------- testing Tue Jan 07 06:42:24 UTC 2020 /home/travis/build/icyphy/ptII/ptolemy/actor/lib/test/auto/DiscreteClock16.xml
----------------- Instantiating /home/travis/build/icyphy/ptII/ptolemy/actor/lib/test/auto/DiscreteClock16.xml
14 ms. Memory: 296960K Free: 186152K (63%)
----------------- Invoking toplevel() on ptolemy.moml.MoMLSimpleApplication@433b37fd
----------------- Done invoking toplevel() on ptolemy.moml.MoMLSimpleApplication@433b37fd
reloadAllAccessors: .DiscreteClock16

===========================================================================================
----------------- testing Tue Jan 07 06:42:24 UTC 2020 /home/travis/build/icyphy/ptII/ptolemy/actor/lib/test/auto/DiscreteClock17.xml
----------------- Instantiating /home/travis/build/icyphy/ptII/ptolemy/actor/lib/test/auto/DiscreteClock17.xml
13 ms. Memory: 296960K Free: 171296K (58%)
----------------- Invoking toplevel() on ptolemy.moml.MoMLSimpleApplication@ce1b7ef
----------------- Done invoking toplevel() on ptolemy.moml.MoMLSimpleApplication@ce1b7ef
reloadAllAccessors: .DiscreteClock17

===========================================================================================
----------------- testing Tue Jan 07 06:42:24 UTC 2020 /home/travis/build/icyphy/ptII/ptolemy/actor/lib/test/auto/DiscreteClock18.xml
----------------- Instantiating /home/travis/build/icyphy/ptII/ptolemy/actor/lib/test/auto/DiscreteClock18.xml
19 ms. Memory: 296960K Free: 157990K (53%)
----------------- Invoking toplevel() on ptolemy.moml.MoMLSimpleApplication@3a2776c2
----------------- Done invoking toplevel() on ptolemy.moml.MoMLSimpleApplication@3a2776c2
reloadAllAccessors: .DiscreteClock18

===========================================================================================
----------------- testing Tue Jan 07 06:42:24 UTC 2020 /home/travis/build/icyphy/ptII/ptolemy/actor/lib/test/auto/DiscreteClock19.xml
----------------- Instantiating /home/travis/build/icyphy/ptII/ptolemy/actor/lib/test/auto/DiscreteClock19.xml
16 ms. Memory: 296960K Free: 144678K (49%)
----------------- Invoking toplevel() on ptolemy.moml.MoMLSimpleApplication@2c614fd9
----------------- Done invoking toplevel() on ptolemy.moml.MoMLSimpleApplication@2c614fd9
reloadAllAccessors: .DiscreteClock19

===========================================================================================
----------------- testing Tue Jan 07 06:42:24 UTC 2020 /home/travis/build/icyphy/ptII/ptolemy/actor/lib/test/auto/DiscreteClock2.xml
----------------- Instantiating /home/travis/build/icyphy/ptII/ptolemy/actor/lib/test/auto/DiscreteClock2.xml
2 ms. Memory: 296960K Free: 139552K (47%)
----------------- Invoking toplevel() on ptolemy.moml.MoMLSimpleApplication@303e141e
----------------- Done invoking toplevel() on ptolemy.moml.MoMLSimpleApplication@303e141e
reloadAllAccessors: .DiscreteClock2

===========================================================================================
----------------- testing Tue Jan 07 06:42:24 UTC 2020 /home/travis/build/icyphy/ptII/ptolemy/actor/lib/test/auto/DiscreteClock20.xml
----------------- Instantiating /home/travis/build/icyphy/ptII/ptolemy/actor/lib/test/auto/DiscreteClock20.xml
5 ms. Memory: 296960K Free: 133928K (45%)
----------------- Invoking toplevel() on ptolemy.moml.MoMLSimpleApplication@40c664af
----------------- Done invoking toplevel() on ptolemy.moml.MoMLSimpleApplication@40c664af
reloadAllAccessors: .DiscreteClock20

===========================================================================================
----------------- testing Tue Jan 07 06:42:24 UTC 2020 /home/travis/build/icyphy/ptII/ptolemy/actor/lib/test/auto/DiscreteClock21.xml
----------------- Instantiating /home/travis/build/icyphy/ptII/ptolemy/actor/lib/test/auto/DiscreteClock21.xml
3 ms. Memory: 296960K Free: 128294K (43%)
----------------- Invoking toplevel() on ptolemy.moml.MoMLSimpleApplication@26821e66
----------------- Done invoking toplevel() on ptolemy.moml.MoMLSimpleApplication@26821e66
reloadAllAccessors: .DiscreteClock21

===========================================================================================
----------------- testing Tue Jan 07 06:42:24 UTC 2020 /home/travis/build/icyphy/ptII/ptolemy/actor/lib/test/auto/DiscreteClock22.xml
----------------- Instantiating /home/travis/build/icyphy/ptII/ptolemy/actor/lib/test/auto/DiscreteClock22.xml
2 ms. Memory: 296960K Free: 123174K (41%)
----------------- Invoking toplevel() on ptolemy.moml.MoMLSimpleApplication@2545a046
----------------- Done invoking toplevel() on ptolemy.moml.MoMLSimpleApplication@2545a046
reloadAllAccessors: .DiscreteClock22

===========================================================================================
----------------- testing Tue Jan 07 06:42:24 UTC 2020 /home/travis/build/icyphy/ptII/ptolemy/actor/lib/test/auto/DiscreteClock23.xml
----------------- Instantiating /home/travis/build/icyphy/ptII/ptolemy/actor/lib/test/auto/DiscreteClock23.xml
9 ms. Memory: 296960K Free: 117544K (40%)
----------------- Invoking toplevel() on ptolemy.moml.MoMLSimpleApplication@2374300c
----------------- Done invoking toplevel() on ptolemy.moml.MoMLSimpleApplication@2374300c
reloadAllAccessors: .DiscreteClock23

===========================================================================================
----------------- testing Tue Jan 07 06:42:24 UTC 2020 /home/travis/build/icyphy/ptII/ptolemy/actor/lib/test/auto/DiscreteClock24.xml
----------------- Instantiating /home/travis/build/icyphy/ptII/ptolemy/actor/lib/test/auto/DiscreteClock24.xml
4 ms. Memory: 296960K Free: 111910K (38%)
----------------- Invoking toplevel() on ptolemy.moml.MoMLSimpleApplication@792616d
----------------- Done invoking toplevel() on ptolemy.moml.MoMLSimpleApplication@792616d
reloadAllAccessors: .DiscreteClock24

===========================================================================================
----------------- testing Tue Jan 07 06:42:25 UTC 2020 /home/travis/build/icyphy/ptII/ptolemy/actor/lib/test/auto/DiscreteClock4.xml
----------------- Instantiating /home/travis/build/icyphy/ptII/ptolemy/actor/lib/test/auto/DiscreteClock4.xml
4 ms. Memory: 296960K Free: 106280K (36%)
----------------- Invoking toplevel() on ptolemy.moml.MoMLSimpleApplication@1d213d54
----------------- Done invoking toplevel() on ptolemy.moml.MoMLSimpleApplication@1d213d54
reloadAllAccessors: .DiscreteClock4

===========================================================================================
----------------- testing Tue Jan 07 06:42:25 UTC 2020 /home/travis/build/icyphy/ptII/ptolemy/actor/lib/test/auto/DiscreteClock5.xml
----------------- Instantiating /home/travis/build/icyphy/ptII/ptolemy/actor/lib/test/auto/DiscreteClock5.xml
1 ms. Memory: 296960K Free: 101160K (34%)
----------------- Invoking toplevel() on ptolemy.moml.MoMLSimpleApplication@124f6fcb
----------------- Done invoking toplevel() on ptolemy.moml.MoMLSimpleApplication@124f6fcb
reloadAllAccessors: .DiscreteClock5

===========================================================================================
----------------- testing Tue Jan 07 06:42:25 UTC 2020 /home/travis/build/icyphy/ptII/ptolemy/actor/lib/test/auto/DiscreteClock6.xml
----------------- Instantiating /home/travis/build/icyphy/ptII/ptolemy/actor/lib/test/auto/DiscreteClock6.xml
1 ms. Memory: 296960K Free: 96550K (33%)
----------------- Invoking toplevel() on ptolemy.moml.MoMLSimpleApplication@1b4ea1a5
----------------- Done invoking toplevel() on ptolemy.moml.MoMLSimpleApplication@1b4ea1a5
reloadAllAccessors: .DiscreteClock6

===========================================================================================
----------------- testing Tue Jan 07 06:42:25 UTC 2020 /home/travis/build/icyphy/ptII/ptolemy/actor/lib/test/auto/DiscreteClock7.xml
----------------- Instantiating /home/travis/build/icyphy/ptII/ptolemy/actor/lib/test/auto/DiscreteClock7.xml
1 ms. Memory: 296960K Free: 91430K (31%)
----------------- Invoking toplevel() on ptolemy.moml.MoMLSimpleApplication@302b8003
----------------- Done invoking toplevel() on ptolemy.moml.MoMLSimpleApplication@302b8003
reloadAllAccessors: .DiscreteClock7

===========================================================================================
----------------- testing Tue Jan 07 06:42:25 UTC 2020 /home/travis/build/icyphy/ptII/ptolemy/actor/lib/test/auto/DiscreteClock8.xml
----------------- Instantiating /home/travis/build/icyphy/ptII/ptolemy/actor/lib/test/auto/DiscreteClock8.xml
4 ms. Memory: 296960K Free: 85800K (29%)
----------------- Invoking toplevel() on ptolemy.moml.MoMLSimpleApplication@3bf1adba
----------------- Done invoking toplevel() on ptolemy.moml.MoMLSimpleApplication@3bf1adba
reloadAllAccessors: .DiscreteClock8

===========================================================================================
----------------- testing Tue Jan 07 06:42:25 UTC 2020 /home/travis/build/icyphy/ptII/ptolemy/actor/lib/test/auto/DiscreteClock9.xml
----------------- Instantiating /home/travis/build/icyphy/ptII/ptolemy/actor/lib/test/auto/DiscreteClock9.xml
4 ms. Memory: 296960K Free: 80136K (27%)
----------------- Invoking toplevel() on ptolemy.moml.MoMLSimpleApplication@78b0b6e1
----------------- Done invoking toplevel() on ptolemy.moml.MoMLSimpleApplication@78b0b6e1
reloadAllAccessors: .DiscreteClock9

===========================================================================================
----------------- testing Tue Jan 07 06:42:25 UTC 2020 /home/travis/build/icyphy/ptII/ptolemy/actor/lib/test/auto/DisplayArray.xml
----------------- Instantiating /home/travis/build/icyphy/ptII/ptolemy/actor/lib/test/auto/DisplayArray.xml
3 ms. Memory: 296960K Free: 76584K (26%)
----------------- Invoking toplevel() on ptolemy.moml.MoMLSimpleApplication@40ffa01f
----------------- Done invoking toplevel() on ptolemy.moml.MoMLSimpleApplication@40ffa01f
reloadAllAccessors: .DisplayArray

===========================================================================================
----------------- testing Tue Jan 07 06:42:25 UTC 2020 /home/travis/build/icyphy/ptII/ptolemy/actor/lib/test/auto/Distributor.xml
----------------- Instantiating /home/travis/build/icyphy/ptII/ptolemy/actor/lib/test/auto/Distributor.xml
1 ms. Memory: 296960K Free: 71464K (24%)
----------------- Invoking toplevel() on ptolemy.moml.MoMLSimpleApplication@2447433a
----------------- Done invoking toplevel() on ptolemy.moml.MoMLSimpleApplication@2447433a
reloadAllAccessors: .Distributor

===========================================================================================
----------------- testing Tue Jan 07 06:42:25 UTC 2020 /home/travis/build/icyphy/ptII/ptolemy/actor/lib/test/auto/Distributor2.xml
----------------- Instantiating /home/travis/build/icyphy/ptII/ptolemy/actor/lib/test/auto/Distributor2.xml
1 ms. Memory: 296960K Free: 243053K (82%)
----------------- Invoking toplevel() on ptolemy.moml.MoMLSimpleApplication@26ec778f
----------------- Done invoking toplevel() on ptolemy.moml.MoMLSimpleApplication@26ec778f
reloadAllAccessors: .Distributor2

===========================================================================================
----------------- testing Tue Jan 07 06:42:25 UTC 2020 /home/travis/build/icyphy/ptII/ptolemy/actor/lib/test/auto/DownSample.xml
----------------- Instantiating /home/travis/build/icyphy/ptII/ptolemy/actor/lib/test/auto/DownSample.xml
1 ms. Memory: 296960K Free: 238453K (80%)
----------------- Invoking toplevel() on ptolemy.moml.MoMLSimpleApplication@6146d6a5
----------------- Done invoking toplevel() on ptolemy.moml.MoMLSimpleApplication@6146d6a5
reloadAllAccessors: .DownSample

===========================================================================================
----------------- testing Tue Jan 07 06:42:25 UTC 2020 /home/travis/build/icyphy/ptII/ptolemy/actor/lib/test/auto/ElectronicUnitBase1.xml
----------------- Instantiating /home/travis/build/icyphy/ptII/ptolemy/actor/lib/test/auto/ElectronicUnitBase1.xml
16 ms. Memory: 296960K Free: 222579K (75%)
----------------- Invoking toplevel() on ptolemy.moml.MoMLSimpleApplication@10f080df
----------------- Done invoking toplevel() on ptolemy.moml.MoMLSimpleApplication@10f080df
reloadAllAccessors: .ElectronicUnitBase1

===========================================================================================
----------------- testing Tue Jan 07 06:42:25 UTC 2020 /home/travis/build/icyphy/ptII/ptolemy/actor/lib/test/auto/ElementsToArray.xml
----------------- Instantiating /home/travis/build/icyphy/ptII/ptolemy/actor/lib/test/auto/ElementsToArray.xml
2 ms. Memory: 296960K Free: 217459K (73%)
----------------- Invoking toplevel() on ptolemy.moml.MoMLSimpleApplication@25841e3a
----------------- Done invoking toplevel() on ptolemy.moml.MoMLSimpleApplication@25841e3a
reloadAllAccessors: .ElementsToArray

===========================================================================================
----------------- testing Tue Jan 07 06:42:25 UTC 2020 /home/travis/build/icyphy/ptII/ptolemy/actor/lib/test/auto/Equals.xml
----------------- Instantiating /home/travis/build/icyphy/ptII/ptolemy/actor/lib/test/auto/Equals.xml
3 ms. Memory: 296960K Free: 212853K (72%)
----------------- Invoking toplevel() on ptolemy.moml.MoMLSimpleApplication@3cd1e287
----------------- Done invoking toplevel() on ptolemy.moml.MoMLSimpleApplication@3cd1e287
reloadAllAccessors: .Equals

===========================================================================================
----------------- testing Tue Jan 07 06:42:25 UTC 2020 /home/travis/build/icyphy/ptII/ptolemy/actor/lib/test/auto/Exec.xml
----------------- Instantiating /home/travis/build/icyphy/ptII/ptolemy/actor/lib/test/auto/Exec.xml
15 ms. Memory: 296960K Free: 207219K (70%)
----------------- Invoking toplevel() on ptolemy.moml.MoMLSimpleApplication@c6127f7
----------------- Done invoking toplevel() on ptolemy.moml.MoMLSimpleApplication@c6127f7
reloadAllAccessors: .Exec

===========================================================================================
----------------- testing Tue Jan 07 06:42:25 UTC 2020 /home/travis/build/icyphy/ptII/ptolemy/actor/lib/test/auto/ExecEnvironment.xml
----------------- Instantiating /home/travis/build/icyphy/ptII/ptolemy/actor/lib/test/auto/ExecEnvironment.xml
23 ms. Memory: 296960K Free: 201589K (68%)
----------------- Invoking toplevel() on ptolemy.moml.MoMLSimpleApplication@43d29df4
----------------- Done invoking toplevel() on ptolemy.moml.MoMLSimpleApplication@43d29df4
reloadAllAccessors: .ExecEnvironment

===========================================================================================
----------------- testing Tue Jan 07 06:42:25 UTC 2020 /home/travis/build/icyphy/ptII/ptolemy/actor/lib/test/auto/ExecNonZeroReturnOutput.xml
----------------- Instantiating /home/travis/build/icyphy/ptII/ptolemy/actor/lib/test/auto/ExecNonZeroReturnOutput.xml
147 ms. Memory: 296960K Free: 190325K (64%)
----------------- Invoking toplevel() on ptolemy.moml.MoMLSimpleApplication@7103687f
----------------- Done invoking toplevel() on ptolemy.moml.MoMLSimpleApplication@7103687f
reloadAllAccessors: .ExecNonZeroReturnOutput

===========================================================================================
----------------- testing Tue Jan 07 06:42:25 UTC 2020 /home/travis/build/icyphy/ptII/ptolemy/actor/lib/test/auto/ExecRunDemos.xml
----------------- Instantiating /home/travis/build/icyphy/ptII/ptolemy/actor/lib/test/auto/ExecRunDemos.xml
Finished: 84 ms. Memory: 129024K Free: 111888K (87%)

Finished: 84 ms. Memory: 129024K Free: 109585K (85%)

Finished: 75 ms. Memory: 129024K Free: 109504K (85%)

Finished: 101 ms. Memory: 129024K Free: 111037K (86%)

Finished: 55 ms. Memory: 129024K Free: 111934K (87%)

10206 ms. Memory: 296960K Free: 169331K (57%)
----------------- Invoking toplevel() on ptolemy.moml.MoMLSimpleApplication@75a991c8
----------------- Done invoking toplevel() on ptolemy.moml.MoMLSimpleApplication@75a991c8
reloadAllAccessors: .ExecRunDemos

===========================================================================================
----------------- testing Tue Jan 07 06:42:35 UTC 2020 /home/travis/build/icyphy/ptII/ptolemy/actor/lib/test/auto/ExecStop.xml
----------------- Instantiating /home/travis/build/icyphy/ptII/ptolemy/actor/lib/test/auto/ExecStop.xml
5017 ms. Memory: 296960K Free: 209397K (71%)
----------------- Invoking toplevel() on ptolemy.moml.MoMLSimpleApplication@34da34d9
----------------- Done invoking toplevel() on ptolemy.moml.MoMLSimpleApplication@34da34d9
reloadAllAccessors: .ExecStop

===========================================================================================
----------------- testing Tue Jan 07 06:42:40 UTC 2020 /home/travis/build/icyphy/ptII/ptolemy/actor/lib/test/auto/ExecutionTimeSDF.xml
----------------- Instantiating /home/travis/build/icyphy/ptII/ptolemy/actor/lib/test/auto/ExecutionTimeSDF.xml
Fired ExecutionTime: -592167296
Fired ExecutionTime: 1551600000
Fired ExecutionTime: 1576400000
6004 ms. Memory: 296960K Free: 196471K (66%)
----------------- Invoking toplevel() on ptolemy.moml.MoMLSimpleApplication@90727
----------------- Done invoking toplevel() on ptolemy.moml.MoMLSimpleApplication@90727
reloadAllAccessors: .ExecutionTimeSDF

===========================================================================================
----------------- testing Tue Jan 07 06:42:46 UTC 2020 /home/travis/build/icyphy/ptII/ptolemy/actor/lib/test/auto/Expression1.xml
----------------- Instantiating /home/travis/build/icyphy/ptII/ptolemy/actor/lib/test/auto/Expression1.xml
1 ms. Memory: 296960K Free: 192799K (65%)
----------------- Invoking toplevel() on ptolemy.moml.MoMLSimpleApplication@7fe4a717
----------------- Done invoking toplevel() on ptolemy.moml.MoMLSimpleApplication@7fe4a717
reloadAllAccessors: .Expression1

===========================================================================================
----------------- testing Tue Jan 07 06:42:46 UTC 2020 /home/travis/build/icyphy/ptII/ptolemy/actor/lib/test/auto/Expression10.xml
----------------- Instantiating /home/travis/build/icyphy/ptII/ptolemy/actor/lib/test/auto/Expression10.xml
4 ms. Memory: 296960K Free: 187269K (63%)
----------------- Invoking toplevel() on ptolemy.moml.MoMLSimpleApplication@189228fc
----------------- Done invoking toplevel() on ptolemy.moml.MoMLSimpleApplication@189228fc
reloadAllAccessors: .Expression10

===========================================================================================
----------------- testing Tue Jan 07 06:42:46 UTC 2020 /home/travis/build/icyphy/ptII/ptolemy/actor/lib/test/auto/Expression11.xml
----------------- Instantiating /home/travis/build/icyphy/ptII/ptolemy/actor/lib/test/auto/Expression11.xml
1 ms. Memory: 296960K Free: 183031K (62%)
----------------- Invoking toplevel() on ptolemy.moml.MoMLSimpleApplication@7130a152
----------------- Done invoking toplevel() on ptolemy.moml.MoMLSimpleApplication@7130a152
reloadAllAccessors: .Expression11

===========================================================================================
----------------- testing Tue Jan 07 06:42:46 UTC 2020 /home/travis/build/icyphy/ptII/ptolemy/actor/lib/test/auto/Expression12.xml
----------------- Instantiating /home/travis/build/icyphy/ptII/ptolemy/actor/lib/test/auto/Expression12.xml
2 ms. Memory: 296960K Free: 177447K (60%)
----------------- Invoking toplevel() on ptolemy.moml.MoMLSimpleApplication@5f34d19e
----------------- Done invoking toplevel() on ptolemy.moml.MoMLSimpleApplication@5f34d19e
reloadAllAccessors: .Expression12

===========================================================================================
----------------- testing Tue Jan 07 06:42:46 UTC 2020 /home/travis/build/icyphy/ptII/ptolemy/actor/lib/test/auto/Expression13.xml
----------------- Instantiating /home/travis/build/icyphy/ptII/ptolemy/actor/lib/test/auto/Expression13.xml
3 ms. Memory: 296960K Free: 172933K (58%)
----------------- Invoking toplevel() on ptolemy.moml.MoMLSimpleApplication@2ac0b20
----------------- Done invoking toplevel() on ptolemy.moml.MoMLSimpleApplication@2ac0b20
reloadAllAccessors: .Expression13

===========================================================================================
----------------- testing Tue Jan 07 06:42:46 UTC 2020 /home/travis/build/icyphy/ptII/ptolemy/actor/lib/test/auto/Expression14.xml
----------------- Instantiating /home/travis/build/icyphy/ptII/ptolemy/actor/lib/test/auto/Expression14.xml
3 ms. Memory: 296960K Free: 166767K (56%)
----------------- Invoking toplevel() on ptolemy.moml.MoMLSimpleApplication@9da7708
----------------- Done invoking toplevel() on ptolemy.moml.MoMLSimpleApplication@9da7708
reloadAllAccessors: .Expression14

===========================================================================================
----------------- testing Tue Jan 07 06:42:46 UTC 2020 /home/travis/build/icyphy/ptII/ptolemy/actor/lib/test/auto/Expression15.xml
----------------- Instantiating /home/travis/build/icyphy/ptII/ptolemy/actor/lib/test/auto/Expression15.xml
1 ms. Memory: 296960K Free: 162551K (55%)
----------------- Invoking toplevel() on ptolemy.moml.MoMLSimpleApplication@72139c38
----------------- Done invoking toplevel() on ptolemy.moml.MoMLSimpleApplication@72139c38
reloadAllAccessors: .Expression15

===========================================================================================
----------------- testing Tue Jan 07 06:42:46 UTC 2020 /home/travis/build/icyphy/ptII/ptolemy/actor/lib/test/auto/Expression16.xml
----------------- Instantiating /home/travis/build/icyphy/ptII/ptolemy/actor/lib/test/auto/Expression16.xml
2 ms. Memory: 296960K Free: 157999K (53%)
----------------- Invoking toplevel() on ptolemy.moml.MoMLSimpleApplication@3e207c97
----------------- Done invoking toplevel() on ptolemy.moml.MoMLSimpleApplication@3e207c97
reloadAllAccessors: .Expression16

===========================================================================================
----------------- testing Tue Jan 07 06:42:46 UTC 2020 /home/travis/build/icyphy/ptII/ptolemy/actor/lib/test/auto/Expression17.xml
----------------- Instantiating /home/travis/build/icyphy/ptII/ptolemy/actor/lib/test/auto/Expression17.xml
2 ms. Memory: 296960K Free: 152863K (51%)
----------------- Invoking toplevel() on ptolemy.moml.MoMLSimpleApplication@726ba2dd
----------------- Done invoking toplevel() on ptolemy.moml.MoMLSimpleApplication@726ba2dd
reloadAllAccessors: .Expression17

===========================================================================================
----------------- testing Tue Jan 07 06:42:46 UTC 2020 /home/travis/build/icyphy/ptII/ptolemy/actor/lib/test/auto/Expression18.xml
----------------- Instantiating /home/travis/build/icyphy/ptII/ptolemy/actor/lib/test/auto/Expression18.xml
1 ms. Memory: 296960K Free: 147751K (50%)
----------------- Invoking toplevel() on ptolemy.moml.MoMLSimpleApplication@478a8b9e
----------------- Done invoking toplevel() on ptolemy.moml.MoMLSimpleApplication@478a8b9e
reloadAllAccessors: .Expression18

===========================================================================================
----------------- testing Tue Jan 07 06:42:46 UTC 2020 /home/travis/build/icyphy/ptII/ptolemy/actor/lib/test/auto/Expression2.xml
----------------- Instantiating /home/travis/build/icyphy/ptII/ptolemy/actor/lib/test/auto/Expression2.xml
2 ms. Memory: 296960K Free: 143215K (48%)
----------------- Invoking toplevel() on ptolemy.moml.MoMLSimpleApplication@1736d411
----------------- Done invoking toplevel() on ptolemy.moml.MoMLSimpleApplication@1736d411
reloadAllAccessors: .Expression2

===========================================================================================
----------------- testing Tue Jan 07 06:42:46 UTC 2020 /home/travis/build/icyphy/ptII/ptolemy/actor/lib/test/auto/Expression3.xml
----------------- Instantiating /home/travis/build/icyphy/ptII/ptolemy/actor/lib/test/auto/Expression3.xml
6 ms. Memory: 296960K Free: 138116K (47%)
----------------- Invoking toplevel() on ptolemy.moml.MoMLSimpleApplication@5ffa1b8e
----------------- Done invoking toplevel() on ptolemy.moml.MoMLSimpleApplication@5ffa1b8e
reloadAllAccessors: .Expression3

===========================================================================================
----------------- testing Tue Jan 07 06:42:47 UTC 2020 /home/travis/build/icyphy/ptII/ptolemy/actor/lib/test/auto/Expression4.xml
----------------- Instantiating /home/travis/build/icyphy/ptII/ptolemy/actor/lib/test/auto/Expression4.xml
6 ms. Memory: 296960K Free: 130351K (44%)
----------------- Invoking toplevel() on ptolemy.moml.MoMLSimpleApplication@18fa8ca3
----------------- Done invoking toplevel() on ptolemy.moml.MoMLSimpleApplication@18fa8ca3
reloadAllAccessors: .Expression4

===========================================================================================
----------------- testing Tue Jan 07 06:42:47 UTC 2020 /home/travis/build/icyphy/ptII/ptolemy/actor/lib/test/auto/Expression5.xml
----------------- Instantiating /home/travis/build/icyphy/ptII/ptolemy/actor/lib/test/auto/Expression5.xml
3 ms. Memory: 296960K Free: 125807K (42%)
----------------- Invoking toplevel() on ptolemy.moml.MoMLSimpleApplication@2c642231
----------------- Done invoking toplevel() on ptolemy.moml.MoMLSimpleApplication@2c642231
reloadAllAccessors: .Expression5

===========================================================================================
----------------- testing Tue Jan 07 06:42:47 UTC 2020 /home/travis/build/icyphy/ptII/ptolemy/actor/lib/test/auto/Expression6.xml
----------------- Instantiating /home/travis/build/icyphy/ptII/ptolemy/actor/lib/test/auto/Expression6.xml
2 ms. Memory: 296960K Free: 121111K (41%)
----------------- Invoking toplevel() on ptolemy.moml.MoMLSimpleApplication@50cedc2d
----------------- Done invoking toplevel() on ptolemy.moml.MoMLSimpleApplication@50cedc2d
reloadAllAccessors: .Expression6

===========================================================================================
----------------- testing Tue Jan 07 06:42:47 UTC 2020 /home/travis/build/icyphy/ptII/ptolemy/actor/lib/test/auto/Expression7.xml
----------------- Instantiating /home/travis/build/icyphy/ptII/ptolemy/actor/lib/test/auto/Expression7.xml
2 ms. Memory: 296960K Free: 116029K (39%)
----------------- Invoking toplevel() on ptolemy.moml.MoMLSimpleApplication@451110b9
----------------- Done invoking toplevel() on ptolemy.moml.MoMLSimpleApplication@451110b9
reloadAllAccessors: .Expression7

===========================================================================================
----------------- testing Tue Jan 07 06:42:47 UTC 2020 /home/travis/build/icyphy/ptII/ptolemy/actor/lib/test/auto/Expression8.xml
----------------- Instantiating /home/travis/build/icyphy/ptII/ptolemy/actor/lib/test/auto/Expression8.xml
7 ms. Memory: 296960K Free: 111478K (38%)
----------------- Invoking toplevel() on ptolemy.moml.MoMLSimpleApplication@639ad3cc
----------------- Done invoking toplevel() on ptolemy.moml.MoMLSimpleApplication@639ad3cc
reloadAllAccessors: .Expression8

===========================================================================================
----------------- testing Tue Jan 07 06:42:47 UTC 2020 /home/travis/build/icyphy/ptII/ptolemy/actor/lib/test/auto/Expression9.xml
----------------- Instantiating /home/travis/build/icyphy/ptII/ptolemy/actor/lib/test/auto/Expression9.xml
1 ms. Memory: 296960K Free: 107383K (36%)
----------------- Invoking toplevel() on ptolemy.moml.MoMLSimpleApplication@3b2d0965
----------------- Done invoking toplevel() on ptolemy.moml.MoMLSimpleApplication@3b2d0965
reloadAllAccessors: .Expression9

===========================================================================================
----------------- testing Tue Jan 07 06:42:47 UTC 2020 /home/travis/build/icyphy/ptII/ptolemy/actor/lib/test/auto/ExpressionConcatenateArrayType.xml
----------------- Instantiating /home/travis/build/icyphy/ptII/ptolemy/actor/lib/test/auto/ExpressionConcatenateArrayType.xml
3 ms. Memory: 296960K Free: 101679K (34%)
----------------- Invoking toplevel() on ptolemy.moml.MoMLSimpleApplication@2d9b3b3d
----------------- Done invoking toplevel() on ptolemy.moml.MoMLSimpleApplication@2d9b3b3d
reloadAllAccessors: .ExpressionConcatenateArrayType

===========================================================================================
----------------- testing Tue Jan 07 06:42:47 UTC 2020 /home/travis/build/icyphy/ptII/ptolemy/actor/lib/test/auto/ExpressionConcatenateArrayType2.xml
----------------- Instantiating /home/travis/build/icyphy/ptII/ptolemy/actor/lib/test/auto/ExpressionConcatenateArrayType2.xml
2 ms. Memory: 296960K Free: 95991K (32%)
----------------- Invoking toplevel() on ptolemy.moml.MoMLSimpleApplication@26feb85b
----------------- Done invoking toplevel() on ptolemy.moml.MoMLSimpleApplication@26feb85b
reloadAllAccessors: .ExpressionConcatenateArrayType2

===========================================================================================
----------------- testing Tue Jan 07 06:42:47 UTC 2020 /home/travis/build/icyphy/ptII/ptolemy/actor/lib/test/auto/ExpressionFix.xml
----------------- Instantiating /home/travis/build/icyphy/ptII/ptolemy/actor/lib/test/auto/ExpressionFix.xml
22 ms. Memory: 296960K Free: 89402K (30%)
----------------- Invoking toplevel() on ptolemy.moml.MoMLSimpleApplication@216a7ea1
----------------- Done invoking toplevel() on ptolemy.moml.MoMLSimpleApplication@216a7ea1
reloadAllAccessors: .ExpressionFix

===========================================================================================
----------------- testing Tue Jan 07 06:42:47 UTC 2020 /home/travis/build/icyphy/ptII/ptolemy/actor/lib/test/auto/ExpressionFix2.xml
----------------- Instantiating /home/travis/build/icyphy/ptII/ptolemy/actor/lib/test/auto/ExpressionFix2.xml
1 ms. Memory: 296960K Free: 85287K (29%)
----------------- Invoking toplevel() on ptolemy.moml.MoMLSimpleApplication@6b0280c8
----------------- Done invoking toplevel() on ptolemy.moml.MoMLSimpleApplication@6b0280c8
reloadAllAccessors: .ExpressionFix2

===========================================================================================
----------------- testing Tue Jan 07 06:42:47 UTC 2020 /home/travis/build/icyphy/ptII/ptolemy/actor/lib/test/auto/ExpressionFix3.xml
----------------- Instantiating /home/travis/build/icyphy/ptII/ptolemy/actor/lib/test/auto/ExpressionFix3.xml
2 ms. Memory: 296960K Free: 81199K (27%)
----------------- Invoking toplevel() on ptolemy.moml.MoMLSimpleApplication@41b22ed4
----------------- Done invoking toplevel() on ptolemy.moml.MoMLSimpleApplication@41b22ed4
reloadAllAccessors: .ExpressionFix3

===========================================================================================
----------------- testing Tue Jan 07 06:42:47 UTC 2020 /home/travis/build/icyphy/ptII/ptolemy/actor/lib/test/auto/FileWriter1.xml
----------------- Instantiating /home/travis/build/icyphy/ptII/ptolemy/actor/lib/test/auto/FileWriter1.xml
1 ms. Memory: 296960K Free: 77117K (26%)
----------------- Invoking toplevel() on ptolemy.moml.MoMLSimpleApplication@3e6e82bb
----------------- Done invoking toplevel() on ptolemy.moml.MoMLSimpleApplication@3e6e82bb
reloadAllAccessors: .FileWriter1

===========================================================================================
----------------- testing Tue Jan 07 06:42:47 UTC 2020 /home/travis/build/icyphy/ptII/ptolemy/actor/lib/test/auto/FileWriter2.xml
----------------- Instantiating /home/travis/build/icyphy/ptII/ptolemy/actor/lib/test/auto/FileWriter2.xml
2 ms. Memory: 296960K Free: 72518K (24%)
----------------- Invoking toplevel() on ptolemy.moml.MoMLSimpleApplication@184bb566
----------------- Done invoking toplevel() on ptolemy.moml.MoMLSimpleApplication@184bb566
reloadAllAccessors: .FileWriter2

===========================================================================================
----------------- testing Tue Jan 07 06:42:47 UTC 2020 /home/travis/build/icyphy/ptII/ptolemy/actor/lib/test/auto/FileWriter3.xml
----------------- Instantiating /home/travis/build/icyphy/ptII/ptolemy/actor/lib/test/auto/FileWriter3.xml
8 ms. Memory: 296960K Free: 244773K (82%)
----------------- Invoking toplevel() on ptolemy.moml.MoMLSimpleApplication@4b7a2f1a
----------------- Done invoking toplevel() on ptolemy.moml.MoMLSimpleApplication@4b7a2f1a
reloadAllAccessors: .FileWriter3

===========================================================================================
----------------- testing Tue Jan 07 06:42:47 UTC 2020 /home/travis/build/icyphy/ptII/ptolemy/actor/lib/test/auto/Gaussian.xml
----------------- Instantiating /home/travis/build/icyphy/ptII/ptolemy/actor/lib/test/auto/Gaussian.xml
2 ms. Memory: 296960K Free: 239607K (81%)
----------------- Invoking toplevel() on ptolemy.moml.MoMLSimpleApplication@720ceac
----------------- Done invoking toplevel() on ptolemy.moml.MoMLSimpleApplication@720ceac
reloadAllAccessors: .Gaussian

===========================================================================================
----------------- testing Tue Jan 07 06:42:47 UTC 2020 /home/travis/build/icyphy/ptII/ptolemy/actor/lib/test/auto/Gaussian1.xml
----------------- Instantiating /home/travis/build/icyphy/ptII/ptolemy/actor/lib/test/auto/Gaussian1.xml
1 ms. Memory: 296960K Free: 233984K (79%)
----------------- Invoking toplevel() on ptolemy.moml.MoMLSimpleApplication@554e8585
----------------- Done invoking toplevel() on ptolemy.moml.MoMLSimpleApplication@554e8585
reloadAllAccessors: .Gaussian1

===========================================================================================
----------------- testing Tue Jan 07 06:42:47 UTC 2020 /home/travis/build/icyphy/ptII/ptolemy/actor/lib/test/auto/Gaussian2.xml
----------------- Instantiating /home/travis/build/icyphy/ptII/ptolemy/actor/lib/test/auto/Gaussian2.xml
1 ms. Memory: 296960K Free: 228870K (77%)
----------------- Invoking toplevel() on ptolemy.moml.MoMLSimpleApplication@1aa44009
----------------- Done invoking toplevel() on ptolemy.moml.MoMLSimpleApplication@1aa44009
reloadAllAccessors: .Gaussian2

===========================================================================================
----------------- testing Tue Jan 07 06:42:47 UTC 2020 /home/travis/build/icyphy/ptII/ptolemy/actor/lib/test/auto/GradientAdaptiveLattice.xml
----------------- Instantiating /home/travis/build/icyphy/ptII/ptolemy/actor/lib/test/auto/GradientAdaptiveLattice.xml
2 ms. Memory: 296960K Free: 223759K (75%)
----------------- Invoking toplevel() on ptolemy.moml.MoMLSimpleApplication@6da1e3dc
----------------- Done invoking toplevel() on ptolemy.moml.MoMLSimpleApplication@6da1e3dc
reloadAllAccessors: .GradientAdaptiveLattice

===========================================================================================
----------------- testing Tue Jan 07 06:42:47 UTC 2020 /home/travis/build/icyphy/ptII/ptolemy/actor/lib/test/auto/IIR.xml
----------------- Instantiating /home/travis/build/icyphy/ptII/ptolemy/actor/lib/test/auto/IIR.xml
1 ms. Memory: 296960K Free: 219142K (74%)
----------------- Invoking toplevel() on ptolemy.moml.MoMLSimpleApplication@32bfdc9a
----------------- Done invoking toplevel() on ptolemy.moml.MoMLSimpleApplication@32bfdc9a
reloadAllAccessors: .IIR

===========================================================================================
----------------- testing Tue Jan 07 06:42:47 UTC 2020 /home/travis/build/icyphy/ptII/ptolemy/actor/lib/test/auto/InputOutputTransparentPorts.xml
----------------- Instantiating /home/travis/build/icyphy/ptII/ptolemy/actor/lib/test/auto/InputOutputTransparentPorts.xml
1 ms. Memory: 296960K Free: 211959K (71%)
----------------- Invoking toplevel() on ptolemy.moml.MoMLSimpleApplication@4b9e7c63
----------------- Done invoking toplevel() on ptolemy.moml.MoMLSimpleApplication@4b9e7c63
reloadAllAccessors: .InputOutputTransparentPorts

===========================================================================================
----------------- testing Tue Jan 07 06:42:47 UTC 2020 /home/travis/build/icyphy/ptII/ptolemy/actor/lib/test/auto/Interpolator.xml
----------------- Instantiating /home/travis/build/icyphy/ptII/ptolemy/actor/lib/test/auto/Interpolator.xml
6 ms. Memory: 296960K Free: 207375K (70%)
----------------- Invoking toplevel() on ptolemy.moml.MoMLSimpleApplication@101538e7
----------------- Done invoking toplevel() on ptolemy.moml.MoMLSimpleApplication@101538e7
reloadAllAccessors: .Interpolator

===========================================================================================
----------------- testing Tue Jan 07 06:42:47 UTC 2020 /home/travis/build/icyphy/ptII/ptolemy/actor/lib/test/auto/InterpolatorFiringLimitDE.xml
----------------- Instantiating /home/travis/build/icyphy/ptII/ptolemy/actor/lib/test/auto/InterpolatorFiringLimitDE.xml
2 ms. Memory: 296960K Free: 201231K (68%)
----------------- Invoking toplevel() on ptolemy.moml.MoMLSimpleApplication@4e7acd7a
----------------- Done invoking toplevel() on ptolemy.moml.MoMLSimpleApplication@4e7acd7a
reloadAllAccessors: .InterpolatorFiringLimitDE

===========================================================================================
----------------- testing Tue Jan 07 06:42:47 UTC 2020 /home/travis/build/icyphy/ptII/ptolemy/actor/lib/test/auto/Lattice.xml
----------------- Instantiating /home/travis/build/icyphy/ptII/ptolemy/actor/lib/test/auto/Lattice.xml
1 ms. Memory: 296960K Free: 197638K (67%)
----------------- Invoking toplevel() on ptolemy.moml.MoMLSimpleApplication@3aad3dba
----------------- Done invoking toplevel() on ptolemy.moml.MoMLSimpleApplication@3aad3dba
reloadAllAccessors: .Lattice

===========================================================================================
----------------- testing Tue Jan 07 06:42:47 UTC 2020 /home/travis/build/icyphy/ptII/ptolemy/actor/lib/test/auto/LazyAOCTestLazy.xml
----------------- Instantiating /home/travis/build/icyphy/ptII/ptolemy/actor/lib/test/auto/LazyAOCTestLazy.xml
16 ms. Memory: 296960K Free: 191464K (64%)
----------------- Invoking toplevel() on ptolemy.moml.MoMLSimpleApplication@f2b1d03
----------------- Done invoking toplevel() on ptolemy.moml.MoMLSimpleApplication@f2b1d03
reloadAllAccessors: .LazyAOCTestLazy

===========================================================================================
----------------- testing Tue Jan 07 06:42:47 UTC 2020 /home/travis/build/icyphy/ptII/ptolemy/actor/lib/test/auto/LazyAOCTestNonLazy.xml
----------------- Instantiating /home/travis/build/icyphy/ptII/ptolemy/actor/lib/test/auto/LazyAOCTestNonLazy.xml
2 ms. Memory: 296960K Free: 184832K (62%)
----------------- Invoking toplevel() on ptolemy.moml.MoMLSimpleApplication@38381a07
----------------- Done invoking toplevel() on ptolemy.moml.MoMLSimpleApplication@38381a07
reloadAllAccessors: .LazyAOCTestNonLazy

===========================================================================================
----------------- testing Tue Jan 07 06:42:47 UTC 2020 /home/travis/build/icyphy/ptII/ptolemy/actor/lib/test/auto/LazyInnerClass.xml
----------------- Instantiating /home/travis/build/icyphy/ptII/ptolemy/actor/lib/test/auto/LazyInnerClass.xml
19 ms. Memory: 296960K Free: 176095K (59%)
----------------- Invoking toplevel() on ptolemy.moml.MoMLSimpleApplication@4b4407d3
----------------- Done invoking toplevel() on ptolemy.moml.MoMLSimpleApplication@4b4407d3
reloadAllAccessors: .LazyInnerClass

===========================================================================================
----------------- testing Tue Jan 07 06:42:47 UTC 2020 /home/travis/build/icyphy/ptII/ptolemy/actor/lib/test/auto/LazyPubSub.xml
----------------- Instantiating /home/travis/build/icyphy/ptII/ptolemy/actor/lib/test/auto/LazyPubSub.xml
24 ms. Memory: 296960K Free: 165377K (56%)
----------------- Invoking toplevel() on ptolemy.moml.MoMLSimpleApplication@1813fd64
----------------- Done invoking toplevel() on ptolemy.moml.MoMLSimpleApplication@1813fd64
reloadAllAccessors: .LazyPubSub

===========================================================================================
----------------- testing Tue Jan 07 06:42:47 UTC 2020 /home/travis/build/icyphy/ptII/ptolemy/actor/lib/test/auto/LazyPubSub2.xml
----------------- Instantiating /home/travis/build/icyphy/ptII/ptolemy/actor/lib/test/auto/LazyPubSub2.xml
18 ms. Memory: 296960K Free: 155654K (52%)
----------------- Invoking toplevel() on ptolemy.moml.MoMLSimpleApplication@4a43173f
----------------- Done invoking toplevel() on ptolemy.moml.MoMLSimpleApplication@4a43173f
reloadAllAccessors: .LazyPubSub2

===========================================================================================
----------------- testing Tue Jan 07 06:42:47 UTC 2020 /home/travis/build/icyphy/ptII/ptolemy/actor/lib/test/auto/LazyPubSub3.xml
----------------- Instantiating /home/travis/build/icyphy/ptII/ptolemy/actor/lib/test/auto/LazyPubSub3.xml
13 ms. Memory: 296960K Free: 145414K (49%)
----------------- Invoking toplevel() on ptolemy.moml.MoMLSimpleApplication@7d0dc0cf
----------------- Done invoking toplevel() on ptolemy.moml.MoMLSimpleApplication@7d0dc0cf
reloadAllAccessors: .LazyPubSub3

===========================================================================================
----------------- testing Tue Jan 07 06:42:47 UTC 2020 /home/travis/build/icyphy/ptII/ptolemy/actor/lib/test/auto/LazySubClassModel.xml
----------------- Instantiating /home/travis/build/icyphy/ptII/ptolemy/actor/lib/test/auto/LazySubClassModel.xml
1 ms. Memory: 296960K Free: 136200K (46%)
----------------- Invoking toplevel() on ptolemy.moml.MoMLSimpleApplication@e86c70e
----------------- Done invoking toplevel() on ptolemy.moml.MoMLSimpleApplication@e86c70e
reloadAllAccessors: .LazySubClassModel

===========================================================================================
----------------- testing Tue Jan 07 06:42:47 UTC 2020 /home/travis/build/icyphy/ptII/ptolemy/actor/lib/test/auto/LevelCrossTest1.xml
----------------- Instantiating /home/travis/build/icyphy/ptII/ptolemy/actor/lib/test/auto/LevelCrossTest1.xml
2 ms. Memory: 296960K Free: 130560K (44%)
----------------- Invoking toplevel() on ptolemy.moml.MoMLSimpleApplication@45b0c750
----------------- Done invoking toplevel() on ptolemy.moml.MoMLSimpleApplication@45b0c750
reloadAllAccessors: .broken

===========================================================================================
----------------- testing Tue Jan 07 06:42:47 UTC 2020 /home/travis/build/icyphy/ptII/ptolemy/actor/lib/test/auto/LevelCrossTest10.xml
----------------- Instantiating /home/travis/build/icyphy/ptII/ptolemy/actor/lib/test/auto/LevelCrossTest10.xml
1 ms. Memory: 296960K Free: 123910K (42%)
----------------- Invoking toplevel() on ptolemy.moml.MoMLSimpleApplication@588b1287
----------------- Done invoking toplevel() on ptolemy.moml.MoMLSimpleApplication@588b1287
reloadAllAccessors: .LevelCrossTest10

===========================================================================================
----------------- testing Tue Jan 07 06:42:47 UTC 2020 /home/travis/build/icyphy/ptII/ptolemy/actor/lib/test/auto/LevelCrossTest11.xml
----------------- Instantiating /home/travis/build/icyphy/ptII/ptolemy/actor/lib/test/auto/LevelCrossTest11.xml
1 ms. Memory: 296960K Free: 117250K (39%)
----------------- Invoking toplevel() on ptolemy.moml.MoMLSimpleApplication@182135f
----------------- Done invoking toplevel() on ptolemy.moml.MoMLSimpleApplication@182135f
reloadAllAccessors: .LevelCrossTest11

===========================================================================================
----------------- testing Tue Jan 07 06:42:47 UTC 2020 /home/travis/build/icyphy/ptII/ptolemy/actor/lib/test/auto/LevelCrossTest12.xml
----------------- Instantiating /home/travis/build/icyphy/ptII/ptolemy/actor/lib/test/auto/LevelCrossTest12.xml
1 ms. Memory: 296960K Free: 110600K (37%)
----------------- Invoking toplevel() on ptolemy.moml.MoMLSimpleApplication@65be80e5
----------------- Done invoking toplevel() on ptolemy.moml.MoMLSimpleApplication@65be80e5
reloadAllAccessors: .LevelCrossTest12

===========================================================================================
----------------- testing Tue Jan 07 06:42:47 UTC 2020 /home/travis/build/icyphy/ptII/ptolemy/actor/lib/test/auto/LevelCrossTest13.xml
----------------- Instantiating /home/travis/build/icyphy/ptII/ptolemy/actor/lib/test/auto/LevelCrossTest13.xml
4 ms. Memory: 296960K Free: 102912K (35%)
----------------- Invoking toplevel() on ptolemy.moml.MoMLSimpleApplication@6b205c75
----------------- Done invoking toplevel() on ptolemy.moml.MoMLSimpleApplication@6b205c75
reloadAllAccessors: .LevelCrossTest13

===========================================================================================
----------------- testing Tue Jan 07 06:42:47 UTC 2020 /home/travis/build/icyphy/ptII/ptolemy/actor/lib/test/auto/LevelCrossTest2.xml
----------------- Instantiating /home/travis/build/icyphy/ptII/ptolemy/actor/lib/test/auto/LevelCrossTest2.xml
2 ms. Memory: 296960K Free: 97280K (33%)
----------------- Invoking toplevel() on ptolemy.moml.MoMLSimpleApplication@97d3c70
----------------- Done invoking toplevel() on ptolemy.moml.MoMLSimpleApplication@97d3c70
reloadAllAccessors: .broken

===========================================================================================
----------------- testing Tue Jan 07 06:42:47 UTC 2020 /home/travis/build/icyphy/ptII/ptolemy/actor/lib/test/auto/LevelCrossTest3.xml
----------------- Instantiating /home/travis/build/icyphy/ptII/ptolemy/actor/lib/test/auto/LevelCrossTest3.xml
2 ms. Memory: 296960K Free: 91135K (31%)
----------------- Invoking toplevel() on ptolemy.moml.MoMLSimpleApplication@68cdbd6c
----------------- Done invoking toplevel() on ptolemy.moml.MoMLSimpleApplication@68cdbd6c
reloadAllAccessors: .LevelCrossTest3

===========================================================================================
----------------- testing Tue Jan 07 06:42:47 UTC 2020 /home/travis/build/icyphy/ptII/ptolemy/actor/lib/test/auto/LevelCrossTest4.xml
----------------- Instantiating /home/travis/build/icyphy/ptII/ptolemy/actor/lib/test/auto/LevelCrossTest4.xml
1 ms. Memory: 296960K Free: 85992K (29%)
----------------- Invoking toplevel() on ptolemy.moml.MoMLSimpleApplication@663f9551
----------------- Done invoking toplevel() on ptolemy.moml.MoMLSimpleApplication@663f9551
reloadAllAccessors: .broken

===========================================================================================
----------------- testing Tue Jan 07 06:42:47 UTC 2020 /home/travis/build/icyphy/ptII/ptolemy/actor/lib/test/auto/LevelCrossTest5.xml
----------------- Instantiating /home/travis/build/icyphy/ptII/ptolemy/actor/lib/test/auto/LevelCrossTest5.xml
1 ms. Memory: 296960K Free: 78336K (26%)
----------------- Invoking toplevel() on ptolemy.moml.MoMLSimpleApplication@1c1066d9
----------------- Done invoking toplevel() on ptolemy.moml.MoMLSimpleApplication@1c1066d9
reloadAllAccessors: .LevelCrossTest5

===========================================================================================
----------------- testing Tue Jan 07 06:42:47 UTC 2020 /home/travis/build/icyphy/ptII/ptolemy/actor/lib/test/auto/LevelCrossTest6.xml
----------------- Instantiating /home/travis/build/icyphy/ptII/ptolemy/actor/lib/test/auto/LevelCrossTest6.xml
5 ms. Memory: 296960K Free: 71686K (24%)
----------------- Invoking toplevel() on ptolemy.moml.MoMLSimpleApplication@44b73112
----------------- Done invoking toplevel() on ptolemy.moml.MoMLSimpleApplication@44b73112
reloadAllAccessors: .LevelCrossTest6

===========================================================================================
----------------- testing Tue Jan 07 06:42:47 UTC 2020 /home/travis/build/icyphy/ptII/ptolemy/actor/lib/test/auto/LevelCrossTest7.xml
----------------- Instantiating /home/travis/build/icyphy/ptII/ptolemy/actor/lib/test/auto/LevelCrossTest7.xml
1 ms. Memory: 296960K Free: 240923K (81%)
----------------- Invoking toplevel() on ptolemy.moml.MoMLSimpleApplication@3059a616
----------------- Done invoking toplevel() on ptolemy.moml.MoMLSimpleApplication@3059a616
reloadAllAccessors: .LevelCrossTest7

===========================================================================================
----------------- testing Tue Jan 07 06:42:47 UTC 2020 /home/travis/build/icyphy/ptII/ptolemy/actor/lib/test/auto/LevelCrossTest8.xml
----------------- Instantiating /home/travis/build/icyphy/ptII/ptolemy/actor/lib/test/auto/LevelCrossTest8.xml
1 ms. Memory: 296960K Free: 233519K (79%)
----------------- Invoking toplevel() on ptolemy.moml.MoMLSimpleApplication@29cfc318
----------------- Done invoking toplevel() on ptolemy.moml.MoMLSimpleApplication@29cfc318
reloadAllAccessors: .LevelCrossTest8

===========================================================================================
----------------- testing Tue Jan 07 06:42:47 UTC 2020 /home/travis/build/icyphy/ptII/ptolemy/actor/lib/test/auto/LevelCrossTest9.xml
----------------- Instantiating /home/travis/build/icyphy/ptII/ptolemy/actor/lib/test/auto/LevelCrossTest9.xml
2 ms. Memory: 296960K Free: 226351K (76%)
----------------- Invoking toplevel() on ptolemy.moml.MoMLSimpleApplication@38d00449
----------------- Done invoking toplevel() on ptolemy.moml.MoMLSimpleApplication@38d00449
reloadAllAccessors: .LevelCrossTest9

===========================================================================================
----------------- testing Tue Jan 07 06:42:47 UTC 2020 /home/travis/build/icyphy/ptII/ptolemy/actor/lib/test/auto/LevinsonDurbin.xml
----------------- Instantiating /home/travis/build/icyphy/ptII/ptolemy/actor/lib/test/auto/LevinsonDurbin.xml
8 ms. Memory: 296960K Free: 222255K (75%)
----------------- Invoking toplevel() on ptolemy.moml.MoMLSimpleApplication@2bd2065
----------------- Done invoking toplevel() on ptolemy.moml.MoMLSimpleApplication@2bd2065
reloadAllAccessors: .LevinsonDurbin

===========================================================================================
----------------- testing Tue Jan 07 06:42:47 UTC 2020 /home/travis/build/icyphy/ptII/ptolemy/actor/lib/test/auto/LevinsonDurbin2.xml
----------------- Instantiating /home/travis/build/icyphy/ptII/ptolemy/actor/lib/test/auto/LevinsonDurbin2.xml
2 ms. Memory: 296960K Free: 218159K (73%)
----------------- Invoking toplevel() on ptolemy.moml.MoMLSimpleApplication@405d71f6
----------------- Done invoking toplevel() on ptolemy.moml.MoMLSimpleApplication@405d71f6
reloadAllAccessors: .LevinsonDurbin2

===========================================================================================
----------------- testing Tue Jan 07 06:42:48 UTC 2020 /home/travis/build/icyphy/ptII/ptolemy/actor/lib/test/auto/LevinsonDurbin3.xml
----------------- Instantiating /home/travis/build/icyphy/ptII/ptolemy/actor/lib/test/auto/LevinsonDurbin3.xml
2 ms. Memory: 296960K Free: 214063K (72%)
----------------- Invoking toplevel() on ptolemy.moml.MoMLSimpleApplication@76ffa5f7
----------------- Done invoking toplevel() on ptolemy.moml.MoMLSimpleApplication@76ffa5f7
reloadAllAccessors: .LevinsonDurbin3

===========================================================================================
----------------- testing Tue Jan 07 06:42:48 UTC 2020 /home/travis/build/icyphy/ptII/ptolemy/actor/lib/test/auto/Limiter.xml
----------------- Instantiating /home/travis/build/icyphy/ptII/ptolemy/actor/lib/test/auto/Limiter.xml
10 ms. Memory: 296960K Free: 204847K (69%)
----------------- Invoking toplevel() on ptolemy.moml.MoMLSimpleApplication@2627b02b
----------------- Done invoking toplevel() on ptolemy.moml.MoMLSimpleApplication@2627b02b
reloadAllAccessors: .Limiter

===========================================================================================
----------------- testing Tue Jan 07 06:42:48 UTC 2020 /home/travis/build/icyphy/ptII/ptolemy/actor/lib/test/auto/LinearDifferenceEquationSystem.xml
----------------- Instantiating /home/travis/build/icyphy/ptII/ptolemy/actor/lib/test/auto/LinearDifferenceEquationSystem.xml
14 ms. Memory: 296960K Free: 197679K (67%)
----------------- Invoking toplevel() on ptolemy.moml.MoMLSimpleApplication@2793c399
----------------- Done invoking toplevel() on ptolemy.moml.MoMLSimpleApplication@2793c399
reloadAllAccessors: .LinearDifferenceEquationSystem

===========================================================================================
----------------- testing Tue Jan 07 06:42:48 UTC 2020 /home/travis/build/icyphy/ptII/ptolemy/actor/lib/test/auto/LookupTable.xml
----------------- Instantiating /home/travis/build/icyphy/ptII/ptolemy/actor/lib/test/auto/LookupTable.xml
2 ms. Memory: 296960K Free: 193069K (65%)
----------------- Invoking toplevel() on ptolemy.moml.MoMLSimpleApplication@29987bd2
----------------- Done invoking toplevel() on ptolemy.moml.MoMLSimpleApplication@29987bd2
reloadAllAccessors: .LookupTable

===========================================================================================
----------------- testing Tue Jan 07 06:42:48 UTC 2020 /home/travis/build/icyphy/ptII/ptolemy/actor/lib/test/auto/MathFunction.xml
----------------- Instantiating /home/travis/build/icyphy/ptII/ptolemy/actor/lib/test/auto/MathFunction.xml
2 ms. Memory: 296960K Free: 184877K (62%)
----------------- Invoking toplevel() on ptolemy.moml.MoMLSimpleApplication@52108a9e
----------------- Done invoking toplevel() on ptolemy.moml.MoMLSimpleApplication@52108a9e
reloadAllAccessors: .MathFunction

===========================================================================================
----------------- testing Tue Jan 07 06:42:48 UTC 2020 /home/travis/build/icyphy/ptII/ptolemy/actor/lib/test/auto/MathFunction2.xml
----------------- Instantiating /home/travis/build/icyphy/ptII/ptolemy/actor/lib/test/auto/MathFunction2.xml
1 ms. Memory: 296960K Free: 180781K (61%)
----------------- Invoking toplevel() on ptolemy.moml.MoMLSimpleApplication@337314a8
----------------- Done invoking toplevel() on ptolemy.moml.MoMLSimpleApplication@337314a8
reloadAllAccessors: .MathFunction2

===========================================================================================
----------------- testing Tue Jan 07 06:42:48 UTC 2020 /home/travis/build/icyphy/ptII/ptolemy/actor/lib/test/auto/MathFunction3.xml
----------------- Instantiating /home/travis/build/icyphy/ptII/ptolemy/actor/lib/test/auto/MathFunction3.xml
2 ms. Memory: 296960K Free: 173613K (58%)
----------------- Invoking toplevel() on ptolemy.moml.MoMLSimpleApplication@5fcb769
----------------- Done invoking toplevel() on ptolemy.moml.MoMLSimpleApplication@5fcb769
reloadAllAccessors: .MathFunction3

===========================================================================================
----------------- testing Tue Jan 07 06:42:48 UTC 2020 /home/travis/build/icyphy/ptII/ptolemy/actor/lib/test/auto/MatrixCropBoolean.xml
----------------- Instantiating /home/travis/build/icyphy/ptII/ptolemy/actor/lib/test/auto/MatrixCropBoolean.xml
2 ms. Memory: 296960K Free: 168487K (57%)
----------------- Invoking toplevel() on ptolemy.moml.MoMLSimpleApplication@6fb2be32
----------------- Done invoking toplevel() on ptolemy.moml.MoMLSimpleApplication@6fb2be32
reloadAllAccessors: .MatrixCropBoolean

===========================================================================================
----------------- testing Tue Jan 07 06:42:48 UTC 2020 /home/travis/build/icyphy/ptII/ptolemy/actor/lib/test/auto/MatrixCropComplex.xml
----------------- Instantiating /home/travis/build/icyphy/ptII/ptolemy/actor/lib/test/auto/MatrixCropComplex.xml
2 ms. Memory: 296960K Free: 163343K (55%)
----------------- Invoking toplevel() on ptolemy.moml.MoMLSimpleApplication@1ba88bda
----------------- Done invoking toplevel() on ptolemy.moml.MoMLSimpleApplication@1ba88bda
reloadAllAccessors: .MatrixCropComplex

===========================================================================================
----------------- testing Tue Jan 07 06:42:48 UTC 2020 /home/travis/build/icyphy/ptII/ptolemy/actor/lib/test/auto/MatrixCropDouble.xml
----------------- Instantiating /home/travis/build/icyphy/ptII/ptolemy/actor/lib/test/auto/MatrixCropDouble.xml
2 ms. Memory: 296960K Free: 158223K (53%)
----------------- Invoking toplevel() on ptolemy.moml.MoMLSimpleApplication@41b0e011
----------------- Done invoking toplevel() on ptolemy.moml.MoMLSimpleApplication@41b0e011
reloadAllAccessors: .MatrixCropDouble

===========================================================================================
----------------- testing Tue Jan 07 06:42:48 UTC 2020 /home/travis/build/icyphy/ptII/ptolemy/actor/lib/test/auto/MatrixCropFix.xml
----------------- Instantiating /home/travis/build/icyphy/ptII/ptolemy/actor/lib/test/auto/MatrixCropFix.xml
5 ms. Memory: 296960K Free: 153103K (52%)
----------------- Invoking toplevel() on ptolemy.moml.MoMLSimpleApplication@1825b768
----------------- Done invoking toplevel() on ptolemy.moml.MoMLSimpleApplication@1825b768
reloadAllAccessors: .MatrixCropFix

===========================================================================================
----------------- testing Tue Jan 07 06:42:48 UTC 2020 /home/travis/build/icyphy/ptII/ptolemy/actor/lib/test/auto/MatrixCropInt.xml
----------------- Instantiating /home/travis/build/icyphy/ptII/ptolemy/actor/lib/test/auto/MatrixCropInt.xml
1 ms. Memory: 296960K Free: 147983K (50%)
----------------- Invoking toplevel() on ptolemy.moml.MoMLSimpleApplication@77314509
----------------- Done invoking toplevel() on ptolemy.moml.MoMLSimpleApplication@77314509
reloadAllAccessors: .MatrixCropInt

===========================================================================================
----------------- testing Tue Jan 07 06:42:48 UTC 2020 /home/travis/build/icyphy/ptII/ptolemy/actor/lib/test/auto/MatrixCropLong.xml
----------------- Instantiating /home/travis/build/icyphy/ptII/ptolemy/actor/lib/test/auto/MatrixCropLong.xml
2 ms. Memory: 296960K Free: 142863K (48%)
----------------- Invoking toplevel() on ptolemy.moml.MoMLSimpleApplication@3fc35998
----------------- Done invoking toplevel() on ptolemy.moml.MoMLSimpleApplication@3fc35998
reloadAllAccessors: .MatrixCropLong

===========================================================================================
----------------- testing Tue Jan 07 06:42:48 UTC 2020 /home/travis/build/icyphy/ptII/ptolemy/actor/lib/test/auto/MatrixToArray.xml
----------------- Instantiating /home/travis/build/icyphy/ptII/ptolemy/actor/lib/test/auto/MatrixToArray.xml
10 ms. Memory: 296960K Free: 128047K (43%)
----------------- Invoking toplevel() on ptolemy.moml.MoMLSimpleApplication@481c8b68
----------------- Done invoking toplevel() on ptolemy.moml.MoMLSimpleApplication@481c8b68
reloadAllAccessors: .MatrixToArray

===========================================================================================
----------------- testing Tue Jan 07 06:42:48 UTC 2020 /home/travis/build/icyphy/ptII/ptolemy/actor/lib/test/auto/MaxIndex.xml
----------------- Instantiating /home/travis/build/icyphy/ptII/ptolemy/actor/lib/test/auto/MaxIndex.xml
2 ms. Memory: 296960K Free: 122927K (41%)
----------------- Invoking toplevel() on ptolemy.moml.MoMLSimpleApplication@56fba3cc
----------------- Done invoking toplevel() on ptolemy.moml.MoMLSimpleApplication@56fba3cc
reloadAllAccessors: .MaxIndex

===========================================================================================
----------------- testing Tue Jan 07 06:42:48 UTC 2020 /home/travis/build/icyphy/ptII/ptolemy/actor/lib/test/auto/Maximum.xml
----------------- Instantiating /home/travis/build/icyphy/ptII/ptolemy/actor/lib/test/auto/Maximum.xml
3 ms. Memory: 296960K Free: 116239K (39%)
----------------- Invoking toplevel() on ptolemy.moml.MoMLSimpleApplication@f33a8d
----------------- Done invoking toplevel() on ptolemy.moml.MoMLSimpleApplication@f33a8d
reloadAllAccessors: .Maximum

===========================================================================================
----------------- testing Tue Jan 07 06:42:48 UTC 2020 /home/travis/build/icyphy/ptII/ptolemy/actor/lib/test/auto/MaximumComplex.xml
----------------- Instantiating /home/travis/build/icyphy/ptII/ptolemy/actor/lib/test/auto/MaximumComplex.xml
3 ms. Memory: 296960K Free: 110111K (37%)
----------------- Invoking toplevel() on ptolemy.moml.MoMLSimpleApplication@7d5e75f3
----------------- Done invoking toplevel() on ptolemy.moml.MoMLSimpleApplication@7d5e75f3
reloadAllAccessors: .MaximumComplex

===========================================================================================
----------------- testing Tue Jan 07 06:42:48 UTC 2020 /home/travis/build/icyphy/ptII/ptolemy/actor/lib/test/auto/MethodCallTest.xml
----------------- Instantiating /home/travis/build/icyphy/ptII/ptolemy/actor/lib/test/auto/MethodCallTest.xml
2 ms. Memory: 296960K Free: 103471K (35%)
----------------- Invoking toplevel() on ptolemy.moml.MoMLSimpleApplication@2c133964
----------------- Done invoking toplevel() on ptolemy.moml.MoMLSimpleApplication@2c133964
reloadAllAccessors: .MethodCallTest

===========================================================================================
----------------- testing Tue Jan 07 06:42:48 UTC 2020 /home/travis/build/icyphy/ptII/ptolemy/actor/lib/test/auto/Minimum.xml
----------------- Instantiating /home/travis/build/icyphy/ptII/ptolemy/actor/lib/test/auto/Minimum.xml
2 ms. Memory: 296960K Free: 97327K (33%)
----------------- Invoking toplevel() on ptolemy.moml.MoMLSimpleApplication@6cdd5a18
----------------- Done invoking toplevel() on ptolemy.moml.MoMLSimpleApplication@6cdd5a18
reloadAllAccessors: .Minimum

===========================================================================================
----------------- testing Tue Jan 07 06:42:48 UTC 2020 /home/travis/build/icyphy/ptII/ptolemy/actor/lib/test/auto/MinimumComplex.xml
----------------- Instantiating /home/travis/build/icyphy/ptII/ptolemy/actor/lib/test/auto/MinimumComplex.xml
3 ms. Memory: 296960K Free: 91183K (31%)
----------------- Invoking toplevel() on ptolemy.moml.MoMLSimpleApplication@5bf54db5
----------------- Done invoking toplevel() on ptolemy.moml.MoMLSimpleApplication@5bf54db5
reloadAllAccessors: .MinimumComplex

===========================================================================================
----------------- testing Tue Jan 07 06:42:48 UTC 2020 /home/travis/build/icyphy/ptII/ptolemy/actor/lib/test/auto/MinimumMultiports.xml
----------------- Instantiating /home/travis/build/icyphy/ptII/ptolemy/actor/lib/test/auto/MinimumMultiports.xml
3 ms. Memory: 296960K Free: 82463K (28%)
----------------- Invoking toplevel() on ptolemy.moml.MoMLSimpleApplication@7366dd5c
----------------- Done invoking toplevel() on ptolemy.moml.MoMLSimpleApplication@7366dd5c
reloadAllAccessors: .MinimumMultiports

===========================================================================================
----------------- testing Tue Jan 07 06:42:48 UTC 2020 /home/travis/build/icyphy/ptII/ptolemy/actor/lib/test/auto/ModifyDate.xml
----------------- Instantiating /home/travis/build/icyphy/ptII/ptolemy/actor/lib/test/auto/ModifyDate.xml
6 ms. Memory: 296960K Free: 69679K (23%)
----------------- Invoking toplevel() on ptolemy.moml.MoMLSimpleApplication@4d382b04
----------------- Done invoking toplevel() on ptolemy.moml.MoMLSimpleApplication@4d382b04
reloadAllAccessors: .ModifyDate

===========================================================================================
----------------- testing Tue Jan 07 06:42:48 UTC 2020 /home/travis/build/icyphy/ptII/ptolemy/actor/lib/test/auto/ModifyDate2.xml
----------------- Instantiating /home/travis/build/icyphy/ptII/ptolemy/actor/lib/test/auto/ModifyDate2.xml
7 ms. Memory: 296960K Free: 236257K (80%)
----------------- Invoking toplevel() on ptolemy.moml.MoMLSimpleApplication@12daa04a
----------------- Done invoking toplevel() on ptolemy.moml.MoMLSimpleApplication@12daa04a
reloadAllAccessors: .ModifyDate2

===========================================================================================
----------------- testing Tue Jan 07 06:42:48 UTC 2020 /home/travis/build/icyphy/ptII/ptolemy/actor/lib/test/auto/MovingAverage.xml
----------------- Instantiating /home/travis/build/icyphy/ptII/ptolemy/actor/lib/test/auto/MovingAverage.xml
1 ms. Memory: 296960K Free: 231137K (78%)
----------------- Invoking toplevel() on ptolemy.moml.MoMLSimpleApplication@7b7917f2
----------------- Done invoking toplevel() on ptolemy.moml.MoMLSimpleApplication@7b7917f2
reloadAllAccessors: .MovingAverage

===========================================================================================
----------------- testing Tue Jan 07 06:42:48 UTC 2020 /home/travis/build/icyphy/ptII/ptolemy/actor/lib/test/auto/MovingMaximum.xml
----------------- Instantiating /home/travis/build/icyphy/ptII/ptolemy/actor/lib/test/auto/MovingMaximum.xml
1 ms. Memory: 296960K Free: 226531K (76%)
----------------- Invoking toplevel() on ptolemy.moml.MoMLSimpleApplication@7b894ca7
----------------- Done invoking toplevel() on ptolemy.moml.MoMLSimpleApplication@7b894ca7
reloadAllAccessors: .MovingMaximum

===========================================================================================
----------------- testing Tue Jan 07 06:42:48 UTC 2020 /home/travis/build/icyphy/ptII/ptolemy/actor/lib/test/auto/MultipleLinksToSameRelation.xml
----------------- Instantiating /home/travis/build/icyphy/ptII/ptolemy/actor/lib/test/auto/MultipleLinksToSameRelation.xml
1 ms. Memory: 296960K Free: 222435K (75%)
----------------- Invoking toplevel() on ptolemy.moml.MoMLSimpleApplication@4ab20952
----------------- Done invoking toplevel() on ptolemy.moml.MoMLSimpleApplication@4ab20952
reloadAllAccessors: .MultipleLinksToSameRelation

===========================================================================================
----------------- testing Tue Jan 07 06:42:48 UTC 2020 /home/travis/build/icyphy/ptII/ptolemy/actor/lib/test/auto/MultipleLinksToSameRelationDE.xml
----------------- Instantiating /home/travis/build/icyphy/ptII/ptolemy/actor/lib/test/auto/MultipleLinksToSameRelationDE.xml
1 ms. Memory: 296960K Free: 217795K (73%)
----------------- Invoking toplevel() on ptolemy.moml.MoMLSimpleApplication@bc5446a
----------------- Done invoking toplevel() on ptolemy.moml.MoMLSimpleApplication@bc5446a
reloadAllAccessors: .MultipleLinksToSameRelationDE

===========================================================================================
----------------- testing Tue Jan 07 06:42:48 UTC 2020 /home/travis/build/icyphy/ptII/ptolemy/actor/lib/test/auto/Multiplexor.xml
----------------- Instantiating /home/travis/build/icyphy/ptII/ptolemy/actor/lib/test/auto/Multiplexor.xml
1 ms. Memory: 296960K Free: 212195K (71%)
----------------- Invoking toplevel() on ptolemy.moml.MoMLSimpleApplication@3a5810f8
----------------- Done invoking toplevel() on ptolemy.moml.MoMLSimpleApplication@3a5810f8
reloadAllAccessors: .Multiplexor

===========================================================================================
----------------- testing Tue Jan 07 06:42:48 UTC 2020 /home/travis/build/icyphy/ptII/ptolemy/actor/lib/test/auto/Multiplexor1.xml
----------------- Instantiating /home/travis/build/icyphy/ptII/ptolemy/actor/lib/test/auto/Multiplexor1.xml
2 ms. Memory: 296960K Free: 206555K (70%)
----------------- Invoking toplevel() on ptolemy.moml.MoMLSimpleApplication@4003e050
----------------- Done invoking toplevel() on ptolemy.moml.MoMLSimpleApplication@4003e050
reloadAllAccessors: .Multiplexor1

===========================================================================================
----------------- testing Tue Jan 07 06:42:48 UTC 2020 /home/travis/build/icyphy/ptII/ptolemy/actor/lib/test/auto/Multiplexor2.xml
----------------- Instantiating /home/travis/build/icyphy/ptII/ptolemy/actor/lib/test/auto/Multiplexor2.xml
2 ms. Memory: 296960K Free: 199907K (67%)
----------------- Invoking toplevel() on ptolemy.moml.MoMLSimpleApplication@5fd52ba3
----------------- Done invoking toplevel() on ptolemy.moml.MoMLSimpleApplication@5fd52ba3
reloadAllAccessors: .Multiplexor2

===========================================================================================
----------------- testing Tue Jan 07 06:42:48 UTC 2020 /home/travis/build/icyphy/ptII/ptolemy/actor/lib/test/auto/Multiplexor3.xml
----------------- Instantiating /home/travis/build/icyphy/ptII/ptolemy/actor/lib/test/auto/Multiplexor3.xml
2 ms. Memory: 296960K Free: 195811K (66%)
----------------- Invoking toplevel() on ptolemy.moml.MoMLSimpleApplication@65350761
----------------- Done invoking toplevel() on ptolemy.moml.MoMLSimpleApplication@65350761
reloadAllAccessors: .Multiplexor3

===========================================================================================
----------------- testing Tue Jan 07 06:42:48 UTC 2020 /home/travis/build/icyphy/ptII/ptolemy/actor/lib/test/auto/MultiplexorDE.xml
----------------- Instantiating /home/travis/build/icyphy/ptII/ptolemy/actor/lib/test/auto/MultiplexorDE.xml
2 ms. Memory: 296960K Free: 188115K (63%)
----------------- Invoking toplevel() on ptolemy.moml.MoMLSimpleApplication@79f6be5e
----------------- Done invoking toplevel() on ptolemy.moml.MoMLSimpleApplication@79f6be5e
reloadAllAccessors: .MultiplexorDE

===========================================================================================
----------------- testing Tue Jan 07 06:42:48 UTC 2020 /home/travis/build/icyphy/ptII/ptolemy/actor/lib/test/auto/MultiportBroadcastTest.xml
----------------- Instantiating /home/travis/build/icyphy/ptII/ptolemy/actor/lib/test/auto/MultiportBroadcastTest.xml
78 ms. Memory: 296960K Free: 181979K (61%)
----------------- Invoking toplevel() on ptolemy.moml.MoMLSimpleApplication@65aba174
----------------- Done invoking toplevel() on ptolemy.moml.MoMLSimpleApplication@65aba174
reloadAllAccessors: .MultiportBroadcastTest

===========================================================================================
----------------- testing Tue Jan 07 06:42:48 UTC 2020 /home/travis/build/icyphy/ptII/ptolemy/actor/lib/test/auto/MultiportOutHangDuringGetWidth.xml
----------------- Instantiating /home/travis/build/icyphy/ptII/ptolemy/actor/lib/test/auto/MultiportOutHangDuringGetWidth.xml
5 ms. Memory: 296960K Free: 169697K (57%)
----------------- Invoking toplevel() on ptolemy.moml.MoMLSimpleApplication@c42e65
----------------- Done invoking toplevel() on ptolemy.moml.MoMLSimpleApplication@c42e65
reloadAllAccessors: .MultiportOutHangDuringGetWidth

===========================================================================================
----------------- testing Tue Jan 07 06:42:48 UTC 2020 /home/travis/build/icyphy/ptII/ptolemy/actor/lib/test/auto/NilToken.xml
----------------- Instantiating /home/travis/build/icyphy/ptII/ptolemy/actor/lib/test/auto/NilToken.xml
1 ms. Memory: 296960K Free: 165601K (56%)
----------------- Invoking toplevel() on ptolemy.moml.MoMLSimpleApplication@24c33f8
----------------- Done invoking toplevel() on ptolemy.moml.MoMLSimpleApplication@24c33f8
reloadAllAccessors: .NilToken

===========================================================================================
----------------- testing Tue Jan 07 06:42:48 UTC 2020 /home/travis/build/icyphy/ptII/ptolemy/actor/lib/test/auto/NilTokenNonStrictTest.xml
----------------- Instantiating /home/travis/build/icyphy/ptII/ptolemy/actor/lib/test/auto/NilTokenNonStrictTest.xml
2 ms. Memory: 296960K Free: 160481K (54%)
----------------- Invoking toplevel() on ptolemy.moml.MoMLSimpleApplication@6f0f3b8b
----------------- Done invoking toplevel() on ptolemy.moml.MoMLSimpleApplication@6f0f3b8b
reloadAllAccessors: .NilTokenNonStrictTest

===========================================================================================
----------------- testing Tue Jan 07 06:42:48 UTC 2020 /home/travis/build/icyphy/ptII/ptolemy/actor/lib/test/auto/NilTokenRecord.xml
----------------- Instantiating /home/travis/build/icyphy/ptII/ptolemy/actor/lib/test/auto/NilTokenRecord.xml
4 ms. Memory: 296960K Free: 153827K (52%)
----------------- Invoking toplevel() on ptolemy.moml.MoMLSimpleApplication@2afa4d03
----------------- Done invoking toplevel() on ptolemy.moml.MoMLSimpleApplication@2afa4d03
reloadAllAccessors: .NilTokenRecord

===========================================================================================
----------------- testing Tue Jan 07 06:42:48 UTC 2020 /home/travis/build/icyphy/ptII/ptolemy/actor/lib/test/auto/NilTokenTypeTest.xml
----------------- Instantiating /home/travis/build/icyphy/ptII/ptolemy/actor/lib/test/auto/NilTokenTypeTest.xml
10 ms. Memory: 296960K Free: 144097K (49%)
----------------- Invoking toplevel() on ptolemy.moml.MoMLSimpleApplication@29410d25
----------------- Done invoking toplevel() on ptolemy.moml.MoMLSimpleApplication@29410d25
reloadAllAccessors: .NilTokenTypeTest

===========================================================================================
----------------- testing Tue Jan 07 06:42:48 UTC 2020 /home/travis/build/icyphy/ptII/ptolemy/actor/lib/test/auto/ObjectToken1.xml
----------------- Instantiating /home/travis/build/icyphy/ptII/ptolemy/actor/lib/test/auto/ObjectToken1.xml
3 ms. Memory: 296960K Free: 139491K (47%)
----------------- Invoking toplevel() on ptolemy.moml.MoMLSimpleApplication@61e95809
----------------- Done invoking toplevel() on ptolemy.moml.MoMLSimpleApplication@61e95809
reloadAllAccessors: .ObjectToken1

===========================================================================================
----------------- testing Tue Jan 07 06:42:48 UTC 2020 /home/travis/build/icyphy/ptII/ptolemy/actor/lib/test/auto/OrderedMerge.xml
----------------- Instantiating /home/travis/build/icyphy/ptII/ptolemy/actor/lib/test/auto/OrderedMerge.xml
11 ms. Memory: 296960K Free: 133857K (45%)
----------------- Invoking toplevel() on ptolemy.moml.MoMLSimpleApplication@1d1cd499
----------------- Done invoking toplevel() on ptolemy.moml.MoMLSimpleApplication@1d1cd499
reloadAllAccessors: .OrderedMerge

===========================================================================================
----------------- testing Tue Jan 07 06:42:48 UTC 2020 /home/travis/build/icyphy/ptII/ptolemy/actor/lib/test/auto/OrderedRecordDisassembler.xml
----------------- Instantiating /home/travis/build/icyphy/ptII/ptolemy/actor/lib/test/auto/OrderedRecordDisassembler.xml
3 ms. Memory: 296960K Free: 128731K (43%)
----------------- Invoking toplevel() on ptolemy.moml.MoMLSimpleApplication@43537956
----------------- Done invoking toplevel() on ptolemy.moml.MoMLSimpleApplication@43537956
reloadAllAccessors: .OrderedRecordDisassembler

===========================================================================================
----------------- testing Tue Jan 07 06:42:48 UTC 2020 /home/travis/build/icyphy/ptII/ptolemy/actor/lib/test/auto/OrderedRecordDisassembler2.xml
----------------- Instantiating /home/travis/build/icyphy/ptII/ptolemy/actor/lib/test/auto/OrderedRecordDisassembler2.xml
4 ms. Memory: 296960K Free: 121059K (41%)
----------------- Invoking toplevel() on ptolemy.moml.MoMLSimpleApplication@74085c6c
----------------- Done invoking toplevel() on ptolemy.moml.MoMLSimpleApplication@74085c6c
reloadAllAccessors: .OrderedRecordDisassembler2

===========================================================================================
----------------- testing Tue Jan 07 06:42:48 UTC 2020 /home/travis/build/icyphy/ptII/ptolemy/actor/lib/test/auto/OrderedRecordUpdater.xml
----------------- Instantiating /home/travis/build/icyphy/ptII/ptolemy/actor/lib/test/auto/OrderedRecordUpdater.xml
2 ms. Memory: 296960K Free: 115939K (39%)
----------------- Invoking toplevel() on ptolemy.moml.MoMLSimpleApplication@8b786eb
----------------- Done invoking toplevel() on ptolemy.moml.MoMLSimpleApplication@8b786eb
reloadAllAccessors: .RecordUpdater

===========================================================================================
----------------- testing Tue Jan 07 06:42:48 UTC 2020 /home/travis/build/icyphy/ptII/ptolemy/actor/lib/test/auto/OrderedRecordUpdater2.xml
----------------- Instantiating /home/travis/build/icyphy/ptII/ptolemy/actor/lib/test/auto/OrderedRecordUpdater2.xml
2 ms. Memory: 296960K Free: 110819K (37%)
----------------- Invoking toplevel() on ptolemy.moml.MoMLSimpleApplication@29b9ba18
----------------- Done invoking toplevel() on ptolemy.moml.MoMLSimpleApplication@29b9ba18
reloadAllAccessors: .RecordUpdater2

===========================================================================================
----------------- testing Tue Jan 07 06:42:48 UTC 2020 /home/travis/build/icyphy/ptII/ptolemy/actor/lib/test/auto/PhaseUnwrap.xml
----------------- Instantiating /home/travis/build/icyphy/ptII/ptolemy/actor/lib/test/auto/PhaseUnwrap.xml
1 ms. Memory: 296960K Free: 106209K (36%)
----------------- Invoking toplevel() on ptolemy.moml.MoMLSimpleApplication@40e5674b
----------------- Done invoking toplevel() on ptolemy.moml.MoMLSimpleApplication@40e5674b
reloadAllAccessors: .PhaseUnwrap

===========================================================================================
----------------- testing Tue Jan 07 06:42:48 UTC 2020 /home/travis/build/icyphy/ptII/ptolemy/actor/lib/test/auto/PoissonClock.xml
----------------- Instantiating /home/travis/build/icyphy/ptII/ptolemy/actor/lib/test/auto/PoissonClock.xml
1 ms. Memory: 296960K Free: 102113K (34%)
----------------- Invoking toplevel() on ptolemy.moml.MoMLSimpleApplication@25ef9423
----------------- Done invoking toplevel() on ptolemy.moml.MoMLSimpleApplication@25ef9423
reloadAllAccessors: .PoissonClock

===========================================================================================
----------------- testing Tue Jan 07 06:42:48 UTC 2020 /home/travis/build/icyphy/ptII/ptolemy/actor/lib/test/auto/PoissonClock2.xml
----------------- Instantiating /home/travis/build/icyphy/ptII/ptolemy/actor/lib/test/auto/PoissonClock2.xml
1 ms. Memory: 296960K Free: 97507K (33%)
----------------- Invoking toplevel() on ptolemy.moml.MoMLSimpleApplication@7cf40f3f
----------------- Done invoking toplevel() on ptolemy.moml.MoMLSimpleApplication@7cf40f3f
reloadAllAccessors: .PoissonClock2

===========================================================================================
----------------- testing Tue Jan 07 06:42:49 UTC 2020 /home/travis/build/icyphy/ptII/ptolemy/actor/lib/test/auto/PoissonClock3.xml
----------------- Instantiating /home/travis/build/icyphy/ptII/ptolemy/actor/lib/test/auto/PoissonClock3.xml
2 ms. Memory: 296960K Free: 92897K (31%)
----------------- Invoking toplevel() on ptolemy.moml.MoMLSimpleApplication@148fd05a
----------------- Done invoking toplevel() on ptolemy.moml.MoMLSimpleApplication@148fd05a
reloadAllAccessors: .PoissonClock3

===========================================================================================
----------------- testing Tue Jan 07 06:42:49 UTC 2020 /home/travis/build/icyphy/ptII/ptolemy/actor/lib/test/auto/PubSubWithInitialTokens.xml
----------------- Instantiating /home/travis/build/icyphy/ptII/ptolemy/actor/lib/test/auto/PubSubWithInitialTokens.xml
2 ms. Memory: 296960K Free: 87267K (29%)
----------------- Invoking toplevel() on ptolemy.moml.MoMLSimpleApplication@3ebd7e63
----------------- Done invoking toplevel() on ptolemy.moml.MoMLSimpleApplication@3ebd7e63
reloadAllAccessors: .PubSubWithInitialTokens

===========================================================================================
----------------- testing Tue Jan 07 06:42:49 UTC 2020 /home/travis/build/icyphy/ptII/ptolemy/actor/lib/test/auto/PubSubWithInitialTokens2.xml
----------------- Instantiating /home/travis/build/icyphy/ptII/ptolemy/actor/lib/test/auto/PubSubWithInitialTokens2.xml
3 ms. Memory: 296960K Free: 81123K (27%)
----------------- Invoking toplevel() on ptolemy.moml.MoMLSimpleApplication@6cbbadd
----------------- Done invoking toplevel() on ptolemy.moml.MoMLSimpleApplication@6cbbadd
reloadAllAccessors: .PubSubWithInitialTokens2

===========================================================================================
----------------- testing Tue Jan 07 06:42:49 UTC 2020 /home/travis/build/icyphy/ptII/ptolemy/actor/lib/test/auto/PublisherClassNoParameter.xml
----------------- Instantiating /home/travis/build/icyphy/ptII/ptolemy/actor/lib/test/auto/PublisherClassNoParameter.xml
2 ms. Memory: 296960K Free: 71393K (24%)
----------------- Invoking toplevel() on ptolemy.moml.MoMLSimpleApplication@153a056d
----------------- Done invoking toplevel() on ptolemy.moml.MoMLSimpleApplication@153a056d
reloadAllAccessors: .PublisherClassNoParameter

===========================================================================================
----------------- testing Tue Jan 07 06:42:49 UTC 2020 /home/travis/build/icyphy/ptII/ptolemy/actor/lib/test/auto/PublisherClassParameter.xml
----------------- Instantiating /home/travis/build/icyphy/ptII/ptolemy/actor/lib/test/auto/PublisherClassParameter.xml
2 ms. Memory: 296960K Free: 236151K (80%)
----------------- Invoking toplevel() on ptolemy.moml.MoMLSimpleApplication@5b2e362c
----------------- Done invoking toplevel() on ptolemy.moml.MoMLSimpleApplication@5b2e362c
reloadAllAccessors: .PublisherClassParameter

===========================================================================================
----------------- testing Tue Jan 07 06:42:49 UTC 2020 /home/travis/build/icyphy/ptII/ptolemy/actor/lib/test/auto/PublisherNonStrictTest.xml
----------------- Instantiating /home/travis/build/icyphy/ptII/ptolemy/actor/lib/test/auto/PublisherNonStrictTest.xml
2 ms. Memory: 296960K Free: 227463K (77%)
----------------- Invoking toplevel() on ptolemy.moml.MoMLSimpleApplication@2e92c67b
----------------- Done invoking toplevel() on ptolemy.moml.MoMLSimpleApplication@2e92c67b
reloadAllAccessors: .PublisherNonStrictTest

===========================================================================================
----------------- testing Tue Jan 07 06:42:49 UTC 2020 /home/travis/build/icyphy/ptII/ptolemy/actor/lib/test/auto/PublisherPort1.xml
----------------- Instantiating /home/travis/build/icyphy/ptII/ptolemy/actor/lib/test/auto/PublisherPort1.xml
8 ms. Memory: 296960K Free: 221799K (75%)
----------------- Invoking toplevel() on ptolemy.moml.MoMLSimpleApplication@6e19a64f
----------------- Done invoking toplevel() on ptolemy.moml.MoMLSimpleApplication@6e19a64f
reloadAllAccessors: .PublisherPort1

===========================================================================================
----------------- testing Tue Jan 07 06:42:49 UTC 2020 /home/travis/build/icyphy/ptII/ptolemy/actor/lib/test/auto/PublisherPort2.xml
----------------- Instantiating /home/travis/build/icyphy/ptII/ptolemy/actor/lib/test/auto/PublisherPort2.xml
1 ms. Memory: 296960K Free: 216709K (73%)
----------------- Invoking toplevel() on ptolemy.moml.MoMLSimpleApplication@575762ed
----------------- Done invoking toplevel() on ptolemy.moml.MoMLSimpleApplication@575762ed
reloadAllAccessors: .PublisherPort2

===========================================================================================
----------------- testing Tue Jan 07 06:42:49 UTC 2020 /home/travis/build/icyphy/ptII/ptolemy/actor/lib/test/auto/PublisherPort3.xml
----------------- Instantiating /home/travis/build/icyphy/ptII/ptolemy/actor/lib/test/auto/PublisherPort3.xml
2 ms. Memory: 296960K Free: 210055K (71%)
----------------- Invoking toplevel() on ptolemy.moml.MoMLSimpleApplication@1e23c29d
----------------- Done invoking toplevel() on ptolemy.moml.MoMLSimpleApplication@1e23c29d
reloadAllAccessors: .PublisherPort3

===========================================================================================
----------------- testing Tue Jan 07 06:42:49 UTC 2020 /home/travis/build/icyphy/ptII/ptolemy/actor/lib/test/auto/PublisherPort4.xml
----------------- Instantiating /home/travis/build/icyphy/ptII/ptolemy/actor/lib/test/auto/PublisherPort4.xml
2 ms. Memory: 296960K Free: 204407K (69%)
----------------- Invoking toplevel() on ptolemy.moml.MoMLSimpleApplication@4ef4d7aa
----------------- Done invoking toplevel() on ptolemy.moml.MoMLSimpleApplication@4ef4d7aa
reloadAllAccessors: .PublisherPort4

===========================================================================================
----------------- testing Tue Jan 07 06:42:49 UTC 2020 /home/travis/build/icyphy/ptII/ptolemy/actor/lib/test/auto/PublisherPort5.xml
----------------- Instantiating /home/travis/build/icyphy/ptII/ptolemy/actor/lib/test/auto/PublisherPort5.xml
3 ms. Memory: 296960K Free: 196743K (66%)
----------------- Invoking toplevel() on ptolemy.moml.MoMLSimpleApplication@7f4166c9
----------------- Done invoking toplevel() on ptolemy.moml.MoMLSimpleApplication@7f4166c9
reloadAllAccessors: .PublisherPort5

===========================================================================================
----------------- testing Tue Jan 07 06:42:49 UTC 2020 /home/travis/build/icyphy/ptII/ptolemy/actor/lib/test/auto/PublisherPort5LookAlike.xml
----------------- Instantiating /home/travis/build/icyphy/ptII/ptolemy/actor/lib/test/auto/PublisherPort5LookAlike.xml
6 ms. Memory: 296960K Free: 189061K (64%)
----------------- Invoking toplevel() on ptolemy.moml.MoMLSimpleApplication@51c316db
----------------- Done invoking toplevel() on ptolemy.moml.MoMLSimpleApplication@51c316db
reloadAllAccessors: .PublisherPort5LookAlike

===========================================================================================
----------------- testing Tue Jan 07 06:42:49 UTC 2020 /home/travis/build/icyphy/ptII/ptolemy/actor/lib/test/auto/PublisherPort6.xml
----------------- Instantiating /home/travis/build/icyphy/ptII/ptolemy/actor/lib/test/auto/PublisherPort6.xml
2 ms. Memory: 296960K Free: 182407K (61%)
----------------- Invoking toplevel() on ptolemy.moml.MoMLSimpleApplication@6c1d2358
----------------- Done invoking toplevel() on ptolemy.moml.MoMLSimpleApplication@6c1d2358
reloadAllAccessors: .PublisherPort6

===========================================================================================
----------------- testing Tue Jan 07 06:42:49 UTC 2020 /home/travis/build/icyphy/ptII/ptolemy/actor/lib/test/auto/PublisherPort7.xml
----------------- Instantiating /home/travis/build/icyphy/ptII/ptolemy/actor/lib/test/auto/PublisherPort7.xml
3 ms. Memory: 296960K Free: 174725K (59%)
----------------- Invoking toplevel() on ptolemy.moml.MoMLSimpleApplication@3d33fd4a
----------------- Done invoking toplevel() on ptolemy.moml.MoMLSimpleApplication@3d33fd4a
reloadAllAccessors: .PublisherPort7

===========================================================================================
----------------- testing Tue Jan 07 06:42:49 UTC 2020 /home/travis/build/icyphy/ptII/ptolemy/actor/lib/test/auto/PublisherPort8.xml
----------------- Instantiating /home/travis/build/icyphy/ptII/ptolemy/actor/lib/test/auto/PublisherPort8.xml
4 ms. Memory: 296960K Free: 166023K (56%)
----------------- Invoking toplevel() on ptolemy.moml.MoMLSimpleApplication@4bfa9263
----------------- Done invoking toplevel() on ptolemy.moml.MoMLSimpleApplication@4bfa9263
reloadAllAccessors: .PublisherPort8

===========================================================================================
----------------- testing Tue Jan 07 06:42:49 UTC 2020 /home/travis/build/icyphy/ptII/ptolemy/actor/lib/test/auto/PublisherPortSubscriberChannelVariablesAOC2.xml
----------------- Instantiating /home/travis/build/icyphy/ptII/ptolemy/actor/lib/test/auto/PublisherPortSubscriberChannelVariablesAOC2.xml
3 ms. Memory: 296960K Free: 148615K (50%)
----------------- Invoking toplevel() on ptolemy.moml.MoMLSimpleApplication@25944197
----------------- Done invoking toplevel() on ptolemy.moml.MoMLSimpleApplication@25944197
reloadAllAccessors: .PublisherPortSubscriberChannelVariablesAOC2

===========================================================================================
----------------- testing Tue Jan 07 06:42:49 UTC 2020 /home/travis/build/icyphy/ptII/ptolemy/actor/lib/test/auto/PublisherPortSubscriberOpaqueWidthInference.xml
----------------- Instantiating /home/travis/build/icyphy/ptII/ptolemy/actor/lib/test/auto/PublisherPortSubscriberOpaqueWidthInference.xml
3 ms. Memory: 296960K Free: 140919K (47%)
----------------- Invoking toplevel() on ptolemy.moml.MoMLSimpleApplication@1e148daa
----------------- Done invoking toplevel() on ptolemy.moml.MoMLSimpleApplication@1e148daa
reloadAllAccessors: .PublisherPortSubscriberOpaqueWidthInference

===========================================================================================
----------------- testing Tue Jan 07 06:42:49 UTC 2020 /home/travis/build/icyphy/ptII/ptolemy/actor/lib/test/auto/PublisherPortSubscriberPortAdjacent.xml
----------------- Instantiating /home/travis/build/icyphy/ptII/ptolemy/actor/lib/test/auto/PublisherPortSubscriberPortAdjacent.xml
1 ms. Memory: 296960K Free: 132741K (45%)
----------------- Invoking toplevel() on ptolemy.moml.MoMLSimpleApplication@10c8db56
----------------- Done invoking toplevel() on ptolemy.moml.MoMLSimpleApplication@10c8db56
reloadAllAccessors: .PublisherPortSubscriberPortAdjacent

===========================================================================================
----------------- testing Tue Jan 07 06:42:49 UTC 2020 /home/travis/build/icyphy/ptII/ptolemy/actor/lib/test/auto/PublisherPortSubscriberPortExpression.xml
----------------- Instantiating /home/travis/build/icyphy/ptII/ptolemy/actor/lib/test/auto/PublisherPortSubscriberPortExpression.xml
3 ms. Memory: 296960K Free: 125063K (42%)
----------------- Invoking toplevel() on ptolemy.moml.MoMLSimpleApplication@7ce0ad38
----------------- Done invoking toplevel() on ptolemy.moml.MoMLSimpleApplication@7ce0ad38
reloadAllAccessors: .PublisherPortSubscriberPortExpression

===========================================================================================
----------------- testing Tue Jan 07 06:42:49 UTC 2020 /home/travis/build/icyphy/ptII/ptolemy/actor/lib/test/auto/PublisherPortSubscriberPortOpaqueD3Reverse.xml
----------------- Instantiating /home/travis/build/icyphy/ptII/ptolemy/actor/lib/test/auto/PublisherPortSubscriberPortOpaqueD3Reverse.xml
9 ms. Memory: 296960K Free: 114823K (39%)
----------------- Invoking toplevel() on ptolemy.moml.MoMLSimpleApplication@231d14a4
----------------- Done invoking toplevel() on ptolemy.moml.MoMLSimpleApplication@231d14a4
reloadAllAccessors: .PublisherPortSubscriberPortOpaqueD3Reverse

===========================================================================================
----------------- testing Tue Jan 07 06:42:49 UTC 2020 /home/travis/build/icyphy/ptII/ptolemy/actor/lib/test/auto/PublisherPortSubscriberPortOpaqueWidthInference.xml
----------------- Instantiating /home/travis/build/icyphy/ptII/ptolemy/actor/lib/test/auto/PublisherPortSubscriberPortOpaqueWidthInference.xml
3 ms. Memory: 296960K Free: 107127K (36%)
----------------- Invoking toplevel() on ptolemy.moml.MoMLSimpleApplication@44b10f93
----------------- Done invoking toplevel() on ptolemy.moml.MoMLSimpleApplication@44b10f93
reloadAllAccessors: .PublisherPortSubscriberPortOpaqueWidthInference

===========================================================================================
----------------- testing Tue Jan 07 06:42:49 UTC 2020 /home/travis/build/icyphy/ptII/ptolemy/actor/lib/test/auto/PublisherPortToplevelSubscriberPortAOC.xml
----------------- Instantiating /home/travis/build/icyphy/ptII/ptolemy/actor/lib/test/auto/PublisherPortToplevelSubscriberPortAOC.xml
.PublisherPortToplevelSubscriberPortAOC.TestExceptionAttribute: initialize() was not invoked, but wrapup() was.  This is unusual, but not always a problem.  For example, exporting JNLP will do this.
1 ms. Memory: 296960K Free: 101511K (34%)
----------------- Invoking toplevel() on ptolemy.moml.MoMLSimpleApplication@1a0ed251
----------------- Done invoking toplevel() on ptolemy.moml.MoMLSimpleApplication@1a0ed251
reloadAllAccessors: .PublisherPortToplevelSubscriberPortAOC

===========================================================================================
----------------- testing Tue Jan 07 06:42:49 UTC 2020 /home/travis/build/icyphy/ptII/ptolemy/actor/lib/test/auto/PublisherSubscriber.xml
----------------- Instantiating /home/travis/build/icyphy/ptII/ptolemy/actor/lib/test/auto/PublisherSubscriber.xml
3 ms. Memory: 296960K Free: 94343K (32%)
----------------- Invoking toplevel() on ptolemy.moml.MoMLSimpleApplication@b2cc785
----------------- Done invoking toplevel() on ptolemy.moml.MoMLSimpleApplication@b2cc785
reloadAllAccessors: .PublisherSubscriber

===========================================================================================
----------------- testing Tue Jan 07 06:42:49 UTC 2020 /home/travis/build/icyphy/ptII/ptolemy/actor/lib/test/auto/PublisherSubscriber10.xml
----------------- Instantiating /home/travis/build/icyphy/ptII/ptolemy/actor/lib/test/auto/PublisherSubscriber10.xml
6 ms. Memory: 296960K Free: 84103K (28%)
----------------- Invoking toplevel() on ptolemy.moml.MoMLSimpleApplication@2bdbdf73
----------------- Done invoking toplevel() on ptolemy.moml.MoMLSimpleApplication@2bdbdf73
reloadAllAccessors: .PublisherSubscriber10

===========================================================================================
----------------- testing Tue Jan 07 06:42:49 UTC 2020 /home/travis/build/icyphy/ptII/ptolemy/actor/lib/test/auto/PublisherSubscriber10InitialOutputs.xml
----------------- Instantiating /home/travis/build/icyphy/ptII/ptolemy/actor/lib/test/auto/PublisherSubscriber10InitialOutputs.xml
11 ms. Memory: 296960K Free: 74887K (25%)
----------------- Invoking toplevel() on ptolemy.moml.MoMLSimpleApplication@65ab1817
----------------- Done invoking toplevel() on ptolemy.moml.MoMLSimpleApplication@65ab1817
reloadAllAccessors: .PublisherSubscriber10InitialOutputs

===========================================================================================
----------------- testing Tue Jan 07 06:42:49 UTC 2020 /home/travis/build/icyphy/ptII/ptolemy/actor/lib/test/auto/PublisherSubscriber11.xml
----------------- Instantiating /home/travis/build/icyphy/ptII/ptolemy/actor/lib/test/auto/PublisherSubscriber11.xml
13 ms. Memory: 296960K Free: 243851K (82%)
----------------- Invoking toplevel() on ptolemy.moml.MoMLSimpleApplication@79a86b57
----------------- Done invoking toplevel() on ptolemy.moml.MoMLSimpleApplication@79a86b57
reloadAllAccessors: .PublisherSubscriber11

===========================================================================================
----------------- testing Tue Jan 07 06:42:49 UTC 2020 /home/travis/build/icyphy/ptII/ptolemy/actor/lib/test/auto/PublisherSubscriber12.xml
----------------- Instantiating /home/travis/build/icyphy/ptII/ptolemy/actor/lib/test/auto/PublisherSubscriber12.xml
3 ms. Memory: 296960K Free: 236171K (80%)
----------------- Invoking toplevel() on ptolemy.moml.MoMLSimpleApplication@60b144
----------------- Done invoking toplevel() on ptolemy.moml.MoMLSimpleApplication@60b144
reloadAllAccessors: .PublisherSubscriber12

===========================================================================================
----------------- testing Tue Jan 07 06:42:49 UTC 2020 /home/travis/build/icyphy/ptII/ptolemy/actor/lib/test/auto/PublisherSubscriber13.xml
----------------- Instantiating /home/travis/build/icyphy/ptII/ptolemy/actor/lib/test/auto/PublisherSubscriber13.xml
1 ms. Memory: 296960K Free: 230541K (78%)
----------------- Invoking toplevel() on ptolemy.moml.MoMLSimpleApplication@258e0c66
----------------- Done invoking toplevel() on ptolemy.moml.MoMLSimpleApplication@258e0c66
reloadAllAccessors: .PublisherSubscriber13

===========================================================================================
----------------- testing Tue Jan 07 06:42:49 UTC 2020 /home/travis/build/icyphy/ptII/ptolemy/actor/lib/test/auto/PublisherSubscriber14.xml
----------------- Instantiating /home/travis/build/icyphy/ptII/ptolemy/actor/lib/test/auto/PublisherSubscriber14.xml
2 ms. Memory: 296960K Free: 221805K (75%)
----------------- Invoking toplevel() on ptolemy.moml.MoMLSimpleApplication@bcc2e0e
----------------- Done invoking toplevel() on ptolemy.moml.MoMLSimpleApplication@bcc2e0e
reloadAllAccessors: .PublisherSubscriber14

===========================================================================================
----------------- testing Tue Jan 07 06:42:49 UTC 2020 /home/travis/build/icyphy/ptII/ptolemy/actor/lib/test/auto/PublisherSubscriber2.xml
----------------- Instantiating /home/travis/build/icyphy/ptII/ptolemy/actor/lib/test/auto/PublisherSubscriber2.xml
2 ms. Memory: 296960K Free: 215677K (73%)
----------------- Invoking toplevel() on ptolemy.moml.MoMLSimpleApplication@5234fcf5
----------------- Done invoking toplevel() on ptolemy.moml.MoMLSimpleApplication@5234fcf5
reloadAllAccessors: .PublisherSubscriber2

===========================================================================================
----------------- testing Tue Jan 07 06:42:49 UTC 2020 /home/travis/build/icyphy/ptII/ptolemy/actor/lib/test/auto/PublisherSubscriber3.xml
----------------- Instantiating /home/travis/build/icyphy/ptII/ptolemy/actor/lib/test/auto/PublisherSubscriber3.xml
2 ms. Memory: 296960K Free: 210061K (71%)
----------------- Invoking toplevel() on ptolemy.moml.MoMLSimpleApplication@7c41dfb7
----------------- Done invoking toplevel() on ptolemy.moml.MoMLSimpleApplication@7c41dfb7
reloadAllAccessors: .PublisherSubscriber3

===========================================================================================
----------------- testing Tue Jan 07 06:42:49 UTC 2020 /home/travis/build/icyphy/ptII/ptolemy/actor/lib/test/auto/PublisherSubscriber4.xml
----------------- Instantiating /home/travis/build/icyphy/ptII/ptolemy/actor/lib/test/auto/PublisherSubscriber4.xml
2 ms. Memory: 296960K Free: 204941K (69%)
----------------- Invoking toplevel() on ptolemy.moml.MoMLSimpleApplication@5150315c
----------------- Done invoking toplevel() on ptolemy.moml.MoMLSimpleApplication@5150315c
reloadAllAccessors: .PublisherSubscriber4

===========================================================================================
----------------- testing Tue Jan 07 06:42:49 UTC 2020 /home/travis/build/icyphy/ptII/ptolemy/actor/lib/test/auto/PublisherSubscriber5.xml
----------------- Instantiating /home/travis/build/icyphy/ptII/ptolemy/actor/lib/test/auto/PublisherSubscriber5.xml
2 ms. Memory: 296960K Free: 198277K (67%)
----------------- Invoking toplevel() on ptolemy.moml.MoMLSimpleApplication@449b53cf
----------------- Done invoking toplevel() on ptolemy.moml.MoMLSimpleApplication@449b53cf
reloadAllAccessors: .PublisherSubscriber5

===========================================================================================
----------------- testing Tue Jan 07 06:42:49 UTC 2020 /home/travis/build/icyphy/ptII/ptolemy/actor/lib/test/auto/PublisherSubscriber6.xml
----------------- Instantiating /home/travis/build/icyphy/ptII/ptolemy/actor/lib/test/auto/PublisherSubscriber6.xml
2 ms. Memory: 296960K Free: 191629K (65%)
----------------- Invoking toplevel() on ptolemy.moml.MoMLSimpleApplication@25706222
----------------- Done invoking toplevel() on ptolemy.moml.MoMLSimpleApplication@25706222
reloadAllAccessors: .PublisherSubscriber6

===========================================================================================
----------------- testing Tue Jan 07 06:42:49 UTC 2020 /home/travis/build/icyphy/ptII/ptolemy/actor/lib/test/auto/PublisherSubscriber7.xml
----------------- Instantiating /home/travis/build/icyphy/ptII/ptolemy/actor/lib/test/auto/PublisherSubscriber7.xml
2 ms. Memory: 296960K Free: 184461K (62%)
----------------- Invoking toplevel() on ptolemy.moml.MoMLSimpleApplication@5fa88eb4
----------------- Done invoking toplevel() on ptolemy.moml.MoMLSimpleApplication@5fa88eb4
reloadAllAccessors: .PublisherSubscriber7

===========================================================================================
----------------- testing Tue Jan 07 06:42:49 UTC 2020 /home/travis/build/icyphy/ptII/ptolemy/actor/lib/test/auto/PublisherSubscriber8.xml
----------------- Instantiating /home/travis/build/icyphy/ptII/ptolemy/actor/lib/test/auto/PublisherSubscriber8.xml
16 ms. Memory: 296960K Free: 172173K (58%)
----------------- Invoking toplevel() on ptolemy.moml.MoMLSimpleApplication@2ed31e25
----------------- Done invoking toplevel() on ptolemy.moml.MoMLSimpleApplication@2ed31e25
reloadAllAccessors: .PublisherSubscriber8

===========================================================================================
----------------- testing Tue Jan 07 06:42:49 UTC 2020 /home/travis/build/icyphy/ptII/ptolemy/actor/lib/test/auto/PublisherSubscriber9.xml
----------------- Instantiating /home/travis/build/icyphy/ptII/ptolemy/actor/lib/test/auto/PublisherSubscriber9.xml
2 ms. Memory: 296960K Free: 165005K (56%)
----------------- Invoking toplevel() on ptolemy.moml.MoMLSimpleApplication@2d3cc6fc
----------------- Done invoking toplevel() on ptolemy.moml.MoMLSimpleApplication@2d3cc6fc
reloadAllAccessors: .PublisherSubscriber9

===========================================================================================
----------------- testing Tue Jan 07 06:42:49 UTC 2020 /home/travis/build/icyphy/ptII/ptolemy/actor/lib/test/auto/PublisherSubscriberAdjacent.xml
----------------- Instantiating /home/travis/build/icyphy/ptII/ptolemy/actor/lib/test/auto/PublisherSubscriberAdjacent.xml
1 ms. Memory: 296960K Free: 156813K (53%)
----------------- Invoking toplevel() on ptolemy.moml.MoMLSimpleApplication@4b634de6
----------------- Done invoking toplevel() on ptolemy.moml.MoMLSimpleApplication@4b634de6
reloadAllAccessors: .PublisherSubscriberAdjacent

===========================================================================================
----------------- testing Tue Jan 07 06:42:49 UTC 2020 /home/travis/build/icyphy/ptII/ptolemy/actor/lib/test/auto/PublisherSubscriberChannelVariablesAOC2.xml
----------------- Instantiating /home/travis/build/icyphy/ptII/ptolemy/actor/lib/test/auto/PublisherSubscriberChannelVariablesAOC2.xml
3 ms. Memory: 296960K Free: 141453K (48%)
----------------- Invoking toplevel() on ptolemy.moml.MoMLSimpleApplication@2a57e443
----------------- Done invoking toplevel() on ptolemy.moml.MoMLSimpleApplication@2a57e443
reloadAllAccessors: .PublisherSubscriberChannelVariablesAOC2

===========================================================================================
----------------- testing Tue Jan 07 06:42:49 UTC 2020 /home/travis/build/icyphy/ptII/ptolemy/actor/lib/test/auto/PublisherSubscriberD3.xml
----------------- Instantiating /home/travis/build/icyphy/ptII/ptolemy/actor/lib/test/auto/PublisherSubscriberD3.xml
2 ms. Memory: 296960K Free: 134285K (45%)
----------------- Invoking toplevel() on ptolemy.moml.MoMLSimpleApplication@18a2213e
----------------- Done invoking toplevel() on ptolemy.moml.MoMLSimpleApplication@18a2213e
reloadAllAccessors: .PublisherSubscriberD3

===========================================================================================
----------------- testing Tue Jan 07 06:42:49 UTC 2020 /home/travis/build/icyphy/ptII/ptolemy/actor/lib/test/auto/PublisherSubscriberD3Reverse.xml
----------------- Instantiating /home/travis/build/icyphy/ptII/ptolemy/actor/lib/test/auto/PublisherSubscriberD3Reverse.xml
2 ms. Memory: 296960K Free: 128141K (43%)
----------------- Invoking toplevel() on ptolemy.moml.MoMLSimpleApplication@7988473b
----------------- Done invoking toplevel() on ptolemy.moml.MoMLSimpleApplication@7988473b
reloadAllAccessors: .PublisherSubscriberD3Reverse

===========================================================================================
----------------- testing Tue Jan 07 06:42:49 UTC 2020 /home/travis/build/icyphy/ptII/ptolemy/actor/lib/test/auto/PublisherSubscriberExpression.xml
----------------- Instantiating /home/travis/build/icyphy/ptII/ptolemy/actor/lib/test/auto/PublisherSubscriberExpression.xml
3 ms. Memory: 296960K Free: 119421K (40%)
----------------- Invoking toplevel() on ptolemy.moml.MoMLSimpleApplication@4ebfbbad
----------------- Done invoking toplevel() on ptolemy.moml.MoMLSimpleApplication@4ebfbbad
reloadAllAccessors: .PublisherSubscriberExpression

===========================================================================================
----------------- testing Tue Jan 07 06:42:49 UTC 2020 /home/travis/build/icyphy/ptII/ptolemy/actor/lib/test/auto/PublisherSubscriberOpaque.xml
----------------- Instantiating /home/travis/build/icyphy/ptII/ptolemy/actor/lib/test/auto/PublisherSubscriberOpaque.xml
3 ms. Memory: 296960K Free: 111243K (37%)
----------------- Invoking toplevel() on ptolemy.moml.MoMLSimpleApplication@5f3da80b
----------------- Done invoking toplevel() on ptolemy.moml.MoMLSimpleApplication@5f3da80b
reloadAllAccessors: .PublisherSubscriberOpaque

===========================================================================================
----------------- testing Tue Jan 07 06:42:49 UTC 2020 /home/travis/build/icyphy/ptII/ptolemy/actor/lib/test/auto/PublisherSubscriberOpaqueD3.xml
----------------- Instantiating /home/travis/build/icyphy/ptII/ptolemy/actor/lib/test/auto/PublisherSubscriberOpaqueD3.xml
5 ms. Memory: 296960K Free: 99979K (34%)
----------------- Invoking toplevel() on ptolemy.moml.MoMLSimpleApplication@6c0d584a
----------------- Done invoking toplevel() on ptolemy.moml.MoMLSimpleApplication@6c0d584a
reloadAllAccessors: .PublisherSubscriberOpaqueD3

===========================================================================================
----------------- testing Tue Jan 07 06:42:49 UTC 2020 /home/travis/build/icyphy/ptII/ptolemy/actor/lib/test/auto/PublisherSubscriberOpaqueD3Reverse.xml
----------------- Instantiating /home/travis/build/icyphy/ptII/ptolemy/actor/lib/test/auto/PublisherSubscriberOpaqueD3Reverse.xml
6 ms. Memory: 296960K Free: 89229K (30%)
----------------- Invoking toplevel() on ptolemy.moml.MoMLSimpleApplication@cd8db59
----------------- Done invoking toplevel() on ptolemy.moml.MoMLSimpleApplication@cd8db59
reloadAllAccessors: .PublisherSubscriberOpaqueD3Reverse

===========================================================================================
----------------- testing Tue Jan 07 06:42:49 UTC 2020 /home/travis/build/icyphy/ptII/ptolemy/actor/lib/test/auto/PublisherSubscriberOpaqueWidthInference.xml
----------------- Instantiating /home/travis/build/icyphy/ptII/ptolemy/actor/lib/test/auto/PublisherSubscriberOpaqueWidthInference.xml
3 ms. Memory: 296960K Free: 81037K (27%)
----------------- Invoking toplevel() on ptolemy.moml.MoMLSimpleApplication@19ea9e7
----------------- Done invoking toplevel() on ptolemy.moml.MoMLSimpleApplication@19ea9e7
reloadAllAccessors: .PublisherSubscriberOpaqueWidthInference

===========================================================================================
----------------- testing Tue Jan 07 06:42:49 UTC 2020 /home/travis/build/icyphy/ptII/ptolemy/actor/lib/test/auto/PublisherTestSubscriber.xml
----------------- Instantiating /home/travis/build/icyphy/ptII/ptolemy/actor/lib/test/auto/PublisherTestSubscriber.xml
2 ms. Memory: 296960K Free: 72845K (25%)
----------------- Invoking toplevel() on ptolemy.moml.MoMLSimpleApplication@1fb8e764
----------------- Done invoking toplevel() on ptolemy.moml.MoMLSimpleApplication@1fb8e764
reloadAllAccessors: .PublisherTestSubscriber

===========================================================================================
----------------- testing Tue Jan 07 06:42:49 UTC 2020 /home/travis/build/icyphy/ptII/ptolemy/actor/lib/test/auto/PublisherToplevelSubscriberPortAOC.xml
----------------- Instantiating /home/travis/build/icyphy/ptII/ptolemy/actor/lib/test/auto/PublisherToplevelSubscriberPortAOC.xml
1 ms. Memory: 296960K Free: 241062K (81%)
----------------- Invoking toplevel() on ptolemy.moml.MoMLSimpleApplication@7864d3f2
----------------- Done invoking toplevel() on ptolemy.moml.MoMLSimpleApplication@7864d3f2
reloadAllAccessors: .PublisherToplevelSubscriberPortAOC

===========================================================================================
----------------- testing Tue Jan 07 06:42:49 UTC 2020 /home/travis/build/icyphy/ptII/ptolemy/actor/lib/test/auto/PulseFiringLimitDE.xml
----------------- Instantiating /home/travis/build/icyphy/ptII/ptolemy/actor/lib/test/auto/PulseFiringLimitDE.xml
2 ms. Memory: 296960K Free: 234422K (79%)
----------------- Invoking toplevel() on ptolemy.moml.MoMLSimpleApplication@339f0156
----------------- Done invoking toplevel() on ptolemy.moml.MoMLSimpleApplication@339f0156
reloadAllAccessors: .PulseFiringLimitDE

===========================================================================================
----------------- testing Tue Jan 07 06:42:49 UTC 2020 /home/travis/build/icyphy/ptII/ptolemy/actor/lib/test/auto/Ramp1.xml
----------------- Instantiating /home/travis/build/icyphy/ptII/ptolemy/actor/lib/test/auto/Ramp1.xml
1 ms. Memory: 296960K Free: 229798K (77%)
----------------- Invoking toplevel() on ptolemy.moml.MoMLSimpleApplication@35f56bfe
----------------- Done invoking toplevel() on ptolemy.moml.MoMLSimpleApplication@35f56bfe
reloadAllAccessors: .Ramp1

===========================================================================================
----------------- testing Tue Jan 07 06:42:49 UTC 2020 /home/travis/build/icyphy/ptII/ptolemy/actor/lib/test/auto/RampFiringLimitDE.xml
----------------- Instantiating /home/travis/build/icyphy/ptII/ptolemy/actor/lib/test/auto/RampFiringLimitDE.xml
2 ms. Memory: 296960K Free: 223654K (75%)
----------------- Invoking toplevel() on ptolemy.moml.MoMLSimpleApplication@7072ae5c
----------------- Done invoking toplevel() on ptolemy.moml.MoMLSimpleApplication@7072ae5c
reloadAllAccessors: .RampFiringLimitDE

===========================================================================================
----------------- testing Tue Jan 07 06:42:49 UTC 2020 /home/travis/build/icyphy/ptII/ptolemy/actor/lib/test/auto/RampFiringLimitSDF.xml
----------------- Instantiating /home/travis/build/icyphy/ptII/ptolemy/actor/lib/test/auto/RampFiringLimitSDF.xml
2 ms. Memory: 296960K Free: 218534K (74%)
----------------- Invoking toplevel() on ptolemy.moml.MoMLSimpleApplication@2e36c0d
----------------- Done invoking toplevel() on ptolemy.moml.MoMLSimpleApplication@2e36c0d
reloadAllAccessors: .RampFiringLimitSDF

===========================================================================================
----------------- testing Tue Jan 07 06:42:49 UTC 2020 /home/travis/build/icyphy/ptII/ptolemy/actor/lib/test/auto/RandomInteger.xml
----------------- Instantiating /home/travis/build/icyphy/ptII/ptolemy/actor/lib/test/auto/RandomInteger.xml
0 ms. Memory: 296960K Free: 213942K (72%)
----------------- Invoking toplevel() on ptolemy.moml.MoMLSimpleApplication@7dab2f67
----------------- Done invoking toplevel() on ptolemy.moml.MoMLSimpleApplication@7dab2f67
reloadAllAccessors: .RandomInteger

===========================================================================================
----------------- testing Tue Jan 07 06:42:49 UTC 2020 /home/travis/build/icyphy/ptII/ptolemy/actor/lib/test/auto/ReadFile1.xml
----------------- Instantiating /home/travis/build/icyphy/ptII/ptolemy/actor/lib/test/auto/ReadFile1.xml
1 ms. Memory: 296960K Free: 209332K (70%)
----------------- Invoking toplevel() on ptolemy.moml.MoMLSimpleApplication@4e3bcc07
----------------- Done invoking toplevel() on ptolemy.moml.MoMLSimpleApplication@4e3bcc07
reloadAllAccessors: .ReadFile1

===========================================================================================
----------------- testing Tue Jan 07 06:42:49 UTC 2020 /home/travis/build/icyphy/ptII/ptolemy/actor/lib/test/auto/ReadFile2.xml
----------------- Instantiating /home/travis/build/icyphy/ptII/ptolemy/actor/lib/test/auto/ReadFile2.xml
1 ms. Memory: 296960K Free: 205236K (69%)
----------------- Invoking toplevel() on ptolemy.moml.MoMLSimpleApplication@74309dfe
----------------- Done invoking toplevel() on ptolemy.moml.MoMLSimpleApplication@74309dfe
reloadAllAccessors: .ReadFile2

===========================================================================================
----------------- testing Tue Jan 07 06:42:49 UTC 2020 /home/travis/build/icyphy/ptII/ptolemy/actor/lib/test/auto/Reader.xml
----------------- Instantiating /home/travis/build/icyphy/ptII/ptolemy/actor/lib/test/auto/Reader.xml
actor.lib.Reader is obsolete, use actor.lib.io.ExpressionReader instead
1 ms. Memory: 296960K Free: 201140K (68%)
----------------- Invoking toplevel() on ptolemy.moml.MoMLSimpleApplication@5b41a13f
----------------- Done invoking toplevel() on ptolemy.moml.MoMLSimpleApplication@5b41a13f
reloadAllAccessors: .Reader

===========================================================================================
----------------- testing Tue Jan 07 06:42:50 UTC 2020 /home/travis/build/icyphy/ptII/ptolemy/actor/lib/test/auto/RecordAssemblerDisplayNameTest.xml
----------------- Instantiating /home/travis/build/icyphy/ptII/ptolemy/actor/lib/test/auto/RecordAssemblerDisplayNameTest.xml
3288 ms. Memory: 296960K Free: 209441K (71%)
----------------- Invoking toplevel() on ptolemy.moml.MoMLSimpleApplication@30291ae6
----------------- Done invoking toplevel() on ptolemy.moml.MoMLSimpleApplication@30291ae6
reloadAllAccessors: .RecordAssemblerDisplayNameTest

===========================================================================================
----------------- testing Tue Jan 07 06:42:53 UTC 2020 /home/travis/build/icyphy/ptII/ptolemy/actor/lib/test/auto/RecordAssemblerTypeError.xml
----------------- Instantiating /home/travis/build/icyphy/ptII/ptolemy/actor/lib/test/auto/RecordAssemblerTypeError.xml
14 ms. Memory: 296960K Free: 199715K (67%)
----------------- Invoking toplevel() on ptolemy.moml.MoMLSimpleApplication@7399e7c9
----------------- Done invoking toplevel() on ptolemy.moml.MoMLSimpleApplication@7399e7c9
reloadAllAccessors: .RecordAssemblerTypeError

===========================================================================================
----------------- testing Tue Jan 07 06:42:53 UTC 2020 /home/travis/build/icyphy/ptII/ptolemy/actor/lib/test/auto/RecordDisassember.xml
----------------- Instantiating /home/travis/build/icyphy/ptII/ptolemy/actor/lib/test/auto/RecordDisassember.xml
2 ms. Memory: 296960K Free: 195075K (66%)
----------------- Invoking toplevel() on ptolemy.moml.MoMLSimpleApplication@71078e58
----------------- Done invoking toplevel() on ptolemy.moml.MoMLSimpleApplication@71078e58
reloadAllAccessors: .RecordDisassember

===========================================================================================
----------------- testing Tue Jan 07 06:42:53 UTC 2020 /home/travis/build/icyphy/ptII/ptolemy/actor/lib/test/auto/RecordDisassemberDisplayNameTest.xml
----------------- Instantiating /home/travis/build/icyphy/ptII/ptolemy/actor/lib/test/auto/RecordDisassemberDisplayNameTest.xml
5 ms. Memory: 296960K Free: 185889K (63%)
----------------- Invoking toplevel() on ptolemy.moml.MoMLSimpleApplication@44a70a52
----------------- Done invoking toplevel() on ptolemy.moml.MoMLSimpleApplication@44a70a52
reloadAllAccessors: .RecordDisassemberDisplayNameTest

===========================================================================================
----------------- testing Tue Jan 07 06:42:53 UTC 2020 /home/travis/build/icyphy/ptII/ptolemy/actor/lib/test/auto/RecordDisassembler.xml
----------------- Instantiating /home/travis/build/icyphy/ptII/ptolemy/actor/lib/test/auto/RecordDisassembler.xml
2 ms. Memory: 296960K Free: 180763K (61%)
----------------- Invoking toplevel() on ptolemy.moml.MoMLSimpleApplication@1d25685b
----------------- Done invoking toplevel() on ptolemy.moml.MoMLSimpleApplication@1d25685b
reloadAllAccessors: .RecordDisassembler

===========================================================================================
----------------- testing Tue Jan 07 06:42:53 UTC 2020 /home/travis/build/icyphy/ptII/ptolemy/actor/lib/test/auto/RecordDisassembler2.xml
----------------- Instantiating /home/travis/build/icyphy/ptII/ptolemy/actor/lib/test/auto/RecordDisassembler2.xml
3 ms. Memory: 296960K Free: 175619K (59%)
----------------- Invoking toplevel() on ptolemy.moml.MoMLSimpleApplication@31ddaa1a
----------------- Done invoking toplevel() on ptolemy.moml.MoMLSimpleApplication@31ddaa1a
reloadAllAccessors: .RecordDisassembler2

===========================================================================================
----------------- testing Tue Jan 07 06:42:53 UTC 2020 /home/travis/build/icyphy/ptII/ptolemy/actor/lib/test/auto/RecordUpdater.xml
----------------- Instantiating /home/travis/build/icyphy/ptII/ptolemy/actor/lib/test/auto/RecordUpdater.xml
3 ms. Memory: 296960K Free: 170529K (57%)
----------------- Invoking toplevel() on ptolemy.moml.MoMLSimpleApplication@10ce6faf
----------------- Done invoking toplevel() on ptolemy.moml.MoMLSimpleApplication@10ce6faf
reloadAllAccessors: .RecordUpdater

===========================================================================================
----------------- testing Tue Jan 07 06:42:53 UTC 2020 /home/travis/build/icyphy/ptII/ptolemy/actor/lib/test/auto/RecordUpdater2.xml
----------------- Instantiating /home/travis/build/icyphy/ptII/ptolemy/actor/lib/test/auto/RecordUpdater2.xml
2 ms. Memory: 296960K Free: 165409K (56%)
----------------- Invoking toplevel() on ptolemy.moml.MoMLSimpleApplication@64160ffd
----------------- Done invoking toplevel() on ptolemy.moml.MoMLSimpleApplication@64160ffd
reloadAllAccessors: .RecordUpdater2

===========================================================================================
----------------- testing Tue Jan 07 06:42:53 UTC 2020 /home/travis/build/icyphy/ptII/ptolemy/actor/lib/test/auto/RecursiveLattice.xml
----------------- Instantiating /home/travis/build/icyphy/ptII/ptolemy/actor/lib/test/auto/RecursiveLattice.xml
2 ms. Memory: 296960K Free: 161283K (54%)
----------------- Invoking toplevel() on ptolemy.moml.MoMLSimpleApplication@c82c92a
----------------- Done invoking toplevel() on ptolemy.moml.MoMLSimpleApplication@c82c92a
reloadAllAccessors: .RecursiveLattice

===========================================================================================
----------------- testing Tue Jan 07 06:42:53 UTC 2020 /home/travis/build/icyphy/ptII/ptolemy/actor/lib/test/auto/Router.xml
----------------- Instantiating /home/travis/build/icyphy/ptII/ptolemy/actor/lib/test/auto/Router.xml
3006 ms. Memory: 296960K Free: 149539K (50%)
----------------- Invoking toplevel() on ptolemy.moml.MoMLSimpleApplication@56bf46c6
----------------- Done invoking toplevel() on ptolemy.moml.MoMLSimpleApplication@56bf46c6
reloadAllAccessors: .Router

===========================================================================================
----------------- testing Tue Jan 07 06:42:56 UTC 2020 /home/travis/build/icyphy/ptII/ptolemy/actor/lib/test/auto/Router2.xml
----------------- Instantiating /home/travis/build/icyphy/ptII/ptolemy/actor/lib/test/auto/Router2.xml
3003 ms. Memory: 296960K Free: 136737K (46%)
----------------- Invoking toplevel() on ptolemy.moml.MoMLSimpleApplication@49338855
----------------- Done invoking toplevel() on ptolemy.moml.MoMLSimpleApplication@49338855
reloadAllAccessors: .Router2

===========================================================================================
----------------- testing Tue Jan 07 06:42:59 UTC 2020 /home/travis/build/icyphy/ptII/ptolemy/actor/lib/test/auto/RunningMaximum.xml
----------------- Instantiating /home/travis/build/icyphy/ptII/ptolemy/actor/lib/test/auto/RunningMaximum.xml
2 ms. Memory: 296960K Free: 132131K (44%)
----------------- Invoking toplevel() on ptolemy.moml.MoMLSimpleApplication@419e2203
----------------- Done invoking toplevel() on ptolemy.moml.MoMLSimpleApplication@419e2203
reloadAllAccessors: .RunningMaximum

===========================================================================================
----------------- testing Tue Jan 07 06:42:59 UTC 2020 /home/travis/build/icyphy/ptII/ptolemy/actor/lib/test/auto/RunningMinimum.xml
----------------- Instantiating /home/travis/build/icyphy/ptII/ptolemy/actor/lib/test/auto/RunningMinimum.xml
8 ms. Memory: 296960K Free: 127521K (43%)
----------------- Invoking toplevel() on ptolemy.moml.MoMLSimpleApplication@51583dbe
----------------- Done invoking toplevel() on ptolemy.moml.MoMLSimpleApplication@51583dbe
reloadAllAccessors: .RunningMinimum

===========================================================================================
----------------- testing Tue Jan 07 06:42:59 UTC 2020 /home/travis/build/icyphy/ptII/ptolemy/actor/lib/test/auto/Scale.xml
----------------- Instantiating /home/travis/build/icyphy/ptII/ptolemy/actor/lib/test/auto/Scale.xml
1 ms. Memory: 296960K Free: 122915K (41%)
----------------- Invoking toplevel() on ptolemy.moml.MoMLSimpleApplication@32f98e77
----------------- Done invoking toplevel() on ptolemy.moml.MoMLSimpleApplication@32f98e77
reloadAllAccessors: .Scale

===========================================================================================
----------------- testing Tue Jan 07 06:42:59 UTC 2020 /home/travis/build/icyphy/ptII/ptolemy/actor/lib/test/auto/Scale2.xml
----------------- Instantiating /home/travis/build/icyphy/ptII/ptolemy/actor/lib/test/auto/Scale2.xml
2 ms. Memory: 296960K Free: 117795K (40%)
----------------- Invoking toplevel() on ptolemy.moml.MoMLSimpleApplication@6da7d6ad
----------------- Done invoking toplevel() on ptolemy.moml.MoMLSimpleApplication@6da7d6ad
reloadAllAccessors: .Scale2

===========================================================================================
----------------- testing Tue Jan 07 06:42:59 UTC 2020 /home/travis/build/icyphy/ptII/ptolemy/actor/lib/test/auto/Scale3.xml
----------------- Instantiating /home/travis/build/icyphy/ptII/ptolemy/actor/lib/test/auto/Scale3.xml
2 ms. Memory: 296960K Free: 111137K (37%)
----------------- Invoking toplevel() on ptolemy.moml.MoMLSimpleApplication@6d90f5c2
----------------- Done invoking toplevel() on ptolemy.moml.MoMLSimpleApplication@6d90f5c2
reloadAllAccessors: .Scale3

===========================================================================================
----------------- testing Tue Jan 07 06:42:59 UTC 2020 /home/travis/build/icyphy/ptII/ptolemy/actor/lib/test/auto/ScaleArray.xml
----------------- Instantiating /home/travis/build/icyphy/ptII/ptolemy/actor/lib/test/auto/ScaleArray.xml
1 ms. Memory: 296960K Free: 106531K (36%)
----------------- Invoking toplevel() on ptolemy.moml.MoMLSimpleApplication@7d71b7d
----------------- Done invoking toplevel() on ptolemy.moml.MoMLSimpleApplication@7d71b7d
reloadAllAccessors: .ScaleArray

===========================================================================================
----------------- testing Tue Jan 07 06:42:59 UTC 2020 /home/travis/build/icyphy/ptII/ptolemy/actor/lib/test/auto/ScaleArray2.xml
----------------- Instantiating /home/travis/build/icyphy/ptII/ptolemy/actor/lib/test/auto/ScaleArray2.xml
1 ms. Memory: 296960K Free: 101921K (34%)
----------------- Invoking toplevel() on ptolemy.moml.MoMLSimpleApplication@2c5f4a81
----------------- Done invoking toplevel() on ptolemy.moml.MoMLSimpleApplication@2c5f4a81
reloadAllAccessors: .ScaleArray2

===========================================================================================
----------------- testing Tue Jan 07 06:42:59 UTC 2020 /home/travis/build/icyphy/ptII/ptolemy/actor/lib/test/auto/ScaleMatrix.xml
----------------- Instantiating /home/travis/build/icyphy/ptII/ptolemy/actor/lib/test/auto/ScaleMatrix.xml
136 ms. Memory: 296960K Free: 88099K (30%)
----------------- Invoking toplevel() on ptolemy.moml.MoMLSimpleApplication@6d0f5846
----------------- Done invoking toplevel() on ptolemy.moml.MoMLSimpleApplication@6d0f5846
reloadAllAccessors: .ScaleMatrix

===========================================================================================
----------------- testing Tue Jan 07 06:42:59 UTC 2020 /home/travis/build/icyphy/ptII/ptolemy/actor/lib/test/auto/Select.xml
----------------- Instantiating /home/travis/build/icyphy/ptII/ptolemy/actor/lib/test/auto/Select.xml
2 ms. Memory: 296960K Free: 81955K (28%)
----------------- Invoking toplevel() on ptolemy.moml.MoMLSimpleApplication@34258457
----------------- Done invoking toplevel() on ptolemy.moml.MoMLSimpleApplication@34258457
reloadAllAccessors: .Select

===========================================================================================
----------------- testing Tue Jan 07 06:42:59 UTC 2020 /home/travis/build/icyphy/ptII/ptolemy/actor/lib/test/auto/Select2.xml
----------------- Instantiating /home/travis/build/icyphy/ptII/ptolemy/actor/lib/test/auto/Select2.xml
1 ms. Memory: 296960K Free: 77345K (26%)
----------------- Invoking toplevel() on ptolemy.moml.MoMLSimpleApplication@685854e9
----------------- Done invoking toplevel() on ptolemy.moml.MoMLSimpleApplication@685854e9
reloadAllAccessors: .Select2

===========================================================================================
----------------- testing Tue Jan 07 06:42:59 UTC 2020 /home/travis/build/icyphy/ptII/ptolemy/actor/lib/test/auto/SequenceToArray2.xml
----------------- Instantiating /home/travis/build/icyphy/ptII/ptolemy/actor/lib/test/auto/SequenceToArray2.xml
103 ms. Memory: 296960K Free: 229459K (77%)
----------------- Invoking toplevel() on ptolemy.moml.MoMLSimpleApplication@74f209b6
----------------- Done invoking toplevel() on ptolemy.moml.MoMLSimpleApplication@74f209b6
reloadAllAccessors: .SequenceToArray2

===========================================================================================
----------------- testing Tue Jan 07 06:42:59 UTC 2020 /home/travis/build/icyphy/ptII/ptolemy/actor/lib/test/auto/SequentialClock.xml
----------------- Instantiating /home/travis/build/icyphy/ptII/ptolemy/actor/lib/test/auto/SequentialClock.xml
1 ms. Memory: 296960K Free: 224867K (76%)
----------------- Invoking toplevel() on ptolemy.moml.MoMLSimpleApplication@2ab7ef07
----------------- Done invoking toplevel() on ptolemy.moml.MoMLSimpleApplication@2ab7ef07
reloadAllAccessors: .SequentialClock

===========================================================================================
----------------- testing Tue Jan 07 06:42:59 UTC 2020 /home/travis/build/icyphy/ptII/ptolemy/actor/lib/test/auto/SetVariable.xml
----------------- Instantiating /home/travis/build/icyphy/ptII/ptolemy/actor/lib/test/auto/SetVariable.xml
3 ms. Memory: 296960K Free: 220257K (74%)
----------------- Invoking toplevel() on ptolemy.moml.MoMLSimpleApplication@4e7b5e78
----------------- Done invoking toplevel() on ptolemy.moml.MoMLSimpleApplication@4e7b5e78
reloadAllAccessors: .SetVariable

===========================================================================================
----------------- testing Tue Jan 07 06:42:59 UTC 2020 /home/travis/build/icyphy/ptII/ptolemy/actor/lib/test/auto/SetVariable2.xml
----------------- Instantiating /home/travis/build/icyphy/ptII/ptolemy/actor/lib/test/auto/SetVariable2.xml
3 ms. Memory: 296960K Free: 215137K (72%)
----------------- Invoking toplevel() on ptolemy.moml.MoMLSimpleApplication@4c992a1f
----------------- Done invoking toplevel() on ptolemy.moml.MoMLSimpleApplication@4c992a1f
reloadAllAccessors: .SetVariable2

===========================================================================================
----------------- testing Tue Jan 07 06:42:59 UTC 2020 /home/travis/build/icyphy/ptII/ptolemy/actor/lib/test/auto/SetVariable3.xml
----------------- Instantiating /home/travis/build/icyphy/ptII/ptolemy/actor/lib/test/auto/SetVariable3.xml
5 ms. Memory: 296960K Free: 209507K (71%)
----------------- Invoking toplevel() on ptolemy.moml.MoMLSimpleApplication@594c49f2
----------------- Done invoking toplevel() on ptolemy.moml.MoMLSimpleApplication@594c49f2
reloadAllAccessors: .SetVariable3

===========================================================================================
----------------- testing Tue Jan 07 06:42:59 UTC 2020 /home/travis/build/icyphy/ptII/ptolemy/actor/lib/test/auto/SetVariable4.xml
----------------- Instantiating /home/travis/build/icyphy/ptII/ptolemy/actor/lib/test/auto/SetVariable4.xml
13 ms. Memory: 296960K Free: 200289K (67%)
----------------- Invoking toplevel() on ptolemy.moml.MoMLSimpleApplication@77ba8136
----------------- Done invoking toplevel() on ptolemy.moml.MoMLSimpleApplication@77ba8136
reloadAllAccessors: .SetVariable4

===========================================================================================
----------------- testing Tue Jan 07 06:43:00 UTC 2020 /home/travis/build/icyphy/ptII/ptolemy/actor/lib/test/auto/SetVariable5.xml
----------------- Instantiating /home/travis/build/icyphy/ptII/ptolemy/actor/lib/test/auto/SetVariable5.xml
17 ms. Memory: 296960K Free: 191075K (64%)
----------------- Invoking toplevel() on ptolemy.moml.MoMLSimpleApplication@e49e60d
----------------- Done invoking toplevel() on ptolemy.moml.MoMLSimpleApplication@e49e60d
reloadAllAccessors: .SetVariable5

===========================================================================================
----------------- testing Tue Jan 07 06:43:00 UTC 2020 /home/travis/build/icyphy/ptII/ptolemy/actor/lib/test/auto/Sinewave.xml
----------------- Instantiating /home/travis/build/icyphy/ptII/ptolemy/actor/lib/test/auto/Sinewave.xml
5 ms. Memory: 296960K Free: 179811K (61%)
----------------- Invoking toplevel() on ptolemy.moml.MoMLSimpleApplication@50942bcb
----------------- Done invoking toplevel() on ptolemy.moml.MoMLSimpleApplication@50942bcb
reloadAllAccessors: .Sinewave

===========================================================================================
----------------- testing Tue Jan 07 06:43:00 UTC 2020 /home/travis/build/icyphy/ptII/ptolemy/actor/lib/test/auto/Sinewave2.xml
----------------- Instantiating /home/travis/build/icyphy/ptII/ptolemy/actor/lib/test/auto/Sinewave2.xml
6 ms. Memory: 296960K Free: 171619K (58%)
----------------- Invoking toplevel() on ptolemy.moml.MoMLSimpleApplication@4513f28f
----------------- Done invoking toplevel() on ptolemy.moml.MoMLSimpleApplication@4513f28f
reloadAllAccessors: .Sinewave2

===========================================================================================
----------------- testing Tue Jan 07 06:43:00 UTC 2020 /home/travis/build/icyphy/ptII/ptolemy/actor/lib/test/auto/Sinewave3.xml
----------------- Instantiating /home/travis/build/icyphy/ptII/ptolemy/actor/lib/test/auto/Sinewave3.xml
6 ms. Memory: 296960K Free: 163427K (55%)
----------------- Invoking toplevel() on ptolemy.moml.MoMLSimpleApplication@15f7c058
----------------- Done invoking toplevel() on ptolemy.moml.MoMLSimpleApplication@15f7c058
reloadAllAccessors: .Sinewave3

===========================================================================================
----------------- testing Tue Jan 07 06:43:00 UTC 2020 /home/travis/build/icyphy/ptII/ptolemy/actor/lib/test/auto/SingleEvent.xml
----------------- Instantiating /home/travis/build/icyphy/ptII/ptolemy/actor/lib/test/auto/SingleEvent.xml
1 ms. Memory: 296960K Free: 159331K (54%)
----------------- Invoking toplevel() on ptolemy.moml.MoMLSimpleApplication@56df2dc5
----------------- Done invoking toplevel() on ptolemy.moml.MoMLSimpleApplication@56df2dc5
reloadAllAccessors: .SingleEvent

===========================================================================================
----------------- testing Tue Jan 07 06:43:00 UTC 2020 /home/travis/build/icyphy/ptII/ptolemy/actor/lib/test/auto/Sleep.xml
----------------- Instantiating /home/travis/build/icyphy/ptII/ptolemy/actor/lib/test/auto/Sleep.xml
6003 ms. Memory: 296960K Free: 153187K (52%)
----------------- Invoking toplevel() on ptolemy.moml.MoMLSimpleApplication@42d32fcc
----------------- Done invoking toplevel() on ptolemy.moml.MoMLSimpleApplication@42d32fcc
reloadAllAccessors: .Sleep

===========================================================================================
----------------- testing Tue Jan 07 06:43:06 UTC 2020 /home/travis/build/icyphy/ptII/ptolemy/actor/lib/test/auto/SleepMultipleFire.xml
----------------- Instantiating /home/travis/build/icyphy/ptII/ptolemy/actor/lib/test/auto/SleepMultipleFire.xml
1004 ms. Memory: 296960K Free: 147553K (50%)
----------------- Invoking toplevel() on ptolemy.moml.MoMLSimpleApplication@1beb2f20
----------------- Done invoking toplevel() on ptolemy.moml.MoMLSimpleApplication@1beb2f20
reloadAllAccessors: .SleepMultipleFire

===========================================================================================
----------------- testing Tue Jan 07 06:43:07 UTC 2020 /home/travis/build/icyphy/ptII/ptolemy/actor/lib/test/auto/StopDE.xml
----------------- Instantiating /home/travis/build/icyphy/ptII/ptolemy/actor/lib/test/auto/StopDE.xml
2 ms. Memory: 296960K Free: 141923K (48%)
----------------- Invoking toplevel() on ptolemy.moml.MoMLSimpleApplication@4ce155d1
----------------- Done invoking toplevel() on ptolemy.moml.MoMLSimpleApplication@4ce155d1
reloadAllAccessors: .StopDE

===========================================================================================
----------------- testing Tue Jan 07 06:43:07 UTC 2020 /home/travis/build/icyphy/ptII/ptolemy/actor/lib/test/auto/StopSDF.xml
----------------- Instantiating /home/travis/build/icyphy/ptII/ptolemy/actor/lib/test/auto/StopSDF.xml
2 ms. Memory: 296960K Free: 136289K (46%)
----------------- Invoking toplevel() on ptolemy.moml.MoMLSimpleApplication@1e92db14
----------------- Done invoking toplevel() on ptolemy.moml.MoMLSimpleApplication@1e92db14
reloadAllAccessors: .StopSDF

===========================================================================================
----------------- testing Tue Jan 07 06:43:07 UTC 2020 /home/travis/build/icyphy/ptII/ptolemy/actor/lib/test/auto/StringConstant.xml
----------------- Instantiating /home/travis/build/icyphy/ptII/ptolemy/actor/lib/test/auto/StringConstant.xml
12 ms. Memory: 296960K Free: 131683K (44%)
----------------- Invoking toplevel() on ptolemy.moml.MoMLSimpleApplication@337c9b76
----------------- Done invoking toplevel() on ptolemy.moml.MoMLSimpleApplication@337c9b76
reloadAllAccessors: .StringConstant

===========================================================================================
----------------- testing Tue Jan 07 06:43:07 UTC 2020 /home/travis/build/icyphy/ptII/ptolemy/actor/lib/test/auto/SubscriberPortInitialValues1.xml
----------------- Instantiating /home/travis/build/icyphy/ptII/ptolemy/actor/lib/test/auto/SubscriberPortInitialValues1.xml
11 ms. Memory: 296960K Free: 122977K (41%)
----------------- Invoking toplevel() on ptolemy.moml.MoMLSimpleApplication@16702abd
----------------- Done invoking toplevel() on ptolemy.moml.MoMLSimpleApplication@16702abd
reloadAllAccessors: .SubscriberPortInitialValues1

===========================================================================================
----------------- testing Tue Jan 07 06:43:07 UTC 2020 /home/travis/build/icyphy/ptII/ptolemy/actor/lib/test/auto/SubscriberPortInitialValues13.xml
----------------- Instantiating /home/travis/build/icyphy/ptII/ptolemy/actor/lib/test/auto/SubscriberPortInitialValues13.xml
6 ms. Memory: 296960K Free: 109155K (37%)
----------------- Invoking toplevel() on ptolemy.moml.MoMLSimpleApplication@62fa3288
----------------- Done invoking toplevel() on ptolemy.moml.MoMLSimpleApplication@62fa3288
reloadAllAccessors: .SubscriberPortInitialValues13

===========================================================================================
----------------- testing Tue Jan 07 06:43:07 UTC 2020 /home/travis/build/icyphy/ptII/ptolemy/actor/lib/test/auto/SubscriberPortInitialValues14.xml
----------------- Instantiating /home/travis/build/icyphy/ptII/ptolemy/actor/lib/test/auto/SubscriberPortInitialValues14.xml
3 ms. Memory: 296960K Free: 101473K (34%)
----------------- Invoking toplevel() on ptolemy.moml.MoMLSimpleApplication@7a1ac6a7
----------------- Done invoking toplevel() on ptolemy.moml.MoMLSimpleApplication@7a1ac6a7
reloadAllAccessors: .SubscriberPortInitialValues14

===========================================================================================
----------------- testing Tue Jan 07 06:43:07 UTC 2020 /home/travis/build/icyphy/ptII/ptolemy/actor/lib/test/auto/SubscriberPortInitialValues2.xml
----------------- Instantiating /home/travis/build/icyphy/ptII/ptolemy/actor/lib/test/auto/SubscriberPortInitialValues2.xml
3 ms. Memory: 296960K Free: 93795K (32%)
----------------- Invoking toplevel() on ptolemy.moml.MoMLSimpleApplication@7e580006
----------------- Done invoking toplevel() on ptolemy.moml.MoMLSimpleApplication@7e580006
reloadAllAccessors: .SubscriberPortInitialValues2

===========================================================================================
----------------- testing Tue Jan 07 06:43:07 UTC 2020 /home/travis/build/icyphy/ptII/ptolemy/actor/lib/test/auto/SubscriberPortInitialValues3.xml
----------------- Instantiating /home/travis/build/icyphy/ptII/ptolemy/actor/lib/test/auto/SubscriberPortInitialValues3.xml
4 ms. Memory: 296960K Free: 82531K (28%)
----------------- Invoking toplevel() on ptolemy.moml.MoMLSimpleApplication@6c12c56d
----------------- Done invoking toplevel() on ptolemy.moml.MoMLSimpleApplication@6c12c56d
reloadAllAccessors: .SubscriberPortInitialValues3

===========================================================================================
----------------- testing Tue Jan 07 06:43:07 UTC 2020 /home/travis/build/icyphy/ptII/ptolemy/actor/lib/test/auto/SubscriptionAggregator.xml
----------------- Instantiating /home/travis/build/icyphy/ptII/ptolemy/actor/lib/test/auto/SubscriptionAggregator.xml
2 ms. Memory: 296960K Free: 75859K (26%)
----------------- Invoking toplevel() on ptolemy.moml.MoMLSimpleApplication@60682152
----------------- Done invoking toplevel() on ptolemy.moml.MoMLSimpleApplication@60682152
reloadAllAccessors: .SubscriptionAggregator

===========================================================================================
----------------- testing Tue Jan 07 06:43:07 UTC 2020 /home/travis/build/icyphy/ptII/ptolemy/actor/lib/test/auto/SubscriptionAggregator2.xml
----------------- Instantiating /home/travis/build/icyphy/ptII/ptolemy/actor/lib/test/auto/SubscriptionAggregator2.xml
2 ms. Memory: 296960K Free: 68699K (23%)
----------------- Invoking toplevel() on ptolemy.moml.MoMLSimpleApplication@40c10f8b
----------------- Done invoking toplevel() on ptolemy.moml.MoMLSimpleApplication@40c10f8b
reloadAllAccessors: .SubscriptionAggregator2

===========================================================================================
----------------- testing Tue Jan 07 06:43:07 UTC 2020 /home/travis/build/icyphy/ptII/ptolemy/actor/lib/test/auto/SubscriptionAggregator3.xml
----------------- Instantiating /home/travis/build/icyphy/ptII/ptolemy/actor/lib/test/auto/SubscriptionAggregator3.xml
3 ms. Memory: 296960K Free: 235544K (79%)
----------------- Invoking toplevel() on ptolemy.moml.MoMLSimpleApplication@70cae172
----------------- Done invoking toplevel() on ptolemy.moml.MoMLSimpleApplication@70cae172
reloadAllAccessors: .SubscriptionAggregator3

===========================================================================================
----------------- testing Tue Jan 07 06:43:07 UTC 2020 /home/travis/build/icyphy/ptII/ptolemy/actor/lib/test/auto/SubscriptionAggregatorMultiply.xml
----------------- Instantiating /home/travis/build/icyphy/ptII/ptolemy/actor/lib/test/auto/SubscriptionAggregatorMultiply.xml
3 ms. Memory: 296960K Free: 227360K (77%)
----------------- Invoking toplevel() on ptolemy.moml.MoMLSimpleApplication@6fc5dfbe
----------------- Done invoking toplevel() on ptolemy.moml.MoMLSimpleApplication@6fc5dfbe
reloadAllAccessors: .SubscriptionAggregatorMultiply

===========================================================================================
----------------- testing Tue Jan 07 06:43:07 UTC 2020 /home/travis/build/icyphy/ptII/ptolemy/actor/lib/test/auto/SubscriptionAggregatorPortMultiply1.xml
----------------- Instantiating /home/travis/build/icyphy/ptII/ptolemy/actor/lib/test/auto/SubscriptionAggregatorPortMultiply1.xml
3 ms. Memory: 296960K Free: 219174K (74%)
----------------- Invoking toplevel() on ptolemy.moml.MoMLSimpleApplication@7a02126c
----------------- Done invoking toplevel() on ptolemy.moml.MoMLSimpleApplication@7a02126c
reloadAllAccessors: .SubscriptionAggregatorPortMultiply1

===========================================================================================
----------------- testing Tue Jan 07 06:43:07 UTC 2020 /home/travis/build/icyphy/ptII/ptolemy/actor/lib/test/auto/Switch.xml
----------------- Instantiating /home/travis/build/icyphy/ptII/ptolemy/actor/lib/test/auto/Switch.xml
9 ms. Memory: 296960K Free: 210472K (71%)
----------------- Invoking toplevel() on ptolemy.moml.MoMLSimpleApplication@4983e28f
----------------- Done invoking toplevel() on ptolemy.moml.MoMLSimpleApplication@4983e28f
reloadAllAccessors: .Switch

===========================================================================================
----------------- testing Tue Jan 07 06:43:07 UTC 2020 /home/travis/build/icyphy/ptII/ptolemy/actor/lib/test/auto/Switch2.xml
----------------- Instantiating /home/travis/build/icyphy/ptII/ptolemy/actor/lib/test/auto/Switch2.xml
1 ms. Memory: 296960K Free: 205862K (69%)
----------------- Invoking toplevel() on ptolemy.moml.MoMLSimpleApplication@5d3f8e7b
----------------- Done invoking toplevel() on ptolemy.moml.MoMLSimpleApplication@5d3f8e7b
reloadAllAccessors: .Switch2

===========================================================================================
----------------- testing Tue Jan 07 06:43:07 UTC 2020 /home/travis/build/icyphy/ptII/ptolemy/actor/lib/test/auto/SwitchDE.xml
----------------- Instantiating /home/travis/build/icyphy/ptII/ptolemy/actor/lib/test/auto/SwitchDE.xml
3 ms. Memory: 296960K Free: 199688K (67%)
----------------- Invoking toplevel() on ptolemy.moml.MoMLSimpleApplication@1c572344
----------------- Done invoking toplevel() on ptolemy.moml.MoMLSimpleApplication@1c572344
reloadAllAccessors: .SwitchDE

===========================================================================================
----------------- testing Tue Jan 07 06:43:07 UTC 2020 /home/travis/build/icyphy/ptII/ptolemy/actor/lib/test/auto/SynchronizerDE.xml
----------------- Instantiating /home/travis/build/icyphy/ptII/ptolemy/actor/lib/test/auto/SynchronizerDE.xml
6 ms. Memory: 296960K Free: 191016K (64%)
----------------- Invoking toplevel() on ptolemy.moml.MoMLSimpleApplication@20c2b46d
----------------- Done invoking toplevel() on ptolemy.moml.MoMLSimpleApplication@20c2b46d
reloadAllAccessors: .SynchronizerDE

===========================================================================================
----------------- testing Tue Jan 07 06:43:07 UTC 2020 /home/travis/build/icyphy/ptII/ptolemy/actor/lib/test/auto/Test.xml
----------------- Instantiating /home/travis/build/icyphy/ptII/ptolemy/actor/lib/test/auto/Test.xml
3 ms. Memory: 296960K Free: 185896K (63%)
----------------- Invoking toplevel() on ptolemy.moml.MoMLSimpleApplication@50e74f46
----------------- Done invoking toplevel() on ptolemy.moml.MoMLSimpleApplication@50e74f46
reloadAllAccessors: .Test

===========================================================================================
----------------- testing Tue Jan 07 06:43:07 UTC 2020 /home/travis/build/icyphy/ptII/ptolemy/actor/lib/test/auto/TestExceptionAttribute1.xml
----------------- Instantiating /home/travis/build/icyphy/ptII/ptolemy/actor/lib/test/auto/TestExceptionAttribute1.xml
1 ms. Memory: 296960K Free: 181800K (61%)
----------------- Invoking toplevel() on ptolemy.moml.MoMLSimpleApplication@1f7576e
----------------- Done invoking toplevel() on ptolemy.moml.MoMLSimpleApplication@1f7576e
reloadAllAccessors: .TestExceptionAttribute1

===========================================================================================
----------------- testing Tue Jan 07 06:43:07 UTC 2020 /home/travis/build/icyphy/ptII/ptolemy/actor/lib/test/auto/TestExceptionAttribute2.xml
----------------- Instantiating /home/travis/build/icyphy/ptII/ptolemy/actor/lib/test/auto/TestExceptionAttribute2.xml
1 ms. Memory: 296960K Free: 178214K (60%)
----------------- Invoking toplevel() on ptolemy.moml.MoMLSimpleApplication@14f22941
----------------- Done invoking toplevel() on ptolemy.moml.MoMLSimpleApplication@14f22941
reloadAllAccessors: .TestExceptionAttribute2

===========================================================================================
----------------- testing Tue Jan 07 06:43:07 UTC 2020 /home/travis/build/icyphy/ptII/ptolemy/actor/lib/test/auto/TestExceptionAttribute3.xml
----------------- Instantiating /home/travis/build/icyphy/ptII/ptolemy/actor/lib/test/auto/TestExceptionAttribute3.xml
.TestExceptionAttribute3.TestExceptionAttribute: initialize() was not invoked, but wrapup() was.  This is unusual, but not always a problem.  For example, exporting JNLP will do this.
0 ms. Memory: 296960K Free: 174632K (59%)
----------------- Invoking toplevel() on ptolemy.moml.MoMLSimpleApplication@1479c049
----------------- Done invoking toplevel() on ptolemy.moml.MoMLSimpleApplication@1479c049
reloadAllAccessors: .TestExceptionAttribute3

===========================================================================================
----------------- testing Tue Jan 07 06:43:07 UTC 2020 /home/travis/build/icyphy/ptII/ptolemy/actor/lib/test/auto/TestExceptionAttribute4.xml
----------------- Instantiating /home/travis/build/icyphy/ptII/ptolemy/actor/lib/test/auto/TestExceptionAttribute4.xml
.TestExceptionAttribute4.TestExceptionAttribute: initialize() was not invoked, but wrapup() was.  This is unusual, but not always a problem.  For example, exporting JNLP will do this.
.TestExceptionAttribute4.TestExceptionAttribute2: initialize() was not invoked, but wrapup() was.  This is unusual, but not always a problem.  For example, exporting JNLP will do this.
1 ms. Memory: 296960K Free: 170022K (57%)
----------------- Invoking toplevel() on ptolemy.moml.MoMLSimpleApplication@296f9756
----------------- Done invoking toplevel() on ptolemy.moml.MoMLSimpleApplication@296f9756
reloadAllAccessors: .TestExceptionAttribute4

===========================================================================================
----------------- testing Tue Jan 07 06:43:07 UTC 2020 /home/travis/build/icyphy/ptII/ptolemy/actor/lib/test/auto/TestExceptionHandler1.xml
----------------- Instantiating /home/travis/build/icyphy/ptII/ptolemy/actor/lib/test/auto/TestExceptionHandler1.xml
0 ms. Memory: 296960K Free: 166440K (56%)
----------------- Invoking toplevel() on ptolemy.moml.MoMLSimpleApplication@3b199f4c
----------------- Done invoking toplevel() on ptolemy.moml.MoMLSimpleApplication@3b199f4c
reloadAllAccessors: .TestExceptionHandler1

===========================================================================================
----------------- testing Tue Jan 07 06:43:07 UTC 2020 /home/travis/build/icyphy/ptII/ptolemy/actor/lib/test/auto/TestExceptionHandler2.xml
----------------- Instantiating /home/travis/build/icyphy/ptII/ptolemy/actor/lib/test/auto/TestExceptionHandler2.xml
1 ms. Memory: 296960K Free: 162854K (55%)
----------------- Invoking toplevel() on ptolemy.moml.MoMLSimpleApplication@53186dfc
----------------- Done invoking toplevel() on ptolemy.moml.MoMLSimpleApplication@53186dfc
reloadAllAccessors: .TestExceptionHandler2

===========================================================================================
----------------- testing Tue Jan 07 06:43:07 UTC 2020 /home/travis/build/icyphy/ptII/ptolemy/actor/lib/test/auto/TestExceptionHandler3.xml
----------------- Instantiating /home/travis/build/icyphy/ptII/ptolemy/actor/lib/test/auto/TestExceptionHandler3.xml
0 ms. Memory: 296960K Free: 158758K (53%)
----------------- Invoking toplevel() on ptolemy.moml.MoMLSimpleApplication@7b9f9647
----------------- Done invoking toplevel() on ptolemy.moml.MoMLSimpleApplication@7b9f9647
reloadAllAccessors: .TestExceptionHandler3

===========================================================================================
----------------- testing Tue Jan 07 06:43:07 UTC 2020 /home/travis/build/icyphy/ptII/ptolemy/actor/lib/test/auto/TestExceptionHandler4.xml
----------------- Instantiating /home/travis/build/icyphy/ptII/ptolemy/actor/lib/test/auto/TestExceptionHandler4.xml
0 ms. Memory: 296960K Free: 154662K (52%)
----------------- Invoking toplevel() on ptolemy.moml.MoMLSimpleApplication@758400ff
----------------- Done invoking toplevel() on ptolemy.moml.MoMLSimpleApplication@758400ff
reloadAllAccessors: .TestExceptionHandler4

===========================================================================================
----------------- testing Tue Jan 07 06:43:07 UTC 2020 /home/travis/build/icyphy/ptII/ptolemy/actor/lib/test/auto/TestRequireCorrectOrder.xml
----------------- Instantiating /home/travis/build/icyphy/ptII/ptolemy/actor/lib/test/auto/TestRequireCorrectOrder.xml
8 ms. Memory: 296960K Free: 149032K (50%)
----------------- Invoking toplevel() on ptolemy.moml.MoMLSimpleApplication@7408a34f
----------------- Done invoking toplevel() on ptolemy.moml.MoMLSimpleApplication@7408a34f
reloadAllAccessors: .TestRequireCorrectOrder

===========================================================================================
----------------- testing Tue Jan 07 06:43:07 UTC 2020 /home/travis/build/icyphy/ptII/ptolemy/actor/lib/test/auto/TestSimple.xml
----------------- Instantiating /home/travis/build/icyphy/ptII/ptolemy/actor/lib/test/auto/TestSimple.xml
2 ms. Memory: 296960K Free: 144422K (49%)
----------------- Invoking toplevel() on ptolemy.moml.MoMLSimpleApplication@2763365d
----------------- Done invoking toplevel() on ptolemy.moml.MoMLSimpleApplication@2763365d
reloadAllAccessors: .TestSimple

===========================================================================================
----------------- testing Tue Jan 07 06:43:07 UTC 2020 /home/travis/build/icyphy/ptII/ptolemy/actor/lib/test/auto/ThrowModelError.xml
----------------- Instantiating /home/travis/build/icyphy/ptII/ptolemy/actor/lib/test/auto/ThrowModelError.xml
1 ms. Memory: 296960K Free: 139816K (47%)
----------------- Invoking toplevel() on ptolemy.moml.MoMLSimpleApplication@731b8d80
----------------- Done invoking toplevel() on ptolemy.moml.MoMLSimpleApplication@731b8d80
reloadAllAccessors: .ThrowModelError

===========================================================================================
----------------- testing Tue Jan 07 06:43:07 UTC 2020 /home/travis/build/icyphy/ptII/ptolemy/actor/lib/test/auto/TimeDelayMicrosteps.xml
----------------- Instantiating /home/travis/build/icyphy/ptII/ptolemy/actor/lib/test/auto/TimeDelayMicrosteps.xml
4 ms. Memory: 296960K Free: 132648K (45%)
----------------- Invoking toplevel() on ptolemy.moml.MoMLSimpleApplication@50f68481
----------------- Done invoking toplevel() on ptolemy.moml.MoMLSimpleApplication@50f68481
reloadAllAccessors: .TimeDelayMicrosteps

===========================================================================================
----------------- testing Tue Jan 07 06:43:07 UTC 2020 /home/travis/build/icyphy/ptII/ptolemy/actor/lib/test/auto/TimeDelayMicrosteps2.xml
----------------- Instantiating /home/travis/build/icyphy/ptII/ptolemy/actor/lib/test/auto/TimeDelayMicrosteps2.xml
3 ms. Memory: 296960K Free: 125480K (42%)
----------------- Invoking toplevel() on ptolemy.moml.MoMLSimpleApplication@2ae84a94
----------------- Done invoking toplevel() on ptolemy.moml.MoMLSimpleApplication@2ae84a94
reloadAllAccessors: .TimeDelayMicrosteps2

===========================================================================================
----------------- testing Tue Jan 07 06:43:07 UTC 2020 /home/travis/build/icyphy/ptII/ptolemy/actor/lib/test/auto/TimeDelayMicrosteps3.xml
----------------- Instantiating /home/travis/build/icyphy/ptII/ptolemy/actor/lib/test/auto/TimeDelayMicrosteps3.xml
3 ms. Memory: 296960K Free: 118312K (40%)
----------------- Invoking toplevel() on ptolemy.moml.MoMLSimpleApplication@38a6154f
----------------- Done invoking toplevel() on ptolemy.moml.MoMLSimpleApplication@38a6154f
reloadAllAccessors: .TimeDelayMicrosteps3

===========================================================================================
----------------- testing Tue Jan 07 06:43:07 UTC 2020 /home/travis/build/icyphy/ptII/ptolemy/actor/lib/test/auto/TimeDelayVariableMicrosteps.xml
----------------- Instantiating /home/travis/build/icyphy/ptII/ptolemy/actor/lib/test/auto/TimeDelayVariableMicrosteps.xml
3 ms. Memory: 296960K Free: 112166K (38%)
----------------- Invoking toplevel() on ptolemy.moml.MoMLSimpleApplication@37fb4682
----------------- Done invoking toplevel() on ptolemy.moml.MoMLSimpleApplication@37fb4682
reloadAllAccessors: .TimeDelayVariableMicrosteps

===========================================================================================
----------------- testing Tue Jan 07 06:43:07 UTC 2020 /home/travis/build/icyphy/ptII/ptolemy/actor/lib/test/auto/TimeGap.xml
----------------- Instantiating /home/travis/build/icyphy/ptII/ptolemy/actor/lib/test/auto/TimeGap.xml
2 ms. Memory: 296960K Free: 107048K (36%)
----------------- Invoking toplevel() on ptolemy.moml.MoMLSimpleApplication@395fdf4e
----------------- Done invoking toplevel() on ptolemy.moml.MoMLSimpleApplication@395fdf4e
reloadAllAccessors: .TimeGap

===========================================================================================
----------------- testing Tue Jan 07 06:43:07 UTC 2020 /home/travis/build/icyphy/ptII/ptolemy/actor/lib/test/auto/TimeGap2.xml
----------------- Instantiating /home/travis/build/icyphy/ptII/ptolemy/actor/lib/test/auto/TimeGap2.xml
1 ms. Memory: 296960K Free: 100904K (34%)
----------------- Invoking toplevel() on ptolemy.moml.MoMLSimpleApplication@1aa2250e
----------------- Done invoking toplevel() on ptolemy.moml.MoMLSimpleApplication@1aa2250e
reloadAllAccessors: .TimeGap2

===========================================================================================
----------------- testing Tue Jan 07 06:43:07 UTC 2020 /home/travis/build/icyphy/ptII/ptolemy/actor/lib/test/auto/TimedSinewave.xml
----------------- Instantiating /home/travis/build/icyphy/ptII/ptolemy/actor/lib/test/auto/TimedSinewave.xml
17 ms. Memory: 296960K Free: 87078K (29%)
----------------- Invoking toplevel() on ptolemy.moml.MoMLSimpleApplication@346ecb8d
----------------- Done invoking toplevel() on ptolemy.moml.MoMLSimpleApplication@346ecb8d
reloadAllAccessors: .TimedSinewave

===========================================================================================
----------------- testing Tue Jan 07 06:43:07 UTC 2020 /home/travis/build/icyphy/ptII/ptolemy/actor/lib/test/auto/TimedSinewavePhase.xml
----------------- Instantiating /home/travis/build/icyphy/ptII/ptolemy/actor/lib/test/auto/TimedSinewavePhase.xml
9 ms. Memory: 296960K Free: 76328K (26%)
----------------- Invoking toplevel() on ptolemy.moml.MoMLSimpleApplication@4a77d135
----------------- Done invoking toplevel() on ptolemy.moml.MoMLSimpleApplication@4a77d135
reloadAllAccessors: .TimedSinewavePhase

===========================================================================================
----------------- testing Tue Jan 07 06:43:07 UTC 2020 /home/travis/build/icyphy/ptII/ptolemy/actor/lib/test/auto/Timer.xml
----------------- Instantiating /home/travis/build/icyphy/ptII/ptolemy/actor/lib/test/auto/Timer.xml
2 ms. Memory: 296960K Free: 70694K (24%)
----------------- Invoking toplevel() on ptolemy.moml.MoMLSimpleApplication@2dde3a62
----------------- Done invoking toplevel() on ptolemy.moml.MoMLSimpleApplication@2dde3a62
reloadAllAccessors: .Timer

===========================================================================================
----------------- testing Tue Jan 07 06:43:07 UTC 2020 /home/travis/build/icyphy/ptII/ptolemy/actor/lib/test/auto/TriangularDistTestModel.xml
----------------- Instantiating /home/travis/build/icyphy/ptII/ptolemy/actor/lib/test/auto/TriangularDistTestModel.xml
2 ms. Memory: 296960K Free: 241056K (81%)
----------------- Invoking toplevel() on ptolemy.moml.MoMLSimpleApplication@7f746b04
----------------- Done invoking toplevel() on ptolemy.moml.MoMLSimpleApplication@7f746b04
reloadAllAccessors: .TriangularDistTestModel

===========================================================================================
----------------- testing Tue Jan 07 06:43:07 UTC 2020 /home/travis/build/icyphy/ptII/ptolemy/actor/lib/test/auto/TrigFunction.xml
----------------- Instantiating /home/travis/build/icyphy/ptII/ptolemy/actor/lib/test/auto/TrigFunction.xml
2 ms. Memory: 296960K Free: 235936K (79%)
----------------- Invoking toplevel() on ptolemy.moml.MoMLSimpleApplication@309e3206
----------------- Done invoking toplevel() on ptolemy.moml.MoMLSimpleApplication@309e3206
reloadAllAccessors: .TrigFunction

===========================================================================================
----------------- testing Tue Jan 07 06:43:07 UTC 2020 /home/travis/build/icyphy/ptII/ptolemy/actor/lib/test/auto/TrigFunctionDE.xml
----------------- Instantiating /home/travis/build/icyphy/ptII/ptolemy/actor/lib/test/auto/TrigFunctionDE.xml
1 ms. Memory: 296960K Free: 230302K (78%)
----------------- Invoking toplevel() on ptolemy.moml.MoMLSimpleApplication@10defa12
----------------- Done invoking toplevel() on ptolemy.moml.MoMLSimpleApplication@10defa12
reloadAllAccessors: .TrigFunctionDE

===========================================================================================
----------------- testing Tue Jan 07 06:43:07 UTC 2020 /home/travis/build/icyphy/ptII/ptolemy/actor/lib/test/auto/TrigFunctionInverse.xml
----------------- Instantiating /home/travis/build/icyphy/ptII/ptolemy/actor/lib/test/auto/TrigFunctionInverse.xml
2 ms. Memory: 296960K Free: 224672K (76%)
----------------- Invoking toplevel() on ptolemy.moml.MoMLSimpleApplication@c0273e6
----------------- Done invoking toplevel() on ptolemy.moml.MoMLSimpleApplication@c0273e6
reloadAllAccessors: .TrigFunctionInverse

===========================================================================================
----------------- testing Tue Jan 07 06:43:07 UTC 2020 /home/travis/build/icyphy/ptII/ptolemy/actor/lib/test/auto/TrigFunctionTan.xml
----------------- Instantiating /home/travis/build/icyphy/ptII/ptolemy/actor/lib/test/auto/TrigFunctionTan.xml
1 ms. Memory: 296960K Free: 220062K (74%)
----------------- Invoking toplevel() on ptolemy.moml.MoMLSimpleApplication@48690f07
----------------- Done invoking toplevel() on ptolemy.moml.MoMLSimpleApplication@48690f07
reloadAllAccessors: .TrigFunctionTan

===========================================================================================
----------------- testing Tue Jan 07 06:43:07 UTC 2020 /home/travis/build/icyphy/ptII/ptolemy/actor/lib/test/auto/TriggeredClock.xml
----------------- Instantiating /home/travis/build/icyphy/ptII/ptolemy/actor/lib/test/auto/TriggeredClock.xml
2 ms. Memory: 296960K Free: 214432K (72%)
----------------- Invoking toplevel() on ptolemy.moml.MoMLSimpleApplication@7aefa591
----------------- Done invoking toplevel() on ptolemy.moml.MoMLSimpleApplication@7aefa591
reloadAllAccessors: .TriggeredClock

===========================================================================================
----------------- testing Tue Jan 07 06:43:07 UTC 2020 /home/travis/build/icyphy/ptII/ptolemy/actor/lib/test/auto/URLDirectoryReader.xml
----------------- Instantiating /home/travis/build/icyphy/ptII/ptolemy/actor/lib/test/auto/URLDirectoryReader.xml
34 ms. Memory: 296960K Free: 204702K (69%)
----------------- Invoking toplevel() on ptolemy.moml.MoMLSimpleApplication@5b3471e
----------------- Done invoking toplevel() on ptolemy.moml.MoMLSimpleApplication@5b3471e
reloadAllAccessors: .URLDirectoryReader

===========================================================================================
----------------- testing Tue Jan 07 06:43:07 UTC 2020 /home/travis/build/icyphy/ptII/ptolemy/actor/lib/test/auto/URLDirectoryReader3.xml
----------------- Instantiating /home/travis/build/icyphy/ptII/ptolemy/actor/lib/test/auto/URLDirectoryReader3.xml
1510 ms. Memory: 296960K Free: 234970K (79%)
----------------- Invoking toplevel() on ptolemy.moml.MoMLSimpleApplication@29905a8a
----------------- Done invoking toplevel() on ptolemy.moml.MoMLSimpleApplication@29905a8a
reloadAllAccessors: .URLDirectoryReader3

===========================================================================================
----------------- testing Tue Jan 07 06:43:09 UTC 2020 /home/travis/build/icyphy/ptII/ptolemy/actor/lib/test/auto/UnaryMathFunction.xml
----------------- Instantiating /home/travis/build/icyphy/ptII/ptolemy/actor/lib/test/auto/UnaryMathFunction.xml
2 ms. Memory: 296960K Free: 226778K (76%)
----------------- Invoking toplevel() on ptolemy.moml.MoMLSimpleApplication@79e9bd2f
----------------- Done invoking toplevel() on ptolemy.moml.MoMLSimpleApplication@79e9bd2f
reloadAllAccessors: .UnaryMathFunction

===========================================================================================
----------------- testing Tue Jan 07 06:43:09 UTC 2020 /home/travis/build/icyphy/ptII/ptolemy/actor/lib/test/auto/Uniform.xml
----------------- Instantiating /home/travis/build/icyphy/ptII/ptolemy/actor/lib/test/auto/Uniform.xml
1 ms. Memory: 296960K Free: 222168K (75%)
----------------- Invoking toplevel() on ptolemy.moml.MoMLSimpleApplication@330d8323
----------------- Done invoking toplevel() on ptolemy.moml.MoMLSimpleApplication@330d8323
reloadAllAccessors: .Uniform

===========================================================================================
----------------- testing Tue Jan 07 06:43:09 UTC 2020 /home/travis/build/icyphy/ptII/ptolemy/actor/lib/test/auto/UnionDisassemblerTest.xml
----------------- Instantiating /home/travis/build/icyphy/ptII/ptolemy/actor/lib/test/auto/UnionDisassemblerTest.xml
16 ms. Memory: 296960K Free: 217562K (73%)
----------------- Invoking toplevel() on ptolemy.moml.MoMLSimpleApplication@5917b7c0
----------------- Done invoking toplevel() on ptolemy.moml.MoMLSimpleApplication@5917b7c0
reloadAllAccessors: .UnionDisassemblerTest

===========================================================================================
----------------- testing Tue Jan 07 06:43:09 UTC 2020 /home/travis/build/icyphy/ptII/ptolemy/actor/lib/test/auto/UtilityFunctions.xml
----------------- Instantiating /home/travis/build/icyphy/ptII/ptolemy/actor/lib/test/auto/UtilityFunctions.xml
1 ms. Memory: 296960K Free: 213466K (72%)
----------------- Invoking toplevel() on ptolemy.moml.MoMLSimpleApplication@21827ffc
----------------- Done invoking toplevel() on ptolemy.moml.MoMLSimpleApplication@21827ffc
reloadAllAccessors: .UtilityFunctions

===========================================================================================
----------------- testing Tue Jan 07 06:43:09 UTC 2020 /home/travis/build/icyphy/ptII/ptolemy/actor/lib/test/auto/VariableSleep.xml
----------------- Instantiating /home/travis/build/icyphy/ptII/ptolemy/actor/lib/test/auto/VariableSleep.xml
502 ms. Memory: 296960K Free: 207832K (70%)
----------------- Invoking toplevel() on ptolemy.moml.MoMLSimpleApplication@128af3fd
----------------- Done invoking toplevel() on ptolemy.moml.MoMLSimpleApplication@128af3fd
reloadAllAccessors: .VariableSleep

===========================================================================================
----------------- testing Tue Jan 07 06:43:10 UTC 2020 /home/travis/build/icyphy/ptII/ptolemy/actor/lib/test/auto/VectorAssemblerDisassemblerCT.xml
----------------- Instantiating /home/travis/build/icyphy/ptII/ptolemy/actor/lib/test/auto/VectorAssemblerDisassemblerCT.xml
61 ms. Memory: 296960K Free: 187866K (63%)
----------------- Invoking toplevel() on ptolemy.moml.MoMLSimpleApplication@47a7ec64
----------------- Done invoking toplevel() on ptolemy.moml.MoMLSimpleApplication@47a7ec64
reloadAllAccessors: .VectorAssemblerDisassemblerCT

===========================================================================================
----------------- testing Tue Jan 07 06:43:10 UTC 2020 /home/travis/build/icyphy/ptII/ptolemy/actor/lib/test/auto/VectorAssemblerDisassemblerDE.xml
----------------- Instantiating /home/travis/build/icyphy/ptII/ptolemy/actor/lib/test/auto/VectorAssemblerDisassemblerDE.xml
4 ms. Memory: 296960K Free: 180698K (61%)
----------------- Invoking toplevel() on ptolemy.moml.MoMLSimpleApplication@61b76afa
----------------- Done invoking toplevel() on ptolemy.moml.MoMLSimpleApplication@61b76afa
reloadAllAccessors: .VectorAssemblerDisassemblerDE

===========================================================================================
----------------- testing Tue Jan 07 06:43:10 UTC 2020 /home/travis/build/icyphy/ptII/ptolemy/actor/lib/test/auto/VectorAssemblerDisassemblerSDF.xml
----------------- Instantiating /home/travis/build/icyphy/ptII/ptolemy/actor/lib/test/auto/VectorAssemblerDisassemblerSDF.xml
4 ms. Memory: 296960K Free: 174554K (59%)
----------------- Invoking toplevel() on ptolemy.moml.MoMLSimpleApplication@4c6a6b8f
----------------- Done invoking toplevel() on ptolemy.moml.MoMLSimpleApplication@4c6a6b8f
reloadAllAccessors: .VectorAssemblerDisassemblerSDF

===========================================================================================
----------------- testing Tue Jan 07 06:43:10 UTC 2020 /home/travis/build/icyphy/ptII/ptolemy/actor/lib/test/auto/WallClockTime.xml
----------------- Instantiating /home/travis/build/icyphy/ptII/ptolemy/actor/lib/test/auto/WallClockTime.xml
1004 ms. Memory: 296960K Free: 168920K (57%)
----------------- Invoking toplevel() on ptolemy.moml.MoMLSimpleApplication@15bd921b
----------------- Done invoking toplevel() on ptolemy.moml.MoMLSimpleApplication@15bd921b
reloadAllAccessors: .WallClockTime

===========================================================================================
----------------- testing Tue Jan 07 06:43:11 UTC 2020 /home/travis/build/icyphy/ptII/ptolemy/actor/lib/test/auto/WidthTestWithSubscriberPublisher.xml
----------------- Instantiating /home/travis/build/icyphy/ptII/ptolemy/actor/lib/test/auto/WidthTestWithSubscriberPublisher.xml
6 ms. Memory: 296960K Free: 151002K (51%)
----------------- Invoking toplevel() on ptolemy.moml.MoMLSimpleApplication@3ebb0e73
----------------- Done invoking toplevel() on ptolemy.moml.MoMLSimpleApplication@3ebb0e73
reloadAllAccessors: .WidthTestWithSubscriberPublisher

===========================================================================================
----------------- testing Tue Jan 07 06:43:11 UTC 2020 /home/travis/build/icyphy/ptII/ptolemy/actor/lib/test/auto/WidthTestWithSubscriberPublisher2.xml
----------------- Instantiating /home/travis/build/icyphy/ptII/ptolemy/actor/lib/test/auto/WidthTestWithSubscriberPublisher2.xml
2 ms. Memory: 296960K Free: 144858K (49%)
----------------- Invoking toplevel() on ptolemy.moml.MoMLSimpleApplication@3a3b1f1b
----------------- Done invoking toplevel() on ptolemy.moml.MoMLSimpleApplication@3a3b1f1b
reloadAllAccessors: .WidthTestWithSubscriberPublisher2

===========================================================================================
----------------- testing Tue Jan 07 06:43:11 UTC 2020 /home/travis/build/icyphy/ptII/ptolemy/actor/lib/test/auto/WidthTestWithSubscriberPublisher3.xml
----------------- Instantiating /home/travis/build/icyphy/ptII/ptolemy/actor/lib/test/auto/WidthTestWithSubscriberPublisher3.xml
2 ms. Memory: 296960K Free: 138714K (47%)
----------------- Invoking toplevel() on ptolemy.moml.MoMLSimpleApplication@7aba8ad5
----------------- Done invoking toplevel() on ptolemy.moml.MoMLSimpleApplication@7aba8ad5
reloadAllAccessors: .WidthTestWithSubscriberPublisher3

===========================================================================================
----------------- testing Tue Jan 07 06:43:11 UTC 2020 /home/travis/build/icyphy/ptII/ptolemy/actor/lib/test/auto/Writer.xml
----------------- Instantiating /home/travis/build/icyphy/ptII/ptolemy/actor/lib/test/auto/Writer.xml
0
1
2
3
4
2 ms. Memory: 296960K Free: 134618K (45%)
----------------- Invoking toplevel() on ptolemy.moml.MoMLSimpleApplication@6d746b87
----------------- Done invoking toplevel() on ptolemy.moml.MoMLSimpleApplication@6d746b87
reloadAllAccessors: .Writer

===========================================================================================
----------------- testing Tue Jan 07 06:43:11 UTC 2020 /home/travis/build/icyphy/ptII/ptolemy/actor/lib/test/auto/array.xml
----------------- Instantiating /home/travis/build/icyphy/ptII/ptolemy/actor/lib/test/auto/array.xml
2 ms. Memory: 296960K Free: 130008K (44%)
----------------- Invoking toplevel() on ptolemy.moml.MoMLSimpleApplication@4457661b
----------------- Done invoking toplevel() on ptolemy.moml.MoMLSimpleApplication@4457661b
reloadAllAccessors: .array

===========================================================================================
----------------- testing Tue Jan 07 06:43:11 UTC 2020 /home/travis/build/icyphy/ptII/ptolemy/actor/lib/test/auto/array2.xml
----------------- Instantiating /home/travis/build/icyphy/ptII/ptolemy/actor/lib/test/auto/array2.xml
4 ms. Memory: 296960K Free: 124378K (42%)
----------------- Invoking toplevel() on ptolemy.moml.MoMLSimpleApplication@4d9f9d29
----------------- Done invoking toplevel() on ptolemy.moml.MoMLSimpleApplication@4d9f9d29
reloadAllAccessors: .array2

===========================================================================================
----------------- testing Tue Jan 07 06:43:11 UTC 2020 /home/travis/build/icyphy/ptII/ptolemy/actor/lib/test/auto/arrayType.xml
----------------- Instantiating /home/travis/build/icyphy/ptII/ptolemy/actor/lib/test/auto/arrayType.xml
1 ms. Memory: 296960K Free: 119258K (40%)
----------------- Invoking toplevel() on ptolemy.moml.MoMLSimpleApplication@51d3b83c
----------------- Done invoking toplevel() on ptolemy.moml.MoMLSimpleApplication@51d3b83c
reloadAllAccessors: .arrayType

===========================================================================================
----------------- testing Tue Jan 07 06:43:11 UTC 2020 /home/travis/build/icyphy/ptII/ptolemy/actor/lib/test/auto/arrayType10.xml
----------------- Instantiating /home/travis/build/icyphy/ptII/ptolemy/actor/lib/test/auto/arrayType10.xml
1 ms. Memory: 296960K Free: 114648K (39%)
----------------- Invoking toplevel() on ptolemy.moml.MoMLSimpleApplication@60329d49
----------------- Done invoking toplevel() on ptolemy.moml.MoMLSimpleApplication@60329d49
reloadAllAccessors: .arrayType10

===========================================================================================
----------------- testing Tue Jan 07 06:43:11 UTC 2020 /home/travis/build/icyphy/ptII/ptolemy/actor/lib/test/auto/arrayType11.xml
----------------- Instantiating /home/travis/build/icyphy/ptII/ptolemy/actor/lib/test/auto/arrayType11.xml
1 ms. Memory: 296960K Free: 109528K (37%)
----------------- Invoking toplevel() on ptolemy.moml.MoMLSimpleApplication@3ccf4c71
----------------- Done invoking toplevel() on ptolemy.moml.MoMLSimpleApplication@3ccf4c71
reloadAllAccessors: .arrayType11

===========================================================================================
----------------- testing Tue Jan 07 06:43:11 UTC 2020 /home/travis/build/icyphy/ptII/ptolemy/actor/lib/test/auto/arrayType12.xml
----------------- Instantiating /home/travis/build/icyphy/ptII/ptolemy/actor/lib/test/auto/arrayType12.xml
1 ms. Memory: 296960K Free: 104922K (35%)
----------------- Invoking toplevel() on ptolemy.moml.MoMLSimpleApplication@658430f5
----------------- Done invoking toplevel() on ptolemy.moml.MoMLSimpleApplication@658430f5
reloadAllAccessors: .arrayType12

===========================================================================================
----------------- testing Tue Jan 07 06:43:11 UTC 2020 /home/travis/build/icyphy/ptII/ptolemy/actor/lib/test/auto/arrayType13.xml
----------------- Instantiating /home/travis/build/icyphy/ptII/ptolemy/actor/lib/test/auto/arrayType13.xml
1 ms. Memory: 296960K Free: 99802K (34%)
----------------- Invoking toplevel() on ptolemy.moml.MoMLSimpleApplication@2af67aa4
----------------- Done invoking toplevel() on ptolemy.moml.MoMLSimpleApplication@2af67aa4
reloadAllAccessors: .arrayType13

===========================================================================================
----------------- testing Tue Jan 07 06:43:11 UTC 2020 /home/travis/build/icyphy/ptII/ptolemy/actor/lib/test/auto/arrayType14.xml
----------------- Instantiating /home/travis/build/icyphy/ptII/ptolemy/actor/lib/test/auto/arrayType14.xml
1 ms. Memory: 296960K Free: 94168K (32%)
----------------- Invoking toplevel() on ptolemy.moml.MoMLSimpleApplication@7c84706c
----------------- Done invoking toplevel() on ptolemy.moml.MoMLSimpleApplication@7c84706c
reloadAllAccessors: .arrayType14

===========================================================================================
----------------- testing Tue Jan 07 06:43:11 UTC 2020 /home/travis/build/icyphy/ptII/ptolemy/actor/lib/test/auto/arrayType15.xml
----------------- Instantiating /home/travis/build/icyphy/ptII/ptolemy/actor/lib/test/auto/arrayType15.xml
2 ms. Memory: 296960K Free: 89048K (30%)
----------------- Invoking toplevel() on ptolemy.moml.MoMLSimpleApplication@661aadc1
----------------- Done invoking toplevel() on ptolemy.moml.MoMLSimpleApplication@661aadc1
reloadAllAccessors: .arrayType15

===========================================================================================
----------------- testing Tue Jan 07 06:43:11 UTC 2020 /home/travis/build/icyphy/ptII/ptolemy/actor/lib/test/auto/arrayType16.xml
----------------- Instantiating /home/travis/build/icyphy/ptII/ptolemy/actor/lib/test/auto/arrayType16.xml
1 ms. Memory: 296960K Free: 83928K (28%)
----------------- Invoking toplevel() on ptolemy.moml.MoMLSimpleApplication@3bd8fcf8
----------------- Done invoking toplevel() on ptolemy.moml.MoMLSimpleApplication@3bd8fcf8
reloadAllAccessors: .arrayType16

===========================================================================================
----------------- testing Tue Jan 07 06:43:11 UTC 2020 /home/travis/build/icyphy/ptII/ptolemy/actor/lib/test/auto/arrayType17.xml
----------------- Instantiating /home/travis/build/icyphy/ptII/ptolemy/actor/lib/test/auto/arrayType17.xml
1 ms. Memory: 296960K Free: 78298K (26%)
----------------- Invoking toplevel() on ptolemy.moml.MoMLSimpleApplication@3df5956e
----------------- Done invoking toplevel() on ptolemy.moml.MoMLSimpleApplication@3df5956e
reloadAllAccessors: .arrayType17

===========================================================================================
----------------- testing Tue Jan 07 06:43:11 UTC 2020 /home/travis/build/icyphy/ptII/ptolemy/actor/lib/test/auto/arrayType18.xml
----------------- Instantiating /home/travis/build/icyphy/ptII/ptolemy/actor/lib/test/auto/arrayType18.xml
1 ms. Memory: 296960K Free: 73688K (25%)
----------------- Invoking toplevel() on ptolemy.moml.MoMLSimpleApplication@3571bbc9
----------------- Done invoking toplevel() on ptolemy.moml.MoMLSimpleApplication@3571bbc9
reloadAllAccessors: .arrayType18

===========================================================================================
----------------- testing Tue Jan 07 06:43:11 UTC 2020 /home/travis/build/icyphy/ptII/ptolemy/actor/lib/test/auto/arrayType19.xml
----------------- Instantiating /home/travis/build/icyphy/ptII/ptolemy/actor/lib/test/auto/arrayType19.xml
1 ms. Memory: 296960K Free: 69082K (23%)
----------------- Invoking toplevel() on ptolemy.moml.MoMLSimpleApplication@40b178ae
----------------- Done invoking toplevel() on ptolemy.moml.MoMLSimpleApplication@40b178ae
reloadAllAccessors: .arrayType19

===========================================================================================
----------------- testing Tue Jan 07 06:43:11 UTC 2020 /home/travis/build/icyphy/ptII/ptolemy/actor/lib/test/auto/arrayType2.xml
----------------- Instantiating /home/travis/build/icyphy/ptII/ptolemy/actor/lib/test/auto/arrayType2.xml
1 ms. Memory: 296960K Free: 236895K (80%)
----------------- Invoking toplevel() on ptolemy.moml.MoMLSimpleApplication@339a0ef
----------------- Done invoking toplevel() on ptolemy.moml.MoMLSimpleApplication@339a0ef
reloadAllAccessors: .arrayType2

===========================================================================================
----------------- testing Tue Jan 07 06:43:11 UTC 2020 /home/travis/build/icyphy/ptII/ptolemy/actor/lib/test/auto/arrayType20.xml
----------------- Instantiating /home/travis/build/icyphy/ptII/ptolemy/actor/lib/test/auto/arrayType20.xml
1 ms. Memory: 296960K Free: 232289K (78%)
----------------- Invoking toplevel() on ptolemy.moml.MoMLSimpleApplication@2d4a3cc2
----------------- Done invoking toplevel() on ptolemy.moml.MoMLSimpleApplication@2d4a3cc2
reloadAllAccessors: .arrayType20

===========================================================================================
----------------- testing Tue Jan 07 06:43:11 UTC 2020 /home/travis/build/icyphy/ptII/ptolemy/actor/lib/test/auto/arrayType21.xml
----------------- Instantiating /home/travis/build/icyphy/ptII/ptolemy/actor/lib/test/auto/arrayType21.xml
1 ms. Memory: 296960K Free: 227169K (76%)
----------------- Invoking toplevel() on ptolemy.moml.MoMLSimpleApplication@a09dba
----------------- Done invoking toplevel() on ptolemy.moml.MoMLSimpleApplication@a09dba
reloadAllAccessors: .arrayType21

===========================================================================================
----------------- testing Tue Jan 07 06:43:11 UTC 2020 /home/travis/build/icyphy/ptII/ptolemy/actor/lib/test/auto/arrayType22.xml
----------------- Instantiating /home/travis/build/icyphy/ptII/ptolemy/actor/lib/test/auto/arrayType22.xml
1 ms. Memory: 296960K Free: 222559K (75%)
----------------- Invoking toplevel() on ptolemy.moml.MoMLSimpleApplication@7b73c8b2
----------------- Done invoking toplevel() on ptolemy.moml.MoMLSimpleApplication@7b73c8b2
reloadAllAccessors: .arrayType22

===========================================================================================
----------------- testing Tue Jan 07 06:43:11 UTC 2020 /home/travis/build/icyphy/ptII/ptolemy/actor/lib/test/auto/arrayType23.xml
----------------- Instantiating /home/travis/build/icyphy/ptII/ptolemy/actor/lib/test/auto/arrayType23.xml
1 ms. Memory: 296960K Free: 217953K (73%)
----------------- Invoking toplevel() on ptolemy.moml.MoMLSimpleApplication@1cebcd1a
----------------- Done invoking toplevel() on ptolemy.moml.MoMLSimpleApplication@1cebcd1a
reloadAllAccessors: .arrayType23

===========================================================================================
----------------- testing Tue Jan 07 06:43:11 UTC 2020 /home/travis/build/icyphy/ptII/ptolemy/actor/lib/test/auto/arrayType24.xml
----------------- Instantiating /home/travis/build/icyphy/ptII/ptolemy/actor/lib/test/auto/arrayType24.xml
2 ms. Memory: 296960K Free: 212833K (72%)
----------------- Invoking toplevel() on ptolemy.moml.MoMLSimpleApplication@54cbcc23
----------------- Done invoking toplevel() on ptolemy.moml.MoMLSimpleApplication@54cbcc23
reloadAllAccessors: .arrayType24

===========================================================================================
----------------- testing Tue Jan 07 06:43:12 UTC 2020 /home/travis/build/icyphy/ptII/ptolemy/actor/lib/test/auto/arrayType25.xml
----------------- Instantiating /home/travis/build/icyphy/ptII/ptolemy/actor/lib/test/auto/arrayType25.xml
1 ms. Memory: 296960K Free: 207713K (70%)
----------------- Invoking toplevel() on ptolemy.moml.MoMLSimpleApplication@13cb6eaa
----------------- Done invoking toplevel() on ptolemy.moml.MoMLSimpleApplication@13cb6eaa
reloadAllAccessors: .arrayType25

===========================================================================================
----------------- testing Tue Jan 07 06:43:12 UTC 2020 /home/travis/build/icyphy/ptII/ptolemy/actor/lib/test/auto/arrayType26.xml
----------------- Instantiating /home/travis/build/icyphy/ptII/ptolemy/actor/lib/test/auto/arrayType26.xml
1 ms. Memory: 296960K Free: 202593K (68%)
----------------- Invoking toplevel() on ptolemy.moml.MoMLSimpleApplication@6d53da63
----------------- Done invoking toplevel() on ptolemy.moml.MoMLSimpleApplication@6d53da63
reloadAllAccessors: .arrayType26

===========================================================================================
----------------- testing Tue Jan 07 06:43:12 UTC 2020 /home/travis/build/icyphy/ptII/ptolemy/actor/lib/test/auto/arrayType27.xml
----------------- Instantiating /home/travis/build/icyphy/ptII/ptolemy/actor/lib/test/auto/arrayType27.xml
1 ms. Memory: 296960K Free: 196945K (66%)
----------------- Invoking toplevel() on ptolemy.moml.MoMLSimpleApplication@57f8a898
----------------- Done invoking toplevel() on ptolemy.moml.MoMLSimpleApplication@57f8a898
reloadAllAccessors: .arrayType27

===========================================================================================
----------------- testing Tue Jan 07 06:43:12 UTC 2020 /home/travis/build/icyphy/ptII/ptolemy/actor/lib/test/auto/arrayType28.xml
----------------- Instantiating /home/travis/build/icyphy/ptII/ptolemy/actor/lib/test/auto/arrayType28.xml
7 ms. Memory: 296960K Free: 191839K (65%)
----------------- Invoking toplevel() on ptolemy.moml.MoMLSimpleApplication@507c632d
----------------- Done invoking toplevel() on ptolemy.moml.MoMLSimpleApplication@507c632d
reloadAllAccessors: .arrayType28

===========================================================================================
----------------- testing Tue Jan 07 06:43:12 UTC 2020 /home/travis/build/icyphy/ptII/ptolemy/actor/lib/test/auto/arrayType3.xml
----------------- Instantiating /home/travis/build/icyphy/ptII/ptolemy/actor/lib/test/auto/arrayType3.xml
1 ms. Memory: 296960K Free: 186209K (63%)
----------------- Invoking toplevel() on ptolemy.moml.MoMLSimpleApplication@2a08f088
----------------- Done invoking toplevel() on ptolemy.moml.MoMLSimpleApplication@2a08f088
reloadAllAccessors: .arrayType3

===========================================================================================
----------------- testing Tue Jan 07 06:43:12 UTC 2020 /home/travis/build/icyphy/ptII/ptolemy/actor/lib/test/auto/arrayType4.xml
----------------- Instantiating /home/travis/build/icyphy/ptII/ptolemy/actor/lib/test/auto/arrayType4.xml
1 ms. Memory: 296960K Free: 181089K (61%)
----------------- Invoking toplevel() on ptolemy.moml.MoMLSimpleApplication@3a284ea4
----------------- Done invoking toplevel() on ptolemy.moml.MoMLSimpleApplication@3a284ea4
reloadAllAccessors: .arrayType4

===========================================================================================
----------------- testing Tue Jan 07 06:43:12 UTC 2020 /home/travis/build/icyphy/ptII/ptolemy/actor/lib/test/auto/arrayType5.xml
----------------- Instantiating /home/travis/build/icyphy/ptII/ptolemy/actor/lib/test/auto/arrayType5.xml
1 ms. Memory: 296960K Free: 175969K (59%)
----------------- Invoking toplevel() on ptolemy.moml.MoMLSimpleApplication@59bcde1c
----------------- Done invoking toplevel() on ptolemy.moml.MoMLSimpleApplication@59bcde1c
reloadAllAccessors: .arrayType5

===========================================================================================
----------------- testing Tue Jan 07 06:43:12 UTC 2020 /home/travis/build/icyphy/ptII/ptolemy/actor/lib/test/auto/arrayType6.xml
----------------- Instantiating /home/travis/build/icyphy/ptII/ptolemy/actor/lib/test/auto/arrayType6.xml
1 ms. Memory: 296960K Free: 170849K (58%)
----------------- Invoking toplevel() on ptolemy.moml.MoMLSimpleApplication@494d4841
----------------- Done invoking toplevel() on ptolemy.moml.MoMLSimpleApplication@494d4841
reloadAllAccessors: .arrayType6

===========================================================================================
----------------- testing Tue Jan 07 06:43:12 UTC 2020 /home/travis/build/icyphy/ptII/ptolemy/actor/lib/test/auto/arrayType7.xml
----------------- Instantiating /home/travis/build/icyphy/ptII/ptolemy/actor/lib/test/auto/arrayType7.xml
5 ms. Memory: 296960K Free: 166239K (56%)
----------------- Invoking toplevel() on ptolemy.moml.MoMLSimpleApplication@1205afe0
----------------- Done invoking toplevel() on ptolemy.moml.MoMLSimpleApplication@1205afe0
reloadAllAccessors: .arrayType7

===========================================================================================
----------------- testing Tue Jan 07 06:43:12 UTC 2020 /home/travis/build/icyphy/ptII/ptolemy/actor/lib/test/auto/arrayType8.xml
----------------- Instantiating /home/travis/build/icyphy/ptII/ptolemy/actor/lib/test/auto/arrayType8.xml
1 ms. Memory: 296960K Free: 161119K (54%)
----------------- Invoking toplevel() on ptolemy.moml.MoMLSimpleApplication@6a95a6b2
----------------- Done invoking toplevel() on ptolemy.moml.MoMLSimpleApplication@6a95a6b2
reloadAllAccessors: .arrayType8

===========================================================================================
----------------- testing Tue Jan 07 06:43:12 UTC 2020 /home/travis/build/icyphy/ptII/ptolemy/actor/lib/test/auto/arrayType9.xml
----------------- Instantiating /home/travis/build/icyphy/ptII/ptolemy/actor/lib/test/auto/arrayType9.xml
1 ms. Memory: 296960K Free: 156513K (53%)
----------------- Invoking toplevel() on ptolemy.moml.MoMLSimpleApplication@53ddc74e
----------------- Done invoking toplevel() on ptolemy.moml.MoMLSimpleApplication@53ddc74e
reloadAllAccessors: .arrayType9

===========================================================================================
----------------- testing Tue Jan 07 06:43:12 UTC 2020 /home/travis/build/icyphy/ptII/ptolemy/actor/lib/test/auto/cast.xml
----------------- Instantiating /home/travis/build/icyphy/ptII/ptolemy/actor/lib/test/auto/cast.xml
2 ms. Memory: 296960K Free: 151903K (51%)
----------------- Invoking toplevel() on ptolemy.moml.MoMLSimpleApplication@5c69306a
----------------- Done invoking toplevel() on ptolemy.moml.MoMLSimpleApplication@5c69306a
reloadAllAccessors: .cast

===========================================================================================
----------------- testing Tue Jan 07 06:43:12 UTC 2020 /home/travis/build/icyphy/ptII/ptolemy/actor/lib/test/auto/compositeMultiPort.xml
----------------- Instantiating /home/travis/build/icyphy/ptII/ptolemy/actor/lib/test/auto/compositeMultiPort.xml
9 ms. Memory: 296960K Free: 142687K (48%)
----------------- Invoking toplevel() on ptolemy.moml.MoMLSimpleApplication@51229ff0
----------------- Done invoking toplevel() on ptolemy.moml.MoMLSimpleApplication@51229ff0
reloadAllAccessors: .compositeMultiPort

===========================================================================================
----------------- testing Tue Jan 07 06:43:12 UTC 2020 /home/travis/build/icyphy/ptII/ptolemy/actor/lib/test/auto/expressionCastInference.xml
----------------- Instantiating /home/travis/build/icyphy/ptII/ptolemy/actor/lib/test/auto/expressionCastInference.xml
2 ms. Memory: 296960K Free: 138081K (46%)
----------------- Invoking toplevel() on ptolemy.moml.MoMLSimpleApplication@697f8ddd
----------------- Done invoking toplevel() on ptolemy.moml.MoMLSimpleApplication@697f8ddd
reloadAllAccessors: .expressionCastInference

===========================================================================================
----------------- testing Tue Jan 07 06:43:12 UTC 2020 /home/travis/build/icyphy/ptII/ptolemy/actor/lib/test/auto/expressionCastInference2.xml
----------------- Instantiating /home/travis/build/icyphy/ptII/ptolemy/actor/lib/test/auto/expressionCastInference2.xml
1 ms. Memory: 296960K Free: 132961K (45%)
----------------- Invoking toplevel() on ptolemy.moml.MoMLSimpleApplication@204bb8f7
----------------- Done invoking toplevel() on ptolemy.moml.MoMLSimpleApplication@204bb8f7
reloadAllAccessors: .expressionCastInference2

===========================================================================================
----------------- testing Tue Jan 07 06:43:12 UTC 2020 /home/travis/build/icyphy/ptII/ptolemy/actor/lib/test/auto/expressionInference.xml
----------------- Instantiating /home/travis/build/icyphy/ptII/ptolemy/actor/lib/test/auto/expressionInference.xml
1 ms. Memory: 296960K Free: 128865K (43%)
----------------- Invoking toplevel() on ptolemy.moml.MoMLSimpleApplication@5f68d3cc
----------------- Done invoking toplevel() on ptolemy.moml.MoMLSimpleApplication@5f68d3cc
reloadAllAccessors: .expressionInference

===========================================================================================
----------------- testing Tue Jan 07 06:43:12 UTC 2020 /home/travis/build/icyphy/ptII/ptolemy/actor/lib/test/auto/expression_bug.xml
----------------- Instantiating /home/travis/build/icyphy/ptII/ptolemy/actor/lib/test/auto/expression_bug.xml
1 ms. Memory: 296960K Free: 124769K (42%)
----------------- Invoking toplevel() on ptolemy.moml.MoMLSimpleApplication@4db7e55f
----------------- Done invoking toplevel() on ptolemy.moml.MoMLSimpleApplication@4db7e55f
reloadAllAccessors: .expression_bug

===========================================================================================
----------------- testing Tue Jan 07 06:43:12 UTC 2020 /home/travis/build/icyphy/ptII/ptolemy/actor/lib/test/auto/factorial.xml
----------------- Instantiating /home/travis/build/icyphy/ptII/ptolemy/actor/lib/test/auto/factorial.xml
34 ms. Memory: 296960K Free: 116063K (39%)
----------------- Invoking toplevel() on ptolemy.moml.MoMLSimpleApplication@3dd8e721
----------------- Done invoking toplevel() on ptolemy.moml.MoMLSimpleApplication@3dd8e721
reloadAllAccessors: .factorial

===========================================================================================
----------------- testing Tue Jan 07 06:43:12 UTC 2020 /home/travis/build/icyphy/ptII/ptolemy/actor/lib/test/auto/filterTest1.xml
----------------- Instantiating /home/travis/build/icyphy/ptII/ptolemy/actor/lib/test/auto/filterTest1.xml
2 ms. Memory: 296960K Free: 110433K (37%)
----------------- Invoking toplevel() on ptolemy.moml.MoMLSimpleApplication@72dd5e28
----------------- Done invoking toplevel() on ptolemy.moml.MoMLSimpleApplication@72dd5e28
reloadAllAccessors: .filterTest1

===========================================================================================
----------------- testing Tue Jan 07 06:43:12 UTC 2020 /home/travis/build/icyphy/ptII/ptolemy/actor/lib/test/auto/funcApplyInConst.xml
----------------- Instantiating /home/travis/build/icyphy/ptII/ptolemy/actor/lib/test/auto/funcApplyInConst.xml
1 ms. Memory: 296960K Free: 106337K (36%)
----------------- Invoking toplevel() on ptolemy.moml.MoMLSimpleApplication@61d0ccf2
----------------- Done invoking toplevel() on ptolemy.moml.MoMLSimpleApplication@61d0ccf2
reloadAllAccessors: .funcApplyInConst

===========================================================================================
----------------- testing Tue Jan 07 06:43:12 UTC 2020 /home/travis/build/icyphy/ptII/ptolemy/actor/lib/test/auto/funcApplyInExpr.xml
----------------- Instantiating /home/travis/build/icyphy/ptII/ptolemy/actor/lib/test/auto/funcApplyInExpr.xml
1 ms. Memory: 296960K Free: 102751K (35%)
----------------- Invoking toplevel() on ptolemy.moml.MoMLSimpleApplication@5b25637d
----------------- Done invoking toplevel() on ptolemy.moml.MoMLSimpleApplication@5b25637d
reloadAllAccessors: .funcApplyInExpr

===========================================================================================
----------------- testing Tue Jan 07 06:43:12 UTC 2020 /home/travis/build/icyphy/ptII/ptolemy/actor/lib/test/auto/function.xml
----------------- Instantiating /home/travis/build/icyphy/ptII/ptolemy/actor/lib/test/auto/function.xml
2 ms. Memory: 296960K Free: 97631K (33%)
----------------- Invoking toplevel() on ptolemy.moml.MoMLSimpleApplication@269d4498
----------------- Done invoking toplevel() on ptolemy.moml.MoMLSimpleApplication@269d4498
reloadAllAccessors: .function

===========================================================================================
----------------- testing Tue Jan 07 06:43:12 UTC 2020 /home/travis/build/icyphy/ptII/ptolemy/actor/lib/test/auto/function2.xml
----------------- Instantiating /home/travis/build/icyphy/ptII/ptolemy/actor/lib/test/auto/function2.xml
1 ms. Memory: 296960K Free: 93025K (31%)
----------------- Invoking toplevel() on ptolemy.moml.MoMLSimpleApplication@149a0d19
----------------- Done invoking toplevel() on ptolemy.moml.MoMLSimpleApplication@149a0d19
reloadAllAccessors: .function2

===========================================================================================
----------------- testing Tue Jan 07 06:43:12 UTC 2020 /home/travis/build/icyphy/ptII/ptolemy/actor/lib/test/auto/function3.xml
----------------- Instantiating /home/travis/build/icyphy/ptII/ptolemy/actor/lib/test/auto/function3.xml
1 ms. Memory: 296960K Free: 89439K (30%)
----------------- Invoking toplevel() on ptolemy.moml.MoMLSimpleApplication@6656e09
----------------- Done invoking toplevel() on ptolemy.moml.MoMLSimpleApplication@6656e09
reloadAllAccessors: .function3

===========================================================================================
----------------- testing Tue Jan 07 06:43:12 UTC 2020 /home/travis/build/icyphy/ptII/ptolemy/actor/lib/test/auto/functionClosureTest1.xml
----------------- Instantiating /home/travis/build/icyphy/ptII/ptolemy/actor/lib/test/auto/functionClosureTest1.xml
1 ms. Memory: 296960K Free: 83289K (28%)
----------------- Invoking toplevel() on ptolemy.moml.MoMLSimpleApplication@667d7b86
----------------- Done invoking toplevel() on ptolemy.moml.MoMLSimpleApplication@667d7b86
reloadAllAccessors: .functionClosureTest1

===========================================================================================
----------------- testing Tue Jan 07 06:43:12 UTC 2020 /home/travis/build/icyphy/ptII/ptolemy/actor/lib/test/auto/functionClosureTest2.xml
----------------- Instantiating /home/travis/build/icyphy/ptII/ptolemy/actor/lib/test/auto/functionClosureTest2.xml
1 ms. Memory: 296960K Free: 79713K (27%)
----------------- Invoking toplevel() on ptolemy.moml.MoMLSimpleApplication@26d50507
----------------- Done invoking toplevel() on ptolemy.moml.MoMLSimpleApplication@26d50507
reloadAllAccessors: .functionClosureTest2

===========================================================================================
----------------- testing Tue Jan 07 06:43:12 UTC 2020 /home/travis/build/icyphy/ptII/ptolemy/actor/lib/test/auto/functionClosureTest3.xml
----------------- Instantiating /home/travis/build/icyphy/ptII/ptolemy/actor/lib/test/auto/functionClosureTest3.xml
2 ms. Memory: 296960K Free: 74079K (25%)
----------------- Invoking toplevel() on ptolemy.moml.MoMLSimpleApplication@64ea8dc7
----------------- Done invoking toplevel() on ptolemy.moml.MoMLSimpleApplication@64ea8dc7
reloadAllAccessors: .functionClosureTest3

===========================================================================================
----------------- testing Tue Jan 07 06:43:12 UTC 2020 /home/travis/build/icyphy/ptII/ptolemy/actor/lib/test/auto/functionClosureTest4.xml
----------------- Instantiating /home/travis/build/icyphy/ptII/ptolemy/actor/lib/test/auto/functionClosureTest4.xml
3 ms. Memory: 296960K Free: 67935K (23%)
----------------- Invoking toplevel() on ptolemy.moml.MoMLSimpleApplication@46146999
----------------- Done invoking toplevel() on ptolemy.moml.MoMLSimpleApplication@46146999
reloadAllAccessors: .functionClosureTest4

===========================================================================================
----------------- testing Tue Jan 07 06:43:12 UTC 2020 /home/travis/build/icyphy/ptII/ptolemy/actor/lib/test/auto/functionClosureTest5.xml
----------------- Instantiating /home/travis/build/icyphy/ptII/ptolemy/actor/lib/test/auto/functionClosureTest5.xml
3 ms. Memory: 296960K Free: 236379K (80%)
----------------- Invoking toplevel() on ptolemy.moml.MoMLSimpleApplication@2f9d73c6
----------------- Done invoking toplevel() on ptolemy.moml.MoMLSimpleApplication@2f9d73c6
reloadAllAccessors: .functionClosureTest5

===========================================================================================
----------------- testing Tue Jan 07 06:43:12 UTC 2020 /home/travis/build/icyphy/ptII/ptolemy/actor/lib/test/auto/functionClosureTest6.xml
----------------- Instantiating /home/travis/build/icyphy/ptII/ptolemy/actor/lib/test/auto/functionClosureTest6.xml
2 ms. Memory: 296960K Free: 231755K (78%)
----------------- Invoking toplevel() on ptolemy.moml.MoMLSimpleApplication@3cdb35dd
----------------- Done invoking toplevel() on ptolemy.moml.MoMLSimpleApplication@3cdb35dd
reloadAllAccessors: .functionClosureTest6

===========================================================================================
----------------- testing Tue Jan 07 06:43:12 UTC 2020 /home/travis/build/icyphy/ptII/ptolemy/actor/lib/test/auto/functionsOnArcs.xml
----------------- Instantiating /home/travis/build/icyphy/ptII/ptolemy/actor/lib/test/auto/functionsOnArcs.xml
1 ms. Memory: 296960K Free: 226139K (76%)
----------------- Invoking toplevel() on ptolemy.moml.MoMLSimpleApplication@32ed397
----------------- Done invoking toplevel() on ptolemy.moml.MoMLSimpleApplication@32ed397
reloadAllAccessors: .functionsOnArcs

===========================================================================================
----------------- testing Tue Jan 07 06:43:12 UTC 2020 /home/travis/build/icyphy/ptII/ptolemy/actor/lib/test/auto/functionsOnArcsHOF.xml
----------------- Instantiating /home/travis/build/icyphy/ptII/ptolemy/actor/lib/test/auto/functionsOnArcsHOF.xml
3 ms. Memory: 296960K Free: 220505K (74%)
----------------- Invoking toplevel() on ptolemy.moml.MoMLSimpleApplication@74514639
----------------- Done invoking toplevel() on ptolemy.moml.MoMLSimpleApplication@74514639
reloadAllAccessors: .functionsOnArcsHOF

===========================================================================================
----------------- testing Tue Jan 07 06:43:12 UTC 2020 /home/travis/build/icyphy/ptII/ptolemy/actor/lib/test/auto/logic.xml
----------------- Instantiating /home/travis/build/icyphy/ptII/ptolemy/actor/lib/test/auto/logic.xml
1 ms. Memory: 296960K Free: 212827K (72%)
----------------- Invoking toplevel() on ptolemy.moml.MoMLSimpleApplication@13f9407c
----------------- Done invoking toplevel() on ptolemy.moml.MoMLSimpleApplication@13f9407c
reloadAllAccessors: .logic

===========================================================================================
----------------- testing Tue Jan 07 06:43:12 UTC 2020 /home/travis/build/icyphy/ptII/ptolemy/actor/lib/test/auto/matrixType.xml
----------------- Instantiating /home/travis/build/icyphy/ptII/ptolemy/actor/lib/test/auto/matrixType.xml
3 ms. Memory: 296960K Free: 208217K (70%)
----------------- Invoking toplevel() on ptolemy.moml.MoMLSimpleApplication@12b523dd
----------------- Done invoking toplevel() on ptolemy.moml.MoMLSimpleApplication@12b523dd
reloadAllAccessors: .matrixType

===========================================================================================
----------------- testing Tue Jan 07 06:43:12 UTC 2020 /home/travis/build/icyphy/ptII/ptolemy/actor/lib/test/auto/matrixType10.xml
----------------- Instantiating /home/travis/build/icyphy/ptII/ptolemy/actor/lib/test/auto/matrixType10.xml
1 ms. Memory: 296960K Free: 203611K (69%)
----------------- Invoking toplevel() on ptolemy.moml.MoMLSimpleApplication@40712a9
----------------- Done invoking toplevel() on ptolemy.moml.MoMLSimpleApplication@40712a9
reloadAllAccessors: .matrixType10

===========================================================================================
----------------- testing Tue Jan 07 06:43:12 UTC 2020 /home/travis/build/icyphy/ptII/ptolemy/actor/lib/test/auto/matrixType11.xml
----------------- Instantiating /home/travis/build/icyphy/ptII/ptolemy/actor/lib/test/auto/matrixType11.xml
1 ms. Memory: 296960K Free: 198491K (67%)
----------------- Invoking toplevel() on ptolemy.moml.MoMLSimpleApplication@2ff0fc98
----------------- Done invoking toplevel() on ptolemy.moml.MoMLSimpleApplication@2ff0fc98
reloadAllAccessors: .matrixType11

===========================================================================================
----------------- testing Tue Jan 07 06:43:12 UTC 2020 /home/travis/build/icyphy/ptII/ptolemy/actor/lib/test/auto/matrixType12.xml
----------------- Instantiating /home/travis/build/icyphy/ptII/ptolemy/actor/lib/test/auto/matrixType12.xml
1 ms. Memory: 296960K Free: 193881K (65%)
----------------- Invoking toplevel() on ptolemy.moml.MoMLSimpleApplication@6180d201
----------------- Done invoking toplevel() on ptolemy.moml.MoMLSimpleApplication@6180d201
reloadAllAccessors: .matrixType12

===========================================================================================
----------------- testing Tue Jan 07 06:43:12 UTC 2020 /home/travis/build/icyphy/ptII/ptolemy/actor/lib/test/auto/matrixType13.xml
----------------- Instantiating /home/travis/build/icyphy/ptII/ptolemy/actor/lib/test/auto/matrixType13.xml
1 ms. Memory: 296960K Free: 188761K (64%)
----------------- Invoking toplevel() on ptolemy.moml.MoMLSimpleApplication@2a0ab595
----------------- Done invoking toplevel() on ptolemy.moml.MoMLSimpleApplication@2a0ab595
reloadAllAccessors: .matrixType13

===========================================================================================
----------------- testing Tue Jan 07 06:43:12 UTC 2020 /home/travis/build/icyphy/ptII/ptolemy/actor/lib/test/auto/matrixType14.xml
----------------- Instantiating /home/travis/build/icyphy/ptII/ptolemy/actor/lib/test/auto/matrixType14.xml
1 ms. Memory: 296960K Free: 183641K (62%)
----------------- Invoking toplevel() on ptolemy.moml.MoMLSimpleApplication@712ab5cf
----------------- Done invoking toplevel() on ptolemy.moml.MoMLSimpleApplication@712ab5cf
reloadAllAccessors: .matrixType14

===========================================================================================
----------------- testing Tue Jan 07 06:43:12 UTC 2020 /home/travis/build/icyphy/ptII/ptolemy/actor/lib/test/auto/matrixType2.xml
----------------- Instantiating /home/travis/build/icyphy/ptII/ptolemy/actor/lib/test/auto/matrixType2.xml
1 ms. Memory: 296960K Free: 178521K (60%)
----------------- Invoking toplevel() on ptolemy.moml.MoMLSimpleApplication@2ac079b0
----------------- Done invoking toplevel() on ptolemy.moml.MoMLSimpleApplication@2ac079b0
reloadAllAccessors: .matrixType2

===========================================================================================
----------------- testing Tue Jan 07 06:43:12 UTC 2020 /home/travis/build/icyphy/ptII/ptolemy/actor/lib/test/auto/matrixType3.xml
----------------- Instantiating /home/travis/build/icyphy/ptII/ptolemy/actor/lib/test/auto/matrixType3.xml
1 ms. Memory: 296960K Free: 173915K (59%)
----------------- Invoking toplevel() on ptolemy.moml.MoMLSimpleApplication@139dc2c2
----------------- Done invoking toplevel() on ptolemy.moml.MoMLSimpleApplication@139dc2c2
reloadAllAccessors: .matrixType3

===========================================================================================
----------------- testing Tue Jan 07 06:43:12 UTC 2020 /home/travis/build/icyphy/ptII/ptolemy/actor/lib/test/auto/matrixType4.xml
----------------- Instantiating /home/travis/build/icyphy/ptII/ptolemy/actor/lib/test/auto/matrixType4.xml
1 ms. Memory: 296960K Free: 168795K (57%)
----------------- Invoking toplevel() on ptolemy.moml.MoMLSimpleApplication@21855c3f
----------------- Done invoking toplevel() on ptolemy.moml.MoMLSimpleApplication@21855c3f
reloadAllAccessors: .matrixType4

===========================================================================================
----------------- testing Tue Jan 07 06:43:12 UTC 2020 /home/travis/build/icyphy/ptII/ptolemy/actor/lib/test/auto/matrixType5.xml
----------------- Instantiating /home/travis/build/icyphy/ptII/ptolemy/actor/lib/test/auto/matrixType5.xml
1 ms. Memory: 296960K Free: 164185K (55%)
----------------- Invoking toplevel() on ptolemy.moml.MoMLSimpleApplication@3efa37b5
----------------- Done invoking toplevel() on ptolemy.moml.MoMLSimpleApplication@3efa37b5
reloadAllAccessors: .matrixType5

===========================================================================================
----------------- testing Tue Jan 07 06:43:12 UTC 2020 /home/travis/build/icyphy/ptII/ptolemy/actor/lib/test/auto/matrixType6.xml
----------------- Instantiating /home/travis/build/icyphy/ptII/ptolemy/actor/lib/test/auto/matrixType6.xml
1 ms. Memory: 296960K Free: 159065K (54%)
----------------- Invoking toplevel() on ptolemy.moml.MoMLSimpleApplication@6dcdc4ae
----------------- Done invoking toplevel() on ptolemy.moml.MoMLSimpleApplication@6dcdc4ae
reloadAllAccessors: .matrixType6

===========================================================================================
----------------- testing Tue Jan 07 06:43:12 UTC 2020 /home/travis/build/icyphy/ptII/ptolemy/actor/lib/test/auto/matrixType7.xml
----------------- Instantiating /home/travis/build/icyphy/ptII/ptolemy/actor/lib/test/auto/matrixType7.xml
2 ms. Memory: 296960K Free: 154459K (52%)
----------------- Invoking toplevel() on ptolemy.moml.MoMLSimpleApplication@5b0546b0
----------------- Done invoking toplevel() on ptolemy.moml.MoMLSimpleApplication@5b0546b0
reloadAllAccessors: .matrixType7

===========================================================================================
----------------- testing Tue Jan 07 06:43:12 UTC 2020 /home/travis/build/icyphy/ptII/ptolemy/actor/lib/test/auto/matrixType8.xml
----------------- Instantiating /home/travis/build/icyphy/ptII/ptolemy/actor/lib/test/auto/matrixType8.xml
2 ms. Memory: 296960K Free: 149339K (50%)
----------------- Invoking toplevel() on ptolemy.moml.MoMLSimpleApplication@6016f1b3
----------------- Done invoking toplevel() on ptolemy.moml.MoMLSimpleApplication@6016f1b3
reloadAllAccessors: .matrixType8

===========================================================================================
----------------- testing Tue Jan 07 06:43:12 UTC 2020 /home/travis/build/icyphy/ptII/ptolemy/actor/lib/test/auto/matrixType9.xml
----------------- Instantiating /home/travis/build/icyphy/ptII/ptolemy/actor/lib/test/auto/matrixType9.xml
1 ms. Memory: 296960K Free: 144729K (49%)
----------------- Invoking toplevel() on ptolemy.moml.MoMLSimpleApplication@234f674e
----------------- Done invoking toplevel() on ptolemy.moml.MoMLSimpleApplication@234f674e
reloadAllAccessors: .matrixType9

===========================================================================================
----------------- testing Tue Jan 07 06:43:12 UTC 2020 /home/travis/build/icyphy/ptII/ptolemy/actor/lib/test/auto/paraFunctest.xml
----------------- Instantiating /home/travis/build/icyphy/ptII/ptolemy/actor/lib/test/auto/paraFunctest.xml
2 ms. Memory: 296960K Free: 140633K (47%)
----------------- Invoking toplevel() on ptolemy.moml.MoMLSimpleApplication@213bc25c
----------------- Done invoking toplevel() on ptolemy.moml.MoMLSimpleApplication@213bc25c
reloadAllAccessors: .paraFunctest

===========================================================================================
----------------- testing Tue Jan 07 06:43:12 UTC 2020 /home/travis/build/icyphy/ptII/ptolemy/actor/lib/test/auto/paraFunctest2.xml
----------------- Instantiating /home/travis/build/icyphy/ptII/ptolemy/actor/lib/test/auto/paraFunctest2.xml
1 ms. Memory: 296960K Free: 136537K (46%)
----------------- Invoking toplevel() on ptolemy.moml.MoMLSimpleApplication@3ba29d69
----------------- Done invoking toplevel() on ptolemy.moml.MoMLSimpleApplication@3ba29d69
reloadAllAccessors: .paraFunctest2

===========================================================================================
----------------- testing Tue Jan 07 06:43:12 UTC 2020 /home/travis/build/icyphy/ptII/ptolemy/actor/lib/test/auto/parameterPassing.xml
----------------- Instantiating /home/travis/build/icyphy/ptII/ptolemy/actor/lib/test/auto/parameterPassing.xml
0 ms. Memory: 296960K Free: 131931K (44%)
----------------- Invoking toplevel() on ptolemy.moml.MoMLSimpleApplication@58e27d70
----------------- Done invoking toplevel() on ptolemy.moml.MoMLSimpleApplication@58e27d70
reloadAllAccessors: .parameterPassing

===========================================================================================
----------------- testing Tue Jan 07 06:43:12 UTC 2020 /home/travis/build/icyphy/ptII/ptolemy/actor/lib/test/auto/record.xml
----------------- Instantiating /home/travis/build/icyphy/ptII/ptolemy/actor/lib/test/auto/record.xml
2 ms. Memory: 296960K Free: 127321K (43%)
----------------- Invoking toplevel() on ptolemy.moml.MoMLSimpleApplication@587ca7ca
----------------- Done invoking toplevel() on ptolemy.moml.MoMLSimpleApplication@587ca7ca
reloadAllAccessors: .record

===========================================================================================
----------------- testing Tue Jan 07 06:43:12 UTC 2020 /home/travis/build/icyphy/ptII/ptolemy/actor/lib/test/auto/sizedarray1.xml
----------------- Instantiating /home/travis/build/icyphy/ptII/ptolemy/actor/lib/test/auto/sizedarray1.xml
1 ms. Memory: 296960K Free: 121691K (41%)
----------------- Invoking toplevel() on ptolemy.moml.MoMLSimpleApplication@a09fb10
----------------- Done invoking toplevel() on ptolemy.moml.MoMLSimpleApplication@a09fb10
reloadAllAccessors: .sizedarray1

===========================================================================================
----------------- testing Tue Jan 07 06:43:12 UTC 2020 /home/travis/build/icyphy/ptII/ptolemy/actor/lib/test/auto/sizedarray2.xml
----------------- Instantiating /home/travis/build/icyphy/ptII/ptolemy/actor/lib/test/auto/sizedarray2.xml
3 ms. Memory: 296960K Free: 116571K (39%)
----------------- Invoking toplevel() on ptolemy.moml.MoMLSimpleApplication@58316d6
----------------- Done invoking toplevel() on ptolemy.moml.MoMLSimpleApplication@58316d6
reloadAllAccessors: .sizedarray2

===========================================================================================
----------------- testing Tue Jan 07 06:43:12 UTC 2020 /home/travis/build/icyphy/ptII/ptolemy/actor/lib/test/auto/twoPublishers.xml
----------------- Instantiating /home/travis/build/icyphy/ptII/ptolemy/actor/lib/test/auto/twoPublishers.xml
5 ms. Memory: 296960K Free: 105817K (36%)
----------------- Invoking toplevel() on ptolemy.moml.MoMLSimpleApplication@6d6b95f7
----------------- Done invoking toplevel() on ptolemy.moml.MoMLSimpleApplication@6d6b95f7
reloadAllAccessors: .twoPublishers
AutoTests.java: About to close Vertx.
AutoTests.java: Vertx closed.
]]></system-out>
  <system-err><![CDATA[java.lang.RuntimeException: Execution failed
	at ptolemy.moml.MoMLSimpleApplication$UnloadThread.run(MoMLSimpleApplication.java:402)
Caused by: java.lang.RuntimeException: StringUtilities.exit() was called. Normally, we would exit here because Manager.exitAfterWrapup() was called.  However, because the ptolemy.ptII.exitAfterWrapup property is set, we throw this exception instead.
	at ptolemy.util.StringUtilities.exit(StringUtilities.java:365)
	at ptolemy.actor.Manager.wrapup(Manager.java:1549)
	at ptolemy.actor.Manager.execute(Manager.java:407)
	at ptolemy.actor.Manager.run(Manager.java:1263)
	at ptolemy.actor.Manager$PtolemyRunThread.run(Manager.java:1933)
Warning: '.top.test' is in training mode, set the trainingMode parameter to false before checking in
Warning: '.top.test' is in training mode, set the trainingMode parameter to false before checking in
Warning: '.top.test' is in training mode, set the trainingMode parameter to false before checking in
Warning: '.BooleanSwitch_RegressionTest_WrongTrainingValues.Test' is in training mode, set the trainingMode parameter to false before checking in
Warning: '.BooleanSwitch_RegressionTest_WrongTrainingValues.Test2' is in training mode, set the trainingMode parameter to false before checking in
Warning: '.BooleanSwitch_RegressionTest_WrongTrainingValues.Test2' The test produced 0 tokens.
Warning: '.top.testExceptionHandler' is in training mode, set the trainingMode parameter to false before checking in
java.lang.RuntimeException: Execution failed
	at ptolemy.moml.MoMLSimpleApplication$UnloadThread.run(MoMLSimpleApplication.java:402)
Caused by: ptolemy.kernel.util.IllegalActionException: PublisherPorts cannot be used at the top level, use a Publisher actor instead.
  in .PublisherPortToplevelSubscriber.PublisherPort
	at ptolemy.actor.PublisherPort.preinitialize(PublisherPort.java:403)
	at ptolemy.actor.CompositeActor.preinitialize(CompositeActor.java:1769)
	at ptolemy.actor.Manager.preinitializeAndResolveTypes(Manager.java:1040)
	at ptolemy.actor.Manager.initialize(Manager.java:710)
	at ptolemy.actor.Manager.execute(Manager.java:356)
	at ptolemy.actor.Manager.run(Manager.java:1263)
	at ptolemy.actor.Manager$PtolemyRunThread.run(Manager.java:1933)
java.lang.reflect.InvocationTargetException
	at java.base/jdk.internal.reflect.NativeConstructorAccessorImpl.newInstance0(Native Method)
	at java.base/jdk.internal.reflect.NativeConstructorAccessorImpl.newInstance(NativeConstructorAccessorImpl.java:62)
	at java.base/jdk.internal.reflect.DelegatingConstructorAccessorImpl.newInstance(DelegatingConstructorAccessorImpl.java:45)
	at java.base/java.lang.reflect.Constructor.newInstance(Constructor.java:490)
	at ptolemy.util.test.junit.AutoKnownFailedTests.RunModel(AutoKnownFailedTests.java:105)
	at java.base/jdk.internal.reflect.NativeMethodAccessorImpl.invoke0(Native Method)
	at java.base/jdk.internal.reflect.NativeMethodAccessorImpl.invoke(NativeMethodAccessorImpl.java:62)
	at java.base/jdk.internal.reflect.DelegatingMethodAccessorImpl.invoke(DelegatingMethodAccessorImpl.java:43)
	at java.base/java.lang.reflect.Method.invoke(Method.java:566)
	at org.junit.runners.model.FrameworkMethod$1.runReflectiveCall(FrameworkMethod.java:44)
	at org.junit.internal.runners.model.ReflectiveCallable.run(ReflectiveCallable.java:15)
	at org.junit.runners.model.FrameworkMethod.invokeExplosively(FrameworkMethod.java:41)
	at junitparams.internal.InvokeParameterisedMethod.evaluate(InvokeParameterisedMethod.java:102)
	at org.junit.internal.runners.statements.FailOnTimeout$1.run(FailOnTimeout.java:28)
Caused by: ptolemy.kernel.util.IllegalActionException: PublisherPorts cannot be used at the top level, use a Publisher actor instead.
  in .PublisherPortToplevelSubscriber.PublisherPort
	at ptolemy.actor.PublisherPort.preinitialize(PublisherPort.java:403)
	at ptolemy.actor.CompositeActor.preinitialize(CompositeActor.java:1769)
	at ptolemy.actor.Manager.preinitializeAndResolveTypes(Manager.java:1040)
	at ptolemy.actor.Manager.initialize(Manager.java:710)
	at ptolemy.actor.Manager.execute(Manager.java:356)
	at ptolemy.actor.Manager.run(Manager.java:1263)
	at ptolemy.actor.Manager$PtolemyRunThread.run(Manager.java:1933)
java.lang.RuntimeException: Execution failed
	at ptolemy.moml.MoMLSimpleApplication$UnloadThread.run(MoMLSimpleApplication.java:402)
Caused by: ptolemy.kernel.util.IllegalActionException: SubscriberPorts cannot be used at the top level, use a Subscriber actor instead.
  in .PublisherSubscriberPortToplevel.SubscriberPort
	at ptolemy.actor.SubscriberPort.preinitialize(SubscriberPort.java:328)
	at ptolemy.actor.CompositeActor.preinitialize(CompositeActor.java:1769)
	at ptolemy.actor.Manager.preinitializeAndResolveTypes(Manager.java:1040)
	at ptolemy.actor.Manager.initialize(Manager.java:710)
	at ptolemy.actor.Manager.execute(Manager.java:356)
	at ptolemy.actor.Manager.run(Manager.java:1263)
	at ptolemy.actor.Manager$PtolemyRunThread.run(Manager.java:1933)
java.lang.reflect.InvocationTargetException
	at java.base/jdk.internal.reflect.NativeConstructorAccessorImpl.newInstance0(Native Method)
	at java.base/jdk.internal.reflect.NativeConstructorAccessorImpl.newInstance(NativeConstructorAccessorImpl.java:62)
	at java.base/jdk.internal.reflect.DelegatingConstructorAccessorImpl.newInstance(DelegatingConstructorAccessorImpl.java:45)
	at java.base/java.lang.reflect.Constructor.newInstance(Constructor.java:490)
	at ptolemy.util.test.junit.AutoKnownFailedTests.RunModel(AutoKnownFailedTests.java:105)
	at java.base/jdk.internal.reflect.NativeMethodAccessorImpl.invoke0(Native Method)
	at java.base/jdk.internal.reflect.NativeMethodAccessorImpl.invoke(NativeMethodAccessorImpl.java:62)
	at java.base/jdk.internal.reflect.DelegatingMethodAccessorImpl.invoke(DelegatingMethodAccessorImpl.java:43)
	at java.base/java.lang.reflect.Method.invoke(Method.java:566)
	at org.junit.runners.model.FrameworkMethod$1.runReflectiveCall(FrameworkMethod.java:44)
	at org.junit.internal.runners.model.ReflectiveCallable.run(ReflectiveCallable.java:15)
	at org.junit.runners.model.FrameworkMethod.invokeExplosively(FrameworkMethod.java:41)
	at junitparams.internal.InvokeParameterisedMethod.evaluate(InvokeParameterisedMethod.java:102)
	at org.junit.internal.runners.statements.FailOnTimeout$1.run(FailOnTimeout.java:28)
Caused by: ptolemy.kernel.util.IllegalActionException: SubscriberPorts cannot be used at the top level, use a Subscriber actor instead.
  in .PublisherSubscriberPortToplevel.SubscriberPort
	at ptolemy.actor.SubscriberPort.preinitialize(SubscriberPort.java:328)
	at ptolemy.actor.CompositeActor.preinitialize(CompositeActor.java:1769)
	at ptolemy.actor.Manager.preinitializeAndResolveTypes(Manager.java:1040)
	at ptolemy.actor.Manager.initialize(Manager.java:710)
	at ptolemy.actor.Manager.execute(Manager.java:356)
	at ptolemy.actor.Manager.run(Manager.java:1263)
	at ptolemy.actor.Manager$PtolemyRunThread.run(Manager.java:1933)
java.lang.RuntimeException: Execution failed
	at ptolemy.moml.MoMLSimpleApplication$UnloadThread.run(MoMLSimpleApplication.java:402)
Caused by: ptolemy.kernel.util.IllegalActionException: SubscriptionAggregatorPorts cannot be used at the top level, use a SubscriptionAggregator actor instead.
  in .PublisherSubscriptionAggregatorPort.SubscriptionAggregatorPort
	at ptolemy.actor.SubscriptionAggregatorPort.preinitialize(SubscriptionAggregatorPort.java:353)
	at ptolemy.actor.CompositeActor.preinitialize(CompositeActor.java:1769)
	at ptolemy.actor.Manager.preinitializeAndResolveTypes(Manager.java:1040)
	at ptolemy.actor.Manager.initialize(Manager.java:710)
	at ptolemy.actor.Manager.execute(Manager.java:356)
	at ptolemy.actor.Manager.run(Manager.java:1263)
	at ptolemy.actor.Manager$PtolemyRunThread.run(Manager.java:1933)
java.lang.reflect.InvocationTargetException
	at java.base/jdk.internal.reflect.NativeConstructorAccessorImpl.newInstance0(Native Method)
	at java.base/jdk.internal.reflect.NativeConstructorAccessorImpl.newInstance(NativeConstructorAccessorImpl.java:62)
	at java.base/jdk.internal.reflect.DelegatingConstructorAccessorImpl.newInstance(DelegatingConstructorAccessorImpl.java:45)
	at java.base/java.lang.reflect.Constructor.newInstance(Constructor.java:490)
	at ptolemy.util.test.junit.AutoKnownFailedTests.RunModel(AutoKnownFailedTests.java:105)
	at java.base/jdk.internal.reflect.NativeMethodAccessorImpl.invoke0(Native Method)
	at java.base/jdk.internal.reflect.NativeMethodAccessorImpl.invoke(NativeMethodAccessorImpl.java:62)
	at java.base/jdk.internal.reflect.DelegatingMethodAccessorImpl.invoke(DelegatingMethodAccessorImpl.java:43)
	at java.base/java.lang.reflect.Method.invoke(Method.java:566)
	at org.junit.runners.model.FrameworkMethod$1.runReflectiveCall(FrameworkMethod.java:44)
	at org.junit.internal.runners.model.ReflectiveCallable.run(ReflectiveCallable.java:15)
	at org.junit.runners.model.FrameworkMethod.invokeExplosively(FrameworkMethod.java:41)
	at junitparams.internal.InvokeParameterisedMethod.evaluate(InvokeParameterisedMethod.java:102)
	at org.junit.internal.runners.statements.FailOnTimeout$1.run(FailOnTimeout.java:28)
Caused by: ptolemy.kernel.util.IllegalActionException: SubscriptionAggregatorPorts cannot be used at the top level, use a SubscriptionAggregator actor instead.
  in .PublisherSubscriptionAggregatorPort.SubscriptionAggregatorPort
	at ptolemy.actor.SubscriptionAggregatorPort.preinitialize(SubscriptionAggregatorPort.java:353)
	at ptolemy.actor.CompositeActor.preinitialize(CompositeActor.java:1769)
	at ptolemy.actor.Manager.preinitializeAndResolveTypes(Manager.java:1040)
	at ptolemy.actor.Manager.initialize(Manager.java:710)
	at ptolemy.actor.Manager.execute(Manager.java:356)
	at ptolemy.actor.Manager.run(Manager.java:1263)
	at ptolemy.actor.Manager$PtolemyRunThread.run(Manager.java:1933)
java.lang.RuntimeException: Execution failed
	at ptolemy.moml.MoMLSimpleApplication$UnloadThread.run(MoMLSimpleApplication.java:402)
Caused by: ptolemy.kernel.util.IllegalActionException: TypeTest actor has no training data.
  in .sizedarray3.TypeTest
	at ptolemy.actor.lib.TypeTest.initialize(TypeTest.java:250)
	at ptolemy.actor.Director.initialize(Director.java:938)
	at ptolemy.actor.Director.initialize(Director.java:907)
	at ptolemy.actor.sched.StaticSchedulingDirector.initialize(StaticSchedulingDirector.java:159)
	at ptolemy.domains.sdf.kernel.SDFDirector.initialize(SDFDirector.java:544)
	at ptolemy.actor.CompositeActor.initialize(CompositeActor.java:935)
	at ptolemy.actor.Manager.initialize(Manager.java:724)
	at ptolemy.actor.Manager.execute(Manager.java:356)
	at ptolemy.actor.Manager.run(Manager.java:1263)
	at ptolemy.actor.Manager$PtolemyRunThread.run(Manager.java:1933)
java.lang.reflect.InvocationTargetException
	at java.base/jdk.internal.reflect.NativeConstructorAccessorImpl.newInstance0(Native Method)
	at java.base/jdk.internal.reflect.NativeConstructorAccessorImpl.newInstance(NativeConstructorAccessorImpl.java:62)
	at java.base/jdk.internal.reflect.DelegatingConstructorAccessorImpl.newInstance(DelegatingConstructorAccessorImpl.java:45)
	at java.base/java.lang.reflect.Constructor.newInstance(Constructor.java:490)
	at ptolemy.util.test.junit.AutoKnownFailedTests.RunModel(AutoKnownFailedTests.java:105)
	at java.base/jdk.internal.reflect.NativeMethodAccessorImpl.invoke0(Native Method)
	at java.base/jdk.internal.reflect.NativeMethodAccessorImpl.invoke(NativeMethodAccessorImpl.java:62)
	at java.base/jdk.internal.reflect.DelegatingMethodAccessorImpl.invoke(DelegatingMethodAccessorImpl.java:43)
	at java.base/java.lang.reflect.Method.invoke(Method.java:566)
	at org.junit.runners.model.FrameworkMethod$1.runReflectiveCall(FrameworkMethod.java:44)
	at org.junit.internal.runners.model.ReflectiveCallable.run(ReflectiveCallable.java:15)
	at org.junit.runners.model.FrameworkMethod.invokeExplosively(FrameworkMethod.java:41)
	at junitparams.internal.InvokeParameterisedMethod.evaluate(InvokeParameterisedMethod.java:102)
	at org.junit.internal.runners.statements.FailOnTimeout$1.run(FailOnTimeout.java:28)
Caused by: ptolemy.kernel.util.IllegalActionException: TypeTest actor has no training data.
  in .sizedarray3.TypeTest
	at ptolemy.actor.lib.TypeTest.initialize(TypeTest.java:250)
	at ptolemy.actor.Director.initialize(Director.java:938)
	at ptolemy.actor.Director.initialize(Director.java:907)
	at ptolemy.actor.sched.StaticSchedulingDirector.initialize(StaticSchedulingDirector.java:159)
	at ptolemy.domains.sdf.kernel.SDFDirector.initialize(SDFDirector.java:544)
	at ptolemy.actor.CompositeActor.initialize(CompositeActor.java:935)
	at ptolemy.actor.Manager.initialize(Manager.java:724)
	at ptolemy.actor.Manager.execute(Manager.java:356)
	at ptolemy.actor.Manager.run(Manager.java:1263)
	at ptolemy.actor.Manager$PtolemyRunThread.run(Manager.java:1933)
]]></system-err>
</testsuite>
