<?xml version="1.0" encoding="UTF-8" ?>
<testsuite errors="1" failures="1" hostname="travis-job-18f75cb5-eb03-44d8-b6da-a25c907a3ba0" name="ptolemy.actor.lib.test.junit.JUnitTclTest" skipped="0" tests="517" time="70.192" timestamp="2019-07-16T06:39:13">
  <properties>
    <property name="npm.executable" value="npm" />
    <property name="env.TRAVIS_ROOT" value="/" />
    <property name="ptII.mk.exists" value="true" />
    <property name="env.TRAVIS_APP_HOST" value="build.travis-ci.org" />
    <property name="env.rvm_bin_path" value="/home/travis/.rvm/bin" />
    <property name="java.home" value="/usr/local/lib/jvm/openjdk11" />
    <property name="env.TRAVIS_JOB_NUMBER" value="1243.8" />
    <property name="env.TRAVIS_HOME" value="/home/travis" />
    <property name="env.DISPLAY" value=":99.0" />
    <property name="env.TRAVIS_INIT" value="systemd" />
    <property name="env.SSH_TTY" value="/dev/pts/0" />
    <property name="java.net.preferIPv4Stack" value="true" />
    <property name="env.RUN_TESTS" value="true" />
    <property name="timeout.short" value="1000000" />
    <property name="junit.formatter" value="xml" />
    <property name="env.TRAVIS_SUDO" value="true" />
    <property name="env.TRAVIS_JOB_NAME" value="" />
    <property name="env.TRAVIS_STACK_NODE_ATTRIBUTES" value="/.node-attributes.yml" />
    <property name="env.LOGNAME" value="travis" />
    <property name="env.PT_TRAVIS_TEST_CORE1_XML" value="true" />
    <property name="jsdoc.home" value="node_modules/@terraswarm/jsdoc" />
    <property name="debuglevel" value="source,lines,vars" />
    <property name="checkstyle.formatter" value="xml" />
    <property name="env._system_version" value="16.04" />
    <property name="bin.vergil.makeable" value="true" />
    <property name="sun.os.patch.level" value="unknown" />
    <property name="java.vendor.url" value="http://java.oracle.com/" />
    <property name="env.TRAVIS_BUILD_WEB_URL" value="https://travis-ci.org/icyphy/ptII/builds/559282961" />
    <property name="java.version" value="11.0.2" />
    <property name="env.TZ" value="UTC" />
    <property name="env.TRAVIS_PULL_REQUEST_SHA" value="" />
    <property name="env.PT_NO_NET" value="true" />
    <property name="env.TRAVIS_SECURE_ENV_VARS" value="true" />
    <property name="env._system_type" value="Linux" />
    <property name="java.vendor.url.bug" value="http://bugreport.java.com/bugreport/" />
    <property name="npmjs-org-is-up" value="true" />
    <property name="env.LANGUAGE" value="en_US.UTF-8" />
    <property name="env.SSH_CLIENT" value="10.10.4.55 60504 22" />
    <property name="env.GEM_HOME" value="/home/travis/.rvm/gems/ruby-2.5.3" />
    <property name="env.HAS_ANTARES_THREE_LITTLE_FRONZIES_BADGE" value="true" />
    <property name="java.version.date" value="2019-01-15" />
    <property name="env.PS4" value="+" />
    <property name="ant.project.invoked-targets" value="build,test.core1.xml" />
    <property name="env.TRAVIS_PULL_REQUEST_BRANCH" value="" />
    <property name="env.TRAVIS_REPO_SLUG" value="icyphy/ptII" />
    <property name="env.XDG_DATA_DIRS" value="/usr/local/share:/usr/share:/var/lib/snapd/desktop" />
    <property name="jdk.debug" value="release" />
    <property name="env.TRAVIS_APT_PROXY" value="http://apt.cache.travis-ci.com" />
    <property name="node.in.path" value="true" />
    <property name="user.name" value="travis" />
    <property name="java.maxmemory" value="1400m" />
    <property name="env.RUBY_VERSION" value="ruby-2.5.3" />
    <property name="env.LANG" value="en_US.UTF-8" />
    <property name="sun.io.unicode.encoding" value="UnicodeLittle" />
    <property name="sun.jnu.encoding" value="UTF-8" />
    <property name="java.runtime.name" value="OpenJDK Runtime Environment" />
    <property name="usefile" value="false" />
    <property name="return.code" value="0" />
    <property name="junit.single.formatter" value="plain" />
    <property name="env.DYLD_LIBRARY_PATH" value="/home/travis/pthla/certi-tools/lib:" />
    <property name="env.DEBIAN_FRONTEND" value="noninteractive" />
    <property name="env.SSH_CONNECTION" value="10.10.4.55 60504 10.20.1.233 22" />
    <property name="env.MYSQL_UNIX_PORT" value="/var/run/mysqld/mysqld.sock" />
    <property name="env.LC_ALL" value="en_US.UTF-8" />
    <property name="env.TRAVIS_ALLOW_FAILURE" value="false" />
    <property name="env.TRAVIS_JOB_WEB_URL" value="https://travis-ci.org/icyphy/ptII/jobs/559282969" />
    <property name="java.specification.name" value="Java Platform API Specification" />
    <property name="node.works" value="true" />
    <property name="user.timezone" value="" />
    <property name="path.separator" value=":" />
    <property name="env.TRAVIS_ENABLE_INFRA_DETECTION" value="true" />
    <property name="env.PYTHON_CFLAGS" value="-g -fstack-protector --param=ssp-buffer-size=4 -Wformat -Werror=format-security" />
    <property name="timeout.long" value="4000000" />
    <property name="env.CERTI_HOME" value="/home/travis/pthla/certi-tools" />
    <property name="ant.file.ptII" value="/home/travis/build/icyphy/ptII/build.xml" />
    <property name="javadoc.packagenames" value="com.*,diva.*,lbnl.*,org.hlacerti.*,org.json.*,org.ptolemy.*,org.terraswarm.*,ptolemy.*,ptserver.*" />
    <property name="file.encoding" value="UTF-8" />
    <property name="env.TRAVIS_PULL_REQUEST_SLUG" value="" />
    <property name="ant.project.default-target" value="build" />
    <property name="env.GIT_ASKPASS" value="echo" />
    <property name="env.HOME" value="/home/travis" />
    <property name="sun.java.command" value="org.apache.tools.ant.taskdefs.optional.junit.JUnitTestRunner ptolemy.actor.lib.test.junit.JUnitTclTest skipNonTests=false filtertrace=true haltOnError=false haltOnFailure=false formatter=org.apache.tools.ant.taskdefs.optional.junit.OutErrSummaryJUnitResultFormatter showoutput=true outputtoformatters=true logfailedtests=true threadid=0 logtestlistenerevents=false formatter=org.apache.tools.ant.taskdefs.optional.junit.XMLJUnitResultFormatter,/home/travis/build/icyphy/ptII/reports/junit/TEST-ptolemy.actor.lib.test.junit.JUnitTclTest.xml crashfile=/home/travis/build/icyphy/ptII/junitvmwatcher6970954658519175433.properties propsfile=/home/travis/build/icyphy/ptII/junit5636933889650844733.properties" />
    <property name="env.COMPOSER_NO_INTERACTION" value="1" />
    <property name="env.MANPATH" value="/home/travis/.nvm/versions/node/v7.10.1/share/man:/home/travis/.rvm/rubies/ruby-2.5.3/share/man:/usr/local/cmake-3.12.4/man:/usr/local/clang-7.0.0/share/man:/usr/local/man:/usr/local/share/man:/usr/share/man:/home/travis/.rvm/man" />
    <property name="env.TRAVIS_TIMER_ID" value="2a3ab7f6" />
    <property name="ant.file" value="/home/travis/build/icyphy/ptII/build.xml" />
    <property name="env.TRAVIS_COMMIT_RANGE" value="d38accc14191...a27efbf6a4fb" />
    <property name="env._system_name" value="Ubuntu" />
    <property name="ptII.classpath.optional.property" value="/home/travis/build/icyphy/ptII/lib/bsh-2.0b4.jar:/home/travis/build/icyphy/ptII/lib/ptCal.jar:/home/travis/build/icyphy/ptII/lib/java_cup.jar:/home/travis/build/icyphy/ptII/lib/saxon8.jar:/home/travis/build/icyphy/ptII/lib/saxon8-dom.jar:/home/travis/build/icyphy/ptII/lib/chic.jar:/home/travis/build/icyphy/ptII/lib/ptcolt.jar:/home/travis/build/icyphy/ptII/vendors/misc/itext/iText.jar:/home/travis/build/icyphy/ptII/lib/g4ltl.jar:/home/travis/build/icyphy/ptII/lib/StructuralCoder.jar:/home/travis/build/icyphy/ptII/lib/jcerti.jar:/home/travis/build/icyphy/ptII/lib/javax.mail.jar:/home/travis/build/icyphy/ptII/vendors/JMF-2.1.1e/lib/jmf.jar:/home/travis/build/icyphy/ptII/lib/jna-4.0.0-variadic.jar:/home/travis/build/icyphy/ptII/vendors/misc/joystick/Joystick.jar:/home/travis/build/icyphy/ptII/lib/ptjacl.jar:/home/travis/build/icyphy/ptII/lib/jsoup-1.8.2.jar:/home/travis/build/icyphy/ptII/lib/junit-4.8.2.jar:/home/travis/build/icyphy/ptII/lib/JUnitParams-0.4.0.jar:/home/travis/build/icyphy/ptII/ptolemy/actor/lib/excel/jxl.jar:/home/travis/build/icyphy/ptII/lib/jython.jar:/home/travis/build/icyphy/ptII/lib/kieler.jar:/home/travis/build/icyphy/ptII/vendors/opencv/share/OpenCV/java/opencv-341.jar:/home/travis/build/icyphy/ptII/lib/oscP5.jar:/home/travis/build/icyphy/ptII/lib/nrjavaserial-3.11.0.devel.jar:/home/travis/build/icyphy/ptII/vendors/j3d/lib/Linux/j3dcore.jar:/home/travis/build/icyphy/ptII/vendors/j3d/lib/Linux/j3dutils.jar:/home/travis/build/icyphy/ptII/vendors/j3d/lib/Linux/vecmath.jar:/home/travis/build/icyphy/ptII/vendors/jogl/lib/Linux/gluegen-rt-natives-linux-amd64.jar:/home/travis/build/icyphy/ptII/vendors/jogl/lib/Linux/gluegen-rt.jar:/home/travis/build/icyphy/ptII/vendors/jogl/lib/Linux/jogl-all-natives-linux-amd64.jar:/home/travis/build/icyphy/ptII/vendors/jogl/lib/Linux/jogl-all.jar:/home/travis/build/icyphy/ptII/vendors/jogl/lib/natives/linux-amd64/gluegen-rt-natives-linux-amd64.jar:/home/travis/build/icyphy/ptII/vendors/jogl/lib/natives/linux-amd64/jogl-all-natives-linux-amd64.jar:/home/travis/build/icyphy/ptII/ptolemy/distributed/jini/jar/jini-core.jar:/home/travis/build/icyphy/ptII/ptolemy/distributed/jini/jar/jini-ext.jar:/home/travis/build/icyphy/ptII/ptolemy/distributed/jini/jar/sun-util.jar:/home/travis/build/icyphy/ptII/lib/protobuf-java-2.4.1.jar:/home/travis/build/icyphy/ptII/lib/org.eclipse.paho.client.mqttv3.jar:/home/travis/build/icyphy/ptII/lib/mapss.jar:/home/travis/build/icyphy/ptII/ptolemy/actor/ptalon/antlr/antlr.jar:/home/travis/build/icyphy/ptII/lib/JRI.jar:/home/travis/build/icyphy/ptII/lib/commons-lang-2.6.jar:/home/travis/build/icyphy/ptII/lib/commons-logging-1.1.1.jar:/home/travis/build/icyphy/ptII/lib/sootclasses.jar:/home/travis/build/icyphy/ptII/ptolemy/actor/lib/database/mysql-connector-java-5.1.6-bin.jar:/home/travis/build/icyphy/ptII/vendors/misc/sphinx4/sphinx4-data-5prealpha.jar:/home/travis/build/icyphy/ptII/vendors/misc/sphinx4/sphinx4-core-5prealpha.jar:/home/travis/build/icyphy/ptII/lib/PDFRenderer.jar:/home/travis/build/icyphy/ptII/lib/svgSalamander.jar:/home/travis/build/icyphy/ptII/lib/rsyntaxtextarea-2.6.0-SNAPSHOT.jar:/home/travis/build/icyphy/ptII/lib/hazelcast-3.8.2.jar:/home/travis/build/icyphy/ptII/lib/jackson-annotations-2.9.0.jar:/home/travis/build/icyphy/ptII/lib/jackson-core-2.9.3.jar:/home/travis/build/icyphy/ptII/lib/jackson-databind-2.9.3.jar:/home/travis/build/icyphy/ptII/lib/netty-buffer-4.1.19.Final.jar:/home/travis/build/icyphy/ptII/lib/netty-codec-4.1.19.Final.jar:/home/travis/build/icyphy/ptII/lib/netty-codec-dns-4.1.19.Final.jar:/home/travis/build/icyphy/ptII/lib/netty-codec-http-4.1.19.Final.jar:/home/travis/build/icyphy/ptII/lib/netty-codec-http2-4.1.19.Final.jar:/home/travis/build/icyphy/ptII/lib/netty-common-4.1.19.Final.jar:/home/travis/build/icyphy/ptII/lib/netty-handler-4.1.19.Final.jar:/home/travis/build/icyphy/ptII/lib/netty-resolver-4.1.19.Final.jar:/home/travis/build/icyphy/ptII/lib/netty-resolver-dns-4.1.19.Final.jar:/home/travis/build/icyphy/ptII/lib/netty-transport-4.1.19.Final.jar:/home/travis/build/icyphy/ptII/lib/vertx-codegen-3.5.1.jar:/home/travis/build/icyphy/ptII/lib/vertx-core-3.5.2-SNAPSHOT.jar:/home/travis/build/icyphy/ptII/lib/vertx-hazelcast-3.5.1.jar:/home/travis/build/icyphy/ptII/lib/vertx-lang-js-3.5.1.jar:/home/travis/build/icyphy/ptII/lib/vertx-service-proxy-3.5.1.jar:/home/travis/build/icyphy/ptII/lib/vertx-web-3.5.1.jar:/home/travis/build/icyphy/ptII/lib/slf4j-api-1.7.13.jar:/home/travis/build/icyphy/ptII/lib/slf4j-simple-1.7.13.jar:/home/travis/build/icyphy/ptII/lib/webcam-capture-0.3.12.jar:/home/travis/build/icyphy/ptII/lib/bridj-0.7.0.jar:/home/travis/build/icyphy/ptII/lib/xbjlib-1.1.0.nrjavaserial.jar" />
    <property name="timeout" value="2400000" />
    <property name="test.batch" value="**/junit/*.java" />
    <property name="env._" value="/usr/bin/timeout" />
    <property name="java.io.tmpdir" value="/tmp" />
    <property name="user.language" value="en" />
    <property name="env.TRAVIS_INTERNAL_RUBY_REGEX" value="^ruby-(2\.[0-4]\.[0-9]|1\.9\.3)" />
    <property name="env.HISTCONTROL" value="ignoredups:ignorespace" />
    <property name="env.GOROOT" value="/home/travis/.gimme/versions/go1.11.1.linux.amd64" />
    <property name="line.separator" value="&#xa;" />
    <property name="target" value="11" />
    <property name="env.TRAVIS_BUILD_DIR" value="/home/travis/build/icyphy/ptII" />
    <property name="env.ANT_OPTS" value="-Xmx2048m" />
    <property name="ant.file.type" value="file" />
    <property name="ptolemy.ptII.batchMode" value="true" />
    <property name="env.HISTSIZE" value="1000" />
    <property name="env.MERB_ENV" value="test" />
    <property name="java.vm.info" value="mixed mode" />
    <property name="source" value="11" />
    <property name="java.vm.specification.name" value="Java Virtual Machine Specification" />
    <property name="env.TRAVIS_TEST_RESULT" value="0" />
    <property name="jsdoc.command" value="node_modules/@terraswarm/jsdoc/jsdoc.js" />
    <property name="npm.works" value="true" />
    <property name="cobertura.dir" value="/home/travis/build/icyphy/ptII/vendors/cobertura-2.0.3" />
    <property name="jsdoc.command.exists" value="true" />
    <property name="env.rvm_path" value="/home/travis/.rvm" />
    <property name="env.GEM_PATH" value="/home/travis/.rvm/gems/ruby-2.5.3:/home/travis/.rvm/gems/ruby-2.5.3@global" />
    <property name="env.LC_CTYPE" value="en_US.UTF-8" />
    <property name="env.TRAVIS_CMD" value="$PTII/bin/ptIITravisBuild.sh $SECONDS" />
    <property name="java.awt.printerjob" value="sun.print.PSPrinterJob" />
    <property name="env.TRAVIS_STACK_NAME" value="sardonyx" />
    <property name="env.TRAVIS_TIMER_START_TIME" value="1563258359788534296" />
    <property name="ant.version" value="Apache Ant(TM) version 1.10.1 compiled on February 2 2017" />
    <property name="ptII.reports" value="/home/travis/build/icyphy/ptII/reports" />
    <property name="env.TRAVIS_STACK_TIMESTAMP" value="2019-03-25 16:16:56 UTC" />
    <property name="ant.file.type.ptII" value="file" />
    <property name="env.RBENV_SHELL" value="bash" />
    <property name="os.name" value="Linux" />
    <property name="java.specification.vendor" value="Oracle Corporation" />
    <property name="env.rvm_version" value="1.29.7 (latest)" />
    <property name="env.TRAVIS_INFRA" value="gce" />
    <property name="env.TERM" value="xterm" />
    <property name="java.vm.name" value="OpenJDK 64-Bit Server VM" />
    <property name="env.TRAVIS_BUILD_NUMBER" value="1243" />
    <property name="env.CI" value="true" />
    <property name="java.library.path" value="/home/travis/pthla/certi-tools/lib:/usr/lib/jni:/usr/local/share/OpenCV/java/:/usr/share/OpenCV/java::/usr/java/packages/lib:/usr/lib64:/lib64:/lib:/usr/lib" />
    <property name="jdk.module.path" value="/home/travis/build/icyphy/ptII/vendors/javafx/javafx-sdk-11.0.2/lib:" />
    <property name="env.rvm_prefix" value="/home/travis" />
    <property name="env.PATH" value="/home/travis/pthla/certi-tools/share/scripts:/home/travis/.rvm/gems/ruby-2.5.3/bin:/home/travis/.rvm/gems/ruby-2.5.3@global/bin:/home/travis/.rvm/rubies/ruby-2.5.3/bin:/home/travis/.rvm/bin:/home/travis/.nvm/versions/node/v7.10.1/bin:./node_modules/.bin:/home/travis/build/icyphy/ptII/bin:/home/travis/pthla/certi-tools/bin:/home/travis/bin:/home/travis/.local/bin:/usr/local/lib/jvm/openjdk11/bin:/opt/pyenv/shims:/home/travis/.phpenv/shims:/home/travis/perl5/perlbrew/bin:/home/travis/gopath/bin:/home/travis/.gimme/versions/go1.11.1.linux.amd64/bin:/usr/local/maven-3.6.0/bin:/usr/local/cmake-3.12.4/bin:/usr/local/clang-7.0.0/bin:/usr/local/sbin:/usr/local/bin:/usr/sbin:/usr/bin:/sbin:/bin:/snap/bin:/home/travis/.phpenv/bin:/opt/pyenv/bin:/home/travis/.yarn/bin" />
    <property name="env.TRAVIS_OS_NAME" value="linux" />
    <property name="ant.java.version" value="9" />
    <property name="basedir" value="/home/travis/build/icyphy/ptII" />
    <property name="java.class.version" value="55.0" />
    <property name="env.SHLVL" value="3" />
    <property name="env.LD_LIBRARY_PATH" value="/home/travis/pthla/certi-tools/lib:/usr/lib/jni:/usr/local/share/OpenCV/java/:/usr/share/OpenCV/java:" />
    <property name="env.RACK_ENV" value="test" />
    <property name="ant.home" value="/home/travis/build/icyphy/ptII/ant" />
    <property name="env.NVM_DIR" value="/home/travis/.nvm" />
    <property name="env.CERTI_FOM_PATH" value="/home/travis/pthla/certi-tools/share/federations" />
    <property name="env.TRAVIS_BUILD_ID" value="559282961" />
    <property name="env.PYENV_ROOT" value="/opt/pyenv" />
    <property name="env.TRAVIS_UID" value="2000" />
    <property name="prism.verbose" value="true" />
    <property name="env.NVM_BIN" value="/home/travis/.nvm/versions/node/v7.10.1/bin" />
    <property name="env.TRAVIS_COMMIT" value="a27efbf6a4fbfd49640ced4725429f672180719a" />
    <property name="env._system_arch" value="x86_64" />
    <property name="node.executable" value="node" />
    <property name="sun.boot.library.path" value="/usr/local/lib/jvm/openjdk11/lib" />
    <property name="sun.management.compiler" value="HotSpot 64-Bit Tiered Compilers" />
    <property name="java.awt.graphicsenv" value="sun.awt.X11GraphicsEnvironment" />
    <property name="env.GOPATH" value="/home/travis/gopath" />
    <property name="ptolemy.ptII.dir" value="/home/travis/build/icyphy/ptII" />
    <property name="env.USER" value="travis" />
    <property name="env.HISTFILESIZE" value="2000" />
    <property name="timeout.longest" value="19000000" />
    <property name="env.PERLBREW_SHELLRC_VERSION" value="0.86" />
    <property name="env.TRAVIS_STACK_FEATURES" value="basic couchdb disabled-ipv6 docker docker-compose elasticsearch firefox go-toolchain google-chrome jdk memcached mongodb mysql nodejs_interpreter perl_interpreter perlbrew phantomjs postgresql python_interpreter redis ruby_interpreter sqlite xserver" />
    <property name="env.TRAVIS_PULL_REQUEST" value="false" />
    <property name="env.PYENV_SHELL" value="bash" />
    <property name="ant.project.name" value="ptII" />
    <property name="env.ANSI_RESET" value="\033[0m" />
    <property name="java.vm.specification.version" value="11" />
    <property name="env.TRAVIS_DIST" value="xenial" />
    <property name="env.CERTI_VERSION" value="4.0.0" />
    <property name="env.CERTI_HOST" value="localhost" />
    <property name="awt.toolkit" value="sun.awt.X11.XToolkit" />
    <property name="env.MY_RUBY_HOME" value="/home/travis/.rvm/rubies/ruby-2.5.3" />
    <property name="sun.cpu.isalist" value="" />
    <property name="env.TRAVIS_TMPDIR" value="/tmp/tmp.EcKsVpBc73" />
    <property name="java.vm.compressedOopsMode" value="Zero based" />
    <property name="os.version" value="4.15.0-1028-gcp" />
    <property name="user.home" value="/home/travis" />
    <property name="java.vm.vendor" value="Oracle Corporation" />
    <property name="env.TRAVIS_TAG" value="nightly" />
    <property name="env.ANSI_YELLOW" value="\033[33;1m" />
    <property name="env.TRAVIS_FILTERED" value="redirect_io" />
    <property name="env.ANSI_GREEN" value="\033[32;1m" />
    <property name="env.JAVA_HOME" value="/usr/local/lib/jvm/openjdk11" />
    <property name="javadoc.excludepackagenames" value="adm.cvs2svn.*,build.*,config.*,doc.coding.templates.*,jni.test.jni.meaningOfLife.*,jni.test.jni.testDeux.*,jni.test.jni.testTrois.*,org.terraswarm.accessor.accessors.web.node_modules.*,org.terraswarm.accessor.accessors.web.hosts.cordova.demo.*,org.terraswarm.accessor.accessors.web.hosts.cordova.plugins.*,org.terraswarm.accessor.accessors-svn.*,pt-modules.*,ptolemy.apps.agilent.*,ptolemy.apps.anytimecontrol.*,ptolemy.apps.apes.*,ptolemy.apps.charon.*,ptolemy.apps.crazyboard.*,ptolemy.apps.eclipse.*,ptolemy.apps.etherealSting.*,ptolemy.apps.fullscreen.*,ptolemy.apps.giotto.*,ptolemy.apps.ia.*,ptolemy.apps.interfaces.*,ptolemy.apps.jmf.*,ptolemy.apps.kurt.*,ptolemy.apps.kvm.*,ptolemy.apps.lego.*,ptolemy.apps.lejos.*,ptolemy.apps.midp.*,ptolemy.apps.mobileCoding.*,ptolemy.apps.pendulum.*,ptolemy.apps.rijndael.*,ptolemy.apps.robot.*,ptolemy.apps.security.*,ptolemy.apps.sobel.*,ptolemy.apps.soot.*,ptolemy.apps.throttle.*,ptolemy.apps.tini.*,ptolemy.apps.transmission.*,ptolemy.apps.vergil.*,ptolemy.apps.waba.*,ptolemy.apps.websensor.*,ptolemy.apps.webstart.*,ptolemy.apps.xsl.*,ptolemy.apps.zaurus.*,ptolemy.codegen.c.actor.lib.oldJavaFiles.*,ptolemy.codegen.dsp.lib.*,ptolemy.codegen.kernel.newInterfaces.*,ptolemy.codegen.lib.*,ptolemy.copernicus.kernel.fragment.*,ptolemy.copernicus.shallow.cg.*,ptolemy.domains.giotto.demo.Hierarchy.Hierarchy.*,ptolemy.domains.giotto.demo.Multimode.Multimode.*,ptolemy.domains.giotto.demo.Simple.Simple.*,ptolemy.domains.gr.lib.experimental.*,ptolemy.domains.gro.*,ptolemy.domains.pdf.*,ptolemy.domains.ptinyos.demo.Surge.output.*,ptolemy.moml.test.NoPackageActor.java*,ptolemy.plot.adm.*,ptolemy.plot.servlet.*,reports.*,signed.*,src.*,target.*,vendors.*,ptolemy.copernicus.applet.*,ptolemy.media.viewer.*,ptolemy.actor.corba.*,doc.doclets.*,ptolemy.apps.eclipse.awt.*,ptolemy.backtrack.*,ptolemy.backtrack.ast.*,ptolemy.cg.adapter.generic.program.procedural.c.mbed*,ptolemy.homer.*,ptolemy.actor.lib.jai.*,org.ptolemy.scala.*,diva.util.java2d.svg.*,ptolemy.domains.ptinyos.*,ptolemy.actor.lib.fmi.fmipp.*,,org.terraswarm.accessor.accessors.web.node_modules.*,org.terraswarm.accessor.accessors-svn,ptolemy.apps.*,ptolemy.actor.ptalon.demo.ptinyos.SendAndReceiveCnt.output,ptolemy.actor.ptalon.demo.ptinyos.SenseToLeds.output,ptolemy.domains.ptinyos.demo.CntToLedsAndRfm.output,ptolemy.domains.ptinyos.demo.RfmToLeds.output,ptolemy.domains.ptinyos.demo.SendAndReceiveCnt.output,ptolemy.domains.ptinyos.demo.SenseToLeds.output,ptolemy.actor.lib.jjs.modules.udpSocket.*" />
    <property name="env.PTII" value="/home/travis/build/icyphy/ptII" />
    <property name="env.XDG_SESSION_ID" value="2" />
    <property name="keystore" value="ptKeystore" />
    <property name="env.TRAVIS_COMMIT_MESSAGE" value="Call Manager.timeAndMemoryLong so that the time that is displayed makes sense." />
    <property name="junit.output.dir" value="/home/travis/build/icyphy/ptII/reports/junit" />
    <property name="npm.return.code" value="0" />
    <property name="user.dir" value="/home/travis/build/icyphy/ptII/ptolemy/actor/lib/test" />
    <property name="env.TRAVIS_NODE_VERSION" value="7" />
    <property name="env.TRAVIS_EVENT_TYPE" value="push" />
    <property name="env.MAIL" value="/var/mail/travis" />
    <property name="env.PERLBREW_ROOT" value="/home/travis/perl5/perlbrew" />
    <property name="env.PWD" value="/home/travis/build/icyphy/ptII" />
    <property name="timeout.npm" value="45000" />
    <property name="env.TRAVIS_ARCH" value="amd64" />
    <property name="sun.cpu.endian" value="little" />
    <property name="env.PAGER" value="cat" />
    <property name="env.TRAVIS_BUILD_STAGE_NAME" value="Test" />
    <property name="env.PERLBREW_HOME" value="/home/travis/.perlbrew" />
    <property name="java.vm.version" value="11.0.2+9" />
    <property name="env.RAILS_ENV" value="test" />
    <property name="java.class.path" value="/home/travis/.ptolemyII:/home/travis/.ptolemyII/*:/home/travis/build/icyphy/ptII:/home/travis/build/icyphy/ptII/lib/bsh-2.0b4.jar:/home/travis/build/icyphy/ptII/lib/ptCal.jar:/home/travis/build/icyphy/ptII/lib/java_cup.jar:/home/travis/build/icyphy/ptII/lib/saxon8.jar:/home/travis/build/icyphy/ptII/lib/saxon8-dom.jar:/home/travis/build/icyphy/ptII/lib/chic.jar:/home/travis/build/icyphy/ptII/lib/ptcolt.jar:/home/travis/build/icyphy/ptII/vendors/misc/itext/iText.jar:/home/travis/build/icyphy/ptII/lib/g4ltl.jar:/home/travis/build/icyphy/ptII/lib/StructuralCoder.jar:/home/travis/build/icyphy/ptII/lib/jcerti.jar:/home/travis/build/icyphy/ptII/lib/javax.mail.jar:/home/travis/build/icyphy/ptII/vendors/JMF-2.1.1e/lib/jmf.jar:/home/travis/build/icyphy/ptII/lib/jna-4.0.0-variadic.jar:/home/travis/build/icyphy/ptII/vendors/misc/joystick/Joystick.jar:/home/travis/build/icyphy/ptII/lib/ptjacl.jar:/home/travis/build/icyphy/ptII/lib/jsoup-1.8.2.jar:/home/travis/build/icyphy/ptII/lib/junit-4.8.2.jar:/home/travis/build/icyphy/ptII/lib/JUnitParams-0.4.0.jar:/home/travis/build/icyphy/ptII/ptolemy/actor/lib/excel/jxl.jar:/home/travis/build/icyphy/ptII/lib/jython.jar:/home/travis/build/icyphy/ptII/lib/kieler.jar:/home/travis/build/icyphy/ptII/vendors/opencv/share/OpenCV/java/opencv-341.jar:/home/travis/build/icyphy/ptII/lib/oscP5.jar:/home/travis/build/icyphy/ptII/lib/nrjavaserial-3.11.0.devel.jar:/home/travis/build/icyphy/ptII/vendors/j3d/lib/Linux/j3dcore.jar:/home/travis/build/icyphy/ptII/vendors/j3d/lib/Linux/j3dutils.jar:/home/travis/build/icyphy/ptII/vendors/j3d/lib/Linux/vecmath.jar:/home/travis/build/icyphy/ptII/vendors/jogl/lib/Linux/gluegen-rt-natives-linux-amd64.jar:/home/travis/build/icyphy/ptII/vendors/jogl/lib/Linux/gluegen-rt.jar:/home/travis/build/icyphy/ptII/vendors/jogl/lib/Linux/jogl-all-natives-linux-amd64.jar:/home/travis/build/icyphy/ptII/vendors/jogl/lib/Linux/jogl-all.jar:/home/travis/build/icyphy/ptII/vendors/jogl/lib/natives/linux-amd64/gluegen-rt-natives-linux-amd64.jar:/home/travis/build/icyphy/ptII/vendors/jogl/lib/natives/linux-amd64/jogl-all-natives-linux-amd64.jar:/home/travis/build/icyphy/ptII/ptolemy/distributed/jini/jar/jini-core.jar:/home/travis/build/icyphy/ptII/ptolemy/distributed/jini/jar/jini-ext.jar:/home/travis/build/icyphy/ptII/ptolemy/distributed/jini/jar/sun-util.jar:/home/travis/build/icyphy/ptII/lib/protobuf-java-2.4.1.jar:/home/travis/build/icyphy/ptII/lib/org.eclipse.paho.client.mqttv3.jar:/home/travis/build/icyphy/ptII/lib/mapss.jar:/home/travis/build/icyphy/ptII/ptolemy/actor/ptalon/antlr/antlr.jar:/home/travis/build/icyphy/ptII/lib/JRI.jar:/home/travis/build/icyphy/ptII/lib/commons-lang-2.6.jar:/home/travis/build/icyphy/ptII/lib/commons-logging-1.1.1.jar:/home/travis/build/icyphy/ptII/lib/sootclasses.jar:/home/travis/build/icyphy/ptII/ptolemy/actor/lib/database/mysql-connector-java-5.1.6-bin.jar:/home/travis/build/icyphy/ptII/vendors/misc/sphinx4/sphinx4-data-5prealpha.jar:/home/travis/build/icyphy/ptII/vendors/misc/sphinx4/sphinx4-core-5prealpha.jar:/home/travis/build/icyphy/ptII/lib/PDFRenderer.jar:/home/travis/build/icyphy/ptII/lib/svgSalamander.jar:/home/travis/build/icyphy/ptII/lib/rsyntaxtextarea-2.6.0-SNAPSHOT.jar:/home/travis/build/icyphy/ptII/lib/hazelcast-3.8.2.jar:/home/travis/build/icyphy/ptII/lib/jackson-annotations-2.9.0.jar:/home/travis/build/icyphy/ptII/lib/jackson-core-2.9.3.jar:/home/travis/build/icyphy/ptII/lib/jackson-databind-2.9.3.jar:/home/travis/build/icyphy/ptII/lib/netty-buffer-4.1.19.Final.jar:/home/travis/build/icyphy/ptII/lib/netty-codec-4.1.19.Final.jar:/home/travis/build/icyphy/ptII/lib/netty-codec-dns-4.1.19.Final.jar:/home/travis/build/icyphy/ptII/lib/netty-codec-http-4.1.19.Final.jar:/home/travis/build/icyphy/ptII/lib/netty-codec-http2-4.1.19.Final.jar:/home/travis/build/icyphy/ptII/lib/netty-common-4.1.19.Final.jar:/home/travis/build/icyphy/ptII/lib/netty-handler-4.1.19.Final.jar:/home/travis/build/icyphy/ptII/lib/netty-resolver-4.1.19.Final.jar:/home/travis/build/icyphy/ptII/lib/netty-resolver-dns-4.1.19.Final.jar:/home/travis/build/icyphy/ptII/lib/netty-transport-4.1.19.Final.jar:/home/travis/build/icyphy/ptII/lib/vertx-codegen-3.5.1.jar:/home/travis/build/icyphy/ptII/lib/vertx-core-3.5.2-SNAPSHOT.jar:/home/travis/build/icyphy/ptII/lib/vertx-hazelcast-3.5.1.jar:/home/travis/build/icyphy/ptII/lib/vertx-lang-js-3.5.1.jar:/home/travis/build/icyphy/ptII/lib/vertx-service-proxy-3.5.1.jar:/home/travis/build/icyphy/ptII/lib/vertx-web-3.5.1.jar:/home/travis/build/icyphy/ptII/lib/slf4j-api-1.7.13.jar:/home/travis/build/icyphy/ptII/lib/slf4j-simple-1.7.13.jar:/home/travis/build/icyphy/ptII/lib/webcam-capture-0.3.12.jar:/home/travis/build/icyphy/ptII/lib/bridj-0.7.0.jar:/home/travis/build/icyphy/ptII/lib/xbjlib-1.1.0.nrjavaserial.jar:/home/travis/build/icyphy/ptII/ptolemy/moml/test:/home/travis/build/icyphy/ptII/ant/lib/ant-launcher.jar:/home/travis/build/icyphy/ptII/ant/lib/ant.jar:/home/travis/build/icyphy/ptII/ant/lib/ant-junit.jar:/home/travis/build/icyphy/ptII/ant/lib/ant-junit4.jar" />
    <property name="ant.library.dir" value="/home/travis/build/icyphy/ptII/ant/lib" />
    <property name="os.arch" value="amd64" />
    <property name="env.CONTINUOUS_INTEGRATION" value="true" />
    <property name="env.TRAVIS_LANGUAGE" value="node_js" />
    <property name="env.TRAVIS_STACK_LANGUAGES" value="__sardonyx__ c c++ clojure cplusplus cpp default generic go groovy java node_js php pure_java python ruby scala" />
    <property name="test.name" value="ptolemy.actor.lib.test.junit.JUnitTclTest" />
    <property name="env.APT_KEY_DONT_WARN_ON_DANGEROUS_USAGE" value="1" />
    <property name="sun.java.launcher" value="SUN_STANDARD" />
    <property name="env.PYTHON_CONFIGURE_OPTS" value="--enable-unicode=ucs4 --with-wide-unicode --enable-shared --enable-ipv6 --enable-loadable-sqlite-extensions --with-computed-gotos" />
    <property name="ant.core.lib" value="/home/travis/build/icyphy/ptII/ant/lib/ant.jar" />
    <property name="java.vm.specification.vendor" value="Oracle Corporation" />
    <property name="env.BCVTB_HOME" value="/home/travis/build/icyphy/ptII/lbnl" />
    <property name="file.separator" value="/" />
    <property name="spotbugs.home" value="/home/travis/build/icyphy/ptII/vendors/spotbugs-3.1.1" />
    <property name="java.runtime.version" value="11.0.2+9" />
    <property name="env.ANSI_CLEAR" value="\033[0K" />
    <property name="javafx.verbose" value="true" />
    <property name="env.HAS_JOSH_K_SEAL_OF_APPROVAL" value="true" />
    <property name="env.XDG_RUNTIME_DIR" value="/run/user/2000" />
    <property name="env.TRAVIS_OSX_IMAGE" value="" />
    <property name="env.TRAVIS_JOB_ID" value="559282969" />
    <property name="env.TRAVIS_BRANCH" value="master" />
    <property name="user.country" value="US" />
    <property name="env.CERTI_HOME_TRAVIS" value="/home/travis/pthla/certi-tools" />
    <property name="env.SHELL" value="/bin/bash" />
    <property name="java.maxmemory.large" value="8000m" />
    <property name="model" value="" />
    <property name="env.CASHER_DIR" value="/home/travis/.casher" />
    <property name="env.NVM_CD_FLAGS" value="" />
    <property name="java.vendor.version" value="18.9" />
    <property name="jshint.executable" value="/home/travis/node_modules/jshint/bin/jshint" />
    <property name="env.JRUBY_OPTS" value=" --client -J-XX:+TieredCompilation -J-XX:TieredStopAtLevel=1 -J-Xss2m -Xcompile.invokedynamic=false" />
    <property name="java.vendor" value="Oracle Corporation" />
    <property name="env.TRAVIS_PRE_CHEF_BOOTSTRAP_TIME" value="2019-03-25T16:16:42" />
    <property name="env.TRAVIS_STACK_JOB_BOARD_REGISTER" value="/.job-board-register.yml" />
    <property name="env.ANSI_RED" value="\033[31;1m" />
    <property name="java.specification.version" value="11" />
    <property name="env.IRBRC" value="/home/travis/.rvm/rubies/ruby-2.5.3/.irbrc" />
    <property name="env.TRAVIS" value="true" />
    <property name="sun.arch.data.model" value="64" />
  </properties>
  <testcase classname="ptolemy.util.test.junit.TclTests" name="[0] /home/travis/build/icyphy/ptII/ptolemy/actor/lib/test/AbsoluteValue.tcl (RunTclFile)" time="0.699" />
  <testcase classname="ptolemy.util.test.junit.TclTests" name="[1] /home/travis/build/icyphy/ptII/ptolemy/actor/lib/test/AddSubtract.tcl (RunTclFile)" time="0.245" />
  <testcase classname="ptolemy.util.test.junit.TclTests" name="[2] /home/travis/build/icyphy/ptII/ptolemy/actor/lib/test/Average.tcl (RunTclFile)" time="0.044" />
  <testcase classname="ptolemy.util.test.junit.TclTests" name="[3] /home/travis/build/icyphy/ptII/ptolemy/actor/lib/test/Bernoulli.tcl (RunTclFile)" time="0.045" />
  <testcase classname="ptolemy.util.test.junit.TclTests" name="[4] /home/travis/build/icyphy/ptII/ptolemy/actor/lib/test/Clock.tcl (RunTclFile)" time="0.152" />
  <testcase classname="ptolemy.util.test.junit.TclTests" name="[5] /home/travis/build/icyphy/ptII/ptolemy/actor/lib/test/Commutator.tcl (RunTclFile)" time="0.185" />
  <testcase classname="ptolemy.util.test.junit.TclTests" name="[6] /home/travis/build/icyphy/ptII/ptolemy/actor/lib/test/Const.tcl (RunTclFile)" time="0.161" />
  <testcase classname="ptolemy.util.test.junit.TclTests" name="[7] /home/travis/build/icyphy/ptII/ptolemy/actor/lib/test/CurrentTime.tcl (RunTclFile)" time="0.054" />
  <testcase classname="ptolemy.util.test.junit.TclTests" name="[8] /home/travis/build/icyphy/ptII/ptolemy/actor/lib/test/DB.tcl (RunTclFile)" time="0.085" />
  <testcase classname="ptolemy.util.test.junit.TclTests" name="[9] /home/travis/build/icyphy/ptII/ptolemy/actor/lib/test/DiscreteRandomSource.tcl (RunTclFile)" time="0.031" />
  <testcase classname="ptolemy.util.test.junit.TclTests" name="[10] /home/travis/build/icyphy/ptII/ptolemy/actor/lib/test/Distributor.tcl (RunTclFile)" time="0.073" />
  <testcase classname="ptolemy.util.test.junit.TclTests" name="[11] /home/travis/build/icyphy/ptII/ptolemy/actor/lib/test/Exit.tcl (RunTclFile)" time="0.148" />
  <testcase classname="ptolemy.util.test.junit.TclTests" name="[12] /home/travis/build/icyphy/ptII/ptolemy/actor/lib/test/Expression.tcl (RunTclFile)" time="0.136" />
  <testcase classname="ptolemy.util.test.junit.TclTests" name="[13] /home/travis/build/icyphy/ptII/ptolemy/actor/lib/test/Gaussian.tcl (RunTclFile)" time="0.759" />
  <testcase classname="ptolemy.util.test.junit.TclTests" name="[14] /home/travis/build/icyphy/ptII/ptolemy/actor/lib/test/IIR.tcl (RunTclFile)" time="0.051" />
  <testcase classname="ptolemy.util.test.junit.TclTests" name="[15] /home/travis/build/icyphy/ptII/ptolemy/actor/lib/test/Interpolator.tcl (RunTclFile)" time="0.127" />
  <testcase classname="ptolemy.util.test.junit.TclTests" name="[16] /home/travis/build/icyphy/ptII/ptolemy/actor/lib/test/MathFunction.tcl (RunTclFile)" time="0.051" />
  <testcase classname="ptolemy.util.test.junit.TclTests" name="[17] /home/travis/build/icyphy/ptII/ptolemy/actor/lib/test/Maximum.tcl (RunTclFile)" time="0.033" />
  <testcase classname="ptolemy.util.test.junit.TclTests" name="[18] /home/travis/build/icyphy/ptII/ptolemy/actor/lib/test/Minimum.tcl (RunTclFile)" time="0.043" />
  <testcase classname="ptolemy.util.test.junit.TclTests" name="[19] /home/travis/build/icyphy/ptII/ptolemy/actor/lib/test/MultiplyDivide.tcl (RunTclFile)" time="0.053" />
  <testcase classname="ptolemy.util.test.junit.TclTests" name="[20] /home/travis/build/icyphy/ptII/ptolemy/actor/lib/test/OrderedMerge.tcl (RunTclFile)" time="0.142" />
  <testcase classname="ptolemy.util.test.junit.TclTests" name="[21] /home/travis/build/icyphy/ptII/ptolemy/actor/lib/test/Publisher.tcl (RunTclFile)" time="1.145" />
  <testcase classname="ptolemy.util.test.junit.TclTests" name="[22] /home/travis/build/icyphy/ptII/ptolemy/actor/lib/test/Pulse.tcl (RunTclFile)" time="0.091" />
  <testcase classname="ptolemy.util.test.junit.TclTests" name="[23] /home/travis/build/icyphy/ptII/ptolemy/actor/lib/test/Ramp.tcl (RunTclFile)" time="2.446" />
  <testcase classname="ptolemy.util.test.junit.TclTests" name="[24] /home/travis/build/icyphy/ptII/ptolemy/actor/lib/test/RampContinuous.tcl (RunTclFile)" time="0.023" />
  <testcase classname="ptolemy.util.test.junit.TclTests" name="[25] /home/travis/build/icyphy/ptII/ptolemy/actor/lib/test/RecordAssembler.tcl (RunTclFile)" time="0.027" />
  <testcase classname="ptolemy.util.test.junit.TclTests" name="[26] /home/travis/build/icyphy/ptII/ptolemy/actor/lib/test/RecordDisassembler.tcl (RunTclFile)" time="0.043" />
  <testcase classname="ptolemy.util.test.junit.TclTests" name="[27] /home/travis/build/icyphy/ptII/ptolemy/actor/lib/test/Scale.tcl (RunTclFile)" time="0.037" />
  <testcase classname="ptolemy.util.test.junit.TclTests" name="[28] /home/travis/build/icyphy/ptII/ptolemy/actor/lib/test/SequentialClock.tcl (RunTclFile)" time="0.019" />
  <testcase classname="ptolemy.util.test.junit.TclTests" name="[29] /home/travis/build/icyphy/ptII/ptolemy/actor/lib/test/SetVariable.tcl (RunTclFile)" time="0.034">
    <failure message="Number of failed tests is has increased. expected:&lt;0&gt; but was:&lt;1&gt;" type="junit.framework.AssertionFailedError">junit.framework.AssertionFailedError: Number of failed tests is has increased. expected:&lt;0&gt; but was:&lt;1&gt;
	at ptolemy.util.test.junit.TclTests.RunTclFile(TclTests.java:286)
	at jdk.internal.reflect.GeneratedMethodAccessor19.invoke(Unknown Source)
	at java.base/jdk.internal.reflect.DelegatingMethodAccessorImpl.invoke(DelegatingMethodAccessorImpl.java:43)
	at junitparams.internal.InvokeParameterisedMethod.evaluate(InvokeParameterisedMethod.java:102)
	at junitparams.internal.ParameterisedTestMethodRunner.runMethodInvoker(ParameterisedTestMethodRunner.java:47)
	at junitparams.internal.ParameterisedTestMethodRunner.runTestMethod(ParameterisedTestMethodRunner.java:41)
	at junitparams.internal.ParameterisedTestClassRunner.runParameterisedTest(ParameterisedTestClassRunner.java:143)
	at junitparams.JUnitParamsRunner.runChild(JUnitParamsRunner.java:237)
	at junitparams.JUnitParamsRunner.runChild(JUnitParamsRunner.java:215)
</failure>
  </testcase>
  <testcase classname="ptolemy.util.test.junit.TclTests" name="[30] /home/travis/build/icyphy/ptII/ptolemy/actor/lib/test/Sinewave.tcl (RunTclFile)" time="0.079" />
  <testcase classname="ptolemy.util.test.junit.TclTests" name="[31] /home/travis/build/icyphy/ptII/ptolemy/actor/lib/test/SubscriptionAggregator.tcl (RunTclFile)" time="2.534" />
  <testcase classname="ptolemy.util.test.junit.TclTests" name="[32] /home/travis/build/icyphy/ptII/ptolemy/actor/lib/test/Test.tcl (RunTclFile)" time="0.09" />
  <testcase classname="ptolemy.util.test.junit.TclTests" name="[33] /home/travis/build/icyphy/ptII/ptolemy/actor/lib/test/TestExceptionHandler.tcl (RunTclFile)" time="0.014" />
  <testcase classname="ptolemy.util.test.junit.TclTests" name="[34] /home/travis/build/icyphy/ptII/ptolemy/actor/lib/test/UnionDisassembler.tcl (RunTclFile)" time="0.069" />
  <testcase classname="ptolemy.util.test.junit.TclTests" name="[35] /home/travis/build/icyphy/ptII/ptolemy/actor/lib/test/VariableClock.tcl (RunTclFile)" time="0.049" />
  <testcase classname="ptolemy.util.test.junit.AutoKnownFailedTests" name="[0] /home/travis/build/icyphy/ptII/ptolemy/actor/lib/test/auto/knownFailedTests/PublisherPortToplevelSubscriber.xml (RunModel)" time="0.046" />
  <testcase classname="ptolemy.util.test.junit.AutoKnownFailedTests" name="[1] /home/travis/build/icyphy/ptII/ptolemy/actor/lib/test/auto/knownFailedTests/PublisherSubscriberPortToplevel.xml (RunModel)" time="0.051" />
  <testcase classname="ptolemy.util.test.junit.AutoKnownFailedTests" name="[2] /home/travis/build/icyphy/ptII/ptolemy/actor/lib/test/auto/knownFailedTests/PublisherSubscriptionAggregatorPort.xml (RunModel)" time="0.038" />
  <testcase classname="ptolemy.util.test.junit.AutoKnownFailedTests" name="[3] /home/travis/build/icyphy/ptII/ptolemy/actor/lib/test/auto/knownFailedTests/sizedarray3.xml (RunModel)" time="0.036" />
  <testcase classname="ptolemy.util.test.junit.AutoNameArchTests" name="[0] ThereAreNoAutoArchTests (RunModel)" time="0.006" />
  <testcase classname="ptolemy.util.test.junit.AutoTests" name="[0] /home/travis/build/icyphy/ptII/ptolemy/actor/lib/test/auto/AbsoluteValue.xml (RunModel)" time="0.129" />
  <testcase classname="ptolemy.util.test.junit.AutoTests" name="[1] /home/travis/build/icyphy/ptII/ptolemy/actor/lib/test/auto/AbsoluteValue2.xml (RunModel)" time="0.082" />
  <testcase classname="ptolemy.util.test.junit.AutoTests" name="[2] /home/travis/build/icyphy/ptII/ptolemy/actor/lib/test/auto/Accumulator.xml (RunModel)" time="0.07" />
  <testcase classname="ptolemy.util.test.junit.AutoTests" name="[3] /home/travis/build/icyphy/ptII/ptolemy/actor/lib/test/auto/Accumulator2.xml (RunModel)" time="0.07" />
  <testcase classname="ptolemy.util.test.junit.AutoTests" name="[4] /home/travis/build/icyphy/ptII/ptolemy/actor/lib/test/auto/Accumulator3.xml (RunModel)" time="0.045" />
  <testcase classname="ptolemy.util.test.junit.AutoTests" name="[5] /home/travis/build/icyphy/ptII/ptolemy/actor/lib/test/auto/ArrayAppend.xml (RunModel)" time="0.14" />
  <testcase classname="ptolemy.util.test.junit.AutoTests" name="[6] /home/travis/build/icyphy/ptII/ptolemy/actor/lib/test/auto/ArrayAppend2.xml (RunModel)" time="0.5" />
  <testcase classname="ptolemy.util.test.junit.AutoTests" name="[7] /home/travis/build/icyphy/ptII/ptolemy/actor/lib/test/auto/ArrayAppend3.xml (RunModel)" time="0.062" />
  <testcase classname="ptolemy.util.test.junit.AutoTests" name="[8] /home/travis/build/icyphy/ptII/ptolemy/actor/lib/test/auto/ArrayAppend4.xml (RunModel)" time="0.027" />
  <testcase classname="ptolemy.util.test.junit.AutoTests" name="[9] /home/travis/build/icyphy/ptII/ptolemy/actor/lib/test/auto/ArrayAppend5.xml (RunModel)" time="0.027" />
  <testcase classname="ptolemy.util.test.junit.AutoTests" name="[10] /home/travis/build/icyphy/ptII/ptolemy/actor/lib/test/auto/ArrayAppend6.xml (RunModel)" time="0.043" />
  <testcase classname="ptolemy.util.test.junit.AutoTests" name="[11] /home/travis/build/icyphy/ptII/ptolemy/actor/lib/test/auto/ArrayAppendPerformanceTest.xml (RunModel)" time="0.073" />
  <testcase classname="ptolemy.util.test.junit.AutoTests" name="[12] /home/travis/build/icyphy/ptII/ptolemy/actor/lib/test/auto/ArrayAppendWithEmptyInput.xml (RunModel)" time="0.073" />
  <testcase classname="ptolemy.util.test.junit.AutoTests" name="[13] /home/travis/build/icyphy/ptII/ptolemy/actor/lib/test/auto/ArrayAverage.xml (RunModel)" time="0.065" />
  <testcase classname="ptolemy.util.test.junit.AutoTests" name="[14] /home/travis/build/icyphy/ptII/ptolemy/actor/lib/test/auto/ArrayContains.xml (RunModel)" time="0.043" />
  <testcase classname="ptolemy.util.test.junit.AutoTests" name="[15] /home/travis/build/icyphy/ptII/ptolemy/actor/lib/test/auto/ArrayElement.xml (RunModel)" time="0.042" />
  <testcase classname="ptolemy.util.test.junit.AutoTests" name="[16] /home/travis/build/icyphy/ptII/ptolemy/actor/lib/test/auto/ArrayElementAsMatrix.xml (RunModel)" time="0.141" />
  <testcase classname="ptolemy.util.test.junit.AutoTests" name="[17] /home/travis/build/icyphy/ptII/ptolemy/actor/lib/test/auto/ArrayElementI.xml (RunModel)" time="0.021" />
  <testcase classname="ptolemy.util.test.junit.AutoTests" name="[18] /home/travis/build/icyphy/ptII/ptolemy/actor/lib/test/auto/ArrayExtract.xml (RunModel)" time="0.054" />
  <testcase classname="ptolemy.util.test.junit.AutoTests" name="[19] /home/travis/build/icyphy/ptII/ptolemy/actor/lib/test/auto/ArrayExtract2.xml (RunModel)" time="0.023" />
  <testcase classname="ptolemy.util.test.junit.AutoTests" name="[20] /home/travis/build/icyphy/ptII/ptolemy/actor/lib/test/auto/ArrayLength.xml (RunModel)" time="0.028" />
  <testcase classname="ptolemy.util.test.junit.AutoTests" name="[21] /home/travis/build/icyphy/ptII/ptolemy/actor/lib/test/auto/ArrayLevelCrossing.xml (RunModel)" time="0.035" />
  <testcase classname="ptolemy.util.test.junit.AutoTests" name="[22] /home/travis/build/icyphy/ptII/ptolemy/actor/lib/test/auto/ArrayLevelCrossing2.xml (RunModel)" time="0.032" />
  <testcase classname="ptolemy.util.test.junit.AutoTests" name="[23] /home/travis/build/icyphy/ptII/ptolemy/actor/lib/test/auto/ArrayPeakSearch.xml (RunModel)" time="0.053" />
  <testcase classname="ptolemy.util.test.junit.AutoTests" name="[24] /home/travis/build/icyphy/ptII/ptolemy/actor/lib/test/auto/ArrayPeakSearch2.xml (RunModel)" time="0.049" />
  <testcase classname="ptolemy.util.test.junit.AutoTests" name="[25] /home/travis/build/icyphy/ptII/ptolemy/actor/lib/test/auto/ArrayPeakSearch3.xml (RunModel)" time="0.041" />
  <testcase classname="ptolemy.util.test.junit.AutoTests" name="[26] /home/travis/build/icyphy/ptII/ptolemy/actor/lib/test/auto/ArrayRemoveElement.xml (RunModel)" time="0.047" />
  <testcase classname="ptolemy.util.test.junit.AutoTests" name="[27] /home/travis/build/icyphy/ptII/ptolemy/actor/lib/test/auto/ArraySort.xml (RunModel)" time="0.046" />
  <testcase classname="ptolemy.util.test.junit.AutoTests" name="[28] /home/travis/build/icyphy/ptII/ptolemy/actor/lib/test/auto/ArraySum.xml (RunModel)" time="0.024" />
  <testcase classname="ptolemy.util.test.junit.AutoTests" name="[29] /home/travis/build/icyphy/ptII/ptolemy/actor/lib/test/auto/ArrayToElements.xml (RunModel)" time="0.028" />
  <testcase classname="ptolemy.util.test.junit.AutoTests" name="[30] /home/travis/build/icyphy/ptII/ptolemy/actor/lib/test/auto/ArrayToMatrix.xml (RunModel)" time="0.078" />
  <testcase classname="ptolemy.util.test.junit.AutoTests" name="[31] /home/travis/build/icyphy/ptII/ptolemy/actor/lib/test/auto/ArrayUpdate1.xml (RunModel)" time="0.033" />
  <testcase classname="ptolemy.util.test.junit.AutoTests" name="[32] /home/travis/build/icyphy/ptII/ptolemy/actor/lib/test/auto/ArrayUpdate2.xml (RunModel)" time="0.029" />
  <testcase classname="ptolemy.util.test.junit.AutoTests" name="[33] /home/travis/build/icyphy/ptII/ptolemy/actor/lib/test/auto/ArrayUpdate3.xml (RunModel)" time="0.019" />
  <testcase classname="ptolemy.util.test.junit.AutoTests" name="[34] /home/travis/build/icyphy/ptII/ptolemy/actor/lib/test/auto/Assert1.xml (RunModel)" time="0.03" />
  <testcase classname="ptolemy.util.test.junit.AutoTests" name="[35] /home/travis/build/icyphy/ptII/ptolemy/actor/lib/test/auto/Assert2.xml (RunModel)" time="0.02" />
  <testcase classname="ptolemy.util.test.junit.AutoTests" name="[36] /home/travis/build/icyphy/ptII/ptolemy/actor/lib/test/auto/BooleanMultiplexor.xml (RunModel)" time="0.026" />
  <testcase classname="ptolemy.util.test.junit.AutoTests" name="[37] /home/travis/build/icyphy/ptII/ptolemy/actor/lib/test/auto/BooleanMultiplexor2.xml (RunModel)" time="0.035" />
  <testcase classname="ptolemy.util.test.junit.AutoTests" name="[38] /home/travis/build/icyphy/ptII/ptolemy/actor/lib/test/auto/BooleanMultiplexor3.xml (RunModel)" time="0.025" />
  <testcase classname="ptolemy.util.test.junit.AutoTests" name="[39] /home/travis/build/icyphy/ptII/ptolemy/actor/lib/test/auto/BooleanSelect.xml (RunModel)" time="0.07" />
  <testcase classname="ptolemy.util.test.junit.AutoTests" name="[40] /home/travis/build/icyphy/ptII/ptolemy/actor/lib/test/auto/BooleanSelect2.xml (RunModel)" time="0.024" />
  <testcase classname="ptolemy.util.test.junit.AutoTests" name="[41] /home/travis/build/icyphy/ptII/ptolemy/actor/lib/test/auto/BooleanSwitch.xml (RunModel)" time="0.039" />
  <testcase classname="ptolemy.util.test.junit.AutoTests" name="[42] /home/travis/build/icyphy/ptII/ptolemy/actor/lib/test/auto/BooleanSwitch2.xml (RunModel)" time="0.024" />
  <testcase classname="ptolemy.util.test.junit.AutoTests" name="[43] /home/travis/build/icyphy/ptII/ptolemy/actor/lib/test/auto/BooleanSwitchCloningBugWithClassRelationGroup.xml (RunModel)" time="0.04" />
  <testcase classname="ptolemy.util.test.junit.AutoTests" name="[44] /home/travis/build/icyphy/ptII/ptolemy/actor/lib/test/auto/BusActors.xml (RunModel)" time="0.07" />
  <testcase classname="ptolemy.util.test.junit.AutoTests" name="[45] /home/travis/build/icyphy/ptII/ptolemy/actor/lib/test/auto/ClassWrapper.xml (RunModel)" time="0.032" />
  <testcase classname="ptolemy.util.test.junit.AutoTests" name="[46] /home/travis/build/icyphy/ptII/ptolemy/actor/lib/test/auto/Clock.xml (RunModel)" time="0.015" />
  <testcase classname="ptolemy.util.test.junit.AutoTests" name="[47] /home/travis/build/icyphy/ptII/ptolemy/actor/lib/test/auto/Clock10.xml (RunModel)" time="0.04" />
  <testcase classname="ptolemy.util.test.junit.AutoTests" name="[48] /home/travis/build/icyphy/ptII/ptolemy/actor/lib/test/auto/Clock11.xml (RunModel)" time="0.032" />
  <testcase classname="ptolemy.util.test.junit.AutoTests" name="[49] /home/travis/build/icyphy/ptII/ptolemy/actor/lib/test/auto/Clock12.xml (RunModel)" time="0.037" />
  <testcase classname="ptolemy.util.test.junit.AutoTests" name="[50] /home/travis/build/icyphy/ptII/ptolemy/actor/lib/test/auto/Clock13.xml (RunModel)" time="0.027" />
  <testcase classname="ptolemy.util.test.junit.AutoTests" name="[51] /home/travis/build/icyphy/ptII/ptolemy/actor/lib/test/auto/Clock14.xml (RunModel)" time="0.03" />
  <testcase classname="ptolemy.util.test.junit.AutoTests" name="[52] /home/travis/build/icyphy/ptII/ptolemy/actor/lib/test/auto/Clock15.xml (RunModel)" time="0.025" />
  <testcase classname="ptolemy.util.test.junit.AutoTests" name="[53] /home/travis/build/icyphy/ptII/ptolemy/actor/lib/test/auto/Clock16.xml (RunModel)" time="0.134" />
  <testcase classname="ptolemy.util.test.junit.AutoTests" name="[54] /home/travis/build/icyphy/ptII/ptolemy/actor/lib/test/auto/Clock17.xml (RunModel)" time="0.085" />
  <testcase classname="ptolemy.util.test.junit.AutoTests" name="[55] /home/travis/build/icyphy/ptII/ptolemy/actor/lib/test/auto/Clock18.xml (RunModel)" time="0.071" />
  <testcase classname="ptolemy.util.test.junit.AutoTests" name="[56] /home/travis/build/icyphy/ptII/ptolemy/actor/lib/test/auto/Clock19.xml (RunModel)" time="0.06" />
  <testcase classname="ptolemy.util.test.junit.AutoTests" name="[57] /home/travis/build/icyphy/ptII/ptolemy/actor/lib/test/auto/Clock2.xml (RunModel)" time="0.02" />
  <testcase classname="ptolemy.util.test.junit.AutoTests" name="[58] /home/travis/build/icyphy/ptII/ptolemy/actor/lib/test/auto/Clock20.xml (RunModel)" time="0.033" />
  <testcase classname="ptolemy.util.test.junit.AutoTests" name="[59] /home/travis/build/icyphy/ptII/ptolemy/actor/lib/test/auto/Clock21.xml (RunModel)" time="0.028" />
  <testcase classname="ptolemy.util.test.junit.AutoTests" name="[60] /home/travis/build/icyphy/ptII/ptolemy/actor/lib/test/auto/Clock22.xml (RunModel)" time="0.022" />
  <testcase classname="ptolemy.util.test.junit.AutoTests" name="[61] /home/travis/build/icyphy/ptII/ptolemy/actor/lib/test/auto/Clock23.xml (RunModel)" time="0.024" />
  <testcase classname="ptolemy.util.test.junit.AutoTests" name="[62] /home/travis/build/icyphy/ptII/ptolemy/actor/lib/test/auto/Clock24.xml (RunModel)" time="0.021" />
  <testcase classname="ptolemy.util.test.junit.AutoTests" name="[63] /home/travis/build/icyphy/ptII/ptolemy/actor/lib/test/auto/Clock4.xml (RunModel)" time="0.019" />
  <testcase classname="ptolemy.util.test.junit.AutoTests" name="[64] /home/travis/build/icyphy/ptII/ptolemy/actor/lib/test/auto/Clock5.xml (RunModel)" time="0.018" />
  <testcase classname="ptolemy.util.test.junit.AutoTests" name="[65] /home/travis/build/icyphy/ptII/ptolemy/actor/lib/test/auto/Clock6.xml (RunModel)" time="0.015" />
  <testcase classname="ptolemy.util.test.junit.AutoTests" name="[66] /home/travis/build/icyphy/ptII/ptolemy/actor/lib/test/auto/Clock7.xml (RunModel)" time="0.015" />
  <testcase classname="ptolemy.util.test.junit.AutoTests" name="[67] /home/travis/build/icyphy/ptII/ptolemy/actor/lib/test/auto/Clock8.xml (RunModel)" time="0.022" />
  <testcase classname="ptolemy.util.test.junit.AutoTests" name="[68] /home/travis/build/icyphy/ptII/ptolemy/actor/lib/test/auto/Clock9.xml (RunModel)" time="0.038" />
  <testcase classname="ptolemy.util.test.junit.AutoTests" name="[69] /home/travis/build/icyphy/ptII/ptolemy/actor/lib/test/auto/CommDistDiscard.xml (RunModel)" time="0.034" />
  <testcase classname="ptolemy.util.test.junit.AutoTests" name="[70] /home/travis/build/icyphy/ptII/ptolemy/actor/lib/test/auto/Commutator.xml (RunModel)" time="0.024" />
  <testcase classname="ptolemy.util.test.junit.AutoTests" name="[71] /home/travis/build/icyphy/ptII/ptolemy/actor/lib/test/auto/Commutator2.xml (RunModel)" time="0.015" />
  <testcase classname="ptolemy.util.test.junit.AutoTests" name="[72] /home/travis/build/icyphy/ptII/ptolemy/actor/lib/test/auto/Commutator3.xml (RunModel)" time="0.019" />
  <testcase classname="ptolemy.util.test.junit.AutoTests" name="[73] /home/travis/build/icyphy/ptII/ptolemy/actor/lib/test/auto/Compare.xml (RunModel)" time="0.028" />
  <testcase classname="ptolemy.util.test.junit.AutoTests" name="[74] /home/travis/build/icyphy/ptII/ptolemy/actor/lib/test/auto/CompareDE.xml (RunModel)" time="0.023" />
  <testcase classname="ptolemy.util.test.junit.AutoTests" name="[75] /home/travis/build/icyphy/ptII/ptolemy/actor/lib/test/auto/ComplexDivide.xml (RunModel)" time="0.013" />
  <testcase classname="ptolemy.util.test.junit.AutoTests" name="[76] /home/travis/build/icyphy/ptII/ptolemy/actor/lib/test/auto/ComputeHistogram.xml (RunModel)" time="0.088" />
  <testcase classname="ptolemy.util.test.junit.AutoTests" name="[77] /home/travis/build/icyphy/ptII/ptolemy/actor/lib/test/auto/ConfigurationSelect.xml (RunModel)" time="0.032" />
  <testcase classname="ptolemy.util.test.junit.AutoTests" name="[78] /home/travis/build/icyphy/ptII/ptolemy/actor/lib/test/auto/ConfigurationSelect2.xml (RunModel)" time="0.021" />
  <testcase classname="ptolemy.util.test.junit.AutoTests" name="[79] /home/travis/build/icyphy/ptII/ptolemy/actor/lib/test/auto/ConfigurationSwitch.xml (RunModel)" time="0.029" />
  <testcase classname="ptolemy.util.test.junit.AutoTests" name="[80] /home/travis/build/icyphy/ptII/ptolemy/actor/lib/test/auto/ConfigurationSwitch2.xml (RunModel)" time="0.047" />
  <testcase classname="ptolemy.util.test.junit.AutoTests" name="[81] /home/travis/build/icyphy/ptII/ptolemy/actor/lib/test/auto/ConfigurationSwitchCloningBugWithClassRelationGroup.xml (RunModel)" time="0.035" />
  <testcase classname="ptolemy.util.test.junit.AutoTests" name="[82] /home/travis/build/icyphy/ptII/ptolemy/actor/lib/test/auto/ConfigurationSwitchSelectSDF.xml (RunModel)" time="0.02" />
  <testcase classname="ptolemy.util.test.junit.AutoTests" name="[83] /home/travis/build/icyphy/ptII/ptolemy/actor/lib/test/auto/ConfigurationSwitchSelectSDF2.xml (RunModel)" time="0.023" />
  <testcase classname="ptolemy.util.test.junit.AutoTests" name="[84] /home/travis/build/icyphy/ptII/ptolemy/actor/lib/test/auto/Const.xml (RunModel)" time="0.01" />
  <testcase classname="ptolemy.util.test.junit.AutoTests" name="[85] /home/travis/build/icyphy/ptII/ptolemy/actor/lib/test/auto/Const2.xml (RunModel)" time="0.074" />
  <testcase classname="ptolemy.util.test.junit.AutoTests" name="[86] /home/travis/build/icyphy/ptII/ptolemy/actor/lib/test/auto/Const3.xml (RunModel)" time="0.009" />
  <testcase classname="ptolemy.util.test.junit.AutoTests" name="[87] /home/travis/build/icyphy/ptII/ptolemy/actor/lib/test/auto/ConstantPublisherPort1.xml (RunModel)" time="0.027" />
  <testcase classname="ptolemy.util.test.junit.AutoTests" name="[88] /home/travis/build/icyphy/ptII/ptolemy/actor/lib/test/auto/ConstantPublisherPort2.xml (RunModel)" time="0.03" />
  <testcase classname="ptolemy.util.test.junit.AutoTests" name="[89] /home/travis/build/icyphy/ptII/ptolemy/actor/lib/test/auto/ConstantPublisherPort3.xml (RunModel)" time="0.026" />
  <testcase classname="ptolemy.util.test.junit.AutoTests" name="[90] /home/travis/build/icyphy/ptII/ptolemy/actor/lib/test/auto/ConstantPublisherPort4.xml (RunModel)" time="0.034" />
  <testcase classname="ptolemy.util.test.junit.AutoTests" name="[91] /home/travis/build/icyphy/ptII/ptolemy/actor/lib/test/auto/ConstantPublisherPort5.xml (RunModel)" time="0.055" />
  <testcase classname="ptolemy.util.test.junit.AutoTests" name="[92] /home/travis/build/icyphy/ptII/ptolemy/actor/lib/test/auto/ConstantPublisherPort6.xml (RunModel)" time="0.042" />
  <testcase classname="ptolemy.util.test.junit.AutoTests" name="[93] /home/travis/build/icyphy/ptII/ptolemy/actor/lib/test/auto/ConstantPublisherPort7.xml (RunModel)" time="0.046" />
  <testcase classname="ptolemy.util.test.junit.AutoTests" name="[94] /home/travis/build/icyphy/ptII/ptolemy/actor/lib/test/auto/ConstraintMonitor1.xml (RunModel)" time="0.053" />
  <testcase classname="ptolemy.util.test.junit.AutoTests" name="[95] /home/travis/build/icyphy/ptII/ptolemy/actor/lib/test/auto/ConstraintMonitor2.xml (RunModel)" time="0.022" />
  <testcase classname="ptolemy.util.test.junit.AutoTests" name="[96] /home/travis/build/icyphy/ptII/ptolemy/actor/lib/test/auto/ConstraintMonitor3.xml (RunModel)" time="0.018" />
  <testcase classname="ptolemy.util.test.junit.AutoTests" name="[97] /home/travis/build/icyphy/ptII/ptolemy/actor/lib/test/auto/ConstraintMonitor4.xml (RunModel)" time="0.019" />
  <testcase classname="ptolemy.util.test.junit.AutoTests" name="[98] /home/travis/build/icyphy/ptII/ptolemy/actor/lib/test/auto/ConstraintMonitor5.xml (RunModel)" time="0.015" />
  <testcase classname="ptolemy.util.test.junit.AutoTests" name="[99] /home/travis/build/icyphy/ptII/ptolemy/actor/lib/test/auto/ConstraintMonitor6.xml (RunModel)" time="0.028" />
  <testcase classname="ptolemy.util.test.junit.AutoTests" name="[100] /home/travis/build/icyphy/ptII/ptolemy/actor/lib/test/auto/ConstraintMonitor7.xml (RunModel)" time="0.025" />
  <testcase classname="ptolemy.util.test.junit.AutoTests" name="[101] /home/travis/build/icyphy/ptII/ptolemy/actor/lib/test/auto/ConstraintMonitor8.xml (RunModel)" time="0.031" />
  <testcase classname="ptolemy.util.test.junit.AutoTests" name="[102] /home/travis/build/icyphy/ptII/ptolemy/actor/lib/test/auto/Counter.xml (RunModel)" time="0.019" />
  <testcase classname="ptolemy.util.test.junit.AutoTests" name="[103] /home/travis/build/icyphy/ptII/ptolemy/actor/lib/test/auto/CurrentTimeSDF.xml (RunModel)" time="0.014" />
  <testcase classname="ptolemy.util.test.junit.AutoTests" name="[104] /home/travis/build/icyphy/ptII/ptolemy/actor/lib/test/auto/DB.xml (RunModel)" time="0.02" />
  <testcase classname="ptolemy.util.test.junit.AutoTests" name="[105] /home/travis/build/icyphy/ptII/ptolemy/actor/lib/test/auto/DBDE.xml (RunModel)" time="0.023" />
  <testcase classname="ptolemy.util.test.junit.AutoTests" name="[106] /home/travis/build/icyphy/ptII/ptolemy/actor/lib/test/auto/DateConstructor.xml (RunModel)" time="0.105" />
  <testcase classname="ptolemy.util.test.junit.AutoTests" name="[107] /home/travis/build/icyphy/ptII/ptolemy/actor/lib/test/auto/DelayTime.xml (RunModel)" time="0.024" />
  <testcase classname="ptolemy.util.test.junit.AutoTests" name="[108] /home/travis/build/icyphy/ptII/ptolemy/actor/lib/test/auto/Dictionary1.xml (RunModel)" time="0.026" />
  <testcase classname="ptolemy.util.test.junit.AutoTests" name="[109] /home/travis/build/icyphy/ptII/ptolemy/actor/lib/test/auto/Dictionary2.xml (RunModel)" time="0.025" />
  <testcase classname="ptolemy.util.test.junit.AutoTests" name="[110] /home/travis/build/icyphy/ptII/ptolemy/actor/lib/test/auto/Dictionary3.xml (RunModel)" time="0.02" />
  <testcase classname="ptolemy.util.test.junit.AutoTests" name="[111] /home/travis/build/icyphy/ptII/ptolemy/actor/lib/test/auto/Dictionary4.xml (RunModel)" time="0.031" />
  <testcase classname="ptolemy.util.test.junit.AutoTests" name="[112] /home/travis/build/icyphy/ptII/ptolemy/actor/lib/test/auto/Differential.xml (RunModel)" time="0.018" />
  <testcase classname="ptolemy.util.test.junit.AutoTests" name="[113] /home/travis/build/icyphy/ptII/ptolemy/actor/lib/test/auto/Director.xml (RunModel)" time="0.015" />
  <testcase classname="ptolemy.util.test.junit.AutoTests" name="[114] /home/travis/build/icyphy/ptII/ptolemy/actor/lib/test/auto/DiscreteClock.xml (RunModel)" time="0.012" />
  <testcase classname="ptolemy.util.test.junit.AutoTests" name="[115] /home/travis/build/icyphy/ptII/ptolemy/actor/lib/test/auto/DiscreteClock10.xml (RunModel)" time="0.019" />
  <testcase classname="ptolemy.util.test.junit.AutoTests" name="[116] /home/travis/build/icyphy/ptII/ptolemy/actor/lib/test/auto/DiscreteClock11.xml (RunModel)" time="0.016" />
  <testcase classname="ptolemy.util.test.junit.AutoTests" name="[117] /home/travis/build/icyphy/ptII/ptolemy/actor/lib/test/auto/DiscreteClock12.xml (RunModel)" time="0.019" />
  <testcase classname="ptolemy.util.test.junit.AutoTests" name="[118] /home/travis/build/icyphy/ptII/ptolemy/actor/lib/test/auto/DiscreteClock13.xml (RunModel)" time="0.019" />
  <testcase classname="ptolemy.util.test.junit.AutoTests" name="[119] /home/travis/build/icyphy/ptII/ptolemy/actor/lib/test/auto/DiscreteClock14.xml (RunModel)" time="0.019" />
  <testcase classname="ptolemy.util.test.junit.AutoTests" name="[120] /home/travis/build/icyphy/ptII/ptolemy/actor/lib/test/auto/DiscreteClock15.xml (RunModel)" time="0.02" />
  <testcase classname="ptolemy.util.test.junit.AutoTests" name="[121] /home/travis/build/icyphy/ptII/ptolemy/actor/lib/test/auto/DiscreteClock16.xml (RunModel)" time="0.054" />
  <testcase classname="ptolemy.util.test.junit.AutoTests" name="[122] /home/travis/build/icyphy/ptII/ptolemy/actor/lib/test/auto/DiscreteClock17.xml (RunModel)" time="0.049" />
  <testcase classname="ptolemy.util.test.junit.AutoTests" name="[123] /home/travis/build/icyphy/ptII/ptolemy/actor/lib/test/auto/DiscreteClock18.xml (RunModel)" time="0.055" />
  <testcase classname="ptolemy.util.test.junit.AutoTests" name="[124] /home/travis/build/icyphy/ptII/ptolemy/actor/lib/test/auto/DiscreteClock19.xml (RunModel)" time="0.062" />
  <testcase classname="ptolemy.util.test.junit.AutoTests" name="[125] /home/travis/build/icyphy/ptII/ptolemy/actor/lib/test/auto/DiscreteClock2.xml (RunModel)" time="0.014" />
  <testcase classname="ptolemy.util.test.junit.AutoTests" name="[126] /home/travis/build/icyphy/ptII/ptolemy/actor/lib/test/auto/DiscreteClock20.xml (RunModel)" time="0.035" />
  <testcase classname="ptolemy.util.test.junit.AutoTests" name="[127] /home/travis/build/icyphy/ptII/ptolemy/actor/lib/test/auto/DiscreteClock21.xml (RunModel)" time="0.024" />
  <testcase classname="ptolemy.util.test.junit.AutoTests" name="[128] /home/travis/build/icyphy/ptII/ptolemy/actor/lib/test/auto/DiscreteClock22.xml (RunModel)" time="0.018" />
  <testcase classname="ptolemy.util.test.junit.AutoTests" name="[129] /home/travis/build/icyphy/ptII/ptolemy/actor/lib/test/auto/DiscreteClock23.xml (RunModel)" time="0.028" />
  <testcase classname="ptolemy.util.test.junit.AutoTests" name="[130] /home/travis/build/icyphy/ptII/ptolemy/actor/lib/test/auto/DiscreteClock24.xml (RunModel)" time="0.024" />
  <testcase classname="ptolemy.util.test.junit.AutoTests" name="[131] /home/travis/build/icyphy/ptII/ptolemy/actor/lib/test/auto/DiscreteClock4.xml (RunModel)" time="0.016" />
  <testcase classname="ptolemy.util.test.junit.AutoTests" name="[132] /home/travis/build/icyphy/ptII/ptolemy/actor/lib/test/auto/DiscreteClock5.xml (RunModel)" time="0.014" />
  <testcase classname="ptolemy.util.test.junit.AutoTests" name="[133] /home/travis/build/icyphy/ptII/ptolemy/actor/lib/test/auto/DiscreteClock6.xml (RunModel)" time="0.015" />
  <testcase classname="ptolemy.util.test.junit.AutoTests" name="[134] /home/travis/build/icyphy/ptII/ptolemy/actor/lib/test/auto/DiscreteClock7.xml (RunModel)" time="0.017" />
  <testcase classname="ptolemy.util.test.junit.AutoTests" name="[135] /home/travis/build/icyphy/ptII/ptolemy/actor/lib/test/auto/DiscreteClock8.xml (RunModel)" time="0.032" />
  <testcase classname="ptolemy.util.test.junit.AutoTests" name="[136] /home/travis/build/icyphy/ptII/ptolemy/actor/lib/test/auto/DiscreteClock9.xml (RunModel)" time="0.017" />
  <testcase classname="ptolemy.util.test.junit.AutoTests" name="[137] /home/travis/build/icyphy/ptII/ptolemy/actor/lib/test/auto/DisplayArray.xml (RunModel)" time="0.018" />
  <testcase classname="ptolemy.util.test.junit.AutoTests" name="[138] /home/travis/build/icyphy/ptII/ptolemy/actor/lib/test/auto/Distributor.xml (RunModel)" time="0.014" />
  <testcase classname="ptolemy.util.test.junit.AutoTests" name="[139] /home/travis/build/icyphy/ptII/ptolemy/actor/lib/test/auto/Distributor2.xml (RunModel)" time="0.017" />
  <testcase classname="ptolemy.util.test.junit.AutoTests" name="[140] /home/travis/build/icyphy/ptII/ptolemy/actor/lib/test/auto/DownSample.xml (RunModel)" time="0.013" />
  <testcase classname="ptolemy.util.test.junit.AutoTests" name="[141] /home/travis/build/icyphy/ptII/ptolemy/actor/lib/test/auto/ElectronicUnitBase1.xml (RunModel)" time="0.066" />
  <testcase classname="ptolemy.util.test.junit.AutoTests" name="[142] /home/travis/build/icyphy/ptII/ptolemy/actor/lib/test/auto/ElementsToArray.xml (RunModel)" time="0.014" />
  <testcase classname="ptolemy.util.test.junit.AutoTests" name="[143] /home/travis/build/icyphy/ptII/ptolemy/actor/lib/test/auto/Equals.xml (RunModel)" time="0.019" />
  <testcase classname="ptolemy.util.test.junit.AutoTests" name="[144] /home/travis/build/icyphy/ptII/ptolemy/actor/lib/test/auto/Exec.xml (RunModel)" time="0.035" />
  <testcase classname="ptolemy.util.test.junit.AutoTests" name="[145] /home/travis/build/icyphy/ptII/ptolemy/actor/lib/test/auto/ExecEnvironment.xml (RunModel)" time="0.046" />
  <testcase classname="ptolemy.util.test.junit.AutoTests" name="[146] /home/travis/build/icyphy/ptII/ptolemy/actor/lib/test/auto/ExecNonZeroReturnOutput.xml (RunModel)" time="0.231" />
  <testcase classname="ptolemy.util.test.junit.AutoTests" name="[147] /home/travis/build/icyphy/ptII/ptolemy/actor/lib/test/auto/ExecRunDemos.xml (RunModel)" time="12.199" />
  <testcase classname="ptolemy.util.test.junit.AutoTests" name="[148] /home/travis/build/icyphy/ptII/ptolemy/actor/lib/test/auto/ExecStop.xml (RunModel)" time="5.043" />
  <testcase classname="ptolemy.util.test.junit.AutoTests" name="[149] /home/travis/build/icyphy/ptII/ptolemy/actor/lib/test/auto/ExecutionTimeSDF.xml (RunModel)" time="6.08">
    <error type="java.lang.reflect.InvocationTargetException">java.lang.reflect.InvocationTargetException
	at jdk.internal.reflect.GeneratedConstructorAccessor36.newInstance(Unknown Source)
	at java.base/jdk.internal.reflect.DelegatingConstructorAccessorImpl.newInstance(DelegatingConstructorAccessorImpl.java:45)
	at java.base/java.lang.reflect.Constructor.newInstance(Constructor.java:490)
	at ptolemy.util.test.junit.AutoTests.RunModel(AutoTests.java:193)
	at jdk.internal.reflect.GeneratedMethodAccessor43.invoke(Unknown Source)
	at java.base/jdk.internal.reflect.DelegatingMethodAccessorImpl.invoke(DelegatingMethodAccessorImpl.java:43)
	at junitparams.internal.InvokeParameterisedMethod.evaluate(InvokeParameterisedMethod.java:102)
Caused by: ptolemy.kernel.util.IllegalActionException: Test fails in iteration 0.
Value was: 6001L. Should have been: 6000L
  in .ExecutionTimeSDF.NonStrictTest
	at ptolemy.actor.lib.NonStrictTest.postfire(NonStrictTest.java:328)
	at ptolemy.actor.AtomicActor.iterate(AtomicActor.java:518)
	at ptolemy.actor.sched.StaticSchedulingDirector.fire(StaticSchedulingDirector.java:216)
	at ptolemy.domains.sdf.kernel.SDFDirector.fire(SDFDirector.java:500)
	at ptolemy.actor.CompositeActor.fire(CompositeActor.java:455)
	at ptolemy.actor.Manager.iterate(Manager.java:851)
	at ptolemy.actor.Manager.execute(Manager.java:369)
	at ptolemy.actor.Manager.run(Manager.java:1263)
	at ptolemy.actor.Manager$PtolemyRunThread.run(Manager.java:1933)
</error>
  </testcase>
  <testcase classname="ptolemy.util.test.junit.AutoTests" name="[150] /home/travis/build/icyphy/ptII/ptolemy/actor/lib/test/auto/Expression1.xml (RunModel)" time="0.014" />
  <testcase classname="ptolemy.util.test.junit.AutoTests" name="[151] /home/travis/build/icyphy/ptII/ptolemy/actor/lib/test/auto/Expression10.xml (RunModel)" time="0.021" />
  <testcase classname="ptolemy.util.test.junit.AutoTests" name="[152] /home/travis/build/icyphy/ptII/ptolemy/actor/lib/test/auto/Expression11.xml (RunModel)" time="0.016" />
  <testcase classname="ptolemy.util.test.junit.AutoTests" name="[153] /home/travis/build/icyphy/ptII/ptolemy/actor/lib/test/auto/Expression12.xml (RunModel)" time="0.019" />
  <testcase classname="ptolemy.util.test.junit.AutoTests" name="[154] /home/travis/build/icyphy/ptII/ptolemy/actor/lib/test/auto/Expression13.xml (RunModel)" time="0.02" />
  <testcase classname="ptolemy.util.test.junit.AutoTests" name="[155] /home/travis/build/icyphy/ptII/ptolemy/actor/lib/test/auto/Expression14.xml (RunModel)" time="0.025" />
  <testcase classname="ptolemy.util.test.junit.AutoTests" name="[156] /home/travis/build/icyphy/ptII/ptolemy/actor/lib/test/auto/Expression15.xml (RunModel)" time="0.017" />
  <testcase classname="ptolemy.util.test.junit.AutoTests" name="[157] /home/travis/build/icyphy/ptII/ptolemy/actor/lib/test/auto/Expression16.xml (RunModel)" time="0.017" />
  <testcase classname="ptolemy.util.test.junit.AutoTests" name="[158] /home/travis/build/icyphy/ptII/ptolemy/actor/lib/test/auto/Expression17.xml (RunModel)" time="0.016" />
  <testcase classname="ptolemy.util.test.junit.AutoTests" name="[159] /home/travis/build/icyphy/ptII/ptolemy/actor/lib/test/auto/Expression18.xml (RunModel)" time="0.019" />
  <testcase classname="ptolemy.util.test.junit.AutoTests" name="[160] /home/travis/build/icyphy/ptII/ptolemy/actor/lib/test/auto/Expression2.xml (RunModel)" time="0.015" />
  <testcase classname="ptolemy.util.test.junit.AutoTests" name="[161] /home/travis/build/icyphy/ptII/ptolemy/actor/lib/test/auto/Expression3.xml (RunModel)" time="0.019" />
  <testcase classname="ptolemy.util.test.junit.AutoTests" name="[162] /home/travis/build/icyphy/ptII/ptolemy/actor/lib/test/auto/Expression4.xml (RunModel)" time="0.021" />
  <testcase classname="ptolemy.util.test.junit.AutoTests" name="[163] /home/travis/build/icyphy/ptII/ptolemy/actor/lib/test/auto/Expression5.xml (RunModel)" time="0.017" />
  <testcase classname="ptolemy.util.test.junit.AutoTests" name="[164] /home/travis/build/icyphy/ptII/ptolemy/actor/lib/test/auto/Expression6.xml (RunModel)" time="0.013" />
  <testcase classname="ptolemy.util.test.junit.AutoTests" name="[165] /home/travis/build/icyphy/ptII/ptolemy/actor/lib/test/auto/Expression7.xml (RunModel)" time="0.017" />
  <testcase classname="ptolemy.util.test.junit.AutoTests" name="[166] /home/travis/build/icyphy/ptII/ptolemy/actor/lib/test/auto/Expression8.xml (RunModel)" time="0.022" />
  <testcase classname="ptolemy.util.test.junit.AutoTests" name="[167] /home/travis/build/icyphy/ptII/ptolemy/actor/lib/test/auto/Expression9.xml (RunModel)" time="0.011" />
  <testcase classname="ptolemy.util.test.junit.AutoTests" name="[168] /home/travis/build/icyphy/ptII/ptolemy/actor/lib/test/auto/ExpressionConcatenateArrayType.xml (RunModel)" time="0.039" />
  <testcase classname="ptolemy.util.test.junit.AutoTests" name="[169] /home/travis/build/icyphy/ptII/ptolemy/actor/lib/test/auto/ExpressionConcatenateArrayType2.xml (RunModel)" time="0.035" />
  <testcase classname="ptolemy.util.test.junit.AutoTests" name="[170] /home/travis/build/icyphy/ptII/ptolemy/actor/lib/test/auto/ExpressionFix.xml (RunModel)" time="0.035" />
  <testcase classname="ptolemy.util.test.junit.AutoTests" name="[171] /home/travis/build/icyphy/ptII/ptolemy/actor/lib/test/auto/ExpressionFix2.xml (RunModel)" time="0.012" />
  <testcase classname="ptolemy.util.test.junit.AutoTests" name="[172] /home/travis/build/icyphy/ptII/ptolemy/actor/lib/test/auto/ExpressionFix3.xml (RunModel)" time="0.014" />
  <testcase classname="ptolemy.util.test.junit.AutoTests" name="[173] /home/travis/build/icyphy/ptII/ptolemy/actor/lib/test/auto/FileWriter1.xml (RunModel)" time="0.016" />
  <testcase classname="ptolemy.util.test.junit.AutoTests" name="[174] /home/travis/build/icyphy/ptII/ptolemy/actor/lib/test/auto/FileWriter2.xml (RunModel)" time="0.019" />
  <testcase classname="ptolemy.util.test.junit.AutoTests" name="[175] /home/travis/build/icyphy/ptII/ptolemy/actor/lib/test/auto/FileWriter3.xml (RunModel)" time="0.016" />
  <testcase classname="ptolemy.util.test.junit.AutoTests" name="[176] /home/travis/build/icyphy/ptII/ptolemy/actor/lib/test/auto/Gaussian.xml (RunModel)" time="0.017" />
  <testcase classname="ptolemy.util.test.junit.AutoTests" name="[177] /home/travis/build/icyphy/ptII/ptolemy/actor/lib/test/auto/Gaussian1.xml (RunModel)" time="0.028" />
  <testcase classname="ptolemy.util.test.junit.AutoTests" name="[178] /home/travis/build/icyphy/ptII/ptolemy/actor/lib/test/auto/Gaussian2.xml (RunModel)" time="0.028" />
  <testcase classname="ptolemy.util.test.junit.AutoTests" name="[179] /home/travis/build/icyphy/ptII/ptolemy/actor/lib/test/auto/GradientAdaptiveLattice.xml (RunModel)" time="0.02" />
  <testcase classname="ptolemy.util.test.junit.AutoTests" name="[180] /home/travis/build/icyphy/ptII/ptolemy/actor/lib/test/auto/IIR.xml (RunModel)" time="0.014" />
  <testcase classname="ptolemy.util.test.junit.AutoTests" name="[181] /home/travis/build/icyphy/ptII/ptolemy/actor/lib/test/auto/InputOutputTransparentPorts.xml (RunModel)" time="0.025" />
  <testcase classname="ptolemy.util.test.junit.AutoTests" name="[182] /home/travis/build/icyphy/ptII/ptolemy/actor/lib/test/auto/Interpolator.xml (RunModel)" time="0.022" />
  <testcase classname="ptolemy.util.test.junit.AutoTests" name="[183] /home/travis/build/icyphy/ptII/ptolemy/actor/lib/test/auto/InterpolatorFiringLimitDE.xml (RunModel)" time="0.019" />
  <testcase classname="ptolemy.util.test.junit.AutoTests" name="[184] /home/travis/build/icyphy/ptII/ptolemy/actor/lib/test/auto/Lattice.xml (RunModel)" time="0.016" />
  <testcase classname="ptolemy.util.test.junit.AutoTests" name="[185] /home/travis/build/icyphy/ptII/ptolemy/actor/lib/test/auto/LazyAOCTestLazy.xml (RunModel)" time="0.041" />
  <testcase classname="ptolemy.util.test.junit.AutoTests" name="[186] /home/travis/build/icyphy/ptII/ptolemy/actor/lib/test/auto/LazyAOCTestNonLazy.xml (RunModel)" time="0.054" />
  <testcase classname="ptolemy.util.test.junit.AutoTests" name="[187] /home/travis/build/icyphy/ptII/ptolemy/actor/lib/test/auto/LazyInnerClass.xml (RunModel)" time="0.065" />
  <testcase classname="ptolemy.util.test.junit.AutoTests" name="[188] /home/travis/build/icyphy/ptII/ptolemy/actor/lib/test/auto/LazyPubSub.xml (RunModel)" time="0.084" />
  <testcase classname="ptolemy.util.test.junit.AutoTests" name="[189] /home/travis/build/icyphy/ptII/ptolemy/actor/lib/test/auto/LazyPubSub2.xml (RunModel)" time="0.071" />
  <testcase classname="ptolemy.util.test.junit.AutoTests" name="[190] /home/travis/build/icyphy/ptII/ptolemy/actor/lib/test/auto/LazyPubSub3.xml (RunModel)" time="0.031" />
  <testcase classname="ptolemy.util.test.junit.AutoTests" name="[191] /home/travis/build/icyphy/ptII/ptolemy/actor/lib/test/auto/LazySubClassModel.xml (RunModel)" time="0.034" />
  <testcase classname="ptolemy.util.test.junit.AutoTests" name="[192] /home/travis/build/icyphy/ptII/ptolemy/actor/lib/test/auto/LevelCrossTest1.xml (RunModel)" time="0.016" />
  <testcase classname="ptolemy.util.test.junit.AutoTests" name="[193] /home/travis/build/icyphy/ptII/ptolemy/actor/lib/test/auto/LevelCrossTest10.xml (RunModel)" time="0.024" />
  <testcase classname="ptolemy.util.test.junit.AutoTests" name="[194] /home/travis/build/icyphy/ptII/ptolemy/actor/lib/test/auto/LevelCrossTest11.xml (RunModel)" time="0.025" />
  <testcase classname="ptolemy.util.test.junit.AutoTests" name="[195] /home/travis/build/icyphy/ptII/ptolemy/actor/lib/test/auto/LevelCrossTest12.xml (RunModel)" time="0.021" />
  <testcase classname="ptolemy.util.test.junit.AutoTests" name="[196] /home/travis/build/icyphy/ptII/ptolemy/actor/lib/test/auto/LevelCrossTest13.xml (RunModel)" time="0.021" />
  <testcase classname="ptolemy.util.test.junit.AutoTests" name="[197] /home/travis/build/icyphy/ptII/ptolemy/actor/lib/test/auto/LevelCrossTest2.xml (RunModel)" time="0.014" />
  <testcase classname="ptolemy.util.test.junit.AutoTests" name="[198] /home/travis/build/icyphy/ptII/ptolemy/actor/lib/test/auto/LevelCrossTest3.xml (RunModel)" time="0.081" />
  <testcase classname="ptolemy.util.test.junit.AutoTests" name="[199] /home/travis/build/icyphy/ptII/ptolemy/actor/lib/test/auto/LevelCrossTest4.xml (RunModel)" time="0.017" />
  <testcase classname="ptolemy.util.test.junit.AutoTests" name="[200] /home/travis/build/icyphy/ptII/ptolemy/actor/lib/test/auto/LevelCrossTest5.xml (RunModel)" time="0.023" />
  <testcase classname="ptolemy.util.test.junit.AutoTests" name="[201] /home/travis/build/icyphy/ptII/ptolemy/actor/lib/test/auto/LevelCrossTest6.xml (RunModel)" time="0.022" />
  <testcase classname="ptolemy.util.test.junit.AutoTests" name="[202] /home/travis/build/icyphy/ptII/ptolemy/actor/lib/test/auto/LevelCrossTest7.xml (RunModel)" time="0.036" />
  <testcase classname="ptolemy.util.test.junit.AutoTests" name="[203] /home/travis/build/icyphy/ptII/ptolemy/actor/lib/test/auto/LevelCrossTest8.xml (RunModel)" time="0.023" />
  <testcase classname="ptolemy.util.test.junit.AutoTests" name="[204] /home/travis/build/icyphy/ptII/ptolemy/actor/lib/test/auto/LevelCrossTest9.xml (RunModel)" time="0.023" />
  <testcase classname="ptolemy.util.test.junit.AutoTests" name="[205] /home/travis/build/icyphy/ptII/ptolemy/actor/lib/test/auto/LevinsonDurbin.xml (RunModel)" time="0.027" />
  <testcase classname="ptolemy.util.test.junit.AutoTests" name="[206] /home/travis/build/icyphy/ptII/ptolemy/actor/lib/test/auto/LevinsonDurbin2.xml (RunModel)" time="0.019" />
  <testcase classname="ptolemy.util.test.junit.AutoTests" name="[207] /home/travis/build/icyphy/ptII/ptolemy/actor/lib/test/auto/LevinsonDurbin3.xml (RunModel)" time="0.018" />
  <testcase classname="ptolemy.util.test.junit.AutoTests" name="[208] /home/travis/build/icyphy/ptII/ptolemy/actor/lib/test/auto/Limiter.xml (RunModel)" time="0.066" />
  <testcase classname="ptolemy.util.test.junit.AutoTests" name="[209] /home/travis/build/icyphy/ptII/ptolemy/actor/lib/test/auto/LinearDifferenceEquationSystem.xml (RunModel)" time="0.033" />
  <testcase classname="ptolemy.util.test.junit.AutoTests" name="[210] /home/travis/build/icyphy/ptII/ptolemy/actor/lib/test/auto/LookupTable.xml (RunModel)" time="0.018" />
  <testcase classname="ptolemy.util.test.junit.AutoTests" name="[211] /home/travis/build/icyphy/ptII/ptolemy/actor/lib/test/auto/MathFunction.xml (RunModel)" time="0.029" />
  <testcase classname="ptolemy.util.test.junit.AutoTests" name="[212] /home/travis/build/icyphy/ptII/ptolemy/actor/lib/test/auto/MathFunction2.xml (RunModel)" time="0.014" />
  <testcase classname="ptolemy.util.test.junit.AutoTests" name="[213] /home/travis/build/icyphy/ptII/ptolemy/actor/lib/test/auto/MathFunction3.xml (RunModel)" time="0.029" />
  <testcase classname="ptolemy.util.test.junit.AutoTests" name="[214] /home/travis/build/icyphy/ptII/ptolemy/actor/lib/test/auto/MatrixCropBoolean.xml (RunModel)" time="0.02" />
  <testcase classname="ptolemy.util.test.junit.AutoTests" name="[215] /home/travis/build/icyphy/ptII/ptolemy/actor/lib/test/auto/MatrixCropComplex.xml (RunModel)" time="0.021" />
  <testcase classname="ptolemy.util.test.junit.AutoTests" name="[216] /home/travis/build/icyphy/ptII/ptolemy/actor/lib/test/auto/MatrixCropDouble.xml (RunModel)" time="0.015" />
  <testcase classname="ptolemy.util.test.junit.AutoTests" name="[217] /home/travis/build/icyphy/ptII/ptolemy/actor/lib/test/auto/MatrixCropFix.xml (RunModel)" time="0.023" />
  <testcase classname="ptolemy.util.test.junit.AutoTests" name="[218] /home/travis/build/icyphy/ptII/ptolemy/actor/lib/test/auto/MatrixCropInt.xml (RunModel)" time="0.015" />
  <testcase classname="ptolemy.util.test.junit.AutoTests" name="[219] /home/travis/build/icyphy/ptII/ptolemy/actor/lib/test/auto/MatrixCropLong.xml (RunModel)" time="0.016" />
  <testcase classname="ptolemy.util.test.junit.AutoTests" name="[220] /home/travis/build/icyphy/ptII/ptolemy/actor/lib/test/auto/MatrixToArray.xml (RunModel)" time="0.071" />
  <testcase classname="ptolemy.util.test.junit.AutoTests" name="[221] /home/travis/build/icyphy/ptII/ptolemy/actor/lib/test/auto/MaxIndex.xml (RunModel)" time="0.018" />
  <testcase classname="ptolemy.util.test.junit.AutoTests" name="[222] /home/travis/build/icyphy/ptII/ptolemy/actor/lib/test/auto/Maximum.xml (RunModel)" time="0.022" />
  <testcase classname="ptolemy.util.test.junit.AutoTests" name="[223] /home/travis/build/icyphy/ptII/ptolemy/actor/lib/test/auto/MaximumComplex.xml (RunModel)" time="0.022" />
  <testcase classname="ptolemy.util.test.junit.AutoTests" name="[224] /home/travis/build/icyphy/ptII/ptolemy/actor/lib/test/auto/MethodCallTest.xml (RunModel)" time="0.035" />
  <testcase classname="ptolemy.util.test.junit.AutoTests" name="[225] /home/travis/build/icyphy/ptII/ptolemy/actor/lib/test/auto/Minimum.xml (RunModel)" time="0.022" />
  <testcase classname="ptolemy.util.test.junit.AutoTests" name="[226] /home/travis/build/icyphy/ptII/ptolemy/actor/lib/test/auto/MinimumComplex.xml (RunModel)" time="0.036" />
  <testcase classname="ptolemy.util.test.junit.AutoTests" name="[227] /home/travis/build/icyphy/ptII/ptolemy/actor/lib/test/auto/MinimumMultiports.xml (RunModel)" time="0.032" />
  <testcase classname="ptolemy.util.test.junit.AutoTests" name="[228] /home/travis/build/icyphy/ptII/ptolemy/actor/lib/test/auto/ModifyDate.xml (RunModel)" time="0.052" />
  <testcase classname="ptolemy.util.test.junit.AutoTests" name="[229] /home/travis/build/icyphy/ptII/ptolemy/actor/lib/test/auto/ModifyDate2.xml (RunModel)" time="0.044" />
  <testcase classname="ptolemy.util.test.junit.AutoTests" name="[230] /home/travis/build/icyphy/ptII/ptolemy/actor/lib/test/auto/MovingAverage.xml (RunModel)" time="0.02" />
  <testcase classname="ptolemy.util.test.junit.AutoTests" name="[231] /home/travis/build/icyphy/ptII/ptolemy/actor/lib/test/auto/MovingMaximum.xml (RunModel)" time="0.018" />
  <testcase classname="ptolemy.util.test.junit.AutoTests" name="[232] /home/travis/build/icyphy/ptII/ptolemy/actor/lib/test/auto/MultipleLinksToSameRelation.xml (RunModel)" time="0.012" />
  <testcase classname="ptolemy.util.test.junit.AutoTests" name="[233] /home/travis/build/icyphy/ptII/ptolemy/actor/lib/test/auto/MultipleLinksToSameRelationDE.xml (RunModel)" time="0.015" />
  <testcase classname="ptolemy.util.test.junit.AutoTests" name="[234] /home/travis/build/icyphy/ptII/ptolemy/actor/lib/test/auto/Multiplexor.xml (RunModel)" time="0.016" />
  <testcase classname="ptolemy.util.test.junit.AutoTests" name="[235] /home/travis/build/icyphy/ptII/ptolemy/actor/lib/test/auto/Multiplexor1.xml (RunModel)" time="0.013" />
  <testcase classname="ptolemy.util.test.junit.AutoTests" name="[236] /home/travis/build/icyphy/ptII/ptolemy/actor/lib/test/auto/Multiplexor2.xml (RunModel)" time="0.017" />
  <testcase classname="ptolemy.util.test.junit.AutoTests" name="[237] /home/travis/build/icyphy/ptII/ptolemy/actor/lib/test/auto/Multiplexor3.xml (RunModel)" time="0.011" />
  <testcase classname="ptolemy.util.test.junit.AutoTests" name="[238] /home/travis/build/icyphy/ptII/ptolemy/actor/lib/test/auto/MultiplexorDE.xml (RunModel)" time="0.026" />
  <testcase classname="ptolemy.util.test.junit.AutoTests" name="[239] /home/travis/build/icyphy/ptII/ptolemy/actor/lib/test/auto/MultiportBroadcastTest.xml (RunModel)" time="0.125" />
  <testcase classname="ptolemy.util.test.junit.AutoTests" name="[240] /home/travis/build/icyphy/ptII/ptolemy/actor/lib/test/auto/MultiportOutHangDuringGetWidth.xml (RunModel)" time="0.052" />
  <testcase classname="ptolemy.util.test.junit.AutoTests" name="[241] /home/travis/build/icyphy/ptII/ptolemy/actor/lib/test/auto/NilToken.xml (RunModel)" time="0.019" />
  <testcase classname="ptolemy.util.test.junit.AutoTests" name="[242] /home/travis/build/icyphy/ptII/ptolemy/actor/lib/test/auto/NilTokenNonStrictTest.xml (RunModel)" time="0.014" />
  <testcase classname="ptolemy.util.test.junit.AutoTests" name="[243] /home/travis/build/icyphy/ptII/ptolemy/actor/lib/test/auto/NilTokenRecord.xml (RunModel)" time="0.03" />
  <testcase classname="ptolemy.util.test.junit.AutoTests" name="[244] /home/travis/build/icyphy/ptII/ptolemy/actor/lib/test/auto/NilTokenTypeTest.xml (RunModel)" time="0.045" />
  <testcase classname="ptolemy.util.test.junit.AutoTests" name="[245] /home/travis/build/icyphy/ptII/ptolemy/actor/lib/test/auto/ObjectToken1.xml (RunModel)" time="0.015" />
  <testcase classname="ptolemy.util.test.junit.AutoTests" name="[246] /home/travis/build/icyphy/ptII/ptolemy/actor/lib/test/auto/OrderedMerge.xml (RunModel)" time="0.032" />
  <testcase classname="ptolemy.util.test.junit.AutoTests" name="[247] /home/travis/build/icyphy/ptII/ptolemy/actor/lib/test/auto/OrderedRecordDisassembler.xml (RunModel)" time="0.025" />
  <testcase classname="ptolemy.util.test.junit.AutoTests" name="[248] /home/travis/build/icyphy/ptII/ptolemy/actor/lib/test/auto/OrderedRecordDisassembler2.xml (RunModel)" time="0.027" />
  <testcase classname="ptolemy.util.test.junit.AutoTests" name="[249] /home/travis/build/icyphy/ptII/ptolemy/actor/lib/test/auto/OrderedRecordUpdater.xml (RunModel)" time="0.015" />
  <testcase classname="ptolemy.util.test.junit.AutoTests" name="[250] /home/travis/build/icyphy/ptII/ptolemy/actor/lib/test/auto/OrderedRecordUpdater2.xml (RunModel)" time="0.022" />
  <testcase classname="ptolemy.util.test.junit.AutoTests" name="[251] /home/travis/build/icyphy/ptII/ptolemy/actor/lib/test/auto/PhaseUnwrap.xml (RunModel)" time="0.019" />
  <testcase classname="ptolemy.util.test.junit.AutoTests" name="[252] /home/travis/build/icyphy/ptII/ptolemy/actor/lib/test/auto/PoissonClock.xml (RunModel)" time="0.016" />
  <testcase classname="ptolemy.util.test.junit.AutoTests" name="[253] /home/travis/build/icyphy/ptII/ptolemy/actor/lib/test/auto/PoissonClock2.xml (RunModel)" time="0.013" />
  <testcase classname="ptolemy.util.test.junit.AutoTests" name="[254] /home/travis/build/icyphy/ptII/ptolemy/actor/lib/test/auto/PoissonClock3.xml (RunModel)" time="0.032" />
  <testcase classname="ptolemy.util.test.junit.AutoTests" name="[255] /home/travis/build/icyphy/ptII/ptolemy/actor/lib/test/auto/PubSubWithInitialTokens.xml (RunModel)" time="0.017" />
  <testcase classname="ptolemy.util.test.junit.AutoTests" name="[256] /home/travis/build/icyphy/ptII/ptolemy/actor/lib/test/auto/PubSubWithInitialTokens2.xml (RunModel)" time="0.017" />
  <testcase classname="ptolemy.util.test.junit.AutoTests" name="[257] /home/travis/build/icyphy/ptII/ptolemy/actor/lib/test/auto/PublisherClassNoParameter.xml (RunModel)" time="0.036" />
  <testcase classname="ptolemy.util.test.junit.AutoTests" name="[258] /home/travis/build/icyphy/ptII/ptolemy/actor/lib/test/auto/PublisherClassParameter.xml (RunModel)" time="0.027" />
  <testcase classname="ptolemy.util.test.junit.AutoTests" name="[259] /home/travis/build/icyphy/ptII/ptolemy/actor/lib/test/auto/PublisherNonStrictTest.xml (RunModel)" time="0.019" />
  <testcase classname="ptolemy.util.test.junit.AutoTests" name="[260] /home/travis/build/icyphy/ptII/ptolemy/actor/lib/test/auto/PublisherPort1.xml (RunModel)" time="0.022" />
  <testcase classname="ptolemy.util.test.junit.AutoTests" name="[261] /home/travis/build/icyphy/ptII/ptolemy/actor/lib/test/auto/PublisherPort2.xml (RunModel)" time="0.068" />
  <testcase classname="ptolemy.util.test.junit.AutoTests" name="[262] /home/travis/build/icyphy/ptII/ptolemy/actor/lib/test/auto/PublisherPort3.xml (RunModel)" time="0.014" />
  <testcase classname="ptolemy.util.test.junit.AutoTests" name="[263] /home/travis/build/icyphy/ptII/ptolemy/actor/lib/test/auto/PublisherPort4.xml (RunModel)" time="0.016" />
  <testcase classname="ptolemy.util.test.junit.AutoTests" name="[264] /home/travis/build/icyphy/ptII/ptolemy/actor/lib/test/auto/PublisherPort5.xml (RunModel)" time="0.019" />
  <testcase classname="ptolemy.util.test.junit.AutoTests" name="[265] /home/travis/build/icyphy/ptII/ptolemy/actor/lib/test/auto/PublisherPort5LookAlike.xml (RunModel)" time="0.024" />
  <testcase classname="ptolemy.util.test.junit.AutoTests" name="[266] /home/travis/build/icyphy/ptII/ptolemy/actor/lib/test/auto/PublisherPort6.xml (RunModel)" time="0.016" />
  <testcase classname="ptolemy.util.test.junit.AutoTests" name="[267] /home/travis/build/icyphy/ptII/ptolemy/actor/lib/test/auto/PublisherPort7.xml (RunModel)" time="0.021" />
  <testcase classname="ptolemy.util.test.junit.AutoTests" name="[268] /home/travis/build/icyphy/ptII/ptolemy/actor/lib/test/auto/PublisherPort8.xml (RunModel)" time="0.033" />
  <testcase classname="ptolemy.util.test.junit.AutoTests" name="[269] /home/travis/build/icyphy/ptII/ptolemy/actor/lib/test/auto/PublisherPortSubscriberChannelVariablesAOC2.xml (RunModel)" time="0.048" />
  <testcase classname="ptolemy.util.test.junit.AutoTests" name="[270] /home/travis/build/icyphy/ptII/ptolemy/actor/lib/test/auto/PublisherPortSubscriberOpaqueWidthInference.xml (RunModel)" time="0.02" />
  <testcase classname="ptolemy.util.test.junit.AutoTests" name="[271] /home/travis/build/icyphy/ptII/ptolemy/actor/lib/test/auto/PublisherPortSubscriberPortAdjacent.xml (RunModel)" time="0.023" />
  <testcase classname="ptolemy.util.test.junit.AutoTests" name="[272] /home/travis/build/icyphy/ptII/ptolemy/actor/lib/test/auto/PublisherPortSubscriberPortExpression.xml (RunModel)" time="0.021" />
  <testcase classname="ptolemy.util.test.junit.AutoTests" name="[273] /home/travis/build/icyphy/ptII/ptolemy/actor/lib/test/auto/PublisherPortSubscriberPortOpaqueD3Reverse.xml (RunModel)" time="0.024" />
  <testcase classname="ptolemy.util.test.junit.AutoTests" name="[274] /home/travis/build/icyphy/ptII/ptolemy/actor/lib/test/auto/PublisherPortSubscriberPortOpaqueWidthInference.xml (RunModel)" time="0.02" />
  <testcase classname="ptolemy.util.test.junit.AutoTests" name="[275] /home/travis/build/icyphy/ptII/ptolemy/actor/lib/test/auto/PublisherPortToplevelSubscriberPortAOC.xml (RunModel)" time="0.015" />
  <testcase classname="ptolemy.util.test.junit.AutoTests" name="[276] /home/travis/build/icyphy/ptII/ptolemy/actor/lib/test/auto/PublisherSubscriber.xml (RunModel)" time="0.018" />
  <testcase classname="ptolemy.util.test.junit.AutoTests" name="[277] /home/travis/build/icyphy/ptII/ptolemy/actor/lib/test/auto/PublisherSubscriber10.xml (RunModel)" time="0.024" />
  <testcase classname="ptolemy.util.test.junit.AutoTests" name="[278] /home/travis/build/icyphy/ptII/ptolemy/actor/lib/test/auto/PublisherSubscriber10InitialOutputs.xml (RunModel)" time="0.038" />
  <testcase classname="ptolemy.util.test.junit.AutoTests" name="[279] /home/travis/build/icyphy/ptII/ptolemy/actor/lib/test/auto/PublisherSubscriber11.xml (RunModel)" time="0.021" />
  <testcase classname="ptolemy.util.test.junit.AutoTests" name="[280] /home/travis/build/icyphy/ptII/ptolemy/actor/lib/test/auto/PublisherSubscriber12.xml (RunModel)" time="0.02" />
  <testcase classname="ptolemy.util.test.junit.AutoTests" name="[281] /home/travis/build/icyphy/ptII/ptolemy/actor/lib/test/auto/PublisherSubscriber13.xml (RunModel)" time="0.024" />
  <testcase classname="ptolemy.util.test.junit.AutoTests" name="[282] /home/travis/build/icyphy/ptII/ptolemy/actor/lib/test/auto/PublisherSubscriber14.xml (RunModel)" time="0.028" />
  <testcase classname="ptolemy.util.test.junit.AutoTests" name="[283] /home/travis/build/icyphy/ptII/ptolemy/actor/lib/test/auto/PublisherSubscriber2.xml (RunModel)" time="0.015" />
  <testcase classname="ptolemy.util.test.junit.AutoTests" name="[284] /home/travis/build/icyphy/ptII/ptolemy/actor/lib/test/auto/PublisherSubscriber3.xml (RunModel)" time="0.013" />
  <testcase classname="ptolemy.util.test.junit.AutoTests" name="[285] /home/travis/build/icyphy/ptII/ptolemy/actor/lib/test/auto/PublisherSubscriber4.xml (RunModel)" time="0.014" />
  <testcase classname="ptolemy.util.test.junit.AutoTests" name="[286] /home/travis/build/icyphy/ptII/ptolemy/actor/lib/test/auto/PublisherSubscriber5.xml (RunModel)" time="0.016" />
  <testcase classname="ptolemy.util.test.junit.AutoTests" name="[287] /home/travis/build/icyphy/ptII/ptolemy/actor/lib/test/auto/PublisherSubscriber6.xml (RunModel)" time="0.019" />
  <testcase classname="ptolemy.util.test.junit.AutoTests" name="[288] /home/travis/build/icyphy/ptII/ptolemy/actor/lib/test/auto/PublisherSubscriber7.xml (RunModel)" time="0.024" />
  <testcase classname="ptolemy.util.test.junit.AutoTests" name="[289] /home/travis/build/icyphy/ptII/ptolemy/actor/lib/test/auto/PublisherSubscriber8.xml (RunModel)" time="0.037" />
  <testcase classname="ptolemy.util.test.junit.AutoTests" name="[290] /home/travis/build/icyphy/ptII/ptolemy/actor/lib/test/auto/PublisherSubscriber9.xml (RunModel)" time="0.022" />
  <testcase classname="ptolemy.util.test.junit.AutoTests" name="[291] /home/travis/build/icyphy/ptII/ptolemy/actor/lib/test/auto/PublisherSubscriberAdjacent.xml (RunModel)" time="0.018" />
  <testcase classname="ptolemy.util.test.junit.AutoTests" name="[292] /home/travis/build/icyphy/ptII/ptolemy/actor/lib/test/auto/PublisherSubscriberChannelVariablesAOC2.xml (RunModel)" time="0.036" />
  <testcase classname="ptolemy.util.test.junit.AutoTests" name="[293] /home/travis/build/icyphy/ptII/ptolemy/actor/lib/test/auto/PublisherSubscriberD3.xml (RunModel)" time="0.015" />
  <testcase classname="ptolemy.util.test.junit.AutoTests" name="[294] /home/travis/build/icyphy/ptII/ptolemy/actor/lib/test/auto/PublisherSubscriberD3Reverse.xml (RunModel)" time="0.013" />
  <testcase classname="ptolemy.util.test.junit.AutoTests" name="[295] /home/travis/build/icyphy/ptII/ptolemy/actor/lib/test/auto/PublisherSubscriberExpression.xml (RunModel)" time="0.024" />
  <testcase classname="ptolemy.util.test.junit.AutoTests" name="[296] /home/travis/build/icyphy/ptII/ptolemy/actor/lib/test/auto/PublisherSubscriberOpaque.xml (RunModel)" time="0.046" />
  <testcase classname="ptolemy.util.test.junit.AutoTests" name="[297] /home/travis/build/icyphy/ptII/ptolemy/actor/lib/test/auto/PublisherSubscriberOpaqueD3.xml (RunModel)" time="0.036" />
  <testcase classname="ptolemy.util.test.junit.AutoTests" name="[298] /home/travis/build/icyphy/ptII/ptolemy/actor/lib/test/auto/PublisherSubscriberOpaqueD3Reverse.xml (RunModel)" time="0.026" />
  <testcase classname="ptolemy.util.test.junit.AutoTests" name="[299] /home/travis/build/icyphy/ptII/ptolemy/actor/lib/test/auto/PublisherSubscriberOpaqueWidthInference.xml (RunModel)" time="0.022" />
  <testcase classname="ptolemy.util.test.junit.AutoTests" name="[300] /home/travis/build/icyphy/ptII/ptolemy/actor/lib/test/auto/PublisherTestSubscriber.xml (RunModel)" time="0.02" />
  <testcase classname="ptolemy.util.test.junit.AutoTests" name="[301] /home/travis/build/icyphy/ptII/ptolemy/actor/lib/test/auto/PublisherToplevelSubscriberPortAOC.xml (RunModel)" time="0.016" />
  <testcase classname="ptolemy.util.test.junit.AutoTests" name="[302] /home/travis/build/icyphy/ptII/ptolemy/actor/lib/test/auto/PulseFiringLimitDE.xml (RunModel)" time="0.019" />
  <testcase classname="ptolemy.util.test.junit.AutoTests" name="[303] /home/travis/build/icyphy/ptII/ptolemy/actor/lib/test/auto/Ramp1.xml (RunModel)" time="0.009" />
  <testcase classname="ptolemy.util.test.junit.AutoTests" name="[304] /home/travis/build/icyphy/ptII/ptolemy/actor/lib/test/auto/RampFiringLimitDE.xml (RunModel)" time="0.014" />
  <testcase classname="ptolemy.util.test.junit.AutoTests" name="[305] /home/travis/build/icyphy/ptII/ptolemy/actor/lib/test/auto/RampFiringLimitSDF.xml (RunModel)" time="0.013" />
  <testcase classname="ptolemy.util.test.junit.AutoTests" name="[306] /home/travis/build/icyphy/ptII/ptolemy/actor/lib/test/auto/RandomInteger.xml (RunModel)" time="0.013" />
  <testcase classname="ptolemy.util.test.junit.AutoTests" name="[307] /home/travis/build/icyphy/ptII/ptolemy/actor/lib/test/auto/ReadFile1.xml (RunModel)" time="0.012" />
  <testcase classname="ptolemy.util.test.junit.AutoTests" name="[308] /home/travis/build/icyphy/ptII/ptolemy/actor/lib/test/auto/ReadFile2.xml (RunModel)" time="0.014" />
  <testcase classname="ptolemy.util.test.junit.AutoTests" name="[309] /home/travis/build/icyphy/ptII/ptolemy/actor/lib/test/auto/Reader.xml (RunModel)" time="0.017" />
  <testcase classname="ptolemy.util.test.junit.AutoTests" name="[310] /home/travis/build/icyphy/ptII/ptolemy/actor/lib/test/auto/RecordAssemblerDisplayNameTest.xml (RunModel)" time="3.885" />
  <testcase classname="ptolemy.util.test.junit.AutoTests" name="[311] /home/travis/build/icyphy/ptII/ptolemy/actor/lib/test/auto/RecordAssemblerTypeError.xml (RunModel)" time="0.043" />
  <testcase classname="ptolemy.util.test.junit.AutoTests" name="[312] /home/travis/build/icyphy/ptII/ptolemy/actor/lib/test/auto/RecordDisassember.xml (RunModel)" time="0.016" />
  <testcase classname="ptolemy.util.test.junit.AutoTests" name="[313] /home/travis/build/icyphy/ptII/ptolemy/actor/lib/test/auto/RecordDisassemberDisplayNameTest.xml (RunModel)" time="0.024" />
  <testcase classname="ptolemy.util.test.junit.AutoTests" name="[314] /home/travis/build/icyphy/ptII/ptolemy/actor/lib/test/auto/RecordDisassembler.xml (RunModel)" time="0.016" />
  <testcase classname="ptolemy.util.test.junit.AutoTests" name="[315] /home/travis/build/icyphy/ptII/ptolemy/actor/lib/test/auto/RecordDisassembler2.xml (RunModel)" time="0.015" />
  <testcase classname="ptolemy.util.test.junit.AutoTests" name="[316] /home/travis/build/icyphy/ptII/ptolemy/actor/lib/test/auto/RecordUpdater.xml (RunModel)" time="0.014" />
  <testcase classname="ptolemy.util.test.junit.AutoTests" name="[317] /home/travis/build/icyphy/ptII/ptolemy/actor/lib/test/auto/RecordUpdater2.xml (RunModel)" time="0.013" />
  <testcase classname="ptolemy.util.test.junit.AutoTests" name="[318] /home/travis/build/icyphy/ptII/ptolemy/actor/lib/test/auto/RecursiveLattice.xml (RunModel)" time="0.011" />
  <testcase classname="ptolemy.util.test.junit.AutoTests" name="[319] /home/travis/build/icyphy/ptII/ptolemy/actor/lib/test/auto/Router.xml (RunModel)" time="3.034" />
  <testcase classname="ptolemy.util.test.junit.AutoTests" name="[320] /home/travis/build/icyphy/ptII/ptolemy/actor/lib/test/auto/Router2.xml (RunModel)" time="3.038" />
  <testcase classname="ptolemy.util.test.junit.AutoTests" name="[321] /home/travis/build/icyphy/ptII/ptolemy/actor/lib/test/auto/RunningMaximum.xml (RunModel)" time="0.021" />
  <testcase classname="ptolemy.util.test.junit.AutoTests" name="[322] /home/travis/build/icyphy/ptII/ptolemy/actor/lib/test/auto/RunningMinimum.xml (RunModel)" time="0.039" />
  <testcase classname="ptolemy.util.test.junit.AutoTests" name="[323] /home/travis/build/icyphy/ptII/ptolemy/actor/lib/test/auto/Scale.xml (RunModel)" time="0.01" />
  <testcase classname="ptolemy.util.test.junit.AutoTests" name="[324] /home/travis/build/icyphy/ptII/ptolemy/actor/lib/test/auto/Scale2.xml (RunModel)" time="0.012" />
  <testcase classname="ptolemy.util.test.junit.AutoTests" name="[325] /home/travis/build/icyphy/ptII/ptolemy/actor/lib/test/auto/Scale3.xml (RunModel)" time="0.023" />
  <testcase classname="ptolemy.util.test.junit.AutoTests" name="[326] /home/travis/build/icyphy/ptII/ptolemy/actor/lib/test/auto/ScaleArray.xml (RunModel)" time="0.011" />
  <testcase classname="ptolemy.util.test.junit.AutoTests" name="[327] /home/travis/build/icyphy/ptII/ptolemy/actor/lib/test/auto/ScaleArray2.xml (RunModel)" time="0.011" />
  <testcase classname="ptolemy.util.test.junit.AutoTests" name="[328] /home/travis/build/icyphy/ptII/ptolemy/actor/lib/test/auto/ScaleMatrix.xml (RunModel)" time="0.134" />
  <testcase classname="ptolemy.util.test.junit.AutoTests" name="[329] /home/travis/build/icyphy/ptII/ptolemy/actor/lib/test/auto/Select.xml (RunModel)" time="0.017" />
  <testcase classname="ptolemy.util.test.junit.AutoTests" name="[330] /home/travis/build/icyphy/ptII/ptolemy/actor/lib/test/auto/Select2.xml (RunModel)" time="0.013" />
  <testcase classname="ptolemy.util.test.junit.AutoTests" name="[331] /home/travis/build/icyphy/ptII/ptolemy/actor/lib/test/auto/SequenceToArray2.xml (RunModel)" time="0.189" />
  <testcase classname="ptolemy.util.test.junit.AutoTests" name="[332] /home/travis/build/icyphy/ptII/ptolemy/actor/lib/test/auto/SequentialClock.xml (RunModel)" time="0.019" />
  <testcase classname="ptolemy.util.test.junit.AutoTests" name="[333] /home/travis/build/icyphy/ptII/ptolemy/actor/lib/test/auto/SetVariable.xml (RunModel)" time="0.012" />
  <testcase classname="ptolemy.util.test.junit.AutoTests" name="[334] /home/travis/build/icyphy/ptII/ptolemy/actor/lib/test/auto/SetVariable2.xml (RunModel)" time="0.012" />
  <testcase classname="ptolemy.util.test.junit.AutoTests" name="[335] /home/travis/build/icyphy/ptII/ptolemy/actor/lib/test/auto/SetVariable3.xml (RunModel)" time="0.019" />
  <testcase classname="ptolemy.util.test.junit.AutoTests" name="[336] /home/travis/build/icyphy/ptII/ptolemy/actor/lib/test/auto/SetVariable4.xml (RunModel)" time="0.029" />
  <testcase classname="ptolemy.util.test.junit.AutoTests" name="[337] /home/travis/build/icyphy/ptII/ptolemy/actor/lib/test/auto/SetVariable5.xml (RunModel)" time="0.043" />
  <testcase classname="ptolemy.util.test.junit.AutoTests" name="[338] /home/travis/build/icyphy/ptII/ptolemy/actor/lib/test/auto/Sinewave.xml (RunModel)" time="0.032" />
  <testcase classname="ptolemy.util.test.junit.AutoTests" name="[339] /home/travis/build/icyphy/ptII/ptolemy/actor/lib/test/auto/Sinewave2.xml (RunModel)" time="0.023" />
  <testcase classname="ptolemy.util.test.junit.AutoTests" name="[340] /home/travis/build/icyphy/ptII/ptolemy/actor/lib/test/auto/Sinewave3.xml (RunModel)" time="0.023" />
  <testcase classname="ptolemy.util.test.junit.AutoTests" name="[341] /home/travis/build/icyphy/ptII/ptolemy/actor/lib/test/auto/SingleEvent.xml (RunModel)" time="0.012" />
  <testcase classname="ptolemy.util.test.junit.AutoTests" name="[342] /home/travis/build/icyphy/ptII/ptolemy/actor/lib/test/auto/Sleep.xml (RunModel)" time="6.029" />
  <testcase classname="ptolemy.util.test.junit.AutoTests" name="[343] /home/travis/build/icyphy/ptII/ptolemy/actor/lib/test/auto/SleepMultipleFire.xml (RunModel)" time="1.023" />
  <testcase classname="ptolemy.util.test.junit.AutoTests" name="[344] /home/travis/build/icyphy/ptII/ptolemy/actor/lib/test/auto/StopDE.xml (RunModel)" time="0.021" />
  <testcase classname="ptolemy.util.test.junit.AutoTests" name="[345] /home/travis/build/icyphy/ptII/ptolemy/actor/lib/test/auto/StopSDF.xml (RunModel)" time="0.013" />
  <testcase classname="ptolemy.util.test.junit.AutoTests" name="[346] /home/travis/build/icyphy/ptII/ptolemy/actor/lib/test/auto/StringConstant.xml (RunModel)" time="0.017" />
  <testcase classname="ptolemy.util.test.junit.AutoTests" name="[347] /home/travis/build/icyphy/ptII/ptolemy/actor/lib/test/auto/SubscriberPortInitialValues1.xml (RunModel)" time="0.025" />
  <testcase classname="ptolemy.util.test.junit.AutoTests" name="[348] /home/travis/build/icyphy/ptII/ptolemy/actor/lib/test/auto/SubscriberPortInitialValues13.xml (RunModel)" time="0.035" />
  <testcase classname="ptolemy.util.test.junit.AutoTests" name="[349] /home/travis/build/icyphy/ptII/ptolemy/actor/lib/test/auto/SubscriberPortInitialValues14.xml (RunModel)" time="0.02" />
  <testcase classname="ptolemy.util.test.junit.AutoTests" name="[350] /home/travis/build/icyphy/ptII/ptolemy/actor/lib/test/auto/SubscriberPortInitialValues2.xml (RunModel)" time="0.021" />
  <testcase classname="ptolemy.util.test.junit.AutoTests" name="[351] /home/travis/build/icyphy/ptII/ptolemy/actor/lib/test/auto/SubscriberPortInitialValues3.xml (RunModel)" time="0.025" />
  <testcase classname="ptolemy.util.test.junit.AutoTests" name="[352] /home/travis/build/icyphy/ptII/ptolemy/actor/lib/test/auto/SubscriptionAggregator.xml (RunModel)" time="0.015" />
  <testcase classname="ptolemy.util.test.junit.AutoTests" name="[353] /home/travis/build/icyphy/ptII/ptolemy/actor/lib/test/auto/SubscriptionAggregator2.xml (RunModel)" time="0.014" />
  <testcase classname="ptolemy.util.test.junit.AutoTests" name="[354] /home/travis/build/icyphy/ptII/ptolemy/actor/lib/test/auto/SubscriptionAggregator3.xml (RunModel)" time="0.019" />
  <testcase classname="ptolemy.util.test.junit.AutoTests" name="[355] /home/travis/build/icyphy/ptII/ptolemy/actor/lib/test/auto/SubscriptionAggregatorMultiply.xml (RunModel)" time="0.025" />
  <testcase classname="ptolemy.util.test.junit.AutoTests" name="[356] /home/travis/build/icyphy/ptII/ptolemy/actor/lib/test/auto/SubscriptionAggregatorPortMultiply1.xml (RunModel)" time="0.026" />
  <testcase classname="ptolemy.util.test.junit.AutoTests" name="[357] /home/travis/build/icyphy/ptII/ptolemy/actor/lib/test/auto/Switch.xml (RunModel)" time="0.027" />
  <testcase classname="ptolemy.util.test.junit.AutoTests" name="[358] /home/travis/build/icyphy/ptII/ptolemy/actor/lib/test/auto/Switch2.xml (RunModel)" time="0.014" />
  <testcase classname="ptolemy.util.test.junit.AutoTests" name="[359] /home/travis/build/icyphy/ptII/ptolemy/actor/lib/test/auto/SwitchDE.xml (RunModel)" time="0.019" />
  <testcase classname="ptolemy.util.test.junit.AutoTests" name="[360] /home/travis/build/icyphy/ptII/ptolemy/actor/lib/test/auto/SynchronizerDE.xml (RunModel)" time="0.025" />
  <testcase classname="ptolemy.util.test.junit.AutoTests" name="[361] /home/travis/build/icyphy/ptII/ptolemy/actor/lib/test/auto/Test.xml (RunModel)" time="0.019" />
  <testcase classname="ptolemy.util.test.junit.AutoTests" name="[362] /home/travis/build/icyphy/ptII/ptolemy/actor/lib/test/auto/TestExceptionAttribute1.xml (RunModel)" time="0.022" />
  <testcase classname="ptolemy.util.test.junit.AutoTests" name="[363] /home/travis/build/icyphy/ptII/ptolemy/actor/lib/test/auto/TestExceptionAttribute2.xml (RunModel)" time="0.014" />
  <testcase classname="ptolemy.util.test.junit.AutoTests" name="[364] /home/travis/build/icyphy/ptII/ptolemy/actor/lib/test/auto/TestExceptionAttribute3.xml (RunModel)" time="0.016" />
  <testcase classname="ptolemy.util.test.junit.AutoTests" name="[365] /home/travis/build/icyphy/ptII/ptolemy/actor/lib/test/auto/TestExceptionAttribute4.xml (RunModel)" time="0.01" />
  <testcase classname="ptolemy.util.test.junit.AutoTests" name="[366] /home/travis/build/icyphy/ptII/ptolemy/actor/lib/test/auto/TestExceptionHandler1.xml (RunModel)" time="0.014" />
  <testcase classname="ptolemy.util.test.junit.AutoTests" name="[367] /home/travis/build/icyphy/ptII/ptolemy/actor/lib/test/auto/TestExceptionHandler2.xml (RunModel)" time="0.013" />
  <testcase classname="ptolemy.util.test.junit.AutoTests" name="[368] /home/travis/build/icyphy/ptII/ptolemy/actor/lib/test/auto/TestExceptionHandler3.xml (RunModel)" time="0.007" />
  <testcase classname="ptolemy.util.test.junit.AutoTests" name="[369] /home/travis/build/icyphy/ptII/ptolemy/actor/lib/test/auto/TestExceptionHandler4.xml (RunModel)" time="0.009" />
  <testcase classname="ptolemy.util.test.junit.AutoTests" name="[370] /home/travis/build/icyphy/ptII/ptolemy/actor/lib/test/auto/TestRequireCorrectOrder.xml (RunModel)" time="0.016" />
  <testcase classname="ptolemy.util.test.junit.AutoTests" name="[371] /home/travis/build/icyphy/ptII/ptolemy/actor/lib/test/auto/TestSimple.xml (RunModel)" time="0.009" />
  <testcase classname="ptolemy.util.test.junit.AutoTests" name="[372] /home/travis/build/icyphy/ptII/ptolemy/actor/lib/test/auto/ThrowModelError.xml (RunModel)" time="0.014" />
  <testcase classname="ptolemy.util.test.junit.AutoTests" name="[373] /home/travis/build/icyphy/ptII/ptolemy/actor/lib/test/auto/TimeDelayMicrosteps.xml (RunModel)" time="0.016" />
  <testcase classname="ptolemy.util.test.junit.AutoTests" name="[374] /home/travis/build/icyphy/ptII/ptolemy/actor/lib/test/auto/TimeDelayMicrosteps2.xml (RunModel)" time="0.019" />
  <testcase classname="ptolemy.util.test.junit.AutoTests" name="[375] /home/travis/build/icyphy/ptII/ptolemy/actor/lib/test/auto/TimeDelayMicrosteps3.xml (RunModel)" time="0.015" />
  <testcase classname="ptolemy.util.test.junit.AutoTests" name="[376] /home/travis/build/icyphy/ptII/ptolemy/actor/lib/test/auto/TimeDelayVariableMicrosteps.xml (RunModel)" time="0.015" />
  <testcase classname="ptolemy.util.test.junit.AutoTests" name="[377] /home/travis/build/icyphy/ptII/ptolemy/actor/lib/test/auto/TimeGap.xml (RunModel)" time="0.018" />
  <testcase classname="ptolemy.util.test.junit.AutoTests" name="[378] /home/travis/build/icyphy/ptII/ptolemy/actor/lib/test/auto/TimeGap2.xml (RunModel)" time="0.014" />
  <testcase classname="ptolemy.util.test.junit.AutoTests" name="[379] /home/travis/build/icyphy/ptII/ptolemy/actor/lib/test/auto/TimedSinewave.xml (RunModel)" time="0.063" />
  <testcase classname="ptolemy.util.test.junit.AutoTests" name="[380] /home/travis/build/icyphy/ptII/ptolemy/actor/lib/test/auto/TimedSinewavePhase.xml (RunModel)" time="0.053" />
  <testcase classname="ptolemy.util.test.junit.AutoTests" name="[381] /home/travis/build/icyphy/ptII/ptolemy/actor/lib/test/auto/Timer.xml (RunModel)" time="0.022" />
  <testcase classname="ptolemy.util.test.junit.AutoTests" name="[382] /home/travis/build/icyphy/ptII/ptolemy/actor/lib/test/auto/TriangularDistTestModel.xml (RunModel)" time="0.02" />
  <testcase classname="ptolemy.util.test.junit.AutoTests" name="[383] /home/travis/build/icyphy/ptII/ptolemy/actor/lib/test/auto/TrigFunction.xml (RunModel)" time="0.01" />
  <testcase classname="ptolemy.util.test.junit.AutoTests" name="[384] /home/travis/build/icyphy/ptII/ptolemy/actor/lib/test/auto/TrigFunctionDE.xml (RunModel)" time="0.012" />
  <testcase classname="ptolemy.util.test.junit.AutoTests" name="[385] /home/travis/build/icyphy/ptII/ptolemy/actor/lib/test/auto/TrigFunctionInverse.xml (RunModel)" time="0.011" />
  <testcase classname="ptolemy.util.test.junit.AutoTests" name="[386] /home/travis/build/icyphy/ptII/ptolemy/actor/lib/test/auto/TrigFunctionTan.xml (RunModel)" time="0.009" />
  <testcase classname="ptolemy.util.test.junit.AutoTests" name="[387] /home/travis/build/icyphy/ptII/ptolemy/actor/lib/test/auto/TriggeredClock.xml (RunModel)" time="0.011" />
  <testcase classname="ptolemy.util.test.junit.AutoTests" name="[388] /home/travis/build/icyphy/ptII/ptolemy/actor/lib/test/auto/URLDirectoryReader.xml (RunModel)" time="0.142" />
  <testcase classname="ptolemy.util.test.junit.AutoTests" name="[389] /home/travis/build/icyphy/ptII/ptolemy/actor/lib/test/auto/URLDirectoryReader3.xml (RunModel)" time="1.488" />
  <testcase classname="ptolemy.util.test.junit.AutoTests" name="[390] /home/travis/build/icyphy/ptII/ptolemy/actor/lib/test/auto/UnaryMathFunction.xml (RunModel)" time="0.045" />
  <testcase classname="ptolemy.util.test.junit.AutoTests" name="[391] /home/travis/build/icyphy/ptII/ptolemy/actor/lib/test/auto/Uniform.xml (RunModel)" time="0.014" />
  <testcase classname="ptolemy.util.test.junit.AutoTests" name="[392] /home/travis/build/icyphy/ptII/ptolemy/actor/lib/test/auto/UnionDisassemblerTest.xml (RunModel)" time="0.014" />
  <testcase classname="ptolemy.util.test.junit.AutoTests" name="[393] /home/travis/build/icyphy/ptII/ptolemy/actor/lib/test/auto/UtilityFunctions.xml (RunModel)" time="0.011" />
  <testcase classname="ptolemy.util.test.junit.AutoTests" name="[394] /home/travis/build/icyphy/ptII/ptolemy/actor/lib/test/auto/VariableSleep.xml (RunModel)" time="0.515" />
  <testcase classname="ptolemy.util.test.junit.AutoTests" name="[395] /home/travis/build/icyphy/ptII/ptolemy/actor/lib/test/auto/VectorAssemblerDisassemblerCT.xml (RunModel)" time="0.133" />
  <testcase classname="ptolemy.util.test.junit.AutoTests" name="[396] /home/travis/build/icyphy/ptII/ptolemy/actor/lib/test/auto/VectorAssemblerDisassemblerDE.xml (RunModel)" time="0.029" />
  <testcase classname="ptolemy.util.test.junit.AutoTests" name="[397] /home/travis/build/icyphy/ptII/ptolemy/actor/lib/test/auto/VectorAssemblerDisassemblerSDF.xml (RunModel)" time="0.023" />
  <testcase classname="ptolemy.util.test.junit.AutoTests" name="[398] /home/travis/build/icyphy/ptII/ptolemy/actor/lib/test/auto/WallClockTime.xml (RunModel)" time="1.018" />
  <testcase classname="ptolemy.util.test.junit.AutoTests" name="[399] /home/travis/build/icyphy/ptII/ptolemy/actor/lib/test/auto/WidthTestWithSubscriberPublisher.xml (RunModel)" time="0.045" />
  <testcase classname="ptolemy.util.test.junit.AutoTests" name="[400] /home/travis/build/icyphy/ptII/ptolemy/actor/lib/test/auto/WidthTestWithSubscriberPublisher2.xml (RunModel)" time="0.019" />
  <testcase classname="ptolemy.util.test.junit.AutoTests" name="[401] /home/travis/build/icyphy/ptII/ptolemy/actor/lib/test/auto/WidthTestWithSubscriberPublisher3.xml (RunModel)" time="0.016" />
  <testcase classname="ptolemy.util.test.junit.AutoTests" name="[402] /home/travis/build/icyphy/ptII/ptolemy/actor/lib/test/auto/Writer.xml (RunModel)" time="0.01" />
  <testcase classname="ptolemy.util.test.junit.AutoTests" name="[403] /home/travis/build/icyphy/ptII/ptolemy/actor/lib/test/auto/array.xml (RunModel)" time="0.013" />
  <testcase classname="ptolemy.util.test.junit.AutoTests" name="[404] /home/travis/build/icyphy/ptII/ptolemy/actor/lib/test/auto/array2.xml (RunModel)" time="0.012" />
  <testcase classname="ptolemy.util.test.junit.AutoTests" name="[405] /home/travis/build/icyphy/ptII/ptolemy/actor/lib/test/auto/arrayType.xml (RunModel)" time="0.014" />
  <testcase classname="ptolemy.util.test.junit.AutoTests" name="[406] /home/travis/build/icyphy/ptII/ptolemy/actor/lib/test/auto/arrayType10.xml (RunModel)" time="0.014" />
  <testcase classname="ptolemy.util.test.junit.AutoTests" name="[407] /home/travis/build/icyphy/ptII/ptolemy/actor/lib/test/auto/arrayType11.xml (RunModel)" time="0.012" />
  <testcase classname="ptolemy.util.test.junit.AutoTests" name="[408] /home/travis/build/icyphy/ptII/ptolemy/actor/lib/test/auto/arrayType12.xml (RunModel)" time="0.012" />
  <testcase classname="ptolemy.util.test.junit.AutoTests" name="[409] /home/travis/build/icyphy/ptII/ptolemy/actor/lib/test/auto/arrayType13.xml (RunModel)" time="0.012" />
  <testcase classname="ptolemy.util.test.junit.AutoTests" name="[410] /home/travis/build/icyphy/ptII/ptolemy/actor/lib/test/auto/arrayType14.xml (RunModel)" time="0.013" />
  <testcase classname="ptolemy.util.test.junit.AutoTests" name="[411] /home/travis/build/icyphy/ptII/ptolemy/actor/lib/test/auto/arrayType15.xml (RunModel)" time="0.013" />
  <testcase classname="ptolemy.util.test.junit.AutoTests" name="[412] /home/travis/build/icyphy/ptII/ptolemy/actor/lib/test/auto/arrayType16.xml (RunModel)" time="0.015" />
  <testcase classname="ptolemy.util.test.junit.AutoTests" name="[413] /home/travis/build/icyphy/ptII/ptolemy/actor/lib/test/auto/arrayType17.xml (RunModel)" time="0.013" />
  <testcase classname="ptolemy.util.test.junit.AutoTests" name="[414] /home/travis/build/icyphy/ptII/ptolemy/actor/lib/test/auto/arrayType18.xml (RunModel)" time="0.012" />
  <testcase classname="ptolemy.util.test.junit.AutoTests" name="[415] /home/travis/build/icyphy/ptII/ptolemy/actor/lib/test/auto/arrayType19.xml (RunModel)" time="0.012" />
  <testcase classname="ptolemy.util.test.junit.AutoTests" name="[416] /home/travis/build/icyphy/ptII/ptolemy/actor/lib/test/auto/arrayType2.xml (RunModel)" time="0.012" />
  <testcase classname="ptolemy.util.test.junit.AutoTests" name="[417] /home/travis/build/icyphy/ptII/ptolemy/actor/lib/test/auto/arrayType20.xml (RunModel)" time="0.012" />
  <testcase classname="ptolemy.util.test.junit.AutoTests" name="[418] /home/travis/build/icyphy/ptII/ptolemy/actor/lib/test/auto/arrayType21.xml (RunModel)" time="0.011" />
  <testcase classname="ptolemy.util.test.junit.AutoTests" name="[419] /home/travis/build/icyphy/ptII/ptolemy/actor/lib/test/auto/arrayType22.xml (RunModel)" time="0.014" />
  <testcase classname="ptolemy.util.test.junit.AutoTests" name="[420] /home/travis/build/icyphy/ptII/ptolemy/actor/lib/test/auto/arrayType23.xml (RunModel)" time="0.011" />
  <testcase classname="ptolemy.util.test.junit.AutoTests" name="[421] /home/travis/build/icyphy/ptII/ptolemy/actor/lib/test/auto/arrayType24.xml (RunModel)" time="0.012" />
  <testcase classname="ptolemy.util.test.junit.AutoTests" name="[422] /home/travis/build/icyphy/ptII/ptolemy/actor/lib/test/auto/arrayType25.xml (RunModel)" time="0.011" />
  <testcase classname="ptolemy.util.test.junit.AutoTests" name="[423] /home/travis/build/icyphy/ptII/ptolemy/actor/lib/test/auto/arrayType26.xml (RunModel)" time="0.012" />
  <testcase classname="ptolemy.util.test.junit.AutoTests" name="[424] /home/travis/build/icyphy/ptII/ptolemy/actor/lib/test/auto/arrayType27.xml (RunModel)" time="0.011" />
  <testcase classname="ptolemy.util.test.junit.AutoTests" name="[425] /home/travis/build/icyphy/ptII/ptolemy/actor/lib/test/auto/arrayType28.xml (RunModel)" time="0.017" />
  <testcase classname="ptolemy.util.test.junit.AutoTests" name="[426] /home/travis/build/icyphy/ptII/ptolemy/actor/lib/test/auto/arrayType3.xml (RunModel)" time="0.018" />
  <testcase classname="ptolemy.util.test.junit.AutoTests" name="[427] /home/travis/build/icyphy/ptII/ptolemy/actor/lib/test/auto/arrayType4.xml (RunModel)" time="0.011" />
  <testcase classname="ptolemy.util.test.junit.AutoTests" name="[428] /home/travis/build/icyphy/ptII/ptolemy/actor/lib/test/auto/arrayType5.xml (RunModel)" time="0.011" />
  <testcase classname="ptolemy.util.test.junit.AutoTests" name="[429] /home/travis/build/icyphy/ptII/ptolemy/actor/lib/test/auto/arrayType6.xml (RunModel)" time="0.027" />
  <testcase classname="ptolemy.util.test.junit.AutoTests" name="[430] /home/travis/build/icyphy/ptII/ptolemy/actor/lib/test/auto/arrayType7.xml (RunModel)" time="0.01" />
  <testcase classname="ptolemy.util.test.junit.AutoTests" name="[431] /home/travis/build/icyphy/ptII/ptolemy/actor/lib/test/auto/arrayType8.xml (RunModel)" time="0.017" />
  <testcase classname="ptolemy.util.test.junit.AutoTests" name="[432] /home/travis/build/icyphy/ptII/ptolemy/actor/lib/test/auto/arrayType9.xml (RunModel)" time="0.012" />
  <testcase classname="ptolemy.util.test.junit.AutoTests" name="[433] /home/travis/build/icyphy/ptII/ptolemy/actor/lib/test/auto/cast.xml (RunModel)" time="0.011" />
  <testcase classname="ptolemy.util.test.junit.AutoTests" name="[434] /home/travis/build/icyphy/ptII/ptolemy/actor/lib/test/auto/compositeMultiPort.xml (RunModel)" time="0.029" />
  <testcase classname="ptolemy.util.test.junit.AutoTests" name="[435] /home/travis/build/icyphy/ptII/ptolemy/actor/lib/test/auto/expressionCastInference.xml (RunModel)" time="0.014" />
  <testcase classname="ptolemy.util.test.junit.AutoTests" name="[436] /home/travis/build/icyphy/ptII/ptolemy/actor/lib/test/auto/expressionCastInference2.xml (RunModel)" time="0.01" />
  <testcase classname="ptolemy.util.test.junit.AutoTests" name="[437] /home/travis/build/icyphy/ptII/ptolemy/actor/lib/test/auto/expressionInference.xml (RunModel)" time="0.01" />
  <testcase classname="ptolemy.util.test.junit.AutoTests" name="[438] /home/travis/build/icyphy/ptII/ptolemy/actor/lib/test/auto/expression_bug.xml (RunModel)" time="0.009" />
  <testcase classname="ptolemy.util.test.junit.AutoTests" name="[439] /home/travis/build/icyphy/ptII/ptolemy/actor/lib/test/auto/factorial.xml (RunModel)" time="0.05" />
  <testcase classname="ptolemy.util.test.junit.AutoTests" name="[440] /home/travis/build/icyphy/ptII/ptolemy/actor/lib/test/auto/filterTest1.xml (RunModel)" time="0.018" />
  <testcase classname="ptolemy.util.test.junit.AutoTests" name="[441] /home/travis/build/icyphy/ptII/ptolemy/actor/lib/test/auto/funcApplyInConst.xml (RunModel)" time="0.014" />
  <testcase classname="ptolemy.util.test.junit.AutoTests" name="[442] /home/travis/build/icyphy/ptII/ptolemy/actor/lib/test/auto/funcApplyInExpr.xml (RunModel)" time="0.007" />
  <testcase classname="ptolemy.util.test.junit.AutoTests" name="[443] /home/travis/build/icyphy/ptII/ptolemy/actor/lib/test/auto/function.xml (RunModel)" time="0.011" />
  <testcase classname="ptolemy.util.test.junit.AutoTests" name="[444] /home/travis/build/icyphy/ptII/ptolemy/actor/lib/test/auto/function2.xml (RunModel)" time="0.017" />
  <testcase classname="ptolemy.util.test.junit.AutoTests" name="[445] /home/travis/build/icyphy/ptII/ptolemy/actor/lib/test/auto/function3.xml (RunModel)" time="0.01" />
  <testcase classname="ptolemy.util.test.junit.AutoTests" name="[446] /home/travis/build/icyphy/ptII/ptolemy/actor/lib/test/auto/functionClosureTest1.xml (RunModel)" time="0.013" />
  <testcase classname="ptolemy.util.test.junit.AutoTests" name="[447] /home/travis/build/icyphy/ptII/ptolemy/actor/lib/test/auto/functionClosureTest2.xml (RunModel)" time="0.009" />
  <testcase classname="ptolemy.util.test.junit.AutoTests" name="[448] /home/travis/build/icyphy/ptII/ptolemy/actor/lib/test/auto/functionClosureTest3.xml (RunModel)" time="0.014" />
  <testcase classname="ptolemy.util.test.junit.AutoTests" name="[449] /home/travis/build/icyphy/ptII/ptolemy/actor/lib/test/auto/functionClosureTest4.xml (RunModel)" time="0.022" />
  <testcase classname="ptolemy.util.test.junit.AutoTests" name="[450] /home/travis/build/icyphy/ptII/ptolemy/actor/lib/test/auto/functionClosureTest5.xml (RunModel)" time="0.016" />
  <testcase classname="ptolemy.util.test.junit.AutoTests" name="[451] /home/travis/build/icyphy/ptII/ptolemy/actor/lib/test/auto/functionClosureTest6.xml (RunModel)" time="0.011" />
  <testcase classname="ptolemy.util.test.junit.AutoTests" name="[452] /home/travis/build/icyphy/ptII/ptolemy/actor/lib/test/auto/functionsOnArcs.xml (RunModel)" time="0.014" />
  <testcase classname="ptolemy.util.test.junit.AutoTests" name="[453] /home/travis/build/icyphy/ptII/ptolemy/actor/lib/test/auto/functionsOnArcsHOF.xml (RunModel)" time="0.017" />
  <testcase classname="ptolemy.util.test.junit.AutoTests" name="[454] /home/travis/build/icyphy/ptII/ptolemy/actor/lib/test/auto/logic.xml (RunModel)" time="0.099" />
  <testcase classname="ptolemy.util.test.junit.AutoTests" name="[455] /home/travis/build/icyphy/ptII/ptolemy/actor/lib/test/auto/matrixType.xml (RunModel)" time="0.04" />
  <testcase classname="ptolemy.util.test.junit.AutoTests" name="[456] /home/travis/build/icyphy/ptII/ptolemy/actor/lib/test/auto/matrixType10.xml (RunModel)" time="0.044" />
  <testcase classname="ptolemy.util.test.junit.AutoTests" name="[457] /home/travis/build/icyphy/ptII/ptolemy/actor/lib/test/auto/matrixType11.xml (RunModel)" time="0.039" />
  <testcase classname="ptolemy.util.test.junit.AutoTests" name="[458] /home/travis/build/icyphy/ptII/ptolemy/actor/lib/test/auto/matrixType12.xml (RunModel)" time="0.074" />
  <testcase classname="ptolemy.util.test.junit.AutoTests" name="[459] /home/travis/build/icyphy/ptII/ptolemy/actor/lib/test/auto/matrixType13.xml (RunModel)" time="0.044" />
  <testcase classname="ptolemy.util.test.junit.AutoTests" name="[460] /home/travis/build/icyphy/ptII/ptolemy/actor/lib/test/auto/matrixType14.xml (RunModel)" time="0.038" />
  <testcase classname="ptolemy.util.test.junit.AutoTests" name="[461] /home/travis/build/icyphy/ptII/ptolemy/actor/lib/test/auto/matrixType2.xml (RunModel)" time="0.012" />
  <testcase classname="ptolemy.util.test.junit.AutoTests" name="[462] /home/travis/build/icyphy/ptII/ptolemy/actor/lib/test/auto/matrixType3.xml (RunModel)" time="0.013" />
  <testcase classname="ptolemy.util.test.junit.AutoTests" name="[463] /home/travis/build/icyphy/ptII/ptolemy/actor/lib/test/auto/matrixType4.xml (RunModel)" time="0.01" />
  <testcase classname="ptolemy.util.test.junit.AutoTests" name="[464] /home/travis/build/icyphy/ptII/ptolemy/actor/lib/test/auto/matrixType5.xml (RunModel)" time="0.01" />
  <testcase classname="ptolemy.util.test.junit.AutoTests" name="[465] /home/travis/build/icyphy/ptII/ptolemy/actor/lib/test/auto/matrixType6.xml (RunModel)" time="0.011" />
  <testcase classname="ptolemy.util.test.junit.AutoTests" name="[466] /home/travis/build/icyphy/ptII/ptolemy/actor/lib/test/auto/matrixType7.xml (RunModel)" time="0.01" />
  <testcase classname="ptolemy.util.test.junit.AutoTests" name="[467] /home/travis/build/icyphy/ptII/ptolemy/actor/lib/test/auto/matrixType8.xml (RunModel)" time="0.011" />
  <testcase classname="ptolemy.util.test.junit.AutoTests" name="[468] /home/travis/build/icyphy/ptII/ptolemy/actor/lib/test/auto/matrixType9.xml (RunModel)" time="0.01" />
  <testcase classname="ptolemy.util.test.junit.AutoTests" name="[469] /home/travis/build/icyphy/ptII/ptolemy/actor/lib/test/auto/paraFunctest.xml (RunModel)" time="0.009" />
  <testcase classname="ptolemy.util.test.junit.AutoTests" name="[470] /home/travis/build/icyphy/ptII/ptolemy/actor/lib/test/auto/paraFunctest2.xml (RunModel)" time="0.012" />
  <testcase classname="ptolemy.util.test.junit.AutoTests" name="[471] /home/travis/build/icyphy/ptII/ptolemy/actor/lib/test/auto/parameterPassing.xml (RunModel)" time="0.011" />
  <testcase classname="ptolemy.util.test.junit.AutoTests" name="[472] /home/travis/build/icyphy/ptII/ptolemy/actor/lib/test/auto/record.xml (RunModel)" time="0.013" />
  <testcase classname="ptolemy.util.test.junit.AutoTests" name="[473] /home/travis/build/icyphy/ptII/ptolemy/actor/lib/test/auto/sizedarray1.xml (RunModel)" time="0.014" />
  <testcase classname="ptolemy.util.test.junit.AutoTests" name="[474] /home/travis/build/icyphy/ptII/ptolemy/actor/lib/test/auto/sizedarray2.xml (RunModel)" time="0.012" />
  <testcase classname="ptolemy.util.test.junit.AutoTests" name="[475] /home/travis/build/icyphy/ptII/ptolemy/actor/lib/test/auto/twoPublishers.xml (RunModel)" time="0.028" />
  <system-out><![CDATA[/home/travis/build/icyphy/ptII/ptolemy/actor/lib/test/AbsoluteValue.tcl
testDefs.tcl: setting time out to 9000 seconds at Tue Jul 16 06:39:13 UTC 2019
111 ms. Memory: 120832K Free: 85960K (71%)
5 ms. Memory: 120832K Free: 83912K (69%)
14 ms. Memory: 120832K Free: 83391K (69%)
16 ms. Memory: 120832K Free: 82359K (68%)
/home/travis/build/icyphy/ptII/ptolemy/actor/lib/test/AddSubtract.tcl
28 ms. Memory: 120832K Free: 80326K (66%)
11 ms. Memory: 120832K Free: 79816K (66%)
17 ms. Memory: 120832K Free: 78792K (65%)
22 ms. Memory: 120832K Free: 78263K (65%)
106 ms. Memory: 120832K Free: 75206K (62%)
7 ms. Memory: 120832K Free: 74696K (62%)
/home/travis/build/icyphy/ptII/ptolemy/actor/lib/test/Average.tcl
9 ms. Memory: 120832K Free: 73127K (61%)
8 ms. Memory: 120832K Free: 71624K (59%)
/home/travis/build/icyphy/ptII/ptolemy/actor/lib/test/Bernoulli.tcl
9 ms. Memory: 120832K Free: 70071K (58%)
10 ms. Memory: 120832K Free: 69576K (58%)
/home/travis/build/icyphy/ptII/ptolemy/actor/lib/test/Clock.tcl
preinitializing
resolving types
initializing
executing number 1
wrapping up
idle
55 ms. Memory: 120832K Free: 67014K (55%)
Completed execution with 5 iterations
preinitializing
resolving types
initializing
executing number 1
wrapping up
idle
11 ms. Memory: 120832K Free: 65990K (55%)
Completed execution with 5 iterations
preinitializing
resolving types
initializing
executing number 1
wrapping up
idle
4 ms. Memory: 120832K Free: 65480K (54%)
Completed execution with 5 iterations
/home/travis/build/icyphy/ptII/ptolemy/actor/lib/test/Commutator.tcl
23 ms. Memory: 120832K Free: 63432K (52%)
21 ms. Memory: 120832K Free: 62408K (52%)
13 ms. Memory: 120832K Free: 56759K (47%)
/home/travis/build/icyphy/ptII/ptolemy/actor/lib/test/Const.tcl
4 ms. Memory: 120832K Free: 55240K (46%)
2 ms. Memory: 120832K Free: 54711K (45%)
10 ms. Memory: 120832K Free: 54216K (45%)
3 ms. Memory: 120832K Free: 53671K (44%)
3 ms. Memory: 120832K Free: 53192K (44%)
27 ms. Memory: 120832K Free: 51654K (43%)
15 ms. Memory: 120832K Free: 50120K (41%)
5 ms. Memory: 120832K Free: 49575K (41%)
/home/travis/build/icyphy/ptII/ptolemy/actor/lib/test/CurrentTime.tcl
preinitializing
resolving types
initializing
executing number 1
wrapping up
idle
23 ms. Memory: 120832K Free: 47558K (39%)
Completed execution with 11 iterations
/home/travis/build/icyphy/ptII/ptolemy/actor/lib/test/DB.tcl
20 ms. Memory: 120832K Free: 46024K (38%)
3 ms. Memory: 120832K Free: 107360K (89%)
1 ms. Memory: 120832K Free: 106850K (88%)
/home/travis/build/icyphy/ptII/ptolemy/actor/lib/test/DiscreteRandomSource.tcl
preinitializing
resolving types
initializing
executing number 1
wrapping up
idle
5 ms. Memory: 120832K Free: 104802K (87%)
Completed execution with 4 iterations
preinitializing
resolving types
initializing
executing number 1
wrapping up
idle
3 ms. Memory: 120832K Free: 104288K (86%)
Completed execution with 4 iterations
preinitializing
resolving types
initializing
executing number 1
wrapping up
idle
4 ms. Memory: 120832K Free: 103778K (86%)
Completed execution with 4 iterations
preinitializing
resolving types
initializing
executing number 1
wrapping up
idle
3 ms. Memory: 120832K Free: 103258K (85%)
Completed execution with 4 iterations
preinitializing
resolving types
initializing
executing number 1
wrapping up
idle
4 ms. Memory: 120832K Free: 102754K (85%)
Completed execution with 4 iterations
/home/travis/build/icyphy/ptII/ptolemy/actor/lib/test/Distributor.tcl
5 ms. Memory: 120832K Free: 101216K (84%)
5 ms. Memory: 120832K Free: 100192K (83%)
StreamChangeRequest.changeExecuted(): <deleteEntity name="rec2"/> succeeded
StreamChangeRequest.changeExecuted(): <deleteRelation name="r2"/> succeeded
StreamChangeRequest.changeExecuted(): Record firings per iteration succeeded
14 ms. Memory: 120832K Free: 98144K (81%)
/home/travis/build/icyphy/ptII/ptolemy/actor/lib/test/Exit.tcl
Exit.tcl: this will print a message about Manager.exitAfterWrapup, which can be ignored.
9 ms. Memory: 120832K Free: 105534K (87%)
/home/travis/build/icyphy/ptII/ptolemy/actor/lib/test/Expression.tcl
16 ms. Memory: 120832K Free: 101910K (84%)
4 ms. Memory: 120832K Free: 101332K (84%)
3 ms. Memory: 120832K Free: 100316K (83%)
preinitializing
resolving types
initializing
executing number 1
wrapping up
idle
16 ms. Memory: 120832K Free: 99276K (82%)
Completed execution with 6 iterations
13 ms. Memory: 120832K Free: 98268K (81%)
4 ms. Memory: 120832K Free: 97236K (80%)
10 ms. Memory: 120832K Free: 96228K (80%)
7 ms. Memory: 120832K Free: 95196K (79%)
8 ms. Memory: 120832K Free: 93704K (78%)
/home/travis/build/icyphy/ptII/ptolemy/actor/lib/test/Gaussian.tcl
9 ms. Memory: 120832K Free: 92146K (76%)
sleeping 1 seconds: ..............................................................................................................................................................................................................................................................................................................................................................................................................................................................................................................................................................................................................................................................................................................................................................................................................................................................................................................................................................................................................................................................................................................................................................................................................................................................................................................................................................................................................................................................................................................................................................................................................................................................................................................................................................................................................................................................................................................................................................................................................................................................................................................................................................................................................................................................................................................................................................................................................................................................................................................................................................................................................................................................................................................................................................................................................................................................................................................................................................................................................................................................................................................................................................................................................................................................................................................................................................................................................................................................................................................................................................................................................................................................................................................................................................................................................................................................................................................................................................................................................................................................................................................................................................................................................................................................................................................................................................................................................................................................................................................................................................................................................................................................................................................................................................................................................................................................................................................................................................................................................................................................................................................................................................................................................................................................................................................................................................................................................................................................................................................................................................................................................................................................................................................................................................................................................................................................................................................................................................................................................................................................................................................................................................................................................................................................................................................................................................................................................................................................................................................................................................................................................................................................................................................................................................................................................................................................................................................................................................................................................................................................................................................................................................................................................................................................................................................................................................................................................................................................................................................................................................................................................................................................................................................................................................................................................................................................................................................................................................................................................................................................................................................................................................................................................................................................................................................................................................................................................................................................................................................................................................................................................................................................................................................................................................................................................................................................................................................................................................................................................................................................................................................................................................................................................................................................................................................................................................................................................................................................................................................................................................................................................................................................................................................................................................................................................................................................................................................................................................................................................................................................................................................................................................................................................................................................................................................................................................................................................................................................................................................................................................................................................................................................................................................................................................................................................................................................................................................................................................................................................................................................................................................................................................................................................................................................................................................................................................................................................................................................................................................................................................................................................................................................................................................................................................................................................................................................................................................................................................................................................................................................................................................................................................................................................................................................................................................................................................................................................................................................................................................................................................................................................................................................................................................................................................................................................................................................................................................................................................................................................................................................................................................................................................................................................................................................................................................................................................................................................................................................................................................................................................................................................................................................................................................................................................................................................................................................................................................................................................................................................................................................................................................................................................................................................................................................................................................................................................................................................................................................................................................................................................................................................................................................................................................................................................................................................................................................................................................................................................................................................................................................................................................................................................................................................................................................................................................................................................................................................................................................................................................................................................................................................................................................................................................................................................................................................................................................................................................................................................................................................................................................................................................................................................................................................................................................................................................................................................................................................................................................................................................................................................................................................................................................................................................................................................................................................................................................................................................................................................................................................................................................................................................................................................................................................................................................................................................................................................................................................................................................................................................................................................................................................................................................................................................................................................................................................................................................................................................................................................................................................................................................................................................................................................................................................................................................................................................................................................................................................................................................................................................................................................................................................................................................................................................................................................................................................................................................................................................................................................................................................................................................................................................................................................................................................................................................................................................................................................................................................................................................................................................................................................................................................................................................................................................................................................................................................................................................................................................................................................................................................................................................................................................................................................................................................................................................................................................................................................................................................................................................................................................................................................................................................................................................................................................................................................................................................................................................................................................................................................................................................................................................................................................................................................................................................................................................................................................................................................................................................................................................................................................................................................................................................................................................................................................................................................................................................................................................................................................................................................................................................................................................................................................................................................................................................................................................................................................................................................................................................................................................................................................................................................................................................................................................................................................................................................................................................................................................................................................................................................................................................................................................................................................................................................................................................................................................................................................................................................................................................................................................................................................................................................................................................................................................................................................................................................................................................................................................................................................................................................................................................................................................................................................................................................................................................................................................................................................................................................................................................................................................................................................................................................................................................................................................................................................................................................................................................................................................................................................................................................................................................................................................................................................................................................................................................................................................................................................................................................................................................................................................................................................................................................................................................................................................................................................................................................................................................................................................................................................................................................................................................................................................................................................................................................................................................................................................................................................................................................................................................................................................................................................................................................................................................................................................................................................................................................................................................................................................................................................................................................................................................................................................................................................................................................................................................................................................................................................................................................................................................................................................................................................................................................................................................................................................................................................................................................................................................................................................................................................................................................................................................................................................................................................................................................................................................................................................................................................................................................................................................................................................................................................................................................................................................................................................................................................................................................................................................................................................................................................................................................................................................................................................................................................................................................................................................................................................................................................................................................................................................................................................................................................................................................................................................................................................................................................................................................................................................................................................................................................................................................................................................................................................................................................................................................................................................................................................................................................................................................................................................................................................................................................................................................................................................................................................................................................................................................................................................................................................................................................................................................................................................................................................................................................................................................................................................................................................................................................................................................................................................................................................................................................................................................................................................................................................................................................................................................................................................................................................................................................................................................................................................................................................................................................................................................................................................................................................................................................................................................................................................................................................................................................................................................................................................................................................................................................................................................................................................................................................................................................................................................................................................................................................................................................................................................................................................................................................................................................................................................................................................................................................................................................................................................................................................................................................................................................................................................................................................................................................................................................................................................................................................................................................................................................................................................................................................................................................................................................................................................................................................................................................................................................................................................................................................................................................................................................................................................................................................................................................................................................................................................................................................................................................................................................................................................................................................................................................................................................................................................................................................................................................................................................................................................................................................................................................................................................................................................................................................................................................................................................................................................................................................................................................................................................................................................................................................................................................................................................................................................................................................................................................................................................................................................................................................................................................................................................................................................................................................................................................................................................................................................................................................................................................................................................................................................................................................................................................................................................................................................................................................................................................................................................................................................................................................................................................................................................................................................................................................................................................................................................................................................................................................................................................................................................................................................................................................................................................................................................................................................................................................................................................................................................................................................................................................................................................................................................................................................................................................................................................................................................................................................................................................................................................................................................................................................................................................................................................................................................................................................................................................................................................................................................................................................................................................................................................................................................................................................................................................................................................................................................................................................................................................................................................................................................................................................................................................................................................................................................................9 ms. Memory: 120832K Free: 90564K (75%)
2 ms. Memory: 120832K Free: 90020K (75%)
1 ms. Memory: 120832K Free: 89028K (74%)
3 ms. Memory: 120832K Free: 88518K (73%)
4 ms. Memory: 120832K Free: 87990K (73%)
/home/travis/build/icyphy/ptII/ptolemy/actor/lib/test/IIR.tcl
/home/travis/build/icyphy/ptII/ptolemy/actor/lib/test/Interpolator.tcl
8 ms. Memory: 120832K Free: 84422K (70%)
4 ms. Memory: 120832K Free: 83908K (69%)
3 ms. Memory: 120832K Free: 82884K (69%)
4 ms. Memory: 120832K Free: 82374K (68%)
7 ms. Memory: 120832K Free: 81350K (67%)
5 ms. Memory: 120832K Free: 80822K (67%)
11 ms. Memory: 120832K Free: 79798K (66%)
3 ms. Memory: 120832K Free: 78774K (65%)
3 ms. Memory: 120832K Free: 78278K (65%)
5 ms. Memory: 120832K Free: 77254K (64%)
/home/travis/build/icyphy/ptII/ptolemy/actor/lib/test/MathFunction.tcl
4 ms. Memory: 120832K Free: 75206K (62%)
2 ms. Memory: 120832K Free: 74182K (61%)
2 ms. Memory: 120832K Free: 73158K (61%)
2 ms. Memory: 120832K Free: 72134K (60%)
5 ms. Memory: 120832K Free: 70566K (58%)
7 ms. Memory: 120832K Free: 69062K (57%)
/home/travis/build/icyphy/ptII/ptolemy/actor/lib/test/Maximum.tcl
5 ms. Memory: 120832K Free: 67014K (55%)
2 ms. Memory: 120832K Free: 66486K (55%)
3 ms. Memory: 120832K Free: 65462K (54%)
3 ms. Memory: 120832K Free: 64966K (54%)
/home/travis/build/icyphy/ptII/ptolemy/actor/lib/test/Minimum.tcl
9 ms. Memory: 120832K Free: 63428K (52%)
4 ms. Memory: 120832K Free: 62404K (52%)
4 ms. Memory: 120832K Free: 61894K (51%)
6 ms. Memory: 120832K Free: 61380K (51%)
/home/travis/build/icyphy/ptII/ptolemy/actor/lib/test/MultiplyDivide.tcl
13 ms. Memory: 120832K Free: 59318K (49%)
7 ms. Memory: 120832K Free: 58822K (49%)
5 ms. Memory: 120832K Free: 57798K (48%)
4 ms. Memory: 120832K Free: 57270K (47%)
6 ms. Memory: 120832K Free: 56774K (47%)
/home/travis/build/icyphy/ptII/ptolemy/actor/lib/test/OrderedMerge.tcl
Connections changed on port: inputA
Connections changed on port: inputB
Connections changed on port: output
Connections changed on port: output
Connections changed on port: output
Connections changed on port: input
.top. Preinitializing ...
Invoking preinitialize():  .top.OrderedMerge
Called preinitialize()
Invoking preinitialize():  .top.Ramp
Called preinitialize()
Invoking preinitialize():  .top.Ramp2
Called preinitialize()
Invoking preinitialize():  .top.Test
Called preinitialize()
Connections changed on port: inputA
Connections changed on port: output
Connections changed on port: inputB
Connections changed on port: output
Connections changed on port: output
Connections changed on port: input
.top. Finished preinitialize().
Called initialize().
Invoking initialize():  .top.OrderedMerge
Initializing actor: .top.OrderedMerge
Adding a thread: .top.OrderedMerge
Invoking initialize():  .top.Ramp
Initializing actor: .top.Ramp
Adding a thread: .top.Ramp
Invoking initialize():  .top.Ramp2
Initializing actor: .top.Ramp2
Adding a thread: .top.Ramp2
Invoking initialize():  .top.Test
Initializing actor: .top.Test
Adding a thread: .top.Test
Called fire().
Checking for deadlock:
-- Starting thread.
Called initialize()
Called prefire()
Called fire()
-- Starting thread.
Called initialize()
Called prefire()
Called fire()
-- Starting thread.
Called initialize()
Called prefire()
Called fire()
-- Starting thread.
Called initialize()
Called prefire()
Called fire()
There are 0 Blocked actors, 0 Stopped actors, and 4 active threads.
Waiting for actors to stop.
Called postfire()
Called prefire()
Called fire()
Called postfire()
Called prefire()
Called fire()
Checking for deadlock:
There are 1 Blocked actors, 0 Stopped actors, and 4 active threads.
Waiting for actors to stop.
Called postfire()
Called prefire()
Called fire()
Checking for deadlock:
There are 3 Blocked actors, 0 Stopped actors, and 4 active threads.
Waiting for actors to stop.
Read input token from inputA with value 0.0
Next port to read input from is inputB
Called postfire()
Called prefire()
Called fire()
Read input token from inputB with value 0.0
Called postfire()
Called prefire()
Called fire()
Sent output token with value 0.0
Next port to read input from is inputA
Called postfire()
Called prefire()
Called fire()
Read input token from inputA with value 1.0
Sent output token with value 0.0
-- Read input: 0.0, which is expected to match: 0.0
Next port to read input from is inputB
Called postfire()
Called prefire()
Called fire()
Called prefire()
Called fire()
Read input token from inputB with value 1.5
-- Read input: 0.0, which is expected to match: 0.0
Called prefire()
Called fire()
Sent output token with value 1.0
Next port to read input from is inputA
-- Read input: 1.0, which is expected to match: 1.0
Called postfire()
Called prefire()
Called fire()
Called prefire()
Called fire()
Checking for deadlock:
There are 2 Blocked actors, 0 Stopped actors, and 4 active threads.
Waiting for actors to stop.
Called postfire()
Called prefire()
Called fire()
Called postfire()
Called prefire()
Called fire()
Checking for deadlock:
There are 3 Blocked actors, 0 Stopped actors, and 4 active threads.
Waiting for actors to stop.
Checking for deadlock:
Read input token from inputA with value 2.0
There are 2 Blocked actors, 0 Stopped actors, and 4 active threads.
Waiting for actors to stop.
Called postfire()
Called prefire()
Called fire()
Sent output token with value 1.5
Next port to read input from is inputB
Called postfire()
-- Read input: 1.5, which is expected to match: 1.5
Called prefire()
Called fire()
Called prefire()
Called fire()
Read input token from inputB with value 3.0
Sent output token with value 2.0
Next port to read input from is inputA
Called postfire()
Called prefire()
Called fire()
Read input token from inputA with value 3.0
Checking for deadlock:
There are 1 Blocked actors, 0 Stopped actors, and 4 active threads.
Waiting for actors to stop.
-- Read input: 2.0, which is expected to match: 2.0
Called prefire()
Called fire()
Called postfire()
Called prefire()
Called fire()
Called postfire()
Called prefire()
Called fire()
Checking for deadlock:
There are 3 Blocked actors, 0 Stopped actors, and 4 active threads.
Waiting for actors to stop.
Sent output token with value 3.0
Checking for deadlock:
There are 2 Blocked actors, 0 Stopped actors, and 4 active threads.
Waiting for actors to stop.
Next port to read input from is inputB
Called postfire()
Called prefire()
Called fire()
-- Read input: 3.0, which is expected to match: 3.0
Read input token from inputB with value 4.5
Called postfire()
Called prefire()
Sent output token with value 3.0
Called prefire()
Called fire()
Next port to read input from is inputA
Called postfire()
Called prefire()
Called fire()
-- Read input: 3.0, which is expected to match: 3.0
Read input token from inputA with value 4.0
Called prefire()
Called fire()
-- Read input: 4.0, which is expected to match: 4.0
Called prefire()
Called fire()
Past the end of training data. Read and discard all inputs.
Called fire()
Checking for deadlock:
There are 2 Blocked actors, 0 Stopped actors, and 4 active threads.
Waiting for actors to stop.
Called postfire()
Called prefire()
Called fire()
Checking for deadlock:
There are 3 Blocked actors, 0 Stopped actors, and 4 active threads.
Waiting for actors to stop.
Sent output token with value 4.0
Next port to read input from is inputA
Called postfire()
Called prefire()
Called fire()
Read input token from inputA with value 5.0
Called postfire()
Called prefire()
Sent output token with value 4.5
Called fire()
Next port to read input from is inputB
Called postfire()
Called prefire()
Called fire()
Checking for deadlock:
Read input token from inputB with value 6.0
There are 1 Blocked actors, 0 Stopped actors, and 4 active threads.
Waiting for actors to stop.
Sent output token with value 5.0
Called prefire()
Called fire()
Next port to read input from is inputA
Past the end of training data. Read and discard all inputs.
Called postfire()
Called prefire()
Called fire()
Called prefire()
Called fire()
Called postfire()
Called prefire()
Called fire()
Read input token from inputA with value 6.0
Sent output token with value 6.0
Called postfire()
Called prefire()
Called fire()
Next port to read input from is inputB
Called postfire()
Called prefire()
Called fire()
Past the end of training data. Read and discard all inputs.
Called prefire()
Read input token from inputB with value 7.5
Called fire()
Past the end of training data. Read and discard all inputs.
Called prefire()
Sent output token with value 6.0
Called fire()
Past the end of training data. Read and discard all inputs.
Next port to read input from is inputA
Called postfire()
Called prefire()
Called fire()
Read input token from inputA with value 7.0
Sent output token with value 7.0
Next port to read input from is inputA
Called postfire()
Called prefire()
Called fire()
Checking for deadlock:
There are 1 Blocked actors, 0 Stopped actors, and 4 active threads.
Waiting for actors to stop.
Called prefire()
Called fire()
Past the end of training data. Read and discard all inputs.
Called postfire()
Called prefire()
Called fire()
Called postfire()
Called prefire()
Called fire()
Checking for deadlock:
There are 3 Blocked actors, 0 Stopped actors, and 4 active threads.
Waiting for actors to stop.
Read input token from inputA with value 8.0
-- Thread wrapup() called.
Called wrapup()
Sent output token with value 7.5
Next port to read input from is inputB
Called postfire()
Called prefire()
Called fire()
Thread .top.Ramp is exiting.
-- Thread stopped.
Checking for deadlock:
There are 1 Blocked actors, 0 Stopped actors, and 3 active threads.
Waiting for actors to stop.
Called prefire()
Called fire()
Past the end of training data. Read and discard all inputs.
Checking for deadlock:
There are 2 Blocked actors, 0 Stopped actors, and 3 active threads.
Waiting for actors to stop.
Checking for deadlock:
Read input token from inputB with value 9.0
There are 1 Blocked actors, 0 Stopped actors, and 3 active threads.
Waiting for actors to stop.
Called postfire()
Called prefire()
Called fire()
Sent output token with value 8.0
Called prefire()
Called fire()
Past the end of training data. Read and discard all inputs.
Next port to read input from is inputA
Called postfire()
Called prefire()
Called fire()
Checking for deadlock:
There are 2 Blocked actors, 0 Stopped actors, and 3 active threads.
Waiting for actors to stop.
Read input token from inputA with value 9.0
Sent output token with value 9.0
Called prefire()
Called fire()
Next port to read input from is inputB
Past the end of training data. Read and discard all inputs.
Called postfire()
Called prefire()
Called fire()
Checking for deadlock:
There are 1 Blocked actors, 0 Stopped actors, and 3 active threads.
Read input token from inputB with value 10.5
Waiting for actors to stop.
Called postfire()
Sent output token with value 9.0
Called prefire()
Called fire()
Next port to read input from is inputA
Called postfire()
Called prefire()
Called fire()
Called prefire()
Called fire()
Past the end of training data. Read and discard all inputs.
Checking for deadlock:
There are 3 Blocked actors, 0 Stopped actors, and 3 active threads.
Actors have stopped.
Checking for deadlock:
There are 3 Blocked actors, 0 Stopped actors, and 3 active threads.
Deadlock detected.
Resolving Deadlock
Checking for deadlock:
There are 3 Blocked actors, 0 Stopped actors, and 3 active threads.
Artificial Deadlock - increasing queue capacity.
increasing the capacity of receiver ptolemy.actor.TypedIOPort {.top.OrderedMerge.inputB} to 2
-- Thread wrapup() called.
Called wrapup()
Thread .top.Ramp2 is exiting.
-- Thread stopped.
Director: Called postfire().
Called postfire().
_stopRequested = false
_stopFireRequested = false
Returning from postfire(): true
Called fire().
Checking for deadlock:
There are 2 Blocked actors, 0 Stopped actors, and 2 active threads.
Actors have stopped.
Checking for deadlock:
There are 2 Blocked actors, 0 Stopped actors, and 2 active threads.
Deadlock detected.
Resolving Deadlock
Checking for deadlock:
There are 2 Blocked actors, 0 Stopped actors, and 2 active threads.
Deadlock detected: no processes blocked on write, but some are blocked on read.
Called postfire().
_stopRequested = false
_stopFireRequested = false
Returning from postfire(): false
Finished deactivating branches.
Called wrapup().
-- Thread wrapup() called.
Called wrapup()
Thread .top.Test is exiting.
-- Thread stopped.
-- Blocked Receiver call threw TerminateProcessException.
-- Thread wrapup() called.
Called wrapup()
Thread .top.OrderedMerge is exiting.
-- Thread stopped.
-- Blocked Receiver call threw TerminateProcessException.
71 ms. Memory: 120832K Free: 51654K (43%)
.top. Preinitializing ...
Invoking preinitialize():  .top.OrderedMerge
Called preinitialize()
Invoking preinitialize():  .top.Ramp
Called preinitialize()
Invoking preinitialize():  .top.Ramp2
Called preinitialize()
Invoking preinitialize():  .top.Test
Called preinitialize()
.top. Finished preinitialize().
Called initialize().
Invoking initialize():  .top.OrderedMerge
Initializing actor: .top.OrderedMerge
Adding a thread: .top.OrderedMerge
Invoking initialize():  .top.Ramp
Initializing actor: .top.Ramp
Adding a thread: .top.Ramp
Invoking initialize():  .top.Ramp2
Initializing actor: .top.Ramp2
Adding a thread: .top.Ramp2
Invoking initialize():  .top.Test
Initializing actor: .top.Test
Adding a thread: .top.Test
-- Starting thread.
Called initialize()
Called prefire()
Called fire()
Called fire().
Checking for deadlock:
There are 1 Blocked actors, 0 Stopped actors, and 4 active threads.
Waiting for actors to stop.
-- Starting thread.
Called initialize()
-- Starting thread.
Called initialize()
Called prefire()
Called fire()
Checking for deadlock:
There are 2 Blocked actors, 0 Stopped actors, and 4 active threads.
Waiting for actors to stop.
Called prefire()
Called fire()
Called postfire()
Called prefire()
Called fire()
Checking for deadlock:
There are 3 Blocked actors, 0 Stopped actors, and 4 active threads.
Waiting for actors to stop.
-- Starting thread.
Called initialize()
Called prefire()
Called fire()
Called postfire()
Called prefire()
Called fire()
Checking for deadlock:
There are 3 Blocked actors, 0 Stopped actors, and 4 active threads.
Waiting for actors to stop.
Called postfire()
Checking for deadlock:
Called prefire()
Called fire()
There are 2 Blocked actors, 0 Stopped actors, and 4 active threads.
Waiting for actors to stop.
Checking for deadlock:
There are 3 Blocked actors, 0 Stopped actors, and 4 active threads.
Waiting for actors to stop.
Read input token from inputA with value 0.0
Next port to read input from is inputB
Called postfire()
Called prefire()
Called fire()
Checking for deadlock:
There are 2 Blocked actors, 0 Stopped actors, and 4 active threads.
Waiting for actors to stop.
Called postfire()
Called prefire()
Called fire()
Checking for deadlock:
There are 3 Blocked actors, 0 Stopped actors, and 4 active threads.
Waiting for actors to stop.
Read input token from inputB with value 0.0
Checking for deadlock:
There are 2 Blocked actors, 0 Stopped actors, and 4 active threads.
Waiting for actors to stop.
-- Read input: 0.0, which is expected to match: 0.0
Called prefire()
Called fire()
Checking for deadlock:
There are 3 Blocked actors, 0 Stopped actors, and 4 active threads.
Waiting for actors to stop.
Sent output token with value 0.0
Next port to read input from is inputA
Called postfire()
Called prefire()
Called fire()
Checking for deadlock:
There are 2 Blocked actors, 0 Stopped actors, and 4 active threads.
Waiting for actors to stop.
Read input token from inputA with value 1.0
Sent output token with value 0.0
Next port to read input from is inputB
Called postfire()
Called prefire()
Called fire()
Read input token from inputB with value 1.5
Called postfire()
Checking for deadlock:
There are 1 Blocked actors, 0 Stopped actors, and 4 active threads.
Waiting for actors to stop.
-- Read input: 0.0, which is expected to match: 0.0
Called prefire()
Called fire()
Called postfire()
Called prefire()
Called prefire()
Called fire()
Called fire()
Checking for deadlock:
There are 3 Blocked actors, 0 Stopped actors, and 4 active threads.
Waiting for actors to stop.
Checking for deadlock:
There are 2 Blocked actors, 0 Stopped actors, and 4 active threads.
Waiting for actors to stop.
-- Read input: 1.0, which is expected to match: 1.0
Called prefire()
Called fire()
Checking for deadlock:
There are 3 Blocked actors, 0 Stopped actors, and 4 active threads.
Waiting for actors to stop.
Sent output token with value 1.0
Next port to read input from is inputA
Called postfire()
Called prefire()
Called fire()
Checking for deadlock:
Called postfire()
There are 2 Blocked actors, 0 Stopped actors, and 4 active threads.
Called prefire()
Waiting for actors to stop.
Called fire()
Checking for deadlock:
There are 3 Blocked actors, 0 Stopped actors, and 4 active threads.
Waiting for actors to stop.
Read input token from inputA with value 2.0
Checking for deadlock:
There are 2 Blocked actors, 0 Stopped actors, and 4 active threads.
Waiting for actors to stop.
-- Read input: 1.5, which is expected to match: 1.5
Called prefire()
Called fire()
Sent output token with value 1.5
Next port to read input from is inputB
Called postfire()
Called prefire()
Called fire()
Read input token from inputB with value 3.0
Sent output token with value 2.0
Next port to read input from is inputA
Called postfire()
Called prefire()
Called fire()
Read input token from inputA with value 3.0
Called postfire()
Called prefire()
Called fire()
-- Read input: 2.0, which is expected to match: 2.0
Called prefire()
Called fire()
Called postfire()
Called prefire()
Called fire()
Checking for deadlock:
There are 3 Blocked actors, 0 Stopped actors, and 4 active threads.
Waiting for actors to stop.
-- Read input: 3.0, which is expected to match: 3.0
Called prefire()
Called fire()
Checking for deadlock:
There are 3 Blocked actors, 0 Stopped actors, and 4 active threads.
Waiting for actors to stop.
Sent output token with value 3.0
Next port to read input from is inputB
Called postfire()
Called prefire()
Called fire()
Called postfire()
Called prefire()
Called fire()
Read input token from inputB with value 4.5
Sent output token with value 3.0
Next port to read input from is inputA
Called postfire()
Called prefire()
Called fire()
Read input token from inputA with value 4.0
Checking for deadlock:
Called postfire()
There are 2 Blocked actors, 0 Stopped actors, and 4 active threads.
Called prefire()
Waiting for actors to stop.
Called fire()
-- Read input: 3.0, which is expected to match: 3.0
Called prefire()
Called fire()
Checking for deadlock:
There are 3 Blocked actors, 0 Stopped actors, and 4 active threads.
Waiting for actors to stop.
Sent output token with value 4.0
Next port to read input from is inputA
Called postfire()
Called prefire()
Called fire()
Read input token from inputA with value 5.0
Checking for deadlock:
There are 2 Blocked actors, 0 Stopped actors, and 4 active threads.
Waiting for actors to stop.
Called postfire()
Called prefire()
Called fire()
-- Read input: 4.0, which is expected to match: 4.0
Called prefire()
Called fire()
Past the end of training data. Read and discard all inputs.
Checking for deadlock:
There are 3 Blocked actors, 0 Stopped actors, and 4 active threads.
Waiting for actors to stop.
Checking for deadlock:
There are 2 Blocked actors, 0 Stopped actors, and 4 active threads.
Waiting for actors to stop.
Called prefire()
Called fire()
Past the end of training data. Read and discard all inputs.
Checking for deadlock:
There are 3 Blocked actors, 0 Stopped actors, and 4 active threads.
Waiting for actors to stop.
Sent output token with value 4.5
Next port to read input from is inputB
Called postfire()
Called prefire()
Called fire()
Checking for deadlock:
There are 2 Blocked actors, 0 Stopped actors, and 4 active threads.
Waiting for actors to stop.
Called postfire()
Called prefire()
Called fire()
Checking for deadlock:
There are 3 Blocked actors, 0 Stopped actors, and 4 active threads.
Waiting for actors to stop.
Read input token from inputB with value 6.0
Sent output token with value 5.0
Checking for deadlock:
There are 2 Blocked actors, 0 Stopped actors, and 4 active threads.
Waiting for actors to stop.
Called prefire()
Called fire()
Past the end of training data. Read and discard all inputs.
Checking for deadlock:
There are 3 Blocked actors, 0 Stopped actors, and 4 active threads.
Waiting for actors to stop.
Next port to read input from is inputA
Called postfire()
Called prefire()
Called fire()
Checking for deadlock:
There are 2 Blocked actors, 0 Stopped actors, and 4 active threads.
Waiting for actors to stop.
Called postfire()
Called prefire()
Read input token from inputA with value 6.0
Called fire()
Called prefire()
Checking for deadlock:
Called fire()
There are 2 Blocked actors, 0 Stopped actors, and 4 active threads.
Past the end of training data. Read and discard all inputs.
Waiting for actors to stop.
Sent output token with value 6.0
Checking for deadlock:
There are 3 Blocked actors, 0 Stopped actors, and 4 active threads.
Waiting for actors to stop.
Next port to read input from is inputB
Called postfire()
Called prefire()
Called fire()
Called postfire()
Called prefire()
Read input token from inputB with value 7.5
Checking for deadlock:
There are 2 Blocked actors, 0 Stopped actors, and 4 active threads.
Waiting for actors to stop.
Called fire()
Checking for deadlock:
There are 3 Blocked actors, 0 Stopped actors, and 4 active threads.
Waiting for actors to stop.
Checking for deadlock:
Called prefire()
There are 2 Blocked actors, 0 Stopped actors, and 4 active threads.
Called fire()
Waiting for actors to stop.
Past the end of training data. Read and discard all inputs.
Sent output token with value 6.0
Checking for deadlock:
There are 3 Blocked actors, 0 Stopped actors, and 4 active threads.
Next port to read input from is inputA
Called postfire()
Waiting for actors to stop.
Called prefire()
Called fire()
Checking for deadlock:
There are 2 Blocked actors, 0 Stopped actors, and 4 active threads.
Waiting for actors to stop.
Read input token from inputA with value 7.0
Called postfire()
Called prefire()
Sent output token with value 7.0
Called fire()
Next port to read input from is inputA
Called postfire()
Called prefire()
Called fire()
Checking for deadlock:
There are 1 Blocked actors, 0 Stopped actors, and 4 active threads.
Read input token from inputA with value 8.0
Waiting for actors to stop.
Checking for deadlock:
Called prefire()
There are 1 Blocked actors, 0 Stopped actors, and 4 active threads.
Waiting for actors to stop.
Called fire()
Past the end of training data. Read and discard all inputs.
Called prefire()
-- Thread wrapup() called.
Called fire()
Past the end of training data. Read and discard all inputs.
Checking for deadlock:
There are 1 Blocked actors, 0 Stopped actors, and 4 active threads.
Waiting for actors to stop.
Called wrapup()
Sent output token with value 7.5
Thread .top.Ramp is exiting.
-- Thread stopped.
Next port to read input from is inputB
Called postfire()
Called prefire()
Called fire()
Read input token from inputB with value 9.0
Sent output token with value 8.0
Next port to read input from is inputA
Called postfire()
Called prefire()
Called fire()
Read input token from inputA with value 9.0
Checking for deadlock:
There are 0 Blocked actors, 0 Stopped actors, and 3 active threads.
Waiting for actors to stop.
Called postfire()
Called prefire()
Called fire()
Called prefire()
Sent output token with value 9.0
Called fire()
Past the end of training data. Read and discard all inputs.
Next port to read input from is inputB
Called postfire()
Called prefire()
Called prefire()
Called fire()
Called fire()
Past the end of training data. Read and discard all inputs.
Checking for deadlock:
Read input token from inputB with value 10.5
There are 1 Blocked actors, 0 Stopped actors, and 3 active threads.
Waiting for actors to stop.
Called postfire()
Called prefire()
Called fire()
Checking for deadlock:
There are 1 Blocked actors, 0 Stopped actors, and 3 active threads.
Waiting for actors to stop.
Sent output token with value 9.0
Called prefire()
Called fire()
Past the end of training data. Read and discard all inputs.
Next port to read input from is inputA
Called postfire()
Checking for deadlock:
Called prefire()
Called fire()
There are 2 Blocked actors, 0 Stopped actors, and 3 active threads.
Waiting for actors to stop.
Checking for deadlock:
There are 3 Blocked actors, 0 Stopped actors, and 3 active threads.
Actors have stopped.
Checking for deadlock:
There are 3 Blocked actors, 0 Stopped actors, and 3 active threads.
Deadlock detected.
Resolving Deadlock
Checking for deadlock:
There are 3 Blocked actors, 0 Stopped actors, and 3 active threads.
Artificial Deadlock - increasing queue capacity.
increasing the capacity of receiver ptolemy.actor.TypedIOPort {.top.OrderedMerge.inputB} to 2
Director: Called postfire().
Called postfire().
_stopRequested = false
_stopFireRequested = false
Returning from postfire(): true
Called fire().
Checking for deadlock:
There are 2 Blocked actors, 0 Stopped actors, and 3 active threads.
Waiting for actors to stop.
-- Thread wrapup() called.
Called wrapup()
Thread .top.Ramp2 is exiting.
-- Thread stopped.
Checking for deadlock:
There are 2 Blocked actors, 0 Stopped actors, and 2 active threads.
Actors have stopped.
Checking for deadlock:
There are 2 Blocked actors, 0 Stopped actors, and 2 active threads.
Deadlock detected.
Resolving Deadlock
Checking for deadlock:
There are 2 Blocked actors, 0 Stopped actors, and 2 active threads.
Deadlock detected: no processes blocked on write, but some are blocked on read.
Called postfire().
_stopRequested = false
_stopFireRequested = false
Returning from postfire(): false
Finished deactivating branches.
Called wrapup().
-- Thread wrapup() called.
-- Thread wrapup() called.
Called wrapup()
Called wrapup()
Thread .top.OrderedMerge is exiting.
-- Thread stopped.
-- Blocked Receiver call threw TerminateProcessException.
Thread .top.Test is exiting.
-- Thread stopped.
-- Blocked Receiver call threw TerminateProcessException.
43 ms. Memory: 120832K Free: 103682K (86%)
/home/travis/build/icyphy/ptII/ptolemy/actor/lib/test/Publisher.tcl
24 ms. Memory: 120832K Free: 97910K (81%)
18 ms. Memory: 120832K Free: 92270K (76%)
3 ms. Memory: 120832K Free: 88694K (73%)
4 ms. Memory: 120832K Free: 87670K (73%)
3 ms. Memory: 120832K Free: 86646K (72%)
4 ms. Memory: 120832K Free: 86132K (71%)
3 ms. Memory: 120832K Free: 85108K (70%)
4 ms. Memory: 120832K Free: 84598K (70%)
32 ms. Memory: 149504K Free: 133390K (89%)
12 ms. Memory: 149504K Free: 129294K (86%)
4 ms. Memory: 149504K Free: 128766K (86%)
6 ms. Memory: 149504K Free: 126222K (84%)
16 ms. Memory: 149504K Free: 119052K (80%)
6 ms. Memory: 149504K Free: 109294K (73%)
20 ms. Memory: 149504K Free: 98574K (66%)
/home/travis/build/icyphy/ptII/ptolemy/actor/lib/test/Pulse.tcl
10 ms. Memory: 149504K Free: 124831K (83%)
12 ms. Memory: 149504K Free: 123807K (83%)
2 ms. Memory: 149504K Free: 123297K (82%)
1 ms. Memory: 149504K Free: 122768K (82%)
1 ms. Memory: 149504K Free: 122273K (82%)
9 ms. Memory: 149504K Free: 121249K (81%)
11 ms. Memory: 149504K Free: 120225K (80%)
2 ms. Memory: 149504K Free: 119711K (80%)
10 ms. Memory: 149504K Free: 118656K (79%)
/home/travis/build/icyphy/ptII/ptolemy/actor/lib/test/Ramp.tcl
6 ms. Memory: 149504K Free: 117153K (78%)
3 ms. Memory: 149504K Free: 116129K (78%)
4 ms. Memory: 149504K Free: 115584K (77%)
3 ms. Memory: 149504K Free: 114584K (77%)
6 ms. Memory: 149504K Free: 114081K (76%)
8 ms. Memory: 149504K Free: 113057K (76%)
5 ms. Memory: 149504K Free: 112033K (75%)
5 actors
5000 microseconds per iteration to create
6 ms. Memory: 149504K Free: 109456K (73%)
2 ms. Memory: 149504K Free: 108961K (73%)
2 ms. Memory: 149504K Free: 107937K (72%)
2 ms. Memory: 149504K Free: 107423K (72%)
50 actors
35000 microseconds per iteration to create
54 ms. Memory: 149504K Free: 92063K (62%)
6 ms. Memory: 149504K Free: 91039K (61%)
5 ms. Memory: 149504K Free: 90015K (60%)
5 ms. Memory: 149504K Free: 88991K (60%)
500 actors
1747000 microseconds per iteration to create
326 ms. Memory: 149504K Free: 62097K (42%)
56 ms. Memory: 149504K Free: 56977K (38%)
87 ms. Memory: 180224K Free: 154392K (86%)
39 ms. Memory: 180224K Free: 149274K (83%)
/home/travis/build/icyphy/ptII/ptolemy/actor/lib/test/RampContinuous.tcl
11 ms. Memory: 180224K Free: 147705K (82%)
/home/travis/build/icyphy/ptII/ptolemy/actor/lib/test/RecordAssembler.tcl
7 ms. Memory: 180224K Free: 146202K (81%)
9 ms. Memory: 180224K Free: 145178K (81%)
/home/travis/build/icyphy/ptII/ptolemy/actor/lib/test/RecordDisassembler.tcl
14 ms. Memory: 180224K Free: 143640K (80%)
5 ms. Memory: 180224K Free: 142601K (79%)
6 ms. Memory: 180224K Free: 141577K (79%)
/home/travis/build/icyphy/ptII/ptolemy/actor/lib/test/Scale.tcl
3 ms. Memory: 180224K Free: 139529K (77%)
2 ms. Memory: 180224K Free: 139034K (77%)
1 ms. Memory: 180224K Free: 138010K (77%)
2 ms. Memory: 180224K Free: 137481K (76%)
8 ms. Memory: 180224K Free: 136472K (76%)
/home/travis/build/icyphy/ptII/ptolemy/actor/lib/test/SequentialClock.tcl
preinitializing
resolving types
initializing
executing number 1
wrapping up
idle
4 ms. Memory: 180224K Free: 135291K (75%)
Completed execution with 5 iterations
preinitializing
resolving types
initializing
executing number 1
wrapping up
idle
2 ms. Memory: 180224K Free: 134417K (75%)
Completed execution with 5 iterations
preinitializing
resolving types
initializing
executing number 1
wrapping up
idle
2 ms. Memory: 180224K Free: 133914K (74%)
Completed execution with 5 iterations
/home/travis/build/icyphy/ptII/ptolemy/actor/lib/test/SetVariable.tcl
7 ms. Memory: 180224K Free: 132345K (73%)


==== $PTII/ptolemy/actor/lib/test/SetVariable.tcl: SetVariable-3.1 changeFailed
==== Contents of test case:

    #Uses 2.1 above
    jdkCaptureErr {
        # This test was failing if we ran Exit.tcl and then this test.
        # MessageHandler.error() now actually throws the Exception.
	catch {$setVariable changeFailed [java::null]  [java::new Exception {Test exception for SetVariable.changeFailed()}]} errMsg
    } results
    list [string range $results 0 89] "\n" $errMsg

==== Result was:
{java.lang.Exception: Test exception for SetVariable.changeFailed()
	at java.base/jdk.inter} {
} {java.lang.RuntimeException: java.lang.Exception: Test exception for SetVariable.changeFailed()}
---- Result should have been:
{Failed to set variable.
java.lang.Exception: Test exception for SetVariable.changeFailed()} {
} {java.lang.RuntimeException: java.lang.Exception: Test exception for SetVariable.changeFailed()}
---- SetVariable-3.1 FAILED
/home/travis/build/icyphy/ptII/ptolemy/actor/lib/test/Sinewave.tcl
/home/travis/build/icyphy/ptII/ptolemy/actor/lib/test/SubscriptionAggregator.tcl
7 ms. Memory: 180224K Free: 120088K (67%)
5 ms. Memory: 180224K Free: 119578K (66%)
1 ms. Memory: 180224K Free: 119064K (66%)
1 ms. Memory: 180224K Free: 118554K (66%)
4 ms. Memory: 180224K Free: 114953K (64%)
11 ms. Memory: 180224K Free: 112905K (63%)
...............................................................1144 ms. Memory: 280576K Free: 186253K (66%)
/home/travis/build/icyphy/ptII/ptolemy/actor/lib/test/Test.tcl
 The next command will produce a warning about training mode,
   which may be ignored.
6 ms. Memory: 280576K Free: 184205K (66%)
3 ms. Memory: 280576K Free: 183676K (65%)
1 ms. Memory: 280576K Free: 183181K (65%)
1 ms. Memory: 280576K Free: 182157K (65%)
2 ms. Memory: 280576K Free: 181643K (65%)
4 ms. Memory: 280576K Free: 180612K (64%)
3 ms. Memory: 280576K Free: 179085K (64%)
 The next command will produce a warning about training mode,
   which may be ignored.
5 ms. Memory: 280576K Free: 177037K (63%)
 The next command will produce a warning about training mode,
   which may be ignored.
3 ms. Memory: 280576K Free: 175484K (63%)
2 ms. Memory: 280576K Free: 175484K (63%)
1 ms. Memory: 280576K Free: 174989K (62%)
1 ms. Memory: 280576K Free: 174468K (62%)
6 ms. Memory: 280576K Free: 173436K (62%)
3 ms. Memory: 280576K Free: 169355K (60%)
/home/travis/build/icyphy/ptII/ptolemy/actor/lib/test/TestExceptionHandler.tcl
 The next command will produce a warning about training mode,
   which may be ignored.
4 ms. Memory: 280576K Free: 168316K (60%)
1 ms. Memory: 280576K Free: 167821K (60%)
1 ms. Memory: 280576K Free: 167307K (60%)
/home/travis/build/icyphy/ptII/ptolemy/actor/lib/test/UnionDisassembler.tcl
29 ms. Memory: 280576K Free: 159629K (57%)
/home/travis/build/icyphy/ptII/ptolemy/actor/lib/test/VariableClock.tcl
preinitializing
resolving types
initializing
executing number 1
wrapping up
idle
10 ms. Memory: 280576K Free: 158091K (56%)
Completed execution with 11 iterations
preinitializing
resolving types
initializing
executing number 1
wrapping up
idle
10 ms. Memory: 280576K Free: 156557K (56%)
Completed execution with 10 iterations
07/16/19 06:39:23
Failed: 1  Total Tests: 234  ((Passed: 233, Newly Passed: 0)  Known Failed: 0) /home/travis/build/icyphy/ptII/ptolemy/actor/lib/test
----------------- testing (KnownFailure) /home/travis/build/icyphy/ptII/ptolemy/actor/lib/test/auto/knownFailedTests/PublisherPortToplevelSubscriber.xml
1 ms. Memory: 280576K Free: 152971K (55%)
Known Failure: java.lang.reflect.InvocationTargetException
----------------- testing (KnownFailure) /home/travis/build/icyphy/ptII/ptolemy/actor/lib/test/auto/knownFailedTests/PublisherSubscriberPortToplevel.xml
1 ms. Memory: 280576K Free: 148365K (53%)
Known Failure: java.lang.reflect.InvocationTargetException
----------------- testing (KnownFailure) /home/travis/build/icyphy/ptII/ptolemy/actor/lib/test/auto/knownFailedTests/PublisherSubscriptionAggregatorPort.xml
1 ms. Memory: 280576K Free: 144269K (51%)
Known Failure: java.lang.reflect.InvocationTargetException
----------------- testing (KnownFailure) /home/travis/build/icyphy/ptII/ptolemy/actor/lib/test/auto/knownFailedTests/sizedarray3.xml
8 ms. Memory: 280576K Free: 140173K (50%)
Known Failure: java.lang.reflect.InvocationTargetException
No auto/linux-amd64/*.xml tests in /home/travis/build/icyphy/ptII/ptolemy/actor/lib/test
AutoTests.java: About to close Vertx.
AutoTests.java: Vertx closed.

===========================================================================================
----------------- testing Tue Jul 16 06:39:23 UTC 2019 /home/travis/build/icyphy/ptII/ptolemy/actor/lib/test/auto/AbsoluteValue.xml
----------------- Instantiating /home/travis/build/icyphy/ptII/ptolemy/actor/lib/test/auto/AbsoluteValue.xml
8 ms. Memory: 280576K Free: 116621K (42%)
----------------- Invoking toplevel() on ptolemy.moml.MoMLSimpleApplication@63bd6dda
----------------- Done invoking toplevel() on ptolemy.moml.MoMLSimpleApplication@63bd6dda
reloadAllAccessors: .AbsoluteValue

===========================================================================================
----------------- testing Tue Jul 16 06:39:24 UTC 2019 /home/travis/build/icyphy/ptII/ptolemy/actor/lib/test/auto/AbsoluteValue2.xml
----------------- Instantiating /home/travis/build/icyphy/ptII/ptolemy/actor/lib/test/auto/AbsoluteValue2.xml
6 ms. Memory: 280576K Free: 109963K (39%)
----------------- Invoking toplevel() on ptolemy.moml.MoMLSimpleApplication@195ca1a7
----------------- Done invoking toplevel() on ptolemy.moml.MoMLSimpleApplication@195ca1a7
reloadAllAccessors: .AbsoluteValue2

===========================================================================================
----------------- testing Tue Jul 16 06:39:24 UTC 2019 /home/travis/build/icyphy/ptII/ptolemy/actor/lib/test/auto/Accumulator.xml
----------------- Instantiating /home/travis/build/icyphy/ptII/ptolemy/actor/lib/test/auto/Accumulator.xml
14 ms. Memory: 280576K Free: 103819K (37%)
----------------- Invoking toplevel() on ptolemy.moml.MoMLSimpleApplication@15fee89
----------------- Done invoking toplevel() on ptolemy.moml.MoMLSimpleApplication@15fee89
reloadAllAccessors: .Accumulator

===========================================================================================
----------------- testing Tue Jul 16 06:39:24 UTC 2019 /home/travis/build/icyphy/ptII/ptolemy/actor/lib/test/auto/Accumulator2.xml
----------------- Instantiating /home/travis/build/icyphy/ptII/ptolemy/actor/lib/test/auto/Accumulator2.xml
5 ms. Memory: 280576K Free: 98189K (35%)
----------------- Invoking toplevel() on ptolemy.moml.MoMLSimpleApplication@77f1d419
----------------- Done invoking toplevel() on ptolemy.moml.MoMLSimpleApplication@77f1d419
reloadAllAccessors: .Accumulator2

===========================================================================================
----------------- testing Tue Jul 16 06:39:24 UTC 2019 /home/travis/build/icyphy/ptII/ptolemy/actor/lib/test/auto/Accumulator3.xml
----------------- Instantiating /home/travis/build/icyphy/ptII/ptolemy/actor/lib/test/auto/Accumulator3.xml
4 ms. Memory: 280576K Free: 94093K (34%)
----------------- Invoking toplevel() on ptolemy.moml.MoMLSimpleApplication@4a2bb18d
----------------- Done invoking toplevel() on ptolemy.moml.MoMLSimpleApplication@4a2bb18d
reloadAllAccessors: .Accumulator3

===========================================================================================
----------------- testing Tue Jul 16 06:39:24 UTC 2019 /home/travis/build/icyphy/ptII/ptolemy/actor/lib/test/auto/ArrayAppend.xml
----------------- Instantiating /home/travis/build/icyphy/ptII/ptolemy/actor/lib/test/auto/ArrayAppend.xml
6 ms. Memory: 280576K Free: 232598K (83%)
----------------- Invoking toplevel() on ptolemy.moml.MoMLSimpleApplication@66ad113b
----------------- Done invoking toplevel() on ptolemy.moml.MoMLSimpleApplication@66ad113b
reloadAllAccessors: .ArrayAppend

===========================================================================================
----------------- testing Tue Jul 16 06:39:24 UTC 2019 /home/travis/build/icyphy/ptII/ptolemy/actor/lib/test/auto/ArrayAppend2.xml
----------------- Instantiating /home/travis/build/icyphy/ptII/ptolemy/actor/lib/test/auto/ArrayAppend2.xml
464 ms. Memory: 280576K Free: 149654K (53%)
----------------- Invoking toplevel() on ptolemy.moml.MoMLSimpleApplication@5a886d70
----------------- Done invoking toplevel() on ptolemy.moml.MoMLSimpleApplication@5a886d70
reloadAllAccessors: .ArrayAppend2

===========================================================================================
----------------- testing Tue Jul 16 06:39:24 UTC 2019 /home/travis/build/icyphy/ptII/ptolemy/actor/lib/test/auto/ArrayAppend3.xml
----------------- Instantiating /home/travis/build/icyphy/ptII/ptolemy/actor/lib/test/auto/ArrayAppend3.xml
9 ms. Memory: 280576K Free: 144534K (52%)
----------------- Invoking toplevel() on ptolemy.moml.MoMLSimpleApplication@29b3ade6
----------------- Done invoking toplevel() on ptolemy.moml.MoMLSimpleApplication@29b3ade6
reloadAllAccessors: .ArrayAppend3

===========================================================================================
----------------- testing Tue Jul 16 06:39:25 UTC 2019 /home/travis/build/icyphy/ptII/ptolemy/actor/lib/test/auto/ArrayAppend4.xml
----------------- Instantiating /home/travis/build/icyphy/ptII/ptolemy/actor/lib/test/auto/ArrayAppend4.xml
3 ms. Memory: 280576K Free: 139414K (50%)
----------------- Invoking toplevel() on ptolemy.moml.MoMLSimpleApplication@70742143
----------------- Done invoking toplevel() on ptolemy.moml.MoMLSimpleApplication@70742143
reloadAllAccessors: .ArrayAppend4

===========================================================================================
----------------- testing Tue Jul 16 06:39:25 UTC 2019 /home/travis/build/icyphy/ptII/ptolemy/actor/lib/test/auto/ArrayAppend5.xml
----------------- Instantiating /home/travis/build/icyphy/ptII/ptolemy/actor/lib/test/auto/ArrayAppend5.xml
4 ms. Memory: 280576K Free: 133784K (48%)
----------------- Invoking toplevel() on ptolemy.moml.MoMLSimpleApplication@41189c53
----------------- Done invoking toplevel() on ptolemy.moml.MoMLSimpleApplication@41189c53
reloadAllAccessors: .ArrayAppend5

===========================================================================================
----------------- testing Tue Jul 16 06:39:25 UTC 2019 /home/travis/build/icyphy/ptII/ptolemy/actor/lib/test/auto/ArrayAppend6.xml
----------------- Instantiating /home/travis/build/icyphy/ptII/ptolemy/actor/lib/test/auto/ArrayAppend6.xml
3 ms. Memory: 280576K Free: 128150K (46%)
----------------- Invoking toplevel() on ptolemy.moml.MoMLSimpleApplication@3d78934f
----------------- Done invoking toplevel() on ptolemy.moml.MoMLSimpleApplication@3d78934f
reloadAllAccessors: .ArrayAppend6

===========================================================================================
----------------- testing Tue Jul 16 06:39:25 UTC 2019 /home/travis/build/icyphy/ptII/ptolemy/actor/lib/test/auto/ArrayAppendPerformanceTest.xml
----------------- Instantiating /home/travis/build/icyphy/ptII/ptolemy/actor/lib/test/auto/ArrayAppendPerformanceTest.xml
42 ms. Memory: 280576K Free: 117400K (42%)
----------------- Invoking toplevel() on ptolemy.moml.MoMLSimpleApplication@6dc2fe70
----------------- Done invoking toplevel() on ptolemy.moml.MoMLSimpleApplication@6dc2fe70
reloadAllAccessors: .ArrayAppendPerformanceTest

===========================================================================================
----------------- testing Tue Jul 16 06:39:25 UTC 2019 /home/travis/build/icyphy/ptII/ptolemy/actor/lib/test/auto/ArrayAppendWithEmptyInput.xml
----------------- Instantiating /home/travis/build/icyphy/ptII/ptolemy/actor/lib/test/auto/ArrayAppendWithEmptyInput.xml
20 ms. Memory: 280576K Free: 109718K (39%)
----------------- Invoking toplevel() on ptolemy.moml.MoMLSimpleApplication@d8e4708
----------------- Done invoking toplevel() on ptolemy.moml.MoMLSimpleApplication@d8e4708
reloadAllAccessors: .ArrayAppendWithEmptyInput

===========================================================================================
----------------- testing Tue Jul 16 06:39:25 UTC 2019 /home/travis/build/icyphy/ptII/ptolemy/actor/lib/test/auto/ArrayAverage.xml
----------------- Instantiating /home/travis/build/icyphy/ptII/ptolemy/actor/lib/test/auto/ArrayAverage.xml
6 ms. Memory: 280576K Free: 101526K (36%)
----------------- Invoking toplevel() on ptolemy.moml.MoMLSimpleApplication@7fe5fd8e
----------------- Done invoking toplevel() on ptolemy.moml.MoMLSimpleApplication@7fe5fd8e
reloadAllAccessors: .ArrayAverage

===========================================================================================
----------------- testing Tue Jul 16 06:39:25 UTC 2019 /home/travis/build/icyphy/ptII/ptolemy/actor/lib/test/auto/ArrayContains.xml
----------------- Instantiating /home/travis/build/icyphy/ptII/ptolemy/actor/lib/test/auto/ArrayContains.xml
4 ms. Memory: 280576K Free: 95896K (34%)
----------------- Invoking toplevel() on ptolemy.moml.MoMLSimpleApplication@52aa7f35
----------------- Done invoking toplevel() on ptolemy.moml.MoMLSimpleApplication@52aa7f35
reloadAllAccessors: .ArrayContains

===========================================================================================
----------------- testing Tue Jul 16 06:39:25 UTC 2019 /home/travis/build/icyphy/ptII/ptolemy/actor/lib/test/auto/ArrayElement.xml
----------------- Instantiating /home/travis/build/icyphy/ptII/ptolemy/actor/lib/test/auto/ArrayElement.xml
10 ms. Memory: 280576K Free: 90262K (32%)
----------------- Invoking toplevel() on ptolemy.moml.MoMLSimpleApplication@456f0fd5
----------------- Done invoking toplevel() on ptolemy.moml.MoMLSimpleApplication@456f0fd5
reloadAllAccessors: .ArrayElement

===========================================================================================
----------------- testing Tue Jul 16 06:39:25 UTC 2019 /home/travis/build/icyphy/ptII/ptolemy/actor/lib/test/auto/ArrayElementAsMatrix.xml
----------------- Instantiating /home/travis/build/icyphy/ptII/ptolemy/actor/lib/test/auto/ArrayElementAsMatrix.xml
92 ms. Memory: 280576K Free: 230940K (82%)
----------------- Invoking toplevel() on ptolemy.moml.MoMLSimpleApplication@4ddc3989
----------------- Done invoking toplevel() on ptolemy.moml.MoMLSimpleApplication@4ddc3989
reloadAllAccessors: .ArrayElementAsMatrix

===========================================================================================
----------------- testing Tue Jul 16 06:39:25 UTC 2019 /home/travis/build/icyphy/ptII/ptolemy/actor/lib/test/auto/ArrayElementI.xml
----------------- Instantiating /home/travis/build/icyphy/ptII/ptolemy/actor/lib/test/auto/ArrayElementI.xml
4 ms. Memory: 280576K Free: 224796K (80%)
----------------- Invoking toplevel() on ptolemy.moml.MoMLSimpleApplication@3132c076
----------------- Done invoking toplevel() on ptolemy.moml.MoMLSimpleApplication@3132c076
reloadAllAccessors: .ArrayElementI

===========================================================================================
----------------- testing Tue Jul 16 06:39:25 UTC 2019 /home/travis/build/icyphy/ptII/ptolemy/actor/lib/test/auto/ArrayExtract.xml
----------------- Instantiating /home/travis/build/icyphy/ptII/ptolemy/actor/lib/test/auto/ArrayExtract.xml
6 ms. Memory: 280576K Free: 216604K (77%)
----------------- Invoking toplevel() on ptolemy.moml.MoMLSimpleApplication@869b555
----------------- Done invoking toplevel() on ptolemy.moml.MoMLSimpleApplication@869b555
reloadAllAccessors: .ArrayExtract

===========================================================================================
----------------- testing Tue Jul 16 06:39:25 UTC 2019 /home/travis/build/icyphy/ptII/ptolemy/actor/lib/test/auto/ArrayExtract2.xml
----------------- Instantiating /home/travis/build/icyphy/ptII/ptolemy/actor/lib/test/auto/ArrayExtract2.xml
3 ms. Memory: 280576K Free: 211469K (75%)
----------------- Invoking toplevel() on ptolemy.moml.MoMLSimpleApplication@612a9226
----------------- Done invoking toplevel() on ptolemy.moml.MoMLSimpleApplication@612a9226
reloadAllAccessors: .ArrayExtract2

===========================================================================================
----------------- testing Tue Jul 16 06:39:25 UTC 2019 /home/travis/build/icyphy/ptII/ptolemy/actor/lib/test/auto/ArrayLength.xml
----------------- Instantiating /home/travis/build/icyphy/ptII/ptolemy/actor/lib/test/auto/ArrayLength.xml
2 ms. Memory: 280576K Free: 207388K (74%)
----------------- Invoking toplevel() on ptolemy.moml.MoMLSimpleApplication@19d9eaf9
----------------- Done invoking toplevel() on ptolemy.moml.MoMLSimpleApplication@19d9eaf9
reloadAllAccessors: .ArrayLength

===========================================================================================
----------------- testing Tue Jul 16 06:39:25 UTC 2019 /home/travis/build/icyphy/ptII/ptolemy/actor/lib/test/auto/ArrayLevelCrossing.xml
----------------- Instantiating /home/travis/build/icyphy/ptII/ptolemy/actor/lib/test/auto/ArrayLevelCrossing.xml
6 ms. Memory: 280576K Free: 199196K (71%)
----------------- Invoking toplevel() on ptolemy.moml.MoMLSimpleApplication@17c5f03e
----------------- Done invoking toplevel() on ptolemy.moml.MoMLSimpleApplication@17c5f03e
reloadAllAccessors: .ArrayLevelCrossing

===========================================================================================
----------------- testing Tue Jul 16 06:39:25 UTC 2019 /home/travis/build/icyphy/ptII/ptolemy/actor/lib/test/auto/ArrayLevelCrossing2.xml
----------------- Instantiating /home/travis/build/icyphy/ptII/ptolemy/actor/lib/test/auto/ArrayLevelCrossing2.xml
4 ms. Memory: 280576K Free: 191518K (68%)
----------------- Invoking toplevel() on ptolemy.moml.MoMLSimpleApplication@683894e7
----------------- Done invoking toplevel() on ptolemy.moml.MoMLSimpleApplication@683894e7
reloadAllAccessors: .ArrayLevelCrossing2

===========================================================================================
----------------- testing Tue Jul 16 06:39:25 UTC 2019 /home/travis/build/icyphy/ptII/ptolemy/actor/lib/test/auto/ArrayPeakSearch.xml
----------------- Instantiating /home/travis/build/icyphy/ptII/ptolemy/actor/lib/test/auto/ArrayPeakSearch.xml
8 ms. Memory: 280576K Free: 182812K (65%)
----------------- Invoking toplevel() on ptolemy.moml.MoMLSimpleApplication@61b4862a
----------------- Done invoking toplevel() on ptolemy.moml.MoMLSimpleApplication@61b4862a
reloadAllAccessors: .ArrayPeakSearch

===========================================================================================
----------------- testing Tue Jul 16 06:39:25 UTC 2019 /home/travis/build/icyphy/ptII/ptolemy/actor/lib/test/auto/ArrayPeakSearch2.xml
----------------- Instantiating /home/travis/build/icyphy/ptII/ptolemy/actor/lib/test/auto/ArrayPeakSearch2.xml
6 ms. Memory: 280576K Free: 172062K (61%)
----------------- Invoking toplevel() on ptolemy.moml.MoMLSimpleApplication@6f8cf88a
----------------- Done invoking toplevel() on ptolemy.moml.MoMLSimpleApplication@6f8cf88a
reloadAllAccessors: .ArrayPeakSearch2

===========================================================================================
----------------- testing Tue Jul 16 06:39:25 UTC 2019 /home/travis/build/icyphy/ptII/ptolemy/actor/lib/test/auto/ArrayPeakSearch3.xml
----------------- Instantiating /home/travis/build/icyphy/ptII/ptolemy/actor/lib/test/auto/ArrayPeakSearch3.xml
8 ms. Memory: 280576K Free: 163356K (58%)
----------------- Invoking toplevel() on ptolemy.moml.MoMLSimpleApplication@6c63928d
----------------- Done invoking toplevel() on ptolemy.moml.MoMLSimpleApplication@6c63928d
reloadAllAccessors: .ArrayPeakSearch3

===========================================================================================
----------------- testing Tue Jul 16 06:39:25 UTC 2019 /home/travis/build/icyphy/ptII/ptolemy/actor/lib/test/auto/ArrayRemoveElement.xml
----------------- Instantiating /home/travis/build/icyphy/ptII/ptolemy/actor/lib/test/auto/ArrayRemoveElement.xml
4 ms. Memory: 280576K Free: 155164K (55%)
----------------- Invoking toplevel() on ptolemy.moml.MoMLSimpleApplication@3291c7be
----------------- Done invoking toplevel() on ptolemy.moml.MoMLSimpleApplication@3291c7be
reloadAllAccessors: .ArrayRemoveElement

===========================================================================================
----------------- testing Tue Jul 16 06:39:26 UTC 2019 /home/travis/build/icyphy/ptII/ptolemy/actor/lib/test/auto/ArraySort.xml
----------------- Instantiating /home/travis/build/icyphy/ptII/ptolemy/actor/lib/test/auto/ArraySort.xml
9 ms. Memory: 280576K Free: 146462K (52%)
----------------- Invoking toplevel() on ptolemy.moml.MoMLSimpleApplication@49e49b03
----------------- Done invoking toplevel() on ptolemy.moml.MoMLSimpleApplication@49e49b03
reloadAllAccessors: .ArraySort

===========================================================================================
----------------- testing Tue Jul 16 06:39:26 UTC 2019 /home/travis/build/icyphy/ptII/ptolemy/actor/lib/test/auto/ArraySum.xml
----------------- Instantiating /home/travis/build/icyphy/ptII/ptolemy/actor/lib/test/auto/ArraySum.xml
6 ms. Memory: 280576K Free: 140828K (50%)
----------------- Invoking toplevel() on ptolemy.moml.MoMLSimpleApplication@53756604
----------------- Done invoking toplevel() on ptolemy.moml.MoMLSimpleApplication@53756604
reloadAllAccessors: .ArraySum

===========================================================================================
----------------- testing Tue Jul 16 06:39:26 UTC 2019 /home/travis/build/icyphy/ptII/ptolemy/actor/lib/test/auto/ArrayToElements.xml
----------------- Instantiating /home/travis/build/icyphy/ptII/ptolemy/actor/lib/test/auto/ArrayToElements.xml
6 ms. Memory: 280576K Free: 135708K (48%)
----------------- Invoking toplevel() on ptolemy.moml.MoMLSimpleApplication@222428d4
----------------- Done invoking toplevel() on ptolemy.moml.MoMLSimpleApplication@222428d4
reloadAllAccessors: .ArrayToElements

===========================================================================================
----------------- testing Tue Jul 16 06:39:26 UTC 2019 /home/travis/build/icyphy/ptII/ptolemy/actor/lib/test/auto/ArrayToMatrix.xml
----------------- Instantiating /home/travis/build/icyphy/ptII/ptolemy/actor/lib/test/auto/ArrayToMatrix.xml
12 ms. Memory: 280576K Free: 121372K (43%)
----------------- Invoking toplevel() on ptolemy.moml.MoMLSimpleApplication@19b94384
----------------- Done invoking toplevel() on ptolemy.moml.MoMLSimpleApplication@19b94384
reloadAllAccessors: .ArrayToMatrix

===========================================================================================
----------------- testing Tue Jul 16 06:39:26 UTC 2019 /home/travis/build/icyphy/ptII/ptolemy/actor/lib/test/auto/ArrayUpdate1.xml
----------------- Instantiating /home/travis/build/icyphy/ptII/ptolemy/actor/lib/test/auto/ArrayUpdate1.xml
2 ms. Memory: 280576K Free: 116766K (42%)
----------------- Invoking toplevel() on ptolemy.moml.MoMLSimpleApplication@157c7478
----------------- Done invoking toplevel() on ptolemy.moml.MoMLSimpleApplication@157c7478
reloadAllAccessors: .ArrayUpdate1

===========================================================================================
----------------- testing Tue Jul 16 06:39:26 UTC 2019 /home/travis/build/icyphy/ptII/ptolemy/actor/lib/test/auto/ArrayUpdate2.xml
----------------- Instantiating /home/travis/build/icyphy/ptII/ptolemy/actor/lib/test/auto/ArrayUpdate2.xml
11 ms. Memory: 280576K Free: 110622K (39%)
----------------- Invoking toplevel() on ptolemy.moml.MoMLSimpleApplication@403f04e1
----------------- Done invoking toplevel() on ptolemy.moml.MoMLSimpleApplication@403f04e1
reloadAllAccessors: .ArrayUpdate2

===========================================================================================
----------------- testing Tue Jul 16 06:39:26 UTC 2019 /home/travis/build/icyphy/ptII/ptolemy/actor/lib/test/auto/ArrayUpdate3.xml
----------------- Instantiating /home/travis/build/icyphy/ptII/ptolemy/actor/lib/test/auto/ArrayUpdate3.xml
6 ms. Memory: 280576K Free: 106012K (38%)
----------------- Invoking toplevel() on ptolemy.moml.MoMLSimpleApplication@7e66e7e5
----------------- Done invoking toplevel() on ptolemy.moml.MoMLSimpleApplication@7e66e7e5
reloadAllAccessors: .ArrayUpdate3

===========================================================================================
----------------- testing Tue Jul 16 06:39:26 UTC 2019 /home/travis/build/icyphy/ptII/ptolemy/actor/lib/test/auto/Assert1.xml
----------------- Instantiating /home/travis/build/icyphy/ptII/ptolemy/actor/lib/test/auto/Assert1.xml
7 ms. Memory: 280576K Free: 101406K (36%)
----------------- Invoking toplevel() on ptolemy.moml.MoMLSimpleApplication@2eeb33e4
----------------- Done invoking toplevel() on ptolemy.moml.MoMLSimpleApplication@2eeb33e4
reloadAllAccessors: .Assert1

===========================================================================================
----------------- testing Tue Jul 16 06:39:26 UTC 2019 /home/travis/build/icyphy/ptII/ptolemy/actor/lib/test/auto/Assert2.xml
----------------- Instantiating /home/travis/build/icyphy/ptII/ptolemy/actor/lib/test/auto/Assert2.xml
5 ms. Memory: 280576K Free: 96796K (34%)
----------------- Invoking toplevel() on ptolemy.moml.MoMLSimpleApplication@7d1121ea
----------------- Done invoking toplevel() on ptolemy.moml.MoMLSimpleApplication@7d1121ea
reloadAllAccessors: .Assert2

===========================================================================================
----------------- testing Tue Jul 16 06:39:26 UTC 2019 /home/travis/build/icyphy/ptII/ptolemy/actor/lib/test/auto/BooleanMultiplexor.xml
----------------- Instantiating /home/travis/build/icyphy/ptII/ptolemy/actor/lib/test/auto/BooleanMultiplexor.xml
3 ms. Memory: 280576K Free: 91166K (32%)
----------------- Invoking toplevel() on ptolemy.moml.MoMLSimpleApplication@66391a89
----------------- Done invoking toplevel() on ptolemy.moml.MoMLSimpleApplication@66391a89
reloadAllAccessors: .BooleanMultiplexor

===========================================================================================
----------------- testing Tue Jul 16 06:39:26 UTC 2019 /home/travis/build/icyphy/ptII/ptolemy/actor/lib/test/auto/BooleanMultiplexor2.xml
----------------- Instantiating /home/travis/build/icyphy/ptII/ptolemy/actor/lib/test/auto/BooleanMultiplexor2.xml
16 ms. Memory: 280576K Free: 85022K (30%)
----------------- Invoking toplevel() on ptolemy.moml.MoMLSimpleApplication@7c901437
----------------- Done invoking toplevel() on ptolemy.moml.MoMLSimpleApplication@7c901437
reloadAllAccessors: .BooleanMultiplexor2

===========================================================================================
----------------- testing Tue Jul 16 06:39:26 UTC 2019 /home/travis/build/icyphy/ptII/ptolemy/actor/lib/test/auto/BooleanMultiplexor3.xml
----------------- Instantiating /home/travis/build/icyphy/ptII/ptolemy/actor/lib/test/auto/BooleanMultiplexor3.xml
6 ms. Memory: 280576K Free: 80926K (29%)
----------------- Invoking toplevel() on ptolemy.moml.MoMLSimpleApplication@9d71231
----------------- Done invoking toplevel() on ptolemy.moml.MoMLSimpleApplication@9d71231
reloadAllAccessors: .BooleanMultiplexor3

===========================================================================================
----------------- testing Tue Jul 16 06:39:26 UTC 2019 /home/travis/build/icyphy/ptII/ptolemy/actor/lib/test/auto/BooleanSelect.xml
----------------- Instantiating /home/travis/build/icyphy/ptII/ptolemy/actor/lib/test/auto/BooleanSelect.xml
50 ms. Memory: 492544K Free: 444525K (90%)
----------------- Invoking toplevel() on ptolemy.moml.MoMLSimpleApplication@4906aa61
----------------- Done invoking toplevel() on ptolemy.moml.MoMLSimpleApplication@4906aa61
reloadAllAccessors: .BooleanSelect

===========================================================================================
----------------- testing Tue Jul 16 06:39:26 UTC 2019 /home/travis/build/icyphy/ptII/ptolemy/actor/lib/test/auto/BooleanSelect2.xml
----------------- Instantiating /home/travis/build/icyphy/ptII/ptolemy/actor/lib/test/auto/BooleanSelect2.xml
5 ms. Memory: 492544K Free: 439836K (89%)
----------------- Invoking toplevel() on ptolemy.moml.MoMLSimpleApplication@7f74b57c
----------------- Done invoking toplevel() on ptolemy.moml.MoMLSimpleApplication@7f74b57c
reloadAllAccessors: .BooleanSelect2

===========================================================================================
----------------- testing Tue Jul 16 06:39:26 UTC 2019 /home/travis/build/icyphy/ptII/ptolemy/actor/lib/test/auto/BooleanSwitch.xml
----------------- Instantiating /home/travis/build/icyphy/ptII/ptolemy/actor/lib/test/auto/BooleanSwitch.xml
18 ms. Memory: 492544K Free: 433692K (88%)
----------------- Invoking toplevel() on ptolemy.moml.MoMLSimpleApplication@1a5d0682
----------------- Done invoking toplevel() on ptolemy.moml.MoMLSimpleApplication@1a5d0682
reloadAllAccessors: .BooleanSwitch

===========================================================================================
----------------- testing Tue Jul 16 06:39:26 UTC 2019 /home/travis/build/icyphy/ptII/ptolemy/actor/lib/test/auto/BooleanSwitch2.xml
----------------- Instantiating /home/travis/build/icyphy/ptII/ptolemy/actor/lib/test/auto/BooleanSwitch2.xml
3 ms. Memory: 492544K Free: 429596K (87%)
----------------- Invoking toplevel() on ptolemy.moml.MoMLSimpleApplication@7a64cc6c
----------------- Done invoking toplevel() on ptolemy.moml.MoMLSimpleApplication@7a64cc6c
reloadAllAccessors: .BooleanSwitch2

===========================================================================================
----------------- testing Tue Jul 16 06:39:26 UTC 2019 /home/travis/build/icyphy/ptII/ptolemy/actor/lib/test/auto/BooleanSwitchCloningBugWithClassRelationGroup.xml
----------------- Instantiating /home/travis/build/icyphy/ptII/ptolemy/actor/lib/test/auto/BooleanSwitchCloningBugWithClassRelationGroup.xml
4 ms. Memory: 492544K Free: 422942K (86%)
----------------- Invoking toplevel() on ptolemy.moml.MoMLSimpleApplication@33d05b21
----------------- Done invoking toplevel() on ptolemy.moml.MoMLSimpleApplication@33d05b21
reloadAllAccessors: .BooleanSwitchCloningBugWithClassRelationGroup

===========================================================================================
----------------- testing Tue Jul 16 06:39:26 UTC 2019 /home/travis/build/icyphy/ptII/ptolemy/actor/lib/test/auto/BusActors.xml
----------------- Instantiating /home/travis/build/icyphy/ptII/ptolemy/actor/lib/test/auto/BusActors.xml
10 ms. Memory: 492544K Free: 415260K (84%)
----------------- Invoking toplevel() on ptolemy.moml.MoMLSimpleApplication@619b821f
----------------- Done invoking toplevel() on ptolemy.moml.MoMLSimpleApplication@619b821f
reloadAllAccessors: .BusActors

===========================================================================================
----------------- testing Tue Jul 16 06:39:26 UTC 2019 /home/travis/build/icyphy/ptII/ptolemy/actor/lib/test/auto/ClassWrapper.xml
----------------- Instantiating /home/travis/build/icyphy/ptII/ptolemy/actor/lib/test/auto/ClassWrapper.xml
4 ms. Memory: 492544K Free: 410654K (83%)
----------------- Invoking toplevel() on ptolemy.moml.MoMLSimpleApplication@5ee418aa
----------------- Done invoking toplevel() on ptolemy.moml.MoMLSimpleApplication@5ee418aa
reloadAllAccessors: .ClassWrapper

===========================================================================================
----------------- testing Tue Jul 16 06:39:26 UTC 2019 /home/travis/build/icyphy/ptII/ptolemy/actor/lib/test/auto/Clock.xml
----------------- Instantiating /home/travis/build/icyphy/ptII/ptolemy/actor/lib/test/auto/Clock.xml
4 ms. Memory: 492544K Free: 407068K (83%)
----------------- Invoking toplevel() on ptolemy.moml.MoMLSimpleApplication@23fdc13a
----------------- Done invoking toplevel() on ptolemy.moml.MoMLSimpleApplication@23fdc13a
reloadAllAccessors: .Clock

===========================================================================================
----------------- testing Tue Jul 16 06:39:26 UTC 2019 /home/travis/build/icyphy/ptII/ptolemy/actor/lib/test/auto/Clock10.xml
----------------- Instantiating /home/travis/build/icyphy/ptII/ptolemy/actor/lib/test/auto/Clock10.xml
7 ms. Memory: 492544K Free: 400924K (81%)
----------------- Invoking toplevel() on ptolemy.moml.MoMLSimpleApplication@ec42b0b
----------------- Done invoking toplevel() on ptolemy.moml.MoMLSimpleApplication@ec42b0b
reloadAllAccessors: .Clock10

===========================================================================================
----------------- testing Tue Jul 16 06:39:26 UTC 2019 /home/travis/build/icyphy/ptII/ptolemy/actor/lib/test/auto/Clock11.xml
----------------- Instantiating /home/travis/build/icyphy/ptII/ptolemy/actor/lib/test/auto/Clock11.xml
7 ms. Memory: 492544K Free: 395294K (80%)
----------------- Invoking toplevel() on ptolemy.moml.MoMLSimpleApplication@77698506
----------------- Done invoking toplevel() on ptolemy.moml.MoMLSimpleApplication@77698506
reloadAllAccessors: .Clock11

===========================================================================================
----------------- testing Tue Jul 16 06:39:26 UTC 2019 /home/travis/build/icyphy/ptII/ptolemy/actor/lib/test/auto/Clock12.xml
----------------- Instantiating /home/travis/build/icyphy/ptII/ptolemy/actor/lib/test/auto/Clock12.xml
11 ms. Memory: 492544K Free: 389150K (79%)
----------------- Invoking toplevel() on ptolemy.moml.MoMLSimpleApplication@cf59c43
----------------- Done invoking toplevel() on ptolemy.moml.MoMLSimpleApplication@cf59c43
reloadAllAccessors: .Clock12

===========================================================================================
----------------- testing Tue Jul 16 06:39:27 UTC 2019 /home/travis/build/icyphy/ptII/ptolemy/actor/lib/test/auto/Clock13.xml
----------------- Instantiating /home/travis/build/icyphy/ptII/ptolemy/actor/lib/test/auto/Clock13.xml
8 ms. Memory: 492544K Free: 383501K (78%)
----------------- Invoking toplevel() on ptolemy.moml.MoMLSimpleApplication@1d77d04e
----------------- Done invoking toplevel() on ptolemy.moml.MoMLSimpleApplication@1d77d04e
reloadAllAccessors: .Clock13

===========================================================================================
----------------- testing Tue Jul 16 06:39:27 UTC 2019 /home/travis/build/icyphy/ptII/ptolemy/actor/lib/test/auto/Clock14.xml
----------------- Instantiating /home/travis/build/icyphy/ptII/ptolemy/actor/lib/test/auto/Clock14.xml
8 ms. Memory: 492544K Free: 377365K (77%)
----------------- Invoking toplevel() on ptolemy.moml.MoMLSimpleApplication@4fb4fd3c
----------------- Done invoking toplevel() on ptolemy.moml.MoMLSimpleApplication@4fb4fd3c
reloadAllAccessors: .Clock14

===========================================================================================
----------------- testing Tue Jul 16 06:39:27 UTC 2019 /home/travis/build/icyphy/ptII/ptolemy/actor/lib/test/auto/Clock15.xml
----------------- Instantiating /home/travis/build/icyphy/ptII/ptolemy/actor/lib/test/auto/Clock15.xml
7 ms. Memory: 492544K Free: 371742K (75%)
----------------- Invoking toplevel() on ptolemy.moml.MoMLSimpleApplication@34aa8209
----------------- Done invoking toplevel() on ptolemy.moml.MoMLSimpleApplication@34aa8209
reloadAllAccessors: .Clock15

===========================================================================================
----------------- testing Tue Jul 16 06:39:27 UTC 2019 /home/travis/build/icyphy/ptII/ptolemy/actor/lib/test/auto/Clock16.xml
----------------- Instantiating /home/travis/build/icyphy/ptII/ptolemy/actor/lib/test/auto/Clock16.xml
48 ms. Memory: 492544K Free: 356885K (72%)
----------------- Invoking toplevel() on ptolemy.moml.MoMLSimpleApplication@6caf4831
----------------- Done invoking toplevel() on ptolemy.moml.MoMLSimpleApplication@6caf4831
reloadAllAccessors: .Clock16

===========================================================================================
----------------- testing Tue Jul 16 06:39:27 UTC 2019 /home/travis/build/icyphy/ptII/ptolemy/actor/lib/test/auto/Clock17.xml
----------------- Instantiating /home/travis/build/icyphy/ptII/ptolemy/actor/lib/test/auto/Clock17.xml
21 ms. Memory: 492544K Free: 342525K (70%)
----------------- Invoking toplevel() on ptolemy.moml.MoMLSimpleApplication@5afd3a3
----------------- Done invoking toplevel() on ptolemy.moml.MoMLSimpleApplication@5afd3a3
reloadAllAccessors: .Clock17

===========================================================================================
----------------- testing Tue Jul 16 06:39:27 UTC 2019 /home/travis/build/icyphy/ptII/ptolemy/actor/lib/test/auto/Clock18.xml
----------------- Instantiating /home/travis/build/icyphy/ptII/ptolemy/actor/lib/test/auto/Clock18.xml
31 ms. Memory: 492544K Free: 329229K (67%)
----------------- Invoking toplevel() on ptolemy.moml.MoMLSimpleApplication@7ba3c389
----------------- Done invoking toplevel() on ptolemy.moml.MoMLSimpleApplication@7ba3c389
reloadAllAccessors: .Clock18

===========================================================================================
----------------- testing Tue Jul 16 06:39:27 UTC 2019 /home/travis/build/icyphy/ptII/ptolemy/actor/lib/test/auto/Clock19.xml
----------------- Instantiating /home/travis/build/icyphy/ptII/ptolemy/actor/lib/test/auto/Clock19.xml
20 ms. Memory: 492544K Free: 315901K (64%)
----------------- Invoking toplevel() on ptolemy.moml.MoMLSimpleApplication@85275a
----------------- Done invoking toplevel() on ptolemy.moml.MoMLSimpleApplication@85275a
reloadAllAccessors: .Clock19

===========================================================================================
----------------- testing Tue Jul 16 06:39:27 UTC 2019 /home/travis/build/icyphy/ptII/ptolemy/actor/lib/test/auto/Clock2.xml
----------------- Instantiating /home/travis/build/icyphy/ptII/ptolemy/actor/lib/test/auto/Clock2.xml
9 ms. Memory: 492544K Free: 311829K (63%)
----------------- Invoking toplevel() on ptolemy.moml.MoMLSimpleApplication@16975491
----------------- Done invoking toplevel() on ptolemy.moml.MoMLSimpleApplication@16975491
reloadAllAccessors: .Clock2

===========================================================================================
----------------- testing Tue Jul 16 06:39:27 UTC 2019 /home/travis/build/icyphy/ptII/ptolemy/actor/lib/test/auto/Clock20.xml
----------------- Instantiating /home/travis/build/icyphy/ptII/ptolemy/actor/lib/test/auto/Clock20.xml
13 ms. Memory: 492544K Free: 306206K (62%)
----------------- Invoking toplevel() on ptolemy.moml.MoMLSimpleApplication@6ec45d32
----------------- Done invoking toplevel() on ptolemy.moml.MoMLSimpleApplication@6ec45d32
reloadAllAccessors: .Clock20

===========================================================================================
----------------- testing Tue Jul 16 06:39:27 UTC 2019 /home/travis/build/icyphy/ptII/ptolemy/actor/lib/test/auto/Clock21.xml
----------------- Instantiating /home/travis/build/icyphy/ptII/ptolemy/actor/lib/test/auto/Clock21.xml
11 ms. Memory: 492544K Free: 300572K (61%)
----------------- Invoking toplevel() on ptolemy.moml.MoMLSimpleApplication@16386cbb
----------------- Done invoking toplevel() on ptolemy.moml.MoMLSimpleApplication@16386cbb
reloadAllAccessors: .Clock21

===========================================================================================
----------------- testing Tue Jul 16 06:39:27 UTC 2019 /home/travis/build/icyphy/ptII/ptolemy/actor/lib/test/auto/Clock22.xml
----------------- Instantiating /home/travis/build/icyphy/ptII/ptolemy/actor/lib/test/auto/Clock22.xml
6 ms. Memory: 492544K Free: 295452K (60%)
----------------- Invoking toplevel() on ptolemy.moml.MoMLSimpleApplication@46119576
----------------- Done invoking toplevel() on ptolemy.moml.MoMLSimpleApplication@46119576
reloadAllAccessors: .Clock22

===========================================================================================
----------------- testing Tue Jul 16 06:39:27 UTC 2019 /home/travis/build/icyphy/ptII/ptolemy/actor/lib/test/auto/Clock23.xml
----------------- Instantiating /home/travis/build/icyphy/ptII/ptolemy/actor/lib/test/auto/Clock23.xml
7 ms. Memory: 492544K Free: 289822K (59%)
----------------- Invoking toplevel() on ptolemy.moml.MoMLSimpleApplication@5ab26181
----------------- Done invoking toplevel() on ptolemy.moml.MoMLSimpleApplication@5ab26181
reloadAllAccessors: .Clock23

===========================================================================================
----------------- testing Tue Jul 16 06:39:27 UTC 2019 /home/travis/build/icyphy/ptII/ptolemy/actor/lib/test/auto/Clock24.xml
----------------- Instantiating /home/travis/build/icyphy/ptII/ptolemy/actor/lib/test/auto/Clock24.xml
6 ms. Memory: 492544K Free: 284702K (58%)
----------------- Invoking toplevel() on ptolemy.moml.MoMLSimpleApplication@5d9c78ba
----------------- Done invoking toplevel() on ptolemy.moml.MoMLSimpleApplication@5d9c78ba
reloadAllAccessors: .Clock24

===========================================================================================
----------------- testing Tue Jul 16 06:39:27 UTC 2019 /home/travis/build/icyphy/ptII/ptolemy/actor/lib/test/auto/Clock4.xml
----------------- Instantiating /home/travis/build/icyphy/ptII/ptolemy/actor/lib/test/auto/Clock4.xml
3 ms. Memory: 492544K Free: 279582K (57%)
----------------- Invoking toplevel() on ptolemy.moml.MoMLSimpleApplication@5e06374c
----------------- Done invoking toplevel() on ptolemy.moml.MoMLSimpleApplication@5e06374c
reloadAllAccessors: .Clock4

===========================================================================================
----------------- testing Tue Jul 16 06:39:27 UTC 2019 /home/travis/build/icyphy/ptII/ptolemy/actor/lib/test/auto/Clock5.xml
----------------- Instantiating /home/travis/build/icyphy/ptII/ptolemy/actor/lib/test/auto/Clock5.xml
3 ms. Memory: 492544K Free: 274462K (56%)
----------------- Invoking toplevel() on ptolemy.moml.MoMLSimpleApplication@62834463
----------------- Done invoking toplevel() on ptolemy.moml.MoMLSimpleApplication@62834463
reloadAllAccessors: .Clock5

===========================================================================================
----------------- testing Tue Jul 16 06:39:27 UTC 2019 /home/travis/build/icyphy/ptII/ptolemy/actor/lib/test/auto/Clock6.xml
----------------- Instantiating /home/travis/build/icyphy/ptII/ptolemy/actor/lib/test/auto/Clock6.xml
3 ms. Memory: 492544K Free: 270366K (55%)
----------------- Invoking toplevel() on ptolemy.moml.MoMLSimpleApplication@5f5af8dd
----------------- Done invoking toplevel() on ptolemy.moml.MoMLSimpleApplication@5f5af8dd
reloadAllAccessors: .Clock6

===========================================================================================
----------------- testing Tue Jul 16 06:39:27 UTC 2019 /home/travis/build/icyphy/ptII/ptolemy/actor/lib/test/auto/Clock7.xml
----------------- Instantiating /home/travis/build/icyphy/ptII/ptolemy/actor/lib/test/auto/Clock7.xml
2 ms. Memory: 492544K Free: 264732K (54%)
----------------- Invoking toplevel() on ptolemy.moml.MoMLSimpleApplication@62303056
----------------- Done invoking toplevel() on ptolemy.moml.MoMLSimpleApplication@62303056
reloadAllAccessors: .Clock7

===========================================================================================
----------------- testing Tue Jul 16 06:39:27 UTC 2019 /home/travis/build/icyphy/ptII/ptolemy/actor/lib/test/auto/Clock8.xml
----------------- Instantiating /home/travis/build/icyphy/ptII/ptolemy/actor/lib/test/auto/Clock8.xml
7 ms. Memory: 492544K Free: 259581K (53%)
----------------- Invoking toplevel() on ptolemy.moml.MoMLSimpleApplication@50914cb2
----------------- Done invoking toplevel() on ptolemy.moml.MoMLSimpleApplication@50914cb2
reloadAllAccessors: .Clock8

===========================================================================================
----------------- testing Tue Jul 16 06:39:27 UTC 2019 /home/travis/build/icyphy/ptII/ptolemy/actor/lib/test/auto/Clock9.xml
----------------- Instantiating /home/travis/build/icyphy/ptII/ptolemy/actor/lib/test/auto/Clock9.xml
15 ms. Memory: 492544K Free: 253982K (52%)
----------------- Invoking toplevel() on ptolemy.moml.MoMLSimpleApplication@48c9c500
----------------- Done invoking toplevel() on ptolemy.moml.MoMLSimpleApplication@48c9c500
reloadAllAccessors: .Clock9

===========================================================================================
----------------- testing Tue Jul 16 06:39:27 UTC 2019 /home/travis/build/icyphy/ptII/ptolemy/actor/lib/test/auto/CommDistDiscard.xml
----------------- Instantiating /home/travis/build/icyphy/ptII/ptolemy/actor/lib/test/auto/CommDistDiscard.xml
7 ms. Memory: 492544K Free: 248862K (51%)
----------------- Invoking toplevel() on ptolemy.moml.MoMLSimpleApplication@1a440034
----------------- Done invoking toplevel() on ptolemy.moml.MoMLSimpleApplication@1a440034
reloadAllAccessors: .CommDistDiscard

===========================================================================================
----------------- testing Tue Jul 16 06:39:27 UTC 2019 /home/travis/build/icyphy/ptII/ptolemy/actor/lib/test/auto/Commutator.xml
----------------- Instantiating /home/travis/build/icyphy/ptII/ptolemy/actor/lib/test/auto/Commutator.xml
3 ms. Memory: 492544K Free: 244252K (50%)
----------------- Invoking toplevel() on ptolemy.moml.MoMLSimpleApplication@65c14902
----------------- Done invoking toplevel() on ptolemy.moml.MoMLSimpleApplication@65c14902
reloadAllAccessors: .Commutator

===========================================================================================
----------------- testing Tue Jul 16 06:39:27 UTC 2019 /home/travis/build/icyphy/ptII/ptolemy/actor/lib/test/auto/Commutator2.xml
----------------- Instantiating /home/travis/build/icyphy/ptII/ptolemy/actor/lib/test/auto/Commutator2.xml
2 ms. Memory: 492544K Free: 239646K (49%)
----------------- Invoking toplevel() on ptolemy.moml.MoMLSimpleApplication@11b1a7f0
----------------- Done invoking toplevel() on ptolemy.moml.MoMLSimpleApplication@11b1a7f0
reloadAllAccessors: .Commutator2

===========================================================================================
----------------- testing Tue Jul 16 06:39:27 UTC 2019 /home/travis/build/icyphy/ptII/ptolemy/actor/lib/test/auto/Commutator3.xml
----------------- Instantiating /home/travis/build/icyphy/ptII/ptolemy/actor/lib/test/auto/Commutator3.xml
3 ms. Memory: 492544K Free: 235550K (48%)
----------------- Invoking toplevel() on ptolemy.moml.MoMLSimpleApplication@82f8e76
----------------- Done invoking toplevel() on ptolemy.moml.MoMLSimpleApplication@82f8e76
reloadAllAccessors: .Commutator3

===========================================================================================
----------------- testing Tue Jul 16 06:39:27 UTC 2019 /home/travis/build/icyphy/ptII/ptolemy/actor/lib/test/auto/Compare.xml
----------------- Instantiating /home/travis/build/icyphy/ptII/ptolemy/actor/lib/test/auto/Compare.xml
3 ms. Memory: 492544K Free: 228892K (46%)
----------------- Invoking toplevel() on ptolemy.moml.MoMLSimpleApplication@3afd18bb
----------------- Done invoking toplevel() on ptolemy.moml.MoMLSimpleApplication@3afd18bb
reloadAllAccessors: .Compare

===========================================================================================
----------------- testing Tue Jul 16 06:39:28 UTC 2019 /home/travis/build/icyphy/ptII/ptolemy/actor/lib/test/auto/CompareDE.xml
----------------- Instantiating /home/travis/build/icyphy/ptII/ptolemy/actor/lib/test/auto/CompareDE.xml
4 ms. Memory: 492544K Free: 222238K (45%)
----------------- Invoking toplevel() on ptolemy.moml.MoMLSimpleApplication@14a874cf
----------------- Done invoking toplevel() on ptolemy.moml.MoMLSimpleApplication@14a874cf
reloadAllAccessors: .CompareDE

===========================================================================================
----------------- testing Tue Jul 16 06:39:28 UTC 2019 /home/travis/build/icyphy/ptII/ptolemy/actor/lib/test/auto/ComplexDivide.xml
----------------- Instantiating /home/travis/build/icyphy/ptII/ptolemy/actor/lib/test/auto/ComplexDivide.xml
1 ms. Memory: 492544K Free: 218142K (44%)
----------------- Invoking toplevel() on ptolemy.moml.MoMLSimpleApplication@33f84103
----------------- Done invoking toplevel() on ptolemy.moml.MoMLSimpleApplication@33f84103
reloadAllAccessors: .ComplexDivide

===========================================================================================
----------------- testing Tue Jul 16 06:39:28 UTC 2019 /home/travis/build/icyphy/ptII/ptolemy/actor/lib/test/auto/ComputeHistogram.xml
----------------- Instantiating /home/travis/build/icyphy/ptII/ptolemy/actor/lib/test/auto/ComputeHistogram.xml
40 ms. Memory: 492544K Free: 205340K (42%)
----------------- Invoking toplevel() on ptolemy.moml.MoMLSimpleApplication@4321e931
----------------- Done invoking toplevel() on ptolemy.moml.MoMLSimpleApplication@4321e931
reloadAllAccessors: .ComputeHistogram

===========================================================================================
----------------- testing Tue Jul 16 06:39:28 UTC 2019 /home/travis/build/icyphy/ptII/ptolemy/actor/lib/test/auto/ConfigurationSelect.xml
----------------- Instantiating /home/travis/build/icyphy/ptII/ptolemy/actor/lib/test/auto/ConfigurationSelect.xml
12 ms. Memory: 492544K Free: 200189K (41%)
----------------- Invoking toplevel() on ptolemy.moml.MoMLSimpleApplication@7de6e0df
----------------- Done invoking toplevel() on ptolemy.moml.MoMLSimpleApplication@7de6e0df
reloadAllAccessors: .ConfigurationSelect

===========================================================================================
----------------- testing Tue Jul 16 06:39:28 UTC 2019 /home/travis/build/icyphy/ptII/ptolemy/actor/lib/test/auto/ConfigurationSelect2.xml
----------------- Instantiating /home/travis/build/icyphy/ptII/ptolemy/actor/lib/test/auto/ConfigurationSelect2.xml
3 ms. Memory: 492544K Free: 195614K (40%)
----------------- Invoking toplevel() on ptolemy.moml.MoMLSimpleApplication@5735c83f
----------------- Done invoking toplevel() on ptolemy.moml.MoMLSimpleApplication@5735c83f
reloadAllAccessors: .ConfigurationSelect2

===========================================================================================
----------------- testing Tue Jul 16 06:39:28 UTC 2019 /home/travis/build/icyphy/ptII/ptolemy/actor/lib/test/auto/ConfigurationSwitch.xml
----------------- Instantiating /home/travis/build/icyphy/ptII/ptolemy/actor/lib/test/auto/ConfigurationSwitch.xml
3 ms. Memory: 492544K Free: 190494K (39%)
----------------- Invoking toplevel() on ptolemy.moml.MoMLSimpleApplication@72f01dd9
----------------- Done invoking toplevel() on ptolemy.moml.MoMLSimpleApplication@72f01dd9
reloadAllAccessors: .ConfigurationSwitch

===========================================================================================
----------------- testing Tue Jul 16 06:39:28 UTC 2019 /home/travis/build/icyphy/ptII/ptolemy/actor/lib/test/auto/ConfigurationSwitch2.xml
----------------- Instantiating /home/travis/build/icyphy/ptII/ptolemy/actor/lib/test/auto/ConfigurationSwitch2.xml
3 ms. Memory: 492544K Free: 184860K (38%)
----------------- Invoking toplevel() on ptolemy.moml.MoMLSimpleApplication@58fd270
----------------- Done invoking toplevel() on ptolemy.moml.MoMLSimpleApplication@58fd270
reloadAllAccessors: .ConfigurationSwitch2

===========================================================================================
----------------- testing Tue Jul 16 06:39:28 UTC 2019 /home/travis/build/icyphy/ptII/ptolemy/actor/lib/test/auto/ConfigurationSwitchCloningBugWithClassRelationGroup.xml
----------------- Instantiating /home/travis/build/icyphy/ptII/ptolemy/actor/lib/test/auto/ConfigurationSwitchCloningBugWithClassRelationGroup.xml
1 ms. Memory: 492544K Free: 178206K (36%)
----------------- Invoking toplevel() on ptolemy.moml.MoMLSimpleApplication@3e7a5137
----------------- Done invoking toplevel() on ptolemy.moml.MoMLSimpleApplication@3e7a5137
reloadAllAccessors: .ConfigurationSwitchCloningBugWithClassRelationGroup

===========================================================================================
----------------- testing Tue Jul 16 06:39:28 UTC 2019 /home/travis/build/icyphy/ptII/ptolemy/actor/lib/test/auto/ConfigurationSwitchSelectSDF.xml
----------------- Instantiating /home/travis/build/icyphy/ptII/ptolemy/actor/lib/test/auto/ConfigurationSwitchSelectSDF.xml
3 ms. Memory: 492544K Free: 173086K (35%)
----------------- Invoking toplevel() on ptolemy.moml.MoMLSimpleApplication@21f40d6b
----------------- Done invoking toplevel() on ptolemy.moml.MoMLSimpleApplication@21f40d6b
reloadAllAccessors: .ConfigurationSwitchSelectSDF

===========================================================================================
----------------- testing Tue Jul 16 06:39:28 UTC 2019 /home/travis/build/icyphy/ptII/ptolemy/actor/lib/test/auto/ConfigurationSwitchSelectSDF2.xml
----------------- Instantiating /home/travis/build/icyphy/ptII/ptolemy/actor/lib/test/auto/ConfigurationSwitchSelectSDF2.xml
3 ms. Memory: 492544K Free: 166942K (34%)
----------------- Invoking toplevel() on ptolemy.moml.MoMLSimpleApplication@4485ef98
----------------- Done invoking toplevel() on ptolemy.moml.MoMLSimpleApplication@4485ef98
reloadAllAccessors: .ConfigurationSwitchSelectSDF2

===========================================================================================
----------------- testing Tue Jul 16 06:39:28 UTC 2019 /home/travis/build/icyphy/ptII/ptolemy/actor/lib/test/auto/Const.xml
----------------- Instantiating /home/travis/build/icyphy/ptII/ptolemy/actor/lib/test/auto/Const.xml
1 ms. Memory: 492544K Free: 163870K (33%)
----------------- Invoking toplevel() on ptolemy.moml.MoMLSimpleApplication@3669d134
----------------- Done invoking toplevel() on ptolemy.moml.MoMLSimpleApplication@3669d134
reloadAllAccessors: .Const

===========================================================================================
----------------- testing Tue Jul 16 06:39:28 UTC 2019 /home/travis/build/icyphy/ptII/ptolemy/actor/lib/test/auto/Const2.xml
----------------- Instantiating /home/travis/build/icyphy/ptII/ptolemy/actor/lib/test/auto/Const2.xml
2 ms. Memory: 492544K Free: 443932K (90%)
----------------- Invoking toplevel() on ptolemy.moml.MoMLSimpleApplication@76db0dd
----------------- Done invoking toplevel() on ptolemy.moml.MoMLSimpleApplication@76db0dd
reloadAllAccessors: .Const2

===========================================================================================
----------------- testing Tue Jul 16 06:39:28 UTC 2019 /home/travis/build/icyphy/ptII/ptolemy/actor/lib/test/auto/Const3.xml
----------------- Instantiating /home/travis/build/icyphy/ptII/ptolemy/actor/lib/test/auto/Const3.xml
1 ms. Memory: 492544K Free: 440860K (90%)
----------------- Invoking toplevel() on ptolemy.moml.MoMLSimpleApplication@32185140
----------------- Done invoking toplevel() on ptolemy.moml.MoMLSimpleApplication@32185140
reloadAllAccessors: .Const3

===========================================================================================
----------------- testing Tue Jul 16 06:39:28 UTC 2019 /home/travis/build/icyphy/ptII/ptolemy/actor/lib/test/auto/ConstantPublisherPort1.xml
----------------- Instantiating /home/travis/build/icyphy/ptII/ptolemy/actor/lib/test/auto/ConstantPublisherPort1.xml
9 ms. Memory: 492544K Free: 431644K (88%)
----------------- Invoking toplevel() on ptolemy.moml.MoMLSimpleApplication@7f001369
----------------- Done invoking toplevel() on ptolemy.moml.MoMLSimpleApplication@7f001369
reloadAllAccessors: .ConstantPublisherPort1

===========================================================================================
----------------- testing Tue Jul 16 06:39:28 UTC 2019 /home/travis/build/icyphy/ptII/ptolemy/actor/lib/test/auto/ConstantPublisherPort2.xml
----------------- Instantiating /home/travis/build/icyphy/ptII/ptolemy/actor/lib/test/auto/ConstantPublisherPort2.xml
12 ms. Memory: 492544K Free: 423966K (86%)
----------------- Invoking toplevel() on ptolemy.moml.MoMLSimpleApplication@27dca911
----------------- Done invoking toplevel() on ptolemy.moml.MoMLSimpleApplication@27dca911
reloadAllAccessors: .ConstantPublisherPort2

===========================================================================================
----------------- testing Tue Jul 16 06:39:28 UTC 2019 /home/travis/build/icyphy/ptII/ptolemy/actor/lib/test/auto/ConstantPublisherPort3.xml
----------------- Instantiating /home/travis/build/icyphy/ptII/ptolemy/actor/lib/test/auto/ConstantPublisherPort3.xml
7 ms. Memory: 492544K Free: 416284K (85%)
----------------- Invoking toplevel() on ptolemy.moml.MoMLSimpleApplication@7eaa291a
----------------- Done invoking toplevel() on ptolemy.moml.MoMLSimpleApplication@7eaa291a
reloadAllAccessors: .ConstantPublisherPort3

===========================================================================================
----------------- testing Tue Jul 16 06:39:28 UTC 2019 /home/travis/build/icyphy/ptII/ptolemy/actor/lib/test/auto/ConstantPublisherPort4.xml
----------------- Instantiating /home/travis/build/icyphy/ptII/ptolemy/actor/lib/test/auto/ConstantPublisherPort4.xml
3 ms. Memory: 492544K Free: 409630K (83%)
----------------- Invoking toplevel() on ptolemy.moml.MoMLSimpleApplication@6e075917
----------------- Done invoking toplevel() on ptolemy.moml.MoMLSimpleApplication@6e075917
reloadAllAccessors: .ConstantPublisherPort4

===========================================================================================
----------------- testing Tue Jul 16 06:39:28 UTC 2019 /home/travis/build/icyphy/ptII/ptolemy/actor/lib/test/auto/ConstantPublisherPort5.xml
----------------- Instantiating /home/travis/build/icyphy/ptII/ptolemy/actor/lib/test/auto/ConstantPublisherPort5.xml
37 ms. Memory: 492544K Free: 399900K (81%)
----------------- Invoking toplevel() on ptolemy.moml.MoMLSimpleApplication@525cbc08
----------------- Done invoking toplevel() on ptolemy.moml.MoMLSimpleApplication@525cbc08
reloadAllAccessors: .ConstantPublisherPort5

===========================================================================================
----------------- testing Tue Jul 16 06:39:28 UTC 2019 /home/travis/build/icyphy/ptII/ptolemy/actor/lib/test/auto/ConstantPublisherPort6.xml
----------------- Instantiating /home/travis/build/icyphy/ptII/ptolemy/actor/lib/test/auto/ConstantPublisherPort6.xml
20 ms. Memory: 492544K Free: 390174K (79%)
----------------- Invoking toplevel() on ptolemy.moml.MoMLSimpleApplication@106667eb
----------------- Done invoking toplevel() on ptolemy.moml.MoMLSimpleApplication@106667eb
reloadAllAccessors: .ConstantPublisherPort6

===========================================================================================
----------------- testing Tue Jul 16 06:39:28 UTC 2019 /home/travis/build/icyphy/ptII/ptolemy/actor/lib/test/auto/ConstantPublisherPort7.xml
----------------- Instantiating /home/travis/build/icyphy/ptII/ptolemy/actor/lib/test/auto/ConstantPublisherPort7.xml
20 ms. Memory: 492544K Free: 381468K (77%)
----------------- Invoking toplevel() on ptolemy.moml.MoMLSimpleApplication@7b200dcd
----------------- Done invoking toplevel() on ptolemy.moml.MoMLSimpleApplication@7b200dcd
reloadAllAccessors: .ConstantPublisherPort7

===========================================================================================
----------------- testing Tue Jul 16 06:39:28 UTC 2019 /home/travis/build/icyphy/ptII/ptolemy/actor/lib/test/auto/ConstraintMonitor1.xml
----------------- Instantiating /home/travis/build/icyphy/ptII/ptolemy/actor/lib/test/auto/ConstraintMonitor1.xml
9 ms. Memory: 492544K Free: 375838K (76%)
----------------- Invoking toplevel() on ptolemy.moml.MoMLSimpleApplication@7da017bf
----------------- Done invoking toplevel() on ptolemy.moml.MoMLSimpleApplication@7da017bf
reloadAllAccessors: .ConstraintMonitor1

===========================================================================================
----------------- testing Tue Jul 16 06:39:28 UTC 2019 /home/travis/build/icyphy/ptII/ptolemy/actor/lib/test/auto/ConstraintMonitor2.xml
----------------- Instantiating /home/travis/build/icyphy/ptII/ptolemy/actor/lib/test/auto/ConstraintMonitor2.xml
8 ms. Memory: 492544K Free: 371228K (75%)
----------------- Invoking toplevel() on ptolemy.moml.MoMLSimpleApplication@ccd0690
----------------- Done invoking toplevel() on ptolemy.moml.MoMLSimpleApplication@ccd0690
reloadAllAccessors: .ConstraintMonitor2

===========================================================================================
----------------- testing Tue Jul 16 06:39:28 UTC 2019 /home/travis/build/icyphy/ptII/ptolemy/actor/lib/test/auto/ConstraintMonitor3.xml
----------------- Instantiating /home/travis/build/icyphy/ptII/ptolemy/actor/lib/test/auto/ConstraintMonitor3.xml
5 ms. Memory: 492544K Free: 367132K (75%)
----------------- Invoking toplevel() on ptolemy.moml.MoMLSimpleApplication@2d652997
----------------- Done invoking toplevel() on ptolemy.moml.MoMLSimpleApplication@2d652997
reloadAllAccessors: .ConstraintMonitor3

===========================================================================================
----------------- testing Tue Jul 16 06:39:28 UTC 2019 /home/travis/build/icyphy/ptII/ptolemy/actor/lib/test/auto/ConstraintMonitor4.xml
----------------- Instantiating /home/travis/build/icyphy/ptII/ptolemy/actor/lib/test/auto/ConstraintMonitor4.xml
5 ms. Memory: 492544K Free: 362012K (73%)
----------------- Invoking toplevel() on ptolemy.moml.MoMLSimpleApplication@9d83060
----------------- Done invoking toplevel() on ptolemy.moml.MoMLSimpleApplication@9d83060
reloadAllAccessors: .ConstraintMonitor4

===========================================================================================
----------------- testing Tue Jul 16 06:39:28 UTC 2019 /home/travis/build/icyphy/ptII/ptolemy/actor/lib/test/auto/ConstraintMonitor5.xml
----------------- Instantiating /home/travis/build/icyphy/ptII/ptolemy/actor/lib/test/auto/ConstraintMonitor5.xml
2 ms. Memory: 492544K Free: 357406K (73%)
----------------- Invoking toplevel() on ptolemy.moml.MoMLSimpleApplication@2b2c5ab
----------------- Done invoking toplevel() on ptolemy.moml.MoMLSimpleApplication@2b2c5ab
reloadAllAccessors: .ConstraintMonitor5

===========================================================================================
----------------- testing Tue Jul 16 06:39:28 UTC 2019 /home/travis/build/icyphy/ptII/ptolemy/actor/lib/test/auto/ConstraintMonitor6.xml
----------------- Instantiating /home/travis/build/icyphy/ptII/ptolemy/actor/lib/test/auto/ConstraintMonitor6.xml
7 ms. Memory: 492544K Free: 350741K (71%)
----------------- Invoking toplevel() on ptolemy.moml.MoMLSimpleApplication@3b0f6f67
----------------- Done invoking toplevel() on ptolemy.moml.MoMLSimpleApplication@3b0f6f67
reloadAllAccessors: .ConstraintMonitor6

===========================================================================================
----------------- testing Tue Jul 16 06:39:28 UTC 2019 /home/travis/build/icyphy/ptII/ptolemy/actor/lib/test/auto/ConstraintMonitor7.xml
----------------- Instantiating /home/travis/build/icyphy/ptII/ptolemy/actor/lib/test/auto/ConstraintMonitor7.xml
7 ms. Memory: 492544K Free: 344094K (70%)
----------------- Invoking toplevel() on ptolemy.moml.MoMLSimpleApplication@17a46668
----------------- Done invoking toplevel() on ptolemy.moml.MoMLSimpleApplication@17a46668
reloadAllAccessors: .ConstraintMonitor7

===========================================================================================
----------------- testing Tue Jul 16 06:39:28 UTC 2019 /home/travis/build/icyphy/ptII/ptolemy/actor/lib/test/auto/ConstraintMonitor8.xml
----------------- Instantiating /home/travis/build/icyphy/ptII/ptolemy/actor/lib/test/auto/ConstraintMonitor8.xml
8 ms. Memory: 492544K Free: 336926K (68%)
----------------- Invoking toplevel() on ptolemy.moml.MoMLSimpleApplication@62091427
----------------- Done invoking toplevel() on ptolemy.moml.MoMLSimpleApplication@62091427
reloadAllAccessors: .ConstraintMonitor8

===========================================================================================
----------------- testing Tue Jul 16 06:39:29 UTC 2019 /home/travis/build/icyphy/ptII/ptolemy/actor/lib/test/auto/Counter.xml
----------------- Instantiating /home/travis/build/icyphy/ptII/ptolemy/actor/lib/test/auto/Counter.xml
3 ms. Memory: 492544K Free: 331292K (67%)
----------------- Invoking toplevel() on ptolemy.moml.MoMLSimpleApplication@12e84516
----------------- Done invoking toplevel() on ptolemy.moml.MoMLSimpleApplication@12e84516
reloadAllAccessors: .Counter

===========================================================================================
----------------- testing Tue Jul 16 06:39:29 UTC 2019 /home/travis/build/icyphy/ptII/ptolemy/actor/lib/test/auto/CurrentTimeSDF.xml
----------------- Instantiating /home/travis/build/icyphy/ptII/ptolemy/actor/lib/test/auto/CurrentTimeSDF.xml
2 ms. Memory: 492544K Free: 327196K (66%)
----------------- Invoking toplevel() on ptolemy.moml.MoMLSimpleApplication@2904569d
----------------- Done invoking toplevel() on ptolemy.moml.MoMLSimpleApplication@2904569d
reloadAllAccessors: .CurrentTimeSDF

===========================================================================================
----------------- testing Tue Jul 16 06:39:29 UTC 2019 /home/travis/build/icyphy/ptII/ptolemy/actor/lib/test/auto/DB.xml
----------------- Instantiating /home/travis/build/icyphy/ptII/ptolemy/actor/lib/test/auto/DB.xml
4 ms. Memory: 492544K Free: 322590K (65%)
----------------- Invoking toplevel() on ptolemy.moml.MoMLSimpleApplication@5b547a07
----------------- Done invoking toplevel() on ptolemy.moml.MoMLSimpleApplication@5b547a07
reloadAllAccessors: .DB

===========================================================================================
----------------- testing Tue Jul 16 06:39:29 UTC 2019 /home/travis/build/icyphy/ptII/ptolemy/actor/lib/test/auto/DBDE.xml
----------------- Instantiating /home/travis/build/icyphy/ptII/ptolemy/actor/lib/test/auto/DBDE.xml
4 ms. Memory: 492544K Free: 316446K (64%)
----------------- Invoking toplevel() on ptolemy.moml.MoMLSimpleApplication@f0db3d9
----------------- Done invoking toplevel() on ptolemy.moml.MoMLSimpleApplication@f0db3d9
reloadAllAccessors: .DBDE

===========================================================================================
----------------- testing Tue Jul 16 06:39:29 UTC 2019 /home/travis/build/icyphy/ptII/ptolemy/actor/lib/test/auto/DateConstructor.xml
----------------- Instantiating /home/travis/build/icyphy/ptII/ptolemy/actor/lib/test/auto/DateConstructor.xml
40 ms. Memory: 492544K Free: 298524K (61%)
----------------- Invoking toplevel() on ptolemy.moml.MoMLSimpleApplication@68fa995a
----------------- Done invoking toplevel() on ptolemy.moml.MoMLSimpleApplication@68fa995a
reloadAllAccessors: .DateConstructor

===========================================================================================
----------------- testing Tue Jul 16 06:39:29 UTC 2019 /home/travis/build/icyphy/ptII/ptolemy/actor/lib/test/auto/DelayTime.xml
----------------- Instantiating /home/travis/build/icyphy/ptII/ptolemy/actor/lib/test/auto/DelayTime.xml
8 ms. Memory: 492544K Free: 293918K (60%)
----------------- Invoking toplevel() on ptolemy.moml.MoMLSimpleApplication@13ef83f8
----------------- Done invoking toplevel() on ptolemy.moml.MoMLSimpleApplication@13ef83f8
reloadAllAccessors: .DelayTime

===========================================================================================
----------------- testing Tue Jul 16 06:39:29 UTC 2019 /home/travis/build/icyphy/ptII/ptolemy/actor/lib/test/auto/Dictionary1.xml
----------------- Instantiating /home/travis/build/icyphy/ptII/ptolemy/actor/lib/test/auto/Dictionary1.xml
2 ms. Memory: 492544K Free: 288284K (59%)
----------------- Invoking toplevel() on ptolemy.moml.MoMLSimpleApplication@7e02e660
----------------- Done invoking toplevel() on ptolemy.moml.MoMLSimpleApplication@7e02e660
reloadAllAccessors: .Dictionary1

===========================================================================================
----------------- testing Tue Jul 16 06:39:29 UTC 2019 /home/travis/build/icyphy/ptII/ptolemy/actor/lib/test/auto/Dictionary2.xml
----------------- Instantiating /home/travis/build/icyphy/ptII/ptolemy/actor/lib/test/auto/Dictionary2.xml
5 ms. Memory: 492544K Free: 282654K (57%)
----------------- Invoking toplevel() on ptolemy.moml.MoMLSimpleApplication@1e9203de
----------------- Done invoking toplevel() on ptolemy.moml.MoMLSimpleApplication@1e9203de
reloadAllAccessors: .Dictionary2

===========================================================================================
----------------- testing Tue Jul 16 06:39:29 UTC 2019 /home/travis/build/icyphy/ptII/ptolemy/actor/lib/test/auto/Dictionary3.xml
----------------- Instantiating /home/travis/build/icyphy/ptII/ptolemy/actor/lib/test/auto/Dictionary3.xml
2 ms. Memory: 492544K Free: 277534K (56%)
----------------- Invoking toplevel() on ptolemy.moml.MoMLSimpleApplication@4ff8e81f
----------------- Done invoking toplevel() on ptolemy.moml.MoMLSimpleApplication@4ff8e81f
reloadAllAccessors: .Dictionary3

===========================================================================================
----------------- testing Tue Jul 16 06:39:29 UTC 2019 /home/travis/build/icyphy/ptII/ptolemy/actor/lib/test/auto/Dictionary4.xml
----------------- Instantiating /home/travis/build/icyphy/ptII/ptolemy/actor/lib/test/auto/Dictionary4.xml
4 ms. Memory: 492544K Free: 270366K (55%)
----------------- Invoking toplevel() on ptolemy.moml.MoMLSimpleApplication@21745771
----------------- Done invoking toplevel() on ptolemy.moml.MoMLSimpleApplication@21745771
reloadAllAccessors: .Dictionary4

===========================================================================================
----------------- testing Tue Jul 16 06:39:29 UTC 2019 /home/travis/build/icyphy/ptII/ptolemy/actor/lib/test/auto/Differential.xml
----------------- Instantiating /home/travis/build/icyphy/ptII/ptolemy/actor/lib/test/auto/Differential.xml
5 ms. Memory: 492544K Free: 265756K (54%)
----------------- Invoking toplevel() on ptolemy.moml.MoMLSimpleApplication@4e58697a
----------------- Done invoking toplevel() on ptolemy.moml.MoMLSimpleApplication@4e58697a
reloadAllAccessors: .Differential

===========================================================================================
----------------- testing Tue Jul 16 06:39:29 UTC 2019 /home/travis/build/icyphy/ptII/ptolemy/actor/lib/test/auto/Director.xml
----------------- Instantiating /home/travis/build/icyphy/ptII/ptolemy/actor/lib/test/auto/Director.xml
5 ms. Memory: 492544K Free: 262684K (53%)
----------------- Invoking toplevel() on ptolemy.moml.MoMLSimpleApplication@5195ed01
----------------- Done invoking toplevel() on ptolemy.moml.MoMLSimpleApplication@5195ed01
reloadAllAccessors: .Director

===========================================================================================
----------------- testing Tue Jul 16 06:39:29 UTC 2019 /home/travis/build/icyphy/ptII/ptolemy/actor/lib/test/auto/DiscreteClock.xml
----------------- Instantiating /home/travis/build/icyphy/ptII/ptolemy/actor/lib/test/auto/DiscreteClock.xml
2 ms. Memory: 492544K Free: 258588K (53%)
----------------- Invoking toplevel() on ptolemy.moml.MoMLSimpleApplication@631938b
----------------- Done invoking toplevel() on ptolemy.moml.MoMLSimpleApplication@631938b
reloadAllAccessors: .DiscreteClock

===========================================================================================
----------------- testing Tue Jul 16 06:39:29 UTC 2019 /home/travis/build/icyphy/ptII/ptolemy/actor/lib/test/auto/DiscreteClock10.xml
----------------- Instantiating /home/travis/build/icyphy/ptII/ptolemy/actor/lib/test/auto/DiscreteClock10.xml
5 ms. Memory: 492544K Free: 252444K (51%)
----------------- Invoking toplevel() on ptolemy.moml.MoMLSimpleApplication@2a0162b3
----------------- Done invoking toplevel() on ptolemy.moml.MoMLSimpleApplication@2a0162b3
reloadAllAccessors: .DiscreteClock10

===========================================================================================
----------------- testing Tue Jul 16 06:39:29 UTC 2019 /home/travis/build/icyphy/ptII/ptolemy/actor/lib/test/auto/DiscreteClock11.xml
----------------- Instantiating /home/travis/build/icyphy/ptII/ptolemy/actor/lib/test/auto/DiscreteClock11.xml
3 ms. Memory: 492544K Free: 246300K (50%)
----------------- Invoking toplevel() on ptolemy.moml.MoMLSimpleApplication@2986e848
----------------- Done invoking toplevel() on ptolemy.moml.MoMLSimpleApplication@2986e848
reloadAllAccessors: .DiscreteClock11

===========================================================================================
----------------- testing Tue Jul 16 06:39:29 UTC 2019 /home/travis/build/icyphy/ptII/ptolemy/actor/lib/test/auto/DiscreteClock12.xml
----------------- Instantiating /home/travis/build/icyphy/ptII/ptolemy/actor/lib/test/auto/DiscreteClock12.xml
3 ms. Memory: 492544K Free: 240670K (49%)
----------------- Invoking toplevel() on ptolemy.moml.MoMLSimpleApplication@618a75e2
----------------- Done invoking toplevel() on ptolemy.moml.MoMLSimpleApplication@618a75e2
reloadAllAccessors: .DiscreteClock12

===========================================================================================
----------------- testing Tue Jul 16 06:39:29 UTC 2019 /home/travis/build/icyphy/ptII/ptolemy/actor/lib/test/auto/DiscreteClock13.xml
----------------- Instantiating /home/travis/build/icyphy/ptII/ptolemy/actor/lib/test/auto/DiscreteClock13.xml
5 ms. Memory: 492544K Free: 234526K (48%)
----------------- Invoking toplevel() on ptolemy.moml.MoMLSimpleApplication@185b6d63
----------------- Done invoking toplevel() on ptolemy.moml.MoMLSimpleApplication@185b6d63
reloadAllAccessors: .DiscreteClock13

===========================================================================================
----------------- testing Tue Jul 16 06:39:29 UTC 2019 /home/travis/build/icyphy/ptII/ptolemy/actor/lib/test/auto/DiscreteClock14.xml
----------------- Instantiating /home/travis/build/icyphy/ptII/ptolemy/actor/lib/test/auto/DiscreteClock14.xml
6 ms. Memory: 492544K Free: 228382K (46%)
----------------- Invoking toplevel() on ptolemy.moml.MoMLSimpleApplication@3d7a3c27
----------------- Done invoking toplevel() on ptolemy.moml.MoMLSimpleApplication@3d7a3c27
reloadAllAccessors: .DiscreteClock14

===========================================================================================
----------------- testing Tue Jul 16 06:39:29 UTC 2019 /home/travis/build/icyphy/ptII/ptolemy/actor/lib/test/auto/DiscreteClock15.xml
----------------- Instantiating /home/travis/build/icyphy/ptII/ptolemy/actor/lib/test/auto/DiscreteClock15.xml
6 ms. Memory: 492544K Free: 222238K (45%)
----------------- Invoking toplevel() on ptolemy.moml.MoMLSimpleApplication@6cea44f9
----------------- Done invoking toplevel() on ptolemy.moml.MoMLSimpleApplication@6cea44f9
reloadAllAccessors: .DiscreteClock15

===========================================================================================
----------------- testing Tue Jul 16 06:39:29 UTC 2019 /home/travis/build/icyphy/ptII/ptolemy/actor/lib/test/auto/DiscreteClock16.xml
----------------- Instantiating /home/travis/build/icyphy/ptII/ptolemy/actor/lib/test/auto/DiscreteClock16.xml
20 ms. Memory: 492544K Free: 208926K (42%)
----------------- Invoking toplevel() on ptolemy.moml.MoMLSimpleApplication@2b796901
----------------- Done invoking toplevel() on ptolemy.moml.MoMLSimpleApplication@2b796901
reloadAllAccessors: .DiscreteClock16

===========================================================================================
----------------- testing Tue Jul 16 06:39:29 UTC 2019 /home/travis/build/icyphy/ptII/ptolemy/actor/lib/test/auto/DiscreteClock17.xml
----------------- Instantiating /home/travis/build/icyphy/ptII/ptolemy/actor/lib/test/auto/DiscreteClock17.xml
19 ms. Memory: 492544K Free: 194076K (39%)
----------------- Invoking toplevel() on ptolemy.moml.MoMLSimpleApplication@7da9bb6b
----------------- Done invoking toplevel() on ptolemy.moml.MoMLSimpleApplication@7da9bb6b
reloadAllAccessors: .DiscreteClock17

===========================================================================================
----------------- testing Tue Jul 16 06:39:29 UTC 2019 /home/travis/build/icyphy/ptII/ptolemy/actor/lib/test/auto/DiscreteClock18.xml
----------------- Instantiating /home/travis/build/icyphy/ptII/ptolemy/actor/lib/test/auto/DiscreteClock18.xml
24 ms. Memory: 492544K Free: 180254K (37%)
----------------- Invoking toplevel() on ptolemy.moml.MoMLSimpleApplication@5e3424ce
----------------- Done invoking toplevel() on ptolemy.moml.MoMLSimpleApplication@5e3424ce
reloadAllAccessors: .DiscreteClock18

===========================================================================================
----------------- testing Tue Jul 16 06:39:29 UTC 2019 /home/travis/build/icyphy/ptII/ptolemy/actor/lib/test/auto/DiscreteClock19.xml
----------------- Instantiating /home/travis/build/icyphy/ptII/ptolemy/actor/lib/test/auto/DiscreteClock19.xml
23 ms. Memory: 492544K Free: 166428K (34%)
----------------- Invoking toplevel() on ptolemy.moml.MoMLSimpleApplication@36aaf28d
----------------- Done invoking toplevel() on ptolemy.moml.MoMLSimpleApplication@36aaf28d
reloadAllAccessors: .DiscreteClock19

===========================================================================================
----------------- testing Tue Jul 16 06:39:29 UTC 2019 /home/travis/build/icyphy/ptII/ptolemy/actor/lib/test/auto/DiscreteClock2.xml
----------------- Instantiating /home/travis/build/icyphy/ptII/ptolemy/actor/lib/test/auto/DiscreteClock2.xml
5 ms. Memory: 492544K Free: 161822K (33%)
----------------- Invoking toplevel() on ptolemy.moml.MoMLSimpleApplication@3c9cea7e
----------------- Done invoking toplevel() on ptolemy.moml.MoMLSimpleApplication@3c9cea7e
reloadAllAccessors: .DiscreteClock2

===========================================================================================
----------------- testing Tue Jul 16 06:39:29 UTC 2019 /home/travis/build/icyphy/ptII/ptolemy/actor/lib/test/auto/DiscreteClock20.xml
----------------- Instantiating /home/travis/build/icyphy/ptII/ptolemy/actor/lib/test/auto/DiscreteClock20.xml
17 ms. Memory: 492544K Free: 440345K (89%)
----------------- Invoking toplevel() on ptolemy.moml.MoMLSimpleApplication@471752e7
----------------- Done invoking toplevel() on ptolemy.moml.MoMLSimpleApplication@471752e7
reloadAllAccessors: .DiscreteClock20

===========================================================================================
----------------- testing Tue Jul 16 06:39:29 UTC 2019 /home/travis/build/icyphy/ptII/ptolemy/actor/lib/test/auto/DiscreteClock21.xml
----------------- Instantiating /home/travis/build/icyphy/ptII/ptolemy/actor/lib/test/auto/DiscreteClock21.xml
6 ms. Memory: 492544K Free: 434718K (88%)
----------------- Invoking toplevel() on ptolemy.moml.MoMLSimpleApplication@b59da59
----------------- Done invoking toplevel() on ptolemy.moml.MoMLSimpleApplication@b59da59
reloadAllAccessors: .DiscreteClock21

===========================================================================================
----------------- testing Tue Jul 16 06:39:29 UTC 2019 /home/travis/build/icyphy/ptII/ptolemy/actor/lib/test/auto/DiscreteClock22.xml
----------------- Instantiating /home/travis/build/icyphy/ptII/ptolemy/actor/lib/test/auto/DiscreteClock22.xml
5 ms. Memory: 492544K Free: 429084K (87%)
----------------- Invoking toplevel() on ptolemy.moml.MoMLSimpleApplication@36e066f8
----------------- Done invoking toplevel() on ptolemy.moml.MoMLSimpleApplication@36e066f8
reloadAllAccessors: .DiscreteClock22

===========================================================================================
----------------- testing Tue Jul 16 06:39:29 UTC 2019 /home/travis/build/icyphy/ptII/ptolemy/actor/lib/test/auto/DiscreteClock23.xml
----------------- Instantiating /home/travis/build/icyphy/ptII/ptolemy/actor/lib/test/auto/DiscreteClock23.xml
10 ms. Memory: 492544K Free: 423964K (86%)
----------------- Invoking toplevel() on ptolemy.moml.MoMLSimpleApplication@3353d7dd
----------------- Done invoking toplevel() on ptolemy.moml.MoMLSimpleApplication@3353d7dd
reloadAllAccessors: .DiscreteClock23

===========================================================================================
----------------- testing Tue Jul 16 06:39:30 UTC 2019 /home/travis/build/icyphy/ptII/ptolemy/actor/lib/test/auto/DiscreteClock24.xml
----------------- Instantiating /home/travis/build/icyphy/ptII/ptolemy/actor/lib/test/auto/DiscreteClock24.xml
6 ms. Memory: 492544K Free: 418334K (85%)
----------------- Invoking toplevel() on ptolemy.moml.MoMLSimpleApplication@70f4c12f
----------------- Done invoking toplevel() on ptolemy.moml.MoMLSimpleApplication@70f4c12f
reloadAllAccessors: .DiscreteClock24

===========================================================================================
----------------- testing Tue Jul 16 06:39:30 UTC 2019 /home/travis/build/icyphy/ptII/ptolemy/actor/lib/test/auto/DiscreteClock4.xml
----------------- Instantiating /home/travis/build/icyphy/ptII/ptolemy/actor/lib/test/auto/DiscreteClock4.xml
6 ms. Memory: 492544K Free: 412700K (84%)
----------------- Invoking toplevel() on ptolemy.moml.MoMLSimpleApplication@5b388000
----------------- Done invoking toplevel() on ptolemy.moml.MoMLSimpleApplication@5b388000
reloadAllAccessors: .DiscreteClock4

===========================================================================================
----------------- testing Tue Jul 16 06:39:30 UTC 2019 /home/travis/build/icyphy/ptII/ptolemy/actor/lib/test/auto/DiscreteClock5.xml
----------------- Instantiating /home/travis/build/icyphy/ptII/ptolemy/actor/lib/test/auto/DiscreteClock5.xml
2 ms. Memory: 492544K Free: 407070K (83%)
----------------- Invoking toplevel() on ptolemy.moml.MoMLSimpleApplication@317ff655
----------------- Done invoking toplevel() on ptolemy.moml.MoMLSimpleApplication@317ff655
reloadAllAccessors: .DiscreteClock5

===========================================================================================
----------------- testing Tue Jul 16 06:39:30 UTC 2019 /home/travis/build/icyphy/ptII/ptolemy/actor/lib/test/auto/DiscreteClock6.xml
----------------- Instantiating /home/travis/build/icyphy/ptII/ptolemy/actor/lib/test/auto/DiscreteClock6.xml
2 ms. Memory: 492544K Free: 403469K (82%)
----------------- Invoking toplevel() on ptolemy.moml.MoMLSimpleApplication@32091f83
----------------- Done invoking toplevel() on ptolemy.moml.MoMLSimpleApplication@32091f83
reloadAllAccessors: .DiscreteClock6

===========================================================================================
----------------- testing Tue Jul 16 06:39:30 UTC 2019 /home/travis/build/icyphy/ptII/ptolemy/actor/lib/test/auto/DiscreteClock7.xml
----------------- Instantiating /home/travis/build/icyphy/ptII/ptolemy/actor/lib/test/auto/DiscreteClock7.xml
2 ms. Memory: 492544K Free: 398364K (81%)
----------------- Invoking toplevel() on ptolemy.moml.MoMLSimpleApplication@17f37f85
----------------- Done invoking toplevel() on ptolemy.moml.MoMLSimpleApplication@17f37f85
reloadAllAccessors: .DiscreteClock7

===========================================================================================
----------------- testing Tue Jul 16 06:39:30 UTC 2019 /home/travis/build/icyphy/ptII/ptolemy/actor/lib/test/auto/DiscreteClock8.xml
----------------- Instantiating /home/travis/build/icyphy/ptII/ptolemy/actor/lib/test/auto/DiscreteClock8.xml
3 ms. Memory: 492544K Free: 392734K (80%)
----------------- Invoking toplevel() on ptolemy.moml.MoMLSimpleApplication@15ec6299
----------------- Done invoking toplevel() on ptolemy.moml.MoMLSimpleApplication@15ec6299
reloadAllAccessors: .DiscreteClock8

===========================================================================================
----------------- testing Tue Jul 16 06:39:30 UTC 2019 /home/travis/build/icyphy/ptII/ptolemy/actor/lib/test/auto/DiscreteClock9.xml
----------------- Instantiating /home/travis/build/icyphy/ptII/ptolemy/actor/lib/test/auto/DiscreteClock9.xml
6 ms. Memory: 492544K Free: 386590K (78%)
----------------- Invoking toplevel() on ptolemy.moml.MoMLSimpleApplication@284a8568
----------------- Done invoking toplevel() on ptolemy.moml.MoMLSimpleApplication@284a8568
reloadAllAccessors: .DiscreteClock9

===========================================================================================
----------------- testing Tue Jul 16 06:39:30 UTC 2019 /home/travis/build/icyphy/ptII/ptolemy/actor/lib/test/auto/DisplayArray.xml
----------------- Instantiating /home/travis/build/icyphy/ptII/ptolemy/actor/lib/test/auto/DisplayArray.xml
1 ms. Memory: 492544K Free: 383004K (78%)
----------------- Invoking toplevel() on ptolemy.moml.MoMLSimpleApplication@283693fe
----------------- Done invoking toplevel() on ptolemy.moml.MoMLSimpleApplication@283693fe
reloadAllAccessors: .DisplayArray

===========================================================================================
----------------- testing Tue Jul 16 06:39:30 UTC 2019 /home/travis/build/icyphy/ptII/ptolemy/actor/lib/test/auto/Distributor.xml
----------------- Instantiating /home/travis/build/icyphy/ptII/ptolemy/actor/lib/test/auto/Distributor.xml
2 ms. Memory: 492544K Free: 378398K (77%)
----------------- Invoking toplevel() on ptolemy.moml.MoMLSimpleApplication@2d69416e
----------------- Done invoking toplevel() on ptolemy.moml.MoMLSimpleApplication@2d69416e
reloadAllAccessors: .Distributor

===========================================================================================
----------------- testing Tue Jul 16 06:39:30 UTC 2019 /home/travis/build/icyphy/ptII/ptolemy/actor/lib/test/auto/Distributor2.xml
----------------- Instantiating /home/travis/build/icyphy/ptII/ptolemy/actor/lib/test/auto/Distributor2.xml
2 ms. Memory: 492544K Free: 373278K (76%)
----------------- Invoking toplevel() on ptolemy.moml.MoMLSimpleApplication@5ca024b2
----------------- Done invoking toplevel() on ptolemy.moml.MoMLSimpleApplication@5ca024b2
reloadAllAccessors: .Distributor2

===========================================================================================
----------------- testing Tue Jul 16 06:39:30 UTC 2019 /home/travis/build/icyphy/ptII/ptolemy/actor/lib/test/auto/DownSample.xml
----------------- Instantiating /home/travis/build/icyphy/ptII/ptolemy/actor/lib/test/auto/DownSample.xml
2 ms. Memory: 492544K Free: 368668K (75%)
----------------- Invoking toplevel() on ptolemy.moml.MoMLSimpleApplication@2c8686b2
----------------- Done invoking toplevel() on ptolemy.moml.MoMLSimpleApplication@2c8686b2
reloadAllAccessors: .DownSample

===========================================================================================
----------------- testing Tue Jul 16 06:39:30 UTC 2019 /home/travis/build/icyphy/ptII/ptolemy/actor/lib/test/auto/ElectronicUnitBase1.xml
----------------- Instantiating /home/travis/build/icyphy/ptII/ptolemy/actor/lib/test/auto/ElectronicUnitBase1.xml
17 ms. Memory: 492544K Free: 352284K (72%)
----------------- Invoking toplevel() on ptolemy.moml.MoMLSimpleApplication@567284a3
----------------- Done invoking toplevel() on ptolemy.moml.MoMLSimpleApplication@567284a3
reloadAllAccessors: .ElectronicUnitBase1

===========================================================================================
----------------- testing Tue Jul 16 06:39:30 UTC 2019 /home/travis/build/icyphy/ptII/ptolemy/actor/lib/test/auto/ElementsToArray.xml
----------------- Instantiating /home/travis/build/icyphy/ptII/ptolemy/actor/lib/test/auto/ElementsToArray.xml
3 ms. Memory: 492544K Free: 347164K (70%)
----------------- Invoking toplevel() on ptolemy.moml.MoMLSimpleApplication@2ed494dd
----------------- Done invoking toplevel() on ptolemy.moml.MoMLSimpleApplication@2ed494dd
reloadAllAccessors: .ElementsToArray

===========================================================================================
----------------- testing Tue Jul 16 06:39:30 UTC 2019 /home/travis/build/icyphy/ptII/ptolemy/actor/lib/test/auto/Equals.xml
----------------- Instantiating /home/travis/build/icyphy/ptII/ptolemy/actor/lib/test/auto/Equals.xml
4 ms. Memory: 492544K Free: 343068K (70%)
----------------- Invoking toplevel() on ptolemy.moml.MoMLSimpleApplication@43995afd
----------------- Done invoking toplevel() on ptolemy.moml.MoMLSimpleApplication@43995afd
reloadAllAccessors: .Equals

===========================================================================================
----------------- testing Tue Jul 16 06:39:30 UTC 2019 /home/travis/build/icyphy/ptII/ptolemy/actor/lib/test/auto/Exec.xml
----------------- Instantiating /home/travis/build/icyphy/ptII/ptolemy/actor/lib/test/auto/Exec.xml
22 ms. Memory: 492544K Free: 336924K (68%)
----------------- Invoking toplevel() on ptolemy.moml.MoMLSimpleApplication@324e802b
----------------- Done invoking toplevel() on ptolemy.moml.MoMLSimpleApplication@324e802b
reloadAllAccessors: .Exec

===========================================================================================
----------------- testing Tue Jul 16 06:39:30 UTC 2019 /home/travis/build/icyphy/ptII/ptolemy/actor/lib/test/auto/ExecEnvironment.xml
----------------- Instantiating /home/travis/build/icyphy/ptII/ptolemy/actor/lib/test/auto/ExecEnvironment.xml
27 ms. Memory: 492544K Free: 331789K (67%)
----------------- Invoking toplevel() on ptolemy.moml.MoMLSimpleApplication@426d383f
----------------- Done invoking toplevel() on ptolemy.moml.MoMLSimpleApplication@426d383f
reloadAllAccessors: .ExecEnvironment

===========================================================================================
----------------- testing Tue Jul 16 06:39:30 UTC 2019 /home/travis/build/icyphy/ptII/ptolemy/actor/lib/test/auto/ExecNonZeroReturnOutput.xml
----------------- Instantiating /home/travis/build/icyphy/ptII/ptolemy/actor/lib/test/auto/ExecNonZeroReturnOutput.xml
201 ms. Memory: 492544K Free: 320030K (65%)
----------------- Invoking toplevel() on ptolemy.moml.MoMLSimpleApplication@5e0901d0
----------------- Done invoking toplevel() on ptolemy.moml.MoMLSimpleApplication@5e0901d0
reloadAllAccessors: .ExecNonZeroReturnOutput

===========================================================================================
----------------- testing Tue Jul 16 06:39:30 UTC 2019 /home/travis/build/icyphy/ptII/ptolemy/actor/lib/test/auto/ExecRunDemos.xml
----------------- Instantiating /home/travis/build/icyphy/ptII/ptolemy/actor/lib/test/auto/ExecRunDemos.xml
Finished: 148 ms. Memory: 120832K Free: 111367K (92%)

Finished: 75 ms. Memory: 120832K Free: 110646K (92%)

Finished: 115 ms. Memory: 120832K Free: 110802K (92%)

Finished: 101 ms. Memory: 120832K Free: 103122K (85%)

Finished: 89 ms. Memory: 120832K Free: 103940K (86%)

12142 ms. Memory: 492544K Free: 298524K (61%)
----------------- Invoking toplevel() on ptolemy.moml.MoMLSimpleApplication@1933af30
----------------- Done invoking toplevel() on ptolemy.moml.MoMLSimpleApplication@1933af30
reloadAllAccessors: .ExecRunDemos

===========================================================================================
----------------- testing Tue Jul 16 06:39:42 UTC 2019 /home/travis/build/icyphy/ptII/ptolemy/actor/lib/test/auto/ExecStop.xml
----------------- Instantiating /home/travis/build/icyphy/ptII/ptolemy/actor/lib/test/auto/ExecStop.xml
5017 ms. Memory: 492544K Free: 165916K (34%)
----------------- Invoking toplevel() on ptolemy.moml.MoMLSimpleApplication@7d47662e
----------------- Done invoking toplevel() on ptolemy.moml.MoMLSimpleApplication@7d47662e
reloadAllAccessors: .ExecStop

===========================================================================================
----------------- testing Tue Jul 16 06:39:47 UTC 2019 /home/travis/build/icyphy/ptII/ptolemy/actor/lib/test/auto/ExecutionTimeSDF.xml
----------------- Instantiating /home/travis/build/icyphy/ptII/ptolemy/actor/lib/test/auto/ExecutionTimeSDF.xml
Fired ExecutionTime: -2091367296
Fired ExecutionTime: 1070800000
Fired ExecutionTime: -1064567296
6011 ms. Memory: 492544K Free: 437278K (89%)

===========================================================================================
----------------- testing Tue Jul 16 06:39:54 UTC 2019 /home/travis/build/icyphy/ptII/ptolemy/actor/lib/test/auto/Expression1.xml
----------------- Instantiating /home/travis/build/icyphy/ptII/ptolemy/actor/lib/test/auto/Expression1.xml
1 ms. Memory: 492544K Free: 433182K (88%)
----------------- Invoking toplevel() on ptolemy.moml.MoMLSimpleApplication@5d4a0493
----------------- Done invoking toplevel() on ptolemy.moml.MoMLSimpleApplication@5d4a0493
reloadAllAccessors: .Expression1

===========================================================================================
----------------- testing Tue Jul 16 06:39:54 UTC 2019 /home/travis/build/icyphy/ptII/ptolemy/actor/lib/test/auto/Expression10.xml
----------------- Instantiating /home/travis/build/icyphy/ptII/ptolemy/actor/lib/test/auto/Expression10.xml
8 ms. Memory: 492544K Free: 427548K (87%)
----------------- Invoking toplevel() on ptolemy.moml.MoMLSimpleApplication@d9c475e
----------------- Done invoking toplevel() on ptolemy.moml.MoMLSimpleApplication@d9c475e
reloadAllAccessors: .Expression10

===========================================================================================
----------------- testing Tue Jul 16 06:39:54 UTC 2019 /home/travis/build/icyphy/ptII/ptolemy/actor/lib/test/auto/Expression11.xml
----------------- Instantiating /home/travis/build/icyphy/ptII/ptolemy/actor/lib/test/auto/Expression11.xml
3 ms. Memory: 492544K Free: 423452K (86%)
----------------- Invoking toplevel() on ptolemy.moml.MoMLSimpleApplication@55a666f1
----------------- Done invoking toplevel() on ptolemy.moml.MoMLSimpleApplication@55a666f1
reloadAllAccessors: .Expression11

===========================================================================================
----------------- testing Tue Jul 16 06:39:54 UTC 2019 /home/travis/build/icyphy/ptII/ptolemy/actor/lib/test/auto/Expression12.xml
----------------- Instantiating /home/travis/build/icyphy/ptII/ptolemy/actor/lib/test/auto/Expression12.xml
4 ms. Memory: 492544K Free: 417822K (85%)
----------------- Invoking toplevel() on ptolemy.moml.MoMLSimpleApplication@3af2524d
----------------- Done invoking toplevel() on ptolemy.moml.MoMLSimpleApplication@3af2524d
reloadAllAccessors: .Expression12

===========================================================================================
----------------- testing Tue Jul 16 06:39:54 UTC 2019 /home/travis/build/icyphy/ptII/ptolemy/actor/lib/test/auto/Expression13.xml
----------------- Instantiating /home/travis/build/icyphy/ptII/ptolemy/actor/lib/test/auto/Expression13.xml
4 ms. Memory: 492544K Free: 412702K (84%)
----------------- Invoking toplevel() on ptolemy.moml.MoMLSimpleApplication@59bd283
----------------- Done invoking toplevel() on ptolemy.moml.MoMLSimpleApplication@59bd283
reloadAllAccessors: .Expression13

===========================================================================================
----------------- testing Tue Jul 16 06:39:54 UTC 2019 /home/travis/build/icyphy/ptII/ptolemy/actor/lib/test/auto/Expression14.xml
----------------- Instantiating /home/travis/build/icyphy/ptII/ptolemy/actor/lib/test/auto/Expression14.xml
9 ms. Memory: 492544K Free: 407068K (83%)
----------------- Invoking toplevel() on ptolemy.moml.MoMLSimpleApplication@50611278
----------------- Done invoking toplevel() on ptolemy.moml.MoMLSimpleApplication@50611278
reloadAllAccessors: .Expression14

===========================================================================================
----------------- testing Tue Jul 16 06:39:54 UTC 2019 /home/travis/build/icyphy/ptII/ptolemy/actor/lib/test/auto/Expression15.xml
----------------- Instantiating /home/travis/build/icyphy/ptII/ptolemy/actor/lib/test/auto/Expression15.xml
2 ms. Memory: 492544K Free: 402972K (82%)
----------------- Invoking toplevel() on ptolemy.moml.MoMLSimpleApplication@338fc5d2
----------------- Done invoking toplevel() on ptolemy.moml.MoMLSimpleApplication@338fc5d2
reloadAllAccessors: .Expression15

===========================================================================================
----------------- testing Tue Jul 16 06:39:54 UTC 2019 /home/travis/build/icyphy/ptII/ptolemy/actor/lib/test/auto/Expression16.xml
----------------- Instantiating /home/travis/build/icyphy/ptII/ptolemy/actor/lib/test/auto/Expression16.xml
4 ms. Memory: 492544K Free: 398366K (81%)
----------------- Invoking toplevel() on ptolemy.moml.MoMLSimpleApplication@7caebc35
----------------- Done invoking toplevel() on ptolemy.moml.MoMLSimpleApplication@7caebc35
reloadAllAccessors: .Expression16

===========================================================================================
----------------- testing Tue Jul 16 06:39:54 UTC 2019 /home/travis/build/icyphy/ptII/ptolemy/actor/lib/test/auto/Expression17.xml
----------------- Instantiating /home/travis/build/icyphy/ptII/ptolemy/actor/lib/test/auto/Expression17.xml
6 ms. Memory: 492544K Free: 393246K (80%)
----------------- Invoking toplevel() on ptolemy.moml.MoMLSimpleApplication@3090ce11
----------------- Done invoking toplevel() on ptolemy.moml.MoMLSimpleApplication@3090ce11
reloadAllAccessors: .Expression17

===========================================================================================
----------------- testing Tue Jul 16 06:39:54 UTC 2019 /home/travis/build/icyphy/ptII/ptolemy/actor/lib/test/auto/Expression18.xml
----------------- Instantiating /home/travis/build/icyphy/ptII/ptolemy/actor/lib/test/auto/Expression18.xml
7 ms. Memory: 492544K Free: 388636K (79%)
----------------- Invoking toplevel() on ptolemy.moml.MoMLSimpleApplication@7f60501b
----------------- Done invoking toplevel() on ptolemy.moml.MoMLSimpleApplication@7f60501b
reloadAllAccessors: .Expression18

===========================================================================================
----------------- testing Tue Jul 16 06:39:54 UTC 2019 /home/travis/build/icyphy/ptII/ptolemy/actor/lib/test/auto/Expression2.xml
----------------- Instantiating /home/travis/build/icyphy/ptII/ptolemy/actor/lib/test/auto/Expression2.xml
3 ms. Memory: 492544K Free: 383516K (78%)
----------------- Invoking toplevel() on ptolemy.moml.MoMLSimpleApplication@2437df6b
----------------- Done invoking toplevel() on ptolemy.moml.MoMLSimpleApplication@2437df6b
reloadAllAccessors: .Expression2

===========================================================================================
----------------- testing Tue Jul 16 06:39:54 UTC 2019 /home/travis/build/icyphy/ptII/ptolemy/actor/lib/test/auto/Expression3.xml
----------------- Instantiating /home/travis/build/icyphy/ptII/ptolemy/actor/lib/test/auto/Expression3.xml
8 ms. Memory: 492544K Free: 378396K (77%)
----------------- Invoking toplevel() on ptolemy.moml.MoMLSimpleApplication@154927f5
----------------- Done invoking toplevel() on ptolemy.moml.MoMLSimpleApplication@154927f5
reloadAllAccessors: .Expression3

===========================================================================================
----------------- testing Tue Jul 16 06:39:54 UTC 2019 /home/travis/build/icyphy/ptII/ptolemy/actor/lib/test/auto/Expression4.xml
----------------- Instantiating /home/travis/build/icyphy/ptII/ptolemy/actor/lib/test/auto/Expression4.xml
4 ms. Memory: 492544K Free: 371228K (75%)
----------------- Invoking toplevel() on ptolemy.moml.MoMLSimpleApplication@41b31f2c
----------------- Done invoking toplevel() on ptolemy.moml.MoMLSimpleApplication@41b31f2c
reloadAllAccessors: .Expression4

===========================================================================================
----------------- testing Tue Jul 16 06:39:54 UTC 2019 /home/travis/build/icyphy/ptII/ptolemy/actor/lib/test/auto/Expression5.xml
----------------- Instantiating /home/travis/build/icyphy/ptII/ptolemy/actor/lib/test/auto/Expression5.xml
6 ms. Memory: 492544K Free: 366108K (74%)
----------------- Invoking toplevel() on ptolemy.moml.MoMLSimpleApplication@2982b2f8
----------------- Done invoking toplevel() on ptolemy.moml.MoMLSimpleApplication@2982b2f8
reloadAllAccessors: .Expression5

===========================================================================================
----------------- testing Tue Jul 16 06:39:54 UTC 2019 /home/travis/build/icyphy/ptII/ptolemy/actor/lib/test/auto/Expression6.xml
----------------- Instantiating /home/travis/build/icyphy/ptII/ptolemy/actor/lib/test/auto/Expression6.xml
3 ms. Memory: 492544K Free: 361502K (73%)
----------------- Invoking toplevel() on ptolemy.moml.MoMLSimpleApplication@1b334165
----------------- Done invoking toplevel() on ptolemy.moml.MoMLSimpleApplication@1b334165
reloadAllAccessors: .Expression6

===========================================================================================
----------------- testing Tue Jul 16 06:39:54 UTC 2019 /home/travis/build/icyphy/ptII/ptolemy/actor/lib/test/auto/Expression7.xml
----------------- Instantiating /home/travis/build/icyphy/ptII/ptolemy/actor/lib/test/auto/Expression7.xml
4 ms. Memory: 492544K Free: 356892K (72%)
----------------- Invoking toplevel() on ptolemy.moml.MoMLSimpleApplication@5d6952
----------------- Done invoking toplevel() on ptolemy.moml.MoMLSimpleApplication@5d6952
reloadAllAccessors: .Expression7

===========================================================================================
----------------- testing Tue Jul 16 06:39:54 UTC 2019 /home/travis/build/icyphy/ptII/ptolemy/actor/lib/test/auto/Expression8.xml
----------------- Instantiating /home/travis/build/icyphy/ptII/ptolemy/actor/lib/test/auto/Expression8.xml
9 ms. Memory: 492544K Free: 351772K (71%)
----------------- Invoking toplevel() on ptolemy.moml.MoMLSimpleApplication@396d9841
----------------- Done invoking toplevel() on ptolemy.moml.MoMLSimpleApplication@396d9841
reloadAllAccessors: .Expression8

===========================================================================================
----------------- testing Tue Jul 16 06:39:54 UTC 2019 /home/travis/build/icyphy/ptII/ptolemy/actor/lib/test/auto/Expression9.xml
----------------- Instantiating /home/travis/build/icyphy/ptII/ptolemy/actor/lib/test/auto/Expression9.xml
1 ms. Memory: 492544K Free: 348190K (71%)
----------------- Invoking toplevel() on ptolemy.moml.MoMLSimpleApplication@a16639b
----------------- Done invoking toplevel() on ptolemy.moml.MoMLSimpleApplication@a16639b
reloadAllAccessors: .Expression9

===========================================================================================
----------------- testing Tue Jul 16 06:39:54 UTC 2019 /home/travis/build/icyphy/ptII/ptolemy/actor/lib/test/auto/ExpressionConcatenateArrayType.xml
----------------- Instantiating /home/travis/build/icyphy/ptII/ptolemy/actor/lib/test/auto/ExpressionConcatenateArrayType.xml
5 ms. Memory: 492544K Free: 341532K (69%)
----------------- Invoking toplevel() on ptolemy.moml.MoMLSimpleApplication@726ba579
----------------- Done invoking toplevel() on ptolemy.moml.MoMLSimpleApplication@726ba579
reloadAllAccessors: .ExpressionConcatenateArrayType

===========================================================================================
----------------- testing Tue Jul 16 06:39:54 UTC 2019 /home/travis/build/icyphy/ptII/ptolemy/actor/lib/test/auto/ExpressionConcatenateArrayType2.xml
----------------- Instantiating /home/travis/build/icyphy/ptII/ptolemy/actor/lib/test/auto/ExpressionConcatenateArrayType2.xml
9 ms. Memory: 492544K Free: 335388K (68%)
----------------- Invoking toplevel() on ptolemy.moml.MoMLSimpleApplication@23221e52
----------------- Done invoking toplevel() on ptolemy.moml.MoMLSimpleApplication@23221e52
reloadAllAccessors: .ExpressionConcatenateArrayType2

===========================================================================================
----------------- testing Tue Jul 16 06:39:54 UTC 2019 /home/travis/build/icyphy/ptII/ptolemy/actor/lib/test/auto/ExpressionFix.xml
----------------- Instantiating /home/travis/build/icyphy/ptII/ptolemy/actor/lib/test/auto/ExpressionFix.xml
12 ms. Memory: 492544K Free: 329244K (67%)
----------------- Invoking toplevel() on ptolemy.moml.MoMLSimpleApplication@40226ed4
----------------- Done invoking toplevel() on ptolemy.moml.MoMLSimpleApplication@40226ed4
reloadAllAccessors: .ExpressionFix

===========================================================================================
----------------- testing Tue Jul 16 06:39:54 UTC 2019 /home/travis/build/icyphy/ptII/ptolemy/actor/lib/test/auto/ExpressionFix2.xml
----------------- Instantiating /home/travis/build/icyphy/ptII/ptolemy/actor/lib/test/auto/ExpressionFix2.xml
2 ms. Memory: 492544K Free: 325148K (66%)
----------------- Invoking toplevel() on ptolemy.moml.MoMLSimpleApplication@6420a7c7
----------------- Done invoking toplevel() on ptolemy.moml.MoMLSimpleApplication@6420a7c7
reloadAllAccessors: .ExpressionFix2

===========================================================================================
----------------- testing Tue Jul 16 06:39:54 UTC 2019 /home/travis/build/icyphy/ptII/ptolemy/actor/lib/test/auto/ExpressionFix3.xml
----------------- Instantiating /home/travis/build/icyphy/ptII/ptolemy/actor/lib/test/auto/ExpressionFix3.xml
3 ms. Memory: 492544K Free: 320542K (65%)
----------------- Invoking toplevel() on ptolemy.moml.MoMLSimpleApplication@11b3513a
----------------- Done invoking toplevel() on ptolemy.moml.MoMLSimpleApplication@11b3513a
reloadAllAccessors: .ExpressionFix3

===========================================================================================
----------------- testing Tue Jul 16 06:39:54 UTC 2019 /home/travis/build/icyphy/ptII/ptolemy/actor/lib/test/auto/FileWriter1.xml
----------------- Instantiating /home/travis/build/icyphy/ptII/ptolemy/actor/lib/test/auto/FileWriter1.xml
2 ms. Memory: 492544K Free: 316956K (64%)
----------------- Invoking toplevel() on ptolemy.moml.MoMLSimpleApplication@53fe2698
----------------- Done invoking toplevel() on ptolemy.moml.MoMLSimpleApplication@53fe2698
reloadAllAccessors: .FileWriter1

===========================================================================================
----------------- testing Tue Jul 16 06:39:54 UTC 2019 /home/travis/build/icyphy/ptII/ptolemy/actor/lib/test/auto/FileWriter2.xml
----------------- Instantiating /home/travis/build/icyphy/ptII/ptolemy/actor/lib/test/auto/FileWriter2.xml
4 ms. Memory: 492544K Free: 312350K (63%)
----------------- Invoking toplevel() on ptolemy.moml.MoMLSimpleApplication@41020a4d
----------------- Done invoking toplevel() on ptolemy.moml.MoMLSimpleApplication@41020a4d
reloadAllAccessors: .FileWriter2

===========================================================================================
----------------- testing Tue Jul 16 06:39:54 UTC 2019 /home/travis/build/icyphy/ptII/ptolemy/actor/lib/test/auto/FileWriter3.xml
----------------- Instantiating /home/travis/build/icyphy/ptII/ptolemy/actor/lib/test/auto/FileWriter3.xml
2 ms. Memory: 492544K Free: 308764K (63%)
----------------- Invoking toplevel() on ptolemy.moml.MoMLSimpleApplication@64857989
----------------- Done invoking toplevel() on ptolemy.moml.MoMLSimpleApplication@64857989
reloadAllAccessors: .FileWriter3

===========================================================================================
----------------- testing Tue Jul 16 06:39:54 UTC 2019 /home/travis/build/icyphy/ptII/ptolemy/actor/lib/test/auto/Gaussian.xml
----------------- Instantiating /home/travis/build/icyphy/ptII/ptolemy/actor/lib/test/auto/Gaussian.xml
4 ms. Memory: 492544K Free: 304158K (62%)
----------------- Invoking toplevel() on ptolemy.moml.MoMLSimpleApplication@1aad45c
----------------- Done invoking toplevel() on ptolemy.moml.MoMLSimpleApplication@1aad45c
reloadAllAccessors: .Gaussian

===========================================================================================
----------------- testing Tue Jul 16 06:39:54 UTC 2019 /home/travis/build/icyphy/ptII/ptolemy/actor/lib/test/auto/Gaussian1.xml
----------------- Instantiating /home/travis/build/icyphy/ptII/ptolemy/actor/lib/test/auto/Gaussian1.xml
12 ms. Memory: 492544K Free: 298509K (61%)
----------------- Invoking toplevel() on ptolemy.moml.MoMLSimpleApplication@7c12a824
----------------- Done invoking toplevel() on ptolemy.moml.MoMLSimpleApplication@7c12a824
reloadAllAccessors: .Gaussian1

===========================================================================================
----------------- testing Tue Jul 16 06:39:54 UTC 2019 /home/travis/build/icyphy/ptII/ptolemy/actor/lib/test/auto/Gaussian2.xml
----------------- Instantiating /home/travis/build/icyphy/ptII/ptolemy/actor/lib/test/auto/Gaussian2.xml
2 ms. Memory: 492544K Free: 293389K (60%)
----------------- Invoking toplevel() on ptolemy.moml.MoMLSimpleApplication@7c7cd395
----------------- Done invoking toplevel() on ptolemy.moml.MoMLSimpleApplication@7c7cd395
reloadAllAccessors: .Gaussian2

===========================================================================================
----------------- testing Tue Jul 16 06:39:54 UTC 2019 /home/travis/build/icyphy/ptII/ptolemy/actor/lib/test/auto/GradientAdaptiveLattice.xml
----------------- Instantiating /home/travis/build/icyphy/ptII/ptolemy/actor/lib/test/auto/GradientAdaptiveLattice.xml
2 ms. Memory: 492544K Free: 288284K (59%)
----------------- Invoking toplevel() on ptolemy.moml.MoMLSimpleApplication@24eaed73
----------------- Done invoking toplevel() on ptolemy.moml.MoMLSimpleApplication@24eaed73
reloadAllAccessors: .GradientAdaptiveLattice

===========================================================================================
----------------- testing Tue Jul 16 06:39:54 UTC 2019 /home/travis/build/icyphy/ptII/ptolemy/actor/lib/test/auto/IIR.xml
----------------- Instantiating /home/travis/build/icyphy/ptII/ptolemy/actor/lib/test/auto/IIR.xml
1 ms. Memory: 492544K Free: 283678K (58%)
----------------- Invoking toplevel() on ptolemy.moml.MoMLSimpleApplication@209918bb
----------------- Done invoking toplevel() on ptolemy.moml.MoMLSimpleApplication@209918bb
reloadAllAccessors: .IIR

===========================================================================================
----------------- testing Tue Jul 16 06:39:54 UTC 2019 /home/travis/build/icyphy/ptII/ptolemy/actor/lib/test/auto/InputOutputTransparentPorts.xml
----------------- Instantiating /home/travis/build/icyphy/ptII/ptolemy/actor/lib/test/auto/InputOutputTransparentPorts.xml
3 ms. Memory: 492544K Free: 277020K (56%)
----------------- Invoking toplevel() on ptolemy.moml.MoMLSimpleApplication@46ec8a54
----------------- Done invoking toplevel() on ptolemy.moml.MoMLSimpleApplication@46ec8a54
reloadAllAccessors: .InputOutputTransparentPorts

===========================================================================================
----------------- testing Tue Jul 16 06:39:54 UTC 2019 /home/travis/build/icyphy/ptII/ptolemy/actor/lib/test/auto/Interpolator.xml
----------------- Instantiating /home/travis/build/icyphy/ptII/ptolemy/actor/lib/test/auto/Interpolator.xml
5 ms. Memory: 492544K Free: 272924K (55%)
----------------- Invoking toplevel() on ptolemy.moml.MoMLSimpleApplication@15cf5ef4
----------------- Done invoking toplevel() on ptolemy.moml.MoMLSimpleApplication@15cf5ef4
reloadAllAccessors: .Interpolator

===========================================================================================
----------------- testing Tue Jul 16 06:39:54 UTC 2019 /home/travis/build/icyphy/ptII/ptolemy/actor/lib/test/auto/InterpolatorFiringLimitDE.xml
----------------- Instantiating /home/travis/build/icyphy/ptII/ptolemy/actor/lib/test/auto/InterpolatorFiringLimitDE.xml
3 ms. Memory: 492544K Free: 266780K (54%)
----------------- Invoking toplevel() on ptolemy.moml.MoMLSimpleApplication@1844439c
----------------- Done invoking toplevel() on ptolemy.moml.MoMLSimpleApplication@1844439c
reloadAllAccessors: .InterpolatorFiringLimitDE

===========================================================================================
----------------- testing Tue Jul 16 06:39:54 UTC 2019 /home/travis/build/icyphy/ptII/ptolemy/actor/lib/test/auto/Lattice.xml
----------------- Instantiating /home/travis/build/icyphy/ptII/ptolemy/actor/lib/test/auto/Lattice.xml
4 ms. Memory: 492544K Free: 263198K (53%)
----------------- Invoking toplevel() on ptolemy.moml.MoMLSimpleApplication@2c895fb8
----------------- Done invoking toplevel() on ptolemy.moml.MoMLSimpleApplication@2c895fb8
reloadAllAccessors: .Lattice

===========================================================================================
----------------- testing Tue Jul 16 06:39:54 UTC 2019 /home/travis/build/icyphy/ptII/ptolemy/actor/lib/test/auto/LazyAOCTestLazy.xml
----------------- Instantiating /home/travis/build/icyphy/ptII/ptolemy/actor/lib/test/auto/LazyAOCTestLazy.xml
23 ms. Memory: 492544K Free: 257054K (52%)
----------------- Invoking toplevel() on ptolemy.moml.MoMLSimpleApplication@34bf458e
----------------- Done invoking toplevel() on ptolemy.moml.MoMLSimpleApplication@34bf458e
reloadAllAccessors: .LazyAOCTestLazy

===========================================================================================
----------------- testing Tue Jul 16 06:39:54 UTC 2019 /home/travis/build/icyphy/ptII/ptolemy/actor/lib/test/auto/LazyAOCTestNonLazy.xml
----------------- Instantiating /home/travis/build/icyphy/ptII/ptolemy/actor/lib/test/auto/LazyAOCTestNonLazy.xml
3 ms. Memory: 492544K Free: 250396K (51%)
----------------- Invoking toplevel() on ptolemy.moml.MoMLSimpleApplication@22179c06
----------------- Done invoking toplevel() on ptolemy.moml.MoMLSimpleApplication@22179c06
reloadAllAccessors: .LazyAOCTestNonLazy

===========================================================================================
----------------- testing Tue Jul 16 06:39:55 UTC 2019 /home/travis/build/icyphy/ptII/ptolemy/actor/lib/test/auto/LazyInnerClass.xml
----------------- Instantiating /home/travis/build/icyphy/ptII/ptolemy/actor/lib/test/auto/LazyInnerClass.xml
33 ms. Memory: 492544K Free: 241694K (49%)
----------------- Invoking toplevel() on ptolemy.moml.MoMLSimpleApplication@2505b27e
----------------- Done invoking toplevel() on ptolemy.moml.MoMLSimpleApplication@2505b27e
reloadAllAccessors: .LazyInnerClass

===========================================================================================
----------------- testing Tue Jul 16 06:39:55 UTC 2019 /home/travis/build/icyphy/ptII/ptolemy/actor/lib/test/auto/LazyPubSub.xml
----------------- Instantiating /home/travis/build/icyphy/ptII/ptolemy/actor/lib/test/auto/LazyPubSub.xml
29 ms. Memory: 492544K Free: 231454K (47%)
----------------- Invoking toplevel() on ptolemy.moml.MoMLSimpleApplication@870acf1
----------------- Done invoking toplevel() on ptolemy.moml.MoMLSimpleApplication@870acf1
reloadAllAccessors: .LazyPubSub

===========================================================================================
----------------- testing Tue Jul 16 06:39:55 UTC 2019 /home/travis/build/icyphy/ptII/ptolemy/actor/lib/test/auto/LazyPubSub2.xml
----------------- Instantiating /home/travis/build/icyphy/ptII/ptolemy/actor/lib/test/auto/LazyPubSub2.xml
19 ms. Memory: 492544K Free: 221724K (45%)
----------------- Invoking toplevel() on ptolemy.moml.MoMLSimpleApplication@6b00b5d3
----------------- Done invoking toplevel() on ptolemy.moml.MoMLSimpleApplication@6b00b5d3
reloadAllAccessors: .LazyPubSub2

===========================================================================================
----------------- testing Tue Jul 16 06:39:55 UTC 2019 /home/travis/build/icyphy/ptII/ptolemy/actor/lib/test/auto/LazyPubSub3.xml
----------------- Instantiating /home/travis/build/icyphy/ptII/ptolemy/actor/lib/test/auto/LazyPubSub3.xml
15 ms. Memory: 492544K Free: 211998K (43%)
----------------- Invoking toplevel() on ptolemy.moml.MoMLSimpleApplication@673f921c
----------------- Done invoking toplevel() on ptolemy.moml.MoMLSimpleApplication@673f921c
reloadAllAccessors: .LazyPubSub3

===========================================================================================
----------------- testing Tue Jul 16 06:39:55 UTC 2019 /home/travis/build/icyphy/ptII/ptolemy/actor/lib/test/auto/LazySubClassModel.xml
----------------- Instantiating /home/travis/build/icyphy/ptII/ptolemy/actor/lib/test/auto/LazySubClassModel.xml
6 ms. Memory: 492544K Free: 202782K (41%)
----------------- Invoking toplevel() on ptolemy.moml.MoMLSimpleApplication@1cddaf55
----------------- Done invoking toplevel() on ptolemy.moml.MoMLSimpleApplication@1cddaf55
reloadAllAccessors: .LazySubClassModel

===========================================================================================
----------------- testing Tue Jul 16 06:39:55 UTC 2019 /home/travis/build/icyphy/ptII/ptolemy/actor/lib/test/auto/LevelCrossTest1.xml
----------------- Instantiating /home/travis/build/icyphy/ptII/ptolemy/actor/lib/test/auto/LevelCrossTest1.xml
1 ms. Memory: 492544K Free: 197662K (40%)
----------------- Invoking toplevel() on ptolemy.moml.MoMLSimpleApplication@b7ce666
----------------- Done invoking toplevel() on ptolemy.moml.MoMLSimpleApplication@b7ce666
reloadAllAccessors: .broken

===========================================================================================
----------------- testing Tue Jul 16 06:39:55 UTC 2019 /home/travis/build/icyphy/ptII/ptolemy/actor/lib/test/auto/LevelCrossTest10.xml
----------------- Instantiating /home/travis/build/icyphy/ptII/ptolemy/actor/lib/test/auto/LevelCrossTest10.xml
2 ms. Memory: 492544K Free: 189980K (39%)
----------------- Invoking toplevel() on ptolemy.moml.MoMLSimpleApplication@442c1f71
----------------- Done invoking toplevel() on ptolemy.moml.MoMLSimpleApplication@442c1f71
reloadAllAccessors: .LevelCrossTest10

===========================================================================================
----------------- testing Tue Jul 16 06:39:55 UTC 2019 /home/travis/build/icyphy/ptII/ptolemy/actor/lib/test/auto/LevelCrossTest11.xml
----------------- Instantiating /home/travis/build/icyphy/ptII/ptolemy/actor/lib/test/auto/LevelCrossTest11.xml
1 ms. Memory: 492544K Free: 182812K (37%)
----------------- Invoking toplevel() on ptolemy.moml.MoMLSimpleApplication@7ca0dc51
----------------- Done invoking toplevel() on ptolemy.moml.MoMLSimpleApplication@7ca0dc51
reloadAllAccessors: .LevelCrossTest11

===========================================================================================
----------------- testing Tue Jul 16 06:39:55 UTC 2019 /home/travis/build/icyphy/ptII/ptolemy/actor/lib/test/auto/LevelCrossTest12.xml
----------------- Instantiating /home/travis/build/icyphy/ptII/ptolemy/actor/lib/test/auto/LevelCrossTest12.xml
2 ms. Memory: 492544K Free: 176158K (36%)
----------------- Invoking toplevel() on ptolemy.moml.MoMLSimpleApplication@7d7d50b7
----------------- Done invoking toplevel() on ptolemy.moml.MoMLSimpleApplication@7d7d50b7
reloadAllAccessors: .LevelCrossTest12

===========================================================================================
----------------- testing Tue Jul 16 06:39:55 UTC 2019 /home/travis/build/icyphy/ptII/ptolemy/actor/lib/test/auto/LevelCrossTest13.xml
----------------- Instantiating /home/travis/build/icyphy/ptII/ptolemy/actor/lib/test/auto/LevelCrossTest13.xml
4 ms. Memory: 492544K Free: 168990K (34%)
----------------- Invoking toplevel() on ptolemy.moml.MoMLSimpleApplication@6fba2ee1
----------------- Done invoking toplevel() on ptolemy.moml.MoMLSimpleApplication@6fba2ee1
reloadAllAccessors: .LevelCrossTest13

===========================================================================================
----------------- testing Tue Jul 16 06:39:55 UTC 2019 /home/travis/build/icyphy/ptII/ptolemy/actor/lib/test/auto/LevelCrossTest2.xml
----------------- Instantiating /home/travis/build/icyphy/ptII/ptolemy/actor/lib/test/auto/LevelCrossTest2.xml
2 ms. Memory: 492544K Free: 163870K (33%)
----------------- Invoking toplevel() on ptolemy.moml.MoMLSimpleApplication@6afeb3f0
----------------- Done invoking toplevel() on ptolemy.moml.MoMLSimpleApplication@6afeb3f0
reloadAllAccessors: .broken

===========================================================================================
----------------- testing Tue Jul 16 06:39:55 UTC 2019 /home/travis/build/icyphy/ptII/ptolemy/actor/lib/test/auto/LevelCrossTest3.xml
----------------- Instantiating /home/travis/build/icyphy/ptII/ptolemy/actor/lib/test/auto/LevelCrossTest3.xml
2 ms. Memory: 678912K Free: 627338K (92%)
----------------- Invoking toplevel() on ptolemy.moml.MoMLSimpleApplication@2e2580d5
----------------- Done invoking toplevel() on ptolemy.moml.MoMLSimpleApplication@2e2580d5
reloadAllAccessors: .LevelCrossTest3

===========================================================================================
----------------- testing Tue Jul 16 06:39:55 UTC 2019 /home/travis/build/icyphy/ptII/ptolemy/actor/lib/test/auto/LevelCrossTest4.xml
----------------- Instantiating /home/travis/build/icyphy/ptII/ptolemy/actor/lib/test/auto/LevelCrossTest4.xml
2 ms. Memory: 678912K Free: 622110K (92%)
----------------- Invoking toplevel() on ptolemy.moml.MoMLSimpleApplication@37779059
----------------- Done invoking toplevel() on ptolemy.moml.MoMLSimpleApplication@37779059
reloadAllAccessors: .broken

===========================================================================================
----------------- testing Tue Jul 16 06:39:55 UTC 2019 /home/travis/build/icyphy/ptII/ptolemy/actor/lib/test/auto/LevelCrossTest5.xml
----------------- Instantiating /home/travis/build/icyphy/ptII/ptolemy/actor/lib/test/auto/LevelCrossTest5.xml
2 ms. Memory: 678912K Free: 614942K (91%)
----------------- Invoking toplevel() on ptolemy.moml.MoMLSimpleApplication@194d1996
----------------- Done invoking toplevel() on ptolemy.moml.MoMLSimpleApplication@194d1996
reloadAllAccessors: .LevelCrossTest5

===========================================================================================
----------------- testing Tue Jul 16 06:39:55 UTC 2019 /home/travis/build/icyphy/ptII/ptolemy/actor/lib/test/auto/LevelCrossTest6.xml
----------------- Instantiating /home/travis/build/icyphy/ptII/ptolemy/actor/lib/test/auto/LevelCrossTest6.xml
2 ms. Memory: 678912K Free: 608798K (90%)
----------------- Invoking toplevel() on ptolemy.moml.MoMLSimpleApplication@3265af7f
----------------- Done invoking toplevel() on ptolemy.moml.MoMLSimpleApplication@3265af7f
reloadAllAccessors: .LevelCrossTest6

===========================================================================================
----------------- testing Tue Jul 16 06:39:55 UTC 2019 /home/travis/build/icyphy/ptII/ptolemy/actor/lib/test/auto/LevelCrossTest7.xml
----------------- Instantiating /home/travis/build/icyphy/ptII/ptolemy/actor/lib/test/auto/LevelCrossTest7.xml
2 ms. Memory: 678912K Free: 600606K (88%)
----------------- Invoking toplevel() on ptolemy.moml.MoMLSimpleApplication@ca2dc36
----------------- Done invoking toplevel() on ptolemy.moml.MoMLSimpleApplication@ca2dc36
reloadAllAccessors: .LevelCrossTest7

===========================================================================================
----------------- testing Tue Jul 16 06:39:55 UTC 2019 /home/travis/build/icyphy/ptII/ptolemy/actor/lib/test/auto/LevelCrossTest8.xml
----------------- Instantiating /home/travis/build/icyphy/ptII/ptolemy/actor/lib/test/auto/LevelCrossTest8.xml
1 ms. Memory: 678912K Free: 593438K (87%)
----------------- Invoking toplevel() on ptolemy.moml.MoMLSimpleApplication@458b121
----------------- Done invoking toplevel() on ptolemy.moml.MoMLSimpleApplication@458b121
reloadAllAccessors: .LevelCrossTest8

===========================================================================================
----------------- testing Tue Jul 16 06:39:55 UTC 2019 /home/travis/build/icyphy/ptII/ptolemy/actor/lib/test/auto/LevelCrossTest9.xml
----------------- Instantiating /home/travis/build/icyphy/ptII/ptolemy/actor/lib/test/auto/LevelCrossTest9.xml
3 ms. Memory: 678912K Free: 586270K (86%)
----------------- Invoking toplevel() on ptolemy.moml.MoMLSimpleApplication@7bcb9d82
----------------- Done invoking toplevel() on ptolemy.moml.MoMLSimpleApplication@7bcb9d82
reloadAllAccessors: .LevelCrossTest9

===========================================================================================
----------------- testing Tue Jul 16 06:39:55 UTC 2019 /home/travis/build/icyphy/ptII/ptolemy/actor/lib/test/auto/LevinsonDurbin.xml
----------------- Instantiating /home/travis/build/icyphy/ptII/ptolemy/actor/lib/test/auto/LevinsonDurbin.xml
16 ms. Memory: 678912K Free: 582684K (86%)
----------------- Invoking toplevel() on ptolemy.moml.MoMLSimpleApplication@55172466
----------------- Done invoking toplevel() on ptolemy.moml.MoMLSimpleApplication@55172466
reloadAllAccessors: .LevinsonDurbin

===========================================================================================
----------------- testing Tue Jul 16 06:39:55 UTC 2019 /home/travis/build/icyphy/ptII/ptolemy/actor/lib/test/auto/LevinsonDurbin2.xml
----------------- Instantiating /home/travis/build/icyphy/ptII/ptolemy/actor/lib/test/auto/LevinsonDurbin2.xml
2 ms. Memory: 678912K Free: 578588K (85%)
----------------- Invoking toplevel() on ptolemy.moml.MoMLSimpleApplication@6f6e06d7
----------------- Done invoking toplevel() on ptolemy.moml.MoMLSimpleApplication@6f6e06d7
reloadAllAccessors: .LevinsonDurbin2

===========================================================================================
----------------- testing Tue Jul 16 06:39:55 UTC 2019 /home/travis/build/icyphy/ptII/ptolemy/actor/lib/test/auto/LevinsonDurbin3.xml
----------------- Instantiating /home/travis/build/icyphy/ptII/ptolemy/actor/lib/test/auto/LevinsonDurbin3.xml
2 ms. Memory: 678912K Free: 574492K (85%)
----------------- Invoking toplevel() on ptolemy.moml.MoMLSimpleApplication@7afec985
----------------- Done invoking toplevel() on ptolemy.moml.MoMLSimpleApplication@7afec985
reloadAllAccessors: .LevinsonDurbin3

===========================================================================================
----------------- testing Tue Jul 16 06:39:55 UTC 2019 /home/travis/build/icyphy/ptII/ptolemy/actor/lib/test/auto/Limiter.xml
----------------- Instantiating /home/travis/build/icyphy/ptII/ptolemy/actor/lib/test/auto/Limiter.xml
19 ms. Memory: 678912K Free: 565790K (83%)
----------------- Invoking toplevel() on ptolemy.moml.MoMLSimpleApplication@694e19a9
----------------- Done invoking toplevel() on ptolemy.moml.MoMLSimpleApplication@694e19a9
reloadAllAccessors: .Limiter

===========================================================================================
----------------- testing Tue Jul 16 06:39:55 UTC 2019 /home/travis/build/icyphy/ptII/ptolemy/actor/lib/test/auto/LinearDifferenceEquationSystem.xml
----------------- Instantiating /home/travis/build/icyphy/ptII/ptolemy/actor/lib/test/auto/LinearDifferenceEquationSystem.xml
4 ms. Memory: 678912K Free: 558622K (82%)
----------------- Invoking toplevel() on ptolemy.moml.MoMLSimpleApplication@9999f62
----------------- Done invoking toplevel() on ptolemy.moml.MoMLSimpleApplication@9999f62
reloadAllAccessors: .LinearDifferenceEquationSystem

===========================================================================================
----------------- testing Tue Jul 16 06:39:55 UTC 2019 /home/travis/build/icyphy/ptII/ptolemy/actor/lib/test/auto/LookupTable.xml
----------------- Instantiating /home/travis/build/icyphy/ptII/ptolemy/actor/lib/test/auto/LookupTable.xml
4 ms. Memory: 678912K Free: 554012K (82%)
----------------- Invoking toplevel() on ptolemy.moml.MoMLSimpleApplication@1b7ddb93
----------------- Done invoking toplevel() on ptolemy.moml.MoMLSimpleApplication@1b7ddb93
reloadAllAccessors: .LookupTable

===========================================================================================
----------------- testing Tue Jul 16 06:39:55 UTC 2019 /home/travis/build/icyphy/ptII/ptolemy/actor/lib/test/auto/MathFunction.xml
----------------- Instantiating /home/travis/build/icyphy/ptII/ptolemy/actor/lib/test/auto/MathFunction.xml
3 ms. Memory: 678912K Free: 545820K (80%)
----------------- Invoking toplevel() on ptolemy.moml.MoMLSimpleApplication@1bdefacf
----------------- Done invoking toplevel() on ptolemy.moml.MoMLSimpleApplication@1bdefacf
reloadAllAccessors: .MathFunction

===========================================================================================
----------------- testing Tue Jul 16 06:39:56 UTC 2019 /home/travis/build/icyphy/ptII/ptolemy/actor/lib/test/auto/MathFunction2.xml
----------------- Instantiating /home/travis/build/icyphy/ptII/ptolemy/actor/lib/test/auto/MathFunction2.xml
1 ms. Memory: 678912K Free: 542238K (80%)
----------------- Invoking toplevel() on ptolemy.moml.MoMLSimpleApplication@26f6deff
----------------- Done invoking toplevel() on ptolemy.moml.MoMLSimpleApplication@26f6deff
reloadAllAccessors: .MathFunction2

===========================================================================================
----------------- testing Tue Jul 16 06:39:56 UTC 2019 /home/travis/build/icyphy/ptII/ptolemy/actor/lib/test/auto/MathFunction3.xml
----------------- Instantiating /home/travis/build/icyphy/ptII/ptolemy/actor/lib/test/auto/MathFunction3.xml
3 ms. Memory: 678912K Free: 535070K (79%)
----------------- Invoking toplevel() on ptolemy.moml.MoMLSimpleApplication@307f54f7
----------------- Done invoking toplevel() on ptolemy.moml.MoMLSimpleApplication@307f54f7
reloadAllAccessors: .MathFunction3

===========================================================================================
----------------- testing Tue Jul 16 06:39:56 UTC 2019 /home/travis/build/icyphy/ptII/ptolemy/actor/lib/test/auto/MatrixCropBoolean.xml
----------------- Instantiating /home/travis/build/icyphy/ptII/ptolemy/actor/lib/test/auto/MatrixCropBoolean.xml
3 ms. Memory: 678912K Free: 529950K (78%)
----------------- Invoking toplevel() on ptolemy.moml.MoMLSimpleApplication@317057e0
----------------- Done invoking toplevel() on ptolemy.moml.MoMLSimpleApplication@317057e0
reloadAllAccessors: .MatrixCropBoolean

===========================================================================================
----------------- testing Tue Jul 16 06:39:56 UTC 2019 /home/travis/build/icyphy/ptII/ptolemy/actor/lib/test/auto/MatrixCropComplex.xml
----------------- Instantiating /home/travis/build/icyphy/ptII/ptolemy/actor/lib/test/auto/MatrixCropComplex.xml
4 ms. Memory: 678912K Free: 525333K (77%)
----------------- Invoking toplevel() on ptolemy.moml.MoMLSimpleApplication@76c21d98
----------------- Done invoking toplevel() on ptolemy.moml.MoMLSimpleApplication@76c21d98
reloadAllAccessors: .MatrixCropComplex

===========================================================================================
----------------- testing Tue Jul 16 06:39:56 UTC 2019 /home/travis/build/icyphy/ptII/ptolemy/actor/lib/test/auto/MatrixCropDouble.xml
----------------- Instantiating /home/travis/build/icyphy/ptII/ptolemy/actor/lib/test/auto/MatrixCropDouble.xml
3 ms. Memory: 678912K Free: 520734K (77%)
----------------- Invoking toplevel() on ptolemy.moml.MoMLSimpleApplication@7c143aba
----------------- Done invoking toplevel() on ptolemy.moml.MoMLSimpleApplication@7c143aba
reloadAllAccessors: .MatrixCropDouble

===========================================================================================
----------------- testing Tue Jul 16 06:39:56 UTC 2019 /home/travis/build/icyphy/ptII/ptolemy/actor/lib/test/auto/MatrixCropFix.xml
----------------- Instantiating /home/travis/build/icyphy/ptII/ptolemy/actor/lib/test/auto/MatrixCropFix.xml
3 ms. Memory: 678912K Free: 515614K (76%)
----------------- Invoking toplevel() on ptolemy.moml.MoMLSimpleApplication@75ac5ef4
----------------- Done invoking toplevel() on ptolemy.moml.MoMLSimpleApplication@75ac5ef4
reloadAllAccessors: .MatrixCropFix

===========================================================================================
----------------- testing Tue Jul 16 06:39:56 UTC 2019 /home/travis/build/icyphy/ptII/ptolemy/actor/lib/test/auto/MatrixCropInt.xml
----------------- Instantiating /home/travis/build/icyphy/ptII/ptolemy/actor/lib/test/auto/MatrixCropInt.xml
3 ms. Memory: 678912K Free: 510494K (75%)
----------------- Invoking toplevel() on ptolemy.moml.MoMLSimpleApplication@8d69c66
----------------- Done invoking toplevel() on ptolemy.moml.MoMLSimpleApplication@8d69c66
reloadAllAccessors: .MatrixCropInt

===========================================================================================
----------------- testing Tue Jul 16 06:39:56 UTC 2019 /home/travis/build/icyphy/ptII/ptolemy/actor/lib/test/auto/MatrixCropLong.xml
----------------- Instantiating /home/travis/build/icyphy/ptII/ptolemy/actor/lib/test/auto/MatrixCropLong.xml
3 ms. Memory: 678912K Free: 505374K (74%)
----------------- Invoking toplevel() on ptolemy.moml.MoMLSimpleApplication@7708d5bd
----------------- Done invoking toplevel() on ptolemy.moml.MoMLSimpleApplication@7708d5bd
reloadAllAccessors: .MatrixCropLong

===========================================================================================
----------------- testing Tue Jul 16 06:39:56 UTC 2019 /home/travis/build/icyphy/ptII/ptolemy/actor/lib/test/auto/MatrixToArray.xml
----------------- Instantiating /home/travis/build/icyphy/ptII/ptolemy/actor/lib/test/auto/MatrixToArray.xml
8 ms. Memory: 678912K Free: 490523K (72%)
----------------- Invoking toplevel() on ptolemy.moml.MoMLSimpleApplication@38b0e7a5
----------------- Done invoking toplevel() on ptolemy.moml.MoMLSimpleApplication@38b0e7a5
reloadAllAccessors: .MatrixToArray

===========================================================================================
----------------- testing Tue Jul 16 06:39:56 UTC 2019 /home/travis/build/icyphy/ptII/ptolemy/actor/lib/test/auto/MaxIndex.xml
----------------- Instantiating /home/travis/build/icyphy/ptII/ptolemy/actor/lib/test/auto/MaxIndex.xml
3 ms. Memory: 678912K Free: 485404K (71%)
----------------- Invoking toplevel() on ptolemy.moml.MoMLSimpleApplication@7ecf1d9f
----------------- Done invoking toplevel() on ptolemy.moml.MoMLSimpleApplication@7ecf1d9f
reloadAllAccessors: .MaxIndex

===========================================================================================
----------------- testing Tue Jul 16 06:39:56 UTC 2019 /home/travis/build/icyphy/ptII/ptolemy/actor/lib/test/auto/Maximum.xml
----------------- Instantiating /home/travis/build/icyphy/ptII/ptolemy/actor/lib/test/auto/Maximum.xml
4 ms. Memory: 678912K Free: 478750K (71%)
----------------- Invoking toplevel() on ptolemy.moml.MoMLSimpleApplication@3b17e74e
----------------- Done invoking toplevel() on ptolemy.moml.MoMLSimpleApplication@3b17e74e
reloadAllAccessors: .Maximum

===========================================================================================
----------------- testing Tue Jul 16 06:39:56 UTC 2019 /home/travis/build/icyphy/ptII/ptolemy/actor/lib/test/auto/MaximumComplex.xml
----------------- Instantiating /home/travis/build/icyphy/ptII/ptolemy/actor/lib/test/auto/MaximumComplex.xml
6 ms. Memory: 678912K Free: 472606K (70%)
----------------- Invoking toplevel() on ptolemy.moml.MoMLSimpleApplication@1308a904
----------------- Done invoking toplevel() on ptolemy.moml.MoMLSimpleApplication@1308a904
reloadAllAccessors: .MaximumComplex

===========================================================================================
----------------- testing Tue Jul 16 06:39:56 UTC 2019 /home/travis/build/icyphy/ptII/ptolemy/actor/lib/test/auto/MethodCallTest.xml
----------------- Instantiating /home/travis/build/icyphy/ptII/ptolemy/actor/lib/test/auto/MethodCallTest.xml
3 ms. Memory: 678912K Free: 465948K (69%)
----------------- Invoking toplevel() on ptolemy.moml.MoMLSimpleApplication@3008a919
----------------- Done invoking toplevel() on ptolemy.moml.MoMLSimpleApplication@3008a919
reloadAllAccessors: .MethodCallTest

===========================================================================================
----------------- testing Tue Jul 16 06:39:56 UTC 2019 /home/travis/build/icyphy/ptII/ptolemy/actor/lib/test/auto/Minimum.xml
----------------- Instantiating /home/travis/build/icyphy/ptII/ptolemy/actor/lib/test/auto/Minimum.xml
4 ms. Memory: 678912K Free: 460318K (68%)
----------------- Invoking toplevel() on ptolemy.moml.MoMLSimpleApplication@2a41d97d
----------------- Done invoking toplevel() on ptolemy.moml.MoMLSimpleApplication@2a41d97d
reloadAllAccessors: .Minimum

===========================================================================================
----------------- testing Tue Jul 16 06:39:56 UTC 2019 /home/travis/build/icyphy/ptII/ptolemy/actor/lib/test/auto/MinimumComplex.xml
----------------- Instantiating /home/travis/build/icyphy/ptII/ptolemy/actor/lib/test/auto/MinimumComplex.xml
4 ms. Memory: 678912K Free: 454174K (67%)
----------------- Invoking toplevel() on ptolemy.moml.MoMLSimpleApplication@7b91daeb
----------------- Done invoking toplevel() on ptolemy.moml.MoMLSimpleApplication@7b91daeb
reloadAllAccessors: .MinimumComplex

===========================================================================================
----------------- testing Tue Jul 16 06:39:56 UTC 2019 /home/travis/build/icyphy/ptII/ptolemy/actor/lib/test/auto/MinimumMultiports.xml
----------------- Instantiating /home/travis/build/icyphy/ptII/ptolemy/actor/lib/test/auto/MinimumMultiports.xml
13 ms. Memory: 678912K Free: 445437K (66%)
----------------- Invoking toplevel() on ptolemy.moml.MoMLSimpleApplication@5d01d6a0
----------------- Done invoking toplevel() on ptolemy.moml.MoMLSimpleApplication@5d01d6a0
reloadAllAccessors: .MinimumMultiports

===========================================================================================
----------------- testing Tue Jul 16 06:39:56 UTC 2019 /home/travis/build/icyphy/ptII/ptolemy/actor/lib/test/auto/ModifyDate.xml
----------------- Instantiating /home/travis/build/icyphy/ptII/ptolemy/actor/lib/test/auto/ModifyDate.xml
10 ms. Memory: 678912K Free: 432156K (64%)
----------------- Invoking toplevel() on ptolemy.moml.MoMLSimpleApplication@351f06f4
----------------- Done invoking toplevel() on ptolemy.moml.MoMLSimpleApplication@351f06f4
reloadAllAccessors: .ModifyDate

===========================================================================================
----------------- testing Tue Jul 16 06:39:56 UTC 2019 /home/travis/build/icyphy/ptII/ptolemy/actor/lib/test/auto/ModifyDate2.xml
----------------- Instantiating /home/travis/build/icyphy/ptII/ptolemy/actor/lib/test/auto/ModifyDate2.xml
14 ms. Memory: 678912K Free: 423454K (62%)
----------------- Invoking toplevel() on ptolemy.moml.MoMLSimpleApplication@4088df34
----------------- Done invoking toplevel() on ptolemy.moml.MoMLSimpleApplication@4088df34
reloadAllAccessors: .ModifyDate2

===========================================================================================
----------------- testing Tue Jul 16 06:39:56 UTC 2019 /home/travis/build/icyphy/ptII/ptolemy/actor/lib/test/auto/MovingAverage.xml
----------------- Instantiating /home/travis/build/icyphy/ptII/ptolemy/actor/lib/test/auto/MovingAverage.xml
2 ms. Memory: 678912K Free: 418844K (62%)
----------------- Invoking toplevel() on ptolemy.moml.MoMLSimpleApplication@78593faa
----------------- Done invoking toplevel() on ptolemy.moml.MoMLSimpleApplication@78593faa
reloadAllAccessors: .MovingAverage

===========================================================================================
----------------- testing Tue Jul 16 06:39:56 UTC 2019 /home/travis/build/icyphy/ptII/ptolemy/actor/lib/test/auto/MovingMaximum.xml
----------------- Instantiating /home/travis/build/icyphy/ptII/ptolemy/actor/lib/test/auto/MovingMaximum.xml
2 ms. Memory: 678912K Free: 414238K (61%)
----------------- Invoking toplevel() on ptolemy.moml.MoMLSimpleApplication@7ac350fe
----------------- Done invoking toplevel() on ptolemy.moml.MoMLSimpleApplication@7ac350fe
reloadAllAccessors: .MovingMaximum

===========================================================================================
----------------- testing Tue Jul 16 06:39:56 UTC 2019 /home/travis/build/icyphy/ptII/ptolemy/actor/lib/test/auto/MultipleLinksToSameRelation.xml
----------------- Instantiating /home/travis/build/icyphy/ptII/ptolemy/actor/lib/test/auto/MultipleLinksToSameRelation.xml
5 ms. Memory: 678912K Free: 410142K (60%)
----------------- Invoking toplevel() on ptolemy.moml.MoMLSimpleApplication@d78d65d
----------------- Done invoking toplevel() on ptolemy.moml.MoMLSimpleApplication@d78d65d
reloadAllAccessors: .MultipleLinksToSameRelation

===========================================================================================
----------------- testing Tue Jul 16 06:39:56 UTC 2019 /home/travis/build/icyphy/ptII/ptolemy/actor/lib/test/auto/MultipleLinksToSameRelationDE.xml
----------------- Instantiating /home/travis/build/icyphy/ptII/ptolemy/actor/lib/test/auto/MultipleLinksToSameRelationDE.xml
5 ms. Memory: 678912K Free: 405517K (60%)
----------------- Invoking toplevel() on ptolemy.moml.MoMLSimpleApplication@20a41540
----------------- Done invoking toplevel() on ptolemy.moml.MoMLSimpleApplication@20a41540
reloadAllAccessors: .MultipleLinksToSameRelationDE

===========================================================================================
----------------- testing Tue Jul 16 06:39:56 UTC 2019 /home/travis/build/icyphy/ptII/ptolemy/actor/lib/test/auto/Multiplexor.xml
----------------- Instantiating /home/travis/build/icyphy/ptII/ptolemy/actor/lib/test/auto/Multiplexor.xml
2 ms. Memory: 678912K Free: 399902K (59%)
----------------- Invoking toplevel() on ptolemy.moml.MoMLSimpleApplication@30a773be
----------------- Done invoking toplevel() on ptolemy.moml.MoMLSimpleApplication@30a773be
reloadAllAccessors: .Multiplexor

===========================================================================================
----------------- testing Tue Jul 16 06:39:56 UTC 2019 /home/travis/build/icyphy/ptII/ptolemy/actor/lib/test/auto/Multiplexor1.xml
----------------- Instantiating /home/travis/build/icyphy/ptII/ptolemy/actor/lib/test/auto/Multiplexor1.xml
3 ms. Memory: 678912K Free: 394782K (58%)
----------------- Invoking toplevel() on ptolemy.moml.MoMLSimpleApplication@2e1617fc
----------------- Done invoking toplevel() on ptolemy.moml.MoMLSimpleApplication@2e1617fc
reloadAllAccessors: .Multiplexor1

===========================================================================================
----------------- testing Tue Jul 16 06:39:56 UTC 2019 /home/travis/build/icyphy/ptII/ptolemy/actor/lib/test/auto/Multiplexor2.xml
----------------- Instantiating /home/travis/build/icyphy/ptII/ptolemy/actor/lib/test/auto/Multiplexor2.xml
3 ms. Memory: 678912K Free: 388124K (57%)
----------------- Invoking toplevel() on ptolemy.moml.MoMLSimpleApplication@2c01f41e
----------------- Done invoking toplevel() on ptolemy.moml.MoMLSimpleApplication@2c01f41e
reloadAllAccessors: .Multiplexor2

===========================================================================================
----------------- testing Tue Jul 16 06:39:56 UTC 2019 /home/travis/build/icyphy/ptII/ptolemy/actor/lib/test/auto/Multiplexor3.xml
----------------- Instantiating /home/travis/build/icyphy/ptII/ptolemy/actor/lib/test/auto/Multiplexor3.xml
3 ms. Memory: 678912K Free: 384028K (57%)
----------------- Invoking toplevel() on ptolemy.moml.MoMLSimpleApplication@17c9e703
----------------- Done invoking toplevel() on ptolemy.moml.MoMLSimpleApplication@17c9e703
reloadAllAccessors: .Multiplexor3

===========================================================================================
----------------- testing Tue Jul 16 06:39:56 UTC 2019 /home/travis/build/icyphy/ptII/ptolemy/actor/lib/test/auto/MultiplexorDE.xml
----------------- Instantiating /home/travis/build/icyphy/ptII/ptolemy/actor/lib/test/auto/MultiplexorDE.xml
4 ms. Memory: 678912K Free: 376350K (55%)
----------------- Invoking toplevel() on ptolemy.moml.MoMLSimpleApplication@6b4cf076
----------------- Done invoking toplevel() on ptolemy.moml.MoMLSimpleApplication@6b4cf076
reloadAllAccessors: .MultiplexorDE

===========================================================================================
----------------- testing Tue Jul 16 06:39:56 UTC 2019 /home/travis/build/icyphy/ptII/ptolemy/actor/lib/test/auto/MultiportBroadcastTest.xml
----------------- Instantiating /home/travis/build/icyphy/ptII/ptolemy/actor/lib/test/auto/MultiportBroadcastTest.xml
114 ms. Memory: 678912K Free: 370206K (55%)
----------------- Invoking toplevel() on ptolemy.moml.MoMLSimpleApplication@77fd94e7
----------------- Done invoking toplevel() on ptolemy.moml.MoMLSimpleApplication@77fd94e7
reloadAllAccessors: .MultiportBroadcastTest

===========================================================================================
----------------- testing Tue Jul 16 06:39:56 UTC 2019 /home/travis/build/icyphy/ptII/ptolemy/actor/lib/test/auto/MultiportOutHangDuringGetWidth.xml
----------------- Instantiating /home/travis/build/icyphy/ptII/ptolemy/actor/lib/test/auto/MultiportOutHangDuringGetWidth.xml
7 ms. Memory: 678912K Free: 357918K (53%)
----------------- Invoking toplevel() on ptolemy.moml.MoMLSimpleApplication@442ef8fd
----------------- Done invoking toplevel() on ptolemy.moml.MoMLSimpleApplication@442ef8fd
reloadAllAccessors: .MultiportOutHangDuringGetWidth

===========================================================================================
----------------- testing Tue Jul 16 06:39:56 UTC 2019 /home/travis/build/icyphy/ptII/ptolemy/actor/lib/test/auto/NilToken.xml
----------------- Instantiating /home/travis/build/icyphy/ptII/ptolemy/actor/lib/test/auto/NilToken.xml
1 ms. Memory: 678912K Free: 353822K (52%)
----------------- Invoking toplevel() on ptolemy.moml.MoMLSimpleApplication@25cb56c1
----------------- Done invoking toplevel() on ptolemy.moml.MoMLSimpleApplication@25cb56c1
reloadAllAccessors: .NilToken

===========================================================================================
----------------- testing Tue Jul 16 06:39:57 UTC 2019 /home/travis/build/icyphy/ptII/ptolemy/actor/lib/test/auto/NilTokenNonStrictTest.xml
----------------- Instantiating /home/travis/build/icyphy/ptII/ptolemy/actor/lib/test/auto/NilTokenNonStrictTest.xml
2 ms. Memory: 678912K Free: 349212K (51%)
----------------- Invoking toplevel() on ptolemy.moml.MoMLSimpleApplication@4924ec66
----------------- Done invoking toplevel() on ptolemy.moml.MoMLSimpleApplication@4924ec66
reloadAllAccessors: .NilTokenNonStrictTest

===========================================================================================
----------------- testing Tue Jul 16 06:39:57 UTC 2019 /home/travis/build/icyphy/ptII/ptolemy/actor/lib/test/auto/NilTokenRecord.xml
----------------- Instantiating /home/travis/build/icyphy/ptII/ptolemy/actor/lib/test/auto/NilTokenRecord.xml
7 ms. Memory: 678912K Free: 342558K (50%)
----------------- Invoking toplevel() on ptolemy.moml.MoMLSimpleApplication@5adcf73d
----------------- Done invoking toplevel() on ptolemy.moml.MoMLSimpleApplication@5adcf73d
reloadAllAccessors: .NilTokenRecord

===========================================================================================
----------------- testing Tue Jul 16 06:39:57 UTC 2019 /home/travis/build/icyphy/ptII/ptolemy/actor/lib/test/auto/NilTokenTypeTest.xml
----------------- Instantiating /home/travis/build/icyphy/ptII/ptolemy/actor/lib/test/auto/NilTokenTypeTest.xml
16 ms. Memory: 678912K Free: 332828K (49%)
----------------- Invoking toplevel() on ptolemy.moml.MoMLSimpleApplication@7d598cc0
----------------- Done invoking toplevel() on ptolemy.moml.MoMLSimpleApplication@7d598cc0
reloadAllAccessors: .NilTokenTypeTest

===========================================================================================
----------------- testing Tue Jul 16 06:39:57 UTC 2019 /home/travis/build/icyphy/ptII/ptolemy/actor/lib/test/auto/ObjectToken1.xml
----------------- Instantiating /home/travis/build/icyphy/ptII/ptolemy/actor/lib/test/auto/ObjectToken1.xml
3 ms. Memory: 678912K Free: 328732K (48%)
----------------- Invoking toplevel() on ptolemy.moml.MoMLSimpleApplication@6e0649de
----------------- Done invoking toplevel() on ptolemy.moml.MoMLSimpleApplication@6e0649de
reloadAllAccessors: .ObjectToken1

===========================================================================================
----------------- testing Tue Jul 16 06:39:57 UTC 2019 /home/travis/build/icyphy/ptII/ptolemy/actor/lib/test/auto/OrderedMerge.xml
----------------- Instantiating /home/travis/build/icyphy/ptII/ptolemy/actor/lib/test/auto/OrderedMerge.xml
19 ms. Memory: 678912K Free: 323612K (48%)
----------------- Invoking toplevel() on ptolemy.moml.MoMLSimpleApplication@4ecc345e
----------------- Done invoking toplevel() on ptolemy.moml.MoMLSimpleApplication@4ecc345e
reloadAllAccessors: .OrderedMerge

===========================================================================================
----------------- testing Tue Jul 16 06:39:57 UTC 2019 /home/travis/build/icyphy/ptII/ptolemy/actor/lib/test/auto/OrderedRecordDisassembler.xml
----------------- Instantiating /home/travis/build/icyphy/ptII/ptolemy/actor/lib/test/auto/OrderedRecordDisassembler.xml
4 ms. Memory: 678912K Free: 318461K (47%)
----------------- Invoking toplevel() on ptolemy.moml.MoMLSimpleApplication@46e1902f
----------------- Done invoking toplevel() on ptolemy.moml.MoMLSimpleApplication@46e1902f
reloadAllAccessors: .OrderedRecordDisassembler

===========================================================================================
----------------- testing Tue Jul 16 06:39:57 UTC 2019 /home/travis/build/icyphy/ptII/ptolemy/actor/lib/test/auto/OrderedRecordDisassembler2.xml
----------------- Instantiating /home/travis/build/icyphy/ptII/ptolemy/actor/lib/test/auto/OrderedRecordDisassembler2.xml
5 ms. Memory: 678912K Free: 310814K (46%)
----------------- Invoking toplevel() on ptolemy.moml.MoMLSimpleApplication@26c4a703
----------------- Done invoking toplevel() on ptolemy.moml.MoMLSimpleApplication@26c4a703
reloadAllAccessors: .OrderedRecordDisassembler2

===========================================================================================
----------------- testing Tue Jul 16 06:39:57 UTC 2019 /home/travis/build/icyphy/ptII/ptolemy/actor/lib/test/auto/OrderedRecordUpdater.xml
----------------- Instantiating /home/travis/build/icyphy/ptII/ptolemy/actor/lib/test/auto/OrderedRecordUpdater.xml
2 ms. Memory: 678912K Free: 305694K (45%)
----------------- Invoking toplevel() on ptolemy.moml.MoMLSimpleApplication@6e82f142
----------------- Done invoking toplevel() on ptolemy.moml.MoMLSimpleApplication@6e82f142
reloadAllAccessors: .RecordUpdater

===========================================================================================
----------------- testing Tue Jul 16 06:39:57 UTC 2019 /home/travis/build/icyphy/ptII/ptolemy/actor/lib/test/auto/OrderedRecordUpdater2.xml
----------------- Instantiating /home/travis/build/icyphy/ptII/ptolemy/actor/lib/test/auto/OrderedRecordUpdater2.xml
4 ms. Memory: 678912K Free: 301084K (44%)
----------------- Invoking toplevel() on ptolemy.moml.MoMLSimpleApplication@133688b5
----------------- Done invoking toplevel() on ptolemy.moml.MoMLSimpleApplication@133688b5
reloadAllAccessors: .RecordUpdater2

===========================================================================================
----------------- testing Tue Jul 16 06:39:57 UTC 2019 /home/travis/build/icyphy/ptII/ptolemy/actor/lib/test/auto/PhaseUnwrap.xml
----------------- Instantiating /home/travis/build/icyphy/ptII/ptolemy/actor/lib/test/auto/PhaseUnwrap.xml
2 ms. Memory: 678912K Free: 296478K (44%)
----------------- Invoking toplevel() on ptolemy.moml.MoMLSimpleApplication@2f5018e8
----------------- Done invoking toplevel() on ptolemy.moml.MoMLSimpleApplication@2f5018e8
reloadAllAccessors: .PhaseUnwrap

===========================================================================================
----------------- testing Tue Jul 16 06:39:57 UTC 2019 /home/travis/build/icyphy/ptII/ptolemy/actor/lib/test/auto/PoissonClock.xml
----------------- Instantiating /home/travis/build/icyphy/ptII/ptolemy/actor/lib/test/auto/PoissonClock.xml
2 ms. Memory: 678912K Free: 292382K (43%)
----------------- Invoking toplevel() on ptolemy.moml.MoMLSimpleApplication@5afeaa26
----------------- Done invoking toplevel() on ptolemy.moml.MoMLSimpleApplication@5afeaa26
reloadAllAccessors: .PoissonClock

===========================================================================================
----------------- testing Tue Jul 16 06:39:57 UTC 2019 /home/travis/build/icyphy/ptII/ptolemy/actor/lib/test/auto/PoissonClock2.xml
----------------- Instantiating /home/travis/build/icyphy/ptII/ptolemy/actor/lib/test/auto/PoissonClock2.xml
1 ms. Memory: 678912K Free: 288286K (42%)
----------------- Invoking toplevel() on ptolemy.moml.MoMLSimpleApplication@3eec5a10
----------------- Done invoking toplevel() on ptolemy.moml.MoMLSimpleApplication@3eec5a10
reloadAllAccessors: .PoissonClock2

===========================================================================================
----------------- testing Tue Jul 16 06:39:57 UTC 2019 /home/travis/build/icyphy/ptII/ptolemy/actor/lib/test/auto/PoissonClock3.xml
----------------- Instantiating /home/travis/build/icyphy/ptII/ptolemy/actor/lib/test/auto/PoissonClock3.xml
2 ms. Memory: 678912K Free: 283676K (42%)
----------------- Invoking toplevel() on ptolemy.moml.MoMLSimpleApplication@6a7e3a41
----------------- Done invoking toplevel() on ptolemy.moml.MoMLSimpleApplication@6a7e3a41
reloadAllAccessors: .PoissonClock3

===========================================================================================
----------------- testing Tue Jul 16 06:39:57 UTC 2019 /home/travis/build/icyphy/ptII/ptolemy/actor/lib/test/auto/PubSubWithInitialTokens.xml
----------------- Instantiating /home/travis/build/icyphy/ptII/ptolemy/actor/lib/test/auto/PubSubWithInitialTokens.xml
2 ms. Memory: 678912K Free: 278046K (41%)
----------------- Invoking toplevel() on ptolemy.moml.MoMLSimpleApplication@231a09ec
----------------- Done invoking toplevel() on ptolemy.moml.MoMLSimpleApplication@231a09ec
reloadAllAccessors: .PubSubWithInitialTokens

===========================================================================================
----------------- testing Tue Jul 16 06:39:57 UTC 2019 /home/travis/build/icyphy/ptII/ptolemy/actor/lib/test/auto/PubSubWithInitialTokens2.xml
----------------- Instantiating /home/travis/build/icyphy/ptII/ptolemy/actor/lib/test/auto/PubSubWithInitialTokens2.xml
3 ms. Memory: 678912K Free: 271902K (40%)
----------------- Invoking toplevel() on ptolemy.moml.MoMLSimpleApplication@323951eb
----------------- Done invoking toplevel() on ptolemy.moml.MoMLSimpleApplication@323951eb
reloadAllAccessors: .PubSubWithInitialTokens2

===========================================================================================
----------------- testing Tue Jul 16 06:39:57 UTC 2019 /home/travis/build/icyphy/ptII/ptolemy/actor/lib/test/auto/PublisherClassNoParameter.xml
----------------- Instantiating /home/travis/build/icyphy/ptII/ptolemy/actor/lib/test/auto/PublisherClassNoParameter.xml
3 ms. Memory: 678912K Free: 261662K (39%)
----------------- Invoking toplevel() on ptolemy.moml.MoMLSimpleApplication@36639248
----------------- Done invoking toplevel() on ptolemy.moml.MoMLSimpleApplication@36639248
reloadAllAccessors: .PublisherClassNoParameter

===========================================================================================
----------------- testing Tue Jul 16 06:39:57 UTC 2019 /home/travis/build/icyphy/ptII/ptolemy/actor/lib/test/auto/PublisherClassParameter.xml
----------------- Instantiating /home/travis/build/icyphy/ptII/ptolemy/actor/lib/test/auto/PublisherClassParameter.xml
2 ms. Memory: 678912K Free: 251422K (37%)
----------------- Invoking toplevel() on ptolemy.moml.MoMLSimpleApplication@72ae0dad
----------------- Done invoking toplevel() on ptolemy.moml.MoMLSimpleApplication@72ae0dad
reloadAllAccessors: .PublisherClassParameter

===========================================================================================
----------------- testing Tue Jul 16 06:39:57 UTC 2019 /home/travis/build/icyphy/ptII/ptolemy/actor/lib/test/auto/PublisherNonStrictTest.xml
----------------- Instantiating /home/travis/build/icyphy/ptII/ptolemy/actor/lib/test/auto/PublisherNonStrictTest.xml
3 ms. Memory: 678912K Free: 243733K (36%)
----------------- Invoking toplevel() on ptolemy.moml.MoMLSimpleApplication@11f1058d
----------------- Done invoking toplevel() on ptolemy.moml.MoMLSimpleApplication@11f1058d
reloadAllAccessors: .PublisherNonStrictTest

===========================================================================================
----------------- testing Tue Jul 16 06:39:57 UTC 2019 /home/travis/build/icyphy/ptII/ptolemy/actor/lib/test/auto/PublisherPort1.xml
----------------- Instantiating /home/travis/build/icyphy/ptII/ptolemy/actor/lib/test/auto/PublisherPort1.xml
12 ms. Memory: 678912K Free: 238110K (35%)
----------------- Invoking toplevel() on ptolemy.moml.MoMLSimpleApplication@1e0a1508
----------------- Done invoking toplevel() on ptolemy.moml.MoMLSimpleApplication@1e0a1508
reloadAllAccessors: .PublisherPort1

===========================================================================================
----------------- testing Tue Jul 16 06:39:57 UTC 2019 /home/travis/build/icyphy/ptII/ptolemy/actor/lib/test/auto/PublisherPort2.xml
----------------- Instantiating /home/travis/build/icyphy/ptII/ptolemy/actor/lib/test/auto/PublisherPort2.xml
2 ms. Memory: 678912K Free: 628764K (93%)
----------------- Invoking toplevel() on ptolemy.moml.MoMLSimpleApplication@7957f92d
----------------- Done invoking toplevel() on ptolemy.moml.MoMLSimpleApplication@7957f92d
reloadAllAccessors: .PublisherPort2

===========================================================================================
----------------- testing Tue Jul 16 06:39:57 UTC 2019 /home/travis/build/icyphy/ptII/ptolemy/actor/lib/test/auto/PublisherPort3.xml
----------------- Instantiating /home/travis/build/icyphy/ptII/ptolemy/actor/lib/test/auto/PublisherPort3.xml
3 ms. Memory: 678912K Free: 622110K (92%)
----------------- Invoking toplevel() on ptolemy.moml.MoMLSimpleApplication@224190ba
----------------- Done invoking toplevel() on ptolemy.moml.MoMLSimpleApplication@224190ba
reloadAllAccessors: .PublisherPort3

===========================================================================================
----------------- testing Tue Jul 16 06:39:57 UTC 2019 /home/travis/build/icyphy/ptII/ptolemy/actor/lib/test/auto/PublisherPort4.xml
----------------- Instantiating /home/travis/build/icyphy/ptII/ptolemy/actor/lib/test/auto/PublisherPort4.xml
2 ms. Memory: 678912K Free: 616461K (91%)
----------------- Invoking toplevel() on ptolemy.moml.MoMLSimpleApplication@723b3d35
----------------- Done invoking toplevel() on ptolemy.moml.MoMLSimpleApplication@723b3d35
reloadAllAccessors: .PublisherPort4

===========================================================================================
----------------- testing Tue Jul 16 06:39:57 UTC 2019 /home/travis/build/icyphy/ptII/ptolemy/actor/lib/test/auto/PublisherPort5.xml
----------------- Instantiating /home/travis/build/icyphy/ptII/ptolemy/actor/lib/test/auto/PublisherPort5.xml
4 ms. Memory: 678912K Free: 608798K (90%)
----------------- Invoking toplevel() on ptolemy.moml.MoMLSimpleApplication@422967fd
----------------- Done invoking toplevel() on ptolemy.moml.MoMLSimpleApplication@422967fd
reloadAllAccessors: .PublisherPort5

===========================================================================================
----------------- testing Tue Jul 16 06:39:57 UTC 2019 /home/travis/build/icyphy/ptII/ptolemy/actor/lib/test/auto/PublisherPort5LookAlike.xml
----------------- Instantiating /home/travis/build/icyphy/ptII/ptolemy/actor/lib/test/auto/PublisherPort5LookAlike.xml
11 ms. Memory: 678912K Free: 601116K (89%)
----------------- Invoking toplevel() on ptolemy.moml.MoMLSimpleApplication@2a5fb8f1
----------------- Done invoking toplevel() on ptolemy.moml.MoMLSimpleApplication@2a5fb8f1
reloadAllAccessors: .PublisherPort5LookAlike

===========================================================================================
----------------- testing Tue Jul 16 06:39:57 UTC 2019 /home/travis/build/icyphy/ptII/ptolemy/actor/lib/test/auto/PublisherPort6.xml
----------------- Instantiating /home/travis/build/icyphy/ptII/ptolemy/actor/lib/test/auto/PublisherPort6.xml
3 ms. Memory: 678912K Free: 594462K (88%)
----------------- Invoking toplevel() on ptolemy.moml.MoMLSimpleApplication@649d2a50
----------------- Done invoking toplevel() on ptolemy.moml.MoMLSimpleApplication@649d2a50
reloadAllAccessors: .PublisherPort6

===========================================================================================
----------------- testing Tue Jul 16 06:39:57 UTC 2019 /home/travis/build/icyphy/ptII/ptolemy/actor/lib/test/auto/PublisherPort7.xml
----------------- Instantiating /home/travis/build/icyphy/ptII/ptolemy/actor/lib/test/auto/PublisherPort7.xml
5 ms. Memory: 678912K Free: 586780K (86%)
----------------- Invoking toplevel() on ptolemy.moml.MoMLSimpleApplication@3bf07f5c
----------------- Done invoking toplevel() on ptolemy.moml.MoMLSimpleApplication@3bf07f5c
reloadAllAccessors: .PublisherPort7

===========================================================================================
----------------- testing Tue Jul 16 06:39:57 UTC 2019 /home/travis/build/icyphy/ptII/ptolemy/actor/lib/test/auto/PublisherPort8.xml
----------------- Instantiating /home/travis/build/icyphy/ptII/ptolemy/actor/lib/test/auto/PublisherPort8.xml
6 ms. Memory: 678912K Free: 578078K (85%)
----------------- Invoking toplevel() on ptolemy.moml.MoMLSimpleApplication@2135e766
----------------- Done invoking toplevel() on ptolemy.moml.MoMLSimpleApplication@2135e766
reloadAllAccessors: .PublisherPort8

===========================================================================================
----------------- testing Tue Jul 16 06:39:57 UTC 2019 /home/travis/build/icyphy/ptII/ptolemy/actor/lib/test/auto/PublisherPortSubscriberChannelVariablesAOC2.xml
----------------- Instantiating /home/travis/build/icyphy/ptII/ptolemy/actor/lib/test/auto/PublisherPortSubscriberChannelVariablesAOC2.xml
4 ms. Memory: 678912K Free: 560670K (83%)
----------------- Invoking toplevel() on ptolemy.moml.MoMLSimpleApplication@10035105
----------------- Done invoking toplevel() on ptolemy.moml.MoMLSimpleApplication@10035105
reloadAllAccessors: .PublisherPortSubscriberChannelVariablesAOC2

===========================================================================================
----------------- testing Tue Jul 16 06:39:57 UTC 2019 /home/travis/build/icyphy/ptII/ptolemy/actor/lib/test/auto/PublisherPortSubscriberOpaqueWidthInference.xml
----------------- Instantiating /home/travis/build/icyphy/ptII/ptolemy/actor/lib/test/auto/PublisherPortSubscriberOpaqueWidthInference.xml
5 ms. Memory: 678912K Free: 552973K (81%)
----------------- Invoking toplevel() on ptolemy.moml.MoMLSimpleApplication@55f4dc3c
----------------- Done invoking toplevel() on ptolemy.moml.MoMLSimpleApplication@55f4dc3c
reloadAllAccessors: .PublisherPortSubscriberOpaqueWidthInference

===========================================================================================
----------------- testing Tue Jul 16 06:39:57 UTC 2019 /home/travis/build/icyphy/ptII/ptolemy/actor/lib/test/auto/PublisherPortSubscriberPortAdjacent.xml
----------------- Instantiating /home/travis/build/icyphy/ptII/ptolemy/actor/lib/test/auto/PublisherPortSubscriberPortAdjacent.xml
3 ms. Memory: 678912K Free: 544796K (80%)
----------------- Invoking toplevel() on ptolemy.moml.MoMLSimpleApplication@4fe1f847
----------------- Done invoking toplevel() on ptolemy.moml.MoMLSimpleApplication@4fe1f847
reloadAllAccessors: .PublisherPortSubscriberPortAdjacent

===========================================================================================
----------------- testing Tue Jul 16 06:39:57 UTC 2019 /home/travis/build/icyphy/ptII/ptolemy/actor/lib/test/auto/PublisherPortSubscriberPortExpression.xml
----------------- Instantiating /home/travis/build/icyphy/ptII/ptolemy/actor/lib/test/auto/PublisherPortSubscriberPortExpression.xml
4 ms. Memory: 678912K Free: 537613K (79%)
----------------- Invoking toplevel() on ptolemy.moml.MoMLSimpleApplication@5aed990f
----------------- Done invoking toplevel() on ptolemy.moml.MoMLSimpleApplication@5aed990f
reloadAllAccessors: .PublisherPortSubscriberPortExpression

===========================================================================================
----------------- testing Tue Jul 16 06:39:57 UTC 2019 /home/travis/build/icyphy/ptII/ptolemy/actor/lib/test/auto/PublisherPortSubscriberPortOpaqueD3Reverse.xml
----------------- Instantiating /home/travis/build/icyphy/ptII/ptolemy/actor/lib/test/auto/PublisherPortSubscriberPortOpaqueD3Reverse.xml
8 ms. Memory: 678912K Free: 527388K (78%)
----------------- Invoking toplevel() on ptolemy.moml.MoMLSimpleApplication@42d65840
----------------- Done invoking toplevel() on ptolemy.moml.MoMLSimpleApplication@42d65840
reloadAllAccessors: .PublisherPortSubscriberPortOpaqueD3Reverse

===========================================================================================
----------------- testing Tue Jul 16 06:39:57 UTC 2019 /home/travis/build/icyphy/ptII/ptolemy/actor/lib/test/auto/PublisherPortSubscriberPortOpaqueWidthInference.xml
----------------- Instantiating /home/travis/build/icyphy/ptII/ptolemy/actor/lib/test/auto/PublisherPortSubscriberPortOpaqueWidthInference.xml
4 ms. Memory: 678912K Free: 519710K (77%)
----------------- Invoking toplevel() on ptolemy.moml.MoMLSimpleApplication@5520e55d
----------------- Done invoking toplevel() on ptolemy.moml.MoMLSimpleApplication@5520e55d
reloadAllAccessors: .PublisherPortSubscriberPortOpaqueWidthInference

===========================================================================================
----------------- testing Tue Jul 16 06:39:57 UTC 2019 /home/travis/build/icyphy/ptII/ptolemy/actor/lib/test/auto/PublisherPortToplevelSubscriberPortAOC.xml
----------------- Instantiating /home/travis/build/icyphy/ptII/ptolemy/actor/lib/test/auto/PublisherPortToplevelSubscriberPortAOC.xml
.PublisherPortToplevelSubscriberPortAOC.TestExceptionAttribute: initialize() was not invoked, but wrapup() was.  This is unusual, but not always a problem.  For example, exporting JNLP will do this.
1 ms. Memory: 678912K Free: 513566K (76%)
----------------- Invoking toplevel() on ptolemy.moml.MoMLSimpleApplication@291d4c01
----------------- Done invoking toplevel() on ptolemy.moml.MoMLSimpleApplication@291d4c01
reloadAllAccessors: .PublisherPortToplevelSubscriberPortAOC

===========================================================================================
----------------- testing Tue Jul 16 06:39:57 UTC 2019 /home/travis/build/icyphy/ptII/ptolemy/actor/lib/test/auto/PublisherSubscriber.xml
----------------- Instantiating /home/travis/build/icyphy/ptII/ptolemy/actor/lib/test/auto/PublisherSubscriber.xml
3 ms. Memory: 678912K Free: 505853K (75%)
----------------- Invoking toplevel() on ptolemy.moml.MoMLSimpleApplication@440dcfc9
----------------- Done invoking toplevel() on ptolemy.moml.MoMLSimpleApplication@440dcfc9
reloadAllAccessors: .PublisherSubscriber

===========================================================================================
----------------- testing Tue Jul 16 06:39:57 UTC 2019 /home/travis/build/icyphy/ptII/ptolemy/actor/lib/test/auto/PublisherSubscriber10.xml
----------------- Instantiating /home/travis/build/icyphy/ptII/ptolemy/actor/lib/test/auto/PublisherSubscriber10.xml
6 ms. Memory: 678912K Free: 496158K (73%)
----------------- Invoking toplevel() on ptolemy.moml.MoMLSimpleApplication@61d6094e
----------------- Done invoking toplevel() on ptolemy.moml.MoMLSimpleApplication@61d6094e
reloadAllAccessors: .PublisherSubscriber10

===========================================================================================
----------------- testing Tue Jul 16 06:39:58 UTC 2019 /home/travis/build/icyphy/ptII/ptolemy/actor/lib/test/auto/PublisherSubscriber10InitialOutputs.xml
----------------- Instantiating /home/travis/build/icyphy/ptII/ptolemy/actor/lib/test/auto/PublisherSubscriber10InitialOutputs.xml
19 ms. Memory: 678912K Free: 486942K (72%)
----------------- Invoking toplevel() on ptolemy.moml.MoMLSimpleApplication@315c2e69
----------------- Done invoking toplevel() on ptolemy.moml.MoMLSimpleApplication@315c2e69
reloadAllAccessors: .PublisherSubscriber10InitialOutputs

===========================================================================================
----------------- testing Tue Jul 16 06:39:58 UTC 2019 /home/travis/build/icyphy/ptII/ptolemy/actor/lib/test/auto/PublisherSubscriber11.xml
----------------- Instantiating /home/travis/build/icyphy/ptII/ptolemy/actor/lib/test/auto/PublisherSubscriber11.xml
3 ms. Memory: 678912K Free: 480798K (71%)
----------------- Invoking toplevel() on ptolemy.moml.MoMLSimpleApplication@7cb57683
----------------- Done invoking toplevel() on ptolemy.moml.MoMLSimpleApplication@7cb57683
reloadAllAccessors: .PublisherSubscriber11

===========================================================================================
----------------- testing Tue Jul 16 06:39:58 UTC 2019 /home/travis/build/icyphy/ptII/ptolemy/actor/lib/test/auto/PublisherSubscriber12.xml
----------------- Instantiating /home/travis/build/icyphy/ptII/ptolemy/actor/lib/test/auto/PublisherSubscriber12.xml
6 ms. Memory: 678912K Free: 474140K (70%)
----------------- Invoking toplevel() on ptolemy.moml.MoMLSimpleApplication@7835002d
----------------- Done invoking toplevel() on ptolemy.moml.MoMLSimpleApplication@7835002d
reloadAllAccessors: .PublisherSubscriber12

===========================================================================================
----------------- testing Tue Jul 16 06:39:58 UTC 2019 /home/travis/build/icyphy/ptII/ptolemy/actor/lib/test/auto/PublisherSubscriber13.xml
----------------- Instantiating /home/travis/build/icyphy/ptII/ptolemy/actor/lib/test/auto/PublisherSubscriber13.xml
3 ms. Memory: 678912K Free: 468510K (69%)
----------------- Invoking toplevel() on ptolemy.moml.MoMLSimpleApplication@3fa181fc
----------------- Done invoking toplevel() on ptolemy.moml.MoMLSimpleApplication@3fa181fc
reloadAllAccessors: .PublisherSubscriber13

===========================================================================================
----------------- testing Tue Jul 16 06:39:58 UTC 2019 /home/travis/build/icyphy/ptII/ptolemy/actor/lib/test/auto/PublisherSubscriber14.xml
----------------- Instantiating /home/travis/build/icyphy/ptII/ptolemy/actor/lib/test/auto/PublisherSubscriber14.xml
3 ms. Memory: 678912K Free: 459773K (68%)
----------------- Invoking toplevel() on ptolemy.moml.MoMLSimpleApplication@5e5ef645
----------------- Done invoking toplevel() on ptolemy.moml.MoMLSimpleApplication@5e5ef645
reloadAllAccessors: .PublisherSubscriber14

===========================================================================================
----------------- testing Tue Jul 16 06:39:58 UTC 2019 /home/travis/build/icyphy/ptII/ptolemy/actor/lib/test/auto/PublisherSubscriber2.xml
----------------- Instantiating /home/travis/build/icyphy/ptII/ptolemy/actor/lib/test/auto/PublisherSubscriber2.xml
4 ms. Memory: 678912K Free: 454174K (67%)
----------------- Invoking toplevel() on ptolemy.moml.MoMLSimpleApplication@272bfbff
----------------- Done invoking toplevel() on ptolemy.moml.MoMLSimpleApplication@272bfbff
reloadAllAccessors: .PublisherSubscriber2

===========================================================================================
----------------- testing Tue Jul 16 06:39:58 UTC 2019 /home/travis/build/icyphy/ptII/ptolemy/actor/lib/test/auto/PublisherSubscriber3.xml
----------------- Instantiating /home/travis/build/icyphy/ptII/ptolemy/actor/lib/test/auto/PublisherSubscriber3.xml
2 ms. Memory: 678912K Free: 448509K (66%)
----------------- Invoking toplevel() on ptolemy.moml.MoMLSimpleApplication@4a1670e7
----------------- Done invoking toplevel() on ptolemy.moml.MoMLSimpleApplication@4a1670e7
reloadAllAccessors: .PublisherSubscriber3

===========================================================================================
----------------- testing Tue Jul 16 06:39:58 UTC 2019 /home/travis/build/icyphy/ptII/ptolemy/actor/lib/test/auto/PublisherSubscriber4.xml
----------------- Instantiating /home/travis/build/icyphy/ptII/ptolemy/actor/lib/test/auto/PublisherSubscriber4.xml
3 ms. Memory: 678912K Free: 442910K (65%)
----------------- Invoking toplevel() on ptolemy.moml.MoMLSimpleApplication@10cb0281
----------------- Done invoking toplevel() on ptolemy.moml.MoMLSimpleApplication@10cb0281
reloadAllAccessors: .PublisherSubscriber4

===========================================================================================
----------------- testing Tue Jul 16 06:39:58 UTC 2019 /home/travis/build/icyphy/ptII/ptolemy/actor/lib/test/auto/PublisherSubscriber5.xml
----------------- Instantiating /home/travis/build/icyphy/ptII/ptolemy/actor/lib/test/auto/PublisherSubscriber5.xml
3 ms. Memory: 678912K Free: 436237K (64%)
----------------- Invoking toplevel() on ptolemy.moml.MoMLSimpleApplication@6736751f
----------------- Done invoking toplevel() on ptolemy.moml.MoMLSimpleApplication@6736751f
reloadAllAccessors: .PublisherSubscriber5

===========================================================================================
----------------- testing Tue Jul 16 06:39:58 UTC 2019 /home/travis/build/icyphy/ptII/ptolemy/actor/lib/test/auto/PublisherSubscriber6.xml
----------------- Instantiating /home/travis/build/icyphy/ptII/ptolemy/actor/lib/test/auto/PublisherSubscriber6.xml
5 ms. Memory: 678912K Free: 429598K (63%)
----------------- Invoking toplevel() on ptolemy.moml.MoMLSimpleApplication@6a155608
----------------- Done invoking toplevel() on ptolemy.moml.MoMLSimpleApplication@6a155608
reloadAllAccessors: .PublisherSubscriber6

===========================================================================================
----------------- testing Tue Jul 16 06:39:58 UTC 2019 /home/travis/build/icyphy/ptII/ptolemy/actor/lib/test/auto/PublisherSubscriber7.xml
----------------- Instantiating /home/travis/build/icyphy/ptII/ptolemy/actor/lib/test/auto/PublisherSubscriber7.xml
10 ms. Memory: 678912K Free: 422940K (62%)
----------------- Invoking toplevel() on ptolemy.moml.MoMLSimpleApplication@570bf0cd
----------------- Done invoking toplevel() on ptolemy.moml.MoMLSimpleApplication@570bf0cd
reloadAllAccessors: .PublisherSubscriber7

===========================================================================================
----------------- testing Tue Jul 16 06:39:58 UTC 2019 /home/travis/build/icyphy/ptII/ptolemy/actor/lib/test/auto/PublisherSubscriber8.xml
----------------- Instantiating /home/travis/build/icyphy/ptII/ptolemy/actor/lib/test/auto/PublisherSubscriber8.xml
15 ms. Memory: 678912K Free: 411166K (61%)
----------------- Invoking toplevel() on ptolemy.moml.MoMLSimpleApplication@46ea350c
----------------- Done invoking toplevel() on ptolemy.moml.MoMLSimpleApplication@46ea350c
reloadAllAccessors: .PublisherSubscriber8

===========================================================================================
----------------- testing Tue Jul 16 06:39:58 UTC 2019 /home/travis/build/icyphy/ptII/ptolemy/actor/lib/test/auto/PublisherSubscriber9.xml
----------------- Instantiating /home/travis/build/icyphy/ptII/ptolemy/actor/lib/test/auto/PublisherSubscriber9.xml
3 ms. Memory: 678912K Free: 403998K (60%)
----------------- Invoking toplevel() on ptolemy.moml.MoMLSimpleApplication@4055a3ae
----------------- Done invoking toplevel() on ptolemy.moml.MoMLSimpleApplication@4055a3ae
reloadAllAccessors: .PublisherSubscriber9

===========================================================================================
----------------- testing Tue Jul 16 06:39:58 UTC 2019 /home/travis/build/icyphy/ptII/ptolemy/actor/lib/test/auto/PublisherSubscriberAdjacent.xml
----------------- Instantiating /home/travis/build/icyphy/ptII/ptolemy/actor/lib/test/auto/PublisherSubscriberAdjacent.xml
3 ms. Memory: 678912K Free: 395806K (58%)
----------------- Invoking toplevel() on ptolemy.moml.MoMLSimpleApplication@61c5c2b9
----------------- Done invoking toplevel() on ptolemy.moml.MoMLSimpleApplication@61c5c2b9
reloadAllAccessors: .PublisherSubscriberAdjacent

===========================================================================================
----------------- testing Tue Jul 16 06:39:58 UTC 2019 /home/travis/build/icyphy/ptII/ptolemy/actor/lib/test/auto/PublisherSubscriberChannelVariablesAOC2.xml
----------------- Instantiating /home/travis/build/icyphy/ptII/ptolemy/actor/lib/test/auto/PublisherSubscriberChannelVariablesAOC2.xml
6 ms. Memory: 678912K Free: 381470K (56%)
----------------- Invoking toplevel() on ptolemy.moml.MoMLSimpleApplication@6a35a3c6
----------------- Done invoking toplevel() on ptolemy.moml.MoMLSimpleApplication@6a35a3c6
reloadAllAccessors: .PublisherSubscriberChannelVariablesAOC2

===========================================================================================
----------------- testing Tue Jul 16 06:39:58 UTC 2019 /home/travis/build/icyphy/ptII/ptolemy/actor/lib/test/auto/PublisherSubscriberD3.xml
----------------- Instantiating /home/travis/build/icyphy/ptII/ptolemy/actor/lib/test/auto/PublisherSubscriberD3.xml
2 ms. Memory: 678912K Free: 374302K (55%)
----------------- Invoking toplevel() on ptolemy.moml.MoMLSimpleApplication@69bd4114
----------------- Done invoking toplevel() on ptolemy.moml.MoMLSimpleApplication@69bd4114
reloadAllAccessors: .PublisherSubscriberD3

===========================================================================================
----------------- testing Tue Jul 16 06:39:58 UTC 2019 /home/travis/build/icyphy/ptII/ptolemy/actor/lib/test/auto/PublisherSubscriberD3Reverse.xml
----------------- Instantiating /home/travis/build/icyphy/ptII/ptolemy/actor/lib/test/auto/PublisherSubscriberD3Reverse.xml
2 ms. Memory: 678912K Free: 368158K (54%)
----------------- Invoking toplevel() on ptolemy.moml.MoMLSimpleApplication@669afce4
----------------- Done invoking toplevel() on ptolemy.moml.MoMLSimpleApplication@669afce4
reloadAllAccessors: .PublisherSubscriberD3Reverse

===========================================================================================
----------------- testing Tue Jul 16 06:39:58 UTC 2019 /home/travis/build/icyphy/ptII/ptolemy/actor/lib/test/auto/PublisherSubscriberExpression.xml
----------------- Instantiating /home/travis/build/icyphy/ptII/ptolemy/actor/lib/test/auto/PublisherSubscriberExpression.xml
8 ms. Memory: 678912K Free: 359421K (53%)
----------------- Invoking toplevel() on ptolemy.moml.MoMLSimpleApplication@35a89df
----------------- Done invoking toplevel() on ptolemy.moml.MoMLSimpleApplication@35a89df
reloadAllAccessors: .PublisherSubscriberExpression

===========================================================================================
----------------- testing Tue Jul 16 06:39:58 UTC 2019 /home/travis/build/icyphy/ptII/ptolemy/actor/lib/test/auto/PublisherSubscriberOpaque.xml
----------------- Instantiating /home/travis/build/icyphy/ptII/ptolemy/actor/lib/test/auto/PublisherSubscriberOpaque.xml
5 ms. Memory: 678912K Free: 351260K (52%)
----------------- Invoking toplevel() on ptolemy.moml.MoMLSimpleApplication@6c72eb85
----------------- Done invoking toplevel() on ptolemy.moml.MoMLSimpleApplication@6c72eb85
reloadAllAccessors: .PublisherSubscriberOpaque

===========================================================================================
----------------- testing Tue Jul 16 06:39:58 UTC 2019 /home/travis/build/icyphy/ptII/ptolemy/actor/lib/test/auto/PublisherSubscriberOpaqueD3.xml
----------------- Instantiating /home/travis/build/icyphy/ptII/ptolemy/actor/lib/test/auto/PublisherSubscriberOpaqueD3.xml
8 ms. Memory: 678912K Free: 339486K (50%)
----------------- Invoking toplevel() on ptolemy.moml.MoMLSimpleApplication@80a3e20
----------------- Done invoking toplevel() on ptolemy.moml.MoMLSimpleApplication@80a3e20
reloadAllAccessors: .PublisherSubscriberOpaqueD3

===========================================================================================
----------------- testing Tue Jul 16 06:39:58 UTC 2019 /home/travis/build/icyphy/ptII/ptolemy/actor/lib/test/auto/PublisherSubscriberOpaqueD3Reverse.xml
----------------- Instantiating /home/travis/build/icyphy/ptII/ptolemy/actor/lib/test/auto/PublisherSubscriberOpaqueD3Reverse.xml
10 ms. Memory: 678912K Free: 328732K (48%)
----------------- Invoking toplevel() on ptolemy.moml.MoMLSimpleApplication@290ff19
----------------- Done invoking toplevel() on ptolemy.moml.MoMLSimpleApplication@290ff19
reloadAllAccessors: .PublisherSubscriberOpaqueD3Reverse

===========================================================================================
----------------- testing Tue Jul 16 06:39:58 UTC 2019 /home/travis/build/icyphy/ptII/ptolemy/actor/lib/test/auto/PublisherSubscriberOpaqueWidthInference.xml
----------------- Instantiating /home/travis/build/icyphy/ptII/ptolemy/actor/lib/test/auto/PublisherSubscriberOpaqueWidthInference.xml
6 ms. Memory: 678912K Free: 320525K (47%)
----------------- Invoking toplevel() on ptolemy.moml.MoMLSimpleApplication@1bd7bb10
----------------- Done invoking toplevel() on ptolemy.moml.MoMLSimpleApplication@1bd7bb10
reloadAllAccessors: .PublisherSubscriberOpaqueWidthInference

===========================================================================================
----------------- testing Tue Jul 16 06:39:58 UTC 2019 /home/travis/build/icyphy/ptII/ptolemy/actor/lib/test/auto/PublisherTestSubscriber.xml
----------------- Instantiating /home/travis/build/icyphy/ptII/ptolemy/actor/lib/test/auto/PublisherTestSubscriber.xml
3 ms. Memory: 678912K Free: 312862K (46%)
----------------- Invoking toplevel() on ptolemy.moml.MoMLSimpleApplication@2329ddbc
----------------- Done invoking toplevel() on ptolemy.moml.MoMLSimpleApplication@2329ddbc
reloadAllAccessors: .PublisherTestSubscriber

===========================================================================================
----------------- testing Tue Jul 16 06:39:58 UTC 2019 /home/travis/build/icyphy/ptII/ptolemy/actor/lib/test/auto/PublisherToplevelSubscriberPortAOC.xml
----------------- Instantiating /home/travis/build/icyphy/ptII/ptolemy/actor/lib/test/auto/PublisherToplevelSubscriberPortAOC.xml
3 ms. Memory: 678912K Free: 306197K (45%)
----------------- Invoking toplevel() on ptolemy.moml.MoMLSimpleApplication@31edb3bf
----------------- Done invoking toplevel() on ptolemy.moml.MoMLSimpleApplication@31edb3bf
reloadAllAccessors: .PublisherToplevelSubscriberPortAOC

===========================================================================================
----------------- testing Tue Jul 16 06:39:58 UTC 2019 /home/travis/build/icyphy/ptII/ptolemy/actor/lib/test/auto/PulseFiringLimitDE.xml
----------------- Instantiating /home/travis/build/icyphy/ptII/ptolemy/actor/lib/test/auto/PulseFiringLimitDE.xml
3 ms. Memory: 678912K Free: 300060K (44%)
----------------- Invoking toplevel() on ptolemy.moml.MoMLSimpleApplication@39e3bc54
----------------- Done invoking toplevel() on ptolemy.moml.MoMLSimpleApplication@39e3bc54
reloadAllAccessors: .PulseFiringLimitDE

===========================================================================================
----------------- testing Tue Jul 16 06:39:58 UTC 2019 /home/travis/build/icyphy/ptII/ptolemy/actor/lib/test/auto/Ramp1.xml
----------------- Instantiating /home/travis/build/icyphy/ptII/ptolemy/actor/lib/test/auto/Ramp1.xml
2 ms. Memory: 678912K Free: 295957K (44%)
----------------- Invoking toplevel() on ptolemy.moml.MoMLSimpleApplication@a30d22f
----------------- Done invoking toplevel() on ptolemy.moml.MoMLSimpleApplication@a30d22f
reloadAllAccessors: .Ramp1

===========================================================================================
----------------- testing Tue Jul 16 06:39:58 UTC 2019 /home/travis/build/icyphy/ptII/ptolemy/actor/lib/test/auto/RampFiringLimitDE.xml
----------------- Instantiating /home/travis/build/icyphy/ptII/ptolemy/actor/lib/test/auto/RampFiringLimitDE.xml
3 ms. Memory: 678912K Free: 289805K (43%)
----------------- Invoking toplevel() on ptolemy.moml.MoMLSimpleApplication@57e5cef6
----------------- Done invoking toplevel() on ptolemy.moml.MoMLSimpleApplication@57e5cef6
reloadAllAccessors: .RampFiringLimitDE

===========================================================================================
----------------- testing Tue Jul 16 06:39:58 UTC 2019 /home/travis/build/icyphy/ptII/ptolemy/actor/lib/test/auto/RampFiringLimitSDF.xml
----------------- Instantiating /home/travis/build/icyphy/ptII/ptolemy/actor/lib/test/auto/RampFiringLimitSDF.xml
2 ms. Memory: 678912K Free: 284669K (42%)
----------------- Invoking toplevel() on ptolemy.moml.MoMLSimpleApplication@970f0ae
----------------- Done invoking toplevel() on ptolemy.moml.MoMLSimpleApplication@970f0ae
reloadAllAccessors: .RampFiringLimitSDF

===========================================================================================
----------------- testing Tue Jul 16 06:39:58 UTC 2019 /home/travis/build/icyphy/ptII/ptolemy/actor/lib/test/auto/RandomInteger.xml
----------------- Instantiating /home/travis/build/icyphy/ptII/ptolemy/actor/lib/test/auto/RandomInteger.xml
2 ms. Memory: 678912K Free: 280094K (41%)
----------------- Invoking toplevel() on ptolemy.moml.MoMLSimpleApplication@7633249f
----------------- Done invoking toplevel() on ptolemy.moml.MoMLSimpleApplication@7633249f
reloadAllAccessors: .RandomInteger

===========================================================================================
----------------- testing Tue Jul 16 06:39:58 UTC 2019 /home/travis/build/icyphy/ptII/ptolemy/actor/lib/test/auto/ReadFile1.xml
----------------- Instantiating /home/travis/build/icyphy/ptII/ptolemy/actor/lib/test/auto/ReadFile1.xml
2 ms. Memory: 678912K Free: 275484K (41%)
----------------- Invoking toplevel() on ptolemy.moml.MoMLSimpleApplication@b98afab
----------------- Done invoking toplevel() on ptolemy.moml.MoMLSimpleApplication@b98afab
reloadAllAccessors: .ReadFile1

===========================================================================================
----------------- testing Tue Jul 16 06:39:58 UTC 2019 /home/travis/build/icyphy/ptII/ptolemy/actor/lib/test/auto/ReadFile2.xml
----------------- Instantiating /home/travis/build/icyphy/ptII/ptolemy/actor/lib/test/auto/ReadFile2.xml
2 ms. Memory: 678912K Free: 271388K (40%)
----------------- Invoking toplevel() on ptolemy.moml.MoMLSimpleApplication@14d7c02
----------------- Done invoking toplevel() on ptolemy.moml.MoMLSimpleApplication@14d7c02
reloadAllAccessors: .ReadFile2

===========================================================================================
----------------- testing Tue Jul 16 06:39:58 UTC 2019 /home/travis/build/icyphy/ptII/ptolemy/actor/lib/test/auto/Reader.xml
----------------- Instantiating /home/travis/build/icyphy/ptII/ptolemy/actor/lib/test/auto/Reader.xml
actor.lib.Reader is obsolete, use actor.lib.io.ExpressionReader instead
5 ms. Memory: 678912K Free: 267292K (39%)
----------------- Invoking toplevel() on ptolemy.moml.MoMLSimpleApplication@31b5e416
----------------- Done invoking toplevel() on ptolemy.moml.MoMLSimpleApplication@31b5e416
reloadAllAccessors: .Reader

===========================================================================================
----------------- testing Tue Jul 16 06:39:58 UTC 2019 /home/travis/build/icyphy/ptII/ptolemy/actor/lib/test/auto/RecordAssemblerDisplayNameTest.xml
----------------- Instantiating /home/travis/build/icyphy/ptII/ptolemy/actor/lib/test/auto/RecordAssemblerDisplayNameTest.xml
3871 ms. Memory: 678912K Free: 624158K (92%)
----------------- Invoking toplevel() on ptolemy.moml.MoMLSimpleApplication@3de8ea63
----------------- Done invoking toplevel() on ptolemy.moml.MoMLSimpleApplication@3de8ea63
reloadAllAccessors: .RecordAssemblerDisplayNameTest

===========================================================================================
----------------- testing Tue Jul 16 06:40:02 UTC 2019 /home/travis/build/icyphy/ptII/ptolemy/actor/lib/test/auto/RecordAssemblerTypeError.xml
----------------- Instantiating /home/travis/build/icyphy/ptII/ptolemy/actor/lib/test/auto/RecordAssemblerTypeError.xml
18 ms. Memory: 678912K Free: 614428K (91%)
----------------- Invoking toplevel() on ptolemy.moml.MoMLSimpleApplication@2df0a00f
----------------- Done invoking toplevel() on ptolemy.moml.MoMLSimpleApplication@2df0a00f
reloadAllAccessors: .RecordAssemblerTypeError

===========================================================================================
----------------- testing Tue Jul 16 06:40:02 UTC 2019 /home/travis/build/icyphy/ptII/ptolemy/actor/lib/test/auto/RecordDisassember.xml
----------------- Instantiating /home/travis/build/icyphy/ptII/ptolemy/actor/lib/test/auto/RecordDisassember.xml
4 ms. Memory: 678912K Free: 609822K (90%)
----------------- Invoking toplevel() on ptolemy.moml.MoMLSimpleApplication@699c7aa2
----------------- Done invoking toplevel() on ptolemy.moml.MoMLSimpleApplication@699c7aa2
reloadAllAccessors: .RecordDisassember

===========================================================================================
----------------- testing Tue Jul 16 06:40:02 UTC 2019 /home/travis/build/icyphy/ptII/ptolemy/actor/lib/test/auto/RecordDisassemberDisplayNameTest.xml
----------------- Instantiating /home/travis/build/icyphy/ptII/ptolemy/actor/lib/test/auto/RecordDisassemberDisplayNameTest.xml
6 ms. Memory: 678912K Free: 601630K (89%)
----------------- Invoking toplevel() on ptolemy.moml.MoMLSimpleApplication@6e282dd8
----------------- Done invoking toplevel() on ptolemy.moml.MoMLSimpleApplication@6e282dd8
reloadAllAccessors: .RecordDisassemberDisplayNameTest

===========================================================================================
----------------- testing Tue Jul 16 06:40:02 UTC 2019 /home/travis/build/icyphy/ptII/ptolemy/actor/lib/test/auto/RecordDisassembler.xml
----------------- Instantiating /home/travis/build/icyphy/ptII/ptolemy/actor/lib/test/auto/RecordDisassembler.xml
3 ms. Memory: 678912K Free: 596510K (88%)
----------------- Invoking toplevel() on ptolemy.moml.MoMLSimpleApplication@1d62ac86
----------------- Done invoking toplevel() on ptolemy.moml.MoMLSimpleApplication@1d62ac86
reloadAllAccessors: .RecordDisassembler

===========================================================================================
----------------- testing Tue Jul 16 06:40:02 UTC 2019 /home/travis/build/icyphy/ptII/ptolemy/actor/lib/test/auto/RecordDisassembler2.xml
----------------- Instantiating /home/travis/build/icyphy/ptII/ptolemy/actor/lib/test/auto/RecordDisassembler2.xml
4 ms. Memory: 678912K Free: 591390K (87%)
----------------- Invoking toplevel() on ptolemy.moml.MoMLSimpleApplication@d5ea933
----------------- Done invoking toplevel() on ptolemy.moml.MoMLSimpleApplication@d5ea933
reloadAllAccessors: .RecordDisassembler2

===========================================================================================
----------------- testing Tue Jul 16 06:40:02 UTC 2019 /home/travis/build/icyphy/ptII/ptolemy/actor/lib/test/auto/RecordUpdater.xml
----------------- Instantiating /home/travis/build/icyphy/ptII/ptolemy/actor/lib/test/auto/RecordUpdater.xml
2 ms. Memory: 678912K Free: 586270K (86%)
----------------- Invoking toplevel() on ptolemy.moml.MoMLSimpleApplication@2c065fb3
----------------- Done invoking toplevel() on ptolemy.moml.MoMLSimpleApplication@2c065fb3
reloadAllAccessors: .RecordUpdater

===========================================================================================
----------------- testing Tue Jul 16 06:40:02 UTC 2019 /home/travis/build/icyphy/ptII/ptolemy/actor/lib/test/auto/RecordUpdater2.xml
----------------- Instantiating /home/travis/build/icyphy/ptII/ptolemy/actor/lib/test/auto/RecordUpdater2.xml
2 ms. Memory: 678912K Free: 581660K (86%)
----------------- Invoking toplevel() on ptolemy.moml.MoMLSimpleApplication@633bb1fe
----------------- Done invoking toplevel() on ptolemy.moml.MoMLSimpleApplication@633bb1fe
reloadAllAccessors: .RecordUpdater2

===========================================================================================
----------------- testing Tue Jul 16 06:40:02 UTC 2019 /home/travis/build/icyphy/ptII/ptolemy/actor/lib/test/auto/RecursiveLattice.xml
----------------- Instantiating /home/travis/build/icyphy/ptII/ptolemy/actor/lib/test/auto/RecursiveLattice.xml
2 ms. Memory: 678912K Free: 577054K (85%)
----------------- Invoking toplevel() on ptolemy.moml.MoMLSimpleApplication@440e0f00
----------------- Done invoking toplevel() on ptolemy.moml.MoMLSimpleApplication@440e0f00
reloadAllAccessors: .RecursiveLattice

===========================================================================================
----------------- testing Tue Jul 16 06:40:02 UTC 2019 /home/travis/build/icyphy/ptII/ptolemy/actor/lib/test/auto/Router.xml
----------------- Instantiating /home/travis/build/icyphy/ptII/ptolemy/actor/lib/test/auto/Router.xml
3004 ms. Memory: 678912K Free: 566814K (83%)
----------------- Invoking toplevel() on ptolemy.moml.MoMLSimpleApplication@54b96bee
----------------- Done invoking toplevel() on ptolemy.moml.MoMLSimpleApplication@54b96bee
reloadAllAccessors: .Router

===========================================================================================
----------------- testing Tue Jul 16 06:40:05 UTC 2019 /home/travis/build/icyphy/ptII/ptolemy/actor/lib/test/auto/Router2.xml
----------------- Instantiating /home/travis/build/icyphy/ptII/ptolemy/actor/lib/test/auto/Router2.xml
3005 ms. Memory: 678912K Free: 555550K (82%)
----------------- Invoking toplevel() on ptolemy.moml.MoMLSimpleApplication@298f04ea
----------------- Done invoking toplevel() on ptolemy.moml.MoMLSimpleApplication@298f04ea
reloadAllAccessors: .Router2

===========================================================================================
----------------- testing Tue Jul 16 06:40:08 UTC 2019 /home/travis/build/icyphy/ptII/ptolemy/actor/lib/test/auto/RunningMaximum.xml
----------------- Instantiating /home/travis/build/icyphy/ptII/ptolemy/actor/lib/test/auto/RunningMaximum.xml
2 ms. Memory: 678912K Free: 550940K (81%)
----------------- Invoking toplevel() on ptolemy.moml.MoMLSimpleApplication@4836a82
----------------- Done invoking toplevel() on ptolemy.moml.MoMLSimpleApplication@4836a82
reloadAllAccessors: .RunningMaximum

===========================================================================================
----------------- testing Tue Jul 16 06:40:09 UTC 2019 /home/travis/build/icyphy/ptII/ptolemy/actor/lib/test/auto/RunningMinimum.xml
----------------- Instantiating /home/travis/build/icyphy/ptII/ptolemy/actor/lib/test/auto/RunningMinimum.xml
2 ms. Memory: 678912K Free: 546334K (80%)
----------------- Invoking toplevel() on ptolemy.moml.MoMLSimpleApplication@66ed69d4
----------------- Done invoking toplevel() on ptolemy.moml.MoMLSimpleApplication@66ed69d4
reloadAllAccessors: .RunningMinimum

===========================================================================================
----------------- testing Tue Jul 16 06:40:09 UTC 2019 /home/travis/build/icyphy/ptII/ptolemy/actor/lib/test/auto/Scale.xml
----------------- Instantiating /home/travis/build/icyphy/ptII/ptolemy/actor/lib/test/auto/Scale.xml
2 ms. Memory: 678912K Free: 541214K (80%)
----------------- Invoking toplevel() on ptolemy.moml.MoMLSimpleApplication@6282e6d4
----------------- Done invoking toplevel() on ptolemy.moml.MoMLSimpleApplication@6282e6d4
reloadAllAccessors: .Scale

===========================================================================================
----------------- testing Tue Jul 16 06:40:09 UTC 2019 /home/travis/build/icyphy/ptII/ptolemy/actor/lib/test/auto/Scale2.xml
----------------- Instantiating /home/travis/build/icyphy/ptII/ptolemy/actor/lib/test/auto/Scale2.xml
2 ms. Memory: 678912K Free: 536604K (79%)
----------------- Invoking toplevel() on ptolemy.moml.MoMLSimpleApplication@41041f1e
----------------- Done invoking toplevel() on ptolemy.moml.MoMLSimpleApplication@41041f1e
reloadAllAccessors: .Scale2

===========================================================================================
----------------- testing Tue Jul 16 06:40:09 UTC 2019 /home/travis/build/icyphy/ptII/ptolemy/actor/lib/test/auto/Scale3.xml
----------------- Instantiating /home/travis/build/icyphy/ptII/ptolemy/actor/lib/test/auto/Scale3.xml
5 ms. Memory: 678912K Free: 530460K (78%)
----------------- Invoking toplevel() on ptolemy.moml.MoMLSimpleApplication@2e657dea
----------------- Done invoking toplevel() on ptolemy.moml.MoMLSimpleApplication@2e657dea
reloadAllAccessors: .Scale3

===========================================================================================
----------------- testing Tue Jul 16 06:40:09 UTC 2019 /home/travis/build/icyphy/ptII/ptolemy/actor/lib/test/auto/ScaleArray.xml
----------------- Instantiating /home/travis/build/icyphy/ptII/ptolemy/actor/lib/test/auto/ScaleArray.xml
2 ms. Memory: 678912K Free: 525854K (77%)
----------------- Invoking toplevel() on ptolemy.moml.MoMLSimpleApplication@58522055
----------------- Done invoking toplevel() on ptolemy.moml.MoMLSimpleApplication@58522055
reloadAllAccessors: .ScaleArray

===========================================================================================
----------------- testing Tue Jul 16 06:40:09 UTC 2019 /home/travis/build/icyphy/ptII/ptolemy/actor/lib/test/auto/ScaleArray2.xml
----------------- Instantiating /home/travis/build/icyphy/ptII/ptolemy/actor/lib/test/auto/ScaleArray2.xml
1 ms. Memory: 678912K Free: 521244K (77%)
----------------- Invoking toplevel() on ptolemy.moml.MoMLSimpleApplication@28bc7fbb
----------------- Done invoking toplevel() on ptolemy.moml.MoMLSimpleApplication@28bc7fbb
reloadAllAccessors: .ScaleArray2

===========================================================================================
----------------- testing Tue Jul 16 06:40:09 UTC 2019 /home/travis/build/icyphy/ptII/ptolemy/actor/lib/test/auto/ScaleMatrix.xml
----------------- Instantiating /home/travis/build/icyphy/ptII/ptolemy/actor/lib/test/auto/ScaleMatrix.xml
126 ms. Memory: 678912K Free: 506908K (75%)
----------------- Invoking toplevel() on ptolemy.moml.MoMLSimpleApplication@75a03512
----------------- Done invoking toplevel() on ptolemy.moml.MoMLSimpleApplication@75a03512
reloadAllAccessors: .ScaleMatrix

===========================================================================================
----------------- testing Tue Jul 16 06:40:09 UTC 2019 /home/travis/build/icyphy/ptII/ptolemy/actor/lib/test/auto/Select.xml
----------------- Instantiating /home/travis/build/icyphy/ptII/ptolemy/actor/lib/test/auto/Select.xml
3 ms. Memory: 678912K Free: 500749K (74%)
----------------- Invoking toplevel() on ptolemy.moml.MoMLSimpleApplication@4ed02a16
----------------- Done invoking toplevel() on ptolemy.moml.MoMLSimpleApplication@4ed02a16
reloadAllAccessors: .Select

===========================================================================================
----------------- testing Tue Jul 16 06:40:09 UTC 2019 /home/travis/build/icyphy/ptII/ptolemy/actor/lib/test/auto/Select2.xml
----------------- Instantiating /home/travis/build/icyphy/ptII/ptolemy/actor/lib/test/auto/Select2.xml
1 ms. Memory: 678912K Free: 496158K (73%)
----------------- Invoking toplevel() on ptolemy.moml.MoMLSimpleApplication@54ec3a85
----------------- Done invoking toplevel() on ptolemy.moml.MoMLSimpleApplication@54ec3a85
reloadAllAccessors: .Select2

===========================================================================================
----------------- testing Tue Jul 16 06:40:09 UTC 2019 /home/travis/build/icyphy/ptII/ptolemy/actor/lib/test/auto/SequenceToArray2.xml
----------------- Instantiating /home/travis/build/icyphy/ptII/ptolemy/actor/lib/test/auto/SequenceToArray2.xml
146 ms. Memory: 678912K Free: 471582K (69%)
----------------- Invoking toplevel() on ptolemy.moml.MoMLSimpleApplication@480c3967
----------------- Done invoking toplevel() on ptolemy.moml.MoMLSimpleApplication@480c3967
reloadAllAccessors: .SequenceToArray2

===========================================================================================
----------------- testing Tue Jul 16 06:40:09 UTC 2019 /home/travis/build/icyphy/ptII/ptolemy/actor/lib/test/auto/SequentialClock.xml
----------------- Instantiating /home/travis/build/icyphy/ptII/ptolemy/actor/lib/test/auto/SequentialClock.xml
1 ms. Memory: 678912K Free: 467486K (69%)
----------------- Invoking toplevel() on ptolemy.moml.MoMLSimpleApplication@1cd49131
----------------- Done invoking toplevel() on ptolemy.moml.MoMLSimpleApplication@1cd49131
reloadAllAccessors: .SequentialClock

===========================================================================================
----------------- testing Tue Jul 16 06:40:09 UTC 2019 /home/travis/build/icyphy/ptII/ptolemy/actor/lib/test/auto/SetVariable.xml
----------------- Instantiating /home/travis/build/icyphy/ptII/ptolemy/actor/lib/test/auto/SetVariable.xml
3 ms. Memory: 678912K Free: 462876K (68%)
----------------- Invoking toplevel() on ptolemy.moml.MoMLSimpleApplication@2a9e0f07
----------------- Done invoking toplevel() on ptolemy.moml.MoMLSimpleApplication@2a9e0f07
reloadAllAccessors: .SetVariable

===========================================================================================
----------------- testing Tue Jul 16 06:40:09 UTC 2019 /home/travis/build/icyphy/ptII/ptolemy/actor/lib/test/auto/SetVariable2.xml
----------------- Instantiating /home/travis/build/icyphy/ptII/ptolemy/actor/lib/test/auto/SetVariable2.xml
4 ms. Memory: 678912K Free: 457756K (67%)
----------------- Invoking toplevel() on ptolemy.moml.MoMLSimpleApplication@49ce80ae
----------------- Done invoking toplevel() on ptolemy.moml.MoMLSimpleApplication@49ce80ae
reloadAllAccessors: .SetVariable2

===========================================================================================
----------------- testing Tue Jul 16 06:40:09 UTC 2019 /home/travis/build/icyphy/ptII/ptolemy/actor/lib/test/auto/SetVariable3.xml
----------------- Instantiating /home/travis/build/icyphy/ptII/ptolemy/actor/lib/test/auto/SetVariable3.xml
8 ms. Memory: 678912K Free: 452636K (67%)
----------------- Invoking toplevel() on ptolemy.moml.MoMLSimpleApplication@26e77524
----------------- Done invoking toplevel() on ptolemy.moml.MoMLSimpleApplication@26e77524
reloadAllAccessors: .SetVariable3

===========================================================================================
----------------- testing Tue Jul 16 06:40:09 UTC 2019 /home/travis/build/icyphy/ptII/ptolemy/actor/lib/test/auto/SetVariable4.xml
----------------- Instantiating /home/travis/build/icyphy/ptII/ptolemy/actor/lib/test/auto/SetVariable4.xml
16 ms. Memory: 678912K Free: 442910K (65%)
----------------- Invoking toplevel() on ptolemy.moml.MoMLSimpleApplication@169dad
----------------- Done invoking toplevel() on ptolemy.moml.MoMLSimpleApplication@169dad
reloadAllAccessors: .SetVariable4

===========================================================================================
----------------- testing Tue Jul 16 06:40:09 UTC 2019 /home/travis/build/icyphy/ptII/ptolemy/actor/lib/test/auto/SetVariable5.xml
----------------- Instantiating /home/travis/build/icyphy/ptII/ptolemy/actor/lib/test/auto/SetVariable5.xml
21 ms. Memory: 678912K Free: 433694K (64%)
----------------- Invoking toplevel() on ptolemy.moml.MoMLSimpleApplication@4efeb95
----------------- Done invoking toplevel() on ptolemy.moml.MoMLSimpleApplication@4efeb95
reloadAllAccessors: .SetVariable5

===========================================================================================
----------------- testing Tue Jul 16 06:40:09 UTC 2019 /home/travis/build/icyphy/ptII/ptolemy/actor/lib/test/auto/Sinewave.xml
----------------- Instantiating /home/travis/build/icyphy/ptII/ptolemy/actor/lib/test/auto/Sinewave.xml
7 ms. Memory: 678912K Free: 423454K (62%)
----------------- Invoking toplevel() on ptolemy.moml.MoMLSimpleApplication@710fad2b
----------------- Done invoking toplevel() on ptolemy.moml.MoMLSimpleApplication@710fad2b
reloadAllAccessors: .Sinewave

===========================================================================================
----------------- testing Tue Jul 16 06:40:09 UTC 2019 /home/travis/build/icyphy/ptII/ptolemy/actor/lib/test/auto/Sinewave2.xml
----------------- Instantiating /home/travis/build/icyphy/ptII/ptolemy/actor/lib/test/auto/Sinewave2.xml
10 ms. Memory: 678912K Free: 415262K (61%)
----------------- Invoking toplevel() on ptolemy.moml.MoMLSimpleApplication@41a4960d
----------------- Done invoking toplevel() on ptolemy.moml.MoMLSimpleApplication@41a4960d
reloadAllAccessors: .Sinewave2

===========================================================================================
----------------- testing Tue Jul 16 06:40:09 UTC 2019 /home/travis/build/icyphy/ptII/ptolemy/actor/lib/test/auto/Sinewave3.xml
----------------- Instantiating /home/travis/build/icyphy/ptII/ptolemy/actor/lib/test/auto/Sinewave3.xml
9 ms. Memory: 678912K Free: 407070K (60%)
----------------- Invoking toplevel() on ptolemy.moml.MoMLSimpleApplication@62d3e9fe
----------------- Done invoking toplevel() on ptolemy.moml.MoMLSimpleApplication@62d3e9fe
reloadAllAccessors: .Sinewave3

===========================================================================================
----------------- testing Tue Jul 16 06:40:09 UTC 2019 /home/travis/build/icyphy/ptII/ptolemy/actor/lib/test/auto/SingleEvent.xml
----------------- Instantiating /home/travis/build/icyphy/ptII/ptolemy/actor/lib/test/auto/SingleEvent.xml
2 ms. Memory: 678912K Free: 402974K (59%)
----------------- Invoking toplevel() on ptolemy.moml.MoMLSimpleApplication@221fc948
----------------- Done invoking toplevel() on ptolemy.moml.MoMLSimpleApplication@221fc948
reloadAllAccessors: .SingleEvent

===========================================================================================
----------------- testing Tue Jul 16 06:40:09 UTC 2019 /home/travis/build/icyphy/ptII/ptolemy/actor/lib/test/auto/Sleep.xml
----------------- Instantiating /home/travis/build/icyphy/ptII/ptolemy/actor/lib/test/auto/Sleep.xml
6004 ms. Memory: 678912K Free: 397340K (59%)
----------------- Invoking toplevel() on ptolemy.moml.MoMLSimpleApplication@435e0c29
----------------- Done invoking toplevel() on ptolemy.moml.MoMLSimpleApplication@435e0c29
reloadAllAccessors: .Sleep

===========================================================================================
----------------- testing Tue Jul 16 06:40:15 UTC 2019 /home/travis/build/icyphy/ptII/ptolemy/actor/lib/test/auto/SleepMultipleFire.xml
----------------- Instantiating /home/travis/build/icyphy/ptII/ptolemy/actor/lib/test/auto/SleepMultipleFire.xml
1007 ms. Memory: 678912K Free: 391710K (58%)
----------------- Invoking toplevel() on ptolemy.moml.MoMLSimpleApplication@6e5767fe
----------------- Done invoking toplevel() on ptolemy.moml.MoMLSimpleApplication@6e5767fe
reloadAllAccessors: .SleepMultipleFire

===========================================================================================
----------------- testing Tue Jul 16 06:40:16 UTC 2019 /home/travis/build/icyphy/ptII/ptolemy/actor/lib/test/auto/StopDE.xml
----------------- Instantiating /home/travis/build/icyphy/ptII/ptolemy/actor/lib/test/auto/StopDE.xml
6 ms. Memory: 678912K Free: 386076K (57%)
----------------- Invoking toplevel() on ptolemy.moml.MoMLSimpleApplication@19d1427d
----------------- Done invoking toplevel() on ptolemy.moml.MoMLSimpleApplication@19d1427d
reloadAllAccessors: .StopDE

===========================================================================================
----------------- testing Tue Jul 16 06:40:16 UTC 2019 /home/travis/build/icyphy/ptII/ptolemy/actor/lib/test/auto/StopSDF.xml
----------------- Instantiating /home/travis/build/icyphy/ptII/ptolemy/actor/lib/test/auto/StopSDF.xml
3 ms. Memory: 678912K Free: 380956K (56%)
----------------- Invoking toplevel() on ptolemy.moml.MoMLSimpleApplication@665c0070
----------------- Done invoking toplevel() on ptolemy.moml.MoMLSimpleApplication@665c0070
reloadAllAccessors: .StopSDF

===========================================================================================
----------------- testing Tue Jul 16 06:40:16 UTC 2019 /home/travis/build/icyphy/ptII/ptolemy/actor/lib/test/auto/StringConstant.xml
----------------- Instantiating /home/travis/build/icyphy/ptII/ptolemy/actor/lib/test/auto/StringConstant.xml
8 ms. Memory: 678912K Free: 375836K (55%)
----------------- Invoking toplevel() on ptolemy.moml.MoMLSimpleApplication@4a0f012f
----------------- Done invoking toplevel() on ptolemy.moml.MoMLSimpleApplication@4a0f012f
reloadAllAccessors: .StringConstant

===========================================================================================
----------------- testing Tue Jul 16 06:40:16 UTC 2019 /home/travis/build/icyphy/ptII/ptolemy/actor/lib/test/auto/SubscriberPortInitialValues1.xml
----------------- Instantiating /home/travis/build/icyphy/ptII/ptolemy/actor/lib/test/auto/SubscriberPortInitialValues1.xml
7 ms. Memory: 678912K Free: 367134K (54%)
----------------- Invoking toplevel() on ptolemy.moml.MoMLSimpleApplication@3dd1f166
----------------- Done invoking toplevel() on ptolemy.moml.MoMLSimpleApplication@3dd1f166
reloadAllAccessors: .SubscriberPortInitialValues1

===========================================================================================
----------------- testing Tue Jul 16 06:40:16 UTC 2019 /home/travis/build/icyphy/ptII/ptolemy/actor/lib/test/auto/SubscriberPortInitialValues13.xml
----------------- Instantiating /home/travis/build/icyphy/ptII/ptolemy/actor/lib/test/auto/SubscriberPortInitialValues13.xml
8 ms. Memory: 678912K Free: 354332K (52%)
----------------- Invoking toplevel() on ptolemy.moml.MoMLSimpleApplication@2f8da826
----------------- Done invoking toplevel() on ptolemy.moml.MoMLSimpleApplication@2f8da826
reloadAllAccessors: .SubscriberPortInitialValues13

===========================================================================================
----------------- testing Tue Jul 16 06:40:16 UTC 2019 /home/travis/build/icyphy/ptII/ptolemy/actor/lib/test/auto/SubscriberPortInitialValues14.xml
----------------- Instantiating /home/travis/build/icyphy/ptII/ptolemy/actor/lib/test/auto/SubscriberPortInitialValues14.xml
5 ms. Memory: 678912K Free: 346654K (51%)
----------------- Invoking toplevel() on ptolemy.moml.MoMLSimpleApplication@4b4aa6d0
----------------- Done invoking toplevel() on ptolemy.moml.MoMLSimpleApplication@4b4aa6d0
reloadAllAccessors: .SubscriberPortInitialValues14

===========================================================================================
----------------- testing Tue Jul 16 06:40:17 UTC 2019 /home/travis/build/icyphy/ptII/ptolemy/actor/lib/test/auto/SubscriberPortInitialValues2.xml
----------------- Instantiating /home/travis/build/icyphy/ptII/ptolemy/actor/lib/test/auto/SubscriberPortInitialValues2.xml
5 ms. Memory: 678912K Free: 338972K (50%)
----------------- Invoking toplevel() on ptolemy.moml.MoMLSimpleApplication@6d488647
----------------- Done invoking toplevel() on ptolemy.moml.MoMLSimpleApplication@6d488647
reloadAllAccessors: .SubscriberPortInitialValues2

===========================================================================================
----------------- testing Tue Jul 16 06:40:17 UTC 2019 /home/travis/build/icyphy/ptII/ptolemy/actor/lib/test/auto/SubscriberPortInitialValues3.xml
----------------- Instantiating /home/travis/build/icyphy/ptII/ptolemy/actor/lib/test/auto/SubscriberPortInitialValues3.xml
5 ms. Memory: 678912K Free: 328222K (48%)
----------------- Invoking toplevel() on ptolemy.moml.MoMLSimpleApplication@5d91da8a
----------------- Done invoking toplevel() on ptolemy.moml.MoMLSimpleApplication@5d91da8a
reloadAllAccessors: .SubscriberPortInitialValues3

===========================================================================================
----------------- testing Tue Jul 16 06:40:17 UTC 2019 /home/travis/build/icyphy/ptII/ptolemy/actor/lib/test/auto/SubscriptionAggregator.xml
----------------- Instantiating /home/travis/build/icyphy/ptII/ptolemy/actor/lib/test/auto/SubscriptionAggregator.xml
3 ms. Memory: 678912K Free: 321549K (47%)
----------------- Invoking toplevel() on ptolemy.moml.MoMLSimpleApplication@2fcab969
----------------- Done invoking toplevel() on ptolemy.moml.MoMLSimpleApplication@2fcab969
reloadAllAccessors: .SubscriptionAggregator

===========================================================================================
----------------- testing Tue Jul 16 06:40:17 UTC 2019 /home/travis/build/icyphy/ptII/ptolemy/actor/lib/test/auto/SubscriptionAggregator2.xml
----------------- Instantiating /home/travis/build/icyphy/ptII/ptolemy/actor/lib/test/auto/SubscriptionAggregator2.xml
3 ms. Memory: 678912K Free: 314910K (46%)
----------------- Invoking toplevel() on ptolemy.moml.MoMLSimpleApplication@6eb2ea1a
----------------- Done invoking toplevel() on ptolemy.moml.MoMLSimpleApplication@6eb2ea1a
reloadAllAccessors: .SubscriptionAggregator2

===========================================================================================
----------------- testing Tue Jul 16 06:40:17 UTC 2019 /home/travis/build/icyphy/ptII/ptolemy/actor/lib/test/auto/SubscriptionAggregator3.xml
----------------- Instantiating /home/travis/build/icyphy/ptII/ptolemy/actor/lib/test/auto/SubscriptionAggregator3.xml
4 ms. Memory: 678912K Free: 306718K (45%)
----------------- Invoking toplevel() on ptolemy.moml.MoMLSimpleApplication@1d245ec4
----------------- Done invoking toplevel() on ptolemy.moml.MoMLSimpleApplication@1d245ec4
reloadAllAccessors: .SubscriptionAggregator3

===========================================================================================
----------------- testing Tue Jul 16 06:40:17 UTC 2019 /home/travis/build/icyphy/ptII/ptolemy/actor/lib/test/auto/SubscriptionAggregatorMultiply.xml
----------------- Instantiating /home/travis/build/icyphy/ptII/ptolemy/actor/lib/test/auto/SubscriptionAggregatorMultiply.xml
10 ms. Memory: 678912K Free: 298005K (44%)
----------------- Invoking toplevel() on ptolemy.moml.MoMLSimpleApplication@4742a139
----------------- Done invoking toplevel() on ptolemy.moml.MoMLSimpleApplication@4742a139
reloadAllAccessors: .SubscriptionAggregatorMultiply

===========================================================================================
----------------- testing Tue Jul 16 06:40:17 UTC 2019 /home/travis/build/icyphy/ptII/ptolemy/actor/lib/test/auto/SubscriptionAggregatorPortMultiply1.xml
----------------- Instantiating /home/travis/build/icyphy/ptII/ptolemy/actor/lib/test/auto/SubscriptionAggregatorPortMultiply1.xml
4 ms. Memory: 678912K Free: 289820K (43%)
----------------- Invoking toplevel() on ptolemy.moml.MoMLSimpleApplication@62ad5042
----------------- Done invoking toplevel() on ptolemy.moml.MoMLSimpleApplication@62ad5042
reloadAllAccessors: .SubscriptionAggregatorPortMultiply1

===========================================================================================
----------------- testing Tue Jul 16 06:40:17 UTC 2019 /home/travis/build/icyphy/ptII/ptolemy/actor/lib/test/auto/Switch.xml
----------------- Instantiating /home/travis/build/icyphy/ptII/ptolemy/actor/lib/test/auto/Switch.xml
13 ms. Memory: 678912K Free: 281628K (41%)
----------------- Invoking toplevel() on ptolemy.moml.MoMLSimpleApplication@3df1058e
----------------- Done invoking toplevel() on ptolemy.moml.MoMLSimpleApplication@3df1058e
reloadAllAccessors: .Switch

===========================================================================================
----------------- testing Tue Jul 16 06:40:17 UTC 2019 /home/travis/build/icyphy/ptII/ptolemy/actor/lib/test/auto/Switch2.xml
----------------- Instantiating /home/travis/build/icyphy/ptII/ptolemy/actor/lib/test/auto/Switch2.xml
2 ms. Memory: 678912K Free: 275998K (41%)
----------------- Invoking toplevel() on ptolemy.moml.MoMLSimpleApplication@799d87e7
----------------- Done invoking toplevel() on ptolemy.moml.MoMLSimpleApplication@799d87e7
reloadAllAccessors: .Switch2

===========================================================================================
----------------- testing Tue Jul 16 06:40:17 UTC 2019 /home/travis/build/icyphy/ptII/ptolemy/actor/lib/test/auto/SwitchDE.xml
----------------- Instantiating /home/travis/build/icyphy/ptII/ptolemy/actor/lib/test/auto/SwitchDE.xml
5 ms. Memory: 678912K Free: 269325K (40%)
----------------- Invoking toplevel() on ptolemy.moml.MoMLSimpleApplication@76fcfede
----------------- Done invoking toplevel() on ptolemy.moml.MoMLSimpleApplication@76fcfede
reloadAllAccessors: .SwitchDE

===========================================================================================
----------------- testing Tue Jul 16 06:40:17 UTC 2019 /home/travis/build/icyphy/ptII/ptolemy/actor/lib/test/auto/SynchronizerDE.xml
----------------- Instantiating /home/travis/build/icyphy/ptII/ptolemy/actor/lib/test/auto/SynchronizerDE.xml
8 ms. Memory: 678912K Free: 261117K (38%)
----------------- Invoking toplevel() on ptolemy.moml.MoMLSimpleApplication@2fd86aef
----------------- Done invoking toplevel() on ptolemy.moml.MoMLSimpleApplication@2fd86aef
reloadAllAccessors: .SynchronizerDE

===========================================================================================
----------------- testing Tue Jul 16 06:40:17 UTC 2019 /home/travis/build/icyphy/ptII/ptolemy/actor/lib/test/auto/Test.xml
----------------- Instantiating /home/travis/build/icyphy/ptII/ptolemy/actor/lib/test/auto/Test.xml
4 ms. Memory: 678912K Free: 255997K (38%)
----------------- Invoking toplevel() on ptolemy.moml.MoMLSimpleApplication@79d7edff
----------------- Done invoking toplevel() on ptolemy.moml.MoMLSimpleApplication@79d7edff
reloadAllAccessors: .Test

===========================================================================================
----------------- testing Tue Jul 16 06:40:17 UTC 2019 /home/travis/build/icyphy/ptII/ptolemy/actor/lib/test/auto/TestExceptionAttribute1.xml
----------------- Instantiating /home/travis/build/icyphy/ptII/ptolemy/actor/lib/test/auto/TestExceptionAttribute1.xml
2 ms. Memory: 678912K Free: 252446K (37%)
----------------- Invoking toplevel() on ptolemy.moml.MoMLSimpleApplication@32b0f118
----------------- Done invoking toplevel() on ptolemy.moml.MoMLSimpleApplication@32b0f118
reloadAllAccessors: .TestExceptionAttribute1

===========================================================================================
----------------- testing Tue Jul 16 06:40:17 UTC 2019 /home/travis/build/icyphy/ptII/ptolemy/actor/lib/test/auto/TestExceptionAttribute2.xml
----------------- Instantiating /home/travis/build/icyphy/ptII/ptolemy/actor/lib/test/auto/TestExceptionAttribute2.xml
2 ms. Memory: 678912K Free: 248860K (37%)
----------------- Invoking toplevel() on ptolemy.moml.MoMLSimpleApplication@372d227a
----------------- Done invoking toplevel() on ptolemy.moml.MoMLSimpleApplication@372d227a
reloadAllAccessors: .TestExceptionAttribute2

===========================================================================================
----------------- testing Tue Jul 16 06:40:17 UTC 2019 /home/travis/build/icyphy/ptII/ptolemy/actor/lib/test/auto/TestExceptionAttribute3.xml
----------------- Instantiating /home/travis/build/icyphy/ptII/ptolemy/actor/lib/test/auto/TestExceptionAttribute3.xml
.TestExceptionAttribute3.TestExceptionAttribute: initialize() was not invoked, but wrapup() was.  This is unusual, but not always a problem.  For example, exporting JNLP will do this.
1 ms. Memory: 678912K Free: 245278K (36%)
----------------- Invoking toplevel() on ptolemy.moml.MoMLSimpleApplication@6292c680
----------------- Done invoking toplevel() on ptolemy.moml.MoMLSimpleApplication@6292c680
reloadAllAccessors: .TestExceptionAttribute3

===========================================================================================
----------------- testing Tue Jul 16 06:40:17 UTC 2019 /home/travis/build/icyphy/ptII/ptolemy/actor/lib/test/auto/TestExceptionAttribute4.xml
----------------- Instantiating /home/travis/build/icyphy/ptII/ptolemy/actor/lib/test/auto/TestExceptionAttribute4.xml
.TestExceptionAttribute4.TestExceptionAttribute: initialize() was not invoked, but wrapup() was.  This is unusual, but not always a problem.  For example, exporting JNLP will do this.
.TestExceptionAttribute4.TestExceptionAttribute2: initialize() was not invoked, but wrapup() was.  This is unusual, but not always a problem.  For example, exporting JNLP will do this.
1 ms. Memory: 678912K Free: 241182K (36%)
----------------- Invoking toplevel() on ptolemy.moml.MoMLSimpleApplication@77289012
----------------- Done invoking toplevel() on ptolemy.moml.MoMLSimpleApplication@77289012
reloadAllAccessors: .TestExceptionAttribute4

===========================================================================================
----------------- testing Tue Jul 16 06:40:17 UTC 2019 /home/travis/build/icyphy/ptII/ptolemy/actor/lib/test/auto/TestExceptionHandler1.xml
----------------- Instantiating /home/travis/build/icyphy/ptII/ptolemy/actor/lib/test/auto/TestExceptionHandler1.xml
1 ms. Memory: 678912K Free: 237596K (35%)
----------------- Invoking toplevel() on ptolemy.moml.MoMLSimpleApplication@7a7b63de
----------------- Done invoking toplevel() on ptolemy.moml.MoMLSimpleApplication@7a7b63de
reloadAllAccessors: .TestExceptionHandler1

===========================================================================================
----------------- testing Tue Jul 16 06:40:17 UTC 2019 /home/travis/build/icyphy/ptII/ptolemy/actor/lib/test/auto/TestExceptionHandler2.xml
----------------- Instantiating /home/travis/build/icyphy/ptII/ptolemy/actor/lib/test/auto/TestExceptionHandler2.xml
1 ms. Memory: 678912K Free: 234014K (34%)
----------------- Invoking toplevel() on ptolemy.moml.MoMLSimpleApplication@6054cff5
----------------- Done invoking toplevel() on ptolemy.moml.MoMLSimpleApplication@6054cff5
reloadAllAccessors: .TestExceptionHandler2

===========================================================================================
----------------- testing Tue Jul 16 06:40:17 UTC 2019 /home/travis/build/icyphy/ptII/ptolemy/actor/lib/test/auto/TestExceptionHandler3.xml
----------------- Instantiating /home/travis/build/icyphy/ptII/ptolemy/actor/lib/test/auto/TestExceptionHandler3.xml
1 ms. Memory: 678912K Free: 625182K (92%)
----------------- Invoking toplevel() on ptolemy.moml.MoMLSimpleApplication@73525db3
----------------- Done invoking toplevel() on ptolemy.moml.MoMLSimpleApplication@73525db3
reloadAllAccessors: .TestExceptionHandler3

===========================================================================================
----------------- testing Tue Jul 16 06:40:17 UTC 2019 /home/travis/build/icyphy/ptII/ptolemy/actor/lib/test/auto/TestExceptionHandler4.xml
----------------- Instantiating /home/travis/build/icyphy/ptII/ptolemy/actor/lib/test/auto/TestExceptionHandler4.xml
0 ms. Memory: 678912K Free: 621086K (91%)
----------------- Invoking toplevel() on ptolemy.moml.MoMLSimpleApplication@440a7291
----------------- Done invoking toplevel() on ptolemy.moml.MoMLSimpleApplication@440a7291
reloadAllAccessors: .TestExceptionHandler4

===========================================================================================
----------------- testing Tue Jul 16 06:40:17 UTC 2019 /home/travis/build/icyphy/ptII/ptolemy/actor/lib/test/auto/TestRequireCorrectOrder.xml
----------------- Instantiating /home/travis/build/icyphy/ptII/ptolemy/actor/lib/test/auto/TestRequireCorrectOrder.xml
7 ms. Memory: 678912K Free: 615966K (91%)
----------------- Invoking toplevel() on ptolemy.moml.MoMLSimpleApplication@403babfc
----------------- Done invoking toplevel() on ptolemy.moml.MoMLSimpleApplication@403babfc
reloadAllAccessors: .TestRequireCorrectOrder

===========================================================================================
----------------- testing Tue Jul 16 06:40:17 UTC 2019 /home/travis/build/icyphy/ptII/ptolemy/actor/lib/test/auto/TestSimple.xml
----------------- Instantiating /home/travis/build/icyphy/ptII/ptolemy/actor/lib/test/auto/TestSimple.xml
2 ms. Memory: 678912K Free: 611349K (90%)
----------------- Invoking toplevel() on ptolemy.moml.MoMLSimpleApplication@9eb8b1d
----------------- Done invoking toplevel() on ptolemy.moml.MoMLSimpleApplication@9eb8b1d
reloadAllAccessors: .TestSimple

===========================================================================================
----------------- testing Tue Jul 16 06:40:17 UTC 2019 /home/travis/build/icyphy/ptII/ptolemy/actor/lib/test/auto/ThrowModelError.xml
----------------- Instantiating /home/travis/build/icyphy/ptII/ptolemy/actor/lib/test/auto/ThrowModelError.xml
2 ms. Memory: 678912K Free: 606750K (89%)
----------------- Invoking toplevel() on ptolemy.moml.MoMLSimpleApplication@38810737
----------------- Done invoking toplevel() on ptolemy.moml.MoMLSimpleApplication@38810737
reloadAllAccessors: .ThrowModelError

===========================================================================================
----------------- testing Tue Jul 16 06:40:17 UTC 2019 /home/travis/build/icyphy/ptII/ptolemy/actor/lib/test/auto/TimeDelayMicrosteps.xml
----------------- Instantiating /home/travis/build/icyphy/ptII/ptolemy/actor/lib/test/auto/TimeDelayMicrosteps.xml
3 ms. Memory: 678912K Free: 600085K (88%)
----------------- Invoking toplevel() on ptolemy.moml.MoMLSimpleApplication@5a1fa741
----------------- Done invoking toplevel() on ptolemy.moml.MoMLSimpleApplication@5a1fa741
reloadAllAccessors: .TimeDelayMicrosteps

===========================================================================================
----------------- testing Tue Jul 16 06:40:17 UTC 2019 /home/travis/build/icyphy/ptII/ptolemy/actor/lib/test/auto/TimeDelayMicrosteps2.xml
----------------- Instantiating /home/travis/build/icyphy/ptII/ptolemy/actor/lib/test/auto/TimeDelayMicrosteps2.xml
5 ms. Memory: 678912K Free: 592909K (87%)
----------------- Invoking toplevel() on ptolemy.moml.MoMLSimpleApplication@53392064
----------------- Done invoking toplevel() on ptolemy.moml.MoMLSimpleApplication@53392064
reloadAllAccessors: .TimeDelayMicrosteps2

===========================================================================================
----------------- testing Tue Jul 16 06:40:17 UTC 2019 /home/travis/build/icyphy/ptII/ptolemy/actor/lib/test/auto/TimeDelayMicrosteps3.xml
----------------- Instantiating /home/travis/build/icyphy/ptII/ptolemy/actor/lib/test/auto/TimeDelayMicrosteps3.xml
4 ms. Memory: 678912K Free: 586268K (86%)
----------------- Invoking toplevel() on ptolemy.moml.MoMLSimpleApplication@1ce60a4b
----------------- Done invoking toplevel() on ptolemy.moml.MoMLSimpleApplication@1ce60a4b
reloadAllAccessors: .TimeDelayMicrosteps3

===========================================================================================
----------------- testing Tue Jul 16 06:40:17 UTC 2019 /home/travis/build/icyphy/ptII/ptolemy/actor/lib/test/auto/TimeDelayVariableMicrosteps.xml
----------------- Instantiating /home/travis/build/icyphy/ptII/ptolemy/actor/lib/test/auto/TimeDelayVariableMicrosteps.xml
3 ms. Memory: 678912K Free: 579612K (85%)
----------------- Invoking toplevel() on ptolemy.moml.MoMLSimpleApplication@7eb4a796
----------------- Done invoking toplevel() on ptolemy.moml.MoMLSimpleApplication@7eb4a796
reloadAllAccessors: .TimeDelayVariableMicrosteps

===========================================================================================
----------------- testing Tue Jul 16 06:40:17 UTC 2019 /home/travis/build/icyphy/ptII/ptolemy/actor/lib/test/auto/TimeGap.xml
----------------- Instantiating /home/travis/build/icyphy/ptII/ptolemy/actor/lib/test/auto/TimeGap.xml
4 ms. Memory: 678912K Free: 574461K (85%)
----------------- Invoking toplevel() on ptolemy.moml.MoMLSimpleApplication@5017b608
----------------- Done invoking toplevel() on ptolemy.moml.MoMLSimpleApplication@5017b608
reloadAllAccessors: .TimeGap

===========================================================================================
----------------- testing Tue Jul 16 06:40:17 UTC 2019 /home/travis/build/icyphy/ptII/ptolemy/actor/lib/test/auto/TimeGap2.xml
----------------- Instantiating /home/travis/build/icyphy/ptII/ptolemy/actor/lib/test/auto/TimeGap2.xml
2 ms. Memory: 678912K Free: 568862K (84%)
----------------- Invoking toplevel() on ptolemy.moml.MoMLSimpleApplication@196147d5
----------------- Done invoking toplevel() on ptolemy.moml.MoMLSimpleApplication@196147d5
reloadAllAccessors: .TimeGap2

===========================================================================================
----------------- testing Tue Jul 16 06:40:17 UTC 2019 /home/travis/build/icyphy/ptII/ptolemy/actor/lib/test/auto/TimedSinewave.xml
----------------- Instantiating /home/travis/build/icyphy/ptII/ptolemy/actor/lib/test/auto/TimedSinewave.xml
31 ms. Memory: 678912K Free: 554526K (82%)
----------------- Invoking toplevel() on ptolemy.moml.MoMLSimpleApplication@1b5f85fc
----------------- Done invoking toplevel() on ptolemy.moml.MoMLSimpleApplication@1b5f85fc
reloadAllAccessors: .TimedSinewave

===========================================================================================
----------------- testing Tue Jul 16 06:40:17 UTC 2019 /home/travis/build/icyphy/ptII/ptolemy/actor/lib/test/auto/TimedSinewavePhase.xml
----------------- Instantiating /home/travis/build/icyphy/ptII/ptolemy/actor/lib/test/auto/TimedSinewavePhase.xml
10 ms. Memory: 678912K Free: 544796K (80%)
----------------- Invoking toplevel() on ptolemy.moml.MoMLSimpleApplication@66a2f68d
----------------- Done invoking toplevel() on ptolemy.moml.MoMLSimpleApplication@66a2f68d
reloadAllAccessors: .TimedSinewavePhase

===========================================================================================
----------------- testing Tue Jul 16 06:40:17 UTC 2019 /home/travis/build/icyphy/ptII/ptolemy/actor/lib/test/auto/Timer.xml
----------------- Instantiating /home/travis/build/icyphy/ptII/ptolemy/actor/lib/test/auto/Timer.xml
4 ms. Memory: 678912K Free: 539166K (79%)
----------------- Invoking toplevel() on ptolemy.moml.MoMLSimpleApplication@5af0b1a2
----------------- Done invoking toplevel() on ptolemy.moml.MoMLSimpleApplication@5af0b1a2
reloadAllAccessors: .Timer

===========================================================================================
----------------- testing Tue Jul 16 06:40:17 UTC 2019 /home/travis/build/icyphy/ptII/ptolemy/actor/lib/test/auto/TriangularDistTestModel.xml
----------------- Instantiating /home/travis/build/icyphy/ptII/ptolemy/actor/lib/test/auto/TriangularDistTestModel.xml
3 ms. Memory: 678912K Free: 533517K (79%)
----------------- Invoking toplevel() on ptolemy.moml.MoMLSimpleApplication@3795bd28
----------------- Done invoking toplevel() on ptolemy.moml.MoMLSimpleApplication@3795bd28
reloadAllAccessors: .TriangularDistTestModel

===========================================================================================
----------------- testing Tue Jul 16 06:40:17 UTC 2019 /home/travis/build/icyphy/ptII/ptolemy/actor/lib/test/auto/TrigFunction.xml
----------------- Instantiating /home/travis/build/icyphy/ptII/ptolemy/actor/lib/test/auto/TrigFunction.xml
1 ms. Memory: 678912K Free: 528412K (78%)
----------------- Invoking toplevel() on ptolemy.moml.MoMLSimpleApplication@3debdf1f
----------------- Done invoking toplevel() on ptolemy.moml.MoMLSimpleApplication@3debdf1f
reloadAllAccessors: .TrigFunction

===========================================================================================
----------------- testing Tue Jul 16 06:40:17 UTC 2019 /home/travis/build/icyphy/ptII/ptolemy/actor/lib/test/auto/TrigFunctionDE.xml
----------------- Instantiating /home/travis/build/icyphy/ptII/ptolemy/actor/lib/test/auto/TrigFunctionDE.xml
2 ms. Memory: 678912K Free: 522782K (77%)
----------------- Invoking toplevel() on ptolemy.moml.MoMLSimpleApplication@42767522
----------------- Done invoking toplevel() on ptolemy.moml.MoMLSimpleApplication@42767522
reloadAllAccessors: .TrigFunctionDE

===========================================================================================
----------------- testing Tue Jul 16 06:40:17 UTC 2019 /home/travis/build/icyphy/ptII/ptolemy/actor/lib/test/auto/TrigFunctionInverse.xml
----------------- Instantiating /home/travis/build/icyphy/ptII/ptolemy/actor/lib/test/auto/TrigFunctionInverse.xml
2 ms. Memory: 678912K Free: 517662K (76%)
----------------- Invoking toplevel() on ptolemy.moml.MoMLSimpleApplication@1a8695ca
----------------- Done invoking toplevel() on ptolemy.moml.MoMLSimpleApplication@1a8695ca
reloadAllAccessors: .TrigFunctionInverse

===========================================================================================
----------------- testing Tue Jul 16 06:40:17 UTC 2019 /home/travis/build/icyphy/ptII/ptolemy/actor/lib/test/auto/TrigFunctionTan.xml
----------------- Instantiating /home/travis/build/icyphy/ptII/ptolemy/actor/lib/test/auto/TrigFunctionTan.xml
1 ms. Memory: 678912K Free: 513052K (76%)
----------------- Invoking toplevel() on ptolemy.moml.MoMLSimpleApplication@288c8703
----------------- Done invoking toplevel() on ptolemy.moml.MoMLSimpleApplication@288c8703
reloadAllAccessors: .TrigFunctionTan

===========================================================================================
----------------- testing Tue Jul 16 06:40:17 UTC 2019 /home/travis/build/icyphy/ptII/ptolemy/actor/lib/test/auto/TriggeredClock.xml
----------------- Instantiating /home/travis/build/icyphy/ptII/ptolemy/actor/lib/test/auto/TriggeredClock.xml
2 ms. Memory: 678912K Free: 508413K (75%)
----------------- Invoking toplevel() on ptolemy.moml.MoMLSimpleApplication@1e577cc3
----------------- Done invoking toplevel() on ptolemy.moml.MoMLSimpleApplication@1e577cc3
reloadAllAccessors: .TriggeredClock

===========================================================================================
----------------- testing Tue Jul 16 06:40:17 UTC 2019 /home/travis/build/icyphy/ptII/ptolemy/actor/lib/test/auto/URLDirectoryReader.xml
----------------- Instantiating /home/travis/build/icyphy/ptII/ptolemy/actor/lib/test/auto/URLDirectoryReader.xml
44 ms. Memory: 678912K Free: 498716K (73%)
----------------- Invoking toplevel() on ptolemy.moml.MoMLSimpleApplication@61d78c42
----------------- Done invoking toplevel() on ptolemy.moml.MoMLSimpleApplication@61d78c42
reloadAllAccessors: .URLDirectoryReader

===========================================================================================
----------------- testing Tue Jul 16 06:40:18 UTC 2019 /home/travis/build/icyphy/ptII/ptolemy/actor/lib/test/auto/URLDirectoryReader3.xml
----------------- Instantiating /home/travis/build/icyphy/ptII/ptolemy/actor/lib/test/auto/URLDirectoryReader3.xml
1257 ms. Memory: 678912K Free: 619568K (91%)
----------------- Invoking toplevel() on ptolemy.moml.MoMLSimpleApplication@20774539
----------------- Done invoking toplevel() on ptolemy.moml.MoMLSimpleApplication@20774539
reloadAllAccessors: .URLDirectoryReader3

===========================================================================================
----------------- testing Tue Jul 16 06:40:19 UTC 2019 /home/travis/build/icyphy/ptII/ptolemy/actor/lib/test/auto/UnaryMathFunction.xml
----------------- Instantiating /home/travis/build/icyphy/ptII/ptolemy/actor/lib/test/auto/UnaryMathFunction.xml
5 ms. Memory: 678912K Free: 611356K (90%)
----------------- Invoking toplevel() on ptolemy.moml.MoMLSimpleApplication@4221eb4d
----------------- Done invoking toplevel() on ptolemy.moml.MoMLSimpleApplication@4221eb4d
reloadAllAccessors: .UnaryMathFunction

===========================================================================================
----------------- testing Tue Jul 16 06:40:19 UTC 2019 /home/travis/build/icyphy/ptII/ptolemy/actor/lib/test/auto/Uniform.xml
----------------- Instantiating /home/travis/build/icyphy/ptII/ptolemy/actor/lib/test/auto/Uniform.xml
3 ms. Memory: 678912K Free: 606750K (89%)
----------------- Invoking toplevel() on ptolemy.moml.MoMLSimpleApplication@7f42acb3
----------------- Done invoking toplevel() on ptolemy.moml.MoMLSimpleApplication@7f42acb3
reloadAllAccessors: .Uniform

===========================================================================================
----------------- testing Tue Jul 16 06:40:19 UTC 2019 /home/travis/build/icyphy/ptII/ptolemy/actor/lib/test/auto/UnionDisassemblerTest.xml
----------------- Instantiating /home/travis/build/icyphy/ptII/ptolemy/actor/lib/test/auto/UnionDisassemblerTest.xml
13 ms. Memory: 678912K Free: 603164K (89%)
----------------- Invoking toplevel() on ptolemy.moml.MoMLSimpleApplication@52952fc5
----------------- Done invoking toplevel() on ptolemy.moml.MoMLSimpleApplication@52952fc5
reloadAllAccessors: .UnionDisassemblerTest

===========================================================================================
----------------- testing Tue Jul 16 06:40:19 UTC 2019 /home/travis/build/icyphy/ptII/ptolemy/actor/lib/test/auto/UtilityFunctions.xml
----------------- Instantiating /home/travis/build/icyphy/ptII/ptolemy/actor/lib/test/auto/UtilityFunctions.xml
2 ms. Memory: 678912K Free: 599068K (88%)
----------------- Invoking toplevel() on ptolemy.moml.MoMLSimpleApplication@301b6161
----------------- Done invoking toplevel() on ptolemy.moml.MoMLSimpleApplication@301b6161
reloadAllAccessors: .UtilityFunctions

===========================================================================================
----------------- testing Tue Jul 16 06:40:19 UTC 2019 /home/travis/build/icyphy/ptII/ptolemy/actor/lib/test/auto/VariableSleep.xml
----------------- Instantiating /home/travis/build/icyphy/ptII/ptolemy/actor/lib/test/auto/VariableSleep.xml
504 ms. Memory: 678912K Free: 593948K (87%)
----------------- Invoking toplevel() on ptolemy.moml.MoMLSimpleApplication@16d1700f
----------------- Done invoking toplevel() on ptolemy.moml.MoMLSimpleApplication@16d1700f
reloadAllAccessors: .VariableSleep

===========================================================================================
----------------- testing Tue Jul 16 06:40:20 UTC 2019 /home/travis/build/icyphy/ptII/ptolemy/actor/lib/test/auto/VectorAssemblerDisassemblerCT.xml
----------------- Instantiating /home/travis/build/icyphy/ptII/ptolemy/actor/lib/test/auto/VectorAssemblerDisassemblerCT.xml
80 ms. Memory: 678912K Free: 573468K (84%)
----------------- Invoking toplevel() on ptolemy.moml.MoMLSimpleApplication@4c6a4e2e
----------------- Done invoking toplevel() on ptolemy.moml.MoMLSimpleApplication@4c6a4e2e
reloadAllAccessors: .VectorAssemblerDisassemblerCT

===========================================================================================
----------------- testing Tue Jul 16 06:40:20 UTC 2019 /home/travis/build/icyphy/ptII/ptolemy/actor/lib/test/auto/VectorAssemblerDisassemblerDE.xml
----------------- Instantiating /home/travis/build/icyphy/ptII/ptolemy/actor/lib/test/auto/VectorAssemblerDisassemblerDE.xml
14 ms. Memory: 678912K Free: 565790K (83%)
----------------- Invoking toplevel() on ptolemy.moml.MoMLSimpleApplication@6faa99c
----------------- Done invoking toplevel() on ptolemy.moml.MoMLSimpleApplication@6faa99c
reloadAllAccessors: .VectorAssemblerDisassemblerDE

===========================================================================================
----------------- testing Tue Jul 16 06:40:20 UTC 2019 /home/travis/build/icyphy/ptII/ptolemy/actor/lib/test/auto/VectorAssemblerDisassemblerSDF.xml
----------------- Instantiating /home/travis/build/icyphy/ptII/ptolemy/actor/lib/test/auto/VectorAssemblerDisassemblerSDF.xml
3 ms. Memory: 678912K Free: 559132K (82%)
----------------- Invoking toplevel() on ptolemy.moml.MoMLSimpleApplication@563aed9e
----------------- Done invoking toplevel() on ptolemy.moml.MoMLSimpleApplication@563aed9e
reloadAllAccessors: .VectorAssemblerDisassemblerSDF

===========================================================================================
----------------- testing Tue Jul 16 06:40:20 UTC 2019 /home/travis/build/icyphy/ptII/ptolemy/actor/lib/test/auto/WallClockTime.xml
----------------- Instantiating /home/travis/build/icyphy/ptII/ptolemy/actor/lib/test/auto/WallClockTime.xml
1006 ms. Memory: 678912K Free: 554012K (82%)
----------------- Invoking toplevel() on ptolemy.moml.MoMLSimpleApplication@76275770
----------------- Done invoking toplevel() on ptolemy.moml.MoMLSimpleApplication@76275770
reloadAllAccessors: .WallClockTime

===========================================================================================
----------------- testing Tue Jul 16 06:40:21 UTC 2019 /home/travis/build/icyphy/ptII/ptolemy/actor/lib/test/auto/WidthTestWithSubscriberPublisher.xml
----------------- Instantiating /home/travis/build/icyphy/ptII/ptolemy/actor/lib/test/auto/WidthTestWithSubscriberPublisher.xml
9 ms. Memory: 678912K Free: 536094K (79%)
----------------- Invoking toplevel() on ptolemy.moml.MoMLSimpleApplication@673eee00
----------------- Done invoking toplevel() on ptolemy.moml.MoMLSimpleApplication@673eee00
reloadAllAccessors: .WidthTestWithSubscriberPublisher

===========================================================================================
----------------- testing Tue Jul 16 06:40:21 UTC 2019 /home/travis/build/icyphy/ptII/ptolemy/actor/lib/test/auto/WidthTestWithSubscriberPublisher2.xml
----------------- Instantiating /home/travis/build/icyphy/ptII/ptolemy/actor/lib/test/auto/WidthTestWithSubscriberPublisher2.xml
3 ms. Memory: 678912K Free: 529950K (78%)
----------------- Invoking toplevel() on ptolemy.moml.MoMLSimpleApplication@755c9f15
----------------- Done invoking toplevel() on ptolemy.moml.MoMLSimpleApplication@755c9f15
reloadAllAccessors: .WidthTestWithSubscriberPublisher2

===========================================================================================
----------------- testing Tue Jul 16 06:40:21 UTC 2019 /home/travis/build/icyphy/ptII/ptolemy/actor/lib/test/auto/WidthTestWithSubscriberPublisher3.xml
----------------- Instantiating /home/travis/build/icyphy/ptII/ptolemy/actor/lib/test/auto/WidthTestWithSubscriberPublisher3.xml
2 ms. Memory: 678912K Free: 523806K (77%)
----------------- Invoking toplevel() on ptolemy.moml.MoMLSimpleApplication@4247f8d5
----------------- Done invoking toplevel() on ptolemy.moml.MoMLSimpleApplication@4247f8d5
reloadAllAccessors: .WidthTestWithSubscriberPublisher3

===========================================================================================
----------------- testing Tue Jul 16 06:40:21 UTC 2019 /home/travis/build/icyphy/ptII/ptolemy/actor/lib/test/auto/Writer.xml
----------------- Instantiating /home/travis/build/icyphy/ptII/ptolemy/actor/lib/test/auto/Writer.xml
0
1
2
3
4
2 ms. Memory: 678912K Free: 519710K (77%)
----------------- Invoking toplevel() on ptolemy.moml.MoMLSimpleApplication@cfd041
----------------- Done invoking toplevel() on ptolemy.moml.MoMLSimpleApplication@cfd041
reloadAllAccessors: .Writer

===========================================================================================
----------------- testing Tue Jul 16 06:40:21 UTC 2019 /home/travis/build/icyphy/ptII/ptolemy/actor/lib/test/auto/array.xml
----------------- Instantiating /home/travis/build/icyphy/ptII/ptolemy/actor/lib/test/auto/array.xml
2 ms. Memory: 678912K Free: 515100K (76%)
----------------- Invoking toplevel() on ptolemy.moml.MoMLSimpleApplication@6bafebec
----------------- Done invoking toplevel() on ptolemy.moml.MoMLSimpleApplication@6bafebec
reloadAllAccessors: .array

===========================================================================================
----------------- testing Tue Jul 16 06:40:21 UTC 2019 /home/travis/build/icyphy/ptII/ptolemy/actor/lib/test/auto/array2.xml
----------------- Instantiating /home/travis/build/icyphy/ptII/ptolemy/actor/lib/test/auto/array2.xml
3 ms. Memory: 678912K Free: 509965K (75%)
----------------- Invoking toplevel() on ptolemy.moml.MoMLSimpleApplication@61eda1cc
----------------- Done invoking toplevel() on ptolemy.moml.MoMLSimpleApplication@61eda1cc
reloadAllAccessors: .array2

===========================================================================================
----------------- testing Tue Jul 16 06:40:21 UTC 2019 /home/travis/build/icyphy/ptII/ptolemy/actor/lib/test/auto/arrayType.xml
----------------- Instantiating /home/travis/build/icyphy/ptII/ptolemy/actor/lib/test/auto/arrayType.xml
2 ms. Memory: 678912K Free: 504860K (74%)
----------------- Invoking toplevel() on ptolemy.moml.MoMLSimpleApplication@239375ef
----------------- Done invoking toplevel() on ptolemy.moml.MoMLSimpleApplication@239375ef
reloadAllAccessors: .arrayType

===========================================================================================
----------------- testing Tue Jul 16 06:40:21 UTC 2019 /home/travis/build/icyphy/ptII/ptolemy/actor/lib/test/auto/arrayType10.xml
----------------- Instantiating /home/travis/build/icyphy/ptII/ptolemy/actor/lib/test/auto/arrayType10.xml
2 ms. Memory: 678912K Free: 499740K (74%)
----------------- Invoking toplevel() on ptolemy.moml.MoMLSimpleApplication@56b15d7d
----------------- Done invoking toplevel() on ptolemy.moml.MoMLSimpleApplication@56b15d7d
reloadAllAccessors: .arrayType10

===========================================================================================
----------------- testing Tue Jul 16 06:40:21 UTC 2019 /home/travis/build/icyphy/ptII/ptolemy/actor/lib/test/auto/arrayType11.xml
----------------- Instantiating /home/travis/build/icyphy/ptII/ptolemy/actor/lib/test/auto/arrayType11.xml
2 ms. Memory: 678912K Free: 495134K (73%)
----------------- Invoking toplevel() on ptolemy.moml.MoMLSimpleApplication@1abe2f87
----------------- Done invoking toplevel() on ptolemy.moml.MoMLSimpleApplication@1abe2f87
reloadAllAccessors: .arrayType11

===========================================================================================
----------------- testing Tue Jul 16 06:40:21 UTC 2019 /home/travis/build/icyphy/ptII/ptolemy/actor/lib/test/auto/arrayType12.xml
----------------- Instantiating /home/travis/build/icyphy/ptII/ptolemy/actor/lib/test/auto/arrayType12.xml
2 ms. Memory: 678912K Free: 490524K (72%)
----------------- Invoking toplevel() on ptolemy.moml.MoMLSimpleApplication@7f4c4c6f
----------------- Done invoking toplevel() on ptolemy.moml.MoMLSimpleApplication@7f4c4c6f
reloadAllAccessors: .arrayType12

===========================================================================================
----------------- testing Tue Jul 16 06:40:21 UTC 2019 /home/travis/build/icyphy/ptII/ptolemy/actor/lib/test/auto/arrayType13.xml
----------------- Instantiating /home/travis/build/icyphy/ptII/ptolemy/actor/lib/test/auto/arrayType13.xml
2 ms. Memory: 678912K Free: 485404K (71%)
----------------- Invoking toplevel() on ptolemy.moml.MoMLSimpleApplication@7a28c2e0
----------------- Done invoking toplevel() on ptolemy.moml.MoMLSimpleApplication@7a28c2e0
reloadAllAccessors: .arrayType13

===========================================================================================
----------------- testing Tue Jul 16 06:40:21 UTC 2019 /home/travis/build/icyphy/ptII/ptolemy/actor/lib/test/auto/arrayType14.xml
----------------- Instantiating /home/travis/build/icyphy/ptII/ptolemy/actor/lib/test/auto/arrayType14.xml
2 ms. Memory: 678912K Free: 480284K (71%)
----------------- Invoking toplevel() on ptolemy.moml.MoMLSimpleApplication@205df2cb
----------------- Done invoking toplevel() on ptolemy.moml.MoMLSimpleApplication@205df2cb
reloadAllAccessors: .arrayType14

===========================================================================================
----------------- testing Tue Jul 16 06:40:21 UTC 2019 /home/travis/build/icyphy/ptII/ptolemy/actor/lib/test/auto/arrayType15.xml
----------------- Instantiating /home/travis/build/icyphy/ptII/ptolemy/actor/lib/test/auto/arrayType15.xml
4 ms. Memory: 678912K Free: 475164K (70%)
----------------- Invoking toplevel() on ptolemy.moml.MoMLSimpleApplication@2ca31349
----------------- Done invoking toplevel() on ptolemy.moml.MoMLSimpleApplication@2ca31349
reloadAllAccessors: .arrayType15

===========================================================================================
----------------- testing Tue Jul 16 06:40:21 UTC 2019 /home/travis/build/icyphy/ptII/ptolemy/actor/lib/test/auto/arrayType16.xml
----------------- Instantiating /home/travis/build/icyphy/ptII/ptolemy/actor/lib/test/auto/arrayType16.xml
6 ms. Memory: 678912K Free: 470044K (69%)
----------------- Invoking toplevel() on ptolemy.moml.MoMLSimpleApplication@46a5a354
----------------- Done invoking toplevel() on ptolemy.moml.MoMLSimpleApplication@46a5a354
reloadAllAccessors: .arrayType16

===========================================================================================
----------------- testing Tue Jul 16 06:40:21 UTC 2019 /home/travis/build/icyphy/ptII/ptolemy/actor/lib/test/auto/arrayType17.xml
----------------- Instantiating /home/travis/build/icyphy/ptII/ptolemy/actor/lib/test/auto/arrayType17.xml
2 ms. Memory: 678912K Free: 464924K (68%)
----------------- Invoking toplevel() on ptolemy.moml.MoMLSimpleApplication@4b46bc41
----------------- Done invoking toplevel() on ptolemy.moml.MoMLSimpleApplication@4b46bc41
reloadAllAccessors: .arrayType17

===========================================================================================
----------------- testing Tue Jul 16 06:40:21 UTC 2019 /home/travis/build/icyphy/ptII/ptolemy/actor/lib/test/auto/arrayType18.xml
----------------- Instantiating /home/travis/build/icyphy/ptII/ptolemy/actor/lib/test/auto/arrayType18.xml
2 ms. Memory: 678912K Free: 460318K (68%)
----------------- Invoking toplevel() on ptolemy.moml.MoMLSimpleApplication@6dbfb74d
----------------- Done invoking toplevel() on ptolemy.moml.MoMLSimpleApplication@6dbfb74d
reloadAllAccessors: .arrayType18

===========================================================================================
----------------- testing Tue Jul 16 06:40:21 UTC 2019 /home/travis/build/icyphy/ptII/ptolemy/actor/lib/test/auto/arrayType19.xml
----------------- Instantiating /home/travis/build/icyphy/ptII/ptolemy/actor/lib/test/auto/arrayType19.xml
2 ms. Memory: 678912K Free: 455198K (67%)
----------------- Invoking toplevel() on ptolemy.moml.MoMLSimpleApplication@7fd7aef9
----------------- Done invoking toplevel() on ptolemy.moml.MoMLSimpleApplication@7fd7aef9
reloadAllAccessors: .arrayType19

===========================================================================================
----------------- testing Tue Jul 16 06:40:21 UTC 2019 /home/travis/build/icyphy/ptII/ptolemy/actor/lib/test/auto/arrayType2.xml
----------------- Instantiating /home/travis/build/icyphy/ptII/ptolemy/actor/lib/test/auto/arrayType2.xml
2 ms. Memory: 678912K Free: 450588K (66%)
----------------- Invoking toplevel() on ptolemy.moml.MoMLSimpleApplication@13cb6eaa
----------------- Done invoking toplevel() on ptolemy.moml.MoMLSimpleApplication@13cb6eaa
reloadAllAccessors: .arrayType2

===========================================================================================
----------------- testing Tue Jul 16 06:40:21 UTC 2019 /home/travis/build/icyphy/ptII/ptolemy/actor/lib/test/auto/arrayType20.xml
----------------- Instantiating /home/travis/build/icyphy/ptII/ptolemy/actor/lib/test/auto/arrayType20.xml
2 ms. Memory: 678912K Free: 445982K (66%)
----------------- Invoking toplevel() on ptolemy.moml.MoMLSimpleApplication@6c70e7b1
----------------- Done invoking toplevel() on ptolemy.moml.MoMLSimpleApplication@6c70e7b1
reloadAllAccessors: .arrayType20

===========================================================================================
----------------- testing Tue Jul 16 06:40:21 UTC 2019 /home/travis/build/icyphy/ptII/ptolemy/actor/lib/test/auto/arrayType21.xml
----------------- Instantiating /home/travis/build/icyphy/ptII/ptolemy/actor/lib/test/auto/arrayType21.xml
1 ms. Memory: 678912K Free: 441372K (65%)
----------------- Invoking toplevel() on ptolemy.moml.MoMLSimpleApplication@e8b8d4d
----------------- Done invoking toplevel() on ptolemy.moml.MoMLSimpleApplication@e8b8d4d
reloadAllAccessors: .arrayType21

===========================================================================================
----------------- testing Tue Jul 16 06:40:21 UTC 2019 /home/travis/build/icyphy/ptII/ptolemy/actor/lib/test/auto/arrayType22.xml
----------------- Instantiating /home/travis/build/icyphy/ptII/ptolemy/actor/lib/test/auto/arrayType22.xml
2 ms. Memory: 678912K Free: 436252K (64%)
----------------- Invoking toplevel() on ptolemy.moml.MoMLSimpleApplication@701bb1e5
----------------- Done invoking toplevel() on ptolemy.moml.MoMLSimpleApplication@701bb1e5
reloadAllAccessors: .arrayType22

===========================================================================================
----------------- testing Tue Jul 16 06:40:21 UTC 2019 /home/travis/build/icyphy/ptII/ptolemy/actor/lib/test/auto/arrayType23.xml
----------------- Instantiating /home/travis/build/icyphy/ptII/ptolemy/actor/lib/test/auto/arrayType23.xml
2 ms. Memory: 678912K Free: 431646K (64%)
----------------- Invoking toplevel() on ptolemy.moml.MoMLSimpleApplication@315d9bcc
----------------- Done invoking toplevel() on ptolemy.moml.MoMLSimpleApplication@315d9bcc
reloadAllAccessors: .arrayType23

===========================================================================================
----------------- testing Tue Jul 16 06:40:21 UTC 2019 /home/travis/build/icyphy/ptII/ptolemy/actor/lib/test/auto/arrayType24.xml
----------------- Instantiating /home/travis/build/icyphy/ptII/ptolemy/actor/lib/test/auto/arrayType24.xml
2 ms. Memory: 678912K Free: 426526K (63%)
----------------- Invoking toplevel() on ptolemy.moml.MoMLSimpleApplication@b0d678
----------------- Done invoking toplevel() on ptolemy.moml.MoMLSimpleApplication@b0d678
reloadAllAccessors: .arrayType24

===========================================================================================
----------------- testing Tue Jul 16 06:40:21 UTC 2019 /home/travis/build/icyphy/ptII/ptolemy/actor/lib/test/auto/arrayType25.xml
----------------- Instantiating /home/travis/build/icyphy/ptII/ptolemy/actor/lib/test/auto/arrayType25.xml
1 ms. Memory: 678912K Free: 421916K (62%)
----------------- Invoking toplevel() on ptolemy.moml.MoMLSimpleApplication@5ad8d7d8
----------------- Done invoking toplevel() on ptolemy.moml.MoMLSimpleApplication@5ad8d7d8
reloadAllAccessors: .arrayType25

===========================================================================================
----------------- testing Tue Jul 16 06:40:21 UTC 2019 /home/travis/build/icyphy/ptII/ptolemy/actor/lib/test/auto/arrayType26.xml
----------------- Instantiating /home/travis/build/icyphy/ptII/ptolemy/actor/lib/test/auto/arrayType26.xml
2 ms. Memory: 678912K Free: 415772K (61%)
----------------- Invoking toplevel() on ptolemy.moml.MoMLSimpleApplication@71776a6a
----------------- Done invoking toplevel() on ptolemy.moml.MoMLSimpleApplication@71776a6a
reloadAllAccessors: .arrayType26

===========================================================================================
----------------- testing Tue Jul 16 06:40:21 UTC 2019 /home/travis/build/icyphy/ptII/ptolemy/actor/lib/test/auto/arrayType27.xml
----------------- Instantiating /home/travis/build/icyphy/ptII/ptolemy/actor/lib/test/auto/arrayType27.xml
1 ms. Memory: 678912K Free: 410652K (60%)
----------------- Invoking toplevel() on ptolemy.moml.MoMLSimpleApplication@284804e3
----------------- Done invoking toplevel() on ptolemy.moml.MoMLSimpleApplication@284804e3
reloadAllAccessors: .arrayType27

===========================================================================================
----------------- testing Tue Jul 16 06:40:21 UTC 2019 /home/travis/build/icyphy/ptII/ptolemy/actor/lib/test/auto/arrayType28.xml
----------------- Instantiating /home/travis/build/icyphy/ptII/ptolemy/actor/lib/test/auto/arrayType28.xml
7 ms. Memory: 678912K Free: 405532K (60%)
----------------- Invoking toplevel() on ptolemy.moml.MoMLSimpleApplication@4a068a4b
----------------- Done invoking toplevel() on ptolemy.moml.MoMLSimpleApplication@4a068a4b
reloadAllAccessors: .arrayType28

===========================================================================================
----------------- testing Tue Jul 16 06:40:21 UTC 2019 /home/travis/build/icyphy/ptII/ptolemy/actor/lib/test/auto/arrayType3.xml
----------------- Instantiating /home/travis/build/icyphy/ptII/ptolemy/actor/lib/test/auto/arrayType3.xml
3 ms. Memory: 678912K Free: 399902K (59%)
----------------- Invoking toplevel() on ptolemy.moml.MoMLSimpleApplication@70cd5370
----------------- Done invoking toplevel() on ptolemy.moml.MoMLSimpleApplication@70cd5370
reloadAllAccessors: .arrayType3

===========================================================================================
----------------- testing Tue Jul 16 06:40:21 UTC 2019 /home/travis/build/icyphy/ptII/ptolemy/actor/lib/test/auto/arrayType4.xml
----------------- Instantiating /home/travis/build/icyphy/ptII/ptolemy/actor/lib/test/auto/arrayType4.xml
2 ms. Memory: 678912K Free: 395292K (58%)
----------------- Invoking toplevel() on ptolemy.moml.MoMLSimpleApplication@3c0700c9
----------------- Done invoking toplevel() on ptolemy.moml.MoMLSimpleApplication@3c0700c9
reloadAllAccessors: .arrayType4

===========================================================================================
----------------- testing Tue Jul 16 06:40:21 UTC 2019 /home/travis/build/icyphy/ptII/ptolemy/actor/lib/test/auto/arrayType5.xml
----------------- Instantiating /home/travis/build/icyphy/ptII/ptolemy/actor/lib/test/auto/arrayType5.xml
2 ms. Memory: 678912K Free: 389662K (57%)
----------------- Invoking toplevel() on ptolemy.moml.MoMLSimpleApplication@d94bcb7
----------------- Done invoking toplevel() on ptolemy.moml.MoMLSimpleApplication@d94bcb7
reloadAllAccessors: .arrayType5

===========================================================================================
----------------- testing Tue Jul 16 06:40:21 UTC 2019 /home/travis/build/icyphy/ptII/ptolemy/actor/lib/test/auto/arrayType6.xml
----------------- Instantiating /home/travis/build/icyphy/ptII/ptolemy/actor/lib/test/auto/arrayType6.xml
2 ms. Memory: 678912K Free: 385052K (57%)
----------------- Invoking toplevel() on ptolemy.moml.MoMLSimpleApplication@2724667b
----------------- Done invoking toplevel() on ptolemy.moml.MoMLSimpleApplication@2724667b
reloadAllAccessors: .arrayType6

===========================================================================================
----------------- testing Tue Jul 16 06:40:22 UTC 2019 /home/travis/build/icyphy/ptII/ptolemy/actor/lib/test/auto/arrayType7.xml
----------------- Instantiating /home/travis/build/icyphy/ptII/ptolemy/actor/lib/test/auto/arrayType7.xml
2 ms. Memory: 678912K Free: 379932K (56%)
----------------- Invoking toplevel() on ptolemy.moml.MoMLSimpleApplication@728322b7
----------------- Done invoking toplevel() on ptolemy.moml.MoMLSimpleApplication@728322b7
reloadAllAccessors: .arrayType7

===========================================================================================
----------------- testing Tue Jul 16 06:40:22 UTC 2019 /home/travis/build/icyphy/ptII/ptolemy/actor/lib/test/auto/arrayType8.xml
----------------- Instantiating /home/travis/build/icyphy/ptII/ptolemy/actor/lib/test/auto/arrayType8.xml
7 ms. Memory: 678912K Free: 375326K (55%)
----------------- Invoking toplevel() on ptolemy.moml.MoMLSimpleApplication@7b8fe9c0
----------------- Done invoking toplevel() on ptolemy.moml.MoMLSimpleApplication@7b8fe9c0
reloadAllAccessors: .arrayType8

===========================================================================================
----------------- testing Tue Jul 16 06:40:22 UTC 2019 /home/travis/build/icyphy/ptII/ptolemy/actor/lib/test/auto/arrayType9.xml
----------------- Instantiating /home/travis/build/icyphy/ptII/ptolemy/actor/lib/test/auto/arrayType9.xml
3 ms. Memory: 678912K Free: 370716K (55%)
----------------- Invoking toplevel() on ptolemy.moml.MoMLSimpleApplication@3a2c4012
----------------- Done invoking toplevel() on ptolemy.moml.MoMLSimpleApplication@3a2c4012
reloadAllAccessors: .arrayType9

===========================================================================================
----------------- testing Tue Jul 16 06:40:22 UTC 2019 /home/travis/build/icyphy/ptII/ptolemy/actor/lib/test/auto/cast.xml
----------------- Instantiating /home/travis/build/icyphy/ptII/ptolemy/actor/lib/test/auto/cast.xml
3 ms. Memory: 678912K Free: 366110K (54%)
----------------- Invoking toplevel() on ptolemy.moml.MoMLSimpleApplication@3cb6feaf
----------------- Done invoking toplevel() on ptolemy.moml.MoMLSimpleApplication@3cb6feaf
reloadAllAccessors: .cast

===========================================================================================
----------------- testing Tue Jul 16 06:40:22 UTC 2019 /home/travis/build/icyphy/ptII/ptolemy/actor/lib/test/auto/compositeMultiPort.xml
----------------- Instantiating /home/travis/build/icyphy/ptII/ptolemy/actor/lib/test/auto/compositeMultiPort.xml
11 ms. Memory: 678912K Free: 356894K (53%)
----------------- Invoking toplevel() on ptolemy.moml.MoMLSimpleApplication@59f9994d
----------------- Done invoking toplevel() on ptolemy.moml.MoMLSimpleApplication@59f9994d
reloadAllAccessors: .compositeMultiPort

===========================================================================================
----------------- testing Tue Jul 16 06:40:22 UTC 2019 /home/travis/build/icyphy/ptII/ptolemy/actor/lib/test/auto/expressionCastInference.xml
----------------- Instantiating /home/travis/build/icyphy/ptII/ptolemy/actor/lib/test/auto/expressionCastInference.xml
3 ms. Memory: 678912K Free: 352284K (52%)
----------------- Invoking toplevel() on ptolemy.moml.MoMLSimpleApplication@27d02b9b
----------------- Done invoking toplevel() on ptolemy.moml.MoMLSimpleApplication@27d02b9b
reloadAllAccessors: .expressionCastInference

===========================================================================================
----------------- testing Tue Jul 16 06:40:22 UTC 2019 /home/travis/build/icyphy/ptII/ptolemy/actor/lib/test/auto/expressionCastInference2.xml
----------------- Instantiating /home/travis/build/icyphy/ptII/ptolemy/actor/lib/test/auto/expressionCastInference2.xml
2 ms. Memory: 678912K Free: 347678K (51%)
----------------- Invoking toplevel() on ptolemy.moml.MoMLSimpleApplication@7f54cba6
----------------- Done invoking toplevel() on ptolemy.moml.MoMLSimpleApplication@7f54cba6
reloadAllAccessors: .expressionCastInference2

===========================================================================================
----------------- testing Tue Jul 16 06:40:22 UTC 2019 /home/travis/build/icyphy/ptII/ptolemy/actor/lib/test/auto/expressionInference.xml
----------------- Instantiating /home/travis/build/icyphy/ptII/ptolemy/actor/lib/test/auto/expressionInference.xml
1 ms. Memory: 678912K Free: 343068K (51%)
----------------- Invoking toplevel() on ptolemy.moml.MoMLSimpleApplication@8e00a61
----------------- Done invoking toplevel() on ptolemy.moml.MoMLSimpleApplication@8e00a61
reloadAllAccessors: .expressionInference

===========================================================================================
----------------- testing Tue Jul 16 06:40:22 UTC 2019 /home/travis/build/icyphy/ptII/ptolemy/actor/lib/test/auto/expression_bug.xml
----------------- Instantiating /home/travis/build/icyphy/ptII/ptolemy/actor/lib/test/auto/expression_bug.xml
1 ms. Memory: 678912K Free: 338972K (50%)
----------------- Invoking toplevel() on ptolemy.moml.MoMLSimpleApplication@65a57480
----------------- Done invoking toplevel() on ptolemy.moml.MoMLSimpleApplication@65a57480
reloadAllAccessors: .expression_bug

===========================================================================================
----------------- testing Tue Jul 16 06:40:22 UTC 2019 /home/travis/build/icyphy/ptII/ptolemy/actor/lib/test/auto/factorial.xml
----------------- Instantiating /home/travis/build/icyphy/ptII/ptolemy/actor/lib/test/auto/factorial.xml
35 ms. Memory: 678912K Free: 330270K (49%)
----------------- Invoking toplevel() on ptolemy.moml.MoMLSimpleApplication@166be3a9
----------------- Done invoking toplevel() on ptolemy.moml.MoMLSimpleApplication@166be3a9
reloadAllAccessors: .factorial

===========================================================================================
----------------- testing Tue Jul 16 06:40:22 UTC 2019 /home/travis/build/icyphy/ptII/ptolemy/actor/lib/test/auto/filterTest1.xml
----------------- Instantiating /home/travis/build/icyphy/ptII/ptolemy/actor/lib/test/auto/filterTest1.xml
3 ms. Memory: 678912K Free: 324126K (48%)
----------------- Invoking toplevel() on ptolemy.moml.MoMLSimpleApplication@67800fa2
----------------- Done invoking toplevel() on ptolemy.moml.MoMLSimpleApplication@67800fa2
reloadAllAccessors: .filterTest1

===========================================================================================
----------------- testing Tue Jul 16 06:40:22 UTC 2019 /home/travis/build/icyphy/ptII/ptolemy/actor/lib/test/auto/funcApplyInConst.xml
----------------- Instantiating /home/travis/build/icyphy/ptII/ptolemy/actor/lib/test/auto/funcApplyInConst.xml
1 ms. Memory: 678912K Free: 320540K (47%)
----------------- Invoking toplevel() on ptolemy.moml.MoMLSimpleApplication@18de67d
----------------- Done invoking toplevel() on ptolemy.moml.MoMLSimpleApplication@18de67d
reloadAllAccessors: .funcApplyInConst

===========================================================================================
----------------- testing Tue Jul 16 06:40:22 UTC 2019 /home/travis/build/icyphy/ptII/ptolemy/actor/lib/test/auto/funcApplyInExpr.xml
----------------- Instantiating /home/travis/build/icyphy/ptII/ptolemy/actor/lib/test/auto/funcApplyInExpr.xml
2 ms. Memory: 678912K Free: 316958K (47%)
----------------- Invoking toplevel() on ptolemy.moml.MoMLSimpleApplication@12c69c35
----------------- Done invoking toplevel() on ptolemy.moml.MoMLSimpleApplication@12c69c35
reloadAllAccessors: .funcApplyInExpr

===========================================================================================
----------------- testing Tue Jul 16 06:40:22 UTC 2019 /home/travis/build/icyphy/ptII/ptolemy/actor/lib/test/auto/function.xml
----------------- Instantiating /home/travis/build/icyphy/ptII/ptolemy/actor/lib/test/auto/function.xml
2 ms. Memory: 678912K Free: 312348K (46%)
----------------- Invoking toplevel() on ptolemy.moml.MoMLSimpleApplication@25a82a50
----------------- Done invoking toplevel() on ptolemy.moml.MoMLSimpleApplication@25a82a50
reloadAllAccessors: .function

===========================================================================================
----------------- testing Tue Jul 16 06:40:22 UTC 2019 /home/travis/build/icyphy/ptII/ptolemy/actor/lib/test/auto/function2.xml
----------------- Instantiating /home/travis/build/icyphy/ptII/ptolemy/actor/lib/test/auto/function2.xml
3 ms. Memory: 678912K Free: 307228K (45%)
----------------- Invoking toplevel() on ptolemy.moml.MoMLSimpleApplication@350dfacd
----------------- Done invoking toplevel() on ptolemy.moml.MoMLSimpleApplication@350dfacd
reloadAllAccessors: .function2

===========================================================================================
----------------- testing Tue Jul 16 06:40:22 UTC 2019 /home/travis/build/icyphy/ptII/ptolemy/actor/lib/test/auto/function3.xml
----------------- Instantiating /home/travis/build/icyphy/ptII/ptolemy/actor/lib/test/auto/function3.xml
1 ms. Memory: 678912K Free: 303646K (45%)
----------------- Invoking toplevel() on ptolemy.moml.MoMLSimpleApplication@d294e53
----------------- Done invoking toplevel() on ptolemy.moml.MoMLSimpleApplication@d294e53
reloadAllAccessors: .function3

===========================================================================================
----------------- testing Tue Jul 16 06:40:22 UTC 2019 /home/travis/build/icyphy/ptII/ptolemy/actor/lib/test/auto/functionClosureTest1.xml
----------------- Instantiating /home/travis/build/icyphy/ptII/ptolemy/actor/lib/test/auto/functionClosureTest1.xml
2 ms. Memory: 678912K Free: 298005K (44%)
----------------- Invoking toplevel() on ptolemy.moml.MoMLSimpleApplication@25e37013
----------------- Done invoking toplevel() on ptolemy.moml.MoMLSimpleApplication@25e37013
reloadAllAccessors: .functionClosureTest1

===========================================================================================
----------------- testing Tue Jul 16 06:40:22 UTC 2019 /home/travis/build/icyphy/ptII/ptolemy/actor/lib/test/auto/functionClosureTest2.xml
----------------- Instantiating /home/travis/build/icyphy/ptII/ptolemy/actor/lib/test/auto/functionClosureTest2.xml
2 ms. Memory: 678912K Free: 293916K (43%)
----------------- Invoking toplevel() on ptolemy.moml.MoMLSimpleApplication@6828016a
----------------- Done invoking toplevel() on ptolemy.moml.MoMLSimpleApplication@6828016a
reloadAllAccessors: .functionClosureTest2

===========================================================================================
----------------- testing Tue Jul 16 06:40:22 UTC 2019 /home/travis/build/icyphy/ptII/ptolemy/actor/lib/test/auto/functionClosureTest3.xml
----------------- Instantiating /home/travis/build/icyphy/ptII/ptolemy/actor/lib/test/auto/functionClosureTest3.xml
4 ms. Memory: 678912K Free: 288781K (43%)
----------------- Invoking toplevel() on ptolemy.moml.MoMLSimpleApplication@40228fa
----------------- Done invoking toplevel() on ptolemy.moml.MoMLSimpleApplication@40228fa
reloadAllAccessors: .functionClosureTest3

===========================================================================================
----------------- testing Tue Jul 16 06:40:22 UTC 2019 /home/travis/build/icyphy/ptII/ptolemy/actor/lib/test/auto/functionClosureTest4.xml
----------------- Instantiating /home/travis/build/icyphy/ptII/ptolemy/actor/lib/test/auto/functionClosureTest4.xml
4 ms. Memory: 678912K Free: 282652K (42%)
----------------- Invoking toplevel() on ptolemy.moml.MoMLSimpleApplication@7d452484
----------------- Done invoking toplevel() on ptolemy.moml.MoMLSimpleApplication@7d452484
reloadAllAccessors: .functionClosureTest4

===========================================================================================
----------------- testing Tue Jul 16 06:40:22 UTC 2019 /home/travis/build/icyphy/ptII/ptolemy/actor/lib/test/auto/functionClosureTest5.xml
----------------- Instantiating /home/travis/build/icyphy/ptII/ptolemy/actor/lib/test/auto/functionClosureTest5.xml
4 ms. Memory: 678912K Free: 277022K (41%)
----------------- Invoking toplevel() on ptolemy.moml.MoMLSimpleApplication@634e0865
----------------- Done invoking toplevel() on ptolemy.moml.MoMLSimpleApplication@634e0865
reloadAllAccessors: .functionClosureTest5

===========================================================================================
----------------- testing Tue Jul 16 06:40:22 UTC 2019 /home/travis/build/icyphy/ptII/ptolemy/actor/lib/test/auto/functionClosureTest6.xml
----------------- Instantiating /home/travis/build/icyphy/ptII/ptolemy/actor/lib/test/auto/functionClosureTest6.xml
3 ms. Memory: 678912K Free: 272397K (40%)
----------------- Invoking toplevel() on ptolemy.moml.MoMLSimpleApplication@46497ab8
----------------- Done invoking toplevel() on ptolemy.moml.MoMLSimpleApplication@46497ab8
reloadAllAccessors: .functionClosureTest6

===========================================================================================
----------------- testing Tue Jul 16 06:40:22 UTC 2019 /home/travis/build/icyphy/ptII/ptolemy/actor/lib/test/auto/functionsOnArcs.xml
----------------- Instantiating /home/travis/build/icyphy/ptII/ptolemy/actor/lib/test/auto/functionsOnArcs.xml
2 ms. Memory: 678912K Free: 266782K (39%)
----------------- Invoking toplevel() on ptolemy.moml.MoMLSimpleApplication@2ae2b4e9
----------------- Done invoking toplevel() on ptolemy.moml.MoMLSimpleApplication@2ae2b4e9
reloadAllAccessors: .functionsOnArcs

===========================================================================================
----------------- testing Tue Jul 16 06:40:22 UTC 2019 /home/travis/build/icyphy/ptII/ptolemy/actor/lib/test/auto/functionsOnArcsHOF.xml
----------------- Instantiating /home/travis/build/icyphy/ptII/ptolemy/actor/lib/test/auto/functionsOnArcsHOF.xml
5 ms. Memory: 678912K Free: 261148K (38%)
----------------- Invoking toplevel() on ptolemy.moml.MoMLSimpleApplication@605250be
----------------- Done invoking toplevel() on ptolemy.moml.MoMLSimpleApplication@605250be
reloadAllAccessors: .functionsOnArcsHOF

===========================================================================================
----------------- testing Tue Jul 16 06:40:22 UTC 2019 /home/travis/build/icyphy/ptII/ptolemy/actor/lib/test/auto/logic.xml
----------------- Instantiating /home/travis/build/icyphy/ptII/ptolemy/actor/lib/test/auto/logic.xml
2 ms. Memory: 678912K Free: 623613K (92%)
----------------- Invoking toplevel() on ptolemy.moml.MoMLSimpleApplication@67240bba
----------------- Done invoking toplevel() on ptolemy.moml.MoMLSimpleApplication@67240bba
reloadAllAccessors: .logic

===========================================================================================
----------------- testing Tue Jul 16 06:40:22 UTC 2019 /home/travis/build/icyphy/ptII/ptolemy/actor/lib/test/auto/matrixType.xml
----------------- Instantiating /home/travis/build/icyphy/ptII/ptolemy/actor/lib/test/auto/matrixType.xml
2 ms. Memory: 678912K Free: 618524K (91%)
----------------- Invoking toplevel() on ptolemy.moml.MoMLSimpleApplication@33c73c2a
----------------- Done invoking toplevel() on ptolemy.moml.MoMLSimpleApplication@33c73c2a
reloadAllAccessors: .matrixType

===========================================================================================
----------------- testing Tue Jul 16 06:40:22 UTC 2019 /home/travis/build/icyphy/ptII/ptolemy/actor/lib/test/auto/matrixType10.xml
----------------- Instantiating /home/travis/build/icyphy/ptII/ptolemy/actor/lib/test/auto/matrixType10.xml
3 ms. Memory: 678912K Free: 613918K (90%)
----------------- Invoking toplevel() on ptolemy.moml.MoMLSimpleApplication@12d7d88b
----------------- Done invoking toplevel() on ptolemy.moml.MoMLSimpleApplication@12d7d88b
reloadAllAccessors: .matrixType10

===========================================================================================
----------------- testing Tue Jul 16 06:40:22 UTC 2019 /home/travis/build/icyphy/ptII/ptolemy/actor/lib/test/auto/matrixType11.xml
----------------- Instantiating /home/travis/build/icyphy/ptII/ptolemy/actor/lib/test/auto/matrixType11.xml
4 ms. Memory: 678912K Free: 608798K (90%)
----------------- Invoking toplevel() on ptolemy.moml.MoMLSimpleApplication@2f337514
----------------- Done invoking toplevel() on ptolemy.moml.MoMLSimpleApplication@2f337514
reloadAllAccessors: .matrixType11

===========================================================================================
----------------- testing Tue Jul 16 06:40:22 UTC 2019 /home/travis/build/icyphy/ptII/ptolemy/actor/lib/test/auto/matrixType12.xml
----------------- Instantiating /home/travis/build/icyphy/ptII/ptolemy/actor/lib/test/auto/matrixType12.xml
3 ms. Memory: 678912K Free: 604188K (89%)
----------------- Invoking toplevel() on ptolemy.moml.MoMLSimpleApplication@1726231d
----------------- Done invoking toplevel() on ptolemy.moml.MoMLSimpleApplication@1726231d
reloadAllAccessors: .matrixType12

===========================================================================================
----------------- testing Tue Jul 16 06:40:22 UTC 2019 /home/travis/build/icyphy/ptII/ptolemy/actor/lib/test/auto/matrixType13.xml
----------------- Instantiating /home/travis/build/icyphy/ptII/ptolemy/actor/lib/test/auto/matrixType13.xml
2 ms. Memory: 678912K Free: 599582K (88%)
----------------- Invoking toplevel() on ptolemy.moml.MoMLSimpleApplication@7370e281
----------------- Done invoking toplevel() on ptolemy.moml.MoMLSimpleApplication@7370e281
reloadAllAccessors: .matrixType13

===========================================================================================
----------------- testing Tue Jul 16 06:40:22 UTC 2019 /home/travis/build/icyphy/ptII/ptolemy/actor/lib/test/auto/matrixType14.xml
----------------- Instantiating /home/travis/build/icyphy/ptII/ptolemy/actor/lib/test/auto/matrixType14.xml
2 ms. Memory: 678912K Free: 593948K (87%)
----------------- Invoking toplevel() on ptolemy.moml.MoMLSimpleApplication@254e6514
----------------- Done invoking toplevel() on ptolemy.moml.MoMLSimpleApplication@254e6514
reloadAllAccessors: .matrixType14

===========================================================================================
----------------- testing Tue Jul 16 06:40:22 UTC 2019 /home/travis/build/icyphy/ptII/ptolemy/actor/lib/test/auto/matrixType2.xml
----------------- Instantiating /home/travis/build/icyphy/ptII/ptolemy/actor/lib/test/auto/matrixType2.xml
1 ms. Memory: 678912K Free: 588828K (87%)
----------------- Invoking toplevel() on ptolemy.moml.MoMLSimpleApplication@4f8cd25d
----------------- Done invoking toplevel() on ptolemy.moml.MoMLSimpleApplication@4f8cd25d
reloadAllAccessors: .matrixType2

===========================================================================================
----------------- testing Tue Jul 16 06:40:22 UTC 2019 /home/travis/build/icyphy/ptII/ptolemy/actor/lib/test/auto/matrixType3.xml
----------------- Instantiating /home/travis/build/icyphy/ptII/ptolemy/actor/lib/test/auto/matrixType3.xml
4 ms. Memory: 678912K Free: 584222K (86%)
----------------- Invoking toplevel() on ptolemy.moml.MoMLSimpleApplication@688f158d
----------------- Done invoking toplevel() on ptolemy.moml.MoMLSimpleApplication@688f158d
reloadAllAccessors: .matrixType3

===========================================================================================
----------------- testing Tue Jul 16 06:40:22 UTC 2019 /home/travis/build/icyphy/ptII/ptolemy/actor/lib/test/auto/matrixType4.xml
----------------- Instantiating /home/travis/build/icyphy/ptII/ptolemy/actor/lib/test/auto/matrixType4.xml
2 ms. Memory: 678912K Free: 579102K (85%)
----------------- Invoking toplevel() on ptolemy.moml.MoMLSimpleApplication@14e56a9f
----------------- Done invoking toplevel() on ptolemy.moml.MoMLSimpleApplication@14e56a9f
reloadAllAccessors: .matrixType4

===========================================================================================
----------------- testing Tue Jul 16 06:40:22 UTC 2019 /home/travis/build/icyphy/ptII/ptolemy/actor/lib/test/auto/matrixType5.xml
----------------- Instantiating /home/travis/build/icyphy/ptII/ptolemy/actor/lib/test/auto/matrixType5.xml
2 ms. Memory: 678912K Free: 574492K (85%)
----------------- Invoking toplevel() on ptolemy.moml.MoMLSimpleApplication@234f674e
----------------- Done invoking toplevel() on ptolemy.moml.MoMLSimpleApplication@234f674e
reloadAllAccessors: .matrixType5

===========================================================================================
----------------- testing Tue Jul 16 06:40:22 UTC 2019 /home/travis/build/icyphy/ptII/ptolemy/actor/lib/test/auto/matrixType6.xml
----------------- Instantiating /home/travis/build/icyphy/ptII/ptolemy/actor/lib/test/auto/matrixType6.xml
1 ms. Memory: 678912K Free: 569372K (84%)
----------------- Invoking toplevel() on ptolemy.moml.MoMLSimpleApplication@16b2b2dd
----------------- Done invoking toplevel() on ptolemy.moml.MoMLSimpleApplication@16b2b2dd
reloadAllAccessors: .matrixType6

===========================================================================================
----------------- testing Tue Jul 16 06:40:22 UTC 2019 /home/travis/build/icyphy/ptII/ptolemy/actor/lib/test/auto/matrixType7.xml
----------------- Instantiating /home/travis/build/icyphy/ptII/ptolemy/actor/lib/test/auto/matrixType7.xml
3 ms. Memory: 678912K Free: 564766K (83%)
----------------- Invoking toplevel() on ptolemy.moml.MoMLSimpleApplication@4303724b
----------------- Done invoking toplevel() on ptolemy.moml.MoMLSimpleApplication@4303724b
reloadAllAccessors: .matrixType7

===========================================================================================
----------------- testing Tue Jul 16 06:40:22 UTC 2019 /home/travis/build/icyphy/ptII/ptolemy/actor/lib/test/auto/matrixType8.xml
----------------- Instantiating /home/travis/build/icyphy/ptII/ptolemy/actor/lib/test/auto/matrixType8.xml
1 ms. Memory: 678912K Free: 560156K (83%)
----------------- Invoking toplevel() on ptolemy.moml.MoMLSimpleApplication@595e031a
----------------- Done invoking toplevel() on ptolemy.moml.MoMLSimpleApplication@595e031a
reloadAllAccessors: .matrixType8

===========================================================================================
----------------- testing Tue Jul 16 06:40:22 UTC 2019 /home/travis/build/icyphy/ptII/ptolemy/actor/lib/test/auto/matrixType9.xml
----------------- Instantiating /home/travis/build/icyphy/ptII/ptolemy/actor/lib/test/auto/matrixType9.xml
1 ms. Memory: 678912K Free: 555036K (82%)
----------------- Invoking toplevel() on ptolemy.moml.MoMLSimpleApplication@7c1fefd3
----------------- Done invoking toplevel() on ptolemy.moml.MoMLSimpleApplication@7c1fefd3
reloadAllAccessors: .matrixType9

===========================================================================================
----------------- testing Tue Jul 16 06:40:23 UTC 2019 /home/travis/build/icyphy/ptII/ptolemy/actor/lib/test/auto/paraFunctest.xml
----------------- Instantiating /home/travis/build/icyphy/ptII/ptolemy/actor/lib/test/auto/paraFunctest.xml
2 ms. Memory: 678912K Free: 551454K (81%)
----------------- Invoking toplevel() on ptolemy.moml.MoMLSimpleApplication@9091165
----------------- Done invoking toplevel() on ptolemy.moml.MoMLSimpleApplication@9091165
reloadAllAccessors: .paraFunctest

===========================================================================================
----------------- testing Tue Jul 16 06:40:23 UTC 2019 /home/travis/build/icyphy/ptII/ptolemy/actor/lib/test/auto/paraFunctest2.xml
----------------- Instantiating /home/travis/build/icyphy/ptII/ptolemy/actor/lib/test/auto/paraFunctest2.xml
2 ms. Memory: 678912K Free: 546844K (81%)
----------------- Invoking toplevel() on ptolemy.moml.MoMLSimpleApplication@74917a8a
----------------- Done invoking toplevel() on ptolemy.moml.MoMLSimpleApplication@74917a8a
reloadAllAccessors: .paraFunctest2

===========================================================================================
----------------- testing Tue Jul 16 06:40:23 UTC 2019 /home/travis/build/icyphy/ptII/ptolemy/actor/lib/test/auto/parameterPassing.xml
----------------- Instantiating /home/travis/build/icyphy/ptII/ptolemy/actor/lib/test/auto/parameterPassing.xml
2 ms. Memory: 678912K Free: 542238K (80%)
----------------- Invoking toplevel() on ptolemy.moml.MoMLSimpleApplication@205f1a96
----------------- Done invoking toplevel() on ptolemy.moml.MoMLSimpleApplication@205f1a96
reloadAllAccessors: .parameterPassing

===========================================================================================
----------------- testing Tue Jul 16 06:40:23 UTC 2019 /home/travis/build/icyphy/ptII/ptolemy/actor/lib/test/auto/record.xml
----------------- Instantiating /home/travis/build/icyphy/ptII/ptolemy/actor/lib/test/auto/record.xml
3 ms. Memory: 678912K Free: 537628K (79%)
----------------- Invoking toplevel() on ptolemy.moml.MoMLSimpleApplication@7e1034cb
----------------- Done invoking toplevel() on ptolemy.moml.MoMLSimpleApplication@7e1034cb
reloadAllAccessors: .record

===========================================================================================
----------------- testing Tue Jul 16 06:40:23 UTC 2019 /home/travis/build/icyphy/ptII/ptolemy/actor/lib/test/auto/sizedarray1.xml
----------------- Instantiating /home/travis/build/icyphy/ptII/ptolemy/actor/lib/test/auto/sizedarray1.xml
1 ms. Memory: 678912K Free: 531998K (78%)
----------------- Invoking toplevel() on ptolemy.moml.MoMLSimpleApplication@6c72839e
----------------- Done invoking toplevel() on ptolemy.moml.MoMLSimpleApplication@6c72839e
reloadAllAccessors: .sizedarray1

===========================================================================================
----------------- testing Tue Jul 16 06:40:23 UTC 2019 /home/travis/build/icyphy/ptII/ptolemy/actor/lib/test/auto/sizedarray2.xml
----------------- Instantiating /home/travis/build/icyphy/ptII/ptolemy/actor/lib/test/auto/sizedarray2.xml
3 ms. Memory: 678912K Free: 526878K (78%)
----------------- Invoking toplevel() on ptolemy.moml.MoMLSimpleApplication@2a8f2231
----------------- Done invoking toplevel() on ptolemy.moml.MoMLSimpleApplication@2a8f2231
reloadAllAccessors: .sizedarray2

===========================================================================================
----------------- testing Tue Jul 16 06:40:23 UTC 2019 /home/travis/build/icyphy/ptII/ptolemy/actor/lib/test/auto/twoPublishers.xml
----------------- Instantiating /home/travis/build/icyphy/ptII/ptolemy/actor/lib/test/auto/twoPublishers.xml
7 ms. Memory: 678912K Free: 516638K (76%)
----------------- Invoking toplevel() on ptolemy.moml.MoMLSimpleApplication@7a3fe6c8
----------------- Done invoking toplevel() on ptolemy.moml.MoMLSimpleApplication@7a3fe6c8
reloadAllAccessors: .twoPublishers
AutoTests.java: About to close Vertx.
AutoTests.java: Vertx closed.
]]></system-out>
  <system-err><![CDATA[java.lang.RuntimeException: Execution failed
	at ptolemy.moml.MoMLSimpleApplication$UnloadThread.run(MoMLSimpleApplication.java:402)
Caused by: java.lang.RuntimeException: StringUtilities.exit() was called. Normally, we would exit here because Manager.exitAfterWrapup() was called.  However, because the ptolemy.ptII.exitAfterWrapup property is set, we throw this exception instead.
	at ptolemy.util.StringUtilities.exit(StringUtilities.java:363)
	at ptolemy.actor.Manager.wrapup(Manager.java:1549)
	at ptolemy.actor.Manager.execute(Manager.java:407)
	at ptolemy.actor.Manager.run(Manager.java:1263)
	at ptolemy.actor.Manager$PtolemyRunThread.run(Manager.java:1933)
Warning: '.top.test' is in training mode, set the trainingMode parameter to false before checking in
Warning: '.top.test' is in training mode, set the trainingMode parameter to false before checking in
Warning: '.top.test' is in training mode, set the trainingMode parameter to false before checking in
Warning: '.BooleanSwitch_RegressionTest_WrongTrainingValues.Test' is in training mode, set the trainingMode parameter to false before checking in
Warning: '.BooleanSwitch_RegressionTest_WrongTrainingValues.Test2' is in training mode, set the trainingMode parameter to false before checking in
Warning: '.BooleanSwitch_RegressionTest_WrongTrainingValues.Test2' The test produced 0 tokens.
Warning: '.top.testExceptionHandler' is in training mode, set the trainingMode parameter to false before checking in
java.lang.RuntimeException: Execution failed
	at ptolemy.moml.MoMLSimpleApplication$UnloadThread.run(MoMLSimpleApplication.java:402)
Caused by: ptolemy.kernel.util.IllegalActionException: PublisherPorts cannot be used at the top level, use a Publisher actor instead.
  in .PublisherPortToplevelSubscriber.PublisherPort
	at ptolemy.actor.PublisherPort.preinitialize(PublisherPort.java:403)
	at ptolemy.actor.CompositeActor.preinitialize(CompositeActor.java:1769)
	at ptolemy.actor.Manager.preinitializeAndResolveTypes(Manager.java:1040)
	at ptolemy.actor.Manager.initialize(Manager.java:710)
	at ptolemy.actor.Manager.execute(Manager.java:356)
	at ptolemy.actor.Manager.run(Manager.java:1263)
	at ptolemy.actor.Manager$PtolemyRunThread.run(Manager.java:1933)
java.lang.reflect.InvocationTargetException
	at java.base/jdk.internal.reflect.NativeConstructorAccessorImpl.newInstance0(Native Method)
	at java.base/jdk.internal.reflect.NativeConstructorAccessorImpl.newInstance(NativeConstructorAccessorImpl.java:62)
	at java.base/jdk.internal.reflect.DelegatingConstructorAccessorImpl.newInstance(DelegatingConstructorAccessorImpl.java:45)
	at java.base/java.lang.reflect.Constructor.newInstance(Constructor.java:490)
	at ptolemy.util.test.junit.AutoKnownFailedTests.RunModel(AutoKnownFailedTests.java:105)
	at java.base/jdk.internal.reflect.NativeMethodAccessorImpl.invoke0(Native Method)
	at java.base/jdk.internal.reflect.NativeMethodAccessorImpl.invoke(NativeMethodAccessorImpl.java:62)
	at java.base/jdk.internal.reflect.DelegatingMethodAccessorImpl.invoke(DelegatingMethodAccessorImpl.java:43)
	at java.base/java.lang.reflect.Method.invoke(Method.java:566)
	at org.junit.runners.model.FrameworkMethod$1.runReflectiveCall(FrameworkMethod.java:44)
	at org.junit.internal.runners.model.ReflectiveCallable.run(ReflectiveCallable.java:15)
	at org.junit.runners.model.FrameworkMethod.invokeExplosively(FrameworkMethod.java:41)
	at junitparams.internal.InvokeParameterisedMethod.evaluate(InvokeParameterisedMethod.java:102)
	at org.junit.internal.runners.statements.FailOnTimeout$1.run(FailOnTimeout.java:28)
Caused by: ptolemy.kernel.util.IllegalActionException: PublisherPorts cannot be used at the top level, use a Publisher actor instead.
  in .PublisherPortToplevelSubscriber.PublisherPort
	at ptolemy.actor.PublisherPort.preinitialize(PublisherPort.java:403)
	at ptolemy.actor.CompositeActor.preinitialize(CompositeActor.java:1769)
	at ptolemy.actor.Manager.preinitializeAndResolveTypes(Manager.java:1040)
	at ptolemy.actor.Manager.initialize(Manager.java:710)
	at ptolemy.actor.Manager.execute(Manager.java:356)
	at ptolemy.actor.Manager.run(Manager.java:1263)
	at ptolemy.actor.Manager$PtolemyRunThread.run(Manager.java:1933)
java.lang.RuntimeException: Execution failed
	at ptolemy.moml.MoMLSimpleApplication$UnloadThread.run(MoMLSimpleApplication.java:402)
Caused by: ptolemy.kernel.util.IllegalActionException: SubscriberPorts cannot be used at the top level, use a Subscriber actor instead.
  in .PublisherSubscriberPortToplevel.SubscriberPort
	at ptolemy.actor.SubscriberPort.preinitialize(SubscriberPort.java:328)
	at ptolemy.actor.CompositeActor.preinitialize(CompositeActor.java:1769)
	at ptolemy.actor.Manager.preinitializeAndResolveTypes(Manager.java:1040)
	at ptolemy.actor.Manager.initialize(Manager.java:710)
	at ptolemy.actor.Manager.execute(Manager.java:356)
	at ptolemy.actor.Manager.run(Manager.java:1263)
	at ptolemy.actor.Manager$PtolemyRunThread.run(Manager.java:1933)
java.lang.reflect.InvocationTargetException
	at java.base/jdk.internal.reflect.NativeConstructorAccessorImpl.newInstance0(Native Method)
	at java.base/jdk.internal.reflect.NativeConstructorAccessorImpl.newInstance(NativeConstructorAccessorImpl.java:62)
	at java.base/jdk.internal.reflect.DelegatingConstructorAccessorImpl.newInstance(DelegatingConstructorAccessorImpl.java:45)
	at java.base/java.lang.reflect.Constructor.newInstance(Constructor.java:490)
	at ptolemy.util.test.junit.AutoKnownFailedTests.RunModel(AutoKnownFailedTests.java:105)
	at java.base/jdk.internal.reflect.NativeMethodAccessorImpl.invoke0(Native Method)
	at java.base/jdk.internal.reflect.NativeMethodAccessorImpl.invoke(NativeMethodAccessorImpl.java:62)
	at java.base/jdk.internal.reflect.DelegatingMethodAccessorImpl.invoke(DelegatingMethodAccessorImpl.java:43)
	at java.base/java.lang.reflect.Method.invoke(Method.java:566)
	at org.junit.runners.model.FrameworkMethod$1.runReflectiveCall(FrameworkMethod.java:44)
	at org.junit.internal.runners.model.ReflectiveCallable.run(ReflectiveCallable.java:15)
	at org.junit.runners.model.FrameworkMethod.invokeExplosively(FrameworkMethod.java:41)
	at junitparams.internal.InvokeParameterisedMethod.evaluate(InvokeParameterisedMethod.java:102)
	at org.junit.internal.runners.statements.FailOnTimeout$1.run(FailOnTimeout.java:28)
Caused by: ptolemy.kernel.util.IllegalActionException: SubscriberPorts cannot be used at the top level, use a Subscriber actor instead.
  in .PublisherSubscriberPortToplevel.SubscriberPort
	at ptolemy.actor.SubscriberPort.preinitialize(SubscriberPort.java:328)
	at ptolemy.actor.CompositeActor.preinitialize(CompositeActor.java:1769)
	at ptolemy.actor.Manager.preinitializeAndResolveTypes(Manager.java:1040)
	at ptolemy.actor.Manager.initialize(Manager.java:710)
	at ptolemy.actor.Manager.execute(Manager.java:356)
	at ptolemy.actor.Manager.run(Manager.java:1263)
	at ptolemy.actor.Manager$PtolemyRunThread.run(Manager.java:1933)
java.lang.RuntimeException: Execution failed
	at ptolemy.moml.MoMLSimpleApplication$UnloadThread.run(MoMLSimpleApplication.java:402)
Caused by: ptolemy.kernel.util.IllegalActionException: SubscriptionAggregatorPorts cannot be used at the top level, use a SubscriptionAggregator actor instead.
  in .PublisherSubscriptionAggregatorPort.SubscriptionAggregatorPort
	at ptolemy.actor.SubscriptionAggregatorPort.preinitialize(SubscriptionAggregatorPort.java:353)
	at ptolemy.actor.CompositeActor.preinitialize(CompositeActor.java:1769)
	at ptolemy.actor.Manager.preinitializeAndResolveTypes(Manager.java:1040)
	at ptolemy.actor.Manager.initialize(Manager.java:710)
	at ptolemy.actor.Manager.execute(Manager.java:356)
	at ptolemy.actor.Manager.run(Manager.java:1263)
	at ptolemy.actor.Manager$PtolemyRunThread.run(Manager.java:1933)
java.lang.reflect.InvocationTargetException
	at java.base/jdk.internal.reflect.NativeConstructorAccessorImpl.newInstance0(Native Method)
	at java.base/jdk.internal.reflect.NativeConstructorAccessorImpl.newInstance(NativeConstructorAccessorImpl.java:62)
	at java.base/jdk.internal.reflect.DelegatingConstructorAccessorImpl.newInstance(DelegatingConstructorAccessorImpl.java:45)
	at java.base/java.lang.reflect.Constructor.newInstance(Constructor.java:490)
	at ptolemy.util.test.junit.AutoKnownFailedTests.RunModel(AutoKnownFailedTests.java:105)
	at java.base/jdk.internal.reflect.NativeMethodAccessorImpl.invoke0(Native Method)
	at java.base/jdk.internal.reflect.NativeMethodAccessorImpl.invoke(NativeMethodAccessorImpl.java:62)
	at java.base/jdk.internal.reflect.DelegatingMethodAccessorImpl.invoke(DelegatingMethodAccessorImpl.java:43)
	at java.base/java.lang.reflect.Method.invoke(Method.java:566)
	at org.junit.runners.model.FrameworkMethod$1.runReflectiveCall(FrameworkMethod.java:44)
	at org.junit.internal.runners.model.ReflectiveCallable.run(ReflectiveCallable.java:15)
	at org.junit.runners.model.FrameworkMethod.invokeExplosively(FrameworkMethod.java:41)
	at junitparams.internal.InvokeParameterisedMethod.evaluate(InvokeParameterisedMethod.java:102)
	at org.junit.internal.runners.statements.FailOnTimeout$1.run(FailOnTimeout.java:28)
Caused by: ptolemy.kernel.util.IllegalActionException: SubscriptionAggregatorPorts cannot be used at the top level, use a SubscriptionAggregator actor instead.
  in .PublisherSubscriptionAggregatorPort.SubscriptionAggregatorPort
	at ptolemy.actor.SubscriptionAggregatorPort.preinitialize(SubscriptionAggregatorPort.java:353)
	at ptolemy.actor.CompositeActor.preinitialize(CompositeActor.java:1769)
	at ptolemy.actor.Manager.preinitializeAndResolveTypes(Manager.java:1040)
	at ptolemy.actor.Manager.initialize(Manager.java:710)
	at ptolemy.actor.Manager.execute(Manager.java:356)
	at ptolemy.actor.Manager.run(Manager.java:1263)
	at ptolemy.actor.Manager$PtolemyRunThread.run(Manager.java:1933)
java.lang.RuntimeException: Execution failed
	at ptolemy.moml.MoMLSimpleApplication$UnloadThread.run(MoMLSimpleApplication.java:402)
Caused by: ptolemy.kernel.util.IllegalActionException: TypeTest actor has no training data.
  in .sizedarray3.TypeTest
	at ptolemy.actor.lib.TypeTest.initialize(TypeTest.java:250)
	at ptolemy.actor.Director.initialize(Director.java:938)
	at ptolemy.actor.Director.initialize(Director.java:907)
	at ptolemy.actor.sched.StaticSchedulingDirector.initialize(StaticSchedulingDirector.java:159)
	at ptolemy.domains.sdf.kernel.SDFDirector.initialize(SDFDirector.java:544)
	at ptolemy.actor.CompositeActor.initialize(CompositeActor.java:935)
	at ptolemy.actor.Manager.initialize(Manager.java:724)
	at ptolemy.actor.Manager.execute(Manager.java:356)
	at ptolemy.actor.Manager.run(Manager.java:1263)
	at ptolemy.actor.Manager$PtolemyRunThread.run(Manager.java:1933)
java.lang.reflect.InvocationTargetException
	at java.base/jdk.internal.reflect.NativeConstructorAccessorImpl.newInstance0(Native Method)
	at java.base/jdk.internal.reflect.NativeConstructorAccessorImpl.newInstance(NativeConstructorAccessorImpl.java:62)
	at java.base/jdk.internal.reflect.DelegatingConstructorAccessorImpl.newInstance(DelegatingConstructorAccessorImpl.java:45)
	at java.base/java.lang.reflect.Constructor.newInstance(Constructor.java:490)
	at ptolemy.util.test.junit.AutoKnownFailedTests.RunModel(AutoKnownFailedTests.java:105)
	at java.base/jdk.internal.reflect.NativeMethodAccessorImpl.invoke0(Native Method)
	at java.base/jdk.internal.reflect.NativeMethodAccessorImpl.invoke(NativeMethodAccessorImpl.java:62)
	at java.base/jdk.internal.reflect.DelegatingMethodAccessorImpl.invoke(DelegatingMethodAccessorImpl.java:43)
	at java.base/java.lang.reflect.Method.invoke(Method.java:566)
	at org.junit.runners.model.FrameworkMethod$1.runReflectiveCall(FrameworkMethod.java:44)
	at org.junit.internal.runners.model.ReflectiveCallable.run(ReflectiveCallable.java:15)
	at org.junit.runners.model.FrameworkMethod.invokeExplosively(FrameworkMethod.java:41)
	at junitparams.internal.InvokeParameterisedMethod.evaluate(InvokeParameterisedMethod.java:102)
	at org.junit.internal.runners.statements.FailOnTimeout$1.run(FailOnTimeout.java:28)
Caused by: ptolemy.kernel.util.IllegalActionException: TypeTest actor has no training data.
  in .sizedarray3.TypeTest
	at ptolemy.actor.lib.TypeTest.initialize(TypeTest.java:250)
	at ptolemy.actor.Director.initialize(Director.java:938)
	at ptolemy.actor.Director.initialize(Director.java:907)
	at ptolemy.actor.sched.StaticSchedulingDirector.initialize(StaticSchedulingDirector.java:159)
	at ptolemy.domains.sdf.kernel.SDFDirector.initialize(SDFDirector.java:544)
	at ptolemy.actor.CompositeActor.initialize(CompositeActor.java:935)
	at ptolemy.actor.Manager.initialize(Manager.java:724)
	at ptolemy.actor.Manager.execute(Manager.java:356)
	at ptolemy.actor.Manager.run(Manager.java:1263)
	at ptolemy.actor.Manager$PtolemyRunThread.run(Manager.java:1933)
java.lang.RuntimeException: Execution failed
	at ptolemy.moml.MoMLSimpleApplication$UnloadThread.run(MoMLSimpleApplication.java:402)
Caused by: ptolemy.kernel.util.IllegalActionException: Test fails in iteration 0.
Value was: 6001L. Should have been: 6000L
  in .ExecutionTimeSDF.NonStrictTest
	at ptolemy.actor.lib.NonStrictTest.postfire(NonStrictTest.java:328)
	at ptolemy.actor.AtomicActor.iterate(AtomicActor.java:518)
	at ptolemy.actor.sched.StaticSchedulingDirector.fire(StaticSchedulingDirector.java:216)
	at ptolemy.domains.sdf.kernel.SDFDirector.fire(SDFDirector.java:500)
	at ptolemy.actor.CompositeActor.fire(CompositeActor.java:455)
	at ptolemy.actor.Manager.iterate(Manager.java:851)
	at ptolemy.actor.Manager.execute(Manager.java:369)
	at ptolemy.actor.Manager.run(Manager.java:1263)
	at ptolemy.actor.Manager$PtolemyRunThread.run(Manager.java:1933)
]]></system-err>
</testsuite>
