<?xml version="1.0" encoding="UTF-8" ?>
<testsuite errors="0" failures="0" hostname="travis-job-62b43b59-790f-4841-a9c5-3068817b8681" name="ptolemy.domains.de.test.junit.JUnitTclTest" skipped="0" tests="101" time="129.519" timestamp="2019-01-30T15:57:33">
  <properties>
    <property name="npm.executable" value="npm" />
    <property name="file.encoding.pkg" value="sun.io" />
    <property name="env.TRAVIS_ROOT" value="/" />
    <property name="ptII.mk.exists" value="true" />
    <property name="env.TRAVIS_APP_HOST" value="build.travis-ci.org" />
    <property name="env.rvm_bin_path" value="/home/travis/.rvm/bin" />
    <property name="java.home" value="/usr/lib/jvm/java-8-oracle/jre" />
    <property name="env.TRAVIS_JOB_NUMBER" value="983.9" />
    <property name="env.TRAVIS_HOME" value="/home/travis" />
    <property name="env.DISPLAY" value=":99.0" />
    <property name="java.net.preferIPv4Stack" value="true" />
    <property name="env.TRAVIS_INIT" value="upstart" />
    <property name="env.SSH_TTY" value="/dev/pts/0" />
    <property name="env.RUN_TESTS" value="true" />
    <property name="timeout.short" value="1000000" />
    <property name="env.TRAVIS_JOB_NAME" value="" />
    <property name="env.TRAVIS_STACK_NODE_ATTRIBUTES" value="/.node-attributes.yml" />
    <property name="junit.formatter" value="xml" />
    <property name="java.endorsed.dirs" value="/usr/lib/jvm/java-8-oracle/jre/lib/endorsed" />
    <property name="env.TRAVIS_SUDO" value="true" />
    <property name="env.LOGNAME" value="travis" />
    <property name="jsdoc.home" value="node_modules/@terraswarm/jsdoc" />
    <property name="debuglevel" value="source,lines,vars" />
    <property name="checkstyle.formatter" value="xml" />
    <property name="bin.vergil.makeable" value="true" />
    <property name="env._system_version" value="14.04" />
    <property name="sun.os.patch.level" value="unknown" />
    <property name="java.vendor.url" value="http://java.oracle.com/" />
    <property name="env.TRAVIS_BUILD_WEB_URL" value="https://travis-ci.org/icyphy/ptII/builds/486473173" />
    <property name="java.version" value="1.8.0_151" />
    <property name="env.TZ" value="UTC" />
    <property name="env.PT_NO_NET" value="true" />
    <property name="env.TRAVIS_PULL_REQUEST_SHA" value="" />
    <property name="env.TRAVIS_SECURE_ENV_VARS" value="true" />
    <property name="env._system_type" value="Linux" />
    <property name="java.vendor.url.bug" value="http://bugreport.sun.com/bugreport/" />
    <property name="env.SSH_CLIENT" value="10.10.4.104 54036 22" />
    <property name="npmjs-org-is-up" value="true" />
    <property name="env.GEM_HOME" value="/home/travis/.rvm/gems/ruby-2.4.1" />
    <property name="env.HAS_ANTARES_THREE_LITTLE_FRONZIES_BADGE" value="true" />
    <property name="env.PS4" value="+" />
    <property name="ant.project.invoked-targets" value="build,test.core2.xml" />
    <property name="env.TRAVIS_PULL_REQUEST_BRANCH" value="" />
    <property name="env.TRAVIS_REPO_SLUG" value="icyphy/ptII" />
    <property name="env.TRAVIS_APT_PROXY" value="http://build-cache.travisci.net" />
    <property name="node.in.path" value="true" />
    <property name="java.maxmemory" value="1400m" />
    <property name="env.RUBY_VERSION" value="ruby-2.4.1" />
    <property name="user.name" value="travis" />
    <property name="env.LANG" value="en_US.UTF-8" />
    <property name="sun.io.unicode.encoding" value="UnicodeLittle" />
    <property name="sun.jnu.encoding" value="UTF-8" />
    <property name="java.runtime.name" value="Java(TM) SE Runtime Environment" />
    <property name="usefile" value="false" />
    <property name="return.code" value="0" />
    <property name="junit.single.formatter" value="plain" />
    <property name="env.DYLD_LIBRARY_PATH" value="/home/travis/pthla/certi-tools/lib:" />
    <property name="env.DEBIAN_FRONTEND" value="noninteractive" />
    <property name="env.SSH_CONNECTION" value="10.10.4.104 54036 10.20.5.96 22" />
    <property name="env.MYSQL_UNIX_PORT" value="/var/run/mysqld/mysqld.sock" />
    <property name="env.TRAVIS_ALLOW_FAILURE" value="false" />
    <property name="env.LC_ALL" value="en_US.UTF-8" />
    <property name="env.TRAVIS_JOB_WEB_URL" value="https://travis-ci.org/icyphy/ptII/jobs/486473191" />
    <property name="java.specification.name" value="Java Platform API Specification" />
    <property name="node.works" value="true" />
    <property name="user.timezone" value="" />
    <property name="path.separator" value=":" />
    <property name="env.TRAVIS_ENABLE_INFRA_DETECTION" value="true" />
    <property name="env.PYTHON_CFLAGS" value="-g -fstack-protector --param=ssp-buffer-size=4 -Wformat -Werror=format-security" />
    <property name="timeout.long" value="4000000" />
    <property name="env.CERTI_HOME" value="/home/travis/pthla/certi-tools" />
    <property name="file.encoding" value="UTF-8" />
    <property name="ant.file.ptII" value="/home/travis/build/icyphy/ptII/build.xml" />
    <property name="javadoc.packagenames" value="com.*,diva.*,lbnl.*,org.hlacerti.*,org.json.*,org.ptolemy.*,org.terraswarm.*,ptolemy.*,ptserver.*" />
    <property name="env.TRAVIS_PULL_REQUEST_SLUG" value="" />
    <property name="ant.project.default-target" value="build" />
    <property name="env.GIT_ASKPASS" value="echo" />
    <property name="env.HOME" value="/home/travis" />
    <property name="sun.java.command" value="org.apache.tools.ant.taskdefs.optional.junit.JUnitTestRunner ptolemy.domains.de.test.junit.JUnitTclTest skipNonTests=false filtertrace=true haltOnError=false haltOnFailure=false formatter=org.apache.tools.ant.taskdefs.optional.junit.OutErrSummaryJUnitResultFormatter showoutput=true outputtoformatters=true logfailedtests=true threadid=0 logtestlistenerevents=false formatter=org.apache.tools.ant.taskdefs.optional.junit.XMLJUnitResultFormatter,/home/travis/build/icyphy/ptII/reports/junit/TEST-ptolemy.domains.de.test.junit.JUnitTclTest.xml crashfile=/home/travis/build/icyphy/ptII/junitvmwatcher5267945496435136834.properties propsfile=/home/travis/build/icyphy/ptII/junit2188154537563139768.properties" />
    <property name="env.MANPATH" value="/home/travis/.nvm/versions/node/v7.10.1/share/man:/home/travis/.kiex/elixirs/elixir-1.4.5/man:/home/travis/.rvm/rubies/ruby-2.4.1/share/man:/usr/local/man:/usr/local/cmake-3.9.2/man:/usr/local/clang-5.0.0/share/man:/usr/local/share/man:/usr/share/man:/home/travis/.rvm/man" />
    <property name="env.COMPOSER_NO_INTERACTION" value="1" />
    <property name="env.JDK_SWITCHER_DEFAULT" value="oraclejdk8" />
    <property name="env.TRAVIS_TIMER_ID" value="05fded90" />
    <property name="ant.file" value="/home/travis/build/icyphy/ptII/build.xml" />
    <property name="env.TRAVIS_COMMIT_RANGE" value="f3f2305f4b53...128e79ecef90" />
    <property name="env._system_name" value="Ubuntu" />
    <property name="timeout" value="2400000" />
    <property name="ptII.classpath.optional.property" value="/home/travis/build/icyphy/ptII/lib/bsh-2.0b4.jar:/home/travis/build/icyphy/ptII/lib/ptCal.jar:/home/travis/build/icyphy/ptII/lib/java_cup.jar:/home/travis/build/icyphy/ptII/lib/saxon8.jar:/home/travis/build/icyphy/ptII/lib/saxon8-dom.jar:/home/travis/build/icyphy/ptII/lib/chic.jar:/home/travis/build/icyphy/ptII/lib/ptcolt.jar:/usr/lib/jvm/java-8-oracle/lib/tools.jar:/home/travis/build/icyphy/ptII/vendors/misc/itext/iText.jar:/home/travis/build/icyphy/ptII/lib/g4ltl.jar:/home/travis/build/icyphy/ptII/lib/StructuralCoder.jar:/home/travis/build/icyphy/ptII/vendors/jai-1_1_2_01/lib/jai_core.jar:/home/travis/build/icyphy/ptII/vendors/jai-1_1_2_01/lib/jai_codec.jar:/home/travis/build/icyphy/ptII/lib/jcerti.jar:/home/travis/build/icyphy/ptII/lib/javax.mail.jar:/home/travis/build/icyphy/ptII/vendors/JMF-2.1.1e/lib/jmf.jar:/home/travis/build/icyphy/ptII/lib/jna-4.0.0-variadic.jar:/home/travis/build/icyphy/ptII/vendors/misc/joystick/Joystick.jar:/home/travis/build/icyphy/ptII/lib/ptjacl.jar:/home/travis/build/icyphy/ptII/lib/jsoup-1.8.2.jar:/home/travis/build/icyphy/ptII/lib/junit-4.8.2.jar:/home/travis/build/icyphy/ptII/lib/JUnitParams-0.4.0.jar:/home/travis/build/icyphy/ptII/ptolemy/actor/lib/excel/jxl.jar:/home/travis/build/icyphy/ptII/lib/jython.jar:/home/travis/build/icyphy/ptII/lib/kieler.jar:/home/travis/build/icyphy/ptII/vendors/opencv/share/OpenCV/java/opencv-341.jar:/home/travis/build/icyphy/ptII/lib/oscP5.jar:/home/travis/build/icyphy/ptII/lib/nrjavaserial-3.11.0.devel.jar:/home/travis/build/icyphy/ptII/vendors/j3d/lib/j3dcore.jar:/home/travis/build/icyphy/ptII/vendors/j3d/lib/j3dutils.jar:/home/travis/build/icyphy/ptII/vendors/j3d/lib/vecmath.jar:/home/travis/build/icyphy/ptII/ptolemy/distributed/jini/jar/jini-core.jar:/home/travis/build/icyphy/ptII/ptolemy/distributed/jini/jar/jini-ext.jar:/home/travis/build/icyphy/ptII/ptolemy/distributed/jini/jar/sun-util.jar:/home/travis/build/icyphy/ptII/lib/protobuf-java-2.4.1.jar:/home/travis/build/icyphy/ptII/lib/org.eclipse.paho.client.mqttv3.jar:/home/travis/build/icyphy/ptII/lib/mapss.jar:/home/travis/build/icyphy/ptII/ptolemy/actor/ptalon/antlr/antlr.jar:/home/travis/build/icyphy/ptII/lib/JRI.jar:/home/travis/build/icyphy/ptII/lib/commons-lang-2.6.jar:/home/travis/build/icyphy/ptII/lib/commons-logging-1.1.1.jar:/home/travis/build/icyphy/ptII/lib/sootclasses.jar:/home/travis/build/icyphy/ptII/ptolemy/actor/lib/database/mysql-connector-java-5.1.6-bin.jar:/home/travis/build/icyphy/ptII/vendors/misc/sphinx4/sphinx4-data-5prealpha.jar:/home/travis/build/icyphy/ptII/vendors/misc/sphinx4/sphinx4-core-5prealpha.jar:/home/travis/build/icyphy/ptII/lib/PDFRenderer.jar:/home/travis/build/icyphy/ptII/lib/svgSalamander.jar:/home/travis/build/icyphy/ptII/lib/rsyntaxtextarea-2.6.0-SNAPSHOT.jar:/home/travis/build/icyphy/ptII/lib/hazelcast-3.8.2.jar:/home/travis/build/icyphy/ptII/lib/jackson-annotations-2.9.0.jar:/home/travis/build/icyphy/ptII/lib/jackson-core-2.9.3.jar:/home/travis/build/icyphy/ptII/lib/jackson-databind-2.9.3.jar:/home/travis/build/icyphy/ptII/lib/netty-buffer-4.1.19.Final.jar:/home/travis/build/icyphy/ptII/lib/netty-codec-4.1.19.Final.jar:/home/travis/build/icyphy/ptII/lib/netty-codec-dns-4.1.19.Final.jar:/home/travis/build/icyphy/ptII/lib/netty-codec-http-4.1.19.Final.jar:/home/travis/build/icyphy/ptII/lib/netty-codec-http2-4.1.19.Final.jar:/home/travis/build/icyphy/ptII/lib/netty-common-4.1.19.Final.jar:/home/travis/build/icyphy/ptII/lib/netty-handler-4.1.19.Final.jar:/home/travis/build/icyphy/ptII/lib/netty-resolver-4.1.19.Final.jar:/home/travis/build/icyphy/ptII/lib/netty-resolver-dns-4.1.19.Final.jar:/home/travis/build/icyphy/ptII/lib/netty-transport-4.1.19.Final.jar:/home/travis/build/icyphy/ptII/lib/vertx-codegen-3.5.1.jar:/home/travis/build/icyphy/ptII/lib/vertx-core-3.5.2-SNAPSHOT.jar:/home/travis/build/icyphy/ptII/lib/vertx-hazelcast-3.5.1.jar:/home/travis/build/icyphy/ptII/lib/vertx-lang-js-3.5.1.jar:/home/travis/build/icyphy/ptII/lib/vertx-service-proxy-3.5.1.jar:/home/travis/build/icyphy/ptII/lib/vertx-web-3.5.1.jar:/home/travis/build/icyphy/ptII/lib/slf4j-api-1.7.13.jar:/home/travis/build/icyphy/ptII/lib/slf4j-simple-1.7.13.jar:/home/travis/build/icyphy/ptII/lib/webcam-capture-0.3.12.jar:/home/travis/build/icyphy/ptII/lib/bridj-0.7.0.jar:/home/travis/build/icyphy/ptII/lib/xbjlib-1.1.0.nrjavaserial.jar" />
    <property name="test.batch" value="**/junit/*.java" />
    <property name="env._" value="/usr/bin/timeout" />
    <property name="java.io.tmpdir" value="/tmp" />
    <property name="env.TRAVIS_INTERNAL_RUBY_REGEX" value="^ruby-(2\.[0-4]\.[0-9]|1\.9\.3)" />
    <property name="user.language" value="en" />
    <property name="env.HISTCONTROL" value="ignoredups:ignorespace" />
    <property name="env.GOROOT" value="/home/travis/.gimme/versions/go1.7.4.linux.amd64" />
    <property name="line.separator" value="&#xa;" />
    <property name="target" value="1.8" />
    <property name="env.TRAVIS_BUILD_DIR" value="/home/travis/build/icyphy/ptII" />
    <property name="env.ANT_OPTS" value="-Xmx2048m" />
    <property name="ant.file.type" value="file" />
    <property name="ptolemy.ptII.batchMode" value="true" />
    <property name="env.HISTSIZE" value="1000" />
    <property name="env.MERB_ENV" value="test" />
    <property name="java.vm.info" value="mixed mode" />
    <property name="source" value="1.8" />
    <property name="java.vm.specification.name" value="Java Virtual Machine Specification" />
    <property name="env.TRAVIS_TEST_RESULT" value="0" />
    <property name="jsdoc.command" value="node_modules/@terraswarm/jsdoc/jsdoc.js" />
    <property name="npm.works" value="true" />
    <property name="cobertura.dir" value="/home/travis/build/icyphy/ptII/vendors/cobertura-2.0.3" />
    <property name="env.rvm_path" value="/home/travis/.rvm" />
    <property name="env.GEM_PATH" value="/home/travis/.rvm/gems/ruby-2.4.1:/home/travis/.rvm/gems/ruby-2.4.1@global" />
    <property name="env.LC_CTYPE" value="en_US.UTF-8" />
    <property name="java.awt.printerjob" value="sun.print.PSPrinterJob" />
    <property name="env.TRAVIS_CMD" value="$PTII/bin/ptIITravisBuild.sh $SECONDS" />
    <property name="env.TRAVIS_STACK_NAME" value="garnet" />
    <property name="env.TRAVIS_TIMER_START_TIME" value="1548863338979539458" />
    <property name="ant.version" value="Apache Ant(TM) version 1.10.1 compiled on February 2 2017" />
    <property name="ptII.reports" value="/home/travis/build/icyphy/ptII/reports" />
    <property name="env.TRAVIS_STACK_TIMESTAMP" value="2017-12-05 19:33:09 UTC" />
    <property name="ant.file.type.ptII" value="file" />
    <property name="env.RBENV_SHELL" value="bash" />
    <property name="os.name" value="Linux" />
    <property name="java.specification.vendor" value="Oracle Corporation" />
    <property name="env.rvm_version" value="1.29.3 (latest)" />
    <property name="env.TRAVIS_INFRA" value="gce" />
    <property name="env.TERM" value="xterm" />
    <property name="java.vm.name" value="Java HotSpot(TM) 64-Bit Server VM" />
    <property name="env.TRAVIS_BUILD_NUMBER" value="983" />
    <property name="env.CI" value="true" />
    <property name="java.library.path" value="/home/travis/pthla/certi-tools/lib:/usr/lib/jni:/usr/local/share/OpenCV/java/:/usr/share/OpenCV/java::/usr/java/packages/lib/amd64:/usr/lib64:/lib64:/lib:/usr/lib" />
    <property name="env.rvm_prefix" value="/home/travis" />
    <property name="env.PATH" value="/home/travis/pthla/certi-tools/share/scripts:/home/travis/.rvm/gems/ruby-2.4.1/bin:/home/travis/.rvm/gems/ruby-2.4.1@global/bin:/home/travis/.rvm/rubies/ruby-2.4.1/bin:/home/travis/.rvm/bin:/home/travis/.nvm/versions/node/v7.10.1/bin:./node_modules/.bin:/home/travis/build/icyphy/ptII/bin:/home/travis/pthla/certi-tools/bin:/home/travis/bin:/home/travis/.local/bin:/opt/pyenv/shims:/home/travis/.phpenv/shims:/home/travis/perl5/perlbrew/bin:/home/travis/.kiex/elixirs/elixir-1.4.5/bin:/home/travis/.kiex/bin:/home/travis/gopath/bin:/home/travis/.gimme/versions/go1.7.4.linux.amd64/bin:/usr/local/phantomjs/bin:/usr/local/phantomjs:/usr/local/neo4j-3.2.7/bin:/usr/local/maven-3.5.2/bin:/usr/local/cmake-3.9.2/bin:/usr/local/clang-5.0.0/bin:/usr/local/sbin:/usr/local/bin:/usr/sbin:/usr/bin:/sbin:/bin:/home/travis/.phpenv/bin:/opt/pyenv/bin:/home/travis/.yarn/bin" />
    <property name="env.TRAVIS_OS_NAME" value="linux" />
    <property name="ant.java.version" value="1.8" />
    <property name="basedir" value="/home/travis/build/icyphy/ptII" />
    <property name="java.class.version" value="52.0" />
    <property name="env.SHLVL" value="3" />
    <property name="env.LD_LIBRARY_PATH" value="/home/travis/pthla/certi-tools/lib:/usr/lib/jni:/usr/local/share/OpenCV/java/:/usr/share/OpenCV/java:" />
    <property name="env.RACK_ENV" value="test" />
    <property name="ant.home" value="/home/travis/build/icyphy/ptII/ant" />
    <property name="env.PERLBREW_BASHRC_VERSION" value="0.80" />
    <property name="env.NVM_DIR" value="/home/travis/.nvm" />
    <property name="env.TRAVIS_BUILD_ID" value="486473173" />
    <property name="env.CERTI_FOM_PATH" value="/home/travis/pthla/certi-tools/share/federations" />
    <property name="env.PYENV_ROOT" value="/opt/pyenv" />
    <property name="env.TRAVIS_UID" value="2000" />
    <property name="env.rvm_pretty_print_flag" value="auto" />
    <property name="env.NVM_BIN" value="/home/travis/.nvm/versions/node/v7.10.1/bin" />
    <property name="env.TRAVIS_COMMIT" value="128e79ecef909740071799f5206dcaa3a0f0a5c4" />
    <property name="env._system_arch" value="x86_64" />
    <property name="node.executable" value="node" />
    <property name="sun.boot.library.path" value="/usr/lib/jvm/java-8-oracle/jre/lib/amd64" />
    <property name="sun.management.compiler" value="HotSpot 64-Bit Tiered Compilers" />
    <property name="env.GOPATH" value="/home/travis/gopath" />
    <property name="java.awt.graphicsenv" value="sun.awt.X11GraphicsEnvironment" />
    <property name="ptolemy.ptII.dir" value="/home/travis/build/icyphy/ptII" />
    <property name="env.USER" value="travis" />
    <property name="env.HISTFILESIZE" value="2000" />
    <property name="timeout.longest" value="19000000" />
    <property name="env.TRAVIS_STACK_FEATURES" value="basic cassandra chromium couchdb disabled-ipv6 docker docker-compose elasticsearch firefox go-toolchain google-chrome jdk memcached mongodb mysql neo4j nodejs_interpreter perl_interpreter perlbrew phantomjs postgresql python_interpreter rabbitmq redis riak ruby_interpreter sqlite xserver" />
    <property name="env.TRAVIS_PULL_REQUEST" value="false" />
    <property name="env.PYENV_SHELL" value="bash" />
    <property name="ant.project.name" value="ptII" />
    <property name="java.vm.specification.version" value="1.8" />
    <property name="env.ANSI_RESET" value="\033[0m" />
    <property name="env.TRAVIS_DIST" value="trusty" />
    <property name="env.CERTI_VERSION" value="4.0.0" />
    <property name="env.NLSPATH" value="/usr/dt/lib/nls/msg/%L/%N.cat" />
    <property name="awt.toolkit" value="sun.awt.X11.XToolkit" />
    <property name="env.CERTI_HOST" value="localhost" />
    <property name="env.MY_RUBY_HOME" value="/home/travis/.rvm/rubies/ruby-2.4.1" />
    <property name="sun.cpu.isalist" value="" />
    <property name="env.TRAVIS_TMPDIR" value="/tmp/tmp.SqpvAQN67Q" />
    <property name="java.ext.dirs" value="/usr/lib/jvm/java-8-oracle/jre/lib/ext:/usr/java/packages/lib/ext" />
    <property name="os.version" value="4.4.0-101-generic" />
    <property name="user.home" value="/home/travis" />
    <property name="env.MIX_ARCHIVES" value="/home/travis/.kiex/mix/elixir-1.4.5" />
    <property name="java.vm.vendor" value="Oracle Corporation" />
    <property name="env.TRAVIS_TAG" value="nightly" />
    <property name="env.ANSI_YELLOW" value="\033[33;1m" />
    <property name="env.TRAVIS_FILTERED" value="redirect_io" />
    <property name="env.ANSI_GREEN" value="\033[32;1m" />
    <property name="env.JAVA_HOME" value="/usr/lib/jvm/java-8-oracle" />
    <property name="env.PTII" value="/home/travis/build/icyphy/ptII" />
    <property name="javadoc.excludepackagenames" value="adm.cvs2svn.*,build.*,config.*,doc.coding.templates.*,jni.test.jni.meaningOfLife.*,jni.test.jni.testDeux.*,jni.test.jni.testTrois.*,org.terraswarm.accessor.accessors.web.node_modules.*,org.terraswarm.accessor.accessors.web.hosts.cordova.demo.*,org.terraswarm.accessor.accessors.web.hosts.cordova.plugins.*,org.terraswarm.accessor.accessors-svn.*,pt-modules.*,ptolemy.apps.agilent.*,ptolemy.apps.anytimecontrol.*,ptolemy.apps.apes.*,ptolemy.apps.charon.*,ptolemy.apps.crazyboard.*,ptolemy.apps.eclipse.*,ptolemy.apps.etherealSting.*,ptolemy.apps.fullscreen.*,ptolemy.apps.giotto.*,ptolemy.apps.ia.*,ptolemy.apps.interfaces.*,ptolemy.apps.jmf.*,ptolemy.apps.kurt.*,ptolemy.apps.kvm.*,ptolemy.apps.lego.*,ptolemy.apps.lejos.*,ptolemy.apps.midp.*,ptolemy.apps.mobileCoding.*,ptolemy.apps.pendulum.*,ptolemy.apps.rijndael.*,ptolemy.apps.robot.*,ptolemy.apps.security.*,ptolemy.apps.sobel.*,ptolemy.apps.soot.*,ptolemy.apps.throttle.*,ptolemy.apps.tini.*,ptolemy.apps.transmission.*,ptolemy.apps.vergil.*,ptolemy.apps.waba.*,ptolemy.apps.websensor.*,ptolemy.apps.webstart.*,ptolemy.apps.xsl.*,ptolemy.apps.zaurus.*,ptolemy.codegen.c.actor.lib.oldJavaFiles.*,ptolemy.codegen.dsp.lib.*,ptolemy.codegen.kernel.newInterfaces.*,ptolemy.codegen.lib.*,ptolemy.copernicus.kernel.fragment.*,ptolemy.copernicus.shallow.cg.*,ptolemy.domains.giotto.demo.Hierarchy.Hierarchy.*,ptolemy.domains.giotto.demo.Multimode.Multimode.*,ptolemy.domains.giotto.demo.Simple.Simple.*,ptolemy.domains.gr.lib.experimental.*,ptolemy.domains.gro.*,ptolemy.domains.pdf.*,ptolemy.domains.ptinyos.demo.Surge.output.*,ptolemy.moml.test.NoPackageActor.java*,ptolemy.plot.adm.*,ptolemy.plot.servlet.*,reports.*,signed.*,src.*,target.*,vendors.*,ptolemy.apps.eclipse.awt.*,ptolemy.backtrack.*,ptolemy.backtrack.ast.*,ptolemy.cg.adapter.generic.program.procedural.c.mbed*,ptolemy.homer.*,org.ptolemy.scala.*,diva.util.java2d.svg.*,ptolemy.domains.ptinyos.*,ptolemy.actor.lib.fmi.fmipp.*,,org.terraswarm.accessor.accessors.web.node_modules.*,org.terraswarm.accessor.accessors-svn,ptolemy.apps.*,ptolemy.actor.ptalon.demo.ptinyos.SendAndReceiveCnt.output,ptolemy.actor.ptalon.demo.ptinyos.SenseToLeds.output,ptolemy.domains.ptinyos.demo.CntToLedsAndRfm.output,ptolemy.domains.ptinyos.demo.RfmToLeds.output,ptolemy.domains.ptinyos.demo.SendAndReceiveCnt.output,ptolemy.domains.ptinyos.demo.SenseToLeds.output,ptolemy.actor.lib.jjs.modules.udpSocket.*" />
    <property name="env.TRAVIS_COMMIT_MESSAGE" value="Updated copyright date." />
    <property name="keystore" value="ptKeystore" />
    <property name="env.XDG_SESSION_ID" value="2" />
    <property name="junit.output.dir" value="/home/travis/build/icyphy/ptII/reports/junit" />
    <property name="npm.return.code" value="0" />
    <property name="user.dir" value="/home/travis/build/icyphy/ptII/ptolemy/domains/de/test" />
    <property name="env.TRAVIS_NODE_VERSION" value="7" />
    <property name="env.XFILESEARCHPATH" value="/usr/dt/app-defaults/%L/Dt" />
    <property name="env.TRAVIS_EVENT_TYPE" value="push" />
    <property name="env.MAIL" value="/var/mail/travis" />
    <property name="env.PWD" value="/home/travis/build/icyphy/ptII" />
    <property name="env.PERLBREW_ROOT" value="/home/travis/perl5/perlbrew" />
    <property name="timeout.npm" value="45000" />
    <property name="env.PT_TRAVIS_TEST_CORE2_XML" value="true" />
    <property name="env.TRAVIS_ARCH" value="amd64" />
    <property name="env.PAGER" value="cat" />
    <property name="sun.cpu.endian" value="little" />
    <property name="env.TRAVIS_BUILD_STAGE_NAME" value="Test" />
    <property name="env.PERLBREW_HOME" value="/home/travis/.perlbrew" />
    <property name="env.RAILS_ENV" value="test" />
    <property name="java.vm.version" value="25.151-b12" />
    <property name="java.class.path" value="/home/travis/build/icyphy/ptII:/home/travis/build/icyphy/ptII/lib/bsh-2.0b4.jar:/home/travis/build/icyphy/ptII/lib/ptCal.jar:/home/travis/build/icyphy/ptII/lib/java_cup.jar:/home/travis/build/icyphy/ptII/lib/saxon8.jar:/home/travis/build/icyphy/ptII/lib/saxon8-dom.jar:/home/travis/build/icyphy/ptII/lib/chic.jar:/home/travis/build/icyphy/ptII/lib/ptcolt.jar:/usr/lib/jvm/java-8-oracle/lib/tools.jar:/home/travis/build/icyphy/ptII/vendors/misc/itext/iText.jar:/home/travis/build/icyphy/ptII/lib/g4ltl.jar:/home/travis/build/icyphy/ptII/lib/StructuralCoder.jar:/home/travis/build/icyphy/ptII/vendors/jai-1_1_2_01/lib/jai_core.jar:/home/travis/build/icyphy/ptII/vendors/jai-1_1_2_01/lib/jai_codec.jar:/home/travis/build/icyphy/ptII/lib/jcerti.jar:/home/travis/build/icyphy/ptII/lib/javax.mail.jar:/home/travis/build/icyphy/ptII/vendors/JMF-2.1.1e/lib/jmf.jar:/home/travis/build/icyphy/ptII/lib/jna-4.0.0-variadic.jar:/home/travis/build/icyphy/ptII/vendors/misc/joystick/Joystick.jar:/home/travis/build/icyphy/ptII/lib/ptjacl.jar:/home/travis/build/icyphy/ptII/lib/jsoup-1.8.2.jar:/home/travis/build/icyphy/ptII/lib/junit-4.8.2.jar:/home/travis/build/icyphy/ptII/lib/JUnitParams-0.4.0.jar:/home/travis/build/icyphy/ptII/ptolemy/actor/lib/excel/jxl.jar:/home/travis/build/icyphy/ptII/lib/jython.jar:/home/travis/build/icyphy/ptII/lib/kieler.jar:/home/travis/build/icyphy/ptII/vendors/opencv/share/OpenCV/java/opencv-341.jar:/home/travis/build/icyphy/ptII/lib/oscP5.jar:/home/travis/build/icyphy/ptII/lib/nrjavaserial-3.11.0.devel.jar:/home/travis/build/icyphy/ptII/vendors/j3d/lib/j3dcore.jar:/home/travis/build/icyphy/ptII/vendors/j3d/lib/j3dutils.jar:/home/travis/build/icyphy/ptII/vendors/j3d/lib/vecmath.jar:/home/travis/build/icyphy/ptII/ptolemy/distributed/jini/jar/jini-core.jar:/home/travis/build/icyphy/ptII/ptolemy/distributed/jini/jar/jini-ext.jar:/home/travis/build/icyphy/ptII/ptolemy/distributed/jini/jar/sun-util.jar:/home/travis/build/icyphy/ptII/lib/protobuf-java-2.4.1.jar:/home/travis/build/icyphy/ptII/lib/org.eclipse.paho.client.mqttv3.jar:/home/travis/build/icyphy/ptII/lib/mapss.jar:/home/travis/build/icyphy/ptII/ptolemy/actor/ptalon/antlr/antlr.jar:/home/travis/build/icyphy/ptII/lib/JRI.jar:/home/travis/build/icyphy/ptII/lib/commons-lang-2.6.jar:/home/travis/build/icyphy/ptII/lib/commons-logging-1.1.1.jar:/home/travis/build/icyphy/ptII/lib/sootclasses.jar:/home/travis/build/icyphy/ptII/ptolemy/actor/lib/database/mysql-connector-java-5.1.6-bin.jar:/home/travis/build/icyphy/ptII/vendors/misc/sphinx4/sphinx4-data-5prealpha.jar:/home/travis/build/icyphy/ptII/vendors/misc/sphinx4/sphinx4-core-5prealpha.jar:/home/travis/build/icyphy/ptII/lib/PDFRenderer.jar:/home/travis/build/icyphy/ptII/lib/svgSalamander.jar:/home/travis/build/icyphy/ptII/lib/rsyntaxtextarea-2.6.0-SNAPSHOT.jar:/home/travis/build/icyphy/ptII/lib/hazelcast-3.8.2.jar:/home/travis/build/icyphy/ptII/lib/jackson-annotations-2.9.0.jar:/home/travis/build/icyphy/ptII/lib/jackson-core-2.9.3.jar:/home/travis/build/icyphy/ptII/lib/jackson-databind-2.9.3.jar:/home/travis/build/icyphy/ptII/lib/netty-buffer-4.1.19.Final.jar:/home/travis/build/icyphy/ptII/lib/netty-codec-4.1.19.Final.jar:/home/travis/build/icyphy/ptII/lib/netty-codec-dns-4.1.19.Final.jar:/home/travis/build/icyphy/ptII/lib/netty-codec-http-4.1.19.Final.jar:/home/travis/build/icyphy/ptII/lib/netty-codec-http2-4.1.19.Final.jar:/home/travis/build/icyphy/ptII/lib/netty-common-4.1.19.Final.jar:/home/travis/build/icyphy/ptII/lib/netty-handler-4.1.19.Final.jar:/home/travis/build/icyphy/ptII/lib/netty-resolver-4.1.19.Final.jar:/home/travis/build/icyphy/ptII/lib/netty-resolver-dns-4.1.19.Final.jar:/home/travis/build/icyphy/ptII/lib/netty-transport-4.1.19.Final.jar:/home/travis/build/icyphy/ptII/lib/vertx-codegen-3.5.1.jar:/home/travis/build/icyphy/ptII/lib/vertx-core-3.5.2-SNAPSHOT.jar:/home/travis/build/icyphy/ptII/lib/vertx-hazelcast-3.5.1.jar:/home/travis/build/icyphy/ptII/lib/vertx-lang-js-3.5.1.jar:/home/travis/build/icyphy/ptII/lib/vertx-service-proxy-3.5.1.jar:/home/travis/build/icyphy/ptII/lib/vertx-web-3.5.1.jar:/home/travis/build/icyphy/ptII/lib/slf4j-api-1.7.13.jar:/home/travis/build/icyphy/ptII/lib/slf4j-simple-1.7.13.jar:/home/travis/build/icyphy/ptII/lib/webcam-capture-0.3.12.jar:/home/travis/build/icyphy/ptII/lib/bridj-0.7.0.jar:/home/travis/build/icyphy/ptII/lib/xbjlib-1.1.0.nrjavaserial.jar:/home/travis/build/icyphy/ptII/ptolemy/moml/test:/home/travis/build/icyphy/ptII/ant/lib/ant-launcher.jar:/home/travis/build/icyphy/ptII/ant/lib/ant.jar:/home/travis/build/icyphy/ptII/ant/lib/ant-junit.jar:/home/travis/build/icyphy/ptII/ant/lib/ant-junit4.jar" />
    <property name="ant.library.dir" value="/home/travis/build/icyphy/ptII/ant/lib" />
    <property name="os.arch" value="amd64" />
    <property name="env.TRAVIS_LANGUAGE" value="node_js" />
    <property name="env.CONTINUOUS_INTEGRATION" value="true" />
    <property name="env.TRAVIS_STACK_LANGUAGES" value="__garnet__ c c++ clojure cplusplus cpp default go groovy java node_js php pure_java python ruby scala" />
    <property name="test.name" value="ptolemy.actor.lib.test.junit.JUnitTclTest" />
    <property name="sun.java.launcher" value="SUN_STANDARD" />
    <property name="env.PYTHON_CONFIGURE_OPTS" value="--enable-unicode=ucs4 --with-wide-unicode --enable-shared --enable-ipv6 --enable-loadable-sqlite-extensions --with-computed-gotos" />
    <property name="ant.core.lib" value="/home/travis/build/icyphy/ptII/ant/lib/ant.jar" />
    <property name="java.vm.specification.vendor" value="Oracle Corporation" />
    <property name="env.BCVTB_HOME" value="/home/travis/build/icyphy/ptII/lbnl" />
    <property name="file.separator" value="/" />
    <property name="spotbugs.home" value="/home/travis/build/icyphy/ptII/vendors/spotbugs-3.1.1" />
    <property name="java.runtime.version" value="1.8.0_151-b12" />
    <property name="sun.boot.class.path" value="/usr/lib/jvm/java-8-oracle/jre/lib/resources.jar:/usr/lib/jvm/java-8-oracle/jre/lib/rt.jar:/usr/lib/jvm/java-8-oracle/jre/lib/sunrsasign.jar:/usr/lib/jvm/java-8-oracle/jre/lib/jsse.jar:/usr/lib/jvm/java-8-oracle/jre/lib/jce.jar:/usr/lib/jvm/java-8-oracle/jre/lib/charsets.jar:/usr/lib/jvm/java-8-oracle/jre/lib/jfr.jar:/usr/lib/jvm/java-8-oracle/jre/classes" />
    <property name="env.ANSI_CLEAR" value="\033[0K" />
    <property name="env.HAS_JOSH_K_SEAL_OF_APPROVAL" value="true" />
    <property name="env.XDG_RUNTIME_DIR" value="/run/user/2000" />
    <property name="env.TRAVIS_OSX_IMAGE" value="" />
    <property name="env.TRAVIS_BRANCH" value="master" />
    <property name="env.TRAVIS_JOB_ID" value="486473191" />
    <property name="user.country" value="US" />
    <property name="env.CERTI_HOME_TRAVIS" value="/home/travis/pthla/certi-tools" />
    <property name="env.SHELL" value="/bin/bash" />
    <property name="java.maxmemory.large" value="5000m" />
    <property name="model" value="" />
    <property name="env.CASHER_DIR" value="/home/travis/.casher" />
    <property name="env.NVM_CD_FLAGS" value="" />
    <property name="jshint.executable" value="/home/travis/node_modules/jshint/bin/jshint" />
    <property name="java.vendor" value="Oracle Corporation" />
    <property name="env.JRUBY_OPTS" value=" --client -J-XX:+TieredCompilation -J-XX:TieredStopAtLevel=1 -J-Xss2m -Xcompile.invokedynamic=false" />
    <property name="env.TRAVIS_PRE_CHEF_BOOTSTRAP_TIME" value="2017-12-05T19:32:55" />
    <property name="env.TRAVIS_STACK_JOB_BOARD_REGISTER" value="/.job-board-register.yml" />
    <property name="env.ELIXIR_VERSION" value="1.4.5" />
    <property name="env.ANSI_RED" value="\033[31;1m" />
    <property name="java.specification.version" value="1.8" />
    <property name="env.TRAVIS" value="true" />
    <property name="env.IRBRC" value="/home/travis/.rvm/rubies/ruby-2.4.1/.irbrc" />
    <property name="sun.arch.data.model" value="64" />
  </properties>
  <testcase classname="ptolemy.util.test.junit.TclTests" name="[0] /home/travis/build/icyphy/ptII/ptolemy/domains/de/test/DependencyLoop.tcl (RunTclFile)" time="0.742" />
  <testcase classname="ptolemy.util.test.junit.TclTests" name="[1] /home/travis/build/icyphy/ptII/ptolemy/domains/de/test/RunDETestsAsQSS.tcl (RunTclFile)" time="87.522" />
  <testcase classname="ptolemy.util.test.junit.AutoKnownFailedTests" name="[0] /home/travis/build/icyphy/ptII/ptolemy/domains/de/test/auto/knownFailedTests/DESDFClockTest.xml (RunModel)" time="2.044" />
  <testcase classname="ptolemy.util.test.junit.AutoKnownFailedTests" name="[1] /home/travis/build/icyphy/ptII/ptolemy/domains/de/test/auto/knownFailedTests/DirectFeedback.xml (RunModel)" time="0.017" />
  <testcase classname="ptolemy.util.test.junit.AutoKnownFailedTests" name="[2] /home/travis/build/icyphy/ptII/ptolemy/domains/de/test/auto/knownFailedTests/FSMSource.xml (RunModel)" time="0.018" />
  <testcase classname="ptolemy.util.test.junit.AutoKnownFailedTests" name="[3] /home/travis/build/icyphy/ptII/ptolemy/domains/de/test/auto/knownFailedTests/HierarchicalModel.xml (RunModel)" time="0.052" />
  <testcase classname="ptolemy.util.test.junit.AutoKnownFailedTests" name="[4] /home/travis/build/icyphy/ptII/ptolemy/domains/de/test/auto/knownFailedTests/dependencyLoop.xml (RunModel)" time="0.038" />
  <testcase classname="ptolemy.util.test.junit.AutoKnownFailedTests" name="[5] /home/travis/build/icyphy/ptII/ptolemy/domains/de/test/auto/knownFailedTests/dependencyLoop2.xml (RunModel)" time="0.043" />
  <testcase classname="ptolemy.util.test.junit.AutoNameArchTests" name="[0] ThereAreNoAutoArchTests (RunModel)" time="0.001" />
  <testcase classname="ptolemy.util.test.junit.AutoTests" name="[0] /home/travis/build/icyphy/ptII/ptolemy/domains/de/test/auto/ActorDepthCalculation_actorWithoutPorts.xml (RunModel)" time="0.012" />
  <testcase classname="ptolemy.util.test.junit.AutoTests" name="[1] /home/travis/build/icyphy/ptII/ptolemy/domains/de/test/auto/AssemblyLine.xml (RunModel)" time="0.014" />
  <testcase classname="ptolemy.util.test.junit.AutoTests" name="[2] /home/travis/build/icyphy/ptII/ptolemy/domains/de/test/auto/CQBug1.xml (RunModel)" time="0.008" />
  <testcase classname="ptolemy.util.test.junit.AutoTests" name="[3] /home/travis/build/icyphy/ptII/ptolemy/domains/de/test/auto/CancelFireAt.xml (RunModel)" time="0.006" />
  <testcase classname="ptolemy.util.test.junit.AutoTests" name="[4] /home/travis/build/icyphy/ptII/ptolemy/domains/de/test/auto/CausalityAndComposabilityAnalysis.xml (RunModel)" time="0.01" />
  <testcase classname="ptolemy.util.test.junit.AutoTests" name="[5] /home/travis/build/icyphy/ptII/ptolemy/domains/de/test/auto/CausalityInterface1.xml (RunModel)" time="0.012" />
  <testcase classname="ptolemy.util.test.junit.AutoTests" name="[6] /home/travis/build/icyphy/ptII/ptolemy/domains/de/test/auto/CausalityInterface15.xml (RunModel)" time="0.012" />
  <testcase classname="ptolemy.util.test.junit.AutoTests" name="[7] /home/travis/build/icyphy/ptII/ptolemy/domains/de/test/auto/CausalityInterface2.xml (RunModel)" time="0.01" />
  <testcase classname="ptolemy.util.test.junit.AutoTests" name="[8] /home/travis/build/icyphy/ptII/ptolemy/domains/de/test/auto/CausalityInterface3.xml (RunModel)" time="0.011" />
  <testcase classname="ptolemy.util.test.junit.AutoTests" name="[9] /home/travis/build/icyphy/ptII/ptolemy/domains/de/test/auto/ClockDrift.xml (RunModel)" time="0.034" />
  <testcase classname="ptolemy.util.test.junit.AutoTests" name="[10] /home/travis/build/icyphy/ptII/ptolemy/domains/de/test/auto/ClockDriftAndValueChange.xml (RunModel)" time="0.03" />
  <testcase classname="ptolemy.util.test.junit.AutoTests" name="[11] /home/travis/build/icyphy/ptII/ptolemy/domains/de/test/auto/ClockDriftChange.xml (RunModel)" time="0.026" />
  <testcase classname="ptolemy.util.test.junit.AutoTests" name="[12] /home/travis/build/icyphy/ptII/ptolemy/domains/de/test/auto/ComposableCausalityAnalysis.xml (RunModel)" time="0.014" />
  <testcase classname="ptolemy.util.test.junit.AutoTests" name="[13] /home/travis/build/icyphy/ptII/ptolemy/domains/de/test/auto/DEFixedPointLimitation.xml (RunModel)" time="0.011" />
  <testcase classname="ptolemy.util.test.junit.AutoTests" name="[14] /home/travis/build/icyphy/ptII/ptolemy/domains/de/test/auto/DEScheduleTest.xml (RunModel)" time="0.035" />
  <testcase classname="ptolemy.util.test.junit.AutoTests" name="[15] /home/travis/build/icyphy/ptII/ptolemy/domains/de/test/auto/DEinDEwithStartTimes.xml (RunModel)" time="0.015" />
  <testcase classname="ptolemy.util.test.junit.AutoTests" name="[16] /home/travis/build/icyphy/ptII/ptolemy/domains/de/test/auto/DEinDEwithStartTimes2.xml (RunModel)" time="0.013" />
  <testcase classname="ptolemy.util.test.junit.AutoTests" name="[17] /home/travis/build/icyphy/ptII/ptolemy/domains/de/test/auto/DateDemo.xml (RunModel)" time="0.026" />
  <testcase classname="ptolemy.util.test.junit.AutoTests" name="[18] /home/travis/build/icyphy/ptII/ptolemy/domains/de/test/auto/DateToEvent.xml (RunModel)" time="2.037" />
  <testcase classname="ptolemy.util.test.junit.AutoTests" name="[19] /home/travis/build/icyphy/ptII/ptolemy/domains/de/test/auto/DepthTest1.xml (RunModel)" time="0.007" />
  <testcase classname="ptolemy.util.test.junit.AutoTests" name="[20] /home/travis/build/icyphy/ptII/ptolemy/domains/de/test/auto/DepthTest2.xml (RunModel)" time="0.015" />
  <testcase classname="ptolemy.util.test.junit.AutoTests" name="[21] /home/travis/build/icyphy/ptII/ptolemy/domains/de/test/auto/DepthTest3.xml (RunModel)" time="0.007" />
  <testcase classname="ptolemy.util.test.junit.AutoTests" name="[22] /home/travis/build/icyphy/ptII/ptolemy/domains/de/test/auto/DepthTest4.xml (RunModel)" time="0.012" />
  <testcase classname="ptolemy.util.test.junit.AutoTests" name="[23] /home/travis/build/icyphy/ptII/ptolemy/domains/de/test/auto/DepthTest5.xml (RunModel)" time="0.014" />
  <testcase classname="ptolemy.util.test.junit.AutoTests" name="[24] /home/travis/build/icyphy/ptII/ptolemy/domains/de/test/auto/DepthTest6.xml (RunModel)" time="0.012" />
  <testcase classname="ptolemy.util.test.junit.AutoTests" name="[25] /home/travis/build/icyphy/ptII/ptolemy/domains/de/test/auto/DepthTest7.xml (RunModel)" time="0.011" />
  <testcase classname="ptolemy.util.test.junit.AutoTests" name="[26] /home/travis/build/icyphy/ptII/ptolemy/domains/de/test/auto/EventToDate.xml (RunModel)" time="3.033" />
  <testcase classname="ptolemy.util.test.junit.AutoTests" name="[27] /home/travis/build/icyphy/ptII/ptolemy/domains/de/test/auto/FSM1.xml (RunModel)" time="0.028" />
  <testcase classname="ptolemy.util.test.junit.AutoTests" name="[28] /home/travis/build/icyphy/ptII/ptolemy/domains/de/test/auto/FSM7.xml (RunModel)" time="0.028" />
  <testcase classname="ptolemy.util.test.junit.AutoTests" name="[29] /home/travis/build/icyphy/ptII/ptolemy/domains/de/test/auto/Inspection.xml (RunModel)" time="0.036" />
  <testcase classname="ptolemy.util.test.junit.AutoTests" name="[30] /home/travis/build/icyphy/ptII/ptolemy/domains/de/test/auto/Iteration.xml (RunModel)" time="0.026" />
  <testcase classname="ptolemy.util.test.junit.AutoTests" name="[31] /home/travis/build/icyphy/ptII/ptolemy/domains/de/test/auto/LineFault.xml (RunModel)" time="0.525" />
  <testcase classname="ptolemy.util.test.junit.AutoTests" name="[32] /home/travis/build/icyphy/ptII/ptolemy/domains/de/test/auto/MergeModel1Add.xml (RunModel)" time="0.039" />
  <testcase classname="ptolemy.util.test.junit.AutoTests" name="[33] /home/travis/build/icyphy/ptII/ptolemy/domains/de/test/auto/MergeModel2Add.xml (RunModel)" time="0.039" />
  <testcase classname="ptolemy.util.test.junit.AutoTests" name="[34] /home/travis/build/icyphy/ptII/ptolemy/domains/de/test/auto/MergeModel3Add.xml (RunModel)" time="0.042" />
  <testcase classname="ptolemy.util.test.junit.AutoTests" name="[35] /home/travis/build/icyphy/ptII/ptolemy/domains/de/test/auto/MergeWithoutDiscard.xml (RunModel)" time="0.011" />
  <testcase classname="ptolemy.util.test.junit.AutoTests" name="[36] /home/travis/build/icyphy/ptII/ptolemy/domains/de/test/auto/Modal1.xml (RunModel)" time="0.031" />
  <testcase classname="ptolemy.util.test.junit.AutoTests" name="[37] /home/travis/build/icyphy/ptII/ptolemy/domains/de/test/auto/Modal2.xml (RunModel)" time="0.024" />
  <testcase classname="ptolemy.util.test.junit.AutoTests" name="[38] /home/travis/build/icyphy/ptII/ptolemy/domains/de/test/auto/Modal3.xml (RunModel)" time="0.024" />
  <testcase classname="ptolemy.util.test.junit.AutoTests" name="[39] /home/travis/build/icyphy/ptII/ptolemy/domains/de/test/auto/Modal4.xml (RunModel)" time="0.025" />
  <testcase classname="ptolemy.util.test.junit.AutoTests" name="[40] /home/travis/build/icyphy/ptII/ptolemy/domains/de/test/auto/Modal5.xml (RunModel)" time="0.024" />
  <testcase classname="ptolemy.util.test.junit.AutoTests" name="[41] /home/travis/build/icyphy/ptII/ptolemy/domains/de/test/auto/Modal6.xml (RunModel)" time="0.024" />
  <testcase classname="ptolemy.util.test.junit.AutoTests" name="[42] /home/travis/build/icyphy/ptII/ptolemy/domains/de/test/auto/Modal7.xml (RunModel)" time="0.024" />
  <testcase classname="ptolemy.util.test.junit.AutoTests" name="[43] /home/travis/build/icyphy/ptII/ptolemy/domains/de/test/auto/ModalModel.xml (RunModel)" time="0.129" />
  <testcase classname="ptolemy.util.test.junit.AutoTests" name="[44] /home/travis/build/icyphy/ptII/ptolemy/domains/de/test/auto/ModalSource.xml (RunModel)" time="0.016" />
  <testcase classname="ptolemy.util.test.junit.AutoTests" name="[45] /home/travis/build/icyphy/ptII/ptolemy/domains/de/test/auto/NonInterruptibleTimerZeroDelay.xml (RunModel)" time="0.009" />
  <testcase classname="ptolemy.util.test.junit.AutoTests" name="[46] /home/travis/build/icyphy/ptII/ptolemy/domains/de/test/auto/OpenQueueingNetwork.xml (RunModel)" time="2.372" />
  <testcase classname="ptolemy.util.test.junit.AutoTests" name="[47] /home/travis/build/icyphy/ptII/ptolemy/domains/de/test/auto/OpenQueuingNetwork.xml (RunModel)" time="0.259" />
  <testcase classname="ptolemy.util.test.junit.AutoTests" name="[48] /home/travis/build/icyphy/ptII/ptolemy/domains/de/test/auto/PeriodicSampler.xml (RunModel)" time="0.01" />
  <testcase classname="ptolemy.util.test.junit.AutoTests" name="[49] /home/travis/build/icyphy/ptII/ptolemy/domains/de/test/auto/PersistentIO.xml (RunModel)" time="0.017" />
  <testcase classname="ptolemy.util.test.junit.AutoTests" name="[50] /home/travis/build/icyphy/ptII/ptolemy/domains/de/test/auto/PortParameterResetOnInitialize.xml (RunModel)" time="0.013" />
  <testcase classname="ptolemy.util.test.junit.AutoTests" name="[51] /home/travis/build/icyphy/ptII/ptolemy/domains/de/test/auto/PortParameterUpdates.xml (RunModel)" time="0.014" />
  <testcase classname="ptolemy.util.test.junit.AutoTests" name="[52] /home/travis/build/icyphy/ptII/ptolemy/domains/de/test/auto/QueueAndServer.xml (RunModel)" time="0.024" />
  <testcase classname="ptolemy.util.test.junit.AutoTests" name="[53] /home/travis/build/icyphy/ptII/ptolemy/domains/de/test/auto/Records.xml (RunModel)" time="0.013" />
  <testcase classname="ptolemy.util.test.junit.AutoTests" name="[54] /home/travis/build/icyphy/ptII/ptolemy/domains/de/test/auto/ResetTransitionWithStartTime1.xml (RunModel)" time="0.019" />
  <testcase classname="ptolemy.util.test.junit.AutoTests" name="[55] /home/travis/build/icyphy/ptII/ptolemy/domains/de/test/auto/ResetTransitionWithStartTime2.xml (RunModel)" time="0.023" />
  <testcase classname="ptolemy.util.test.junit.AutoTests" name="[56] /home/travis/build/icyphy/ptII/ptolemy/domains/de/test/auto/ResetTransitionWithStartTime3.xml (RunModel)" time="0.022" />
  <testcase classname="ptolemy.util.test.junit.AutoTests" name="[57] /home/travis/build/icyphy/ptII/ptolemy/domains/de/test/auto/ResetTransitionWithStartTime4.xml (RunModel)" time="0.019" />
  <testcase classname="ptolemy.util.test.junit.AutoTests" name="[58] /home/travis/build/icyphy/ptII/ptolemy/domains/de/test/auto/ResettableTimer1.xml (RunModel)" time="0.011" />
  <testcase classname="ptolemy.util.test.junit.AutoTests" name="[59] /home/travis/build/icyphy/ptII/ptolemy/domains/de/test/auto/ResettableTimer2.xml (RunModel)" time="0.009" />
  <testcase classname="ptolemy.util.test.junit.AutoTests" name="[60] /home/travis/build/icyphy/ptII/ptolemy/domains/de/test/auto/ResettableTimer3.xml (RunModel)" time="0.008" />
  <testcase classname="ptolemy.util.test.junit.AutoTests" name="[61] /home/travis/build/icyphy/ptII/ptolemy/domains/de/test/auto/ResettableTimer4.xml (RunModel)" time="0.01" />
  <testcase classname="ptolemy.util.test.junit.AutoTests" name="[62] /home/travis/build/icyphy/ptII/ptolemy/domains/de/test/auto/ResettableTimer5.xml (RunModel)" time="0.011" />
  <testcase classname="ptolemy.util.test.junit.AutoTests" name="[63] /home/travis/build/icyphy/ptII/ptolemy/domains/de/test/auto/ResettableTimer6.xml (RunModel)" time="0.018" />
  <testcase classname="ptolemy.util.test.junit.AutoTests" name="[64] /home/travis/build/icyphy/ptII/ptolemy/domains/de/test/auto/ServerZeroDelay.xml (RunModel)" time="0.009" />
  <testcase classname="ptolemy.util.test.junit.AutoTests" name="[65] /home/travis/build/icyphy/ptII/ptolemy/domains/de/test/auto/SmartSender.xml (RunModel)" time="3.009" />
  <testcase classname="ptolemy.util.test.junit.AutoTests" name="[66] /home/travis/build/icyphy/ptII/ptolemy/domains/de/test/auto/ThreadedComposite.xml (RunModel)" time="1.776" />
  <testcase classname="ptolemy.util.test.junit.AutoTests" name="[67] /home/travis/build/icyphy/ptII/ptolemy/domains/de/test/auto/Time.xml (RunModel)" time="0.459" />
  <testcase classname="ptolemy.util.test.junit.AutoTests" name="[68] /home/travis/build/icyphy/ptII/ptolemy/domains/de/test/auto/TimeDelayZeroDelay.xml (RunModel)" time="0.011" />
  <testcase classname="ptolemy.util.test.junit.AutoTests" name="[69] /home/travis/build/icyphy/ptII/ptolemy/domains/de/test/auto/TimerZeroDelay.xml (RunModel)" time="0.009" />
  <testcase classname="ptolemy.util.test.junit.AutoTests" name="[70] /home/travis/build/icyphy/ptII/ptolemy/domains/de/test/auto/TimingParadox.xml (RunModel)" time="0.345" />
  <testcase classname="ptolemy.util.test.junit.AutoTests" name="[71] /home/travis/build/icyphy/ptII/ptolemy/domains/de/test/auto/TransferInputs.xml (RunModel)" time="0.014" />
  <testcase classname="ptolemy.util.test.junit.AutoTests" name="[72] /home/travis/build/icyphy/ptII/ptolemy/domains/de/test/auto/TransferOutputs2.xml (RunModel)" time="0.015" />
  <testcase classname="ptolemy.util.test.junit.AutoTests" name="[73] /home/travis/build/icyphy/ptII/ptolemy/domains/de/test/auto/Trilateration.xml (RunModel)" time="11.518" />
  <testcase classname="ptolemy.util.test.junit.AutoTests" name="[74] /home/travis/build/icyphy/ptII/ptolemy/domains/de/test/auto/TwoSigmaDelta.xml (RunModel)" time="1.975" />
  <testcase classname="ptolemy.util.test.junit.AutoTests" name="[75] /home/travis/build/icyphy/ptII/ptolemy/domains/de/test/auto/VariableDelay.xml (RunModel)" time="0.01" />
  <testcase classname="ptolemy.util.test.junit.AutoTests" name="[76] /home/travis/build/icyphy/ptII/ptolemy/domains/de/test/auto/VariableDelay2.xml (RunModel)" time="0.009" />
  <testcase classname="ptolemy.util.test.junit.AutoTests" name="[77] /home/travis/build/icyphy/ptII/ptolemy/domains/de/test/auto/VariableDelayZeroDelay.xml (RunModel)" time="0.009" />
  <testcase classname="ptolemy.util.test.junit.AutoTests" name="[78] /home/travis/build/icyphy/ptII/ptolemy/domains/de/test/auto/VariableDelayZeroDelay2.xml (RunModel)" time="0.009" />
  <testcase classname="ptolemy.util.test.junit.AutoTests" name="[79] /home/travis/build/icyphy/ptII/ptolemy/domains/de/test/auto/deInCt.xml (RunModel)" time="0.013" />
  <testcase classname="ptolemy.util.test.junit.AutoTests" name="[80] /home/travis/build/icyphy/ptII/ptolemy/domains/de/test/auto/deInCt2.xml (RunModel)" time="0.012" />
  <testcase classname="ptolemy.util.test.junit.AutoTests" name="[81] /home/travis/build/icyphy/ptII/ptolemy/domains/de/test/auto/dynamicCausalityInterface1.xml (RunModel)" time="0.02" />
  <testcase classname="ptolemy.util.test.junit.AutoTests" name="[82] /home/travis/build/icyphy/ptII/ptolemy/domains/de/test/auto/fsm_de_test.xml (RunModel)" time="0.02" />
  <testcase classname="ptolemy.util.test.junit.AutoTests" name="[83] /home/travis/build/icyphy/ptII/ptolemy/domains/de/test/auto/functionDependencyReconstruction.xml (RunModel)" time="0.028" />
  <testcase classname="ptolemy.util.test.junit.AutoTests" name="[84] /home/travis/build/icyphy/ptII/ptolemy/domains/de/test/auto/multirate.xml (RunModel)" time="0.015" />
  <testcase classname="ptolemy.util.test.junit.AutoTests" name="[85] /home/travis/build/icyphy/ptII/ptolemy/domains/de/test/auto/multirate2.xml (RunModel)" time="0.014" />
  <testcase classname="ptolemy.util.test.junit.AutoTests" name="[86] /home/travis/build/icyphy/ptII/ptolemy/domains/de/test/auto/realtime.xml (RunModel)" time="10.01" />
  <testcase classname="ptolemy.util.test.junit.AutoTests" name="[87] /home/travis/build/icyphy/ptII/ptolemy/domains/de/test/auto/relationGroup.xml (RunModel)" time="0.009" />
  <testcase classname="ptolemy.util.test.junit.AutoTests" name="[88] /home/travis/build/icyphy/ptII/ptolemy/domains/de/test/auto/relationGroup2.xml (RunModel)" time="0.014" />
  <testcase classname="ptolemy.util.test.junit.AutoTests" name="[89] /home/travis/build/icyphy/ptII/ptolemy/domains/de/test/auto/sortWithOpaquePorts.xml (RunModel)" time="0.01" />
  <testcase classname="ptolemy.util.test.junit.AutoTests" name="[90] /home/travis/build/icyphy/ptII/ptolemy/domains/de/test/auto/transferInputsandOutputs.xml (RunModel)" time="0.017" />
  <testcase classname="ptolemy.util.test.junit.AutoTests" name="[91] /home/travis/build/icyphy/ptII/ptolemy/domains/de/test/auto/triggerType.xml (RunModel)" time="0.008" />
  <system-out><![CDATA[/home/travis/build/icyphy/ptII/ptolemy/domains/de/test/DependencyLoop.tcl
testDefs.tcl: setting time out to 9000 seconds at Wed Jan 30 15:57:33 UTC 2019
16 ms. Memory: 116224K Free: 97659K (84%)
19 ms. Memory: 146944K Free: 141196K (96%)
/home/travis/build/icyphy/ptII/ptolemy/domains/de/test/RunDETestsAsQSS.tcl
Run the DE tests using ptolemy.domains.qss.test.QSSDirectorTest, which extends QSSDirector and prints a message in the constructors.
------------------ testing $PTII/ptolemy/domains/de/test/auto/knownFailedTests/dependencyLoop.xml (Known Failure) 
7 ms. Memory: 146944K Free: 136550K (93%)


==== $PTIIhome/travis/build/icyphy/ptII/ptolemy/domains/de/test/../../../../: Auto Automatic test in file $PTII/ptolemy/domains/de/test/auto/knownFailedTests/dependencyLoop.xml
==== Contents of test case:

	    # FIXME: we should use $relativeFilename here, but it
	    # might have backslashes under Windows, which causes no end
	    # of trouble.
	    createAndExecute $file
	    list {}
	
.... Test generated KNOWN error:
    while executing
ptolemy.kernel.util.IllegalActionException: Found a zero delay loop containing .dependencyLoop.original
  in .dependencyLoop and .dependencyLoop.original
	at ptolemy.actor.util.CausalityInterfaceForComposites._computeOutputPortDepth(CausalityInterfaceForComposites.java:759)
	at ptolemy.actor.util.CausalityInterfaceForComposites._computeInputDepth(CausalityInterfaceForComposites.java:696)
	at ptolemy.actor.util.CausalityInterfaceForComposites._computeOutputPortDepth(CausalityInterfaceForComposites.java:765)
	at ptolemy.actor.util.CausalityInterfaceForComposites._computeInputDepth(CausalityInterfaceForComposites.java:696)
	at ptolemy.actor.util.CausalityInterfaceForComposites._computeOutputPortDepth(CausalityInterfaceForComposites.java:765)
	at ptolemy.actor.util.CausalityInterfaceForComposites._computeInputDepth(CausalityInterfaceForComposites.java:696)
	at ptolemy.actor.util.CausalityInterfaceForComposites._computeActorDepth(CausalityInterfaceForComposites.java:532)
	at ptolemy.actor.util.CausalityInterfaceForComposites.checkForCycles(CausalityInterfaceForComposites.java:96)
	at ptolemy.domains.de.kernel.DEDirector.preinitialize(DEDirector.java:1338)
	at ptolemy.actor.CompositeActor.preinitialize(CompositeActor.java:1828)
	at ptolemy.actor.Manager.preinitializeAndResolveTypes(Manager.java:1040)
	at ptolemy.actor.Manager.initialize(Manager.java:710)
	at ptolemy.actor.Manager.execute(Manager.java:356)
	at ptolemy.actor.Manager.run(Manager.java:1263)
	at ptolemy.actor.Manager$PtolemyRunThread.run(Manager.java:1915)

    while executing
ptolemy.kernel.util.IllegalActionException: Found a zero delay loop containing .dependencyLoop.original
  in .dependencyLoop and .dependencyLoop.original
    while executing
"java::new ptolemy.moml.MoMLSimpleApplication $file
"
    (procedure "createAndExecute" line 2)
    invoked from within
"createAndExecute $file"
    ("uplevel" body line 5)
    invoked from within
"uplevel $contents_of_test"
------------------ testing $PTII/ptolemy/domains/de/test/auto/knownFailedTests/DESDFClockTest.xml (Known Failure) 
2059 ms. Memory: 146944K Free: 121358K (83%)


==== $PTIIhome/travis/build/icyphy/ptII/ptolemy/domains/de/test/../../../../: Auto Automatic test in file $PTII/ptolemy/domains/de/test/auto/knownFailedTests/DESDFClockTest.xml
==== Contents of test case:

	    # FIXME: we should use $relativeFilename here, but it
	    # might have backslashes under Windows, which causes no end
	    # of trouble.
	    createAndExecute $file
	    list {}
	
.... Test generated KNOWN error:
    while executing
ptolemy.kernel.util.IllegalActionException: Actor is not ready to fire.  Perhaps UpSample.prefire() returned false? Try debugging the actor by selecting "Listen to Actor".  Also, for SDF check moml for tokenConsumptionRate on input.
  in .DESDFClockTest.Play Bell.Copy1:SDF Director and .DESDFClockTest.Play Bell.UpSample
	at ptolemy.actor.sched.StaticSchedulingDirector.fire(StaticSchedulingDirector.java:227)
	at ptolemy.domains.sdf.kernel.SDFDirector.fire(SDFDirector.java:500)
	at ptolemy.actor.CompositeActor.fire(CompositeActor.java:455)
	at ptolemy.domains.de.kernel.DEDirector._fire(DEDirector.java:1949)
	at ptolemy.domains.de.kernel.DEDirector.fire(DEDirector.java:502)
	at ptolemy.actor.CompositeActor.fire(CompositeActor.java:455)
	at ptolemy.actor.Manager.iterate(Manager.java:851)
	at ptolemy.actor.Manager.execute(Manager.java:369)
	at ptolemy.actor.Manager.run(Manager.java:1263)
	at ptolemy.actor.Manager$PtolemyRunThread.run(Manager.java:1915)

    while executing
ptolemy.kernel.util.IllegalActionException: Actor is not ready to fire.  Perhaps UpSample.prefire() returned false? Try debugging the actor by selecting "Listen to Actor".  Also, for SDF check moml for tokenConsumptionRate on input.
  in .DESDFClockTest.Play Bell.Copy1:SDF Director and .DESDFClockTest.Play Bell.UpSample
    while executing
"java::new ptolemy.moml.MoMLSimpleApplication $file
"
    (procedure "createAndExecute" line 2)
    invoked from within
"createAndExecute $file"
    ("uplevel" body line 5)
    invoked from within
"uplevel $contents_of_test"
------------------ testing $PTII/ptolemy/domains/de/test/auto/knownFailedTests/FSMSource.xml (Known Failure) 
25 ms. Memory: 146944K Free: 111923K (76%)
!!!! Auto was marked as failing, but now passes
------------------ testing $PTII/ptolemy/domains/de/test/auto/knownFailedTests/dependencyLoop2.xml (Known Failure) 
15 ms. Memory: 146944K Free: 110063K (75%)


==== $PTIIhome/travis/build/icyphy/ptII/ptolemy/domains/de/test/../../../../: Auto Automatic test in file $PTII/ptolemy/domains/de/test/auto/knownFailedTests/dependencyLoop2.xml
==== Contents of test case:

	    # FIXME: we should use $relativeFilename here, but it
	    # might have backslashes under Windows, which causes no end
	    # of trouble.
	    createAndExecute $file
	    list {}
	
.... Test generated KNOWN error:
    while executing
ptolemy.kernel.util.IllegalActionException: Found a zero delay loop containing .dependencyLoop2.original
  in .dependencyLoop2 and .dependencyLoop2.original
	at ptolemy.actor.util.CausalityInterfaceForComposites._computeOutputPortDepth(CausalityInterfaceForComposites.java:759)
	at ptolemy.actor.util.CausalityInterfaceForComposites._computeInputDepth(CausalityInterfaceForComposites.java:696)
	at ptolemy.actor.util.CausalityInterfaceForComposites._computeOutputPortDepth(CausalityInterfaceForComposites.java:765)
	at ptolemy.actor.util.CausalityInterfaceForComposites._computeInputDepth(CausalityInterfaceForComposites.java:696)
	at ptolemy.actor.util.CausalityInterfaceForComposites._computeOutputPortDepth(CausalityInterfaceForComposites.java:765)
	at ptolemy.actor.util.CausalityInterfaceForComposites._computeInputDepth(CausalityInterfaceForComposites.java:696)
	at ptolemy.actor.util.CausalityInterfaceForComposites._computeActorDepth(CausalityInterfaceForComposites.java:532)
	at ptolemy.actor.util.CausalityInterfaceForComposites.checkForCycles(CausalityInterfaceForComposites.java:96)
	at ptolemy.domains.de.kernel.DEDirector.preinitialize(DEDirector.java:1338)
	at ptolemy.actor.CompositeActor.preinitialize(CompositeActor.java:1828)
	at ptolemy.actor.Manager.preinitializeAndResolveTypes(Manager.java:1040)
	at ptolemy.actor.Manager.initialize(Manager.java:710)
	at ptolemy.actor.Manager.execute(Manager.java:356)
	at ptolemy.actor.Manager.run(Manager.java:1263)
	at ptolemy.actor.Manager$PtolemyRunThread.run(Manager.java:1915)

    while executing
ptolemy.kernel.util.IllegalActionException: Found a zero delay loop containing .dependencyLoop2.original
  in .dependencyLoop2 and .dependencyLoop2.original
    while executing
"java::new ptolemy.moml.MoMLSimpleApplication $file
"
    (procedure "createAndExecute" line 2)
    invoked from within
"createAndExecute $file"
    ("uplevel" body line 5)
    invoked from within
"uplevel $contents_of_test"
------------------ testing $PTII/ptolemy/domains/de/test/auto/knownFailedTests/HierarchicalModel.xml (Known Failure) 
10 ms. Memory: 146944K Free: 89922K (61%)


==== $PTIIhome/travis/build/icyphy/ptII/ptolemy/domains/de/test/../../../../: Auto Automatic test in file $PTII/ptolemy/domains/de/test/auto/knownFailedTests/HierarchicalModel.xml
==== Contents of test case:

	    # FIXME: we should use $relativeFilename here, but it
	    # might have backslashes under Windows, which causes no end
	    # of trouble.
	    createAndExecute $file
	    list {}
	
.... Test generated KNOWN error:
    while executing
ptolemy.kernel.util.IllegalActionException: Found a zero delay loop containing .HierarchicalModel.A
  in .HierarchicalModel and .HierarchicalModel.A
	at ptolemy.actor.util.CausalityInterfaceForComposites._computeOutputPortDepth(CausalityInterfaceForComposites.java:759)
	at ptolemy.actor.util.CausalityInterfaceForComposites._computeInputDepth(CausalityInterfaceForComposites.java:696)
	at ptolemy.actor.util.CausalityInterfaceForComposites._computeOutputPortDepth(CausalityInterfaceForComposites.java:765)
	at ptolemy.actor.util.CausalityInterfaceForComposites._computeInputDepth(CausalityInterfaceForComposites.java:696)
	at ptolemy.actor.util.CausalityInterfaceForComposites._computeOutputPortDepth(CausalityInterfaceForComposites.java:765)
	at ptolemy.actor.util.CausalityInterfaceForComposites._computeInputDepth(CausalityInterfaceForComposites.java:696)
	at ptolemy.actor.util.CausalityInterfaceForComposites._computeActorDepth(CausalityInterfaceForComposites.java:532)
	at ptolemy.actor.util.CausalityInterfaceForComposites.checkForCycles(CausalityInterfaceForComposites.java:96)
	at ptolemy.domains.de.kernel.DEDirector.preinitialize(DEDirector.java:1338)
	at ptolemy.actor.CompositeActor.preinitialize(CompositeActor.java:1828)
	at ptolemy.actor.Manager.preinitializeAndResolveTypes(Manager.java:1040)
	at ptolemy.actor.Manager.initialize(Manager.java:710)
	at ptolemy.actor.Manager.execute(Manager.java:356)
	at ptolemy.actor.Manager.run(Manager.java:1263)
	at ptolemy.actor.Manager$PtolemyRunThread.run(Manager.java:1915)

    while executing
ptolemy.kernel.util.IllegalActionException: Found a zero delay loop containing .HierarchicalModel.A
  in .HierarchicalModel and .HierarchicalModel.A
    while executing
"java::new ptolemy.moml.MoMLSimpleApplication $file
"
    (procedure "createAndExecute" line 2)
    invoked from within
"createAndExecute $file"
    ("uplevel" body line 5)
    invoked from within
"uplevel $contents_of_test"
------------------ testing $PTII/ptolemy/domains/de/test/auto/knownFailedTests/DirectFeedback.xml (Known Failure) 
3 ms. Memory: 146944K Free: 85809K (58%)


==== $PTIIhome/travis/build/icyphy/ptII/ptolemy/domains/de/test/../../../../: Auto Automatic test in file $PTII/ptolemy/domains/de/test/auto/knownFailedTests/DirectFeedback.xml
==== Contents of test case:

	    # FIXME: we should use $relativeFilename here, but it
	    # might have backslashes under Windows, which causes no end
	    # of trouble.
	    createAndExecute $file
	    list {}
	
.... Test generated KNOWN error:
    while executing
ptolemy.kernel.util.IllegalActionException: Test fails in iteration 1.
Value was: 1.0. Should have been: 2.0
  in .DirectFeedback.Test
	at ptolemy.actor.lib.Test.fire(Test.java:268)
	at ptolemy.domains.de.kernel.DEDirector._fire(DEDirector.java:1949)
	at ptolemy.domains.de.kernel.DEDirector.fire(DEDirector.java:502)
	at ptolemy.actor.CompositeActor.fire(CompositeActor.java:455)
	at ptolemy.actor.Manager.iterate(Manager.java:851)
	at ptolemy.actor.Manager.execute(Manager.java:369)
	at ptolemy.actor.Manager.run(Manager.java:1263)
	at ptolemy.actor.Manager$PtolemyRunThread.run(Manager.java:1915)

    while executing
ptolemy.kernel.util.IllegalActionException: Test fails in iteration 1.
Value was: 1.0. Should have been: 2.0
  in .DirectFeedback.Test
    while executing
"java::new ptolemy.moml.MoMLSimpleApplication $file
"
    (procedure "createAndExecute" line 2)
    invoked from within
"createAndExecute $file"
    ("uplevel" body line 5)
    invoked from within
"uplevel $contents_of_test"
------------------ testing $PTII/ptolemy/domains/de/test/auto/ActorDepthCalculation_actorWithoutPorts.xml
auto.tcl: Setting watchdog for 200 seconds at Wed Jan 30 15:57:36 UTC 2019
10 ms. Memory: 146944K Free: 138764K (94%)
ptolemy.util.test.WatchDog.cancel(): canceling Wed Jan 30 15:57:36 UTC 2019
auto.tcl: Setting watchdog for 200 seconds at Wed Jan 30 15:57:36 UTC 2019
4 ms. Memory: 146944K Free: 136742K (93%)
ptolemy.util.test.WatchDog.cancel(): canceling Wed Jan 30 15:57:36 UTC 2019
------------------ testing $PTII/ptolemy/domains/de/test/auto/AssemblyLine.xml
auto.tcl: Setting watchdog for 200 seconds at Wed Jan 30 15:57:37 UTC 2019
14 ms. Memory: 208384K Free: 183474K (88%)
ptolemy.util.test.WatchDog.cancel(): canceling Wed Jan 30 15:57:37 UTC 2019
auto.tcl: Setting watchdog for 200 seconds at Wed Jan 30 15:57:37 UTC 2019
8 ms. Memory: 208384K Free: 183474K (88%)
ptolemy.util.test.WatchDog.cancel(): canceling Wed Jan 30 15:57:37 UTC 2019
------------------ testing $PTII/ptolemy/domains/de/test/auto/CQBug1.xml
auto.tcl: Setting watchdog for 200 seconds at Wed Jan 30 15:57:37 UTC 2019
4 ms. Memory: 208384K Free: 197941K (95%)
ptolemy.util.test.WatchDog.cancel(): canceling Wed Jan 30 15:57:37 UTC 2019
auto.tcl: Setting watchdog for 200 seconds at Wed Jan 30 15:57:37 UTC 2019
2 ms. Memory: 208384K Free: 197941K (95%)
ptolemy.util.test.WatchDog.cancel(): canceling Wed Jan 30 15:57:37 UTC 2019
------------------ testing $PTII/ptolemy/domains/de/test/auto/CancelFireAt.xml
auto.tcl: Setting watchdog for 200 seconds at Wed Jan 30 15:57:37 UTC 2019
5 ms. Memory: 208384K Free: 201583K (97%)
ptolemy.util.test.WatchDog.cancel(): canceling Wed Jan 30 15:57:37 UTC 2019
auto.tcl: Setting watchdog for 200 seconds at Wed Jan 30 15:57:37 UTC 2019
5 ms. Memory: 208384K Free: 199562K (96%)
ptolemy.util.test.WatchDog.cancel(): canceling Wed Jan 30 15:57:37 UTC 2019
------------------ testing $PTII/ptolemy/domains/de/test/auto/CausalityAndComposabilityAnalysis.xml
auto.tcl: Setting watchdog for 200 seconds at Wed Jan 30 15:57:37 UTC 2019
8 ms. Memory: 208384K Free: 199160K (96%)
ptolemy.util.test.WatchDog.cancel(): canceling Wed Jan 30 15:57:37 UTC 2019
auto.tcl: Setting watchdog for 200 seconds at Wed Jan 30 15:57:37 UTC 2019
5 ms. Memory: 208384K Free: 197138K (95%)
ptolemy.util.test.WatchDog.cancel(): canceling Wed Jan 30 15:57:37 UTC 2019
------------------ testing $PTII/ptolemy/domains/de/test/auto/CausalityInterface1.xml
auto.tcl: Setting watchdog for 200 seconds at Wed Jan 30 15:57:37 UTC 2019
11 ms. Memory: 208384K Free: 196555K (94%)
ptolemy.util.test.WatchDog.cancel(): canceling Wed Jan 30 15:57:37 UTC 2019
auto.tcl: Setting watchdog for 200 seconds at Wed Jan 30 15:57:37 UTC 2019
4 ms. Memory: 208384K Free: 196555K (94%)
ptolemy.util.test.WatchDog.cancel(): canceling Wed Jan 30 15:57:37 UTC 2019
------------------ testing $PTII/ptolemy/domains/de/test/auto/CausalityInterface15.xml
auto.tcl: Setting watchdog for 200 seconds at Wed Jan 30 15:57:37 UTC 2019
5 ms. Memory: 208384K Free: 196547K (94%)
ptolemy.util.test.WatchDog.cancel(): canceling Wed Jan 30 15:57:37 UTC 2019
auto.tcl: Setting watchdog for 200 seconds at Wed Jan 30 15:57:37 UTC 2019
8 ms. Memory: 208384K Free: 196547K (94%)
ptolemy.util.test.WatchDog.cancel(): canceling Wed Jan 30 15:57:38 UTC 2019
------------------ testing $PTII/ptolemy/domains/de/test/auto/CausalityInterface2.xml
auto.tcl: Setting watchdog for 200 seconds at Wed Jan 30 15:57:38 UTC 2019
4 ms. Memory: 208384K Free: 196531K (94%)
ptolemy.util.test.WatchDog.cancel(): canceling Wed Jan 30 15:57:38 UTC 2019
auto.tcl: Setting watchdog for 200 seconds at Wed Jan 30 15:57:38 UTC 2019
8 ms. Memory: 208384K Free: 196531K (94%)
ptolemy.util.test.WatchDog.cancel(): canceling Wed Jan 30 15:57:38 UTC 2019
------------------ testing $PTII/ptolemy/domains/de/test/auto/CausalityInterface3.xml
auto.tcl: Setting watchdog for 200 seconds at Wed Jan 30 15:57:38 UTC 2019
3 ms. Memory: 208384K Free: 196543K (94%)
ptolemy.util.test.WatchDog.cancel(): canceling Wed Jan 30 15:57:38 UTC 2019
auto.tcl: Setting watchdog for 200 seconds at Wed Jan 30 15:57:38 UTC 2019
4 ms. Memory: 208384K Free: 196543K (94%)
ptolemy.util.test.WatchDog.cancel(): canceling Wed Jan 30 15:57:38 UTC 2019
------------------ testing $PTII/ptolemy/domains/de/test/auto/ClockDrift.xml
auto.tcl: Setting watchdog for 200 seconds at Wed Jan 30 15:57:38 UTC 2019
91 ms. Memory: 208384K Free: 188011K (90%)
ptolemy.util.test.WatchDog.cancel(): canceling Wed Jan 30 15:57:38 UTC 2019
auto.tcl: Setting watchdog for 200 seconds at Wed Jan 30 15:57:38 UTC 2019
69 ms. Memory: 208384K Free: 185989K (89%)
ptolemy.util.test.WatchDog.cancel(): canceling Wed Jan 30 15:57:38 UTC 2019
------------------ testing $PTII/ptolemy/domains/de/test/auto/ClockDriftAndValueChange.xml
auto.tcl: Setting watchdog for 200 seconds at Wed Jan 30 15:57:38 UTC 2019
47 ms. Memory: 208384K Free: 187845K (90%)
ptolemy.util.test.WatchDog.cancel(): canceling Wed Jan 30 15:57:38 UTC 2019
auto.tcl: Setting watchdog for 200 seconds at Wed Jan 30 15:57:38 UTC 2019
36 ms. Memory: 208384K Free: 185824K (89%)
ptolemy.util.test.WatchDog.cancel(): canceling Wed Jan 30 15:57:38 UTC 2019
------------------ testing $PTII/ptolemy/domains/de/test/auto/ClockDriftChange.xml
auto.tcl: Setting watchdog for 200 seconds at Wed Jan 30 15:57:38 UTC 2019
35 ms. Memory: 208384K Free: 191088K (92%)
ptolemy.util.test.WatchDog.cancel(): canceling Wed Jan 30 15:57:38 UTC 2019
auto.tcl: Setting watchdog for 200 seconds at Wed Jan 30 15:57:38 UTC 2019
21 ms. Memory: 208384K Free: 189067K (91%)
ptolemy.util.test.WatchDog.cancel(): canceling Wed Jan 30 15:57:38 UTC 2019
------------------ testing $PTII/ptolemy/domains/de/test/auto/ComposableCausalityAnalysis.xml
auto.tcl: Setting watchdog for 200 seconds at Wed Jan 30 15:57:38 UTC 2019
2 ms. Memory: 208384K Free: 196399K (94%)
ptolemy.util.test.WatchDog.cancel(): canceling Wed Jan 30 15:57:38 UTC 2019
auto.tcl: Setting watchdog for 200 seconds at Wed Jan 30 15:57:38 UTC 2019
2 ms. Memory: 208384K Free: 194377K (93%)
ptolemy.util.test.WatchDog.cancel(): canceling Wed Jan 30 15:57:38 UTC 2019
------------------ testing $PTII/ptolemy/domains/de/test/auto/DEFixedPointLimitation.xml
auto.tcl: Setting watchdog for 200 seconds at Wed Jan 30 15:57:38 UTC 2019
1 ms. Memory: 208384K Free: 196480K (94%)
ptolemy.util.test.WatchDog.cancel(): canceling Wed Jan 30 15:57:38 UTC 2019
auto.tcl: Setting watchdog for 200 seconds at Wed Jan 30 15:57:38 UTC 2019
1 ms. Memory: 208384K Free: 196480K (94%)
ptolemy.util.test.WatchDog.cancel(): canceling Wed Jan 30 15:57:38 UTC 2019
------------------ testing $PTII/ptolemy/domains/de/test/auto/DEScheduleTest.xml
auto.tcl: Setting watchdog for 200 seconds at Wed Jan 30 15:57:39 UTC 2019
9 ms. Memory: 208384K Free: 198537K (95%)
ptolemy.util.test.WatchDog.cancel(): canceling Wed Jan 30 15:57:39 UTC 2019
auto.tcl: Setting watchdog for 200 seconds at Wed Jan 30 15:57:39 UTC 2019
9 ms. Memory: 208384K Free: 196516K (94%)
ptolemy.util.test.WatchDog.cancel(): canceling Wed Jan 30 15:57:39 UTC 2019
------------------ testing $PTII/ptolemy/domains/de/test/auto/DEinDEwithStartTimes.xml
auto.tcl: Setting watchdog for 200 seconds at Wed Jan 30 15:57:39 UTC 2019
4 ms. Memory: 208384K Free: 196485K (94%)
ptolemy.util.test.WatchDog.cancel(): canceling Wed Jan 30 15:57:39 UTC 2019
auto.tcl: Setting watchdog for 200 seconds at Wed Jan 30 15:57:39 UTC 2019
8 ms. Memory: 208384K Free: 194464K (93%)
ptolemy.util.test.WatchDog.cancel(): canceling Wed Jan 30 15:57:39 UTC 2019
------------------ testing $PTII/ptolemy/domains/de/test/auto/DEinDEwithStartTimes2.xml
auto.tcl: Setting watchdog for 200 seconds at Wed Jan 30 15:57:39 UTC 2019
4 ms. Memory: 208384K Free: 196465K (94%)
ptolemy.util.test.WatchDog.cancel(): canceling Wed Jan 30 15:57:39 UTC 2019
auto.tcl: Setting watchdog for 200 seconds at Wed Jan 30 15:57:39 UTC 2019
3 ms. Memory: 208384K Free: 194443K (93%)
ptolemy.util.test.WatchDog.cancel(): canceling Wed Jan 30 15:57:39 UTC 2019
------------------ testing $PTII/ptolemy/domains/de/test/auto/DateDemo.xml
auto.tcl: Setting watchdog for 200 seconds at Wed Jan 30 15:57:39 UTC 2019
13 ms. Memory: 208384K Free: 189139K (91%)
ptolemy.util.test.WatchDog.cancel(): canceling Wed Jan 30 15:57:39 UTC 2019
auto.tcl: Setting watchdog for 200 seconds at Wed Jan 30 15:57:39 UTC 2019
6 ms. Memory: 208384K Free: 187118K (90%)
ptolemy.util.test.WatchDog.cancel(): canceling Wed Jan 30 15:57:39 UTC 2019
------------------ testing $PTII/ptolemy/domains/de/test/auto/DateToEvent.xml
auto.tcl: Setting watchdog for 200 seconds at Wed Jan 30 15:57:39 UTC 2019
2019 ms. Memory: 208384K Free: 184090K (88%)
ptolemy.util.test.WatchDog.cancel(): canceling Wed Jan 30 15:57:41 UTC 2019
auto.tcl: Setting watchdog for 200 seconds at Wed Jan 30 15:57:41 UTC 2019
2005 ms. Memory: 208384K Free: 184090K (88%)
ptolemy.util.test.WatchDog.cancel(): canceling Wed Jan 30 15:57:43 UTC 2019
------------------ testing $PTII/ptolemy/domains/de/test/auto/DepthTest1.xml
auto.tcl: Setting watchdog for 200 seconds at Wed Jan 30 15:57:43 UTC 2019
5 ms. Memory: 208384K Free: 198585K (95%)
ptolemy.util.test.WatchDog.cancel(): canceling Wed Jan 30 15:57:43 UTC 2019
auto.tcl: Setting watchdog for 200 seconds at Wed Jan 30 15:57:43 UTC 2019
5 ms. Memory: 208384K Free: 198585K (95%)
ptolemy.util.test.WatchDog.cancel(): canceling Wed Jan 30 15:57:43 UTC 2019
------------------ testing $PTII/ptolemy/domains/de/test/auto/DepthTest2.xml
auto.tcl: Setting watchdog for 200 seconds at Wed Jan 30 15:57:43 UTC 2019
3 ms. Memory: 208384K Free: 194424K (93%)
ptolemy.util.test.WatchDog.cancel(): canceling Wed Jan 30 15:57:43 UTC 2019
auto.tcl: Setting watchdog for 200 seconds at Wed Jan 30 15:57:43 UTC 2019
2 ms. Memory: 208384K Free: 194424K (93%)
ptolemy.util.test.WatchDog.cancel(): canceling Wed Jan 30 15:57:43 UTC 2019
------------------ testing $PTII/ptolemy/domains/de/test/auto/DepthTest3.xml
auto.tcl: Setting watchdog for 200 seconds at Wed Jan 30 15:57:43 UTC 2019
11 ms. Memory: 208384K Free: 198920K (95%)
ptolemy.util.test.WatchDog.cancel(): canceling Wed Jan 30 15:57:43 UTC 2019
auto.tcl: Setting watchdog for 200 seconds at Wed Jan 30 15:57:43 UTC 2019
2 ms. Memory: 208384K Free: 198920K (95%)
ptolemy.util.test.WatchDog.cancel(): canceling Wed Jan 30 15:57:43 UTC 2019
------------------ testing $PTII/ptolemy/domains/de/test/auto/DepthTest4.xml
auto.tcl: Setting watchdog for 200 seconds at Wed Jan 30 15:57:43 UTC 2019
3 ms. Memory: 208384K Free: 196467K (94%)
ptolemy.util.test.WatchDog.cancel(): canceling Wed Jan 30 15:57:43 UTC 2019
auto.tcl: Setting watchdog for 200 seconds at Wed Jan 30 15:57:43 UTC 2019
2 ms. Memory: 208384K Free: 196467K (94%)
ptolemy.util.test.WatchDog.cancel(): canceling Wed Jan 30 15:57:43 UTC 2019
------------------ testing $PTII/ptolemy/domains/de/test/auto/DepthTest5.xml
auto.tcl: Setting watchdog for 200 seconds at Wed Jan 30 15:57:43 UTC 2019
8 ms. Memory: 208384K Free: 196932K (95%)
ptolemy.util.test.WatchDog.cancel(): canceling Wed Jan 30 15:57:43 UTC 2019
auto.tcl: Setting watchdog for 200 seconds at Wed Jan 30 15:57:43 UTC 2019
2 ms. Memory: 208384K Free: 196932K (95%)
ptolemy.util.test.WatchDog.cancel(): canceling Wed Jan 30 15:57:43 UTC 2019
------------------ testing $PTII/ptolemy/domains/de/test/auto/DepthTest6.xml
auto.tcl: Setting watchdog for 200 seconds at Wed Jan 30 15:57:43 UTC 2019
10 ms. Memory: 208384K Free: 195680K (94%)
ptolemy.util.test.WatchDog.cancel(): canceling Wed Jan 30 15:57:43 UTC 2019
auto.tcl: Setting watchdog for 200 seconds at Wed Jan 30 15:57:43 UTC 2019
2 ms. Memory: 208384K Free: 195680K (94%)
ptolemy.util.test.WatchDog.cancel(): canceling Wed Jan 30 15:57:43 UTC 2019
------------------ testing $PTII/ptolemy/domains/de/test/auto/DepthTest7.xml
auto.tcl: Setting watchdog for 200 seconds at Wed Jan 30 15:57:44 UTC 2019
3 ms. Memory: 208384K Free: 195142K (94%)
ptolemy.util.test.WatchDog.cancel(): canceling Wed Jan 30 15:57:44 UTC 2019
auto.tcl: Setting watchdog for 200 seconds at Wed Jan 30 15:57:44 UTC 2019
2 ms. Memory: 208384K Free: 195142K (94%)
ptolemy.util.test.WatchDog.cancel(): canceling Wed Jan 30 15:57:44 UTC 2019
------------------ testing $PTII/ptolemy/domains/de/test/auto/EventToDate.xml
auto.tcl: Setting watchdog for 200 seconds at Wed Jan 30 15:57:44 UTC 2019
3011 ms. Memory: 208384K Free: 186285K (89%)
ptolemy.util.test.WatchDog.cancel(): canceling Wed Jan 30 15:57:47 UTC 2019
auto.tcl: Setting watchdog for 200 seconds at Wed Jan 30 15:57:47 UTC 2019
3005 ms. Memory: 208384K Free: 186285K (89%)
ptolemy.util.test.WatchDog.cancel(): canceling Wed Jan 30 15:57:50 UTC 2019
------------------ testing $PTII/ptolemy/domains/de/test/auto/FSM1.xml
auto.tcl: Setting watchdog for 200 seconds at Wed Jan 30 15:57:50 UTC 2019
28 ms. Memory: 208384K Free: 187123K (90%)
ptolemy.util.test.WatchDog.cancel(): canceling Wed Jan 30 15:57:50 UTC 2019
auto.tcl: Setting watchdog for 200 seconds at Wed Jan 30 15:57:50 UTC 2019
19 ms. Memory: 208384K Free: 183080K (88%)
ptolemy.util.test.WatchDog.cancel(): canceling Wed Jan 30 15:57:50 UTC 2019
------------------ testing $PTII/ptolemy/domains/de/test/auto/FSM7.xml
auto.tcl: Setting watchdog for 200 seconds at Wed Jan 30 15:57:50 UTC 2019
14 ms. Memory: 208384K Free: 187762K (90%)
ptolemy.util.test.WatchDog.cancel(): canceling Wed Jan 30 15:57:50 UTC 2019
auto.tcl: Setting watchdog for 200 seconds at Wed Jan 30 15:57:50 UTC 2019
14 ms. Memory: 208384K Free: 185740K (89%)
ptolemy.util.test.WatchDog.cancel(): canceling Wed Jan 30 15:57:50 UTC 2019
------------------ testing $PTII/ptolemy/domains/de/test/auto/Inspection.xml
auto.tcl: Setting watchdog for 200 seconds at Wed Jan 30 15:57:50 UTC 2019
29 ms. Memory: 208384K Free: 189495K (91%)
ptolemy.util.test.WatchDog.cancel(): canceling Wed Jan 30 15:57:50 UTC 2019
auto.tcl: Setting watchdog for 200 seconds at Wed Jan 30 15:57:50 UTC 2019
23 ms. Memory: 208384K Free: 187474K (90%)
ptolemy.util.test.WatchDog.cancel(): canceling Wed Jan 30 15:57:50 UTC 2019
------------------ testing $PTII/ptolemy/domains/de/test/auto/Iteration.xml
auto.tcl: Setting watchdog for 200 seconds at Wed Jan 30 15:57:50 UTC 2019
18 ms. Memory: 208384K Free: 196697K (94%)
ptolemy.util.test.WatchDog.cancel(): canceling Wed Jan 30 15:57:50 UTC 2019
auto.tcl: Setting watchdog for 200 seconds at Wed Jan 30 15:57:50 UTC 2019
6 ms. Memory: 208384K Free: 194676K (93%)
ptolemy.util.test.WatchDog.cancel(): canceling Wed Jan 30 15:57:50 UTC 2019
------------------ testing $PTII/ptolemy/domains/de/test/auto/LineFault.xml
auto.tcl: Setting watchdog for 200 seconds at Wed Jan 30 15:57:50 UTC 2019
652 ms. Memory: 208384K Free: 200386K (96%)
ptolemy.util.test.WatchDog.cancel(): canceling Wed Jan 30 15:57:51 UTC 2019
auto.tcl: Setting watchdog for 200 seconds at Wed Jan 30 15:57:51 UTC 2019
608 ms. Memory: 208384K Free: 143540K (69%)
ptolemy.util.test.WatchDog.cancel(): canceling Wed Jan 30 15:57:52 UTC 2019
------------------ testing $PTII/ptolemy/domains/de/test/auto/MergeModel1Add.xml
auto.tcl: Setting watchdog for 200 seconds at Wed Jan 30 15:57:52 UTC 2019
19 ms. Memory: 331264K Free: 301034K (91%)
ptolemy.util.test.WatchDog.cancel(): canceling Wed Jan 30 15:57:52 UTC 2019
auto.tcl: Setting watchdog for 200 seconds at Wed Jan 30 15:57:52 UTC 2019
17 ms. Memory: 331264K Free: 301034K (91%)
ptolemy.util.test.WatchDog.cancel(): canceling Wed Jan 30 15:57:52 UTC 2019
------------------ testing $PTII/ptolemy/domains/de/test/auto/MergeModel2Add.xml
auto.tcl: Setting watchdog for 200 seconds at Wed Jan 30 15:57:52 UTC 2019
12 ms. Memory: 331264K Free: 305912K (92%)
ptolemy.util.test.WatchDog.cancel(): canceling Wed Jan 30 15:57:52 UTC 2019
auto.tcl: Setting watchdog for 200 seconds at Wed Jan 30 15:57:52 UTC 2019
13 ms. Memory: 331264K Free: 302380K (91%)
ptolemy.util.test.WatchDog.cancel(): canceling Wed Jan 30 15:57:52 UTC 2019
------------------ testing $PTII/ptolemy/domains/de/test/auto/MergeModel3Add.xml
auto.tcl: Setting watchdog for 200 seconds at Wed Jan 30 15:57:52 UTC 2019
9 ms. Memory: 331264K Free: 302358K (91%)
ptolemy.util.test.WatchDog.cancel(): canceling Wed Jan 30 15:57:52 UTC 2019
auto.tcl: Setting watchdog for 200 seconds at Wed Jan 30 15:57:52 UTC 2019
7 ms. Memory: 331264K Free: 302358K (91%)
ptolemy.util.test.WatchDog.cancel(): canceling Wed Jan 30 15:57:52 UTC 2019
------------------ testing $PTII/ptolemy/domains/de/test/auto/MergeWithoutDiscard.xml
auto.tcl: Setting watchdog for 200 seconds at Wed Jan 30 15:57:52 UTC 2019
2 ms. Memory: 331264K Free: 316788K (96%)
ptolemy.util.test.WatchDog.cancel(): canceling Wed Jan 30 15:57:52 UTC 2019
auto.tcl: Setting watchdog for 200 seconds at Wed Jan 30 15:57:52 UTC 2019
2 ms. Memory: 331264K Free: 316112K (95%)
ptolemy.util.test.WatchDog.cancel(): canceling Wed Jan 30 15:57:52 UTC 2019
------------------ testing $PTII/ptolemy/domains/de/test/auto/Modal1.xml
auto.tcl: Setting watchdog for 200 seconds at Wed Jan 30 15:57:52 UTC 2019
11 ms. Memory: 331264K Free: 310420K (94%)
ptolemy.util.test.WatchDog.cancel(): canceling Wed Jan 30 15:57:52 UTC 2019
auto.tcl: Setting watchdog for 200 seconds at Wed Jan 30 15:57:52 UTC 2019
11 ms. Memory: 331264K Free: 306888K (93%)
ptolemy.util.test.WatchDog.cancel(): canceling Wed Jan 30 15:57:52 UTC 2019
------------------ testing $PTII/ptolemy/domains/de/test/auto/Modal2.xml
auto.tcl: Setting watchdog for 200 seconds at Wed Jan 30 15:57:52 UTC 2019
18 ms. Memory: 331264K Free: 310295K (94%)
ptolemy.util.test.WatchDog.cancel(): canceling Wed Jan 30 15:57:52 UTC 2019
auto.tcl: Setting watchdog for 200 seconds at Wed Jan 30 15:57:52 UTC 2019
17 ms. Memory: 331264K Free: 306763K (93%)
ptolemy.util.test.WatchDog.cancel(): canceling Wed Jan 30 15:57:52 UTC 2019
------------------ testing $PTII/ptolemy/domains/de/test/auto/Modal3.xml
auto.tcl: Setting watchdog for 200 seconds at Wed Jan 30 15:57:53 UTC 2019
15 ms. Memory: 331264K Free: 310309K (94%)
ptolemy.util.test.WatchDog.cancel(): canceling Wed Jan 30 15:57:53 UTC 2019
auto.tcl: Setting watchdog for 200 seconds at Wed Jan 30 15:57:53 UTC 2019
10 ms. Memory: 331264K Free: 306777K (93%)
ptolemy.util.test.WatchDog.cancel(): canceling Wed Jan 30 15:57:53 UTC 2019
------------------ testing $PTII/ptolemy/domains/de/test/auto/Modal4.xml
auto.tcl: Setting watchdog for 200 seconds at Wed Jan 30 15:57:53 UTC 2019
27 ms. Memory: 331264K Free: 310306K (94%)
ptolemy.util.test.WatchDog.cancel(): canceling Wed Jan 30 15:57:53 UTC 2019
auto.tcl: Setting watchdog for 200 seconds at Wed Jan 30 15:57:53 UTC 2019
23 ms. Memory: 331264K Free: 306774K (93%)
ptolemy.util.test.WatchDog.cancel(): canceling Wed Jan 30 15:57:53 UTC 2019
------------------ testing $PTII/ptolemy/domains/de/test/auto/Modal5.xml
auto.tcl: Setting watchdog for 200 seconds at Wed Jan 30 15:57:53 UTC 2019
14 ms. Memory: 331264K Free: 310292K (94%)
ptolemy.util.test.WatchDog.cancel(): canceling Wed Jan 30 15:57:53 UTC 2019
auto.tcl: Setting watchdog for 200 seconds at Wed Jan 30 15:57:53 UTC 2019
13 ms. Memory: 331264K Free: 303229K (92%)
ptolemy.util.test.WatchDog.cancel(): canceling Wed Jan 30 15:57:53 UTC 2019
------------------ testing $PTII/ptolemy/domains/de/test/auto/Modal6.xml
auto.tcl: Setting watchdog for 200 seconds at Wed Jan 30 15:57:53 UTC 2019
11 ms. Memory: 331264K Free: 310289K (94%)
ptolemy.util.test.WatchDog.cancel(): canceling Wed Jan 30 15:57:53 UTC 2019
auto.tcl: Setting watchdog for 200 seconds at Wed Jan 30 15:57:53 UTC 2019
13 ms. Memory: 331264K Free: 306758K (93%)
ptolemy.util.test.WatchDog.cancel(): canceling Wed Jan 30 15:57:53 UTC 2019
------------------ testing $PTII/ptolemy/domains/de/test/auto/Modal7.xml
auto.tcl: Setting watchdog for 200 seconds at Wed Jan 30 15:57:53 UTC 2019
10 ms. Memory: 331264K Free: 306758K (93%)
ptolemy.util.test.WatchDog.cancel(): canceling Wed Jan 30 15:57:53 UTC 2019
auto.tcl: Setting watchdog for 200 seconds at Wed Jan 30 15:57:53 UTC 2019
10 ms. Memory: 331264K Free: 303226K (92%)
ptolemy.util.test.WatchDog.cancel(): canceling Wed Jan 30 15:57:53 UTC 2019
------------------ testing $PTII/ptolemy/domains/de/test/auto/ModalModel.xml
auto.tcl: Setting watchdog for 200 seconds at Wed Jan 30 15:57:53 UTC 2019
204 ms. Memory: 331264K Free: 248053K (75%)
ptolemy.util.test.WatchDog.cancel(): canceling Wed Jan 30 15:57:53 UTC 2019
auto.tcl: Setting watchdog for 200 seconds at Wed Jan 30 15:57:53 UTC 2019
176 ms. Memory: 331264K Free: 191544K (58%)
ptolemy.util.test.WatchDog.cancel(): canceling Wed Jan 30 15:57:54 UTC 2019
------------------ testing $PTII/ptolemy/domains/de/test/auto/ModalSource.xml
auto.tcl: Setting watchdog for 200 seconds at Wed Jan 30 15:57:54 UTC 2019
9 ms. Memory: 331264K Free: 316516K (96%)
ptolemy.util.test.WatchDog.cancel(): canceling Wed Jan 30 15:57:54 UTC 2019
auto.tcl: Setting watchdog for 200 seconds at Wed Jan 30 15:57:54 UTC 2019
6 ms. Memory: 331264K Free: 313276K (95%)
ptolemy.util.test.WatchDog.cancel(): canceling Wed Jan 30 15:57:54 UTC 2019
------------------ testing $PTII/ptolemy/domains/de/test/auto/NonInterruptibleTimerZeroDelay.xml
auto.tcl: Setting watchdog for 200 seconds at Wed Jan 30 15:57:54 UTC 2019
4 ms. Memory: 331264K Free: 320847K (97%)
ptolemy.util.test.WatchDog.cancel(): canceling Wed Jan 30 15:57:54 UTC 2019
auto.tcl: Setting watchdog for 200 seconds at Wed Jan 30 15:57:54 UTC 2019
3 ms. Memory: 331264K Free: 317607K (96%)
ptolemy.util.test.WatchDog.cancel(): canceling Wed Jan 30 15:57:54 UTC 2019
------------------ testing $PTII/ptolemy/domains/de/test/auto/OpenQueueingNetwork.xml
auto.tcl: Setting watchdog for 200 seconds at Wed Jan 30 15:57:54 UTC 2019
2849 ms. Memory: 573952K Free: 397918K (69%)
ptolemy.util.test.WatchDog.cancel(): canceling Wed Jan 30 15:57:57 UTC 2019
auto.tcl: Setting watchdog for 200 seconds at Wed Jan 30 15:57:57 UTC 2019
2619 ms. Memory: 574464K Free: 290234K (51%)
ptolemy.util.test.WatchDog.cancel(): canceling Wed Jan 30 15:57:59 UTC 2019
------------------ testing $PTII/ptolemy/domains/de/test/auto/OpenQueuingNetwork.xml
auto.tcl: Setting watchdog for 200 seconds at Wed Jan 30 15:57:59 UTC 2019
244 ms. Memory: 1064960K Free: 937872K (88%)
ptolemy.util.test.WatchDog.cancel(): canceling Wed Jan 30 15:58:00 UTC 2019
auto.tcl: Setting watchdog for 200 seconds at Wed Jan 30 15:58:00 UTC 2019
246 ms. Memory: 1064960K Free: 883168K (83%)
ptolemy.util.test.WatchDog.cancel(): canceling Wed Jan 30 15:58:00 UTC 2019
------------------ testing $PTII/ptolemy/domains/de/test/auto/PeriodicSampler.xml
auto.tcl: Setting watchdog for 200 seconds at Wed Jan 30 15:58:00 UTC 2019
3 ms. Memory: 1065472K Free: 1036654K (97%)
ptolemy.util.test.WatchDog.cancel(): canceling Wed Jan 30 15:58:00 UTC 2019
auto.tcl: Setting watchdog for 200 seconds at Wed Jan 30 15:58:00 UTC 2019
2 ms. Memory: 1065472K Free: 1036654K (97%)
ptolemy.util.test.WatchDog.cancel(): canceling Wed Jan 30 15:58:00 UTC 2019
------------------ testing $PTII/ptolemy/domains/de/test/auto/PersistentIO.xml
auto.tcl: Setting watchdog for 200 seconds at Wed Jan 30 15:58:00 UTC 2019
4 ms. Memory: 1065472K Free: 1027421K (96%)
ptolemy.util.test.WatchDog.cancel(): canceling Wed Jan 30 15:58:00 UTC 2019
auto.tcl: Setting watchdog for 200 seconds at Wed Jan 30 15:58:00 UTC 2019
5 ms. Memory: 1065472K Free: 1027421K (96%)
ptolemy.util.test.WatchDog.cancel(): canceling Wed Jan 30 15:58:00 UTC 2019
------------------ testing $PTII/ptolemy/domains/de/test/auto/PortParameterResetOnInitialize.xml
auto.tcl: Setting watchdog for 200 seconds at Wed Jan 30 15:58:00 UTC 2019
4 ms. Memory: 1065472K Free: 1026144K (96%)
ptolemy.util.test.WatchDog.cancel(): canceling Wed Jan 30 15:58:00 UTC 2019
auto.tcl: Setting watchdog for 200 seconds at Wed Jan 30 15:58:00 UTC 2019
2 ms. Memory: 1065472K Free: 1026144K (96%)
ptolemy.util.test.WatchDog.cancel(): canceling Wed Jan 30 15:58:00 UTC 2019
------------------ testing $PTII/ptolemy/domains/de/test/auto/PortParameterUpdates.xml
auto.tcl: Setting watchdog for 200 seconds at Wed Jan 30 15:58:00 UTC 2019
3 ms. Memory: 1065472K Free: 1037236K (97%)
ptolemy.util.test.WatchDog.cancel(): canceling Wed Jan 30 15:58:00 UTC 2019
auto.tcl: Setting watchdog for 200 seconds at Wed Jan 30 15:58:00 UTC 2019
8 ms. Memory: 1065472K Free: 1037236K (97%)
ptolemy.util.test.WatchDog.cancel(): canceling Wed Jan 30 15:58:00 UTC 2019
------------------ testing $PTII/ptolemy/domains/de/test/auto/QueueAndServer.xml
auto.tcl: Setting watchdog for 200 seconds at Wed Jan 30 15:58:00 UTC 2019
16 ms. Memory: 1065472K Free: 1036059K (97%)
ptolemy.util.test.WatchDog.cancel(): canceling Wed Jan 30 15:58:00 UTC 2019
auto.tcl: Setting watchdog for 200 seconds at Wed Jan 30 15:58:00 UTC 2019
6 ms. Memory: 1065472K Free: 1036059K (97%)
ptolemy.util.test.WatchDog.cancel(): canceling Wed Jan 30 15:58:00 UTC 2019
------------------ testing $PTII/ptolemy/domains/de/test/auto/Records.xml
auto.tcl: Setting watchdog for 200 seconds at Wed Jan 30 15:58:00 UTC 2019
8 ms. Memory: 1065472K Free: 1036002K (97%)
ptolemy.util.test.WatchDog.cancel(): canceling Wed Jan 30 15:58:00 UTC 2019
auto.tcl: Setting watchdog for 200 seconds at Wed Jan 30 15:58:00 UTC 2019
2 ms. Memory: 1065472K Free: 1036002K (97%)
ptolemy.util.test.WatchDog.cancel(): canceling Wed Jan 30 15:58:00 UTC 2019
------------------ testing $PTII/ptolemy/domains/de/test/auto/ResetTransitionWithStartTime1.xml
auto.tcl: Setting watchdog for 200 seconds at Wed Jan 30 15:58:01 UTC 2019
6 ms. Memory: 1065472K Free: 1036027K (97%)
ptolemy.util.test.WatchDog.cancel(): canceling Wed Jan 30 15:58:01 UTC 2019
auto.tcl: Setting watchdog for 200 seconds at Wed Jan 30 15:58:01 UTC 2019
5 ms. Memory: 1065472K Free: 1036027K (97%)
ptolemy.util.test.WatchDog.cancel(): canceling Wed Jan 30 15:58:01 UTC 2019
------------------ testing $PTII/ptolemy/domains/de/test/auto/ResetTransitionWithStartTime2.xml
auto.tcl: Setting watchdog for 200 seconds at Wed Jan 30 15:58:01 UTC 2019
4 ms. Memory: 1064448K Free: 1036134K (97%)
ptolemy.util.test.WatchDog.cancel(): canceling Wed Jan 30 15:58:01 UTC 2019
auto.tcl: Setting watchdog for 200 seconds at Wed Jan 30 15:58:01 UTC 2019
5 ms. Memory: 1064448K Free: 1036134K (97%)
ptolemy.util.test.WatchDog.cancel(): canceling Wed Jan 30 15:58:01 UTC 2019
------------------ testing $PTII/ptolemy/domains/de/test/auto/ResetTransitionWithStartTime3.xml
auto.tcl: Setting watchdog for 200 seconds at Wed Jan 30 15:58:01 UTC 2019
5 ms. Memory: 1064960K Free: 1035505K (97%)
ptolemy.util.test.WatchDog.cancel(): canceling Wed Jan 30 15:58:01 UTC 2019
auto.tcl: Setting watchdog for 200 seconds at Wed Jan 30 15:58:01 UTC 2019
6 ms. Memory: 1064960K Free: 1035505K (97%)
ptolemy.util.test.WatchDog.cancel(): canceling Wed Jan 30 15:58:01 UTC 2019
------------------ testing $PTII/ptolemy/domains/de/test/auto/ResetTransitionWithStartTime4.xml
auto.tcl: Setting watchdog for 200 seconds at Wed Jan 30 15:58:01 UTC 2019
4 ms. Memory: 1064960K Free: 1035503K (97%)
ptolemy.util.test.WatchDog.cancel(): canceling Wed Jan 30 15:58:01 UTC 2019
auto.tcl: Setting watchdog for 200 seconds at Wed Jan 30 15:58:01 UTC 2019
4 ms. Memory: 1064960K Free: 1035503K (97%)
ptolemy.util.test.WatchDog.cancel(): canceling Wed Jan 30 15:58:01 UTC 2019
------------------ testing $PTII/ptolemy/domains/de/test/auto/ResettableTimer1.xml
auto.tcl: Setting watchdog for 200 seconds at Wed Jan 30 15:58:01 UTC 2019
3 ms. Memory: 1064960K Free: 1035499K (97%)
ptolemy.util.test.WatchDog.cancel(): canceling Wed Jan 30 15:58:01 UTC 2019
auto.tcl: Setting watchdog for 200 seconds at Wed Jan 30 15:58:01 UTC 2019
1 ms. Memory: 1064960K Free: 1035499K (97%)
ptolemy.util.test.WatchDog.cancel(): canceling Wed Jan 30 15:58:01 UTC 2019
------------------ testing $PTII/ptolemy/domains/de/test/auto/ResettableTimer2.xml
auto.tcl: Setting watchdog for 200 seconds at Wed Jan 30 15:58:01 UTC 2019
3 ms. Memory: 1064960K Free: 1036697K (97%)
ptolemy.util.test.WatchDog.cancel(): canceling Wed Jan 30 15:58:01 UTC 2019
auto.tcl: Setting watchdog for 200 seconds at Wed Jan 30 15:58:01 UTC 2019
2 ms. Memory: 1064960K Free: 1036697K (97%)
ptolemy.util.test.WatchDog.cancel(): canceling Wed Jan 30 15:58:01 UTC 2019
------------------ testing $PTII/ptolemy/domains/de/test/auto/ResettableTimer3.xml
auto.tcl: Setting watchdog for 200 seconds at Wed Jan 30 15:58:01 UTC 2019
1 ms. Memory: 1064960K Free: 1035556K (97%)
ptolemy.util.test.WatchDog.cancel(): canceling Wed Jan 30 15:58:01 UTC 2019
auto.tcl: Setting watchdog for 200 seconds at Wed Jan 30 15:58:01 UTC 2019
1 ms. Memory: 1064960K Free: 1035556K (97%)
ptolemy.util.test.WatchDog.cancel(): canceling Wed Jan 30 15:58:01 UTC 2019
------------------ testing $PTII/ptolemy/domains/de/test/auto/ResettableTimer4.xml
auto.tcl: Setting watchdog for 200 seconds at Wed Jan 30 15:58:01 UTC 2019
1 ms. Memory: 1063936K Free: 1035685K (97%)
ptolemy.util.test.WatchDog.cancel(): canceling Wed Jan 30 15:58:01 UTC 2019
auto.tcl: Setting watchdog for 200 seconds at Wed Jan 30 15:58:01 UTC 2019
1 ms. Memory: 1063936K Free: 1035685K (97%)
ptolemy.util.test.WatchDog.cancel(): canceling Wed Jan 30 15:58:01 UTC 2019
------------------ testing $PTII/ptolemy/domains/de/test/auto/ResettableTimer5.xml
auto.tcl: Setting watchdog for 200 seconds at Wed Jan 30 15:58:01 UTC 2019
1 ms. Memory: 1064448K Free: 1026375K (96%)
ptolemy.util.test.WatchDog.cancel(): canceling Wed Jan 30 15:58:01 UTC 2019
auto.tcl: Setting watchdog for 200 seconds at Wed Jan 30 15:58:01 UTC 2019
2 ms. Memory: 1064448K Free: 1026375K (96%)
ptolemy.util.test.WatchDog.cancel(): canceling Wed Jan 30 15:58:01 UTC 2019
------------------ testing $PTII/ptolemy/domains/de/test/auto/ResettableTimer6.xml
auto.tcl: Setting watchdog for 200 seconds at Wed Jan 30 15:58:01 UTC 2019
1 ms. Memory: 1064448K Free: 1025184K (96%)
ptolemy.util.test.WatchDog.cancel(): canceling Wed Jan 30 15:58:01 UTC 2019
auto.tcl: Setting watchdog for 200 seconds at Wed Jan 30 15:58:01 UTC 2019
2 ms. Memory: 1064448K Free: 1025184K (96%)
ptolemy.util.test.WatchDog.cancel(): canceling Wed Jan 30 15:58:01 UTC 2019
------------------ testing $PTII/ptolemy/domains/de/test/auto/ServerZeroDelay.xml
auto.tcl: Setting watchdog for 200 seconds at Wed Jan 30 15:58:01 UTC 2019
5 ms. Memory: 1064448K Free: 1036135K (97%)
ptolemy.util.test.WatchDog.cancel(): canceling Wed Jan 30 15:58:01 UTC 2019
auto.tcl: Setting watchdog for 200 seconds at Wed Jan 30 15:58:01 UTC 2019
2 ms. Memory: 1064448K Free: 1036135K (97%)
ptolemy.util.test.WatchDog.cancel(): canceling Wed Jan 30 15:58:01 UTC 2019
------------------ testing $PTII/ptolemy/domains/de/test/auto/SmartSender.xml
auto.tcl: Setting watchdog for 200 seconds at Wed Jan 30 15:58:01 UTC 2019
3002 ms. Memory: 1064448K Free: 1026310K (96%)
ptolemy.util.test.WatchDog.cancel(): canceling Wed Jan 30 15:58:04 UTC 2019
auto.tcl: Setting watchdog for 200 seconds at Wed Jan 30 15:58:04 UTC 2019
3003 ms. Memory: 1064448K Free: 1026310K (96%)
ptolemy.util.test.WatchDog.cancel(): canceling Wed Jan 30 15:58:07 UTC 2019
------------------ testing $PTII/ptolemy/domains/de/test/auto/ThreadedComposite.xml
auto.tcl: Setting watchdog for 200 seconds at Wed Jan 30 15:58:07 UTC 2019
189 ms. Memory: 1064448K Free: 1005544K (94%)
ptolemy.util.test.WatchDog.cancel(): canceling Wed Jan 30 15:58:08 UTC 2019
auto.tcl: Setting watchdog for 200 seconds at Wed Jan 30 15:58:08 UTC 2019
117 ms. Memory: 1064448K Free: 972220K (91%)
ptolemy.util.test.WatchDog.cancel(): canceling Wed Jan 30 15:58:08 UTC 2019
------------------ testing $PTII/ptolemy/domains/de/test/auto/Time.xml
auto.tcl: Setting watchdog for 200 seconds at Wed Jan 30 15:58:08 UTC 2019
516 ms. Memory: 1064448K Free: 985614K (93%)
ptolemy.util.test.WatchDog.cancel(): canceling Wed Jan 30 15:58:08 UTC 2019
auto.tcl: Setting watchdog for 200 seconds at Wed Jan 30 15:58:08 UTC 2019
515 ms. Memory: 1064448K Free: 930882K (87%)
ptolemy.util.test.WatchDog.cancel(): canceling Wed Jan 30 15:58:09 UTC 2019
------------------ testing $PTII/ptolemy/domains/de/test/auto/TimeDelayZeroDelay.xml
auto.tcl: Setting watchdog for 200 seconds at Wed Jan 30 15:58:09 UTC 2019
2 ms. Memory: 1064448K Free: 1034912K (97%)
ptolemy.util.test.WatchDog.cancel(): canceling Wed Jan 30 15:58:09 UTC 2019
auto.tcl: Setting watchdog for 200 seconds at Wed Jan 30 15:58:09 UTC 2019
2 ms. Memory: 1064448K Free: 1034912K (97%)
ptolemy.util.test.WatchDog.cancel(): canceling Wed Jan 30 15:58:09 UTC 2019
------------------ testing $PTII/ptolemy/domains/de/test/auto/TimerZeroDelay.xml
auto.tcl: Setting watchdog for 200 seconds at Wed Jan 30 15:58:09 UTC 2019
4 ms. Memory: 1063424K Free: 1035072K (97%)
ptolemy.util.test.WatchDog.cancel(): canceling Wed Jan 30 15:58:09 UTC 2019
auto.tcl: Setting watchdog for 200 seconds at Wed Jan 30 15:58:09 UTC 2019
2 ms. Memory: 1063424K Free: 1035072K (97%)
ptolemy.util.test.WatchDog.cancel(): canceling Wed Jan 30 15:58:09 UTC 2019
------------------ testing $PTII/ptolemy/domains/de/test/auto/TimingParadox.xml
auto.tcl: Setting watchdog for 200 seconds at Wed Jan 30 15:58:09 UTC 2019
358 ms. Memory: 1063936K Free: 957961K (90%)
ptolemy.util.test.WatchDog.cancel(): canceling Wed Jan 30 15:58:09 UTC 2019
auto.tcl: Setting watchdog for 200 seconds at Wed Jan 30 15:58:09 UTC 2019
327 ms. Memory: 1063936K Free: 916912K (86%)
ptolemy.util.test.WatchDog.cancel(): canceling Wed Jan 30 15:58:10 UTC 2019
------------------ testing $PTII/ptolemy/domains/de/test/auto/TransferInputs.xml
auto.tcl: Setting watchdog for 200 seconds at Wed Jan 30 15:58:10 UTC 2019
2 ms. Memory: 1063424K Free: 1034046K (97%)
ptolemy.util.test.WatchDog.cancel(): canceling Wed Jan 30 15:58:10 UTC 2019
auto.tcl: Setting watchdog for 200 seconds at Wed Jan 30 15:58:10 UTC 2019
1 ms. Memory: 1063424K Free: 1034046K (97%)
ptolemy.util.test.WatchDog.cancel(): canceling Wed Jan 30 15:58:10 UTC 2019
------------------ testing $PTII/ptolemy/domains/de/test/auto/TransferOutputs2.xml
auto.tcl: Setting watchdog for 200 seconds at Wed Jan 30 15:58:10 UTC 2019
4 ms. Memory: 1063936K Free: 1035659K (97%)
ptolemy.util.test.WatchDog.cancel(): canceling Wed Jan 30 15:58:10 UTC 2019
auto.tcl: Setting watchdog for 200 seconds at Wed Jan 30 15:58:10 UTC 2019
3 ms. Memory: 1063936K Free: 1035659K (97%)
ptolemy.util.test.WatchDog.cancel(): canceling Wed Jan 30 15:58:10 UTC 2019
------------------ testing $PTII/ptolemy/domains/de/test/auto/Trilateration.xml
auto.tcl: Setting watchdog for 200 seconds at Wed Jan 30 15:58:10 UTC 2019
13414 ms. Memory: 933376K Free: 775886K (83%)
ptolemy.util.test.WatchDog.cancel(): canceling Wed Jan 30 15:58:24 UTC 2019
auto.tcl: Setting watchdog for 200 seconds at Wed Jan 30 15:58:24 UTC 2019
10685 ms. Memory: 812544K Free: 480670K (59%)
ptolemy.util.test.WatchDog.cancel(): canceling Wed Jan 30 15:58:35 UTC 2019
------------------ testing $PTII/ptolemy/domains/de/test/auto/TwoSigmaDelta.xml
auto.tcl: Setting watchdog for 200 seconds at Wed Jan 30 15:58:35 UTC 2019
2859 ms. Memory: 816640K Free: 496676K (61%)
ptolemy.util.test.WatchDog.cancel(): canceling Wed Jan 30 15:58:38 UTC 2019
auto.tcl: Setting watchdog for 200 seconds at Wed Jan 30 15:58:38 UTC 2019
2143 ms. Memory: 816640K Free: 257811K (32%)
ptolemy.util.test.WatchDog.cancel(): canceling Wed Jan 30 15:58:40 UTC 2019
------------------ testing $PTII/ptolemy/domains/de/test/auto/VariableDelay.xml
auto.tcl: Setting watchdog for 200 seconds at Wed Jan 30 15:58:40 UTC 2019
3 ms. Memory: 813056K Free: 789869K (97%)
ptolemy.util.test.WatchDog.cancel(): canceling Wed Jan 30 15:58:40 UTC 2019
auto.tcl: Setting watchdog for 200 seconds at Wed Jan 30 15:58:40 UTC 2019
1 ms. Memory: 813056K Free: 789869K (97%)
ptolemy.util.test.WatchDog.cancel(): canceling Wed Jan 30 15:58:40 UTC 2019
------------------ testing $PTII/ptolemy/domains/de/test/auto/VariableDelay2.xml
auto.tcl: Setting watchdog for 200 seconds at Wed Jan 30 15:58:40 UTC 2019
2 ms. Memory: 812544K Free: 782457K (96%)
ptolemy.util.test.WatchDog.cancel(): canceling Wed Jan 30 15:58:40 UTC 2019
auto.tcl: Setting watchdog for 200 seconds at Wed Jan 30 15:58:40 UTC 2019
2 ms. Memory: 812544K Free: 782457K (96%)
ptolemy.util.test.WatchDog.cancel(): canceling Wed Jan 30 15:58:40 UTC 2019
------------------ testing $PTII/ptolemy/domains/de/test/auto/VariableDelayZeroDelay.xml
auto.tcl: Setting watchdog for 200 seconds at Wed Jan 30 15:58:40 UTC 2019
2 ms. Memory: 812544K Free: 782456K (96%)
ptolemy.util.test.WatchDog.cancel(): canceling Wed Jan 30 15:58:40 UTC 2019
auto.tcl: Setting watchdog for 200 seconds at Wed Jan 30 15:58:40 UTC 2019
2 ms. Memory: 812544K Free: 782456K (96%)
ptolemy.util.test.WatchDog.cancel(): canceling Wed Jan 30 15:58:40 UTC 2019
------------------ testing $PTII/ptolemy/domains/de/test/auto/VariableDelayZeroDelay2.xml
auto.tcl: Setting watchdog for 200 seconds at Wed Jan 30 15:58:41 UTC 2019
6 ms. Memory: 815616K Free: 785526K (96%)
ptolemy.util.test.WatchDog.cancel(): canceling Wed Jan 30 15:58:41 UTC 2019
auto.tcl: Setting watchdog for 200 seconds at Wed Jan 30 15:58:41 UTC 2019
3 ms. Memory: 815616K Free: 785526K (96%)
ptolemy.util.test.WatchDog.cancel(): canceling Wed Jan 30 15:58:41 UTC 2019
------------------ testing $PTII/ptolemy/domains/de/test/auto/deInCt.xml
auto.tcl: Setting watchdog for 200 seconds at Wed Jan 30 15:58:41 UTC 2019
0
1
1
1
1
0
0
0
1
1
1
1
0
0
0
1
1
1
0
0
0
1
1
1
1
0
0
0
0
1
1
1
0
0
0
1
1
1
0
0
0
0
14 ms. Memory: 812544K Free: 782353K (96%)
ptolemy.util.test.WatchDog.cancel(): canceling Wed Jan 30 15:58:41 UTC 2019
auto.tcl: Setting watchdog for 200 seconds at Wed Jan 30 15:58:41 UTC 2019
0
1
1
1
0
0
0
1
1
1
1
0
0
0
1
1
1
0
0
0
0
1
1
1
0
0
0
1
1
1
1
1
1
0
0
0
1
1
1
1
8 ms. Memory: 812544K Free: 782353K (96%)
ptolemy.util.test.WatchDog.cancel(): canceling Wed Jan 30 15:58:41 UTC 2019
------------------ testing $PTII/ptolemy/domains/de/test/auto/deInCt2.xml
auto.tcl: Setting watchdog for 200 seconds at Wed Jan 30 15:58:41 UTC 2019
0
1
1
1
0
0
1
1
1
0
0
1
1
1
0
0
1
1
1
0
0
1
1
1
0
0
1
1
1
0
0
1
1
1
0
0
1
1
1
0
0
0
9 ms. Memory: 815616K Free: 785523K (96%)
ptolemy.util.test.WatchDog.cancel(): canceling Wed Jan 30 15:58:41 UTC 2019
auto.tcl: Setting watchdog for 200 seconds at Wed Jan 30 15:58:41 UTC 2019
0
1
1
1
0
0
1
1
1
0
0
1
1
1
0
0
1
1
1
0
0
1
1
1
0
0
1
1
1
0
0
1
1
1
0
0
1
1
1
0
0
0
9 ms. Memory: 815616K Free: 785523K (96%)
ptolemy.util.test.WatchDog.cancel(): canceling Wed Jan 30 15:58:41 UTC 2019
------------------ testing $PTII/ptolemy/domains/de/test/auto/dynamicCausalityInterface1.xml
auto.tcl: Setting watchdog for 200 seconds at Wed Jan 30 15:58:41 UTC 2019
8 ms. Memory: 812544K Free: 782447K (96%)
ptolemy.util.test.WatchDog.cancel(): canceling Wed Jan 30 15:58:41 UTC 2019
auto.tcl: Setting watchdog for 200 seconds at Wed Jan 30 15:58:41 UTC 2019
1 ms. Memory: 812544K Free: 782447K (96%)
ptolemy.util.test.WatchDog.cancel(): canceling Wed Jan 30 15:58:41 UTC 2019
------------------ testing $PTII/ptolemy/domains/de/test/auto/fsm_de_test.xml
auto.tcl: Setting watchdog for 200 seconds at Wed Jan 30 15:58:41 UTC 2019
14 ms. Memory: 815104K Free: 784902K (96%)
ptolemy.util.test.WatchDog.cancel(): canceling Wed Jan 30 15:58:41 UTC 2019
auto.tcl: Setting watchdog for 200 seconds at Wed Jan 30 15:58:41 UTC 2019
5 ms. Memory: 815104K Free: 784902K (96%)
ptolemy.util.test.WatchDog.cancel(): canceling Wed Jan 30 15:58:41 UTC 2019
------------------ testing $PTII/ptolemy/domains/de/test/auto/functionDependencyReconstruction.xml
auto.tcl: Setting watchdog for 200 seconds at Wed Jan 30 15:58:41 UTC 2019
5 ms. Memory: 812544K Free: 771770K (95%)
ptolemy.util.test.WatchDog.cancel(): canceling Wed Jan 30 15:58:41 UTC 2019
auto.tcl: Setting watchdog for 200 seconds at Wed Jan 30 15:58:41 UTC 2019
3 ms. Memory: 812544K Free: 771770K (95%)
ptolemy.util.test.WatchDog.cancel(): canceling Wed Jan 30 15:58:41 UTC 2019
------------------ testing $PTII/ptolemy/domains/de/test/auto/multirate.xml
auto.tcl: Setting watchdog for 200 seconds at Wed Jan 30 15:58:41 UTC 2019
3 ms. Memory: 814592K Free: 784256K (96%)
ptolemy.util.test.WatchDog.cancel(): canceling Wed Jan 30 15:58:41 UTC 2019
auto.tcl: Setting watchdog for 200 seconds at Wed Jan 30 15:58:41 UTC 2019
3 ms. Memory: 814592K Free: 784256K (96%)
ptolemy.util.test.WatchDog.cancel(): canceling Wed Jan 30 15:58:41 UTC 2019
------------------ testing $PTII/ptolemy/domains/de/test/auto/multirate2.xml
auto.tcl: Setting watchdog for 200 seconds at Wed Jan 30 15:58:41 UTC 2019
2 ms. Memory: 812544K Free: 782296K (96%)
ptolemy.util.test.WatchDog.cancel(): canceling Wed Jan 30 15:58:41 UTC 2019
auto.tcl: Setting watchdog for 200 seconds at Wed Jan 30 15:58:41 UTC 2019
3 ms. Memory: 812544K Free: 782296K (96%)
ptolemy.util.test.WatchDog.cancel(): canceling Wed Jan 30 15:58:41 UTC 2019
------------------ testing $PTII/ptolemy/domains/de/test/auto/realtime.xml
auto.tcl: Setting watchdog for 200 seconds at Wed Jan 30 15:58:41 UTC 2019
10001 ms. Memory: 814592K Free: 791654K (97%)
ptolemy.util.test.WatchDog.cancel(): canceling Wed Jan 30 15:58:51 UTC 2019
auto.tcl: Setting watchdog for 200 seconds at Wed Jan 30 15:58:51 UTC 2019
10001 ms. Memory: 814592K Free: 791654K (97%)
ptolemy.util.test.WatchDog.cancel(): canceling Wed Jan 30 15:59:01 UTC 2019
------------------ testing $PTII/ptolemy/domains/de/test/auto/relationGroup.xml
auto.tcl: Setting watchdog for 200 seconds at Wed Jan 30 15:59:01 UTC 2019
1 ms. Memory: 812544K Free: 789730K (97%)
ptolemy.util.test.WatchDog.cancel(): canceling Wed Jan 30 15:59:01 UTC 2019
auto.tcl: Setting watchdog for 200 seconds at Wed Jan 30 15:59:01 UTC 2019
2 ms. Memory: 812544K Free: 789730K (97%)
ptolemy.util.test.WatchDog.cancel(): canceling Wed Jan 30 15:59:01 UTC 2019
------------------ testing $PTII/ptolemy/domains/de/test/auto/relationGroup2.xml
auto.tcl: Setting watchdog for 200 seconds at Wed Jan 30 15:59:01 UTC 2019
1 ms. Memory: 814080K Free: 783981K (96%)
ptolemy.util.test.WatchDog.cancel(): canceling Wed Jan 30 15:59:01 UTC 2019
auto.tcl: Setting watchdog for 200 seconds at Wed Jan 30 15:59:01 UTC 2019
1 ms. Memory: 814080K Free: 783981K (96%)
ptolemy.util.test.WatchDog.cancel(): canceling Wed Jan 30 15:59:01 UTC 2019
------------------ testing $PTII/ptolemy/domains/de/test/auto/sortWithOpaquePorts.xml
auto.tcl: Setting watchdog for 200 seconds at Wed Jan 30 15:59:01 UTC 2019
1 ms. Memory: 812544K Free: 782445K (96%)
ptolemy.util.test.WatchDog.cancel(): canceling Wed Jan 30 15:59:01 UTC 2019
auto.tcl: Setting watchdog for 200 seconds at Wed Jan 30 15:59:01 UTC 2019
2 ms. Memory: 812544K Free: 782445K (96%)
ptolemy.util.test.WatchDog.cancel(): canceling Wed Jan 30 15:59:01 UTC 2019
------------------ testing $PTII/ptolemy/domains/de/test/auto/transferInputsandOutputs.xml
auto.tcl: Setting watchdog for 200 seconds at Wed Jan 30 15:59:01 UTC 2019
2 ms. Memory: 814080K Free: 783968K (96%)
ptolemy.util.test.WatchDog.cancel(): canceling Wed Jan 30 15:59:01 UTC 2019
auto.tcl: Setting watchdog for 200 seconds at Wed Jan 30 15:59:01 UTC 2019
2 ms. Memory: 814080K Free: 783968K (96%)
ptolemy.util.test.WatchDog.cancel(): canceling Wed Jan 30 15:59:01 UTC 2019
------------------ testing $PTII/ptolemy/domains/de/test/auto/triggerType.xml
auto.tcl: Setting watchdog for 200 seconds at Wed Jan 30 15:59:01 UTC 2019
2 ms. Memory: 812544K Free: 782383K (96%)
ptolemy.util.test.WatchDog.cancel(): canceling Wed Jan 30 15:59:01 UTC 2019
auto.tcl: Setting watchdog for 200 seconds at Wed Jan 30 15:59:01 UTC 2019
2 ms. Memory: 812544K Free: 782383K (96%)
ptolemy.util.test.WatchDog.cancel(): canceling Wed Jan 30 15:59:01 UTC 2019
01/30/19 03:59:01
Failed: 0  Total Tests: 192  ((Passed: 187, Newly Passed: 1)  Known Failed: 5) /home/travis/build/icyphy/ptII/ptolemy/domains/de/test
01/30/19 03:59:01
Failed: 0  Total Tests: 192  ((Passed: 187, Newly Passed: 1)  Known Failed: 5) /home/travis/build/icyphy/ptII/ptolemy/domains/de/test
----------------- testing (KnownFailure) /home/travis/build/icyphy/ptII/ptolemy/domains/de/test/auto/knownFailedTests/DESDFClockTest.xml
2013 ms. Memory: 813568K Free: 768739K (94%)
Known Failure: java.lang.reflect.InvocationTargetException
----------------- testing (KnownFailure) /home/travis/build/icyphy/ptII/ptolemy/domains/de/test/auto/knownFailedTests/DirectFeedback.xml
2 ms. Memory: 813568K Free: 710248K (87%)
Known Failure: java.lang.reflect.InvocationTargetException
----------------- testing (KnownFailure) /home/travis/build/icyphy/ptII/ptolemy/domains/de/test/auto/knownFailedTests/FSMSource.xml
6 ms. Memory: 813568K Free: 651757K (80%)
----------------- testing (KnownFailure) /home/travis/build/icyphy/ptII/ptolemy/domains/de/test/auto/knownFailedTests/HierarchicalModel.xml
2 ms. Memory: 813568K Free: 607872K (75%)
Known Failure: java.lang.reflect.InvocationTargetException
----------------- testing (KnownFailure) /home/travis/build/icyphy/ptII/ptolemy/domains/de/test/auto/knownFailedTests/dependencyLoop.xml
2 ms. Memory: 813568K Free: 549381K (68%)
Known Failure: java.lang.reflect.InvocationTargetException
----------------- testing (KnownFailure) /home/travis/build/icyphy/ptII/ptolemy/domains/de/test/auto/knownFailedTests/dependencyLoop2.xml
5 ms. Memory: 813568K Free: 490890K (60%)
Known Failure: java.lang.reflect.InvocationTargetException
No auto/linux-amd64/*.xml tests in /home/travis/build/icyphy/ptII/ptolemy/domains/de/test
AutoTests.java: About to close Vertx.
AutoTests.java: Vertx closed.

===========================================================================================
----------------- testing Wed Jan 30 15:59:04 UTC 2019 /home/travis/build/icyphy/ptII/ptolemy/domains/de/test/auto/ActorDepthCalculation_actorWithoutPorts.xml
----------------- Instantiating /home/travis/build/icyphy/ptII/ptolemy/domains/de/test/auto/ActorDepthCalculation_actorWithoutPorts.xml
1 ms. Memory: 813568K Free: 417776K (51%)
----------------- Invoking toplevel() on ptolemy.moml.MoMLSimpleApplication@71ba1ac1
----------------- Done invoking toplevel() on ptolemy.moml.MoMLSimpleApplication@71ba1ac1
reloadAllAccessors: .ActorDepthCalculation_actorWithoutPorts

===========================================================================================
----------------- testing Wed Jan 30 15:59:04 UTC 2019 /home/travis/build/icyphy/ptII/ptolemy/domains/de/test/auto/AssemblyLine.xml
----------------- Instantiating /home/travis/build/icyphy/ptII/ptolemy/domains/de/test/auto/AssemblyLine.xml
2 ms. Memory: 813568K Free: 388531K (48%)
----------------- Invoking toplevel() on ptolemy.moml.MoMLSimpleApplication@2c4e55b6
----------------- Done invoking toplevel() on ptolemy.moml.MoMLSimpleApplication@2c4e55b6
reloadAllAccessors: .AssemblyLine

===========================================================================================
----------------- testing Wed Jan 30 15:59:04 UTC 2019 /home/travis/build/icyphy/ptII/ptolemy/domains/de/test/auto/CQBug1.xml
----------------- Instantiating /home/travis/build/icyphy/ptII/ptolemy/domains/de/test/auto/CQBug1.xml
1 ms. Memory: 813568K Free: 359285K (44%)
----------------- Invoking toplevel() on ptolemy.moml.MoMLSimpleApplication@7746685e
----------------- Done invoking toplevel() on ptolemy.moml.MoMLSimpleApplication@7746685e
reloadAllAccessors: .CQBug1

===========================================================================================
----------------- testing Wed Jan 30 15:59:04 UTC 2019 /home/travis/build/icyphy/ptII/ptolemy/domains/de/test/auto/CancelFireAt.xml
----------------- Instantiating /home/travis/build/icyphy/ptII/ptolemy/domains/de/test/auto/CancelFireAt.xml
1 ms. Memory: 813568K Free: 330040K (41%)
----------------- Invoking toplevel() on ptolemy.moml.MoMLSimpleApplication@2ffa38e
----------------- Done invoking toplevel() on ptolemy.moml.MoMLSimpleApplication@2ffa38e
reloadAllAccessors: .CancelFireAt

===========================================================================================
----------------- testing Wed Jan 30 15:59:04 UTC 2019 /home/travis/build/icyphy/ptII/ptolemy/domains/de/test/auto/CausalityAndComposabilityAnalysis.xml
----------------- Instantiating /home/travis/build/icyphy/ptII/ptolemy/domains/de/test/auto/CausalityAndComposabilityAnalysis.xml
1 ms. Memory: 813568K Free: 300794K (37%)
----------------- Invoking toplevel() on ptolemy.moml.MoMLSimpleApplication@2785fa9b
----------------- Done invoking toplevel() on ptolemy.moml.MoMLSimpleApplication@2785fa9b
reloadAllAccessors: .CausalityAndComposabilityAnalysis

===========================================================================================
----------------- testing Wed Jan 30 15:59:04 UTC 2019 /home/travis/build/icyphy/ptII/ptolemy/domains/de/test/auto/CausalityInterface1.xml
----------------- Instantiating /home/travis/build/icyphy/ptII/ptolemy/domains/de/test/auto/CausalityInterface1.xml
3 ms. Memory: 813568K Free: 271549K (33%)
----------------- Invoking toplevel() on ptolemy.moml.MoMLSimpleApplication@1d2ab72f
----------------- Done invoking toplevel() on ptolemy.moml.MoMLSimpleApplication@1d2ab72f
reloadAllAccessors: .CausalityInterface1

===========================================================================================
----------------- testing Wed Jan 30 15:59:04 UTC 2019 /home/travis/build/icyphy/ptII/ptolemy/domains/de/test/auto/CausalityInterface15.xml
----------------- Instantiating /home/travis/build/icyphy/ptII/ptolemy/domains/de/test/auto/CausalityInterface15.xml
1 ms. Memory: 813568K Free: 242303K (30%)
----------------- Invoking toplevel() on ptolemy.moml.MoMLSimpleApplication@4d1c8f0a
----------------- Done invoking toplevel() on ptolemy.moml.MoMLSimpleApplication@4d1c8f0a
reloadAllAccessors: .CausalityInterface15

===========================================================================================
----------------- testing Wed Jan 30 15:59:04 UTC 2019 /home/travis/build/icyphy/ptII/ptolemy/domains/de/test/auto/CausalityInterface2.xml
----------------- Instantiating /home/travis/build/icyphy/ptII/ptolemy/domains/de/test/auto/CausalityInterface2.xml
2 ms. Memory: 813568K Free: 213058K (26%)
----------------- Invoking toplevel() on ptolemy.moml.MoMLSimpleApplication@4938bbe5
----------------- Done invoking toplevel() on ptolemy.moml.MoMLSimpleApplication@4938bbe5
reloadAllAccessors: .CausalityInterface2

===========================================================================================
----------------- testing Wed Jan 30 15:59:04 UTC 2019 /home/travis/build/icyphy/ptII/ptolemy/domains/de/test/auto/CausalityInterface3.xml
----------------- Instantiating /home/travis/build/icyphy/ptII/ptolemy/domains/de/test/auto/CausalityInterface3.xml
2 ms. Memory: 813568K Free: 183812K (23%)
----------------- Invoking toplevel() on ptolemy.moml.MoMLSimpleApplication@77e8b67a
----------------- Done invoking toplevel() on ptolemy.moml.MoMLSimpleApplication@77e8b67a
reloadAllAccessors: .CausalityInterface3

===========================================================================================
----------------- testing Wed Jan 30 15:59:04 UTC 2019 /home/travis/build/icyphy/ptII/ptolemy/domains/de/test/auto/ClockDrift.xml
----------------- Instantiating /home/travis/build/icyphy/ptII/ptolemy/domains/de/test/auto/ClockDrift.xml
12 ms. Memory: 813568K Free: 154567K (19%)
----------------- Invoking toplevel() on ptolemy.moml.MoMLSimpleApplication@4a8436c7
----------------- Done invoking toplevel() on ptolemy.moml.MoMLSimpleApplication@4a8436c7
reloadAllAccessors: .ClockDrift

===========================================================================================
----------------- testing Wed Jan 30 15:59:04 UTC 2019 /home/travis/build/icyphy/ptII/ptolemy/domains/de/test/auto/ClockDriftAndValueChange.xml
----------------- Instantiating /home/travis/build/icyphy/ptII/ptolemy/domains/de/test/auto/ClockDriftAndValueChange.xml
11 ms. Memory: 813568K Free: 125321K (15%)
----------------- Invoking toplevel() on ptolemy.moml.MoMLSimpleApplication@6999d7ae
----------------- Done invoking toplevel() on ptolemy.moml.MoMLSimpleApplication@6999d7ae
reloadAllAccessors: .ClockDriftAndValueChange

===========================================================================================
----------------- testing Wed Jan 30 15:59:04 UTC 2019 /home/travis/build/icyphy/ptII/ptolemy/domains/de/test/auto/ClockDriftChange.xml
----------------- Instantiating /home/travis/build/icyphy/ptII/ptolemy/domains/de/test/auto/ClockDriftChange.xml
10 ms. Memory: 813568K Free: 96076K (12%)
----------------- Invoking toplevel() on ptolemy.moml.MoMLSimpleApplication@560cb1f3
----------------- Done invoking toplevel() on ptolemy.moml.MoMLSimpleApplication@560cb1f3
reloadAllAccessors: .ClockDriftChange

===========================================================================================
----------------- testing Wed Jan 30 15:59:04 UTC 2019 /home/travis/build/icyphy/ptII/ptolemy/domains/de/test/auto/ComposableCausalityAnalysis.xml
----------------- Instantiating /home/travis/build/icyphy/ptII/ptolemy/domains/de/test/auto/ComposableCausalityAnalysis.xml
0 ms. Memory: 813568K Free: 77493K (10%)
----------------- Invoking toplevel() on ptolemy.moml.MoMLSimpleApplication@3a61cbfa
----------------- Done invoking toplevel() on ptolemy.moml.MoMLSimpleApplication@3a61cbfa
reloadAllAccessors: .ComposableCausalityAnalysis

===========================================================================================
----------------- testing Wed Jan 30 15:59:04 UTC 2019 /home/travis/build/icyphy/ptII/ptolemy/domains/de/test/auto/DEFixedPointLimitation.xml
----------------- Instantiating /home/travis/build/icyphy/ptII/ptolemy/domains/de/test/auto/DEFixedPointLimitation.xml
1 ms. Memory: 777728K Free: 744671K (96%)
----------------- Invoking toplevel() on ptolemy.moml.MoMLSimpleApplication@2ae1cb15
----------------- Done invoking toplevel() on ptolemy.moml.MoMLSimpleApplication@2ae1cb15
reloadAllAccessors: .DEFixedPointLimitation

===========================================================================================
----------------- testing Wed Jan 30 15:59:04 UTC 2019 /home/travis/build/icyphy/ptII/ptolemy/domains/de/test/auto/DEScheduleTest.xml
----------------- Instantiating /home/travis/build/icyphy/ptII/ptolemy/domains/de/test/auto/DEScheduleTest.xml
2 ms. Memory: 777728K Free: 710290K (91%)
----------------- Invoking toplevel() on ptolemy.moml.MoMLSimpleApplication@352e0ad4
----------------- Done invoking toplevel() on ptolemy.moml.MoMLSimpleApplication@352e0ad4
reloadAllAccessors: .DEScheduleTest

===========================================================================================
----------------- testing Wed Jan 30 15:59:04 UTC 2019 /home/travis/build/icyphy/ptII/ptolemy/domains/de/test/auto/DEinDEwithStartTimes.xml
----------------- Instantiating /home/travis/build/icyphy/ptII/ptolemy/domains/de/test/auto/DEinDEwithStartTimes.xml
2 ms. Memory: 777728K Free: 682437K (88%)
----------------- Invoking toplevel() on ptolemy.moml.MoMLSimpleApplication@31b9be46
----------------- Done invoking toplevel() on ptolemy.moml.MoMLSimpleApplication@31b9be46
reloadAllAccessors: .DEinDEwithStartTimes

===========================================================================================
----------------- testing Wed Jan 30 15:59:04 UTC 2019 /home/travis/build/icyphy/ptII/ptolemy/domains/de/test/auto/DEinDEwithStartTimes2.xml
----------------- Instantiating /home/travis/build/icyphy/ptII/ptolemy/domains/de/test/auto/DEinDEwithStartTimes2.xml
2 ms. Memory: 777728K Free: 654523K (84%)
----------------- Invoking toplevel() on ptolemy.moml.MoMLSimpleApplication@28fa238f
----------------- Done invoking toplevel() on ptolemy.moml.MoMLSimpleApplication@28fa238f
reloadAllAccessors: .DEinDEwithStartTimes2

===========================================================================================
----------------- testing Wed Jan 30 15:59:04 UTC 2019 /home/travis/build/icyphy/ptII/ptolemy/domains/de/test/auto/DateDemo.xml
----------------- Instantiating /home/travis/build/icyphy/ptII/ptolemy/domains/de/test/auto/DateDemo.xml
5 ms. Memory: 777728K Free: 626670K (81%)
----------------- Invoking toplevel() on ptolemy.moml.MoMLSimpleApplication@691d488b
----------------- Done invoking toplevel() on ptolemy.moml.MoMLSimpleApplication@691d488b
reloadAllAccessors: .DateDemo

===========================================================================================
----------------- testing Wed Jan 30 15:59:04 UTC 2019 /home/travis/build/icyphy/ptII/ptolemy/domains/de/test/auto/DateToEvent.xml
----------------- Instantiating /home/travis/build/icyphy/ptII/ptolemy/domains/de/test/auto/DateToEvent.xml
2004 ms. Memory: 777728K Free: 584875K (75%)
----------------- Invoking toplevel() on ptolemy.moml.MoMLSimpleApplication@33a61afe
----------------- Done invoking toplevel() on ptolemy.moml.MoMLSimpleApplication@33a61afe
reloadAllAccessors: .DateToEvent

===========================================================================================
----------------- testing Wed Jan 30 15:59:06 UTC 2019 /home/travis/build/icyphy/ptII/ptolemy/domains/de/test/auto/DepthTest1.xml
----------------- Instantiating /home/travis/build/icyphy/ptII/ptolemy/domains/de/test/auto/DepthTest1.xml
1 ms. Memory: 777728K Free: 557022K (72%)
----------------- Invoking toplevel() on ptolemy.moml.MoMLSimpleApplication@4e56a0fe
----------------- Done invoking toplevel() on ptolemy.moml.MoMLSimpleApplication@4e56a0fe
reloadAllAccessors: .DepthTest1

===========================================================================================
----------------- testing Wed Jan 30 15:59:06 UTC 2019 /home/travis/build/icyphy/ptII/ptolemy/domains/de/test/auto/DepthTest2.xml
----------------- Instantiating /home/travis/build/icyphy/ptII/ptolemy/domains/de/test/auto/DepthTest2.xml
2 ms. Memory: 777728K Free: 529169K (68%)
----------------- Invoking toplevel() on ptolemy.moml.MoMLSimpleApplication@6e79088b
----------------- Done invoking toplevel() on ptolemy.moml.MoMLSimpleApplication@6e79088b
reloadAllAccessors: .DepthTest2

===========================================================================================
----------------- testing Wed Jan 30 15:59:06 UTC 2019 /home/travis/build/icyphy/ptII/ptolemy/domains/de/test/auto/DepthTest3.xml
----------------- Instantiating /home/travis/build/icyphy/ptII/ptolemy/domains/de/test/auto/DepthTest3.xml
1 ms. Memory: 777728K Free: 501316K (64%)
----------------- Invoking toplevel() on ptolemy.moml.MoMLSimpleApplication@556dde36
----------------- Done invoking toplevel() on ptolemy.moml.MoMLSimpleApplication@556dde36
reloadAllAccessors: .DepthTest3

===========================================================================================
----------------- testing Wed Jan 30 15:59:06 UTC 2019 /home/travis/build/icyphy/ptII/ptolemy/domains/de/test/auto/DepthTest4.xml
----------------- Instantiating /home/travis/build/icyphy/ptII/ptolemy/domains/de/test/auto/DepthTest4.xml
2 ms. Memory: 777728K Free: 473464K (61%)
----------------- Invoking toplevel() on ptolemy.moml.MoMLSimpleApplication@50c8dbfd
----------------- Done invoking toplevel() on ptolemy.moml.MoMLSimpleApplication@50c8dbfd
reloadAllAccessors: .DepthTest4

===========================================================================================
----------------- testing Wed Jan 30 15:59:06 UTC 2019 /home/travis/build/icyphy/ptII/ptolemy/domains/de/test/auto/DepthTest5.xml
----------------- Instantiating /home/travis/build/icyphy/ptII/ptolemy/domains/de/test/auto/DepthTest5.xml
2 ms. Memory: 777728K Free: 445611K (57%)
----------------- Invoking toplevel() on ptolemy.moml.MoMLSimpleApplication@10b59edb
----------------- Done invoking toplevel() on ptolemy.moml.MoMLSimpleApplication@10b59edb
reloadAllAccessors: .DepthTest5

===========================================================================================
----------------- testing Wed Jan 30 15:59:06 UTC 2019 /home/travis/build/icyphy/ptII/ptolemy/domains/de/test/auto/DepthTest6.xml
----------------- Instantiating /home/travis/build/icyphy/ptII/ptolemy/domains/de/test/auto/DepthTest6.xml
2 ms. Memory: 777728K Free: 417758K (54%)
----------------- Invoking toplevel() on ptolemy.moml.MoMLSimpleApplication@55267b45
----------------- Done invoking toplevel() on ptolemy.moml.MoMLSimpleApplication@55267b45
reloadAllAccessors: .DepthTest6

===========================================================================================
----------------- testing Wed Jan 30 15:59:06 UTC 2019 /home/travis/build/icyphy/ptII/ptolemy/domains/de/test/auto/DepthTest7.xml
----------------- Instantiating /home/travis/build/icyphy/ptII/ptolemy/domains/de/test/auto/DepthTest7.xml
1 ms. Memory: 777728K Free: 389905K (50%)
----------------- Invoking toplevel() on ptolemy.moml.MoMLSimpleApplication@5a92af25
----------------- Done invoking toplevel() on ptolemy.moml.MoMLSimpleApplication@5a92af25
reloadAllAccessors: .DepthTest7

===========================================================================================
----------------- testing Wed Jan 30 15:59:06 UTC 2019 /home/travis/build/icyphy/ptII/ptolemy/domains/de/test/auto/EventToDate.xml
----------------- Instantiating /home/travis/build/icyphy/ptII/ptolemy/domains/de/test/auto/EventToDate.xml
3004 ms. Memory: 777728K Free: 362052K (47%)
----------------- Invoking toplevel() on ptolemy.moml.MoMLSimpleApplication@620b7e07
----------------- Done invoking toplevel() on ptolemy.moml.MoMLSimpleApplication@620b7e07
reloadAllAccessors: .EventToDate

===========================================================================================
----------------- testing Wed Jan 30 15:59:09 UTC 2019 /home/travis/build/icyphy/ptII/ptolemy/domains/de/test/auto/FSM1.xml
----------------- Instantiating /home/travis/build/icyphy/ptII/ptolemy/domains/de/test/auto/FSM1.xml
8 ms. Memory: 777728K Free: 327671K (42%)
----------------- Invoking toplevel() on ptolemy.moml.MoMLSimpleApplication@cc170e3
----------------- Done invoking toplevel() on ptolemy.moml.MoMLSimpleApplication@cc170e3
reloadAllAccessors: .FSM1

===========================================================================================
----------------- testing Wed Jan 30 15:59:09 UTC 2019 /home/travis/build/icyphy/ptII/ptolemy/domains/de/test/auto/FSM7.xml
----------------- Instantiating /home/travis/build/icyphy/ptII/ptolemy/domains/de/test/auto/FSM7.xml
7 ms. Memory: 777728K Free: 299818K (39%)
----------------- Invoking toplevel() on ptolemy.moml.MoMLSimpleApplication@7518cda3
----------------- Done invoking toplevel() on ptolemy.moml.MoMLSimpleApplication@7518cda3
reloadAllAccessors: .FSM7

===========================================================================================
----------------- testing Wed Jan 30 15:59:09 UTC 2019 /home/travis/build/icyphy/ptII/ptolemy/domains/de/test/auto/Inspection.xml
----------------- Instantiating /home/travis/build/icyphy/ptII/ptolemy/domains/de/test/auto/Inspection.xml
11 ms. Memory: 777728K Free: 271965K (35%)
----------------- Invoking toplevel() on ptolemy.moml.MoMLSimpleApplication@b37ee53
----------------- Done invoking toplevel() on ptolemy.moml.MoMLSimpleApplication@b37ee53
reloadAllAccessors: .Inspection

===========================================================================================
----------------- testing Wed Jan 30 15:59:09 UTC 2019 /home/travis/build/icyphy/ptII/ptolemy/domains/de/test/auto/Iteration.xml
----------------- Instantiating /home/travis/build/icyphy/ptII/ptolemy/domains/de/test/auto/Iteration.xml
11 ms. Memory: 777728K Free: 244112K (31%)
----------------- Invoking toplevel() on ptolemy.moml.MoMLSimpleApplication@5833dc01
----------------- Done invoking toplevel() on ptolemy.moml.MoMLSimpleApplication@5833dc01
reloadAllAccessors: .Iteration

===========================================================================================
----------------- testing Wed Jan 30 15:59:09 UTC 2019 /home/travis/build/icyphy/ptII/ptolemy/domains/de/test/auto/LineFault.xml
----------------- Instantiating /home/travis/build/icyphy/ptII/ptolemy/domains/de/test/auto/LineFault.xml
414 ms. Memory: 777728K Free: 118751K (15%)
----------------- Invoking toplevel() on ptolemy.moml.MoMLSimpleApplication@1663a27c
----------------- Done invoking toplevel() on ptolemy.moml.MoMLSimpleApplication@1663a27c
reloadAllAccessors: .LineFault

===========================================================================================
----------------- testing Wed Jan 30 15:59:10 UTC 2019 /home/travis/build/icyphy/ptII/ptolemy/domains/de/test/auto/MergeModel1Add.xml
----------------- Instantiating /home/travis/build/icyphy/ptII/ptolemy/domains/de/test/auto/MergeModel1Add.xml
5 ms. Memory: 777728K Free: 76955K (10%)
----------------- Invoking toplevel() on ptolemy.moml.MoMLSimpleApplication@8a291c1
----------------- Done invoking toplevel() on ptolemy.moml.MoMLSimpleApplication@8a291c1
reloadAllAccessors: .MergeModel1Add

===========================================================================================
----------------- testing Wed Jan 30 15:59:10 UTC 2019 /home/travis/build/icyphy/ptII/ptolemy/domains/de/test/auto/MergeModel2Add.xml
----------------- Instantiating /home/travis/build/icyphy/ptII/ptolemy/domains/de/test/auto/MergeModel2Add.xml
6 ms. Memory: 745472K Free: 713285K (96%)
----------------- Invoking toplevel() on ptolemy.moml.MoMLSimpleApplication@3b66718e
----------------- Done invoking toplevel() on ptolemy.moml.MoMLSimpleApplication@3b66718e
reloadAllAccessors: .MergeModel2Add

===========================================================================================
----------------- testing Wed Jan 30 15:59:10 UTC 2019 /home/travis/build/icyphy/ptII/ptolemy/domains/de/test/auto/MergeModel3Add.xml
----------------- Instantiating /home/travis/build/icyphy/ptII/ptolemy/domains/de/test/auto/MergeModel3Add.xml
7 ms. Memory: 745472K Free: 682623K (92%)
----------------- Invoking toplevel() on ptolemy.moml.MoMLSimpleApplication@7449a0c0
----------------- Done invoking toplevel() on ptolemy.moml.MoMLSimpleApplication@7449a0c0
reloadAllAccessors: .MergeModel3Add

===========================================================================================
----------------- testing Wed Jan 30 15:59:10 UTC 2019 /home/travis/build/icyphy/ptII/ptolemy/domains/de/test/auto/MergeWithoutDiscard.xml
----------------- Instantiating /home/travis/build/icyphy/ptII/ptolemy/domains/de/test/auto/MergeWithoutDiscard.xml
1 ms. Memory: 745472K Free: 669362K (90%)
----------------- Invoking toplevel() on ptolemy.moml.MoMLSimpleApplication@2dcf007f
----------------- Done invoking toplevel() on ptolemy.moml.MoMLSimpleApplication@2dcf007f
reloadAllAccessors: .MergeWithoutDiscard

===========================================================================================
----------------- testing Wed Jan 30 15:59:10 UTC 2019 /home/travis/build/icyphy/ptII/ptolemy/domains/de/test/auto/Modal1.xml
----------------- Instantiating /home/travis/build/icyphy/ptII/ptolemy/domains/de/test/auto/Modal1.xml
11 ms. Memory: 745472K Free: 649433K (87%)
----------------- Invoking toplevel() on ptolemy.moml.MoMLSimpleApplication@3f9ff110
----------------- Done invoking toplevel() on ptolemy.moml.MoMLSimpleApplication@3f9ff110
reloadAllAccessors: .Modal1

===========================================================================================
----------------- testing Wed Jan 30 15:59:10 UTC 2019 /home/travis/build/icyphy/ptII/ptolemy/domains/de/test/auto/Modal2.xml
----------------- Instantiating /home/travis/build/icyphy/ptII/ptolemy/domains/de/test/auto/Modal2.xml
6 ms. Memory: 745472K Free: 629526K (84%)
----------------- Invoking toplevel() on ptolemy.moml.MoMLSimpleApplication@654a9075
----------------- Done invoking toplevel() on ptolemy.moml.MoMLSimpleApplication@654a9075
reloadAllAccessors: .Modal2

===========================================================================================
----------------- testing Wed Jan 30 15:59:10 UTC 2019 /home/travis/build/icyphy/ptII/ptolemy/domains/de/test/auto/Modal3.xml
----------------- Instantiating /home/travis/build/icyphy/ptII/ptolemy/domains/de/test/auto/Modal3.xml
6 ms. Memory: 745472K Free: 609627K (82%)
----------------- Invoking toplevel() on ptolemy.moml.MoMLSimpleApplication@7ccf456a
----------------- Done invoking toplevel() on ptolemy.moml.MoMLSimpleApplication@7ccf456a
reloadAllAccessors: .Modal3

===========================================================================================
----------------- testing Wed Jan 30 15:59:10 UTC 2019 /home/travis/build/icyphy/ptII/ptolemy/domains/de/test/auto/Modal4.xml
----------------- Instantiating /home/travis/build/icyphy/ptII/ptolemy/domains/de/test/auto/Modal4.xml
7 ms. Memory: 745472K Free: 589720K (79%)
----------------- Invoking toplevel() on ptolemy.moml.MoMLSimpleApplication@17995a90
----------------- Done invoking toplevel() on ptolemy.moml.MoMLSimpleApplication@17995a90
reloadAllAccessors: .Modal4

===========================================================================================
----------------- testing Wed Jan 30 15:59:10 UTC 2019 /home/travis/build/icyphy/ptII/ptolemy/domains/de/test/auto/Modal5.xml
----------------- Instantiating /home/travis/build/icyphy/ptII/ptolemy/domains/de/test/auto/Modal5.xml
7 ms. Memory: 745472K Free: 569820K (76%)
----------------- Invoking toplevel() on ptolemy.moml.MoMLSimpleApplication@7d60dc49
----------------- Done invoking toplevel() on ptolemy.moml.MoMLSimpleApplication@7d60dc49
reloadAllAccessors: .Modal5

===========================================================================================
----------------- testing Wed Jan 30 15:59:10 UTC 2019 /home/travis/build/icyphy/ptII/ptolemy/domains/de/test/auto/Modal6.xml
----------------- Instantiating /home/travis/build/icyphy/ptII/ptolemy/domains/de/test/auto/Modal6.xml
7 ms. Memory: 745472K Free: 549913K (74%)
----------------- Invoking toplevel() on ptolemy.moml.MoMLSimpleApplication@48fdf1c7
----------------- Done invoking toplevel() on ptolemy.moml.MoMLSimpleApplication@48fdf1c7
reloadAllAccessors: .Modal6

===========================================================================================
----------------- testing Wed Jan 30 15:59:10 UTC 2019 /home/travis/build/icyphy/ptII/ptolemy/domains/de/test/auto/Modal7.xml
----------------- Instantiating /home/travis/build/icyphy/ptII/ptolemy/domains/de/test/auto/Modal7.xml
6 ms. Memory: 745472K Free: 525874K (71%)
----------------- Invoking toplevel() on ptolemy.moml.MoMLSimpleApplication@53111124
----------------- Done invoking toplevel() on ptolemy.moml.MoMLSimpleApplication@53111124
reloadAllAccessors: .Modal7

===========================================================================================
----------------- testing Wed Jan 30 15:59:10 UTC 2019 /home/travis/build/icyphy/ptII/ptolemy/domains/de/test/auto/ModalModel.xml
----------------- Instantiating /home/travis/build/icyphy/ptII/ptolemy/domains/de/test/auto/ModalModel.xml
93 ms. Memory: 745472K Free: 452826K (61%)
----------------- Invoking toplevel() on ptolemy.moml.MoMLSimpleApplication@6fd96943
----------------- Done invoking toplevel() on ptolemy.moml.MoMLSimpleApplication@6fd96943
reloadAllAccessors: .ModalModel

===========================================================================================
----------------- testing Wed Jan 30 15:59:10 UTC 2019 /home/travis/build/icyphy/ptII/ptolemy/domains/de/test/auto/ModalSource.xml
----------------- Instantiating /home/travis/build/icyphy/ptII/ptolemy/domains/de/test/auto/ModalSource.xml
4 ms. Memory: 745472K Free: 439566K (59%)
----------------- Invoking toplevel() on ptolemy.moml.MoMLSimpleApplication@77de59dd
----------------- Done invoking toplevel() on ptolemy.moml.MoMLSimpleApplication@77de59dd
reloadAllAccessors: .ModalSource

===========================================================================================
----------------- testing Wed Jan 30 15:59:10 UTC 2019 /home/travis/build/icyphy/ptII/ptolemy/domains/de/test/auto/NonInterruptibleTimerZeroDelay.xml
----------------- Instantiating /home/travis/build/icyphy/ptII/ptolemy/domains/de/test/auto/NonInterruptibleTimerZeroDelay.xml
1 ms. Memory: 745472K Free: 426305K (57%)
----------------- Invoking toplevel() on ptolemy.moml.MoMLSimpleApplication@621ad47c
----------------- Done invoking toplevel() on ptolemy.moml.MoMLSimpleApplication@621ad47c
reloadAllAccessors: .NonInterruptibleTimerZeroDelay

===========================================================================================
----------------- testing Wed Jan 30 15:59:10 UTC 2019 /home/travis/build/icyphy/ptII/ptolemy/domains/de/test/auto/OpenQueueingNetwork.xml
----------------- Instantiating /home/travis/build/icyphy/ptII/ptolemy/domains/de/test/auto/OpenQueueingNetwork.xml
2292 ms. Memory: 714240K Free: 411333K (58%)
----------------- Invoking toplevel() on ptolemy.moml.MoMLSimpleApplication@1b12ad0
----------------- Done invoking toplevel() on ptolemy.moml.MoMLSimpleApplication@1b12ad0
reloadAllAccessors: .OpenQueueingNetwork

===========================================================================================
----------------- testing Wed Jan 30 15:59:13 UTC 2019 /home/travis/build/icyphy/ptII/ptolemy/domains/de/test/auto/OpenQueuingNetwork.xml
----------------- Instantiating /home/travis/build/icyphy/ptII/ptolemy/domains/de/test/auto/OpenQueuingNetwork.xml
215 ms. Memory: 714240K Free: 312568K (44%)
----------------- Invoking toplevel() on ptolemy.moml.MoMLSimpleApplication@6c9f5917
----------------- Done invoking toplevel() on ptolemy.moml.MoMLSimpleApplication@6c9f5917
reloadAllAccessors: .OpenQueuingNetwork

===========================================================================================
----------------- testing Wed Jan 30 15:59:13 UTC 2019 /home/travis/build/icyphy/ptII/ptolemy/domains/de/test/auto/PeriodicSampler.xml
----------------- Instantiating /home/travis/build/icyphy/ptII/ptolemy/domains/de/test/auto/PeriodicSampler.xml
5 ms. Memory: 714240K Free: 304144K (43%)
----------------- Invoking toplevel() on ptolemy.moml.MoMLSimpleApplication@7944b939
----------------- Done invoking toplevel() on ptolemy.moml.MoMLSimpleApplication@7944b939
reloadAllAccessors: .PeriodicSampler

===========================================================================================
----------------- testing Wed Jan 30 15:59:13 UTC 2019 /home/travis/build/icyphy/ptII/ptolemy/domains/de/test/auto/PersistentIO.xml
----------------- Instantiating /home/travis/build/icyphy/ptII/ptolemy/domains/de/test/auto/PersistentIO.xml
4 ms. Memory: 714240K Free: 291500K (41%)
----------------- Invoking toplevel() on ptolemy.moml.MoMLSimpleApplication@6b98e0a9
----------------- Done invoking toplevel() on ptolemy.moml.MoMLSimpleApplication@6b98e0a9
reloadAllAccessors: .PersistentIO

===========================================================================================
----------------- testing Wed Jan 30 15:59:13 UTC 2019 /home/travis/build/icyphy/ptII/ptolemy/domains/de/test/auto/PortParameterResetOnInitialize.xml
----------------- Instantiating /home/travis/build/icyphy/ptII/ptolemy/domains/de/test/auto/PortParameterResetOnInitialize.xml
6 ms. Memory: 714240K Free: 283076K (40%)
----------------- Invoking toplevel() on ptolemy.moml.MoMLSimpleApplication@4464effd
----------------- Done invoking toplevel() on ptolemy.moml.MoMLSimpleApplication@4464effd
reloadAllAccessors: .PortParameterResetOnInitialize

===========================================================================================
----------------- testing Wed Jan 30 15:59:13 UTC 2019 /home/travis/build/icyphy/ptII/ptolemy/domains/de/test/auto/PortParameterUpdates.xml
----------------- Instantiating /home/travis/build/icyphy/ptII/ptolemy/domains/de/test/auto/PortParameterUpdates.xml
4 ms. Memory: 714240K Free: 270423K (38%)
----------------- Invoking toplevel() on ptolemy.moml.MoMLSimpleApplication@77bcfe5e
----------------- Done invoking toplevel() on ptolemy.moml.MoMLSimpleApplication@77bcfe5e
reloadAllAccessors: .PortParameterUpdates

===========================================================================================
----------------- testing Wed Jan 30 15:59:13 UTC 2019 /home/travis/build/icyphy/ptII/ptolemy/domains/de/test/auto/QueueAndServer.xml
----------------- Instantiating /home/travis/build/icyphy/ptII/ptolemy/domains/de/test/auto/QueueAndServer.xml
6 ms. Memory: 714240K Free: 255141K (36%)
----------------- Invoking toplevel() on ptolemy.moml.MoMLSimpleApplication@536bb9
----------------- Done invoking toplevel() on ptolemy.moml.MoMLSimpleApplication@536bb9
reloadAllAccessors: .QueueAndServer

===========================================================================================
----------------- testing Wed Jan 30 15:59:13 UTC 2019 /home/travis/build/icyphy/ptII/ptolemy/domains/de/test/auto/Records.xml
----------------- Instantiating /home/travis/build/icyphy/ptII/ptolemy/domains/de/test/auto/Records.xml
4 ms. Memory: 714240K Free: 242489K (34%)
----------------- Invoking toplevel() on ptolemy.moml.MoMLSimpleApplication@6712052d
----------------- Done invoking toplevel() on ptolemy.moml.MoMLSimpleApplication@6712052d
reloadAllAccessors: .Records

===========================================================================================
----------------- testing Wed Jan 30 15:59:13 UTC 2019 /home/travis/build/icyphy/ptII/ptolemy/domains/de/test/auto/ResetTransitionWithStartTime1.xml
----------------- Instantiating /home/travis/build/icyphy/ptII/ptolemy/domains/de/test/auto/ResetTransitionWithStartTime1.xml
5 ms. Memory: 714240K Free: 229837K (32%)
----------------- Invoking toplevel() on ptolemy.moml.MoMLSimpleApplication@1916bd93
----------------- Done invoking toplevel() on ptolemy.moml.MoMLSimpleApplication@1916bd93
reloadAllAccessors: .ResetTransitionWithStartTime1

===========================================================================================
----------------- testing Wed Jan 30 15:59:13 UTC 2019 /home/travis/build/icyphy/ptII/ptolemy/domains/de/test/auto/ResetTransitionWithStartTime2.xml
----------------- Instantiating /home/travis/build/icyphy/ptII/ptolemy/domains/de/test/auto/ResetTransitionWithStartTime2.xml
4 ms. Memory: 714240K Free: 217193K (30%)
----------------- Invoking toplevel() on ptolemy.moml.MoMLSimpleApplication@fb89d55
----------------- Done invoking toplevel() on ptolemy.moml.MoMLSimpleApplication@fb89d55
reloadAllAccessors: .ResetTransitionWithStartTime2

===========================================================================================
----------------- testing Wed Jan 30 15:59:13 UTC 2019 /home/travis/build/icyphy/ptII/ptolemy/domains/de/test/auto/ResetTransitionWithStartTime3.xml
----------------- Instantiating /home/travis/build/icyphy/ptII/ptolemy/domains/de/test/auto/ResetTransitionWithStartTime3.xml
4 ms. Memory: 714240K Free: 204556K (29%)
----------------- Invoking toplevel() on ptolemy.moml.MoMLSimpleApplication@5dde6c38
----------------- Done invoking toplevel() on ptolemy.moml.MoMLSimpleApplication@5dde6c38
reloadAllAccessors: .ResetTransitionWithStartTime3

===========================================================================================
----------------- testing Wed Jan 30 15:59:13 UTC 2019 /home/travis/build/icyphy/ptII/ptolemy/domains/de/test/auto/ResetTransitionWithStartTime4.xml
----------------- Instantiating /home/travis/build/icyphy/ptII/ptolemy/domains/de/test/auto/ResetTransitionWithStartTime4.xml
3 ms. Memory: 714240K Free: 189298K (27%)
----------------- Invoking toplevel() on ptolemy.moml.MoMLSimpleApplication@174c91f5
----------------- Done invoking toplevel() on ptolemy.moml.MoMLSimpleApplication@174c91f5
reloadAllAccessors: .ResetTransitionWithStartTime4

===========================================================================================
----------------- testing Wed Jan 30 15:59:13 UTC 2019 /home/travis/build/icyphy/ptII/ptolemy/domains/de/test/auto/ResettableTimer1.xml
----------------- Instantiating /home/travis/build/icyphy/ptII/ptolemy/domains/de/test/auto/ResettableTimer1.xml
2 ms. Memory: 714240K Free: 180874K (25%)
----------------- Invoking toplevel() on ptolemy.moml.MoMLSimpleApplication@3dbcb584
----------------- Done invoking toplevel() on ptolemy.moml.MoMLSimpleApplication@3dbcb584
reloadAllAccessors: .ResettableTimer1

===========================================================================================
----------------- testing Wed Jan 30 15:59:13 UTC 2019 /home/travis/build/icyphy/ptII/ptolemy/domains/de/test/auto/ResettableTimer2.xml
----------------- Instantiating /home/travis/build/icyphy/ptII/ptolemy/domains/de/test/auto/ResettableTimer2.xml
2 ms. Memory: 714240K Free: 172450K (24%)
----------------- Invoking toplevel() on ptolemy.moml.MoMLSimpleApplication@3e7dc665
----------------- Done invoking toplevel() on ptolemy.moml.MoMLSimpleApplication@3e7dc665
reloadAllAccessors: .ResettableTimer2

===========================================================================================
----------------- testing Wed Jan 30 15:59:13 UTC 2019 /home/travis/build/icyphy/ptII/ptolemy/domains/de/test/auto/ResettableTimer3.xml
----------------- Instantiating /home/travis/build/icyphy/ptII/ptolemy/domains/de/test/auto/ResettableTimer3.xml
1 ms. Memory: 714240K Free: 164026K (23%)
----------------- Invoking toplevel() on ptolemy.moml.MoMLSimpleApplication@340ba116
----------------- Done invoking toplevel() on ptolemy.moml.MoMLSimpleApplication@340ba116
reloadAllAccessors: .ResettableTimer3

===========================================================================================
----------------- testing Wed Jan 30 15:59:13 UTC 2019 /home/travis/build/icyphy/ptII/ptolemy/domains/de/test/auto/ResettableTimer4.xml
----------------- Instantiating /home/travis/build/icyphy/ptII/ptolemy/domains/de/test/auto/ResettableTimer4.xml
1 ms. Memory: 714240K Free: 155602K (22%)
----------------- Invoking toplevel() on ptolemy.moml.MoMLSimpleApplication@1a389741
----------------- Done invoking toplevel() on ptolemy.moml.MoMLSimpleApplication@1a389741
reloadAllAccessors: .ResettableTimer4

===========================================================================================
----------------- testing Wed Jan 30 15:59:13 UTC 2019 /home/travis/build/icyphy/ptII/ptolemy/domains/de/test/auto/ResettableTimer5.xml
----------------- Instantiating /home/travis/build/icyphy/ptII/ptolemy/domains/de/test/auto/ResettableTimer5.xml
2 ms. Memory: 714240K Free: 144571K (20%)
----------------- Invoking toplevel() on ptolemy.moml.MoMLSimpleApplication@4fab77c0
----------------- Done invoking toplevel() on ptolemy.moml.MoMLSimpleApplication@4fab77c0
reloadAllAccessors: .ResettableTimer5

===========================================================================================
----------------- testing Wed Jan 30 15:59:13 UTC 2019 /home/travis/build/icyphy/ptII/ptolemy/domains/de/test/auto/ResettableTimer6.xml
----------------- Instantiating /home/travis/build/icyphy/ptII/ptolemy/domains/de/test/auto/ResettableTimer6.xml
4 ms. Memory: 714240K Free: 136147K (19%)
----------------- Invoking toplevel() on ptolemy.moml.MoMLSimpleApplication@35953fcd
----------------- Done invoking toplevel() on ptolemy.moml.MoMLSimpleApplication@35953fcd
reloadAllAccessors: .ResettableTimer6

===========================================================================================
----------------- testing Wed Jan 30 15:59:13 UTC 2019 /home/travis/build/icyphy/ptII/ptolemy/domains/de/test/auto/ServerZeroDelay.xml
----------------- Instantiating /home/travis/build/icyphy/ptII/ptolemy/domains/de/test/auto/ServerZeroDelay.xml
2 ms. Memory: 714240K Free: 127723K (18%)
----------------- Invoking toplevel() on ptolemy.moml.MoMLSimpleApplication@4a915d60
----------------- Done invoking toplevel() on ptolemy.moml.MoMLSimpleApplication@4a915d60
reloadAllAccessors: .ServerZeroDelay

===========================================================================================
----------------- testing Wed Jan 30 15:59:13 UTC 2019 /home/travis/build/icyphy/ptII/ptolemy/domains/de/test/auto/SmartSender.xml
----------------- Instantiating /home/travis/build/icyphy/ptII/ptolemy/domains/de/test/auto/SmartSender.xml
3000 ms. Memory: 714240K Free: 119299K (17%)
----------------- Invoking toplevel() on ptolemy.moml.MoMLSimpleApplication@6a16f4a7
----------------- Done invoking toplevel() on ptolemy.moml.MoMLSimpleApplication@6a16f4a7
reloadAllAccessors: .SmartSender

===========================================================================================
----------------- testing Wed Jan 30 15:59:16 UTC 2019 /home/travis/build/icyphy/ptII/ptolemy/domains/de/test/auto/ThreadedComposite.xml
----------------- Instantiating /home/travis/build/icyphy/ptII/ptolemy/domains/de/test/auto/ThreadedComposite.xml
1749 ms. Memory: 683520K Free: 535326K (78%)
----------------- Invoking toplevel() on ptolemy.moml.MoMLSimpleApplication@716a405c
----------------- Done invoking toplevel() on ptolemy.moml.MoMLSimpleApplication@716a405c
reloadAllAccessors: .ThreadedComposite

===========================================================================================
----------------- testing Wed Jan 30 15:59:18 UTC 2019 /home/travis/build/icyphy/ptII/ptolemy/domains/de/test/auto/Time.xml
----------------- Instantiating /home/travis/build/icyphy/ptII/ptolemy/domains/de/test/auto/Time.xml
445 ms. Memory: 683520K Free: 475360K (70%)
----------------- Invoking toplevel() on ptolemy.moml.MoMLSimpleApplication@258d15b9
----------------- Done invoking toplevel() on ptolemy.moml.MoMLSimpleApplication@258d15b9
reloadAllAccessors: .Time

===========================================================================================
----------------- testing Wed Jan 30 15:59:18 UTC 2019 /home/travis/build/icyphy/ptII/ptolemy/domains/de/test/auto/TimeDelayZeroDelay.xml
----------------- Instantiating /home/travis/build/icyphy/ptII/ptolemy/domains/de/test/auto/TimeDelayZeroDelay.xml
3 ms. Memory: 683520K Free: 467331K (68%)
----------------- Invoking toplevel() on ptolemy.moml.MoMLSimpleApplication@15276010
----------------- Done invoking toplevel() on ptolemy.moml.MoMLSimpleApplication@15276010
reloadAllAccessors: .TimeDelayZeroDelay

===========================================================================================
----------------- testing Wed Jan 30 15:59:18 UTC 2019 /home/travis/build/icyphy/ptII/ptolemy/domains/de/test/auto/TimerZeroDelay.xml
----------------- Instantiating /home/travis/build/icyphy/ptII/ptolemy/domains/de/test/auto/TimerZeroDelay.xml
1 ms. Memory: 683520K Free: 459303K (67%)
----------------- Invoking toplevel() on ptolemy.moml.MoMLSimpleApplication@5ef22024
----------------- Done invoking toplevel() on ptolemy.moml.MoMLSimpleApplication@5ef22024
reloadAllAccessors: .TimerZeroDelay

===========================================================================================
----------------- testing Wed Jan 30 15:59:18 UTC 2019 /home/travis/build/icyphy/ptII/ptolemy/domains/de/test/auto/TimingParadox.xml
----------------- Instantiating /home/travis/build/icyphy/ptII/ptolemy/domains/de/test/auto/TimingParadox.xml
286 ms. Memory: 683520K Free: 385335K (56%)
----------------- Invoking toplevel() on ptolemy.moml.MoMLSimpleApplication@500b5a54
----------------- Done invoking toplevel() on ptolemy.moml.MoMLSimpleApplication@500b5a54
reloadAllAccessors: .TimingParadox

===========================================================================================
----------------- testing Wed Jan 30 15:59:19 UTC 2019 /home/travis/build/icyphy/ptII/ptolemy/domains/de/test/auto/TransferInputs.xml
----------------- Instantiating /home/travis/build/icyphy/ptII/ptolemy/domains/de/test/auto/TransferInputs.xml
2 ms. Memory: 683520K Free: 377307K (55%)
----------------- Invoking toplevel() on ptolemy.moml.MoMLSimpleApplication@365f79d2
----------------- Done invoking toplevel() on ptolemy.moml.MoMLSimpleApplication@365f79d2
reloadAllAccessors: .TransferInputs

===========================================================================================
----------------- testing Wed Jan 30 15:59:19 UTC 2019 /home/travis/build/icyphy/ptII/ptolemy/domains/de/test/auto/TransferOutputs2.xml
----------------- Instantiating /home/travis/build/icyphy/ptII/ptolemy/domains/de/test/auto/TransferOutputs2.xml
2 ms. Memory: 683520K Free: 365249K (53%)
----------------- Invoking toplevel() on ptolemy.moml.MoMLSimpleApplication@18e28807
----------------- Done invoking toplevel() on ptolemy.moml.MoMLSimpleApplication@18e28807
reloadAllAccessors: .TransferOutputs2

===========================================================================================
----------------- testing Wed Jan 30 15:59:19 UTC 2019 /home/travis/build/icyphy/ptII/ptolemy/domains/de/test/auto/Trilateration.xml
----------------- Instantiating /home/travis/build/icyphy/ptII/ptolemy/domains/de/test/auto/Trilateration.xml
10836 ms. Memory: 555008K Free: 111431K (20%)
----------------- Invoking toplevel() on ptolemy.moml.MoMLSimpleApplication@e52e23e
----------------- Done invoking toplevel() on ptolemy.moml.MoMLSimpleApplication@e52e23e
reloadAllAccessors: .Trilateration

===========================================================================================
----------------- testing Wed Jan 30 15:59:30 UTC 2019 /home/travis/build/icyphy/ptII/ptolemy/domains/de/test/auto/TwoSigmaDelta.xml
----------------- Instantiating /home/travis/build/icyphy/ptII/ptolemy/domains/de/test/auto/TwoSigmaDelta.xml
1918 ms. Memory: 537600K Free: 275829K (51%)
----------------- Invoking toplevel() on ptolemy.moml.MoMLSimpleApplication@3b1874de
----------------- Done invoking toplevel() on ptolemy.moml.MoMLSimpleApplication@3b1874de
reloadAllAccessors: .TwoSigmaDelta

===========================================================================================
----------------- testing Wed Jan 30 15:59:32 UTC 2019 /home/travis/build/icyphy/ptII/ptolemy/domains/de/test/auto/VariableDelay.xml
----------------- Instantiating /home/travis/build/icyphy/ptII/ptolemy/domains/de/test/auto/VariableDelay.xml
1 ms. Memory: 537600K Free: 263806K (49%)
----------------- Invoking toplevel() on ptolemy.moml.MoMLSimpleApplication@740234a9
----------------- Done invoking toplevel() on ptolemy.moml.MoMLSimpleApplication@740234a9
reloadAllAccessors: .VariableDelay

===========================================================================================
----------------- testing Wed Jan 30 15:59:32 UTC 2019 /home/travis/build/icyphy/ptII/ptolemy/domains/de/test/auto/VariableDelay2.xml
----------------- Instantiating /home/travis/build/icyphy/ptII/ptolemy/domains/de/test/auto/VariableDelay2.xml
2 ms. Memory: 537600K Free: 254221K (47%)
----------------- Invoking toplevel() on ptolemy.moml.MoMLSimpleApplication@49dacd6e
----------------- Done invoking toplevel() on ptolemy.moml.MoMLSimpleApplication@49dacd6e
reloadAllAccessors: .VariableDelay2

===========================================================================================
----------------- testing Wed Jan 30 15:59:32 UTC 2019 /home/travis/build/icyphy/ptII/ptolemy/domains/de/test/auto/VariableDelayZeroDelay.xml
----------------- Instantiating /home/travis/build/icyphy/ptII/ptolemy/domains/de/test/auto/VariableDelayZeroDelay.xml
2 ms. Memory: 537600K Free: 244637K (46%)
----------------- Invoking toplevel() on ptolemy.moml.MoMLSimpleApplication@3f9fb10f
----------------- Done invoking toplevel() on ptolemy.moml.MoMLSimpleApplication@3f9fb10f
reloadAllAccessors: .VariableDelayZeroDelay

===========================================================================================
----------------- testing Wed Jan 30 15:59:32 UTC 2019 /home/travis/build/icyphy/ptII/ptolemy/domains/de/test/auto/VariableDelayZeroDelay2.xml
----------------- Instantiating /home/travis/build/icyphy/ptII/ptolemy/domains/de/test/auto/VariableDelayZeroDelay2.xml
2 ms. Memory: 537600K Free: 235052K (44%)
----------------- Invoking toplevel() on ptolemy.moml.MoMLSimpleApplication@1be46252
----------------- Done invoking toplevel() on ptolemy.moml.MoMLSimpleApplication@1be46252
reloadAllAccessors: .VariableDelayZeroDelay2

===========================================================================================
----------------- testing Wed Jan 30 15:59:32 UTC 2019 /home/travis/build/icyphy/ptII/ptolemy/domains/de/test/auto/deInCt.xml
----------------- Instantiating /home/travis/build/icyphy/ptII/ptolemy/domains/de/test/auto/deInCt.xml
0
1
1
1
1
1
1
0
0
0
1
1
1
1
1
0
0
0
1
1
1
0
0
0
1
1
0
0
0
1
1
1
0
0
0
0
1
1
1
1
4 ms. Memory: 537600K Free: 225468K (42%)
----------------- Invoking toplevel() on ptolemy.moml.MoMLSimpleApplication@38963be
----------------- Done invoking toplevel() on ptolemy.moml.MoMLSimpleApplication@38963be
reloadAllAccessors: .deInCt

===========================================================================================
----------------- testing Wed Jan 30 15:59:32 UTC 2019 /home/travis/build/icyphy/ptII/ptolemy/domains/de/test/auto/deInCt2.xml
----------------- Instantiating /home/travis/build/icyphy/ptII/ptolemy/domains/de/test/auto/deInCt2.xml
0
1
1
1
0
0
1
1
1
0
0
1
1
1
0
0
1
1
1
0
0
1
1
1
0
0
1
1
1
0
0
1
1
1
0
0
1
1
1
0
0
0
4 ms. Memory: 537600K Free: 215883K (40%)
----------------- Invoking toplevel() on ptolemy.moml.MoMLSimpleApplication@5df7b092
----------------- Done invoking toplevel() on ptolemy.moml.MoMLSimpleApplication@5df7b092
reloadAllAccessors: .deInCt2

===========================================================================================
----------------- testing Wed Jan 30 15:59:32 UTC 2019 /home/travis/build/icyphy/ptII/ptolemy/domains/de/test/auto/dynamicCausalityInterface1.xml
----------------- Instantiating /home/travis/build/icyphy/ptII/ptolemy/domains/de/test/auto/dynamicCausalityInterface1.xml
0 ms. Memory: 537600K Free: 201775K (38%)
----------------- Invoking toplevel() on ptolemy.moml.MoMLSimpleApplication@2cab1d74
----------------- Done invoking toplevel() on ptolemy.moml.MoMLSimpleApplication@2cab1d74
reloadAllAccessors: .dynamicCausalityInterface1

===========================================================================================
----------------- testing Wed Jan 30 15:59:32 UTC 2019 /home/travis/build/icyphy/ptII/ptolemy/domains/de/test/auto/fsm_de_test.xml
----------------- Instantiating /home/travis/build/icyphy/ptII/ptolemy/domains/de/test/auto/fsm_de_test.xml
4 ms. Memory: 537600K Free: 187675K (35%)
----------------- Invoking toplevel() on ptolemy.moml.MoMLSimpleApplication@165a0d59
----------------- Done invoking toplevel() on ptolemy.moml.MoMLSimpleApplication@165a0d59
reloadAllAccessors: .fsm_de_test

===========================================================================================
----------------- testing Wed Jan 30 15:59:32 UTC 2019 /home/travis/build/icyphy/ptII/ptolemy/domains/de/test/auto/functionDependencyReconstruction.xml
----------------- Instantiating /home/travis/build/icyphy/ptII/ptolemy/domains/de/test/auto/functionDependencyReconstruction.xml
2 ms. Memory: 537600K Free: 164511K (31%)
----------------- Invoking toplevel() on ptolemy.moml.MoMLSimpleApplication@731ce55a
----------------- Done invoking toplevel() on ptolemy.moml.MoMLSimpleApplication@731ce55a
reloadAllAccessors: .functionDependencyReconstruction

===========================================================================================
----------------- testing Wed Jan 30 15:59:32 UTC 2019 /home/travis/build/icyphy/ptII/ptolemy/domains/de/test/auto/multirate.xml
----------------- Instantiating /home/travis/build/icyphy/ptII/ptolemy/domains/de/test/auto/multirate.xml
2 ms. Memory: 537600K Free: 150394K (28%)
----------------- Invoking toplevel() on ptolemy.moml.MoMLSimpleApplication@2f654aef
----------------- Done invoking toplevel() on ptolemy.moml.MoMLSimpleApplication@2f654aef
reloadAllAccessors: .multirate

===========================================================================================
----------------- testing Wed Jan 30 15:59:32 UTC 2019 /home/travis/build/icyphy/ptII/ptolemy/domains/de/test/auto/multirate2.xml
----------------- Instantiating /home/travis/build/icyphy/ptII/ptolemy/domains/de/test/auto/multirate2.xml
3 ms. Memory: 537600K Free: 136278K (25%)
----------------- Invoking toplevel() on ptolemy.moml.MoMLSimpleApplication@d908c26
----------------- Done invoking toplevel() on ptolemy.moml.MoMLSimpleApplication@d908c26
reloadAllAccessors: .multirate2

===========================================================================================
----------------- testing Wed Jan 30 15:59:32 UTC 2019 /home/travis/build/icyphy/ptII/ptolemy/domains/de/test/auto/realtime.xml
----------------- Instantiating /home/travis/build/icyphy/ptII/ptolemy/domains/de/test/auto/realtime.xml
10002 ms. Memory: 537600K Free: 126693K (24%)
----------------- Invoking toplevel() on ptolemy.moml.MoMLSimpleApplication@7bdb825
----------------- Done invoking toplevel() on ptolemy.moml.MoMLSimpleApplication@7bdb825
reloadAllAccessors: .realtime

===========================================================================================
----------------- testing Wed Jan 30 15:59:43 UTC 2019 /home/travis/build/icyphy/ptII/ptolemy/domains/de/test/auto/relationGroup.xml
----------------- Instantiating /home/travis/build/icyphy/ptII/ptolemy/domains/de/test/auto/relationGroup.xml
1 ms. Memory: 537600K Free: 117109K (22%)
----------------- Invoking toplevel() on ptolemy.moml.MoMLSimpleApplication@3351ce86
----------------- Done invoking toplevel() on ptolemy.moml.MoMLSimpleApplication@3351ce86
reloadAllAccessors: .relationGroup

===========================================================================================
----------------- testing Wed Jan 30 15:59:43 UTC 2019 /home/travis/build/icyphy/ptII/ptolemy/domains/de/test/auto/relationGroup2.xml
----------------- Instantiating /home/travis/build/icyphy/ptII/ptolemy/domains/de/test/auto/relationGroup2.xml
2 ms. Memory: 537600K Free: 107524K (20%)
----------------- Invoking toplevel() on ptolemy.moml.MoMLSimpleApplication@75a6fba2
----------------- Done invoking toplevel() on ptolemy.moml.MoMLSimpleApplication@75a6fba2
reloadAllAccessors: .relationGroup2

===========================================================================================
----------------- testing Wed Jan 30 15:59:43 UTC 2019 /home/travis/build/icyphy/ptII/ptolemy/domains/de/test/auto/sortWithOpaquePorts.xml
----------------- Instantiating /home/travis/build/icyphy/ptII/ptolemy/domains/de/test/auto/sortWithOpaquePorts.xml
2 ms. Memory: 537600K Free: 97939K (18%)
----------------- Invoking toplevel() on ptolemy.moml.MoMLSimpleApplication@4f299887
----------------- Done invoking toplevel() on ptolemy.moml.MoMLSimpleApplication@4f299887
reloadAllAccessors: .sortWithOpaquePorts

===========================================================================================
----------------- testing Wed Jan 30 15:59:43 UTC 2019 /home/travis/build/icyphy/ptII/ptolemy/domains/de/test/auto/transferInputsandOutputs.xml
----------------- Instantiating /home/travis/build/icyphy/ptII/ptolemy/domains/de/test/auto/transferInputsandOutputs.xml
1 ms. Memory: 537600K Free: 83823K (16%)
----------------- Invoking toplevel() on ptolemy.moml.MoMLSimpleApplication@3fe1b5d7
----------------- Done invoking toplevel() on ptolemy.moml.MoMLSimpleApplication@3fe1b5d7
reloadAllAccessors: .transferInputsandOutputs

===========================================================================================
----------------- testing Wed Jan 30 15:59:43 UTC 2019 /home/travis/build/icyphy/ptII/ptolemy/domains/de/test/auto/triggerType.xml
----------------- Instantiating /home/travis/build/icyphy/ptII/ptolemy/domains/de/test/auto/triggerType.xml
1 ms. Memory: 537600K Free: 74238K (14%)
----------------- Invoking toplevel() on ptolemy.moml.MoMLSimpleApplication@3b93a91c
----------------- Done invoking toplevel() on ptolemy.moml.MoMLSimpleApplication@3b93a91c
reloadAllAccessors: .triggerType
AutoTests.java: About to close Vertx.
AutoTests.java: Vertx closed.
]]></system-out>
  <system-err><![CDATA[java.lang.RuntimeException: Execution failed
	at ptolemy.moml.MoMLSimpleApplication$UnloadThread.run(MoMLSimpleApplication.java:402)
Caused by: ptolemy.kernel.util.IllegalActionException: Found a zero delay loop containing .dependencyLoop.original
  in .dependencyLoop and .dependencyLoop.original
	at ptolemy.actor.util.CausalityInterfaceForComposites._computeOutputPortDepth(CausalityInterfaceForComposites.java:759)
	at ptolemy.actor.util.CausalityInterfaceForComposites._computeInputDepth(CausalityInterfaceForComposites.java:696)
	at ptolemy.actor.util.CausalityInterfaceForComposites._computeOutputPortDepth(CausalityInterfaceForComposites.java:765)
	at ptolemy.actor.util.CausalityInterfaceForComposites._computeInputDepth(CausalityInterfaceForComposites.java:696)
	at ptolemy.actor.util.CausalityInterfaceForComposites._computeOutputPortDepth(CausalityInterfaceForComposites.java:765)
	at ptolemy.actor.util.CausalityInterfaceForComposites._computeInputDepth(CausalityInterfaceForComposites.java:696)
	at ptolemy.actor.util.CausalityInterfaceForComposites._computeActorDepth(CausalityInterfaceForComposites.java:532)
	at ptolemy.actor.util.CausalityInterfaceForComposites.checkForCycles(CausalityInterfaceForComposites.java:96)
	at ptolemy.domains.de.kernel.DEDirector.preinitialize(DEDirector.java:1338)
	at ptolemy.actor.CompositeActor.preinitialize(CompositeActor.java:1828)
	at ptolemy.actor.Manager.preinitializeAndResolveTypes(Manager.java:1040)
	at ptolemy.actor.Manager.initialize(Manager.java:710)
	at ptolemy.actor.Manager.execute(Manager.java:356)
	at ptolemy.actor.Manager.run(Manager.java:1263)
	at ptolemy.actor.Manager$PtolemyRunThread.run(Manager.java:1915)
java.lang.RuntimeException: Execution failed
	at ptolemy.moml.MoMLSimpleApplication$UnloadThread.run(MoMLSimpleApplication.java:402)
Caused by: ptolemy.kernel.util.IllegalActionException: Found a zero delay loop containing .dependencyLoop2.original
  in .dependencyLoop2 and .dependencyLoop2.original
	at ptolemy.actor.util.CausalityInterfaceForComposites._computeOutputPortDepth(CausalityInterfaceForComposites.java:759)
	at ptolemy.actor.util.CausalityInterfaceForComposites._computeInputDepth(CausalityInterfaceForComposites.java:696)
	at ptolemy.actor.util.CausalityInterfaceForComposites._computeOutputPortDepth(CausalityInterfaceForComposites.java:765)
	at ptolemy.actor.util.CausalityInterfaceForComposites._computeInputDepth(CausalityInterfaceForComposites.java:696)
	at ptolemy.actor.util.CausalityInterfaceForComposites._computeOutputPortDepth(CausalityInterfaceForComposites.java:765)
	at ptolemy.actor.util.CausalityInterfaceForComposites._computeInputDepth(CausalityInterfaceForComposites.java:696)
	at ptolemy.actor.util.CausalityInterfaceForComposites._computeActorDepth(CausalityInterfaceForComposites.java:532)
	at ptolemy.actor.util.CausalityInterfaceForComposites.checkForCycles(CausalityInterfaceForComposites.java:96)
	at ptolemy.domains.de.kernel.DEDirector.preinitialize(DEDirector.java:1338)
	at ptolemy.actor.CompositeActor.preinitialize(CompositeActor.java:1828)
	at ptolemy.actor.Manager.preinitializeAndResolveTypes(Manager.java:1040)
	at ptolemy.actor.Manager.initialize(Manager.java:710)
	at ptolemy.actor.Manager.execute(Manager.java:356)
	at ptolemy.actor.Manager.run(Manager.java:1263)
	at ptolemy.actor.Manager$PtolemyRunThread.run(Manager.java:1915)
java.lang.RuntimeException: Execution failed
	at ptolemy.moml.MoMLSimpleApplication$UnloadThread.run(MoMLSimpleApplication.java:402)
Caused by: ptolemy.kernel.util.IllegalActionException: Found a zero delay loop containing .dependencyLoop.original
  in .dependencyLoop and .dependencyLoop.original
	at ptolemy.actor.util.CausalityInterfaceForComposites._computeOutputPortDepth(CausalityInterfaceForComposites.java:759)
	at ptolemy.actor.util.CausalityInterfaceForComposites._computeInputDepth(CausalityInterfaceForComposites.java:696)
	at ptolemy.actor.util.CausalityInterfaceForComposites._computeOutputPortDepth(CausalityInterfaceForComposites.java:765)
	at ptolemy.actor.util.CausalityInterfaceForComposites._computeInputDepth(CausalityInterfaceForComposites.java:696)
	at ptolemy.actor.util.CausalityInterfaceForComposites._computeOutputPortDepth(CausalityInterfaceForComposites.java:765)
	at ptolemy.actor.util.CausalityInterfaceForComposites._computeInputDepth(CausalityInterfaceForComposites.java:696)
	at ptolemy.actor.util.CausalityInterfaceForComposites._computeActorDepth(CausalityInterfaceForComposites.java:532)
	at ptolemy.actor.util.CausalityInterfaceForComposites.checkForCycles(CausalityInterfaceForComposites.java:96)
	at ptolemy.domains.de.kernel.DEDirector.preinitialize(DEDirector.java:1338)
	at ptolemy.actor.CompositeActor.preinitialize(CompositeActor.java:1828)
	at ptolemy.actor.Manager.preinitializeAndResolveTypes(Manager.java:1040)
	at ptolemy.actor.Manager.initialize(Manager.java:710)
	at ptolemy.actor.Manager.execute(Manager.java:356)
	at ptolemy.actor.Manager.run(Manager.java:1263)
	at ptolemy.actor.Manager$PtolemyRunThread.run(Manager.java:1915)
java.lang.RuntimeException: Execution failed
	at ptolemy.moml.MoMLSimpleApplication$UnloadThread.run(MoMLSimpleApplication.java:402)
Caused by: ptolemy.kernel.util.IllegalActionException: Actor is not ready to fire.  Perhaps UpSample.prefire() returned false? Try debugging the actor by selecting "Listen to Actor".  Also, for SDF check moml for tokenConsumptionRate on input.
  in .DESDFClockTest.Play Bell.Copy1:SDF Director and .DESDFClockTest.Play Bell.UpSample
	at ptolemy.actor.sched.StaticSchedulingDirector.fire(StaticSchedulingDirector.java:227)
	at ptolemy.domains.sdf.kernel.SDFDirector.fire(SDFDirector.java:500)
	at ptolemy.actor.CompositeActor.fire(CompositeActor.java:455)
	at ptolemy.domains.de.kernel.DEDirector._fire(DEDirector.java:1949)
	at ptolemy.domains.de.kernel.DEDirector.fire(DEDirector.java:502)
	at ptolemy.actor.CompositeActor.fire(CompositeActor.java:455)
	at ptolemy.actor.Manager.iterate(Manager.java:851)
	at ptolemy.actor.Manager.execute(Manager.java:369)
	at ptolemy.actor.Manager.run(Manager.java:1263)
	at ptolemy.actor.Manager$PtolemyRunThread.run(Manager.java:1915)
java.lang.RuntimeException: Execution failed
	at ptolemy.moml.MoMLSimpleApplication$UnloadThread.run(MoMLSimpleApplication.java:402)
Caused by: ptolemy.kernel.util.IllegalActionException: Found a zero delay loop containing .dependencyLoop2.original
  in .dependencyLoop2 and .dependencyLoop2.original
	at ptolemy.actor.util.CausalityInterfaceForComposites._computeOutputPortDepth(CausalityInterfaceForComposites.java:759)
	at ptolemy.actor.util.CausalityInterfaceForComposites._computeInputDepth(CausalityInterfaceForComposites.java:696)
	at ptolemy.actor.util.CausalityInterfaceForComposites._computeOutputPortDepth(CausalityInterfaceForComposites.java:765)
	at ptolemy.actor.util.CausalityInterfaceForComposites._computeInputDepth(CausalityInterfaceForComposites.java:696)
	at ptolemy.actor.util.CausalityInterfaceForComposites._computeOutputPortDepth(CausalityInterfaceForComposites.java:765)
	at ptolemy.actor.util.CausalityInterfaceForComposites._computeInputDepth(CausalityInterfaceForComposites.java:696)
	at ptolemy.actor.util.CausalityInterfaceForComposites._computeActorDepth(CausalityInterfaceForComposites.java:532)
	at ptolemy.actor.util.CausalityInterfaceForComposites.checkForCycles(CausalityInterfaceForComposites.java:96)
	at ptolemy.domains.de.kernel.DEDirector.preinitialize(DEDirector.java:1338)
	at ptolemy.actor.CompositeActor.preinitialize(CompositeActor.java:1828)
	at ptolemy.actor.Manager.preinitializeAndResolveTypes(Manager.java:1040)
	at ptolemy.actor.Manager.initialize(Manager.java:710)
	at ptolemy.actor.Manager.execute(Manager.java:356)
	at ptolemy.actor.Manager.run(Manager.java:1263)
	at ptolemy.actor.Manager$PtolemyRunThread.run(Manager.java:1915)
java.lang.RuntimeException: Execution failed
	at ptolemy.moml.MoMLSimpleApplication$UnloadThread.run(MoMLSimpleApplication.java:402)
Caused by: ptolemy.kernel.util.IllegalActionException: Found a zero delay loop containing .HierarchicalModel.A
  in .HierarchicalModel and .HierarchicalModel.A
	at ptolemy.actor.util.CausalityInterfaceForComposites._computeOutputPortDepth(CausalityInterfaceForComposites.java:759)
	at ptolemy.actor.util.CausalityInterfaceForComposites._computeInputDepth(CausalityInterfaceForComposites.java:696)
	at ptolemy.actor.util.CausalityInterfaceForComposites._computeOutputPortDepth(CausalityInterfaceForComposites.java:765)
	at ptolemy.actor.util.CausalityInterfaceForComposites._computeInputDepth(CausalityInterfaceForComposites.java:696)
	at ptolemy.actor.util.CausalityInterfaceForComposites._computeOutputPortDepth(CausalityInterfaceForComposites.java:765)
	at ptolemy.actor.util.CausalityInterfaceForComposites._computeInputDepth(CausalityInterfaceForComposites.java:696)
	at ptolemy.actor.util.CausalityInterfaceForComposites._computeActorDepth(CausalityInterfaceForComposites.java:532)
	at ptolemy.actor.util.CausalityInterfaceForComposites.checkForCycles(CausalityInterfaceForComposites.java:96)
	at ptolemy.domains.de.kernel.DEDirector.preinitialize(DEDirector.java:1338)
	at ptolemy.actor.CompositeActor.preinitialize(CompositeActor.java:1828)
	at ptolemy.actor.Manager.preinitializeAndResolveTypes(Manager.java:1040)
	at ptolemy.actor.Manager.initialize(Manager.java:710)
	at ptolemy.actor.Manager.execute(Manager.java:356)
	at ptolemy.actor.Manager.run(Manager.java:1263)
	at ptolemy.actor.Manager$PtolemyRunThread.run(Manager.java:1915)
java.lang.RuntimeException: Execution failed
	at ptolemy.moml.MoMLSimpleApplication$UnloadThread.run(MoMLSimpleApplication.java:402)
Caused by: ptolemy.kernel.util.IllegalActionException: Test fails in iteration 1.
Value was: 1.0. Should have been: 2.0
  in .DirectFeedback.Test
	at ptolemy.actor.lib.Test.fire(Test.java:268)
	at ptolemy.domains.de.kernel.DEDirector._fire(DEDirector.java:1949)
	at ptolemy.domains.de.kernel.DEDirector.fire(DEDirector.java:502)
	at ptolemy.actor.CompositeActor.fire(CompositeActor.java:455)
	at ptolemy.actor.Manager.iterate(Manager.java:851)
	at ptolemy.actor.Manager.execute(Manager.java:369)
	at ptolemy.actor.Manager.run(Manager.java:1263)
	at ptolemy.actor.Manager$PtolemyRunThread.run(Manager.java:1915)
java.lang.RuntimeException: Execution failed
	at ptolemy.moml.MoMLSimpleApplication$UnloadThread.run(MoMLSimpleApplication.java:402)
Caused by: ptolemy.kernel.util.IllegalActionException: Actor is not ready to fire.  Perhaps UpSample.prefire() returned false? Try debugging the actor by selecting "Listen to Actor".  Also, for SDF check moml for tokenConsumptionRate on input.
  in .DESDFClockTest.Play Bell.Copy1:SDF Director and .DESDFClockTest.Play Bell.UpSample
	at ptolemy.actor.sched.StaticSchedulingDirector.fire(StaticSchedulingDirector.java:227)
	at ptolemy.domains.sdf.kernel.SDFDirector.fire(SDFDirector.java:500)
	at ptolemy.actor.CompositeActor.fire(CompositeActor.java:455)
	at ptolemy.domains.de.kernel.DEDirector._fire(DEDirector.java:1949)
	at ptolemy.domains.de.kernel.DEDirector.fire(DEDirector.java:502)
	at ptolemy.actor.CompositeActor.fire(CompositeActor.java:455)
	at ptolemy.actor.Manager.iterate(Manager.java:851)
	at ptolemy.actor.Manager.execute(Manager.java:369)
	at ptolemy.actor.Manager.run(Manager.java:1263)
	at ptolemy.actor.Manager$PtolemyRunThread.run(Manager.java:1915)
java.lang.reflect.InvocationTargetException
	at sun.reflect.NativeConstructorAccessorImpl.newInstance0(Native Method)
	at sun.reflect.NativeConstructorAccessorImpl.newInstance(NativeConstructorAccessorImpl.java:62)
	at sun.reflect.DelegatingConstructorAccessorImpl.newInstance(DelegatingConstructorAccessorImpl.java:45)
	at java.lang.reflect.Constructor.newInstance(Constructor.java:423)
	at ptolemy.util.test.junit.AutoKnownFailedTests.RunModel(AutoKnownFailedTests.java:105)
	at sun.reflect.NativeMethodAccessorImpl.invoke0(Native Method)
	at sun.reflect.NativeMethodAccessorImpl.invoke(NativeMethodAccessorImpl.java:62)
	at sun.reflect.DelegatingMethodAccessorImpl.invoke(DelegatingMethodAccessorImpl.java:43)
	at java.lang.reflect.Method.invoke(Method.java:498)
	at org.junit.runners.model.FrameworkMethod$1.runReflectiveCall(FrameworkMethod.java:44)
	at org.junit.internal.runners.model.ReflectiveCallable.run(ReflectiveCallable.java:15)
	at org.junit.runners.model.FrameworkMethod.invokeExplosively(FrameworkMethod.java:41)
	at junitparams.internal.InvokeParameterisedMethod.evaluate(InvokeParameterisedMethod.java:102)
	at org.junit.internal.runners.statements.FailOnTimeout$1.run(FailOnTimeout.java:28)
Caused by: ptolemy.kernel.util.IllegalActionException: Actor is not ready to fire.  Perhaps UpSample.prefire() returned false? Try debugging the actor by selecting "Listen to Actor".  Also, for SDF check moml for tokenConsumptionRate on input.
  in .DESDFClockTest.Play Bell.Copy1:SDF Director and .DESDFClockTest.Play Bell.UpSample
	at ptolemy.actor.sched.StaticSchedulingDirector.fire(StaticSchedulingDirector.java:227)
	at ptolemy.domains.sdf.kernel.SDFDirector.fire(SDFDirector.java:500)
	at ptolemy.actor.CompositeActor.fire(CompositeActor.java:455)
	at ptolemy.domains.de.kernel.DEDirector._fire(DEDirector.java:1949)
	at ptolemy.domains.de.kernel.DEDirector.fire(DEDirector.java:502)
	at ptolemy.actor.CompositeActor.fire(CompositeActor.java:455)
	at ptolemy.actor.Manager.iterate(Manager.java:851)
	at ptolemy.actor.Manager.execute(Manager.java:369)
	at ptolemy.actor.Manager.run(Manager.java:1263)
	at ptolemy.actor.Manager$PtolemyRunThread.run(Manager.java:1915)
java.lang.RuntimeException: Execution failed
	at ptolemy.moml.MoMLSimpleApplication$UnloadThread.run(MoMLSimpleApplication.java:402)
Caused by: ptolemy.kernel.util.IllegalActionException: Test fails in iteration 1.
Value was: 1.0. Should have been: 2.0
  in .DirectFeedback.Test
	at ptolemy.actor.lib.Test.fire(Test.java:268)
	at ptolemy.domains.de.kernel.DEDirector._fire(DEDirector.java:1949)
	at ptolemy.domains.de.kernel.DEDirector.fire(DEDirector.java:502)
	at ptolemy.actor.CompositeActor.fire(CompositeActor.java:455)
	at ptolemy.actor.Manager.iterate(Manager.java:851)
	at ptolemy.actor.Manager.execute(Manager.java:369)
	at ptolemy.actor.Manager.run(Manager.java:1263)
	at ptolemy.actor.Manager$PtolemyRunThread.run(Manager.java:1915)
java.lang.reflect.InvocationTargetException
	at sun.reflect.NativeConstructorAccessorImpl.newInstance0(Native Method)
	at sun.reflect.NativeConstructorAccessorImpl.newInstance(NativeConstructorAccessorImpl.java:62)
	at sun.reflect.DelegatingConstructorAccessorImpl.newInstance(DelegatingConstructorAccessorImpl.java:45)
	at java.lang.reflect.Constructor.newInstance(Constructor.java:423)
	at ptolemy.util.test.junit.AutoKnownFailedTests.RunModel(AutoKnownFailedTests.java:105)
	at sun.reflect.NativeMethodAccessorImpl.invoke0(Native Method)
	at sun.reflect.NativeMethodAccessorImpl.invoke(NativeMethodAccessorImpl.java:62)
	at sun.reflect.DelegatingMethodAccessorImpl.invoke(DelegatingMethodAccessorImpl.java:43)
	at java.lang.reflect.Method.invoke(Method.java:498)
	at org.junit.runners.model.FrameworkMethod$1.runReflectiveCall(FrameworkMethod.java:44)
	at org.junit.internal.runners.model.ReflectiveCallable.run(ReflectiveCallable.java:15)
	at org.junit.runners.model.FrameworkMethod.invokeExplosively(FrameworkMethod.java:41)
	at junitparams.internal.InvokeParameterisedMethod.evaluate(InvokeParameterisedMethod.java:102)
	at org.junit.internal.runners.statements.FailOnTimeout$1.run(FailOnTimeout.java:28)
Caused by: ptolemy.kernel.util.IllegalActionException: Test fails in iteration 1.
Value was: 1.0. Should have been: 2.0
  in .DirectFeedback.Test
	at ptolemy.actor.lib.Test.fire(Test.java:268)
	at ptolemy.domains.de.kernel.DEDirector._fire(DEDirector.java:1949)
	at ptolemy.domains.de.kernel.DEDirector.fire(DEDirector.java:502)
	at ptolemy.actor.CompositeActor.fire(CompositeActor.java:455)
	at ptolemy.actor.Manager.iterate(Manager.java:851)
	at ptolemy.actor.Manager.execute(Manager.java:369)
	at ptolemy.actor.Manager.run(Manager.java:1263)
	at ptolemy.actor.Manager$PtolemyRunThread.run(Manager.java:1915)
java.lang.RuntimeException: Execution failed
	at ptolemy.moml.MoMLSimpleApplication$UnloadThread.run(MoMLSimpleApplication.java:402)
Caused by: ptolemy.kernel.util.IllegalActionException: Found a zero delay loop containing .HierarchicalModel.A
  in .HierarchicalModel and .HierarchicalModel.A
	at ptolemy.actor.util.CausalityInterfaceForComposites._computeOutputPortDepth(CausalityInterfaceForComposites.java:759)
	at ptolemy.actor.util.CausalityInterfaceForComposites._computeInputDepth(CausalityInterfaceForComposites.java:696)
	at ptolemy.actor.util.CausalityInterfaceForComposites._computeOutputPortDepth(CausalityInterfaceForComposites.java:765)
	at ptolemy.actor.util.CausalityInterfaceForComposites._computeInputDepth(CausalityInterfaceForComposites.java:696)
	at ptolemy.actor.util.CausalityInterfaceForComposites._computeOutputPortDepth(CausalityInterfaceForComposites.java:765)
	at ptolemy.actor.util.CausalityInterfaceForComposites._computeInputDepth(CausalityInterfaceForComposites.java:696)
	at ptolemy.actor.util.CausalityInterfaceForComposites._computeActorDepth(CausalityInterfaceForComposites.java:532)
	at ptolemy.actor.util.CausalityInterfaceForComposites.checkForCycles(CausalityInterfaceForComposites.java:96)
	at ptolemy.domains.de.kernel.DEDirector.preinitialize(DEDirector.java:1338)
	at ptolemy.actor.CompositeActor.preinitialize(CompositeActor.java:1828)
	at ptolemy.actor.Manager.preinitializeAndResolveTypes(Manager.java:1040)
	at ptolemy.actor.Manager.initialize(Manager.java:710)
	at ptolemy.actor.Manager.execute(Manager.java:356)
	at ptolemy.actor.Manager.run(Manager.java:1263)
	at ptolemy.actor.Manager$PtolemyRunThread.run(Manager.java:1915)
java.lang.reflect.InvocationTargetException
	at sun.reflect.NativeConstructorAccessorImpl.newInstance0(Native Method)
	at sun.reflect.NativeConstructorAccessorImpl.newInstance(NativeConstructorAccessorImpl.java:62)
	at sun.reflect.DelegatingConstructorAccessorImpl.newInstance(DelegatingConstructorAccessorImpl.java:45)
	at java.lang.reflect.Constructor.newInstance(Constructor.java:423)
	at ptolemy.util.test.junit.AutoKnownFailedTests.RunModel(AutoKnownFailedTests.java:105)
	at sun.reflect.NativeMethodAccessorImpl.invoke0(Native Method)
	at sun.reflect.NativeMethodAccessorImpl.invoke(NativeMethodAccessorImpl.java:62)
	at sun.reflect.DelegatingMethodAccessorImpl.invoke(DelegatingMethodAccessorImpl.java:43)
	at java.lang.reflect.Method.invoke(Method.java:498)
	at org.junit.runners.model.FrameworkMethod$1.runReflectiveCall(FrameworkMethod.java:44)
	at org.junit.internal.runners.model.ReflectiveCallable.run(ReflectiveCallable.java:15)
	at org.junit.runners.model.FrameworkMethod.invokeExplosively(FrameworkMethod.java:41)
	at junitparams.internal.InvokeParameterisedMethod.evaluate(InvokeParameterisedMethod.java:102)
	at org.junit.internal.runners.statements.FailOnTimeout$1.run(FailOnTimeout.java:28)
Caused by: ptolemy.kernel.util.IllegalActionException: Found a zero delay loop containing .HierarchicalModel.A
  in .HierarchicalModel and .HierarchicalModel.A
	at ptolemy.actor.util.CausalityInterfaceForComposites._computeOutputPortDepth(CausalityInterfaceForComposites.java:759)
	at ptolemy.actor.util.CausalityInterfaceForComposites._computeInputDepth(CausalityInterfaceForComposites.java:696)
	at ptolemy.actor.util.CausalityInterfaceForComposites._computeOutputPortDepth(CausalityInterfaceForComposites.java:765)
	at ptolemy.actor.util.CausalityInterfaceForComposites._computeInputDepth(CausalityInterfaceForComposites.java:696)
	at ptolemy.actor.util.CausalityInterfaceForComposites._computeOutputPortDepth(CausalityInterfaceForComposites.java:765)
	at ptolemy.actor.util.CausalityInterfaceForComposites._computeInputDepth(CausalityInterfaceForComposites.java:696)
	at ptolemy.actor.util.CausalityInterfaceForComposites._computeActorDepth(CausalityInterfaceForComposites.java:532)
	at ptolemy.actor.util.CausalityInterfaceForComposites.checkForCycles(CausalityInterfaceForComposites.java:96)
	at ptolemy.domains.de.kernel.DEDirector.preinitialize(DEDirector.java:1338)
	at ptolemy.actor.CompositeActor.preinitialize(CompositeActor.java:1828)
	at ptolemy.actor.Manager.preinitializeAndResolveTypes(Manager.java:1040)
	at ptolemy.actor.Manager.initialize(Manager.java:710)
	at ptolemy.actor.Manager.execute(Manager.java:356)
	at ptolemy.actor.Manager.run(Manager.java:1263)
	at ptolemy.actor.Manager$PtolemyRunThread.run(Manager.java:1915)
java.lang.RuntimeException: Execution failed
	at ptolemy.moml.MoMLSimpleApplication$UnloadThread.run(MoMLSimpleApplication.java:402)
Caused by: ptolemy.kernel.util.IllegalActionException: Found a zero delay loop containing .dependencyLoop.original
  in .dependencyLoop and .dependencyLoop.original
	at ptolemy.actor.util.CausalityInterfaceForComposites._computeOutputPortDepth(CausalityInterfaceForComposites.java:759)
	at ptolemy.actor.util.CausalityInterfaceForComposites._computeInputDepth(CausalityInterfaceForComposites.java:696)
	at ptolemy.actor.util.CausalityInterfaceForComposites._computeOutputPortDepth(CausalityInterfaceForComposites.java:765)
	at ptolemy.actor.util.CausalityInterfaceForComposites._computeInputDepth(CausalityInterfaceForComposites.java:696)
	at ptolemy.actor.util.CausalityInterfaceForComposites._computeOutputPortDepth(CausalityInterfaceForComposites.java:765)
	at ptolemy.actor.util.CausalityInterfaceForComposites._computeInputDepth(CausalityInterfaceForComposites.java:696)
	at ptolemy.actor.util.CausalityInterfaceForComposites._computeActorDepth(CausalityInterfaceForComposites.java:532)
	at ptolemy.actor.util.CausalityInterfaceForComposites.checkForCycles(CausalityInterfaceForComposites.java:96)
	at ptolemy.domains.de.kernel.DEDirector.preinitialize(DEDirector.java:1338)
	at ptolemy.actor.CompositeActor.preinitialize(CompositeActor.java:1828)
	at ptolemy.actor.Manager.preinitializeAndResolveTypes(Manager.java:1040)
	at ptolemy.actor.Manager.initialize(Manager.java:710)
	at ptolemy.actor.Manager.execute(Manager.java:356)
	at ptolemy.actor.Manager.run(Manager.java:1263)
	at ptolemy.actor.Manager$PtolemyRunThread.run(Manager.java:1915)
java.lang.reflect.InvocationTargetException
	at sun.reflect.NativeConstructorAccessorImpl.newInstance0(Native Method)
	at sun.reflect.NativeConstructorAccessorImpl.newInstance(NativeConstructorAccessorImpl.java:62)
	at sun.reflect.DelegatingConstructorAccessorImpl.newInstance(DelegatingConstructorAccessorImpl.java:45)
	at java.lang.reflect.Constructor.newInstance(Constructor.java:423)
	at ptolemy.util.test.junit.AutoKnownFailedTests.RunModel(AutoKnownFailedTests.java:105)
	at sun.reflect.NativeMethodAccessorImpl.invoke0(Native Method)
	at sun.reflect.NativeMethodAccessorImpl.invoke(NativeMethodAccessorImpl.java:62)
	at sun.reflect.DelegatingMethodAccessorImpl.invoke(DelegatingMethodAccessorImpl.java:43)
	at java.lang.reflect.Method.invoke(Method.java:498)
	at org.junit.runners.model.FrameworkMethod$1.runReflectiveCall(FrameworkMethod.java:44)
	at org.junit.internal.runners.model.ReflectiveCallable.run(ReflectiveCallable.java:15)
	at org.junit.runners.model.FrameworkMethod.invokeExplosively(FrameworkMethod.java:41)
	at junitparams.internal.InvokeParameterisedMethod.evaluate(InvokeParameterisedMethod.java:102)
	at org.junit.internal.runners.statements.FailOnTimeout$1.run(FailOnTimeout.java:28)
Caused by: ptolemy.kernel.util.IllegalActionException: Found a zero delay loop containing .dependencyLoop.original
  in .dependencyLoop and .dependencyLoop.original
	at ptolemy.actor.util.CausalityInterfaceForComposites._computeOutputPortDepth(CausalityInterfaceForComposites.java:759)
	at ptolemy.actor.util.CausalityInterfaceForComposites._computeInputDepth(CausalityInterfaceForComposites.java:696)
	at ptolemy.actor.util.CausalityInterfaceForComposites._computeOutputPortDepth(CausalityInterfaceForComposites.java:765)
	at ptolemy.actor.util.CausalityInterfaceForComposites._computeInputDepth(CausalityInterfaceForComposites.java:696)
	at ptolemy.actor.util.CausalityInterfaceForComposites._computeOutputPortDepth(CausalityInterfaceForComposites.java:765)
	at ptolemy.actor.util.CausalityInterfaceForComposites._computeInputDepth(CausalityInterfaceForComposites.java:696)
	at ptolemy.actor.util.CausalityInterfaceForComposites._computeActorDepth(CausalityInterfaceForComposites.java:532)
	at ptolemy.actor.util.CausalityInterfaceForComposites.checkForCycles(CausalityInterfaceForComposites.java:96)
	at ptolemy.domains.de.kernel.DEDirector.preinitialize(DEDirector.java:1338)
	at ptolemy.actor.CompositeActor.preinitialize(CompositeActor.java:1828)
	at ptolemy.actor.Manager.preinitializeAndResolveTypes(Manager.java:1040)
	at ptolemy.actor.Manager.initialize(Manager.java:710)
	at ptolemy.actor.Manager.execute(Manager.java:356)
	at ptolemy.actor.Manager.run(Manager.java:1263)
	at ptolemy.actor.Manager$PtolemyRunThread.run(Manager.java:1915)
java.lang.RuntimeException: Execution failed
	at ptolemy.moml.MoMLSimpleApplication$UnloadThread.run(MoMLSimpleApplication.java:402)
Caused by: ptolemy.kernel.util.IllegalActionException: Found a zero delay loop containing .dependencyLoop2.original
  in .dependencyLoop2 and .dependencyLoop2.original
	at ptolemy.actor.util.CausalityInterfaceForComposites._computeOutputPortDepth(CausalityInterfaceForComposites.java:759)
	at ptolemy.actor.util.CausalityInterfaceForComposites._computeInputDepth(CausalityInterfaceForComposites.java:696)
	at ptolemy.actor.util.CausalityInterfaceForComposites._computeOutputPortDepth(CausalityInterfaceForComposites.java:765)
	at ptolemy.actor.util.CausalityInterfaceForComposites._computeInputDepth(CausalityInterfaceForComposites.java:696)
	at ptolemy.actor.util.CausalityInterfaceForComposites._computeOutputPortDepth(CausalityInterfaceForComposites.java:765)
	at ptolemy.actor.util.CausalityInterfaceForComposites._computeInputDepth(CausalityInterfaceForComposites.java:696)
	at ptolemy.actor.util.CausalityInterfaceForComposites._computeActorDepth(CausalityInterfaceForComposites.java:532)
	at ptolemy.actor.util.CausalityInterfaceForComposites.checkForCycles(CausalityInterfaceForComposites.java:96)
	at ptolemy.domains.de.kernel.DEDirector.preinitialize(DEDirector.java:1338)
	at ptolemy.actor.CompositeActor.preinitialize(CompositeActor.java:1828)
	at ptolemy.actor.Manager.preinitializeAndResolveTypes(Manager.java:1040)
	at ptolemy.actor.Manager.initialize(Manager.java:710)
	at ptolemy.actor.Manager.execute(Manager.java:356)
	at ptolemy.actor.Manager.run(Manager.java:1263)
	at ptolemy.actor.Manager$PtolemyRunThread.run(Manager.java:1915)
java.lang.reflect.InvocationTargetException
	at sun.reflect.NativeConstructorAccessorImpl.newInstance0(Native Method)
	at sun.reflect.NativeConstructorAccessorImpl.newInstance(NativeConstructorAccessorImpl.java:62)
	at sun.reflect.DelegatingConstructorAccessorImpl.newInstance(DelegatingConstructorAccessorImpl.java:45)
	at java.lang.reflect.Constructor.newInstance(Constructor.java:423)
	at ptolemy.util.test.junit.AutoKnownFailedTests.RunModel(AutoKnownFailedTests.java:105)
	at sun.reflect.NativeMethodAccessorImpl.invoke0(Native Method)
	at sun.reflect.NativeMethodAccessorImpl.invoke(NativeMethodAccessorImpl.java:62)
	at sun.reflect.DelegatingMethodAccessorImpl.invoke(DelegatingMethodAccessorImpl.java:43)
	at java.lang.reflect.Method.invoke(Method.java:498)
	at org.junit.runners.model.FrameworkMethod$1.runReflectiveCall(FrameworkMethod.java:44)
	at org.junit.internal.runners.model.ReflectiveCallable.run(ReflectiveCallable.java:15)
	at org.junit.runners.model.FrameworkMethod.invokeExplosively(FrameworkMethod.java:41)
	at junitparams.internal.InvokeParameterisedMethod.evaluate(InvokeParameterisedMethod.java:102)
	at org.junit.internal.runners.statements.FailOnTimeout$1.run(FailOnTimeout.java:28)
Caused by: ptolemy.kernel.util.IllegalActionException: Found a zero delay loop containing .dependencyLoop2.original
  in .dependencyLoop2 and .dependencyLoop2.original
	at ptolemy.actor.util.CausalityInterfaceForComposites._computeOutputPortDepth(CausalityInterfaceForComposites.java:759)
	at ptolemy.actor.util.CausalityInterfaceForComposites._computeInputDepth(CausalityInterfaceForComposites.java:696)
	at ptolemy.actor.util.CausalityInterfaceForComposites._computeOutputPortDepth(CausalityInterfaceForComposites.java:765)
	at ptolemy.actor.util.CausalityInterfaceForComposites._computeInputDepth(CausalityInterfaceForComposites.java:696)
	at ptolemy.actor.util.CausalityInterfaceForComposites._computeOutputPortDepth(CausalityInterfaceForComposites.java:765)
	at ptolemy.actor.util.CausalityInterfaceForComposites._computeInputDepth(CausalityInterfaceForComposites.java:696)
	at ptolemy.actor.util.CausalityInterfaceForComposites._computeActorDepth(CausalityInterfaceForComposites.java:532)
	at ptolemy.actor.util.CausalityInterfaceForComposites.checkForCycles(CausalityInterfaceForComposites.java:96)
	at ptolemy.domains.de.kernel.DEDirector.preinitialize(DEDirector.java:1338)
	at ptolemy.actor.CompositeActor.preinitialize(CompositeActor.java:1828)
	at ptolemy.actor.Manager.preinitializeAndResolveTypes(Manager.java:1040)
	at ptolemy.actor.Manager.initialize(Manager.java:710)
	at ptolemy.actor.Manager.execute(Manager.java:356)
	at ptolemy.actor.Manager.run(Manager.java:1263)
	at ptolemy.actor.Manager$PtolemyRunThread.run(Manager.java:1915)
]]></system-err>
</testsuite>
