<?xml version="1.0" encoding="UTF-8" ?>
<testsuite errors="0" failures="0" hostname="travis-job-e4fc6e54-56db-4c87-b5fe-9fcda004f12d" name="ptolemy.domains.dt.kernel.test.junit.JUnitTclTest" skipped="0" tests="43" time="2.867" timestamp="2019-03-08T03:43:07">
  <properties>
    <property name="npm.executable" value="npm" />
    <property name="file.encoding.pkg" value="sun.io" />
    <property name="env.TRAVIS_ROOT" value="/" />
    <property name="ptII.mk.exists" value="true" />
    <property name="env.TRAVIS_APP_HOST" value="build.travis-ci.org" />
    <property name="env.rvm_bin_path" value="/home/travis/.rvm/bin" />
    <property name="java.home" value="/usr/lib/jvm/java-8-oracle/jre" />
    <property name="env.TRAVIS_JOB_NUMBER" value="1038.9" />
    <property name="env.TRAVIS_HOME" value="/home/travis" />
    <property name="env.DISPLAY" value=":99.0" />
    <property name="java.net.preferIPv4Stack" value="true" />
    <property name="env.TRAVIS_INIT" value="upstart" />
    <property name="env.SSH_TTY" value="/dev/pts/0" />
    <property name="env.RUN_TESTS" value="true" />
    <property name="timeout.short" value="1000000" />
    <property name="env.TRAVIS_JOB_NAME" value="" />
    <property name="env.TRAVIS_STACK_NODE_ATTRIBUTES" value="/.node-attributes.yml" />
    <property name="junit.formatter" value="xml" />
    <property name="java.endorsed.dirs" value="/usr/lib/jvm/java-8-oracle/jre/lib/endorsed" />
    <property name="env.TRAVIS_SUDO" value="true" />
    <property name="env.LOGNAME" value="travis" />
    <property name="jsdoc.home" value="node_modules/@terraswarm/jsdoc" />
    <property name="debuglevel" value="source,lines,vars" />
    <property name="checkstyle.formatter" value="xml" />
    <property name="bin.vergil.makeable" value="true" />
    <property name="env._system_version" value="14.04" />
    <property name="sun.os.patch.level" value="unknown" />
    <property name="java.vendor.url" value="http://java.oracle.com/" />
    <property name="env.TRAVIS_BUILD_WEB_URL" value="https://travis-ci.org/icyphy/ptII/builds/503419968" />
    <property name="java.version" value="1.8.0_151" />
    <property name="env.TZ" value="UTC" />
    <property name="env.PT_NO_NET" value="true" />
    <property name="env.TRAVIS_PULL_REQUEST_SHA" value="" />
    <property name="env.TRAVIS_SECURE_ENV_VARS" value="true" />
    <property name="env._system_type" value="Linux" />
    <property name="java.vendor.url.bug" value="http://bugreport.sun.com/bugreport/" />
    <property name="env.SSH_CLIENT" value="10.10.19.223 57912 22" />
    <property name="npmjs-org-is-up" value="true" />
    <property name="env.GEM_HOME" value="/home/travis/.rvm/gems/ruby-2.4.1" />
    <property name="env.HAS_ANTARES_THREE_LITTLE_FRONZIES_BADGE" value="true" />
    <property name="env.PS4" value="+" />
    <property name="ant.project.invoked-targets" value="build,test.core2.xml" />
    <property name="env.TRAVIS_PULL_REQUEST_BRANCH" value="" />
    <property name="env.TRAVIS_REPO_SLUG" value="icyphy/ptII" />
    <property name="env.TRAVIS_APT_PROXY" value="http://build-cache.travisci.net" />
    <property name="node.in.path" value="true" />
    <property name="java.maxmemory" value="1400m" />
    <property name="env.RUBY_VERSION" value="ruby-2.4.1" />
    <property name="user.name" value="travis" />
    <property name="env.LANG" value="en_US.UTF-8" />
    <property name="sun.io.unicode.encoding" value="UnicodeLittle" />
    <property name="sun.jnu.encoding" value="UTF-8" />
    <property name="java.runtime.name" value="Java(TM) SE Runtime Environment" />
    <property name="usefile" value="false" />
    <property name="return.code" value="0" />
    <property name="junit.single.formatter" value="plain" />
    <property name="env.DYLD_LIBRARY_PATH" value="/home/travis/pthla/certi-tools/lib:" />
    <property name="env.DEBIAN_FRONTEND" value="noninteractive" />
    <property name="env.SSH_CONNECTION" value="10.10.19.223 57912 10.20.0.65 22" />
    <property name="env.MYSQL_UNIX_PORT" value="/var/run/mysqld/mysqld.sock" />
    <property name="env.TRAVIS_ALLOW_FAILURE" value="false" />
    <property name="env.LC_ALL" value="en_US.UTF-8" />
    <property name="env.TRAVIS_JOB_WEB_URL" value="https://travis-ci.org/icyphy/ptII/jobs/503419977" />
    <property name="java.specification.name" value="Java Platform API Specification" />
    <property name="node.works" value="true" />
    <property name="user.timezone" value="" />
    <property name="path.separator" value=":" />
    <property name="env.TRAVIS_ENABLE_INFRA_DETECTION" value="true" />
    <property name="env.PYTHON_CFLAGS" value="-g -fstack-protector --param=ssp-buffer-size=4 -Wformat -Werror=format-security" />
    <property name="timeout.long" value="4000000" />
    <property name="env.CERTI_HOME" value="/home/travis/pthla/certi-tools" />
    <property name="file.encoding" value="UTF-8" />
    <property name="ant.file.ptII" value="/home/travis/build/icyphy/ptII/build.xml" />
    <property name="javadoc.packagenames" value="com.*,diva.*,lbnl.*,org.hlacerti.*,org.json.*,org.ptolemy.*,org.terraswarm.*,ptolemy.*,ptserver.*" />
    <property name="env.TRAVIS_PULL_REQUEST_SLUG" value="" />
    <property name="ant.project.default-target" value="build" />
    <property name="env.GIT_ASKPASS" value="echo" />
    <property name="env.HOME" value="/home/travis" />
    <property name="sun.java.command" value="org.apache.tools.ant.taskdefs.optional.junit.JUnitTestRunner ptolemy.domains.dt.kernel.test.junit.JUnitTclTest skipNonTests=false filtertrace=true haltOnError=false haltOnFailure=false formatter=org.apache.tools.ant.taskdefs.optional.junit.OutErrSummaryJUnitResultFormatter showoutput=true outputtoformatters=true logfailedtests=true threadid=0 logtestlistenerevents=false formatter=org.apache.tools.ant.taskdefs.optional.junit.XMLJUnitResultFormatter,/home/travis/build/icyphy/ptII/reports/junit/TEST-ptolemy.domains.dt.kernel.test.junit.JUnitTclTest.xml crashfile=/home/travis/build/icyphy/ptII/junitvmwatcher7892221142317580998.properties propsfile=/home/travis/build/icyphy/ptII/junit1178735980677978025.properties" />
    <property name="env.MANPATH" value="/home/travis/.nvm/versions/node/v7.10.1/share/man:/home/travis/.kiex/elixirs/elixir-1.4.5/man:/home/travis/.rvm/rubies/ruby-2.4.1/share/man:/usr/local/man:/usr/local/cmake-3.9.2/man:/usr/local/clang-5.0.0/share/man:/usr/local/share/man:/usr/share/man:/home/travis/.rvm/man" />
    <property name="env.COMPOSER_NO_INTERACTION" value="1" />
    <property name="env.JDK_SWITCHER_DEFAULT" value="oraclejdk8" />
    <property name="env.TRAVIS_TIMER_ID" value="0162ccc6" />
    <property name="ant.file" value="/home/travis/build/icyphy/ptII/build.xml" />
    <property name="env.TRAVIS_COMMIT_RANGE" value="2b464ce025daefa1c97cbea08d9fa52bb6083fac...245ca7617a79c2fdd76846e31ffedc2acd053c39" />
    <property name="env._system_name" value="Ubuntu" />
    <property name="timeout" value="2400000" />
    <property name="ptII.classpath.optional.property" value="/home/travis/build/icyphy/ptII/lib/bsh-2.0b4.jar:/home/travis/build/icyphy/ptII/lib/ptCal.jar:/home/travis/build/icyphy/ptII/lib/java_cup.jar:/home/travis/build/icyphy/ptII/lib/saxon8.jar:/home/travis/build/icyphy/ptII/lib/saxon8-dom.jar:/home/travis/build/icyphy/ptII/lib/chic.jar:/home/travis/build/icyphy/ptII/lib/ptcolt.jar:/usr/lib/jvm/java-8-oracle/lib/tools.jar:/home/travis/build/icyphy/ptII/vendors/misc/itext/iText.jar:/home/travis/build/icyphy/ptII/lib/g4ltl.jar:/home/travis/build/icyphy/ptII/lib/StructuralCoder.jar:/home/travis/build/icyphy/ptII/vendors/jai-1_1_2_01/lib/jai_core.jar:/home/travis/build/icyphy/ptII/vendors/jai-1_1_2_01/lib/jai_codec.jar:/home/travis/build/icyphy/ptII/lib/jcerti.jar:/home/travis/build/icyphy/ptII/lib/javax.mail.jar:/home/travis/build/icyphy/ptII/vendors/JMF-2.1.1e/lib/jmf.jar:/home/travis/build/icyphy/ptII/lib/jna-4.0.0-variadic.jar:/home/travis/build/icyphy/ptII/vendors/misc/joystick/Joystick.jar:/home/travis/build/icyphy/ptII/lib/ptjacl.jar:/home/travis/build/icyphy/ptII/lib/jsoup-1.8.2.jar:/home/travis/build/icyphy/ptII/lib/junit-4.8.2.jar:/home/travis/build/icyphy/ptII/lib/JUnitParams-0.4.0.jar:/home/travis/build/icyphy/ptII/ptolemy/actor/lib/excel/jxl.jar:/home/travis/build/icyphy/ptII/lib/jython.jar:/home/travis/build/icyphy/ptII/lib/kieler.jar:/home/travis/build/icyphy/ptII/vendors/opencv/share/OpenCV/java/opencv-341.jar:/home/travis/build/icyphy/ptII/lib/oscP5.jar:/home/travis/build/icyphy/ptII/lib/nrjavaserial-3.11.0.devel.jar:/home/travis/build/icyphy/ptII/vendors/j3d/lib/j3dcore.jar:/home/travis/build/icyphy/ptII/vendors/j3d/lib/j3dutils.jar:/home/travis/build/icyphy/ptII/vendors/j3d/lib/vecmath.jar:/home/travis/build/icyphy/ptII/ptolemy/distributed/jini/jar/jini-core.jar:/home/travis/build/icyphy/ptII/ptolemy/distributed/jini/jar/jini-ext.jar:/home/travis/build/icyphy/ptII/ptolemy/distributed/jini/jar/sun-util.jar:/home/travis/build/icyphy/ptII/lib/protobuf-java-2.4.1.jar:/home/travis/build/icyphy/ptII/lib/org.eclipse.paho.client.mqttv3.jar:/home/travis/build/icyphy/ptII/lib/mapss.jar:/home/travis/build/icyphy/ptII/ptolemy/actor/ptalon/antlr/antlr.jar:/home/travis/build/icyphy/ptII/lib/JRI.jar:/home/travis/build/icyphy/ptII/lib/commons-lang-2.6.jar:/home/travis/build/icyphy/ptII/lib/commons-logging-1.1.1.jar:/home/travis/build/icyphy/ptII/lib/sootclasses.jar:/home/travis/build/icyphy/ptII/ptolemy/actor/lib/database/mysql-connector-java-5.1.6-bin.jar:/home/travis/build/icyphy/ptII/vendors/misc/sphinx4/sphinx4-data-5prealpha.jar:/home/travis/build/icyphy/ptII/vendors/misc/sphinx4/sphinx4-core-5prealpha.jar:/home/travis/build/icyphy/ptII/lib/PDFRenderer.jar:/home/travis/build/icyphy/ptII/lib/svgSalamander.jar:/home/travis/build/icyphy/ptII/lib/rsyntaxtextarea-2.6.0-SNAPSHOT.jar:/home/travis/build/icyphy/ptII/lib/hazelcast-3.8.2.jar:/home/travis/build/icyphy/ptII/lib/jackson-annotations-2.9.0.jar:/home/travis/build/icyphy/ptII/lib/jackson-core-2.9.3.jar:/home/travis/build/icyphy/ptII/lib/jackson-databind-2.9.3.jar:/home/travis/build/icyphy/ptII/lib/netty-buffer-4.1.19.Final.jar:/home/travis/build/icyphy/ptII/lib/netty-codec-4.1.19.Final.jar:/home/travis/build/icyphy/ptII/lib/netty-codec-dns-4.1.19.Final.jar:/home/travis/build/icyphy/ptII/lib/netty-codec-http-4.1.19.Final.jar:/home/travis/build/icyphy/ptII/lib/netty-codec-http2-4.1.19.Final.jar:/home/travis/build/icyphy/ptII/lib/netty-common-4.1.19.Final.jar:/home/travis/build/icyphy/ptII/lib/netty-handler-4.1.19.Final.jar:/home/travis/build/icyphy/ptII/lib/netty-resolver-4.1.19.Final.jar:/home/travis/build/icyphy/ptII/lib/netty-resolver-dns-4.1.19.Final.jar:/home/travis/build/icyphy/ptII/lib/netty-transport-4.1.19.Final.jar:/home/travis/build/icyphy/ptII/lib/vertx-codegen-3.5.1.jar:/home/travis/build/icyphy/ptII/lib/vertx-core-3.5.2-SNAPSHOT.jar:/home/travis/build/icyphy/ptII/lib/vertx-hazelcast-3.5.1.jar:/home/travis/build/icyphy/ptII/lib/vertx-lang-js-3.5.1.jar:/home/travis/build/icyphy/ptII/lib/vertx-service-proxy-3.5.1.jar:/home/travis/build/icyphy/ptII/lib/vertx-web-3.5.1.jar:/home/travis/build/icyphy/ptII/lib/slf4j-api-1.7.13.jar:/home/travis/build/icyphy/ptII/lib/slf4j-simple-1.7.13.jar:/home/travis/build/icyphy/ptII/lib/webcam-capture-0.3.12.jar:/home/travis/build/icyphy/ptII/lib/bridj-0.7.0.jar:/home/travis/build/icyphy/ptII/lib/xbjlib-1.1.0.nrjavaserial.jar" />
    <property name="test.batch" value="**/junit/*.java" />
    <property name="env._" value="/usr/bin/timeout" />
    <property name="java.io.tmpdir" value="/tmp" />
    <property name="env.TRAVIS_INTERNAL_RUBY_REGEX" value="^ruby-(2\.[0-4]\.[0-9]|1\.9\.3)" />
    <property name="user.language" value="en" />
    <property name="env.HISTCONTROL" value="ignoredups:ignorespace" />
    <property name="env.GOROOT" value="/home/travis/.gimme/versions/go1.7.4.linux.amd64" />
    <property name="line.separator" value="&#xa;" />
    <property name="target" value="1.8" />
    <property name="env.TRAVIS_BUILD_DIR" value="/home/travis/build/icyphy/ptII" />
    <property name="env.ANT_OPTS" value="-Xmx2048m" />
    <property name="ant.file.type" value="file" />
    <property name="ptolemy.ptII.batchMode" value="true" />
    <property name="env.HISTSIZE" value="1000" />
    <property name="env.MERB_ENV" value="test" />
    <property name="java.vm.info" value="mixed mode" />
    <property name="source" value="1.8" />
    <property name="java.vm.specification.name" value="Java Virtual Machine Specification" />
    <property name="env.TRAVIS_TEST_RESULT" value="0" />
    <property name="jsdoc.command" value="node_modules/@terraswarm/jsdoc/jsdoc.js" />
    <property name="npm.works" value="true" />
    <property name="cobertura.dir" value="/home/travis/build/icyphy/ptII/vendors/cobertura-2.0.3" />
    <property name="env.rvm_path" value="/home/travis/.rvm" />
    <property name="env.GEM_PATH" value="/home/travis/.rvm/gems/ruby-2.4.1:/home/travis/.rvm/gems/ruby-2.4.1@global" />
    <property name="env.LC_CTYPE" value="en_US.UTF-8" />
    <property name="java.awt.printerjob" value="sun.print.PSPrinterJob" />
    <property name="env.TRAVIS_CMD" value="$PTII/bin/ptIITravisBuild.sh $SECONDS" />
    <property name="env.TRAVIS_STACK_NAME" value="garnet" />
    <property name="env.TRAVIS_TIMER_START_TIME" value="1552015988400318771" />
    <property name="ant.version" value="Apache Ant(TM) version 1.10.1 compiled on February 2 2017" />
    <property name="ptII.reports" value="/home/travis/build/icyphy/ptII/reports" />
    <property name="env.TRAVIS_STACK_TIMESTAMP" value="2017-12-05 19:33:09 UTC" />
    <property name="ant.file.type.ptII" value="file" />
    <property name="env.RBENV_SHELL" value="bash" />
    <property name="os.name" value="Linux" />
    <property name="java.specification.vendor" value="Oracle Corporation" />
    <property name="env.rvm_version" value="1.29.3 (latest)" />
    <property name="env.TRAVIS_INFRA" value="gce" />
    <property name="env.TERM" value="xterm" />
    <property name="java.vm.name" value="Java HotSpot(TM) 64-Bit Server VM" />
    <property name="env.TRAVIS_BUILD_NUMBER" value="1038" />
    <property name="env.CI" value="true" />
    <property name="java.library.path" value="/home/travis/pthla/certi-tools/lib:/usr/lib/jni:/usr/local/share/OpenCV/java/:/usr/share/OpenCV/java::/usr/java/packages/lib/amd64:/usr/lib64:/lib64:/lib:/usr/lib" />
    <property name="env.rvm_prefix" value="/home/travis" />
    <property name="env.PATH" value="/home/travis/pthla/certi-tools/share/scripts:/home/travis/.rvm/gems/ruby-2.4.1/bin:/home/travis/.rvm/gems/ruby-2.4.1@global/bin:/home/travis/.rvm/rubies/ruby-2.4.1/bin:/home/travis/.rvm/bin:/home/travis/.nvm/versions/node/v7.10.1/bin:./node_modules/.bin:/home/travis/build/icyphy/ptII/bin:/home/travis/pthla/certi-tools/bin:/home/travis/bin:/home/travis/.local/bin:/opt/pyenv/shims:/home/travis/.phpenv/shims:/home/travis/perl5/perlbrew/bin:/home/travis/.kiex/elixirs/elixir-1.4.5/bin:/home/travis/.kiex/bin:/home/travis/gopath/bin:/home/travis/.gimme/versions/go1.7.4.linux.amd64/bin:/usr/local/phantomjs/bin:/usr/local/phantomjs:/usr/local/neo4j-3.2.7/bin:/usr/local/maven-3.5.2/bin:/usr/local/cmake-3.9.2/bin:/usr/local/clang-5.0.0/bin:/usr/local/sbin:/usr/local/bin:/usr/sbin:/usr/bin:/sbin:/bin:/home/travis/.phpenv/bin:/opt/pyenv/bin:/home/travis/.yarn/bin" />
    <property name="env.TRAVIS_OS_NAME" value="linux" />
    <property name="ant.java.version" value="1.8" />
    <property name="basedir" value="/home/travis/build/icyphy/ptII" />
    <property name="java.class.version" value="52.0" />
    <property name="env.SHLVL" value="3" />
    <property name="env.LD_LIBRARY_PATH" value="/home/travis/pthla/certi-tools/lib:/usr/lib/jni:/usr/local/share/OpenCV/java/:/usr/share/OpenCV/java:" />
    <property name="env.RACK_ENV" value="test" />
    <property name="ant.home" value="/home/travis/build/icyphy/ptII/ant" />
    <property name="env.PERLBREW_BASHRC_VERSION" value="0.80" />
    <property name="env.NVM_DIR" value="/home/travis/.nvm" />
    <property name="env.TRAVIS_BUILD_ID" value="503419968" />
    <property name="env.CERTI_FOM_PATH" value="/home/travis/pthla/certi-tools/share/federations" />
    <property name="env.PYENV_ROOT" value="/opt/pyenv" />
    <property name="env.TRAVIS_UID" value="2000" />
    <property name="env.rvm_pretty_print_flag" value="auto" />
    <property name="env.NVM_BIN" value="/home/travis/.nvm/versions/node/v7.10.1/bin" />
    <property name="env.TRAVIS_COMMIT" value="245ca7617a79c2fdd76846e31ffedc2acd053c39" />
    <property name="env._system_arch" value="x86_64" />
    <property name="node.executable" value="node" />
    <property name="sun.boot.library.path" value="/usr/lib/jvm/java-8-oracle/jre/lib/amd64" />
    <property name="sun.management.compiler" value="HotSpot 64-Bit Tiered Compilers" />
    <property name="env.GOPATH" value="/home/travis/gopath" />
    <property name="java.awt.graphicsenv" value="sun.awt.X11GraphicsEnvironment" />
    <property name="ptolemy.ptII.dir" value="/home/travis/build/icyphy/ptII" />
    <property name="env.USER" value="travis" />
    <property name="env.HISTFILESIZE" value="2000" />
    <property name="timeout.longest" value="19000000" />
    <property name="env.TRAVIS_STACK_FEATURES" value="basic cassandra chromium couchdb disabled-ipv6 docker docker-compose elasticsearch firefox go-toolchain google-chrome jdk memcached mongodb mysql neo4j nodejs_interpreter perl_interpreter perlbrew phantomjs postgresql python_interpreter rabbitmq redis riak ruby_interpreter sqlite xserver" />
    <property name="env.TRAVIS_PULL_REQUEST" value="false" />
    <property name="env.PYENV_SHELL" value="bash" />
    <property name="ant.project.name" value="ptII" />
    <property name="java.vm.specification.version" value="1.8" />
    <property name="env.ANSI_RESET" value="\033[0m" />
    <property name="env.TRAVIS_DIST" value="trusty" />
    <property name="env.CERTI_VERSION" value="4.0.0" />
    <property name="env.NLSPATH" value="/usr/dt/lib/nls/msg/%L/%N.cat" />
    <property name="awt.toolkit" value="sun.awt.X11.XToolkit" />
    <property name="env.CERTI_HOST" value="localhost" />
    <property name="env.MY_RUBY_HOME" value="/home/travis/.rvm/rubies/ruby-2.4.1" />
    <property name="sun.cpu.isalist" value="" />
    <property name="env.TRAVIS_TMPDIR" value="/tmp/tmp.CfisTF2bQC" />
    <property name="java.ext.dirs" value="/usr/lib/jvm/java-8-oracle/jre/lib/ext:/usr/java/packages/lib/ext" />
    <property name="os.version" value="4.4.0-101-generic" />
    <property name="user.home" value="/home/travis" />
    <property name="env.MIX_ARCHIVES" value="/home/travis/.kiex/mix/elixir-1.4.5" />
    <property name="java.vm.vendor" value="Oracle Corporation" />
    <property name="env.TRAVIS_TAG" value="nightly" />
    <property name="env.ANSI_YELLOW" value="\033[33;1m" />
    <property name="env.TRAVIS_FILTERED" value="redirect_io" />
    <property name="env.ANSI_GREEN" value="\033[32;1m" />
    <property name="env.JAVA_HOME" value="/usr/lib/jvm/java-8-oracle" />
    <property name="env.PTII" value="/home/travis/build/icyphy/ptII" />
    <property name="javadoc.excludepackagenames" value="adm.cvs2svn.*,build.*,config.*,doc.coding.templates.*,jni.test.jni.meaningOfLife.*,jni.test.jni.testDeux.*,jni.test.jni.testTrois.*,org.terraswarm.accessor.accessors.web.node_modules.*,org.terraswarm.accessor.accessors.web.hosts.cordova.demo.*,org.terraswarm.accessor.accessors.web.hosts.cordova.plugins.*,org.terraswarm.accessor.accessors-svn.*,pt-modules.*,ptolemy.apps.agilent.*,ptolemy.apps.anytimecontrol.*,ptolemy.apps.apes.*,ptolemy.apps.charon.*,ptolemy.apps.crazyboard.*,ptolemy.apps.eclipse.*,ptolemy.apps.etherealSting.*,ptolemy.apps.fullscreen.*,ptolemy.apps.giotto.*,ptolemy.apps.ia.*,ptolemy.apps.interfaces.*,ptolemy.apps.jmf.*,ptolemy.apps.kurt.*,ptolemy.apps.kvm.*,ptolemy.apps.lego.*,ptolemy.apps.lejos.*,ptolemy.apps.midp.*,ptolemy.apps.mobileCoding.*,ptolemy.apps.pendulum.*,ptolemy.apps.rijndael.*,ptolemy.apps.robot.*,ptolemy.apps.security.*,ptolemy.apps.sobel.*,ptolemy.apps.soot.*,ptolemy.apps.throttle.*,ptolemy.apps.tini.*,ptolemy.apps.transmission.*,ptolemy.apps.vergil.*,ptolemy.apps.waba.*,ptolemy.apps.websensor.*,ptolemy.apps.webstart.*,ptolemy.apps.xsl.*,ptolemy.apps.zaurus.*,ptolemy.codegen.c.actor.lib.oldJavaFiles.*,ptolemy.codegen.dsp.lib.*,ptolemy.codegen.kernel.newInterfaces.*,ptolemy.codegen.lib.*,ptolemy.copernicus.kernel.fragment.*,ptolemy.copernicus.shallow.cg.*,ptolemy.domains.giotto.demo.Hierarchy.Hierarchy.*,ptolemy.domains.giotto.demo.Multimode.Multimode.*,ptolemy.domains.giotto.demo.Simple.Simple.*,ptolemy.domains.gr.lib.experimental.*,ptolemy.domains.gro.*,ptolemy.domains.pdf.*,ptolemy.domains.ptinyos.demo.Surge.output.*,ptolemy.moml.test.NoPackageActor.java*,ptolemy.plot.adm.*,ptolemy.plot.servlet.*,reports.*,signed.*,src.*,target.*,vendors.*,ptolemy.apps.eclipse.awt.*,ptolemy.backtrack.*,ptolemy.backtrack.ast.*,ptolemy.cg.adapter.generic.program.procedural.c.mbed*,ptolemy.homer.*,org.ptolemy.scala.*,diva.util.java2d.svg.*,ptolemy.domains.ptinyos.*,ptolemy.actor.lib.fmi.fmipp.*,,org.terraswarm.accessor.accessors.web.node_modules.*,org.terraswarm.accessor.accessors-svn,ptolemy.apps.*,ptolemy.actor.ptalon.demo.ptinyos.SendAndReceiveCnt.output,ptolemy.actor.ptalon.demo.ptinyos.SenseToLeds.output,ptolemy.domains.ptinyos.demo.CntToLedsAndRfm.output,ptolemy.domains.ptinyos.demo.RfmToLeds.output,ptolemy.domains.ptinyos.demo.SendAndReceiveCnt.output,ptolemy.domains.ptinyos.demo.SenseToLeds.output,ptolemy.actor.lib.jjs.modules.udpSocket.*" />
    <property name="env.TRAVIS_COMMIT_MESSAGE" value="Added fix for new Java versioning convention" />
    <property name="keystore" value="ptKeystore" />
    <property name="env.XDG_SESSION_ID" value="2" />
    <property name="junit.output.dir" value="/home/travis/build/icyphy/ptII/reports/junit" />
    <property name="npm.return.code" value="0" />
    <property name="user.dir" value="/home/travis/build/icyphy/ptII/ptolemy/domains/dt/kernel/test" />
    <property name="env.TRAVIS_NODE_VERSION" value="7" />
    <property name="env.XFILESEARCHPATH" value="/usr/dt/app-defaults/%L/Dt" />
    <property name="env.TRAVIS_EVENT_TYPE" value="cron" />
    <property name="env.MAIL" value="/var/mail/travis" />
    <property name="env.PWD" value="/home/travis/build/icyphy/ptII" />
    <property name="env.PERLBREW_ROOT" value="/home/travis/perl5/perlbrew" />
    <property name="timeout.npm" value="45000" />
    <property name="env.PT_TRAVIS_TEST_CORE2_XML" value="true" />
    <property name="env.TRAVIS_ARCH" value="amd64" />
    <property name="env.PAGER" value="cat" />
    <property name="sun.cpu.endian" value="little" />
    <property name="env.TRAVIS_BUILD_STAGE_NAME" value="Test" />
    <property name="env.PERLBREW_HOME" value="/home/travis/.perlbrew" />
    <property name="env.RAILS_ENV" value="test" />
    <property name="java.vm.version" value="25.151-b12" />
    <property name="java.class.path" value="/home/travis/build/icyphy/ptII:/home/travis/build/icyphy/ptII/lib/bsh-2.0b4.jar:/home/travis/build/icyphy/ptII/lib/ptCal.jar:/home/travis/build/icyphy/ptII/lib/java_cup.jar:/home/travis/build/icyphy/ptII/lib/saxon8.jar:/home/travis/build/icyphy/ptII/lib/saxon8-dom.jar:/home/travis/build/icyphy/ptII/lib/chic.jar:/home/travis/build/icyphy/ptII/lib/ptcolt.jar:/usr/lib/jvm/java-8-oracle/lib/tools.jar:/home/travis/build/icyphy/ptII/vendors/misc/itext/iText.jar:/home/travis/build/icyphy/ptII/lib/g4ltl.jar:/home/travis/build/icyphy/ptII/lib/StructuralCoder.jar:/home/travis/build/icyphy/ptII/vendors/jai-1_1_2_01/lib/jai_core.jar:/home/travis/build/icyphy/ptII/vendors/jai-1_1_2_01/lib/jai_codec.jar:/home/travis/build/icyphy/ptII/lib/jcerti.jar:/home/travis/build/icyphy/ptII/lib/javax.mail.jar:/home/travis/build/icyphy/ptII/vendors/JMF-2.1.1e/lib/jmf.jar:/home/travis/build/icyphy/ptII/lib/jna-4.0.0-variadic.jar:/home/travis/build/icyphy/ptII/vendors/misc/joystick/Joystick.jar:/home/travis/build/icyphy/ptII/lib/ptjacl.jar:/home/travis/build/icyphy/ptII/lib/jsoup-1.8.2.jar:/home/travis/build/icyphy/ptII/lib/junit-4.8.2.jar:/home/travis/build/icyphy/ptII/lib/JUnitParams-0.4.0.jar:/home/travis/build/icyphy/ptII/ptolemy/actor/lib/excel/jxl.jar:/home/travis/build/icyphy/ptII/lib/jython.jar:/home/travis/build/icyphy/ptII/lib/kieler.jar:/home/travis/build/icyphy/ptII/vendors/opencv/share/OpenCV/java/opencv-341.jar:/home/travis/build/icyphy/ptII/lib/oscP5.jar:/home/travis/build/icyphy/ptII/lib/nrjavaserial-3.11.0.devel.jar:/home/travis/build/icyphy/ptII/vendors/j3d/lib/j3dcore.jar:/home/travis/build/icyphy/ptII/vendors/j3d/lib/j3dutils.jar:/home/travis/build/icyphy/ptII/vendors/j3d/lib/vecmath.jar:/home/travis/build/icyphy/ptII/ptolemy/distributed/jini/jar/jini-core.jar:/home/travis/build/icyphy/ptII/ptolemy/distributed/jini/jar/jini-ext.jar:/home/travis/build/icyphy/ptII/ptolemy/distributed/jini/jar/sun-util.jar:/home/travis/build/icyphy/ptII/lib/protobuf-java-2.4.1.jar:/home/travis/build/icyphy/ptII/lib/org.eclipse.paho.client.mqttv3.jar:/home/travis/build/icyphy/ptII/lib/mapss.jar:/home/travis/build/icyphy/ptII/ptolemy/actor/ptalon/antlr/antlr.jar:/home/travis/build/icyphy/ptII/lib/JRI.jar:/home/travis/build/icyphy/ptII/lib/commons-lang-2.6.jar:/home/travis/build/icyphy/ptII/lib/commons-logging-1.1.1.jar:/home/travis/build/icyphy/ptII/lib/sootclasses.jar:/home/travis/build/icyphy/ptII/ptolemy/actor/lib/database/mysql-connector-java-5.1.6-bin.jar:/home/travis/build/icyphy/ptII/vendors/misc/sphinx4/sphinx4-data-5prealpha.jar:/home/travis/build/icyphy/ptII/vendors/misc/sphinx4/sphinx4-core-5prealpha.jar:/home/travis/build/icyphy/ptII/lib/PDFRenderer.jar:/home/travis/build/icyphy/ptII/lib/svgSalamander.jar:/home/travis/build/icyphy/ptII/lib/rsyntaxtextarea-2.6.0-SNAPSHOT.jar:/home/travis/build/icyphy/ptII/lib/hazelcast-3.8.2.jar:/home/travis/build/icyphy/ptII/lib/jackson-annotations-2.9.0.jar:/home/travis/build/icyphy/ptII/lib/jackson-core-2.9.3.jar:/home/travis/build/icyphy/ptII/lib/jackson-databind-2.9.3.jar:/home/travis/build/icyphy/ptII/lib/netty-buffer-4.1.19.Final.jar:/home/travis/build/icyphy/ptII/lib/netty-codec-4.1.19.Final.jar:/home/travis/build/icyphy/ptII/lib/netty-codec-dns-4.1.19.Final.jar:/home/travis/build/icyphy/ptII/lib/netty-codec-http-4.1.19.Final.jar:/home/travis/build/icyphy/ptII/lib/netty-codec-http2-4.1.19.Final.jar:/home/travis/build/icyphy/ptII/lib/netty-common-4.1.19.Final.jar:/home/travis/build/icyphy/ptII/lib/netty-handler-4.1.19.Final.jar:/home/travis/build/icyphy/ptII/lib/netty-resolver-4.1.19.Final.jar:/home/travis/build/icyphy/ptII/lib/netty-resolver-dns-4.1.19.Final.jar:/home/travis/build/icyphy/ptII/lib/netty-transport-4.1.19.Final.jar:/home/travis/build/icyphy/ptII/lib/vertx-codegen-3.5.1.jar:/home/travis/build/icyphy/ptII/lib/vertx-core-3.5.2-SNAPSHOT.jar:/home/travis/build/icyphy/ptII/lib/vertx-hazelcast-3.5.1.jar:/home/travis/build/icyphy/ptII/lib/vertx-lang-js-3.5.1.jar:/home/travis/build/icyphy/ptII/lib/vertx-service-proxy-3.5.1.jar:/home/travis/build/icyphy/ptII/lib/vertx-web-3.5.1.jar:/home/travis/build/icyphy/ptII/lib/slf4j-api-1.7.13.jar:/home/travis/build/icyphy/ptII/lib/slf4j-simple-1.7.13.jar:/home/travis/build/icyphy/ptII/lib/webcam-capture-0.3.12.jar:/home/travis/build/icyphy/ptII/lib/bridj-0.7.0.jar:/home/travis/build/icyphy/ptII/lib/xbjlib-1.1.0.nrjavaserial.jar:/home/travis/build/icyphy/ptII/ptolemy/moml/test:/home/travis/build/icyphy/ptII/ant/lib/ant-launcher.jar:/home/travis/build/icyphy/ptII/ant/lib/ant.jar:/home/travis/build/icyphy/ptII/ant/lib/ant-junit.jar:/home/travis/build/icyphy/ptII/ant/lib/ant-junit4.jar" />
    <property name="ant.library.dir" value="/home/travis/build/icyphy/ptII/ant/lib" />
    <property name="os.arch" value="amd64" />
    <property name="env.TRAVIS_LANGUAGE" value="node_js" />
    <property name="env.CONTINUOUS_INTEGRATION" value="true" />
    <property name="env.TRAVIS_STACK_LANGUAGES" value="__garnet__ c c++ clojure cplusplus cpp default go groovy java node_js php pure_java python ruby scala" />
    <property name="test.name" value="ptolemy.actor.lib.test.junit.JUnitTclTest" />
    <property name="sun.java.launcher" value="SUN_STANDARD" />
    <property name="env.PYTHON_CONFIGURE_OPTS" value="--enable-unicode=ucs4 --with-wide-unicode --enable-shared --enable-ipv6 --enable-loadable-sqlite-extensions --with-computed-gotos" />
    <property name="ant.core.lib" value="/home/travis/build/icyphy/ptII/ant/lib/ant.jar" />
    <property name="java.vm.specification.vendor" value="Oracle Corporation" />
    <property name="env.BCVTB_HOME" value="/home/travis/build/icyphy/ptII/lbnl" />
    <property name="file.separator" value="/" />
    <property name="spotbugs.home" value="/home/travis/build/icyphy/ptII/vendors/spotbugs-3.1.1" />
    <property name="java.runtime.version" value="1.8.0_151-b12" />
    <property name="sun.boot.class.path" value="/usr/lib/jvm/java-8-oracle/jre/lib/resources.jar:/usr/lib/jvm/java-8-oracle/jre/lib/rt.jar:/usr/lib/jvm/java-8-oracle/jre/lib/sunrsasign.jar:/usr/lib/jvm/java-8-oracle/jre/lib/jsse.jar:/usr/lib/jvm/java-8-oracle/jre/lib/jce.jar:/usr/lib/jvm/java-8-oracle/jre/lib/charsets.jar:/usr/lib/jvm/java-8-oracle/jre/lib/jfr.jar:/usr/lib/jvm/java-8-oracle/jre/classes" />
    <property name="env.ANSI_CLEAR" value="\033[0K" />
    <property name="env.HAS_JOSH_K_SEAL_OF_APPROVAL" value="true" />
    <property name="env.XDG_RUNTIME_DIR" value="/run/user/2000" />
    <property name="env.TRAVIS_OSX_IMAGE" value="" />
    <property name="env.TRAVIS_BRANCH" value="master" />
    <property name="env.TRAVIS_JOB_ID" value="503419977" />
    <property name="user.country" value="US" />
    <property name="env.CERTI_HOME_TRAVIS" value="/home/travis/pthla/certi-tools" />
    <property name="env.SHELL" value="/bin/bash" />
    <property name="java.maxmemory.large" value="5000m" />
    <property name="model" value="" />
    <property name="env.CASHER_DIR" value="/home/travis/.casher" />
    <property name="env.NVM_CD_FLAGS" value="" />
    <property name="jshint.executable" value="/home/travis/node_modules/jshint/bin/jshint" />
    <property name="java.vendor" value="Oracle Corporation" />
    <property name="env.JRUBY_OPTS" value=" --client -J-XX:+TieredCompilation -J-XX:TieredStopAtLevel=1 -J-Xss2m -Xcompile.invokedynamic=false" />
    <property name="env.TRAVIS_PRE_CHEF_BOOTSTRAP_TIME" value="2017-12-05T19:32:55" />
    <property name="env.TRAVIS_STACK_JOB_BOARD_REGISTER" value="/.job-board-register.yml" />
    <property name="env.ELIXIR_VERSION" value="1.4.5" />
    <property name="env.ANSI_RED" value="\033[31;1m" />
    <property name="java.specification.version" value="1.8" />
    <property name="env.TRAVIS" value="true" />
    <property name="env.IRBRC" value="/home/travis/.rvm/rubies/ruby-2.4.1/.irbrc" />
    <property name="sun.arch.data.model" value="64" />
  </properties>
  <testcase classname="ptolemy.util.test.junit.TclTests" name="[0] /home/travis/build/icyphy/ptII/ptolemy/domains/dt/kernel/test/DTDirector.tcl (RunTclFile)" time="0.409" />
  <testcase classname="ptolemy.util.test.junit.TclTests" name="[1] /home/travis/build/icyphy/ptII/ptolemy/domains/dt/kernel/test/DTReceiver.tcl (RunTclFile)" time="0.008" />
  <testcase classname="ptolemy.util.test.junit.AutoKnownFailedTests" name="[0] /home/travis/build/icyphy/ptII/ptolemy/domains/dt/kernel/test/auto/knownFailedTests/DEInsideDT1.xml (RunModel)" time="0.158" />
  <testcase classname="ptolemy.util.test.junit.AutoKnownFailedTests" name="[1] /home/travis/build/icyphy/ptII/ptolemy/domains/dt/kernel/test/auto/knownFailedTests/DTinsideCT1_.xml (RunModel)" time="0.021" />
  <testcase classname="ptolemy.util.test.junit.AutoKnownFailedTests" name="[2] /home/travis/build/icyphy/ptII/ptolemy/domains/dt/kernel/test/auto/knownFailedTests/Dag3.xml (RunModel)" time="0.082" />
  <testcase classname="ptolemy.util.test.junit.AutoKnownFailedTests" name="[3] /home/travis/build/icyphy/ptII/ptolemy/domains/dt/kernel/test/auto/knownFailedTests/sdf_sdf_bug.xml (RunModel)" time="0.061" />
  <testcase classname="ptolemy.util.test.junit.AutoNameArchTests" name="[0] ThereAreNoAutoArchTests (RunModel)" time="0.001" />
  <testcase classname="ptolemy.util.test.junit.AutoTests" name="[0] /home/travis/build/icyphy/ptII/ptolemy/domains/dt/kernel/test/auto/Chain1.xml (RunModel)" time="0.134" />
  <testcase classname="ptolemy.util.test.junit.AutoTests" name="[1] /home/travis/build/icyphy/ptII/ptolemy/domains/dt/kernel/test/auto/Chain2.xml (RunModel)" time="0.067" />
  <testcase classname="ptolemy.util.test.junit.AutoTests" name="[2] /home/travis/build/icyphy/ptII/ptolemy/domains/dt/kernel/test/auto/Chain3.xml (RunModel)" time="0.096" />
  <testcase classname="ptolemy.util.test.junit.AutoTests" name="[3] /home/travis/build/icyphy/ptII/ptolemy/domains/dt/kernel/test/auto/CurrentTimeSource.xml (RunModel)" time="0.043" />
  <testcase classname="ptolemy.util.test.junit.AutoTests" name="[4] /home/travis/build/icyphy/ptII/ptolemy/domains/dt/kernel/test/auto/Dag1.xml (RunModel)" time="0.06" />
  <testcase classname="ptolemy.util.test.junit.AutoTests" name="[5] /home/travis/build/icyphy/ptII/ptolemy/domains/dt/kernel/test/auto/Dag2.xml (RunModel)" time="0.116" />
  <testcase classname="ptolemy.util.test.junit.AutoTests" name="[6] /home/travis/build/icyphy/ptII/ptolemy/domains/dt/kernel/test/auto/DagSingles1.xml (RunModel)" time="0.044" />
  <testcase classname="ptolemy.util.test.junit.AutoTests" name="[7] /home/travis/build/icyphy/ptII/ptolemy/domains/dt/kernel/test/auto/Delay1.xml (RunModel)" time="0.021" />
  <testcase classname="ptolemy.util.test.junit.AutoTests" name="[8] /home/travis/build/icyphy/ptII/ptolemy/domains/dt/kernel/test/auto/Delay2.xml (RunModel)" time="0.027" />
  <testcase classname="ptolemy.util.test.junit.AutoTests" name="[9] /home/travis/build/icyphy/ptII/ptolemy/domains/dt/kernel/test/auto/InvDag1.xml (RunModel)" time="0.036" />
  <testcase classname="ptolemy.util.test.junit.AutoTests" name="[10] /home/travis/build/icyphy/ptII/ptolemy/domains/dt/kernel/test/auto/MultiPort1.xml (RunModel)" time="0.042" />
  <testcase classname="ptolemy.util.test.junit.AutoTests" name="[11] /home/travis/build/icyphy/ptII/ptolemy/domains/dt/kernel/test/auto/MultiPort2.xml (RunModel)" time="0.066" />
  <testcase classname="ptolemy.util.test.junit.AutoTests" name="[12] /home/travis/build/icyphy/ptII/ptolemy/domains/dt/kernel/test/auto/Round.xml (RunModel)" time="0.041" />
  <testcase classname="ptolemy.util.test.junit.AutoTests" name="[13] /home/travis/build/icyphy/ptII/ptolemy/domains/dt/kernel/test/auto/Sink1.xml (RunModel)" time="0.039" />
  <testcase classname="ptolemy.util.test.junit.AutoTests" name="[14] /home/travis/build/icyphy/ptII/ptolemy/domains/dt/kernel/test/auto/SourceSink1.xml (RunModel)" time="0.124" />
  <testcase classname="ptolemy.util.test.junit.AutoTests" name="[15] /home/travis/build/icyphy/ptII/ptolemy/domains/dt/kernel/test/auto/de_dt_1.xml (RunModel)" time="0.072" />
  <testcase classname="ptolemy.util.test.junit.AutoTests" name="[16] /home/travis/build/icyphy/ptII/ptolemy/domains/dt/kernel/test/auto/de_dt_2.xml (RunModel)" time="0.054" />
  <testcase classname="ptolemy.util.test.junit.AutoTests" name="[17] /home/travis/build/icyphy/ptII/ptolemy/domains/dt/kernel/test/auto/dt_dt_opaque1.xml (RunModel)" time="0.045" />
  <testcase classname="ptolemy.util.test.junit.AutoTests" name="[18] /home/travis/build/icyphy/ptII/ptolemy/domains/dt/kernel/test/auto/dt_dt_opaque2.xml (RunModel)" time="0.03" />
  <testcase classname="ptolemy.util.test.junit.AutoTests" name="[19] /home/travis/build/icyphy/ptII/ptolemy/domains/dt/kernel/test/auto/dt_dt_opaque3.xml (RunModel)" time="0.043" />
  <testcase classname="ptolemy.util.test.junit.AutoTests" name="[20] /home/travis/build/icyphy/ptII/ptolemy/domains/dt/kernel/test/auto/dt_dt_opaque4.xml (RunModel)" time="0.029" />
  <testcase classname="ptolemy.util.test.junit.AutoTests" name="[21] /home/travis/build/icyphy/ptII/ptolemy/domains/dt/kernel/test/auto/dt_dt_transparent1.xml (RunModel)" time="0.02" />
  <testcase classname="ptolemy.util.test.junit.AutoTests" name="[22] /home/travis/build/icyphy/ptII/ptolemy/domains/dt/kernel/test/auto/dt_dt_transparent2.xml (RunModel)" time="0.034" />
  <testcase classname="ptolemy.util.test.junit.AutoTests" name="[23] /home/travis/build/icyphy/ptII/ptolemy/domains/dt/kernel/test/auto/dt_dt_transparent3.xml (RunModel)" time="0.043" />
  <testcase classname="ptolemy.util.test.junit.AutoTests" name="[24] /home/travis/build/icyphy/ptII/ptolemy/domains/dt/kernel/test/auto/dt_sdf_1.xml (RunModel)" time="0.029" />
  <testcase classname="ptolemy.util.test.junit.AutoTests" name="[25] /home/travis/build/icyphy/ptII/ptolemy/domains/dt/kernel/test/auto/dt_sdf_2.xml (RunModel)" time="0.026" />
  <testcase classname="ptolemy.util.test.junit.AutoTests" name="[26] /home/travis/build/icyphy/ptII/ptolemy/domains/dt/kernel/test/auto/dt_sdf_3.xml (RunModel)" time="0.042" />
  <testcase classname="ptolemy.util.test.junit.AutoTests" name="[27] /home/travis/build/icyphy/ptII/ptolemy/domains/dt/kernel/test/auto/dt_sdf_dt.xml (RunModel)" time="0.045" />
  <testcase classname="ptolemy.util.test.junit.AutoTests" name="[28] /home/travis/build/icyphy/ptII/ptolemy/domains/dt/kernel/test/auto/fir_downsample.xml (RunModel)" time="0.035" />
  <testcase classname="ptolemy.util.test.junit.AutoTests" name="[29] /home/travis/build/icyphy/ptII/ptolemy/domains/dt/kernel/test/auto/fir_downsample2.xml (RunModel)" time="0.016" />
  <testcase classname="ptolemy.util.test.junit.AutoTests" name="[30] /home/travis/build/icyphy/ptII/ptolemy/domains/dt/kernel/test/auto/inside_period1.xml (RunModel)" time="0.026" />
  <testcase classname="ptolemy.util.test.junit.AutoTests" name="[31] /home/travis/build/icyphy/ptII/ptolemy/domains/dt/kernel/test/auto/inside_period2.xml (RunModel)" time="0.027" />
  <testcase classname="ptolemy.util.test.junit.AutoTests" name="[32] /home/travis/build/icyphy/ptII/ptolemy/domains/dt/kernel/test/auto/pam.xml (RunModel)" time="0.058" />
  <testcase classname="ptolemy.util.test.junit.AutoTests" name="[33] /home/travis/build/icyphy/ptII/ptolemy/domains/dt/kernel/test/auto/postfireFalse.xml (RunModel)" time="0.015" />
  <testcase classname="ptolemy.util.test.junit.AutoTests" name="[34] /home/travis/build/icyphy/ptII/ptolemy/domains/dt/kernel/test/auto/sdf_dt_1.xml (RunModel)" time="0.023" />
  <testcase classname="ptolemy.util.test.junit.AutoTests" name="[35] /home/travis/build/icyphy/ptII/ptolemy/domains/dt/kernel/test/auto/sdf_dt_2.xml (RunModel)" time="0.029" />
  <system-out><![CDATA[/home/travis/build/icyphy/ptII/ptolemy/domains/dt/kernel/test/DTDirector.tcl
testDefs.tcl: setting time out to 9000 seconds at Fri Mar 08 03:43:07 UTC 2019
/home/travis/build/icyphy/ptII/ptolemy/domains/dt/kernel/test/DTReceiver.tcl
03/08/19 03:43:07
Failed: 0  Total Tests: 5  ((Passed: 5, Newly Passed: 0)  Known Failed: 0) /home/travis/build/icyphy/ptII/ptolemy/domains/dt/kernel/test
----------------- testing (KnownFailure) /home/travis/build/icyphy/ptII/ptolemy/domains/dt/kernel/test/auto/knownFailedTests/DEInsideDT1.xml
13 ms. Memory: 116224K Free: 107364K (92%)
Known Failure: java.lang.reflect.InvocationTargetException
----------------- testing (KnownFailure) /home/travis/build/icyphy/ptII/ptolemy/domains/dt/kernel/test/auto/knownFailedTests/DTinsideCT1_.xml
Known Failure: java.lang.reflect.InvocationTargetException
----------------- testing (KnownFailure) /home/travis/build/icyphy/ptII/ptolemy/domains/dt/kernel/test/auto/knownFailedTests/Dag3.xml
16 ms. Memory: 116224K Free: 97850K (84%)
Known Failure: java.lang.reflect.InvocationTargetException
----------------- testing (KnownFailure) /home/travis/build/icyphy/ptII/ptolemy/domains/dt/kernel/test/auto/knownFailedTests/sdf_sdf_bug.xml
24 ms. Memory: 116224K Free: 91303K (79%)
Known Failure: java.lang.reflect.InvocationTargetException
No auto/linux-amd64/*.xml tests in /home/travis/build/icyphy/ptII/ptolemy/domains/dt/kernel/test
AutoTests.java: About to close Vertx.
AutoTests.java: Vertx closed.

===========================================================================================
----------------- testing Fri Mar 08 03:43:08 UTC 2019 /home/travis/build/icyphy/ptII/ptolemy/domains/dt/kernel/test/auto/Chain1.xml
----------------- Instantiating /home/travis/build/icyphy/ptII/ptolemy/domains/dt/kernel/test/auto/Chain1.xml
57 ms. Memory: 146944K Free: 121283K (83%)
----------------- Invoking toplevel() on ptolemy.moml.MoMLSimpleApplication@6ae35901
----------------- Done invoking toplevel() on ptolemy.moml.MoMLSimpleApplication@6ae35901
reloadAllAccessors: .Chain1

===========================================================================================
----------------- testing Fri Mar 08 03:43:08 UTC 2019 /home/travis/build/icyphy/ptII/ptolemy/domains/dt/kernel/test/auto/Chain2.xml
----------------- Instantiating /home/travis/build/icyphy/ptII/ptolemy/domains/dt/kernel/test/auto/Chain2.xml
7 ms. Memory: 146944K Free: 112896K (77%)
----------------- Invoking toplevel() on ptolemy.moml.MoMLSimpleApplication@666e126c
----------------- Done invoking toplevel() on ptolemy.moml.MoMLSimpleApplication@666e126c
reloadAllAccessors: .Chain2

===========================================================================================
----------------- testing Fri Mar 08 03:43:08 UTC 2019 /home/travis/build/icyphy/ptII/ptolemy/domains/dt/kernel/test/auto/Chain3.xml
----------------- Instantiating /home/travis/build/icyphy/ptII/ptolemy/domains/dt/kernel/test/auto/Chain3.xml
15 ms. Memory: 146944K Free: 101061K (69%)
----------------- Invoking toplevel() on ptolemy.moml.MoMLSimpleApplication@1bdc1b7b
----------------- Done invoking toplevel() on ptolemy.moml.MoMLSimpleApplication@1bdc1b7b
reloadAllAccessors: .Chain3

===========================================================================================
----------------- testing Fri Mar 08 03:43:08 UTC 2019 /home/travis/build/icyphy/ptII/ptolemy/domains/dt/kernel/test/auto/CurrentTimeSource.xml
----------------- Instantiating /home/travis/build/icyphy/ptII/ptolemy/domains/dt/kernel/test/auto/CurrentTimeSource.xml
4 ms. Memory: 146944K Free: 98563K (67%)
----------------- Invoking toplevel() on ptolemy.moml.MoMLSimpleApplication@242d603f
----------------- Done invoking toplevel() on ptolemy.moml.MoMLSimpleApplication@242d603f
reloadAllAccessors: .CurrentTimeSource

===========================================================================================
----------------- testing Fri Mar 08 03:43:08 UTC 2019 /home/travis/build/icyphy/ptII/ptolemy/domains/dt/kernel/test/auto/Dag1.xml
----------------- Instantiating /home/travis/build/icyphy/ptII/ptolemy/domains/dt/kernel/test/auto/Dag1.xml
14 ms. Memory: 146944K Free: 91086K (62%)
----------------- Invoking toplevel() on ptolemy.moml.MoMLSimpleApplication@25a335b6
----------------- Done invoking toplevel() on ptolemy.moml.MoMLSimpleApplication@25a335b6
reloadAllAccessors: .Dag1

===========================================================================================
----------------- testing Fri Mar 08 03:43:09 UTC 2019 /home/travis/build/icyphy/ptII/ptolemy/domains/dt/kernel/test/auto/Dag2.xml
----------------- Instantiating /home/travis/build/icyphy/ptII/ptolemy/domains/dt/kernel/test/auto/Dag2.xml
13 ms. Memory: 146944K Free: 137485K (94%)
----------------- Invoking toplevel() on ptolemy.moml.MoMLSimpleApplication@174761ee
----------------- Done invoking toplevel() on ptolemy.moml.MoMLSimpleApplication@174761ee
reloadAllAccessors: .Dag2

===========================================================================================
----------------- testing Fri Mar 08 03:43:09 UTC 2019 /home/travis/build/icyphy/ptII/ptolemy/domains/dt/kernel/test/auto/DagSingles1.xml
----------------- Instantiating /home/travis/build/icyphy/ptII/ptolemy/domains/dt/kernel/test/auto/DagSingles1.xml
7 ms. Memory: 146944K Free: 129478K (88%)
----------------- Invoking toplevel() on ptolemy.moml.MoMLSimpleApplication@5b90f44e
----------------- Done invoking toplevel() on ptolemy.moml.MoMLSimpleApplication@5b90f44e
reloadAllAccessors: .DagSingles1

===========================================================================================
----------------- testing Fri Mar 08 03:43:09 UTC 2019 /home/travis/build/icyphy/ptII/ptolemy/domains/dt/kernel/test/auto/Delay1.xml
----------------- Instantiating /home/travis/build/icyphy/ptII/ptolemy/domains/dt/kernel/test/auto/Delay1.xml
5 ms. Memory: 146944K Free: 125639K (86%)
----------------- Invoking toplevel() on ptolemy.moml.MoMLSimpleApplication@f8b8cad
----------------- Done invoking toplevel() on ptolemy.moml.MoMLSimpleApplication@f8b8cad
reloadAllAccessors: .Delay1

===========================================================================================
----------------- testing Fri Mar 08 03:43:09 UTC 2019 /home/travis/build/icyphy/ptII/ptolemy/domains/dt/kernel/test/auto/Delay2.xml
----------------- Instantiating /home/travis/build/icyphy/ptII/ptolemy/domains/dt/kernel/test/auto/Delay2.xml
10 ms. Memory: 146944K Free: 122298K (83%)
----------------- Invoking toplevel() on ptolemy.moml.MoMLSimpleApplication@63f0854b
----------------- Done invoking toplevel() on ptolemy.moml.MoMLSimpleApplication@63f0854b
reloadAllAccessors: .Delay2

===========================================================================================
----------------- testing Fri Mar 08 03:43:09 UTC 2019 /home/travis/build/icyphy/ptII/ptolemy/domains/dt/kernel/test/auto/InvDag1.xml
----------------- Instantiating /home/travis/build/icyphy/ptII/ptolemy/domains/dt/kernel/test/auto/InvDag1.xml
5 ms. Memory: 146944K Free: 115305K (78%)
----------------- Invoking toplevel() on ptolemy.moml.MoMLSimpleApplication@45202626
----------------- Done invoking toplevel() on ptolemy.moml.MoMLSimpleApplication@45202626
reloadAllAccessors: .InvDag1

===========================================================================================
----------------- testing Fri Mar 08 03:43:09 UTC 2019 /home/travis/build/icyphy/ptII/ptolemy/domains/dt/kernel/test/auto/MultiPort1.xml
----------------- Instantiating /home/travis/build/icyphy/ptII/ptolemy/domains/dt/kernel/test/auto/MultiPort1.xml
7 ms. Memory: 146944K Free: 108278K (74%)
----------------- Invoking toplevel() on ptolemy.moml.MoMLSimpleApplication@537ff036
----------------- Done invoking toplevel() on ptolemy.moml.MoMLSimpleApplication@537ff036
reloadAllAccessors: .MultiPort1

===========================================================================================
----------------- testing Fri Mar 08 03:43:09 UTC 2019 /home/travis/build/icyphy/ptII/ptolemy/domains/dt/kernel/test/auto/MultiPort2.xml
----------------- Instantiating /home/travis/build/icyphy/ptII/ptolemy/domains/dt/kernel/test/auto/MultiPort2.xml
9 ms. Memory: 146944K Free: 98575K (67%)
----------------- Invoking toplevel() on ptolemy.moml.MoMLSimpleApplication@325a0fbb
----------------- Done invoking toplevel() on ptolemy.moml.MoMLSimpleApplication@325a0fbb
reloadAllAccessors: .MultiPort2

===========================================================================================
----------------- testing Fri Mar 08 03:43:09 UTC 2019 /home/travis/build/icyphy/ptII/ptolemy/domains/dt/kernel/test/auto/Round.xml
----------------- Instantiating /home/travis/build/icyphy/ptII/ptolemy/domains/dt/kernel/test/auto/Round.xml
15 ms. Memory: 146944K Free: 93799K (64%)
----------------- Invoking toplevel() on ptolemy.moml.MoMLSimpleApplication@5bc6a03a
----------------- Done invoking toplevel() on ptolemy.moml.MoMLSimpleApplication@5bc6a03a
reloadAllAccessors: .Round

===========================================================================================
----------------- testing Fri Mar 08 03:43:09 UTC 2019 /home/travis/build/icyphy/ptII/ptolemy/domains/dt/kernel/test/auto/Sink1.xml
----------------- Instantiating /home/travis/build/icyphy/ptII/ptolemy/domains/dt/kernel/test/auto/Sink1.xml
8 ms. Memory: 146944K Free: 86691K (59%)
----------------- Invoking toplevel() on ptolemy.moml.MoMLSimpleApplication@4c8cda92
----------------- Done invoking toplevel() on ptolemy.moml.MoMLSimpleApplication@4c8cda92
reloadAllAccessors: .Sink1

===========================================================================================
----------------- testing Fri Mar 08 03:43:09 UTC 2019 /home/travis/build/icyphy/ptII/ptolemy/domains/dt/kernel/test/auto/SourceSink1.xml
----------------- Instantiating /home/travis/build/icyphy/ptII/ptolemy/domains/dt/kernel/test/auto/SourceSink1.xml
35 ms. Memory: 208384K Free: 185813K (89%)
----------------- Invoking toplevel() on ptolemy.moml.MoMLSimpleApplication@3cdbf2a6
----------------- Done invoking toplevel() on ptolemy.moml.MoMLSimpleApplication@3cdbf2a6
reloadAllAccessors: .SourceSink1

===========================================================================================
----------------- testing Fri Mar 08 03:43:09 UTC 2019 /home/travis/build/icyphy/ptII/ptolemy/domains/dt/kernel/test/auto/de_dt_1.xml
----------------- Instantiating /home/travis/build/icyphy/ptII/ptolemy/domains/dt/kernel/test/auto/de_dt_1.xml
42 ms. Memory: 208384K Free: 178171K (86%)
----------------- Invoking toplevel() on ptolemy.moml.MoMLSimpleApplication@7759d3b8
----------------- Done invoking toplevel() on ptolemy.moml.MoMLSimpleApplication@7759d3b8
reloadAllAccessors: .de_dt_1

===========================================================================================
----------------- testing Fri Mar 08 03:43:09 UTC 2019 /home/travis/build/icyphy/ptII/ptolemy/domains/dt/kernel/test/auto/de_dt_2.xml
----------------- Instantiating /home/travis/build/icyphy/ptII/ptolemy/domains/dt/kernel/test/auto/de_dt_2.xml
29 ms. Memory: 208384K Free: 171380K (82%)
----------------- Invoking toplevel() on ptolemy.moml.MoMLSimpleApplication@2a0e4651
----------------- Done invoking toplevel() on ptolemy.moml.MoMLSimpleApplication@2a0e4651
reloadAllAccessors: .de_dt_2

===========================================================================================
----------------- testing Fri Mar 08 03:43:09 UTC 2019 /home/travis/build/icyphy/ptII/ptolemy/domains/dt/kernel/test/auto/dt_dt_opaque1.xml
----------------- Instantiating /home/travis/build/icyphy/ptII/ptolemy/domains/dt/kernel/test/auto/dt_dt_opaque1.xml
8 ms. Memory: 208384K Free: 165204K (79%)
----------------- Invoking toplevel() on ptolemy.moml.MoMLSimpleApplication@283ba79d
----------------- Done invoking toplevel() on ptolemy.moml.MoMLSimpleApplication@283ba79d
reloadAllAccessors: .dt_dt_opaque1

===========================================================================================
----------------- testing Fri Mar 08 03:43:09 UTC 2019 /home/travis/build/icyphy/ptII/ptolemy/domains/dt/kernel/test/auto/dt_dt_opaque2.xml
----------------- Instantiating /home/travis/build/icyphy/ptII/ptolemy/domains/dt/kernel/test/auto/dt_dt_opaque2.xml
7 ms. Memory: 208384K Free: 157767K (76%)
----------------- Invoking toplevel() on ptolemy.moml.MoMLSimpleApplication@ec88ce6
----------------- Done invoking toplevel() on ptolemy.moml.MoMLSimpleApplication@ec88ce6
reloadAllAccessors: .dt_dt_opaque2

===========================================================================================
----------------- testing Fri Mar 08 03:43:09 UTC 2019 /home/travis/build/icyphy/ptII/ptolemy/domains/dt/kernel/test/auto/dt_dt_opaque3.xml
----------------- Instantiating /home/travis/build/icyphy/ptII/ptolemy/domains/dt/kernel/test/auto/dt_dt_opaque3.xml
17 ms. Memory: 208384K Free: 147651K (71%)
----------------- Invoking toplevel() on ptolemy.moml.MoMLSimpleApplication@4cc393fe
----------------- Done invoking toplevel() on ptolemy.moml.MoMLSimpleApplication@4cc393fe
reloadAllAccessors: .dt_dt_opaque3

===========================================================================================
----------------- testing Fri Mar 08 03:43:09 UTC 2019 /home/travis/build/icyphy/ptII/ptolemy/domains/dt/kernel/test/auto/dt_dt_opaque4.xml
----------------- Instantiating /home/travis/build/icyphy/ptII/ptolemy/domains/dt/kernel/test/auto/dt_dt_opaque4.xml
9 ms. Memory: 208384K Free: 139049K (67%)
----------------- Invoking toplevel() on ptolemy.moml.MoMLSimpleApplication@210dcdcf
----------------- Done invoking toplevel() on ptolemy.moml.MoMLSimpleApplication@210dcdcf
reloadAllAccessors: .dt_dt_opaque4

===========================================================================================
----------------- testing Fri Mar 08 03:43:09 UTC 2019 /home/travis/build/icyphy/ptII/ptolemy/domains/dt/kernel/test/auto/dt_dt_transparent1.xml
----------------- Instantiating /home/travis/build/icyphy/ptII/ptolemy/domains/dt/kernel/test/auto/dt_dt_transparent1.xml
6 ms. Memory: 208384K Free: 134134K (64%)
----------------- Invoking toplevel() on ptolemy.moml.MoMLSimpleApplication@3651856a
----------------- Done invoking toplevel() on ptolemy.moml.MoMLSimpleApplication@3651856a
reloadAllAccessors: .dt_dt_transparent1

===========================================================================================
----------------- testing Fri Mar 08 03:43:09 UTC 2019 /home/travis/build/icyphy/ptII/ptolemy/domains/dt/kernel/test/auto/dt_dt_transparent2.xml
----------------- Instantiating /home/travis/build/icyphy/ptII/ptolemy/domains/dt/kernel/test/auto/dt_dt_transparent2.xml
7 ms. Memory: 208384K Free: 125902K (60%)
----------------- Invoking toplevel() on ptolemy.moml.MoMLSimpleApplication@1335405
----------------- Done invoking toplevel() on ptolemy.moml.MoMLSimpleApplication@1335405
reloadAllAccessors: .dt_dt_transparent2

===========================================================================================
----------------- testing Fri Mar 08 03:43:09 UTC 2019 /home/travis/build/icyphy/ptII/ptolemy/domains/dt/kernel/test/auto/dt_dt_transparent3.xml
----------------- Instantiating /home/travis/build/icyphy/ptII/ptolemy/domains/dt/kernel/test/auto/dt_dt_transparent3.xml
2 ms. Memory: 208384K Free: 119111K (57%)
----------------- Invoking toplevel() on ptolemy.moml.MoMLSimpleApplication@40ba2e91
----------------- Done invoking toplevel() on ptolemy.moml.MoMLSimpleApplication@40ba2e91
reloadAllAccessors: .dt_dt_transparent3

===========================================================================================
----------------- testing Fri Mar 08 03:43:09 UTC 2019 /home/travis/build/icyphy/ptII/ptolemy/domains/dt/kernel/test/auto/dt_sdf_1.xml
----------------- Instantiating /home/travis/build/icyphy/ptII/ptolemy/domains/dt/kernel/test/auto/dt_sdf_1.xml
9 ms. Memory: 208384K Free: 112935K (54%)
----------------- Invoking toplevel() on ptolemy.moml.MoMLSimpleApplication@59c26c0e
----------------- Done invoking toplevel() on ptolemy.moml.MoMLSimpleApplication@59c26c0e
reloadAllAccessors: .dt_sdf_1

===========================================================================================
----------------- testing Fri Mar 08 03:43:10 UTC 2019 /home/travis/build/icyphy/ptII/ptolemy/domains/dt/kernel/test/auto/dt_sdf_2.xml
----------------- Instantiating /home/travis/build/icyphy/ptII/ptolemy/domains/dt/kernel/test/auto/dt_sdf_2.xml
5 ms. Memory: 208384K Free: 106176K (51%)
----------------- Invoking toplevel() on ptolemy.moml.MoMLSimpleApplication@aaaf90b
----------------- Done invoking toplevel() on ptolemy.moml.MoMLSimpleApplication@aaaf90b
reloadAllAccessors: .dt_sdf_2

===========================================================================================
----------------- testing Fri Mar 08 03:43:10 UTC 2019 /home/travis/build/icyphy/ptII/ptolemy/domains/dt/kernel/test/auto/dt_sdf_3.xml
----------------- Instantiating /home/travis/build/icyphy/ptII/ptolemy/domains/dt/kernel/test/auto/dt_sdf_3.xml
7 ms. Memory: 208384K Free: 96643K (46%)
----------------- Invoking toplevel() on ptolemy.moml.MoMLSimpleApplication@254221af
----------------- Done invoking toplevel() on ptolemy.moml.MoMLSimpleApplication@254221af
reloadAllAccessors: .dt_sdf_3

===========================================================================================
----------------- testing Fri Mar 08 03:43:10 UTC 2019 /home/travis/build/icyphy/ptII/ptolemy/domains/dt/kernel/test/auto/dt_sdf_dt.xml
----------------- Instantiating /home/travis/build/icyphy/ptII/ptolemy/domains/dt/kernel/test/auto/dt_sdf_dt.xml
10 ms. Memory: 208384K Free: 83062K (40%)
----------------- Invoking toplevel() on ptolemy.moml.MoMLSimpleApplication@1871c6f9
----------------- Done invoking toplevel() on ptolemy.moml.MoMLSimpleApplication@1871c6f9
reloadAllAccessors: .dt_sdf_dt

===========================================================================================
----------------- testing Fri Mar 08 03:43:10 UTC 2019 /home/travis/build/icyphy/ptII/ptolemy/domains/dt/kernel/test/auto/fir_downsample.xml
----------------- Instantiating /home/travis/build/icyphy/ptII/ptolemy/domains/dt/kernel/test/auto/fir_downsample.xml
4 ms. Memory: 208384K Free: 201929K (97%)
----------------- Invoking toplevel() on ptolemy.moml.MoMLSimpleApplication@37c7eeb2
----------------- Done invoking toplevel() on ptolemy.moml.MoMLSimpleApplication@37c7eeb2
reloadAllAccessors: .fir_downsample

===========================================================================================
----------------- testing Fri Mar 08 03:43:10 UTC 2019 /home/travis/build/icyphy/ptII/ptolemy/domains/dt/kernel/test/auto/fir_downsample2.xml
----------------- Instantiating /home/travis/build/icyphy/ptII/ptolemy/domains/dt/kernel/test/auto/fir_downsample2.xml
3 ms. Memory: 208384K Free: 196399K (94%)
----------------- Invoking toplevel() on ptolemy.moml.MoMLSimpleApplication@11c8fddb
----------------- Done invoking toplevel() on ptolemy.moml.MoMLSimpleApplication@11c8fddb
reloadAllAccessors: .fir_downsample2

===========================================================================================
----------------- testing Fri Mar 08 03:43:10 UTC 2019 /home/travis/build/icyphy/ptII/ptolemy/domains/dt/kernel/test/auto/inside_period1.xml
----------------- Instantiating /home/travis/build/icyphy/ptII/ptolemy/domains/dt/kernel/test/auto/inside_period1.xml
6 ms. Memory: 208384K Free: 186260K (89%)
----------------- Invoking toplevel() on ptolemy.moml.MoMLSimpleApplication@7999420a
----------------- Done invoking toplevel() on ptolemy.moml.MoMLSimpleApplication@7999420a
reloadAllAccessors: .inside_period1

===========================================================================================
----------------- testing Fri Mar 08 03:43:10 UTC 2019 /home/travis/build/icyphy/ptII/ptolemy/domains/dt/kernel/test/auto/inside_period2.xml
----------------- Instantiating /home/travis/build/icyphy/ptII/ptolemy/domains/dt/kernel/test/auto/inside_period2.xml
8 ms. Memory: 208384K Free: 177445K (85%)
----------------- Invoking toplevel() on ptolemy.moml.MoMLSimpleApplication@3fb1bbb0
----------------- Done invoking toplevel() on ptolemy.moml.MoMLSimpleApplication@3fb1bbb0
reloadAllAccessors: .inside_period2

===========================================================================================
----------------- testing Fri Mar 08 03:43:10 UTC 2019 /home/travis/build/icyphy/ptII/ptolemy/domains/dt/kernel/test/auto/pam.xml
----------------- Instantiating /home/travis/build/icyphy/ptII/ptolemy/domains/dt/kernel/test/auto/pam.xml
20 ms. Memory: 208384K Free: 169205K (81%)
----------------- Invoking toplevel() on ptolemy.moml.MoMLSimpleApplication@41dfb11a
----------------- Done invoking toplevel() on ptolemy.moml.MoMLSimpleApplication@41dfb11a
reloadAllAccessors: .pam

===========================================================================================
----------------- testing Fri Mar 08 03:43:10 UTC 2019 /home/travis/build/icyphy/ptII/ptolemy/domains/dt/kernel/test/auto/postfireFalse.xml
----------------- Instantiating /home/travis/build/icyphy/ptII/ptolemy/domains/dt/kernel/test/auto/postfireFalse.xml
3 ms. Memory: 208384K Free: 165085K (79%)
----------------- Invoking toplevel() on ptolemy.moml.MoMLSimpleApplication@17ddc29d
----------------- Done invoking toplevel() on ptolemy.moml.MoMLSimpleApplication@17ddc29d
reloadAllAccessors: .postfireFalse

===========================================================================================
----------------- testing Fri Mar 08 03:43:10 UTC 2019 /home/travis/build/icyphy/ptII/ptolemy/domains/dt/kernel/test/auto/sdf_dt_1.xml
----------------- Instantiating /home/travis/build/icyphy/ptII/ptolemy/domains/dt/kernel/test/auto/sdf_dt_1.xml
8 ms. Memory: 208384K Free: 157940K (76%)
----------------- Invoking toplevel() on ptolemy.moml.MoMLSimpleApplication@13062d88
----------------- Done invoking toplevel() on ptolemy.moml.MoMLSimpleApplication@13062d88
reloadAllAccessors: .sdf_dt_1

===========================================================================================
----------------- testing Fri Mar 08 03:43:10 UTC 2019 /home/travis/build/icyphy/ptII/ptolemy/domains/dt/kernel/test/auto/sdf_dt_2.xml
----------------- Instantiating /home/travis/build/icyphy/ptII/ptolemy/domains/dt/kernel/test/auto/sdf_dt_2.xml
13 ms. Memory: 208384K Free: 149651K (72%)
----------------- Invoking toplevel() on ptolemy.moml.MoMLSimpleApplication@7a0eb4b
----------------- Done invoking toplevel() on ptolemy.moml.MoMLSimpleApplication@7a0eb4b
reloadAllAccessors: .sdf_dt_2
AutoTests.java: About to close Vertx.
AutoTests.java: Vertx closed.
]]></system-out>
  <system-err><![CDATA[java.lang.RuntimeException: Execution failed
	at ptolemy.moml.MoMLSimpleApplication$UnloadThread.run(MoMLSimpleApplication.java:402)
Caused by: ptolemy.kernel.util.IllegalActionException: Timing incompatibility error: DT0 is unable to fire DE_model at the requested time: 1.0. It responds it will fire it at: 10.0.
  in .deInsideDT.DE_model.DE0
	at ptolemy.actor.Director.fireContainerAt(Director.java:558)
	at ptolemy.domains.de.kernel.DEDirector._requestFiring(DEDirector.java:2708)
	at ptolemy.domains.de.kernel.DEDirector.postfire(DEDirector.java:1078)
	at ptolemy.actor.CompositeActor.postfire(CompositeActor.java:1668)
	at ptolemy.actor.CompositeActor.iterate(CompositeActor.java:1153)
	at ptolemy.actor.sched.StaticSchedulingDirector.fire(StaticSchedulingDirector.java:216)
	at ptolemy.domains.sdf.kernel.SDFDirector.fire(SDFDirector.java:500)
	at ptolemy.domains.dt.kernel.DTDirector.fire(DTDirector.java:347)
	at ptolemy.actor.CompositeActor.fire(CompositeActor.java:455)
	at ptolemy.actor.Manager.iterate(Manager.java:851)
	at ptolemy.actor.Manager.execute(Manager.java:369)
	at ptolemy.actor.Manager.run(Manager.java:1263)
	at ptolemy.actor.Manager$PtolemyRunThread.run(Manager.java:1915)
java.lang.reflect.InvocationTargetException
	at sun.reflect.NativeConstructorAccessorImpl.newInstance0(Native Method)
	at sun.reflect.NativeConstructorAccessorImpl.newInstance(NativeConstructorAccessorImpl.java:62)
	at sun.reflect.DelegatingConstructorAccessorImpl.newInstance(DelegatingConstructorAccessorImpl.java:45)
	at java.lang.reflect.Constructor.newInstance(Constructor.java:423)
	at ptolemy.util.test.junit.AutoKnownFailedTests.RunModel(AutoKnownFailedTests.java:105)
	at sun.reflect.NativeMethodAccessorImpl.invoke0(Native Method)
	at sun.reflect.NativeMethodAccessorImpl.invoke(NativeMethodAccessorImpl.java:62)
	at sun.reflect.DelegatingMethodAccessorImpl.invoke(DelegatingMethodAccessorImpl.java:43)
	at java.lang.reflect.Method.invoke(Method.java:498)
	at org.junit.runners.model.FrameworkMethod$1.runReflectiveCall(FrameworkMethod.java:44)
	at org.junit.internal.runners.model.ReflectiveCallable.run(ReflectiveCallable.java:15)
	at org.junit.runners.model.FrameworkMethod.invokeExplosively(FrameworkMethod.java:41)
	at junitparams.internal.InvokeParameterisedMethod.evaluate(InvokeParameterisedMethod.java:102)
	at org.junit.internal.runners.statements.FailOnTimeout$1.run(FailOnTimeout.java:28)
Caused by: ptolemy.kernel.util.IllegalActionException: Timing incompatibility error: DT0 is unable to fire DE_model at the requested time: 1.0. It responds it will fire it at: 10.0.
  in .deInsideDT.DE_model.DE0
	at ptolemy.actor.Director.fireContainerAt(Director.java:558)
	at ptolemy.domains.de.kernel.DEDirector._requestFiring(DEDirector.java:2708)
	at ptolemy.domains.de.kernel.DEDirector.postfire(DEDirector.java:1078)
	at ptolemy.actor.CompositeActor.postfire(CompositeActor.java:1668)
	at ptolemy.actor.CompositeActor.iterate(CompositeActor.java:1153)
	at ptolemy.actor.sched.StaticSchedulingDirector.fire(StaticSchedulingDirector.java:216)
	at ptolemy.domains.sdf.kernel.SDFDirector.fire(SDFDirector.java:500)
	at ptolemy.domains.dt.kernel.DTDirector.fire(DTDirector.java:347)
	at ptolemy.actor.CompositeActor.fire(CompositeActor.java:455)
	at ptolemy.actor.Manager.iterate(Manager.java:851)
	at ptolemy.actor.Manager.execute(Manager.java:369)
	at ptolemy.actor.Manager.run(Manager.java:1263)
	at ptolemy.actor.Manager$PtolemyRunThread.run(Manager.java:1915)
java.lang.reflect.InvocationTargetException
	at sun.reflect.NativeConstructorAccessorImpl.newInstance0(Native Method)
	at sun.reflect.NativeConstructorAccessorImpl.newInstance(NativeConstructorAccessorImpl.java:62)
	at sun.reflect.DelegatingConstructorAccessorImpl.newInstance(DelegatingConstructorAccessorImpl.java:45)
	at java.lang.reflect.Constructor.newInstance(Constructor.java:423)
	at ptolemy.util.test.junit.AutoKnownFailedTests.RunModel(AutoKnownFailedTests.java:105)
	at sun.reflect.NativeMethodAccessorImpl.invoke0(Native Method)
	at sun.reflect.NativeMethodAccessorImpl.invoke(NativeMethodAccessorImpl.java:62)
	at sun.reflect.DelegatingMethodAccessorImpl.invoke(DelegatingMethodAccessorImpl.java:43)
	at java.lang.reflect.Method.invoke(Method.java:498)
	at org.junit.runners.model.FrameworkMethod$1.runReflectiveCall(FrameworkMethod.java:44)
	at org.junit.internal.runners.model.ReflectiveCallable.run(ReflectiveCallable.java:15)
	at org.junit.runners.model.FrameworkMethod.invokeExplosively(FrameworkMethod.java:41)
	at junitparams.internal.InvokeParameterisedMethod.evaluate(InvokeParameterisedMethod.java:102)
	at org.junit.internal.runners.statements.FailOnTimeout$1.run(FailOnTimeout.java:28)
Caused by: com.microstar.xml.XmlException: Failed to find class 'ptolemy.domains.ct.kernel.CTScheduler' in file:/home/travis/build/icyphy/ptII/ptolemy/domains/dt/kernel/test/auto/knownFailedTests/DTinsideCT1_.xml at line 40 and column 71
Caused by:
 java.lang.ClassNotFoundException: ptolemy.domains.ct.kernel.CTScheduler
	at ptolemy.moml.MoMLParser._handlePropertyElement(MoMLParser.java:5911)
	at ptolemy.moml.MoMLParser.startElement(MoMLParser.java:3309)
	at com.microstar.xml.XmlParser.parseElement(XmlParser.java:921)
	at com.microstar.xml.XmlParser.parseContent(XmlParser.java:1104)
	at com.microstar.xml.XmlParser.parseElement(XmlParser.java:924)
	at com.microstar.xml.XmlParser.parseContent(XmlParser.java:1104)
	at com.microstar.xml.XmlParser.parseElement(XmlParser.java:924)
	at com.microstar.xml.XmlParser.parseDocument(XmlParser.java:481)
	at com.microstar.xml.XmlParser.doParse(XmlParser.java:159)
	at com.microstar.xml.XmlParser.parse(XmlParser.java:132)
	at ptolemy.moml.MoMLParser.parse(MoMLParser.java:1660)
	at ptolemy.moml.MoMLParser.parse(MoMLParser.java:1595)
	at ptolemy.moml.MoMLParser.parse(MoMLParser.java:1537)
	at ptolemy.moml.MoMLSimpleApplication.<init>(MoMLSimpleApplication.java:123)
	... 14 more
Caused by: java.lang.ClassNotFoundException: ptolemy.domains.ct.kernel.CTScheduler
	at java.net.URLClassLoader.findClass(URLClassLoader.java:381)
	at java.lang.ClassLoader.loadClass(ClassLoader.java:424)
	at sun.misc.Launcher$AppClassLoader.loadClass(Launcher.java:335)
	at java.lang.ClassLoader.loadClass(ClassLoader.java:357)
	at ptolemy.moml.MoMLParser._loadClass(MoMLParser.java:6402)
	at ptolemy.moml.MoMLParser._handlePropertyElement(MoMLParser.java:5906)
	... 27 more
java.lang.RuntimeException: Execution failed
	at ptolemy.moml.MoMLSimpleApplication$UnloadThread.run(MoMLSimpleApplication.java:402)
Caused by: ptolemy.kernel.util.IllegalActionException: Test fails in iteration 1.
Value was: 0.5555555556. Should have been: 11.1111111
  in .Dag3.Test18
	at ptolemy.actor.lib.Test.fire(Test.java:268)
	at ptolemy.actor.AtomicActor.iterate(AtomicActor.java:512)
	at ptolemy.actor.sched.StaticSchedulingDirector.fire(StaticSchedulingDirector.java:216)
	at ptolemy.domains.sdf.kernel.SDFDirector.fire(SDFDirector.java:500)
	at ptolemy.domains.dt.kernel.DTDirector.fire(DTDirector.java:347)
	at ptolemy.actor.CompositeActor.fire(CompositeActor.java:455)
	at ptolemy.actor.Manager.iterate(Manager.java:851)
	at ptolemy.actor.Manager.execute(Manager.java:369)
	at ptolemy.actor.Manager.run(Manager.java:1263)
	at ptolemy.actor.Manager$PtolemyRunThread.run(Manager.java:1915)
java.lang.reflect.InvocationTargetException
	at sun.reflect.NativeConstructorAccessorImpl.newInstance0(Native Method)
	at sun.reflect.NativeConstructorAccessorImpl.newInstance(NativeConstructorAccessorImpl.java:62)
	at sun.reflect.DelegatingConstructorAccessorImpl.newInstance(DelegatingConstructorAccessorImpl.java:45)
	at java.lang.reflect.Constructor.newInstance(Constructor.java:423)
	at ptolemy.util.test.junit.AutoKnownFailedTests.RunModel(AutoKnownFailedTests.java:105)
	at sun.reflect.NativeMethodAccessorImpl.invoke0(Native Method)
	at sun.reflect.NativeMethodAccessorImpl.invoke(NativeMethodAccessorImpl.java:62)
	at sun.reflect.DelegatingMethodAccessorImpl.invoke(DelegatingMethodAccessorImpl.java:43)
	at java.lang.reflect.Method.invoke(Method.java:498)
	at org.junit.runners.model.FrameworkMethod$1.runReflectiveCall(FrameworkMethod.java:44)
	at org.junit.internal.runners.model.ReflectiveCallable.run(ReflectiveCallable.java:15)
	at org.junit.runners.model.FrameworkMethod.invokeExplosively(FrameworkMethod.java:41)
	at junitparams.internal.InvokeParameterisedMethod.evaluate(InvokeParameterisedMethod.java:102)
	at org.junit.internal.runners.statements.FailOnTimeout$1.run(FailOnTimeout.java:28)
Caused by: ptolemy.kernel.util.IllegalActionException: Test fails in iteration 1.
Value was: 0.5555555556. Should have been: 11.1111111
  in .Dag3.Test18
	at ptolemy.actor.lib.Test.fire(Test.java:268)
	at ptolemy.actor.AtomicActor.iterate(AtomicActor.java:512)
	at ptolemy.actor.sched.StaticSchedulingDirector.fire(StaticSchedulingDirector.java:216)
	at ptolemy.domains.sdf.kernel.SDFDirector.fire(SDFDirector.java:500)
	at ptolemy.domains.dt.kernel.DTDirector.fire(DTDirector.java:347)
	at ptolemy.actor.CompositeActor.fire(CompositeActor.java:455)
	at ptolemy.actor.Manager.iterate(Manager.java:851)
	at ptolemy.actor.Manager.execute(Manager.java:369)
	at ptolemy.actor.Manager.run(Manager.java:1263)
	at ptolemy.actor.Manager$PtolemyRunThread.run(Manager.java:1915)
java.lang.RuntimeException: Execution failed
	at ptolemy.moml.MoMLSimpleApplication$UnloadThread.run(MoMLSimpleApplication.java:402)
Caused by: ptolemy.kernel.util.IllegalActionException: Test fails in iteration 0.
Value was: 0.0. Should have been: true
  in .sdf_sdf.typed composite actor3.Test1
	at ptolemy.actor.lib.Test.fire(Test.java:268)
	at ptolemy.actor.AtomicActor.iterate(AtomicActor.java:512)
	at ptolemy.actor.sched.StaticSchedulingDirector.fire(StaticSchedulingDirector.java:216)
	at ptolemy.domains.sdf.kernel.SDFDirector.fire(SDFDirector.java:500)
	at ptolemy.actor.CompositeActor.fire(CompositeActor.java:455)
	at ptolemy.actor.CompositeActor.iterate(CompositeActor.java:1146)
	at ptolemy.actor.sched.StaticSchedulingDirector.fire(StaticSchedulingDirector.java:216)
	at ptolemy.domains.sdf.kernel.SDFDirector.fire(SDFDirector.java:500)
	at ptolemy.actor.CompositeActor.fire(CompositeActor.java:455)
	at ptolemy.actor.Manager.iterate(Manager.java:851)
	at ptolemy.actor.Manager.execute(Manager.java:369)
	at ptolemy.actor.Manager.run(Manager.java:1263)
	at ptolemy.actor.Manager$PtolemyRunThread.run(Manager.java:1915)
java.lang.reflect.InvocationTargetException
	at sun.reflect.NativeConstructorAccessorImpl.newInstance0(Native Method)
	at sun.reflect.NativeConstructorAccessorImpl.newInstance(NativeConstructorAccessorImpl.java:62)
	at sun.reflect.DelegatingConstructorAccessorImpl.newInstance(DelegatingConstructorAccessorImpl.java:45)
	at java.lang.reflect.Constructor.newInstance(Constructor.java:423)
	at ptolemy.util.test.junit.AutoKnownFailedTests.RunModel(AutoKnownFailedTests.java:105)
	at sun.reflect.NativeMethodAccessorImpl.invoke0(Native Method)
	at sun.reflect.NativeMethodAccessorImpl.invoke(NativeMethodAccessorImpl.java:62)
	at sun.reflect.DelegatingMethodAccessorImpl.invoke(DelegatingMethodAccessorImpl.java:43)
	at java.lang.reflect.Method.invoke(Method.java:498)
	at org.junit.runners.model.FrameworkMethod$1.runReflectiveCall(FrameworkMethod.java:44)
	at org.junit.internal.runners.model.ReflectiveCallable.run(ReflectiveCallable.java:15)
	at org.junit.runners.model.FrameworkMethod.invokeExplosively(FrameworkMethod.java:41)
	at junitparams.internal.InvokeParameterisedMethod.evaluate(InvokeParameterisedMethod.java:102)
	at org.junit.internal.runners.statements.FailOnTimeout$1.run(FailOnTimeout.java:28)
Caused by: ptolemy.kernel.util.IllegalActionException: Test fails in iteration 0.
Value was: 0.0. Should have been: true
  in .sdf_sdf.typed composite actor3.Test1
	at ptolemy.actor.lib.Test.fire(Test.java:268)
	at ptolemy.actor.AtomicActor.iterate(AtomicActor.java:512)
	at ptolemy.actor.sched.StaticSchedulingDirector.fire(StaticSchedulingDirector.java:216)
	at ptolemy.domains.sdf.kernel.SDFDirector.fire(SDFDirector.java:500)
	at ptolemy.actor.CompositeActor.fire(CompositeActor.java:455)
	at ptolemy.actor.CompositeActor.iterate(CompositeActor.java:1146)
	at ptolemy.actor.sched.StaticSchedulingDirector.fire(StaticSchedulingDirector.java:216)
	at ptolemy.domains.sdf.kernel.SDFDirector.fire(SDFDirector.java:500)
	at ptolemy.actor.CompositeActor.fire(CompositeActor.java:455)
	at ptolemy.actor.Manager.iterate(Manager.java:851)
	at ptolemy.actor.Manager.execute(Manager.java:369)
	at ptolemy.actor.Manager.run(Manager.java:1263)
	at ptolemy.actor.Manager$PtolemyRunThread.run(Manager.java:1915)
]]></system-err>
</testsuite>
