<?xml version="1.0" encoding="UTF-8" ?>
<testsuite errors="0" failures="0" hostname="travis-job-842803a3-3d4c-4699-bf8c-0e3296ad760f" name="ptolemy.domains.de.test.junit.JUnitTclTest" skipped="0" tests="101" time="121.39" timestamp="2020-03-13T07:10:48">
  <properties>
    <property name="npm.executable" value="npm" />
    <property name="env.TRAVIS_ROOT" value="/" />
    <property name="ptII.mk.exists" value="true" />
    <property name="env.TRAVIS_APP_HOST" value="build.travis-ci.org" />
    <property name="env.rvm_bin_path" value="/home/travis/.rvm/bin" />
    <property name="java.home" value="/usr/local/lib/jvm/openjdk11" />
    <property name="env.TRAVIS_JOB_NUMBER" value="1568.9" />
    <property name="env.TRAVIS_HOME" value="/home/travis" />
    <property name="env.DISPLAY" value=":99.0" />
    <property name="env.TRAVIS_INIT" value="systemd" />
    <property name="env.SSH_TTY" value="/dev/pts/0" />
    <property name="java.net.preferIPv4Stack" value="true" />
    <property name="env.RUN_TESTS" value="true" />
    <property name="timeout.short" value="1000000" />
    <property name="junit.formatter" value="xml" />
    <property name="env.TRAVIS_SUDO" value="true" />
    <property name="env.TRAVIS_JOB_NAME" value="" />
    <property name="env.TRAVIS_STACK_NODE_ATTRIBUTES" value="/.node-attributes.yml" />
    <property name="env.LOGNAME" value="travis" />
    <property name="jsdoc.home" value="node_modules/@terraswarm/jsdoc" />
    <property name="debuglevel" value="source,lines,vars" />
    <property name="checkstyle.formatter" value="xml" />
    <property name="env._system_version" value="16.04" />
    <property name="bin.vergil.makeable" value="true" />
    <property name="sun.os.patch.level" value="unknown" />
    <property name="java.vendor.url" value="http://java.oracle.com/" />
    <property name="env.TRAVIS_BUILD_WEB_URL" value="https://travis-ci.org/icyphy/ptII/builds/661845116" />
    <property name="java.version" value="11.0.2" />
    <property name="env.TZ" value="UTC" />
    <property name="env.TRAVIS_PULL_REQUEST_SHA" value="" />
    <property name="env.PT_NO_NET" value="true" />
    <property name="env.TRAVIS_SECURE_ENV_VARS" value="true" />
    <property name="env._system_type" value="Linux" />
    <property name="java.vendor.url.bug" value="http://bugreport.java.com/bugreport/" />
    <property name="npmjs-org-is-up" value="true" />
    <property name="env.LANGUAGE" value="en_US.UTF-8" />
    <property name="env.SSH_CLIENT" value="10.44.0.78 34510 22" />
    <property name="env.GEM_HOME" value="/home/travis/.rvm/gems/ruby-2.5.3" />
    <property name="env.HAS_ANTARES_THREE_LITTLE_FRONZIES_BADGE" value="true" />
    <property name="java.version.date" value="2019-01-15" />
    <property name="env.PS4" value="+" />
    <property name="ant.project.invoked-targets" value="build,test.core2.xml" />
    <property name="env.TRAVIS_PULL_REQUEST_BRANCH" value="" />
    <property name="env.TRAVIS_REPO_SLUG" value="icyphy/ptII" />
    <property name="env.XDG_DATA_DIRS" value="/usr/local/share:/usr/share:/var/lib/snapd/desktop" />
    <property name="jdk.debug" value="release" />
    <property name="env.TRAVIS_APT_PROXY" value="http://build-cache.travisci.net" />
    <property name="env.TRAVIS_CPU_ARCH" value="amd64" />
    <property name="node.in.path" value="true" />
    <property name="user.name" value="travis" />
    <property name="java.maxmemory" value="1400m" />
    <property name="env.RUBY_VERSION" value="ruby-2.5.3" />
    <property name="env.LANG" value="en_US.UTF-8" />
    <property name="sun.io.unicode.encoding" value="UnicodeLittle" />
    <property name="sun.jnu.encoding" value="UTF-8" />
    <property name="java.runtime.name" value="OpenJDK Runtime Environment" />
    <property name="usefile" value="false" />
    <property name="return.code" value="0" />
    <property name="junit.single.formatter" value="plain" />
    <property name="env.DYLD_LIBRARY_PATH" value="/home/travis/pthla/certi-tools/lib:" />
    <property name="env.DEBIAN_FRONTEND" value="noninteractive" />
    <property name="env.SSH_CONNECTION" value="10.44.0.78 34510 10.20.0.19 22" />
    <property name="env.MYSQL_UNIX_PORT" value="/var/run/mysqld/mysqld.sock" />
    <property name="env.LC_ALL" value="en_US.UTF-8" />
    <property name="env.TRAVIS_ALLOW_FAILURE" value="false" />
    <property name="env.TRAVIS_JOB_WEB_URL" value="https://travis-ci.org/icyphy/ptII/jobs/661845125" />
    <property name="java.specification.name" value="Java Platform API Specification" />
    <property name="node.works" value="true" />
    <property name="user.timezone" value="" />
    <property name="path.separator" value=":" />
    <property name="env.TRAVIS_ENABLE_INFRA_DETECTION" value="true" />
    <property name="env.PYTHON_CFLAGS" value="-g -fstack-protector --param=ssp-buffer-size=4 -Wformat -Werror=format-security" />
    <property name="timeout.long" value="4000000" />
    <property name="env.CERTI_HOME" value="/home/travis/pthla/certi-tools" />
    <property name="ant.file.ptII" value="/home/travis/build/icyphy/ptII/build.xml" />
    <property name="javadoc.packagenames" value="com.*,diva.*,lbnl.*,org.hlacerti.*,org.json.*,org.ptolemy.*,org.terraswarm.*,ptolemy.*,ptserver.*" />
    <property name="file.encoding" value="UTF-8" />
    <property name="env.TRAVIS_PULL_REQUEST_SLUG" value="" />
    <property name="ant.project.default-target" value="build" />
    <property name="env.GIT_ASKPASS" value="echo" />
    <property name="env.HOME" value="/home/travis" />
    <property name="sun.java.command" value="org.apache.tools.ant.taskdefs.optional.junit.JUnitTestRunner ptolemy.domains.de.test.junit.JUnitTclTest skipNonTests=false filtertrace=true haltOnError=false haltOnFailure=false formatter=org.apache.tools.ant.taskdefs.optional.junit.OutErrSummaryJUnitResultFormatter showoutput=true outputtoformatters=true logfailedtests=true threadid=0 logtestlistenerevents=false formatter=org.apache.tools.ant.taskdefs.optional.junit.XMLJUnitResultFormatter,/home/travis/build/icyphy/ptII/reports/junit/TEST-ptolemy.domains.de.test.junit.JUnitTclTest.xml crashfile=/home/travis/build/icyphy/ptII/junitvmwatcher8059505961352840368.properties propsfile=/home/travis/build/icyphy/ptII/junit10126128840253176504.properties" />
    <property name="env.COMPOSER_NO_INTERACTION" value="1" />
    <property name="env.MANPATH" value="/home/travis/.nvm/versions/node/v7.10.1/share/man:/home/travis/.rvm/rubies/ruby-2.5.3/share/man:/usr/local/cmake-3.12.4/man:/usr/local/clang-7.0.0/share/man:/usr/local/man:/usr/local/share/man:/usr/share/man:/home/travis/.rvm/man" />
    <property name="env.TRAVIS_TIMER_ID" value="01eb50f0" />
    <property name="ant.file" value="/home/travis/build/icyphy/ptII/build.xml" />
    <property name="env.TRAVIS_COMMIT_RANGE" value="b0b7595e7e282c72b49bdde78eb77cb938632839...3e950cfe0f3c004454147d0a7dfedd7f8d8e77cc" />
    <property name="env._system_name" value="Ubuntu" />
    <property name="ptII.classpath.optional.property" value="/home/travis/build/icyphy/ptII/lib/bsh-2.0b4.jar:/home/travis/build/icyphy/ptII/lib/ptCal.jar:/home/travis/build/icyphy/ptII/lib/java_cup.jar:/home/travis/build/icyphy/ptII/lib/saxon8.jar:/home/travis/build/icyphy/ptII/lib/saxon8-dom.jar:/home/travis/build/icyphy/ptII/lib/chic.jar:/home/travis/build/icyphy/ptII/lib/ptcolt.jar:/home/travis/build/icyphy/ptII/vendors/misc/itext/iText.jar:/home/travis/build/icyphy/ptII/lib/g4ltl.jar:/home/travis/build/icyphy/ptII/lib/StructuralCoder.jar:/home/travis/build/icyphy/ptII/lib/jcerti.jar:/home/travis/build/icyphy/ptII/lib/javax.mail.jar:/home/travis/build/icyphy/ptII/vendors/JMF-2.1.1e/lib/jmf.jar:/home/travis/build/icyphy/ptII/lib/jna-4.0.0-variadic.jar:/home/travis/build/icyphy/ptII/vendors/misc/joystick/Joystick.jar:/home/travis/build/icyphy/ptII/lib/ptjacl.jar:/home/travis/build/icyphy/ptII/lib/jsoup-1.8.2.jar:/home/travis/build/icyphy/ptII/lib/junit-4.8.2.jar:/home/travis/build/icyphy/ptII/lib/JUnitParams-0.4.0.jar:/home/travis/build/icyphy/ptII/ptolemy/actor/lib/excel/jxl.jar:/home/travis/build/icyphy/ptII/lib/jython.jar:/home/travis/build/icyphy/ptII/lib/kieler.jar:/home/travis/build/icyphy/ptII/vendors/opencv/share/OpenCV/java/opencv-341.jar:/home/travis/build/icyphy/ptII/lib/oscP5.jar:/home/travis/build/icyphy/ptII/lib/nrjavaserial-3.11.0.devel.jar:/home/travis/build/icyphy/ptII/vendors/j3d/lib/Linux/j3dcore.jar:/home/travis/build/icyphy/ptII/vendors/j3d/lib/Linux/j3dutils.jar:/home/travis/build/icyphy/ptII/vendors/j3d/lib/Linux/vecmath.jar:/home/travis/build/icyphy/ptII/vendors/jogl/lib/Linux/gluegen-rt-natives-linux-amd64.jar:/home/travis/build/icyphy/ptII/vendors/jogl/lib/Linux/gluegen-rt.jar:/home/travis/build/icyphy/ptII/vendors/jogl/lib/Linux/jogl-all-natives-linux-amd64.jar:/home/travis/build/icyphy/ptII/vendors/jogl/lib/Linux/jogl-all.jar:/home/travis/build/icyphy/ptII/ptolemy/distributed/jini/jar/jini-core.jar:/home/travis/build/icyphy/ptII/ptolemy/distributed/jini/jar/jini-ext.jar:/home/travis/build/icyphy/ptII/ptolemy/distributed/jini/jar/sun-util.jar:/home/travis/build/icyphy/ptII/lib/protobuf-java-2.4.1.jar:/home/travis/build/icyphy/ptII/lib/org.eclipse.paho.client.mqttv3.jar:/home/travis/build/icyphy/ptII/lib/mapss.jar:/home/travis/build/icyphy/ptII/ptolemy/actor/ptalon/antlr/antlr.jar:/home/travis/build/icyphy/ptII/lib/JRI.jar:/home/travis/build/icyphy/ptII/lib/commons-lang-2.6.jar:/home/travis/build/icyphy/ptII/lib/commons-logging-1.1.1.jar:/home/travis/build/icyphy/ptII/lib/sootclasses.jar:/home/travis/build/icyphy/ptII/ptolemy/actor/lib/database/mysql-connector-java-5.1.6-bin.jar:/home/travis/build/icyphy/ptII/vendors/misc/sphinx4/sphinx4-data-5prealpha.jar:/home/travis/build/icyphy/ptII/vendors/misc/sphinx4/sphinx4-core-5prealpha.jar:/home/travis/build/icyphy/ptII/lib/PDFRenderer.jar:/home/travis/build/icyphy/ptII/lib/svgSalamander.jar:/home/travis/build/icyphy/ptII/lib/rsyntaxtextarea-2.6.0-SNAPSHOT.jar:/home/travis/build/icyphy/ptII/lib/hazelcast-3.8.2.jar:/home/travis/build/icyphy/ptII/lib/jackson-annotations-2.9.0.jar:/home/travis/build/icyphy/ptII/lib/jackson-core-2.9.3.jar:/home/travis/build/icyphy/ptII/lib/jackson-databind-2.9.3.jar:/home/travis/build/icyphy/ptII/lib/netty-buffer-4.1.19.Final.jar:/home/travis/build/icyphy/ptII/lib/netty-codec-4.1.19.Final.jar:/home/travis/build/icyphy/ptII/lib/netty-codec-dns-4.1.19.Final.jar:/home/travis/build/icyphy/ptII/lib/netty-codec-http-4.1.19.Final.jar:/home/travis/build/icyphy/ptII/lib/netty-codec-http2-4.1.19.Final.jar:/home/travis/build/icyphy/ptII/lib/netty-common-4.1.19.Final.jar:/home/travis/build/icyphy/ptII/lib/netty-handler-4.1.19.Final.jar:/home/travis/build/icyphy/ptII/lib/netty-resolver-4.1.19.Final.jar:/home/travis/build/icyphy/ptII/lib/netty-resolver-dns-4.1.19.Final.jar:/home/travis/build/icyphy/ptII/lib/netty-transport-4.1.19.Final.jar:/home/travis/build/icyphy/ptII/lib/vertx-codegen-3.5.1.jar:/home/travis/build/icyphy/ptII/lib/vertx-core-3.5.2-SNAPSHOT.jar:/home/travis/build/icyphy/ptII/lib/vertx-hazelcast-3.5.1.jar:/home/travis/build/icyphy/ptII/lib/vertx-lang-js-3.5.1.jar:/home/travis/build/icyphy/ptII/lib/vertx-service-proxy-3.5.1.jar:/home/travis/build/icyphy/ptII/lib/vertx-web-3.5.1.jar:/home/travis/build/icyphy/ptII/lib/slf4j-api-1.7.13.jar:/home/travis/build/icyphy/ptII/lib/slf4j-simple-1.7.13.jar:/home/travis/build/icyphy/ptII/lib/webcam-capture-0.3.12.jar:/home/travis/build/icyphy/ptII/lib/bridj-0.7.0.jar:/home/travis/build/icyphy/ptII/lib/xbjlib-1.1.0.nrjavaserial.jar" />
    <property name="timeout" value="2400000" />
    <property name="test.batch" value="**/junit/*.java" />
    <property name="env._" value="/usr/bin/timeout" />
    <property name="java.io.tmpdir" value="/tmp" />
    <property name="user.language" value="en" />
    <property name="env.TRAVIS_INTERNAL_RUBY_REGEX" value="^ruby-(2\.[0-4]\.[0-9]|1\.9\.3)" />
    <property name="env.HISTCONTROL" value="ignoredups:ignorespace" />
    <property name="env.GOROOT" value="/home/travis/.gimme/versions/go1.11.1.linux.amd64" />
    <property name="line.separator" value="&#xa;" />
    <property name="target" value="11" />
    <property name="env.TRAVIS_BUILD_DIR" value="/home/travis/build/icyphy/ptII" />
    <property name="env.ANT_OPTS" value="-Xmx2048m" />
    <property name="ant.file.type" value="file" />
    <property name="ptolemy.ptII.batchMode" value="true" />
    <property name="env.HISTSIZE" value="1000" />
    <property name="env.MERB_ENV" value="test" />
    <property name="java.vm.info" value="mixed mode" />
    <property name="source" value="11" />
    <property name="java.vm.specification.name" value="Java Virtual Machine Specification" />
    <property name="env.TRAVIS_TEST_RESULT" value="0" />
    <property name="jsdoc.command" value="node_modules/@terraswarm/jsdoc/jsdoc.js" />
    <property name="npm.works" value="true" />
    <property name="cobertura.dir" value="/home/travis/build/icyphy/ptII/vendors/cobertura-2.0.3" />
    <property name="jsdoc.command.exists" value="true" />
    <property name="env.rvm_path" value="/home/travis/.rvm" />
    <property name="env.GEM_PATH" value="/home/travis/.rvm/gems/ruby-2.5.3:/home/travis/.rvm/gems/ruby-2.5.3@global" />
    <property name="env.LC_CTYPE" value="en_US.UTF-8" />
    <property name="env.TRAVIS_CMD" value="$PTII/bin/ptIITravisBuild.sh $SECONDS" />
    <property name="java.awt.printerjob" value="sun.print.PSPrinterJob" />
    <property name="env.TRAVIS_STACK_NAME" value="sardonyx" />
    <property name="env.TRAVIS_TIMER_START_TIME" value="1584083236096393390" />
    <property name="ant.version" value="Apache Ant(TM) version 1.10.1 compiled on February 2 2017" />
    <property name="ptII.reports" value="/home/travis/build/icyphy/ptII/reports" />
    <property name="env.TRAVIS_STACK_TIMESTAMP" value="2019-03-25 16:16:56 UTC" />
    <property name="ant.file.type.ptII" value="file" />
    <property name="env.RBENV_SHELL" value="bash" />
    <property name="os.name" value="Linux" />
    <property name="java.specification.vendor" value="Oracle Corporation" />
    <property name="env.rvm_version" value="1.29.7 (latest)" />
    <property name="env.TRAVIS_INFRA" value="unknown" />
    <property name="env.TERM" value="xterm" />
    <property name="java.vm.name" value="OpenJDK 64-Bit Server VM" />
    <property name="env.TRAVIS_BUILD_NUMBER" value="1568" />
    <property name="env.CI" value="true" />
    <property name="java.library.path" value="/home/travis/pthla/certi-tools/lib:/usr/lib/jni:/usr/local/share/OpenCV/java/:/usr/share/OpenCV/java::/usr/java/packages/lib:/usr/lib64:/lib64:/lib:/usr/lib" />
    <property name="jdk.module.path" value="/home/travis/build/icyphy/ptII/vendors/javafx/javafx-sdk-11.0.2/lib:" />
    <property name="env.rvm_prefix" value="/home/travis" />
    <property name="env.PATH" value="/home/travis/pthla/certi-tools/share/scripts:/home/travis/.rvm/gems/ruby-2.5.3/bin:/home/travis/.rvm/gems/ruby-2.5.3@global/bin:/home/travis/.rvm/rubies/ruby-2.5.3/bin:/home/travis/.rvm/bin:/home/travis/.nvm/versions/node/v7.10.1/bin:./node_modules/.bin:/home/travis/build/icyphy/ptII/bin:/home/travis/pthla/certi-tools/bin:/home/travis/bin:/home/travis/.local/bin:/usr/local/lib/jvm/openjdk11/bin:/opt/pyenv/shims:/home/travis/.phpenv/shims:/home/travis/perl5/perlbrew/bin:/home/travis/gopath/bin:/home/travis/.gimme/versions/go1.11.1.linux.amd64/bin:/usr/local/maven-3.6.0/bin:/usr/local/cmake-3.12.4/bin:/usr/local/clang-7.0.0/bin:/usr/local/sbin:/usr/local/bin:/usr/sbin:/usr/bin:/sbin:/bin:/snap/bin:/home/travis/.phpenv/bin:/opt/pyenv/bin:/home/travis/.yarn/bin" />
    <property name="env.TRAVIS_OS_NAME" value="linux" />
    <property name="ant.java.version" value="9" />
    <property name="basedir" value="/home/travis/build/icyphy/ptII" />
    <property name="java.class.version" value="55.0" />
    <property name="env.SHLVL" value="3" />
    <property name="env.LD_LIBRARY_PATH" value="/home/travis/pthla/certi-tools/lib:/usr/lib/jni:/usr/local/share/OpenCV/java/:/usr/share/OpenCV/java:" />
    <property name="env.RACK_ENV" value="test" />
    <property name="ant.home" value="/home/travis/build/icyphy/ptII/ant" />
    <property name="env.NVM_DIR" value="/home/travis/.nvm" />
    <property name="env.CERTI_FOM_PATH" value="/home/travis/pthla/certi-tools/share/federations" />
    <property name="env.TRAVIS_BUILD_ID" value="661845116" />
    <property name="env.PYENV_ROOT" value="/opt/pyenv" />
    <property name="env.TRAVIS_UID" value="2000" />
    <property name="prism.verbose" value="true" />
    <property name="env.NVM_BIN" value="/home/travis/.nvm/versions/node/v7.10.1/bin" />
    <property name="env.TRAVIS_COMMIT" value="3e950cfe0f3c004454147d0a7dfedd7f8d8e77cc" />
    <property name="env._system_arch" value="x86_64" />
    <property name="node.executable" value="node" />
    <property name="sun.boot.library.path" value="/usr/local/lib/jvm/openjdk11/lib" />
    <property name="sun.management.compiler" value="HotSpot 64-Bit Tiered Compilers" />
    <property name="java.awt.graphicsenv" value="sun.awt.X11GraphicsEnvironment" />
    <property name="env.GOPATH" value="/home/travis/gopath" />
    <property name="ptolemy.ptII.dir" value="/home/travis/build/icyphy/ptII" />
    <property name="env.USER" value="travis" />
    <property name="env.HISTFILESIZE" value="2000" />
    <property name="env.NVM_INC" value="/home/travis/.nvm/versions/node/v7.10.1/include/node" />
    <property name="timeout.longest" value="19000000" />
    <property name="env.PERLBREW_SHELLRC_VERSION" value="0.86" />
    <property name="env.TRAVIS_STACK_FEATURES" value="basic couchdb disabled-ipv6 docker docker-compose elasticsearch firefox go-toolchain google-chrome jdk memcached mongodb mysql nodejs_interpreter perl_interpreter perlbrew phantomjs postgresql python_interpreter redis ruby_interpreter sqlite xserver" />
    <property name="env.TRAVIS_PULL_REQUEST" value="false" />
    <property name="env.PYENV_SHELL" value="bash" />
    <property name="ant.project.name" value="ptII" />
    <property name="env.ANSI_RESET" value="\033[0m" />
    <property name="java.vm.specification.version" value="11" />
    <property name="env.TRAVIS_DIST" value="xenial" />
    <property name="env.CERTI_VERSION" value="4.0.0" />
    <property name="env.CERTI_HOST" value="localhost" />
    <property name="awt.toolkit" value="sun.awt.X11.XToolkit" />
    <property name="env.MY_RUBY_HOME" value="/home/travis/.rvm/rubies/ruby-2.5.3" />
    <property name="sun.cpu.isalist" value="" />
    <property name="env.CASHER_TIME_OUT" value="3" />
    <property name="env.TRAVIS_TMPDIR" value="/tmp/tmp.4Qqzdgo2iD" />
    <property name="java.vm.compressedOopsMode" value="Zero based" />
    <property name="os.version" value="4.15.0-1028-gcp" />
    <property name="user.home" value="/home/travis" />
    <property name="java.vm.vendor" value="Oracle Corporation" />
    <property name="env.TRAVIS_TAG" value="nightly" />
    <property name="env.ANSI_YELLOW" value="\033[33;1m" />
    <property name="env.TRAVIS_FILTERED" value="redirect_io" />
    <property name="env.ANSI_GREEN" value="\033[32;1m" />
    <property name="env.JAVA_HOME" value="/usr/local/lib/jvm/openjdk11" />
    <property name="javadoc.excludepackagenames" value="adm.cvs2svn.*,build.*,config.*,doc.coding.templates.*,jni.test.jni.meaningOfLife.*,jni.test.jni.testDeux.*,jni.test.jni.testTrois.*,org.terraswarm.accessor.accessors.web.node_modules.*,org.terraswarm.accessor.accessors.web.hosts.cordova.demo.*,org.terraswarm.accessor.accessors.web.hosts.cordova.plugins.*,org.terraswarm.accessor.accessors-svn.*,pt-modules.*,ptolemy.apps.agilent.*,ptolemy.apps.anytimecontrol.*,ptolemy.apps.apes.*,ptolemy.apps.charon.*,ptolemy.apps.crazyboard.*,ptolemy.apps.eclipse.*,ptolemy.apps.etherealSting.*,ptolemy.apps.fullscreen.*,ptolemy.apps.giotto.*,ptolemy.apps.ia.*,ptolemy.apps.interfaces.*,ptolemy.apps.jmf.*,ptolemy.apps.kurt.*,ptolemy.apps.kvm.*,ptolemy.apps.lego.*,ptolemy.apps.lejos.*,ptolemy.apps.midp.*,ptolemy.apps.mobileCoding.*,ptolemy.apps.pendulum.*,ptolemy.apps.rijndael.*,ptolemy.apps.robot.*,ptolemy.apps.security.*,ptolemy.apps.sobel.*,ptolemy.apps.soot.*,ptolemy.apps.throttle.*,ptolemy.apps.tini.*,ptolemy.apps.transmission.*,ptolemy.apps.vergil.*,ptolemy.apps.waba.*,ptolemy.apps.websensor.*,ptolemy.apps.webstart.*,ptolemy.apps.xsl.*,ptolemy.apps.zaurus.*,ptolemy.codegen.c.actor.lib.oldJavaFiles.*,ptolemy.codegen.dsp.lib.*,ptolemy.codegen.kernel.newInterfaces.*,ptolemy.codegen.lib.*,ptolemy.copernicus.kernel.fragment.*,ptolemy.copernicus.shallow.cg.*,ptolemy.domains.giotto.demo.Hierarchy.Hierarchy.*,ptolemy.domains.giotto.demo.Multimode.Multimode.*,ptolemy.domains.giotto.demo.Simple.Simple.*,ptolemy.domains.gr.lib.experimental.*,ptolemy.domains.gro.*,ptolemy.domains.pdf.*,ptolemy.domains.ptinyos.demo.Surge.output.*,ptolemy.moml.test.NoPackageActor.java*,ptolemy.plot.adm.*,ptolemy.plot.servlet.*,reports.*,signed.*,src.*,target.*,vendors.*,ptolemy.copernicus.applet.*,ptolemy.media.viewer.*,ptolemy.actor.corba.*,doc.doclets.*,ptolemy.apps.eclipse.awt.*,ptolemy.backtrack.*,ptolemy.backtrack.ast.*,ptolemy.cg.adapter.generic.program.procedural.c.mbed*,ptolemy.homer.*,ptolemy.actor.lib.jai.*,org.ptolemy.scala.*,diva.util.java2d.svg.*,ptolemy.domains.ptinyos.*,ptolemy.actor.lib.fmi.fmipp.*,,org.terraswarm.accessor.accessors.web.node_modules.*,org.terraswarm.accessor.accessors-svn,ptolemy.apps.*,ptolemy.actor.ptalon.demo.ptinyos.SendAndReceiveCnt.output,ptolemy.actor.ptalon.demo.ptinyos.SenseToLeds.output,ptolemy.domains.ptinyos.demo.CntToLedsAndRfm.output,ptolemy.domains.ptinyos.demo.RfmToLeds.output,ptolemy.domains.ptinyos.demo.SendAndReceiveCnt.output,ptolemy.domains.ptinyos.demo.SenseToLeds.output,ptolemy.actor.lib.jjs.modules.udpSocket.*" />
    <property name="env.PTII" value="/home/travis/build/icyphy/ptII" />
    <property name="env.XDG_SESSION_ID" value="2" />
    <property name="keystore" value="ptKeystore" />
    <property name="env.TRAVIS_COMMIT_MESSAGE" value="Removing useless files." />
    <property name="junit.output.dir" value="/home/travis/build/icyphy/ptII/reports/junit" />
    <property name="npm.return.code" value="0" />
    <property name="user.dir" value="/home/travis/build/icyphy/ptII/ptolemy/domains/de/test" />
    <property name="env.TRAVIS_NODE_VERSION" value="7" />
    <property name="env.TRAVIS_EVENT_TYPE" value="cron" />
    <property name="env.MAIL" value="/var/mail/travis" />
    <property name="env.PERLBREW_ROOT" value="/home/travis/perl5/perlbrew" />
    <property name="env.PWD" value="/home/travis/build/icyphy/ptII" />
    <property name="timeout.npm" value="45000" />
    <property name="env.PT_TRAVIS_TEST_CORE2_XML" value="true" />
    <property name="env.TRAVIS_ARCH" value="amd64" />
    <property name="sun.cpu.endian" value="little" />
    <property name="env.PAGER" value="cat" />
    <property name="env.TRAVIS_BUILD_STAGE_NAME" value="Test" />
    <property name="env.PERLBREW_HOME" value="/home/travis/.perlbrew" />
    <property name="java.vm.version" value="11.0.2+9" />
    <property name="env.RAILS_ENV" value="test" />
    <property name="java.class.path" value="/home/travis/build/icyphy/ptII:/home/travis/build/icyphy/ptII/lib/bsh-2.0b4.jar:/home/travis/build/icyphy/ptII/lib/ptCal.jar:/home/travis/build/icyphy/ptII/lib/java_cup.jar:/home/travis/build/icyphy/ptII/lib/saxon8.jar:/home/travis/build/icyphy/ptII/lib/saxon8-dom.jar:/home/travis/build/icyphy/ptII/lib/chic.jar:/home/travis/build/icyphy/ptII/lib/ptcolt.jar:/home/travis/build/icyphy/ptII/vendors/misc/itext/iText.jar:/home/travis/build/icyphy/ptII/lib/g4ltl.jar:/home/travis/build/icyphy/ptII/lib/StructuralCoder.jar:/home/travis/build/icyphy/ptII/lib/jcerti.jar:/home/travis/build/icyphy/ptII/lib/javax.mail.jar:/home/travis/build/icyphy/ptII/vendors/JMF-2.1.1e/lib/jmf.jar:/home/travis/build/icyphy/ptII/lib/jna-4.0.0-variadic.jar:/home/travis/build/icyphy/ptII/vendors/misc/joystick/Joystick.jar:/home/travis/build/icyphy/ptII/lib/ptjacl.jar:/home/travis/build/icyphy/ptII/lib/jsoup-1.8.2.jar:/home/travis/build/icyphy/ptII/lib/junit-4.8.2.jar:/home/travis/build/icyphy/ptII/lib/JUnitParams-0.4.0.jar:/home/travis/build/icyphy/ptII/ptolemy/actor/lib/excel/jxl.jar:/home/travis/build/icyphy/ptII/lib/jython.jar:/home/travis/build/icyphy/ptII/lib/kieler.jar:/home/travis/build/icyphy/ptII/vendors/opencv/share/OpenCV/java/opencv-341.jar:/home/travis/build/icyphy/ptII/lib/oscP5.jar:/home/travis/build/icyphy/ptII/lib/nrjavaserial-3.11.0.devel.jar:/home/travis/build/icyphy/ptII/vendors/j3d/lib/Linux/j3dcore.jar:/home/travis/build/icyphy/ptII/vendors/j3d/lib/Linux/j3dutils.jar:/home/travis/build/icyphy/ptII/vendors/j3d/lib/Linux/vecmath.jar:/home/travis/build/icyphy/ptII/vendors/jogl/lib/Linux/gluegen-rt-natives-linux-amd64.jar:/home/travis/build/icyphy/ptII/vendors/jogl/lib/Linux/gluegen-rt.jar:/home/travis/build/icyphy/ptII/vendors/jogl/lib/Linux/jogl-all-natives-linux-amd64.jar:/home/travis/build/icyphy/ptII/vendors/jogl/lib/Linux/jogl-all.jar:/home/travis/build/icyphy/ptII/ptolemy/distributed/jini/jar/jini-core.jar:/home/travis/build/icyphy/ptII/ptolemy/distributed/jini/jar/jini-ext.jar:/home/travis/build/icyphy/ptII/ptolemy/distributed/jini/jar/sun-util.jar:/home/travis/build/icyphy/ptII/lib/protobuf-java-2.4.1.jar:/home/travis/build/icyphy/ptII/lib/org.eclipse.paho.client.mqttv3.jar:/home/travis/build/icyphy/ptII/lib/mapss.jar:/home/travis/build/icyphy/ptII/ptolemy/actor/ptalon/antlr/antlr.jar:/home/travis/build/icyphy/ptII/lib/JRI.jar:/home/travis/build/icyphy/ptII/lib/commons-lang-2.6.jar:/home/travis/build/icyphy/ptII/lib/commons-logging-1.1.1.jar:/home/travis/build/icyphy/ptII/lib/sootclasses.jar:/home/travis/build/icyphy/ptII/ptolemy/actor/lib/database/mysql-connector-java-5.1.6-bin.jar:/home/travis/build/icyphy/ptII/vendors/misc/sphinx4/sphinx4-data-5prealpha.jar:/home/travis/build/icyphy/ptII/vendors/misc/sphinx4/sphinx4-core-5prealpha.jar:/home/travis/build/icyphy/ptII/lib/PDFRenderer.jar:/home/travis/build/icyphy/ptII/lib/svgSalamander.jar:/home/travis/build/icyphy/ptII/lib/rsyntaxtextarea-2.6.0-SNAPSHOT.jar:/home/travis/build/icyphy/ptII/lib/hazelcast-3.8.2.jar:/home/travis/build/icyphy/ptII/lib/jackson-annotations-2.9.0.jar:/home/travis/build/icyphy/ptII/lib/jackson-core-2.9.3.jar:/home/travis/build/icyphy/ptII/lib/jackson-databind-2.9.3.jar:/home/travis/build/icyphy/ptII/lib/netty-buffer-4.1.19.Final.jar:/home/travis/build/icyphy/ptII/lib/netty-codec-4.1.19.Final.jar:/home/travis/build/icyphy/ptII/lib/netty-codec-dns-4.1.19.Final.jar:/home/travis/build/icyphy/ptII/lib/netty-codec-http-4.1.19.Final.jar:/home/travis/build/icyphy/ptII/lib/netty-codec-http2-4.1.19.Final.jar:/home/travis/build/icyphy/ptII/lib/netty-common-4.1.19.Final.jar:/home/travis/build/icyphy/ptII/lib/netty-handler-4.1.19.Final.jar:/home/travis/build/icyphy/ptII/lib/netty-resolver-4.1.19.Final.jar:/home/travis/build/icyphy/ptII/lib/netty-resolver-dns-4.1.19.Final.jar:/home/travis/build/icyphy/ptII/lib/netty-transport-4.1.19.Final.jar:/home/travis/build/icyphy/ptII/lib/vertx-codegen-3.5.1.jar:/home/travis/build/icyphy/ptII/lib/vertx-core-3.5.2-SNAPSHOT.jar:/home/travis/build/icyphy/ptII/lib/vertx-hazelcast-3.5.1.jar:/home/travis/build/icyphy/ptII/lib/vertx-lang-js-3.5.1.jar:/home/travis/build/icyphy/ptII/lib/vertx-service-proxy-3.5.1.jar:/home/travis/build/icyphy/ptII/lib/vertx-web-3.5.1.jar:/home/travis/build/icyphy/ptII/lib/slf4j-api-1.7.13.jar:/home/travis/build/icyphy/ptII/lib/slf4j-simple-1.7.13.jar:/home/travis/build/icyphy/ptII/lib/webcam-capture-0.3.12.jar:/home/travis/build/icyphy/ptII/lib/bridj-0.7.0.jar:/home/travis/build/icyphy/ptII/lib/xbjlib-1.1.0.nrjavaserial.jar:/home/travis/build/icyphy/ptII/ptolemy/moml/test:/home/travis/build/icyphy/ptII/ant/lib/ant-launcher.jar:/home/travis/build/icyphy/ptII/ant/lib/ant.jar:/home/travis/build/icyphy/ptII/ant/lib/ant-junit.jar:/home/travis/build/icyphy/ptII/ant/lib/ant-junit4.jar" />
    <property name="ant.library.dir" value="/home/travis/build/icyphy/ptII/ant/lib" />
    <property name="os.arch" value="amd64" />
    <property name="env.CONTINUOUS_INTEGRATION" value="true" />
    <property name="env.TRAVIS_LANGUAGE" value="node_js" />
    <property name="env.TRAVIS_STACK_LANGUAGES" value="__sardonyx__ c c++ clojure cplusplus cpp default generic go groovy java node_js php pure_java python ruby scala" />
    <property name="test.name" value="ptolemy.actor.lib.test.junit.JUnitTclTest" />
    <property name="env.APT_KEY_DONT_WARN_ON_DANGEROUS_USAGE" value="1" />
    <property name="sun.java.launcher" value="SUN_STANDARD" />
    <property name="env.PYTHON_CONFIGURE_OPTS" value="--enable-unicode=ucs4 --with-wide-unicode --enable-shared --enable-ipv6 --enable-loadable-sqlite-extensions --with-computed-gotos" />
    <property name="ant.core.lib" value="/home/travis/build/icyphy/ptII/ant/lib/ant.jar" />
    <property name="java.vm.specification.vendor" value="Oracle Corporation" />
    <property name="env.BCVTB_HOME" value="/home/travis/build/icyphy/ptII/lbnl" />
    <property name="file.separator" value="/" />
    <property name="spotbugs.home" value="/home/travis/build/icyphy/ptII/vendors/spotbugs-3.1.1" />
    <property name="java.runtime.version" value="11.0.2+9" />
    <property name="env.ANSI_CLEAR" value="\033[0K" />
    <property name="javafx.verbose" value="true" />
    <property name="env.HAS_JOSH_K_SEAL_OF_APPROVAL" value="true" />
    <property name="env.XDG_RUNTIME_DIR" value="/run/user/2000" />
    <property name="env.TRAVIS_OSX_IMAGE" value="" />
    <property name="env.TRAVIS_JOB_ID" value="661845125" />
    <property name="env.TRAVIS_BRANCH" value="master" />
    <property name="user.country" value="US" />
    <property name="env.CERTI_HOME_TRAVIS" value="/home/travis/pthla/certi-tools" />
    <property name="env.SHELL" value="/bin/bash" />
    <property name="java.maxmemory.large" value="3200m" />
    <property name="model" value="" />
    <property name="env.CASHER_DIR" value="/home/travis/.casher" />
    <property name="env.NVM_CD_FLAGS" value="" />
    <property name="java.vendor.version" value="18.9" />
    <property name="jshint.executable" value="/home/travis/node_modules/jshint/bin/jshint" />
    <property name="env.JRUBY_OPTS" value=" --client -J-XX:+TieredCompilation -J-XX:TieredStopAtLevel=1 -J-Xss2m -Xcompile.invokedynamic=false" />
    <property name="java.vendor" value="Oracle Corporation" />
    <property name="env.TRAVIS_PRE_CHEF_BOOTSTRAP_TIME" value="2019-03-25T16:16:42" />
    <property name="env.TRAVIS_STACK_JOB_BOARD_REGISTER" value="/.job-board-register.yml" />
    <property name="env.ANSI_RED" value="\033[31;1m" />
    <property name="java.specification.version" value="11" />
    <property name="env.IRBRC" value="/home/travis/.rvm/rubies/ruby-2.5.3/.irbrc" />
    <property name="env.TRAVIS" value="true" />
    <property name="sun.arch.data.model" value="64" />
  </properties>
  <testcase classname="ptolemy.util.test.junit.TclTests" name="[0] /home/travis/build/icyphy/ptII/ptolemy/domains/de/test/DependencyLoop.tcl (RunTclFile)" time="0.984" />
  <testcase classname="ptolemy.util.test.junit.TclTests" name="[1] /home/travis/build/icyphy/ptII/ptolemy/domains/de/test/RunDETestsAsQSS.tcl (RunTclFile)" time="82.023" />
  <testcase classname="ptolemy.util.test.junit.AutoKnownFailedTests" name="[0] /home/travis/build/icyphy/ptII/ptolemy/domains/de/test/auto/knownFailedTests/DESDFClockTest.xml (RunModel)" time="2.063" />
  <testcase classname="ptolemy.util.test.junit.AutoKnownFailedTests" name="[1] /home/travis/build/icyphy/ptII/ptolemy/domains/de/test/auto/knownFailedTests/DirectFeedback.xml (RunModel)" time="0.015" />
  <testcase classname="ptolemy.util.test.junit.AutoKnownFailedTests" name="[2] /home/travis/build/icyphy/ptII/ptolemy/domains/de/test/auto/knownFailedTests/FSMSource.xml (RunModel)" time="0.029" />
  <testcase classname="ptolemy.util.test.junit.AutoKnownFailedTests" name="[3] /home/travis/build/icyphy/ptII/ptolemy/domains/de/test/auto/knownFailedTests/HierarchicalModel.xml (RunModel)" time="0.05" />
  <testcase classname="ptolemy.util.test.junit.AutoKnownFailedTests" name="[4] /home/travis/build/icyphy/ptII/ptolemy/domains/de/test/auto/knownFailedTests/dependencyLoop.xml (RunModel)" time="0.042" />
  <testcase classname="ptolemy.util.test.junit.AutoKnownFailedTests" name="[5] /home/travis/build/icyphy/ptII/ptolemy/domains/de/test/auto/knownFailedTests/dependencyLoop2.xml (RunModel)" time="0.046" />
  <testcase classname="ptolemy.util.test.junit.AutoNameArchTests" name="[0] ThereAreNoAutoArchTests (RunModel)" time="0.001" />
  <testcase classname="ptolemy.util.test.junit.AutoTests" name="[0] /home/travis/build/icyphy/ptII/ptolemy/domains/de/test/auto/ActorDepthCalculation_actorWithoutPorts.xml (RunModel)" time="0.022" />
  <testcase classname="ptolemy.util.test.junit.AutoTests" name="[1] /home/travis/build/icyphy/ptII/ptolemy/domains/de/test/auto/AssemblyLine.xml (RunModel)" time="0.023" />
  <testcase classname="ptolemy.util.test.junit.AutoTests" name="[2] /home/travis/build/icyphy/ptII/ptolemy/domains/de/test/auto/CQBug1.xml (RunModel)" time="0.011" />
  <testcase classname="ptolemy.util.test.junit.AutoTests" name="[3] /home/travis/build/icyphy/ptII/ptolemy/domains/de/test/auto/CancelFireAt.xml (RunModel)" time="0.011" />
  <testcase classname="ptolemy.util.test.junit.AutoTests" name="[4] /home/travis/build/icyphy/ptII/ptolemy/domains/de/test/auto/CausalityAndComposabilityAnalysis.xml (RunModel)" time="0.014" />
  <testcase classname="ptolemy.util.test.junit.AutoTests" name="[5] /home/travis/build/icyphy/ptII/ptolemy/domains/de/test/auto/CausalityInterface1.xml (RunModel)" time="0.016" />
  <testcase classname="ptolemy.util.test.junit.AutoTests" name="[6] /home/travis/build/icyphy/ptII/ptolemy/domains/de/test/auto/CausalityInterface15.xml (RunModel)" time="0.02" />
  <testcase classname="ptolemy.util.test.junit.AutoTests" name="[7] /home/travis/build/icyphy/ptII/ptolemy/domains/de/test/auto/CausalityInterface2.xml (RunModel)" time="0.016" />
  <testcase classname="ptolemy.util.test.junit.AutoTests" name="[8] /home/travis/build/icyphy/ptII/ptolemy/domains/de/test/auto/CausalityInterface3.xml (RunModel)" time="0.018" />
  <testcase classname="ptolemy.util.test.junit.AutoTests" name="[9] /home/travis/build/icyphy/ptII/ptolemy/domains/de/test/auto/ClockDrift.xml (RunModel)" time="0.038" />
  <testcase classname="ptolemy.util.test.junit.AutoTests" name="[10] /home/travis/build/icyphy/ptII/ptolemy/domains/de/test/auto/ClockDriftAndValueChange.xml (RunModel)" time="0.03" />
  <testcase classname="ptolemy.util.test.junit.AutoTests" name="[11] /home/travis/build/icyphy/ptII/ptolemy/domains/de/test/auto/ClockDriftChange.xml (RunModel)" time="0.034" />
  <testcase classname="ptolemy.util.test.junit.AutoTests" name="[12] /home/travis/build/icyphy/ptII/ptolemy/domains/de/test/auto/ComposableCausalityAnalysis.xml (RunModel)" time="0.014" />
  <testcase classname="ptolemy.util.test.junit.AutoTests" name="[13] /home/travis/build/icyphy/ptII/ptolemy/domains/de/test/auto/DEFixedPointLimitation.xml (RunModel)" time="0.008" />
  <testcase classname="ptolemy.util.test.junit.AutoTests" name="[14] /home/travis/build/icyphy/ptII/ptolemy/domains/de/test/auto/DEScheduleTest.xml (RunModel)" time="0.014" />
  <testcase classname="ptolemy.util.test.junit.AutoTests" name="[15] /home/travis/build/icyphy/ptII/ptolemy/domains/de/test/auto/DEinDEwithStartTimes.xml (RunModel)" time="0.013" />
  <testcase classname="ptolemy.util.test.junit.AutoTests" name="[16] /home/travis/build/icyphy/ptII/ptolemy/domains/de/test/auto/DEinDEwithStartTimes2.xml (RunModel)" time="0.016" />
  <testcase classname="ptolemy.util.test.junit.AutoTests" name="[17] /home/travis/build/icyphy/ptII/ptolemy/domains/de/test/auto/DateDemo.xml (RunModel)" time="0.031" />
  <testcase classname="ptolemy.util.test.junit.AutoTests" name="[18] /home/travis/build/icyphy/ptII/ptolemy/domains/de/test/auto/DateToEvent.xml (RunModel)" time="2.039" />
  <testcase classname="ptolemy.util.test.junit.AutoTests" name="[19] /home/travis/build/icyphy/ptII/ptolemy/domains/de/test/auto/DepthTest1.xml (RunModel)" time="0.01" />
  <testcase classname="ptolemy.util.test.junit.AutoTests" name="[20] /home/travis/build/icyphy/ptII/ptolemy/domains/de/test/auto/DepthTest2.xml (RunModel)" time="0.017" />
  <testcase classname="ptolemy.util.test.junit.AutoTests" name="[21] /home/travis/build/icyphy/ptII/ptolemy/domains/de/test/auto/DepthTest3.xml (RunModel)" time="0.01" />
  <testcase classname="ptolemy.util.test.junit.AutoTests" name="[22] /home/travis/build/icyphy/ptII/ptolemy/domains/de/test/auto/DepthTest4.xml (RunModel)" time="0.017" />
  <testcase classname="ptolemy.util.test.junit.AutoTests" name="[23] /home/travis/build/icyphy/ptII/ptolemy/domains/de/test/auto/DepthTest5.xml (RunModel)" time="0.015" />
  <testcase classname="ptolemy.util.test.junit.AutoTests" name="[24] /home/travis/build/icyphy/ptII/ptolemy/domains/de/test/auto/DepthTest6.xml (RunModel)" time="0.015" />
  <testcase classname="ptolemy.util.test.junit.AutoTests" name="[25] /home/travis/build/icyphy/ptII/ptolemy/domains/de/test/auto/DepthTest7.xml (RunModel)" time="0.012" />
  <testcase classname="ptolemy.util.test.junit.AutoTests" name="[26] /home/travis/build/icyphy/ptII/ptolemy/domains/de/test/auto/EventToDate.xml (RunModel)" time="3.039" />
  <testcase classname="ptolemy.util.test.junit.AutoTests" name="[27] /home/travis/build/icyphy/ptII/ptolemy/domains/de/test/auto/FSM1.xml (RunModel)" time="0.04" />
  <testcase classname="ptolemy.util.test.junit.AutoTests" name="[28] /home/travis/build/icyphy/ptII/ptolemy/domains/de/test/auto/FSM7.xml (RunModel)" time="0.037" />
  <testcase classname="ptolemy.util.test.junit.AutoTests" name="[29] /home/travis/build/icyphy/ptII/ptolemy/domains/de/test/auto/Inspection.xml (RunModel)" time="0.043" />
  <testcase classname="ptolemy.util.test.junit.AutoTests" name="[30] /home/travis/build/icyphy/ptII/ptolemy/domains/de/test/auto/Iteration.xml (RunModel)" time="0.026" />
  <testcase classname="ptolemy.util.test.junit.AutoTests" name="[31] /home/travis/build/icyphy/ptII/ptolemy/domains/de/test/auto/LineFault.xml (RunModel)" time="0.483" />
  <testcase classname="ptolemy.util.test.junit.AutoTests" name="[32] /home/travis/build/icyphy/ptII/ptolemy/domains/de/test/auto/MergeModel1Add.xml (RunModel)" time="0.042" />
  <testcase classname="ptolemy.util.test.junit.AutoTests" name="[33] /home/travis/build/icyphy/ptII/ptolemy/domains/de/test/auto/MergeModel2Add.xml (RunModel)" time="0.039" />
  <testcase classname="ptolemy.util.test.junit.AutoTests" name="[34] /home/travis/build/icyphy/ptII/ptolemy/domains/de/test/auto/MergeModel3Add.xml (RunModel)" time="0.039" />
  <testcase classname="ptolemy.util.test.junit.AutoTests" name="[35] /home/travis/build/icyphy/ptII/ptolemy/domains/de/test/auto/MergeWithoutDiscard.xml (RunModel)" time="0.012" />
  <testcase classname="ptolemy.util.test.junit.AutoTests" name="[36] /home/travis/build/icyphy/ptII/ptolemy/domains/de/test/auto/Modal1.xml (RunModel)" time="0.024" />
  <testcase classname="ptolemy.util.test.junit.AutoTests" name="[37] /home/travis/build/icyphy/ptII/ptolemy/domains/de/test/auto/Modal2.xml (RunModel)" time="0.03" />
  <testcase classname="ptolemy.util.test.junit.AutoTests" name="[38] /home/travis/build/icyphy/ptII/ptolemy/domains/de/test/auto/Modal3.xml (RunModel)" time="0.024" />
  <testcase classname="ptolemy.util.test.junit.AutoTests" name="[39] /home/travis/build/icyphy/ptII/ptolemy/domains/de/test/auto/Modal4.xml (RunModel)" time="0.03" />
  <testcase classname="ptolemy.util.test.junit.AutoTests" name="[40] /home/travis/build/icyphy/ptII/ptolemy/domains/de/test/auto/Modal5.xml (RunModel)" time="0.027" />
  <testcase classname="ptolemy.util.test.junit.AutoTests" name="[41] /home/travis/build/icyphy/ptII/ptolemy/domains/de/test/auto/Modal6.xml (RunModel)" time="0.025" />
  <testcase classname="ptolemy.util.test.junit.AutoTests" name="[42] /home/travis/build/icyphy/ptII/ptolemy/domains/de/test/auto/Modal7.xml (RunModel)" time="0.029" />
  <testcase classname="ptolemy.util.test.junit.AutoTests" name="[43] /home/travis/build/icyphy/ptII/ptolemy/domains/de/test/auto/ModalModel.xml (RunModel)" time="0.166" />
  <testcase classname="ptolemy.util.test.junit.AutoTests" name="[44] /home/travis/build/icyphy/ptII/ptolemy/domains/de/test/auto/ModalSource.xml (RunModel)" time="0.016" />
  <testcase classname="ptolemy.util.test.junit.AutoTests" name="[45] /home/travis/build/icyphy/ptII/ptolemy/domains/de/test/auto/NonInterruptibleTimerZeroDelay.xml (RunModel)" time="0.009" />
  <testcase classname="ptolemy.util.test.junit.AutoTests" name="[46] /home/travis/build/icyphy/ptII/ptolemy/domains/de/test/auto/OpenQueueingNetwork.xml (RunModel)" time="2.303" />
  <testcase classname="ptolemy.util.test.junit.AutoTests" name="[47] /home/travis/build/icyphy/ptII/ptolemy/domains/de/test/auto/OpenQueuingNetwork.xml (RunModel)" time="0.262" />
  <testcase classname="ptolemy.util.test.junit.AutoTests" name="[48] /home/travis/build/icyphy/ptII/ptolemy/domains/de/test/auto/PeriodicSampler.xml (RunModel)" time="0.011" />
  <testcase classname="ptolemy.util.test.junit.AutoTests" name="[49] /home/travis/build/icyphy/ptII/ptolemy/domains/de/test/auto/PersistentIO.xml (RunModel)" time="0.024" />
  <testcase classname="ptolemy.util.test.junit.AutoTests" name="[50] /home/travis/build/icyphy/ptII/ptolemy/domains/de/test/auto/PortParameterResetOnInitialize.xml (RunModel)" time="0.01" />
  <testcase classname="ptolemy.util.test.junit.AutoTests" name="[51] /home/travis/build/icyphy/ptII/ptolemy/domains/de/test/auto/PortParameterUpdates.xml (RunModel)" time="0.014" />
  <testcase classname="ptolemy.util.test.junit.AutoTests" name="[52] /home/travis/build/icyphy/ptII/ptolemy/domains/de/test/auto/QueueAndServer.xml (RunModel)" time="0.02" />
  <testcase classname="ptolemy.util.test.junit.AutoTests" name="[53] /home/travis/build/icyphy/ptII/ptolemy/domains/de/test/auto/Records.xml (RunModel)" time="0.018" />
  <testcase classname="ptolemy.util.test.junit.AutoTests" name="[54] /home/travis/build/icyphy/ptII/ptolemy/domains/de/test/auto/ResetTransitionWithStartTime1.xml (RunModel)" time="0.021" />
  <testcase classname="ptolemy.util.test.junit.AutoTests" name="[55] /home/travis/build/icyphy/ptII/ptolemy/domains/de/test/auto/ResetTransitionWithStartTime2.xml (RunModel)" time="0.02" />
  <testcase classname="ptolemy.util.test.junit.AutoTests" name="[56] /home/travis/build/icyphy/ptII/ptolemy/domains/de/test/auto/ResetTransitionWithStartTime3.xml (RunModel)" time="0.02" />
  <testcase classname="ptolemy.util.test.junit.AutoTests" name="[57] /home/travis/build/icyphy/ptII/ptolemy/domains/de/test/auto/ResetTransitionWithStartTime4.xml (RunModel)" time="0.017" />
  <testcase classname="ptolemy.util.test.junit.AutoTests" name="[58] /home/travis/build/icyphy/ptII/ptolemy/domains/de/test/auto/ResettableTimer1.xml (RunModel)" time="0.01" />
  <testcase classname="ptolemy.util.test.junit.AutoTests" name="[59] /home/travis/build/icyphy/ptII/ptolemy/domains/de/test/auto/ResettableTimer2.xml (RunModel)" time="0.009" />
  <testcase classname="ptolemy.util.test.junit.AutoTests" name="[60] /home/travis/build/icyphy/ptII/ptolemy/domains/de/test/auto/ResettableTimer3.xml (RunModel)" time="0.009" />
  <testcase classname="ptolemy.util.test.junit.AutoTests" name="[61] /home/travis/build/icyphy/ptII/ptolemy/domains/de/test/auto/ResettableTimer4.xml (RunModel)" time="0.008" />
  <testcase classname="ptolemy.util.test.junit.AutoTests" name="[62] /home/travis/build/icyphy/ptII/ptolemy/domains/de/test/auto/ResettableTimer5.xml (RunModel)" time="0.009" />
  <testcase classname="ptolemy.util.test.junit.AutoTests" name="[63] /home/travis/build/icyphy/ptII/ptolemy/domains/de/test/auto/ResettableTimer6.xml (RunModel)" time="0.017" />
  <testcase classname="ptolemy.util.test.junit.AutoTests" name="[64] /home/travis/build/icyphy/ptII/ptolemy/domains/de/test/auto/ServerZeroDelay.xml (RunModel)" time="0.01" />
  <testcase classname="ptolemy.util.test.junit.AutoTests" name="[65] /home/travis/build/icyphy/ptII/ptolemy/domains/de/test/auto/SmartSender.xml (RunModel)" time="3.007" />
  <testcase classname="ptolemy.util.test.junit.AutoTests" name="[66] /home/travis/build/icyphy/ptII/ptolemy/domains/de/test/auto/ThreadedComposite.xml (RunModel)" time="0.109" />
  <testcase classname="ptolemy.util.test.junit.AutoTests" name="[67] /home/travis/build/icyphy/ptII/ptolemy/domains/de/test/auto/Time.xml (RunModel)" time="0.363" />
  <testcase classname="ptolemy.util.test.junit.AutoTests" name="[68] /home/travis/build/icyphy/ptII/ptolemy/domains/de/test/auto/TimeDelayZeroDelay.xml (RunModel)" time="0.01" />
  <testcase classname="ptolemy.util.test.junit.AutoTests" name="[69] /home/travis/build/icyphy/ptII/ptolemy/domains/de/test/auto/TimerZeroDelay.xml (RunModel)" time="0.011" />
  <testcase classname="ptolemy.util.test.junit.AutoTests" name="[70] /home/travis/build/icyphy/ptII/ptolemy/domains/de/test/auto/TimingParadox.xml (RunModel)" time="0.302" />
  <testcase classname="ptolemy.util.test.junit.AutoTests" name="[71] /home/travis/build/icyphy/ptII/ptolemy/domains/de/test/auto/TransferInputs.xml (RunModel)" time="0.016" />
  <testcase classname="ptolemy.util.test.junit.AutoTests" name="[72] /home/travis/build/icyphy/ptII/ptolemy/domains/de/test/auto/TransferOutputs2.xml (RunModel)" time="0.018" />
  <testcase classname="ptolemy.util.test.junit.AutoTests" name="[73] /home/travis/build/icyphy/ptII/ptolemy/domains/de/test/auto/Trilateration.xml (RunModel)" time="10.44" />
  <testcase classname="ptolemy.util.test.junit.AutoTests" name="[74] /home/travis/build/icyphy/ptII/ptolemy/domains/de/test/auto/TwoSigmaDelta.xml (RunModel)" time="1.766" />
  <testcase classname="ptolemy.util.test.junit.AutoTests" name="[75] /home/travis/build/icyphy/ptII/ptolemy/domains/de/test/auto/VariableDelay.xml (RunModel)" time="0.011" />
  <testcase classname="ptolemy.util.test.junit.AutoTests" name="[76] /home/travis/build/icyphy/ptII/ptolemy/domains/de/test/auto/VariableDelay2.xml (RunModel)" time="0.014" />
  <testcase classname="ptolemy.util.test.junit.AutoTests" name="[77] /home/travis/build/icyphy/ptII/ptolemy/domains/de/test/auto/VariableDelayZeroDelay.xml (RunModel)" time="0.013" />
  <testcase classname="ptolemy.util.test.junit.AutoTests" name="[78] /home/travis/build/icyphy/ptII/ptolemy/domains/de/test/auto/VariableDelayZeroDelay2.xml (RunModel)" time="0.014" />
  <testcase classname="ptolemy.util.test.junit.AutoTests" name="[79] /home/travis/build/icyphy/ptII/ptolemy/domains/de/test/auto/deInCt.xml (RunModel)" time="0.013" />
  <testcase classname="ptolemy.util.test.junit.AutoTests" name="[80] /home/travis/build/icyphy/ptII/ptolemy/domains/de/test/auto/deInCt2.xml (RunModel)" time="0.018" />
  <testcase classname="ptolemy.util.test.junit.AutoTests" name="[81] /home/travis/build/icyphy/ptII/ptolemy/domains/de/test/auto/dynamicCausalityInterface1.xml (RunModel)" time="0.03" />
  <testcase classname="ptolemy.util.test.junit.AutoTests" name="[82] /home/travis/build/icyphy/ptII/ptolemy/domains/de/test/auto/fsm_de_test.xml (RunModel)" time="0.023" />
  <testcase classname="ptolemy.util.test.junit.AutoTests" name="[83] /home/travis/build/icyphy/ptII/ptolemy/domains/de/test/auto/functionDependencyReconstruction.xml (RunModel)" time="0.027" />
  <testcase classname="ptolemy.util.test.junit.AutoTests" name="[84] /home/travis/build/icyphy/ptII/ptolemy/domains/de/test/auto/multirate.xml (RunModel)" time="0.014" />
  <testcase classname="ptolemy.util.test.junit.AutoTests" name="[85] /home/travis/build/icyphy/ptII/ptolemy/domains/de/test/auto/multirate2.xml (RunModel)" time="0.014" />
  <testcase classname="ptolemy.util.test.junit.AutoTests" name="[86] /home/travis/build/icyphy/ptII/ptolemy/domains/de/test/auto/realtime.xml (RunModel)" time="10.009" />
  <testcase classname="ptolemy.util.test.junit.AutoTests" name="[87] /home/travis/build/icyphy/ptII/ptolemy/domains/de/test/auto/relationGroup.xml (RunModel)" time="0.008" />
  <testcase classname="ptolemy.util.test.junit.AutoTests" name="[88] /home/travis/build/icyphy/ptII/ptolemy/domains/de/test/auto/relationGroup2.xml (RunModel)" time="0.006" />
  <testcase classname="ptolemy.util.test.junit.AutoTests" name="[89] /home/travis/build/icyphy/ptII/ptolemy/domains/de/test/auto/sortWithOpaquePorts.xml (RunModel)" time="0.018" />
  <testcase classname="ptolemy.util.test.junit.AutoTests" name="[90] /home/travis/build/icyphy/ptII/ptolemy/domains/de/test/auto/transferInputsandOutputs.xml (RunModel)" time="0.02" />
  <testcase classname="ptolemy.util.test.junit.AutoTests" name="[91] /home/travis/build/icyphy/ptII/ptolemy/domains/de/test/auto/triggerType.xml (RunModel)" time="0.03" />
  <system-out><![CDATA[/home/travis/build/icyphy/ptII/ptolemy/domains/de/test/DependencyLoop.tcl
testDefs.tcl: setting time out to 9000 seconds at Fri Mar 13 07:10:49 UTC 2020
58 ms. Memory: 129024K Free: 78792K (61%)
22 ms. Memory: 129024K Free: 61384K (48%)
/home/travis/build/icyphy/ptII/ptolemy/domains/de/test/RunDETestsAsQSS.tcl
Run the DE tests using ptolemy.domains.qss.test.QSSDirectorTest, which extends QSSDirector and prints a message in the constructors.
------------------ testing $PTII/ptolemy/domains/de/test/auto/knownFailedTests/DirectFeedback.xml (Known Failure) 
59 ms. Memory: 129024K Free: 56264K (44%)


==== $PTIIhome/travis/build/icyphy/ptII/ptolemy/domains/de/test/../../../../: Auto Automatic test in file $PTII/ptolemy/domains/de/test/auto/knownFailedTests/DirectFeedback.xml
==== Contents of test case:

	    # FIXME: we should use $relativeFilename here, but it
	    # might have backslashes under Windows, which causes no end
	    # of trouble.
	    createAndExecute $file
	    list {}
	
.... Test generated KNOWN error:
    while executing
ptolemy.kernel.util.IllegalActionException: Test fails in iteration 1.
Value was: 1.0. Should have been: 2.0
  in .DirectFeedback.Test
	at ptolemy.actor.lib.Test.fire(Test.java:268)
	at ptolemy.domains.de.kernel.DEDirector._fire(DEDirector.java:1949)
	at ptolemy.domains.de.kernel.DEDirector.fire(DEDirector.java:502)
	at ptolemy.actor.CompositeActor.fire(CompositeActor.java:455)
	at ptolemy.actor.Manager.iterate(Manager.java:851)
	at ptolemy.actor.Manager.execute(Manager.java:369)
	at ptolemy.actor.Manager.run(Manager.java:1263)
	at ptolemy.actor.Manager$PtolemyRunThread.run(Manager.java:1933)

    while executing
ptolemy.kernel.util.IllegalActionException: Test fails in iteration 1.
Value was: 1.0. Should have been: 2.0
  in .DirectFeedback.Test
    while executing
"java::new ptolemy.moml.MoMLSimpleApplication $file
"
    (procedure "createAndExecute" line 2)
    invoked from within
"createAndExecute $file"
    ("uplevel" body line 5)
    invoked from within
"uplevel $contents_of_test"
------------------ testing $PTII/ptolemy/domains/de/test/auto/knownFailedTests/dependencyLoop.xml (Known Failure) 
14 ms. Memory: 129024K Free: 53192K (41%)


==== $PTIIhome/travis/build/icyphy/ptII/ptolemy/domains/de/test/../../../../: Auto Automatic test in file $PTII/ptolemy/domains/de/test/auto/knownFailedTests/dependencyLoop.xml
==== Contents of test case:

	    # FIXME: we should use $relativeFilename here, but it
	    # might have backslashes under Windows, which causes no end
	    # of trouble.
	    createAndExecute $file
	    list {}
	
.... Test generated KNOWN error:
    while executing
ptolemy.kernel.util.IllegalActionException: Found a zero delay loop containing .dependencyLoop.original
  in .dependencyLoop and .dependencyLoop.original
	at ptolemy.actor.util.CausalityInterfaceForComposites._computeOutputPortDepth(CausalityInterfaceForComposites.java:759)
	at ptolemy.actor.util.CausalityInterfaceForComposites._computeInputDepth(CausalityInterfaceForComposites.java:696)
	at ptolemy.actor.util.CausalityInterfaceForComposites._computeOutputPortDepth(CausalityInterfaceForComposites.java:765)
	at ptolemy.actor.util.CausalityInterfaceForComposites._computeInputDepth(CausalityInterfaceForComposites.java:696)
	at ptolemy.actor.util.CausalityInterfaceForComposites._computeOutputPortDepth(CausalityInterfaceForComposites.java:765)
	at ptolemy.actor.util.CausalityInterfaceForComposites._computeInputDepth(CausalityInterfaceForComposites.java:696)
	at ptolemy.actor.util.CausalityInterfaceForComposites._computeActorDepth(CausalityInterfaceForComposites.java:532)
	at ptolemy.actor.util.CausalityInterfaceForComposites.checkForCycles(CausalityInterfaceForComposites.java:96)
	at ptolemy.domains.de.kernel.DEDirector.preinitialize(DEDirector.java:1338)
	at ptolemy.actor.CompositeActor.preinitialize(CompositeActor.java:1828)
	at ptolemy.actor.Manager.preinitializeAndResolveTypes(Manager.java:1040)
	at ptolemy.actor.Manager.initialize(Manager.java:710)
	at ptolemy.actor.Manager.execute(Manager.java:356)
	at ptolemy.actor.Manager.run(Manager.java:1263)
	at ptolemy.actor.Manager$PtolemyRunThread.run(Manager.java:1933)

    while executing
ptolemy.kernel.util.IllegalActionException: Found a zero delay loop containing .dependencyLoop.original
  in .dependencyLoop and .dependencyLoop.original
    while executing
"java::new ptolemy.moml.MoMLSimpleApplication $file
"
    (procedure "createAndExecute" line 2)
    invoked from within
"createAndExecute $file"
    ("uplevel" body line 5)
    invoked from within
"uplevel $contents_of_test"
------------------ testing $PTII/ptolemy/domains/de/test/auto/knownFailedTests/FSMSource.xml (Known Failure) 
74 ms. Memory: 129024K Free: 112117K (87%)
!!!! Auto was marked as failing, but now passes
------------------ testing $PTII/ptolemy/domains/de/test/auto/knownFailedTests/HierarchicalModel.xml (Known Failure) 
9 ms. Memory: 129024K Free: 94285K (73%)


==== $PTIIhome/travis/build/icyphy/ptII/ptolemy/domains/de/test/../../../../: Auto Automatic test in file $PTII/ptolemy/domains/de/test/auto/knownFailedTests/HierarchicalModel.xml
==== Contents of test case:

	    # FIXME: we should use $relativeFilename here, but it
	    # might have backslashes under Windows, which causes no end
	    # of trouble.
	    createAndExecute $file
	    list {}
	
.... Test generated KNOWN error:
    while executing
ptolemy.kernel.util.IllegalActionException: Found a zero delay loop containing .HierarchicalModel.A
  in .HierarchicalModel and .HierarchicalModel.A
	at ptolemy.actor.util.CausalityInterfaceForComposites._computeOutputPortDepth(CausalityInterfaceForComposites.java:759)
	at ptolemy.actor.util.CausalityInterfaceForComposites._computeInputDepth(CausalityInterfaceForComposites.java:696)
	at ptolemy.actor.util.CausalityInterfaceForComposites._computeOutputPortDepth(CausalityInterfaceForComposites.java:765)
	at ptolemy.actor.util.CausalityInterfaceForComposites._computeInputDepth(CausalityInterfaceForComposites.java:696)
	at ptolemy.actor.util.CausalityInterfaceForComposites._computeOutputPortDepth(CausalityInterfaceForComposites.java:765)
	at ptolemy.actor.util.CausalityInterfaceForComposites._computeInputDepth(CausalityInterfaceForComposites.java:696)
	at ptolemy.actor.util.CausalityInterfaceForComposites._computeActorDepth(CausalityInterfaceForComposites.java:532)
	at ptolemy.actor.util.CausalityInterfaceForComposites.checkForCycles(CausalityInterfaceForComposites.java:96)
	at ptolemy.domains.de.kernel.DEDirector.preinitialize(DEDirector.java:1338)
	at ptolemy.actor.CompositeActor.preinitialize(CompositeActor.java:1828)
	at ptolemy.actor.Manager.preinitializeAndResolveTypes(Manager.java:1040)
	at ptolemy.actor.Manager.initialize(Manager.java:710)
	at ptolemy.actor.Manager.execute(Manager.java:356)
	at ptolemy.actor.Manager.run(Manager.java:1263)
	at ptolemy.actor.Manager$PtolemyRunThread.run(Manager.java:1933)

    while executing
ptolemy.kernel.util.IllegalActionException: Found a zero delay loop containing .HierarchicalModel.A
  in .HierarchicalModel and .HierarchicalModel.A
    while executing
"java::new ptolemy.moml.MoMLSimpleApplication $file
"
    (procedure "createAndExecute" line 2)
    invoked from within
"createAndExecute $file"
    ("uplevel" body line 5)
    invoked from within
"uplevel $contents_of_test"
------------------ testing $PTII/ptolemy/domains/de/test/auto/knownFailedTests/dependencyLoop2.xml (Known Failure) 
8 ms. Memory: 129024K Free: 77885K (60%)


==== $PTIIhome/travis/build/icyphy/ptII/ptolemy/domains/de/test/../../../../: Auto Automatic test in file $PTII/ptolemy/domains/de/test/auto/knownFailedTests/dependencyLoop2.xml
==== Contents of test case:

	    # FIXME: we should use $relativeFilename here, but it
	    # might have backslashes under Windows, which causes no end
	    # of trouble.
	    createAndExecute $file
	    list {}
	
.... Test generated KNOWN error:
    while executing
ptolemy.kernel.util.IllegalActionException: Found a zero delay loop containing .dependencyLoop2.original
  in .dependencyLoop2 and .dependencyLoop2.original
	at ptolemy.actor.util.CausalityInterfaceForComposites._computeOutputPortDepth(CausalityInterfaceForComposites.java:759)
	at ptolemy.actor.util.CausalityInterfaceForComposites._computeInputDepth(CausalityInterfaceForComposites.java:696)
	at ptolemy.actor.util.CausalityInterfaceForComposites._computeOutputPortDepth(CausalityInterfaceForComposites.java:765)
	at ptolemy.actor.util.CausalityInterfaceForComposites._computeInputDepth(CausalityInterfaceForComposites.java:696)
	at ptolemy.actor.util.CausalityInterfaceForComposites._computeOutputPortDepth(CausalityInterfaceForComposites.java:765)
	at ptolemy.actor.util.CausalityInterfaceForComposites._computeInputDepth(CausalityInterfaceForComposites.java:696)
	at ptolemy.actor.util.CausalityInterfaceForComposites._computeActorDepth(CausalityInterfaceForComposites.java:532)
	at ptolemy.actor.util.CausalityInterfaceForComposites.checkForCycles(CausalityInterfaceForComposites.java:96)
	at ptolemy.domains.de.kernel.DEDirector.preinitialize(DEDirector.java:1338)
	at ptolemy.actor.CompositeActor.preinitialize(CompositeActor.java:1828)
	at ptolemy.actor.Manager.preinitializeAndResolveTypes(Manager.java:1040)
	at ptolemy.actor.Manager.initialize(Manager.java:710)
	at ptolemy.actor.Manager.execute(Manager.java:356)
	at ptolemy.actor.Manager.run(Manager.java:1263)
	at ptolemy.actor.Manager$PtolemyRunThread.run(Manager.java:1933)

    while executing
ptolemy.kernel.util.IllegalActionException: Found a zero delay loop containing .dependencyLoop2.original
  in .dependencyLoop2 and .dependencyLoop2.original
    while executing
"java::new ptolemy.moml.MoMLSimpleApplication $file
"
    (procedure "createAndExecute" line 2)
    invoked from within
"createAndExecute $file"
    ("uplevel" body line 5)
    invoked from within
"uplevel $contents_of_test"
------------------ testing $PTII/ptolemy/domains/de/test/auto/knownFailedTests/DESDFClockTest.xml (Known Failure) 
2052 ms. Memory: 129024K Free: 107763K (84%)


==== $PTIIhome/travis/build/icyphy/ptII/ptolemy/domains/de/test/../../../../: Auto Automatic test in file $PTII/ptolemy/domains/de/test/auto/knownFailedTests/DESDFClockTest.xml
==== Contents of test case:

	    # FIXME: we should use $relativeFilename here, but it
	    # might have backslashes under Windows, which causes no end
	    # of trouble.
	    createAndExecute $file
	    list {}
	
.... Test generated KNOWN error:
    while executing
ptolemy.kernel.util.IllegalActionException: Actor is not ready to fire.  Perhaps UpSample.prefire() returned false? Try debugging the actor by selecting "Listen to Actor".  Also, for SDF check moml for tokenConsumptionRate on input.
  in .DESDFClockTest.Play Bell.Copy1:SDF Director and .DESDFClockTest.Play Bell.UpSample
	at ptolemy.actor.sched.StaticSchedulingDirector.fire(StaticSchedulingDirector.java:227)
	at ptolemy.domains.sdf.kernel.SDFDirector.fire(SDFDirector.java:500)
	at ptolemy.actor.CompositeActor.fire(CompositeActor.java:455)
	at ptolemy.domains.de.kernel.DEDirector._fire(DEDirector.java:1949)
	at ptolemy.domains.de.kernel.DEDirector.fire(DEDirector.java:502)
	at ptolemy.actor.CompositeActor.fire(CompositeActor.java:455)
	at ptolemy.actor.Manager.iterate(Manager.java:851)
	at ptolemy.actor.Manager.execute(Manager.java:369)
	at ptolemy.actor.Manager.run(Manager.java:1263)
	at ptolemy.actor.Manager$PtolemyRunThread.run(Manager.java:1933)

    while executing
ptolemy.kernel.util.IllegalActionException: Actor is not ready to fire.  Perhaps UpSample.prefire() returned false? Try debugging the actor by selecting "Listen to Actor".  Also, for SDF check moml for tokenConsumptionRate on input.
  in .DESDFClockTest.Play Bell.Copy1:SDF Director and .DESDFClockTest.Play Bell.UpSample
    while executing
"java::new ptolemy.moml.MoMLSimpleApplication $file
"
    (procedure "createAndExecute" line 2)
    invoked from within
"createAndExecute $file"
    ("uplevel" body line 5)
    invoked from within
"uplevel $contents_of_test"
------------------ testing $PTII/ptolemy/domains/de/test/auto/ActorDepthCalculation_actorWithoutPorts.xml
auto.tcl: Setting watchdog for 200 seconds at Fri Mar 13 07:10:52 UTC 2020
4 ms. Memory: 129024K Free: 100086K (78%)
ptolemy.util.test.WatchDog.cancel(): canceling Fri Mar 13 07:10:52 UTC 2020
auto.tcl: Setting watchdog for 200 seconds at Fri Mar 13 07:10:52 UTC 2020
5 ms. Memory: 129024K Free: 98534K (76%)
ptolemy.util.test.WatchDog.cancel(): canceling Fri Mar 13 07:10:52 UTC 2020
------------------ testing $PTII/ptolemy/domains/de/test/auto/AssemblyLine.xml
auto.tcl: Setting watchdog for 200 seconds at Fri Mar 13 07:10:53 UTC 2020
7 ms. Memory: 51200K Free: 28513K (56%)
ptolemy.util.test.WatchDog.cancel(): canceling Fri Mar 13 07:10:53 UTC 2020
auto.tcl: Setting watchdog for 200 seconds at Fri Mar 13 07:10:53 UTC 2020
37 ms. Memory: 51200K Free: 26982K (53%)
ptolemy.util.test.WatchDog.cancel(): canceling Fri Mar 13 07:10:53 UTC 2020
------------------ testing $PTII/ptolemy/domains/de/test/auto/CQBug1.xml
auto.tcl: Setting watchdog for 200 seconds at Fri Mar 13 07:10:53 UTC 2020
2 ms. Memory: 51200K Free: 33827K (66%)
ptolemy.util.test.WatchDog.cancel(): canceling Fri Mar 13 07:10:53 UTC 2020
auto.tcl: Setting watchdog for 200 seconds at Fri Mar 13 07:10:53 UTC 2020
2 ms. Memory: 51200K Free: 33351K (65%)
ptolemy.util.test.WatchDog.cancel(): canceling Fri Mar 13 07:10:53 UTC 2020
------------------ testing $PTII/ptolemy/domains/de/test/auto/CancelFireAt.xml
auto.tcl: Setting watchdog for 200 seconds at Fri Mar 13 07:10:53 UTC 2020
3 ms. Memory: 51200K Free: 34714K (68%)
ptolemy.util.test.WatchDog.cancel(): canceling Fri Mar 13 07:10:53 UTC 2020
auto.tcl: Setting watchdog for 200 seconds at Fri Mar 13 07:10:53 UTC 2020
2 ms. Memory: 51200K Free: 34220K (67%)
ptolemy.util.test.WatchDog.cancel(): canceling Fri Mar 13 07:10:53 UTC 2020
------------------ testing $PTII/ptolemy/domains/de/test/auto/CausalityAndComposabilityAnalysis.xml
auto.tcl: Setting watchdog for 200 seconds at Fri Mar 13 07:10:53 UTC 2020
12 ms. Memory: 48128K Free: 29668K (62%)
ptolemy.util.test.WatchDog.cancel(): canceling Fri Mar 13 07:10:53 UTC 2020
auto.tcl: Setting watchdog for 200 seconds at Fri Mar 13 07:10:53 UTC 2020
5 ms. Memory: 48128K Free: 28892K (60%)
ptolemy.util.test.WatchDog.cancel(): canceling Fri Mar 13 07:10:53 UTC 2020
------------------ testing $PTII/ptolemy/domains/de/test/auto/CausalityInterface1.xml
auto.tcl: Setting watchdog for 200 seconds at Fri Mar 13 07:10:53 UTC 2020
37 ms. Memory: 48128K Free: 28356K (59%)
ptolemy.util.test.WatchDog.cancel(): canceling Fri Mar 13 07:10:53 UTC 2020
auto.tcl: Setting watchdog for 200 seconds at Fri Mar 13 07:10:53 UTC 2020
4 ms. Memory: 48128K Free: 27373K (57%)
ptolemy.util.test.WatchDog.cancel(): canceling Fri Mar 13 07:10:53 UTC 2020
------------------ testing $PTII/ptolemy/domains/de/test/auto/CausalityInterface15.xml
auto.tcl: Setting watchdog for 200 seconds at Fri Mar 13 07:10:53 UTC 2020
11 ms. Memory: 48128K Free: 28283K (59%)
ptolemy.util.test.WatchDog.cancel(): canceling Fri Mar 13 07:10:53 UTC 2020
auto.tcl: Setting watchdog for 200 seconds at Fri Mar 13 07:10:53 UTC 2020
4 ms. Memory: 48128K Free: 27336K (57%)
ptolemy.util.test.WatchDog.cancel(): canceling Fri Mar 13 07:10:53 UTC 2020
------------------ testing $PTII/ptolemy/domains/de/test/auto/CausalityInterface2.xml
auto.tcl: Setting watchdog for 200 seconds at Fri Mar 13 07:10:53 UTC 2020
6 ms. Memory: 48128K Free: 29049K (60%)
ptolemy.util.test.WatchDog.cancel(): canceling Fri Mar 13 07:10:53 UTC 2020
auto.tcl: Setting watchdog for 200 seconds at Fri Mar 13 07:10:53 UTC 2020
3 ms. Memory: 48128K Free: 27916K (58%)
ptolemy.util.test.WatchDog.cancel(): canceling Fri Mar 13 07:10:53 UTC 2020
------------------ testing $PTII/ptolemy/domains/de/test/auto/CausalityInterface3.xml
auto.tcl: Setting watchdog for 200 seconds at Fri Mar 13 07:10:54 UTC 2020
3 ms. Memory: 48128K Free: 28534K (59%)
ptolemy.util.test.WatchDog.cancel(): canceling Fri Mar 13 07:10:54 UTC 2020
auto.tcl: Setting watchdog for 200 seconds at Fri Mar 13 07:10:54 UTC 2020
7 ms. Memory: 48128K Free: 27748K (58%)
ptolemy.util.test.WatchDog.cancel(): canceling Fri Mar 13 07:10:54 UTC 2020
------------------ testing $PTII/ptolemy/domains/de/test/auto/ClockDrift.xml
auto.tcl: Setting watchdog for 200 seconds at Fri Mar 13 07:10:54 UTC 2020
86 ms. Memory: 48128K Free: 20647K (43%)
ptolemy.util.test.WatchDog.cancel(): canceling Fri Mar 13 07:10:54 UTC 2020
auto.tcl: Setting watchdog for 200 seconds at Fri Mar 13 07:10:54 UTC 2020
48 ms. Memory: 48128K Free: 17686K (37%)
ptolemy.util.test.WatchDog.cancel(): canceling Fri Mar 13 07:10:54 UTC 2020
------------------ testing $PTII/ptolemy/domains/de/test/auto/ClockDriftAndValueChange.xml
auto.tcl: Setting watchdog for 200 seconds at Fri Mar 13 07:10:54 UTC 2020
20 ms. Memory: 48128K Free: 20961K (44%)
ptolemy.util.test.WatchDog.cancel(): canceling Fri Mar 13 07:10:54 UTC 2020
auto.tcl: Setting watchdog for 200 seconds at Fri Mar 13 07:10:54 UTC 2020
22 ms. Memory: 48128K Free: 17964K (37%)
ptolemy.util.test.WatchDog.cancel(): canceling Fri Mar 13 07:10:54 UTC 2020
------------------ testing $PTII/ptolemy/domains/de/test/auto/ClockDriftChange.xml
auto.tcl: Setting watchdog for 200 seconds at Fri Mar 13 07:10:54 UTC 2020
26 ms. Memory: 48128K Free: 23257K (48%)
ptolemy.util.test.WatchDog.cancel(): canceling Fri Mar 13 07:10:54 UTC 2020
auto.tcl: Setting watchdog for 200 seconds at Fri Mar 13 07:10:54 UTC 2020
27 ms. Memory: 48128K Free: 20701K (43%)
ptolemy.util.test.WatchDog.cancel(): canceling Fri Mar 13 07:10:54 UTC 2020
------------------ testing $PTII/ptolemy/domains/de/test/auto/ComposableCausalityAnalysis.xml
auto.tcl: Setting watchdog for 200 seconds at Fri Mar 13 07:10:54 UTC 2020
2 ms. Memory: 48128K Free: 27850K (58%)
ptolemy.util.test.WatchDog.cancel(): canceling Fri Mar 13 07:10:54 UTC 2020
auto.tcl: Setting watchdog for 200 seconds at Fri Mar 13 07:10:54 UTC 2020
4 ms. Memory: 48128K Free: 26810K (56%)
ptolemy.util.test.WatchDog.cancel(): canceling Fri Mar 13 07:10:54 UTC 2020
------------------ testing $PTII/ptolemy/domains/de/test/auto/DEFixedPointLimitation.xml
auto.tcl: Setting watchdog for 200 seconds at Fri Mar 13 07:10:54 UTC 2020
4 ms. Memory: 48128K Free: 29237K (61%)
ptolemy.util.test.WatchDog.cancel(): canceling Fri Mar 13 07:10:54 UTC 2020
auto.tcl: Setting watchdog for 200 seconds at Fri Mar 13 07:10:54 UTC 2020
2 ms. Memory: 48128K Free: 28319K (59%)
ptolemy.util.test.WatchDog.cancel(): canceling Fri Mar 13 07:10:54 UTC 2020
------------------ testing $PTII/ptolemy/domains/de/test/auto/DEScheduleTest.xml
auto.tcl: Setting watchdog for 200 seconds at Fri Mar 13 07:10:54 UTC 2020
6 ms. Memory: 48128K Free: 29538K (61%)
ptolemy.util.test.WatchDog.cancel(): canceling Fri Mar 13 07:10:54 UTC 2020
auto.tcl: Setting watchdog for 200 seconds at Fri Mar 13 07:10:54 UTC 2020
3 ms. Memory: 48128K Free: 28751K (60%)
ptolemy.util.test.WatchDog.cancel(): canceling Fri Mar 13 07:10:54 UTC 2020
------------------ testing $PTII/ptolemy/domains/de/test/auto/DEinDEwithStartTimes.xml
auto.tcl: Setting watchdog for 200 seconds at Fri Mar 13 07:10:54 UTC 2020
5 ms. Memory: 48128K Free: 27678K (58%)
ptolemy.util.test.WatchDog.cancel(): canceling Fri Mar 13 07:10:54 UTC 2020
auto.tcl: Setting watchdog for 200 seconds at Fri Mar 13 07:10:54 UTC 2020
3 ms. Memory: 48128K Free: 26654K (55%)
ptolemy.util.test.WatchDog.cancel(): canceling Fri Mar 13 07:10:54 UTC 2020
------------------ testing $PTII/ptolemy/domains/de/test/auto/DEinDEwithStartTimes2.xml
auto.tcl: Setting watchdog for 200 seconds at Fri Mar 13 07:10:54 UTC 2020
8 ms. Memory: 48128K Free: 26905K (56%)
ptolemy.util.test.WatchDog.cancel(): canceling Fri Mar 13 07:10:54 UTC 2020
auto.tcl: Setting watchdog for 200 seconds at Fri Mar 13 07:10:54 UTC 2020
4 ms. Memory: 48128K Free: 25609K (53%)
ptolemy.util.test.WatchDog.cancel(): canceling Fri Mar 13 07:10:54 UTC 2020
------------------ testing $PTII/ptolemy/domains/de/test/auto/DateDemo.xml
auto.tcl: Setting watchdog for 200 seconds at Fri Mar 13 07:10:54 UTC 2020
17 ms. Memory: 48128K Free: 21252K (44%)
ptolemy.util.test.WatchDog.cancel(): canceling Fri Mar 13 07:10:55 UTC 2020
auto.tcl: Setting watchdog for 200 seconds at Fri Mar 13 07:10:55 UTC 2020
6 ms. Memory: 48128K Free: 19662K (41%)
ptolemy.util.test.WatchDog.cancel(): canceling Fri Mar 13 07:10:55 UTC 2020
------------------ testing $PTII/ptolemy/domains/de/test/auto/DateToEvent.xml
auto.tcl: Setting watchdog for 200 seconds at Fri Mar 13 07:10:55 UTC 2020
2015 ms. Memory: 48128K Free: 17174K (36%)
ptolemy.util.test.WatchDog.cancel(): canceling Fri Mar 13 07:10:57 UTC 2020
auto.tcl: Setting watchdog for 200 seconds at Fri Mar 13 07:10:57 UTC 2020
2006 ms. Memory: 48128K Free: 16427K (34%)
ptolemy.util.test.WatchDog.cancel(): canceling Fri Mar 13 07:10:59 UTC 2020
------------------ testing $PTII/ptolemy/domains/de/test/auto/DepthTest1.xml
auto.tcl: Setting watchdog for 200 seconds at Fri Mar 13 07:10:59 UTC 2020
10 ms. Memory: 48128K Free: 30321K (63%)
ptolemy.util.test.WatchDog.cancel(): canceling Fri Mar 13 07:10:59 UTC 2020
auto.tcl: Setting watchdog for 200 seconds at Fri Mar 13 07:10:59 UTC 2020
1 ms. Memory: 48128K Free: 29915K (62%)
ptolemy.util.test.WatchDog.cancel(): canceling Fri Mar 13 07:10:59 UTC 2020
------------------ testing $PTII/ptolemy/domains/de/test/auto/DepthTest2.xml
auto.tcl: Setting watchdog for 200 seconds at Fri Mar 13 07:10:59 UTC 2020
3 ms. Memory: 48128K Free: 27198K (57%)
ptolemy.util.test.WatchDog.cancel(): canceling Fri Mar 13 07:10:59 UTC 2020
auto.tcl: Setting watchdog for 200 seconds at Fri Mar 13 07:10:59 UTC 2020
3 ms. Memory: 48128K Free: 26815K (56%)
ptolemy.util.test.WatchDog.cancel(): canceling Fri Mar 13 07:10:59 UTC 2020
------------------ testing $PTII/ptolemy/domains/de/test/auto/DepthTest3.xml
auto.tcl: Setting watchdog for 200 seconds at Fri Mar 13 07:10:59 UTC 2020
6 ms. Memory: 48128K Free: 30651K (64%)
ptolemy.util.test.WatchDog.cancel(): canceling Fri Mar 13 07:10:59 UTC 2020
auto.tcl: Setting watchdog for 200 seconds at Fri Mar 13 07:10:59 UTC 2020
2 ms. Memory: 48128K Free: 30219K (63%)
ptolemy.util.test.WatchDog.cancel(): canceling Fri Mar 13 07:10:59 UTC 2020
------------------ testing $PTII/ptolemy/domains/de/test/auto/DepthTest4.xml
auto.tcl: Setting watchdog for 200 seconds at Fri Mar 13 07:10:59 UTC 2020
3 ms. Memory: 48128K Free: 29000K (60%)
ptolemy.util.test.WatchDog.cancel(): canceling Fri Mar 13 07:10:59 UTC 2020
auto.tcl: Setting watchdog for 200 seconds at Fri Mar 13 07:10:59 UTC 2020
3 ms. Memory: 48128K Free: 28283K (59%)
ptolemy.util.test.WatchDog.cancel(): canceling Fri Mar 13 07:10:59 UTC 2020
------------------ testing $PTII/ptolemy/domains/de/test/auto/DepthTest5.xml
auto.tcl: Setting watchdog for 200 seconds at Fri Mar 13 07:10:59 UTC 2020
3 ms. Memory: 48128K Free: 28112K (58%)
ptolemy.util.test.WatchDog.cancel(): canceling Fri Mar 13 07:10:59 UTC 2020
auto.tcl: Setting watchdog for 200 seconds at Fri Mar 13 07:10:59 UTC 2020
3 ms. Memory: 48128K Free: 27722K (58%)
ptolemy.util.test.WatchDog.cancel(): canceling Fri Mar 13 07:10:59 UTC 2020
------------------ testing $PTII/ptolemy/domains/de/test/auto/DepthTest6.xml
auto.tcl: Setting watchdog for 200 seconds at Fri Mar 13 07:10:59 UTC 2020
8 ms. Memory: 48128K Free: 28138K (58%)
ptolemy.util.test.WatchDog.cancel(): canceling Fri Mar 13 07:10:59 UTC 2020
auto.tcl: Setting watchdog for 200 seconds at Fri Mar 13 07:10:59 UTC 2020
3 ms. Memory: 48128K Free: 27716K (58%)
ptolemy.util.test.WatchDog.cancel(): canceling Fri Mar 13 07:10:59 UTC 2020
------------------ testing $PTII/ptolemy/domains/de/test/auto/DepthTest7.xml
auto.tcl: Setting watchdog for 200 seconds at Fri Mar 13 07:10:59 UTC 2020
2 ms. Memory: 48128K Free: 28730K (60%)
ptolemy.util.test.WatchDog.cancel(): canceling Fri Mar 13 07:10:59 UTC 2020
auto.tcl: Setting watchdog for 200 seconds at Fri Mar 13 07:10:59 UTC 2020
2 ms. Memory: 48128K Free: 27813K (58%)
ptolemy.util.test.WatchDog.cancel(): canceling Fri Mar 13 07:10:59 UTC 2020
------------------ testing $PTII/ptolemy/domains/de/test/auto/EventToDate.xml
auto.tcl: Setting watchdog for 200 seconds at Fri Mar 13 07:10:59 UTC 2020
3006 ms. Memory: 48128K Free: 19714K (41%)
ptolemy.util.test.WatchDog.cancel(): canceling Fri Mar 13 07:11:02 UTC 2020
auto.tcl: Setting watchdog for 200 seconds at Fri Mar 13 07:11:02 UTC 2020
3005 ms. Memory: 48128K Free: 19030K (40%)
ptolemy.util.test.WatchDog.cancel(): canceling Fri Mar 13 07:11:05 UTC 2020
------------------ testing $PTII/ptolemy/domains/de/test/auto/FSM1.xml
auto.tcl: Setting watchdog for 200 seconds at Fri Mar 13 07:11:05 UTC 2020
27 ms. Memory: 48128K Free: 20445K (42%)
ptolemy.util.test.WatchDog.cancel(): canceling Fri Mar 13 07:11:05 UTC 2020
auto.tcl: Setting watchdog for 200 seconds at Fri Mar 13 07:11:05 UTC 2020
27 ms. Memory: 48128K Free: 17251K (36%)
ptolemy.util.test.WatchDog.cancel(): canceling Fri Mar 13 07:11:05 UTC 2020
------------------ testing $PTII/ptolemy/domains/de/test/auto/FSM7.xml
auto.tcl: Setting watchdog for 200 seconds at Fri Mar 13 07:11:05 UTC 2020
16 ms. Memory: 48128K Free: 20587K (43%)
ptolemy.util.test.WatchDog.cancel(): canceling Fri Mar 13 07:11:05 UTC 2020
auto.tcl: Setting watchdog for 200 seconds at Fri Mar 13 07:11:05 UTC 2020
14 ms. Memory: 48128K Free: 17474K (36%)
ptolemy.util.test.WatchDog.cancel(): canceling Fri Mar 13 07:11:05 UTC 2020
------------------ testing $PTII/ptolemy/domains/de/test/auto/Inspection.xml
auto.tcl: Setting watchdog for 200 seconds at Fri Mar 13 07:11:05 UTC 2020
28 ms. Memory: 48128K Free: 20666K (43%)
ptolemy.util.test.WatchDog.cancel(): canceling Fri Mar 13 07:11:06 UTC 2020
auto.tcl: Setting watchdog for 200 seconds at Fri Mar 13 07:11:06 UTC 2020
34 ms. Memory: 48128K Free: 18927K (39%)
ptolemy.util.test.WatchDog.cancel(): canceling Fri Mar 13 07:11:06 UTC 2020
------------------ testing $PTII/ptolemy/domains/de/test/auto/Iteration.xml
auto.tcl: Setting watchdog for 200 seconds at Fri Mar 13 07:11:06 UTC 2020
7 ms. Memory: 48128K Free: 26428K (55%)
ptolemy.util.test.WatchDog.cancel(): canceling Fri Mar 13 07:11:06 UTC 2020
auto.tcl: Setting watchdog for 200 seconds at Fri Mar 13 07:11:06 UTC 2020
7 ms. Memory: 48128K Free: 24981K (52%)
ptolemy.util.test.WatchDog.cancel(): canceling Fri Mar 13 07:11:06 UTC 2020
------------------ testing $PTII/ptolemy/domains/de/test/auto/LineFault.xml
auto.tcl: Setting watchdog for 200 seconds at Fri Mar 13 07:11:06 UTC 2020
591 ms. Memory: 48128K Free: 18464K (38%)
ptolemy.util.test.WatchDog.cancel(): canceling Fri Mar 13 07:11:07 UTC 2020
auto.tcl: Setting watchdog for 200 seconds at Fri Mar 13 07:11:07 UTC 2020
445 ms. Memory: 64512K Free: 45636K (71%)
ptolemy.util.test.WatchDog.cancel(): canceling Fri Mar 13 07:11:07 UTC 2020
------------------ testing $PTII/ptolemy/domains/de/test/auto/MergeModel1Add.xml
auto.tcl: Setting watchdog for 200 seconds at Fri Mar 13 07:11:07 UTC 2020
14 ms. Memory: 58368K Free: 22602K (39%)
ptolemy.util.test.WatchDog.cancel(): canceling Fri Mar 13 07:11:07 UTC 2020
auto.tcl: Setting watchdog for 200 seconds at Fri Mar 13 07:11:07 UTC 2020
8 ms. Memory: 58368K Free: 20944K (36%)
ptolemy.util.test.WatchDog.cancel(): canceling Fri Mar 13 07:11:07 UTC 2020
------------------ testing $PTII/ptolemy/domains/de/test/auto/MergeModel2Add.xml
auto.tcl: Setting watchdog for 200 seconds at Fri Mar 13 07:11:07 UTC 2020
8 ms. Memory: 55296K Free: 21563K (39%)
ptolemy.util.test.WatchDog.cancel(): canceling Fri Mar 13 07:11:07 UTC 2020
auto.tcl: Setting watchdog for 200 seconds at Fri Mar 13 07:11:07 UTC 2020
7 ms. Memory: 55296K Free: 20057K (36%)
ptolemy.util.test.WatchDog.cancel(): canceling Fri Mar 13 07:11:07 UTC 2020
------------------ testing $PTII/ptolemy/domains/de/test/auto/MergeModel3Add.xml
auto.tcl: Setting watchdog for 200 seconds at Fri Mar 13 07:11:07 UTC 2020
7 ms. Memory: 51200K Free: 17526K (34%)
ptolemy.util.test.WatchDog.cancel(): canceling Fri Mar 13 07:11:07 UTC 2020
auto.tcl: Setting watchdog for 200 seconds at Fri Mar 13 07:11:07 UTC 2020
6 ms. Memory: 51200K Free: 16109K (31%)
ptolemy.util.test.WatchDog.cancel(): canceling Fri Mar 13 07:11:07 UTC 2020
------------------ testing $PTII/ptolemy/domains/de/test/auto/MergeWithoutDiscard.xml
auto.tcl: Setting watchdog for 200 seconds at Fri Mar 13 07:11:07 UTC 2020
2 ms. Memory: 51200K Free: 31881K (62%)
ptolemy.util.test.WatchDog.cancel(): canceling Fri Mar 13 07:11:07 UTC 2020
auto.tcl: Setting watchdog for 200 seconds at Fri Mar 13 07:11:07 UTC 2020
1 ms. Memory: 51200K Free: 31449K (61%)
ptolemy.util.test.WatchDog.cancel(): canceling Fri Mar 13 07:11:07 UTC 2020
------------------ testing $PTII/ptolemy/domains/de/test/auto/Modal1.xml
auto.tcl: Setting watchdog for 200 seconds at Fri Mar 13 07:11:07 UTC 2020
20 ms. Memory: 51200K Free: 23999K (47%)
ptolemy.util.test.WatchDog.cancel(): canceling Fri Mar 13 07:11:08 UTC 2020
auto.tcl: Setting watchdog for 200 seconds at Fri Mar 13 07:11:08 UTC 2020
22 ms. Memory: 51200K Free: 20565K (40%)
ptolemy.util.test.WatchDog.cancel(): canceling Fri Mar 13 07:11:08 UTC 2020
------------------ testing $PTII/ptolemy/domains/de/test/auto/Modal2.xml
auto.tcl: Setting watchdog for 200 seconds at Fri Mar 13 07:11:08 UTC 2020
13 ms. Memory: 51200K Free: 24101K (47%)
ptolemy.util.test.WatchDog.cancel(): canceling Fri Mar 13 07:11:08 UTC 2020
auto.tcl: Setting watchdog for 200 seconds at Fri Mar 13 07:11:08 UTC 2020
19 ms. Memory: 51200K Free: 20863K (41%)
ptolemy.util.test.WatchDog.cancel(): canceling Fri Mar 13 07:11:08 UTC 2020
------------------ testing $PTII/ptolemy/domains/de/test/auto/Modal3.xml
auto.tcl: Setting watchdog for 200 seconds at Fri Mar 13 07:11:08 UTC 2020
15 ms. Memory: 51200K Free: 23829K (47%)
ptolemy.util.test.WatchDog.cancel(): canceling Fri Mar 13 07:11:08 UTC 2020
auto.tcl: Setting watchdog for 200 seconds at Fri Mar 13 07:11:08 UTC 2020
13 ms. Memory: 51200K Free: 20877K (41%)
ptolemy.util.test.WatchDog.cancel(): canceling Fri Mar 13 07:11:08 UTC 2020
------------------ testing $PTII/ptolemy/domains/de/test/auto/Modal4.xml
auto.tcl: Setting watchdog for 200 seconds at Fri Mar 13 07:11:08 UTC 2020
25 ms. Memory: 51200K Free: 23043K (45%)
ptolemy.util.test.WatchDog.cancel(): canceling Fri Mar 13 07:11:08 UTC 2020
auto.tcl: Setting watchdog for 200 seconds at Fri Mar 13 07:11:08 UTC 2020
20 ms. Memory: 51200K Free: 19225K (38%)
ptolemy.util.test.WatchDog.cancel(): canceling Fri Mar 13 07:11:08 UTC 2020
------------------ testing $PTII/ptolemy/domains/de/test/auto/Modal5.xml
auto.tcl: Setting watchdog for 200 seconds at Fri Mar 13 07:11:08 UTC 2020
15 ms. Memory: 51200K Free: 23037K (45%)
ptolemy.util.test.WatchDog.cancel(): canceling Fri Mar 13 07:11:08 UTC 2020
auto.tcl: Setting watchdog for 200 seconds at Fri Mar 13 07:11:08 UTC 2020
13 ms. Memory: 51200K Free: 19211K (38%)
ptolemy.util.test.WatchDog.cancel(): canceling Fri Mar 13 07:11:08 UTC 2020
------------------ testing $PTII/ptolemy/domains/de/test/auto/Modal6.xml
auto.tcl: Setting watchdog for 200 seconds at Fri Mar 13 07:11:08 UTC 2020
16 ms. Memory: 51200K Free: 23856K (47%)
ptolemy.util.test.WatchDog.cancel(): canceling Fri Mar 13 07:11:08 UTC 2020
auto.tcl: Setting watchdog for 200 seconds at Fri Mar 13 07:11:08 UTC 2020
17 ms. Memory: 51200K Free: 19869K (39%)
ptolemy.util.test.WatchDog.cancel(): canceling Fri Mar 13 07:11:08 UTC 2020
------------------ testing $PTII/ptolemy/domains/de/test/auto/Modal7.xml
auto.tcl: Setting watchdog for 200 seconds at Fri Mar 13 07:11:08 UTC 2020
14 ms. Memory: 51200K Free: 23029K (45%)
ptolemy.util.test.WatchDog.cancel(): canceling Fri Mar 13 07:11:08 UTC 2020
auto.tcl: Setting watchdog for 200 seconds at Fri Mar 13 07:11:08 UTC 2020
11 ms. Memory: 51200K Free: 19488K (38%)
ptolemy.util.test.WatchDog.cancel(): canceling Fri Mar 13 07:11:08 UTC 2020
------------------ testing $PTII/ptolemy/domains/de/test/auto/ModalModel.xml
auto.tcl: Setting watchdog for 200 seconds at Fri Mar 13 07:11:08 UTC 2020
194 ms. Memory: 51200K Free: 13282K (26%)
ptolemy.util.test.WatchDog.cancel(): canceling Fri Mar 13 07:11:09 UTC 2020
auto.tcl: Setting watchdog for 200 seconds at Fri Mar 13 07:11:09 UTC 2020
195 ms. Memory: 61440K Free: 17267K (28%)
ptolemy.util.test.WatchDog.cancel(): canceling Fri Mar 13 07:11:09 UTC 2020
------------------ testing $PTII/ptolemy/domains/de/test/auto/ModalSource.xml
auto.tcl: Setting watchdog for 200 seconds at Fri Mar 13 07:11:09 UTC 2020
5 ms. Memory: 55296K Free: 31981K (58%)
ptolemy.util.test.WatchDog.cancel(): canceling Fri Mar 13 07:11:09 UTC 2020
auto.tcl: Setting watchdog for 200 seconds at Fri Mar 13 07:11:09 UTC 2020
6 ms. Memory: 55296K Free: 29933K (54%)
ptolemy.util.test.WatchDog.cancel(): canceling Fri Mar 13 07:11:09 UTC 2020
------------------ testing $PTII/ptolemy/domains/de/test/auto/NonInterruptibleTimerZeroDelay.xml
auto.tcl: Setting watchdog for 200 seconds at Fri Mar 13 07:11:09 UTC 2020
3 ms. Memory: 55296K Free: 37102K (67%)
ptolemy.util.test.WatchDog.cancel(): canceling Fri Mar 13 07:11:09 UTC 2020
auto.tcl: Setting watchdog for 200 seconds at Fri Mar 13 07:11:09 UTC 2020
2 ms. Memory: 55296K Free: 36256K (66%)
ptolemy.util.test.WatchDog.cancel(): canceling Fri Mar 13 07:11:09 UTC 2020
------------------ testing $PTII/ptolemy/domains/de/test/auto/OpenQueueingNetwork.xml
auto.tcl: Setting watchdog for 200 seconds at Fri Mar 13 07:11:09 UTC 2020
2816 ms. Memory: 131072K Free: 55494K (42%)
ptolemy.util.test.WatchDog.cancel(): canceling Fri Mar 13 07:11:12 UTC 2020
auto.tcl: Setting watchdog for 200 seconds at Fri Mar 13 07:11:12 UTC 2020
2294 ms. Memory: 157696K Free: 101608K (64%)
ptolemy.util.test.WatchDog.cancel(): canceling Fri Mar 13 07:11:14 UTC 2020
------------------ testing $PTII/ptolemy/domains/de/test/auto/OpenQueuingNetwork.xml
auto.tcl: Setting watchdog for 200 seconds at Fri Mar 13 07:11:14 UTC 2020
241 ms. Memory: 66560K Free: 44726K (67%)
ptolemy.util.test.WatchDog.cancel(): canceling Fri Mar 13 07:11:15 UTC 2020
auto.tcl: Setting watchdog for 200 seconds at Fri Mar 13 07:11:15 UTC 2020
220 ms. Memory: 66560K Free: 33914K (51%)
ptolemy.util.test.WatchDog.cancel(): canceling Fri Mar 13 07:11:15 UTC 2020
------------------ testing $PTII/ptolemy/domains/de/test/auto/PeriodicSampler.xml
auto.tcl: Setting watchdog for 200 seconds at Fri Mar 13 07:11:15 UTC 2020
3 ms. Memory: 55296K Free: 36117K (65%)
ptolemy.util.test.WatchDog.cancel(): canceling Fri Mar 13 07:11:15 UTC 2020
auto.tcl: Setting watchdog for 200 seconds at Fri Mar 13 07:11:15 UTC 2020
2 ms. Memory: 55296K Free: 35597K (64%)
ptolemy.util.test.WatchDog.cancel(): canceling Fri Mar 13 07:11:15 UTC 2020
------------------ testing $PTII/ptolemy/domains/de/test/auto/PersistentIO.xml
auto.tcl: Setting watchdog for 200 seconds at Fri Mar 13 07:11:15 UTC 2020
14 ms. Memory: 55296K Free: 31041K (56%)
ptolemy.util.test.WatchDog.cancel(): canceling Fri Mar 13 07:11:15 UTC 2020
auto.tcl: Setting watchdog for 200 seconds at Fri Mar 13 07:11:15 UTC 2020
4 ms. Memory: 55296K Free: 29521K (53%)
ptolemy.util.test.WatchDog.cancel(): canceling Fri Mar 13 07:11:15 UTC 2020
------------------ testing $PTII/ptolemy/domains/de/test/auto/PortParameterResetOnInitialize.xml
auto.tcl: Setting watchdog for 200 seconds at Fri Mar 13 07:11:15 UTC 2020
2 ms. Memory: 51200K Free: 31943K (62%)
ptolemy.util.test.WatchDog.cancel(): canceling Fri Mar 13 07:11:15 UTC 2020
auto.tcl: Setting watchdog for 200 seconds at Fri Mar 13 07:11:15 UTC 2020
2 ms. Memory: 51200K Free: 31433K (61%)
ptolemy.util.test.WatchDog.cancel(): canceling Fri Mar 13 07:11:15 UTC 2020
------------------ testing $PTII/ptolemy/domains/de/test/auto/PortParameterUpdates.xml
auto.tcl: Setting watchdog for 200 seconds at Fri Mar 13 07:11:15 UTC 2020
9 ms. Memory: 51200K Free: 30014K (59%)
ptolemy.util.test.WatchDog.cancel(): canceling Fri Mar 13 07:11:15 UTC 2020
auto.tcl: Setting watchdog for 200 seconds at Fri Mar 13 07:11:15 UTC 2020
4 ms. Memory: 51200K Free: 28996K (57%)
ptolemy.util.test.WatchDog.cancel(): canceling Fri Mar 13 07:11:15 UTC 2020
------------------ testing $PTII/ptolemy/domains/de/test/auto/QueueAndServer.xml
auto.tcl: Setting watchdog for 200 seconds at Fri Mar 13 07:11:15 UTC 2020
16 ms. Memory: 51200K Free: 28968K (57%)
ptolemy.util.test.WatchDog.cancel(): canceling Fri Mar 13 07:11:15 UTC 2020
auto.tcl: Setting watchdog for 200 seconds at Fri Mar 13 07:11:15 UTC 2020
6 ms. Memory: 51200K Free: 27434K (54%)
ptolemy.util.test.WatchDog.cancel(): canceling Fri Mar 13 07:11:15 UTC 2020
------------------ testing $PTII/ptolemy/domains/de/test/auto/Records.xml
auto.tcl: Setting watchdog for 200 seconds at Fri Mar 13 07:11:15 UTC 2020
5 ms. Memory: 51200K Free: 31176K (61%)
ptolemy.util.test.WatchDog.cancel(): canceling Fri Mar 13 07:11:15 UTC 2020
auto.tcl: Setting watchdog for 200 seconds at Fri Mar 13 07:11:15 UTC 2020
2 ms. Memory: 51200K Free: 30664K (60%)
ptolemy.util.test.WatchDog.cancel(): canceling Fri Mar 13 07:11:15 UTC 2020
------------------ testing $PTII/ptolemy/domains/de/test/auto/ResetTransitionWithStartTime1.xml
auto.tcl: Setting watchdog for 200 seconds at Fri Mar 13 07:11:15 UTC 2020
11 ms. Memory: 51200K Free: 28430K (56%)
ptolemy.util.test.WatchDog.cancel(): canceling Fri Mar 13 07:11:15 UTC 2020
auto.tcl: Setting watchdog for 200 seconds at Fri Mar 13 07:11:15 UTC 2020
6 ms. Memory: 51200K Free: 26382K (52%)
ptolemy.util.test.WatchDog.cancel(): canceling Fri Mar 13 07:11:15 UTC 2020
------------------ testing $PTII/ptolemy/domains/de/test/auto/ResetTransitionWithStartTime2.xml
auto.tcl: Setting watchdog for 200 seconds at Fri Mar 13 07:11:15 UTC 2020
6 ms. Memory: 51200K Free: 28385K (55%)
ptolemy.util.test.WatchDog.cancel(): canceling Fri Mar 13 07:11:15 UTC 2020
auto.tcl: Setting watchdog for 200 seconds at Fri Mar 13 07:11:15 UTC 2020
6 ms. Memory: 51200K Free: 26337K (51%)
ptolemy.util.test.WatchDog.cancel(): canceling Fri Mar 13 07:11:15 UTC 2020
------------------ testing $PTII/ptolemy/domains/de/test/auto/ResetTransitionWithStartTime3.xml
auto.tcl: Setting watchdog for 200 seconds at Fri Mar 13 07:11:15 UTC 2020
8 ms. Memory: 51200K Free: 28384K (55%)
ptolemy.util.test.WatchDog.cancel(): canceling Fri Mar 13 07:11:15 UTC 2020
auto.tcl: Setting watchdog for 200 seconds at Fri Mar 13 07:11:15 UTC 2020
6 ms. Memory: 51200K Free: 26336K (51%)
ptolemy.util.test.WatchDog.cancel(): canceling Fri Mar 13 07:11:15 UTC 2020
------------------ testing $PTII/ptolemy/domains/de/test/auto/ResetTransitionWithStartTime4.xml
auto.tcl: Setting watchdog for 200 seconds at Fri Mar 13 07:11:15 UTC 2020
8 ms. Memory: 51200K Free: 28810K (56%)
ptolemy.util.test.WatchDog.cancel(): canceling Fri Mar 13 07:11:16 UTC 2020
auto.tcl: Setting watchdog for 200 seconds at Fri Mar 13 07:11:16 UTC 2020
4 ms. Memory: 51200K Free: 27358K (53%)
ptolemy.util.test.WatchDog.cancel(): canceling Fri Mar 13 07:11:16 UTC 2020
------------------ testing $PTII/ptolemy/domains/de/test/auto/ResettableTimer1.xml
auto.tcl: Setting watchdog for 200 seconds at Fri Mar 13 07:11:16 UTC 2020
3 ms. Memory: 51200K Free: 32558K (64%)
ptolemy.util.test.WatchDog.cancel(): canceling Fri Mar 13 07:11:16 UTC 2020
auto.tcl: Setting watchdog for 200 seconds at Fri Mar 13 07:11:16 UTC 2020
2 ms. Memory: 51200K Free: 31931K (62%)
ptolemy.util.test.WatchDog.cancel(): canceling Fri Mar 13 07:11:16 UTC 2020
------------------ testing $PTII/ptolemy/domains/de/test/auto/ResettableTimer2.xml
auto.tcl: Setting watchdog for 200 seconds at Fri Mar 13 07:11:16 UTC 2020
3 ms. Memory: 51200K Free: 32655K (64%)
ptolemy.util.test.WatchDog.cancel(): canceling Fri Mar 13 07:11:16 UTC 2020
auto.tcl: Setting watchdog for 200 seconds at Fri Mar 13 07:11:16 UTC 2020
2 ms. Memory: 51200K Free: 31995K (62%)
ptolemy.util.test.WatchDog.cancel(): canceling Fri Mar 13 07:11:16 UTC 2020
------------------ testing $PTII/ptolemy/domains/de/test/auto/ResettableTimer3.xml
auto.tcl: Setting watchdog for 200 seconds at Fri Mar 13 07:11:16 UTC 2020
2 ms. Memory: 51200K Free: 32517K (64%)
ptolemy.util.test.WatchDog.cancel(): canceling Fri Mar 13 07:11:16 UTC 2020
auto.tcl: Setting watchdog for 200 seconds at Fri Mar 13 07:11:16 UTC 2020
1 ms. Memory: 51200K Free: 32517K (64%)
ptolemy.util.test.WatchDog.cancel(): canceling Fri Mar 13 07:11:16 UTC 2020
------------------ testing $PTII/ptolemy/domains/de/test/auto/ResettableTimer4.xml
auto.tcl: Setting watchdog for 200 seconds at Fri Mar 13 07:11:16 UTC 2020
1 ms. Memory: 51200K Free: 32530K (64%)
ptolemy.util.test.WatchDog.cancel(): canceling Fri Mar 13 07:11:16 UTC 2020
auto.tcl: Setting watchdog for 200 seconds at Fri Mar 13 07:11:16 UTC 2020
1 ms. Memory: 51200K Free: 32022K (63%)
ptolemy.util.test.WatchDog.cancel(): canceling Fri Mar 13 07:11:16 UTC 2020
------------------ testing $PTII/ptolemy/domains/de/test/auto/ResettableTimer5.xml
auto.tcl: Setting watchdog for 200 seconds at Fri Mar 13 07:11:16 UTC 2020
2 ms. Memory: 51200K Free: 32015K (63%)
ptolemy.util.test.WatchDog.cancel(): canceling Fri Mar 13 07:11:16 UTC 2020
auto.tcl: Setting watchdog for 200 seconds at Fri Mar 13 07:11:16 UTC 2020
1 ms. Memory: 51200K Free: 31505K (62%)
ptolemy.util.test.WatchDog.cancel(): canceling Fri Mar 13 07:11:16 UTC 2020
------------------ testing $PTII/ptolemy/domains/de/test/auto/ResettableTimer6.xml
auto.tcl: Setting watchdog for 200 seconds at Fri Mar 13 07:11:16 UTC 2020
2 ms. Memory: 51200K Free: 32005K (63%)
ptolemy.util.test.WatchDog.cancel(): canceling Fri Mar 13 07:11:16 UTC 2020
auto.tcl: Setting watchdog for 200 seconds at Fri Mar 13 07:11:16 UTC 2020
1 ms. Memory: 51200K Free: 31495K (62%)
ptolemy.util.test.WatchDog.cancel(): canceling Fri Mar 13 07:11:16 UTC 2020
------------------ testing $PTII/ptolemy/domains/de/test/auto/ServerZeroDelay.xml
auto.tcl: Setting watchdog for 200 seconds at Fri Mar 13 07:11:16 UTC 2020
3 ms. Memory: 51200K Free: 32510K (63%)
ptolemy.util.test.WatchDog.cancel(): canceling Fri Mar 13 07:11:16 UTC 2020
auto.tcl: Setting watchdog for 200 seconds at Fri Mar 13 07:11:16 UTC 2020
3 ms. Memory: 51200K Free: 31486K (61%)
ptolemy.util.test.WatchDog.cancel(): canceling Fri Mar 13 07:11:16 UTC 2020
------------------ testing $PTII/ptolemy/domains/de/test/auto/SmartSender.xml
auto.tcl: Setting watchdog for 200 seconds at Fri Mar 13 07:11:16 UTC 2020
3001 ms. Memory: 51200K Free: 32505K (63%)
ptolemy.util.test.WatchDog.cancel(): canceling Fri Mar 13 07:11:19 UTC 2020
auto.tcl: Setting watchdog for 200 seconds at Fri Mar 13 07:11:19 UTC 2020
3002 ms. Memory: 51200K Free: 31982K (62%)
ptolemy.util.test.WatchDog.cancel(): canceling Fri Mar 13 07:11:22 UTC 2020
------------------ testing $PTII/ptolemy/domains/de/test/auto/ThreadedComposite.xml
auto.tcl: Setting watchdog for 200 seconds at Fri Mar 13 07:11:22 UTC 2020
182 ms. Memory: 51200K Free: 13063K (26%)
ptolemy.util.test.WatchDog.cancel(): canceling Fri Mar 13 07:11:22 UTC 2020
auto.tcl: Setting watchdog for 200 seconds at Fri Mar 13 07:11:22 UTC 2020
142 ms. Memory: 51200K Free: 27757K (54%)
ptolemy.util.test.WatchDog.cancel(): canceling Fri Mar 13 07:11:22 UTC 2020
------------------ testing $PTII/ptolemy/domains/de/test/auto/Time.xml
auto.tcl: Setting watchdog for 200 seconds at Fri Mar 13 07:11:22 UTC 2020
444 ms. Memory: 51200K Free: 10178K (20%)
ptolemy.util.test.WatchDog.cancel(): canceling Fri Mar 13 07:11:23 UTC 2020
auto.tcl: Setting watchdog for 200 seconds at Fri Mar 13 07:11:23 UTC 2020
389 ms. Memory: 51200K Free: 16719K (33%)
ptolemy.util.test.WatchDog.cancel(): canceling Fri Mar 13 07:11:23 UTC 2020
------------------ testing $PTII/ptolemy/domains/de/test/auto/TimeDelayZeroDelay.xml
auto.tcl: Setting watchdog for 200 seconds at Fri Mar 13 07:11:23 UTC 2020
2 ms. Memory: 51200K Free: 32434K (63%)
ptolemy.util.test.WatchDog.cancel(): canceling Fri Mar 13 07:11:23 UTC 2020
auto.tcl: Setting watchdog for 200 seconds at Fri Mar 13 07:11:23 UTC 2020
2 ms. Memory: 51200K Free: 31976K (62%)
ptolemy.util.test.WatchDog.cancel(): canceling Fri Mar 13 07:11:23 UTC 2020
------------------ testing $PTII/ptolemy/domains/de/test/auto/TimerZeroDelay.xml
auto.tcl: Setting watchdog for 200 seconds at Fri Mar 13 07:11:23 UTC 2020
3 ms. Memory: 51200K Free: 32925K (64%)
ptolemy.util.test.WatchDog.cancel(): canceling Fri Mar 13 07:11:23 UTC 2020
auto.tcl: Setting watchdog for 200 seconds at Fri Mar 13 07:11:23 UTC 2020
2 ms. Memory: 51200K Free: 32490K (63%)
ptolemy.util.test.WatchDog.cancel(): canceling Fri Mar 13 07:11:23 UTC 2020
------------------ testing $PTII/ptolemy/domains/de/test/auto/TimingParadox.xml
auto.tcl: Setting watchdog for 200 seconds at Fri Mar 13 07:11:23 UTC 2020
283 ms. Memory: 51200K Free: 22152K (43%)
ptolemy.util.test.WatchDog.cancel(): canceling Fri Mar 13 07:11:24 UTC 2020
auto.tcl: Setting watchdog for 200 seconds at Fri Mar 13 07:11:24 UTC 2020
269 ms. Memory: 51200K Free: 13643K (27%)
ptolemy.util.test.WatchDog.cancel(): canceling Fri Mar 13 07:11:24 UTC 2020
------------------ testing $PTII/ptolemy/domains/de/test/auto/TransferInputs.xml
auto.tcl: Setting watchdog for 200 seconds at Fri Mar 13 07:11:24 UTC 2020
2 ms. Memory: 51200K Free: 30945K (60%)
ptolemy.util.test.WatchDog.cancel(): canceling Fri Mar 13 07:11:24 UTC 2020
auto.tcl: Setting watchdog for 200 seconds at Fri Mar 13 07:11:24 UTC 2020
2 ms. Memory: 51200K Free: 30020K (59%)
ptolemy.util.test.WatchDog.cancel(): canceling Fri Mar 13 07:11:24 UTC 2020
------------------ testing $PTII/ptolemy/domains/de/test/auto/TransferOutputs2.xml
auto.tcl: Setting watchdog for 200 seconds at Fri Mar 13 07:11:24 UTC 2020
11 ms. Memory: 51200K Free: 28387K (55%)
ptolemy.util.test.WatchDog.cancel(): canceling Fri Mar 13 07:11:24 UTC 2020
auto.tcl: Setting watchdog for 200 seconds at Fri Mar 13 07:11:24 UTC 2020
3 ms. Memory: 51200K Free: 26973K (53%)
ptolemy.util.test.WatchDog.cancel(): canceling Fri Mar 13 07:11:24 UTC 2020
------------------ testing $PTII/ptolemy/domains/de/test/auto/Trilateration.xml
auto.tcl: Setting watchdog for 200 seconds at Fri Mar 13 07:11:24 UTC 2020
11919 ms. Memory: 541696K Free: 505482K (93%)
ptolemy.util.test.WatchDog.cancel(): canceling Fri Mar 13 07:11:37 UTC 2020
auto.tcl: Setting watchdog for 200 seconds at Fri Mar 13 07:11:37 UTC 2020
8987 ms. Memory: 541696K Free: 447775K (83%)
ptolemy.util.test.WatchDog.cancel(): canceling Fri Mar 13 07:11:46 UTC 2020
------------------ testing $PTII/ptolemy/domains/de/test/auto/TwoSigmaDelta.xml
auto.tcl: Setting watchdog for 200 seconds at Fri Mar 13 07:11:46 UTC 2020
2149 ms. Memory: 92160K Free: 37812K (41%)
ptolemy.util.test.WatchDog.cancel(): canceling Fri Mar 13 07:11:49 UTC 2020
auto.tcl: Setting watchdog for 200 seconds at Fri Mar 13 07:11:49 UTC 2020
1689 ms. Memory: 92160K Free: 43423K (47%)
ptolemy.util.test.WatchDog.cancel(): canceling Fri Mar 13 07:11:50 UTC 2020
------------------ testing $PTII/ptolemy/domains/de/test/auto/VariableDelay.xml
auto.tcl: Setting watchdog for 200 seconds at Fri Mar 13 07:11:50 UTC 2020
3 ms. Memory: 55296K Free: 35514K (64%)
ptolemy.util.test.WatchDog.cancel(): canceling Fri Mar 13 07:11:50 UTC 2020
auto.tcl: Setting watchdog for 200 seconds at Fri Mar 13 07:11:50 UTC 2020
2 ms. Memory: 55296K Free: 34520K (62%)
ptolemy.util.test.WatchDog.cancel(): canceling Fri Mar 13 07:11:50 UTC 2020
------------------ testing $PTII/ptolemy/domains/de/test/auto/VariableDelay2.xml
auto.tcl: Setting watchdog for 200 seconds at Fri Mar 13 07:11:51 UTC 2020
6 ms. Memory: 55296K Free: 36123K (65%)
ptolemy.util.test.WatchDog.cancel(): canceling Fri Mar 13 07:11:51 UTC 2020
auto.tcl: Setting watchdog for 200 seconds at Fri Mar 13 07:11:51 UTC 2020
2 ms. Memory: 55296K Free: 35595K (64%)
ptolemy.util.test.WatchDog.cancel(): canceling Fri Mar 13 07:11:51 UTC 2020
------------------ testing $PTII/ptolemy/domains/de/test/auto/VariableDelayZeroDelay.xml
auto.tcl: Setting watchdog for 200 seconds at Fri Mar 13 07:11:51 UTC 2020
3 ms. Memory: 51200K Free: 32360K (63%)
ptolemy.util.test.WatchDog.cancel(): canceling Fri Mar 13 07:11:51 UTC 2020
auto.tcl: Setting watchdog for 200 seconds at Fri Mar 13 07:11:51 UTC 2020
2 ms. Memory: 51200K Free: 31819K (62%)
ptolemy.util.test.WatchDog.cancel(): canceling Fri Mar 13 07:11:51 UTC 2020
------------------ testing $PTII/ptolemy/domains/de/test/auto/VariableDelayZeroDelay2.xml
auto.tcl: Setting watchdog for 200 seconds at Fri Mar 13 07:11:51 UTC 2020
5 ms. Memory: 51200K Free: 32359K (63%)
ptolemy.util.test.WatchDog.cancel(): canceling Fri Mar 13 07:11:51 UTC 2020
auto.tcl: Setting watchdog for 200 seconds at Fri Mar 13 07:11:51 UTC 2020
2 ms. Memory: 51200K Free: 31335K (61%)
ptolemy.util.test.WatchDog.cancel(): canceling Fri Mar 13 07:11:51 UTC 2020
------------------ testing $PTII/ptolemy/domains/de/test/auto/deInCt.xml
auto.tcl: Setting watchdog for 200 seconds at Fri Mar 13 07:11:51 UTC 2020
0
1
1
1
1
1
1
0
0
0
0
1
1
1
0
0
0
1
1
1
0
0
0
0
1
1
1
0
0
0
1
1
1
0
0
0
1
1
1
0
0
0
0
15 ms. Memory: 51200K Free: 31332K (61%)
ptolemy.util.test.WatchDog.cancel(): canceling Fri Mar 13 07:11:51 UTC 2020
auto.tcl: Setting watchdog for 200 seconds at Fri Mar 13 07:11:51 UTC 2020
0
1
1
1
1
1
0
0
0
1
1
1
1
0
0
0
1
1
1
0
0
0
1
1
0
0
0
1
1
1
0
0
0
0
1
1
0
0
0
0
8 ms. Memory: 51200K Free: 29785K (58%)
ptolemy.util.test.WatchDog.cancel(): canceling Fri Mar 13 07:11:51 UTC 2020
------------------ testing $PTII/ptolemy/domains/de/test/auto/deInCt2.xml
auto.tcl: Setting watchdog for 200 seconds at Fri Mar 13 07:11:51 UTC 2020
0
1
1
1
0
0
1
1
1
0
0
1
1
1
0
0
1
1
1
0
0
1
1
1
0
0
1
1
1
0
0
1
1
1
0
0
1
1
1
0
0
0
12 ms. Memory: 51200K Free: 31333K (61%)
ptolemy.util.test.WatchDog.cancel(): canceling Fri Mar 13 07:11:51 UTC 2020
auto.tcl: Setting watchdog for 200 seconds at Fri Mar 13 07:11:51 UTC 2020
0
1
1
1
0
0
1
1
1
0
0
1
1
1
0
0
1
1
1
0
0
1
1
1
0
0
1
1
1
0
0
1
1
1
0
0
1
1
1
0
0
0
9 ms. Memory: 51200K Free: 29786K (58%)
ptolemy.util.test.WatchDog.cancel(): canceling Fri Mar 13 07:11:51 UTC 2020
------------------ testing $PTII/ptolemy/domains/de/test/auto/dynamicCausalityInterface1.xml
auto.tcl: Setting watchdog for 200 seconds at Fri Mar 13 07:11:51 UTC 2020
2 ms. Memory: 51200K Free: 26609K (52%)
ptolemy.util.test.WatchDog.cancel(): canceling Fri Mar 13 07:11:51 UTC 2020
auto.tcl: Setting watchdog for 200 seconds at Fri Mar 13 07:11:51 UTC 2020
1 ms. Memory: 51200K Free: 26609K (52%)
ptolemy.util.test.WatchDog.cancel(): canceling Fri Mar 13 07:11:51 UTC 2020
------------------ testing $PTII/ptolemy/domains/de/test/auto/fsm_de_test.xml
auto.tcl: Setting watchdog for 200 seconds at Fri Mar 13 07:11:51 UTC 2020
7 ms. Memory: 51200K Free: 27130K (53%)
ptolemy.util.test.WatchDog.cancel(): canceling Fri Mar 13 07:11:51 UTC 2020
auto.tcl: Setting watchdog for 200 seconds at Fri Mar 13 07:11:51 UTC 2020
7 ms. Memory: 51200K Free: 25082K (49%)
ptolemy.util.test.WatchDog.cancel(): canceling Fri Mar 13 07:11:51 UTC 2020
------------------ testing $PTII/ptolemy/domains/de/test/auto/functionDependencyReconstruction.xml
auto.tcl: Setting watchdog for 200 seconds at Fri Mar 13 07:11:51 UTC 2020
2 ms. Memory: 51200K Free: 20976K (41%)
ptolemy.util.test.WatchDog.cancel(): canceling Fri Mar 13 07:11:51 UTC 2020
auto.tcl: Setting watchdog for 200 seconds at Fri Mar 13 07:11:51 UTC 2020
2 ms. Memory: 51200K Free: 18951K (37%)
ptolemy.util.test.WatchDog.cancel(): canceling Fri Mar 13 07:11:51 UTC 2020
------------------ testing $PTII/ptolemy/domains/de/test/auto/multirate.xml
auto.tcl: Setting watchdog for 200 seconds at Fri Mar 13 07:11:51 UTC 2020
3 ms. Memory: 51200K Free: 29173K (57%)
ptolemy.util.test.WatchDog.cancel(): canceling Fri Mar 13 07:11:51 UTC 2020
auto.tcl: Setting watchdog for 200 seconds at Fri Mar 13 07:11:51 UTC 2020
3 ms. Memory: 51200K Free: 28025K (55%)
ptolemy.util.test.WatchDog.cancel(): canceling Fri Mar 13 07:11:51 UTC 2020
------------------ testing $PTII/ptolemy/domains/de/test/auto/multirate2.xml
auto.tcl: Setting watchdog for 200 seconds at Fri Mar 13 07:11:51 UTC 2020
5 ms. Memory: 51200K Free: 29924K (58%)
ptolemy.util.test.WatchDog.cancel(): canceling Fri Mar 13 07:11:51 UTC 2020
auto.tcl: Setting watchdog for 200 seconds at Fri Mar 13 07:11:51 UTC 2020
3 ms. Memory: 51200K Free: 28205K (55%)
ptolemy.util.test.WatchDog.cancel(): canceling Fri Mar 13 07:11:51 UTC 2020
------------------ testing $PTII/ptolemy/domains/de/test/auto/realtime.xml
auto.tcl: Setting watchdog for 200 seconds at Fri Mar 13 07:11:51 UTC 2020
10001 ms. Memory: 51200K Free: 31973K (62%)
ptolemy.util.test.WatchDog.cancel(): canceling Fri Mar 13 07:12:01 UTC 2020
auto.tcl: Setting watchdog for 200 seconds at Fri Mar 13 07:12:01 UTC 2020
10001 ms. Memory: 51200K Free: 31276K (61%)
ptolemy.util.test.WatchDog.cancel(): canceling Fri Mar 13 07:12:11 UTC 2020
------------------ testing $PTII/ptolemy/domains/de/test/auto/relationGroup.xml
auto.tcl: Setting watchdog for 200 seconds at Fri Mar 13 07:12:11 UTC 2020
2 ms. Memory: 51200K Free: 33039K (65%)
ptolemy.util.test.WatchDog.cancel(): canceling Fri Mar 13 07:12:11 UTC 2020
auto.tcl: Setting watchdog for 200 seconds at Fri Mar 13 07:12:11 UTC 2020
2 ms. Memory: 51200K Free: 32326K (63%)
ptolemy.util.test.WatchDog.cancel(): canceling Fri Mar 13 07:12:11 UTC 2020
------------------ testing $PTII/ptolemy/domains/de/test/auto/relationGroup2.xml
auto.tcl: Setting watchdog for 200 seconds at Fri Mar 13 07:12:11 UTC 2020
2 ms. Memory: 51200K Free: 33117K (65%)
ptolemy.util.test.WatchDog.cancel(): canceling Fri Mar 13 07:12:11 UTC 2020
auto.tcl: Setting watchdog for 200 seconds at Fri Mar 13 07:12:11 UTC 2020
1 ms. Memory: 51200K Free: 32628K (64%)
ptolemy.util.test.WatchDog.cancel(): canceling Fri Mar 13 07:12:11 UTC 2020
------------------ testing $PTII/ptolemy/domains/de/test/auto/sortWithOpaquePorts.xml
auto.tcl: Setting watchdog for 200 seconds at Fri Mar 13 07:12:11 UTC 2020
2 ms. Memory: 51200K Free: 31861K (62%)
ptolemy.util.test.WatchDog.cancel(): canceling Fri Mar 13 07:12:11 UTC 2020
auto.tcl: Setting watchdog for 200 seconds at Fri Mar 13 07:12:11 UTC 2020
2 ms. Memory: 51200K Free: 30837K (60%)
ptolemy.util.test.WatchDog.cancel(): canceling Fri Mar 13 07:12:11 UTC 2020
------------------ testing $PTII/ptolemy/domains/de/test/auto/transferInputsandOutputs.xml
auto.tcl: Setting watchdog for 200 seconds at Fri Mar 13 07:12:11 UTC 2020
2 ms. Memory: 51200K Free: 29299K (57%)
ptolemy.util.test.WatchDog.cancel(): canceling Fri Mar 13 07:12:11 UTC 2020
auto.tcl: Setting watchdog for 200 seconds at Fri Mar 13 07:12:11 UTC 2020
1 ms. Memory: 51200K Free: 28288K (55%)
ptolemy.util.test.WatchDog.cancel(): canceling Fri Mar 13 07:12:11 UTC 2020
------------------ testing $PTII/ptolemy/domains/de/test/auto/triggerType.xml
auto.tcl: Setting watchdog for 200 seconds at Fri Mar 13 07:12:12 UTC 2020
2 ms. Memory: 51200K Free: 32323K (63%)
ptolemy.util.test.WatchDog.cancel(): canceling Fri Mar 13 07:12:12 UTC 2020
auto.tcl: Setting watchdog for 200 seconds at Fri Mar 13 07:12:12 UTC 2020
2 ms. Memory: 51200K Free: 31326K (61%)
ptolemy.util.test.WatchDog.cancel(): canceling Fri Mar 13 07:12:12 UTC 2020
03/13/20 07:12:12
Failed: 0  Total Tests: 192  ((Passed: 187, Newly Passed: 1)  Known Failed: 5) /home/travis/build/icyphy/ptII/ptolemy/domains/de/test
03/13/20 07:12:12
Failed: 0  Total Tests: 192  ((Passed: 187, Newly Passed: 1)  Known Failed: 5) /home/travis/build/icyphy/ptII/ptolemy/domains/de/test
----------------- testing (KnownFailure) /home/travis/build/icyphy/ptII/ptolemy/domains/de/test/auto/knownFailedTests/DESDFClockTest.xml
2013 ms. Memory: 51200K Free: 25208K (49%)
Known Failure: java.lang.reflect.InvocationTargetException
----------------- testing (KnownFailure) /home/travis/build/icyphy/ptII/ptolemy/domains/de/test/auto/knownFailedTests/DirectFeedback.xml
1 ms. Memory: 51200K Free: 21622K (42%)
Known Failure: java.lang.reflect.InvocationTargetException
----------------- testing (KnownFailure) /home/travis/build/icyphy/ptII/ptolemy/domains/de/test/auto/knownFailedTests/FSMSource.xml
7 ms. Memory: 51200K Free: 13944K (27%)
----------------- testing (KnownFailure) /home/travis/build/icyphy/ptII/ptolemy/domains/de/test/auto/knownFailedTests/HierarchicalModel.xml
2 ms. Memory: 51200K Free: 26155K (51%)
Known Failure: java.lang.reflect.InvocationTargetException
----------------- testing (KnownFailure) /home/travis/build/icyphy/ptII/ptolemy/domains/de/test/auto/knownFailedTests/dependencyLoop.xml
2 ms. Memory: 51200K Free: 10795K (21%)
Known Failure: java.lang.reflect.InvocationTargetException
----------------- testing (KnownFailure) /home/travis/build/icyphy/ptII/ptolemy/domains/de/test/auto/knownFailedTests/dependencyLoop2.xml
7 ms. Memory: 51200K Free: 23780K (46%)
Known Failure: java.lang.reflect.InvocationTargetException
No auto/linux-amd64/*.xml tests in /home/travis/build/icyphy/ptII/ptolemy/domains/de/test
AutoTests.java: About to close Vertx.
AutoTests.java: Vertx closed.

===========================================================================================
----------------- testing Fri Mar 13 07:12:14 UTC 2020 /home/travis/build/icyphy/ptII/ptolemy/domains/de/test/auto/ActorDepthCalculation_actorWithoutPorts.xml
----------------- Instantiating /home/travis/build/icyphy/ptII/ptolemy/domains/de/test/auto/ActorDepthCalculation_actorWithoutPorts.xml
3 ms. Memory: 51200K Free: 16976K (33%)
----------------- Invoking toplevel() on ptolemy.moml.MoMLSimpleApplication@6828a919
----------------- Done invoking toplevel() on ptolemy.moml.MoMLSimpleApplication@6828a919
reloadAllAccessors: .ActorDepthCalculation_actorWithoutPorts

===========================================================================================
----------------- testing Fri Mar 13 07:12:14 UTC 2020 /home/travis/build/icyphy/ptII/ptolemy/domains/de/test/auto/AssemblyLine.xml
----------------- Instantiating /home/travis/build/icyphy/ptII/ptolemy/domains/de/test/auto/AssemblyLine.xml
2 ms. Memory: 51200K Free: 9752K (19%)
----------------- Invoking toplevel() on ptolemy.moml.MoMLSimpleApplication@6eca5110
----------------- Done invoking toplevel() on ptolemy.moml.MoMLSimpleApplication@6eca5110
reloadAllAccessors: .AssemblyLine

===========================================================================================
----------------- testing Fri Mar 13 07:12:14 UTC 2020 /home/travis/build/icyphy/ptII/ptolemy/domains/de/test/auto/CQBug1.xml
----------------- Instantiating /home/travis/build/icyphy/ptII/ptolemy/domains/de/test/auto/CQBug1.xml
2 ms. Memory: 51200K Free: 34374K (67%)
----------------- Invoking toplevel() on ptolemy.moml.MoMLSimpleApplication@73e7ad19
----------------- Done invoking toplevel() on ptolemy.moml.MoMLSimpleApplication@73e7ad19
reloadAllAccessors: .CQBug1

===========================================================================================
----------------- testing Fri Mar 13 07:12:14 UTC 2020 /home/travis/build/icyphy/ptII/ptolemy/domains/de/test/auto/CancelFireAt.xml
----------------- Instantiating /home/travis/build/icyphy/ptII/ptolemy/domains/de/test/auto/CancelFireAt.xml
1 ms. Memory: 51200K Free: 32061K (63%)
----------------- Invoking toplevel() on ptolemy.moml.MoMLSimpleApplication@2d2eca2f
----------------- Done invoking toplevel() on ptolemy.moml.MoMLSimpleApplication@2d2eca2f
reloadAllAccessors: .CancelFireAt

===========================================================================================
----------------- testing Fri Mar 13 07:12:14 UTC 2020 /home/travis/build/icyphy/ptII/ptolemy/domains/de/test/auto/CausalityAndComposabilityAnalysis.xml
----------------- Instantiating /home/travis/build/icyphy/ptII/ptolemy/domains/de/test/auto/CausalityAndComposabilityAnalysis.xml
3 ms. Memory: 51200K Free: 27687K (54%)
----------------- Invoking toplevel() on ptolemy.moml.MoMLSimpleApplication@113411df
----------------- Done invoking toplevel() on ptolemy.moml.MoMLSimpleApplication@113411df
reloadAllAccessors: .CausalityAndComposabilityAnalysis

===========================================================================================
----------------- testing Fri Mar 13 07:12:14 UTC 2020 /home/travis/build/icyphy/ptII/ptolemy/domains/de/test/auto/CausalityInterface1.xml
----------------- Instantiating /home/travis/build/icyphy/ptII/ptolemy/domains/de/test/auto/CausalityInterface1.xml
6 ms. Memory: 51200K Free: 22845K (45%)
----------------- Invoking toplevel() on ptolemy.moml.MoMLSimpleApplication@2bd6ec94
----------------- Done invoking toplevel() on ptolemy.moml.MoMLSimpleApplication@2bd6ec94
reloadAllAccessors: .CausalityInterface1

===========================================================================================
----------------- testing Fri Mar 13 07:12:14 UTC 2020 /home/travis/build/icyphy/ptII/ptolemy/domains/de/test/auto/CausalityInterface15.xml
----------------- Instantiating /home/travis/build/icyphy/ptII/ptolemy/domains/de/test/auto/CausalityInterface15.xml
2 ms. Memory: 51200K Free: 17447K (34%)
----------------- Invoking toplevel() on ptolemy.moml.MoMLSimpleApplication@8cfa525
----------------- Done invoking toplevel() on ptolemy.moml.MoMLSimpleApplication@8cfa525
reloadAllAccessors: .CausalityInterface15

===========================================================================================
----------------- testing Fri Mar 13 07:12:14 UTC 2020 /home/travis/build/icyphy/ptII/ptolemy/domains/de/test/auto/CausalityInterface2.xml
----------------- Instantiating /home/travis/build/icyphy/ptII/ptolemy/domains/de/test/auto/CausalityInterface2.xml
1 ms. Memory: 51200K Free: 12774K (25%)
----------------- Invoking toplevel() on ptolemy.moml.MoMLSimpleApplication@3300bd9c
----------------- Done invoking toplevel() on ptolemy.moml.MoMLSimpleApplication@3300bd9c
reloadAllAccessors: .CausalityInterface2

===========================================================================================
----------------- testing Fri Mar 13 07:12:14 UTC 2020 /home/travis/build/icyphy/ptII/ptolemy/domains/de/test/auto/CausalityInterface3.xml
----------------- Instantiating /home/travis/build/icyphy/ptII/ptolemy/domains/de/test/auto/CausalityInterface3.xml
5 ms. Memory: 51200K Free: 35524K (69%)
----------------- Invoking toplevel() on ptolemy.moml.MoMLSimpleApplication@6d3b713e
----------------- Done invoking toplevel() on ptolemy.moml.MoMLSimpleApplication@6d3b713e
reloadAllAccessors: .CausalityInterface3

===========================================================================================
----------------- testing Fri Mar 13 07:12:14 UTC 2020 /home/travis/build/icyphy/ptII/ptolemy/domains/de/test/auto/ClockDrift.xml
----------------- Instantiating /home/travis/build/icyphy/ptII/ptolemy/domains/de/test/auto/ClockDrift.xml
13 ms. Memory: 51200K Free: 23554K (46%)
----------------- Invoking toplevel() on ptolemy.moml.MoMLSimpleApplication@52321454
----------------- Done invoking toplevel() on ptolemy.moml.MoMLSimpleApplication@52321454
reloadAllAccessors: .ClockDrift

===========================================================================================
----------------- testing Fri Mar 13 07:12:14 UTC 2020 /home/travis/build/icyphy/ptII/ptolemy/domains/de/test/auto/ClockDriftAndValueChange.xml
----------------- Instantiating /home/travis/build/icyphy/ptII/ptolemy/domains/de/test/auto/ClockDriftAndValueChange.xml
10 ms. Memory: 51200K Free: 12106K (24%)
----------------- Invoking toplevel() on ptolemy.moml.MoMLSimpleApplication@4239b7e1
----------------- Done invoking toplevel() on ptolemy.moml.MoMLSimpleApplication@4239b7e1
reloadAllAccessors: .ClockDriftAndValueChange

===========================================================================================
----------------- testing Fri Mar 13 07:12:14 UTC 2020 /home/travis/build/icyphy/ptII/ptolemy/domains/de/test/auto/ClockDriftChange.xml
----------------- Instantiating /home/travis/build/icyphy/ptII/ptolemy/domains/de/test/auto/ClockDriftChange.xml
9 ms. Memory: 51200K Free: 29549K (58%)
----------------- Invoking toplevel() on ptolemy.moml.MoMLSimpleApplication@37cff8ad
----------------- Done invoking toplevel() on ptolemy.moml.MoMLSimpleApplication@37cff8ad
reloadAllAccessors: .ClockDriftChange

===========================================================================================
----------------- testing Fri Mar 13 07:12:14 UTC 2020 /home/travis/build/icyphy/ptII/ptolemy/domains/de/test/auto/ComposableCausalityAnalysis.xml
----------------- Instantiating /home/travis/build/icyphy/ptII/ptolemy/domains/de/test/auto/ComposableCausalityAnalysis.xml
1 ms. Memory: 51200K Free: 23964K (47%)
----------------- Invoking toplevel() on ptolemy.moml.MoMLSimpleApplication@ff846bc
----------------- Done invoking toplevel() on ptolemy.moml.MoMLSimpleApplication@ff846bc
reloadAllAccessors: .ComposableCausalityAnalysis

===========================================================================================
----------------- testing Fri Mar 13 07:12:14 UTC 2020 /home/travis/build/icyphy/ptII/ptolemy/domains/de/test/auto/DEFixedPointLimitation.xml
----------------- Instantiating /home/travis/build/icyphy/ptII/ptolemy/domains/de/test/auto/DEFixedPointLimitation.xml
1 ms. Memory: 51200K Free: 19456K (38%)
----------------- Invoking toplevel() on ptolemy.moml.MoMLSimpleApplication@7c4e581c
----------------- Done invoking toplevel() on ptolemy.moml.MoMLSimpleApplication@7c4e581c
reloadAllAccessors: .DEFixedPointLimitation

===========================================================================================
----------------- testing Fri Mar 13 07:12:14 UTC 2020 /home/travis/build/icyphy/ptII/ptolemy/domains/de/test/auto/DEScheduleTest.xml
----------------- Instantiating /home/travis/build/icyphy/ptII/ptolemy/domains/de/test/auto/DEScheduleTest.xml
2 ms. Memory: 51200K Free: 15127K (30%)
----------------- Invoking toplevel() on ptolemy.moml.MoMLSimpleApplication@77339720
----------------- Done invoking toplevel() on ptolemy.moml.MoMLSimpleApplication@77339720
reloadAllAccessors: .DEScheduleTest

===========================================================================================
----------------- testing Fri Mar 13 07:12:14 UTC 2020 /home/travis/build/icyphy/ptII/ptolemy/domains/de/test/auto/DEinDEwithStartTimes.xml
----------------- Instantiating /home/travis/build/icyphy/ptII/ptolemy/domains/de/test/auto/DEinDEwithStartTimes.xml
2 ms. Memory: 51200K Free: 9426K (18%)
----------------- Invoking toplevel() on ptolemy.moml.MoMLSimpleApplication@5a4078c
----------------- Done invoking toplevel() on ptolemy.moml.MoMLSimpleApplication@5a4078c
reloadAllAccessors: .DEinDEwithStartTimes

===========================================================================================
----------------- testing Fri Mar 13 07:12:14 UTC 2020 /home/travis/build/icyphy/ptII/ptolemy/domains/de/test/auto/DEinDEwithStartTimes2.xml
----------------- Instantiating /home/travis/build/icyphy/ptII/ptolemy/domains/de/test/auto/DEinDEwithStartTimes2.xml
3 ms. Memory: 51200K Free: 29771K (58%)
----------------- Invoking toplevel() on ptolemy.moml.MoMLSimpleApplication@6b8e2afe
----------------- Done invoking toplevel() on ptolemy.moml.MoMLSimpleApplication@6b8e2afe
reloadAllAccessors: .DEinDEwithStartTimes2

===========================================================================================
----------------- testing Fri Mar 13 07:12:14 UTC 2020 /home/travis/build/icyphy/ptII/ptolemy/domains/de/test/auto/DateDemo.xml
----------------- Instantiating /home/travis/build/icyphy/ptII/ptolemy/domains/de/test/auto/DateDemo.xml
8 ms. Memory: 51200K Free: 18489K (36%)
----------------- Invoking toplevel() on ptolemy.moml.MoMLSimpleApplication@2ebd8c2b
----------------- Done invoking toplevel() on ptolemy.moml.MoMLSimpleApplication@2ebd8c2b
reloadAllAccessors: .DateDemo

===========================================================================================
----------------- testing Fri Mar 13 07:12:14 UTC 2020 /home/travis/build/icyphy/ptII/ptolemy/domains/de/test/auto/DateToEvent.xml
----------------- Instantiating /home/travis/build/icyphy/ptII/ptolemy/domains/de/test/auto/DateToEvent.xml
2003 ms. Memory: 51200K Free: 29151K (57%)
----------------- Invoking toplevel() on ptolemy.moml.MoMLSimpleApplication@2441b5b1
----------------- Done invoking toplevel() on ptolemy.moml.MoMLSimpleApplication@2441b5b1
reloadAllAccessors: .DateToEvent

===========================================================================================
----------------- testing Fri Mar 13 07:12:16 UTC 2020 /home/travis/build/icyphy/ptII/ptolemy/domains/de/test/auto/DepthTest1.xml
----------------- Instantiating /home/travis/build/icyphy/ptII/ptolemy/domains/de/test/auto/DepthTest1.xml
2 ms. Memory: 51200K Free: 26257K (51%)
----------------- Invoking toplevel() on ptolemy.moml.MoMLSimpleApplication@566e340a
----------------- Done invoking toplevel() on ptolemy.moml.MoMLSimpleApplication@566e340a
reloadAllAccessors: .DepthTest1

===========================================================================================
----------------- testing Fri Mar 13 07:12:16 UTC 2020 /home/travis/build/icyphy/ptII/ptolemy/domains/de/test/auto/DepthTest2.xml
----------------- Instantiating /home/travis/build/icyphy/ptII/ptolemy/domains/de/test/auto/DepthTest2.xml
1 ms. Memory: 51200K Free: 19736K (39%)
----------------- Invoking toplevel() on ptolemy.moml.MoMLSimpleApplication@54949393
----------------- Done invoking toplevel() on ptolemy.moml.MoMLSimpleApplication@54949393
reloadAllAccessors: .DepthTest2

===========================================================================================
----------------- testing Fri Mar 13 07:12:16 UTC 2020 /home/travis/build/icyphy/ptII/ptolemy/domains/de/test/auto/DepthTest3.xml
----------------- Instantiating /home/travis/build/icyphy/ptII/ptolemy/domains/de/test/auto/DepthTest3.xml
1 ms. Memory: 51200K Free: 16801K (33%)
----------------- Invoking toplevel() on ptolemy.moml.MoMLSimpleApplication@14a6af82
----------------- Done invoking toplevel() on ptolemy.moml.MoMLSimpleApplication@14a6af82
reloadAllAccessors: .DepthTest3

===========================================================================================
----------------- testing Fri Mar 13 07:12:16 UTC 2020 /home/travis/build/icyphy/ptII/ptolemy/domains/de/test/auto/DepthTest4.xml
----------------- Instantiating /home/travis/build/icyphy/ptII/ptolemy/domains/de/test/auto/DepthTest4.xml
2 ms. Memory: 51200K Free: 12100K (24%)
----------------- Invoking toplevel() on ptolemy.moml.MoMLSimpleApplication@62775bf1
----------------- Done invoking toplevel() on ptolemy.moml.MoMLSimpleApplication@62775bf1
reloadAllAccessors: .DepthTest4

===========================================================================================
----------------- testing Fri Mar 13 07:12:16 UTC 2020 /home/travis/build/icyphy/ptII/ptolemy/domains/de/test/auto/DepthTest5.xml
----------------- Instantiating /home/travis/build/icyphy/ptII/ptolemy/domains/de/test/auto/DepthTest5.xml
2 ms. Memory: 51200K Free: 33688K (66%)
----------------- Invoking toplevel() on ptolemy.moml.MoMLSimpleApplication@3a64f849
----------------- Done invoking toplevel() on ptolemy.moml.MoMLSimpleApplication@3a64f849
reloadAllAccessors: .DepthTest5

===========================================================================================
----------------- testing Fri Mar 13 07:12:16 UTC 2020 /home/travis/build/icyphy/ptII/ptolemy/domains/de/test/auto/DepthTest6.xml
----------------- Instantiating /home/travis/build/icyphy/ptII/ptolemy/domains/de/test/auto/DepthTest6.xml
2 ms. Memory: 51200K Free: 28337K (55%)
----------------- Invoking toplevel() on ptolemy.moml.MoMLSimpleApplication@45ca0623
----------------- Done invoking toplevel() on ptolemy.moml.MoMLSimpleApplication@45ca0623
reloadAllAccessors: .DepthTest6

===========================================================================================
----------------- testing Fri Mar 13 07:12:16 UTC 2020 /home/travis/build/icyphy/ptII/ptolemy/domains/de/test/auto/DepthTest7.xml
----------------- Instantiating /home/travis/build/icyphy/ptII/ptolemy/domains/de/test/auto/DepthTest7.xml
2 ms. Memory: 51200K Free: 23448K (46%)
----------------- Invoking toplevel() on ptolemy.moml.MoMLSimpleApplication@9de5a8a
----------------- Done invoking toplevel() on ptolemy.moml.MoMLSimpleApplication@9de5a8a
reloadAllAccessors: .DepthTest7

===========================================================================================
----------------- testing Fri Mar 13 07:12:16 UTC 2020 /home/travis/build/icyphy/ptII/ptolemy/domains/de/test/auto/EventToDate.xml
----------------- Instantiating /home/travis/build/icyphy/ptII/ptolemy/domains/de/test/auto/EventToDate.xml
3011 ms. Memory: 51200K Free: 10136K (20%)
----------------- Invoking toplevel() on ptolemy.moml.MoMLSimpleApplication@5ed1fe1b
----------------- Done invoking toplevel() on ptolemy.moml.MoMLSimpleApplication@5ed1fe1b
reloadAllAccessors: .EventToDate

===========================================================================================
----------------- testing Fri Mar 13 07:12:19 UTC 2020 /home/travis/build/icyphy/ptII/ptolemy/domains/de/test/auto/FSM1.xml
----------------- Instantiating /home/travis/build/icyphy/ptII/ptolemy/domains/de/test/auto/FSM1.xml
13 ms. Memory: 51200K Free: 24761K (48%)
----------------- Invoking toplevel() on ptolemy.moml.MoMLSimpleApplication@2f531284
----------------- Done invoking toplevel() on ptolemy.moml.MoMLSimpleApplication@2f531284
reloadAllAccessors: .FSM1

===========================================================================================
----------------- testing Fri Mar 13 07:12:19 UTC 2020 /home/travis/build/icyphy/ptII/ptolemy/domains/de/test/auto/FSM7.xml
----------------- Instantiating /home/travis/build/icyphy/ptII/ptolemy/domains/de/test/auto/FSM7.xml
16 ms. Memory: 51200K Free: 12393K (24%)
----------------- Invoking toplevel() on ptolemy.moml.MoMLSimpleApplication@37604240
----------------- Done invoking toplevel() on ptolemy.moml.MoMLSimpleApplication@37604240
reloadAllAccessors: .FSM7

===========================================================================================
----------------- testing Fri Mar 13 07:12:20 UTC 2020 /home/travis/build/icyphy/ptII/ptolemy/domains/de/test/auto/Inspection.xml
----------------- Instantiating /home/travis/build/icyphy/ptII/ptolemy/domains/de/test/auto/Inspection.xml
13 ms. Memory: 51200K Free: 26739K (52%)
----------------- Invoking toplevel() on ptolemy.moml.MoMLSimpleApplication@3b9b3d2f
----------------- Done invoking toplevel() on ptolemy.moml.MoMLSimpleApplication@3b9b3d2f
reloadAllAccessors: .Inspection

===========================================================================================
----------------- testing Fri Mar 13 07:12:20 UTC 2020 /home/travis/build/icyphy/ptII/ptolemy/domains/de/test/auto/Iteration.xml
----------------- Instantiating /home/travis/build/icyphy/ptII/ptolemy/domains/de/test/auto/Iteration.xml
9 ms. Memory: 51200K Free: 20074K (39%)
----------------- Invoking toplevel() on ptolemy.moml.MoMLSimpleApplication@1bc9e570
----------------- Done invoking toplevel() on ptolemy.moml.MoMLSimpleApplication@1bc9e570
reloadAllAccessors: .Iteration

===========================================================================================
----------------- testing Fri Mar 13 07:12:20 UTC 2020 /home/travis/build/icyphy/ptII/ptolemy/domains/de/test/auto/LineFault.xml
----------------- Instantiating /home/travis/build/icyphy/ptII/ptolemy/domains/de/test/auto/LineFault.xml
363 ms. Memory: 51200K Free: 11233K (22%)
----------------- Invoking toplevel() on ptolemy.moml.MoMLSimpleApplication@6b458a36
----------------- Done invoking toplevel() on ptolemy.moml.MoMLSimpleApplication@6b458a36
reloadAllAccessors: .LineFault

===========================================================================================
----------------- testing Fri Mar 13 07:12:20 UTC 2020 /home/travis/build/icyphy/ptII/ptolemy/domains/de/test/auto/MergeModel1Add.xml
----------------- Instantiating /home/travis/build/icyphy/ptII/ptolemy/domains/de/test/auto/MergeModel1Add.xml
5 ms. Memory: 51200K Free: 15523K (30%)
----------------- Invoking toplevel() on ptolemy.moml.MoMLSimpleApplication@44fa5bd5
----------------- Done invoking toplevel() on ptolemy.moml.MoMLSimpleApplication@44fa5bd5
reloadAllAccessors: .MergeModel1Add

===========================================================================================
----------------- testing Fri Mar 13 07:12:20 UTC 2020 /home/travis/build/icyphy/ptII/ptolemy/domains/de/test/auto/MergeModel2Add.xml
----------------- Instantiating /home/travis/build/icyphy/ptII/ptolemy/domains/de/test/auto/MergeModel2Add.xml
5 ms. Memory: 51200K Free: 22353K (44%)
----------------- Invoking toplevel() on ptolemy.moml.MoMLSimpleApplication@306df546
----------------- Done invoking toplevel() on ptolemy.moml.MoMLSimpleApplication@306df546
reloadAllAccessors: .MergeModel2Add

===========================================================================================
----------------- testing Fri Mar 13 07:12:20 UTC 2020 /home/travis/build/icyphy/ptII/ptolemy/domains/de/test/auto/MergeModel3Add.xml
----------------- Instantiating /home/travis/build/icyphy/ptII/ptolemy/domains/de/test/auto/MergeModel3Add.xml
5 ms. Memory: 51200K Free: 28072K (55%)
----------------- Invoking toplevel() on ptolemy.moml.MoMLSimpleApplication@64b03596
----------------- Done invoking toplevel() on ptolemy.moml.MoMLSimpleApplication@64b03596
reloadAllAccessors: .MergeModel3Add

===========================================================================================
----------------- testing Fri Mar 13 07:12:20 UTC 2020 /home/travis/build/icyphy/ptII/ptolemy/domains/de/test/auto/MergeWithoutDiscard.xml
----------------- Instantiating /home/travis/build/icyphy/ptII/ptolemy/domains/de/test/auto/MergeWithoutDiscard.xml
1 ms. Memory: 51200K Free: 23922K (47%)
----------------- Invoking toplevel() on ptolemy.moml.MoMLSimpleApplication@4e3d00b5
----------------- Done invoking toplevel() on ptolemy.moml.MoMLSimpleApplication@4e3d00b5
reloadAllAccessors: .MergeWithoutDiscard

===========================================================================================
----------------- testing Fri Mar 13 07:12:20 UTC 2020 /home/travis/build/icyphy/ptII/ptolemy/domains/de/test/auto/Modal1.xml
----------------- Instantiating /home/travis/build/icyphy/ptII/ptolemy/domains/de/test/auto/Modal1.xml
7 ms. Memory: 51200K Free: 11936K (23%)
----------------- Invoking toplevel() on ptolemy.moml.MoMLSimpleApplication@691941ae
----------------- Done invoking toplevel() on ptolemy.moml.MoMLSimpleApplication@691941ae
reloadAllAccessors: .Modal1

===========================================================================================
----------------- testing Fri Mar 13 07:12:20 UTC 2020 /home/travis/build/icyphy/ptII/ptolemy/domains/de/test/auto/Modal2.xml
----------------- Instantiating /home/travis/build/icyphy/ptII/ptolemy/domains/de/test/auto/Modal2.xml
10 ms. Memory: 51200K Free: 24721K (48%)
----------------- Invoking toplevel() on ptolemy.moml.MoMLSimpleApplication@7b57c8c7
----------------- Done invoking toplevel() on ptolemy.moml.MoMLSimpleApplication@7b57c8c7
reloadAllAccessors: .Modal2

===========================================================================================
----------------- testing Fri Mar 13 07:12:20 UTC 2020 /home/travis/build/icyphy/ptII/ptolemy/domains/de/test/auto/Modal3.xml
----------------- Instantiating /home/travis/build/icyphy/ptII/ptolemy/domains/de/test/auto/Modal3.xml
6 ms. Memory: 51200K Free: 12441K (24%)
----------------- Invoking toplevel() on ptolemy.moml.MoMLSimpleApplication@15a48ead
----------------- Done invoking toplevel() on ptolemy.moml.MoMLSimpleApplication@15a48ead
reloadAllAccessors: .Modal3

===========================================================================================
----------------- testing Fri Mar 13 07:12:20 UTC 2020 /home/travis/build/icyphy/ptII/ptolemy/domains/de/test/auto/Modal4.xml
----------------- Instantiating /home/travis/build/icyphy/ptII/ptolemy/domains/de/test/auto/Modal4.xml
10 ms. Memory: 51200K Free: 24251K (47%)
----------------- Invoking toplevel() on ptolemy.moml.MoMLSimpleApplication@190d73b7
----------------- Done invoking toplevel() on ptolemy.moml.MoMLSimpleApplication@190d73b7
reloadAllAccessors: .Modal4

===========================================================================================
----------------- testing Fri Mar 13 07:12:20 UTC 2020 /home/travis/build/icyphy/ptII/ptolemy/domains/de/test/auto/Modal5.xml
----------------- Instantiating /home/travis/build/icyphy/ptII/ptolemy/domains/de/test/auto/Modal5.xml
8 ms. Memory: 51200K Free: 11207K (22%)
----------------- Invoking toplevel() on ptolemy.moml.MoMLSimpleApplication@40d6a8f0
----------------- Done invoking toplevel() on ptolemy.moml.MoMLSimpleApplication@40d6a8f0
reloadAllAccessors: .Modal5

===========================================================================================
----------------- testing Fri Mar 13 07:12:20 UTC 2020 /home/travis/build/icyphy/ptII/ptolemy/domains/de/test/auto/Modal6.xml
----------------- Instantiating /home/travis/build/icyphy/ptII/ptolemy/domains/de/test/auto/Modal6.xml
9 ms. Memory: 51200K Free: 23509K (46%)
----------------- Invoking toplevel() on ptolemy.moml.MoMLSimpleApplication@6a05ab0a
----------------- Done invoking toplevel() on ptolemy.moml.MoMLSimpleApplication@6a05ab0a
reloadAllAccessors: .Modal6

===========================================================================================
----------------- testing Fri Mar 13 07:12:20 UTC 2020 /home/travis/build/icyphy/ptII/ptolemy/domains/de/test/auto/Modal7.xml
----------------- Instantiating /home/travis/build/icyphy/ptII/ptolemy/domains/de/test/auto/Modal7.xml
9 ms. Memory: 51200K Free: 34672K (68%)
----------------- Invoking toplevel() on ptolemy.moml.MoMLSimpleApplication@1b306368
----------------- Done invoking toplevel() on ptolemy.moml.MoMLSimpleApplication@1b306368
reloadAllAccessors: .Modal7

===========================================================================================
----------------- testing Fri Mar 13 07:12:20 UTC 2020 /home/travis/build/icyphy/ptII/ptolemy/domains/de/test/auto/ModalModel.xml
----------------- Instantiating /home/travis/build/icyphy/ptII/ptolemy/domains/de/test/auto/ModalModel.xml
123 ms. Memory: 61440K Free: 32740K (53%)
----------------- Invoking toplevel() on ptolemy.moml.MoMLSimpleApplication@98a402e
----------------- Done invoking toplevel() on ptolemy.moml.MoMLSimpleApplication@98a402e
reloadAllAccessors: .ModalModel

===========================================================================================
----------------- testing Fri Mar 13 07:12:21 UTC 2020 /home/travis/build/icyphy/ptII/ptolemy/domains/de/test/auto/ModalSource.xml
----------------- Instantiating /home/travis/build/icyphy/ptII/ptolemy/domains/de/test/auto/ModalSource.xml
4 ms. Memory: 61440K Free: 24281K (40%)
----------------- Invoking toplevel() on ptolemy.moml.MoMLSimpleApplication@75345cf8
----------------- Done invoking toplevel() on ptolemy.moml.MoMLSimpleApplication@75345cf8
reloadAllAccessors: .ModalSource

===========================================================================================
----------------- testing Fri Mar 13 07:12:21 UTC 2020 /home/travis/build/icyphy/ptII/ptolemy/domains/de/test/auto/NonInterruptibleTimerZeroDelay.xml
----------------- Instantiating /home/travis/build/icyphy/ptII/ptolemy/domains/de/test/auto/NonInterruptibleTimerZeroDelay.xml
1 ms. Memory: 61440K Free: 20546K (33%)
----------------- Invoking toplevel() on ptolemy.moml.MoMLSimpleApplication@16ad778b
----------------- Done invoking toplevel() on ptolemy.moml.MoMLSimpleApplication@16ad778b
reloadAllAccessors: .NonInterruptibleTimerZeroDelay

===========================================================================================
----------------- testing Fri Mar 13 07:12:21 UTC 2020 /home/travis/build/icyphy/ptII/ptolemy/domains/de/test/auto/OpenQueueingNetwork.xml
----------------- Instantiating /home/travis/build/icyphy/ptII/ptolemy/domains/de/test/auto/OpenQueueingNetwork.xml
2207 ms. Memory: 164864K Free: 94585K (57%)
----------------- Invoking toplevel() on ptolemy.moml.MoMLSimpleApplication@34966fa3
----------------- Done invoking toplevel() on ptolemy.moml.MoMLSimpleApplication@34966fa3
reloadAllAccessors: .OpenQueueingNetwork

===========================================================================================
----------------- testing Fri Mar 13 07:12:23 UTC 2020 /home/travis/build/icyphy/ptII/ptolemy/domains/de/test/auto/OpenQueuingNetwork.xml
----------------- Instantiating /home/travis/build/icyphy/ptII/ptolemy/domains/de/test/auto/OpenQueuingNetwork.xml
211 ms. Memory: 164864K Free: 107883K (65%)
----------------- Invoking toplevel() on ptolemy.moml.MoMLSimpleApplication@7a47eae6
----------------- Done invoking toplevel() on ptolemy.moml.MoMLSimpleApplication@7a47eae6
reloadAllAccessors: .OpenQueuingNetwork

===========================================================================================
----------------- testing Fri Mar 13 07:12:23 UTC 2020 /home/travis/build/icyphy/ptII/ptolemy/domains/de/test/auto/PeriodicSampler.xml
----------------- Instantiating /home/travis/build/icyphy/ptII/ptolemy/domains/de/test/auto/PeriodicSampler.xml
2 ms. Memory: 164864K Free: 103273K (63%)
----------------- Invoking toplevel() on ptolemy.moml.MoMLSimpleApplication@2adddb67
----------------- Done invoking toplevel() on ptolemy.moml.MoMLSimpleApplication@2adddb67
reloadAllAccessors: .PeriodicSampler

===========================================================================================
----------------- testing Fri Mar 13 07:12:23 UTC 2020 /home/travis/build/icyphy/ptII/ptolemy/domains/de/test/auto/PersistentIO.xml
----------------- Instantiating /home/travis/build/icyphy/ptII/ptolemy/domains/de/test/auto/PersistentIO.xml
10 ms. Memory: 164864K Free: 93547K (57%)
----------------- Invoking toplevel() on ptolemy.moml.MoMLSimpleApplication@1e04155
----------------- Done invoking toplevel() on ptolemy.moml.MoMLSimpleApplication@1e04155
reloadAllAccessors: .PersistentIO

===========================================================================================
----------------- testing Fri Mar 13 07:12:23 UTC 2020 /home/travis/build/icyphy/ptII/ptolemy/domains/de/test/auto/PortParameterResetOnInitialize.xml
----------------- Instantiating /home/travis/build/icyphy/ptII/ptolemy/domains/de/test/auto/PortParameterResetOnInitialize.xml
2 ms. Memory: 164864K Free: 88931K (54%)
----------------- Invoking toplevel() on ptolemy.moml.MoMLSimpleApplication@7c2b8128
----------------- Done invoking toplevel() on ptolemy.moml.MoMLSimpleApplication@7c2b8128
reloadAllAccessors: .PortParameterResetOnInitialize

===========================================================================================
----------------- testing Fri Mar 13 07:12:23 UTC 2020 /home/travis/build/icyphy/ptII/ptolemy/domains/de/test/auto/PortParameterUpdates.xml
----------------- Instantiating /home/travis/build/icyphy/ptII/ptolemy/domains/de/test/auto/PortParameterUpdates.xml
3 ms. Memory: 164864K Free: 82283K (50%)
----------------- Invoking toplevel() on ptolemy.moml.MoMLSimpleApplication@46c248fd
----------------- Done invoking toplevel() on ptolemy.moml.MoMLSimpleApplication@46c248fd
reloadAllAccessors: .PortParameterUpdates

===========================================================================================
----------------- testing Fri Mar 13 07:12:23 UTC 2020 /home/travis/build/icyphy/ptII/ptolemy/domains/de/test/auto/QueueAndServer.xml
----------------- Instantiating /home/travis/build/icyphy/ptII/ptolemy/domains/de/test/auto/QueueAndServer.xml
4 ms. Memory: 164864K Free: 74601K (45%)
----------------- Invoking toplevel() on ptolemy.moml.MoMLSimpleApplication@1fa55fa2
----------------- Done invoking toplevel() on ptolemy.moml.MoMLSimpleApplication@1fa55fa2
reloadAllAccessors: .QueueAndServer

===========================================================================================
----------------- testing Fri Mar 13 07:12:23 UTC 2020 /home/travis/build/icyphy/ptII/ptolemy/domains/de/test/auto/Records.xml
----------------- Instantiating /home/travis/build/icyphy/ptII/ptolemy/domains/de/test/auto/Records.xml
7 ms. Memory: 164864K Free: 68971K (42%)
----------------- Invoking toplevel() on ptolemy.moml.MoMLSimpleApplication@791e5be9
----------------- Done invoking toplevel() on ptolemy.moml.MoMLSimpleApplication@791e5be9
reloadAllAccessors: .Records

===========================================================================================
----------------- testing Fri Mar 13 07:12:23 UTC 2020 /home/travis/build/icyphy/ptII/ptolemy/domains/de/test/auto/ResetTransitionWithStartTime1.xml
----------------- Instantiating /home/travis/build/icyphy/ptII/ptolemy/domains/de/test/auto/ResetTransitionWithStartTime1.xml
4 ms. Memory: 164864K Free: 60779K (37%)
----------------- Invoking toplevel() on ptolemy.moml.MoMLSimpleApplication@b2a293d
----------------- Done invoking toplevel() on ptolemy.moml.MoMLSimpleApplication@b2a293d
reloadAllAccessors: .ResetTransitionWithStartTime1

===========================================================================================
----------------- testing Fri Mar 13 07:12:23 UTC 2020 /home/travis/build/icyphy/ptII/ptolemy/domains/de/test/auto/ResetTransitionWithStartTime2.xml
----------------- Instantiating /home/travis/build/icyphy/ptII/ptolemy/domains/de/test/auto/ResetTransitionWithStartTime2.xml
4 ms. Memory: 164864K Free: 146167K (89%)
----------------- Invoking toplevel() on ptolemy.moml.MoMLSimpleApplication@ba5564d
----------------- Done invoking toplevel() on ptolemy.moml.MoMLSimpleApplication@ba5564d
reloadAllAccessors: .ResetTransitionWithStartTime2

===========================================================================================
----------------- testing Fri Mar 13 07:12:23 UTC 2020 /home/travis/build/icyphy/ptII/ptolemy/domains/de/test/auto/ResetTransitionWithStartTime3.xml
----------------- Instantiating /home/travis/build/icyphy/ptII/ptolemy/domains/de/test/auto/ResetTransitionWithStartTime3.xml
5 ms. Memory: 164864K Free: 137975K (84%)
----------------- Invoking toplevel() on ptolemy.moml.MoMLSimpleApplication@59cd38bc
----------------- Done invoking toplevel() on ptolemy.moml.MoMLSimpleApplication@59cd38bc
reloadAllAccessors: .ResetTransitionWithStartTime3

===========================================================================================
----------------- testing Fri Mar 13 07:12:23 UTC 2020 /home/travis/build/icyphy/ptII/ptolemy/domains/de/test/auto/ResetTransitionWithStartTime4.xml
----------------- Instantiating /home/travis/build/icyphy/ptII/ptolemy/domains/de/test/auto/ResetTransitionWithStartTime4.xml
4 ms. Memory: 164864K Free: 130287K (79%)
----------------- Invoking toplevel() on ptolemy.moml.MoMLSimpleApplication@46efc1b6
----------------- Done invoking toplevel() on ptolemy.moml.MoMLSimpleApplication@46efc1b6
reloadAllAccessors: .ResetTransitionWithStartTime4

===========================================================================================
----------------- testing Fri Mar 13 07:12:23 UTC 2020 /home/travis/build/icyphy/ptII/ptolemy/domains/de/test/auto/ResettableTimer1.xml
----------------- Instantiating /home/travis/build/icyphy/ptII/ptolemy/domains/de/test/auto/ResettableTimer1.xml
2 ms. Memory: 164864K Free: 126167K (77%)
----------------- Invoking toplevel() on ptolemy.moml.MoMLSimpleApplication@ad1acc9
----------------- Done invoking toplevel() on ptolemy.moml.MoMLSimpleApplication@ad1acc9
reloadAllAccessors: .ResettableTimer1

===========================================================================================
----------------- testing Fri Mar 13 07:12:23 UTC 2020 /home/travis/build/icyphy/ptII/ptolemy/domains/de/test/auto/ResettableTimer2.xml
----------------- Instantiating /home/travis/build/icyphy/ptII/ptolemy/domains/de/test/auto/ResettableTimer2.xml
2 ms. Memory: 164864K Free: 122071K (74%)
----------------- Invoking toplevel() on ptolemy.moml.MoMLSimpleApplication@670f513
----------------- Done invoking toplevel() on ptolemy.moml.MoMLSimpleApplication@670f513
reloadAllAccessors: .ResettableTimer2

===========================================================================================
----------------- testing Fri Mar 13 07:12:23 UTC 2020 /home/travis/build/icyphy/ptII/ptolemy/domains/de/test/auto/ResettableTimer3.xml
----------------- Instantiating /home/travis/build/icyphy/ptII/ptolemy/domains/de/test/auto/ResettableTimer3.xml
1 ms. Memory: 164864K Free: 118005K (72%)
----------------- Invoking toplevel() on ptolemy.moml.MoMLSimpleApplication@4db40379
----------------- Done invoking toplevel() on ptolemy.moml.MoMLSimpleApplication@4db40379
reloadAllAccessors: .ResettableTimer3

===========================================================================================
----------------- testing Fri Mar 13 07:12:23 UTC 2020 /home/travis/build/icyphy/ptII/ptolemy/domains/de/test/auto/ResettableTimer4.xml
----------------- Instantiating /home/travis/build/icyphy/ptII/ptolemy/domains/de/test/auto/ResettableTimer4.xml
1 ms. Memory: 164864K Free: 113909K (69%)
----------------- Invoking toplevel() on ptolemy.moml.MoMLSimpleApplication@2fee1bf7
----------------- Done invoking toplevel() on ptolemy.moml.MoMLSimpleApplication@2fee1bf7
reloadAllAccessors: .ResettableTimer4

===========================================================================================
----------------- testing Fri Mar 13 07:12:23 UTC 2020 /home/travis/build/icyphy/ptII/ptolemy/domains/de/test/auto/ResettableTimer5.xml
----------------- Instantiating /home/travis/build/icyphy/ptII/ptolemy/domains/de/test/auto/ResettableTimer5.xml
1 ms. Memory: 164864K Free: 109813K (67%)
----------------- Invoking toplevel() on ptolemy.moml.MoMLSimpleApplication@4ab99cc
----------------- Done invoking toplevel() on ptolemy.moml.MoMLSimpleApplication@4ab99cc
reloadAllAccessors: .ResettableTimer5

===========================================================================================
----------------- testing Fri Mar 13 07:12:23 UTC 2020 /home/travis/build/icyphy/ptII/ptolemy/domains/de/test/auto/ResettableTimer6.xml
----------------- Instantiating /home/travis/build/icyphy/ptII/ptolemy/domains/de/test/auto/ResettableTimer6.xml
6 ms. Memory: 164864K Free: 105205K (64%)
----------------- Invoking toplevel() on ptolemy.moml.MoMLSimpleApplication@60e76654
----------------- Done invoking toplevel() on ptolemy.moml.MoMLSimpleApplication@60e76654
reloadAllAccessors: .ResettableTimer6

===========================================================================================
----------------- testing Fri Mar 13 07:12:23 UTC 2020 /home/travis/build/icyphy/ptII/ptolemy/domains/de/test/auto/ServerZeroDelay.xml
----------------- Instantiating /home/travis/build/icyphy/ptII/ptolemy/domains/de/test/auto/ServerZeroDelay.xml
2 ms. Memory: 164864K Free: 101111K (61%)
----------------- Invoking toplevel() on ptolemy.moml.MoMLSimpleApplication@1cf071ce
----------------- Done invoking toplevel() on ptolemy.moml.MoMLSimpleApplication@1cf071ce
reloadAllAccessors: .ServerZeroDelay

===========================================================================================
----------------- testing Fri Mar 13 07:12:23 UTC 2020 /home/travis/build/icyphy/ptII/ptolemy/domains/de/test/auto/SmartSender.xml
----------------- Instantiating /home/travis/build/icyphy/ptII/ptolemy/domains/de/test/auto/SmartSender.xml
3000 ms. Memory: 164864K Free: 97015K (59%)
----------------- Invoking toplevel() on ptolemy.moml.MoMLSimpleApplication@5ad8ce96
----------------- Done invoking toplevel() on ptolemy.moml.MoMLSimpleApplication@5ad8ce96
reloadAllAccessors: .SmartSender

===========================================================================================
----------------- testing Fri Mar 13 07:12:26 UTC 2020 /home/travis/build/icyphy/ptII/ptolemy/domains/de/test/auto/ThreadedComposite.xml
----------------- Instantiating /home/travis/build/icyphy/ptII/ptolemy/domains/de/test/auto/ThreadedComposite.xml
82 ms. Memory: 164864K Free: 77559K (47%)
----------------- Invoking toplevel() on ptolemy.moml.MoMLSimpleApplication@2d535fef
----------------- Done invoking toplevel() on ptolemy.moml.MoMLSimpleApplication@2d535fef
reloadAllAccessors: .ThreadedComposite

===========================================================================================
----------------- testing Fri Mar 13 07:12:27 UTC 2020 /home/travis/build/icyphy/ptII/ptolemy/domains/de/test/auto/Time.xml
----------------- Instantiating /home/travis/build/icyphy/ptII/ptolemy/domains/de/test/auto/Time.xml
353 ms. Memory: 164864K Free: 123370K (75%)
----------------- Invoking toplevel() on ptolemy.moml.MoMLSimpleApplication@f8362e5
----------------- Done invoking toplevel() on ptolemy.moml.MoMLSimpleApplication@f8362e5
reloadAllAccessors: .Time

===========================================================================================
----------------- testing Fri Mar 13 07:12:27 UTC 2020 /home/travis/build/icyphy/ptII/ptolemy/domains/de/test/auto/TimeDelayZeroDelay.xml
----------------- Instantiating /home/travis/build/icyphy/ptII/ptolemy/domains/de/test/auto/TimeDelayZeroDelay.xml
2 ms. Memory: 164864K Free: 119203K (72%)
----------------- Invoking toplevel() on ptolemy.moml.MoMLSimpleApplication@6f3cbbd0
----------------- Done invoking toplevel() on ptolemy.moml.MoMLSimpleApplication@6f3cbbd0
reloadAllAccessors: .TimeDelayZeroDelay

===========================================================================================
----------------- testing Fri Mar 13 07:12:27 UTC 2020 /home/travis/build/icyphy/ptII/ptolemy/domains/de/test/auto/TimerZeroDelay.xml
----------------- Instantiating /home/travis/build/icyphy/ptII/ptolemy/domains/de/test/auto/TimerZeroDelay.xml
2 ms. Memory: 164864K Free: 115123K (70%)
----------------- Invoking toplevel() on ptolemy.moml.MoMLSimpleApplication@4e6df0d1
----------------- Done invoking toplevel() on ptolemy.moml.MoMLSimpleApplication@4e6df0d1
reloadAllAccessors: .TimerZeroDelay

===========================================================================================
----------------- testing Fri Mar 13 07:12:27 UTC 2020 /home/travis/build/icyphy/ptII/ptolemy/domains/de/test/auto/TimingParadox.xml
----------------- Instantiating /home/travis/build/icyphy/ptII/ptolemy/domains/de/test/auto/TimingParadox.xml
247 ms. Memory: 164864K Free: 144861K (88%)
----------------- Invoking toplevel() on ptolemy.moml.MoMLSimpleApplication@205f35a6
----------------- Done invoking toplevel() on ptolemy.moml.MoMLSimpleApplication@205f35a6
reloadAllAccessors: .TimingParadox

===========================================================================================
----------------- testing Fri Mar 13 07:12:27 UTC 2020 /home/travis/build/icyphy/ptII/ptolemy/domains/de/test/auto/TransferInputs.xml
----------------- Instantiating /home/travis/build/icyphy/ptII/ptolemy/domains/de/test/auto/TransferInputs.xml
2 ms. Memory: 164864K Free: 139741K (85%)
----------------- Invoking toplevel() on ptolemy.moml.MoMLSimpleApplication@47e6c171
----------------- Done invoking toplevel() on ptolemy.moml.MoMLSimpleApplication@47e6c171
reloadAllAccessors: .TransferInputs

===========================================================================================
----------------- testing Fri Mar 13 07:12:27 UTC 2020 /home/travis/build/icyphy/ptII/ptolemy/domains/de/test/auto/TransferOutputs2.xml
----------------- Instantiating /home/travis/build/icyphy/ptII/ptolemy/domains/de/test/auto/TransferOutputs2.xml
3 ms. Memory: 164864K Free: 131549K (80%)
----------------- Invoking toplevel() on ptolemy.moml.MoMLSimpleApplication@2ff953c3
----------------- Done invoking toplevel() on ptolemy.moml.MoMLSimpleApplication@2ff953c3
reloadAllAccessors: .TransferOutputs2

===========================================================================================
----------------- testing Fri Mar 13 07:12:27 UTC 2020 /home/travis/build/icyphy/ptII/ptolemy/domains/de/test/auto/Trilateration.xml
----------------- Instantiating /home/travis/build/icyphy/ptII/ptolemy/domains/de/test/auto/Trilateration.xml
9748 ms. Memory: 464896K Free: 394180K (85%)
----------------- Invoking toplevel() on ptolemy.moml.MoMLSimpleApplication@28822747
----------------- Done invoking toplevel() on ptolemy.moml.MoMLSimpleApplication@28822747
reloadAllAccessors: .Trilateration

===========================================================================================
----------------- testing Fri Mar 13 07:12:38 UTC 2020 /home/travis/build/icyphy/ptII/ptolemy/domains/de/test/auto/TwoSigmaDelta.xml
----------------- Instantiating /home/travis/build/icyphy/ptII/ptolemy/domains/de/test/auto/TwoSigmaDelta.xml
1693 ms. Memory: 464896K Free: 193986K (42%)
----------------- Invoking toplevel() on ptolemy.moml.MoMLSimpleApplication@6897663d
----------------- Done invoking toplevel() on ptolemy.moml.MoMLSimpleApplication@6897663d
reloadAllAccessors: .TwoSigmaDelta

===========================================================================================
----------------- testing Fri Mar 13 07:12:39 UTC 2020 /home/travis/build/icyphy/ptII/ptolemy/domains/de/test/auto/VariableDelay.xml
----------------- Instantiating /home/travis/build/icyphy/ptII/ptolemy/domains/de/test/auto/VariableDelay.xml
2 ms. Memory: 464896K Free: 189380K (41%)
----------------- Invoking toplevel() on ptolemy.moml.MoMLSimpleApplication@316d1357
----------------- Done invoking toplevel() on ptolemy.moml.MoMLSimpleApplication@316d1357
reloadAllAccessors: .VariableDelay

===========================================================================================
----------------- testing Fri Mar 13 07:12:40 UTC 2020 /home/travis/build/icyphy/ptII/ptolemy/domains/de/test/auto/VariableDelay2.xml
----------------- Instantiating /home/travis/build/icyphy/ptII/ptolemy/domains/de/test/auto/VariableDelay2.xml
1 ms. Memory: 464896K Free: 184740K (40%)
----------------- Invoking toplevel() on ptolemy.moml.MoMLSimpleApplication@6250d396
----------------- Done invoking toplevel() on ptolemy.moml.MoMLSimpleApplication@6250d396
reloadAllAccessors: .VariableDelay2

===========================================================================================
----------------- testing Fri Mar 13 07:12:40 UTC 2020 /home/travis/build/icyphy/ptII/ptolemy/domains/de/test/auto/VariableDelayZeroDelay.xml
----------------- Instantiating /home/travis/build/icyphy/ptII/ptolemy/domains/de/test/auto/VariableDelayZeroDelay.xml
5 ms. Memory: 464896K Free: 180674K (39%)
----------------- Invoking toplevel() on ptolemy.moml.MoMLSimpleApplication@3b3c79ca
----------------- Done invoking toplevel() on ptolemy.moml.MoMLSimpleApplication@3b3c79ca
reloadAllAccessors: .VariableDelayZeroDelay

===========================================================================================
----------------- testing Fri Mar 13 07:12:40 UTC 2020 /home/travis/build/icyphy/ptII/ptolemy/domains/de/test/auto/VariableDelayZeroDelay2.xml
----------------- Instantiating /home/travis/build/icyphy/ptII/ptolemy/domains/de/test/auto/VariableDelayZeroDelay2.xml
1 ms. Memory: 464896K Free: 176068K (38%)
----------------- Invoking toplevel() on ptolemy.moml.MoMLSimpleApplication@34193c0c
----------------- Done invoking toplevel() on ptolemy.moml.MoMLSimpleApplication@34193c0c
reloadAllAccessors: .VariableDelayZeroDelay2

===========================================================================================
----------------- testing Fri Mar 13 07:12:40 UTC 2020 /home/travis/build/icyphy/ptII/ptolemy/domains/de/test/auto/deInCt.xml
----------------- Instantiating /home/travis/build/icyphy/ptII/ptolemy/domains/de/test/auto/deInCt.xml
0
1
1
1
0
0
0
1
1
1
1
0
0
0
0
1
1
1
0
0
0
1
1
1
1
0
0
0
0
0
0
6 ms. Memory: 464896K Free: 170948K (37%)
----------------- Invoking toplevel() on ptolemy.moml.MoMLSimpleApplication@5ad2b50b
----------------- Done invoking toplevel() on ptolemy.moml.MoMLSimpleApplication@5ad2b50b
reloadAllAccessors: .deInCt

===========================================================================================
----------------- testing Fri Mar 13 07:12:40 UTC 2020 /home/travis/build/icyphy/ptII/ptolemy/domains/de/test/auto/deInCt2.xml
----------------- Instantiating /home/travis/build/icyphy/ptII/ptolemy/domains/de/test/auto/deInCt2.xml
0
1
1
1
0
0
1
1
1
0
0
1
1
1
0
0
1
1
1
0
0
1
1
1
0
0
1
1
1
0
0
1
1
1
0
0
1
1
1
0
0
0
10 ms. Memory: 464896K Free: 165828K (36%)
----------------- Invoking toplevel() on ptolemy.moml.MoMLSimpleApplication@624400d7
----------------- Done invoking toplevel() on ptolemy.moml.MoMLSimpleApplication@624400d7
reloadAllAccessors: .deInCt2

===========================================================================================
----------------- testing Fri Mar 13 07:12:40 UTC 2020 /home/travis/build/icyphy/ptII/ptolemy/domains/de/test/auto/dynamicCausalityInterface1.xml
----------------- Instantiating /home/travis/build/icyphy/ptII/ptolemy/domains/de/test/auto/dynamicCausalityInterface1.xml
1 ms. Memory: 464896K Free: 432135K (93%)
----------------- Invoking toplevel() on ptolemy.moml.MoMLSimpleApplication@5bdce843
----------------- Done invoking toplevel() on ptolemy.moml.MoMLSimpleApplication@5bdce843
reloadAllAccessors: .dynamicCausalityInterface1

===========================================================================================
----------------- testing Fri Mar 13 07:12:40 UTC 2020 /home/travis/build/icyphy/ptII/ptolemy/domains/de/test/auto/fsm_de_test.xml
----------------- Instantiating /home/travis/build/icyphy/ptII/ptolemy/domains/de/test/auto/fsm_de_test.xml
5 ms. Memory: 464896K Free: 422717K (91%)
----------------- Invoking toplevel() on ptolemy.moml.MoMLSimpleApplication@21dccf90
----------------- Done invoking toplevel() on ptolemy.moml.MoMLSimpleApplication@21dccf90
reloadAllAccessors: .fsm_de_test

===========================================================================================
----------------- testing Fri Mar 13 07:12:40 UTC 2020 /home/travis/build/icyphy/ptII/ptolemy/domains/de/test/auto/functionDependencyReconstruction.xml
----------------- Instantiating /home/travis/build/icyphy/ptII/ptolemy/domains/de/test/auto/functionDependencyReconstruction.xml
2 ms. Memory: 464896K Free: 407861K (88%)
----------------- Invoking toplevel() on ptolemy.moml.MoMLSimpleApplication@67b251a5
----------------- Done invoking toplevel() on ptolemy.moml.MoMLSimpleApplication@67b251a5
reloadAllAccessors: .functionDependencyReconstruction

===========================================================================================
----------------- testing Fri Mar 13 07:12:40 UTC 2020 /home/travis/build/icyphy/ptII/ptolemy/domains/de/test/auto/multirate.xml
----------------- Instantiating /home/travis/build/icyphy/ptII/ptolemy/domains/de/test/auto/multirate.xml
2 ms. Memory: 464896K Free: 401213K (86%)
----------------- Invoking toplevel() on ptolemy.moml.MoMLSimpleApplication@2639bcd3
----------------- Done invoking toplevel() on ptolemy.moml.MoMLSimpleApplication@2639bcd3
reloadAllAccessors: .multirate

===========================================================================================
----------------- testing Fri Mar 13 07:12:40 UTC 2020 /home/travis/build/icyphy/ptII/ptolemy/domains/de/test/auto/multirate2.xml
----------------- Instantiating /home/travis/build/icyphy/ptII/ptolemy/domains/de/test/auto/multirate2.xml
2 ms. Memory: 464896K Free: 394541K (85%)
----------------- Invoking toplevel() on ptolemy.moml.MoMLSimpleApplication@753d0a40
----------------- Done invoking toplevel() on ptolemy.moml.MoMLSimpleApplication@753d0a40
reloadAllAccessors: .multirate2

===========================================================================================
----------------- testing Fri Mar 13 07:12:40 UTC 2020 /home/travis/build/icyphy/ptII/ptolemy/domains/de/test/auto/realtime.xml
----------------- Instantiating /home/travis/build/icyphy/ptII/ptolemy/domains/de/test/auto/realtime.xml
10001 ms. Memory: 464896K Free: 389949K (84%)
----------------- Invoking toplevel() on ptolemy.moml.MoMLSimpleApplication@1dac45ee
----------------- Done invoking toplevel() on ptolemy.moml.MoMLSimpleApplication@1dac45ee
reloadAllAccessors: .realtime

===========================================================================================
----------------- testing Fri Mar 13 07:12:50 UTC 2020 /home/travis/build/icyphy/ptII/ptolemy/domains/de/test/auto/relationGroup.xml
----------------- Instantiating /home/travis/build/icyphy/ptII/ptolemy/domains/de/test/auto/relationGroup.xml
1 ms. Memory: 464896K Free: 386363K (83%)
----------------- Invoking toplevel() on ptolemy.moml.MoMLSimpleApplication@7cb75f93
----------------- Done invoking toplevel() on ptolemy.moml.MoMLSimpleApplication@7cb75f93
reloadAllAccessors: .relationGroup

===========================================================================================
----------------- testing Fri Mar 13 07:12:50 UTC 2020 /home/travis/build/icyphy/ptII/ptolemy/domains/de/test/auto/relationGroup2.xml
----------------- Instantiating /home/travis/build/icyphy/ptII/ptolemy/domains/de/test/auto/relationGroup2.xml
1 ms. Memory: 464896K Free: 382781K (82%)
----------------- Invoking toplevel() on ptolemy.moml.MoMLSimpleApplication@782d99e3
----------------- Done invoking toplevel() on ptolemy.moml.MoMLSimpleApplication@782d99e3
reloadAllAccessors: .relationGroup2

===========================================================================================
----------------- testing Fri Mar 13 07:12:50 UTC 2020 /home/travis/build/icyphy/ptII/ptolemy/domains/de/test/auto/sortWithOpaquePorts.xml
----------------- Instantiating /home/travis/build/icyphy/ptII/ptolemy/domains/de/test/auto/sortWithOpaquePorts.xml
2 ms. Memory: 464896K Free: 378141K (81%)
----------------- Invoking toplevel() on ptolemy.moml.MoMLSimpleApplication@1c8fdbcc
----------------- Done invoking toplevel() on ptolemy.moml.MoMLSimpleApplication@1c8fdbcc
reloadAllAccessors: .sortWithOpaquePorts

===========================================================================================
----------------- testing Fri Mar 13 07:12:50 UTC 2020 /home/travis/build/icyphy/ptII/ptolemy/domains/de/test/auto/transferInputsandOutputs.xml
----------------- Instantiating /home/travis/build/icyphy/ptII/ptolemy/domains/de/test/auto/transferInputsandOutputs.xml
2 ms. Memory: 464896K Free: 371003K (80%)
----------------- Invoking toplevel() on ptolemy.moml.MoMLSimpleApplication@2bdb659e
----------------- Done invoking toplevel() on ptolemy.moml.MoMLSimpleApplication@2bdb659e
reloadAllAccessors: .transferInputsandOutputs

===========================================================================================
----------------- testing Fri Mar 13 07:12:50 UTC 2020 /home/travis/build/icyphy/ptII/ptolemy/domains/de/test/auto/triggerType.xml
----------------- Instantiating /home/travis/build/icyphy/ptII/ptolemy/domains/de/test/auto/triggerType.xml
2 ms. Memory: 464896K Free: 366877K (79%)
----------------- Invoking toplevel() on ptolemy.moml.MoMLSimpleApplication@6a025258
----------------- Done invoking toplevel() on ptolemy.moml.MoMLSimpleApplication@6a025258
reloadAllAccessors: .triggerType
AutoTests.java: About to close Vertx.
AutoTests.java: Vertx closed.
]]></system-out>
  <system-err><![CDATA[java.lang.RuntimeException: Execution failed
	at ptolemy.moml.MoMLSimpleApplication$UnloadThread.run(MoMLSimpleApplication.java:402)
Caused by: ptolemy.kernel.util.IllegalActionException: Found a zero delay loop containing .dependencyLoop.original
  in .dependencyLoop and .dependencyLoop.original
	at ptolemy.actor.util.CausalityInterfaceForComposites._computeOutputPortDepth(CausalityInterfaceForComposites.java:759)
	at ptolemy.actor.util.CausalityInterfaceForComposites._computeInputDepth(CausalityInterfaceForComposites.java:696)
	at ptolemy.actor.util.CausalityInterfaceForComposites._computeOutputPortDepth(CausalityInterfaceForComposites.java:765)
	at ptolemy.actor.util.CausalityInterfaceForComposites._computeInputDepth(CausalityInterfaceForComposites.java:696)
	at ptolemy.actor.util.CausalityInterfaceForComposites._computeOutputPortDepth(CausalityInterfaceForComposites.java:765)
	at ptolemy.actor.util.CausalityInterfaceForComposites._computeInputDepth(CausalityInterfaceForComposites.java:696)
	at ptolemy.actor.util.CausalityInterfaceForComposites._computeActorDepth(CausalityInterfaceForComposites.java:532)
	at ptolemy.actor.util.CausalityInterfaceForComposites.checkForCycles(CausalityInterfaceForComposites.java:96)
	at ptolemy.domains.de.kernel.DEDirector.preinitialize(DEDirector.java:1338)
	at ptolemy.actor.CompositeActor.preinitialize(CompositeActor.java:1828)
	at ptolemy.actor.Manager.preinitializeAndResolveTypes(Manager.java:1040)
	at ptolemy.actor.Manager.initialize(Manager.java:710)
	at ptolemy.actor.Manager.execute(Manager.java:356)
	at ptolemy.actor.Manager.run(Manager.java:1263)
	at ptolemy.actor.Manager$PtolemyRunThread.run(Manager.java:1933)
java.lang.RuntimeException: Execution failed
	at ptolemy.moml.MoMLSimpleApplication$UnloadThread.run(MoMLSimpleApplication.java:402)
Caused by: ptolemy.kernel.util.IllegalActionException: Found a zero delay loop containing .dependencyLoop2.original
  in .dependencyLoop2 and .dependencyLoop2.original
	at ptolemy.actor.util.CausalityInterfaceForComposites._computeOutputPortDepth(CausalityInterfaceForComposites.java:759)
	at ptolemy.actor.util.CausalityInterfaceForComposites._computeInputDepth(CausalityInterfaceForComposites.java:696)
	at ptolemy.actor.util.CausalityInterfaceForComposites._computeOutputPortDepth(CausalityInterfaceForComposites.java:765)
	at ptolemy.actor.util.CausalityInterfaceForComposites._computeInputDepth(CausalityInterfaceForComposites.java:696)
	at ptolemy.actor.util.CausalityInterfaceForComposites._computeOutputPortDepth(CausalityInterfaceForComposites.java:765)
	at ptolemy.actor.util.CausalityInterfaceForComposites._computeInputDepth(CausalityInterfaceForComposites.java:696)
	at ptolemy.actor.util.CausalityInterfaceForComposites._computeActorDepth(CausalityInterfaceForComposites.java:532)
	at ptolemy.actor.util.CausalityInterfaceForComposites.checkForCycles(CausalityInterfaceForComposites.java:96)
	at ptolemy.domains.de.kernel.DEDirector.preinitialize(DEDirector.java:1338)
	at ptolemy.actor.CompositeActor.preinitialize(CompositeActor.java:1828)
	at ptolemy.actor.Manager.preinitializeAndResolveTypes(Manager.java:1040)
	at ptolemy.actor.Manager.initialize(Manager.java:710)
	at ptolemy.actor.Manager.execute(Manager.java:356)
	at ptolemy.actor.Manager.run(Manager.java:1263)
	at ptolemy.actor.Manager$PtolemyRunThread.run(Manager.java:1933)
java.lang.RuntimeException: Execution failed
	at ptolemy.moml.MoMLSimpleApplication$UnloadThread.run(MoMLSimpleApplication.java:402)
Caused by: ptolemy.kernel.util.IllegalActionException: Test fails in iteration 1.
Value was: 1.0. Should have been: 2.0
  in .DirectFeedback.Test
	at ptolemy.actor.lib.Test.fire(Test.java:268)
	at ptolemy.domains.de.kernel.DEDirector._fire(DEDirector.java:1949)
	at ptolemy.domains.de.kernel.DEDirector.fire(DEDirector.java:502)
	at ptolemy.actor.CompositeActor.fire(CompositeActor.java:455)
	at ptolemy.actor.Manager.iterate(Manager.java:851)
	at ptolemy.actor.Manager.execute(Manager.java:369)
	at ptolemy.actor.Manager.run(Manager.java:1263)
	at ptolemy.actor.Manager$PtolemyRunThread.run(Manager.java:1933)
java.lang.RuntimeException: Execution failed
	at ptolemy.moml.MoMLSimpleApplication$UnloadThread.run(MoMLSimpleApplication.java:402)
Caused by: ptolemy.kernel.util.IllegalActionException: Found a zero delay loop containing .dependencyLoop.original
  in .dependencyLoop and .dependencyLoop.original
	at ptolemy.actor.util.CausalityInterfaceForComposites._computeOutputPortDepth(CausalityInterfaceForComposites.java:759)
	at ptolemy.actor.util.CausalityInterfaceForComposites._computeInputDepth(CausalityInterfaceForComposites.java:696)
	at ptolemy.actor.util.CausalityInterfaceForComposites._computeOutputPortDepth(CausalityInterfaceForComposites.java:765)
	at ptolemy.actor.util.CausalityInterfaceForComposites._computeInputDepth(CausalityInterfaceForComposites.java:696)
	at ptolemy.actor.util.CausalityInterfaceForComposites._computeOutputPortDepth(CausalityInterfaceForComposites.java:765)
	at ptolemy.actor.util.CausalityInterfaceForComposites._computeInputDepth(CausalityInterfaceForComposites.java:696)
	at ptolemy.actor.util.CausalityInterfaceForComposites._computeActorDepth(CausalityInterfaceForComposites.java:532)
	at ptolemy.actor.util.CausalityInterfaceForComposites.checkForCycles(CausalityInterfaceForComposites.java:96)
	at ptolemy.domains.de.kernel.DEDirector.preinitialize(DEDirector.java:1338)
	at ptolemy.actor.CompositeActor.preinitialize(CompositeActor.java:1828)
	at ptolemy.actor.Manager.preinitializeAndResolveTypes(Manager.java:1040)
	at ptolemy.actor.Manager.initialize(Manager.java:710)
	at ptolemy.actor.Manager.execute(Manager.java:356)
	at ptolemy.actor.Manager.run(Manager.java:1263)
	at ptolemy.actor.Manager$PtolemyRunThread.run(Manager.java:1933)
java.lang.RuntimeException: Execution failed
	at ptolemy.moml.MoMLSimpleApplication$UnloadThread.run(MoMLSimpleApplication.java:402)
Caused by: ptolemy.kernel.util.IllegalActionException: Found a zero delay loop containing .HierarchicalModel.A
  in .HierarchicalModel and .HierarchicalModel.A
	at ptolemy.actor.util.CausalityInterfaceForComposites._computeOutputPortDepth(CausalityInterfaceForComposites.java:759)
	at ptolemy.actor.util.CausalityInterfaceForComposites._computeInputDepth(CausalityInterfaceForComposites.java:696)
	at ptolemy.actor.util.CausalityInterfaceForComposites._computeOutputPortDepth(CausalityInterfaceForComposites.java:765)
	at ptolemy.actor.util.CausalityInterfaceForComposites._computeInputDepth(CausalityInterfaceForComposites.java:696)
	at ptolemy.actor.util.CausalityInterfaceForComposites._computeOutputPortDepth(CausalityInterfaceForComposites.java:765)
	at ptolemy.actor.util.CausalityInterfaceForComposites._computeInputDepth(CausalityInterfaceForComposites.java:696)
	at ptolemy.actor.util.CausalityInterfaceForComposites._computeActorDepth(CausalityInterfaceForComposites.java:532)
	at ptolemy.actor.util.CausalityInterfaceForComposites.checkForCycles(CausalityInterfaceForComposites.java:96)
	at ptolemy.domains.de.kernel.DEDirector.preinitialize(DEDirector.java:1338)
	at ptolemy.actor.CompositeActor.preinitialize(CompositeActor.java:1828)
	at ptolemy.actor.Manager.preinitializeAndResolveTypes(Manager.java:1040)
	at ptolemy.actor.Manager.initialize(Manager.java:710)
	at ptolemy.actor.Manager.execute(Manager.java:356)
	at ptolemy.actor.Manager.run(Manager.java:1263)
	at ptolemy.actor.Manager$PtolemyRunThread.run(Manager.java:1933)
java.lang.RuntimeException: Execution failed
	at ptolemy.moml.MoMLSimpleApplication$UnloadThread.run(MoMLSimpleApplication.java:402)
Caused by: ptolemy.kernel.util.IllegalActionException: Found a zero delay loop containing .dependencyLoop2.original
  in .dependencyLoop2 and .dependencyLoop2.original
	at ptolemy.actor.util.CausalityInterfaceForComposites._computeOutputPortDepth(CausalityInterfaceForComposites.java:759)
	at ptolemy.actor.util.CausalityInterfaceForComposites._computeInputDepth(CausalityInterfaceForComposites.java:696)
	at ptolemy.actor.util.CausalityInterfaceForComposites._computeOutputPortDepth(CausalityInterfaceForComposites.java:765)
	at ptolemy.actor.util.CausalityInterfaceForComposites._computeInputDepth(CausalityInterfaceForComposites.java:696)
	at ptolemy.actor.util.CausalityInterfaceForComposites._computeOutputPortDepth(CausalityInterfaceForComposites.java:765)
	at ptolemy.actor.util.CausalityInterfaceForComposites._computeInputDepth(CausalityInterfaceForComposites.java:696)
	at ptolemy.actor.util.CausalityInterfaceForComposites._computeActorDepth(CausalityInterfaceForComposites.java:532)
	at ptolemy.actor.util.CausalityInterfaceForComposites.checkForCycles(CausalityInterfaceForComposites.java:96)
	at ptolemy.domains.de.kernel.DEDirector.preinitialize(DEDirector.java:1338)
	at ptolemy.actor.CompositeActor.preinitialize(CompositeActor.java:1828)
	at ptolemy.actor.Manager.preinitializeAndResolveTypes(Manager.java:1040)
	at ptolemy.actor.Manager.initialize(Manager.java:710)
	at ptolemy.actor.Manager.execute(Manager.java:356)
	at ptolemy.actor.Manager.run(Manager.java:1263)
	at ptolemy.actor.Manager$PtolemyRunThread.run(Manager.java:1933)
java.lang.RuntimeException: Execution failed
	at ptolemy.moml.MoMLSimpleApplication$UnloadThread.run(MoMLSimpleApplication.java:402)
Caused by: ptolemy.kernel.util.IllegalActionException: Actor is not ready to fire.  Perhaps UpSample.prefire() returned false? Try debugging the actor by selecting "Listen to Actor".  Also, for SDF check moml for tokenConsumptionRate on input.
  in .DESDFClockTest.Play Bell.Copy1:SDF Director and .DESDFClockTest.Play Bell.UpSample
	at ptolemy.actor.sched.StaticSchedulingDirector.fire(StaticSchedulingDirector.java:227)
	at ptolemy.domains.sdf.kernel.SDFDirector.fire(SDFDirector.java:500)
	at ptolemy.actor.CompositeActor.fire(CompositeActor.java:455)
	at ptolemy.domains.de.kernel.DEDirector._fire(DEDirector.java:1949)
	at ptolemy.domains.de.kernel.DEDirector.fire(DEDirector.java:502)
	at ptolemy.actor.CompositeActor.fire(CompositeActor.java:455)
	at ptolemy.actor.Manager.iterate(Manager.java:851)
	at ptolemy.actor.Manager.execute(Manager.java:369)
	at ptolemy.actor.Manager.run(Manager.java:1263)
	at ptolemy.actor.Manager$PtolemyRunThread.run(Manager.java:1933)
java.lang.RuntimeException: Execution failed
	at ptolemy.moml.MoMLSimpleApplication$UnloadThread.run(MoMLSimpleApplication.java:402)
Caused by: ptolemy.kernel.util.IllegalActionException: Actor is not ready to fire.  Perhaps UpSample.prefire() returned false? Try debugging the actor by selecting "Listen to Actor".  Also, for SDF check moml for tokenConsumptionRate on input.
  in .DESDFClockTest.Play Bell.Copy1:SDF Director and .DESDFClockTest.Play Bell.UpSample
	at ptolemy.actor.sched.StaticSchedulingDirector.fire(StaticSchedulingDirector.java:227)
	at ptolemy.domains.sdf.kernel.SDFDirector.fire(SDFDirector.java:500)
	at ptolemy.actor.CompositeActor.fire(CompositeActor.java:455)
	at ptolemy.domains.de.kernel.DEDirector._fire(DEDirector.java:1949)
	at ptolemy.domains.de.kernel.DEDirector.fire(DEDirector.java:502)
	at ptolemy.actor.CompositeActor.fire(CompositeActor.java:455)
	at ptolemy.actor.Manager.iterate(Manager.java:851)
	at ptolemy.actor.Manager.execute(Manager.java:369)
	at ptolemy.actor.Manager.run(Manager.java:1263)
	at ptolemy.actor.Manager$PtolemyRunThread.run(Manager.java:1933)
java.lang.reflect.InvocationTargetException
	at java.base/jdk.internal.reflect.NativeConstructorAccessorImpl.newInstance0(Native Method)
	at java.base/jdk.internal.reflect.NativeConstructorAccessorImpl.newInstance(NativeConstructorAccessorImpl.java:62)
	at java.base/jdk.internal.reflect.DelegatingConstructorAccessorImpl.newInstance(DelegatingConstructorAccessorImpl.java:45)
	at java.base/java.lang.reflect.Constructor.newInstance(Constructor.java:490)
	at ptolemy.util.test.junit.AutoKnownFailedTests.RunModel(AutoKnownFailedTests.java:105)
	at java.base/jdk.internal.reflect.NativeMethodAccessorImpl.invoke0(Native Method)
	at java.base/jdk.internal.reflect.NativeMethodAccessorImpl.invoke(NativeMethodAccessorImpl.java:62)
	at java.base/jdk.internal.reflect.DelegatingMethodAccessorImpl.invoke(DelegatingMethodAccessorImpl.java:43)
	at java.base/java.lang.reflect.Method.invoke(Method.java:566)
	at org.junit.runners.model.FrameworkMethod$1.runReflectiveCall(FrameworkMethod.java:44)
	at org.junit.internal.runners.model.ReflectiveCallable.run(ReflectiveCallable.java:15)
	at org.junit.runners.model.FrameworkMethod.invokeExplosively(FrameworkMethod.java:41)
	at junitparams.internal.InvokeParameterisedMethod.evaluate(InvokeParameterisedMethod.java:102)
	at org.junit.internal.runners.statements.FailOnTimeout$1.run(FailOnTimeout.java:28)
Caused by: ptolemy.kernel.util.IllegalActionException: Actor is not ready to fire.  Perhaps UpSample.prefire() returned false? Try debugging the actor by selecting "Listen to Actor".  Also, for SDF check moml for tokenConsumptionRate on input.
  in .DESDFClockTest.Play Bell.Copy1:SDF Director and .DESDFClockTest.Play Bell.UpSample
	at ptolemy.actor.sched.StaticSchedulingDirector.fire(StaticSchedulingDirector.java:227)
	at ptolemy.domains.sdf.kernel.SDFDirector.fire(SDFDirector.java:500)
	at ptolemy.actor.CompositeActor.fire(CompositeActor.java:455)
	at ptolemy.domains.de.kernel.DEDirector._fire(DEDirector.java:1949)
	at ptolemy.domains.de.kernel.DEDirector.fire(DEDirector.java:502)
	at ptolemy.actor.CompositeActor.fire(CompositeActor.java:455)
	at ptolemy.actor.Manager.iterate(Manager.java:851)
	at ptolemy.actor.Manager.execute(Manager.java:369)
	at ptolemy.actor.Manager.run(Manager.java:1263)
	at ptolemy.actor.Manager$PtolemyRunThread.run(Manager.java:1933)
java.lang.RuntimeException: Execution failed
	at ptolemy.moml.MoMLSimpleApplication$UnloadThread.run(MoMLSimpleApplication.java:402)
Caused by: ptolemy.kernel.util.IllegalActionException: Test fails in iteration 1.
Value was: 1.0. Should have been: 2.0
  in .DirectFeedback.Test
	at ptolemy.actor.lib.Test.fire(Test.java:268)
	at ptolemy.domains.de.kernel.DEDirector._fire(DEDirector.java:1949)
	at ptolemy.domains.de.kernel.DEDirector.fire(DEDirector.java:502)
	at ptolemy.actor.CompositeActor.fire(CompositeActor.java:455)
	at ptolemy.actor.Manager.iterate(Manager.java:851)
	at ptolemy.actor.Manager.execute(Manager.java:369)
	at ptolemy.actor.Manager.run(Manager.java:1263)
	at ptolemy.actor.Manager$PtolemyRunThread.run(Manager.java:1933)
java.lang.reflect.InvocationTargetException
	at java.base/jdk.internal.reflect.NativeConstructorAccessorImpl.newInstance0(Native Method)
	at java.base/jdk.internal.reflect.NativeConstructorAccessorImpl.newInstance(NativeConstructorAccessorImpl.java:62)
	at java.base/jdk.internal.reflect.DelegatingConstructorAccessorImpl.newInstance(DelegatingConstructorAccessorImpl.java:45)
	at java.base/java.lang.reflect.Constructor.newInstance(Constructor.java:490)
	at ptolemy.util.test.junit.AutoKnownFailedTests.RunModel(AutoKnownFailedTests.java:105)
	at java.base/jdk.internal.reflect.NativeMethodAccessorImpl.invoke0(Native Method)
	at java.base/jdk.internal.reflect.NativeMethodAccessorImpl.invoke(NativeMethodAccessorImpl.java:62)
	at java.base/jdk.internal.reflect.DelegatingMethodAccessorImpl.invoke(DelegatingMethodAccessorImpl.java:43)
	at java.base/java.lang.reflect.Method.invoke(Method.java:566)
	at org.junit.runners.model.FrameworkMethod$1.runReflectiveCall(FrameworkMethod.java:44)
	at org.junit.internal.runners.model.ReflectiveCallable.run(ReflectiveCallable.java:15)
	at org.junit.runners.model.FrameworkMethod.invokeExplosively(FrameworkMethod.java:41)
	at junitparams.internal.InvokeParameterisedMethod.evaluate(InvokeParameterisedMethod.java:102)
	at org.junit.internal.runners.statements.FailOnTimeout$1.run(FailOnTimeout.java:28)
Caused by: ptolemy.kernel.util.IllegalActionException: Test fails in iteration 1.
Value was: 1.0. Should have been: 2.0
  in .DirectFeedback.Test
	at ptolemy.actor.lib.Test.fire(Test.java:268)
	at ptolemy.domains.de.kernel.DEDirector._fire(DEDirector.java:1949)
	at ptolemy.domains.de.kernel.DEDirector.fire(DEDirector.java:502)
	at ptolemy.actor.CompositeActor.fire(CompositeActor.java:455)
	at ptolemy.actor.Manager.iterate(Manager.java:851)
	at ptolemy.actor.Manager.execute(Manager.java:369)
	at ptolemy.actor.Manager.run(Manager.java:1263)
	at ptolemy.actor.Manager$PtolemyRunThread.run(Manager.java:1933)
java.lang.RuntimeException: Execution failed
	at ptolemy.moml.MoMLSimpleApplication$UnloadThread.run(MoMLSimpleApplication.java:402)
Caused by: ptolemy.kernel.util.IllegalActionException: Found a zero delay loop containing .HierarchicalModel.A
  in .HierarchicalModel and .HierarchicalModel.A
	at ptolemy.actor.util.CausalityInterfaceForComposites._computeOutputPortDepth(CausalityInterfaceForComposites.java:759)
	at ptolemy.actor.util.CausalityInterfaceForComposites._computeInputDepth(CausalityInterfaceForComposites.java:696)
	at ptolemy.actor.util.CausalityInterfaceForComposites._computeOutputPortDepth(CausalityInterfaceForComposites.java:765)
	at ptolemy.actor.util.CausalityInterfaceForComposites._computeInputDepth(CausalityInterfaceForComposites.java:696)
	at ptolemy.actor.util.CausalityInterfaceForComposites._computeOutputPortDepth(CausalityInterfaceForComposites.java:765)
	at ptolemy.actor.util.CausalityInterfaceForComposites._computeInputDepth(CausalityInterfaceForComposites.java:696)
	at ptolemy.actor.util.CausalityInterfaceForComposites._computeActorDepth(CausalityInterfaceForComposites.java:532)
	at ptolemy.actor.util.CausalityInterfaceForComposites.checkForCycles(CausalityInterfaceForComposites.java:96)
	at ptolemy.domains.de.kernel.DEDirector.preinitialize(DEDirector.java:1338)
	at ptolemy.actor.CompositeActor.preinitialize(CompositeActor.java:1828)
	at ptolemy.actor.Manager.preinitializeAndResolveTypes(Manager.java:1040)
	at ptolemy.actor.Manager.initialize(Manager.java:710)
	at ptolemy.actor.Manager.execute(Manager.java:356)
	at ptolemy.actor.Manager.run(Manager.java:1263)
	at ptolemy.actor.Manager$PtolemyRunThread.run(Manager.java:1933)
java.lang.reflect.InvocationTargetException
	at java.base/jdk.internal.reflect.NativeConstructorAccessorImpl.newInstance0(Native Method)
	at java.base/jdk.internal.reflect.NativeConstructorAccessorImpl.newInstance(NativeConstructorAccessorImpl.java:62)
	at java.base/jdk.internal.reflect.DelegatingConstructorAccessorImpl.newInstance(DelegatingConstructorAccessorImpl.java:45)
	at java.base/java.lang.reflect.Constructor.newInstance(Constructor.java:490)
	at ptolemy.util.test.junit.AutoKnownFailedTests.RunModel(AutoKnownFailedTests.java:105)
	at java.base/jdk.internal.reflect.NativeMethodAccessorImpl.invoke0(Native Method)
	at java.base/jdk.internal.reflect.NativeMethodAccessorImpl.invoke(NativeMethodAccessorImpl.java:62)
	at java.base/jdk.internal.reflect.DelegatingMethodAccessorImpl.invoke(DelegatingMethodAccessorImpl.java:43)
	at java.base/java.lang.reflect.Method.invoke(Method.java:566)
	at org.junit.runners.model.FrameworkMethod$1.runReflectiveCall(FrameworkMethod.java:44)
	at org.junit.internal.runners.model.ReflectiveCallable.run(ReflectiveCallable.java:15)
	at org.junit.runners.model.FrameworkMethod.invokeExplosively(FrameworkMethod.java:41)
	at junitparams.internal.InvokeParameterisedMethod.evaluate(InvokeParameterisedMethod.java:102)
	at org.junit.internal.runners.statements.FailOnTimeout$1.run(FailOnTimeout.java:28)
Caused by: ptolemy.kernel.util.IllegalActionException: Found a zero delay loop containing .HierarchicalModel.A
  in .HierarchicalModel and .HierarchicalModel.A
	at ptolemy.actor.util.CausalityInterfaceForComposites._computeOutputPortDepth(CausalityInterfaceForComposites.java:759)
	at ptolemy.actor.util.CausalityInterfaceForComposites._computeInputDepth(CausalityInterfaceForComposites.java:696)
	at ptolemy.actor.util.CausalityInterfaceForComposites._computeOutputPortDepth(CausalityInterfaceForComposites.java:765)
	at ptolemy.actor.util.CausalityInterfaceForComposites._computeInputDepth(CausalityInterfaceForComposites.java:696)
	at ptolemy.actor.util.CausalityInterfaceForComposites._computeOutputPortDepth(CausalityInterfaceForComposites.java:765)
	at ptolemy.actor.util.CausalityInterfaceForComposites._computeInputDepth(CausalityInterfaceForComposites.java:696)
	at ptolemy.actor.util.CausalityInterfaceForComposites._computeActorDepth(CausalityInterfaceForComposites.java:532)
	at ptolemy.actor.util.CausalityInterfaceForComposites.checkForCycles(CausalityInterfaceForComposites.java:96)
	at ptolemy.domains.de.kernel.DEDirector.preinitialize(DEDirector.java:1338)
	at ptolemy.actor.CompositeActor.preinitialize(CompositeActor.java:1828)
	at ptolemy.actor.Manager.preinitializeAndResolveTypes(Manager.java:1040)
	at ptolemy.actor.Manager.initialize(Manager.java:710)
	at ptolemy.actor.Manager.execute(Manager.java:356)
	at ptolemy.actor.Manager.run(Manager.java:1263)
	at ptolemy.actor.Manager$PtolemyRunThread.run(Manager.java:1933)
java.lang.RuntimeException: Execution failed
	at ptolemy.moml.MoMLSimpleApplication$UnloadThread.run(MoMLSimpleApplication.java:402)
Caused by: ptolemy.kernel.util.IllegalActionException: Found a zero delay loop containing .dependencyLoop.original
  in .dependencyLoop and .dependencyLoop.original
	at ptolemy.actor.util.CausalityInterfaceForComposites._computeOutputPortDepth(CausalityInterfaceForComposites.java:759)
	at ptolemy.actor.util.CausalityInterfaceForComposites._computeInputDepth(CausalityInterfaceForComposites.java:696)
	at ptolemy.actor.util.CausalityInterfaceForComposites._computeOutputPortDepth(CausalityInterfaceForComposites.java:765)
	at ptolemy.actor.util.CausalityInterfaceForComposites._computeInputDepth(CausalityInterfaceForComposites.java:696)
	at ptolemy.actor.util.CausalityInterfaceForComposites._computeOutputPortDepth(CausalityInterfaceForComposites.java:765)
	at ptolemy.actor.util.CausalityInterfaceForComposites._computeInputDepth(CausalityInterfaceForComposites.java:696)
	at ptolemy.actor.util.CausalityInterfaceForComposites._computeActorDepth(CausalityInterfaceForComposites.java:532)
	at ptolemy.actor.util.CausalityInterfaceForComposites.checkForCycles(CausalityInterfaceForComposites.java:96)
	at ptolemy.domains.de.kernel.DEDirector.preinitialize(DEDirector.java:1338)
	at ptolemy.actor.CompositeActor.preinitialize(CompositeActor.java:1828)
	at ptolemy.actor.Manager.preinitializeAndResolveTypes(Manager.java:1040)
	at ptolemy.actor.Manager.initialize(Manager.java:710)
	at ptolemy.actor.Manager.execute(Manager.java:356)
	at ptolemy.actor.Manager.run(Manager.java:1263)
	at ptolemy.actor.Manager$PtolemyRunThread.run(Manager.java:1933)
java.lang.reflect.InvocationTargetException
	at java.base/jdk.internal.reflect.NativeConstructorAccessorImpl.newInstance0(Native Method)
	at java.base/jdk.internal.reflect.NativeConstructorAccessorImpl.newInstance(NativeConstructorAccessorImpl.java:62)
	at java.base/jdk.internal.reflect.DelegatingConstructorAccessorImpl.newInstance(DelegatingConstructorAccessorImpl.java:45)
	at java.base/java.lang.reflect.Constructor.newInstance(Constructor.java:490)
	at ptolemy.util.test.junit.AutoKnownFailedTests.RunModel(AutoKnownFailedTests.java:105)
	at java.base/jdk.internal.reflect.NativeMethodAccessorImpl.invoke0(Native Method)
	at java.base/jdk.internal.reflect.NativeMethodAccessorImpl.invoke(NativeMethodAccessorImpl.java:62)
	at java.base/jdk.internal.reflect.DelegatingMethodAccessorImpl.invoke(DelegatingMethodAccessorImpl.java:43)
	at java.base/java.lang.reflect.Method.invoke(Method.java:566)
	at org.junit.runners.model.FrameworkMethod$1.runReflectiveCall(FrameworkMethod.java:44)
	at org.junit.internal.runners.model.ReflectiveCallable.run(ReflectiveCallable.java:15)
	at org.junit.runners.model.FrameworkMethod.invokeExplosively(FrameworkMethod.java:41)
	at junitparams.internal.InvokeParameterisedMethod.evaluate(InvokeParameterisedMethod.java:102)
	at org.junit.internal.runners.statements.FailOnTimeout$1.run(FailOnTimeout.java:28)
Caused by: ptolemy.kernel.util.IllegalActionException: Found a zero delay loop containing .dependencyLoop.original
  in .dependencyLoop and .dependencyLoop.original
	at ptolemy.actor.util.CausalityInterfaceForComposites._computeOutputPortDepth(CausalityInterfaceForComposites.java:759)
	at ptolemy.actor.util.CausalityInterfaceForComposites._computeInputDepth(CausalityInterfaceForComposites.java:696)
	at ptolemy.actor.util.CausalityInterfaceForComposites._computeOutputPortDepth(CausalityInterfaceForComposites.java:765)
	at ptolemy.actor.util.CausalityInterfaceForComposites._computeInputDepth(CausalityInterfaceForComposites.java:696)
	at ptolemy.actor.util.CausalityInterfaceForComposites._computeOutputPortDepth(CausalityInterfaceForComposites.java:765)
	at ptolemy.actor.util.CausalityInterfaceForComposites._computeInputDepth(CausalityInterfaceForComposites.java:696)
	at ptolemy.actor.util.CausalityInterfaceForComposites._computeActorDepth(CausalityInterfaceForComposites.java:532)
	at ptolemy.actor.util.CausalityInterfaceForComposites.checkForCycles(CausalityInterfaceForComposites.java:96)
	at ptolemy.domains.de.kernel.DEDirector.preinitialize(DEDirector.java:1338)
	at ptolemy.actor.CompositeActor.preinitialize(CompositeActor.java:1828)
	at ptolemy.actor.Manager.preinitializeAndResolveTypes(Manager.java:1040)
	at ptolemy.actor.Manager.initialize(Manager.java:710)
	at ptolemy.actor.Manager.execute(Manager.java:356)
	at ptolemy.actor.Manager.run(Manager.java:1263)
	at ptolemy.actor.Manager$PtolemyRunThread.run(Manager.java:1933)
java.lang.RuntimeException: Execution failed
	at ptolemy.moml.MoMLSimpleApplication$UnloadThread.run(MoMLSimpleApplication.java:402)
Caused by: ptolemy.kernel.util.IllegalActionException: Found a zero delay loop containing .dependencyLoop2.original
  in .dependencyLoop2 and .dependencyLoop2.original
	at ptolemy.actor.util.CausalityInterfaceForComposites._computeOutputPortDepth(CausalityInterfaceForComposites.java:759)
	at ptolemy.actor.util.CausalityInterfaceForComposites._computeInputDepth(CausalityInterfaceForComposites.java:696)
	at ptolemy.actor.util.CausalityInterfaceForComposites._computeOutputPortDepth(CausalityInterfaceForComposites.java:765)
	at ptolemy.actor.util.CausalityInterfaceForComposites._computeInputDepth(CausalityInterfaceForComposites.java:696)
	at ptolemy.actor.util.CausalityInterfaceForComposites._computeOutputPortDepth(CausalityInterfaceForComposites.java:765)
	at ptolemy.actor.util.CausalityInterfaceForComposites._computeInputDepth(CausalityInterfaceForComposites.java:696)
	at ptolemy.actor.util.CausalityInterfaceForComposites._computeActorDepth(CausalityInterfaceForComposites.java:532)
	at ptolemy.actor.util.CausalityInterfaceForComposites.checkForCycles(CausalityInterfaceForComposites.java:96)
	at ptolemy.domains.de.kernel.DEDirector.preinitialize(DEDirector.java:1338)
	at ptolemy.actor.CompositeActor.preinitialize(CompositeActor.java:1828)
	at ptolemy.actor.Manager.preinitializeAndResolveTypes(Manager.java:1040)
	at ptolemy.actor.Manager.initialize(Manager.java:710)
	at ptolemy.actor.Manager.execute(Manager.java:356)
	at ptolemy.actor.Manager.run(Manager.java:1263)
	at ptolemy.actor.Manager$PtolemyRunThread.run(Manager.java:1933)
java.lang.reflect.InvocationTargetException
	at java.base/jdk.internal.reflect.NativeConstructorAccessorImpl.newInstance0(Native Method)
	at java.base/jdk.internal.reflect.NativeConstructorAccessorImpl.newInstance(NativeConstructorAccessorImpl.java:62)
	at java.base/jdk.internal.reflect.DelegatingConstructorAccessorImpl.newInstance(DelegatingConstructorAccessorImpl.java:45)
	at java.base/java.lang.reflect.Constructor.newInstance(Constructor.java:490)
	at ptolemy.util.test.junit.AutoKnownFailedTests.RunModel(AutoKnownFailedTests.java:105)
	at java.base/jdk.internal.reflect.NativeMethodAccessorImpl.invoke0(Native Method)
	at java.base/jdk.internal.reflect.NativeMethodAccessorImpl.invoke(NativeMethodAccessorImpl.java:62)
	at java.base/jdk.internal.reflect.DelegatingMethodAccessorImpl.invoke(DelegatingMethodAccessorImpl.java:43)
	at java.base/java.lang.reflect.Method.invoke(Method.java:566)
	at org.junit.runners.model.FrameworkMethod$1.runReflectiveCall(FrameworkMethod.java:44)
	at org.junit.internal.runners.model.ReflectiveCallable.run(ReflectiveCallable.java:15)
	at org.junit.runners.model.FrameworkMethod.invokeExplosively(FrameworkMethod.java:41)
	at junitparams.internal.InvokeParameterisedMethod.evaluate(InvokeParameterisedMethod.java:102)
	at org.junit.internal.runners.statements.FailOnTimeout$1.run(FailOnTimeout.java:28)
Caused by: ptolemy.kernel.util.IllegalActionException: Found a zero delay loop containing .dependencyLoop2.original
  in .dependencyLoop2 and .dependencyLoop2.original
	at ptolemy.actor.util.CausalityInterfaceForComposites._computeOutputPortDepth(CausalityInterfaceForComposites.java:759)
	at ptolemy.actor.util.CausalityInterfaceForComposites._computeInputDepth(CausalityInterfaceForComposites.java:696)
	at ptolemy.actor.util.CausalityInterfaceForComposites._computeOutputPortDepth(CausalityInterfaceForComposites.java:765)
	at ptolemy.actor.util.CausalityInterfaceForComposites._computeInputDepth(CausalityInterfaceForComposites.java:696)
	at ptolemy.actor.util.CausalityInterfaceForComposites._computeOutputPortDepth(CausalityInterfaceForComposites.java:765)
	at ptolemy.actor.util.CausalityInterfaceForComposites._computeInputDepth(CausalityInterfaceForComposites.java:696)
	at ptolemy.actor.util.CausalityInterfaceForComposites._computeActorDepth(CausalityInterfaceForComposites.java:532)
	at ptolemy.actor.util.CausalityInterfaceForComposites.checkForCycles(CausalityInterfaceForComposites.java:96)
	at ptolemy.domains.de.kernel.DEDirector.preinitialize(DEDirector.java:1338)
	at ptolemy.actor.CompositeActor.preinitialize(CompositeActor.java:1828)
	at ptolemy.actor.Manager.preinitializeAndResolveTypes(Manager.java:1040)
	at ptolemy.actor.Manager.initialize(Manager.java:710)
	at ptolemy.actor.Manager.execute(Manager.java:356)
	at ptolemy.actor.Manager.run(Manager.java:1263)
	at ptolemy.actor.Manager$PtolemyRunThread.run(Manager.java:1933)
]]></system-err>
</testsuite>
