<?xml version="1.0" encoding="UTF-8" ?>
<testsuite errors="1" failures="0" hostname="travis-job-e0df0778-43b5-450f-ac19-6f353f9fa13f" name="ptolemy.actor.lib.test.junit.JUnitTclTest" skipped="0" tests="517" time="61.427" timestamp="2020-05-19T14:28:28">
  <properties>
    <property name="npm.executable" value="npm" />
    <property name="env.TRAVIS_ROOT" value="/" />
    <property name="ptII.mk.exists" value="true" />
    <property name="env.TRAVIS_APP_HOST" value="build.travis-ci.org" />
    <property name="env.rvm_bin_path" value="/home/travis/.rvm/bin" />
    <property name="java.home" value="/usr/local/lib/jvm/openjdk11" />
    <property name="env.TRAVIS_JOB_NUMBER" value="1636.8" />
    <property name="env.TRAVIS_HOME" value="/home/travis" />
    <property name="env.DISPLAY" value=":99.0" />
    <property name="env.TRAVIS_INIT" value="systemd" />
    <property name="env.SSH_TTY" value="/dev/pts/0" />
    <property name="java.net.preferIPv4Stack" value="true" />
    <property name="env.RUN_TESTS" value="true" />
    <property name="timeout.short" value="1000000" />
    <property name="junit.formatter" value="xml" />
    <property name="env.TRAVIS_SUDO" value="true" />
    <property name="env.TRAVIS_JOB_NAME" value="" />
    <property name="env.TRAVIS_STACK_NODE_ATTRIBUTES" value="/.node-attributes.yml" />
    <property name="env.LOGNAME" value="travis" />
    <property name="env.PT_TRAVIS_TEST_CORE1_XML" value="true" />
    <property name="jsdoc.home" value="node_modules/@terraswarm/jsdoc" />
    <property name="debuglevel" value="source,lines,vars" />
    <property name="checkstyle.formatter" value="xml" />
    <property name="env._system_version" value="16.04" />
    <property name="bin.vergil.makeable" value="true" />
    <property name="sun.os.patch.level" value="unknown" />
    <property name="java.vendor.url" value="http://java.oracle.com/" />
    <property name="env.TRAVIS_BUILD_WEB_URL" value="https://travis-ci.org/icyphy/ptII/builds/688833095" />
    <property name="java.version" value="11.0.2" />
    <property name="env.TZ" value="UTC" />
    <property name="env.TRAVIS_PULL_REQUEST_SHA" value="" />
    <property name="env.PT_NO_NET" value="true" />
    <property name="env.TRAVIS_SECURE_ENV_VARS" value="true" />
    <property name="env._system_type" value="Linux" />
    <property name="java.vendor.url.bug" value="http://bugreport.java.com/bugreport/" />
    <property name="npmjs-org-is-up" value="true" />
    <property name="env.LANGUAGE" value="en_US.UTF-8" />
    <property name="env.SSH_CLIENT" value="10.24.3.84 35000 22" />
    <property name="env.GEM_HOME" value="/home/travis/.rvm/gems/ruby-2.5.3" />
    <property name="env.HAS_ANTARES_THREE_LITTLE_FRONZIES_BADGE" value="true" />
    <property name="java.version.date" value="2019-01-15" />
    <property name="env.PS4" value="+" />
    <property name="ant.project.invoked-targets" value="build,test.core1.xml" />
    <property name="env.TRAVIS_PULL_REQUEST_BRANCH" value="" />
    <property name="env.TRAVIS_REPO_SLUG" value="icyphy/ptII" />
    <property name="env.XDG_DATA_DIRS" value="/usr/local/share:/usr/share:/var/lib/snapd/desktop" />
    <property name="jdk.debug" value="release" />
    <property name="env.TRAVIS_APT_PROXY" value="http://build-cache.travisci.net" />
    <property name="env.TRAVIS_CPU_ARCH" value="amd64" />
    <property name="node.in.path" value="true" />
    <property name="user.name" value="travis" />
    <property name="java.maxmemory" value="1400m" />
    <property name="env.RUBY_VERSION" value="ruby-2.5.3" />
    <property name="env.LANG" value="en_US.UTF-8" />
    <property name="sun.io.unicode.encoding" value="UnicodeLittle" />
    <property name="sun.jnu.encoding" value="UTF-8" />
    <property name="java.runtime.name" value="OpenJDK Runtime Environment" />
    <property name="usefile" value="false" />
    <property name="return.code" value="0" />
    <property name="junit.single.formatter" value="plain" />
    <property name="env.DYLD_LIBRARY_PATH" value="/home/travis/pthla/certi-tools/lib:" />
    <property name="env.DEBIAN_FRONTEND" value="noninteractive" />
    <property name="env.SSH_CONNECTION" value="10.24.3.84 35000 10.20.0.46 22" />
    <property name="env.MYSQL_UNIX_PORT" value="/var/run/mysqld/mysqld.sock" />
    <property name="env.LC_ALL" value="en_US.UTF-8" />
    <property name="env.TRAVIS_ALLOW_FAILURE" value="" />
    <property name="env.TRAVIS_JOB_WEB_URL" value="https://travis-ci.org/icyphy/ptII/jobs/688833108" />
    <property name="java.specification.name" value="Java Platform API Specification" />
    <property name="node.works" value="true" />
    <property name="user.timezone" value="" />
    <property name="path.separator" value=":" />
    <property name="env.TRAVIS_ENABLE_INFRA_DETECTION" value="true" />
    <property name="env.PYTHON_CFLAGS" value="-g -fstack-protector --param=ssp-buffer-size=4 -Wformat -Werror=format-security" />
    <property name="timeout.long" value="4000000" />
    <property name="env.CERTI_HOME" value="/home/travis/pthla/certi-tools" />
    <property name="ant.file.ptII" value="/home/travis/build/icyphy/ptII/build.xml" />
    <property name="javadoc.packagenames" value="com.*,diva.*,lbnl.*,org.hlacerti.*,org.json.*,org.ptolemy.*,org.terraswarm.*,ptolemy.*,ptserver.*" />
    <property name="file.encoding" value="UTF-8" />
    <property name="env.TRAVIS_PULL_REQUEST_SLUG" value="" />
    <property name="ant.project.default-target" value="build" />
    <property name="env.GIT_ASKPASS" value="echo" />
    <property name="env.HOME" value="/home/travis" />
    <property name="sun.java.command" value="org.apache.tools.ant.taskdefs.optional.junit.JUnitTestRunner ptolemy.actor.lib.test.junit.JUnitTclTest skipNonTests=false filtertrace=true haltOnError=false haltOnFailure=false formatter=org.apache.tools.ant.taskdefs.optional.junit.OutErrSummaryJUnitResultFormatter showoutput=true outputtoformatters=true logfailedtests=true threadid=0 logtestlistenerevents=false formatter=org.apache.tools.ant.taskdefs.optional.junit.XMLJUnitResultFormatter,/home/travis/build/icyphy/ptII/reports/junit/TEST-ptolemy.actor.lib.test.junit.JUnitTclTest.xml crashfile=/home/travis/build/icyphy/ptII/junitvmwatcher14350870077241131719.properties propsfile=/home/travis/build/icyphy/ptII/junit7605503581801044280.properties" />
    <property name="env.COMPOSER_NO_INTERACTION" value="1" />
    <property name="env.MANPATH" value="/home/travis/.nvm/versions/node/v7.10.1/share/man:/home/travis/.rvm/rubies/ruby-2.5.3/share/man:/usr/local/cmake-3.12.4/man:/usr/local/clang-7.0.0/share/man:/usr/local/man:/usr/local/share/man:/usr/share/man:/home/travis/.rvm/man" />
    <property name="env.TRAVIS_TIMER_ID" value="008d76fd" />
    <property name="ant.file" value="/home/travis/build/icyphy/ptII/build.xml" />
    <property name="env.TRAVIS_COMMIT_RANGE" value="3e950cfe0f3c004454147d0a7dfedd7f8d8e77cc...52bfcaaec950ad6b43d11ffdb9cd3f924b0c1f76" />
    <property name="env._system_name" value="Ubuntu" />
    <property name="ptII.classpath.optional.property" value="/home/travis/build/icyphy/ptII/lib/bsh-2.0b4.jar:/home/travis/build/icyphy/ptII/lib/ptCal.jar:/home/travis/build/icyphy/ptII/lib/java_cup.jar:/home/travis/build/icyphy/ptII/lib/saxon8.jar:/home/travis/build/icyphy/ptII/lib/saxon8-dom.jar:/home/travis/build/icyphy/ptII/lib/chic.jar:/home/travis/build/icyphy/ptII/lib/ptcolt.jar:/home/travis/build/icyphy/ptII/vendors/misc/itext/iText.jar:/home/travis/build/icyphy/ptII/lib/g4ltl.jar:/home/travis/build/icyphy/ptII/lib/StructuralCoder.jar:/home/travis/build/icyphy/ptII/lib/jcerti.jar:/home/travis/build/icyphy/ptII/lib/javax.mail.jar:/home/travis/build/icyphy/ptII/vendors/JMF-2.1.1e/lib/jmf.jar:/home/travis/build/icyphy/ptII/lib/jna-4.0.0-variadic.jar:/home/travis/build/icyphy/ptII/vendors/misc/joystick/Joystick.jar:/home/travis/build/icyphy/ptII/lib/ptjacl.jar:/home/travis/build/icyphy/ptII/lib/jsoup-1.8.2.jar:/home/travis/build/icyphy/ptII/lib/junit-4.8.2.jar:/home/travis/build/icyphy/ptII/lib/JUnitParams-0.4.0.jar:/home/travis/build/icyphy/ptII/ptolemy/actor/lib/excel/jxl.jar:/home/travis/build/icyphy/ptII/lib/jython.jar:/home/travis/build/icyphy/ptII/lib/kieler.jar:/home/travis/build/icyphy/ptII/vendors/opencv/share/OpenCV/java/opencv-341.jar:/home/travis/build/icyphy/ptII/lib/oscP5.jar:/home/travis/build/icyphy/ptII/lib/nrjavaserial-3.11.0.devel.jar:/home/travis/build/icyphy/ptII/vendors/j3d/lib/Linux/j3dcore.jar:/home/travis/build/icyphy/ptII/vendors/j3d/lib/Linux/j3dutils.jar:/home/travis/build/icyphy/ptII/vendors/j3d/lib/Linux/vecmath.jar:/home/travis/build/icyphy/ptII/vendors/jogl/lib/Linux/gluegen-rt-natives-linux-amd64.jar:/home/travis/build/icyphy/ptII/vendors/jogl/lib/Linux/gluegen-rt.jar:/home/travis/build/icyphy/ptII/vendors/jogl/lib/Linux/jogl-all-natives-linux-amd64.jar:/home/travis/build/icyphy/ptII/vendors/jogl/lib/Linux/jogl-all.jar:/home/travis/build/icyphy/ptII/ptolemy/distributed/jini/jar/jini-core.jar:/home/travis/build/icyphy/ptII/ptolemy/distributed/jini/jar/jini-ext.jar:/home/travis/build/icyphy/ptII/ptolemy/distributed/jini/jar/sun-util.jar:/home/travis/build/icyphy/ptII/lib/protobuf-java-2.4.1.jar:/home/travis/build/icyphy/ptII/lib/org.eclipse.paho.client.mqttv3.jar:/home/travis/build/icyphy/ptII/lib/mapss.jar:/home/travis/build/icyphy/ptII/ptolemy/actor/ptalon/antlr/antlr.jar:/home/travis/build/icyphy/ptII/lib/JRI.jar:/home/travis/build/icyphy/ptII/lib/commons-lang-2.6.jar:/home/travis/build/icyphy/ptII/lib/commons-logging-1.1.1.jar:/home/travis/build/icyphy/ptII/lib/sootclasses.jar:/home/travis/build/icyphy/ptII/ptolemy/actor/lib/database/mysql-connector-java-5.1.6-bin.jar:/home/travis/build/icyphy/ptII/vendors/misc/sphinx4/sphinx4-data-5prealpha.jar:/home/travis/build/icyphy/ptII/vendors/misc/sphinx4/sphinx4-core-5prealpha.jar:/home/travis/build/icyphy/ptII/lib/PDFRenderer.jar:/home/travis/build/icyphy/ptII/lib/svgSalamander.jar:/home/travis/build/icyphy/ptII/lib/rsyntaxtextarea-2.6.0-SNAPSHOT.jar:/home/travis/build/icyphy/ptII/lib/hazelcast-3.8.2.jar:/home/travis/build/icyphy/ptII/lib/jackson-annotations-2.9.0.jar:/home/travis/build/icyphy/ptII/lib/jackson-core-2.9.3.jar:/home/travis/build/icyphy/ptII/lib/jackson-databind-2.9.3.jar:/home/travis/build/icyphy/ptII/lib/netty-buffer-4.1.19.Final.jar:/home/travis/build/icyphy/ptII/lib/netty-codec-4.1.19.Final.jar:/home/travis/build/icyphy/ptII/lib/netty-codec-dns-4.1.19.Final.jar:/home/travis/build/icyphy/ptII/lib/netty-codec-http-4.1.19.Final.jar:/home/travis/build/icyphy/ptII/lib/netty-codec-http2-4.1.19.Final.jar:/home/travis/build/icyphy/ptII/lib/netty-common-4.1.19.Final.jar:/home/travis/build/icyphy/ptII/lib/netty-handler-4.1.19.Final.jar:/home/travis/build/icyphy/ptII/lib/netty-resolver-4.1.19.Final.jar:/home/travis/build/icyphy/ptII/lib/netty-resolver-dns-4.1.19.Final.jar:/home/travis/build/icyphy/ptII/lib/netty-transport-4.1.19.Final.jar:/home/travis/build/icyphy/ptII/lib/vertx-codegen-3.5.1.jar:/home/travis/build/icyphy/ptII/lib/vertx-core-3.5.2-SNAPSHOT.jar:/home/travis/build/icyphy/ptII/lib/vertx-hazelcast-3.5.1.jar:/home/travis/build/icyphy/ptII/lib/vertx-lang-js-3.5.1.jar:/home/travis/build/icyphy/ptII/lib/vertx-service-proxy-3.5.1.jar:/home/travis/build/icyphy/ptII/lib/vertx-web-3.5.1.jar:/home/travis/build/icyphy/ptII/lib/slf4j-api-1.7.13.jar:/home/travis/build/icyphy/ptII/lib/slf4j-simple-1.7.13.jar:/home/travis/build/icyphy/ptII/lib/webcam-capture-0.3.12.jar:/home/travis/build/icyphy/ptII/lib/bridj-0.7.0.jar:/home/travis/build/icyphy/ptII/lib/xbjlib-1.1.0.nrjavaserial.jar" />
    <property name="timeout" value="2400000" />
    <property name="test.batch" value="**/junit/*.java" />
    <property name="env._" value="/usr/bin/timeout" />
    <property name="java.io.tmpdir" value="/tmp" />
    <property name="user.language" value="en" />
    <property name="env.TRAVIS_INTERNAL_RUBY_REGEX" value="^ruby-(2\.[0-4]\.[0-9]|1\.9\.3)" />
    <property name="env.HISTCONTROL" value="ignoredups:ignorespace" />
    <property name="env.GOROOT" value="/home/travis/.gimme/versions/go1.11.1.linux.amd64" />
    <property name="line.separator" value="&#xa;" />
    <property name="target" value="11" />
    <property name="env.TRAVIS_BUILD_DIR" value="/home/travis/build/icyphy/ptII" />
    <property name="env.ANT_OPTS" value="-Xmx2048m" />
    <property name="ant.file.type" value="file" />
    <property name="ptolemy.ptII.batchMode" value="true" />
    <property name="env.HISTSIZE" value="1000" />
    <property name="env.MERB_ENV" value="test" />
    <property name="java.vm.info" value="mixed mode" />
    <property name="source" value="11" />
    <property name="java.vm.specification.name" value="Java Virtual Machine Specification" />
    <property name="env.TRAVIS_TEST_RESULT" value="0" />
    <property name="jsdoc.command" value="node_modules/@terraswarm/jsdoc/jsdoc.js" />
    <property name="npm.works" value="true" />
    <property name="cobertura.dir" value="/home/travis/build/icyphy/ptII/vendors/cobertura-2.0.3" />
    <property name="jsdoc.command.exists" value="true" />
    <property name="env.rvm_path" value="/home/travis/.rvm" />
    <property name="env.GEM_PATH" value="/home/travis/.rvm/gems/ruby-2.5.3:/home/travis/.rvm/gems/ruby-2.5.3@global" />
    <property name="env.LC_CTYPE" value="en_US.UTF-8" />
    <property name="env.TRAVIS_CMD" value="$PTII/bin/ptIITravisBuild.sh $SECONDS" />
    <property name="java.awt.printerjob" value="sun.print.PSPrinterJob" />
    <property name="env.TRAVIS_STACK_NAME" value="sardonyx" />
    <property name="env.TRAVIS_TIMER_START_TIME" value="1589897857915571087" />
    <property name="ant.version" value="Apache Ant(TM) version 1.10.1 compiled on February 2 2017" />
    <property name="ptII.reports" value="/home/travis/build/icyphy/ptII/reports" />
    <property name="env.TRAVIS_STACK_TIMESTAMP" value="2019-03-25 16:16:56 UTC" />
    <property name="ant.file.type.ptII" value="file" />
    <property name="env.RBENV_SHELL" value="bash" />
    <property name="os.name" value="Linux" />
    <property name="java.specification.vendor" value="Oracle Corporation" />
    <property name="env.rvm_version" value="1.29.7 (latest)" />
    <property name="env.TRAVIS_INFRA" value="gce" />
    <property name="env.TERM" value="xterm" />
    <property name="java.vm.name" value="OpenJDK 64-Bit Server VM" />
    <property name="env.TRAVIS_BUILD_NUMBER" value="1636" />
    <property name="env.CI" value="true" />
    <property name="java.library.path" value="/home/travis/pthla/certi-tools/lib:/usr/lib/jni:/usr/local/share/OpenCV/java/:/usr/share/OpenCV/java::/usr/java/packages/lib:/usr/lib64:/lib64:/lib:/usr/lib" />
    <property name="jdk.module.path" value="/home/travis/build/icyphy/ptII/vendors/javafx/javafx-sdk-11.0.2/lib:" />
    <property name="env.rvm_prefix" value="/home/travis" />
    <property name="env.PATH" value="/home/travis/pthla/certi-tools/share/scripts:/home/travis/.rvm/gems/ruby-2.5.3/bin:/home/travis/.rvm/gems/ruby-2.5.3@global/bin:/home/travis/.rvm/rubies/ruby-2.5.3/bin:/home/travis/.rvm/bin:/home/travis/.nvm/versions/node/v7.10.1/bin:./node_modules/.bin:/home/travis/build/icyphy/ptII/bin:/home/travis/pthla/certi-tools/bin:/home/travis/bin:/home/travis/.local/bin:/usr/local/lib/jvm/openjdk11/bin:/opt/pyenv/shims:/home/travis/.phpenv/shims:/home/travis/perl5/perlbrew/bin:/home/travis/gopath/bin:/home/travis/.gimme/versions/go1.11.1.linux.amd64/bin:/usr/local/maven-3.6.0/bin:/usr/local/cmake-3.12.4/bin:/usr/local/clang-7.0.0/bin:/usr/local/sbin:/usr/local/bin:/usr/sbin:/usr/bin:/sbin:/bin:/snap/bin:/home/travis/.phpenv/bin:/opt/pyenv/bin:/home/travis/.yarn/bin" />
    <property name="env.TRAVIS_OS_NAME" value="linux" />
    <property name="ant.java.version" value="9" />
    <property name="basedir" value="/home/travis/build/icyphy/ptII" />
    <property name="java.class.version" value="55.0" />
    <property name="env.SHLVL" value="3" />
    <property name="env.LD_LIBRARY_PATH" value="/home/travis/pthla/certi-tools/lib:/usr/lib/jni:/usr/local/share/OpenCV/java/:/usr/share/OpenCV/java:" />
    <property name="env.RACK_ENV" value="test" />
    <property name="ant.home" value="/home/travis/build/icyphy/ptII/ant" />
    <property name="env.NVM_DIR" value="/home/travis/.nvm" />
    <property name="env.CERTI_FOM_PATH" value="/home/travis/pthla/certi-tools/share/federations" />
    <property name="env.TRAVIS_BUILD_ID" value="688833095" />
    <property name="env.PYENV_ROOT" value="/opt/pyenv" />
    <property name="env.TRAVIS_UID" value="2000" />
    <property name="prism.verbose" value="true" />
    <property name="env.NVM_BIN" value="/home/travis/.nvm/versions/node/v7.10.1/bin" />
    <property name="env.TRAVIS_COMMIT" value="52bfcaaec950ad6b43d11ffdb9cd3f924b0c1f76" />
    <property name="env._system_arch" value="x86_64" />
    <property name="node.executable" value="node" />
    <property name="sun.boot.library.path" value="/usr/local/lib/jvm/openjdk11/lib" />
    <property name="sun.management.compiler" value="HotSpot 64-Bit Tiered Compilers" />
    <property name="java.awt.graphicsenv" value="sun.awt.X11GraphicsEnvironment" />
    <property name="env.GOPATH" value="/home/travis/gopath" />
    <property name="ptolemy.ptII.dir" value="/home/travis/build/icyphy/ptII" />
    <property name="env.USER" value="travis" />
    <property name="env.HISTFILESIZE" value="2000" />
    <property name="env.NVM_INC" value="/home/travis/.nvm/versions/node/v7.10.1/include/node" />
    <property name="timeout.longest" value="19000000" />
    <property name="env.PERLBREW_SHELLRC_VERSION" value="0.86" />
    <property name="env.TRAVIS_STACK_FEATURES" value="basic couchdb disabled-ipv6 docker docker-compose elasticsearch firefox go-toolchain google-chrome jdk memcached mongodb mysql nodejs_interpreter perl_interpreter perlbrew phantomjs postgresql python_interpreter redis ruby_interpreter sqlite xserver" />
    <property name="env.TRAVIS_PULL_REQUEST" value="false" />
    <property name="env.PYENV_SHELL" value="bash" />
    <property name="ant.project.name" value="ptII" />
    <property name="env.ANSI_RESET" value="\033[0m" />
    <property name="java.vm.specification.version" value="11" />
    <property name="env.TRAVIS_DIST" value="xenial" />
    <property name="env.CERTI_VERSION" value="4.0.0" />
    <property name="env.CERTI_HOST" value="localhost" />
    <property name="awt.toolkit" value="sun.awt.X11.XToolkit" />
    <property name="env.MY_RUBY_HOME" value="/home/travis/.rvm/rubies/ruby-2.5.3" />
    <property name="sun.cpu.isalist" value="" />
    <property name="env.TRAVIS_TMPDIR" value="/tmp/tmp.V1Pds8xM5b" />
    <property name="java.vm.compressedOopsMode" value="Zero based" />
    <property name="os.version" value="4.15.0-1028-gcp" />
    <property name="user.home" value="/home/travis" />
    <property name="java.vm.vendor" value="Oracle Corporation" />
    <property name="env.TRAVIS_TAG" value="nightly" />
    <property name="env.ANSI_YELLOW" value="\033[33;1m" />
    <property name="env.TRAVIS_FILTERED" value="redirect_io" />
    <property name="env.ANSI_GREEN" value="\033[32;1m" />
    <property name="env.JAVA_HOME" value="/usr/local/lib/jvm/openjdk11" />
    <property name="javadoc.excludepackagenames" value="adm.cvs2svn.*,build.*,config.*,doc.coding.templates.*,jni.test.jni.meaningOfLife.*,jni.test.jni.testDeux.*,jni.test.jni.testTrois.*,org.terraswarm.accessor.accessors.web.node_modules.*,org.terraswarm.accessor.accessors.web.hosts.cordova.demo.*,org.terraswarm.accessor.accessors.web.hosts.cordova.plugins.*,org.terraswarm.accessor.accessors-svn.*,pt-modules.*,ptolemy.apps.agilent.*,ptolemy.apps.anytimecontrol.*,ptolemy.apps.apes.*,ptolemy.apps.charon.*,ptolemy.apps.crazyboard.*,ptolemy.apps.eclipse.*,ptolemy.apps.etherealSting.*,ptolemy.apps.fullscreen.*,ptolemy.apps.giotto.*,ptolemy.apps.ia.*,ptolemy.apps.interfaces.*,ptolemy.apps.jmf.*,ptolemy.apps.kurt.*,ptolemy.apps.kvm.*,ptolemy.apps.lego.*,ptolemy.apps.lejos.*,ptolemy.apps.midp.*,ptolemy.apps.mobileCoding.*,ptolemy.apps.pendulum.*,ptolemy.apps.rijndael.*,ptolemy.apps.robot.*,ptolemy.apps.security.*,ptolemy.apps.sobel.*,ptolemy.apps.soot.*,ptolemy.apps.throttle.*,ptolemy.apps.tini.*,ptolemy.apps.transmission.*,ptolemy.apps.vergil.*,ptolemy.apps.waba.*,ptolemy.apps.websensor.*,ptolemy.apps.webstart.*,ptolemy.apps.xsl.*,ptolemy.apps.zaurus.*,ptolemy.codegen.c.actor.lib.oldJavaFiles.*,ptolemy.codegen.dsp.lib.*,ptolemy.codegen.kernel.newInterfaces.*,ptolemy.codegen.lib.*,ptolemy.copernicus.kernel.fragment.*,ptolemy.copernicus.shallow.cg.*,ptolemy.domains.giotto.demo.Hierarchy.Hierarchy.*,ptolemy.domains.giotto.demo.Multimode.Multimode.*,ptolemy.domains.giotto.demo.Simple.Simple.*,ptolemy.domains.gr.lib.experimental.*,ptolemy.domains.gro.*,ptolemy.domains.pdf.*,ptolemy.domains.ptinyos.demo.Surge.output.*,ptolemy.moml.test.NoPackageActor.java*,ptolemy.plot.adm.*,ptolemy.plot.servlet.*,reports.*,signed.*,src.*,target.*,vendors.*,ptolemy.copernicus.applet.*,ptolemy.media.viewer.*,ptolemy.actor.corba.*,doc.doclets.*,ptolemy.apps.eclipse.awt.*,ptolemy.backtrack.*,ptolemy.backtrack.ast.*,ptolemy.cg.adapter.generic.program.procedural.c.mbed*,ptolemy.homer.*,ptolemy.actor.lib.jai.*,org.ptolemy.scala.*,diva.util.java2d.svg.*,ptolemy.domains.ptinyos.*,ptolemy.actor.lib.fmi.fmipp.*,,org.terraswarm.accessor.accessors.web.node_modules.*,org.terraswarm.accessor.accessors-svn,ptolemy.apps.*,ptolemy.actor.ptalon.demo.ptinyos.SendAndReceiveCnt.output,ptolemy.actor.ptalon.demo.ptinyos.SenseToLeds.output,ptolemy.domains.ptinyos.demo.CntToLedsAndRfm.output,ptolemy.domains.ptinyos.demo.RfmToLeds.output,ptolemy.domains.ptinyos.demo.SendAndReceiveCnt.output,ptolemy.domains.ptinyos.demo.SenseToLeds.output,ptolemy.actor.lib.jjs.modules.udpSocket.*" />
    <property name="env.PTII" value="/home/travis/build/icyphy/ptII" />
    <property name="env.XDG_SESSION_ID" value="2" />
    <property name="keystore" value="ptKeystore" />
    <property name="env.TRAVIS_COMMIT_MESSAGE" value="Updating models using array data type." />
    <property name="junit.output.dir" value="/home/travis/build/icyphy/ptII/reports/junit" />
    <property name="npm.return.code" value="0" />
    <property name="user.dir" value="/home/travis/build/icyphy/ptII/ptolemy/actor/lib/test" />
    <property name="env.TRAVIS_NODE_VERSION" value="7" />
    <property name="env.TRAVIS_EVENT_TYPE" value="cron" />
    <property name="env.MAIL" value="/var/mail/travis" />
    <property name="env.PERLBREW_ROOT" value="/home/travis/perl5/perlbrew" />
    <property name="env.PWD" value="/home/travis/build/icyphy/ptII" />
    <property name="timeout.npm" value="45000" />
    <property name="env.TRAVIS_ARCH" value="amd64" />
    <property name="sun.cpu.endian" value="little" />
    <property name="env.PAGER" value="cat" />
    <property name="env.TRAVIS_BUILD_STAGE_NAME" value="test" />
    <property name="env.PERLBREW_HOME" value="/home/travis/.perlbrew" />
    <property name="java.vm.version" value="11.0.2+9" />
    <property name="env.RAILS_ENV" value="test" />
    <property name="java.class.path" value="/home/travis/.ptolemyII:/home/travis/.ptolemyII/*:/home/travis/build/icyphy/ptII:/home/travis/build/icyphy/ptII/lib/bsh-2.0b4.jar:/home/travis/build/icyphy/ptII/lib/ptCal.jar:/home/travis/build/icyphy/ptII/lib/java_cup.jar:/home/travis/build/icyphy/ptII/lib/saxon8.jar:/home/travis/build/icyphy/ptII/lib/saxon8-dom.jar:/home/travis/build/icyphy/ptII/lib/chic.jar:/home/travis/build/icyphy/ptII/lib/ptcolt.jar:/home/travis/build/icyphy/ptII/vendors/misc/itext/iText.jar:/home/travis/build/icyphy/ptII/lib/g4ltl.jar:/home/travis/build/icyphy/ptII/lib/StructuralCoder.jar:/home/travis/build/icyphy/ptII/lib/jcerti.jar:/home/travis/build/icyphy/ptII/lib/javax.mail.jar:/home/travis/build/icyphy/ptII/vendors/JMF-2.1.1e/lib/jmf.jar:/home/travis/build/icyphy/ptII/lib/jna-4.0.0-variadic.jar:/home/travis/build/icyphy/ptII/vendors/misc/joystick/Joystick.jar:/home/travis/build/icyphy/ptII/lib/ptjacl.jar:/home/travis/build/icyphy/ptII/lib/jsoup-1.8.2.jar:/home/travis/build/icyphy/ptII/lib/junit-4.8.2.jar:/home/travis/build/icyphy/ptII/lib/JUnitParams-0.4.0.jar:/home/travis/build/icyphy/ptII/ptolemy/actor/lib/excel/jxl.jar:/home/travis/build/icyphy/ptII/lib/jython.jar:/home/travis/build/icyphy/ptII/lib/kieler.jar:/home/travis/build/icyphy/ptII/vendors/opencv/share/OpenCV/java/opencv-341.jar:/home/travis/build/icyphy/ptII/lib/oscP5.jar:/home/travis/build/icyphy/ptII/lib/nrjavaserial-3.11.0.devel.jar:/home/travis/build/icyphy/ptII/vendors/j3d/lib/Linux/j3dcore.jar:/home/travis/build/icyphy/ptII/vendors/j3d/lib/Linux/j3dutils.jar:/home/travis/build/icyphy/ptII/vendors/j3d/lib/Linux/vecmath.jar:/home/travis/build/icyphy/ptII/vendors/jogl/lib/Linux/gluegen-rt-natives-linux-amd64.jar:/home/travis/build/icyphy/ptII/vendors/jogl/lib/Linux/gluegen-rt.jar:/home/travis/build/icyphy/ptII/vendors/jogl/lib/Linux/jogl-all-natives-linux-amd64.jar:/home/travis/build/icyphy/ptII/vendors/jogl/lib/Linux/jogl-all.jar:/home/travis/build/icyphy/ptII/ptolemy/distributed/jini/jar/jini-core.jar:/home/travis/build/icyphy/ptII/ptolemy/distributed/jini/jar/jini-ext.jar:/home/travis/build/icyphy/ptII/ptolemy/distributed/jini/jar/sun-util.jar:/home/travis/build/icyphy/ptII/lib/protobuf-java-2.4.1.jar:/home/travis/build/icyphy/ptII/lib/org.eclipse.paho.client.mqttv3.jar:/home/travis/build/icyphy/ptII/lib/mapss.jar:/home/travis/build/icyphy/ptII/ptolemy/actor/ptalon/antlr/antlr.jar:/home/travis/build/icyphy/ptII/lib/JRI.jar:/home/travis/build/icyphy/ptII/lib/commons-lang-2.6.jar:/home/travis/build/icyphy/ptII/lib/commons-logging-1.1.1.jar:/home/travis/build/icyphy/ptII/lib/sootclasses.jar:/home/travis/build/icyphy/ptII/ptolemy/actor/lib/database/mysql-connector-java-5.1.6-bin.jar:/home/travis/build/icyphy/ptII/vendors/misc/sphinx4/sphinx4-data-5prealpha.jar:/home/travis/build/icyphy/ptII/vendors/misc/sphinx4/sphinx4-core-5prealpha.jar:/home/travis/build/icyphy/ptII/lib/PDFRenderer.jar:/home/travis/build/icyphy/ptII/lib/svgSalamander.jar:/home/travis/build/icyphy/ptII/lib/rsyntaxtextarea-2.6.0-SNAPSHOT.jar:/home/travis/build/icyphy/ptII/lib/hazelcast-3.8.2.jar:/home/travis/build/icyphy/ptII/lib/jackson-annotations-2.9.0.jar:/home/travis/build/icyphy/ptII/lib/jackson-core-2.9.3.jar:/home/travis/build/icyphy/ptII/lib/jackson-databind-2.9.3.jar:/home/travis/build/icyphy/ptII/lib/netty-buffer-4.1.19.Final.jar:/home/travis/build/icyphy/ptII/lib/netty-codec-4.1.19.Final.jar:/home/travis/build/icyphy/ptII/lib/netty-codec-dns-4.1.19.Final.jar:/home/travis/build/icyphy/ptII/lib/netty-codec-http-4.1.19.Final.jar:/home/travis/build/icyphy/ptII/lib/netty-codec-http2-4.1.19.Final.jar:/home/travis/build/icyphy/ptII/lib/netty-common-4.1.19.Final.jar:/home/travis/build/icyphy/ptII/lib/netty-handler-4.1.19.Final.jar:/home/travis/build/icyphy/ptII/lib/netty-resolver-4.1.19.Final.jar:/home/travis/build/icyphy/ptII/lib/netty-resolver-dns-4.1.19.Final.jar:/home/travis/build/icyphy/ptII/lib/netty-transport-4.1.19.Final.jar:/home/travis/build/icyphy/ptII/lib/vertx-codegen-3.5.1.jar:/home/travis/build/icyphy/ptII/lib/vertx-core-3.5.2-SNAPSHOT.jar:/home/travis/build/icyphy/ptII/lib/vertx-hazelcast-3.5.1.jar:/home/travis/build/icyphy/ptII/lib/vertx-lang-js-3.5.1.jar:/home/travis/build/icyphy/ptII/lib/vertx-service-proxy-3.5.1.jar:/home/travis/build/icyphy/ptII/lib/vertx-web-3.5.1.jar:/home/travis/build/icyphy/ptII/lib/slf4j-api-1.7.13.jar:/home/travis/build/icyphy/ptII/lib/slf4j-simple-1.7.13.jar:/home/travis/build/icyphy/ptII/lib/webcam-capture-0.3.12.jar:/home/travis/build/icyphy/ptII/lib/bridj-0.7.0.jar:/home/travis/build/icyphy/ptII/lib/xbjlib-1.1.0.nrjavaserial.jar:/home/travis/build/icyphy/ptII/ptolemy/moml/test:/home/travis/build/icyphy/ptII/ant/lib/ant-launcher.jar:/home/travis/build/icyphy/ptII/ant/lib/ant.jar:/home/travis/build/icyphy/ptII/ant/lib/ant-junit.jar:/home/travis/build/icyphy/ptII/ant/lib/ant-junit4.jar" />
    <property name="ant.library.dir" value="/home/travis/build/icyphy/ptII/ant/lib" />
    <property name="os.arch" value="amd64" />
    <property name="env.CONTINUOUS_INTEGRATION" value="true" />
    <property name="env.TRAVIS_LANGUAGE" value="node_js" />
    <property name="env.TRAVIS_STACK_LANGUAGES" value="__sardonyx__ c c++ clojure cplusplus cpp default generic go groovy java node_js php pure_java python ruby scala" />
    <property name="test.name" value="ptolemy.actor.lib.test.junit.JUnitTclTest" />
    <property name="env.APT_KEY_DONT_WARN_ON_DANGEROUS_USAGE" value="1" />
    <property name="sun.java.launcher" value="SUN_STANDARD" />
    <property name="env.PYTHON_CONFIGURE_OPTS" value="--enable-unicode=ucs4 --with-wide-unicode --enable-shared --enable-ipv6 --enable-loadable-sqlite-extensions --with-computed-gotos" />
    <property name="ant.core.lib" value="/home/travis/build/icyphy/ptII/ant/lib/ant.jar" />
    <property name="java.vm.specification.vendor" value="Oracle Corporation" />
    <property name="env.BCVTB_HOME" value="/home/travis/build/icyphy/ptII/lbnl" />
    <property name="file.separator" value="/" />
    <property name="spotbugs.home" value="/home/travis/build/icyphy/ptII/vendors/spotbugs-3.1.1" />
    <property name="java.runtime.version" value="11.0.2+9" />
    <property name="env.ANSI_CLEAR" value="\033[0K" />
    <property name="javafx.verbose" value="true" />
    <property name="env.HAS_JOSH_K_SEAL_OF_APPROVAL" value="true" />
    <property name="env.XDG_RUNTIME_DIR" value="/run/user/2000" />
    <property name="env.TRAVIS_OSX_IMAGE" value="" />
    <property name="env.TRAVIS_JOB_ID" value="688833108" />
    <property name="env.TRAVIS_BRANCH" value="master" />
    <property name="user.country" value="US" />
    <property name="env.CERTI_HOME_TRAVIS" value="/home/travis/pthla/certi-tools" />
    <property name="env.SHELL" value="/bin/bash" />
    <property name="java.maxmemory.large" value="3200m" />
    <property name="model" value="" />
    <property name="env.CASHER_DIR" value="/home/travis/.casher" />
    <property name="env.NVM_CD_FLAGS" value="" />
    <property name="java.vendor.version" value="18.9" />
    <property name="jshint.executable" value="/home/travis/node_modules/jshint/bin/jshint" />
    <property name="env.JRUBY_OPTS" value=" --client -J-XX:+TieredCompilation -J-XX:TieredStopAtLevel=1 -J-Xss2m -Xcompile.invokedynamic=false" />
    <property name="java.vendor" value="Oracle Corporation" />
    <property name="env.TRAVIS_PRE_CHEF_BOOTSTRAP_TIME" value="2019-03-25T16:16:42" />
    <property name="env.TRAVIS_STACK_JOB_BOARD_REGISTER" value="/.job-board-register.yml" />
    <property name="env.ANSI_RED" value="\033[31;1m" />
    <property name="java.specification.version" value="11" />
    <property name="env.IRBRC" value="/home/travis/.rvm/rubies/ruby-2.5.3/.irbrc" />
    <property name="env.TRAVIS" value="true" />
    <property name="sun.arch.data.model" value="64" />
  </properties>
  <testcase classname="ptolemy.util.test.junit.TclTests" name="[0] /home/travis/build/icyphy/ptII/ptolemy/actor/lib/test/AbsoluteValue.tcl (RunTclFile)" time="0.523" />
  <testcase classname="ptolemy.util.test.junit.TclTests" name="[1] /home/travis/build/icyphy/ptII/ptolemy/actor/lib/test/AddSubtract.tcl (RunTclFile)" time="0.176" />
  <testcase classname="ptolemy.util.test.junit.TclTests" name="[2] /home/travis/build/icyphy/ptII/ptolemy/actor/lib/test/Average.tcl (RunTclFile)" time="0.03" />
  <testcase classname="ptolemy.util.test.junit.TclTests" name="[3] /home/travis/build/icyphy/ptII/ptolemy/actor/lib/test/Bernoulli.tcl (RunTclFile)" time="0.044" />
  <testcase classname="ptolemy.util.test.junit.TclTests" name="[4] /home/travis/build/icyphy/ptII/ptolemy/actor/lib/test/Clock.tcl (RunTclFile)" time="0.074" />
  <testcase classname="ptolemy.util.test.junit.TclTests" name="[5] /home/travis/build/icyphy/ptII/ptolemy/actor/lib/test/Commutator.tcl (RunTclFile)" time="0.148" />
  <testcase classname="ptolemy.util.test.junit.TclTests" name="[6] /home/travis/build/icyphy/ptII/ptolemy/actor/lib/test/Const.tcl (RunTclFile)" time="0.127" />
  <testcase classname="ptolemy.util.test.junit.TclTests" name="[7] /home/travis/build/icyphy/ptII/ptolemy/actor/lib/test/CurrentTime.tcl (RunTclFile)" time="0.033" />
  <testcase classname="ptolemy.util.test.junit.TclTests" name="[8] /home/travis/build/icyphy/ptII/ptolemy/actor/lib/test/DB.tcl (RunTclFile)" time="0.038" />
  <testcase classname="ptolemy.util.test.junit.TclTests" name="[9] /home/travis/build/icyphy/ptII/ptolemy/actor/lib/test/DiscreteRandomSource.tcl (RunTclFile)" time="0.046" />
  <testcase classname="ptolemy.util.test.junit.TclTests" name="[10] /home/travis/build/icyphy/ptII/ptolemy/actor/lib/test/Distributor.tcl (RunTclFile)" time="0.095" />
  <testcase classname="ptolemy.util.test.junit.TclTests" name="[11] /home/travis/build/icyphy/ptII/ptolemy/actor/lib/test/Exit.tcl (RunTclFile)" time="0.096" />
  <testcase classname="ptolemy.util.test.junit.TclTests" name="[12] /home/travis/build/icyphy/ptII/ptolemy/actor/lib/test/Expression.tcl (RunTclFile)" time="0.065" />
  <testcase classname="ptolemy.util.test.junit.TclTests" name="[13] /home/travis/build/icyphy/ptII/ptolemy/actor/lib/test/Gaussian.tcl (RunTclFile)" time="0.793" />
  <testcase classname="ptolemy.util.test.junit.TclTests" name="[14] /home/travis/build/icyphy/ptII/ptolemy/actor/lib/test/IIR.tcl (RunTclFile)" time="0.044" />
  <testcase classname="ptolemy.util.test.junit.TclTests" name="[15] /home/travis/build/icyphy/ptII/ptolemy/actor/lib/test/Interpolator.tcl (RunTclFile)" time="0.106" />
  <testcase classname="ptolemy.util.test.junit.TclTests" name="[16] /home/travis/build/icyphy/ptII/ptolemy/actor/lib/test/MathFunction.tcl (RunTclFile)" time="0.081" />
  <testcase classname="ptolemy.util.test.junit.TclTests" name="[17] /home/travis/build/icyphy/ptII/ptolemy/actor/lib/test/Maximum.tcl (RunTclFile)" time="0.022" />
  <testcase classname="ptolemy.util.test.junit.TclTests" name="[18] /home/travis/build/icyphy/ptII/ptolemy/actor/lib/test/Minimum.tcl (RunTclFile)" time="0.018" />
  <testcase classname="ptolemy.util.test.junit.TclTests" name="[19] /home/travis/build/icyphy/ptII/ptolemy/actor/lib/test/MultiplyDivide.tcl (RunTclFile)" time="0.021" />
  <testcase classname="ptolemy.util.test.junit.TclTests" name="[20] /home/travis/build/icyphy/ptII/ptolemy/actor/lib/test/OrderedMerge.tcl (RunTclFile)" time="0.121" />
  <testcase classname="ptolemy.util.test.junit.TclTests" name="[21] /home/travis/build/icyphy/ptII/ptolemy/actor/lib/test/Publisher.tcl (RunTclFile)" time="0.857" />
  <testcase classname="ptolemy.util.test.junit.TclTests" name="[22] /home/travis/build/icyphy/ptII/ptolemy/actor/lib/test/Pulse.tcl (RunTclFile)" time="0.053" />
  <testcase classname="ptolemy.util.test.junit.TclTests" name="[23] /home/travis/build/icyphy/ptII/ptolemy/actor/lib/test/Ramp.tcl (RunTclFile)" time="1.999" />
  <testcase classname="ptolemy.util.test.junit.TclTests" name="[24] /home/travis/build/icyphy/ptII/ptolemy/actor/lib/test/RampContinuous.tcl (RunTclFile)" time="0.017" />
  <testcase classname="ptolemy.util.test.junit.TclTests" name="[25] /home/travis/build/icyphy/ptII/ptolemy/actor/lib/test/RecordAssembler.tcl (RunTclFile)" time="0.015" />
  <testcase classname="ptolemy.util.test.junit.TclTests" name="[26] /home/travis/build/icyphy/ptII/ptolemy/actor/lib/test/RecordDisassembler.tcl (RunTclFile)" time="0.019" />
  <testcase classname="ptolemy.util.test.junit.TclTests" name="[27] /home/travis/build/icyphy/ptII/ptolemy/actor/lib/test/Scale.tcl (RunTclFile)" time="0.017" />
  <testcase classname="ptolemy.util.test.junit.TclTests" name="[28] /home/travis/build/icyphy/ptII/ptolemy/actor/lib/test/SequentialClock.tcl (RunTclFile)" time="0.012" />
  <testcase classname="ptolemy.util.test.junit.TclTests" name="[29] /home/travis/build/icyphy/ptII/ptolemy/actor/lib/test/SetVariable.tcl (RunTclFile)" time="0.009" />
  <testcase classname="ptolemy.util.test.junit.TclTests" name="[30] /home/travis/build/icyphy/ptII/ptolemy/actor/lib/test/Sinewave.tcl (RunTclFile)" time="0.03" />
  <testcase classname="ptolemy.util.test.junit.TclTests" name="[31] /home/travis/build/icyphy/ptII/ptolemy/actor/lib/test/SubscriptionAggregator.tcl (RunTclFile)" time="2.259" />
  <testcase classname="ptolemy.util.test.junit.TclTests" name="[32] /home/travis/build/icyphy/ptII/ptolemy/actor/lib/test/Test.tcl (RunTclFile)" time="0.093" />
  <testcase classname="ptolemy.util.test.junit.TclTests" name="[33] /home/travis/build/icyphy/ptII/ptolemy/actor/lib/test/TestExceptionHandler.tcl (RunTclFile)" time="0.012" />
  <testcase classname="ptolemy.util.test.junit.TclTests" name="[34] /home/travis/build/icyphy/ptII/ptolemy/actor/lib/test/UnionDisassembler.tcl (RunTclFile)" time="0.061" />
  <testcase classname="ptolemy.util.test.junit.TclTests" name="[35] /home/travis/build/icyphy/ptII/ptolemy/actor/lib/test/VariableClock.tcl (RunTclFile)" time="0.017" />
  <testcase classname="ptolemy.util.test.junit.AutoKnownFailedTests" name="[0] /home/travis/build/icyphy/ptII/ptolemy/actor/lib/test/auto/knownFailedTests/PublisherPortToplevelSubscriber.xml (RunModel)" time="0.034" />
  <testcase classname="ptolemy.util.test.junit.AutoKnownFailedTests" name="[1] /home/travis/build/icyphy/ptII/ptolemy/actor/lib/test/auto/knownFailedTests/PublisherSubscriberPortToplevel.xml (RunModel)" time="0.039" />
  <testcase classname="ptolemy.util.test.junit.AutoKnownFailedTests" name="[2] /home/travis/build/icyphy/ptII/ptolemy/actor/lib/test/auto/knownFailedTests/PublisherSubscriptionAggregatorPort.xml (RunModel)" time="0.022" />
  <testcase classname="ptolemy.util.test.junit.AutoKnownFailedTests" name="[3] /home/travis/build/icyphy/ptII/ptolemy/actor/lib/test/auto/knownFailedTests/sizedarray3.xml (RunModel)" time="0.027" />
  <testcase classname="ptolemy.util.test.junit.AutoNameArchTests" name="[0] ThereAreNoAutoArchTests (RunModel)" time="0.005" />
  <testcase classname="ptolemy.util.test.junit.AutoTests" name="[0] /home/travis/build/icyphy/ptII/ptolemy/actor/lib/test/auto/AbsoluteValue.xml (RunModel)" time="0.109" />
  <testcase classname="ptolemy.util.test.junit.AutoTests" name="[1] /home/travis/build/icyphy/ptII/ptolemy/actor/lib/test/auto/AbsoluteValue2.xml (RunModel)" time="0.056" />
  <testcase classname="ptolemy.util.test.junit.AutoTests" name="[2] /home/travis/build/icyphy/ptII/ptolemy/actor/lib/test/auto/Accumulator.xml (RunModel)" time="0.068" />
  <testcase classname="ptolemy.util.test.junit.AutoTests" name="[3] /home/travis/build/icyphy/ptII/ptolemy/actor/lib/test/auto/Accumulator2.xml (RunModel)" time="0.054" />
  <testcase classname="ptolemy.util.test.junit.AutoTests" name="[4] /home/travis/build/icyphy/ptII/ptolemy/actor/lib/test/auto/Accumulator3.xml (RunModel)" time="0.063" />
  <testcase classname="ptolemy.util.test.junit.AutoTests" name="[5] /home/travis/build/icyphy/ptII/ptolemy/actor/lib/test/auto/ArrayAppend.xml (RunModel)" time="0.046" />
  <testcase classname="ptolemy.util.test.junit.AutoTests" name="[6] /home/travis/build/icyphy/ptII/ptolemy/actor/lib/test/auto/ArrayAppend2.xml (RunModel)" time="0.427" />
  <testcase classname="ptolemy.util.test.junit.AutoTests" name="[7] /home/travis/build/icyphy/ptII/ptolemy/actor/lib/test/auto/ArrayAppend3.xml (RunModel)" time="0.049" />
  <testcase classname="ptolemy.util.test.junit.AutoTests" name="[8] /home/travis/build/icyphy/ptII/ptolemy/actor/lib/test/auto/ArrayAppend4.xml (RunModel)" time="0.02" />
  <testcase classname="ptolemy.util.test.junit.AutoTests" name="[9] /home/travis/build/icyphy/ptII/ptolemy/actor/lib/test/auto/ArrayAppend5.xml (RunModel)" time="0.022" />
  <testcase classname="ptolemy.util.test.junit.AutoTests" name="[10] /home/travis/build/icyphy/ptII/ptolemy/actor/lib/test/auto/ArrayAppend6.xml (RunModel)" time="0.021" />
  <testcase classname="ptolemy.util.test.junit.AutoTests" name="[11] /home/travis/build/icyphy/ptII/ptolemy/actor/lib/test/auto/ArrayAppendPerformanceTest.xml (RunModel)" time="0.068" />
  <testcase classname="ptolemy.util.test.junit.AutoTests" name="[12] /home/travis/build/icyphy/ptII/ptolemy/actor/lib/test/auto/ArrayAppendWithEmptyInput.xml (RunModel)" time="0.041" />
  <testcase classname="ptolemy.util.test.junit.AutoTests" name="[13] /home/travis/build/icyphy/ptII/ptolemy/actor/lib/test/auto/ArrayAverage.xml (RunModel)" time="0.034" />
  <testcase classname="ptolemy.util.test.junit.AutoTests" name="[14] /home/travis/build/icyphy/ptII/ptolemy/actor/lib/test/auto/ArrayContains.xml (RunModel)" time="0.033" />
  <testcase classname="ptolemy.util.test.junit.AutoTests" name="[15] /home/travis/build/icyphy/ptII/ptolemy/actor/lib/test/auto/ArrayElement.xml (RunModel)" time="0.031" />
  <testcase classname="ptolemy.util.test.junit.AutoTests" name="[16] /home/travis/build/icyphy/ptII/ptolemy/actor/lib/test/auto/ArrayElementAsMatrix.xml (RunModel)" time="0.071" />
  <testcase classname="ptolemy.util.test.junit.AutoTests" name="[17] /home/travis/build/icyphy/ptII/ptolemy/actor/lib/test/auto/ArrayElementI.xml (RunModel)" time="0.026" />
  <testcase classname="ptolemy.util.test.junit.AutoTests" name="[18] /home/travis/build/icyphy/ptII/ptolemy/actor/lib/test/auto/ArrayExtract.xml (RunModel)" time="0.043" />
  <testcase classname="ptolemy.util.test.junit.AutoTests" name="[19] /home/travis/build/icyphy/ptII/ptolemy/actor/lib/test/auto/ArrayExtract2.xml (RunModel)" time="0.021" />
  <testcase classname="ptolemy.util.test.junit.AutoTests" name="[20] /home/travis/build/icyphy/ptII/ptolemy/actor/lib/test/auto/ArrayLength.xml (RunModel)" time="0.023" />
  <testcase classname="ptolemy.util.test.junit.AutoTests" name="[21] /home/travis/build/icyphy/ptII/ptolemy/actor/lib/test/auto/ArrayLevelCrossing.xml (RunModel)" time="0.031" />
  <testcase classname="ptolemy.util.test.junit.AutoTests" name="[22] /home/travis/build/icyphy/ptII/ptolemy/actor/lib/test/auto/ArrayLevelCrossing2.xml (RunModel)" time="0.029" />
  <testcase classname="ptolemy.util.test.junit.AutoTests" name="[23] /home/travis/build/icyphy/ptII/ptolemy/actor/lib/test/auto/ArrayPeakSearch.xml (RunModel)" time="0.044" />
  <testcase classname="ptolemy.util.test.junit.AutoTests" name="[24] /home/travis/build/icyphy/ptII/ptolemy/actor/lib/test/auto/ArrayPeakSearch2.xml (RunModel)" time="0.05" />
  <testcase classname="ptolemy.util.test.junit.AutoTests" name="[25] /home/travis/build/icyphy/ptII/ptolemy/actor/lib/test/auto/ArrayPeakSearch3.xml (RunModel)" time="0.039" />
  <testcase classname="ptolemy.util.test.junit.AutoTests" name="[26] /home/travis/build/icyphy/ptII/ptolemy/actor/lib/test/auto/ArrayRemoveElement.xml (RunModel)" time="0.038" />
  <testcase classname="ptolemy.util.test.junit.AutoTests" name="[27] /home/travis/build/icyphy/ptII/ptolemy/actor/lib/test/auto/ArraySort.xml (RunModel)" time="0.054" />
  <testcase classname="ptolemy.util.test.junit.AutoTests" name="[28] /home/travis/build/icyphy/ptII/ptolemy/actor/lib/test/auto/ArraySum.xml (RunModel)" time="0.02" />
  <testcase classname="ptolemy.util.test.junit.AutoTests" name="[29] /home/travis/build/icyphy/ptII/ptolemy/actor/lib/test/auto/ArrayToElements.xml (RunModel)" time="0.025" />
  <testcase classname="ptolemy.util.test.junit.AutoTests" name="[30] /home/travis/build/icyphy/ptII/ptolemy/actor/lib/test/auto/ArrayToMatrix.xml (RunModel)" time="0.068" />
  <testcase classname="ptolemy.util.test.junit.AutoTests" name="[31] /home/travis/build/icyphy/ptII/ptolemy/actor/lib/test/auto/ArrayUpdate1.xml (RunModel)" time="0.02" />
  <testcase classname="ptolemy.util.test.junit.AutoTests" name="[32] /home/travis/build/icyphy/ptII/ptolemy/actor/lib/test/auto/ArrayUpdate2.xml (RunModel)" time="0.019" />
  <testcase classname="ptolemy.util.test.junit.AutoTests" name="[33] /home/travis/build/icyphy/ptII/ptolemy/actor/lib/test/auto/ArrayUpdate3.xml (RunModel)" time="0.015" />
  <testcase classname="ptolemy.util.test.junit.AutoTests" name="[34] /home/travis/build/icyphy/ptII/ptolemy/actor/lib/test/auto/Assert1.xml (RunModel)" time="0.02" />
  <testcase classname="ptolemy.util.test.junit.AutoTests" name="[35] /home/travis/build/icyphy/ptII/ptolemy/actor/lib/test/auto/Assert2.xml (RunModel)" time="0.016" />
  <testcase classname="ptolemy.util.test.junit.AutoTests" name="[36] /home/travis/build/icyphy/ptII/ptolemy/actor/lib/test/auto/BooleanMultiplexor.xml (RunModel)" time="0.015" />
  <testcase classname="ptolemy.util.test.junit.AutoTests" name="[37] /home/travis/build/icyphy/ptII/ptolemy/actor/lib/test/auto/BooleanMultiplexor2.xml (RunModel)" time="0.015" />
  <testcase classname="ptolemy.util.test.junit.AutoTests" name="[38] /home/travis/build/icyphy/ptII/ptolemy/actor/lib/test/auto/BooleanMultiplexor3.xml (RunModel)" time="0.011" />
  <testcase classname="ptolemy.util.test.junit.AutoTests" name="[39] /home/travis/build/icyphy/ptII/ptolemy/actor/lib/test/auto/BooleanSelect.xml (RunModel)" time="0.026" />
  <testcase classname="ptolemy.util.test.junit.AutoTests" name="[40] /home/travis/build/icyphy/ptII/ptolemy/actor/lib/test/auto/BooleanSelect2.xml (RunModel)" time="0.036" />
  <testcase classname="ptolemy.util.test.junit.AutoTests" name="[41] /home/travis/build/icyphy/ptII/ptolemy/actor/lib/test/auto/BooleanSwitch.xml (RunModel)" time="0.017" />
  <testcase classname="ptolemy.util.test.junit.AutoTests" name="[42] /home/travis/build/icyphy/ptII/ptolemy/actor/lib/test/auto/BooleanSwitch2.xml (RunModel)" time="0.012" />
  <testcase classname="ptolemy.util.test.junit.AutoTests" name="[43] /home/travis/build/icyphy/ptII/ptolemy/actor/lib/test/auto/BooleanSwitchCloningBugWithClassRelationGroup.xml (RunModel)" time="0.025" />
  <testcase classname="ptolemy.util.test.junit.AutoTests" name="[44] /home/travis/build/icyphy/ptII/ptolemy/actor/lib/test/auto/BusActors.xml (RunModel)" time="0.026" />
  <testcase classname="ptolemy.util.test.junit.AutoTests" name="[45] /home/travis/build/icyphy/ptII/ptolemy/actor/lib/test/auto/ClassWrapper.xml (RunModel)" time="0.012" />
  <testcase classname="ptolemy.util.test.junit.AutoTests" name="[46] /home/travis/build/icyphy/ptII/ptolemy/actor/lib/test/auto/Clock.xml (RunModel)" time="0.01" />
  <testcase classname="ptolemy.util.test.junit.AutoTests" name="[47] /home/travis/build/icyphy/ptII/ptolemy/actor/lib/test/auto/Clock10.xml (RunModel)" time="0.019" />
  <testcase classname="ptolemy.util.test.junit.AutoTests" name="[48] /home/travis/build/icyphy/ptII/ptolemy/actor/lib/test/auto/Clock11.xml (RunModel)" time="0.016" />
  <testcase classname="ptolemy.util.test.junit.AutoTests" name="[49] /home/travis/build/icyphy/ptII/ptolemy/actor/lib/test/auto/Clock12.xml (RunModel)" time="0.019" />
  <testcase classname="ptolemy.util.test.junit.AutoTests" name="[50] /home/travis/build/icyphy/ptII/ptolemy/actor/lib/test/auto/Clock13.xml (RunModel)" time="0.018" />
  <testcase classname="ptolemy.util.test.junit.AutoTests" name="[51] /home/travis/build/icyphy/ptII/ptolemy/actor/lib/test/auto/Clock14.xml (RunModel)" time="0.018" />
  <testcase classname="ptolemy.util.test.junit.AutoTests" name="[52] /home/travis/build/icyphy/ptII/ptolemy/actor/lib/test/auto/Clock15.xml (RunModel)" time="0.018" />
  <testcase classname="ptolemy.util.test.junit.AutoTests" name="[53] /home/travis/build/icyphy/ptII/ptolemy/actor/lib/test/auto/Clock16.xml (RunModel)" time="0.1" />
  <testcase classname="ptolemy.util.test.junit.AutoTests" name="[54] /home/travis/build/icyphy/ptII/ptolemy/actor/lib/test/auto/Clock17.xml (RunModel)" time="0.069" />
  <testcase classname="ptolemy.util.test.junit.AutoTests" name="[55] /home/travis/build/icyphy/ptII/ptolemy/actor/lib/test/auto/Clock18.xml (RunModel)" time="0.047" />
  <testcase classname="ptolemy.util.test.junit.AutoTests" name="[56] /home/travis/build/icyphy/ptII/ptolemy/actor/lib/test/auto/Clock19.xml (RunModel)" time="0.04" />
  <testcase classname="ptolemy.util.test.junit.AutoTests" name="[57] /home/travis/build/icyphy/ptII/ptolemy/actor/lib/test/auto/Clock2.xml (RunModel)" time="0.014" />
  <testcase classname="ptolemy.util.test.junit.AutoTests" name="[58] /home/travis/build/icyphy/ptII/ptolemy/actor/lib/test/auto/Clock20.xml (RunModel)" time="0.027" />
  <testcase classname="ptolemy.util.test.junit.AutoTests" name="[59] /home/travis/build/icyphy/ptII/ptolemy/actor/lib/test/auto/Clock21.xml (RunModel)" time="0.013" />
  <testcase classname="ptolemy.util.test.junit.AutoTests" name="[60] /home/travis/build/icyphy/ptII/ptolemy/actor/lib/test/auto/Clock22.xml (RunModel)" time="0.013" />
  <testcase classname="ptolemy.util.test.junit.AutoTests" name="[61] /home/travis/build/icyphy/ptII/ptolemy/actor/lib/test/auto/Clock23.xml (RunModel)" time="0.018" />
  <testcase classname="ptolemy.util.test.junit.AutoTests" name="[62] /home/travis/build/icyphy/ptII/ptolemy/actor/lib/test/auto/Clock24.xml (RunModel)" time="0.013" />
  <testcase classname="ptolemy.util.test.junit.AutoTests" name="[63] /home/travis/build/icyphy/ptII/ptolemy/actor/lib/test/auto/Clock4.xml (RunModel)" time="0.044" />
  <testcase classname="ptolemy.util.test.junit.AutoTests" name="[64] /home/travis/build/icyphy/ptII/ptolemy/actor/lib/test/auto/Clock5.xml (RunModel)" time="0.012" />
  <testcase classname="ptolemy.util.test.junit.AutoTests" name="[65] /home/travis/build/icyphy/ptII/ptolemy/actor/lib/test/auto/Clock6.xml (RunModel)" time="0.01" />
  <testcase classname="ptolemy.util.test.junit.AutoTests" name="[66] /home/travis/build/icyphy/ptII/ptolemy/actor/lib/test/auto/Clock7.xml (RunModel)" time="0.01" />
  <testcase classname="ptolemy.util.test.junit.AutoTests" name="[67] /home/travis/build/icyphy/ptII/ptolemy/actor/lib/test/auto/Clock8.xml (RunModel)" time="0.017" />
  <testcase classname="ptolemy.util.test.junit.AutoTests" name="[68] /home/travis/build/icyphy/ptII/ptolemy/actor/lib/test/auto/Clock9.xml (RunModel)" time="0.016" />
  <testcase classname="ptolemy.util.test.junit.AutoTests" name="[69] /home/travis/build/icyphy/ptII/ptolemy/actor/lib/test/auto/CommDistDiscard.xml (RunModel)" time="0.021" />
  <testcase classname="ptolemy.util.test.junit.AutoTests" name="[70] /home/travis/build/icyphy/ptII/ptolemy/actor/lib/test/auto/Commutator.xml (RunModel)" time="0.014" />
  <testcase classname="ptolemy.util.test.junit.AutoTests" name="[71] /home/travis/build/icyphy/ptII/ptolemy/actor/lib/test/auto/Commutator2.xml (RunModel)" time="0.013" />
  <testcase classname="ptolemy.util.test.junit.AutoTests" name="[72] /home/travis/build/icyphy/ptII/ptolemy/actor/lib/test/auto/Commutator3.xml (RunModel)" time="0.012" />
  <testcase classname="ptolemy.util.test.junit.AutoTests" name="[73] /home/travis/build/icyphy/ptII/ptolemy/actor/lib/test/auto/Compare.xml (RunModel)" time="0.019" />
  <testcase classname="ptolemy.util.test.junit.AutoTests" name="[74] /home/travis/build/icyphy/ptII/ptolemy/actor/lib/test/auto/CompareDE.xml (RunModel)" time="0.019" />
  <testcase classname="ptolemy.util.test.junit.AutoTests" name="[75] /home/travis/build/icyphy/ptII/ptolemy/actor/lib/test/auto/ComplexDivide.xml (RunModel)" time="0.014" />
  <testcase classname="ptolemy.util.test.junit.AutoTests" name="[76] /home/travis/build/icyphy/ptII/ptolemy/actor/lib/test/auto/ComputeHistogram.xml (RunModel)" time="0.056" />
  <testcase classname="ptolemy.util.test.junit.AutoTests" name="[77] /home/travis/build/icyphy/ptII/ptolemy/actor/lib/test/auto/ConfigurationSelect.xml (RunModel)" time="0.022" />
  <testcase classname="ptolemy.util.test.junit.AutoTests" name="[78] /home/travis/build/icyphy/ptII/ptolemy/actor/lib/test/auto/ConfigurationSelect2.xml (RunModel)" time="0.02" />
  <testcase classname="ptolemy.util.test.junit.AutoTests" name="[79] /home/travis/build/icyphy/ptII/ptolemy/actor/lib/test/auto/ConfigurationSwitch.xml (RunModel)" time="0.023" />
  <testcase classname="ptolemy.util.test.junit.AutoTests" name="[80] /home/travis/build/icyphy/ptII/ptolemy/actor/lib/test/auto/ConfigurationSwitch2.xml (RunModel)" time="0.023" />
  <testcase classname="ptolemy.util.test.junit.AutoTests" name="[81] /home/travis/build/icyphy/ptII/ptolemy/actor/lib/test/auto/ConfigurationSwitchCloningBugWithClassRelationGroup.xml (RunModel)" time="0.028" />
  <testcase classname="ptolemy.util.test.junit.AutoTests" name="[82] /home/travis/build/icyphy/ptII/ptolemy/actor/lib/test/auto/ConfigurationSwitchSelectSDF.xml (RunModel)" time="0.014" />
  <testcase classname="ptolemy.util.test.junit.AutoTests" name="[83] /home/travis/build/icyphy/ptII/ptolemy/actor/lib/test/auto/ConfigurationSwitchSelectSDF2.xml (RunModel)" time="0.013" />
  <testcase classname="ptolemy.util.test.junit.AutoTests" name="[84] /home/travis/build/icyphy/ptII/ptolemy/actor/lib/test/auto/Const.xml (RunModel)" time="0.008" />
  <testcase classname="ptolemy.util.test.junit.AutoTests" name="[85] /home/travis/build/icyphy/ptII/ptolemy/actor/lib/test/auto/Const2.xml (RunModel)" time="0.01" />
  <testcase classname="ptolemy.util.test.junit.AutoTests" name="[86] /home/travis/build/icyphy/ptII/ptolemy/actor/lib/test/auto/Const3.xml (RunModel)" time="0.008" />
  <testcase classname="ptolemy.util.test.junit.AutoTests" name="[87] /home/travis/build/icyphy/ptII/ptolemy/actor/lib/test/auto/ConstantPublisherPort1.xml (RunModel)" time="0.027" />
  <testcase classname="ptolemy.util.test.junit.AutoTests" name="[88] /home/travis/build/icyphy/ptII/ptolemy/actor/lib/test/auto/ConstantPublisherPort2.xml (RunModel)" time="0.03" />
  <testcase classname="ptolemy.util.test.junit.AutoTests" name="[89] /home/travis/build/icyphy/ptII/ptolemy/actor/lib/test/auto/ConstantPublisherPort3.xml (RunModel)" time="0.022" />
  <testcase classname="ptolemy.util.test.junit.AutoTests" name="[90] /home/travis/build/icyphy/ptII/ptolemy/actor/lib/test/auto/ConstantPublisherPort4.xml (RunModel)" time="0.019" />
  <testcase classname="ptolemy.util.test.junit.AutoTests" name="[91] /home/travis/build/icyphy/ptII/ptolemy/actor/lib/test/auto/ConstantPublisherPort5.xml (RunModel)" time="0.055" />
  <testcase classname="ptolemy.util.test.junit.AutoTests" name="[92] /home/travis/build/icyphy/ptII/ptolemy/actor/lib/test/auto/ConstantPublisherPort6.xml (RunModel)" time="0.035" />
  <testcase classname="ptolemy.util.test.junit.AutoTests" name="[93] /home/travis/build/icyphy/ptII/ptolemy/actor/lib/test/auto/ConstantPublisherPort7.xml (RunModel)" time="0.037" />
  <testcase classname="ptolemy.util.test.junit.AutoTests" name="[94] /home/travis/build/icyphy/ptII/ptolemy/actor/lib/test/auto/ConstraintMonitor1.xml (RunModel)" time="0.038" />
  <testcase classname="ptolemy.util.test.junit.AutoTests" name="[95] /home/travis/build/icyphy/ptII/ptolemy/actor/lib/test/auto/ConstraintMonitor2.xml (RunModel)" time="0.015" />
  <testcase classname="ptolemy.util.test.junit.AutoTests" name="[96] /home/travis/build/icyphy/ptII/ptolemy/actor/lib/test/auto/ConstraintMonitor3.xml (RunModel)" time="0.015" />
  <testcase classname="ptolemy.util.test.junit.AutoTests" name="[97] /home/travis/build/icyphy/ptII/ptolemy/actor/lib/test/auto/ConstraintMonitor4.xml (RunModel)" time="0.018" />
  <testcase classname="ptolemy.util.test.junit.AutoTests" name="[98] /home/travis/build/icyphy/ptII/ptolemy/actor/lib/test/auto/ConstraintMonitor5.xml (RunModel)" time="0.019" />
  <testcase classname="ptolemy.util.test.junit.AutoTests" name="[99] /home/travis/build/icyphy/ptII/ptolemy/actor/lib/test/auto/ConstraintMonitor6.xml (RunModel)" time="0.018" />
  <testcase classname="ptolemy.util.test.junit.AutoTests" name="[100] /home/travis/build/icyphy/ptII/ptolemy/actor/lib/test/auto/ConstraintMonitor7.xml (RunModel)" time="0.022" />
  <testcase classname="ptolemy.util.test.junit.AutoTests" name="[101] /home/travis/build/icyphy/ptII/ptolemy/actor/lib/test/auto/ConstraintMonitor8.xml (RunModel)" time="0.019" />
  <testcase classname="ptolemy.util.test.junit.AutoTests" name="[102] /home/travis/build/icyphy/ptII/ptolemy/actor/lib/test/auto/Counter.xml (RunModel)" time="0.017" />
  <testcase classname="ptolemy.util.test.junit.AutoTests" name="[103] /home/travis/build/icyphy/ptII/ptolemy/actor/lib/test/auto/CurrentTimeSDF.xml (RunModel)" time="0.009" />
  <testcase classname="ptolemy.util.test.junit.AutoTests" name="[104] /home/travis/build/icyphy/ptII/ptolemy/actor/lib/test/auto/DB.xml (RunModel)" time="0.011" />
  <testcase classname="ptolemy.util.test.junit.AutoTests" name="[105] /home/travis/build/icyphy/ptII/ptolemy/actor/lib/test/auto/DBDE.xml (RunModel)" time="0.013" />
  <testcase classname="ptolemy.util.test.junit.AutoTests" name="[106] /home/travis/build/icyphy/ptII/ptolemy/actor/lib/test/auto/DateConstructor.xml (RunModel)" time="0.057" />
  <testcase classname="ptolemy.util.test.junit.AutoTests" name="[107] /home/travis/build/icyphy/ptII/ptolemy/actor/lib/test/auto/DelayTime.xml (RunModel)" time="0.02" />
  <testcase classname="ptolemy.util.test.junit.AutoTests" name="[108] /home/travis/build/icyphy/ptII/ptolemy/actor/lib/test/auto/Dictionary1.xml (RunModel)" time="0.02" />
  <testcase classname="ptolemy.util.test.junit.AutoTests" name="[109] /home/travis/build/icyphy/ptII/ptolemy/actor/lib/test/auto/Dictionary2.xml (RunModel)" time="0.016" />
  <testcase classname="ptolemy.util.test.junit.AutoTests" name="[110] /home/travis/build/icyphy/ptII/ptolemy/actor/lib/test/auto/Dictionary3.xml (RunModel)" time="0.013" />
  <testcase classname="ptolemy.util.test.junit.AutoTests" name="[111] /home/travis/build/icyphy/ptII/ptolemy/actor/lib/test/auto/Dictionary4.xml (RunModel)" time="0.022" />
  <testcase classname="ptolemy.util.test.junit.AutoTests" name="[112] /home/travis/build/icyphy/ptII/ptolemy/actor/lib/test/auto/Differential.xml (RunModel)" time="0.013" />
  <testcase classname="ptolemy.util.test.junit.AutoTests" name="[113] /home/travis/build/icyphy/ptII/ptolemy/actor/lib/test/auto/Director.xml (RunModel)" time="0.011" />
  <testcase classname="ptolemy.util.test.junit.AutoTests" name="[114] /home/travis/build/icyphy/ptII/ptolemy/actor/lib/test/auto/DiscreteClock.xml (RunModel)" time="0.012" />
  <testcase classname="ptolemy.util.test.junit.AutoTests" name="[115] /home/travis/build/icyphy/ptII/ptolemy/actor/lib/test/auto/DiscreteClock10.xml (RunModel)" time="0.012" />
  <testcase classname="ptolemy.util.test.junit.AutoTests" name="[116] /home/travis/build/icyphy/ptII/ptolemy/actor/lib/test/auto/DiscreteClock11.xml (RunModel)" time="0.011" />
  <testcase classname="ptolemy.util.test.junit.AutoTests" name="[117] /home/travis/build/icyphy/ptII/ptolemy/actor/lib/test/auto/DiscreteClock12.xml (RunModel)" time="0.014" />
  <testcase classname="ptolemy.util.test.junit.AutoTests" name="[118] /home/travis/build/icyphy/ptII/ptolemy/actor/lib/test/auto/DiscreteClock13.xml (RunModel)" time="0.016" />
  <testcase classname="ptolemy.util.test.junit.AutoTests" name="[119] /home/travis/build/icyphy/ptII/ptolemy/actor/lib/test/auto/DiscreteClock14.xml (RunModel)" time="0.011" />
  <testcase classname="ptolemy.util.test.junit.AutoTests" name="[120] /home/travis/build/icyphy/ptII/ptolemy/actor/lib/test/auto/DiscreteClock15.xml (RunModel)" time="0.017" />
  <testcase classname="ptolemy.util.test.junit.AutoTests" name="[121] /home/travis/build/icyphy/ptII/ptolemy/actor/lib/test/auto/DiscreteClock16.xml (RunModel)" time="0.045" />
  <testcase classname="ptolemy.util.test.junit.AutoTests" name="[122] /home/travis/build/icyphy/ptII/ptolemy/actor/lib/test/auto/DiscreteClock17.xml (RunModel)" time="0.038" />
  <testcase classname="ptolemy.util.test.junit.AutoTests" name="[123] /home/travis/build/icyphy/ptII/ptolemy/actor/lib/test/auto/DiscreteClock18.xml (RunModel)" time="0.046" />
  <testcase classname="ptolemy.util.test.junit.AutoTests" name="[124] /home/travis/build/icyphy/ptII/ptolemy/actor/lib/test/auto/DiscreteClock19.xml (RunModel)" time="0.049" />
  <testcase classname="ptolemy.util.test.junit.AutoTests" name="[125] /home/travis/build/icyphy/ptII/ptolemy/actor/lib/test/auto/DiscreteClock2.xml (RunModel)" time="0.014" />
  <testcase classname="ptolemy.util.test.junit.AutoTests" name="[126] /home/travis/build/icyphy/ptII/ptolemy/actor/lib/test/auto/DiscreteClock20.xml (RunModel)" time="0.02" />
  <testcase classname="ptolemy.util.test.junit.AutoTests" name="[127] /home/travis/build/icyphy/ptII/ptolemy/actor/lib/test/auto/DiscreteClock21.xml (RunModel)" time="0.02" />
  <testcase classname="ptolemy.util.test.junit.AutoTests" name="[128] /home/travis/build/icyphy/ptII/ptolemy/actor/lib/test/auto/DiscreteClock22.xml (RunModel)" time="0.015" />
  <testcase classname="ptolemy.util.test.junit.AutoTests" name="[129] /home/travis/build/icyphy/ptII/ptolemy/actor/lib/test/auto/DiscreteClock23.xml (RunModel)" time="0.023" />
  <testcase classname="ptolemy.util.test.junit.AutoTests" name="[130] /home/travis/build/icyphy/ptII/ptolemy/actor/lib/test/auto/DiscreteClock24.xml (RunModel)" time="0.013" />
  <testcase classname="ptolemy.util.test.junit.AutoTests" name="[131] /home/travis/build/icyphy/ptII/ptolemy/actor/lib/test/auto/DiscreteClock4.xml (RunModel)" time="0.012" />
  <testcase classname="ptolemy.util.test.junit.AutoTests" name="[132] /home/travis/build/icyphy/ptII/ptolemy/actor/lib/test/auto/DiscreteClock5.xml (RunModel)" time="0.009" />
  <testcase classname="ptolemy.util.test.junit.AutoTests" name="[133] /home/travis/build/icyphy/ptII/ptolemy/actor/lib/test/auto/DiscreteClock6.xml (RunModel)" time="0.008" />
  <testcase classname="ptolemy.util.test.junit.AutoTests" name="[134] /home/travis/build/icyphy/ptII/ptolemy/actor/lib/test/auto/DiscreteClock7.xml (RunModel)" time="0.011" />
  <testcase classname="ptolemy.util.test.junit.AutoTests" name="[135] /home/travis/build/icyphy/ptII/ptolemy/actor/lib/test/auto/DiscreteClock8.xml (RunModel)" time="0.03" />
  <testcase classname="ptolemy.util.test.junit.AutoTests" name="[136] /home/travis/build/icyphy/ptII/ptolemy/actor/lib/test/auto/DiscreteClock9.xml (RunModel)" time="0.013" />
  <testcase classname="ptolemy.util.test.junit.AutoTests" name="[137] /home/travis/build/icyphy/ptII/ptolemy/actor/lib/test/auto/DisplayArray.xml (RunModel)" time="0.01" />
  <testcase classname="ptolemy.util.test.junit.AutoTests" name="[138] /home/travis/build/icyphy/ptII/ptolemy/actor/lib/test/auto/Distributor.xml (RunModel)" time="0.01" />
  <testcase classname="ptolemy.util.test.junit.AutoTests" name="[139] /home/travis/build/icyphy/ptII/ptolemy/actor/lib/test/auto/Distributor2.xml (RunModel)" time="0.01" />
  <testcase classname="ptolemy.util.test.junit.AutoTests" name="[140] /home/travis/build/icyphy/ptII/ptolemy/actor/lib/test/auto/DownSample.xml (RunModel)" time="0.017" />
  <testcase classname="ptolemy.util.test.junit.AutoTests" name="[141] /home/travis/build/icyphy/ptII/ptolemy/actor/lib/test/auto/ElectronicUnitBase1.xml (RunModel)" time="0.061" />
  <testcase classname="ptolemy.util.test.junit.AutoTests" name="[142] /home/travis/build/icyphy/ptII/ptolemy/actor/lib/test/auto/ElementsToArray.xml (RunModel)" time="0.01" />
  <testcase classname="ptolemy.util.test.junit.AutoTests" name="[143] /home/travis/build/icyphy/ptII/ptolemy/actor/lib/test/auto/Equals.xml (RunModel)" time="0.014" />
  <testcase classname="ptolemy.util.test.junit.AutoTests" name="[144] /home/travis/build/icyphy/ptII/ptolemy/actor/lib/test/auto/Exec.xml (RunModel)" time="0.026" />
  <testcase classname="ptolemy.util.test.junit.AutoTests" name="[145] /home/travis/build/icyphy/ptII/ptolemy/actor/lib/test/auto/ExecEnvironment.xml (RunModel)" time="0.035" />
  <testcase classname="ptolemy.util.test.junit.AutoTests" name="[146] /home/travis/build/icyphy/ptII/ptolemy/actor/lib/test/auto/ExecNonZeroReturnOutput.xml (RunModel)" time="0.192" />
  <testcase classname="ptolemy.util.test.junit.AutoTests" name="[147] /home/travis/build/icyphy/ptII/ptolemy/actor/lib/test/auto/ExecRunDemos.xml (RunModel)" time="10.238" />
  <testcase classname="ptolemy.util.test.junit.AutoTests" name="[148] /home/travis/build/icyphy/ptII/ptolemy/actor/lib/test/auto/ExecStop.xml (RunModel)" time="5.039" />
  <testcase classname="ptolemy.util.test.junit.AutoTests" name="[149] /home/travis/build/icyphy/ptII/ptolemy/actor/lib/test/auto/ExecutionTimeSDF.xml (RunModel)" time="6.039">
    <error type="java.lang.reflect.InvocationTargetException">java.lang.reflect.InvocationTargetException
	at jdk.internal.reflect.GeneratedConstructorAccessor36.newInstance(Unknown Source)
	at java.base/jdk.internal.reflect.DelegatingConstructorAccessorImpl.newInstance(DelegatingConstructorAccessorImpl.java:45)
	at java.base/java.lang.reflect.Constructor.newInstance(Constructor.java:490)
	at ptolemy.util.test.junit.AutoTests.RunModel(AutoTests.java:193)
	at jdk.internal.reflect.GeneratedMethodAccessor43.invoke(Unknown Source)
	at java.base/jdk.internal.reflect.DelegatingMethodAccessorImpl.invoke(DelegatingMethodAccessorImpl.java:43)
	at junitparams.internal.InvokeParameterisedMethod.evaluate(InvokeParameterisedMethod.java:102)
Caused by: ptolemy.kernel.util.IllegalActionException: Test fails in iteration 0.
Value was: 6001L. Should have been: 6000L
  in .ExecutionTimeSDF.NonStrictTest
	at ptolemy.actor.lib.NonStrictTest.postfire(NonStrictTest.java:328)
	at ptolemy.actor.AtomicActor.iterate(AtomicActor.java:518)
	at ptolemy.actor.sched.StaticSchedulingDirector.fire(StaticSchedulingDirector.java:216)
	at ptolemy.domains.sdf.kernel.SDFDirector.fire(SDFDirector.java:500)
	at ptolemy.actor.CompositeActor.fire(CompositeActor.java:455)
	at ptolemy.actor.Manager.iterate(Manager.java:851)
	at ptolemy.actor.Manager.execute(Manager.java:369)
	at ptolemy.actor.Manager.run(Manager.java:1263)
	at ptolemy.actor.Manager$PtolemyRunThread.run(Manager.java:1933)
</error>
  </testcase>
  <testcase classname="ptolemy.util.test.junit.AutoTests" name="[150] /home/travis/build/icyphy/ptII/ptolemy/actor/lib/test/auto/Expression1.xml (RunModel)" time="0.014" />
  <testcase classname="ptolemy.util.test.junit.AutoTests" name="[151] /home/travis/build/icyphy/ptII/ptolemy/actor/lib/test/auto/Expression10.xml (RunModel)" time="0.016" />
  <testcase classname="ptolemy.util.test.junit.AutoTests" name="[152] /home/travis/build/icyphy/ptII/ptolemy/actor/lib/test/auto/Expression11.xml (RunModel)" time="0.026" />
  <testcase classname="ptolemy.util.test.junit.AutoTests" name="[153] /home/travis/build/icyphy/ptII/ptolemy/actor/lib/test/auto/Expression12.xml (RunModel)" time="0.013" />
  <testcase classname="ptolemy.util.test.junit.AutoTests" name="[154] /home/travis/build/icyphy/ptII/ptolemy/actor/lib/test/auto/Expression13.xml (RunModel)" time="0.014" />
  <testcase classname="ptolemy.util.test.junit.AutoTests" name="[155] /home/travis/build/icyphy/ptII/ptolemy/actor/lib/test/auto/Expression14.xml (RunModel)" time="0.02" />
  <testcase classname="ptolemy.util.test.junit.AutoTests" name="[156] /home/travis/build/icyphy/ptII/ptolemy/actor/lib/test/auto/Expression15.xml (RunModel)" time="0.007" />
  <testcase classname="ptolemy.util.test.junit.AutoTests" name="[157] /home/travis/build/icyphy/ptII/ptolemy/actor/lib/test/auto/Expression16.xml (RunModel)" time="0.012" />
  <testcase classname="ptolemy.util.test.junit.AutoTests" name="[158] /home/travis/build/icyphy/ptII/ptolemy/actor/lib/test/auto/Expression17.xml (RunModel)" time="0.012" />
  <testcase classname="ptolemy.util.test.junit.AutoTests" name="[159] /home/travis/build/icyphy/ptII/ptolemy/actor/lib/test/auto/Expression18.xml (RunModel)" time="0.019" />
  <testcase classname="ptolemy.util.test.junit.AutoTests" name="[160] /home/travis/build/icyphy/ptII/ptolemy/actor/lib/test/auto/Expression2.xml (RunModel)" time="0.011" />
  <testcase classname="ptolemy.util.test.junit.AutoTests" name="[161] /home/travis/build/icyphy/ptII/ptolemy/actor/lib/test/auto/Expression3.xml (RunModel)" time="0.015" />
  <testcase classname="ptolemy.util.test.junit.AutoTests" name="[162] /home/travis/build/icyphy/ptII/ptolemy/actor/lib/test/auto/Expression4.xml (RunModel)" time="0.019" />
  <testcase classname="ptolemy.util.test.junit.AutoTests" name="[163] /home/travis/build/icyphy/ptII/ptolemy/actor/lib/test/auto/Expression5.xml (RunModel)" time="0.011" />
  <testcase classname="ptolemy.util.test.junit.AutoTests" name="[164] /home/travis/build/icyphy/ptII/ptolemy/actor/lib/test/auto/Expression6.xml (RunModel)" time="0.009" />
  <testcase classname="ptolemy.util.test.junit.AutoTests" name="[165] /home/travis/build/icyphy/ptII/ptolemy/actor/lib/test/auto/Expression7.xml (RunModel)" time="0.011" />
  <testcase classname="ptolemy.util.test.junit.AutoTests" name="[166] /home/travis/build/icyphy/ptII/ptolemy/actor/lib/test/auto/Expression8.xml (RunModel)" time="0.017" />
  <testcase classname="ptolemy.util.test.junit.AutoTests" name="[167] /home/travis/build/icyphy/ptII/ptolemy/actor/lib/test/auto/Expression9.xml (RunModel)" time="0.008" />
  <testcase classname="ptolemy.util.test.junit.AutoTests" name="[168] /home/travis/build/icyphy/ptII/ptolemy/actor/lib/test/auto/ExpressionConcatenateArrayType.xml (RunModel)" time="0.026" />
  <testcase classname="ptolemy.util.test.junit.AutoTests" name="[169] /home/travis/build/icyphy/ptII/ptolemy/actor/lib/test/auto/ExpressionConcatenateArrayType2.xml (RunModel)" time="0.023" />
  <testcase classname="ptolemy.util.test.junit.AutoTests" name="[170] /home/travis/build/icyphy/ptII/ptolemy/actor/lib/test/auto/ExpressionFix.xml (RunModel)" time="0.045" />
  <testcase classname="ptolemy.util.test.junit.AutoTests" name="[171] /home/travis/build/icyphy/ptII/ptolemy/actor/lib/test/auto/ExpressionFix2.xml (RunModel)" time="0.013" />
  <testcase classname="ptolemy.util.test.junit.AutoTests" name="[172] /home/travis/build/icyphy/ptII/ptolemy/actor/lib/test/auto/ExpressionFix3.xml (RunModel)" time="0.011" />
  <testcase classname="ptolemy.util.test.junit.AutoTests" name="[173] /home/travis/build/icyphy/ptII/ptolemy/actor/lib/test/auto/FileWriter1.xml (RunModel)" time="0.009" />
  <testcase classname="ptolemy.util.test.junit.AutoTests" name="[174] /home/travis/build/icyphy/ptII/ptolemy/actor/lib/test/auto/FileWriter2.xml (RunModel)" time="0.012" />
  <testcase classname="ptolemy.util.test.junit.AutoTests" name="[175] /home/travis/build/icyphy/ptII/ptolemy/actor/lib/test/auto/FileWriter3.xml (RunModel)" time="0.012" />
  <testcase classname="ptolemy.util.test.junit.AutoTests" name="[176] /home/travis/build/icyphy/ptII/ptolemy/actor/lib/test/auto/Gaussian.xml (RunModel)" time="0.012" />
  <testcase classname="ptolemy.util.test.junit.AutoTests" name="[177] /home/travis/build/icyphy/ptII/ptolemy/actor/lib/test/auto/Gaussian1.xml (RunModel)" time="0.02" />
  <testcase classname="ptolemy.util.test.junit.AutoTests" name="[178] /home/travis/build/icyphy/ptII/ptolemy/actor/lib/test/auto/Gaussian2.xml (RunModel)" time="0.018" />
  <testcase classname="ptolemy.util.test.junit.AutoTests" name="[179] /home/travis/build/icyphy/ptII/ptolemy/actor/lib/test/auto/GradientAdaptiveLattice.xml (RunModel)" time="0.017" />
  <testcase classname="ptolemy.util.test.junit.AutoTests" name="[180] /home/travis/build/icyphy/ptII/ptolemy/actor/lib/test/auto/IIR.xml (RunModel)" time="0.012" />
  <testcase classname="ptolemy.util.test.junit.AutoTests" name="[181] /home/travis/build/icyphy/ptII/ptolemy/actor/lib/test/auto/InputOutputTransparentPorts.xml (RunModel)" time="0.018" />
  <testcase classname="ptolemy.util.test.junit.AutoTests" name="[182] /home/travis/build/icyphy/ptII/ptolemy/actor/lib/test/auto/Interpolator.xml (RunModel)" time="0.012" />
  <testcase classname="ptolemy.util.test.junit.AutoTests" name="[183] /home/travis/build/icyphy/ptII/ptolemy/actor/lib/test/auto/InterpolatorFiringLimitDE.xml (RunModel)" time="0.013" />
  <testcase classname="ptolemy.util.test.junit.AutoTests" name="[184] /home/travis/build/icyphy/ptII/ptolemy/actor/lib/test/auto/Lattice.xml (RunModel)" time="0.028" />
  <testcase classname="ptolemy.util.test.junit.AutoTests" name="[185] /home/travis/build/icyphy/ptII/ptolemy/actor/lib/test/auto/LazyAOCTestLazy.xml (RunModel)" time="0.027" />
  <testcase classname="ptolemy.util.test.junit.AutoTests" name="[186] /home/travis/build/icyphy/ptII/ptolemy/actor/lib/test/auto/LazyAOCTestNonLazy.xml (RunModel)" time="0.048" />
  <testcase classname="ptolemy.util.test.junit.AutoTests" name="[187] /home/travis/build/icyphy/ptII/ptolemy/actor/lib/test/auto/LazyInnerClass.xml (RunModel)" time="0.05" />
  <testcase classname="ptolemy.util.test.junit.AutoTests" name="[188] /home/travis/build/icyphy/ptII/ptolemy/actor/lib/test/auto/LazyPubSub.xml (RunModel)" time="0.07" />
  <testcase classname="ptolemy.util.test.junit.AutoTests" name="[189] /home/travis/build/icyphy/ptII/ptolemy/actor/lib/test/auto/LazyPubSub2.xml (RunModel)" time="0.034" />
  <testcase classname="ptolemy.util.test.junit.AutoTests" name="[190] /home/travis/build/icyphy/ptII/ptolemy/actor/lib/test/auto/LazyPubSub3.xml (RunModel)" time="0.025" />
  <testcase classname="ptolemy.util.test.junit.AutoTests" name="[191] /home/travis/build/icyphy/ptII/ptolemy/actor/lib/test/auto/LazySubClassModel.xml (RunModel)" time="0.041" />
  <testcase classname="ptolemy.util.test.junit.AutoTests" name="[192] /home/travis/build/icyphy/ptII/ptolemy/actor/lib/test/auto/LevelCrossTest1.xml (RunModel)" time="0.011" />
  <testcase classname="ptolemy.util.test.junit.AutoTests" name="[193] /home/travis/build/icyphy/ptII/ptolemy/actor/lib/test/auto/LevelCrossTest10.xml (RunModel)" time="0.014" />
  <testcase classname="ptolemy.util.test.junit.AutoTests" name="[194] /home/travis/build/icyphy/ptII/ptolemy/actor/lib/test/auto/LevelCrossTest11.xml (RunModel)" time="0.013" />
  <testcase classname="ptolemy.util.test.junit.AutoTests" name="[195] /home/travis/build/icyphy/ptII/ptolemy/actor/lib/test/auto/LevelCrossTest12.xml (RunModel)" time="0.015" />
  <testcase classname="ptolemy.util.test.junit.AutoTests" name="[196] /home/travis/build/icyphy/ptII/ptolemy/actor/lib/test/auto/LevelCrossTest13.xml (RunModel)" time="0.015" />
  <testcase classname="ptolemy.util.test.junit.AutoTests" name="[197] /home/travis/build/icyphy/ptII/ptolemy/actor/lib/test/auto/LevelCrossTest2.xml (RunModel)" time="0.01" />
  <testcase classname="ptolemy.util.test.junit.AutoTests" name="[198] /home/travis/build/icyphy/ptII/ptolemy/actor/lib/test/auto/LevelCrossTest3.xml (RunModel)" time="0.012" />
  <testcase classname="ptolemy.util.test.junit.AutoTests" name="[199] /home/travis/build/icyphy/ptII/ptolemy/actor/lib/test/auto/LevelCrossTest4.xml (RunModel)" time="0.011" />
  <testcase classname="ptolemy.util.test.junit.AutoTests" name="[200] /home/travis/build/icyphy/ptII/ptolemy/actor/lib/test/auto/LevelCrossTest5.xml (RunModel)" time="0.014" />
  <testcase classname="ptolemy.util.test.junit.AutoTests" name="[201] /home/travis/build/icyphy/ptII/ptolemy/actor/lib/test/auto/LevelCrossTest6.xml (RunModel)" time="0.018" />
  <testcase classname="ptolemy.util.test.junit.AutoTests" name="[202] /home/travis/build/icyphy/ptII/ptolemy/actor/lib/test/auto/LevelCrossTest7.xml (RunModel)" time="0.016" />
  <testcase classname="ptolemy.util.test.junit.AutoTests" name="[203] /home/travis/build/icyphy/ptII/ptolemy/actor/lib/test/auto/LevelCrossTest8.xml (RunModel)" time="0.014" />
  <testcase classname="ptolemy.util.test.junit.AutoTests" name="[204] /home/travis/build/icyphy/ptII/ptolemy/actor/lib/test/auto/LevelCrossTest9.xml (RunModel)" time="0.015" />
  <testcase classname="ptolemy.util.test.junit.AutoTests" name="[205] /home/travis/build/icyphy/ptII/ptolemy/actor/lib/test/auto/LevinsonDurbin.xml (RunModel)" time="0.016" />
  <testcase classname="ptolemy.util.test.junit.AutoTests" name="[206] /home/travis/build/icyphy/ptII/ptolemy/actor/lib/test/auto/LevinsonDurbin2.xml (RunModel)" time="0.008" />
  <testcase classname="ptolemy.util.test.junit.AutoTests" name="[207] /home/travis/build/icyphy/ptII/ptolemy/actor/lib/test/auto/LevinsonDurbin3.xml (RunModel)" time="0.008" />
  <testcase classname="ptolemy.util.test.junit.AutoTests" name="[208] /home/travis/build/icyphy/ptII/ptolemy/actor/lib/test/auto/Limiter.xml (RunModel)" time="0.049" />
  <testcase classname="ptolemy.util.test.junit.AutoTests" name="[209] /home/travis/build/icyphy/ptII/ptolemy/actor/lib/test/auto/LinearDifferenceEquationSystem.xml (RunModel)" time="0.027" />
  <testcase classname="ptolemy.util.test.junit.AutoTests" name="[210] /home/travis/build/icyphy/ptII/ptolemy/actor/lib/test/auto/LookupTable.xml (RunModel)" time="0.015" />
  <testcase classname="ptolemy.util.test.junit.AutoTests" name="[211] /home/travis/build/icyphy/ptII/ptolemy/actor/lib/test/auto/MathFunction.xml (RunModel)" time="0.021" />
  <testcase classname="ptolemy.util.test.junit.AutoTests" name="[212] /home/travis/build/icyphy/ptII/ptolemy/actor/lib/test/auto/MathFunction2.xml (RunModel)" time="0.011" />
  <testcase classname="ptolemy.util.test.junit.AutoTests" name="[213] /home/travis/build/icyphy/ptII/ptolemy/actor/lib/test/auto/MathFunction3.xml (RunModel)" time="0.021" />
  <testcase classname="ptolemy.util.test.junit.AutoTests" name="[214] /home/travis/build/icyphy/ptII/ptolemy/actor/lib/test/auto/MatrixCropBoolean.xml (RunModel)" time="0.021" />
  <testcase classname="ptolemy.util.test.junit.AutoTests" name="[215] /home/travis/build/icyphy/ptII/ptolemy/actor/lib/test/auto/MatrixCropComplex.xml (RunModel)" time="0.011" />
  <testcase classname="ptolemy.util.test.junit.AutoTests" name="[216] /home/travis/build/icyphy/ptII/ptolemy/actor/lib/test/auto/MatrixCropDouble.xml (RunModel)" time="0.01" />
  <testcase classname="ptolemy.util.test.junit.AutoTests" name="[217] /home/travis/build/icyphy/ptII/ptolemy/actor/lib/test/auto/MatrixCropFix.xml (RunModel)" time="0.014" />
  <testcase classname="ptolemy.util.test.junit.AutoTests" name="[218] /home/travis/build/icyphy/ptII/ptolemy/actor/lib/test/auto/MatrixCropInt.xml (RunModel)" time="0.01" />
  <testcase classname="ptolemy.util.test.junit.AutoTests" name="[219] /home/travis/build/icyphy/ptII/ptolemy/actor/lib/test/auto/MatrixCropLong.xml (RunModel)" time="0.008" />
  <testcase classname="ptolemy.util.test.junit.AutoTests" name="[220] /home/travis/build/icyphy/ptII/ptolemy/actor/lib/test/auto/MatrixToArray.xml (RunModel)" time="0.053" />
  <testcase classname="ptolemy.util.test.junit.AutoTests" name="[221] /home/travis/build/icyphy/ptII/ptolemy/actor/lib/test/auto/MaxIndex.xml (RunModel)" time="0.013" />
  <testcase classname="ptolemy.util.test.junit.AutoTests" name="[222] /home/travis/build/icyphy/ptII/ptolemy/actor/lib/test/auto/Maximum.xml (RunModel)" time="0.015" />
  <testcase classname="ptolemy.util.test.junit.AutoTests" name="[223] /home/travis/build/icyphy/ptII/ptolemy/actor/lib/test/auto/MaximumComplex.xml (RunModel)" time="0.018" />
  <testcase classname="ptolemy.util.test.junit.AutoTests" name="[224] /home/travis/build/icyphy/ptII/ptolemy/actor/lib/test/auto/MethodCallTest.xml (RunModel)" time="0.027" />
  <testcase classname="ptolemy.util.test.junit.AutoTests" name="[225] /home/travis/build/icyphy/ptII/ptolemy/actor/lib/test/auto/Minimum.xml (RunModel)" time="0.015" />
  <testcase classname="ptolemy.util.test.junit.AutoTests" name="[226] /home/travis/build/icyphy/ptII/ptolemy/actor/lib/test/auto/MinimumComplex.xml (RunModel)" time="0.023" />
  <testcase classname="ptolemy.util.test.junit.AutoTests" name="[227] /home/travis/build/icyphy/ptII/ptolemy/actor/lib/test/auto/MinimumMultiports.xml (RunModel)" time="0.04" />
  <testcase classname="ptolemy.util.test.junit.AutoTests" name="[228] /home/travis/build/icyphy/ptII/ptolemy/actor/lib/test/auto/ModifyDate.xml (RunModel)" time="0.04" />
  <testcase classname="ptolemy.util.test.junit.AutoTests" name="[229] /home/travis/build/icyphy/ptII/ptolemy/actor/lib/test/auto/ModifyDate2.xml (RunModel)" time="0.034" />
  <testcase classname="ptolemy.util.test.junit.AutoTests" name="[230] /home/travis/build/icyphy/ptII/ptolemy/actor/lib/test/auto/MovingAverage.xml (RunModel)" time="0.01" />
  <testcase classname="ptolemy.util.test.junit.AutoTests" name="[231] /home/travis/build/icyphy/ptII/ptolemy/actor/lib/test/auto/MovingMaximum.xml (RunModel)" time="0.011" />
  <testcase classname="ptolemy.util.test.junit.AutoTests" name="[232] /home/travis/build/icyphy/ptII/ptolemy/actor/lib/test/auto/MultipleLinksToSameRelation.xml (RunModel)" time="0.007" />
  <testcase classname="ptolemy.util.test.junit.AutoTests" name="[233] /home/travis/build/icyphy/ptII/ptolemy/actor/lib/test/auto/MultipleLinksToSameRelationDE.xml (RunModel)" time="0.018" />
  <testcase classname="ptolemy.util.test.junit.AutoTests" name="[234] /home/travis/build/icyphy/ptII/ptolemy/actor/lib/test/auto/Multiplexor.xml (RunModel)" time="0.011" />
  <testcase classname="ptolemy.util.test.junit.AutoTests" name="[235] /home/travis/build/icyphy/ptII/ptolemy/actor/lib/test/auto/Multiplexor1.xml (RunModel)" time="0.012" />
  <testcase classname="ptolemy.util.test.junit.AutoTests" name="[236] /home/travis/build/icyphy/ptII/ptolemy/actor/lib/test/auto/Multiplexor2.xml (RunModel)" time="0.016" />
  <testcase classname="ptolemy.util.test.junit.AutoTests" name="[237] /home/travis/build/icyphy/ptII/ptolemy/actor/lib/test/auto/Multiplexor3.xml (RunModel)" time="0.009" />
  <testcase classname="ptolemy.util.test.junit.AutoTests" name="[238] /home/travis/build/icyphy/ptII/ptolemy/actor/lib/test/auto/MultiplexorDE.xml (RunModel)" time="0.017" />
  <testcase classname="ptolemy.util.test.junit.AutoTests" name="[239] /home/travis/build/icyphy/ptII/ptolemy/actor/lib/test/auto/MultiportBroadcastTest.xml (RunModel)" time="0.098" />
  <testcase classname="ptolemy.util.test.junit.AutoTests" name="[240] /home/travis/build/icyphy/ptII/ptolemy/actor/lib/test/auto/MultiportOutHangDuringGetWidth.xml (RunModel)" time="0.037" />
  <testcase classname="ptolemy.util.test.junit.AutoTests" name="[241] /home/travis/build/icyphy/ptII/ptolemy/actor/lib/test/auto/NilToken.xml (RunModel)" time="0.012" />
  <testcase classname="ptolemy.util.test.junit.AutoTests" name="[242] /home/travis/build/icyphy/ptII/ptolemy/actor/lib/test/auto/NilTokenNonStrictTest.xml (RunModel)" time="0.012" />
  <testcase classname="ptolemy.util.test.junit.AutoTests" name="[243] /home/travis/build/icyphy/ptII/ptolemy/actor/lib/test/auto/NilTokenRecord.xml (RunModel)" time="0.028" />
  <testcase classname="ptolemy.util.test.junit.AutoTests" name="[244] /home/travis/build/icyphy/ptII/ptolemy/actor/lib/test/auto/NilTokenTypeTest.xml (RunModel)" time="0.028" />
  <testcase classname="ptolemy.util.test.junit.AutoTests" name="[245] /home/travis/build/icyphy/ptII/ptolemy/actor/lib/test/auto/ObjectToken1.xml (RunModel)" time="0.007" />
  <testcase classname="ptolemy.util.test.junit.AutoTests" name="[246] /home/travis/build/icyphy/ptII/ptolemy/actor/lib/test/auto/OrderedMerge.xml (RunModel)" time="0.016" />
  <testcase classname="ptolemy.util.test.junit.AutoTests" name="[247] /home/travis/build/icyphy/ptII/ptolemy/actor/lib/test/auto/OrderedRecordDisassembler.xml (RunModel)" time="0.017" />
  <testcase classname="ptolemy.util.test.junit.AutoTests" name="[248] /home/travis/build/icyphy/ptII/ptolemy/actor/lib/test/auto/OrderedRecordDisassembler2.xml (RunModel)" time="0.018" />
  <testcase classname="ptolemy.util.test.junit.AutoTests" name="[249] /home/travis/build/icyphy/ptII/ptolemy/actor/lib/test/auto/OrderedRecordUpdater.xml (RunModel)" time="0.011" />
  <testcase classname="ptolemy.util.test.junit.AutoTests" name="[250] /home/travis/build/icyphy/ptII/ptolemy/actor/lib/test/auto/OrderedRecordUpdater2.xml (RunModel)" time="0.017" />
  <testcase classname="ptolemy.util.test.junit.AutoTests" name="[251] /home/travis/build/icyphy/ptII/ptolemy/actor/lib/test/auto/PhaseUnwrap.xml (RunModel)" time="0.018" />
  <testcase classname="ptolemy.util.test.junit.AutoTests" name="[252] /home/travis/build/icyphy/ptII/ptolemy/actor/lib/test/auto/PoissonClock.xml (RunModel)" time="0.01" />
  <testcase classname="ptolemy.util.test.junit.AutoTests" name="[253] /home/travis/build/icyphy/ptII/ptolemy/actor/lib/test/auto/PoissonClock2.xml (RunModel)" time="0.007" />
  <testcase classname="ptolemy.util.test.junit.AutoTests" name="[254] /home/travis/build/icyphy/ptII/ptolemy/actor/lib/test/auto/PoissonClock3.xml (RunModel)" time="0.022" />
  <testcase classname="ptolemy.util.test.junit.AutoTests" name="[255] /home/travis/build/icyphy/ptII/ptolemy/actor/lib/test/auto/PubSubWithInitialTokens.xml (RunModel)" time="0.015" />
  <testcase classname="ptolemy.util.test.junit.AutoTests" name="[256] /home/travis/build/icyphy/ptII/ptolemy/actor/lib/test/auto/PubSubWithInitialTokens2.xml (RunModel)" time="0.014" />
  <testcase classname="ptolemy.util.test.junit.AutoTests" name="[257] /home/travis/build/icyphy/ptII/ptolemy/actor/lib/test/auto/PublisherClassNoParameter.xml (RunModel)" time="0.026" />
  <testcase classname="ptolemy.util.test.junit.AutoTests" name="[258] /home/travis/build/icyphy/ptII/ptolemy/actor/lib/test/auto/PublisherClassParameter.xml (RunModel)" time="0.018" />
  <testcase classname="ptolemy.util.test.junit.AutoTests" name="[259] /home/travis/build/icyphy/ptII/ptolemy/actor/lib/test/auto/PublisherNonStrictTest.xml (RunModel)" time="0.013" />
  <testcase classname="ptolemy.util.test.junit.AutoTests" name="[260] /home/travis/build/icyphy/ptII/ptolemy/actor/lib/test/auto/PublisherPort1.xml (RunModel)" time="0.019" />
  <testcase classname="ptolemy.util.test.junit.AutoTests" name="[261] /home/travis/build/icyphy/ptII/ptolemy/actor/lib/test/auto/PublisherPort2.xml (RunModel)" time="0.009" />
  <testcase classname="ptolemy.util.test.junit.AutoTests" name="[262] /home/travis/build/icyphy/ptII/ptolemy/actor/lib/test/auto/PublisherPort3.xml (RunModel)" time="0.011" />
  <testcase classname="ptolemy.util.test.junit.AutoTests" name="[263] /home/travis/build/icyphy/ptII/ptolemy/actor/lib/test/auto/PublisherPort4.xml (RunModel)" time="0.011" />
  <testcase classname="ptolemy.util.test.junit.AutoTests" name="[264] /home/travis/build/icyphy/ptII/ptolemy/actor/lib/test/auto/PublisherPort5.xml (RunModel)" time="0.013" />
  <testcase classname="ptolemy.util.test.junit.AutoTests" name="[265] /home/travis/build/icyphy/ptII/ptolemy/actor/lib/test/auto/PublisherPort5LookAlike.xml (RunModel)" time="0.017" />
  <testcase classname="ptolemy.util.test.junit.AutoTests" name="[266] /home/travis/build/icyphy/ptII/ptolemy/actor/lib/test/auto/PublisherPort6.xml (RunModel)" time="0.015" />
  <testcase classname="ptolemy.util.test.junit.AutoTests" name="[267] /home/travis/build/icyphy/ptII/ptolemy/actor/lib/test/auto/PublisherPort7.xml (RunModel)" time="0.015" />
  <testcase classname="ptolemy.util.test.junit.AutoTests" name="[268] /home/travis/build/icyphy/ptII/ptolemy/actor/lib/test/auto/PublisherPort8.xml (RunModel)" time="0.015" />
  <testcase classname="ptolemy.util.test.junit.AutoTests" name="[269] /home/travis/build/icyphy/ptII/ptolemy/actor/lib/test/auto/PublisherPortSubscriberChannelVariablesAOC2.xml (RunModel)" time="0.042" />
  <testcase classname="ptolemy.util.test.junit.AutoTests" name="[270] /home/travis/build/icyphy/ptII/ptolemy/actor/lib/test/auto/PublisherPortSubscriberOpaqueWidthInference.xml (RunModel)" time="0.039" />
  <testcase classname="ptolemy.util.test.junit.AutoTests" name="[271] /home/travis/build/icyphy/ptII/ptolemy/actor/lib/test/auto/PublisherPortSubscriberPortAdjacent.xml (RunModel)" time="0.017" />
  <testcase classname="ptolemy.util.test.junit.AutoTests" name="[272] /home/travis/build/icyphy/ptII/ptolemy/actor/lib/test/auto/PublisherPortSubscriberPortExpression.xml (RunModel)" time="0.019" />
  <testcase classname="ptolemy.util.test.junit.AutoTests" name="[273] /home/travis/build/icyphy/ptII/ptolemy/actor/lib/test/auto/PublisherPortSubscriberPortOpaqueD3Reverse.xml (RunModel)" time="0.019" />
  <testcase classname="ptolemy.util.test.junit.AutoTests" name="[274] /home/travis/build/icyphy/ptII/ptolemy/actor/lib/test/auto/PublisherPortSubscriberPortOpaqueWidthInference.xml (RunModel)" time="0.019" />
  <testcase classname="ptolemy.util.test.junit.AutoTests" name="[275] /home/travis/build/icyphy/ptII/ptolemy/actor/lib/test/auto/PublisherPortToplevelSubscriberPortAOC.xml (RunModel)" time="0.012" />
  <testcase classname="ptolemy.util.test.junit.AutoTests" name="[276] /home/travis/build/icyphy/ptII/ptolemy/actor/lib/test/auto/PublisherSubscriber.xml (RunModel)" time="0.013" />
  <testcase classname="ptolemy.util.test.junit.AutoTests" name="[277] /home/travis/build/icyphy/ptII/ptolemy/actor/lib/test/auto/PublisherSubscriber10.xml (RunModel)" time="0.018" />
  <testcase classname="ptolemy.util.test.junit.AutoTests" name="[278] /home/travis/build/icyphy/ptII/ptolemy/actor/lib/test/auto/PublisherSubscriber10InitialOutputs.xml (RunModel)" time="0.029" />
  <testcase classname="ptolemy.util.test.junit.AutoTests" name="[279] /home/travis/build/icyphy/ptII/ptolemy/actor/lib/test/auto/PublisherSubscriber11.xml (RunModel)" time="0.011" />
  <testcase classname="ptolemy.util.test.junit.AutoTests" name="[280] /home/travis/build/icyphy/ptII/ptolemy/actor/lib/test/auto/PublisherSubscriber12.xml (RunModel)" time="0.012" />
  <testcase classname="ptolemy.util.test.junit.AutoTests" name="[281] /home/travis/build/icyphy/ptII/ptolemy/actor/lib/test/auto/PublisherSubscriber13.xml (RunModel)" time="0.014" />
  <testcase classname="ptolemy.util.test.junit.AutoTests" name="[282] /home/travis/build/icyphy/ptII/ptolemy/actor/lib/test/auto/PublisherSubscriber14.xml (RunModel)" time="0.017" />
  <testcase classname="ptolemy.util.test.junit.AutoTests" name="[283] /home/travis/build/icyphy/ptII/ptolemy/actor/lib/test/auto/PublisherSubscriber2.xml (RunModel)" time="0.009" />
  <testcase classname="ptolemy.util.test.junit.AutoTests" name="[284] /home/travis/build/icyphy/ptII/ptolemy/actor/lib/test/auto/PublisherSubscriber3.xml (RunModel)" time="0.009" />
  <testcase classname="ptolemy.util.test.junit.AutoTests" name="[285] /home/travis/build/icyphy/ptII/ptolemy/actor/lib/test/auto/PublisherSubscriber4.xml (RunModel)" time="0.008" />
  <testcase classname="ptolemy.util.test.junit.AutoTests" name="[286] /home/travis/build/icyphy/ptII/ptolemy/actor/lib/test/auto/PublisherSubscriber5.xml (RunModel)" time="0.013" />
  <testcase classname="ptolemy.util.test.junit.AutoTests" name="[287] /home/travis/build/icyphy/ptII/ptolemy/actor/lib/test/auto/PublisherSubscriber6.xml (RunModel)" time="0.019" />
  <testcase classname="ptolemy.util.test.junit.AutoTests" name="[288] /home/travis/build/icyphy/ptII/ptolemy/actor/lib/test/auto/PublisherSubscriber7.xml (RunModel)" time="0.017" />
  <testcase classname="ptolemy.util.test.junit.AutoTests" name="[289] /home/travis/build/icyphy/ptII/ptolemy/actor/lib/test/auto/PublisherSubscriber8.xml (RunModel)" time="0.033" />
  <testcase classname="ptolemy.util.test.junit.AutoTests" name="[290] /home/travis/build/icyphy/ptII/ptolemy/actor/lib/test/auto/PublisherSubscriber9.xml (RunModel)" time="0.019" />
  <testcase classname="ptolemy.util.test.junit.AutoTests" name="[291] /home/travis/build/icyphy/ptII/ptolemy/actor/lib/test/auto/PublisherSubscriberAdjacent.xml (RunModel)" time="0.02" />
  <testcase classname="ptolemy.util.test.junit.AutoTests" name="[292] /home/travis/build/icyphy/ptII/ptolemy/actor/lib/test/auto/PublisherSubscriberChannelVariablesAOC2.xml (RunModel)" time="0.028" />
  <testcase classname="ptolemy.util.test.junit.AutoTests" name="[293] /home/travis/build/icyphy/ptII/ptolemy/actor/lib/test/auto/PublisherSubscriberD3.xml (RunModel)" time="0.014" />
  <testcase classname="ptolemy.util.test.junit.AutoTests" name="[294] /home/travis/build/icyphy/ptII/ptolemy/actor/lib/test/auto/PublisherSubscriberD3Reverse.xml (RunModel)" time="0.012" />
  <testcase classname="ptolemy.util.test.junit.AutoTests" name="[295] /home/travis/build/icyphy/ptII/ptolemy/actor/lib/test/auto/PublisherSubscriberExpression.xml (RunModel)" time="0.021" />
  <testcase classname="ptolemy.util.test.junit.AutoTests" name="[296] /home/travis/build/icyphy/ptII/ptolemy/actor/lib/test/auto/PublisherSubscriberOpaque.xml (RunModel)" time="0.016" />
  <testcase classname="ptolemy.util.test.junit.AutoTests" name="[297] /home/travis/build/icyphy/ptII/ptolemy/actor/lib/test/auto/PublisherSubscriberOpaqueD3.xml (RunModel)" time="0.025" />
  <testcase classname="ptolemy.util.test.junit.AutoTests" name="[298] /home/travis/build/icyphy/ptII/ptolemy/actor/lib/test/auto/PublisherSubscriberOpaqueD3Reverse.xml (RunModel)" time="0.023" />
  <testcase classname="ptolemy.util.test.junit.AutoTests" name="[299] /home/travis/build/icyphy/ptII/ptolemy/actor/lib/test/auto/PublisherSubscriberOpaqueWidthInference.xml (RunModel)" time="0.017" />
  <testcase classname="ptolemy.util.test.junit.AutoTests" name="[300] /home/travis/build/icyphy/ptII/ptolemy/actor/lib/test/auto/PublisherTestSubscriber.xml (RunModel)" time="0.016" />
  <testcase classname="ptolemy.util.test.junit.AutoTests" name="[301] /home/travis/build/icyphy/ptII/ptolemy/actor/lib/test/auto/PublisherToplevelSubscriberPortAOC.xml (RunModel)" time="0.012" />
  <testcase classname="ptolemy.util.test.junit.AutoTests" name="[302] /home/travis/build/icyphy/ptII/ptolemy/actor/lib/test/auto/PulseFiringLimitDE.xml (RunModel)" time="0.014" />
  <testcase classname="ptolemy.util.test.junit.AutoTests" name="[303] /home/travis/build/icyphy/ptII/ptolemy/actor/lib/test/auto/Ramp1.xml (RunModel)" time="0.006" />
  <testcase classname="ptolemy.util.test.junit.AutoTests" name="[304] /home/travis/build/icyphy/ptII/ptolemy/actor/lib/test/auto/RampFiringLimitDE.xml (RunModel)" time="0.01" />
  <testcase classname="ptolemy.util.test.junit.AutoTests" name="[305] /home/travis/build/icyphy/ptII/ptolemy/actor/lib/test/auto/RampFiringLimitSDF.xml (RunModel)" time="0.009" />
  <testcase classname="ptolemy.util.test.junit.AutoTests" name="[306] /home/travis/build/icyphy/ptII/ptolemy/actor/lib/test/auto/RandomInteger.xml (RunModel)" time="0.008" />
  <testcase classname="ptolemy.util.test.junit.AutoTests" name="[307] /home/travis/build/icyphy/ptII/ptolemy/actor/lib/test/auto/ReadFile1.xml (RunModel)" time="0.008" />
  <testcase classname="ptolemy.util.test.junit.AutoTests" name="[308] /home/travis/build/icyphy/ptII/ptolemy/actor/lib/test/auto/ReadFile2.xml (RunModel)" time="0.007" />
  <testcase classname="ptolemy.util.test.junit.AutoTests" name="[309] /home/travis/build/icyphy/ptII/ptolemy/actor/lib/test/auto/Reader.xml (RunModel)" time="0.031" />
  <testcase classname="ptolemy.util.test.junit.AutoTests" name="[310] /home/travis/build/icyphy/ptII/ptolemy/actor/lib/test/auto/RecordAssemblerDisplayNameTest.xml (RunModel)" time="3.482" />
  <testcase classname="ptolemy.util.test.junit.AutoTests" name="[311] /home/travis/build/icyphy/ptII/ptolemy/actor/lib/test/auto/RecordAssemblerTypeError.xml (RunModel)" time="0.037" />
  <testcase classname="ptolemy.util.test.junit.AutoTests" name="[312] /home/travis/build/icyphy/ptII/ptolemy/actor/lib/test/auto/RecordDisassember.xml (RunModel)" time="0.011" />
  <testcase classname="ptolemy.util.test.junit.AutoTests" name="[313] /home/travis/build/icyphy/ptII/ptolemy/actor/lib/test/auto/RecordDisassemberDisplayNameTest.xml (RunModel)" time="0.017" />
  <testcase classname="ptolemy.util.test.junit.AutoTests" name="[314] /home/travis/build/icyphy/ptII/ptolemy/actor/lib/test/auto/RecordDisassembler.xml (RunModel)" time="0.012" />
  <testcase classname="ptolemy.util.test.junit.AutoTests" name="[315] /home/travis/build/icyphy/ptII/ptolemy/actor/lib/test/auto/RecordDisassembler2.xml (RunModel)" time="0.011" />
  <testcase classname="ptolemy.util.test.junit.AutoTests" name="[316] /home/travis/build/icyphy/ptII/ptolemy/actor/lib/test/auto/RecordUpdater.xml (RunModel)" time="0.008" />
  <testcase classname="ptolemy.util.test.junit.AutoTests" name="[317] /home/travis/build/icyphy/ptII/ptolemy/actor/lib/test/auto/RecordUpdater2.xml (RunModel)" time="0.009" />
  <testcase classname="ptolemy.util.test.junit.AutoTests" name="[318] /home/travis/build/icyphy/ptII/ptolemy/actor/lib/test/auto/RecursiveLattice.xml (RunModel)" time="0.008" />
  <testcase classname="ptolemy.util.test.junit.AutoTests" name="[319] /home/travis/build/icyphy/ptII/ptolemy/actor/lib/test/auto/Router.xml (RunModel)" time="3.024" />
  <testcase classname="ptolemy.util.test.junit.AutoTests" name="[320] /home/travis/build/icyphy/ptII/ptolemy/actor/lib/test/auto/Router2.xml (RunModel)" time="3.037" />
  <testcase classname="ptolemy.util.test.junit.AutoTests" name="[321] /home/travis/build/icyphy/ptII/ptolemy/actor/lib/test/auto/RunningMaximum.xml (RunModel)" time="0.019" />
  <testcase classname="ptolemy.util.test.junit.AutoTests" name="[322] /home/travis/build/icyphy/ptII/ptolemy/actor/lib/test/auto/RunningMinimum.xml (RunModel)" time="0.022" />
  <testcase classname="ptolemy.util.test.junit.AutoTests" name="[323] /home/travis/build/icyphy/ptII/ptolemy/actor/lib/test/auto/Scale.xml (RunModel)" time="0.008" />
  <testcase classname="ptolemy.util.test.junit.AutoTests" name="[324] /home/travis/build/icyphy/ptII/ptolemy/actor/lib/test/auto/Scale2.xml (RunModel)" time="0.009" />
  <testcase classname="ptolemy.util.test.junit.AutoTests" name="[325] /home/travis/build/icyphy/ptII/ptolemy/actor/lib/test/auto/Scale3.xml (RunModel)" time="0.012" />
  <testcase classname="ptolemy.util.test.junit.AutoTests" name="[326] /home/travis/build/icyphy/ptII/ptolemy/actor/lib/test/auto/ScaleArray.xml (RunModel)" time="0.009" />
  <testcase classname="ptolemy.util.test.junit.AutoTests" name="[327] /home/travis/build/icyphy/ptII/ptolemy/actor/lib/test/auto/ScaleArray2.xml (RunModel)" time="0.009" />
  <testcase classname="ptolemy.util.test.junit.AutoTests" name="[328] /home/travis/build/icyphy/ptII/ptolemy/actor/lib/test/auto/ScaleMatrix.xml (RunModel)" time="0.142" />
  <testcase classname="ptolemy.util.test.junit.AutoTests" name="[329] /home/travis/build/icyphy/ptII/ptolemy/actor/lib/test/auto/Select.xml (RunModel)" time="0.013" />
  <testcase classname="ptolemy.util.test.junit.AutoTests" name="[330] /home/travis/build/icyphy/ptII/ptolemy/actor/lib/test/auto/Select2.xml (RunModel)" time="0.008" />
  <testcase classname="ptolemy.util.test.junit.AutoTests" name="[331] /home/travis/build/icyphy/ptII/ptolemy/actor/lib/test/auto/SequenceToArray2.xml (RunModel)" time="0.133" />
  <testcase classname="ptolemy.util.test.junit.AutoTests" name="[332] /home/travis/build/icyphy/ptII/ptolemy/actor/lib/test/auto/SequentialClock.xml (RunModel)" time="0.01" />
  <testcase classname="ptolemy.util.test.junit.AutoTests" name="[333] /home/travis/build/icyphy/ptII/ptolemy/actor/lib/test/auto/SetVariable.xml (RunModel)" time="0.017" />
  <testcase classname="ptolemy.util.test.junit.AutoTests" name="[334] /home/travis/build/icyphy/ptII/ptolemy/actor/lib/test/auto/SetVariable2.xml (RunModel)" time="0.01" />
  <testcase classname="ptolemy.util.test.junit.AutoTests" name="[335] /home/travis/build/icyphy/ptII/ptolemy/actor/lib/test/auto/SetVariable3.xml (RunModel)" time="0.016" />
  <testcase classname="ptolemy.util.test.junit.AutoTests" name="[336] /home/travis/build/icyphy/ptII/ptolemy/actor/lib/test/auto/SetVariable4.xml (RunModel)" time="0.029" />
  <testcase classname="ptolemy.util.test.junit.AutoTests" name="[337] /home/travis/build/icyphy/ptII/ptolemy/actor/lib/test/auto/SetVariable5.xml (RunModel)" time="0.038" />
  <testcase classname="ptolemy.util.test.junit.AutoTests" name="[338] /home/travis/build/icyphy/ptII/ptolemy/actor/lib/test/auto/Sinewave.xml (RunModel)" time="0.025" />
  <testcase classname="ptolemy.util.test.junit.AutoTests" name="[339] /home/travis/build/icyphy/ptII/ptolemy/actor/lib/test/auto/Sinewave2.xml (RunModel)" time="0.016" />
  <testcase classname="ptolemy.util.test.junit.AutoTests" name="[340] /home/travis/build/icyphy/ptII/ptolemy/actor/lib/test/auto/Sinewave3.xml (RunModel)" time="0.02" />
  <testcase classname="ptolemy.util.test.junit.AutoTests" name="[341] /home/travis/build/icyphy/ptII/ptolemy/actor/lib/test/auto/SingleEvent.xml (RunModel)" time="0.007" />
  <testcase classname="ptolemy.util.test.junit.AutoTests" name="[342] /home/travis/build/icyphy/ptII/ptolemy/actor/lib/test/auto/Sleep.xml (RunModel)" time="6.013" />
  <testcase classname="ptolemy.util.test.junit.AutoTests" name="[343] /home/travis/build/icyphy/ptII/ptolemy/actor/lib/test/auto/SleepMultipleFire.xml (RunModel)" time="1.019" />
  <testcase classname="ptolemy.util.test.junit.AutoTests" name="[344] /home/travis/build/icyphy/ptII/ptolemy/actor/lib/test/auto/StopDE.xml (RunModel)" time="0.014" />
  <testcase classname="ptolemy.util.test.junit.AutoTests" name="[345] /home/travis/build/icyphy/ptII/ptolemy/actor/lib/test/auto/StopSDF.xml (RunModel)" time="0.036" />
  <testcase classname="ptolemy.util.test.junit.AutoTests" name="[346] /home/travis/build/icyphy/ptII/ptolemy/actor/lib/test/auto/StringConstant.xml (RunModel)" time="0.017" />
  <testcase classname="ptolemy.util.test.junit.AutoTests" name="[347] /home/travis/build/icyphy/ptII/ptolemy/actor/lib/test/auto/SubscriberPortInitialValues1.xml (RunModel)" time="0.021" />
  <testcase classname="ptolemy.util.test.junit.AutoTests" name="[348] /home/travis/build/icyphy/ptII/ptolemy/actor/lib/test/auto/SubscriberPortInitialValues13.xml (RunModel)" time="0.023" />
  <testcase classname="ptolemy.util.test.junit.AutoTests" name="[349] /home/travis/build/icyphy/ptII/ptolemy/actor/lib/test/auto/SubscriberPortInitialValues14.xml (RunModel)" time="0.014" />
  <testcase classname="ptolemy.util.test.junit.AutoTests" name="[350] /home/travis/build/icyphy/ptII/ptolemy/actor/lib/test/auto/SubscriberPortInitialValues2.xml (RunModel)" time="0.017" />
  <testcase classname="ptolemy.util.test.junit.AutoTests" name="[351] /home/travis/build/icyphy/ptII/ptolemy/actor/lib/test/auto/SubscriberPortInitialValues3.xml (RunModel)" time="0.021" />
  <testcase classname="ptolemy.util.test.junit.AutoTests" name="[352] /home/travis/build/icyphy/ptII/ptolemy/actor/lib/test/auto/SubscriptionAggregator.xml (RunModel)" time="0.009" />
  <testcase classname="ptolemy.util.test.junit.AutoTests" name="[353] /home/travis/build/icyphy/ptII/ptolemy/actor/lib/test/auto/SubscriptionAggregator2.xml (RunModel)" time="0.01" />
  <testcase classname="ptolemy.util.test.junit.AutoTests" name="[354] /home/travis/build/icyphy/ptII/ptolemy/actor/lib/test/auto/SubscriptionAggregator3.xml (RunModel)" time="0.016" />
  <testcase classname="ptolemy.util.test.junit.AutoTests" name="[355] /home/travis/build/icyphy/ptII/ptolemy/actor/lib/test/auto/SubscriptionAggregatorMultiply.xml (RunModel)" time="0.021" />
  <testcase classname="ptolemy.util.test.junit.AutoTests" name="[356] /home/travis/build/icyphy/ptII/ptolemy/actor/lib/test/auto/SubscriptionAggregatorPortMultiply1.xml (RunModel)" time="0.014" />
  <testcase classname="ptolemy.util.test.junit.AutoTests" name="[357] /home/travis/build/icyphy/ptII/ptolemy/actor/lib/test/auto/Switch.xml (RunModel)" time="0.02" />
  <testcase classname="ptolemy.util.test.junit.AutoTests" name="[358] /home/travis/build/icyphy/ptII/ptolemy/actor/lib/test/auto/Switch2.xml (RunModel)" time="0.012" />
  <testcase classname="ptolemy.util.test.junit.AutoTests" name="[359] /home/travis/build/icyphy/ptII/ptolemy/actor/lib/test/auto/SwitchDE.xml (RunModel)" time="0.013" />
  <testcase classname="ptolemy.util.test.junit.AutoTests" name="[360] /home/travis/build/icyphy/ptII/ptolemy/actor/lib/test/auto/SynchronizerDE.xml (RunModel)" time="0.021" />
  <testcase classname="ptolemy.util.test.junit.AutoTests" name="[361] /home/travis/build/icyphy/ptII/ptolemy/actor/lib/test/auto/Test.xml (RunModel)" time="0.009" />
  <testcase classname="ptolemy.util.test.junit.AutoTests" name="[362] /home/travis/build/icyphy/ptII/ptolemy/actor/lib/test/auto/TestExceptionAttribute1.xml (RunModel)" time="0.009" />
  <testcase classname="ptolemy.util.test.junit.AutoTests" name="[363] /home/travis/build/icyphy/ptII/ptolemy/actor/lib/test/auto/TestExceptionAttribute2.xml (RunModel)" time="0.007" />
  <testcase classname="ptolemy.util.test.junit.AutoTests" name="[364] /home/travis/build/icyphy/ptII/ptolemy/actor/lib/test/auto/TestExceptionAttribute3.xml (RunModel)" time="0.01" />
  <testcase classname="ptolemy.util.test.junit.AutoTests" name="[365] /home/travis/build/icyphy/ptII/ptolemy/actor/lib/test/auto/TestExceptionAttribute4.xml (RunModel)" time="0.008" />
  <testcase classname="ptolemy.util.test.junit.AutoTests" name="[366] /home/travis/build/icyphy/ptII/ptolemy/actor/lib/test/auto/TestExceptionHandler1.xml (RunModel)" time="0.006" />
  <testcase classname="ptolemy.util.test.junit.AutoTests" name="[367] /home/travis/build/icyphy/ptII/ptolemy/actor/lib/test/auto/TestExceptionHandler2.xml (RunModel)" time="0.008" />
  <testcase classname="ptolemy.util.test.junit.AutoTests" name="[368] /home/travis/build/icyphy/ptII/ptolemy/actor/lib/test/auto/TestExceptionHandler3.xml (RunModel)" time="0.008" />
  <testcase classname="ptolemy.util.test.junit.AutoTests" name="[369] /home/travis/build/icyphy/ptII/ptolemy/actor/lib/test/auto/TestExceptionHandler4.xml (RunModel)" time="0.006" />
  <testcase classname="ptolemy.util.test.junit.AutoTests" name="[370] /home/travis/build/icyphy/ptII/ptolemy/actor/lib/test/auto/TestRequireCorrectOrder.xml (RunModel)" time="0.012" />
  <testcase classname="ptolemy.util.test.junit.AutoTests" name="[371] /home/travis/build/icyphy/ptII/ptolemy/actor/lib/test/auto/TestSimple.xml (RunModel)" time="0.006" />
  <testcase classname="ptolemy.util.test.junit.AutoTests" name="[372] /home/travis/build/icyphy/ptII/ptolemy/actor/lib/test/auto/ThrowModelError.xml (RunModel)" time="0.01" />
  <testcase classname="ptolemy.util.test.junit.AutoTests" name="[373] /home/travis/build/icyphy/ptII/ptolemy/actor/lib/test/auto/TimeDelayMicrosteps.xml (RunModel)" time="0.014" />
  <testcase classname="ptolemy.util.test.junit.AutoTests" name="[374] /home/travis/build/icyphy/ptII/ptolemy/actor/lib/test/auto/TimeDelayMicrosteps2.xml (RunModel)" time="0.015" />
  <testcase classname="ptolemy.util.test.junit.AutoTests" name="[375] /home/travis/build/icyphy/ptII/ptolemy/actor/lib/test/auto/TimeDelayMicrosteps3.xml (RunModel)" time="0.011" />
  <testcase classname="ptolemy.util.test.junit.AutoTests" name="[376] /home/travis/build/icyphy/ptII/ptolemy/actor/lib/test/auto/TimeDelayVariableMicrosteps.xml (RunModel)" time="0.012" />
  <testcase classname="ptolemy.util.test.junit.AutoTests" name="[377] /home/travis/build/icyphy/ptII/ptolemy/actor/lib/test/auto/TimeGap.xml (RunModel)" time="0.014" />
  <testcase classname="ptolemy.util.test.junit.AutoTests" name="[378] /home/travis/build/icyphy/ptII/ptolemy/actor/lib/test/auto/TimeGap2.xml (RunModel)" time="0.01" />
  <testcase classname="ptolemy.util.test.junit.AutoTests" name="[379] /home/travis/build/icyphy/ptII/ptolemy/actor/lib/test/auto/TimedSinewave.xml (RunModel)" time="0.047" />
  <testcase classname="ptolemy.util.test.junit.AutoTests" name="[380] /home/travis/build/icyphy/ptII/ptolemy/actor/lib/test/auto/TimedSinewavePhase.xml (RunModel)" time="0.023" />
  <testcase classname="ptolemy.util.test.junit.AutoTests" name="[381] /home/travis/build/icyphy/ptII/ptolemy/actor/lib/test/auto/Timer.xml (RunModel)" time="0.018" />
  <testcase classname="ptolemy.util.test.junit.AutoTests" name="[382] /home/travis/build/icyphy/ptII/ptolemy/actor/lib/test/auto/TriangularDistTestModel.xml (RunModel)" time="0.023" />
  <testcase classname="ptolemy.util.test.junit.AutoTests" name="[383] /home/travis/build/icyphy/ptII/ptolemy/actor/lib/test/auto/TrigFunction.xml (RunModel)" time="0.008" />
  <testcase classname="ptolemy.util.test.junit.AutoTests" name="[384] /home/travis/build/icyphy/ptII/ptolemy/actor/lib/test/auto/TrigFunctionDE.xml (RunModel)" time="0.011" />
  <testcase classname="ptolemy.util.test.junit.AutoTests" name="[385] /home/travis/build/icyphy/ptII/ptolemy/actor/lib/test/auto/TrigFunctionInverse.xml (RunModel)" time="0.008" />
  <testcase classname="ptolemy.util.test.junit.AutoTests" name="[386] /home/travis/build/icyphy/ptII/ptolemy/actor/lib/test/auto/TrigFunctionTan.xml (RunModel)" time="0.007" />
  <testcase classname="ptolemy.util.test.junit.AutoTests" name="[387] /home/travis/build/icyphy/ptII/ptolemy/actor/lib/test/auto/TriggeredClock.xml (RunModel)" time="0.008" />
  <testcase classname="ptolemy.util.test.junit.AutoTests" name="[388] /home/travis/build/icyphy/ptII/ptolemy/actor/lib/test/auto/URLDirectoryReader.xml (RunModel)" time="0.073" />
  <testcase classname="ptolemy.util.test.junit.AutoTests" name="[389] /home/travis/build/icyphy/ptII/ptolemy/actor/lib/test/auto/URLDirectoryReader3.xml (RunModel)" time="1.306" />
  <testcase classname="ptolemy.util.test.junit.AutoTests" name="[390] /home/travis/build/icyphy/ptII/ptolemy/actor/lib/test/auto/UnaryMathFunction.xml (RunModel)" time="0.039" />
  <testcase classname="ptolemy.util.test.junit.AutoTests" name="[391] /home/travis/build/icyphy/ptII/ptolemy/actor/lib/test/auto/Uniform.xml (RunModel)" time="0.012" />
  <testcase classname="ptolemy.util.test.junit.AutoTests" name="[392] /home/travis/build/icyphy/ptII/ptolemy/actor/lib/test/auto/UnionDisassemblerTest.xml (RunModel)" time="0.015" />
  <testcase classname="ptolemy.util.test.junit.AutoTests" name="[393] /home/travis/build/icyphy/ptII/ptolemy/actor/lib/test/auto/UtilityFunctions.xml (RunModel)" time="0.009" />
  <testcase classname="ptolemy.util.test.junit.AutoTests" name="[394] /home/travis/build/icyphy/ptII/ptolemy/actor/lib/test/auto/VariableSleep.xml (RunModel)" time="0.511" />
  <testcase classname="ptolemy.util.test.junit.AutoTests" name="[395] /home/travis/build/icyphy/ptII/ptolemy/actor/lib/test/auto/VectorAssemblerDisassemblerCT.xml (RunModel)" time="0.094" />
  <testcase classname="ptolemy.util.test.junit.AutoTests" name="[396] /home/travis/build/icyphy/ptII/ptolemy/actor/lib/test/auto/VectorAssemblerDisassemblerDE.xml (RunModel)" time="0.024" />
  <testcase classname="ptolemy.util.test.junit.AutoTests" name="[397] /home/travis/build/icyphy/ptII/ptolemy/actor/lib/test/auto/VectorAssemblerDisassemblerSDF.xml (RunModel)" time="0.02" />
  <testcase classname="ptolemy.util.test.junit.AutoTests" name="[398] /home/travis/build/icyphy/ptII/ptolemy/actor/lib/test/auto/WallClockTime.xml (RunModel)" time="1.013" />
  <testcase classname="ptolemy.util.test.junit.AutoTests" name="[399] /home/travis/build/icyphy/ptII/ptolemy/actor/lib/test/auto/WidthTestWithSubscriberPublisher.xml (RunModel)" time="0.036" />
  <testcase classname="ptolemy.util.test.junit.AutoTests" name="[400] /home/travis/build/icyphy/ptII/ptolemy/actor/lib/test/auto/WidthTestWithSubscriberPublisher2.xml (RunModel)" time="0.015" />
  <testcase classname="ptolemy.util.test.junit.AutoTests" name="[401] /home/travis/build/icyphy/ptII/ptolemy/actor/lib/test/auto/WidthTestWithSubscriberPublisher3.xml (RunModel)" time="0.014" />
  <testcase classname="ptolemy.util.test.junit.AutoTests" name="[402] /home/travis/build/icyphy/ptII/ptolemy/actor/lib/test/auto/Writer.xml (RunModel)" time="0.007" />
  <testcase classname="ptolemy.util.test.junit.AutoTests" name="[403] /home/travis/build/icyphy/ptII/ptolemy/actor/lib/test/auto/array.xml (RunModel)" time="0.008" />
  <testcase classname="ptolemy.util.test.junit.AutoTests" name="[404] /home/travis/build/icyphy/ptII/ptolemy/actor/lib/test/auto/array2.xml (RunModel)" time="0.01" />
  <testcase classname="ptolemy.util.test.junit.AutoTests" name="[405] /home/travis/build/icyphy/ptII/ptolemy/actor/lib/test/auto/arrayType.xml (RunModel)" time="0.01" />
  <testcase classname="ptolemy.util.test.junit.AutoTests" name="[406] /home/travis/build/icyphy/ptII/ptolemy/actor/lib/test/auto/arrayType10.xml (RunModel)" time="0.008" />
  <testcase classname="ptolemy.util.test.junit.AutoTests" name="[407] /home/travis/build/icyphy/ptII/ptolemy/actor/lib/test/auto/arrayType11.xml (RunModel)" time="0.008" />
  <testcase classname="ptolemy.util.test.junit.AutoTests" name="[408] /home/travis/build/icyphy/ptII/ptolemy/actor/lib/test/auto/arrayType12.xml (RunModel)" time="0.008" />
  <testcase classname="ptolemy.util.test.junit.AutoTests" name="[409] /home/travis/build/icyphy/ptII/ptolemy/actor/lib/test/auto/arrayType13.xml (RunModel)" time="0.013" />
  <testcase classname="ptolemy.util.test.junit.AutoTests" name="[410] /home/travis/build/icyphy/ptII/ptolemy/actor/lib/test/auto/arrayType14.xml (RunModel)" time="0.008" />
  <testcase classname="ptolemy.util.test.junit.AutoTests" name="[411] /home/travis/build/icyphy/ptII/ptolemy/actor/lib/test/auto/arrayType15.xml (RunModel)" time="0.01" />
  <testcase classname="ptolemy.util.test.junit.AutoTests" name="[412] /home/travis/build/icyphy/ptII/ptolemy/actor/lib/test/auto/arrayType16.xml (RunModel)" time="0.008" />
  <testcase classname="ptolemy.util.test.junit.AutoTests" name="[413] /home/travis/build/icyphy/ptII/ptolemy/actor/lib/test/auto/arrayType17.xml (RunModel)" time="0.008" />
  <testcase classname="ptolemy.util.test.junit.AutoTests" name="[414] /home/travis/build/icyphy/ptII/ptolemy/actor/lib/test/auto/arrayType18.xml (RunModel)" time="0.008" />
  <testcase classname="ptolemy.util.test.junit.AutoTests" name="[415] /home/travis/build/icyphy/ptII/ptolemy/actor/lib/test/auto/arrayType19.xml (RunModel)" time="0.007" />
  <testcase classname="ptolemy.util.test.junit.AutoTests" name="[416] /home/travis/build/icyphy/ptII/ptolemy/actor/lib/test/auto/arrayType2.xml (RunModel)" time="0.008" />
  <testcase classname="ptolemy.util.test.junit.AutoTests" name="[417] /home/travis/build/icyphy/ptII/ptolemy/actor/lib/test/auto/arrayType20.xml (RunModel)" time="0.008" />
  <testcase classname="ptolemy.util.test.junit.AutoTests" name="[418] /home/travis/build/icyphy/ptII/ptolemy/actor/lib/test/auto/arrayType21.xml (RunModel)" time="0.008" />
  <testcase classname="ptolemy.util.test.junit.AutoTests" name="[419] /home/travis/build/icyphy/ptII/ptolemy/actor/lib/test/auto/arrayType22.xml (RunModel)" time="0.007" />
  <testcase classname="ptolemy.util.test.junit.AutoTests" name="[420] /home/travis/build/icyphy/ptII/ptolemy/actor/lib/test/auto/arrayType23.xml (RunModel)" time="0.007" />
  <testcase classname="ptolemy.util.test.junit.AutoTests" name="[421] /home/travis/build/icyphy/ptII/ptolemy/actor/lib/test/auto/arrayType24.xml (RunModel)" time="0.011" />
  <testcase classname="ptolemy.util.test.junit.AutoTests" name="[422] /home/travis/build/icyphy/ptII/ptolemy/actor/lib/test/auto/arrayType25.xml (RunModel)" time="0.008" />
  <testcase classname="ptolemy.util.test.junit.AutoTests" name="[423] /home/travis/build/icyphy/ptII/ptolemy/actor/lib/test/auto/arrayType26.xml (RunModel)" time="0.008" />
  <testcase classname="ptolemy.util.test.junit.AutoTests" name="[424] /home/travis/build/icyphy/ptII/ptolemy/actor/lib/test/auto/arrayType27.xml (RunModel)" time="0.007" />
  <testcase classname="ptolemy.util.test.junit.AutoTests" name="[425] /home/travis/build/icyphy/ptII/ptolemy/actor/lib/test/auto/arrayType28.xml (RunModel)" time="0.01" />
  <testcase classname="ptolemy.util.test.junit.AutoTests" name="[426] /home/travis/build/icyphy/ptII/ptolemy/actor/lib/test/auto/arrayType3.xml (RunModel)" time="0.008" />
  <testcase classname="ptolemy.util.test.junit.AutoTests" name="[427] /home/travis/build/icyphy/ptII/ptolemy/actor/lib/test/auto/arrayType4.xml (RunModel)" time="0.008" />
  <testcase classname="ptolemy.util.test.junit.AutoTests" name="[428] /home/travis/build/icyphy/ptII/ptolemy/actor/lib/test/auto/arrayType5.xml (RunModel)" time="0.009" />
  <testcase classname="ptolemy.util.test.junit.AutoTests" name="[429] /home/travis/build/icyphy/ptII/ptolemy/actor/lib/test/auto/arrayType6.xml (RunModel)" time="0.022" />
  <testcase classname="ptolemy.util.test.junit.AutoTests" name="[430] /home/travis/build/icyphy/ptII/ptolemy/actor/lib/test/auto/arrayType7.xml (RunModel)" time="0.007" />
  <testcase classname="ptolemy.util.test.junit.AutoTests" name="[431] /home/travis/build/icyphy/ptII/ptolemy/actor/lib/test/auto/arrayType8.xml (RunModel)" time="0.015" />
  <testcase classname="ptolemy.util.test.junit.AutoTests" name="[432] /home/travis/build/icyphy/ptII/ptolemy/actor/lib/test/auto/arrayType9.xml (RunModel)" time="0.028" />
  <testcase classname="ptolemy.util.test.junit.AutoTests" name="[433] /home/travis/build/icyphy/ptII/ptolemy/actor/lib/test/auto/cast.xml (RunModel)" time="0.008" />
  <testcase classname="ptolemy.util.test.junit.AutoTests" name="[434] /home/travis/build/icyphy/ptII/ptolemy/actor/lib/test/auto/compositeMultiPort.xml (RunModel)" time="0.018" />
  <testcase classname="ptolemy.util.test.junit.AutoTests" name="[435] /home/travis/build/icyphy/ptII/ptolemy/actor/lib/test/auto/expressionCastInference.xml (RunModel)" time="0.008" />
  <testcase classname="ptolemy.util.test.junit.AutoTests" name="[436] /home/travis/build/icyphy/ptII/ptolemy/actor/lib/test/auto/expressionCastInference2.xml (RunModel)" time="0.007" />
  <testcase classname="ptolemy.util.test.junit.AutoTests" name="[437] /home/travis/build/icyphy/ptII/ptolemy/actor/lib/test/auto/expressionInference.xml (RunModel)" time="0.006" />
  <testcase classname="ptolemy.util.test.junit.AutoTests" name="[438] /home/travis/build/icyphy/ptII/ptolemy/actor/lib/test/auto/expression_bug.xml (RunModel)" time="0.007" />
  <testcase classname="ptolemy.util.test.junit.AutoTests" name="[439] /home/travis/build/icyphy/ptII/ptolemy/actor/lib/test/auto/factorial.xml (RunModel)" time="0.049" />
  <testcase classname="ptolemy.util.test.junit.AutoTests" name="[440] /home/travis/build/icyphy/ptII/ptolemy/actor/lib/test/auto/filterTest1.xml (RunModel)" time="0.021" />
  <testcase classname="ptolemy.util.test.junit.AutoTests" name="[441] /home/travis/build/icyphy/ptII/ptolemy/actor/lib/test/auto/funcApplyInConst.xml (RunModel)" time="0.006" />
  <testcase classname="ptolemy.util.test.junit.AutoTests" name="[442] /home/travis/build/icyphy/ptII/ptolemy/actor/lib/test/auto/funcApplyInExpr.xml (RunModel)" time="0.006" />
  <testcase classname="ptolemy.util.test.junit.AutoTests" name="[443] /home/travis/build/icyphy/ptII/ptolemy/actor/lib/test/auto/function.xml (RunModel)" time="0.013" />
  <testcase classname="ptolemy.util.test.junit.AutoTests" name="[444] /home/travis/build/icyphy/ptII/ptolemy/actor/lib/test/auto/function2.xml (RunModel)" time="0.007" />
  <testcase classname="ptolemy.util.test.junit.AutoTests" name="[445] /home/travis/build/icyphy/ptII/ptolemy/actor/lib/test/auto/function3.xml (RunModel)" time="0.008" />
  <testcase classname="ptolemy.util.test.junit.AutoTests" name="[446] /home/travis/build/icyphy/ptII/ptolemy/actor/lib/test/auto/functionClosureTest1.xml (RunModel)" time="0.036" />
  <testcase classname="ptolemy.util.test.junit.AutoTests" name="[447] /home/travis/build/icyphy/ptII/ptolemy/actor/lib/test/auto/functionClosureTest2.xml (RunModel)" time="0.035" />
  <testcase classname="ptolemy.util.test.junit.AutoTests" name="[448] /home/travis/build/icyphy/ptII/ptolemy/actor/lib/test/auto/functionClosureTest3.xml (RunModel)" time="0.036" />
  <testcase classname="ptolemy.util.test.junit.AutoTests" name="[449] /home/travis/build/icyphy/ptII/ptolemy/actor/lib/test/auto/functionClosureTest4.xml (RunModel)" time="0.028" />
  <testcase classname="ptolemy.util.test.junit.AutoTests" name="[450] /home/travis/build/icyphy/ptII/ptolemy/actor/lib/test/auto/functionClosureTest5.xml (RunModel)" time="0.01" />
  <testcase classname="ptolemy.util.test.junit.AutoTests" name="[451] /home/travis/build/icyphy/ptII/ptolemy/actor/lib/test/auto/functionClosureTest6.xml (RunModel)" time="0.007" />
  <testcase classname="ptolemy.util.test.junit.AutoTests" name="[452] /home/travis/build/icyphy/ptII/ptolemy/actor/lib/test/auto/functionsOnArcs.xml (RunModel)" time="0.009" />
  <testcase classname="ptolemy.util.test.junit.AutoTests" name="[453] /home/travis/build/icyphy/ptII/ptolemy/actor/lib/test/auto/functionsOnArcsHOF.xml (RunModel)" time="0.014" />
  <testcase classname="ptolemy.util.test.junit.AutoTests" name="[454] /home/travis/build/icyphy/ptII/ptolemy/actor/lib/test/auto/logic.xml (RunModel)" time="0.016" />
  <testcase classname="ptolemy.util.test.junit.AutoTests" name="[455] /home/travis/build/icyphy/ptII/ptolemy/actor/lib/test/auto/matrixType.xml (RunModel)" time="0.007" />
  <testcase classname="ptolemy.util.test.junit.AutoTests" name="[456] /home/travis/build/icyphy/ptII/ptolemy/actor/lib/test/auto/matrixType10.xml (RunModel)" time="0.008" />
  <testcase classname="ptolemy.util.test.junit.AutoTests" name="[457] /home/travis/build/icyphy/ptII/ptolemy/actor/lib/test/auto/matrixType11.xml (RunModel)" time="0.008" />
  <testcase classname="ptolemy.util.test.junit.AutoTests" name="[458] /home/travis/build/icyphy/ptII/ptolemy/actor/lib/test/auto/matrixType12.xml (RunModel)" time="0.011" />
  <testcase classname="ptolemy.util.test.junit.AutoTests" name="[459] /home/travis/build/icyphy/ptII/ptolemy/actor/lib/test/auto/matrixType13.xml (RunModel)" time="0.008" />
  <testcase classname="ptolemy.util.test.junit.AutoTests" name="[460] /home/travis/build/icyphy/ptII/ptolemy/actor/lib/test/auto/matrixType14.xml (RunModel)" time="0.013" />
  <testcase classname="ptolemy.util.test.junit.AutoTests" name="[461] /home/travis/build/icyphy/ptII/ptolemy/actor/lib/test/auto/matrixType2.xml (RunModel)" time="0.008" />
  <testcase classname="ptolemy.util.test.junit.AutoTests" name="[462] /home/travis/build/icyphy/ptII/ptolemy/actor/lib/test/auto/matrixType3.xml (RunModel)" time="0.01" />
  <testcase classname="ptolemy.util.test.junit.AutoTests" name="[463] /home/travis/build/icyphy/ptII/ptolemy/actor/lib/test/auto/matrixType4.xml (RunModel)" time="0.008" />
  <testcase classname="ptolemy.util.test.junit.AutoTests" name="[464] /home/travis/build/icyphy/ptII/ptolemy/actor/lib/test/auto/matrixType5.xml (RunModel)" time="0.007" />
  <testcase classname="ptolemy.util.test.junit.AutoTests" name="[465] /home/travis/build/icyphy/ptII/ptolemy/actor/lib/test/auto/matrixType6.xml (RunModel)" time="0.009" />
  <testcase classname="ptolemy.util.test.junit.AutoTests" name="[466] /home/travis/build/icyphy/ptII/ptolemy/actor/lib/test/auto/matrixType7.xml (RunModel)" time="0.008" />
  <testcase classname="ptolemy.util.test.junit.AutoTests" name="[467] /home/travis/build/icyphy/ptII/ptolemy/actor/lib/test/auto/matrixType8.xml (RunModel)" time="0.008" />
  <testcase classname="ptolemy.util.test.junit.AutoTests" name="[468] /home/travis/build/icyphy/ptII/ptolemy/actor/lib/test/auto/matrixType9.xml (RunModel)" time="0.008" />
  <testcase classname="ptolemy.util.test.junit.AutoTests" name="[469] /home/travis/build/icyphy/ptII/ptolemy/actor/lib/test/auto/paraFunctest.xml (RunModel)" time="0.006" />
  <testcase classname="ptolemy.util.test.junit.AutoTests" name="[470] /home/travis/build/icyphy/ptII/ptolemy/actor/lib/test/auto/paraFunctest2.xml (RunModel)" time="0.01" />
  <testcase classname="ptolemy.util.test.junit.AutoTests" name="[471] /home/travis/build/icyphy/ptII/ptolemy/actor/lib/test/auto/parameterPassing.xml (RunModel)" time="0.007" />
  <testcase classname="ptolemy.util.test.junit.AutoTests" name="[472] /home/travis/build/icyphy/ptII/ptolemy/actor/lib/test/auto/record.xml (RunModel)" time="0.009" />
  <testcase classname="ptolemy.util.test.junit.AutoTests" name="[473] /home/travis/build/icyphy/ptII/ptolemy/actor/lib/test/auto/sizedarray1.xml (RunModel)" time="0.009" />
  <testcase classname="ptolemy.util.test.junit.AutoTests" name="[474] /home/travis/build/icyphy/ptII/ptolemy/actor/lib/test/auto/sizedarray2.xml (RunModel)" time="0.01" />
  <testcase classname="ptolemy.util.test.junit.AutoTests" name="[475] /home/travis/build/icyphy/ptII/ptolemy/actor/lib/test/auto/twoPublishers.xml (RunModel)" time="0.022" />
  <system-out><![CDATA[/home/travis/build/icyphy/ptII/ptolemy/actor/lib/test/AbsoluteValue.tcl
testDefs.tcl: setting time out to 9000 seconds at Tue May 19 14:28:28 UTC 2020
93 ms. Memory: 129024K Free: 93126K (72%)
6 ms. Memory: 129024K Free: 91078K (71%)
4 ms. Memory: 129024K Free: 90558K (70%)
10 ms. Memory: 129024K Free: 89526K (69%)
/home/travis/build/icyphy/ptII/ptolemy/actor/lib/test/AddSubtract.tcl
17 ms. Memory: 129024K Free: 87486K (68%)
16 ms. Memory: 129024K Free: 86982K (67%)
10 ms. Memory: 129024K Free: 85958K (67%)
16 ms. Memory: 129024K Free: 85444K (66%)
64 ms. Memory: 129024K Free: 82372K (64%)
4 ms. Memory: 129024K Free: 81348K (63%)
/home/travis/build/icyphy/ptII/ptolemy/actor/lib/test/Average.tcl
6 ms. Memory: 129024K Free: 79814K (62%)
6 ms. Memory: 129024K Free: 78790K (61%)
/home/travis/build/icyphy/ptII/ptolemy/actor/lib/test/Bernoulli.tcl
7 ms. Memory: 129024K Free: 77238K (60%)
5 ms. Memory: 129024K Free: 76742K (59%)
/home/travis/build/icyphy/ptII/ptolemy/actor/lib/test/Clock.tcl
preinitializing
resolving types
initializing
executing number 1
wrapping up
idle
20 ms. Memory: 129024K Free: 74180K (57%)
Completed execution with 5 iterations
preinitializing
resolving types
initializing
executing number 1
wrapping up
idle
10 ms. Memory: 129024K Free: 73126K (57%)
Completed execution with 5 iterations
preinitializing
resolving types
initializing
executing number 1
wrapping up
idle
4 ms. Memory: 129024K Free: 72646K (56%)
Completed execution with 5 iterations
/home/travis/build/icyphy/ptII/ptolemy/actor/lib/test/Commutator.tcl
9 ms. Memory: 129024K Free: 70598K (55%)
15 ms. Memory: 129024K Free: 69574K (54%)
12 ms. Memory: 129024K Free: 63910K (50%)
/home/travis/build/icyphy/ptII/ptolemy/actor/lib/test/Const.tcl
4 ms. Memory: 129024K Free: 62406K (48%)
1 ms. Memory: 129024K Free: 61878K (48%)
15 ms. Memory: 129024K Free: 61382K (48%)
5 ms. Memory: 129024K Free: 60862K (47%)
2 ms. Memory: 129024K Free: 60358K (47%)
21 ms. Memory: 129024K Free: 58820K (46%)
7 ms. Memory: 129024K Free: 57286K (44%)
8 ms. Memory: 129024K Free: 56766K (44%)
/home/travis/build/icyphy/ptII/ptolemy/actor/lib/test/CurrentTime.tcl
preinitializing
resolving types
initializing
executing number 1
wrapping up
idle
8 ms. Memory: 129024K Free: 54710K (42%)
Completed execution with 11 iterations
/home/travis/build/icyphy/ptII/ptolemy/actor/lib/test/DB.tcl
6 ms. Memory: 129024K Free: 53190K (41%)
3 ms. Memory: 129024K Free: 52675K (41%)
4 ms. Memory: 129024K Free: 52166K (40%)
/home/travis/build/icyphy/ptII/ptolemy/actor/lib/test/DiscreteRandomSource.tcl
preinitializing
resolving types
initializing
executing number 1
wrapping up
idle
6 ms. Memory: 129024K Free: 50614K (39%)
Completed execution with 4 iterations
preinitializing
resolving types
initializing
executing number 1
wrapping up
idle
5 ms. Memory: 129024K Free: 50118K (39%)
Completed execution with 4 iterations
preinitializing
resolving types
initializing
executing number 1
wrapping up
idle
6 ms. Memory: 129024K Free: 49604K (38%)
Completed execution with 4 iterations
preinitializing
resolving types
initializing
executing number 1
wrapping up
idle
9 ms. Memory: 129024K Free: 49094K (38%)
Completed execution with 4 iterations
preinitializing
resolving types
initializing
executing number 1
wrapping up
idle
3 ms. Memory: 129024K Free: 48580K (38%)
Completed execution with 4 iterations
/home/travis/build/icyphy/ptII/ptolemy/actor/lib/test/Distributor.tcl
13 ms. Memory: 129024K Free: 112933K (88%)
10 ms. Memory: 129024K Free: 112453K (87%)
StreamChangeRequest.changeExecuted(): <deleteEntity name="rec2"/> succeeded
StreamChangeRequest.changeExecuted(): <deleteRelation name="r2"/> succeeded
StreamChangeRequest.changeExecuted(): Record firings per iteration succeeded
11 ms. Memory: 129024K Free: 109847K (85%)
/home/travis/build/icyphy/ptII/ptolemy/actor/lib/test/Exit.tcl
Exit.tcl: this will print a message about Manager.exitAfterWrapup, which can be ignored.
10 ms. Memory: 129024K Free: 106782K (83%)
/home/travis/build/icyphy/ptII/ptolemy/actor/lib/test/Expression.tcl
13 ms. Memory: 129024K Free: 103253K (80%)
3 ms. Memory: 129024K Free: 102679K (80%)
2 ms. Memory: 129024K Free: 102136K (79%)
preinitializing
resolving types
initializing
executing number 1
wrapping up
idle
4 ms. Memory: 129024K Free: 100631K (78%)
Completed execution with 6 iterations
4 ms. Memory: 129024K Free: 99591K (77%)
2 ms. Memory: 129024K Free: 99064K (77%)
4 ms. Memory: 129024K Free: 97559K (76%)
3 ms. Memory: 129024K Free: 96519K (75%)
4 ms. Memory: 129024K Free: 95039K (74%)
/home/travis/build/icyphy/ptII/ptolemy/actor/lib/test/Gaussian.tcl
3 ms. Memory: 129024K Free: 93447K (72%)
sleeping 1 seconds: ........................................................................................................................................................................................................................................................................................................................................................................................................................................................................................................................................................................................................................................................................................................................................................................................................................................................................................................................................................................................................................................................................................................................................................................................................................................................................................................................................................................................................................................................................................................................................................................................................................................................................................................................................................................................................................................................................................................................................................................................................................................................................................................................................................................................................................................................................................................................................................................................................................................................................................................................................................................................................................................................................................................................................................................................................................................................................................................................................................................................................................................................................................................................................................................................................................................................................................................................................................................................................................................................................................................................................................................................................................................................................................................................................................................................................................................................................................................................................................................................................................................................................................................................................................................................................................................................................................................................................................................................................................................................................................................................................................................................................................................................................................................................................................................................................................................................................................................................................................................................................................................................................................................................................................................................................................................................................................................................................................................................................................................................................................................................................................................................................................................................................................................................................................................................................................................................................................................................................................................................................................................................................................................................................................................................................................................................................................................................................................................................................................................................................................................................................................................................................................................................................................................................................................................................................................................................................................................................................................................................................................................................................................................................................................................................................................................................................................................................................................................................................................................................................................................................................................................................................................................................................................................................................................................................................................................................................................................................................................................................................................................................................................................................................................................................................................................................................................................................................................................................................................................................................................................................................................................................................................................................................................................................................................................................................................................................................................................................................................................................................................................................................................................................................................................................................................................................................................................................................................................................................................................................................................................................................................................................................................................................................................................................................................................................................................................................................................................................................................................................................................................................................................................................................................................................................................................................................................................................................................................................................................................................................................................................................................................................................................................................................................................................................................................................................................................................................................................................................................................................................................................................................................................................................................................................................................................................................................................................................................................................................................................................................................................................................................................................................................................................................................................................................................................................................................................................................................................................................................................................................................................................................................................................................................................................................................................................................................................................................................................................................................................................................................................................................................................................................................................................................................................................................................................................................................................................................................................................................................................................................................................................................................................................................................................................................................................................................................................................................................................................................................................................................................................................................................................................................................................................................................................................................................................................................................................................................................................................................................................................................................................................................................................................................................................................................................................................................................................................................................................................................................................................................................................................................................................................................................................................................................................................................................................................................................................................................................................................................................................................................................................................................................................................................................................................................................................................................................................................................................................................................................................................................................................................................................................................................................................................................................................................................................................................................................................................................................................................................................................................................................................................................................................................................................................................................................................................................................................................................................................................................................................................................................................................................................................................................................................................................................................................................................................................................................................................................................................................................................................................................................................................................................................................................................................................................................................................................................................................................................................................................................................................................................................................................................................................................................................................................................................................................................................................................................................................................................................................................................................................................................................................................................................................................................................................................................................................................................................................................................................................................................................................................................................................................................................................................................................................................................................................................................................................................................................................................................................................................................................................................................................................................................................................................................................................................................................................................................................................................................................................................................................................................................................................................................................................................................................................................................................................................................................................................................................................................................................................................................................................................................................................................................................................................................................................................................................................................................................................................................................................................................................................................................................................................................................................................................................................................................................................................................................................................................................................................................................................................................................................................................................................................................................................................................................................................................................................................................................................................................................................................................................................................................................................................................................................................................................................................................................................................................................................................................................................................................................................................................................................................................................................................................................................................................................................................................................................................................................................................................................................................................................................................................................................................................................................................................................................................................................................................................................................................................................................................................................................................................................................................................................................................................................................................................................................................................................................................................................................................................................................................................................................................................................................................................................................................................................................................................................................................................................................................................................................................................................................................................................................................................................................................................................................................................................................................................................................................................................................................................................................................................................................................................................................................................................................................................................................................................................................................................................................................................................................................................................................................................................................................................................................................................................................................................................................................................................................................................................................................................................................................................................................................................................................................................................................................................................................................................................................................................................................................................................................................................................................................................................................................................................................................................................................................................................................................................................................................................................................................................................................................................................................................................................................................................................................................................................................................................................................................................................................................................................................................................................................................................................................................................................................................................................................................................................................................................................................................................................................................................................................................................................................................................................................................................................................................................................................................................................................................................................................................................................................................................................................................................................................................................................................................................................................................................................................................................................................................................................................................................................................................................................................................................................................................................................................................................................................................................................................................................................................................................................................................................................................................................................................................................................................................................................................................................................................................................................................................................................................................................................................................................................................................................................................................................................................................................................................................................................................................................................................................................................................................................................................................................................................................................................................................................................................................................................................................................................................................................................................................................................................................................................................................................................................................................................................................................................................................................................................................................................................................................................................................................................................................................................................................................................................................................................................................................................................................................................................................................................................................................................................................................................................................................................................................................................................................................................................................................................................................................................................................................................................................................................................................................................................................................................................................................................................................................................................................................................................................................................................................................................................................................................................................................................................................................................................................................................................................................................................................................................................................................................................................................................................................................................................................................................................................................................................................................................................................................................................................................................................................................................................................................................................................................................................................................................................................................................................................................................................................................................................................................................................................................................................................................................................................................................................................................................................................................................................................................................................................................................................................................................................................................................................................................................................................................................................................................................................................................................................................................................................................................................................................................................................................................................................................................................................................................................................................................................................................................................................................................................................................................................................................................................................................................................................................................................................................................................................................................................................................................................................................................................................................................................................................................................................................................................................................................................................................................................................................................................................................................................................................................................................................................................................................................................................................................................................................................................................................................................................................................................................................................................................................................................................................................................................................................................................................................................................................................................................................................................................................................................................................................................................................................................................................................................................................................................................................................................................................................................................................................................................................................................................................................................................................................................................................................................................................................................................................................................................................................................................................................................................................................................................................................................................................................................................................................................................................................................................................................................................................................................................................................................................................................................................................................................................................................................................................................................................................................................................................................................................................................................................................................................................................................................................................................................................................................................................................................................................................................................................................................................................................................................................................................................................................................................................................................................................................................................................................................................................................................................................................................................................................................................................................................................................................................................................................................................................................................................................................................................................................................................................................................................................................................................................................................................................................................................................................................................................................................................................................................................................................................................................................................................................................................................................................................................................................................................................................................................................................................................................................................................................................................................................................................................................................................................................................................................................................................................................................................................................................................................................................................................................................................................................................................................................................................................................................................................................................................................................................................................................................................................................................................................................................................................................................................................................................................................................................................................................................................................................................................................................................................................................................................................................................................................................................................................................................................................................................................................................................................................................................................................................................................................................................................................................................................................................................................................................................................................................................................................................................................................................................................................................................................................................................................................................4 ms. Memory: 129024K Free: 73737K (57%)
2 ms. Memory: 129024K Free: 72713K (56%)
2 ms. Memory: 129024K Free: 72203K (56%)
3 ms. Memory: 129024K Free: 71519K (55%)
3 ms. Memory: 129024K Free: 70650K (55%)
/home/travis/build/icyphy/ptII/ptolemy/actor/lib/test/IIR.tcl
/home/travis/build/icyphy/ptII/ptolemy/actor/lib/test/Interpolator.tcl
3 ms. Memory: 129024K Free: 67083K (52%)
2 ms. Memory: 129024K Free: 66569K (52%)
2 ms. Memory: 129024K Free: 65545K (51%)
4 ms. Memory: 129024K Free: 65035K (50%)
2 ms. Memory: 129024K Free: 64514K (50%)
2 ms. Memory: 129024K Free: 63482K (49%)
9 ms. Memory: 129024K Free: 62442K (48%)
7 ms. Memory: 129024K Free: 61449K (48%)
2 ms. Memory: 129024K Free: 60939K (47%)
2 ms. Memory: 129024K Free: 59915K (46%)
/home/travis/build/icyphy/ptII/ptolemy/actor/lib/test/MathFunction.tcl
12 ms. Memory: 129024K Free: 57867K (45%)
7 ms. Memory: 129024K Free: 56843K (44%)
2 ms. Memory: 129024K Free: 55819K (43%)
5 ms. Memory: 129024K Free: 54795K (42%)
3 ms. Memory: 129024K Free: 53771K (42%)
12 ms. Memory: 129024K Free: 112827K (87%)
/home/travis/build/icyphy/ptII/ptolemy/actor/lib/test/Maximum.tcl
3 ms. Memory: 129024K Free: 110779K (86%)
2 ms. Memory: 129024K Free: 110235K (85%)
2 ms. Memory: 129024K Free: 109211K (85%)
2 ms. Memory: 129024K Free: 108731K (84%)
/home/travis/build/icyphy/ptII/ptolemy/actor/lib/test/Minimum.tcl
3 ms. Memory: 129024K Free: 107179K (83%)
1 ms. Memory: 129024K Free: 106169K (82%)
2 ms. Memory: 129024K Free: 105659K (82%)
2 ms. Memory: 129024K Free: 105131K (81%)
/home/travis/build/icyphy/ptII/ptolemy/actor/lib/test/MultiplyDivide.tcl
4 ms. Memory: 129024K Free: 103091K (80%)
2 ms. Memory: 129024K Free: 102587K (80%)
2 ms. Memory: 129024K Free: 101563K (79%)
2 ms. Memory: 129024K Free: 101043K (78%)
2 ms. Memory: 129024K Free: 100539K (78%)
/home/travis/build/icyphy/ptII/ptolemy/actor/lib/test/OrderedMerge.tcl
Connections changed on port: inputA
Connections changed on port: inputB
Connections changed on port: output
Connections changed on port: output
Connections changed on port: output
Connections changed on port: input
.top. Preinitializing ...
Invoking preinitialize():  .top.OrderedMerge
Called preinitialize()
Invoking preinitialize():  .top.Ramp
Called preinitialize()
Invoking preinitialize():  .top.Ramp2
Called preinitialize()
Invoking preinitialize():  .top.Test
Called preinitialize()
Connections changed on port: inputA
Connections changed on port: output
Connections changed on port: inputB
Connections changed on port: output
Connections changed on port: output
Connections changed on port: input
.top. Finished preinitialize().
Called initialize().
Invoking initialize():  .top.OrderedMerge
Initializing actor: .top.OrderedMerge
Adding a thread: .top.OrderedMerge
Invoking initialize():  .top.Ramp
Initializing actor: .top.Ramp
Adding a thread: .top.Ramp
Invoking initialize():  .top.Ramp2
Initializing actor: .top.Ramp2
Adding a thread: .top.Ramp2
Invoking initialize():  .top.Test
Initializing actor: .top.Test
Adding a thread: .top.Test
Called fire().
Checking for deadlock:
-- Starting thread.
Called initialize()
Called prefire()
-- Starting thread.
Called initialize()
-- Starting thread.
Called initialize()
Called fire()
Called prefire()
Called prefire()
Called fire()
Called fire()
-- Starting thread.
Called initialize()
Called prefire()
Called fire()
There are 0 Blocked actors, 0 Stopped actors, and 4 active threads.
Waiting for actors to stop.
Checking for deadlock:
There are 1 Blocked actors, 0 Stopped actors, and 4 active threads.
Waiting for actors to stop.
Called postfire()
Called prefire()
Called fire()
Called postfire()
Called prefire()
Called fire()
Checking for deadlock:
There are 3 Blocked actors, 0 Stopped actors, and 4 active threads.
Waiting for actors to stop.
Read input token from inputA with value 0.0
Next port to read input from is inputB
Called postfire()
Called prefire()
Called fire()
Read input token from inputB with value 0.0
Sent output token with value 0.0
Next port to read input from is inputA
Called postfire()
Called prefire()
Called fire()
Checking for deadlock:
There are 1 Blocked actors, 0 Stopped actors, and 4 active threads.
Waiting for actors to stop.
Called postfire()
Called prefire()
Called fire()
Checking for deadlock:
There are 1 Blocked actors, 0 Stopped actors, and 4 active threads.
Waiting for actors to stop.
Called postfire()
Called prefire()
Called fire()
Read input token from inputA with value 1.0
Sent output token with value 0.0
Next port to read input from is inputB
Called postfire()
Called prefire()
-- Read input: 0.0, which is expected to match: 0.0
Called fire()
Read input token from inputB with value 1.5
Called prefire()
Called fire()
Checking for deadlock:
There are 1 Blocked actors, 0 Stopped actors, and 4 active threads.
Waiting for actors to stop.
Called postfire()
-- Read input: 0.0, which is expected to match: 0.0
Called prefire()
Called fire()
Called prefire()
Called fire()
Called postfire()
Called prefire()
Called fire()
Checking for deadlock:
There are 3 Blocked actors, 0 Stopped actors, and 4 active threads.
Waiting for actors to stop.
Sent output token with value 1.0
Next port to read input from is inputA
Called postfire()
Called prefire()
Called fire()
Read input token from inputA with value 2.0
Checking for deadlock:
There are 2 Blocked actors, 0 Stopped actors, and 4 active threads.
Waiting for actors to stop.
Called postfire()
Called prefire()
-- Read input: 1.0, which is expected to match: 1.0
Called fire()
Called prefire()
Called fire()
Checking for deadlock:
There are 2 Blocked actors, 0 Stopped actors, and 4 active threads.
Waiting for actors to stop.
Sent output token with value 1.5
Next port to read input from is inputB
Called postfire()
Called prefire()
Called fire()
Read input token from inputB with value 3.0
-- Read input: 1.5, which is expected to match: 1.5
Called prefire()
Called fire()
Sent output token with value 2.0
Called postfire()
Called prefire()
Next port to read input from is inputA
Called fire()
Called postfire()
Called prefire()
Called fire()
Checking for deadlock:
There are 2 Blocked actors, 0 Stopped actors, and 4 active threads.
Waiting for actors to stop.
Read input token from inputA with value 3.0
-- Read input: 2.0, which is expected to match: 2.0
Called prefire()
Called fire()
Checking for deadlock:
There are 2 Blocked actors, 0 Stopped actors, and 4 active threads.
Waiting for actors to stop.
Called postfire()
Called prefire()
Called fire()
Checking for deadlock:
Sent output token with value 3.0
There are 2 Blocked actors, 0 Stopped actors, and 4 active threads.
Waiting for actors to stop.
Next port to read input from is inputB
Called postfire()
Called prefire()
Called fire()
Read input token from inputB with value 4.5
Checking for deadlock:
There are 1 Blocked actors, 0 Stopped actors, and 4 active threads.
Waiting for actors to stop.
-- Read input: 3.0, which is expected to match: 3.0
Called prefire()
Called fire()
Called postfire()
Called prefire()
Called fire()
Checking for deadlock:
There are 3 Blocked actors, 0 Stopped actors, and 4 active threads.
Waiting for actors to stop.
Sent output token with value 3.0
Next port to read input from is inputA
Called postfire()
Called prefire()
Called fire()
Read input token from inputA with value 4.0
Called postfire()
Called prefire()
Called fire()
-- Read input: 3.0, which is expected to match: 3.0
Called prefire()
Called fire()
Checking for deadlock:
There are 3 Blocked actors, 0 Stopped actors, and 4 active threads.
Waiting for actors to stop.
Checking for deadlock:
There are 2 Blocked actors, 0 Stopped actors, and 4 active threads.
Waiting for actors to stop.
-- Read input: 4.0, which is expected to match: 4.0
Called prefire()
Called fire()
Past the end of training data. Read and discard all inputs.
Sent output token with value 4.0
Next port to read input from is inputA
Called postfire()
Called prefire()
Called fire()
Read input token from inputA with value 5.0
Sent output token with value 4.5
Next port to read input from is inputB
Called postfire()
Called prefire()
Called fire()
Read input token from inputB with value 6.0
Checking for deadlock:
There are 1 Blocked actors, 0 Stopped actors, and 4 active threads.
Waiting for actors to stop.
Called postfire()
Called prefire()
Called fire()
Called postfire()
Called prefire()
Called fire()
Checking for deadlock:
There are 2 Blocked actors, 0 Stopped actors, and 4 active threads.
Called prefire()
Called fire()
Waiting for actors to stop.
Past the end of training data. Read and discard all inputs.
Checking for deadlock:
There are 3 Blocked actors, 0 Stopped actors, and 4 active threads.
Waiting for actors to stop.
Sent output token with value 5.0
Next port to read input from is inputA
Called postfire()
Called prefire()
Called fire()
Read input token from inputA with value 6.0
Called prefire()
Called fire()
Past the end of training data. Read and discard all inputs.
Checking for deadlock:
Called postfire()
There are 2 Blocked actors, 0 Stopped actors, and 4 active threads.
Called prefire()
Waiting for actors to stop.
Called fire()
Checking for deadlock:
There are 3 Blocked actors, 0 Stopped actors, and 4 active threads.
Waiting for actors to stop.
Checking for deadlock:
Called prefire()
There are 2 Blocked actors, 0 Stopped actors, and 4 active threads.
Waiting for actors to stop.
Sent output token with value 6.0
Next port to read input from is inputB
Called postfire()
Called prefire()
Called fire()
Checking for deadlock:
There are 1 Blocked actors, 0 Stopped actors, and 4 active threads.
Waiting for actors to stop.
Read input token from inputB with value 7.5
Called postfire()
Called prefire()
Called fire()
Sent output token with value 6.0
Next port to read input from is inputA
Called postfire()
Called prefire()
Called fire()
Called fire()
Checking for deadlock:
Past the end of training data. Read and discard all inputs.
There are 2 Blocked actors, 0 Stopped actors, and 4 active threads.
Waiting for actors to stop.
Called prefire()
Called fire()
Past the end of training data. Read and discard all inputs.
Read input token from inputA with value 7.0
Sent output token with value 7.0
Next port to read input from is inputA
Called postfire()
Called prefire()
Called fire()
Called prefire()
Called fire()
Past the end of training data. Read and discard all inputs.
Checking for deadlock:
There are 3 Blocked actors, 0 Stopped actors, and 4 active threads.
Waiting for actors to stop.
Checking for deadlock:
Called postfire()
There are 2 Blocked actors, 0 Stopped actors, and 4 active threads.
Called prefire()
Waiting for actors to stop.
Called fire()
Checking for deadlock:
There are 2 Blocked actors, 0 Stopped actors, and 4 active threads.
Waiting for actors to stop.
Read input token from inputA with value 8.0
Sent output token with value 7.5
Next port to read input from is inputB
Called postfire()
Called prefire()
Called fire()
Read input token from inputB with value 9.0
Called prefire()
Called postfire()
Called fire()
Called prefire()
Past the end of training data. Read and discard all inputs.
Checking for deadlock:
There are 0 Blocked actors, 0 Stopped actors, and 4 active threads.
Waiting for actors to stop.
Called fire()
-- Thread wrapup() called.
Called wrapup()
Thread .top.Ramp is exiting.
-- Thread stopped.
Checking for deadlock:
Sent output token with value 8.0
There are 1 Blocked actors, 0 Stopped actors, and 3 active threads.
Waiting for actors to stop.
Next port to read input from is inputA
Called postfire()
Called prefire()
Called fire()
Read input token from inputA with value 9.0
Checking for deadlock:
Called prefire()
Called fire()
There are 1 Blocked actors, 0 Stopped actors, and 3 active threads.
Waiting for actors to stop.
Past the end of training data. Read and discard all inputs.
Sent output token with value 9.0
Next port to read input from is inputB
Called postfire()
Called prefire()
Called fire()
Read input token from inputB with value 10.5
Called prefire()
Called fire()
Past the end of training data. Read and discard all inputs.
Sent output token with value 9.0
Called postfire()
Called prefire()
Called fire()
Next port to read input from is inputA
Called postfire()
Called prefire()
Called fire()
Checking for deadlock:
There are 1 Blocked actors, 0 Stopped actors, and 3 active threads.
Waiting for actors to stop.
Checking for deadlock:
Called prefire()
Called fire()
Past the end of training data. Read and discard all inputs.
There are 2 Blocked actors, 0 Stopped actors, and 3 active threads.
Waiting for actors to stop.
Checking for deadlock:
There are 3 Blocked actors, 0 Stopped actors, and 3 active threads.
Actors have stopped.
Checking for deadlock:
There are 3 Blocked actors, 0 Stopped actors, and 3 active threads.
Deadlock detected.
Resolving Deadlock
Checking for deadlock:
There are 3 Blocked actors, 0 Stopped actors, and 3 active threads.
Artificial Deadlock - increasing queue capacity.
increasing the capacity of receiver ptolemy.actor.TypedIOPort {.top.OrderedMerge.inputB} to 2
Director: Called postfire().
Called postfire().
-- Thread wrapup() called.
Called wrapup()
_stopRequested = false
_stopFireRequested = false
Returning from postfire(): true
Thread .top.Ramp2 is exiting.
-- Thread stopped.
Called fire().
Checking for deadlock:
There are 2 Blocked actors, 0 Stopped actors, and 2 active threads.
Actors have stopped.
Checking for deadlock:
There are 2 Blocked actors, 0 Stopped actors, and 2 active threads.
Deadlock detected.
Resolving Deadlock
Checking for deadlock:
There are 2 Blocked actors, 0 Stopped actors, and 2 active threads.
Deadlock detected: no processes blocked on write, but some are blocked on read.
Called postfire().
_stopRequested = false
_stopFireRequested = false
Returning from postfire(): false
Finished deactivating branches.
Called wrapup().
-- Thread wrapup() called.
Called wrapup()
Thread .top.Test is exiting.
-- Thread stopped.
-- Blocked Receiver call threw TerminateProcessException.
-- Thread wrapup() called.
Called wrapup()
Thread .top.OrderedMerge is exiting.
-- Thread stopped.
-- Blocked Receiver call threw TerminateProcessException.
64 ms. Memory: 129024K Free: 95419K (74%)
.top. Preinitializing ...
Invoking preinitialize():  .top.OrderedMerge
Called preinitialize()
Invoking preinitialize():  .top.Ramp
Called preinitialize()
Invoking preinitialize():  .top.Ramp2
Called preinitialize()
Invoking preinitialize():  .top.Test
Called preinitialize()
.top. Finished preinitialize().
Called initialize().
Invoking initialize():  .top.OrderedMerge
Initializing actor: .top.OrderedMerge
Adding a thread: .top.OrderedMerge
Invoking initialize():  .top.Ramp
Initializing actor: .top.Ramp
Adding a thread: .top.Ramp
Invoking initialize():  .top.Ramp2
Initializing actor: .top.Ramp2
Adding a thread: .top.Ramp2
Invoking initialize():  .top.Test
Initializing actor: .top.Test
Adding a thread: .top.Test
-- Starting thread.
Called initialize()
Called prefire()
Called fire()
-- Starting thread.
Called initialize()
Called prefire()
Called fire()
Called postfire()
Called prefire()
Called fire()
-- Starting thread.
Called initialize()
Called prefire()
Called fire()
Called postfire()
Called prefire()
Called fire()
Called fire().
Checking for deadlock:
There are 3 Blocked actors, 0 Stopped actors, and 4 active threads.
Waiting for actors to stop.
-- Starting thread.
Called initialize()
Called prefire()
Called fire()
Checking for deadlock:
There are 2 Blocked actors, 0 Stopped actors, and 4 active threads.
Waiting for actors to stop.
Called postfire()
Called prefire()
Called fire()
Checking for deadlock:
There are 3 Blocked actors, 0 Stopped actors, and 4 active threads.
Waiting for actors to stop.
Read input token from inputA with value 0.0
Next port to read input from is inputB
Called postfire()
Called prefire()
Called fire()
Called postfire()
Called prefire()
Called fire()
Checking for deadlock:
There are 3 Blocked actors, 0 Stopped actors, and 4 active threads.
Waiting for actors to stop.
Read input token from inputB with value 0.0
Checking for deadlock:
There are 2 Blocked actors, 0 Stopped actors, and 4 active threads.
Waiting for actors to stop.
-- Read input: 0.0, which is expected to match: 0.0
Called prefire()
Called fire()
Checking for deadlock:
Sent output token with value 0.0
There are 3 Blocked actors, 0 Stopped actors, and 4 active threads.
Waiting for actors to stop.
Next port to read input from is inputA
Called postfire()
Called prefire()
Called fire()
Checking for deadlock:
There are 2 Blocked actors, 0 Stopped actors, and 4 active threads.
Waiting for actors to stop.
Called postfire()
Called prefire()
Called fire()
Checking for deadlock:
There are 3 Blocked actors, 0 Stopped actors, and 4 active threads.
Waiting for actors to stop.
Read input token from inputA with value 1.0
Checking for deadlock:
There are 2 Blocked actors, 0 Stopped actors, and 4 active threads.
Waiting for actors to stop.
-- Read input: 0.0, which is expected to match: 0.0
Called prefire()
Called fire()
Checking for deadlock:
There are 3 Blocked actors, 0 Stopped actors, and 4 active threads.
Waiting for actors to stop.
Sent output token with value 0.0
Next port to read input from is inputB
Called postfire()
Called prefire()
Called fire()
Called postfire()
Called prefire()
Called fire()
Checking for deadlock:
There are 3 Blocked actors, 0 Stopped actors, and 4 active threads.
Waiting for actors to stop.
Read input token from inputB with value 1.5
-- Read input: 1.0, which is expected to match: 1.0
Called prefire()
Called fire()
Checking for deadlock:
There are 3 Blocked actors, 0 Stopped actors, and 4 active threads.
Sent output token with value 1.0
Waiting for actors to stop.
Next port to read input from is inputA
Called postfire()
Called prefire()
Called fire()
Checking for deadlock:
There are 2 Blocked actors, 0 Stopped actors, and 4 active threads.
Waiting for actors to stop.
Called postfire()
Called prefire()
Called fire()
Checking for deadlock:
There are 3 Blocked actors, 0 Stopped actors, and 4 active threads.
Waiting for actors to stop.
Read input token from inputA with value 2.0
Checking for deadlock:
There are 2 Blocked actors, 0 Stopped actors, and 4 active threads.
Waiting for actors to stop.
-- Read input: 1.5, which is expected to match: 1.5
Called prefire()
Called fire()
Sent output token with value 1.5
Checking for deadlock:
There are 3 Blocked actors, 0 Stopped actors, and 4 active threads.
Waiting for actors to stop.
Next port to read input from is inputB
Called postfire()
Called prefire()
Called fire()
Checking for deadlock:
There are 2 Blocked actors, 0 Stopped actors, and 4 active threads.
Waiting for actors to stop.
Read input token from inputB with value 3.0
Called postfire()
Called prefire()
Called fire()
Checking for deadlock:
There are 3 Blocked actors, 0 Stopped actors, and 4 active threads.
Waiting for actors to stop.
Checking for deadlock:
There are 2 Blocked actors, 0 Stopped actors, and 4 active threads.
Waiting for actors to stop.
Sent output token with value 2.0
-- Read input: 2.0, which is expected to match: 2.0
Called prefire()
Called fire()
Checking for deadlock:
There are 3 Blocked actors, 0 Stopped actors, and 4 active threads.
Waiting for actors to stop.
Next port to read input from is inputA
Called postfire()
Called prefire()
Called fire()
Checking for deadlock:
There are 2 Blocked actors, 0 Stopped actors, and 4 active threads.
Waiting for actors to stop.
Read input token from inputA with value 3.0
Called postfire()
Called prefire()
Called fire()
Checking for deadlock:
There are 3 Blocked actors, 0 Stopped actors, and 4 active threads.
Waiting for actors to stop.
Checking for deadlock:
There are 2 Blocked actors, 0 Stopped actors, and 4 active threads.
Waiting for actors to stop.
Sent output token with value 3.0
-- Read input: 3.0, which is expected to match: 3.0
Called prefire()
Called fire()
Checking for deadlock:
There are 3 Blocked actors, 0 Stopped actors, and 4 active threads.
Waiting for actors to stop.
Next port to read input from is inputB
Called postfire()
Called prefire()
Called fire()
Checking for deadlock:
There are 2 Blocked actors, 0 Stopped actors, and 4 active threads.
Waiting for actors to stop.
Called postfire()
Called prefire()
Called fire()
Checking for deadlock:
There are 3 Blocked actors, 0 Stopped actors, and 4 active threads.
Waiting for actors to stop.
Read input token from inputB with value 4.5
Checking for deadlock:
There are 2 Blocked actors, 0 Stopped actors, and 4 active threads.
Waiting for actors to stop.
-- Read input: 3.0, which is expected to match: 3.0
Called prefire()
Called fire()
Checking for deadlock:
There are 3 Blocked actors, 0 Stopped actors, and 4 active threads.
Waiting for actors to stop.
Sent output token with value 3.0
Next port to read input from is inputA
Called postfire()
Called prefire()
Called fire()
Called postfire()
Called prefire()
Called fire()
Checking for deadlock:
There are 3 Blocked actors, 0 Stopped actors, and 4 active threads.
Waiting for actors to stop.
Read input token from inputA with value 4.0
-- Read input: 4.0, which is expected to match: 4.0
Called prefire()
Called fire()
Past the end of training data. Read and discard all inputs.
Checking for deadlock:
There are 3 Blocked actors, 0 Stopped actors, and 4 active threads.
Sent output token with value 4.0
Waiting for actors to stop.
Next port to read input from is inputA
Called postfire()
Called prefire()
Called fire()
Called postfire()
Called prefire()
Called fire()
Checking for deadlock:
Read input token from inputA with value 5.0
There are 3 Blocked actors, 0 Stopped actors, and 4 active threads.
Waiting for actors to stop.
Checking for deadlock:
There are 2 Blocked actors, 0 Stopped actors, and 4 active threads.
Called prefire()
Waiting for actors to stop.
Called fire()
Past the end of training data. Read and discard all inputs.
Checking for deadlock:
There are 3 Blocked actors, 0 Stopped actors, and 4 active threads.
Waiting for actors to stop.
Sent output token with value 4.5
Next port to read input from is inputB
Called postfire()
Called prefire()
Called fire()
Checking for deadlock:
There are 2 Blocked actors, 0 Stopped actors, and 4 active threads.
Waiting for actors to stop.
Read input token from inputB with value 6.0
Called postfire()
Called prefire()
Called fire()
Checking for deadlock:
There are 3 Blocked actors, 0 Stopped actors, and 4 active threads.
Waiting for actors to stop.
Checking for deadlock:
There are 2 Blocked actors, 0 Stopped actors, and 4 active threads.
Waiting for actors to stop.
Sent output token with value 5.0
Called prefire()
Called fire()
Past the end of training data. Read and discard all inputs.
Checking for deadlock:
There are 3 Blocked actors, 0 Stopped actors, and 4 active threads.
Waiting for actors to stop.
Next port to read input from is inputA
Called postfire()
Called prefire()
Called fire()
Checking for deadlock:
There are 2 Blocked actors, 0 Stopped actors, and 4 active threads.
Waiting for actors to stop.
Called postfire()
Called prefire()
Called fire()
Checking for deadlock:
There are 3 Blocked actors, 0 Stopped actors, and 4 active threads.
Waiting for actors to stop.
Read input token from inputA with value 6.0
Checking for deadlock:
Called prefire()
There are 2 Blocked actors, 0 Stopped actors, and 4 active threads.
Waiting for actors to stop.
Called fire()
Past the end of training data. Read and discard all inputs.
Checking for deadlock:
There are 3 Blocked actors, 0 Stopped actors, and 4 active threads.
Waiting for actors to stop.
Sent output token with value 6.0
Next port to read input from is inputB
Called postfire()
Called prefire()
Called fire()
Called postfire()
Called prefire()
Called fire()
Checking for deadlock:
There are 3 Blocked actors, 0 Stopped actors, and 4 active threads.
Waiting for actors to stop.
Read input token from inputB with value 7.5
Called prefire()
Called fire()
Past the end of training data. Read and discard all inputs.
Checking for deadlock:
There are 3 Blocked actors, 0 Stopped actors, and 4 active threads.
Waiting for actors to stop.
Sent output token with value 6.0
Next port to read input from is inputA
Called postfire()
Called prefire()
Called fire()
Checking for deadlock:
There are 2 Blocked actors, 0 Stopped actors, and 4 active threads.
Waiting for actors to stop.
Read input token from inputA with value 7.0
Called postfire()
Called prefire()
Called fire()
Checking for deadlock:
There are 3 Blocked actors, 0 Stopped actors, and 4 active threads.
Waiting for actors to stop.
Checking for deadlock:
There are 2 Blocked actors, 0 Stopped actors, and 4 active threads.
Waiting for actors to stop.
Sent output token with value 7.0
Called prefire()
Called fire()
Past the end of training data. Read and discard all inputs.
Checking for deadlock:
There are 3 Blocked actors, 0 Stopped actors, and 4 active threads.
Waiting for actors to stop.
Next port to read input from is inputA
Called postfire()
Called prefire()
Called fire()
Checking for deadlock:
There are 2 Blocked actors, 0 Stopped actors, and 4 active threads.
Waiting for actors to stop.
Read input token from inputA with value 8.0
-- Thread wrapup() called.
Called wrapup()
Thread .top.Ramp is exiting.
-- Thread stopped.
Checking for deadlock:
There are 2 Blocked actors, 0 Stopped actors, and 3 active threads.
Waiting for actors to stop.
Called prefire()
Called fire()
Past the end of training data. Read and discard all inputs.
Checking for deadlock:
There are 2 Blocked actors, 0 Stopped actors, and 3 active threads.
Waiting for actors to stop.
Sent output token with value 7.5
Next port to read input from is inputB
Called postfire()
Called prefire()
Called fire()
Checking for deadlock:
There are 1 Blocked actors, 0 Stopped actors, and 3 active threads.
Waiting for actors to stop.
Read input token from inputB with value 9.0
Called postfire()
Called prefire()
Called fire()
Checking for deadlock:
There are 2 Blocked actors, 0 Stopped actors, and 3 active threads.
Waiting for actors to stop.
Checking for deadlock:
There are 1 Blocked actors, 0 Stopped actors, and 3 active threads.
Waiting for actors to stop.
Sent output token with value 8.0
Called prefire()
Called fire()
Past the end of training data. Read and discard all inputs.
Checking for deadlock:
There are 2 Blocked actors, 0 Stopped actors, and 3 active threads.
Next port to read input from is inputA
Called postfire()
Waiting for actors to stop.
Called prefire()
Called fire()
Read input token from inputA with value 9.0
Called prefire()
Called fire()
Past the end of training data. Read and discard all inputs.
Checking for deadlock:
There are 2 Blocked actors, 0 Stopped actors, and 3 active threads.
Waiting for actors to stop.
Sent output token with value 9.0
Next port to read input from is inputB
Called postfire()
Called prefire()
Called fire()
Checking for deadlock:
There are 1 Blocked actors, 0 Stopped actors, and 3 active threads.
Waiting for actors to stop.
Called postfire()
Called prefire()
Called fire()
Checking for deadlock:
There are 2 Blocked actors, 0 Stopped actors, and 3 active threads.
Waiting for actors to stop.
Read input token from inputB with value 10.5
Checking for deadlock:
There are 1 Blocked actors, 0 Stopped actors, and 3 active threads.
Waiting for actors to stop.
Called prefire()
Called fire()
Past the end of training data. Read and discard all inputs.
Checking for deadlock:
There are 2 Blocked actors, 0 Stopped actors, and 3 active threads.
Waiting for actors to stop.
Sent output token with value 9.0
Next port to read input from is inputA
Called postfire()
Called prefire()
Called fire()
Checking for deadlock:
There are 3 Blocked actors, 0 Stopped actors, and 3 active threads.
Actors have stopped.
Checking for deadlock:
There are 3 Blocked actors, 0 Stopped actors, and 3 active threads.
Deadlock detected.
Resolving Deadlock
Checking for deadlock:
There are 3 Blocked actors, 0 Stopped actors, and 3 active threads.
Artificial Deadlock - increasing queue capacity.
increasing the capacity of receiver ptolemy.actor.TypedIOPort {.top.OrderedMerge.inputB} to 2
Director: Called postfire().
Called postfire().
_stopRequested = false
_stopFireRequested = false
Returning from postfire(): true
Called fire().
Checking for deadlock:
There are 2 Blocked actors, 0 Stopped actors, and 3 active threads.
Waiting for actors to stop.
-- Thread wrapup() called.
Called wrapup()
Thread .top.Ramp2 is exiting.
-- Thread stopped.
Checking for deadlock:
There are 2 Blocked actors, 0 Stopped actors, and 2 active threads.
Actors have stopped.
Checking for deadlock:
There are 2 Blocked actors, 0 Stopped actors, and 2 active threads.
Deadlock detected.
Resolving Deadlock
Checking for deadlock:
There are 2 Blocked actors, 0 Stopped actors, and 2 active threads.
Deadlock detected: no processes blocked on write, but some are blocked on read.
Called postfire().
_stopRequested = false
_stopFireRequested = false
Returning from postfire(): false
Finished deactivating branches.
Called wrapup().
-- Thread wrapup() called.
Called wrapup()
-- Thread wrapup() called.
Called wrapup()
Thread .top.Test is exiting.
-- Thread stopped.
-- Blocked Receiver call threw TerminateProcessException.
Thread .top.OrderedMerge is exiting.
43 ms. Memory: 129024K Free: 92857K (72%)
/home/travis/build/icyphy/ptII/ptolemy/actor/lib/test/Publisher.tcl
-- Thread stopped.
-- Blocked Receiver call threw TerminateProcessException.
13 ms. Memory: 129024K Free: 86699K (67%)
4 ms. Memory: 129024K Free: 81083K (63%)
3 ms. Memory: 129024K Free: 76987K (60%)
3 ms. Memory: 129024K Free: 76459K (59%)
2 ms. Memory: 129024K Free: 75435K (58%)
3 ms. Memory: 129024K Free: 74411K (58%)
2 ms. Memory: 129024K Free: 73915K (57%)
2 ms. Memory: 129024K Free: 72891K (56%)
38 ms. Memory: 129024K Free: 111749K (87%)
8 ms. Memory: 129024K Free: 107653K (83%)
4 ms. Memory: 129024K Free: 107125K (83%)
4 ms. Memory: 129024K Free: 105077K (81%)
6 ms. Memory: 129024K Free: 97413K (75%)
12 ms. Memory: 129024K Free: 87653K (68%)
5 ms. Memory: 129024K Free: 76419K (59%)
/home/travis/build/icyphy/ptII/ptolemy/actor/lib/test/Pulse.tcl
6 ms. Memory: 155648K Free: 131096K (84%)
7 ms. Memory: 155648K Free: 130568K (84%)
2 ms. Memory: 155648K Free: 130072K (84%)
1 ms. Memory: 155648K Free: 129528K (83%)
2 ms. Memory: 155648K Free: 129048K (83%)
6 ms. Memory: 155648K Free: 127510K (82%)
3 ms. Memory: 155648K Free: 127000K (82%)
2 ms. Memory: 155648K Free: 125976K (81%)
1 ms. Memory: 155648K Free: 125462K (81%)
/home/travis/build/icyphy/ptII/ptolemy/actor/lib/test/Ramp.tcl
3 ms. Memory: 155648K Free: 123414K (79%)
2 ms. Memory: 155648K Free: 122904K (79%)
2 ms. Memory: 155648K Free: 121880K (78%)
2 ms. Memory: 155648K Free: 121352K (78%)
3 ms. Memory: 155648K Free: 120342K (77%)
3 ms. Memory: 155648K Free: 119288K (77%)
5 ms. Memory: 155648K Free: 118294K (76%)
5 actors
5000 microseconds per iteration to create
5 ms. Memory: 155648K Free: 115736K (74%)
2 ms. Memory: 155648K Free: 115216K (74%)
2 ms. Memory: 155648K Free: 114712K (74%)
2 ms. Memory: 155648K Free: 114198K (73%)
50 actors
30000 microseconds per iteration to create
33 ms. Memory: 155648K Free: 98328K (63%)
11 ms. Memory: 155648K Free: 97304K (63%)
5 ms. Memory: 155648K Free: 96280K (62%)
15 ms. Memory: 155648K Free: 95256K (61%)
500 actors
1504000 microseconds per iteration to create
240 ms. Memory: 155648K Free: 97103K (62%)
35 ms. Memory: 155648K Free: 91469K (59%)
34 ms. Memory: 155648K Free: 86319K (55%)
32 ms. Memory: 155648K Free: 81229K (52%)
/home/travis/build/icyphy/ptII/ptolemy/actor/lib/test/RampContinuous.tcl
7 ms. Memory: 155648K Free: 79695K (51%)
/home/travis/build/icyphy/ptII/ptolemy/actor/lib/test/RecordAssembler.tcl
5 ms. Memory: 155648K Free: 78157K (50%)
3 ms. Memory: 155648K Free: 77133K (50%)
/home/travis/build/icyphy/ptII/ptolemy/actor/lib/test/RecordDisassembler.tcl
5 ms. Memory: 155648K Free: 75085K (48%)
2 ms. Memory: 155648K Free: 74575K (48%)
4 ms. Memory: 155648K Free: 73551K (47%)
/home/travis/build/icyphy/ptII/ptolemy/actor/lib/test/Scale.tcl
2 ms. Memory: 155648K Free: 71503K (46%)
1 ms. Memory: 155648K Free: 70975K (46%)
2 ms. Memory: 155648K Free: 69965K (45%)
2 ms. Memory: 155648K Free: 69455K (45%)
3 ms. Memory: 155648K Free: 68431K (44%)
/home/travis/build/icyphy/ptII/ptolemy/actor/lib/test/SequentialClock.tcl
preinitializing
resolving types
initializing
executing number 1
wrapping up
idle
2 ms. Memory: 155648K Free: 66893K (43%)
Completed execution with 5 iterations
preinitializing
resolving types
initializing
executing number 1
wrapping up
idle
1 ms. Memory: 155648K Free: 66383K (43%)
Completed execution with 5 iterations
preinitializing
resolving types
initializing
executing number 1
wrapping up
idle
1 ms. Memory: 155648K Free: 65839K (42%)
Completed execution with 5 iterations
/home/travis/build/icyphy/ptII/ptolemy/actor/lib/test/SetVariable.tcl
4 ms. Memory: 155648K Free: 64335K (41%)
/home/travis/build/icyphy/ptII/ptolemy/actor/lib/test/Sinewave.tcl
/home/travis/build/icyphy/ptII/ptolemy/actor/lib/test/SubscriptionAggregator.tcl
4 ms. Memory: 155648K Free: 52557K (34%)
2 ms. Memory: 155648K Free: 52047K (33%)
0 ms. Memory: 155648K Free: 51503K (33%)
1 ms. Memory: 155648K Free: 51503K (33%)
2 ms. Memory: 155648K Free: 131026K (84%)
13 ms. Memory: 155648K Free: 128992K (83%)
...............................................................1101 ms. Memory: 274432K Free: 211968K (77%)
/home/travis/build/icyphy/ptII/ptolemy/actor/lib/test/Test.tcl
 The next command will produce a warning about training mode,
   which may be ignored.
6 ms. Memory: 274432K Free: 210415K (77%)
3 ms. Memory: 274432K Free: 209406K (76%)
2 ms. Memory: 274432K Free: 208896K (76%)
2 ms. Memory: 274432K Free: 208367K (76%)
2 ms. Memory: 274432K Free: 207343K (76%)
3 ms. Memory: 274432K Free: 206327K (75%)
4 ms. Memory: 274432K Free: 204800K (75%)
 The next command will produce a warning about training mode,
   which may be ignored.
5 ms. Memory: 274432K Free: 202752K (74%)
 The next command will produce a warning about training mode,
   which may be ignored.
3 ms. Memory: 274432K Free: 201214K (73%)
1 ms. Memory: 274432K Free: 201214K (73%)
1 ms. Memory: 274432K Free: 200704K (73%)
1 ms. Memory: 274432K Free: 200190K (73%)
6 ms. Memory: 274432K Free: 199135K (73%)
4 ms. Memory: 274432K Free: 195055K (71%)
/home/travis/build/icyphy/ptII/ptolemy/actor/lib/test/TestExceptionHandler.tcl
 The next command will produce a warning about training mode,
   which may be ignored.
3 ms. Memory: 274432K Free: 194031K (71%)
1 ms. Memory: 274432K Free: 193536K (71%)
1 ms. Memory: 274432K Free: 193007K (70%)
/home/travis/build/icyphy/ptII/ptolemy/actor/lib/test/UnionDisassembler.tcl
25 ms. Memory: 274432K Free: 185344K (68%)
/home/travis/build/icyphy/ptII/ptolemy/actor/lib/test/VariableClock.tcl
preinitializing
resolving types
initializing
executing number 1
wrapping up
idle
4 ms. Memory: 274432K Free: 183775K (67%)
Completed execution with 11 iterations
preinitializing
resolving types
initializing
executing number 1
wrapping up
idle
4 ms. Memory: 274432K Free: 182272K (66%)
Completed execution with 10 iterations
05/19/20 02:28:36
Failed: 0  Total Tests: 233  ((Passed: 233, Newly Passed: 0)  Known Failed: 0) /home/travis/build/icyphy/ptII/ptolemy/actor/lib/test
----------------- testing (KnownFailure) /home/travis/build/icyphy/ptII/ptolemy/actor/lib/test/auto/knownFailedTests/PublisherPortToplevelSubscriber.xml
2 ms. Memory: 274432K Free: 178686K (65%)
Known Failure: java.lang.reflect.InvocationTargetException
----------------- testing (KnownFailure) /home/travis/build/icyphy/ptII/ptolemy/actor/lib/test/auto/knownFailedTests/PublisherSubscriberPortToplevel.xml
0 ms. Memory: 274432K Free: 174590K (64%)
Known Failure: java.lang.reflect.InvocationTargetException
----------------- testing (KnownFailure) /home/travis/build/icyphy/ptII/ptolemy/actor/lib/test/auto/knownFailedTests/PublisherSubscriptionAggregatorPort.xml
0 ms. Memory: 274432K Free: 170494K (62%)
Known Failure: java.lang.reflect.InvocationTargetException
----------------- testing (KnownFailure) /home/travis/build/icyphy/ptII/ptolemy/actor/lib/test/auto/knownFailedTests/sizedarray3.xml
6 ms. Memory: 274432K Free: 166398K (61%)
Known Failure: java.lang.reflect.InvocationTargetException
No auto/linux-amd64/*.xml tests in /home/travis/build/icyphy/ptII/ptolemy/actor/lib/test
AutoTests.java: About to close Vertx.
AutoTests.java: Vertx closed.

===========================================================================================
----------------- testing Tue May 19 14:28:37 UTC 2020 /home/travis/build/icyphy/ptII/ptolemy/actor/lib/test/auto/AbsoluteValue.xml
----------------- Instantiating /home/travis/build/icyphy/ptII/ptolemy/actor/lib/test/auto/AbsoluteValue.xml
6 ms. Memory: 274432K Free: 143360K (52%)
----------------- Invoking toplevel() on ptolemy.moml.MoMLSimpleApplication@2dc5b11c
----------------- Done invoking toplevel() on ptolemy.moml.MoMLSimpleApplication@2dc5b11c
reloadAllAccessors: .AbsoluteValue

===========================================================================================
----------------- testing Tue May 19 14:28:37 UTC 2020 /home/travis/build/icyphy/ptII/ptolemy/actor/lib/test/auto/AbsoluteValue2.xml
----------------- Instantiating /home/travis/build/icyphy/ptII/ptolemy/actor/lib/test/auto/AbsoluteValue2.xml
5 ms. Memory: 274432K Free: 136192K (50%)
----------------- Invoking toplevel() on ptolemy.moml.MoMLSimpleApplication@1de1bf14
----------------- Done invoking toplevel() on ptolemy.moml.MoMLSimpleApplication@1de1bf14
reloadAllAccessors: .AbsoluteValue2

===========================================================================================
----------------- testing Tue May 19 14:28:37 UTC 2020 /home/travis/build/icyphy/ptII/ptolemy/actor/lib/test/auto/Accumulator.xml
----------------- Instantiating /home/travis/build/icyphy/ptII/ptolemy/actor/lib/test/auto/Accumulator.xml
8 ms. Memory: 274432K Free: 130048K (47%)
----------------- Invoking toplevel() on ptolemy.moml.MoMLSimpleApplication@34295058
----------------- Done invoking toplevel() on ptolemy.moml.MoMLSimpleApplication@34295058
reloadAllAccessors: .Accumulator

===========================================================================================
----------------- testing Tue May 19 14:28:37 UTC 2020 /home/travis/build/icyphy/ptII/ptolemy/actor/lib/test/auto/Accumulator2.xml
----------------- Instantiating /home/travis/build/icyphy/ptII/ptolemy/actor/lib/test/auto/Accumulator2.xml
4 ms. Memory: 274432K Free: 124928K (46%)
----------------- Invoking toplevel() on ptolemy.moml.MoMLSimpleApplication@5f92991
----------------- Done invoking toplevel() on ptolemy.moml.MoMLSimpleApplication@5f92991
reloadAllAccessors: .Accumulator2

===========================================================================================
----------------- testing Tue May 19 14:28:37 UTC 2020 /home/travis/build/icyphy/ptII/ptolemy/actor/lib/test/auto/Accumulator3.xml
----------------- Instantiating /home/travis/build/icyphy/ptII/ptolemy/actor/lib/test/auto/Accumulator3.xml
4 ms. Memory: 274432K Free: 120318K (44%)
----------------- Invoking toplevel() on ptolemy.moml.MoMLSimpleApplication@78b5e2fb
----------------- Done invoking toplevel() on ptolemy.moml.MoMLSimpleApplication@78b5e2fb
reloadAllAccessors: .Accumulator3

===========================================================================================
----------------- testing Tue May 19 14:28:37 UTC 2020 /home/travis/build/icyphy/ptII/ptolemy/actor/lib/test/auto/ArrayAppend.xml
----------------- Instantiating /home/travis/build/icyphy/ptII/ptolemy/actor/lib/test/auto/ArrayAppend.xml
10 ms. Memory: 274432K Free: 114688K (42%)
----------------- Invoking toplevel() on ptolemy.moml.MoMLSimpleApplication@3e066db1
----------------- Done invoking toplevel() on ptolemy.moml.MoMLSimpleApplication@3e066db1
reloadAllAccessors: .ArrayAppend

===========================================================================================
----------------- testing Tue May 19 14:28:37 UTC 2020 /home/travis/build/icyphy/ptII/ptolemy/actor/lib/test/auto/ArrayAppend2.xml
----------------- Instantiating /home/travis/build/icyphy/ptII/ptolemy/actor/lib/test/auto/ArrayAppend2.xml
399 ms. Memory: 274432K Free: 151590K (55%)
----------------- Invoking toplevel() on ptolemy.moml.MoMLSimpleApplication@2b27d815
----------------- Done invoking toplevel() on ptolemy.moml.MoMLSimpleApplication@2b27d815
reloadAllAccessors: .ArrayAppend2

===========================================================================================
----------------- testing Tue May 19 14:28:38 UTC 2020 /home/travis/build/icyphy/ptII/ptolemy/actor/lib/test/auto/ArrayAppend3.xml
----------------- Instantiating /home/travis/build/icyphy/ptII/ptolemy/actor/lib/test/auto/ArrayAppend3.xml
5 ms. Memory: 274432K Free: 145446K (53%)
----------------- Invoking toplevel() on ptolemy.moml.MoMLSimpleApplication@48dcea7f
----------------- Done invoking toplevel() on ptolemy.moml.MoMLSimpleApplication@48dcea7f
reloadAllAccessors: .ArrayAppend3

===========================================================================================
----------------- testing Tue May 19 14:28:38 UTC 2020 /home/travis/build/icyphy/ptII/ptolemy/actor/lib/test/auto/ArrayAppend4.xml
----------------- Instantiating /home/travis/build/icyphy/ptII/ptolemy/actor/lib/test/auto/ArrayAppend4.xml
2 ms. Memory: 274432K Free: 140326K (51%)
----------------- Invoking toplevel() on ptolemy.moml.MoMLSimpleApplication@662d5c1b
----------------- Done invoking toplevel() on ptolemy.moml.MoMLSimpleApplication@662d5c1b
reloadAllAccessors: .ArrayAppend4

===========================================================================================
----------------- testing Tue May 19 14:28:38 UTC 2020 /home/travis/build/icyphy/ptII/ptolemy/actor/lib/test/auto/ArrayAppend5.xml
----------------- Instantiating /home/travis/build/icyphy/ptII/ptolemy/actor/lib/test/auto/ArrayAppend5.xml
3 ms. Memory: 274432K Free: 135716K (49%)
----------------- Invoking toplevel() on ptolemy.moml.MoMLSimpleApplication@2c818c8d
----------------- Done invoking toplevel() on ptolemy.moml.MoMLSimpleApplication@2c818c8d
reloadAllAccessors: .ArrayAppend5

===========================================================================================
----------------- testing Tue May 19 14:28:38 UTC 2020 /home/travis/build/icyphy/ptII/ptolemy/actor/lib/test/auto/ArrayAppend6.xml
----------------- Instantiating /home/travis/build/icyphy/ptII/ptolemy/actor/lib/test/auto/ArrayAppend6.xml
3 ms. Memory: 274432K Free: 130086K (47%)
----------------- Invoking toplevel() on ptolemy.moml.MoMLSimpleApplication@1ac64d8f
----------------- Done invoking toplevel() on ptolemy.moml.MoMLSimpleApplication@1ac64d8f
reloadAllAccessors: .ArrayAppend6

===========================================================================================
----------------- testing Tue May 19 14:28:38 UTC 2020 /home/travis/build/icyphy/ptII/ptolemy/actor/lib/test/auto/ArrayAppendPerformanceTest.xml
----------------- Instantiating /home/travis/build/icyphy/ptII/ptolemy/actor/lib/test/auto/ArrayAppendPerformanceTest.xml
39 ms. Memory: 274432K Free: 119844K (44%)
----------------- Invoking toplevel() on ptolemy.moml.MoMLSimpleApplication@7e4a083c
----------------- Done invoking toplevel() on ptolemy.moml.MoMLSimpleApplication@7e4a083c
reloadAllAccessors: .ArrayAppendPerformanceTest

===========================================================================================
----------------- testing Tue May 19 14:28:38 UTC 2020 /home/travis/build/icyphy/ptII/ptolemy/actor/lib/test/auto/ArrayAppendWithEmptyInput.xml
----------------- Instantiating /home/travis/build/icyphy/ptII/ptolemy/actor/lib/test/auto/ArrayAppendWithEmptyInput.xml
15 ms. Memory: 274432K Free: 111654K (41%)
----------------- Invoking toplevel() on ptolemy.moml.MoMLSimpleApplication@2b7b170d
----------------- Done invoking toplevel() on ptolemy.moml.MoMLSimpleApplication@2b7b170d
reloadAllAccessors: .ArrayAppendWithEmptyInput

===========================================================================================
----------------- testing Tue May 19 14:28:38 UTC 2020 /home/travis/build/icyphy/ptII/ptolemy/actor/lib/test/auto/ArrayAverage.xml
----------------- Instantiating /home/travis/build/icyphy/ptII/ptolemy/actor/lib/test/auto/ArrayAverage.xml
5 ms. Memory: 274432K Free: 103972K (38%)
----------------- Invoking toplevel() on ptolemy.moml.MoMLSimpleApplication@2c818ccf
----------------- Done invoking toplevel() on ptolemy.moml.MoMLSimpleApplication@2c818ccf
reloadAllAccessors: .ArrayAverage

===========================================================================================
----------------- testing Tue May 19 14:28:38 UTC 2020 /home/travis/build/icyphy/ptII/ptolemy/actor/lib/test/auto/ArrayContains.xml
----------------- Instantiating /home/travis/build/icyphy/ptII/ptolemy/actor/lib/test/auto/ArrayContains.xml
10 ms. Memory: 274432K Free: 97828K (36%)
----------------- Invoking toplevel() on ptolemy.moml.MoMLSimpleApplication@4f187412
----------------- Done invoking toplevel() on ptolemy.moml.MoMLSimpleApplication@4f187412
reloadAllAccessors: .ArrayContains

===========================================================================================
----------------- testing Tue May 19 14:28:38 UTC 2020 /home/travis/build/icyphy/ptII/ptolemy/actor/lib/test/auto/ArrayElement.xml
----------------- Instantiating /home/travis/build/icyphy/ptII/ptolemy/actor/lib/test/auto/ArrayElement.xml
5 ms. Memory: 274432K Free: 92198K (34%)
----------------- Invoking toplevel() on ptolemy.moml.MoMLSimpleApplication@1bc411bb
----------------- Done invoking toplevel() on ptolemy.moml.MoMLSimpleApplication@1bc411bb
reloadAllAccessors: .ArrayElement

===========================================================================================
----------------- testing Tue May 19 14:28:38 UTC 2020 /home/travis/build/icyphy/ptII/ptolemy/actor/lib/test/auto/ArrayElementAsMatrix.xml
----------------- Instantiating /home/travis/build/icyphy/ptII/ptolemy/actor/lib/test/auto/ArrayElementAsMatrix.xml
31 ms. Memory: 274432K Free: 220292K (80%)
----------------- Invoking toplevel() on ptolemy.moml.MoMLSimpleApplication@7720718e
----------------- Done invoking toplevel() on ptolemy.moml.MoMLSimpleApplication@7720718e
reloadAllAccessors: .ArrayElementAsMatrix

===========================================================================================
----------------- testing Tue May 19 14:28:38 UTC 2020 /home/travis/build/icyphy/ptII/ptolemy/actor/lib/test/auto/ArrayElementI.xml
----------------- Instantiating /home/travis/build/icyphy/ptII/ptolemy/actor/lib/test/auto/ArrayElementI.xml
7 ms. Memory: 274432K Free: 214564K (78%)
----------------- Invoking toplevel() on ptolemy.moml.MoMLSimpleApplication@7f79ee4
----------------- Done invoking toplevel() on ptolemy.moml.MoMLSimpleApplication@7f79ee4
reloadAllAccessors: .ArrayElementI

===========================================================================================
----------------- testing Tue May 19 14:28:38 UTC 2020 /home/travis/build/icyphy/ptII/ptolemy/actor/lib/test/auto/ArrayExtract.xml
----------------- Instantiating /home/travis/build/icyphy/ptII/ptolemy/actor/lib/test/auto/ArrayExtract.xml
9 ms. Memory: 274432K Free: 206372K (75%)
----------------- Invoking toplevel() on ptolemy.moml.MoMLSimpleApplication@263adecc
----------------- Done invoking toplevel() on ptolemy.moml.MoMLSimpleApplication@263adecc
reloadAllAccessors: .ArrayExtract

===========================================================================================
----------------- testing Tue May 19 14:28:38 UTC 2020 /home/travis/build/icyphy/ptII/ptolemy/actor/lib/test/auto/ArrayExtract2.xml
----------------- Instantiating /home/travis/build/icyphy/ptII/ptolemy/actor/lib/test/auto/ArrayExtract2.xml
3 ms. Memory: 274432K Free: 200742K (73%)
----------------- Invoking toplevel() on ptolemy.moml.MoMLSimpleApplication@57358ff1
----------------- Done invoking toplevel() on ptolemy.moml.MoMLSimpleApplication@57358ff1
reloadAllAccessors: .ArrayExtract2

===========================================================================================
----------------- testing Tue May 19 14:28:38 UTC 2020 /home/travis/build/icyphy/ptII/ptolemy/actor/lib/test/auto/ArrayLength.xml
----------------- Instantiating /home/travis/build/icyphy/ptII/ptolemy/actor/lib/test/auto/ArrayLength.xml
3 ms. Memory: 274432K Free: 197156K (72%)
----------------- Invoking toplevel() on ptolemy.moml.MoMLSimpleApplication@53b129e8
----------------- Done invoking toplevel() on ptolemy.moml.MoMLSimpleApplication@53b129e8
reloadAllAccessors: .ArrayLength

===========================================================================================
----------------- testing Tue May 19 14:28:38 UTC 2020 /home/travis/build/icyphy/ptII/ptolemy/actor/lib/test/auto/ArrayLevelCrossing.xml
----------------- Instantiating /home/travis/build/icyphy/ptII/ptolemy/actor/lib/test/auto/ArrayLevelCrossing.xml
5 ms. Memory: 274432K Free: 188964K (69%)
----------------- Invoking toplevel() on ptolemy.moml.MoMLSimpleApplication@2efaa633
----------------- Done invoking toplevel() on ptolemy.moml.MoMLSimpleApplication@2efaa633
reloadAllAccessors: .ArrayLevelCrossing

===========================================================================================
----------------- testing Tue May 19 14:28:38 UTC 2020 /home/travis/build/icyphy/ptII/ptolemy/actor/lib/test/auto/ArrayLevelCrossing2.xml
----------------- Instantiating /home/travis/build/icyphy/ptII/ptolemy/actor/lib/test/auto/ArrayLevelCrossing2.xml
3 ms. Memory: 274432K Free: 181781K (66%)
----------------- Invoking toplevel() on ptolemy.moml.MoMLSimpleApplication@3729864
----------------- Done invoking toplevel() on ptolemy.moml.MoMLSimpleApplication@3729864
reloadAllAccessors: .ArrayLevelCrossing2

===========================================================================================
----------------- testing Tue May 19 14:28:38 UTC 2020 /home/travis/build/icyphy/ptII/ptolemy/actor/lib/test/auto/ArrayPeakSearch.xml
----------------- Instantiating /home/travis/build/icyphy/ptII/ptolemy/actor/lib/test/auto/ArrayPeakSearch.xml
7 ms. Memory: 274432K Free: 172580K (63%)
----------------- Invoking toplevel() on ptolemy.moml.MoMLSimpleApplication@67a11b94
----------------- Done invoking toplevel() on ptolemy.moml.MoMLSimpleApplication@67a11b94
reloadAllAccessors: .ArrayPeakSearch

===========================================================================================
----------------- testing Tue May 19 14:28:38 UTC 2020 /home/travis/build/icyphy/ptII/ptolemy/actor/lib/test/auto/ArrayPeakSearch2.xml
----------------- Instantiating /home/travis/build/icyphy/ptII/ptolemy/actor/lib/test/auto/ArrayPeakSearch2.xml
5 ms. Memory: 274432K Free: 162340K (59%)
----------------- Invoking toplevel() on ptolemy.moml.MoMLSimpleApplication@702c6ccd
----------------- Done invoking toplevel() on ptolemy.moml.MoMLSimpleApplication@702c6ccd
reloadAllAccessors: .ArrayPeakSearch2

===========================================================================================
----------------- testing Tue May 19 14:28:39 UTC 2020 /home/travis/build/icyphy/ptII/ptolemy/actor/lib/test/auto/ArrayPeakSearch3.xml
----------------- Instantiating /home/travis/build/icyphy/ptII/ptolemy/actor/lib/test/auto/ArrayPeakSearch3.xml
5 ms. Memory: 274432K Free: 153124K (56%)
----------------- Invoking toplevel() on ptolemy.moml.MoMLSimpleApplication@476e957d
----------------- Done invoking toplevel() on ptolemy.moml.MoMLSimpleApplication@476e957d
reloadAllAccessors: .ArrayPeakSearch3

===========================================================================================
----------------- testing Tue May 19 14:28:39 UTC 2020 /home/travis/build/icyphy/ptII/ptolemy/actor/lib/test/auto/ArrayRemoveElement.xml
----------------- Instantiating /home/travis/build/icyphy/ptII/ptolemy/actor/lib/test/auto/ArrayRemoveElement.xml
8 ms. Memory: 274432K Free: 145446K (53%)
----------------- Invoking toplevel() on ptolemy.moml.MoMLSimpleApplication@14293b3
----------------- Done invoking toplevel() on ptolemy.moml.MoMLSimpleApplication@14293b3
reloadAllAccessors: .ArrayRemoveElement

===========================================================================================
----------------- testing Tue May 19 14:28:39 UTC 2020 /home/travis/build/icyphy/ptII/ptolemy/actor/lib/test/auto/ArraySort.xml
----------------- Instantiating /home/travis/build/icyphy/ptII/ptolemy/actor/lib/test/auto/ArraySort.xml
8 ms. Memory: 274432K Free: 136230K (50%)
----------------- Invoking toplevel() on ptolemy.moml.MoMLSimpleApplication@10c4f428
----------------- Done invoking toplevel() on ptolemy.moml.MoMLSimpleApplication@10c4f428
reloadAllAccessors: .ArraySort

===========================================================================================
----------------- testing Tue May 19 14:28:39 UTC 2020 /home/travis/build/icyphy/ptII/ptolemy/actor/lib/test/auto/ArraySum.xml
----------------- Instantiating /home/travis/build/icyphy/ptII/ptolemy/actor/lib/test/auto/ArraySum.xml
3 ms. Memory: 274432K Free: 131110K (48%)
----------------- Invoking toplevel() on ptolemy.moml.MoMLSimpleApplication@1f48ce4b
----------------- Done invoking toplevel() on ptolemy.moml.MoMLSimpleApplication@1f48ce4b
reloadAllAccessors: .ArraySum

===========================================================================================
----------------- testing Tue May 19 14:28:39 UTC 2020 /home/travis/build/icyphy/ptII/ptolemy/actor/lib/test/auto/ArrayToElements.xml
----------------- Instantiating /home/travis/build/icyphy/ptII/ptolemy/actor/lib/test/auto/ArrayToElements.xml
7 ms. Memory: 274432K Free: 125476K (46%)
----------------- Invoking toplevel() on ptolemy.moml.MoMLSimpleApplication@6531e60e
----------------- Done invoking toplevel() on ptolemy.moml.MoMLSimpleApplication@6531e60e
reloadAllAccessors: .ArrayToElements

===========================================================================================
----------------- testing Tue May 19 14:28:39 UTC 2020 /home/travis/build/icyphy/ptII/ptolemy/actor/lib/test/auto/ArrayToMatrix.xml
----------------- Instantiating /home/travis/build/icyphy/ptII/ptolemy/actor/lib/test/auto/ArrayToMatrix.xml
26 ms. Memory: 274432K Free: 111654K (41%)
----------------- Invoking toplevel() on ptolemy.moml.MoMLSimpleApplication@609ee9f4
----------------- Done invoking toplevel() on ptolemy.moml.MoMLSimpleApplication@609ee9f4
reloadAllAccessors: .ArrayToMatrix

===========================================================================================
----------------- testing Tue May 19 14:28:39 UTC 2020 /home/travis/build/icyphy/ptII/ptolemy/actor/lib/test/auto/ArrayUpdate1.xml
----------------- Instantiating /home/travis/build/icyphy/ptII/ptolemy/actor/lib/test/auto/ArrayUpdate1.xml
6 ms. Memory: 274432K Free: 106534K (39%)
----------------- Invoking toplevel() on ptolemy.moml.MoMLSimpleApplication@1ecf2216
----------------- Done invoking toplevel() on ptolemy.moml.MoMLSimpleApplication@1ecf2216
reloadAllAccessors: .ArrayUpdate1

===========================================================================================
----------------- testing Tue May 19 14:28:39 UTC 2020 /home/travis/build/icyphy/ptII/ptolemy/actor/lib/test/auto/ArrayUpdate2.xml
----------------- Instantiating /home/travis/build/icyphy/ptII/ptolemy/actor/lib/test/auto/ArrayUpdate2.xml
2 ms. Memory: 274432K Free: 100390K (37%)
----------------- Invoking toplevel() on ptolemy.moml.MoMLSimpleApplication@620b817d
----------------- Done invoking toplevel() on ptolemy.moml.MoMLSimpleApplication@620b817d
reloadAllAccessors: .ArrayUpdate2

===========================================================================================
----------------- testing Tue May 19 14:28:39 UTC 2020 /home/travis/build/icyphy/ptII/ptolemy/actor/lib/test/auto/ArrayUpdate3.xml
----------------- Instantiating /home/travis/build/icyphy/ptII/ptolemy/actor/lib/test/auto/ArrayUpdate3.xml
5 ms. Memory: 274432K Free: 95270K (35%)
----------------- Invoking toplevel() on ptolemy.moml.MoMLSimpleApplication@58285f8d
----------------- Done invoking toplevel() on ptolemy.moml.MoMLSimpleApplication@58285f8d
reloadAllAccessors: .ArrayUpdate3

===========================================================================================
----------------- testing Tue May 19 14:28:39 UTC 2020 /home/travis/build/icyphy/ptII/ptolemy/actor/lib/test/auto/Assert1.xml
----------------- Instantiating /home/travis/build/icyphy/ptII/ptolemy/actor/lib/test/auto/Assert1.xml
6 ms. Memory: 274432K Free: 91174K (33%)
----------------- Invoking toplevel() on ptolemy.moml.MoMLSimpleApplication@5e864975
----------------- Done invoking toplevel() on ptolemy.moml.MoMLSimpleApplication@5e864975
reloadAllAccessors: .Assert1

===========================================================================================
----------------- testing Tue May 19 14:28:39 UTC 2020 /home/travis/build/icyphy/ptII/ptolemy/actor/lib/test/auto/Assert2.xml
----------------- Instantiating /home/travis/build/icyphy/ptII/ptolemy/actor/lib/test/auto/Assert2.xml
2 ms. Memory: 274432K Free: 86564K (32%)
----------------- Invoking toplevel() on ptolemy.moml.MoMLSimpleApplication@6f01330d
----------------- Done invoking toplevel() on ptolemy.moml.MoMLSimpleApplication@6f01330d
reloadAllAccessors: .Assert2

===========================================================================================
----------------- testing Tue May 19 14:28:39 UTC 2020 /home/travis/build/icyphy/ptII/ptolemy/actor/lib/test/auto/BooleanMultiplexor.xml
----------------- Instantiating /home/travis/build/icyphy/ptII/ptolemy/actor/lib/test/auto/BooleanMultiplexor.xml
2 ms. Memory: 274432K Free: 81437K (30%)
----------------- Invoking toplevel() on ptolemy.moml.MoMLSimpleApplication@20aab9bd
----------------- Done invoking toplevel() on ptolemy.moml.MoMLSimpleApplication@20aab9bd
reloadAllAccessors: .BooleanMultiplexor

===========================================================================================
----------------- testing Tue May 19 14:28:39 UTC 2020 /home/travis/build/icyphy/ptII/ptolemy/actor/lib/test/auto/BooleanMultiplexor2.xml
----------------- Instantiating /home/travis/build/icyphy/ptII/ptolemy/actor/lib/test/auto/BooleanMultiplexor2.xml
3 ms. Memory: 274432K Free: 74790K (27%)
----------------- Invoking toplevel() on ptolemy.moml.MoMLSimpleApplication@22798d0
----------------- Done invoking toplevel() on ptolemy.moml.MoMLSimpleApplication@22798d0
reloadAllAccessors: .BooleanMultiplexor2

===========================================================================================
----------------- testing Tue May 19 14:28:39 UTC 2020 /home/travis/build/icyphy/ptII/ptolemy/actor/lib/test/auto/BooleanMultiplexor3.xml
----------------- Instantiating /home/travis/build/icyphy/ptII/ptolemy/actor/lib/test/auto/BooleanMultiplexor3.xml
1 ms. Memory: 274432K Free: 71204K (26%)
----------------- Invoking toplevel() on ptolemy.moml.MoMLSimpleApplication@5ea934d1
----------------- Done invoking toplevel() on ptolemy.moml.MoMLSimpleApplication@5ea934d1
reloadAllAccessors: .BooleanMultiplexor3

===========================================================================================
----------------- testing Tue May 19 14:28:39 UTC 2020 /home/travis/build/icyphy/ptII/ptolemy/actor/lib/test/auto/BooleanSelect.xml
----------------- Instantiating /home/travis/build/icyphy/ptII/ptolemy/actor/lib/test/auto/BooleanSelect.xml
3 ms. Memory: 274432K Free: 65029K (24%)
----------------- Invoking toplevel() on ptolemy.moml.MoMLSimpleApplication@534c9057
----------------- Done invoking toplevel() on ptolemy.moml.MoMLSimpleApplication@534c9057
reloadAllAccessors: .BooleanSelect

===========================================================================================
----------------- testing Tue May 19 14:28:39 UTC 2020 /home/travis/build/icyphy/ptII/ptolemy/actor/lib/test/auto/BooleanSelect2.xml
----------------- Instantiating /home/travis/build/icyphy/ptII/ptolemy/actor/lib/test/auto/BooleanSelect2.xml
1 ms. Memory: 274432K Free: 220815K (80%)
----------------- Invoking toplevel() on ptolemy.moml.MoMLSimpleApplication@38744cfe
----------------- Done invoking toplevel() on ptolemy.moml.MoMLSimpleApplication@38744cfe
reloadAllAccessors: .BooleanSelect2

===========================================================================================
----------------- testing Tue May 19 14:28:39 UTC 2020 /home/travis/build/icyphy/ptII/ptolemy/actor/lib/test/auto/BooleanSwitch.xml
----------------- Instantiating /home/travis/build/icyphy/ptII/ptolemy/actor/lib/test/auto/BooleanSwitch.xml
4 ms. Memory: 274432K Free: 214701K (78%)
----------------- Invoking toplevel() on ptolemy.moml.MoMLSimpleApplication@150f1a4b
----------------- Done invoking toplevel() on ptolemy.moml.MoMLSimpleApplication@150f1a4b
reloadAllAccessors: .BooleanSwitch

===========================================================================================
----------------- testing Tue May 19 14:28:39 UTC 2020 /home/travis/build/icyphy/ptII/ptolemy/actor/lib/test/auto/BooleanSwitch2.xml
----------------- Instantiating /home/travis/build/icyphy/ptII/ptolemy/actor/lib/test/auto/BooleanSwitch2.xml
1 ms. Memory: 274432K Free: 210095K (77%)
----------------- Invoking toplevel() on ptolemy.moml.MoMLSimpleApplication@72ce64ac
----------------- Done invoking toplevel() on ptolemy.moml.MoMLSimpleApplication@72ce64ac
reloadAllAccessors: .BooleanSwitch2

===========================================================================================
----------------- testing Tue May 19 14:28:39 UTC 2020 /home/travis/build/icyphy/ptII/ptolemy/actor/lib/test/auto/BooleanSwitchCloningBugWithClassRelationGroup.xml
----------------- Instantiating /home/travis/build/icyphy/ptII/ptolemy/actor/lib/test/auto/BooleanSwitchCloningBugWithClassRelationGroup.xml
3 ms. Memory: 274432K Free: 203951K (74%)
----------------- Invoking toplevel() on ptolemy.moml.MoMLSimpleApplication@ebd7a3f
----------------- Done invoking toplevel() on ptolemy.moml.MoMLSimpleApplication@ebd7a3f
reloadAllAccessors: .BooleanSwitchCloningBugWithClassRelationGroup

===========================================================================================
----------------- testing Tue May 19 14:28:39 UTC 2020 /home/travis/build/icyphy/ptII/ptolemy/actor/lib/test/auto/BusActors.xml
----------------- Instantiating /home/travis/build/icyphy/ptII/ptolemy/actor/lib/test/auto/BusActors.xml
4 ms. Memory: 274432K Free: 195759K (71%)
----------------- Invoking toplevel() on ptolemy.moml.MoMLSimpleApplication@cc8993d
----------------- Done invoking toplevel() on ptolemy.moml.MoMLSimpleApplication@cc8993d
reloadAllAccessors: .BusActors

===========================================================================================
----------------- testing Tue May 19 14:28:39 UTC 2020 /home/travis/build/icyphy/ptII/ptolemy/actor/lib/test/auto/ClassWrapper.xml
----------------- Instantiating /home/travis/build/icyphy/ptII/ptolemy/actor/lib/test/auto/ClassWrapper.xml
3 ms. Memory: 274432K Free: 191663K (70%)
----------------- Invoking toplevel() on ptolemy.moml.MoMLSimpleApplication@5e7343f
----------------- Done invoking toplevel() on ptolemy.moml.MoMLSimpleApplication@5e7343f
reloadAllAccessors: .ClassWrapper

===========================================================================================
----------------- testing Tue May 19 14:28:39 UTC 2020 /home/travis/build/icyphy/ptII/ptolemy/actor/lib/test/auto/Clock.xml
----------------- Instantiating /home/travis/build/icyphy/ptII/ptolemy/actor/lib/test/auto/Clock.xml
1 ms. Memory: 274432K Free: 187567K (68%)
----------------- Invoking toplevel() on ptolemy.moml.MoMLSimpleApplication@3a64a7ea
----------------- Done invoking toplevel() on ptolemy.moml.MoMLSimpleApplication@3a64a7ea
reloadAllAccessors: .Clock

===========================================================================================
----------------- testing Tue May 19 14:28:39 UTC 2020 /home/travis/build/icyphy/ptII/ptolemy/actor/lib/test/auto/Clock10.xml
----------------- Instantiating /home/travis/build/icyphy/ptII/ptolemy/actor/lib/test/auto/Clock10.xml
3 ms. Memory: 274432K Free: 181933K (66%)
----------------- Invoking toplevel() on ptolemy.moml.MoMLSimpleApplication@479fcf66
----------------- Done invoking toplevel() on ptolemy.moml.MoMLSimpleApplication@479fcf66
reloadAllAccessors: .Clock10

===========================================================================================
----------------- testing Tue May 19 14:28:39 UTC 2020 /home/travis/build/icyphy/ptII/ptolemy/actor/lib/test/auto/Clock11.xml
----------------- Instantiating /home/travis/build/icyphy/ptII/ptolemy/actor/lib/test/auto/Clock11.xml
4 ms. Memory: 274432K Free: 175789K (64%)
----------------- Invoking toplevel() on ptolemy.moml.MoMLSimpleApplication@27f83d65
----------------- Done invoking toplevel() on ptolemy.moml.MoMLSimpleApplication@27f83d65
reloadAllAccessors: .Clock11

===========================================================================================
----------------- testing Tue May 19 14:28:39 UTC 2020 /home/travis/build/icyphy/ptII/ptolemy/actor/lib/test/auto/Clock12.xml
----------------- Instantiating /home/travis/build/icyphy/ptII/ptolemy/actor/lib/test/auto/Clock12.xml
5 ms. Memory: 274432K Free: 170159K (62%)
----------------- Invoking toplevel() on ptolemy.moml.MoMLSimpleApplication@7bb2290e
----------------- Done invoking toplevel() on ptolemy.moml.MoMLSimpleApplication@7bb2290e
reloadAllAccessors: .Clock12

===========================================================================================
----------------- testing Tue May 19 14:28:39 UTC 2020 /home/travis/build/icyphy/ptII/ptolemy/actor/lib/test/auto/Clock13.xml
----------------- Instantiating /home/travis/build/icyphy/ptII/ptolemy/actor/lib/test/auto/Clock13.xml
4 ms. Memory: 274432K Free: 164015K (60%)
----------------- Invoking toplevel() on ptolemy.moml.MoMLSimpleApplication@3d07fbec
----------------- Done invoking toplevel() on ptolemy.moml.MoMLSimpleApplication@3d07fbec
reloadAllAccessors: .Clock13

===========================================================================================
----------------- testing Tue May 19 14:28:39 UTC 2020 /home/travis/build/icyphy/ptII/ptolemy/actor/lib/test/auto/Clock14.xml
----------------- Instantiating /home/travis/build/icyphy/ptII/ptolemy/actor/lib/test/auto/Clock14.xml
5 ms. Memory: 274432K Free: 157871K (58%)
----------------- Invoking toplevel() on ptolemy.moml.MoMLSimpleApplication@24106adc
----------------- Done invoking toplevel() on ptolemy.moml.MoMLSimpleApplication@24106adc
reloadAllAccessors: .Clock14

===========================================================================================
----------------- testing Tue May 19 14:28:39 UTC 2020 /home/travis/build/icyphy/ptII/ptolemy/actor/lib/test/auto/Clock15.xml
----------------- Instantiating /home/travis/build/icyphy/ptII/ptolemy/actor/lib/test/auto/Clock15.xml
4 ms. Memory: 274432K Free: 151727K (55%)
----------------- Invoking toplevel() on ptolemy.moml.MoMLSimpleApplication@5d6a0623
----------------- Done invoking toplevel() on ptolemy.moml.MoMLSimpleApplication@5d6a0623
reloadAllAccessors: .Clock15

===========================================================================================
----------------- testing Tue May 19 14:28:39 UTC 2020 /home/travis/build/icyphy/ptII/ptolemy/actor/lib/test/auto/Clock16.xml
----------------- Instantiating /home/travis/build/icyphy/ptII/ptolemy/actor/lib/test/auto/Clock16.xml
40 ms. Memory: 274432K Free: 137375K (50%)
----------------- Invoking toplevel() on ptolemy.moml.MoMLSimpleApplication@288648ae
----------------- Done invoking toplevel() on ptolemy.moml.MoMLSimpleApplication@288648ae
reloadAllAccessors: .Clock16

===========================================================================================
----------------- testing Tue May 19 14:28:39 UTC 2020 /home/travis/build/icyphy/ptII/ptolemy/actor/lib/test/auto/Clock17.xml
----------------- Instantiating /home/travis/build/icyphy/ptII/ptolemy/actor/lib/test/auto/Clock17.xml
22 ms. Memory: 274432K Free: 123055K (45%)
----------------- Invoking toplevel() on ptolemy.moml.MoMLSimpleApplication@689f1e65
----------------- Done invoking toplevel() on ptolemy.moml.MoMLSimpleApplication@689f1e65
reloadAllAccessors: .Clock17

===========================================================================================
----------------- testing Tue May 19 14:28:39 UTC 2020 /home/travis/build/icyphy/ptII/ptolemy/actor/lib/test/auto/Clock18.xml
----------------- Instantiating /home/travis/build/icyphy/ptII/ptolemy/actor/lib/test/auto/Clock18.xml
21 ms. Memory: 274432K Free: 109229K (40%)
----------------- Invoking toplevel() on ptolemy.moml.MoMLSimpleApplication@2cfe8ba7
----------------- Done invoking toplevel() on ptolemy.moml.MoMLSimpleApplication@2cfe8ba7
reloadAllAccessors: .Clock18

===========================================================================================
----------------- testing Tue May 19 14:28:40 UTC 2020 /home/travis/build/icyphy/ptII/ptolemy/actor/lib/test/auto/Clock19.xml
----------------- Instantiating /home/travis/build/icyphy/ptII/ptolemy/actor/lib/test/auto/Clock19.xml
10 ms. Memory: 274432K Free: 96431K (35%)
----------------- Invoking toplevel() on ptolemy.moml.MoMLSimpleApplication@37c0288d
----------------- Done invoking toplevel() on ptolemy.moml.MoMLSimpleApplication@37c0288d
reloadAllAccessors: .Clock19

===========================================================================================
----------------- testing Tue May 19 14:28:40 UTC 2020 /home/travis/build/icyphy/ptII/ptolemy/actor/lib/test/auto/Clock2.xml
----------------- Instantiating /home/travis/build/icyphy/ptII/ptolemy/actor/lib/test/auto/Clock2.xml
5 ms. Memory: 274432K Free: 91807K (33%)
----------------- Invoking toplevel() on ptolemy.moml.MoMLSimpleApplication@51c7c40
----------------- Done invoking toplevel() on ptolemy.moml.MoMLSimpleApplication@51c7c40
reloadAllAccessors: .Clock2

===========================================================================================
----------------- testing Tue May 19 14:28:40 UTC 2020 /home/travis/build/icyphy/ptII/ptolemy/actor/lib/test/auto/Clock20.xml
----------------- Instantiating /home/travis/build/icyphy/ptII/ptolemy/actor/lib/test/auto/Clock20.xml
6 ms. Memory: 274432K Free: 86701K (32%)
----------------- Invoking toplevel() on ptolemy.moml.MoMLSimpleApplication@52221cb6
----------------- Done invoking toplevel() on ptolemy.moml.MoMLSimpleApplication@52221cb6
reloadAllAccessors: .Clock20

===========================================================================================
----------------- testing Tue May 19 14:28:40 UTC 2020 /home/travis/build/icyphy/ptII/ptolemy/actor/lib/test/auto/Clock21.xml
----------------- Instantiating /home/travis/build/icyphy/ptII/ptolemy/actor/lib/test/auto/Clock21.xml
3 ms. Memory: 274432K Free: 81071K (30%)
----------------- Invoking toplevel() on ptolemy.moml.MoMLSimpleApplication@d5b593b
----------------- Done invoking toplevel() on ptolemy.moml.MoMLSimpleApplication@d5b593b
reloadAllAccessors: .Clock21

===========================================================================================
----------------- testing Tue May 19 14:28:40 UTC 2020 /home/travis/build/icyphy/ptII/ptolemy/actor/lib/test/auto/Clock22.xml
----------------- Instantiating /home/travis/build/icyphy/ptII/ptolemy/actor/lib/test/auto/Clock22.xml
3 ms. Memory: 274432K Free: 75951K (28%)
----------------- Invoking toplevel() on ptolemy.moml.MoMLSimpleApplication@4f6d2e1a
----------------- Done invoking toplevel() on ptolemy.moml.MoMLSimpleApplication@4f6d2e1a
reloadAllAccessors: .Clock22

===========================================================================================
----------------- testing Tue May 19 14:28:40 UTC 2020 /home/travis/build/icyphy/ptII/ptolemy/actor/lib/test/auto/Clock23.xml
----------------- Instantiating /home/travis/build/icyphy/ptII/ptolemy/actor/lib/test/auto/Clock23.xml
7 ms. Memory: 274432K Free: 70317K (26%)
----------------- Invoking toplevel() on ptolemy.moml.MoMLSimpleApplication@3cc7751a
----------------- Done invoking toplevel() on ptolemy.moml.MoMLSimpleApplication@3cc7751a
reloadAllAccessors: .Clock23

===========================================================================================
----------------- testing Tue May 19 14:28:40 UTC 2020 /home/travis/build/icyphy/ptII/ptolemy/actor/lib/test/auto/Clock24.xml
----------------- Instantiating /home/travis/build/icyphy/ptII/ptolemy/actor/lib/test/auto/Clock24.xml
3 ms. Memory: 274432K Free: 65197K (24%)
----------------- Invoking toplevel() on ptolemy.moml.MoMLSimpleApplication@2e766dba
----------------- Done invoking toplevel() on ptolemy.moml.MoMLSimpleApplication@2e766dba
reloadAllAccessors: .Clock24

===========================================================================================
----------------- testing Tue May 19 14:28:40 UTC 2020 /home/travis/build/icyphy/ptII/ptolemy/actor/lib/test/auto/Clock4.xml
----------------- Instantiating /home/travis/build/icyphy/ptII/ptolemy/actor/lib/test/auto/Clock4.xml
2 ms. Memory: 496640K Free: 441698K (89%)
----------------- Invoking toplevel() on ptolemy.moml.MoMLSimpleApplication@5673eef
----------------- Done invoking toplevel() on ptolemy.moml.MoMLSimpleApplication@5673eef
reloadAllAccessors: .Clock4

===========================================================================================
----------------- testing Tue May 19 14:28:40 UTC 2020 /home/travis/build/icyphy/ptII/ptolemy/actor/lib/test/auto/Clock5.xml
----------------- Instantiating /home/travis/build/icyphy/ptII/ptolemy/actor/lib/test/auto/Clock5.xml
2 ms. Memory: 496640K Free: 436098K (88%)
----------------- Invoking toplevel() on ptolemy.moml.MoMLSimpleApplication@11f36f40
----------------- Done invoking toplevel() on ptolemy.moml.MoMLSimpleApplication@11f36f40
reloadAllAccessors: .Clock5

===========================================================================================
----------------- testing Tue May 19 14:28:40 UTC 2020 /home/travis/build/icyphy/ptII/ptolemy/actor/lib/test/auto/Clock6.xml
----------------- Instantiating /home/travis/build/icyphy/ptII/ptolemy/actor/lib/test/auto/Clock6.xml
1 ms. Memory: 496640K Free: 431488K (87%)
----------------- Invoking toplevel() on ptolemy.moml.MoMLSimpleApplication@52dcd2db
----------------- Done invoking toplevel() on ptolemy.moml.MoMLSimpleApplication@52dcd2db
reloadAllAccessors: .Clock6

===========================================================================================
----------------- testing Tue May 19 14:28:40 UTC 2020 /home/travis/build/icyphy/ptII/ptolemy/actor/lib/test/auto/Clock7.xml
----------------- Instantiating /home/travis/build/icyphy/ptII/ptolemy/actor/lib/test/auto/Clock7.xml
2 ms. Memory: 496640K Free: 427392K (86%)
----------------- Invoking toplevel() on ptolemy.moml.MoMLSimpleApplication@244510dd
----------------- Done invoking toplevel() on ptolemy.moml.MoMLSimpleApplication@244510dd
reloadAllAccessors: .Clock7

===========================================================================================
----------------- testing Tue May 19 14:28:40 UTC 2020 /home/travis/build/icyphy/ptII/ptolemy/actor/lib/test/auto/Clock8.xml
----------------- Instantiating /home/travis/build/icyphy/ptII/ptolemy/actor/lib/test/auto/Clock8.xml
7 ms. Memory: 496640K Free: 421762K (85%)
----------------- Invoking toplevel() on ptolemy.moml.MoMLSimpleApplication@6bb02ca5
----------------- Done invoking toplevel() on ptolemy.moml.MoMLSimpleApplication@6bb02ca5
reloadAllAccessors: .Clock8

===========================================================================================
----------------- testing Tue May 19 14:28:40 UTC 2020 /home/travis/build/icyphy/ptII/ptolemy/actor/lib/test/auto/Clock9.xml
----------------- Instantiating /home/travis/build/icyphy/ptII/ptolemy/actor/lib/test/auto/Clock9.xml
4 ms. Memory: 496640K Free: 416642K (84%)
----------------- Invoking toplevel() on ptolemy.moml.MoMLSimpleApplication@5cfbedf0
----------------- Done invoking toplevel() on ptolemy.moml.MoMLSimpleApplication@5cfbedf0
reloadAllAccessors: .Clock9

===========================================================================================
----------------- testing Tue May 19 14:28:40 UTC 2020 /home/travis/build/icyphy/ptII/ptolemy/actor/lib/test/auto/CommDistDiscard.xml
----------------- Instantiating /home/travis/build/icyphy/ptII/ptolemy/actor/lib/test/auto/CommDistDiscard.xml
2 ms. Memory: 496640K Free: 411008K (83%)
----------------- Invoking toplevel() on ptolemy.moml.MoMLSimpleApplication@6d7e24f6
----------------- Done invoking toplevel() on ptolemy.moml.MoMLSimpleApplication@6d7e24f6
reloadAllAccessors: .CommDistDiscard

===========================================================================================
----------------- testing Tue May 19 14:28:40 UTC 2020 /home/travis/build/icyphy/ptII/ptolemy/actor/lib/test/auto/Commutator.xml
----------------- Instantiating /home/travis/build/icyphy/ptII/ptolemy/actor/lib/test/auto/Commutator.xml
2 ms. Memory: 496640K Free: 406912K (82%)
----------------- Invoking toplevel() on ptolemy.moml.MoMLSimpleApplication@6ed20ba1
----------------- Done invoking toplevel() on ptolemy.moml.MoMLSimpleApplication@6ed20ba1
reloadAllAccessors: .Commutator

===========================================================================================
----------------- testing Tue May 19 14:28:40 UTC 2020 /home/travis/build/icyphy/ptII/ptolemy/actor/lib/test/auto/Commutator2.xml
----------------- Instantiating /home/travis/build/icyphy/ptII/ptolemy/actor/lib/test/auto/Commutator2.xml
2 ms. Memory: 496640K Free: 402306K (81%)
----------------- Invoking toplevel() on ptolemy.moml.MoMLSimpleApplication@1def3b38
----------------- Done invoking toplevel() on ptolemy.moml.MoMLSimpleApplication@1def3b38
reloadAllAccessors: .Commutator2

===========================================================================================
----------------- testing Tue May 19 14:28:40 UTC 2020 /home/travis/build/icyphy/ptII/ptolemy/actor/lib/test/auto/Commutator3.xml
----------------- Instantiating /home/travis/build/icyphy/ptII/ptolemy/actor/lib/test/auto/Commutator3.xml
2 ms. Memory: 496640K Free: 398210K (80%)
----------------- Invoking toplevel() on ptolemy.moml.MoMLSimpleApplication@771c0589
----------------- Done invoking toplevel() on ptolemy.moml.MoMLSimpleApplication@771c0589
reloadAllAccessors: .Commutator3

===========================================================================================
----------------- testing Tue May 19 14:28:40 UTC 2020 /home/travis/build/icyphy/ptII/ptolemy/actor/lib/test/auto/Compare.xml
----------------- Instantiating /home/travis/build/icyphy/ptII/ptolemy/actor/lib/test/auto/Compare.xml
3 ms. Memory: 496640K Free: 391552K (79%)
----------------- Invoking toplevel() on ptolemy.moml.MoMLSimpleApplication@39166d20
----------------- Done invoking toplevel() on ptolemy.moml.MoMLSimpleApplication@39166d20
reloadAllAccessors: .Compare

===========================================================================================
----------------- testing Tue May 19 14:28:40 UTC 2020 /home/travis/build/icyphy/ptII/ptolemy/actor/lib/test/auto/CompareDE.xml
----------------- Instantiating /home/travis/build/icyphy/ptII/ptolemy/actor/lib/test/auto/CompareDE.xml
3 ms. Memory: 496640K Free: 384370K (77%)
----------------- Invoking toplevel() on ptolemy.moml.MoMLSimpleApplication@6364bfc2
----------------- Done invoking toplevel() on ptolemy.moml.MoMLSimpleApplication@6364bfc2
reloadAllAccessors: .CompareDE

===========================================================================================
----------------- testing Tue May 19 14:28:40 UTC 2020 /home/travis/build/icyphy/ptII/ptolemy/actor/lib/test/auto/ComplexDivide.xml
----------------- Instantiating /home/travis/build/icyphy/ptII/ptolemy/actor/lib/test/auto/ComplexDivide.xml
1 ms. Memory: 496640K Free: 380802K (77%)
----------------- Invoking toplevel() on ptolemy.moml.MoMLSimpleApplication@74be1863
----------------- Done invoking toplevel() on ptolemy.moml.MoMLSimpleApplication@74be1863
reloadAllAccessors: .ComplexDivide

===========================================================================================
----------------- testing Tue May 19 14:28:40 UTC 2020 /home/travis/build/icyphy/ptII/ptolemy/actor/lib/test/auto/ComputeHistogram.xml
----------------- Instantiating /home/travis/build/icyphy/ptII/ptolemy/actor/lib/test/auto/ComputeHistogram.xml
24 ms. Memory: 496640K Free: 368000K (74%)
----------------- Invoking toplevel() on ptolemy.moml.MoMLSimpleApplication@7a673ac
----------------- Done invoking toplevel() on ptolemy.moml.MoMLSimpleApplication@7a673ac
reloadAllAccessors: .ComputeHistogram

===========================================================================================
----------------- testing Tue May 19 14:28:40 UTC 2020 /home/travis/build/icyphy/ptII/ptolemy/actor/lib/test/auto/ConfigurationSelect.xml
----------------- Instantiating /home/travis/build/icyphy/ptII/ptolemy/actor/lib/test/auto/ConfigurationSelect.xml
3 ms. Memory: 496640K Free: 362866K (73%)
----------------- Invoking toplevel() on ptolemy.moml.MoMLSimpleApplication@31cc9b92
----------------- Done invoking toplevel() on ptolemy.moml.MoMLSimpleApplication@31cc9b92
reloadAllAccessors: .ConfigurationSelect

===========================================================================================
----------------- testing Tue May 19 14:28:40 UTC 2020 /home/travis/build/icyphy/ptII/ptolemy/actor/lib/test/auto/ConfigurationSelect2.xml
----------------- Instantiating /home/travis/build/icyphy/ptII/ptolemy/actor/lib/test/auto/ConfigurationSelect2.xml
3 ms. Memory: 496640K Free: 358274K (72%)
----------------- Invoking toplevel() on ptolemy.moml.MoMLSimpleApplication@25347d3f
----------------- Done invoking toplevel() on ptolemy.moml.MoMLSimpleApplication@25347d3f
reloadAllAccessors: .ConfigurationSelect2

===========================================================================================
----------------- testing Tue May 19 14:28:40 UTC 2020 /home/travis/build/icyphy/ptII/ptolemy/actor/lib/test/auto/ConfigurationSwitch.xml
----------------- Instantiating /home/travis/build/icyphy/ptII/ptolemy/actor/lib/test/auto/ConfigurationSwitch.xml
3 ms. Memory: 496640K Free: 353154K (71%)
----------------- Invoking toplevel() on ptolemy.moml.MoMLSimpleApplication@155956a5
----------------- Done invoking toplevel() on ptolemy.moml.MoMLSimpleApplication@155956a5
reloadAllAccessors: .ConfigurationSwitch

===========================================================================================
----------------- testing Tue May 19 14:28:40 UTC 2020 /home/travis/build/icyphy/ptII/ptolemy/actor/lib/test/auto/ConfigurationSwitch2.xml
----------------- Instantiating /home/travis/build/icyphy/ptII/ptolemy/actor/lib/test/auto/ConfigurationSwitch2.xml
3 ms. Memory: 496640K Free: 347520K (70%)
----------------- Invoking toplevel() on ptolemy.moml.MoMLSimpleApplication@53516454
----------------- Done invoking toplevel() on ptolemy.moml.MoMLSimpleApplication@53516454
reloadAllAccessors: .ConfigurationSwitch2

===========================================================================================
----------------- testing Tue May 19 14:28:40 UTC 2020 /home/travis/build/icyphy/ptII/ptolemy/actor/lib/test/auto/ConfigurationSwitchCloningBugWithClassRelationGroup.xml
----------------- Instantiating /home/travis/build/icyphy/ptII/ptolemy/actor/lib/test/auto/ConfigurationSwitchCloningBugWithClassRelationGroup.xml
1 ms. Memory: 496640K Free: 340866K (69%)
----------------- Invoking toplevel() on ptolemy.moml.MoMLSimpleApplication@45a2a22a
----------------- Done invoking toplevel() on ptolemy.moml.MoMLSimpleApplication@45a2a22a
reloadAllAccessors: .ConfigurationSwitchCloningBugWithClassRelationGroup

===========================================================================================
----------------- testing Tue May 19 14:28:40 UTC 2020 /home/travis/build/icyphy/ptII/ptolemy/actor/lib/test/auto/ConfigurationSwitchSelectSDF.xml
----------------- Instantiating /home/travis/build/icyphy/ptII/ptolemy/actor/lib/test/auto/ConfigurationSwitchSelectSDF.xml
2 ms. Memory: 496640K Free: 335746K (68%)
----------------- Invoking toplevel() on ptolemy.moml.MoMLSimpleApplication@862eba1
----------------- Done invoking toplevel() on ptolemy.moml.MoMLSimpleApplication@862eba1
reloadAllAccessors: .ConfigurationSwitchSelectSDF

===========================================================================================
----------------- testing Tue May 19 14:28:40 UTC 2020 /home/travis/build/icyphy/ptII/ptolemy/actor/lib/test/auto/ConfigurationSwitchSelectSDF2.xml
----------------- Instantiating /home/travis/build/icyphy/ptII/ptolemy/actor/lib/test/auto/ConfigurationSwitchSelectSDF2.xml
3 ms. Memory: 496640K Free: 329602K (66%)
----------------- Invoking toplevel() on ptolemy.moml.MoMLSimpleApplication@5caa5336
----------------- Done invoking toplevel() on ptolemy.moml.MoMLSimpleApplication@5caa5336
reloadAllAccessors: .ConfigurationSwitchSelectSDF2

===========================================================================================
----------------- testing Tue May 19 14:28:40 UTC 2020 /home/travis/build/icyphy/ptII/ptolemy/actor/lib/test/auto/Const.xml
----------------- Instantiating /home/travis/build/icyphy/ptII/ptolemy/actor/lib/test/auto/Const.xml
1 ms. Memory: 496640K Free: 326530K (66%)
----------------- Invoking toplevel() on ptolemy.moml.MoMLSimpleApplication@51877da7
----------------- Done invoking toplevel() on ptolemy.moml.MoMLSimpleApplication@51877da7
reloadAllAccessors: .Const

===========================================================================================
----------------- testing Tue May 19 14:28:40 UTC 2020 /home/travis/build/icyphy/ptII/ptolemy/actor/lib/test/auto/Const2.xml
----------------- Instantiating /home/travis/build/icyphy/ptII/ptolemy/actor/lib/test/auto/Const2.xml
1 ms. Memory: 496640K Free: 322434K (65%)
----------------- Invoking toplevel() on ptolemy.moml.MoMLSimpleApplication@4af88037
----------------- Done invoking toplevel() on ptolemy.moml.MoMLSimpleApplication@4af88037
reloadAllAccessors: .Const2

===========================================================================================
----------------- testing Tue May 19 14:28:40 UTC 2020 /home/travis/build/icyphy/ptII/ptolemy/actor/lib/test/auto/Const3.xml
----------------- Instantiating /home/travis/build/icyphy/ptII/ptolemy/actor/lib/test/auto/Const3.xml
2 ms. Memory: 496640K Free: 319362K (64%)
----------------- Invoking toplevel() on ptolemy.moml.MoMLSimpleApplication@2a1a9948
----------------- Done invoking toplevel() on ptolemy.moml.MoMLSimpleApplication@2a1a9948
reloadAllAccessors: .Const3

===========================================================================================
----------------- testing Tue May 19 14:28:40 UTC 2020 /home/travis/build/icyphy/ptII/ptolemy/actor/lib/test/auto/ConstantPublisherPort1.xml
----------------- Instantiating /home/travis/build/icyphy/ptII/ptolemy/actor/lib/test/auto/ConstantPublisherPort1.xml
7 ms. Memory: 496640K Free: 311170K (63%)
----------------- Invoking toplevel() on ptolemy.moml.MoMLSimpleApplication@2d6cae88
----------------- Done invoking toplevel() on ptolemy.moml.MoMLSimpleApplication@2d6cae88
reloadAllAccessors: .ConstantPublisherPort1

===========================================================================================
----------------- testing Tue May 19 14:28:40 UTC 2020 /home/travis/build/icyphy/ptII/ptolemy/actor/lib/test/auto/ConstantPublisherPort2.xml
----------------- Instantiating /home/travis/build/icyphy/ptII/ptolemy/actor/lib/test/auto/ConstantPublisherPort2.xml
13 ms. Memory: 496640K Free: 302978K (61%)
----------------- Invoking toplevel() on ptolemy.moml.MoMLSimpleApplication@4a700eb0
----------------- Done invoking toplevel() on ptolemy.moml.MoMLSimpleApplication@4a700eb0
reloadAllAccessors: .ConstantPublisherPort2

===========================================================================================
----------------- testing Tue May 19 14:28:40 UTC 2020 /home/travis/build/icyphy/ptII/ptolemy/actor/lib/test/auto/ConstantPublisherPort3.xml
----------------- Instantiating /home/travis/build/icyphy/ptII/ptolemy/actor/lib/test/auto/ConstantPublisherPort3.xml
5 ms. Memory: 496640K Free: 295810K (60%)
----------------- Invoking toplevel() on ptolemy.moml.MoMLSimpleApplication@5f507c2
----------------- Done invoking toplevel() on ptolemy.moml.MoMLSimpleApplication@5f507c2
reloadAllAccessors: .ConstantPublisherPort3

===========================================================================================
----------------- testing Tue May 19 14:28:40 UTC 2020 /home/travis/build/icyphy/ptII/ptolemy/actor/lib/test/auto/ConstantPublisherPort4.xml
----------------- Instantiating /home/travis/build/icyphy/ptII/ptolemy/actor/lib/test/auto/ConstantPublisherPort4.xml
5 ms. Memory: 496640K Free: 288642K (58%)
----------------- Invoking toplevel() on ptolemy.moml.MoMLSimpleApplication@275c154e
----------------- Done invoking toplevel() on ptolemy.moml.MoMLSimpleApplication@275c154e
reloadAllAccessors: .ConstantPublisherPort4

===========================================================================================
----------------- testing Tue May 19 14:28:40 UTC 2020 /home/travis/build/icyphy/ptII/ptolemy/actor/lib/test/auto/ConstantPublisherPort5.xml
----------------- Instantiating /home/travis/build/icyphy/ptII/ptolemy/actor/lib/test/auto/ConstantPublisherPort5.xml
39 ms. Memory: 496640K Free: 278912K (56%)
----------------- Invoking toplevel() on ptolemy.moml.MoMLSimpleApplication@4d97a8e1
----------------- Done invoking toplevel() on ptolemy.moml.MoMLSimpleApplication@4d97a8e1
reloadAllAccessors: .ConstantPublisherPort5

===========================================================================================
----------------- testing Tue May 19 14:28:40 UTC 2020 /home/travis/build/icyphy/ptII/ptolemy/actor/lib/test/auto/ConstantPublisherPort6.xml
----------------- Instantiating /home/travis/build/icyphy/ptII/ptolemy/actor/lib/test/auto/ConstantPublisherPort6.xml
18 ms. Memory: 496640K Free: 269186K (54%)
----------------- Invoking toplevel() on ptolemy.moml.MoMLSimpleApplication@40172618
----------------- Done invoking toplevel() on ptolemy.moml.MoMLSimpleApplication@40172618
reloadAllAccessors: .ConstantPublisherPort6

===========================================================================================
----------------- testing Tue May 19 14:28:40 UTC 2020 /home/travis/build/icyphy/ptII/ptolemy/actor/lib/test/auto/ConstantPublisherPort7.xml
----------------- Instantiating /home/travis/build/icyphy/ptII/ptolemy/actor/lib/test/auto/ConstantPublisherPort7.xml
16 ms. Memory: 496640K Free: 259970K (52%)
----------------- Invoking toplevel() on ptolemy.moml.MoMLSimpleApplication@78495dc9
----------------- Done invoking toplevel() on ptolemy.moml.MoMLSimpleApplication@78495dc9
reloadAllAccessors: .ConstantPublisherPort7

===========================================================================================
----------------- testing Tue May 19 14:28:40 UTC 2020 /home/travis/build/icyphy/ptII/ptolemy/actor/lib/test/auto/ConstraintMonitor1.xml
----------------- Instantiating /home/travis/build/icyphy/ptII/ptolemy/actor/lib/test/auto/ConstraintMonitor1.xml
6 ms. Memory: 496640K Free: 255360K (51%)
----------------- Invoking toplevel() on ptolemy.moml.MoMLSimpleApplication@22d0fd4c
----------------- Done invoking toplevel() on ptolemy.moml.MoMLSimpleApplication@22d0fd4c
reloadAllAccessors: .ConstraintMonitor1

===========================================================================================
----------------- testing Tue May 19 14:28:41 UTC 2020 /home/travis/build/icyphy/ptII/ptolemy/actor/lib/test/auto/ConstraintMonitor2.xml
----------------- Instantiating /home/travis/build/icyphy/ptII/ptolemy/actor/lib/test/auto/ConstraintMonitor2.xml
6 ms. Memory: 496640K Free: 250754K (50%)
----------------- Invoking toplevel() on ptolemy.moml.MoMLSimpleApplication@52f3cbe9
----------------- Done invoking toplevel() on ptolemy.moml.MoMLSimpleApplication@52f3cbe9
reloadAllAccessors: .ConstraintMonitor2

===========================================================================================
----------------- testing Tue May 19 14:28:41 UTC 2020 /home/travis/build/icyphy/ptII/ptolemy/actor/lib/test/auto/ConstraintMonitor3.xml
----------------- Instantiating /home/travis/build/icyphy/ptII/ptolemy/actor/lib/test/auto/ConstraintMonitor3.xml
5 ms. Memory: 496640K Free: 245634K (49%)
----------------- Invoking toplevel() on ptolemy.moml.MoMLSimpleApplication@3b0857a4
----------------- Done invoking toplevel() on ptolemy.moml.MoMLSimpleApplication@3b0857a4
reloadAllAccessors: .ConstraintMonitor3

===========================================================================================
----------------- testing Tue May 19 14:28:41 UTC 2020 /home/travis/build/icyphy/ptII/ptolemy/actor/lib/test/auto/ConstraintMonitor4.xml
----------------- Instantiating /home/travis/build/icyphy/ptII/ptolemy/actor/lib/test/auto/ConstraintMonitor4.xml
3 ms. Memory: 496640K Free: 241024K (49%)
----------------- Invoking toplevel() on ptolemy.moml.MoMLSimpleApplication@23431b8
----------------- Done invoking toplevel() on ptolemy.moml.MoMLSimpleApplication@23431b8
reloadAllAccessors: .ConstraintMonitor4

===========================================================================================
----------------- testing Tue May 19 14:28:41 UTC 2020 /home/travis/build/icyphy/ptII/ptolemy/actor/lib/test/auto/ConstraintMonitor5.xml
----------------- Instantiating /home/travis/build/icyphy/ptII/ptolemy/actor/lib/test/auto/ConstraintMonitor5.xml
3 ms. Memory: 496640K Free: 235904K (48%)
----------------- Invoking toplevel() on ptolemy.moml.MoMLSimpleApplication@6324d6c9
----------------- Done invoking toplevel() on ptolemy.moml.MoMLSimpleApplication@6324d6c9
reloadAllAccessors: .ConstraintMonitor5

===========================================================================================
----------------- testing Tue May 19 14:28:41 UTC 2020 /home/travis/build/icyphy/ptII/ptolemy/actor/lib/test/auto/ConstraintMonitor6.xml
----------------- Instantiating /home/travis/build/icyphy/ptII/ptolemy/actor/lib/test/auto/ConstraintMonitor6.xml
4 ms. Memory: 496640K Free: 230274K (46%)
----------------- Invoking toplevel() on ptolemy.moml.MoMLSimpleApplication@1814d153
----------------- Done invoking toplevel() on ptolemy.moml.MoMLSimpleApplication@1814d153
reloadAllAccessors: .ConstraintMonitor6

===========================================================================================
----------------- testing Tue May 19 14:28:41 UTC 2020 /home/travis/build/icyphy/ptII/ptolemy/actor/lib/test/auto/ConstraintMonitor7.xml
----------------- Instantiating /home/travis/build/icyphy/ptII/ptolemy/actor/lib/test/auto/ConstraintMonitor7.xml
4 ms. Memory: 496640K Free: 224130K (45%)
----------------- Invoking toplevel() on ptolemy.moml.MoMLSimpleApplication@3ada1e4a
----------------- Done invoking toplevel() on ptolemy.moml.MoMLSimpleApplication@3ada1e4a
reloadAllAccessors: .ConstraintMonitor7

===========================================================================================
----------------- testing Tue May 19 14:28:41 UTC 2020 /home/travis/build/icyphy/ptII/ptolemy/actor/lib/test/auto/ConstraintMonitor8.xml
----------------- Instantiating /home/travis/build/icyphy/ptII/ptolemy/actor/lib/test/auto/ConstraintMonitor8.xml
6 ms. Memory: 496640K Free: 216448K (44%)
----------------- Invoking toplevel() on ptolemy.moml.MoMLSimpleApplication@73cc9bae
----------------- Done invoking toplevel() on ptolemy.moml.MoMLSimpleApplication@73cc9bae
reloadAllAccessors: .ConstraintMonitor8

===========================================================================================
----------------- testing Tue May 19 14:28:41 UTC 2020 /home/travis/build/icyphy/ptII/ptolemy/actor/lib/test/auto/Counter.xml
----------------- Instantiating /home/travis/build/icyphy/ptII/ptolemy/actor/lib/test/auto/Counter.xml
2 ms. Memory: 496640K Free: 211842K (43%)
----------------- Invoking toplevel() on ptolemy.moml.MoMLSimpleApplication@7e834b7f
----------------- Done invoking toplevel() on ptolemy.moml.MoMLSimpleApplication@7e834b7f
reloadAllAccessors: .Counter

===========================================================================================
----------------- testing Tue May 19 14:28:41 UTC 2020 /home/travis/build/icyphy/ptII/ptolemy/actor/lib/test/auto/CurrentTimeSDF.xml
----------------- Instantiating /home/travis/build/icyphy/ptII/ptolemy/actor/lib/test/auto/CurrentTimeSDF.xml
1 ms. Memory: 496640K Free: 207746K (42%)
----------------- Invoking toplevel() on ptolemy.moml.MoMLSimpleApplication@49afd069
----------------- Done invoking toplevel() on ptolemy.moml.MoMLSimpleApplication@49afd069
reloadAllAccessors: .CurrentTimeSDF

===========================================================================================
----------------- testing Tue May 19 14:28:41 UTC 2020 /home/travis/build/icyphy/ptII/ptolemy/actor/lib/test/auto/DB.xml
----------------- Instantiating /home/travis/build/icyphy/ptII/ptolemy/actor/lib/test/auto/DB.xml
2 ms. Memory: 496640K Free: 202626K (41%)
----------------- Invoking toplevel() on ptolemy.moml.MoMLSimpleApplication@378c2aa3
----------------- Done invoking toplevel() on ptolemy.moml.MoMLSimpleApplication@378c2aa3
reloadAllAccessors: .DB

===========================================================================================
----------------- testing Tue May 19 14:28:41 UTC 2020 /home/travis/build/icyphy/ptII/ptolemy/actor/lib/test/auto/DBDE.xml
----------------- Instantiating /home/travis/build/icyphy/ptII/ptolemy/actor/lib/test/auto/DBDE.xml
2 ms. Memory: 496640K Free: 196482K (40%)
----------------- Invoking toplevel() on ptolemy.moml.MoMLSimpleApplication@12a92512
----------------- Done invoking toplevel() on ptolemy.moml.MoMLSimpleApplication@12a92512
reloadAllAccessors: .DBDE

===========================================================================================
----------------- testing Tue May 19 14:28:41 UTC 2020 /home/travis/build/icyphy/ptII/ptolemy/actor/lib/test/auto/DateConstructor.xml
----------------- Instantiating /home/travis/build/icyphy/ptII/ptolemy/actor/lib/test/auto/DateConstructor.xml
27 ms. Memory: 496640K Free: 179074K (36%)
----------------- Invoking toplevel() on ptolemy.moml.MoMLSimpleApplication@57a93623
----------------- Done invoking toplevel() on ptolemy.moml.MoMLSimpleApplication@57a93623
reloadAllAccessors: .DateConstructor

===========================================================================================
----------------- testing Tue May 19 14:28:41 UTC 2020 /home/travis/build/icyphy/ptII/ptolemy/actor/lib/test/auto/DelayTime.xml
----------------- Instantiating /home/travis/build/icyphy/ptII/ptolemy/actor/lib/test/auto/DelayTime.xml
6 ms. Memory: 496640K Free: 173954K (35%)
----------------- Invoking toplevel() on ptolemy.moml.MoMLSimpleApplication@3469b1b
----------------- Done invoking toplevel() on ptolemy.moml.MoMLSimpleApplication@3469b1b
reloadAllAccessors: .DelayTime

===========================================================================================
----------------- testing Tue May 19 14:28:41 UTC 2020 /home/travis/build/icyphy/ptII/ptolemy/actor/lib/test/auto/Dictionary1.xml
----------------- Instantiating /home/travis/build/icyphy/ptII/ptolemy/actor/lib/test/auto/Dictionary1.xml
1 ms. Memory: 496640K Free: 168320K (34%)
----------------- Invoking toplevel() on ptolemy.moml.MoMLSimpleApplication@2fc7356b
----------------- Done invoking toplevel() on ptolemy.moml.MoMLSimpleApplication@2fc7356b
reloadAllAccessors: .Dictionary1

===========================================================================================
----------------- testing Tue May 19 14:28:41 UTC 2020 /home/travis/build/icyphy/ptII/ptolemy/actor/lib/test/auto/Dictionary2.xml
----------------- Instantiating /home/travis/build/icyphy/ptII/ptolemy/actor/lib/test/auto/Dictionary2.xml
4 ms. Memory: 496640K Free: 162690K (33%)
----------------- Invoking toplevel() on ptolemy.moml.MoMLSimpleApplication@484fb6b8
----------------- Done invoking toplevel() on ptolemy.moml.MoMLSimpleApplication@484fb6b8
reloadAllAccessors: .Dictionary2

===========================================================================================
----------------- testing Tue May 19 14:28:41 UTC 2020 /home/travis/build/icyphy/ptII/ptolemy/actor/lib/test/auto/Dictionary3.xml
----------------- Instantiating /home/travis/build/icyphy/ptII/ptolemy/actor/lib/test/auto/Dictionary3.xml
1 ms. Memory: 496640K Free: 157570K (32%)
----------------- Invoking toplevel() on ptolemy.moml.MoMLSimpleApplication@6b618384
----------------- Done invoking toplevel() on ptolemy.moml.MoMLSimpleApplication@6b618384
reloadAllAccessors: .Dictionary3

===========================================================================================
----------------- testing Tue May 19 14:28:41 UTC 2020 /home/travis/build/icyphy/ptII/ptolemy/actor/lib/test/auto/Dictionary4.xml
----------------- Instantiating /home/travis/build/icyphy/ptII/ptolemy/actor/lib/test/auto/Dictionary4.xml
4 ms. Memory: 496640K Free: 150402K (30%)
----------------- Invoking toplevel() on ptolemy.moml.MoMLSimpleApplication@3f470901
----------------- Done invoking toplevel() on ptolemy.moml.MoMLSimpleApplication@3f470901
reloadAllAccessors: .Dictionary4

===========================================================================================
----------------- testing Tue May 19 14:28:41 UTC 2020 /home/travis/build/icyphy/ptII/ptolemy/actor/lib/test/auto/Differential.xml
----------------- Instantiating /home/travis/build/icyphy/ptII/ptolemy/actor/lib/test/auto/Differential.xml
2 ms. Memory: 496640K Free: 438989K (88%)
----------------- Invoking toplevel() on ptolemy.moml.MoMLSimpleApplication@4473dc47
----------------- Done invoking toplevel() on ptolemy.moml.MoMLSimpleApplication@4473dc47
reloadAllAccessors: .Differential

===========================================================================================
----------------- testing Tue May 19 14:28:41 UTC 2020 /home/travis/build/icyphy/ptII/ptolemy/actor/lib/test/auto/Director.xml
----------------- Instantiating /home/travis/build/icyphy/ptII/ptolemy/actor/lib/test/auto/Director.xml
2 ms. Memory: 496640K Free: 435917K (88%)
----------------- Invoking toplevel() on ptolemy.moml.MoMLSimpleApplication@7ba8b288
----------------- Done invoking toplevel() on ptolemy.moml.MoMLSimpleApplication@7ba8b288
reloadAllAccessors: .Director

===========================================================================================
----------------- testing Tue May 19 14:28:41 UTC 2020 /home/travis/build/icyphy/ptII/ptolemy/actor/lib/test/auto/DiscreteClock.xml
----------------- Instantiating /home/travis/build/icyphy/ptII/ptolemy/actor/lib/test/auto/DiscreteClock.xml
2 ms. Memory: 496640K Free: 431821K (87%)
----------------- Invoking toplevel() on ptolemy.moml.MoMLSimpleApplication@5f062cf
----------------- Done invoking toplevel() on ptolemy.moml.MoMLSimpleApplication@5f062cf
reloadAllAccessors: .DiscreteClock

===========================================================================================
----------------- testing Tue May 19 14:28:41 UTC 2020 /home/travis/build/icyphy/ptII/ptolemy/actor/lib/test/auto/DiscreteClock10.xml
----------------- Instantiating /home/travis/build/icyphy/ptII/ptolemy/actor/lib/test/auto/DiscreteClock10.xml
2 ms. Memory: 496640K Free: 425677K (86%)
----------------- Invoking toplevel() on ptolemy.moml.MoMLSimpleApplication@588c2cbb
----------------- Done invoking toplevel() on ptolemy.moml.MoMLSimpleApplication@588c2cbb
reloadAllAccessors: .DiscreteClock10

===========================================================================================
----------------- testing Tue May 19 14:28:41 UTC 2020 /home/travis/build/icyphy/ptII/ptolemy/actor/lib/test/auto/DiscreteClock11.xml
----------------- Instantiating /home/travis/build/icyphy/ptII/ptolemy/actor/lib/test/auto/DiscreteClock11.xml
2 ms. Memory: 496640K Free: 419533K (84%)
----------------- Invoking toplevel() on ptolemy.moml.MoMLSimpleApplication@7b21e458
----------------- Done invoking toplevel() on ptolemy.moml.MoMLSimpleApplication@7b21e458
reloadAllAccessors: .DiscreteClock11

===========================================================================================
----------------- testing Tue May 19 14:28:41 UTC 2020 /home/travis/build/icyphy/ptII/ptolemy/actor/lib/test/auto/DiscreteClock12.xml
----------------- Instantiating /home/travis/build/icyphy/ptII/ptolemy/actor/lib/test/auto/DiscreteClock12.xml
2 ms. Memory: 496640K Free: 413903K (83%)
----------------- Invoking toplevel() on ptolemy.moml.MoMLSimpleApplication@1bc2d853
----------------- Done invoking toplevel() on ptolemy.moml.MoMLSimpleApplication@1bc2d853
reloadAllAccessors: .DiscreteClock12

===========================================================================================
----------------- testing Tue May 19 14:28:41 UTC 2020 /home/travis/build/icyphy/ptII/ptolemy/actor/lib/test/auto/DiscreteClock13.xml
----------------- Instantiating /home/travis/build/icyphy/ptII/ptolemy/actor/lib/test/auto/DiscreteClock13.xml
4 ms. Memory: 496640K Free: 407759K (82%)
----------------- Invoking toplevel() on ptolemy.moml.MoMLSimpleApplication@6328ccd
----------------- Done invoking toplevel() on ptolemy.moml.MoMLSimpleApplication@6328ccd
reloadAllAccessors: .DiscreteClock13

===========================================================================================
----------------- testing Tue May 19 14:28:41 UTC 2020 /home/travis/build/icyphy/ptII/ptolemy/actor/lib/test/auto/DiscreteClock14.xml
----------------- Instantiating /home/travis/build/icyphy/ptII/ptolemy/actor/lib/test/auto/DiscreteClock14.xml
3 ms. Memory: 496640K Free: 401615K (81%)
----------------- Invoking toplevel() on ptolemy.moml.MoMLSimpleApplication@6efd99c5
----------------- Done invoking toplevel() on ptolemy.moml.MoMLSimpleApplication@6efd99c5
reloadAllAccessors: .DiscreteClock14

===========================================================================================
----------------- testing Tue May 19 14:28:41 UTC 2020 /home/travis/build/icyphy/ptII/ptolemy/actor/lib/test/auto/DiscreteClock15.xml
----------------- Instantiating /home/travis/build/icyphy/ptII/ptolemy/actor/lib/test/auto/DiscreteClock15.xml
5 ms. Memory: 496640K Free: 395471K (80%)
----------------- Invoking toplevel() on ptolemy.moml.MoMLSimpleApplication@53bd64d7
----------------- Done invoking toplevel() on ptolemy.moml.MoMLSimpleApplication@53bd64d7
reloadAllAccessors: .DiscreteClock15

===========================================================================================
----------------- testing Tue May 19 14:28:41 UTC 2020 /home/travis/build/icyphy/ptII/ptolemy/actor/lib/test/auto/DiscreteClock16.xml
----------------- Instantiating /home/travis/build/icyphy/ptII/ptolemy/actor/lib/test/auto/DiscreteClock16.xml
16 ms. Memory: 496640K Free: 382159K (77%)
----------------- Invoking toplevel() on ptolemy.moml.MoMLSimpleApplication@4ba220a6
----------------- Done invoking toplevel() on ptolemy.moml.MoMLSimpleApplication@4ba220a6
reloadAllAccessors: .DiscreteClock16

===========================================================================================
----------------- testing Tue May 19 14:28:41 UTC 2020 /home/travis/build/icyphy/ptII/ptolemy/actor/lib/test/auto/DiscreteClock17.xml
----------------- Instantiating /home/travis/build/icyphy/ptII/ptolemy/actor/lib/test/auto/DiscreteClock17.xml
15 ms. Memory: 496640K Free: 367303K (74%)
----------------- Invoking toplevel() on ptolemy.moml.MoMLSimpleApplication@2ac49160
----------------- Done invoking toplevel() on ptolemy.moml.MoMLSimpleApplication@2ac49160
reloadAllAccessors: .DiscreteClock17

===========================================================================================
----------------- testing Tue May 19 14:28:41 UTC 2020 /home/travis/build/icyphy/ptII/ptolemy/actor/lib/test/auto/DiscreteClock18.xml
----------------- Instantiating /home/travis/build/icyphy/ptII/ptolemy/actor/lib/test/auto/DiscreteClock18.xml
23 ms. Memory: 496640K Free: 353487K (71%)
----------------- Invoking toplevel() on ptolemy.moml.MoMLSimpleApplication@1d1e8c3a
----------------- Done invoking toplevel() on ptolemy.moml.MoMLSimpleApplication@1d1e8c3a
reloadAllAccessors: .DiscreteClock18

===========================================================================================
----------------- testing Tue May 19 14:28:41 UTC 2020 /home/travis/build/icyphy/ptII/ptolemy/actor/lib/test/auto/DiscreteClock19.xml
----------------- Instantiating /home/travis/build/icyphy/ptII/ptolemy/actor/lib/test/auto/DiscreteClock19.xml
20 ms. Memory: 496640K Free: 339655K (68%)
----------------- Invoking toplevel() on ptolemy.moml.MoMLSimpleApplication@7b85d5b1
----------------- Done invoking toplevel() on ptolemy.moml.MoMLSimpleApplication@7b85d5b1
reloadAllAccessors: .DiscreteClock19

===========================================================================================
----------------- testing Tue May 19 14:28:41 UTC 2020 /home/travis/build/icyphy/ptII/ptolemy/actor/lib/test/auto/DiscreteClock2.xml
----------------- Instantiating /home/travis/build/icyphy/ptII/ptolemy/actor/lib/test/auto/DiscreteClock2.xml
6 ms. Memory: 496640K Free: 335055K (67%)
----------------- Invoking toplevel() on ptolemy.moml.MoMLSimpleApplication@36734925
----------------- Done invoking toplevel() on ptolemy.moml.MoMLSimpleApplication@36734925
reloadAllAccessors: .DiscreteClock2

===========================================================================================
----------------- testing Tue May 19 14:28:41 UTC 2020 /home/travis/build/icyphy/ptII/ptolemy/actor/lib/test/auto/DiscreteClock20.xml
----------------- Instantiating /home/travis/build/icyphy/ptII/ptolemy/actor/lib/test/auto/DiscreteClock20.xml
7 ms. Memory: 496640K Free: 329421K (66%)
----------------- Invoking toplevel() on ptolemy.moml.MoMLSimpleApplication@5ea71a79
----------------- Done invoking toplevel() on ptolemy.moml.MoMLSimpleApplication@5ea71a79
reloadAllAccessors: .DiscreteClock20

===========================================================================================
----------------- testing Tue May 19 14:28:41 UTC 2020 /home/travis/build/icyphy/ptII/ptolemy/actor/lib/test/auto/DiscreteClock21.xml
----------------- Instantiating /home/travis/build/icyphy/ptII/ptolemy/actor/lib/test/auto/DiscreteClock21.xml
5 ms. Memory: 496640K Free: 323791K (65%)
----------------- Invoking toplevel() on ptolemy.moml.MoMLSimpleApplication@5ff281a5
----------------- Done invoking toplevel() on ptolemy.moml.MoMLSimpleApplication@5ff281a5
reloadAllAccessors: .DiscreteClock21

===========================================================================================
----------------- testing Tue May 19 14:28:41 UTC 2020 /home/travis/build/icyphy/ptII/ptolemy/actor/lib/test/auto/DiscreteClock22.xml
----------------- Instantiating /home/travis/build/icyphy/ptII/ptolemy/actor/lib/test/auto/DiscreteClock22.xml
5 ms. Memory: 496640K Free: 318157K (64%)
----------------- Invoking toplevel() on ptolemy.moml.MoMLSimpleApplication@66d3a281
----------------- Done invoking toplevel() on ptolemy.moml.MoMLSimpleApplication@66d3a281
reloadAllAccessors: .DiscreteClock22

===========================================================================================
----------------- testing Tue May 19 14:28:41 UTC 2020 /home/travis/build/icyphy/ptII/ptolemy/actor/lib/test/auto/DiscreteClock23.xml
----------------- Instantiating /home/travis/build/icyphy/ptII/ptolemy/actor/lib/test/auto/DiscreteClock23.xml
8 ms. Memory: 496640K Free: 313037K (63%)
----------------- Invoking toplevel() on ptolemy.moml.MoMLSimpleApplication@6799f152
----------------- Done invoking toplevel() on ptolemy.moml.MoMLSimpleApplication@6799f152
reloadAllAccessors: .DiscreteClock23

===========================================================================================
----------------- testing Tue May 19 14:28:41 UTC 2020 /home/travis/build/icyphy/ptII/ptolemy/actor/lib/test/auto/DiscreteClock24.xml
----------------- Instantiating /home/travis/build/icyphy/ptII/ptolemy/actor/lib/test/auto/DiscreteClock24.xml
5 ms. Memory: 496640K Free: 307407K (62%)
----------------- Invoking toplevel() on ptolemy.moml.MoMLSimpleApplication@6e32f910
----------------- Done invoking toplevel() on ptolemy.moml.MoMLSimpleApplication@6e32f910
reloadAllAccessors: .DiscreteClock24

===========================================================================================
----------------- testing Tue May 19 14:28:41 UTC 2020 /home/travis/build/icyphy/ptII/ptolemy/actor/lib/test/auto/DiscreteClock4.xml
----------------- Instantiating /home/travis/build/icyphy/ptII/ptolemy/actor/lib/test/auto/DiscreteClock4.xml
4 ms. Memory: 496640K Free: 301773K (61%)
----------------- Invoking toplevel() on ptolemy.moml.MoMLSimpleApplication@2f009a03
----------------- Done invoking toplevel() on ptolemy.moml.MoMLSimpleApplication@2f009a03
reloadAllAccessors: .DiscreteClock4

===========================================================================================
----------------- testing Tue May 19 14:28:41 UTC 2020 /home/travis/build/icyphy/ptII/ptolemy/actor/lib/test/auto/DiscreteClock5.xml
----------------- Instantiating /home/travis/build/icyphy/ptII/ptolemy/actor/lib/test/auto/DiscreteClock5.xml
1 ms. Memory: 496640K Free: 296143K (60%)
----------------- Invoking toplevel() on ptolemy.moml.MoMLSimpleApplication@30a7256a
----------------- Done invoking toplevel() on ptolemy.moml.MoMLSimpleApplication@30a7256a
reloadAllAccessors: .DiscreteClock5

===========================================================================================
----------------- testing Tue May 19 14:28:41 UTC 2020 /home/travis/build/icyphy/ptII/ptolemy/actor/lib/test/auto/DiscreteClock6.xml
----------------- Instantiating /home/travis/build/icyphy/ptII/ptolemy/actor/lib/test/auto/DiscreteClock6.xml
1 ms. Memory: 496640K Free: 292047K (59%)
----------------- Invoking toplevel() on ptolemy.moml.MoMLSimpleApplication@56979614
----------------- Done invoking toplevel() on ptolemy.moml.MoMLSimpleApplication@56979614
reloadAllAccessors: .DiscreteClock6

===========================================================================================
----------------- testing Tue May 19 14:28:41 UTC 2020 /home/travis/build/icyphy/ptII/ptolemy/actor/lib/test/auto/DiscreteClock7.xml
----------------- Instantiating /home/travis/build/icyphy/ptII/ptolemy/actor/lib/test/auto/DiscreteClock7.xml
1 ms. Memory: 496640K Free: 287437K (58%)
----------------- Invoking toplevel() on ptolemy.moml.MoMLSimpleApplication@4eb6500
----------------- Done invoking toplevel() on ptolemy.moml.MoMLSimpleApplication@4eb6500
reloadAllAccessors: .DiscreteClock7

===========================================================================================
----------------- testing Tue May 19 14:28:42 UTC 2020 /home/travis/build/icyphy/ptII/ptolemy/actor/lib/test/auto/DiscreteClock8.xml
----------------- Instantiating /home/travis/build/icyphy/ptII/ptolemy/actor/lib/test/auto/DiscreteClock8.xml
6 ms. Memory: 496640K Free: 281807K (57%)
----------------- Invoking toplevel() on ptolemy.moml.MoMLSimpleApplication@1e23f85c
----------------- Done invoking toplevel() on ptolemy.moml.MoMLSimpleApplication@1e23f85c
reloadAllAccessors: .DiscreteClock8

===========================================================================================
----------------- testing Tue May 19 14:28:42 UTC 2020 /home/travis/build/icyphy/ptII/ptolemy/actor/lib/test/auto/DiscreteClock9.xml
----------------- Instantiating /home/travis/build/icyphy/ptII/ptolemy/actor/lib/test/auto/DiscreteClock9.xml
4 ms. Memory: 496640K Free: 276173K (56%)
----------------- Invoking toplevel() on ptolemy.moml.MoMLSimpleApplication@7857dd92
----------------- Done invoking toplevel() on ptolemy.moml.MoMLSimpleApplication@7857dd92
reloadAllAccessors: .DiscreteClock9

===========================================================================================
----------------- testing Tue May 19 14:28:42 UTC 2020 /home/travis/build/icyphy/ptII/ptolemy/actor/lib/test/auto/DisplayArray.xml
----------------- Instantiating /home/travis/build/icyphy/ptII/ptolemy/actor/lib/test/auto/DisplayArray.xml
2 ms. Memory: 496640K Free: 273101K (55%)
----------------- Invoking toplevel() on ptolemy.moml.MoMLSimpleApplication@3ed49a5c
----------------- Done invoking toplevel() on ptolemy.moml.MoMLSimpleApplication@3ed49a5c
reloadAllAccessors: .DisplayArray

===========================================================================================
----------------- testing Tue May 19 14:28:42 UTC 2020 /home/travis/build/icyphy/ptII/ptolemy/actor/lib/test/auto/Distributor.xml
----------------- Instantiating /home/travis/build/icyphy/ptII/ptolemy/actor/lib/test/auto/Distributor.xml
2 ms. Memory: 496640K Free: 267981K (54%)
----------------- Invoking toplevel() on ptolemy.moml.MoMLSimpleApplication@1236b34e
----------------- Done invoking toplevel() on ptolemy.moml.MoMLSimpleApplication@1236b34e
reloadAllAccessors: .Distributor

===========================================================================================
----------------- testing Tue May 19 14:28:42 UTC 2020 /home/travis/build/icyphy/ptII/ptolemy/actor/lib/test/auto/Distributor2.xml
----------------- Instantiating /home/travis/build/icyphy/ptII/ptolemy/actor/lib/test/auto/Distributor2.xml
1 ms. Memory: 496640K Free: 262861K (53%)
----------------- Invoking toplevel() on ptolemy.moml.MoMLSimpleApplication@7e0790bc
----------------- Done invoking toplevel() on ptolemy.moml.MoMLSimpleApplication@7e0790bc
reloadAllAccessors: .Distributor2

===========================================================================================
----------------- testing Tue May 19 14:28:42 UTC 2020 /home/travis/build/icyphy/ptII/ptolemy/actor/lib/test/auto/DownSample.xml
----------------- Instantiating /home/travis/build/icyphy/ptII/ptolemy/actor/lib/test/auto/DownSample.xml
6 ms. Memory: 496640K Free: 258255K (52%)
----------------- Invoking toplevel() on ptolemy.moml.MoMLSimpleApplication@69e1b3e5
----------------- Done invoking toplevel() on ptolemy.moml.MoMLSimpleApplication@69e1b3e5
reloadAllAccessors: .DownSample

===========================================================================================
----------------- testing Tue May 19 14:28:42 UTC 2020 /home/travis/build/icyphy/ptII/ptolemy/actor/lib/test/auto/ElectronicUnitBase1.xml
----------------- Instantiating /home/travis/build/icyphy/ptII/ptolemy/actor/lib/test/auto/ElectronicUnitBase1.xml
15 ms. Memory: 496640K Free: 242381K (49%)
----------------- Invoking toplevel() on ptolemy.moml.MoMLSimpleApplication@18eeda70
----------------- Done invoking toplevel() on ptolemy.moml.MoMLSimpleApplication@18eeda70
reloadAllAccessors: .ElectronicUnitBase1

===========================================================================================
----------------- testing Tue May 19 14:28:42 UTC 2020 /home/travis/build/icyphy/ptII/ptolemy/actor/lib/test/auto/ElementsToArray.xml
----------------- Instantiating /home/travis/build/icyphy/ptII/ptolemy/actor/lib/test/auto/ElementsToArray.xml
3 ms. Memory: 496640K Free: 237775K (48%)
----------------- Invoking toplevel() on ptolemy.moml.MoMLSimpleApplication@13af1c44
----------------- Done invoking toplevel() on ptolemy.moml.MoMLSimpleApplication@13af1c44
reloadAllAccessors: .ElementsToArray

===========================================================================================
----------------- testing Tue May 19 14:28:42 UTC 2020 /home/travis/build/icyphy/ptII/ptolemy/actor/lib/test/auto/Equals.xml
----------------- Instantiating /home/travis/build/icyphy/ptII/ptolemy/actor/lib/test/auto/Equals.xml
3 ms. Memory: 496640K Free: 233165K (47%)
----------------- Invoking toplevel() on ptolemy.moml.MoMLSimpleApplication@24499a02
----------------- Done invoking toplevel() on ptolemy.moml.MoMLSimpleApplication@24499a02
reloadAllAccessors: .Equals

===========================================================================================
----------------- testing Tue May 19 14:28:42 UTC 2020 /home/travis/build/icyphy/ptII/ptolemy/actor/lib/test/auto/Exec.xml
----------------- Instantiating /home/travis/build/icyphy/ptII/ptolemy/actor/lib/test/auto/Exec.xml
16 ms. Memory: 496640K Free: 228045K (46%)
----------------- Invoking toplevel() on ptolemy.moml.MoMLSimpleApplication@77ad2eb9
----------------- Done invoking toplevel() on ptolemy.moml.MoMLSimpleApplication@77ad2eb9
reloadAllAccessors: .Exec

===========================================================================================
----------------- testing Tue May 19 14:28:42 UTC 2020 /home/travis/build/icyphy/ptII/ptolemy/actor/lib/test/auto/ExecEnvironment.xml
----------------- Instantiating /home/travis/build/icyphy/ptII/ptolemy/actor/lib/test/auto/ExecEnvironment.xml
23 ms. Memory: 496640K Free: 221391K (45%)
----------------- Invoking toplevel() on ptolemy.moml.MoMLSimpleApplication@4b4a55
----------------- Done invoking toplevel() on ptolemy.moml.MoMLSimpleApplication@4b4a55
reloadAllAccessors: .ExecEnvironment

===========================================================================================
----------------- testing Tue May 19 14:28:42 UTC 2020 /home/travis/build/icyphy/ptII/ptolemy/actor/lib/test/auto/ExecNonZeroReturnOutput.xml
----------------- Instantiating /home/travis/build/icyphy/ptII/ptolemy/actor/lib/test/auto/ExecNonZeroReturnOutput.xml
169 ms. Memory: 496640K Free: 210127K (42%)
----------------- Invoking toplevel() on ptolemy.moml.MoMLSimpleApplication@5d7bc806
----------------- Done invoking toplevel() on ptolemy.moml.MoMLSimpleApplication@5d7bc806
reloadAllAccessors: .ExecNonZeroReturnOutput

===========================================================================================
----------------- testing Tue May 19 14:28:42 UTC 2020 /home/travis/build/icyphy/ptII/ptolemy/actor/lib/test/auto/ExecRunDemos.xml
----------------- Instantiating /home/travis/build/icyphy/ptII/ptolemy/actor/lib/test/auto/ExecRunDemos.xml
Finished: 62 ms. Memory: 129024K Free: 112344K (87%)

Finished: 59 ms. Memory: 129024K Free: 109407K (85%)

Finished: 92 ms. Memory: 129024K Free: 109432K (85%)

Finished: 103 ms. Memory: 129024K Free: 111159K (86%)

Finished: 53 ms. Memory: 129024K Free: 111976K (87%)

10196 ms. Memory: 496640K Free: 189645K (38%)
----------------- Invoking toplevel() on ptolemy.moml.MoMLSimpleApplication@37310b51
----------------- Done invoking toplevel() on ptolemy.moml.MoMLSimpleApplication@37310b51
reloadAllAccessors: .ExecRunDemos

===========================================================================================
----------------- testing Tue May 19 14:28:52 UTC 2020 /home/travis/build/icyphy/ptII/ptolemy/actor/lib/test/auto/ExecStop.xml
----------------- Instantiating /home/travis/build/icyphy/ptII/ptolemy/actor/lib/test/auto/ExecStop.xml
5023 ms. Memory: 496640K Free: 341692K (69%)
----------------- Invoking toplevel() on ptolemy.moml.MoMLSimpleApplication@6c617472
----------------- Done invoking toplevel() on ptolemy.moml.MoMLSimpleApplication@6c617472
reloadAllAccessors: .ExecStop

===========================================================================================
----------------- testing Tue May 19 14:28:57 UTC 2020 /home/travis/build/icyphy/ptII/ptolemy/actor/lib/test/auto/ExecutionTimeSDF.xml
----------------- Instantiating /home/travis/build/icyphy/ptII/ptolemy/actor/lib/test/auto/ExecutionTimeSDF.xml
Fired ExecutionTime: -490167296
Fired ExecutionTime: 1341600000
Fired ExecutionTime: -161367296
6011 ms. Memory: 496640K Free: 328380K (66%)

===========================================================================================
----------------- testing Tue May 19 14:29:03 UTC 2020 /home/travis/build/icyphy/ptII/ptolemy/actor/lib/test/auto/Expression1.xml
----------------- Instantiating /home/travis/build/icyphy/ptII/ptolemy/actor/lib/test/auto/Expression1.xml
2 ms. Memory: 496640K Free: 323774K (65%)
----------------- Invoking toplevel() on ptolemy.moml.MoMLSimpleApplication@fa87edc
----------------- Done invoking toplevel() on ptolemy.moml.MoMLSimpleApplication@fa87edc
reloadAllAccessors: .Expression1

===========================================================================================
----------------- testing Tue May 19 14:29:03 UTC 2020 /home/travis/build/icyphy/ptII/ptolemy/actor/lib/test/auto/Expression10.xml
----------------- Instantiating /home/travis/build/icyphy/ptII/ptolemy/actor/lib/test/auto/Expression10.xml
7 ms. Memory: 496640K Free: 318140K (64%)
----------------- Invoking toplevel() on ptolemy.moml.MoMLSimpleApplication@23e1fac7
----------------- Done invoking toplevel() on ptolemy.moml.MoMLSimpleApplication@23e1fac7
reloadAllAccessors: .Expression10

===========================================================================================
----------------- testing Tue May 19 14:29:03 UTC 2020 /home/travis/build/icyphy/ptII/ptolemy/actor/lib/test/auto/Expression11.xml
----------------- Instantiating /home/travis/build/icyphy/ptII/ptolemy/actor/lib/test/auto/Expression11.xml
2 ms. Memory: 496640K Free: 313020K (63%)
----------------- Invoking toplevel() on ptolemy.moml.MoMLSimpleApplication@6df48bf8
----------------- Done invoking toplevel() on ptolemy.moml.MoMLSimpleApplication@6df48bf8
reloadAllAccessors: .Expression11

===========================================================================================
----------------- testing Tue May 19 14:29:03 UTC 2020 /home/travis/build/icyphy/ptII/ptolemy/actor/lib/test/auto/Expression12.xml
----------------- Instantiating /home/travis/build/icyphy/ptII/ptolemy/actor/lib/test/auto/Expression12.xml
3 ms. Memory: 496640K Free: 307900K (62%)
----------------- Invoking toplevel() on ptolemy.moml.MoMLSimpleApplication@54a4fde8
----------------- Done invoking toplevel() on ptolemy.moml.MoMLSimpleApplication@54a4fde8
reloadAllAccessors: .Expression12

===========================================================================================
----------------- testing Tue May 19 14:29:03 UTC 2020 /home/travis/build/icyphy/ptII/ptolemy/actor/lib/test/auto/Expression13.xml
----------------- Instantiating /home/travis/build/icyphy/ptII/ptolemy/actor/lib/test/auto/Expression13.xml
4 ms. Memory: 496640K Free: 302780K (61%)
----------------- Invoking toplevel() on ptolemy.moml.MoMLSimpleApplication@75e35f74
----------------- Done invoking toplevel() on ptolemy.moml.MoMLSimpleApplication@75e35f74
reloadAllAccessors: .Expression13

===========================================================================================
----------------- testing Tue May 19 14:29:03 UTC 2020 /home/travis/build/icyphy/ptII/ptolemy/actor/lib/test/auto/Expression14.xml
----------------- Instantiating /home/travis/build/icyphy/ptII/ptolemy/actor/lib/test/auto/Expression14.xml
9 ms. Memory: 496640K Free: 296636K (60%)
----------------- Invoking toplevel() on ptolemy.moml.MoMLSimpleApplication@116887c3
----------------- Done invoking toplevel() on ptolemy.moml.MoMLSimpleApplication@116887c3
reloadAllAccessors: .Expression14

===========================================================================================
----------------- testing Tue May 19 14:29:03 UTC 2020 /home/travis/build/icyphy/ptII/ptolemy/actor/lib/test/auto/Expression15.xml
----------------- Instantiating /home/travis/build/icyphy/ptII/ptolemy/actor/lib/test/auto/Expression15.xml
1 ms. Memory: 496640K Free: 293054K (59%)
----------------- Invoking toplevel() on ptolemy.moml.MoMLSimpleApplication@3a8a8909
----------------- Done invoking toplevel() on ptolemy.moml.MoMLSimpleApplication@3a8a8909
reloadAllAccessors: .Expression15

===========================================================================================
----------------- testing Tue May 19 14:29:03 UTC 2020 /home/travis/build/icyphy/ptII/ptolemy/actor/lib/test/auto/Expression16.xml
----------------- Instantiating /home/travis/build/icyphy/ptII/ptolemy/actor/lib/test/auto/Expression16.xml
3 ms. Memory: 496640K Free: 287934K (58%)
----------------- Invoking toplevel() on ptolemy.moml.MoMLSimpleApplication@2a6c0af5
----------------- Done invoking toplevel() on ptolemy.moml.MoMLSimpleApplication@2a6c0af5
reloadAllAccessors: .Expression16

===========================================================================================
----------------- testing Tue May 19 14:29:03 UTC 2020 /home/travis/build/icyphy/ptII/ptolemy/actor/lib/test/auto/Expression17.xml
----------------- Instantiating /home/travis/build/icyphy/ptII/ptolemy/actor/lib/test/auto/Expression17.xml
3 ms. Memory: 496640K Free: 282814K (57%)
----------------- Invoking toplevel() on ptolemy.moml.MoMLSimpleApplication@13c69801
----------------- Done invoking toplevel() on ptolemy.moml.MoMLSimpleApplication@13c69801
reloadAllAccessors: .Expression17

===========================================================================================
----------------- testing Tue May 19 14:29:03 UTC 2020 /home/travis/build/icyphy/ptII/ptolemy/actor/lib/test/auto/Expression18.xml
----------------- Instantiating /home/travis/build/icyphy/ptII/ptolemy/actor/lib/test/auto/Expression18.xml
3 ms. Memory: 496640K Free: 277180K (56%)
----------------- Invoking toplevel() on ptolemy.moml.MoMLSimpleApplication@2a3718f2
----------------- Done invoking toplevel() on ptolemy.moml.MoMLSimpleApplication@2a3718f2
reloadAllAccessors: .Expression18

===========================================================================================
----------------- testing Tue May 19 14:29:04 UTC 2020 /home/travis/build/icyphy/ptII/ptolemy/actor/lib/test/auto/Expression2.xml
----------------- Instantiating /home/travis/build/icyphy/ptII/ptolemy/actor/lib/test/auto/Expression2.xml
2 ms. Memory: 496640K Free: 272574K (55%)
----------------- Invoking toplevel() on ptolemy.moml.MoMLSimpleApplication@1635d85f
----------------- Done invoking toplevel() on ptolemy.moml.MoMLSimpleApplication@1635d85f
reloadAllAccessors: .Expression2

===========================================================================================
----------------- testing Tue May 19 14:29:04 UTC 2020 /home/travis/build/icyphy/ptII/ptolemy/actor/lib/test/auto/Expression3.xml
----------------- Instantiating /home/travis/build/icyphy/ptII/ptolemy/actor/lib/test/auto/Expression3.xml
7 ms. Memory: 496640K Free: 267454K (54%)
----------------- Invoking toplevel() on ptolemy.moml.MoMLSimpleApplication@31949585
----------------- Done invoking toplevel() on ptolemy.moml.MoMLSimpleApplication@31949585
reloadAllAccessors: .Expression3

===========================================================================================
----------------- testing Tue May 19 14:29:04 UTC 2020 /home/travis/build/icyphy/ptII/ptolemy/actor/lib/test/auto/Expression4.xml
----------------- Instantiating /home/travis/build/icyphy/ptII/ptolemy/actor/lib/test/auto/Expression4.xml
6 ms. Memory: 496640K Free: 259758K (52%)
----------------- Invoking toplevel() on ptolemy.moml.MoMLSimpleApplication@6cd6b57f
----------------- Done invoking toplevel() on ptolemy.moml.MoMLSimpleApplication@6cd6b57f
reloadAllAccessors: .Expression4

===========================================================================================
----------------- testing Tue May 19 14:29:04 UTC 2020 /home/travis/build/icyphy/ptII/ptolemy/actor/lib/test/auto/Expression5.xml
----------------- Instantiating /home/travis/build/icyphy/ptII/ptolemy/actor/lib/test/auto/Expression5.xml
3 ms. Memory: 496640K Free: 254652K (51%)
----------------- Invoking toplevel() on ptolemy.moml.MoMLSimpleApplication@5bf7968
----------------- Done invoking toplevel() on ptolemy.moml.MoMLSimpleApplication@5bf7968
reloadAllAccessors: .Expression5

===========================================================================================
----------------- testing Tue May 19 14:29:04 UTC 2020 /home/travis/build/icyphy/ptII/ptolemy/actor/lib/test/auto/Expression6.xml
----------------- Instantiating /home/travis/build/icyphy/ptII/ptolemy/actor/lib/test/auto/Expression6.xml
2 ms. Memory: 496640K Free: 250046K (50%)
----------------- Invoking toplevel() on ptolemy.moml.MoMLSimpleApplication@1ed5d79
----------------- Done invoking toplevel() on ptolemy.moml.MoMLSimpleApplication@1ed5d79
reloadAllAccessors: .Expression6

===========================================================================================
----------------- testing Tue May 19 14:29:04 UTC 2020 /home/travis/build/icyphy/ptII/ptolemy/actor/lib/test/auto/Expression7.xml
----------------- Instantiating /home/travis/build/icyphy/ptII/ptolemy/actor/lib/test/auto/Expression7.xml
3 ms. Memory: 496640K Free: 244926K (49%)
----------------- Invoking toplevel() on ptolemy.moml.MoMLSimpleApplication@5148d156
----------------- Done invoking toplevel() on ptolemy.moml.MoMLSimpleApplication@5148d156
reloadAllAccessors: .Expression7

===========================================================================================
----------------- testing Tue May 19 14:29:04 UTC 2020 /home/travis/build/icyphy/ptII/ptolemy/actor/lib/test/auto/Expression8.xml
----------------- Instantiating /home/travis/build/icyphy/ptII/ptolemy/actor/lib/test/auto/Expression8.xml
10 ms. Memory: 496640K Free: 239806K (48%)
----------------- Invoking toplevel() on ptolemy.moml.MoMLSimpleApplication@45bce671
----------------- Done invoking toplevel() on ptolemy.moml.MoMLSimpleApplication@45bce671
reloadAllAccessors: .Expression8

===========================================================================================
----------------- testing Tue May 19 14:29:04 UTC 2020 /home/travis/build/icyphy/ptII/ptolemy/actor/lib/test/auto/Expression9.xml
----------------- Instantiating /home/travis/build/icyphy/ptII/ptolemy/actor/lib/test/auto/Expression9.xml
1 ms. Memory: 496640K Free: 236220K (48%)
----------------- Invoking toplevel() on ptolemy.moml.MoMLSimpleApplication@503f20f4
----------------- Done invoking toplevel() on ptolemy.moml.MoMLSimpleApplication@503f20f4
reloadAllAccessors: .Expression9

===========================================================================================
----------------- testing Tue May 19 14:29:04 UTC 2020 /home/travis/build/icyphy/ptII/ptolemy/actor/lib/test/auto/ExpressionConcatenateArrayType.xml
----------------- Instantiating /home/travis/build/icyphy/ptII/ptolemy/actor/lib/test/auto/ExpressionConcatenateArrayType.xml
3 ms. Memory: 496640K Free: 229566K (46%)
----------------- Invoking toplevel() on ptolemy.moml.MoMLSimpleApplication@19a8bce0
----------------- Done invoking toplevel() on ptolemy.moml.MoMLSimpleApplication@19a8bce0
reloadAllAccessors: .ExpressionConcatenateArrayType

===========================================================================================
----------------- testing Tue May 19 14:29:04 UTC 2020 /home/travis/build/icyphy/ptII/ptolemy/actor/lib/test/auto/ExpressionConcatenateArrayType2.xml
----------------- Instantiating /home/travis/build/icyphy/ptII/ptolemy/actor/lib/test/auto/ExpressionConcatenateArrayType2.xml
2 ms. Memory: 496640K Free: 223932K (45%)
----------------- Invoking toplevel() on ptolemy.moml.MoMLSimpleApplication@63875564
----------------- Done invoking toplevel() on ptolemy.moml.MoMLSimpleApplication@63875564
reloadAllAccessors: .ExpressionConcatenateArrayType2

===========================================================================================
----------------- testing Tue May 19 14:29:04 UTC 2020 /home/travis/build/icyphy/ptII/ptolemy/actor/lib/test/auto/ExpressionFix.xml
----------------- Instantiating /home/travis/build/icyphy/ptII/ptolemy/actor/lib/test/auto/ExpressionFix.xml
21 ms. Memory: 496640K Free: 217278K (44%)
----------------- Invoking toplevel() on ptolemy.moml.MoMLSimpleApplication@6aca309e
----------------- Done invoking toplevel() on ptolemy.moml.MoMLSimpleApplication@6aca309e
reloadAllAccessors: .ExpressionFix

===========================================================================================
----------------- testing Tue May 19 14:29:04 UTC 2020 /home/travis/build/icyphy/ptII/ptolemy/actor/lib/test/auto/ExpressionFix2.xml
----------------- Instantiating /home/travis/build/icyphy/ptII/ptolemy/actor/lib/test/auto/ExpressionFix2.xml
4 ms. Memory: 496640K Free: 213182K (43%)
----------------- Invoking toplevel() on ptolemy.moml.MoMLSimpleApplication@166c3522
----------------- Done invoking toplevel() on ptolemy.moml.MoMLSimpleApplication@166c3522
reloadAllAccessors: .ExpressionFix2

===========================================================================================
----------------- testing Tue May 19 14:29:04 UTC 2020 /home/travis/build/icyphy/ptII/ptolemy/actor/lib/test/auto/ExpressionFix3.xml
----------------- Instantiating /home/travis/build/icyphy/ptII/ptolemy/actor/lib/test/auto/ExpressionFix3.xml
3 ms. Memory: 496640K Free: 208572K (42%)
----------------- Invoking toplevel() on ptolemy.moml.MoMLSimpleApplication@476ef411
----------------- Done invoking toplevel() on ptolemy.moml.MoMLSimpleApplication@476ef411
reloadAllAccessors: .ExpressionFix3

===========================================================================================
----------------- testing Tue May 19 14:29:04 UTC 2020 /home/travis/build/icyphy/ptII/ptolemy/actor/lib/test/auto/FileWriter1.xml
----------------- Instantiating /home/travis/build/icyphy/ptII/ptolemy/actor/lib/test/auto/FileWriter1.xml
2 ms. Memory: 496640K Free: 204476K (41%)
----------------- Invoking toplevel() on ptolemy.moml.MoMLSimpleApplication@565df17a
----------------- Done invoking toplevel() on ptolemy.moml.MoMLSimpleApplication@565df17a
reloadAllAccessors: .FileWriter1

===========================================================================================
----------------- testing Tue May 19 14:29:04 UTC 2020 /home/travis/build/icyphy/ptII/ptolemy/actor/lib/test/auto/FileWriter2.xml
----------------- Instantiating /home/travis/build/icyphy/ptII/ptolemy/actor/lib/test/auto/FileWriter2.xml
2 ms. Memory: 496640K Free: 200366K (40%)
----------------- Invoking toplevel() on ptolemy.moml.MoMLSimpleApplication@4eef172
----------------- Done invoking toplevel() on ptolemy.moml.MoMLSimpleApplication@4eef172
reloadAllAccessors: .FileWriter2

===========================================================================================
----------------- testing Tue May 19 14:29:04 UTC 2020 /home/travis/build/icyphy/ptII/ptolemy/actor/lib/test/auto/FileWriter3.xml
----------------- Instantiating /home/travis/build/icyphy/ptII/ptolemy/actor/lib/test/auto/FileWriter3.xml
4 ms. Memory: 496640K Free: 196284K (40%)
----------------- Invoking toplevel() on ptolemy.moml.MoMLSimpleApplication@3c841ffd
----------------- Done invoking toplevel() on ptolemy.moml.MoMLSimpleApplication@3c841ffd
reloadAllAccessors: .FileWriter3

===========================================================================================
----------------- testing Tue May 19 14:29:04 UTC 2020 /home/travis/build/icyphy/ptII/ptolemy/actor/lib/test/auto/Gaussian.xml
----------------- Instantiating /home/travis/build/icyphy/ptII/ptolemy/actor/lib/test/auto/Gaussian.xml
3 ms. Memory: 496640K Free: 191678K (39%)
----------------- Invoking toplevel() on ptolemy.moml.MoMLSimpleApplication@dbbea23
----------------- Done invoking toplevel() on ptolemy.moml.MoMLSimpleApplication@dbbea23
reloadAllAccessors: .Gaussian

===========================================================================================
----------------- testing Tue May 19 14:29:04 UTC 2020 /home/travis/build/icyphy/ptII/ptolemy/actor/lib/test/auto/Gaussian1.xml
----------------- Instantiating /home/travis/build/icyphy/ptII/ptolemy/actor/lib/test/auto/Gaussian1.xml
9 ms. Memory: 496640K Free: 186030K (37%)
----------------- Invoking toplevel() on ptolemy.moml.MoMLSimpleApplication@107cc19a
----------------- Done invoking toplevel() on ptolemy.moml.MoMLSimpleApplication@107cc19a
reloadAllAccessors: .Gaussian1

===========================================================================================
----------------- testing Tue May 19 14:29:04 UTC 2020 /home/travis/build/icyphy/ptII/ptolemy/actor/lib/test/auto/Gaussian2.xml
----------------- Instantiating /home/travis/build/icyphy/ptII/ptolemy/actor/lib/test/auto/Gaussian2.xml
2 ms. Memory: 496640K Free: 180414K (36%)
----------------- Invoking toplevel() on ptolemy.moml.MoMLSimpleApplication@4b0fe9f2
----------------- Done invoking toplevel() on ptolemy.moml.MoMLSimpleApplication@4b0fe9f2
reloadAllAccessors: .Gaussian2

===========================================================================================
----------------- testing Tue May 19 14:29:04 UTC 2020 /home/travis/build/icyphy/ptII/ptolemy/actor/lib/test/auto/GradientAdaptiveLattice.xml
----------------- Instantiating /home/travis/build/icyphy/ptII/ptolemy/actor/lib/test/auto/GradientAdaptiveLattice.xml
2 ms. Memory: 496640K Free: 174780K (35%)
----------------- Invoking toplevel() on ptolemy.moml.MoMLSimpleApplication@2ab64b51
----------------- Done invoking toplevel() on ptolemy.moml.MoMLSimpleApplication@2ab64b51
reloadAllAccessors: .GradientAdaptiveLattice

===========================================================================================
----------------- testing Tue May 19 14:29:04 UTC 2020 /home/travis/build/icyphy/ptII/ptolemy/actor/lib/test/auto/IIR.xml
----------------- Instantiating /home/travis/build/icyphy/ptII/ptolemy/actor/lib/test/auto/IIR.xml
2 ms. Memory: 496640K Free: 170174K (34%)
----------------- Invoking toplevel() on ptolemy.moml.MoMLSimpleApplication@53bb8c91
----------------- Done invoking toplevel() on ptolemy.moml.MoMLSimpleApplication@53bb8c91
reloadAllAccessors: .IIR

===========================================================================================
----------------- testing Tue May 19 14:29:04 UTC 2020 /home/travis/build/icyphy/ptII/ptolemy/actor/lib/test/auto/InputOutputTransparentPorts.xml
----------------- Instantiating /home/travis/build/icyphy/ptII/ptolemy/actor/lib/test/auto/InputOutputTransparentPorts.xml
2 ms. Memory: 496640K Free: 162492K (33%)
----------------- Invoking toplevel() on ptolemy.moml.MoMLSimpleApplication@34e26bfb
----------------- Done invoking toplevel() on ptolemy.moml.MoMLSimpleApplication@34e26bfb
reloadAllAccessors: .InputOutputTransparentPorts

===========================================================================================
----------------- testing Tue May 19 14:29:04 UTC 2020 /home/travis/build/icyphy/ptII/ptolemy/actor/lib/test/auto/Interpolator.xml
----------------- Instantiating /home/travis/build/icyphy/ptII/ptolemy/actor/lib/test/auto/Interpolator.xml
3 ms. Memory: 496640K Free: 158396K (32%)
----------------- Invoking toplevel() on ptolemy.moml.MoMLSimpleApplication@40275bdf
----------------- Done invoking toplevel() on ptolemy.moml.MoMLSimpleApplication@40275bdf
reloadAllAccessors: .Interpolator

===========================================================================================
----------------- testing Tue May 19 14:29:04 UTC 2020 /home/travis/build/icyphy/ptII/ptolemy/actor/lib/test/auto/InterpolatorFiringLimitDE.xml
----------------- Instantiating /home/travis/build/icyphy/ptII/ptolemy/actor/lib/test/auto/InterpolatorFiringLimitDE.xml
2 ms. Memory: 496640K Free: 152252K (31%)
----------------- Invoking toplevel() on ptolemy.moml.MoMLSimpleApplication@60164786
----------------- Done invoking toplevel() on ptolemy.moml.MoMLSimpleApplication@60164786
reloadAllAccessors: .InterpolatorFiringLimitDE

===========================================================================================
----------------- testing Tue May 19 14:29:04 UTC 2020 /home/travis/build/icyphy/ptII/ptolemy/actor/lib/test/auto/Lattice.xml
----------------- Instantiating /home/travis/build/icyphy/ptII/ptolemy/actor/lib/test/auto/Lattice.xml
1 ms. Memory: 496640K Free: 440541K (89%)
----------------- Invoking toplevel() on ptolemy.moml.MoMLSimpleApplication@7efad1f5
----------------- Done invoking toplevel() on ptolemy.moml.MoMLSimpleApplication@7efad1f5
reloadAllAccessors: .Lattice

===========================================================================================
----------------- testing Tue May 19 14:29:04 UTC 2020 /home/travis/build/icyphy/ptII/ptolemy/actor/lib/test/auto/LazyAOCTestLazy.xml
----------------- Instantiating /home/travis/build/icyphy/ptII/ptolemy/actor/lib/test/auto/LazyAOCTestLazy.xml
13 ms. Memory: 496640K Free: 434383K (87%)
----------------- Invoking toplevel() on ptolemy.moml.MoMLSimpleApplication@447ed0ba
----------------- Done invoking toplevel() on ptolemy.moml.MoMLSimpleApplication@447ed0ba
reloadAllAccessors: .LazyAOCTestLazy

===========================================================================================
----------------- testing Tue May 19 14:29:04 UTC 2020 /home/travis/build/icyphy/ptII/ptolemy/actor/lib/test/auto/LazyAOCTestNonLazy.xml
----------------- Instantiating /home/travis/build/icyphy/ptII/ptolemy/actor/lib/test/auto/LazyAOCTestNonLazy.xml
2 ms. Memory: 496640K Free: 428253K (86%)
----------------- Invoking toplevel() on ptolemy.moml.MoMLSimpleApplication@3d7133b4
----------------- Done invoking toplevel() on ptolemy.moml.MoMLSimpleApplication@3d7133b4
reloadAllAccessors: .LazyAOCTestNonLazy

===========================================================================================
----------------- testing Tue May 19 14:29:04 UTC 2020 /home/travis/build/icyphy/ptII/ptolemy/actor/lib/test/auto/LazyInnerClass.xml
----------------- Instantiating /home/travis/build/icyphy/ptII/ptolemy/actor/lib/test/auto/LazyInnerClass.xml
28 ms. Memory: 496640K Free: 419551K (84%)
----------------- Invoking toplevel() on ptolemy.moml.MoMLSimpleApplication@4da560fc
----------------- Done invoking toplevel() on ptolemy.moml.MoMLSimpleApplication@4da560fc
reloadAllAccessors: .LazyInnerClass

===========================================================================================
----------------- testing Tue May 19 14:29:04 UTC 2020 /home/travis/build/icyphy/ptII/ptolemy/actor/lib/test/auto/LazyPubSub.xml
----------------- Instantiating /home/travis/build/icyphy/ptII/ptolemy/actor/lib/test/auto/LazyPubSub.xml
33 ms. Memory: 496640K Free: 409311K (82%)
----------------- Invoking toplevel() on ptolemy.moml.MoMLSimpleApplication@623b0f5d
----------------- Done invoking toplevel() on ptolemy.moml.MoMLSimpleApplication@623b0f5d
reloadAllAccessors: .LazyPubSub

===========================================================================================
----------------- testing Tue May 19 14:29:04 UTC 2020 /home/travis/build/icyphy/ptII/ptolemy/actor/lib/test/auto/LazyPubSub2.xml
----------------- Instantiating /home/travis/build/icyphy/ptII/ptolemy/actor/lib/test/auto/LazyPubSub2.xml
11 ms. Memory: 496640K Free: 399565K (80%)
----------------- Invoking toplevel() on ptolemy.moml.MoMLSimpleApplication@1cb5f88a
----------------- Done invoking toplevel() on ptolemy.moml.MoMLSimpleApplication@1cb5f88a
reloadAllAccessors: .LazyPubSub2

===========================================================================================
----------------- testing Tue May 19 14:29:04 UTC 2020 /home/travis/build/icyphy/ptII/ptolemy/actor/lib/test/auto/LazyPubSub3.xml
----------------- Instantiating /home/travis/build/icyphy/ptII/ptolemy/actor/lib/test/auto/LazyPubSub3.xml
11 ms. Memory: 496640K Free: 389341K (78%)
----------------- Invoking toplevel() on ptolemy.moml.MoMLSimpleApplication@37455254
----------------- Done invoking toplevel() on ptolemy.moml.MoMLSimpleApplication@37455254
reloadAllAccessors: .LazyPubSub3

===========================================================================================
----------------- testing Tue May 19 14:29:04 UTC 2020 /home/travis/build/icyphy/ptII/ptolemy/actor/lib/test/auto/LazySubClassModel.xml
----------------- Instantiating /home/travis/build/icyphy/ptII/ptolemy/actor/lib/test/auto/LazySubClassModel.xml
2 ms. Memory: 496640K Free: 380125K (77%)
----------------- Invoking toplevel() on ptolemy.moml.MoMLSimpleApplication@4ddb38f6
----------------- Done invoking toplevel() on ptolemy.moml.MoMLSimpleApplication@4ddb38f6
reloadAllAccessors: .LazySubClassModel

===========================================================================================
----------------- testing Tue May 19 14:29:04 UTC 2020 /home/travis/build/icyphy/ptII/ptolemy/actor/lib/test/auto/LevelCrossTest1.xml
----------------- Instantiating /home/travis/build/icyphy/ptII/ptolemy/actor/lib/test/auto/LevelCrossTest1.xml
1 ms. Memory: 496640K Free: 374495K (75%)
----------------- Invoking toplevel() on ptolemy.moml.MoMLSimpleApplication@5986073c
----------------- Done invoking toplevel() on ptolemy.moml.MoMLSimpleApplication@5986073c
reloadAllAccessors: .broken

===========================================================================================
----------------- testing Tue May 19 14:29:04 UTC 2020 /home/travis/build/icyphy/ptII/ptolemy/actor/lib/test/auto/LevelCrossTest10.xml
----------------- Instantiating /home/travis/build/icyphy/ptII/ptolemy/actor/lib/test/auto/LevelCrossTest10.xml
1 ms. Memory: 496640K Free: 367327K (74%)
----------------- Invoking toplevel() on ptolemy.moml.MoMLSimpleApplication@4d96c306
----------------- Done invoking toplevel() on ptolemy.moml.MoMLSimpleApplication@4d96c306
reloadAllAccessors: .LevelCrossTest10

===========================================================================================
----------------- testing Tue May 19 14:29:04 UTC 2020 /home/travis/build/icyphy/ptII/ptolemy/actor/lib/test/auto/LevelCrossTest11.xml
----------------- Instantiating /home/travis/build/icyphy/ptII/ptolemy/actor/lib/test/auto/LevelCrossTest11.xml
1 ms. Memory: 496640K Free: 360159K (73%)
----------------- Invoking toplevel() on ptolemy.moml.MoMLSimpleApplication@397c634
----------------- Done invoking toplevel() on ptolemy.moml.MoMLSimpleApplication@397c634
reloadAllAccessors: .LevelCrossTest11

===========================================================================================
----------------- testing Tue May 19 14:29:04 UTC 2020 /home/travis/build/icyphy/ptII/ptolemy/actor/lib/test/auto/LevelCrossTest12.xml
----------------- Instantiating /home/travis/build/icyphy/ptII/ptolemy/actor/lib/test/auto/LevelCrossTest12.xml
2 ms. Memory: 496640K Free: 353501K (71%)
----------------- Invoking toplevel() on ptolemy.moml.MoMLSimpleApplication@199bdd93
----------------- Done invoking toplevel() on ptolemy.moml.MoMLSimpleApplication@199bdd93
reloadAllAccessors: .LevelCrossTest12

===========================================================================================
----------------- testing Tue May 19 14:29:04 UTC 2020 /home/travis/build/icyphy/ptII/ptolemy/actor/lib/test/auto/LevelCrossTest13.xml
----------------- Instantiating /home/travis/build/icyphy/ptII/ptolemy/actor/lib/test/auto/LevelCrossTest13.xml
1 ms. Memory: 496640K Free: 345309K (70%)
----------------- Invoking toplevel() on ptolemy.moml.MoMLSimpleApplication@199816b8
----------------- Done invoking toplevel() on ptolemy.moml.MoMLSimpleApplication@199816b8
reloadAllAccessors: .LevelCrossTest13

===========================================================================================
----------------- testing Tue May 19 14:29:04 UTC 2020 /home/travis/build/icyphy/ptII/ptolemy/actor/lib/test/auto/LevelCrossTest2.xml
----------------- Instantiating /home/travis/build/icyphy/ptII/ptolemy/actor/lib/test/auto/LevelCrossTest2.xml
2 ms. Memory: 496640K Free: 339679K (68%)
----------------- Invoking toplevel() on ptolemy.moml.MoMLSimpleApplication@68e1a63d
----------------- Done invoking toplevel() on ptolemy.moml.MoMLSimpleApplication@68e1a63d
reloadAllAccessors: .broken

===========================================================================================
----------------- testing Tue May 19 14:29:04 UTC 2020 /home/travis/build/icyphy/ptII/ptolemy/actor/lib/test/auto/LevelCrossTest3.xml
----------------- Instantiating /home/travis/build/icyphy/ptII/ptolemy/actor/lib/test/auto/LevelCrossTest3.xml
1 ms. Memory: 496640K Free: 333535K (67%)
----------------- Invoking toplevel() on ptolemy.moml.MoMLSimpleApplication@7851d309
----------------- Done invoking toplevel() on ptolemy.moml.MoMLSimpleApplication@7851d309
reloadAllAccessors: .LevelCrossTest3

===========================================================================================
----------------- testing Tue May 19 14:29:04 UTC 2020 /home/travis/build/icyphy/ptII/ptolemy/actor/lib/test/auto/LevelCrossTest4.xml
----------------- Instantiating /home/travis/build/icyphy/ptII/ptolemy/actor/lib/test/auto/LevelCrossTest4.xml
1 ms. Memory: 496640K Free: 328415K (66%)
----------------- Invoking toplevel() on ptolemy.moml.MoMLSimpleApplication@3b2a494a
----------------- Done invoking toplevel() on ptolemy.moml.MoMLSimpleApplication@3b2a494a
reloadAllAccessors: .broken

===========================================================================================
----------------- testing Tue May 19 14:29:04 UTC 2020 /home/travis/build/icyphy/ptII/ptolemy/actor/lib/test/auto/LevelCrossTest5.xml
----------------- Instantiating /home/travis/build/icyphy/ptII/ptolemy/actor/lib/test/auto/LevelCrossTest5.xml
1 ms. Memory: 496640K Free: 321757K (65%)
----------------- Invoking toplevel() on ptolemy.moml.MoMLSimpleApplication@7417eb85
----------------- Done invoking toplevel() on ptolemy.moml.MoMLSimpleApplication@7417eb85
reloadAllAccessors: .LevelCrossTest5

===========================================================================================
----------------- testing Tue May 19 14:29:04 UTC 2020 /home/travis/build/icyphy/ptII/ptolemy/actor/lib/test/auto/LevelCrossTest6.xml
----------------- Instantiating /home/travis/build/icyphy/ptII/ptolemy/actor/lib/test/auto/LevelCrossTest6.xml
1 ms. Memory: 496640K Free: 314589K (63%)
----------------- Invoking toplevel() on ptolemy.moml.MoMLSimpleApplication@20e7a58e
----------------- Done invoking toplevel() on ptolemy.moml.MoMLSimpleApplication@20e7a58e
reloadAllAccessors: .LevelCrossTest6

===========================================================================================
----------------- testing Tue May 19 14:29:04 UTC 2020 /home/travis/build/icyphy/ptII/ptolemy/actor/lib/test/auto/LevelCrossTest7.xml
----------------- Instantiating /home/travis/build/icyphy/ptII/ptolemy/actor/lib/test/auto/LevelCrossTest7.xml
1 ms. Memory: 496640K Free: 306397K (62%)
----------------- Invoking toplevel() on ptolemy.moml.MoMLSimpleApplication@6e676779
----------------- Done invoking toplevel() on ptolemy.moml.MoMLSimpleApplication@6e676779
reloadAllAccessors: .LevelCrossTest7

===========================================================================================
----------------- testing Tue May 19 14:29:05 UTC 2020 /home/travis/build/icyphy/ptII/ptolemy/actor/lib/test/auto/LevelCrossTest8.xml
----------------- Instantiating /home/travis/build/icyphy/ptII/ptolemy/actor/lib/test/auto/LevelCrossTest8.xml
1 ms. Memory: 496640K Free: 299229K (60%)
----------------- Invoking toplevel() on ptolemy.moml.MoMLSimpleApplication@8057050
----------------- Done invoking toplevel() on ptolemy.moml.MoMLSimpleApplication@8057050
reloadAllAccessors: .LevelCrossTest8

===========================================================================================
----------------- testing Tue May 19 14:29:05 UTC 2020 /home/travis/build/icyphy/ptII/ptolemy/actor/lib/test/auto/LevelCrossTest9.xml
----------------- Instantiating /home/travis/build/icyphy/ptII/ptolemy/actor/lib/test/auto/LevelCrossTest9.xml
1 ms. Memory: 496640K Free: 292061K (59%)
----------------- Invoking toplevel() on ptolemy.moml.MoMLSimpleApplication@738d65ab
----------------- Done invoking toplevel() on ptolemy.moml.MoMLSimpleApplication@738d65ab
reloadAllAccessors: .LevelCrossTest9

===========================================================================================
----------------- testing Tue May 19 14:29:05 UTC 2020 /home/travis/build/icyphy/ptII/ptolemy/actor/lib/test/auto/LevinsonDurbin.xml
----------------- Instantiating /home/travis/build/icyphy/ptII/ptolemy/actor/lib/test/auto/LevinsonDurbin.xml
7 ms. Memory: 496640K Free: 287965K (58%)
----------------- Invoking toplevel() on ptolemy.moml.MoMLSimpleApplication@64c133f9
----------------- Done invoking toplevel() on ptolemy.moml.MoMLSimpleApplication@64c133f9
reloadAllAccessors: .LevinsonDurbin

===========================================================================================
----------------- testing Tue May 19 14:29:05 UTC 2020 /home/travis/build/icyphy/ptII/ptolemy/actor/lib/test/auto/LevinsonDurbin2.xml
----------------- Instantiating /home/travis/build/icyphy/ptII/ptolemy/actor/lib/test/auto/LevinsonDurbin2.xml
1 ms. Memory: 496640K Free: 283869K (57%)
----------------- Invoking toplevel() on ptolemy.moml.MoMLSimpleApplication@76b60062
----------------- Done invoking toplevel() on ptolemy.moml.MoMLSimpleApplication@76b60062
reloadAllAccessors: .LevinsonDurbin2

===========================================================================================
----------------- testing Tue May 19 14:29:05 UTC 2020 /home/travis/build/icyphy/ptII/ptolemy/actor/lib/test/auto/LevinsonDurbin3.xml
----------------- Instantiating /home/travis/build/icyphy/ptII/ptolemy/actor/lib/test/auto/LevinsonDurbin3.xml
2 ms. Memory: 496640K Free: 279773K (56%)
----------------- Invoking toplevel() on ptolemy.moml.MoMLSimpleApplication@7a4d4151
----------------- Done invoking toplevel() on ptolemy.moml.MoMLSimpleApplication@7a4d4151
reloadAllAccessors: .LevinsonDurbin3

===========================================================================================
----------------- testing Tue May 19 14:29:05 UTC 2020 /home/travis/build/icyphy/ptII/ptolemy/actor/lib/test/auto/Limiter.xml
----------------- Instantiating /home/travis/build/icyphy/ptII/ptolemy/actor/lib/test/auto/Limiter.xml
11 ms. Memory: 496640K Free: 270543K (54%)
----------------- Invoking toplevel() on ptolemy.moml.MoMLSimpleApplication@3e35f913
----------------- Done invoking toplevel() on ptolemy.moml.MoMLSimpleApplication@3e35f913
reloadAllAccessors: .Limiter

===========================================================================================
----------------- testing Tue May 19 14:29:05 UTC 2020 /home/travis/build/icyphy/ptII/ptolemy/actor/lib/test/auto/LinearDifferenceEquationSystem.xml
----------------- Instantiating /home/travis/build/icyphy/ptII/ptolemy/actor/lib/test/auto/LinearDifferenceEquationSystem.xml
6 ms. Memory: 496640K Free: 262879K (53%)
----------------- Invoking toplevel() on ptolemy.moml.MoMLSimpleApplication@6006a367
----------------- Done invoking toplevel() on ptolemy.moml.MoMLSimpleApplication@6006a367
reloadAllAccessors: .LinearDifferenceEquationSystem

===========================================================================================
----------------- testing Tue May 19 14:29:05 UTC 2020 /home/travis/build/icyphy/ptII/ptolemy/actor/lib/test/auto/LookupTable.xml
----------------- Instantiating /home/travis/build/icyphy/ptII/ptolemy/actor/lib/test/auto/LookupTable.xml
2 ms. Memory: 496640K Free: 258269K (52%)
----------------- Invoking toplevel() on ptolemy.moml.MoMLSimpleApplication@2473539
----------------- Done invoking toplevel() on ptolemy.moml.MoMLSimpleApplication@2473539
reloadAllAccessors: .LookupTable

===========================================================================================
----------------- testing Tue May 19 14:29:05 UTC 2020 /home/travis/build/icyphy/ptII/ptolemy/actor/lib/test/auto/MathFunction.xml
----------------- Instantiating /home/travis/build/icyphy/ptII/ptolemy/actor/lib/test/auto/MathFunction.xml
4 ms. Memory: 496640K Free: 250077K (50%)
----------------- Invoking toplevel() on ptolemy.moml.MoMLSimpleApplication@16fec2c3
----------------- Done invoking toplevel() on ptolemy.moml.MoMLSimpleApplication@16fec2c3
reloadAllAccessors: .MathFunction

===========================================================================================
----------------- testing Tue May 19 14:29:05 UTC 2020 /home/travis/build/icyphy/ptII/ptolemy/actor/lib/test/auto/MathFunction2.xml
----------------- Instantiating /home/travis/build/icyphy/ptII/ptolemy/actor/lib/test/auto/MathFunction2.xml
1 ms. Memory: 496640K Free: 245981K (50%)
----------------- Invoking toplevel() on ptolemy.moml.MoMLSimpleApplication@615ec08e
----------------- Done invoking toplevel() on ptolemy.moml.MoMLSimpleApplication@615ec08e
reloadAllAccessors: .MathFunction2

===========================================================================================
----------------- testing Tue May 19 14:29:05 UTC 2020 /home/travis/build/icyphy/ptII/ptolemy/actor/lib/test/auto/MathFunction3.xml
----------------- Instantiating /home/travis/build/icyphy/ptII/ptolemy/actor/lib/test/auto/MathFunction3.xml
2 ms. Memory: 496640K Free: 238813K (48%)
----------------- Invoking toplevel() on ptolemy.moml.MoMLSimpleApplication@1eaa2d9
----------------- Done invoking toplevel() on ptolemy.moml.MoMLSimpleApplication@1eaa2d9
reloadAllAccessors: .MathFunction3

===========================================================================================
----------------- testing Tue May 19 14:29:05 UTC 2020 /home/travis/build/icyphy/ptII/ptolemy/actor/lib/test/auto/MatrixCropBoolean.xml
----------------- Instantiating /home/travis/build/icyphy/ptII/ptolemy/actor/lib/test/auto/MatrixCropBoolean.xml
2 ms. Memory: 496640K Free: 233663K (47%)
----------------- Invoking toplevel() on ptolemy.moml.MoMLSimpleApplication@3187fda
----------------- Done invoking toplevel() on ptolemy.moml.MoMLSimpleApplication@3187fda
reloadAllAccessors: .MatrixCropBoolean

===========================================================================================
----------------- testing Tue May 19 14:29:05 UTC 2020 /home/travis/build/icyphy/ptII/ptolemy/actor/lib/test/auto/MatrixCropComplex.xml
----------------- Instantiating /home/travis/build/icyphy/ptII/ptolemy/actor/lib/test/auto/MatrixCropComplex.xml
1 ms. Memory: 496640K Free: 228543K (46%)
----------------- Invoking toplevel() on ptolemy.moml.MoMLSimpleApplication@44bfebf4
----------------- Done invoking toplevel() on ptolemy.moml.MoMLSimpleApplication@44bfebf4
reloadAllAccessors: .MatrixCropComplex

===========================================================================================
----------------- testing Tue May 19 14:29:05 UTC 2020 /home/travis/build/icyphy/ptII/ptolemy/actor/lib/test/auto/MatrixCropDouble.xml
----------------- Instantiating /home/travis/build/icyphy/ptII/ptolemy/actor/lib/test/auto/MatrixCropDouble.xml
2 ms. Memory: 496640K Free: 223423K (45%)
----------------- Invoking toplevel() on ptolemy.moml.MoMLSimpleApplication@35ba40e6
----------------- Done invoking toplevel() on ptolemy.moml.MoMLSimpleApplication@35ba40e6
reloadAllAccessors: .MatrixCropDouble

===========================================================================================
----------------- testing Tue May 19 14:29:05 UTC 2020 /home/travis/build/icyphy/ptII/ptolemy/actor/lib/test/auto/MatrixCropFix.xml
----------------- Instantiating /home/travis/build/icyphy/ptII/ptolemy/actor/lib/test/auto/MatrixCropFix.xml
2 ms. Memory: 496640K Free: 218303K (44%)
----------------- Invoking toplevel() on ptolemy.moml.MoMLSimpleApplication@6395105b
----------------- Done invoking toplevel() on ptolemy.moml.MoMLSimpleApplication@6395105b
reloadAllAccessors: .MatrixCropFix

===========================================================================================
----------------- testing Tue May 19 14:29:05 UTC 2020 /home/travis/build/icyphy/ptII/ptolemy/actor/lib/test/auto/MatrixCropInt.xml
----------------- Instantiating /home/travis/build/icyphy/ptII/ptolemy/actor/lib/test/auto/MatrixCropInt.xml
2 ms. Memory: 496640K Free: 213183K (43%)
----------------- Invoking toplevel() on ptolemy.moml.MoMLSimpleApplication@530bf2f7
----------------- Done invoking toplevel() on ptolemy.moml.MoMLSimpleApplication@530bf2f7
reloadAllAccessors: .MatrixCropInt

===========================================================================================
----------------- testing Tue May 19 14:29:05 UTC 2020 /home/travis/build/icyphy/ptII/ptolemy/actor/lib/test/auto/MatrixCropLong.xml
----------------- Instantiating /home/travis/build/icyphy/ptII/ptolemy/actor/lib/test/auto/MatrixCropLong.xml
2 ms. Memory: 496640K Free: 208063K (42%)
----------------- Invoking toplevel() on ptolemy.moml.MoMLSimpleApplication@122c3615
----------------- Done invoking toplevel() on ptolemy.moml.MoMLSimpleApplication@122c3615
reloadAllAccessors: .MatrixCropLong

===========================================================================================
----------------- testing Tue May 19 14:29:05 UTC 2020 /home/travis/build/icyphy/ptII/ptolemy/actor/lib/test/auto/MatrixToArray.xml
----------------- Instantiating /home/travis/build/icyphy/ptII/ptolemy/actor/lib/test/auto/MatrixToArray.xml
6 ms. Memory: 496640K Free: 192733K (39%)
----------------- Invoking toplevel() on ptolemy.moml.MoMLSimpleApplication@3ab562b1
----------------- Done invoking toplevel() on ptolemy.moml.MoMLSimpleApplication@3ab562b1
reloadAllAccessors: .MatrixToArray

===========================================================================================
----------------- testing Tue May 19 14:29:05 UTC 2020 /home/travis/build/icyphy/ptII/ptolemy/actor/lib/test/auto/MaxIndex.xml
----------------- Instantiating /home/travis/build/icyphy/ptII/ptolemy/actor/lib/test/auto/MaxIndex.xml
2 ms. Memory: 496640K Free: 187613K (38%)
----------------- Invoking toplevel() on ptolemy.moml.MoMLSimpleApplication@72fbdfd1
----------------- Done invoking toplevel() on ptolemy.moml.MoMLSimpleApplication@72fbdfd1
reloadAllAccessors: .MaxIndex

===========================================================================================
----------------- testing Tue May 19 14:29:05 UTC 2020 /home/travis/build/icyphy/ptII/ptolemy/actor/lib/test/auto/Maximum.xml
----------------- Instantiating /home/travis/build/icyphy/ptII/ptolemy/actor/lib/test/auto/Maximum.xml
5 ms. Memory: 496640K Free: 180959K (36%)
----------------- Invoking toplevel() on ptolemy.moml.MoMLSimpleApplication@fb3365f
----------------- Done invoking toplevel() on ptolemy.moml.MoMLSimpleApplication@fb3365f
reloadAllAccessors: .Maximum

===========================================================================================
----------------- testing Tue May 19 14:29:05 UTC 2020 /home/travis/build/icyphy/ptII/ptolemy/actor/lib/test/auto/MaximumComplex.xml
----------------- Instantiating /home/travis/build/icyphy/ptII/ptolemy/actor/lib/test/auto/MaximumComplex.xml
5 ms. Memory: 496640K Free: 174815K (35%)
----------------- Invoking toplevel() on ptolemy.moml.MoMLSimpleApplication@2f37fdbf
----------------- Done invoking toplevel() on ptolemy.moml.MoMLSimpleApplication@2f37fdbf
reloadAllAccessors: .MaximumComplex

===========================================================================================
----------------- testing Tue May 19 14:29:05 UTC 2020 /home/travis/build/icyphy/ptII/ptolemy/actor/lib/test/auto/MethodCallTest.xml
----------------- Instantiating /home/travis/build/icyphy/ptII/ptolemy/actor/lib/test/auto/MethodCallTest.xml
3 ms. Memory: 496640K Free: 168157K (34%)
----------------- Invoking toplevel() on ptolemy.moml.MoMLSimpleApplication@5205d2d6
----------------- Done invoking toplevel() on ptolemy.moml.MoMLSimpleApplication@5205d2d6
reloadAllAccessors: .MethodCallTest

===========================================================================================
----------------- testing Tue May 19 14:29:05 UTC 2020 /home/travis/build/icyphy/ptII/ptolemy/actor/lib/test/auto/Minimum.xml
----------------- Instantiating /home/travis/build/icyphy/ptII/ptolemy/actor/lib/test/auto/Minimum.xml
3 ms. Memory: 496640K Free: 161503K (33%)
----------------- Invoking toplevel() on ptolemy.moml.MoMLSimpleApplication@14a1867d
----------------- Done invoking toplevel() on ptolemy.moml.MoMLSimpleApplication@14a1867d
reloadAllAccessors: .Minimum

===========================================================================================
----------------- testing Tue May 19 14:29:05 UTC 2020 /home/travis/build/icyphy/ptII/ptolemy/actor/lib/test/auto/MinimumComplex.xml
----------------- Instantiating /home/travis/build/icyphy/ptII/ptolemy/actor/lib/test/auto/MinimumComplex.xml
3 ms. Memory: 496640K Free: 155359K (31%)
----------------- Invoking toplevel() on ptolemy.moml.MoMLSimpleApplication@1e3404f5
----------------- Done invoking toplevel() on ptolemy.moml.MoMLSimpleApplication@1e3404f5
reloadAllAccessors: .MinimumComplex

===========================================================================================
----------------- testing Tue May 19 14:29:05 UTC 2020 /home/travis/build/icyphy/ptII/ptolemy/actor/lib/test/auto/MinimumMultiports.xml
----------------- Instantiating /home/travis/build/icyphy/ptII/ptolemy/actor/lib/test/auto/MinimumMultiports.xml
4 ms. Memory: 496640K Free: 438877K (88%)
----------------- Invoking toplevel() on ptolemy.moml.MoMLSimpleApplication@136f5b6e
----------------- Done invoking toplevel() on ptolemy.moml.MoMLSimpleApplication@136f5b6e
reloadAllAccessors: .MinimumMultiports

===========================================================================================
----------------- testing Tue May 19 14:29:05 UTC 2020 /home/travis/build/icyphy/ptII/ptolemy/actor/lib/test/auto/ModifyDate.xml
----------------- Instantiating /home/travis/build/icyphy/ptII/ptolemy/actor/lib/test/auto/ModifyDate.xml
7 ms. Memory: 496640K Free: 425595K (86%)
----------------- Invoking toplevel() on ptolemy.moml.MoMLSimpleApplication@13a0d2e2
----------------- Done invoking toplevel() on ptolemy.moml.MoMLSimpleApplication@13a0d2e2
reloadAllAccessors: .ModifyDate

===========================================================================================
----------------- testing Tue May 19 14:29:05 UTC 2020 /home/travis/build/icyphy/ptII/ptolemy/actor/lib/test/auto/ModifyDate2.xml
----------------- Instantiating /home/travis/build/icyphy/ptII/ptolemy/actor/lib/test/auto/ModifyDate2.xml
6 ms. Memory: 496640K Free: 416893K (84%)
----------------- Invoking toplevel() on ptolemy.moml.MoMLSimpleApplication@20cbdf81
----------------- Done invoking toplevel() on ptolemy.moml.MoMLSimpleApplication@20cbdf81
reloadAllAccessors: .ModifyDate2

===========================================================================================
----------------- testing Tue May 19 14:29:05 UTC 2020 /home/travis/build/icyphy/ptII/ptolemy/actor/lib/test/auto/MovingAverage.xml
----------------- Instantiating /home/travis/build/icyphy/ptII/ptolemy/actor/lib/test/auto/MovingAverage.xml
2 ms. Memory: 496640K Free: 411773K (83%)
----------------- Invoking toplevel() on ptolemy.moml.MoMLSimpleApplication@7730b3ee
----------------- Done invoking toplevel() on ptolemy.moml.MoMLSimpleApplication@7730b3ee
reloadAllAccessors: .MovingAverage

===========================================================================================
----------------- testing Tue May 19 14:29:05 UTC 2020 /home/travis/build/icyphy/ptII/ptolemy/actor/lib/test/auto/MovingMaximum.xml
----------------- Instantiating /home/travis/build/icyphy/ptII/ptolemy/actor/lib/test/auto/MovingMaximum.xml
2 ms. Memory: 496640K Free: 407163K (82%)
----------------- Invoking toplevel() on ptolemy.moml.MoMLSimpleApplication@56f9a76a
----------------- Done invoking toplevel() on ptolemy.moml.MoMLSimpleApplication@56f9a76a
reloadAllAccessors: .MovingMaximum

===========================================================================================
----------------- testing Tue May 19 14:29:05 UTC 2020 /home/travis/build/icyphy/ptII/ptolemy/actor/lib/test/auto/MultipleLinksToSameRelation.xml
----------------- Instantiating /home/travis/build/icyphy/ptII/ptolemy/actor/lib/test/auto/MultipleLinksToSameRelation.xml
3 ms. Memory: 496640K Free: 403067K (81%)
----------------- Invoking toplevel() on ptolemy.moml.MoMLSimpleApplication@4b1a6974
----------------- Done invoking toplevel() on ptolemy.moml.MoMLSimpleApplication@4b1a6974
reloadAllAccessors: .MultipleLinksToSameRelation

===========================================================================================
----------------- testing Tue May 19 14:29:05 UTC 2020 /home/travis/build/icyphy/ptII/ptolemy/actor/lib/test/auto/MultipleLinksToSameRelationDE.xml
----------------- Instantiating /home/travis/build/icyphy/ptII/ptolemy/actor/lib/test/auto/MultipleLinksToSameRelationDE.xml
11 ms. Memory: 496640K Free: 398461K (80%)
----------------- Invoking toplevel() on ptolemy.moml.MoMLSimpleApplication@6fdb4349
----------------- Done invoking toplevel() on ptolemy.moml.MoMLSimpleApplication@6fdb4349
reloadAllAccessors: .MultipleLinksToSameRelationDE

===========================================================================================
----------------- testing Tue May 19 14:29:05 UTC 2020 /home/travis/build/icyphy/ptII/ptolemy/actor/lib/test/auto/Multiplexor.xml
----------------- Instantiating /home/travis/build/icyphy/ptII/ptolemy/actor/lib/test/auto/Multiplexor.xml
1 ms. Memory: 496640K Free: 392827K (79%)
----------------- Invoking toplevel() on ptolemy.moml.MoMLSimpleApplication@7daa9e93
----------------- Done invoking toplevel() on ptolemy.moml.MoMLSimpleApplication@7daa9e93
reloadAllAccessors: .Multiplexor

===========================================================================================
----------------- testing Tue May 19 14:29:05 UTC 2020 /home/travis/build/icyphy/ptII/ptolemy/actor/lib/test/auto/Multiplexor1.xml
----------------- Instantiating /home/travis/build/icyphy/ptII/ptolemy/actor/lib/test/auto/Multiplexor1.xml
2 ms. Memory: 496640K Free: 387197K (78%)
----------------- Invoking toplevel() on ptolemy.moml.MoMLSimpleApplication@40404a62
----------------- Done invoking toplevel() on ptolemy.moml.MoMLSimpleApplication@40404a62
reloadAllAccessors: .Multiplexor1

===========================================================================================
----------------- testing Tue May 19 14:29:05 UTC 2020 /home/travis/build/icyphy/ptII/ptolemy/actor/lib/test/auto/Multiplexor2.xml
----------------- Instantiating /home/travis/build/icyphy/ptII/ptolemy/actor/lib/test/auto/Multiplexor2.xml
5 ms. Memory: 496640K Free: 380536K (77%)
----------------- Invoking toplevel() on ptolemy.moml.MoMLSimpleApplication@32e1573d
----------------- Done invoking toplevel() on ptolemy.moml.MoMLSimpleApplication@32e1573d
reloadAllAccessors: .Multiplexor2

===========================================================================================
----------------- testing Tue May 19 14:29:05 UTC 2020 /home/travis/build/icyphy/ptII/ptolemy/actor/lib/test/auto/Multiplexor3.xml
----------------- Instantiating /home/travis/build/icyphy/ptII/ptolemy/actor/lib/test/auto/Multiplexor3.xml
3 ms. Memory: 496640K Free: 376443K (76%)
----------------- Invoking toplevel() on ptolemy.moml.MoMLSimpleApplication@29a7ba2d
----------------- Done invoking toplevel() on ptolemy.moml.MoMLSimpleApplication@29a7ba2d
reloadAllAccessors: .Multiplexor3

===========================================================================================
----------------- testing Tue May 19 14:29:05 UTC 2020 /home/travis/build/icyphy/ptII/ptolemy/actor/lib/test/auto/MultiplexorDE.xml
----------------- Instantiating /home/travis/build/icyphy/ptII/ptolemy/actor/lib/test/auto/MultiplexorDE.xml
2 ms. Memory: 496640K Free: 368765K (74%)
----------------- Invoking toplevel() on ptolemy.moml.MoMLSimpleApplication@116902d9
----------------- Done invoking toplevel() on ptolemy.moml.MoMLSimpleApplication@116902d9
reloadAllAccessors: .MultiplexorDE

===========================================================================================
----------------- testing Tue May 19 14:29:05 UTC 2020 /home/travis/build/icyphy/ptII/ptolemy/actor/lib/test/auto/MultiportBroadcastTest.xml
----------------- Instantiating /home/travis/build/icyphy/ptII/ptolemy/actor/lib/test/auto/MultiportBroadcastTest.xml
89 ms. Memory: 496640K Free: 362621K (73%)
----------------- Invoking toplevel() on ptolemy.moml.MoMLSimpleApplication@450131d4
----------------- Done invoking toplevel() on ptolemy.moml.MoMLSimpleApplication@450131d4
reloadAllAccessors: .MultiportBroadcastTest

===========================================================================================
----------------- testing Tue May 19 14:29:05 UTC 2020 /home/travis/build/icyphy/ptII/ptolemy/actor/lib/test/auto/MultiportOutHangDuringGetWidth.xml
----------------- Instantiating /home/travis/build/icyphy/ptII/ptolemy/actor/lib/test/auto/MultiportOutHangDuringGetWidth.xml
10 ms. Memory: 496640K Free: 350333K (71%)
----------------- Invoking toplevel() on ptolemy.moml.MoMLSimpleApplication@60b3d331
----------------- Done invoking toplevel() on ptolemy.moml.MoMLSimpleApplication@60b3d331
reloadAllAccessors: .MultiportOutHangDuringGetWidth

===========================================================================================
----------------- testing Tue May 19 14:29:05 UTC 2020 /home/travis/build/icyphy/ptII/ptolemy/actor/lib/test/auto/NilToken.xml
----------------- Instantiating /home/travis/build/icyphy/ptII/ptolemy/actor/lib/test/auto/NilToken.xml
2 ms. Memory: 496640K Free: 346237K (70%)
----------------- Invoking toplevel() on ptolemy.moml.MoMLSimpleApplication@2e24e770
----------------- Done invoking toplevel() on ptolemy.moml.MoMLSimpleApplication@2e24e770
reloadAllAccessors: .NilToken

===========================================================================================
----------------- testing Tue May 19 14:29:05 UTC 2020 /home/travis/build/icyphy/ptII/ptolemy/actor/lib/test/auto/NilTokenNonStrictTest.xml
----------------- Instantiating /home/travis/build/icyphy/ptII/ptolemy/actor/lib/test/auto/NilTokenNonStrictTest.xml
4 ms. Memory: 496640K Free: 341627K (69%)
----------------- Invoking toplevel() on ptolemy.moml.MoMLSimpleApplication@75132f71
----------------- Done invoking toplevel() on ptolemy.moml.MoMLSimpleApplication@75132f71
reloadAllAccessors: .NilTokenNonStrictTest

===========================================================================================
----------------- testing Tue May 19 14:29:05 UTC 2020 /home/travis/build/icyphy/ptII/ptolemy/actor/lib/test/auto/NilTokenRecord.xml
----------------- Instantiating /home/travis/build/icyphy/ptII/ptolemy/actor/lib/test/auto/NilTokenRecord.xml
6 ms. Memory: 496640K Free: 334973K (67%)
----------------- Invoking toplevel() on ptolemy.moml.MoMLSimpleApplication@19ccc63a
----------------- Done invoking toplevel() on ptolemy.moml.MoMLSimpleApplication@19ccc63a
reloadAllAccessors: .NilTokenRecord

===========================================================================================
----------------- testing Tue May 19 14:29:06 UTC 2020 /home/travis/build/icyphy/ptII/ptolemy/actor/lib/test/auto/NilTokenTypeTest.xml
----------------- Instantiating /home/travis/build/icyphy/ptII/ptolemy/actor/lib/test/auto/NilTokenTypeTest.xml
7 ms. Memory: 496640K Free: 325243K (65%)
----------------- Invoking toplevel() on ptolemy.moml.MoMLSimpleApplication@78d039fb
----------------- Done invoking toplevel() on ptolemy.moml.MoMLSimpleApplication@78d039fb
reloadAllAccessors: .NilTokenTypeTest

===========================================================================================
----------------- testing Tue May 19 14:29:06 UTC 2020 /home/travis/build/icyphy/ptII/ptolemy/actor/lib/test/auto/ObjectToken1.xml
----------------- Instantiating /home/travis/build/icyphy/ptII/ptolemy/actor/lib/test/auto/ObjectToken1.xml
1 ms. Memory: 496640K Free: 321147K (65%)
----------------- Invoking toplevel() on ptolemy.moml.MoMLSimpleApplication@7f61c323
----------------- Done invoking toplevel() on ptolemy.moml.MoMLSimpleApplication@7f61c323
reloadAllAccessors: .ObjectToken1

===========================================================================================
----------------- testing Tue May 19 14:29:06 UTC 2020 /home/travis/build/icyphy/ptII/ptolemy/actor/lib/test/auto/OrderedMerge.xml
----------------- Instantiating /home/travis/build/icyphy/ptII/ptolemy/actor/lib/test/auto/OrderedMerge.xml
7 ms. Memory: 496640K Free: 315517K (64%)
----------------- Invoking toplevel() on ptolemy.moml.MoMLSimpleApplication@3936f3bd
----------------- Done invoking toplevel() on ptolemy.moml.MoMLSimpleApplication@3936f3bd
reloadAllAccessors: .OrderedMerge

===========================================================================================
----------------- testing Tue May 19 14:29:06 UTC 2020 /home/travis/build/icyphy/ptII/ptolemy/actor/lib/test/auto/OrderedRecordDisassembler.xml
----------------- Instantiating /home/travis/build/icyphy/ptII/ptolemy/actor/lib/test/auto/OrderedRecordDisassembler.xml
2 ms. Memory: 496640K Free: 310397K (62%)
----------------- Invoking toplevel() on ptolemy.moml.MoMLSimpleApplication@575fa915
----------------- Done invoking toplevel() on ptolemy.moml.MoMLSimpleApplication@575fa915
reloadAllAccessors: .OrderedRecordDisassembler

===========================================================================================
----------------- testing Tue May 19 14:29:06 UTC 2020 /home/travis/build/icyphy/ptII/ptolemy/actor/lib/test/auto/OrderedRecordDisassembler2.xml
----------------- Instantiating /home/travis/build/icyphy/ptII/ptolemy/actor/lib/test/auto/OrderedRecordDisassembler2.xml
4 ms. Memory: 496640K Free: 302715K (61%)
----------------- Invoking toplevel() on ptolemy.moml.MoMLSimpleApplication@1629f4c0
----------------- Done invoking toplevel() on ptolemy.moml.MoMLSimpleApplication@1629f4c0
reloadAllAccessors: .OrderedRecordDisassembler2

===========================================================================================
----------------- testing Tue May 19 14:29:06 UTC 2020 /home/travis/build/icyphy/ptII/ptolemy/actor/lib/test/auto/OrderedRecordUpdater.xml
----------------- Instantiating /home/travis/build/icyphy/ptII/ptolemy/actor/lib/test/auto/OrderedRecordUpdater.xml
1 ms. Memory: 496640K Free: 297595K (60%)
----------------- Invoking toplevel() on ptolemy.moml.MoMLSimpleApplication@1efa2b26
----------------- Done invoking toplevel() on ptolemy.moml.MoMLSimpleApplication@1efa2b26
reloadAllAccessors: .RecordUpdater

===========================================================================================
----------------- testing Tue May 19 14:29:06 UTC 2020 /home/travis/build/icyphy/ptII/ptolemy/actor/lib/test/auto/OrderedRecordUpdater2.xml
----------------- Instantiating /home/travis/build/icyphy/ptII/ptolemy/actor/lib/test/auto/OrderedRecordUpdater2.xml
2 ms. Memory: 496640K Free: 292475K (59%)
----------------- Invoking toplevel() on ptolemy.moml.MoMLSimpleApplication@43c74c6c
----------------- Done invoking toplevel() on ptolemy.moml.MoMLSimpleApplication@43c74c6c
reloadAllAccessors: .RecordUpdater2

===========================================================================================
----------------- testing Tue May 19 14:29:06 UTC 2020 /home/travis/build/icyphy/ptII/ptolemy/actor/lib/test/auto/PhaseUnwrap.xml
----------------- Instantiating /home/travis/build/icyphy/ptII/ptolemy/actor/lib/test/auto/PhaseUnwrap.xml
1 ms. Memory: 496640K Free: 287355K (58%)
----------------- Invoking toplevel() on ptolemy.moml.MoMLSimpleApplication@5c57a6f
----------------- Done invoking toplevel() on ptolemy.moml.MoMLSimpleApplication@5c57a6f
reloadAllAccessors: .PhaseUnwrap

===========================================================================================
----------------- testing Tue May 19 14:29:06 UTC 2020 /home/travis/build/icyphy/ptII/ptolemy/actor/lib/test/auto/PoissonClock.xml
----------------- Instantiating /home/travis/build/icyphy/ptII/ptolemy/actor/lib/test/auto/PoissonClock.xml
1 ms. Memory: 496640K Free: 283259K (57%)
----------------- Invoking toplevel() on ptolemy.moml.MoMLSimpleApplication@1419b974
----------------- Done invoking toplevel() on ptolemy.moml.MoMLSimpleApplication@1419b974
reloadAllAccessors: .PoissonClock

===========================================================================================
----------------- testing Tue May 19 14:29:06 UTC 2020 /home/travis/build/icyphy/ptII/ptolemy/actor/lib/test/auto/PoissonClock2.xml
----------------- Instantiating /home/travis/build/icyphy/ptII/ptolemy/actor/lib/test/auto/PoissonClock2.xml
2 ms. Memory: 496640K Free: 278653K (56%)
----------------- Invoking toplevel() on ptolemy.moml.MoMLSimpleApplication@24cac5b5
----------------- Done invoking toplevel() on ptolemy.moml.MoMLSimpleApplication@24cac5b5
reloadAllAccessors: .PoissonClock2

===========================================================================================
----------------- testing Tue May 19 14:29:06 UTC 2020 /home/travis/build/icyphy/ptII/ptolemy/actor/lib/test/auto/PoissonClock3.xml
----------------- Instantiating /home/travis/build/icyphy/ptII/ptolemy/actor/lib/test/auto/PoissonClock3.xml
2 ms. Memory: 496640K Free: 274043K (55%)
----------------- Invoking toplevel() on ptolemy.moml.MoMLSimpleApplication@5e83d6ac
----------------- Done invoking toplevel() on ptolemy.moml.MoMLSimpleApplication@5e83d6ac
reloadAllAccessors: .PoissonClock3

===========================================================================================
----------------- testing Tue May 19 14:29:06 UTC 2020 /home/travis/build/icyphy/ptII/ptolemy/actor/lib/test/auto/PubSubWithInitialTokens.xml
----------------- Instantiating /home/travis/build/icyphy/ptII/ptolemy/actor/lib/test/auto/PubSubWithInitialTokens.xml
2 ms. Memory: 496640K Free: 268413K (54%)
----------------- Invoking toplevel() on ptolemy.moml.MoMLSimpleApplication@5c6d3d55
----------------- Done invoking toplevel() on ptolemy.moml.MoMLSimpleApplication@5c6d3d55
reloadAllAccessors: .PubSubWithInitialTokens

===========================================================================================
----------------- testing Tue May 19 14:29:06 UTC 2020 /home/travis/build/icyphy/ptII/ptolemy/actor/lib/test/auto/PubSubWithInitialTokens2.xml
----------------- Instantiating /home/travis/build/icyphy/ptII/ptolemy/actor/lib/test/auto/PubSubWithInitialTokens2.xml
5 ms. Memory: 496640K Free: 262269K (53%)
----------------- Invoking toplevel() on ptolemy.moml.MoMLSimpleApplication@5a85b49d
----------------- Done invoking toplevel() on ptolemy.moml.MoMLSimpleApplication@5a85b49d
reloadAllAccessors: .PubSubWithInitialTokens2

===========================================================================================
----------------- testing Tue May 19 14:29:06 UTC 2020 /home/travis/build/icyphy/ptII/ptolemy/actor/lib/test/auto/PublisherClassNoParameter.xml
----------------- Instantiating /home/travis/build/icyphy/ptII/ptolemy/actor/lib/test/auto/PublisherClassNoParameter.xml
2 ms. Memory: 496640K Free: 252525K (51%)
----------------- Invoking toplevel() on ptolemy.moml.MoMLSimpleApplication@20cdead2
----------------- Done invoking toplevel() on ptolemy.moml.MoMLSimpleApplication@20cdead2
reloadAllAccessors: .PublisherClassNoParameter

===========================================================================================
----------------- testing Tue May 19 14:29:06 UTC 2020 /home/travis/build/icyphy/ptII/ptolemy/actor/lib/test/auto/PublisherClassParameter.xml
----------------- Instantiating /home/travis/build/icyphy/ptII/ptolemy/actor/lib/test/auto/PublisherClassParameter.xml
2 ms. Memory: 496640K Free: 242299K (49%)
----------------- Invoking toplevel() on ptolemy.moml.MoMLSimpleApplication@5d79ba99
----------------- Done invoking toplevel() on ptolemy.moml.MoMLSimpleApplication@5d79ba99
reloadAllAccessors: .PublisherClassParameter

===========================================================================================
----------------- testing Tue May 19 14:29:06 UTC 2020 /home/travis/build/icyphy/ptII/ptolemy/actor/lib/test/auto/PublisherNonStrictTest.xml
----------------- Instantiating /home/travis/build/icyphy/ptII/ptolemy/actor/lib/test/auto/PublisherNonStrictTest.xml
3 ms. Memory: 496640K Free: 234621K (47%)
----------------- Invoking toplevel() on ptolemy.moml.MoMLSimpleApplication@3572932
----------------- Done invoking toplevel() on ptolemy.moml.MoMLSimpleApplication@3572932
reloadAllAccessors: .PublisherNonStrictTest

===========================================================================================
----------------- testing Tue May 19 14:29:06 UTC 2020 /home/travis/build/icyphy/ptII/ptolemy/actor/lib/test/auto/PublisherPort1.xml
----------------- Instantiating /home/travis/build/icyphy/ptII/ptolemy/actor/lib/test/auto/PublisherPort1.xml
9 ms. Memory: 496640K Free: 228973K (46%)
----------------- Invoking toplevel() on ptolemy.moml.MoMLSimpleApplication@7448fe32
----------------- Done invoking toplevel() on ptolemy.moml.MoMLSimpleApplication@7448fe32
reloadAllAccessors: .PublisherPort1

===========================================================================================
----------------- testing Tue May 19 14:29:06 UTC 2020 /home/travis/build/icyphy/ptII/ptolemy/actor/lib/test/auto/PublisherPort2.xml
----------------- Instantiating /home/travis/build/icyphy/ptII/ptolemy/actor/lib/test/auto/PublisherPort2.xml
1 ms. Memory: 496640K Free: 223867K (45%)
----------------- Invoking toplevel() on ptolemy.moml.MoMLSimpleApplication@27b22c1e
----------------- Done invoking toplevel() on ptolemy.moml.MoMLSimpleApplication@27b22c1e
reloadAllAccessors: .PublisherPort2

===========================================================================================
----------------- testing Tue May 19 14:29:06 UTC 2020 /home/travis/build/icyphy/ptII/ptolemy/actor/lib/test/auto/PublisherPort3.xml
----------------- Instantiating /home/travis/build/icyphy/ptII/ptolemy/actor/lib/test/auto/PublisherPort3.xml
4 ms. Memory: 496640K Free: 216669K (44%)
----------------- Invoking toplevel() on ptolemy.moml.MoMLSimpleApplication@7c5820e6
----------------- Done invoking toplevel() on ptolemy.moml.MoMLSimpleApplication@7c5820e6
reloadAllAccessors: .PublisherPort3

===========================================================================================
----------------- testing Tue May 19 14:29:06 UTC 2020 /home/travis/build/icyphy/ptII/ptolemy/actor/lib/test/auto/PublisherPort4.xml
----------------- Instantiating /home/travis/build/icyphy/ptII/ptolemy/actor/lib/test/auto/PublisherPort4.xml
2 ms. Memory: 496640K Free: 211069K (42%)
----------------- Invoking toplevel() on ptolemy.moml.MoMLSimpleApplication@27863421
----------------- Done invoking toplevel() on ptolemy.moml.MoMLSimpleApplication@27863421
reloadAllAccessors: .PublisherPort4

===========================================================================================
----------------- testing Tue May 19 14:29:06 UTC 2020 /home/travis/build/icyphy/ptII/ptolemy/actor/lib/test/auto/PublisherPort5.xml
----------------- Instantiating /home/travis/build/icyphy/ptII/ptolemy/actor/lib/test/auto/PublisherPort5.xml
3 ms. Memory: 496640K Free: 203387K (41%)
----------------- Invoking toplevel() on ptolemy.moml.MoMLSimpleApplication@7ad5fcb1
----------------- Done invoking toplevel() on ptolemy.moml.MoMLSimpleApplication@7ad5fcb1
reloadAllAccessors: .PublisherPort5

===========================================================================================
----------------- testing Tue May 19 14:29:06 UTC 2020 /home/travis/build/icyphy/ptII/ptolemy/actor/lib/test/auto/PublisherPort5LookAlike.xml
----------------- Instantiating /home/travis/build/icyphy/ptII/ptolemy/actor/lib/test/auto/PublisherPort5LookAlike.xml
7 ms. Memory: 496640K Free: 195709K (39%)
----------------- Invoking toplevel() on ptolemy.moml.MoMLSimpleApplication@726031d0
----------------- Done invoking toplevel() on ptolemy.moml.MoMLSimpleApplication@726031d0
reloadAllAccessors: .PublisherPort5LookAlike

===========================================================================================
----------------- testing Tue May 19 14:29:06 UTC 2020 /home/travis/build/icyphy/ptII/ptolemy/actor/lib/test/auto/PublisherPort6.xml
----------------- Instantiating /home/travis/build/icyphy/ptII/ptolemy/actor/lib/test/auto/PublisherPort6.xml
2 ms. Memory: 496640K Free: 189037K (38%)
----------------- Invoking toplevel() on ptolemy.moml.MoMLSimpleApplication@32c0ec20
----------------- Done invoking toplevel() on ptolemy.moml.MoMLSimpleApplication@32c0ec20
reloadAllAccessors: .PublisherPort6

===========================================================================================
----------------- testing Tue May 19 14:29:06 UTC 2020 /home/travis/build/icyphy/ptII/ptolemy/actor/lib/test/auto/PublisherPort7.xml
----------------- Instantiating /home/travis/build/icyphy/ptII/ptolemy/actor/lib/test/auto/PublisherPort7.xml
3 ms. Memory: 496640K Free: 181373K (37%)
----------------- Invoking toplevel() on ptolemy.moml.MoMLSimpleApplication@4fab5178
----------------- Done invoking toplevel() on ptolemy.moml.MoMLSimpleApplication@4fab5178
reloadAllAccessors: .PublisherPort7

===========================================================================================
----------------- testing Tue May 19 14:29:06 UTC 2020 /home/travis/build/icyphy/ptII/ptolemy/actor/lib/test/auto/PublisherPort8.xml
----------------- Instantiating /home/travis/build/icyphy/ptII/ptolemy/actor/lib/test/auto/PublisherPort8.xml
4 ms. Memory: 496640K Free: 172667K (35%)
----------------- Invoking toplevel() on ptolemy.moml.MoMLSimpleApplication@2a7ed8b9
----------------- Done invoking toplevel() on ptolemy.moml.MoMLSimpleApplication@2a7ed8b9
reloadAllAccessors: .PublisherPort8

===========================================================================================
----------------- testing Tue May 19 14:29:06 UTC 2020 /home/travis/build/icyphy/ptII/ptolemy/actor/lib/test/auto/PublisherPortSubscriberChannelVariablesAOC2.xml
----------------- Instantiating /home/travis/build/icyphy/ptII/ptolemy/actor/lib/test/auto/PublisherPortSubscriberChannelVariablesAOC2.xml
4 ms. Memory: 496640K Free: 155259K (31%)
----------------- Invoking toplevel() on ptolemy.moml.MoMLSimpleApplication@5ae191ee
----------------- Done invoking toplevel() on ptolemy.moml.MoMLSimpleApplication@5ae191ee
reloadAllAccessors: .PublisherPortSubscriberChannelVariablesAOC2

===========================================================================================
----------------- testing Tue May 19 14:29:06 UTC 2020 /home/travis/build/icyphy/ptII/ptolemy/actor/lib/test/auto/PublisherPortSubscriberOpaqueWidthInference.xml
----------------- Instantiating /home/travis/build/icyphy/ptII/ptolemy/actor/lib/test/auto/PublisherPortSubscriberOpaqueWidthInference.xml
4 ms. Memory: 496640K Free: 438869K (88%)
----------------- Invoking toplevel() on ptolemy.moml.MoMLSimpleApplication@76a107ed
----------------- Done invoking toplevel() on ptolemy.moml.MoMLSimpleApplication@76a107ed
reloadAllAccessors: .PublisherPortSubscriberOpaqueWidthInference

===========================================================================================
----------------- testing Tue May 19 14:29:06 UTC 2020 /home/travis/build/icyphy/ptII/ptolemy/actor/lib/test/auto/PublisherPortSubscriberPortAdjacent.xml
----------------- Instantiating /home/travis/build/icyphy/ptII/ptolemy/actor/lib/test/auto/PublisherPortSubscriberPortAdjacent.xml
2 ms. Memory: 496640K Free: 430181K (87%)
----------------- Invoking toplevel() on ptolemy.moml.MoMLSimpleApplication@2028dcd6
----------------- Done invoking toplevel() on ptolemy.moml.MoMLSimpleApplication@2028dcd6
reloadAllAccessors: .PublisherPortSubscriberPortAdjacent

===========================================================================================
----------------- testing Tue May 19 14:29:06 UTC 2020 /home/travis/build/icyphy/ptII/ptolemy/actor/lib/test/auto/PublisherPortSubscriberPortExpression.xml
----------------- Instantiating /home/travis/build/icyphy/ptII/ptolemy/actor/lib/test/auto/PublisherPortSubscriberPortExpression.xml
6 ms. Memory: 496640K Free: 422485K (85%)
----------------- Invoking toplevel() on ptolemy.moml.MoMLSimpleApplication@3892cd8a
----------------- Done invoking toplevel() on ptolemy.moml.MoMLSimpleApplication@3892cd8a
reloadAllAccessors: .PublisherPortSubscriberPortExpression

===========================================================================================
----------------- testing Tue May 19 14:29:06 UTC 2020 /home/travis/build/icyphy/ptII/ptolemy/actor/lib/test/auto/PublisherPortSubscriberPortOpaqueD3Reverse.xml
----------------- Instantiating /home/travis/build/icyphy/ptII/ptolemy/actor/lib/test/auto/PublisherPortSubscriberPortOpaqueD3Reverse.xml
6 ms. Memory: 496640K Free: 412259K (83%)
----------------- Invoking toplevel() on ptolemy.moml.MoMLSimpleApplication@78d3a8d1
----------------- Done invoking toplevel() on ptolemy.moml.MoMLSimpleApplication@78d3a8d1
reloadAllAccessors: .PublisherPortSubscriberPortOpaqueD3Reverse

===========================================================================================
----------------- testing Tue May 19 14:29:06 UTC 2020 /home/travis/build/icyphy/ptII/ptolemy/actor/lib/test/auto/PublisherPortSubscriberPortOpaqueWidthInference.xml
----------------- Instantiating /home/travis/build/icyphy/ptII/ptolemy/actor/lib/test/auto/PublisherPortSubscriberPortOpaqueWidthInference.xml
3 ms. Memory: 496640K Free: 404581K (81%)
----------------- Invoking toplevel() on ptolemy.moml.MoMLSimpleApplication@31272d79
----------------- Done invoking toplevel() on ptolemy.moml.MoMLSimpleApplication@31272d79
reloadAllAccessors: .PublisherPortSubscriberPortOpaqueWidthInference

===========================================================================================
----------------- testing Tue May 19 14:29:06 UTC 2020 /home/travis/build/icyphy/ptII/ptolemy/actor/lib/test/auto/PublisherPortToplevelSubscriberPortAOC.xml
----------------- Instantiating /home/travis/build/icyphy/ptII/ptolemy/actor/lib/test/auto/PublisherPortToplevelSubscriberPortAOC.xml
.PublisherPortToplevelSubscriberPortAOC.TestExceptionAttribute: initialize() was not invoked, but wrapup() was.  This is unusual, but not always a problem.  For example, exporting JNLP will do this.
1 ms. Memory: 496640K Free: 398947K (80%)
----------------- Invoking toplevel() on ptolemy.moml.MoMLSimpleApplication@422897ba
----------------- Done invoking toplevel() on ptolemy.moml.MoMLSimpleApplication@422897ba
reloadAllAccessors: .PublisherPortToplevelSubscriberPortAOC

===========================================================================================
----------------- testing Tue May 19 14:29:06 UTC 2020 /home/travis/build/icyphy/ptII/ptolemy/actor/lib/test/auto/PublisherSubscriber.xml
----------------- Instantiating /home/travis/build/icyphy/ptII/ptolemy/actor/lib/test/auto/PublisherSubscriber.xml
3 ms. Memory: 496640K Free: 391749K (79%)
----------------- Invoking toplevel() on ptolemy.moml.MoMLSimpleApplication@60141f67
----------------- Done invoking toplevel() on ptolemy.moml.MoMLSimpleApplication@60141f67
reloadAllAccessors: .PublisherSubscriber

===========================================================================================
----------------- testing Tue May 19 14:29:06 UTC 2020 /home/travis/build/icyphy/ptII/ptolemy/actor/lib/test/auto/PublisherSubscriber10.xml
----------------- Instantiating /home/travis/build/icyphy/ptII/ptolemy/actor/lib/test/auto/PublisherSubscriber10.xml
5 ms. Memory: 496640K Free: 381539K (77%)
----------------- Invoking toplevel() on ptolemy.moml.MoMLSimpleApplication@7368733e
----------------- Done invoking toplevel() on ptolemy.moml.MoMLSimpleApplication@7368733e
reloadAllAccessors: .PublisherSubscriber10

===========================================================================================
----------------- testing Tue May 19 14:29:06 UTC 2020 /home/travis/build/icyphy/ptII/ptolemy/actor/lib/test/auto/PublisherSubscriber10InitialOutputs.xml
----------------- Instantiating /home/travis/build/icyphy/ptII/ptolemy/actor/lib/test/auto/PublisherSubscriber10InitialOutputs.xml
15 ms. Memory: 496640K Free: 372323K (75%)
----------------- Invoking toplevel() on ptolemy.moml.MoMLSimpleApplication@7f187e21
----------------- Done invoking toplevel() on ptolemy.moml.MoMLSimpleApplication@7f187e21
reloadAllAccessors: .PublisherSubscriber10InitialOutputs

===========================================================================================
----------------- testing Tue May 19 14:29:06 UTC 2020 /home/travis/build/icyphy/ptII/ptolemy/actor/lib/test/auto/PublisherSubscriber11.xml
----------------- Instantiating /home/travis/build/icyphy/ptII/ptolemy/actor/lib/test/auto/PublisherSubscriber11.xml
2 ms. Memory: 496640K Free: 366149K (74%)
----------------- Invoking toplevel() on ptolemy.moml.MoMLSimpleApplication@6f363330
----------------- Done invoking toplevel() on ptolemy.moml.MoMLSimpleApplication@6f363330
reloadAllAccessors: .PublisherSubscriber11

===========================================================================================
----------------- testing Tue May 19 14:29:06 UTC 2020 /home/travis/build/icyphy/ptII/ptolemy/actor/lib/test/auto/PublisherSubscriber12.xml
----------------- Instantiating /home/travis/build/icyphy/ptII/ptolemy/actor/lib/test/auto/PublisherSubscriber12.xml
3 ms. Memory: 496640K Free: 359525K (72%)
----------------- Invoking toplevel() on ptolemy.moml.MoMLSimpleApplication@566a94b4
----------------- Done invoking toplevel() on ptolemy.moml.MoMLSimpleApplication@566a94b4
reloadAllAccessors: .PublisherSubscriber12

===========================================================================================
----------------- testing Tue May 19 14:29:06 UTC 2020 /home/travis/build/icyphy/ptII/ptolemy/actor/lib/test/auto/PublisherSubscriber13.xml
----------------- Instantiating /home/travis/build/icyphy/ptII/ptolemy/actor/lib/test/auto/PublisherSubscriber13.xml
2 ms. Memory: 496640K Free: 353877K (71%)
----------------- Invoking toplevel() on ptolemy.moml.MoMLSimpleApplication@dd0cf8e
----------------- Done invoking toplevel() on ptolemy.moml.MoMLSimpleApplication@dd0cf8e
reloadAllAccessors: .PublisherSubscriber13

===========================================================================================
----------------- testing Tue May 19 14:29:06 UTC 2020 /home/travis/build/icyphy/ptII/ptolemy/actor/lib/test/auto/PublisherSubscriber14.xml
----------------- Instantiating /home/travis/build/icyphy/ptII/ptolemy/actor/lib/test/auto/PublisherSubscriber14.xml
1 ms. Memory: 496640K Free: 345189K (70%)
----------------- Invoking toplevel() on ptolemy.moml.MoMLSimpleApplication@696f1323
----------------- Done invoking toplevel() on ptolemy.moml.MoMLSimpleApplication@696f1323
reloadAllAccessors: .PublisherSubscriber14

===========================================================================================
----------------- testing Tue May 19 14:29:06 UTC 2020 /home/travis/build/icyphy/ptII/ptolemy/actor/lib/test/auto/PublisherSubscriber2.xml
----------------- Instantiating /home/travis/build/icyphy/ptII/ptolemy/actor/lib/test/auto/PublisherSubscriber2.xml
2 ms. Memory: 496640K Free: 339045K (68%)
----------------- Invoking toplevel() on ptolemy.moml.MoMLSimpleApplication@581a8cae
----------------- Done invoking toplevel() on ptolemy.moml.MoMLSimpleApplication@581a8cae
reloadAllAccessors: .PublisherSubscriber2

===========================================================================================
----------------- testing Tue May 19 14:29:06 UTC 2020 /home/travis/build/icyphy/ptII/ptolemy/actor/lib/test/auto/PublisherSubscriber3.xml
----------------- Instantiating /home/travis/build/icyphy/ptII/ptolemy/actor/lib/test/auto/PublisherSubscriber3.xml
2 ms. Memory: 496640K Free: 333381K (67%)
----------------- Invoking toplevel() on ptolemy.moml.MoMLSimpleApplication@6c1c62df
----------------- Done invoking toplevel() on ptolemy.moml.MoMLSimpleApplication@6c1c62df
reloadAllAccessors: .PublisherSubscriber3

===========================================================================================
----------------- testing Tue May 19 14:29:06 UTC 2020 /home/travis/build/icyphy/ptII/ptolemy/actor/lib/test/auto/PublisherSubscriber4.xml
----------------- Instantiating /home/travis/build/icyphy/ptII/ptolemy/actor/lib/test/auto/PublisherSubscriber4.xml
2 ms. Memory: 496640K Free: 328261K (66%)
----------------- Invoking toplevel() on ptolemy.moml.MoMLSimpleApplication@7d3af46a
----------------- Done invoking toplevel() on ptolemy.moml.MoMLSimpleApplication@7d3af46a
reloadAllAccessors: .PublisherSubscriber4

===========================================================================================
----------------- testing Tue May 19 14:29:06 UTC 2020 /home/travis/build/icyphy/ptII/ptolemy/actor/lib/test/auto/PublisherSubscriber5.xml
----------------- Instantiating /home/travis/build/icyphy/ptII/ptolemy/actor/lib/test/auto/PublisherSubscriber5.xml
2 ms. Memory: 496640K Free: 321637K (65%)
----------------- Invoking toplevel() on ptolemy.moml.MoMLSimpleApplication@5919246f
----------------- Done invoking toplevel() on ptolemy.moml.MoMLSimpleApplication@5919246f
reloadAllAccessors: .PublisherSubscriber5

===========================================================================================
----------------- testing Tue May 19 14:29:06 UTC 2020 /home/travis/build/icyphy/ptII/ptolemy/actor/lib/test/auto/PublisherSubscriber6.xml
----------------- Instantiating /home/travis/build/icyphy/ptII/ptolemy/actor/lib/test/auto/PublisherSubscriber6.xml
4 ms. Memory: 496640K Free: 314979K (63%)
----------------- Invoking toplevel() on ptolemy.moml.MoMLSimpleApplication@37fbdcb5
----------------- Done invoking toplevel() on ptolemy.moml.MoMLSimpleApplication@37fbdcb5
reloadAllAccessors: .PublisherSubscriber6

===========================================================================================
----------------- testing Tue May 19 14:29:06 UTC 2020 /home/travis/build/icyphy/ptII/ptolemy/actor/lib/test/auto/PublisherSubscriber7.xml
----------------- Instantiating /home/travis/build/icyphy/ptII/ptolemy/actor/lib/test/auto/PublisherSubscriber7.xml
7 ms. Memory: 496640K Free: 307811K (62%)
----------------- Invoking toplevel() on ptolemy.moml.MoMLSimpleApplication@a53dbe5
----------------- Done invoking toplevel() on ptolemy.moml.MoMLSimpleApplication@a53dbe5
reloadAllAccessors: .PublisherSubscriber7

===========================================================================================
----------------- testing Tue May 19 14:29:06 UTC 2020 /home/travis/build/icyphy/ptII/ptolemy/actor/lib/test/auto/PublisherSubscriber8.xml
----------------- Instantiating /home/travis/build/icyphy/ptII/ptolemy/actor/lib/test/auto/PublisherSubscriber8.xml
17 ms. Memory: 496640K Free: 296037K (60%)
----------------- Invoking toplevel() on ptolemy.moml.MoMLSimpleApplication@2732be52
----------------- Done invoking toplevel() on ptolemy.moml.MoMLSimpleApplication@2732be52
reloadAllAccessors: .PublisherSubscriber8

===========================================================================================
----------------- testing Tue May 19 14:29:06 UTC 2020 /home/travis/build/icyphy/ptII/ptolemy/actor/lib/test/auto/PublisherSubscriber9.xml
----------------- Instantiating /home/travis/build/icyphy/ptII/ptolemy/actor/lib/test/auto/PublisherSubscriber9.xml
3 ms. Memory: 496640K Free: 288869K (58%)
----------------- Invoking toplevel() on ptolemy.moml.MoMLSimpleApplication@68d18852
----------------- Done invoking toplevel() on ptolemy.moml.MoMLSimpleApplication@68d18852
reloadAllAccessors: .PublisherSubscriber9

===========================================================================================
----------------- testing Tue May 19 14:29:06 UTC 2020 /home/travis/build/icyphy/ptII/ptolemy/actor/lib/test/auto/PublisherSubscriberAdjacent.xml
----------------- Instantiating /home/travis/build/icyphy/ptII/ptolemy/actor/lib/test/auto/PublisherSubscriberAdjacent.xml
2 ms. Memory: 496640K Free: 280677K (57%)
----------------- Invoking toplevel() on ptolemy.moml.MoMLSimpleApplication@65a723d
----------------- Done invoking toplevel() on ptolemy.moml.MoMLSimpleApplication@65a723d
reloadAllAccessors: .PublisherSubscriberAdjacent

===========================================================================================
----------------- testing Tue May 19 14:29:07 UTC 2020 /home/travis/build/icyphy/ptII/ptolemy/actor/lib/test/auto/PublisherSubscriberChannelVariablesAOC2.xml
----------------- Instantiating /home/travis/build/icyphy/ptII/ptolemy/actor/lib/test/auto/PublisherSubscriberChannelVariablesAOC2.xml
3 ms. Memory: 496640K Free: 265317K (53%)
----------------- Invoking toplevel() on ptolemy.moml.MoMLSimpleApplication@27e89656
----------------- Done invoking toplevel() on ptolemy.moml.MoMLSimpleApplication@27e89656
reloadAllAccessors: .PublisherSubscriberChannelVariablesAOC2

===========================================================================================
----------------- testing Tue May 19 14:29:07 UTC 2020 /home/travis/build/icyphy/ptII/ptolemy/actor/lib/test/auto/PublisherSubscriberD3.xml
----------------- Instantiating /home/travis/build/icyphy/ptII/ptolemy/actor/lib/test/auto/PublisherSubscriberD3.xml
2 ms. Memory: 496640K Free: 257635K (52%)
----------------- Invoking toplevel() on ptolemy.moml.MoMLSimpleApplication@4c08e587
----------------- Done invoking toplevel() on ptolemy.moml.MoMLSimpleApplication@4c08e587
reloadAllAccessors: .PublisherSubscriberD3

===========================================================================================
----------------- testing Tue May 19 14:29:07 UTC 2020 /home/travis/build/icyphy/ptII/ptolemy/actor/lib/test/auto/PublisherSubscriberD3Reverse.xml
----------------- Instantiating /home/travis/build/icyphy/ptII/ptolemy/actor/lib/test/auto/PublisherSubscriberD3Reverse.xml
1 ms. Memory: 496640K Free: 251491K (51%)
----------------- Invoking toplevel() on ptolemy.moml.MoMLSimpleApplication@5765f958
----------------- Done invoking toplevel() on ptolemy.moml.MoMLSimpleApplication@5765f958
reloadAllAccessors: .PublisherSubscriberD3Reverse

===========================================================================================
----------------- testing Tue May 19 14:29:07 UTC 2020 /home/travis/build/icyphy/ptII/ptolemy/actor/lib/test/auto/PublisherSubscriberExpression.xml
----------------- Instantiating /home/travis/build/icyphy/ptII/ptolemy/actor/lib/test/auto/PublisherSubscriberExpression.xml
3 ms. Memory: 496640K Free: 242789K (49%)
----------------- Invoking toplevel() on ptolemy.moml.MoMLSimpleApplication@5f015a27
----------------- Done invoking toplevel() on ptolemy.moml.MoMLSimpleApplication@5f015a27
reloadAllAccessors: .PublisherSubscriberExpression

===========================================================================================
----------------- testing Tue May 19 14:29:07 UTC 2020 /home/travis/build/icyphy/ptII/ptolemy/actor/lib/test/auto/PublisherSubscriberOpaque.xml
----------------- Instantiating /home/travis/build/icyphy/ptII/ptolemy/actor/lib/test/auto/PublisherSubscriberOpaque.xml
4 ms. Memory: 496640K Free: 234597K (47%)
----------------- Invoking toplevel() on ptolemy.moml.MoMLSimpleApplication@67ee0971
----------------- Done invoking toplevel() on ptolemy.moml.MoMLSimpleApplication@67ee0971
reloadAllAccessors: .PublisherSubscriberOpaque

===========================================================================================
----------------- testing Tue May 19 14:29:07 UTC 2020 /home/travis/build/icyphy/ptII/ptolemy/actor/lib/test/auto/PublisherSubscriberOpaqueD3.xml
----------------- Instantiating /home/travis/build/icyphy/ptII/ptolemy/actor/lib/test/auto/PublisherSubscriberOpaqueD3.xml
5 ms. Memory: 496640K Free: 223333K (45%)
----------------- Invoking toplevel() on ptolemy.moml.MoMLSimpleApplication@71f86950
----------------- Done invoking toplevel() on ptolemy.moml.MoMLSimpleApplication@71f86950
reloadAllAccessors: .PublisherSubscriberOpaqueD3

===========================================================================================
----------------- testing Tue May 19 14:29:07 UTC 2020 /home/travis/build/icyphy/ptII/ptolemy/actor/lib/test/auto/PublisherSubscriberOpaqueD3Reverse.xml
----------------- Instantiating /home/travis/build/icyphy/ptII/ptolemy/actor/lib/test/auto/PublisherSubscriberOpaqueD3Reverse.xml
9 ms. Memory: 496640K Free: 212069K (43%)
----------------- Invoking toplevel() on ptolemy.moml.MoMLSimpleApplication@1e49c236
----------------- Done invoking toplevel() on ptolemy.moml.MoMLSimpleApplication@1e49c236
reloadAllAccessors: .PublisherSubscriberOpaqueD3Reverse

===========================================================================================
----------------- testing Tue May 19 14:29:07 UTC 2020 /home/travis/build/icyphy/ptII/ptolemy/actor/lib/test/auto/PublisherSubscriberOpaqueWidthInference.xml
----------------- Instantiating /home/travis/build/icyphy/ptII/ptolemy/actor/lib/test/auto/PublisherSubscriberOpaqueWidthInference.xml
5 ms. Memory: 496640K Free: 203877K (41%)
----------------- Invoking toplevel() on ptolemy.moml.MoMLSimpleApplication@2148e1c5
----------------- Done invoking toplevel() on ptolemy.moml.MoMLSimpleApplication@2148e1c5
reloadAllAccessors: .PublisherSubscriberOpaqueWidthInference

===========================================================================================
----------------- testing Tue May 19 14:29:07 UTC 2020 /home/travis/build/icyphy/ptII/ptolemy/actor/lib/test/auto/PublisherTestSubscriber.xml
----------------- Instantiating /home/travis/build/icyphy/ptII/ptolemy/actor/lib/test/auto/PublisherTestSubscriber.xml
6 ms. Memory: 496640K Free: 195685K (39%)
----------------- Invoking toplevel() on ptolemy.moml.MoMLSimpleApplication@7fc735d1
----------------- Done invoking toplevel() on ptolemy.moml.MoMLSimpleApplication@7fc735d1
reloadAllAccessors: .PublisherTestSubscriber

===========================================================================================
----------------- testing Tue May 19 14:29:07 UTC 2020 /home/travis/build/icyphy/ptII/ptolemy/actor/lib/test/auto/PublisherToplevelSubscriberPortAOC.xml
----------------- Instantiating /home/travis/build/icyphy/ptII/ptolemy/actor/lib/test/auto/PublisherToplevelSubscriberPortAOC.xml
1 ms. Memory: 496640K Free: 189541K (38%)
----------------- Invoking toplevel() on ptolemy.moml.MoMLSimpleApplication@5180f321
----------------- Done invoking toplevel() on ptolemy.moml.MoMLSimpleApplication@5180f321
reloadAllAccessors: .PublisherToplevelSubscriberPortAOC

===========================================================================================
----------------- testing Tue May 19 14:29:07 UTC 2020 /home/travis/build/icyphy/ptII/ptolemy/actor/lib/test/auto/PulseFiringLimitDE.xml
----------------- Instantiating /home/travis/build/icyphy/ptII/ptolemy/actor/lib/test/auto/PulseFiringLimitDE.xml
1 ms. Memory: 496640K Free: 183397K (37%)
----------------- Invoking toplevel() on ptolemy.moml.MoMLSimpleApplication@6eefa519
----------------- Done invoking toplevel() on ptolemy.moml.MoMLSimpleApplication@6eefa519
reloadAllAccessors: .PulseFiringLimitDE

===========================================================================================
----------------- testing Tue May 19 14:29:07 UTC 2020 /home/travis/build/icyphy/ptII/ptolemy/actor/lib/test/auto/Ramp1.xml
----------------- Instantiating /home/travis/build/icyphy/ptII/ptolemy/actor/lib/test/auto/Ramp1.xml
1 ms. Memory: 496640K Free: 178781K (36%)
----------------- Invoking toplevel() on ptolemy.moml.MoMLSimpleApplication@29171af9
----------------- Done invoking toplevel() on ptolemy.moml.MoMLSimpleApplication@29171af9
reloadAllAccessors: .Ramp1

===========================================================================================
----------------- testing Tue May 19 14:29:07 UTC 2020 /home/travis/build/icyphy/ptII/ptolemy/actor/lib/test/auto/RampFiringLimitDE.xml
----------------- Instantiating /home/travis/build/icyphy/ptII/ptolemy/actor/lib/test/auto/RampFiringLimitDE.xml
2 ms. Memory: 496640K Free: 172629K (35%)
----------------- Invoking toplevel() on ptolemy.moml.MoMLSimpleApplication@2178465a
----------------- Done invoking toplevel() on ptolemy.moml.MoMLSimpleApplication@2178465a
reloadAllAccessors: .RampFiringLimitDE

===========================================================================================
----------------- testing Tue May 19 14:29:07 UTC 2020 /home/travis/build/icyphy/ptII/ptolemy/actor/lib/test/auto/RampFiringLimitSDF.xml
----------------- Instantiating /home/travis/build/icyphy/ptII/ptolemy/actor/lib/test/auto/RampFiringLimitSDF.xml
2 ms. Memory: 496640K Free: 167509K (34%)
----------------- Invoking toplevel() on ptolemy.moml.MoMLSimpleApplication@6487ed7d
----------------- Done invoking toplevel() on ptolemy.moml.MoMLSimpleApplication@6487ed7d
reloadAllAccessors: .RampFiringLimitSDF

===========================================================================================
----------------- testing Tue May 19 14:29:07 UTC 2020 /home/travis/build/icyphy/ptII/ptolemy/actor/lib/test/auto/RandomInteger.xml
----------------- Instantiating /home/travis/build/icyphy/ptII/ptolemy/actor/lib/test/auto/RandomInteger.xml
1 ms. Memory: 496640K Free: 163427K (33%)
----------------- Invoking toplevel() on ptolemy.moml.MoMLSimpleApplication@37c6c41a
----------------- Done invoking toplevel() on ptolemy.moml.MoMLSimpleApplication@37c6c41a
reloadAllAccessors: .RandomInteger

===========================================================================================
----------------- testing Tue May 19 14:29:07 UTC 2020 /home/travis/build/icyphy/ptII/ptolemy/actor/lib/test/auto/ReadFile1.xml
----------------- Instantiating /home/travis/build/icyphy/ptII/ptolemy/actor/lib/test/auto/ReadFile1.xml
1 ms. Memory: 496640K Free: 158307K (32%)
----------------- Invoking toplevel() on ptolemy.moml.MoMLSimpleApplication@53d90e82
----------------- Done invoking toplevel() on ptolemy.moml.MoMLSimpleApplication@53d90e82
reloadAllAccessors: .ReadFile1

===========================================================================================
----------------- testing Tue May 19 14:29:07 UTC 2020 /home/travis/build/icyphy/ptII/ptolemy/actor/lib/test/auto/ReadFile2.xml
----------------- Instantiating /home/travis/build/icyphy/ptII/ptolemy/actor/lib/test/auto/ReadFile2.xml
1 ms. Memory: 496640K Free: 154211K (31%)
----------------- Invoking toplevel() on ptolemy.moml.MoMLSimpleApplication@517c7695
----------------- Done invoking toplevel() on ptolemy.moml.MoMLSimpleApplication@517c7695
reloadAllAccessors: .ReadFile2

===========================================================================================
----------------- testing Tue May 19 14:29:07 UTC 2020 /home/travis/build/icyphy/ptII/ptolemy/actor/lib/test/auto/Reader.xml
----------------- Instantiating /home/travis/build/icyphy/ptII/ptolemy/actor/lib/test/auto/Reader.xml
actor.lib.Reader is obsolete, use actor.lib.io.ExpressionReader instead
22 ms. Memory: 496640K Free: 441940K (89%)
----------------- Invoking toplevel() on ptolemy.moml.MoMLSimpleApplication@7b189caa
----------------- Done invoking toplevel() on ptolemy.moml.MoMLSimpleApplication@7b189caa
reloadAllAccessors: .Reader

===========================================================================================
----------------- testing Tue May 19 14:29:07 UTC 2020 /home/travis/build/icyphy/ptII/ptolemy/actor/lib/test/auto/RecordAssemblerDisplayNameTest.xml
----------------- Instantiating /home/travis/build/icyphy/ptII/ptolemy/actor/lib/test/auto/RecordAssemblerDisplayNameTest.xml
3471 ms. Memory: 496640K Free: 388672K (78%)
----------------- Invoking toplevel() on ptolemy.moml.MoMLSimpleApplication@36bd1df3
----------------- Done invoking toplevel() on ptolemy.moml.MoMLSimpleApplication@36bd1df3
reloadAllAccessors: .RecordAssemblerDisplayNameTest

===========================================================================================
----------------- testing Tue May 19 14:29:10 UTC 2020 /home/travis/build/icyphy/ptII/ptolemy/actor/lib/test/auto/RecordAssemblerTypeError.xml
----------------- Instantiating /home/travis/build/icyphy/ptII/ptolemy/actor/lib/test/auto/RecordAssemblerTypeError.xml
11 ms. Memory: 496640K Free: 378946K (76%)
----------------- Invoking toplevel() on ptolemy.moml.MoMLSimpleApplication@7636d645
----------------- Done invoking toplevel() on ptolemy.moml.MoMLSimpleApplication@7636d645
reloadAllAccessors: .RecordAssemblerTypeError

===========================================================================================
----------------- testing Tue May 19 14:29:10 UTC 2020 /home/travis/build/icyphy/ptII/ptolemy/actor/lib/test/auto/RecordDisassember.xml
----------------- Instantiating /home/travis/build/icyphy/ptII/ptolemy/actor/lib/test/auto/RecordDisassember.xml
4 ms. Memory: 496640K Free: 374306K (75%)
----------------- Invoking toplevel() on ptolemy.moml.MoMLSimpleApplication@1aa8860f
----------------- Done invoking toplevel() on ptolemy.moml.MoMLSimpleApplication@1aa8860f
reloadAllAccessors: .RecordDisassember

===========================================================================================
----------------- testing Tue May 19 14:29:10 UTC 2020 /home/travis/build/icyphy/ptII/ptolemy/actor/lib/test/auto/RecordDisassemberDisplayNameTest.xml
----------------- Instantiating /home/travis/build/icyphy/ptII/ptolemy/actor/lib/test/auto/RecordDisassemberDisplayNameTest.xml
5 ms. Memory: 496640K Free: 365634K (74%)
----------------- Invoking toplevel() on ptolemy.moml.MoMLSimpleApplication@7f491029
----------------- Done invoking toplevel() on ptolemy.moml.MoMLSimpleApplication@7f491029
reloadAllAccessors: .RecordDisassemberDisplayNameTest

===========================================================================================
----------------- testing Tue May 19 14:29:10 UTC 2020 /home/travis/build/icyphy/ptII/ptolemy/actor/lib/test/auto/RecordDisassembler.xml
----------------- Instantiating /home/travis/build/icyphy/ptII/ptolemy/actor/lib/test/auto/RecordDisassembler.xml
2 ms. Memory: 496640K Free: 360514K (73%)
----------------- Invoking toplevel() on ptolemy.moml.MoMLSimpleApplication@5841cdf0
----------------- Done invoking toplevel() on ptolemy.moml.MoMLSimpleApplication@5841cdf0
reloadAllAccessors: .RecordDisassembler

===========================================================================================
----------------- testing Tue May 19 14:29:10 UTC 2020 /home/travis/build/icyphy/ptII/ptolemy/actor/lib/test/auto/RecordDisassembler2.xml
----------------- Instantiating /home/travis/build/icyphy/ptII/ptolemy/actor/lib/test/auto/RecordDisassembler2.xml
3 ms. Memory: 496640K Free: 355394K (72%)
----------------- Invoking toplevel() on ptolemy.moml.MoMLSimpleApplication@56206803
----------------- Done invoking toplevel() on ptolemy.moml.MoMLSimpleApplication@56206803
reloadAllAccessors: .RecordDisassembler2

===========================================================================================
----------------- testing Tue May 19 14:29:10 UTC 2020 /home/travis/build/icyphy/ptII/ptolemy/actor/lib/test/auto/RecordUpdater.xml
----------------- Instantiating /home/travis/build/icyphy/ptII/ptolemy/actor/lib/test/auto/RecordUpdater.xml
2 ms. Memory: 496640K Free: 350784K (71%)
----------------- Invoking toplevel() on ptolemy.moml.MoMLSimpleApplication@4ecb4aba
----------------- Done invoking toplevel() on ptolemy.moml.MoMLSimpleApplication@4ecb4aba
reloadAllAccessors: .RecordUpdater

===========================================================================================
----------------- testing Tue May 19 14:29:10 UTC 2020 /home/travis/build/icyphy/ptII/ptolemy/actor/lib/test/auto/RecordUpdater2.xml
----------------- Instantiating /home/travis/build/icyphy/ptII/ptolemy/actor/lib/test/auto/RecordUpdater2.xml
2 ms. Memory: 496640K Free: 345664K (70%)
----------------- Invoking toplevel() on ptolemy.moml.MoMLSimpleApplication@338214f0
----------------- Done invoking toplevel() on ptolemy.moml.MoMLSimpleApplication@338214f0
reloadAllAccessors: .RecordUpdater2

===========================================================================================
----------------- testing Tue May 19 14:29:10 UTC 2020 /home/travis/build/icyphy/ptII/ptolemy/actor/lib/test/auto/RecursiveLattice.xml
----------------- Instantiating /home/travis/build/icyphy/ptII/ptolemy/actor/lib/test/auto/RecursiveLattice.xml
2 ms. Memory: 496640K Free: 341568K (69%)
----------------- Invoking toplevel() on ptolemy.moml.MoMLSimpleApplication@3c280dc8
----------------- Done invoking toplevel() on ptolemy.moml.MoMLSimpleApplication@3c280dc8
reloadAllAccessors: .RecursiveLattice

===========================================================================================
----------------- testing Tue May 19 14:29:10 UTC 2020 /home/travis/build/icyphy/ptII/ptolemy/actor/lib/test/auto/Router.xml
----------------- Instantiating /home/travis/build/icyphy/ptII/ptolemy/actor/lib/test/auto/Router.xml
3004 ms. Memory: 496640K Free: 331328K (67%)
----------------- Invoking toplevel() on ptolemy.moml.MoMLSimpleApplication@57abe1fe
----------------- Done invoking toplevel() on ptolemy.moml.MoMLSimpleApplication@57abe1fe
reloadAllAccessors: .Router

===========================================================================================
----------------- testing Tue May 19 14:29:14 UTC 2020 /home/travis/build/icyphy/ptII/ptolemy/actor/lib/test/auto/Router2.xml
----------------- Instantiating /home/travis/build/icyphy/ptII/ptolemy/actor/lib/test/auto/Router2.xml
3003 ms. Memory: 496640K Free: 320578K (65%)
----------------- Invoking toplevel() on ptolemy.moml.MoMLSimpleApplication@79bae172
----------------- Done invoking toplevel() on ptolemy.moml.MoMLSimpleApplication@79bae172
reloadAllAccessors: .Router2

===========================================================================================
----------------- testing Tue May 19 14:29:17 UTC 2020 /home/travis/build/icyphy/ptII/ptolemy/actor/lib/test/auto/RunningMaximum.xml
----------------- Instantiating /home/travis/build/icyphy/ptII/ptolemy/actor/lib/test/auto/RunningMaximum.xml
2 ms. Memory: 496640K Free: 315968K (64%)
----------------- Invoking toplevel() on ptolemy.moml.MoMLSimpleApplication@72aa875a
----------------- Done invoking toplevel() on ptolemy.moml.MoMLSimpleApplication@72aa875a
reloadAllAccessors: .RunningMaximum

===========================================================================================
----------------- testing Tue May 19 14:29:17 UTC 2020 /home/travis/build/icyphy/ptII/ptolemy/actor/lib/test/auto/RunningMinimum.xml
----------------- Instantiating /home/travis/build/icyphy/ptII/ptolemy/actor/lib/test/auto/RunningMinimum.xml
8 ms. Memory: 496640K Free: 311362K (63%)
----------------- Invoking toplevel() on ptolemy.moml.MoMLSimpleApplication@6f5931f8
----------------- Done invoking toplevel() on ptolemy.moml.MoMLSimpleApplication@6f5931f8
reloadAllAccessors: .RunningMinimum

===========================================================================================
----------------- testing Tue May 19 14:29:17 UTC 2020 /home/travis/build/icyphy/ptII/ptolemy/actor/lib/test/auto/Scale.xml
----------------- Instantiating /home/travis/build/icyphy/ptII/ptolemy/actor/lib/test/auto/Scale.xml
1 ms. Memory: 496640K Free: 306752K (62%)
----------------- Invoking toplevel() on ptolemy.moml.MoMLSimpleApplication@849d8ca
----------------- Done invoking toplevel() on ptolemy.moml.MoMLSimpleApplication@849d8ca
reloadAllAccessors: .Scale

===========================================================================================
----------------- testing Tue May 19 14:29:17 UTC 2020 /home/travis/build/icyphy/ptII/ptolemy/actor/lib/test/auto/Scale2.xml
----------------- Instantiating /home/travis/build/icyphy/ptII/ptolemy/actor/lib/test/auto/Scale2.xml
1 ms. Memory: 496640K Free: 301632K (61%)
----------------- Invoking toplevel() on ptolemy.moml.MoMLSimpleApplication@34b6b1d8
----------------- Done invoking toplevel() on ptolemy.moml.MoMLSimpleApplication@34b6b1d8
reloadAllAccessors: .Scale2

===========================================================================================
----------------- testing Tue May 19 14:29:17 UTC 2020 /home/travis/build/icyphy/ptII/ptolemy/actor/lib/test/auto/Scale3.xml
----------------- Instantiating /home/travis/build/icyphy/ptII/ptolemy/actor/lib/test/auto/Scale3.xml
3 ms. Memory: 496640K Free: 295488K (59%)
----------------- Invoking toplevel() on ptolemy.moml.MoMLSimpleApplication@4172556b
----------------- Done invoking toplevel() on ptolemy.moml.MoMLSimpleApplication@4172556b
reloadAllAccessors: .Scale3

===========================================================================================
----------------- testing Tue May 19 14:29:17 UTC 2020 /home/travis/build/icyphy/ptII/ptolemy/actor/lib/test/auto/ScaleArray.xml
----------------- Instantiating /home/travis/build/icyphy/ptII/ptolemy/actor/lib/test/auto/ScaleArray.xml
2 ms. Memory: 496640K Free: 290882K (59%)
----------------- Invoking toplevel() on ptolemy.moml.MoMLSimpleApplication@6b3f666b
----------------- Done invoking toplevel() on ptolemy.moml.MoMLSimpleApplication@6b3f666b
reloadAllAccessors: .ScaleArray

===========================================================================================
----------------- testing Tue May 19 14:29:17 UTC 2020 /home/travis/build/icyphy/ptII/ptolemy/actor/lib/test/auto/ScaleArray2.xml
----------------- Instantiating /home/travis/build/icyphy/ptII/ptolemy/actor/lib/test/auto/ScaleArray2.xml
3 ms. Memory: 496640K Free: 286272K (58%)
----------------- Invoking toplevel() on ptolemy.moml.MoMLSimpleApplication@47c6fcd3
----------------- Done invoking toplevel() on ptolemy.moml.MoMLSimpleApplication@47c6fcd3
reloadAllAccessors: .ScaleArray2

===========================================================================================
----------------- testing Tue May 19 14:29:17 UTC 2020 /home/travis/build/icyphy/ptII/ptolemy/actor/lib/test/auto/ScaleMatrix.xml
----------------- Instantiating /home/travis/build/icyphy/ptII/ptolemy/actor/lib/test/auto/ScaleMatrix.xml
134 ms. Memory: 496640K Free: 272960K (55%)
----------------- Invoking toplevel() on ptolemy.moml.MoMLSimpleApplication@4bdd37aa
----------------- Done invoking toplevel() on ptolemy.moml.MoMLSimpleApplication@4bdd37aa
reloadAllAccessors: .ScaleMatrix

===========================================================================================
----------------- testing Tue May 19 14:29:17 UTC 2020 /home/travis/build/icyphy/ptII/ptolemy/actor/lib/test/auto/Select.xml
----------------- Instantiating /home/travis/build/icyphy/ptII/ptolemy/actor/lib/test/auto/Select.xml
2 ms. Memory: 496640K Free: 266306K (54%)
----------------- Invoking toplevel() on ptolemy.moml.MoMLSimpleApplication@7b558a31
----------------- Done invoking toplevel() on ptolemy.moml.MoMLSimpleApplication@7b558a31
reloadAllAccessors: .Select

===========================================================================================
----------------- testing Tue May 19 14:29:17 UTC 2020 /home/travis/build/icyphy/ptII/ptolemy/actor/lib/test/auto/Select2.xml
----------------- Instantiating /home/travis/build/icyphy/ptII/ptolemy/actor/lib/test/auto/Select2.xml
1 ms. Memory: 496640K Free: 261696K (53%)
----------------- Invoking toplevel() on ptolemy.moml.MoMLSimpleApplication@6baa3538
----------------- Done invoking toplevel() on ptolemy.moml.MoMLSimpleApplication@6baa3538
reloadAllAccessors: .Select2

===========================================================================================
----------------- testing Tue May 19 14:29:17 UTC 2020 /home/travis/build/icyphy/ptII/ptolemy/actor/lib/test/auto/SequenceToArray2.xml
----------------- Instantiating /home/travis/build/icyphy/ptII/ptolemy/actor/lib/test/auto/SequenceToArray2.xml
98 ms. Memory: 496640K Free: 238130K (48%)
----------------- Invoking toplevel() on ptolemy.moml.MoMLSimpleApplication@e6e5ea1
----------------- Done invoking toplevel() on ptolemy.moml.MoMLSimpleApplication@e6e5ea1
reloadAllAccessors: .SequenceToArray2

===========================================================================================
----------------- testing Tue May 19 14:29:17 UTC 2020 /home/travis/build/icyphy/ptII/ptolemy/actor/lib/test/auto/SequentialClock.xml
----------------- Instantiating /home/travis/build/icyphy/ptII/ptolemy/actor/lib/test/auto/SequentialClock.xml
1 ms. Memory: 496640K Free: 234048K (47%)
----------------- Invoking toplevel() on ptolemy.moml.MoMLSimpleApplication@4cc64394
----------------- Done invoking toplevel() on ptolemy.moml.MoMLSimpleApplication@4cc64394
reloadAllAccessors: .SequentialClock

===========================================================================================
----------------- testing Tue May 19 14:29:17 UTC 2020 /home/travis/build/icyphy/ptII/ptolemy/actor/lib/test/auto/SetVariable.xml
----------------- Instantiating /home/travis/build/icyphy/ptII/ptolemy/actor/lib/test/auto/SetVariable.xml
6 ms. Memory: 496640K Free: 228928K (46%)
----------------- Invoking toplevel() on ptolemy.moml.MoMLSimpleApplication@5e3af6f5
----------------- Done invoking toplevel() on ptolemy.moml.MoMLSimpleApplication@5e3af6f5
reloadAllAccessors: .SetVariable

===========================================================================================
----------------- testing Tue May 19 14:29:17 UTC 2020 /home/travis/build/icyphy/ptII/ptolemy/actor/lib/test/auto/SetVariable2.xml
----------------- Instantiating /home/travis/build/icyphy/ptII/ptolemy/actor/lib/test/auto/SetVariable2.xml
3 ms. Memory: 496640K Free: 223808K (45%)
----------------- Invoking toplevel() on ptolemy.moml.MoMLSimpleApplication@74212f6a
----------------- Done invoking toplevel() on ptolemy.moml.MoMLSimpleApplication@74212f6a
reloadAllAccessors: .SetVariable2

===========================================================================================
----------------- testing Tue May 19 14:29:17 UTC 2020 /home/travis/build/icyphy/ptII/ptolemy/actor/lib/test/auto/SetVariable3.xml
----------------- Instantiating /home/travis/build/icyphy/ptII/ptolemy/actor/lib/test/auto/SetVariable3.xml
6 ms. Memory: 496640K Free: 218688K (44%)
----------------- Invoking toplevel() on ptolemy.moml.MoMLSimpleApplication@72aec94b
----------------- Done invoking toplevel() on ptolemy.moml.MoMLSimpleApplication@72aec94b
reloadAllAccessors: .SetVariable3

===========================================================================================
----------------- testing Tue May 19 14:29:17 UTC 2020 /home/travis/build/icyphy/ptII/ptolemy/actor/lib/test/auto/SetVariable4.xml
----------------- Instantiating /home/travis/build/icyphy/ptII/ptolemy/actor/lib/test/auto/SetVariable4.xml
18 ms. Memory: 496640K Free: 208962K (42%)
----------------- Invoking toplevel() on ptolemy.moml.MoMLSimpleApplication@61cfd31f
----------------- Done invoking toplevel() on ptolemy.moml.MoMLSimpleApplication@61cfd31f
reloadAllAccessors: .SetVariable4

===========================================================================================
----------------- testing Tue May 19 14:29:17 UTC 2020 /home/travis/build/icyphy/ptII/ptolemy/actor/lib/test/auto/SetVariable5.xml
----------------- Instantiating /home/travis/build/icyphy/ptII/ptolemy/actor/lib/test/auto/SetVariable5.xml
20 ms. Memory: 496640K Free: 199746K (40%)
----------------- Invoking toplevel() on ptolemy.moml.MoMLSimpleApplication@5c5de636
----------------- Done invoking toplevel() on ptolemy.moml.MoMLSimpleApplication@5c5de636
reloadAllAccessors: .SetVariable5

===========================================================================================
----------------- testing Tue May 19 14:29:17 UTC 2020 /home/travis/build/icyphy/ptII/ptolemy/actor/lib/test/auto/Sinewave.xml
----------------- Instantiating /home/travis/build/icyphy/ptII/ptolemy/actor/lib/test/auto/Sinewave.xml
4 ms. Memory: 496640K Free: 188992K (38%)
----------------- Invoking toplevel() on ptolemy.moml.MoMLSimpleApplication@45e233ae
----------------- Done invoking toplevel() on ptolemy.moml.MoMLSimpleApplication@45e233ae
reloadAllAccessors: .Sinewave

===========================================================================================
----------------- testing Tue May 19 14:29:17 UTC 2020 /home/travis/build/icyphy/ptII/ptolemy/actor/lib/test/auto/Sinewave2.xml
----------------- Instantiating /home/travis/build/icyphy/ptII/ptolemy/actor/lib/test/auto/Sinewave2.xml
7 ms. Memory: 496640K Free: 181314K (37%)
----------------- Invoking toplevel() on ptolemy.moml.MoMLSimpleApplication@7a087026
----------------- Done invoking toplevel() on ptolemy.moml.MoMLSimpleApplication@7a087026
reloadAllAccessors: .Sinewave2

===========================================================================================
----------------- testing Tue May 19 14:29:17 UTC 2020 /home/travis/build/icyphy/ptII/ptolemy/actor/lib/test/auto/Sinewave3.xml
----------------- Instantiating /home/travis/build/icyphy/ptII/ptolemy/actor/lib/test/auto/Sinewave3.xml
10 ms. Memory: 496640K Free: 173122K (35%)
----------------- Invoking toplevel() on ptolemy.moml.MoMLSimpleApplication@264fe155
----------------- Done invoking toplevel() on ptolemy.moml.MoMLSimpleApplication@264fe155
reloadAllAccessors: .Sinewave3

===========================================================================================
----------------- testing Tue May 19 14:29:17 UTC 2020 /home/travis/build/icyphy/ptII/ptolemy/actor/lib/test/auto/SingleEvent.xml
----------------- Instantiating /home/travis/build/icyphy/ptII/ptolemy/actor/lib/test/auto/SingleEvent.xml
1 ms. Memory: 496640K Free: 169026K (34%)
----------------- Invoking toplevel() on ptolemy.moml.MoMLSimpleApplication@31a8cded
----------------- Done invoking toplevel() on ptolemy.moml.MoMLSimpleApplication@31a8cded
reloadAllAccessors: .SingleEvent

===========================================================================================
----------------- testing Tue May 19 14:29:17 UTC 2020 /home/travis/build/icyphy/ptII/ptolemy/actor/lib/test/auto/Sleep.xml
----------------- Instantiating /home/travis/build/icyphy/ptII/ptolemy/actor/lib/test/auto/Sleep.xml
6003 ms. Memory: 496640K Free: 163362K (33%)
----------------- Invoking toplevel() on ptolemy.moml.MoMLSimpleApplication@3106e1d8
----------------- Done invoking toplevel() on ptolemy.moml.MoMLSimpleApplication@3106e1d8
reloadAllAccessors: .Sleep

===========================================================================================
----------------- testing Tue May 19 14:29:23 UTC 2020 /home/travis/build/icyphy/ptII/ptolemy/actor/lib/test/auto/SleepMultipleFire.xml
----------------- Instantiating /home/travis/build/icyphy/ptII/ptolemy/actor/lib/test/auto/SleepMultipleFire.xml
1004 ms. Memory: 496640K Free: 157762K (32%)
----------------- Invoking toplevel() on ptolemy.moml.MoMLSimpleApplication@7a315af7
----------------- Done invoking toplevel() on ptolemy.moml.MoMLSimpleApplication@7a315af7
reloadAllAccessors: .SleepMultipleFire

===========================================================================================
----------------- testing Tue May 19 14:29:24 UTC 2020 /home/travis/build/icyphy/ptII/ptolemy/actor/lib/test/auto/StopDE.xml
----------------- Instantiating /home/travis/build/icyphy/ptII/ptolemy/actor/lib/test/auto/StopDE.xml
3 ms. Memory: 496640K Free: 152128K (31%)
----------------- Invoking toplevel() on ptolemy.moml.MoMLSimpleApplication@4c401e3b
----------------- Done invoking toplevel() on ptolemy.moml.MoMLSimpleApplication@4c401e3b
reloadAllAccessors: .StopDE

===========================================================================================
----------------- testing Tue May 19 14:29:24 UTC 2020 /home/travis/build/icyphy/ptII/ptolemy/actor/lib/test/auto/StopSDF.xml
----------------- Instantiating /home/travis/build/icyphy/ptII/ptolemy/actor/lib/test/auto/StopSDF.xml
10 ms. Memory: 496640K Free: 438326K (88%)
----------------- Invoking toplevel() on ptolemy.moml.MoMLSimpleApplication@44032d6c
----------------- Done invoking toplevel() on ptolemy.moml.MoMLSimpleApplication@44032d6c
reloadAllAccessors: .StopSDF

===========================================================================================
----------------- testing Tue May 19 14:29:24 UTC 2020 /home/travis/build/icyphy/ptII/ptolemy/actor/lib/test/auto/StringConstant.xml
----------------- Instantiating /home/travis/build/icyphy/ptII/ptolemy/actor/lib/test/auto/StringConstant.xml
9 ms. Memory: 496640K Free: 433718K (87%)
----------------- Invoking toplevel() on ptolemy.moml.MoMLSimpleApplication@49706d08
----------------- Done invoking toplevel() on ptolemy.moml.MoMLSimpleApplication@49706d08
reloadAllAccessors: .StringConstant

===========================================================================================
----------------- testing Tue May 19 14:29:24 UTC 2020 /home/travis/build/icyphy/ptII/ptolemy/actor/lib/test/auto/SubscriberPortInitialValues1.xml
----------------- Instantiating /home/travis/build/icyphy/ptII/ptolemy/actor/lib/test/auto/SubscriberPortInitialValues1.xml
7 ms. Memory: 496640K Free: 425014K (86%)
----------------- Invoking toplevel() on ptolemy.moml.MoMLSimpleApplication@26e8de14
----------------- Done invoking toplevel() on ptolemy.moml.MoMLSimpleApplication@26e8de14
reloadAllAccessors: .SubscriberPortInitialValues1

===========================================================================================
----------------- testing Tue May 19 14:29:24 UTC 2020 /home/travis/build/icyphy/ptII/ptolemy/actor/lib/test/auto/SubscriberPortInitialValues13.xml
----------------- Instantiating /home/travis/build/icyphy/ptII/ptolemy/actor/lib/test/auto/SubscriberPortInitialValues13.xml
4 ms. Memory: 496640K Free: 411192K (83%)
----------------- Invoking toplevel() on ptolemy.moml.MoMLSimpleApplication@7ae9fa7e
----------------- Done invoking toplevel() on ptolemy.moml.MoMLSimpleApplication@7ae9fa7e
reloadAllAccessors: .SubscriberPortInitialValues13

===========================================================================================
----------------- testing Tue May 19 14:29:24 UTC 2020 /home/travis/build/icyphy/ptII/ptolemy/actor/lib/test/auto/SubscriberPortInitialValues14.xml
----------------- Instantiating /home/travis/build/icyphy/ptII/ptolemy/actor/lib/test/auto/SubscriberPortInitialValues14.xml
3 ms. Memory: 496640K Free: 403000K (81%)
----------------- Invoking toplevel() on ptolemy.moml.MoMLSimpleApplication@538589e9
----------------- Done invoking toplevel() on ptolemy.moml.MoMLSimpleApplication@538589e9
reloadAllAccessors: .SubscriberPortInitialValues14

===========================================================================================
----------------- testing Tue May 19 14:29:24 UTC 2020 /home/travis/build/icyphy/ptII/ptolemy/actor/lib/test/auto/SubscriberPortInitialValues2.xml
----------------- Instantiating /home/travis/build/icyphy/ptII/ptolemy/actor/lib/test/auto/SubscriberPortInitialValues2.xml
6 ms. Memory: 496640K Free: 395318K (80%)
----------------- Invoking toplevel() on ptolemy.moml.MoMLSimpleApplication@59f560cf
----------------- Done invoking toplevel() on ptolemy.moml.MoMLSimpleApplication@59f560cf
reloadAllAccessors: .SubscriberPortInitialValues2

===========================================================================================
----------------- testing Tue May 19 14:29:24 UTC 2020 /home/travis/build/icyphy/ptII/ptolemy/actor/lib/test/auto/SubscriberPortInitialValues3.xml
----------------- Instantiating /home/travis/build/icyphy/ptII/ptolemy/actor/lib/test/auto/SubscriberPortInitialValues3.xml
5 ms. Memory: 496640K Free: 384568K (77%)
----------------- Invoking toplevel() on ptolemy.moml.MoMLSimpleApplication@15a05b3f
----------------- Done invoking toplevel() on ptolemy.moml.MoMLSimpleApplication@15a05b3f
reloadAllAccessors: .SubscriberPortInitialValues3

===========================================================================================
----------------- testing Tue May 19 14:29:24 UTC 2020 /home/travis/build/icyphy/ptII/ptolemy/actor/lib/test/auto/SubscriptionAggregator.xml
----------------- Instantiating /home/travis/build/icyphy/ptII/ptolemy/actor/lib/test/auto/SubscriptionAggregator.xml
2 ms. Memory: 496640K Free: 377896K (76%)
----------------- Invoking toplevel() on ptolemy.moml.MoMLSimpleApplication@3de5d4a8
----------------- Done invoking toplevel() on ptolemy.moml.MoMLSimpleApplication@3de5d4a8
reloadAllAccessors: .SubscriptionAggregator

===========================================================================================
----------------- testing Tue May 19 14:29:24 UTC 2020 /home/travis/build/icyphy/ptII/ptolemy/actor/lib/test/auto/SubscriptionAggregator2.xml
----------------- Instantiating /home/travis/build/icyphy/ptII/ptolemy/actor/lib/test/auto/SubscriptionAggregator2.xml
2 ms. Memory: 496640K Free: 370232K (75%)
----------------- Invoking toplevel() on ptolemy.moml.MoMLSimpleApplication@346350f4
----------------- Done invoking toplevel() on ptolemy.moml.MoMLSimpleApplication@346350f4
reloadAllAccessors: .SubscriptionAggregator2

===========================================================================================
----------------- testing Tue May 19 14:29:24 UTC 2020 /home/travis/build/icyphy/ptII/ptolemy/actor/lib/test/auto/SubscriptionAggregator3.xml
----------------- Instantiating /home/travis/build/icyphy/ptII/ptolemy/actor/lib/test/auto/SubscriptionAggregator3.xml
4 ms. Memory: 496640K Free: 361520K (73%)
----------------- Invoking toplevel() on ptolemy.moml.MoMLSimpleApplication@239456b9
----------------- Done invoking toplevel() on ptolemy.moml.MoMLSimpleApplication@239456b9
reloadAllAccessors: .SubscriptionAggregator3

===========================================================================================
----------------- testing Tue May 19 14:29:24 UTC 2020 /home/travis/build/icyphy/ptII/ptolemy/actor/lib/test/auto/SubscriptionAggregatorMultiply.xml
----------------- Instantiating /home/travis/build/icyphy/ptII/ptolemy/actor/lib/test/auto/SubscriptionAggregatorMultiply.xml
9 ms. Memory: 496640K Free: 353328K (71%)
----------------- Invoking toplevel() on ptolemy.moml.MoMLSimpleApplication@70f37e88
----------------- Done invoking toplevel() on ptolemy.moml.MoMLSimpleApplication@70f37e88
reloadAllAccessors: .SubscriptionAggregatorMultiply

===========================================================================================
----------------- testing Tue May 19 14:29:25 UTC 2020 /home/travis/build/icyphy/ptII/ptolemy/actor/lib/test/auto/SubscriptionAggregatorPortMultiply1.xml
----------------- Instantiating /home/travis/build/icyphy/ptII/ptolemy/actor/lib/test/auto/SubscriptionAggregatorPortMultiply1.xml
4 ms. Memory: 496640K Free: 344632K (69%)
----------------- Invoking toplevel() on ptolemy.moml.MoMLSimpleApplication@739a0b85
----------------- Done invoking toplevel() on ptolemy.moml.MoMLSimpleApplication@739a0b85
reloadAllAccessors: .SubscriptionAggregatorPortMultiply1

===========================================================================================
----------------- testing Tue May 19 14:29:25 UTC 2020 /home/travis/build/icyphy/ptII/ptolemy/actor/lib/test/auto/Switch.xml
----------------- Instantiating /home/travis/build/icyphy/ptII/ptolemy/actor/lib/test/auto/Switch.xml
11 ms. Memory: 496640K Free: 336440K (68%)
----------------- Invoking toplevel() on ptolemy.moml.MoMLSimpleApplication@373c1af7
----------------- Done invoking toplevel() on ptolemy.moml.MoMLSimpleApplication@373c1af7
reloadAllAccessors: .Switch

===========================================================================================
----------------- testing Tue May 19 14:29:25 UTC 2020 /home/travis/build/icyphy/ptII/ptolemy/actor/lib/test/auto/Switch2.xml
----------------- Instantiating /home/travis/build/icyphy/ptII/ptolemy/actor/lib/test/auto/Switch2.xml
0 ms. Memory: 496640K Free: 331830K (67%)
----------------- Invoking toplevel() on ptolemy.moml.MoMLSimpleApplication@50a10ee9
----------------- Done invoking toplevel() on ptolemy.moml.MoMLSimpleApplication@50a10ee9
reloadAllAccessors: .Switch2

===========================================================================================
----------------- testing Tue May 19 14:29:25 UTC 2020 /home/travis/build/icyphy/ptII/ptolemy/actor/lib/test/auto/SwitchDE.xml
----------------- Instantiating /home/travis/build/icyphy/ptII/ptolemy/actor/lib/test/auto/SwitchDE.xml
4 ms. Memory: 496640K Free: 325672K (66%)
----------------- Invoking toplevel() on ptolemy.moml.MoMLSimpleApplication@4b80dc79
----------------- Done invoking toplevel() on ptolemy.moml.MoMLSimpleApplication@4b80dc79
reloadAllAccessors: .SwitchDE

===========================================================================================
----------------- testing Tue May 19 14:29:25 UTC 2020 /home/travis/build/icyphy/ptII/ptolemy/actor/lib/test/auto/SynchronizerDE.xml
----------------- Instantiating /home/travis/build/icyphy/ptII/ptolemy/actor/lib/test/auto/SynchronizerDE.xml
7 ms. Memory: 496640K Free: 316984K (64%)
----------------- Invoking toplevel() on ptolemy.moml.MoMLSimpleApplication@dbbde62
----------------- Done invoking toplevel() on ptolemy.moml.MoMLSimpleApplication@dbbde62
reloadAllAccessors: .SynchronizerDE

===========================================================================================
----------------- testing Tue May 19 14:29:25 UTC 2020 /home/travis/build/icyphy/ptII/ptolemy/actor/lib/test/auto/Test.xml
----------------- Instantiating /home/travis/build/icyphy/ptII/ptolemy/actor/lib/test/auto/Test.xml
1 ms. Memory: 496640K Free: 311864K (63%)
----------------- Invoking toplevel() on ptolemy.moml.MoMLSimpleApplication@2cc9e286
----------------- Done invoking toplevel() on ptolemy.moml.MoMLSimpleApplication@2cc9e286
reloadAllAccessors: .Test

===========================================================================================
----------------- testing Tue May 19 14:29:25 UTC 2020 /home/travis/build/icyphy/ptII/ptolemy/actor/lib/test/auto/TestExceptionAttribute1.xml
----------------- Instantiating /home/travis/build/icyphy/ptII/ptolemy/actor/lib/test/auto/TestExceptionAttribute1.xml
1 ms. Memory: 496640K Free: 308278K (62%)
----------------- Invoking toplevel() on ptolemy.moml.MoMLSimpleApplication@353fed49
----------------- Done invoking toplevel() on ptolemy.moml.MoMLSimpleApplication@353fed49
reloadAllAccessors: .TestExceptionAttribute1

===========================================================================================
----------------- testing Tue May 19 14:29:25 UTC 2020 /home/travis/build/icyphy/ptII/ptolemy/actor/lib/test/auto/TestExceptionAttribute2.xml
----------------- Instantiating /home/travis/build/icyphy/ptII/ptolemy/actor/lib/test/auto/TestExceptionAttribute2.xml
1 ms. Memory: 496640K Free: 304182K (61%)
----------------- Invoking toplevel() on ptolemy.moml.MoMLSimpleApplication@3f92dc24
----------------- Done invoking toplevel() on ptolemy.moml.MoMLSimpleApplication@3f92dc24
reloadAllAccessors: .TestExceptionAttribute2

===========================================================================================
----------------- testing Tue May 19 14:29:25 UTC 2020 /home/travis/build/icyphy/ptII/ptolemy/actor/lib/test/auto/TestExceptionAttribute3.xml
----------------- Instantiating /home/travis/build/icyphy/ptII/ptolemy/actor/lib/test/auto/TestExceptionAttribute3.xml
.TestExceptionAttribute3.TestExceptionAttribute: initialize() was not invoked, but wrapup() was.  This is unusual, but not always a problem.  For example, exporting JNLP will do this.
0 ms. Memory: 496640K Free: 300600K (61%)
----------------- Invoking toplevel() on ptolemy.moml.MoMLSimpleApplication@6072362e
----------------- Done invoking toplevel() on ptolemy.moml.MoMLSimpleApplication@6072362e
reloadAllAccessors: .TestExceptionAttribute3

===========================================================================================
----------------- testing Tue May 19 14:29:25 UTC 2020 /home/travis/build/icyphy/ptII/ptolemy/actor/lib/test/auto/TestExceptionAttribute4.xml
----------------- Instantiating /home/travis/build/icyphy/ptII/ptolemy/actor/lib/test/auto/TestExceptionAttribute4.xml
.TestExceptionAttribute4.TestExceptionAttribute: initialize() was not invoked, but wrapup() was.  This is unusual, but not always a problem.  For example, exporting JNLP will do this.
.TestExceptionAttribute4.TestExceptionAttribute2: initialize() was not invoked, but wrapup() was.  This is unusual, but not always a problem.  For example, exporting JNLP will do this.
1 ms. Memory: 496640K Free: 296504K (60%)
----------------- Invoking toplevel() on ptolemy.moml.MoMLSimpleApplication@6074b02f
----------------- Done invoking toplevel() on ptolemy.moml.MoMLSimpleApplication@6074b02f
reloadAllAccessors: .TestExceptionAttribute4

===========================================================================================
----------------- testing Tue May 19 14:29:25 UTC 2020 /home/travis/build/icyphy/ptII/ptolemy/actor/lib/test/auto/TestExceptionHandler1.xml
----------------- Instantiating /home/travis/build/icyphy/ptII/ptolemy/actor/lib/test/auto/TestExceptionHandler1.xml
0 ms. Memory: 496640K Free: 292408K (59%)
----------------- Invoking toplevel() on ptolemy.moml.MoMLSimpleApplication@dbd00cf
----------------- Done invoking toplevel() on ptolemy.moml.MoMLSimpleApplication@dbd00cf
reloadAllAccessors: .TestExceptionHandler1

===========================================================================================
----------------- testing Tue May 19 14:29:25 UTC 2020 /home/travis/build/icyphy/ptII/ptolemy/actor/lib/test/auto/TestExceptionHandler2.xml
----------------- Instantiating /home/travis/build/icyphy/ptII/ptolemy/actor/lib/test/auto/TestExceptionHandler2.xml
1 ms. Memory: 496640K Free: 288822K (58%)
----------------- Invoking toplevel() on ptolemy.moml.MoMLSimpleApplication@6a24b5ee
----------------- Done invoking toplevel() on ptolemy.moml.MoMLSimpleApplication@6a24b5ee
reloadAllAccessors: .TestExceptionHandler2

===========================================================================================
----------------- testing Tue May 19 14:29:25 UTC 2020 /home/travis/build/icyphy/ptII/ptolemy/actor/lib/test/auto/TestExceptionHandler3.xml
----------------- Instantiating /home/travis/build/icyphy/ptII/ptolemy/actor/lib/test/auto/TestExceptionHandler3.xml
0 ms. Memory: 496640K Free: 285240K (57%)
----------------- Invoking toplevel() on ptolemy.moml.MoMLSimpleApplication@55255468
----------------- Done invoking toplevel() on ptolemy.moml.MoMLSimpleApplication@55255468
reloadAllAccessors: .TestExceptionHandler3

===========================================================================================
----------------- testing Tue May 19 14:29:25 UTC 2020 /home/travis/build/icyphy/ptII/ptolemy/actor/lib/test/auto/TestExceptionHandler4.xml
----------------- Instantiating /home/travis/build/icyphy/ptII/ptolemy/actor/lib/test/auto/TestExceptionHandler4.xml
0 ms. Memory: 496640K Free: 280630K (57%)
----------------- Invoking toplevel() on ptolemy.moml.MoMLSimpleApplication@18872747
----------------- Done invoking toplevel() on ptolemy.moml.MoMLSimpleApplication@18872747
reloadAllAccessors: .TestExceptionHandler4

===========================================================================================
----------------- testing Tue May 19 14:29:25 UTC 2020 /home/travis/build/icyphy/ptII/ptolemy/actor/lib/test/auto/TestRequireCorrectOrder.xml
----------------- Instantiating /home/travis/build/icyphy/ptII/ptolemy/actor/lib/test/auto/TestRequireCorrectOrder.xml
6 ms. Memory: 496640K Free: 275496K (55%)
----------------- Invoking toplevel() on ptolemy.moml.MoMLSimpleApplication@3a9f0364
----------------- Done invoking toplevel() on ptolemy.moml.MoMLSimpleApplication@3a9f0364
reloadAllAccessors: .TestRequireCorrectOrder

===========================================================================================
----------------- testing Tue May 19 14:29:25 UTC 2020 /home/travis/build/icyphy/ptII/ptolemy/actor/lib/test/auto/TestSimple.xml
----------------- Instantiating /home/travis/build/icyphy/ptII/ptolemy/actor/lib/test/auto/TestSimple.xml
2 ms. Memory: 496640K Free: 270904K (55%)
----------------- Invoking toplevel() on ptolemy.moml.MoMLSimpleApplication@6ddd575a
----------------- Done invoking toplevel() on ptolemy.moml.MoMLSimpleApplication@6ddd575a
reloadAllAccessors: .TestSimple

===========================================================================================
----------------- testing Tue May 19 14:29:25 UTC 2020 /home/travis/build/icyphy/ptII/ptolemy/actor/lib/test/auto/ThrowModelError.xml
----------------- Instantiating /home/travis/build/icyphy/ptII/ptolemy/actor/lib/test/auto/ThrowModelError.xml
2 ms. Memory: 496640K Free: 265784K (54%)
----------------- Invoking toplevel() on ptolemy.moml.MoMLSimpleApplication@6be6ba8e
----------------- Done invoking toplevel() on ptolemy.moml.MoMLSimpleApplication@6be6ba8e
reloadAllAccessors: .ThrowModelError

===========================================================================================
----------------- testing Tue May 19 14:29:25 UTC 2020 /home/travis/build/icyphy/ptII/ptolemy/actor/lib/test/auto/TimeDelayMicrosteps.xml
----------------- Instantiating /home/travis/build/icyphy/ptII/ptolemy/actor/lib/test/auto/TimeDelayMicrosteps.xml
3 ms. Memory: 496640K Free: 259096K (52%)
----------------- Invoking toplevel() on ptolemy.moml.MoMLSimpleApplication@1299cd32
----------------- Done invoking toplevel() on ptolemy.moml.MoMLSimpleApplication@1299cd32
reloadAllAccessors: .TimeDelayMicrosteps

===========================================================================================
----------------- testing Tue May 19 14:29:25 UTC 2020 /home/travis/build/icyphy/ptII/ptolemy/actor/lib/test/auto/TimeDelayMicrosteps2.xml
----------------- Instantiating /home/travis/build/icyphy/ptII/ptolemy/actor/lib/test/auto/TimeDelayMicrosteps2.xml
4 ms. Memory: 496640K Free: 251952K (51%)
----------------- Invoking toplevel() on ptolemy.moml.MoMLSimpleApplication@61fb2408
----------------- Done invoking toplevel() on ptolemy.moml.MoMLSimpleApplication@61fb2408
reloadAllAccessors: .TimeDelayMicrosteps2

===========================================================================================
----------------- testing Tue May 19 14:29:25 UTC 2020 /home/travis/build/icyphy/ptII/ptolemy/actor/lib/test/auto/TimeDelayMicrosteps3.xml
----------------- Instantiating /home/travis/build/icyphy/ptII/ptolemy/actor/lib/test/auto/TimeDelayMicrosteps3.xml
3 ms. Memory: 496640K Free: 244760K (49%)
----------------- Invoking toplevel() on ptolemy.moml.MoMLSimpleApplication@4f38b539
----------------- Done invoking toplevel() on ptolemy.moml.MoMLSimpleApplication@4f38b539
reloadAllAccessors: .TimeDelayMicrosteps3

===========================================================================================
----------------- testing Tue May 19 14:29:25 UTC 2020 /home/travis/build/icyphy/ptII/ptolemy/actor/lib/test/auto/TimeDelayVariableMicrosteps.xml
----------------- Instantiating /home/travis/build/icyphy/ptII/ptolemy/actor/lib/test/auto/TimeDelayVariableMicrosteps.xml
2 ms. Memory: 496640K Free: 238646K (48%)
----------------- Invoking toplevel() on ptolemy.moml.MoMLSimpleApplication@2f074a95
----------------- Done invoking toplevel() on ptolemy.moml.MoMLSimpleApplication@2f074a95
reloadAllAccessors: .TimeDelayVariableMicrosteps

===========================================================================================
----------------- testing Tue May 19 14:29:25 UTC 2020 /home/travis/build/icyphy/ptII/ptolemy/actor/lib/test/auto/TimeGap.xml
----------------- Instantiating /home/travis/build/icyphy/ptII/ptolemy/actor/lib/test/auto/TimeGap.xml
4 ms. Memory: 496640K Free: 233512K (47%)
----------------- Invoking toplevel() on ptolemy.moml.MoMLSimpleApplication@1ffe79c6
----------------- Done invoking toplevel() on ptolemy.moml.MoMLSimpleApplication@1ffe79c6
reloadAllAccessors: .TimeGap

===========================================================================================
----------------- testing Tue May 19 14:29:25 UTC 2020 /home/travis/build/icyphy/ptII/ptolemy/actor/lib/test/auto/TimeGap2.xml
----------------- Instantiating /home/travis/build/icyphy/ptII/ptolemy/actor/lib/test/auto/TimeGap2.xml
2 ms. Memory: 496640K Free: 227352K (46%)
----------------- Invoking toplevel() on ptolemy.moml.MoMLSimpleApplication@2f61b686
----------------- Done invoking toplevel() on ptolemy.moml.MoMLSimpleApplication@2f61b686
reloadAllAccessors: .TimeGap2

===========================================================================================
----------------- testing Tue May 19 14:29:25 UTC 2020 /home/travis/build/icyphy/ptII/ptolemy/actor/lib/test/auto/TimedSinewave.xml
----------------- Instantiating /home/travis/build/icyphy/ptII/ptolemy/actor/lib/test/auto/TimedSinewave.xml
21 ms. Memory: 496640K Free: 213046K (43%)
----------------- Invoking toplevel() on ptolemy.moml.MoMLSimpleApplication@186136fe
----------------- Done invoking toplevel() on ptolemy.moml.MoMLSimpleApplication@186136fe
reloadAllAccessors: .TimedSinewave

===========================================================================================
----------------- testing Tue May 19 14:29:25 UTC 2020 /home/travis/build/icyphy/ptII/ptolemy/actor/lib/test/auto/TimedSinewavePhase.xml
----------------- Instantiating /home/travis/build/icyphy/ptII/ptolemy/actor/lib/test/auto/TimedSinewavePhase.xml
8 ms. Memory: 496640K Free: 202806K (41%)
----------------- Invoking toplevel() on ptolemy.moml.MoMLSimpleApplication@6273f0f8
----------------- Done invoking toplevel() on ptolemy.moml.MoMLSimpleApplication@6273f0f8
reloadAllAccessors: .TimedSinewavePhase

===========================================================================================
----------------- testing Tue May 19 14:29:25 UTC 2020 /home/travis/build/icyphy/ptII/ptolemy/actor/lib/test/auto/Timer.xml
----------------- Instantiating /home/travis/build/icyphy/ptII/ptolemy/actor/lib/test/auto/Timer.xml
5 ms. Memory: 496640K Free: 197176K (40%)
----------------- Invoking toplevel() on ptolemy.moml.MoMLSimpleApplication@6cd97dbf
----------------- Done invoking toplevel() on ptolemy.moml.MoMLSimpleApplication@6cd97dbf
reloadAllAccessors: .Timer

===========================================================================================
----------------- testing Tue May 19 14:29:25 UTC 2020 /home/travis/build/icyphy/ptII/ptolemy/actor/lib/test/auto/TriangularDistTestModel.xml
----------------- Instantiating /home/travis/build/icyphy/ptII/ptolemy/actor/lib/test/auto/TriangularDistTestModel.xml
2 ms. Memory: 496640K Free: 191512K (39%)
----------------- Invoking toplevel() on ptolemy.moml.MoMLSimpleApplication@6e31c7cf
----------------- Done invoking toplevel() on ptolemy.moml.MoMLSimpleApplication@6e31c7cf
reloadAllAccessors: .TriangularDistTestModel

===========================================================================================
----------------- testing Tue May 19 14:29:25 UTC 2020 /home/travis/build/icyphy/ptII/ptolemy/actor/lib/test/auto/TrigFunction.xml
----------------- Instantiating /home/travis/build/icyphy/ptII/ptolemy/actor/lib/test/auto/TrigFunction.xml
2 ms. Memory: 496640K Free: 186422K (38%)
----------------- Invoking toplevel() on ptolemy.moml.MoMLSimpleApplication@74af2344
----------------- Done invoking toplevel() on ptolemy.moml.MoMLSimpleApplication@74af2344
reloadAllAccessors: .TrigFunction

===========================================================================================
----------------- testing Tue May 19 14:29:25 UTC 2020 /home/travis/build/icyphy/ptII/ptolemy/actor/lib/test/auto/TrigFunctionDE.xml
----------------- Instantiating /home/travis/build/icyphy/ptII/ptolemy/actor/lib/test/auto/TrigFunctionDE.xml
1 ms. Memory: 496640K Free: 180792K (36%)
----------------- Invoking toplevel() on ptolemy.moml.MoMLSimpleApplication@48843f62
----------------- Done invoking toplevel() on ptolemy.moml.MoMLSimpleApplication@48843f62
reloadAllAccessors: .TrigFunctionDE

===========================================================================================
----------------- testing Tue May 19 14:29:25 UTC 2020 /home/travis/build/icyphy/ptII/ptolemy/actor/lib/test/auto/TrigFunctionInverse.xml
----------------- Instantiating /home/travis/build/icyphy/ptII/ptolemy/actor/lib/test/auto/TrigFunctionInverse.xml
2 ms. Memory: 496640K Free: 175672K (35%)
----------------- Invoking toplevel() on ptolemy.moml.MoMLSimpleApplication@67246086
----------------- Done invoking toplevel() on ptolemy.moml.MoMLSimpleApplication@67246086
reloadAllAccessors: .TrigFunctionInverse

===========================================================================================
----------------- testing Tue May 19 14:29:25 UTC 2020 /home/travis/build/icyphy/ptII/ptolemy/actor/lib/test/auto/TrigFunctionTan.xml
----------------- Instantiating /home/travis/build/icyphy/ptII/ptolemy/actor/lib/test/auto/TrigFunctionTan.xml
1 ms. Memory: 496640K Free: 171062K (34%)
----------------- Invoking toplevel() on ptolemy.moml.MoMLSimpleApplication@7e745416
----------------- Done invoking toplevel() on ptolemy.moml.MoMLSimpleApplication@7e745416
reloadAllAccessors: .TrigFunctionTan

===========================================================================================
----------------- testing Tue May 19 14:29:25 UTC 2020 /home/travis/build/icyphy/ptII/ptolemy/actor/lib/test/auto/TriggeredClock.xml
----------------- Instantiating /home/travis/build/icyphy/ptII/ptolemy/actor/lib/test/auto/TriggeredClock.xml
2 ms. Memory: 496640K Free: 165928K (33%)
----------------- Invoking toplevel() on ptolemy.moml.MoMLSimpleApplication@40d766b9
----------------- Done invoking toplevel() on ptolemy.moml.MoMLSimpleApplication@40d766b9
reloadAllAccessors: .TriggeredClock

===========================================================================================
----------------- testing Tue May 19 14:29:25 UTC 2020 /home/travis/build/icyphy/ptII/ptolemy/actor/lib/test/auto/URLDirectoryReader.xml
----------------- Instantiating /home/travis/build/icyphy/ptII/ptolemy/actor/lib/test/auto/URLDirectoryReader.xml
29 ms. Memory: 496640K Free: 155702K (31%)
----------------- Invoking toplevel() on ptolemy.moml.MoMLSimpleApplication@2d2dbbf3
----------------- Done invoking toplevel() on ptolemy.moml.MoMLSimpleApplication@2d2dbbf3
reloadAllAccessors: .URLDirectoryReader

===========================================================================================
----------------- testing Tue May 19 14:29:25 UTC 2020 /home/travis/build/icyphy/ptII/ptolemy/actor/lib/test/auto/URLDirectoryReader3.xml
----------------- Instantiating /home/travis/build/icyphy/ptII/ptolemy/actor/lib/test/auto/URLDirectoryReader3.xml
1095 ms. Memory: 496640K Free: 434773K (88%)
----------------- Invoking toplevel() on ptolemy.moml.MoMLSimpleApplication@49f2b6fb
----------------- Done invoking toplevel() on ptolemy.moml.MoMLSimpleApplication@49f2b6fb
reloadAllAccessors: .URLDirectoryReader3

===========================================================================================
----------------- testing Tue May 19 14:29:26 UTC 2020 /home/travis/build/icyphy/ptII/ptolemy/actor/lib/test/auto/UnaryMathFunction.xml
----------------- Instantiating /home/travis/build/icyphy/ptII/ptolemy/actor/lib/test/auto/UnaryMathFunction.xml
3 ms. Memory: 496640K Free: 426847K (86%)
----------------- Invoking toplevel() on ptolemy.moml.MoMLSimpleApplication@6499d067
----------------- Done invoking toplevel() on ptolemy.moml.MoMLSimpleApplication@6499d067
reloadAllAccessors: .UnaryMathFunction

===========================================================================================
----------------- testing Tue May 19 14:29:26 UTC 2020 /home/travis/build/icyphy/ptII/ptolemy/actor/lib/test/auto/Uniform.xml
----------------- Instantiating /home/travis/build/icyphy/ptII/ptolemy/actor/lib/test/auto/Uniform.xml
2 ms. Memory: 496640K Free: 422231K (85%)
----------------- Invoking toplevel() on ptolemy.moml.MoMLSimpleApplication@297ccc20
----------------- Done invoking toplevel() on ptolemy.moml.MoMLSimpleApplication@297ccc20
reloadAllAccessors: .Uniform

===========================================================================================
----------------- testing Tue May 19 14:29:27 UTC 2020 /home/travis/build/icyphy/ptII/ptolemy/actor/lib/test/auto/UnionDisassemblerTest.xml
----------------- Instantiating /home/travis/build/icyphy/ptII/ptolemy/actor/lib/test/auto/UnionDisassemblerTest.xml
15 ms. Memory: 496640K Free: 418127K (84%)
----------------- Invoking toplevel() on ptolemy.moml.MoMLSimpleApplication@73d1b2e1
----------------- Done invoking toplevel() on ptolemy.moml.MoMLSimpleApplication@73d1b2e1
reloadAllAccessors: .UnionDisassemblerTest

===========================================================================================
----------------- testing Tue May 19 14:29:27 UTC 2020 /home/travis/build/icyphy/ptII/ptolemy/actor/lib/test/auto/UtilityFunctions.xml
----------------- Instantiating /home/travis/build/icyphy/ptII/ptolemy/actor/lib/test/auto/UtilityFunctions.xml
3 ms. Memory: 496640K Free: 414559K (83%)
----------------- Invoking toplevel() on ptolemy.moml.MoMLSimpleApplication@4d6c2f70
----------------- Done invoking toplevel() on ptolemy.moml.MoMLSimpleApplication@4d6c2f70
reloadAllAccessors: .UtilityFunctions

===========================================================================================
----------------- testing Tue May 19 14:29:27 UTC 2020 /home/travis/build/icyphy/ptII/ptolemy/actor/lib/test/auto/VariableSleep.xml
----------------- Instantiating /home/travis/build/icyphy/ptII/ptolemy/actor/lib/test/auto/VariableSleep.xml
503 ms. Memory: 496640K Free: 409439K (82%)
----------------- Invoking toplevel() on ptolemy.moml.MoMLSimpleApplication@1ce3601a
----------------- Done invoking toplevel() on ptolemy.moml.MoMLSimpleApplication@1ce3601a
reloadAllAccessors: .VariableSleep

===========================================================================================
----------------- testing Tue May 19 14:29:27 UTC 2020 /home/travis/build/icyphy/ptII/ptolemy/actor/lib/test/auto/VectorAssemblerDisassemblerCT.xml
----------------- Instantiating /home/travis/build/icyphy/ptII/ptolemy/actor/lib/test/auto/VectorAssemblerDisassemblerCT.xml
55 ms. Memory: 496640K Free: 388959K (78%)
----------------- Invoking toplevel() on ptolemy.moml.MoMLSimpleApplication@1817b7ff
----------------- Done invoking toplevel() on ptolemy.moml.MoMLSimpleApplication@1817b7ff
reloadAllAccessors: .VectorAssemblerDisassemblerCT

===========================================================================================
----------------- testing Tue May 19 14:29:27 UTC 2020 /home/travis/build/icyphy/ptII/ptolemy/actor/lib/test/auto/VectorAssemblerDisassemblerDE.xml
----------------- Instantiating /home/travis/build/icyphy/ptII/ptolemy/actor/lib/test/auto/VectorAssemblerDisassemblerDE.xml
10 ms. Memory: 496640K Free: 381791K (77%)
----------------- Invoking toplevel() on ptolemy.moml.MoMLSimpleApplication@4daf3963
----------------- Done invoking toplevel() on ptolemy.moml.MoMLSimpleApplication@4daf3963
reloadAllAccessors: .VectorAssemblerDisassemblerDE

===========================================================================================
----------------- testing Tue May 19 14:29:27 UTC 2020 /home/travis/build/icyphy/ptII/ptolemy/actor/lib/test/auto/VectorAssemblerDisassemblerSDF.xml
----------------- Instantiating /home/travis/build/icyphy/ptII/ptolemy/actor/lib/test/auto/VectorAssemblerDisassemblerSDF.xml
3 ms. Memory: 496640K Free: 375133K (76%)
----------------- Invoking toplevel() on ptolemy.moml.MoMLSimpleApplication@21c5fda3
----------------- Done invoking toplevel() on ptolemy.moml.MoMLSimpleApplication@21c5fda3
reloadAllAccessors: .VectorAssemblerDisassemblerSDF

===========================================================================================
----------------- testing Tue May 19 14:29:27 UTC 2020 /home/travis/build/icyphy/ptII/ptolemy/actor/lib/test/auto/WallClockTime.xml
----------------- Instantiating /home/travis/build/icyphy/ptII/ptolemy/actor/lib/test/auto/WallClockTime.xml
1005 ms. Memory: 496640K Free: 370013K (75%)
----------------- Invoking toplevel() on ptolemy.moml.MoMLSimpleApplication@12c5aded
----------------- Done invoking toplevel() on ptolemy.moml.MoMLSimpleApplication@12c5aded
reloadAllAccessors: .WallClockTime

===========================================================================================
----------------- testing Tue May 19 14:29:28 UTC 2020 /home/travis/build/icyphy/ptII/ptolemy/actor/lib/test/auto/WidthTestWithSubscriberPublisher.xml
----------------- Instantiating /home/travis/build/icyphy/ptII/ptolemy/actor/lib/test/auto/WidthTestWithSubscriberPublisher.xml
6 ms. Memory: 496640K Free: 352605K (71%)
----------------- Invoking toplevel() on ptolemy.moml.MoMLSimpleApplication@66b35e88
----------------- Done invoking toplevel() on ptolemy.moml.MoMLSimpleApplication@66b35e88
reloadAllAccessors: .WidthTestWithSubscriberPublisher

===========================================================================================
----------------- testing Tue May 19 14:29:28 UTC 2020 /home/travis/build/icyphy/ptII/ptolemy/actor/lib/test/auto/WidthTestWithSubscriberPublisher2.xml
----------------- Instantiating /home/travis/build/icyphy/ptII/ptolemy/actor/lib/test/auto/WidthTestWithSubscriberPublisher2.xml
2 ms. Memory: 496640K Free: 345951K (70%)
----------------- Invoking toplevel() on ptolemy.moml.MoMLSimpleApplication@3edeec45
----------------- Done invoking toplevel() on ptolemy.moml.MoMLSimpleApplication@3edeec45
reloadAllAccessors: .WidthTestWithSubscriberPublisher2

===========================================================================================
----------------- testing Tue May 19 14:29:28 UTC 2020 /home/travis/build/icyphy/ptII/ptolemy/actor/lib/test/auto/WidthTestWithSubscriberPublisher3.xml
----------------- Instantiating /home/travis/build/icyphy/ptII/ptolemy/actor/lib/test/auto/WidthTestWithSubscriberPublisher3.xml
2 ms. Memory: 496640K Free: 340317K (69%)
----------------- Invoking toplevel() on ptolemy.moml.MoMLSimpleApplication@4433c675
----------------- Done invoking toplevel() on ptolemy.moml.MoMLSimpleApplication@4433c675
reloadAllAccessors: .WidthTestWithSubscriberPublisher3

===========================================================================================
----------------- testing Tue May 19 14:29:28 UTC 2020 /home/travis/build/icyphy/ptII/ptolemy/actor/lib/test/auto/Writer.xml
----------------- Instantiating /home/travis/build/icyphy/ptII/ptolemy/actor/lib/test/auto/Writer.xml
0
1
2
3
4
1 ms. Memory: 496640K Free: 336207K (68%)
----------------- Invoking toplevel() on ptolemy.moml.MoMLSimpleApplication@2de6a8bc
----------------- Done invoking toplevel() on ptolemy.moml.MoMLSimpleApplication@2de6a8bc
reloadAllAccessors: .Writer

===========================================================================================
----------------- testing Tue May 19 14:29:28 UTC 2020 /home/travis/build/icyphy/ptII/ptolemy/actor/lib/test/auto/array.xml
----------------- Instantiating /home/travis/build/icyphy/ptII/ptolemy/actor/lib/test/auto/array.xml
1 ms. Memory: 496640K Free: 331101K (67%)
----------------- Invoking toplevel() on ptolemy.moml.MoMLSimpleApplication@1cebcd1a
----------------- Done invoking toplevel() on ptolemy.moml.MoMLSimpleApplication@1cebcd1a
reloadAllAccessors: .array

===========================================================================================
----------------- testing Tue May 19 14:29:28 UTC 2020 /home/travis/build/icyphy/ptII/ptolemy/actor/lib/test/auto/array2.xml
----------------- Instantiating /home/travis/build/icyphy/ptII/ptolemy/actor/lib/test/auto/array2.xml
5 ms. Memory: 496640K Free: 325967K (66%)
----------------- Invoking toplevel() on ptolemy.moml.MoMLSimpleApplication@5ee0103b
----------------- Done invoking toplevel() on ptolemy.moml.MoMLSimpleApplication@5ee0103b
reloadAllAccessors: .array2

===========================================================================================
----------------- testing Tue May 19 14:29:28 UTC 2020 /home/travis/build/icyphy/ptII/ptolemy/actor/lib/test/auto/arrayType.xml
----------------- Instantiating /home/travis/build/icyphy/ptII/ptolemy/actor/lib/test/auto/arrayType.xml
2 ms. Memory: 496640K Free: 320351K (65%)
----------------- Invoking toplevel() on ptolemy.moml.MoMLSimpleApplication@4798b1e3
----------------- Done invoking toplevel() on ptolemy.moml.MoMLSimpleApplication@4798b1e3
reloadAllAccessors: .arrayType

===========================================================================================
----------------- testing Tue May 19 14:29:28 UTC 2020 /home/travis/build/icyphy/ptII/ptolemy/actor/lib/test/auto/arrayType10.xml
----------------- Instantiating /home/travis/build/icyphy/ptII/ptolemy/actor/lib/test/auto/arrayType10.xml
1 ms. Memory: 496640K Free: 315741K (64%)
----------------- Invoking toplevel() on ptolemy.moml.MoMLSimpleApplication@1452d242
----------------- Done invoking toplevel() on ptolemy.moml.MoMLSimpleApplication@1452d242
reloadAllAccessors: .arrayType10

===========================================================================================
----------------- testing Tue May 19 14:29:28 UTC 2020 /home/travis/build/icyphy/ptII/ptolemy/actor/lib/test/auto/arrayType11.xml
----------------- Instantiating /home/travis/build/icyphy/ptII/ptolemy/actor/lib/test/auto/arrayType11.xml
1 ms. Memory: 496640K Free: 311135K (63%)
----------------- Invoking toplevel() on ptolemy.moml.MoMLSimpleApplication@797f8395
----------------- Done invoking toplevel() on ptolemy.moml.MoMLSimpleApplication@797f8395
reloadAllAccessors: .arrayType11

===========================================================================================
----------------- testing Tue May 19 14:29:28 UTC 2020 /home/travis/build/icyphy/ptII/ptolemy/actor/lib/test/auto/arrayType12.xml
----------------- Instantiating /home/travis/build/icyphy/ptII/ptolemy/actor/lib/test/auto/arrayType12.xml
2 ms. Memory: 496640K Free: 306015K (62%)
----------------- Invoking toplevel() on ptolemy.moml.MoMLSimpleApplication@174e6bbc
----------------- Done invoking toplevel() on ptolemy.moml.MoMLSimpleApplication@174e6bbc
reloadAllAccessors: .arrayType12

===========================================================================================
----------------- testing Tue May 19 14:29:28 UTC 2020 /home/travis/build/icyphy/ptII/ptolemy/actor/lib/test/auto/arrayType13.xml
----------------- Instantiating /home/travis/build/icyphy/ptII/ptolemy/actor/lib/test/auto/arrayType13.xml
6 ms. Memory: 496640K Free: 300895K (61%)
----------------- Invoking toplevel() on ptolemy.moml.MoMLSimpleApplication@3a284ea4
----------------- Done invoking toplevel() on ptolemy.moml.MoMLSimpleApplication@3a284ea4
reloadAllAccessors: .arrayType13

===========================================================================================
----------------- testing Tue May 19 14:29:28 UTC 2020 /home/travis/build/icyphy/ptII/ptolemy/actor/lib/test/auto/arrayType14.xml
----------------- Instantiating /home/travis/build/icyphy/ptII/ptolemy/actor/lib/test/auto/arrayType14.xml
2 ms. Memory: 496640K Free: 295775K (60%)
----------------- Invoking toplevel() on ptolemy.moml.MoMLSimpleApplication@45c8b8a6
----------------- Done invoking toplevel() on ptolemy.moml.MoMLSimpleApplication@45c8b8a6
reloadAllAccessors: .arrayType14

===========================================================================================
----------------- testing Tue May 19 14:29:28 UTC 2020 /home/travis/build/icyphy/ptII/ptolemy/actor/lib/test/auto/arrayType15.xml
----------------- Instantiating /home/travis/build/icyphy/ptII/ptolemy/actor/lib/test/auto/arrayType15.xml
2 ms. Memory: 496640K Free: 290141K (58%)
----------------- Invoking toplevel() on ptolemy.moml.MoMLSimpleApplication@284804e3
----------------- Done invoking toplevel() on ptolemy.moml.MoMLSimpleApplication@284804e3
reloadAllAccessors: .arrayType15

===========================================================================================
----------------- testing Tue May 19 14:29:28 UTC 2020 /home/travis/build/icyphy/ptII/ptolemy/actor/lib/test/auto/arrayType16.xml
----------------- Instantiating /home/travis/build/icyphy/ptII/ptolemy/actor/lib/test/auto/arrayType16.xml
1 ms. Memory: 496640K Free: 285021K (57%)
----------------- Invoking toplevel() on ptolemy.moml.MoMLSimpleApplication@2cb78829
----------------- Done invoking toplevel() on ptolemy.moml.MoMLSimpleApplication@2cb78829
reloadAllAccessors: .arrayType16

===========================================================================================
----------------- testing Tue May 19 14:29:28 UTC 2020 /home/travis/build/icyphy/ptII/ptolemy/actor/lib/test/auto/arrayType17.xml
----------------- Instantiating /home/travis/build/icyphy/ptII/ptolemy/actor/lib/test/auto/arrayType17.xml
2 ms. Memory: 496640K Free: 279887K (56%)
----------------- Invoking toplevel() on ptolemy.moml.MoMLSimpleApplication@5d2c692c
----------------- Done invoking toplevel() on ptolemy.moml.MoMLSimpleApplication@5d2c692c
reloadAllAccessors: .arrayType17

===========================================================================================
----------------- testing Tue May 19 14:29:28 UTC 2020 /home/travis/build/icyphy/ptII/ptolemy/actor/lib/test/auto/arrayType18.xml
----------------- Instantiating /home/travis/build/icyphy/ptII/ptolemy/actor/lib/test/auto/arrayType18.xml
1 ms. Memory: 496640K Free: 274781K (55%)
----------------- Invoking toplevel() on ptolemy.moml.MoMLSimpleApplication@5a308cd8
----------------- Done invoking toplevel() on ptolemy.moml.MoMLSimpleApplication@5a308cd8
reloadAllAccessors: .arrayType18

===========================================================================================
----------------- testing Tue May 19 14:29:28 UTC 2020 /home/travis/build/icyphy/ptII/ptolemy/actor/lib/test/auto/arrayType19.xml
----------------- Instantiating /home/travis/build/icyphy/ptII/ptolemy/actor/lib/test/auto/arrayType19.xml
1 ms. Memory: 496640K Free: 270175K (54%)
----------------- Invoking toplevel() on ptolemy.moml.MoMLSimpleApplication@36bb8a08
----------------- Done invoking toplevel() on ptolemy.moml.MoMLSimpleApplication@36bb8a08
reloadAllAccessors: .arrayType19

===========================================================================================
----------------- testing Tue May 19 14:29:28 UTC 2020 /home/travis/build/icyphy/ptII/ptolemy/actor/lib/test/auto/arrayType2.xml
----------------- Instantiating /home/travis/build/icyphy/ptII/ptolemy/actor/lib/test/auto/arrayType2.xml
1 ms. Memory: 496640K Free: 264541K (53%)
----------------- Invoking toplevel() on ptolemy.moml.MoMLSimpleApplication@1e85b71d
----------------- Done invoking toplevel() on ptolemy.moml.MoMLSimpleApplication@1e85b71d
reloadAllAccessors: .arrayType2

===========================================================================================
----------------- testing Tue May 19 14:29:28 UTC 2020 /home/travis/build/icyphy/ptII/ptolemy/actor/lib/test/auto/arrayType20.xml
----------------- Instantiating /home/travis/build/icyphy/ptII/ptolemy/actor/lib/test/auto/arrayType20.xml
2 ms. Memory: 496640K Free: 259935K (52%)
----------------- Invoking toplevel() on ptolemy.moml.MoMLSimpleApplication@1dc0de4c
----------------- Done invoking toplevel() on ptolemy.moml.MoMLSimpleApplication@1dc0de4c
reloadAllAccessors: .arrayType20

===========================================================================================
----------------- testing Tue May 19 14:29:28 UTC 2020 /home/travis/build/icyphy/ptII/ptolemy/actor/lib/test/auto/arrayType21.xml
----------------- Instantiating /home/travis/build/icyphy/ptII/ptolemy/actor/lib/test/auto/arrayType21.xml
1 ms. Memory: 496640K Free: 255325K (51%)
----------------- Invoking toplevel() on ptolemy.moml.MoMLSimpleApplication@497ab86b
----------------- Done invoking toplevel() on ptolemy.moml.MoMLSimpleApplication@497ab86b
reloadAllAccessors: .arrayType21

===========================================================================================
----------------- testing Tue May 19 14:29:29 UTC 2020 /home/travis/build/icyphy/ptII/ptolemy/actor/lib/test/auto/arrayType22.xml
----------------- Instantiating /home/travis/build/icyphy/ptII/ptolemy/actor/lib/test/auto/arrayType22.xml
1 ms. Memory: 496640K Free: 250205K (50%)
----------------- Invoking toplevel() on ptolemy.moml.MoMLSimpleApplication@6f3aed2e
----------------- Done invoking toplevel() on ptolemy.moml.MoMLSimpleApplication@6f3aed2e
reloadAllAccessors: .arrayType22

===========================================================================================
----------------- testing Tue May 19 14:29:29 UTC 2020 /home/travis/build/icyphy/ptII/ptolemy/actor/lib/test/auto/arrayType23.xml
----------------- Instantiating /home/travis/build/icyphy/ptII/ptolemy/actor/lib/test/auto/arrayType23.xml
2 ms. Memory: 496640K Free: 245599K (49%)
----------------- Invoking toplevel() on ptolemy.moml.MoMLSimpleApplication@5421fff8
----------------- Done invoking toplevel() on ptolemy.moml.MoMLSimpleApplication@5421fff8
reloadAllAccessors: .arrayType23

===========================================================================================
----------------- testing Tue May 19 14:29:29 UTC 2020 /home/travis/build/icyphy/ptII/ptolemy/actor/lib/test/auto/arrayType24.xml
----------------- Instantiating /home/travis/build/icyphy/ptII/ptolemy/actor/lib/test/auto/arrayType24.xml
5 ms. Memory: 496640K Free: 240479K (48%)
----------------- Invoking toplevel() on ptolemy.moml.MoMLSimpleApplication@4d60845b
----------------- Done invoking toplevel() on ptolemy.moml.MoMLSimpleApplication@4d60845b
reloadAllAccessors: .arrayType24

===========================================================================================
----------------- testing Tue May 19 14:29:29 UTC 2020 /home/travis/build/icyphy/ptII/ptolemy/actor/lib/test/auto/arrayType25.xml
----------------- Instantiating /home/travis/build/icyphy/ptII/ptolemy/actor/lib/test/auto/arrayType25.xml
2 ms. Memory: 496640K Free: 235359K (47%)
----------------- Invoking toplevel() on ptolemy.moml.MoMLSimpleApplication@645fbc6e
----------------- Done invoking toplevel() on ptolemy.moml.MoMLSimpleApplication@645fbc6e
reloadAllAccessors: .arrayType25

===========================================================================================
----------------- testing Tue May 19 14:29:29 UTC 2020 /home/travis/build/icyphy/ptII/ptolemy/actor/lib/test/auto/arrayType26.xml
----------------- Instantiating /home/travis/build/icyphy/ptII/ptolemy/actor/lib/test/auto/arrayType26.xml
1 ms. Memory: 496640K Free: 230239K (46%)
----------------- Invoking toplevel() on ptolemy.moml.MoMLSimpleApplication@195e25e1
----------------- Done invoking toplevel() on ptolemy.moml.MoMLSimpleApplication@195e25e1
reloadAllAccessors: .arrayType26

===========================================================================================
----------------- testing Tue May 19 14:29:29 UTC 2020 /home/travis/build/icyphy/ptII/ptolemy/actor/lib/test/auto/arrayType27.xml
----------------- Instantiating /home/travis/build/icyphy/ptII/ptolemy/actor/lib/test/auto/arrayType27.xml
1 ms. Memory: 496640K Free: 224605K (45%)
----------------- Invoking toplevel() on ptolemy.moml.MoMLSimpleApplication@5e766eba
----------------- Done invoking toplevel() on ptolemy.moml.MoMLSimpleApplication@5e766eba
reloadAllAccessors: .arrayType27

===========================================================================================
----------------- testing Tue May 19 14:29:29 UTC 2020 /home/travis/build/icyphy/ptII/ptolemy/actor/lib/test/auto/arrayType28.xml
----------------- Instantiating /home/travis/build/icyphy/ptII/ptolemy/actor/lib/test/auto/arrayType28.xml
1 ms. Memory: 496640K Free: 219485K (44%)
----------------- Invoking toplevel() on ptolemy.moml.MoMLSimpleApplication@c95e396
----------------- Done invoking toplevel() on ptolemy.moml.MoMLSimpleApplication@c95e396
reloadAllAccessors: .arrayType28

===========================================================================================
----------------- testing Tue May 19 14:29:29 UTC 2020 /home/travis/build/icyphy/ptII/ptolemy/actor/lib/test/auto/arrayType3.xml
----------------- Instantiating /home/travis/build/icyphy/ptII/ptolemy/actor/lib/test/auto/arrayType3.xml
1 ms. Memory: 496640K Free: 213855K (43%)
----------------- Invoking toplevel() on ptolemy.moml.MoMLSimpleApplication@6996b160
----------------- Done invoking toplevel() on ptolemy.moml.MoMLSimpleApplication@6996b160
reloadAllAccessors: .arrayType3

===========================================================================================
----------------- testing Tue May 19 14:29:29 UTC 2020 /home/travis/build/icyphy/ptII/ptolemy/actor/lib/test/auto/arrayType4.xml
----------------- Instantiating /home/travis/build/icyphy/ptII/ptolemy/actor/lib/test/auto/arrayType4.xml
1 ms. Memory: 496640K Free: 208735K (42%)
----------------- Invoking toplevel() on ptolemy.moml.MoMLSimpleApplication@5d00adc2
----------------- Done invoking toplevel() on ptolemy.moml.MoMLSimpleApplication@5d00adc2
reloadAllAccessors: .arrayType4

===========================================================================================
----------------- testing Tue May 19 14:29:29 UTC 2020 /home/travis/build/icyphy/ptII/ptolemy/actor/lib/test/auto/arrayType5.xml
----------------- Instantiating /home/travis/build/icyphy/ptII/ptolemy/actor/lib/test/auto/arrayType5.xml
2 ms. Memory: 496640K Free: 203615K (41%)
----------------- Invoking toplevel() on ptolemy.moml.MoMLSimpleApplication@548d87a
----------------- Done invoking toplevel() on ptolemy.moml.MoMLSimpleApplication@548d87a
reloadAllAccessors: .arrayType5

===========================================================================================
----------------- testing Tue May 19 14:29:29 UTC 2020 /home/travis/build/icyphy/ptII/ptolemy/actor/lib/test/auto/arrayType6.xml
----------------- Instantiating /home/travis/build/icyphy/ptII/ptolemy/actor/lib/test/auto/arrayType6.xml
2 ms. Memory: 496640K Free: 198495K (40%)
----------------- Invoking toplevel() on ptolemy.moml.MoMLSimpleApplication@2010e8d
----------------- Done invoking toplevel() on ptolemy.moml.MoMLSimpleApplication@2010e8d
reloadAllAccessors: .arrayType6

===========================================================================================
----------------- testing Tue May 19 14:29:29 UTC 2020 /home/travis/build/icyphy/ptII/ptolemy/actor/lib/test/auto/arrayType7.xml
----------------- Instantiating /home/travis/build/icyphy/ptII/ptolemy/actor/lib/test/auto/arrayType7.xml
1 ms. Memory: 496640K Free: 193885K (39%)
----------------- Invoking toplevel() on ptolemy.moml.MoMLSimpleApplication@1fa059f9
----------------- Done invoking toplevel() on ptolemy.moml.MoMLSimpleApplication@1fa059f9
reloadAllAccessors: .arrayType7

===========================================================================================
----------------- testing Tue May 19 14:29:29 UTC 2020 /home/travis/build/icyphy/ptII/ptolemy/actor/lib/test/auto/arrayType8.xml
----------------- Instantiating /home/travis/build/icyphy/ptII/ptolemy/actor/lib/test/auto/arrayType8.xml
6 ms. Memory: 496640K Free: 188765K (38%)
----------------- Invoking toplevel() on ptolemy.moml.MoMLSimpleApplication@354c107c
----------------- Done invoking toplevel() on ptolemy.moml.MoMLSimpleApplication@354c107c
reloadAllAccessors: .arrayType8

===========================================================================================
----------------- testing Tue May 19 14:29:29 UTC 2020 /home/travis/build/icyphy/ptII/ptolemy/actor/lib/test/auto/arrayType9.xml
----------------- Instantiating /home/travis/build/icyphy/ptII/ptolemy/actor/lib/test/auto/arrayType9.xml
1 ms. Memory: 496640K Free: 439946K (89%)
----------------- Invoking toplevel() on ptolemy.moml.MoMLSimpleApplication@1e61d590
----------------- Done invoking toplevel() on ptolemy.moml.MoMLSimpleApplication@1e61d590
reloadAllAccessors: .arrayType9

===========================================================================================
----------------- testing Tue May 19 14:29:29 UTC 2020 /home/travis/build/icyphy/ptII/ptolemy/actor/lib/test/auto/cast.xml
----------------- Instantiating /home/travis/build/icyphy/ptII/ptolemy/actor/lib/test/auto/cast.xml
2 ms. Memory: 496640K Free: 434642K (88%)
----------------- Invoking toplevel() on ptolemy.moml.MoMLSimpleApplication@2f3c5f39
----------------- Done invoking toplevel() on ptolemy.moml.MoMLSimpleApplication@2f3c5f39
reloadAllAccessors: .cast

===========================================================================================
----------------- testing Tue May 19 14:29:29 UTC 2020 /home/travis/build/icyphy/ptII/ptolemy/actor/lib/test/auto/compositeMultiPort.xml
----------------- Instantiating /home/travis/build/icyphy/ptII/ptolemy/actor/lib/test/auto/compositeMultiPort.xml
4 ms. Memory: 496640K Free: 425922K (86%)
----------------- Invoking toplevel() on ptolemy.moml.MoMLSimpleApplication@413fe37e
----------------- Done invoking toplevel() on ptolemy.moml.MoMLSimpleApplication@413fe37e
reloadAllAccessors: .compositeMultiPort

===========================================================================================
----------------- testing Tue May 19 14:29:29 UTC 2020 /home/travis/build/icyphy/ptII/ptolemy/actor/lib/test/auto/expressionCastInference.xml
----------------- Instantiating /home/travis/build/icyphy/ptII/ptolemy/actor/lib/test/auto/expressionCastInference.xml
2 ms. Memory: 496640K Free: 421330K (85%)
----------------- Invoking toplevel() on ptolemy.moml.MoMLSimpleApplication@4cc04a47
----------------- Done invoking toplevel() on ptolemy.moml.MoMLSimpleApplication@4cc04a47
reloadAllAccessors: .expressionCastInference

===========================================================================================
----------------- testing Tue May 19 14:29:29 UTC 2020 /home/travis/build/icyphy/ptII/ptolemy/actor/lib/test/auto/expressionCastInference2.xml
----------------- Instantiating /home/travis/build/icyphy/ptII/ptolemy/actor/lib/test/auto/expressionCastInference2.xml
2 ms. Memory: 496640K Free: 416210K (84%)
----------------- Invoking toplevel() on ptolemy.moml.MoMLSimpleApplication@670f5143
----------------- Done invoking toplevel() on ptolemy.moml.MoMLSimpleApplication@670f5143
reloadAllAccessors: .expressionCastInference2

===========================================================================================
----------------- testing Tue May 19 14:29:29 UTC 2020 /home/travis/build/icyphy/ptII/ptolemy/actor/lib/test/auto/expressionInference.xml
----------------- Instantiating /home/travis/build/icyphy/ptII/ptolemy/actor/lib/test/auto/expressionInference.xml
2 ms. Memory: 496640K Free: 412114K (83%)
----------------- Invoking toplevel() on ptolemy.moml.MoMLSimpleApplication@7d83d894
----------------- Done invoking toplevel() on ptolemy.moml.MoMLSimpleApplication@7d83d894
reloadAllAccessors: .expressionInference

===========================================================================================
----------------- testing Tue May 19 14:29:29 UTC 2020 /home/travis/build/icyphy/ptII/ptolemy/actor/lib/test/auto/expression_bug.xml
----------------- Instantiating /home/travis/build/icyphy/ptII/ptolemy/actor/lib/test/auto/expression_bug.xml
1 ms. Memory: 496640K Free: 407504K (82%)
----------------- Invoking toplevel() on ptolemy.moml.MoMLSimpleApplication@1e54e332
----------------- Done invoking toplevel() on ptolemy.moml.MoMLSimpleApplication@1e54e332
reloadAllAccessors: .expression_bug

===========================================================================================
----------------- testing Tue May 19 14:29:29 UTC 2020 /home/travis/build/icyphy/ptII/ptolemy/actor/lib/test/auto/factorial.xml
----------------- Instantiating /home/travis/build/icyphy/ptII/ptolemy/actor/lib/test/auto/factorial.xml
35 ms. Memory: 496640K Free: 399312K (80%)
----------------- Invoking toplevel() on ptolemy.moml.MoMLSimpleApplication@2bf59b14
----------------- Done invoking toplevel() on ptolemy.moml.MoMLSimpleApplication@2bf59b14
reloadAllAccessors: .factorial

===========================================================================================
----------------- testing Tue May 19 14:29:29 UTC 2020 /home/travis/build/icyphy/ptII/ptolemy/actor/lib/test/auto/filterTest1.xml
----------------- Instantiating /home/travis/build/icyphy/ptII/ptolemy/actor/lib/test/auto/filterTest1.xml
9 ms. Memory: 496640K Free: 393168K (79%)
----------------- Invoking toplevel() on ptolemy.moml.MoMLSimpleApplication@4a3ff645
----------------- Done invoking toplevel() on ptolemy.moml.MoMLSimpleApplication@4a3ff645
reloadAllAccessors: .filterTest1

===========================================================================================
----------------- testing Tue May 19 14:29:29 UTC 2020 /home/travis/build/icyphy/ptII/ptolemy/actor/lib/test/auto/funcApplyInConst.xml
----------------- Instantiating /home/travis/build/icyphy/ptII/ptolemy/actor/lib/test/auto/funcApplyInConst.xml
1 ms. Memory: 496640K Free: 389586K (78%)
----------------- Invoking toplevel() on ptolemy.moml.MoMLSimpleApplication@b0826bd
----------------- Done invoking toplevel() on ptolemy.moml.MoMLSimpleApplication@b0826bd
reloadAllAccessors: .funcApplyInConst

===========================================================================================
----------------- testing Tue May 19 14:29:29 UTC 2020 /home/travis/build/icyphy/ptII/ptolemy/actor/lib/test/auto/funcApplyInExpr.xml
----------------- Instantiating /home/travis/build/icyphy/ptII/ptolemy/actor/lib/test/auto/funcApplyInExpr.xml
1 ms. Memory: 496640K Free: 385490K (78%)
----------------- Invoking toplevel() on ptolemy.moml.MoMLSimpleApplication@660ebd52
----------------- Done invoking toplevel() on ptolemy.moml.MoMLSimpleApplication@660ebd52
reloadAllAccessors: .funcApplyInExpr

===========================================================================================
----------------- testing Tue May 19 14:29:29 UTC 2020 /home/travis/build/icyphy/ptII/ptolemy/actor/lib/test/auto/function.xml
----------------- Instantiating /home/travis/build/icyphy/ptII/ptolemy/actor/lib/test/auto/function.xml
2 ms. Memory: 496640K Free: 380880K (77%)
----------------- Invoking toplevel() on ptolemy.moml.MoMLSimpleApplication@1605d180
----------------- Done invoking toplevel() on ptolemy.moml.MoMLSimpleApplication@1605d180
reloadAllAccessors: .function

===========================================================================================
----------------- testing Tue May 19 14:29:29 UTC 2020 /home/travis/build/icyphy/ptII/ptolemy/actor/lib/test/auto/function2.xml
----------------- Instantiating /home/travis/build/icyphy/ptII/ptolemy/actor/lib/test/auto/function2.xml
2 ms. Memory: 496640K Free: 376274K (76%)
----------------- Invoking toplevel() on ptolemy.moml.MoMLSimpleApplication@53cc8053
----------------- Done invoking toplevel() on ptolemy.moml.MoMLSimpleApplication@53cc8053
reloadAllAccessors: .function2

===========================================================================================
----------------- testing Tue May 19 14:29:29 UTC 2020 /home/travis/build/icyphy/ptII/ptolemy/actor/lib/test/auto/function3.xml
----------------- Instantiating /home/travis/build/icyphy/ptII/ptolemy/actor/lib/test/auto/function3.xml
3 ms. Memory: 496640K Free: 372178K (75%)
----------------- Invoking toplevel() on ptolemy.moml.MoMLSimpleApplication@717a615a
----------------- Done invoking toplevel() on ptolemy.moml.MoMLSimpleApplication@717a615a
reloadAllAccessors: .function3

===========================================================================================
----------------- testing Tue May 19 14:29:29 UTC 2020 /home/travis/build/icyphy/ptII/ptolemy/actor/lib/test/auto/functionClosureTest1.xml
----------------- Instantiating /home/travis/build/icyphy/ptII/ptolemy/actor/lib/test/auto/functionClosureTest1.xml
22 ms. Memory: 496640K Free: 366538K (74%)
----------------- Invoking toplevel() on ptolemy.moml.MoMLSimpleApplication@509947a1
----------------- Done invoking toplevel() on ptolemy.moml.MoMLSimpleApplication@509947a1
reloadAllAccessors: .functionClosureTest1

===========================================================================================
----------------- testing Tue May 19 14:29:29 UTC 2020 /home/travis/build/icyphy/ptII/ptolemy/actor/lib/test/auto/functionClosureTest2.xml
----------------- Instantiating /home/travis/build/icyphy/ptII/ptolemy/actor/lib/test/auto/functionClosureTest2.xml
1 ms. Memory: 496640K Free: 362448K (73%)
----------------- Invoking toplevel() on ptolemy.moml.MoMLSimpleApplication@12fc3998
----------------- Done invoking toplevel() on ptolemy.moml.MoMLSimpleApplication@12fc3998
reloadAllAccessors: .functionClosureTest2

===========================================================================================
----------------- testing Tue May 19 14:29:29 UTC 2020 /home/travis/build/icyphy/ptII/ptolemy/actor/lib/test/auto/functionClosureTest3.xml
----------------- Instantiating /home/travis/build/icyphy/ptII/ptolemy/actor/lib/test/auto/functionClosureTest3.xml
2 ms. Memory: 496640K Free: 357328K (72%)
----------------- Invoking toplevel() on ptolemy.moml.MoMLSimpleApplication@2972a679
----------------- Done invoking toplevel() on ptolemy.moml.MoMLSimpleApplication@2972a679
reloadAllAccessors: .functionClosureTest3

===========================================================================================
----------------- testing Tue May 19 14:29:29 UTC 2020 /home/travis/build/icyphy/ptII/ptolemy/actor/lib/test/auto/functionClosureTest4.xml
----------------- Instantiating /home/travis/build/icyphy/ptII/ptolemy/actor/lib/test/auto/functionClosureTest4.xml
4 ms. Memory: 496640K Free: 350674K (71%)
----------------- Invoking toplevel() on ptolemy.moml.MoMLSimpleApplication@13757e8
----------------- Done invoking toplevel() on ptolemy.moml.MoMLSimpleApplication@13757e8
reloadAllAccessors: .functionClosureTest4

===========================================================================================
----------------- testing Tue May 19 14:29:29 UTC 2020 /home/travis/build/icyphy/ptII/ptolemy/actor/lib/test/auto/functionClosureTest5.xml
----------------- Instantiating /home/travis/build/icyphy/ptII/ptolemy/actor/lib/test/auto/functionClosureTest5.xml
3 ms. Memory: 496640K Free: 345554K (70%)
----------------- Invoking toplevel() on ptolemy.moml.MoMLSimpleApplication@498b491d
----------------- Done invoking toplevel() on ptolemy.moml.MoMLSimpleApplication@498b491d
reloadAllAccessors: .functionClosureTest5

===========================================================================================
----------------- testing Tue May 19 14:29:29 UTC 2020 /home/travis/build/icyphy/ptII/ptolemy/actor/lib/test/auto/functionClosureTest6.xml
----------------- Instantiating /home/travis/build/icyphy/ptII/ptolemy/actor/lib/test/auto/functionClosureTest6.xml
1 ms. Memory: 496640K Free: 340434K (69%)
----------------- Invoking toplevel() on ptolemy.moml.MoMLSimpleApplication@6a471617
----------------- Done invoking toplevel() on ptolemy.moml.MoMLSimpleApplication@6a471617
reloadAllAccessors: .functionClosureTest6

===========================================================================================
----------------- testing Tue May 19 14:29:29 UTC 2020 /home/travis/build/icyphy/ptII/ptolemy/actor/lib/test/auto/functionsOnArcs.xml
----------------- Instantiating /home/travis/build/icyphy/ptII/ptolemy/actor/lib/test/auto/functionsOnArcs.xml
2 ms. Memory: 496640K Free: 335314K (68%)
----------------- Invoking toplevel() on ptolemy.moml.MoMLSimpleApplication@4ea8cd65
----------------- Done invoking toplevel() on ptolemy.moml.MoMLSimpleApplication@4ea8cd65
reloadAllAccessors: .functionsOnArcs

===========================================================================================
----------------- testing Tue May 19 14:29:29 UTC 2020 /home/travis/build/icyphy/ptII/ptolemy/actor/lib/test/auto/functionsOnArcsHOF.xml
----------------- Instantiating /home/travis/build/icyphy/ptII/ptolemy/actor/lib/test/auto/functionsOnArcsHOF.xml
5 ms. Memory: 496640K Free: 329170K (66%)
----------------- Invoking toplevel() on ptolemy.moml.MoMLSimpleApplication@44a6a253
----------------- Done invoking toplevel() on ptolemy.moml.MoMLSimpleApplication@44a6a253
reloadAllAccessors: .functionsOnArcsHOF

===========================================================================================
----------------- testing Tue May 19 14:29:29 UTC 2020 /home/travis/build/icyphy/ptII/ptolemy/actor/lib/test/auto/logic.xml
----------------- Instantiating /home/travis/build/icyphy/ptII/ptolemy/actor/lib/test/auto/logic.xml
2 ms. Memory: 496640K Free: 322002K (65%)
----------------- Invoking toplevel() on ptolemy.moml.MoMLSimpleApplication@694279ec
----------------- Done invoking toplevel() on ptolemy.moml.MoMLSimpleApplication@694279ec
reloadAllAccessors: .logic

===========================================================================================
----------------- testing Tue May 19 14:29:29 UTC 2020 /home/travis/build/icyphy/ptII/ptolemy/actor/lib/test/auto/matrixType.xml
----------------- Instantiating /home/travis/build/icyphy/ptII/ptolemy/actor/lib/test/auto/matrixType.xml
1 ms. Memory: 496640K Free: 316354K (64%)
----------------- Invoking toplevel() on ptolemy.moml.MoMLSimpleApplication@79d5a3f3
----------------- Done invoking toplevel() on ptolemy.moml.MoMLSimpleApplication@79d5a3f3
reloadAllAccessors: .matrixType

===========================================================================================
----------------- testing Tue May 19 14:29:29 UTC 2020 /home/travis/build/icyphy/ptII/ptolemy/actor/lib/test/auto/matrixType10.xml
----------------- Instantiating /home/travis/build/icyphy/ptII/ptolemy/actor/lib/test/auto/matrixType10.xml
2 ms. Memory: 496640K Free: 311762K (63%)
----------------- Invoking toplevel() on ptolemy.moml.MoMLSimpleApplication@1e01101d
----------------- Done invoking toplevel() on ptolemy.moml.MoMLSimpleApplication@1e01101d
reloadAllAccessors: .matrixType10

===========================================================================================
----------------- testing Tue May 19 14:29:29 UTC 2020 /home/travis/build/icyphy/ptII/ptolemy/actor/lib/test/auto/matrixType11.xml
----------------- Instantiating /home/travis/build/icyphy/ptII/ptolemy/actor/lib/test/auto/matrixType11.xml
1 ms. Memory: 496640K Free: 306642K (62%)
----------------- Invoking toplevel() on ptolemy.moml.MoMLSimpleApplication@680b3adb
----------------- Done invoking toplevel() on ptolemy.moml.MoMLSimpleApplication@680b3adb
reloadAllAccessors: .matrixType11

===========================================================================================
----------------- testing Tue May 19 14:29:29 UTC 2020 /home/travis/build/icyphy/ptII/ptolemy/actor/lib/test/auto/matrixType12.xml
----------------- Instantiating /home/travis/build/icyphy/ptII/ptolemy/actor/lib/test/auto/matrixType12.xml
1 ms. Memory: 496640K Free: 302032K (61%)
----------------- Invoking toplevel() on ptolemy.moml.MoMLSimpleApplication@398895c5
----------------- Done invoking toplevel() on ptolemy.moml.MoMLSimpleApplication@398895c5
reloadAllAccessors: .matrixType12

===========================================================================================
----------------- testing Tue May 19 14:29:29 UTC 2020 /home/travis/build/icyphy/ptII/ptolemy/actor/lib/test/auto/matrixType13.xml
----------------- Instantiating /home/travis/build/icyphy/ptII/ptolemy/actor/lib/test/auto/matrixType13.xml
1 ms. Memory: 496640K Free: 296912K (60%)
----------------- Invoking toplevel() on ptolemy.moml.MoMLSimpleApplication@1a44f8a0
----------------- Done invoking toplevel() on ptolemy.moml.MoMLSimpleApplication@1a44f8a0
reloadAllAccessors: .matrixType13

===========================================================================================
----------------- testing Tue May 19 14:29:29 UTC 2020 /home/travis/build/icyphy/ptII/ptolemy/actor/lib/test/auto/matrixType14.xml
----------------- Instantiating /home/travis/build/icyphy/ptII/ptolemy/actor/lib/test/auto/matrixType14.xml
1 ms. Memory: 496640K Free: 291778K (59%)
----------------- Invoking toplevel() on ptolemy.moml.MoMLSimpleApplication@3612f37c
----------------- Done invoking toplevel() on ptolemy.moml.MoMLSimpleApplication@3612f37c
reloadAllAccessors: .matrixType14

===========================================================================================
----------------- testing Tue May 19 14:29:29 UTC 2020 /home/travis/build/icyphy/ptII/ptolemy/actor/lib/test/auto/matrixType2.xml
----------------- Instantiating /home/travis/build/icyphy/ptII/ptolemy/actor/lib/test/auto/matrixType2.xml
2 ms. Memory: 496640K Free: 286672K (58%)
----------------- Invoking toplevel() on ptolemy.moml.MoMLSimpleApplication@25d63d31
----------------- Done invoking toplevel() on ptolemy.moml.MoMLSimpleApplication@25d63d31
reloadAllAccessors: .matrixType2

===========================================================================================
----------------- testing Tue May 19 14:29:29 UTC 2020 /home/travis/build/icyphy/ptII/ptolemy/actor/lib/test/auto/matrixType3.xml
----------------- Instantiating /home/travis/build/icyphy/ptII/ptolemy/actor/lib/test/auto/matrixType3.xml
3 ms. Memory: 496640K Free: 282066K (57%)
----------------- Invoking toplevel() on ptolemy.moml.MoMLSimpleApplication@7d7e6403
----------------- Done invoking toplevel() on ptolemy.moml.MoMLSimpleApplication@7d7e6403
reloadAllAccessors: .matrixType3

===========================================================================================
----------------- testing Tue May 19 14:29:29 UTC 2020 /home/travis/build/icyphy/ptII/ptolemy/actor/lib/test/auto/matrixType4.xml
----------------- Instantiating /home/travis/build/icyphy/ptII/ptolemy/actor/lib/test/auto/matrixType4.xml
1 ms. Memory: 496640K Free: 276946K (56%)
----------------- Invoking toplevel() on ptolemy.moml.MoMLSimpleApplication@680b568b
----------------- Done invoking toplevel() on ptolemy.moml.MoMLSimpleApplication@680b568b
reloadAllAccessors: .matrixType4

===========================================================================================
----------------- testing Tue May 19 14:29:29 UTC 2020 /home/travis/build/icyphy/ptII/ptolemy/actor/lib/test/auto/matrixType5.xml
----------------- Instantiating /home/travis/build/icyphy/ptII/ptolemy/actor/lib/test/auto/matrixType5.xml
1 ms. Memory: 496640K Free: 272336K (55%)
----------------- Invoking toplevel() on ptolemy.moml.MoMLSimpleApplication@3951aa5a
----------------- Done invoking toplevel() on ptolemy.moml.MoMLSimpleApplication@3951aa5a
reloadAllAccessors: .matrixType5

===========================================================================================
----------------- testing Tue May 19 14:29:29 UTC 2020 /home/travis/build/icyphy/ptII/ptolemy/actor/lib/test/auto/matrixType6.xml
----------------- Instantiating /home/travis/build/icyphy/ptII/ptolemy/actor/lib/test/auto/matrixType6.xml
1 ms. Memory: 496640K Free: 267216K (54%)
----------------- Invoking toplevel() on ptolemy.moml.MoMLSimpleApplication@18bf2740
----------------- Done invoking toplevel() on ptolemy.moml.MoMLSimpleApplication@18bf2740
reloadAllAccessors: .matrixType6

===========================================================================================
----------------- testing Tue May 19 14:29:29 UTC 2020 /home/travis/build/icyphy/ptII/ptolemy/actor/lib/test/auto/matrixType7.xml
----------------- Instantiating /home/travis/build/icyphy/ptII/ptolemy/actor/lib/test/auto/matrixType7.xml
2 ms. Memory: 496640K Free: 262610K (53%)
----------------- Invoking toplevel() on ptolemy.moml.MoMLSimpleApplication@3b0cc07e
----------------- Done invoking toplevel() on ptolemy.moml.MoMLSimpleApplication@3b0cc07e
reloadAllAccessors: .matrixType7

===========================================================================================
----------------- testing Tue May 19 14:29:29 UTC 2020 /home/travis/build/icyphy/ptII/ptolemy/actor/lib/test/auto/matrixType8.xml
----------------- Instantiating /home/travis/build/icyphy/ptII/ptolemy/actor/lib/test/auto/matrixType8.xml
2 ms. Memory: 496640K Free: 257490K (52%)
----------------- Invoking toplevel() on ptolemy.moml.MoMLSimpleApplication@37275f16
----------------- Done invoking toplevel() on ptolemy.moml.MoMLSimpleApplication@37275f16
reloadAllAccessors: .matrixType8

===========================================================================================
----------------- testing Tue May 19 14:29:29 UTC 2020 /home/travis/build/icyphy/ptII/ptolemy/actor/lib/test/auto/matrixType9.xml
----------------- Instantiating /home/travis/build/icyphy/ptII/ptolemy/actor/lib/test/auto/matrixType9.xml
1 ms. Memory: 496640K Free: 252880K (51%)
----------------- Invoking toplevel() on ptolemy.moml.MoMLSimpleApplication@28363578
----------------- Done invoking toplevel() on ptolemy.moml.MoMLSimpleApplication@28363578
reloadAllAccessors: .matrixType9

===========================================================================================
----------------- testing Tue May 19 14:29:29 UTC 2020 /home/travis/build/icyphy/ptII/ptolemy/actor/lib/test/auto/paraFunctest.xml
----------------- Instantiating /home/travis/build/icyphy/ptII/ptolemy/actor/lib/test/auto/paraFunctest.xml
2 ms. Memory: 496640K Free: 248754K (50%)
----------------- Invoking toplevel() on ptolemy.moml.MoMLSimpleApplication@4f509bce
----------------- Done invoking toplevel() on ptolemy.moml.MoMLSimpleApplication@4f509bce
reloadAllAccessors: .paraFunctest

===========================================================================================
----------------- testing Tue May 19 14:29:29 UTC 2020 /home/travis/build/icyphy/ptII/ptolemy/actor/lib/test/auto/paraFunctest2.xml
----------------- Instantiating /home/travis/build/icyphy/ptII/ptolemy/actor/lib/test/auto/paraFunctest2.xml
2 ms. Memory: 496640K Free: 244176K (49%)
----------------- Invoking toplevel() on ptolemy.moml.MoMLSimpleApplication@4ce6eace
----------------- Done invoking toplevel() on ptolemy.moml.MoMLSimpleApplication@4ce6eace
reloadAllAccessors: .paraFunctest2

===========================================================================================
----------------- testing Tue May 19 14:29:29 UTC 2020 /home/travis/build/icyphy/ptII/ptolemy/actor/lib/test/auto/parameterPassing.xml
----------------- Instantiating /home/travis/build/icyphy/ptII/ptolemy/actor/lib/test/auto/parameterPassing.xml
1 ms. Memory: 496640K Free: 239058K (48%)
----------------- Invoking toplevel() on ptolemy.moml.MoMLSimpleApplication@74ad1a99
----------------- Done invoking toplevel() on ptolemy.moml.MoMLSimpleApplication@74ad1a99
reloadAllAccessors: .parameterPassing

===========================================================================================
----------------- testing Tue May 19 14:29:29 UTC 2020 /home/travis/build/icyphy/ptII/ptolemy/actor/lib/test/auto/record.xml
----------------- Instantiating /home/travis/build/icyphy/ptII/ptolemy/actor/lib/test/auto/record.xml
3 ms. Memory: 496640K Free: 233938K (47%)
----------------- Invoking toplevel() on ptolemy.moml.MoMLSimpleApplication@66de8449
----------------- Done invoking toplevel() on ptolemy.moml.MoMLSimpleApplication@66de8449
reloadAllAccessors: .record

===========================================================================================
----------------- testing Tue May 19 14:29:29 UTC 2020 /home/travis/build/icyphy/ptII/ptolemy/actor/lib/test/auto/sizedarray1.xml
----------------- Instantiating /home/travis/build/icyphy/ptII/ptolemy/actor/lib/test/auto/sizedarray1.xml
2 ms. Memory: 496640K Free: 228818K (46%)
----------------- Invoking toplevel() on ptolemy.moml.MoMLSimpleApplication@7f4673c4
----------------- Done invoking toplevel() on ptolemy.moml.MoMLSimpleApplication@7f4673c4
reloadAllAccessors: .sizedarray1

===========================================================================================
----------------- testing Tue May 19 14:29:29 UTC 2020 /home/travis/build/icyphy/ptII/ptolemy/actor/lib/test/auto/sizedarray2.xml
----------------- Instantiating /home/travis/build/icyphy/ptII/ptolemy/actor/lib/test/auto/sizedarray2.xml
4 ms. Memory: 496640K Free: 222674K (45%)
----------------- Invoking toplevel() on ptolemy.moml.MoMLSimpleApplication@17fff68c
----------------- Done invoking toplevel() on ptolemy.moml.MoMLSimpleApplication@17fff68c
reloadAllAccessors: .sizedarray2

===========================================================================================
----------------- testing Tue May 19 14:29:29 UTC 2020 /home/travis/build/icyphy/ptII/ptolemy/actor/lib/test/auto/twoPublishers.xml
----------------- Instantiating /home/travis/build/icyphy/ptII/ptolemy/actor/lib/test/auto/twoPublishers.xml
6 ms. Memory: 496640K Free: 212434K (43%)
----------------- Invoking toplevel() on ptolemy.moml.MoMLSimpleApplication@11947def
----------------- Done invoking toplevel() on ptolemy.moml.MoMLSimpleApplication@11947def
reloadAllAccessors: .twoPublishers
AutoTests.java: About to close Vertx.
AutoTests.java: Vertx closed.
]]></system-out>
  <system-err><![CDATA[java.lang.RuntimeException: Execution failed
	at ptolemy.moml.MoMLSimpleApplication$UnloadThread.run(MoMLSimpleApplication.java:402)
Caused by: java.lang.RuntimeException: StringUtilities.exit() was called. Normally, we would exit here because Manager.exitAfterWrapup() was called.  However, because the ptolemy.ptII.exitAfterWrapup property is set, we throw this exception instead.
	at ptolemy.util.StringUtilities.exit(StringUtilities.java:365)
	at ptolemy.actor.Manager.wrapup(Manager.java:1549)
	at ptolemy.actor.Manager.execute(Manager.java:407)
	at ptolemy.actor.Manager.run(Manager.java:1263)
	at ptolemy.actor.Manager$PtolemyRunThread.run(Manager.java:1933)
Warning: '.top.test' is in training mode, set the trainingMode parameter to false before checking in
Warning: '.top.test' is in training mode, set the trainingMode parameter to false before checking in
Warning: '.top.test' is in training mode, set the trainingMode parameter to false before checking in
Warning: '.BooleanSwitch_RegressionTest_WrongTrainingValues.Test' is in training mode, set the trainingMode parameter to false before checking in
Warning: '.BooleanSwitch_RegressionTest_WrongTrainingValues.Test2' is in training mode, set the trainingMode parameter to false before checking in
Warning: '.BooleanSwitch_RegressionTest_WrongTrainingValues.Test2' The test produced 0 tokens.
Warning: '.top.testExceptionHandler' is in training mode, set the trainingMode parameter to false before checking in
java.lang.RuntimeException: Execution failed
	at ptolemy.moml.MoMLSimpleApplication$UnloadThread.run(MoMLSimpleApplication.java:402)
Caused by: ptolemy.kernel.util.IllegalActionException: PublisherPorts cannot be used at the top level, use a Publisher actor instead.
  in .PublisherPortToplevelSubscriber.PublisherPort
	at ptolemy.actor.PublisherPort.preinitialize(PublisherPort.java:403)
	at ptolemy.actor.CompositeActor.preinitialize(CompositeActor.java:1769)
	at ptolemy.actor.Manager.preinitializeAndResolveTypes(Manager.java:1040)
	at ptolemy.actor.Manager.initialize(Manager.java:710)
	at ptolemy.actor.Manager.execute(Manager.java:356)
	at ptolemy.actor.Manager.run(Manager.java:1263)
	at ptolemy.actor.Manager$PtolemyRunThread.run(Manager.java:1933)
java.lang.reflect.InvocationTargetException
	at java.base/jdk.internal.reflect.NativeConstructorAccessorImpl.newInstance0(Native Method)
	at java.base/jdk.internal.reflect.NativeConstructorAccessorImpl.newInstance(NativeConstructorAccessorImpl.java:62)
	at java.base/jdk.internal.reflect.DelegatingConstructorAccessorImpl.newInstance(DelegatingConstructorAccessorImpl.java:45)
	at java.base/java.lang.reflect.Constructor.newInstance(Constructor.java:490)
	at ptolemy.util.test.junit.AutoKnownFailedTests.RunModel(AutoKnownFailedTests.java:105)
	at java.base/jdk.internal.reflect.NativeMethodAccessorImpl.invoke0(Native Method)
	at java.base/jdk.internal.reflect.NativeMethodAccessorImpl.invoke(NativeMethodAccessorImpl.java:62)
	at java.base/jdk.internal.reflect.DelegatingMethodAccessorImpl.invoke(DelegatingMethodAccessorImpl.java:43)
	at java.base/java.lang.reflect.Method.invoke(Method.java:566)
	at org.junit.runners.model.FrameworkMethod$1.runReflectiveCall(FrameworkMethod.java:44)
	at org.junit.internal.runners.model.ReflectiveCallable.run(ReflectiveCallable.java:15)
	at org.junit.runners.model.FrameworkMethod.invokeExplosively(FrameworkMethod.java:41)
	at junitparams.internal.InvokeParameterisedMethod.evaluate(InvokeParameterisedMethod.java:102)
	at org.junit.internal.runners.statements.FailOnTimeout$1.run(FailOnTimeout.java:28)
Caused by: ptolemy.kernel.util.IllegalActionException: PublisherPorts cannot be used at the top level, use a Publisher actor instead.
  in .PublisherPortToplevelSubscriber.PublisherPort
	at ptolemy.actor.PublisherPort.preinitialize(PublisherPort.java:403)
	at ptolemy.actor.CompositeActor.preinitialize(CompositeActor.java:1769)
	at ptolemy.actor.Manager.preinitializeAndResolveTypes(Manager.java:1040)
	at ptolemy.actor.Manager.initialize(Manager.java:710)
	at ptolemy.actor.Manager.execute(Manager.java:356)
	at ptolemy.actor.Manager.run(Manager.java:1263)
	at ptolemy.actor.Manager$PtolemyRunThread.run(Manager.java:1933)
java.lang.RuntimeException: Execution failed
	at ptolemy.moml.MoMLSimpleApplication$UnloadThread.run(MoMLSimpleApplication.java:402)
Caused by: ptolemy.kernel.util.IllegalActionException: SubscriberPorts cannot be used at the top level, use a Subscriber actor instead.
  in .PublisherSubscriberPortToplevel.SubscriberPort
	at ptolemy.actor.SubscriberPort.preinitialize(SubscriberPort.java:328)
	at ptolemy.actor.CompositeActor.preinitialize(CompositeActor.java:1769)
	at ptolemy.actor.Manager.preinitializeAndResolveTypes(Manager.java:1040)
	at ptolemy.actor.Manager.initialize(Manager.java:710)
	at ptolemy.actor.Manager.execute(Manager.java:356)
	at ptolemy.actor.Manager.run(Manager.java:1263)
	at ptolemy.actor.Manager$PtolemyRunThread.run(Manager.java:1933)
java.lang.reflect.InvocationTargetException
	at java.base/jdk.internal.reflect.NativeConstructorAccessorImpl.newInstance0(Native Method)
	at java.base/jdk.internal.reflect.NativeConstructorAccessorImpl.newInstance(NativeConstructorAccessorImpl.java:62)
	at java.base/jdk.internal.reflect.DelegatingConstructorAccessorImpl.newInstance(DelegatingConstructorAccessorImpl.java:45)
	at java.base/java.lang.reflect.Constructor.newInstance(Constructor.java:490)
	at ptolemy.util.test.junit.AutoKnownFailedTests.RunModel(AutoKnownFailedTests.java:105)
	at java.base/jdk.internal.reflect.NativeMethodAccessorImpl.invoke0(Native Method)
	at java.base/jdk.internal.reflect.NativeMethodAccessorImpl.invoke(NativeMethodAccessorImpl.java:62)
	at java.base/jdk.internal.reflect.DelegatingMethodAccessorImpl.invoke(DelegatingMethodAccessorImpl.java:43)
	at java.base/java.lang.reflect.Method.invoke(Method.java:566)
	at org.junit.runners.model.FrameworkMethod$1.runReflectiveCall(FrameworkMethod.java:44)
	at org.junit.internal.runners.model.ReflectiveCallable.run(ReflectiveCallable.java:15)
	at org.junit.runners.model.FrameworkMethod.invokeExplosively(FrameworkMethod.java:41)
	at junitparams.internal.InvokeParameterisedMethod.evaluate(InvokeParameterisedMethod.java:102)
	at org.junit.internal.runners.statements.FailOnTimeout$1.run(FailOnTimeout.java:28)
Caused by: ptolemy.kernel.util.IllegalActionException: SubscriberPorts cannot be used at the top level, use a Subscriber actor instead.
  in .PublisherSubscriberPortToplevel.SubscriberPort
	at ptolemy.actor.SubscriberPort.preinitialize(SubscriberPort.java:328)
	at ptolemy.actor.CompositeActor.preinitialize(CompositeActor.java:1769)
	at ptolemy.actor.Manager.preinitializeAndResolveTypes(Manager.java:1040)
	at ptolemy.actor.Manager.initialize(Manager.java:710)
	at ptolemy.actor.Manager.execute(Manager.java:356)
	at ptolemy.actor.Manager.run(Manager.java:1263)
	at ptolemy.actor.Manager$PtolemyRunThread.run(Manager.java:1933)
java.lang.RuntimeException: Execution failed
	at ptolemy.moml.MoMLSimpleApplication$UnloadThread.run(MoMLSimpleApplication.java:402)
Caused by: ptolemy.kernel.util.IllegalActionException: SubscriptionAggregatorPorts cannot be used at the top level, use a SubscriptionAggregator actor instead.
  in .PublisherSubscriptionAggregatorPort.SubscriptionAggregatorPort
	at ptolemy.actor.SubscriptionAggregatorPort.preinitialize(SubscriptionAggregatorPort.java:353)
	at ptolemy.actor.CompositeActor.preinitialize(CompositeActor.java:1769)
	at ptolemy.actor.Manager.preinitializeAndResolveTypes(Manager.java:1040)
	at ptolemy.actor.Manager.initialize(Manager.java:710)
	at ptolemy.actor.Manager.execute(Manager.java:356)
	at ptolemy.actor.Manager.run(Manager.java:1263)
	at ptolemy.actor.Manager$PtolemyRunThread.run(Manager.java:1933)
java.lang.reflect.InvocationTargetException
	at java.base/jdk.internal.reflect.NativeConstructorAccessorImpl.newInstance0(Native Method)
	at java.base/jdk.internal.reflect.NativeConstructorAccessorImpl.newInstance(NativeConstructorAccessorImpl.java:62)
	at java.base/jdk.internal.reflect.DelegatingConstructorAccessorImpl.newInstance(DelegatingConstructorAccessorImpl.java:45)
	at java.base/java.lang.reflect.Constructor.newInstance(Constructor.java:490)
	at ptolemy.util.test.junit.AutoKnownFailedTests.RunModel(AutoKnownFailedTests.java:105)
	at java.base/jdk.internal.reflect.NativeMethodAccessorImpl.invoke0(Native Method)
	at java.base/jdk.internal.reflect.NativeMethodAccessorImpl.invoke(NativeMethodAccessorImpl.java:62)
	at java.base/jdk.internal.reflect.DelegatingMethodAccessorImpl.invoke(DelegatingMethodAccessorImpl.java:43)
	at java.base/java.lang.reflect.Method.invoke(Method.java:566)
	at org.junit.runners.model.FrameworkMethod$1.runReflectiveCall(FrameworkMethod.java:44)
	at org.junit.internal.runners.model.ReflectiveCallable.run(ReflectiveCallable.java:15)
	at org.junit.runners.model.FrameworkMethod.invokeExplosively(FrameworkMethod.java:41)
	at junitparams.internal.InvokeParameterisedMethod.evaluate(InvokeParameterisedMethod.java:102)
	at org.junit.internal.runners.statements.FailOnTimeout$1.run(FailOnTimeout.java:28)
Caused by: ptolemy.kernel.util.IllegalActionException: SubscriptionAggregatorPorts cannot be used at the top level, use a SubscriptionAggregator actor instead.
  in .PublisherSubscriptionAggregatorPort.SubscriptionAggregatorPort
	at ptolemy.actor.SubscriptionAggregatorPort.preinitialize(SubscriptionAggregatorPort.java:353)
	at ptolemy.actor.CompositeActor.preinitialize(CompositeActor.java:1769)
	at ptolemy.actor.Manager.preinitializeAndResolveTypes(Manager.java:1040)
	at ptolemy.actor.Manager.initialize(Manager.java:710)
	at ptolemy.actor.Manager.execute(Manager.java:356)
	at ptolemy.actor.Manager.run(Manager.java:1263)
	at ptolemy.actor.Manager$PtolemyRunThread.run(Manager.java:1933)
java.lang.RuntimeException: Execution failed
	at ptolemy.moml.MoMLSimpleApplication$UnloadThread.run(MoMLSimpleApplication.java:402)
Caused by: ptolemy.kernel.util.IllegalActionException: TypeTest actor has no training data.
  in .sizedarray3.TypeTest
	at ptolemy.actor.lib.TypeTest.initialize(TypeTest.java:250)
	at ptolemy.actor.Director.initialize(Director.java:938)
	at ptolemy.actor.Director.initialize(Director.java:907)
	at ptolemy.actor.sched.StaticSchedulingDirector.initialize(StaticSchedulingDirector.java:159)
	at ptolemy.domains.sdf.kernel.SDFDirector.initialize(SDFDirector.java:544)
	at ptolemy.actor.CompositeActor.initialize(CompositeActor.java:935)
	at ptolemy.actor.Manager.initialize(Manager.java:724)
	at ptolemy.actor.Manager.execute(Manager.java:356)
	at ptolemy.actor.Manager.run(Manager.java:1263)
	at ptolemy.actor.Manager$PtolemyRunThread.run(Manager.java:1933)
java.lang.reflect.InvocationTargetException
	at java.base/jdk.internal.reflect.NativeConstructorAccessorImpl.newInstance0(Native Method)
	at java.base/jdk.internal.reflect.NativeConstructorAccessorImpl.newInstance(NativeConstructorAccessorImpl.java:62)
	at java.base/jdk.internal.reflect.DelegatingConstructorAccessorImpl.newInstance(DelegatingConstructorAccessorImpl.java:45)
	at java.base/java.lang.reflect.Constructor.newInstance(Constructor.java:490)
	at ptolemy.util.test.junit.AutoKnownFailedTests.RunModel(AutoKnownFailedTests.java:105)
	at java.base/jdk.internal.reflect.NativeMethodAccessorImpl.invoke0(Native Method)
	at java.base/jdk.internal.reflect.NativeMethodAccessorImpl.invoke(NativeMethodAccessorImpl.java:62)
	at java.base/jdk.internal.reflect.DelegatingMethodAccessorImpl.invoke(DelegatingMethodAccessorImpl.java:43)
	at java.base/java.lang.reflect.Method.invoke(Method.java:566)
	at org.junit.runners.model.FrameworkMethod$1.runReflectiveCall(FrameworkMethod.java:44)
	at org.junit.internal.runners.model.ReflectiveCallable.run(ReflectiveCallable.java:15)
	at org.junit.runners.model.FrameworkMethod.invokeExplosively(FrameworkMethod.java:41)
	at junitparams.internal.InvokeParameterisedMethod.evaluate(InvokeParameterisedMethod.java:102)
	at org.junit.internal.runners.statements.FailOnTimeout$1.run(FailOnTimeout.java:28)
Caused by: ptolemy.kernel.util.IllegalActionException: TypeTest actor has no training data.
  in .sizedarray3.TypeTest
	at ptolemy.actor.lib.TypeTest.initialize(TypeTest.java:250)
	at ptolemy.actor.Director.initialize(Director.java:938)
	at ptolemy.actor.Director.initialize(Director.java:907)
	at ptolemy.actor.sched.StaticSchedulingDirector.initialize(StaticSchedulingDirector.java:159)
	at ptolemy.domains.sdf.kernel.SDFDirector.initialize(SDFDirector.java:544)
	at ptolemy.actor.CompositeActor.initialize(CompositeActor.java:935)
	at ptolemy.actor.Manager.initialize(Manager.java:724)
	at ptolemy.actor.Manager.execute(Manager.java:356)
	at ptolemy.actor.Manager.run(Manager.java:1263)
	at ptolemy.actor.Manager$PtolemyRunThread.run(Manager.java:1933)
java.lang.RuntimeException: Execution failed
	at ptolemy.moml.MoMLSimpleApplication$UnloadThread.run(MoMLSimpleApplication.java:402)
Caused by: ptolemy.kernel.util.IllegalActionException: Test fails in iteration 0.
Value was: 6001L. Should have been: 6000L
  in .ExecutionTimeSDF.NonStrictTest
	at ptolemy.actor.lib.NonStrictTest.postfire(NonStrictTest.java:328)
	at ptolemy.actor.AtomicActor.iterate(AtomicActor.java:518)
	at ptolemy.actor.sched.StaticSchedulingDirector.fire(StaticSchedulingDirector.java:216)
	at ptolemy.domains.sdf.kernel.SDFDirector.fire(SDFDirector.java:500)
	at ptolemy.actor.CompositeActor.fire(CompositeActor.java:455)
	at ptolemy.actor.Manager.iterate(Manager.java:851)
	at ptolemy.actor.Manager.execute(Manager.java:369)
	at ptolemy.actor.Manager.run(Manager.java:1263)
	at ptolemy.actor.Manager$PtolemyRunThread.run(Manager.java:1933)
]]></system-err>
</testsuite>
