<?xml version="1.0" encoding="UTF-8" ?>
<testsuite errors="0" failures="0" hostname="travis-job-2368869a-0b03-45c1-b89c-caf2f3cb9f6c" name="ptolemy.actor.lib.test.junit.JUnitTclTest" skipped="0" tests="517" time="62.483" timestamp="2019-03-16T03:43:38">
  <properties>
    <property name="npm.executable" value="npm" />
    <property name="file.encoding.pkg" value="sun.io" />
    <property name="env.TRAVIS_ROOT" value="/" />
    <property name="ptII.mk.exists" value="true" />
    <property name="env.TRAVIS_APP_HOST" value="build.travis-ci.org" />
    <property name="env.rvm_bin_path" value="/home/travis/.rvm/bin" />
    <property name="java.home" value="/usr/lib/jvm/java-8-oracle/jre" />
    <property name="env.TRAVIS_JOB_NUMBER" value="1050.8" />
    <property name="env.TRAVIS_HOME" value="/home/travis" />
    <property name="env.DISPLAY" value=":99.0" />
    <property name="java.net.preferIPv4Stack" value="true" />
    <property name="env.TRAVIS_INIT" value="upstart" />
    <property name="env.SSH_TTY" value="/dev/pts/0" />
    <property name="env.RUN_TESTS" value="true" />
    <property name="timeout.short" value="1000000" />
    <property name="env.TRAVIS_JOB_NAME" value="" />
    <property name="env.TRAVIS_STACK_NODE_ATTRIBUTES" value="/.node-attributes.yml" />
    <property name="junit.formatter" value="xml" />
    <property name="java.endorsed.dirs" value="/usr/lib/jvm/java-8-oracle/jre/lib/endorsed" />
    <property name="env.TRAVIS_SUDO" value="true" />
    <property name="env.LOGNAME" value="travis" />
    <property name="env.PT_TRAVIS_TEST_CORE1_XML" value="true" />
    <property name="jsdoc.home" value="node_modules/@terraswarm/jsdoc" />
    <property name="debuglevel" value="source,lines,vars" />
    <property name="checkstyle.formatter" value="xml" />
    <property name="bin.vergil.makeable" value="true" />
    <property name="env._system_version" value="14.04" />
    <property name="sun.os.patch.level" value="unknown" />
    <property name="java.vendor.url" value="http://java.oracle.com/" />
    <property name="env.TRAVIS_BUILD_WEB_URL" value="https://travis-ci.org/icyphy/ptII/builds/507090496" />
    <property name="java.version" value="1.8.0_151" />
    <property name="env.TZ" value="UTC" />
    <property name="env.PT_NO_NET" value="true" />
    <property name="env.TRAVIS_PULL_REQUEST_SHA" value="" />
    <property name="env.TRAVIS_SECURE_ENV_VARS" value="true" />
    <property name="env._system_type" value="Linux" />
    <property name="java.vendor.url.bug" value="http://bugreport.sun.com/bugreport/" />
    <property name="env.SSH_CLIENT" value="10.10.4.75 35370 22" />
    <property name="npmjs-org-is-up" value="true" />
    <property name="env.GEM_HOME" value="/home/travis/.rvm/gems/ruby-2.4.1" />
    <property name="env.HAS_ANTARES_THREE_LITTLE_FRONZIES_BADGE" value="true" />
    <property name="env.PS4" value="+" />
    <property name="ant.project.invoked-targets" value="build,test.core1.xml" />
    <property name="env.TRAVIS_PULL_REQUEST_BRANCH" value="" />
    <property name="env.TRAVIS_REPO_SLUG" value="icyphy/ptII" />
    <property name="env.TRAVIS_APT_PROXY" value="http://build-cache.travisci.net" />
    <property name="node.in.path" value="true" />
    <property name="java.maxmemory" value="1400m" />
    <property name="env.RUBY_VERSION" value="ruby-2.4.1" />
    <property name="user.name" value="travis" />
    <property name="env.LANG" value="en_US.UTF-8" />
    <property name="sun.io.unicode.encoding" value="UnicodeLittle" />
    <property name="sun.jnu.encoding" value="UTF-8" />
    <property name="java.runtime.name" value="Java(TM) SE Runtime Environment" />
    <property name="usefile" value="false" />
    <property name="return.code" value="0" />
    <property name="junit.single.formatter" value="plain" />
    <property name="env.DYLD_LIBRARY_PATH" value="/home/travis/pthla/certi-tools/lib:" />
    <property name="env.DEBIAN_FRONTEND" value="noninteractive" />
    <property name="env.SSH_CONNECTION" value="10.10.4.75 35370 10.20.0.186 22" />
    <property name="env.MYSQL_UNIX_PORT" value="/var/run/mysqld/mysqld.sock" />
    <property name="env.TRAVIS_ALLOW_FAILURE" value="false" />
    <property name="env.LC_ALL" value="en_US.UTF-8" />
    <property name="env.TRAVIS_JOB_WEB_URL" value="https://travis-ci.org/icyphy/ptII/jobs/507090504" />
    <property name="java.specification.name" value="Java Platform API Specification" />
    <property name="node.works" value="true" />
    <property name="user.timezone" value="" />
    <property name="path.separator" value=":" />
    <property name="env.TRAVIS_ENABLE_INFRA_DETECTION" value="true" />
    <property name="env.PYTHON_CFLAGS" value="-g -fstack-protector --param=ssp-buffer-size=4 -Wformat -Werror=format-security" />
    <property name="timeout.long" value="4000000" />
    <property name="env.CERTI_HOME" value="/home/travis/pthla/certi-tools" />
    <property name="file.encoding" value="UTF-8" />
    <property name="ant.file.ptII" value="/home/travis/build/icyphy/ptII/build.xml" />
    <property name="javadoc.packagenames" value="com.*,diva.*,lbnl.*,org.hlacerti.*,org.json.*,org.ptolemy.*,org.terraswarm.*,ptolemy.*,ptserver.*" />
    <property name="env.TRAVIS_PULL_REQUEST_SLUG" value="" />
    <property name="ant.project.default-target" value="build" />
    <property name="env.GIT_ASKPASS" value="echo" />
    <property name="env.HOME" value="/home/travis" />
    <property name="sun.java.command" value="org.apache.tools.ant.taskdefs.optional.junit.JUnitTestRunner ptolemy.actor.lib.test.junit.JUnitTclTest skipNonTests=false filtertrace=true haltOnError=false haltOnFailure=false formatter=org.apache.tools.ant.taskdefs.optional.junit.OutErrSummaryJUnitResultFormatter showoutput=true outputtoformatters=true logfailedtests=true threadid=0 logtestlistenerevents=false formatter=org.apache.tools.ant.taskdefs.optional.junit.XMLJUnitResultFormatter,/home/travis/build/icyphy/ptII/reports/junit/TEST-ptolemy.actor.lib.test.junit.JUnitTclTest.xml crashfile=/home/travis/build/icyphy/ptII/junitvmwatcher2434671474918763424.properties propsfile=/home/travis/build/icyphy/ptII/junit4321058342834422025.properties" />
    <property name="env.MANPATH" value="/home/travis/.nvm/versions/node/v7.10.1/share/man:/home/travis/.kiex/elixirs/elixir-1.4.5/man:/home/travis/.rvm/rubies/ruby-2.4.1/share/man:/usr/local/man:/usr/local/cmake-3.9.2/man:/usr/local/clang-5.0.0/share/man:/usr/local/share/man:/usr/share/man:/home/travis/.rvm/man" />
    <property name="env.COMPOSER_NO_INTERACTION" value="1" />
    <property name="env.JDK_SWITCHER_DEFAULT" value="oraclejdk8" />
    <property name="env.TRAVIS_TIMER_ID" value="0322b5f1" />
    <property name="ant.file" value="/home/travis/build/icyphy/ptII/build.xml" />
    <property name="env.TRAVIS_COMMIT_RANGE" value="cdf011915240a8a4144e92c06adf27b4fd123c97...67555cc8f7f8bee349ae8a97249408c1f5190cda" />
    <property name="env._system_name" value="Ubuntu" />
    <property name="timeout" value="2400000" />
    <property name="ptII.classpath.optional.property" value="/home/travis/build/icyphy/ptII/lib/bsh-2.0b4.jar:/home/travis/build/icyphy/ptII/lib/ptCal.jar:/home/travis/build/icyphy/ptII/lib/java_cup.jar:/home/travis/build/icyphy/ptII/lib/saxon8.jar:/home/travis/build/icyphy/ptII/lib/saxon8-dom.jar:/home/travis/build/icyphy/ptII/lib/chic.jar:/home/travis/build/icyphy/ptII/lib/ptcolt.jar:/usr/lib/jvm/java-8-oracle/lib/tools.jar:/home/travis/build/icyphy/ptII/vendors/misc/itext/iText.jar:/home/travis/build/icyphy/ptII/lib/g4ltl.jar:/home/travis/build/icyphy/ptII/lib/StructuralCoder.jar:/home/travis/build/icyphy/ptII/vendors/jai-1_1_2_01/lib/jai_core.jar:/home/travis/build/icyphy/ptII/vendors/jai-1_1_2_01/lib/jai_codec.jar:/home/travis/build/icyphy/ptII/lib/jcerti.jar:/home/travis/build/icyphy/ptII/lib/javax.mail.jar:/home/travis/build/icyphy/ptII/vendors/JMF-2.1.1e/lib/jmf.jar:/home/travis/build/icyphy/ptII/lib/jna-4.0.0-variadic.jar:/home/travis/build/icyphy/ptII/vendors/misc/joystick/Joystick.jar:/home/travis/build/icyphy/ptII/lib/ptjacl.jar:/home/travis/build/icyphy/ptII/lib/jsoup-1.8.2.jar:/home/travis/build/icyphy/ptII/lib/junit-4.8.2.jar:/home/travis/build/icyphy/ptII/lib/JUnitParams-0.4.0.jar:/home/travis/build/icyphy/ptII/ptolemy/actor/lib/excel/jxl.jar:/home/travis/build/icyphy/ptII/lib/jython.jar:/home/travis/build/icyphy/ptII/lib/kieler.jar:/home/travis/build/icyphy/ptII/vendors/opencv/share/OpenCV/java/opencv-341.jar:/home/travis/build/icyphy/ptII/lib/oscP5.jar:/home/travis/build/icyphy/ptII/lib/nrjavaserial-3.11.0.devel.jar:/home/travis/build/icyphy/ptII/vendors/j3d/lib/j3dcore.jar:/home/travis/build/icyphy/ptII/vendors/j3d/lib/j3dutils.jar:/home/travis/build/icyphy/ptII/vendors/j3d/lib/vecmath.jar:/home/travis/build/icyphy/ptII/ptolemy/distributed/jini/jar/jini-core.jar:/home/travis/build/icyphy/ptII/ptolemy/distributed/jini/jar/jini-ext.jar:/home/travis/build/icyphy/ptII/ptolemy/distributed/jini/jar/sun-util.jar:/home/travis/build/icyphy/ptII/lib/protobuf-java-2.4.1.jar:/home/travis/build/icyphy/ptII/lib/org.eclipse.paho.client.mqttv3.jar:/home/travis/build/icyphy/ptII/lib/mapss.jar:/home/travis/build/icyphy/ptII/ptolemy/actor/ptalon/antlr/antlr.jar:/home/travis/build/icyphy/ptII/lib/JRI.jar:/home/travis/build/icyphy/ptII/lib/commons-lang-2.6.jar:/home/travis/build/icyphy/ptII/lib/commons-logging-1.1.1.jar:/home/travis/build/icyphy/ptII/lib/sootclasses.jar:/home/travis/build/icyphy/ptII/ptolemy/actor/lib/database/mysql-connector-java-5.1.6-bin.jar:/home/travis/build/icyphy/ptII/vendors/misc/sphinx4/sphinx4-data-5prealpha.jar:/home/travis/build/icyphy/ptII/vendors/misc/sphinx4/sphinx4-core-5prealpha.jar:/home/travis/build/icyphy/ptII/lib/PDFRenderer.jar:/home/travis/build/icyphy/ptII/lib/svgSalamander.jar:/home/travis/build/icyphy/ptII/lib/rsyntaxtextarea-2.6.0-SNAPSHOT.jar:/home/travis/build/icyphy/ptII/lib/hazelcast-3.8.2.jar:/home/travis/build/icyphy/ptII/lib/jackson-annotations-2.9.0.jar:/home/travis/build/icyphy/ptII/lib/jackson-core-2.9.3.jar:/home/travis/build/icyphy/ptII/lib/jackson-databind-2.9.3.jar:/home/travis/build/icyphy/ptII/lib/netty-buffer-4.1.19.Final.jar:/home/travis/build/icyphy/ptII/lib/netty-codec-4.1.19.Final.jar:/home/travis/build/icyphy/ptII/lib/netty-codec-dns-4.1.19.Final.jar:/home/travis/build/icyphy/ptII/lib/netty-codec-http-4.1.19.Final.jar:/home/travis/build/icyphy/ptII/lib/netty-codec-http2-4.1.19.Final.jar:/home/travis/build/icyphy/ptII/lib/netty-common-4.1.19.Final.jar:/home/travis/build/icyphy/ptII/lib/netty-handler-4.1.19.Final.jar:/home/travis/build/icyphy/ptII/lib/netty-resolver-4.1.19.Final.jar:/home/travis/build/icyphy/ptII/lib/netty-resolver-dns-4.1.19.Final.jar:/home/travis/build/icyphy/ptII/lib/netty-transport-4.1.19.Final.jar:/home/travis/build/icyphy/ptII/lib/vertx-codegen-3.5.1.jar:/home/travis/build/icyphy/ptII/lib/vertx-core-3.5.2-SNAPSHOT.jar:/home/travis/build/icyphy/ptII/lib/vertx-hazelcast-3.5.1.jar:/home/travis/build/icyphy/ptII/lib/vertx-lang-js-3.5.1.jar:/home/travis/build/icyphy/ptII/lib/vertx-service-proxy-3.5.1.jar:/home/travis/build/icyphy/ptII/lib/vertx-web-3.5.1.jar:/home/travis/build/icyphy/ptII/lib/slf4j-api-1.7.13.jar:/home/travis/build/icyphy/ptII/lib/slf4j-simple-1.7.13.jar:/home/travis/build/icyphy/ptII/lib/webcam-capture-0.3.12.jar:/home/travis/build/icyphy/ptII/lib/bridj-0.7.0.jar:/home/travis/build/icyphy/ptII/lib/xbjlib-1.1.0.nrjavaserial.jar" />
    <property name="test.batch" value="**/junit/*.java" />
    <property name="env._" value="/usr/bin/timeout" />
    <property name="java.io.tmpdir" value="/tmp" />
    <property name="env.TRAVIS_INTERNAL_RUBY_REGEX" value="^ruby-(2\.[0-4]\.[0-9]|1\.9\.3)" />
    <property name="user.language" value="en" />
    <property name="env.HISTCONTROL" value="ignoredups:ignorespace" />
    <property name="env.GOROOT" value="/home/travis/.gimme/versions/go1.7.4.linux.amd64" />
    <property name="line.separator" value="&#xa;" />
    <property name="target" value="1.8" />
    <property name="env.TRAVIS_BUILD_DIR" value="/home/travis/build/icyphy/ptII" />
    <property name="env.ANT_OPTS" value="-Xmx2048m" />
    <property name="ant.file.type" value="file" />
    <property name="ptolemy.ptII.batchMode" value="true" />
    <property name="env.HISTSIZE" value="1000" />
    <property name="env.MERB_ENV" value="test" />
    <property name="java.vm.info" value="mixed mode" />
    <property name="source" value="1.8" />
    <property name="java.vm.specification.name" value="Java Virtual Machine Specification" />
    <property name="env.TRAVIS_TEST_RESULT" value="0" />
    <property name="jsdoc.command" value="node_modules/@terraswarm/jsdoc/jsdoc.js" />
    <property name="npm.works" value="true" />
    <property name="cobertura.dir" value="/home/travis/build/icyphy/ptII/vendors/cobertura-2.0.3" />
    <property name="env.rvm_path" value="/home/travis/.rvm" />
    <property name="env.GEM_PATH" value="/home/travis/.rvm/gems/ruby-2.4.1:/home/travis/.rvm/gems/ruby-2.4.1@global" />
    <property name="env.LC_CTYPE" value="en_US.UTF-8" />
    <property name="java.awt.printerjob" value="sun.print.PSPrinterJob" />
    <property name="env.TRAVIS_CMD" value="$PTII/bin/ptIITravisBuild.sh $SECONDS" />
    <property name="env.TRAVIS_STACK_NAME" value="garnet" />
    <property name="env.TRAVIS_TIMER_START_TIME" value="1552707444194824475" />
    <property name="ant.version" value="Apache Ant(TM) version 1.10.1 compiled on February 2 2017" />
    <property name="ptII.reports" value="/home/travis/build/icyphy/ptII/reports" />
    <property name="env.TRAVIS_STACK_TIMESTAMP" value="2017-12-05 19:33:09 UTC" />
    <property name="ant.file.type.ptII" value="file" />
    <property name="env.RBENV_SHELL" value="bash" />
    <property name="os.name" value="Linux" />
    <property name="java.specification.vendor" value="Oracle Corporation" />
    <property name="env.rvm_version" value="1.29.3 (latest)" />
    <property name="env.TRAVIS_INFRA" value="gce" />
    <property name="env.TERM" value="xterm" />
    <property name="java.vm.name" value="Java HotSpot(TM) 64-Bit Server VM" />
    <property name="env.TRAVIS_BUILD_NUMBER" value="1050" />
    <property name="env.CI" value="true" />
    <property name="java.library.path" value="/home/travis/pthla/certi-tools/lib:/usr/lib/jni:/usr/local/share/OpenCV/java/:/usr/share/OpenCV/java::/usr/java/packages/lib/amd64:/usr/lib64:/lib64:/lib:/usr/lib" />
    <property name="env.rvm_prefix" value="/home/travis" />
    <property name="env.PATH" value="/home/travis/pthla/certi-tools/share/scripts:/home/travis/.rvm/gems/ruby-2.4.1/bin:/home/travis/.rvm/gems/ruby-2.4.1@global/bin:/home/travis/.rvm/rubies/ruby-2.4.1/bin:/home/travis/.rvm/bin:/home/travis/.nvm/versions/node/v7.10.1/bin:./node_modules/.bin:/home/travis/build/icyphy/ptII/bin:/home/travis/pthla/certi-tools/bin:/home/travis/bin:/home/travis/.local/bin:/opt/pyenv/shims:/home/travis/.phpenv/shims:/home/travis/perl5/perlbrew/bin:/home/travis/.kiex/elixirs/elixir-1.4.5/bin:/home/travis/.kiex/bin:/home/travis/gopath/bin:/home/travis/.gimme/versions/go1.7.4.linux.amd64/bin:/usr/local/phantomjs/bin:/usr/local/phantomjs:/usr/local/neo4j-3.2.7/bin:/usr/local/maven-3.5.2/bin:/usr/local/cmake-3.9.2/bin:/usr/local/clang-5.0.0/bin:/usr/local/sbin:/usr/local/bin:/usr/sbin:/usr/bin:/sbin:/bin:/home/travis/.phpenv/bin:/opt/pyenv/bin:/home/travis/.yarn/bin" />
    <property name="env.TRAVIS_OS_NAME" value="linux" />
    <property name="ant.java.version" value="1.8" />
    <property name="basedir" value="/home/travis/build/icyphy/ptII" />
    <property name="java.class.version" value="52.0" />
    <property name="env.SHLVL" value="3" />
    <property name="env.LD_LIBRARY_PATH" value="/home/travis/pthla/certi-tools/lib:/usr/lib/jni:/usr/local/share/OpenCV/java/:/usr/share/OpenCV/java:" />
    <property name="env.RACK_ENV" value="test" />
    <property name="ant.home" value="/home/travis/build/icyphy/ptII/ant" />
    <property name="env.PERLBREW_BASHRC_VERSION" value="0.80" />
    <property name="env.NVM_DIR" value="/home/travis/.nvm" />
    <property name="env.TRAVIS_BUILD_ID" value="507090496" />
    <property name="env.CERTI_FOM_PATH" value="/home/travis/pthla/certi-tools/share/federations" />
    <property name="env.PYENV_ROOT" value="/opt/pyenv" />
    <property name="env.TRAVIS_UID" value="2000" />
    <property name="env.rvm_pretty_print_flag" value="auto" />
    <property name="env.NVM_BIN" value="/home/travis/.nvm/versions/node/v7.10.1/bin" />
    <property name="env.TRAVIS_COMMIT" value="67555cc8f7f8bee349ae8a97249408c1f5190cda" />
    <property name="env._system_arch" value="x86_64" />
    <property name="node.executable" value="node" />
    <property name="sun.boot.library.path" value="/usr/lib/jvm/java-8-oracle/jre/lib/amd64" />
    <property name="sun.management.compiler" value="HotSpot 64-Bit Tiered Compilers" />
    <property name="env.GOPATH" value="/home/travis/gopath" />
    <property name="java.awt.graphicsenv" value="sun.awt.X11GraphicsEnvironment" />
    <property name="ptolemy.ptII.dir" value="/home/travis/build/icyphy/ptII" />
    <property name="env.USER" value="travis" />
    <property name="env.HISTFILESIZE" value="2000" />
    <property name="timeout.longest" value="19000000" />
    <property name="env.TRAVIS_STACK_FEATURES" value="basic cassandra chromium couchdb disabled-ipv6 docker docker-compose elasticsearch firefox go-toolchain google-chrome jdk memcached mongodb mysql neo4j nodejs_interpreter perl_interpreter perlbrew phantomjs postgresql python_interpreter rabbitmq redis riak ruby_interpreter sqlite xserver" />
    <property name="env.TRAVIS_PULL_REQUEST" value="false" />
    <property name="env.PYENV_SHELL" value="bash" />
    <property name="ant.project.name" value="ptII" />
    <property name="java.vm.specification.version" value="1.8" />
    <property name="env.ANSI_RESET" value="\033[0m" />
    <property name="env.TRAVIS_DIST" value="trusty" />
    <property name="env.CERTI_VERSION" value="4.0.0" />
    <property name="env.NLSPATH" value="/usr/dt/lib/nls/msg/%L/%N.cat" />
    <property name="awt.toolkit" value="sun.awt.X11.XToolkit" />
    <property name="env.CERTI_HOST" value="localhost" />
    <property name="env.MY_RUBY_HOME" value="/home/travis/.rvm/rubies/ruby-2.4.1" />
    <property name="sun.cpu.isalist" value="" />
    <property name="env.TRAVIS_TMPDIR" value="/tmp/tmp.OjDxzpN5tN" />
    <property name="java.ext.dirs" value="/usr/lib/jvm/java-8-oracle/jre/lib/ext:/usr/java/packages/lib/ext" />
    <property name="os.version" value="4.4.0-101-generic" />
    <property name="user.home" value="/home/travis" />
    <property name="env.MIX_ARCHIVES" value="/home/travis/.kiex/mix/elixir-1.4.5" />
    <property name="java.vm.vendor" value="Oracle Corporation" />
    <property name="env.TRAVIS_TAG" value="nightly" />
    <property name="env.ANSI_YELLOW" value="\033[33;1m" />
    <property name="env.TRAVIS_FILTERED" value="redirect_io" />
    <property name="env.ANSI_GREEN" value="\033[32;1m" />
    <property name="env.JAVA_HOME" value="/usr/lib/jvm/java-8-oracle" />
    <property name="env.PTII" value="/home/travis/build/icyphy/ptII" />
    <property name="javadoc.excludepackagenames" value="adm.cvs2svn.*,build.*,config.*,doc.coding.templates.*,jni.test.jni.meaningOfLife.*,jni.test.jni.testDeux.*,jni.test.jni.testTrois.*,org.terraswarm.accessor.accessors.web.node_modules.*,org.terraswarm.accessor.accessors.web.hosts.cordova.demo.*,org.terraswarm.accessor.accessors.web.hosts.cordova.plugins.*,org.terraswarm.accessor.accessors-svn.*,pt-modules.*,ptolemy.apps.agilent.*,ptolemy.apps.anytimecontrol.*,ptolemy.apps.apes.*,ptolemy.apps.charon.*,ptolemy.apps.crazyboard.*,ptolemy.apps.eclipse.*,ptolemy.apps.etherealSting.*,ptolemy.apps.fullscreen.*,ptolemy.apps.giotto.*,ptolemy.apps.ia.*,ptolemy.apps.interfaces.*,ptolemy.apps.jmf.*,ptolemy.apps.kurt.*,ptolemy.apps.kvm.*,ptolemy.apps.lego.*,ptolemy.apps.lejos.*,ptolemy.apps.midp.*,ptolemy.apps.mobileCoding.*,ptolemy.apps.pendulum.*,ptolemy.apps.rijndael.*,ptolemy.apps.robot.*,ptolemy.apps.security.*,ptolemy.apps.sobel.*,ptolemy.apps.soot.*,ptolemy.apps.throttle.*,ptolemy.apps.tini.*,ptolemy.apps.transmission.*,ptolemy.apps.vergil.*,ptolemy.apps.waba.*,ptolemy.apps.websensor.*,ptolemy.apps.webstart.*,ptolemy.apps.xsl.*,ptolemy.apps.zaurus.*,ptolemy.codegen.c.actor.lib.oldJavaFiles.*,ptolemy.codegen.dsp.lib.*,ptolemy.codegen.kernel.newInterfaces.*,ptolemy.codegen.lib.*,ptolemy.copernicus.kernel.fragment.*,ptolemy.copernicus.shallow.cg.*,ptolemy.domains.giotto.demo.Hierarchy.Hierarchy.*,ptolemy.domains.giotto.demo.Multimode.Multimode.*,ptolemy.domains.giotto.demo.Simple.Simple.*,ptolemy.domains.gr.lib.experimental.*,ptolemy.domains.gro.*,ptolemy.domains.pdf.*,ptolemy.domains.ptinyos.demo.Surge.output.*,ptolemy.moml.test.NoPackageActor.java*,ptolemy.plot.adm.*,ptolemy.plot.servlet.*,reports.*,signed.*,src.*,target.*,vendors.*,ptolemy.apps.eclipse.awt.*,ptolemy.backtrack.*,ptolemy.backtrack.ast.*,ptolemy.cg.adapter.generic.program.procedural.c.mbed*,ptolemy.homer.*,org.ptolemy.scala.*,diva.util.java2d.svg.*,ptolemy.domains.ptinyos.*,ptolemy.actor.lib.fmi.fmipp.*,,org.terraswarm.accessor.accessors.web.node_modules.*,org.terraswarm.accessor.accessors-svn,ptolemy.apps.*,ptolemy.actor.ptalon.demo.ptinyos.SendAndReceiveCnt.output,ptolemy.actor.ptalon.demo.ptinyos.SenseToLeds.output,ptolemy.domains.ptinyos.demo.CntToLedsAndRfm.output,ptolemy.domains.ptinyos.demo.RfmToLeds.output,ptolemy.domains.ptinyos.demo.SendAndReceiveCnt.output,ptolemy.domains.ptinyos.demo.SenseToLeds.output,ptolemy.actor.lib.jjs.modules.udpSocket.*" />
    <property name="env.TRAVIS_COMMIT_MESSAGE" value="Fine tuned documentation and changed a tick2() to tick() and watch for stopRequested" />
    <property name="keystore" value="ptKeystore" />
    <property name="env.XDG_SESSION_ID" value="2" />
    <property name="junit.output.dir" value="/home/travis/build/icyphy/ptII/reports/junit" />
    <property name="npm.return.code" value="0" />
    <property name="user.dir" value="/home/travis/build/icyphy/ptII/ptolemy/actor/lib/test" />
    <property name="env.TRAVIS_NODE_VERSION" value="7" />
    <property name="env.XFILESEARCHPATH" value="/usr/dt/app-defaults/%L/Dt" />
    <property name="env.TRAVIS_EVENT_TYPE" value="cron" />
    <property name="env.MAIL" value="/var/mail/travis" />
    <property name="env.PWD" value="/home/travis/build/icyphy/ptII" />
    <property name="env.PERLBREW_ROOT" value="/home/travis/perl5/perlbrew" />
    <property name="timeout.npm" value="45000" />
    <property name="env.TRAVIS_ARCH" value="amd64" />
    <property name="env.PAGER" value="cat" />
    <property name="sun.cpu.endian" value="little" />
    <property name="env.TRAVIS_BUILD_STAGE_NAME" value="Test" />
    <property name="env.PERLBREW_HOME" value="/home/travis/.perlbrew" />
    <property name="env.RAILS_ENV" value="test" />
    <property name="java.vm.version" value="25.151-b12" />
    <property name="java.class.path" value="/home/travis/.ptolemyII:/home/travis/.ptolemyII/*:/home/travis/build/icyphy/ptII:/home/travis/build/icyphy/ptII/lib/bsh-2.0b4.jar:/home/travis/build/icyphy/ptII/lib/ptCal.jar:/home/travis/build/icyphy/ptII/lib/java_cup.jar:/home/travis/build/icyphy/ptII/lib/saxon8.jar:/home/travis/build/icyphy/ptII/lib/saxon8-dom.jar:/home/travis/build/icyphy/ptII/lib/chic.jar:/home/travis/build/icyphy/ptII/lib/ptcolt.jar:/usr/lib/jvm/java-8-oracle/lib/tools.jar:/home/travis/build/icyphy/ptII/vendors/misc/itext/iText.jar:/home/travis/build/icyphy/ptII/lib/g4ltl.jar:/home/travis/build/icyphy/ptII/lib/StructuralCoder.jar:/home/travis/build/icyphy/ptII/vendors/jai-1_1_2_01/lib/jai_core.jar:/home/travis/build/icyphy/ptII/vendors/jai-1_1_2_01/lib/jai_codec.jar:/home/travis/build/icyphy/ptII/lib/jcerti.jar:/home/travis/build/icyphy/ptII/lib/javax.mail.jar:/home/travis/build/icyphy/ptII/vendors/JMF-2.1.1e/lib/jmf.jar:/home/travis/build/icyphy/ptII/lib/jna-4.0.0-variadic.jar:/home/travis/build/icyphy/ptII/vendors/misc/joystick/Joystick.jar:/home/travis/build/icyphy/ptII/lib/ptjacl.jar:/home/travis/build/icyphy/ptII/lib/jsoup-1.8.2.jar:/home/travis/build/icyphy/ptII/lib/junit-4.8.2.jar:/home/travis/build/icyphy/ptII/lib/JUnitParams-0.4.0.jar:/home/travis/build/icyphy/ptII/ptolemy/actor/lib/excel/jxl.jar:/home/travis/build/icyphy/ptII/lib/jython.jar:/home/travis/build/icyphy/ptII/lib/kieler.jar:/home/travis/build/icyphy/ptII/vendors/opencv/share/OpenCV/java/opencv-341.jar:/home/travis/build/icyphy/ptII/lib/oscP5.jar:/home/travis/build/icyphy/ptII/lib/nrjavaserial-3.11.0.devel.jar:/home/travis/build/icyphy/ptII/vendors/j3d/lib/j3dcore.jar:/home/travis/build/icyphy/ptII/vendors/j3d/lib/j3dutils.jar:/home/travis/build/icyphy/ptII/vendors/j3d/lib/vecmath.jar:/home/travis/build/icyphy/ptII/ptolemy/distributed/jini/jar/jini-core.jar:/home/travis/build/icyphy/ptII/ptolemy/distributed/jini/jar/jini-ext.jar:/home/travis/build/icyphy/ptII/ptolemy/distributed/jini/jar/sun-util.jar:/home/travis/build/icyphy/ptII/lib/protobuf-java-2.4.1.jar:/home/travis/build/icyphy/ptII/lib/org.eclipse.paho.client.mqttv3.jar:/home/travis/build/icyphy/ptII/lib/mapss.jar:/home/travis/build/icyphy/ptII/ptolemy/actor/ptalon/antlr/antlr.jar:/home/travis/build/icyphy/ptII/lib/JRI.jar:/home/travis/build/icyphy/ptII/lib/commons-lang-2.6.jar:/home/travis/build/icyphy/ptII/lib/commons-logging-1.1.1.jar:/home/travis/build/icyphy/ptII/lib/sootclasses.jar:/home/travis/build/icyphy/ptII/ptolemy/actor/lib/database/mysql-connector-java-5.1.6-bin.jar:/home/travis/build/icyphy/ptII/vendors/misc/sphinx4/sphinx4-data-5prealpha.jar:/home/travis/build/icyphy/ptII/vendors/misc/sphinx4/sphinx4-core-5prealpha.jar:/home/travis/build/icyphy/ptII/lib/PDFRenderer.jar:/home/travis/build/icyphy/ptII/lib/svgSalamander.jar:/home/travis/build/icyphy/ptII/lib/rsyntaxtextarea-2.6.0-SNAPSHOT.jar:/home/travis/build/icyphy/ptII/lib/hazelcast-3.8.2.jar:/home/travis/build/icyphy/ptII/lib/jackson-annotations-2.9.0.jar:/home/travis/build/icyphy/ptII/lib/jackson-core-2.9.3.jar:/home/travis/build/icyphy/ptII/lib/jackson-databind-2.9.3.jar:/home/travis/build/icyphy/ptII/lib/netty-buffer-4.1.19.Final.jar:/home/travis/build/icyphy/ptII/lib/netty-codec-4.1.19.Final.jar:/home/travis/build/icyphy/ptII/lib/netty-codec-dns-4.1.19.Final.jar:/home/travis/build/icyphy/ptII/lib/netty-codec-http-4.1.19.Final.jar:/home/travis/build/icyphy/ptII/lib/netty-codec-http2-4.1.19.Final.jar:/home/travis/build/icyphy/ptII/lib/netty-common-4.1.19.Final.jar:/home/travis/build/icyphy/ptII/lib/netty-handler-4.1.19.Final.jar:/home/travis/build/icyphy/ptII/lib/netty-resolver-4.1.19.Final.jar:/home/travis/build/icyphy/ptII/lib/netty-resolver-dns-4.1.19.Final.jar:/home/travis/build/icyphy/ptII/lib/netty-transport-4.1.19.Final.jar:/home/travis/build/icyphy/ptII/lib/vertx-codegen-3.5.1.jar:/home/travis/build/icyphy/ptII/lib/vertx-core-3.5.2-SNAPSHOT.jar:/home/travis/build/icyphy/ptII/lib/vertx-hazelcast-3.5.1.jar:/home/travis/build/icyphy/ptII/lib/vertx-lang-js-3.5.1.jar:/home/travis/build/icyphy/ptII/lib/vertx-service-proxy-3.5.1.jar:/home/travis/build/icyphy/ptII/lib/vertx-web-3.5.1.jar:/home/travis/build/icyphy/ptII/lib/slf4j-api-1.7.13.jar:/home/travis/build/icyphy/ptII/lib/slf4j-simple-1.7.13.jar:/home/travis/build/icyphy/ptII/lib/webcam-capture-0.3.12.jar:/home/travis/build/icyphy/ptII/lib/bridj-0.7.0.jar:/home/travis/build/icyphy/ptII/lib/xbjlib-1.1.0.nrjavaserial.jar:/home/travis/build/icyphy/ptII/ptolemy/moml/test:/home/travis/build/icyphy/ptII/ant/lib/ant-launcher.jar:/home/travis/build/icyphy/ptII/ant/lib/ant.jar:/home/travis/build/icyphy/ptII/ant/lib/ant-junit.jar:/home/travis/build/icyphy/ptII/ant/lib/ant-junit4.jar" />
    <property name="ant.library.dir" value="/home/travis/build/icyphy/ptII/ant/lib" />
    <property name="os.arch" value="amd64" />
    <property name="env.TRAVIS_LANGUAGE" value="node_js" />
    <property name="env.CONTINUOUS_INTEGRATION" value="true" />
    <property name="env.TRAVIS_STACK_LANGUAGES" value="__garnet__ c c++ clojure cplusplus cpp default go groovy java node_js php pure_java python ruby scala" />
    <property name="test.name" value="ptolemy.actor.lib.test.junit.JUnitTclTest" />
    <property name="sun.java.launcher" value="SUN_STANDARD" />
    <property name="env.PYTHON_CONFIGURE_OPTS" value="--enable-unicode=ucs4 --with-wide-unicode --enable-shared --enable-ipv6 --enable-loadable-sqlite-extensions --with-computed-gotos" />
    <property name="ant.core.lib" value="/home/travis/build/icyphy/ptII/ant/lib/ant.jar" />
    <property name="java.vm.specification.vendor" value="Oracle Corporation" />
    <property name="env.BCVTB_HOME" value="/home/travis/build/icyphy/ptII/lbnl" />
    <property name="file.separator" value="/" />
    <property name="spotbugs.home" value="/home/travis/build/icyphy/ptII/vendors/spotbugs-3.1.1" />
    <property name="java.runtime.version" value="1.8.0_151-b12" />
    <property name="sun.boot.class.path" value="/usr/lib/jvm/java-8-oracle/jre/lib/resources.jar:/usr/lib/jvm/java-8-oracle/jre/lib/rt.jar:/usr/lib/jvm/java-8-oracle/jre/lib/sunrsasign.jar:/usr/lib/jvm/java-8-oracle/jre/lib/jsse.jar:/usr/lib/jvm/java-8-oracle/jre/lib/jce.jar:/usr/lib/jvm/java-8-oracle/jre/lib/charsets.jar:/usr/lib/jvm/java-8-oracle/jre/lib/jfr.jar:/usr/lib/jvm/java-8-oracle/jre/classes" />
    <property name="env.ANSI_CLEAR" value="\033[0K" />
    <property name="env.HAS_JOSH_K_SEAL_OF_APPROVAL" value="true" />
    <property name="env.XDG_RUNTIME_DIR" value="/run/user/2000" />
    <property name="env.TRAVIS_OSX_IMAGE" value="" />
    <property name="env.TRAVIS_BRANCH" value="master" />
    <property name="env.TRAVIS_JOB_ID" value="507090504" />
    <property name="user.country" value="US" />
    <property name="env.CERTI_HOME_TRAVIS" value="/home/travis/pthla/certi-tools" />
    <property name="env.SHELL" value="/bin/bash" />
    <property name="java.maxmemory.large" value="5000m" />
    <property name="model" value="" />
    <property name="env.CASHER_DIR" value="/home/travis/.casher" />
    <property name="env.NVM_CD_FLAGS" value="" />
    <property name="jshint.executable" value="/home/travis/node_modules/jshint/bin/jshint" />
    <property name="java.vendor" value="Oracle Corporation" />
    <property name="env.JRUBY_OPTS" value=" --client -J-XX:+TieredCompilation -J-XX:TieredStopAtLevel=1 -J-Xss2m -Xcompile.invokedynamic=false" />
    <property name="env.TRAVIS_PRE_CHEF_BOOTSTRAP_TIME" value="2017-12-05T19:32:55" />
    <property name="env.TRAVIS_STACK_JOB_BOARD_REGISTER" value="/.job-board-register.yml" />
    <property name="env.ELIXIR_VERSION" value="1.4.5" />
    <property name="env.ANSI_RED" value="\033[31;1m" />
    <property name="java.specification.version" value="1.8" />
    <property name="env.TRAVIS" value="true" />
    <property name="env.IRBRC" value="/home/travis/.rvm/rubies/ruby-2.4.1/.irbrc" />
    <property name="sun.arch.data.model" value="64" />
  </properties>
  <testcase classname="ptolemy.util.test.junit.TclTests" name="[0] /home/travis/build/icyphy/ptII/ptolemy/actor/lib/test/AbsoluteValue.tcl (RunTclFile)" time="0.489" />
  <testcase classname="ptolemy.util.test.junit.TclTests" name="[1] /home/travis/build/icyphy/ptII/ptolemy/actor/lib/test/AddSubtract.tcl (RunTclFile)" time="0.063" />
  <testcase classname="ptolemy.util.test.junit.TclTests" name="[2] /home/travis/build/icyphy/ptII/ptolemy/actor/lib/test/Average.tcl (RunTclFile)" time="0.034" />
  <testcase classname="ptolemy.util.test.junit.TclTests" name="[3] /home/travis/build/icyphy/ptII/ptolemy/actor/lib/test/Bernoulli.tcl (RunTclFile)" time="0.019" />
  <testcase classname="ptolemy.util.test.junit.TclTests" name="[4] /home/travis/build/icyphy/ptII/ptolemy/actor/lib/test/Clock.tcl (RunTclFile)" time="0.08" />
  <testcase classname="ptolemy.util.test.junit.TclTests" name="[5] /home/travis/build/icyphy/ptII/ptolemy/actor/lib/test/Commutator.tcl (RunTclFile)" time="0.14" />
  <testcase classname="ptolemy.util.test.junit.TclTests" name="[6] /home/travis/build/icyphy/ptII/ptolemy/actor/lib/test/Const.tcl (RunTclFile)" time="0.118" />
  <testcase classname="ptolemy.util.test.junit.TclTests" name="[7] /home/travis/build/icyphy/ptII/ptolemy/actor/lib/test/CurrentTime.tcl (RunTclFile)" time="0.024" />
  <testcase classname="ptolemy.util.test.junit.TclTests" name="[8] /home/travis/build/icyphy/ptII/ptolemy/actor/lib/test/DB.tcl (RunTclFile)" time="0.022" />
  <testcase classname="ptolemy.util.test.junit.TclTests" name="[9] /home/travis/build/icyphy/ptII/ptolemy/actor/lib/test/DiscreteRandomSource.tcl (RunTclFile)" time="0.048" />
  <testcase classname="ptolemy.util.test.junit.TclTests" name="[10] /home/travis/build/icyphy/ptII/ptolemy/actor/lib/test/Distributor.tcl (RunTclFile)" time="0.087" />
  <testcase classname="ptolemy.util.test.junit.TclTests" name="[11] /home/travis/build/icyphy/ptII/ptolemy/actor/lib/test/Exit.tcl (RunTclFile)" time="0.063" />
  <testcase classname="ptolemy.util.test.junit.TclTests" name="[12] /home/travis/build/icyphy/ptII/ptolemy/actor/lib/test/Expression.tcl (RunTclFile)" time="0.138" />
  <testcase classname="ptolemy.util.test.junit.TclTests" name="[13] /home/travis/build/icyphy/ptII/ptolemy/actor/lib/test/Gaussian.tcl (RunTclFile)" time="0.18" />
  <testcase classname="ptolemy.util.test.junit.TclTests" name="[14] /home/travis/build/icyphy/ptII/ptolemy/actor/lib/test/IIR.tcl (RunTclFile)" time="0.031" />
  <testcase classname="ptolemy.util.test.junit.TclTests" name="[15] /home/travis/build/icyphy/ptII/ptolemy/actor/lib/test/Interpolator.tcl (RunTclFile)" time="0.119" />
  <testcase classname="ptolemy.util.test.junit.TclTests" name="[16] /home/travis/build/icyphy/ptII/ptolemy/actor/lib/test/MathFunction.tcl (RunTclFile)" time="0.083" />
  <testcase classname="ptolemy.util.test.junit.TclTests" name="[17] /home/travis/build/icyphy/ptII/ptolemy/actor/lib/test/Maximum.tcl (RunTclFile)" time="0.027" />
  <testcase classname="ptolemy.util.test.junit.TclTests" name="[18] /home/travis/build/icyphy/ptII/ptolemy/actor/lib/test/Minimum.tcl (RunTclFile)" time="0.024" />
  <testcase classname="ptolemy.util.test.junit.TclTests" name="[19] /home/travis/build/icyphy/ptII/ptolemy/actor/lib/test/MultiplyDivide.tcl (RunTclFile)" time="0.034" />
  <testcase classname="ptolemy.util.test.junit.TclTests" name="[20] /home/travis/build/icyphy/ptII/ptolemy/actor/lib/test/OrderedMerge.tcl (RunTclFile)" time="0.104" />
  <testcase classname="ptolemy.util.test.junit.TclTests" name="[21] /home/travis/build/icyphy/ptII/ptolemy/actor/lib/test/Publisher.tcl (RunTclFile)" time="0.722" />
  <testcase classname="ptolemy.util.test.junit.TclTests" name="[22] /home/travis/build/icyphy/ptII/ptolemy/actor/lib/test/Pulse.tcl (RunTclFile)" time="0.063" />
  <testcase classname="ptolemy.util.test.junit.TclTests" name="[23] /home/travis/build/icyphy/ptII/ptolemy/actor/lib/test/Ramp.tcl (RunTclFile)" time="2.062" />
  <testcase classname="ptolemy.util.test.junit.TclTests" name="[24] /home/travis/build/icyphy/ptII/ptolemy/actor/lib/test/RampContinuous.tcl (RunTclFile)" time="0.025" />
  <testcase classname="ptolemy.util.test.junit.TclTests" name="[25] /home/travis/build/icyphy/ptII/ptolemy/actor/lib/test/RecordAssembler.tcl (RunTclFile)" time="0.019" />
  <testcase classname="ptolemy.util.test.junit.TclTests" name="[26] /home/travis/build/icyphy/ptII/ptolemy/actor/lib/test/RecordDisassembler.tcl (RunTclFile)" time="0.057" />
  <testcase classname="ptolemy.util.test.junit.TclTests" name="[27] /home/travis/build/icyphy/ptII/ptolemy/actor/lib/test/Scale.tcl (RunTclFile)" time="0.027" />
  <testcase classname="ptolemy.util.test.junit.TclTests" name="[28] /home/travis/build/icyphy/ptII/ptolemy/actor/lib/test/SequentialClock.tcl (RunTclFile)" time="0.012" />
  <testcase classname="ptolemy.util.test.junit.TclTests" name="[29] /home/travis/build/icyphy/ptII/ptolemy/actor/lib/test/SetVariable.tcl (RunTclFile)" time="0.013" />
  <testcase classname="ptolemy.util.test.junit.TclTests" name="[30] /home/travis/build/icyphy/ptII/ptolemy/actor/lib/test/Sinewave.tcl (RunTclFile)" time="0.032" />
  <testcase classname="ptolemy.util.test.junit.TclTests" name="[31] /home/travis/build/icyphy/ptII/ptolemy/actor/lib/test/SubscriptionAggregator.tcl (RunTclFile)" time="2.162" />
  <testcase classname="ptolemy.util.test.junit.TclTests" name="[32] /home/travis/build/icyphy/ptII/ptolemy/actor/lib/test/Test.tcl (RunTclFile)" time="0.114" />
  <testcase classname="ptolemy.util.test.junit.TclTests" name="[33] /home/travis/build/icyphy/ptII/ptolemy/actor/lib/test/TestExceptionHandler.tcl (RunTclFile)" time="0.012" />
  <testcase classname="ptolemy.util.test.junit.TclTests" name="[34] /home/travis/build/icyphy/ptII/ptolemy/actor/lib/test/UnionDisassembler.tcl (RunTclFile)" time="0.071" />
  <testcase classname="ptolemy.util.test.junit.TclTests" name="[35] /home/travis/build/icyphy/ptII/ptolemy/actor/lib/test/VariableClock.tcl (RunTclFile)" time="0.035" />
  <testcase classname="ptolemy.util.test.junit.AutoKnownFailedTests" name="[0] /home/travis/build/icyphy/ptII/ptolemy/actor/lib/test/auto/knownFailedTests/PublisherPortToplevelSubscriber.xml (RunModel)" time="0.023" />
  <testcase classname="ptolemy.util.test.junit.AutoKnownFailedTests" name="[1] /home/travis/build/icyphy/ptII/ptolemy/actor/lib/test/auto/knownFailedTests/PublisherSubscriberPortToplevel.xml (RunModel)" time="0.019" />
  <testcase classname="ptolemy.util.test.junit.AutoKnownFailedTests" name="[2] /home/travis/build/icyphy/ptII/ptolemy/actor/lib/test/auto/knownFailedTests/PublisherSubscriptionAggregatorPort.xml (RunModel)" time="0.021" />
  <testcase classname="ptolemy.util.test.junit.AutoKnownFailedTests" name="[3] /home/travis/build/icyphy/ptII/ptolemy/actor/lib/test/auto/knownFailedTests/sizedarray3.xml (RunModel)" time="0.035" />
  <testcase classname="ptolemy.util.test.junit.AutoNameArchTests" name="[0] ThereAreNoAutoArchTests (RunModel)" time="0.006" />
  <testcase classname="ptolemy.util.test.junit.AutoTests" name="[0] /home/travis/build/icyphy/ptII/ptolemy/actor/lib/test/auto/AbsoluteValue.xml (RunModel)" time="0.082" />
  <testcase classname="ptolemy.util.test.junit.AutoTests" name="[1] /home/travis/build/icyphy/ptII/ptolemy/actor/lib/test/auto/AbsoluteValue2.xml (RunModel)" time="0.03" />
  <testcase classname="ptolemy.util.test.junit.AutoTests" name="[2] /home/travis/build/icyphy/ptII/ptolemy/actor/lib/test/auto/Accumulator.xml (RunModel)" time="0.039" />
  <testcase classname="ptolemy.util.test.junit.AutoTests" name="[3] /home/travis/build/icyphy/ptII/ptolemy/actor/lib/test/auto/Accumulator2.xml (RunModel)" time="0.061" />
  <testcase classname="ptolemy.util.test.junit.AutoTests" name="[4] /home/travis/build/icyphy/ptII/ptolemy/actor/lib/test/auto/Accumulator3.xml (RunModel)" time="0.044" />
  <testcase classname="ptolemy.util.test.junit.AutoTests" name="[5] /home/travis/build/icyphy/ptII/ptolemy/actor/lib/test/auto/ArrayAppend.xml (RunModel)" time="0.044" />
  <testcase classname="ptolemy.util.test.junit.AutoTests" name="[6] /home/travis/build/icyphy/ptII/ptolemy/actor/lib/test/auto/ArrayAppend2.xml (RunModel)" time="0.484" />
  <testcase classname="ptolemy.util.test.junit.AutoTests" name="[7] /home/travis/build/icyphy/ptII/ptolemy/actor/lib/test/auto/ArrayAppend3.xml (RunModel)" time="0.039" />
  <testcase classname="ptolemy.util.test.junit.AutoTests" name="[8] /home/travis/build/icyphy/ptII/ptolemy/actor/lib/test/auto/ArrayAppend4.xml (RunModel)" time="0.034" />
  <testcase classname="ptolemy.util.test.junit.AutoTests" name="[9] /home/travis/build/icyphy/ptII/ptolemy/actor/lib/test/auto/ArrayAppend5.xml (RunModel)" time="0.081" />
  <testcase classname="ptolemy.util.test.junit.AutoTests" name="[10] /home/travis/build/icyphy/ptII/ptolemy/actor/lib/test/auto/ArrayAppend6.xml (RunModel)" time="0.018" />
  <testcase classname="ptolemy.util.test.junit.AutoTests" name="[11] /home/travis/build/icyphy/ptII/ptolemy/actor/lib/test/auto/ArrayAppendPerformanceTest.xml (RunModel)" time="0.042" />
  <testcase classname="ptolemy.util.test.junit.AutoTests" name="[12] /home/travis/build/icyphy/ptII/ptolemy/actor/lib/test/auto/ArrayAppendWithEmptyInput.xml (RunModel)" time="0.049" />
  <testcase classname="ptolemy.util.test.junit.AutoTests" name="[13] /home/travis/build/icyphy/ptII/ptolemy/actor/lib/test/auto/ArrayAverage.xml (RunModel)" time="0.055" />
  <testcase classname="ptolemy.util.test.junit.AutoTests" name="[14] /home/travis/build/icyphy/ptII/ptolemy/actor/lib/test/auto/ArrayContains.xml (RunModel)" time="0.023" />
  <testcase classname="ptolemy.util.test.junit.AutoTests" name="[15] /home/travis/build/icyphy/ptII/ptolemy/actor/lib/test/auto/ArrayElement.xml (RunModel)" time="0.038" />
  <testcase classname="ptolemy.util.test.junit.AutoTests" name="[16] /home/travis/build/icyphy/ptII/ptolemy/actor/lib/test/auto/ArrayElementAsMatrix.xml (RunModel)" time="0.077" />
  <testcase classname="ptolemy.util.test.junit.AutoTests" name="[17] /home/travis/build/icyphy/ptII/ptolemy/actor/lib/test/auto/ArrayElementI.xml (RunModel)" time="0.025" />
  <testcase classname="ptolemy.util.test.junit.AutoTests" name="[18] /home/travis/build/icyphy/ptII/ptolemy/actor/lib/test/auto/ArrayExtract.xml (RunModel)" time="0.043" />
  <testcase classname="ptolemy.util.test.junit.AutoTests" name="[19] /home/travis/build/icyphy/ptII/ptolemy/actor/lib/test/auto/ArrayExtract2.xml (RunModel)" time="0.016" />
  <testcase classname="ptolemy.util.test.junit.AutoTests" name="[20] /home/travis/build/icyphy/ptII/ptolemy/actor/lib/test/auto/ArrayLength.xml (RunModel)" time="0.046" />
  <testcase classname="ptolemy.util.test.junit.AutoTests" name="[21] /home/travis/build/icyphy/ptII/ptolemy/actor/lib/test/auto/ArrayLevelCrossing.xml (RunModel)" time="0.034" />
  <testcase classname="ptolemy.util.test.junit.AutoTests" name="[22] /home/travis/build/icyphy/ptII/ptolemy/actor/lib/test/auto/ArrayLevelCrossing2.xml (RunModel)" time="0.032" />
  <testcase classname="ptolemy.util.test.junit.AutoTests" name="[23] /home/travis/build/icyphy/ptII/ptolemy/actor/lib/test/auto/ArrayPeakSearch.xml (RunModel)" time="0.05" />
  <testcase classname="ptolemy.util.test.junit.AutoTests" name="[24] /home/travis/build/icyphy/ptII/ptolemy/actor/lib/test/auto/ArrayPeakSearch2.xml (RunModel)" time="0.046" />
  <testcase classname="ptolemy.util.test.junit.AutoTests" name="[25] /home/travis/build/icyphy/ptII/ptolemy/actor/lib/test/auto/ArrayPeakSearch3.xml (RunModel)" time="0.029" />
  <testcase classname="ptolemy.util.test.junit.AutoTests" name="[26] /home/travis/build/icyphy/ptII/ptolemy/actor/lib/test/auto/ArrayRemoveElement.xml (RunModel)" time="0.023" />
  <testcase classname="ptolemy.util.test.junit.AutoTests" name="[27] /home/travis/build/icyphy/ptII/ptolemy/actor/lib/test/auto/ArraySort.xml (RunModel)" time="0.032" />
  <testcase classname="ptolemy.util.test.junit.AutoTests" name="[28] /home/travis/build/icyphy/ptII/ptolemy/actor/lib/test/auto/ArraySum.xml (RunModel)" time="0.028" />
  <testcase classname="ptolemy.util.test.junit.AutoTests" name="[29] /home/travis/build/icyphy/ptII/ptolemy/actor/lib/test/auto/ArrayToElements.xml (RunModel)" time="0.024" />
  <testcase classname="ptolemy.util.test.junit.AutoTests" name="[30] /home/travis/build/icyphy/ptII/ptolemy/actor/lib/test/auto/ArrayToMatrix.xml (RunModel)" time="0.06" />
  <testcase classname="ptolemy.util.test.junit.AutoTests" name="[31] /home/travis/build/icyphy/ptII/ptolemy/actor/lib/test/auto/ArrayUpdate1.xml (RunModel)" time="0.016" />
  <testcase classname="ptolemy.util.test.junit.AutoTests" name="[32] /home/travis/build/icyphy/ptII/ptolemy/actor/lib/test/auto/ArrayUpdate2.xml (RunModel)" time="0.021" />
  <testcase classname="ptolemy.util.test.junit.AutoTests" name="[33] /home/travis/build/icyphy/ptII/ptolemy/actor/lib/test/auto/ArrayUpdate3.xml (RunModel)" time="0.013" />
  <testcase classname="ptolemy.util.test.junit.AutoTests" name="[34] /home/travis/build/icyphy/ptII/ptolemy/actor/lib/test/auto/Assert1.xml (RunModel)" time="0.028" />
  <testcase classname="ptolemy.util.test.junit.AutoTests" name="[35] /home/travis/build/icyphy/ptII/ptolemy/actor/lib/test/auto/Assert2.xml (RunModel)" time="0.014" />
  <testcase classname="ptolemy.util.test.junit.AutoTests" name="[36] /home/travis/build/icyphy/ptII/ptolemy/actor/lib/test/auto/BooleanMultiplexor.xml (RunModel)" time="0.012" />
  <testcase classname="ptolemy.util.test.junit.AutoTests" name="[37] /home/travis/build/icyphy/ptII/ptolemy/actor/lib/test/auto/BooleanMultiplexor2.xml (RunModel)" time="0.016" />
  <testcase classname="ptolemy.util.test.junit.AutoTests" name="[38] /home/travis/build/icyphy/ptII/ptolemy/actor/lib/test/auto/BooleanMultiplexor3.xml (RunModel)" time="0.01" />
  <testcase classname="ptolemy.util.test.junit.AutoTests" name="[39] /home/travis/build/icyphy/ptII/ptolemy/actor/lib/test/auto/BooleanSelect.xml (RunModel)" time="0.016" />
  <testcase classname="ptolemy.util.test.junit.AutoTests" name="[40] /home/travis/build/icyphy/ptII/ptolemy/actor/lib/test/auto/BooleanSelect2.xml (RunModel)" time="0.063" />
  <testcase classname="ptolemy.util.test.junit.AutoTests" name="[41] /home/travis/build/icyphy/ptII/ptolemy/actor/lib/test/auto/BooleanSwitch.xml (RunModel)" time="0.014" />
  <testcase classname="ptolemy.util.test.junit.AutoTests" name="[42] /home/travis/build/icyphy/ptII/ptolemy/actor/lib/test/auto/BooleanSwitch2.xml (RunModel)" time="0.012" />
  <testcase classname="ptolemy.util.test.junit.AutoTests" name="[43] /home/travis/build/icyphy/ptII/ptolemy/actor/lib/test/auto/BooleanSwitchCloningBugWithClassRelationGroup.xml (RunModel)" time="0.022" />
  <testcase classname="ptolemy.util.test.junit.AutoTests" name="[44] /home/travis/build/icyphy/ptII/ptolemy/actor/lib/test/auto/BusActors.xml (RunModel)" time="0.026" />
  <testcase classname="ptolemy.util.test.junit.AutoTests" name="[45] /home/travis/build/icyphy/ptII/ptolemy/actor/lib/test/auto/ClassWrapper.xml (RunModel)" time="0.01" />
  <testcase classname="ptolemy.util.test.junit.AutoTests" name="[46] /home/travis/build/icyphy/ptII/ptolemy/actor/lib/test/auto/Clock.xml (RunModel)" time="0.008" />
  <testcase classname="ptolemy.util.test.junit.AutoTests" name="[47] /home/travis/build/icyphy/ptII/ptolemy/actor/lib/test/auto/Clock10.xml (RunModel)" time="0.014" />
  <testcase classname="ptolemy.util.test.junit.AutoTests" name="[48] /home/travis/build/icyphy/ptII/ptolemy/actor/lib/test/auto/Clock11.xml (RunModel)" time="0.014" />
  <testcase classname="ptolemy.util.test.junit.AutoTests" name="[49] /home/travis/build/icyphy/ptII/ptolemy/actor/lib/test/auto/Clock12.xml (RunModel)" time="0.013" />
  <testcase classname="ptolemy.util.test.junit.AutoTests" name="[50] /home/travis/build/icyphy/ptII/ptolemy/actor/lib/test/auto/Clock13.xml (RunModel)" time="0.014" />
  <testcase classname="ptolemy.util.test.junit.AutoTests" name="[51] /home/travis/build/icyphy/ptII/ptolemy/actor/lib/test/auto/Clock14.xml (RunModel)" time="0.016" />
  <testcase classname="ptolemy.util.test.junit.AutoTests" name="[52] /home/travis/build/icyphy/ptII/ptolemy/actor/lib/test/auto/Clock15.xml (RunModel)" time="0.016" />
  <testcase classname="ptolemy.util.test.junit.AutoTests" name="[53] /home/travis/build/icyphy/ptII/ptolemy/actor/lib/test/auto/Clock16.xml (RunModel)" time="0.095" />
  <testcase classname="ptolemy.util.test.junit.AutoTests" name="[54] /home/travis/build/icyphy/ptII/ptolemy/actor/lib/test/auto/Clock17.xml (RunModel)" time="0.066" />
  <testcase classname="ptolemy.util.test.junit.AutoTests" name="[55] /home/travis/build/icyphy/ptII/ptolemy/actor/lib/test/auto/Clock18.xml (RunModel)" time="0.055" />
  <testcase classname="ptolemy.util.test.junit.AutoTests" name="[56] /home/travis/build/icyphy/ptII/ptolemy/actor/lib/test/auto/Clock19.xml (RunModel)" time="0.041" />
  <testcase classname="ptolemy.util.test.junit.AutoTests" name="[57] /home/travis/build/icyphy/ptII/ptolemy/actor/lib/test/auto/Clock2.xml (RunModel)" time="0.017" />
  <testcase classname="ptolemy.util.test.junit.AutoTests" name="[58] /home/travis/build/icyphy/ptII/ptolemy/actor/lib/test/auto/Clock20.xml (RunModel)" time="0.019" />
  <testcase classname="ptolemy.util.test.junit.AutoTests" name="[59] /home/travis/build/icyphy/ptII/ptolemy/actor/lib/test/auto/Clock21.xml (RunModel)" time="0.017" />
  <testcase classname="ptolemy.util.test.junit.AutoTests" name="[60] /home/travis/build/icyphy/ptII/ptolemy/actor/lib/test/auto/Clock22.xml (RunModel)" time="0.016" />
  <testcase classname="ptolemy.util.test.junit.AutoTests" name="[61] /home/travis/build/icyphy/ptII/ptolemy/actor/lib/test/auto/Clock23.xml (RunModel)" time="0.019" />
  <testcase classname="ptolemy.util.test.junit.AutoTests" name="[62] /home/travis/build/icyphy/ptII/ptolemy/actor/lib/test/auto/Clock24.xml (RunModel)" time="0.016" />
  <testcase classname="ptolemy.util.test.junit.AutoTests" name="[63] /home/travis/build/icyphy/ptII/ptolemy/actor/lib/test/auto/Clock4.xml (RunModel)" time="0.015" />
  <testcase classname="ptolemy.util.test.junit.AutoTests" name="[64] /home/travis/build/icyphy/ptII/ptolemy/actor/lib/test/auto/Clock5.xml (RunModel)" time="0.019" />
  <testcase classname="ptolemy.util.test.junit.AutoTests" name="[65] /home/travis/build/icyphy/ptII/ptolemy/actor/lib/test/auto/Clock6.xml (RunModel)" time="0.009" />
  <testcase classname="ptolemy.util.test.junit.AutoTests" name="[66] /home/travis/build/icyphy/ptII/ptolemy/actor/lib/test/auto/Clock7.xml (RunModel)" time="0.009" />
  <testcase classname="ptolemy.util.test.junit.AutoTests" name="[67] /home/travis/build/icyphy/ptII/ptolemy/actor/lib/test/auto/Clock8.xml (RunModel)" time="0.02" />
  <testcase classname="ptolemy.util.test.junit.AutoTests" name="[68] /home/travis/build/icyphy/ptII/ptolemy/actor/lib/test/auto/Clock9.xml (RunModel)" time="0.016" />
  <testcase classname="ptolemy.util.test.junit.AutoTests" name="[69] /home/travis/build/icyphy/ptII/ptolemy/actor/lib/test/auto/CommDistDiscard.xml (RunModel)" time="0.02" />
  <testcase classname="ptolemy.util.test.junit.AutoTests" name="[70] /home/travis/build/icyphy/ptII/ptolemy/actor/lib/test/auto/Commutator.xml (RunModel)" time="0.017" />
  <testcase classname="ptolemy.util.test.junit.AutoTests" name="[71] /home/travis/build/icyphy/ptII/ptolemy/actor/lib/test/auto/Commutator2.xml (RunModel)" time="0.012" />
  <testcase classname="ptolemy.util.test.junit.AutoTests" name="[72] /home/travis/build/icyphy/ptII/ptolemy/actor/lib/test/auto/Commutator3.xml (RunModel)" time="0.011" />
  <testcase classname="ptolemy.util.test.junit.AutoTests" name="[73] /home/travis/build/icyphy/ptII/ptolemy/actor/lib/test/auto/Compare.xml (RunModel)" time="0.019" />
  <testcase classname="ptolemy.util.test.junit.AutoTests" name="[74] /home/travis/build/icyphy/ptII/ptolemy/actor/lib/test/auto/CompareDE.xml (RunModel)" time="0.02" />
  <testcase classname="ptolemy.util.test.junit.AutoTests" name="[75] /home/travis/build/icyphy/ptII/ptolemy/actor/lib/test/auto/ComplexDivide.xml (RunModel)" time="0.01" />
  <testcase classname="ptolemy.util.test.junit.AutoTests" name="[76] /home/travis/build/icyphy/ptII/ptolemy/actor/lib/test/auto/ComputeHistogram.xml (RunModel)" time="0.08" />
  <testcase classname="ptolemy.util.test.junit.AutoTests" name="[77] /home/travis/build/icyphy/ptII/ptolemy/actor/lib/test/auto/ConfigurationSelect.xml (RunModel)" time="0.023" />
  <testcase classname="ptolemy.util.test.junit.AutoTests" name="[78] /home/travis/build/icyphy/ptII/ptolemy/actor/lib/test/auto/ConfigurationSelect2.xml (RunModel)" time="0.015" />
  <testcase classname="ptolemy.util.test.junit.AutoTests" name="[79] /home/travis/build/icyphy/ptII/ptolemy/actor/lib/test/auto/ConfigurationSwitch.xml (RunModel)" time="0.03" />
  <testcase classname="ptolemy.util.test.junit.AutoTests" name="[80] /home/travis/build/icyphy/ptII/ptolemy/actor/lib/test/auto/ConfigurationSwitch2.xml (RunModel)" time="0.02" />
  <testcase classname="ptolemy.util.test.junit.AutoTests" name="[81] /home/travis/build/icyphy/ptII/ptolemy/actor/lib/test/auto/ConfigurationSwitchCloningBugWithClassRelationGroup.xml (RunModel)" time="0.023" />
  <testcase classname="ptolemy.util.test.junit.AutoTests" name="[82] /home/travis/build/icyphy/ptII/ptolemy/actor/lib/test/auto/ConfigurationSwitchSelectSDF.xml (RunModel)" time="0.018" />
  <testcase classname="ptolemy.util.test.junit.AutoTests" name="[83] /home/travis/build/icyphy/ptII/ptolemy/actor/lib/test/auto/ConfigurationSwitchSelectSDF2.xml (RunModel)" time="0.015" />
  <testcase classname="ptolemy.util.test.junit.AutoTests" name="[84] /home/travis/build/icyphy/ptII/ptolemy/actor/lib/test/auto/Const.xml (RunModel)" time="0.008" />
  <testcase classname="ptolemy.util.test.junit.AutoTests" name="[85] /home/travis/build/icyphy/ptII/ptolemy/actor/lib/test/auto/Const2.xml (RunModel)" time="0.018" />
  <testcase classname="ptolemy.util.test.junit.AutoTests" name="[86] /home/travis/build/icyphy/ptII/ptolemy/actor/lib/test/auto/Const3.xml (RunModel)" time="0.007" />
  <testcase classname="ptolemy.util.test.junit.AutoTests" name="[87] /home/travis/build/icyphy/ptII/ptolemy/actor/lib/test/auto/ConstantPublisherPort1.xml (RunModel)" time="0.027" />
  <testcase classname="ptolemy.util.test.junit.AutoTests" name="[88] /home/travis/build/icyphy/ptII/ptolemy/actor/lib/test/auto/ConstantPublisherPort2.xml (RunModel)" time="0.029" />
  <testcase classname="ptolemy.util.test.junit.AutoTests" name="[89] /home/travis/build/icyphy/ptII/ptolemy/actor/lib/test/auto/ConstantPublisherPort3.xml (RunModel)" time="0.024" />
  <testcase classname="ptolemy.util.test.junit.AutoTests" name="[90] /home/travis/build/icyphy/ptII/ptolemy/actor/lib/test/auto/ConstantPublisherPort4.xml (RunModel)" time="0.023" />
  <testcase classname="ptolemy.util.test.junit.AutoTests" name="[91] /home/travis/build/icyphy/ptII/ptolemy/actor/lib/test/auto/ConstantPublisherPort5.xml (RunModel)" time="0.045" />
  <testcase classname="ptolemy.util.test.junit.AutoTests" name="[92] /home/travis/build/icyphy/ptII/ptolemy/actor/lib/test/auto/ConstantPublisherPort6.xml (RunModel)" time="0.035" />
  <testcase classname="ptolemy.util.test.junit.AutoTests" name="[93] /home/travis/build/icyphy/ptII/ptolemy/actor/lib/test/auto/ConstantPublisherPort7.xml (RunModel)" time="0.033" />
  <testcase classname="ptolemy.util.test.junit.AutoTests" name="[94] /home/travis/build/icyphy/ptII/ptolemy/actor/lib/test/auto/ConstraintMonitor1.xml (RunModel)" time="0.044" />
  <testcase classname="ptolemy.util.test.junit.AutoTests" name="[95] /home/travis/build/icyphy/ptII/ptolemy/actor/lib/test/auto/ConstraintMonitor2.xml (RunModel)" time="0.015" />
  <testcase classname="ptolemy.util.test.junit.AutoTests" name="[96] /home/travis/build/icyphy/ptII/ptolemy/actor/lib/test/auto/ConstraintMonitor3.xml (RunModel)" time="0.02" />
  <testcase classname="ptolemy.util.test.junit.AutoTests" name="[97] /home/travis/build/icyphy/ptII/ptolemy/actor/lib/test/auto/ConstraintMonitor4.xml (RunModel)" time="0.015" />
  <testcase classname="ptolemy.util.test.junit.AutoTests" name="[98] /home/travis/build/icyphy/ptII/ptolemy/actor/lib/test/auto/ConstraintMonitor5.xml (RunModel)" time="0.016" />
  <testcase classname="ptolemy.util.test.junit.AutoTests" name="[99] /home/travis/build/icyphy/ptII/ptolemy/actor/lib/test/auto/ConstraintMonitor6.xml (RunModel)" time="0.021" />
  <testcase classname="ptolemy.util.test.junit.AutoTests" name="[100] /home/travis/build/icyphy/ptII/ptolemy/actor/lib/test/auto/ConstraintMonitor7.xml (RunModel)" time="0.022" />
  <testcase classname="ptolemy.util.test.junit.AutoTests" name="[101] /home/travis/build/icyphy/ptII/ptolemy/actor/lib/test/auto/ConstraintMonitor8.xml (RunModel)" time="0.021" />
  <testcase classname="ptolemy.util.test.junit.AutoTests" name="[102] /home/travis/build/icyphy/ptII/ptolemy/actor/lib/test/auto/Counter.xml (RunModel)" time="0.012" />
  <testcase classname="ptolemy.util.test.junit.AutoTests" name="[103] /home/travis/build/icyphy/ptII/ptolemy/actor/lib/test/auto/CurrentTimeSDF.xml (RunModel)" time="0.01" />
  <testcase classname="ptolemy.util.test.junit.AutoTests" name="[104] /home/travis/build/icyphy/ptII/ptolemy/actor/lib/test/auto/DB.xml (RunModel)" time="0.013" />
  <testcase classname="ptolemy.util.test.junit.AutoTests" name="[105] /home/travis/build/icyphy/ptII/ptolemy/actor/lib/test/auto/DBDE.xml (RunModel)" time="0.015" />
  <testcase classname="ptolemy.util.test.junit.AutoTests" name="[106] /home/travis/build/icyphy/ptII/ptolemy/actor/lib/test/auto/DateConstructor.xml (RunModel)" time="0.07" />
  <testcase classname="ptolemy.util.test.junit.AutoTests" name="[107] /home/travis/build/icyphy/ptII/ptolemy/actor/lib/test/auto/DelayTime.xml (RunModel)" time="0.016" />
  <testcase classname="ptolemy.util.test.junit.AutoTests" name="[108] /home/travis/build/icyphy/ptII/ptolemy/actor/lib/test/auto/Dictionary1.xml (RunModel)" time="0.021" />
  <testcase classname="ptolemy.util.test.junit.AutoTests" name="[109] /home/travis/build/icyphy/ptII/ptolemy/actor/lib/test/auto/Dictionary2.xml (RunModel)" time="0.016" />
  <testcase classname="ptolemy.util.test.junit.AutoTests" name="[110] /home/travis/build/icyphy/ptII/ptolemy/actor/lib/test/auto/Dictionary3.xml (RunModel)" time="0.014" />
  <testcase classname="ptolemy.util.test.junit.AutoTests" name="[111] /home/travis/build/icyphy/ptII/ptolemy/actor/lib/test/auto/Dictionary4.xml (RunModel)" time="0.017" />
  <testcase classname="ptolemy.util.test.junit.AutoTests" name="[112] /home/travis/build/icyphy/ptII/ptolemy/actor/lib/test/auto/Differential.xml (RunModel)" time="0.017" />
  <testcase classname="ptolemy.util.test.junit.AutoTests" name="[113] /home/travis/build/icyphy/ptII/ptolemy/actor/lib/test/auto/Director.xml (RunModel)" time="0.016" />
  <testcase classname="ptolemy.util.test.junit.AutoTests" name="[114] /home/travis/build/icyphy/ptII/ptolemy/actor/lib/test/auto/DiscreteClock.xml (RunModel)" time="0.011" />
  <testcase classname="ptolemy.util.test.junit.AutoTests" name="[115] /home/travis/build/icyphy/ptII/ptolemy/actor/lib/test/auto/DiscreteClock10.xml (RunModel)" time="0.015" />
  <testcase classname="ptolemy.util.test.junit.AutoTests" name="[116] /home/travis/build/icyphy/ptII/ptolemy/actor/lib/test/auto/DiscreteClock11.xml (RunModel)" time="0.016" />
  <testcase classname="ptolemy.util.test.junit.AutoTests" name="[117] /home/travis/build/icyphy/ptII/ptolemy/actor/lib/test/auto/DiscreteClock12.xml (RunModel)" time="0.013" />
  <testcase classname="ptolemy.util.test.junit.AutoTests" name="[118] /home/travis/build/icyphy/ptII/ptolemy/actor/lib/test/auto/DiscreteClock13.xml (RunModel)" time="0.015" />
  <testcase classname="ptolemy.util.test.junit.AutoTests" name="[119] /home/travis/build/icyphy/ptII/ptolemy/actor/lib/test/auto/DiscreteClock14.xml (RunModel)" time="0.016" />
  <testcase classname="ptolemy.util.test.junit.AutoTests" name="[120] /home/travis/build/icyphy/ptII/ptolemy/actor/lib/test/auto/DiscreteClock15.xml (RunModel)" time="0.025" />
  <testcase classname="ptolemy.util.test.junit.AutoTests" name="[121] /home/travis/build/icyphy/ptII/ptolemy/actor/lib/test/auto/DiscreteClock16.xml (RunModel)" time="0.047" />
  <testcase classname="ptolemy.util.test.junit.AutoTests" name="[122] /home/travis/build/icyphy/ptII/ptolemy/actor/lib/test/auto/DiscreteClock17.xml (RunModel)" time="0.043" />
  <testcase classname="ptolemy.util.test.junit.AutoTests" name="[123] /home/travis/build/icyphy/ptII/ptolemy/actor/lib/test/auto/DiscreteClock18.xml (RunModel)" time="0.039" />
  <testcase classname="ptolemy.util.test.junit.AutoTests" name="[124] /home/travis/build/icyphy/ptII/ptolemy/actor/lib/test/auto/DiscreteClock19.xml (RunModel)" time="0.715" />
  <testcase classname="ptolemy.util.test.junit.AutoTests" name="[125] /home/travis/build/icyphy/ptII/ptolemy/actor/lib/test/auto/DiscreteClock2.xml (RunModel)" time="0.013" />
  <testcase classname="ptolemy.util.test.junit.AutoTests" name="[126] /home/travis/build/icyphy/ptII/ptolemy/actor/lib/test/auto/DiscreteClock20.xml (RunModel)" time="0.016" />
  <testcase classname="ptolemy.util.test.junit.AutoTests" name="[127] /home/travis/build/icyphy/ptII/ptolemy/actor/lib/test/auto/DiscreteClock21.xml (RunModel)" time="0.024" />
  <testcase classname="ptolemy.util.test.junit.AutoTests" name="[128] /home/travis/build/icyphy/ptII/ptolemy/actor/lib/test/auto/DiscreteClock22.xml (RunModel)" time="0.015" />
  <testcase classname="ptolemy.util.test.junit.AutoTests" name="[129] /home/travis/build/icyphy/ptII/ptolemy/actor/lib/test/auto/DiscreteClock23.xml (RunModel)" time="0.021" />
  <testcase classname="ptolemy.util.test.junit.AutoTests" name="[130] /home/travis/build/icyphy/ptII/ptolemy/actor/lib/test/auto/DiscreteClock24.xml (RunModel)" time="0.015" />
  <testcase classname="ptolemy.util.test.junit.AutoTests" name="[131] /home/travis/build/icyphy/ptII/ptolemy/actor/lib/test/auto/DiscreteClock4.xml (RunModel)" time="0.011" />
  <testcase classname="ptolemy.util.test.junit.AutoTests" name="[132] /home/travis/build/icyphy/ptII/ptolemy/actor/lib/test/auto/DiscreteClock5.xml (RunModel)" time="0.011" />
  <testcase classname="ptolemy.util.test.junit.AutoTests" name="[133] /home/travis/build/icyphy/ptII/ptolemy/actor/lib/test/auto/DiscreteClock6.xml (RunModel)" time="0.008" />
  <testcase classname="ptolemy.util.test.junit.AutoTests" name="[134] /home/travis/build/icyphy/ptII/ptolemy/actor/lib/test/auto/DiscreteClock7.xml (RunModel)" time="0.012" />
  <testcase classname="ptolemy.util.test.junit.AutoTests" name="[135] /home/travis/build/icyphy/ptII/ptolemy/actor/lib/test/auto/DiscreteClock8.xml (RunModel)" time="0.012" />
  <testcase classname="ptolemy.util.test.junit.AutoTests" name="[136] /home/travis/build/icyphy/ptII/ptolemy/actor/lib/test/auto/DiscreteClock9.xml (RunModel)" time="0.015" />
  <testcase classname="ptolemy.util.test.junit.AutoTests" name="[137] /home/travis/build/icyphy/ptII/ptolemy/actor/lib/test/auto/DisplayArray.xml (RunModel)" time="0.012" />
  <testcase classname="ptolemy.util.test.junit.AutoTests" name="[138] /home/travis/build/icyphy/ptII/ptolemy/actor/lib/test/auto/Distributor.xml (RunModel)" time="0.01" />
  <testcase classname="ptolemy.util.test.junit.AutoTests" name="[139] /home/travis/build/icyphy/ptII/ptolemy/actor/lib/test/auto/Distributor2.xml (RunModel)" time="0.012" />
  <testcase classname="ptolemy.util.test.junit.AutoTests" name="[140] /home/travis/build/icyphy/ptII/ptolemy/actor/lib/test/auto/DownSample.xml (RunModel)" time="0.013" />
  <testcase classname="ptolemy.util.test.junit.AutoTests" name="[141] /home/travis/build/icyphy/ptII/ptolemy/actor/lib/test/auto/ElectronicUnitBase1.xml (RunModel)" time="0.088" />
  <testcase classname="ptolemy.util.test.junit.AutoTests" name="[142] /home/travis/build/icyphy/ptII/ptolemy/actor/lib/test/auto/ElementsToArray.xml (RunModel)" time="0.013" />
  <testcase classname="ptolemy.util.test.junit.AutoTests" name="[143] /home/travis/build/icyphy/ptII/ptolemy/actor/lib/test/auto/Equals.xml (RunModel)" time="0.016" />
  <testcase classname="ptolemy.util.test.junit.AutoTests" name="[144] /home/travis/build/icyphy/ptII/ptolemy/actor/lib/test/auto/Exec.xml (RunModel)" time="0.022" />
  <testcase classname="ptolemy.util.test.junit.AutoTests" name="[145] /home/travis/build/icyphy/ptII/ptolemy/actor/lib/test/auto/ExecEnvironment.xml (RunModel)" time="0.037" />
  <testcase classname="ptolemy.util.test.junit.AutoTests" name="[146] /home/travis/build/icyphy/ptII/ptolemy/actor/lib/test/auto/ExecNonZeroReturnOutput.xml (RunModel)" time="0.145" />
  <testcase classname="ptolemy.util.test.junit.AutoTests" name="[147] /home/travis/build/icyphy/ptII/ptolemy/actor/lib/test/auto/ExecRunDemos.xml (RunModel)" time="9.59" />
  <testcase classname="ptolemy.util.test.junit.AutoTests" name="[148] /home/travis/build/icyphy/ptII/ptolemy/actor/lib/test/auto/ExecStop.xml (RunModel)" time="5.029" />
  <testcase classname="ptolemy.util.test.junit.AutoTests" name="[149] /home/travis/build/icyphy/ptII/ptolemy/actor/lib/test/auto/ExecutionTimeSDF.xml (RunModel)" time="6.031" />
  <testcase classname="ptolemy.util.test.junit.AutoTests" name="[150] /home/travis/build/icyphy/ptII/ptolemy/actor/lib/test/auto/Expression1.xml (RunModel)" time="0.015" />
  <testcase classname="ptolemy.util.test.junit.AutoTests" name="[151] /home/travis/build/icyphy/ptII/ptolemy/actor/lib/test/auto/Expression10.xml (RunModel)" time="0.016" />
  <testcase classname="ptolemy.util.test.junit.AutoTests" name="[152] /home/travis/build/icyphy/ptII/ptolemy/actor/lib/test/auto/Expression11.xml (RunModel)" time="0.013" />
  <testcase classname="ptolemy.util.test.junit.AutoTests" name="[153] /home/travis/build/icyphy/ptII/ptolemy/actor/lib/test/auto/Expression12.xml (RunModel)" time="0.019" />
  <testcase classname="ptolemy.util.test.junit.AutoTests" name="[154] /home/travis/build/icyphy/ptII/ptolemy/actor/lib/test/auto/Expression13.xml (RunModel)" time="0.013" />
  <testcase classname="ptolemy.util.test.junit.AutoTests" name="[155] /home/travis/build/icyphy/ptII/ptolemy/actor/lib/test/auto/Expression14.xml (RunModel)" time="0.019" />
  <testcase classname="ptolemy.util.test.junit.AutoTests" name="[156] /home/travis/build/icyphy/ptII/ptolemy/actor/lib/test/auto/Expression15.xml (RunModel)" time="0.009" />
  <testcase classname="ptolemy.util.test.junit.AutoTests" name="[157] /home/travis/build/icyphy/ptII/ptolemy/actor/lib/test/auto/Expression16.xml (RunModel)" time="0.012" />
  <testcase classname="ptolemy.util.test.junit.AutoTests" name="[158] /home/travis/build/icyphy/ptII/ptolemy/actor/lib/test/auto/Expression17.xml (RunModel)" time="0.012" />
  <testcase classname="ptolemy.util.test.junit.AutoTests" name="[159] /home/travis/build/icyphy/ptII/ptolemy/actor/lib/test/auto/Expression18.xml (RunModel)" time="0.017" />
  <testcase classname="ptolemy.util.test.junit.AutoTests" name="[160] /home/travis/build/icyphy/ptII/ptolemy/actor/lib/test/auto/Expression2.xml (RunModel)" time="0.013" />
  <testcase classname="ptolemy.util.test.junit.AutoTests" name="[161] /home/travis/build/icyphy/ptII/ptolemy/actor/lib/test/auto/Expression3.xml (RunModel)" time="0.016" />
  <testcase classname="ptolemy.util.test.junit.AutoTests" name="[162] /home/travis/build/icyphy/ptII/ptolemy/actor/lib/test/auto/Expression4.xml (RunModel)" time="0.027" />
  <testcase classname="ptolemy.util.test.junit.AutoTests" name="[163] /home/travis/build/icyphy/ptII/ptolemy/actor/lib/test/auto/Expression5.xml (RunModel)" time="0.022" />
  <testcase classname="ptolemy.util.test.junit.AutoTests" name="[164] /home/travis/build/icyphy/ptII/ptolemy/actor/lib/test/auto/Expression6.xml (RunModel)" time="0.01" />
  <testcase classname="ptolemy.util.test.junit.AutoTests" name="[165] /home/travis/build/icyphy/ptII/ptolemy/actor/lib/test/auto/Expression7.xml (RunModel)" time="0.013" />
  <testcase classname="ptolemy.util.test.junit.AutoTests" name="[166] /home/travis/build/icyphy/ptII/ptolemy/actor/lib/test/auto/Expression8.xml (RunModel)" time="0.019" />
  <testcase classname="ptolemy.util.test.junit.AutoTests" name="[167] /home/travis/build/icyphy/ptII/ptolemy/actor/lib/test/auto/Expression9.xml (RunModel)" time="0.009" />
  <testcase classname="ptolemy.util.test.junit.AutoTests" name="[168] /home/travis/build/icyphy/ptII/ptolemy/actor/lib/test/auto/ExpressionConcatenateArrayType.xml (RunModel)" time="0.03" />
  <testcase classname="ptolemy.util.test.junit.AutoTests" name="[169] /home/travis/build/icyphy/ptII/ptolemy/actor/lib/test/auto/ExpressionConcatenateArrayType2.xml (RunModel)" time="0.025" />
  <testcase classname="ptolemy.util.test.junit.AutoTests" name="[170] /home/travis/build/icyphy/ptII/ptolemy/actor/lib/test/auto/ExpressionFix.xml (RunModel)" time="0.04" />
  <testcase classname="ptolemy.util.test.junit.AutoTests" name="[171] /home/travis/build/icyphy/ptII/ptolemy/actor/lib/test/auto/ExpressionFix2.xml (RunModel)" time="0.013" />
  <testcase classname="ptolemy.util.test.junit.AutoTests" name="[172] /home/travis/build/icyphy/ptII/ptolemy/actor/lib/test/auto/ExpressionFix3.xml (RunModel)" time="0.016" />
  <testcase classname="ptolemy.util.test.junit.AutoTests" name="[173] /home/travis/build/icyphy/ptII/ptolemy/actor/lib/test/auto/FileWriter1.xml (RunModel)" time="0.012" />
  <testcase classname="ptolemy.util.test.junit.AutoTests" name="[174] /home/travis/build/icyphy/ptII/ptolemy/actor/lib/test/auto/FileWriter2.xml (RunModel)" time="0.011" />
  <testcase classname="ptolemy.util.test.junit.AutoTests" name="[175] /home/travis/build/icyphy/ptII/ptolemy/actor/lib/test/auto/FileWriter3.xml (RunModel)" time="0.013" />
  <testcase classname="ptolemy.util.test.junit.AutoTests" name="[176] /home/travis/build/icyphy/ptII/ptolemy/actor/lib/test/auto/Gaussian.xml (RunModel)" time="0.014" />
  <testcase classname="ptolemy.util.test.junit.AutoTests" name="[177] /home/travis/build/icyphy/ptII/ptolemy/actor/lib/test/auto/Gaussian1.xml (RunModel)" time="0.015" />
  <testcase classname="ptolemy.util.test.junit.AutoTests" name="[178] /home/travis/build/icyphy/ptII/ptolemy/actor/lib/test/auto/Gaussian2.xml (RunModel)" time="0.029" />
  <testcase classname="ptolemy.util.test.junit.AutoTests" name="[179] /home/travis/build/icyphy/ptII/ptolemy/actor/lib/test/auto/GradientAdaptiveLattice.xml (RunModel)" time="0.021" />
  <testcase classname="ptolemy.util.test.junit.AutoTests" name="[180] /home/travis/build/icyphy/ptII/ptolemy/actor/lib/test/auto/IIR.xml (RunModel)" time="0.01" />
  <testcase classname="ptolemy.util.test.junit.AutoTests" name="[181] /home/travis/build/icyphy/ptII/ptolemy/actor/lib/test/auto/InputOutputTransparentPorts.xml (RunModel)" time="0.021" />
  <testcase classname="ptolemy.util.test.junit.AutoTests" name="[182] /home/travis/build/icyphy/ptII/ptolemy/actor/lib/test/auto/Interpolator.xml (RunModel)" time="0.014" />
  <testcase classname="ptolemy.util.test.junit.AutoTests" name="[183] /home/travis/build/icyphy/ptII/ptolemy/actor/lib/test/auto/InterpolatorFiringLimitDE.xml (RunModel)" time="0.016" />
  <testcase classname="ptolemy.util.test.junit.AutoTests" name="[184] /home/travis/build/icyphy/ptII/ptolemy/actor/lib/test/auto/Lattice.xml (RunModel)" time="0.009" />
  <testcase classname="ptolemy.util.test.junit.AutoTests" name="[185] /home/travis/build/icyphy/ptII/ptolemy/actor/lib/test/auto/LazyAOCTestLazy.xml (RunModel)" time="0.048" />
  <testcase classname="ptolemy.util.test.junit.AutoTests" name="[186] /home/travis/build/icyphy/ptII/ptolemy/actor/lib/test/auto/LazyAOCTestNonLazy.xml (RunModel)" time="0.048" />
  <testcase classname="ptolemy.util.test.junit.AutoTests" name="[187] /home/travis/build/icyphy/ptII/ptolemy/actor/lib/test/auto/LazyInnerClass.xml (RunModel)" time="0.057" />
  <testcase classname="ptolemy.util.test.junit.AutoTests" name="[188] /home/travis/build/icyphy/ptII/ptolemy/actor/lib/test/auto/LazyPubSub.xml (RunModel)" time="0.061" />
  <testcase classname="ptolemy.util.test.junit.AutoTests" name="[189] /home/travis/build/icyphy/ptII/ptolemy/actor/lib/test/auto/LazyPubSub2.xml (RunModel)" time="0.027" />
  <testcase classname="ptolemy.util.test.junit.AutoTests" name="[190] /home/travis/build/icyphy/ptII/ptolemy/actor/lib/test/auto/LazyPubSub3.xml (RunModel)" time="0.024" />
  <testcase classname="ptolemy.util.test.junit.AutoTests" name="[191] /home/travis/build/icyphy/ptII/ptolemy/actor/lib/test/auto/LazySubClassModel.xml (RunModel)" time="0.024" />
  <testcase classname="ptolemy.util.test.junit.AutoTests" name="[192] /home/travis/build/icyphy/ptII/ptolemy/actor/lib/test/auto/LevelCrossTest1.xml (RunModel)" time="0.011" />
  <testcase classname="ptolemy.util.test.junit.AutoTests" name="[193] /home/travis/build/icyphy/ptII/ptolemy/actor/lib/test/auto/LevelCrossTest10.xml (RunModel)" time="0.026" />
  <testcase classname="ptolemy.util.test.junit.AutoTests" name="[194] /home/travis/build/icyphy/ptII/ptolemy/actor/lib/test/auto/LevelCrossTest11.xml (RunModel)" time="0.017" />
  <testcase classname="ptolemy.util.test.junit.AutoTests" name="[195] /home/travis/build/icyphy/ptII/ptolemy/actor/lib/test/auto/LevelCrossTest12.xml (RunModel)" time="0.018" />
  <testcase classname="ptolemy.util.test.junit.AutoTests" name="[196] /home/travis/build/icyphy/ptII/ptolemy/actor/lib/test/auto/LevelCrossTest13.xml (RunModel)" time="0.015" />
  <testcase classname="ptolemy.util.test.junit.AutoTests" name="[197] /home/travis/build/icyphy/ptII/ptolemy/actor/lib/test/auto/LevelCrossTest2.xml (RunModel)" time="0.011" />
  <testcase classname="ptolemy.util.test.junit.AutoTests" name="[198] /home/travis/build/icyphy/ptII/ptolemy/actor/lib/test/auto/LevelCrossTest3.xml (RunModel)" time="0.012" />
  <testcase classname="ptolemy.util.test.junit.AutoTests" name="[199] /home/travis/build/icyphy/ptII/ptolemy/actor/lib/test/auto/LevelCrossTest4.xml (RunModel)" time="0.011" />
  <testcase classname="ptolemy.util.test.junit.AutoTests" name="[200] /home/travis/build/icyphy/ptII/ptolemy/actor/lib/test/auto/LevelCrossTest5.xml (RunModel)" time="0.017" />
  <testcase classname="ptolemy.util.test.junit.AutoTests" name="[201] /home/travis/build/icyphy/ptII/ptolemy/actor/lib/test/auto/LevelCrossTest6.xml (RunModel)" time="0.014" />
  <testcase classname="ptolemy.util.test.junit.AutoTests" name="[202] /home/travis/build/icyphy/ptII/ptolemy/actor/lib/test/auto/LevelCrossTest7.xml (RunModel)" time="0.025" />
  <testcase classname="ptolemy.util.test.junit.AutoTests" name="[203] /home/travis/build/icyphy/ptII/ptolemy/actor/lib/test/auto/LevelCrossTest8.xml (RunModel)" time="0.018" />
  <testcase classname="ptolemy.util.test.junit.AutoTests" name="[204] /home/travis/build/icyphy/ptII/ptolemy/actor/lib/test/auto/LevelCrossTest9.xml (RunModel)" time="0.015" />
  <testcase classname="ptolemy.util.test.junit.AutoTests" name="[205] /home/travis/build/icyphy/ptII/ptolemy/actor/lib/test/auto/LevinsonDurbin.xml (RunModel)" time="0.009" />
  <testcase classname="ptolemy.util.test.junit.AutoTests" name="[206] /home/travis/build/icyphy/ptII/ptolemy/actor/lib/test/auto/LevinsonDurbin2.xml (RunModel)" time="0.012" />
  <testcase classname="ptolemy.util.test.junit.AutoTests" name="[207] /home/travis/build/icyphy/ptII/ptolemy/actor/lib/test/auto/LevinsonDurbin3.xml (RunModel)" time="0.011" />
  <testcase classname="ptolemy.util.test.junit.AutoTests" name="[208] /home/travis/build/icyphy/ptII/ptolemy/actor/lib/test/auto/Limiter.xml (RunModel)" time="0.039" />
  <testcase classname="ptolemy.util.test.junit.AutoTests" name="[209] /home/travis/build/icyphy/ptII/ptolemy/actor/lib/test/auto/LinearDifferenceEquationSystem.xml (RunModel)" time="0.026" />
  <testcase classname="ptolemy.util.test.junit.AutoTests" name="[210] /home/travis/build/icyphy/ptII/ptolemy/actor/lib/test/auto/LookupTable.xml (RunModel)" time="0.012" />
  <testcase classname="ptolemy.util.test.junit.AutoTests" name="[211] /home/travis/build/icyphy/ptII/ptolemy/actor/lib/test/auto/MathFunction.xml (RunModel)" time="0.025" />
  <testcase classname="ptolemy.util.test.junit.AutoTests" name="[212] /home/travis/build/icyphy/ptII/ptolemy/actor/lib/test/auto/MathFunction2.xml (RunModel)" time="0.019" />
  <testcase classname="ptolemy.util.test.junit.AutoTests" name="[213] /home/travis/build/icyphy/ptII/ptolemy/actor/lib/test/auto/MathFunction3.xml (RunModel)" time="0.03" />
  <testcase classname="ptolemy.util.test.junit.AutoTests" name="[214] /home/travis/build/icyphy/ptII/ptolemy/actor/lib/test/auto/MatrixCropBoolean.xml (RunModel)" time="0.017" />
  <testcase classname="ptolemy.util.test.junit.AutoTests" name="[215] /home/travis/build/icyphy/ptII/ptolemy/actor/lib/test/auto/MatrixCropComplex.xml (RunModel)" time="0.009" />
  <testcase classname="ptolemy.util.test.junit.AutoTests" name="[216] /home/travis/build/icyphy/ptII/ptolemy/actor/lib/test/auto/MatrixCropDouble.xml (RunModel)" time="0.01" />
  <testcase classname="ptolemy.util.test.junit.AutoTests" name="[217] /home/travis/build/icyphy/ptII/ptolemy/actor/lib/test/auto/MatrixCropFix.xml (RunModel)" time="0.014" />
  <testcase classname="ptolemy.util.test.junit.AutoTests" name="[218] /home/travis/build/icyphy/ptII/ptolemy/actor/lib/test/auto/MatrixCropInt.xml (RunModel)" time="0.011" />
  <testcase classname="ptolemy.util.test.junit.AutoTests" name="[219] /home/travis/build/icyphy/ptII/ptolemy/actor/lib/test/auto/MatrixCropLong.xml (RunModel)" time="0.011" />
  <testcase classname="ptolemy.util.test.junit.AutoTests" name="[220] /home/travis/build/icyphy/ptII/ptolemy/actor/lib/test/auto/MatrixToArray.xml (RunModel)" time="0.057" />
  <testcase classname="ptolemy.util.test.junit.AutoTests" name="[221] /home/travis/build/icyphy/ptII/ptolemy/actor/lib/test/auto/MaxIndex.xml (RunModel)" time="0.014" />
  <testcase classname="ptolemy.util.test.junit.AutoTests" name="[222] /home/travis/build/icyphy/ptII/ptolemy/actor/lib/test/auto/Maximum.xml (RunModel)" time="0.019" />
  <testcase classname="ptolemy.util.test.junit.AutoTests" name="[223] /home/travis/build/icyphy/ptII/ptolemy/actor/lib/test/auto/MaximumComplex.xml (RunModel)" time="0.016" />
  <testcase classname="ptolemy.util.test.junit.AutoTests" name="[224] /home/travis/build/icyphy/ptII/ptolemy/actor/lib/test/auto/MethodCallTest.xml (RunModel)" time="0.029" />
  <testcase classname="ptolemy.util.test.junit.AutoTests" name="[225] /home/travis/build/icyphy/ptII/ptolemy/actor/lib/test/auto/Minimum.xml (RunModel)" time="0.015" />
  <testcase classname="ptolemy.util.test.junit.AutoTests" name="[226] /home/travis/build/icyphy/ptII/ptolemy/actor/lib/test/auto/MinimumComplex.xml (RunModel)" time="0.02" />
  <testcase classname="ptolemy.util.test.junit.AutoTests" name="[227] /home/travis/build/icyphy/ptII/ptolemy/actor/lib/test/auto/MinimumMultiports.xml (RunModel)" time="0.025" />
  <testcase classname="ptolemy.util.test.junit.AutoTests" name="[228] /home/travis/build/icyphy/ptII/ptolemy/actor/lib/test/auto/ModifyDate.xml (RunModel)" time="0.049" />
  <testcase classname="ptolemy.util.test.junit.AutoTests" name="[229] /home/travis/build/icyphy/ptII/ptolemy/actor/lib/test/auto/ModifyDate2.xml (RunModel)" time="0.031" />
  <testcase classname="ptolemy.util.test.junit.AutoTests" name="[230] /home/travis/build/icyphy/ptII/ptolemy/actor/lib/test/auto/MovingAverage.xml (RunModel)" time="0.013" />
  <testcase classname="ptolemy.util.test.junit.AutoTests" name="[231] /home/travis/build/icyphy/ptII/ptolemy/actor/lib/test/auto/MovingMaximum.xml (RunModel)" time="0.01" />
  <testcase classname="ptolemy.util.test.junit.AutoTests" name="[232] /home/travis/build/icyphy/ptII/ptolemy/actor/lib/test/auto/MultipleLinksToSameRelation.xml (RunModel)" time="0.01" />
  <testcase classname="ptolemy.util.test.junit.AutoTests" name="[233] /home/travis/build/icyphy/ptII/ptolemy/actor/lib/test/auto/MultipleLinksToSameRelationDE.xml (RunModel)" time="0.011" />
  <testcase classname="ptolemy.util.test.junit.AutoTests" name="[234] /home/travis/build/icyphy/ptII/ptolemy/actor/lib/test/auto/Multiplexor.xml (RunModel)" time="0.017" />
  <testcase classname="ptolemy.util.test.junit.AutoTests" name="[235] /home/travis/build/icyphy/ptII/ptolemy/actor/lib/test/auto/Multiplexor1.xml (RunModel)" time="0.012" />
  <testcase classname="ptolemy.util.test.junit.AutoTests" name="[236] /home/travis/build/icyphy/ptII/ptolemy/actor/lib/test/auto/Multiplexor2.xml (RunModel)" time="0.018" />
  <testcase classname="ptolemy.util.test.junit.AutoTests" name="[237] /home/travis/build/icyphy/ptII/ptolemy/actor/lib/test/auto/Multiplexor3.xml (RunModel)" time="0.011" />
  <testcase classname="ptolemy.util.test.junit.AutoTests" name="[238] /home/travis/build/icyphy/ptII/ptolemy/actor/lib/test/auto/MultiplexorDE.xml (RunModel)" time="0.021" />
  <testcase classname="ptolemy.util.test.junit.AutoTests" name="[239] /home/travis/build/icyphy/ptII/ptolemy/actor/lib/test/auto/MultiportBroadcastTest.xml (RunModel)" time="0.108" />
  <testcase classname="ptolemy.util.test.junit.AutoTests" name="[240] /home/travis/build/icyphy/ptII/ptolemy/actor/lib/test/auto/MultiportOutHangDuringGetWidth.xml (RunModel)" time="0.04" />
  <testcase classname="ptolemy.util.test.junit.AutoTests" name="[241] /home/travis/build/icyphy/ptII/ptolemy/actor/lib/test/auto/NilToken.xml (RunModel)" time="0.016" />
  <testcase classname="ptolemy.util.test.junit.AutoTests" name="[242] /home/travis/build/icyphy/ptII/ptolemy/actor/lib/test/auto/NilTokenNonStrictTest.xml (RunModel)" time="0.012" />
  <testcase classname="ptolemy.util.test.junit.AutoTests" name="[243] /home/travis/build/icyphy/ptII/ptolemy/actor/lib/test/auto/NilTokenRecord.xml (RunModel)" time="0.029" />
  <testcase classname="ptolemy.util.test.junit.AutoTests" name="[244] /home/travis/build/icyphy/ptII/ptolemy/actor/lib/test/auto/NilTokenTypeTest.xml (RunModel)" time="0.035" />
  <testcase classname="ptolemy.util.test.junit.AutoTests" name="[245] /home/travis/build/icyphy/ptII/ptolemy/actor/lib/test/auto/ObjectToken1.xml (RunModel)" time="0.007" />
  <testcase classname="ptolemy.util.test.junit.AutoTests" name="[246] /home/travis/build/icyphy/ptII/ptolemy/actor/lib/test/auto/OrderedMerge.xml (RunModel)" time="0.011" />
  <testcase classname="ptolemy.util.test.junit.AutoTests" name="[247] /home/travis/build/icyphy/ptII/ptolemy/actor/lib/test/auto/OrderedRecordDisassembler.xml (RunModel)" time="0.012" />
  <testcase classname="ptolemy.util.test.junit.AutoTests" name="[248] /home/travis/build/icyphy/ptII/ptolemy/actor/lib/test/auto/OrderedRecordDisassembler2.xml (RunModel)" time="0.02" />
  <testcase classname="ptolemy.util.test.junit.AutoTests" name="[249] /home/travis/build/icyphy/ptII/ptolemy/actor/lib/test/auto/OrderedRecordUpdater.xml (RunModel)" time="0.009" />
  <testcase classname="ptolemy.util.test.junit.AutoTests" name="[250] /home/travis/build/icyphy/ptII/ptolemy/actor/lib/test/auto/OrderedRecordUpdater2.xml (RunModel)" time="0.017" />
  <testcase classname="ptolemy.util.test.junit.AutoTests" name="[251] /home/travis/build/icyphy/ptII/ptolemy/actor/lib/test/auto/PhaseUnwrap.xml (RunModel)" time="0.012" />
  <testcase classname="ptolemy.util.test.junit.AutoTests" name="[252] /home/travis/build/icyphy/ptII/ptolemy/actor/lib/test/auto/PoissonClock.xml (RunModel)" time="0.01" />
  <testcase classname="ptolemy.util.test.junit.AutoTests" name="[253] /home/travis/build/icyphy/ptII/ptolemy/actor/lib/test/auto/PoissonClock2.xml (RunModel)" time="0.012" />
  <testcase classname="ptolemy.util.test.junit.AutoTests" name="[254] /home/travis/build/icyphy/ptII/ptolemy/actor/lib/test/auto/PoissonClock3.xml (RunModel)" time="0.009" />
  <testcase classname="ptolemy.util.test.junit.AutoTests" name="[255] /home/travis/build/icyphy/ptII/ptolemy/actor/lib/test/auto/PubSubWithInitialTokens.xml (RunModel)" time="0.012" />
  <testcase classname="ptolemy.util.test.junit.AutoTests" name="[256] /home/travis/build/icyphy/ptII/ptolemy/actor/lib/test/auto/PubSubWithInitialTokens2.xml (RunModel)" time="0.011" />
  <testcase classname="ptolemy.util.test.junit.AutoTests" name="[257] /home/travis/build/icyphy/ptII/ptolemy/actor/lib/test/auto/PublisherClassNoParameter.xml (RunModel)" time="0.021" />
  <testcase classname="ptolemy.util.test.junit.AutoTests" name="[258] /home/travis/build/icyphy/ptII/ptolemy/actor/lib/test/auto/PublisherClassParameter.xml (RunModel)" time="0.022" />
  <testcase classname="ptolemy.util.test.junit.AutoTests" name="[259] /home/travis/build/icyphy/ptII/ptolemy/actor/lib/test/auto/PublisherNonStrictTest.xml (RunModel)" time="0.016" />
  <testcase classname="ptolemy.util.test.junit.AutoTests" name="[260] /home/travis/build/icyphy/ptII/ptolemy/actor/lib/test/auto/PublisherPort1.xml (RunModel)" time="0.013" />
  <testcase classname="ptolemy.util.test.junit.AutoTests" name="[261] /home/travis/build/icyphy/ptII/ptolemy/actor/lib/test/auto/PublisherPort2.xml (RunModel)" time="0.01" />
  <testcase classname="ptolemy.util.test.junit.AutoTests" name="[262] /home/travis/build/icyphy/ptII/ptolemy/actor/lib/test/auto/PublisherPort3.xml (RunModel)" time="0.012" />
  <testcase classname="ptolemy.util.test.junit.AutoTests" name="[263] /home/travis/build/icyphy/ptII/ptolemy/actor/lib/test/auto/PublisherPort4.xml (RunModel)" time="0.011" />
  <testcase classname="ptolemy.util.test.junit.AutoTests" name="[264] /home/travis/build/icyphy/ptII/ptolemy/actor/lib/test/auto/PublisherPort5.xml (RunModel)" time="0.015" />
  <testcase classname="ptolemy.util.test.junit.AutoTests" name="[265] /home/travis/build/icyphy/ptII/ptolemy/actor/lib/test/auto/PublisherPort5LookAlike.xml (RunModel)" time="0.016" />
  <testcase classname="ptolemy.util.test.junit.AutoTests" name="[266] /home/travis/build/icyphy/ptII/ptolemy/actor/lib/test/auto/PublisherPort6.xml (RunModel)" time="0.014" />
  <testcase classname="ptolemy.util.test.junit.AutoTests" name="[267] /home/travis/build/icyphy/ptII/ptolemy/actor/lib/test/auto/PublisherPort7.xml (RunModel)" time="0.017" />
  <testcase classname="ptolemy.util.test.junit.AutoTests" name="[268] /home/travis/build/icyphy/ptII/ptolemy/actor/lib/test/auto/PublisherPort8.xml (RunModel)" time="0.018" />
  <testcase classname="ptolemy.util.test.junit.AutoTests" name="[269] /home/travis/build/icyphy/ptII/ptolemy/actor/lib/test/auto/PublisherPortSubscriberChannelVariablesAOC2.xml (RunModel)" time="0.035" />
  <testcase classname="ptolemy.util.test.junit.AutoTests" name="[270] /home/travis/build/icyphy/ptII/ptolemy/actor/lib/test/auto/PublisherPortSubscriberOpaqueWidthInference.xml (RunModel)" time="0.017" />
  <testcase classname="ptolemy.util.test.junit.AutoTests" name="[271] /home/travis/build/icyphy/ptII/ptolemy/actor/lib/test/auto/PublisherPortSubscriberPortAdjacent.xml (RunModel)" time="0.02" />
  <testcase classname="ptolemy.util.test.junit.AutoTests" name="[272] /home/travis/build/icyphy/ptII/ptolemy/actor/lib/test/auto/PublisherPortSubscriberPortExpression.xml (RunModel)" time="0.018" />
  <testcase classname="ptolemy.util.test.junit.AutoTests" name="[273] /home/travis/build/icyphy/ptII/ptolemy/actor/lib/test/auto/PublisherPortSubscriberPortOpaqueD3Reverse.xml (RunModel)" time="0.021" />
  <testcase classname="ptolemy.util.test.junit.AutoTests" name="[274] /home/travis/build/icyphy/ptII/ptolemy/actor/lib/test/auto/PublisherPortSubscriberPortOpaqueWidthInference.xml (RunModel)" time="0.017" />
  <testcase classname="ptolemy.util.test.junit.AutoTests" name="[275] /home/travis/build/icyphy/ptII/ptolemy/actor/lib/test/auto/PublisherPortToplevelSubscriberPortAOC.xml (RunModel)" time="0.011" />
  <testcase classname="ptolemy.util.test.junit.AutoTests" name="[276] /home/travis/build/icyphy/ptII/ptolemy/actor/lib/test/auto/PublisherSubscriber.xml (RunModel)" time="0.015" />
  <testcase classname="ptolemy.util.test.junit.AutoTests" name="[277] /home/travis/build/icyphy/ptII/ptolemy/actor/lib/test/auto/PublisherSubscriber10.xml (RunModel)" time="0.022" />
  <testcase classname="ptolemy.util.test.junit.AutoTests" name="[278] /home/travis/build/icyphy/ptII/ptolemy/actor/lib/test/auto/PublisherSubscriber10InitialOutputs.xml (RunModel)" time="0.041" />
  <testcase classname="ptolemy.util.test.junit.AutoTests" name="[279] /home/travis/build/icyphy/ptII/ptolemy/actor/lib/test/auto/PublisherSubscriber11.xml (RunModel)" time="0.019" />
  <testcase classname="ptolemy.util.test.junit.AutoTests" name="[280] /home/travis/build/icyphy/ptII/ptolemy/actor/lib/test/auto/PublisherSubscriber12.xml (RunModel)" time="0.016" />
  <testcase classname="ptolemy.util.test.junit.AutoTests" name="[281] /home/travis/build/icyphy/ptII/ptolemy/actor/lib/test/auto/PublisherSubscriber13.xml (RunModel)" time="0.012" />
  <testcase classname="ptolemy.util.test.junit.AutoTests" name="[282] /home/travis/build/icyphy/ptII/ptolemy/actor/lib/test/auto/PublisherSubscriber14.xml (RunModel)" time="0.031" />
  <testcase classname="ptolemy.util.test.junit.AutoTests" name="[283] /home/travis/build/icyphy/ptII/ptolemy/actor/lib/test/auto/PublisherSubscriber2.xml (RunModel)" time="0.015" />
  <testcase classname="ptolemy.util.test.junit.AutoTests" name="[284] /home/travis/build/icyphy/ptII/ptolemy/actor/lib/test/auto/PublisherSubscriber3.xml (RunModel)" time="0.016" />
  <testcase classname="ptolemy.util.test.junit.AutoTests" name="[285] /home/travis/build/icyphy/ptII/ptolemy/actor/lib/test/auto/PublisherSubscriber4.xml (RunModel)" time="0.008" />
  <testcase classname="ptolemy.util.test.junit.AutoTests" name="[286] /home/travis/build/icyphy/ptII/ptolemy/actor/lib/test/auto/PublisherSubscriber5.xml (RunModel)" time="0.013" />
  <testcase classname="ptolemy.util.test.junit.AutoTests" name="[287] /home/travis/build/icyphy/ptII/ptolemy/actor/lib/test/auto/PublisherSubscriber6.xml (RunModel)" time="0.018" />
  <testcase classname="ptolemy.util.test.junit.AutoTests" name="[288] /home/travis/build/icyphy/ptII/ptolemy/actor/lib/test/auto/PublisherSubscriber7.xml (RunModel)" time="0.021" />
  <testcase classname="ptolemy.util.test.junit.AutoTests" name="[289] /home/travis/build/icyphy/ptII/ptolemy/actor/lib/test/auto/PublisherSubscriber8.xml (RunModel)" time="0.036" />
  <testcase classname="ptolemy.util.test.junit.AutoTests" name="[290] /home/travis/build/icyphy/ptII/ptolemy/actor/lib/test/auto/PublisherSubscriber9.xml (RunModel)" time="0.016" />
  <testcase classname="ptolemy.util.test.junit.AutoTests" name="[291] /home/travis/build/icyphy/ptII/ptolemy/actor/lib/test/auto/PublisherSubscriberAdjacent.xml (RunModel)" time="0.017" />
  <testcase classname="ptolemy.util.test.junit.AutoTests" name="[292] /home/travis/build/icyphy/ptII/ptolemy/actor/lib/test/auto/PublisherSubscriberChannelVariablesAOC2.xml (RunModel)" time="0.036" />
  <testcase classname="ptolemy.util.test.junit.AutoTests" name="[293] /home/travis/build/icyphy/ptII/ptolemy/actor/lib/test/auto/PublisherSubscriberD3.xml (RunModel)" time="0.015" />
  <testcase classname="ptolemy.util.test.junit.AutoTests" name="[294] /home/travis/build/icyphy/ptII/ptolemy/actor/lib/test/auto/PublisherSubscriberD3Reverse.xml (RunModel)" time="0.012" />
  <testcase classname="ptolemy.util.test.junit.AutoTests" name="[295] /home/travis/build/icyphy/ptII/ptolemy/actor/lib/test/auto/PublisherSubscriberExpression.xml (RunModel)" time="0.019" />
  <testcase classname="ptolemy.util.test.junit.AutoTests" name="[296] /home/travis/build/icyphy/ptII/ptolemy/actor/lib/test/auto/PublisherSubscriberOpaque.xml (RunModel)" time="0.016" />
  <testcase classname="ptolemy.util.test.junit.AutoTests" name="[297] /home/travis/build/icyphy/ptII/ptolemy/actor/lib/test/auto/PublisherSubscriberOpaqueD3.xml (RunModel)" time="0.025" />
  <testcase classname="ptolemy.util.test.junit.AutoTests" name="[298] /home/travis/build/icyphy/ptII/ptolemy/actor/lib/test/auto/PublisherSubscriberOpaqueD3Reverse.xml (RunModel)" time="0.024" />
  <testcase classname="ptolemy.util.test.junit.AutoTests" name="[299] /home/travis/build/icyphy/ptII/ptolemy/actor/lib/test/auto/PublisherSubscriberOpaqueWidthInference.xml (RunModel)" time="0.022" />
  <testcase classname="ptolemy.util.test.junit.AutoTests" name="[300] /home/travis/build/icyphy/ptII/ptolemy/actor/lib/test/auto/PublisherTestSubscriber.xml (RunModel)" time="0.017" />
  <testcase classname="ptolemy.util.test.junit.AutoTests" name="[301] /home/travis/build/icyphy/ptII/ptolemy/actor/lib/test/auto/PublisherToplevelSubscriberPortAOC.xml (RunModel)" time="0.013" />
  <testcase classname="ptolemy.util.test.junit.AutoTests" name="[302] /home/travis/build/icyphy/ptII/ptolemy/actor/lib/test/auto/PulseFiringLimitDE.xml (RunModel)" time="0.019" />
  <testcase classname="ptolemy.util.test.junit.AutoTests" name="[303] /home/travis/build/icyphy/ptII/ptolemy/actor/lib/test/auto/Ramp1.xml (RunModel)" time="0.007" />
  <testcase classname="ptolemy.util.test.junit.AutoTests" name="[304] /home/travis/build/icyphy/ptII/ptolemy/actor/lib/test/auto/RampFiringLimitDE.xml (RunModel)" time="0.013" />
  <testcase classname="ptolemy.util.test.junit.AutoTests" name="[305] /home/travis/build/icyphy/ptII/ptolemy/actor/lib/test/auto/RampFiringLimitSDF.xml (RunModel)" time="0.013" />
  <testcase classname="ptolemy.util.test.junit.AutoTests" name="[306] /home/travis/build/icyphy/ptII/ptolemy/actor/lib/test/auto/RandomInteger.xml (RunModel)" time="0.01" />
  <testcase classname="ptolemy.util.test.junit.AutoTests" name="[307] /home/travis/build/icyphy/ptII/ptolemy/actor/lib/test/auto/ReadFile1.xml (RunModel)" time="0.011" />
  <testcase classname="ptolemy.util.test.junit.AutoTests" name="[308] /home/travis/build/icyphy/ptII/ptolemy/actor/lib/test/auto/ReadFile2.xml (RunModel)" time="0.01" />
  <testcase classname="ptolemy.util.test.junit.AutoTests" name="[309] /home/travis/build/icyphy/ptII/ptolemy/actor/lib/test/auto/Reader.xml (RunModel)" time="0.012" />
  <testcase classname="ptolemy.util.test.junit.AutoTests" name="[310] /home/travis/build/icyphy/ptII/ptolemy/actor/lib/test/auto/RecordAssemblerDisplayNameTest.xml (RunModel)" time="4.011" />
  <testcase classname="ptolemy.util.test.junit.AutoTests" name="[311] /home/travis/build/icyphy/ptII/ptolemy/actor/lib/test/auto/RecordAssemblerTypeError.xml (RunModel)" time="0.052" />
  <testcase classname="ptolemy.util.test.junit.AutoTests" name="[312] /home/travis/build/icyphy/ptII/ptolemy/actor/lib/test/auto/RecordDisassember.xml (RunModel)" time="0.013" />
  <testcase classname="ptolemy.util.test.junit.AutoTests" name="[313] /home/travis/build/icyphy/ptII/ptolemy/actor/lib/test/auto/RecordDisassemberDisplayNameTest.xml (RunModel)" time="0.024" />
  <testcase classname="ptolemy.util.test.junit.AutoTests" name="[314] /home/travis/build/icyphy/ptII/ptolemy/actor/lib/test/auto/RecordDisassembler.xml (RunModel)" time="0.01" />
  <testcase classname="ptolemy.util.test.junit.AutoTests" name="[315] /home/travis/build/icyphy/ptII/ptolemy/actor/lib/test/auto/RecordDisassembler2.xml (RunModel)" time="0.012" />
  <testcase classname="ptolemy.util.test.junit.AutoTests" name="[316] /home/travis/build/icyphy/ptII/ptolemy/actor/lib/test/auto/RecordUpdater.xml (RunModel)" time="0.01" />
  <testcase classname="ptolemy.util.test.junit.AutoTests" name="[317] /home/travis/build/icyphy/ptII/ptolemy/actor/lib/test/auto/RecordUpdater2.xml (RunModel)" time="0.009" />
  <testcase classname="ptolemy.util.test.junit.AutoTests" name="[318] /home/travis/build/icyphy/ptII/ptolemy/actor/lib/test/auto/RecursiveLattice.xml (RunModel)" time="0.01" />
  <testcase classname="ptolemy.util.test.junit.AutoTests" name="[319] /home/travis/build/icyphy/ptII/ptolemy/actor/lib/test/auto/Router.xml (RunModel)" time="3.03" />
  <testcase classname="ptolemy.util.test.junit.AutoTests" name="[320] /home/travis/build/icyphy/ptII/ptolemy/actor/lib/test/auto/Router2.xml (RunModel)" time="3.022" />
  <testcase classname="ptolemy.util.test.junit.AutoTests" name="[321] /home/travis/build/icyphy/ptII/ptolemy/actor/lib/test/auto/RunningMaximum.xml (RunModel)" time="0.013" />
  <testcase classname="ptolemy.util.test.junit.AutoTests" name="[322] /home/travis/build/icyphy/ptII/ptolemy/actor/lib/test/auto/RunningMinimum.xml (RunModel)" time="0.022" />
  <testcase classname="ptolemy.util.test.junit.AutoTests" name="[323] /home/travis/build/icyphy/ptII/ptolemy/actor/lib/test/auto/Scale.xml (RunModel)" time="0.015" />
  <testcase classname="ptolemy.util.test.junit.AutoTests" name="[324] /home/travis/build/icyphy/ptII/ptolemy/actor/lib/test/auto/Scale2.xml (RunModel)" time="0.011" />
  <testcase classname="ptolemy.util.test.junit.AutoTests" name="[325] /home/travis/build/icyphy/ptII/ptolemy/actor/lib/test/auto/Scale3.xml (RunModel)" time="0.014" />
  <testcase classname="ptolemy.util.test.junit.AutoTests" name="[326] /home/travis/build/icyphy/ptII/ptolemy/actor/lib/test/auto/ScaleArray.xml (RunModel)" time="0.008" />
  <testcase classname="ptolemy.util.test.junit.AutoTests" name="[327] /home/travis/build/icyphy/ptII/ptolemy/actor/lib/test/auto/ScaleArray2.xml (RunModel)" time="0.009" />
  <testcase classname="ptolemy.util.test.junit.AutoTests" name="[328] /home/travis/build/icyphy/ptII/ptolemy/actor/lib/test/auto/ScaleMatrix.xml (RunModel)" time="0.116" />
  <testcase classname="ptolemy.util.test.junit.AutoTests" name="[329] /home/travis/build/icyphy/ptII/ptolemy/actor/lib/test/auto/Select.xml (RunModel)" time="0.015" />
  <testcase classname="ptolemy.util.test.junit.AutoTests" name="[330] /home/travis/build/icyphy/ptII/ptolemy/actor/lib/test/auto/Select2.xml (RunModel)" time="0.009" />
  <testcase classname="ptolemy.util.test.junit.AutoTests" name="[331] /home/travis/build/icyphy/ptII/ptolemy/actor/lib/test/auto/SequenceToArray2.xml (RunModel)" time="0.115" />
  <testcase classname="ptolemy.util.test.junit.AutoTests" name="[332] /home/travis/build/icyphy/ptII/ptolemy/actor/lib/test/auto/SequentialClock.xml (RunModel)" time="0.014" />
  <testcase classname="ptolemy.util.test.junit.AutoTests" name="[333] /home/travis/build/icyphy/ptII/ptolemy/actor/lib/test/auto/SetVariable.xml (RunModel)" time="0.012" />
  <testcase classname="ptolemy.util.test.junit.AutoTests" name="[334] /home/travis/build/icyphy/ptII/ptolemy/actor/lib/test/auto/SetVariable2.xml (RunModel)" time="0.011" />
  <testcase classname="ptolemy.util.test.junit.AutoTests" name="[335] /home/travis/build/icyphy/ptII/ptolemy/actor/lib/test/auto/SetVariable3.xml (RunModel)" time="0.017" />
  <testcase classname="ptolemy.util.test.junit.AutoTests" name="[336] /home/travis/build/icyphy/ptII/ptolemy/actor/lib/test/auto/SetVariable4.xml (RunModel)" time="0.03" />
  <testcase classname="ptolemy.util.test.junit.AutoTests" name="[337] /home/travis/build/icyphy/ptII/ptolemy/actor/lib/test/auto/SetVariable5.xml (RunModel)" time="0.034" />
  <testcase classname="ptolemy.util.test.junit.AutoTests" name="[338] /home/travis/build/icyphy/ptII/ptolemy/actor/lib/test/auto/Sinewave.xml (RunModel)" time="0.028" />
  <testcase classname="ptolemy.util.test.junit.AutoTests" name="[339] /home/travis/build/icyphy/ptII/ptolemy/actor/lib/test/auto/Sinewave2.xml (RunModel)" time="0.016" />
  <testcase classname="ptolemy.util.test.junit.AutoTests" name="[340] /home/travis/build/icyphy/ptII/ptolemy/actor/lib/test/auto/Sinewave3.xml (RunModel)" time="0.018" />
  <testcase classname="ptolemy.util.test.junit.AutoTests" name="[341] /home/travis/build/icyphy/ptII/ptolemy/actor/lib/test/auto/SingleEvent.xml (RunModel)" time="0.008" />
  <testcase classname="ptolemy.util.test.junit.AutoTests" name="[342] /home/travis/build/icyphy/ptII/ptolemy/actor/lib/test/auto/Sleep.xml (RunModel)" time="6.016" />
  <testcase classname="ptolemy.util.test.junit.AutoTests" name="[343] /home/travis/build/icyphy/ptII/ptolemy/actor/lib/test/auto/SleepMultipleFire.xml (RunModel)" time="1.019" />
  <testcase classname="ptolemy.util.test.junit.AutoTests" name="[344] /home/travis/build/icyphy/ptII/ptolemy/actor/lib/test/auto/StopDE.xml (RunModel)" time="0.019" />
  <testcase classname="ptolemy.util.test.junit.AutoTests" name="[345] /home/travis/build/icyphy/ptII/ptolemy/actor/lib/test/auto/StopSDF.xml (RunModel)" time="0.013" />
  <testcase classname="ptolemy.util.test.junit.AutoTests" name="[346] /home/travis/build/icyphy/ptII/ptolemy/actor/lib/test/auto/StringConstant.xml (RunModel)" time="0.012" />
  <testcase classname="ptolemy.util.test.junit.AutoTests" name="[347] /home/travis/build/icyphy/ptII/ptolemy/actor/lib/test/auto/SubscriberPortInitialValues1.xml (RunModel)" time="0.021" />
  <testcase classname="ptolemy.util.test.junit.AutoTests" name="[348] /home/travis/build/icyphy/ptII/ptolemy/actor/lib/test/auto/SubscriberPortInitialValues13.xml (RunModel)" time="0.028" />
  <testcase classname="ptolemy.util.test.junit.AutoTests" name="[349] /home/travis/build/icyphy/ptII/ptolemy/actor/lib/test/auto/SubscriberPortInitialValues14.xml (RunModel)" time="0.017" />
  <testcase classname="ptolemy.util.test.junit.AutoTests" name="[350] /home/travis/build/icyphy/ptII/ptolemy/actor/lib/test/auto/SubscriberPortInitialValues2.xml (RunModel)" time="0.016" />
  <testcase classname="ptolemy.util.test.junit.AutoTests" name="[351] /home/travis/build/icyphy/ptII/ptolemy/actor/lib/test/auto/SubscriberPortInitialValues3.xml (RunModel)" time="0.021" />
  <testcase classname="ptolemy.util.test.junit.AutoTests" name="[352] /home/travis/build/icyphy/ptII/ptolemy/actor/lib/test/auto/SubscriptionAggregator.xml (RunModel)" time="0.012" />
  <testcase classname="ptolemy.util.test.junit.AutoTests" name="[353] /home/travis/build/icyphy/ptII/ptolemy/actor/lib/test/auto/SubscriptionAggregator2.xml (RunModel)" time="0.013" />
  <testcase classname="ptolemy.util.test.junit.AutoTests" name="[354] /home/travis/build/icyphy/ptII/ptolemy/actor/lib/test/auto/SubscriptionAggregator3.xml (RunModel)" time="0.017" />
  <testcase classname="ptolemy.util.test.junit.AutoTests" name="[355] /home/travis/build/icyphy/ptII/ptolemy/actor/lib/test/auto/SubscriptionAggregatorMultiply.xml (RunModel)" time="0.017" />
  <testcase classname="ptolemy.util.test.junit.AutoTests" name="[356] /home/travis/build/icyphy/ptII/ptolemy/actor/lib/test/auto/SubscriptionAggregatorPortMultiply1.xml (RunModel)" time="0.015" />
  <testcase classname="ptolemy.util.test.junit.AutoTests" name="[357] /home/travis/build/icyphy/ptII/ptolemy/actor/lib/test/auto/Switch.xml (RunModel)" time="0.017" />
  <testcase classname="ptolemy.util.test.junit.AutoTests" name="[358] /home/travis/build/icyphy/ptII/ptolemy/actor/lib/test/auto/Switch2.xml (RunModel)" time="0.015" />
  <testcase classname="ptolemy.util.test.junit.AutoTests" name="[359] /home/travis/build/icyphy/ptII/ptolemy/actor/lib/test/auto/SwitchDE.xml (RunModel)" time="0.029" />
  <testcase classname="ptolemy.util.test.junit.AutoTests" name="[360] /home/travis/build/icyphy/ptII/ptolemy/actor/lib/test/auto/SynchronizerDE.xml (RunModel)" time="0.034" />
  <testcase classname="ptolemy.util.test.junit.AutoTests" name="[361] /home/travis/build/icyphy/ptII/ptolemy/actor/lib/test/auto/Test.xml (RunModel)" time="0.016" />
  <testcase classname="ptolemy.util.test.junit.AutoTests" name="[362] /home/travis/build/icyphy/ptII/ptolemy/actor/lib/test/auto/TestExceptionAttribute1.xml (RunModel)" time="0.018" />
  <testcase classname="ptolemy.util.test.junit.AutoTests" name="[363] /home/travis/build/icyphy/ptII/ptolemy/actor/lib/test/auto/TestExceptionAttribute2.xml (RunModel)" time="0.008" />
  <testcase classname="ptolemy.util.test.junit.AutoTests" name="[364] /home/travis/build/icyphy/ptII/ptolemy/actor/lib/test/auto/TestExceptionAttribute3.xml (RunModel)" time="0.007" />
  <testcase classname="ptolemy.util.test.junit.AutoTests" name="[365] /home/travis/build/icyphy/ptII/ptolemy/actor/lib/test/auto/TestExceptionAttribute4.xml (RunModel)" time="0.009" />
  <testcase classname="ptolemy.util.test.junit.AutoTests" name="[366] /home/travis/build/icyphy/ptII/ptolemy/actor/lib/test/auto/TestExceptionHandler1.xml (RunModel)" time="0.006" />
  <testcase classname="ptolemy.util.test.junit.AutoTests" name="[367] /home/travis/build/icyphy/ptII/ptolemy/actor/lib/test/auto/TestExceptionHandler2.xml (RunModel)" time="0.009" />
  <testcase classname="ptolemy.util.test.junit.AutoTests" name="[368] /home/travis/build/icyphy/ptII/ptolemy/actor/lib/test/auto/TestExceptionHandler3.xml (RunModel)" time="0.011" />
  <testcase classname="ptolemy.util.test.junit.AutoTests" name="[369] /home/travis/build/icyphy/ptII/ptolemy/actor/lib/test/auto/TestExceptionHandler4.xml (RunModel)" time="0.007" />
  <testcase classname="ptolemy.util.test.junit.AutoTests" name="[370] /home/travis/build/icyphy/ptII/ptolemy/actor/lib/test/auto/TestRequireCorrectOrder.xml (RunModel)" time="0.013" />
  <testcase classname="ptolemy.util.test.junit.AutoTests" name="[371] /home/travis/build/icyphy/ptII/ptolemy/actor/lib/test/auto/TestSimple.xml (RunModel)" time="0.008" />
  <testcase classname="ptolemy.util.test.junit.AutoTests" name="[372] /home/travis/build/icyphy/ptII/ptolemy/actor/lib/test/auto/ThrowModelError.xml (RunModel)" time="0.011" />
  <testcase classname="ptolemy.util.test.junit.AutoTests" name="[373] /home/travis/build/icyphy/ptII/ptolemy/actor/lib/test/auto/TimeDelayMicrosteps.xml (RunModel)" time="0.017" />
  <testcase classname="ptolemy.util.test.junit.AutoTests" name="[374] /home/travis/build/icyphy/ptII/ptolemy/actor/lib/test/auto/TimeDelayMicrosteps2.xml (RunModel)" time="0.022" />
  <testcase classname="ptolemy.util.test.junit.AutoTests" name="[375] /home/travis/build/icyphy/ptII/ptolemy/actor/lib/test/auto/TimeDelayMicrosteps3.xml (RunModel)" time="0.013" />
  <testcase classname="ptolemy.util.test.junit.AutoTests" name="[376] /home/travis/build/icyphy/ptII/ptolemy/actor/lib/test/auto/TimeDelayVariableMicrosteps.xml (RunModel)" time="0.013" />
  <testcase classname="ptolemy.util.test.junit.AutoTests" name="[377] /home/travis/build/icyphy/ptII/ptolemy/actor/lib/test/auto/TimeGap.xml (RunModel)" time="0.017" />
  <testcase classname="ptolemy.util.test.junit.AutoTests" name="[378] /home/travis/build/icyphy/ptII/ptolemy/actor/lib/test/auto/TimeGap2.xml (RunModel)" time="0.013" />
  <testcase classname="ptolemy.util.test.junit.AutoTests" name="[379] /home/travis/build/icyphy/ptII/ptolemy/actor/lib/test/auto/TimedSinewave.xml (RunModel)" time="0.075" />
  <testcase classname="ptolemy.util.test.junit.AutoTests" name="[380] /home/travis/build/icyphy/ptII/ptolemy/actor/lib/test/auto/TimedSinewavePhase.xml (RunModel)" time="0.045" />
  <testcase classname="ptolemy.util.test.junit.AutoTests" name="[381] /home/travis/build/icyphy/ptII/ptolemy/actor/lib/test/auto/Timer.xml (RunModel)" time="0.013" />
  <testcase classname="ptolemy.util.test.junit.AutoTests" name="[382] /home/travis/build/icyphy/ptII/ptolemy/actor/lib/test/auto/TriangularDistTestModel.xml (RunModel)" time="0.023" />
  <testcase classname="ptolemy.util.test.junit.AutoTests" name="[383] /home/travis/build/icyphy/ptII/ptolemy/actor/lib/test/auto/TrigFunction.xml (RunModel)" time="0.012" />
  <testcase classname="ptolemy.util.test.junit.AutoTests" name="[384] /home/travis/build/icyphy/ptII/ptolemy/actor/lib/test/auto/TrigFunctionDE.xml (RunModel)" time="0.013" />
  <testcase classname="ptolemy.util.test.junit.AutoTests" name="[385] /home/travis/build/icyphy/ptII/ptolemy/actor/lib/test/auto/TrigFunctionInverse.xml (RunModel)" time="0.011" />
  <testcase classname="ptolemy.util.test.junit.AutoTests" name="[386] /home/travis/build/icyphy/ptII/ptolemy/actor/lib/test/auto/TrigFunctionTan.xml (RunModel)" time="0.007" />
  <testcase classname="ptolemy.util.test.junit.AutoTests" name="[387] /home/travis/build/icyphy/ptII/ptolemy/actor/lib/test/auto/TriggeredClock.xml (RunModel)" time="0.01" />
  <testcase classname="ptolemy.util.test.junit.AutoTests" name="[388] /home/travis/build/icyphy/ptII/ptolemy/actor/lib/test/auto/URLDirectoryReader.xml (RunModel)" time="0.112" />
  <testcase classname="ptolemy.util.test.junit.AutoTests" name="[389] /home/travis/build/icyphy/ptII/ptolemy/actor/lib/test/auto/URLDirectoryReader3.xml (RunModel)" time="1.408" />
  <testcase classname="ptolemy.util.test.junit.AutoTests" name="[390] /home/travis/build/icyphy/ptII/ptolemy/actor/lib/test/auto/UnaryMathFunction.xml (RunModel)" time="0.061" />
  <testcase classname="ptolemy.util.test.junit.AutoTests" name="[391] /home/travis/build/icyphy/ptII/ptolemy/actor/lib/test/auto/Uniform.xml (RunModel)" time="0.034" />
  <testcase classname="ptolemy.util.test.junit.AutoTests" name="[392] /home/travis/build/icyphy/ptII/ptolemy/actor/lib/test/auto/UnionDisassemblerTest.xml (RunModel)" time="0.025" />
  <testcase classname="ptolemy.util.test.junit.AutoTests" name="[393] /home/travis/build/icyphy/ptII/ptolemy/actor/lib/test/auto/UtilityFunctions.xml (RunModel)" time="0.029" />
  <testcase classname="ptolemy.util.test.junit.AutoTests" name="[394] /home/travis/build/icyphy/ptII/ptolemy/actor/lib/test/auto/VariableSleep.xml (RunModel)" time="0.515" />
  <testcase classname="ptolemy.util.test.junit.AutoTests" name="[395] /home/travis/build/icyphy/ptII/ptolemy/actor/lib/test/auto/VectorAssemblerDisassemblerCT.xml (RunModel)" time="0.138" />
  <testcase classname="ptolemy.util.test.junit.AutoTests" name="[396] /home/travis/build/icyphy/ptII/ptolemy/actor/lib/test/auto/VectorAssemblerDisassemblerDE.xml (RunModel)" time="0.018" />
  <testcase classname="ptolemy.util.test.junit.AutoTests" name="[397] /home/travis/build/icyphy/ptII/ptolemy/actor/lib/test/auto/VectorAssemblerDisassemblerSDF.xml (RunModel)" time="0.017" />
  <testcase classname="ptolemy.util.test.junit.AutoTests" name="[398] /home/travis/build/icyphy/ptII/ptolemy/actor/lib/test/auto/WallClockTime.xml (RunModel)" time="1.017" />
  <testcase classname="ptolemy.util.test.junit.AutoTests" name="[399] /home/travis/build/icyphy/ptII/ptolemy/actor/lib/test/auto/WidthTestWithSubscriberPublisher.xml (RunModel)" time="0.083" />
  <testcase classname="ptolemy.util.test.junit.AutoTests" name="[400] /home/travis/build/icyphy/ptII/ptolemy/actor/lib/test/auto/WidthTestWithSubscriberPublisher2.xml (RunModel)" time="0.023" />
  <testcase classname="ptolemy.util.test.junit.AutoTests" name="[401] /home/travis/build/icyphy/ptII/ptolemy/actor/lib/test/auto/WidthTestWithSubscriberPublisher3.xml (RunModel)" time="0.038" />
  <testcase classname="ptolemy.util.test.junit.AutoTests" name="[402] /home/travis/build/icyphy/ptII/ptolemy/actor/lib/test/auto/Writer.xml (RunModel)" time="0.011" />
  <testcase classname="ptolemy.util.test.junit.AutoTests" name="[403] /home/travis/build/icyphy/ptII/ptolemy/actor/lib/test/auto/array.xml (RunModel)" time="0.01" />
  <testcase classname="ptolemy.util.test.junit.AutoTests" name="[404] /home/travis/build/icyphy/ptII/ptolemy/actor/lib/test/auto/array2.xml (RunModel)" time="0.019" />
  <testcase classname="ptolemy.util.test.junit.AutoTests" name="[405] /home/travis/build/icyphy/ptII/ptolemy/actor/lib/test/auto/arrayType.xml (RunModel)" time="0.017" />
  <testcase classname="ptolemy.util.test.junit.AutoTests" name="[406] /home/travis/build/icyphy/ptII/ptolemy/actor/lib/test/auto/arrayType10.xml (RunModel)" time="0.011" />
  <testcase classname="ptolemy.util.test.junit.AutoTests" name="[407] /home/travis/build/icyphy/ptII/ptolemy/actor/lib/test/auto/arrayType11.xml (RunModel)" time="0.009" />
  <testcase classname="ptolemy.util.test.junit.AutoTests" name="[408] /home/travis/build/icyphy/ptII/ptolemy/actor/lib/test/auto/arrayType12.xml (RunModel)" time="0.011" />
  <testcase classname="ptolemy.util.test.junit.AutoTests" name="[409] /home/travis/build/icyphy/ptII/ptolemy/actor/lib/test/auto/arrayType13.xml (RunModel)" time="0.01" />
  <testcase classname="ptolemy.util.test.junit.AutoTests" name="[410] /home/travis/build/icyphy/ptII/ptolemy/actor/lib/test/auto/arrayType14.xml (RunModel)" time="0.011" />
  <testcase classname="ptolemy.util.test.junit.AutoTests" name="[411] /home/travis/build/icyphy/ptII/ptolemy/actor/lib/test/auto/arrayType15.xml (RunModel)" time="0.011" />
  <testcase classname="ptolemy.util.test.junit.AutoTests" name="[412] /home/travis/build/icyphy/ptII/ptolemy/actor/lib/test/auto/arrayType16.xml (RunModel)" time="0.011" />
  <testcase classname="ptolemy.util.test.junit.AutoTests" name="[413] /home/travis/build/icyphy/ptII/ptolemy/actor/lib/test/auto/arrayType17.xml (RunModel)" time="0.011" />
  <testcase classname="ptolemy.util.test.junit.AutoTests" name="[414] /home/travis/build/icyphy/ptII/ptolemy/actor/lib/test/auto/arrayType18.xml (RunModel)" time="0.009" />
  <testcase classname="ptolemy.util.test.junit.AutoTests" name="[415] /home/travis/build/icyphy/ptII/ptolemy/actor/lib/test/auto/arrayType19.xml (RunModel)" time="0.01" />
  <testcase classname="ptolemy.util.test.junit.AutoTests" name="[416] /home/travis/build/icyphy/ptII/ptolemy/actor/lib/test/auto/arrayType2.xml (RunModel)" time="0.011" />
  <testcase classname="ptolemy.util.test.junit.AutoTests" name="[417] /home/travis/build/icyphy/ptII/ptolemy/actor/lib/test/auto/arrayType20.xml (RunModel)" time="0.012" />
  <testcase classname="ptolemy.util.test.junit.AutoTests" name="[418] /home/travis/build/icyphy/ptII/ptolemy/actor/lib/test/auto/arrayType21.xml (RunModel)" time="0.011" />
  <testcase classname="ptolemy.util.test.junit.AutoTests" name="[419] /home/travis/build/icyphy/ptII/ptolemy/actor/lib/test/auto/arrayType22.xml (RunModel)" time="0.011" />
  <testcase classname="ptolemy.util.test.junit.AutoTests" name="[420] /home/travis/build/icyphy/ptII/ptolemy/actor/lib/test/auto/arrayType23.xml (RunModel)" time="0.027" />
  <testcase classname="ptolemy.util.test.junit.AutoTests" name="[421] /home/travis/build/icyphy/ptII/ptolemy/actor/lib/test/auto/arrayType24.xml (RunModel)" time="0.01" />
  <testcase classname="ptolemy.util.test.junit.AutoTests" name="[422] /home/travis/build/icyphy/ptII/ptolemy/actor/lib/test/auto/arrayType25.xml (RunModel)" time="0.009" />
  <testcase classname="ptolemy.util.test.junit.AutoTests" name="[423] /home/travis/build/icyphy/ptII/ptolemy/actor/lib/test/auto/arrayType26.xml (RunModel)" time="0.01" />
  <testcase classname="ptolemy.util.test.junit.AutoTests" name="[424] /home/travis/build/icyphy/ptII/ptolemy/actor/lib/test/auto/arrayType27.xml (RunModel)" time="0.012" />
  <testcase classname="ptolemy.util.test.junit.AutoTests" name="[425] /home/travis/build/icyphy/ptII/ptolemy/actor/lib/test/auto/arrayType28.xml (RunModel)" time="0.01" />
  <testcase classname="ptolemy.util.test.junit.AutoTests" name="[426] /home/travis/build/icyphy/ptII/ptolemy/actor/lib/test/auto/arrayType3.xml (RunModel)" time="0.011" />
  <testcase classname="ptolemy.util.test.junit.AutoTests" name="[427] /home/travis/build/icyphy/ptII/ptolemy/actor/lib/test/auto/arrayType4.xml (RunModel)" time="0.01" />
  <testcase classname="ptolemy.util.test.junit.AutoTests" name="[428] /home/travis/build/icyphy/ptII/ptolemy/actor/lib/test/auto/arrayType5.xml (RunModel)" time="0.011" />
  <testcase classname="ptolemy.util.test.junit.AutoTests" name="[429] /home/travis/build/icyphy/ptII/ptolemy/actor/lib/test/auto/arrayType6.xml (RunModel)" time="0.009" />
  <testcase classname="ptolemy.util.test.junit.AutoTests" name="[430] /home/travis/build/icyphy/ptII/ptolemy/actor/lib/test/auto/arrayType7.xml (RunModel)" time="0.015" />
  <testcase classname="ptolemy.util.test.junit.AutoTests" name="[431] /home/travis/build/icyphy/ptII/ptolemy/actor/lib/test/auto/arrayType8.xml (RunModel)" time="0.009" />
  <testcase classname="ptolemy.util.test.junit.AutoTests" name="[432] /home/travis/build/icyphy/ptII/ptolemy/actor/lib/test/auto/arrayType9.xml (RunModel)" time="0.01" />
  <testcase classname="ptolemy.util.test.junit.AutoTests" name="[433] /home/travis/build/icyphy/ptII/ptolemy/actor/lib/test/auto/cast.xml (RunModel)" time="0.01" />
  <testcase classname="ptolemy.util.test.junit.AutoTests" name="[434] /home/travis/build/icyphy/ptII/ptolemy/actor/lib/test/auto/compositeMultiPort.xml (RunModel)" time="0.019" />
  <testcase classname="ptolemy.util.test.junit.AutoTests" name="[435] /home/travis/build/icyphy/ptII/ptolemy/actor/lib/test/auto/expressionCastInference.xml (RunModel)" time="0.01" />
  <testcase classname="ptolemy.util.test.junit.AutoTests" name="[436] /home/travis/build/icyphy/ptII/ptolemy/actor/lib/test/auto/expressionCastInference2.xml (RunModel)" time="0.009" />
  <testcase classname="ptolemy.util.test.junit.AutoTests" name="[437] /home/travis/build/icyphy/ptII/ptolemy/actor/lib/test/auto/expressionInference.xml (RunModel)" time="0.008" />
  <testcase classname="ptolemy.util.test.junit.AutoTests" name="[438] /home/travis/build/icyphy/ptII/ptolemy/actor/lib/test/auto/expression_bug.xml (RunModel)" time="0.008" />
  <testcase classname="ptolemy.util.test.junit.AutoTests" name="[439] /home/travis/build/icyphy/ptII/ptolemy/actor/lib/test/auto/factorial.xml (RunModel)" time="0.068" />
  <testcase classname="ptolemy.util.test.junit.AutoTests" name="[440] /home/travis/build/icyphy/ptII/ptolemy/actor/lib/test/auto/filterTest1.xml (RunModel)" time="0.014" />
  <testcase classname="ptolemy.util.test.junit.AutoTests" name="[441] /home/travis/build/icyphy/ptII/ptolemy/actor/lib/test/auto/funcApplyInConst.xml (RunModel)" time="0.008" />
  <testcase classname="ptolemy.util.test.junit.AutoTests" name="[442] /home/travis/build/icyphy/ptII/ptolemy/actor/lib/test/auto/funcApplyInExpr.xml (RunModel)" time="0.007" />
  <testcase classname="ptolemy.util.test.junit.AutoTests" name="[443] /home/travis/build/icyphy/ptII/ptolemy/actor/lib/test/auto/function.xml (RunModel)" time="0.011" />
  <testcase classname="ptolemy.util.test.junit.AutoTests" name="[444] /home/travis/build/icyphy/ptII/ptolemy/actor/lib/test/auto/function2.xml (RunModel)" time="0.012" />
  <testcase classname="ptolemy.util.test.junit.AutoTests" name="[445] /home/travis/build/icyphy/ptII/ptolemy/actor/lib/test/auto/function3.xml (RunModel)" time="0.008" />
  <testcase classname="ptolemy.util.test.junit.AutoTests" name="[446] /home/travis/build/icyphy/ptII/ptolemy/actor/lib/test/auto/functionClosureTest1.xml (RunModel)" time="0.015" />
  <testcase classname="ptolemy.util.test.junit.AutoTests" name="[447] /home/travis/build/icyphy/ptII/ptolemy/actor/lib/test/auto/functionClosureTest2.xml (RunModel)" time="0.008" />
  <testcase classname="ptolemy.util.test.junit.AutoTests" name="[448] /home/travis/build/icyphy/ptII/ptolemy/actor/lib/test/auto/functionClosureTest3.xml (RunModel)" time="0.01" />
  <testcase classname="ptolemy.util.test.junit.AutoTests" name="[449] /home/travis/build/icyphy/ptII/ptolemy/actor/lib/test/auto/functionClosureTest4.xml (RunModel)" time="0.018" />
  <testcase classname="ptolemy.util.test.junit.AutoTests" name="[450] /home/travis/build/icyphy/ptII/ptolemy/actor/lib/test/auto/functionClosureTest5.xml (RunModel)" time="0.013" />
  <testcase classname="ptolemy.util.test.junit.AutoTests" name="[451] /home/travis/build/icyphy/ptII/ptolemy/actor/lib/test/auto/functionClosureTest6.xml (RunModel)" time="0.009" />
  <testcase classname="ptolemy.util.test.junit.AutoTests" name="[452] /home/travis/build/icyphy/ptII/ptolemy/actor/lib/test/auto/functionsOnArcs.xml (RunModel)" time="0.013" />
  <testcase classname="ptolemy.util.test.junit.AutoTests" name="[453] /home/travis/build/icyphy/ptII/ptolemy/actor/lib/test/auto/functionsOnArcsHOF.xml (RunModel)" time="0.013" />
  <testcase classname="ptolemy.util.test.junit.AutoTests" name="[454] /home/travis/build/icyphy/ptII/ptolemy/actor/lib/test/auto/logic.xml (RunModel)" time="0.018" />
  <testcase classname="ptolemy.util.test.junit.AutoTests" name="[455] /home/travis/build/icyphy/ptII/ptolemy/actor/lib/test/auto/matrixType.xml (RunModel)" time="0.009" />
  <testcase classname="ptolemy.util.test.junit.AutoTests" name="[456] /home/travis/build/icyphy/ptII/ptolemy/actor/lib/test/auto/matrixType10.xml (RunModel)" time="0.01" />
  <testcase classname="ptolemy.util.test.junit.AutoTests" name="[457] /home/travis/build/icyphy/ptII/ptolemy/actor/lib/test/auto/matrixType11.xml (RunModel)" time="0.012" />
  <testcase classname="ptolemy.util.test.junit.AutoTests" name="[458] /home/travis/build/icyphy/ptII/ptolemy/actor/lib/test/auto/matrixType12.xml (RunModel)" time="0.012" />
  <testcase classname="ptolemy.util.test.junit.AutoTests" name="[459] /home/travis/build/icyphy/ptII/ptolemy/actor/lib/test/auto/matrixType13.xml (RunModel)" time="0.009" />
  <testcase classname="ptolemy.util.test.junit.AutoTests" name="[460] /home/travis/build/icyphy/ptII/ptolemy/actor/lib/test/auto/matrixType14.xml (RunModel)" time="0.011" />
  <testcase classname="ptolemy.util.test.junit.AutoTests" name="[461] /home/travis/build/icyphy/ptII/ptolemy/actor/lib/test/auto/matrixType2.xml (RunModel)" time="0.013" />
  <testcase classname="ptolemy.util.test.junit.AutoTests" name="[462] /home/travis/build/icyphy/ptII/ptolemy/actor/lib/test/auto/matrixType3.xml (RunModel)" time="0.014" />
  <testcase classname="ptolemy.util.test.junit.AutoTests" name="[463] /home/travis/build/icyphy/ptII/ptolemy/actor/lib/test/auto/matrixType4.xml (RunModel)" time="0.01" />
  <testcase classname="ptolemy.util.test.junit.AutoTests" name="[464] /home/travis/build/icyphy/ptII/ptolemy/actor/lib/test/auto/matrixType5.xml (RunModel)" time="0.01" />
  <testcase classname="ptolemy.util.test.junit.AutoTests" name="[465] /home/travis/build/icyphy/ptII/ptolemy/actor/lib/test/auto/matrixType6.xml (RunModel)" time="0.01" />
  <testcase classname="ptolemy.util.test.junit.AutoTests" name="[466] /home/travis/build/icyphy/ptII/ptolemy/actor/lib/test/auto/matrixType7.xml (RunModel)" time="0.011" />
  <testcase classname="ptolemy.util.test.junit.AutoTests" name="[467] /home/travis/build/icyphy/ptII/ptolemy/actor/lib/test/auto/matrixType8.xml (RunModel)" time="0.025" />
  <testcase classname="ptolemy.util.test.junit.AutoTests" name="[468] /home/travis/build/icyphy/ptII/ptolemy/actor/lib/test/auto/matrixType9.xml (RunModel)" time="0.031" />
  <testcase classname="ptolemy.util.test.junit.AutoTests" name="[469] /home/travis/build/icyphy/ptII/ptolemy/actor/lib/test/auto/paraFunctest.xml (RunModel)" time="0.019" />
  <testcase classname="ptolemy.util.test.junit.AutoTests" name="[470] /home/travis/build/icyphy/ptII/ptolemy/actor/lib/test/auto/paraFunctest2.xml (RunModel)" time="0.013" />
  <testcase classname="ptolemy.util.test.junit.AutoTests" name="[471] /home/travis/build/icyphy/ptII/ptolemy/actor/lib/test/auto/parameterPassing.xml (RunModel)" time="0.015" />
  <testcase classname="ptolemy.util.test.junit.AutoTests" name="[472] /home/travis/build/icyphy/ptII/ptolemy/actor/lib/test/auto/record.xml (RunModel)" time="0.012" />
  <testcase classname="ptolemy.util.test.junit.AutoTests" name="[473] /home/travis/build/icyphy/ptII/ptolemy/actor/lib/test/auto/sizedarray1.xml (RunModel)" time="0.011" />
  <testcase classname="ptolemy.util.test.junit.AutoTests" name="[474] /home/travis/build/icyphy/ptII/ptolemy/actor/lib/test/auto/sizedarray2.xml (RunModel)" time="0.016" />
  <testcase classname="ptolemy.util.test.junit.AutoTests" name="[475] /home/travis/build/icyphy/ptII/ptolemy/actor/lib/test/auto/twoPublishers.xml (RunModel)" time="0.027" />
  <system-out><![CDATA[/home/travis/build/icyphy/ptII/ptolemy/actor/lib/test/AbsoluteValue.tcl
testDefs.tcl: setting time out to 9000 seconds at Sat Mar 16 03:43:38 UTC 2019
78 ms. Memory: 116224K Free: 109634K (94%)
4 ms. Memory: 116224K Free: 108447K (93%)
5 ms. Memory: 116224K Free: 107845K (93%)
4 ms. Memory: 116224K Free: 106650K (92%)
/home/travis/build/icyphy/ptII/ptolemy/actor/lib/test/AddSubtract.tcl
9 ms. Memory: 116224K Free: 104830K (90%)
6 ms. Memory: 116224K Free: 104197K (90%)
6 ms. Memory: 116224K Free: 103002K (89%)
7 ms. Memory: 116224K Free: 102400K (88%)
5 ms. Memory: 116224K Free: 101791K (88%)
4 ms. Memory: 116224K Free: 101173K (87%)
/home/travis/build/icyphy/ptII/ptolemy/actor/lib/test/Average.tcl
7 ms. Memory: 116224K Free: 99353K (85%)
7 ms. Memory: 116224K Free: 98126K (84%)
/home/travis/build/icyphy/ptII/ptolemy/actor/lib/test/Bernoulli.tcl
4 ms. Memory: 116224K Free: 96330K (83%)
2 ms. Memory: 116224K Free: 95736K (82%)
/home/travis/build/icyphy/ptII/ptolemy/actor/lib/test/Clock.tcl
preinitializing
resolving types
initializing
executing number 1
wrapping up
idle
12 ms. Memory: 116224K Free: 93924K (81%)
Completed execution with 5 iterations
preinitializing
resolving types
initializing
executing number 1
wrapping up
idle
11 ms. Memory: 116224K Free: 92721K (80%)
Completed execution with 5 iterations
preinitializing
resolving types
initializing
executing number 1
wrapping up
idle
4 ms. Memory: 116224K Free: 92112K (79%)
Completed execution with 5 iterations
/home/travis/build/icyphy/ptII/ptolemy/actor/lib/test/Commutator.tcl
13 ms. Memory: 116224K Free: 90315K (78%)
7 ms. Memory: 116224K Free: 89112K (77%)
10 ms. Memory: 116224K Free: 84902K (73%)
/home/travis/build/icyphy/ptII/ptolemy/actor/lib/test/Const.tcl
4 ms. Memory: 116224K Free: 83086K (71%)
2 ms. Memory: 116224K Free: 82493K (71%)
2 ms. Memory: 116224K Free: 81899K (70%)
2 ms. Memory: 116224K Free: 81306K (70%)
11 ms. Memory: 116224K Free: 110902K (95%)
26 ms. Memory: 116224K Free: 109500K (94%)
8 ms. Memory: 116224K Free: 108291K (93%)
6 ms. Memory: 116224K Free: 107081K (92%)
/home/travis/build/icyphy/ptII/ptolemy/actor/lib/test/CurrentTime.tcl
preinitializing
resolving types
initializing
executing number 1
wrapping up
idle
8 ms. Memory: 116224K Free: 105255K (91%)
Completed execution with 11 iterations
/home/travis/build/icyphy/ptII/ptolemy/actor/lib/test/DB.tcl
4 ms. Memory: 116224K Free: 103445K (89%)
3 ms. Memory: 116224K Free: 102828K (88%)
2 ms. Memory: 116224K Free: 102828K (88%)
/home/travis/build/icyphy/ptII/ptolemy/actor/lib/test/DiscreteRandomSource.tcl
preinitializing
resolving types
initializing
executing number 1
wrapping up
idle
11 ms. Memory: 116224K Free: 101002K (87%)
Completed execution with 4 iterations
preinitializing
resolving types
initializing
executing number 1
wrapping up
idle
8 ms. Memory: 116224K Free: 100401K (86%)
Completed execution with 4 iterations
preinitializing
resolving types
initializing
executing number 1
wrapping up
idle
2 ms. Memory: 116224K Free: 100401K (86%)
Completed execution with 4 iterations
preinitializing
resolving types
initializing
executing number 1
wrapping up
idle
2 ms. Memory: 116224K Free: 99797K (86%)
Completed execution with 4 iterations
preinitializing
resolving types
initializing
executing number 1
wrapping up
idle
10 ms. Memory: 116224K Free: 99180K (85%)
Completed execution with 4 iterations
/home/travis/build/icyphy/ptII/ptolemy/actor/lib/test/Distributor.tcl
4 ms. Memory: 116224K Free: 97370K (84%)
4 ms. Memory: 116224K Free: 96753K (83%)
StreamChangeRequest.changeExecuted(): <deleteEntity name="rec2"/> succeeded
StreamChangeRequest.changeExecuted(): <deleteRelation name="r2"/> succeeded
StreamChangeRequest.changeExecuted(): Record firings per iteration succeeded
12 ms. Memory: 116224K Free: 94278K (81%)
/home/travis/build/icyphy/ptII/ptolemy/actor/lib/test/Exit.tcl
Exit.tcl: this will print a message about Manager.exitAfterWrapup, which can be ignored.
5 ms. Memory: 116224K Free: 91228K (78%)
/home/travis/build/icyphy/ptII/ptolemy/actor/lib/test/Expression.tcl
11 ms. Memory: 116224K Free: 88795K (76%)
10 ms. Memory: 116224K Free: 88194K (76%)
3 ms. Memory: 116224K Free: 86992K (75%)
preinitializing
resolving types
initializing
executing number 1
wrapping up
idle
5 ms. Memory: 116224K Free: 85791K (74%)
Completed execution with 6 iterations
4 ms. Memory: 116224K Free: 84557K (73%)
11 ms. Memory: 116224K Free: 83957K (72%)
12 ms. Memory: 116224K Free: 82739K (71%)
3 ms. Memory: 116224K Free: 81522K (70%)
26 ms. Memory: 116224K Free: 110597K (95%)
/home/travis/build/icyphy/ptII/ptolemy/actor/lib/test/Gaussian.tcl
4 ms. Memory: 116224K Free: 108172K (93%)
sleeping 1 seconds: .................................................................................................................................................................................................................................................................................................................................................................................................................................................................................................................................................................................................................................................................................................................................................................................................................................................................................................................................................................................................................................................................................................................................................................................................................................................................................................................................................................................................................................................................................................................................................................................................................................................................................................................................................................................................................................................................................................................................................................................................................................................................................................................................................................................................................................................................................................................................................................................................................................................................................................................................................................................................................................................................................................................................................................................................................................................................................................................................................................................................................................................................................................................................................................................................................................................................................................................................................................................................................................................................................................................................................................................................................................................................................................................................................................................................................................................................................................................................................................................................................................................................................................................................................................................................................................................................................................................................................................................................................................................................................................................................................................................................................................................................................................................................................................................................................................................................................................................................................................................................................................................................................................................................................................................................................4 ms. Memory: 116224K Free: 86151K (74%)
4 ms. Memory: 116224K Free: 85556K (74%)
2 ms. Memory: 116224K Free: 84960K (73%)
6 ms. Memory: 116224K Free: 84365K (73%)
6 ms. Memory: 116224K Free: 83770K (72%)
/home/travis/build/icyphy/ptII/ptolemy/actor/lib/test/IIR.tcl
/home/travis/build/icyphy/ptII/ptolemy/actor/lib/test/Interpolator.tcl
3 ms. Memory: 146944K Free: 140412K (96%)
2 ms. Memory: 146944K Free: 139216K (95%)
2 ms. Memory: 146944K Free: 139216K (95%)
1 ms. Memory: 146944K Free: 138021K (94%)
3 ms. Memory: 146944K Free: 138021K (94%)
2 ms. Memory: 146944K Free: 136826K (93%)
3 ms. Memory: 146944K Free: 135631K (92%)
11 ms. Memory: 146944K Free: 134436K (91%)
2 ms. Memory: 146944K Free: 134436K (91%)
2 ms. Memory: 146944K Free: 133240K (91%)
/home/travis/build/icyphy/ptII/ptolemy/actor/lib/test/MathFunction.tcl
6 ms. Memory: 146944K Free: 130850K (89%)
3 ms. Memory: 146944K Free: 129655K (88%)
2 ms. Memory: 146944K Free: 128459K (87%)
8 ms. Memory: 146944K Free: 128459K (87%)
9 ms. Memory: 146944K Free: 127264K (87%)
7 ms. Memory: 146944K Free: 124874K (85%)
/home/travis/build/icyphy/ptII/ptolemy/actor/lib/test/Maximum.tcl
4 ms. Memory: 146944K Free: 122477K (83%)
3 ms. Memory: 146944K Free: 122477K (83%)
2 ms. Memory: 146944K Free: 121282K (83%)
3 ms. Memory: 146944K Free: 121282K (83%)
/home/travis/build/icyphy/ptII/ptolemy/actor/lib/test/Minimum.tcl
5 ms. Memory: 146944K Free: 118892K (81%)
2 ms. Memory: 146944K Free: 118892K (81%)
2 ms. Memory: 146944K Free: 117696K (80%)
4 ms. Memory: 146944K Free: 116501K (79%)
/home/travis/build/icyphy/ptII/ptolemy/actor/lib/test/MultiplyDivide.tcl
5 ms. Memory: 146944K Free: 115306K (78%)
4 ms. Memory: 146944K Free: 114111K (78%)
3 ms. Memory: 146944K Free: 114111K (78%)
7 ms. Memory: 146944K Free: 112916K (77%)
2 ms. Memory: 146944K Free: 111720K (76%)
/home/travis/build/icyphy/ptII/ptolemy/actor/lib/test/OrderedMerge.tcl
Connections changed on port: inputA
Connections changed on port: inputB
Connections changed on port: output
Connections changed on port: output
Connections changed on port: output
Connections changed on port: input
.top. Preinitializing ...
Invoking preinitialize():  .top.OrderedMerge
Called preinitialize()
Invoking preinitialize():  .top.Ramp
Called preinitialize()
Invoking preinitialize():  .top.Ramp2
Called preinitialize()
Invoking preinitialize():  .top.Test
Called preinitialize()
Connections changed on port: inputA
Connections changed on port: output
Connections changed on port: inputB
Connections changed on port: output
Connections changed on port: output
Connections changed on port: input
.top. Finished preinitialize().
Called initialize().
Invoking initialize():  .top.OrderedMerge
Initializing actor: .top.OrderedMerge
Adding a thread: .top.OrderedMerge
Invoking initialize():  .top.Ramp
Initializing actor: .top.Ramp
Adding a thread: .top.Ramp
Invoking initialize():  .top.Ramp2
Initializing actor: .top.Ramp2
Adding a thread: .top.Ramp2
Invoking initialize():  .top.Test
Initializing actor: .top.Test
Adding a thread: .top.Test
-- Starting thread.
Called initialize()
Called prefire()
Called fire()
-- Starting thread.
Called initialize()
Called prefire()
Called fire()
Called postfire()
Called prefire()
Called fire()
-- Starting thread.
Called initialize()
Called prefire()
Called fire()
Called postfire()
Called prefire()
Called fire()
Called fire().
Checking for deadlock:
There are 3 Blocked actors, 0 Stopped actors, and 4 active threads.
Waiting for actors to stop.
-- Starting thread.
Called initialize()
Called prefire()
Called fire()
Checking for deadlock:
There are 2 Blocked actors, 0 Stopped actors, and 4 active threads.
Waiting for actors to stop.
Called postfire()
Called prefire()
Called fire()
Checking for deadlock:
There are 3 Blocked actors, 0 Stopped actors, and 4 active threads.
Waiting for actors to stop.
Read input token from inputA with value 0.0
Next port to read input from is inputB
Called postfire()
Called prefire()
Called fire()
Checking for deadlock:
There are 2 Blocked actors, 0 Stopped actors, and 4 active threads.
Waiting for actors to stop.
Called postfire()
Called prefire()
Called fire()
Checking for deadlock:
There are 3 Blocked actors, 0 Stopped actors, and 4 active threads.
Waiting for actors to stop.
Read input token from inputB with value 0.0
Checking for deadlock:
There are 2 Blocked actors, 0 Stopped actors, and 4 active threads.
Waiting for actors to stop.
-- Read input: 0.0, which is expected to match: 0.0
Called prefire()
Called fire()
Checking for deadlock:
There are 3 Blocked actors, 0 Stopped actors, and 4 active threads.
Waiting for actors to stop.
Sent output token with value 0.0
Next port to read input from is inputA
Called postfire()
Called prefire()
Called fire()
Checking for deadlock:
There are 2 Blocked actors, 0 Stopped actors, and 4 active threads.
Waiting for actors to stop.
Called postfire()
Called prefire()
Called fire()
Checking for deadlock:
There are 3 Blocked actors, 0 Stopped actors, and 4 active threads.
Waiting for actors to stop.
Read input token from inputA with value 1.0
Checking for deadlock:
There are 2 Blocked actors, 0 Stopped actors, and 4 active threads.
Waiting for actors to stop.
-- Read input: 0.0, which is expected to match: 0.0
Called prefire()
Called fire()
Checking for deadlock:
There are 3 Blocked actors, 0 Stopped actors, and 4 active threads.
Waiting for actors to stop.
Sent output token with value 0.0
Next port to read input from is inputB
Called postfire()
Called prefire()
Called fire()
Checking for deadlock:
There are 2 Blocked actors, 0 Stopped actors, and 4 active threads.
Waiting for actors to stop.
Called postfire()
Called prefire()
Called fire()
Checking for deadlock:
There are 3 Blocked actors, 0 Stopped actors, and 4 active threads.
Waiting for actors to stop.
Read input token from inputB with value 1.5
Checking for deadlock:
There are 2 Blocked actors, 0 Stopped actors, and 4 active threads.
Waiting for actors to stop.
-- Read input: 1.0, which is expected to match: 1.0
Called prefire()
Called fire()
Checking for deadlock:
There are 3 Blocked actors, 0 Stopped actors, and 4 active threads.
Waiting for actors to stop.
Sent output token with value 1.0
Next port to read input from is inputA
Called postfire()
Called prefire()
Called fire()
Checking for deadlock:
There are 2 Blocked actors, 0 Stopped actors, and 4 active threads.
Waiting for actors to stop.
Called postfire()
Called prefire()
Called fire()
Checking for deadlock:
There are 3 Blocked actors, 0 Stopped actors, and 4 active threads.
Waiting for actors to stop.
Read input token from inputA with value 2.0
Checking for deadlock:
There are 2 Blocked actors, 0 Stopped actors, and 4 active threads.
Waiting for actors to stop.
-- Read input: 1.5, which is expected to match: 1.5
Called prefire()
Called fire()
Checking for deadlock:
There are 3 Blocked actors, 0 Stopped actors, and 4 active threads.
Waiting for actors to stop.
Sent output token with value 1.5
Next port to read input from is inputB
Called postfire()
Called prefire()
Called fire()
Checking for deadlock:
There are 2 Blocked actors, 0 Stopped actors, and 4 active threads.
Waiting for actors to stop.
Called postfire()
Called prefire()
Called fire()
Checking for deadlock:
There are 3 Blocked actors, 0 Stopped actors, and 4 active threads.
Waiting for actors to stop.
Read input token from inputB with value 3.0
Checking for deadlock:
There are 2 Blocked actors, 0 Stopped actors, and 4 active threads.
Waiting for actors to stop.
-- Read input: 2.0, which is expected to match: 2.0
Called prefire()
Called fire()
Checking for deadlock:
There are 3 Blocked actors, 0 Stopped actors, and 4 active threads.
Waiting for actors to stop.
Sent output token with value 2.0
Next port to read input from is inputA
Called postfire()
Called prefire()
Called fire()
Checking for deadlock:
There are 2 Blocked actors, 0 Stopped actors, and 4 active threads.
Waiting for actors to stop.
Called postfire()
Called prefire()
Called fire()
Checking for deadlock:
There are 3 Blocked actors, 0 Stopped actors, and 4 active threads.
Waiting for actors to stop.
Read input token from inputA with value 3.0
Checking for deadlock:
There are 2 Blocked actors, 0 Stopped actors, and 4 active threads.
Waiting for actors to stop.
-- Read input: 3.0, which is expected to match: 3.0
Called prefire()
Called fire()
Checking for deadlock:
There are 3 Blocked actors, 0 Stopped actors, and 4 active threads.
Waiting for actors to stop.
Sent output token with value 3.0
Next port to read input from is inputB
Called postfire()
Called prefire()
Called fire()
Checking for deadlock:
There are 2 Blocked actors, 0 Stopped actors, and 4 active threads.
Waiting for actors to stop.
Called postfire()
Called prefire()
Called fire()
Checking for deadlock:
There are 3 Blocked actors, 0 Stopped actors, and 4 active threads.
Waiting for actors to stop.
Read input token from inputB with value 4.5
Checking for deadlock:
There are 2 Blocked actors, 0 Stopped actors, and 4 active threads.
Waiting for actors to stop.
-- Read input: 3.0, which is expected to match: 3.0
Called prefire()
Called fire()
Checking for deadlock:
There are 3 Blocked actors, 0 Stopped actors, and 4 active threads.
Waiting for actors to stop.
Sent output token with value 3.0
Next port to read input from is inputA
Called postfire()
Called prefire()
Called fire()
Checking for deadlock:
There are 2 Blocked actors, 0 Stopped actors, and 4 active threads.
Waiting for actors to stop.
Called postfire()
Called prefire()
Called fire()
Checking for deadlock:
There are 3 Blocked actors, 0 Stopped actors, and 4 active threads.
Waiting for actors to stop.
Read input token from inputA with value 4.0
Checking for deadlock:
There are 2 Blocked actors, 0 Stopped actors, and 4 active threads.
Waiting for actors to stop.
-- Read input: 4.0, which is expected to match: 4.0
Called prefire()
Called fire()
Past the end of training data. Read and discard all inputs.
Checking for deadlock:
There are 3 Blocked actors, 0 Stopped actors, and 4 active threads.
Waiting for actors to stop.
Sent output token with value 4.0
Next port to read input from is inputA
Called postfire()
Called prefire()
Called fire()
Checking for deadlock:
There are 2 Blocked actors, 0 Stopped actors, and 4 active threads.
Waiting for actors to stop.
Called postfire()
Called prefire()
Called fire()
Checking for deadlock:
There are 3 Blocked actors, 0 Stopped actors, and 4 active threads.
Waiting for actors to stop.
Read input token from inputA with value 5.0
Checking for deadlock:
There are 2 Blocked actors, 0 Stopped actors, and 4 active threads.
Waiting for actors to stop.
Called prefire()
Called fire()
Past the end of training data. Read and discard all inputs.
Checking for deadlock:
There are 3 Blocked actors, 0 Stopped actors, and 4 active threads.
Waiting for actors to stop.
Sent output token with value 4.5
Next port to read input from is inputB
Called postfire()
Called prefire()
Called fire()
Checking for deadlock:
There are 2 Blocked actors, 0 Stopped actors, and 4 active threads.
Waiting for actors to stop.
Called postfire()
Called prefire()
Called fire()
Checking for deadlock:
There are 3 Blocked actors, 0 Stopped actors, and 4 active threads.
Waiting for actors to stop.
Read input token from inputB with value 6.0
Checking for deadlock:
There are 2 Blocked actors, 0 Stopped actors, and 4 active threads.
Waiting for actors to stop.
Called prefire()
Called fire()
Past the end of training data. Read and discard all inputs.
Checking for deadlock:
There are 3 Blocked actors, 0 Stopped actors, and 4 active threads.
Waiting for actors to stop.
Sent output token with value 5.0
Next port to read input from is inputA
Called postfire()
Called prefire()
Called fire()
Called postfire()
Called prefire()
Called fire()
Checking for deadlock:
There are 3 Blocked actors, 0 Stopped actors, and 4 active threads.
Waiting for actors to stop.
Read input token from inputA with value 6.0
Called prefire()
Called fire()
Past the end of training data. Read and discard all inputs.
Checking for deadlock:
There are 3 Blocked actors, 0 Stopped actors, and 4 active threads.
Waiting for actors to stop.
Sent output token with value 6.0
Next port to read input from is inputB
Called postfire()
Called prefire()
Called fire()
Checking for deadlock:
There are 2 Blocked actors, 0 Stopped actors, and 4 active threads.
Waiting for actors to stop.
Called postfire()
Called prefire()
Called fire()
Checking for deadlock:
There are 3 Blocked actors, 0 Stopped actors, and 4 active threads.
Waiting for actors to stop.
Read input token from inputB with value 7.5
Checking for deadlock:
There are 2 Blocked actors, 0 Stopped actors, and 4 active threads.
Waiting for actors to stop.
Called prefire()
Called fire()
Past the end of training data. Read and discard all inputs.
Checking for deadlock:
There are 3 Blocked actors, 0 Stopped actors, and 4 active threads.
Waiting for actors to stop.
Sent output token with value 6.0
Next port to read input from is inputA
Called postfire()
Called prefire()
Called fire()
Called postfire()
Called prefire()
Called fire()
Checking for deadlock:
There are 3 Blocked actors, 0 Stopped actors, and 4 active threads.
Waiting for actors to stop.
Read input token from inputA with value 7.0
Called prefire()
Called fire()
Past the end of training data. Read and discard all inputs.
Checking for deadlock:
There are 3 Blocked actors, 0 Stopped actors, and 4 active threads.
Waiting for actors to stop.
Sent output token with value 7.0
Next port to read input from is inputA
Called postfire()
Called prefire()
Called fire()
-- Thread wrapup() called.
Called wrapup()
Thread .top.Ramp is exiting.
-- Thread stopped.
Checking for deadlock:
There are 2 Blocked actors, 0 Stopped actors, and 3 active threads.
Waiting for actors to stop.
Read input token from inputA with value 8.0
Called prefire()
Called fire()
Past the end of training data. Read and discard all inputs.
Checking for deadlock:
There are 2 Blocked actors, 0 Stopped actors, and 3 active threads.
Waiting for actors to stop.
Sent output token with value 7.5
Next port to read input from is inputB
Called postfire()
Called prefire()
Called fire()
Checking for deadlock:
There are 1 Blocked actors, 0 Stopped actors, and 3 active threads.
Waiting for actors to stop.
Called postfire()
Called prefire()
Called fire()
Checking for deadlock:
There are 2 Blocked actors, 0 Stopped actors, and 3 active threads.
Waiting for actors to stop.
Read input token from inputB with value 9.0
Checking for deadlock:
There are 1 Blocked actors, 0 Stopped actors, and 3 active threads.
Waiting for actors to stop.
Called prefire()
Called fire()
Past the end of training data. Read and discard all inputs.
Checking for deadlock:
There are 2 Blocked actors, 0 Stopped actors, and 3 active threads.
Waiting for actors to stop.
Sent output token with value 8.0
Next port to read input from is inputA
Called postfire()
Called prefire()
Called fire()
Read input token from inputA with value 9.0
Checking for deadlock:
There are 1 Blocked actors, 0 Stopped actors, and 3 active threads.
Waiting for actors to stop.
Called prefire()
Called fire()
Past the end of training data. Read and discard all inputs.
Checking for deadlock:
There are 2 Blocked actors, 0 Stopped actors, and 3 active threads.
Waiting for actors to stop.
Sent output token with value 9.0
Next port to read input from is inputB
Called postfire()
Called prefire()
Called fire()
Checking for deadlock:
There are 1 Blocked actors, 0 Stopped actors, and 3 active threads.
Waiting for actors to stop.
Called postfire()
Called prefire()
Called fire()
Checking for deadlock:
There are 2 Blocked actors, 0 Stopped actors, and 3 active threads.
Waiting for actors to stop.
Read input token from inputB with value 10.5
Checking for deadlock:
There are 1 Blocked actors, 0 Stopped actors, and 3 active threads.
Waiting for actors to stop.
Called prefire()
Called fire()
Past the end of training data. Read and discard all inputs.
Checking for deadlock:
There are 2 Blocked actors, 0 Stopped actors, and 3 active threads.
Waiting for actors to stop.
Sent output token with value 9.0
Next port to read input from is inputA
Called postfire()
Called prefire()
Called fire()
Checking for deadlock:
There are 3 Blocked actors, 0 Stopped actors, and 3 active threads.
Actors have stopped.
Checking for deadlock:
There are 3 Blocked actors, 0 Stopped actors, and 3 active threads.
Deadlock detected.
Resolving Deadlock
Checking for deadlock:
There are 3 Blocked actors, 0 Stopped actors, and 3 active threads.
Artificial Deadlock - increasing queue capacity.
increasing the capacity of receiver ptolemy.actor.TypedIOPort {.top.OrderedMerge.inputB} to 2
Director: Called postfire().
Called postfire().
_stopRequested = false
_stopFireRequested = false
Returning from postfire(): true
Called fire().
Checking for deadlock:
There are 2 Blocked actors, 0 Stopped actors, and 3 active threads.
Waiting for actors to stop.
-- Thread wrapup() called.
Called wrapup()
Thread .top.Ramp2 is exiting.
-- Thread stopped.
Checking for deadlock:
There are 2 Blocked actors, 0 Stopped actors, and 2 active threads.
Actors have stopped.
Checking for deadlock:
There are 2 Blocked actors, 0 Stopped actors, and 2 active threads.
Deadlock detected.
Resolving Deadlock
Checking for deadlock:
There are 2 Blocked actors, 0 Stopped actors, and 2 active threads.
Deadlock detected: no processes blocked on write, but some are blocked on read.
Called postfire().
_stopRequested = false
_stopFireRequested = false
Returning from postfire(): false
Finished deactivating branches.
Called wrapup().
-- Thread wrapup() called.
Called wrapup()
Thread .top.OrderedMerge is exiting.
-- Thread stopped.
-- Blocked Receiver call threw TerminateProcessException.
-- Thread wrapup() called.
Called wrapup()
Thread .top.Test is exiting.
-- Thread stopped.
-- Blocked Receiver call threw TerminateProcessException.
50 ms. Memory: 146944K Free: 107691K (73%)
.top. Preinitializing ...
Invoking preinitialize():  .top.OrderedMerge
Called preinitialize()
Invoking preinitialize():  .top.Ramp
Called preinitialize()
Invoking preinitialize():  .top.Ramp2
Called preinitialize()
Invoking preinitialize():  .top.Test
Called preinitialize()
.top. Finished preinitialize().
Called initialize().
Invoking initialize():  .top.OrderedMerge
Initializing actor: .top.OrderedMerge
Adding a thread: .top.OrderedMerge
Invoking initialize():  .top.Ramp
Initializing actor: .top.Ramp
Adding a thread: .top.Ramp
Invoking initialize():  .top.Ramp2
Initializing actor: .top.Ramp2
Adding a thread: .top.Ramp2
Invoking initialize():  .top.Test
Initializing actor: .top.Test
Adding a thread: .top.Test
-- Starting thread.
Called initialize()
Called prefire()
Called fire()
-- Starting thread.
Called initialize()
Called prefire()
Called fire()
Called postfire()
Called prefire()
Called fire()
-- Starting thread.
Called initialize()
Called prefire()
Called fire()
Called postfire()
Called prefire()
Called fire()
Called fire().
Checking for deadlock:
There are 3 Blocked actors, 0 Stopped actors, and 4 active threads.
Waiting for actors to stop.
-- Starting thread.
Called initialize()
Called prefire()
Called fire()
Checking for deadlock:
There are 2 Blocked actors, 0 Stopped actors, and 4 active threads.
Waiting for actors to stop.
Called postfire()
Called prefire()
Called fire()
Checking for deadlock:
There are 3 Blocked actors, 0 Stopped actors, and 4 active threads.
Waiting for actors to stop.
Read input token from inputA with value 0.0
Next port to read input from is inputB
Called postfire()
Called prefire()
Called fire()
Checking for deadlock:
There are 2 Blocked actors, 0 Stopped actors, and 4 active threads.
Waiting for actors to stop.
Called postfire()
Called prefire()
Called fire()
Checking for deadlock:
There are 3 Blocked actors, 0 Stopped actors, and 4 active threads.
Waiting for actors to stop.
Read input token from inputB with value 0.0
Checking for deadlock:
There are 2 Blocked actors, 0 Stopped actors, and 4 active threads.
Waiting for actors to stop.
-- Read input: 0.0, which is expected to match: 0.0
Called prefire()
Called fire()
Checking for deadlock:
There are 3 Blocked actors, 0 Stopped actors, and 4 active threads.
Waiting for actors to stop.
Sent output token with value 0.0
Next port to read input from is inputA
Called postfire()
Called prefire()
Called fire()
Checking for deadlock:
There are 2 Blocked actors, 0 Stopped actors, and 4 active threads.
Waiting for actors to stop.
Called postfire()
Called prefire()
Called fire()
Checking for deadlock:
There are 3 Blocked actors, 0 Stopped actors, and 4 active threads.
Waiting for actors to stop.
Read input token from inputA with value 1.0
Checking for deadlock:
There are 2 Blocked actors, 0 Stopped actors, and 4 active threads.
Waiting for actors to stop.
-- Read input: 0.0, which is expected to match: 0.0
Called prefire()
Called fire()
Checking for deadlock:
There are 3 Blocked actors, 0 Stopped actors, and 4 active threads.
Waiting for actors to stop.
Sent output token with value 0.0
Next port to read input from is inputB
Called postfire()
Called prefire()
Called fire()
Checking for deadlock:
There are 2 Blocked actors, 0 Stopped actors, and 4 active threads.
Waiting for actors to stop.
Called postfire()
Called prefire()
Called fire()
Checking for deadlock:
There are 3 Blocked actors, 0 Stopped actors, and 4 active threads.
Waiting for actors to stop.
Read input token from inputB with value 1.5
Checking for deadlock:
There are 2 Blocked actors, 0 Stopped actors, and 4 active threads.
Waiting for actors to stop.
-- Read input: 1.0, which is expected to match: 1.0
Called prefire()
Called fire()
Checking for deadlock:
There are 3 Blocked actors, 0 Stopped actors, and 4 active threads.
Waiting for actors to stop.
Sent output token with value 1.0
Next port to read input from is inputA
Called postfire()
Called prefire()
Called fire()
Checking for deadlock:
There are 2 Blocked actors, 0 Stopped actors, and 4 active threads.
Waiting for actors to stop.
Called postfire()
Called prefire()
Called fire()
Checking for deadlock:
There are 3 Blocked actors, 0 Stopped actors, and 4 active threads.
Waiting for actors to stop.
Read input token from inputA with value 2.0
Checking for deadlock:
There are 2 Blocked actors, 0 Stopped actors, and 4 active threads.
Waiting for actors to stop.
-- Read input: 1.5, which is expected to match: 1.5
Called prefire()
Called fire()
Checking for deadlock:
There are 3 Blocked actors, 0 Stopped actors, and 4 active threads.
Waiting for actors to stop.
Sent output token with value 1.5
Next port to read input from is inputB
Called postfire()
Called prefire()
Called fire()
Checking for deadlock:
There are 2 Blocked actors, 0 Stopped actors, and 4 active threads.
Waiting for actors to stop.
Called postfire()
Called prefire()
Called fire()
Checking for deadlock:
There are 3 Blocked actors, 0 Stopped actors, and 4 active threads.
Waiting for actors to stop.
Read input token from inputB with value 3.0
Checking for deadlock:
There are 2 Blocked actors, 0 Stopped actors, and 4 active threads.
Waiting for actors to stop.
-- Read input: 2.0, which is expected to match: 2.0
Called prefire()
Called fire()
Checking for deadlock:
There are 3 Blocked actors, 0 Stopped actors, and 4 active threads.
Waiting for actors to stop.
Sent output token with value 2.0
Next port to read input from is inputA
Called postfire()
Called prefire()
Called fire()
Checking for deadlock:
There are 2 Blocked actors, 0 Stopped actors, and 4 active threads.
Waiting for actors to stop.
Called postfire()
Called prefire()
Called fire()
Checking for deadlock:
There are 3 Blocked actors, 0 Stopped actors, and 4 active threads.
Waiting for actors to stop.
Read input token from inputA with value 3.0
Checking for deadlock:
There are 2 Blocked actors, 0 Stopped actors, and 4 active threads.
Waiting for actors to stop.
-- Read input: 3.0, which is expected to match: 3.0
Called prefire()
Called fire()
Checking for deadlock:
There are 3 Blocked actors, 0 Stopped actors, and 4 active threads.
Waiting for actors to stop.
Sent output token with value 3.0
Next port to read input from is inputB
Called postfire()
Called prefire()
Called fire()
Checking for deadlock:
There are 2 Blocked actors, 0 Stopped actors, and 4 active threads.
Waiting for actors to stop.
Called postfire()
Called prefire()
Called fire()
Checking for deadlock:
There are 3 Blocked actors, 0 Stopped actors, and 4 active threads.
Waiting for actors to stop.
Read input token from inputB with value 4.5
Checking for deadlock:
There are 2 Blocked actors, 0 Stopped actors, and 4 active threads.
Waiting for actors to stop.
-- Read input: 3.0, which is expected to match: 3.0
Called prefire()
Called fire()
Checking for deadlock:
There are 3 Blocked actors, 0 Stopped actors, and 4 active threads.
Waiting for actors to stop.
Sent output token with value 3.0
Next port to read input from is inputA
Called postfire()
Called prefire()
Called fire()
Checking for deadlock:
There are 2 Blocked actors, 0 Stopped actors, and 4 active threads.
Waiting for actors to stop.
Called postfire()
Called prefire()
Called fire()
Checking for deadlock:
There are 3 Blocked actors, 0 Stopped actors, and 4 active threads.
Waiting for actors to stop.
Read input token from inputA with value 4.0
Checking for deadlock:
There are 2 Blocked actors, 0 Stopped actors, and 4 active threads.
Waiting for actors to stop.
-- Read input: 4.0, which is expected to match: 4.0
Called prefire()
Called fire()
Past the end of training data. Read and discard all inputs.
Checking for deadlock:
There are 3 Blocked actors, 0 Stopped actors, and 4 active threads.
Waiting for actors to stop.
Sent output token with value 4.0
Next port to read input from is inputA
Called postfire()
Called prefire()
Called fire()
Checking for deadlock:
There are 2 Blocked actors, 0 Stopped actors, and 4 active threads.
Waiting for actors to stop.
Called postfire()
Called prefire()
Called fire()
Checking for deadlock:
There are 3 Blocked actors, 0 Stopped actors, and 4 active threads.
Waiting for actors to stop.
Read input token from inputA with value 5.0
Checking for deadlock:
There are 2 Blocked actors, 0 Stopped actors, and 4 active threads.
Waiting for actors to stop.
Called prefire()
Called fire()
Past the end of training data. Read and discard all inputs.
Checking for deadlock:
There are 3 Blocked actors, 0 Stopped actors, and 4 active threads.
Waiting for actors to stop.
Sent output token with value 4.5
Next port to read input from is inputB
Called postfire()
Called prefire()
Called fire()
Checking for deadlock:
There are 2 Blocked actors, 0 Stopped actors, and 4 active threads.
Waiting for actors to stop.
Called postfire()
Called prefire()
Called fire()
Checking for deadlock:
There are 3 Blocked actors, 0 Stopped actors, and 4 active threads.
Waiting for actors to stop.
Read input token from inputB with value 6.0
Checking for deadlock:
There are 2 Blocked actors, 0 Stopped actors, and 4 active threads.
Waiting for actors to stop.
Called prefire()
Called fire()
Past the end of training data. Read and discard all inputs.
Checking for deadlock:
There are 3 Blocked actors, 0 Stopped actors, and 4 active threads.
Waiting for actors to stop.
Sent output token with value 5.0
Next port to read input from is inputA
Called postfire()
Called prefire()
Called fire()
Checking for deadlock:
There are 2 Blocked actors, 0 Stopped actors, and 4 active threads.
Waiting for actors to stop.
Called postfire()
Called prefire()
Called fire()
Checking for deadlock:
There are 3 Blocked actors, 0 Stopped actors, and 4 active threads.
Waiting for actors to stop.
Read input token from inputA with value 6.0
Checking for deadlock:
There are 2 Blocked actors, 0 Stopped actors, and 4 active threads.
Waiting for actors to stop.
Called prefire()
Called fire()
Past the end of training data. Read and discard all inputs.
Checking for deadlock:
There are 3 Blocked actors, 0 Stopped actors, and 4 active threads.
Waiting for actors to stop.
Sent output token with value 6.0
Next port to read input from is inputB
Called postfire()
Called prefire()
Called fire()
Checking for deadlock:
There are 2 Blocked actors, 0 Stopped actors, and 4 active threads.
Waiting for actors to stop.
Called postfire()
Called prefire()
Called fire()
Checking for deadlock:
There are 3 Blocked actors, 0 Stopped actors, and 4 active threads.
Waiting for actors to stop.
Read input token from inputB with value 7.5
Checking for deadlock:
There are 2 Blocked actors, 0 Stopped actors, and 4 active threads.
Waiting for actors to stop.
Called prefire()
Called fire()
Past the end of training data. Read and discard all inputs.
Checking for deadlock:
There are 3 Blocked actors, 0 Stopped actors, and 4 active threads.
Waiting for actors to stop.
Sent output token with value 6.0
Next port to read input from is inputA
Called postfire()
Called prefire()
Called fire()
Checking for deadlock:
There are 2 Blocked actors, 0 Stopped actors, and 4 active threads.
Waiting for actors to stop.
Called postfire()
Called prefire()
Called fire()
Checking for deadlock:
There are 3 Blocked actors, 0 Stopped actors, and 4 active threads.
Waiting for actors to stop.
Read input token from inputA with value 7.0
Checking for deadlock:
There are 2 Blocked actors, 0 Stopped actors, and 4 active threads.
Waiting for actors to stop.
Called prefire()
Called fire()
Past the end of training data. Read and discard all inputs.
Checking for deadlock:
There are 3 Blocked actors, 0 Stopped actors, and 4 active threads.
Waiting for actors to stop.
Sent output token with value 7.0
Next port to read input from is inputA
Called postfire()
Called prefire()
Called fire()
Checking for deadlock:
There are 2 Blocked actors, 0 Stopped actors, and 4 active threads.
Waiting for actors to stop.
-- Thread wrapup() called.
Called wrapup()
Thread .top.Ramp is exiting.
Checking for deadlock:
There are 2 Blocked actors, 0 Stopped actors, and 3 active threads.
Waiting for actors to stop.
-- Thread stopped.
Read input token from inputA with value 8.0
Checking for deadlock:
There are 1 Blocked actors, 0 Stopped actors, and 3 active threads.
Waiting for actors to stop.
Called prefire()
Called fire()
Past the end of training data. Read and discard all inputs.
Checking for deadlock:
There are 2 Blocked actors, 0 Stopped actors, and 3 active threads.
Waiting for actors to stop.
Sent output token with value 7.5
Next port to read input from is inputB
Called postfire()
Called prefire()
Called fire()
Checking for deadlock:
There are 1 Blocked actors, 0 Stopped actors, and 3 active threads.
Waiting for actors to stop.
Called postfire()
Called prefire()
Called fire()
Checking for deadlock:
There are 2 Blocked actors, 0 Stopped actors, and 3 active threads.
Waiting for actors to stop.
Read input token from inputB with value 9.0
Checking for deadlock:
There are 1 Blocked actors, 0 Stopped actors, and 3 active threads.
Waiting for actors to stop.
Called prefire()
Called fire()
Past the end of training data. Read and discard all inputs.
Checking for deadlock:
There are 2 Blocked actors, 0 Stopped actors, and 3 active threads.
Waiting for actors to stop.
Sent output token with value 8.0
Next port to read input from is inputA
Called postfire()
Called prefire()
Called fire()
Read input token from inputA with value 9.0
Checking for deadlock:
There are 1 Blocked actors, 0 Stopped actors, and 3 active threads.
Waiting for actors to stop.
Called prefire()
Called fire()
Past the end of training data. Read and discard all inputs.
Checking for deadlock:
There are 2 Blocked actors, 0 Stopped actors, and 3 active threads.
Waiting for actors to stop.
Sent output token with value 9.0
Next port to read input from is inputB
Called postfire()
Called prefire()
Called fire()
Checking for deadlock:
There are 1 Blocked actors, 0 Stopped actors, and 3 active threads.
Waiting for actors to stop.
Called postfire()
Called prefire()
Called fire()
Checking for deadlock:
There are 2 Blocked actors, 0 Stopped actors, and 3 active threads.
Waiting for actors to stop.
Read input token from inputB with value 10.5
Checking for deadlock:
There are 1 Blocked actors, 0 Stopped actors, and 3 active threads.
Waiting for actors to stop.
Called prefire()
Called fire()
Past the end of training data. Read and discard all inputs.
Checking for deadlock:
There are 2 Blocked actors, 0 Stopped actors, and 3 active threads.
Waiting for actors to stop.
Sent output token with value 9.0
Next port to read input from is inputA
Called postfire()
Called prefire()
Called fire()
Checking for deadlock:
There are 3 Blocked actors, 0 Stopped actors, and 3 active threads.
Actors have stopped.
Checking for deadlock:
There are 3 Blocked actors, 0 Stopped actors, and 3 active threads.
Deadlock detected.
Resolving Deadlock
Checking for deadlock:
There are 3 Blocked actors, 0 Stopped actors, and 3 active threads.
Artificial Deadlock - increasing queue capacity.
increasing the capacity of receiver ptolemy.actor.TypedIOPort {.top.OrderedMerge.inputB} to 2
Director: Called postfire().
Called postfire().
_stopRequested = false
_stopFireRequested = false
Returning from postfire(): true
Called fire().
Checking for deadlock:
There are 2 Blocked actors, 0 Stopped actors, and 3 active threads.
Waiting for actors to stop.
-- Thread wrapup() called.
Called wrapup()
Thread .top.Ramp2 is exiting.
-- Thread stopped.
Checking for deadlock:
There are 2 Blocked actors, 0 Stopped actors, and 2 active threads.
Actors have stopped.
Checking for deadlock:
There are 2 Blocked actors, 0 Stopped actors, and 2 active threads.
Deadlock detected.
Resolving Deadlock
Checking for deadlock:
There are 2 Blocked actors, 0 Stopped actors, and 2 active threads.
Deadlock detected: no processes blocked on write, but some are blocked on read.
Called postfire().
_stopRequested = false
_stopFireRequested = false
Returning from postfire(): false
Finished deactivating branches.
Called wrapup().
-- Thread wrapup() called.
Called wrapup()
Thread .top.Test is exiting.
-- Thread stopped.
-- Blocked Receiver call threw TerminateProcessException.
-- Thread wrapup() called.
Called wrapup()
Thread .top.OrderedMerge is exiting.
22 ms. Memory: 146944K Free: 106053K (72%)
/home/travis/build/icyphy/ptII/ptolemy/actor/lib/test/Publisher.tcl
-- Thread stopped.
-- Blocked Receiver call threw TerminateProcessException.
13 ms. Memory: 146944K Free: 100077K (68%)
5 ms. Memory: 146944K Free: 94101K (64%)
3 ms. Memory: 146944K Free: 90515K (62%)
3 ms. Memory: 146944K Free: 89320K (61%)
3 ms. Memory: 146944K Free: 89320K (61%)
3 ms. Memory: 146944K Free: 88125K (60%)
3 ms. Memory: 146944K Free: 86929K (59%)
3 ms. Memory: 146944K Free: 86929K (59%)
1 ms. Memory: 146944K Free: 138187K (94%)
4 ms. Memory: 146944K Free: 133402K (91%)
2 ms. Memory: 146944K Free: 133402K (91%)
2 ms. Memory: 146944K Free: 131014K (89%)
7 ms. Memory: 146944K Free: 122654K (83%)
6 ms. Memory: 146944K Free: 112991K (77%)
7 ms. Memory: 146944K Free: 101048K (69%)
/home/travis/build/icyphy/ptII/ptolemy/actor/lib/test/Pulse.tcl
4 ms. Memory: 209408K Free: 182692K (87%)
10 ms. Memory: 209408K Free: 182692K (87%)
2 ms. Memory: 209408K Free: 180294K (86%)
2 ms. Memory: 209408K Free: 180294K (86%)
10 ms. Memory: 209408K Free: 180294K (86%)
2 ms. Memory: 209408K Free: 180294K (86%)
5 ms. Memory: 209408K Free: 177887K (85%)
3 ms. Memory: 209408K Free: 177887K (85%)
5 ms. Memory: 209408K Free: 177887K (85%)
/home/travis/build/icyphy/ptII/ptolemy/actor/lib/test/Ramp.tcl
5 ms. Memory: 209408K Free: 175462K (84%)
2 ms. Memory: 209408K Free: 175462K (84%)
2 ms. Memory: 209408K Free: 173064K (83%)
1 ms. Memory: 209408K Free: 173064K (83%)
3 ms. Memory: 209408K Free: 173064K (83%)
4 ms. Memory: 209408K Free: 170650K (81%)
5 ms. Memory: 209408K Free: 170650K (81%)
5 actors
6000 microseconds per iteration to create
6 ms. Memory: 209408K Free: 168243K (80%)
1 ms. Memory: 209408K Free: 165845K (79%)
2 ms. Memory: 209408K Free: 165845K (79%)
2 ms. Memory: 209408K Free: 165845K (79%)
50 actors
30000 microseconds per iteration to create
29 ms. Memory: 209408K Free: 149008K (71%)
5 ms. Memory: 209408K Free: 149008K (71%)
6 ms. Memory: 209408K Free: 149008K (71%)
4 ms. Memory: 209408K Free: 146609K (70%)
500 actors
1500000 microseconds per iteration to create
307 ms. Memory: 209920K Free: 97147K (46%)
41 ms. Memory: 209920K Free: 92319K (44%)
34 ms. Memory: 209920K Free: 85062K (41%)
38 ms. Memory: 209920K Free: 80234K (38%)
/home/travis/build/icyphy/ptII/ptolemy/actor/lib/test/RampContinuous.tcl
9 ms. Memory: 209920K Free: 80234K (38%)
/home/travis/build/icyphy/ptII/ptolemy/actor/lib/test/RecordAssembler.tcl
7 ms. Memory: 209920K Free: 77820K (37%)
4 ms. Memory: 209920K Free: 76674K (37%)
/home/travis/build/icyphy/ptII/ptolemy/actor/lib/test/RecordDisassembler.tcl
35 ms. Memory: 332288K Free: 315058K (95%)
5 ms. Memory: 332288K Free: 315058K (95%)
4 ms. Memory: 332288K Free: 314937K (95%)
/home/travis/build/icyphy/ptII/ptolemy/actor/lib/test/Scale.tcl
3 ms. Memory: 332288K Free: 314937K (95%)
2 ms. Memory: 332288K Free: 310092K (93%)
1 ms. Memory: 332288K Free: 310092K (93%)
2 ms. Memory: 332288K Free: 310092K (93%)
2 ms. Memory: 332288K Free: 310092K (93%)
/home/travis/build/icyphy/ptII/ptolemy/actor/lib/test/SequentialClock.tcl
preinitializing
resolving types
initializing
executing number 1
wrapping up
idle
2 ms. Memory: 332288K Free: 310092K (93%)
Completed execution with 5 iterations
preinitializing
resolving types
initializing
executing number 1
wrapping up
idle
2 ms. Memory: 332288K Free: 305254K (92%)
Completed execution with 5 iterations
preinitializing
resolving types
initializing
executing number 1
wrapping up
idle
1 ms. Memory: 332288K Free: 305254K (92%)
Completed execution with 5 iterations
/home/travis/build/icyphy/ptII/ptolemy/actor/lib/test/SetVariable.tcl
4 ms. Memory: 332288K Free: 305254K (92%)
/home/travis/build/icyphy/ptII/ptolemy/actor/lib/test/Sinewave.tcl
/home/travis/build/icyphy/ptII/ptolemy/actor/lib/test/SubscriptionAggregator.tcl
4 ms. Memory: 332288K Free: 290726K (87%)
7 ms. Memory: 332288K Free: 290726K (87%)
1 ms. Memory: 332288K Free: 290726K (87%)
1 ms. Memory: 332288K Free: 290726K (87%)
1 ms. Memory: 332288K Free: 285873K (86%)
3 ms. Memory: 332288K Free: 285873K (86%)
...............................................................945 ms. Memory: 479232K Free: 385974K (81%)
/home/travis/build/icyphy/ptII/ptolemy/actor/lib/test/Test.tcl
 The next command will produce a warning about training mode,
   which may be ignored.
5 ms. Memory: 479232K Free: 378254K (79%)
2 ms. Memory: 479232K Free: 378254K (79%)
2 ms. Memory: 479232K Free: 378254K (79%)
1 ms. Memory: 479232K Free: 378254K (79%)
3 ms. Memory: 479232K Free: 378254K (79%)
3 ms. Memory: 479232K Free: 378254K (79%)
4 ms. Memory: 479232K Free: 378254K (79%)
 The next command will produce a warning about training mode,
   which may be ignored.
4 ms. Memory: 479232K Free: 370533K (77%)
 The next command will produce a warning about training mode,
   which may be ignored.
2 ms. Memory: 479232K Free: 370533K (77%)
1 ms. Memory: 479232K Free: 370533K (77%)
1 ms. Memory: 479232K Free: 370533K (77%)
3 ms. Memory: 479232K Free: 370533K (77%)
2 ms. Memory: 479232K Free: 370533K (77%)
6 ms. Memory: 479232K Free: 370533K (77%)
/home/travis/build/icyphy/ptII/ptolemy/actor/lib/test/TestExceptionHandler.tcl
 The next command will produce a warning about training mode,
   which may be ignored.
3 ms. Memory: 479232K Free: 362828K (76%)
0 ms. Memory: 479232K Free: 362828K (76%)
1 ms. Memory: 479232K Free: 362828K (76%)
/home/travis/build/icyphy/ptII/ptolemy/actor/lib/test/UnionDisassembler.tcl
31 ms. Memory: 479232K Free: 355108K (74%)
/home/travis/build/icyphy/ptII/ptolemy/actor/lib/test/VariableClock.tcl
preinitializing
resolving types
initializing
executing number 1
wrapping up
idle
12 ms. Memory: 479232K Free: 355108K (74%)
Completed execution with 11 iterations
preinitializing
resolving types
initializing
executing number 1
wrapping up
idle
13 ms. Memory: 479232K Free: 355108K (74%)
Completed execution with 10 iterations
03/16/19 03:43:45
Failed: 0  Total Tests: 234  ((Passed: 234, Newly Passed: 0)  Known Failed: 0) /home/travis/build/icyphy/ptII/ptolemy/actor/lib/test
----------------- testing (KnownFailure) /home/travis/build/icyphy/ptII/ptolemy/actor/lib/test/auto/knownFailedTests/PublisherPortToplevelSubscriber.xml
4 ms. Memory: 479232K Free: 347366K (72%)
Known Failure: java.lang.reflect.InvocationTargetException
----------------- testing (KnownFailure) /home/travis/build/icyphy/ptII/ptolemy/actor/lib/test/auto/knownFailedTests/PublisherSubscriberPortToplevel.xml
0 ms. Memory: 479232K Free: 331883K (69%)
Known Failure: java.lang.reflect.InvocationTargetException
----------------- testing (KnownFailure) /home/travis/build/icyphy/ptII/ptolemy/actor/lib/test/auto/knownFailedTests/PublisherSubscriptionAggregatorPort.xml
2 ms. Memory: 479232K Free: 316400K (66%)
Known Failure: java.lang.reflect.InvocationTargetException
----------------- testing (KnownFailure) /home/travis/build/icyphy/ptII/ptolemy/actor/lib/test/auto/knownFailedTests/sizedarray3.xml
4 ms. Memory: 479232K Free: 300917K (63%)
Known Failure: java.lang.reflect.InvocationTargetException
No auto/linux-amd64/*.xml tests in /home/travis/build/icyphy/ptII/ptolemy/actor/lib/test
AutoTests.java: About to close Vertx.
AutoTests.java: Vertx closed.

===========================================================================================
----------------- testing Sat Mar 16 03:43:46 UTC 2019 /home/travis/build/icyphy/ptII/ptolemy/actor/lib/test/auto/AbsoluteValue.xml
----------------- Instantiating /home/travis/build/icyphy/ptII/ptolemy/actor/lib/test/auto/AbsoluteValue.xml
8 ms. Memory: 479232K Free: 231353K (48%)
----------------- Invoking toplevel() on ptolemy.moml.MoMLSimpleApplication@7caad87f
----------------- Done invoking toplevel() on ptolemy.moml.MoMLSimpleApplication@7caad87f
reloadAllAccessors: .AbsoluteValue

===========================================================================================
----------------- testing Sat Mar 16 03:43:46 UTC 2019 /home/travis/build/icyphy/ptII/ptolemy/actor/lib/test/auto/AbsoluteValue2.xml
----------------- Instantiating /home/travis/build/icyphy/ptII/ptolemy/actor/lib/test/auto/AbsoluteValue2.xml
4 ms. Memory: 479232K Free: 219741K (46%)
----------------- Invoking toplevel() on ptolemy.moml.MoMLSimpleApplication@3935c6ec
----------------- Done invoking toplevel() on ptolemy.moml.MoMLSimpleApplication@3935c6ec
reloadAllAccessors: .AbsoluteValue2

===========================================================================================
----------------- testing Sat Mar 16 03:43:46 UTC 2019 /home/travis/build/icyphy/ptII/ptolemy/actor/lib/test/auto/Accumulator.xml
----------------- Instantiating /home/travis/build/icyphy/ptII/ptolemy/actor/lib/test/auto/Accumulator.xml
17 ms. Memory: 479232K Free: 200424K (42%)
----------------- Invoking toplevel() on ptolemy.moml.MoMLSimpleApplication@47371c8c
----------------- Done invoking toplevel() on ptolemy.moml.MoMLSimpleApplication@47371c8c
reloadAllAccessors: .Accumulator

===========================================================================================
----------------- testing Sat Mar 16 03:43:46 UTC 2019 /home/travis/build/icyphy/ptII/ptolemy/actor/lib/test/auto/Accumulator2.xml
----------------- Instantiating /home/travis/build/icyphy/ptII/ptolemy/actor/lib/test/auto/Accumulator2.xml
12 ms. Memory: 479232K Free: 192682K (40%)
----------------- Invoking toplevel() on ptolemy.moml.MoMLSimpleApplication@71e7fc10
----------------- Done invoking toplevel() on ptolemy.moml.MoMLSimpleApplication@71e7fc10
reloadAllAccessors: .Accumulator2

===========================================================================================
----------------- testing Sat Mar 16 03:43:46 UTC 2019 /home/travis/build/icyphy/ptII/ptolemy/actor/lib/test/auto/Accumulator3.xml
----------------- Instantiating /home/travis/build/icyphy/ptII/ptolemy/actor/lib/test/auto/Accumulator3.xml
3 ms. Memory: 479232K Free: 184941K (39%)
----------------- Invoking toplevel() on ptolemy.moml.MoMLSimpleApplication@12aadc15
----------------- Done invoking toplevel() on ptolemy.moml.MoMLSimpleApplication@12aadc15
reloadAllAccessors: .Accumulator3

===========================================================================================
----------------- testing Sat Mar 16 03:43:46 UTC 2019 /home/travis/build/icyphy/ptII/ptolemy/actor/lib/test/auto/ArrayAppend.xml
----------------- Instantiating /home/travis/build/icyphy/ptII/ptolemy/actor/lib/test/auto/ArrayAppend.xml
16 ms. Memory: 479232K Free: 169494K (35%)
----------------- Invoking toplevel() on ptolemy.moml.MoMLSimpleApplication@4d49128c
----------------- Done invoking toplevel() on ptolemy.moml.MoMLSimpleApplication@4d49128c
reloadAllAccessors: .ArrayAppend

===========================================================================================
----------------- testing Sat Mar 16 03:43:46 UTC 2019 /home/travis/build/icyphy/ptII/ptolemy/actor/lib/test/auto/ArrayAppend2.xml
----------------- Instantiating /home/travis/build/icyphy/ptII/ptolemy/actor/lib/test/auto/ArrayAppend2.xml
431 ms. Memory: 479232K Free: 84338K (18%)
----------------- Invoking toplevel() on ptolemy.moml.MoMLSimpleApplication@2e34b847
----------------- Done invoking toplevel() on ptolemy.moml.MoMLSimpleApplication@2e34b847
reloadAllAccessors: .ArrayAppend2

===========================================================================================
----------------- testing Sat Mar 16 03:43:47 UTC 2019 /home/travis/build/icyphy/ptII/ptolemy/actor/lib/test/auto/ArrayAppend3.xml
----------------- Instantiating /home/travis/build/icyphy/ptII/ptolemy/actor/lib/test/auto/ArrayAppend3.xml
5 ms. Memory: 479232K Free: 76597K (16%)
----------------- Invoking toplevel() on ptolemy.moml.MoMLSimpleApplication@51bc2c9b
----------------- Done invoking toplevel() on ptolemy.moml.MoMLSimpleApplication@51bc2c9b
reloadAllAccessors: .ArrayAppend3

===========================================================================================
----------------- testing Sat Mar 16 03:43:47 UTC 2019 /home/travis/build/icyphy/ptII/ptolemy/actor/lib/test/auto/ArrayAppend4.xml
----------------- Instantiating /home/travis/build/icyphy/ptII/ptolemy/actor/lib/test/auto/ArrayAppend4.xml
8 ms. Memory: 479232K Free: 68855K (14%)
----------------- Invoking toplevel() on ptolemy.moml.MoMLSimpleApplication@7fae3dcb
----------------- Done invoking toplevel() on ptolemy.moml.MoMLSimpleApplication@7fae3dcb
reloadAllAccessors: .ArrayAppend4

===========================================================================================
----------------- testing Sat Mar 16 03:43:47 UTC 2019 /home/travis/build/icyphy/ptII/ptolemy/actor/lib/test/auto/ArrayAppend5.xml
----------------- Instantiating /home/travis/build/icyphy/ptII/ptolemy/actor/lib/test/auto/ArrayAppend5.xml
4 ms. Memory: 483328K Free: 429217K (89%)
----------------- Invoking toplevel() on ptolemy.moml.MoMLSimpleApplication@420785f1
----------------- Done invoking toplevel() on ptolemy.moml.MoMLSimpleApplication@420785f1
reloadAllAccessors: .ArrayAppend5

===========================================================================================
----------------- testing Sat Mar 16 03:43:47 UTC 2019 /home/travis/build/icyphy/ptII/ptolemy/actor/lib/test/auto/ArrayAppend6.xml
----------------- Instantiating /home/travis/build/icyphy/ptII/ptolemy/actor/lib/test/auto/ArrayAppend6.xml
3 ms. Memory: 483328K Free: 415551K (86%)
----------------- Invoking toplevel() on ptolemy.moml.MoMLSimpleApplication@40f6ce49
----------------- Done invoking toplevel() on ptolemy.moml.MoMLSimpleApplication@40f6ce49
reloadAllAccessors: .ArrayAppend6

===========================================================================================
----------------- testing Sat Mar 16 03:43:47 UTC 2019 /home/travis/build/icyphy/ptII/ptolemy/actor/lib/test/auto/ArrayAppendPerformanceTest.xml
----------------- Instantiating /home/travis/build/icyphy/ptII/ptolemy/actor/lib/test/auto/ArrayAppendPerformanceTest.xml
16 ms. Memory: 483328K Free: 400036K (83%)
----------------- Invoking toplevel() on ptolemy.moml.MoMLSimpleApplication@2f1569e4
----------------- Done invoking toplevel() on ptolemy.moml.MoMLSimpleApplication@2f1569e4
reloadAllAccessors: .ArrayAppendPerformanceTest

===========================================================================================
----------------- testing Sat Mar 16 03:43:47 UTC 2019 /home/travis/build/icyphy/ptII/ptolemy/actor/lib/test/auto/ArrayAppendWithEmptyInput.xml
----------------- Instantiating /home/travis/build/icyphy/ptII/ptolemy/actor/lib/test/auto/ArrayAppendWithEmptyInput.xml
13 ms. Memory: 483328K Free: 382483K (79%)
----------------- Invoking toplevel() on ptolemy.moml.MoMLSimpleApplication@18986d21
----------------- Done invoking toplevel() on ptolemy.moml.MoMLSimpleApplication@18986d21
reloadAllAccessors: .ArrayAppendWithEmptyInput

===========================================================================================
----------------- testing Sat Mar 16 03:43:47 UTC 2019 /home/travis/build/icyphy/ptII/ptolemy/actor/lib/test/auto/ArrayAverage.xml
----------------- Instantiating /home/travis/build/icyphy/ptII/ptolemy/actor/lib/test/auto/ArrayAverage.xml
5 ms. Memory: 483328K Free: 370863K (77%)
----------------- Invoking toplevel() on ptolemy.moml.MoMLSimpleApplication@6980087f
----------------- Done invoking toplevel() on ptolemy.moml.MoMLSimpleApplication@6980087f
reloadAllAccessors: .ArrayAverage

===========================================================================================
----------------- testing Sat Mar 16 03:43:47 UTC 2019 /home/travis/build/icyphy/ptII/ptolemy/actor/lib/test/auto/ArrayContains.xml
----------------- Instantiating /home/travis/build/icyphy/ptII/ptolemy/actor/lib/test/auto/ArrayContains.xml
3 ms. Memory: 483328K Free: 363121K (75%)
----------------- Invoking toplevel() on ptolemy.moml.MoMLSimpleApplication@8b888f7
----------------- Done invoking toplevel() on ptolemy.moml.MoMLSimpleApplication@8b888f7
reloadAllAccessors: .ArrayContains

===========================================================================================
----------------- testing Sat Mar 16 03:43:47 UTC 2019 /home/travis/build/icyphy/ptII/ptolemy/actor/lib/test/auto/ArrayElement.xml
----------------- Instantiating /home/travis/build/icyphy/ptII/ptolemy/actor/lib/test/auto/ArrayElement.xml
6 ms. Memory: 483328K Free: 349454K (72%)
----------------- Invoking toplevel() on ptolemy.moml.MoMLSimpleApplication@2f280874
----------------- Done invoking toplevel() on ptolemy.moml.MoMLSimpleApplication@2f280874
reloadAllAccessors: .ArrayElement

===========================================================================================
----------------- testing Sat Mar 16 03:43:47 UTC 2019 /home/travis/build/icyphy/ptII/ptolemy/actor/lib/test/auto/ArrayElementAsMatrix.xml
----------------- Instantiating /home/travis/build/icyphy/ptII/ptolemy/actor/lib/test/auto/ArrayElementAsMatrix.xml
27 ms. Memory: 483328K Free: 337834K (70%)
----------------- Invoking toplevel() on ptolemy.moml.MoMLSimpleApplication@42e7426e
----------------- Done invoking toplevel() on ptolemy.moml.MoMLSimpleApplication@42e7426e
reloadAllAccessors: .ArrayElementAsMatrix

===========================================================================================
----------------- testing Sat Mar 16 03:43:47 UTC 2019 /home/travis/build/icyphy/ptII/ptolemy/actor/lib/test/auto/ArrayElementI.xml
----------------- Instantiating /home/travis/build/icyphy/ptII/ptolemy/actor/lib/test/auto/ArrayElementI.xml
3 ms. Memory: 483328K Free: 330093K (68%)
----------------- Invoking toplevel() on ptolemy.moml.MoMLSimpleApplication@17c4f764
----------------- Done invoking toplevel() on ptolemy.moml.MoMLSimpleApplication@17c4f764
reloadAllAccessors: .ArrayElementI

===========================================================================================
----------------- testing Sat Mar 16 03:43:47 UTC 2019 /home/travis/build/icyphy/ptII/ptolemy/actor/lib/test/auto/ArrayExtract.xml
----------------- Instantiating /home/travis/build/icyphy/ptII/ptolemy/actor/lib/test/auto/ArrayExtract.xml
12 ms. Memory: 483328K Free: 312539K (65%)
----------------- Invoking toplevel() on ptolemy.moml.MoMLSimpleApplication@3ac4b86f
----------------- Done invoking toplevel() on ptolemy.moml.MoMLSimpleApplication@3ac4b86f
reloadAllAccessors: .ArrayExtract

===========================================================================================
----------------- testing Sat Mar 16 03:43:47 UTC 2019 /home/travis/build/icyphy/ptII/ptolemy/actor/lib/test/auto/ArrayExtract2.xml
----------------- Instantiating /home/travis/build/icyphy/ptII/ptolemy/actor/lib/test/auto/ArrayExtract2.xml
6 ms. Memory: 483328K Free: 304798K (63%)
----------------- Invoking toplevel() on ptolemy.moml.MoMLSimpleApplication@75b37b22
----------------- Done invoking toplevel() on ptolemy.moml.MoMLSimpleApplication@75b37b22
reloadAllAccessors: .ArrayExtract2

===========================================================================================
----------------- testing Sat Mar 16 03:43:47 UTC 2019 /home/travis/build/icyphy/ptII/ptolemy/actor/lib/test/auto/ArrayLength.xml
----------------- Instantiating /home/travis/build/icyphy/ptII/ptolemy/actor/lib/test/auto/ArrayLength.xml
4 ms. Memory: 483328K Free: 291131K (60%)
----------------- Invoking toplevel() on ptolemy.moml.MoMLSimpleApplication@55dbcce5
----------------- Done invoking toplevel() on ptolemy.moml.MoMLSimpleApplication@55dbcce5
reloadAllAccessors: .ArrayLength

===========================================================================================
----------------- testing Sat Mar 16 03:43:47 UTC 2019 /home/travis/build/icyphy/ptII/ptolemy/actor/lib/test/auto/ArrayLevelCrossing.xml
----------------- Instantiating /home/travis/build/icyphy/ptII/ptolemy/actor/lib/test/auto/ArrayLevelCrossing.xml
4 ms. Memory: 483328K Free: 279503K (58%)
----------------- Invoking toplevel() on ptolemy.moml.MoMLSimpleApplication@1ac11eb9
----------------- Done invoking toplevel() on ptolemy.moml.MoMLSimpleApplication@1ac11eb9
reloadAllAccessors: .ArrayLevelCrossing

===========================================================================================
----------------- testing Sat Mar 16 03:43:47 UTC 2019 /home/travis/build/icyphy/ptII/ptolemy/actor/lib/test/auto/ArrayLevelCrossing2.xml
----------------- Instantiating /home/travis/build/icyphy/ptII/ptolemy/actor/lib/test/auto/ArrayLevelCrossing2.xml
8 ms. Memory: 483328K Free: 267891K (55%)
----------------- Invoking toplevel() on ptolemy.moml.MoMLSimpleApplication@55976ff6
----------------- Done invoking toplevel() on ptolemy.moml.MoMLSimpleApplication@55976ff6
reloadAllAccessors: .ArrayLevelCrossing2

===========================================================================================
----------------- testing Sat Mar 16 03:43:48 UTC 2019 /home/travis/build/icyphy/ptII/ptolemy/actor/lib/test/auto/ArrayPeakSearch.xml
----------------- Instantiating /home/travis/build/icyphy/ptII/ptolemy/actor/lib/test/auto/ArrayPeakSearch.xml
9 ms. Memory: 483328K Free: 246466K (51%)
----------------- Invoking toplevel() on ptolemy.moml.MoMLSimpleApplication@571c615f
----------------- Done invoking toplevel() on ptolemy.moml.MoMLSimpleApplication@571c615f
reloadAllAccessors: .ArrayPeakSearch

===========================================================================================
----------------- testing Sat Mar 16 03:43:48 UTC 2019 /home/travis/build/icyphy/ptII/ptolemy/actor/lib/test/auto/ArrayPeakSearch2.xml
----------------- Instantiating /home/travis/build/icyphy/ptII/ptolemy/actor/lib/test/auto/ArrayPeakSearch2.xml
10 ms. Memory: 483328K Free: 230951K (48%)
----------------- Invoking toplevel() on ptolemy.moml.MoMLSimpleApplication@37b5075
----------------- Done invoking toplevel() on ptolemy.moml.MoMLSimpleApplication@37b5075
reloadAllAccessors: .ArrayPeakSearch2

===========================================================================================
----------------- testing Sat Mar 16 03:43:48 UTC 2019 /home/travis/build/icyphy/ptII/ptolemy/actor/lib/test/auto/ArrayPeakSearch3.xml
----------------- Instantiating /home/travis/build/icyphy/ptII/ptolemy/actor/lib/test/auto/ArrayPeakSearch3.xml
8 ms. Memory: 483328K Free: 219322K (45%)
----------------- Invoking toplevel() on ptolemy.moml.MoMLSimpleApplication@4e233856
----------------- Done invoking toplevel() on ptolemy.moml.MoMLSimpleApplication@4e233856
reloadAllAccessors: .ArrayPeakSearch3

===========================================================================================
----------------- testing Sat Mar 16 03:43:48 UTC 2019 /home/travis/build/icyphy/ptII/ptolemy/actor/lib/test/auto/ArrayRemoveElement.xml
----------------- Instantiating /home/travis/build/icyphy/ptII/ptolemy/actor/lib/test/auto/ArrayRemoveElement.xml
2 ms. Memory: 483328K Free: 201769K (42%)
----------------- Invoking toplevel() on ptolemy.moml.MoMLSimpleApplication@64fb16e9
----------------- Done invoking toplevel() on ptolemy.moml.MoMLSimpleApplication@64fb16e9
reloadAllAccessors: .ArrayRemoveElement

===========================================================================================
----------------- testing Sat Mar 16 03:43:48 UTC 2019 /home/travis/build/icyphy/ptII/ptolemy/actor/lib/test/auto/ArraySort.xml
----------------- Instantiating /home/travis/build/icyphy/ptII/ptolemy/actor/lib/test/auto/ArraySort.xml
3 ms. Memory: 483328K Free: 190149K (39%)
----------------- Invoking toplevel() on ptolemy.moml.MoMLSimpleApplication@12069784
----------------- Done invoking toplevel() on ptolemy.moml.MoMLSimpleApplication@12069784
reloadAllAccessors: .ArraySort

===========================================================================================
----------------- testing Sat Mar 16 03:43:48 UTC 2019 /home/travis/build/icyphy/ptII/ptolemy/actor/lib/test/auto/ArraySum.xml
----------------- Instantiating /home/travis/build/icyphy/ptII/ptolemy/actor/lib/test/auto/ArraySum.xml
3 ms. Memory: 483328K Free: 176483K (37%)
----------------- Invoking toplevel() on ptolemy.moml.MoMLSimpleApplication@2421b118
----------------- Done invoking toplevel() on ptolemy.moml.MoMLSimpleApplication@2421b118
reloadAllAccessors: .ArraySum

===========================================================================================
----------------- testing Sat Mar 16 03:43:48 UTC 2019 /home/travis/build/icyphy/ptII/ptolemy/actor/lib/test/auto/ArrayToElements.xml
----------------- Instantiating /home/travis/build/icyphy/ptII/ptolemy/actor/lib/test/auto/ArrayToElements.xml
4 ms. Memory: 483328K Free: 168741K (35%)
----------------- Invoking toplevel() on ptolemy.moml.MoMLSimpleApplication@49f5aa1a
----------------- Done invoking toplevel() on ptolemy.moml.MoMLSimpleApplication@49f5aa1a
reloadAllAccessors: .ArrayToElements

===========================================================================================
----------------- testing Sat Mar 16 03:43:48 UTC 2019 /home/travis/build/icyphy/ptII/ptolemy/actor/lib/test/auto/ArrayToMatrix.xml
----------------- Instantiating /home/travis/build/icyphy/ptII/ptolemy/actor/lib/test/auto/ArrayToMatrix.xml
9 ms. Memory: 483328K Free: 149363K (31%)
----------------- Invoking toplevel() on ptolemy.moml.MoMLSimpleApplication@743a0336
----------------- Done invoking toplevel() on ptolemy.moml.MoMLSimpleApplication@743a0336
reloadAllAccessors: .ArrayToMatrix

===========================================================================================
----------------- testing Sat Mar 16 03:43:48 UTC 2019 /home/travis/build/icyphy/ptII/ptolemy/actor/lib/test/auto/ArrayUpdate1.xml
----------------- Instantiating /home/travis/build/icyphy/ptII/ptolemy/actor/lib/test/auto/ArrayUpdate1.xml
2 ms. Memory: 483328K Free: 135697K (28%)
----------------- Invoking toplevel() on ptolemy.moml.MoMLSimpleApplication@7d096571
----------------- Done invoking toplevel() on ptolemy.moml.MoMLSimpleApplication@7d096571
reloadAllAccessors: .ArrayUpdate1

===========================================================================================
----------------- testing Sat Mar 16 03:43:48 UTC 2019 /home/travis/build/icyphy/ptII/ptolemy/actor/lib/test/auto/ArrayUpdate2.xml
----------------- Instantiating /home/travis/build/icyphy/ptII/ptolemy/actor/lib/test/auto/ArrayUpdate2.xml
5 ms. Memory: 483328K Free: 127955K (26%)
----------------- Invoking toplevel() on ptolemy.moml.MoMLSimpleApplication@70267972
----------------- Done invoking toplevel() on ptolemy.moml.MoMLSimpleApplication@70267972
reloadAllAccessors: .ArrayUpdate2

===========================================================================================
----------------- testing Sat Mar 16 03:43:48 UTC 2019 /home/travis/build/icyphy/ptII/ptolemy/actor/lib/test/auto/ArrayUpdate3.xml
----------------- Instantiating /home/travis/build/icyphy/ptII/ptolemy/actor/lib/test/auto/ArrayUpdate3.xml
2 ms. Memory: 483328K Free: 120214K (25%)
----------------- Invoking toplevel() on ptolemy.moml.MoMLSimpleApplication@637a19bd
----------------- Done invoking toplevel() on ptolemy.moml.MoMLSimpleApplication@637a19bd
reloadAllAccessors: .ArrayUpdate3

===========================================================================================
----------------- testing Sat Mar 16 03:43:48 UTC 2019 /home/travis/build/icyphy/ptII/ptolemy/actor/lib/test/auto/Assert1.xml
----------------- Instantiating /home/travis/build/icyphy/ptII/ptolemy/actor/lib/test/auto/Assert1.xml
3 ms. Memory: 483328K Free: 106547K (22%)
----------------- Invoking toplevel() on ptolemy.moml.MoMLSimpleApplication@2e368fff
----------------- Done invoking toplevel() on ptolemy.moml.MoMLSimpleApplication@2e368fff
reloadAllAccessors: .Assert1

===========================================================================================
----------------- testing Sat Mar 16 03:43:48 UTC 2019 /home/travis/build/icyphy/ptII/ptolemy/actor/lib/test/auto/Assert2.xml
----------------- Instantiating /home/travis/build/icyphy/ptII/ptolemy/actor/lib/test/auto/Assert2.xml
6 ms. Memory: 483328K Free: 98806K (20%)
----------------- Invoking toplevel() on ptolemy.moml.MoMLSimpleApplication@c9675c1
----------------- Done invoking toplevel() on ptolemy.moml.MoMLSimpleApplication@c9675c1
reloadAllAccessors: .Assert2

===========================================================================================
----------------- testing Sat Mar 16 03:43:48 UTC 2019 /home/travis/build/icyphy/ptII/ptolemy/actor/lib/test/auto/BooleanMultiplexor.xml
----------------- Instantiating /home/travis/build/icyphy/ptII/ptolemy/actor/lib/test/auto/BooleanMultiplexor.xml
2 ms. Memory: 483328K Free: 85139K (18%)
----------------- Invoking toplevel() on ptolemy.moml.MoMLSimpleApplication@51cf7d76
----------------- Done invoking toplevel() on ptolemy.moml.MoMLSimpleApplication@51cf7d76
reloadAllAccessors: .BooleanMultiplexor

===========================================================================================
----------------- testing Sat Mar 16 03:43:48 UTC 2019 /home/travis/build/icyphy/ptII/ptolemy/actor/lib/test/auto/BooleanMultiplexor2.xml
----------------- Instantiating /home/travis/build/icyphy/ptII/ptolemy/actor/lib/test/auto/BooleanMultiplexor2.xml
4 ms. Memory: 483328K Free: 73511K (15%)
----------------- Invoking toplevel() on ptolemy.moml.MoMLSimpleApplication@8422c13
----------------- Done invoking toplevel() on ptolemy.moml.MoMLSimpleApplication@8422c13
reloadAllAccessors: .BooleanMultiplexor2

===========================================================================================
----------------- testing Sat Mar 16 03:43:48 UTC 2019 /home/travis/build/icyphy/ptII/ptolemy/actor/lib/test/auto/BooleanMultiplexor3.xml
----------------- Instantiating /home/travis/build/icyphy/ptII/ptolemy/actor/lib/test/auto/BooleanMultiplexor3.xml
1 ms. Memory: 483328K Free: 65769K (14%)
----------------- Invoking toplevel() on ptolemy.moml.MoMLSimpleApplication@28ad3728
----------------- Done invoking toplevel() on ptolemy.moml.MoMLSimpleApplication@28ad3728
reloadAllAccessors: .BooleanMultiplexor3

===========================================================================================
----------------- testing Sat Mar 16 03:43:48 UTC 2019 /home/travis/build/icyphy/ptII/ptolemy/actor/lib/test/auto/BooleanSelect.xml
----------------- Instantiating /home/travis/build/icyphy/ptII/ptolemy/actor/lib/test/auto/BooleanSelect.xml
3 ms. Memory: 483328K Free: 53837K (11%)
----------------- Invoking toplevel() on ptolemy.moml.MoMLSimpleApplication@bde98b
----------------- Done invoking toplevel() on ptolemy.moml.MoMLSimpleApplication@bde98b
reloadAllAccessors: .BooleanSelect

===========================================================================================
----------------- testing Sat Mar 16 03:43:48 UTC 2019 /home/travis/build/icyphy/ptII/ptolemy/actor/lib/test/auto/BooleanSelect2.xml
----------------- Instantiating /home/travis/build/icyphy/ptII/ptolemy/actor/lib/test/auto/BooleanSelect2.xml
2 ms. Memory: 715776K Free: 664496K (93%)
----------------- Invoking toplevel() on ptolemy.moml.MoMLSimpleApplication@1a0f4a56
----------------- Done invoking toplevel() on ptolemy.moml.MoMLSimpleApplication@1a0f4a56
reloadAllAccessors: .BooleanSelect2

===========================================================================================
----------------- testing Sat Mar 16 03:43:48 UTC 2019 /home/travis/build/icyphy/ptII/ptolemy/actor/lib/test/auto/BooleanSwitch.xml
----------------- Instantiating /home/travis/build/icyphy/ptII/ptolemy/actor/lib/test/auto/BooleanSwitch.xml
3 ms. Memory: 715776K Free: 649335K (91%)
----------------- Invoking toplevel() on ptolemy.moml.MoMLSimpleApplication@30089223
----------------- Done invoking toplevel() on ptolemy.moml.MoMLSimpleApplication@30089223
reloadAllAccessors: .BooleanSwitch

===========================================================================================
----------------- testing Sat Mar 16 03:43:48 UTC 2019 /home/travis/build/icyphy/ptII/ptolemy/actor/lib/test/auto/BooleanSwitch2.xml
----------------- Instantiating /home/travis/build/icyphy/ptII/ptolemy/actor/lib/test/auto/BooleanSwitch2.xml
2 ms. Memory: 715776K Free: 641082K (90%)
----------------- Invoking toplevel() on ptolemy.moml.MoMLSimpleApplication@6ef018f3
----------------- Done invoking toplevel() on ptolemy.moml.MoMLSimpleApplication@6ef018f3
reloadAllAccessors: .BooleanSwitch2

===========================================================================================
----------------- testing Sat Mar 16 03:43:48 UTC 2019 /home/travis/build/icyphy/ptII/ptolemy/actor/lib/test/auto/BooleanSwitchCloningBugWithClassRelationGroup.xml
----------------- Instantiating /home/travis/build/icyphy/ptII/ptolemy/actor/lib/test/auto/BooleanSwitchCloningBugWithClassRelationGroup.xml
2 ms. Memory: 715776K Free: 624662K (87%)
----------------- Invoking toplevel() on ptolemy.moml.MoMLSimpleApplication@15600c23
----------------- Done invoking toplevel() on ptolemy.moml.MoMLSimpleApplication@15600c23
reloadAllAccessors: .BooleanSwitchCloningBugWithClassRelationGroup

===========================================================================================
----------------- testing Sat Mar 16 03:43:48 UTC 2019 /home/travis/build/icyphy/ptII/ptolemy/actor/lib/test/auto/BusActors.xml
----------------- Instantiating /home/travis/build/icyphy/ptII/ptolemy/actor/lib/test/auto/BusActors.xml
4 ms. Memory: 715776K Free: 605374K (85%)
----------------- Invoking toplevel() on ptolemy.moml.MoMLSimpleApplication@54a6f05d
----------------- Done invoking toplevel() on ptolemy.moml.MoMLSimpleApplication@54a6f05d
reloadAllAccessors: .BusActors

===========================================================================================
----------------- testing Sat Mar 16 03:43:48 UTC 2019 /home/travis/build/icyphy/ptII/ptolemy/actor/lib/test/auto/ClassWrapper.xml
----------------- Instantiating /home/travis/build/icyphy/ptII/ptolemy/actor/lib/test/auto/ClassWrapper.xml
3 ms. Memory: 715776K Free: 597121K (83%)
----------------- Invoking toplevel() on ptolemy.moml.MoMLSimpleApplication@38c0e15e
----------------- Done invoking toplevel() on ptolemy.moml.MoMLSimpleApplication@38c0e15e
reloadAllAccessors: .ClassWrapper

===========================================================================================
----------------- testing Sat Mar 16 03:43:48 UTC 2019 /home/travis/build/icyphy/ptII/ptolemy/actor/lib/test/auto/Clock.xml
----------------- Instantiating /home/travis/build/icyphy/ptII/ptolemy/actor/lib/test/auto/Clock.xml
1 ms. Memory: 715776K Free: 588867K (82%)
----------------- Invoking toplevel() on ptolemy.moml.MoMLSimpleApplication@19a90e19
----------------- Done invoking toplevel() on ptolemy.moml.MoMLSimpleApplication@19a90e19
reloadAllAccessors: .Clock

===========================================================================================
----------------- testing Sat Mar 16 03:43:48 UTC 2019 /home/travis/build/icyphy/ptII/ptolemy/actor/lib/test/auto/Clock10.xml
----------------- Instantiating /home/travis/build/icyphy/ptII/ptolemy/actor/lib/test/auto/Clock10.xml
2 ms. Memory: 715776K Free: 573706K (80%)
----------------- Invoking toplevel() on ptolemy.moml.MoMLSimpleApplication@5dfde8d7
----------------- Done invoking toplevel() on ptolemy.moml.MoMLSimpleApplication@5dfde8d7
reloadAllAccessors: .Clock10

===========================================================================================
----------------- testing Sat Mar 16 03:43:48 UTC 2019 /home/travis/build/icyphy/ptII/ptolemy/actor/lib/test/auto/Clock11.xml
----------------- Instantiating /home/travis/build/icyphy/ptII/ptolemy/actor/lib/test/auto/Clock11.xml
3 ms. Memory: 715776K Free: 565453K (79%)
----------------- Invoking toplevel() on ptolemy.moml.MoMLSimpleApplication@65744bed
----------------- Done invoking toplevel() on ptolemy.moml.MoMLSimpleApplication@65744bed
reloadAllAccessors: .Clock11

===========================================================================================
----------------- testing Sat Mar 16 03:43:48 UTC 2019 /home/travis/build/icyphy/ptII/ptolemy/actor/lib/test/auto/Clock12.xml
----------------- Instantiating /home/travis/build/icyphy/ptII/ptolemy/actor/lib/test/auto/Clock12.xml
2 ms. Memory: 715776K Free: 557199K (78%)
----------------- Invoking toplevel() on ptolemy.moml.MoMLSimpleApplication@386d7b5f
----------------- Done invoking toplevel() on ptolemy.moml.MoMLSimpleApplication@386d7b5f
reloadAllAccessors: .Clock12

===========================================================================================
----------------- testing Sat Mar 16 03:43:48 UTC 2019 /home/travis/build/icyphy/ptII/ptolemy/actor/lib/test/auto/Clock13.xml
----------------- Instantiating /home/travis/build/icyphy/ptII/ptolemy/actor/lib/test/auto/Clock13.xml
2 ms. Memory: 715776K Free: 542038K (76%)
----------------- Invoking toplevel() on ptolemy.moml.MoMLSimpleApplication@181dfe60
----------------- Done invoking toplevel() on ptolemy.moml.MoMLSimpleApplication@181dfe60
reloadAllAccessors: .Clock13

===========================================================================================
----------------- testing Sat Mar 16 03:43:48 UTC 2019 /home/travis/build/icyphy/ptII/ptolemy/actor/lib/test/auto/Clock14.xml
----------------- Instantiating /home/travis/build/icyphy/ptII/ptolemy/actor/lib/test/auto/Clock14.xml
3 ms. Memory: 715776K Free: 533785K (75%)
----------------- Invoking toplevel() on ptolemy.moml.MoMLSimpleApplication@67e97d92
----------------- Done invoking toplevel() on ptolemy.moml.MoMLSimpleApplication@67e97d92
reloadAllAccessors: .Clock14

===========================================================================================
----------------- testing Sat Mar 16 03:43:48 UTC 2019 /home/travis/build/icyphy/ptII/ptolemy/actor/lib/test/auto/Clock15.xml
----------------- Instantiating /home/travis/build/icyphy/ptII/ptolemy/actor/lib/test/auto/Clock15.xml
6 ms. Memory: 715776K Free: 525531K (73%)
----------------- Invoking toplevel() on ptolemy.moml.MoMLSimpleApplication@70bfca53
----------------- Done invoking toplevel() on ptolemy.moml.MoMLSimpleApplication@70bfca53
reloadAllAccessors: .Clock15

===========================================================================================
----------------- testing Sat Mar 16 03:43:48 UTC 2019 /home/travis/build/icyphy/ptII/ptolemy/actor/lib/test/auto/Clock16.xml
----------------- Instantiating /home/travis/build/icyphy/ptII/ptolemy/actor/lib/test/auto/Clock16.xml
32 ms. Memory: 715776K Free: 502101K (70%)
----------------- Invoking toplevel() on ptolemy.moml.MoMLSimpleApplication@1550ac9a
----------------- Done invoking toplevel() on ptolemy.moml.MoMLSimpleApplication@1550ac9a
reloadAllAccessors: .Clock16

===========================================================================================
----------------- testing Sat Mar 16 03:43:48 UTC 2019 /home/travis/build/icyphy/ptII/ptolemy/actor/lib/test/auto/Clock17.xml
----------------- Instantiating /home/travis/build/icyphy/ptII/ptolemy/actor/lib/test/auto/Clock17.xml
29 ms. Memory: 715776K Free: 485562K (68%)
----------------- Invoking toplevel() on ptolemy.moml.MoMLSimpleApplication@fa1de4d
----------------- Done invoking toplevel() on ptolemy.moml.MoMLSimpleApplication@fa1de4d
reloadAllAccessors: .Clock17

===========================================================================================
----------------- testing Sat Mar 16 03:43:49 UTC 2019 /home/travis/build/icyphy/ptII/ptolemy/actor/lib/test/auto/Clock18.xml
----------------- Instantiating /home/travis/build/icyphy/ptII/ptolemy/actor/lib/test/auto/Clock18.xml
23 ms. Memory: 715776K Free: 469023K (66%)
----------------- Invoking toplevel() on ptolemy.moml.MoMLSimpleApplication@68a47a8e
----------------- Done invoking toplevel() on ptolemy.moml.MoMLSimpleApplication@68a47a8e
reloadAllAccessors: .Clock18

===========================================================================================
----------------- testing Sat Mar 16 03:43:49 UTC 2019 /home/travis/build/icyphy/ptII/ptolemy/actor/lib/test/auto/Clock19.xml
----------------- Instantiating /home/travis/build/icyphy/ptII/ptolemy/actor/lib/test/auto/Clock19.xml
15 ms. Memory: 715776K Free: 445577K (62%)
----------------- Invoking toplevel() on ptolemy.moml.MoMLSimpleApplication@5487a382
----------------- Done invoking toplevel() on ptolemy.moml.MoMLSimpleApplication@5487a382
reloadAllAccessors: .Clock19

===========================================================================================
----------------- testing Sat Mar 16 03:43:49 UTC 2019 /home/travis/build/icyphy/ptII/ptolemy/actor/lib/test/auto/Clock2.xml
----------------- Instantiating /home/travis/build/icyphy/ptII/ptolemy/actor/lib/test/auto/Clock2.xml
11 ms. Memory: 715776K Free: 437323K (61%)
----------------- Invoking toplevel() on ptolemy.moml.MoMLSimpleApplication@42a12aa9
----------------- Done invoking toplevel() on ptolemy.moml.MoMLSimpleApplication@42a12aa9
reloadAllAccessors: .Clock2

===========================================================================================
----------------- testing Sat Mar 16 03:43:49 UTC 2019 /home/travis/build/icyphy/ptII/ptolemy/actor/lib/test/auto/Clock20.xml
----------------- Instantiating /home/travis/build/icyphy/ptII/ptolemy/actor/lib/test/auto/Clock20.xml
9 ms. Memory: 715776K Free: 429070K (60%)
----------------- Invoking toplevel() on ptolemy.moml.MoMLSimpleApplication@458929e3
----------------- Done invoking toplevel() on ptolemy.moml.MoMLSimpleApplication@458929e3
reloadAllAccessors: .Clock20

===========================================================================================
----------------- testing Sat Mar 16 03:43:49 UTC 2019 /home/travis/build/icyphy/ptII/ptolemy/actor/lib/test/auto/Clock21.xml
----------------- Instantiating /home/travis/build/icyphy/ptII/ptolemy/actor/lib/test/auto/Clock21.xml
7 ms. Memory: 715776K Free: 413909K (58%)
----------------- Invoking toplevel() on ptolemy.moml.MoMLSimpleApplication@2ad6532f
----------------- Done invoking toplevel() on ptolemy.moml.MoMLSimpleApplication@2ad6532f
reloadAllAccessors: .Clock21

===========================================================================================
----------------- testing Sat Mar 16 03:43:49 UTC 2019 /home/travis/build/icyphy/ptII/ptolemy/actor/lib/test/auto/Clock22.xml
----------------- Instantiating /home/travis/build/icyphy/ptII/ptolemy/actor/lib/test/auto/Clock22.xml
7 ms. Memory: 715776K Free: 405655K (57%)
----------------- Invoking toplevel() on ptolemy.moml.MoMLSimpleApplication@5a0defe3
----------------- Done invoking toplevel() on ptolemy.moml.MoMLSimpleApplication@5a0defe3
reloadAllAccessors: .Clock22

===========================================================================================
----------------- testing Sat Mar 16 03:43:49 UTC 2019 /home/travis/build/icyphy/ptII/ptolemy/actor/lib/test/auto/Clock23.xml
----------------- Instantiating /home/travis/build/icyphy/ptII/ptolemy/actor/lib/test/auto/Clock23.xml
8 ms. Memory: 715776K Free: 397402K (56%)
----------------- Invoking toplevel() on ptolemy.moml.MoMLSimpleApplication@1896480
----------------- Done invoking toplevel() on ptolemy.moml.MoMLSimpleApplication@1896480
reloadAllAccessors: .Clock23

===========================================================================================
----------------- testing Sat Mar 16 03:43:49 UTC 2019 /home/travis/build/icyphy/ptII/ptolemy/actor/lib/test/auto/Clock24.xml
----------------- Instantiating /home/travis/build/icyphy/ptII/ptolemy/actor/lib/test/auto/Clock24.xml
7 ms. Memory: 715776K Free: 382241K (53%)
----------------- Invoking toplevel() on ptolemy.moml.MoMLSimpleApplication@4335ad55
----------------- Done invoking toplevel() on ptolemy.moml.MoMLSimpleApplication@4335ad55
reloadAllAccessors: .Clock24

===========================================================================================
----------------- testing Sat Mar 16 03:43:49 UTC 2019 /home/travis/build/icyphy/ptII/ptolemy/actor/lib/test/auto/Clock4.xml
----------------- Instantiating /home/travis/build/icyphy/ptII/ptolemy/actor/lib/test/auto/Clock4.xml
6 ms. Memory: 715776K Free: 373987K (52%)
----------------- Invoking toplevel() on ptolemy.moml.MoMLSimpleApplication@2fb7319b
----------------- Done invoking toplevel() on ptolemy.moml.MoMLSimpleApplication@2fb7319b
reloadAllAccessors: .Clock4

===========================================================================================
----------------- testing Sat Mar 16 03:43:49 UTC 2019 /home/travis/build/icyphy/ptII/ptolemy/actor/lib/test/auto/Clock5.xml
----------------- Instantiating /home/travis/build/icyphy/ptII/ptolemy/actor/lib/test/auto/Clock5.xml
2 ms. Memory: 715776K Free: 365734K (51%)
----------------- Invoking toplevel() on ptolemy.moml.MoMLSimpleApplication@2c5195b7
----------------- Done invoking toplevel() on ptolemy.moml.MoMLSimpleApplication@2c5195b7
reloadAllAccessors: .Clock5

===========================================================================================
----------------- testing Sat Mar 16 03:43:49 UTC 2019 /home/travis/build/icyphy/ptII/ptolemy/actor/lib/test/auto/Clock6.xml
----------------- Instantiating /home/travis/build/icyphy/ptII/ptolemy/actor/lib/test/auto/Clock6.xml
3 ms. Memory: 715776K Free: 350573K (49%)
----------------- Invoking toplevel() on ptolemy.moml.MoMLSimpleApplication@6fcf16ff
----------------- Done invoking toplevel() on ptolemy.moml.MoMLSimpleApplication@6fcf16ff
reloadAllAccessors: .Clock6

===========================================================================================
----------------- testing Sat Mar 16 03:43:49 UTC 2019 /home/travis/build/icyphy/ptII/ptolemy/actor/lib/test/auto/Clock7.xml
----------------- Instantiating /home/travis/build/icyphy/ptII/ptolemy/actor/lib/test/auto/Clock7.xml
2 ms. Memory: 715776K Free: 342319K (48%)
----------------- Invoking toplevel() on ptolemy.moml.MoMLSimpleApplication@715c1374
----------------- Done invoking toplevel() on ptolemy.moml.MoMLSimpleApplication@715c1374
reloadAllAccessors: .Clock7

===========================================================================================
----------------- testing Sat Mar 16 03:43:49 UTC 2019 /home/travis/build/icyphy/ptII/ptolemy/actor/lib/test/auto/Clock8.xml
----------------- Instantiating /home/travis/build/icyphy/ptII/ptolemy/actor/lib/test/auto/Clock8.xml
6 ms. Memory: 715776K Free: 334066K (47%)
----------------- Invoking toplevel() on ptolemy.moml.MoMLSimpleApplication@3c02d793
----------------- Done invoking toplevel() on ptolemy.moml.MoMLSimpleApplication@3c02d793
reloadAllAccessors: .Clock8

===========================================================================================
----------------- testing Sat Mar 16 03:43:49 UTC 2019 /home/travis/build/icyphy/ptII/ptolemy/actor/lib/test/auto/Clock9.xml
----------------- Instantiating /home/travis/build/icyphy/ptII/ptolemy/actor/lib/test/auto/Clock9.xml
7 ms. Memory: 715776K Free: 318905K (45%)
----------------- Invoking toplevel() on ptolemy.moml.MoMLSimpleApplication@555ea365
----------------- Done invoking toplevel() on ptolemy.moml.MoMLSimpleApplication@555ea365
reloadAllAccessors: .Clock9

===========================================================================================
----------------- testing Sat Mar 16 03:43:49 UTC 2019 /home/travis/build/icyphy/ptII/ptolemy/actor/lib/test/auto/CommDistDiscard.xml
----------------- Instantiating /home/travis/build/icyphy/ptII/ptolemy/actor/lib/test/auto/CommDistDiscard.xml
4 ms. Memory: 715776K Free: 310652K (43%)
----------------- Invoking toplevel() on ptolemy.moml.MoMLSimpleApplication@7ce7344e
----------------- Done invoking toplevel() on ptolemy.moml.MoMLSimpleApplication@7ce7344e
reloadAllAccessors: .CommDistDiscard

===========================================================================================
----------------- testing Sat Mar 16 03:43:49 UTC 2019 /home/travis/build/icyphy/ptII/ptolemy/actor/lib/test/auto/Commutator.xml
----------------- Instantiating /home/travis/build/icyphy/ptII/ptolemy/actor/lib/test/auto/Commutator.xml
3 ms. Memory: 715776K Free: 302398K (42%)
----------------- Invoking toplevel() on ptolemy.moml.MoMLSimpleApplication@470a2b19
----------------- Done invoking toplevel() on ptolemy.moml.MoMLSimpleApplication@470a2b19
reloadAllAccessors: .Commutator

===========================================================================================
----------------- testing Sat Mar 16 03:43:49 UTC 2019 /home/travis/build/icyphy/ptII/ptolemy/actor/lib/test/auto/Commutator2.xml
----------------- Instantiating /home/travis/build/icyphy/ptII/ptolemy/actor/lib/test/auto/Commutator2.xml
1 ms. Memory: 715776K Free: 287237K (40%)
----------------- Invoking toplevel() on ptolemy.moml.MoMLSimpleApplication@163287b9
----------------- Done invoking toplevel() on ptolemy.moml.MoMLSimpleApplication@163287b9
reloadAllAccessors: .Commutator2

===========================================================================================
----------------- testing Sat Mar 16 03:43:49 UTC 2019 /home/travis/build/icyphy/ptII/ptolemy/actor/lib/test/auto/Commutator3.xml
----------------- Instantiating /home/travis/build/icyphy/ptII/ptolemy/actor/lib/test/auto/Commutator3.xml
2 ms. Memory: 715776K Free: 278984K (39%)
----------------- Invoking toplevel() on ptolemy.moml.MoMLSimpleApplication@435f2587
----------------- Done invoking toplevel() on ptolemy.moml.MoMLSimpleApplication@435f2587
reloadAllAccessors: .Commutator3

===========================================================================================
----------------- testing Sat Mar 16 03:43:49 UTC 2019 /home/travis/build/icyphy/ptII/ptolemy/actor/lib/test/auto/Compare.xml
----------------- Instantiating /home/travis/build/icyphy/ptII/ptolemy/actor/lib/test/auto/Compare.xml
2 ms. Memory: 715776K Free: 266603K (37%)
----------------- Invoking toplevel() on ptolemy.moml.MoMLSimpleApplication@7d8dbadb
----------------- Done invoking toplevel() on ptolemy.moml.MoMLSimpleApplication@7d8dbadb
reloadAllAccessors: .Compare

===========================================================================================
----------------- testing Sat Mar 16 03:43:49 UTC 2019 /home/travis/build/icyphy/ptII/ptolemy/actor/lib/test/auto/CompareDE.xml
----------------- Instantiating /home/travis/build/icyphy/ptII/ptolemy/actor/lib/test/auto/CompareDE.xml
5 ms. Memory: 715776K Free: 251443K (35%)
----------------- Invoking toplevel() on ptolemy.moml.MoMLSimpleApplication@2a42b7c6
----------------- Done invoking toplevel() on ptolemy.moml.MoMLSimpleApplication@2a42b7c6
reloadAllAccessors: .CompareDE

===========================================================================================
----------------- testing Sat Mar 16 03:43:49 UTC 2019 /home/travis/build/icyphy/ptII/ptolemy/actor/lib/test/auto/ComplexDivide.xml
----------------- Instantiating /home/travis/build/icyphy/ptII/ptolemy/actor/lib/test/auto/ComplexDivide.xml
2 ms. Memory: 715776K Free: 243189K (34%)
----------------- Invoking toplevel() on ptolemy.moml.MoMLSimpleApplication@268a39e
----------------- Done invoking toplevel() on ptolemy.moml.MoMLSimpleApplication@268a39e
reloadAllAccessors: .ComplexDivide

===========================================================================================
----------------- testing Sat Mar 16 03:43:49 UTC 2019 /home/travis/build/icyphy/ptII/ptolemy/actor/lib/test/auto/ComputeHistogram.xml
----------------- Instantiating /home/travis/build/icyphy/ptII/ptolemy/actor/lib/test/auto/ComputeHistogram.xml
40 ms. Memory: 715776K Free: 226658K (32%)
----------------- Invoking toplevel() on ptolemy.moml.MoMLSimpleApplication@6ce82a18
----------------- Done invoking toplevel() on ptolemy.moml.MoMLSimpleApplication@6ce82a18
reloadAllAccessors: .ComputeHistogram

===========================================================================================
----------------- testing Sat Mar 16 03:43:49 UTC 2019 /home/travis/build/icyphy/ptII/ptolemy/actor/lib/test/auto/ConfigurationSelect.xml
----------------- Instantiating /home/travis/build/icyphy/ptII/ptolemy/actor/lib/test/auto/ConfigurationSelect.xml
3 ms. Memory: 715776K Free: 211498K (30%)
----------------- Invoking toplevel() on ptolemy.moml.MoMLSimpleApplication@6651840b
----------------- Done invoking toplevel() on ptolemy.moml.MoMLSimpleApplication@6651840b
reloadAllAccessors: .ConfigurationSelect

===========================================================================================
----------------- testing Sat Mar 16 03:43:49 UTC 2019 /home/travis/build/icyphy/ptII/ptolemy/actor/lib/test/auto/ConfigurationSelect2.xml
----------------- Instantiating /home/travis/build/icyphy/ptII/ptolemy/actor/lib/test/auto/ConfigurationSelect2.xml
2 ms. Memory: 715776K Free: 203244K (28%)
----------------- Invoking toplevel() on ptolemy.moml.MoMLSimpleApplication@50c193c7
----------------- Done invoking toplevel() on ptolemy.moml.MoMLSimpleApplication@50c193c7
reloadAllAccessors: .ConfigurationSelect2

===========================================================================================
----------------- testing Sat Mar 16 03:43:49 UTC 2019 /home/travis/build/icyphy/ptII/ptolemy/actor/lib/test/auto/ConfigurationSwitch.xml
----------------- Instantiating /home/travis/build/icyphy/ptII/ptolemy/actor/lib/test/auto/ConfigurationSwitch.xml
2 ms. Memory: 715776K Free: 194991K (27%)
----------------- Invoking toplevel() on ptolemy.moml.MoMLSimpleApplication@3ab957c3
----------------- Done invoking toplevel() on ptolemy.moml.MoMLSimpleApplication@3ab957c3
reloadAllAccessors: .ConfigurationSwitch

===========================================================================================
----------------- testing Sat Mar 16 03:43:49 UTC 2019 /home/travis/build/icyphy/ptII/ptolemy/actor/lib/test/auto/ConfigurationSwitch2.xml
----------------- Instantiating /home/travis/build/icyphy/ptII/ptolemy/actor/lib/test/auto/ConfigurationSwitch2.xml
4 ms. Memory: 715776K Free: 179830K (25%)
----------------- Invoking toplevel() on ptolemy.moml.MoMLSimpleApplication@1fbbe3c8
----------------- Done invoking toplevel() on ptolemy.moml.MoMLSimpleApplication@1fbbe3c8
reloadAllAccessors: .ConfigurationSwitch2

===========================================================================================
----------------- testing Sat Mar 16 03:43:49 UTC 2019 /home/travis/build/icyphy/ptII/ptolemy/actor/lib/test/auto/ConfigurationSwitchCloningBugWithClassRelationGroup.xml
----------------- Instantiating /home/travis/build/icyphy/ptII/ptolemy/actor/lib/test/auto/ConfigurationSwitchCloningBugWithClassRelationGroup.xml
1 ms. Memory: 715776K Free: 167434K (23%)
----------------- Invoking toplevel() on ptolemy.moml.MoMLSimpleApplication@5326cd83
----------------- Done invoking toplevel() on ptolemy.moml.MoMLSimpleApplication@5326cd83
reloadAllAccessors: .ConfigurationSwitchCloningBugWithClassRelationGroup

===========================================================================================
----------------- testing Sat Mar 16 03:43:49 UTC 2019 /home/travis/build/icyphy/ptII/ptolemy/actor/lib/test/auto/ConfigurationSwitchSelectSDF.xml
----------------- Instantiating /home/travis/build/icyphy/ptII/ptolemy/actor/lib/test/auto/ConfigurationSwitchSelectSDF.xml
2 ms. Memory: 715776K Free: 159180K (22%)
----------------- Invoking toplevel() on ptolemy.moml.MoMLSimpleApplication@79241760
----------------- Done invoking toplevel() on ptolemy.moml.MoMLSimpleApplication@79241760
reloadAllAccessors: .ConfigurationSwitchSelectSDF

===========================================================================================
----------------- testing Sat Mar 16 03:43:49 UTC 2019 /home/travis/build/icyphy/ptII/ptolemy/actor/lib/test/auto/ConfigurationSwitchSelectSDF2.xml
----------------- Instantiating /home/travis/build/icyphy/ptII/ptolemy/actor/lib/test/auto/ConfigurationSwitchSelectSDF2.xml
2 ms. Memory: 715776K Free: 144019K (20%)
----------------- Invoking toplevel() on ptolemy.moml.MoMLSimpleApplication@61bb10bd
----------------- Done invoking toplevel() on ptolemy.moml.MoMLSimpleApplication@61bb10bd
reloadAllAccessors: .ConfigurationSwitchSelectSDF2

===========================================================================================
----------------- testing Sat Mar 16 03:43:49 UTC 2019 /home/travis/build/icyphy/ptII/ptolemy/actor/lib/test/auto/Const.xml
----------------- Instantiating /home/travis/build/icyphy/ptII/ptolemy/actor/lib/test/auto/Const.xml
2 ms. Memory: 715776K Free: 135766K (19%)
----------------- Invoking toplevel() on ptolemy.moml.MoMLSimpleApplication@55e1c28e
----------------- Done invoking toplevel() on ptolemy.moml.MoMLSimpleApplication@55e1c28e
reloadAllAccessors: .Const

===========================================================================================
----------------- testing Sat Mar 16 03:43:49 UTC 2019 /home/travis/build/icyphy/ptII/ptolemy/actor/lib/test/auto/Const2.xml
----------------- Instantiating /home/travis/build/icyphy/ptII/ptolemy/actor/lib/test/auto/Const2.xml
2 ms. Memory: 715776K Free: 127512K (18%)
----------------- Invoking toplevel() on ptolemy.moml.MoMLSimpleApplication@329d998f
----------------- Done invoking toplevel() on ptolemy.moml.MoMLSimpleApplication@329d998f
reloadAllAccessors: .Const2

===========================================================================================
----------------- testing Sat Mar 16 03:43:49 UTC 2019 /home/travis/build/icyphy/ptII/ptolemy/actor/lib/test/auto/Const3.xml
----------------- Instantiating /home/travis/build/icyphy/ptII/ptolemy/actor/lib/test/auto/Const3.xml
1 ms. Memory: 715776K Free: 112351K (16%)
----------------- Invoking toplevel() on ptolemy.moml.MoMLSimpleApplication@5cc77789
----------------- Done invoking toplevel() on ptolemy.moml.MoMLSimpleApplication@5cc77789
reloadAllAccessors: .Const3

===========================================================================================
----------------- testing Sat Mar 16 03:43:49 UTC 2019 /home/travis/build/icyphy/ptII/ptolemy/actor/lib/test/auto/ConstantPublisherPort1.xml
----------------- Instantiating /home/travis/build/icyphy/ptII/ptolemy/actor/lib/test/auto/ConstantPublisherPort1.xml
9 ms. Memory: 715776K Free: 99963K (14%)
----------------- Invoking toplevel() on ptolemy.moml.MoMLSimpleApplication@783c0331
----------------- Done invoking toplevel() on ptolemy.moml.MoMLSimpleApplication@783c0331
reloadAllAccessors: .ConstantPublisherPort1

===========================================================================================
----------------- testing Sat Mar 16 03:43:49 UTC 2019 /home/travis/build/icyphy/ptII/ptolemy/actor/lib/test/auto/ConstantPublisherPort2.xml
----------------- Instantiating /home/travis/build/icyphy/ptII/ptolemy/actor/lib/test/auto/ConstantPublisherPort2.xml
10 ms. Memory: 715776K Free: 87567K (12%)
----------------- Invoking toplevel() on ptolemy.moml.MoMLSimpleApplication@49665a98
----------------- Done invoking toplevel() on ptolemy.moml.MoMLSimpleApplication@49665a98
reloadAllAccessors: .ConstantPublisherPort2

===========================================================================================
----------------- testing Sat Mar 16 03:43:49 UTC 2019 /home/travis/build/icyphy/ptII/ptolemy/actor/lib/test/auto/ConstantPublisherPort3.xml
----------------- Instantiating /home/travis/build/icyphy/ptII/ptolemy/actor/lib/test/auto/ConstantPublisherPort3.xml
7 ms. Memory: 715776K Free: 68263K (10%)
----------------- Invoking toplevel() on ptolemy.moml.MoMLSimpleApplication@796337f2
----------------- Done invoking toplevel() on ptolemy.moml.MoMLSimpleApplication@796337f2
reloadAllAccessors: .ConstantPublisherPort3

===========================================================================================
----------------- testing Sat Mar 16 03:43:49 UTC 2019 /home/travis/build/icyphy/ptII/ptolemy/actor/lib/test/auto/ConstantPublisherPort4.xml
----------------- Instantiating /home/travis/build/icyphy/ptII/ptolemy/actor/lib/test/auto/ConstantPublisherPort4.xml
5 ms. Memory: 715776K Free: 55867K (8%)
----------------- Invoking toplevel() on ptolemy.moml.MoMLSimpleApplication@308130ad
----------------- Done invoking toplevel() on ptolemy.moml.MoMLSimpleApplication@308130ad
reloadAllAccessors: .ConstantPublisherPort4

===========================================================================================
----------------- testing Sat Mar 16 03:43:50 UTC 2019 /home/travis/build/icyphy/ptII/ptolemy/actor/lib/test/auto/ConstantPublisherPort5.xml
----------------- Instantiating /home/travis/build/icyphy/ptII/ptolemy/actor/lib/test/auto/ConstantPublisherPort5.xml
23 ms. Memory: 716288K Free: 656435K (92%)
----------------- Invoking toplevel() on ptolemy.moml.MoMLSimpleApplication@7216e52b
----------------- Done invoking toplevel() on ptolemy.moml.MoMLSimpleApplication@7216e52b
reloadAllAccessors: .ConstantPublisherPort5

===========================================================================================
----------------- testing Sat Mar 16 03:43:50 UTC 2019 /home/travis/build/icyphy/ptII/ptolemy/actor/lib/test/auto/ConstantPublisherPort6.xml
----------------- Instantiating /home/travis/build/icyphy/ptII/ptolemy/actor/lib/test/auto/ConstantPublisherPort6.xml
17 ms. Memory: 716288K Free: 626373K (87%)
----------------- Invoking toplevel() on ptolemy.moml.MoMLSimpleApplication@49617c3b
----------------- Done invoking toplevel() on ptolemy.moml.MoMLSimpleApplication@49617c3b
reloadAllAccessors: .ConstantPublisherPort6

===========================================================================================
----------------- testing Sat Mar 16 03:43:50 UTC 2019 /home/travis/build/icyphy/ptII/ptolemy/actor/lib/test/auto/ConstantPublisherPort7.xml
----------------- Instantiating /home/travis/build/icyphy/ptII/ptolemy/actor/lib/test/auto/ConstantPublisherPort7.xml
14 ms. Memory: 716288K Free: 601596K (84%)
----------------- Invoking toplevel() on ptolemy.moml.MoMLSimpleApplication@3139d035
----------------- Done invoking toplevel() on ptolemy.moml.MoMLSimpleApplication@3139d035
reloadAllAccessors: .ConstantPublisherPort7

===========================================================================================
----------------- testing Sat Mar 16 03:43:50 UTC 2019 /home/travis/build/icyphy/ptII/ptolemy/actor/lib/test/auto/ConstraintMonitor1.xml
----------------- Instantiating /home/travis/build/icyphy/ptII/ptolemy/actor/lib/test/auto/ConstraintMonitor1.xml
7 ms. Memory: 716288K Free: 588057K (82%)
----------------- Invoking toplevel() on ptolemy.moml.MoMLSimpleApplication@75ba3008
----------------- Done invoking toplevel() on ptolemy.moml.MoMLSimpleApplication@75ba3008
reloadAllAccessors: .ConstraintMonitor1

===========================================================================================
----------------- testing Sat Mar 16 03:43:50 UTC 2019 /home/travis/build/icyphy/ptII/ptolemy/actor/lib/test/auto/ConstraintMonitor2.xml
----------------- Instantiating /home/travis/build/icyphy/ptII/ptolemy/actor/lib/test/auto/ConstraintMonitor2.xml
6 ms. Memory: 716288K Free: 579804K (81%)
----------------- Invoking toplevel() on ptolemy.moml.MoMLSimpleApplication@48122263
----------------- Done invoking toplevel() on ptolemy.moml.MoMLSimpleApplication@48122263
reloadAllAccessors: .ConstraintMonitor2

===========================================================================================
----------------- testing Sat Mar 16 03:43:50 UTC 2019 /home/travis/build/icyphy/ptII/ptolemy/actor/lib/test/auto/ConstraintMonitor3.xml
----------------- Instantiating /home/travis/build/icyphy/ptII/ptolemy/actor/lib/test/auto/ConstraintMonitor3.xml
5 ms. Memory: 716288K Free: 566265K (79%)
----------------- Invoking toplevel() on ptolemy.moml.MoMLSimpleApplication@733f4d63
----------------- Done invoking toplevel() on ptolemy.moml.MoMLSimpleApplication@733f4d63
reloadAllAccessors: .ConstraintMonitor3

===========================================================================================
----------------- testing Sat Mar 16 03:43:50 UTC 2019 /home/travis/build/icyphy/ptII/ptolemy/actor/lib/test/auto/ConstraintMonitor4.xml
----------------- Instantiating /home/travis/build/icyphy/ptII/ptolemy/actor/lib/test/auto/ConstraintMonitor4.xml
5 ms. Memory: 716288K Free: 558011K (78%)
----------------- Invoking toplevel() on ptolemy.moml.MoMLSimpleApplication@562ede3
----------------- Done invoking toplevel() on ptolemy.moml.MoMLSimpleApplication@562ede3
reloadAllAccessors: .ConstraintMonitor4

===========================================================================================
----------------- testing Sat Mar 16 03:43:50 UTC 2019 /home/travis/build/icyphy/ptII/ptolemy/actor/lib/test/auto/ConstraintMonitor5.xml
----------------- Instantiating /home/travis/build/icyphy/ptII/ptolemy/actor/lib/test/auto/ConstraintMonitor5.xml
5 ms. Memory: 716288K Free: 544472K (76%)
----------------- Invoking toplevel() on ptolemy.moml.MoMLSimpleApplication@49a4ef9d
----------------- Done invoking toplevel() on ptolemy.moml.MoMLSimpleApplication@49a4ef9d
reloadAllAccessors: .ConstraintMonitor5

===========================================================================================
----------------- testing Sat Mar 16 03:43:50 UTC 2019 /home/travis/build/icyphy/ptII/ptolemy/actor/lib/test/auto/ConstraintMonitor6.xml
----------------- Instantiating /home/travis/build/icyphy/ptII/ptolemy/actor/lib/test/auto/ConstraintMonitor6.xml
5 ms. Memory: 716288K Free: 536219K (75%)
----------------- Invoking toplevel() on ptolemy.moml.MoMLSimpleApplication@42f62bcd
----------------- Done invoking toplevel() on ptolemy.moml.MoMLSimpleApplication@42f62bcd
reloadAllAccessors: .ConstraintMonitor6

===========================================================================================
----------------- testing Sat Mar 16 03:43:50 UTC 2019 /home/travis/build/icyphy/ptII/ptolemy/actor/lib/test/auto/ConstraintMonitor7.xml
----------------- Instantiating /home/travis/build/icyphy/ptII/ptolemy/actor/lib/test/auto/ConstraintMonitor7.xml
6 ms. Memory: 716288K Free: 527965K (74%)
----------------- Invoking toplevel() on ptolemy.moml.MoMLSimpleApplication@4a316c1d
----------------- Done invoking toplevel() on ptolemy.moml.MoMLSimpleApplication@4a316c1d
reloadAllAccessors: .ConstraintMonitor7

===========================================================================================
----------------- testing Sat Mar 16 03:43:50 UTC 2019 /home/travis/build/icyphy/ptII/ptolemy/actor/lib/test/auto/ConstraintMonitor8.xml
----------------- Instantiating /home/travis/build/icyphy/ptII/ptolemy/actor/lib/test/auto/ConstraintMonitor8.xml
8 ms. Memory: 716288K Free: 510291K (71%)
----------------- Invoking toplevel() on ptolemy.moml.MoMLSimpleApplication@46c0a46e
----------------- Done invoking toplevel() on ptolemy.moml.MoMLSimpleApplication@46c0a46e
reloadAllAccessors: .ConstraintMonitor8

===========================================================================================
----------------- testing Sat Mar 16 03:43:50 UTC 2019 /home/travis/build/icyphy/ptII/ptolemy/actor/lib/test/auto/Counter.xml
----------------- Instantiating /home/travis/build/icyphy/ptII/ptolemy/actor/lib/test/auto/Counter.xml
3 ms. Memory: 716288K Free: 502038K (70%)
----------------- Invoking toplevel() on ptolemy.moml.MoMLSimpleApplication@c08976a
----------------- Done invoking toplevel() on ptolemy.moml.MoMLSimpleApplication@c08976a
reloadAllAccessors: .Counter

===========================================================================================
----------------- testing Sat Mar 16 03:43:50 UTC 2019 /home/travis/build/icyphy/ptII/ptolemy/actor/lib/test/auto/CurrentTimeSDF.xml
----------------- Instantiating /home/travis/build/icyphy/ptII/ptolemy/actor/lib/test/auto/CurrentTimeSDF.xml
1 ms. Memory: 716288K Free: 488498K (68%)
----------------- Invoking toplevel() on ptolemy.moml.MoMLSimpleApplication@98f9c3c
----------------- Done invoking toplevel() on ptolemy.moml.MoMLSimpleApplication@98f9c3c
reloadAllAccessors: .CurrentTimeSDF

===========================================================================================
----------------- testing Sat Mar 16 03:43:50 UTC 2019 /home/travis/build/icyphy/ptII/ptolemy/actor/lib/test/auto/DB.xml
----------------- Instantiating /home/travis/build/icyphy/ptII/ptolemy/actor/lib/test/auto/DB.xml
2 ms. Memory: 716288K Free: 480245K (67%)
----------------- Invoking toplevel() on ptolemy.moml.MoMLSimpleApplication@81da903
----------------- Done invoking toplevel() on ptolemy.moml.MoMLSimpleApplication@81da903
reloadAllAccessors: .DB

===========================================================================================
----------------- testing Sat Mar 16 03:43:50 UTC 2019 /home/travis/build/icyphy/ptII/ptolemy/actor/lib/test/auto/DBDE.xml
----------------- Instantiating /home/travis/build/icyphy/ptII/ptolemy/actor/lib/test/auto/DBDE.xml
3 ms. Memory: 716288K Free: 466706K (65%)
----------------- Invoking toplevel() on ptolemy.moml.MoMLSimpleApplication@4cec73e9
----------------- Done invoking toplevel() on ptolemy.moml.MoMLSimpleApplication@4cec73e9
reloadAllAccessors: .DBDE

===========================================================================================
----------------- testing Sat Mar 16 03:43:50 UTC 2019 /home/travis/build/icyphy/ptII/ptolemy/actor/lib/test/auto/DateConstructor.xml
----------------- Instantiating /home/travis/build/icyphy/ptII/ptolemy/actor/lib/test/auto/DateConstructor.xml
14 ms. Memory: 716288K Free: 446056K (62%)
----------------- Invoking toplevel() on ptolemy.moml.MoMLSimpleApplication@5958354d
----------------- Done invoking toplevel() on ptolemy.moml.MoMLSimpleApplication@5958354d
reloadAllAccessors: .DateConstructor

===========================================================================================
----------------- testing Sat Mar 16 03:43:50 UTC 2019 /home/travis/build/icyphy/ptII/ptolemy/actor/lib/test/auto/DelayTime.xml
----------------- Instantiating /home/travis/build/icyphy/ptII/ptolemy/actor/lib/test/auto/DelayTime.xml
3 ms. Memory: 716288K Free: 437802K (61%)
----------------- Invoking toplevel() on ptolemy.moml.MoMLSimpleApplication@532cbe47
----------------- Done invoking toplevel() on ptolemy.moml.MoMLSimpleApplication@532cbe47
reloadAllAccessors: .DelayTime

===========================================================================================
----------------- testing Sat Mar 16 03:43:50 UTC 2019 /home/travis/build/icyphy/ptII/ptolemy/actor/lib/test/auto/Dictionary1.xml
----------------- Instantiating /home/travis/build/icyphy/ptII/ptolemy/actor/lib/test/auto/Dictionary1.xml
3 ms. Memory: 716288K Free: 424263K (59%)
----------------- Invoking toplevel() on ptolemy.moml.MoMLSimpleApplication@4781704e
----------------- Done invoking toplevel() on ptolemy.moml.MoMLSimpleApplication@4781704e
reloadAllAccessors: .Dictionary1

===========================================================================================
----------------- testing Sat Mar 16 03:43:50 UTC 2019 /home/travis/build/icyphy/ptII/ptolemy/actor/lib/test/auto/Dictionary2.xml
----------------- Instantiating /home/travis/build/icyphy/ptII/ptolemy/actor/lib/test/auto/Dictionary2.xml
4 ms. Memory: 716288K Free: 416010K (58%)
----------------- Invoking toplevel() on ptolemy.moml.MoMLSimpleApplication@2a09a8b2
----------------- Done invoking toplevel() on ptolemy.moml.MoMLSimpleApplication@2a09a8b2
reloadAllAccessors: .Dictionary2

===========================================================================================
----------------- testing Sat Mar 16 03:43:50 UTC 2019 /home/travis/build/icyphy/ptII/ptolemy/actor/lib/test/auto/Dictionary3.xml
----------------- Instantiating /home/travis/build/icyphy/ptII/ptolemy/actor/lib/test/auto/Dictionary3.xml
1 ms. Memory: 716288K Free: 402471K (56%)
----------------- Invoking toplevel() on ptolemy.moml.MoMLSimpleApplication@1955c955
----------------- Done invoking toplevel() on ptolemy.moml.MoMLSimpleApplication@1955c955
reloadAllAccessors: .Dictionary3

===========================================================================================
----------------- testing Sat Mar 16 03:43:50 UTC 2019 /home/travis/build/icyphy/ptII/ptolemy/actor/lib/test/auto/Dictionary4.xml
----------------- Instantiating /home/travis/build/icyphy/ptII/ptolemy/actor/lib/test/auto/Dictionary4.xml
3 ms. Memory: 716288K Free: 390074K (54%)
----------------- Invoking toplevel() on ptolemy.moml.MoMLSimpleApplication@7000ae26
----------------- Done invoking toplevel() on ptolemy.moml.MoMLSimpleApplication@7000ae26
reloadAllAccessors: .Dictionary4

===========================================================================================
----------------- testing Sat Mar 16 03:43:50 UTC 2019 /home/travis/build/icyphy/ptII/ptolemy/actor/lib/test/auto/Differential.xml
----------------- Instantiating /home/travis/build/icyphy/ptII/ptolemy/actor/lib/test/auto/Differential.xml
3 ms. Memory: 716288K Free: 376535K (53%)
----------------- Invoking toplevel() on ptolemy.moml.MoMLSimpleApplication@21bba59b
----------------- Done invoking toplevel() on ptolemy.moml.MoMLSimpleApplication@21bba59b
reloadAllAccessors: .Differential

===========================================================================================
----------------- testing Sat Mar 16 03:43:50 UTC 2019 /home/travis/build/icyphy/ptII/ptolemy/actor/lib/test/auto/Director.xml
----------------- Instantiating /home/travis/build/icyphy/ptII/ptolemy/actor/lib/test/auto/Director.xml
6 ms. Memory: 716288K Free: 368281K (51%)
----------------- Invoking toplevel() on ptolemy.moml.MoMLSimpleApplication@6dd86596
----------------- Done invoking toplevel() on ptolemy.moml.MoMLSimpleApplication@6dd86596
reloadAllAccessors: .Director

===========================================================================================
----------------- testing Sat Mar 16 03:43:50 UTC 2019 /home/travis/build/icyphy/ptII/ptolemy/actor/lib/test/auto/DiscreteClock.xml
----------------- Instantiating /home/travis/build/icyphy/ptII/ptolemy/actor/lib/test/auto/DiscreteClock.xml
1 ms. Memory: 716288K Free: 354742K (50%)
----------------- Invoking toplevel() on ptolemy.moml.MoMLSimpleApplication@c618b77
----------------- Done invoking toplevel() on ptolemy.moml.MoMLSimpleApplication@c618b77
reloadAllAccessors: .DiscreteClock

===========================================================================================
----------------- testing Sat Mar 16 03:43:50 UTC 2019 /home/travis/build/icyphy/ptII/ptolemy/actor/lib/test/auto/DiscreteClock10.xml
----------------- Instantiating /home/travis/build/icyphy/ptII/ptolemy/actor/lib/test/auto/DiscreteClock10.xml
5 ms. Memory: 716288K Free: 346489K (48%)
----------------- Invoking toplevel() on ptolemy.moml.MoMLSimpleApplication@31c9b121
----------------- Done invoking toplevel() on ptolemy.moml.MoMLSimpleApplication@31c9b121
reloadAllAccessors: .DiscreteClock10

===========================================================================================
----------------- testing Sat Mar 16 03:43:50 UTC 2019 /home/travis/build/icyphy/ptII/ptolemy/actor/lib/test/auto/DiscreteClock11.xml
----------------- Instantiating /home/travis/build/icyphy/ptII/ptolemy/actor/lib/test/auto/DiscreteClock11.xml
2 ms. Memory: 716288K Free: 338235K (47%)
----------------- Invoking toplevel() on ptolemy.moml.MoMLSimpleApplication@370105f9
----------------- Done invoking toplevel() on ptolemy.moml.MoMLSimpleApplication@370105f9
reloadAllAccessors: .DiscreteClock11

===========================================================================================
----------------- testing Sat Mar 16 03:43:50 UTC 2019 /home/travis/build/icyphy/ptII/ptolemy/actor/lib/test/auto/DiscreteClock12.xml
----------------- Instantiating /home/travis/build/icyphy/ptII/ptolemy/actor/lib/test/auto/DiscreteClock12.xml
2 ms. Memory: 716288K Free: 324696K (45%)
----------------- Invoking toplevel() on ptolemy.moml.MoMLSimpleApplication@ad33585
----------------- Done invoking toplevel() on ptolemy.moml.MoMLSimpleApplication@ad33585
reloadAllAccessors: .DiscreteClock12

===========================================================================================
----------------- testing Sat Mar 16 03:43:50 UTC 2019 /home/travis/build/icyphy/ptII/ptolemy/actor/lib/test/auto/DiscreteClock13.xml
----------------- Instantiating /home/travis/build/icyphy/ptII/ptolemy/actor/lib/test/auto/DiscreteClock13.xml
2 ms. Memory: 716288K Free: 316443K (44%)
----------------- Invoking toplevel() on ptolemy.moml.MoMLSimpleApplication@395d27c7
----------------- Done invoking toplevel() on ptolemy.moml.MoMLSimpleApplication@395d27c7
reloadAllAccessors: .DiscreteClock13

===========================================================================================
----------------- testing Sat Mar 16 03:43:50 UTC 2019 /home/travis/build/icyphy/ptII/ptolemy/actor/lib/test/auto/DiscreteClock14.xml
----------------- Instantiating /home/travis/build/icyphy/ptII/ptolemy/actor/lib/test/auto/DiscreteClock14.xml
2 ms. Memory: 716288K Free: 302903K (42%)
----------------- Invoking toplevel() on ptolemy.moml.MoMLSimpleApplication@29044f13
----------------- Done invoking toplevel() on ptolemy.moml.MoMLSimpleApplication@29044f13
reloadAllAccessors: .DiscreteClock14

===========================================================================================
----------------- testing Sat Mar 16 03:43:50 UTC 2019 /home/travis/build/icyphy/ptII/ptolemy/actor/lib/test/auto/DiscreteClock15.xml
----------------- Instantiating /home/travis/build/icyphy/ptII/ptolemy/actor/lib/test/auto/DiscreteClock15.xml
3 ms. Memory: 716288K Free: 294650K (41%)
----------------- Invoking toplevel() on ptolemy.moml.MoMLSimpleApplication@698d853f
----------------- Done invoking toplevel() on ptolemy.moml.MoMLSimpleApplication@698d853f
reloadAllAccessors: .DiscreteClock15

===========================================================================================
----------------- testing Sat Mar 16 03:43:50 UTC 2019 /home/travis/build/icyphy/ptII/ptolemy/actor/lib/test/auto/DiscreteClock16.xml
----------------- Instantiating /home/travis/build/icyphy/ptII/ptolemy/actor/lib/test/auto/DiscreteClock16.xml
13 ms. Memory: 716288K Free: 272841K (38%)
----------------- Invoking toplevel() on ptolemy.moml.MoMLSimpleApplication@450e2f86
----------------- Done invoking toplevel() on ptolemy.moml.MoMLSimpleApplication@450e2f86
reloadAllAccessors: .DiscreteClock16

===========================================================================================
----------------- testing Sat Mar 16 03:43:50 UTC 2019 /home/travis/build/icyphy/ptII/ptolemy/actor/lib/test/auto/DiscreteClock17.xml
----------------- Instantiating /home/travis/build/icyphy/ptII/ptolemy/actor/lib/test/auto/DiscreteClock17.xml
17 ms. Memory: 716288K Free: 256318K (36%)
----------------- Invoking toplevel() on ptolemy.moml.MoMLSimpleApplication@2ee2b07b
----------------- Done invoking toplevel() on ptolemy.moml.MoMLSimpleApplication@2ee2b07b
reloadAllAccessors: .DiscreteClock17

===========================================================================================
----------------- testing Sat Mar 16 03:43:50 UTC 2019 /home/travis/build/icyphy/ptII/ptolemy/actor/lib/test/auto/DiscreteClock18.xml
----------------- Instantiating /home/travis/build/icyphy/ptII/ptolemy/actor/lib/test/auto/DiscreteClock18.xml
14 ms. Memory: 716288K Free: 234518K (33%)
----------------- Invoking toplevel() on ptolemy.moml.MoMLSimpleApplication@2fc12989
----------------- Done invoking toplevel() on ptolemy.moml.MoMLSimpleApplication@2fc12989
reloadAllAccessors: .DiscreteClock18

===========================================================================================
----------------- testing Sat Mar 16 03:43:51 UTC 2019 /home/travis/build/icyphy/ptII/ptolemy/actor/lib/test/auto/DiscreteClock19.xml
----------------- Instantiating /home/travis/build/icyphy/ptII/ptolemy/actor/lib/test/auto/DiscreteClock19.xml
14 ms. Memory: 1106944K Free: 1046911K (95%)
----------------- Invoking toplevel() on ptolemy.moml.MoMLSimpleApplication@2100aa62
----------------- Done invoking toplevel() on ptolemy.moml.MoMLSimpleApplication@2100aa62
reloadAllAccessors: .DiscreteClock19

===========================================================================================
----------------- testing Sat Mar 16 03:43:51 UTC 2019 /home/travis/build/icyphy/ptII/ptolemy/actor/lib/test/auto/DiscreteClock2.xml
----------------- Instantiating /home/travis/build/icyphy/ptII/ptolemy/actor/lib/test/auto/DiscreteClock2.xml
5 ms. Memory: 1106944K Free: 1026975K (93%)
----------------- Invoking toplevel() on ptolemy.moml.MoMLSimpleApplication@70de6c9a
----------------- Done invoking toplevel() on ptolemy.moml.MoMLSimpleApplication@70de6c9a
reloadAllAccessors: .DiscreteClock2

===========================================================================================
----------------- testing Sat Mar 16 03:43:51 UTC 2019 /home/travis/build/icyphy/ptII/ptolemy/actor/lib/test/auto/DiscreteClock20.xml
----------------- Instantiating /home/travis/build/icyphy/ptII/ptolemy/actor/lib/test/auto/DiscreteClock20.xml
3 ms. Memory: 1106944K Free: 1013766K (92%)
----------------- Invoking toplevel() on ptolemy.moml.MoMLSimpleApplication@4a28973e
----------------- Done invoking toplevel() on ptolemy.moml.MoMLSimpleApplication@4a28973e
reloadAllAccessors: .DiscreteClock20

===========================================================================================
----------------- testing Sat Mar 16 03:43:51 UTC 2019 /home/travis/build/icyphy/ptII/ptolemy/actor/lib/test/auto/DiscreteClock21.xml
----------------- Instantiating /home/travis/build/icyphy/ptII/ptolemy/actor/lib/test/auto/DiscreteClock21.xml
2 ms. Memory: 1106944K Free: 993829K (90%)
----------------- Invoking toplevel() on ptolemy.moml.MoMLSimpleApplication@54a1b8ac
----------------- Done invoking toplevel() on ptolemy.moml.MoMLSimpleApplication@54a1b8ac
reloadAllAccessors: .DiscreteClock21

===========================================================================================
----------------- testing Sat Mar 16 03:43:51 UTC 2019 /home/travis/build/icyphy/ptII/ptolemy/actor/lib/test/auto/DiscreteClock22.xml
----------------- Instantiating /home/travis/build/icyphy/ptII/ptolemy/actor/lib/test/auto/DiscreteClock22.xml
2 ms. Memory: 1106944K Free: 980619K (89%)
----------------- Invoking toplevel() on ptolemy.moml.MoMLSimpleApplication@4f2daede
----------------- Done invoking toplevel() on ptolemy.moml.MoMLSimpleApplication@4f2daede
reloadAllAccessors: .DiscreteClock22

===========================================================================================
----------------- testing Sat Mar 16 03:43:51 UTC 2019 /home/travis/build/icyphy/ptII/ptolemy/actor/lib/test/auto/DiscreteClock23.xml
----------------- Instantiating /home/travis/build/icyphy/ptII/ptolemy/actor/lib/test/auto/DiscreteClock23.xml
2 ms. Memory: 1106944K Free: 967410K (87%)
----------------- Invoking toplevel() on ptolemy.moml.MoMLSimpleApplication@4a47fe24
----------------- Done invoking toplevel() on ptolemy.moml.MoMLSimpleApplication@4a47fe24
reloadAllAccessors: .DiscreteClock23

===========================================================================================
----------------- testing Sat Mar 16 03:43:51 UTC 2019 /home/travis/build/icyphy/ptII/ptolemy/actor/lib/test/auto/DiscreteClock24.xml
----------------- Instantiating /home/travis/build/icyphy/ptII/ptolemy/actor/lib/test/auto/DiscreteClock24.xml
3 ms. Memory: 1106944K Free: 947473K (86%)
----------------- Invoking toplevel() on ptolemy.moml.MoMLSimpleApplication@63f00043
----------------- Done invoking toplevel() on ptolemy.moml.MoMLSimpleApplication@63f00043
reloadAllAccessors: .DiscreteClock24

===========================================================================================
----------------- testing Sat Mar 16 03:43:51 UTC 2019 /home/travis/build/icyphy/ptII/ptolemy/actor/lib/test/auto/DiscreteClock4.xml
----------------- Instantiating /home/travis/build/icyphy/ptII/ptolemy/actor/lib/test/auto/DiscreteClock4.xml
1 ms. Memory: 1106944K Free: 934264K (84%)
----------------- Invoking toplevel() on ptolemy.moml.MoMLSimpleApplication@4fa0a7fc
----------------- Done invoking toplevel() on ptolemy.moml.MoMLSimpleApplication@4fa0a7fc
reloadAllAccessors: .DiscreteClock4

===========================================================================================
----------------- testing Sat Mar 16 03:43:51 UTC 2019 /home/travis/build/icyphy/ptII/ptolemy/actor/lib/test/auto/DiscreteClock5.xml
----------------- Instantiating /home/travis/build/icyphy/ptII/ptolemy/actor/lib/test/auto/DiscreteClock5.xml
1 ms. Memory: 1106944K Free: 921054K (83%)
----------------- Invoking toplevel() on ptolemy.moml.MoMLSimpleApplication@80cad78
----------------- Done invoking toplevel() on ptolemy.moml.MoMLSimpleApplication@80cad78
reloadAllAccessors: .DiscreteClock5

===========================================================================================
----------------- testing Sat Mar 16 03:43:51 UTC 2019 /home/travis/build/icyphy/ptII/ptolemy/actor/lib/test/auto/DiscreteClock6.xml
----------------- Instantiating /home/travis/build/icyphy/ptII/ptolemy/actor/lib/test/auto/DiscreteClock6.xml
1 ms. Memory: 1106944K Free: 901118K (81%)
----------------- Invoking toplevel() on ptolemy.moml.MoMLSimpleApplication@2fb6d42e
----------------- Done invoking toplevel() on ptolemy.moml.MoMLSimpleApplication@2fb6d42e
reloadAllAccessors: .DiscreteClock6

===========================================================================================
----------------- testing Sat Mar 16 03:43:51 UTC 2019 /home/travis/build/icyphy/ptII/ptolemy/actor/lib/test/auto/DiscreteClock7.xml
----------------- Instantiating /home/travis/build/icyphy/ptII/ptolemy/actor/lib/test/auto/DiscreteClock7.xml
2 ms. Memory: 1106944K Free: 887908K (80%)
----------------- Invoking toplevel() on ptolemy.moml.MoMLSimpleApplication@4141b95e
----------------- Done invoking toplevel() on ptolemy.moml.MoMLSimpleApplication@4141b95e
reloadAllAccessors: .DiscreteClock7

===========================================================================================
----------------- testing Sat Mar 16 03:43:51 UTC 2019 /home/travis/build/icyphy/ptII/ptolemy/actor/lib/test/auto/DiscreteClock8.xml
----------------- Instantiating /home/travis/build/icyphy/ptII/ptolemy/actor/lib/test/auto/DiscreteClock8.xml
2 ms. Memory: 1106944K Free: 874699K (79%)
----------------- Invoking toplevel() on ptolemy.moml.MoMLSimpleApplication@22d74db2
----------------- Done invoking toplevel() on ptolemy.moml.MoMLSimpleApplication@22d74db2
reloadAllAccessors: .DiscreteClock8

===========================================================================================
----------------- testing Sat Mar 16 03:43:51 UTC 2019 /home/travis/build/icyphy/ptII/ptolemy/actor/lib/test/auto/DiscreteClock9.xml
----------------- Instantiating /home/travis/build/icyphy/ptII/ptolemy/actor/lib/test/auto/DiscreteClock9.xml
5 ms. Memory: 1106944K Free: 854763K (77%)
----------------- Invoking toplevel() on ptolemy.moml.MoMLSimpleApplication@4a80268b
----------------- Done invoking toplevel() on ptolemy.moml.MoMLSimpleApplication@4a80268b
reloadAllAccessors: .DiscreteClock9

===========================================================================================
----------------- testing Sat Mar 16 03:43:51 UTC 2019 /home/travis/build/icyphy/ptII/ptolemy/actor/lib/test/auto/DisplayArray.xml
----------------- Instantiating /home/travis/build/icyphy/ptII/ptolemy/actor/lib/test/auto/DisplayArray.xml
2 ms. Memory: 1106944K Free: 841553K (76%)
----------------- Invoking toplevel() on ptolemy.moml.MoMLSimpleApplication@69e61d1e
----------------- Done invoking toplevel() on ptolemy.moml.MoMLSimpleApplication@69e61d1e
reloadAllAccessors: .DisplayArray

===========================================================================================
----------------- testing Sat Mar 16 03:43:52 UTC 2019 /home/travis/build/icyphy/ptII/ptolemy/actor/lib/test/auto/Distributor.xml
----------------- Instantiating /home/travis/build/icyphy/ptII/ptolemy/actor/lib/test/auto/Distributor.xml
1 ms. Memory: 1106944K Free: 828343K (75%)
----------------- Invoking toplevel() on ptolemy.moml.MoMLSimpleApplication@5e8474fa
----------------- Done invoking toplevel() on ptolemy.moml.MoMLSimpleApplication@5e8474fa
reloadAllAccessors: .Distributor

===========================================================================================
----------------- testing Sat Mar 16 03:43:52 UTC 2019 /home/travis/build/icyphy/ptII/ptolemy/actor/lib/test/auto/Distributor2.xml
----------------- Instantiating /home/travis/build/icyphy/ptII/ptolemy/actor/lib/test/auto/Distributor2.xml
2 ms. Memory: 1106944K Free: 808407K (73%)
----------------- Invoking toplevel() on ptolemy.moml.MoMLSimpleApplication@4a10509c
----------------- Done invoking toplevel() on ptolemy.moml.MoMLSimpleApplication@4a10509c
reloadAllAccessors: .Distributor2

===========================================================================================
----------------- testing Sat Mar 16 03:43:52 UTC 2019 /home/travis/build/icyphy/ptII/ptolemy/actor/lib/test/auto/DownSample.xml
----------------- Instantiating /home/travis/build/icyphy/ptII/ptolemy/actor/lib/test/auto/DownSample.xml
2 ms. Memory: 1106944K Free: 795198K (72%)
----------------- Invoking toplevel() on ptolemy.moml.MoMLSimpleApplication@5150af6
----------------- Done invoking toplevel() on ptolemy.moml.MoMLSimpleApplication@5150af6
reloadAllAccessors: .DownSample

===========================================================================================
----------------- testing Sat Mar 16 03:43:52 UTC 2019 /home/travis/build/icyphy/ptII/ptolemy/actor/lib/test/auto/ElectronicUnitBase1.xml
----------------- Instantiating /home/travis/build/icyphy/ptII/ptolemy/actor/lib/test/auto/ElectronicUnitBase1.xml
23 ms. Memory: 1106944K Free: 768746K (69%)
----------------- Invoking toplevel() on ptolemy.moml.MoMLSimpleApplication@7ec0abb0
----------------- Done invoking toplevel() on ptolemy.moml.MoMLSimpleApplication@7ec0abb0
reloadAllAccessors: .ElectronicUnitBase1

===========================================================================================
----------------- testing Sat Mar 16 03:43:52 UTC 2019 /home/travis/build/icyphy/ptII/ptolemy/actor/lib/test/auto/ElementsToArray.xml
----------------- Instantiating /home/travis/build/icyphy/ptII/ptolemy/actor/lib/test/auto/ElementsToArray.xml
3 ms. Memory: 1106944K Free: 748810K (68%)
----------------- Invoking toplevel() on ptolemy.moml.MoMLSimpleApplication@5bf6ae5e
----------------- Done invoking toplevel() on ptolemy.moml.MoMLSimpleApplication@5bf6ae5e
reloadAllAccessors: .ElementsToArray

===========================================================================================
----------------- testing Sat Mar 16 03:43:52 UTC 2019 /home/travis/build/icyphy/ptII/ptolemy/actor/lib/test/auto/Equals.xml
----------------- Instantiating /home/travis/build/icyphy/ptII/ptolemy/actor/lib/test/auto/Equals.xml
3 ms. Memory: 1106944K Free: 735600K (66%)
----------------- Invoking toplevel() on ptolemy.moml.MoMLSimpleApplication@7b93d168
----------------- Done invoking toplevel() on ptolemy.moml.MoMLSimpleApplication@7b93d168
reloadAllAccessors: .Equals

===========================================================================================
----------------- testing Sat Mar 16 03:43:52 UTC 2019 /home/travis/build/icyphy/ptII/ptolemy/actor/lib/test/auto/Exec.xml
----------------- Instantiating /home/travis/build/icyphy/ptII/ptolemy/actor/lib/test/auto/Exec.xml
11 ms. Memory: 1106944K Free: 712483K (64%)
----------------- Invoking toplevel() on ptolemy.moml.MoMLSimpleApplication@62fee3f
----------------- Done invoking toplevel() on ptolemy.moml.MoMLSimpleApplication@62fee3f
reloadAllAccessors: .Exec

===========================================================================================
----------------- testing Sat Mar 16 03:43:52 UTC 2019 /home/travis/build/icyphy/ptII/ptolemy/actor/lib/test/auto/ExecEnvironment.xml
----------------- Instantiating /home/travis/build/icyphy/ptII/ptolemy/actor/lib/test/auto/ExecEnvironment.xml
25 ms. Memory: 1106944K Free: 692547K (63%)
----------------- Invoking toplevel() on ptolemy.moml.MoMLSimpleApplication@5f6ca83f
----------------- Done invoking toplevel() on ptolemy.moml.MoMLSimpleApplication@5f6ca83f
reloadAllAccessors: .ExecEnvironment

===========================================================================================
----------------- testing Sat Mar 16 03:43:52 UTC 2019 /home/travis/build/icyphy/ptII/ptolemy/actor/lib/test/auto/ExecNonZeroReturnOutput.xml
----------------- Instantiating /home/travis/build/icyphy/ptII/ptolemy/actor/lib/test/auto/ExecNonZeroReturnOutput.xml
127 ms. Memory: 1106944K Free: 593474K (54%)
----------------- Invoking toplevel() on ptolemy.moml.MoMLSimpleApplication@51c39903
----------------- Done invoking toplevel() on ptolemy.moml.MoMLSimpleApplication@51c39903
reloadAllAccessors: .ExecNonZeroReturnOutput

===========================================================================================
----------------- testing Sat Mar 16 03:43:52 UTC 2019 /home/travis/build/icyphy/ptII/ptolemy/actor/lib/test/auto/ExecRunDemos.xml
----------------- Instantiating /home/travis/build/icyphy/ptII/ptolemy/actor/lib/test/auto/ExecRunDemos.xml
Finished: 72 ms. Memory: 116224K Free: 100560K (87%)

Finished: 57 ms. Memory: 116224K Free: 97676K (84%)

Finished: 49 ms. Memory: 116224K Free: 98219K (85%)

Finished: 66 ms. Memory: 116224K Free: 99544K (86%)

Finished: 40 ms. Memory: 116224K Free: 100576K (87%)

9557 ms. Memory: 1106944K Free: 487658K (44%)
----------------- Invoking toplevel() on ptolemy.moml.MoMLSimpleApplication@2b84f18e
----------------- Done invoking toplevel() on ptolemy.moml.MoMLSimpleApplication@2b84f18e
reloadAllAccessors: .ExecRunDemos

===========================================================================================
----------------- testing Sat Mar 16 03:44:02 UTC 2019 /home/travis/build/icyphy/ptII/ptolemy/actor/lib/test/auto/ExecStop.xml
----------------- Instantiating /home/travis/build/icyphy/ptII/ptolemy/actor/lib/test/auto/ExecStop.xml
5011 ms. Memory: 1106944K Free: 309327K (28%)
----------------- Invoking toplevel() on ptolemy.moml.MoMLSimpleApplication@3d86fa8a
----------------- Done invoking toplevel() on ptolemy.moml.MoMLSimpleApplication@3d86fa8a
reloadAllAccessors: .ExecStop

===========================================================================================
----------------- testing Sat Mar 16 03:44:07 UTC 2019 /home/travis/build/icyphy/ptII/ptolemy/actor/lib/test/auto/ExecutionTimeSDF.xml
----------------- Instantiating /home/travis/build/icyphy/ptII/ptolemy/actor/lib/test/auto/ExecutionTimeSDF.xml
Fired ExecutionTime: -559367296
Fired ExecutionTime: 905600000
Fired ExecutionTime: -988567296
6005 ms. Memory: 1106944K Free: 289497K (26%)
----------------- Invoking toplevel() on ptolemy.moml.MoMLSimpleApplication@aa373f3
----------------- Done invoking toplevel() on ptolemy.moml.MoMLSimpleApplication@aa373f3
reloadAllAccessors: .ExecutionTimeSDF

===========================================================================================
----------------- testing Sat Mar 16 03:44:13 UTC 2019 /home/travis/build/icyphy/ptII/ptolemy/actor/lib/test/auto/Expression1.xml
----------------- Instantiating /home/travis/build/icyphy/ptII/ptolemy/actor/lib/test/auto/Expression1.xml
2 ms. Memory: 1106944K Free: 269561K (24%)
----------------- Invoking toplevel() on ptolemy.moml.MoMLSimpleApplication@108f7fae
----------------- Done invoking toplevel() on ptolemy.moml.MoMLSimpleApplication@108f7fae
reloadAllAccessors: .Expression1

===========================================================================================
----------------- testing Sat Mar 16 03:44:13 UTC 2019 /home/travis/build/icyphy/ptII/ptolemy/actor/lib/test/auto/Expression10.xml
----------------- Instantiating /home/travis/build/icyphy/ptII/ptolemy/actor/lib/test/auto/Expression10.xml
5 ms. Memory: 1106944K Free: 256351K (23%)
----------------- Invoking toplevel() on ptolemy.moml.MoMLSimpleApplication@2c2f063a
----------------- Done invoking toplevel() on ptolemy.moml.MoMLSimpleApplication@2c2f063a
reloadAllAccessors: .Expression10

===========================================================================================
----------------- testing Sat Mar 16 03:44:13 UTC 2019 /home/travis/build/icyphy/ptII/ptolemy/actor/lib/test/auto/Expression11.xml
----------------- Instantiating /home/travis/build/icyphy/ptII/ptolemy/actor/lib/test/auto/Expression11.xml
2 ms. Memory: 1106944K Free: 243141K (22%)
----------------- Invoking toplevel() on ptolemy.moml.MoMLSimpleApplication@ca29662
----------------- Done invoking toplevel() on ptolemy.moml.MoMLSimpleApplication@ca29662
reloadAllAccessors: .Expression11

===========================================================================================
----------------- testing Sat Mar 16 03:44:13 UTC 2019 /home/travis/build/icyphy/ptII/ptolemy/actor/lib/test/auto/Expression12.xml
----------------- Instantiating /home/travis/build/icyphy/ptII/ptolemy/actor/lib/test/auto/Expression12.xml
7 ms. Memory: 1106944K Free: 223205K (20%)
----------------- Invoking toplevel() on ptolemy.moml.MoMLSimpleApplication@73097ef7
----------------- Done invoking toplevel() on ptolemy.moml.MoMLSimpleApplication@73097ef7
reloadAllAccessors: .Expression12

===========================================================================================
----------------- testing Sat Mar 16 03:44:13 UTC 2019 /home/travis/build/icyphy/ptII/ptolemy/actor/lib/test/auto/Expression13.xml
----------------- Instantiating /home/travis/build/icyphy/ptII/ptolemy/actor/lib/test/auto/Expression13.xml
4 ms. Memory: 1106944K Free: 209996K (19%)
----------------- Invoking toplevel() on ptolemy.moml.MoMLSimpleApplication@50f1219
----------------- Done invoking toplevel() on ptolemy.moml.MoMLSimpleApplication@50f1219
reloadAllAccessors: .Expression13

===========================================================================================
----------------- testing Sat Mar 16 03:44:13 UTC 2019 /home/travis/build/icyphy/ptII/ptolemy/actor/lib/test/auto/Expression14.xml
----------------- Instantiating /home/travis/build/icyphy/ptII/ptolemy/actor/lib/test/auto/Expression14.xml
5 ms. Memory: 1106944K Free: 196786K (18%)
----------------- Invoking toplevel() on ptolemy.moml.MoMLSimpleApplication@4fcd235d
----------------- Done invoking toplevel() on ptolemy.moml.MoMLSimpleApplication@4fcd235d
reloadAllAccessors: .Expression14

===========================================================================================
----------------- testing Sat Mar 16 03:44:13 UTC 2019 /home/travis/build/icyphy/ptII/ptolemy/actor/lib/test/auto/Expression15.xml
----------------- Instantiating /home/travis/build/icyphy/ptII/ptolemy/actor/lib/test/auto/Expression15.xml
2 ms. Memory: 1106944K Free: 176850K (16%)
----------------- Invoking toplevel() on ptolemy.moml.MoMLSimpleApplication@22f65fa5
----------------- Done invoking toplevel() on ptolemy.moml.MoMLSimpleApplication@22f65fa5
reloadAllAccessors: .Expression15

===========================================================================================
----------------- testing Sat Mar 16 03:44:13 UTC 2019 /home/travis/build/icyphy/ptII/ptolemy/actor/lib/test/auto/Expression16.xml
----------------- Instantiating /home/travis/build/icyphy/ptII/ptolemy/actor/lib/test/auto/Expression16.xml
3 ms. Memory: 1106944K Free: 163640K (15%)
----------------- Invoking toplevel() on ptolemy.moml.MoMLSimpleApplication@2d4cf6a9
----------------- Done invoking toplevel() on ptolemy.moml.MoMLSimpleApplication@2d4cf6a9
reloadAllAccessors: .Expression16

===========================================================================================
----------------- testing Sat Mar 16 03:44:13 UTC 2019 /home/travis/build/icyphy/ptII/ptolemy/actor/lib/test/auto/Expression17.xml
----------------- Instantiating /home/travis/build/icyphy/ptII/ptolemy/actor/lib/test/auto/Expression17.xml
2 ms. Memory: 1106944K Free: 150431K (14%)
----------------- Invoking toplevel() on ptolemy.moml.MoMLSimpleApplication@10fe9541
----------------- Done invoking toplevel() on ptolemy.moml.MoMLSimpleApplication@10fe9541
reloadAllAccessors: .Expression17

===========================================================================================
----------------- testing Sat Mar 16 03:44:13 UTC 2019 /home/travis/build/icyphy/ptII/ptolemy/actor/lib/test/auto/Expression18.xml
----------------- Instantiating /home/travis/build/icyphy/ptII/ptolemy/actor/lib/test/auto/Expression18.xml
2 ms. Memory: 1106944K Free: 130495K (12%)
----------------- Invoking toplevel() on ptolemy.moml.MoMLSimpleApplication@2b31ee40
----------------- Done invoking toplevel() on ptolemy.moml.MoMLSimpleApplication@2b31ee40
reloadAllAccessors: .Expression18

===========================================================================================
----------------- testing Sat Mar 16 03:44:13 UTC 2019 /home/travis/build/icyphy/ptII/ptolemy/actor/lib/test/auto/Expression2.xml
----------------- Instantiating /home/travis/build/icyphy/ptII/ptolemy/actor/lib/test/auto/Expression2.xml
3 ms. Memory: 1106944K Free: 117285K (11%)
----------------- Invoking toplevel() on ptolemy.moml.MoMLSimpleApplication@7a876305
----------------- Done invoking toplevel() on ptolemy.moml.MoMLSimpleApplication@7a876305
reloadAllAccessors: .Expression2

===========================================================================================
----------------- testing Sat Mar 16 03:44:13 UTC 2019 /home/travis/build/icyphy/ptII/ptolemy/actor/lib/test/auto/Expression3.xml
----------------- Instantiating /home/travis/build/icyphy/ptII/ptolemy/actor/lib/test/auto/Expression3.xml
6 ms. Memory: 1106944K Free: 104075K (9%)
----------------- Invoking toplevel() on ptolemy.moml.MoMLSimpleApplication@24e2814a
----------------- Done invoking toplevel() on ptolemy.moml.MoMLSimpleApplication@24e2814a
reloadAllAccessors: .Expression3

===========================================================================================
----------------- testing Sat Mar 16 03:44:13 UTC 2019 /home/travis/build/icyphy/ptII/ptolemy/actor/lib/test/auto/Expression4.xml
----------------- Instantiating /home/travis/build/icyphy/ptII/ptolemy/actor/lib/test/auto/Expression4.xml
6 ms. Memory: 1106944K Free: 84139K (8%)
----------------- Invoking toplevel() on ptolemy.moml.MoMLSimpleApplication@1f286626
----------------- Done invoking toplevel() on ptolemy.moml.MoMLSimpleApplication@1f286626
reloadAllAccessors: .Expression4

===========================================================================================
----------------- testing Sat Mar 16 03:44:13 UTC 2019 /home/travis/build/icyphy/ptII/ptolemy/actor/lib/test/auto/Expression5.xml
----------------- Instantiating /home/travis/build/icyphy/ptII/ptolemy/actor/lib/test/auto/Expression5.xml
9 ms. Memory: 1106944K Free: 1065442K (96%)
----------------- Invoking toplevel() on ptolemy.moml.MoMLSimpleApplication@40ee5ffb
----------------- Done invoking toplevel() on ptolemy.moml.MoMLSimpleApplication@40ee5ffb
reloadAllAccessors: .Expression5

===========================================================================================
----------------- testing Sat Mar 16 03:44:13 UTC 2019 /home/travis/build/icyphy/ptII/ptolemy/actor/lib/test/auto/Expression6.xml
----------------- Instantiating /home/travis/build/icyphy/ptII/ptolemy/actor/lib/test/auto/Expression6.xml
2 ms. Memory: 1106944K Free: 1049229K (95%)
----------------- Invoking toplevel() on ptolemy.moml.MoMLSimpleApplication@d702dde
----------------- Done invoking toplevel() on ptolemy.moml.MoMLSimpleApplication@d702dde
reloadAllAccessors: .Expression6

===========================================================================================
----------------- testing Sat Mar 16 03:44:13 UTC 2019 /home/travis/build/icyphy/ptII/ptolemy/actor/lib/test/auto/Expression7.xml
----------------- Instantiating /home/travis/build/icyphy/ptII/ptolemy/actor/lib/test/auto/Expression7.xml
2 ms. Memory: 1106944K Free: 1041303K (94%)
----------------- Invoking toplevel() on ptolemy.moml.MoMLSimpleApplication@459cd3ec
----------------- Done invoking toplevel() on ptolemy.moml.MoMLSimpleApplication@459cd3ec
reloadAllAccessors: .Expression7

===========================================================================================
----------------- testing Sat Mar 16 03:44:13 UTC 2019 /home/travis/build/icyphy/ptII/ptolemy/actor/lib/test/auto/Expression8.xml
----------------- Instantiating /home/travis/build/icyphy/ptII/ptolemy/actor/lib/test/auto/Expression8.xml
7 ms. Memory: 1106944K Free: 1028393K (93%)
----------------- Invoking toplevel() on ptolemy.moml.MoMLSimpleApplication@2e891cc4
----------------- Done invoking toplevel() on ptolemy.moml.MoMLSimpleApplication@2e891cc4
reloadAllAccessors: .Expression8

===========================================================================================
----------------- testing Sat Mar 16 03:44:13 UTC 2019 /home/travis/build/icyphy/ptII/ptolemy/actor/lib/test/auto/Expression9.xml
----------------- Instantiating /home/travis/build/icyphy/ptII/ptolemy/actor/lib/test/auto/Expression9.xml
1 ms. Memory: 1106944K Free: 1020467K (92%)
----------------- Invoking toplevel() on ptolemy.moml.MoMLSimpleApplication@180e1083
----------------- Done invoking toplevel() on ptolemy.moml.MoMLSimpleApplication@180e1083
reloadAllAccessors: .Expression9

===========================================================================================
----------------- testing Sat Mar 16 03:44:13 UTC 2019 /home/travis/build/icyphy/ptII/ptolemy/actor/lib/test/auto/ExpressionConcatenateArrayType.xml
----------------- Instantiating /home/travis/build/icyphy/ptII/ptolemy/actor/lib/test/auto/ExpressionConcatenateArrayType.xml
2 ms. Memory: 1106944K Free: 1003578K (91%)
----------------- Invoking toplevel() on ptolemy.moml.MoMLSimpleApplication@43b7bfe2
----------------- Done invoking toplevel() on ptolemy.moml.MoMLSimpleApplication@43b7bfe2
reloadAllAccessors: .ExpressionConcatenateArrayType

===========================================================================================
----------------- testing Sat Mar 16 03:44:13 UTC 2019 /home/travis/build/icyphy/ptII/ptolemy/actor/lib/test/auto/ExpressionConcatenateArrayType2.xml
----------------- Instantiating /home/travis/build/icyphy/ptII/ptolemy/actor/lib/test/auto/ExpressionConcatenateArrayType2.xml
3 ms. Memory: 1106944K Free: 991673K (90%)
----------------- Invoking toplevel() on ptolemy.moml.MoMLSimpleApplication@3f6d419c
----------------- Done invoking toplevel() on ptolemy.moml.MoMLSimpleApplication@3f6d419c
reloadAllAccessors: .ExpressionConcatenateArrayType2

===========================================================================================
----------------- testing Sat Mar 16 03:44:13 UTC 2019 /home/travis/build/icyphy/ptII/ptolemy/actor/lib/test/auto/ExpressionFix.xml
----------------- Instantiating /home/travis/build/icyphy/ptII/ptolemy/actor/lib/test/auto/ExpressionFix.xml
14 ms. Memory: 1106944K Free: 974553K (88%)
----------------- Invoking toplevel() on ptolemy.moml.MoMLSimpleApplication@74c74350
----------------- Done invoking toplevel() on ptolemy.moml.MoMLSimpleApplication@74c74350
reloadAllAccessors: .ExpressionFix

===========================================================================================
----------------- testing Sat Mar 16 03:44:13 UTC 2019 /home/travis/build/icyphy/ptII/ptolemy/actor/lib/test/auto/ExpressionFix2.xml
----------------- Instantiating /home/travis/build/icyphy/ptII/ptolemy/actor/lib/test/auto/ExpressionFix2.xml
5 ms. Memory: 1106944K Free: 966628K (87%)
----------------- Invoking toplevel() on ptolemy.moml.MoMLSimpleApplication@7c4e3a60
----------------- Done invoking toplevel() on ptolemy.moml.MoMLSimpleApplication@7c4e3a60
reloadAllAccessors: .ExpressionFix2

===========================================================================================
----------------- testing Sat Mar 16 03:44:13 UTC 2019 /home/travis/build/icyphy/ptII/ptolemy/actor/lib/test/auto/ExpressionFix3.xml
----------------- Instantiating /home/travis/build/icyphy/ptII/ptolemy/actor/lib/test/auto/ExpressionFix3.xml
3 ms. Memory: 1106944K Free: 953717K (86%)
----------------- Invoking toplevel() on ptolemy.moml.MoMLSimpleApplication@9e3ef00
----------------- Done invoking toplevel() on ptolemy.moml.MoMLSimpleApplication@9e3ef00
reloadAllAccessors: .ExpressionFix3

===========================================================================================
----------------- testing Sat Mar 16 03:44:13 UTC 2019 /home/travis/build/icyphy/ptII/ptolemy/actor/lib/test/auto/FileWriter1.xml
----------------- Instantiating /home/travis/build/icyphy/ptII/ptolemy/actor/lib/test/auto/FileWriter1.xml
5 ms. Memory: 1106944K Free: 945791K (85%)
----------------- Invoking toplevel() on ptolemy.moml.MoMLSimpleApplication@2f0e174d
----------------- Done invoking toplevel() on ptolemy.moml.MoMLSimpleApplication@2f0e174d
reloadAllAccessors: .FileWriter1

===========================================================================================
----------------- testing Sat Mar 16 03:44:13 UTC 2019 /home/travis/build/icyphy/ptII/ptolemy/actor/lib/test/auto/FileWriter2.xml
----------------- Instantiating /home/travis/build/icyphy/ptII/ptolemy/actor/lib/test/auto/FileWriter2.xml
2 ms. Memory: 1106944K Free: 932881K (84%)
----------------- Invoking toplevel() on ptolemy.moml.MoMLSimpleApplication@4fa6331f
----------------- Done invoking toplevel() on ptolemy.moml.MoMLSimpleApplication@4fa6331f
reloadAllAccessors: .FileWriter2

===========================================================================================
----------------- testing Sat Mar 16 03:44:13 UTC 2019 /home/travis/build/icyphy/ptII/ptolemy/actor/lib/test/auto/FileWriter3.xml
----------------- Instantiating /home/travis/build/icyphy/ptII/ptolemy/actor/lib/test/auto/FileWriter3.xml
1 ms. Memory: 1106944K Free: 924955K (84%)
----------------- Invoking toplevel() on ptolemy.moml.MoMLSimpleApplication@60fb4d15
----------------- Done invoking toplevel() on ptolemy.moml.MoMLSimpleApplication@60fb4d15
reloadAllAccessors: .FileWriter3

===========================================================================================
----------------- testing Sat Mar 16 03:44:13 UTC 2019 /home/travis/build/icyphy/ptII/ptolemy/actor/lib/test/auto/Gaussian.xml
----------------- Instantiating /home/travis/build/icyphy/ptII/ptolemy/actor/lib/test/auto/Gaussian.xml
3 ms. Memory: 1106944K Free: 912045K (82%)
----------------- Invoking toplevel() on ptolemy.moml.MoMLSimpleApplication@f59f54d
----------------- Done invoking toplevel() on ptolemy.moml.MoMLSimpleApplication@f59f54d
reloadAllAccessors: .Gaussian

===========================================================================================
----------------- testing Sat Mar 16 03:44:13 UTC 2019 /home/travis/build/icyphy/ptII/ptolemy/actor/lib/test/auto/Gaussian1.xml
----------------- Instantiating /home/travis/build/icyphy/ptII/ptolemy/actor/lib/test/auto/Gaussian1.xml
2 ms. Memory: 1106944K Free: 904120K (82%)
----------------- Invoking toplevel() on ptolemy.moml.MoMLSimpleApplication@64df55be
----------------- Done invoking toplevel() on ptolemy.moml.MoMLSimpleApplication@64df55be
reloadAllAccessors: .Gaussian1

===========================================================================================
----------------- testing Sat Mar 16 03:44:13 UTC 2019 /home/travis/build/icyphy/ptII/ptolemy/actor/lib/test/auto/Gaussian2.xml
----------------- Instantiating /home/travis/build/icyphy/ptII/ptolemy/actor/lib/test/auto/Gaussian2.xml
4 ms. Memory: 1106944K Free: 891209K (81%)
----------------- Invoking toplevel() on ptolemy.moml.MoMLSimpleApplication@579515b
----------------- Done invoking toplevel() on ptolemy.moml.MoMLSimpleApplication@579515b
reloadAllAccessors: .Gaussian2

===========================================================================================
----------------- testing Sat Mar 16 03:44:13 UTC 2019 /home/travis/build/icyphy/ptII/ptolemy/actor/lib/test/auto/GradientAdaptiveLattice.xml
----------------- Instantiating /home/travis/build/icyphy/ptII/ptolemy/actor/lib/test/auto/GradientAdaptiveLattice.xml
4 ms. Memory: 1106944K Free: 883283K (80%)
----------------- Invoking toplevel() on ptolemy.moml.MoMLSimpleApplication@3ce240ff
----------------- Done invoking toplevel() on ptolemy.moml.MoMLSimpleApplication@3ce240ff
reloadAllAccessors: .GradientAdaptiveLattice

===========================================================================================
----------------- testing Sat Mar 16 03:44:13 UTC 2019 /home/travis/build/icyphy/ptII/ptolemy/actor/lib/test/auto/IIR.xml
----------------- Instantiating /home/travis/build/icyphy/ptII/ptolemy/actor/lib/test/auto/IIR.xml
2 ms. Memory: 1106944K Free: 870373K (79%)
----------------- Invoking toplevel() on ptolemy.moml.MoMLSimpleApplication@212ec6c9
----------------- Done invoking toplevel() on ptolemy.moml.MoMLSimpleApplication@212ec6c9
reloadAllAccessors: .IIR

===========================================================================================
----------------- testing Sat Mar 16 03:44:13 UTC 2019 /home/travis/build/icyphy/ptII/ptolemy/actor/lib/test/auto/InputOutputTransparentPorts.xml
----------------- Instantiating /home/travis/build/icyphy/ptII/ptolemy/actor/lib/test/auto/InputOutputTransparentPorts.xml
3 ms. Memory: 1106944K Free: 858469K (78%)
----------------- Invoking toplevel() on ptolemy.moml.MoMLSimpleApplication@33ae1425
----------------- Done invoking toplevel() on ptolemy.moml.MoMLSimpleApplication@33ae1425
reloadAllAccessors: .InputOutputTransparentPorts

===========================================================================================
----------------- testing Sat Mar 16 03:44:13 UTC 2019 /home/travis/build/icyphy/ptII/ptolemy/actor/lib/test/auto/Interpolator.xml
----------------- Instantiating /home/travis/build/icyphy/ptII/ptolemy/actor/lib/test/auto/Interpolator.xml
6 ms. Memory: 1106944K Free: 845559K (76%)
----------------- Invoking toplevel() on ptolemy.moml.MoMLSimpleApplication@438265a4
----------------- Done invoking toplevel() on ptolemy.moml.MoMLSimpleApplication@438265a4
reloadAllAccessors: .Interpolator

===========================================================================================
----------------- testing Sat Mar 16 03:44:13 UTC 2019 /home/travis/build/icyphy/ptII/ptolemy/actor/lib/test/auto/InterpolatorFiringLimitDE.xml
----------------- Instantiating /home/travis/build/icyphy/ptII/ptolemy/actor/lib/test/auto/InterpolatorFiringLimitDE.xml
3 ms. Memory: 1106944K Free: 837633K (76%)
----------------- Invoking toplevel() on ptolemy.moml.MoMLSimpleApplication@a2a3078
----------------- Done invoking toplevel() on ptolemy.moml.MoMLSimpleApplication@a2a3078
reloadAllAccessors: .InterpolatorFiringLimitDE

===========================================================================================
----------------- testing Sat Mar 16 03:44:13 UTC 2019 /home/travis/build/icyphy/ptII/ptolemy/actor/lib/test/auto/Lattice.xml
----------------- Instantiating /home/travis/build/icyphy/ptII/ptolemy/actor/lib/test/auto/Lattice.xml
1 ms. Memory: 1106944K Free: 824723K (75%)
----------------- Invoking toplevel() on ptolemy.moml.MoMLSimpleApplication@100334a7
----------------- Done invoking toplevel() on ptolemy.moml.MoMLSimpleApplication@100334a7
reloadAllAccessors: .Lattice

===========================================================================================
----------------- testing Sat Mar 16 03:44:13 UTC 2019 /home/travis/build/icyphy/ptII/ptolemy/actor/lib/test/auto/LazyAOCTestLazy.xml
----------------- Instantiating /home/travis/build/icyphy/ptII/ptolemy/actor/lib/test/auto/LazyAOCTestLazy.xml
13 ms. Memory: 1106944K Free: 816797K (74%)
----------------- Invoking toplevel() on ptolemy.moml.MoMLSimpleApplication@1551be14
----------------- Done invoking toplevel() on ptolemy.moml.MoMLSimpleApplication@1551be14
reloadAllAccessors: .LazyAOCTestLazy

===========================================================================================
----------------- testing Sat Mar 16 03:44:13 UTC 2019 /home/travis/build/icyphy/ptII/ptolemy/actor/lib/test/auto/LazyAOCTestNonLazy.xml
----------------- Instantiating /home/travis/build/icyphy/ptII/ptolemy/actor/lib/test/auto/LazyAOCTestNonLazy.xml
14 ms. Memory: 1106944K Free: 799908K (72%)
----------------- Invoking toplevel() on ptolemy.moml.MoMLSimpleApplication@20780b29
----------------- Done invoking toplevel() on ptolemy.moml.MoMLSimpleApplication@20780b29
reloadAllAccessors: .LazyAOCTestNonLazy

===========================================================================================
----------------- testing Sat Mar 16 03:44:13 UTC 2019 /home/travis/build/icyphy/ptII/ptolemy/actor/lib/test/auto/LazyInnerClass.xml
----------------- Instantiating /home/travis/build/icyphy/ptII/ptolemy/actor/lib/test/auto/LazyInnerClass.xml
27 ms. Memory: 1106944K Free: 788003K (71%)
----------------- Invoking toplevel() on ptolemy.moml.MoMLSimpleApplication@6e4b76ab
----------------- Done invoking toplevel() on ptolemy.moml.MoMLSimpleApplication@6e4b76ab
reloadAllAccessors: .LazyInnerClass

===========================================================================================
----------------- testing Sat Mar 16 03:44:14 UTC 2019 /home/travis/build/icyphy/ptII/ptolemy/actor/lib/test/auto/LazyPubSub.xml
----------------- Instantiating /home/travis/build/icyphy/ptII/ptolemy/actor/lib/test/auto/LazyPubSub.xml
24 ms. Memory: 1106944K Free: 771114K (70%)
----------------- Invoking toplevel() on ptolemy.moml.MoMLSimpleApplication@55a0d61f
----------------- Done invoking toplevel() on ptolemy.moml.MoMLSimpleApplication@55a0d61f
reloadAllAccessors: .LazyPubSub

===========================================================================================
----------------- testing Sat Mar 16 03:44:14 UTC 2019 /home/travis/build/icyphy/ptII/ptolemy/actor/lib/test/auto/LazyPubSub2.xml
----------------- Instantiating /home/travis/build/icyphy/ptII/ptolemy/actor/lib/test/auto/LazyPubSub2.xml
13 ms. Memory: 1106944K Free: 759225K (69%)
----------------- Invoking toplevel() on ptolemy.moml.MoMLSimpleApplication@1e5a87fa
----------------- Done invoking toplevel() on ptolemy.moml.MoMLSimpleApplication@1e5a87fa
reloadAllAccessors: .LazyPubSub2

===========================================================================================
----------------- testing Sat Mar 16 03:44:14 UTC 2019 /home/travis/build/icyphy/ptII/ptolemy/actor/lib/test/auto/LazyPubSub3.xml
----------------- Instantiating /home/travis/build/icyphy/ptII/ptolemy/actor/lib/test/auto/LazyPubSub3.xml
10 ms. Memory: 1106944K Free: 747329K (68%)
----------------- Invoking toplevel() on ptolemy.moml.MoMLSimpleApplication@3afddac6
----------------- Done invoking toplevel() on ptolemy.moml.MoMLSimpleApplication@3afddac6
reloadAllAccessors: .LazyPubSub3

===========================================================================================
----------------- testing Sat Mar 16 03:44:14 UTC 2019 /home/travis/build/icyphy/ptII/ptolemy/actor/lib/test/auto/LazySubClassModel.xml
----------------- Instantiating /home/travis/build/icyphy/ptII/ptolemy/actor/lib/test/auto/LazySubClassModel.xml
1 ms. Memory: 1106944K Free: 730455K (66%)
----------------- Invoking toplevel() on ptolemy.moml.MoMLSimpleApplication@fcfbc50
----------------- Done invoking toplevel() on ptolemy.moml.MoMLSimpleApplication@fcfbc50
reloadAllAccessors: .LazySubClassModel

===========================================================================================
----------------- testing Sat Mar 16 03:44:14 UTC 2019 /home/travis/build/icyphy/ptII/ptolemy/actor/lib/test/auto/LevelCrossTest1.xml
----------------- Instantiating /home/travis/build/icyphy/ptII/ptolemy/actor/lib/test/auto/LevelCrossTest1.xml
1 ms. Memory: 1106944K Free: 722530K (65%)
----------------- Invoking toplevel() on ptolemy.moml.MoMLSimpleApplication@5d7da4e9
----------------- Done invoking toplevel() on ptolemy.moml.MoMLSimpleApplication@5d7da4e9
reloadAllAccessors: .broken

===========================================================================================
----------------- testing Sat Mar 16 03:44:14 UTC 2019 /home/travis/build/icyphy/ptII/ptolemy/actor/lib/test/auto/LevelCrossTest10.xml
----------------- Instantiating /home/travis/build/icyphy/ptII/ptolemy/actor/lib/test/auto/LevelCrossTest10.xml
1 ms. Memory: 1106944K Free: 705641K (64%)
----------------- Invoking toplevel() on ptolemy.moml.MoMLSimpleApplication@34a773d2
----------------- Done invoking toplevel() on ptolemy.moml.MoMLSimpleApplication@34a773d2
reloadAllAccessors: .LevelCrossTest10

===========================================================================================
----------------- testing Sat Mar 16 03:44:14 UTC 2019 /home/travis/build/icyphy/ptII/ptolemy/actor/lib/test/auto/LevelCrossTest11.xml
----------------- Instantiating /home/travis/build/icyphy/ptII/ptolemy/actor/lib/test/auto/LevelCrossTest11.xml
5 ms. Memory: 1106944K Free: 693736K (63%)
----------------- Invoking toplevel() on ptolemy.moml.MoMLSimpleApplication@1f4062b3
----------------- Done invoking toplevel() on ptolemy.moml.MoMLSimpleApplication@1f4062b3
reloadAllAccessors: .LevelCrossTest11

===========================================================================================
----------------- testing Sat Mar 16 03:44:14 UTC 2019 /home/travis/build/icyphy/ptII/ptolemy/actor/lib/test/auto/LevelCrossTest12.xml
----------------- Instantiating /home/travis/build/icyphy/ptII/ptolemy/actor/lib/test/auto/LevelCrossTest12.xml
1 ms. Memory: 1106944K Free: 676847K (61%)
----------------- Invoking toplevel() on ptolemy.moml.MoMLSimpleApplication@7097830d
----------------- Done invoking toplevel() on ptolemy.moml.MoMLSimpleApplication@7097830d
reloadAllAccessors: .LevelCrossTest12

===========================================================================================
----------------- testing Sat Mar 16 03:44:14 UTC 2019 /home/travis/build/icyphy/ptII/ptolemy/actor/lib/test/auto/LevelCrossTest13.xml
----------------- Instantiating /home/travis/build/icyphy/ptII/ptolemy/actor/lib/test/auto/LevelCrossTest13.xml
1 ms. Memory: 1106944K Free: 664950K (60%)
----------------- Invoking toplevel() on ptolemy.moml.MoMLSimpleApplication@195ee8ec
----------------- Done invoking toplevel() on ptolemy.moml.MoMLSimpleApplication@195ee8ec
reloadAllAccessors: .LevelCrossTest13

===========================================================================================
----------------- testing Sat Mar 16 03:44:14 UTC 2019 /home/travis/build/icyphy/ptII/ptolemy/actor/lib/test/auto/LevelCrossTest2.xml
----------------- Instantiating /home/travis/build/icyphy/ptII/ptolemy/actor/lib/test/auto/LevelCrossTest2.xml
1 ms. Memory: 1106944K Free: 652040K (59%)
----------------- Invoking toplevel() on ptolemy.moml.MoMLSimpleApplication@43b96e86
----------------- Done invoking toplevel() on ptolemy.moml.MoMLSimpleApplication@43b96e86
reloadAllAccessors: .broken

===========================================================================================
----------------- testing Sat Mar 16 03:44:14 UTC 2019 /home/travis/build/icyphy/ptII/ptolemy/actor/lib/test/auto/LevelCrossTest3.xml
----------------- Instantiating /home/travis/build/icyphy/ptII/ptolemy/actor/lib/test/auto/LevelCrossTest3.xml
1 ms. Memory: 1106944K Free: 640135K (58%)
----------------- Invoking toplevel() on ptolemy.moml.MoMLSimpleApplication@1d3a3300
----------------- Done invoking toplevel() on ptolemy.moml.MoMLSimpleApplication@1d3a3300
reloadAllAccessors: .LevelCrossTest3

===========================================================================================
----------------- testing Sat Mar 16 03:44:14 UTC 2019 /home/travis/build/icyphy/ptII/ptolemy/actor/lib/test/auto/LevelCrossTest4.xml
----------------- Instantiating /home/travis/build/icyphy/ptII/ptolemy/actor/lib/test/auto/LevelCrossTest4.xml
1 ms. Memory: 1106944K Free: 627225K (57%)
----------------- Invoking toplevel() on ptolemy.moml.MoMLSimpleApplication@733ca9bb
----------------- Done invoking toplevel() on ptolemy.moml.MoMLSimpleApplication@733ca9bb
reloadAllAccessors: .broken

===========================================================================================
----------------- testing Sat Mar 16 03:44:14 UTC 2019 /home/travis/build/icyphy/ptII/ptolemy/actor/lib/test/auto/LevelCrossTest5.xml
----------------- Instantiating /home/travis/build/icyphy/ptII/ptolemy/actor/lib/test/auto/LevelCrossTest5.xml
4 ms. Memory: 1106944K Free: 615328K (56%)
----------------- Invoking toplevel() on ptolemy.moml.MoMLSimpleApplication@5703fcb5
----------------- Done invoking toplevel() on ptolemy.moml.MoMLSimpleApplication@5703fcb5
reloadAllAccessors: .LevelCrossTest5

===========================================================================================
----------------- testing Sat Mar 16 03:44:14 UTC 2019 /home/travis/build/icyphy/ptII/ptolemy/actor/lib/test/auto/LevelCrossTest6.xml
----------------- Instantiating /home/travis/build/icyphy/ptII/ptolemy/actor/lib/test/auto/LevelCrossTest6.xml
1 ms. Memory: 1106944K Free: 598439K (54%)
----------------- Invoking toplevel() on ptolemy.moml.MoMLSimpleApplication@6181fabd
----------------- Done invoking toplevel() on ptolemy.moml.MoMLSimpleApplication@6181fabd
reloadAllAccessors: .LevelCrossTest6

===========================================================================================
----------------- testing Sat Mar 16 03:44:14 UTC 2019 /home/travis/build/icyphy/ptII/ptolemy/actor/lib/test/auto/LevelCrossTest7.xml
----------------- Instantiating /home/travis/build/icyphy/ptII/ptolemy/actor/lib/test/auto/LevelCrossTest7.xml
1 ms. Memory: 1106944K Free: 586534K (53%)
----------------- Invoking toplevel() on ptolemy.moml.MoMLSimpleApplication@42587192
----------------- Done invoking toplevel() on ptolemy.moml.MoMLSimpleApplication@42587192
reloadAllAccessors: .LevelCrossTest7

===========================================================================================
----------------- testing Sat Mar 16 03:44:14 UTC 2019 /home/travis/build/icyphy/ptII/ptolemy/actor/lib/test/auto/LevelCrossTest8.xml
----------------- Instantiating /home/travis/build/icyphy/ptII/ptolemy/actor/lib/test/auto/LevelCrossTest8.xml
1 ms. Memory: 1106944K Free: 569661K (51%)
----------------- Invoking toplevel() on ptolemy.moml.MoMLSimpleApplication@1861b16a
----------------- Done invoking toplevel() on ptolemy.moml.MoMLSimpleApplication@1861b16a
reloadAllAccessors: .LevelCrossTest8

===========================================================================================
----------------- testing Sat Mar 16 03:44:14 UTC 2019 /home/travis/build/icyphy/ptII/ptolemy/actor/lib/test/auto/LevelCrossTest9.xml
----------------- Instantiating /home/travis/build/icyphy/ptII/ptolemy/actor/lib/test/auto/LevelCrossTest9.xml
2 ms. Memory: 1106944K Free: 557773K (50%)
----------------- Invoking toplevel() on ptolemy.moml.MoMLSimpleApplication@68823566
----------------- Done invoking toplevel() on ptolemy.moml.MoMLSimpleApplication@68823566
reloadAllAccessors: .LevelCrossTest9

===========================================================================================
----------------- testing Sat Mar 16 03:44:14 UTC 2019 /home/travis/build/icyphy/ptII/ptolemy/actor/lib/test/auto/LevinsonDurbin.xml
----------------- Instantiating /home/travis/build/icyphy/ptII/ptolemy/actor/lib/test/auto/LevinsonDurbin.xml
1 ms. Memory: 1106944K Free: 544863K (49%)
----------------- Invoking toplevel() on ptolemy.moml.MoMLSimpleApplication@4e948918
----------------- Done invoking toplevel() on ptolemy.moml.MoMLSimpleApplication@4e948918
reloadAllAccessors: .LevinsonDurbin

===========================================================================================
----------------- testing Sat Mar 16 03:44:14 UTC 2019 /home/travis/build/icyphy/ptII/ptolemy/actor/lib/test/auto/LevinsonDurbin2.xml
----------------- Instantiating /home/travis/build/icyphy/ptII/ptolemy/actor/lib/test/auto/LevinsonDurbin2.xml
2 ms. Memory: 1106944K Free: 536937K (49%)
----------------- Invoking toplevel() on ptolemy.moml.MoMLSimpleApplication@29701090
----------------- Done invoking toplevel() on ptolemy.moml.MoMLSimpleApplication@29701090
reloadAllAccessors: .LevinsonDurbin2

===========================================================================================
----------------- testing Sat Mar 16 03:44:14 UTC 2019 /home/travis/build/icyphy/ptII/ptolemy/actor/lib/test/auto/LevinsonDurbin3.xml
----------------- Instantiating /home/travis/build/icyphy/ptII/ptolemy/actor/lib/test/auto/LevinsonDurbin3.xml
2 ms. Memory: 1106944K Free: 524027K (47%)
----------------- Invoking toplevel() on ptolemy.moml.MoMLSimpleApplication@2404e8b8
----------------- Done invoking toplevel() on ptolemy.moml.MoMLSimpleApplication@2404e8b8
reloadAllAccessors: .LevinsonDurbin3

===========================================================================================
----------------- testing Sat Mar 16 03:44:14 UTC 2019 /home/travis/build/icyphy/ptII/ptolemy/actor/lib/test/auto/Limiter.xml
----------------- Instantiating /home/travis/build/icyphy/ptII/ptolemy/actor/lib/test/auto/Limiter.xml
5 ms. Memory: 1106944K Free: 512122K (46%)
----------------- Invoking toplevel() on ptolemy.moml.MoMLSimpleApplication@6eb8407
----------------- Done invoking toplevel() on ptolemy.moml.MoMLSimpleApplication@6eb8407
reloadAllAccessors: .Limiter

===========================================================================================
----------------- testing Sat Mar 16 03:44:14 UTC 2019 /home/travis/build/icyphy/ptII/ptolemy/actor/lib/test/auto/LinearDifferenceEquationSystem.xml
----------------- Instantiating /home/travis/build/icyphy/ptII/ptolemy/actor/lib/test/auto/LinearDifferenceEquationSystem.xml
4 ms. Memory: 1106944K Free: 495233K (45%)
----------------- Invoking toplevel() on ptolemy.moml.MoMLSimpleApplication@5b435362
----------------- Done invoking toplevel() on ptolemy.moml.MoMLSimpleApplication@5b435362
reloadAllAccessors: .LinearDifferenceEquationSystem

===========================================================================================
----------------- testing Sat Mar 16 03:44:14 UTC 2019 /home/travis/build/icyphy/ptII/ptolemy/actor/lib/test/auto/LookupTable.xml
----------------- Instantiating /home/travis/build/icyphy/ptII/ptolemy/actor/lib/test/auto/LookupTable.xml
2 ms. Memory: 1106944K Free: 487307K (44%)
----------------- Invoking toplevel() on ptolemy.moml.MoMLSimpleApplication@33ed4502
----------------- Done invoking toplevel() on ptolemy.moml.MoMLSimpleApplication@33ed4502
reloadAllAccessors: .LookupTable

===========================================================================================
----------------- testing Sat Mar 16 03:44:14 UTC 2019 /home/travis/build/icyphy/ptII/ptolemy/actor/lib/test/auto/MathFunction.xml
----------------- Instantiating /home/travis/build/icyphy/ptII/ptolemy/actor/lib/test/auto/MathFunction.xml
2 ms. Memory: 1106944K Free: 470434K (42%)
----------------- Invoking toplevel() on ptolemy.moml.MoMLSimpleApplication@59645d7
----------------- Done invoking toplevel() on ptolemy.moml.MoMLSimpleApplication@59645d7
reloadAllAccessors: .MathFunction

===========================================================================================
----------------- testing Sat Mar 16 03:44:14 UTC 2019 /home/travis/build/icyphy/ptII/ptolemy/actor/lib/test/auto/MathFunction2.xml
----------------- Instantiating /home/travis/build/icyphy/ptII/ptolemy/actor/lib/test/auto/MathFunction2.xml
5 ms. Memory: 1106944K Free: 462508K (42%)
----------------- Invoking toplevel() on ptolemy.moml.MoMLSimpleApplication@6d677b68
----------------- Done invoking toplevel() on ptolemy.moml.MoMLSimpleApplication@6d677b68
reloadAllAccessors: .MathFunction2

===========================================================================================
----------------- testing Sat Mar 16 03:44:14 UTC 2019 /home/travis/build/icyphy/ptII/ptolemy/actor/lib/test/auto/MathFunction3.xml
----------------- Instantiating /home/travis/build/icyphy/ptII/ptolemy/actor/lib/test/auto/MathFunction3.xml
2 ms. Memory: 1106944K Free: 445619K (40%)
----------------- Invoking toplevel() on ptolemy.moml.MoMLSimpleApplication@14fd6d72
----------------- Done invoking toplevel() on ptolemy.moml.MoMLSimpleApplication@14fd6d72
reloadAllAccessors: .MathFunction3

===========================================================================================
----------------- testing Sat Mar 16 03:44:14 UTC 2019 /home/travis/build/icyphy/ptII/ptolemy/actor/lib/test/auto/MatrixCropBoolean.xml
----------------- Instantiating /home/travis/build/icyphy/ptII/ptolemy/actor/lib/test/auto/MatrixCropBoolean.xml
3 ms. Memory: 1106944K Free: 437693K (40%)
----------------- Invoking toplevel() on ptolemy.moml.MoMLSimpleApplication@b7f7a39
----------------- Done invoking toplevel() on ptolemy.moml.MoMLSimpleApplication@b7f7a39
reloadAllAccessors: .MatrixCropBoolean

===========================================================================================
----------------- testing Sat Mar 16 03:44:14 UTC 2019 /home/travis/build/icyphy/ptII/ptolemy/actor/lib/test/auto/MatrixCropComplex.xml
----------------- Instantiating /home/travis/build/icyphy/ptII/ptolemy/actor/lib/test/auto/MatrixCropComplex.xml
2 ms. Memory: 1106944K Free: 424783K (38%)
----------------- Invoking toplevel() on ptolemy.moml.MoMLSimpleApplication@35b1fd48
----------------- Done invoking toplevel() on ptolemy.moml.MoMLSimpleApplication@35b1fd48
reloadAllAccessors: .MatrixCropComplex

===========================================================================================
----------------- testing Sat Mar 16 03:44:14 UTC 2019 /home/travis/build/icyphy/ptII/ptolemy/actor/lib/test/auto/MatrixCropDouble.xml
----------------- Instantiating /home/travis/build/icyphy/ptII/ptolemy/actor/lib/test/auto/MatrixCropDouble.xml
2 ms. Memory: 1106944K Free: 416857K (38%)
----------------- Invoking toplevel() on ptolemy.moml.MoMLSimpleApplication@60df27ce
----------------- Done invoking toplevel() on ptolemy.moml.MoMLSimpleApplication@60df27ce
reloadAllAccessors: .MatrixCropDouble

===========================================================================================
----------------- testing Sat Mar 16 03:44:14 UTC 2019 /home/travis/build/icyphy/ptII/ptolemy/actor/lib/test/auto/MatrixCropFix.xml
----------------- Instantiating /home/travis/build/icyphy/ptII/ptolemy/actor/lib/test/auto/MatrixCropFix.xml
2 ms. Memory: 1106944K Free: 403945K (36%)
----------------- Invoking toplevel() on ptolemy.moml.MoMLSimpleApplication@56265c31
----------------- Done invoking toplevel() on ptolemy.moml.MoMLSimpleApplication@56265c31
reloadAllAccessors: .MatrixCropFix

===========================================================================================
----------------- testing Sat Mar 16 03:44:14 UTC 2019 /home/travis/build/icyphy/ptII/ptolemy/actor/lib/test/auto/MatrixCropInt.xml
----------------- Instantiating /home/travis/build/icyphy/ptII/ptolemy/actor/lib/test/auto/MatrixCropInt.xml
2 ms. Memory: 1106944K Free: 396019K (36%)
----------------- Invoking toplevel() on ptolemy.moml.MoMLSimpleApplication@2060609e
----------------- Done invoking toplevel() on ptolemy.moml.MoMLSimpleApplication@2060609e
reloadAllAccessors: .MatrixCropInt

===========================================================================================
----------------- testing Sat Mar 16 03:44:14 UTC 2019 /home/travis/build/icyphy/ptII/ptolemy/actor/lib/test/auto/MatrixCropLong.xml
----------------- Instantiating /home/travis/build/icyphy/ptII/ptolemy/actor/lib/test/auto/MatrixCropLong.xml
2 ms. Memory: 1106944K Free: 383109K (35%)
----------------- Invoking toplevel() on ptolemy.moml.MoMLSimpleApplication@2e2a64f0
----------------- Done invoking toplevel() on ptolemy.moml.MoMLSimpleApplication@2e2a64f0
reloadAllAccessors: .MatrixCropLong

===========================================================================================
----------------- testing Sat Mar 16 03:44:14 UTC 2019 /home/travis/build/icyphy/ptII/ptolemy/actor/lib/test/auto/MatrixToArray.xml
----------------- Instantiating /home/travis/build/icyphy/ptII/ptolemy/actor/lib/test/auto/MatrixToArray.xml
7 ms. Memory: 1106944K Free: 363278K (33%)
----------------- Invoking toplevel() on ptolemy.moml.MoMLSimpleApplication@3c73cdb1
----------------- Done invoking toplevel() on ptolemy.moml.MoMLSimpleApplication@3c73cdb1
reloadAllAccessors: .MatrixToArray

===========================================================================================
----------------- testing Sat Mar 16 03:44:14 UTC 2019 /home/travis/build/icyphy/ptII/ptolemy/actor/lib/test/auto/MaxIndex.xml
----------------- Instantiating /home/travis/build/icyphy/ptII/ptolemy/actor/lib/test/auto/MaxIndex.xml
2 ms. Memory: 1106944K Free: 350368K (32%)
----------------- Invoking toplevel() on ptolemy.moml.MoMLSimpleApplication@286b6b8f
----------------- Done invoking toplevel() on ptolemy.moml.MoMLSimpleApplication@286b6b8f
reloadAllAccessors: .MaxIndex

===========================================================================================
----------------- testing Sat Mar 16 03:44:14 UTC 2019 /home/travis/build/icyphy/ptII/ptolemy/actor/lib/test/auto/Maximum.xml
----------------- Instantiating /home/travis/build/icyphy/ptII/ptolemy/actor/lib/test/auto/Maximum.xml
6 ms. Memory: 1106944K Free: 342442K (31%)
----------------- Invoking toplevel() on ptolemy.moml.MoMLSimpleApplication@75057189
----------------- Done invoking toplevel() on ptolemy.moml.MoMLSimpleApplication@75057189
reloadAllAccessors: .Maximum

===========================================================================================
----------------- testing Sat Mar 16 03:44:14 UTC 2019 /home/travis/build/icyphy/ptII/ptolemy/actor/lib/test/auto/MaximumComplex.xml
----------------- Instantiating /home/travis/build/icyphy/ptII/ptolemy/actor/lib/test/auto/MaximumComplex.xml
4 ms. Memory: 1106944K Free: 329532K (30%)
----------------- Invoking toplevel() on ptolemy.moml.MoMLSimpleApplication@63380547
----------------- Done invoking toplevel() on ptolemy.moml.MoMLSimpleApplication@63380547
reloadAllAccessors: .MaximumComplex

===========================================================================================
----------------- testing Sat Mar 16 03:44:14 UTC 2019 /home/travis/build/icyphy/ptII/ptolemy/actor/lib/test/auto/MethodCallTest.xml
----------------- Instantiating /home/travis/build/icyphy/ptII/ptolemy/actor/lib/test/auto/MethodCallTest.xml
6 ms. Memory: 1106944K Free: 317644K (29%)
----------------- Invoking toplevel() on ptolemy.moml.MoMLSimpleApplication@404d23d2
----------------- Done invoking toplevel() on ptolemy.moml.MoMLSimpleApplication@404d23d2
reloadAllAccessors: .MethodCallTest

===========================================================================================
----------------- testing Sat Mar 16 03:44:14 UTC 2019 /home/travis/build/icyphy/ptII/ptolemy/actor/lib/test/auto/Minimum.xml
----------------- Instantiating /home/travis/build/icyphy/ptII/ptolemy/actor/lib/test/auto/Minimum.xml
2 ms. Memory: 1106944K Free: 304733K (28%)
----------------- Invoking toplevel() on ptolemy.moml.MoMLSimpleApplication@3f94a60c
----------------- Done invoking toplevel() on ptolemy.moml.MoMLSimpleApplication@3f94a60c
reloadAllAccessors: .Minimum

===========================================================================================
----------------- testing Sat Mar 16 03:44:14 UTC 2019 /home/travis/build/icyphy/ptII/ptolemy/actor/lib/test/auto/MinimumComplex.xml
----------------- Instantiating /home/travis/build/icyphy/ptII/ptolemy/actor/lib/test/auto/MinimumComplex.xml
4 ms. Memory: 1106944K Free: 296808K (27%)
----------------- Invoking toplevel() on ptolemy.moml.MoMLSimpleApplication@239f89b7
----------------- Done invoking toplevel() on ptolemy.moml.MoMLSimpleApplication@239f89b7
reloadAllAccessors: .MinimumComplex

===========================================================================================
----------------- testing Sat Mar 16 03:44:14 UTC 2019 /home/travis/build/icyphy/ptII/ptolemy/actor/lib/test/auto/MinimumMultiports.xml
----------------- Instantiating /home/travis/build/icyphy/ptII/ptolemy/actor/lib/test/auto/MinimumMultiports.xml
5 ms. Memory: 1106944K Free: 279919K (25%)
----------------- Invoking toplevel() on ptolemy.moml.MoMLSimpleApplication@7b017eb7
----------------- Done invoking toplevel() on ptolemy.moml.MoMLSimpleApplication@7b017eb7
reloadAllAccessors: .MinimumMultiports

===========================================================================================
----------------- testing Sat Mar 16 03:44:15 UTC 2019 /home/travis/build/icyphy/ptII/ptolemy/actor/lib/test/auto/ModifyDate.xml
----------------- Instantiating /home/travis/build/icyphy/ptII/ptolemy/actor/lib/test/auto/ModifyDate.xml
7 ms. Memory: 1106944K Free: 264067K (24%)
----------------- Invoking toplevel() on ptolemy.moml.MoMLSimpleApplication@ad631cf
----------------- Done invoking toplevel() on ptolemy.moml.MoMLSimpleApplication@ad631cf
reloadAllAccessors: .ModifyDate

===========================================================================================
----------------- testing Sat Mar 16 03:44:15 UTC 2019 /home/travis/build/icyphy/ptII/ptolemy/actor/lib/test/auto/ModifyDate2.xml
----------------- Instantiating /home/travis/build/icyphy/ptII/ptolemy/actor/lib/test/auto/ModifyDate2.xml
3 ms. Memory: 1106944K Free: 243230K (22%)
----------------- Invoking toplevel() on ptolemy.moml.MoMLSimpleApplication@51b0f8f6
----------------- Done invoking toplevel() on ptolemy.moml.MoMLSimpleApplication@51b0f8f6
reloadAllAccessors: .ModifyDate2

===========================================================================================
----------------- testing Sat Mar 16 03:44:15 UTC 2019 /home/travis/build/icyphy/ptII/ptolemy/actor/lib/test/auto/MovingAverage.xml
----------------- Instantiating /home/travis/build/icyphy/ptII/ptolemy/actor/lib/test/auto/MovingAverage.xml
2 ms. Memory: 1106944K Free: 235304K (21%)
----------------- Invoking toplevel() on ptolemy.moml.MoMLSimpleApplication@62808b72
----------------- Done invoking toplevel() on ptolemy.moml.MoMLSimpleApplication@62808b72
reloadAllAccessors: .MovingAverage

===========================================================================================
----------------- testing Sat Mar 16 03:44:15 UTC 2019 /home/travis/build/icyphy/ptII/ptolemy/actor/lib/test/auto/MovingMaximum.xml
----------------- Instantiating /home/travis/build/icyphy/ptII/ptolemy/actor/lib/test/auto/MovingMaximum.xml
2 ms. Memory: 1106944K Free: 222394K (20%)
----------------- Invoking toplevel() on ptolemy.moml.MoMLSimpleApplication@7e4c957e
----------------- Done invoking toplevel() on ptolemy.moml.MoMLSimpleApplication@7e4c957e
reloadAllAccessors: .MovingMaximum

===========================================================================================
----------------- testing Sat Mar 16 03:44:15 UTC 2019 /home/travis/build/icyphy/ptII/ptolemy/actor/lib/test/auto/MultipleLinksToSameRelation.xml
----------------- Instantiating /home/travis/build/icyphy/ptII/ptolemy/actor/lib/test/auto/MultipleLinksToSameRelation.xml
2 ms. Memory: 1106944K Free: 214468K (19%)
----------------- Invoking toplevel() on ptolemy.moml.MoMLSimpleApplication@bc7967c
----------------- Done invoking toplevel() on ptolemy.moml.MoMLSimpleApplication@bc7967c
reloadAllAccessors: .MultipleLinksToSameRelation

===========================================================================================
----------------- testing Sat Mar 16 03:44:15 UTC 2019 /home/travis/build/icyphy/ptII/ptolemy/actor/lib/test/auto/MultipleLinksToSameRelationDE.xml
----------------- Instantiating /home/travis/build/icyphy/ptII/ptolemy/actor/lib/test/auto/MultipleLinksToSameRelationDE.xml
2 ms. Memory: 1106944K Free: 201558K (18%)
----------------- Invoking toplevel() on ptolemy.moml.MoMLSimpleApplication@361c17f0
----------------- Done invoking toplevel() on ptolemy.moml.MoMLSimpleApplication@361c17f0
reloadAllAccessors: .MultipleLinksToSameRelationDE

===========================================================================================
----------------- testing Sat Mar 16 03:44:15 UTC 2019 /home/travis/build/icyphy/ptII/ptolemy/actor/lib/test/auto/Multiplexor.xml
----------------- Instantiating /home/travis/build/icyphy/ptII/ptolemy/actor/lib/test/auto/Multiplexor.xml
2 ms. Memory: 1106944K Free: 193633K (17%)
----------------- Invoking toplevel() on ptolemy.moml.MoMLSimpleApplication@629bf072
----------------- Done invoking toplevel() on ptolemy.moml.MoMLSimpleApplication@629bf072
reloadAllAccessors: .Multiplexor

===========================================================================================
----------------- testing Sat Mar 16 03:44:15 UTC 2019 /home/travis/build/icyphy/ptII/ptolemy/actor/lib/test/auto/Multiplexor1.xml
----------------- Instantiating /home/travis/build/icyphy/ptII/ptolemy/actor/lib/test/auto/Multiplexor1.xml
2 ms. Memory: 1106944K Free: 180722K (16%)
----------------- Invoking toplevel() on ptolemy.moml.MoMLSimpleApplication@1e3fb7ad
----------------- Done invoking toplevel() on ptolemy.moml.MoMLSimpleApplication@1e3fb7ad
reloadAllAccessors: .Multiplexor1

===========================================================================================
----------------- testing Sat Mar 16 03:44:15 UTC 2019 /home/travis/build/icyphy/ptII/ptolemy/actor/lib/test/auto/Multiplexor2.xml
----------------- Instantiating /home/travis/build/icyphy/ptII/ptolemy/actor/lib/test/auto/Multiplexor2.xml
6 ms. Memory: 1106944K Free: 168826K (15%)
----------------- Invoking toplevel() on ptolemy.moml.MoMLSimpleApplication@7d786731
----------------- Done invoking toplevel() on ptolemy.moml.MoMLSimpleApplication@7d786731
reloadAllAccessors: .Multiplexor2

===========================================================================================
----------------- testing Sat Mar 16 03:44:15 UTC 2019 /home/travis/build/icyphy/ptII/ptolemy/actor/lib/test/auto/Multiplexor3.xml
----------------- Instantiating /home/travis/build/icyphy/ptII/ptolemy/actor/lib/test/auto/Multiplexor3.xml
2 ms. Memory: 1106944K Free: 155916K (14%)
----------------- Invoking toplevel() on ptolemy.moml.MoMLSimpleApplication@60d5f843
----------------- Done invoking toplevel() on ptolemy.moml.MoMLSimpleApplication@60d5f843
reloadAllAccessors: .Multiplexor3

===========================================================================================
----------------- testing Sat Mar 16 03:44:15 UTC 2019 /home/travis/build/icyphy/ptII/ptolemy/actor/lib/test/auto/MultiplexorDE.xml
----------------- Instantiating /home/travis/build/icyphy/ptII/ptolemy/actor/lib/test/auto/MultiplexorDE.xml
2 ms. Memory: 1106944K Free: 144019K (13%)
----------------- Invoking toplevel() on ptolemy.moml.MoMLSimpleApplication@722d10d5
----------------- Done invoking toplevel() on ptolemy.moml.MoMLSimpleApplication@722d10d5
reloadAllAccessors: .MultiplexorDE

===========================================================================================
----------------- testing Sat Mar 16 03:44:15 UTC 2019 /home/travis/build/icyphy/ptII/ptolemy/actor/lib/test/auto/MultiportBroadcastTest.xml
----------------- Instantiating /home/travis/build/icyphy/ptII/ptolemy/actor/lib/test/auto/MultiportBroadcastTest.xml
97 ms. Memory: 1106944K Free: 131109K (12%)
----------------- Invoking toplevel() on ptolemy.moml.MoMLSimpleApplication@2f6bdea2
----------------- Done invoking toplevel() on ptolemy.moml.MoMLSimpleApplication@2f6bdea2
reloadAllAccessors: .MultiportBroadcastTest

===========================================================================================
----------------- testing Sat Mar 16 03:44:15 UTC 2019 /home/travis/build/icyphy/ptII/ptolemy/actor/lib/test/auto/MultiportOutHangDuringGetWidth.xml
----------------- Instantiating /home/travis/build/icyphy/ptII/ptolemy/actor/lib/test/auto/MultiportOutHangDuringGetWidth.xml
5 ms. Memory: 1106944K Free: 115233K (10%)
----------------- Invoking toplevel() on ptolemy.moml.MoMLSimpleApplication@fbdcd64
----------------- Done invoking toplevel() on ptolemy.moml.MoMLSimpleApplication@fbdcd64
reloadAllAccessors: .MultiportOutHangDuringGetWidth

===========================================================================================
----------------- testing Sat Mar 16 03:44:15 UTC 2019 /home/travis/build/icyphy/ptII/ptolemy/actor/lib/test/auto/NilToken.xml
----------------- Instantiating /home/travis/build/icyphy/ptII/ptolemy/actor/lib/test/auto/NilToken.xml
2 ms. Memory: 1106944K Free: 102323K (9%)
----------------- Invoking toplevel() on ptolemy.moml.MoMLSimpleApplication@730b68cb
----------------- Done invoking toplevel() on ptolemy.moml.MoMLSimpleApplication@730b68cb
reloadAllAccessors: .NilToken

===========================================================================================
----------------- testing Sat Mar 16 03:44:15 UTC 2019 /home/travis/build/icyphy/ptII/ptolemy/actor/lib/test/auto/NilTokenNonStrictTest.xml
----------------- Instantiating /home/travis/build/icyphy/ptII/ptolemy/actor/lib/test/auto/NilTokenNonStrictTest.xml
2 ms. Memory: 1106944K Free: 94397K (9%)
----------------- Invoking toplevel() on ptolemy.moml.MoMLSimpleApplication@46668fc9
----------------- Done invoking toplevel() on ptolemy.moml.MoMLSimpleApplication@46668fc9
reloadAllAccessors: .NilTokenNonStrictTest

===========================================================================================
----------------- testing Sat Mar 16 03:44:15 UTC 2019 /home/travis/build/icyphy/ptII/ptolemy/actor/lib/test/auto/NilTokenRecord.xml
----------------- Instantiating /home/travis/build/icyphy/ptII/ptolemy/actor/lib/test/auto/NilTokenRecord.xml
5 ms. Memory: 1106944K Free: 78024K (7%)
----------------- Invoking toplevel() on ptolemy.moml.MoMLSimpleApplication@3548b794
----------------- Done invoking toplevel() on ptolemy.moml.MoMLSimpleApplication@3548b794
reloadAllAccessors: .NilTokenRecord

===========================================================================================
----------------- testing Sat Mar 16 03:44:15 UTC 2019 /home/travis/build/icyphy/ptII/ptolemy/actor/lib/test/auto/NilTokenTypeTest.xml
----------------- Instantiating /home/travis/build/icyphy/ptII/ptolemy/actor/lib/test/auto/NilTokenTypeTest.xml
4 ms. Memory: 1213952K Free: 1160807K (96%)
----------------- Invoking toplevel() on ptolemy.moml.MoMLSimpleApplication@2b47fa74
----------------- Done invoking toplevel() on ptolemy.moml.MoMLSimpleApplication@2b47fa74
reloadAllAccessors: .NilTokenTypeTest

===========================================================================================
----------------- testing Sat Mar 16 03:44:15 UTC 2019 /home/travis/build/icyphy/ptII/ptolemy/actor/lib/test/auto/ObjectToken1.xml
----------------- Instantiating /home/travis/build/icyphy/ptII/ptolemy/actor/lib/test/auto/ObjectToken1.xml
2 ms. Memory: 1213952K Free: 1144486K (94%)
----------------- Invoking toplevel() on ptolemy.moml.MoMLSimpleApplication@383adc53
----------------- Done invoking toplevel() on ptolemy.moml.MoMLSimpleApplication@383adc53
reloadAllAccessors: .ObjectToken1

===========================================================================================
----------------- testing Sat Mar 16 03:44:15 UTC 2019 /home/travis/build/icyphy/ptII/ptolemy/actor/lib/test/auto/OrderedMerge.xml
----------------- Instantiating /home/travis/build/icyphy/ptII/ptolemy/actor/lib/test/auto/OrderedMerge.xml
5 ms. Memory: 1213952K Free: 1111124K (92%)
----------------- Invoking toplevel() on ptolemy.moml.MoMLSimpleApplication@2284780e
----------------- Done invoking toplevel() on ptolemy.moml.MoMLSimpleApplication@2284780e
reloadAllAccessors: .OrderedMerge

===========================================================================================
----------------- testing Sat Mar 16 03:44:15 UTC 2019 /home/travis/build/icyphy/ptII/ptolemy/actor/lib/test/auto/OrderedRecordDisassembler.xml
----------------- Instantiating /home/travis/build/icyphy/ptII/ptolemy/actor/lib/test/auto/OrderedRecordDisassembler.xml
3 ms. Memory: 1213952K Free: 1094804K (90%)
----------------- Invoking toplevel() on ptolemy.moml.MoMLSimpleApplication@6c372688
----------------- Done invoking toplevel() on ptolemy.moml.MoMLSimpleApplication@6c372688
reloadAllAccessors: .OrderedRecordDisassembler

===========================================================================================
----------------- testing Sat Mar 16 03:44:15 UTC 2019 /home/travis/build/icyphy/ptII/ptolemy/actor/lib/test/auto/OrderedRecordDisassembler2.xml
----------------- Instantiating /home/travis/build/icyphy/ptII/ptolemy/actor/lib/test/auto/OrderedRecordDisassembler2.xml
4 ms. Memory: 1213952K Free: 1083683K (89%)
----------------- Invoking toplevel() on ptolemy.moml.MoMLSimpleApplication@5202914
----------------- Done invoking toplevel() on ptolemy.moml.MoMLSimpleApplication@5202914
reloadAllAccessors: .OrderedRecordDisassembler2

===========================================================================================
----------------- testing Sat Mar 16 03:44:15 UTC 2019 /home/travis/build/icyphy/ptII/ptolemy/actor/lib/test/auto/OrderedRecordUpdater.xml
----------------- Instantiating /home/travis/build/icyphy/ptII/ptolemy/actor/lib/test/auto/OrderedRecordUpdater.xml
2 ms. Memory: 1213952K Free: 1067345K (88%)
----------------- Invoking toplevel() on ptolemy.moml.MoMLSimpleApplication@215867bb
----------------- Done invoking toplevel() on ptolemy.moml.MoMLSimpleApplication@215867bb
reloadAllAccessors: .RecordUpdater

===========================================================================================
----------------- testing Sat Mar 16 03:44:15 UTC 2019 /home/travis/build/icyphy/ptII/ptolemy/actor/lib/test/auto/OrderedRecordUpdater2.xml
----------------- Instantiating /home/travis/build/icyphy/ptII/ptolemy/actor/lib/test/auto/OrderedRecordUpdater2.xml
2 ms. Memory: 1213952K Free: 1056224K (87%)
----------------- Invoking toplevel() on ptolemy.moml.MoMLSimpleApplication@589624a4
----------------- Done invoking toplevel() on ptolemy.moml.MoMLSimpleApplication@589624a4
reloadAllAccessors: .RecordUpdater2

===========================================================================================
----------------- testing Sat Mar 16 03:44:15 UTC 2019 /home/travis/build/icyphy/ptII/ptolemy/actor/lib/test/auto/PhaseUnwrap.xml
----------------- Instantiating /home/travis/build/icyphy/ptII/ptolemy/actor/lib/test/auto/PhaseUnwrap.xml
2 ms. Memory: 1213952K Free: 1039903K (86%)
----------------- Invoking toplevel() on ptolemy.moml.MoMLSimpleApplication@1b8e6067
----------------- Done invoking toplevel() on ptolemy.moml.MoMLSimpleApplication@1b8e6067
reloadAllAccessors: .PhaseUnwrap

===========================================================================================
----------------- testing Sat Mar 16 03:44:15 UTC 2019 /home/travis/build/icyphy/ptII/ptolemy/actor/lib/test/auto/PoissonClock.xml
----------------- Instantiating /home/travis/build/icyphy/ptII/ptolemy/actor/lib/test/auto/PoissonClock.xml
1 ms. Memory: 1213952K Free: 1028782K (85%)
----------------- Invoking toplevel() on ptolemy.moml.MoMLSimpleApplication@2acffa8f
----------------- Done invoking toplevel() on ptolemy.moml.MoMLSimpleApplication@2acffa8f
reloadAllAccessors: .PoissonClock

===========================================================================================
----------------- testing Sat Mar 16 03:44:15 UTC 2019 /home/travis/build/icyphy/ptII/ptolemy/actor/lib/test/auto/PoissonClock2.xml
----------------- Instantiating /home/travis/build/icyphy/ptII/ptolemy/actor/lib/test/auto/PoissonClock2.xml
1 ms. Memory: 1213952K Free: 1012462K (83%)
----------------- Invoking toplevel() on ptolemy.moml.MoMLSimpleApplication@4d001264
----------------- Done invoking toplevel() on ptolemy.moml.MoMLSimpleApplication@4d001264
reloadAllAccessors: .PoissonClock2

===========================================================================================
----------------- testing Sat Mar 16 03:44:15 UTC 2019 /home/travis/build/icyphy/ptII/ptolemy/actor/lib/test/auto/PoissonClock3.xml
----------------- Instantiating /home/travis/build/icyphy/ptII/ptolemy/actor/lib/test/auto/PoissonClock3.xml
1 ms. Memory: 1213952K Free: 1001341K (82%)
----------------- Invoking toplevel() on ptolemy.moml.MoMLSimpleApplication@4b0cd57c
----------------- Done invoking toplevel() on ptolemy.moml.MoMLSimpleApplication@4b0cd57c
reloadAllAccessors: .PoissonClock3

===========================================================================================
----------------- testing Sat Mar 16 03:44:15 UTC 2019 /home/travis/build/icyphy/ptII/ptolemy/actor/lib/test/auto/PubSubWithInitialTokens.xml
----------------- Instantiating /home/travis/build/icyphy/ptII/ptolemy/actor/lib/test/auto/PubSubWithInitialTokens.xml
2 ms. Memory: 1213952K Free: 985021K (81%)
----------------- Invoking toplevel() on ptolemy.moml.MoMLSimpleApplication@12791792
----------------- Done invoking toplevel() on ptolemy.moml.MoMLSimpleApplication@12791792
reloadAllAccessors: .PubSubWithInitialTokens

===========================================================================================
----------------- testing Sat Mar 16 03:44:15 UTC 2019 /home/travis/build/icyphy/ptII/ptolemy/actor/lib/test/auto/PubSubWithInitialTokens2.xml
----------------- Instantiating /home/travis/build/icyphy/ptII/ptolemy/actor/lib/test/auto/PubSubWithInitialTokens2.xml
2 ms. Memory: 1213952K Free: 973900K (80%)
----------------- Invoking toplevel() on ptolemy.moml.MoMLSimpleApplication@43474faf
----------------- Done invoking toplevel() on ptolemy.moml.MoMLSimpleApplication@43474faf
reloadAllAccessors: .PubSubWithInitialTokens2

===========================================================================================
----------------- testing Sat Mar 16 03:44:15 UTC 2019 /home/travis/build/icyphy/ptII/ptolemy/actor/lib/test/auto/PublisherClassNoParameter.xml
----------------- Instantiating /home/travis/build/icyphy/ptII/ptolemy/actor/lib/test/auto/PublisherClassNoParameter.xml
2 ms. Memory: 1213952K Free: 952019K (78%)
----------------- Invoking toplevel() on ptolemy.moml.MoMLSimpleApplication@384079cc
----------------- Done invoking toplevel() on ptolemy.moml.MoMLSimpleApplication@384079cc
reloadAllAccessors: .PublisherClassNoParameter

===========================================================================================
----------------- testing Sat Mar 16 03:44:15 UTC 2019 /home/travis/build/icyphy/ptII/ptolemy/actor/lib/test/auto/PublisherClassParameter.xml
----------------- Instantiating /home/travis/build/icyphy/ptII/ptolemy/actor/lib/test/auto/PublisherClassParameter.xml
2 ms. Memory: 1213952K Free: 935322K (77%)
----------------- Invoking toplevel() on ptolemy.moml.MoMLSimpleApplication@2484511e
----------------- Done invoking toplevel() on ptolemy.moml.MoMLSimpleApplication@2484511e
reloadAllAccessors: .PublisherClassParameter

===========================================================================================
----------------- testing Sat Mar 16 03:44:15 UTC 2019 /home/travis/build/icyphy/ptII/ptolemy/actor/lib/test/auto/PublisherNonStrictTest.xml
----------------- Instantiating /home/travis/build/icyphy/ptII/ptolemy/actor/lib/test/auto/PublisherNonStrictTest.xml
3 ms. Memory: 1213952K Free: 919002K (76%)
----------------- Invoking toplevel() on ptolemy.moml.MoMLSimpleApplication@248c5934
----------------- Done invoking toplevel() on ptolemy.moml.MoMLSimpleApplication@248c5934
reloadAllAccessors: .PublisherNonStrictTest

===========================================================================================
----------------- testing Sat Mar 16 03:44:15 UTC 2019 /home/travis/build/icyphy/ptII/ptolemy/actor/lib/test/auto/PublisherPort1.xml
----------------- Instantiating /home/travis/build/icyphy/ptII/ptolemy/actor/lib/test/auto/PublisherPort1.xml
3 ms. Memory: 1213952K Free: 907881K (75%)
----------------- Invoking toplevel() on ptolemy.moml.MoMLSimpleApplication@5e3aad58
----------------- Done invoking toplevel() on ptolemy.moml.MoMLSimpleApplication@5e3aad58
reloadAllAccessors: .PublisherPort1

===========================================================================================
----------------- testing Sat Mar 16 03:44:15 UTC 2019 /home/travis/build/icyphy/ptII/ptolemy/actor/lib/test/auto/PublisherPort2.xml
----------------- Instantiating /home/travis/build/icyphy/ptII/ptolemy/actor/lib/test/auto/PublisherPort2.xml
1 ms. Memory: 1213952K Free: 891561K (73%)
----------------- Invoking toplevel() on ptolemy.moml.MoMLSimpleApplication@629077e1
----------------- Done invoking toplevel() on ptolemy.moml.MoMLSimpleApplication@629077e1
reloadAllAccessors: .PublisherPort2

===========================================================================================
----------------- testing Sat Mar 16 03:44:15 UTC 2019 /home/travis/build/icyphy/ptII/ptolemy/actor/lib/test/auto/PublisherPort3.xml
----------------- Instantiating /home/travis/build/icyphy/ptII/ptolemy/actor/lib/test/auto/PublisherPort3.xml
3 ms. Memory: 1213952K Free: 880440K (73%)
----------------- Invoking toplevel() on ptolemy.moml.MoMLSimpleApplication@25e4c75b
----------------- Done invoking toplevel() on ptolemy.moml.MoMLSimpleApplication@25e4c75b
reloadAllAccessors: .PublisherPort3

===========================================================================================
----------------- testing Sat Mar 16 03:44:15 UTC 2019 /home/travis/build/icyphy/ptII/ptolemy/actor/lib/test/auto/PublisherPort4.xml
----------------- Instantiating /home/travis/build/icyphy/ptII/ptolemy/actor/lib/test/auto/PublisherPort4.xml
2 ms. Memory: 1213952K Free: 864119K (71%)
----------------- Invoking toplevel() on ptolemy.moml.MoMLSimpleApplication@2c5c6c36
----------------- Done invoking toplevel() on ptolemy.moml.MoMLSimpleApplication@2c5c6c36
reloadAllAccessors: .PublisherPort4

===========================================================================================
----------------- testing Sat Mar 16 03:44:15 UTC 2019 /home/travis/build/icyphy/ptII/ptolemy/actor/lib/test/auto/PublisherPort5.xml
----------------- Instantiating /home/travis/build/icyphy/ptII/ptolemy/actor/lib/test/auto/PublisherPort5.xml
3 ms. Memory: 1213952K Free: 852998K (70%)
----------------- Invoking toplevel() on ptolemy.moml.MoMLSimpleApplication@232f6bb7
----------------- Done invoking toplevel() on ptolemy.moml.MoMLSimpleApplication@232f6bb7
reloadAllAccessors: .PublisherPort5

===========================================================================================
----------------- testing Sat Mar 16 03:44:15 UTC 2019 /home/travis/build/icyphy/ptII/ptolemy/actor/lib/test/auto/PublisherPort5LookAlike.xml
----------------- Instantiating /home/travis/build/icyphy/ptII/ptolemy/actor/lib/test/auto/PublisherPort5LookAlike.xml
3 ms. Memory: 1213952K Free: 836678K (69%)
----------------- Invoking toplevel() on ptolemy.moml.MoMLSimpleApplication@50bd8ce3
----------------- Done invoking toplevel() on ptolemy.moml.MoMLSimpleApplication@50bd8ce3
reloadAllAccessors: .PublisherPort5LookAlike

===========================================================================================
----------------- testing Sat Mar 16 03:44:15 UTC 2019 /home/travis/build/icyphy/ptII/ptolemy/actor/lib/test/auto/PublisherPort6.xml
----------------- Instantiating /home/travis/build/icyphy/ptII/ptolemy/actor/lib/test/auto/PublisherPort6.xml
2 ms. Memory: 1213952K Free: 825557K (68%)
----------------- Invoking toplevel() on ptolemy.moml.MoMLSimpleApplication@160b6f7a
----------------- Done invoking toplevel() on ptolemy.moml.MoMLSimpleApplication@160b6f7a
reloadAllAccessors: .PublisherPort6

===========================================================================================
----------------- testing Sat Mar 16 03:44:15 UTC 2019 /home/travis/build/icyphy/ptII/ptolemy/actor/lib/test/auto/PublisherPort7.xml
----------------- Instantiating /home/travis/build/icyphy/ptII/ptolemy/actor/lib/test/auto/PublisherPort7.xml
4 ms. Memory: 1213952K Free: 809237K (67%)
----------------- Invoking toplevel() on ptolemy.moml.MoMLSimpleApplication@67c672a4
----------------- Done invoking toplevel() on ptolemy.moml.MoMLSimpleApplication@67c672a4
reloadAllAccessors: .PublisherPort7

===========================================================================================
----------------- testing Sat Mar 16 03:44:15 UTC 2019 /home/travis/build/icyphy/ptII/ptolemy/actor/lib/test/auto/PublisherPort8.xml
----------------- Instantiating /home/travis/build/icyphy/ptII/ptolemy/actor/lib/test/auto/PublisherPort8.xml
4 ms. Memory: 1213952K Free: 798116K (66%)
----------------- Invoking toplevel() on ptolemy.moml.MoMLSimpleApplication@51aecbe5
----------------- Done invoking toplevel() on ptolemy.moml.MoMLSimpleApplication@51aecbe5
reloadAllAccessors: .PublisherPort8

===========================================================================================
----------------- testing Sat Mar 16 03:44:16 UTC 2019 /home/travis/build/icyphy/ptII/ptolemy/actor/lib/test/auto/PublisherPortSubscriberChannelVariablesAOC2.xml
----------------- Instantiating /home/travis/build/icyphy/ptII/ptolemy/actor/lib/test/auto/PublisherPortSubscriberChannelVariablesAOC2.xml
3 ms. Memory: 1213952K Free: 770659K (63%)
----------------- Invoking toplevel() on ptolemy.moml.MoMLSimpleApplication@25d8aaa1
----------------- Done invoking toplevel() on ptolemy.moml.MoMLSimpleApplication@25d8aaa1
reloadAllAccessors: .PublisherPortSubscriberChannelVariablesAOC2

===========================================================================================
----------------- testing Sat Mar 16 03:44:16 UTC 2019 /home/travis/build/icyphy/ptII/ptolemy/actor/lib/test/auto/PublisherPortSubscriberOpaqueWidthInference.xml
----------------- Instantiating /home/travis/build/icyphy/ptII/ptolemy/actor/lib/test/auto/PublisherPortSubscriberOpaqueWidthInference.xml
4 ms. Memory: 1213952K Free: 759538K (63%)
----------------- Invoking toplevel() on ptolemy.moml.MoMLSimpleApplication@5fc58e68
----------------- Done invoking toplevel() on ptolemy.moml.MoMLSimpleApplication@5fc58e68
reloadAllAccessors: .PublisherPortSubscriberOpaqueWidthInference

===========================================================================================
----------------- testing Sat Mar 16 03:44:16 UTC 2019 /home/travis/build/icyphy/ptII/ptolemy/actor/lib/test/auto/PublisherPortSubscriberPortAdjacent.xml
----------------- Instantiating /home/travis/build/icyphy/ptII/ptolemy/actor/lib/test/auto/PublisherPortSubscriberPortAdjacent.xml
2 ms. Memory: 1213952K Free: 737641K (61%)
----------------- Invoking toplevel() on ptolemy.moml.MoMLSimpleApplication@52d1c44e
----------------- Done invoking toplevel() on ptolemy.moml.MoMLSimpleApplication@52d1c44e
reloadAllAccessors: .PublisherPortSubscriberPortAdjacent

===========================================================================================
----------------- testing Sat Mar 16 03:44:16 UTC 2019 /home/travis/build/icyphy/ptII/ptolemy/actor/lib/test/auto/PublisherPortSubscriberPortExpression.xml
----------------- Instantiating /home/travis/build/icyphy/ptII/ptolemy/actor/lib/test/auto/PublisherPortSubscriberPortExpression.xml
3 ms. Memory: 1213952K Free: 726521K (60%)
----------------- Invoking toplevel() on ptolemy.moml.MoMLSimpleApplication@426f74c0
----------------- Done invoking toplevel() on ptolemy.moml.MoMLSimpleApplication@426f74c0
reloadAllAccessors: .PublisherPortSubscriberPortExpression

===========================================================================================
----------------- testing Sat Mar 16 03:44:16 UTC 2019 /home/travis/build/icyphy/ptII/ptolemy/actor/lib/test/auto/PublisherPortSubscriberPortOpaqueD3Reverse.xml
----------------- Instantiating /home/travis/build/icyphy/ptII/ptolemy/actor/lib/test/auto/PublisherPortSubscriberPortOpaqueD3Reverse.xml
6 ms. Memory: 1213952K Free: 709824K (58%)
----------------- Invoking toplevel() on ptolemy.moml.MoMLSimpleApplication@646948ba
----------------- Done invoking toplevel() on ptolemy.moml.MoMLSimpleApplication@646948ba
reloadAllAccessors: .PublisherPortSubscriberPortOpaqueD3Reverse

===========================================================================================
----------------- testing Sat Mar 16 03:44:16 UTC 2019 /home/travis/build/icyphy/ptII/ptolemy/actor/lib/test/auto/PublisherPortSubscriberPortOpaqueWidthInference.xml
----------------- Instantiating /home/travis/build/icyphy/ptII/ptolemy/actor/lib/test/auto/PublisherPortSubscriberPortOpaqueWidthInference.xml
4 ms. Memory: 1213952K Free: 693503K (57%)
----------------- Invoking toplevel() on ptolemy.moml.MoMLSimpleApplication@2947d9ae
----------------- Done invoking toplevel() on ptolemy.moml.MoMLSimpleApplication@2947d9ae
reloadAllAccessors: .PublisherPortSubscriberPortOpaqueWidthInference

===========================================================================================
----------------- testing Sat Mar 16 03:44:16 UTC 2019 /home/travis/build/icyphy/ptII/ptolemy/actor/lib/test/auto/PublisherPortToplevelSubscriberPortAOC.xml
----------------- Instantiating /home/travis/build/icyphy/ptII/ptolemy/actor/lib/test/auto/PublisherPortToplevelSubscriberPortAOC.xml
.PublisherPortToplevelSubscriberPortAOC.TestExceptionAttribute: initialize() was not invoked, but wrapup() was.  This is unusual, but not always a problem.  For example, exporting JNLP will do this.
0 ms. Memory: 1213952K Free: 682383K (56%)
----------------- Invoking toplevel() on ptolemy.moml.MoMLSimpleApplication@650fad5a
----------------- Done invoking toplevel() on ptolemy.moml.MoMLSimpleApplication@650fad5a
reloadAllAccessors: .PublisherPortToplevelSubscriberPortAOC

===========================================================================================
----------------- testing Sat Mar 16 03:44:16 UTC 2019 /home/travis/build/icyphy/ptII/ptolemy/actor/lib/test/auto/PublisherSubscriber.xml
----------------- Instantiating /home/travis/build/icyphy/ptII/ptolemy/actor/lib/test/auto/PublisherSubscriber.xml
3 ms. Memory: 1213952K Free: 666062K (55%)
----------------- Invoking toplevel() on ptolemy.moml.MoMLSimpleApplication@6337c546
----------------- Done invoking toplevel() on ptolemy.moml.MoMLSimpleApplication@6337c546
reloadAllAccessors: .PublisherSubscriber

===========================================================================================
----------------- testing Sat Mar 16 03:44:16 UTC 2019 /home/travis/build/icyphy/ptII/ptolemy/actor/lib/test/auto/PublisherSubscriber10.xml
----------------- Instantiating /home/travis/build/icyphy/ptII/ptolemy/actor/lib/test/auto/PublisherSubscriber10.xml
5 ms. Memory: 1213952K Free: 649365K (53%)
----------------- Invoking toplevel() on ptolemy.moml.MoMLSimpleApplication@43905c6
----------------- Done invoking toplevel() on ptolemy.moml.MoMLSimpleApplication@43905c6
reloadAllAccessors: .PublisherSubscriber10

===========================================================================================
----------------- testing Sat Mar 16 03:44:16 UTC 2019 /home/travis/build/icyphy/ptII/ptolemy/actor/lib/test/auto/PublisherSubscriber10InitialOutputs.xml
----------------- Instantiating /home/travis/build/icyphy/ptII/ptolemy/actor/lib/test/auto/PublisherSubscriber10InitialOutputs.xml
13 ms. Memory: 1213952K Free: 627476K (52%)
----------------- Invoking toplevel() on ptolemy.moml.MoMLSimpleApplication@63f0c540
----------------- Done invoking toplevel() on ptolemy.moml.MoMLSimpleApplication@63f0c540
reloadAllAccessors: .PublisherSubscriber10InitialOutputs

===========================================================================================
----------------- testing Sat Mar 16 03:44:16 UTC 2019 /home/travis/build/icyphy/ptII/ptolemy/actor/lib/test/auto/PublisherSubscriber11.xml
----------------- Instantiating /home/travis/build/icyphy/ptII/ptolemy/actor/lib/test/auto/PublisherSubscriber11.xml
6 ms. Memory: 1213952K Free: 616355K (51%)
----------------- Invoking toplevel() on ptolemy.moml.MoMLSimpleApplication@56bf4f4a
----------------- Done invoking toplevel() on ptolemy.moml.MoMLSimpleApplication@56bf4f4a
reloadAllAccessors: .PublisherSubscriber11

===========================================================================================
----------------- testing Sat Mar 16 03:44:16 UTC 2019 /home/travis/build/icyphy/ptII/ptolemy/actor/lib/test/auto/PublisherSubscriber12.xml
----------------- Instantiating /home/travis/build/icyphy/ptII/ptolemy/actor/lib/test/auto/PublisherSubscriber12.xml
3 ms. Memory: 1213952K Free: 600034K (49%)
----------------- Invoking toplevel() on ptolemy.moml.MoMLSimpleApplication@902b983
----------------- Done invoking toplevel() on ptolemy.moml.MoMLSimpleApplication@902b983
reloadAllAccessors: .PublisherSubscriber12

===========================================================================================
----------------- testing Sat Mar 16 03:44:16 UTC 2019 /home/travis/build/icyphy/ptII/ptolemy/actor/lib/test/auto/PublisherSubscriber13.xml
----------------- Instantiating /home/travis/build/icyphy/ptII/ptolemy/actor/lib/test/auto/PublisherSubscriber13.xml
2 ms. Memory: 1213952K Free: 588914K (49%)
----------------- Invoking toplevel() on ptolemy.moml.MoMLSimpleApplication@6eb3b05f
----------------- Done invoking toplevel() on ptolemy.moml.MoMLSimpleApplication@6eb3b05f
reloadAllAccessors: .PublisherSubscriber13

===========================================================================================
----------------- testing Sat Mar 16 03:44:16 UTC 2019 /home/travis/build/icyphy/ptII/ptolemy/actor/lib/test/auto/PublisherSubscriber14.xml
----------------- Instantiating /home/travis/build/icyphy/ptII/ptolemy/actor/lib/test/auto/PublisherSubscriber14.xml
2 ms. Memory: 1213952K Free: 567017K (47%)
----------------- Invoking toplevel() on ptolemy.moml.MoMLSimpleApplication@37e35b6d
----------------- Done invoking toplevel() on ptolemy.moml.MoMLSimpleApplication@37e35b6d
reloadAllAccessors: .PublisherSubscriber14

===========================================================================================
----------------- testing Sat Mar 16 03:44:16 UTC 2019 /home/travis/build/icyphy/ptII/ptolemy/actor/lib/test/auto/PublisherSubscriber2.xml
----------------- Instantiating /home/travis/build/icyphy/ptII/ptolemy/actor/lib/test/auto/PublisherSubscriber2.xml
6 ms. Memory: 1213952K Free: 555896K (46%)
----------------- Invoking toplevel() on ptolemy.moml.MoMLSimpleApplication@7f25478
----------------- Done invoking toplevel() on ptolemy.moml.MoMLSimpleApplication@7f25478
reloadAllAccessors: .PublisherSubscriber2

===========================================================================================
----------------- testing Sat Mar 16 03:44:16 UTC 2019 /home/travis/build/icyphy/ptII/ptolemy/actor/lib/test/auto/PublisherSubscriber3.xml
----------------- Instantiating /home/travis/build/icyphy/ptII/ptolemy/actor/lib/test/auto/PublisherSubscriber3.xml
2 ms. Memory: 1213952K Free: 539576K (44%)
----------------- Invoking toplevel() on ptolemy.moml.MoMLSimpleApplication@40614ddd
----------------- Done invoking toplevel() on ptolemy.moml.MoMLSimpleApplication@40614ddd
reloadAllAccessors: .PublisherSubscriber3

===========================================================================================
----------------- testing Sat Mar 16 03:44:16 UTC 2019 /home/travis/build/icyphy/ptII/ptolemy/actor/lib/test/auto/PublisherSubscriber4.xml
----------------- Instantiating /home/travis/build/icyphy/ptII/ptolemy/actor/lib/test/auto/PublisherSubscriber4.xml
2 ms. Memory: 1213952K Free: 528455K (44%)
----------------- Invoking toplevel() on ptolemy.moml.MoMLSimpleApplication@49a58288
----------------- Done invoking toplevel() on ptolemy.moml.MoMLSimpleApplication@49a58288
reloadAllAccessors: .PublisherSubscriber4

===========================================================================================
----------------- testing Sat Mar 16 03:44:16 UTC 2019 /home/travis/build/icyphy/ptII/ptolemy/actor/lib/test/auto/PublisherSubscriber5.xml
----------------- Instantiating /home/travis/build/icyphy/ptII/ptolemy/actor/lib/test/auto/PublisherSubscriber5.xml
2 ms. Memory: 1213952K Free: 512135K (42%)
----------------- Invoking toplevel() on ptolemy.moml.MoMLSimpleApplication@b571aac
----------------- Done invoking toplevel() on ptolemy.moml.MoMLSimpleApplication@b571aac
reloadAllAccessors: .PublisherSubscriber5

===========================================================================================
----------------- testing Sat Mar 16 03:44:16 UTC 2019 /home/travis/build/icyphy/ptII/ptolemy/actor/lib/test/auto/PublisherSubscriber6.xml
----------------- Instantiating /home/travis/build/icyphy/ptII/ptolemy/actor/lib/test/auto/PublisherSubscriber6.xml
4 ms. Memory: 1213952K Free: 501014K (41%)
----------------- Invoking toplevel() on ptolemy.moml.MoMLSimpleApplication@54e71521
----------------- Done invoking toplevel() on ptolemy.moml.MoMLSimpleApplication@54e71521
reloadAllAccessors: .PublisherSubscriber6

===========================================================================================
----------------- testing Sat Mar 16 03:44:16 UTC 2019 /home/travis/build/icyphy/ptII/ptolemy/actor/lib/test/auto/PublisherSubscriber7.xml
----------------- Instantiating /home/travis/build/icyphy/ptII/ptolemy/actor/lib/test/auto/PublisherSubscriber7.xml
6 ms. Memory: 1213952K Free: 484693K (40%)
----------------- Invoking toplevel() on ptolemy.moml.MoMLSimpleApplication@19b41016
----------------- Done invoking toplevel() on ptolemy.moml.MoMLSimpleApplication@19b41016
reloadAllAccessors: .PublisherSubscriber7

===========================================================================================
----------------- testing Sat Mar 16 03:44:16 UTC 2019 /home/travis/build/icyphy/ptII/ptolemy/actor/lib/test/auto/PublisherSubscriber8.xml
----------------- Instantiating /home/travis/build/icyphy/ptII/ptolemy/actor/lib/test/auto/PublisherSubscriber8.xml
16 ms. Memory: 1213952K Free: 417969K (34%)
----------------- Invoking toplevel() on ptolemy.moml.MoMLSimpleApplication@2c671c7a
----------------- Done invoking toplevel() on ptolemy.moml.MoMLSimpleApplication@2c671c7a
reloadAllAccessors: .PublisherSubscriber8

===========================================================================================
----------------- testing Sat Mar 16 03:44:16 UTC 2019 /home/travis/build/icyphy/ptII/ptolemy/actor/lib/test/auto/PublisherSubscriber9.xml
----------------- Instantiating /home/travis/build/icyphy/ptII/ptolemy/actor/lib/test/auto/PublisherSubscriber9.xml
3 ms. Memory: 1213952K Free: 401649K (33%)
----------------- Invoking toplevel() on ptolemy.moml.MoMLSimpleApplication@4ab1b347
----------------- Done invoking toplevel() on ptolemy.moml.MoMLSimpleApplication@4ab1b347
reloadAllAccessors: .PublisherSubscriber9

===========================================================================================
----------------- testing Sat Mar 16 03:44:16 UTC 2019 /home/travis/build/icyphy/ptII/ptolemy/actor/lib/test/auto/PublisherSubscriberAdjacent.xml
----------------- Instantiating /home/travis/build/icyphy/ptII/ptolemy/actor/lib/test/auto/PublisherSubscriberAdjacent.xml
2 ms. Memory: 1213952K Free: 384952K (32%)
----------------- Invoking toplevel() on ptolemy.moml.MoMLSimpleApplication@73bdbed9
----------------- Done invoking toplevel() on ptolemy.moml.MoMLSimpleApplication@73bdbed9
reloadAllAccessors: .PublisherSubscriberAdjacent

===========================================================================================
----------------- testing Sat Mar 16 03:44:16 UTC 2019 /home/travis/build/icyphy/ptII/ptolemy/actor/lib/test/auto/PublisherSubscriberChannelVariablesAOC2.xml
----------------- Instantiating /home/travis/build/icyphy/ptII/ptolemy/actor/lib/test/auto/PublisherSubscriberChannelVariablesAOC2.xml
7 ms. Memory: 1213952K Free: 357494K (29%)
----------------- Invoking toplevel() on ptolemy.moml.MoMLSimpleApplication@54def4a7
----------------- Done invoking toplevel() on ptolemy.moml.MoMLSimpleApplication@54def4a7
reloadAllAccessors: .PublisherSubscriberChannelVariablesAOC2

===========================================================================================
----------------- testing Sat Mar 16 03:44:16 UTC 2019 /home/travis/build/icyphy/ptII/ptolemy/actor/lib/test/auto/PublisherSubscriberD3.xml
----------------- Instantiating /home/travis/build/icyphy/ptII/ptolemy/actor/lib/test/auto/PublisherSubscriberD3.xml
2 ms. Memory: 1213952K Free: 346374K (29%)
----------------- Invoking toplevel() on ptolemy.moml.MoMLSimpleApplication@21d5e5f7
----------------- Done invoking toplevel() on ptolemy.moml.MoMLSimpleApplication@21d5e5f7
reloadAllAccessors: .PublisherSubscriberD3

===========================================================================================
----------------- testing Sat Mar 16 03:44:16 UTC 2019 /home/travis/build/icyphy/ptII/ptolemy/actor/lib/test/auto/PublisherSubscriberD3Reverse.xml
----------------- Instantiating /home/travis/build/icyphy/ptII/ptolemy/actor/lib/test/auto/PublisherSubscriberD3Reverse.xml
2 ms. Memory: 1213952K Free: 330053K (27%)
----------------- Invoking toplevel() on ptolemy.moml.MoMLSimpleApplication@2036778d
----------------- Done invoking toplevel() on ptolemy.moml.MoMLSimpleApplication@2036778d
reloadAllAccessors: .PublisherSubscriberD3Reverse

===========================================================================================
----------------- testing Sat Mar 16 03:44:16 UTC 2019 /home/travis/build/icyphy/ptII/ptolemy/actor/lib/test/auto/PublisherSubscriberExpression.xml
----------------- Instantiating /home/travis/build/icyphy/ptII/ptolemy/actor/lib/test/auto/PublisherSubscriberExpression.xml
4 ms. Memory: 1213952K Free: 313356K (26%)
----------------- Invoking toplevel() on ptolemy.moml.MoMLSimpleApplication@3afc511a
----------------- Done invoking toplevel() on ptolemy.moml.MoMLSimpleApplication@3afc511a
reloadAllAccessors: .PublisherSubscriberExpression

===========================================================================================
----------------- testing Sat Mar 16 03:44:16 UTC 2019 /home/travis/build/icyphy/ptII/ptolemy/actor/lib/test/auto/PublisherSubscriberOpaque.xml
----------------- Instantiating /home/travis/build/icyphy/ptII/ptolemy/actor/lib/test/auto/PublisherSubscriberOpaque.xml
4 ms. Memory: 1213952K Free: 297035K (24%)
----------------- Invoking toplevel() on ptolemy.moml.MoMLSimpleApplication@2beed5d2
----------------- Done invoking toplevel() on ptolemy.moml.MoMLSimpleApplication@2beed5d2
reloadAllAccessors: .PublisherSubscriberOpaque

===========================================================================================
----------------- testing Sat Mar 16 03:44:16 UTC 2019 /home/travis/build/icyphy/ptII/ptolemy/actor/lib/test/auto/PublisherSubscriberOpaqueD3.xml
----------------- Instantiating /home/travis/build/icyphy/ptII/ptolemy/actor/lib/test/auto/PublisherSubscriberOpaqueD3.xml
6 ms. Memory: 1213952K Free: 280338K (23%)
----------------- Invoking toplevel() on ptolemy.moml.MoMLSimpleApplication@1fd542f4
----------------- Done invoking toplevel() on ptolemy.moml.MoMLSimpleApplication@1fd542f4
reloadAllAccessors: .PublisherSubscriberOpaqueD3

===========================================================================================
----------------- testing Sat Mar 16 03:44:16 UTC 2019 /home/travis/build/icyphy/ptII/ptolemy/actor/lib/test/auto/PublisherSubscriberOpaqueD3Reverse.xml
----------------- Instantiating /home/travis/build/icyphy/ptII/ptolemy/actor/lib/test/auto/PublisherSubscriberOpaqueD3Reverse.xml
7 ms. Memory: 1213952K Free: 258449K (21%)
----------------- Invoking toplevel() on ptolemy.moml.MoMLSimpleApplication@6cc83050
----------------- Done invoking toplevel() on ptolemy.moml.MoMLSimpleApplication@6cc83050
reloadAllAccessors: .PublisherSubscriberOpaqueD3Reverse

===========================================================================================
----------------- testing Sat Mar 16 03:44:16 UTC 2019 /home/travis/build/icyphy/ptII/ptolemy/actor/lib/test/auto/PublisherSubscriberOpaqueWidthInference.xml
----------------- Instantiating /home/travis/build/icyphy/ptII/ptolemy/actor/lib/test/auto/PublisherSubscriberOpaqueWidthInference.xml
5 ms. Memory: 1213952K Free: 247329K (20%)
----------------- Invoking toplevel() on ptolemy.moml.MoMLSimpleApplication@2b145af5
----------------- Done invoking toplevel() on ptolemy.moml.MoMLSimpleApplication@2b145af5
reloadAllAccessors: .PublisherSubscriberOpaqueWidthInference

===========================================================================================
----------------- testing Sat Mar 16 03:44:16 UTC 2019 /home/travis/build/icyphy/ptII/ptolemy/actor/lib/test/auto/PublisherTestSubscriber.xml
----------------- Instantiating /home/travis/build/icyphy/ptII/ptolemy/actor/lib/test/auto/PublisherTestSubscriber.xml
3 ms. Memory: 1213952K Free: 231008K (19%)
----------------- Invoking toplevel() on ptolemy.moml.MoMLSimpleApplication@225f6644
----------------- Done invoking toplevel() on ptolemy.moml.MoMLSimpleApplication@225f6644
reloadAllAccessors: .PublisherTestSubscriber

===========================================================================================
----------------- testing Sat Mar 16 03:44:16 UTC 2019 /home/travis/build/icyphy/ptII/ptolemy/actor/lib/test/auto/PublisherToplevelSubscriberPortAOC.xml
----------------- Instantiating /home/travis/build/icyphy/ptII/ptolemy/actor/lib/test/auto/PublisherToplevelSubscriberPortAOC.xml
2 ms. Memory: 1213952K Free: 219887K (18%)
----------------- Invoking toplevel() on ptolemy.moml.MoMLSimpleApplication@40e99c38
----------------- Done invoking toplevel() on ptolemy.moml.MoMLSimpleApplication@40e99c38
reloadAllAccessors: .PublisherToplevelSubscriberPortAOC

===========================================================================================
----------------- testing Sat Mar 16 03:44:16 UTC 2019 /home/travis/build/icyphy/ptII/ptolemy/actor/lib/test/auto/PulseFiringLimitDE.xml
----------------- Instantiating /home/travis/build/icyphy/ptII/ptolemy/actor/lib/test/auto/PulseFiringLimitDE.xml
2 ms. Memory: 1213952K Free: 203567K (17%)
----------------- Invoking toplevel() on ptolemy.moml.MoMLSimpleApplication@2b8675d2
----------------- Done invoking toplevel() on ptolemy.moml.MoMLSimpleApplication@2b8675d2
reloadAllAccessors: .PulseFiringLimitDE

===========================================================================================
----------------- testing Sat Mar 16 03:44:16 UTC 2019 /home/travis/build/icyphy/ptII/ptolemy/actor/lib/test/auto/Ramp1.xml
----------------- Instantiating /home/travis/build/icyphy/ptII/ptolemy/actor/lib/test/auto/Ramp1.xml
1 ms. Memory: 1213952K Free: 192446K (16%)
----------------- Invoking toplevel() on ptolemy.moml.MoMLSimpleApplication@69028415
----------------- Done invoking toplevel() on ptolemy.moml.MoMLSimpleApplication@69028415
reloadAllAccessors: .Ramp1

===========================================================================================
----------------- testing Sat Mar 16 03:44:16 UTC 2019 /home/travis/build/icyphy/ptII/ptolemy/actor/lib/test/auto/RampFiringLimitDE.xml
----------------- Instantiating /home/travis/build/icyphy/ptII/ptolemy/actor/lib/test/auto/RampFiringLimitDE.xml
3 ms. Memory: 1213952K Free: 176126K (15%)
----------------- Invoking toplevel() on ptolemy.moml.MoMLSimpleApplication@78a2daa7
----------------- Done invoking toplevel() on ptolemy.moml.MoMLSimpleApplication@78a2daa7
reloadAllAccessors: .RampFiringLimitDE

===========================================================================================
----------------- testing Sat Mar 16 03:44:16 UTC 2019 /home/travis/build/icyphy/ptII/ptolemy/actor/lib/test/auto/RampFiringLimitSDF.xml
----------------- Instantiating /home/travis/build/icyphy/ptII/ptolemy/actor/lib/test/auto/RampFiringLimitSDF.xml
3 ms. Memory: 1213952K Free: 165005K (14%)
----------------- Invoking toplevel() on ptolemy.moml.MoMLSimpleApplication@20e6dea9
----------------- Done invoking toplevel() on ptolemy.moml.MoMLSimpleApplication@20e6dea9
reloadAllAccessors: .RampFiringLimitSDF

===========================================================================================
----------------- testing Sat Mar 16 03:44:16 UTC 2019 /home/travis/build/icyphy/ptII/ptolemy/actor/lib/test/auto/RandomInteger.xml
----------------- Instantiating /home/travis/build/icyphy/ptII/ptolemy/actor/lib/test/auto/RandomInteger.xml
2 ms. Memory: 1213952K Free: 148684K (12%)
----------------- Invoking toplevel() on ptolemy.moml.MoMLSimpleApplication@64b02609
----------------- Done invoking toplevel() on ptolemy.moml.MoMLSimpleApplication@64b02609
reloadAllAccessors: .RandomInteger

===========================================================================================
----------------- testing Sat Mar 16 03:44:16 UTC 2019 /home/travis/build/icyphy/ptII/ptolemy/actor/lib/test/auto/ReadFile1.xml
----------------- Instantiating /home/travis/build/icyphy/ptII/ptolemy/actor/lib/test/auto/ReadFile1.xml
3 ms. Memory: 1213952K Free: 137563K (11%)
----------------- Invoking toplevel() on ptolemy.moml.MoMLSimpleApplication@4e8519c9
----------------- Done invoking toplevel() on ptolemy.moml.MoMLSimpleApplication@4e8519c9
reloadAllAccessors: .ReadFile1

===========================================================================================
----------------- testing Sat Mar 16 03:44:16 UTC 2019 /home/travis/build/icyphy/ptII/ptolemy/actor/lib/test/auto/ReadFile2.xml
----------------- Instantiating /home/travis/build/icyphy/ptII/ptolemy/actor/lib/test/auto/ReadFile2.xml
1 ms. Memory: 1213952K Free: 121243K (10%)
----------------- Invoking toplevel() on ptolemy.moml.MoMLSimpleApplication@34abad36
----------------- Done invoking toplevel() on ptolemy.moml.MoMLSimpleApplication@34abad36
reloadAllAccessors: .ReadFile2

===========================================================================================
----------------- testing Sat Mar 16 03:44:16 UTC 2019 /home/travis/build/icyphy/ptII/ptolemy/actor/lib/test/auto/Reader.xml
----------------- Instantiating /home/travis/build/icyphy/ptII/ptolemy/actor/lib/test/auto/Reader.xml
actor.lib.Reader is obsolete, use actor.lib.io.ExpressionReader instead
2 ms. Memory: 1213952K Free: 110122K (9%)
----------------- Invoking toplevel() on ptolemy.moml.MoMLSimpleApplication@7b26c6d8
----------------- Done invoking toplevel() on ptolemy.moml.MoMLSimpleApplication@7b26c6d8
reloadAllAccessors: .Reader

===========================================================================================
----------------- testing Sat Mar 16 03:44:16 UTC 2019 /home/travis/build/icyphy/ptII/ptolemy/actor/lib/test/auto/RecordAssemblerDisplayNameTest.xml
----------------- Instantiating /home/travis/build/icyphy/ptII/ptolemy/actor/lib/test/auto/RecordAssemblerDisplayNameTest.xml
3997 ms. Memory: 1299456K Free: 1165983K (90%)
----------------- Invoking toplevel() on ptolemy.moml.MoMLSimpleApplication@2efd0b1a
----------------- Done invoking toplevel() on ptolemy.moml.MoMLSimpleApplication@2efd0b1a
reloadAllAccessors: .RecordAssemblerDisplayNameTest

===========================================================================================
----------------- testing Sat Mar 16 03:44:20 UTC 2019 /home/travis/build/icyphy/ptII/ptolemy/actor/lib/test/auto/RecordAssemblerTypeError.xml
----------------- Instantiating /home/travis/build/icyphy/ptII/ptolemy/actor/lib/test/auto/RecordAssemblerTypeError.xml
15 ms. Memory: 1299456K Free: 1134341K (87%)
----------------- Invoking toplevel() on ptolemy.moml.MoMLSimpleApplication@6e758b4a
----------------- Done invoking toplevel() on ptolemy.moml.MoMLSimpleApplication@6e758b4a
reloadAllAccessors: .RecordAssemblerTypeError

===========================================================================================
----------------- testing Sat Mar 16 03:44:21 UTC 2019 /home/travis/build/icyphy/ptII/ptolemy/actor/lib/test/auto/RecordDisassember.xml
----------------- Instantiating /home/travis/build/icyphy/ptII/ptolemy/actor/lib/test/auto/RecordDisassember.xml
4 ms. Memory: 1299456K Free: 1113620K (86%)
----------------- Invoking toplevel() on ptolemy.moml.MoMLSimpleApplication@10c6107a
----------------- Done invoking toplevel() on ptolemy.moml.MoMLSimpleApplication@10c6107a
reloadAllAccessors: .RecordDisassember

===========================================================================================
----------------- testing Sat Mar 16 03:44:21 UTC 2019 /home/travis/build/icyphy/ptII/ptolemy/actor/lib/test/auto/RecordDisassemberDisplayNameTest.xml
----------------- Instantiating /home/travis/build/icyphy/ptII/ptolemy/actor/lib/test/auto/RecordDisassemberDisplayNameTest.xml
5 ms. Memory: 1299456K Free: 1097775K (84%)
----------------- Invoking toplevel() on ptolemy.moml.MoMLSimpleApplication@6aa12b94
----------------- Done invoking toplevel() on ptolemy.moml.MoMLSimpleApplication@6aa12b94
reloadAllAccessors: .RecordDisassemberDisplayNameTest

===========================================================================================
----------------- testing Sat Mar 16 03:44:21 UTC 2019 /home/travis/build/icyphy/ptII/ptolemy/actor/lib/test/auto/RecordDisassembler.xml
----------------- Instantiating /home/travis/build/icyphy/ptII/ptolemy/actor/lib/test/auto/RecordDisassembler.xml
3 ms. Memory: 1299456K Free: 1077054K (83%)
----------------- Invoking toplevel() on ptolemy.moml.MoMLSimpleApplication@555ae8c
----------------- Done invoking toplevel() on ptolemy.moml.MoMLSimpleApplication@555ae8c
reloadAllAccessors: .RecordDisassembler

===========================================================================================
----------------- testing Sat Mar 16 03:44:21 UTC 2019 /home/travis/build/icyphy/ptII/ptolemy/actor/lib/test/auto/RecordDisassembler2.xml
----------------- Instantiating /home/travis/build/icyphy/ptII/ptolemy/actor/lib/test/auto/RecordDisassembler2.xml
3 ms. Memory: 1299456K Free: 1061209K (82%)
----------------- Invoking toplevel() on ptolemy.moml.MoMLSimpleApplication@7d9856db
----------------- Done invoking toplevel() on ptolemy.moml.MoMLSimpleApplication@7d9856db
reloadAllAccessors: .RecordDisassembler2

===========================================================================================
----------------- testing Sat Mar 16 03:44:21 UTC 2019 /home/travis/build/icyphy/ptII/ptolemy/actor/lib/test/auto/RecordUpdater.xml
----------------- Instantiating /home/travis/build/icyphy/ptII/ptolemy/actor/lib/test/auto/RecordUpdater.xml
1 ms. Memory: 1299456K Free: 1040488K (80%)
----------------- Invoking toplevel() on ptolemy.moml.MoMLSimpleApplication@65c138a6
----------------- Done invoking toplevel() on ptolemy.moml.MoMLSimpleApplication@65c138a6
reloadAllAccessors: .RecordUpdater

===========================================================================================
----------------- testing Sat Mar 16 03:44:21 UTC 2019 /home/travis/build/icyphy/ptII/ptolemy/actor/lib/test/auto/RecordUpdater2.xml
----------------- Instantiating /home/travis/build/icyphy/ptII/ptolemy/actor/lib/test/auto/RecordUpdater2.xml
2 ms. Memory: 1299456K Free: 1024643K (79%)
----------------- Invoking toplevel() on ptolemy.moml.MoMLSimpleApplication@310be1f4
----------------- Done invoking toplevel() on ptolemy.moml.MoMLSimpleApplication@310be1f4
reloadAllAccessors: .RecordUpdater2

===========================================================================================
----------------- testing Sat Mar 16 03:44:21 UTC 2019 /home/travis/build/icyphy/ptII/ptolemy/actor/lib/test/auto/RecursiveLattice.xml
----------------- Instantiating /home/travis/build/icyphy/ptII/ptolemy/actor/lib/test/auto/RecursiveLattice.xml
3 ms. Memory: 1299456K Free: 1003922K (77%)
----------------- Invoking toplevel() on ptolemy.moml.MoMLSimpleApplication@76af7833
----------------- Done invoking toplevel() on ptolemy.moml.MoMLSimpleApplication@76af7833
reloadAllAccessors: .RecursiveLattice

===========================================================================================
----------------- testing Sat Mar 16 03:44:21 UTC 2019 /home/travis/build/icyphy/ptII/ptolemy/actor/lib/test/auto/Router.xml
----------------- Instantiating /home/travis/build/icyphy/ptII/ptolemy/actor/lib/test/auto/Router.xml
3006 ms. Memory: 1299456K Free: 988078K (76%)
----------------- Invoking toplevel() on ptolemy.moml.MoMLSimpleApplication@ffb095
----------------- Done invoking toplevel() on ptolemy.moml.MoMLSimpleApplication@ffb095
reloadAllAccessors: .Router

===========================================================================================
----------------- testing Sat Mar 16 03:44:24 UTC 2019 /home/travis/build/icyphy/ptII/ptolemy/actor/lib/test/auto/Router2.xml
----------------- Instantiating /home/travis/build/icyphy/ptII/ptolemy/actor/lib/test/auto/Router2.xml
3004 ms. Memory: 1299456K Free: 967356K (74%)
----------------- Invoking toplevel() on ptolemy.moml.MoMLSimpleApplication@7f933e17
----------------- Done invoking toplevel() on ptolemy.moml.MoMLSimpleApplication@7f933e17
reloadAllAccessors: .Router2

===========================================================================================
----------------- testing Sat Mar 16 03:44:27 UTC 2019 /home/travis/build/icyphy/ptII/ptolemy/actor/lib/test/auto/RunningMaximum.xml
----------------- Instantiating /home/travis/build/icyphy/ptII/ptolemy/actor/lib/test/auto/RunningMaximum.xml
1 ms. Memory: 1299456K Free: 951512K (73%)
----------------- Invoking toplevel() on ptolemy.moml.MoMLSimpleApplication@6cd6a71f
----------------- Done invoking toplevel() on ptolemy.moml.MoMLSimpleApplication@6cd6a71f
reloadAllAccessors: .RunningMaximum

===========================================================================================
----------------- testing Sat Mar 16 03:44:27 UTC 2019 /home/travis/build/icyphy/ptII/ptolemy/actor/lib/test/auto/RunningMinimum.xml
----------------- Instantiating /home/travis/build/icyphy/ptII/ptolemy/actor/lib/test/auto/RunningMinimum.xml
4 ms. Memory: 1299456K Free: 930790K (72%)
----------------- Invoking toplevel() on ptolemy.moml.MoMLSimpleApplication@4aef85e6
----------------- Done invoking toplevel() on ptolemy.moml.MoMLSimpleApplication@4aef85e6
reloadAllAccessors: .RunningMinimum

===========================================================================================
----------------- testing Sat Mar 16 03:44:27 UTC 2019 /home/travis/build/icyphy/ptII/ptolemy/actor/lib/test/auto/Scale.xml
----------------- Instantiating /home/travis/build/icyphy/ptII/ptolemy/actor/lib/test/auto/Scale.xml
1 ms. Memory: 1299456K Free: 914946K (70%)
----------------- Invoking toplevel() on ptolemy.moml.MoMLSimpleApplication@293aa881
----------------- Done invoking toplevel() on ptolemy.moml.MoMLSimpleApplication@293aa881
reloadAllAccessors: .Scale

===========================================================================================
----------------- testing Sat Mar 16 03:44:27 UTC 2019 /home/travis/build/icyphy/ptII/ptolemy/actor/lib/test/auto/Scale2.xml
----------------- Instantiating /home/travis/build/icyphy/ptII/ptolemy/actor/lib/test/auto/Scale2.xml
2 ms. Memory: 1299456K Free: 894225K (69%)
----------------- Invoking toplevel() on ptolemy.moml.MoMLSimpleApplication@1afac65e
----------------- Done invoking toplevel() on ptolemy.moml.MoMLSimpleApplication@1afac65e
reloadAllAccessors: .Scale2

===========================================================================================
----------------- testing Sat Mar 16 03:44:27 UTC 2019 /home/travis/build/icyphy/ptII/ptolemy/actor/lib/test/auto/Scale3.xml
----------------- Instantiating /home/travis/build/icyphy/ptII/ptolemy/actor/lib/test/auto/Scale3.xml
3 ms. Memory: 1299456K Free: 878380K (68%)
----------------- Invoking toplevel() on ptolemy.moml.MoMLSimpleApplication@25a09aa6
----------------- Done invoking toplevel() on ptolemy.moml.MoMLSimpleApplication@25a09aa6
reloadAllAccessors: .Scale3

===========================================================================================
----------------- testing Sat Mar 16 03:44:27 UTC 2019 /home/travis/build/icyphy/ptII/ptolemy/actor/lib/test/auto/ScaleArray.xml
----------------- Instantiating /home/travis/build/icyphy/ptII/ptolemy/actor/lib/test/auto/ScaleArray.xml
2 ms. Memory: 1299456K Free: 857659K (66%)
----------------- Invoking toplevel() on ptolemy.moml.MoMLSimpleApplication@7e65e7d7
----------------- Done invoking toplevel() on ptolemy.moml.MoMLSimpleApplication@7e65e7d7
reloadAllAccessors: .ScaleArray

===========================================================================================
----------------- testing Sat Mar 16 03:44:27 UTC 2019 /home/travis/build/icyphy/ptII/ptolemy/actor/lib/test/auto/ScaleArray2.xml
----------------- Instantiating /home/travis/build/icyphy/ptII/ptolemy/actor/lib/test/auto/ScaleArray2.xml
1 ms. Memory: 1299456K Free: 841814K (65%)
----------------- Invoking toplevel() on ptolemy.moml.MoMLSimpleApplication@5c62b814
----------------- Done invoking toplevel() on ptolemy.moml.MoMLSimpleApplication@5c62b814
reloadAllAccessors: .ScaleArray2

===========================================================================================
----------------- testing Sat Mar 16 03:44:27 UTC 2019 /home/travis/build/icyphy/ptII/ptolemy/actor/lib/test/auto/ScaleMatrix.xml
----------------- Instantiating /home/travis/build/icyphy/ptII/ptolemy/actor/lib/test/auto/ScaleMatrix.xml
105 ms. Memory: 1299456K Free: 821093K (63%)
----------------- Invoking toplevel() on ptolemy.moml.MoMLSimpleApplication@46e11bb0
----------------- Done invoking toplevel() on ptolemy.moml.MoMLSimpleApplication@46e11bb0
reloadAllAccessors: .ScaleMatrix

===========================================================================================
----------------- testing Sat Mar 16 03:44:27 UTC 2019 /home/travis/build/icyphy/ptII/ptolemy/actor/lib/test/auto/Select.xml
----------------- Instantiating /home/travis/build/icyphy/ptII/ptolemy/actor/lib/test/auto/Select.xml
2 ms. Memory: 1299456K Free: 805248K (62%)
----------------- Invoking toplevel() on ptolemy.moml.MoMLSimpleApplication@4ab92688
----------------- Done invoking toplevel() on ptolemy.moml.MoMLSimpleApplication@4ab92688
reloadAllAccessors: .Select

===========================================================================================
----------------- testing Sat Mar 16 03:44:27 UTC 2019 /home/travis/build/icyphy/ptII/ptolemy/actor/lib/test/auto/Select2.xml
----------------- Instantiating /home/travis/build/icyphy/ptII/ptolemy/actor/lib/test/auto/Select2.xml
2 ms. Memory: 1299456K Free: 784527K (60%)
----------------- Invoking toplevel() on ptolemy.moml.MoMLSimpleApplication@6615d206
----------------- Done invoking toplevel() on ptolemy.moml.MoMLSimpleApplication@6615d206
reloadAllAccessors: .Select2

===========================================================================================
----------------- testing Sat Mar 16 03:44:27 UTC 2019 /home/travis/build/icyphy/ptII/ptolemy/actor/lib/test/auto/SequenceToArray2.xml
----------------- Instantiating /home/travis/build/icyphy/ptII/ptolemy/actor/lib/test/auto/SequenceToArray2.xml
74 ms. Memory: 1299456K Free: 689443K (53%)
----------------- Invoking toplevel() on ptolemy.moml.MoMLSimpleApplication@315cd40f
----------------- Done invoking toplevel() on ptolemy.moml.MoMLSimpleApplication@315cd40f
reloadAllAccessors: .SequenceToArray2

===========================================================================================
----------------- testing Sat Mar 16 03:44:27 UTC 2019 /home/travis/build/icyphy/ptII/ptolemy/actor/lib/test/auto/SequentialClock.xml
----------------- Instantiating /home/travis/build/icyphy/ptII/ptolemy/actor/lib/test/auto/SequentialClock.xml
2 ms. Memory: 1299456K Free: 668722K (51%)
----------------- Invoking toplevel() on ptolemy.moml.MoMLSimpleApplication@49680257
----------------- Done invoking toplevel() on ptolemy.moml.MoMLSimpleApplication@49680257
reloadAllAccessors: .SequentialClock

===========================================================================================
----------------- testing Sat Mar 16 03:44:27 UTC 2019 /home/travis/build/icyphy/ptII/ptolemy/actor/lib/test/auto/SetVariable.xml
----------------- Instantiating /home/travis/build/icyphy/ptII/ptolemy/actor/lib/test/auto/SetVariable.xml
3 ms. Memory: 1299456K Free: 652877K (50%)
----------------- Invoking toplevel() on ptolemy.moml.MoMLSimpleApplication@5dbbc40b
----------------- Done invoking toplevel() on ptolemy.moml.MoMLSimpleApplication@5dbbc40b
reloadAllAccessors: .SetVariable

===========================================================================================
----------------- testing Sat Mar 16 03:44:27 UTC 2019 /home/travis/build/icyphy/ptII/ptolemy/actor/lib/test/auto/SetVariable2.xml
----------------- Instantiating /home/travis/build/icyphy/ptII/ptolemy/actor/lib/test/auto/SetVariable2.xml
3 ms. Memory: 1299456K Free: 632156K (49%)
----------------- Invoking toplevel() on ptolemy.moml.MoMLSimpleApplication@6d6d1e37
----------------- Done invoking toplevel() on ptolemy.moml.MoMLSimpleApplication@6d6d1e37
reloadAllAccessors: .SetVariable2

===========================================================================================
----------------- testing Sat Mar 16 03:44:27 UTC 2019 /home/travis/build/icyphy/ptII/ptolemy/actor/lib/test/auto/SetVariable3.xml
----------------- Instantiating /home/travis/build/icyphy/ptII/ptolemy/actor/lib/test/auto/SetVariable3.xml
7 ms. Memory: 1299456K Free: 611435K (47%)
----------------- Invoking toplevel() on ptolemy.moml.MoMLSimpleApplication@65587c17
----------------- Done invoking toplevel() on ptolemy.moml.MoMLSimpleApplication@65587c17
reloadAllAccessors: .SetVariable3

===========================================================================================
----------------- testing Sat Mar 16 03:44:27 UTC 2019 /home/travis/build/icyphy/ptII/ptolemy/actor/lib/test/auto/SetVariable4.xml
----------------- Instantiating /home/travis/build/icyphy/ptII/ptolemy/actor/lib/test/auto/SetVariable4.xml
16 ms. Memory: 1299456K Free: 540134K (42%)
----------------- Invoking toplevel() on ptolemy.moml.MoMLSimpleApplication@18e83b20
----------------- Done invoking toplevel() on ptolemy.moml.MoMLSimpleApplication@18e83b20
reloadAllAccessors: .SetVariable4

===========================================================================================
----------------- testing Sat Mar 16 03:44:27 UTC 2019 /home/travis/build/icyphy/ptII/ptolemy/actor/lib/test/auto/SetVariable5.xml
----------------- Instantiating /home/travis/build/icyphy/ptII/ptolemy/actor/lib/test/auto/SetVariable5.xml
10 ms. Memory: 1299456K Free: 519413K (40%)
----------------- Invoking toplevel() on ptolemy.moml.MoMLSimpleApplication@28938f08
----------------- Done invoking toplevel() on ptolemy.moml.MoMLSimpleApplication@28938f08
reloadAllAccessors: .SetVariable5

===========================================================================================
----------------- testing Sat Mar 16 03:44:27 UTC 2019 /home/travis/build/icyphy/ptII/ptolemy/actor/lib/test/auto/Sinewave.xml
----------------- Instantiating /home/travis/build/icyphy/ptII/ptolemy/actor/lib/test/auto/Sinewave.xml
4 ms. Memory: 1299456K Free: 495630K (38%)
----------------- Invoking toplevel() on ptolemy.moml.MoMLSimpleApplication@f6ca1cc
----------------- Done invoking toplevel() on ptolemy.moml.MoMLSimpleApplication@f6ca1cc
reloadAllAccessors: .Sinewave

===========================================================================================
----------------- testing Sat Mar 16 03:44:27 UTC 2019 /home/travis/build/icyphy/ptII/ptolemy/actor/lib/test/auto/Sinewave2.xml
----------------- Instantiating /home/travis/build/icyphy/ptII/ptolemy/actor/lib/test/auto/Sinewave2.xml
4 ms. Memory: 1299456K Free: 474908K (37%)
----------------- Invoking toplevel() on ptolemy.moml.MoMLSimpleApplication@629369c5
----------------- Done invoking toplevel() on ptolemy.moml.MoMLSimpleApplication@629369c5
reloadAllAccessors: .Sinewave2

===========================================================================================
----------------- testing Sat Mar 16 03:44:27 UTC 2019 /home/travis/build/icyphy/ptII/ptolemy/actor/lib/test/auto/Sinewave3.xml
----------------- Instantiating /home/travis/build/icyphy/ptII/ptolemy/actor/lib/test/auto/Sinewave3.xml
6 ms. Memory: 1299456K Free: 459064K (35%)
----------------- Invoking toplevel() on ptolemy.moml.MoMLSimpleApplication@f2e4d89
----------------- Done invoking toplevel() on ptolemy.moml.MoMLSimpleApplication@f2e4d89
reloadAllAccessors: .Sinewave3

===========================================================================================
----------------- testing Sat Mar 16 03:44:27 UTC 2019 /home/travis/build/icyphy/ptII/ptolemy/actor/lib/test/auto/SingleEvent.xml
----------------- Instantiating /home/travis/build/icyphy/ptII/ptolemy/actor/lib/test/auto/SingleEvent.xml
1 ms. Memory: 1299456K Free: 438342K (34%)
----------------- Invoking toplevel() on ptolemy.moml.MoMLSimpleApplication@28fdd234
----------------- Done invoking toplevel() on ptolemy.moml.MoMLSimpleApplication@28fdd234
reloadAllAccessors: .SingleEvent

===========================================================================================
----------------- testing Sat Mar 16 03:44:27 UTC 2019 /home/travis/build/icyphy/ptII/ptolemy/actor/lib/test/auto/Sleep.xml
----------------- Instantiating /home/travis/build/icyphy/ptII/ptolemy/actor/lib/test/auto/Sleep.xml
6004 ms. Memory: 1299456K Free: 422498K (33%)
----------------- Invoking toplevel() on ptolemy.moml.MoMLSimpleApplication@e55bee0
----------------- Done invoking toplevel() on ptolemy.moml.MoMLSimpleApplication@e55bee0
reloadAllAccessors: .Sleep

===========================================================================================
----------------- testing Sat Mar 16 03:44:33 UTC 2019 /home/travis/build/icyphy/ptII/ptolemy/actor/lib/test/auto/SleepMultipleFire.xml
----------------- Instantiating /home/travis/build/icyphy/ptII/ptolemy/actor/lib/test/auto/SleepMultipleFire.xml
1006 ms. Memory: 1299456K Free: 401777K (31%)
----------------- Invoking toplevel() on ptolemy.moml.MoMLSimpleApplication@1d1e437b
----------------- Done invoking toplevel() on ptolemy.moml.MoMLSimpleApplication@1d1e437b
reloadAllAccessors: .SleepMultipleFire

===========================================================================================
----------------- testing Sat Mar 16 03:44:34 UTC 2019 /home/travis/build/icyphy/ptII/ptolemy/actor/lib/test/auto/StopDE.xml
----------------- Instantiating /home/travis/build/icyphy/ptII/ptolemy/actor/lib/test/auto/StopDE.xml
3 ms. Memory: 1299456K Free: 385932K (30%)
----------------- Invoking toplevel() on ptolemy.moml.MoMLSimpleApplication@1950d85b
----------------- Done invoking toplevel() on ptolemy.moml.MoMLSimpleApplication@1950d85b
reloadAllAccessors: .StopDE

===========================================================================================
----------------- testing Sat Mar 16 03:44:34 UTC 2019 /home/travis/build/icyphy/ptII/ptolemy/actor/lib/test/auto/StopSDF.xml
----------------- Instantiating /home/travis/build/icyphy/ptII/ptolemy/actor/lib/test/auto/StopSDF.xml
3 ms. Memory: 1299456K Free: 365211K (28%)
----------------- Invoking toplevel() on ptolemy.moml.MoMLSimpleApplication@755feb18
----------------- Done invoking toplevel() on ptolemy.moml.MoMLSimpleApplication@755feb18
reloadAllAccessors: .StopSDF

===========================================================================================
----------------- testing Sat Mar 16 03:44:34 UTC 2019 /home/travis/build/icyphy/ptII/ptolemy/actor/lib/test/auto/StringConstant.xml
----------------- Instantiating /home/travis/build/icyphy/ptII/ptolemy/actor/lib/test/auto/StringConstant.xml
2 ms. Memory: 1299456K Free: 349366K (27%)
----------------- Invoking toplevel() on ptolemy.moml.MoMLSimpleApplication@205650a2
----------------- Done invoking toplevel() on ptolemy.moml.MoMLSimpleApplication@205650a2
reloadAllAccessors: .StringConstant

===========================================================================================
----------------- testing Sat Mar 16 03:44:34 UTC 2019 /home/travis/build/icyphy/ptII/ptolemy/actor/lib/test/auto/SubscriberPortInitialValues1.xml
----------------- Instantiating /home/travis/build/icyphy/ptII/ptolemy/actor/lib/test/auto/SubscriberPortInitialValues1.xml
5 ms. Memory: 1299456K Free: 328645K (25%)
----------------- Invoking toplevel() on ptolemy.moml.MoMLSimpleApplication@43787fb8
----------------- Done invoking toplevel() on ptolemy.moml.MoMLSimpleApplication@43787fb8
reloadAllAccessors: .SubscriberPortInitialValues1

===========================================================================================
----------------- testing Sat Mar 16 03:44:35 UTC 2019 /home/travis/build/icyphy/ptII/ptolemy/actor/lib/test/auto/SubscriberPortInitialValues13.xml
----------------- Instantiating /home/travis/build/icyphy/ptII/ptolemy/actor/lib/test/auto/SubscriberPortInitialValues13.xml
4 ms. Memory: 1299456K Free: 304862K (23%)
----------------- Invoking toplevel() on ptolemy.moml.MoMLSimpleApplication@f5c460c
----------------- Done invoking toplevel() on ptolemy.moml.MoMLSimpleApplication@f5c460c
reloadAllAccessors: .SubscriberPortInitialValues13

===========================================================================================
----------------- testing Sat Mar 16 03:44:35 UTC 2019 /home/travis/build/icyphy/ptII/ptolemy/actor/lib/test/auto/SubscriberPortInitialValues14.xml
----------------- Instantiating /home/travis/build/icyphy/ptII/ptolemy/actor/lib/test/auto/SubscriberPortInitialValues14.xml
3 ms. Memory: 1299456K Free: 284141K (22%)
----------------- Invoking toplevel() on ptolemy.moml.MoMLSimpleApplication@40235f55
----------------- Done invoking toplevel() on ptolemy.moml.MoMLSimpleApplication@40235f55
reloadAllAccessors: .SubscriberPortInitialValues14

===========================================================================================
----------------- testing Sat Mar 16 03:44:35 UTC 2019 /home/travis/build/icyphy/ptII/ptolemy/actor/lib/test/auto/SubscriberPortInitialValues2.xml
----------------- Instantiating /home/travis/build/icyphy/ptII/ptolemy/actor/lib/test/auto/SubscriberPortInitialValues2.xml
4 ms. Memory: 1299456K Free: 268296K (21%)
----------------- Invoking toplevel() on ptolemy.moml.MoMLSimpleApplication@41ab7324
----------------- Done invoking toplevel() on ptolemy.moml.MoMLSimpleApplication@41ab7324
reloadAllAccessors: .SubscriberPortInitialValues2

===========================================================================================
----------------- testing Sat Mar 16 03:44:35 UTC 2019 /home/travis/build/icyphy/ptII/ptolemy/actor/lib/test/auto/SubscriberPortInitialValues3.xml
----------------- Instantiating /home/travis/build/icyphy/ptII/ptolemy/actor/lib/test/auto/SubscriberPortInitialValues3.xml
3 ms. Memory: 1299456K Free: 247575K (19%)
----------------- Invoking toplevel() on ptolemy.moml.MoMLSimpleApplication@51299733
----------------- Done invoking toplevel() on ptolemy.moml.MoMLSimpleApplication@51299733
reloadAllAccessors: .SubscriberPortInitialValues3

===========================================================================================
----------------- testing Sat Mar 16 03:44:35 UTC 2019 /home/travis/build/icyphy/ptII/ptolemy/actor/lib/test/auto/SubscriptionAggregator.xml
----------------- Instantiating /home/travis/build/icyphy/ptII/ptolemy/actor/lib/test/auto/SubscriptionAggregator.xml
3 ms. Memory: 1299456K Free: 231731K (18%)
----------------- Invoking toplevel() on ptolemy.moml.MoMLSimpleApplication@4b96f226
----------------- Done invoking toplevel() on ptolemy.moml.MoMLSimpleApplication@4b96f226
reloadAllAccessors: .SubscriptionAggregator

===========================================================================================
----------------- testing Sat Mar 16 03:44:35 UTC 2019 /home/travis/build/icyphy/ptII/ptolemy/actor/lib/test/auto/SubscriptionAggregator2.xml
----------------- Instantiating /home/travis/build/icyphy/ptII/ptolemy/actor/lib/test/auto/SubscriptionAggregator2.xml
3 ms. Memory: 1299456K Free: 211010K (16%)
----------------- Invoking toplevel() on ptolemy.moml.MoMLSimpleApplication@6d8f838a
----------------- Done invoking toplevel() on ptolemy.moml.MoMLSimpleApplication@6d8f838a
reloadAllAccessors: .SubscriptionAggregator2

===========================================================================================
----------------- testing Sat Mar 16 03:44:35 UTC 2019 /home/travis/build/icyphy/ptII/ptolemy/actor/lib/test/auto/SubscriptionAggregator3.xml
----------------- Instantiating /home/travis/build/icyphy/ptII/ptolemy/actor/lib/test/auto/SubscriptionAggregator3.xml
3 ms. Memory: 1299456K Free: 190289K (15%)
----------------- Invoking toplevel() on ptolemy.moml.MoMLSimpleApplication@e9e310f
----------------- Done invoking toplevel() on ptolemy.moml.MoMLSimpleApplication@e9e310f
reloadAllAccessors: .SubscriptionAggregator3

===========================================================================================
----------------- testing Sat Mar 16 03:44:35 UTC 2019 /home/travis/build/icyphy/ptII/ptolemy/actor/lib/test/auto/SubscriptionAggregatorMultiply.xml
----------------- Instantiating /home/travis/build/icyphy/ptII/ptolemy/actor/lib/test/auto/SubscriptionAggregatorMultiply.xml
3 ms. Memory: 1299456K Free: 174444K (13%)
----------------- Invoking toplevel() on ptolemy.moml.MoMLSimpleApplication@e9dee5b
----------------- Done invoking toplevel() on ptolemy.moml.MoMLSimpleApplication@e9dee5b
reloadAllAccessors: .SubscriptionAggregatorMultiply

===========================================================================================
----------------- testing Sat Mar 16 03:44:35 UTC 2019 /home/travis/build/icyphy/ptII/ptolemy/actor/lib/test/auto/SubscriptionAggregatorPortMultiply1.xml
----------------- Instantiating /home/travis/build/icyphy/ptII/ptolemy/actor/lib/test/auto/SubscriptionAggregatorPortMultiply1.xml
4 ms. Memory: 1299456K Free: 153723K (12%)
----------------- Invoking toplevel() on ptolemy.moml.MoMLSimpleApplication@2857ee9e
----------------- Done invoking toplevel() on ptolemy.moml.MoMLSimpleApplication@2857ee9e
reloadAllAccessors: .SubscriptionAggregatorPortMultiply1

===========================================================================================
----------------- testing Sat Mar 16 03:44:35 UTC 2019 /home/travis/build/icyphy/ptII/ptolemy/actor/lib/test/auto/Switch.xml
----------------- Instantiating /home/travis/build/icyphy/ptII/ptolemy/actor/lib/test/auto/Switch.xml
5 ms. Memory: 1299456K Free: 90344K (7%)
----------------- Invoking toplevel() on ptolemy.moml.MoMLSimpleApplication@3310f9d3
----------------- Done invoking toplevel() on ptolemy.moml.MoMLSimpleApplication@3310f9d3
reloadAllAccessors: .Switch

===========================================================================================
----------------- testing Sat Mar 16 03:44:35 UTC 2019 /home/travis/build/icyphy/ptII/ptolemy/actor/lib/test/auto/Switch2.xml
----------------- Instantiating /home/travis/build/icyphy/ptII/ptolemy/actor/lib/test/auto/Switch2.xml
1 ms. Memory: 1299456K Free: 72136K (6%)
----------------- Invoking toplevel() on ptolemy.moml.MoMLSimpleApplication@6d781fa3
----------------- Done invoking toplevel() on ptolemy.moml.MoMLSimpleApplication@6d781fa3
reloadAllAccessors: .Switch2

===========================================================================================
----------------- testing Sat Mar 16 03:44:35 UTC 2019 /home/travis/build/icyphy/ptII/ptolemy/actor/lib/test/auto/SwitchDE.xml
----------------- Instantiating /home/travis/build/icyphy/ptII/ptolemy/actor/lib/test/auto/SwitchDE.xml
9 ms. Memory: 1303040K Free: 1251765K (96%)
----------------- Invoking toplevel() on ptolemy.moml.MoMLSimpleApplication@6ac0ab30
----------------- Done invoking toplevel() on ptolemy.moml.MoMLSimpleApplication@6ac0ab30
reloadAllAccessors: .SwitchDE

===========================================================================================
----------------- testing Sat Mar 16 03:44:35 UTC 2019 /home/travis/build/icyphy/ptII/ptolemy/actor/lib/test/auto/SynchronizerDE.xml
----------------- Instantiating /home/travis/build/icyphy/ptII/ptolemy/actor/lib/test/auto/SynchronizerDE.xml
9 ms. Memory: 1303040K Free: 1231897K (95%)
----------------- Invoking toplevel() on ptolemy.moml.MoMLSimpleApplication@476f5316
----------------- Done invoking toplevel() on ptolemy.moml.MoMLSimpleApplication@476f5316
reloadAllAccessors: .SynchronizerDE

===========================================================================================
----------------- testing Sat Mar 16 03:44:35 UTC 2019 /home/travis/build/icyphy/ptII/ptolemy/actor/lib/test/auto/Test.xml
----------------- Instantiating /home/travis/build/icyphy/ptII/ptolemy/actor/lib/test/auto/Test.xml
8 ms. Memory: 1303040K Free: 1212029K (93%)
----------------- Invoking toplevel() on ptolemy.moml.MoMLSimpleApplication@347544f5
----------------- Done invoking toplevel() on ptolemy.moml.MoMLSimpleApplication@347544f5
reloadAllAccessors: .Test

===========================================================================================
----------------- testing Sat Mar 16 03:44:35 UTC 2019 /home/travis/build/icyphy/ptII/ptolemy/actor/lib/test/auto/TestExceptionAttribute1.xml
----------------- Instantiating /home/travis/build/icyphy/ptII/ptolemy/actor/lib/test/auto/TestExceptionAttribute1.xml
3 ms. Memory: 1303040K Free: 1196184K (92%)
----------------- Invoking toplevel() on ptolemy.moml.MoMLSimpleApplication@6ef37e2b
----------------- Done invoking toplevel() on ptolemy.moml.MoMLSimpleApplication@6ef37e2b
reloadAllAccessors: .TestExceptionAttribute1

===========================================================================================
----------------- testing Sat Mar 16 03:44:35 UTC 2019 /home/travis/build/icyphy/ptII/ptolemy/actor/lib/test/auto/TestExceptionAttribute2.xml
----------------- Instantiating /home/travis/build/icyphy/ptII/ptolemy/actor/lib/test/auto/TestExceptionAttribute2.xml
1 ms. Memory: 1303040K Free: 1176317K (90%)
----------------- Invoking toplevel() on ptolemy.moml.MoMLSimpleApplication@7ecfe55
----------------- Done invoking toplevel() on ptolemy.moml.MoMLSimpleApplication@7ecfe55
reloadAllAccessors: .TestExceptionAttribute2

===========================================================================================
----------------- testing Sat Mar 16 03:44:35 UTC 2019 /home/travis/build/icyphy/ptII/ptolemy/actor/lib/test/auto/TestExceptionAttribute3.xml
----------------- Instantiating /home/travis/build/icyphy/ptII/ptolemy/actor/lib/test/auto/TestExceptionAttribute3.xml
.TestExceptionAttribute3.TestExceptionAttribute: initialize() was not invoked, but wrapup() was.  This is unusual, but not always a problem.  For example, exporting JNLP will do this.
0 ms. Memory: 1303040K Free: 1156449K (89%)
----------------- Invoking toplevel() on ptolemy.moml.MoMLSimpleApplication@795f5b4d
----------------- Done invoking toplevel() on ptolemy.moml.MoMLSimpleApplication@795f5b4d
reloadAllAccessors: .TestExceptionAttribute3

===========================================================================================
----------------- testing Sat Mar 16 03:44:35 UTC 2019 /home/travis/build/icyphy/ptII/ptolemy/actor/lib/test/auto/TestExceptionAttribute4.xml
----------------- Instantiating /home/travis/build/icyphy/ptII/ptolemy/actor/lib/test/auto/TestExceptionAttribute4.xml
.TestExceptionAttribute4.TestExceptionAttribute: initialize() was not invoked, but wrapup() was.  This is unusual, but not always a problem.  For example, exporting JNLP will do this.
.TestExceptionAttribute4.TestExceptionAttribute2: initialize() was not invoked, but wrapup() was.  This is unusual, but not always a problem.  For example, exporting JNLP will do this.
0 ms. Memory: 1303040K Free: 1140604K (88%)
----------------- Invoking toplevel() on ptolemy.moml.MoMLSimpleApplication@871b81e
----------------- Done invoking toplevel() on ptolemy.moml.MoMLSimpleApplication@871b81e
reloadAllAccessors: .TestExceptionAttribute4

===========================================================================================
----------------- testing Sat Mar 16 03:44:35 UTC 2019 /home/travis/build/icyphy/ptII/ptolemy/actor/lib/test/auto/TestExceptionHandler1.xml
----------------- Instantiating /home/travis/build/icyphy/ptII/ptolemy/actor/lib/test/auto/TestExceptionHandler1.xml
1 ms. Memory: 1303040K Free: 1120736K (86%)
----------------- Invoking toplevel() on ptolemy.moml.MoMLSimpleApplication@246fed35
----------------- Done invoking toplevel() on ptolemy.moml.MoMLSimpleApplication@246fed35
reloadAllAccessors: .TestExceptionHandler1

===========================================================================================
----------------- testing Sat Mar 16 03:44:35 UTC 2019 /home/travis/build/icyphy/ptII/ptolemy/actor/lib/test/auto/TestExceptionHandler2.xml
----------------- Instantiating /home/travis/build/icyphy/ptII/ptolemy/actor/lib/test/auto/TestExceptionHandler2.xml
1 ms. Memory: 1303040K Free: 1100861K (84%)
----------------- Invoking toplevel() on ptolemy.moml.MoMLSimpleApplication@183da4f5
----------------- Done invoking toplevel() on ptolemy.moml.MoMLSimpleApplication@183da4f5
reloadAllAccessors: .TestExceptionHandler2

===========================================================================================
----------------- testing Sat Mar 16 03:44:35 UTC 2019 /home/travis/build/icyphy/ptII/ptolemy/actor/lib/test/auto/TestExceptionHandler3.xml
----------------- Instantiating /home/travis/build/icyphy/ptII/ptolemy/actor/lib/test/auto/TestExceptionHandler3.xml
0 ms. Memory: 1303040K Free: 1085016K (83%)
----------------- Invoking toplevel() on ptolemy.moml.MoMLSimpleApplication@1b61c503
----------------- Done invoking toplevel() on ptolemy.moml.MoMLSimpleApplication@1b61c503
reloadAllAccessors: .TestExceptionHandler3

===========================================================================================
----------------- testing Sat Mar 16 03:44:35 UTC 2019 /home/travis/build/icyphy/ptII/ptolemy/actor/lib/test/auto/TestExceptionHandler4.xml
----------------- Instantiating /home/travis/build/icyphy/ptII/ptolemy/actor/lib/test/auto/TestExceptionHandler4.xml
0 ms. Memory: 1303040K Free: 1065148K (82%)
----------------- Invoking toplevel() on ptolemy.moml.MoMLSimpleApplication@276be256
----------------- Done invoking toplevel() on ptolemy.moml.MoMLSimpleApplication@276be256
reloadAllAccessors: .TestExceptionHandler4

===========================================================================================
----------------- testing Sat Mar 16 03:44:35 UTC 2019 /home/travis/build/icyphy/ptII/ptolemy/actor/lib/test/auto/TestRequireCorrectOrder.xml
----------------- Instantiating /home/travis/build/icyphy/ptII/ptolemy/actor/lib/test/auto/TestRequireCorrectOrder.xml
3 ms. Memory: 1303040K Free: 1045281K (80%)
----------------- Invoking toplevel() on ptolemy.moml.MoMLSimpleApplication@35f29874
----------------- Done invoking toplevel() on ptolemy.moml.MoMLSimpleApplication@35f29874
reloadAllAccessors: .TestRequireCorrectOrder

===========================================================================================
----------------- testing Sat Mar 16 03:44:35 UTC 2019 /home/travis/build/icyphy/ptII/ptolemy/actor/lib/test/auto/TestSimple.xml
----------------- Instantiating /home/travis/build/icyphy/ptII/ptolemy/actor/lib/test/auto/TestSimple.xml
2 ms. Memory: 1303040K Free: 1029436K (79%)
----------------- Invoking toplevel() on ptolemy.moml.MoMLSimpleApplication@77d56148
----------------- Done invoking toplevel() on ptolemy.moml.MoMLSimpleApplication@77d56148
reloadAllAccessors: .TestSimple

===========================================================================================
----------------- testing Sat Mar 16 03:44:35 UTC 2019 /home/travis/build/icyphy/ptII/ptolemy/actor/lib/test/auto/ThrowModelError.xml
----------------- Instantiating /home/travis/build/icyphy/ptII/ptolemy/actor/lib/test/auto/ThrowModelError.xml
1 ms. Memory: 1303040K Free: 1009568K (77%)
----------------- Invoking toplevel() on ptolemy.moml.MoMLSimpleApplication@51120ca0
----------------- Done invoking toplevel() on ptolemy.moml.MoMLSimpleApplication@51120ca0
reloadAllAccessors: .ThrowModelError

===========================================================================================
----------------- testing Sat Mar 16 03:44:35 UTC 2019 /home/travis/build/icyphy/ptII/ptolemy/actor/lib/test/auto/TimeDelayMicrosteps.xml
----------------- Instantiating /home/travis/build/icyphy/ptII/ptolemy/actor/lib/test/auto/TimeDelayMicrosteps.xml
3 ms. Memory: 1303040K Free: 989700K (76%)
----------------- Invoking toplevel() on ptolemy.moml.MoMLSimpleApplication@2d6bab19
----------------- Done invoking toplevel() on ptolemy.moml.MoMLSimpleApplication@2d6bab19
reloadAllAccessors: .TimeDelayMicrosteps

===========================================================================================
----------------- testing Sat Mar 16 03:44:35 UTC 2019 /home/travis/build/icyphy/ptII/ptolemy/actor/lib/test/auto/TimeDelayMicrosteps2.xml
----------------- Instantiating /home/travis/build/icyphy/ptII/ptolemy/actor/lib/test/auto/TimeDelayMicrosteps2.xml
3 ms. Memory: 1303040K Free: 973856K (75%)
----------------- Invoking toplevel() on ptolemy.moml.MoMLSimpleApplication@3dd6b201
----------------- Done invoking toplevel() on ptolemy.moml.MoMLSimpleApplication@3dd6b201
reloadAllAccessors: .TimeDelayMicrosteps2

===========================================================================================
----------------- testing Sat Mar 16 03:44:35 UTC 2019 /home/travis/build/icyphy/ptII/ptolemy/actor/lib/test/auto/TimeDelayMicrosteps3.xml
----------------- Instantiating /home/travis/build/icyphy/ptII/ptolemy/actor/lib/test/auto/TimeDelayMicrosteps3.xml
2 ms. Memory: 1303040K Free: 953988K (73%)
----------------- Invoking toplevel() on ptolemy.moml.MoMLSimpleApplication@24bca20d
----------------- Done invoking toplevel() on ptolemy.moml.MoMLSimpleApplication@24bca20d
reloadAllAccessors: .TimeDelayMicrosteps3

===========================================================================================
----------------- testing Sat Mar 16 03:44:35 UTC 2019 /home/travis/build/icyphy/ptII/ptolemy/actor/lib/test/auto/TimeDelayVariableMicrosteps.xml
----------------- Instantiating /home/travis/build/icyphy/ptII/ptolemy/actor/lib/test/auto/TimeDelayVariableMicrosteps.xml
3 ms. Memory: 1303040K Free: 938143K (72%)
----------------- Invoking toplevel() on ptolemy.moml.MoMLSimpleApplication@469b3515
----------------- Done invoking toplevel() on ptolemy.moml.MoMLSimpleApplication@469b3515
reloadAllAccessors: .TimeDelayVariableMicrosteps

===========================================================================================
----------------- testing Sat Mar 16 03:44:35 UTC 2019 /home/travis/build/icyphy/ptII/ptolemy/actor/lib/test/auto/TimeGap.xml
----------------- Instantiating /home/travis/build/icyphy/ptII/ptolemy/actor/lib/test/auto/TimeGap.xml
3 ms. Memory: 1303040K Free: 918276K (70%)
----------------- Invoking toplevel() on ptolemy.moml.MoMLSimpleApplication@2a32742f
----------------- Done invoking toplevel() on ptolemy.moml.MoMLSimpleApplication@2a32742f
reloadAllAccessors: .TimeGap

===========================================================================================
----------------- testing Sat Mar 16 03:44:35 UTC 2019 /home/travis/build/icyphy/ptII/ptolemy/actor/lib/test/auto/TimeGap2.xml
----------------- Instantiating /home/travis/build/icyphy/ptII/ptolemy/actor/lib/test/auto/TimeGap2.xml
2 ms. Memory: 1303040K Free: 898408K (69%)
----------------- Invoking toplevel() on ptolemy.moml.MoMLSimpleApplication@4c04af24
----------------- Done invoking toplevel() on ptolemy.moml.MoMLSimpleApplication@4c04af24
reloadAllAccessors: .TimeGap2

===========================================================================================
----------------- testing Sat Mar 16 03:44:35 UTC 2019 /home/travis/build/icyphy/ptII/ptolemy/actor/lib/test/auto/TimedSinewave.xml
----------------- Instantiating /home/travis/build/icyphy/ptII/ptolemy/actor/lib/test/auto/TimedSinewave.xml
36 ms. Memory: 1303040K Free: 874633K (67%)
----------------- Invoking toplevel() on ptolemy.moml.MoMLSimpleApplication@5eeeaf87
----------------- Done invoking toplevel() on ptolemy.moml.MoMLSimpleApplication@5eeeaf87
reloadAllAccessors: .TimedSinewave

===========================================================================================
----------------- testing Sat Mar 16 03:44:35 UTC 2019 /home/travis/build/icyphy/ptII/ptolemy/actor/lib/test/auto/TimedSinewavePhase.xml
----------------- Instantiating /home/travis/build/icyphy/ptII/ptolemy/actor/lib/test/auto/TimedSinewavePhase.xml
11 ms. Memory: 1303040K Free: 854765K (66%)
----------------- Invoking toplevel() on ptolemy.moml.MoMLSimpleApplication@5fd858fd
----------------- Done invoking toplevel() on ptolemy.moml.MoMLSimpleApplication@5fd858fd
reloadAllAccessors: .TimedSinewavePhase

===========================================================================================
----------------- testing Sat Mar 16 03:44:35 UTC 2019 /home/travis/build/icyphy/ptII/ptolemy/actor/lib/test/auto/Timer.xml
----------------- Instantiating /home/travis/build/icyphy/ptII/ptolemy/actor/lib/test/auto/Timer.xml
2 ms. Memory: 1303040K Free: 834897K (64%)
----------------- Invoking toplevel() on ptolemy.moml.MoMLSimpleApplication@7b266828
----------------- Done invoking toplevel() on ptolemy.moml.MoMLSimpleApplication@7b266828
reloadAllAccessors: .Timer

===========================================================================================
----------------- testing Sat Mar 16 03:44:35 UTC 2019 /home/travis/build/icyphy/ptII/ptolemy/actor/lib/test/auto/TriangularDistTestModel.xml
----------------- Instantiating /home/travis/build/icyphy/ptII/ptolemy/actor/lib/test/auto/TriangularDistTestModel.xml
2 ms. Memory: 1303040K Free: 819052K (63%)
----------------- Invoking toplevel() on ptolemy.moml.MoMLSimpleApplication@75187404
----------------- Done invoking toplevel() on ptolemy.moml.MoMLSimpleApplication@75187404
reloadAllAccessors: .TriangularDistTestModel

===========================================================================================
----------------- testing Sat Mar 16 03:44:35 UTC 2019 /home/travis/build/icyphy/ptII/ptolemy/actor/lib/test/auto/TrigFunction.xml
----------------- Instantiating /home/travis/build/icyphy/ptII/ptolemy/actor/lib/test/auto/TrigFunction.xml
1 ms. Memory: 1303040K Free: 799185K (61%)
----------------- Invoking toplevel() on ptolemy.moml.MoMLSimpleApplication@3e3259fd
----------------- Done invoking toplevel() on ptolemy.moml.MoMLSimpleApplication@3e3259fd
reloadAllAccessors: .TrigFunction

===========================================================================================
----------------- testing Sat Mar 16 03:44:35 UTC 2019 /home/travis/build/icyphy/ptII/ptolemy/actor/lib/test/auto/TrigFunctionDE.xml
----------------- Instantiating /home/travis/build/icyphy/ptII/ptolemy/actor/lib/test/auto/TrigFunctionDE.xml
1 ms. Memory: 1303040K Free: 779317K (60%)
----------------- Invoking toplevel() on ptolemy.moml.MoMLSimpleApplication@6d0a901c
----------------- Done invoking toplevel() on ptolemy.moml.MoMLSimpleApplication@6d0a901c
reloadAllAccessors: .TrigFunctionDE

===========================================================================================
----------------- testing Sat Mar 16 03:44:35 UTC 2019 /home/travis/build/icyphy/ptII/ptolemy/actor/lib/test/auto/TrigFunctionInverse.xml
----------------- Instantiating /home/travis/build/icyphy/ptII/ptolemy/actor/lib/test/auto/TrigFunctionInverse.xml
2 ms. Memory: 1303040K Free: 763472K (59%)
----------------- Invoking toplevel() on ptolemy.moml.MoMLSimpleApplication@4b2b11cb
----------------- Done invoking toplevel() on ptolemy.moml.MoMLSimpleApplication@4b2b11cb
reloadAllAccessors: .TrigFunctionInverse

===========================================================================================
----------------- testing Sat Mar 16 03:44:35 UTC 2019 /home/travis/build/icyphy/ptII/ptolemy/actor/lib/test/auto/TrigFunctionTan.xml
----------------- Instantiating /home/travis/build/icyphy/ptII/ptolemy/actor/lib/test/auto/TrigFunctionTan.xml
2 ms. Memory: 1303040K Free: 743605K (57%)
----------------- Invoking toplevel() on ptolemy.moml.MoMLSimpleApplication@1a180b77
----------------- Done invoking toplevel() on ptolemy.moml.MoMLSimpleApplication@1a180b77
reloadAllAccessors: .TrigFunctionTan

===========================================================================================
----------------- testing Sat Mar 16 03:44:35 UTC 2019 /home/travis/build/icyphy/ptII/ptolemy/actor/lib/test/auto/TriggeredClock.xml
----------------- Instantiating /home/travis/build/icyphy/ptII/ptolemy/actor/lib/test/auto/TriggeredClock.xml
2 ms. Memory: 1303040K Free: 723737K (56%)
----------------- Invoking toplevel() on ptolemy.moml.MoMLSimpleApplication@2cef9a95
----------------- Done invoking toplevel() on ptolemy.moml.MoMLSimpleApplication@2cef9a95
reloadAllAccessors: .TriggeredClock

===========================================================================================
----------------- testing Sat Mar 16 03:44:35 UTC 2019 /home/travis/build/icyphy/ptII/ptolemy/actor/lib/test/auto/URLDirectoryReader.xml
----------------- Instantiating /home/travis/build/icyphy/ptII/ptolemy/actor/lib/test/auto/URLDirectoryReader.xml
36 ms. Memory: 1303040K Free: 707892K (54%)
----------------- Invoking toplevel() on ptolemy.moml.MoMLSimpleApplication@5d2a2c2c
----------------- Done invoking toplevel() on ptolemy.moml.MoMLSimpleApplication@5d2a2c2c
reloadAllAccessors: .URLDirectoryReader

===========================================================================================
----------------- testing Sat Mar 16 03:44:36 UTC 2019 /home/travis/build/icyphy/ptII/ptolemy/actor/lib/test/auto/URLDirectoryReader3.xml
----------------- Instantiating /home/travis/build/icyphy/ptII/ptolemy/actor/lib/test/auto/URLDirectoryReader3.xml
1178 ms. Memory: 1303040K Free: 648149K (50%)
----------------- Invoking toplevel() on ptolemy.moml.MoMLSimpleApplication@7079e5b1
----------------- Done invoking toplevel() on ptolemy.moml.MoMLSimpleApplication@7079e5b1
reloadAllAccessors: .URLDirectoryReader3

===========================================================================================
----------------- testing Sat Mar 16 03:44:37 UTC 2019 /home/travis/build/icyphy/ptII/ptolemy/actor/lib/test/auto/UnaryMathFunction.xml
----------------- Instantiating /home/travis/build/icyphy/ptII/ptolemy/actor/lib/test/auto/UnaryMathFunction.xml
10 ms. Memory: 1303040K Free: 628281K (48%)
----------------- Invoking toplevel() on ptolemy.moml.MoMLSimpleApplication@6a8935f9
----------------- Done invoking toplevel() on ptolemy.moml.MoMLSimpleApplication@6a8935f9
reloadAllAccessors: .UnaryMathFunction

===========================================================================================
----------------- testing Sat Mar 16 03:44:37 UTC 2019 /home/travis/build/icyphy/ptII/ptolemy/actor/lib/test/auto/Uniform.xml
----------------- Instantiating /home/travis/build/icyphy/ptII/ptolemy/actor/lib/test/auto/Uniform.xml
5 ms. Memory: 1303040K Free: 612436K (47%)
----------------- Invoking toplevel() on ptolemy.moml.MoMLSimpleApplication@4a160b63
----------------- Done invoking toplevel() on ptolemy.moml.MoMLSimpleApplication@4a160b63
reloadAllAccessors: .Uniform

===========================================================================================
----------------- testing Sat Mar 16 03:44:37 UTC 2019 /home/travis/build/icyphy/ptII/ptolemy/actor/lib/test/auto/UnionDisassemblerTest.xml
----------------- Instantiating /home/travis/build/icyphy/ptII/ptolemy/actor/lib/test/auto/UnionDisassemblerTest.xml
12 ms. Memory: 1303040K Free: 592568K (45%)
----------------- Invoking toplevel() on ptolemy.moml.MoMLSimpleApplication@6d9f9f37
----------------- Done invoking toplevel() on ptolemy.moml.MoMLSimpleApplication@6d9f9f37
reloadAllAccessors: .UnionDisassemblerTest

===========================================================================================
----------------- testing Sat Mar 16 03:44:37 UTC 2019 /home/travis/build/icyphy/ptII/ptolemy/actor/lib/test/auto/UtilityFunctions.xml
----------------- Instantiating /home/travis/build/icyphy/ptII/ptolemy/actor/lib/test/auto/UtilityFunctions.xml
5 ms. Memory: 1303040K Free: 572700K (44%)
----------------- Invoking toplevel() on ptolemy.moml.MoMLSimpleApplication@52aa799f
----------------- Done invoking toplevel() on ptolemy.moml.MoMLSimpleApplication@52aa799f
reloadAllAccessors: .UtilityFunctions

===========================================================================================
----------------- testing Sat Mar 16 03:44:37 UTC 2019 /home/travis/build/icyphy/ptII/ptolemy/actor/lib/test/auto/VariableSleep.xml
----------------- Instantiating /home/travis/build/icyphy/ptII/ptolemy/actor/lib/test/auto/VariableSleep.xml
503 ms. Memory: 1303040K Free: 556856K (43%)
----------------- Invoking toplevel() on ptolemy.moml.MoMLSimpleApplication@335d5ff4
----------------- Done invoking toplevel() on ptolemy.moml.MoMLSimpleApplication@335d5ff4
reloadAllAccessors: .VariableSleep

===========================================================================================
----------------- testing Sat Mar 16 03:44:38 UTC 2019 /home/travis/build/icyphy/ptII/ptolemy/actor/lib/test/auto/VectorAssemblerDisassemblerCT.xml
----------------- Instantiating /home/travis/build/icyphy/ptII/ptolemy/actor/lib/test/auto/VectorAssemblerDisassemblerCT.xml
84 ms. Memory: 1303040K Free: 521127K (40%)
----------------- Invoking toplevel() on ptolemy.moml.MoMLSimpleApplication@662d972c
----------------- Done invoking toplevel() on ptolemy.moml.MoMLSimpleApplication@662d972c
reloadAllAccessors: .VectorAssemblerDisassemblerCT

===========================================================================================
----------------- testing Sat Mar 16 03:44:38 UTC 2019 /home/travis/build/icyphy/ptII/ptolemy/actor/lib/test/auto/VectorAssemblerDisassemblerDE.xml
----------------- Instantiating /home/travis/build/icyphy/ptII/ptolemy/actor/lib/test/auto/VectorAssemblerDisassemblerDE.xml
2 ms. Memory: 1303040K Free: 501259K (38%)
----------------- Invoking toplevel() on ptolemy.moml.MoMLSimpleApplication@688a030e
----------------- Done invoking toplevel() on ptolemy.moml.MoMLSimpleApplication@688a030e
reloadAllAccessors: .VectorAssemblerDisassemblerDE

===========================================================================================
----------------- testing Sat Mar 16 03:44:38 UTC 2019 /home/travis/build/icyphy/ptII/ptolemy/actor/lib/test/auto/VectorAssemblerDisassemblerSDF.xml
----------------- Instantiating /home/travis/build/icyphy/ptII/ptolemy/actor/lib/test/auto/VectorAssemblerDisassemblerSDF.xml
4 ms. Memory: 1303040K Free: 485415K (37%)
----------------- Invoking toplevel() on ptolemy.moml.MoMLSimpleApplication@393b066f
----------------- Done invoking toplevel() on ptolemy.moml.MoMLSimpleApplication@393b066f
reloadAllAccessors: .VectorAssemblerDisassemblerSDF

===========================================================================================
----------------- testing Sat Mar 16 03:44:38 UTC 2019 /home/travis/build/icyphy/ptII/ptolemy/actor/lib/test/auto/WallClockTime.xml
----------------- Instantiating /home/travis/build/icyphy/ptII/ptolemy/actor/lib/test/auto/WallClockTime.xml
1005 ms. Memory: 1303040K Free: 465547K (36%)
----------------- Invoking toplevel() on ptolemy.moml.MoMLSimpleApplication@210ff8fb
----------------- Done invoking toplevel() on ptolemy.moml.MoMLSimpleApplication@210ff8fb
reloadAllAccessors: .WallClockTime

===========================================================================================
----------------- testing Sat Mar 16 03:44:39 UTC 2019 /home/travis/build/icyphy/ptII/ptolemy/actor/lib/test/auto/WidthTestWithSubscriberPublisher.xml
----------------- Instantiating /home/travis/build/icyphy/ptII/ptolemy/actor/lib/test/auto/WidthTestWithSubscriberPublisher.xml
10 ms. Memory: 1303040K Free: 441764K (34%)
----------------- Invoking toplevel() on ptolemy.moml.MoMLSimpleApplication@348b1522
----------------- Done invoking toplevel() on ptolemy.moml.MoMLSimpleApplication@348b1522
reloadAllAccessors: .WidthTestWithSubscriberPublisher

===========================================================================================
----------------- testing Sat Mar 16 03:44:39 UTC 2019 /home/travis/build/icyphy/ptII/ptolemy/actor/lib/test/auto/WidthTestWithSubscriberPublisher2.xml
----------------- Instantiating /home/travis/build/icyphy/ptII/ptolemy/actor/lib/test/auto/WidthTestWithSubscriberPublisher2.xml
3 ms. Memory: 1303040K Free: 421896K (32%)
----------------- Invoking toplevel() on ptolemy.moml.MoMLSimpleApplication@65e5d100
----------------- Done invoking toplevel() on ptolemy.moml.MoMLSimpleApplication@65e5d100
reloadAllAccessors: .WidthTestWithSubscriberPublisher2

===========================================================================================
----------------- testing Sat Mar 16 03:44:39 UTC 2019 /home/travis/build/icyphy/ptII/ptolemy/actor/lib/test/auto/WidthTestWithSubscriberPublisher3.xml
----------------- Instantiating /home/travis/build/icyphy/ptII/ptolemy/actor/lib/test/auto/WidthTestWithSubscriberPublisher3.xml
8 ms. Memory: 1303040K Free: 402028K (31%)
----------------- Invoking toplevel() on ptolemy.moml.MoMLSimpleApplication@6d77216e
----------------- Done invoking toplevel() on ptolemy.moml.MoMLSimpleApplication@6d77216e
reloadAllAccessors: .WidthTestWithSubscriberPublisher3

===========================================================================================
----------------- testing Sat Mar 16 03:44:39 UTC 2019 /home/travis/build/icyphy/ptII/ptolemy/actor/lib/test/auto/Writer.xml
----------------- Instantiating /home/travis/build/icyphy/ptII/ptolemy/actor/lib/test/auto/Writer.xml
0
1
2
3
4
2 ms. Memory: 1303040K Free: 386183K (30%)
----------------- Invoking toplevel() on ptolemy.moml.MoMLSimpleApplication@57c17f5c
----------------- Done invoking toplevel() on ptolemy.moml.MoMLSimpleApplication@57c17f5c
reloadAllAccessors: .Writer

===========================================================================================
----------------- testing Sat Mar 16 03:44:39 UTC 2019 /home/travis/build/icyphy/ptII/ptolemy/actor/lib/test/auto/array.xml
----------------- Instantiating /home/travis/build/icyphy/ptII/ptolemy/actor/lib/test/auto/array.xml
2 ms. Memory: 1303040K Free: 366316K (28%)
----------------- Invoking toplevel() on ptolemy.moml.MoMLSimpleApplication@31f09844
----------------- Done invoking toplevel() on ptolemy.moml.MoMLSimpleApplication@31f09844
reloadAllAccessors: .array

===========================================================================================
----------------- testing Sat Mar 16 03:44:39 UTC 2019 /home/travis/build/icyphy/ptII/ptolemy/actor/lib/test/auto/array2.xml
----------------- Instantiating /home/travis/build/icyphy/ptII/ptolemy/actor/lib/test/auto/array2.xml
10 ms. Memory: 1303040K Free: 346448K (27%)
----------------- Invoking toplevel() on ptolemy.moml.MoMLSimpleApplication@76aa2ed1
----------------- Done invoking toplevel() on ptolemy.moml.MoMLSimpleApplication@76aa2ed1
reloadAllAccessors: .array2

===========================================================================================
----------------- testing Sat Mar 16 03:44:39 UTC 2019 /home/travis/build/icyphy/ptII/ptolemy/actor/lib/test/auto/arrayType.xml
----------------- Instantiating /home/travis/build/icyphy/ptII/ptolemy/actor/lib/test/auto/arrayType.xml
2 ms. Memory: 1303040K Free: 330603K (25%)
----------------- Invoking toplevel() on ptolemy.moml.MoMLSimpleApplication@4cf8e13
----------------- Done invoking toplevel() on ptolemy.moml.MoMLSimpleApplication@4cf8e13
reloadAllAccessors: .arrayType

===========================================================================================
----------------- testing Sat Mar 16 03:44:39 UTC 2019 /home/travis/build/icyphy/ptII/ptolemy/actor/lib/test/auto/arrayType10.xml
----------------- Instantiating /home/travis/build/icyphy/ptII/ptolemy/actor/lib/test/auto/arrayType10.xml
2 ms. Memory: 1303040K Free: 310735K (24%)
----------------- Invoking toplevel() on ptolemy.moml.MoMLSimpleApplication@2230c2d8
----------------- Done invoking toplevel() on ptolemy.moml.MoMLSimpleApplication@2230c2d8
reloadAllAccessors: .arrayType10

===========================================================================================
----------------- testing Sat Mar 16 03:44:39 UTC 2019 /home/travis/build/icyphy/ptII/ptolemy/actor/lib/test/auto/arrayType11.xml
----------------- Instantiating /home/travis/build/icyphy/ptII/ptolemy/actor/lib/test/auto/arrayType11.xml
2 ms. Memory: 1303040K Free: 290868K (22%)
----------------- Invoking toplevel() on ptolemy.moml.MoMLSimpleApplication@3447f050
----------------- Done invoking toplevel() on ptolemy.moml.MoMLSimpleApplication@3447f050
reloadAllAccessors: .arrayType11

===========================================================================================
----------------- testing Sat Mar 16 03:44:39 UTC 2019 /home/travis/build/icyphy/ptII/ptolemy/actor/lib/test/auto/arrayType12.xml
----------------- Instantiating /home/travis/build/icyphy/ptII/ptolemy/actor/lib/test/auto/arrayType12.xml
2 ms. Memory: 1303040K Free: 275023K (21%)
----------------- Invoking toplevel() on ptolemy.moml.MoMLSimpleApplication@1555922
----------------- Done invoking toplevel() on ptolemy.moml.MoMLSimpleApplication@1555922
reloadAllAccessors: .arrayType12

===========================================================================================
----------------- testing Sat Mar 16 03:44:39 UTC 2019 /home/travis/build/icyphy/ptII/ptolemy/actor/lib/test/auto/arrayType13.xml
----------------- Instantiating /home/travis/build/icyphy/ptII/ptolemy/actor/lib/test/auto/arrayType13.xml
2 ms. Memory: 1303040K Free: 255155K (20%)
----------------- Invoking toplevel() on ptolemy.moml.MoMLSimpleApplication@39ba316b
----------------- Done invoking toplevel() on ptolemy.moml.MoMLSimpleApplication@39ba316b
reloadAllAccessors: .arrayType13

===========================================================================================
----------------- testing Sat Mar 16 03:44:39 UTC 2019 /home/travis/build/icyphy/ptII/ptolemy/actor/lib/test/auto/arrayType14.xml
----------------- Instantiating /home/travis/build/icyphy/ptII/ptolemy/actor/lib/test/auto/arrayType14.xml
2 ms. Memory: 1303040K Free: 235288K (18%)
----------------- Invoking toplevel() on ptolemy.moml.MoMLSimpleApplication@2f13269e
----------------- Done invoking toplevel() on ptolemy.moml.MoMLSimpleApplication@2f13269e
reloadAllAccessors: .arrayType14

===========================================================================================
----------------- testing Sat Mar 16 03:44:39 UTC 2019 /home/travis/build/icyphy/ptII/ptolemy/actor/lib/test/auto/arrayType15.xml
----------------- Instantiating /home/travis/build/icyphy/ptII/ptolemy/actor/lib/test/auto/arrayType15.xml
2 ms. Memory: 1303040K Free: 219443K (17%)
----------------- Invoking toplevel() on ptolemy.moml.MoMLSimpleApplication@16aa3692
----------------- Done invoking toplevel() on ptolemy.moml.MoMLSimpleApplication@16aa3692
reloadAllAccessors: .arrayType15

===========================================================================================
----------------- testing Sat Mar 16 03:44:39 UTC 2019 /home/travis/build/icyphy/ptII/ptolemy/actor/lib/test/auto/arrayType16.xml
----------------- Instantiating /home/travis/build/icyphy/ptII/ptolemy/actor/lib/test/auto/arrayType16.xml
1 ms. Memory: 1303040K Free: 199575K (15%)
----------------- Invoking toplevel() on ptolemy.moml.MoMLSimpleApplication@570783b6
----------------- Done invoking toplevel() on ptolemy.moml.MoMLSimpleApplication@570783b6
reloadAllAccessors: .arrayType16

===========================================================================================
----------------- testing Sat Mar 16 03:44:39 UTC 2019 /home/travis/build/icyphy/ptII/ptolemy/actor/lib/test/auto/arrayType17.xml
----------------- Instantiating /home/travis/build/icyphy/ptII/ptolemy/actor/lib/test/auto/arrayType17.xml
1 ms. Memory: 1303040K Free: 179708K (14%)
----------------- Invoking toplevel() on ptolemy.moml.MoMLSimpleApplication@5a44be93
----------------- Done invoking toplevel() on ptolemy.moml.MoMLSimpleApplication@5a44be93
reloadAllAccessors: .arrayType17

===========================================================================================
----------------- testing Sat Mar 16 03:44:39 UTC 2019 /home/travis/build/icyphy/ptII/ptolemy/actor/lib/test/auto/arrayType18.xml
----------------- Instantiating /home/travis/build/icyphy/ptII/ptolemy/actor/lib/test/auto/arrayType18.xml
1 ms. Memory: 1303040K Free: 163863K (13%)
----------------- Invoking toplevel() on ptolemy.moml.MoMLSimpleApplication@515ef8c
----------------- Done invoking toplevel() on ptolemy.moml.MoMLSimpleApplication@515ef8c
reloadAllAccessors: .arrayType18

===========================================================================================
----------------- testing Sat Mar 16 03:44:39 UTC 2019 /home/travis/build/icyphy/ptII/ptolemy/actor/lib/test/auto/arrayType19.xml
----------------- Instantiating /home/travis/build/icyphy/ptII/ptolemy/actor/lib/test/auto/arrayType19.xml
1 ms. Memory: 1303040K Free: 143995K (11%)
----------------- Invoking toplevel() on ptolemy.moml.MoMLSimpleApplication@260b765e
----------------- Done invoking toplevel() on ptolemy.moml.MoMLSimpleApplication@260b765e
reloadAllAccessors: .arrayType19

===========================================================================================
----------------- testing Sat Mar 16 03:44:39 UTC 2019 /home/travis/build/icyphy/ptII/ptolemy/actor/lib/test/auto/arrayType2.xml
----------------- Instantiating /home/travis/build/icyphy/ptII/ptolemy/actor/lib/test/auto/arrayType2.xml
2 ms. Memory: 1303040K Free: 124128K (10%)
----------------- Invoking toplevel() on ptolemy.moml.MoMLSimpleApplication@3569e6c9
----------------- Done invoking toplevel() on ptolemy.moml.MoMLSimpleApplication@3569e6c9
reloadAllAccessors: .arrayType2

===========================================================================================
----------------- testing Sat Mar 16 03:44:39 UTC 2019 /home/travis/build/icyphy/ptII/ptolemy/actor/lib/test/auto/arrayType20.xml
----------------- Instantiating /home/travis/build/icyphy/ptII/ptolemy/actor/lib/test/auto/arrayType20.xml
2 ms. Memory: 1303040K Free: 108283K (8%)
----------------- Invoking toplevel() on ptolemy.moml.MoMLSimpleApplication@19e4f35a
----------------- Done invoking toplevel() on ptolemy.moml.MoMLSimpleApplication@19e4f35a
reloadAllAccessors: .arrayType20

===========================================================================================
----------------- testing Sat Mar 16 03:44:39 UTC 2019 /home/travis/build/icyphy/ptII/ptolemy/actor/lib/test/auto/arrayType21.xml
----------------- Instantiating /home/travis/build/icyphy/ptII/ptolemy/actor/lib/test/auto/arrayType21.xml
2 ms. Memory: 1303040K Free: 88415K (7%)
----------------- Invoking toplevel() on ptolemy.moml.MoMLSimpleApplication@a8f513f
----------------- Done invoking toplevel() on ptolemy.moml.MoMLSimpleApplication@a8f513f
reloadAllAccessors: .arrayType21

===========================================================================================
----------------- testing Sat Mar 16 03:44:39 UTC 2019 /home/travis/build/icyphy/ptII/ptolemy/actor/lib/test/auto/arrayType22.xml
----------------- Instantiating /home/travis/build/icyphy/ptII/ptolemy/actor/lib/test/auto/arrayType22.xml
2 ms. Memory: 1303040K Free: 75296K (6%)
----------------- Invoking toplevel() on ptolemy.moml.MoMLSimpleApplication@67cfa975
----------------- Done invoking toplevel() on ptolemy.moml.MoMLSimpleApplication@67cfa975
reloadAllAccessors: .arrayType22

===========================================================================================
----------------- testing Sat Mar 16 03:44:39 UTC 2019 /home/travis/build/icyphy/ptII/ptolemy/actor/lib/test/auto/arrayType23.xml
----------------- Instantiating /home/travis/build/icyphy/ptII/ptolemy/actor/lib/test/auto/arrayType23.xml
1 ms. Memory: 1345536K Free: 1284221K (95%)
----------------- Invoking toplevel() on ptolemy.moml.MoMLSimpleApplication@7d609a4
----------------- Done invoking toplevel() on ptolemy.moml.MoMLSimpleApplication@7d609a4
reloadAllAccessors: .arrayType23

===========================================================================================
----------------- testing Sat Mar 16 03:44:39 UTC 2019 /home/travis/build/icyphy/ptII/ptolemy/actor/lib/test/auto/arrayType24.xml
----------------- Instantiating /home/travis/build/icyphy/ptII/ptolemy/actor/lib/test/auto/arrayType24.xml
2 ms. Memory: 1345536K Free: 1263840K (94%)
----------------- Invoking toplevel() on ptolemy.moml.MoMLSimpleApplication@a1722e8
----------------- Done invoking toplevel() on ptolemy.moml.MoMLSimpleApplication@a1722e8
reloadAllAccessors: .arrayType24

===========================================================================================
----------------- testing Sat Mar 16 03:44:39 UTC 2019 /home/travis/build/icyphy/ptII/ptolemy/actor/lib/test/auto/arrayType25.xml
----------------- Instantiating /home/travis/build/icyphy/ptII/ptolemy/actor/lib/test/auto/arrayType25.xml
1 ms. Memory: 1345536K Free: 1243458K (92%)
----------------- Invoking toplevel() on ptolemy.moml.MoMLSimpleApplication@29ebce45
----------------- Done invoking toplevel() on ptolemy.moml.MoMLSimpleApplication@29ebce45
reloadAllAccessors: .arrayType25

===========================================================================================
----------------- testing Sat Mar 16 03:44:39 UTC 2019 /home/travis/build/icyphy/ptII/ptolemy/actor/lib/test/auto/arrayType26.xml
----------------- Instantiating /home/travis/build/icyphy/ptII/ptolemy/actor/lib/test/auto/arrayType26.xml
1 ms. Memory: 1345536K Free: 1223076K (91%)
----------------- Invoking toplevel() on ptolemy.moml.MoMLSimpleApplication@7e34cb83
----------------- Done invoking toplevel() on ptolemy.moml.MoMLSimpleApplication@7e34cb83
reloadAllAccessors: .arrayType26

===========================================================================================
----------------- testing Sat Mar 16 03:44:39 UTC 2019 /home/travis/build/icyphy/ptII/ptolemy/actor/lib/test/auto/arrayType27.xml
----------------- Instantiating /home/travis/build/icyphy/ptII/ptolemy/actor/lib/test/auto/arrayType27.xml
2 ms. Memory: 1345536K Free: 1206583K (90%)
----------------- Invoking toplevel() on ptolemy.moml.MoMLSimpleApplication@4bf2a917
----------------- Done invoking toplevel() on ptolemy.moml.MoMLSimpleApplication@4bf2a917
reloadAllAccessors: .arrayType27

===========================================================================================
----------------- testing Sat Mar 16 03:44:39 UTC 2019 /home/travis/build/icyphy/ptII/ptolemy/actor/lib/test/auto/arrayType28.xml
----------------- Instantiating /home/travis/build/icyphy/ptII/ptolemy/actor/lib/test/auto/arrayType28.xml
1 ms. Memory: 1345536K Free: 1186201K (88%)
----------------- Invoking toplevel() on ptolemy.moml.MoMLSimpleApplication@517d56e0
----------------- Done invoking toplevel() on ptolemy.moml.MoMLSimpleApplication@517d56e0
reloadAllAccessors: .arrayType28

===========================================================================================
----------------- testing Sat Mar 16 03:44:39 UTC 2019 /home/travis/build/icyphy/ptII/ptolemy/actor/lib/test/auto/arrayType3.xml
----------------- Instantiating /home/travis/build/icyphy/ptII/ptolemy/actor/lib/test/auto/arrayType3.xml
1 ms. Memory: 1345536K Free: 1165820K (87%)
----------------- Invoking toplevel() on ptolemy.moml.MoMLSimpleApplication@7784a4af
----------------- Done invoking toplevel() on ptolemy.moml.MoMLSimpleApplication@7784a4af
reloadAllAccessors: .arrayType3

===========================================================================================
----------------- testing Sat Mar 16 03:44:39 UTC 2019 /home/travis/build/icyphy/ptII/ptolemy/actor/lib/test/auto/arrayType4.xml
----------------- Instantiating /home/travis/build/icyphy/ptII/ptolemy/actor/lib/test/auto/arrayType4.xml
2 ms. Memory: 1345536K Free: 1149327K (85%)
----------------- Invoking toplevel() on ptolemy.moml.MoMLSimpleApplication@5bdc2641
----------------- Done invoking toplevel() on ptolemy.moml.MoMLSimpleApplication@5bdc2641
reloadAllAccessors: .arrayType4

===========================================================================================
----------------- testing Sat Mar 16 03:44:39 UTC 2019 /home/travis/build/icyphy/ptII/ptolemy/actor/lib/test/auto/arrayType5.xml
----------------- Instantiating /home/travis/build/icyphy/ptII/ptolemy/actor/lib/test/auto/arrayType5.xml
1 ms. Memory: 1345536K Free: 1128945K (84%)
----------------- Invoking toplevel() on ptolemy.moml.MoMLSimpleApplication@51f221e0
----------------- Done invoking toplevel() on ptolemy.moml.MoMLSimpleApplication@51f221e0
reloadAllAccessors: .arrayType5

===========================================================================================
----------------- testing Sat Mar 16 03:44:39 UTC 2019 /home/travis/build/icyphy/ptII/ptolemy/actor/lib/test/auto/arrayType6.xml
----------------- Instantiating /home/travis/build/icyphy/ptII/ptolemy/actor/lib/test/auto/arrayType6.xml
1 ms. Memory: 1345536K Free: 1108563K (82%)
----------------- Invoking toplevel() on ptolemy.moml.MoMLSimpleApplication@7d7dd4fb
----------------- Done invoking toplevel() on ptolemy.moml.MoMLSimpleApplication@7d7dd4fb
reloadAllAccessors: .arrayType6

===========================================================================================
----------------- testing Sat Mar 16 03:44:39 UTC 2019 /home/travis/build/icyphy/ptII/ptolemy/actor/lib/test/auto/arrayType7.xml
----------------- Instantiating /home/travis/build/icyphy/ptII/ptolemy/actor/lib/test/auto/arrayType7.xml
1 ms. Memory: 1345536K Free: 1092070K (81%)
----------------- Invoking toplevel() on ptolemy.moml.MoMLSimpleApplication@1e74adaf
----------------- Done invoking toplevel() on ptolemy.moml.MoMLSimpleApplication@1e74adaf
reloadAllAccessors: .arrayType7

===========================================================================================
----------------- testing Sat Mar 16 03:44:39 UTC 2019 /home/travis/build/icyphy/ptII/ptolemy/actor/lib/test/auto/arrayType8.xml
----------------- Instantiating /home/travis/build/icyphy/ptII/ptolemy/actor/lib/test/auto/arrayType8.xml
1 ms. Memory: 1345536K Free: 1071688K (80%)
----------------- Invoking toplevel() on ptolemy.moml.MoMLSimpleApplication@7d89179f
----------------- Done invoking toplevel() on ptolemy.moml.MoMLSimpleApplication@7d89179f
reloadAllAccessors: .arrayType8

===========================================================================================
----------------- testing Sat Mar 16 03:44:39 UTC 2019 /home/travis/build/icyphy/ptII/ptolemy/actor/lib/test/auto/arrayType9.xml
----------------- Instantiating /home/travis/build/icyphy/ptII/ptolemy/actor/lib/test/auto/arrayType9.xml
1 ms. Memory: 1345536K Free: 1051307K (78%)
----------------- Invoking toplevel() on ptolemy.moml.MoMLSimpleApplication@48773f0a
----------------- Done invoking toplevel() on ptolemy.moml.MoMLSimpleApplication@48773f0a
reloadAllAccessors: .arrayType9

===========================================================================================
----------------- testing Sat Mar 16 03:44:40 UTC 2019 /home/travis/build/icyphy/ptII/ptolemy/actor/lib/test/auto/cast.xml
----------------- Instantiating /home/travis/build/icyphy/ptII/ptolemy/actor/lib/test/auto/cast.xml
2 ms. Memory: 1345536K Free: 1034813K (77%)
----------------- Invoking toplevel() on ptolemy.moml.MoMLSimpleApplication@21660db0
----------------- Done invoking toplevel() on ptolemy.moml.MoMLSimpleApplication@21660db0
reloadAllAccessors: .cast

===========================================================================================
----------------- testing Sat Mar 16 03:44:40 UTC 2019 /home/travis/build/icyphy/ptII/ptolemy/actor/lib/test/auto/compositeMultiPort.xml
----------------- Instantiating /home/travis/build/icyphy/ptII/ptolemy/actor/lib/test/auto/compositeMultiPort.xml
3 ms. Memory: 1345536K Free: 1014431K (75%)
----------------- Invoking toplevel() on ptolemy.moml.MoMLSimpleApplication@6f495cfe
----------------- Done invoking toplevel() on ptolemy.moml.MoMLSimpleApplication@6f495cfe
reloadAllAccessors: .compositeMultiPort

===========================================================================================
----------------- testing Sat Mar 16 03:44:40 UTC 2019 /home/travis/build/icyphy/ptII/ptolemy/actor/lib/test/auto/expressionCastInference.xml
----------------- Instantiating /home/travis/build/icyphy/ptII/ptolemy/actor/lib/test/auto/expressionCastInference.xml
3 ms. Memory: 1345536K Free: 994050K (74%)
----------------- Invoking toplevel() on ptolemy.moml.MoMLSimpleApplication@525a821b
----------------- Done invoking toplevel() on ptolemy.moml.MoMLSimpleApplication@525a821b
reloadAllAccessors: .expressionCastInference

===========================================================================================
----------------- testing Sat Mar 16 03:44:40 UTC 2019 /home/travis/build/icyphy/ptII/ptolemy/actor/lib/test/auto/expressionCastInference2.xml
----------------- Instantiating /home/travis/build/icyphy/ptII/ptolemy/actor/lib/test/auto/expressionCastInference2.xml
2 ms. Memory: 1345536K Free: 973668K (72%)
----------------- Invoking toplevel() on ptolemy.moml.MoMLSimpleApplication@337a421b
----------------- Done invoking toplevel() on ptolemy.moml.MoMLSimpleApplication@337a421b
reloadAllAccessors: .expressionCastInference2

===========================================================================================
----------------- testing Sat Mar 16 03:44:40 UTC 2019 /home/travis/build/icyphy/ptII/ptolemy/actor/lib/test/auto/expressionInference.xml
----------------- Instantiating /home/travis/build/icyphy/ptII/ptolemy/actor/lib/test/auto/expressionInference.xml
1 ms. Memory: 1345536K Free: 957175K (71%)
----------------- Invoking toplevel() on ptolemy.moml.MoMLSimpleApplication@47852316
----------------- Done invoking toplevel() on ptolemy.moml.MoMLSimpleApplication@47852316
reloadAllAccessors: .expressionInference

===========================================================================================
----------------- testing Sat Mar 16 03:44:40 UTC 2019 /home/travis/build/icyphy/ptII/ptolemy/actor/lib/test/auto/expression_bug.xml
----------------- Instantiating /home/travis/build/icyphy/ptII/ptolemy/actor/lib/test/auto/expression_bug.xml
1 ms. Memory: 1345536K Free: 936793K (70%)
----------------- Invoking toplevel() on ptolemy.moml.MoMLSimpleApplication@702d5d46
----------------- Done invoking toplevel() on ptolemy.moml.MoMLSimpleApplication@702d5d46
reloadAllAccessors: .expression_bug

===========================================================================================
----------------- testing Sat Mar 16 03:44:40 UTC 2019 /home/travis/build/icyphy/ptII/ptolemy/actor/lib/test/auto/factorial.xml
----------------- Instantiating /home/travis/build/icyphy/ptII/ptolemy/actor/lib/test/auto/factorial.xml
54 ms. Memory: 1345536K Free: 916411K (68%)
----------------- Invoking toplevel() on ptolemy.moml.MoMLSimpleApplication@225d12e4
----------------- Done invoking toplevel() on ptolemy.moml.MoMLSimpleApplication@225d12e4
reloadAllAccessors: .factorial

===========================================================================================
----------------- testing Sat Mar 16 03:44:40 UTC 2019 /home/travis/build/icyphy/ptII/ptolemy/actor/lib/test/auto/filterTest1.xml
----------------- Instantiating /home/travis/build/icyphy/ptII/ptolemy/actor/lib/test/auto/filterTest1.xml
3 ms. Memory: 1345536K Free: 899918K (67%)
----------------- Invoking toplevel() on ptolemy.moml.MoMLSimpleApplication@29266307
----------------- Done invoking toplevel() on ptolemy.moml.MoMLSimpleApplication@29266307
reloadAllAccessors: .filterTest1

===========================================================================================
----------------- testing Sat Mar 16 03:44:40 UTC 2019 /home/travis/build/icyphy/ptII/ptolemy/actor/lib/test/auto/funcApplyInConst.xml
----------------- Instantiating /home/travis/build/icyphy/ptII/ptolemy/actor/lib/test/auto/funcApplyInConst.xml
1 ms. Memory: 1345536K Free: 879536K (65%)
----------------- Invoking toplevel() on ptolemy.moml.MoMLSimpleApplication@3bdd9d0e
----------------- Done invoking toplevel() on ptolemy.moml.MoMLSimpleApplication@3bdd9d0e
reloadAllAccessors: .funcApplyInConst

===========================================================================================
----------------- testing Sat Mar 16 03:44:40 UTC 2019 /home/travis/build/icyphy/ptII/ptolemy/actor/lib/test/auto/funcApplyInExpr.xml
----------------- Instantiating /home/travis/build/icyphy/ptII/ptolemy/actor/lib/test/auto/funcApplyInExpr.xml
1 ms. Memory: 1345536K Free: 859155K (64%)
----------------- Invoking toplevel() on ptolemy.moml.MoMLSimpleApplication@3a2d7a3d
----------------- Done invoking toplevel() on ptolemy.moml.MoMLSimpleApplication@3a2d7a3d
reloadAllAccessors: .funcApplyInExpr

===========================================================================================
----------------- testing Sat Mar 16 03:44:40 UTC 2019 /home/travis/build/icyphy/ptII/ptolemy/actor/lib/test/auto/function.xml
----------------- Instantiating /home/travis/build/icyphy/ptII/ptolemy/actor/lib/test/auto/function.xml
2 ms. Memory: 1345536K Free: 842662K (63%)
----------------- Invoking toplevel() on ptolemy.moml.MoMLSimpleApplication@8112cc6
----------------- Done invoking toplevel() on ptolemy.moml.MoMLSimpleApplication@8112cc6
reloadAllAccessors: .function

===========================================================================================
----------------- testing Sat Mar 16 03:44:40 UTC 2019 /home/travis/build/icyphy/ptII/ptolemy/actor/lib/test/auto/function2.xml
----------------- Instantiating /home/travis/build/icyphy/ptII/ptolemy/actor/lib/test/auto/function2.xml
1 ms. Memory: 1345536K Free: 822280K (61%)
----------------- Invoking toplevel() on ptolemy.moml.MoMLSimpleApplication@ac8ab1d
----------------- Done invoking toplevel() on ptolemy.moml.MoMLSimpleApplication@ac8ab1d
reloadAllAccessors: .function2

===========================================================================================
----------------- testing Sat Mar 16 03:44:40 UTC 2019 /home/travis/build/icyphy/ptII/ptolemy/actor/lib/test/auto/function3.xml
----------------- Instantiating /home/travis/build/icyphy/ptII/ptolemy/actor/lib/test/auto/function3.xml
1 ms. Memory: 1345536K Free: 801898K (60%)
----------------- Invoking toplevel() on ptolemy.moml.MoMLSimpleApplication@68a6144
----------------- Done invoking toplevel() on ptolemy.moml.MoMLSimpleApplication@68a6144
reloadAllAccessors: .function3

===========================================================================================
----------------- testing Sat Mar 16 03:44:40 UTC 2019 /home/travis/build/icyphy/ptII/ptolemy/actor/lib/test/auto/functionClosureTest1.xml
----------------- Instantiating /home/travis/build/icyphy/ptII/ptolemy/actor/lib/test/auto/functionClosureTest1.xml
2 ms. Memory: 1345536K Free: 785405K (58%)
----------------- Invoking toplevel() on ptolemy.moml.MoMLSimpleApplication@6f4d86f8
----------------- Done invoking toplevel() on ptolemy.moml.MoMLSimpleApplication@6f4d86f8
reloadAllAccessors: .functionClosureTest1

===========================================================================================
----------------- testing Sat Mar 16 03:44:40 UTC 2019 /home/travis/build/icyphy/ptII/ptolemy/actor/lib/test/auto/functionClosureTest2.xml
----------------- Instantiating /home/travis/build/icyphy/ptII/ptolemy/actor/lib/test/auto/functionClosureTest2.xml
1 ms. Memory: 1345536K Free: 765023K (57%)
----------------- Invoking toplevel() on ptolemy.moml.MoMLSimpleApplication@38adb533
----------------- Done invoking toplevel() on ptolemy.moml.MoMLSimpleApplication@38adb533
reloadAllAccessors: .functionClosureTest2

===========================================================================================
----------------- testing Sat Mar 16 03:44:40 UTC 2019 /home/travis/build/icyphy/ptII/ptolemy/actor/lib/test/auto/functionClosureTest3.xml
----------------- Instantiating /home/travis/build/icyphy/ptII/ptolemy/actor/lib/test/auto/functionClosureTest3.xml
2 ms. Memory: 1345536K Free: 744641K (55%)
----------------- Invoking toplevel() on ptolemy.moml.MoMLSimpleApplication@438f1efc
----------------- Done invoking toplevel() on ptolemy.moml.MoMLSimpleApplication@438f1efc
reloadAllAccessors: .functionClosureTest3

===========================================================================================
----------------- testing Sat Mar 16 03:44:40 UTC 2019 /home/travis/build/icyphy/ptII/ptolemy/actor/lib/test/auto/functionClosureTest4.xml
----------------- Instantiating /home/travis/build/icyphy/ptII/ptolemy/actor/lib/test/auto/functionClosureTest4.xml
4 ms. Memory: 1345536K Free: 724260K (54%)
----------------- Invoking toplevel() on ptolemy.moml.MoMLSimpleApplication@66af0016
----------------- Done invoking toplevel() on ptolemy.moml.MoMLSimpleApplication@66af0016
reloadAllAccessors: .functionClosureTest4

===========================================================================================
----------------- testing Sat Mar 16 03:44:40 UTC 2019 /home/travis/build/icyphy/ptII/ptolemy/actor/lib/test/auto/functionClosureTest5.xml
----------------- Instantiating /home/travis/build/icyphy/ptII/ptolemy/actor/lib/test/auto/functionClosureTest5.xml
4 ms. Memory: 1345536K Free: 707767K (53%)
----------------- Invoking toplevel() on ptolemy.moml.MoMLSimpleApplication@38d69b9e
----------------- Done invoking toplevel() on ptolemy.moml.MoMLSimpleApplication@38d69b9e
reloadAllAccessors: .functionClosureTest5

===========================================================================================
----------------- testing Sat Mar 16 03:44:40 UTC 2019 /home/travis/build/icyphy/ptII/ptolemy/actor/lib/test/auto/functionClosureTest6.xml
----------------- Instantiating /home/travis/build/icyphy/ptII/ptolemy/actor/lib/test/auto/functionClosureTest6.xml
1 ms. Memory: 1345536K Free: 687385K (51%)
----------------- Invoking toplevel() on ptolemy.moml.MoMLSimpleApplication@15eb6bf2
----------------- Done invoking toplevel() on ptolemy.moml.MoMLSimpleApplication@15eb6bf2
reloadAllAccessors: .functionClosureTest6

===========================================================================================
----------------- testing Sat Mar 16 03:44:40 UTC 2019 /home/travis/build/icyphy/ptII/ptolemy/actor/lib/test/auto/functionsOnArcs.xml
----------------- Instantiating /home/travis/build/icyphy/ptII/ptolemy/actor/lib/test/auto/functionsOnArcs.xml
1 ms. Memory: 1345536K Free: 667003K (50%)
----------------- Invoking toplevel() on ptolemy.moml.MoMLSimpleApplication@4cbb2eaf
----------------- Done invoking toplevel() on ptolemy.moml.MoMLSimpleApplication@4cbb2eaf
reloadAllAccessors: .functionsOnArcs

===========================================================================================
----------------- testing Sat Mar 16 03:44:40 UTC 2019 /home/travis/build/icyphy/ptII/ptolemy/actor/lib/test/auto/functionsOnArcsHOF.xml
----------------- Instantiating /home/travis/build/icyphy/ptII/ptolemy/actor/lib/test/auto/functionsOnArcsHOF.xml
4 ms. Memory: 1345536K Free: 650510K (48%)
----------------- Invoking toplevel() on ptolemy.moml.MoMLSimpleApplication@722a7480
----------------- Done invoking toplevel() on ptolemy.moml.MoMLSimpleApplication@722a7480
reloadAllAccessors: .functionsOnArcsHOF

===========================================================================================
----------------- testing Sat Mar 16 03:44:40 UTC 2019 /home/travis/build/icyphy/ptII/ptolemy/actor/lib/test/auto/logic.xml
----------------- Instantiating /home/travis/build/icyphy/ptII/ptolemy/actor/lib/test/auto/logic.xml
1 ms. Memory: 1345536K Free: 630128K (47%)
----------------- Invoking toplevel() on ptolemy.moml.MoMLSimpleApplication@5639ed44
----------------- Done invoking toplevel() on ptolemy.moml.MoMLSimpleApplication@5639ed44
reloadAllAccessors: .logic

===========================================================================================
----------------- testing Sat Mar 16 03:44:40 UTC 2019 /home/travis/build/icyphy/ptII/ptolemy/actor/lib/test/auto/matrixType.xml
----------------- Instantiating /home/travis/build/icyphy/ptII/ptolemy/actor/lib/test/auto/matrixType.xml
1 ms. Memory: 1345536K Free: 609746K (45%)
----------------- Invoking toplevel() on ptolemy.moml.MoMLSimpleApplication@31b449b2
----------------- Done invoking toplevel() on ptolemy.moml.MoMLSimpleApplication@31b449b2
reloadAllAccessors: .matrixType

===========================================================================================
----------------- testing Sat Mar 16 03:44:40 UTC 2019 /home/travis/build/icyphy/ptII/ptolemy/actor/lib/test/auto/matrixType10.xml
----------------- Instantiating /home/travis/build/icyphy/ptII/ptolemy/actor/lib/test/auto/matrixType10.xml
1 ms. Memory: 1345536K Free: 593253K (44%)
----------------- Invoking toplevel() on ptolemy.moml.MoMLSimpleApplication@5666626c
----------------- Done invoking toplevel() on ptolemy.moml.MoMLSimpleApplication@5666626c
reloadAllAccessors: .matrixType10

===========================================================================================
----------------- testing Sat Mar 16 03:44:40 UTC 2019 /home/travis/build/icyphy/ptII/ptolemy/actor/lib/test/auto/matrixType11.xml
----------------- Instantiating /home/travis/build/icyphy/ptII/ptolemy/actor/lib/test/auto/matrixType11.xml
2 ms. Memory: 1345536K Free: 572872K (43%)
----------------- Invoking toplevel() on ptolemy.moml.MoMLSimpleApplication@5ab6c27f
----------------- Done invoking toplevel() on ptolemy.moml.MoMLSimpleApplication@5ab6c27f
reloadAllAccessors: .matrixType11

===========================================================================================
----------------- testing Sat Mar 16 03:44:40 UTC 2019 /home/travis/build/icyphy/ptII/ptolemy/actor/lib/test/auto/matrixType12.xml
----------------- Instantiating /home/travis/build/icyphy/ptII/ptolemy/actor/lib/test/auto/matrixType12.xml
2 ms. Memory: 1345536K Free: 552484K (41%)
----------------- Invoking toplevel() on ptolemy.moml.MoMLSimpleApplication@1f71a014
----------------- Done invoking toplevel() on ptolemy.moml.MoMLSimpleApplication@1f71a014
reloadAllAccessors: .matrixType12

===========================================================================================
----------------- testing Sat Mar 16 03:44:40 UTC 2019 /home/travis/build/icyphy/ptII/ptolemy/actor/lib/test/auto/matrixType13.xml
----------------- Instantiating /home/travis/build/icyphy/ptII/ptolemy/actor/lib/test/auto/matrixType13.xml
1 ms. Memory: 1345536K Free: 532103K (40%)
----------------- Invoking toplevel() on ptolemy.moml.MoMLSimpleApplication@734f7844
----------------- Done invoking toplevel() on ptolemy.moml.MoMLSimpleApplication@734f7844
reloadAllAccessors: .matrixType13

===========================================================================================
----------------- testing Sat Mar 16 03:44:40 UTC 2019 /home/travis/build/icyphy/ptII/ptolemy/actor/lib/test/auto/matrixType14.xml
----------------- Instantiating /home/travis/build/icyphy/ptII/ptolemy/actor/lib/test/auto/matrixType14.xml
2 ms. Memory: 1345536K Free: 515609K (38%)
----------------- Invoking toplevel() on ptolemy.moml.MoMLSimpleApplication@492dd01f
----------------- Done invoking toplevel() on ptolemy.moml.MoMLSimpleApplication@492dd01f
reloadAllAccessors: .matrixType14

===========================================================================================
----------------- testing Sat Mar 16 03:44:40 UTC 2019 /home/travis/build/icyphy/ptII/ptolemy/actor/lib/test/auto/matrixType2.xml
----------------- Instantiating /home/travis/build/icyphy/ptII/ptolemy/actor/lib/test/auto/matrixType2.xml
2 ms. Memory: 1345536K Free: 495228K (37%)
----------------- Invoking toplevel() on ptolemy.moml.MoMLSimpleApplication@3c6873ee
----------------- Done invoking toplevel() on ptolemy.moml.MoMLSimpleApplication@3c6873ee
reloadAllAccessors: .matrixType2

===========================================================================================
----------------- testing Sat Mar 16 03:44:40 UTC 2019 /home/travis/build/icyphy/ptII/ptolemy/actor/lib/test/auto/matrixType3.xml
----------------- Instantiating /home/travis/build/icyphy/ptII/ptolemy/actor/lib/test/auto/matrixType3.xml
4 ms. Memory: 1345536K Free: 474846K (35%)
----------------- Invoking toplevel() on ptolemy.moml.MoMLSimpleApplication@5a1f4e14
----------------- Done invoking toplevel() on ptolemy.moml.MoMLSimpleApplication@5a1f4e14
reloadAllAccessors: .matrixType3

===========================================================================================
----------------- testing Sat Mar 16 03:44:40 UTC 2019 /home/travis/build/icyphy/ptII/ptolemy/actor/lib/test/auto/matrixType4.xml
----------------- Instantiating /home/travis/build/icyphy/ptII/ptolemy/actor/lib/test/auto/matrixType4.xml
1 ms. Memory: 1345536K Free: 458353K (34%)
----------------- Invoking toplevel() on ptolemy.moml.MoMLSimpleApplication@4e106d57
----------------- Done invoking toplevel() on ptolemy.moml.MoMLSimpleApplication@4e106d57
reloadAllAccessors: .matrixType4

===========================================================================================
----------------- testing Sat Mar 16 03:44:40 UTC 2019 /home/travis/build/icyphy/ptII/ptolemy/actor/lib/test/auto/matrixType5.xml
----------------- Instantiating /home/travis/build/icyphy/ptII/ptolemy/actor/lib/test/auto/matrixType5.xml
2 ms. Memory: 1345536K Free: 437971K (33%)
----------------- Invoking toplevel() on ptolemy.moml.MoMLSimpleApplication@5fbdb177
----------------- Done invoking toplevel() on ptolemy.moml.MoMLSimpleApplication@5fbdb177
reloadAllAccessors: .matrixType5

===========================================================================================
----------------- testing Sat Mar 16 03:44:40 UTC 2019 /home/travis/build/icyphy/ptII/ptolemy/actor/lib/test/auto/matrixType6.xml
----------------- Instantiating /home/travis/build/icyphy/ptII/ptolemy/actor/lib/test/auto/matrixType6.xml
1 ms. Memory: 1345536K Free: 417590K (31%)
----------------- Invoking toplevel() on ptolemy.moml.MoMLSimpleApplication@4bc2a56c
----------------- Done invoking toplevel() on ptolemy.moml.MoMLSimpleApplication@4bc2a56c
reloadAllAccessors: .matrixType6

===========================================================================================
----------------- testing Sat Mar 16 03:44:40 UTC 2019 /home/travis/build/icyphy/ptII/ptolemy/actor/lib/test/auto/matrixType7.xml
----------------- Instantiating /home/travis/build/icyphy/ptII/ptolemy/actor/lib/test/auto/matrixType7.xml
1 ms. Memory: 1345536K Free: 401097K (30%)
----------------- Invoking toplevel() on ptolemy.moml.MoMLSimpleApplication@7ef7528
----------------- Done invoking toplevel() on ptolemy.moml.MoMLSimpleApplication@7ef7528
reloadAllAccessors: .matrixType7

===========================================================================================
----------------- testing Sat Mar 16 03:44:40 UTC 2019 /home/travis/build/icyphy/ptII/ptolemy/actor/lib/test/auto/matrixType8.xml
----------------- Instantiating /home/travis/build/icyphy/ptII/ptolemy/actor/lib/test/auto/matrixType8.xml
1 ms. Memory: 1345536K Free: 380715K (28%)
----------------- Invoking toplevel() on ptolemy.moml.MoMLSimpleApplication@db0e164
----------------- Done invoking toplevel() on ptolemy.moml.MoMLSimpleApplication@db0e164
reloadAllAccessors: .matrixType8

===========================================================================================
----------------- testing Sat Mar 16 03:44:40 UTC 2019 /home/travis/build/icyphy/ptII/ptolemy/actor/lib/test/auto/matrixType9.xml
----------------- Instantiating /home/travis/build/icyphy/ptII/ptolemy/actor/lib/test/auto/matrixType9.xml
1 ms. Memory: 1345536K Free: 360333K (27%)
----------------- Invoking toplevel() on ptolemy.moml.MoMLSimpleApplication@1db0f4cc
----------------- Done invoking toplevel() on ptolemy.moml.MoMLSimpleApplication@1db0f4cc
reloadAllAccessors: .matrixType9

===========================================================================================
----------------- testing Sat Mar 16 03:44:40 UTC 2019 /home/travis/build/icyphy/ptII/ptolemy/actor/lib/test/auto/paraFunctest.xml
----------------- Instantiating /home/travis/build/icyphy/ptII/ptolemy/actor/lib/test/auto/paraFunctest.xml
1 ms. Memory: 1345536K Free: 339951K (25%)
----------------- Invoking toplevel() on ptolemy.moml.MoMLSimpleApplication@3ebcd4f8
----------------- Done invoking toplevel() on ptolemy.moml.MoMLSimpleApplication@3ebcd4f8
reloadAllAccessors: .paraFunctest

===========================================================================================
----------------- testing Sat Mar 16 03:44:40 UTC 2019 /home/travis/build/icyphy/ptII/ptolemy/actor/lib/test/auto/paraFunctest2.xml
----------------- Instantiating /home/travis/build/icyphy/ptII/ptolemy/actor/lib/test/auto/paraFunctest2.xml
5 ms. Memory: 1345536K Free: 323458K (24%)
----------------- Invoking toplevel() on ptolemy.moml.MoMLSimpleApplication@4c325e78
----------------- Done invoking toplevel() on ptolemy.moml.MoMLSimpleApplication@4c325e78
reloadAllAccessors: .paraFunctest2

===========================================================================================
----------------- testing Sat Mar 16 03:44:40 UTC 2019 /home/travis/build/icyphy/ptII/ptolemy/actor/lib/test/auto/parameterPassing.xml
----------------- Instantiating /home/travis/build/icyphy/ptII/ptolemy/actor/lib/test/auto/parameterPassing.xml
1 ms. Memory: 1345536K Free: 303076K (23%)
----------------- Invoking toplevel() on ptolemy.moml.MoMLSimpleApplication@428eb76f
----------------- Done invoking toplevel() on ptolemy.moml.MoMLSimpleApplication@428eb76f
reloadAllAccessors: .parameterPassing

===========================================================================================
----------------- testing Sat Mar 16 03:44:40 UTC 2019 /home/travis/build/icyphy/ptII/ptolemy/actor/lib/test/auto/record.xml
----------------- Instantiating /home/travis/build/icyphy/ptII/ptolemy/actor/lib/test/auto/record.xml
2 ms. Memory: 1345536K Free: 282695K (21%)
----------------- Invoking toplevel() on ptolemy.moml.MoMLSimpleApplication@226a8644
----------------- Done invoking toplevel() on ptolemy.moml.MoMLSimpleApplication@226a8644
reloadAllAccessors: .record

===========================================================================================
----------------- testing Sat Mar 16 03:44:40 UTC 2019 /home/travis/build/icyphy/ptII/ptolemy/actor/lib/test/auto/sizedarray1.xml
----------------- Instantiating /home/travis/build/icyphy/ptII/ptolemy/actor/lib/test/auto/sizedarray1.xml
2 ms. Memory: 1345536K Free: 266202K (20%)
----------------- Invoking toplevel() on ptolemy.moml.MoMLSimpleApplication@1614dc93
----------------- Done invoking toplevel() on ptolemy.moml.MoMLSimpleApplication@1614dc93
reloadAllAccessors: .sizedarray1

===========================================================================================
----------------- testing Sat Mar 16 03:44:40 UTC 2019 /home/travis/build/icyphy/ptII/ptolemy/actor/lib/test/auto/sizedarray2.xml
----------------- Instantiating /home/travis/build/icyphy/ptII/ptolemy/actor/lib/test/auto/sizedarray2.xml
1 ms. Memory: 1345536K Free: 245820K (18%)
----------------- Invoking toplevel() on ptolemy.moml.MoMLSimpleApplication@523b4f7f
----------------- Done invoking toplevel() on ptolemy.moml.MoMLSimpleApplication@523b4f7f
reloadAllAccessors: .sizedarray2

===========================================================================================
----------------- testing Sat Mar 16 03:44:40 UTC 2019 /home/travis/build/icyphy/ptII/ptolemy/actor/lib/test/auto/twoPublishers.xml
----------------- Instantiating /home/travis/build/icyphy/ptII/ptolemy/actor/lib/test/auto/twoPublishers.xml
2 ms. Memory: 1345536K Free: 217175K (16%)
----------------- Invoking toplevel() on ptolemy.moml.MoMLSimpleApplication@3db51d87
----------------- Done invoking toplevel() on ptolemy.moml.MoMLSimpleApplication@3db51d87
reloadAllAccessors: .twoPublishers
AutoTests.java: About to close Vertx.
AutoTests.java: Vertx closed.
]]></system-out>
  <system-err><![CDATA[java.lang.RuntimeException: Execution failed
	at ptolemy.moml.MoMLSimpleApplication$UnloadThread.run(MoMLSimpleApplication.java:402)
Caused by: java.lang.RuntimeException: StringUtilities.exit() was called. Normally, we would exit here because Manager.exitAfterWrapup() was called.  However, because the ptolemy.ptII.exitAfterWrapup property is set, we throw this exception instead.
	at ptolemy.util.StringUtilities.exit(StringUtilities.java:363)
	at ptolemy.actor.Manager.wrapup(Manager.java:1531)
	at ptolemy.actor.Manager.execute(Manager.java:407)
	at ptolemy.actor.Manager.run(Manager.java:1263)
	at ptolemy.actor.Manager$PtolemyRunThread.run(Manager.java:1915)
Warning: '.top.test' is in training mode, set the trainingMode parameter to false before checking in
Warning: '.top.test' is in training mode, set the trainingMode parameter to false before checking in
Warning: '.top.test' is in training mode, set the trainingMode parameter to false before checking in
Warning: '.BooleanSwitch_RegressionTest_WrongTrainingValues.Test' is in training mode, set the trainingMode parameter to false before checking in
Warning: '.BooleanSwitch_RegressionTest_WrongTrainingValues.Test2' is in training mode, set the trainingMode parameter to false before checking in
Warning: '.BooleanSwitch_RegressionTest_WrongTrainingValues.Test2' The test produced 0 tokens.
Warning: '.top.testExceptionHandler' is in training mode, set the trainingMode parameter to false before checking in
java.lang.RuntimeException: Execution failed
	at ptolemy.moml.MoMLSimpleApplication$UnloadThread.run(MoMLSimpleApplication.java:402)
Caused by: ptolemy.kernel.util.IllegalActionException: PublisherPorts cannot be used at the top level, use a Publisher actor instead.
  in .PublisherPortToplevelSubscriber.PublisherPort
	at ptolemy.actor.PublisherPort.preinitialize(PublisherPort.java:403)
	at ptolemy.actor.CompositeActor.preinitialize(CompositeActor.java:1769)
	at ptolemy.actor.Manager.preinitializeAndResolveTypes(Manager.java:1040)
	at ptolemy.actor.Manager.initialize(Manager.java:710)
	at ptolemy.actor.Manager.execute(Manager.java:356)
	at ptolemy.actor.Manager.run(Manager.java:1263)
	at ptolemy.actor.Manager$PtolemyRunThread.run(Manager.java:1915)
java.lang.reflect.InvocationTargetException
	at sun.reflect.NativeConstructorAccessorImpl.newInstance0(Native Method)
	at sun.reflect.NativeConstructorAccessorImpl.newInstance(NativeConstructorAccessorImpl.java:62)
	at sun.reflect.DelegatingConstructorAccessorImpl.newInstance(DelegatingConstructorAccessorImpl.java:45)
	at java.lang.reflect.Constructor.newInstance(Constructor.java:423)
	at ptolemy.util.test.junit.AutoKnownFailedTests.RunModel(AutoKnownFailedTests.java:105)
	at sun.reflect.NativeMethodAccessorImpl.invoke0(Native Method)
	at sun.reflect.NativeMethodAccessorImpl.invoke(NativeMethodAccessorImpl.java:62)
	at sun.reflect.DelegatingMethodAccessorImpl.invoke(DelegatingMethodAccessorImpl.java:43)
	at java.lang.reflect.Method.invoke(Method.java:498)
	at org.junit.runners.model.FrameworkMethod$1.runReflectiveCall(FrameworkMethod.java:44)
	at org.junit.internal.runners.model.ReflectiveCallable.run(ReflectiveCallable.java:15)
	at org.junit.runners.model.FrameworkMethod.invokeExplosively(FrameworkMethod.java:41)
	at junitparams.internal.InvokeParameterisedMethod.evaluate(InvokeParameterisedMethod.java:102)
	at org.junit.internal.runners.statements.FailOnTimeout$1.run(FailOnTimeout.java:28)
Caused by: ptolemy.kernel.util.IllegalActionException: PublisherPorts cannot be used at the top level, use a Publisher actor instead.
  in .PublisherPortToplevelSubscriber.PublisherPort
	at ptolemy.actor.PublisherPort.preinitialize(PublisherPort.java:403)
	at ptolemy.actor.CompositeActor.preinitialize(CompositeActor.java:1769)
	at ptolemy.actor.Manager.preinitializeAndResolveTypes(Manager.java:1040)
	at ptolemy.actor.Manager.initialize(Manager.java:710)
	at ptolemy.actor.Manager.execute(Manager.java:356)
	at ptolemy.actor.Manager.run(Manager.java:1263)
	at ptolemy.actor.Manager$PtolemyRunThread.run(Manager.java:1915)
java.lang.RuntimeException: Execution failed
	at ptolemy.moml.MoMLSimpleApplication$UnloadThread.run(MoMLSimpleApplication.java:402)
Caused by: ptolemy.kernel.util.IllegalActionException: SubscriberPorts cannot be used at the top level, use a Subscriber actor instead.
  in .PublisherSubscriberPortToplevel.SubscriberPort
	at ptolemy.actor.SubscriberPort.preinitialize(SubscriberPort.java:328)
	at ptolemy.actor.CompositeActor.preinitialize(CompositeActor.java:1769)
	at ptolemy.actor.Manager.preinitializeAndResolveTypes(Manager.java:1040)
	at ptolemy.actor.Manager.initialize(Manager.java:710)
	at ptolemy.actor.Manager.execute(Manager.java:356)
	at ptolemy.actor.Manager.run(Manager.java:1263)
	at ptolemy.actor.Manager$PtolemyRunThread.run(Manager.java:1915)
java.lang.reflect.InvocationTargetException
	at sun.reflect.NativeConstructorAccessorImpl.newInstance0(Native Method)
	at sun.reflect.NativeConstructorAccessorImpl.newInstance(NativeConstructorAccessorImpl.java:62)
	at sun.reflect.DelegatingConstructorAccessorImpl.newInstance(DelegatingConstructorAccessorImpl.java:45)
	at java.lang.reflect.Constructor.newInstance(Constructor.java:423)
	at ptolemy.util.test.junit.AutoKnownFailedTests.RunModel(AutoKnownFailedTests.java:105)
	at sun.reflect.NativeMethodAccessorImpl.invoke0(Native Method)
	at sun.reflect.NativeMethodAccessorImpl.invoke(NativeMethodAccessorImpl.java:62)
	at sun.reflect.DelegatingMethodAccessorImpl.invoke(DelegatingMethodAccessorImpl.java:43)
	at java.lang.reflect.Method.invoke(Method.java:498)
	at org.junit.runners.model.FrameworkMethod$1.runReflectiveCall(FrameworkMethod.java:44)
	at org.junit.internal.runners.model.ReflectiveCallable.run(ReflectiveCallable.java:15)
	at org.junit.runners.model.FrameworkMethod.invokeExplosively(FrameworkMethod.java:41)
	at junitparams.internal.InvokeParameterisedMethod.evaluate(InvokeParameterisedMethod.java:102)
	at org.junit.internal.runners.statements.FailOnTimeout$1.run(FailOnTimeout.java:28)
Caused by: ptolemy.kernel.util.IllegalActionException: SubscriberPorts cannot be used at the top level, use a Subscriber actor instead.
  in .PublisherSubscriberPortToplevel.SubscriberPort
	at ptolemy.actor.SubscriberPort.preinitialize(SubscriberPort.java:328)
	at ptolemy.actor.CompositeActor.preinitialize(CompositeActor.java:1769)
	at ptolemy.actor.Manager.preinitializeAndResolveTypes(Manager.java:1040)
	at ptolemy.actor.Manager.initialize(Manager.java:710)
	at ptolemy.actor.Manager.execute(Manager.java:356)
	at ptolemy.actor.Manager.run(Manager.java:1263)
	at ptolemy.actor.Manager$PtolemyRunThread.run(Manager.java:1915)
java.lang.RuntimeException: Execution failed
	at ptolemy.moml.MoMLSimpleApplication$UnloadThread.run(MoMLSimpleApplication.java:402)
Caused by: ptolemy.kernel.util.IllegalActionException: SubscriptionAggregatorPorts cannot be used at the top level, use a SubscriptionAggregator actor instead.
  in .PublisherSubscriptionAggregatorPort.SubscriptionAggregatorPort
	at ptolemy.actor.SubscriptionAggregatorPort.preinitialize(SubscriptionAggregatorPort.java:353)
	at ptolemy.actor.CompositeActor.preinitialize(CompositeActor.java:1769)
	at ptolemy.actor.Manager.preinitializeAndResolveTypes(Manager.java:1040)
	at ptolemy.actor.Manager.initialize(Manager.java:710)
	at ptolemy.actor.Manager.execute(Manager.java:356)
	at ptolemy.actor.Manager.run(Manager.java:1263)
	at ptolemy.actor.Manager$PtolemyRunThread.run(Manager.java:1915)
java.lang.reflect.InvocationTargetException
	at sun.reflect.NativeConstructorAccessorImpl.newInstance0(Native Method)
	at sun.reflect.NativeConstructorAccessorImpl.newInstance(NativeConstructorAccessorImpl.java:62)
	at sun.reflect.DelegatingConstructorAccessorImpl.newInstance(DelegatingConstructorAccessorImpl.java:45)
	at java.lang.reflect.Constructor.newInstance(Constructor.java:423)
	at ptolemy.util.test.junit.AutoKnownFailedTests.RunModel(AutoKnownFailedTests.java:105)
	at sun.reflect.NativeMethodAccessorImpl.invoke0(Native Method)
	at sun.reflect.NativeMethodAccessorImpl.invoke(NativeMethodAccessorImpl.java:62)
	at sun.reflect.DelegatingMethodAccessorImpl.invoke(DelegatingMethodAccessorImpl.java:43)
	at java.lang.reflect.Method.invoke(Method.java:498)
	at org.junit.runners.model.FrameworkMethod$1.runReflectiveCall(FrameworkMethod.java:44)
	at org.junit.internal.runners.model.ReflectiveCallable.run(ReflectiveCallable.java:15)
	at org.junit.runners.model.FrameworkMethod.invokeExplosively(FrameworkMethod.java:41)
	at junitparams.internal.InvokeParameterisedMethod.evaluate(InvokeParameterisedMethod.java:102)
	at org.junit.internal.runners.statements.FailOnTimeout$1.run(FailOnTimeout.java:28)
Caused by: ptolemy.kernel.util.IllegalActionException: SubscriptionAggregatorPorts cannot be used at the top level, use a SubscriptionAggregator actor instead.
  in .PublisherSubscriptionAggregatorPort.SubscriptionAggregatorPort
	at ptolemy.actor.SubscriptionAggregatorPort.preinitialize(SubscriptionAggregatorPort.java:353)
	at ptolemy.actor.CompositeActor.preinitialize(CompositeActor.java:1769)
	at ptolemy.actor.Manager.preinitializeAndResolveTypes(Manager.java:1040)
	at ptolemy.actor.Manager.initialize(Manager.java:710)
	at ptolemy.actor.Manager.execute(Manager.java:356)
	at ptolemy.actor.Manager.run(Manager.java:1263)
	at ptolemy.actor.Manager$PtolemyRunThread.run(Manager.java:1915)
java.lang.RuntimeException: Execution failed
	at ptolemy.moml.MoMLSimpleApplication$UnloadThread.run(MoMLSimpleApplication.java:402)
Caused by: ptolemy.kernel.util.IllegalActionException: TypeTest actor has no training data.
  in .sizedarray3.TypeTest
	at ptolemy.actor.lib.TypeTest.initialize(TypeTest.java:250)
	at ptolemy.actor.Director.initialize(Director.java:938)
	at ptolemy.actor.Director.initialize(Director.java:907)
	at ptolemy.actor.sched.StaticSchedulingDirector.initialize(StaticSchedulingDirector.java:159)
	at ptolemy.domains.sdf.kernel.SDFDirector.initialize(SDFDirector.java:544)
	at ptolemy.actor.CompositeActor.initialize(CompositeActor.java:935)
	at ptolemy.actor.Manager.initialize(Manager.java:724)
	at ptolemy.actor.Manager.execute(Manager.java:356)
	at ptolemy.actor.Manager.run(Manager.java:1263)
	at ptolemy.actor.Manager$PtolemyRunThread.run(Manager.java:1915)
java.lang.reflect.InvocationTargetException
	at sun.reflect.NativeConstructorAccessorImpl.newInstance0(Native Method)
	at sun.reflect.NativeConstructorAccessorImpl.newInstance(NativeConstructorAccessorImpl.java:62)
	at sun.reflect.DelegatingConstructorAccessorImpl.newInstance(DelegatingConstructorAccessorImpl.java:45)
	at java.lang.reflect.Constructor.newInstance(Constructor.java:423)
	at ptolemy.util.test.junit.AutoKnownFailedTests.RunModel(AutoKnownFailedTests.java:105)
	at sun.reflect.NativeMethodAccessorImpl.invoke0(Native Method)
	at sun.reflect.NativeMethodAccessorImpl.invoke(NativeMethodAccessorImpl.java:62)
	at sun.reflect.DelegatingMethodAccessorImpl.invoke(DelegatingMethodAccessorImpl.java:43)
	at java.lang.reflect.Method.invoke(Method.java:498)
	at org.junit.runners.model.FrameworkMethod$1.runReflectiveCall(FrameworkMethod.java:44)
	at org.junit.internal.runners.model.ReflectiveCallable.run(ReflectiveCallable.java:15)
	at org.junit.runners.model.FrameworkMethod.invokeExplosively(FrameworkMethod.java:41)
	at junitparams.internal.InvokeParameterisedMethod.evaluate(InvokeParameterisedMethod.java:102)
	at org.junit.internal.runners.statements.FailOnTimeout$1.run(FailOnTimeout.java:28)
Caused by: ptolemy.kernel.util.IllegalActionException: TypeTest actor has no training data.
  in .sizedarray3.TypeTest
	at ptolemy.actor.lib.TypeTest.initialize(TypeTest.java:250)
	at ptolemy.actor.Director.initialize(Director.java:938)
	at ptolemy.actor.Director.initialize(Director.java:907)
	at ptolemy.actor.sched.StaticSchedulingDirector.initialize(StaticSchedulingDirector.java:159)
	at ptolemy.domains.sdf.kernel.SDFDirector.initialize(SDFDirector.java:544)
	at ptolemy.actor.CompositeActor.initialize(CompositeActor.java:935)
	at ptolemy.actor.Manager.initialize(Manager.java:724)
	at ptolemy.actor.Manager.execute(Manager.java:356)
	at ptolemy.actor.Manager.run(Manager.java:1263)
	at ptolemy.actor.Manager$PtolemyRunThread.run(Manager.java:1915)
]]></system-err>
</testsuite>
