<?xml version="1.0" encoding="UTF-8" ?>
<testsuite errors="0" failures="0" hostname="travis-job-2802045b-6450-4e9f-bac8-28fdb175577a" name="ptolemy.domains.de.test.junit.JUnitTclTest" skipped="0" tests="101" time="131.275" timestamp="2018-06-10T01:19:15">
  <properties>
    <property name="npm.executable" value="npm" />
    <property name="file.encoding.pkg" value="sun.io" />
    <property name="ptII.mk.exists" value="true" />
    <property name="env.rvm_bin_path" value="/home/travis/.rvm/bin" />
    <property name="java.home" value="/usr/lib/jvm/java-8-oracle/jre" />
    <property name="env.TRAVIS_JOB_NUMBER" value="558.8" />
    <property name="env.DISPLAY" value=":99.0" />
    <property name="java.net.preferIPv4Stack" value="true" />
    <property name="env.SSH_TTY" value="/dev/pts/0" />
    <property name="env.RUN_TESTS" value="true" />
    <property name="timeout.short" value="1000000" />
    <property name="env.TRAVIS_STACK_NODE_ATTRIBUTES" value="/.node-attributes.yml" />
    <property name="junit.formatter" value="xml" />
    <property name="java.endorsed.dirs" value="/usr/lib/jvm/java-8-oracle/jre/lib/endorsed" />
    <property name="env.TRAVIS_SUDO" value="true" />
    <property name="env.LOGNAME" value="travis" />
    <property name="jsdoc.home" value="node_modules/@terraswarm/jsdoc" />
    <property name="debuglevel" value="source,lines,vars" />
    <property name="checkstyle.formatter" value="xml" />
    <property name="bin.vergil.makeable" value="true" />
    <property name="env._system_version" value="14.04" />
    <property name="sun.os.patch.level" value="unknown" />
    <property name="java.vendor.url" value="http://java.oracle.com/" />
    <property name="java.version" value="1.8.0_151" />
    <property name="env.TZ" value="UTC" />
    <property name="env.PT_NO_NET" value="true" />
    <property name="env.TRAVIS_PULL_REQUEST_SHA" value="" />
    <property name="env.TRAVIS_SECURE_ENV_VARS" value="true" />
    <property name="env._system_type" value="Linux" />
    <property name="java.vendor.url.bug" value="http://bugreport.sun.com/bugreport/" />
    <property name="env.SSH_CLIENT" value="10.10.16.9 43216 22" />
    <property name="npmjs-org-is-up" value="true" />
    <property name="env.GEM_HOME" value="/home/travis/.rvm/gems/ruby-2.4.1" />
    <property name="env.HAS_ANTARES_THREE_LITTLE_FRONZIES_BADGE" value="true" />
    <property name="env.PS4" value="+" />
    <property name="ant.project.invoked-targets" value="build,test.core2.xml" />
    <property name="env.TRAVIS_PULL_REQUEST_BRANCH" value="" />
    <property name="env.TRAVIS_REPO_SLUG" value="icyphy/ptII" />
    <property name="node.in.path" value="true" />
    <property name="java.maxmemory" value="1400m" />
    <property name="env.RUBY_VERSION" value="ruby-2.4.1" />
    <property name="user.name" value="travis" />
    <property name="env.LANG" value="en_US.UTF-8" />
    <property name="sun.io.unicode.encoding" value="UnicodeLittle" />
    <property name="sun.jnu.encoding" value="UTF-8" />
    <property name="java.runtime.name" value="Java(TM) SE Runtime Environment" />
    <property name="usefile" value="false" />
    <property name="return.code" value="0" />
    <property name="junit.single.formatter" value="plain" />
    <property name="env.DYLD_LIBRARY_PATH" value="/home/travis/pthla/certi-tools/lib:" />
    <property name="env.DEBIAN_FRONTEND" value="noninteractive" />
    <property name="env.SSH_CONNECTION" value="10.10.16.9 43216 10.20.0.31 22" />
    <property name="env.MYSQL_UNIX_PORT" value="/var/run/mysqld/mysqld.sock" />
    <property name="env.TRAVIS_ALLOW_FAILURE" value="false" />
    <property name="env.LC_ALL" value="en_US.UTF-8" />
    <property name="java.specification.name" value="Java Platform API Specification" />
    <property name="node.works" value="true" />
    <property name="user.timezone" value="" />
    <property name="path.separator" value=":" />
    <property name="env.PYTHON_CFLAGS" value="-g -fstack-protector --param=ssp-buffer-size=4 -Wformat -Werror=format-security" />
    <property name="timeout.long" value="4000000" />
    <property name="env.CERTI_HOME" value="/home/travis/pthla/certi-tools" />
    <property name="file.encoding" value="UTF-8" />
    <property name="ant.file.ptII" value="/home/travis/build/icyphy/ptII/build.xml" />
    <property name="javadoc.packagenames" value="com.*,diva.*,lbnl.*,org.hlacerti.*,org.json.*,org.ptolemy.*,org.terraswarm.*,ptolemy.*,ptserver.*" />
    <property name="env.TRAVIS_PULL_REQUEST_SLUG" value="" />
    <property name="ant.project.default-target" value="build" />
    <property name="env.GIT_ASKPASS" value="echo" />
    <property name="env.HOME" value="/home/travis" />
    <property name="sun.java.command" value="org.apache.tools.ant.taskdefs.optional.junit.JUnitTestRunner ptolemy.domains.de.test.junit.JUnitTclTest skipNonTests=false filtertrace=true haltOnError=false haltOnFailure=false formatter=org.apache.tools.ant.taskdefs.optional.junit.OutErrSummaryJUnitResultFormatter showoutput=true outputtoformatters=true logfailedtests=true threadid=0 logtestlistenerevents=false formatter=org.apache.tools.ant.taskdefs.optional.junit.XMLJUnitResultFormatter,/home/travis/build/icyphy/ptII/reports/junit/TEST-ptolemy.domains.de.test.junit.JUnitTclTest.xml crashfile=/home/travis/build/icyphy/ptII/junitvmwatcher1150714335621097149.properties propsfile=/home/travis/build/icyphy/ptII/junit7355370297183760622.properties" />
    <property name="env.MANPATH" value="/home/travis/.nvm/versions/node/v7.10.1/share/man:/home/travis/.kiex/elixirs/elixir-1.4.5/man:/home/travis/.rvm/rubies/ruby-2.4.1/share/man:/usr/local/man:/usr/local/cmake-3.9.2/man:/usr/local/clang-5.0.0/share/man:/usr/local/share/man:/usr/share/man:/home/travis/.rvm/man" />
    <property name="env.COMPOSER_NO_INTERACTION" value="1" />
    <property name="env.JDK_SWITCHER_DEFAULT" value="oraclejdk8" />
    <property name="ant.file" value="/home/travis/build/icyphy/ptII/build.xml" />
    <property name="env.TRAVIS_COMMIT_RANGE" value="7921280cf9c8b06d1a5afb0146d105e1b40334ad...f05e84bcff6e630c40edc6b03f69eee655900500" />
    <property name="env._system_name" value="Ubuntu" />
    <property name="timeout" value="2400000" />
    <property name="ptII.classpath.optional.property" value="/home/travis/build/icyphy/ptII/lib/bsh-2.0b4.jar:/home/travis/build/icyphy/ptII/lib/ptCal.jar:/home/travis/build/icyphy/ptII/lib/java_cup.jar:/home/travis/build/icyphy/ptII/lib/saxon8.jar:/home/travis/build/icyphy/ptII/lib/saxon8-dom.jar:/home/travis/build/icyphy/ptII/lib/chic.jar:/home/travis/build/icyphy/ptII/lib/ptcolt.jar:/usr/lib/jvm/java-8-oracle/lib/tools.jar:/usr/lib/eclipse/plugins/org.eclipse.jdt.core_3.8.2.dist.jar:/usr/lib/eclipse/plugins/org.eclipse.core.runtime_3.8.0.dist.jar:/usr/lib/eclipse/plugins/org.eclipse.osgi_3.8.1.dist.jar:/usr/lib/eclipse/plugins/org.eclipse.core.resources_3.8.1.dist.jar:/usr/lib/eclipse/plugins/org.eclipse.equinox.common_3.6.100.dist.jar:/usr/lib/eclipse/plugins/org.eclipse.core.jobs_3.5.200.dist.jar:/usr/lib/eclipse/plugins/org.eclipse.core.contenttype_3.4.200.dist.jar:/usr/lib/eclipse/plugins/org.eclipse.equinox.preferences_3.5.0.dist.jar:/usr/lib/eclipse/plugins/org.eclipse.text_3.5.200.dist.jar:/usr/lib/eclipse/plugins/org.eclipse.ui.workbench_3.8.1.dist.jar:/usr/lib/eclipse/plugins/org.eclipse.jface_3.8.0.dist.jar:/usr/lib/eclipse/plugins/org.eclipse.swt_3.8.2.jar:/usr/lib/eclipse/plugins/org.eclipse.jface.text_3.8.1.dist.jar:/usr/lib/eclipse/plugins/org.eclipse.ui.workbench.texteditor_3.8.0.dist.jar:/usr/lib/eclipse/plugins/org.eclipse.ui.editors_3.8.0.dist.jar:/usr/lib/eclipse/plugins/org.eclipse.core.commands_3.6.1.dist.jar:/usr/lib/eclipse/plugins/org.eclipse.equinox.registry_3.5.200.dist.jar:/usr/lib/eclipse/plugins/org.eclipse.ui.console_3.5.100.dist.jar:/usr/lib/eclipse/plugins/org.eclipse.ui.forms_3.5.200.dist.jar:/usr/lib/eclipse/plugins/org.eclipse.ui.ide_3.8.1.dist.jar:/home/travis/build/icyphy/ptII/vendors/oracle/dbxml.jar:/home/travis/build/icyphy/ptII/vendors/oracle/db.jar:/home/travis/build/icyphy/ptII/vendors/misc/itext/iText.jar:/home/travis/build/icyphy/ptII/lib/g4ltl.jar:/home/travis/build/icyphy/ptII/lib/StructuralCoder.jar:/home/travis/build/icyphy/ptII/lib/org-openide-util.jar:/home/travis/build/icyphy/ptII/lib/org-openide-util-lookup.jar:/home/travis/build/icyphy/ptII/lib/org-netbeans-api-visual.jar:/home/travis/build/icyphy/ptII/vendors/jai-1_1_2_01/lib/jai_core.jar:/home/travis/build/icyphy/ptII/vendors/jai-1_1_2_01/lib/jai_codec.jar:/home/travis/build/icyphy/ptII/lib/jcerti.jar:/home/travis/build/icyphy/ptII/lib/smack.jar:/home/travis/build/icyphy/ptII/lib/smackx.jar:/home/travis/build/icyphy/ptII/lib/jetty-all-8.1.5-v20120716.jar:/home/travis/build/icyphy/ptII/lib/javax.servlet-api-3.0.1.jar:/home/travis/build/icyphy/ptII/lib/javax.mail.jar:/home/travis/build/icyphy/ptII/vendors/JMF-2.1.1e/lib/jmf.jar:/home/travis/build/icyphy/ptII/lib/jna-4.0.0-variadic.jar:/home/travis/build/icyphy/ptII/vendors/misc/joystick/Joystick.jar:/home/travis/build/icyphy/ptII/lib/ptjacl.jar:/home/travis/build/icyphy/ptII/lib/jsoup-1.8.2.jar:/home/travis/build/icyphy/ptII/lib/junit-4.8.2.jar:/home/travis/build/icyphy/ptII/lib/JUnitParams-0.4.0.jar:/home/travis/build/icyphy/ptII/ptolemy/actor/lib/excel/jxl.jar:/home/travis/build/icyphy/ptII/lib/jython.jar:/home/travis/build/icyphy/ptII/lib/kieler.jar:/home/travis/build/icyphy/ptII/vendors/opencv/share/OpenCV/java/opencv-341.jar:/home/travis/build/icyphy/ptII/lib/oscP5.jar:/home/travis/build/icyphy/ptII/lib/nrjavaserial-3.11.0.devel.jar:/usr/share/java/j3dcore.jar:/usr/share/java/j3dutils.jar:/usr/share/java/vecmath.jar:/home/travis/build/icyphy/ptII/ptolemy/distributed/jini/jar/jini-core.jar:/home/travis/build/icyphy/ptII/ptolemy/distributed/jini/jar/jini-ext.jar:/home/travis/build/icyphy/ptII/ptolemy/distributed/jini/jar/sun-util.jar:/home/travis/build/icyphy/ptII/lib/protobuf-java-2.4.1.jar:/home/travis/build/icyphy/ptII/lib/org.eclipse.paho.client.mqttv3.jar:/home/travis/build/icyphy/ptII/ptserver/lib/hessian-4.0.7.jar:/home/travis/build/icyphy/ptII/ptserver/lib/wmqtt.jar:/home/travis/build/icyphy/ptII/lib/mapss.jar:/home/travis/build/icyphy/ptII/ptolemy/actor/ptalon/antlr/antlr.jar:/home/travis/build/icyphy/ptII/lib/JRI.jar:/home/travis/build/icyphy/ptII/lib/commons-lang-2.6.jar:/home/travis/build/icyphy/ptII/lib/commons-logging-1.1.1.jar:/home/travis/build/icyphy/ptII/lib/sootclasses.jar:/home/travis/build/icyphy/ptII/ptolemy/actor/lib/database/mysql-connector-java-5.1.6-bin.jar:/home/travis/build/icyphy/ptII/vendors/misc/sphinx4/sphinx4-data-5prealpha.jar:/home/travis/build/icyphy/ptII/vendors/misc/sphinx4/sphinx4-core-5prealpha.jar:/home/travis/build/icyphy/ptII/lib/PDFRenderer.jar:/home/travis/build/icyphy/ptII/lib/svgSalamander.jar:/home/travis/build/icyphy/ptII/lib/rsyntaxtextarea-2.6.0-SNAPSHOT.jar:/home/travis/build/icyphy/ptII/lib/hazelcast-3.8.2.jar:/home/travis/build/icyphy/ptII/lib/jackson-annotations-2.9.0.jar:/home/travis/build/icyphy/ptII/lib/jackson-core-2.9.3.jar:/home/travis/build/icyphy/ptII/lib/jackson-databind-2.9.3.jar:/home/travis/build/icyphy/ptII/lib/netty-buffer-4.1.19.Final.jar:/home/travis/build/icyphy/ptII/lib/netty-codec-4.1.19.Final.jar:/home/travis/build/icyphy/ptII/lib/netty-codec-dns-4.1.19.Final.jar:/home/travis/build/icyphy/ptII/lib/netty-codec-http-4.1.19.Final.jar:/home/travis/build/icyphy/ptII/lib/netty-codec-http2-4.1.19.Final.jar:/home/travis/build/icyphy/ptII/lib/netty-common-4.1.19.Final.jar:/home/travis/build/icyphy/ptII/lib/netty-handler-4.1.19.Final.jar:/home/travis/build/icyphy/ptII/lib/netty-resolver-4.1.19.Final.jar:/home/travis/build/icyphy/ptII/lib/netty-resolver-dns-4.1.19.Final.jar:/home/travis/build/icyphy/ptII/lib/netty-transport-4.1.19.Final.jar:/home/travis/build/icyphy/ptII/lib/vertx-codegen-3.5.1.jar:/home/travis/build/icyphy/ptII/lib/vertx-core-3.5.2-SNAPSHOT.jar:/home/travis/build/icyphy/ptII/lib/vertx-hazelcast-3.5.1.jar:/home/travis/build/icyphy/ptII/lib/vertx-lang-js-3.5.1.jar:/home/travis/build/icyphy/ptII/lib/vertx-service-proxy-3.5.1.jar:/home/travis/build/icyphy/ptII/lib/vertx-web-3.5.1.jar:/home/travis/build/icyphy/ptII/lib/slf4j-api-1.7.13.jar:/home/travis/build/icyphy/ptII/lib/slf4j-simple-1.7.13.jar:/home/travis/build/icyphy/ptII/lib/webcam-capture-0.3.12.jar:/home/travis/build/icyphy/ptII/lib/bridj-0.7.0.jar:/home/travis/build/icyphy/ptII/lib/xbjlib-1.1.0.nrjavaserial.jar" />
    <property name="test.batch" value="**/junit/*.java" />
    <property name="env._" value="/usr/bin/timeout" />
    <property name="java.io.tmpdir" value="/tmp" />
    <property name="user.language" value="en" />
    <property name="env.HISTCONTROL" value="ignoredups:ignorespace" />
    <property name="env.GOROOT" value="/home/travis/.gimme/versions/go1.7.4.linux.amd64" />
    <property name="line.separator" value="&#xa;" />
    <property name="target" value="1.8" />
    <property name="env.TRAVIS_BUILD_DIR" value="/home/travis/build/icyphy/ptII" />
    <property name="env.ANT_OPTS" value="-Xmx2048m" />
    <property name="ant.file.type" value="file" />
    <property name="ptolemy.ptII.batchMode" value="true" />
    <property name="env.HISTSIZE" value="1000" />
    <property name="env.MERB_ENV" value="test" />
    <property name="java.vm.info" value="mixed mode" />
    <property name="source" value="1.8" />
    <property name="java.vm.specification.name" value="Java Virtual Machine Specification" />
    <property name="env.TRAVIS_TEST_RESULT" value="0" />
    <property name="jsdoc.command" value="node_modules/@terraswarm/jsdoc/jsdoc.js" />
    <property name="npm.works" value="true" />
    <property name="cobertura.dir" value="/home/travis/build/icyphy/ptII/vendors/cobertura-2.0.3" />
    <property name="env.rvm_path" value="/home/travis/.rvm" />
    <property name="env.GEM_PATH" value="/home/travis/.rvm/gems/ruby-2.4.1:/home/travis/.rvm/gems/ruby-2.4.1@global" />
    <property name="env.LC_CTYPE" value="en_US.UTF-8" />
    <property name="java.awt.printerjob" value="sun.print.PSPrinterJob" />
    <property name="env.TRAVIS_STACK_NAME" value="garnet" />
    <property name="ant.version" value="Apache Ant(TM) version 1.10.1 compiled on February 2 2017" />
    <property name="ptII.reports" value="/home/travis/build/icyphy/ptII/reports" />
    <property name="env.TRAVIS_STACK_TIMESTAMP" value="2017-12-05 19:33:09 UTC" />
    <property name="ant.file.type.ptII" value="file" />
    <property name="env.RBENV_SHELL" value="bash" />
    <property name="os.name" value="Linux" />
    <property name="java.specification.vendor" value="Oracle Corporation" />
    <property name="env.rvm_version" value="1.29.3 (latest)" />
    <property name="env.TERM" value="xterm" />
    <property name="java.vm.name" value="Java HotSpot(TM) 64-Bit Server VM" />
    <property name="env.TRAVIS_BUILD_NUMBER" value="558" />
    <property name="env.CI" value="true" />
    <property name="java.library.path" value="/home/travis/pthla/certi-tools/lib:/usr/lib/jni:/usr/local/share/OpenCV/java/:/usr/share/OpenCV/java::/usr/java/packages/lib/amd64:/usr/lib64:/lib64:/lib:/usr/lib" />
    <property name="env.rvm_prefix" value="/home/travis" />
    <property name="env.PATH" value="/home/travis/pthla/certi-tools/share/scripts:/home/travis/.rvm/gems/ruby-2.4.1/bin:/home/travis/.rvm/gems/ruby-2.4.1@global/bin:/home/travis/.rvm/rubies/ruby-2.4.1/bin:/home/travis/.rvm/bin:/home/travis/.nvm/versions/node/v7.10.1/bin:./node_modules/.bin:/home/travis/build/icyphy/ptII/bin:/home/travis/pthla/certi-tools/bin:/home/travis/bin:/home/travis/.local/bin:/opt/pyenv/shims:/home/travis/.phpenv/shims:/home/travis/perl5/perlbrew/bin:/home/travis/.kiex/elixirs/elixir-1.4.5/bin:/home/travis/.kiex/bin:/home/travis/gopath/bin:/home/travis/.gimme/versions/go1.7.4.linux.amd64/bin:/usr/local/phantomjs/bin:/usr/local/phantomjs:/usr/local/neo4j-3.2.7/bin:/usr/local/maven-3.5.2/bin:/usr/local/cmake-3.9.2/bin:/usr/local/clang-5.0.0/bin:/usr/local/sbin:/usr/local/bin:/usr/sbin:/usr/bin:/sbin:/bin:/home/travis/.phpenv/bin:/opt/pyenv/bin:/home/travis/.yarn/bin" />
    <property name="env.TRAVIS_OS_NAME" value="linux" />
    <property name="ant.java.version" value="1.8" />
    <property name="basedir" value="/home/travis/build/icyphy/ptII" />
    <property name="java.class.version" value="52.0" />
    <property name="env.SHLVL" value="3" />
    <property name="env.LD_LIBRARY_PATH" value="/home/travis/pthla/certi-tools/lib:/usr/lib/jni:/usr/local/share/OpenCV/java/:/usr/share/OpenCV/java:" />
    <property name="env.RACK_ENV" value="test" />
    <property name="ant.home" value="/home/travis/build/icyphy/ptII/ant" />
    <property name="env.NVM_DIR" value="/home/travis/.nvm" />
    <property name="env.PERLBREW_BASHRC_VERSION" value="0.80" />
    <property name="env.CERTI_FOM_PATH" value="/home/travis/pthla/certi-tools/share/federations" />
    <property name="env.TRAVIS_BUILD_ID" value="390266942" />
    <property name="env.PYENV_ROOT" value="/opt/pyenv" />
    <property name="env.TRAVIS_UID" value="2000" />
    <property name="env.rvm_pretty_print_flag" value="auto" />
    <property name="env.NVM_BIN" value="/home/travis/.nvm/versions/node/v7.10.1/bin" />
    <property name="env.TRAVIS_COMMIT" value="f05e84bcff6e630c40edc6b03f69eee655900500" />
    <property name="env._system_arch" value="x86_64" />
    <property name="node.executable" value="node" />
    <property name="sun.boot.library.path" value="/usr/lib/jvm/java-8-oracle/jre/lib/amd64" />
    <property name="sun.management.compiler" value="HotSpot 64-Bit Tiered Compilers" />
    <property name="env.GOPATH" value="/home/travis/gopath" />
    <property name="java.awt.graphicsenv" value="sun.awt.X11GraphicsEnvironment" />
    <property name="ptolemy.ptII.dir" value="/home/travis/build/icyphy/ptII" />
    <property name="env.USER" value="travis" />
    <property name="env.HISTFILESIZE" value="2000" />
    <property name="timeout.longest" value="19000000" />
    <property name="env.TRAVIS_STACK_FEATURES" value="basic cassandra chromium couchdb disabled-ipv6 docker docker-compose elasticsearch firefox go-toolchain google-chrome jdk memcached mongodb mysql neo4j nodejs_interpreter perl_interpreter perlbrew phantomjs postgresql python_interpreter rabbitmq redis riak ruby_interpreter sqlite xserver" />
    <property name="env.TRAVIS_PULL_REQUEST" value="false" />
    <property name="env.PYENV_SHELL" value="bash" />
    <property name="ant.project.name" value="ptII" />
    <property name="java.vm.specification.version" value="1.8" />
    <property name="env.CERTI_VERSION" value="4.0.0" />
    <property name="env.NLSPATH" value="/usr/dt/lib/nls/msg/%L/%N.cat" />
    <property name="awt.toolkit" value="sun.awt.X11.XToolkit" />
    <property name="env.CERTI_HOST" value="localhost" />
    <property name="env.MY_RUBY_HOME" value="/home/travis/.rvm/rubies/ruby-2.4.1" />
    <property name="sun.cpu.isalist" value="" />
    <property name="java.ext.dirs" value="/usr/lib/jvm/java-8-oracle/jre/lib/ext:/usr/java/packages/lib/ext" />
    <property name="os.version" value="4.4.0-101-generic" />
    <property name="user.home" value="/home/travis" />
    <property name="env.MIX_ARCHIVES" value="/home/travis/.kiex/mix/elixir-1.4.5" />
    <property name="java.vm.vendor" value="Oracle Corporation" />
    <property name="env.TRAVIS_TAG" value="nightly" />
    <property name="env.TRAVIS_FILTERED" value="redirect_io" />
    <property name="javadoc.excludepackagenames" value="adm.cvs2svn.*,build.*,config.*,doc.coding.templates.*,jni.test.jni.meaningOfLife.*,jni.test.jni.testDeux.*,jni.test.jni.testTrois.*,org.terraswarm.accessor.accessors.web.node_modules.*,org.terraswarm.accessor.accessors.web.hosts.cordova.demo.*,org.terraswarm.accessor.accessors.web.hosts.cordova.plugins.*,org.terraswarm.accessor.accessors-svn.*,pt-modules.*,ptolemy.apps.agilent.*,ptolemy.apps.anytimecontrol.*,ptolemy.apps.apes.*,ptolemy.apps.charon.*,ptolemy.apps.crazyboard.*,ptolemy.apps.eclipse.*,ptolemy.apps.etherealSting.*,ptolemy.apps.fullscreen.*,ptolemy.apps.giotto.*,ptolemy.apps.ia.*,ptolemy.apps.interfaces.*,ptolemy.apps.jmf.*,ptolemy.apps.kurt.*,ptolemy.apps.kvm.*,ptolemy.apps.lego.*,ptolemy.apps.lejos.*,ptolemy.apps.midp.*,ptolemy.apps.mobileCoding.*,ptolemy.apps.pendulum.*,ptolemy.apps.rijndael.*,ptolemy.apps.robot.*,ptolemy.apps.security.*,ptolemy.apps.sobel.*,ptolemy.apps.soot.*,ptolemy.apps.throttle.*,ptolemy.apps.tini.*,ptolemy.apps.transmission.*,ptolemy.apps.vergil.*,ptolemy.apps.waba.*,ptolemy.apps.websensor.*,ptolemy.apps.webstart.*,ptolemy.apps.xsl.*,ptolemy.apps.zaurus.*,ptolemy.backtrack.eclipse.plugin.*,ptolemy.backtrack.test.*,ptolemy.codegen.c.actor.lib.oldJavaFiles.*,ptolemy.codegen.dsp.lib.*,ptolemy.codegen.kernel.newInterfaces.*,ptolemy.codegen.lib.*,ptolemy.copernicus.kernel.fragment.*,ptolemy.copernicus.shallow.cg.*,ptolemy.domains.giotto.demo.Hierarchy.Hierarchy.*,ptolemy.domains.giotto.demo.Multimode.Multimode.*,ptolemy.domains.giotto.demo.Simple.Simple.*,ptolemy.domains.gr.lib.experimental.*,ptolemy.domains.gro.*,ptolemy.domains.pdf.*,ptolemy.domains.ptinyos.demo.Surge.output.*,ptolemy.moml.test.NoPackageActor.java*,ptolemy.plot.adm.*,ptolemy.plot.servlet.*,reports.*,signed.*,src.*,target.*,vendors.*,ptolemy.cg.adapter.generic.program.procedural.c.mbed*,ptolemy.actor.lib.fmi.fmus.omc*,ptolemy.domains.openmodelica*,ptdb.kernel.bl.save.test.*,ptdb.kernel.bl.load.test.*,ptdb.kernel.bl.search.test.*,ptdb.kernel.bl.migration.test.*,ptdb.kernel.database.test.*,ptdb.test.*,ptdb.gui.test.*,org.ptolemy.scala.*,diva.util.java2d.svg.*,ptolemy.domains.ptinyos.*,ptolemy.actor.lib.fmi.fmipp.*,,org.terraswarm.accessor.accessors.web.node_modules.*,org.terraswarm.accessor.accessors-svn,ptolemy.apps.*,ptolemy.actor.ptalon.demo.ptinyos.SendAndReceiveCnt.output,ptolemy.actor.ptalon.demo.ptinyos.SenseToLeds.output,ptolemy.domains.ptinyos.demo.CntToLedsAndRfm.output,ptolemy.domains.ptinyos.demo.RfmToLeds.output,ptolemy.domains.ptinyos.demo.SendAndReceiveCnt.output,ptolemy.domains.ptinyos.demo.SenseToLeds.output,ptolemy.actor.lib.jjs.modules.udpSocket.*" />
    <property name="env.JAVA_HOME" value="/usr/lib/jvm/java-8-oracle" />
    <property name="env.PTII" value="/home/travis/build/icyphy/ptII" />
    <property name="env.TRAVIS_COMMIT_MESSAGE" value="Oddly, sometimes the Sphinx jar files end up being owned by root?" />
    <property name="keystore" value="ptKeystore" />
    <property name="env.XDG_SESSION_ID" value="2" />
    <property name="junit.output.dir" value="/home/travis/build/icyphy/ptII/reports/junit" />
    <property name="npm.return.code" value="0" />
    <property name="user.dir" value="/home/travis/build/icyphy/ptII/ptolemy/domains/de/test" />
    <property name="env.TRAVIS_NODE_VERSION" value="7" />
    <property name="env.XFILESEARCHPATH" value="/usr/dt/app-defaults/%L/Dt" />
    <property name="env.TRAVIS_EVENT_TYPE" value="cron" />
    <property name="env.MAIL" value="/var/mail/travis" />
    <property name="env.PWD" value="/home/travis/build/icyphy/ptII" />
    <property name="env.PERLBREW_ROOT" value="/home/travis/perl5/perlbrew" />
    <property name="timeout.npm" value="45000" />
    <property name="env.PT_TRAVIS_TEST_CORE2_XML" value="true" />
    <property name="env.PAGER" value="cat" />
    <property name="sun.cpu.endian" value="little" />
    <property name="env.TRAVIS_BUILD_STAGE_NAME" value="Test" />
    <property name="env.PERLBREW_HOME" value="/home/travis/.perlbrew" />
    <property name="env.RAILS_ENV" value="test" />
    <property name="java.vm.version" value="25.151-b12" />
    <property name="java.class.path" value="/home/travis/build/icyphy/ptII:/home/travis/build/icyphy/ptII/lib/bsh-2.0b4.jar:/home/travis/build/icyphy/ptII/lib/ptCal.jar:/home/travis/build/icyphy/ptII/lib/java_cup.jar:/home/travis/build/icyphy/ptII/lib/saxon8.jar:/home/travis/build/icyphy/ptII/lib/saxon8-dom.jar:/home/travis/build/icyphy/ptII/lib/chic.jar:/home/travis/build/icyphy/ptII/lib/ptcolt.jar:/usr/lib/jvm/java-8-oracle/lib/tools.jar:/usr/lib/eclipse/plugins/org.eclipse.jdt.core_3.8.2.dist.jar:/usr/lib/eclipse/plugins/org.eclipse.core.runtime_3.8.0.dist.jar:/usr/lib/eclipse/plugins/org.eclipse.osgi_3.8.1.dist.jar:/usr/lib/eclipse/plugins/org.eclipse.core.resources_3.8.1.dist.jar:/usr/lib/eclipse/plugins/org.eclipse.equinox.common_3.6.100.dist.jar:/usr/lib/eclipse/plugins/org.eclipse.core.jobs_3.5.200.dist.jar:/usr/lib/eclipse/plugins/org.eclipse.core.contenttype_3.4.200.dist.jar:/usr/lib/eclipse/plugins/org.eclipse.equinox.preferences_3.5.0.dist.jar:/usr/lib/eclipse/plugins/org.eclipse.text_3.5.200.dist.jar:/usr/lib/eclipse/plugins/org.eclipse.ui.workbench_3.8.1.dist.jar:/usr/lib/eclipse/plugins/org.eclipse.jface_3.8.0.dist.jar:/usr/lib/eclipse/plugins/org.eclipse.swt_3.8.2.jar:/usr/lib/eclipse/plugins/org.eclipse.jface.text_3.8.1.dist.jar:/usr/lib/eclipse/plugins/org.eclipse.ui.workbench.texteditor_3.8.0.dist.jar:/usr/lib/eclipse/plugins/org.eclipse.ui.editors_3.8.0.dist.jar:/usr/lib/eclipse/plugins/org.eclipse.core.commands_3.6.1.dist.jar:/usr/lib/eclipse/plugins/org.eclipse.equinox.registry_3.5.200.dist.jar:/usr/lib/eclipse/plugins/org.eclipse.ui.console_3.5.100.dist.jar:/usr/lib/eclipse/plugins/org.eclipse.ui.forms_3.5.200.dist.jar:/usr/lib/eclipse/plugins/org.eclipse.ui.ide_3.8.1.dist.jar:/home/travis/build/icyphy/ptII/vendors/oracle/dbxml.jar:/home/travis/build/icyphy/ptII/vendors/oracle/db.jar:/home/travis/build/icyphy/ptII/vendors/misc/itext/iText.jar:/home/travis/build/icyphy/ptII/lib/g4ltl.jar:/home/travis/build/icyphy/ptII/lib/StructuralCoder.jar:/home/travis/build/icyphy/ptII/lib/org-openide-util.jar:/home/travis/build/icyphy/ptII/lib/org-openide-util-lookup.jar:/home/travis/build/icyphy/ptII/lib/org-netbeans-api-visual.jar:/home/travis/build/icyphy/ptII/vendors/jai-1_1_2_01/lib/jai_core.jar:/home/travis/build/icyphy/ptII/vendors/jai-1_1_2_01/lib/jai_codec.jar:/home/travis/build/icyphy/ptII/lib/jcerti.jar:/home/travis/build/icyphy/ptII/lib/smack.jar:/home/travis/build/icyphy/ptII/lib/smackx.jar:/home/travis/build/icyphy/ptII/lib/jetty-all-8.1.5-v20120716.jar:/home/travis/build/icyphy/ptII/lib/javax.servlet-api-3.0.1.jar:/home/travis/build/icyphy/ptII/lib/javax.mail.jar:/home/travis/build/icyphy/ptII/vendors/JMF-2.1.1e/lib/jmf.jar:/home/travis/build/icyphy/ptII/lib/jna-4.0.0-variadic.jar:/home/travis/build/icyphy/ptII/vendors/misc/joystick/Joystick.jar:/home/travis/build/icyphy/ptII/lib/ptjacl.jar:/home/travis/build/icyphy/ptII/lib/jsoup-1.8.2.jar:/home/travis/build/icyphy/ptII/lib/junit-4.8.2.jar:/home/travis/build/icyphy/ptII/lib/JUnitParams-0.4.0.jar:/home/travis/build/icyphy/ptII/ptolemy/actor/lib/excel/jxl.jar:/home/travis/build/icyphy/ptII/lib/jython.jar:/home/travis/build/icyphy/ptII/lib/kieler.jar:/home/travis/build/icyphy/ptII/vendors/opencv/share/OpenCV/java/opencv-341.jar:/home/travis/build/icyphy/ptII/lib/oscP5.jar:/home/travis/build/icyphy/ptII/lib/nrjavaserial-3.11.0.devel.jar:/usr/share/java/j3dcore.jar:/usr/share/java/j3dutils.jar:/usr/share/java/vecmath.jar:/home/travis/build/icyphy/ptII/ptolemy/distributed/jini/jar/jini-core.jar:/home/travis/build/icyphy/ptII/ptolemy/distributed/jini/jar/jini-ext.jar:/home/travis/build/icyphy/ptII/ptolemy/distributed/jini/jar/sun-util.jar:/home/travis/build/icyphy/ptII/lib/protobuf-java-2.4.1.jar:/home/travis/build/icyphy/ptII/lib/org.eclipse.paho.client.mqttv3.jar:/home/travis/build/icyphy/ptII/ptserver/lib/hessian-4.0.7.jar:/home/travis/build/icyphy/ptII/ptserver/lib/wmqtt.jar:/home/travis/build/icyphy/ptII/lib/mapss.jar:/home/travis/build/icyphy/ptII/ptolemy/actor/ptalon/antlr/antlr.jar:/home/travis/build/icyphy/ptII/lib/JRI.jar:/home/travis/build/icyphy/ptII/lib/commons-lang-2.6.jar:/home/travis/build/icyphy/ptII/lib/commons-logging-1.1.1.jar:/home/travis/build/icyphy/ptII/lib/sootclasses.jar:/home/travis/build/icyphy/ptII/ptolemy/actor/lib/database/mysql-connector-java-5.1.6-bin.jar:/home/travis/build/icyphy/ptII/vendors/misc/sphinx4/sphinx4-data-5prealpha.jar:/home/travis/build/icyphy/ptII/vendors/misc/sphinx4/sphinx4-core-5prealpha.jar:/home/travis/build/icyphy/ptII/lib/PDFRenderer.jar:/home/travis/build/icyphy/ptII/lib/svgSalamander.jar:/home/travis/build/icyphy/ptII/lib/rsyntaxtextarea-2.6.0-SNAPSHOT.jar:/home/travis/build/icyphy/ptII/lib/hazelcast-3.8.2.jar:/home/travis/build/icyphy/ptII/lib/jackson-annotations-2.9.0.jar:/home/travis/build/icyphy/ptII/lib/jackson-core-2.9.3.jar:/home/travis/build/icyphy/ptII/lib/jackson-databind-2.9.3.jar:/home/travis/build/icyphy/ptII/lib/netty-buffer-4.1.19.Final.jar:/home/travis/build/icyphy/ptII/lib/netty-codec-4.1.19.Final.jar:/home/travis/build/icyphy/ptII/lib/netty-codec-dns-4.1.19.Final.jar:/home/travis/build/icyphy/ptII/lib/netty-codec-http-4.1.19.Final.jar:/home/travis/build/icyphy/ptII/lib/netty-codec-http2-4.1.19.Final.jar:/home/travis/build/icyphy/ptII/lib/netty-common-4.1.19.Final.jar:/home/travis/build/icyphy/ptII/lib/netty-handler-4.1.19.Final.jar:/home/travis/build/icyphy/ptII/lib/netty-resolver-4.1.19.Final.jar:/home/travis/build/icyphy/ptII/lib/netty-resolver-dns-4.1.19.Final.jar:/home/travis/build/icyphy/ptII/lib/netty-transport-4.1.19.Final.jar:/home/travis/build/icyphy/ptII/lib/vertx-codegen-3.5.1.jar:/home/travis/build/icyphy/ptII/lib/vertx-core-3.5.2-SNAPSHOT.jar:/home/travis/build/icyphy/ptII/lib/vertx-hazelcast-3.5.1.jar:/home/travis/build/icyphy/ptII/lib/vertx-lang-js-3.5.1.jar:/home/travis/build/icyphy/ptII/lib/vertx-service-proxy-3.5.1.jar:/home/travis/build/icyphy/ptII/lib/vertx-web-3.5.1.jar:/home/travis/build/icyphy/ptII/lib/slf4j-api-1.7.13.jar:/home/travis/build/icyphy/ptII/lib/slf4j-simple-1.7.13.jar:/home/travis/build/icyphy/ptII/lib/webcam-capture-0.3.12.jar:/home/travis/build/icyphy/ptII/lib/bridj-0.7.0.jar:/home/travis/build/icyphy/ptII/lib/xbjlib-1.1.0.nrjavaserial.jar:/home/travis/build/icyphy/ptII/ptolemy/moml/test:/home/travis/build/icyphy/ptII/ant/lib/ant-launcher.jar:/home/travis/build/icyphy/ptII/ant/lib/ant.jar:/home/travis/build/icyphy/ptII/ant/lib/ant-junit.jar:/home/travis/build/icyphy/ptII/ant/lib/ant-junit4.jar" />
    <property name="ant.library.dir" value="/home/travis/build/icyphy/ptII/ant/lib" />
    <property name="os.arch" value="amd64" />
    <property name="env.TRAVIS_LANGUAGE" value="node_js" />
    <property name="env.CONTINUOUS_INTEGRATION" value="true" />
    <property name="env.TRAVIS_STACK_LANGUAGES" value="__garnet__ c c++ clojure cplusplus cpp default go groovy java node_js php pure_java python ruby scala" />
    <property name="test.name" value="ptolemy.actor.lib.test.junit.JUnitTclTest" />
    <property name="sun.java.launcher" value="SUN_STANDARD" />
    <property name="env.PYTHON_CONFIGURE_OPTS" value="--enable-unicode=ucs4 --with-wide-unicode --enable-shared --enable-ipv6 --enable-loadable-sqlite-extensions --with-computed-gotos" />
    <property name="ant.core.lib" value="/home/travis/build/icyphy/ptII/ant/lib/ant.jar" />
    <property name="java.vm.specification.vendor" value="Oracle Corporation" />
    <property name="env.BCVTB_HOME" value="/home/travis/build/icyphy/ptII/lbnl" />
    <property name="file.separator" value="/" />
    <property name="java.runtime.version" value="1.8.0_151-b12" />
    <property name="spotbugs.home" value="/home/travis/build/icyphy/ptII/vendors/spotbugs-3.1.1" />
    <property name="sun.boot.class.path" value="/usr/lib/jvm/java-8-oracle/jre/lib/resources.jar:/usr/lib/jvm/java-8-oracle/jre/lib/rt.jar:/usr/lib/jvm/java-8-oracle/jre/lib/sunrsasign.jar:/usr/lib/jvm/java-8-oracle/jre/lib/jsse.jar:/usr/lib/jvm/java-8-oracle/jre/lib/jce.jar:/usr/lib/jvm/java-8-oracle/jre/lib/charsets.jar:/usr/lib/jvm/java-8-oracle/jre/lib/jfr.jar:/usr/lib/jvm/java-8-oracle/jre/classes" />
    <property name="env.HAS_JOSH_K_SEAL_OF_APPROVAL" value="true" />
    <property name="env.TRAVIS_OSX_IMAGE" value="" />
    <property name="env.XDG_RUNTIME_DIR" value="/run/user/2000" />
    <property name="env.TRAVIS_BRANCH" value="master" />
    <property name="env.TRAVIS_JOB_ID" value="390266950" />
    <property name="env.CERTI_HOME_TRAVIS" value="/home/travis/pthla/certi-tools" />
    <property name="user.country" value="US" />
    <property name="env.SHELL" value="/bin/bash" />
    <property name="java.maxmemory.large" value="5000m" />
    <property name="model" value="" />
    <property name="env.CASHER_DIR" value="/home/travis/.casher" />
    <property name="env.NVM_CD_FLAGS" value="" />
    <property name="jshint.executable" value="/home/travis/node_modules/jshint/bin/jshint" />
    <property name="java.vendor" value="Oracle Corporation" />
    <property name="env.JRUBY_OPTS" value=" --client -J-XX:+TieredCompilation -J-XX:TieredStopAtLevel=1 -J-Xss2m -Xcompile.invokedynamic=false" />
    <property name="env.TRAVIS_PRE_CHEF_BOOTSTRAP_TIME" value="2017-12-05T19:32:55" />
    <property name="env.TRAVIS_STACK_JOB_BOARD_REGISTER" value="/.job-board-register.yml" />
    <property name="env.ELIXIR_VERSION" value="1.4.5" />
    <property name="java.specification.version" value="1.8" />
    <property name="env.IRBRC" value="/home/travis/.rvm/rubies/ruby-2.4.1/.irbrc" />
    <property name="env.TRAVIS" value="true" />
    <property name="sun.arch.data.model" value="64" />
  </properties>
  <testcase classname="ptolemy.util.test.junit.TclTests" name="[0] /home/travis/build/icyphy/ptII/ptolemy/domains/de/test/DependencyLoop.tcl (RunTclFile)" time="0.863" />
  <testcase classname="ptolemy.util.test.junit.TclTests" name="[1] /home/travis/build/icyphy/ptII/ptolemy/domains/de/test/RunDETestsAsQSS.tcl (RunTclFile)" time="90.516" />
  <testcase classname="ptolemy.util.test.junit.AutoKnownFailedTests" name="[0] /home/travis/build/icyphy/ptII/ptolemy/domains/de/test/auto/knownFailedTests/DESDFClockTest.xml (RunModel)" time="2.024" />
  <testcase classname="ptolemy.util.test.junit.AutoKnownFailedTests" name="[1] /home/travis/build/icyphy/ptII/ptolemy/domains/de/test/auto/knownFailedTests/DirectFeedback.xml (RunModel)" time="0.009" />
  <testcase classname="ptolemy.util.test.junit.AutoKnownFailedTests" name="[2] /home/travis/build/icyphy/ptII/ptolemy/domains/de/test/auto/knownFailedTests/FSMSource.xml (RunModel)" time="0.021" />
  <testcase classname="ptolemy.util.test.junit.AutoKnownFailedTests" name="[3] /home/travis/build/icyphy/ptII/ptolemy/domains/de/test/auto/knownFailedTests/HierarchicalModel.xml (RunModel)" time="0.035" />
  <testcase classname="ptolemy.util.test.junit.AutoKnownFailedTests" name="[4] /home/travis/build/icyphy/ptII/ptolemy/domains/de/test/auto/knownFailedTests/dependencyLoop.xml (RunModel)" time="0.026" />
  <testcase classname="ptolemy.util.test.junit.AutoKnownFailedTests" name="[5] /home/travis/build/icyphy/ptII/ptolemy/domains/de/test/auto/knownFailedTests/dependencyLoop2.xml (RunModel)" time="0.028" />
  <testcase classname="ptolemy.util.test.junit.AutoNameArchTests" name="[0] ThereAreNoAutoArchTests (RunModel)" time="0.0" />
  <testcase classname="ptolemy.util.test.junit.AutoTests" name="[0] /home/travis/build/icyphy/ptII/ptolemy/domains/de/test/auto/ActorDepthCalculation_actorWithoutPorts.xml (RunModel)" time="0.015" />
  <testcase classname="ptolemy.util.test.junit.AutoTests" name="[1] /home/travis/build/icyphy/ptII/ptolemy/domains/de/test/auto/AssemblyLine.xml (RunModel)" time="0.011" />
  <testcase classname="ptolemy.util.test.junit.AutoTests" name="[2] /home/travis/build/icyphy/ptII/ptolemy/domains/de/test/auto/CQBug1.xml (RunModel)" time="0.005" />
  <testcase classname="ptolemy.util.test.junit.AutoTests" name="[3] /home/travis/build/icyphy/ptII/ptolemy/domains/de/test/auto/CancelFireAt.xml (RunModel)" time="0.004" />
  <testcase classname="ptolemy.util.test.junit.AutoTests" name="[4] /home/travis/build/icyphy/ptII/ptolemy/domains/de/test/auto/CausalityAndComposabilityAnalysis.xml (RunModel)" time="0.009" />
  <testcase classname="ptolemy.util.test.junit.AutoTests" name="[5] /home/travis/build/icyphy/ptII/ptolemy/domains/de/test/auto/CausalityInterface1.xml (RunModel)" time="0.013" />
  <testcase classname="ptolemy.util.test.junit.AutoTests" name="[6] /home/travis/build/icyphy/ptII/ptolemy/domains/de/test/auto/CausalityInterface15.xml (RunModel)" time="0.008" />
  <testcase classname="ptolemy.util.test.junit.AutoTests" name="[7] /home/travis/build/icyphy/ptII/ptolemy/domains/de/test/auto/CausalityInterface2.xml (RunModel)" time="0.007" />
  <testcase classname="ptolemy.util.test.junit.AutoTests" name="[8] /home/travis/build/icyphy/ptII/ptolemy/domains/de/test/auto/CausalityInterface3.xml (RunModel)" time="0.008" />
  <testcase classname="ptolemy.util.test.junit.AutoTests" name="[9] /home/travis/build/icyphy/ptII/ptolemy/domains/de/test/auto/ClockDrift.xml (RunModel)" time="0.023" />
  <testcase classname="ptolemy.util.test.junit.AutoTests" name="[10] /home/travis/build/icyphy/ptII/ptolemy/domains/de/test/auto/ClockDriftAndValueChange.xml (RunModel)" time="0.022" />
  <testcase classname="ptolemy.util.test.junit.AutoTests" name="[11] /home/travis/build/icyphy/ptII/ptolemy/domains/de/test/auto/ClockDriftChange.xml (RunModel)" time="0.018" />
  <testcase classname="ptolemy.util.test.junit.AutoTests" name="[12] /home/travis/build/icyphy/ptII/ptolemy/domains/de/test/auto/ComposableCausalityAnalysis.xml (RunModel)" time="0.013" />
  <testcase classname="ptolemy.util.test.junit.AutoTests" name="[13] /home/travis/build/icyphy/ptII/ptolemy/domains/de/test/auto/DEFixedPointLimitation.xml (RunModel)" time="0.006" />
  <testcase classname="ptolemy.util.test.junit.AutoTests" name="[14] /home/travis/build/icyphy/ptII/ptolemy/domains/de/test/auto/DEScheduleTest.xml (RunModel)" time="0.008" />
  <testcase classname="ptolemy.util.test.junit.AutoTests" name="[15] /home/travis/build/icyphy/ptII/ptolemy/domains/de/test/auto/DEinDEwithStartTimes.xml (RunModel)" time="0.008" />
  <testcase classname="ptolemy.util.test.junit.AutoTests" name="[16] /home/travis/build/icyphy/ptII/ptolemy/domains/de/test/auto/DEinDEwithStartTimes2.xml (RunModel)" time="0.009" />
  <testcase classname="ptolemy.util.test.junit.AutoTests" name="[17] /home/travis/build/icyphy/ptII/ptolemy/domains/de/test/auto/DateDemo.xml (RunModel)" time="0.019" />
  <testcase classname="ptolemy.util.test.junit.AutoTests" name="[18] /home/travis/build/icyphy/ptII/ptolemy/domains/de/test/auto/DateToEvent.xml (RunModel)" time="2.03" />
  <testcase classname="ptolemy.util.test.junit.AutoTests" name="[19] /home/travis/build/icyphy/ptII/ptolemy/domains/de/test/auto/DepthTest1.xml (RunModel)" time="0.007" />
  <testcase classname="ptolemy.util.test.junit.AutoTests" name="[20] /home/travis/build/icyphy/ptII/ptolemy/domains/de/test/auto/DepthTest2.xml (RunModel)" time="0.016" />
  <testcase classname="ptolemy.util.test.junit.AutoTests" name="[21] /home/travis/build/icyphy/ptII/ptolemy/domains/de/test/auto/DepthTest3.xml (RunModel)" time="0.006" />
  <testcase classname="ptolemy.util.test.junit.AutoTests" name="[22] /home/travis/build/icyphy/ptII/ptolemy/domains/de/test/auto/DepthTest4.xml (RunModel)" time="0.008" />
  <testcase classname="ptolemy.util.test.junit.AutoTests" name="[23] /home/travis/build/icyphy/ptII/ptolemy/domains/de/test/auto/DepthTest5.xml (RunModel)" time="0.009" />
  <testcase classname="ptolemy.util.test.junit.AutoTests" name="[24] /home/travis/build/icyphy/ptII/ptolemy/domains/de/test/auto/DepthTest6.xml (RunModel)" time="0.009" />
  <testcase classname="ptolemy.util.test.junit.AutoTests" name="[25] /home/travis/build/icyphy/ptII/ptolemy/domains/de/test/auto/DepthTest7.xml (RunModel)" time="0.008" />
  <testcase classname="ptolemy.util.test.junit.AutoTests" name="[26] /home/travis/build/icyphy/ptII/ptolemy/domains/de/test/auto/EventToDate.xml (RunModel)" time="3.024" />
  <testcase classname="ptolemy.util.test.junit.AutoTests" name="[27] /home/travis/build/icyphy/ptII/ptolemy/domains/de/test/auto/FSM1.xml (RunModel)" time="0.033" />
  <testcase classname="ptolemy.util.test.junit.AutoTests" name="[28] /home/travis/build/icyphy/ptII/ptolemy/domains/de/test/auto/FSM7.xml (RunModel)" time="0.028" />
  <testcase classname="ptolemy.util.test.junit.AutoTests" name="[29] /home/travis/build/icyphy/ptII/ptolemy/domains/de/test/auto/Inspection.xml (RunModel)" time="0.031" />
  <testcase classname="ptolemy.util.test.junit.AutoTests" name="[30] /home/travis/build/icyphy/ptII/ptolemy/domains/de/test/auto/Iteration.xml (RunModel)" time="0.016" />
  <testcase classname="ptolemy.util.test.junit.AutoTests" name="[31] /home/travis/build/icyphy/ptII/ptolemy/domains/de/test/auto/LineFault.xml (RunModel)" time="0.388" />
  <testcase classname="ptolemy.util.test.junit.AutoTests" name="[32] /home/travis/build/icyphy/ptII/ptolemy/domains/de/test/auto/MergeModel1Add.xml (RunModel)" time="0.03" />
  <testcase classname="ptolemy.util.test.junit.AutoTests" name="[33] /home/travis/build/icyphy/ptII/ptolemy/domains/de/test/auto/MergeModel2Add.xml (RunModel)" time="0.024" />
  <testcase classname="ptolemy.util.test.junit.AutoTests" name="[34] /home/travis/build/icyphy/ptII/ptolemy/domains/de/test/auto/MergeModel3Add.xml (RunModel)" time="0.024" />
  <testcase classname="ptolemy.util.test.junit.AutoTests" name="[35] /home/travis/build/icyphy/ptII/ptolemy/domains/de/test/auto/MergeWithoutDiscard.xml (RunModel)" time="0.008" />
  <testcase classname="ptolemy.util.test.junit.AutoTests" name="[36] /home/travis/build/icyphy/ptII/ptolemy/domains/de/test/auto/Modal1.xml (RunModel)" time="0.036" />
  <testcase classname="ptolemy.util.test.junit.AutoTests" name="[37] /home/travis/build/icyphy/ptII/ptolemy/domains/de/test/auto/Modal2.xml (RunModel)" time="0.02" />
  <testcase classname="ptolemy.util.test.junit.AutoTests" name="[38] /home/travis/build/icyphy/ptII/ptolemy/domains/de/test/auto/Modal3.xml (RunModel)" time="0.021" />
  <testcase classname="ptolemy.util.test.junit.AutoTests" name="[39] /home/travis/build/icyphy/ptII/ptolemy/domains/de/test/auto/Modal4.xml (RunModel)" time="0.024" />
  <testcase classname="ptolemy.util.test.junit.AutoTests" name="[40] /home/travis/build/icyphy/ptII/ptolemy/domains/de/test/auto/Modal5.xml (RunModel)" time="0.021" />
  <testcase classname="ptolemy.util.test.junit.AutoTests" name="[41] /home/travis/build/icyphy/ptII/ptolemy/domains/de/test/auto/Modal6.xml (RunModel)" time="0.021" />
  <testcase classname="ptolemy.util.test.junit.AutoTests" name="[42] /home/travis/build/icyphy/ptII/ptolemy/domains/de/test/auto/Modal7.xml (RunModel)" time="0.022" />
  <testcase classname="ptolemy.util.test.junit.AutoTests" name="[43] /home/travis/build/icyphy/ptII/ptolemy/domains/de/test/auto/ModalModel.xml (RunModel)" time="0.123" />
  <testcase classname="ptolemy.util.test.junit.AutoTests" name="[44] /home/travis/build/icyphy/ptII/ptolemy/domains/de/test/auto/ModalSource.xml (RunModel)" time="0.013" />
  <testcase classname="ptolemy.util.test.junit.AutoTests" name="[45] /home/travis/build/icyphy/ptII/ptolemy/domains/de/test/auto/NonInterruptibleTimerZeroDelay.xml (RunModel)" time="0.006" />
  <testcase classname="ptolemy.util.test.junit.AutoTests" name="[46] /home/travis/build/icyphy/ptII/ptolemy/domains/de/test/auto/OpenQueueingNetwork.xml (RunModel)" time="2.048" />
  <testcase classname="ptolemy.util.test.junit.AutoTests" name="[47] /home/travis/build/icyphy/ptII/ptolemy/domains/de/test/auto/OpenQueuingNetwork.xml (RunModel)" time="0.3" />
  <testcase classname="ptolemy.util.test.junit.AutoTests" name="[48] /home/travis/build/icyphy/ptII/ptolemy/domains/de/test/auto/PeriodicSampler.xml (RunModel)" time="0.013" />
  <testcase classname="ptolemy.util.test.junit.AutoTests" name="[49] /home/travis/build/icyphy/ptII/ptolemy/domains/de/test/auto/PersistentIO.xml (RunModel)" time="0.03" />
  <testcase classname="ptolemy.util.test.junit.AutoTests" name="[50] /home/travis/build/icyphy/ptII/ptolemy/domains/de/test/auto/PortParameterResetOnInitialize.xml (RunModel)" time="0.017" />
  <testcase classname="ptolemy.util.test.junit.AutoTests" name="[51] /home/travis/build/icyphy/ptII/ptolemy/domains/de/test/auto/PortParameterUpdates.xml (RunModel)" time="0.016" />
  <testcase classname="ptolemy.util.test.junit.AutoTests" name="[52] /home/travis/build/icyphy/ptII/ptolemy/domains/de/test/auto/QueueAndServer.xml (RunModel)" time="0.021" />
  <testcase classname="ptolemy.util.test.junit.AutoTests" name="[53] /home/travis/build/icyphy/ptII/ptolemy/domains/de/test/auto/Records.xml (RunModel)" time="0.019" />
  <testcase classname="ptolemy.util.test.junit.AutoTests" name="[54] /home/travis/build/icyphy/ptII/ptolemy/domains/de/test/auto/ResetTransitionWithStartTime1.xml (RunModel)" time="0.019" />
  <testcase classname="ptolemy.util.test.junit.AutoTests" name="[55] /home/travis/build/icyphy/ptII/ptolemy/domains/de/test/auto/ResetTransitionWithStartTime2.xml (RunModel)" time="0.02" />
  <testcase classname="ptolemy.util.test.junit.AutoTests" name="[56] /home/travis/build/icyphy/ptII/ptolemy/domains/de/test/auto/ResetTransitionWithStartTime3.xml (RunModel)" time="0.019" />
  <testcase classname="ptolemy.util.test.junit.AutoTests" name="[57] /home/travis/build/icyphy/ptII/ptolemy/domains/de/test/auto/ResetTransitionWithStartTime4.xml (RunModel)" time="0.019" />
  <testcase classname="ptolemy.util.test.junit.AutoTests" name="[58] /home/travis/build/icyphy/ptII/ptolemy/domains/de/test/auto/ResettableTimer1.xml (RunModel)" time="0.011" />
  <testcase classname="ptolemy.util.test.junit.AutoTests" name="[59] /home/travis/build/icyphy/ptII/ptolemy/domains/de/test/auto/ResettableTimer2.xml (RunModel)" time="0.01" />
  <testcase classname="ptolemy.util.test.junit.AutoTests" name="[60] /home/travis/build/icyphy/ptII/ptolemy/domains/de/test/auto/ResettableTimer3.xml (RunModel)" time="0.008" />
  <testcase classname="ptolemy.util.test.junit.AutoTests" name="[61] /home/travis/build/icyphy/ptII/ptolemy/domains/de/test/auto/ResettableTimer4.xml (RunModel)" time="0.009" />
  <testcase classname="ptolemy.util.test.junit.AutoTests" name="[62] /home/travis/build/icyphy/ptII/ptolemy/domains/de/test/auto/ResettableTimer5.xml (RunModel)" time="0.011" />
  <testcase classname="ptolemy.util.test.junit.AutoTests" name="[63] /home/travis/build/icyphy/ptII/ptolemy/domains/de/test/auto/ResettableTimer6.xml (RunModel)" time="0.01" />
  <testcase classname="ptolemy.util.test.junit.AutoTests" name="[64] /home/travis/build/icyphy/ptII/ptolemy/domains/de/test/auto/ServerZeroDelay.xml (RunModel)" time="0.009" />
  <testcase classname="ptolemy.util.test.junit.AutoTests" name="[65] /home/travis/build/icyphy/ptII/ptolemy/domains/de/test/auto/SmartSender.xml (RunModel)" time="3.009" />
  <testcase classname="ptolemy.util.test.junit.AutoTests" name="[66] /home/travis/build/icyphy/ptII/ptolemy/domains/de/test/auto/ThreadedComposite.xml (RunModel)" time="0.151" />
  <testcase classname="ptolemy.util.test.junit.AutoTests" name="[67] /home/travis/build/icyphy/ptII/ptolemy/domains/de/test/auto/Time.xml (RunModel)" time="0.45" />
  <testcase classname="ptolemy.util.test.junit.AutoTests" name="[68] /home/travis/build/icyphy/ptII/ptolemy/domains/de/test/auto/TimeDelayZeroDelay.xml (RunModel)" time="0.009" />
  <testcase classname="ptolemy.util.test.junit.AutoTests" name="[69] /home/travis/build/icyphy/ptII/ptolemy/domains/de/test/auto/TimerZeroDelay.xml (RunModel)" time="0.009" />
  <testcase classname="ptolemy.util.test.junit.AutoTests" name="[70] /home/travis/build/icyphy/ptII/ptolemy/domains/de/test/auto/TimingParadox.xml (RunModel)" time="0.358" />
  <testcase classname="ptolemy.util.test.junit.AutoTests" name="[71] /home/travis/build/icyphy/ptII/ptolemy/domains/de/test/auto/TransferInputs.xml (RunModel)" time="0.008" />
  <testcase classname="ptolemy.util.test.junit.AutoTests" name="[72] /home/travis/build/icyphy/ptII/ptolemy/domains/de/test/auto/TransferOutputs2.xml (RunModel)" time="0.014" />
  <testcase classname="ptolemy.util.test.junit.AutoTests" name="[73] /home/travis/build/icyphy/ptII/ptolemy/domains/de/test/auto/Trilateration.xml (RunModel)" time="12.117" />
  <testcase classname="ptolemy.util.test.junit.AutoTests" name="[74] /home/travis/build/icyphy/ptII/ptolemy/domains/de/test/auto/TwoSigmaDelta.xml (RunModel)" time="2.31" />
  <testcase classname="ptolemy.util.test.junit.AutoTests" name="[75] /home/travis/build/icyphy/ptII/ptolemy/domains/de/test/auto/VariableDelay.xml (RunModel)" time="0.012" />
  <testcase classname="ptolemy.util.test.junit.AutoTests" name="[76] /home/travis/build/icyphy/ptII/ptolemy/domains/de/test/auto/VariableDelay2.xml (RunModel)" time="0.01" />
  <testcase classname="ptolemy.util.test.junit.AutoTests" name="[77] /home/travis/build/icyphy/ptII/ptolemy/domains/de/test/auto/VariableDelayZeroDelay.xml (RunModel)" time="0.011" />
  <testcase classname="ptolemy.util.test.junit.AutoTests" name="[78] /home/travis/build/icyphy/ptII/ptolemy/domains/de/test/auto/VariableDelayZeroDelay2.xml (RunModel)" time="0.011" />
  <testcase classname="ptolemy.util.test.junit.AutoTests" name="[79] /home/travis/build/icyphy/ptII/ptolemy/domains/de/test/auto/deInCt.xml (RunModel)" time="0.02" />
  <testcase classname="ptolemy.util.test.junit.AutoTests" name="[80] /home/travis/build/icyphy/ptII/ptolemy/domains/de/test/auto/deInCt2.xml (RunModel)" time="0.021" />
  <testcase classname="ptolemy.util.test.junit.AutoTests" name="[81] /home/travis/build/icyphy/ptII/ptolemy/domains/de/test/auto/dynamicCausalityInterface1.xml (RunModel)" time="0.023" />
  <testcase classname="ptolemy.util.test.junit.AutoTests" name="[82] /home/travis/build/icyphy/ptII/ptolemy/domains/de/test/auto/fsm_de_test.xml (RunModel)" time="0.024" />
  <testcase classname="ptolemy.util.test.junit.AutoTests" name="[83] /home/travis/build/icyphy/ptII/ptolemy/domains/de/test/auto/functionDependencyReconstruction.xml (RunModel)" time="0.033" />
  <testcase classname="ptolemy.util.test.junit.AutoTests" name="[84] /home/travis/build/icyphy/ptII/ptolemy/domains/de/test/auto/multirate.xml (RunModel)" time="0.016" />
  <testcase classname="ptolemy.util.test.junit.AutoTests" name="[85] /home/travis/build/icyphy/ptII/ptolemy/domains/de/test/auto/multirate2.xml (RunModel)" time="0.014" />
  <testcase classname="ptolemy.util.test.junit.AutoTests" name="[86] /home/travis/build/icyphy/ptII/ptolemy/domains/de/test/auto/realtime.xml (RunModel)" time="10.011" />
  <testcase classname="ptolemy.util.test.junit.AutoTests" name="[87] /home/travis/build/icyphy/ptII/ptolemy/domains/de/test/auto/relationGroup.xml (RunModel)" time="0.006" />
  <testcase classname="ptolemy.util.test.junit.AutoTests" name="[88] /home/travis/build/icyphy/ptII/ptolemy/domains/de/test/auto/relationGroup2.xml (RunModel)" time="0.006" />
  <testcase classname="ptolemy.util.test.junit.AutoTests" name="[89] /home/travis/build/icyphy/ptII/ptolemy/domains/de/test/auto/sortWithOpaquePorts.xml (RunModel)" time="0.007" />
  <testcase classname="ptolemy.util.test.junit.AutoTests" name="[90] /home/travis/build/icyphy/ptII/ptolemy/domains/de/test/auto/transferInputsandOutputs.xml (RunModel)" time="0.011" />
  <testcase classname="ptolemy.util.test.junit.AutoTests" name="[91] /home/travis/build/icyphy/ptII/ptolemy/domains/de/test/auto/triggerType.xml (RunModel)" time="0.007" />
  <system-out><![CDATA[/home/travis/build/icyphy/ptII/ptolemy/domains/de/test/DependencyLoop.tcl
testDefs.tcl: setting time out to 9000 seconds at Sun Jun 10 01:19:15 UTC 2018
14 ms. Memory: 116224K Free: 95067K (82%)
6 ms. Memory: 116224K Free: 107600K (93%)
/home/travis/build/icyphy/ptII/ptolemy/domains/de/test/RunDETestsAsQSS.tcl
Run the DE tests using ptolemy.domains.qss.test.QSSDirectorTest, which extends QSSDirector and prints a message in the constructors.
------------------ testing $PTII/ptolemy/domains/de/test/auto/knownFailedTests/dependencyLoop.xml (Known Failure) 
10 ms. Memory: 116224K Free: 104441K (90%)


==== $PTIIhome/travis/build/icyphy/ptII/ptolemy/domains/de/test/../../../../: Auto Automatic test in file $PTII/ptolemy/domains/de/test/auto/knownFailedTests/dependencyLoop.xml
==== Contents of test case:

	    # FIXME: we should use $relativeFilename here, but it
	    # might have backslashes under Windows, which causes no end
	    # of trouble.
	    createAndExecute $file
	    list {}
	
.... Test generated KNOWN error:
    while executing
ptolemy.kernel.util.IllegalActionException: Found a zero delay loop containing .dependencyLoop.original
  in .dependencyLoop and .dependencyLoop.original
	at ptolemy.actor.util.CausalityInterfaceForComposites._computeOutputPortDepth(CausalityInterfaceForComposites.java:759)
	at ptolemy.actor.util.CausalityInterfaceForComposites._computeInputDepth(CausalityInterfaceForComposites.java:696)
	at ptolemy.actor.util.CausalityInterfaceForComposites._computeOutputPortDepth(CausalityInterfaceForComposites.java:765)
	at ptolemy.actor.util.CausalityInterfaceForComposites._computeInputDepth(CausalityInterfaceForComposites.java:696)
	at ptolemy.actor.util.CausalityInterfaceForComposites._computeOutputPortDepth(CausalityInterfaceForComposites.java:765)
	at ptolemy.actor.util.CausalityInterfaceForComposites._computeInputDepth(CausalityInterfaceForComposites.java:696)
	at ptolemy.actor.util.CausalityInterfaceForComposites._computeActorDepth(CausalityInterfaceForComposites.java:532)
	at ptolemy.actor.util.CausalityInterfaceForComposites.checkForCycles(CausalityInterfaceForComposites.java:96)
	at ptolemy.domains.de.kernel.DEDirector.preinitialize(DEDirector.java:1338)
	at ptolemy.actor.CompositeActor.preinitialize(CompositeActor.java:1828)
	at ptolemy.actor.Manager.preinitializeAndResolveTypes(Manager.java:1040)
	at ptolemy.actor.Manager.initialize(Manager.java:710)
	at ptolemy.actor.Manager.execute(Manager.java:356)
	at ptolemy.actor.Manager.run(Manager.java:1263)
	at ptolemy.actor.Manager$PtolemyRunThread.run(Manager.java:1915)

    while executing
ptolemy.kernel.util.IllegalActionException: Found a zero delay loop containing .dependencyLoop.original
  in .dependencyLoop and .dependencyLoop.original
    while executing
"java::new ptolemy.moml.MoMLSimpleApplication $file
"
    (procedure "createAndExecute" line 2)
    invoked from within
"createAndExecute $file"
    ("uplevel" body line 5)
    invoked from within
"uplevel $contents_of_test"
------------------ testing $PTII/ptolemy/domains/de/test/auto/knownFailedTests/DESDFClockTest.xml (Known Failure) 
2065 ms. Memory: 116224K Free: 89629K (77%)


==== $PTIIhome/travis/build/icyphy/ptII/ptolemy/domains/de/test/../../../../: Auto Automatic test in file $PTII/ptolemy/domains/de/test/auto/knownFailedTests/DESDFClockTest.xml
==== Contents of test case:

	    # FIXME: we should use $relativeFilename here, but it
	    # might have backslashes under Windows, which causes no end
	    # of trouble.
	    createAndExecute $file
	    list {}
	
.... Test generated KNOWN error:
    while executing
ptolemy.kernel.util.IllegalActionException: Actor is not ready to fire.  Perhaps UpSample.prefire() returned false? Try debugging the actor by selecting "Listen to Actor".  Also, for SDF check moml for tokenConsumptionRate on input.
  in .DESDFClockTest.Play Bell.Copy1:SDF Director and .DESDFClockTest.Play Bell.UpSample
	at ptolemy.actor.sched.StaticSchedulingDirector.fire(StaticSchedulingDirector.java:227)
	at ptolemy.domains.sdf.kernel.SDFDirector.fire(SDFDirector.java:500)
	at ptolemy.actor.CompositeActor.fire(CompositeActor.java:455)
	at ptolemy.domains.de.kernel.DEDirector._fire(DEDirector.java:1949)
	at ptolemy.domains.de.kernel.DEDirector.fire(DEDirector.java:502)
	at ptolemy.actor.CompositeActor.fire(CompositeActor.java:455)
	at ptolemy.actor.Manager.iterate(Manager.java:851)
	at ptolemy.actor.Manager.execute(Manager.java:369)
	at ptolemy.actor.Manager.run(Manager.java:1263)
	at ptolemy.actor.Manager$PtolemyRunThread.run(Manager.java:1915)

    while executing
ptolemy.kernel.util.IllegalActionException: Actor is not ready to fire.  Perhaps UpSample.prefire() returned false? Try debugging the actor by selecting "Listen to Actor".  Also, for SDF check moml for tokenConsumptionRate on input.
  in .DESDFClockTest.Play Bell.Copy1:SDF Director and .DESDFClockTest.Play Bell.UpSample
    while executing
"java::new ptolemy.moml.MoMLSimpleApplication $file
"
    (procedure "createAndExecute" line 2)
    invoked from within
"createAndExecute $file"
    ("uplevel" body line 5)
    invoked from within
"uplevel $contents_of_test"
------------------ testing $PTII/ptolemy/domains/de/test/auto/knownFailedTests/FSMSource.xml (Known Failure) 
40 ms. Memory: 116224K Free: 111697K (96%)
!!!! Auto was marked as failing, but now passes
------------------ testing $PTII/ptolemy/domains/de/test/auto/knownFailedTests/dependencyLoop2.xml (Known Failure) 
10 ms. Memory: 116224K Free: 94060K (81%)


==== $PTIIhome/travis/build/icyphy/ptII/ptolemy/domains/de/test/../../../../: Auto Automatic test in file $PTII/ptolemy/domains/de/test/auto/knownFailedTests/dependencyLoop2.xml
==== Contents of test case:

	    # FIXME: we should use $relativeFilename here, but it
	    # might have backslashes under Windows, which causes no end
	    # of trouble.
	    createAndExecute $file
	    list {}
	
.... Test generated KNOWN error:
    while executing
ptolemy.kernel.util.IllegalActionException: Found a zero delay loop containing .dependencyLoop2.original
  in .dependencyLoop2 and .dependencyLoop2.original
	at ptolemy.actor.util.CausalityInterfaceForComposites._computeOutputPortDepth(CausalityInterfaceForComposites.java:759)
	at ptolemy.actor.util.CausalityInterfaceForComposites._computeInputDepth(CausalityInterfaceForComposites.java:696)
	at ptolemy.actor.util.CausalityInterfaceForComposites._computeOutputPortDepth(CausalityInterfaceForComposites.java:765)
	at ptolemy.actor.util.CausalityInterfaceForComposites._computeInputDepth(CausalityInterfaceForComposites.java:696)
	at ptolemy.actor.util.CausalityInterfaceForComposites._computeOutputPortDepth(CausalityInterfaceForComposites.java:765)
	at ptolemy.actor.util.CausalityInterfaceForComposites._computeInputDepth(CausalityInterfaceForComposites.java:696)
	at ptolemy.actor.util.CausalityInterfaceForComposites._computeActorDepth(CausalityInterfaceForComposites.java:532)
	at ptolemy.actor.util.CausalityInterfaceForComposites.checkForCycles(CausalityInterfaceForComposites.java:96)
	at ptolemy.domains.de.kernel.DEDirector.preinitialize(DEDirector.java:1338)
	at ptolemy.actor.CompositeActor.preinitialize(CompositeActor.java:1828)
	at ptolemy.actor.Manager.preinitializeAndResolveTypes(Manager.java:1040)
	at ptolemy.actor.Manager.initialize(Manager.java:710)
	at ptolemy.actor.Manager.execute(Manager.java:356)
	at ptolemy.actor.Manager.run(Manager.java:1263)
	at ptolemy.actor.Manager$PtolemyRunThread.run(Manager.java:1915)

    while executing
ptolemy.kernel.util.IllegalActionException: Found a zero delay loop containing .dependencyLoop2.original
  in .dependencyLoop2 and .dependencyLoop2.original
    while executing
"java::new ptolemy.moml.MoMLSimpleApplication $file
"
    (procedure "createAndExecute" line 2)
    invoked from within
"createAndExecute $file"
    ("uplevel" body line 5)
    invoked from within
"uplevel $contents_of_test"
------------------ testing $PTII/ptolemy/domains/de/test/auto/knownFailedTests/HierarchicalModel.xml (Known Failure) 
6 ms. Memory: 146944K Free: 134533K (92%)


==== $PTIIhome/travis/build/icyphy/ptII/ptolemy/domains/de/test/../../../../: Auto Automatic test in file $PTII/ptolemy/domains/de/test/auto/knownFailedTests/HierarchicalModel.xml
==== Contents of test case:

	    # FIXME: we should use $relativeFilename here, but it
	    # might have backslashes under Windows, which causes no end
	    # of trouble.
	    createAndExecute $file
	    list {}
	
.... Test generated KNOWN error:
    while executing
ptolemy.kernel.util.IllegalActionException: Found a zero delay loop containing .HierarchicalModel.A
  in .HierarchicalModel and .HierarchicalModel.A
	at ptolemy.actor.util.CausalityInterfaceForComposites._computeOutputPortDepth(CausalityInterfaceForComposites.java:759)
	at ptolemy.actor.util.CausalityInterfaceForComposites._computeInputDepth(CausalityInterfaceForComposites.java:696)
	at ptolemy.actor.util.CausalityInterfaceForComposites._computeOutputPortDepth(CausalityInterfaceForComposites.java:765)
	at ptolemy.actor.util.CausalityInterfaceForComposites._computeInputDepth(CausalityInterfaceForComposites.java:696)
	at ptolemy.actor.util.CausalityInterfaceForComposites._computeOutputPortDepth(CausalityInterfaceForComposites.java:765)
	at ptolemy.actor.util.CausalityInterfaceForComposites._computeInputDepth(CausalityInterfaceForComposites.java:696)
	at ptolemy.actor.util.CausalityInterfaceForComposites._computeActorDepth(CausalityInterfaceForComposites.java:532)
	at ptolemy.actor.util.CausalityInterfaceForComposites.checkForCycles(CausalityInterfaceForComposites.java:96)
	at ptolemy.domains.de.kernel.DEDirector.preinitialize(DEDirector.java:1338)
	at ptolemy.actor.CompositeActor.preinitialize(CompositeActor.java:1828)
	at ptolemy.actor.Manager.preinitializeAndResolveTypes(Manager.java:1040)
	at ptolemy.actor.Manager.initialize(Manager.java:710)
	at ptolemy.actor.Manager.execute(Manager.java:356)
	at ptolemy.actor.Manager.run(Manager.java:1263)
	at ptolemy.actor.Manager$PtolemyRunThread.run(Manager.java:1915)

    while executing
ptolemy.kernel.util.IllegalActionException: Found a zero delay loop containing .HierarchicalModel.A
  in .HierarchicalModel and .HierarchicalModel.A
    while executing
"java::new ptolemy.moml.MoMLSimpleApplication $file
"
    (procedure "createAndExecute" line 2)
    invoked from within
"createAndExecute $file"
    ("uplevel" body line 5)
    invoked from within
"uplevel $contents_of_test"
------------------ testing $PTII/ptolemy/domains/de/test/auto/knownFailedTests/DirectFeedback.xml (Known Failure) 
14 ms. Memory: 146944K Free: 130573K (89%)


==== $PTIIhome/travis/build/icyphy/ptII/ptolemy/domains/de/test/../../../../: Auto Automatic test in file $PTII/ptolemy/domains/de/test/auto/knownFailedTests/DirectFeedback.xml
==== Contents of test case:

	    # FIXME: we should use $relativeFilename here, but it
	    # might have backslashes under Windows, which causes no end
	    # of trouble.
	    createAndExecute $file
	    list {}
	
.... Test generated KNOWN error:
    while executing
ptolemy.kernel.util.IllegalActionException: Test fails in iteration 1.
Value was: 1.0. Should have been: 2.0
  in .DirectFeedback.Test
	at ptolemy.actor.lib.Test.fire(Test.java:268)
	at ptolemy.domains.de.kernel.DEDirector._fire(DEDirector.java:1949)
	at ptolemy.domains.de.kernel.DEDirector.fire(DEDirector.java:502)
	at ptolemy.actor.CompositeActor.fire(CompositeActor.java:455)
	at ptolemy.actor.Manager.iterate(Manager.java:851)
	at ptolemy.actor.Manager.execute(Manager.java:369)
	at ptolemy.actor.Manager.run(Manager.java:1263)
	at ptolemy.actor.Manager$PtolemyRunThread.run(Manager.java:1915)

    while executing
ptolemy.kernel.util.IllegalActionException: Test fails in iteration 1.
Value was: 1.0. Should have been: 2.0
  in .DirectFeedback.Test
    while executing
"java::new ptolemy.moml.MoMLSimpleApplication $file
"
    (procedure "createAndExecute" line 2)
    invoked from within
"createAndExecute $file"
    ("uplevel" body line 5)
    invoked from within
"uplevel $contents_of_test"
------------------ testing $PTII/ptolemy/domains/de/test/auto/ActorDepthCalculation_actorWithoutPorts.xml
auto.tcl: Setting watchdog for 200 seconds at Sun Jun 10 01:19:18 UTC 2018
11 ms. Memory: 146944K Free: 121768K (83%)
ptolemy.util.test.WatchDog.cancel(): canceling Sun Jun 10 01:19:18 UTC 2018
auto.tcl: Setting watchdog for 200 seconds at Sun Jun 10 01:19:18 UTC 2018
7 ms. Memory: 146944K Free: 120710K (82%)
ptolemy.util.test.WatchDog.cancel(): canceling Sun Jun 10 01:19:18 UTC 2018
------------------ testing $PTII/ptolemy/domains/de/test/auto/AssemblyLine.xml
auto.tcl: Setting watchdog for 200 seconds at Sun Jun 10 01:19:19 UTC 2018
11 ms. Memory: 146944K Free: 127578K (87%)
ptolemy.util.test.WatchDog.cancel(): canceling Sun Jun 10 01:19:19 UTC 2018
auto.tcl: Setting watchdog for 200 seconds at Sun Jun 10 01:19:19 UTC 2018
7 ms. Memory: 146944K Free: 126531K (86%)
ptolemy.util.test.WatchDog.cancel(): canceling Sun Jun 10 01:19:19 UTC 2018
------------------ testing $PTII/ptolemy/domains/de/test/auto/CQBug1.xml
auto.tcl: Setting watchdog for 200 seconds at Sun Jun 10 01:19:19 UTC 2018
2 ms. Memory: 146944K Free: 138324K (94%)
ptolemy.util.test.WatchDog.cancel(): canceling Sun Jun 10 01:19:19 UTC 2018
auto.tcl: Setting watchdog for 200 seconds at Sun Jun 10 01:19:19 UTC 2018
2 ms. Memory: 146944K Free: 138324K (94%)
ptolemy.util.test.WatchDog.cancel(): canceling Sun Jun 10 01:19:19 UTC 2018
------------------ testing $PTII/ptolemy/domains/de/test/auto/CancelFireAt.xml
auto.tcl: Setting watchdog for 200 seconds at Sun Jun 10 01:19:19 UTC 2018
3 ms. Memory: 146944K Free: 140410K (96%)
ptolemy.util.test.WatchDog.cancel(): canceling Sun Jun 10 01:19:19 UTC 2018
auto.tcl: Setting watchdog for 200 seconds at Sun Jun 10 01:19:19 UTC 2018
2 ms. Memory: 146944K Free: 139362K (95%)
ptolemy.util.test.WatchDog.cancel(): canceling Sun Jun 10 01:19:19 UTC 2018
------------------ testing $PTII/ptolemy/domains/de/test/auto/CausalityAndComposabilityAnalysis.xml
auto.tcl: Setting watchdog for 200 seconds at Sun Jun 10 01:19:19 UTC 2018
13 ms. Memory: 146944K Free: 138008K (94%)
ptolemy.util.test.WatchDog.cancel(): canceling Sun Jun 10 01:19:19 UTC 2018
auto.tcl: Setting watchdog for 200 seconds at Sun Jun 10 01:19:19 UTC 2018
13 ms. Memory: 146944K Free: 136961K (93%)
ptolemy.util.test.WatchDog.cancel(): canceling Sun Jun 10 01:19:19 UTC 2018
------------------ testing $PTII/ptolemy/domains/de/test/auto/CausalityInterface1.xml
auto.tcl: Setting watchdog for 200 seconds at Sun Jun 10 01:19:19 UTC 2018
14 ms. Memory: 146944K Free: 136284K (93%)
ptolemy.util.test.WatchDog.cancel(): canceling Sun Jun 10 01:19:20 UTC 2018
auto.tcl: Setting watchdog for 200 seconds at Sun Jun 10 01:19:20 UTC 2018
4 ms. Memory: 146944K Free: 135237K (92%)
ptolemy.util.test.WatchDog.cancel(): canceling Sun Jun 10 01:19:20 UTC 2018
------------------ testing $PTII/ptolemy/domains/de/test/auto/CausalityInterface15.xml
auto.tcl: Setting watchdog for 200 seconds at Sun Jun 10 01:19:20 UTC 2018
11 ms. Memory: 146944K Free: 135227K (92%)
ptolemy.util.test.WatchDog.cancel(): canceling Sun Jun 10 01:19:20 UTC 2018
auto.tcl: Setting watchdog for 200 seconds at Sun Jun 10 01:19:20 UTC 2018
5 ms. Memory: 146944K Free: 134180K (91%)
ptolemy.util.test.WatchDog.cancel(): canceling Sun Jun 10 01:19:20 UTC 2018
------------------ testing $PTII/ptolemy/domains/de/test/auto/CausalityInterface2.xml
auto.tcl: Setting watchdog for 200 seconds at Sun Jun 10 01:19:20 UTC 2018
7 ms. Memory: 146944K Free: 136259K (93%)
ptolemy.util.test.WatchDog.cancel(): canceling Sun Jun 10 01:19:20 UTC 2018
auto.tcl: Setting watchdog for 200 seconds at Sun Jun 10 01:19:20 UTC 2018
3 ms. Memory: 146944K Free: 136259K (93%)
ptolemy.util.test.WatchDog.cancel(): canceling Sun Jun 10 01:19:20 UTC 2018
------------------ testing $PTII/ptolemy/domains/de/test/auto/CausalityInterface3.xml
auto.tcl: Setting watchdog for 200 seconds at Sun Jun 10 01:19:20 UTC 2018
9 ms. Memory: 146944K Free: 136271K (93%)
ptolemy.util.test.WatchDog.cancel(): canceling Sun Jun 10 01:19:20 UTC 2018
auto.tcl: Setting watchdog for 200 seconds at Sun Jun 10 01:19:20 UTC 2018
5 ms. Memory: 146944K Free: 135223K (92%)
ptolemy.util.test.WatchDog.cancel(): canceling Sun Jun 10 01:19:20 UTC 2018
------------------ testing $PTII/ptolemy/domains/de/test/auto/ClockDrift.xml
auto.tcl: Setting watchdog for 200 seconds at Sun Jun 10 01:19:20 UTC 2018
102 ms. Memory: 146944K Free: 128130K (87%)
ptolemy.util.test.WatchDog.cancel(): canceling Sun Jun 10 01:19:20 UTC 2018
auto.tcl: Setting watchdog for 200 seconds at Sun Jun 10 01:19:20 UTC 2018
62 ms. Memory: 146944K Free: 124989K (85%)
ptolemy.util.test.WatchDog.cancel(): canceling Sun Jun 10 01:19:20 UTC 2018
------------------ testing $PTII/ptolemy/domains/de/test/auto/ClockDriftAndValueChange.xml
auto.tcl: Setting watchdog for 200 seconds at Sun Jun 10 01:19:20 UTC 2018
53 ms. Memory: 146944K Free: 127966K (87%)
ptolemy.util.test.WatchDog.cancel(): canceling Sun Jun 10 01:19:20 UTC 2018
auto.tcl: Setting watchdog for 200 seconds at Sun Jun 10 01:19:20 UTC 2018
33 ms. Memory: 146944K Free: 124824K (85%)
ptolemy.util.test.WatchDog.cancel(): canceling Sun Jun 10 01:19:20 UTC 2018
------------------ testing $PTII/ptolemy/domains/de/test/auto/ClockDriftChange.xml
auto.tcl: Setting watchdog for 200 seconds at Sun Jun 10 01:19:20 UTC 2018
22 ms. Memory: 146944K Free: 130651K (89%)
ptolemy.util.test.WatchDog.cancel(): canceling Sun Jun 10 01:19:20 UTC 2018
auto.tcl: Setting watchdog for 200 seconds at Sun Jun 10 01:19:20 UTC 2018
29 ms. Memory: 146944K Free: 128556K (87%)
ptolemy.util.test.WatchDog.cancel(): canceling Sun Jun 10 01:19:21 UTC 2018
------------------ testing $PTII/ptolemy/domains/de/test/auto/ComposableCausalityAnalysis.xml
auto.tcl: Setting watchdog for 200 seconds at Sun Jun 10 01:19:21 UTC 2018
2 ms. Memory: 146944K Free: 135187K (92%)
ptolemy.util.test.WatchDog.cancel(): canceling Sun Jun 10 01:19:21 UTC 2018
auto.tcl: Setting watchdog for 200 seconds at Sun Jun 10 01:19:21 UTC 2018
1 ms. Memory: 146944K Free: 134140K (91%)
ptolemy.util.test.WatchDog.cancel(): canceling Sun Jun 10 01:19:21 UTC 2018
------------------ testing $PTII/ptolemy/domains/de/test/auto/DEFixedPointLimitation.xml
auto.tcl: Setting watchdog for 200 seconds at Sun Jun 10 01:19:21 UTC 2018
4 ms. Memory: 146944K Free: 136206K (93%)
ptolemy.util.test.WatchDog.cancel(): canceling Sun Jun 10 01:19:21 UTC 2018
auto.tcl: Setting watchdog for 200 seconds at Sun Jun 10 01:19:21 UTC 2018
1 ms. Memory: 146944K Free: 136206K (93%)
ptolemy.util.test.WatchDog.cancel(): canceling Sun Jun 10 01:19:21 UTC 2018
------------------ testing $PTII/ptolemy/domains/de/test/auto/DEScheduleTest.xml
auto.tcl: Setting watchdog for 200 seconds at Sun Jun 10 01:19:21 UTC 2018
6 ms. Memory: 146944K Free: 137289K (93%)
ptolemy.util.test.WatchDog.cancel(): canceling Sun Jun 10 01:19:21 UTC 2018
auto.tcl: Setting watchdog for 200 seconds at Sun Jun 10 01:19:21 UTC 2018
3 ms. Memory: 146944K Free: 136242K (93%)
ptolemy.util.test.WatchDog.cancel(): canceling Sun Jun 10 01:19:21 UTC 2018
------------------ testing $PTII/ptolemy/domains/de/test/auto/DEinDEwithStartTimes.xml
auto.tcl: Setting watchdog for 200 seconds at Sun Jun 10 01:19:21 UTC 2018
5 ms. Memory: 146944K Free: 135164K (92%)
ptolemy.util.test.WatchDog.cancel(): canceling Sun Jun 10 01:19:21 UTC 2018
auto.tcl: Setting watchdog for 200 seconds at Sun Jun 10 01:19:21 UTC 2018
4 ms. Memory: 146944K Free: 134117K (91%)
ptolemy.util.test.WatchDog.cancel(): canceling Sun Jun 10 01:19:21 UTC 2018
------------------ testing $PTII/ptolemy/domains/de/test/auto/DEinDEwithStartTimes2.xml
auto.tcl: Setting watchdog for 200 seconds at Sun Jun 10 01:19:21 UTC 2018
11 ms. Memory: 146944K Free: 135253K (92%)
ptolemy.util.test.WatchDog.cancel(): canceling Sun Jun 10 01:19:21 UTC 2018
auto.tcl: Setting watchdog for 200 seconds at Sun Jun 10 01:19:21 UTC 2018
5 ms. Memory: 146944K Free: 134206K (91%)
ptolemy.util.test.WatchDog.cancel(): canceling Sun Jun 10 01:19:21 UTC 2018
------------------ testing $PTII/ptolemy/domains/de/test/auto/DateDemo.xml
auto.tcl: Setting watchdog for 200 seconds at Sun Jun 10 01:19:21 UTC 2018
16 ms. Memory: 146944K Free: 129252K (88%)
ptolemy.util.test.WatchDog.cancel(): canceling Sun Jun 10 01:19:21 UTC 2018
auto.tcl: Setting watchdog for 200 seconds at Sun Jun 10 01:19:21 UTC 2018
10 ms. Memory: 146944K Free: 127158K (87%)
ptolemy.util.test.WatchDog.cancel(): canceling Sun Jun 10 01:19:21 UTC 2018
------------------ testing $PTII/ptolemy/domains/de/test/auto/DateToEvent.xml
auto.tcl: Setting watchdog for 200 seconds at Sun Jun 10 01:19:21 UTC 2018
2009 ms. Memory: 146944K Free: 123385K (84%)
ptolemy.util.test.WatchDog.cancel(): canceling Sun Jun 10 01:19:23 UTC 2018
auto.tcl: Setting watchdog for 200 seconds at Sun Jun 10 01:19:23 UTC 2018
2005 ms. Memory: 146944K Free: 122338K (83%)
ptolemy.util.test.WatchDog.cancel(): canceling Sun Jun 10 01:19:25 UTC 2018
------------------ testing $PTII/ptolemy/domains/de/test/auto/DepthTest1.xml
auto.tcl: Setting watchdog for 200 seconds at Sun Jun 10 01:19:25 UTC 2018
4 ms. Memory: 146944K Free: 138589K (94%)
ptolemy.util.test.WatchDog.cancel(): canceling Sun Jun 10 01:19:25 UTC 2018
auto.tcl: Setting watchdog for 200 seconds at Sun Jun 10 01:19:25 UTC 2018
3 ms. Memory: 146944K Free: 138480K (94%)
ptolemy.util.test.WatchDog.cancel(): canceling Sun Jun 10 01:19:25 UTC 2018
------------------ testing $PTII/ptolemy/domains/de/test/auto/DepthTest2.xml
auto.tcl: Setting watchdog for 200 seconds at Sun Jun 10 01:19:25 UTC 2018
6 ms. Memory: 146944K Free: 134187K (91%)
ptolemy.util.test.WatchDog.cancel(): canceling Sun Jun 10 01:19:26 UTC 2018
auto.tcl: Setting watchdog for 200 seconds at Sun Jun 10 01:19:26 UTC 2018
3 ms. Memory: 146944K Free: 134187K (91%)
ptolemy.util.test.WatchDog.cancel(): canceling Sun Jun 10 01:19:26 UTC 2018
------------------ testing $PTII/ptolemy/domains/de/test/auto/DepthTest3.xml
auto.tcl: Setting watchdog for 200 seconds at Sun Jun 10 01:19:26 UTC 2018
3 ms. Memory: 146944K Free: 138924K (95%)
ptolemy.util.test.WatchDog.cancel(): canceling Sun Jun 10 01:19:26 UTC 2018
auto.tcl: Setting watchdog for 200 seconds at Sun Jun 10 01:19:26 UTC 2018
2 ms. Memory: 146944K Free: 138924K (95%)
ptolemy.util.test.WatchDog.cancel(): canceling Sun Jun 10 01:19:26 UTC 2018
------------------ testing $PTII/ptolemy/domains/de/test/auto/DepthTest4.xml
auto.tcl: Setting watchdog for 200 seconds at Sun Jun 10 01:19:26 UTC 2018
3 ms. Memory: 146944K Free: 136194K (93%)
ptolemy.util.test.WatchDog.cancel(): canceling Sun Jun 10 01:19:26 UTC 2018
auto.tcl: Setting watchdog for 200 seconds at Sun Jun 10 01:19:26 UTC 2018
3 ms. Memory: 146944K Free: 135146K (92%)
ptolemy.util.test.WatchDog.cancel(): canceling Sun Jun 10 01:19:26 UTC 2018
------------------ testing $PTII/ptolemy/domains/de/test/auto/DepthTest5.xml
auto.tcl: Setting watchdog for 200 seconds at Sun Jun 10 01:19:26 UTC 2018
4 ms. Memory: 146944K Free: 135094K (92%)
ptolemy.util.test.WatchDog.cancel(): canceling Sun Jun 10 01:19:26 UTC 2018
auto.tcl: Setting watchdog for 200 seconds at Sun Jun 10 01:19:26 UTC 2018
2 ms. Memory: 146944K Free: 135094K (92%)
ptolemy.util.test.WatchDog.cancel(): canceling Sun Jun 10 01:19:26 UTC 2018
------------------ testing $PTII/ptolemy/domains/de/test/auto/DepthTest6.xml
auto.tcl: Setting watchdog for 200 seconds at Sun Jun 10 01:19:26 UTC 2018
8 ms. Memory: 146944K Free: 135156K (92%)
ptolemy.util.test.WatchDog.cancel(): canceling Sun Jun 10 01:19:26 UTC 2018
auto.tcl: Setting watchdog for 200 seconds at Sun Jun 10 01:19:26 UTC 2018
3 ms. Memory: 146944K Free: 135156K (92%)
ptolemy.util.test.WatchDog.cancel(): canceling Sun Jun 10 01:19:26 UTC 2018
------------------ testing $PTII/ptolemy/domains/de/test/auto/DepthTest7.xml
auto.tcl: Setting watchdog for 200 seconds at Sun Jun 10 01:19:26 UTC 2018
2 ms. Memory: 146944K Free: 136098K (93%)
ptolemy.util.test.WatchDog.cancel(): canceling Sun Jun 10 01:19:26 UTC 2018
auto.tcl: Setting watchdog for 200 seconds at Sun Jun 10 01:19:26 UTC 2018
2 ms. Memory: 146944K Free: 135050K (92%)
ptolemy.util.test.WatchDog.cancel(): canceling Sun Jun 10 01:19:26 UTC 2018
------------------ testing $PTII/ptolemy/domains/de/test/auto/EventToDate.xml
auto.tcl: Setting watchdog for 200 seconds at Sun Jun 10 01:19:26 UTC 2018
3007 ms. Memory: 146944K Free: 125646K (86%)
ptolemy.util.test.WatchDog.cancel(): canceling Sun Jun 10 01:19:29 UTC 2018
auto.tcl: Setting watchdog for 200 seconds at Sun Jun 10 01:19:29 UTC 2018
3005 ms. Memory: 146944K Free: 125646K (86%)
ptolemy.util.test.WatchDog.cancel(): canceling Sun Jun 10 01:19:32 UTC 2018
------------------ testing $PTII/ptolemy/domains/de/test/auto/FSM1.xml
auto.tcl: Setting watchdog for 200 seconds at Sun Jun 10 01:19:32 UTC 2018
40 ms. Memory: 146944K Free: 126836K (86%)
ptolemy.util.test.WatchDog.cancel(): canceling Sun Jun 10 01:19:32 UTC 2018
auto.tcl: Setting watchdog for 200 seconds at Sun Jun 10 01:19:32 UTC 2018
21 ms. Memory: 146944K Free: 123695K (84%)
ptolemy.util.test.WatchDog.cancel(): canceling Sun Jun 10 01:19:32 UTC 2018
------------------ testing $PTII/ptolemy/domains/de/test/auto/FSM7.xml
auto.tcl: Setting watchdog for 200 seconds at Sun Jun 10 01:19:32 UTC 2018
14 ms. Memory: 146944K Free: 127238K (87%)
ptolemy.util.test.WatchDog.cancel(): canceling Sun Jun 10 01:19:32 UTC 2018
auto.tcl: Setting watchdog for 200 seconds at Sun Jun 10 01:19:32 UTC 2018
15 ms. Memory: 146944K Free: 124096K (84%)
ptolemy.util.test.WatchDog.cancel(): canceling Sun Jun 10 01:19:32 UTC 2018
------------------ testing $PTII/ptolemy/domains/de/test/auto/Inspection.xml
auto.tcl: Setting watchdog for 200 seconds at Sun Jun 10 01:19:32 UTC 2018
34 ms. Memory: 146944K Free: 128053K (87%)
ptolemy.util.test.WatchDog.cancel(): canceling Sun Jun 10 01:19:32 UTC 2018
auto.tcl: Setting watchdog for 200 seconds at Sun Jun 10 01:19:32 UTC 2018
26 ms. Memory: 146944K Free: 125958K (86%)
ptolemy.util.test.WatchDog.cancel(): canceling Sun Jun 10 01:19:32 UTC 2018
------------------ testing $PTII/ptolemy/domains/de/test/auto/Iteration.xml
auto.tcl: Setting watchdog for 200 seconds at Sun Jun 10 01:19:32 UTC 2018
12 ms. Memory: 146944K Free: 133921K (91%)
ptolemy.util.test.WatchDog.cancel(): canceling Sun Jun 10 01:19:33 UTC 2018
auto.tcl: Setting watchdog for 200 seconds at Sun Jun 10 01:19:33 UTC 2018
9 ms. Memory: 146944K Free: 132764K (90%)
ptolemy.util.test.WatchDog.cancel(): canceling Sun Jun 10 01:19:33 UTC 2018
------------------ testing $PTII/ptolemy/domains/de/test/auto/LineFault.xml
auto.tcl: Setting watchdog for 200 seconds at Sun Jun 10 01:19:33 UTC 2018
815 ms. Memory: 146944K Free: 138028K (94%)
ptolemy.util.test.WatchDog.cancel(): canceling Sun Jun 10 01:19:34 UTC 2018
auto.tcl: Setting watchdog for 200 seconds at Sun Jun 10 01:19:34 UTC 2018
695 ms. Memory: 146944K Free: 81833K (56%)
ptolemy.util.test.WatchDog.cancel(): canceling Sun Jun 10 01:19:34 UTC 2018
------------------ testing $PTII/ptolemy/domains/de/test/auto/MergeModel1Add.xml
auto.tcl: Setting watchdog for 200 seconds at Sun Jun 10 01:19:34 UTC 2018
31 ms. Memory: 209920K Free: 180411K (86%)
ptolemy.util.test.WatchDog.cancel(): canceling Sun Jun 10 01:19:35 UTC 2018
auto.tcl: Setting watchdog for 200 seconds at Sun Jun 10 01:19:35 UTC 2018
14 ms. Memory: 209920K Free: 178507K (85%)
ptolemy.util.test.WatchDog.cancel(): canceling Sun Jun 10 01:19:35 UTC 2018
------------------ testing $PTII/ptolemy/domains/de/test/auto/MergeModel2Add.xml
auto.tcl: Setting watchdog for 200 seconds at Sun Jun 10 01:19:35 UTC 2018
10 ms. Memory: 210432K Free: 184196K (88%)
ptolemy.util.test.WatchDog.cancel(): canceling Sun Jun 10 01:19:35 UTC 2018
auto.tcl: Setting watchdog for 200 seconds at Sun Jun 10 01:19:35 UTC 2018
11 ms. Memory: 210432K Free: 182308K (87%)
ptolemy.util.test.WatchDog.cancel(): canceling Sun Jun 10 01:19:35 UTC 2018
------------------ testing $PTII/ptolemy/domains/de/test/auto/MergeModel3Add.xml
auto.tcl: Setting watchdog for 200 seconds at Sun Jun 10 01:19:35 UTC 2018
12 ms. Memory: 209920K Free: 183639K (87%)
ptolemy.util.test.WatchDog.cancel(): canceling Sun Jun 10 01:19:35 UTC 2018
auto.tcl: Setting watchdog for 200 seconds at Sun Jun 10 01:19:35 UTC 2018
13 ms. Memory: 209920K Free: 181744K (87%)
ptolemy.util.test.WatchDog.cancel(): canceling Sun Jun 10 01:19:35 UTC 2018
------------------ testing $PTII/ptolemy/domains/de/test/auto/MergeWithoutDiscard.xml
auto.tcl: Setting watchdog for 200 seconds at Sun Jun 10 01:19:35 UTC 2018
3 ms. Memory: 210432K Free: 198774K (94%)
ptolemy.util.test.WatchDog.cancel(): canceling Sun Jun 10 01:19:35 UTC 2018
auto.tcl: Setting watchdog for 200 seconds at Sun Jun 10 01:19:35 UTC 2018
2 ms. Memory: 210432K Free: 198774K (94%)
ptolemy.util.test.WatchDog.cancel(): canceling Sun Jun 10 01:19:35 UTC 2018
------------------ testing $PTII/ptolemy/domains/de/test/auto/Modal1.xml
auto.tcl: Setting watchdog for 200 seconds at Sun Jun 10 01:19:35 UTC 2018
14 ms. Memory: 210432K Free: 190806K (91%)
ptolemy.util.test.WatchDog.cancel(): canceling Sun Jun 10 01:19:35 UTC 2018
auto.tcl: Setting watchdog for 200 seconds at Sun Jun 10 01:19:35 UTC 2018
16 ms. Memory: 210432K Free: 186984K (89%)
ptolemy.util.test.WatchDog.cancel(): canceling Sun Jun 10 01:19:35 UTC 2018
------------------ testing $PTII/ptolemy/domains/de/test/auto/Modal2.xml
auto.tcl: Setting watchdog for 200 seconds at Sun Jun 10 01:19:35 UTC 2018
15 ms. Memory: 210432K Free: 190673K (91%)
ptolemy.util.test.WatchDog.cancel(): canceling Sun Jun 10 01:19:35 UTC 2018
auto.tcl: Setting watchdog for 200 seconds at Sun Jun 10 01:19:35 UTC 2018
15 ms. Memory: 210432K Free: 186851K (89%)
ptolemy.util.test.WatchDog.cancel(): canceling Sun Jun 10 01:19:35 UTC 2018
------------------ testing $PTII/ptolemy/domains/de/test/auto/Modal3.xml
auto.tcl: Setting watchdog for 200 seconds at Sun Jun 10 01:19:35 UTC 2018
16 ms. Memory: 210432K Free: 190688K (91%)
ptolemy.util.test.WatchDog.cancel(): canceling Sun Jun 10 01:19:35 UTC 2018
auto.tcl: Setting watchdog for 200 seconds at Sun Jun 10 01:19:35 UTC 2018
17 ms. Memory: 210432K Free: 186889K (89%)
ptolemy.util.test.WatchDog.cancel(): canceling Sun Jun 10 01:19:35 UTC 2018
------------------ testing $PTII/ptolemy/domains/de/test/auto/Modal4.xml
auto.tcl: Setting watchdog for 200 seconds at Sun Jun 10 01:19:35 UTC 2018
29 ms. Memory: 208384K Free: 186112K (89%)
ptolemy.util.test.WatchDog.cancel(): canceling Sun Jun 10 01:19:36 UTC 2018
auto.tcl: Setting watchdog for 200 seconds at Sun Jun 10 01:19:36 UTC 2018
27 ms. Memory: 208384K Free: 182290K (87%)
ptolemy.util.test.WatchDog.cancel(): canceling Sun Jun 10 01:19:36 UTC 2018
------------------ testing $PTII/ptolemy/domains/de/test/auto/Modal5.xml
auto.tcl: Setting watchdog for 200 seconds at Sun Jun 10 01:19:36 UTC 2018
23 ms. Memory: 209920K Free: 190243K (91%)
ptolemy.util.test.WatchDog.cancel(): canceling Sun Jun 10 01:19:36 UTC 2018
auto.tcl: Setting watchdog for 200 seconds at Sun Jun 10 01:19:36 UTC 2018
16 ms. Memory: 209920K Free: 186436K (89%)
ptolemy.util.test.WatchDog.cancel(): canceling Sun Jun 10 01:19:36 UTC 2018
------------------ testing $PTII/ptolemy/domains/de/test/auto/Modal6.xml
auto.tcl: Setting watchdog for 200 seconds at Sun Jun 10 01:19:36 UTC 2018
15 ms. Memory: 209920K Free: 190250K (91%)
ptolemy.util.test.WatchDog.cancel(): canceling Sun Jun 10 01:19:36 UTC 2018
auto.tcl: Setting watchdog for 200 seconds at Sun Jun 10 01:19:36 UTC 2018
20 ms. Memory: 209920K Free: 186443K (89%)
ptolemy.util.test.WatchDog.cancel(): canceling Sun Jun 10 01:19:36 UTC 2018
------------------ testing $PTII/ptolemy/domains/de/test/auto/Modal7.xml
auto.tcl: Setting watchdog for 200 seconds at Sun Jun 10 01:19:36 UTC 2018
21 ms. Memory: 209920K Free: 188238K (90%)
ptolemy.util.test.WatchDog.cancel(): canceling Sun Jun 10 01:19:36 UTC 2018
auto.tcl: Setting watchdog for 200 seconds at Sun Jun 10 01:19:36 UTC 2018
22 ms. Memory: 209920K Free: 186326K (89%)
ptolemy.util.test.WatchDog.cancel(): canceling Sun Jun 10 01:19:36 UTC 2018
------------------ testing $PTII/ptolemy/domains/de/test/auto/ModalModel.xml
auto.tcl: Setting watchdog for 200 seconds at Sun Jun 10 01:19:36 UTC 2018
227 ms. Memory: 209920K Free: 129377K (62%)
ptolemy.util.test.WatchDog.cancel(): canceling Sun Jun 10 01:19:36 UTC 2018
auto.tcl: Setting watchdog for 200 seconds at Sun Jun 10 01:19:36 UTC 2018
247 ms. Memory: 209920K Free: 197512K (94%)
ptolemy.util.test.WatchDog.cancel(): canceling Sun Jun 10 01:19:37 UTC 2018
------------------ testing $PTII/ptolemy/domains/de/test/auto/ModalSource.xml
auto.tcl: Setting watchdog for 200 seconds at Sun Jun 10 01:19:37 UTC 2018
10 ms. Memory: 209920K Free: 195101K (93%)
ptolemy.util.test.WatchDog.cancel(): canceling Sun Jun 10 01:19:37 UTC 2018
auto.tcl: Setting watchdog for 200 seconds at Sun Jun 10 01:19:37 UTC 2018
7 ms. Memory: 209920K Free: 193351K (92%)
ptolemy.util.test.WatchDog.cancel(): canceling Sun Jun 10 01:19:37 UTC 2018
------------------ testing $PTII/ptolemy/domains/de/test/auto/NonInterruptibleTimerZeroDelay.xml
auto.tcl: Setting watchdog for 200 seconds at Sun Jun 10 01:19:37 UTC 2018
5 ms. Memory: 336896K Free: 326256K (97%)
ptolemy.util.test.WatchDog.cancel(): canceling Sun Jun 10 01:19:37 UTC 2018
auto.tcl: Setting watchdog for 200 seconds at Sun Jun 10 01:19:37 UTC 2018
3 ms. Memory: 336896K Free: 322773K (96%)
ptolemy.util.test.WatchDog.cancel(): canceling Sun Jun 10 01:19:37 UTC 2018
------------------ testing $PTII/ptolemy/domains/de/test/auto/OpenQueueingNetwork.xml
auto.tcl: Setting watchdog for 200 seconds at Sun Jun 10 01:19:37 UTC 2018
3279 ms. Memory: 336384K Free: 213951K (64%)
ptolemy.util.test.WatchDog.cancel(): canceling Sun Jun 10 01:19:40 UTC 2018
auto.tcl: Setting watchdog for 200 seconds at Sun Jun 10 01:19:40 UTC 2018
2125 ms. Memory: 314880K Free: 137126K (44%)
ptolemy.util.test.WatchDog.cancel(): canceling Sun Jun 10 01:19:42 UTC 2018
------------------ testing $PTII/ptolemy/domains/de/test/auto/OpenQueuingNetwork.xml
auto.tcl: Setting watchdog for 200 seconds at Sun Jun 10 01:19:42 UTC 2018
244 ms. Memory: 313344K Free: 217361K (69%)
ptolemy.util.test.WatchDog.cancel(): canceling Sun Jun 10 01:19:43 UTC 2018
auto.tcl: Setting watchdog for 200 seconds at Sun Jun 10 01:19:43 UTC 2018
253 ms. Memory: 313344K Free: 158903K (51%)
ptolemy.util.test.WatchDog.cancel(): canceling Sun Jun 10 01:19:43 UTC 2018
------------------ testing $PTII/ptolemy/domains/de/test/auto/PeriodicSampler.xml
auto.tcl: Setting watchdog for 200 seconds at Sun Jun 10 01:19:43 UTC 2018
3 ms. Memory: 314880K Free: 301659K (96%)
ptolemy.util.test.WatchDog.cancel(): canceling Sun Jun 10 01:19:43 UTC 2018
auto.tcl: Setting watchdog for 200 seconds at Sun Jun 10 01:19:43 UTC 2018
3 ms. Memory: 314880K Free: 298347K (95%)
ptolemy.util.test.WatchDog.cancel(): canceling Sun Jun 10 01:19:43 UTC 2018
------------------ testing $PTII/ptolemy/domains/de/test/auto/PersistentIO.xml
auto.tcl: Setting watchdog for 200 seconds at Sun Jun 10 01:19:43 UTC 2018
5 ms. Memory: 313344K Free: 296464K (95%)
ptolemy.util.test.WatchDog.cancel(): canceling Sun Jun 10 01:19:43 UTC 2018
auto.tcl: Setting watchdog for 200 seconds at Sun Jun 10 01:19:43 UTC 2018
5 ms. Memory: 313344K Free: 293159K (94%)
ptolemy.util.test.WatchDog.cancel(): canceling Sun Jun 10 01:19:43 UTC 2018
------------------ testing $PTII/ptolemy/domains/de/test/auto/PortParameterResetOnInitialize.xml
auto.tcl: Setting watchdog for 200 seconds at Sun Jun 10 01:19:43 UTC 2018
1 ms. Memory: 314880K Free: 298847K (95%)
ptolemy.util.test.WatchDog.cancel(): canceling Sun Jun 10 01:19:43 UTC 2018
auto.tcl: Setting watchdog for 200 seconds at Sun Jun 10 01:19:43 UTC 2018
1 ms. Memory: 314880K Free: 298847K (95%)
ptolemy.util.test.WatchDog.cancel(): canceling Sun Jun 10 01:19:43 UTC 2018
------------------ testing $PTII/ptolemy/domains/de/test/auto/PortParameterUpdates.xml
auto.tcl: Setting watchdog for 200 seconds at Sun Jun 10 01:19:43 UTC 2018
4 ms. Memory: 313344K Free: 297436K (95%)
ptolemy.util.test.WatchDog.cancel(): canceling Sun Jun 10 01:19:43 UTC 2018
auto.tcl: Setting watchdog for 200 seconds at Sun Jun 10 01:19:43 UTC 2018
4 ms. Memory: 313344K Free: 294124K (94%)
ptolemy.util.test.WatchDog.cancel(): canceling Sun Jun 10 01:19:43 UTC 2018
------------------ testing $PTII/ptolemy/domains/de/test/auto/QueueAndServer.xml
auto.tcl: Setting watchdog for 200 seconds at Sun Jun 10 01:19:43 UTC 2018
18 ms. Memory: 314368K Free: 298409K (95%)
ptolemy.util.test.WatchDog.cancel(): canceling Sun Jun 10 01:19:43 UTC 2018
auto.tcl: Setting watchdog for 200 seconds at Sun Jun 10 01:19:43 UTC 2018
6 ms. Memory: 314368K Free: 295096K (94%)
ptolemy.util.test.WatchDog.cancel(): canceling Sun Jun 10 01:19:43 UTC 2018
------------------ testing $PTII/ptolemy/domains/de/test/auto/Records.xml
auto.tcl: Setting watchdog for 200 seconds at Sun Jun 10 01:19:44 UTC 2018
3 ms. Memory: 313344K Free: 297309K (95%)
ptolemy.util.test.WatchDog.cancel(): canceling Sun Jun 10 01:19:44 UTC 2018
auto.tcl: Setting watchdog for 200 seconds at Sun Jun 10 01:19:44 UTC 2018
2 ms. Memory: 313344K Free: 297309K (95%)
ptolemy.util.test.WatchDog.cancel(): canceling Sun Jun 10 01:19:44 UTC 2018
------------------ testing $PTII/ptolemy/domains/de/test/auto/ResetTransitionWithStartTime1.xml
auto.tcl: Setting watchdog for 200 seconds at Sun Jun 10 01:19:44 UTC 2018
14 ms. Memory: 314368K Free: 297414K (95%)
ptolemy.util.test.WatchDog.cancel(): canceling Sun Jun 10 01:19:44 UTC 2018
auto.tcl: Setting watchdog for 200 seconds at Sun Jun 10 01:19:44 UTC 2018
11 ms. Memory: 314368K Free: 297383K (95%)
ptolemy.util.test.WatchDog.cancel(): canceling Sun Jun 10 01:19:44 UTC 2018
------------------ testing $PTII/ptolemy/domains/de/test/auto/ResetTransitionWithStartTime2.xml
auto.tcl: Setting watchdog for 200 seconds at Sun Jun 10 01:19:44 UTC 2018
10 ms. Memory: 313344K Free: 296397K (95%)
ptolemy.util.test.WatchDog.cancel(): canceling Sun Jun 10 01:19:44 UTC 2018
auto.tcl: Setting watchdog for 200 seconds at Sun Jun 10 01:19:44 UTC 2018
8 ms. Memory: 313344K Free: 296397K (95%)
ptolemy.util.test.WatchDog.cancel(): canceling Sun Jun 10 01:19:44 UTC 2018
------------------ testing $PTII/ptolemy/domains/de/test/auto/ResetTransitionWithStartTime3.xml
auto.tcl: Setting watchdog for 200 seconds at Sun Jun 10 01:19:44 UTC 2018
9 ms. Memory: 314368K Free: 297388K (95%)
ptolemy.util.test.WatchDog.cancel(): canceling Sun Jun 10 01:19:44 UTC 2018
auto.tcl: Setting watchdog for 200 seconds at Sun Jun 10 01:19:44 UTC 2018
7 ms. Memory: 314368K Free: 297388K (95%)
ptolemy.util.test.WatchDog.cancel(): canceling Sun Jun 10 01:19:44 UTC 2018
------------------ testing $PTII/ptolemy/domains/de/test/auto/ResetTransitionWithStartTime4.xml
auto.tcl: Setting watchdog for 200 seconds at Sun Jun 10 01:19:44 UTC 2018
6 ms. Memory: 313344K Free: 296378K (95%)
ptolemy.util.test.WatchDog.cancel(): canceling Sun Jun 10 01:19:44 UTC 2018
auto.tcl: Setting watchdog for 200 seconds at Sun Jun 10 01:19:44 UTC 2018
4 ms. Memory: 313344K Free: 296378K (95%)
ptolemy.util.test.WatchDog.cancel(): canceling Sun Jun 10 01:19:44 UTC 2018
------------------ testing $PTII/ptolemy/domains/de/test/auto/ResettableTimer1.xml
auto.tcl: Setting watchdog for 200 seconds at Sun Jun 10 01:19:44 UTC 2018
5 ms. Memory: 313856K Free: 297831K (95%)
ptolemy.util.test.WatchDog.cancel(): canceling Sun Jun 10 01:19:44 UTC 2018
auto.tcl: Setting watchdog for 200 seconds at Sun Jun 10 01:19:44 UTC 2018
2 ms. Memory: 313856K Free: 297831K (95%)
ptolemy.util.test.WatchDog.cancel(): canceling Sun Jun 10 01:19:44 UTC 2018
------------------ testing $PTII/ptolemy/domains/de/test/auto/ResettableTimer2.xml
auto.tcl: Setting watchdog for 200 seconds at Sun Jun 10 01:19:44 UTC 2018
4 ms. Memory: 313344K Free: 299712K (96%)
ptolemy.util.test.WatchDog.cancel(): canceling Sun Jun 10 01:19:44 UTC 2018
auto.tcl: Setting watchdog for 200 seconds at Sun Jun 10 01:19:44 UTC 2018
2 ms. Memory: 313344K Free: 299712K (96%)
ptolemy.util.test.WatchDog.cancel(): canceling Sun Jun 10 01:19:44 UTC 2018
------------------ testing $PTII/ptolemy/domains/de/test/auto/ResettableTimer3.xml
auto.tcl: Setting watchdog for 200 seconds at Sun Jun 10 01:19:44 UTC 2018
3 ms. Memory: 313856K Free: 300224K (96%)
ptolemy.util.test.WatchDog.cancel(): canceling Sun Jun 10 01:19:44 UTC 2018
auto.tcl: Setting watchdog for 200 seconds at Sun Jun 10 01:19:44 UTC 2018
1 ms. Memory: 313856K Free: 300224K (96%)
ptolemy.util.test.WatchDog.cancel(): canceling Sun Jun 10 01:19:44 UTC 2018
------------------ testing $PTII/ptolemy/domains/de/test/auto/ResettableTimer4.xml
auto.tcl: Setting watchdog for 200 seconds at Sun Jun 10 01:19:44 UTC 2018
1 ms. Memory: 313344K Free: 299755K (96%)
ptolemy.util.test.WatchDog.cancel(): canceling Sun Jun 10 01:19:44 UTC 2018
auto.tcl: Setting watchdog for 200 seconds at Sun Jun 10 01:19:44 UTC 2018
1 ms. Memory: 313344K Free: 299755K (96%)
ptolemy.util.test.WatchDog.cancel(): canceling Sun Jun 10 01:19:44 UTC 2018
------------------ testing $PTII/ptolemy/domains/de/test/auto/ResettableTimer5.xml
auto.tcl: Setting watchdog for 200 seconds at Sun Jun 10 01:19:44 UTC 2018
1 ms. Memory: 313856K Free: 300250K (96%)
ptolemy.util.test.WatchDog.cancel(): canceling Sun Jun 10 01:19:44 UTC 2018
auto.tcl: Setting watchdog for 200 seconds at Sun Jun 10 01:19:44 UTC 2018
2 ms. Memory: 313856K Free: 300250K (96%)
ptolemy.util.test.WatchDog.cancel(): canceling Sun Jun 10 01:19:44 UTC 2018
------------------ testing $PTII/ptolemy/domains/de/test/auto/ResettableTimer6.xml
auto.tcl: Setting watchdog for 200 seconds at Sun Jun 10 01:19:44 UTC 2018
2 ms. Memory: 313344K Free: 297353K (95%)
ptolemy.util.test.WatchDog.cancel(): canceling Sun Jun 10 01:19:44 UTC 2018
auto.tcl: Setting watchdog for 200 seconds at Sun Jun 10 01:19:44 UTC 2018
1 ms. Memory: 313344K Free: 297353K (95%)
ptolemy.util.test.WatchDog.cancel(): canceling Sun Jun 10 01:19:44 UTC 2018
------------------ testing $PTII/ptolemy/domains/de/test/auto/ServerZeroDelay.xml
auto.tcl: Setting watchdog for 200 seconds at Sun Jun 10 01:19:44 UTC 2018
3 ms. Memory: 313856K Free: 303503K (97%)
ptolemy.util.test.WatchDog.cancel(): canceling Sun Jun 10 01:19:44 UTC 2018
auto.tcl: Setting watchdog for 200 seconds at Sun Jun 10 01:19:44 UTC 2018
2 ms. Memory: 313856K Free: 300206K (96%)
ptolemy.util.test.WatchDog.cancel(): canceling Sun Jun 10 01:19:44 UTC 2018
------------------ testing $PTII/ptolemy/domains/de/test/auto/SmartSender.xml
auto.tcl: Setting watchdog for 200 seconds at Sun Jun 10 01:19:44 UTC 2018
3001 ms. Memory: 313344K Free: 297363K (95%)
ptolemy.util.test.WatchDog.cancel(): canceling Sun Jun 10 01:19:47 UTC 2018
auto.tcl: Setting watchdog for 200 seconds at Sun Jun 10 01:19:47 UTC 2018
3002 ms. Memory: 313344K Free: 297363K (95%)
ptolemy.util.test.WatchDog.cancel(): canceling Sun Jun 10 01:19:50 UTC 2018
------------------ testing $PTII/ptolemy/domains/de/test/auto/ThreadedComposite.xml
auto.tcl: Setting watchdog for 200 seconds at Sun Jun 10 01:19:50 UTC 2018
204 ms. Memory: 313856K Free: 277356K (88%)
ptolemy.util.test.WatchDog.cancel(): canceling Sun Jun 10 01:19:51 UTC 2018
auto.tcl: Setting watchdog for 200 seconds at Sun Jun 10 01:19:51 UTC 2018
142 ms. Memory: 313856K Free: 261470K (83%)
ptolemy.util.test.WatchDog.cancel(): canceling Sun Jun 10 01:19:51 UTC 2018
------------------ testing $PTII/ptolemy/domains/de/test/auto/Time.xml
auto.tcl: Setting watchdog for 200 seconds at Sun Jun 10 01:19:51 UTC 2018
595 ms. Memory: 313344K Free: 248341K (79%)
ptolemy.util.test.WatchDog.cancel(): canceling Sun Jun 10 01:19:52 UTC 2018
auto.tcl: Setting watchdog for 200 seconds at Sun Jun 10 01:19:52 UTC 2018
576 ms. Memory: 313344K Free: 195600K (62%)
ptolemy.util.test.WatchDog.cancel(): canceling Sun Jun 10 01:19:52 UTC 2018
------------------ testing $PTII/ptolemy/domains/de/test/auto/TimeDelayZeroDelay.xml
auto.tcl: Setting watchdog for 200 seconds at Sun Jun 10 01:19:52 UTC 2018
2 ms. Memory: 313856K Free: 303389K (97%)
ptolemy.util.test.WatchDog.cancel(): canceling Sun Jun 10 01:19:52 UTC 2018
auto.tcl: Setting watchdog for 200 seconds at Sun Jun 10 01:19:52 UTC 2018
2 ms. Memory: 313856K Free: 300077K (96%)
ptolemy.util.test.WatchDog.cancel(): canceling Sun Jun 10 01:19:52 UTC 2018
------------------ testing $PTII/ptolemy/domains/de/test/auto/TimerZeroDelay.xml
auto.tcl: Setting watchdog for 200 seconds at Sun Jun 10 01:19:52 UTC 2018
4 ms. Memory: 313344K Free: 302952K (97%)
ptolemy.util.test.WatchDog.cancel(): canceling Sun Jun 10 01:19:52 UTC 2018
auto.tcl: Setting watchdog for 200 seconds at Sun Jun 10 01:19:52 UTC 2018
2 ms. Memory: 313344K Free: 299656K (96%)
ptolemy.util.test.WatchDog.cancel(): canceling Sun Jun 10 01:19:52 UTC 2018
------------------ testing $PTII/ptolemy/domains/de/test/auto/TimingParadox.xml
auto.tcl: Setting watchdog for 200 seconds at Sun Jun 10 01:19:52 UTC 2018
356 ms. Memory: 313856K Free: 237982K (76%)
ptolemy.util.test.WatchDog.cancel(): canceling Sun Jun 10 01:19:53 UTC 2018
auto.tcl: Setting watchdog for 200 seconds at Sun Jun 10 01:19:53 UTC 2018
345 ms. Memory: 313856K Free: 205019K (65%)
ptolemy.util.test.WatchDog.cancel(): canceling Sun Jun 10 01:19:53 UTC 2018
------------------ testing $PTII/ptolemy/domains/de/test/auto/TransferInputs.xml
auto.tcl: Setting watchdog for 200 seconds at Sun Jun 10 01:19:53 UTC 2018
2 ms. Memory: 313856K Free: 299056K (95%)
ptolemy.util.test.WatchDog.cancel(): canceling Sun Jun 10 01:19:53 UTC 2018
auto.tcl: Setting watchdog for 200 seconds at Sun Jun 10 01:19:53 UTC 2018
2 ms. Memory: 313856K Free: 299056K (95%)
ptolemy.util.test.WatchDog.cancel(): canceling Sun Jun 10 01:19:53 UTC 2018
------------------ testing $PTII/ptolemy/domains/de/test/auto/TransferOutputs2.xml
auto.tcl: Setting watchdog for 200 seconds at Sun Jun 10 01:19:53 UTC 2018
12 ms. Memory: 313344K Free: 294014K (94%)
ptolemy.util.test.WatchDog.cancel(): canceling Sun Jun 10 01:19:53 UTC 2018
auto.tcl: Setting watchdog for 200 seconds at Sun Jun 10 01:19:53 UTC 2018
2 ms. Memory: 313344K Free: 294014K (94%)
ptolemy.util.test.WatchDog.cancel(): canceling Sun Jun 10 01:19:53 UTC 2018
------------------ testing $PTII/ptolemy/domains/de/test/auto/Trilateration.xml
auto.tcl: Setting watchdog for 200 seconds at Sun Jun 10 01:19:53 UTC 2018
13903 ms. Memory: 377856K Free: 137107K (36%)
ptolemy.util.test.WatchDog.cancel(): canceling Sun Jun 10 01:20:08 UTC 2018
auto.tcl: Setting watchdog for 200 seconds at Sun Jun 10 01:20:08 UTC 2018
10814 ms. Memory: 266240K Free: 84696K (32%)
ptolemy.util.test.WatchDog.cancel(): canceling Sun Jun 10 01:20:19 UTC 2018
------------------ testing $PTII/ptolemy/domains/de/test/auto/TwoSigmaDelta.xml
auto.tcl: Setting watchdog for 200 seconds at Sun Jun 10 01:20:20 UTC 2018
2990 ms. Memory: 258048K Free: 135163K (52%)
ptolemy.util.test.WatchDog.cancel(): canceling Sun Jun 10 01:20:23 UTC 2018
auto.tcl: Setting watchdog for 200 seconds at Sun Jun 10 01:20:23 UTC 2018
2211 ms. Memory: 249344K Free: 65474K (26%)
ptolemy.util.test.WatchDog.cancel(): canceling Sun Jun 10 01:20:25 UTC 2018
------------------ testing $PTII/ptolemy/domains/de/test/auto/VariableDelay.xml
auto.tcl: Setting watchdog for 200 seconds at Sun Jun 10 01:20:25 UTC 2018
2 ms. Memory: 250880K Free: 237298K (95%)
ptolemy.util.test.WatchDog.cancel(): canceling Sun Jun 10 01:20:25 UTC 2018
auto.tcl: Setting watchdog for 200 seconds at Sun Jun 10 01:20:25 UTC 2018
2 ms. Memory: 250880K Free: 237298K (95%)
ptolemy.util.test.WatchDog.cancel(): canceling Sun Jun 10 01:20:25 UTC 2018
------------------ testing $PTII/ptolemy/domains/de/test/auto/VariableDelay2.xml
auto.tcl: Setting watchdog for 200 seconds at Sun Jun 10 01:20:25 UTC 2018
2 ms. Memory: 249344K Free: 237866K (95%)
ptolemy.util.test.WatchDog.cancel(): canceling Sun Jun 10 01:20:25 UTC 2018
auto.tcl: Setting watchdog for 200 seconds at Sun Jun 10 01:20:25 UTC 2018
2 ms. Memory: 249344K Free: 237866K (95%)
ptolemy.util.test.WatchDog.cancel(): canceling Sun Jun 10 01:20:25 UTC 2018
------------------ testing $PTII/ptolemy/domains/de/test/auto/VariableDelayZeroDelay.xml
auto.tcl: Setting watchdog for 200 seconds at Sun Jun 10 01:20:25 UTC 2018
2 ms. Memory: 250880K Free: 237721K (95%)
ptolemy.util.test.WatchDog.cancel(): canceling Sun Jun 10 01:20:25 UTC 2018
auto.tcl: Setting watchdog for 200 seconds at Sun Jun 10 01:20:25 UTC 2018
2 ms. Memory: 250880K Free: 237721K (95%)
ptolemy.util.test.WatchDog.cancel(): canceling Sun Jun 10 01:20:25 UTC 2018
------------------ testing $PTII/ptolemy/domains/de/test/auto/VariableDelayZeroDelay2.xml
auto.tcl: Setting watchdog for 200 seconds at Sun Jun 10 01:20:25 UTC 2018
2 ms. Memory: 249344K Free: 236168K (95%)
ptolemy.util.test.WatchDog.cancel(): canceling Sun Jun 10 01:20:25 UTC 2018
auto.tcl: Setting watchdog for 200 seconds at Sun Jun 10 01:20:25 UTC 2018
3 ms. Memory: 249344K Free: 236168K (95%)
ptolemy.util.test.WatchDog.cancel(): canceling Sun Jun 10 01:20:25 UTC 2018
------------------ testing $PTII/ptolemy/domains/de/test/auto/deInCt.xml
auto.tcl: Setting watchdog for 200 seconds at Sun Jun 10 01:20:25 UTC 2018
0
1
1
1
1
0
0
0
1
1
1
0
0
0
1
1
1
0
0
0
1
1
1
1
0
0
0
1
1
1
0
0
0
1
1
1
0
0
0
0
1
1
1
1
12 ms. Memory: 250368K Free: 237187K (95%)
ptolemy.util.test.WatchDog.cancel(): canceling Sun Jun 10 01:20:25 UTC 2018
auto.tcl: Setting watchdog for 200 seconds at Sun Jun 10 01:20:25 UTC 2018
0
1
1
1
0
0
0
1
1
1
1
0
0
0
1
1
1
1
0
0
0
1
1
1
0
0
0
1
1
0
0
0
1
1
0
0
0
0
1
1
1
1
1
1
7 ms. Memory: 250368K Free: 234737K (94%)
ptolemy.util.test.WatchDog.cancel(): canceling Sun Jun 10 01:20:25 UTC 2018
------------------ testing $PTII/ptolemy/domains/de/test/auto/deInCt2.xml
auto.tcl: Setting watchdog for 200 seconds at Sun Jun 10 01:20:25 UTC 2018
0
1
1
1
0
0
1
1
1
0
0
1
1
1
0
0
1
1
1
0
0
1
1
1
0
0
1
1
1
0
0
1
1
1
0
0
1
1
1
0
0
0
9 ms. Memory: 249344K Free: 236180K (95%)
ptolemy.util.test.WatchDog.cancel(): canceling Sun Jun 10 01:20:25 UTC 2018
auto.tcl: Setting watchdog for 200 seconds at Sun Jun 10 01:20:25 UTC 2018
0
1
1
1
0
0
1
1
1
0
0
1
1
1
0
0
1
1
1
0
0
1
1
1
0
0
1
1
1
0
0
1
1
1
0
0
1
1
1
0
0
0
11 ms. Memory: 249344K Free: 233715K (94%)
ptolemy.util.test.WatchDog.cancel(): canceling Sun Jun 10 01:20:25 UTC 2018
------------------ testing $PTII/ptolemy/domains/de/test/auto/dynamicCausalityInterface1.xml
auto.tcl: Setting watchdog for 200 seconds at Sun Jun 10 01:20:25 UTC 2018
0 ms. Memory: 250368K Free: 232268K (93%)
ptolemy.util.test.WatchDog.cancel(): canceling Sun Jun 10 01:20:25 UTC 2018
auto.tcl: Setting watchdog for 200 seconds at Sun Jun 10 01:20:25 UTC 2018
1 ms. Memory: 250368K Free: 229803K (92%)
ptolemy.util.test.WatchDog.cancel(): canceling Sun Jun 10 01:20:25 UTC 2018
------------------ testing $PTII/ptolemy/domains/de/test/auto/fsm_de_test.xml
auto.tcl: Setting watchdog for 200 seconds at Sun Jun 10 01:20:25 UTC 2018
9 ms. Memory: 249344K Free: 231153K (93%)
ptolemy.util.test.WatchDog.cancel(): canceling Sun Jun 10 01:20:25 UTC 2018
auto.tcl: Setting watchdog for 200 seconds at Sun Jun 10 01:20:25 UTC 2018
3 ms. Memory: 249344K Free: 228703K (92%)
ptolemy.util.test.WatchDog.cancel(): canceling Sun Jun 10 01:20:25 UTC 2018
------------------ testing $PTII/ptolemy/domains/de/test/auto/functionDependencyReconstruction.xml
auto.tcl: Setting watchdog for 200 seconds at Sun Jun 10 01:20:25 UTC 2018
2 ms. Memory: 250368K Free: 224795K (90%)
ptolemy.util.test.WatchDog.cancel(): canceling Sun Jun 10 01:20:25 UTC 2018
auto.tcl: Setting watchdog for 200 seconds at Sun Jun 10 01:20:25 UTC 2018
3 ms. Memory: 250368K Free: 222329K (89%)
ptolemy.util.test.WatchDog.cancel(): canceling Sun Jun 10 01:20:25 UTC 2018
------------------ testing $PTII/ptolemy/domains/de/test/auto/multirate.xml
auto.tcl: Setting watchdog for 200 seconds at Sun Jun 10 01:20:26 UTC 2018
5 ms. Memory: 249344K Free: 235158K (94%)
ptolemy.util.test.WatchDog.cancel(): canceling Sun Jun 10 01:20:26 UTC 2018
auto.tcl: Setting watchdog for 200 seconds at Sun Jun 10 01:20:26 UTC 2018
7 ms. Memory: 249344K Free: 235156K (94%)
ptolemy.util.test.WatchDog.cancel(): canceling Sun Jun 10 01:20:26 UTC 2018
------------------ testing $PTII/ptolemy/domains/de/test/auto/multirate2.xml
auto.tcl: Setting watchdog for 200 seconds at Sun Jun 10 01:20:26 UTC 2018
4 ms. Memory: 249856K Free: 235835K (94%)
ptolemy.util.test.WatchDog.cancel(): canceling Sun Jun 10 01:20:26 UTC 2018
auto.tcl: Setting watchdog for 200 seconds at Sun Jun 10 01:20:26 UTC 2018
3 ms. Memory: 249856K Free: 235835K (94%)
ptolemy.util.test.WatchDog.cancel(): canceling Sun Jun 10 01:20:26 UTC 2018
------------------ testing $PTII/ptolemy/domains/de/test/auto/realtime.xml
auto.tcl: Setting watchdog for 200 seconds at Sun Jun 10 01:20:26 UTC 2018
10001 ms. Memory: 249344K Free: 237784K (95%)
ptolemy.util.test.WatchDog.cancel(): canceling Sun Jun 10 01:20:36 UTC 2018
auto.tcl: Setting watchdog for 200 seconds at Sun Jun 10 01:20:36 UTC 2018
10002 ms. Memory: 249344K Free: 237784K (95%)
ptolemy.util.test.WatchDog.cancel(): canceling Sun Jun 10 01:20:46 UTC 2018
------------------ testing $PTII/ptolemy/domains/de/test/auto/relationGroup.xml
auto.tcl: Setting watchdog for 200 seconds at Sun Jun 10 01:20:46 UTC 2018
1 ms. Memory: 249856K Free: 238324K (95%)
ptolemy.util.test.WatchDog.cancel(): canceling Sun Jun 10 01:20:46 UTC 2018
auto.tcl: Setting watchdog for 200 seconds at Sun Jun 10 01:20:46 UTC 2018
1 ms. Memory: 249856K Free: 238324K (95%)
ptolemy.util.test.WatchDog.cancel(): canceling Sun Jun 10 01:20:46 UTC 2018
------------------ testing $PTII/ptolemy/domains/de/test/auto/relationGroup2.xml
auto.tcl: Setting watchdog for 200 seconds at Sun Jun 10 01:20:46 UTC 2018
1 ms. Memory: 249344K Free: 236160K (95%)
ptolemy.util.test.WatchDog.cancel(): canceling Sun Jun 10 01:20:46 UTC 2018
auto.tcl: Setting watchdog for 200 seconds at Sun Jun 10 01:20:46 UTC 2018
1 ms. Memory: 249344K Free: 236160K (95%)
ptolemy.util.test.WatchDog.cancel(): canceling Sun Jun 10 01:20:46 UTC 2018
------------------ testing $PTII/ptolemy/domains/de/test/auto/sortWithOpaquePorts.xml
auto.tcl: Setting watchdog for 200 seconds at Sun Jun 10 01:20:46 UTC 2018
1 ms. Memory: 249856K Free: 236672K (95%)
ptolemy.util.test.WatchDog.cancel(): canceling Sun Jun 10 01:20:46 UTC 2018
auto.tcl: Setting watchdog for 200 seconds at Sun Jun 10 01:20:46 UTC 2018
2 ms. Memory: 249856K Free: 236672K (95%)
ptolemy.util.test.WatchDog.cancel(): canceling Sun Jun 10 01:20:46 UTC 2018
------------------ testing $PTII/ptolemy/domains/de/test/auto/transferInputsandOutputs.xml
auto.tcl: Setting watchdog for 200 seconds at Sun Jun 10 01:20:46 UTC 2018
2 ms. Memory: 249344K Free: 233698K (94%)
ptolemy.util.test.WatchDog.cancel(): canceling Sun Jun 10 01:20:46 UTC 2018
auto.tcl: Setting watchdog for 200 seconds at Sun Jun 10 01:20:46 UTC 2018
1 ms. Memory: 249344K Free: 233698K (94%)
ptolemy.util.test.WatchDog.cancel(): canceling Sun Jun 10 01:20:46 UTC 2018
------------------ testing $PTII/ptolemy/domains/de/test/auto/triggerType.xml
auto.tcl: Setting watchdog for 200 seconds at Sun Jun 10 01:20:46 UTC 2018
1 ms. Memory: 249856K Free: 236611K (95%)
ptolemy.util.test.WatchDog.cancel(): canceling Sun Jun 10 01:20:46 UTC 2018
auto.tcl: Setting watchdog for 200 seconds at Sun Jun 10 01:20:46 UTC 2018
1 ms. Memory: 249856K Free: 236611K (95%)
ptolemy.util.test.WatchDog.cancel(): canceling Sun Jun 10 01:20:46 UTC 2018
06/10/18 01:20:46
Failed: 0  Total Tests: 192  ((Passed: 187, Newly Passed: 1)  Known Failed: 5) /home/travis/build/icyphy/ptII/ptolemy/domains/de/test
06/10/18 01:20:46
Failed: 0  Total Tests: 192  ((Passed: 187, Newly Passed: 1)  Known Failed: 5) /home/travis/build/icyphy/ptII/ptolemy/domains/de/test
----------------- testing (KnownFailure) /home/travis/build/icyphy/ptII/ptolemy/domains/de/test/auto/knownFailedTests/DESDFClockTest.xml
2007 ms. Memory: 249344K Free: 228525K (92%)
Known Failure: java.lang.reflect.InvocationTargetException
----------------- testing (KnownFailure) /home/travis/build/icyphy/ptII/ptolemy/domains/de/test/auto/knownFailedTests/DirectFeedback.xml
1 ms. Memory: 249344K Free: 215090K (86%)
Known Failure: java.lang.reflect.InvocationTargetException
----------------- testing (KnownFailure) /home/travis/build/icyphy/ptII/ptolemy/domains/de/test/auto/knownFailedTests/FSMSource.xml
7 ms. Memory: 249344K Free: 198280K (80%)
----------------- testing (KnownFailure) /home/travis/build/icyphy/ptII/ptolemy/domains/de/test/auto/knownFailedTests/HierarchicalModel.xml
2 ms. Memory: 249344K Free: 178103K (71%)
Known Failure: java.lang.reflect.InvocationTargetException
----------------- testing (KnownFailure) /home/travis/build/icyphy/ptII/ptolemy/domains/de/test/auto/knownFailedTests/dependencyLoop.xml
2 ms. Memory: 249344K Free: 151201K (61%)
Known Failure: java.lang.reflect.InvocationTargetException
----------------- testing (KnownFailure) /home/travis/build/icyphy/ptII/ptolemy/domains/de/test/auto/knownFailedTests/dependencyLoop2.xml
1 ms. Memory: 249344K Free: 124297K (50%)
Known Failure: java.lang.reflect.InvocationTargetException
No auto/linux-amd64/*.xml tests in /home/travis/build/icyphy/ptII/ptolemy/domains/de/test
AutoTests.java: About to close Vertx.
AutoTests.java: Vertx closed.

===========================================================================================
----------------- testing Sun Jun 10 01:20:48 UTC 2018 /home/travis/build/icyphy/ptII/ptolemy/domains/de/test/auto/ActorDepthCalculation_actorWithoutPorts.xml
----------------- Instantiating /home/travis/build/icyphy/ptII/ptolemy/domains/de/test/auto/ActorDepthCalculation_actorWithoutPorts.xml
1 ms. Memory: 249344K Free: 104128K (42%)
----------------- Invoking toplevel() on ptolemy.moml.MoMLSimpleApplication@9c207eb
----------------- Done invoking toplevel() on ptolemy.moml.MoMLSimpleApplication@9c207eb
reloadAllAccessors: .ActorDepthCalculation_actorWithoutPorts

===========================================================================================
----------------- testing Sun Jun 10 01:20:48 UTC 2018 /home/travis/build/icyphy/ptII/ptolemy/domains/de/test/auto/AssemblyLine.xml
----------------- Instantiating /home/travis/build/icyphy/ptII/ptolemy/domains/de/test/auto/AssemblyLine.xml
1 ms. Memory: 249344K Free: 94052K (38%)
----------------- Invoking toplevel() on ptolemy.moml.MoMLSimpleApplication@1eb779ae
----------------- Done invoking toplevel() on ptolemy.moml.MoMLSimpleApplication@1eb779ae
reloadAllAccessors: .AssemblyLine

===========================================================================================
----------------- testing Sun Jun 10 01:20:48 UTC 2018 /home/travis/build/icyphy/ptII/ptolemy/domains/de/test/auto/CQBug1.xml
----------------- Instantiating /home/travis/build/icyphy/ptII/ptolemy/domains/de/test/auto/CQBug1.xml
0 ms. Memory: 249344K Free: 87334K (35%)
----------------- Invoking toplevel() on ptolemy.moml.MoMLSimpleApplication@794e7705
----------------- Done invoking toplevel() on ptolemy.moml.MoMLSimpleApplication@794e7705
reloadAllAccessors: .CQBug1

===========================================================================================
----------------- testing Sun Jun 10 01:20:48 UTC 2018 /home/travis/build/icyphy/ptII/ptolemy/domains/de/test/auto/CancelFireAt.xml
----------------- Instantiating /home/travis/build/icyphy/ptII/ptolemy/domains/de/test/auto/CancelFireAt.xml
1 ms. Memory: 249344K Free: 78168K (31%)
----------------- Invoking toplevel() on ptolemy.moml.MoMLSimpleApplication@54e66047
----------------- Done invoking toplevel() on ptolemy.moml.MoMLSimpleApplication@54e66047
reloadAllAccessors: .CancelFireAt

===========================================================================================
----------------- testing Sun Jun 10 01:20:48 UTC 2018 /home/travis/build/icyphy/ptII/ptolemy/domains/de/test/auto/CausalityAndComposabilityAnalysis.xml
----------------- Instantiating /home/travis/build/icyphy/ptII/ptolemy/domains/de/test/auto/CausalityAndComposabilityAnalysis.xml
1 ms. Memory: 243200K Free: 232833K (96%)
----------------- Invoking toplevel() on ptolemy.moml.MoMLSimpleApplication@7ccff05d
----------------- Done invoking toplevel() on ptolemy.moml.MoMLSimpleApplication@7ccff05d
reloadAllAccessors: .CausalityAndComposabilityAnalysis

===========================================================================================
----------------- testing Sun Jun 10 01:20:48 UTC 2018 /home/travis/build/icyphy/ptII/ptolemy/domains/de/test/auto/CausalityInterface1.xml
----------------- Instantiating /home/travis/build/icyphy/ptII/ptolemy/domains/de/test/auto/CausalityInterface1.xml
3 ms. Memory: 243200K Free: 224836K (92%)
----------------- Invoking toplevel() on ptolemy.moml.MoMLSimpleApplication@ef78976
----------------- Done invoking toplevel() on ptolemy.moml.MoMLSimpleApplication@ef78976
reloadAllAccessors: .CausalityInterface1

===========================================================================================
----------------- testing Sun Jun 10 01:20:48 UTC 2018 /home/travis/build/icyphy/ptII/ptolemy/domains/de/test/auto/CausalityInterface15.xml
----------------- Instantiating /home/travis/build/icyphy/ptII/ptolemy/domains/de/test/auto/CausalityInterface15.xml
1 ms. Memory: 243200K Free: 216748K (89%)
----------------- Invoking toplevel() on ptolemy.moml.MoMLSimpleApplication@28425c2a
----------------- Done invoking toplevel() on ptolemy.moml.MoMLSimpleApplication@28425c2a
reloadAllAccessors: .CausalityInterface15

===========================================================================================
----------------- testing Sun Jun 10 01:20:48 UTC 2018 /home/travis/build/icyphy/ptII/ptolemy/domains/de/test/auto/CausalityInterface2.xml
----------------- Instantiating /home/travis/build/icyphy/ptII/ptolemy/domains/de/test/auto/CausalityInterface2.xml
1 ms. Memory: 243200K Free: 210281K (86%)
----------------- Invoking toplevel() on ptolemy.moml.MoMLSimpleApplication@527d16c6
----------------- Done invoking toplevel() on ptolemy.moml.MoMLSimpleApplication@527d16c6
reloadAllAccessors: .CausalityInterface2

===========================================================================================
----------------- testing Sun Jun 10 01:20:48 UTC 2018 /home/travis/build/icyphy/ptII/ptolemy/domains/de/test/auto/CausalityInterface3.xml
----------------- Instantiating /home/travis/build/icyphy/ptII/ptolemy/domains/de/test/auto/CausalityInterface3.xml
1 ms. Memory: 243200K Free: 202266K (83%)
----------------- Invoking toplevel() on ptolemy.moml.MoMLSimpleApplication@523783ce
----------------- Done invoking toplevel() on ptolemy.moml.MoMLSimpleApplication@523783ce
reloadAllAccessors: .CausalityInterface3

===========================================================================================
----------------- testing Sun Jun 10 01:20:48 UTC 2018 /home/travis/build/icyphy/ptII/ptolemy/domains/de/test/auto/ClockDrift.xml
----------------- Instantiating /home/travis/build/icyphy/ptII/ptolemy/domains/de/test/auto/ClockDrift.xml
8 ms. Memory: 243200K Free: 187710K (77%)
----------------- Invoking toplevel() on ptolemy.moml.MoMLSimpleApplication@7a14c435
----------------- Done invoking toplevel() on ptolemy.moml.MoMLSimpleApplication@7a14c435
reloadAllAccessors: .ClockDrift

===========================================================================================
----------------- testing Sun Jun 10 01:20:48 UTC 2018 /home/travis/build/icyphy/ptII/ptolemy/domains/de/test/auto/ClockDriftAndValueChange.xml
----------------- Instantiating /home/travis/build/icyphy/ptII/ptolemy/domains/de/test/auto/ClockDriftAndValueChange.xml
8 ms. Memory: 243200K Free: 173131K (71%)
----------------- Invoking toplevel() on ptolemy.moml.MoMLSimpleApplication@72b19cd
----------------- Done invoking toplevel() on ptolemy.moml.MoMLSimpleApplication@72b19cd
reloadAllAccessors: .ClockDriftAndValueChange

===========================================================================================
----------------- testing Sun Jun 10 01:20:48 UTC 2018 /home/travis/build/icyphy/ptII/ptolemy/domains/de/test/auto/ClockDriftChange.xml
----------------- Instantiating /home/travis/build/icyphy/ptII/ptolemy/domains/de/test/auto/ClockDriftChange.xml
6 ms. Memory: 243200K Free: 158634K (65%)
----------------- Invoking toplevel() on ptolemy.moml.MoMLSimpleApplication@4da7eaa3
----------------- Done invoking toplevel() on ptolemy.moml.MoMLSimpleApplication@4da7eaa3
reloadAllAccessors: .ClockDriftChange

===========================================================================================
----------------- testing Sun Jun 10 01:20:48 UTC 2018 /home/travis/build/icyphy/ptII/ptolemy/domains/de/test/auto/ComposableCausalityAnalysis.xml
----------------- Instantiating /home/travis/build/icyphy/ptII/ptolemy/domains/de/test/auto/ComposableCausalityAnalysis.xml
1 ms. Memory: 243200K Free: 150538K (62%)
----------------- Invoking toplevel() on ptolemy.moml.MoMLSimpleApplication@13f04995
----------------- Done invoking toplevel() on ptolemy.moml.MoMLSimpleApplication@13f04995
reloadAllAccessors: .ComposableCausalityAnalysis

===========================================================================================
----------------- testing Sun Jun 10 01:20:48 UTC 2018 /home/travis/build/icyphy/ptII/ptolemy/domains/de/test/auto/DEFixedPointLimitation.xml
----------------- Instantiating /home/travis/build/icyphy/ptII/ptolemy/domains/de/test/auto/DEFixedPointLimitation.xml
1 ms. Memory: 243200K Free: 144071K (59%)
----------------- Invoking toplevel() on ptolemy.moml.MoMLSimpleApplication@425be5e8
----------------- Done invoking toplevel() on ptolemy.moml.MoMLSimpleApplication@425be5e8
reloadAllAccessors: .DEFixedPointLimitation

===========================================================================================
----------------- testing Sun Jun 10 01:20:48 UTC 2018 /home/travis/build/icyphy/ptII/ptolemy/domains/de/test/auto/DEScheduleTest.xml
----------------- Instantiating /home/travis/build/icyphy/ptII/ptolemy/domains/de/test/auto/DEScheduleTest.xml
1 ms. Memory: 243200K Free: 137603K (57%)
----------------- Invoking toplevel() on ptolemy.moml.MoMLSimpleApplication@722cb68b
----------------- Done invoking toplevel() on ptolemy.moml.MoMLSimpleApplication@722cb68b
reloadAllAccessors: .DEScheduleTest

===========================================================================================
----------------- testing Sun Jun 10 01:20:48 UTC 2018 /home/travis/build/icyphy/ptII/ptolemy/domains/de/test/auto/DEinDEwithStartTimes.xml
----------------- Instantiating /home/travis/build/icyphy/ptII/ptolemy/domains/de/test/auto/DEinDEwithStartTimes.xml
1 ms. Memory: 243200K Free: 127970K (53%)
----------------- Invoking toplevel() on ptolemy.moml.MoMLSimpleApplication@416019f9
----------------- Done invoking toplevel() on ptolemy.moml.MoMLSimpleApplication@416019f9
reloadAllAccessors: .DEinDEwithStartTimes

===========================================================================================
----------------- testing Sun Jun 10 01:20:48 UTC 2018 /home/travis/build/icyphy/ptII/ptolemy/domains/de/test/auto/DEinDEwithStartTimes2.xml
----------------- Instantiating /home/travis/build/icyphy/ptII/ptolemy/domains/de/test/auto/DEinDEwithStartTimes2.xml
1 ms. Memory: 243200K Free: 119873K (49%)
----------------- Invoking toplevel() on ptolemy.moml.MoMLSimpleApplication@7fec56e4
----------------- Done invoking toplevel() on ptolemy.moml.MoMLSimpleApplication@7fec56e4
reloadAllAccessors: .DEinDEwithStartTimes2

===========================================================================================
----------------- testing Sun Jun 10 01:20:48 UTC 2018 /home/travis/build/icyphy/ptII/ptolemy/domains/de/test/auto/DateDemo.xml
----------------- Instantiating /home/travis/build/icyphy/ptII/ptolemy/domains/de/test/auto/DateDemo.xml
2 ms. Memory: 243200K Free: 106915K (44%)
----------------- Invoking toplevel() on ptolemy.moml.MoMLSimpleApplication@4d1d9cf3
----------------- Done invoking toplevel() on ptolemy.moml.MoMLSimpleApplication@4d1d9cf3
reloadAllAccessors: .DateDemo

===========================================================================================
----------------- testing Sun Jun 10 01:20:48 UTC 2018 /home/travis/build/icyphy/ptII/ptolemy/domains/de/test/auto/DateToEvent.xml
----------------- Instantiating /home/travis/build/icyphy/ptII/ptolemy/domains/de/test/auto/DateToEvent.xml
2004 ms. Memory: 243200K Free: 85966K (35%)
----------------- Invoking toplevel() on ptolemy.moml.MoMLSimpleApplication@50e426c2
----------------- Done invoking toplevel() on ptolemy.moml.MoMLSimpleApplication@50e426c2
reloadAllAccessors: .DateToEvent

===========================================================================================
----------------- testing Sun Jun 10 01:20:50 UTC 2018 /home/travis/build/icyphy/ptII/ptolemy/domains/de/test/auto/DepthTest1.xml
----------------- Instantiating /home/travis/build/icyphy/ptII/ptolemy/domains/de/test/auto/DepthTest1.xml
1 ms. Memory: 243200K Free: 81120K (33%)
----------------- Invoking toplevel() on ptolemy.moml.MoMLSimpleApplication@7f918980
----------------- Done invoking toplevel() on ptolemy.moml.MoMLSimpleApplication@7f918980
reloadAllAccessors: .DepthTest1

===========================================================================================
----------------- testing Sun Jun 10 01:20:50 UTC 2018 /home/travis/build/icyphy/ptII/ptolemy/domains/de/test/auto/DepthTest2.xml
----------------- Instantiating /home/travis/build/icyphy/ptII/ptolemy/domains/de/test/auto/DepthTest2.xml
1 ms. Memory: 236544K Free: 227674K (96%)
----------------- Invoking toplevel() on ptolemy.moml.MoMLSimpleApplication@753bc832
----------------- Done invoking toplevel() on ptolemy.moml.MoMLSimpleApplication@753bc832
reloadAllAccessors: .DepthTest2

===========================================================================================
----------------- testing Sun Jun 10 01:20:50 UTC 2018 /home/travis/build/icyphy/ptII/ptolemy/domains/de/test/auto/DepthTest3.xml
----------------- Instantiating /home/travis/build/icyphy/ptII/ptolemy/domains/de/test/auto/DepthTest3.xml
1 ms. Memory: 236544K Free: 222010K (94%)
----------------- Invoking toplevel() on ptolemy.moml.MoMLSimpleApplication@23311f94
----------------- Done invoking toplevel() on ptolemy.moml.MoMLSimpleApplication@23311f94
reloadAllAccessors: .DepthTest3

===========================================================================================
----------------- testing Sun Jun 10 01:20:50 UTC 2018 /home/travis/build/icyphy/ptII/ptolemy/domains/de/test/auto/DepthTest4.xml
----------------- Instantiating /home/travis/build/icyphy/ptII/ptolemy/domains/de/test/auto/DepthTest4.xml
1 ms. Memory: 236544K Free: 215809K (91%)
----------------- Invoking toplevel() on ptolemy.moml.MoMLSimpleApplication@1049e71e
----------------- Done invoking toplevel() on ptolemy.moml.MoMLSimpleApplication@1049e71e
reloadAllAccessors: .DepthTest4

===========================================================================================
----------------- testing Sun Jun 10 01:20:50 UTC 2018 /home/travis/build/icyphy/ptII/ptolemy/domains/de/test/auto/DepthTest5.xml
----------------- Instantiating /home/travis/build/icyphy/ptII/ptolemy/domains/de/test/auto/DepthTest5.xml
2 ms. Memory: 236544K Free: 207067K (88%)
----------------- Invoking toplevel() on ptolemy.moml.MoMLSimpleApplication@78f28659
----------------- Done invoking toplevel() on ptolemy.moml.MoMLSimpleApplication@78f28659
reloadAllAccessors: .DepthTest5

===========================================================================================
----------------- testing Sun Jun 10 01:20:50 UTC 2018 /home/travis/build/icyphy/ptII/ptolemy/domains/de/test/auto/DepthTest6.xml
----------------- Instantiating /home/travis/build/icyphy/ptII/ptolemy/domains/de/test/auto/DepthTest6.xml
1 ms. Memory: 236544K Free: 199319K (84%)
----------------- Invoking toplevel() on ptolemy.moml.MoMLSimpleApplication@5bc5ae1b
----------------- Done invoking toplevel() on ptolemy.moml.MoMLSimpleApplication@5bc5ae1b
reloadAllAccessors: .DepthTest6

===========================================================================================
----------------- testing Sun Jun 10 01:20:50 UTC 2018 /home/travis/build/icyphy/ptII/ptolemy/domains/de/test/auto/DepthTest7.xml
----------------- Instantiating /home/travis/build/icyphy/ptII/ptolemy/domains/de/test/auto/DepthTest7.xml
2 ms. Memory: 236544K Free: 192109K (81%)
----------------- Invoking toplevel() on ptolemy.moml.MoMLSimpleApplication@2618b2bd
----------------- Done invoking toplevel() on ptolemy.moml.MoMLSimpleApplication@2618b2bd
reloadAllAccessors: .DepthTest7

===========================================================================================
----------------- testing Sun Jun 10 01:20:50 UTC 2018 /home/travis/build/icyphy/ptII/ptolemy/domains/de/test/auto/EventToDate.xml
----------------- Instantiating /home/travis/build/icyphy/ptII/ptolemy/domains/de/test/auto/EventToDate.xml
3002 ms. Memory: 236544K Free: 175067K (74%)
----------------- Invoking toplevel() on ptolemy.moml.MoMLSimpleApplication@747788c7
----------------- Done invoking toplevel() on ptolemy.moml.MoMLSimpleApplication@747788c7
reloadAllAccessors: .EventToDate

===========================================================================================
----------------- testing Sun Jun 10 01:20:53 UTC 2018 /home/travis/build/icyphy/ptII/ptolemy/domains/de/test/auto/FSM1.xml
----------------- Instantiating /home/travis/build/icyphy/ptII/ptolemy/domains/de/test/auto/FSM1.xml
9 ms. Memory: 236544K Free: 160091K (68%)
----------------- Invoking toplevel() on ptolemy.moml.MoMLSimpleApplication@4aa3845
----------------- Done invoking toplevel() on ptolemy.moml.MoMLSimpleApplication@4aa3845
reloadAllAccessors: .FSM1

===========================================================================================
----------------- testing Sun Jun 10 01:20:54 UTC 2018 /home/travis/build/icyphy/ptII/ptolemy/domains/de/test/auto/FSM7.xml
----------------- Instantiating /home/travis/build/icyphy/ptII/ptolemy/domains/de/test/auto/FSM7.xml
11 ms. Memory: 236544K Free: 146087K (62%)
----------------- Invoking toplevel() on ptolemy.moml.MoMLSimpleApplication@29a70a8b
----------------- Done invoking toplevel() on ptolemy.moml.MoMLSimpleApplication@29a70a8b
reloadAllAccessors: .FSM7

===========================================================================================
----------------- testing Sun Jun 10 01:20:54 UTC 2018 /home/travis/build/icyphy/ptII/ptolemy/domains/de/test/auto/Inspection.xml
----------------- Instantiating /home/travis/build/icyphy/ptII/ptolemy/domains/de/test/auto/Inspection.xml
14 ms. Memory: 236544K Free: 129543K (55%)
----------------- Invoking toplevel() on ptolemy.moml.MoMLSimpleApplication@54fc48a7
----------------- Done invoking toplevel() on ptolemy.moml.MoMLSimpleApplication@54fc48a7
reloadAllAccessors: .Inspection

===========================================================================================
----------------- testing Sun Jun 10 01:20:54 UTC 2018 /home/travis/build/icyphy/ptII/ptolemy/domains/de/test/auto/Iteration.xml
----------------- Instantiating /home/travis/build/icyphy/ptII/ptolemy/domains/de/test/auto/Iteration.xml
6 ms. Memory: 236544K Free: 121795K (51%)
----------------- Invoking toplevel() on ptolemy.moml.MoMLSimpleApplication@9d40906
----------------- Done invoking toplevel() on ptolemy.moml.MoMLSimpleApplication@9d40906
reloadAllAccessors: .Iteration

===========================================================================================
----------------- testing Sun Jun 10 01:20:54 UTC 2018 /home/travis/build/icyphy/ptII/ptolemy/domains/de/test/auto/LineFault.xml
----------------- Instantiating /home/travis/build/icyphy/ptII/ptolemy/domains/de/test/auto/LineFault.xml
292 ms. Memory: 230400K Free: 147849K (64%)
----------------- Invoking toplevel() on ptolemy.moml.MoMLSimpleApplication@1d3d52f6
----------------- Done invoking toplevel() on ptolemy.moml.MoMLSimpleApplication@1d3d52f6
reloadAllAccessors: .LineFault

===========================================================================================
----------------- testing Sun Jun 10 01:20:54 UTC 2018 /home/travis/build/icyphy/ptII/ptolemy/domains/de/test/auto/MergeModel1Add.xml
----------------- Instantiating /home/travis/build/icyphy/ptII/ptolemy/domains/de/test/auto/MergeModel1Add.xml
4 ms. Memory: 230400K Free: 124809K (54%)
----------------- Invoking toplevel() on ptolemy.moml.MoMLSimpleApplication@44ecd27
----------------- Done invoking toplevel() on ptolemy.moml.MoMLSimpleApplication@44ecd27
reloadAllAccessors: .MergeModel1Add

===========================================================================================
----------------- testing Sun Jun 10 01:20:54 UTC 2018 /home/travis/build/icyphy/ptII/ptolemy/domains/de/test/auto/MergeModel2Add.xml
----------------- Instantiating /home/travis/build/icyphy/ptII/ptolemy/domains/de/test/auto/MergeModel2Add.xml
3 ms. Memory: 230400K Free: 103285K (45%)
----------------- Invoking toplevel() on ptolemy.moml.MoMLSimpleApplication@393431c2
----------------- Done invoking toplevel() on ptolemy.moml.MoMLSimpleApplication@393431c2
reloadAllAccessors: .MergeModel2Add

===========================================================================================
----------------- testing Sun Jun 10 01:20:54 UTC 2018 /home/travis/build/icyphy/ptII/ptolemy/domains/de/test/auto/MergeModel3Add.xml
----------------- Instantiating /home/travis/build/icyphy/ptII/ptolemy/domains/de/test/auto/MergeModel3Add.xml
3 ms. Memory: 230400K Free: 81753K (35%)
----------------- Invoking toplevel() on ptolemy.moml.MoMLSimpleApplication@1e3f2776
----------------- Done invoking toplevel() on ptolemy.moml.MoMLSimpleApplication@1e3f2776
reloadAllAccessors: .MergeModel3Add

===========================================================================================
----------------- testing Sun Jun 10 01:20:54 UTC 2018 /home/travis/build/icyphy/ptII/ptolemy/domains/de/test/auto/MergeWithoutDiscard.xml
----------------- Instantiating /home/travis/build/icyphy/ptII/ptolemy/domains/de/test/auto/MergeWithoutDiscard.xml
1 ms. Memory: 230400K Free: 75798K (33%)
----------------- Invoking toplevel() on ptolemy.moml.MoMLSimpleApplication@4318dafe
----------------- Done invoking toplevel() on ptolemy.moml.MoMLSimpleApplication@4318dafe
reloadAllAccessors: .MergeWithoutDiscard

===========================================================================================
----------------- testing Sun Jun 10 01:20:54 UTC 2018 /home/travis/build/icyphy/ptII/ptolemy/domains/de/test/auto/Modal1.xml
----------------- Instantiating /home/travis/build/icyphy/ptII/ptolemy/domains/de/test/auto/Modal1.xml
6 ms. Memory: 223744K Free: 200359K (90%)
----------------- Invoking toplevel() on ptolemy.moml.MoMLSimpleApplication@45227e2e
----------------- Done invoking toplevel() on ptolemy.moml.MoMLSimpleApplication@45227e2e
reloadAllAccessors: .Modal1

===========================================================================================
----------------- testing Sun Jun 10 01:20:54 UTC 2018 /home/travis/build/icyphy/ptII/ptolemy/domains/de/test/auto/Modal2.xml
----------------- Instantiating /home/travis/build/icyphy/ptII/ptolemy/domains/de/test/auto/Modal2.xml
5 ms. Memory: 223744K Free: 185211K (83%)
----------------- Invoking toplevel() on ptolemy.moml.MoMLSimpleApplication@b7b98aa
----------------- Done invoking toplevel() on ptolemy.moml.MoMLSimpleApplication@b7b98aa
reloadAllAccessors: .Modal2

===========================================================================================
----------------- testing Sun Jun 10 01:20:54 UTC 2018 /home/travis/build/icyphy/ptII/ptolemy/domains/de/test/auto/Modal3.xml
----------------- Instantiating /home/travis/build/icyphy/ptII/ptolemy/domains/de/test/auto/Modal3.xml
5 ms. Memory: 223744K Free: 169081K (76%)
----------------- Invoking toplevel() on ptolemy.moml.MoMLSimpleApplication@4d3e43c
----------------- Done invoking toplevel() on ptolemy.moml.MoMLSimpleApplication@4d3e43c
reloadAllAccessors: .Modal3

===========================================================================================
----------------- testing Sun Jun 10 01:20:54 UTC 2018 /home/travis/build/icyphy/ptII/ptolemy/domains/de/test/auto/Modal4.xml
----------------- Instantiating /home/travis/build/icyphy/ptII/ptolemy/domains/de/test/auto/Modal4.xml
6 ms. Memory: 223744K Free: 152902K (68%)
----------------- Invoking toplevel() on ptolemy.moml.MoMLSimpleApplication@574fca28
----------------- Done invoking toplevel() on ptolemy.moml.MoMLSimpleApplication@574fca28
reloadAllAccessors: .Modal4

===========================================================================================
----------------- testing Sun Jun 10 01:20:54 UTC 2018 /home/travis/build/icyphy/ptII/ptolemy/domains/de/test/auto/Modal5.xml
----------------- Instantiating /home/travis/build/icyphy/ptII/ptolemy/domains/de/test/auto/Modal5.xml
7 ms. Memory: 223744K Free: 136723K (61%)
----------------- Invoking toplevel() on ptolemy.moml.MoMLSimpleApplication@f917b0
----------------- Done invoking toplevel() on ptolemy.moml.MoMLSimpleApplication@f917b0
reloadAllAccessors: .Modal5

===========================================================================================
----------------- testing Sun Jun 10 01:20:54 UTC 2018 /home/travis/build/icyphy/ptII/ptolemy/domains/de/test/auto/Modal6.xml
----------------- Instantiating /home/travis/build/icyphy/ptII/ptolemy/domains/de/test/auto/Modal6.xml
6 ms. Memory: 223744K Free: 121976K (55%)
----------------- Invoking toplevel() on ptolemy.moml.MoMLSimpleApplication@49fd3400
----------------- Done invoking toplevel() on ptolemy.moml.MoMLSimpleApplication@49fd3400
reloadAllAccessors: .Modal6

===========================================================================================
----------------- testing Sun Jun 10 01:20:54 UTC 2018 /home/travis/build/icyphy/ptII/ptolemy/domains/de/test/auto/Modal7.xml
----------------- Instantiating /home/travis/build/icyphy/ptII/ptolemy/domains/de/test/auto/Modal7.xml
5 ms. Memory: 223744K Free: 105829K (47%)
----------------- Invoking toplevel() on ptolemy.moml.MoMLSimpleApplication@6e630aad
----------------- Done invoking toplevel() on ptolemy.moml.MoMLSimpleApplication@6e630aad
reloadAllAccessors: .Modal7

===========================================================================================
----------------- testing Sun Jun 10 01:20:54 UTC 2018 /home/travis/build/icyphy/ptII/ptolemy/domains/de/test/auto/ModalModel.xml
----------------- Instantiating /home/travis/build/icyphy/ptII/ptolemy/domains/de/test/auto/ModalModel.xml
93 ms. Memory: 261632K Free: 213492K (82%)
----------------- Invoking toplevel() on ptolemy.moml.MoMLSimpleApplication@6a6a19ee
----------------- Done invoking toplevel() on ptolemy.moml.MoMLSimpleApplication@6a6a19ee
reloadAllAccessors: .ModalModel

===========================================================================================
----------------- testing Sun Jun 10 01:20:54 UTC 2018 /home/travis/build/icyphy/ptII/ptolemy/domains/de/test/auto/ModalSource.xml
----------------- Instantiating /home/travis/build/icyphy/ptII/ptolemy/domains/de/test/auto/ModalSource.xml
3 ms. Memory: 261632K Free: 202053K (77%)
----------------- Invoking toplevel() on ptolemy.moml.MoMLSimpleApplication@5e0ea7a9
----------------- Done invoking toplevel() on ptolemy.moml.MoMLSimpleApplication@5e0ea7a9
reloadAllAccessors: .ModalSource

===========================================================================================
----------------- testing Sun Jun 10 01:20:54 UTC 2018 /home/travis/build/icyphy/ptII/ptolemy/domains/de/test/auto/NonInterruptibleTimerZeroDelay.xml
----------------- Instantiating /home/travis/build/icyphy/ptII/ptolemy/domains/de/test/auto/NonInterruptibleTimerZeroDelay.xml
1 ms. Memory: 261632K Free: 196919K (75%)
----------------- Invoking toplevel() on ptolemy.moml.MoMLSimpleApplication@779975b7
----------------- Done invoking toplevel() on ptolemy.moml.MoMLSimpleApplication@779975b7
reloadAllAccessors: .NonInterruptibleTimerZeroDelay

===========================================================================================
----------------- testing Sun Jun 10 01:20:54 UTC 2018 /home/travis/build/icyphy/ptII/ptolemy/domains/de/test/auto/OpenQueueingNetwork.xml
----------------- Instantiating /home/travis/build/icyphy/ptII/ptolemy/domains/de/test/auto/OpenQueueingNetwork.xml
1997 ms. Memory: 359936K Free: 109566K (30%)
----------------- Invoking toplevel() on ptolemy.moml.MoMLSimpleApplication@57c917f9
----------------- Done invoking toplevel() on ptolemy.moml.MoMLSimpleApplication@57c917f9
reloadAllAccessors: .OpenQueueingNetwork

===========================================================================================
----------------- testing Sun Jun 10 01:20:56 UTC 2018 /home/travis/build/icyphy/ptII/ptolemy/domains/de/test/auto/OpenQueuingNetwork.xml
----------------- Instantiating /home/travis/build/icyphy/ptII/ptolemy/domains/de/test/auto/OpenQueuingNetwork.xml
251 ms. Memory: 430080K Free: 364713K (85%)
----------------- Invoking toplevel() on ptolemy.moml.MoMLSimpleApplication@3d31504d
----------------- Done invoking toplevel() on ptolemy.moml.MoMLSimpleApplication@3d31504d
reloadAllAccessors: .OpenQueuingNetwork

===========================================================================================
----------------- testing Sun Jun 10 01:20:57 UTC 2018 /home/travis/build/icyphy/ptII/ptolemy/domains/de/test/auto/PeriodicSampler.xml
----------------- Instantiating /home/travis/build/icyphy/ptII/ptolemy/domains/de/test/auto/PeriodicSampler.xml
2 ms. Memory: 430080K Free: 354994K (83%)
----------------- Invoking toplevel() on ptolemy.moml.MoMLSimpleApplication@776c519c
----------------- Done invoking toplevel() on ptolemy.moml.MoMLSimpleApplication@776c519c
reloadAllAccessors: .PeriodicSampler

===========================================================================================
----------------- testing Sun Jun 10 01:20:57 UTC 2018 /home/travis/build/icyphy/ptII/ptolemy/domains/de/test/auto/PersistentIO.xml
----------------- Instantiating /home/travis/build/icyphy/ptII/ptolemy/domains/de/test/auto/PersistentIO.xml
11 ms. Memory: 430080K Free: 340369K (79%)
----------------- Invoking toplevel() on ptolemy.moml.MoMLSimpleApplication@449ef0e5
----------------- Done invoking toplevel() on ptolemy.moml.MoMLSimpleApplication@449ef0e5
reloadAllAccessors: .PersistentIO

===========================================================================================
----------------- testing Sun Jun 10 01:20:57 UTC 2018 /home/travis/build/icyphy/ptII/ptolemy/domains/de/test/auto/PortParameterResetOnInitialize.xml
----------------- Instantiating /home/travis/build/icyphy/ptII/ptolemy/domains/de/test/auto/PortParameterResetOnInitialize.xml
2 ms. Memory: 430080K Free: 333072K (77%)
----------------- Invoking toplevel() on ptolemy.moml.MoMLSimpleApplication@75229d53
----------------- Done invoking toplevel() on ptolemy.moml.MoMLSimpleApplication@75229d53
reloadAllAccessors: .PortParameterResetOnInitialize

===========================================================================================
----------------- testing Sun Jun 10 01:20:57 UTC 2018 /home/travis/build/icyphy/ptII/ptolemy/domains/de/test/auto/PortParameterUpdates.xml
----------------- Instantiating /home/travis/build/icyphy/ptII/ptolemy/domains/de/test/auto/PortParameterUpdates.xml
3 ms. Memory: 430080K Free: 321951K (75%)
----------------- Invoking toplevel() on ptolemy.moml.MoMLSimpleApplication@10ee245b
----------------- Done invoking toplevel() on ptolemy.moml.MoMLSimpleApplication@10ee245b
reloadAllAccessors: .PortParameterUpdates

===========================================================================================
----------------- testing Sun Jun 10 01:20:57 UTC 2018 /home/travis/build/icyphy/ptII/ptolemy/domains/de/test/auto/QueueAndServer.xml
----------------- Instantiating /home/travis/build/icyphy/ptII/ptolemy/domains/de/test/auto/QueueAndServer.xml
5 ms. Memory: 430080K Free: 311157K (72%)
----------------- Invoking toplevel() on ptolemy.moml.MoMLSimpleApplication@6d123d85
----------------- Done invoking toplevel() on ptolemy.moml.MoMLSimpleApplication@6d123d85
reloadAllAccessors: .QueueAndServer

===========================================================================================
----------------- testing Sun Jun 10 01:20:57 UTC 2018 /home/travis/build/icyphy/ptII/ptolemy/domains/de/test/auto/Records.xml
----------------- Instantiating /home/travis/build/icyphy/ptII/ptolemy/domains/de/test/auto/Records.xml
3 ms. Memory: 430080K Free: 300029K (70%)
----------------- Invoking toplevel() on ptolemy.moml.MoMLSimpleApplication@32fd8604
----------------- Done invoking toplevel() on ptolemy.moml.MoMLSimpleApplication@32fd8604
reloadAllAccessors: .Records

===========================================================================================
----------------- testing Sun Jun 10 01:20:57 UTC 2018 /home/travis/build/icyphy/ptII/ptolemy/domains/de/test/auto/ResetTransitionWithStartTime1.xml
----------------- Instantiating /home/travis/build/icyphy/ptII/ptolemy/domains/de/test/auto/ResetTransitionWithStartTime1.xml
4 ms. Memory: 430080K Free: 289251K (67%)
----------------- Invoking toplevel() on ptolemy.moml.MoMLSimpleApplication@5d87e882
----------------- Done invoking toplevel() on ptolemy.moml.MoMLSimpleApplication@5d87e882
reloadAllAccessors: .ResetTransitionWithStartTime1

===========================================================================================
----------------- testing Sun Jun 10 01:20:57 UTC 2018 /home/travis/build/icyphy/ptII/ptolemy/domains/de/test/auto/ResetTransitionWithStartTime2.xml
----------------- Instantiating /home/travis/build/icyphy/ptII/ptolemy/domains/de/test/auto/ResetTransitionWithStartTime2.xml
4 ms. Memory: 430080K Free: 278124K (65%)
----------------- Invoking toplevel() on ptolemy.moml.MoMLSimpleApplication@6b745fc8
----------------- Done invoking toplevel() on ptolemy.moml.MoMLSimpleApplication@6b745fc8
reloadAllAccessors: .ResetTransitionWithStartTime2

===========================================================================================
----------------- testing Sun Jun 10 01:20:57 UTC 2018 /home/travis/build/icyphy/ptII/ptolemy/domains/de/test/auto/ResetTransitionWithStartTime3.xml
----------------- Instantiating /home/travis/build/icyphy/ptII/ptolemy/domains/de/test/auto/ResetTransitionWithStartTime3.xml
4 ms. Memory: 430080K Free: 267330K (62%)
----------------- Invoking toplevel() on ptolemy.moml.MoMLSimpleApplication@7a19f610
----------------- Done invoking toplevel() on ptolemy.moml.MoMLSimpleApplication@7a19f610
reloadAllAccessors: .ResetTransitionWithStartTime3

===========================================================================================
----------------- testing Sun Jun 10 01:20:57 UTC 2018 /home/travis/build/icyphy/ptII/ptolemy/domains/de/test/auto/ResetTransitionWithStartTime4.xml
----------------- Instantiating /home/travis/build/icyphy/ptII/ptolemy/domains/de/test/auto/ResetTransitionWithStartTime4.xml
3 ms. Memory: 430080K Free: 256202K (60%)
----------------- Invoking toplevel() on ptolemy.moml.MoMLSimpleApplication@41a35e5b
----------------- Done invoking toplevel() on ptolemy.moml.MoMLSimpleApplication@41a35e5b
reloadAllAccessors: .ResetTransitionWithStartTime4

===========================================================================================
----------------- testing Sun Jun 10 01:20:57 UTC 2018 /home/travis/build/icyphy/ptII/ptolemy/domains/de/test/auto/ResettableTimer1.xml
----------------- Instantiating /home/travis/build/icyphy/ptII/ptolemy/domains/de/test/auto/ResettableTimer1.xml
1 ms. Memory: 430080K Free: 248905K (58%)
----------------- Invoking toplevel() on ptolemy.moml.MoMLSimpleApplication@48dade80
----------------- Done invoking toplevel() on ptolemy.moml.MoMLSimpleApplication@48dade80
reloadAllAccessors: .ResettableTimer1

===========================================================================================
----------------- testing Sun Jun 10 01:20:57 UTC 2018 /home/travis/build/icyphy/ptII/ptolemy/domains/de/test/auto/ResettableTimer2.xml
----------------- Instantiating /home/travis/build/icyphy/ptII/ptolemy/domains/de/test/auto/ResettableTimer2.xml
2 ms. Memory: 430080K Free: 241276K (56%)
----------------- Invoking toplevel() on ptolemy.moml.MoMLSimpleApplication@16df06ec
----------------- Done invoking toplevel() on ptolemy.moml.MoMLSimpleApplication@16df06ec
reloadAllAccessors: .ResettableTimer2

===========================================================================================
----------------- testing Sun Jun 10 01:20:57 UTC 2018 /home/travis/build/icyphy/ptII/ptolemy/domains/de/test/auto/ResettableTimer3.xml
----------------- Instantiating /home/travis/build/icyphy/ptII/ptolemy/domains/de/test/auto/ResettableTimer3.xml
1 ms. Memory: 430080K Free: 233979K (54%)
----------------- Invoking toplevel() on ptolemy.moml.MoMLSimpleApplication@2eb40a4a
----------------- Done invoking toplevel() on ptolemy.moml.MoMLSimpleApplication@2eb40a4a
reloadAllAccessors: .ResettableTimer3

===========================================================================================
----------------- testing Sun Jun 10 01:20:57 UTC 2018 /home/travis/build/icyphy/ptII/ptolemy/domains/de/test/auto/ResettableTimer4.xml
----------------- Instantiating /home/travis/build/icyphy/ptII/ptolemy/domains/de/test/auto/ResettableTimer4.xml
1 ms. Memory: 430080K Free: 226349K (53%)
----------------- Invoking toplevel() on ptolemy.moml.MoMLSimpleApplication@4e943aa
----------------- Done invoking toplevel() on ptolemy.moml.MoMLSimpleApplication@4e943aa
reloadAllAccessors: .ResettableTimer4

===========================================================================================
----------------- testing Sun Jun 10 01:20:57 UTC 2018 /home/travis/build/icyphy/ptII/ptolemy/domains/de/test/auto/ResettableTimer5.xml
----------------- Instantiating /home/travis/build/icyphy/ptII/ptolemy/domains/de/test/auto/ResettableTimer5.xml
2 ms. Memory: 430080K Free: 215222K (50%)
----------------- Invoking toplevel() on ptolemy.moml.MoMLSimpleApplication@5a75924a
----------------- Done invoking toplevel() on ptolemy.moml.MoMLSimpleApplication@5a75924a
reloadAllAccessors: .ResettableTimer5

===========================================================================================
----------------- testing Sun Jun 10 01:20:57 UTC 2018 /home/travis/build/icyphy/ptII/ptolemy/domains/de/test/auto/ResettableTimer6.xml
----------------- Instantiating /home/travis/build/icyphy/ptII/ptolemy/domains/de/test/auto/ResettableTimer6.xml
1 ms. Memory: 430080K Free: 204428K (48%)
----------------- Invoking toplevel() on ptolemy.moml.MoMLSimpleApplication@612cafcc
----------------- Done invoking toplevel() on ptolemy.moml.MoMLSimpleApplication@612cafcc
reloadAllAccessors: .ResettableTimer6

===========================================================================================
----------------- testing Sun Jun 10 01:20:57 UTC 2018 /home/travis/build/icyphy/ptII/ptolemy/domains/de/test/auto/ServerZeroDelay.xml
----------------- Instantiating /home/travis/build/icyphy/ptII/ptolemy/domains/de/test/auto/ServerZeroDelay.xml
2 ms. Memory: 430080K Free: 196798K (46%)
----------------- Invoking toplevel() on ptolemy.moml.MoMLSimpleApplication@6aec085f
----------------- Done invoking toplevel() on ptolemy.moml.MoMLSimpleApplication@6aec085f
reloadAllAccessors: .ServerZeroDelay

===========================================================================================
----------------- testing Sun Jun 10 01:20:57 UTC 2018 /home/travis/build/icyphy/ptII/ptolemy/domains/de/test/auto/SmartSender.xml
----------------- Instantiating /home/travis/build/icyphy/ptII/ptolemy/domains/de/test/auto/SmartSender.xml
3001 ms. Memory: 430080K Free: 189501K (44%)
----------------- Invoking toplevel() on ptolemy.moml.MoMLSimpleApplication@59512d4e
----------------- Done invoking toplevel() on ptolemy.moml.MoMLSimpleApplication@59512d4e
reloadAllAccessors: .SmartSender

===========================================================================================
----------------- testing Sun Jun 10 01:21:00 UTC 2018 /home/travis/build/icyphy/ptII/ptolemy/domains/de/test/auto/ThreadedComposite.xml
----------------- Instantiating /home/travis/build/icyphy/ptII/ptolemy/domains/de/test/auto/ThreadedComposite.xml
122 ms. Memory: 430080K Free: 160947K (37%)
----------------- Invoking toplevel() on ptolemy.moml.MoMLSimpleApplication@7efc8e0d
----------------- Done invoking toplevel() on ptolemy.moml.MoMLSimpleApplication@7efc8e0d
reloadAllAccessors: .ThreadedComposite

===========================================================================================
----------------- testing Sun Jun 10 01:21:00 UTC 2018 /home/travis/build/icyphy/ptII/ptolemy/domains/de/test/auto/Time.xml
----------------- Instantiating /home/travis/build/icyphy/ptII/ptolemy/domains/de/test/auto/Time.xml
440 ms. Memory: 430080K Free: 101426K (24%)
----------------- Invoking toplevel() on ptolemy.moml.MoMLSimpleApplication@1291b564
----------------- Done invoking toplevel() on ptolemy.moml.MoMLSimpleApplication@1291b564
reloadAllAccessors: .Time

===========================================================================================
----------------- testing Sun Jun 10 01:21:01 UTC 2018 /home/travis/build/icyphy/ptII/ptolemy/domains/de/test/auto/TimeDelayZeroDelay.xml
----------------- Instantiating /home/travis/build/icyphy/ptII/ptolemy/domains/de/test/auto/TimeDelayZeroDelay.xml
2 ms. Memory: 430080K Free: 93796K (22%)
----------------- Invoking toplevel() on ptolemy.moml.MoMLSimpleApplication@5a2b08b4
----------------- Done invoking toplevel() on ptolemy.moml.MoMLSimpleApplication@5a2b08b4
reloadAllAccessors: .TimeDelayZeroDelay

===========================================================================================
----------------- testing Sun Jun 10 01:21:01 UTC 2018 /home/travis/build/icyphy/ptII/ptolemy/domains/de/test/auto/TimerZeroDelay.xml
----------------- Instantiating /home/travis/build/icyphy/ptII/ptolemy/domains/de/test/auto/TimerZeroDelay.xml
1 ms. Memory: 430080K Free: 86166K (20%)
----------------- Invoking toplevel() on ptolemy.moml.MoMLSimpleApplication@5c52db4
----------------- Done invoking toplevel() on ptolemy.moml.MoMLSimpleApplication@5c52db4
reloadAllAccessors: .TimerZeroDelay

===========================================================================================
----------------- testing Sun Jun 10 01:21:01 UTC 2018 /home/travis/build/icyphy/ptII/ptolemy/domains/de/test/auto/TimingParadox.xml
----------------- Instantiating /home/travis/build/icyphy/ptII/ptolemy/domains/de/test/auto/TimingParadox.xml
294 ms. Memory: 414208K Free: 347184K (84%)
----------------- Invoking toplevel() on ptolemy.moml.MoMLSimpleApplication@74e3fc1c
----------------- Done invoking toplevel() on ptolemy.moml.MoMLSimpleApplication@74e3fc1c
reloadAllAccessors: .TimingParadox

===========================================================================================
----------------- testing Sun Jun 10 01:21:01 UTC 2018 /home/travis/build/icyphy/ptII/ptolemy/domains/de/test/auto/TransferInputs.xml
----------------- Instantiating /home/travis/build/icyphy/ptII/ptolemy/domains/de/test/auto/TransferInputs.xml
1 ms. Memory: 414208K Free: 339951K (82%)
----------------- Invoking toplevel() on ptolemy.moml.MoMLSimpleApplication@401416a6
----------------- Done invoking toplevel() on ptolemy.moml.MoMLSimpleApplication@401416a6
reloadAllAccessors: .TransferInputs

===========================================================================================
----------------- testing Sun Jun 10 01:21:01 UTC 2018 /home/travis/build/icyphy/ptII/ptolemy/domains/de/test/auto/TransferOutputs2.xml
----------------- Instantiating /home/travis/build/icyphy/ptII/ptolemy/domains/de/test/auto/TransferOutputs2.xml
3 ms. Memory: 414208K Free: 328272K (79%)
----------------- Invoking toplevel() on ptolemy.moml.MoMLSimpleApplication@5c14c4cf
----------------- Done invoking toplevel() on ptolemy.moml.MoMLSimpleApplication@5c14c4cf
reloadAllAccessors: .TransferOutputs2

===========================================================================================
----------------- testing Sun Jun 10 01:21:01 UTC 2018 /home/travis/build/icyphy/ptII/ptolemy/domains/de/test/auto/Trilateration.xml
----------------- Instantiating /home/travis/build/icyphy/ptII/ptolemy/domains/de/test/auto/Trilateration.xml
11335 ms. Memory: 332288K Free: 149327K (45%)
----------------- Invoking toplevel() on ptolemy.moml.MoMLSimpleApplication@1c8a1a86
----------------- Done invoking toplevel() on ptolemy.moml.MoMLSimpleApplication@1c8a1a86
reloadAllAccessors: .Trilateration

===========================================================================================
----------------- testing Sun Jun 10 01:21:13 UTC 2018 /home/travis/build/icyphy/ptII/ptolemy/domains/de/test/auto/TwoSigmaDelta.xml
----------------- Instantiating /home/travis/build/icyphy/ptII/ptolemy/domains/de/test/auto/TwoSigmaDelta.xml
2250 ms. Memory: 326144K Free: 105137K (32%)
----------------- Invoking toplevel() on ptolemy.moml.MoMLSimpleApplication@73338fd9
----------------- Done invoking toplevel() on ptolemy.moml.MoMLSimpleApplication@73338fd9
reloadAllAccessors: .TwoSigmaDelta

===========================================================================================
----------------- testing Sun Jun 10 01:21:15 UTC 2018 /home/travis/build/icyphy/ptII/ptolemy/domains/de/test/auto/VariableDelay.xml
----------------- Instantiating /home/travis/build/icyphy/ptII/ptolemy/domains/de/test/auto/VariableDelay.xml
2 ms. Memory: 326144K Free: 94813K (29%)
----------------- Invoking toplevel() on ptolemy.moml.MoMLSimpleApplication@6384ed4d
----------------- Done invoking toplevel() on ptolemy.moml.MoMLSimpleApplication@6384ed4d
reloadAllAccessors: .VariableDelay

===========================================================================================
----------------- testing Sun Jun 10 01:21:16 UTC 2018 /home/travis/build/icyphy/ptII/ptolemy/domains/de/test/auto/VariableDelay2.xml
----------------- Instantiating /home/travis/build/icyphy/ptII/ptolemy/domains/de/test/auto/VariableDelay2.xml
1 ms. Memory: 326144K Free: 87027K (27%)
----------------- Invoking toplevel() on ptolemy.moml.MoMLSimpleApplication@5dfe01bb
----------------- Done invoking toplevel() on ptolemy.moml.MoMLSimpleApplication@5dfe01bb
reloadAllAccessors: .VariableDelay2

===========================================================================================
----------------- testing Sun Jun 10 01:21:16 UTC 2018 /home/travis/build/icyphy/ptII/ptolemy/domains/de/test/auto/VariableDelayZeroDelay.xml
----------------- Instantiating /home/travis/build/icyphy/ptII/ptolemy/domains/de/test/auto/VariableDelayZeroDelay.xml
4 ms. Memory: 326144K Free: 79345K (24%)
----------------- Invoking toplevel() on ptolemy.moml.MoMLSimpleApplication@77101135
----------------- Done invoking toplevel() on ptolemy.moml.MoMLSimpleApplication@77101135
reloadAllAccessors: .VariableDelayZeroDelay

===========================================================================================
----------------- testing Sun Jun 10 01:21:16 UTC 2018 /home/travis/build/icyphy/ptII/ptolemy/domains/de/test/auto/VariableDelayZeroDelay2.xml
----------------- Instantiating /home/travis/build/icyphy/ptII/ptolemy/domains/de/test/auto/VariableDelayZeroDelay2.xml
1 ms. Memory: 326144K Free: 71551K (22%)
----------------- Invoking toplevel() on ptolemy.moml.MoMLSimpleApplication@fe526d0
----------------- Done invoking toplevel() on ptolemy.moml.MoMLSimpleApplication@fe526d0
reloadAllAccessors: .VariableDelayZeroDelay2

===========================================================================================
----------------- testing Sun Jun 10 01:21:16 UTC 2018 /home/travis/build/icyphy/ptII/ptolemy/domains/de/test/auto/deInCt.xml
----------------- Instantiating /home/travis/build/icyphy/ptII/ptolemy/domains/de/test/auto/deInCt.xml
0
1
1
1
1
0
0
1
1
1
0
0
0
1
1
0
0
0
1
1
1
0
0
1
1
1
1
1
1
0
0
0
1
1
1
1
7 ms. Memory: 326144K Free: 63756K (20%)
----------------- Invoking toplevel() on ptolemy.moml.MoMLSimpleApplication@6cf9593f
----------------- Done invoking toplevel() on ptolemy.moml.MoMLSimpleApplication@6cf9593f
reloadAllAccessors: .deInCt

===========================================================================================
----------------- testing Sun Jun 10 01:21:16 UTC 2018 /home/travis/build/icyphy/ptII/ptolemy/domains/de/test/auto/deInCt2.xml
----------------- Instantiating /home/travis/build/icyphy/ptII/ptolemy/domains/de/test/auto/deInCt2.xml
0
1
1
1
0
0
1
1
1
0
0
1
1
1
0
0
1
1
1
0
0
1
1
1
0
0
1
1
1
0
0
1
1
1
0
0
1
1
1
0
0
0
10 ms. Memory: 311296K Free: 282046K (91%)
----------------- Invoking toplevel() on ptolemy.moml.MoMLSimpleApplication@6648b03f
----------------- Done invoking toplevel() on ptolemy.moml.MoMLSimpleApplication@6648b03f
reloadAllAccessors: .deInCt2

===========================================================================================
----------------- testing Sun Jun 10 01:21:16 UTC 2018 /home/travis/build/icyphy/ptII/ptolemy/domains/de/test/auto/dynamicCausalityInterface1.xml
----------------- Instantiating /home/travis/build/icyphy/ptII/ptolemy/domains/de/test/auto/dynamicCausalityInterface1.xml
0 ms. Memory: 311296K Free: 268789K (86%)
----------------- Invoking toplevel() on ptolemy.moml.MoMLSimpleApplication@2b39e9d1
----------------- Done invoking toplevel() on ptolemy.moml.MoMLSimpleApplication@2b39e9d1
reloadAllAccessors: .dynamicCausalityInterface1

===========================================================================================
----------------- testing Sun Jun 10 01:21:16 UTC 2018 /home/travis/build/icyphy/ptII/ptolemy/domains/de/test/auto/fsm_de_test.xml
----------------- Instantiating /home/travis/build/icyphy/ptII/ptolemy/domains/de/test/auto/fsm_de_test.xml
4 ms. Memory: 311296K Free: 256713K (82%)
----------------- Invoking toplevel() on ptolemy.moml.MoMLSimpleApplication@7d3ed12
----------------- Done invoking toplevel() on ptolemy.moml.MoMLSimpleApplication@7d3ed12
reloadAllAccessors: .fsm_de_test

===========================================================================================
----------------- testing Sun Jun 10 01:21:16 UTC 2018 /home/travis/build/icyphy/ptII/ptolemy/domains/de/test/auto/functionDependencyReconstruction.xml
----------------- Instantiating /home/travis/build/icyphy/ptII/ptolemy/domains/de/test/auto/functionDependencyReconstruction.xml
2 ms. Memory: 311296K Free: 237781K (76%)
----------------- Invoking toplevel() on ptolemy.moml.MoMLSimpleApplication@68c77a43
----------------- Done invoking toplevel() on ptolemy.moml.MoMLSimpleApplication@68c77a43
reloadAllAccessors: .functionDependencyReconstruction

===========================================================================================
----------------- testing Sun Jun 10 01:21:16 UTC 2018 /home/travis/build/icyphy/ptII/ptolemy/domains/de/test/auto/multirate.xml
----------------- Instantiating /home/travis/build/icyphy/ptII/ptolemy/domains/de/test/auto/multirate.xml
2 ms. Memory: 311296K Free: 227996K (73%)
----------------- Invoking toplevel() on ptolemy.moml.MoMLSimpleApplication@160b31ee
----------------- Done invoking toplevel() on ptolemy.moml.MoMLSimpleApplication@160b31ee
reloadAllAccessors: .multirate

===========================================================================================
----------------- testing Sun Jun 10 01:21:16 UTC 2018 /home/travis/build/icyphy/ptII/ptolemy/domains/de/test/auto/multirate2.xml
----------------- Instantiating /home/travis/build/icyphy/ptII/ptolemy/domains/de/test/auto/multirate2.xml
3 ms. Memory: 311296K Free: 218194K (70%)
----------------- Invoking toplevel() on ptolemy.moml.MoMLSimpleApplication@2d43200d
----------------- Done invoking toplevel() on ptolemy.moml.MoMLSimpleApplication@2d43200d
reloadAllAccessors: .multirate2

===========================================================================================
----------------- testing Sun Jun 10 01:21:16 UTC 2018 /home/travis/build/icyphy/ptII/ptolemy/domains/de/test/auto/realtime.xml
----------------- Instantiating /home/travis/build/icyphy/ptII/ptolemy/domains/de/test/auto/realtime.xml
10002 ms. Memory: 311296K Free: 210708K (68%)
----------------- Invoking toplevel() on ptolemy.moml.MoMLSimpleApplication@5960e6cd
----------------- Done invoking toplevel() on ptolemy.moml.MoMLSimpleApplication@5960e6cd
reloadAllAccessors: .realtime

===========================================================================================
----------------- testing Sun Jun 10 01:21:26 UTC 2018 /home/travis/build/icyphy/ptII/ptolemy/domains/de/test/auto/relationGroup.xml
----------------- Instantiating /home/travis/build/icyphy/ptII/ptolemy/domains/de/test/auto/relationGroup.xml
1 ms. Memory: 311296K Free: 203303K (65%)
----------------- Invoking toplevel() on ptolemy.moml.MoMLSimpleApplication@3824a509
----------------- Done invoking toplevel() on ptolemy.moml.MoMLSimpleApplication@3824a509
reloadAllAccessors: .relationGroup

===========================================================================================
----------------- testing Sun Jun 10 01:21:26 UTC 2018 /home/travis/build/icyphy/ptII/ptolemy/domains/de/test/auto/relationGroup2.xml
----------------- Instantiating /home/travis/build/icyphy/ptII/ptolemy/domains/de/test/auto/relationGroup2.xml
2 ms. Memory: 311296K Free: 195816K (63%)
----------------- Invoking toplevel() on ptolemy.moml.MoMLSimpleApplication@c1ddc2d
----------------- Done invoking toplevel() on ptolemy.moml.MoMLSimpleApplication@c1ddc2d
reloadAllAccessors: .relationGroup2

===========================================================================================
----------------- testing Sun Jun 10 01:21:26 UTC 2018 /home/travis/build/icyphy/ptII/ptolemy/domains/de/test/auto/sortWithOpaquePorts.xml
----------------- Instantiating /home/travis/build/icyphy/ptII/ptolemy/domains/de/test/auto/sortWithOpaquePorts.xml
1 ms. Memory: 311296K Free: 188328K (60%)
----------------- Invoking toplevel() on ptolemy.moml.MoMLSimpleApplication@22beb0dd
----------------- Done invoking toplevel() on ptolemy.moml.MoMLSimpleApplication@22beb0dd
reloadAllAccessors: .sortWithOpaquePorts

===========================================================================================
----------------- testing Sun Jun 10 01:21:26 UTC 2018 /home/travis/build/icyphy/ptII/ptolemy/domains/de/test/auto/transferInputsandOutputs.xml
----------------- Instantiating /home/travis/build/icyphy/ptII/ptolemy/domains/de/test/auto/transferInputsandOutputs.xml
1 ms. Memory: 311296K Free: 178543K (57%)
----------------- Invoking toplevel() on ptolemy.moml.MoMLSimpleApplication@e03df45
----------------- Done invoking toplevel() on ptolemy.moml.MoMLSimpleApplication@e03df45
reloadAllAccessors: .transferInputsandOutputs

===========================================================================================
----------------- testing Sun Jun 10 01:21:26 UTC 2018 /home/travis/build/icyphy/ptII/ptolemy/domains/de/test/auto/triggerType.xml
----------------- Instantiating /home/travis/build/icyphy/ptII/ptolemy/domains/de/test/auto/triggerType.xml
1 ms. Memory: 311296K Free: 171056K (55%)
----------------- Invoking toplevel() on ptolemy.moml.MoMLSimpleApplication@493891f9
----------------- Done invoking toplevel() on ptolemy.moml.MoMLSimpleApplication@493891f9
reloadAllAccessors: .triggerType
AutoTests.java: About to close Vertx.
AutoTests.java: Vertx closed.
]]></system-out>
  <system-err><![CDATA[java.lang.RuntimeException: Execution failed
	at ptolemy.moml.MoMLSimpleApplication$UnloadThread.run(MoMLSimpleApplication.java:402)
Caused by: ptolemy.kernel.util.IllegalActionException: Found a zero delay loop containing .dependencyLoop.original
  in .dependencyLoop and .dependencyLoop.original
	at ptolemy.actor.util.CausalityInterfaceForComposites._computeOutputPortDepth(CausalityInterfaceForComposites.java:759)
	at ptolemy.actor.util.CausalityInterfaceForComposites._computeInputDepth(CausalityInterfaceForComposites.java:696)
	at ptolemy.actor.util.CausalityInterfaceForComposites._computeOutputPortDepth(CausalityInterfaceForComposites.java:765)
	at ptolemy.actor.util.CausalityInterfaceForComposites._computeInputDepth(CausalityInterfaceForComposites.java:696)
	at ptolemy.actor.util.CausalityInterfaceForComposites._computeOutputPortDepth(CausalityInterfaceForComposites.java:765)
	at ptolemy.actor.util.CausalityInterfaceForComposites._computeInputDepth(CausalityInterfaceForComposites.java:696)
	at ptolemy.actor.util.CausalityInterfaceForComposites._computeActorDepth(CausalityInterfaceForComposites.java:532)
	at ptolemy.actor.util.CausalityInterfaceForComposites.checkForCycles(CausalityInterfaceForComposites.java:96)
	at ptolemy.domains.de.kernel.DEDirector.preinitialize(DEDirector.java:1338)
	at ptolemy.actor.CompositeActor.preinitialize(CompositeActor.java:1828)
	at ptolemy.actor.Manager.preinitializeAndResolveTypes(Manager.java:1040)
	at ptolemy.actor.Manager.initialize(Manager.java:710)
	at ptolemy.actor.Manager.execute(Manager.java:356)
	at ptolemy.actor.Manager.run(Manager.java:1263)
	at ptolemy.actor.Manager$PtolemyRunThread.run(Manager.java:1915)
java.lang.RuntimeException: Execution failed
	at ptolemy.moml.MoMLSimpleApplication$UnloadThread.run(MoMLSimpleApplication.java:402)
Caused by: ptolemy.kernel.util.IllegalActionException: Found a zero delay loop containing .dependencyLoop2.original
  in .dependencyLoop2 and .dependencyLoop2.original
	at ptolemy.actor.util.CausalityInterfaceForComposites._computeOutputPortDepth(CausalityInterfaceForComposites.java:759)
	at ptolemy.actor.util.CausalityInterfaceForComposites._computeInputDepth(CausalityInterfaceForComposites.java:696)
	at ptolemy.actor.util.CausalityInterfaceForComposites._computeOutputPortDepth(CausalityInterfaceForComposites.java:765)
	at ptolemy.actor.util.CausalityInterfaceForComposites._computeInputDepth(CausalityInterfaceForComposites.java:696)
	at ptolemy.actor.util.CausalityInterfaceForComposites._computeOutputPortDepth(CausalityInterfaceForComposites.java:765)
	at ptolemy.actor.util.CausalityInterfaceForComposites._computeInputDepth(CausalityInterfaceForComposites.java:696)
	at ptolemy.actor.util.CausalityInterfaceForComposites._computeActorDepth(CausalityInterfaceForComposites.java:532)
	at ptolemy.actor.util.CausalityInterfaceForComposites.checkForCycles(CausalityInterfaceForComposites.java:96)
	at ptolemy.domains.de.kernel.DEDirector.preinitialize(DEDirector.java:1338)
	at ptolemy.actor.CompositeActor.preinitialize(CompositeActor.java:1828)
	at ptolemy.actor.Manager.preinitializeAndResolveTypes(Manager.java:1040)
	at ptolemy.actor.Manager.initialize(Manager.java:710)
	at ptolemy.actor.Manager.execute(Manager.java:356)
	at ptolemy.actor.Manager.run(Manager.java:1263)
	at ptolemy.actor.Manager$PtolemyRunThread.run(Manager.java:1915)
java.lang.RuntimeException: Execution failed
	at ptolemy.moml.MoMLSimpleApplication$UnloadThread.run(MoMLSimpleApplication.java:402)
Caused by: ptolemy.kernel.util.IllegalActionException: Found a zero delay loop containing .dependencyLoop.original
  in .dependencyLoop and .dependencyLoop.original
	at ptolemy.actor.util.CausalityInterfaceForComposites._computeOutputPortDepth(CausalityInterfaceForComposites.java:759)
	at ptolemy.actor.util.CausalityInterfaceForComposites._computeInputDepth(CausalityInterfaceForComposites.java:696)
	at ptolemy.actor.util.CausalityInterfaceForComposites._computeOutputPortDepth(CausalityInterfaceForComposites.java:765)
	at ptolemy.actor.util.CausalityInterfaceForComposites._computeInputDepth(CausalityInterfaceForComposites.java:696)
	at ptolemy.actor.util.CausalityInterfaceForComposites._computeOutputPortDepth(CausalityInterfaceForComposites.java:765)
	at ptolemy.actor.util.CausalityInterfaceForComposites._computeInputDepth(CausalityInterfaceForComposites.java:696)
	at ptolemy.actor.util.CausalityInterfaceForComposites._computeActorDepth(CausalityInterfaceForComposites.java:532)
	at ptolemy.actor.util.CausalityInterfaceForComposites.checkForCycles(CausalityInterfaceForComposites.java:96)
	at ptolemy.domains.de.kernel.DEDirector.preinitialize(DEDirector.java:1338)
	at ptolemy.actor.CompositeActor.preinitialize(CompositeActor.java:1828)
	at ptolemy.actor.Manager.preinitializeAndResolveTypes(Manager.java:1040)
	at ptolemy.actor.Manager.initialize(Manager.java:710)
	at ptolemy.actor.Manager.execute(Manager.java:356)
	at ptolemy.actor.Manager.run(Manager.java:1263)
	at ptolemy.actor.Manager$PtolemyRunThread.run(Manager.java:1915)
java.lang.RuntimeException: Execution failed
	at ptolemy.moml.MoMLSimpleApplication$UnloadThread.run(MoMLSimpleApplication.java:402)
Caused by: ptolemy.kernel.util.IllegalActionException: Actor is not ready to fire.  Perhaps UpSample.prefire() returned false? Try debugging the actor by selecting "Listen to Actor".  Also, for SDF check moml for tokenConsumptionRate on input.
  in .DESDFClockTest.Play Bell.Copy1:SDF Director and .DESDFClockTest.Play Bell.UpSample
	at ptolemy.actor.sched.StaticSchedulingDirector.fire(StaticSchedulingDirector.java:227)
	at ptolemy.domains.sdf.kernel.SDFDirector.fire(SDFDirector.java:500)
	at ptolemy.actor.CompositeActor.fire(CompositeActor.java:455)
	at ptolemy.domains.de.kernel.DEDirector._fire(DEDirector.java:1949)
	at ptolemy.domains.de.kernel.DEDirector.fire(DEDirector.java:502)
	at ptolemy.actor.CompositeActor.fire(CompositeActor.java:455)
	at ptolemy.actor.Manager.iterate(Manager.java:851)
	at ptolemy.actor.Manager.execute(Manager.java:369)
	at ptolemy.actor.Manager.run(Manager.java:1263)
	at ptolemy.actor.Manager$PtolemyRunThread.run(Manager.java:1915)
java.lang.RuntimeException: Execution failed
	at ptolemy.moml.MoMLSimpleApplication$UnloadThread.run(MoMLSimpleApplication.java:402)
Caused by: ptolemy.kernel.util.IllegalActionException: Found a zero delay loop containing .dependencyLoop2.original
  in .dependencyLoop2 and .dependencyLoop2.original
	at ptolemy.actor.util.CausalityInterfaceForComposites._computeOutputPortDepth(CausalityInterfaceForComposites.java:759)
	at ptolemy.actor.util.CausalityInterfaceForComposites._computeInputDepth(CausalityInterfaceForComposites.java:696)
	at ptolemy.actor.util.CausalityInterfaceForComposites._computeOutputPortDepth(CausalityInterfaceForComposites.java:765)
	at ptolemy.actor.util.CausalityInterfaceForComposites._computeInputDepth(CausalityInterfaceForComposites.java:696)
	at ptolemy.actor.util.CausalityInterfaceForComposites._computeOutputPortDepth(CausalityInterfaceForComposites.java:765)
	at ptolemy.actor.util.CausalityInterfaceForComposites._computeInputDepth(CausalityInterfaceForComposites.java:696)
	at ptolemy.actor.util.CausalityInterfaceForComposites._computeActorDepth(CausalityInterfaceForComposites.java:532)
	at ptolemy.actor.util.CausalityInterfaceForComposites.checkForCycles(CausalityInterfaceForComposites.java:96)
	at ptolemy.domains.de.kernel.DEDirector.preinitialize(DEDirector.java:1338)
	at ptolemy.actor.CompositeActor.preinitialize(CompositeActor.java:1828)
	at ptolemy.actor.Manager.preinitializeAndResolveTypes(Manager.java:1040)
	at ptolemy.actor.Manager.initialize(Manager.java:710)
	at ptolemy.actor.Manager.execute(Manager.java:356)
	at ptolemy.actor.Manager.run(Manager.java:1263)
	at ptolemy.actor.Manager$PtolemyRunThread.run(Manager.java:1915)
java.lang.RuntimeException: Execution failed
	at ptolemy.moml.MoMLSimpleApplication$UnloadThread.run(MoMLSimpleApplication.java:402)
Caused by: ptolemy.kernel.util.IllegalActionException: Found a zero delay loop containing .HierarchicalModel.A
  in .HierarchicalModel and .HierarchicalModel.A
	at ptolemy.actor.util.CausalityInterfaceForComposites._computeOutputPortDepth(CausalityInterfaceForComposites.java:759)
	at ptolemy.actor.util.CausalityInterfaceForComposites._computeInputDepth(CausalityInterfaceForComposites.java:696)
	at ptolemy.actor.util.CausalityInterfaceForComposites._computeOutputPortDepth(CausalityInterfaceForComposites.java:765)
	at ptolemy.actor.util.CausalityInterfaceForComposites._computeInputDepth(CausalityInterfaceForComposites.java:696)
	at ptolemy.actor.util.CausalityInterfaceForComposites._computeOutputPortDepth(CausalityInterfaceForComposites.java:765)
	at ptolemy.actor.util.CausalityInterfaceForComposites._computeInputDepth(CausalityInterfaceForComposites.java:696)
	at ptolemy.actor.util.CausalityInterfaceForComposites._computeActorDepth(CausalityInterfaceForComposites.java:532)
	at ptolemy.actor.util.CausalityInterfaceForComposites.checkForCycles(CausalityInterfaceForComposites.java:96)
	at ptolemy.domains.de.kernel.DEDirector.preinitialize(DEDirector.java:1338)
	at ptolemy.actor.CompositeActor.preinitialize(CompositeActor.java:1828)
	at ptolemy.actor.Manager.preinitializeAndResolveTypes(Manager.java:1040)
	at ptolemy.actor.Manager.initialize(Manager.java:710)
	at ptolemy.actor.Manager.execute(Manager.java:356)
	at ptolemy.actor.Manager.run(Manager.java:1263)
	at ptolemy.actor.Manager$PtolemyRunThread.run(Manager.java:1915)
java.lang.RuntimeException: Execution failed
	at ptolemy.moml.MoMLSimpleApplication$UnloadThread.run(MoMLSimpleApplication.java:402)
Caused by: ptolemy.kernel.util.IllegalActionException: Test fails in iteration 1.
Value was: 1.0. Should have been: 2.0
  in .DirectFeedback.Test
	at ptolemy.actor.lib.Test.fire(Test.java:268)
	at ptolemy.domains.de.kernel.DEDirector._fire(DEDirector.java:1949)
	at ptolemy.domains.de.kernel.DEDirector.fire(DEDirector.java:502)
	at ptolemy.actor.CompositeActor.fire(CompositeActor.java:455)
	at ptolemy.actor.Manager.iterate(Manager.java:851)
	at ptolemy.actor.Manager.execute(Manager.java:369)
	at ptolemy.actor.Manager.run(Manager.java:1263)
	at ptolemy.actor.Manager$PtolemyRunThread.run(Manager.java:1915)
java.lang.RuntimeException: Execution failed
	at ptolemy.moml.MoMLSimpleApplication$UnloadThread.run(MoMLSimpleApplication.java:402)
Caused by: ptolemy.kernel.util.IllegalActionException: Actor is not ready to fire.  Perhaps UpSample.prefire() returned false? Try debugging the actor by selecting "Listen to Actor".  Also, for SDF check moml for tokenConsumptionRate on input.
  in .DESDFClockTest.Play Bell.Copy1:SDF Director and .DESDFClockTest.Play Bell.UpSample
	at ptolemy.actor.sched.StaticSchedulingDirector.fire(StaticSchedulingDirector.java:227)
	at ptolemy.domains.sdf.kernel.SDFDirector.fire(SDFDirector.java:500)
	at ptolemy.actor.CompositeActor.fire(CompositeActor.java:455)
	at ptolemy.domains.de.kernel.DEDirector._fire(DEDirector.java:1949)
	at ptolemy.domains.de.kernel.DEDirector.fire(DEDirector.java:502)
	at ptolemy.actor.CompositeActor.fire(CompositeActor.java:455)
	at ptolemy.actor.Manager.iterate(Manager.java:851)
	at ptolemy.actor.Manager.execute(Manager.java:369)
	at ptolemy.actor.Manager.run(Manager.java:1263)
	at ptolemy.actor.Manager$PtolemyRunThread.run(Manager.java:1915)
java.lang.reflect.InvocationTargetException
	at sun.reflect.NativeConstructorAccessorImpl.newInstance0(Native Method)
	at sun.reflect.NativeConstructorAccessorImpl.newInstance(NativeConstructorAccessorImpl.java:62)
	at sun.reflect.DelegatingConstructorAccessorImpl.newInstance(DelegatingConstructorAccessorImpl.java:45)
	at java.lang.reflect.Constructor.newInstance(Constructor.java:423)
	at ptolemy.util.test.junit.AutoKnownFailedTests.RunModel(AutoKnownFailedTests.java:107)
	at sun.reflect.NativeMethodAccessorImpl.invoke0(Native Method)
	at sun.reflect.NativeMethodAccessorImpl.invoke(NativeMethodAccessorImpl.java:62)
	at sun.reflect.DelegatingMethodAccessorImpl.invoke(DelegatingMethodAccessorImpl.java:43)
	at java.lang.reflect.Method.invoke(Method.java:498)
	at org.junit.runners.model.FrameworkMethod$1.runReflectiveCall(FrameworkMethod.java:44)
	at org.junit.internal.runners.model.ReflectiveCallable.run(ReflectiveCallable.java:15)
	at org.junit.runners.model.FrameworkMethod.invokeExplosively(FrameworkMethod.java:41)
	at junitparams.internal.InvokeParameterisedMethod.evaluate(InvokeParameterisedMethod.java:102)
	at org.junit.internal.runners.statements.FailOnTimeout$1.run(FailOnTimeout.java:28)
Caused by: ptolemy.kernel.util.IllegalActionException: Actor is not ready to fire.  Perhaps UpSample.prefire() returned false? Try debugging the actor by selecting "Listen to Actor".  Also, for SDF check moml for tokenConsumptionRate on input.
  in .DESDFClockTest.Play Bell.Copy1:SDF Director and .DESDFClockTest.Play Bell.UpSample
	at ptolemy.actor.sched.StaticSchedulingDirector.fire(StaticSchedulingDirector.java:227)
	at ptolemy.domains.sdf.kernel.SDFDirector.fire(SDFDirector.java:500)
	at ptolemy.actor.CompositeActor.fire(CompositeActor.java:455)
	at ptolemy.domains.de.kernel.DEDirector._fire(DEDirector.java:1949)
	at ptolemy.domains.de.kernel.DEDirector.fire(DEDirector.java:502)
	at ptolemy.actor.CompositeActor.fire(CompositeActor.java:455)
	at ptolemy.actor.Manager.iterate(Manager.java:851)
	at ptolemy.actor.Manager.execute(Manager.java:369)
	at ptolemy.actor.Manager.run(Manager.java:1263)
	at ptolemy.actor.Manager$PtolemyRunThread.run(Manager.java:1915)
java.lang.RuntimeException: Execution failed
	at ptolemy.moml.MoMLSimpleApplication$UnloadThread.run(MoMLSimpleApplication.java:402)
Caused by: ptolemy.kernel.util.IllegalActionException: Test fails in iteration 1.
Value was: 1.0. Should have been: 2.0
  in .DirectFeedback.Test
	at ptolemy.actor.lib.Test.fire(Test.java:268)
	at ptolemy.domains.de.kernel.DEDirector._fire(DEDirector.java:1949)
	at ptolemy.domains.de.kernel.DEDirector.fire(DEDirector.java:502)
	at ptolemy.actor.CompositeActor.fire(CompositeActor.java:455)
	at ptolemy.actor.Manager.iterate(Manager.java:851)
	at ptolemy.actor.Manager.execute(Manager.java:369)
	at ptolemy.actor.Manager.run(Manager.java:1263)
	at ptolemy.actor.Manager$PtolemyRunThread.run(Manager.java:1915)
java.lang.reflect.InvocationTargetException
	at sun.reflect.NativeConstructorAccessorImpl.newInstance0(Native Method)
	at sun.reflect.NativeConstructorAccessorImpl.newInstance(NativeConstructorAccessorImpl.java:62)
	at sun.reflect.DelegatingConstructorAccessorImpl.newInstance(DelegatingConstructorAccessorImpl.java:45)
	at java.lang.reflect.Constructor.newInstance(Constructor.java:423)
	at ptolemy.util.test.junit.AutoKnownFailedTests.RunModel(AutoKnownFailedTests.java:107)
	at sun.reflect.NativeMethodAccessorImpl.invoke0(Native Method)
	at sun.reflect.NativeMethodAccessorImpl.invoke(NativeMethodAccessorImpl.java:62)
	at sun.reflect.DelegatingMethodAccessorImpl.invoke(DelegatingMethodAccessorImpl.java:43)
	at java.lang.reflect.Method.invoke(Method.java:498)
	at org.junit.runners.model.FrameworkMethod$1.runReflectiveCall(FrameworkMethod.java:44)
	at org.junit.internal.runners.model.ReflectiveCallable.run(ReflectiveCallable.java:15)
	at org.junit.runners.model.FrameworkMethod.invokeExplosively(FrameworkMethod.java:41)
	at junitparams.internal.InvokeParameterisedMethod.evaluate(InvokeParameterisedMethod.java:102)
	at org.junit.internal.runners.statements.FailOnTimeout$1.run(FailOnTimeout.java:28)
Caused by: ptolemy.kernel.util.IllegalActionException: Test fails in iteration 1.
Value was: 1.0. Should have been: 2.0
  in .DirectFeedback.Test
	at ptolemy.actor.lib.Test.fire(Test.java:268)
	at ptolemy.domains.de.kernel.DEDirector._fire(DEDirector.java:1949)
	at ptolemy.domains.de.kernel.DEDirector.fire(DEDirector.java:502)
	at ptolemy.actor.CompositeActor.fire(CompositeActor.java:455)
	at ptolemy.actor.Manager.iterate(Manager.java:851)
	at ptolemy.actor.Manager.execute(Manager.java:369)
	at ptolemy.actor.Manager.run(Manager.java:1263)
	at ptolemy.actor.Manager$PtolemyRunThread.run(Manager.java:1915)
java.lang.RuntimeException: Execution failed
	at ptolemy.moml.MoMLSimpleApplication$UnloadThread.run(MoMLSimpleApplication.java:402)
Caused by: ptolemy.kernel.util.IllegalActionException: Found a zero delay loop containing .HierarchicalModel.A
  in .HierarchicalModel and .HierarchicalModel.A
	at ptolemy.actor.util.CausalityInterfaceForComposites._computeOutputPortDepth(CausalityInterfaceForComposites.java:759)
	at ptolemy.actor.util.CausalityInterfaceForComposites._computeInputDepth(CausalityInterfaceForComposites.java:696)
	at ptolemy.actor.util.CausalityInterfaceForComposites._computeOutputPortDepth(CausalityInterfaceForComposites.java:765)
	at ptolemy.actor.util.CausalityInterfaceForComposites._computeInputDepth(CausalityInterfaceForComposites.java:696)
	at ptolemy.actor.util.CausalityInterfaceForComposites._computeOutputPortDepth(CausalityInterfaceForComposites.java:765)
	at ptolemy.actor.util.CausalityInterfaceForComposites._computeInputDepth(CausalityInterfaceForComposites.java:696)
	at ptolemy.actor.util.CausalityInterfaceForComposites._computeActorDepth(CausalityInterfaceForComposites.java:532)
	at ptolemy.actor.util.CausalityInterfaceForComposites.checkForCycles(CausalityInterfaceForComposites.java:96)
	at ptolemy.domains.de.kernel.DEDirector.preinitialize(DEDirector.java:1338)
	at ptolemy.actor.CompositeActor.preinitialize(CompositeActor.java:1828)
	at ptolemy.actor.Manager.preinitializeAndResolveTypes(Manager.java:1040)
	at ptolemy.actor.Manager.initialize(Manager.java:710)
	at ptolemy.actor.Manager.execute(Manager.java:356)
	at ptolemy.actor.Manager.run(Manager.java:1263)
	at ptolemy.actor.Manager$PtolemyRunThread.run(Manager.java:1915)
java.lang.reflect.InvocationTargetException
	at sun.reflect.NativeConstructorAccessorImpl.newInstance0(Native Method)
	at sun.reflect.NativeConstructorAccessorImpl.newInstance(NativeConstructorAccessorImpl.java:62)
	at sun.reflect.DelegatingConstructorAccessorImpl.newInstance(DelegatingConstructorAccessorImpl.java:45)
	at java.lang.reflect.Constructor.newInstance(Constructor.java:423)
	at ptolemy.util.test.junit.AutoKnownFailedTests.RunModel(AutoKnownFailedTests.java:107)
	at sun.reflect.NativeMethodAccessorImpl.invoke0(Native Method)
	at sun.reflect.NativeMethodAccessorImpl.invoke(NativeMethodAccessorImpl.java:62)
	at sun.reflect.DelegatingMethodAccessorImpl.invoke(DelegatingMethodAccessorImpl.java:43)
	at java.lang.reflect.Method.invoke(Method.java:498)
	at org.junit.runners.model.FrameworkMethod$1.runReflectiveCall(FrameworkMethod.java:44)
	at org.junit.internal.runners.model.ReflectiveCallable.run(ReflectiveCallable.java:15)
	at org.junit.runners.model.FrameworkMethod.invokeExplosively(FrameworkMethod.java:41)
	at junitparams.internal.InvokeParameterisedMethod.evaluate(InvokeParameterisedMethod.java:102)
	at org.junit.internal.runners.statements.FailOnTimeout$1.run(FailOnTimeout.java:28)
Caused by: ptolemy.kernel.util.IllegalActionException: Found a zero delay loop containing .HierarchicalModel.A
  in .HierarchicalModel and .HierarchicalModel.A
	at ptolemy.actor.util.CausalityInterfaceForComposites._computeOutputPortDepth(CausalityInterfaceForComposites.java:759)
	at ptolemy.actor.util.CausalityInterfaceForComposites._computeInputDepth(CausalityInterfaceForComposites.java:696)
	at ptolemy.actor.util.CausalityInterfaceForComposites._computeOutputPortDepth(CausalityInterfaceForComposites.java:765)
	at ptolemy.actor.util.CausalityInterfaceForComposites._computeInputDepth(CausalityInterfaceForComposites.java:696)
	at ptolemy.actor.util.CausalityInterfaceForComposites._computeOutputPortDepth(CausalityInterfaceForComposites.java:765)
	at ptolemy.actor.util.CausalityInterfaceForComposites._computeInputDepth(CausalityInterfaceForComposites.java:696)
	at ptolemy.actor.util.CausalityInterfaceForComposites._computeActorDepth(CausalityInterfaceForComposites.java:532)
	at ptolemy.actor.util.CausalityInterfaceForComposites.checkForCycles(CausalityInterfaceForComposites.java:96)
	at ptolemy.domains.de.kernel.DEDirector.preinitialize(DEDirector.java:1338)
	at ptolemy.actor.CompositeActor.preinitialize(CompositeActor.java:1828)
	at ptolemy.actor.Manager.preinitializeAndResolveTypes(Manager.java:1040)
	at ptolemy.actor.Manager.initialize(Manager.java:710)
	at ptolemy.actor.Manager.execute(Manager.java:356)
	at ptolemy.actor.Manager.run(Manager.java:1263)
	at ptolemy.actor.Manager$PtolemyRunThread.run(Manager.java:1915)
java.lang.RuntimeException: Execution failed
	at ptolemy.moml.MoMLSimpleApplication$UnloadThread.run(MoMLSimpleApplication.java:402)
Caused by: ptolemy.kernel.util.IllegalActionException: Found a zero delay loop containing .dependencyLoop.original
  in .dependencyLoop and .dependencyLoop.original
	at ptolemy.actor.util.CausalityInterfaceForComposites._computeOutputPortDepth(CausalityInterfaceForComposites.java:759)
	at ptolemy.actor.util.CausalityInterfaceForComposites._computeInputDepth(CausalityInterfaceForComposites.java:696)
	at ptolemy.actor.util.CausalityInterfaceForComposites._computeOutputPortDepth(CausalityInterfaceForComposites.java:765)
	at ptolemy.actor.util.CausalityInterfaceForComposites._computeInputDepth(CausalityInterfaceForComposites.java:696)
	at ptolemy.actor.util.CausalityInterfaceForComposites._computeOutputPortDepth(CausalityInterfaceForComposites.java:765)
	at ptolemy.actor.util.CausalityInterfaceForComposites._computeInputDepth(CausalityInterfaceForComposites.java:696)
	at ptolemy.actor.util.CausalityInterfaceForComposites._computeActorDepth(CausalityInterfaceForComposites.java:532)
	at ptolemy.actor.util.CausalityInterfaceForComposites.checkForCycles(CausalityInterfaceForComposites.java:96)
	at ptolemy.domains.de.kernel.DEDirector.preinitialize(DEDirector.java:1338)
	at ptolemy.actor.CompositeActor.preinitialize(CompositeActor.java:1828)
	at ptolemy.actor.Manager.preinitializeAndResolveTypes(Manager.java:1040)
	at ptolemy.actor.Manager.initialize(Manager.java:710)
	at ptolemy.actor.Manager.execute(Manager.java:356)
	at ptolemy.actor.Manager.run(Manager.java:1263)
	at ptolemy.actor.Manager$PtolemyRunThread.run(Manager.java:1915)
java.lang.reflect.InvocationTargetException
	at sun.reflect.NativeConstructorAccessorImpl.newInstance0(Native Method)
	at sun.reflect.NativeConstructorAccessorImpl.newInstance(NativeConstructorAccessorImpl.java:62)
	at sun.reflect.DelegatingConstructorAccessorImpl.newInstance(DelegatingConstructorAccessorImpl.java:45)
	at java.lang.reflect.Constructor.newInstance(Constructor.java:423)
	at ptolemy.util.test.junit.AutoKnownFailedTests.RunModel(AutoKnownFailedTests.java:107)
	at sun.reflect.NativeMethodAccessorImpl.invoke0(Native Method)
	at sun.reflect.NativeMethodAccessorImpl.invoke(NativeMethodAccessorImpl.java:62)
	at sun.reflect.DelegatingMethodAccessorImpl.invoke(DelegatingMethodAccessorImpl.java:43)
	at java.lang.reflect.Method.invoke(Method.java:498)
	at org.junit.runners.model.FrameworkMethod$1.runReflectiveCall(FrameworkMethod.java:44)
	at org.junit.internal.runners.model.ReflectiveCallable.run(ReflectiveCallable.java:15)
	at org.junit.runners.model.FrameworkMethod.invokeExplosively(FrameworkMethod.java:41)
	at junitparams.internal.InvokeParameterisedMethod.evaluate(InvokeParameterisedMethod.java:102)
	at org.junit.internal.runners.statements.FailOnTimeout$1.run(FailOnTimeout.java:28)
Caused by: ptolemy.kernel.util.IllegalActionException: Found a zero delay loop containing .dependencyLoop.original
  in .dependencyLoop and .dependencyLoop.original
	at ptolemy.actor.util.CausalityInterfaceForComposites._computeOutputPortDepth(CausalityInterfaceForComposites.java:759)
	at ptolemy.actor.util.CausalityInterfaceForComposites._computeInputDepth(CausalityInterfaceForComposites.java:696)
	at ptolemy.actor.util.CausalityInterfaceForComposites._computeOutputPortDepth(CausalityInterfaceForComposites.java:765)
	at ptolemy.actor.util.CausalityInterfaceForComposites._computeInputDepth(CausalityInterfaceForComposites.java:696)
	at ptolemy.actor.util.CausalityInterfaceForComposites._computeOutputPortDepth(CausalityInterfaceForComposites.java:765)
	at ptolemy.actor.util.CausalityInterfaceForComposites._computeInputDepth(CausalityInterfaceForComposites.java:696)
	at ptolemy.actor.util.CausalityInterfaceForComposites._computeActorDepth(CausalityInterfaceForComposites.java:532)
	at ptolemy.actor.util.CausalityInterfaceForComposites.checkForCycles(CausalityInterfaceForComposites.java:96)
	at ptolemy.domains.de.kernel.DEDirector.preinitialize(DEDirector.java:1338)
	at ptolemy.actor.CompositeActor.preinitialize(CompositeActor.java:1828)
	at ptolemy.actor.Manager.preinitializeAndResolveTypes(Manager.java:1040)
	at ptolemy.actor.Manager.initialize(Manager.java:710)
	at ptolemy.actor.Manager.execute(Manager.java:356)
	at ptolemy.actor.Manager.run(Manager.java:1263)
	at ptolemy.actor.Manager$PtolemyRunThread.run(Manager.java:1915)
java.lang.RuntimeException: Execution failed
	at ptolemy.moml.MoMLSimpleApplication$UnloadThread.run(MoMLSimpleApplication.java:402)
Caused by: ptolemy.kernel.util.IllegalActionException: Found a zero delay loop containing .dependencyLoop2.original
  in .dependencyLoop2 and .dependencyLoop2.original
	at ptolemy.actor.util.CausalityInterfaceForComposites._computeOutputPortDepth(CausalityInterfaceForComposites.java:759)
	at ptolemy.actor.util.CausalityInterfaceForComposites._computeInputDepth(CausalityInterfaceForComposites.java:696)
	at ptolemy.actor.util.CausalityInterfaceForComposites._computeOutputPortDepth(CausalityInterfaceForComposites.java:765)
	at ptolemy.actor.util.CausalityInterfaceForComposites._computeInputDepth(CausalityInterfaceForComposites.java:696)
	at ptolemy.actor.util.CausalityInterfaceForComposites._computeOutputPortDepth(CausalityInterfaceForComposites.java:765)
	at ptolemy.actor.util.CausalityInterfaceForComposites._computeInputDepth(CausalityInterfaceForComposites.java:696)
	at ptolemy.actor.util.CausalityInterfaceForComposites._computeActorDepth(CausalityInterfaceForComposites.java:532)
	at ptolemy.actor.util.CausalityInterfaceForComposites.checkForCycles(CausalityInterfaceForComposites.java:96)
	at ptolemy.domains.de.kernel.DEDirector.preinitialize(DEDirector.java:1338)
	at ptolemy.actor.CompositeActor.preinitialize(CompositeActor.java:1828)
	at ptolemy.actor.Manager.preinitializeAndResolveTypes(Manager.java:1040)
	at ptolemy.actor.Manager.initialize(Manager.java:710)
	at ptolemy.actor.Manager.execute(Manager.java:356)
	at ptolemy.actor.Manager.run(Manager.java:1263)
	at ptolemy.actor.Manager$PtolemyRunThread.run(Manager.java:1915)
java.lang.reflect.InvocationTargetException
	at sun.reflect.NativeConstructorAccessorImpl.newInstance0(Native Method)
	at sun.reflect.NativeConstructorAccessorImpl.newInstance(NativeConstructorAccessorImpl.java:62)
	at sun.reflect.DelegatingConstructorAccessorImpl.newInstance(DelegatingConstructorAccessorImpl.java:45)
	at java.lang.reflect.Constructor.newInstance(Constructor.java:423)
	at ptolemy.util.test.junit.AutoKnownFailedTests.RunModel(AutoKnownFailedTests.java:107)
	at sun.reflect.NativeMethodAccessorImpl.invoke0(Native Method)
	at sun.reflect.NativeMethodAccessorImpl.invoke(NativeMethodAccessorImpl.java:62)
	at sun.reflect.DelegatingMethodAccessorImpl.invoke(DelegatingMethodAccessorImpl.java:43)
	at java.lang.reflect.Method.invoke(Method.java:498)
	at org.junit.runners.model.FrameworkMethod$1.runReflectiveCall(FrameworkMethod.java:44)
	at org.junit.internal.runners.model.ReflectiveCallable.run(ReflectiveCallable.java:15)
	at org.junit.runners.model.FrameworkMethod.invokeExplosively(FrameworkMethod.java:41)
	at junitparams.internal.InvokeParameterisedMethod.evaluate(InvokeParameterisedMethod.java:102)
	at org.junit.internal.runners.statements.FailOnTimeout$1.run(FailOnTimeout.java:28)
Caused by: ptolemy.kernel.util.IllegalActionException: Found a zero delay loop containing .dependencyLoop2.original
  in .dependencyLoop2 and .dependencyLoop2.original
	at ptolemy.actor.util.CausalityInterfaceForComposites._computeOutputPortDepth(CausalityInterfaceForComposites.java:759)
	at ptolemy.actor.util.CausalityInterfaceForComposites._computeInputDepth(CausalityInterfaceForComposites.java:696)
	at ptolemy.actor.util.CausalityInterfaceForComposites._computeOutputPortDepth(CausalityInterfaceForComposites.java:765)
	at ptolemy.actor.util.CausalityInterfaceForComposites._computeInputDepth(CausalityInterfaceForComposites.java:696)
	at ptolemy.actor.util.CausalityInterfaceForComposites._computeOutputPortDepth(CausalityInterfaceForComposites.java:765)
	at ptolemy.actor.util.CausalityInterfaceForComposites._computeInputDepth(CausalityInterfaceForComposites.java:696)
	at ptolemy.actor.util.CausalityInterfaceForComposites._computeActorDepth(CausalityInterfaceForComposites.java:532)
	at ptolemy.actor.util.CausalityInterfaceForComposites.checkForCycles(CausalityInterfaceForComposites.java:96)
	at ptolemy.domains.de.kernel.DEDirector.preinitialize(DEDirector.java:1338)
	at ptolemy.actor.CompositeActor.preinitialize(CompositeActor.java:1828)
	at ptolemy.actor.Manager.preinitializeAndResolveTypes(Manager.java:1040)
	at ptolemy.actor.Manager.initialize(Manager.java:710)
	at ptolemy.actor.Manager.execute(Manager.java:356)
	at ptolemy.actor.Manager.run(Manager.java:1263)
	at ptolemy.actor.Manager$PtolemyRunThread.run(Manager.java:1915)
]]></system-err>
</testsuite>
