<?xml version="1.0" encoding="UTF-8" ?>
<testsuite errors="0" failures="0" hostname="travis-job-f0d2f3d4-3da2-4a44-ac12-c6930cfa649c" name="ptolemy.actor.lib.test.junit.JUnitTclTest" skipped="0" tests="517" time="59.729" timestamp="2020-05-15T14:23:47">
  <properties>
    <property name="npm.executable" value="npm" />
    <property name="env.TRAVIS_ROOT" value="/" />
    <property name="ptII.mk.exists" value="true" />
    <property name="env.TRAVIS_APP_HOST" value="build.travis-ci.org" />
    <property name="env.rvm_bin_path" value="/home/travis/.rvm/bin" />
    <property name="java.home" value="/usr/local/lib/jvm/openjdk11" />
    <property name="env.TRAVIS_JOB_NUMBER" value="1632.8" />
    <property name="env.TRAVIS_HOME" value="/home/travis" />
    <property name="env.DISPLAY" value=":99.0" />
    <property name="env.TRAVIS_INIT" value="systemd" />
    <property name="env.SSH_TTY" value="/dev/pts/0" />
    <property name="java.net.preferIPv4Stack" value="true" />
    <property name="env.RUN_TESTS" value="true" />
    <property name="timeout.short" value="1000000" />
    <property name="junit.formatter" value="xml" />
    <property name="env.TRAVIS_SUDO" value="true" />
    <property name="env.TRAVIS_JOB_NAME" value="" />
    <property name="env.TRAVIS_STACK_NODE_ATTRIBUTES" value="/.node-attributes.yml" />
    <property name="env.LOGNAME" value="travis" />
    <property name="env.PT_TRAVIS_TEST_CORE1_XML" value="true" />
    <property name="jsdoc.home" value="node_modules/@terraswarm/jsdoc" />
    <property name="debuglevel" value="source,lines,vars" />
    <property name="checkstyle.formatter" value="xml" />
    <property name="env._system_version" value="16.04" />
    <property name="bin.vergil.makeable" value="true" />
    <property name="sun.os.patch.level" value="unknown" />
    <property name="java.vendor.url" value="http://java.oracle.com/" />
    <property name="env.TRAVIS_BUILD_WEB_URL" value="https://travis-ci.org/icyphy/ptII/builds/687455022" />
    <property name="java.version" value="11.0.2" />
    <property name="env.TZ" value="UTC" />
    <property name="env.TRAVIS_PULL_REQUEST_SHA" value="" />
    <property name="env.PT_NO_NET" value="true" />
    <property name="env.TRAVIS_SECURE_ENV_VARS" value="true" />
    <property name="env._system_type" value="Linux" />
    <property name="java.vendor.url.bug" value="http://bugreport.java.com/bugreport/" />
    <property name="npmjs-org-is-up" value="true" />
    <property name="env.LANGUAGE" value="en_US.UTF-8" />
    <property name="env.SSH_CLIENT" value="10.44.2.89 48708 22" />
    <property name="env.GEM_HOME" value="/home/travis/.rvm/gems/ruby-2.5.3" />
    <property name="env.HAS_ANTARES_THREE_LITTLE_FRONZIES_BADGE" value="true" />
    <property name="java.version.date" value="2019-01-15" />
    <property name="env.PS4" value="+" />
    <property name="ant.project.invoked-targets" value="build,test.core1.xml" />
    <property name="env.TRAVIS_PULL_REQUEST_BRANCH" value="" />
    <property name="env.TRAVIS_REPO_SLUG" value="icyphy/ptII" />
    <property name="env.XDG_DATA_DIRS" value="/usr/local/share:/usr/share:/var/lib/snapd/desktop" />
    <property name="jdk.debug" value="release" />
    <property name="env.TRAVIS_APT_PROXY" value="http://build-cache.travisci.net" />
    <property name="env.TRAVIS_CPU_ARCH" value="amd64" />
    <property name="node.in.path" value="true" />
    <property name="user.name" value="travis" />
    <property name="java.maxmemory" value="1400m" />
    <property name="env.RUBY_VERSION" value="ruby-2.5.3" />
    <property name="env.LANG" value="en_US.UTF-8" />
    <property name="sun.io.unicode.encoding" value="UnicodeLittle" />
    <property name="sun.jnu.encoding" value="UTF-8" />
    <property name="java.runtime.name" value="OpenJDK Runtime Environment" />
    <property name="usefile" value="false" />
    <property name="return.code" value="0" />
    <property name="junit.single.formatter" value="plain" />
    <property name="env.DYLD_LIBRARY_PATH" value="/home/travis/pthla/certi-tools/lib:" />
    <property name="env.DEBIAN_FRONTEND" value="noninteractive" />
    <property name="env.SSH_CONNECTION" value="10.44.2.89 48708 10.20.0.208 22" />
    <property name="env.MYSQL_UNIX_PORT" value="/var/run/mysqld/mysqld.sock" />
    <property name="env.LC_ALL" value="en_US.UTF-8" />
    <property name="env.TRAVIS_ALLOW_FAILURE" value="" />
    <property name="env.TRAVIS_JOB_WEB_URL" value="https://travis-ci.org/icyphy/ptII/jobs/687455057" />
    <property name="java.specification.name" value="Java Platform API Specification" />
    <property name="node.works" value="true" />
    <property name="user.timezone" value="" />
    <property name="path.separator" value=":" />
    <property name="env.TRAVIS_ENABLE_INFRA_DETECTION" value="true" />
    <property name="env.PYTHON_CFLAGS" value="-g -fstack-protector --param=ssp-buffer-size=4 -Wformat -Werror=format-security" />
    <property name="timeout.long" value="4000000" />
    <property name="env.CERTI_HOME" value="/home/travis/pthla/certi-tools" />
    <property name="ant.file.ptII" value="/home/travis/build/icyphy/ptII/build.xml" />
    <property name="javadoc.packagenames" value="com.*,diva.*,lbnl.*,org.hlacerti.*,org.json.*,org.ptolemy.*,org.terraswarm.*,ptolemy.*,ptserver.*" />
    <property name="file.encoding" value="UTF-8" />
    <property name="env.TRAVIS_PULL_REQUEST_SLUG" value="" />
    <property name="ant.project.default-target" value="build" />
    <property name="env.GIT_ASKPASS" value="echo" />
    <property name="env.HOME" value="/home/travis" />
    <property name="sun.java.command" value="org.apache.tools.ant.taskdefs.optional.junit.JUnitTestRunner ptolemy.actor.lib.test.junit.JUnitTclTest skipNonTests=false filtertrace=true haltOnError=false haltOnFailure=false formatter=org.apache.tools.ant.taskdefs.optional.junit.OutErrSummaryJUnitResultFormatter showoutput=true outputtoformatters=true logfailedtests=true threadid=0 logtestlistenerevents=false formatter=org.apache.tools.ant.taskdefs.optional.junit.XMLJUnitResultFormatter,/home/travis/build/icyphy/ptII/reports/junit/TEST-ptolemy.actor.lib.test.junit.JUnitTclTest.xml crashfile=/home/travis/build/icyphy/ptII/junitvmwatcher10823430681296827335.properties propsfile=/home/travis/build/icyphy/ptII/junit15112962135477864992.properties" />
    <property name="env.COMPOSER_NO_INTERACTION" value="1" />
    <property name="env.MANPATH" value="/home/travis/.nvm/versions/node/v7.10.1/share/man:/home/travis/.rvm/rubies/ruby-2.5.3/share/man:/usr/local/cmake-3.12.4/man:/usr/local/clang-7.0.0/share/man:/usr/local/man:/usr/local/share/man:/usr/share/man:/home/travis/.rvm/man" />
    <property name="env.TRAVIS_TIMER_ID" value="03771858" />
    <property name="ant.file" value="/home/travis/build/icyphy/ptII/build.xml" />
    <property name="env.TRAVIS_COMMIT_RANGE" value="3e950cfe0f3c004454147d0a7dfedd7f8d8e77cc...52bfcaaec950ad6b43d11ffdb9cd3f924b0c1f76" />
    <property name="env._system_name" value="Ubuntu" />
    <property name="ptII.classpath.optional.property" value="/home/travis/build/icyphy/ptII/lib/bsh-2.0b4.jar:/home/travis/build/icyphy/ptII/lib/ptCal.jar:/home/travis/build/icyphy/ptII/lib/java_cup.jar:/home/travis/build/icyphy/ptII/lib/saxon8.jar:/home/travis/build/icyphy/ptII/lib/saxon8-dom.jar:/home/travis/build/icyphy/ptII/lib/chic.jar:/home/travis/build/icyphy/ptII/lib/ptcolt.jar:/home/travis/build/icyphy/ptII/vendors/misc/itext/iText.jar:/home/travis/build/icyphy/ptII/lib/g4ltl.jar:/home/travis/build/icyphy/ptII/lib/StructuralCoder.jar:/home/travis/build/icyphy/ptII/lib/jcerti.jar:/home/travis/build/icyphy/ptII/lib/javax.mail.jar:/home/travis/build/icyphy/ptII/vendors/JMF-2.1.1e/lib/jmf.jar:/home/travis/build/icyphy/ptII/lib/jna-4.0.0-variadic.jar:/home/travis/build/icyphy/ptII/vendors/misc/joystick/Joystick.jar:/home/travis/build/icyphy/ptII/lib/ptjacl.jar:/home/travis/build/icyphy/ptII/lib/jsoup-1.8.2.jar:/home/travis/build/icyphy/ptII/lib/junit-4.8.2.jar:/home/travis/build/icyphy/ptII/lib/JUnitParams-0.4.0.jar:/home/travis/build/icyphy/ptII/ptolemy/actor/lib/excel/jxl.jar:/home/travis/build/icyphy/ptII/lib/jython.jar:/home/travis/build/icyphy/ptII/lib/kieler.jar:/home/travis/build/icyphy/ptII/vendors/opencv/share/OpenCV/java/opencv-341.jar:/home/travis/build/icyphy/ptII/lib/oscP5.jar:/home/travis/build/icyphy/ptII/lib/nrjavaserial-3.11.0.devel.jar:/home/travis/build/icyphy/ptII/vendors/j3d/lib/Linux/j3dcore.jar:/home/travis/build/icyphy/ptII/vendors/j3d/lib/Linux/j3dutils.jar:/home/travis/build/icyphy/ptII/vendors/j3d/lib/Linux/vecmath.jar:/home/travis/build/icyphy/ptII/vendors/jogl/lib/Linux/gluegen-rt-natives-linux-amd64.jar:/home/travis/build/icyphy/ptII/vendors/jogl/lib/Linux/gluegen-rt.jar:/home/travis/build/icyphy/ptII/vendors/jogl/lib/Linux/jogl-all-natives-linux-amd64.jar:/home/travis/build/icyphy/ptII/vendors/jogl/lib/Linux/jogl-all.jar:/home/travis/build/icyphy/ptII/ptolemy/distributed/jini/jar/jini-core.jar:/home/travis/build/icyphy/ptII/ptolemy/distributed/jini/jar/jini-ext.jar:/home/travis/build/icyphy/ptII/ptolemy/distributed/jini/jar/sun-util.jar:/home/travis/build/icyphy/ptII/lib/protobuf-java-2.4.1.jar:/home/travis/build/icyphy/ptII/lib/org.eclipse.paho.client.mqttv3.jar:/home/travis/build/icyphy/ptII/lib/mapss.jar:/home/travis/build/icyphy/ptII/ptolemy/actor/ptalon/antlr/antlr.jar:/home/travis/build/icyphy/ptII/lib/JRI.jar:/home/travis/build/icyphy/ptII/lib/commons-lang-2.6.jar:/home/travis/build/icyphy/ptII/lib/commons-logging-1.1.1.jar:/home/travis/build/icyphy/ptII/lib/sootclasses.jar:/home/travis/build/icyphy/ptII/ptolemy/actor/lib/database/mysql-connector-java-5.1.6-bin.jar:/home/travis/build/icyphy/ptII/vendors/misc/sphinx4/sphinx4-data-5prealpha.jar:/home/travis/build/icyphy/ptII/vendors/misc/sphinx4/sphinx4-core-5prealpha.jar:/home/travis/build/icyphy/ptII/lib/PDFRenderer.jar:/home/travis/build/icyphy/ptII/lib/svgSalamander.jar:/home/travis/build/icyphy/ptII/lib/rsyntaxtextarea-2.6.0-SNAPSHOT.jar:/home/travis/build/icyphy/ptII/lib/hazelcast-3.8.2.jar:/home/travis/build/icyphy/ptII/lib/jackson-annotations-2.9.0.jar:/home/travis/build/icyphy/ptII/lib/jackson-core-2.9.3.jar:/home/travis/build/icyphy/ptII/lib/jackson-databind-2.9.3.jar:/home/travis/build/icyphy/ptII/lib/netty-buffer-4.1.19.Final.jar:/home/travis/build/icyphy/ptII/lib/netty-codec-4.1.19.Final.jar:/home/travis/build/icyphy/ptII/lib/netty-codec-dns-4.1.19.Final.jar:/home/travis/build/icyphy/ptII/lib/netty-codec-http-4.1.19.Final.jar:/home/travis/build/icyphy/ptII/lib/netty-codec-http2-4.1.19.Final.jar:/home/travis/build/icyphy/ptII/lib/netty-common-4.1.19.Final.jar:/home/travis/build/icyphy/ptII/lib/netty-handler-4.1.19.Final.jar:/home/travis/build/icyphy/ptII/lib/netty-resolver-4.1.19.Final.jar:/home/travis/build/icyphy/ptII/lib/netty-resolver-dns-4.1.19.Final.jar:/home/travis/build/icyphy/ptII/lib/netty-transport-4.1.19.Final.jar:/home/travis/build/icyphy/ptII/lib/vertx-codegen-3.5.1.jar:/home/travis/build/icyphy/ptII/lib/vertx-core-3.5.2-SNAPSHOT.jar:/home/travis/build/icyphy/ptII/lib/vertx-hazelcast-3.5.1.jar:/home/travis/build/icyphy/ptII/lib/vertx-lang-js-3.5.1.jar:/home/travis/build/icyphy/ptII/lib/vertx-service-proxy-3.5.1.jar:/home/travis/build/icyphy/ptII/lib/vertx-web-3.5.1.jar:/home/travis/build/icyphy/ptII/lib/slf4j-api-1.7.13.jar:/home/travis/build/icyphy/ptII/lib/slf4j-simple-1.7.13.jar:/home/travis/build/icyphy/ptII/lib/webcam-capture-0.3.12.jar:/home/travis/build/icyphy/ptII/lib/bridj-0.7.0.jar:/home/travis/build/icyphy/ptII/lib/xbjlib-1.1.0.nrjavaserial.jar" />
    <property name="timeout" value="2400000" />
    <property name="test.batch" value="**/junit/*.java" />
    <property name="env._" value="/usr/bin/timeout" />
    <property name="java.io.tmpdir" value="/tmp" />
    <property name="user.language" value="en" />
    <property name="env.TRAVIS_INTERNAL_RUBY_REGEX" value="^ruby-(2\.[0-4]\.[0-9]|1\.9\.3)" />
    <property name="env.HISTCONTROL" value="ignoredups:ignorespace" />
    <property name="env.GOROOT" value="/home/travis/.gimme/versions/go1.11.1.linux.amd64" />
    <property name="line.separator" value="&#xa;" />
    <property name="target" value="11" />
    <property name="env.TRAVIS_BUILD_DIR" value="/home/travis/build/icyphy/ptII" />
    <property name="env.ANT_OPTS" value="-Xmx2048m" />
    <property name="ant.file.type" value="file" />
    <property name="ptolemy.ptII.batchMode" value="true" />
    <property name="env.HISTSIZE" value="1000" />
    <property name="env.MERB_ENV" value="test" />
    <property name="java.vm.info" value="mixed mode" />
    <property name="source" value="11" />
    <property name="java.vm.specification.name" value="Java Virtual Machine Specification" />
    <property name="env.TRAVIS_TEST_RESULT" value="0" />
    <property name="jsdoc.command" value="node_modules/@terraswarm/jsdoc/jsdoc.js" />
    <property name="npm.works" value="true" />
    <property name="cobertura.dir" value="/home/travis/build/icyphy/ptII/vendors/cobertura-2.0.3" />
    <property name="jsdoc.command.exists" value="true" />
    <property name="env.rvm_path" value="/home/travis/.rvm" />
    <property name="env.GEM_PATH" value="/home/travis/.rvm/gems/ruby-2.5.3:/home/travis/.rvm/gems/ruby-2.5.3@global" />
    <property name="env.LC_CTYPE" value="en_US.UTF-8" />
    <property name="env.TRAVIS_CMD" value="$PTII/bin/ptIITravisBuild.sh $SECONDS" />
    <property name="java.awt.printerjob" value="sun.print.PSPrinterJob" />
    <property name="env.TRAVIS_STACK_NAME" value="sardonyx" />
    <property name="env.TRAVIS_TIMER_START_TIME" value="1589552055200400048" />
    <property name="ant.version" value="Apache Ant(TM) version 1.10.1 compiled on February 2 2017" />
    <property name="ptII.reports" value="/home/travis/build/icyphy/ptII/reports" />
    <property name="env.TRAVIS_STACK_TIMESTAMP" value="2019-03-25 16:16:56 UTC" />
    <property name="ant.file.type.ptII" value="file" />
    <property name="env.RBENV_SHELL" value="bash" />
    <property name="os.name" value="Linux" />
    <property name="java.specification.vendor" value="Oracle Corporation" />
    <property name="env.rvm_version" value="1.29.7 (latest)" />
    <property name="env.TRAVIS_INFRA" value="unknown" />
    <property name="env.TERM" value="xterm" />
    <property name="java.vm.name" value="OpenJDK 64-Bit Server VM" />
    <property name="env.TRAVIS_BUILD_NUMBER" value="1632" />
    <property name="env.CI" value="true" />
    <property name="java.library.path" value="/home/travis/pthla/certi-tools/lib:/usr/lib/jni:/usr/local/share/OpenCV/java/:/usr/share/OpenCV/java::/usr/java/packages/lib:/usr/lib64:/lib64:/lib:/usr/lib" />
    <property name="jdk.module.path" value="/home/travis/build/icyphy/ptII/vendors/javafx/javafx-sdk-11.0.2/lib:" />
    <property name="env.rvm_prefix" value="/home/travis" />
    <property name="env.PATH" value="/home/travis/pthla/certi-tools/share/scripts:/home/travis/.rvm/gems/ruby-2.5.3/bin:/home/travis/.rvm/gems/ruby-2.5.3@global/bin:/home/travis/.rvm/rubies/ruby-2.5.3/bin:/home/travis/.rvm/bin:/home/travis/.nvm/versions/node/v7.10.1/bin:./node_modules/.bin:/home/travis/build/icyphy/ptII/bin:/home/travis/pthla/certi-tools/bin:/home/travis/bin:/home/travis/.local/bin:/usr/local/lib/jvm/openjdk11/bin:/opt/pyenv/shims:/home/travis/.phpenv/shims:/home/travis/perl5/perlbrew/bin:/home/travis/gopath/bin:/home/travis/.gimme/versions/go1.11.1.linux.amd64/bin:/usr/local/maven-3.6.0/bin:/usr/local/cmake-3.12.4/bin:/usr/local/clang-7.0.0/bin:/usr/local/sbin:/usr/local/bin:/usr/sbin:/usr/bin:/sbin:/bin:/snap/bin:/home/travis/.phpenv/bin:/opt/pyenv/bin:/home/travis/.yarn/bin" />
    <property name="env.TRAVIS_OS_NAME" value="linux" />
    <property name="ant.java.version" value="9" />
    <property name="basedir" value="/home/travis/build/icyphy/ptII" />
    <property name="java.class.version" value="55.0" />
    <property name="env.SHLVL" value="3" />
    <property name="env.LD_LIBRARY_PATH" value="/home/travis/pthla/certi-tools/lib:/usr/lib/jni:/usr/local/share/OpenCV/java/:/usr/share/OpenCV/java:" />
    <property name="env.RACK_ENV" value="test" />
    <property name="ant.home" value="/home/travis/build/icyphy/ptII/ant" />
    <property name="env.NVM_DIR" value="/home/travis/.nvm" />
    <property name="env.CERTI_FOM_PATH" value="/home/travis/pthla/certi-tools/share/federations" />
    <property name="env.TRAVIS_BUILD_ID" value="687455022" />
    <property name="env.PYENV_ROOT" value="/opt/pyenv" />
    <property name="env.TRAVIS_UID" value="2000" />
    <property name="prism.verbose" value="true" />
    <property name="env.NVM_BIN" value="/home/travis/.nvm/versions/node/v7.10.1/bin" />
    <property name="env.TRAVIS_COMMIT" value="52bfcaaec950ad6b43d11ffdb9cd3f924b0c1f76" />
    <property name="env._system_arch" value="x86_64" />
    <property name="node.executable" value="node" />
    <property name="sun.boot.library.path" value="/usr/local/lib/jvm/openjdk11/lib" />
    <property name="sun.management.compiler" value="HotSpot 64-Bit Tiered Compilers" />
    <property name="java.awt.graphicsenv" value="sun.awt.X11GraphicsEnvironment" />
    <property name="env.GOPATH" value="/home/travis/gopath" />
    <property name="ptolemy.ptII.dir" value="/home/travis/build/icyphy/ptII" />
    <property name="env.USER" value="travis" />
    <property name="env.HISTFILESIZE" value="2000" />
    <property name="env.NVM_INC" value="/home/travis/.nvm/versions/node/v7.10.1/include/node" />
    <property name="timeout.longest" value="19000000" />
    <property name="env.PERLBREW_SHELLRC_VERSION" value="0.86" />
    <property name="env.TRAVIS_STACK_FEATURES" value="basic couchdb disabled-ipv6 docker docker-compose elasticsearch firefox go-toolchain google-chrome jdk memcached mongodb mysql nodejs_interpreter perl_interpreter perlbrew phantomjs postgresql python_interpreter redis ruby_interpreter sqlite xserver" />
    <property name="env.TRAVIS_PULL_REQUEST" value="false" />
    <property name="env.PYENV_SHELL" value="bash" />
    <property name="ant.project.name" value="ptII" />
    <property name="env.ANSI_RESET" value="\033[0m" />
    <property name="java.vm.specification.version" value="11" />
    <property name="env.TRAVIS_DIST" value="xenial" />
    <property name="env.CERTI_VERSION" value="4.0.0" />
    <property name="env.CERTI_HOST" value="localhost" />
    <property name="awt.toolkit" value="sun.awt.X11.XToolkit" />
    <property name="env.MY_RUBY_HOME" value="/home/travis/.rvm/rubies/ruby-2.5.3" />
    <property name="sun.cpu.isalist" value="" />
    <property name="env.TRAVIS_TMPDIR" value="/tmp/tmp.5AiwVzT5EJ" />
    <property name="java.vm.compressedOopsMode" value="Zero based" />
    <property name="os.version" value="4.15.0-1028-gcp" />
    <property name="user.home" value="/home/travis" />
    <property name="java.vm.vendor" value="Oracle Corporation" />
    <property name="env.TRAVIS_TAG" value="nightly" />
    <property name="env.ANSI_YELLOW" value="\033[33;1m" />
    <property name="env.TRAVIS_FILTERED" value="redirect_io" />
    <property name="env.ANSI_GREEN" value="\033[32;1m" />
    <property name="env.JAVA_HOME" value="/usr/local/lib/jvm/openjdk11" />
    <property name="javadoc.excludepackagenames" value="adm.cvs2svn.*,build.*,config.*,doc.coding.templates.*,jni.test.jni.meaningOfLife.*,jni.test.jni.testDeux.*,jni.test.jni.testTrois.*,org.terraswarm.accessor.accessors.web.node_modules.*,org.terraswarm.accessor.accessors.web.hosts.cordova.demo.*,org.terraswarm.accessor.accessors.web.hosts.cordova.plugins.*,org.terraswarm.accessor.accessors-svn.*,pt-modules.*,ptolemy.apps.agilent.*,ptolemy.apps.anytimecontrol.*,ptolemy.apps.apes.*,ptolemy.apps.charon.*,ptolemy.apps.crazyboard.*,ptolemy.apps.eclipse.*,ptolemy.apps.etherealSting.*,ptolemy.apps.fullscreen.*,ptolemy.apps.giotto.*,ptolemy.apps.ia.*,ptolemy.apps.interfaces.*,ptolemy.apps.jmf.*,ptolemy.apps.kurt.*,ptolemy.apps.kvm.*,ptolemy.apps.lego.*,ptolemy.apps.lejos.*,ptolemy.apps.midp.*,ptolemy.apps.mobileCoding.*,ptolemy.apps.pendulum.*,ptolemy.apps.rijndael.*,ptolemy.apps.robot.*,ptolemy.apps.security.*,ptolemy.apps.sobel.*,ptolemy.apps.soot.*,ptolemy.apps.throttle.*,ptolemy.apps.tini.*,ptolemy.apps.transmission.*,ptolemy.apps.vergil.*,ptolemy.apps.waba.*,ptolemy.apps.websensor.*,ptolemy.apps.webstart.*,ptolemy.apps.xsl.*,ptolemy.apps.zaurus.*,ptolemy.codegen.c.actor.lib.oldJavaFiles.*,ptolemy.codegen.dsp.lib.*,ptolemy.codegen.kernel.newInterfaces.*,ptolemy.codegen.lib.*,ptolemy.copernicus.kernel.fragment.*,ptolemy.copernicus.shallow.cg.*,ptolemy.domains.giotto.demo.Hierarchy.Hierarchy.*,ptolemy.domains.giotto.demo.Multimode.Multimode.*,ptolemy.domains.giotto.demo.Simple.Simple.*,ptolemy.domains.gr.lib.experimental.*,ptolemy.domains.gro.*,ptolemy.domains.pdf.*,ptolemy.domains.ptinyos.demo.Surge.output.*,ptolemy.moml.test.NoPackageActor.java*,ptolemy.plot.adm.*,ptolemy.plot.servlet.*,reports.*,signed.*,src.*,target.*,vendors.*,ptolemy.copernicus.applet.*,ptolemy.media.viewer.*,ptolemy.actor.corba.*,doc.doclets.*,ptolemy.apps.eclipse.awt.*,ptolemy.backtrack.*,ptolemy.backtrack.ast.*,ptolemy.cg.adapter.generic.program.procedural.c.mbed*,ptolemy.homer.*,ptolemy.actor.lib.jai.*,org.ptolemy.scala.*,diva.util.java2d.svg.*,ptolemy.domains.ptinyos.*,ptolemy.actor.lib.fmi.fmipp.*,,org.terraswarm.accessor.accessors.web.node_modules.*,org.terraswarm.accessor.accessors-svn,ptolemy.apps.*,ptolemy.actor.ptalon.demo.ptinyos.SendAndReceiveCnt.output,ptolemy.actor.ptalon.demo.ptinyos.SenseToLeds.output,ptolemy.domains.ptinyos.demo.CntToLedsAndRfm.output,ptolemy.domains.ptinyos.demo.RfmToLeds.output,ptolemy.domains.ptinyos.demo.SendAndReceiveCnt.output,ptolemy.domains.ptinyos.demo.SenseToLeds.output,ptolemy.actor.lib.jjs.modules.udpSocket.*" />
    <property name="env.PTII" value="/home/travis/build/icyphy/ptII" />
    <property name="env.XDG_SESSION_ID" value="2" />
    <property name="keystore" value="ptKeystore" />
    <property name="env.TRAVIS_COMMIT_MESSAGE" value="Updating models using array data type." />
    <property name="junit.output.dir" value="/home/travis/build/icyphy/ptII/reports/junit" />
    <property name="npm.return.code" value="0" />
    <property name="user.dir" value="/home/travis/build/icyphy/ptII/ptolemy/actor/lib/test" />
    <property name="env.TRAVIS_NODE_VERSION" value="7" />
    <property name="env.TRAVIS_EVENT_TYPE" value="cron" />
    <property name="env.MAIL" value="/var/mail/travis" />
    <property name="env.PERLBREW_ROOT" value="/home/travis/perl5/perlbrew" />
    <property name="env.PWD" value="/home/travis/build/icyphy/ptII" />
    <property name="timeout.npm" value="45000" />
    <property name="env.TRAVIS_ARCH" value="amd64" />
    <property name="sun.cpu.endian" value="little" />
    <property name="env.PAGER" value="cat" />
    <property name="env.TRAVIS_BUILD_STAGE_NAME" value="test" />
    <property name="env.PERLBREW_HOME" value="/home/travis/.perlbrew" />
    <property name="java.vm.version" value="11.0.2+9" />
    <property name="env.RAILS_ENV" value="test" />
    <property name="java.class.path" value="/home/travis/.ptolemyII:/home/travis/.ptolemyII/*:/home/travis/build/icyphy/ptII:/home/travis/build/icyphy/ptII/lib/bsh-2.0b4.jar:/home/travis/build/icyphy/ptII/lib/ptCal.jar:/home/travis/build/icyphy/ptII/lib/java_cup.jar:/home/travis/build/icyphy/ptII/lib/saxon8.jar:/home/travis/build/icyphy/ptII/lib/saxon8-dom.jar:/home/travis/build/icyphy/ptII/lib/chic.jar:/home/travis/build/icyphy/ptII/lib/ptcolt.jar:/home/travis/build/icyphy/ptII/vendors/misc/itext/iText.jar:/home/travis/build/icyphy/ptII/lib/g4ltl.jar:/home/travis/build/icyphy/ptII/lib/StructuralCoder.jar:/home/travis/build/icyphy/ptII/lib/jcerti.jar:/home/travis/build/icyphy/ptII/lib/javax.mail.jar:/home/travis/build/icyphy/ptII/vendors/JMF-2.1.1e/lib/jmf.jar:/home/travis/build/icyphy/ptII/lib/jna-4.0.0-variadic.jar:/home/travis/build/icyphy/ptII/vendors/misc/joystick/Joystick.jar:/home/travis/build/icyphy/ptII/lib/ptjacl.jar:/home/travis/build/icyphy/ptII/lib/jsoup-1.8.2.jar:/home/travis/build/icyphy/ptII/lib/junit-4.8.2.jar:/home/travis/build/icyphy/ptII/lib/JUnitParams-0.4.0.jar:/home/travis/build/icyphy/ptII/ptolemy/actor/lib/excel/jxl.jar:/home/travis/build/icyphy/ptII/lib/jython.jar:/home/travis/build/icyphy/ptII/lib/kieler.jar:/home/travis/build/icyphy/ptII/vendors/opencv/share/OpenCV/java/opencv-341.jar:/home/travis/build/icyphy/ptII/lib/oscP5.jar:/home/travis/build/icyphy/ptII/lib/nrjavaserial-3.11.0.devel.jar:/home/travis/build/icyphy/ptII/vendors/j3d/lib/Linux/j3dcore.jar:/home/travis/build/icyphy/ptII/vendors/j3d/lib/Linux/j3dutils.jar:/home/travis/build/icyphy/ptII/vendors/j3d/lib/Linux/vecmath.jar:/home/travis/build/icyphy/ptII/vendors/jogl/lib/Linux/gluegen-rt-natives-linux-amd64.jar:/home/travis/build/icyphy/ptII/vendors/jogl/lib/Linux/gluegen-rt.jar:/home/travis/build/icyphy/ptII/vendors/jogl/lib/Linux/jogl-all-natives-linux-amd64.jar:/home/travis/build/icyphy/ptII/vendors/jogl/lib/Linux/jogl-all.jar:/home/travis/build/icyphy/ptII/ptolemy/distributed/jini/jar/jini-core.jar:/home/travis/build/icyphy/ptII/ptolemy/distributed/jini/jar/jini-ext.jar:/home/travis/build/icyphy/ptII/ptolemy/distributed/jini/jar/sun-util.jar:/home/travis/build/icyphy/ptII/lib/protobuf-java-2.4.1.jar:/home/travis/build/icyphy/ptII/lib/org.eclipse.paho.client.mqttv3.jar:/home/travis/build/icyphy/ptII/lib/mapss.jar:/home/travis/build/icyphy/ptII/ptolemy/actor/ptalon/antlr/antlr.jar:/home/travis/build/icyphy/ptII/lib/JRI.jar:/home/travis/build/icyphy/ptII/lib/commons-lang-2.6.jar:/home/travis/build/icyphy/ptII/lib/commons-logging-1.1.1.jar:/home/travis/build/icyphy/ptII/lib/sootclasses.jar:/home/travis/build/icyphy/ptII/ptolemy/actor/lib/database/mysql-connector-java-5.1.6-bin.jar:/home/travis/build/icyphy/ptII/vendors/misc/sphinx4/sphinx4-data-5prealpha.jar:/home/travis/build/icyphy/ptII/vendors/misc/sphinx4/sphinx4-core-5prealpha.jar:/home/travis/build/icyphy/ptII/lib/PDFRenderer.jar:/home/travis/build/icyphy/ptII/lib/svgSalamander.jar:/home/travis/build/icyphy/ptII/lib/rsyntaxtextarea-2.6.0-SNAPSHOT.jar:/home/travis/build/icyphy/ptII/lib/hazelcast-3.8.2.jar:/home/travis/build/icyphy/ptII/lib/jackson-annotations-2.9.0.jar:/home/travis/build/icyphy/ptII/lib/jackson-core-2.9.3.jar:/home/travis/build/icyphy/ptII/lib/jackson-databind-2.9.3.jar:/home/travis/build/icyphy/ptII/lib/netty-buffer-4.1.19.Final.jar:/home/travis/build/icyphy/ptII/lib/netty-codec-4.1.19.Final.jar:/home/travis/build/icyphy/ptII/lib/netty-codec-dns-4.1.19.Final.jar:/home/travis/build/icyphy/ptII/lib/netty-codec-http-4.1.19.Final.jar:/home/travis/build/icyphy/ptII/lib/netty-codec-http2-4.1.19.Final.jar:/home/travis/build/icyphy/ptII/lib/netty-common-4.1.19.Final.jar:/home/travis/build/icyphy/ptII/lib/netty-handler-4.1.19.Final.jar:/home/travis/build/icyphy/ptII/lib/netty-resolver-4.1.19.Final.jar:/home/travis/build/icyphy/ptII/lib/netty-resolver-dns-4.1.19.Final.jar:/home/travis/build/icyphy/ptII/lib/netty-transport-4.1.19.Final.jar:/home/travis/build/icyphy/ptII/lib/vertx-codegen-3.5.1.jar:/home/travis/build/icyphy/ptII/lib/vertx-core-3.5.2-SNAPSHOT.jar:/home/travis/build/icyphy/ptII/lib/vertx-hazelcast-3.5.1.jar:/home/travis/build/icyphy/ptII/lib/vertx-lang-js-3.5.1.jar:/home/travis/build/icyphy/ptII/lib/vertx-service-proxy-3.5.1.jar:/home/travis/build/icyphy/ptII/lib/vertx-web-3.5.1.jar:/home/travis/build/icyphy/ptII/lib/slf4j-api-1.7.13.jar:/home/travis/build/icyphy/ptII/lib/slf4j-simple-1.7.13.jar:/home/travis/build/icyphy/ptII/lib/webcam-capture-0.3.12.jar:/home/travis/build/icyphy/ptII/lib/bridj-0.7.0.jar:/home/travis/build/icyphy/ptII/lib/xbjlib-1.1.0.nrjavaserial.jar:/home/travis/build/icyphy/ptII/ptolemy/moml/test:/home/travis/build/icyphy/ptII/ant/lib/ant-launcher.jar:/home/travis/build/icyphy/ptII/ant/lib/ant.jar:/home/travis/build/icyphy/ptII/ant/lib/ant-junit.jar:/home/travis/build/icyphy/ptII/ant/lib/ant-junit4.jar" />
    <property name="ant.library.dir" value="/home/travis/build/icyphy/ptII/ant/lib" />
    <property name="os.arch" value="amd64" />
    <property name="env.CONTINUOUS_INTEGRATION" value="true" />
    <property name="env.TRAVIS_LANGUAGE" value="node_js" />
    <property name="env.TRAVIS_STACK_LANGUAGES" value="__sardonyx__ c c++ clojure cplusplus cpp default generic go groovy java node_js php pure_java python ruby scala" />
    <property name="test.name" value="ptolemy.actor.lib.test.junit.JUnitTclTest" />
    <property name="env.APT_KEY_DONT_WARN_ON_DANGEROUS_USAGE" value="1" />
    <property name="sun.java.launcher" value="SUN_STANDARD" />
    <property name="env.PYTHON_CONFIGURE_OPTS" value="--enable-unicode=ucs4 --with-wide-unicode --enable-shared --enable-ipv6 --enable-loadable-sqlite-extensions --with-computed-gotos" />
    <property name="ant.core.lib" value="/home/travis/build/icyphy/ptII/ant/lib/ant.jar" />
    <property name="java.vm.specification.vendor" value="Oracle Corporation" />
    <property name="env.BCVTB_HOME" value="/home/travis/build/icyphy/ptII/lbnl" />
    <property name="file.separator" value="/" />
    <property name="spotbugs.home" value="/home/travis/build/icyphy/ptII/vendors/spotbugs-3.1.1" />
    <property name="java.runtime.version" value="11.0.2+9" />
    <property name="env.ANSI_CLEAR" value="\033[0K" />
    <property name="javafx.verbose" value="true" />
    <property name="env.HAS_JOSH_K_SEAL_OF_APPROVAL" value="true" />
    <property name="env.XDG_RUNTIME_DIR" value="/run/user/2000" />
    <property name="env.TRAVIS_OSX_IMAGE" value="" />
    <property name="env.TRAVIS_JOB_ID" value="687455057" />
    <property name="env.TRAVIS_BRANCH" value="master" />
    <property name="user.country" value="US" />
    <property name="env.CERTI_HOME_TRAVIS" value="/home/travis/pthla/certi-tools" />
    <property name="env.SHELL" value="/bin/bash" />
    <property name="java.maxmemory.large" value="3200m" />
    <property name="model" value="" />
    <property name="env.CASHER_DIR" value="/home/travis/.casher" />
    <property name="env.NVM_CD_FLAGS" value="" />
    <property name="java.vendor.version" value="18.9" />
    <property name="jshint.executable" value="/home/travis/node_modules/jshint/bin/jshint" />
    <property name="env.JRUBY_OPTS" value=" --client -J-XX:+TieredCompilation -J-XX:TieredStopAtLevel=1 -J-Xss2m -Xcompile.invokedynamic=false" />
    <property name="java.vendor" value="Oracle Corporation" />
    <property name="env.TRAVIS_PRE_CHEF_BOOTSTRAP_TIME" value="2019-03-25T16:16:42" />
    <property name="env.TRAVIS_STACK_JOB_BOARD_REGISTER" value="/.job-board-register.yml" />
    <property name="env.ANSI_RED" value="\033[31;1m" />
    <property name="java.specification.version" value="11" />
    <property name="env.IRBRC" value="/home/travis/.rvm/rubies/ruby-2.5.3/.irbrc" />
    <property name="env.TRAVIS" value="true" />
    <property name="sun.arch.data.model" value="64" />
  </properties>
  <testcase classname="ptolemy.util.test.junit.TclTests" name="[0] /home/travis/build/icyphy/ptII/ptolemy/actor/lib/test/AbsoluteValue.tcl (RunTclFile)" time="0.458" />
  <testcase classname="ptolemy.util.test.junit.TclTests" name="[1] /home/travis/build/icyphy/ptII/ptolemy/actor/lib/test/AddSubtract.tcl (RunTclFile)" time="0.147" />
  <testcase classname="ptolemy.util.test.junit.TclTests" name="[2] /home/travis/build/icyphy/ptII/ptolemy/actor/lib/test/Average.tcl (RunTclFile)" time="0.039" />
  <testcase classname="ptolemy.util.test.junit.TclTests" name="[3] /home/travis/build/icyphy/ptII/ptolemy/actor/lib/test/Bernoulli.tcl (RunTclFile)" time="0.041" />
  <testcase classname="ptolemy.util.test.junit.TclTests" name="[4] /home/travis/build/icyphy/ptII/ptolemy/actor/lib/test/Clock.tcl (RunTclFile)" time="0.1" />
  <testcase classname="ptolemy.util.test.junit.TclTests" name="[5] /home/travis/build/icyphy/ptII/ptolemy/actor/lib/test/Commutator.tcl (RunTclFile)" time="0.173" />
  <testcase classname="ptolemy.util.test.junit.TclTests" name="[6] /home/travis/build/icyphy/ptII/ptolemy/actor/lib/test/Const.tcl (RunTclFile)" time="0.122" />
  <testcase classname="ptolemy.util.test.junit.TclTests" name="[7] /home/travis/build/icyphy/ptII/ptolemy/actor/lib/test/CurrentTime.tcl (RunTclFile)" time="0.018" />
  <testcase classname="ptolemy.util.test.junit.TclTests" name="[8] /home/travis/build/icyphy/ptII/ptolemy/actor/lib/test/DB.tcl (RunTclFile)" time="0.02" />
  <testcase classname="ptolemy.util.test.junit.TclTests" name="[9] /home/travis/build/icyphy/ptII/ptolemy/actor/lib/test/DiscreteRandomSource.tcl (RunTclFile)" time="0.023" />
  <testcase classname="ptolemy.util.test.junit.TclTests" name="[10] /home/travis/build/icyphy/ptII/ptolemy/actor/lib/test/Distributor.tcl (RunTclFile)" time="0.096" />
  <testcase classname="ptolemy.util.test.junit.TclTests" name="[11] /home/travis/build/icyphy/ptII/ptolemy/actor/lib/test/Exit.tcl (RunTclFile)" time="0.104" />
  <testcase classname="ptolemy.util.test.junit.TclTests" name="[12] /home/travis/build/icyphy/ptII/ptolemy/actor/lib/test/Expression.tcl (RunTclFile)" time="0.107" />
  <testcase classname="ptolemy.util.test.junit.TclTests" name="[13] /home/travis/build/icyphy/ptII/ptolemy/actor/lib/test/Gaussian.tcl (RunTclFile)" time="0.378" />
  <testcase classname="ptolemy.util.test.junit.TclTests" name="[14] /home/travis/build/icyphy/ptII/ptolemy/actor/lib/test/IIR.tcl (RunTclFile)" time="0.027" />
  <testcase classname="ptolemy.util.test.junit.TclTests" name="[15] /home/travis/build/icyphy/ptII/ptolemy/actor/lib/test/Interpolator.tcl (RunTclFile)" time="0.088" />
  <testcase classname="ptolemy.util.test.junit.TclTests" name="[16] /home/travis/build/icyphy/ptII/ptolemy/actor/lib/test/MathFunction.tcl (RunTclFile)" time="0.062" />
  <testcase classname="ptolemy.util.test.junit.TclTests" name="[17] /home/travis/build/icyphy/ptII/ptolemy/actor/lib/test/Maximum.tcl (RunTclFile)" time="0.042" />
  <testcase classname="ptolemy.util.test.junit.TclTests" name="[18] /home/travis/build/icyphy/ptII/ptolemy/actor/lib/test/Minimum.tcl (RunTclFile)" time="0.023" />
  <testcase classname="ptolemy.util.test.junit.TclTests" name="[19] /home/travis/build/icyphy/ptII/ptolemy/actor/lib/test/MultiplyDivide.tcl (RunTclFile)" time="0.035" />
  <testcase classname="ptolemy.util.test.junit.TclTests" name="[20] /home/travis/build/icyphy/ptII/ptolemy/actor/lib/test/OrderedMerge.tcl (RunTclFile)" time="0.119" />
  <testcase classname="ptolemy.util.test.junit.TclTests" name="[21] /home/travis/build/icyphy/ptII/ptolemy/actor/lib/test/Publisher.tcl (RunTclFile)" time="0.77" />
  <testcase classname="ptolemy.util.test.junit.TclTests" name="[22] /home/travis/build/icyphy/ptII/ptolemy/actor/lib/test/Pulse.tcl (RunTclFile)" time="0.033" />
  <testcase classname="ptolemy.util.test.junit.TclTests" name="[23] /home/travis/build/icyphy/ptII/ptolemy/actor/lib/test/Ramp.tcl (RunTclFile)" time="1.963" />
  <testcase classname="ptolemy.util.test.junit.TclTests" name="[24] /home/travis/build/icyphy/ptII/ptolemy/actor/lib/test/RampContinuous.tcl (RunTclFile)" time="0.015" />
  <testcase classname="ptolemy.util.test.junit.TclTests" name="[25] /home/travis/build/icyphy/ptII/ptolemy/actor/lib/test/RecordAssembler.tcl (RunTclFile)" time="0.012" />
  <testcase classname="ptolemy.util.test.junit.TclTests" name="[26] /home/travis/build/icyphy/ptII/ptolemy/actor/lib/test/RecordDisassembler.tcl (RunTclFile)" time="0.016" />
  <testcase classname="ptolemy.util.test.junit.TclTests" name="[27] /home/travis/build/icyphy/ptII/ptolemy/actor/lib/test/Scale.tcl (RunTclFile)" time="0.014" />
  <testcase classname="ptolemy.util.test.junit.TclTests" name="[28] /home/travis/build/icyphy/ptII/ptolemy/actor/lib/test/SequentialClock.tcl (RunTclFile)" time="0.011" />
  <testcase classname="ptolemy.util.test.junit.TclTests" name="[29] /home/travis/build/icyphy/ptII/ptolemy/actor/lib/test/SetVariable.tcl (RunTclFile)" time="0.007" />
  <testcase classname="ptolemy.util.test.junit.TclTests" name="[30] /home/travis/build/icyphy/ptII/ptolemy/actor/lib/test/Sinewave.tcl (RunTclFile)" time="0.025" />
  <testcase classname="ptolemy.util.test.junit.TclTests" name="[31] /home/travis/build/icyphy/ptII/ptolemy/actor/lib/test/SubscriptionAggregator.tcl (RunTclFile)" time="1.977" />
  <testcase classname="ptolemy.util.test.junit.TclTests" name="[32] /home/travis/build/icyphy/ptII/ptolemy/actor/lib/test/Test.tcl (RunTclFile)" time="0.071" />
  <testcase classname="ptolemy.util.test.junit.TclTests" name="[33] /home/travis/build/icyphy/ptII/ptolemy/actor/lib/test/TestExceptionHandler.tcl (RunTclFile)" time="0.013" />
  <testcase classname="ptolemy.util.test.junit.TclTests" name="[34] /home/travis/build/icyphy/ptII/ptolemy/actor/lib/test/UnionDisassembler.tcl (RunTclFile)" time="0.059" />
  <testcase classname="ptolemy.util.test.junit.TclTests" name="[35] /home/travis/build/icyphy/ptII/ptolemy/actor/lib/test/VariableClock.tcl (RunTclFile)" time="0.079" />
  <testcase classname="ptolemy.util.test.junit.AutoKnownFailedTests" name="[0] /home/travis/build/icyphy/ptII/ptolemy/actor/lib/test/auto/knownFailedTests/PublisherPortToplevelSubscriber.xml (RunModel)" time="0.02" />
  <testcase classname="ptolemy.util.test.junit.AutoKnownFailedTests" name="[1] /home/travis/build/icyphy/ptII/ptolemy/actor/lib/test/auto/knownFailedTests/PublisherSubscriberPortToplevel.xml (RunModel)" time="0.012" />
  <testcase classname="ptolemy.util.test.junit.AutoKnownFailedTests" name="[2] /home/travis/build/icyphy/ptII/ptolemy/actor/lib/test/auto/knownFailedTests/PublisherSubscriptionAggregatorPort.xml (RunModel)" time="0.014" />
  <testcase classname="ptolemy.util.test.junit.AutoKnownFailedTests" name="[3] /home/travis/build/icyphy/ptII/ptolemy/actor/lib/test/auto/knownFailedTests/sizedarray3.xml (RunModel)" time="0.019" />
  <testcase classname="ptolemy.util.test.junit.AutoNameArchTests" name="[0] ThereAreNoAutoArchTests (RunModel)" time="0.001" />
  <testcase classname="ptolemy.util.test.junit.AutoTests" name="[0] /home/travis/build/icyphy/ptII/ptolemy/actor/lib/test/auto/AbsoluteValue.xml (RunModel)" time="0.074" />
  <testcase classname="ptolemy.util.test.junit.AutoTests" name="[1] /home/travis/build/icyphy/ptII/ptolemy/actor/lib/test/auto/AbsoluteValue2.xml (RunModel)" time="0.062" />
  <testcase classname="ptolemy.util.test.junit.AutoTests" name="[2] /home/travis/build/icyphy/ptII/ptolemy/actor/lib/test/auto/Accumulator.xml (RunModel)" time="0.034" />
  <testcase classname="ptolemy.util.test.junit.AutoTests" name="[3] /home/travis/build/icyphy/ptII/ptolemy/actor/lib/test/auto/Accumulator2.xml (RunModel)" time="0.014" />
  <testcase classname="ptolemy.util.test.junit.AutoTests" name="[4] /home/travis/build/icyphy/ptII/ptolemy/actor/lib/test/auto/Accumulator3.xml (RunModel)" time="0.012" />
  <testcase classname="ptolemy.util.test.junit.AutoTests" name="[5] /home/travis/build/icyphy/ptII/ptolemy/actor/lib/test/auto/ArrayAppend.xml (RunModel)" time="0.057" />
  <testcase classname="ptolemy.util.test.junit.AutoTests" name="[6] /home/travis/build/icyphy/ptII/ptolemy/actor/lib/test/auto/ArrayAppend2.xml (RunModel)" time="0.315" />
  <testcase classname="ptolemy.util.test.junit.AutoTests" name="[7] /home/travis/build/icyphy/ptII/ptolemy/actor/lib/test/auto/ArrayAppend3.xml (RunModel)" time="0.045" />
  <testcase classname="ptolemy.util.test.junit.AutoTests" name="[8] /home/travis/build/icyphy/ptII/ptolemy/actor/lib/test/auto/ArrayAppend4.xml (RunModel)" time="0.027" />
  <testcase classname="ptolemy.util.test.junit.AutoTests" name="[9] /home/travis/build/icyphy/ptII/ptolemy/actor/lib/test/auto/ArrayAppend5.xml (RunModel)" time="0.021" />
  <testcase classname="ptolemy.util.test.junit.AutoTests" name="[10] /home/travis/build/icyphy/ptII/ptolemy/actor/lib/test/auto/ArrayAppend6.xml (RunModel)" time="0.019" />
  <testcase classname="ptolemy.util.test.junit.AutoTests" name="[11] /home/travis/build/icyphy/ptII/ptolemy/actor/lib/test/auto/ArrayAppendPerformanceTest.xml (RunModel)" time="0.11" />
  <testcase classname="ptolemy.util.test.junit.AutoTests" name="[12] /home/travis/build/icyphy/ptII/ptolemy/actor/lib/test/auto/ArrayAppendWithEmptyInput.xml (RunModel)" time="0.053" />
  <testcase classname="ptolemy.util.test.junit.AutoTests" name="[13] /home/travis/build/icyphy/ptII/ptolemy/actor/lib/test/auto/ArrayAverage.xml (RunModel)" time="0.051" />
  <testcase classname="ptolemy.util.test.junit.AutoTests" name="[14] /home/travis/build/icyphy/ptII/ptolemy/actor/lib/test/auto/ArrayContains.xml (RunModel)" time="0.024" />
  <testcase classname="ptolemy.util.test.junit.AutoTests" name="[15] /home/travis/build/icyphy/ptII/ptolemy/actor/lib/test/auto/ArrayElement.xml (RunModel)" time="0.023" />
  <testcase classname="ptolemy.util.test.junit.AutoTests" name="[16] /home/travis/build/icyphy/ptII/ptolemy/actor/lib/test/auto/ArrayElementAsMatrix.xml (RunModel)" time="0.047" />
  <testcase classname="ptolemy.util.test.junit.AutoTests" name="[17] /home/travis/build/icyphy/ptII/ptolemy/actor/lib/test/auto/ArrayElementI.xml (RunModel)" time="0.022" />
  <testcase classname="ptolemy.util.test.junit.AutoTests" name="[18] /home/travis/build/icyphy/ptII/ptolemy/actor/lib/test/auto/ArrayExtract.xml (RunModel)" time="0.032" />
  <testcase classname="ptolemy.util.test.junit.AutoTests" name="[19] /home/travis/build/icyphy/ptII/ptolemy/actor/lib/test/auto/ArrayExtract2.xml (RunModel)" time="0.017" />
  <testcase classname="ptolemy.util.test.junit.AutoTests" name="[20] /home/travis/build/icyphy/ptII/ptolemy/actor/lib/test/auto/ArrayLength.xml (RunModel)" time="0.019" />
  <testcase classname="ptolemy.util.test.junit.AutoTests" name="[21] /home/travis/build/icyphy/ptII/ptolemy/actor/lib/test/auto/ArrayLevelCrossing.xml (RunModel)" time="0.027" />
  <testcase classname="ptolemy.util.test.junit.AutoTests" name="[22] /home/travis/build/icyphy/ptII/ptolemy/actor/lib/test/auto/ArrayLevelCrossing2.xml (RunModel)" time="0.026" />
  <testcase classname="ptolemy.util.test.junit.AutoTests" name="[23] /home/travis/build/icyphy/ptII/ptolemy/actor/lib/test/auto/ArrayPeakSearch.xml (RunModel)" time="0.032" />
  <testcase classname="ptolemy.util.test.junit.AutoTests" name="[24] /home/travis/build/icyphy/ptII/ptolemy/actor/lib/test/auto/ArrayPeakSearch2.xml (RunModel)" time="0.036" />
  <testcase classname="ptolemy.util.test.junit.AutoTests" name="[25] /home/travis/build/icyphy/ptII/ptolemy/actor/lib/test/auto/ArrayPeakSearch3.xml (RunModel)" time="0.033" />
  <testcase classname="ptolemy.util.test.junit.AutoTests" name="[26] /home/travis/build/icyphy/ptII/ptolemy/actor/lib/test/auto/ArrayRemoveElement.xml (RunModel)" time="0.03" />
  <testcase classname="ptolemy.util.test.junit.AutoTests" name="[27] /home/travis/build/icyphy/ptII/ptolemy/actor/lib/test/auto/ArraySort.xml (RunModel)" time="0.037" />
  <testcase classname="ptolemy.util.test.junit.AutoTests" name="[28] /home/travis/build/icyphy/ptII/ptolemy/actor/lib/test/auto/ArraySum.xml (RunModel)" time="0.017" />
  <testcase classname="ptolemy.util.test.junit.AutoTests" name="[29] /home/travis/build/icyphy/ptII/ptolemy/actor/lib/test/auto/ArrayToElements.xml (RunModel)" time="0.017" />
  <testcase classname="ptolemy.util.test.junit.AutoTests" name="[30] /home/travis/build/icyphy/ptII/ptolemy/actor/lib/test/auto/ArrayToMatrix.xml (RunModel)" time="0.047" />
  <testcase classname="ptolemy.util.test.junit.AutoTests" name="[31] /home/travis/build/icyphy/ptII/ptolemy/actor/lib/test/auto/ArrayUpdate1.xml (RunModel)" time="0.023" />
  <testcase classname="ptolemy.util.test.junit.AutoTests" name="[32] /home/travis/build/icyphy/ptII/ptolemy/actor/lib/test/auto/ArrayUpdate2.xml (RunModel)" time="0.021" />
  <testcase classname="ptolemy.util.test.junit.AutoTests" name="[33] /home/travis/build/icyphy/ptII/ptolemy/actor/lib/test/auto/ArrayUpdate3.xml (RunModel)" time="0.015" />
  <testcase classname="ptolemy.util.test.junit.AutoTests" name="[34] /home/travis/build/icyphy/ptII/ptolemy/actor/lib/test/auto/Assert1.xml (RunModel)" time="0.027" />
  <testcase classname="ptolemy.util.test.junit.AutoTests" name="[35] /home/travis/build/icyphy/ptII/ptolemy/actor/lib/test/auto/Assert2.xml (RunModel)" time="0.017" />
  <testcase classname="ptolemy.util.test.junit.AutoTests" name="[36] /home/travis/build/icyphy/ptII/ptolemy/actor/lib/test/auto/BooleanMultiplexor.xml (RunModel)" time="0.012" />
  <testcase classname="ptolemy.util.test.junit.AutoTests" name="[37] /home/travis/build/icyphy/ptII/ptolemy/actor/lib/test/auto/BooleanMultiplexor2.xml (RunModel)" time="0.021" />
  <testcase classname="ptolemy.util.test.junit.AutoTests" name="[38] /home/travis/build/icyphy/ptII/ptolemy/actor/lib/test/auto/BooleanMultiplexor3.xml (RunModel)" time="0.017" />
  <testcase classname="ptolemy.util.test.junit.AutoTests" name="[39] /home/travis/build/icyphy/ptII/ptolemy/actor/lib/test/auto/BooleanSelect.xml (RunModel)" time="0.023" />
  <testcase classname="ptolemy.util.test.junit.AutoTests" name="[40] /home/travis/build/icyphy/ptII/ptolemy/actor/lib/test/auto/BooleanSelect2.xml (RunModel)" time="0.012" />
  <testcase classname="ptolemy.util.test.junit.AutoTests" name="[41] /home/travis/build/icyphy/ptII/ptolemy/actor/lib/test/auto/BooleanSwitch.xml (RunModel)" time="0.018" />
  <testcase classname="ptolemy.util.test.junit.AutoTests" name="[42] /home/travis/build/icyphy/ptII/ptolemy/actor/lib/test/auto/BooleanSwitch2.xml (RunModel)" time="0.014" />
  <testcase classname="ptolemy.util.test.junit.AutoTests" name="[43] /home/travis/build/icyphy/ptII/ptolemy/actor/lib/test/auto/BooleanSwitchCloningBugWithClassRelationGroup.xml (RunModel)" time="0.031" />
  <testcase classname="ptolemy.util.test.junit.AutoTests" name="[44] /home/travis/build/icyphy/ptII/ptolemy/actor/lib/test/auto/BusActors.xml (RunModel)" time="0.047" />
  <testcase classname="ptolemy.util.test.junit.AutoTests" name="[45] /home/travis/build/icyphy/ptII/ptolemy/actor/lib/test/auto/ClassWrapper.xml (RunModel)" time="0.019" />
  <testcase classname="ptolemy.util.test.junit.AutoTests" name="[46] /home/travis/build/icyphy/ptII/ptolemy/actor/lib/test/auto/Clock.xml (RunModel)" time="0.008" />
  <testcase classname="ptolemy.util.test.junit.AutoTests" name="[47] /home/travis/build/icyphy/ptII/ptolemy/actor/lib/test/auto/Clock10.xml (RunModel)" time="0.014" />
  <testcase classname="ptolemy.util.test.junit.AutoTests" name="[48] /home/travis/build/icyphy/ptII/ptolemy/actor/lib/test/auto/Clock11.xml (RunModel)" time="0.015" />
  <testcase classname="ptolemy.util.test.junit.AutoTests" name="[49] /home/travis/build/icyphy/ptII/ptolemy/actor/lib/test/auto/Clock12.xml (RunModel)" time="0.017" />
  <testcase classname="ptolemy.util.test.junit.AutoTests" name="[50] /home/travis/build/icyphy/ptII/ptolemy/actor/lib/test/auto/Clock13.xml (RunModel)" time="0.014" />
  <testcase classname="ptolemy.util.test.junit.AutoTests" name="[51] /home/travis/build/icyphy/ptII/ptolemy/actor/lib/test/auto/Clock14.xml (RunModel)" time="0.019" />
  <testcase classname="ptolemy.util.test.junit.AutoTests" name="[52] /home/travis/build/icyphy/ptII/ptolemy/actor/lib/test/auto/Clock15.xml (RunModel)" time="0.011" />
  <testcase classname="ptolemy.util.test.junit.AutoTests" name="[53] /home/travis/build/icyphy/ptII/ptolemy/actor/lib/test/auto/Clock16.xml (RunModel)" time="0.08" />
  <testcase classname="ptolemy.util.test.junit.AutoTests" name="[54] /home/travis/build/icyphy/ptII/ptolemy/actor/lib/test/auto/Clock17.xml (RunModel)" time="0.062" />
  <testcase classname="ptolemy.util.test.junit.AutoTests" name="[55] /home/travis/build/icyphy/ptII/ptolemy/actor/lib/test/auto/Clock18.xml (RunModel)" time="0.058" />
  <testcase classname="ptolemy.util.test.junit.AutoTests" name="[56] /home/travis/build/icyphy/ptII/ptolemy/actor/lib/test/auto/Clock19.xml (RunModel)" time="0.035" />
  <testcase classname="ptolemy.util.test.junit.AutoTests" name="[57] /home/travis/build/icyphy/ptII/ptolemy/actor/lib/test/auto/Clock2.xml (RunModel)" time="0.012" />
  <testcase classname="ptolemy.util.test.junit.AutoTests" name="[58] /home/travis/build/icyphy/ptII/ptolemy/actor/lib/test/auto/Clock20.xml (RunModel)" time="0.018" />
  <testcase classname="ptolemy.util.test.junit.AutoTests" name="[59] /home/travis/build/icyphy/ptII/ptolemy/actor/lib/test/auto/Clock21.xml (RunModel)" time="0.014" />
  <testcase classname="ptolemy.util.test.junit.AutoTests" name="[60] /home/travis/build/icyphy/ptII/ptolemy/actor/lib/test/auto/Clock22.xml (RunModel)" time="0.018" />
  <testcase classname="ptolemy.util.test.junit.AutoTests" name="[61] /home/travis/build/icyphy/ptII/ptolemy/actor/lib/test/auto/Clock23.xml (RunModel)" time="0.019" />
  <testcase classname="ptolemy.util.test.junit.AutoTests" name="[62] /home/travis/build/icyphy/ptII/ptolemy/actor/lib/test/auto/Clock24.xml (RunModel)" time="0.012" />
  <testcase classname="ptolemy.util.test.junit.AutoTests" name="[63] /home/travis/build/icyphy/ptII/ptolemy/actor/lib/test/auto/Clock4.xml (RunModel)" time="0.009" />
  <testcase classname="ptolemy.util.test.junit.AutoTests" name="[64] /home/travis/build/icyphy/ptII/ptolemy/actor/lib/test/auto/Clock5.xml (RunModel)" time="0.013" />
  <testcase classname="ptolemy.util.test.junit.AutoTests" name="[65] /home/travis/build/icyphy/ptII/ptolemy/actor/lib/test/auto/Clock6.xml (RunModel)" time="0.006" />
  <testcase classname="ptolemy.util.test.junit.AutoTests" name="[66] /home/travis/build/icyphy/ptII/ptolemy/actor/lib/test/auto/Clock7.xml (RunModel)" time="0.006" />
  <testcase classname="ptolemy.util.test.junit.AutoTests" name="[67] /home/travis/build/icyphy/ptII/ptolemy/actor/lib/test/auto/Clock8.xml (RunModel)" time="0.011" />
  <testcase classname="ptolemy.util.test.junit.AutoTests" name="[68] /home/travis/build/icyphy/ptII/ptolemy/actor/lib/test/auto/Clock9.xml (RunModel)" time="0.012" />
  <testcase classname="ptolemy.util.test.junit.AutoTests" name="[69] /home/travis/build/icyphy/ptII/ptolemy/actor/lib/test/auto/CommDistDiscard.xml (RunModel)" time="0.019" />
  <testcase classname="ptolemy.util.test.junit.AutoTests" name="[70] /home/travis/build/icyphy/ptII/ptolemy/actor/lib/test/auto/Commutator.xml (RunModel)" time="0.015" />
  <testcase classname="ptolemy.util.test.junit.AutoTests" name="[71] /home/travis/build/icyphy/ptII/ptolemy/actor/lib/test/auto/Commutator2.xml (RunModel)" time="0.009" />
  <testcase classname="ptolemy.util.test.junit.AutoTests" name="[72] /home/travis/build/icyphy/ptII/ptolemy/actor/lib/test/auto/Commutator3.xml (RunModel)" time="0.01" />
  <testcase classname="ptolemy.util.test.junit.AutoTests" name="[73] /home/travis/build/icyphy/ptII/ptolemy/actor/lib/test/auto/Compare.xml (RunModel)" time="0.017" />
  <testcase classname="ptolemy.util.test.junit.AutoTests" name="[74] /home/travis/build/icyphy/ptII/ptolemy/actor/lib/test/auto/CompareDE.xml (RunModel)" time="0.015" />
  <testcase classname="ptolemy.util.test.junit.AutoTests" name="[75] /home/travis/build/icyphy/ptII/ptolemy/actor/lib/test/auto/ComplexDivide.xml (RunModel)" time="0.007" />
  <testcase classname="ptolemy.util.test.junit.AutoTests" name="[76] /home/travis/build/icyphy/ptII/ptolemy/actor/lib/test/auto/ComputeHistogram.xml (RunModel)" time="0.055" />
  <testcase classname="ptolemy.util.test.junit.AutoTests" name="[77] /home/travis/build/icyphy/ptII/ptolemy/actor/lib/test/auto/ConfigurationSelect.xml (RunModel)" time="0.016" />
  <testcase classname="ptolemy.util.test.junit.AutoTests" name="[78] /home/travis/build/icyphy/ptII/ptolemy/actor/lib/test/auto/ConfigurationSelect2.xml (RunModel)" time="0.014" />
  <testcase classname="ptolemy.util.test.junit.AutoTests" name="[79] /home/travis/build/icyphy/ptII/ptolemy/actor/lib/test/auto/ConfigurationSwitch.xml (RunModel)" time="0.022" />
  <testcase classname="ptolemy.util.test.junit.AutoTests" name="[80] /home/travis/build/icyphy/ptII/ptolemy/actor/lib/test/auto/ConfigurationSwitch2.xml (RunModel)" time="0.017" />
  <testcase classname="ptolemy.util.test.junit.AutoTests" name="[81] /home/travis/build/icyphy/ptII/ptolemy/actor/lib/test/auto/ConfigurationSwitchCloningBugWithClassRelationGroup.xml (RunModel)" time="0.014" />
  <testcase classname="ptolemy.util.test.junit.AutoTests" name="[82] /home/travis/build/icyphy/ptII/ptolemy/actor/lib/test/auto/ConfigurationSwitchSelectSDF.xml (RunModel)" time="0.011" />
  <testcase classname="ptolemy.util.test.junit.AutoTests" name="[83] /home/travis/build/icyphy/ptII/ptolemy/actor/lib/test/auto/ConfigurationSwitchSelectSDF2.xml (RunModel)" time="0.01" />
  <testcase classname="ptolemy.util.test.junit.AutoTests" name="[84] /home/travis/build/icyphy/ptII/ptolemy/actor/lib/test/auto/Const.xml (RunModel)" time="0.005" />
  <testcase classname="ptolemy.util.test.junit.AutoTests" name="[85] /home/travis/build/icyphy/ptII/ptolemy/actor/lib/test/auto/Const2.xml (RunModel)" time="0.007" />
  <testcase classname="ptolemy.util.test.junit.AutoTests" name="[86] /home/travis/build/icyphy/ptII/ptolemy/actor/lib/test/auto/Const3.xml (RunModel)" time="0.004" />
  <testcase classname="ptolemy.util.test.junit.AutoTests" name="[87] /home/travis/build/icyphy/ptII/ptolemy/actor/lib/test/auto/ConstantPublisherPort1.xml (RunModel)" time="0.015" />
  <testcase classname="ptolemy.util.test.junit.AutoTests" name="[88] /home/travis/build/icyphy/ptII/ptolemy/actor/lib/test/auto/ConstantPublisherPort2.xml (RunModel)" time="0.013" />
  <testcase classname="ptolemy.util.test.junit.AutoTests" name="[89] /home/travis/build/icyphy/ptII/ptolemy/actor/lib/test/auto/ConstantPublisherPort3.xml (RunModel)" time="0.013" />
  <testcase classname="ptolemy.util.test.junit.AutoTests" name="[90] /home/travis/build/icyphy/ptII/ptolemy/actor/lib/test/auto/ConstantPublisherPort4.xml (RunModel)" time="0.011" />
  <testcase classname="ptolemy.util.test.junit.AutoTests" name="[91] /home/travis/build/icyphy/ptII/ptolemy/actor/lib/test/auto/ConstantPublisherPort5.xml (RunModel)" time="0.04" />
  <testcase classname="ptolemy.util.test.junit.AutoTests" name="[92] /home/travis/build/icyphy/ptII/ptolemy/actor/lib/test/auto/ConstantPublisherPort6.xml (RunModel)" time="0.028" />
  <testcase classname="ptolemy.util.test.junit.AutoTests" name="[93] /home/travis/build/icyphy/ptII/ptolemy/actor/lib/test/auto/ConstantPublisherPort7.xml (RunModel)" time="0.028" />
  <testcase classname="ptolemy.util.test.junit.AutoTests" name="[94] /home/travis/build/icyphy/ptII/ptolemy/actor/lib/test/auto/ConstraintMonitor1.xml (RunModel)" time="0.032" />
  <testcase classname="ptolemy.util.test.junit.AutoTests" name="[95] /home/travis/build/icyphy/ptII/ptolemy/actor/lib/test/auto/ConstraintMonitor2.xml (RunModel)" time="0.013" />
  <testcase classname="ptolemy.util.test.junit.AutoTests" name="[96] /home/travis/build/icyphy/ptII/ptolemy/actor/lib/test/auto/ConstraintMonitor3.xml (RunModel)" time="0.014" />
  <testcase classname="ptolemy.util.test.junit.AutoTests" name="[97] /home/travis/build/icyphy/ptII/ptolemy/actor/lib/test/auto/ConstraintMonitor4.xml (RunModel)" time="0.012" />
  <testcase classname="ptolemy.util.test.junit.AutoTests" name="[98] /home/travis/build/icyphy/ptII/ptolemy/actor/lib/test/auto/ConstraintMonitor5.xml (RunModel)" time="0.011" />
  <testcase classname="ptolemy.util.test.junit.AutoTests" name="[99] /home/travis/build/icyphy/ptII/ptolemy/actor/lib/test/auto/ConstraintMonitor6.xml (RunModel)" time="0.01" />
  <testcase classname="ptolemy.util.test.junit.AutoTests" name="[100] /home/travis/build/icyphy/ptII/ptolemy/actor/lib/test/auto/ConstraintMonitor7.xml (RunModel)" time="0.014" />
  <testcase classname="ptolemy.util.test.junit.AutoTests" name="[101] /home/travis/build/icyphy/ptII/ptolemy/actor/lib/test/auto/ConstraintMonitor8.xml (RunModel)" time="0.017" />
  <testcase classname="ptolemy.util.test.junit.AutoTests" name="[102] /home/travis/build/icyphy/ptII/ptolemy/actor/lib/test/auto/Counter.xml (RunModel)" time="0.013" />
  <testcase classname="ptolemy.util.test.junit.AutoTests" name="[103] /home/travis/build/icyphy/ptII/ptolemy/actor/lib/test/auto/CurrentTimeSDF.xml (RunModel)" time="0.008" />
  <testcase classname="ptolemy.util.test.junit.AutoTests" name="[104] /home/travis/build/icyphy/ptII/ptolemy/actor/lib/test/auto/DB.xml (RunModel)" time="0.011" />
  <testcase classname="ptolemy.util.test.junit.AutoTests" name="[105] /home/travis/build/icyphy/ptII/ptolemy/actor/lib/test/auto/DBDE.xml (RunModel)" time="0.01" />
  <testcase classname="ptolemy.util.test.junit.AutoTests" name="[106] /home/travis/build/icyphy/ptII/ptolemy/actor/lib/test/auto/DateConstructor.xml (RunModel)" time="0.06" />
  <testcase classname="ptolemy.util.test.junit.AutoTests" name="[107] /home/travis/build/icyphy/ptII/ptolemy/actor/lib/test/auto/DelayTime.xml (RunModel)" time="0.011" />
  <testcase classname="ptolemy.util.test.junit.AutoTests" name="[108] /home/travis/build/icyphy/ptII/ptolemy/actor/lib/test/auto/Dictionary1.xml (RunModel)" time="0.014" />
  <testcase classname="ptolemy.util.test.junit.AutoTests" name="[109] /home/travis/build/icyphy/ptII/ptolemy/actor/lib/test/auto/Dictionary2.xml (RunModel)" time="0.012" />
  <testcase classname="ptolemy.util.test.junit.AutoTests" name="[110] /home/travis/build/icyphy/ptII/ptolemy/actor/lib/test/auto/Dictionary3.xml (RunModel)" time="0.011" />
  <testcase classname="ptolemy.util.test.junit.AutoTests" name="[111] /home/travis/build/icyphy/ptII/ptolemy/actor/lib/test/auto/Dictionary4.xml (RunModel)" time="0.016" />
  <testcase classname="ptolemy.util.test.junit.AutoTests" name="[112] /home/travis/build/icyphy/ptII/ptolemy/actor/lib/test/auto/Differential.xml (RunModel)" time="0.009" />
  <testcase classname="ptolemy.util.test.junit.AutoTests" name="[113] /home/travis/build/icyphy/ptII/ptolemy/actor/lib/test/auto/Director.xml (RunModel)" time="0.01" />
  <testcase classname="ptolemy.util.test.junit.AutoTests" name="[114] /home/travis/build/icyphy/ptII/ptolemy/actor/lib/test/auto/DiscreteClock.xml (RunModel)" time="0.008" />
  <testcase classname="ptolemy.util.test.junit.AutoTests" name="[115] /home/travis/build/icyphy/ptII/ptolemy/actor/lib/test/auto/DiscreteClock10.xml (RunModel)" time="0.012" />
  <testcase classname="ptolemy.util.test.junit.AutoTests" name="[116] /home/travis/build/icyphy/ptII/ptolemy/actor/lib/test/auto/DiscreteClock11.xml (RunModel)" time="0.01" />
  <testcase classname="ptolemy.util.test.junit.AutoTests" name="[117] /home/travis/build/icyphy/ptII/ptolemy/actor/lib/test/auto/DiscreteClock12.xml (RunModel)" time="0.011" />
  <testcase classname="ptolemy.util.test.junit.AutoTests" name="[118] /home/travis/build/icyphy/ptII/ptolemy/actor/lib/test/auto/DiscreteClock13.xml (RunModel)" time="0.012" />
  <testcase classname="ptolemy.util.test.junit.AutoTests" name="[119] /home/travis/build/icyphy/ptII/ptolemy/actor/lib/test/auto/DiscreteClock14.xml (RunModel)" time="0.013" />
  <testcase classname="ptolemy.util.test.junit.AutoTests" name="[120] /home/travis/build/icyphy/ptII/ptolemy/actor/lib/test/auto/DiscreteClock15.xml (RunModel)" time="0.018" />
  <testcase classname="ptolemy.util.test.junit.AutoTests" name="[121] /home/travis/build/icyphy/ptII/ptolemy/actor/lib/test/auto/DiscreteClock16.xml (RunModel)" time="0.036" />
  <testcase classname="ptolemy.util.test.junit.AutoTests" name="[122] /home/travis/build/icyphy/ptII/ptolemy/actor/lib/test/auto/DiscreteClock17.xml (RunModel)" time="0.034" />
  <testcase classname="ptolemy.util.test.junit.AutoTests" name="[123] /home/travis/build/icyphy/ptII/ptolemy/actor/lib/test/auto/DiscreteClock18.xml (RunModel)" time="0.037" />
  <testcase classname="ptolemy.util.test.junit.AutoTests" name="[124] /home/travis/build/icyphy/ptII/ptolemy/actor/lib/test/auto/DiscreteClock19.xml (RunModel)" time="0.046" />
  <testcase classname="ptolemy.util.test.junit.AutoTests" name="[125] /home/travis/build/icyphy/ptII/ptolemy/actor/lib/test/auto/DiscreteClock2.xml (RunModel)" time="0.016" />
  <testcase classname="ptolemy.util.test.junit.AutoTests" name="[126] /home/travis/build/icyphy/ptII/ptolemy/actor/lib/test/auto/DiscreteClock20.xml (RunModel)" time="0.016" />
  <testcase classname="ptolemy.util.test.junit.AutoTests" name="[127] /home/travis/build/icyphy/ptII/ptolemy/actor/lib/test/auto/DiscreteClock21.xml (RunModel)" time="0.016" />
  <testcase classname="ptolemy.util.test.junit.AutoTests" name="[128] /home/travis/build/icyphy/ptII/ptolemy/actor/lib/test/auto/DiscreteClock22.xml (RunModel)" time="0.013" />
  <testcase classname="ptolemy.util.test.junit.AutoTests" name="[129] /home/travis/build/icyphy/ptII/ptolemy/actor/lib/test/auto/DiscreteClock23.xml (RunModel)" time="0.014" />
  <testcase classname="ptolemy.util.test.junit.AutoTests" name="[130] /home/travis/build/icyphy/ptII/ptolemy/actor/lib/test/auto/DiscreteClock24.xml (RunModel)" time="0.011" />
  <testcase classname="ptolemy.util.test.junit.AutoTests" name="[131] /home/travis/build/icyphy/ptII/ptolemy/actor/lib/test/auto/DiscreteClock4.xml (RunModel)" time="0.01" />
  <testcase classname="ptolemy.util.test.junit.AutoTests" name="[132] /home/travis/build/icyphy/ptII/ptolemy/actor/lib/test/auto/DiscreteClock5.xml (RunModel)" time="0.008" />
  <testcase classname="ptolemy.util.test.junit.AutoTests" name="[133] /home/travis/build/icyphy/ptII/ptolemy/actor/lib/test/auto/DiscreteClock6.xml (RunModel)" time="0.009" />
  <testcase classname="ptolemy.util.test.junit.AutoTests" name="[134] /home/travis/build/icyphy/ptII/ptolemy/actor/lib/test/auto/DiscreteClock7.xml (RunModel)" time="0.009" />
  <testcase classname="ptolemy.util.test.junit.AutoTests" name="[135] /home/travis/build/icyphy/ptII/ptolemy/actor/lib/test/auto/DiscreteClock8.xml (RunModel)" time="0.021" />
  <testcase classname="ptolemy.util.test.junit.AutoTests" name="[136] /home/travis/build/icyphy/ptII/ptolemy/actor/lib/test/auto/DiscreteClock9.xml (RunModel)" time="0.011" />
  <testcase classname="ptolemy.util.test.junit.AutoTests" name="[137] /home/travis/build/icyphy/ptII/ptolemy/actor/lib/test/auto/DisplayArray.xml (RunModel)" time="0.007" />
  <testcase classname="ptolemy.util.test.junit.AutoTests" name="[138] /home/travis/build/icyphy/ptII/ptolemy/actor/lib/test/auto/Distributor.xml (RunModel)" time="0.011" />
  <testcase classname="ptolemy.util.test.junit.AutoTests" name="[139] /home/travis/build/icyphy/ptII/ptolemy/actor/lib/test/auto/Distributor2.xml (RunModel)" time="0.009" />
  <testcase classname="ptolemy.util.test.junit.AutoTests" name="[140] /home/travis/build/icyphy/ptII/ptolemy/actor/lib/test/auto/DownSample.xml (RunModel)" time="0.007" />
  <testcase classname="ptolemy.util.test.junit.AutoTests" name="[141] /home/travis/build/icyphy/ptII/ptolemy/actor/lib/test/auto/ElectronicUnitBase1.xml (RunModel)" time="0.055" />
  <testcase classname="ptolemy.util.test.junit.AutoTests" name="[142] /home/travis/build/icyphy/ptII/ptolemy/actor/lib/test/auto/ElementsToArray.xml (RunModel)" time="0.011" />
  <testcase classname="ptolemy.util.test.junit.AutoTests" name="[143] /home/travis/build/icyphy/ptII/ptolemy/actor/lib/test/auto/Equals.xml (RunModel)" time="0.013" />
  <testcase classname="ptolemy.util.test.junit.AutoTests" name="[144] /home/travis/build/icyphy/ptII/ptolemy/actor/lib/test/auto/Exec.xml (RunModel)" time="0.025" />
  <testcase classname="ptolemy.util.test.junit.AutoTests" name="[145] /home/travis/build/icyphy/ptII/ptolemy/actor/lib/test/auto/ExecEnvironment.xml (RunModel)" time="0.026" />
  <testcase classname="ptolemy.util.test.junit.AutoTests" name="[146] /home/travis/build/icyphy/ptII/ptolemy/actor/lib/test/auto/ExecNonZeroReturnOutput.xml (RunModel)" time="0.164" />
  <testcase classname="ptolemy.util.test.junit.AutoTests" name="[147] /home/travis/build/icyphy/ptII/ptolemy/actor/lib/test/auto/ExecRunDemos.xml (RunModel)" time="10.404" />
  <testcase classname="ptolemy.util.test.junit.AutoTests" name="[148] /home/travis/build/icyphy/ptII/ptolemy/actor/lib/test/auto/ExecStop.xml (RunModel)" time="5.031" />
  <testcase classname="ptolemy.util.test.junit.AutoTests" name="[149] /home/travis/build/icyphy/ptII/ptolemy/actor/lib/test/auto/ExecutionTimeSDF.xml (RunModel)" time="6.048" />
  <testcase classname="ptolemy.util.test.junit.AutoTests" name="[150] /home/travis/build/icyphy/ptII/ptolemy/actor/lib/test/auto/Expression1.xml (RunModel)" time="0.017" />
  <testcase classname="ptolemy.util.test.junit.AutoTests" name="[151] /home/travis/build/icyphy/ptII/ptolemy/actor/lib/test/auto/Expression10.xml (RunModel)" time="0.019" />
  <testcase classname="ptolemy.util.test.junit.AutoTests" name="[152] /home/travis/build/icyphy/ptII/ptolemy/actor/lib/test/auto/Expression11.xml (RunModel)" time="0.011" />
  <testcase classname="ptolemy.util.test.junit.AutoTests" name="[153] /home/travis/build/icyphy/ptII/ptolemy/actor/lib/test/auto/Expression12.xml (RunModel)" time="0.013" />
  <testcase classname="ptolemy.util.test.junit.AutoTests" name="[154] /home/travis/build/icyphy/ptII/ptolemy/actor/lib/test/auto/Expression13.xml (RunModel)" time="0.011" />
  <testcase classname="ptolemy.util.test.junit.AutoTests" name="[155] /home/travis/build/icyphy/ptII/ptolemy/actor/lib/test/auto/Expression14.xml (RunModel)" time="0.017" />
  <testcase classname="ptolemy.util.test.junit.AutoTests" name="[156] /home/travis/build/icyphy/ptII/ptolemy/actor/lib/test/auto/Expression15.xml (RunModel)" time="0.007" />
  <testcase classname="ptolemy.util.test.junit.AutoTests" name="[157] /home/travis/build/icyphy/ptII/ptolemy/actor/lib/test/auto/Expression16.xml (RunModel)" time="0.012" />
  <testcase classname="ptolemy.util.test.junit.AutoTests" name="[158] /home/travis/build/icyphy/ptII/ptolemy/actor/lib/test/auto/Expression17.xml (RunModel)" time="0.016" />
  <testcase classname="ptolemy.util.test.junit.AutoTests" name="[159] /home/travis/build/icyphy/ptII/ptolemy/actor/lib/test/auto/Expression18.xml (RunModel)" time="0.013" />
  <testcase classname="ptolemy.util.test.junit.AutoTests" name="[160] /home/travis/build/icyphy/ptII/ptolemy/actor/lib/test/auto/Expression2.xml (RunModel)" time="0.012" />
  <testcase classname="ptolemy.util.test.junit.AutoTests" name="[161] /home/travis/build/icyphy/ptII/ptolemy/actor/lib/test/auto/Expression3.xml (RunModel)" time="0.013" />
  <testcase classname="ptolemy.util.test.junit.AutoTests" name="[162] /home/travis/build/icyphy/ptII/ptolemy/actor/lib/test/auto/Expression4.xml (RunModel)" time="0.023" />
  <testcase classname="ptolemy.util.test.junit.AutoTests" name="[163] /home/travis/build/icyphy/ptII/ptolemy/actor/lib/test/auto/Expression5.xml (RunModel)" time="0.013" />
  <testcase classname="ptolemy.util.test.junit.AutoTests" name="[164] /home/travis/build/icyphy/ptII/ptolemy/actor/lib/test/auto/Expression6.xml (RunModel)" time="0.009" />
  <testcase classname="ptolemy.util.test.junit.AutoTests" name="[165] /home/travis/build/icyphy/ptII/ptolemy/actor/lib/test/auto/Expression7.xml (RunModel)" time="0.013" />
  <testcase classname="ptolemy.util.test.junit.AutoTests" name="[166] /home/travis/build/icyphy/ptII/ptolemy/actor/lib/test/auto/Expression8.xml (RunModel)" time="0.013" />
  <testcase classname="ptolemy.util.test.junit.AutoTests" name="[167] /home/travis/build/icyphy/ptII/ptolemy/actor/lib/test/auto/Expression9.xml (RunModel)" time="0.008" />
  <testcase classname="ptolemy.util.test.junit.AutoTests" name="[168] /home/travis/build/icyphy/ptII/ptolemy/actor/lib/test/auto/ExpressionConcatenateArrayType.xml (RunModel)" time="0.038" />
  <testcase classname="ptolemy.util.test.junit.AutoTests" name="[169] /home/travis/build/icyphy/ptII/ptolemy/actor/lib/test/auto/ExpressionConcatenateArrayType2.xml (RunModel)" time="0.022" />
  <testcase classname="ptolemy.util.test.junit.AutoTests" name="[170] /home/travis/build/icyphy/ptII/ptolemy/actor/lib/test/auto/ExpressionFix.xml (RunModel)" time="0.05" />
  <testcase classname="ptolemy.util.test.junit.AutoTests" name="[171] /home/travis/build/icyphy/ptII/ptolemy/actor/lib/test/auto/ExpressionFix2.xml (RunModel)" time="0.011" />
  <testcase classname="ptolemy.util.test.junit.AutoTests" name="[172] /home/travis/build/icyphy/ptII/ptolemy/actor/lib/test/auto/ExpressionFix3.xml (RunModel)" time="0.013" />
  <testcase classname="ptolemy.util.test.junit.AutoTests" name="[173] /home/travis/build/icyphy/ptII/ptolemy/actor/lib/test/auto/FileWriter1.xml (RunModel)" time="0.01" />
  <testcase classname="ptolemy.util.test.junit.AutoTests" name="[174] /home/travis/build/icyphy/ptII/ptolemy/actor/lib/test/auto/FileWriter2.xml (RunModel)" time="0.014" />
  <testcase classname="ptolemy.util.test.junit.AutoTests" name="[175] /home/travis/build/icyphy/ptII/ptolemy/actor/lib/test/auto/FileWriter3.xml (RunModel)" time="0.01" />
  <testcase classname="ptolemy.util.test.junit.AutoTests" name="[176] /home/travis/build/icyphy/ptII/ptolemy/actor/lib/test/auto/Gaussian.xml (RunModel)" time="0.013" />
  <testcase classname="ptolemy.util.test.junit.AutoTests" name="[177] /home/travis/build/icyphy/ptII/ptolemy/actor/lib/test/auto/Gaussian1.xml (RunModel)" time="0.02" />
  <testcase classname="ptolemy.util.test.junit.AutoTests" name="[178] /home/travis/build/icyphy/ptII/ptolemy/actor/lib/test/auto/Gaussian2.xml (RunModel)" time="0.017" />
  <testcase classname="ptolemy.util.test.junit.AutoTests" name="[179] /home/travis/build/icyphy/ptII/ptolemy/actor/lib/test/auto/GradientAdaptiveLattice.xml (RunModel)" time="0.015" />
  <testcase classname="ptolemy.util.test.junit.AutoTests" name="[180] /home/travis/build/icyphy/ptII/ptolemy/actor/lib/test/auto/IIR.xml (RunModel)" time="0.011" />
  <testcase classname="ptolemy.util.test.junit.AutoTests" name="[181] /home/travis/build/icyphy/ptII/ptolemy/actor/lib/test/auto/InputOutputTransparentPorts.xml (RunModel)" time="0.02" />
  <testcase classname="ptolemy.util.test.junit.AutoTests" name="[182] /home/travis/build/icyphy/ptII/ptolemy/actor/lib/test/auto/Interpolator.xml (RunModel)" time="0.017" />
  <testcase classname="ptolemy.util.test.junit.AutoTests" name="[183] /home/travis/build/icyphy/ptII/ptolemy/actor/lib/test/auto/InterpolatorFiringLimitDE.xml (RunModel)" time="0.013" />
  <testcase classname="ptolemy.util.test.junit.AutoTests" name="[184] /home/travis/build/icyphy/ptII/ptolemy/actor/lib/test/auto/Lattice.xml (RunModel)" time="0.007" />
  <testcase classname="ptolemy.util.test.junit.AutoTests" name="[185] /home/travis/build/icyphy/ptII/ptolemy/actor/lib/test/auto/LazyAOCTestLazy.xml (RunModel)" time="0.017" />
  <testcase classname="ptolemy.util.test.junit.AutoTests" name="[186] /home/travis/build/icyphy/ptII/ptolemy/actor/lib/test/auto/LazyAOCTestNonLazy.xml (RunModel)" time="0.037" />
  <testcase classname="ptolemy.util.test.junit.AutoTests" name="[187] /home/travis/build/icyphy/ptII/ptolemy/actor/lib/test/auto/LazyInnerClass.xml (RunModel)" time="0.055" />
  <testcase classname="ptolemy.util.test.junit.AutoTests" name="[188] /home/travis/build/icyphy/ptII/ptolemy/actor/lib/test/auto/LazyPubSub.xml (RunModel)" time="0.057" />
  <testcase classname="ptolemy.util.test.junit.AutoTests" name="[189] /home/travis/build/icyphy/ptII/ptolemy/actor/lib/test/auto/LazyPubSub2.xml (RunModel)" time="0.039" />
  <testcase classname="ptolemy.util.test.junit.AutoTests" name="[190] /home/travis/build/icyphy/ptII/ptolemy/actor/lib/test/auto/LazyPubSub3.xml (RunModel)" time="0.021" />
  <testcase classname="ptolemy.util.test.junit.AutoTests" name="[191] /home/travis/build/icyphy/ptII/ptolemy/actor/lib/test/auto/LazySubClassModel.xml (RunModel)" time="0.017" />
  <testcase classname="ptolemy.util.test.junit.AutoTests" name="[192] /home/travis/build/icyphy/ptII/ptolemy/actor/lib/test/auto/LevelCrossTest1.xml (RunModel)" time="0.009" />
  <testcase classname="ptolemy.util.test.junit.AutoTests" name="[193] /home/travis/build/icyphy/ptII/ptolemy/actor/lib/test/auto/LevelCrossTest10.xml (RunModel)" time="0.012" />
  <testcase classname="ptolemy.util.test.junit.AutoTests" name="[194] /home/travis/build/icyphy/ptII/ptolemy/actor/lib/test/auto/LevelCrossTest11.xml (RunModel)" time="0.013" />
  <testcase classname="ptolemy.util.test.junit.AutoTests" name="[195] /home/travis/build/icyphy/ptII/ptolemy/actor/lib/test/auto/LevelCrossTest12.xml (RunModel)" time="0.018" />
  <testcase classname="ptolemy.util.test.junit.AutoTests" name="[196] /home/travis/build/icyphy/ptII/ptolemy/actor/lib/test/auto/LevelCrossTest13.xml (RunModel)" time="0.014" />
  <testcase classname="ptolemy.util.test.junit.AutoTests" name="[197] /home/travis/build/icyphy/ptII/ptolemy/actor/lib/test/auto/LevelCrossTest2.xml (RunModel)" time="0.01" />
  <testcase classname="ptolemy.util.test.junit.AutoTests" name="[198] /home/travis/build/icyphy/ptII/ptolemy/actor/lib/test/auto/LevelCrossTest3.xml (RunModel)" time="0.01" />
  <testcase classname="ptolemy.util.test.junit.AutoTests" name="[199] /home/travis/build/icyphy/ptII/ptolemy/actor/lib/test/auto/LevelCrossTest4.xml (RunModel)" time="0.011" />
  <testcase classname="ptolemy.util.test.junit.AutoTests" name="[200] /home/travis/build/icyphy/ptII/ptolemy/actor/lib/test/auto/LevelCrossTest5.xml (RunModel)" time="0.014" />
  <testcase classname="ptolemy.util.test.junit.AutoTests" name="[201] /home/travis/build/icyphy/ptII/ptolemy/actor/lib/test/auto/LevelCrossTest6.xml (RunModel)" time="0.011" />
  <testcase classname="ptolemy.util.test.junit.AutoTests" name="[202] /home/travis/build/icyphy/ptII/ptolemy/actor/lib/test/auto/LevelCrossTest7.xml (RunModel)" time="0.019" />
  <testcase classname="ptolemy.util.test.junit.AutoTests" name="[203] /home/travis/build/icyphy/ptII/ptolemy/actor/lib/test/auto/LevelCrossTest8.xml (RunModel)" time="0.02" />
  <testcase classname="ptolemy.util.test.junit.AutoTests" name="[204] /home/travis/build/icyphy/ptII/ptolemy/actor/lib/test/auto/LevelCrossTest9.xml (RunModel)" time="0.014" />
  <testcase classname="ptolemy.util.test.junit.AutoTests" name="[205] /home/travis/build/icyphy/ptII/ptolemy/actor/lib/test/auto/LevinsonDurbin.xml (RunModel)" time="0.008" />
  <testcase classname="ptolemy.util.test.junit.AutoTests" name="[206] /home/travis/build/icyphy/ptII/ptolemy/actor/lib/test/auto/LevinsonDurbin2.xml (RunModel)" time="0.008" />
  <testcase classname="ptolemy.util.test.junit.AutoTests" name="[207] /home/travis/build/icyphy/ptII/ptolemy/actor/lib/test/auto/LevinsonDurbin3.xml (RunModel)" time="0.01" />
  <testcase classname="ptolemy.util.test.junit.AutoTests" name="[208] /home/travis/build/icyphy/ptII/ptolemy/actor/lib/test/auto/Limiter.xml (RunModel)" time="0.033" />
  <testcase classname="ptolemy.util.test.junit.AutoTests" name="[209] /home/travis/build/icyphy/ptII/ptolemy/actor/lib/test/auto/LinearDifferenceEquationSystem.xml (RunModel)" time="0.027" />
  <testcase classname="ptolemy.util.test.junit.AutoTests" name="[210] /home/travis/build/icyphy/ptII/ptolemy/actor/lib/test/auto/LookupTable.xml (RunModel)" time="0.014" />
  <testcase classname="ptolemy.util.test.junit.AutoTests" name="[211] /home/travis/build/icyphy/ptII/ptolemy/actor/lib/test/auto/MathFunction.xml (RunModel)" time="0.024" />
  <testcase classname="ptolemy.util.test.junit.AutoTests" name="[212] /home/travis/build/icyphy/ptII/ptolemy/actor/lib/test/auto/MathFunction2.xml (RunModel)" time="0.014" />
  <testcase classname="ptolemy.util.test.junit.AutoTests" name="[213] /home/travis/build/icyphy/ptII/ptolemy/actor/lib/test/auto/MathFunction3.xml (RunModel)" time="0.015" />
  <testcase classname="ptolemy.util.test.junit.AutoTests" name="[214] /home/travis/build/icyphy/ptII/ptolemy/actor/lib/test/auto/MatrixCropBoolean.xml (RunModel)" time="0.013" />
  <testcase classname="ptolemy.util.test.junit.AutoTests" name="[215] /home/travis/build/icyphy/ptII/ptolemy/actor/lib/test/auto/MatrixCropComplex.xml (RunModel)" time="0.012" />
  <testcase classname="ptolemy.util.test.junit.AutoTests" name="[216] /home/travis/build/icyphy/ptII/ptolemy/actor/lib/test/auto/MatrixCropDouble.xml (RunModel)" time="0.009" />
  <testcase classname="ptolemy.util.test.junit.AutoTests" name="[217] /home/travis/build/icyphy/ptII/ptolemy/actor/lib/test/auto/MatrixCropFix.xml (RunModel)" time="0.012" />
  <testcase classname="ptolemy.util.test.junit.AutoTests" name="[218] /home/travis/build/icyphy/ptII/ptolemy/actor/lib/test/auto/MatrixCropInt.xml (RunModel)" time="0.008" />
  <testcase classname="ptolemy.util.test.junit.AutoTests" name="[219] /home/travis/build/icyphy/ptII/ptolemy/actor/lib/test/auto/MatrixCropLong.xml (RunModel)" time="0.008" />
  <testcase classname="ptolemy.util.test.junit.AutoTests" name="[220] /home/travis/build/icyphy/ptII/ptolemy/actor/lib/test/auto/MatrixToArray.xml (RunModel)" time="0.048" />
  <testcase classname="ptolemy.util.test.junit.AutoTests" name="[221] /home/travis/build/icyphy/ptII/ptolemy/actor/lib/test/auto/MaxIndex.xml (RunModel)" time="0.011" />
  <testcase classname="ptolemy.util.test.junit.AutoTests" name="[222] /home/travis/build/icyphy/ptII/ptolemy/actor/lib/test/auto/Maximum.xml (RunModel)" time="0.013" />
  <testcase classname="ptolemy.util.test.junit.AutoTests" name="[223] /home/travis/build/icyphy/ptII/ptolemy/actor/lib/test/auto/MaximumComplex.xml (RunModel)" time="0.013" />
  <testcase classname="ptolemy.util.test.junit.AutoTests" name="[224] /home/travis/build/icyphy/ptII/ptolemy/actor/lib/test/auto/MethodCallTest.xml (RunModel)" time="0.02" />
  <testcase classname="ptolemy.util.test.junit.AutoTests" name="[225] /home/travis/build/icyphy/ptII/ptolemy/actor/lib/test/auto/Minimum.xml (RunModel)" time="0.014" />
  <testcase classname="ptolemy.util.test.junit.AutoTests" name="[226] /home/travis/build/icyphy/ptII/ptolemy/actor/lib/test/auto/MinimumComplex.xml (RunModel)" time="0.025" />
  <testcase classname="ptolemy.util.test.junit.AutoTests" name="[227] /home/travis/build/icyphy/ptII/ptolemy/actor/lib/test/auto/MinimumMultiports.xml (RunModel)" time="0.016" />
  <testcase classname="ptolemy.util.test.junit.AutoTests" name="[228] /home/travis/build/icyphy/ptII/ptolemy/actor/lib/test/auto/ModifyDate.xml (RunModel)" time="0.037" />
  <testcase classname="ptolemy.util.test.junit.AutoTests" name="[229] /home/travis/build/icyphy/ptII/ptolemy/actor/lib/test/auto/ModifyDate2.xml (RunModel)" time="0.024" />
  <testcase classname="ptolemy.util.test.junit.AutoTests" name="[230] /home/travis/build/icyphy/ptII/ptolemy/actor/lib/test/auto/MovingAverage.xml (RunModel)" time="0.01" />
  <testcase classname="ptolemy.util.test.junit.AutoTests" name="[231] /home/travis/build/icyphy/ptII/ptolemy/actor/lib/test/auto/MovingMaximum.xml (RunModel)" time="0.01" />
  <testcase classname="ptolemy.util.test.junit.AutoTests" name="[232] /home/travis/build/icyphy/ptII/ptolemy/actor/lib/test/auto/MultipleLinksToSameRelation.xml (RunModel)" time="0.007" />
  <testcase classname="ptolemy.util.test.junit.AutoTests" name="[233] /home/travis/build/icyphy/ptII/ptolemy/actor/lib/test/auto/MultipleLinksToSameRelationDE.xml (RunModel)" time="0.008" />
  <testcase classname="ptolemy.util.test.junit.AutoTests" name="[234] /home/travis/build/icyphy/ptII/ptolemy/actor/lib/test/auto/Multiplexor.xml (RunModel)" time="0.011" />
  <testcase classname="ptolemy.util.test.junit.AutoTests" name="[235] /home/travis/build/icyphy/ptII/ptolemy/actor/lib/test/auto/Multiplexor1.xml (RunModel)" time="0.012" />
  <testcase classname="ptolemy.util.test.junit.AutoTests" name="[236] /home/travis/build/icyphy/ptII/ptolemy/actor/lib/test/auto/Multiplexor2.xml (RunModel)" time="0.015" />
  <testcase classname="ptolemy.util.test.junit.AutoTests" name="[237] /home/travis/build/icyphy/ptII/ptolemy/actor/lib/test/auto/Multiplexor3.xml (RunModel)" time="0.012" />
  <testcase classname="ptolemy.util.test.junit.AutoTests" name="[238] /home/travis/build/icyphy/ptII/ptolemy/actor/lib/test/auto/MultiplexorDE.xml (RunModel)" time="0.018" />
  <testcase classname="ptolemy.util.test.junit.AutoTests" name="[239] /home/travis/build/icyphy/ptII/ptolemy/actor/lib/test/auto/MultiportBroadcastTest.xml (RunModel)" time="0.112" />
  <testcase classname="ptolemy.util.test.junit.AutoTests" name="[240] /home/travis/build/icyphy/ptII/ptolemy/actor/lib/test/auto/MultiportOutHangDuringGetWidth.xml (RunModel)" time="0.03" />
  <testcase classname="ptolemy.util.test.junit.AutoTests" name="[241] /home/travis/build/icyphy/ptII/ptolemy/actor/lib/test/auto/NilToken.xml (RunModel)" time="0.01" />
  <testcase classname="ptolemy.util.test.junit.AutoTests" name="[242] /home/travis/build/icyphy/ptII/ptolemy/actor/lib/test/auto/NilTokenNonStrictTest.xml (RunModel)" time="0.01" />
  <testcase classname="ptolemy.util.test.junit.AutoTests" name="[243] /home/travis/build/icyphy/ptII/ptolemy/actor/lib/test/auto/NilTokenRecord.xml (RunModel)" time="0.028" />
  <testcase classname="ptolemy.util.test.junit.AutoTests" name="[244] /home/travis/build/icyphy/ptII/ptolemy/actor/lib/test/auto/NilTokenTypeTest.xml (RunModel)" time="0.026" />
  <testcase classname="ptolemy.util.test.junit.AutoTests" name="[245] /home/travis/build/icyphy/ptII/ptolemy/actor/lib/test/auto/ObjectToken1.xml (RunModel)" time="0.007" />
  <testcase classname="ptolemy.util.test.junit.AutoTests" name="[246] /home/travis/build/icyphy/ptII/ptolemy/actor/lib/test/auto/OrderedMerge.xml (RunModel)" time="0.018" />
  <testcase classname="ptolemy.util.test.junit.AutoTests" name="[247] /home/travis/build/icyphy/ptII/ptolemy/actor/lib/test/auto/OrderedRecordDisassembler.xml (RunModel)" time="0.017" />
  <testcase classname="ptolemy.util.test.junit.AutoTests" name="[248] /home/travis/build/icyphy/ptII/ptolemy/actor/lib/test/auto/OrderedRecordDisassembler2.xml (RunModel)" time="0.017" />
  <testcase classname="ptolemy.util.test.junit.AutoTests" name="[249] /home/travis/build/icyphy/ptII/ptolemy/actor/lib/test/auto/OrderedRecordUpdater.xml (RunModel)" time="0.009" />
  <testcase classname="ptolemy.util.test.junit.AutoTests" name="[250] /home/travis/build/icyphy/ptII/ptolemy/actor/lib/test/auto/OrderedRecordUpdater2.xml (RunModel)" time="0.016" />
  <testcase classname="ptolemy.util.test.junit.AutoTests" name="[251] /home/travis/build/icyphy/ptII/ptolemy/actor/lib/test/auto/PhaseUnwrap.xml (RunModel)" time="0.011" />
  <testcase classname="ptolemy.util.test.junit.AutoTests" name="[252] /home/travis/build/icyphy/ptII/ptolemy/actor/lib/test/auto/PoissonClock.xml (RunModel)" time="0.013" />
  <testcase classname="ptolemy.util.test.junit.AutoTests" name="[253] /home/travis/build/icyphy/ptII/ptolemy/actor/lib/test/auto/PoissonClock2.xml (RunModel)" time="0.006" />
  <testcase classname="ptolemy.util.test.junit.AutoTests" name="[254] /home/travis/build/icyphy/ptII/ptolemy/actor/lib/test/auto/PoissonClock3.xml (RunModel)" time="0.023" />
  <testcase classname="ptolemy.util.test.junit.AutoTests" name="[255] /home/travis/build/icyphy/ptII/ptolemy/actor/lib/test/auto/PubSubWithInitialTokens.xml (RunModel)" time="0.015" />
  <testcase classname="ptolemy.util.test.junit.AutoTests" name="[256] /home/travis/build/icyphy/ptII/ptolemy/actor/lib/test/auto/PubSubWithInitialTokens2.xml (RunModel)" time="0.011" />
  <testcase classname="ptolemy.util.test.junit.AutoTests" name="[257] /home/travis/build/icyphy/ptII/ptolemy/actor/lib/test/auto/PublisherClassNoParameter.xml (RunModel)" time="0.022" />
  <testcase classname="ptolemy.util.test.junit.AutoTests" name="[258] /home/travis/build/icyphy/ptII/ptolemy/actor/lib/test/auto/PublisherClassParameter.xml (RunModel)" time="0.017" />
  <testcase classname="ptolemy.util.test.junit.AutoTests" name="[259] /home/travis/build/icyphy/ptII/ptolemy/actor/lib/test/auto/PublisherNonStrictTest.xml (RunModel)" time="0.015" />
  <testcase classname="ptolemy.util.test.junit.AutoTests" name="[260] /home/travis/build/icyphy/ptII/ptolemy/actor/lib/test/auto/PublisherPort1.xml (RunModel)" time="0.008" />
  <testcase classname="ptolemy.util.test.junit.AutoTests" name="[261] /home/travis/build/icyphy/ptII/ptolemy/actor/lib/test/auto/PublisherPort2.xml (RunModel)" time="0.007" />
  <testcase classname="ptolemy.util.test.junit.AutoTests" name="[262] /home/travis/build/icyphy/ptII/ptolemy/actor/lib/test/auto/PublisherPort3.xml (RunModel)" time="0.018" />
  <testcase classname="ptolemy.util.test.junit.AutoTests" name="[263] /home/travis/build/icyphy/ptII/ptolemy/actor/lib/test/auto/PublisherPort4.xml (RunModel)" time="0.014" />
  <testcase classname="ptolemy.util.test.junit.AutoTests" name="[264] /home/travis/build/icyphy/ptII/ptolemy/actor/lib/test/auto/PublisherPort5.xml (RunModel)" time="0.012" />
  <testcase classname="ptolemy.util.test.junit.AutoTests" name="[265] /home/travis/build/icyphy/ptII/ptolemy/actor/lib/test/auto/PublisherPort5LookAlike.xml (RunModel)" time="0.016" />
  <testcase classname="ptolemy.util.test.junit.AutoTests" name="[266] /home/travis/build/icyphy/ptII/ptolemy/actor/lib/test/auto/PublisherPort6.xml (RunModel)" time="0.01" />
  <testcase classname="ptolemy.util.test.junit.AutoTests" name="[267] /home/travis/build/icyphy/ptII/ptolemy/actor/lib/test/auto/PublisherPort7.xml (RunModel)" time="0.014" />
  <testcase classname="ptolemy.util.test.junit.AutoTests" name="[268] /home/travis/build/icyphy/ptII/ptolemy/actor/lib/test/auto/PublisherPort8.xml (RunModel)" time="0.015" />
  <testcase classname="ptolemy.util.test.junit.AutoTests" name="[269] /home/travis/build/icyphy/ptII/ptolemy/actor/lib/test/auto/PublisherPortSubscriberChannelVariablesAOC2.xml (RunModel)" time="0.029" />
  <testcase classname="ptolemy.util.test.junit.AutoTests" name="[270] /home/travis/build/icyphy/ptII/ptolemy/actor/lib/test/auto/PublisherPortSubscriberOpaqueWidthInference.xml (RunModel)" time="0.014" />
  <testcase classname="ptolemy.util.test.junit.AutoTests" name="[271] /home/travis/build/icyphy/ptII/ptolemy/actor/lib/test/auto/PublisherPortSubscriberPortAdjacent.xml (RunModel)" time="0.015" />
  <testcase classname="ptolemy.util.test.junit.AutoTests" name="[272] /home/travis/build/icyphy/ptII/ptolemy/actor/lib/test/auto/PublisherPortSubscriberPortExpression.xml (RunModel)" time="0.013" />
  <testcase classname="ptolemy.util.test.junit.AutoTests" name="[273] /home/travis/build/icyphy/ptII/ptolemy/actor/lib/test/auto/PublisherPortSubscriberPortOpaqueD3Reverse.xml (RunModel)" time="0.04" />
  <testcase classname="ptolemy.util.test.junit.AutoTests" name="[274] /home/travis/build/icyphy/ptII/ptolemy/actor/lib/test/auto/PublisherPortSubscriberPortOpaqueWidthInference.xml (RunModel)" time="0.017" />
  <testcase classname="ptolemy.util.test.junit.AutoTests" name="[275] /home/travis/build/icyphy/ptII/ptolemy/actor/lib/test/auto/PublisherPortToplevelSubscriberPortAOC.xml (RunModel)" time="0.008" />
  <testcase classname="ptolemy.util.test.junit.AutoTests" name="[276] /home/travis/build/icyphy/ptII/ptolemy/actor/lib/test/auto/PublisherSubscriber.xml (RunModel)" time="0.011" />
  <testcase classname="ptolemy.util.test.junit.AutoTests" name="[277] /home/travis/build/icyphy/ptII/ptolemy/actor/lib/test/auto/PublisherSubscriber10.xml (RunModel)" time="0.019" />
  <testcase classname="ptolemy.util.test.junit.AutoTests" name="[278] /home/travis/build/icyphy/ptII/ptolemy/actor/lib/test/auto/PublisherSubscriber10InitialOutputs.xml (RunModel)" time="0.022" />
  <testcase classname="ptolemy.util.test.junit.AutoTests" name="[279] /home/travis/build/icyphy/ptII/ptolemy/actor/lib/test/auto/PublisherSubscriber11.xml (RunModel)" time="0.013" />
  <testcase classname="ptolemy.util.test.junit.AutoTests" name="[280] /home/travis/build/icyphy/ptII/ptolemy/actor/lib/test/auto/PublisherSubscriber12.xml (RunModel)" time="0.012" />
  <testcase classname="ptolemy.util.test.junit.AutoTests" name="[281] /home/travis/build/icyphy/ptII/ptolemy/actor/lib/test/auto/PublisherSubscriber13.xml (RunModel)" time="0.009" />
  <testcase classname="ptolemy.util.test.junit.AutoTests" name="[282] /home/travis/build/icyphy/ptII/ptolemy/actor/lib/test/auto/PublisherSubscriber14.xml (RunModel)" time="0.029" />
  <testcase classname="ptolemy.util.test.junit.AutoTests" name="[283] /home/travis/build/icyphy/ptII/ptolemy/actor/lib/test/auto/PublisherSubscriber2.xml (RunModel)" time="0.009" />
  <testcase classname="ptolemy.util.test.junit.AutoTests" name="[284] /home/travis/build/icyphy/ptII/ptolemy/actor/lib/test/auto/PublisherSubscriber3.xml (RunModel)" time="0.008" />
  <testcase classname="ptolemy.util.test.junit.AutoTests" name="[285] /home/travis/build/icyphy/ptII/ptolemy/actor/lib/test/auto/PublisherSubscriber4.xml (RunModel)" time="0.008" />
  <testcase classname="ptolemy.util.test.junit.AutoTests" name="[286] /home/travis/build/icyphy/ptII/ptolemy/actor/lib/test/auto/PublisherSubscriber5.xml (RunModel)" time="0.01" />
  <testcase classname="ptolemy.util.test.junit.AutoTests" name="[287] /home/travis/build/icyphy/ptII/ptolemy/actor/lib/test/auto/PublisherSubscriber6.xml (RunModel)" time="0.012" />
  <testcase classname="ptolemy.util.test.junit.AutoTests" name="[288] /home/travis/build/icyphy/ptII/ptolemy/actor/lib/test/auto/PublisherSubscriber7.xml (RunModel)" time="0.016" />
  <testcase classname="ptolemy.util.test.junit.AutoTests" name="[289] /home/travis/build/icyphy/ptII/ptolemy/actor/lib/test/auto/PublisherSubscriber8.xml (RunModel)" time="0.029" />
  <testcase classname="ptolemy.util.test.junit.AutoTests" name="[290] /home/travis/build/icyphy/ptII/ptolemy/actor/lib/test/auto/PublisherSubscriber9.xml (RunModel)" time="0.014" />
  <testcase classname="ptolemy.util.test.junit.AutoTests" name="[291] /home/travis/build/icyphy/ptII/ptolemy/actor/lib/test/auto/PublisherSubscriberAdjacent.xml (RunModel)" time="0.013" />
  <testcase classname="ptolemy.util.test.junit.AutoTests" name="[292] /home/travis/build/icyphy/ptII/ptolemy/actor/lib/test/auto/PublisherSubscriberChannelVariablesAOC2.xml (RunModel)" time="0.026" />
  <testcase classname="ptolemy.util.test.junit.AutoTests" name="[293] /home/travis/build/icyphy/ptII/ptolemy/actor/lib/test/auto/PublisherSubscriberD3.xml (RunModel)" time="0.011" />
  <testcase classname="ptolemy.util.test.junit.AutoTests" name="[294] /home/travis/build/icyphy/ptII/ptolemy/actor/lib/test/auto/PublisherSubscriberD3Reverse.xml (RunModel)" time="0.009" />
  <testcase classname="ptolemy.util.test.junit.AutoTests" name="[295] /home/travis/build/icyphy/ptII/ptolemy/actor/lib/test/auto/PublisherSubscriberExpression.xml (RunModel)" time="0.013" />
  <testcase classname="ptolemy.util.test.junit.AutoTests" name="[296] /home/travis/build/icyphy/ptII/ptolemy/actor/lib/test/auto/PublisherSubscriberOpaque.xml (RunModel)" time="0.012" />
  <testcase classname="ptolemy.util.test.junit.AutoTests" name="[297] /home/travis/build/icyphy/ptII/ptolemy/actor/lib/test/auto/PublisherSubscriberOpaqueD3.xml (RunModel)" time="0.019" />
  <testcase classname="ptolemy.util.test.junit.AutoTests" name="[298] /home/travis/build/icyphy/ptII/ptolemy/actor/lib/test/auto/PublisherSubscriberOpaqueD3Reverse.xml (RunModel)" time="0.02" />
  <testcase classname="ptolemy.util.test.junit.AutoTests" name="[299] /home/travis/build/icyphy/ptII/ptolemy/actor/lib/test/auto/PublisherSubscriberOpaqueWidthInference.xml (RunModel)" time="0.013" />
  <testcase classname="ptolemy.util.test.junit.AutoTests" name="[300] /home/travis/build/icyphy/ptII/ptolemy/actor/lib/test/auto/PublisherTestSubscriber.xml (RunModel)" time="0.017" />
  <testcase classname="ptolemy.util.test.junit.AutoTests" name="[301] /home/travis/build/icyphy/ptII/ptolemy/actor/lib/test/auto/PublisherToplevelSubscriberPortAOC.xml (RunModel)" time="0.011" />
  <testcase classname="ptolemy.util.test.junit.AutoTests" name="[302] /home/travis/build/icyphy/ptII/ptolemy/actor/lib/test/auto/PulseFiringLimitDE.xml (RunModel)" time="0.013" />
  <testcase classname="ptolemy.util.test.junit.AutoTests" name="[303] /home/travis/build/icyphy/ptII/ptolemy/actor/lib/test/auto/Ramp1.xml (RunModel)" time="0.005" />
  <testcase classname="ptolemy.util.test.junit.AutoTests" name="[304] /home/travis/build/icyphy/ptII/ptolemy/actor/lib/test/auto/RampFiringLimitDE.xml (RunModel)" time="0.008" />
  <testcase classname="ptolemy.util.test.junit.AutoTests" name="[305] /home/travis/build/icyphy/ptII/ptolemy/actor/lib/test/auto/RampFiringLimitSDF.xml (RunModel)" time="0.008" />
  <testcase classname="ptolemy.util.test.junit.AutoTests" name="[306] /home/travis/build/icyphy/ptII/ptolemy/actor/lib/test/auto/RandomInteger.xml (RunModel)" time="0.007" />
  <testcase classname="ptolemy.util.test.junit.AutoTests" name="[307] /home/travis/build/icyphy/ptII/ptolemy/actor/lib/test/auto/ReadFile1.xml (RunModel)" time="0.007" />
  <testcase classname="ptolemy.util.test.junit.AutoTests" name="[308] /home/travis/build/icyphy/ptII/ptolemy/actor/lib/test/auto/ReadFile2.xml (RunModel)" time="0.006" />
  <testcase classname="ptolemy.util.test.junit.AutoTests" name="[309] /home/travis/build/icyphy/ptII/ptolemy/actor/lib/test/auto/Reader.xml (RunModel)" time="0.011" />
  <testcase classname="ptolemy.util.test.junit.AutoTests" name="[310] /home/travis/build/icyphy/ptII/ptolemy/actor/lib/test/auto/RecordAssemblerDisplayNameTest.xml (RunModel)" time="3.285" />
  <testcase classname="ptolemy.util.test.junit.AutoTests" name="[311] /home/travis/build/icyphy/ptII/ptolemy/actor/lib/test/auto/RecordAssemblerTypeError.xml (RunModel)" time="0.027" />
  <testcase classname="ptolemy.util.test.junit.AutoTests" name="[312] /home/travis/build/icyphy/ptII/ptolemy/actor/lib/test/auto/RecordDisassember.xml (RunModel)" time="0.024" />
  <testcase classname="ptolemy.util.test.junit.AutoTests" name="[313] /home/travis/build/icyphy/ptII/ptolemy/actor/lib/test/auto/RecordDisassemberDisplayNameTest.xml (RunModel)" time="0.016" />
  <testcase classname="ptolemy.util.test.junit.AutoTests" name="[314] /home/travis/build/icyphy/ptII/ptolemy/actor/lib/test/auto/RecordDisassembler.xml (RunModel)" time="0.009" />
  <testcase classname="ptolemy.util.test.junit.AutoTests" name="[315] /home/travis/build/icyphy/ptII/ptolemy/actor/lib/test/auto/RecordDisassembler2.xml (RunModel)" time="0.009" />
  <testcase classname="ptolemy.util.test.junit.AutoTests" name="[316] /home/travis/build/icyphy/ptII/ptolemy/actor/lib/test/auto/RecordUpdater.xml (RunModel)" time="0.007" />
  <testcase classname="ptolemy.util.test.junit.AutoTests" name="[317] /home/travis/build/icyphy/ptII/ptolemy/actor/lib/test/auto/RecordUpdater2.xml (RunModel)" time="0.008" />
  <testcase classname="ptolemy.util.test.junit.AutoTests" name="[318] /home/travis/build/icyphy/ptII/ptolemy/actor/lib/test/auto/RecursiveLattice.xml (RunModel)" time="0.007" />
  <testcase classname="ptolemy.util.test.junit.AutoTests" name="[319] /home/travis/build/icyphy/ptII/ptolemy/actor/lib/test/auto/Router.xml (RunModel)" time="3.021" />
  <testcase classname="ptolemy.util.test.junit.AutoTests" name="[320] /home/travis/build/icyphy/ptII/ptolemy/actor/lib/test/auto/Router2.xml (RunModel)" time="3.026" />
  <testcase classname="ptolemy.util.test.junit.AutoTests" name="[321] /home/travis/build/icyphy/ptII/ptolemy/actor/lib/test/auto/RunningMaximum.xml (RunModel)" time="0.014" />
  <testcase classname="ptolemy.util.test.junit.AutoTests" name="[322] /home/travis/build/icyphy/ptII/ptolemy/actor/lib/test/auto/RunningMinimum.xml (RunModel)" time="0.02" />
  <testcase classname="ptolemy.util.test.junit.AutoTests" name="[323] /home/travis/build/icyphy/ptII/ptolemy/actor/lib/test/auto/Scale.xml (RunModel)" time="0.007" />
  <testcase classname="ptolemy.util.test.junit.AutoTests" name="[324] /home/travis/build/icyphy/ptII/ptolemy/actor/lib/test/auto/Scale2.xml (RunModel)" time="0.007" />
  <testcase classname="ptolemy.util.test.junit.AutoTests" name="[325] /home/travis/build/icyphy/ptII/ptolemy/actor/lib/test/auto/Scale3.xml (RunModel)" time="0.015" />
  <testcase classname="ptolemy.util.test.junit.AutoTests" name="[326] /home/travis/build/icyphy/ptII/ptolemy/actor/lib/test/auto/ScaleArray.xml (RunModel)" time="0.008" />
  <testcase classname="ptolemy.util.test.junit.AutoTests" name="[327] /home/travis/build/icyphy/ptII/ptolemy/actor/lib/test/auto/ScaleArray2.xml (RunModel)" time="0.007" />
  <testcase classname="ptolemy.util.test.junit.AutoTests" name="[328] /home/travis/build/icyphy/ptII/ptolemy/actor/lib/test/auto/ScaleMatrix.xml (RunModel)" time="0.117" />
  <testcase classname="ptolemy.util.test.junit.AutoTests" name="[329] /home/travis/build/icyphy/ptII/ptolemy/actor/lib/test/auto/Select.xml (RunModel)" time="0.013" />
  <testcase classname="ptolemy.util.test.junit.AutoTests" name="[330] /home/travis/build/icyphy/ptII/ptolemy/actor/lib/test/auto/Select2.xml (RunModel)" time="0.009" />
  <testcase classname="ptolemy.util.test.junit.AutoTests" name="[331] /home/travis/build/icyphy/ptII/ptolemy/actor/lib/test/auto/SequenceToArray2.xml (RunModel)" time="0.133" />
  <testcase classname="ptolemy.util.test.junit.AutoTests" name="[332] /home/travis/build/icyphy/ptII/ptolemy/actor/lib/test/auto/SequentialClock.xml (RunModel)" time="0.01" />
  <testcase classname="ptolemy.util.test.junit.AutoTests" name="[333] /home/travis/build/icyphy/ptII/ptolemy/actor/lib/test/auto/SetVariable.xml (RunModel)" time="0.009" />
  <testcase classname="ptolemy.util.test.junit.AutoTests" name="[334] /home/travis/build/icyphy/ptII/ptolemy/actor/lib/test/auto/SetVariable2.xml (RunModel)" time="0.014" />
  <testcase classname="ptolemy.util.test.junit.AutoTests" name="[335] /home/travis/build/icyphy/ptII/ptolemy/actor/lib/test/auto/SetVariable3.xml (RunModel)" time="0.013" />
  <testcase classname="ptolemy.util.test.junit.AutoTests" name="[336] /home/travis/build/icyphy/ptII/ptolemy/actor/lib/test/auto/SetVariable4.xml (RunModel)" time="0.029" />
  <testcase classname="ptolemy.util.test.junit.AutoTests" name="[337] /home/travis/build/icyphy/ptII/ptolemy/actor/lib/test/auto/SetVariable5.xml (RunModel)" time="0.032" />
  <testcase classname="ptolemy.util.test.junit.AutoTests" name="[338] /home/travis/build/icyphy/ptII/ptolemy/actor/lib/test/auto/Sinewave.xml (RunModel)" time="0.037" />
  <testcase classname="ptolemy.util.test.junit.AutoTests" name="[339] /home/travis/build/icyphy/ptII/ptolemy/actor/lib/test/auto/Sinewave2.xml (RunModel)" time="0.014" />
  <testcase classname="ptolemy.util.test.junit.AutoTests" name="[340] /home/travis/build/icyphy/ptII/ptolemy/actor/lib/test/auto/Sinewave3.xml (RunModel)" time="0.018" />
  <testcase classname="ptolemy.util.test.junit.AutoTests" name="[341] /home/travis/build/icyphy/ptII/ptolemy/actor/lib/test/auto/SingleEvent.xml (RunModel)" time="0.005" />
  <testcase classname="ptolemy.util.test.junit.AutoTests" name="[342] /home/travis/build/icyphy/ptII/ptolemy/actor/lib/test/auto/Sleep.xml (RunModel)" time="6.018" />
  <testcase classname="ptolemy.util.test.junit.AutoTests" name="[343] /home/travis/build/icyphy/ptII/ptolemy/actor/lib/test/auto/SleepMultipleFire.xml (RunModel)" time="1.017" />
  <testcase classname="ptolemy.util.test.junit.AutoTests" name="[344] /home/travis/build/icyphy/ptII/ptolemy/actor/lib/test/auto/StopDE.xml (RunModel)" time="0.013" />
  <testcase classname="ptolemy.util.test.junit.AutoTests" name="[345] /home/travis/build/icyphy/ptII/ptolemy/actor/lib/test/auto/StopSDF.xml (RunModel)" time="0.035" />
  <testcase classname="ptolemy.util.test.junit.AutoTests" name="[346] /home/travis/build/icyphy/ptII/ptolemy/actor/lib/test/auto/StringConstant.xml (RunModel)" time="0.021" />
  <testcase classname="ptolemy.util.test.junit.AutoTests" name="[347] /home/travis/build/icyphy/ptII/ptolemy/actor/lib/test/auto/SubscriberPortInitialValues1.xml (RunModel)" time="0.028" />
  <testcase classname="ptolemy.util.test.junit.AutoTests" name="[348] /home/travis/build/icyphy/ptII/ptolemy/actor/lib/test/auto/SubscriberPortInitialValues13.xml (RunModel)" time="0.025" />
  <testcase classname="ptolemy.util.test.junit.AutoTests" name="[349] /home/travis/build/icyphy/ptII/ptolemy/actor/lib/test/auto/SubscriberPortInitialValues14.xml (RunModel)" time="0.012" />
  <testcase classname="ptolemy.util.test.junit.AutoTests" name="[350] /home/travis/build/icyphy/ptII/ptolemy/actor/lib/test/auto/SubscriberPortInitialValues2.xml (RunModel)" time="0.014" />
  <testcase classname="ptolemy.util.test.junit.AutoTests" name="[351] /home/travis/build/icyphy/ptII/ptolemy/actor/lib/test/auto/SubscriberPortInitialValues3.xml (RunModel)" time="0.017" />
  <testcase classname="ptolemy.util.test.junit.AutoTests" name="[352] /home/travis/build/icyphy/ptII/ptolemy/actor/lib/test/auto/SubscriptionAggregator.xml (RunModel)" time="0.009" />
  <testcase classname="ptolemy.util.test.junit.AutoTests" name="[353] /home/travis/build/icyphy/ptII/ptolemy/actor/lib/test/auto/SubscriptionAggregator2.xml (RunModel)" time="0.009" />
  <testcase classname="ptolemy.util.test.junit.AutoTests" name="[354] /home/travis/build/icyphy/ptII/ptolemy/actor/lib/test/auto/SubscriptionAggregator3.xml (RunModel)" time="0.014" />
  <testcase classname="ptolemy.util.test.junit.AutoTests" name="[355] /home/travis/build/icyphy/ptII/ptolemy/actor/lib/test/auto/SubscriptionAggregatorMultiply.xml (RunModel)" time="0.029" />
  <testcase classname="ptolemy.util.test.junit.AutoTests" name="[356] /home/travis/build/icyphy/ptII/ptolemy/actor/lib/test/auto/SubscriptionAggregatorPortMultiply1.xml (RunModel)" time="0.017" />
  <testcase classname="ptolemy.util.test.junit.AutoTests" name="[357] /home/travis/build/icyphy/ptII/ptolemy/actor/lib/test/auto/Switch.xml (RunModel)" time="0.015" />
  <testcase classname="ptolemy.util.test.junit.AutoTests" name="[358] /home/travis/build/icyphy/ptII/ptolemy/actor/lib/test/auto/Switch2.xml (RunModel)" time="0.011" />
  <testcase classname="ptolemy.util.test.junit.AutoTests" name="[359] /home/travis/build/icyphy/ptII/ptolemy/actor/lib/test/auto/SwitchDE.xml (RunModel)" time="0.011" />
  <testcase classname="ptolemy.util.test.junit.AutoTests" name="[360] /home/travis/build/icyphy/ptII/ptolemy/actor/lib/test/auto/SynchronizerDE.xml (RunModel)" time="0.018" />
  <testcase classname="ptolemy.util.test.junit.AutoTests" name="[361] /home/travis/build/icyphy/ptII/ptolemy/actor/lib/test/auto/Test.xml (RunModel)" time="0.014" />
  <testcase classname="ptolemy.util.test.junit.AutoTests" name="[362] /home/travis/build/icyphy/ptII/ptolemy/actor/lib/test/auto/TestExceptionAttribute1.xml (RunModel)" time="0.009" />
  <testcase classname="ptolemy.util.test.junit.AutoTests" name="[363] /home/travis/build/icyphy/ptII/ptolemy/actor/lib/test/auto/TestExceptionAttribute2.xml (RunModel)" time="0.006" />
  <testcase classname="ptolemy.util.test.junit.AutoTests" name="[364] /home/travis/build/icyphy/ptII/ptolemy/actor/lib/test/auto/TestExceptionAttribute3.xml (RunModel)" time="0.009" />
  <testcase classname="ptolemy.util.test.junit.AutoTests" name="[365] /home/travis/build/icyphy/ptII/ptolemy/actor/lib/test/auto/TestExceptionAttribute4.xml (RunModel)" time="0.006" />
  <testcase classname="ptolemy.util.test.junit.AutoTests" name="[366] /home/travis/build/icyphy/ptII/ptolemy/actor/lib/test/auto/TestExceptionHandler1.xml (RunModel)" time="0.007" />
  <testcase classname="ptolemy.util.test.junit.AutoTests" name="[367] /home/travis/build/icyphy/ptII/ptolemy/actor/lib/test/auto/TestExceptionHandler2.xml (RunModel)" time="0.007" />
  <testcase classname="ptolemy.util.test.junit.AutoTests" name="[368] /home/travis/build/icyphy/ptII/ptolemy/actor/lib/test/auto/TestExceptionHandler3.xml (RunModel)" time="0.004" />
  <testcase classname="ptolemy.util.test.junit.AutoTests" name="[369] /home/travis/build/icyphy/ptII/ptolemy/actor/lib/test/auto/TestExceptionHandler4.xml (RunModel)" time="0.005" />
  <testcase classname="ptolemy.util.test.junit.AutoTests" name="[370] /home/travis/build/icyphy/ptII/ptolemy/actor/lib/test/auto/TestRequireCorrectOrder.xml (RunModel)" time="0.012" />
  <testcase classname="ptolemy.util.test.junit.AutoTests" name="[371] /home/travis/build/icyphy/ptII/ptolemy/actor/lib/test/auto/TestSimple.xml (RunModel)" time="0.005" />
  <testcase classname="ptolemy.util.test.junit.AutoTests" name="[372] /home/travis/build/icyphy/ptII/ptolemy/actor/lib/test/auto/ThrowModelError.xml (RunModel)" time="0.008" />
  <testcase classname="ptolemy.util.test.junit.AutoTests" name="[373] /home/travis/build/icyphy/ptII/ptolemy/actor/lib/test/auto/TimeDelayMicrosteps.xml (RunModel)" time="0.012" />
  <testcase classname="ptolemy.util.test.junit.AutoTests" name="[374] /home/travis/build/icyphy/ptII/ptolemy/actor/lib/test/auto/TimeDelayMicrosteps2.xml (RunModel)" time="0.011" />
  <testcase classname="ptolemy.util.test.junit.AutoTests" name="[375] /home/travis/build/icyphy/ptII/ptolemy/actor/lib/test/auto/TimeDelayMicrosteps3.xml (RunModel)" time="0.01" />
  <testcase classname="ptolemy.util.test.junit.AutoTests" name="[376] /home/travis/build/icyphy/ptII/ptolemy/actor/lib/test/auto/TimeDelayVariableMicrosteps.xml (RunModel)" time="0.01" />
  <testcase classname="ptolemy.util.test.junit.AutoTests" name="[377] /home/travis/build/icyphy/ptII/ptolemy/actor/lib/test/auto/TimeGap.xml (RunModel)" time="0.013" />
  <testcase classname="ptolemy.util.test.junit.AutoTests" name="[378] /home/travis/build/icyphy/ptII/ptolemy/actor/lib/test/auto/TimeGap2.xml (RunModel)" time="0.008" />
  <testcase classname="ptolemy.util.test.junit.AutoTests" name="[379] /home/travis/build/icyphy/ptII/ptolemy/actor/lib/test/auto/TimedSinewave.xml (RunModel)" time="0.042" />
  <testcase classname="ptolemy.util.test.junit.AutoTests" name="[380] /home/travis/build/icyphy/ptII/ptolemy/actor/lib/test/auto/TimedSinewavePhase.xml (RunModel)" time="0.039" />
  <testcase classname="ptolemy.util.test.junit.AutoTests" name="[381] /home/travis/build/icyphy/ptII/ptolemy/actor/lib/test/auto/Timer.xml (RunModel)" time="0.014" />
  <testcase classname="ptolemy.util.test.junit.AutoTests" name="[382] /home/travis/build/icyphy/ptII/ptolemy/actor/lib/test/auto/TriangularDistTestModel.xml (RunModel)" time="0.015" />
  <testcase classname="ptolemy.util.test.junit.AutoTests" name="[383] /home/travis/build/icyphy/ptII/ptolemy/actor/lib/test/auto/TrigFunction.xml (RunModel)" time="0.007" />
  <testcase classname="ptolemy.util.test.junit.AutoTests" name="[384] /home/travis/build/icyphy/ptII/ptolemy/actor/lib/test/auto/TrigFunctionDE.xml (RunModel)" time="0.009" />
  <testcase classname="ptolemy.util.test.junit.AutoTests" name="[385] /home/travis/build/icyphy/ptII/ptolemy/actor/lib/test/auto/TrigFunctionInverse.xml (RunModel)" time="0.008" />
  <testcase classname="ptolemy.util.test.junit.AutoTests" name="[386] /home/travis/build/icyphy/ptII/ptolemy/actor/lib/test/auto/TrigFunctionTan.xml (RunModel)" time="0.006" />
  <testcase classname="ptolemy.util.test.junit.AutoTests" name="[387] /home/travis/build/icyphy/ptII/ptolemy/actor/lib/test/auto/TriggeredClock.xml (RunModel)" time="0.008" />
  <testcase classname="ptolemy.util.test.junit.AutoTests" name="[388] /home/travis/build/icyphy/ptII/ptolemy/actor/lib/test/auto/URLDirectoryReader.xml (RunModel)" time="0.105" />
  <testcase classname="ptolemy.util.test.junit.AutoTests" name="[389] /home/travis/build/icyphy/ptII/ptolemy/actor/lib/test/auto/URLDirectoryReader3.xml (RunModel)" time="1.725" />
  <testcase classname="ptolemy.util.test.junit.AutoTests" name="[390] /home/travis/build/icyphy/ptII/ptolemy/actor/lib/test/auto/UnaryMathFunction.xml (RunModel)" time="0.033" />
  <testcase classname="ptolemy.util.test.junit.AutoTests" name="[391] /home/travis/build/icyphy/ptII/ptolemy/actor/lib/test/auto/Uniform.xml (RunModel)" time="0.012" />
  <testcase classname="ptolemy.util.test.junit.AutoTests" name="[392] /home/travis/build/icyphy/ptII/ptolemy/actor/lib/test/auto/UnionDisassemblerTest.xml (RunModel)" time="0.015" />
  <testcase classname="ptolemy.util.test.junit.AutoTests" name="[393] /home/travis/build/icyphy/ptII/ptolemy/actor/lib/test/auto/UtilityFunctions.xml (RunModel)" time="0.006" />
  <testcase classname="ptolemy.util.test.junit.AutoTests" name="[394] /home/travis/build/icyphy/ptII/ptolemy/actor/lib/test/auto/VariableSleep.xml (RunModel)" time="0.51" />
  <testcase classname="ptolemy.util.test.junit.AutoTests" name="[395] /home/travis/build/icyphy/ptII/ptolemy/actor/lib/test/auto/VectorAssemblerDisassemblerCT.xml (RunModel)" time="0.103" />
  <testcase classname="ptolemy.util.test.junit.AutoTests" name="[396] /home/travis/build/icyphy/ptII/ptolemy/actor/lib/test/auto/VectorAssemblerDisassemblerDE.xml (RunModel)" time="0.012" />
  <testcase classname="ptolemy.util.test.junit.AutoTests" name="[397] /home/travis/build/icyphy/ptII/ptolemy/actor/lib/test/auto/VectorAssemblerDisassemblerSDF.xml (RunModel)" time="0.011" />
  <testcase classname="ptolemy.util.test.junit.AutoTests" name="[398] /home/travis/build/icyphy/ptII/ptolemy/actor/lib/test/auto/WallClockTime.xml (RunModel)" time="1.011" />
  <testcase classname="ptolemy.util.test.junit.AutoTests" name="[399] /home/travis/build/icyphy/ptII/ptolemy/actor/lib/test/auto/WidthTestWithSubscriberPublisher.xml (RunModel)" time="0.036" />
  <testcase classname="ptolemy.util.test.junit.AutoTests" name="[400] /home/travis/build/icyphy/ptII/ptolemy/actor/lib/test/auto/WidthTestWithSubscriberPublisher2.xml (RunModel)" time="0.014" />
  <testcase classname="ptolemy.util.test.junit.AutoTests" name="[401] /home/travis/build/icyphy/ptII/ptolemy/actor/lib/test/auto/WidthTestWithSubscriberPublisher3.xml (RunModel)" time="0.009" />
  <testcase classname="ptolemy.util.test.junit.AutoTests" name="[402] /home/travis/build/icyphy/ptII/ptolemy/actor/lib/test/auto/Writer.xml (RunModel)" time="0.007" />
  <testcase classname="ptolemy.util.test.junit.AutoTests" name="[403] /home/travis/build/icyphy/ptII/ptolemy/actor/lib/test/auto/array.xml (RunModel)" time="0.02" />
  <testcase classname="ptolemy.util.test.junit.AutoTests" name="[404] /home/travis/build/icyphy/ptII/ptolemy/actor/lib/test/auto/array2.xml (RunModel)" time="0.011" />
  <testcase classname="ptolemy.util.test.junit.AutoTests" name="[405] /home/travis/build/icyphy/ptII/ptolemy/actor/lib/test/auto/arrayType.xml (RunModel)" time="0.013" />
  <testcase classname="ptolemy.util.test.junit.AutoTests" name="[406] /home/travis/build/icyphy/ptII/ptolemy/actor/lib/test/auto/arrayType10.xml (RunModel)" time="0.01" />
  <testcase classname="ptolemy.util.test.junit.AutoTests" name="[407] /home/travis/build/icyphy/ptII/ptolemy/actor/lib/test/auto/arrayType11.xml (RunModel)" time="0.007" />
  <testcase classname="ptolemy.util.test.junit.AutoTests" name="[408] /home/travis/build/icyphy/ptII/ptolemy/actor/lib/test/auto/arrayType12.xml (RunModel)" time="0.007" />
  <testcase classname="ptolemy.util.test.junit.AutoTests" name="[409] /home/travis/build/icyphy/ptII/ptolemy/actor/lib/test/auto/arrayType13.xml (RunModel)" time="0.008" />
  <testcase classname="ptolemy.util.test.junit.AutoTests" name="[410] /home/travis/build/icyphy/ptII/ptolemy/actor/lib/test/auto/arrayType14.xml (RunModel)" time="0.008" />
  <testcase classname="ptolemy.util.test.junit.AutoTests" name="[411] /home/travis/build/icyphy/ptII/ptolemy/actor/lib/test/auto/arrayType15.xml (RunModel)" time="0.008" />
  <testcase classname="ptolemy.util.test.junit.AutoTests" name="[412] /home/travis/build/icyphy/ptII/ptolemy/actor/lib/test/auto/arrayType16.xml (RunModel)" time="0.007" />
  <testcase classname="ptolemy.util.test.junit.AutoTests" name="[413] /home/travis/build/icyphy/ptII/ptolemy/actor/lib/test/auto/arrayType17.xml (RunModel)" time="0.007" />
  <testcase classname="ptolemy.util.test.junit.AutoTests" name="[414] /home/travis/build/icyphy/ptII/ptolemy/actor/lib/test/auto/arrayType18.xml (RunModel)" time="0.007" />
  <testcase classname="ptolemy.util.test.junit.AutoTests" name="[415] /home/travis/build/icyphy/ptII/ptolemy/actor/lib/test/auto/arrayType19.xml (RunModel)" time="0.006" />
  <testcase classname="ptolemy.util.test.junit.AutoTests" name="[416] /home/travis/build/icyphy/ptII/ptolemy/actor/lib/test/auto/arrayType2.xml (RunModel)" time="0.008" />
  <testcase classname="ptolemy.util.test.junit.AutoTests" name="[417] /home/travis/build/icyphy/ptII/ptolemy/actor/lib/test/auto/arrayType20.xml (RunModel)" time="0.007" />
  <testcase classname="ptolemy.util.test.junit.AutoTests" name="[418] /home/travis/build/icyphy/ptII/ptolemy/actor/lib/test/auto/arrayType21.xml (RunModel)" time="0.007" />
  <testcase classname="ptolemy.util.test.junit.AutoTests" name="[419] /home/travis/build/icyphy/ptII/ptolemy/actor/lib/test/auto/arrayType22.xml (RunModel)" time="0.007" />
  <testcase classname="ptolemy.util.test.junit.AutoTests" name="[420] /home/travis/build/icyphy/ptII/ptolemy/actor/lib/test/auto/arrayType23.xml (RunModel)" time="0.008" />
  <testcase classname="ptolemy.util.test.junit.AutoTests" name="[421] /home/travis/build/icyphy/ptII/ptolemy/actor/lib/test/auto/arrayType24.xml (RunModel)" time="0.007" />
  <testcase classname="ptolemy.util.test.junit.AutoTests" name="[422] /home/travis/build/icyphy/ptII/ptolemy/actor/lib/test/auto/arrayType25.xml (RunModel)" time="0.007" />
  <testcase classname="ptolemy.util.test.junit.AutoTests" name="[423] /home/travis/build/icyphy/ptII/ptolemy/actor/lib/test/auto/arrayType26.xml (RunModel)" time="0.007" />
  <testcase classname="ptolemy.util.test.junit.AutoTests" name="[424] /home/travis/build/icyphy/ptII/ptolemy/actor/lib/test/auto/arrayType27.xml (RunModel)" time="0.007" />
  <testcase classname="ptolemy.util.test.junit.AutoTests" name="[425] /home/travis/build/icyphy/ptII/ptolemy/actor/lib/test/auto/arrayType28.xml (RunModel)" time="0.009" />
  <testcase classname="ptolemy.util.test.junit.AutoTests" name="[426] /home/travis/build/icyphy/ptII/ptolemy/actor/lib/test/auto/arrayType3.xml (RunModel)" time="0.009" />
  <testcase classname="ptolemy.util.test.junit.AutoTests" name="[427] /home/travis/build/icyphy/ptII/ptolemy/actor/lib/test/auto/arrayType4.xml (RunModel)" time="0.008" />
  <testcase classname="ptolemy.util.test.junit.AutoTests" name="[428] /home/travis/build/icyphy/ptII/ptolemy/actor/lib/test/auto/arrayType5.xml (RunModel)" time="0.007" />
  <testcase classname="ptolemy.util.test.junit.AutoTests" name="[429] /home/travis/build/icyphy/ptII/ptolemy/actor/lib/test/auto/arrayType6.xml (RunModel)" time="0.007" />
  <testcase classname="ptolemy.util.test.junit.AutoTests" name="[430] /home/travis/build/icyphy/ptII/ptolemy/actor/lib/test/auto/arrayType7.xml (RunModel)" time="0.007" />
  <testcase classname="ptolemy.util.test.junit.AutoTests" name="[431] /home/travis/build/icyphy/ptII/ptolemy/actor/lib/test/auto/arrayType8.xml (RunModel)" time="0.016" />
  <testcase classname="ptolemy.util.test.junit.AutoTests" name="[432] /home/travis/build/icyphy/ptII/ptolemy/actor/lib/test/auto/arrayType9.xml (RunModel)" time="0.007" />
  <testcase classname="ptolemy.util.test.junit.AutoTests" name="[433] /home/travis/build/icyphy/ptII/ptolemy/actor/lib/test/auto/cast.xml (RunModel)" time="0.008" />
  <testcase classname="ptolemy.util.test.junit.AutoTests" name="[434] /home/travis/build/icyphy/ptII/ptolemy/actor/lib/test/auto/compositeMultiPort.xml (RunModel)" time="0.014" />
  <testcase classname="ptolemy.util.test.junit.AutoTests" name="[435] /home/travis/build/icyphy/ptII/ptolemy/actor/lib/test/auto/expressionCastInference.xml (RunModel)" time="0.016" />
  <testcase classname="ptolemy.util.test.junit.AutoTests" name="[436] /home/travis/build/icyphy/ptII/ptolemy/actor/lib/test/auto/expressionCastInference2.xml (RunModel)" time="0.007" />
  <testcase classname="ptolemy.util.test.junit.AutoTests" name="[437] /home/travis/build/icyphy/ptII/ptolemy/actor/lib/test/auto/expressionInference.xml (RunModel)" time="0.007" />
  <testcase classname="ptolemy.util.test.junit.AutoTests" name="[438] /home/travis/build/icyphy/ptII/ptolemy/actor/lib/test/auto/expression_bug.xml (RunModel)" time="0.005" />
  <testcase classname="ptolemy.util.test.junit.AutoTests" name="[439] /home/travis/build/icyphy/ptII/ptolemy/actor/lib/test/auto/factorial.xml (RunModel)" time="0.093" />
  <testcase classname="ptolemy.util.test.junit.AutoTests" name="[440] /home/travis/build/icyphy/ptII/ptolemy/actor/lib/test/auto/filterTest1.xml (RunModel)" time="0.041" />
  <testcase classname="ptolemy.util.test.junit.AutoTests" name="[441] /home/travis/build/icyphy/ptII/ptolemy/actor/lib/test/auto/funcApplyInConst.xml (RunModel)" time="0.041" />
  <testcase classname="ptolemy.util.test.junit.AutoTests" name="[442] /home/travis/build/icyphy/ptII/ptolemy/actor/lib/test/auto/funcApplyInExpr.xml (RunModel)" time="0.025" />
  <testcase classname="ptolemy.util.test.junit.AutoTests" name="[443] /home/travis/build/icyphy/ptII/ptolemy/actor/lib/test/auto/function.xml (RunModel)" time="0.034" />
  <testcase classname="ptolemy.util.test.junit.AutoTests" name="[444] /home/travis/build/icyphy/ptII/ptolemy/actor/lib/test/auto/function2.xml (RunModel)" time="0.026" />
  <testcase classname="ptolemy.util.test.junit.AutoTests" name="[445] /home/travis/build/icyphy/ptII/ptolemy/actor/lib/test/auto/function3.xml (RunModel)" time="0.013" />
  <testcase classname="ptolemy.util.test.junit.AutoTests" name="[446] /home/travis/build/icyphy/ptII/ptolemy/actor/lib/test/auto/functionClosureTest1.xml (RunModel)" time="0.009" />
  <testcase classname="ptolemy.util.test.junit.AutoTests" name="[447] /home/travis/build/icyphy/ptII/ptolemy/actor/lib/test/auto/functionClosureTest2.xml (RunModel)" time="0.006" />
  <testcase classname="ptolemy.util.test.junit.AutoTests" name="[448] /home/travis/build/icyphy/ptII/ptolemy/actor/lib/test/auto/functionClosureTest3.xml (RunModel)" time="0.008" />
  <testcase classname="ptolemy.util.test.junit.AutoTests" name="[449] /home/travis/build/icyphy/ptII/ptolemy/actor/lib/test/auto/functionClosureTest4.xml (RunModel)" time="0.013" />
  <testcase classname="ptolemy.util.test.junit.AutoTests" name="[450] /home/travis/build/icyphy/ptII/ptolemy/actor/lib/test/auto/functionClosureTest5.xml (RunModel)" time="0.011" />
  <testcase classname="ptolemy.util.test.junit.AutoTests" name="[451] /home/travis/build/icyphy/ptII/ptolemy/actor/lib/test/auto/functionClosureTest6.xml (RunModel)" time="0.008" />
  <testcase classname="ptolemy.util.test.junit.AutoTests" name="[452] /home/travis/build/icyphy/ptII/ptolemy/actor/lib/test/auto/functionsOnArcs.xml (RunModel)" time="0.015" />
  <testcase classname="ptolemy.util.test.junit.AutoTests" name="[453] /home/travis/build/icyphy/ptII/ptolemy/actor/lib/test/auto/functionsOnArcsHOF.xml (RunModel)" time="0.011" />
  <testcase classname="ptolemy.util.test.junit.AutoTests" name="[454] /home/travis/build/icyphy/ptII/ptolemy/actor/lib/test/auto/logic.xml (RunModel)" time="0.016" />
  <testcase classname="ptolemy.util.test.junit.AutoTests" name="[455] /home/travis/build/icyphy/ptII/ptolemy/actor/lib/test/auto/matrixType.xml (RunModel)" time="0.008" />
  <testcase classname="ptolemy.util.test.junit.AutoTests" name="[456] /home/travis/build/icyphy/ptII/ptolemy/actor/lib/test/auto/matrixType10.xml (RunModel)" time="0.007" />
  <testcase classname="ptolemy.util.test.junit.AutoTests" name="[457] /home/travis/build/icyphy/ptII/ptolemy/actor/lib/test/auto/matrixType11.xml (RunModel)" time="0.007" />
  <testcase classname="ptolemy.util.test.junit.AutoTests" name="[458] /home/travis/build/icyphy/ptII/ptolemy/actor/lib/test/auto/matrixType12.xml (RunModel)" time="0.024" />
  <testcase classname="ptolemy.util.test.junit.AutoTests" name="[459] /home/travis/build/icyphy/ptII/ptolemy/actor/lib/test/auto/matrixType13.xml (RunModel)" time="0.019" />
  <testcase classname="ptolemy.util.test.junit.AutoTests" name="[460] /home/travis/build/icyphy/ptII/ptolemy/actor/lib/test/auto/matrixType14.xml (RunModel)" time="0.008" />
  <testcase classname="ptolemy.util.test.junit.AutoTests" name="[461] /home/travis/build/icyphy/ptII/ptolemy/actor/lib/test/auto/matrixType2.xml (RunModel)" time="0.007" />
  <testcase classname="ptolemy.util.test.junit.AutoTests" name="[462] /home/travis/build/icyphy/ptII/ptolemy/actor/lib/test/auto/matrixType3.xml (RunModel)" time="0.008" />
  <testcase classname="ptolemy.util.test.junit.AutoTests" name="[463] /home/travis/build/icyphy/ptII/ptolemy/actor/lib/test/auto/matrixType4.xml (RunModel)" time="0.009" />
  <testcase classname="ptolemy.util.test.junit.AutoTests" name="[464] /home/travis/build/icyphy/ptII/ptolemy/actor/lib/test/auto/matrixType5.xml (RunModel)" time="0.007" />
  <testcase classname="ptolemy.util.test.junit.AutoTests" name="[465] /home/travis/build/icyphy/ptII/ptolemy/actor/lib/test/auto/matrixType6.xml (RunModel)" time="0.007" />
  <testcase classname="ptolemy.util.test.junit.AutoTests" name="[466] /home/travis/build/icyphy/ptII/ptolemy/actor/lib/test/auto/matrixType7.xml (RunModel)" time="0.008" />
  <testcase classname="ptolemy.util.test.junit.AutoTests" name="[467] /home/travis/build/icyphy/ptII/ptolemy/actor/lib/test/auto/matrixType8.xml (RunModel)" time="0.007" />
  <testcase classname="ptolemy.util.test.junit.AutoTests" name="[468] /home/travis/build/icyphy/ptII/ptolemy/actor/lib/test/auto/matrixType9.xml (RunModel)" time="0.006" />
  <testcase classname="ptolemy.util.test.junit.AutoTests" name="[469] /home/travis/build/icyphy/ptII/ptolemy/actor/lib/test/auto/paraFunctest.xml (RunModel)" time="0.006" />
  <testcase classname="ptolemy.util.test.junit.AutoTests" name="[470] /home/travis/build/icyphy/ptII/ptolemy/actor/lib/test/auto/paraFunctest2.xml (RunModel)" time="0.009" />
  <testcase classname="ptolemy.util.test.junit.AutoTests" name="[471] /home/travis/build/icyphy/ptII/ptolemy/actor/lib/test/auto/parameterPassing.xml (RunModel)" time="0.007" />
  <testcase classname="ptolemy.util.test.junit.AutoTests" name="[472] /home/travis/build/icyphy/ptII/ptolemy/actor/lib/test/auto/record.xml (RunModel)" time="0.008" />
  <testcase classname="ptolemy.util.test.junit.AutoTests" name="[473] /home/travis/build/icyphy/ptII/ptolemy/actor/lib/test/auto/sizedarray1.xml (RunModel)" time="0.008" />
  <testcase classname="ptolemy.util.test.junit.AutoTests" name="[474] /home/travis/build/icyphy/ptII/ptolemy/actor/lib/test/auto/sizedarray2.xml (RunModel)" time="0.008" />
  <testcase classname="ptolemy.util.test.junit.AutoTests" name="[475] /home/travis/build/icyphy/ptII/ptolemy/actor/lib/test/auto/twoPublishers.xml (RunModel)" time="0.021" />
  <system-out><![CDATA[/home/travis/build/icyphy/ptII/ptolemy/actor/lib/test/AbsoluteValue.tcl
testDefs.tcl: setting time out to 9000 seconds at Fri May 15 14:23:47 UTC 2020
104 ms. Memory: 129024K Free: 93128K (72%)
5 ms. Memory: 129024K Free: 91080K (71%)
4 ms. Memory: 129024K Free: 90559K (70%)
9 ms. Memory: 129024K Free: 89527K (69%)
/home/travis/build/icyphy/ptII/ptolemy/actor/lib/test/AddSubtract.tcl
16 ms. Memory: 129024K Free: 87494K (68%)
12 ms. Memory: 129024K Free: 86984K (67%)
5 ms. Memory: 129024K Free: 85960K (67%)
11 ms. Memory: 129024K Free: 85439K (66%)
45 ms. Memory: 129024K Free: 82374K (64%)
5 ms. Memory: 129024K Free: 81350K (63%)
/home/travis/build/icyphy/ptII/ptolemy/actor/lib/test/Average.tcl
7 ms. Memory: 129024K Free: 79816K (62%)
5 ms. Memory: 129024K Free: 78792K (61%)
/home/travis/build/icyphy/ptII/ptolemy/actor/lib/test/Bernoulli.tcl
4 ms. Memory: 129024K Free: 77239K (60%)
2 ms. Memory: 129024K Free: 76744K (59%)
/home/travis/build/icyphy/ptII/ptolemy/actor/lib/test/Clock.tcl
preinitializing
resolving types
initializing
executing number 1
wrapping up
idle
35 ms. Memory: 129024K Free: 74182K (57%)
Completed execution with 5 iterations
preinitializing
resolving types
initializing
executing number 1
wrapping up
idle
3 ms. Memory: 129024K Free: 73127K (57%)
Completed execution with 5 iterations
preinitializing
resolving types
initializing
executing number 1
wrapping up
idle
6 ms. Memory: 129024K Free: 72648K (56%)
Completed execution with 5 iterations
/home/travis/build/icyphy/ptII/ptolemy/actor/lib/test/Commutator.tcl
13 ms. Memory: 129024K Free: 70600K (55%)
12 ms. Memory: 129024K Free: 69576K (54%)
13 ms. Memory: 129024K Free: 63911K (50%)
/home/travis/build/icyphy/ptII/ptolemy/actor/lib/test/Const.tcl
11 ms. Memory: 129024K Free: 62408K (48%)
3 ms. Memory: 129024K Free: 61879K (48%)
6 ms. Memory: 129024K Free: 61384K (48%)
6 ms. Memory: 129024K Free: 60863K (47%)
2 ms. Memory: 129024K Free: 60360K (47%)
20 ms. Memory: 129024K Free: 58822K (46%)
4 ms. Memory: 129024K Free: 57288K (44%)
4 ms. Memory: 129024K Free: 56767K (44%)
/home/travis/build/icyphy/ptII/ptolemy/actor/lib/test/CurrentTime.tcl
preinitializing
resolving types
initializing
executing number 1
wrapping up
idle
7 ms. Memory: 129024K Free: 54711K (42%)
Completed execution with 11 iterations
/home/travis/build/icyphy/ptII/ptolemy/actor/lib/test/DB.tcl
3 ms. Memory: 129024K Free: 53192K (41%)
2 ms. Memory: 129024K Free: 52677K (41%)
2 ms. Memory: 129024K Free: 52168K (40%)
/home/travis/build/icyphy/ptII/ptolemy/actor/lib/test/DiscreteRandomSource.tcl
preinitializing
resolving types
initializing
executing number 1
wrapping up
idle
3 ms. Memory: 129024K Free: 50615K (39%)
Completed execution with 4 iterations
preinitializing
resolving types
initializing
executing number 1
wrapping up
idle
2 ms. Memory: 129024K Free: 50120K (39%)
Completed execution with 4 iterations
preinitializing
resolving types
initializing
executing number 1
wrapping up
idle
2 ms. Memory: 129024K Free: 49606K (38%)
Completed execution with 4 iterations
preinitializing
resolving types
initializing
executing number 1
wrapping up
idle
2 ms. Memory: 129024K Free: 49096K (38%)
Completed execution with 4 iterations
preinitializing
resolving types
initializing
executing number 1
wrapping up
idle
4 ms. Memory: 129024K Free: 48582K (38%)
Completed execution with 4 iterations
/home/travis/build/icyphy/ptII/ptolemy/actor/lib/test/Distributor.tcl
47 ms. Memory: 129024K Free: 113466K (88%)
7 ms. Memory: 129024K Free: 112545K (87%)
StreamChangeRequest.changeExecuted(): <deleteEntity name="rec2"/> succeeded
StreamChangeRequest.changeExecuted(): <deleteRelation name="r2"/> succeeded
StreamChangeRequest.changeExecuted(): Record firings per iteration succeeded
16 ms. Memory: 129024K Free: 110394K (86%)
/home/travis/build/icyphy/ptII/ptolemy/actor/lib/test/Exit.tcl
Exit.tcl: this will print a message about Manager.exitAfterWrapup, which can be ignored.
9 ms. Memory: 129024K Free: 107451K (83%)
/home/travis/build/icyphy/ptII/ptolemy/actor/lib/test/Expression.tcl
38 ms. Memory: 129024K Free: 112293K (87%)
7 ms. Memory: 129024K Free: 111854K (87%)
3 ms. Memory: 129024K Free: 111283K (86%)
preinitializing
resolving types
initializing
executing number 1
wrapping up
idle
4 ms. Memory: 129024K Free: 109790K (85%)
Completed execution with 6 iterations
2 ms. Memory: 129024K Free: 108763K (84%)
3 ms. Memory: 129024K Free: 108189K (84%)
3 ms. Memory: 129024K Free: 106733K (83%)
6 ms. Memory: 129024K Free: 105700K (82%)
6 ms. Memory: 129024K Free: 104540K (81%)
/home/travis/build/icyphy/ptII/ptolemy/actor/lib/test/Gaussian.tcl
8 ms. Memory: 129024K Free: 102622K (80%)
sleeping 1 seconds: ..................................................................................................................................................................................................................................................................................................................................................................................................................................................................................................................................................................................................................................................................................................................................................................................................................................................................................................................................................................................................................................................................................................................................................................................................................................................................................................................................................................................................................................................................................................................................................................................................................................................................................................................................................................................................................................................................................................................................................................................................................................................................................................................................................................................................................................................................................................................................................................................................................................................................................................................................................................................................................................................................................................................................................................................................................................................................................................................................................................................................................................................................................................................................................................................................................................................................................................................................................................................................................................................................................................................................................................................................................................................................................................................................................................................................................................................................................................................................................................................................................................................................................................................................................................................................................................................................................................................................................................................................................................................................................................................................................................................................................................................................................................................................................................................................................................................................................................................................................................................................................................................................................................................................................................................................................................................................................................................................................................................................................................................................................................................................................................................................................................................................................................................................................................................................................................................................................................................................................................................................................................................................................................................................................................................................................................................................................................................................................................................................................................................................................................................................................................................................................................................................................................................................................................................................................................................................................................................................................................................................................................................................................................................................................................................................................................................................................................................................................................................................................................................................................................................................................................................................................................................................................................................................................................................................................................................................................................................................................................................................................................................................................................................................................................................................................................................................................................................................................................................................................................................................................................................................................................................................................................................................................................................................................................................................................................................................................................................................................................................................................................................................................................................................................................................................................................................................................................................................................................................................................................................................................................................................................................................................................................................................................................................................................................................................................................................................................................................................................................................................................................................................................................................................................................................................................................................................................................................................................................................................................................................................................................................................................................................................................................................................................................................................................................................................................................................................................................................................................................................................................................................................................................................................................................................................................................................................................................................................................................................................................................................................................................................................................................................................................................................................................................................................................................................................................................................................................................................................................................................................................................................................................................................................................................................................................................................................................................................................................................................................................................................................................................................................................................................................................................................................................................................................................................................................................................................................................................................................................................................................................................................................................................................................................................................................................................................................................................................................................................................................................................................................................................................................................................................................................................................................................................................................................................................................................................................................................................................................................................................................................................................................................................................................................................................................................................................................................................................................................................................................................................................................................................................................................................................................................................................................................................................................................................................................................................................................................................................................................................................................................................................................................................................................................................................................................................................................................................................................................................................................................................................................................................................................................................................................................................................................................................................................................................................................................................................................................................................................................................................................................................................................................................................................................................................................................................................................................................................................................................................................................................................................................................................................................................................................................................................................................................................................................................................................................................................................................................................................................................................................................................................................................................................................................................................................................................................................................................................................................................................................................................................................................................................................................................................................................................................................................................................................................................................................................................................................................................................................................................................................................................................................................................................................................................................................................................................................................................................................................................................................................................................................................................................................................................................................................................................................................................................................................................................................................................................2 ms. Memory: 129024K Free: 87362K (68%)
1 ms. Memory: 129024K Free: 86818K (67%)
1 ms. Memory: 129024K Free: 85824K (67%)
1 ms. Memory: 129024K Free: 85314K (66%)
1 ms. Memory: 129024K Free: 84770K (66%)
/home/travis/build/icyphy/ptII/ptolemy/actor/lib/test/IIR.tcl
/home/travis/build/icyphy/ptII/ptolemy/actor/lib/test/Interpolator.tcl
5 ms. Memory: 129024K Free: 81218K (63%)
2 ms. Memory: 129024K Free: 80194K (62%)
2 ms. Memory: 129024K Free: 79674K (62%)
3 ms. Memory: 129024K Free: 79170K (61%)
3 ms. Memory: 129024K Free: 78146K (61%)
2 ms. Memory: 129024K Free: 77618K (60%)
5 ms. Memory: 129024K Free: 76594K (59%)
2 ms. Memory: 129024K Free: 75570K (59%)
2 ms. Memory: 129024K Free: 75074K (58%)
2 ms. Memory: 129024K Free: 74050K (57%)
/home/travis/build/icyphy/ptII/ptolemy/actor/lib/test/MathFunction.tcl
6 ms. Memory: 129024K Free: 72002K (56%)
4 ms. Memory: 129024K Free: 70978K (55%)
1 ms. Memory: 129024K Free: 69954K (54%)
3 ms. Memory: 129024K Free: 68930K (53%)
4 ms. Memory: 129024K Free: 67362K (52%)
6 ms. Memory: 129024K Free: 65858K (51%)
/home/travis/build/icyphy/ptII/ptolemy/actor/lib/test/Maximum.tcl
4 ms. Memory: 129024K Free: 63810K (49%)
4 ms. Memory: 129024K Free: 112975K (88%)
5 ms. Memory: 129024K Free: 112049K (87%)
5 ms. Memory: 129024K Free: 111545K (86%)
/home/travis/build/icyphy/ptII/ptolemy/actor/lib/test/Minimum.tcl
5 ms. Memory: 129024K Free: 109497K (85%)
2 ms. Memory: 129024K Free: 108983K (84%)
2 ms. Memory: 129024K Free: 108473K (84%)
2 ms. Memory: 129024K Free: 107943K (84%)
/home/travis/build/icyphy/ptII/ptolemy/actor/lib/test/MultiplyDivide.tcl
7 ms. Memory: 129024K Free: 105897K (82%)
9 ms. Memory: 129024K Free: 104887K (81%)
2 ms. Memory: 129024K Free: 104377K (81%)
2 ms. Memory: 129024K Free: 103833K (80%)
5 ms. Memory: 129024K Free: 102839K (80%)
/home/travis/build/icyphy/ptII/ptolemy/actor/lib/test/OrderedMerge.tcl
Connections changed on port: inputA
Connections changed on port: inputB
Connections changed on port: output
Connections changed on port: output
Connections changed on port: output
Connections changed on port: input
.top. Preinitializing ...
Invoking preinitialize():  .top.OrderedMerge
Called preinitialize()
Invoking preinitialize():  .top.Ramp
Called preinitialize()
Invoking preinitialize():  .top.Ramp2
Called preinitialize()
Invoking preinitialize():  .top.Test
Called preinitialize()
Connections changed on port: inputA
Connections changed on port: output
Connections changed on port: output
Connections changed on port: input
Connections changed on port: inputB
Connections changed on port: output
.top. Finished preinitialize().
Called initialize().
Invoking initialize():  .top.OrderedMerge
Initializing actor: .top.OrderedMerge
Adding a thread: .top.OrderedMerge
Invoking initialize():  .top.Ramp
Initializing actor: .top.Ramp
Adding a thread: .top.Ramp
Invoking initialize():  .top.Ramp2
Initializing actor: .top.Ramp2
Adding a thread: .top.Ramp2
Invoking initialize():  .top.Test
Initializing actor: .top.Test
Adding a thread: .top.Test
Called fire().
Checking for deadlock:
-- Starting thread.
Called initialize()
Called prefire()
Called fire()
-- Starting thread.
Called initialize()
Called prefire()
Called fire()
-- Starting thread.
Called initialize()
-- Starting thread.
Called initialize()
Called prefire()
Called fire()
Called prefire()
Called fire()
There are 0 Blocked actors, 0 Stopped actors, and 4 active threads.
Waiting for actors to stop.
Called postfire()
Called prefire()
Called fire()
Read input token from inputA with value 0.0
Next port to read input from is inputB
Called postfire()
Called prefire()
Called fire()
Called postfire()
Called prefire()
Called fire()
Checking for deadlock:
There are 2 Blocked actors, 0 Stopped actors, and 4 active threads.
Waiting for actors to stop.
Read input token from inputB with value 0.0
Sent output token with value 0.0
Next port to read input from is inputA
Called postfire()
Called prefire()
Called fire()
Called postfire()
Called prefire()
Called fire()
Read input token from inputA with value 1.0
-- Read input: 0.0, which is expected to match: 0.0
Called prefire()
Called fire()
Checking for deadlock:
There are 1 Blocked actors, 0 Stopped actors, and 4 active threads.
Waiting for actors to stop.
Called postfire()
Called prefire()
Called fire()
Sent output token with value 0.0
Next port to read input from is inputB
Called postfire()
Called prefire()
Called fire()
Read input token from inputB with value 1.5
Called postfire()
Called prefire()
Called fire()
Called postfire()
Called prefire()
Called fire()
Checking for deadlock:
There are 3 Blocked actors, 0 Stopped actors, and 4 active threads.
Waiting for actors to stop.
-- Read input: 0.0, which is expected to match: 0.0
Called prefire()
Called fire()
Sent output token with value 1.0
Next port to read input from is inputA
Called postfire()
Called prefire()
Called fire()
Read input token from inputA with value 2.0
Checking for deadlock:
There are 2 Blocked actors, 0 Stopped actors, and 4 active threads.
Waiting for actors to stop.
Called postfire()
Called prefire()
Called fire()
-- Read input: 1.0, which is expected to match: 1.0
Called prefire()
Called fire()
Checking for deadlock:
There are 3 Blocked actors, 0 Stopped actors, and 4 active threads.
Waiting for actors to stop.
Sent output token with value 1.5
Next port to read input from is inputB
Called postfire()
Called prefire()
Called fire()
Read input token from inputB with value 3.0
Checking for deadlock:
There are 2 Blocked actors, 0 Stopped actors, and 4 active threads.
Waiting for actors to stop.
Called postfire()
Called prefire()
Called fire()
-- Read input: 1.5, which is expected to match: 1.5
Called prefire()
Called fire()
Checking for deadlock:
There are 3 Blocked actors, 0 Stopped actors, and 4 active threads.
Waiting for actors to stop.
Sent output token with value 2.0
Next port to read input from is inputA
Called postfire()
Called prefire()
Called fire()
Read input token from inputA with value 3.0
-- Read input: 2.0, which is expected to match: 2.0
Called prefire()
Called fire()
Called postfire()
Called prefire()
Called fire()
Checking for deadlock:
There are 3 Blocked actors, 0 Stopped actors, and 4 active threads.
Waiting for actors to stop.
Sent output token with value 3.0
Next port to read input from is inputB
Called postfire()
Called prefire()
Called fire()
Read input token from inputB with value 4.5
-- Read input: 3.0, which is expected to match: 3.0
Called prefire()
Called fire()
Called postfire()
Called prefire()
Called fire()
Checking for deadlock:
There are 3 Blocked actors, 0 Stopped actors, and 4 active threads.
Waiting for actors to stop.
-- Read input: 3.0, which is expected to match: 3.0
Called prefire()
Called fire()
Sent output token with value 3.0
Next port to read input from is inputA
Called postfire()
Called prefire()
Called fire()
Read input token from inputA with value 4.0
Sent output token with value 4.0
Next port to read input from is inputA
Called postfire()
Called prefire()
Called fire()
Checking for deadlock:
There are 2 Blocked actors, 0 Stopped actors, and 4 active threads.
Waiting for actors to stop.
-- Read input: 4.0, which is expected to match: 4.0
Called prefire()
Called fire()
Past the end of training data. Read and discard all inputs.
Called postfire()
Called prefire()
Called fire()
Checking for deadlock:
There are 3 Blocked actors, 0 Stopped actors, and 4 active threads.
Waiting for actors to stop.
Read input token from inputA with value 5.0
Sent output token with value 4.5
Next port to read input from is inputB
Called postfire()
Called prefire()
Called fire()
Read input token from inputB with value 6.0
Called postfire()
Called prefire()
Called fire()
Checking for deadlock:
There are 2 Blocked actors, 0 Stopped actors, and 4 active threads.
Waiting for actors to stop.
Called prefire()
Called fire()
Past the end of training data. Read and discard all inputs.
Called postfire()
Called prefire()
Called fire()
Checking for deadlock:
There are 3 Blocked actors, 0 Stopped actors, and 4 active threads.
Waiting for actors to stop.
Called prefire()
Called fire()
Past the end of training data. Read and discard all inputs.
Sent output token with value 5.0
Next port to read input from is inputA
Called postfire()
Called prefire()
Called fire()
Read input token from inputA with value 6.0
Sent output token with value 6.0
Next port to read input from is inputB
Called postfire()
Called prefire()
Called fire()
Read input token from inputB with value 7.5
Checking for deadlock:
There are 1 Blocked actors, 0 Stopped actors, and 4 active threads.
Waiting for actors to stop.
Called postfire()
Called prefire()
Called fire()
Called prefire()
Called fire()
Past the end of training data. Read and discard all inputs.
Called postfire()
Called prefire()
Called fire()
Checking for deadlock:
There are 3 Blocked actors, 0 Stopped actors, and 4 active threads.
Waiting for actors to stop.
Called prefire()
Called fire()
Past the end of training data. Read and discard all inputs.
Sent output token with value 6.0
Next port to read input from is inputA
Called postfire()
Called prefire()
Called fire()
Read input token from inputA with value 7.0
Sent output token with value 7.0
Next port to read input from is inputA
Called postfire()
Called prefire()
Called fire()
Checking for deadlock:
There are 2 Blocked actors, 0 Stopped actors, and 4 active threads.
Waiting for actors to stop.
Called postfire()
Called prefire()
Called fire()
Called prefire()
Called fire()
Past the end of training data. Read and discard all inputs.
Checking for deadlock:
There are 3 Blocked actors, 0 Stopped actors, and 4 active threads.
Waiting for actors to stop.
Read input token from inputA with value 8.0
Sent output token with value 7.5
Next port to read input from is inputB
Called postfire()
Called prefire()
Called fire()
Read input token from inputB with value 9.0
Checking for deadlock:
There are 1 Blocked actors, 0 Stopped actors, and 4 active threads.
Waiting for actors to stop.
-- Thread wrapup() called.
Called wrapup()
Thread .top.Ramp is exiting.
-- Thread stopped.
Called postfire()
Called prefire()
Called fire()
Checking for deadlock:
There are 2 Blocked actors, 0 Stopped actors, and 3 active threads.
Waiting for actors to stop.
Called prefire()
Called fire()
Past the end of training data. Read and discard all inputs.
Sent output token with value 8.0
Next port to read input from is inputA
Called postfire()
Called prefire()
Called fire()
Read input token from inputA with value 9.0
Checking for deadlock:
There are 2 Blocked actors, 0 Stopped actors, and 3 active threads.
Waiting for actors to stop.
Called prefire()
Called fire()
Past the end of training data. Read and discard all inputs.
Sent output token with value 9.0
Next port to read input from is inputB
Called postfire()
Called prefire()
Called fire()
Read input token from inputB with value 10.5
Checking for deadlock:
There are 1 Blocked actors, 0 Stopped actors, and 3 active threads.
Waiting for actors to stop.
Called postfire()
Called prefire()
Called fire()
Called prefire()
Called fire()
Past the end of training data. Read and discard all inputs.
Checking for deadlock:
There are 2 Blocked actors, 0 Stopped actors, and 3 active threads.
Waiting for actors to stop.
Called prefire()
Called fire()
Past the end of training data. Read and discard all inputs.
Sent output token with value 9.0
Next port to read input from is inputA
Called postfire()
Called prefire()
Called fire()
Checking for deadlock:
There are 3 Blocked actors, 0 Stopped actors, and 3 active threads.
Actors have stopped.
Checking for deadlock:
There are 3 Blocked actors, 0 Stopped actors, and 3 active threads.
Deadlock detected.
Resolving Deadlock
Checking for deadlock:
There are 3 Blocked actors, 0 Stopped actors, and 3 active threads.
Artificial Deadlock - increasing queue capacity.
increasing the capacity of receiver ptolemy.actor.TypedIOPort {.top.OrderedMerge.inputB} to 2
-- Thread wrapup() called.
Called wrapup()
Thread .top.Ramp2 is exiting.
-- Thread stopped.
Director: Called postfire().
Called postfire().
_stopRequested = false
_stopFireRequested = false
Returning from postfire(): true
Called fire().
Checking for deadlock:
There are 2 Blocked actors, 0 Stopped actors, and 2 active threads.
Actors have stopped.
Checking for deadlock:
There are 2 Blocked actors, 0 Stopped actors, and 2 active threads.
Deadlock detected.
Resolving Deadlock
Checking for deadlock:
There are 2 Blocked actors, 0 Stopped actors, and 2 active threads.
Deadlock detected: no processes blocked on write, but some are blocked on read.
Called postfire().
_stopRequested = false
_stopFireRequested = false
Returning from postfire(): false
Finished deactivating branches.
Called wrapup().
-- Thread wrapup() called.
Called wrapup()
Thread .top.Test is exiting.
-- Thread stopped.
-- Blocked Receiver call threw TerminateProcessException.
-- Thread wrapup() called.
Called wrapup()
Thread .top.OrderedMerge is exiting.
-- Thread stopped.
-- Blocked Receiver call threw TerminateProcessException.
55 ms. Memory: 129024K Free: 98233K (76%)
.top. Preinitializing ...
Invoking preinitialize():  .top.OrderedMerge
Called preinitialize()
Invoking preinitialize():  .top.Ramp
Called preinitialize()
Invoking preinitialize():  .top.Ramp2
Called preinitialize()
Invoking preinitialize():  .top.Test
Called preinitialize()
.top. Finished preinitialize().
Called initialize().
Invoking initialize():  .top.OrderedMerge
Initializing actor: .top.OrderedMerge
Adding a thread: .top.OrderedMerge
Invoking initialize():  .top.Ramp
Initializing actor: .top.Ramp
Adding a thread: .top.Ramp
Invoking initialize():  .top.Ramp2
Initializing actor: .top.Ramp2
Adding a thread: .top.Ramp2
Invoking initialize():  .top.Test
Initializing actor: .top.Test
Adding a thread: .top.Test
-- Starting thread.
Called initialize()
Called prefire()
Called fire()
-- Starting thread.
Called initialize()
Called prefire()
Called fire()
Called postfire()
Called prefire()
Called fire()
-- Starting thread.
Called initialize()
Called prefire()
Called fire()
Called postfire()
Called prefire()
Called fire()
Called fire().
Checking for deadlock:
There are 3 Blocked actors, 0 Stopped actors, and 4 active threads.
Waiting for actors to stop.
-- Starting thread.
Called initialize()
Called prefire()
Called fire()
Checking for deadlock:
There are 2 Blocked actors, 0 Stopped actors, and 4 active threads.
Waiting for actors to stop.
Called postfire()
Called prefire()
Called fire()
Read input token from inputA with value 0.0
Checking for deadlock:
There are 3 Blocked actors, 0 Stopped actors, and 4 active threads.
Next port to read input from is inputB
Called postfire()
Waiting for actors to stop.
Called prefire()
Called fire()
Called postfire()
Called prefire()
Called fire()
Checking for deadlock:
There are 3 Blocked actors, 0 Stopped actors, and 4 active threads.
Waiting for actors to stop.
Read input token from inputB with value 0.0
Sent output token with value 0.0
Next port to read input from is inputA
Called postfire()
Called prefire()
Called fire()
Read input token from inputA with value 1.0
Checking for deadlock:
There are 2 Blocked actors, 0 Stopped actors, and 4 active threads.
Waiting for actors to stop.
-- Read input: 0.0, which is expected to match: 0.0
Called prefire()
Called fire()
Called postfire()
Called prefire()
Called fire()
Checking for deadlock:
There are 3 Blocked actors, 0 Stopped actors, and 4 active threads.
Waiting for actors to stop.
Checking for deadlock:
Sent output token with value 0.0
There are 2 Blocked actors, 0 Stopped actors, and 4 active threads.
Waiting for actors to stop.
-- Read input: 0.0, which is expected to match: 0.0
Called prefire()
Called fire()
Checking for deadlock:
There are 3 Blocked actors, 0 Stopped actors, and 4 active threads.
Waiting for actors to stop.
Next port to read input from is inputB
Called postfire()
Called prefire()
Called fire()
Called postfire()
Called prefire()
Called fire()
Checking for deadlock:
There are 3 Blocked actors, 0 Stopped actors, and 4 active threads.
Waiting for actors to stop.
Read input token from inputB with value 1.5
-- Read input: 1.0, which is expected to match: 1.0
Called prefire()
Called fire()
Checking for deadlock:
There are 3 Blocked actors, 0 Stopped actors, and 4 active threads.
Sent output token with value 1.0
Waiting for actors to stop.
Next port to read input from is inputA
Called postfire()
Called prefire()
Called fire()
Checking for deadlock:
There are 2 Blocked actors, 0 Stopped actors, and 4 active threads.
Waiting for actors to stop.
Called postfire()
Called prefire()
Called fire()
Checking for deadlock:
Read input token from inputA with value 2.0
There are 3 Blocked actors, 0 Stopped actors, and 4 active threads.
Waiting for actors to stop.
Checking for deadlock:
There are 2 Blocked actors, 0 Stopped actors, and 4 active threads.
Waiting for actors to stop.
-- Read input: 1.5, which is expected to match: 1.5
Called prefire()
Called fire()
Sent output token with value 1.5
Checking for deadlock:
There are 3 Blocked actors, 0 Stopped actors, and 4 active threads.
Waiting for actors to stop.
Next port to read input from is inputB
Called postfire()
Called prefire()
Called fire()
Checking for deadlock:
There are 2 Blocked actors, 0 Stopped actors, and 4 active threads.
Waiting for actors to stop.
Read input token from inputB with value 3.0
Called postfire()
Called prefire()
Called fire()
Checking for deadlock:
There are 3 Blocked actors, 0 Stopped actors, and 4 active threads.
Waiting for actors to stop.
Checking for deadlock:
There are 2 Blocked actors, 0 Stopped actors, and 4 active threads.
Waiting for actors to stop.
Sent output token with value 2.0
-- Read input: 2.0, which is expected to match: 2.0
Called prefire()
Called fire()
Checking for deadlock:
There are 3 Blocked actors, 0 Stopped actors, and 4 active threads.
Waiting for actors to stop.
Next port to read input from is inputA
Called postfire()
Called prefire()
Called fire()
Checking for deadlock:
There are 2 Blocked actors, 0 Stopped actors, and 4 active threads.
Waiting for actors to stop.
Read input token from inputA with value 3.0
Called postfire()
Called prefire()
Called fire()
Checking for deadlock:
There are 3 Blocked actors, 0 Stopped actors, and 4 active threads.
Waiting for actors to stop.
Checking for deadlock:
There are 2 Blocked actors, 0 Stopped actors, and 4 active threads.
Waiting for actors to stop.
Sent output token with value 3.0
-- Read input: 3.0, which is expected to match: 3.0
Called prefire()
Called fire()
Checking for deadlock:
There are 3 Blocked actors, 0 Stopped actors, and 4 active threads.
Waiting for actors to stop.
Next port to read input from is inputB
Called postfire()
Called prefire()
Called fire()
Checking for deadlock:
There are 2 Blocked actors, 0 Stopped actors, and 4 active threads.
Waiting for actors to stop.
Called postfire()
Called prefire()
Called fire()
Checking for deadlock:
There are 3 Blocked actors, 0 Stopped actors, and 4 active threads.
Waiting for actors to stop.
Read input token from inputB with value 4.5
Checking for deadlock:
There are 2 Blocked actors, 0 Stopped actors, and 4 active threads.
Waiting for actors to stop.
-- Read input: 3.0, which is expected to match: 3.0
Called prefire()
Called fire()
Checking for deadlock:
There are 3 Blocked actors, 0 Stopped actors, and 4 active threads.
Waiting for actors to stop.
Sent output token with value 3.0
Next port to read input from is inputA
Called postfire()
Called prefire()
Called fire()
Called postfire()
Called prefire()
Called fire()
Checking for deadlock:
There are 3 Blocked actors, 0 Stopped actors, and 4 active threads.
Waiting for actors to stop.
Read input token from inputA with value 4.0
-- Read input: 4.0, which is expected to match: 4.0
Called prefire()
Called fire()
Past the end of training data. Read and discard all inputs.
Checking for deadlock:
There are 3 Blocked actors, 0 Stopped actors, and 4 active threads.
Sent output token with value 4.0
Waiting for actors to stop.
Next port to read input from is inputA
Called postfire()
Called prefire()
Called fire()
Called postfire()
Called prefire()
Called fire()
Checking for deadlock:
There are 3 Blocked actors, 0 Stopped actors, and 4 active threads.
Waiting for actors to stop.
Read input token from inputA with value 5.0
Called prefire()
Called fire()
Past the end of training data. Read and discard all inputs.
Checking for deadlock:
There are 3 Blocked actors, 0 Stopped actors, and 4 active threads.
Waiting for actors to stop.
Sent output token with value 4.5
Next port to read input from is inputB
Called postfire()
Called prefire()
Called fire()
Checking for deadlock:
There are 2 Blocked actors, 0 Stopped actors, and 4 active threads.
Waiting for actors to stop.
Read input token from inputB with value 6.0
Called postfire()
Called prefire()
Called fire()
Checking for deadlock:
There are 3 Blocked actors, 0 Stopped actors, and 4 active threads.
Waiting for actors to stop.
Checking for deadlock:
There are 2 Blocked actors, 0 Stopped actors, and 4 active threads.
Waiting for actors to stop.
Called prefire()
Called fire()
Past the end of training data. Read and discard all inputs.
Checking for deadlock:
There are 3 Blocked actors, 0 Stopped actors, and 4 active threads.
Sent output token with value 5.0
Waiting for actors to stop.
Next port to read input from is inputA
Called postfire()
Called prefire()
Called fire()
Checking for deadlock:
There are 2 Blocked actors, 0 Stopped actors, and 4 active threads.
Waiting for actors to stop.
Called postfire()
Called prefire()
Called fire()
Checking for deadlock:
There are 3 Blocked actors, 0 Stopped actors, and 4 active threads.
Waiting for actors to stop.
Read input token from inputA with value 6.0
Checking for deadlock:
Called prefire()
There are 2 Blocked actors, 0 Stopped actors, and 4 active threads.
Waiting for actors to stop.
Called fire()
Past the end of training data. Read and discard all inputs.
Checking for deadlock:
There are 3 Blocked actors, 0 Stopped actors, and 4 active threads.
Waiting for actors to stop.
Sent output token with value 6.0
Next port to read input from is inputB
Called postfire()
Called prefire()
Called fire()
Called postfire()
Called prefire()
Called fire()
Checking for deadlock:
There are 3 Blocked actors, 0 Stopped actors, and 4 active threads.
Waiting for actors to stop.
Read input token from inputB with value 7.5
Called prefire()
Called fire()
Past the end of training data. Read and discard all inputs.
Checking for deadlock:
There are 3 Blocked actors, 0 Stopped actors, and 4 active threads.
Waiting for actors to stop.
Sent output token with value 6.0
Next port to read input from is inputA
Called postfire()
Called prefire()
Called fire()
Checking for deadlock:
There are 2 Blocked actors, 0 Stopped actors, and 4 active threads.
Waiting for actors to stop.
Read input token from inputA with value 7.0
Called postfire()
Called prefire()
Called fire()
Checking for deadlock:
There are 3 Blocked actors, 0 Stopped actors, and 4 active threads.
Waiting for actors to stop.
Checking for deadlock:
There are 2 Blocked actors, 0 Stopped actors, and 4 active threads.
Sent output token with value 7.0
Waiting for actors to stop.
Next port to read input from is inputA
Called prefire()
Called fire()
Past the end of training data. Read and discard all inputs.
Checking for deadlock:
Called postfire()
Called prefire()
There are 3 Blocked actors, 0 Stopped actors, and 4 active threads.
Waiting for actors to stop.
Called fire()
-- Thread wrapup() called.
Called wrapup()
Thread .top.Ramp is exiting.
-- Thread stopped.
Checking for deadlock:
There are 2 Blocked actors, 0 Stopped actors, and 3 active threads.
Waiting for actors to stop.
Read input token from inputA with value 8.0
Checking for deadlock:
There are 1 Blocked actors, 0 Stopped actors, and 3 active threads.
Sent output token with value 7.5
Waiting for actors to stop.
Called prefire()
Called fire()
Past the end of training data. Read and discard all inputs.
Checking for deadlock:
There are 2 Blocked actors, 0 Stopped actors, and 3 active threads.
Waiting for actors to stop.
Next port to read input from is inputB
Called postfire()
Called prefire()
Called fire()
Checking for deadlock:
There are 1 Blocked actors, 0 Stopped actors, and 3 active threads.
Waiting for actors to stop.
Read input token from inputB with value 9.0
Called postfire()
Called prefire()
Called fire()
Checking for deadlock:
There are 2 Blocked actors, 0 Stopped actors, and 3 active threads.
Waiting for actors to stop.
Checking for deadlock:
There are 1 Blocked actors, 0 Stopped actors, and 3 active threads.
Waiting for actors to stop.
Sent output token with value 8.0
Called prefire()
Called fire()
Past the end of training data. Read and discard all inputs.
Checking for deadlock:
There are 2 Blocked actors, 0 Stopped actors, and 3 active threads.
Waiting for actors to stop.
Next port to read input from is inputA
Called postfire()
Called prefire()
Called fire()
Read input token from inputA with value 9.0
Called prefire()
Called fire()
Past the end of training data. Read and discard all inputs.
Checking for deadlock:
There are 2 Blocked actors, 0 Stopped actors, and 3 active threads.
Waiting for actors to stop.
Sent output token with value 9.0
Next port to read input from is inputB
Called postfire()
Called prefire()
Called fire()
Checking for deadlock:
Called postfire()
Called prefire()
There are 1 Blocked actors, 0 Stopped actors, and 3 active threads.
Waiting for actors to stop.
Called fire()
Checking for deadlock:
There are 2 Blocked actors, 0 Stopped actors, and 3 active threads.
Waiting for actors to stop.
Read input token from inputB with value 10.5
Sent output token with value 9.0
Next port to read input from is inputA
Called postfire()
Called prefire()
Called fire()
Checking for deadlock:
There are 2 Blocked actors, 0 Stopped actors, and 3 active threads.
Waiting for actors to stop.
Called prefire()
Called fire()
Past the end of training data. Read and discard all inputs.
Checking for deadlock:
There are 3 Blocked actors, 0 Stopped actors, and 3 active threads.
Actors have stopped.
Checking for deadlock:
There are 3 Blocked actors, 0 Stopped actors, and 3 active threads.
Deadlock detected.
Resolving Deadlock
Checking for deadlock:
There are 3 Blocked actors, 0 Stopped actors, and 3 active threads.
Artificial Deadlock - increasing queue capacity.
increasing the capacity of receiver ptolemy.actor.TypedIOPort {.top.OrderedMerge.inputB} to 2
Director: Called postfire().
Called postfire().
-- Thread wrapup() called.
_stopRequested = false
Called wrapup()
_stopFireRequested = false
Returning from postfire(): true
Thread .top.Ramp2 is exiting.
-- Thread stopped.
Called fire().
Checking for deadlock:
There are 2 Blocked actors, 0 Stopped actors, and 2 active threads.
Actors have stopped.
Checking for deadlock:
There are 2 Blocked actors, 0 Stopped actors, and 2 active threads.
Deadlock detected.
Resolving Deadlock
Checking for deadlock:
There are 2 Blocked actors, 0 Stopped actors, and 2 active threads.
Deadlock detected: no processes blocked on write, but some are blocked on read.
Called postfire().
_stopRequested = false
_stopFireRequested = false
Returning from postfire(): false
Finished deactivating branches.
Called wrapup().
-- Thread wrapup() called.
Called wrapup()
Thread .top.Test is exiting.
-- Thread stopped.
-- Blocked Receiver call threw TerminateProcessException.
-- Thread wrapup() called.
Called wrapup()
Thread .top.OrderedMerge is exiting.
-- Thread stopped.
-- Blocked Receiver call threw TerminateProcessException.
44 ms. Memory: 129024K Free: 95671K (74%)
/home/travis/build/icyphy/ptII/ptolemy/actor/lib/test/Publisher.tcl
29 ms. Memory: 129024K Free: 89497K (69%)
5 ms. Memory: 129024K Free: 83897K (65%)
5 ms. Memory: 129024K Free: 80297K (62%)
4 ms. Memory: 129024K Free: 79287K (61%)
3 ms. Memory: 129024K Free: 78777K (61%)
22 ms. Memory: 162816K Free: 146099K (90%)
15 ms. Memory: 162816K Free: 145676K (89%)
12 ms. Memory: 162816K Free: 144652K (89%)
20 ms. Memory: 162816K Free: 134922K (83%)
5 ms. Memory: 162816K Free: 130812K (80%)
3 ms. Memory: 162816K Free: 130316K (80%)
3 ms. Memory: 162816K Free: 128268K (79%)
6 ms. Memory: 162816K Free: 120586K (74%)
5 ms. Memory: 162816K Free: 110860K (68%)
5 ms. Memory: 162816K Free: 100092K (61%)
/home/travis/build/icyphy/ptII/ptolemy/actor/lib/test/Pulse.tcl
2 ms. Memory: 162816K Free: 136848K (84%)
1 ms. Memory: 162816K Free: 136338K (84%)
1 ms. Memory: 162816K Free: 135818K (83%)
1 ms. Memory: 162816K Free: 135314K (83%)
1 ms. Memory: 162816K Free: 134794K (83%)
5 ms. Memory: 162816K Free: 133776K (82%)
2 ms. Memory: 162816K Free: 132738K (82%)
1 ms. Memory: 162816K Free: 131728K (81%)
1 ms. Memory: 162816K Free: 131218K (81%)
/home/travis/build/icyphy/ptII/ptolemy/actor/lib/test/Ramp.tcl
2 ms. Memory: 162816K Free: 129170K (79%)
1 ms. Memory: 162816K Free: 128642K (79%)
2 ms. Memory: 162816K Free: 127618K (78%)
8 ms. Memory: 162816K Free: 127122K (78%)
3 ms. Memory: 162816K Free: 126098K (77%)
3 ms. Memory: 162816K Free: 125578K (77%)
6 ms. Memory: 162816K Free: 124546K (76%)
5 actors
11000 microseconds per iteration to create
9 ms. Memory: 162816K Free: 122002K (75%)
2 ms. Memory: 162816K Free: 120978K (74%)
9 ms. Memory: 162816K Free: 120464K (74%)
3 ms. Memory: 162816K Free: 119954K (74%)
50 actors
37000 microseconds per iteration to create
23 ms. Memory: 162816K Free: 104594K (64%)
4 ms. Memory: 162816K Free: 103570K (64%)
4 ms. Memory: 162816K Free: 102546K (63%)
3 ms. Memory: 162816K Free: 101522K (62%)
500 actors
1517000 microseconds per iteration to create
211 ms. Memory: 162816K Free: 94021K (58%)
27 ms. Memory: 162816K Free: 88901K (55%)
27 ms. Memory: 162816K Free: 83781K (51%)
26 ms. Memory: 162816K Free: 78661K (48%)
/home/travis/build/icyphy/ptII/ptolemy/actor/lib/test/RampContinuous.tcl
6 ms. Memory: 162816K Free: 77093K (47%)
/home/travis/build/icyphy/ptII/ptolemy/actor/lib/test/RecordAssembler.tcl
4 ms. Memory: 162816K Free: 75589K (46%)
2 ms. Memory: 162816K Free: 74565K (46%)
/home/travis/build/icyphy/ptII/ptolemy/actor/lib/test/RecordDisassembler.tcl
4 ms. Memory: 162816K Free: 72517K (45%)
2 ms. Memory: 162816K Free: 72003K (44%)
3 ms. Memory: 162816K Free: 70949K (44%)
/home/travis/build/icyphy/ptII/ptolemy/actor/lib/test/Scale.tcl
1 ms. Memory: 162816K Free: 68931K (42%)
1 ms. Memory: 162816K Free: 68421K (42%)
1 ms. Memory: 162816K Free: 67397K (41%)
2 ms. Memory: 162816K Free: 66869K (41%)
2 ms. Memory: 162816K Free: 65829K (40%)
/home/travis/build/icyphy/ptII/ptolemy/actor/lib/test/SequentialClock.tcl
preinitializing
resolving types
initializing
executing number 1
wrapping up
idle
2 ms. Memory: 162816K Free: 64821K (40%)
Completed execution with 5 iterations
preinitializing
resolving types
initializing
executing number 1
wrapping up
idle
1 ms. Memory: 162816K Free: 63805K (39%)
Completed execution with 5 iterations
preinitializing
resolving types
initializing
executing number 1
wrapping up
idle
1 ms. Memory: 162816K Free: 63301K (39%)
Completed execution with 5 iterations
/home/travis/build/icyphy/ptII/ptolemy/actor/lib/test/SetVariable.tcl
3 ms. Memory: 162816K Free: 61749K (38%)
/home/travis/build/icyphy/ptII/ptolemy/actor/lib/test/Sinewave.tcl
/home/travis/build/icyphy/ptII/ptolemy/actor/lib/test/SubscriptionAggregator.tcl
4 ms. Memory: 195584K Free: 166423K (85%)
2 ms. Memory: 195584K Free: 165909K (85%)
0 ms. Memory: 195584K Free: 165399K (85%)
1 ms. Memory: 195584K Free: 165366K (85%)
3 ms. Memory: 195584K Free: 161303K (82%)
9 ms. Memory: 195584K Free: 159255K (81%)
...............................................................892 ms. Memory: 297984K Free: 152012K (51%)
/home/travis/build/icyphy/ptII/ptolemy/actor/lib/test/Test.tcl
 The next command will produce a warning about training mode,
   which may be ignored.
5 ms. Memory: 297984K Free: 149964K (50%)
2 ms. Memory: 297984K Free: 148933K (50%)
1 ms. Memory: 297984K Free: 148430K (50%)
2 ms. Memory: 297984K Free: 147901K (50%)
1 ms. Memory: 297984K Free: 147406K (49%)
2 ms. Memory: 297984K Free: 145868K (49%)
2 ms. Memory: 297984K Free: 144829K (49%)
 The next command will produce a warning about training mode,
   which may be ignored.
3 ms. Memory: 297984K Free: 142286K (48%)
 The next command will produce a warning about training mode,
   which may be ignored.
2 ms. Memory: 297984K Free: 141262K (47%)
1 ms. Memory: 297984K Free: 140717K (47%)
1 ms. Memory: 297984K Free: 140238K (47%)
1 ms. Memory: 297984K Free: 139693K (47%)
5 ms. Memory: 297984K Free: 138700K (47%)
3 ms. Memory: 297984K Free: 135118K (45%)
/home/travis/build/icyphy/ptII/ptolemy/actor/lib/test/TestExceptionHandler.tcl
 The next command will produce a warning about training mode,
   which may be ignored.
2 ms. Memory: 297984K Free: 133565K (45%)
1 ms. Memory: 297984K Free: 133070K (45%)
1 ms. Memory: 297984K Free: 132556K (44%)
/home/travis/build/icyphy/ptII/ptolemy/actor/lib/test/UnionDisassembler.tcl
16 ms. Memory: 297984K Free: 125357K (42%)
/home/travis/build/icyphy/ptII/ptolemy/actor/lib/test/VariableClock.tcl
preinitializing
resolving types
initializing
executing number 1
wrapping up
idle
10 ms. Memory: 297984K Free: 250407K (84%)
Completed execution with 11 iterations
preinitializing
resolving types
initializing
executing number 1
wrapping up
idle
3 ms. Memory: 297984K Free: 248912K (84%)
Completed execution with 10 iterations
05/15/20 02:23:54
Failed: 0  Total Tests: 233  ((Passed: 233, Newly Passed: 0)  Known Failed: 0) /home/travis/build/icyphy/ptII/ptolemy/actor/lib/test
----------------- testing (KnownFailure) /home/travis/build/icyphy/ptII/ptolemy/actor/lib/test/auto/knownFailedTests/PublisherPortToplevelSubscriber.xml
0 ms. Memory: 297984K Free: 245840K (83%)
Known Failure: java.lang.reflect.InvocationTargetException
----------------- testing (KnownFailure) /home/travis/build/icyphy/ptII/ptolemy/actor/lib/test/auto/knownFailedTests/PublisherSubscriberPortToplevel.xml
0 ms. Memory: 297984K Free: 242254K (81%)
Known Failure: java.lang.reflect.InvocationTargetException
----------------- testing (KnownFailure) /home/travis/build/icyphy/ptII/ptolemy/actor/lib/test/auto/knownFailedTests/PublisherSubscriptionAggregatorPort.xml
1 ms. Memory: 297984K Free: 237648K (80%)
Known Failure: java.lang.reflect.InvocationTargetException
----------------- testing (KnownFailure) /home/travis/build/icyphy/ptII/ptolemy/actor/lib/test/auto/knownFailedTests/sizedarray3.xml
5 ms. Memory: 297984K Free: 233038K (78%)
Known Failure: java.lang.reflect.InvocationTargetException
No auto/linux-amd64/*.xml tests in /home/travis/build/icyphy/ptII/ptolemy/actor/lib/test
AutoTests.java: About to close Vertx.
AutoTests.java: Vertx closed.

===========================================================================================
----------------- testing Fri May 15 14:23:54 UTC 2020 /home/travis/build/icyphy/ptII/ptolemy/actor/lib/test/auto/AbsoluteValue.xml
----------------- Instantiating /home/travis/build/icyphy/ptII/ptolemy/actor/lib/test/auto/AbsoluteValue.xml
5 ms. Memory: 297984K Free: 210000K (70%)
----------------- Invoking toplevel() on ptolemy.moml.MoMLSimpleApplication@2f566e1e
----------------- Done invoking toplevel() on ptolemy.moml.MoMLSimpleApplication@2f566e1e
reloadAllAccessors: .AbsoluteValue

===========================================================================================
----------------- testing Fri May 15 14:23:54 UTC 2020 /home/travis/build/icyphy/ptII/ptolemy/actor/lib/test/auto/AbsoluteValue2.xml
----------------- Instantiating /home/travis/build/icyphy/ptII/ptolemy/actor/lib/test/auto/AbsoluteValue2.xml
5 ms. Memory: 297984K Free: 203342K (68%)
----------------- Invoking toplevel() on ptolemy.moml.MoMLSimpleApplication@64261b79
----------------- Done invoking toplevel() on ptolemy.moml.MoMLSimpleApplication@64261b79
reloadAllAccessors: .AbsoluteValue2

===========================================================================================
----------------- testing Fri May 15 14:23:55 UTC 2020 /home/travis/build/icyphy/ptII/ptolemy/actor/lib/test/auto/Accumulator.xml
----------------- Instantiating /home/travis/build/icyphy/ptII/ptolemy/actor/lib/test/auto/Accumulator.xml
5 ms. Memory: 297984K Free: 196688K (66%)
----------------- Invoking toplevel() on ptolemy.moml.MoMLSimpleApplication@7ec16961
----------------- Done invoking toplevel() on ptolemy.moml.MoMLSimpleApplication@7ec16961
reloadAllAccessors: .Accumulator

===========================================================================================
----------------- testing Fri May 15 14:23:55 UTC 2020 /home/travis/build/icyphy/ptII/ptolemy/actor/lib/test/auto/Accumulator2.xml
----------------- Instantiating /home/travis/build/icyphy/ptII/ptolemy/actor/lib/test/auto/Accumulator2.xml
4 ms. Memory: 297984K Free: 191568K (64%)
----------------- Invoking toplevel() on ptolemy.moml.MoMLSimpleApplication@1714ee2d
----------------- Done invoking toplevel() on ptolemy.moml.MoMLSimpleApplication@1714ee2d
reloadAllAccessors: .Accumulator2

===========================================================================================
----------------- testing Fri May 15 14:23:55 UTC 2020 /home/travis/build/icyphy/ptII/ptolemy/actor/lib/test/auto/Accumulator3.xml
----------------- Instantiating /home/travis/build/icyphy/ptII/ptolemy/actor/lib/test/auto/Accumulator3.xml
2 ms. Memory: 297984K Free: 186958K (63%)
----------------- Invoking toplevel() on ptolemy.moml.MoMLSimpleApplication@5a5ac581
----------------- Done invoking toplevel() on ptolemy.moml.MoMLSimpleApplication@5a5ac581
reloadAllAccessors: .Accumulator3

===========================================================================================
----------------- testing Fri May 15 14:23:55 UTC 2020 /home/travis/build/icyphy/ptII/ptolemy/actor/lib/test/auto/ArrayAppend.xml
----------------- Instantiating /home/travis/build/icyphy/ptII/ptolemy/actor/lib/test/auto/ArrayAppend.xml
5 ms. Memory: 297984K Free: 181328K (61%)
----------------- Invoking toplevel() on ptolemy.moml.MoMLSimpleApplication@4d0d824a
----------------- Done invoking toplevel() on ptolemy.moml.MoMLSimpleApplication@4d0d824a
reloadAllAccessors: .ArrayAppend

===========================================================================================
----------------- testing Fri May 15 14:23:55 UTC 2020 /home/travis/build/icyphy/ptII/ptolemy/actor/lib/test/auto/ArrayAppend2.xml
----------------- Instantiating /home/travis/build/icyphy/ptII/ptolemy/actor/lib/test/auto/ArrayAppend2.xml
285 ms. Memory: 297984K Free: 122446K (41%)
----------------- Invoking toplevel() on ptolemy.moml.MoMLSimpleApplication@6a5477d0
----------------- Done invoking toplevel() on ptolemy.moml.MoMLSimpleApplication@6a5477d0
reloadAllAccessors: .ArrayAppend2

===========================================================================================
----------------- testing Fri May 15 14:23:55 UTC 2020 /home/travis/build/icyphy/ptII/ptolemy/actor/lib/test/auto/ArrayAppend3.xml
----------------- Instantiating /home/travis/build/icyphy/ptII/ptolemy/actor/lib/test/auto/ArrayAppend3.xml
5 ms. Memory: 297984K Free: 117326K (39%)
----------------- Invoking toplevel() on ptolemy.moml.MoMLSimpleApplication@60ca874b
----------------- Done invoking toplevel() on ptolemy.moml.MoMLSimpleApplication@60ca874b
reloadAllAccessors: .ArrayAppend3

===========================================================================================
----------------- testing Fri May 15 14:23:55 UTC 2020 /home/travis/build/icyphy/ptII/ptolemy/actor/lib/test/auto/ArrayAppend4.xml
----------------- Instantiating /home/travis/build/icyphy/ptII/ptolemy/actor/lib/test/auto/ArrayAppend4.xml
5 ms. Memory: 297984K Free: 111696K (37%)
----------------- Invoking toplevel() on ptolemy.moml.MoMLSimpleApplication@42bfb87e
----------------- Done invoking toplevel() on ptolemy.moml.MoMLSimpleApplication@42bfb87e
reloadAllAccessors: .ArrayAppend4

===========================================================================================
----------------- testing Fri May 15 14:23:55 UTC 2020 /home/travis/build/icyphy/ptII/ptolemy/actor/lib/test/auto/ArrayAppend5.xml
----------------- Instantiating /home/travis/build/icyphy/ptII/ptolemy/actor/lib/test/auto/ArrayAppend5.xml
1 ms. Memory: 297984K Free: 106062K (36%)
----------------- Invoking toplevel() on ptolemy.moml.MoMLSimpleApplication@266a0830
----------------- Done invoking toplevel() on ptolemy.moml.MoMLSimpleApplication@266a0830
reloadAllAccessors: .ArrayAppend5

===========================================================================================
----------------- testing Fri May 15 14:23:55 UTC 2020 /home/travis/build/icyphy/ptII/ptolemy/actor/lib/test/auto/ArrayAppend6.xml
----------------- Instantiating /home/travis/build/icyphy/ptII/ptolemy/actor/lib/test/auto/ArrayAppend6.xml
2 ms. Memory: 297984K Free: 100942K (34%)
----------------- Invoking toplevel() on ptolemy.moml.MoMLSimpleApplication@29228941
----------------- Done invoking toplevel() on ptolemy.moml.MoMLSimpleApplication@29228941
reloadAllAccessors: .ArrayAppend6

===========================================================================================
----------------- testing Fri May 15 14:23:55 UTC 2020 /home/travis/build/icyphy/ptII/ptolemy/actor/lib/test/auto/ArrayAppendPerformanceTest.xml
----------------- Instantiating /home/travis/build/icyphy/ptII/ptolemy/actor/lib/test/auto/ArrayAppendPerformanceTest.xml
80 ms. Memory: 297984K Free: 247185K (83%)
----------------- Invoking toplevel() on ptolemy.moml.MoMLSimpleApplication@56622cfa
----------------- Done invoking toplevel() on ptolemy.moml.MoMLSimpleApplication@56622cfa
reloadAllAccessors: .ArrayAppendPerformanceTest

===========================================================================================
----------------- testing Fri May 15 14:23:55 UTC 2020 /home/travis/build/icyphy/ptII/ptolemy/actor/lib/test/auto/ArrayAppendWithEmptyInput.xml
----------------- Instantiating /home/travis/build/icyphy/ptII/ptolemy/actor/lib/test/auto/ArrayAppendWithEmptyInput.xml
13 ms. Memory: 297984K Free: 238078K (80%)
----------------- Invoking toplevel() on ptolemy.moml.MoMLSimpleApplication@6d2529ed
----------------- Done invoking toplevel() on ptolemy.moml.MoMLSimpleApplication@6d2529ed
reloadAllAccessors: .ArrayAppendWithEmptyInput

===========================================================================================
----------------- testing Fri May 15 14:23:55 UTC 2020 /home/travis/build/icyphy/ptII/ptolemy/actor/lib/test/auto/ArrayAverage.xml
----------------- Instantiating /home/travis/build/icyphy/ptII/ptolemy/actor/lib/test/auto/ArrayAverage.xml
17 ms. Memory: 297984K Free: 230400K (77%)
----------------- Invoking toplevel() on ptolemy.moml.MoMLSimpleApplication@21fa56cc
----------------- Done invoking toplevel() on ptolemy.moml.MoMLSimpleApplication@21fa56cc
reloadAllAccessors: .ArrayAverage

===========================================================================================
----------------- testing Fri May 15 14:23:55 UTC 2020 /home/travis/build/icyphy/ptII/ptolemy/actor/lib/test/auto/ArrayContains.xml
----------------- Instantiating /home/travis/build/icyphy/ptII/ptolemy/actor/lib/test/auto/ArrayContains.xml
6 ms. Memory: 297984K Free: 224256K (75%)
----------------- Invoking toplevel() on ptolemy.moml.MoMLSimpleApplication@300c820
----------------- Done invoking toplevel() on ptolemy.moml.MoMLSimpleApplication@300c820
reloadAllAccessors: .ArrayContains

===========================================================================================
----------------- testing Fri May 15 14:23:55 UTC 2020 /home/travis/build/icyphy/ptII/ptolemy/actor/lib/test/auto/ArrayElement.xml
----------------- Instantiating /home/travis/build/icyphy/ptII/ptolemy/actor/lib/test/auto/ArrayElement.xml
4 ms. Memory: 297984K Free: 218622K (73%)
----------------- Invoking toplevel() on ptolemy.moml.MoMLSimpleApplication@1bafa597
----------------- Done invoking toplevel() on ptolemy.moml.MoMLSimpleApplication@1bafa597
reloadAllAccessors: .ArrayElement

===========================================================================================
----------------- testing Fri May 15 14:23:55 UTC 2020 /home/travis/build/icyphy/ptII/ptolemy/actor/lib/test/auto/ArrayElementAsMatrix.xml
----------------- Instantiating /home/travis/build/icyphy/ptII/ptolemy/actor/lib/test/auto/ArrayElementAsMatrix.xml
14 ms. Memory: 297984K Free: 208382K (70%)
----------------- Invoking toplevel() on ptolemy.moml.MoMLSimpleApplication@3f29e036
----------------- Done invoking toplevel() on ptolemy.moml.MoMLSimpleApplication@3f29e036
reloadAllAccessors: .ArrayElementAsMatrix

===========================================================================================
----------------- testing Fri May 15 14:23:55 UTC 2020 /home/travis/build/icyphy/ptII/ptolemy/actor/lib/test/auto/ArrayElementI.xml
----------------- Instantiating /home/travis/build/icyphy/ptII/ptolemy/actor/lib/test/auto/ArrayElementI.xml
3 ms. Memory: 297984K Free: 203262K (68%)
----------------- Invoking toplevel() on ptolemy.moml.MoMLSimpleApplication@5b93947b
----------------- Done invoking toplevel() on ptolemy.moml.MoMLSimpleApplication@5b93947b
reloadAllAccessors: .ArrayElementI

===========================================================================================
----------------- testing Fri May 15 14:23:55 UTC 2020 /home/travis/build/icyphy/ptII/ptolemy/actor/lib/test/auto/ArrayExtract.xml
----------------- Instantiating /home/travis/build/icyphy/ptII/ptolemy/actor/lib/test/auto/ArrayExtract.xml
4 ms. Memory: 297984K Free: 195070K (65%)
----------------- Invoking toplevel() on ptolemy.moml.MoMLSimpleApplication@535af77
----------------- Done invoking toplevel() on ptolemy.moml.MoMLSimpleApplication@535af77
reloadAllAccessors: .ArrayExtract

===========================================================================================
----------------- testing Fri May 15 14:23:55 UTC 2020 /home/travis/build/icyphy/ptII/ptolemy/actor/lib/test/auto/ArrayExtract2.xml
----------------- Instantiating /home/travis/build/icyphy/ptII/ptolemy/actor/lib/test/auto/ArrayExtract2.xml
1 ms. Memory: 297984K Free: 189440K (64%)
----------------- Invoking toplevel() on ptolemy.moml.MoMLSimpleApplication@23d116ec
----------------- Done invoking toplevel() on ptolemy.moml.MoMLSimpleApplication@23d116ec
reloadAllAccessors: .ArrayExtract2

===========================================================================================
----------------- testing Fri May 15 14:23:56 UTC 2020 /home/travis/build/icyphy/ptII/ptolemy/actor/lib/test/auto/ArrayLength.xml
----------------- Instantiating /home/travis/build/icyphy/ptII/ptolemy/actor/lib/test/auto/ArrayLength.xml
1 ms. Memory: 297984K Free: 185854K (62%)
----------------- Invoking toplevel() on ptolemy.moml.MoMLSimpleApplication@4d168ef5
----------------- Done invoking toplevel() on ptolemy.moml.MoMLSimpleApplication@4d168ef5
reloadAllAccessors: .ArrayLength

===========================================================================================
----------------- testing Fri May 15 14:23:56 UTC 2020 /home/travis/build/icyphy/ptII/ptolemy/actor/lib/test/auto/ArrayLevelCrossing.xml
----------------- Instantiating /home/travis/build/icyphy/ptII/ptolemy/actor/lib/test/auto/ArrayLevelCrossing.xml
4 ms. Memory: 297984K Free: 177152K (59%)
----------------- Invoking toplevel() on ptolemy.moml.MoMLSimpleApplication@67024c60
----------------- Done invoking toplevel() on ptolemy.moml.MoMLSimpleApplication@67024c60
reloadAllAccessors: .ArrayLevelCrossing

===========================================================================================
----------------- testing Fri May 15 14:23:56 UTC 2020 /home/travis/build/icyphy/ptII/ptolemy/actor/lib/test/auto/ArrayLevelCrossing2.xml
----------------- Instantiating /home/travis/build/icyphy/ptII/ptolemy/actor/lib/test/auto/ArrayLevelCrossing2.xml
2 ms. Memory: 297984K Free: 169984K (57%)
----------------- Invoking toplevel() on ptolemy.moml.MoMLSimpleApplication@2f6a8836
----------------- Done invoking toplevel() on ptolemy.moml.MoMLSimpleApplication@2f6a8836
reloadAllAccessors: .ArrayLevelCrossing2

===========================================================================================
----------------- testing Fri May 15 14:23:56 UTC 2020 /home/travis/build/icyphy/ptII/ptolemy/actor/lib/test/auto/ArrayPeakSearch.xml
----------------- Instantiating /home/travis/build/icyphy/ptII/ptolemy/actor/lib/test/auto/ArrayPeakSearch.xml
4 ms. Memory: 297984K Free: 160768K (54%)
----------------- Invoking toplevel() on ptolemy.moml.MoMLSimpleApplication@631905b2
----------------- Done invoking toplevel() on ptolemy.moml.MoMLSimpleApplication@631905b2
reloadAllAccessors: .ArrayPeakSearch

===========================================================================================
----------------- testing Fri May 15 14:23:56 UTC 2020 /home/travis/build/icyphy/ptII/ptolemy/actor/lib/test/auto/ArrayPeakSearch2.xml
----------------- Instantiating /home/travis/build/icyphy/ptII/ptolemy/actor/lib/test/auto/ArrayPeakSearch2.xml
6 ms. Memory: 297984K Free: 150528K (51%)
----------------- Invoking toplevel() on ptolemy.moml.MoMLSimpleApplication@61b59cce
----------------- Done invoking toplevel() on ptolemy.moml.MoMLSimpleApplication@61b59cce
reloadAllAccessors: .ArrayPeakSearch2

===========================================================================================
----------------- testing Fri May 15 14:23:56 UTC 2020 /home/travis/build/icyphy/ptII/ptolemy/actor/lib/test/auto/ArrayPeakSearch3.xml
----------------- Instantiating /home/travis/build/icyphy/ptII/ptolemy/actor/lib/test/auto/ArrayPeakSearch3.xml
5 ms. Memory: 297984K Free: 141312K (47%)
----------------- Invoking toplevel() on ptolemy.moml.MoMLSimpleApplication@328a69ab
----------------- Done invoking toplevel() on ptolemy.moml.MoMLSimpleApplication@328a69ab
reloadAllAccessors: .ArrayPeakSearch3

===========================================================================================
----------------- testing Fri May 15 14:23:56 UTC 2020 /home/travis/build/icyphy/ptII/ptolemy/actor/lib/test/auto/ArrayRemoveElement.xml
----------------- Instantiating /home/travis/build/icyphy/ptII/ptolemy/actor/lib/test/auto/ArrayRemoveElement.xml
2 ms. Memory: 297984K Free: 133630K (45%)
----------------- Invoking toplevel() on ptolemy.moml.MoMLSimpleApplication@52ce700f
----------------- Done invoking toplevel() on ptolemy.moml.MoMLSimpleApplication@52ce700f
reloadAllAccessors: .ArrayRemoveElement

===========================================================================================
----------------- testing Fri May 15 14:23:56 UTC 2020 /home/travis/build/icyphy/ptII/ptolemy/actor/lib/test/auto/ArraySort.xml
----------------- Instantiating /home/travis/build/icyphy/ptII/ptolemy/actor/lib/test/auto/ArraySort.xml
14 ms. Memory: 297984K Free: 124414K (42%)
----------------- Invoking toplevel() on ptolemy.moml.MoMLSimpleApplication@777db3cd
----------------- Done invoking toplevel() on ptolemy.moml.MoMLSimpleApplication@777db3cd
reloadAllAccessors: .ArraySort

===========================================================================================
----------------- testing Fri May 15 14:23:56 UTC 2020 /home/travis/build/icyphy/ptII/ptolemy/actor/lib/test/auto/ArraySum.xml
----------------- Instantiating /home/travis/build/icyphy/ptII/ptolemy/actor/lib/test/auto/ArraySum.xml
7 ms. Memory: 297984K Free: 119294K (40%)
----------------- Invoking toplevel() on ptolemy.moml.MoMLSimpleApplication@65905b5e
----------------- Done invoking toplevel() on ptolemy.moml.MoMLSimpleApplication@65905b5e
reloadAllAccessors: .ArraySum

===========================================================================================
----------------- testing Fri May 15 14:23:56 UTC 2020 /home/travis/build/icyphy/ptII/ptolemy/actor/lib/test/auto/ArrayToElements.xml
----------------- Instantiating /home/travis/build/icyphy/ptII/ptolemy/actor/lib/test/auto/ArrayToElements.xml
6 ms. Memory: 297984K Free: 113664K (38%)
----------------- Invoking toplevel() on ptolemy.moml.MoMLSimpleApplication@2370cabe
----------------- Done invoking toplevel() on ptolemy.moml.MoMLSimpleApplication@2370cabe
reloadAllAccessors: .ArrayToElements

===========================================================================================
----------------- testing Fri May 15 14:23:56 UTC 2020 /home/travis/build/icyphy/ptII/ptolemy/actor/lib/test/auto/ArrayToMatrix.xml
----------------- Instantiating /home/travis/build/icyphy/ptII/ptolemy/actor/lib/test/auto/ArrayToMatrix.xml
10 ms. Memory: 297984K Free: 99838K (34%)
----------------- Invoking toplevel() on ptolemy.moml.MoMLSimpleApplication@2634013f
----------------- Done invoking toplevel() on ptolemy.moml.MoMLSimpleApplication@2634013f
reloadAllAccessors: .ArrayToMatrix

===========================================================================================
----------------- testing Fri May 15 14:23:56 UTC 2020 /home/travis/build/icyphy/ptII/ptolemy/actor/lib/test/auto/ArrayUpdate1.xml
----------------- Instantiating /home/travis/build/icyphy/ptII/ptolemy/actor/lib/test/auto/ArrayUpdate1.xml
7 ms. Memory: 297984K Free: 94718K (32%)
----------------- Invoking toplevel() on ptolemy.moml.MoMLSimpleApplication@7aed4d9
----------------- Done invoking toplevel() on ptolemy.moml.MoMLSimpleApplication@7aed4d9
reloadAllAccessors: .ArrayUpdate1

===========================================================================================
----------------- testing Fri May 15 14:23:56 UTC 2020 /home/travis/build/icyphy/ptII/ptolemy/actor/lib/test/auto/ArrayUpdate2.xml
----------------- Instantiating /home/travis/build/icyphy/ptII/ptolemy/actor/lib/test/auto/ArrayUpdate2.xml
3 ms. Memory: 297984K Free: 88574K (30%)
----------------- Invoking toplevel() on ptolemy.moml.MoMLSimpleApplication@25da341e
----------------- Done invoking toplevel() on ptolemy.moml.MoMLSimpleApplication@25da341e
reloadAllAccessors: .ArrayUpdate2

===========================================================================================
----------------- testing Fri May 15 14:23:56 UTC 2020 /home/travis/build/icyphy/ptII/ptolemy/actor/lib/test/auto/ArrayUpdate3.xml
----------------- Instantiating /home/travis/build/icyphy/ptII/ptolemy/actor/lib/test/auto/ArrayUpdate3.xml
4 ms. Memory: 297984K Free: 83454K (28%)
----------------- Invoking toplevel() on ptolemy.moml.MoMLSimpleApplication@76577d0e
----------------- Done invoking toplevel() on ptolemy.moml.MoMLSimpleApplication@76577d0e
reloadAllAccessors: .ArrayUpdate3

===========================================================================================
----------------- testing Fri May 15 14:23:56 UTC 2020 /home/travis/build/icyphy/ptII/ptolemy/actor/lib/test/auto/Assert1.xml
----------------- Instantiating /home/travis/build/icyphy/ptII/ptolemy/actor/lib/test/auto/Assert1.xml
11 ms. Memory: 297984K Free: 249377K (84%)
----------------- Invoking toplevel() on ptolemy.moml.MoMLSimpleApplication@442a6884
----------------- Done invoking toplevel() on ptolemy.moml.MoMLSimpleApplication@442a6884
reloadAllAccessors: .Assert1

===========================================================================================
----------------- testing Fri May 15 14:23:56 UTC 2020 /home/travis/build/icyphy/ptII/ptolemy/actor/lib/test/auto/Assert2.xml
----------------- Instantiating /home/travis/build/icyphy/ptII/ptolemy/actor/lib/test/auto/Assert2.xml
2 ms. Memory: 297984K Free: 243233K (82%)
----------------- Invoking toplevel() on ptolemy.moml.MoMLSimpleApplication@367e480d
----------------- Done invoking toplevel() on ptolemy.moml.MoMLSimpleApplication@367e480d
reloadAllAccessors: .Assert2

===========================================================================================
----------------- testing Fri May 15 14:23:56 UTC 2020 /home/travis/build/icyphy/ptII/ptolemy/actor/lib/test/auto/BooleanMultiplexor.xml
----------------- Instantiating /home/travis/build/icyphy/ptII/ptolemy/actor/lib/test/auto/BooleanMultiplexor.xml
1 ms. Memory: 297984K Free: 238083K (80%)
----------------- Invoking toplevel() on ptolemy.moml.MoMLSimpleApplication@3156480c
----------------- Done invoking toplevel() on ptolemy.moml.MoMLSimpleApplication@3156480c
reloadAllAccessors: .BooleanMultiplexor

===========================================================================================
----------------- testing Fri May 15 14:23:56 UTC 2020 /home/travis/build/icyphy/ptII/ptolemy/actor/lib/test/auto/BooleanMultiplexor2.xml
----------------- Instantiating /home/travis/build/icyphy/ptII/ptolemy/actor/lib/test/auto/BooleanMultiplexor2.xml
3 ms. Memory: 297984K Free: 231459K (78%)
----------------- Invoking toplevel() on ptolemy.moml.MoMLSimpleApplication@49b74008
----------------- Done invoking toplevel() on ptolemy.moml.MoMLSimpleApplication@49b74008
reloadAllAccessors: .BooleanMultiplexor2

===========================================================================================
----------------- testing Fri May 15 14:23:56 UTC 2020 /home/travis/build/icyphy/ptII/ptolemy/actor/lib/test/auto/BooleanMultiplexor3.xml
----------------- Instantiating /home/travis/build/icyphy/ptII/ptolemy/actor/lib/test/auto/BooleanMultiplexor3.xml
1 ms. Memory: 297984K Free: 227873K (76%)
----------------- Invoking toplevel() on ptolemy.moml.MoMLSimpleApplication@2da52c92
----------------- Done invoking toplevel() on ptolemy.moml.MoMLSimpleApplication@2da52c92
reloadAllAccessors: .BooleanMultiplexor3

===========================================================================================
----------------- testing Fri May 15 14:23:56 UTC 2020 /home/travis/build/icyphy/ptII/ptolemy/actor/lib/test/auto/BooleanSelect.xml
----------------- Instantiating /home/travis/build/icyphy/ptII/ptolemy/actor/lib/test/auto/BooleanSelect.xml
9 ms. Memory: 297984K Free: 221715K (74%)
----------------- Invoking toplevel() on ptolemy.moml.MoMLSimpleApplication@e3c8bd4
----------------- Done invoking toplevel() on ptolemy.moml.MoMLSimpleApplication@e3c8bd4
reloadAllAccessors: .BooleanSelect

===========================================================================================
----------------- testing Fri May 15 14:23:56 UTC 2020 /home/travis/build/icyphy/ptII/ptolemy/actor/lib/test/auto/BooleanSelect2.xml
----------------- Instantiating /home/travis/build/icyphy/ptII/ptolemy/actor/lib/test/auto/BooleanSelect2.xml
2 ms. Memory: 297984K Free: 217633K (73%)
----------------- Invoking toplevel() on ptolemy.moml.MoMLSimpleApplication@53da6301
----------------- Done invoking toplevel() on ptolemy.moml.MoMLSimpleApplication@53da6301
reloadAllAccessors: .BooleanSelect2

===========================================================================================
----------------- testing Fri May 15 14:23:56 UTC 2020 /home/travis/build/icyphy/ptII/ptolemy/actor/lib/test/auto/BooleanSwitch.xml
----------------- Instantiating /home/travis/build/icyphy/ptII/ptolemy/actor/lib/test/auto/BooleanSwitch.xml
4 ms. Memory: 297984K Free: 211489K (71%)
----------------- Invoking toplevel() on ptolemy.moml.MoMLSimpleApplication@58420594
----------------- Done invoking toplevel() on ptolemy.moml.MoMLSimpleApplication@58420594
reloadAllAccessors: .BooleanSwitch

===========================================================================================
----------------- testing Fri May 15 14:23:56 UTC 2020 /home/travis/build/icyphy/ptII/ptolemy/actor/lib/test/auto/BooleanSwitch2.xml
----------------- Instantiating /home/travis/build/icyphy/ptII/ptolemy/actor/lib/test/auto/BooleanSwitch2.xml
1 ms. Memory: 297984K Free: 207393K (70%)
----------------- Invoking toplevel() on ptolemy.moml.MoMLSimpleApplication@5a41f7b
----------------- Done invoking toplevel() on ptolemy.moml.MoMLSimpleApplication@5a41f7b
reloadAllAccessors: .BooleanSwitch2

===========================================================================================
----------------- testing Fri May 15 14:23:56 UTC 2020 /home/travis/build/icyphy/ptII/ptolemy/actor/lib/test/auto/BooleanSwitchCloningBugWithClassRelationGroup.xml
----------------- Instantiating /home/travis/build/icyphy/ptII/ptolemy/actor/lib/test/auto/BooleanSwitchCloningBugWithClassRelationGroup.xml
4 ms. Memory: 297984K Free: 200739K (67%)
----------------- Invoking toplevel() on ptolemy.moml.MoMLSimpleApplication@58f32b3f
----------------- Done invoking toplevel() on ptolemy.moml.MoMLSimpleApplication@58f32b3f
reloadAllAccessors: .BooleanSwitchCloningBugWithClassRelationGroup

===========================================================================================
----------------- testing Fri May 15 14:23:56 UTC 2020 /home/travis/build/icyphy/ptII/ptolemy/actor/lib/test/auto/BusActors.xml
----------------- Instantiating /home/travis/build/icyphy/ptII/ptolemy/actor/lib/test/auto/BusActors.xml
5 ms. Memory: 297984K Free: 193057K (65%)
----------------- Invoking toplevel() on ptolemy.moml.MoMLSimpleApplication@5e6a617f
----------------- Done invoking toplevel() on ptolemy.moml.MoMLSimpleApplication@5e6a617f
reloadAllAccessors: .BusActors

===========================================================================================
----------------- testing Fri May 15 14:23:56 UTC 2020 /home/travis/build/icyphy/ptII/ptolemy/actor/lib/test/auto/ClassWrapper.xml
----------------- Instantiating /home/travis/build/icyphy/ptII/ptolemy/actor/lib/test/auto/ClassWrapper.xml
2 ms. Memory: 297984K Free: 188451K (63%)
----------------- Invoking toplevel() on ptolemy.moml.MoMLSimpleApplication@728b0527
----------------- Done invoking toplevel() on ptolemy.moml.MoMLSimpleApplication@728b0527
reloadAllAccessors: .ClassWrapper

===========================================================================================
----------------- testing Fri May 15 14:23:56 UTC 2020 /home/travis/build/icyphy/ptII/ptolemy/actor/lib/test/auto/Clock.xml
----------------- Instantiating /home/travis/build/icyphy/ptII/ptolemy/actor/lib/test/auto/Clock.xml
3 ms. Memory: 297984K Free: 184865K (62%)
----------------- Invoking toplevel() on ptolemy.moml.MoMLSimpleApplication@af2d943
----------------- Done invoking toplevel() on ptolemy.moml.MoMLSimpleApplication@af2d943
reloadAllAccessors: .Clock

===========================================================================================
----------------- testing Fri May 15 14:23:56 UTC 2020 /home/travis/build/icyphy/ptII/ptolemy/actor/lib/test/auto/Clock10.xml
----------------- Instantiating /home/travis/build/icyphy/ptII/ptolemy/actor/lib/test/auto/Clock10.xml
3 ms. Memory: 297984K Free: 178721K (60%)
----------------- Invoking toplevel() on ptolemy.moml.MoMLSimpleApplication@180168cf
----------------- Done invoking toplevel() on ptolemy.moml.MoMLSimpleApplication@180168cf
reloadAllAccessors: .Clock10

===========================================================================================
----------------- testing Fri May 15 14:23:56 UTC 2020 /home/travis/build/icyphy/ptII/ptolemy/actor/lib/test/auto/Clock11.xml
----------------- Instantiating /home/travis/build/icyphy/ptII/ptolemy/actor/lib/test/auto/Clock11.xml
5 ms. Memory: 297984K Free: 173091K (58%)
----------------- Invoking toplevel() on ptolemy.moml.MoMLSimpleApplication@616fac64
----------------- Done invoking toplevel() on ptolemy.moml.MoMLSimpleApplication@616fac64
reloadAllAccessors: .Clock11

===========================================================================================
----------------- testing Fri May 15 14:23:56 UTC 2020 /home/travis/build/icyphy/ptII/ptolemy/actor/lib/test/auto/Clock12.xml
----------------- Instantiating /home/travis/build/icyphy/ptII/ptolemy/actor/lib/test/auto/Clock12.xml
4 ms. Memory: 297984K Free: 166947K (56%)
----------------- Invoking toplevel() on ptolemy.moml.MoMLSimpleApplication@485e22eb
----------------- Done invoking toplevel() on ptolemy.moml.MoMLSimpleApplication@485e22eb
reloadAllAccessors: .Clock12

===========================================================================================
----------------- testing Fri May 15 14:23:56 UTC 2020 /home/travis/build/icyphy/ptII/ptolemy/actor/lib/test/auto/Clock13.xml
----------------- Instantiating /home/travis/build/icyphy/ptII/ptolemy/actor/lib/test/auto/Clock13.xml
4 ms. Memory: 297984K Free: 161307K (54%)
----------------- Invoking toplevel() on ptolemy.moml.MoMLSimpleApplication@2f812384
----------------- Done invoking toplevel() on ptolemy.moml.MoMLSimpleApplication@2f812384
reloadAllAccessors: .Clock13

===========================================================================================
----------------- testing Fri May 15 14:23:56 UTC 2020 /home/travis/build/icyphy/ptII/ptolemy/actor/lib/test/auto/Clock14.xml
----------------- Instantiating /home/travis/build/icyphy/ptII/ptolemy/actor/lib/test/auto/Clock14.xml
3 ms. Memory: 297984K Free: 155139K (52%)
----------------- Invoking toplevel() on ptolemy.moml.MoMLSimpleApplication@8228138
----------------- Done invoking toplevel() on ptolemy.moml.MoMLSimpleApplication@8228138
reloadAllAccessors: .Clock14

===========================================================================================
----------------- testing Fri May 15 14:23:56 UTC 2020 /home/travis/build/icyphy/ptII/ptolemy/actor/lib/test/auto/Clock15.xml
----------------- Instantiating /home/travis/build/icyphy/ptII/ptolemy/actor/lib/test/auto/Clock15.xml
4 ms. Memory: 297984K Free: 149019K (50%)
----------------- Invoking toplevel() on ptolemy.moml.MoMLSimpleApplication@178db6b1
----------------- Done invoking toplevel() on ptolemy.moml.MoMLSimpleApplication@178db6b1
reloadAllAccessors: .Clock15

===========================================================================================
----------------- testing Fri May 15 14:23:56 UTC 2020 /home/travis/build/icyphy/ptII/ptolemy/actor/lib/test/auto/Clock16.xml
----------------- Instantiating /home/travis/build/icyphy/ptII/ptolemy/actor/lib/test/auto/Clock16.xml
31 ms. Memory: 297984K Free: 135171K (45%)
----------------- Invoking toplevel() on ptolemy.moml.MoMLSimpleApplication@3a22d95c
----------------- Done invoking toplevel() on ptolemy.moml.MoMLSimpleApplication@3a22d95c
reloadAllAccessors: .Clock16

===========================================================================================
----------------- testing Fri May 15 14:23:57 UTC 2020 /home/travis/build/icyphy/ptII/ptolemy/actor/lib/test/auto/Clock17.xml
----------------- Instantiating /home/travis/build/icyphy/ptII/ptolemy/actor/lib/test/auto/Clock17.xml
24 ms. Memory: 297984K Free: 120867K (41%)
----------------- Invoking toplevel() on ptolemy.moml.MoMLSimpleApplication@2104dcc0
----------------- Done invoking toplevel() on ptolemy.moml.MoMLSimpleApplication@2104dcc0
reloadAllAccessors: .Clock17

===========================================================================================
----------------- testing Fri May 15 14:23:57 UTC 2020 /home/travis/build/icyphy/ptII/ptolemy/actor/lib/test/auto/Clock18.xml
----------------- Instantiating /home/travis/build/icyphy/ptII/ptolemy/actor/lib/test/auto/Clock18.xml
20 ms. Memory: 297984K Free: 107555K (36%)
----------------- Invoking toplevel() on ptolemy.moml.MoMLSimpleApplication@3aa1a522
----------------- Done invoking toplevel() on ptolemy.moml.MoMLSimpleApplication@3aa1a522
reloadAllAccessors: .Clock18

===========================================================================================
----------------- testing Fri May 15 14:23:57 UTC 2020 /home/travis/build/icyphy/ptII/ptolemy/actor/lib/test/auto/Clock19.xml
----------------- Instantiating /home/travis/build/icyphy/ptII/ptolemy/actor/lib/test/auto/Clock19.xml
13 ms. Memory: 297984K Free: 94243K (32%)
----------------- Invoking toplevel() on ptolemy.moml.MoMLSimpleApplication@5cf0a9d0
----------------- Done invoking toplevel() on ptolemy.moml.MoMLSimpleApplication@5cf0a9d0
reloadAllAccessors: .Clock19

===========================================================================================
----------------- testing Fri May 15 14:23:57 UTC 2020 /home/travis/build/icyphy/ptII/ptolemy/actor/lib/test/auto/Clock2.xml
----------------- Instantiating /home/travis/build/icyphy/ptII/ptolemy/actor/lib/test/auto/Clock2.xml
6 ms. Memory: 297984K Free: 89633K (30%)
----------------- Invoking toplevel() on ptolemy.moml.MoMLSimpleApplication@2954be65
----------------- Done invoking toplevel() on ptolemy.moml.MoMLSimpleApplication@2954be65
reloadAllAccessors: .Clock2

===========================================================================================
----------------- testing Fri May 15 14:23:57 UTC 2020 /home/travis/build/icyphy/ptII/ptolemy/actor/lib/test/auto/Clock20.xml
----------------- Instantiating /home/travis/build/icyphy/ptII/ptolemy/actor/lib/test/auto/Clock20.xml
8 ms. Memory: 297984K Free: 84003K (28%)
----------------- Invoking toplevel() on ptolemy.moml.MoMLSimpleApplication@6b13bb16
----------------- Done invoking toplevel() on ptolemy.moml.MoMLSimpleApplication@6b13bb16
reloadAllAccessors: .Clock20

===========================================================================================
----------------- testing Fri May 15 14:23:57 UTC 2020 /home/travis/build/icyphy/ptII/ptolemy/actor/lib/test/auto/Clock21.xml
----------------- Instantiating /home/travis/build/icyphy/ptII/ptolemy/actor/lib/test/auto/Clock21.xml
4 ms. Memory: 297984K Free: 78369K (26%)
----------------- Invoking toplevel() on ptolemy.moml.MoMLSimpleApplication@11e27ed4
----------------- Done invoking toplevel() on ptolemy.moml.MoMLSimpleApplication@11e27ed4
reloadAllAccessors: .Clock21

===========================================================================================
----------------- testing Fri May 15 14:23:57 UTC 2020 /home/travis/build/icyphy/ptII/ptolemy/actor/lib/test/auto/Clock22.xml
----------------- Instantiating /home/travis/build/icyphy/ptII/ptolemy/actor/lib/test/auto/Clock22.xml
9 ms. Memory: 297984K Free: 249766K (84%)
----------------- Invoking toplevel() on ptolemy.moml.MoMLSimpleApplication@132ff1a0
----------------- Done invoking toplevel() on ptolemy.moml.MoMLSimpleApplication@132ff1a0
reloadAllAccessors: .Clock22

===========================================================================================
----------------- testing Fri May 15 14:23:57 UTC 2020 /home/travis/build/icyphy/ptII/ptolemy/actor/lib/test/auto/Clock23.xml
----------------- Instantiating /home/travis/build/icyphy/ptII/ptolemy/actor/lib/test/auto/Clock23.xml
6 ms. Memory: 297984K Free: 243885K (82%)
----------------- Invoking toplevel() on ptolemy.moml.MoMLSimpleApplication@59cad7e8
----------------- Done invoking toplevel() on ptolemy.moml.MoMLSimpleApplication@59cad7e8
reloadAllAccessors: .Clock23

===========================================================================================
----------------- testing Fri May 15 14:23:57 UTC 2020 /home/travis/build/icyphy/ptII/ptolemy/actor/lib/test/auto/Clock24.xml
----------------- Instantiating /home/travis/build/icyphy/ptII/ptolemy/actor/lib/test/auto/Clock24.xml
3 ms. Memory: 297984K Free: 238251K (80%)
----------------- Invoking toplevel() on ptolemy.moml.MoMLSimpleApplication@d5b593b
----------------- Done invoking toplevel() on ptolemy.moml.MoMLSimpleApplication@d5b593b
reloadAllAccessors: .Clock24

===========================================================================================
----------------- testing Fri May 15 14:23:57 UTC 2020 /home/travis/build/icyphy/ptII/ptolemy/actor/lib/test/auto/Clock4.xml
----------------- Instantiating /home/travis/build/icyphy/ptII/ptolemy/actor/lib/test/auto/Clock4.xml
1 ms. Memory: 297984K Free: 233645K (78%)
----------------- Invoking toplevel() on ptolemy.moml.MoMLSimpleApplication@653b12af
----------------- Done invoking toplevel() on ptolemy.moml.MoMLSimpleApplication@653b12af
reloadAllAccessors: .Clock4

===========================================================================================
----------------- testing Fri May 15 14:23:57 UTC 2020 /home/travis/build/icyphy/ptII/ptolemy/actor/lib/test/auto/Clock5.xml
----------------- Instantiating /home/travis/build/icyphy/ptII/ptolemy/actor/lib/test/auto/Clock5.xml
1 ms. Memory: 297984K Free: 228011K (77%)
----------------- Invoking toplevel() on ptolemy.moml.MoMLSimpleApplication@34d6f20f
----------------- Done invoking toplevel() on ptolemy.moml.MoMLSimpleApplication@34d6f20f
reloadAllAccessors: .Clock5

===========================================================================================
----------------- testing Fri May 15 14:23:57 UTC 2020 /home/travis/build/icyphy/ptII/ptolemy/actor/lib/test/auto/Clock6.xml
----------------- Instantiating /home/travis/build/icyphy/ptII/ptolemy/actor/lib/test/auto/Clock6.xml
1 ms. Memory: 297984K Free: 224429K (75%)
----------------- Invoking toplevel() on ptolemy.moml.MoMLSimpleApplication@483ade22
----------------- Done invoking toplevel() on ptolemy.moml.MoMLSimpleApplication@483ade22
reloadAllAccessors: .Clock6

===========================================================================================
----------------- testing Fri May 15 14:23:57 UTC 2020 /home/travis/build/icyphy/ptII/ptolemy/actor/lib/test/auto/Clock7.xml
----------------- Instantiating /home/travis/build/icyphy/ptII/ptolemy/actor/lib/test/auto/Clock7.xml
1 ms. Memory: 297984K Free: 219819K (74%)
----------------- Invoking toplevel() on ptolemy.moml.MoMLSimpleApplication@4ad42188
----------------- Done invoking toplevel() on ptolemy.moml.MoMLSimpleApplication@4ad42188
reloadAllAccessors: .Clock7

===========================================================================================
----------------- testing Fri May 15 14:23:57 UTC 2020 /home/travis/build/icyphy/ptII/ptolemy/actor/lib/test/auto/Clock8.xml
----------------- Instantiating /home/travis/build/icyphy/ptII/ptolemy/actor/lib/test/auto/Clock8.xml
4 ms. Memory: 297984K Free: 214189K (72%)
----------------- Invoking toplevel() on ptolemy.moml.MoMLSimpleApplication@11769235
----------------- Done invoking toplevel() on ptolemy.moml.MoMLSimpleApplication@11769235
reloadAllAccessors: .Clock8

===========================================================================================
----------------- testing Fri May 15 14:23:57 UTC 2020 /home/travis/build/icyphy/ptII/ptolemy/actor/lib/test/auto/Clock9.xml
----------------- Instantiating /home/travis/build/icyphy/ptII/ptolemy/actor/lib/test/auto/Clock9.xml
4 ms. Memory: 297984K Free: 209069K (70%)
----------------- Invoking toplevel() on ptolemy.moml.MoMLSimpleApplication@5ba8af13
----------------- Done invoking toplevel() on ptolemy.moml.MoMLSimpleApplication@5ba8af13
reloadAllAccessors: .Clock9

===========================================================================================
----------------- testing Fri May 15 14:23:57 UTC 2020 /home/travis/build/icyphy/ptII/ptolemy/actor/lib/test/auto/CommDistDiscard.xml
----------------- Instantiating /home/travis/build/icyphy/ptII/ptolemy/actor/lib/test/auto/CommDistDiscard.xml
4 ms. Memory: 297984K Free: 203435K (68%)
----------------- Invoking toplevel() on ptolemy.moml.MoMLSimpleApplication@261d4ff3
----------------- Done invoking toplevel() on ptolemy.moml.MoMLSimpleApplication@261d4ff3
reloadAllAccessors: .CommDistDiscard

===========================================================================================
----------------- testing Fri May 15 14:23:57 UTC 2020 /home/travis/build/icyphy/ptII/ptolemy/actor/lib/test/auto/Commutator.xml
----------------- Instantiating /home/travis/build/icyphy/ptII/ptolemy/actor/lib/test/auto/Commutator.xml
3 ms. Memory: 297984K Free: 199339K (67%)
----------------- Invoking toplevel() on ptolemy.moml.MoMLSimpleApplication@48be8a96
----------------- Done invoking toplevel() on ptolemy.moml.MoMLSimpleApplication@48be8a96
reloadAllAccessors: .Commutator

===========================================================================================
----------------- testing Fri May 15 14:23:57 UTC 2020 /home/travis/build/icyphy/ptII/ptolemy/actor/lib/test/auto/Commutator2.xml
----------------- Instantiating /home/travis/build/icyphy/ptII/ptolemy/actor/lib/test/auto/Commutator2.xml
2 ms. Memory: 297984K Free: 194733K (65%)
----------------- Invoking toplevel() on ptolemy.moml.MoMLSimpleApplication@7789af82
----------------- Done invoking toplevel() on ptolemy.moml.MoMLSimpleApplication@7789af82
reloadAllAccessors: .Commutator2

===========================================================================================
----------------- testing Fri May 15 14:23:57 UTC 2020 /home/travis/build/icyphy/ptII/ptolemy/actor/lib/test/auto/Commutator3.xml
----------------- Instantiating /home/travis/build/icyphy/ptII/ptolemy/actor/lib/test/auto/Commutator3.xml
2 ms. Memory: 297984K Free: 190123K (64%)
----------------- Invoking toplevel() on ptolemy.moml.MoMLSimpleApplication@357c72b6
----------------- Done invoking toplevel() on ptolemy.moml.MoMLSimpleApplication@357c72b6
reloadAllAccessors: .Commutator3

===========================================================================================
----------------- testing Fri May 15 14:23:57 UTC 2020 /home/travis/build/icyphy/ptII/ptolemy/actor/lib/test/auto/Compare.xml
----------------- Instantiating /home/travis/build/icyphy/ptII/ptolemy/actor/lib/test/auto/Compare.xml
3 ms. Memory: 297984K Free: 183979K (62%)
----------------- Invoking toplevel() on ptolemy.moml.MoMLSimpleApplication@4f8db760
----------------- Done invoking toplevel() on ptolemy.moml.MoMLSimpleApplication@4f8db760
reloadAllAccessors: .Compare

===========================================================================================
----------------- testing Fri May 15 14:23:57 UTC 2020 /home/travis/build/icyphy/ptII/ptolemy/actor/lib/test/auto/CompareDE.xml
----------------- Instantiating /home/travis/build/icyphy/ptII/ptolemy/actor/lib/test/auto/CompareDE.xml
3 ms. Memory: 297984K Free: 176797K (59%)
----------------- Invoking toplevel() on ptolemy.moml.MoMLSimpleApplication@2b1f05d
----------------- Done invoking toplevel() on ptolemy.moml.MoMLSimpleApplication@2b1f05d
reloadAllAccessors: .CompareDE

===========================================================================================
----------------- testing Fri May 15 14:23:57 UTC 2020 /home/travis/build/icyphy/ptII/ptolemy/actor/lib/test/auto/ComplexDivide.xml
----------------- Instantiating /home/travis/build/icyphy/ptII/ptolemy/actor/lib/test/auto/ComplexDivide.xml
1 ms. Memory: 297984K Free: 173229K (58%)
----------------- Invoking toplevel() on ptolemy.moml.MoMLSimpleApplication@7c6b88ee
----------------- Done invoking toplevel() on ptolemy.moml.MoMLSimpleApplication@7c6b88ee
reloadAllAccessors: .ComplexDivide

===========================================================================================
----------------- testing Fri May 15 14:23:57 UTC 2020 /home/travis/build/icyphy/ptII/ptolemy/actor/lib/test/auto/ComputeHistogram.xml
----------------- Instantiating /home/travis/build/icyphy/ptII/ptolemy/actor/lib/test/auto/ComputeHistogram.xml
28 ms. Memory: 297984K Free: 160427K (54%)
----------------- Invoking toplevel() on ptolemy.moml.MoMLSimpleApplication@27d6ad5
----------------- Done invoking toplevel() on ptolemy.moml.MoMLSimpleApplication@27d6ad5
reloadAllAccessors: .ComputeHistogram

===========================================================================================
----------------- testing Fri May 15 14:23:57 UTC 2020 /home/travis/build/icyphy/ptII/ptolemy/actor/lib/test/auto/ConfigurationSelect.xml
----------------- Instantiating /home/travis/build/icyphy/ptII/ptolemy/actor/lib/test/auto/ConfigurationSelect.xml
2 ms. Memory: 297984K Free: 154797K (52%)
----------------- Invoking toplevel() on ptolemy.moml.MoMLSimpleApplication@44c1dbe6
----------------- Done invoking toplevel() on ptolemy.moml.MoMLSimpleApplication@44c1dbe6
reloadAllAccessors: .ConfigurationSelect

===========================================================================================
----------------- testing Fri May 15 14:23:57 UTC 2020 /home/travis/build/icyphy/ptII/ptolemy/actor/lib/test/auto/ConfigurationSelect2.xml
----------------- Instantiating /home/travis/build/icyphy/ptII/ptolemy/actor/lib/test/auto/ConfigurationSelect2.xml
2 ms. Memory: 297984K Free: 150701K (51%)
----------------- Invoking toplevel() on ptolemy.moml.MoMLSimpleApplication@34bd1264
----------------- Done invoking toplevel() on ptolemy.moml.MoMLSimpleApplication@34bd1264
reloadAllAccessors: .ConfigurationSelect2

===========================================================================================
----------------- testing Fri May 15 14:23:57 UTC 2020 /home/travis/build/icyphy/ptII/ptolemy/actor/lib/test/auto/ConfigurationSwitch.xml
----------------- Instantiating /home/travis/build/icyphy/ptII/ptolemy/actor/lib/test/auto/ConfigurationSwitch.xml
2 ms. Memory: 297984K Free: 145067K (49%)
----------------- Invoking toplevel() on ptolemy.moml.MoMLSimpleApplication@640d3169
----------------- Done invoking toplevel() on ptolemy.moml.MoMLSimpleApplication@640d3169
reloadAllAccessors: .ConfigurationSwitch

===========================================================================================
----------------- testing Fri May 15 14:23:57 UTC 2020 /home/travis/build/icyphy/ptII/ptolemy/actor/lib/test/auto/ConfigurationSwitch2.xml
----------------- Instantiating /home/travis/build/icyphy/ptII/ptolemy/actor/lib/test/auto/ConfigurationSwitch2.xml
1 ms. Memory: 297984K Free: 139437K (47%)
----------------- Invoking toplevel() on ptolemy.moml.MoMLSimpleApplication@7cb7fd91
----------------- Done invoking toplevel() on ptolemy.moml.MoMLSimpleApplication@7cb7fd91
reloadAllAccessors: .ConfigurationSwitch2

===========================================================================================
----------------- testing Fri May 15 14:23:57 UTC 2020 /home/travis/build/icyphy/ptII/ptolemy/actor/lib/test/auto/ConfigurationSwitchCloningBugWithClassRelationGroup.xml
----------------- Instantiating /home/travis/build/icyphy/ptII/ptolemy/actor/lib/test/auto/ConfigurationSwitchCloningBugWithClassRelationGroup.xml
1 ms. Memory: 297984K Free: 133293K (45%)
----------------- Invoking toplevel() on ptolemy.moml.MoMLSimpleApplication@6d5f4f2c
----------------- Done invoking toplevel() on ptolemy.moml.MoMLSimpleApplication@6d5f4f2c
reloadAllAccessors: .ConfigurationSwitchCloningBugWithClassRelationGroup

===========================================================================================
----------------- testing Fri May 15 14:23:57 UTC 2020 /home/travis/build/icyphy/ptII/ptolemy/actor/lib/test/auto/ConfigurationSwitchSelectSDF.xml
----------------- Instantiating /home/travis/build/icyphy/ptII/ptolemy/actor/lib/test/auto/ConfigurationSwitchSelectSDF.xml
2 ms. Memory: 297984K Free: 127659K (43%)
----------------- Invoking toplevel() on ptolemy.moml.MoMLSimpleApplication@7dc6b023
----------------- Done invoking toplevel() on ptolemy.moml.MoMLSimpleApplication@7dc6b023
reloadAllAccessors: .ConfigurationSwitchSelectSDF

===========================================================================================
----------------- testing Fri May 15 14:23:57 UTC 2020 /home/travis/build/icyphy/ptII/ptolemy/actor/lib/test/auto/ConfigurationSwitchSelectSDF2.xml
----------------- Instantiating /home/travis/build/icyphy/ptII/ptolemy/actor/lib/test/auto/ConfigurationSwitchSelectSDF2.xml
1 ms. Memory: 297984K Free: 122539K (41%)
----------------- Invoking toplevel() on ptolemy.moml.MoMLSimpleApplication@117ca064
----------------- Done invoking toplevel() on ptolemy.moml.MoMLSimpleApplication@117ca064
reloadAllAccessors: .ConfigurationSwitchSelectSDF2

===========================================================================================
----------------- testing Fri May 15 14:23:57 UTC 2020 /home/travis/build/icyphy/ptII/ptolemy/actor/lib/test/auto/Const.xml
----------------- Instantiating /home/travis/build/icyphy/ptII/ptolemy/actor/lib/test/auto/Const.xml
1 ms. Memory: 297984K Free: 118957K (40%)
----------------- Invoking toplevel() on ptolemy.moml.MoMLSimpleApplication@c7c6e4f
----------------- Done invoking toplevel() on ptolemy.moml.MoMLSimpleApplication@c7c6e4f
reloadAllAccessors: .Const

===========================================================================================
----------------- testing Fri May 15 14:23:57 UTC 2020 /home/travis/build/icyphy/ptII/ptolemy/actor/lib/test/auto/Const2.xml
----------------- Instantiating /home/travis/build/icyphy/ptII/ptolemy/actor/lib/test/auto/Const2.xml
1 ms. Memory: 297984K Free: 114861K (39%)
----------------- Invoking toplevel() on ptolemy.moml.MoMLSimpleApplication@71c25a4a
----------------- Done invoking toplevel() on ptolemy.moml.MoMLSimpleApplication@71c25a4a
reloadAllAccessors: .Const2

===========================================================================================
----------------- testing Fri May 15 14:23:57 UTC 2020 /home/travis/build/icyphy/ptII/ptolemy/actor/lib/test/auto/Const3.xml
----------------- Instantiating /home/travis/build/icyphy/ptII/ptolemy/actor/lib/test/auto/Const3.xml
1 ms. Memory: 297984K Free: 112299K (38%)
----------------- Invoking toplevel() on ptolemy.moml.MoMLSimpleApplication@32e45238
----------------- Done invoking toplevel() on ptolemy.moml.MoMLSimpleApplication@32e45238
reloadAllAccessors: .Const3

===========================================================================================
----------------- testing Fri May 15 14:23:57 UTC 2020 /home/travis/build/icyphy/ptII/ptolemy/actor/lib/test/auto/ConstantPublisherPort1.xml
----------------- Instantiating /home/travis/build/icyphy/ptII/ptolemy/actor/lib/test/auto/ConstantPublisherPort1.xml
4 ms. Memory: 297984K Free: 103083K (35%)
----------------- Invoking toplevel() on ptolemy.moml.MoMLSimpleApplication@78ada5b0
----------------- Done invoking toplevel() on ptolemy.moml.MoMLSimpleApplication@78ada5b0
reloadAllAccessors: .ConstantPublisherPort1

===========================================================================================
----------------- testing Fri May 15 14:23:57 UTC 2020 /home/travis/build/icyphy/ptII/ptolemy/actor/lib/test/auto/ConstantPublisherPort2.xml
----------------- Instantiating /home/travis/build/icyphy/ptII/ptolemy/actor/lib/test/auto/ConstantPublisherPort2.xml
3 ms. Memory: 297984K Free: 94891K (32%)
----------------- Invoking toplevel() on ptolemy.moml.MoMLSimpleApplication@20807f65
----------------- Done invoking toplevel() on ptolemy.moml.MoMLSimpleApplication@20807f65
reloadAllAccessors: .ConstantPublisherPort2

===========================================================================================
----------------- testing Fri May 15 14:23:57 UTC 2020 /home/travis/build/icyphy/ptII/ptolemy/actor/lib/test/auto/ConstantPublisherPort3.xml
----------------- Instantiating /home/travis/build/icyphy/ptII/ptolemy/actor/lib/test/auto/ConstantPublisherPort3.xml
3 ms. Memory: 297984K Free: 87723K (29%)
----------------- Invoking toplevel() on ptolemy.moml.MoMLSimpleApplication@126f7ef2
----------------- Done invoking toplevel() on ptolemy.moml.MoMLSimpleApplication@126f7ef2
reloadAllAccessors: .ConstantPublisherPort3

===========================================================================================
----------------- testing Fri May 15 14:23:57 UTC 2020 /home/travis/build/icyphy/ptII/ptolemy/actor/lib/test/auto/ConstantPublisherPort4.xml
----------------- Instantiating /home/travis/build/icyphy/ptII/ptolemy/actor/lib/test/auto/ConstantPublisherPort4.xml
2 ms. Memory: 297984K Free: 80555K (27%)
----------------- Invoking toplevel() on ptolemy.moml.MoMLSimpleApplication@4f1cc6d2
----------------- Done invoking toplevel() on ptolemy.moml.MoMLSimpleApplication@4f1cc6d2
reloadAllAccessors: .ConstantPublisherPort4

===========================================================================================
----------------- testing Fri May 15 14:23:57 UTC 2020 /home/travis/build/icyphy/ptII/ptolemy/actor/lib/test/auto/ConstantPublisherPort5.xml
----------------- Instantiating /home/travis/build/icyphy/ptII/ptolemy/actor/lib/test/auto/ConstantPublisherPort5.xml
30 ms. Memory: 297984K Free: 246275K (83%)
----------------- Invoking toplevel() on ptolemy.moml.MoMLSimpleApplication@495d0c06
----------------- Done invoking toplevel() on ptolemy.moml.MoMLSimpleApplication@495d0c06
reloadAllAccessors: .ConstantPublisherPort5

===========================================================================================
----------------- testing Fri May 15 14:23:57 UTC 2020 /home/travis/build/icyphy/ptII/ptolemy/actor/lib/test/auto/ConstantPublisherPort6.xml
----------------- Instantiating /home/travis/build/icyphy/ptII/ptolemy/actor/lib/test/auto/ConstantPublisherPort6.xml
17 ms. Memory: 297984K Free: 236035K (79%)
----------------- Invoking toplevel() on ptolemy.moml.MoMLSimpleApplication@2b8d5706
----------------- Done invoking toplevel() on ptolemy.moml.MoMLSimpleApplication@2b8d5706
reloadAllAccessors: .ConstantPublisherPort6

===========================================================================================
----------------- testing Fri May 15 14:23:57 UTC 2020 /home/travis/build/icyphy/ptII/ptolemy/actor/lib/test/auto/ConstantPublisherPort7.xml
----------------- Instantiating /home/travis/build/icyphy/ptII/ptolemy/actor/lib/test/auto/ConstantPublisherPort7.xml
15 ms. Memory: 297984K Free: 226819K (76%)
----------------- Invoking toplevel() on ptolemy.moml.MoMLSimpleApplication@5b16535b
----------------- Done invoking toplevel() on ptolemy.moml.MoMLSimpleApplication@5b16535b
reloadAllAccessors: .ConstantPublisherPort7

===========================================================================================
----------------- testing Fri May 15 14:23:57 UTC 2020 /home/travis/build/icyphy/ptII/ptolemy/actor/lib/test/auto/ConstraintMonitor1.xml
----------------- Instantiating /home/travis/build/icyphy/ptII/ptolemy/actor/lib/test/auto/ConstraintMonitor1.xml
5 ms. Memory: 297984K Free: 221699K (74%)
----------------- Invoking toplevel() on ptolemy.moml.MoMLSimpleApplication@22d0fd4c
----------------- Done invoking toplevel() on ptolemy.moml.MoMLSimpleApplication@22d0fd4c
reloadAllAccessors: .ConstraintMonitor1

===========================================================================================
----------------- testing Fri May 15 14:23:57 UTC 2020 /home/travis/build/icyphy/ptII/ptolemy/actor/lib/test/auto/ConstraintMonitor2.xml
----------------- Instantiating /home/travis/build/icyphy/ptII/ptolemy/actor/lib/test/auto/ConstraintMonitor2.xml
2 ms. Memory: 297984K Free: 217093K (73%)
----------------- Invoking toplevel() on ptolemy.moml.MoMLSimpleApplication@1c1e7b0e
----------------- Done invoking toplevel() on ptolemy.moml.MoMLSimpleApplication@1c1e7b0e
reloadAllAccessors: .ConstraintMonitor2

===========================================================================================
----------------- testing Fri May 15 14:23:57 UTC 2020 /home/travis/build/icyphy/ptII/ptolemy/actor/lib/test/auto/ConstraintMonitor3.xml
----------------- Instantiating /home/travis/build/icyphy/ptII/ptolemy/actor/lib/test/auto/ConstraintMonitor3.xml
4 ms. Memory: 297984K Free: 212997K (71%)
----------------- Invoking toplevel() on ptolemy.moml.MoMLSimpleApplication@70c2ba25
----------------- Done invoking toplevel() on ptolemy.moml.MoMLSimpleApplication@70c2ba25
reloadAllAccessors: .ConstraintMonitor3

===========================================================================================
----------------- testing Fri May 15 14:23:57 UTC 2020 /home/travis/build/icyphy/ptII/ptolemy/actor/lib/test/auto/ConstraintMonitor4.xml
----------------- Instantiating /home/travis/build/icyphy/ptII/ptolemy/actor/lib/test/auto/ConstraintMonitor4.xml
2 ms. Memory: 297984K Free: 207877K (70%)
----------------- Invoking toplevel() on ptolemy.moml.MoMLSimpleApplication@627e2f13
----------------- Done invoking toplevel() on ptolemy.moml.MoMLSimpleApplication@627e2f13
reloadAllAccessors: .ConstraintMonitor4

===========================================================================================
----------------- testing Fri May 15 14:23:57 UTC 2020 /home/travis/build/icyphy/ptII/ptolemy/actor/lib/test/auto/ConstraintMonitor5.xml
----------------- Instantiating /home/travis/build/icyphy/ptII/ptolemy/actor/lib/test/auto/ConstraintMonitor5.xml
1 ms. Memory: 297984K Free: 202757K (68%)
----------------- Invoking toplevel() on ptolemy.moml.MoMLSimpleApplication@44fc2461
----------------- Done invoking toplevel() on ptolemy.moml.MoMLSimpleApplication@44fc2461
reloadAllAccessors: .ConstraintMonitor5

===========================================================================================
----------------- testing Fri May 15 14:23:57 UTC 2020 /home/travis/build/icyphy/ptII/ptolemy/actor/lib/test/auto/ConstraintMonitor6.xml
----------------- Instantiating /home/travis/build/icyphy/ptII/ptolemy/actor/lib/test/auto/ConstraintMonitor6.xml
2 ms. Memory: 297984K Free: 197093K (66%)
----------------- Invoking toplevel() on ptolemy.moml.MoMLSimpleApplication@32e22d2e
----------------- Done invoking toplevel() on ptolemy.moml.MoMLSimpleApplication@32e22d2e
reloadAllAccessors: .ConstraintMonitor6

===========================================================================================
----------------- testing Fri May 15 14:23:58 UTC 2020 /home/travis/build/icyphy/ptII/ptolemy/actor/lib/test/auto/ConstraintMonitor7.xml
----------------- Instantiating /home/travis/build/icyphy/ptII/ptolemy/actor/lib/test/auto/ConstraintMonitor7.xml
2 ms. Memory: 297984K Free: 190965K (64%)
----------------- Invoking toplevel() on ptolemy.moml.MoMLSimpleApplication@7a2aa694
----------------- Done invoking toplevel() on ptolemy.moml.MoMLSimpleApplication@7a2aa694
reloadAllAccessors: .ConstraintMonitor7

===========================================================================================
----------------- testing Fri May 15 14:23:58 UTC 2020 /home/travis/build/icyphy/ptII/ptolemy/actor/lib/test/auto/ConstraintMonitor8.xml
----------------- Instantiating /home/travis/build/icyphy/ptII/ptolemy/actor/lib/test/auto/ConstraintMonitor8.xml
4 ms. Memory: 297984K Free: 183301K (62%)
----------------- Invoking toplevel() on ptolemy.moml.MoMLSimpleApplication@1ee67f32
----------------- Done invoking toplevel() on ptolemy.moml.MoMLSimpleApplication@1ee67f32
reloadAllAccessors: .ConstraintMonitor8

===========================================================================================
----------------- testing Fri May 15 14:23:58 UTC 2020 /home/travis/build/icyphy/ptII/ptolemy/actor/lib/test/auto/Counter.xml
----------------- Instantiating /home/travis/build/icyphy/ptII/ptolemy/actor/lib/test/auto/Counter.xml
2 ms. Memory: 297984K Free: 178181K (60%)
----------------- Invoking toplevel() on ptolemy.moml.MoMLSimpleApplication@24de94f8
----------------- Done invoking toplevel() on ptolemy.moml.MoMLSimpleApplication@24de94f8
reloadAllAccessors: .Counter

===========================================================================================
----------------- testing Fri May 15 14:23:58 UTC 2020 /home/travis/build/icyphy/ptII/ptolemy/actor/lib/test/auto/CurrentTimeSDF.xml
----------------- Instantiating /home/travis/build/icyphy/ptII/ptolemy/actor/lib/test/auto/CurrentTimeSDF.xml
1 ms. Memory: 297984K Free: 174595K (59%)
----------------- Invoking toplevel() on ptolemy.moml.MoMLSimpleApplication@7b1a9fdc
----------------- Done invoking toplevel() on ptolemy.moml.MoMLSimpleApplication@7b1a9fdc
reloadAllAccessors: .CurrentTimeSDF

===========================================================================================
----------------- testing Fri May 15 14:23:58 UTC 2020 /home/travis/build/icyphy/ptII/ptolemy/actor/lib/test/auto/DB.xml
----------------- Instantiating /home/travis/build/icyphy/ptII/ptolemy/actor/lib/test/auto/DB.xml
2 ms. Memory: 297984K Free: 169475K (57%)
----------------- Invoking toplevel() on ptolemy.moml.MoMLSimpleApplication@378c2aa3
----------------- Done invoking toplevel() on ptolemy.moml.MoMLSimpleApplication@378c2aa3
reloadAllAccessors: .DB

===========================================================================================
----------------- testing Fri May 15 14:23:58 UTC 2020 /home/travis/build/icyphy/ptII/ptolemy/actor/lib/test/auto/DBDE.xml
----------------- Instantiating /home/travis/build/icyphy/ptII/ptolemy/actor/lib/test/auto/DBDE.xml
2 ms. Memory: 297984K Free: 163325K (55%)
----------------- Invoking toplevel() on ptolemy.moml.MoMLSimpleApplication@5d5fea32
----------------- Done invoking toplevel() on ptolemy.moml.MoMLSimpleApplication@5d5fea32
reloadAllAccessors: .DBDE

===========================================================================================
----------------- testing Fri May 15 14:23:58 UTC 2020 /home/travis/build/icyphy/ptII/ptolemy/actor/lib/test/auto/DateConstructor.xml
----------------- Instantiating /home/travis/build/icyphy/ptII/ptolemy/actor/lib/test/auto/DateConstructor.xml
27 ms. Memory: 297984K Free: 145923K (49%)
----------------- Invoking toplevel() on ptolemy.moml.MoMLSimpleApplication@6a0d38
----------------- Done invoking toplevel() on ptolemy.moml.MoMLSimpleApplication@6a0d38
reloadAllAccessors: .DateConstructor

===========================================================================================
----------------- testing Fri May 15 14:23:58 UTC 2020 /home/travis/build/icyphy/ptII/ptolemy/actor/lib/test/auto/DelayTime.xml
----------------- Instantiating /home/travis/build/icyphy/ptII/ptolemy/actor/lib/test/auto/DelayTime.xml
3 ms. Memory: 297984K Free: 140803K (47%)
----------------- Invoking toplevel() on ptolemy.moml.MoMLSimpleApplication@766188a7
----------------- Done invoking toplevel() on ptolemy.moml.MoMLSimpleApplication@766188a7
reloadAllAccessors: .DelayTime

===========================================================================================
----------------- testing Fri May 15 14:23:58 UTC 2020 /home/travis/build/icyphy/ptII/ptolemy/actor/lib/test/auto/Dictionary1.xml
----------------- Instantiating /home/travis/build/icyphy/ptII/ptolemy/actor/lib/test/auto/Dictionary1.xml
1 ms. Memory: 297984K Free: 134659K (45%)
----------------- Invoking toplevel() on ptolemy.moml.MoMLSimpleApplication@242c1935
----------------- Done invoking toplevel() on ptolemy.moml.MoMLSimpleApplication@242c1935
reloadAllAccessors: .Dictionary1

===========================================================================================
----------------- testing Fri May 15 14:23:58 UTC 2020 /home/travis/build/icyphy/ptII/ptolemy/actor/lib/test/auto/Dictionary2.xml
----------------- Instantiating /home/travis/build/icyphy/ptII/ptolemy/actor/lib/test/auto/Dictionary2.xml
1 ms. Memory: 297984K Free: 129539K (43%)
----------------- Invoking toplevel() on ptolemy.moml.MoMLSimpleApplication@54f737e5
----------------- Done invoking toplevel() on ptolemy.moml.MoMLSimpleApplication@54f737e5
reloadAllAccessors: .Dictionary2

===========================================================================================
----------------- testing Fri May 15 14:23:58 UTC 2020 /home/travis/build/icyphy/ptII/ptolemy/actor/lib/test/auto/Dictionary3.xml
----------------- Instantiating /home/travis/build/icyphy/ptII/ptolemy/actor/lib/test/auto/Dictionary3.xml
1 ms. Memory: 297984K Free: 123909K (42%)
----------------- Invoking toplevel() on ptolemy.moml.MoMLSimpleApplication@26f0b55e
----------------- Done invoking toplevel() on ptolemy.moml.MoMLSimpleApplication@26f0b55e
reloadAllAccessors: .Dictionary3

===========================================================================================
----------------- testing Fri May 15 14:23:58 UTC 2020 /home/travis/build/icyphy/ptII/ptolemy/actor/lib/test/auto/Dictionary4.xml
----------------- Instantiating /home/travis/build/icyphy/ptII/ptolemy/actor/lib/test/auto/Dictionary4.xml
3 ms. Memory: 297984K Free: 116741K (39%)
----------------- Invoking toplevel() on ptolemy.moml.MoMLSimpleApplication@76fd229f
----------------- Done invoking toplevel() on ptolemy.moml.MoMLSimpleApplication@76fd229f
reloadAllAccessors: .Dictionary4

===========================================================================================
----------------- testing Fri May 15 14:23:58 UTC 2020 /home/travis/build/icyphy/ptII/ptolemy/actor/lib/test/auto/Differential.xml
----------------- Instantiating /home/travis/build/icyphy/ptII/ptolemy/actor/lib/test/auto/Differential.xml
1 ms. Memory: 297984K Free: 112131K (38%)
----------------- Invoking toplevel() on ptolemy.moml.MoMLSimpleApplication@303fee70
----------------- Done invoking toplevel() on ptolemy.moml.MoMLSimpleApplication@303fee70
reloadAllAccessors: .Differential

===========================================================================================
----------------- testing Fri May 15 14:23:58 UTC 2020 /home/travis/build/icyphy/ptII/ptolemy/actor/lib/test/auto/Director.xml
----------------- Instantiating /home/travis/build/icyphy/ptII/ptolemy/actor/lib/test/auto/Director.xml
2 ms. Memory: 297984K Free: 109059K (37%)
----------------- Invoking toplevel() on ptolemy.moml.MoMLSimpleApplication@20f53a02
----------------- Done invoking toplevel() on ptolemy.moml.MoMLSimpleApplication@20f53a02
reloadAllAccessors: .Director

===========================================================================================
----------------- testing Fri May 15 14:23:58 UTC 2020 /home/travis/build/icyphy/ptII/ptolemy/actor/lib/test/auto/DiscreteClock.xml
----------------- Instantiating /home/travis/build/icyphy/ptII/ptolemy/actor/lib/test/auto/DiscreteClock.xml
3 ms. Memory: 297984K Free: 104963K (35%)
----------------- Invoking toplevel() on ptolemy.moml.MoMLSimpleApplication@5d8dad7a
----------------- Done invoking toplevel() on ptolemy.moml.MoMLSimpleApplication@5d8dad7a
reloadAllAccessors: .DiscreteClock

===========================================================================================
----------------- testing Fri May 15 14:23:58 UTC 2020 /home/travis/build/icyphy/ptII/ptolemy/actor/lib/test/auto/DiscreteClock10.xml
----------------- Instantiating /home/travis/build/icyphy/ptII/ptolemy/actor/lib/test/auto/DiscreteClock10.xml
3 ms. Memory: 297984K Free: 98819K (33%)
----------------- Invoking toplevel() on ptolemy.moml.MoMLSimpleApplication@600e54ca
----------------- Done invoking toplevel() on ptolemy.moml.MoMLSimpleApplication@600e54ca
reloadAllAccessors: .DiscreteClock10

===========================================================================================
----------------- testing Fri May 15 14:23:58 UTC 2020 /home/travis/build/icyphy/ptII/ptolemy/actor/lib/test/auto/DiscreteClock11.xml
----------------- Instantiating /home/travis/build/icyphy/ptII/ptolemy/actor/lib/test/auto/DiscreteClock11.xml
2 ms. Memory: 297984K Free: 92675K (31%)
----------------- Invoking toplevel() on ptolemy.moml.MoMLSimpleApplication@55c23a6e
----------------- Done invoking toplevel() on ptolemy.moml.MoMLSimpleApplication@55c23a6e
reloadAllAccessors: .DiscreteClock11

===========================================================================================
----------------- testing Fri May 15 14:23:58 UTC 2020 /home/travis/build/icyphy/ptII/ptolemy/actor/lib/test/auto/DiscreteClock12.xml
----------------- Instantiating /home/travis/build/icyphy/ptII/ptolemy/actor/lib/test/auto/DiscreteClock12.xml
3 ms. Memory: 297984K Free: 87045K (29%)
----------------- Invoking toplevel() on ptolemy.moml.MoMLSimpleApplication@1bc2d853
----------------- Done invoking toplevel() on ptolemy.moml.MoMLSimpleApplication@1bc2d853
reloadAllAccessors: .DiscreteClock12

===========================================================================================
----------------- testing Fri May 15 14:23:58 UTC 2020 /home/travis/build/icyphy/ptII/ptolemy/actor/lib/test/auto/DiscreteClock13.xml
----------------- Instantiating /home/travis/build/icyphy/ptII/ptolemy/actor/lib/test/auto/DiscreteClock13.xml
4 ms. Memory: 297984K Free: 80901K (27%)
----------------- Invoking toplevel() on ptolemy.moml.MoMLSimpleApplication@6119aa5
----------------- Done invoking toplevel() on ptolemy.moml.MoMLSimpleApplication@6119aa5
reloadAllAccessors: .DiscreteClock13

===========================================================================================
----------------- testing Fri May 15 14:23:58 UTC 2020 /home/travis/build/icyphy/ptII/ptolemy/actor/lib/test/auto/DiscreteClock14.xml
----------------- Instantiating /home/travis/build/icyphy/ptII/ptolemy/actor/lib/test/auto/DiscreteClock14.xml
5 ms. Memory: 297984K Free: 74757K (25%)
----------------- Invoking toplevel() on ptolemy.moml.MoMLSimpleApplication@48e8ae75
----------------- Done invoking toplevel() on ptolemy.moml.MoMLSimpleApplication@48e8ae75
reloadAllAccessors: .DiscreteClock14

===========================================================================================
----------------- testing Fri May 15 14:23:58 UTC 2020 /home/travis/build/icyphy/ptII/ptolemy/actor/lib/test/auto/DiscreteClock15.xml
----------------- Instantiating /home/travis/build/icyphy/ptII/ptolemy/actor/lib/test/auto/DiscreteClock15.xml
4 ms. Memory: 297984K Free: 244892K (82%)
----------------- Invoking toplevel() on ptolemy.moml.MoMLSimpleApplication@576ee1c7
----------------- Done invoking toplevel() on ptolemy.moml.MoMLSimpleApplication@576ee1c7
reloadAllAccessors: .DiscreteClock15

===========================================================================================
----------------- testing Fri May 15 14:23:58 UTC 2020 /home/travis/build/icyphy/ptII/ptolemy/actor/lib/test/auto/DiscreteClock16.xml
----------------- Instantiating /home/travis/build/icyphy/ptII/ptolemy/actor/lib/test/auto/DiscreteClock16.xml
14 ms. Memory: 297984K Free: 231076K (78%)
----------------- Invoking toplevel() on ptolemy.moml.MoMLSimpleApplication@15278a6c
----------------- Done invoking toplevel() on ptolemy.moml.MoMLSimpleApplication@15278a6c
reloadAllAccessors: .DiscreteClock16

===========================================================================================
----------------- testing Fri May 15 14:23:58 UTC 2020 /home/travis/build/icyphy/ptII/ptolemy/actor/lib/test/auto/DiscreteClock17.xml
----------------- Instantiating /home/travis/build/icyphy/ptII/ptolemy/actor/lib/test/auto/DiscreteClock17.xml
15 ms. Memory: 297984K Free: 216212K (73%)
----------------- Invoking toplevel() on ptolemy.moml.MoMLSimpleApplication@7d5c1388
----------------- Done invoking toplevel() on ptolemy.moml.MoMLSimpleApplication@7d5c1388
reloadAllAccessors: .DiscreteClock17

===========================================================================================
----------------- testing Fri May 15 14:23:58 UTC 2020 /home/travis/build/icyphy/ptII/ptolemy/actor/lib/test/auto/DiscreteClock18.xml
----------------- Instantiating /home/travis/build/icyphy/ptII/ptolemy/actor/lib/test/auto/DiscreteClock18.xml
18 ms. Memory: 297984K Free: 202404K (68%)
----------------- Invoking toplevel() on ptolemy.moml.MoMLSimpleApplication@519e470e
----------------- Done invoking toplevel() on ptolemy.moml.MoMLSimpleApplication@519e470e
reloadAllAccessors: .DiscreteClock18

===========================================================================================
----------------- testing Fri May 15 14:23:58 UTC 2020 /home/travis/build/icyphy/ptII/ptolemy/actor/lib/test/auto/DiscreteClock19.xml
----------------- Instantiating /home/travis/build/icyphy/ptII/ptolemy/actor/lib/test/auto/DiscreteClock19.xml
17 ms. Memory: 297984K Free: 188578K (63%)
----------------- Invoking toplevel() on ptolemy.moml.MoMLSimpleApplication@784982d8
----------------- Done invoking toplevel() on ptolemy.moml.MoMLSimpleApplication@784982d8
reloadAllAccessors: .DiscreteClock19

===========================================================================================
----------------- testing Fri May 15 14:23:58 UTC 2020 /home/travis/build/icyphy/ptII/ptolemy/actor/lib/test/auto/DiscreteClock2.xml
----------------- Instantiating /home/travis/build/icyphy/ptII/ptolemy/actor/lib/test/auto/DiscreteClock2.xml
5 ms. Memory: 297984K Free: 183972K (62%)
----------------- Invoking toplevel() on ptolemy.moml.MoMLSimpleApplication@35f655ea
----------------- Done invoking toplevel() on ptolemy.moml.MoMLSimpleApplication@35f655ea
reloadAllAccessors: .DiscreteClock2

===========================================================================================
----------------- testing Fri May 15 14:23:58 UTC 2020 /home/travis/build/icyphy/ptII/ptolemy/actor/lib/test/auto/DiscreteClock20.xml
----------------- Instantiating /home/travis/build/icyphy/ptII/ptolemy/actor/lib/test/auto/DiscreteClock20.xml
6 ms. Memory: 297984K Free: 178338K (60%)
----------------- Invoking toplevel() on ptolemy.moml.MoMLSimpleApplication@2a7a641b
----------------- Done invoking toplevel() on ptolemy.moml.MoMLSimpleApplication@2a7a641b
reloadAllAccessors: .DiscreteClock20

===========================================================================================
----------------- testing Fri May 15 14:23:58 UTC 2020 /home/travis/build/icyphy/ptII/ptolemy/actor/lib/test/auto/DiscreteClock21.xml
----------------- Instantiating /home/travis/build/icyphy/ptII/ptolemy/actor/lib/test/auto/DiscreteClock21.xml
5 ms. Memory: 297984K Free: 172708K (58%)
----------------- Invoking toplevel() on ptolemy.moml.MoMLSimpleApplication@2f63c5ea
----------------- Done invoking toplevel() on ptolemy.moml.MoMLSimpleApplication@2f63c5ea
reloadAllAccessors: .DiscreteClock21

===========================================================================================
----------------- testing Fri May 15 14:23:58 UTC 2020 /home/travis/build/icyphy/ptII/ptolemy/actor/lib/test/auto/DiscreteClock22.xml
----------------- Instantiating /home/travis/build/icyphy/ptII/ptolemy/actor/lib/test/auto/DiscreteClock22.xml
5 ms. Memory: 297984K Free: 167074K (56%)
----------------- Invoking toplevel() on ptolemy.moml.MoMLSimpleApplication@4b1b537d
----------------- Done invoking toplevel() on ptolemy.moml.MoMLSimpleApplication@4b1b537d
reloadAllAccessors: .DiscreteClock22

===========================================================================================
----------------- testing Fri May 15 14:23:58 UTC 2020 /home/travis/build/icyphy/ptII/ptolemy/actor/lib/test/auto/DiscreteClock23.xml
----------------- Instantiating /home/travis/build/icyphy/ptII/ptolemy/actor/lib/test/auto/DiscreteClock23.xml
3 ms. Memory: 297984K Free: 161954K (54%)
----------------- Invoking toplevel() on ptolemy.moml.MoMLSimpleApplication@4879346c
----------------- Done invoking toplevel() on ptolemy.moml.MoMLSimpleApplication@4879346c
reloadAllAccessors: .DiscreteClock23

===========================================================================================
----------------- testing Fri May 15 14:23:58 UTC 2020 /home/travis/build/icyphy/ptII/ptolemy/actor/lib/test/auto/DiscreteClock24.xml
----------------- Instantiating /home/travis/build/icyphy/ptII/ptolemy/actor/lib/test/auto/DiscreteClock24.xml
4 ms. Memory: 297984K Free: 156324K (52%)
----------------- Invoking toplevel() on ptolemy.moml.MoMLSimpleApplication@692844cf
----------------- Done invoking toplevel() on ptolemy.moml.MoMLSimpleApplication@692844cf
reloadAllAccessors: .DiscreteClock24

===========================================================================================
----------------- testing Fri May 15 14:23:58 UTC 2020 /home/travis/build/icyphy/ptII/ptolemy/actor/lib/test/auto/DiscreteClock4.xml
----------------- Instantiating /home/travis/build/icyphy/ptII/ptolemy/actor/lib/test/auto/DiscreteClock4.xml
4 ms. Memory: 297984K Free: 150690K (51%)
----------------- Invoking toplevel() on ptolemy.moml.MoMLSimpleApplication@70b5cf61
----------------- Done invoking toplevel() on ptolemy.moml.MoMLSimpleApplication@70b5cf61
reloadAllAccessors: .DiscreteClock4

===========================================================================================
----------------- testing Fri May 15 14:23:58 UTC 2020 /home/travis/build/icyphy/ptII/ptolemy/actor/lib/test/auto/DiscreteClock5.xml
----------------- Instantiating /home/travis/build/icyphy/ptII/ptolemy/actor/lib/test/auto/DiscreteClock5.xml
1 ms. Memory: 297984K Free: 145060K (49%)
----------------- Invoking toplevel() on ptolemy.moml.MoMLSimpleApplication@4b926df7
----------------- Done invoking toplevel() on ptolemy.moml.MoMLSimpleApplication@4b926df7
reloadAllAccessors: .DiscreteClock5

===========================================================================================
----------------- testing Fri May 15 14:23:58 UTC 2020 /home/travis/build/icyphy/ptII/ptolemy/actor/lib/test/auto/DiscreteClock6.xml
----------------- Instantiating /home/travis/build/icyphy/ptII/ptolemy/actor/lib/test/auto/DiscreteClock6.xml
1 ms. Memory: 297984K Free: 140964K (47%)
----------------- Invoking toplevel() on ptolemy.moml.MoMLSimpleApplication@333d12f1
----------------- Done invoking toplevel() on ptolemy.moml.MoMLSimpleApplication@333d12f1
reloadAllAccessors: .DiscreteClock6

===========================================================================================
----------------- testing Fri May 15 14:23:58 UTC 2020 /home/travis/build/icyphy/ptII/ptolemy/actor/lib/test/auto/DiscreteClock7.xml
----------------- Instantiating /home/travis/build/icyphy/ptII/ptolemy/actor/lib/test/auto/DiscreteClock7.xml
1 ms. Memory: 297984K Free: 136354K (46%)
----------------- Invoking toplevel() on ptolemy.moml.MoMLSimpleApplication@34404a79
----------------- Done invoking toplevel() on ptolemy.moml.MoMLSimpleApplication@34404a79
reloadAllAccessors: .DiscreteClock7

===========================================================================================
----------------- testing Fri May 15 14:23:58 UTC 2020 /home/travis/build/icyphy/ptII/ptolemy/actor/lib/test/auto/DiscreteClock8.xml
----------------- Instantiating /home/travis/build/icyphy/ptII/ptolemy/actor/lib/test/auto/DiscreteClock8.xml
2 ms. Memory: 297984K Free: 130724K (44%)
----------------- Invoking toplevel() on ptolemy.moml.MoMLSimpleApplication@6aff2ad1
----------------- Done invoking toplevel() on ptolemy.moml.MoMLSimpleApplication@6aff2ad1
reloadAllAccessors: .DiscreteClock8

===========================================================================================
----------------- testing Fri May 15 14:23:58 UTC 2020 /home/travis/build/icyphy/ptII/ptolemy/actor/lib/test/auto/DiscreteClock9.xml
----------------- Instantiating /home/travis/build/icyphy/ptII/ptolemy/actor/lib/test/auto/DiscreteClock9.xml
3 ms. Memory: 297984K Free: 124580K (42%)
----------------- Invoking toplevel() on ptolemy.moml.MoMLSimpleApplication@7e083523
----------------- Done invoking toplevel() on ptolemy.moml.MoMLSimpleApplication@7e083523
reloadAllAccessors: .DiscreteClock9

===========================================================================================
----------------- testing Fri May 15 14:23:58 UTC 2020 /home/travis/build/icyphy/ptII/ptolemy/actor/lib/test/auto/DisplayArray.xml
----------------- Instantiating /home/travis/build/icyphy/ptII/ptolemy/actor/lib/test/auto/DisplayArray.xml
1 ms. Memory: 297984K Free: 121508K (41%)
----------------- Invoking toplevel() on ptolemy.moml.MoMLSimpleApplication@57a346b0
----------------- Done invoking toplevel() on ptolemy.moml.MoMLSimpleApplication@57a346b0
reloadAllAccessors: .DisplayArray

===========================================================================================
----------------- testing Fri May 15 14:23:58 UTC 2020 /home/travis/build/icyphy/ptII/ptolemy/actor/lib/test/auto/Distributor.xml
----------------- Instantiating /home/travis/build/icyphy/ptII/ptolemy/actor/lib/test/auto/Distributor.xml
6 ms. Memory: 297984K Free: 116388K (39%)
----------------- Invoking toplevel() on ptolemy.moml.MoMLSimpleApplication@7fa4f6aa
----------------- Done invoking toplevel() on ptolemy.moml.MoMLSimpleApplication@7fa4f6aa
reloadAllAccessors: .Distributor

===========================================================================================
----------------- testing Fri May 15 14:23:58 UTC 2020 /home/travis/build/icyphy/ptII/ptolemy/actor/lib/test/auto/Distributor2.xml
----------------- Instantiating /home/travis/build/icyphy/ptII/ptolemy/actor/lib/test/auto/Distributor2.xml
2 ms. Memory: 297984K Free: 111268K (37%)
----------------- Invoking toplevel() on ptolemy.moml.MoMLSimpleApplication@13b675e2
----------------- Done invoking toplevel() on ptolemy.moml.MoMLSimpleApplication@13b675e2
reloadAllAccessors: .Distributor2

===========================================================================================
----------------- testing Fri May 15 14:23:58 UTC 2020 /home/travis/build/icyphy/ptII/ptolemy/actor/lib/test/auto/DownSample.xml
----------------- Instantiating /home/travis/build/icyphy/ptII/ptolemy/actor/lib/test/auto/DownSample.xml
1 ms. Memory: 297984K Free: 106658K (36%)
----------------- Invoking toplevel() on ptolemy.moml.MoMLSimpleApplication@4ad8887d
----------------- Done invoking toplevel() on ptolemy.moml.MoMLSimpleApplication@4ad8887d
reloadAllAccessors: .DownSample

===========================================================================================
----------------- testing Fri May 15 14:23:58 UTC 2020 /home/travis/build/icyphy/ptII/ptolemy/actor/lib/test/auto/ElectronicUnitBase1.xml
----------------- Instantiating /home/travis/build/icyphy/ptII/ptolemy/actor/lib/test/auto/ElectronicUnitBase1.xml
16 ms. Memory: 297984K Free: 90274K (30%)
----------------- Invoking toplevel() on ptolemy.moml.MoMLSimpleApplication@10bf9414
----------------- Done invoking toplevel() on ptolemy.moml.MoMLSimpleApplication@10bf9414
reloadAllAccessors: .ElectronicUnitBase1

===========================================================================================
----------------- testing Fri May 15 14:23:58 UTC 2020 /home/travis/build/icyphy/ptII/ptolemy/actor/lib/test/auto/ElementsToArray.xml
----------------- Instantiating /home/travis/build/icyphy/ptII/ptolemy/actor/lib/test/auto/ElementsToArray.xml
3 ms. Memory: 297984K Free: 85668K (29%)
----------------- Invoking toplevel() on ptolemy.moml.MoMLSimpleApplication@7c1d8173
----------------- Done invoking toplevel() on ptolemy.moml.MoMLSimpleApplication@7c1d8173
reloadAllAccessors: .ElementsToArray

===========================================================================================
----------------- testing Fri May 15 14:23:58 UTC 2020 /home/travis/build/icyphy/ptII/ptolemy/actor/lib/test/auto/Equals.xml
----------------- Instantiating /home/travis/build/icyphy/ptII/ptolemy/actor/lib/test/auto/Equals.xml
2 ms. Memory: 297984K Free: 81058K (27%)
----------------- Invoking toplevel() on ptolemy.moml.MoMLSimpleApplication@33230c33
----------------- Done invoking toplevel() on ptolemy.moml.MoMLSimpleApplication@33230c33
reloadAllAccessors: .Equals

===========================================================================================
----------------- testing Fri May 15 14:23:58 UTC 2020 /home/travis/build/icyphy/ptII/ptolemy/actor/lib/test/auto/Exec.xml
----------------- Instantiating /home/travis/build/icyphy/ptII/ptolemy/actor/lib/test/auto/Exec.xml
17 ms. Memory: 297984K Free: 74914K (25%)
----------------- Invoking toplevel() on ptolemy.moml.MoMLSimpleApplication@141ce0a1
----------------- Done invoking toplevel() on ptolemy.moml.MoMLSimpleApplication@141ce0a1
reloadAllAccessors: .Exec

===========================================================================================
----------------- testing Fri May 15 14:23:59 UTC 2020 /home/travis/build/icyphy/ptII/ptolemy/actor/lib/test/auto/ExecEnvironment.xml
----------------- Instantiating /home/travis/build/icyphy/ptII/ptolemy/actor/lib/test/auto/ExecEnvironment.xml
16 ms. Memory: 297984K Free: 244349K (82%)
----------------- Invoking toplevel() on ptolemy.moml.MoMLSimpleApplication@4343d8bb
----------------- Done invoking toplevel() on ptolemy.moml.MoMLSimpleApplication@4343d8bb
reloadAllAccessors: .ExecEnvironment

===========================================================================================
----------------- testing Fri May 15 14:23:59 UTC 2020 /home/travis/build/icyphy/ptII/ptolemy/actor/lib/test/auto/ExecNonZeroReturnOutput.xml
----------------- Instantiating /home/travis/build/icyphy/ptII/ptolemy/actor/lib/test/auto/ExecNonZeroReturnOutput.xml
147 ms. Memory: 297984K Free: 233595K (78%)
----------------- Invoking toplevel() on ptolemy.moml.MoMLSimpleApplication@52223f98
----------------- Done invoking toplevel() on ptolemy.moml.MoMLSimpleApplication@52223f98
reloadAllAccessors: .ExecNonZeroReturnOutput

===========================================================================================
----------------- testing Fri May 15 14:23:59 UTC 2020 /home/travis/build/icyphy/ptII/ptolemy/actor/lib/test/auto/ExecRunDemos.xml
----------------- Instantiating /home/travis/build/icyphy/ptII/ptolemy/actor/lib/test/auto/ExecRunDemos.xml
Finished: 68 ms. Memory: 129024K Free: 112362K (87%)

Finished: 82 ms. Memory: 129024K Free: 109444K (85%)

Finished: 95 ms. Memory: 129024K Free: 109591K (85%)

Finished: 72 ms. Memory: 129024K Free: 111020K (86%)

Finished: 65 ms. Memory: 129024K Free: 111925K (87%)

10345 ms. Memory: 297984K Free: 211579K (71%)
----------------- Invoking toplevel() on ptolemy.moml.MoMLSimpleApplication@70dfff46
----------------- Done invoking toplevel() on ptolemy.moml.MoMLSimpleApplication@70dfff46
reloadAllAccessors: .ExecRunDemos

===========================================================================================
----------------- testing Fri May 15 14:24:09 UTC 2020 /home/travis/build/icyphy/ptII/ptolemy/actor/lib/test/auto/ExecStop.xml
----------------- Instantiating /home/travis/build/icyphy/ptII/ptolemy/actor/lib/test/auto/ExecStop.xml
5016 ms. Memory: 494592K Free: 436794K (88%)
----------------- Invoking toplevel() on ptolemy.moml.MoMLSimpleApplication@65cd180d
----------------- Done invoking toplevel() on ptolemy.moml.MoMLSimpleApplication@65cd180d
reloadAllAccessors: .ExecStop

===========================================================================================
----------------- testing Fri May 15 14:24:14 UTC 2020 /home/travis/build/icyphy/ptII/ptolemy/actor/lib/test/auto/ExecutionTimeSDF.xml
----------------- Instantiating /home/travis/build/icyphy/ptII/ptolemy/actor/lib/test/auto/ExecutionTimeSDF.xml
Fired ExecutionTime: -275767296
Fired ExecutionTime: 1339600000
Fired ExecutionTime: 1339600000
6007 ms. Memory: 494592K Free: 423782K (86%)
----------------- Invoking toplevel() on ptolemy.moml.MoMLSimpleApplication@121d3d48
----------------- Done invoking toplevel() on ptolemy.moml.MoMLSimpleApplication@121d3d48
reloadAllAccessors: .ExecutionTimeSDF

===========================================================================================
----------------- testing Fri May 15 14:24:20 UTC 2020 /home/travis/build/icyphy/ptII/ptolemy/actor/lib/test/auto/Expression1.xml
----------------- Instantiating /home/travis/build/icyphy/ptII/ptolemy/actor/lib/test/auto/Expression1.xml
2 ms. Memory: 494592K Free: 420230K (85%)
----------------- Invoking toplevel() on ptolemy.moml.MoMLSimpleApplication@6c37738c
----------------- Done invoking toplevel() on ptolemy.moml.MoMLSimpleApplication@6c37738c
reloadAllAccessors: .Expression1

===========================================================================================
----------------- testing Fri May 15 14:24:20 UTC 2020 /home/travis/build/icyphy/ptII/ptolemy/actor/lib/test/auto/Expression10.xml
----------------- Instantiating /home/travis/build/icyphy/ptII/ptolemy/actor/lib/test/auto/Expression10.xml
5 ms. Memory: 494592K Free: 415110K (84%)
----------------- Invoking toplevel() on ptolemy.moml.MoMLSimpleApplication@4073dea0
----------------- Done invoking toplevel() on ptolemy.moml.MoMLSimpleApplication@4073dea0
reloadAllAccessors: .Expression10

===========================================================================================
----------------- testing Fri May 15 14:24:20 UTC 2020 /home/travis/build/icyphy/ptII/ptolemy/actor/lib/test/auto/Expression11.xml
----------------- Instantiating /home/travis/build/icyphy/ptII/ptolemy/actor/lib/test/auto/Expression11.xml
2 ms. Memory: 494592K Free: 410500K (83%)
----------------- Invoking toplevel() on ptolemy.moml.MoMLSimpleApplication@7e14e461
----------------- Done invoking toplevel() on ptolemy.moml.MoMLSimpleApplication@7e14e461
reloadAllAccessors: .Expression11

===========================================================================================
----------------- testing Fri May 15 14:24:20 UTC 2020 /home/travis/build/icyphy/ptII/ptolemy/actor/lib/test/auto/Expression12.xml
----------------- Instantiating /home/travis/build/icyphy/ptII/ptolemy/actor/lib/test/auto/Expression12.xml
2 ms. Memory: 494592K Free: 404870K (82%)
----------------- Invoking toplevel() on ptolemy.moml.MoMLSimpleApplication@1783a955
----------------- Done invoking toplevel() on ptolemy.moml.MoMLSimpleApplication@1783a955
reloadAllAccessors: .Expression12

===========================================================================================
----------------- testing Fri May 15 14:24:20 UTC 2020 /home/travis/build/icyphy/ptII/ptolemy/actor/lib/test/auto/Expression13.xml
----------------- Instantiating /home/travis/build/icyphy/ptII/ptolemy/actor/lib/test/auto/Expression13.xml
3 ms. Memory: 494592K Free: 399750K (81%)
----------------- Invoking toplevel() on ptolemy.moml.MoMLSimpleApplication@706f9ff1
----------------- Done invoking toplevel() on ptolemy.moml.MoMLSimpleApplication@706f9ff1
reloadAllAccessors: .Expression13

===========================================================================================
----------------- testing Fri May 15 14:24:20 UTC 2020 /home/travis/build/icyphy/ptII/ptolemy/actor/lib/test/auto/Expression14.xml
----------------- Instantiating /home/travis/build/icyphy/ptII/ptolemy/actor/lib/test/auto/Expression14.xml
5 ms. Memory: 494592K Free: 393606K (80%)
----------------- Invoking toplevel() on ptolemy.moml.MoMLSimpleApplication@5286216b
----------------- Done invoking toplevel() on ptolemy.moml.MoMLSimpleApplication@5286216b
reloadAllAccessors: .Expression14

===========================================================================================
----------------- testing Fri May 15 14:24:20 UTC 2020 /home/travis/build/icyphy/ptII/ptolemy/actor/lib/test/auto/Expression15.xml
----------------- Instantiating /home/travis/build/icyphy/ptII/ptolemy/actor/lib/test/auto/Expression15.xml
1 ms. Memory: 494592K Free: 390534K (79%)
----------------- Invoking toplevel() on ptolemy.moml.MoMLSimpleApplication@6e0038db
----------------- Done invoking toplevel() on ptolemy.moml.MoMLSimpleApplication@6e0038db
reloadAllAccessors: .Expression15

===========================================================================================
----------------- testing Fri May 15 14:24:20 UTC 2020 /home/travis/build/icyphy/ptII/ptolemy/actor/lib/test/auto/Expression16.xml
----------------- Instantiating /home/travis/build/icyphy/ptII/ptolemy/actor/lib/test/auto/Expression16.xml
3 ms. Memory: 494592K Free: 385414K (78%)
----------------- Invoking toplevel() on ptolemy.moml.MoMLSimpleApplication@73c9cc47
----------------- Done invoking toplevel() on ptolemy.moml.MoMLSimpleApplication@73c9cc47
reloadAllAccessors: .Expression16

===========================================================================================
----------------- testing Fri May 15 14:24:20 UTC 2020 /home/travis/build/icyphy/ptII/ptolemy/actor/lib/test/auto/Expression17.xml
----------------- Instantiating /home/travis/build/icyphy/ptII/ptolemy/actor/lib/test/auto/Expression17.xml
4 ms. Memory: 494592K Free: 380294K (77%)
----------------- Invoking toplevel() on ptolemy.moml.MoMLSimpleApplication@4f1264e9
----------------- Done invoking toplevel() on ptolemy.moml.MoMLSimpleApplication@4f1264e9
reloadAllAccessors: .Expression17

===========================================================================================
----------------- testing Fri May 15 14:24:20 UTC 2020 /home/travis/build/icyphy/ptII/ptolemy/actor/lib/test/auto/Expression18.xml
----------------- Instantiating /home/travis/build/icyphy/ptII/ptolemy/actor/lib/test/auto/Expression18.xml
3 ms. Memory: 494592K Free: 374660K (76%)
----------------- Invoking toplevel() on ptolemy.moml.MoMLSimpleApplication@43f6304a
----------------- Done invoking toplevel() on ptolemy.moml.MoMLSimpleApplication@43f6304a
reloadAllAccessors: .Expression18

===========================================================================================
----------------- testing Fri May 15 14:24:20 UTC 2020 /home/travis/build/icyphy/ptII/ptolemy/actor/lib/test/auto/Expression2.xml
----------------- Instantiating /home/travis/build/icyphy/ptII/ptolemy/actor/lib/test/auto/Expression2.xml
3 ms. Memory: 494592K Free: 369540K (75%)
----------------- Invoking toplevel() on ptolemy.moml.MoMLSimpleApplication@7969ecc2
----------------- Done invoking toplevel() on ptolemy.moml.MoMLSimpleApplication@7969ecc2
reloadAllAccessors: .Expression2

===========================================================================================
----------------- testing Fri May 15 14:24:20 UTC 2020 /home/travis/build/icyphy/ptII/ptolemy/actor/lib/test/auto/Expression3.xml
----------------- Instantiating /home/travis/build/icyphy/ptII/ptolemy/actor/lib/test/auto/Expression3.xml
6 ms. Memory: 494592K Free: 364420K (74%)
----------------- Invoking toplevel() on ptolemy.moml.MoMLSimpleApplication@392a0bf3
----------------- Done invoking toplevel() on ptolemy.moml.MoMLSimpleApplication@392a0bf3
reloadAllAccessors: .Expression3

===========================================================================================
----------------- testing Fri May 15 14:24:20 UTC 2020 /home/travis/build/icyphy/ptII/ptolemy/actor/lib/test/auto/Expression4.xml
----------------- Instantiating /home/travis/build/icyphy/ptII/ptolemy/actor/lib/test/auto/Expression4.xml
5 ms. Memory: 494592K Free: 357252K (72%)
----------------- Invoking toplevel() on ptolemy.moml.MoMLSimpleApplication@67f23ec0
----------------- Done invoking toplevel() on ptolemy.moml.MoMLSimpleApplication@67f23ec0
reloadAllAccessors: .Expression4

===========================================================================================
----------------- testing Fri May 15 14:24:20 UTC 2020 /home/travis/build/icyphy/ptII/ptolemy/actor/lib/test/auto/Expression5.xml
----------------- Instantiating /home/travis/build/icyphy/ptII/ptolemy/actor/lib/test/auto/Expression5.xml
5 ms. Memory: 494592K Free: 352132K (71%)
----------------- Invoking toplevel() on ptolemy.moml.MoMLSimpleApplication@73294c57
----------------- Done invoking toplevel() on ptolemy.moml.MoMLSimpleApplication@73294c57
reloadAllAccessors: .Expression5

===========================================================================================
----------------- testing Fri May 15 14:24:20 UTC 2020 /home/travis/build/icyphy/ptII/ptolemy/actor/lib/test/auto/Expression6.xml
----------------- Instantiating /home/travis/build/icyphy/ptII/ptolemy/actor/lib/test/auto/Expression6.xml
2 ms. Memory: 494592K Free: 347526K (70%)
----------------- Invoking toplevel() on ptolemy.moml.MoMLSimpleApplication@19cdf9bd
----------------- Done invoking toplevel() on ptolemy.moml.MoMLSimpleApplication@19cdf9bd
reloadAllAccessors: .Expression6

===========================================================================================
----------------- testing Fri May 15 14:24:20 UTC 2020 /home/travis/build/icyphy/ptII/ptolemy/actor/lib/test/auto/Expression7.xml
----------------- Instantiating /home/travis/build/icyphy/ptII/ptolemy/actor/lib/test/auto/Expression7.xml
2 ms. Memory: 494592K Free: 342406K (69%)
----------------- Invoking toplevel() on ptolemy.moml.MoMLSimpleApplication@6cc3fda6
----------------- Done invoking toplevel() on ptolemy.moml.MoMLSimpleApplication@6cc3fda6
reloadAllAccessors: .Expression7

===========================================================================================
----------------- testing Fri May 15 14:24:21 UTC 2020 /home/travis/build/icyphy/ptII/ptolemy/actor/lib/test/auto/Expression8.xml
----------------- Instantiating /home/travis/build/icyphy/ptII/ptolemy/actor/lib/test/auto/Expression8.xml
6 ms. Memory: 494592K Free: 337286K (68%)
----------------- Invoking toplevel() on ptolemy.moml.MoMLSimpleApplication@59e3521e
----------------- Done invoking toplevel() on ptolemy.moml.MoMLSimpleApplication@59e3521e
reloadAllAccessors: .Expression8

===========================================================================================
----------------- testing Fri May 15 14:24:21 UTC 2020 /home/travis/build/icyphy/ptII/ptolemy/actor/lib/test/auto/Expression9.xml
----------------- Instantiating /home/travis/build/icyphy/ptII/ptolemy/actor/lib/test/auto/Expression9.xml
1 ms. Memory: 494592K Free: 333190K (67%)
----------------- Invoking toplevel() on ptolemy.moml.MoMLSimpleApplication@1a2f386
----------------- Done invoking toplevel() on ptolemy.moml.MoMLSimpleApplication@1a2f386
reloadAllAccessors: .Expression9

===========================================================================================
----------------- testing Fri May 15 14:24:21 UTC 2020 /home/travis/build/icyphy/ptII/ptolemy/actor/lib/test/auto/ExpressionConcatenateArrayType.xml
----------------- Instantiating /home/travis/build/icyphy/ptII/ptolemy/actor/lib/test/auto/ExpressionConcatenateArrayType.xml
4 ms. Memory: 494592K Free: 327046K (66%)
----------------- Invoking toplevel() on ptolemy.moml.MoMLSimpleApplication@7e9dc54b
----------------- Done invoking toplevel() on ptolemy.moml.MoMLSimpleApplication@7e9dc54b
reloadAllAccessors: .ExpressionConcatenateArrayType

===========================================================================================
----------------- testing Fri May 15 14:24:21 UTC 2020 /home/travis/build/icyphy/ptII/ptolemy/actor/lib/test/auto/ExpressionConcatenateArrayType2.xml
----------------- Instantiating /home/travis/build/icyphy/ptII/ptolemy/actor/lib/test/auto/ExpressionConcatenateArrayType2.xml
3 ms. Memory: 494592K Free: 321412K (65%)
----------------- Invoking toplevel() on ptolemy.moml.MoMLSimpleApplication@7e7a5040
----------------- Done invoking toplevel() on ptolemy.moml.MoMLSimpleApplication@7e7a5040
reloadAllAccessors: .ExpressionConcatenateArrayType2

===========================================================================================
----------------- testing Fri May 15 14:24:21 UTC 2020 /home/travis/build/icyphy/ptII/ptolemy/actor/lib/test/auto/ExpressionFix.xml
----------------- Instantiating /home/travis/build/icyphy/ptII/ptolemy/actor/lib/test/auto/ExpressionFix.xml
23 ms. Memory: 494592K Free: 314758K (64%)
----------------- Invoking toplevel() on ptolemy.moml.MoMLSimpleApplication@1c9fa48a
----------------- Done invoking toplevel() on ptolemy.moml.MoMLSimpleApplication@1c9fa48a
reloadAllAccessors: .ExpressionFix

===========================================================================================
----------------- testing Fri May 15 14:24:21 UTC 2020 /home/travis/build/icyphy/ptII/ptolemy/actor/lib/test/auto/ExpressionFix2.xml
----------------- Instantiating /home/travis/build/icyphy/ptII/ptolemy/actor/lib/test/auto/ExpressionFix2.xml
4 ms. Memory: 494592K Free: 310662K (63%)
----------------- Invoking toplevel() on ptolemy.moml.MoMLSimpleApplication@4cb00dc2
----------------- Done invoking toplevel() on ptolemy.moml.MoMLSimpleApplication@4cb00dc2
reloadAllAccessors: .ExpressionFix2

===========================================================================================
----------------- testing Fri May 15 14:24:21 UTC 2020 /home/travis/build/icyphy/ptII/ptolemy/actor/lib/test/auto/ExpressionFix3.xml
----------------- Instantiating /home/travis/build/icyphy/ptII/ptolemy/actor/lib/test/auto/ExpressionFix3.xml
3 ms. Memory: 494592K Free: 306052K (62%)
----------------- Invoking toplevel() on ptolemy.moml.MoMLSimpleApplication@7c2006ca
----------------- Done invoking toplevel() on ptolemy.moml.MoMLSimpleApplication@7c2006ca
reloadAllAccessors: .ExpressionFix3

===========================================================================================
----------------- testing Fri May 15 14:24:21 UTC 2020 /home/travis/build/icyphy/ptII/ptolemy/actor/lib/test/auto/FileWriter1.xml
----------------- Instantiating /home/travis/build/icyphy/ptII/ptolemy/actor/lib/test/auto/FileWriter1.xml
3 ms. Memory: 494592K Free: 301956K (61%)
----------------- Invoking toplevel() on ptolemy.moml.MoMLSimpleApplication@69d27b70
----------------- Done invoking toplevel() on ptolemy.moml.MoMLSimpleApplication@69d27b70
reloadAllAccessors: .FileWriter1

===========================================================================================
----------------- testing Fri May 15 14:24:21 UTC 2020 /home/travis/build/icyphy/ptII/ptolemy/actor/lib/test/auto/FileWriter2.xml
----------------- Instantiating /home/travis/build/icyphy/ptII/ptolemy/actor/lib/test/auto/FileWriter2.xml
6 ms. Memory: 494592K Free: 297350K (60%)
----------------- Invoking toplevel() on ptolemy.moml.MoMLSimpleApplication@355ac03f
----------------- Done invoking toplevel() on ptolemy.moml.MoMLSimpleApplication@355ac03f
reloadAllAccessors: .FileWriter2

===========================================================================================
----------------- testing Fri May 15 14:24:21 UTC 2020 /home/travis/build/icyphy/ptII/ptolemy/actor/lib/test/auto/FileWriter3.xml
----------------- Instantiating /home/travis/build/icyphy/ptII/ptolemy/actor/lib/test/auto/FileWriter3.xml
2 ms. Memory: 494592K Free: 293764K (59%)
----------------- Invoking toplevel() on ptolemy.moml.MoMLSimpleApplication@61892754
----------------- Done invoking toplevel() on ptolemy.moml.MoMLSimpleApplication@61892754
reloadAllAccessors: .FileWriter3

===========================================================================================
----------------- testing Fri May 15 14:24:21 UTC 2020 /home/travis/build/icyphy/ptII/ptolemy/actor/lib/test/auto/Gaussian.xml
----------------- Instantiating /home/travis/build/icyphy/ptII/ptolemy/actor/lib/test/auto/Gaussian.xml
4 ms. Memory: 494592K Free: 289158K (58%)
----------------- Invoking toplevel() on ptolemy.moml.MoMLSimpleApplication@38310f84
----------------- Done invoking toplevel() on ptolemy.moml.MoMLSimpleApplication@38310f84
reloadAllAccessors: .Gaussian

===========================================================================================
----------------- testing Fri May 15 14:24:21 UTC 2020 /home/travis/build/icyphy/ptII/ptolemy/actor/lib/test/auto/Gaussian1.xml
----------------- Instantiating /home/travis/build/icyphy/ptII/ptolemy/actor/lib/test/auto/Gaussian1.xml
9 ms. Memory: 494592K Free: 283510K (57%)
----------------- Invoking toplevel() on ptolemy.moml.MoMLSimpleApplication@cd0b6ad
----------------- Done invoking toplevel() on ptolemy.moml.MoMLSimpleApplication@cd0b6ad
reloadAllAccessors: .Gaussian1

===========================================================================================
----------------- testing Fri May 15 14:24:21 UTC 2020 /home/travis/build/icyphy/ptII/ptolemy/actor/lib/test/auto/Gaussian2.xml
----------------- Instantiating /home/travis/build/icyphy/ptII/ptolemy/actor/lib/test/auto/Gaussian2.xml
3 ms. Memory: 494592K Free: 277894K (56%)
----------------- Invoking toplevel() on ptolemy.moml.MoMLSimpleApplication@7a00863
----------------- Done invoking toplevel() on ptolemy.moml.MoMLSimpleApplication@7a00863
reloadAllAccessors: .Gaussian2

===========================================================================================
----------------- testing Fri May 15 14:24:21 UTC 2020 /home/travis/build/icyphy/ptII/ptolemy/actor/lib/test/auto/GradientAdaptiveLattice.xml
----------------- Instantiating /home/travis/build/icyphy/ptII/ptolemy/actor/lib/test/auto/GradientAdaptiveLattice.xml
3 ms. Memory: 494592K Free: 272774K (55%)
----------------- Invoking toplevel() on ptolemy.moml.MoMLSimpleApplication@49282234
----------------- Done invoking toplevel() on ptolemy.moml.MoMLSimpleApplication@49282234
reloadAllAccessors: .GradientAdaptiveLattice

===========================================================================================
----------------- testing Fri May 15 14:24:21 UTC 2020 /home/travis/build/icyphy/ptII/ptolemy/actor/lib/test/auto/IIR.xml
----------------- Instantiating /home/travis/build/icyphy/ptII/ptolemy/actor/lib/test/auto/IIR.xml
1 ms. Memory: 494592K Free: 268164K (54%)
----------------- Invoking toplevel() on ptolemy.moml.MoMLSimpleApplication@6c0d4d2e
----------------- Done invoking toplevel() on ptolemy.moml.MoMLSimpleApplication@6c0d4d2e
reloadAllAccessors: .IIR

===========================================================================================
----------------- testing Fri May 15 14:24:21 UTC 2020 /home/travis/build/icyphy/ptII/ptolemy/actor/lib/test/auto/InputOutputTransparentPorts.xml
----------------- Instantiating /home/travis/build/icyphy/ptII/ptolemy/actor/lib/test/auto/InputOutputTransparentPorts.xml
2 ms. Memory: 494592K Free: 260996K (53%)
----------------- Invoking toplevel() on ptolemy.moml.MoMLSimpleApplication@644e19b4
----------------- Done invoking toplevel() on ptolemy.moml.MoMLSimpleApplication@644e19b4
reloadAllAccessors: .InputOutputTransparentPorts

===========================================================================================
----------------- testing Fri May 15 14:24:21 UTC 2020 /home/travis/build/icyphy/ptII/ptolemy/actor/lib/test/auto/Interpolator.xml
----------------- Instantiating /home/travis/build/icyphy/ptII/ptolemy/actor/lib/test/auto/Interpolator.xml
5 ms. Memory: 494592K Free: 256900K (52%)
----------------- Invoking toplevel() on ptolemy.moml.MoMLSimpleApplication@7966435b
----------------- Done invoking toplevel() on ptolemy.moml.MoMLSimpleApplication@7966435b
reloadAllAccessors: .Interpolator

===========================================================================================
----------------- testing Fri May 15 14:24:21 UTC 2020 /home/travis/build/icyphy/ptII/ptolemy/actor/lib/test/auto/InterpolatorFiringLimitDE.xml
----------------- Instantiating /home/travis/build/icyphy/ptII/ptolemy/actor/lib/test/auto/InterpolatorFiringLimitDE.xml
2 ms. Memory: 494592K Free: 251270K (51%)
----------------- Invoking toplevel() on ptolemy.moml.MoMLSimpleApplication@7c1b9c63
----------------- Done invoking toplevel() on ptolemy.moml.MoMLSimpleApplication@7c1b9c63
reloadAllAccessors: .InterpolatorFiringLimitDE

===========================================================================================
----------------- testing Fri May 15 14:24:21 UTC 2020 /home/travis/build/icyphy/ptII/ptolemy/actor/lib/test/auto/Lattice.xml
----------------- Instantiating /home/travis/build/icyphy/ptII/ptolemy/actor/lib/test/auto/Lattice.xml
1 ms. Memory: 494592K Free: 246660K (50%)
----------------- Invoking toplevel() on ptolemy.moml.MoMLSimpleApplication@34ae80
----------------- Done invoking toplevel() on ptolemy.moml.MoMLSimpleApplication@34ae80
reloadAllAccessors: .Lattice

===========================================================================================
----------------- testing Fri May 15 14:24:21 UTC 2020 /home/travis/build/icyphy/ptII/ptolemy/actor/lib/test/auto/LazyAOCTestLazy.xml
----------------- Instantiating /home/travis/build/icyphy/ptII/ptolemy/actor/lib/test/auto/LazyAOCTestLazy.xml
7 ms. Memory: 494592K Free: 240502K (49%)
----------------- Invoking toplevel() on ptolemy.moml.MoMLSimpleApplication@6a340694
----------------- Done invoking toplevel() on ptolemy.moml.MoMLSimpleApplication@6a340694
reloadAllAccessors: .LazyAOCTestLazy

===========================================================================================
----------------- testing Fri May 15 14:24:21 UTC 2020 /home/travis/build/icyphy/ptII/ptolemy/actor/lib/test/auto/LazyAOCTestNonLazy.xml
----------------- Instantiating /home/travis/build/icyphy/ptII/ptolemy/actor/lib/test/auto/LazyAOCTestNonLazy.xml
2 ms. Memory: 494592K Free: 233862K (47%)
----------------- Invoking toplevel() on ptolemy.moml.MoMLSimpleApplication@2c5a08b
----------------- Done invoking toplevel() on ptolemy.moml.MoMLSimpleApplication@2c5a08b
reloadAllAccessors: .LazyAOCTestNonLazy

===========================================================================================
----------------- testing Fri May 15 14:24:21 UTC 2020 /home/travis/build/icyphy/ptII/ptolemy/actor/lib/test/auto/LazyInnerClass.xml
----------------- Instantiating /home/travis/build/icyphy/ptII/ptolemy/actor/lib/test/auto/LazyInnerClass.xml
18 ms. Memory: 494592K Free: 225126K (46%)
----------------- Invoking toplevel() on ptolemy.moml.MoMLSimpleApplication@18e109c
----------------- Done invoking toplevel() on ptolemy.moml.MoMLSimpleApplication@18e109c
reloadAllAccessors: .LazyInnerClass

===========================================================================================
----------------- testing Fri May 15 14:24:21 UTC 2020 /home/travis/build/icyphy/ptII/ptolemy/actor/lib/test/auto/LazyPubSub.xml
----------------- Instantiating /home/travis/build/icyphy/ptII/ptolemy/actor/lib/test/auto/LazyPubSub.xml
18 ms. Memory: 494592K Free: 214916K (43%)
----------------- Invoking toplevel() on ptolemy.moml.MoMLSimpleApplication@6b175f88
----------------- Done invoking toplevel() on ptolemy.moml.MoMLSimpleApplication@6b175f88
reloadAllAccessors: .LazyPubSub

===========================================================================================
----------------- testing Fri May 15 14:24:21 UTC 2020 /home/travis/build/icyphy/ptII/ptolemy/actor/lib/test/auto/LazyPubSub2.xml
----------------- Instantiating /home/travis/build/icyphy/ptII/ptolemy/actor/lib/test/auto/LazyPubSub2.xml
17 ms. Memory: 494592K Free: 204676K (41%)
----------------- Invoking toplevel() on ptolemy.moml.MoMLSimpleApplication@12131420
----------------- Done invoking toplevel() on ptolemy.moml.MoMLSimpleApplication@12131420
reloadAllAccessors: .LazyPubSub2

===========================================================================================
----------------- testing Fri May 15 14:24:21 UTC 2020 /home/travis/build/icyphy/ptII/ptolemy/actor/lib/test/auto/LazyPubSub3.xml
----------------- Instantiating /home/travis/build/icyphy/ptII/ptolemy/actor/lib/test/auto/LazyPubSub3.xml
9 ms. Memory: 494592K Free: 194436K (39%)
----------------- Invoking toplevel() on ptolemy.moml.MoMLSimpleApplication@b88c6f1
----------------- Done invoking toplevel() on ptolemy.moml.MoMLSimpleApplication@b88c6f1
reloadAllAccessors: .LazyPubSub3

===========================================================================================
----------------- testing Fri May 15 14:24:21 UTC 2020 /home/travis/build/icyphy/ptII/ptolemy/actor/lib/test/auto/LazySubClassModel.xml
----------------- Instantiating /home/travis/build/icyphy/ptII/ptolemy/actor/lib/test/auto/LazySubClassModel.xml
2 ms. Memory: 494592K Free: 185220K (37%)
----------------- Invoking toplevel() on ptolemy.moml.MoMLSimpleApplication@64cdf681
----------------- Done invoking toplevel() on ptolemy.moml.MoMLSimpleApplication@64cdf681
reloadAllAccessors: .LazySubClassModel

===========================================================================================
----------------- testing Fri May 15 14:24:21 UTC 2020 /home/travis/build/icyphy/ptII/ptolemy/actor/lib/test/auto/LevelCrossTest1.xml
----------------- Instantiating /home/travis/build/icyphy/ptII/ptolemy/actor/lib/test/auto/LevelCrossTest1.xml
1 ms. Memory: 494592K Free: 179590K (36%)
----------------- Invoking toplevel() on ptolemy.moml.MoMLSimpleApplication@7edac6bf
----------------- Done invoking toplevel() on ptolemy.moml.MoMLSimpleApplication@7edac6bf
reloadAllAccessors: .broken

===========================================================================================
----------------- testing Fri May 15 14:24:21 UTC 2020 /home/travis/build/icyphy/ptII/ptolemy/actor/lib/test/auto/LevelCrossTest10.xml
----------------- Instantiating /home/travis/build/icyphy/ptII/ptolemy/actor/lib/test/auto/LevelCrossTest10.xml
1 ms. Memory: 494592K Free: 172422K (35%)
----------------- Invoking toplevel() on ptolemy.moml.MoMLSimpleApplication@7d202825
----------------- Done invoking toplevel() on ptolemy.moml.MoMLSimpleApplication@7d202825
reloadAllAccessors: .LevelCrossTest10

===========================================================================================
----------------- testing Fri May 15 14:24:21 UTC 2020 /home/travis/build/icyphy/ptII/ptolemy/actor/lib/test/auto/LevelCrossTest11.xml
----------------- Instantiating /home/travis/build/icyphy/ptII/ptolemy/actor/lib/test/auto/LevelCrossTest11.xml
1 ms. Memory: 494592K Free: 165764K (34%)
----------------- Invoking toplevel() on ptolemy.moml.MoMLSimpleApplication@6efa6602
----------------- Done invoking toplevel() on ptolemy.moml.MoMLSimpleApplication@6efa6602
reloadAllAccessors: .LevelCrossTest11

===========================================================================================
----------------- testing Fri May 15 14:24:21 UTC 2020 /home/travis/build/icyphy/ptII/ptolemy/actor/lib/test/auto/LevelCrossTest12.xml
----------------- Instantiating /home/travis/build/icyphy/ptII/ptolemy/actor/lib/test/auto/LevelCrossTest12.xml
1 ms. Memory: 494592K Free: 158086K (32%)
----------------- Invoking toplevel() on ptolemy.moml.MoMLSimpleApplication@4c43295
----------------- Done invoking toplevel() on ptolemy.moml.MoMLSimpleApplication@4c43295
reloadAllAccessors: .LevelCrossTest12

===========================================================================================
----------------- testing Fri May 15 14:24:21 UTC 2020 /home/travis/build/icyphy/ptII/ptolemy/actor/lib/test/auto/LevelCrossTest13.xml
----------------- Instantiating /home/travis/build/icyphy/ptII/ptolemy/actor/lib/test/auto/LevelCrossTest13.xml
1 ms. Memory: 494592K Free: 438299K (89%)
----------------- Invoking toplevel() on ptolemy.moml.MoMLSimpleApplication@69f4bdd3
----------------- Done invoking toplevel() on ptolemy.moml.MoMLSimpleApplication@69f4bdd3
reloadAllAccessors: .LevelCrossTest13

===========================================================================================
----------------- testing Fri May 15 14:24:21 UTC 2020 /home/travis/build/icyphy/ptII/ptolemy/actor/lib/test/auto/LevelCrossTest2.xml
----------------- Instantiating /home/travis/build/icyphy/ptII/ptolemy/actor/lib/test/auto/LevelCrossTest2.xml
2 ms. Memory: 494592K Free: 432155K (87%)
----------------- Invoking toplevel() on ptolemy.moml.MoMLSimpleApplication@66079055
----------------- Done invoking toplevel() on ptolemy.moml.MoMLSimpleApplication@66079055
reloadAllAccessors: .broken

===========================================================================================
----------------- testing Fri May 15 14:24:21 UTC 2020 /home/travis/build/icyphy/ptII/ptolemy/actor/lib/test/auto/LevelCrossTest3.xml
----------------- Instantiating /home/travis/build/icyphy/ptII/ptolemy/actor/lib/test/auto/LevelCrossTest3.xml
1 ms. Memory: 494592K Free: 426011K (86%)
----------------- Invoking toplevel() on ptolemy.moml.MoMLSimpleApplication@1fe2a001
----------------- Done invoking toplevel() on ptolemy.moml.MoMLSimpleApplication@1fe2a001
reloadAllAccessors: .LevelCrossTest3

===========================================================================================
----------------- testing Fri May 15 14:24:21 UTC 2020 /home/travis/build/icyphy/ptII/ptolemy/actor/lib/test/auto/LevelCrossTest4.xml
----------------- Instantiating /home/travis/build/icyphy/ptII/ptolemy/actor/lib/test/auto/LevelCrossTest4.xml
2 ms. Memory: 494592K Free: 420377K (85%)
----------------- Invoking toplevel() on ptolemy.moml.MoMLSimpleApplication@152d40ae
----------------- Done invoking toplevel() on ptolemy.moml.MoMLSimpleApplication@152d40ae
reloadAllAccessors: .broken

===========================================================================================
----------------- testing Fri May 15 14:24:21 UTC 2020 /home/travis/build/icyphy/ptII/ptolemy/actor/lib/test/auto/LevelCrossTest5.xml
----------------- Instantiating /home/travis/build/icyphy/ptII/ptolemy/actor/lib/test/auto/LevelCrossTest5.xml
4 ms. Memory: 494592K Free: 413723K (84%)
----------------- Invoking toplevel() on ptolemy.moml.MoMLSimpleApplication@fc1f26e
----------------- Done invoking toplevel() on ptolemy.moml.MoMLSimpleApplication@fc1f26e
reloadAllAccessors: .LevelCrossTest5

===========================================================================================
----------------- testing Fri May 15 14:24:21 UTC 2020 /home/travis/build/icyphy/ptII/ptolemy/actor/lib/test/auto/LevelCrossTest6.xml
----------------- Instantiating /home/travis/build/icyphy/ptII/ptolemy/actor/lib/test/auto/LevelCrossTest6.xml
2 ms. Memory: 494592K Free: 407065K (82%)
----------------- Invoking toplevel() on ptolemy.moml.MoMLSimpleApplication@4dc4a83a
----------------- Done invoking toplevel() on ptolemy.moml.MoMLSimpleApplication@4dc4a83a
reloadAllAccessors: .LevelCrossTest6

===========================================================================================
----------------- testing Fri May 15 14:24:21 UTC 2020 /home/travis/build/icyphy/ptII/ptolemy/actor/lib/test/auto/LevelCrossTest7.xml
----------------- Instantiating /home/travis/build/icyphy/ptII/ptolemy/actor/lib/test/auto/LevelCrossTest7.xml
1 ms. Memory: 494592K Free: 398873K (81%)
----------------- Invoking toplevel() on ptolemy.moml.MoMLSimpleApplication@3bbb1127
----------------- Done invoking toplevel() on ptolemy.moml.MoMLSimpleApplication@3bbb1127
reloadAllAccessors: .LevelCrossTest7

===========================================================================================
----------------- testing Fri May 15 14:24:21 UTC 2020 /home/travis/build/icyphy/ptII/ptolemy/actor/lib/test/auto/LevelCrossTest8.xml
----------------- Instantiating /home/travis/build/icyphy/ptII/ptolemy/actor/lib/test/auto/LevelCrossTest8.xml
8 ms. Memory: 494592K Free: 391705K (79%)
----------------- Invoking toplevel() on ptolemy.moml.MoMLSimpleApplication@32c66c15
----------------- Done invoking toplevel() on ptolemy.moml.MoMLSimpleApplication@32c66c15
reloadAllAccessors: .LevelCrossTest8

===========================================================================================
----------------- testing Fri May 15 14:24:21 UTC 2020 /home/travis/build/icyphy/ptII/ptolemy/actor/lib/test/auto/LevelCrossTest9.xml
----------------- Instantiating /home/travis/build/icyphy/ptII/ptolemy/actor/lib/test/auto/LevelCrossTest9.xml
1 ms. Memory: 494592K Free: 384537K (78%)
----------------- Invoking toplevel() on ptolemy.moml.MoMLSimpleApplication@38df7034
----------------- Done invoking toplevel() on ptolemy.moml.MoMLSimpleApplication@38df7034
reloadAllAccessors: .LevelCrossTest9

===========================================================================================
----------------- testing Fri May 15 14:24:21 UTC 2020 /home/travis/build/icyphy/ptII/ptolemy/actor/lib/test/auto/LevinsonDurbin.xml
----------------- Instantiating /home/travis/build/icyphy/ptII/ptolemy/actor/lib/test/auto/LevinsonDurbin.xml
1 ms. Memory: 494592K Free: 380441K (77%)
----------------- Invoking toplevel() on ptolemy.moml.MoMLSimpleApplication@7b16ec2e
----------------- Done invoking toplevel() on ptolemy.moml.MoMLSimpleApplication@7b16ec2e
reloadAllAccessors: .LevinsonDurbin

===========================================================================================
----------------- testing Fri May 15 14:24:21 UTC 2020 /home/travis/build/icyphy/ptII/ptolemy/actor/lib/test/auto/LevinsonDurbin2.xml
----------------- Instantiating /home/travis/build/icyphy/ptII/ptolemy/actor/lib/test/auto/LevinsonDurbin2.xml
1 ms. Memory: 494592K Free: 376345K (76%)
----------------- Invoking toplevel() on ptolemy.moml.MoMLSimpleApplication@962907e
----------------- Done invoking toplevel() on ptolemy.moml.MoMLSimpleApplication@962907e
reloadAllAccessors: .LevinsonDurbin2

===========================================================================================
----------------- testing Fri May 15 14:24:21 UTC 2020 /home/travis/build/icyphy/ptII/ptolemy/actor/lib/test/auto/LevinsonDurbin3.xml
----------------- Instantiating /home/travis/build/icyphy/ptII/ptolemy/actor/lib/test/auto/LevinsonDurbin3.xml
2 ms. Memory: 494592K Free: 372249K (75%)
----------------- Invoking toplevel() on ptolemy.moml.MoMLSimpleApplication@188f6442
----------------- Done invoking toplevel() on ptolemy.moml.MoMLSimpleApplication@188f6442
reloadAllAccessors: .LevinsonDurbin3

===========================================================================================
----------------- testing Fri May 15 14:24:21 UTC 2020 /home/travis/build/icyphy/ptII/ptolemy/actor/lib/test/auto/Limiter.xml
----------------- Instantiating /home/travis/build/icyphy/ptII/ptolemy/actor/lib/test/auto/Limiter.xml
4 ms. Memory: 494592K Free: 363019K (73%)
----------------- Invoking toplevel() on ptolemy.moml.MoMLSimpleApplication@1a9cabc1
----------------- Done invoking toplevel() on ptolemy.moml.MoMLSimpleApplication@1a9cabc1
reloadAllAccessors: .Limiter

===========================================================================================
----------------- testing Fri May 15 14:24:22 UTC 2020 /home/travis/build/icyphy/ptII/ptolemy/actor/lib/test/auto/LinearDifferenceEquationSystem.xml
----------------- Instantiating /home/travis/build/icyphy/ptII/ptolemy/actor/lib/test/auto/LinearDifferenceEquationSystem.xml
12 ms. Memory: 494592K Free: 355865K (72%)
----------------- Invoking toplevel() on ptolemy.moml.MoMLSimpleApplication@1953a15c
----------------- Done invoking toplevel() on ptolemy.moml.MoMLSimpleApplication@1953a15c
reloadAllAccessors: .LinearDifferenceEquationSystem

===========================================================================================
----------------- testing Fri May 15 14:24:22 UTC 2020 /home/travis/build/icyphy/ptII/ptolemy/actor/lib/test/auto/LookupTable.xml
----------------- Instantiating /home/travis/build/icyphy/ptII/ptolemy/actor/lib/test/auto/LookupTable.xml
2 ms. Memory: 494592K Free: 351769K (71%)
----------------- Invoking toplevel() on ptolemy.moml.MoMLSimpleApplication@6574fc56
----------------- Done invoking toplevel() on ptolemy.moml.MoMLSimpleApplication@6574fc56
reloadAllAccessors: .LookupTable

===========================================================================================
----------------- testing Fri May 15 14:24:22 UTC 2020 /home/travis/build/icyphy/ptII/ptolemy/actor/lib/test/auto/MathFunction.xml
----------------- Instantiating /home/travis/build/icyphy/ptII/ptolemy/actor/lib/test/auto/MathFunction.xml
3 ms. Memory: 494592K Free: 343577K (69%)
----------------- Invoking toplevel() on ptolemy.moml.MoMLSimpleApplication@6c26b69d
----------------- Done invoking toplevel() on ptolemy.moml.MoMLSimpleApplication@6c26b69d
reloadAllAccessors: .MathFunction

===========================================================================================
----------------- testing Fri May 15 14:24:22 UTC 2020 /home/travis/build/icyphy/ptII/ptolemy/actor/lib/test/auto/MathFunction2.xml
----------------- Instantiating /home/travis/build/icyphy/ptII/ptolemy/actor/lib/test/auto/MathFunction2.xml
1 ms. Memory: 494592K Free: 339481K (69%)
----------------- Invoking toplevel() on ptolemy.moml.MoMLSimpleApplication@2221c8b0
----------------- Done invoking toplevel() on ptolemy.moml.MoMLSimpleApplication@2221c8b0
reloadAllAccessors: .MathFunction2

===========================================================================================
----------------- testing Fri May 15 14:24:22 UTC 2020 /home/travis/build/icyphy/ptII/ptolemy/actor/lib/test/auto/MathFunction3.xml
----------------- Instantiating /home/travis/build/icyphy/ptII/ptolemy/actor/lib/test/auto/MathFunction3.xml
2 ms. Memory: 494592K Free: 332313K (67%)
----------------- Invoking toplevel() on ptolemy.moml.MoMLSimpleApplication@4307f1ba
----------------- Done invoking toplevel() on ptolemy.moml.MoMLSimpleApplication@4307f1ba
reloadAllAccessors: .MathFunction3

===========================================================================================
----------------- testing Fri May 15 14:24:22 UTC 2020 /home/travis/build/icyphy/ptII/ptolemy/actor/lib/test/auto/MatrixCropBoolean.xml
----------------- Instantiating /home/travis/build/icyphy/ptII/ptolemy/actor/lib/test/auto/MatrixCropBoolean.xml
1 ms. Memory: 494592K Free: 327707K (66%)
----------------- Invoking toplevel() on ptolemy.moml.MoMLSimpleApplication@613a9f30
----------------- Done invoking toplevel() on ptolemy.moml.MoMLSimpleApplication@613a9f30
reloadAllAccessors: .MatrixCropBoolean

===========================================================================================
----------------- testing Fri May 15 14:24:22 UTC 2020 /home/travis/build/icyphy/ptII/ptolemy/actor/lib/test/auto/MatrixCropComplex.xml
----------------- Instantiating /home/travis/build/icyphy/ptII/ptolemy/actor/lib/test/auto/MatrixCropComplex.xml
1 ms. Memory: 494592K Free: 322587K (65%)
----------------- Invoking toplevel() on ptolemy.moml.MoMLSimpleApplication@4855b6f6
----------------- Done invoking toplevel() on ptolemy.moml.MoMLSimpleApplication@4855b6f6
reloadAllAccessors: .MatrixCropComplex

===========================================================================================
----------------- testing Fri May 15 14:24:22 UTC 2020 /home/travis/build/icyphy/ptII/ptolemy/actor/lib/test/auto/MatrixCropDouble.xml
----------------- Instantiating /home/travis/build/icyphy/ptII/ptolemy/actor/lib/test/auto/MatrixCropDouble.xml
2 ms. Memory: 494592K Free: 317467K (64%)
----------------- Invoking toplevel() on ptolemy.moml.MoMLSimpleApplication@4216b745
----------------- Done invoking toplevel() on ptolemy.moml.MoMLSimpleApplication@4216b745
reloadAllAccessors: .MatrixCropDouble

===========================================================================================
----------------- testing Fri May 15 14:24:22 UTC 2020 /home/travis/build/icyphy/ptII/ptolemy/actor/lib/test/auto/MatrixCropFix.xml
----------------- Instantiating /home/travis/build/icyphy/ptII/ptolemy/actor/lib/test/auto/MatrixCropFix.xml
1 ms. Memory: 494592K Free: 312347K (63%)
----------------- Invoking toplevel() on ptolemy.moml.MoMLSimpleApplication@28443342
----------------- Done invoking toplevel() on ptolemy.moml.MoMLSimpleApplication@28443342
reloadAllAccessors: .MatrixCropFix

===========================================================================================
----------------- testing Fri May 15 14:24:22 UTC 2020 /home/travis/build/icyphy/ptII/ptolemy/actor/lib/test/auto/MatrixCropInt.xml
----------------- Instantiating /home/travis/build/icyphy/ptII/ptolemy/actor/lib/test/auto/MatrixCropInt.xml
1 ms. Memory: 494592K Free: 307227K (62%)
----------------- Invoking toplevel() on ptolemy.moml.MoMLSimpleApplication@400317e6
----------------- Done invoking toplevel() on ptolemy.moml.MoMLSimpleApplication@400317e6
reloadAllAccessors: .MatrixCropInt

===========================================================================================
----------------- testing Fri May 15 14:24:22 UTC 2020 /home/travis/build/icyphy/ptII/ptolemy/actor/lib/test/auto/MatrixCropLong.xml
----------------- Instantiating /home/travis/build/icyphy/ptII/ptolemy/actor/lib/test/auto/MatrixCropLong.xml
1 ms. Memory: 494592K Free: 302107K (61%)
----------------- Invoking toplevel() on ptolemy.moml.MoMLSimpleApplication@57ab78e5
----------------- Done invoking toplevel() on ptolemy.moml.MoMLSimpleApplication@57ab78e5
reloadAllAccessors: .MatrixCropLong

===========================================================================================
----------------- testing Fri May 15 14:24:22 UTC 2020 /home/travis/build/icyphy/ptII/ptolemy/actor/lib/test/auto/MatrixToArray.xml
----------------- Instantiating /home/travis/build/icyphy/ptII/ptolemy/actor/lib/test/auto/MatrixToArray.xml
7 ms. Memory: 494592K Free: 286747K (58%)
----------------- Invoking toplevel() on ptolemy.moml.MoMLSimpleApplication@4122b2bd
----------------- Done invoking toplevel() on ptolemy.moml.MoMLSimpleApplication@4122b2bd
reloadAllAccessors: .MatrixToArray

===========================================================================================
----------------- testing Fri May 15 14:24:22 UTC 2020 /home/travis/build/icyphy/ptII/ptolemy/actor/lib/test/auto/MaxIndex.xml
----------------- Instantiating /home/travis/build/icyphy/ptII/ptolemy/actor/lib/test/auto/MaxIndex.xml
2 ms. Memory: 494592K Free: 281627K (57%)
----------------- Invoking toplevel() on ptolemy.moml.MoMLSimpleApplication@4e436ac5
----------------- Done invoking toplevel() on ptolemy.moml.MoMLSimpleApplication@4e436ac5
reloadAllAccessors: .MaxIndex

===========================================================================================
----------------- testing Fri May 15 14:24:22 UTC 2020 /home/travis/build/icyphy/ptII/ptolemy/actor/lib/test/auto/Maximum.xml
----------------- Instantiating /home/travis/build/icyphy/ptII/ptolemy/actor/lib/test/auto/Maximum.xml
5 ms. Memory: 494592K Free: 274939K (56%)
----------------- Invoking toplevel() on ptolemy.moml.MoMLSimpleApplication@5d31c169
----------------- Done invoking toplevel() on ptolemy.moml.MoMLSimpleApplication@5d31c169
reloadAllAccessors: .Maximum

===========================================================================================
----------------- testing Fri May 15 14:24:22 UTC 2020 /home/travis/build/icyphy/ptII/ptolemy/actor/lib/test/auto/MaximumComplex.xml
----------------- Instantiating /home/travis/build/icyphy/ptII/ptolemy/actor/lib/test/auto/MaximumComplex.xml
4 ms. Memory: 494592K Free: 268811K (54%)
----------------- Invoking toplevel() on ptolemy.moml.MoMLSimpleApplication@670a16e7
----------------- Done invoking toplevel() on ptolemy.moml.MoMLSimpleApplication@670a16e7
reloadAllAccessors: .MaximumComplex

===========================================================================================
----------------- testing Fri May 15 14:24:22 UTC 2020 /home/travis/build/icyphy/ptII/ptolemy/actor/lib/test/auto/MethodCallTest.xml
----------------- Instantiating /home/travis/build/icyphy/ptII/ptolemy/actor/lib/test/auto/MethodCallTest.xml
2 ms. Memory: 494592K Free: 262171K (53%)
----------------- Invoking toplevel() on ptolemy.moml.MoMLSimpleApplication@47455d85
----------------- Done invoking toplevel() on ptolemy.moml.MoMLSimpleApplication@47455d85
reloadAllAccessors: .MethodCallTest

===========================================================================================
----------------- testing Fri May 15 14:24:22 UTC 2020 /home/travis/build/icyphy/ptII/ptolemy/actor/lib/test/auto/Minimum.xml
----------------- Instantiating /home/travis/build/icyphy/ptII/ptolemy/actor/lib/test/auto/Minimum.xml
2 ms. Memory: 494592K Free: 255499K (52%)
----------------- Invoking toplevel() on ptolemy.moml.MoMLSimpleApplication@3a37035d
----------------- Done invoking toplevel() on ptolemy.moml.MoMLSimpleApplication@3a37035d
reloadAllAccessors: .Minimum

===========================================================================================
----------------- testing Fri May 15 14:24:22 UTC 2020 /home/travis/build/icyphy/ptII/ptolemy/actor/lib/test/auto/MinimumComplex.xml
----------------- Instantiating /home/travis/build/icyphy/ptII/ptolemy/actor/lib/test/auto/MinimumComplex.xml
3 ms. Memory: 494592K Free: 249355K (50%)
----------------- Invoking toplevel() on ptolemy.moml.MoMLSimpleApplication@7ff5929b
----------------- Done invoking toplevel() on ptolemy.moml.MoMLSimpleApplication@7ff5929b
reloadAllAccessors: .MinimumComplex

===========================================================================================
----------------- testing Fri May 15 14:24:22 UTC 2020 /home/travis/build/icyphy/ptII/ptolemy/actor/lib/test/auto/MinimumMultiports.xml
----------------- Instantiating /home/travis/build/icyphy/ptII/ptolemy/actor/lib/test/auto/MinimumMultiports.xml
3 ms. Memory: 494592K Free: 240667K (49%)
----------------- Invoking toplevel() on ptolemy.moml.MoMLSimpleApplication@126643a
----------------- Done invoking toplevel() on ptolemy.moml.MoMLSimpleApplication@126643a
reloadAllAccessors: .MinimumMultiports

===========================================================================================
----------------- testing Fri May 15 14:24:22 UTC 2020 /home/travis/build/icyphy/ptII/ptolemy/actor/lib/test/auto/ModifyDate.xml
----------------- Instantiating /home/travis/build/icyphy/ptII/ptolemy/actor/lib/test/auto/ModifyDate.xml
7 ms. Memory: 494592K Free: 227865K (46%)
----------------- Invoking toplevel() on ptolemy.moml.MoMLSimpleApplication@684d5394
----------------- Done invoking toplevel() on ptolemy.moml.MoMLSimpleApplication@684d5394
reloadAllAccessors: .ModifyDate

===========================================================================================
----------------- testing Fri May 15 14:24:22 UTC 2020 /home/travis/build/icyphy/ptII/ptolemy/actor/lib/test/auto/ModifyDate2.xml
----------------- Instantiating /home/travis/build/icyphy/ptII/ptolemy/actor/lib/test/auto/ModifyDate2.xml
5 ms. Memory: 494592K Free: 219163K (44%)
----------------- Invoking toplevel() on ptolemy.moml.MoMLSimpleApplication@f5973c3
----------------- Done invoking toplevel() on ptolemy.moml.MoMLSimpleApplication@f5973c3
reloadAllAccessors: .ModifyDate2

===========================================================================================
----------------- testing Fri May 15 14:24:22 UTC 2020 /home/travis/build/icyphy/ptII/ptolemy/actor/lib/test/auto/MovingAverage.xml
----------------- Instantiating /home/travis/build/icyphy/ptII/ptolemy/actor/lib/test/auto/MovingAverage.xml
2 ms. Memory: 494592K Free: 214043K (43%)
----------------- Invoking toplevel() on ptolemy.moml.MoMLSimpleApplication@12242ad8
----------------- Done invoking toplevel() on ptolemy.moml.MoMLSimpleApplication@12242ad8
reloadAllAccessors: .MovingAverage

===========================================================================================
----------------- testing Fri May 15 14:24:22 UTC 2020 /home/travis/build/icyphy/ptII/ptolemy/actor/lib/test/auto/MovingMaximum.xml
----------------- Instantiating /home/travis/build/icyphy/ptII/ptolemy/actor/lib/test/auto/MovingMaximum.xml
2 ms. Memory: 494592K Free: 209433K (42%)
----------------- Invoking toplevel() on ptolemy.moml.MoMLSimpleApplication@5db5c33
----------------- Done invoking toplevel() on ptolemy.moml.MoMLSimpleApplication@5db5c33
reloadAllAccessors: .MovingMaximum

===========================================================================================
----------------- testing Fri May 15 14:24:22 UTC 2020 /home/travis/build/icyphy/ptII/ptolemy/actor/lib/test/auto/MultipleLinksToSameRelation.xml
----------------- Instantiating /home/travis/build/icyphy/ptII/ptolemy/actor/lib/test/auto/MultipleLinksToSameRelation.xml
2 ms. Memory: 494592K Free: 205337K (42%)
----------------- Invoking toplevel() on ptolemy.moml.MoMLSimpleApplication@396e8b82
----------------- Done invoking toplevel() on ptolemy.moml.MoMLSimpleApplication@396e8b82
reloadAllAccessors: .MultipleLinksToSameRelation

===========================================================================================
----------------- testing Fri May 15 14:24:22 UTC 2020 /home/travis/build/icyphy/ptII/ptolemy/actor/lib/test/auto/MultipleLinksToSameRelationDE.xml
----------------- Instantiating /home/travis/build/icyphy/ptII/ptolemy/actor/lib/test/auto/MultipleLinksToSameRelationDE.xml
1 ms. Memory: 494592K Free: 200731K (41%)
----------------- Invoking toplevel() on ptolemy.moml.MoMLSimpleApplication@5052362f
----------------- Done invoking toplevel() on ptolemy.moml.MoMLSimpleApplication@5052362f
reloadAllAccessors: .MultipleLinksToSameRelationDE

===========================================================================================
----------------- testing Fri May 15 14:24:22 UTC 2020 /home/travis/build/icyphy/ptII/ptolemy/actor/lib/test/auto/Multiplexor.xml
----------------- Instantiating /home/travis/build/icyphy/ptII/ptolemy/actor/lib/test/auto/Multiplexor.xml
1 ms. Memory: 494592K Free: 195097K (39%)
----------------- Invoking toplevel() on ptolemy.moml.MoMLSimpleApplication@4c880a9d
----------------- Done invoking toplevel() on ptolemy.moml.MoMLSimpleApplication@4c880a9d
reloadAllAccessors: .Multiplexor

===========================================================================================
----------------- testing Fri May 15 14:24:22 UTC 2020 /home/travis/build/icyphy/ptII/ptolemy/actor/lib/test/auto/Multiplexor1.xml
----------------- Instantiating /home/travis/build/icyphy/ptII/ptolemy/actor/lib/test/auto/Multiplexor1.xml
4 ms. Memory: 494592K Free: 189467K (38%)
----------------- Invoking toplevel() on ptolemy.moml.MoMLSimpleApplication@1494328f
----------------- Done invoking toplevel() on ptolemy.moml.MoMLSimpleApplication@1494328f
reloadAllAccessors: .Multiplexor1

===========================================================================================
----------------- testing Fri May 15 14:24:22 UTC 2020 /home/travis/build/icyphy/ptII/ptolemy/actor/lib/test/auto/Multiplexor2.xml
----------------- Instantiating /home/travis/build/icyphy/ptII/ptolemy/actor/lib/test/auto/Multiplexor2.xml
5 ms. Memory: 494592K Free: 182299K (37%)
----------------- Invoking toplevel() on ptolemy.moml.MoMLSimpleApplication@72ba23a2
----------------- Done invoking toplevel() on ptolemy.moml.MoMLSimpleApplication@72ba23a2
reloadAllAccessors: .Multiplexor2

===========================================================================================
----------------- testing Fri May 15 14:24:22 UTC 2020 /home/travis/build/icyphy/ptII/ptolemy/actor/lib/test/auto/Multiplexor3.xml
----------------- Instantiating /home/travis/build/icyphy/ptII/ptolemy/actor/lib/test/auto/Multiplexor3.xml
2 ms. Memory: 494592K Free: 178203K (36%)
----------------- Invoking toplevel() on ptolemy.moml.MoMLSimpleApplication@5b1fc116
----------------- Done invoking toplevel() on ptolemy.moml.MoMLSimpleApplication@5b1fc116
reloadAllAccessors: .Multiplexor3

===========================================================================================
----------------- testing Fri May 15 14:24:22 UTC 2020 /home/travis/build/icyphy/ptII/ptolemy/actor/lib/test/auto/MultiplexorDE.xml
----------------- Instantiating /home/travis/build/icyphy/ptII/ptolemy/actor/lib/test/auto/MultiplexorDE.xml
2 ms. Memory: 494592K Free: 170507K (34%)
----------------- Invoking toplevel() on ptolemy.moml.MoMLSimpleApplication@3eeb0753
----------------- Done invoking toplevel() on ptolemy.moml.MoMLSimpleApplication@3eeb0753
reloadAllAccessors: .MultiplexorDE

===========================================================================================
----------------- testing Fri May 15 14:24:22 UTC 2020 /home/travis/build/icyphy/ptII/ptolemy/actor/lib/test/auto/MultiportBroadcastTest.xml
----------------- Instantiating /home/travis/build/icyphy/ptII/ptolemy/actor/lib/test/auto/MultiportBroadcastTest.xml
102 ms. Memory: 494592K Free: 164371K (33%)
----------------- Invoking toplevel() on ptolemy.moml.MoMLSimpleApplication@b683228
----------------- Done invoking toplevel() on ptolemy.moml.MoMLSimpleApplication@b683228
reloadAllAccessors: .MultiportBroadcastTest

===========================================================================================
----------------- testing Fri May 15 14:24:22 UTC 2020 /home/travis/build/icyphy/ptII/ptolemy/actor/lib/test/auto/MultiportOutHangDuringGetWidth.xml
----------------- Instantiating /home/travis/build/icyphy/ptII/ptolemy/actor/lib/test/auto/MultiportOutHangDuringGetWidth.xml
4 ms. Memory: 494592K Free: 152603K (31%)
----------------- Invoking toplevel() on ptolemy.moml.MoMLSimpleApplication@265804dd
----------------- Done invoking toplevel() on ptolemy.moml.MoMLSimpleApplication@265804dd
reloadAllAccessors: .MultiportOutHangDuringGetWidth

===========================================================================================
----------------- testing Fri May 15 14:24:22 UTC 2020 /home/travis/build/icyphy/ptII/ptolemy/actor/lib/test/auto/NilToken.xml
----------------- Instantiating /home/travis/build/icyphy/ptII/ptolemy/actor/lib/test/auto/NilToken.xml
1 ms. Memory: 494592K Free: 441344K (89%)
----------------- Invoking toplevel() on ptolemy.moml.MoMLSimpleApplication@260fc8ff
----------------- Done invoking toplevel() on ptolemy.moml.MoMLSimpleApplication@260fc8ff
reloadAllAccessors: .NilToken

===========================================================================================
----------------- testing Fri May 15 14:24:22 UTC 2020 /home/travis/build/icyphy/ptII/ptolemy/actor/lib/test/auto/NilTokenNonStrictTest.xml
----------------- Instantiating /home/travis/build/icyphy/ptII/ptolemy/actor/lib/test/auto/NilTokenNonStrictTest.xml
2 ms. Memory: 494592K Free: 436734K (88%)
----------------- Invoking toplevel() on ptolemy.moml.MoMLSimpleApplication@7f324a94
----------------- Done invoking toplevel() on ptolemy.moml.MoMLSimpleApplication@7f324a94
reloadAllAccessors: .NilTokenNonStrictTest

===========================================================================================
----------------- testing Fri May 15 14:24:22 UTC 2020 /home/travis/build/icyphy/ptII/ptolemy/actor/lib/test/auto/NilTokenRecord.xml
----------------- Instantiating /home/travis/build/icyphy/ptII/ptolemy/actor/lib/test/auto/NilTokenRecord.xml
12 ms. Memory: 494592K Free: 430080K (87%)
----------------- Invoking toplevel() on ptolemy.moml.MoMLSimpleApplication@366dcc52
----------------- Done invoking toplevel() on ptolemy.moml.MoMLSimpleApplication@366dcc52
reloadAllAccessors: .NilTokenRecord

===========================================================================================
----------------- testing Fri May 15 14:24:22 UTC 2020 /home/travis/build/icyphy/ptII/ptolemy/actor/lib/test/auto/NilTokenTypeTest.xml
----------------- Instantiating /home/travis/build/icyphy/ptII/ptolemy/actor/lib/test/auto/NilTokenTypeTest.xml
6 ms. Memory: 494592K Free: 420350K (85%)
----------------- Invoking toplevel() on ptolemy.moml.MoMLSimpleApplication@f8aeddc
----------------- Done invoking toplevel() on ptolemy.moml.MoMLSimpleApplication@f8aeddc
reloadAllAccessors: .NilTokenTypeTest

===========================================================================================
----------------- testing Fri May 15 14:24:22 UTC 2020 /home/travis/build/icyphy/ptII/ptolemy/actor/lib/test/auto/ObjectToken1.xml
----------------- Instantiating /home/travis/build/icyphy/ptII/ptolemy/actor/lib/test/auto/ObjectToken1.xml
3 ms. Memory: 494592K Free: 416254K (84%)
----------------- Invoking toplevel() on ptolemy.moml.MoMLSimpleApplication@182a3f57
----------------- Done invoking toplevel() on ptolemy.moml.MoMLSimpleApplication@182a3f57
reloadAllAccessors: .ObjectToken1

===========================================================================================
----------------- testing Fri May 15 14:24:22 UTC 2020 /home/travis/build/icyphy/ptII/ptolemy/actor/lib/test/auto/OrderedMerge.xml
----------------- Instantiating /home/travis/build/icyphy/ptII/ptolemy/actor/lib/test/auto/OrderedMerge.xml
10 ms. Memory: 494592K Free: 410624K (83%)
----------------- Invoking toplevel() on ptolemy.moml.MoMLSimpleApplication@3fe605fd
----------------- Done invoking toplevel() on ptolemy.moml.MoMLSimpleApplication@3fe605fd
reloadAllAccessors: .OrderedMerge

===========================================================================================
----------------- testing Fri May 15 14:24:22 UTC 2020 /home/travis/build/icyphy/ptII/ptolemy/actor/lib/test/auto/OrderedRecordDisassembler.xml
----------------- Instantiating /home/travis/build/icyphy/ptII/ptolemy/actor/lib/test/auto/OrderedRecordDisassembler.xml
3 ms. Memory: 494592K Free: 405504K (82%)
----------------- Invoking toplevel() on ptolemy.moml.MoMLSimpleApplication@4f091113
----------------- Done invoking toplevel() on ptolemy.moml.MoMLSimpleApplication@4f091113
reloadAllAccessors: .OrderedRecordDisassembler

===========================================================================================
----------------- testing Fri May 15 14:24:22 UTC 2020 /home/travis/build/icyphy/ptII/ptolemy/actor/lib/test/auto/OrderedRecordDisassembler2.xml
----------------- Instantiating /home/travis/build/icyphy/ptII/ptolemy/actor/lib/test/auto/OrderedRecordDisassembler2.xml
4 ms. Memory: 494592K Free: 397807K (80%)
----------------- Invoking toplevel() on ptolemy.moml.MoMLSimpleApplication@3a94964a
----------------- Done invoking toplevel() on ptolemy.moml.MoMLSimpleApplication@3a94964a
reloadAllAccessors: .OrderedRecordDisassembler2

===========================================================================================
----------------- testing Fri May 15 14:24:22 UTC 2020 /home/travis/build/icyphy/ptII/ptolemy/actor/lib/test/auto/OrderedRecordUpdater.xml
----------------- Instantiating /home/travis/build/icyphy/ptII/ptolemy/actor/lib/test/auto/OrderedRecordUpdater.xml
2 ms. Memory: 494592K Free: 393216K (80%)
----------------- Invoking toplevel() on ptolemy.moml.MoMLSimpleApplication@56e1faaf
----------------- Done invoking toplevel() on ptolemy.moml.MoMLSimpleApplication@56e1faaf
reloadAllAccessors: .RecordUpdater

===========================================================================================
----------------- testing Fri May 15 14:24:22 UTC 2020 /home/travis/build/icyphy/ptII/ptolemy/actor/lib/test/auto/OrderedRecordUpdater2.xml
----------------- Instantiating /home/travis/build/icyphy/ptII/ptolemy/actor/lib/test/auto/OrderedRecordUpdater2.xml
3 ms. Memory: 494592K Free: 388606K (79%)
----------------- Invoking toplevel() on ptolemy.moml.MoMLSimpleApplication@5281ea01
----------------- Done invoking toplevel() on ptolemy.moml.MoMLSimpleApplication@5281ea01
reloadAllAccessors: .RecordUpdater2

===========================================================================================
----------------- testing Fri May 15 14:24:22 UTC 2020 /home/travis/build/icyphy/ptII/ptolemy/actor/lib/test/auto/PhaseUnwrap.xml
----------------- Instantiating /home/travis/build/icyphy/ptII/ptolemy/actor/lib/test/auto/PhaseUnwrap.xml
2 ms. Memory: 494592K Free: 384000K (78%)
----------------- Invoking toplevel() on ptolemy.moml.MoMLSimpleApplication@449fe875
----------------- Done invoking toplevel() on ptolemy.moml.MoMLSimpleApplication@449fe875
reloadAllAccessors: .PhaseUnwrap

===========================================================================================
----------------- testing Fri May 15 14:24:22 UTC 2020 /home/travis/build/icyphy/ptII/ptolemy/actor/lib/test/auto/PoissonClock.xml
----------------- Instantiating /home/travis/build/icyphy/ptII/ptolemy/actor/lib/test/auto/PoissonClock.xml
4 ms. Memory: 494592K Free: 379904K (77%)
----------------- Invoking toplevel() on ptolemy.moml.MoMLSimpleApplication@5cf6efb2
----------------- Done invoking toplevel() on ptolemy.moml.MoMLSimpleApplication@5cf6efb2
reloadAllAccessors: .PoissonClock

===========================================================================================
----------------- testing Fri May 15 14:24:22 UTC 2020 /home/travis/build/icyphy/ptII/ptolemy/actor/lib/test/auto/PoissonClock2.xml
----------------- Instantiating /home/travis/build/icyphy/ptII/ptolemy/actor/lib/test/auto/PoissonClock2.xml
1 ms. Memory: 494592K Free: 374784K (76%)
----------------- Invoking toplevel() on ptolemy.moml.MoMLSimpleApplication@2e2d872
----------------- Done invoking toplevel() on ptolemy.moml.MoMLSimpleApplication@2e2d872
reloadAllAccessors: .PoissonClock2

===========================================================================================
----------------- testing Fri May 15 14:24:22 UTC 2020 /home/travis/build/icyphy/ptII/ptolemy/actor/lib/test/auto/PoissonClock3.xml
----------------- Instantiating /home/travis/build/icyphy/ptII/ptolemy/actor/lib/test/auto/PoissonClock3.xml
1 ms. Memory: 494592K Free: 370174K (75%)
----------------- Invoking toplevel() on ptolemy.moml.MoMLSimpleApplication@456418dd
----------------- Done invoking toplevel() on ptolemy.moml.MoMLSimpleApplication@456418dd
reloadAllAccessors: .PoissonClock3

===========================================================================================
----------------- testing Fri May 15 14:24:23 UTC 2020 /home/travis/build/icyphy/ptII/ptolemy/actor/lib/test/auto/PubSubWithInitialTokens.xml
----------------- Instantiating /home/travis/build/icyphy/ptII/ptolemy/actor/lib/test/auto/PubSubWithInitialTokens.xml
2 ms. Memory: 494592K Free: 364544K (74%)
----------------- Invoking toplevel() on ptolemy.moml.MoMLSimpleApplication@721b639e
----------------- Done invoking toplevel() on ptolemy.moml.MoMLSimpleApplication@721b639e
reloadAllAccessors: .PubSubWithInitialTokens

===========================================================================================
----------------- testing Fri May 15 14:24:23 UTC 2020 /home/travis/build/icyphy/ptII/ptolemy/actor/lib/test/auto/PubSubWithInitialTokens2.xml
----------------- Instantiating /home/travis/build/icyphy/ptII/ptolemy/actor/lib/test/auto/PubSubWithInitialTokens2.xml
3 ms. Memory: 494592K Free: 358400K (72%)
----------------- Invoking toplevel() on ptolemy.moml.MoMLSimpleApplication@5ad61c30
----------------- Done invoking toplevel() on ptolemy.moml.MoMLSimpleApplication@5ad61c30
reloadAllAccessors: .PubSubWithInitialTokens2

===========================================================================================
----------------- testing Fri May 15 14:24:23 UTC 2020 /home/travis/build/icyphy/ptII/ptolemy/actor/lib/test/auto/PublisherClassNoParameter.xml
----------------- Instantiating /home/travis/build/icyphy/ptII/ptolemy/actor/lib/test/auto/PublisherClassNoParameter.xml
3 ms. Memory: 494592K Free: 348670K (70%)
----------------- Invoking toplevel() on ptolemy.moml.MoMLSimpleApplication@67a9025a
----------------- Done invoking toplevel() on ptolemy.moml.MoMLSimpleApplication@67a9025a
reloadAllAccessors: .PublisherClassNoParameter

===========================================================================================
----------------- testing Fri May 15 14:24:23 UTC 2020 /home/travis/build/icyphy/ptII/ptolemy/actor/lib/test/auto/PublisherClassParameter.xml
----------------- Instantiating /home/travis/build/icyphy/ptII/ptolemy/actor/lib/test/auto/PublisherClassParameter.xml
2 ms. Memory: 494592K Free: 338423K (68%)
----------------- Invoking toplevel() on ptolemy.moml.MoMLSimpleApplication@71c0de65
----------------- Done invoking toplevel() on ptolemy.moml.MoMLSimpleApplication@71c0de65
reloadAllAccessors: .PublisherClassParameter

===========================================================================================
----------------- testing Fri May 15 14:24:23 UTC 2020 /home/travis/build/icyphy/ptII/ptolemy/actor/lib/test/auto/PublisherNonStrictTest.xml
----------------- Instantiating /home/travis/build/icyphy/ptII/ptolemy/actor/lib/test/auto/PublisherNonStrictTest.xml
3 ms. Memory: 494592K Free: 330752K (67%)
----------------- Invoking toplevel() on ptolemy.moml.MoMLSimpleApplication@3b6e38d
----------------- Done invoking toplevel() on ptolemy.moml.MoMLSimpleApplication@3b6e38d
reloadAllAccessors: .PublisherNonStrictTest

===========================================================================================
----------------- testing Fri May 15 14:24:23 UTC 2020 /home/travis/build/icyphy/ptII/ptolemy/actor/lib/test/auto/PublisherPort1.xml
----------------- Instantiating /home/travis/build/icyphy/ptII/ptolemy/actor/lib/test/auto/PublisherPort1.xml
2 ms. Memory: 494592K Free: 325103K (66%)
----------------- Invoking toplevel() on ptolemy.moml.MoMLSimpleApplication@2fa93aa6
----------------- Done invoking toplevel() on ptolemy.moml.MoMLSimpleApplication@2fa93aa6
reloadAllAccessors: .PublisherPort1

===========================================================================================
----------------- testing Fri May 15 14:24:23 UTC 2020 /home/travis/build/icyphy/ptII/ptolemy/actor/lib/test/auto/PublisherPort2.xml
----------------- Instantiating /home/travis/build/icyphy/ptII/ptolemy/actor/lib/test/auto/PublisherPort2.xml
1 ms. Memory: 494592K Free: 319998K (65%)
----------------- Invoking toplevel() on ptolemy.moml.MoMLSimpleApplication@30b1c8f1
----------------- Done invoking toplevel() on ptolemy.moml.MoMLSimpleApplication@30b1c8f1
reloadAllAccessors: .PublisherPort2

===========================================================================================
----------------- testing Fri May 15 14:24:23 UTC 2020 /home/travis/build/icyphy/ptII/ptolemy/actor/lib/test/auto/PublisherPort3.xml
----------------- Instantiating /home/travis/build/icyphy/ptII/ptolemy/actor/lib/test/auto/PublisherPort3.xml
11 ms. Memory: 494592K Free: 313344K (63%)
----------------- Invoking toplevel() on ptolemy.moml.MoMLSimpleApplication@4cd3d53d
----------------- Done invoking toplevel() on ptolemy.moml.MoMLSimpleApplication@4cd3d53d
reloadAllAccessors: .PublisherPort3

===========================================================================================
----------------- testing Fri May 15 14:24:23 UTC 2020 /home/travis/build/icyphy/ptII/ptolemy/actor/lib/test/auto/PublisherPort4.xml
----------------- Instantiating /home/travis/build/icyphy/ptII/ptolemy/actor/lib/test/auto/PublisherPort4.xml
3 ms. Memory: 494592K Free: 307200K (62%)
----------------- Invoking toplevel() on ptolemy.moml.MoMLSimpleApplication@60075ce1
----------------- Done invoking toplevel() on ptolemy.moml.MoMLSimpleApplication@60075ce1
reloadAllAccessors: .PublisherPort4

===========================================================================================
----------------- testing Fri May 15 14:24:23 UTC 2020 /home/travis/build/icyphy/ptII/ptolemy/actor/lib/test/auto/PublisherPort5.xml
----------------- Instantiating /home/travis/build/icyphy/ptII/ptolemy/actor/lib/test/auto/PublisherPort5.xml
3 ms. Memory: 494592K Free: 299518K (61%)
----------------- Invoking toplevel() on ptolemy.moml.MoMLSimpleApplication@76f68519
----------------- Done invoking toplevel() on ptolemy.moml.MoMLSimpleApplication@76f68519
reloadAllAccessors: .PublisherPort5

===========================================================================================
----------------- testing Fri May 15 14:24:23 UTC 2020 /home/travis/build/icyphy/ptII/ptolemy/actor/lib/test/auto/PublisherPort5LookAlike.xml
----------------- Instantiating /home/travis/build/icyphy/ptII/ptolemy/actor/lib/test/auto/PublisherPort5LookAlike.xml
6 ms. Memory: 494592K Free: 291840K (59%)
----------------- Invoking toplevel() on ptolemy.moml.MoMLSimpleApplication@7af93929
----------------- Done invoking toplevel() on ptolemy.moml.MoMLSimpleApplication@7af93929
reloadAllAccessors: .PublisherPort5LookAlike

===========================================================================================
----------------- testing Fri May 15 14:24:23 UTC 2020 /home/travis/build/icyphy/ptII/ptolemy/actor/lib/test/auto/PublisherPort6.xml
----------------- Instantiating /home/travis/build/icyphy/ptII/ptolemy/actor/lib/test/auto/PublisherPort6.xml
1 ms. Memory: 494592K Free: 285182K (58%)
----------------- Invoking toplevel() on ptolemy.moml.MoMLSimpleApplication@143535a5
----------------- Done invoking toplevel() on ptolemy.moml.MoMLSimpleApplication@143535a5
reloadAllAccessors: .PublisherPort6

===========================================================================================
----------------- testing Fri May 15 14:24:23 UTC 2020 /home/travis/build/icyphy/ptII/ptolemy/actor/lib/test/auto/PublisherPort7.xml
----------------- Instantiating /home/travis/build/icyphy/ptII/ptolemy/actor/lib/test/auto/PublisherPort7.xml
3 ms. Memory: 494592K Free: 277504K (56%)
----------------- Invoking toplevel() on ptolemy.moml.MoMLSimpleApplication@4f52a399
----------------- Done invoking toplevel() on ptolemy.moml.MoMLSimpleApplication@4f52a399
reloadAllAccessors: .PublisherPort7

===========================================================================================
----------------- testing Fri May 15 14:24:23 UTC 2020 /home/travis/build/icyphy/ptII/ptolemy/actor/lib/test/auto/PublisherPort8.xml
----------------- Instantiating /home/travis/build/icyphy/ptII/ptolemy/actor/lib/test/auto/PublisherPort8.xml
4 ms. Memory: 494592K Free: 268798K (54%)
----------------- Invoking toplevel() on ptolemy.moml.MoMLSimpleApplication@15dd37ac
----------------- Done invoking toplevel() on ptolemy.moml.MoMLSimpleApplication@15dd37ac
reloadAllAccessors: .PublisherPort8

===========================================================================================
----------------- testing Fri May 15 14:24:23 UTC 2020 /home/travis/build/icyphy/ptII/ptolemy/actor/lib/test/auto/PublisherPortSubscriberChannelVariablesAOC2.xml
----------------- Instantiating /home/travis/build/icyphy/ptII/ptolemy/actor/lib/test/auto/PublisherPortSubscriberChannelVariablesAOC2.xml
4 ms. Memory: 494592K Free: 251904K (51%)
----------------- Invoking toplevel() on ptolemy.moml.MoMLSimpleApplication@2b53eb86
----------------- Done invoking toplevel() on ptolemy.moml.MoMLSimpleApplication@2b53eb86
reloadAllAccessors: .PublisherPortSubscriberChannelVariablesAOC2

===========================================================================================
----------------- testing Fri May 15 14:24:23 UTC 2020 /home/travis/build/icyphy/ptII/ptolemy/actor/lib/test/auto/PublisherPortSubscriberOpaqueWidthInference.xml
----------------- Instantiating /home/travis/build/icyphy/ptII/ptolemy/actor/lib/test/auto/PublisherPortSubscriberOpaqueWidthInference.xml
3 ms. Memory: 494592K Free: 243712K (49%)
----------------- Invoking toplevel() on ptolemy.moml.MoMLSimpleApplication@4c1356d8
----------------- Done invoking toplevel() on ptolemy.moml.MoMLSimpleApplication@4c1356d8
reloadAllAccessors: .PublisherPortSubscriberOpaqueWidthInference

===========================================================================================
----------------- testing Fri May 15 14:24:23 UTC 2020 /home/travis/build/icyphy/ptII/ptolemy/actor/lib/test/auto/PublisherPortSubscriberPortAdjacent.xml
----------------- Instantiating /home/travis/build/icyphy/ptII/ptolemy/actor/lib/test/auto/PublisherPortSubscriberPortAdjacent.xml
2 ms. Memory: 494592K Free: 235520K (48%)
----------------- Invoking toplevel() on ptolemy.moml.MoMLSimpleApplication@34f636b1
----------------- Done invoking toplevel() on ptolemy.moml.MoMLSimpleApplication@34f636b1
reloadAllAccessors: .PublisherPortSubscriberPortAdjacent

===========================================================================================
----------------- testing Fri May 15 14:24:23 UTC 2020 /home/travis/build/icyphy/ptII/ptolemy/actor/lib/test/auto/PublisherPortSubscriberPortExpression.xml
----------------- Instantiating /home/travis/build/icyphy/ptII/ptolemy/actor/lib/test/auto/PublisherPortSubscriberPortExpression.xml
3 ms. Memory: 494592K Free: 227328K (46%)
----------------- Invoking toplevel() on ptolemy.moml.MoMLSimpleApplication@31b8ff03
----------------- Done invoking toplevel() on ptolemy.moml.MoMLSimpleApplication@31b8ff03
reloadAllAccessors: .PublisherPortSubscriberPortExpression

===========================================================================================
----------------- testing Fri May 15 14:24:23 UTC 2020 /home/travis/build/icyphy/ptII/ptolemy/actor/lib/test/auto/PublisherPortSubscriberPortOpaqueD3Reverse.xml
----------------- Instantiating /home/travis/build/icyphy/ptII/ptolemy/actor/lib/test/auto/PublisherPortSubscriberPortOpaqueD3Reverse.xml
6 ms. Memory: 494592K Free: 217088K (44%)
----------------- Invoking toplevel() on ptolemy.moml.MoMLSimpleApplication@67b63b87
----------------- Done invoking toplevel() on ptolemy.moml.MoMLSimpleApplication@67b63b87
reloadAllAccessors: .PublisherPortSubscriberPortOpaqueD3Reverse

===========================================================================================
----------------- testing Fri May 15 14:24:23 UTC 2020 /home/travis/build/icyphy/ptII/ptolemy/actor/lib/test/auto/PublisherPortSubscriberPortOpaqueWidthInference.xml
----------------- Instantiating /home/travis/build/icyphy/ptII/ptolemy/actor/lib/test/auto/PublisherPortSubscriberPortOpaqueWidthInference.xml
3 ms. Memory: 494592K Free: 209391K (42%)
----------------- Invoking toplevel() on ptolemy.moml.MoMLSimpleApplication@4acf8337
----------------- Done invoking toplevel() on ptolemy.moml.MoMLSimpleApplication@4acf8337
reloadAllAccessors: .PublisherPortSubscriberPortOpaqueWidthInference

===========================================================================================
----------------- testing Fri May 15 14:24:23 UTC 2020 /home/travis/build/icyphy/ptII/ptolemy/actor/lib/test/auto/PublisherPortToplevelSubscriberPortAOC.xml
----------------- Instantiating /home/travis/build/icyphy/ptII/ptolemy/actor/lib/test/auto/PublisherPortToplevelSubscriberPortAOC.xml
.PublisherPortToplevelSubscriberPortAOC.TestExceptionAttribute: initialize() was not invoked, but wrapup() was.  This is unusual, but not always a problem.  For example, exporting JNLP will do this.
1 ms. Memory: 494592K Free: 203262K (41%)
----------------- Invoking toplevel() on ptolemy.moml.MoMLSimpleApplication@5d86bda8
----------------- Done invoking toplevel() on ptolemy.moml.MoMLSimpleApplication@5d86bda8
reloadAllAccessors: .PublisherPortToplevelSubscriberPortAOC

===========================================================================================
----------------- testing Fri May 15 14:24:23 UTC 2020 /home/travis/build/icyphy/ptII/ptolemy/actor/lib/test/auto/PublisherSubscriber.xml
----------------- Instantiating /home/travis/build/icyphy/ptII/ptolemy/actor/lib/test/auto/PublisherSubscriber.xml
2 ms. Memory: 494592K Free: 195584K (40%)
----------------- Invoking toplevel() on ptolemy.moml.MoMLSimpleApplication@1a00cb3c
----------------- Done invoking toplevel() on ptolemy.moml.MoMLSimpleApplication@1a00cb3c
reloadAllAccessors: .PublisherSubscriber

===========================================================================================
----------------- testing Fri May 15 14:24:23 UTC 2020 /home/travis/build/icyphy/ptII/ptolemy/actor/lib/test/auto/PublisherSubscriber10.xml
----------------- Instantiating /home/travis/build/icyphy/ptII/ptolemy/actor/lib/test/auto/PublisherSubscriber10.xml
6 ms. Memory: 494592K Free: 185854K (38%)
----------------- Invoking toplevel() on ptolemy.moml.MoMLSimpleApplication@5a48a7bc
----------------- Done invoking toplevel() on ptolemy.moml.MoMLSimpleApplication@5a48a7bc
reloadAllAccessors: .PublisherSubscriber10

===========================================================================================
----------------- testing Fri May 15 14:24:23 UTC 2020 /home/travis/build/icyphy/ptII/ptolemy/actor/lib/test/auto/PublisherSubscriber10InitialOutputs.xml
----------------- Instantiating /home/travis/build/icyphy/ptII/ptolemy/actor/lib/test/auto/PublisherSubscriber10InitialOutputs.xml
11 ms. Memory: 494592K Free: 176638K (36%)
----------------- Invoking toplevel() on ptolemy.moml.MoMLSimpleApplication@599412f2
----------------- Done invoking toplevel() on ptolemy.moml.MoMLSimpleApplication@599412f2
reloadAllAccessors: .PublisherSubscriber10InitialOutputs

===========================================================================================
----------------- testing Fri May 15 14:24:23 UTC 2020 /home/travis/build/icyphy/ptII/ptolemy/actor/lib/test/auto/PublisherSubscriber11.xml
----------------- Instantiating /home/travis/build/icyphy/ptII/ptolemy/actor/lib/test/auto/PublisherSubscriber11.xml
2 ms. Memory: 494592K Free: 170463K (34%)
----------------- Invoking toplevel() on ptolemy.moml.MoMLSimpleApplication@765190a
----------------- Done invoking toplevel() on ptolemy.moml.MoMLSimpleApplication@765190a
reloadAllAccessors: .PublisherSubscriber11

===========================================================================================
----------------- testing Fri May 15 14:24:23 UTC 2020 /home/travis/build/icyphy/ptII/ptolemy/actor/lib/test/auto/PublisherSubscriber12.xml
----------------- Instantiating /home/travis/build/icyphy/ptII/ptolemy/actor/lib/test/auto/PublisherSubscriber12.xml
5 ms. Memory: 494592K Free: 163326K (33%)
----------------- Invoking toplevel() on ptolemy.moml.MoMLSimpleApplication@17b298ad
----------------- Done invoking toplevel() on ptolemy.moml.MoMLSimpleApplication@17b298ad
reloadAllAccessors: .PublisherSubscriber12

===========================================================================================
----------------- testing Fri May 15 14:24:23 UTC 2020 /home/travis/build/icyphy/ptII/ptolemy/actor/lib/test/auto/PublisherSubscriber13.xml
----------------- Instantiating /home/travis/build/icyphy/ptII/ptolemy/actor/lib/test/auto/PublisherSubscriber13.xml
2 ms. Memory: 494592K Free: 157696K (32%)
----------------- Invoking toplevel() on ptolemy.moml.MoMLSimpleApplication@76e84c35
----------------- Done invoking toplevel() on ptolemy.moml.MoMLSimpleApplication@76e84c35
reloadAllAccessors: .PublisherSubscriber13

===========================================================================================
----------------- testing Fri May 15 14:24:23 UTC 2020 /home/travis/build/icyphy/ptII/ptolemy/actor/lib/test/auto/PublisherSubscriber14.xml
----------------- Instantiating /home/travis/build/icyphy/ptII/ptolemy/actor/lib/test/auto/PublisherSubscriber14.xml
2 ms. Memory: 494592K Free: 441102K (89%)
----------------- Invoking toplevel() on ptolemy.moml.MoMLSimpleApplication@4e050c6b
----------------- Done invoking toplevel() on ptolemy.moml.MoMLSimpleApplication@4e050c6b
reloadAllAccessors: .PublisherSubscriber14

===========================================================================================
----------------- testing Fri May 15 14:24:23 UTC 2020 /home/travis/build/icyphy/ptII/ptolemy/actor/lib/test/auto/PublisherSubscriber2.xml
----------------- Instantiating /home/travis/build/icyphy/ptII/ptolemy/actor/lib/test/auto/PublisherSubscriber2.xml
3 ms. Memory: 494592K Free: 434950K (88%)
----------------- Invoking toplevel() on ptolemy.moml.MoMLSimpleApplication@224b2f0
----------------- Done invoking toplevel() on ptolemy.moml.MoMLSimpleApplication@224b2f0
reloadAllAccessors: .PublisherSubscriber2

===========================================================================================
----------------- testing Fri May 15 14:24:23 UTC 2020 /home/travis/build/icyphy/ptII/ptolemy/actor/lib/test/auto/PublisherSubscriber3.xml
----------------- Instantiating /home/travis/build/icyphy/ptII/ptolemy/actor/lib/test/auto/PublisherSubscriber3.xml
1 ms. Memory: 494592K Free: 429334K (87%)
----------------- Invoking toplevel() on ptolemy.moml.MoMLSimpleApplication@351dce01
----------------- Done invoking toplevel() on ptolemy.moml.MoMLSimpleApplication@351dce01
reloadAllAccessors: .PublisherSubscriber3

===========================================================================================
----------------- testing Fri May 15 14:24:23 UTC 2020 /home/travis/build/icyphy/ptII/ptolemy/actor/lib/test/auto/PublisherSubscriber4.xml
----------------- Instantiating /home/travis/build/icyphy/ptII/ptolemy/actor/lib/test/auto/PublisherSubscriber4.xml
1 ms. Memory: 494592K Free: 424214K (86%)
----------------- Invoking toplevel() on ptolemy.moml.MoMLSimpleApplication@7cc463a2
----------------- Done invoking toplevel() on ptolemy.moml.MoMLSimpleApplication@7cc463a2
reloadAllAccessors: .PublisherSubscriber4

===========================================================================================
----------------- testing Fri May 15 14:24:23 UTC 2020 /home/travis/build/icyphy/ptII/ptolemy/actor/lib/test/auto/PublisherSubscriber5.xml
----------------- Instantiating /home/travis/build/icyphy/ptII/ptolemy/actor/lib/test/auto/PublisherSubscriber5.xml
2 ms. Memory: 494592K Free: 417542K (84%)
----------------- Invoking toplevel() on ptolemy.moml.MoMLSimpleApplication@50225f18
----------------- Done invoking toplevel() on ptolemy.moml.MoMLSimpleApplication@50225f18
reloadAllAccessors: .PublisherSubscriber5

===========================================================================================
----------------- testing Fri May 15 14:24:23 UTC 2020 /home/travis/build/icyphy/ptII/ptolemy/actor/lib/test/auto/PublisherSubscriber6.xml
----------------- Instantiating /home/travis/build/icyphy/ptII/ptolemy/actor/lib/test/auto/PublisherSubscriber6.xml
3 ms. Memory: 494592K Free: 410902K (83%)
----------------- Invoking toplevel() on ptolemy.moml.MoMLSimpleApplication@b64998d
----------------- Done invoking toplevel() on ptolemy.moml.MoMLSimpleApplication@b64998d
reloadAllAccessors: .PublisherSubscriber6

===========================================================================================
----------------- testing Fri May 15 14:24:23 UTC 2020 /home/travis/build/icyphy/ptII/ptolemy/actor/lib/test/auto/PublisherSubscriber7.xml
----------------- Instantiating /home/travis/build/icyphy/ptII/ptolemy/actor/lib/test/auto/PublisherSubscriber7.xml
6 ms. Memory: 494592K Free: 404230K (82%)
----------------- Invoking toplevel() on ptolemy.moml.MoMLSimpleApplication@3231caed
----------------- Done invoking toplevel() on ptolemy.moml.MoMLSimpleApplication@3231caed
reloadAllAccessors: .PublisherSubscriber7

===========================================================================================
----------------- testing Fri May 15 14:24:23 UTC 2020 /home/travis/build/icyphy/ptII/ptolemy/actor/lib/test/auto/PublisherSubscriber8.xml
----------------- Instantiating /home/travis/build/icyphy/ptII/ptolemy/actor/lib/test/auto/PublisherSubscriber8.xml
17 ms. Memory: 494592K Free: 392470K (79%)
----------------- Invoking toplevel() on ptolemy.moml.MoMLSimpleApplication@6fdb9a47
----------------- Done invoking toplevel() on ptolemy.moml.MoMLSimpleApplication@6fdb9a47
reloadAllAccessors: .PublisherSubscriber8

===========================================================================================
----------------- testing Fri May 15 14:24:23 UTC 2020 /home/travis/build/icyphy/ptII/ptolemy/actor/lib/test/auto/PublisherSubscriber9.xml
----------------- Instantiating /home/travis/build/icyphy/ptII/ptolemy/actor/lib/test/auto/PublisherSubscriber9.xml
2 ms. Memory: 494592K Free: 385302K (78%)
----------------- Invoking toplevel() on ptolemy.moml.MoMLSimpleApplication@2ec5a88d
----------------- Done invoking toplevel() on ptolemy.moml.MoMLSimpleApplication@2ec5a88d
reloadAllAccessors: .PublisherSubscriber9

===========================================================================================
----------------- testing Fri May 15 14:24:23 UTC 2020 /home/travis/build/icyphy/ptII/ptolemy/actor/lib/test/auto/PublisherSubscriberAdjacent.xml
----------------- Instantiating /home/travis/build/icyphy/ptII/ptolemy/actor/lib/test/auto/PublisherSubscriberAdjacent.xml
2 ms. Memory: 494592K Free: 377110K (76%)
----------------- Invoking toplevel() on ptolemy.moml.MoMLSimpleApplication@4dde645f
----------------- Done invoking toplevel() on ptolemy.moml.MoMLSimpleApplication@4dde645f
reloadAllAccessors: .PublisherSubscriberAdjacent

===========================================================================================
----------------- testing Fri May 15 14:24:23 UTC 2020 /home/travis/build/icyphy/ptII/ptolemy/actor/lib/test/auto/PublisherSubscriberChannelVariablesAOC2.xml
----------------- Instantiating /home/travis/build/icyphy/ptII/ptolemy/actor/lib/test/auto/PublisherSubscriberChannelVariablesAOC2.xml
6 ms. Memory: 494592K Free: 362774K (73%)
----------------- Invoking toplevel() on ptolemy.moml.MoMLSimpleApplication@1324fb5b
----------------- Done invoking toplevel() on ptolemy.moml.MoMLSimpleApplication@1324fb5b
reloadAllAccessors: .PublisherSubscriberChannelVariablesAOC2

===========================================================================================
----------------- testing Fri May 15 14:24:23 UTC 2020 /home/travis/build/icyphy/ptII/ptolemy/actor/lib/test/auto/PublisherSubscriberD3.xml
----------------- Instantiating /home/travis/build/icyphy/ptII/ptolemy/actor/lib/test/auto/PublisherSubscriberD3.xml
1 ms. Memory: 494592K Free: 355606K (72%)
----------------- Invoking toplevel() on ptolemy.moml.MoMLSimpleApplication@4babd32d
----------------- Done invoking toplevel() on ptolemy.moml.MoMLSimpleApplication@4babd32d
reloadAllAccessors: .PublisherSubscriberD3

===========================================================================================
----------------- testing Fri May 15 14:24:23 UTC 2020 /home/travis/build/icyphy/ptII/ptolemy/actor/lib/test/auto/PublisherSubscriberD3Reverse.xml
----------------- Instantiating /home/travis/build/icyphy/ptII/ptolemy/actor/lib/test/auto/PublisherSubscriberD3Reverse.xml
1 ms. Memory: 494592K Free: 348948K (71%)
----------------- Invoking toplevel() on ptolemy.moml.MoMLSimpleApplication@7ffd726c
----------------- Done invoking toplevel() on ptolemy.moml.MoMLSimpleApplication@7ffd726c
reloadAllAccessors: .PublisherSubscriberD3Reverse

===========================================================================================
----------------- testing Fri May 15 14:24:23 UTC 2020 /home/travis/build/icyphy/ptII/ptolemy/actor/lib/test/auto/PublisherSubscriberExpression.xml
----------------- Instantiating /home/travis/build/icyphy/ptII/ptolemy/actor/lib/test/auto/PublisherSubscriberExpression.xml
3 ms. Memory: 494592K Free: 340246K (69%)
----------------- Invoking toplevel() on ptolemy.moml.MoMLSimpleApplication@53383c6d
----------------- Done invoking toplevel() on ptolemy.moml.MoMLSimpleApplication@53383c6d
reloadAllAccessors: .PublisherSubscriberExpression

===========================================================================================
----------------- testing Fri May 15 14:24:23 UTC 2020 /home/travis/build/icyphy/ptII/ptolemy/actor/lib/test/auto/PublisherSubscriberOpaque.xml
----------------- Instantiating /home/travis/build/icyphy/ptII/ptolemy/actor/lib/test/auto/PublisherSubscriberOpaque.xml
3 ms. Memory: 494592K Free: 332054K (67%)
----------------- Invoking toplevel() on ptolemy.moml.MoMLSimpleApplication@5f78bc08
----------------- Done invoking toplevel() on ptolemy.moml.MoMLSimpleApplication@5f78bc08
reloadAllAccessors: .PublisherSubscriberOpaque

===========================================================================================
----------------- testing Fri May 15 14:24:23 UTC 2020 /home/travis/build/icyphy/ptII/ptolemy/actor/lib/test/auto/PublisherSubscriberOpaqueD3.xml
----------------- Instantiating /home/travis/build/icyphy/ptII/ptolemy/actor/lib/test/auto/PublisherSubscriberOpaqueD3.xml
4 ms. Memory: 494592K Free: 320790K (65%)
----------------- Invoking toplevel() on ptolemy.moml.MoMLSimpleApplication@f5095fc
----------------- Done invoking toplevel() on ptolemy.moml.MoMLSimpleApplication@f5095fc
reloadAllAccessors: .PublisherSubscriberOpaqueD3

===========================================================================================
----------------- testing Fri May 15 14:24:23 UTC 2020 /home/travis/build/icyphy/ptII/ptolemy/actor/lib/test/auto/PublisherSubscriberOpaqueD3Reverse.xml
----------------- Instantiating /home/travis/build/icyphy/ptII/ptolemy/actor/lib/test/auto/PublisherSubscriberOpaqueD3Reverse.xml
6 ms. Memory: 494592K Free: 310036K (63%)
----------------- Invoking toplevel() on ptolemy.moml.MoMLSimpleApplication@49ba000b
----------------- Done invoking toplevel() on ptolemy.moml.MoMLSimpleApplication@49ba000b
reloadAllAccessors: .PublisherSubscriberOpaqueD3Reverse

===========================================================================================
----------------- testing Fri May 15 14:24:23 UTC 2020 /home/travis/build/icyphy/ptII/ptolemy/actor/lib/test/auto/PublisherSubscriberOpaqueWidthInference.xml
----------------- Instantiating /home/travis/build/icyphy/ptII/ptolemy/actor/lib/test/auto/PublisherSubscriberOpaqueWidthInference.xml
3 ms. Memory: 494592K Free: 301830K (61%)
----------------- Invoking toplevel() on ptolemy.moml.MoMLSimpleApplication@1c486d1
----------------- Done invoking toplevel() on ptolemy.moml.MoMLSimpleApplication@1c486d1
reloadAllAccessors: .PublisherSubscriberOpaqueWidthInference

===========================================================================================
----------------- testing Fri May 15 14:24:23 UTC 2020 /home/travis/build/icyphy/ptII/ptolemy/actor/lib/test/auto/PublisherTestSubscriber.xml
----------------- Instantiating /home/travis/build/icyphy/ptII/ptolemy/actor/lib/test/auto/PublisherTestSubscriber.xml
6 ms. Memory: 494592K Free: 294166K (59%)
----------------- Invoking toplevel() on ptolemy.moml.MoMLSimpleApplication@6efdc7d5
----------------- Done invoking toplevel() on ptolemy.moml.MoMLSimpleApplication@6efdc7d5
reloadAllAccessors: .PublisherTestSubscriber

===========================================================================================
----------------- testing Fri May 15 14:24:23 UTC 2020 /home/travis/build/icyphy/ptII/ptolemy/actor/lib/test/auto/PublisherToplevelSubscriberPortAOC.xml
----------------- Instantiating /home/travis/build/icyphy/ptII/ptolemy/actor/lib/test/auto/PublisherToplevelSubscriberPortAOC.xml
4 ms. Memory: 494592K Free: 287494K (58%)
----------------- Invoking toplevel() on ptolemy.moml.MoMLSimpleApplication@2b803959
----------------- Done invoking toplevel() on ptolemy.moml.MoMLSimpleApplication@2b803959
reloadAllAccessors: .PublisherToplevelSubscriberPortAOC

===========================================================================================
----------------- testing Fri May 15 14:24:23 UTC 2020 /home/travis/build/icyphy/ptII/ptolemy/actor/lib/test/auto/PulseFiringLimitDE.xml
----------------- Instantiating /home/travis/build/icyphy/ptII/ptolemy/actor/lib/test/auto/PulseFiringLimitDE.xml
2 ms. Memory: 494592K Free: 281364K (57%)
----------------- Invoking toplevel() on ptolemy.moml.MoMLSimpleApplication@2ae5982b
----------------- Done invoking toplevel() on ptolemy.moml.MoMLSimpleApplication@2ae5982b
reloadAllAccessors: .PulseFiringLimitDE

===========================================================================================
----------------- testing Fri May 15 14:24:23 UTC 2020 /home/travis/build/icyphy/ptII/ptolemy/actor/lib/test/auto/Ramp1.xml
----------------- Instantiating /home/travis/build/icyphy/ptII/ptolemy/actor/lib/test/auto/Ramp1.xml
1 ms. Memory: 494592K Free: 277262K (56%)
----------------- Invoking toplevel() on ptolemy.moml.MoMLSimpleApplication@3dc1f81
----------------- Done invoking toplevel() on ptolemy.moml.MoMLSimpleApplication@3dc1f81
reloadAllAccessors: .Ramp1

===========================================================================================
----------------- testing Fri May 15 14:24:23 UTC 2020 /home/travis/build/icyphy/ptII/ptolemy/actor/lib/test/auto/RampFiringLimitDE.xml
----------------- Instantiating /home/travis/build/icyphy/ptII/ptolemy/actor/lib/test/auto/RampFiringLimitDE.xml
2 ms. Memory: 494592K Free: 270614K (55%)
----------------- Invoking toplevel() on ptolemy.moml.MoMLSimpleApplication@16abed5a
----------------- Done invoking toplevel() on ptolemy.moml.MoMLSimpleApplication@16abed5a
reloadAllAccessors: .RampFiringLimitDE

===========================================================================================
----------------- testing Fri May 15 14:24:23 UTC 2020 /home/travis/build/icyphy/ptII/ptolemy/actor/lib/test/auto/RampFiringLimitSDF.xml
----------------- Instantiating /home/travis/build/icyphy/ptII/ptolemy/actor/lib/test/auto/RampFiringLimitSDF.xml
2 ms. Memory: 494592K Free: 265494K (54%)
----------------- Invoking toplevel() on ptolemy.moml.MoMLSimpleApplication@135f693a
----------------- Done invoking toplevel() on ptolemy.moml.MoMLSimpleApplication@135f693a
reloadAllAccessors: .RampFiringLimitSDF

===========================================================================================
----------------- testing Fri May 15 14:24:23 UTC 2020 /home/travis/build/icyphy/ptII/ptolemy/actor/lib/test/auto/RandomInteger.xml
----------------- Instantiating /home/travis/build/icyphy/ptII/ptolemy/actor/lib/test/auto/RandomInteger.xml
1 ms. Memory: 494592K Free: 261398K (53%)
----------------- Invoking toplevel() on ptolemy.moml.MoMLSimpleApplication@620c1192
----------------- Done invoking toplevel() on ptolemy.moml.MoMLSimpleApplication@620c1192
reloadAllAccessors: .RandomInteger

===========================================================================================
----------------- testing Fri May 15 14:24:23 UTC 2020 /home/travis/build/icyphy/ptII/ptolemy/actor/lib/test/auto/ReadFile1.xml
----------------- Instantiating /home/travis/build/icyphy/ptII/ptolemy/actor/lib/test/auto/ReadFile1.xml
1 ms. Memory: 494592K Free: 256782K (52%)
----------------- Invoking toplevel() on ptolemy.moml.MoMLSimpleApplication@4203a4ce
----------------- Done invoking toplevel() on ptolemy.moml.MoMLSimpleApplication@4203a4ce
reloadAllAccessors: .ReadFile1

===========================================================================================
----------------- testing Fri May 15 14:24:23 UTC 2020 /home/travis/build/icyphy/ptII/ptolemy/actor/lib/test/auto/ReadFile2.xml
----------------- Instantiating /home/travis/build/icyphy/ptII/ptolemy/actor/lib/test/auto/ReadFile2.xml
1 ms. Memory: 494592K Free: 252692K (51%)
----------------- Invoking toplevel() on ptolemy.moml.MoMLSimpleApplication@3d704b7f
----------------- Done invoking toplevel() on ptolemy.moml.MoMLSimpleApplication@3d704b7f
reloadAllAccessors: .ReadFile2

===========================================================================================
----------------- testing Fri May 15 14:24:23 UTC 2020 /home/travis/build/icyphy/ptII/ptolemy/actor/lib/test/auto/Reader.xml
----------------- Instantiating /home/travis/build/icyphy/ptII/ptolemy/actor/lib/test/auto/Reader.xml
actor.lib.Reader is obsolete, use actor.lib.io.ExpressionReader instead
2 ms. Memory: 494592K Free: 248596K (50%)
----------------- Invoking toplevel() on ptolemy.moml.MoMLSimpleApplication@2fdfb584
----------------- Done invoking toplevel() on ptolemy.moml.MoMLSimpleApplication@2fdfb584
reloadAllAccessors: .Reader

===========================================================================================
----------------- testing Fri May 15 14:24:23 UTC 2020 /home/travis/build/icyphy/ptII/ptolemy/actor/lib/test/auto/RecordAssemblerDisplayNameTest.xml
----------------- Instantiating /home/travis/build/icyphy/ptII/ptolemy/actor/lib/test/auto/RecordAssemblerDisplayNameTest.xml
3275 ms. Memory: 494592K Free: 191452K (39%)
----------------- Invoking toplevel() on ptolemy.moml.MoMLSimpleApplication@92c6ff8
----------------- Done invoking toplevel() on ptolemy.moml.MoMLSimpleApplication@92c6ff8
reloadAllAccessors: .RecordAssemblerDisplayNameTest

===========================================================================================
----------------- testing Fri May 15 14:24:27 UTC 2020 /home/travis/build/icyphy/ptII/ptolemy/actor/lib/test/auto/RecordAssemblerTypeError.xml
----------------- Instantiating /home/travis/build/icyphy/ptII/ptolemy/actor/lib/test/auto/RecordAssemblerTypeError.xml
7 ms. Memory: 494592K Free: 181726K (37%)
----------------- Invoking toplevel() on ptolemy.moml.MoMLSimpleApplication@11e22d42
----------------- Done invoking toplevel() on ptolemy.moml.MoMLSimpleApplication@11e22d42
reloadAllAccessors: .RecordAssemblerTypeError

===========================================================================================
----------------- testing Fri May 15 14:24:27 UTC 2020 /home/travis/build/icyphy/ptII/ptolemy/actor/lib/test/auto/RecordDisassember.xml
----------------- Instantiating /home/travis/build/icyphy/ptII/ptolemy/actor/lib/test/auto/RecordDisassember.xml
12 ms. Memory: 494592K Free: 177086K (36%)
----------------- Invoking toplevel() on ptolemy.moml.MoMLSimpleApplication@42ebefbe
----------------- Done invoking toplevel() on ptolemy.moml.MoMLSimpleApplication@42ebefbe
reloadAllAccessors: .RecordDisassember

===========================================================================================
----------------- testing Fri May 15 14:24:27 UTC 2020 /home/travis/build/icyphy/ptII/ptolemy/actor/lib/test/auto/RecordDisassemberDisplayNameTest.xml
----------------- Instantiating /home/travis/build/icyphy/ptII/ptolemy/actor/lib/test/auto/RecordDisassemberDisplayNameTest.xml
6 ms. Memory: 494592K Free: 169438K (34%)
----------------- Invoking toplevel() on ptolemy.moml.MoMLSimpleApplication@2c34367b
----------------- Done invoking toplevel() on ptolemy.moml.MoMLSimpleApplication@2c34367b
reloadAllAccessors: .RecordDisassemberDisplayNameTest

===========================================================================================
----------------- testing Fri May 15 14:24:27 UTC 2020 /home/travis/build/icyphy/ptII/ptolemy/actor/lib/test/auto/RecordDisassembler.xml
----------------- Instantiating /home/travis/build/icyphy/ptII/ptolemy/actor/lib/test/auto/RecordDisassembler.xml
2 ms. Memory: 494592K Free: 164318K (33%)
----------------- Invoking toplevel() on ptolemy.moml.MoMLSimpleApplication@6d8f321f
----------------- Done invoking toplevel() on ptolemy.moml.MoMLSimpleApplication@6d8f321f
reloadAllAccessors: .RecordDisassembler

===========================================================================================
----------------- testing Fri May 15 14:24:27 UTC 2020 /home/travis/build/icyphy/ptII/ptolemy/actor/lib/test/auto/RecordDisassembler2.xml
----------------- Instantiating /home/travis/build/icyphy/ptII/ptolemy/actor/lib/test/auto/RecordDisassembler2.xml
2 ms. Memory: 494592K Free: 158670K (32%)
----------------- Invoking toplevel() on ptolemy.moml.MoMLSimpleApplication@3925a92f
----------------- Done invoking toplevel() on ptolemy.moml.MoMLSimpleApplication@3925a92f
reloadAllAccessors: .RecordDisassembler2

===========================================================================================
----------------- testing Fri May 15 14:24:27 UTC 2020 /home/travis/build/icyphy/ptII/ptolemy/actor/lib/test/auto/RecordUpdater.xml
----------------- Instantiating /home/travis/build/icyphy/ptII/ptolemy/actor/lib/test/auto/RecordUpdater.xml
1 ms. Memory: 494592K Free: 154078K (31%)
----------------- Invoking toplevel() on ptolemy.moml.MoMLSimpleApplication@652be00f
----------------- Done invoking toplevel() on ptolemy.moml.MoMLSimpleApplication@652be00f
reloadAllAccessors: .RecordUpdater

===========================================================================================
----------------- testing Fri May 15 14:24:27 UTC 2020 /home/travis/build/icyphy/ptII/ptolemy/actor/lib/test/auto/RecordUpdater2.xml
----------------- Instantiating /home/travis/build/icyphy/ptII/ptolemy/actor/lib/test/auto/RecordUpdater2.xml
1 ms. Memory: 494592K Free: 440775K (89%)
----------------- Invoking toplevel() on ptolemy.moml.MoMLSimpleApplication@75259802
----------------- Done invoking toplevel() on ptolemy.moml.MoMLSimpleApplication@75259802
reloadAllAccessors: .RecordUpdater2

===========================================================================================
----------------- testing Fri May 15 14:24:27 UTC 2020 /home/travis/build/icyphy/ptII/ptolemy/actor/lib/test/auto/RecursiveLattice.xml
----------------- Instantiating /home/travis/build/icyphy/ptII/ptolemy/actor/lib/test/auto/RecursiveLattice.xml
2 ms. Memory: 494592K Free: 436679K (88%)
----------------- Invoking toplevel() on ptolemy.moml.MoMLSimpleApplication@2f5e2325
----------------- Done invoking toplevel() on ptolemy.moml.MoMLSimpleApplication@2f5e2325
reloadAllAccessors: .RecursiveLattice

===========================================================================================
----------------- testing Fri May 15 14:24:27 UTC 2020 /home/travis/build/icyphy/ptII/ptolemy/actor/lib/test/auto/Router.xml
----------------- Instantiating /home/travis/build/icyphy/ptII/ptolemy/actor/lib/test/auto/Router.xml
3004 ms. Memory: 494592K Free: 424901K (86%)
----------------- Invoking toplevel() on ptolemy.moml.MoMLSimpleApplication@56bf46c6
----------------- Done invoking toplevel() on ptolemy.moml.MoMLSimpleApplication@56bf46c6
reloadAllAccessors: .Router

===========================================================================================
----------------- testing Fri May 15 14:24:30 UTC 2020 /home/travis/build/icyphy/ptII/ptolemy/actor/lib/test/auto/Router2.xml
----------------- Instantiating /home/travis/build/icyphy/ptII/ptolemy/actor/lib/test/auto/Router2.xml
3004 ms. Memory: 494592K Free: 413127K (84%)
----------------- Invoking toplevel() on ptolemy.moml.MoMLSimpleApplication@33d24d18
----------------- Done invoking toplevel() on ptolemy.moml.MoMLSimpleApplication@33d24d18
reloadAllAccessors: .Router2

===========================================================================================
----------------- testing Fri May 15 14:24:33 UTC 2020 /home/travis/build/icyphy/ptII/ptolemy/actor/lib/test/auto/RunningMaximum.xml
----------------- Instantiating /home/travis/build/icyphy/ptII/ptolemy/actor/lib/test/auto/RunningMaximum.xml
2 ms. Memory: 494592K Free: 408517K (83%)
----------------- Invoking toplevel() on ptolemy.moml.MoMLSimpleApplication@185b94c1
----------------- Done invoking toplevel() on ptolemy.moml.MoMLSimpleApplication@185b94c1
reloadAllAccessors: .RunningMaximum

===========================================================================================
----------------- testing Fri May 15 14:24:33 UTC 2020 /home/travis/build/icyphy/ptII/ptolemy/actor/lib/test/auto/RunningMinimum.xml
----------------- Instantiating /home/travis/build/icyphy/ptII/ptolemy/actor/lib/test/auto/RunningMinimum.xml
9 ms. Memory: 494592K Free: 403911K (82%)
----------------- Invoking toplevel() on ptolemy.moml.MoMLSimpleApplication@314d7d7f
----------------- Done invoking toplevel() on ptolemy.moml.MoMLSimpleApplication@314d7d7f
reloadAllAccessors: .RunningMinimum

===========================================================================================
----------------- testing Fri May 15 14:24:33 UTC 2020 /home/travis/build/icyphy/ptII/ptolemy/actor/lib/test/auto/Scale.xml
----------------- Instantiating /home/travis/build/icyphy/ptII/ptolemy/actor/lib/test/auto/Scale.xml
2 ms. Memory: 494592K Free: 399301K (81%)
----------------- Invoking toplevel() on ptolemy.moml.MoMLSimpleApplication@4c56b527
----------------- Done invoking toplevel() on ptolemy.moml.MoMLSimpleApplication@4c56b527
reloadAllAccessors: .Scale

===========================================================================================
----------------- testing Fri May 15 14:24:33 UTC 2020 /home/travis/build/icyphy/ptII/ptolemy/actor/lib/test/auto/Scale2.xml
----------------- Instantiating /home/travis/build/icyphy/ptII/ptolemy/actor/lib/test/auto/Scale2.xml
2 ms. Memory: 494592K Free: 394181K (80%)
----------------- Invoking toplevel() on ptolemy.moml.MoMLSimpleApplication@2a693d3
----------------- Done invoking toplevel() on ptolemy.moml.MoMLSimpleApplication@2a693d3
reloadAllAccessors: .Scale2

===========================================================================================
----------------- testing Fri May 15 14:24:33 UTC 2020 /home/travis/build/icyphy/ptII/ptolemy/actor/lib/test/auto/Scale3.xml
----------------- Instantiating /home/travis/build/icyphy/ptII/ptolemy/actor/lib/test/auto/Scale3.xml
3 ms. Memory: 494592K Free: 387527K (78%)
----------------- Invoking toplevel() on ptolemy.moml.MoMLSimpleApplication@3249fc00
----------------- Done invoking toplevel() on ptolemy.moml.MoMLSimpleApplication@3249fc00
reloadAllAccessors: .Scale3

===========================================================================================
----------------- testing Fri May 15 14:24:33 UTC 2020 /home/travis/build/icyphy/ptII/ptolemy/actor/lib/test/auto/ScaleArray.xml
----------------- Instantiating /home/travis/build/icyphy/ptII/ptolemy/actor/lib/test/auto/ScaleArray.xml
3 ms. Memory: 494592K Free: 382917K (77%)
----------------- Invoking toplevel() on ptolemy.moml.MoMLSimpleApplication@481acf40
----------------- Done invoking toplevel() on ptolemy.moml.MoMLSimpleApplication@481acf40
reloadAllAccessors: .ScaleArray

===========================================================================================
----------------- testing Fri May 15 14:24:33 UTC 2020 /home/travis/build/icyphy/ptII/ptolemy/actor/lib/test/auto/ScaleArray2.xml
----------------- Instantiating /home/travis/build/icyphy/ptII/ptolemy/actor/lib/test/auto/ScaleArray2.xml
1 ms. Memory: 494592K Free: 378791K (77%)
----------------- Invoking toplevel() on ptolemy.moml.MoMLSimpleApplication@6dcb706d
----------------- Done invoking toplevel() on ptolemy.moml.MoMLSimpleApplication@6dcb706d
reloadAllAccessors: .ScaleArray2

===========================================================================================
----------------- testing Fri May 15 14:24:33 UTC 2020 /home/travis/build/icyphy/ptII/ptolemy/actor/lib/test/auto/ScaleMatrix.xml
----------------- Instantiating /home/travis/build/icyphy/ptII/ptolemy/actor/lib/test/auto/ScaleMatrix.xml
110 ms. Memory: 494592K Free: 363975K (74%)
----------------- Invoking toplevel() on ptolemy.moml.MoMLSimpleApplication@42a8b006
----------------- Done invoking toplevel() on ptolemy.moml.MoMLSimpleApplication@42a8b006
reloadAllAccessors: .ScaleMatrix

===========================================================================================
----------------- testing Fri May 15 14:24:33 UTC 2020 /home/travis/build/icyphy/ptII/ptolemy/actor/lib/test/auto/Select.xml
----------------- Instantiating /home/travis/build/icyphy/ptII/ptolemy/actor/lib/test/auto/Select.xml
2 ms. Memory: 494592K Free: 357303K (72%)
----------------- Invoking toplevel() on ptolemy.moml.MoMLSimpleApplication@1afb6e14
----------------- Done invoking toplevel() on ptolemy.moml.MoMLSimpleApplication@1afb6e14
reloadAllAccessors: .Select

===========================================================================================
----------------- testing Fri May 15 14:24:33 UTC 2020 /home/travis/build/icyphy/ptII/ptolemy/actor/lib/test/auto/Select2.xml
----------------- Instantiating /home/travis/build/icyphy/ptII/ptolemy/actor/lib/test/auto/Select2.xml
1 ms. Memory: 494592K Free: 352711K (71%)
----------------- Invoking toplevel() on ptolemy.moml.MoMLSimpleApplication@12c9fe0c
----------------- Done invoking toplevel() on ptolemy.moml.MoMLSimpleApplication@12c9fe0c
reloadAllAccessors: .Select2

===========================================================================================
----------------- testing Fri May 15 14:24:33 UTC 2020 /home/travis/build/icyphy/ptII/ptolemy/actor/lib/test/auto/SequenceToArray2.xml
----------------- Instantiating /home/travis/build/icyphy/ptII/ptolemy/actor/lib/test/auto/SequenceToArray2.xml
102 ms. Memory: 494592K Free: 327621K (66%)
----------------- Invoking toplevel() on ptolemy.moml.MoMLSimpleApplication@70f23672
----------------- Done invoking toplevel() on ptolemy.moml.MoMLSimpleApplication@70f23672
reloadAllAccessors: .SequenceToArray2

===========================================================================================
----------------- testing Fri May 15 14:24:33 UTC 2020 /home/travis/build/icyphy/ptII/ptolemy/actor/lib/test/auto/SequentialClock.xml
----------------- Instantiating /home/travis/build/icyphy/ptII/ptolemy/actor/lib/test/auto/SequentialClock.xml
1 ms. Memory: 494592K Free: 323525K (65%)
----------------- Invoking toplevel() on ptolemy.moml.MoMLSimpleApplication@56cebe34
----------------- Done invoking toplevel() on ptolemy.moml.MoMLSimpleApplication@56cebe34
reloadAllAccessors: .SequentialClock

===========================================================================================
----------------- testing Fri May 15 14:24:33 UTC 2020 /home/travis/build/icyphy/ptII/ptolemy/actor/lib/test/auto/SetVariable.xml
----------------- Instantiating /home/travis/build/icyphy/ptII/ptolemy/actor/lib/test/auto/SetVariable.xml
3 ms. Memory: 494592K Free: 318919K (64%)
----------------- Invoking toplevel() on ptolemy.moml.MoMLSimpleApplication@26233c4b
----------------- Done invoking toplevel() on ptolemy.moml.MoMLSimpleApplication@26233c4b
reloadAllAccessors: .SetVariable

===========================================================================================
----------------- testing Fri May 15 14:24:33 UTC 2020 /home/travis/build/icyphy/ptII/ptolemy/actor/lib/test/auto/SetVariable2.xml
----------------- Instantiating /home/travis/build/icyphy/ptII/ptolemy/actor/lib/test/auto/SetVariable2.xml
2 ms. Memory: 494592K Free: 313799K (63%)
----------------- Invoking toplevel() on ptolemy.moml.MoMLSimpleApplication@18b449b3
----------------- Done invoking toplevel() on ptolemy.moml.MoMLSimpleApplication@18b449b3
reloadAllAccessors: .SetVariable2

===========================================================================================
----------------- testing Fri May 15 14:24:33 UTC 2020 /home/travis/build/icyphy/ptII/ptolemy/actor/lib/test/auto/SetVariable3.xml
----------------- Instantiating /home/travis/build/icyphy/ptII/ptolemy/actor/lib/test/auto/SetVariable3.xml
5 ms. Memory: 494592K Free: 308679K (62%)
----------------- Invoking toplevel() on ptolemy.moml.MoMLSimpleApplication@15ec2983
----------------- Done invoking toplevel() on ptolemy.moml.MoMLSimpleApplication@15ec2983
reloadAllAccessors: .SetVariable3

===========================================================================================
----------------- testing Fri May 15 14:24:33 UTC 2020 /home/travis/build/icyphy/ptII/ptolemy/actor/lib/test/auto/SetVariable4.xml
----------------- Instantiating /home/travis/build/icyphy/ptII/ptolemy/actor/lib/test/auto/SetVariable4.xml
19 ms. Memory: 494592K Free: 299461K (61%)
----------------- Invoking toplevel() on ptolemy.moml.MoMLSimpleApplication@5a936ab8
----------------- Done invoking toplevel() on ptolemy.moml.MoMLSimpleApplication@5a936ab8
reloadAllAccessors: .SetVariable4

===========================================================================================
----------------- testing Fri May 15 14:24:33 UTC 2020 /home/travis/build/icyphy/ptII/ptolemy/actor/lib/test/auto/SetVariable5.xml
----------------- Instantiating /home/travis/build/icyphy/ptII/ptolemy/actor/lib/test/auto/SetVariable5.xml
17 ms. Memory: 494592K Free: 290247K (59%)
----------------- Invoking toplevel() on ptolemy.moml.MoMLSimpleApplication@6957b15d
----------------- Done invoking toplevel() on ptolemy.moml.MoMLSimpleApplication@6957b15d
reloadAllAccessors: .SetVariable5

===========================================================================================
----------------- testing Fri May 15 14:24:33 UTC 2020 /home/travis/build/icyphy/ptII/ptolemy/actor/lib/test/auto/Sinewave.xml
----------------- Instantiating /home/travis/build/icyphy/ptII/ptolemy/actor/lib/test/auto/Sinewave.xml
3 ms. Memory: 494592K Free: 279493K (57%)
----------------- Invoking toplevel() on ptolemy.moml.MoMLSimpleApplication@29b7fce5
----------------- Done invoking toplevel() on ptolemy.moml.MoMLSimpleApplication@29b7fce5
reloadAllAccessors: .Sinewave

===========================================================================================
----------------- testing Fri May 15 14:24:34 UTC 2020 /home/travis/build/icyphy/ptII/ptolemy/actor/lib/test/auto/Sinewave2.xml
----------------- Instantiating /home/travis/build/icyphy/ptII/ptolemy/actor/lib/test/auto/Sinewave2.xml
5 ms. Memory: 494592K Free: 271295K (55%)
----------------- Invoking toplevel() on ptolemy.moml.MoMLSimpleApplication@548c27b4
----------------- Done invoking toplevel() on ptolemy.moml.MoMLSimpleApplication@548c27b4
reloadAllAccessors: .Sinewave2

===========================================================================================
----------------- testing Fri May 15 14:24:34 UTC 2020 /home/travis/build/icyphy/ptII/ptolemy/actor/lib/test/auto/Sinewave3.xml
----------------- Instantiating /home/travis/build/icyphy/ptII/ptolemy/actor/lib/test/auto/Sinewave3.xml
9 ms. Memory: 494592K Free: 263079K (53%)
----------------- Invoking toplevel() on ptolemy.moml.MoMLSimpleApplication@174ce0d9
----------------- Done invoking toplevel() on ptolemy.moml.MoMLSimpleApplication@174ce0d9
reloadAllAccessors: .Sinewave3

===========================================================================================
----------------- testing Fri May 15 14:24:34 UTC 2020 /home/travis/build/icyphy/ptII/ptolemy/actor/lib/test/auto/SingleEvent.xml
----------------- Instantiating /home/travis/build/icyphy/ptII/ptolemy/actor/lib/test/auto/SingleEvent.xml
1 ms. Memory: 494592K Free: 259013K (52%)
----------------- Invoking toplevel() on ptolemy.moml.MoMLSimpleApplication@7323f5a2
----------------- Done invoking toplevel() on ptolemy.moml.MoMLSimpleApplication@7323f5a2
reloadAllAccessors: .SingleEvent

===========================================================================================
----------------- testing Fri May 15 14:24:34 UTC 2020 /home/travis/build/icyphy/ptII/ptolemy/actor/lib/test/auto/Sleep.xml
----------------- Instantiating /home/travis/build/icyphy/ptII/ptolemy/actor/lib/test/auto/Sleep.xml
6002 ms. Memory: 494592K Free: 253383K (51%)
----------------- Invoking toplevel() on ptolemy.moml.MoMLSimpleApplication@b3f41b0
----------------- Done invoking toplevel() on ptolemy.moml.MoMLSimpleApplication@b3f41b0
reloadAllAccessors: .Sleep

===========================================================================================
----------------- testing Fri May 15 14:24:40 UTC 2020 /home/travis/build/icyphy/ptII/ptolemy/actor/lib/test/auto/SleepMultipleFire.xml
----------------- Instantiating /home/travis/build/icyphy/ptII/ptolemy/actor/lib/test/auto/SleepMultipleFire.xml
1004 ms. Memory: 494592K Free: 247239K (50%)
----------------- Invoking toplevel() on ptolemy.moml.MoMLSimpleApplication@2b3afee6
----------------- Done invoking toplevel() on ptolemy.moml.MoMLSimpleApplication@2b3afee6
reloadAllAccessors: .SleepMultipleFire

===========================================================================================
----------------- testing Fri May 15 14:24:41 UTC 2020 /home/travis/build/icyphy/ptII/ptolemy/actor/lib/test/auto/StopDE.xml
----------------- Instantiating /home/travis/build/icyphy/ptII/ptolemy/actor/lib/test/auto/StopDE.xml
2 ms. Memory: 494592K Free: 241605K (49%)
----------------- Invoking toplevel() on ptolemy.moml.MoMLSimpleApplication@5d158b8b
----------------- Done invoking toplevel() on ptolemy.moml.MoMLSimpleApplication@5d158b8b
reloadAllAccessors: .StopDE

===========================================================================================
----------------- testing Fri May 15 14:24:41 UTC 2020 /home/travis/build/icyphy/ptII/ptolemy/actor/lib/test/auto/StopSDF.xml
----------------- Instantiating /home/travis/build/icyphy/ptII/ptolemy/actor/lib/test/auto/StopSDF.xml
2 ms. Memory: 494592K Free: 236485K (48%)
----------------- Invoking toplevel() on ptolemy.moml.MoMLSimpleApplication@3b129388
----------------- Done invoking toplevel() on ptolemy.moml.MoMLSimpleApplication@3b129388
reloadAllAccessors: .StopSDF

===========================================================================================
----------------- testing Fri May 15 14:24:41 UTC 2020 /home/travis/build/icyphy/ptII/ptolemy/actor/lib/test/auto/StringConstant.xml
----------------- Instantiating /home/travis/build/icyphy/ptII/ptolemy/actor/lib/test/auto/StringConstant.xml
2 ms. Memory: 494592K Free: 231879K (47%)
----------------- Invoking toplevel() on ptolemy.moml.MoMLSimpleApplication@652765e4
----------------- Done invoking toplevel() on ptolemy.moml.MoMLSimpleApplication@652765e4
reloadAllAccessors: .StringConstant

===========================================================================================
----------------- testing Fri May 15 14:24:41 UTC 2020 /home/travis/build/icyphy/ptII/ptolemy/actor/lib/test/auto/SubscriberPortInitialValues1.xml
----------------- Instantiating /home/travis/build/icyphy/ptII/ptolemy/actor/lib/test/auto/SubscriberPortInitialValues1.xml
11 ms. Memory: 494592K Free: 223173K (45%)
----------------- Invoking toplevel() on ptolemy.moml.MoMLSimpleApplication@473e711c
----------------- Done invoking toplevel() on ptolemy.moml.MoMLSimpleApplication@473e711c
reloadAllAccessors: .SubscriberPortInitialValues1

===========================================================================================
----------------- testing Fri May 15 14:24:41 UTC 2020 /home/travis/build/icyphy/ptII/ptolemy/actor/lib/test/auto/SubscriberPortInitialValues13.xml
----------------- Instantiating /home/travis/build/icyphy/ptII/ptolemy/actor/lib/test/auto/SubscriberPortInitialValues13.xml
4 ms. Memory: 494592K Free: 209861K (42%)
----------------- Invoking toplevel() on ptolemy.moml.MoMLSimpleApplication@18ab3477
----------------- Done invoking toplevel() on ptolemy.moml.MoMLSimpleApplication@18ab3477
reloadAllAccessors: .SubscriberPortInitialValues13

===========================================================================================
----------------- testing Fri May 15 14:24:41 UTC 2020 /home/travis/build/icyphy/ptII/ptolemy/actor/lib/test/auto/SubscriberPortInitialValues14.xml
----------------- Instantiating /home/travis/build/icyphy/ptII/ptolemy/actor/lib/test/auto/SubscriberPortInitialValues14.xml
4 ms. Memory: 494592K Free: 202183K (41%)
----------------- Invoking toplevel() on ptolemy.moml.MoMLSimpleApplication@262e7069
----------------- Done invoking toplevel() on ptolemy.moml.MoMLSimpleApplication@262e7069
reloadAllAccessors: .SubscriberPortInitialValues14

===========================================================================================
----------------- testing Fri May 15 14:24:41 UTC 2020 /home/travis/build/icyphy/ptII/ptolemy/actor/lib/test/auto/SubscriberPortInitialValues2.xml
----------------- Instantiating /home/travis/build/icyphy/ptII/ptolemy/actor/lib/test/auto/SubscriberPortInitialValues2.xml
4 ms. Memory: 494592K Free: 194501K (39%)
----------------- Invoking toplevel() on ptolemy.moml.MoMLSimpleApplication@53f9e807
----------------- Done invoking toplevel() on ptolemy.moml.MoMLSimpleApplication@53f9e807
reloadAllAccessors: .SubscriberPortInitialValues2

===========================================================================================
----------------- testing Fri May 15 14:24:41 UTC 2020 /home/travis/build/icyphy/ptII/ptolemy/actor/lib/test/auto/SubscriberPortInitialValues3.xml
----------------- Instantiating /home/travis/build/icyphy/ptII/ptolemy/actor/lib/test/auto/SubscriberPortInitialValues3.xml
4 ms. Memory: 494592K Free: 183751K (37%)
----------------- Invoking toplevel() on ptolemy.moml.MoMLSimpleApplication@42e0d9e1
----------------- Done invoking toplevel() on ptolemy.moml.MoMLSimpleApplication@42e0d9e1
reloadAllAccessors: .SubscriberPortInitialValues3

===========================================================================================
----------------- testing Fri May 15 14:24:41 UTC 2020 /home/travis/build/icyphy/ptII/ptolemy/actor/lib/test/auto/SubscriptionAggregator.xml
----------------- Instantiating /home/travis/build/icyphy/ptII/ptolemy/actor/lib/test/auto/SubscriptionAggregator.xml
2 ms. Memory: 494592K Free: 177079K (36%)
----------------- Invoking toplevel() on ptolemy.moml.MoMLSimpleApplication@56751662
----------------- Done invoking toplevel() on ptolemy.moml.MoMLSimpleApplication@56751662
reloadAllAccessors: .SubscriptionAggregator

===========================================================================================
----------------- testing Fri May 15 14:24:41 UTC 2020 /home/travis/build/icyphy/ptII/ptolemy/actor/lib/test/auto/SubscriptionAggregator2.xml
----------------- Instantiating /home/travis/build/icyphy/ptII/ptolemy/actor/lib/test/auto/SubscriptionAggregator2.xml
2 ms. Memory: 494592K Free: 169415K (34%)
----------------- Invoking toplevel() on ptolemy.moml.MoMLSimpleApplication@54c72d6d
----------------- Done invoking toplevel() on ptolemy.moml.MoMLSimpleApplication@54c72d6d
reloadAllAccessors: .SubscriptionAggregator2

===========================================================================================
----------------- testing Fri May 15 14:24:41 UTC 2020 /home/travis/build/icyphy/ptII/ptolemy/actor/lib/test/auto/SubscriptionAggregator3.xml
----------------- Instantiating /home/travis/build/icyphy/ptII/ptolemy/actor/lib/test/auto/SubscriptionAggregator3.xml
3 ms. Memory: 494592K Free: 160703K (32%)
----------------- Invoking toplevel() on ptolemy.moml.MoMLSimpleApplication@2ce12849
----------------- Done invoking toplevel() on ptolemy.moml.MoMLSimpleApplication@2ce12849
reloadAllAccessors: .SubscriptionAggregator3

===========================================================================================
----------------- testing Fri May 15 14:24:41 UTC 2020 /home/travis/build/icyphy/ptII/ptolemy/actor/lib/test/auto/SubscriptionAggregatorMultiply.xml
----------------- Instantiating /home/travis/build/icyphy/ptII/ptolemy/actor/lib/test/auto/SubscriptionAggregatorMultiply.xml
20 ms. Memory: 494592K Free: 443757K (90%)
----------------- Invoking toplevel() on ptolemy.moml.MoMLSimpleApplication@282aacbd
----------------- Done invoking toplevel() on ptolemy.moml.MoMLSimpleApplication@282aacbd
reloadAllAccessors: .SubscriptionAggregatorMultiply

===========================================================================================
----------------- testing Fri May 15 14:24:41 UTC 2020 /home/travis/build/icyphy/ptII/ptolemy/actor/lib/test/auto/SubscriptionAggregatorPortMultiply1.xml
----------------- Instantiating /home/travis/build/icyphy/ptII/ptolemy/actor/lib/test/auto/SubscriptionAggregatorPortMultiply1.xml
3 ms. Memory: 494592K Free: 435375K (88%)
----------------- Invoking toplevel() on ptolemy.moml.MoMLSimpleApplication@16e9b012
----------------- Done invoking toplevel() on ptolemy.moml.MoMLSimpleApplication@16e9b012
reloadAllAccessors: .SubscriptionAggregatorPortMultiply1

===========================================================================================
----------------- testing Fri May 15 14:24:41 UTC 2020 /home/travis/build/icyphy/ptII/ptolemy/actor/lib/test/auto/Switch.xml
----------------- Instantiating /home/travis/build/icyphy/ptII/ptolemy/actor/lib/test/auto/Switch.xml
7 ms. Memory: 494592K Free: 427183K (86%)
----------------- Invoking toplevel() on ptolemy.moml.MoMLSimpleApplication@5e2f4082
----------------- Done invoking toplevel() on ptolemy.moml.MoMLSimpleApplication@5e2f4082
reloadAllAccessors: .Switch

===========================================================================================
----------------- testing Fri May 15 14:24:41 UTC 2020 /home/travis/build/icyphy/ptII/ptolemy/actor/lib/test/auto/Switch2.xml
----------------- Instantiating /home/travis/build/icyphy/ptII/ptolemy/actor/lib/test/auto/Switch2.xml
1 ms. Memory: 494592K Free: 422573K (85%)
----------------- Invoking toplevel() on ptolemy.moml.MoMLSimpleApplication@79584a6d
----------------- Done invoking toplevel() on ptolemy.moml.MoMLSimpleApplication@79584a6d
reloadAllAccessors: .Switch2

===========================================================================================
----------------- testing Fri May 15 14:24:41 UTC 2020 /home/travis/build/icyphy/ptII/ptolemy/actor/lib/test/auto/SwitchDE.xml
----------------- Instantiating /home/travis/build/icyphy/ptII/ptolemy/actor/lib/test/auto/SwitchDE.xml
2 ms. Memory: 494592K Free: 416415K (84%)
----------------- Invoking toplevel() on ptolemy.moml.MoMLSimpleApplication@1b3bade8
----------------- Done invoking toplevel() on ptolemy.moml.MoMLSimpleApplication@1b3bade8
reloadAllAccessors: .SwitchDE

===========================================================================================
----------------- testing Fri May 15 14:24:41 UTC 2020 /home/travis/build/icyphy/ptII/ptolemy/actor/lib/test/auto/SynchronizerDE.xml
----------------- Instantiating /home/travis/build/icyphy/ptII/ptolemy/actor/lib/test/auto/SynchronizerDE.xml
6 ms. Memory: 494592K Free: 407727K (82%)
----------------- Invoking toplevel() on ptolemy.moml.MoMLSimpleApplication@452fd4fe
----------------- Done invoking toplevel() on ptolemy.moml.MoMLSimpleApplication@452fd4fe
reloadAllAccessors: .SynchronizerDE

===========================================================================================
----------------- testing Fri May 15 14:24:41 UTC 2020 /home/travis/build/icyphy/ptII/ptolemy/actor/lib/test/auto/Test.xml
----------------- Instantiating /home/travis/build/icyphy/ptII/ptolemy/actor/lib/test/auto/Test.xml
9 ms. Memory: 494592K Free: 402607K (81%)
----------------- Invoking toplevel() on ptolemy.moml.MoMLSimpleApplication@489f8da8
----------------- Done invoking toplevel() on ptolemy.moml.MoMLSimpleApplication@489f8da8
reloadAllAccessors: .Test

===========================================================================================
----------------- testing Fri May 15 14:24:41 UTC 2020 /home/travis/build/icyphy/ptII/ptolemy/actor/lib/test/auto/TestExceptionAttribute1.xml
----------------- Instantiating /home/travis/build/icyphy/ptII/ptolemy/actor/lib/test/auto/TestExceptionAttribute1.xml
1 ms. Memory: 494592K Free: 399021K (81%)
----------------- Invoking toplevel() on ptolemy.moml.MoMLSimpleApplication@1c6a6cc1
----------------- Done invoking toplevel() on ptolemy.moml.MoMLSimpleApplication@1c6a6cc1
reloadAllAccessors: .TestExceptionAttribute1

===========================================================================================
----------------- testing Fri May 15 14:24:41 UTC 2020 /home/travis/build/icyphy/ptII/ptolemy/actor/lib/test/auto/TestExceptionAttribute2.xml
----------------- Instantiating /home/travis/build/icyphy/ptII/ptolemy/actor/lib/test/auto/TestExceptionAttribute2.xml
1 ms. Memory: 494592K Free: 395439K (80%)
----------------- Invoking toplevel() on ptolemy.moml.MoMLSimpleApplication@44ec3a36
----------------- Done invoking toplevel() on ptolemy.moml.MoMLSimpleApplication@44ec3a36
reloadAllAccessors: .TestExceptionAttribute2

===========================================================================================
----------------- testing Fri May 15 14:24:41 UTC 2020 /home/travis/build/icyphy/ptII/ptolemy/actor/lib/test/auto/TestExceptionAttribute3.xml
----------------- Instantiating /home/travis/build/icyphy/ptII/ptolemy/actor/lib/test/auto/TestExceptionAttribute3.xml
.TestExceptionAttribute3.TestExceptionAttribute: initialize() was not invoked, but wrapup() was.  This is unusual, but not always a problem.  For example, exporting JNLP will do this.
0 ms. Memory: 494592K Free: 391343K (79%)
----------------- Invoking toplevel() on ptolemy.moml.MoMLSimpleApplication@1f183362
----------------- Done invoking toplevel() on ptolemy.moml.MoMLSimpleApplication@1f183362
reloadAllAccessors: .TestExceptionAttribute3

===========================================================================================
----------------- testing Fri May 15 14:24:41 UTC 2020 /home/travis/build/icyphy/ptII/ptolemy/actor/lib/test/auto/TestExceptionAttribute4.xml
----------------- Instantiating /home/travis/build/icyphy/ptII/ptolemy/actor/lib/test/auto/TestExceptionAttribute4.xml
.TestExceptionAttribute4.TestExceptionAttribute: initialize() was not invoked, but wrapup() was.  This is unusual, but not always a problem.  For example, exporting JNLP will do this.
.TestExceptionAttribute4.TestExceptionAttribute2: initialize() was not invoked, but wrapup() was.  This is unusual, but not always a problem.  For example, exporting JNLP will do this.
0 ms. Memory: 494592K Free: 387247K (78%)
----------------- Invoking toplevel() on ptolemy.moml.MoMLSimpleApplication@69294b14
----------------- Done invoking toplevel() on ptolemy.moml.MoMLSimpleApplication@69294b14
reloadAllAccessors: .TestExceptionAttribute4

===========================================================================================
----------------- testing Fri May 15 14:24:41 UTC 2020 /home/travis/build/icyphy/ptII/ptolemy/actor/lib/test/auto/TestExceptionHandler1.xml
----------------- Instantiating /home/travis/build/icyphy/ptII/ptolemy/actor/lib/test/auto/TestExceptionHandler1.xml
1 ms. Memory: 494592K Free: 383661K (78%)
----------------- Invoking toplevel() on ptolemy.moml.MoMLSimpleApplication@d7f15f8
----------------- Done invoking toplevel() on ptolemy.moml.MoMLSimpleApplication@d7f15f8
reloadAllAccessors: .TestExceptionHandler1

===========================================================================================
----------------- testing Fri May 15 14:24:41 UTC 2020 /home/travis/build/icyphy/ptII/ptolemy/actor/lib/test/auto/TestExceptionHandler2.xml
----------------- Instantiating /home/travis/build/icyphy/ptII/ptolemy/actor/lib/test/auto/TestExceptionHandler2.xml
1 ms. Memory: 494592K Free: 380079K (77%)
----------------- Invoking toplevel() on ptolemy.moml.MoMLSimpleApplication@7f26d046
----------------- Done invoking toplevel() on ptolemy.moml.MoMLSimpleApplication@7f26d046
reloadAllAccessors: .TestExceptionHandler2

===========================================================================================
----------------- testing Fri May 15 14:24:41 UTC 2020 /home/travis/build/icyphy/ptII/ptolemy/actor/lib/test/auto/TestExceptionHandler3.xml
----------------- Instantiating /home/travis/build/icyphy/ptII/ptolemy/actor/lib/test/auto/TestExceptionHandler3.xml
0 ms. Memory: 494592K Free: 375983K (76%)
----------------- Invoking toplevel() on ptolemy.moml.MoMLSimpleApplication@bd59da0
----------------- Done invoking toplevel() on ptolemy.moml.MoMLSimpleApplication@bd59da0
reloadAllAccessors: .TestExceptionHandler3

===========================================================================================
----------------- testing Fri May 15 14:24:41 UTC 2020 /home/travis/build/icyphy/ptII/ptolemy/actor/lib/test/auto/TestExceptionHandler4.xml
----------------- Instantiating /home/travis/build/icyphy/ptII/ptolemy/actor/lib/test/auto/TestExceptionHandler4.xml
0 ms. Memory: 494592K Free: 371887K (75%)
----------------- Invoking toplevel() on ptolemy.moml.MoMLSimpleApplication@48aca366
----------------- Done invoking toplevel() on ptolemy.moml.MoMLSimpleApplication@48aca366
reloadAllAccessors: .TestExceptionHandler4

===========================================================================================
----------------- testing Fri May 15 14:24:41 UTC 2020 /home/travis/build/icyphy/ptII/ptolemy/actor/lib/test/auto/TestRequireCorrectOrder.xml
----------------- Instantiating /home/travis/build/icyphy/ptII/ptolemy/actor/lib/test/auto/TestRequireCorrectOrder.xml
7 ms. Memory: 494592K Free: 366767K (74%)
----------------- Invoking toplevel() on ptolemy.moml.MoMLSimpleApplication@2d009cb8
----------------- Done invoking toplevel() on ptolemy.moml.MoMLSimpleApplication@2d009cb8
reloadAllAccessors: .TestRequireCorrectOrder

===========================================================================================
----------------- testing Fri May 15 14:24:41 UTC 2020 /home/travis/build/icyphy/ptII/ptolemy/actor/lib/test/auto/TestSimple.xml
----------------- Instantiating /home/travis/build/icyphy/ptII/ptolemy/actor/lib/test/auto/TestSimple.xml
1 ms. Memory: 494592K Free: 362671K (73%)
----------------- Invoking toplevel() on ptolemy.moml.MoMLSimpleApplication@790bf127
----------------- Done invoking toplevel() on ptolemy.moml.MoMLSimpleApplication@790bf127
reloadAllAccessors: .TestSimple

===========================================================================================
----------------- testing Fri May 15 14:24:41 UTC 2020 /home/travis/build/icyphy/ptII/ptolemy/actor/lib/test/auto/ThrowModelError.xml
----------------- Instantiating /home/travis/build/icyphy/ptII/ptolemy/actor/lib/test/auto/ThrowModelError.xml
1 ms. Memory: 494592K Free: 357551K (72%)
----------------- Invoking toplevel() on ptolemy.moml.MoMLSimpleApplication@277b11a0
----------------- Done invoking toplevel() on ptolemy.moml.MoMLSimpleApplication@277b11a0
reloadAllAccessors: .ThrowModelError

===========================================================================================
----------------- testing Fri May 15 14:24:41 UTC 2020 /home/travis/build/icyphy/ptII/ptolemy/actor/lib/test/auto/TimeDelayMicrosteps.xml
----------------- Instantiating /home/travis/build/icyphy/ptII/ptolemy/actor/lib/test/auto/TimeDelayMicrosteps.xml
4 ms. Memory: 494592K Free: 350863K (71%)
----------------- Invoking toplevel() on ptolemy.moml.MoMLSimpleApplication@4003c692
----------------- Done invoking toplevel() on ptolemy.moml.MoMLSimpleApplication@4003c692
reloadAllAccessors: .TimeDelayMicrosteps

===========================================================================================
----------------- testing Fri May 15 14:24:41 UTC 2020 /home/travis/build/icyphy/ptII/ptolemy/actor/lib/test/auto/TimeDelayMicrosteps2.xml
----------------- Instantiating /home/travis/build/icyphy/ptII/ptolemy/actor/lib/test/auto/TimeDelayMicrosteps2.xml
3 ms. Memory: 494592K Free: 343711K (69%)
----------------- Invoking toplevel() on ptolemy.moml.MoMLSimpleApplication@86836a3
----------------- Done invoking toplevel() on ptolemy.moml.MoMLSimpleApplication@86836a3
reloadAllAccessors: .TimeDelayMicrosteps2

===========================================================================================
----------------- testing Fri May 15 14:24:41 UTC 2020 /home/travis/build/icyphy/ptII/ptolemy/actor/lib/test/auto/TimeDelayMicrosteps3.xml
----------------- Instantiating /home/travis/build/icyphy/ptII/ptolemy/actor/lib/test/auto/TimeDelayMicrosteps3.xml
3 ms. Memory: 494592K Free: 337071K (68%)
----------------- Invoking toplevel() on ptolemy.moml.MoMLSimpleApplication@2f0a21e5
----------------- Done invoking toplevel() on ptolemy.moml.MoMLSimpleApplication@2f0a21e5
reloadAllAccessors: .TimeDelayMicrosteps3

===========================================================================================
----------------- testing Fri May 15 14:24:41 UTC 2020 /home/travis/build/icyphy/ptII/ptolemy/actor/lib/test/auto/TimeDelayVariableMicrosteps.xml
----------------- Instantiating /home/travis/build/icyphy/ptII/ptolemy/actor/lib/test/auto/TimeDelayVariableMicrosteps.xml
3 ms. Memory: 494592K Free: 330413K (67%)
----------------- Invoking toplevel() on ptolemy.moml.MoMLSimpleApplication@60ac8131
----------------- Done invoking toplevel() on ptolemy.moml.MoMLSimpleApplication@60ac8131
reloadAllAccessors: .TimeDelayVariableMicrosteps

===========================================================================================
----------------- testing Fri May 15 14:24:41 UTC 2020 /home/travis/build/icyphy/ptII/ptolemy/actor/lib/test/auto/TimeGap.xml
----------------- Instantiating /home/travis/build/icyphy/ptII/ptolemy/actor/lib/test/auto/TimeGap.xml
3 ms. Memory: 494592K Free: 325279K (66%)
----------------- Invoking toplevel() on ptolemy.moml.MoMLSimpleApplication@61aa764f
----------------- Done invoking toplevel() on ptolemy.moml.MoMLSimpleApplication@61aa764f
reloadAllAccessors: .TimeGap

===========================================================================================
----------------- testing Fri May 15 14:24:41 UTC 2020 /home/travis/build/icyphy/ptII/ptolemy/actor/lib/test/auto/TimeGap2.xml
----------------- Instantiating /home/travis/build/icyphy/ptII/ptolemy/actor/lib/test/auto/TimeGap2.xml
1 ms. Memory: 494592K Free: 319663K (65%)
----------------- Invoking toplevel() on ptolemy.moml.MoMLSimpleApplication@62da0284
----------------- Done invoking toplevel() on ptolemy.moml.MoMLSimpleApplication@62da0284
reloadAllAccessors: .TimeGap2

===========================================================================================
----------------- testing Fri May 15 14:24:41 UTC 2020 /home/travis/build/icyphy/ptII/ptolemy/actor/lib/test/auto/TimedSinewave.xml
----------------- Instantiating /home/travis/build/icyphy/ptII/ptolemy/actor/lib/test/auto/TimedSinewave.xml
19 ms. Memory: 494592K Free: 304813K (62%)
----------------- Invoking toplevel() on ptolemy.moml.MoMLSimpleApplication@1911fc7e
----------------- Done invoking toplevel() on ptolemy.moml.MoMLSimpleApplication@1911fc7e
reloadAllAccessors: .TimedSinewave

===========================================================================================
----------------- testing Fri May 15 14:24:41 UTC 2020 /home/travis/build/icyphy/ptII/ptolemy/actor/lib/test/auto/TimedSinewavePhase.xml
----------------- Instantiating /home/travis/build/icyphy/ptII/ptolemy/actor/lib/test/auto/TimedSinewavePhase.xml
10 ms. Memory: 494592K Free: 295087K (60%)
----------------- Invoking toplevel() on ptolemy.moml.MoMLSimpleApplication@33d1214f
----------------- Done invoking toplevel() on ptolemy.moml.MoMLSimpleApplication@33d1214f
reloadAllAccessors: .TimedSinewavePhase

===========================================================================================
----------------- testing Fri May 15 14:24:41 UTC 2020 /home/travis/build/icyphy/ptII/ptolemy/actor/lib/test/auto/Timer.xml
----------------- Instantiating /home/travis/build/icyphy/ptII/ptolemy/actor/lib/test/auto/Timer.xml
2 ms. Memory: 494592K Free: 289447K (59%)
----------------- Invoking toplevel() on ptolemy.moml.MoMLSimpleApplication@71883f3a
----------------- Done invoking toplevel() on ptolemy.moml.MoMLSimpleApplication@71883f3a
reloadAllAccessors: .Timer

===========================================================================================
----------------- testing Fri May 15 14:24:41 UTC 2020 /home/travis/build/icyphy/ptII/ptolemy/actor/lib/test/auto/TriangularDistTestModel.xml
----------------- Instantiating /home/travis/build/icyphy/ptII/ptolemy/actor/lib/test/auto/TriangularDistTestModel.xml
2 ms. Memory: 494592K Free: 283823K (57%)
----------------- Invoking toplevel() on ptolemy.moml.MoMLSimpleApplication@3e619273
----------------- Done invoking toplevel() on ptolemy.moml.MoMLSimpleApplication@3e619273
reloadAllAccessors: .TriangularDistTestModel

===========================================================================================
----------------- testing Fri May 15 14:24:41 UTC 2020 /home/travis/build/icyphy/ptII/ptolemy/actor/lib/test/auto/TrigFunction.xml
----------------- Instantiating /home/travis/build/icyphy/ptII/ptolemy/actor/lib/test/auto/TrigFunction.xml
1 ms. Memory: 494592K Free: 278703K (56%)
----------------- Invoking toplevel() on ptolemy.moml.MoMLSimpleApplication@2bef3399
----------------- Done invoking toplevel() on ptolemy.moml.MoMLSimpleApplication@2bef3399
reloadAllAccessors: .TrigFunction

===========================================================================================
----------------- testing Fri May 15 14:24:41 UTC 2020 /home/travis/build/icyphy/ptII/ptolemy/actor/lib/test/auto/TrigFunctionDE.xml
----------------- Instantiating /home/travis/build/icyphy/ptII/ptolemy/actor/lib/test/auto/TrigFunctionDE.xml
1 ms. Memory: 494592K Free: 273069K (55%)
----------------- Invoking toplevel() on ptolemy.moml.MoMLSimpleApplication@774f3fef
----------------- Done invoking toplevel() on ptolemy.moml.MoMLSimpleApplication@774f3fef
reloadAllAccessors: .TrigFunctionDE

===========================================================================================
----------------- testing Fri May 15 14:24:41 UTC 2020 /home/travis/build/icyphy/ptII/ptolemy/actor/lib/test/auto/TrigFunctionInverse.xml
----------------- Instantiating /home/travis/build/icyphy/ptII/ptolemy/actor/lib/test/auto/TrigFunctionInverse.xml
1 ms. Memory: 494592K Free: 267949K (54%)
----------------- Invoking toplevel() on ptolemy.moml.MoMLSimpleApplication@3b16a65f
----------------- Done invoking toplevel() on ptolemy.moml.MoMLSimpleApplication@3b16a65f
reloadAllAccessors: .TrigFunctionInverse

===========================================================================================
----------------- testing Fri May 15 14:24:41 UTC 2020 /home/travis/build/icyphy/ptII/ptolemy/actor/lib/test/auto/TrigFunctionTan.xml
----------------- Instantiating /home/travis/build/icyphy/ptII/ptolemy/actor/lib/test/auto/TrigFunctionTan.xml
1 ms. Memory: 494592K Free: 263343K (53%)
----------------- Invoking toplevel() on ptolemy.moml.MoMLSimpleApplication@3caad9d3
----------------- Done invoking toplevel() on ptolemy.moml.MoMLSimpleApplication@3caad9d3
reloadAllAccessors: .TrigFunctionTan

===========================================================================================
----------------- testing Fri May 15 14:24:41 UTC 2020 /home/travis/build/icyphy/ptII/ptolemy/actor/lib/test/auto/TriggeredClock.xml
----------------- Instantiating /home/travis/build/icyphy/ptII/ptolemy/actor/lib/test/auto/TriggeredClock.xml
2 ms. Memory: 494592K Free: 258223K (52%)
----------------- Invoking toplevel() on ptolemy.moml.MoMLSimpleApplication@158c74c
----------------- Done invoking toplevel() on ptolemy.moml.MoMLSimpleApplication@158c74c
reloadAllAccessors: .TriggeredClock

===========================================================================================
----------------- testing Fri May 15 14:24:41 UTC 2020 /home/travis/build/icyphy/ptII/ptolemy/actor/lib/test/auto/URLDirectoryReader.xml
----------------- Instantiating /home/travis/build/icyphy/ptII/ptolemy/actor/lib/test/auto/URLDirectoryReader.xml
26 ms. Memory: 494592K Free: 248493K (50%)
----------------- Invoking toplevel() on ptolemy.moml.MoMLSimpleApplication@37600970
----------------- Done invoking toplevel() on ptolemy.moml.MoMLSimpleApplication@37600970
reloadAllAccessors: .URLDirectoryReader

===========================================================================================
----------------- testing Fri May 15 14:24:41 UTC 2020 /home/travis/build/icyphy/ptII/ptolemy/actor/lib/test/auto/URLDirectoryReader3.xml
----------------- Instantiating /home/travis/build/icyphy/ptII/ptolemy/actor/lib/test/auto/URLDirectoryReader3.xml
1396 ms. Memory: 494592K Free: 436111K (88%)
----------------- Invoking toplevel() on ptolemy.moml.MoMLSimpleApplication@e72186b
----------------- Done invoking toplevel() on ptolemy.moml.MoMLSimpleApplication@e72186b
reloadAllAccessors: .URLDirectoryReader3

===========================================================================================
----------------- testing Fri May 15 14:24:43 UTC 2020 /home/travis/build/icyphy/ptII/ptolemy/actor/lib/test/auto/UnaryMathFunction.xml
----------------- Instantiating /home/travis/build/icyphy/ptII/ptolemy/actor/lib/test/auto/UnaryMathFunction.xml
3 ms. Memory: 494592K Free: 428336K (87%)
----------------- Invoking toplevel() on ptolemy.moml.MoMLSimpleApplication@7c6cc1bf
----------------- Done invoking toplevel() on ptolemy.moml.MoMLSimpleApplication@7c6cc1bf
reloadAllAccessors: .UnaryMathFunction

===========================================================================================
----------------- testing Fri May 15 14:24:43 UTC 2020 /home/travis/build/icyphy/ptII/ptolemy/actor/lib/test/auto/Uniform.xml
----------------- Instantiating /home/travis/build/icyphy/ptII/ptolemy/actor/lib/test/auto/Uniform.xml
4 ms. Memory: 494592K Free: 422702K (85%)
----------------- Invoking toplevel() on ptolemy.moml.MoMLSimpleApplication@22a74fd6
----------------- Done invoking toplevel() on ptolemy.moml.MoMLSimpleApplication@22a74fd6
reloadAllAccessors: .Uniform

===========================================================================================
----------------- testing Fri May 15 14:24:43 UTC 2020 /home/travis/build/icyphy/ptII/ptolemy/actor/lib/test/auto/UnionDisassemblerTest.xml
----------------- Instantiating /home/travis/build/icyphy/ptII/ptolemy/actor/lib/test/auto/UnionDisassemblerTest.xml
14 ms. Memory: 494592K Free: 418592K (85%)
----------------- Invoking toplevel() on ptolemy.moml.MoMLSimpleApplication@395957c1
----------------- Done invoking toplevel() on ptolemy.moml.MoMLSimpleApplication@395957c1
reloadAllAccessors: .UnionDisassemblerTest

===========================================================================================
----------------- testing Fri May 15 14:24:43 UTC 2020 /home/travis/build/icyphy/ptII/ptolemy/actor/lib/test/auto/UtilityFunctions.xml
----------------- Instantiating /home/travis/build/icyphy/ptII/ptolemy/actor/lib/test/auto/UtilityFunctions.xml
1 ms. Memory: 494592K Free: 415024K (84%)
----------------- Invoking toplevel() on ptolemy.moml.MoMLSimpleApplication@520948a2
----------------- Done invoking toplevel() on ptolemy.moml.MoMLSimpleApplication@520948a2
reloadAllAccessors: .UtilityFunctions

===========================================================================================
----------------- testing Fri May 15 14:24:43 UTC 2020 /home/travis/build/icyphy/ptII/ptolemy/actor/lib/test/auto/VariableSleep.xml
----------------- Instantiating /home/travis/build/icyphy/ptII/ptolemy/actor/lib/test/auto/VariableSleep.xml
503 ms. Memory: 494592K Free: 409904K (83%)
----------------- Invoking toplevel() on ptolemy.moml.MoMLSimpleApplication@98fd20
----------------- Done invoking toplevel() on ptolemy.moml.MoMLSimpleApplication@98fd20
reloadAllAccessors: .VariableSleep

===========================================================================================
----------------- testing Fri May 15 14:24:44 UTC 2020 /home/travis/build/icyphy/ptII/ptolemy/actor/lib/test/auto/VectorAssemblerDisassemblerCT.xml
----------------- Instantiating /home/travis/build/icyphy/ptII/ptolemy/actor/lib/test/auto/VectorAssemblerDisassemblerCT.xml
66 ms. Memory: 494592K Free: 389424K (79%)
----------------- Invoking toplevel() on ptolemy.moml.MoMLSimpleApplication@22073e5b
----------------- Done invoking toplevel() on ptolemy.moml.MoMLSimpleApplication@22073e5b
reloadAllAccessors: .VectorAssemblerDisassemblerCT

===========================================================================================
----------------- testing Fri May 15 14:24:44 UTC 2020 /home/travis/build/icyphy/ptII/ptolemy/actor/lib/test/auto/VectorAssemblerDisassemblerDE.xml
----------------- Instantiating /home/travis/build/icyphy/ptII/ptolemy/actor/lib/test/auto/VectorAssemblerDisassemblerDE.xml
3 ms. Memory: 494592K Free: 382256K (77%)
----------------- Invoking toplevel() on ptolemy.moml.MoMLSimpleApplication@7288d79b
----------------- Done invoking toplevel() on ptolemy.moml.MoMLSimpleApplication@7288d79b
reloadAllAccessors: .VectorAssemblerDisassemblerDE

===========================================================================================
----------------- testing Fri May 15 14:24:44 UTC 2020 /home/travis/build/icyphy/ptII/ptolemy/actor/lib/test/auto/VectorAssemblerDisassemblerSDF.xml
----------------- Instantiating /home/travis/build/icyphy/ptII/ptolemy/actor/lib/test/auto/VectorAssemblerDisassemblerSDF.xml
3 ms. Memory: 494592K Free: 375598K (76%)
----------------- Invoking toplevel() on ptolemy.moml.MoMLSimpleApplication@651e85e3
----------------- Done invoking toplevel() on ptolemy.moml.MoMLSimpleApplication@651e85e3
reloadAllAccessors: .VectorAssemblerDisassemblerSDF

===========================================================================================
----------------- testing Fri May 15 14:24:44 UTC 2020 /home/travis/build/icyphy/ptII/ptolemy/actor/lib/test/auto/WallClockTime.xml
----------------- Instantiating /home/travis/build/icyphy/ptII/ptolemy/actor/lib/test/auto/WallClockTime.xml
1003 ms. Memory: 494592K Free: 369968K (75%)
----------------- Invoking toplevel() on ptolemy.moml.MoMLSimpleApplication@5635c5e3
----------------- Done invoking toplevel() on ptolemy.moml.MoMLSimpleApplication@5635c5e3
reloadAllAccessors: .WallClockTime

===========================================================================================
----------------- testing Fri May 15 14:24:45 UTC 2020 /home/travis/build/icyphy/ptII/ptolemy/actor/lib/test/auto/WidthTestWithSubscriberPublisher.xml
----------------- Instantiating /home/travis/build/icyphy/ptII/ptolemy/actor/lib/test/auto/WidthTestWithSubscriberPublisher.xml
7 ms. Memory: 494592K Free: 352046K (71%)
----------------- Invoking toplevel() on ptolemy.moml.MoMLSimpleApplication@4e749664
----------------- Done invoking toplevel() on ptolemy.moml.MoMLSimpleApplication@4e749664
reloadAllAccessors: .WidthTestWithSubscriberPublisher

===========================================================================================
----------------- testing Fri May 15 14:24:45 UTC 2020 /home/travis/build/icyphy/ptII/ptolemy/actor/lib/test/auto/WidthTestWithSubscriberPublisher2.xml
----------------- Instantiating /home/travis/build/icyphy/ptII/ptolemy/actor/lib/test/auto/WidthTestWithSubscriberPublisher2.xml
2 ms. Memory: 494592K Free: 345902K (70%)
----------------- Invoking toplevel() on ptolemy.moml.MoMLSimpleApplication@4c8e28c2
----------------- Done invoking toplevel() on ptolemy.moml.MoMLSimpleApplication@4c8e28c2
reloadAllAccessors: .WidthTestWithSubscriberPublisher2

===========================================================================================
----------------- testing Fri May 15 14:24:45 UTC 2020 /home/travis/build/icyphy/ptII/ptolemy/actor/lib/test/auto/WidthTestWithSubscriberPublisher3.xml
----------------- Instantiating /home/travis/build/icyphy/ptII/ptolemy/actor/lib/test/auto/WidthTestWithSubscriberPublisher3.xml
1 ms. Memory: 494592K Free: 339248K (69%)
----------------- Invoking toplevel() on ptolemy.moml.MoMLSimpleApplication@74c669c1
----------------- Done invoking toplevel() on ptolemy.moml.MoMLSimpleApplication@74c669c1
reloadAllAccessors: .WidthTestWithSubscriberPublisher3

===========================================================================================
----------------- testing Fri May 15 14:24:45 UTC 2020 /home/travis/build/icyphy/ptII/ptolemy/actor/lib/test/auto/Writer.xml
----------------- Instantiating /home/travis/build/icyphy/ptII/ptolemy/actor/lib/test/auto/Writer.xml
0
1
2
3
4
1 ms. Memory: 494592K Free: 335152K (68%)
----------------- Invoking toplevel() on ptolemy.moml.MoMLSimpleApplication@5ef89c42
----------------- Done invoking toplevel() on ptolemy.moml.MoMLSimpleApplication@5ef89c42
reloadAllAccessors: .Writer

===========================================================================================
----------------- testing Fri May 15 14:24:45 UTC 2020 /home/travis/build/icyphy/ptII/ptolemy/actor/lib/test/auto/array.xml
----------------- Instantiating /home/travis/build/icyphy/ptII/ptolemy/actor/lib/test/auto/array.xml
2 ms. Memory: 494592K Free: 330542K (67%)
----------------- Invoking toplevel() on ptolemy.moml.MoMLSimpleApplication@3327c935
----------------- Done invoking toplevel() on ptolemy.moml.MoMLSimpleApplication@3327c935
reloadAllAccessors: .array

===========================================================================================
----------------- testing Fri May 15 14:24:45 UTC 2020 /home/travis/build/icyphy/ptII/ptolemy/actor/lib/test/auto/array2.xml
----------------- Instantiating /home/travis/build/icyphy/ptII/ptolemy/actor/lib/test/auto/array2.xml
3 ms. Memory: 494592K Free: 325408K (66%)
----------------- Invoking toplevel() on ptolemy.moml.MoMLSimpleApplication@70a412fa
----------------- Done invoking toplevel() on ptolemy.moml.MoMLSimpleApplication@70a412fa
reloadAllAccessors: .array2

===========================================================================================
----------------- testing Fri May 15 14:24:45 UTC 2020 /home/travis/build/icyphy/ptII/ptolemy/actor/lib/test/auto/arrayType.xml
----------------- Instantiating /home/travis/build/icyphy/ptII/ptolemy/actor/lib/test/auto/arrayType.xml
6 ms. Memory: 494592K Free: 320302K (65%)
----------------- Invoking toplevel() on ptolemy.moml.MoMLSimpleApplication@1afd51b9
----------------- Done invoking toplevel() on ptolemy.moml.MoMLSimpleApplication@1afd51b9
reloadAllAccessors: .arrayType

===========================================================================================
----------------- testing Fri May 15 14:24:45 UTC 2020 /home/travis/build/icyphy/ptII/ptolemy/actor/lib/test/auto/arrayType10.xml
----------------- Instantiating /home/travis/build/icyphy/ptII/ptolemy/actor/lib/test/auto/arrayType10.xml
2 ms. Memory: 494592K Free: 315182K (64%)
----------------- Invoking toplevel() on ptolemy.moml.MoMLSimpleApplication@4457661b
----------------- Done invoking toplevel() on ptolemy.moml.MoMLSimpleApplication@4457661b
reloadAllAccessors: .arrayType10

===========================================================================================
----------------- testing Fri May 15 14:24:45 UTC 2020 /home/travis/build/icyphy/ptII/ptolemy/actor/lib/test/auto/arrayType11.xml
----------------- Instantiating /home/travis/build/icyphy/ptII/ptolemy/actor/lib/test/auto/arrayType11.xml
1 ms. Memory: 494592K Free: 310576K (63%)
----------------- Invoking toplevel() on ptolemy.moml.MoMLSimpleApplication@45aaab72
----------------- Done invoking toplevel() on ptolemy.moml.MoMLSimpleApplication@45aaab72
reloadAllAccessors: .arrayType11

===========================================================================================
----------------- testing Fri May 15 14:24:45 UTC 2020 /home/travis/build/icyphy/ptII/ptolemy/actor/lib/test/auto/arrayType12.xml
----------------- Instantiating /home/travis/build/icyphy/ptII/ptolemy/actor/lib/test/auto/arrayType12.xml
2 ms. Memory: 494592K Free: 305966K (62%)
----------------- Invoking toplevel() on ptolemy.moml.MoMLSimpleApplication@3cbf4a19
----------------- Done invoking toplevel() on ptolemy.moml.MoMLSimpleApplication@3cbf4a19
reloadAllAccessors: .arrayType12

===========================================================================================
----------------- testing Fri May 15 14:24:45 UTC 2020 /home/travis/build/icyphy/ptII/ptolemy/actor/lib/test/auto/arrayType13.xml
----------------- Instantiating /home/travis/build/icyphy/ptII/ptolemy/actor/lib/test/auto/arrayType13.xml
1 ms. Memory: 494592K Free: 300336K (61%)
----------------- Invoking toplevel() on ptolemy.moml.MoMLSimpleApplication@51d3b83c
----------------- Done invoking toplevel() on ptolemy.moml.MoMLSimpleApplication@51d3b83c
reloadAllAccessors: .arrayType13

===========================================================================================
----------------- testing Fri May 15 14:24:45 UTC 2020 /home/travis/build/icyphy/ptII/ptolemy/actor/lib/test/auto/arrayType14.xml
----------------- Instantiating /home/travis/build/icyphy/ptII/ptolemy/actor/lib/test/auto/arrayType14.xml
1 ms. Memory: 494592K Free: 295216K (60%)
----------------- Invoking toplevel() on ptolemy.moml.MoMLSimpleApplication@7f158fcf
----------------- Done invoking toplevel() on ptolemy.moml.MoMLSimpleApplication@7f158fcf
reloadAllAccessors: .arrayType14

===========================================================================================
----------------- testing Fri May 15 14:24:45 UTC 2020 /home/travis/build/icyphy/ptII/ptolemy/actor/lib/test/auto/arrayType15.xml
----------------- Instantiating /home/travis/build/icyphy/ptII/ptolemy/actor/lib/test/auto/arrayType15.xml
2 ms. Memory: 494592K Free: 290096K (59%)
----------------- Invoking toplevel() on ptolemy.moml.MoMLSimpleApplication@23e4c230
----------------- Done invoking toplevel() on ptolemy.moml.MoMLSimpleApplication@23e4c230
reloadAllAccessors: .arrayType15

===========================================================================================
----------------- testing Fri May 15 14:24:45 UTC 2020 /home/travis/build/icyphy/ptII/ptolemy/actor/lib/test/auto/arrayType16.xml
----------------- Instantiating /home/travis/build/icyphy/ptII/ptolemy/actor/lib/test/auto/arrayType16.xml
2 ms. Memory: 494592K Free: 284462K (58%)
----------------- Invoking toplevel() on ptolemy.moml.MoMLSimpleApplication@1e36f632
----------------- Done invoking toplevel() on ptolemy.moml.MoMLSimpleApplication@1e36f632
reloadAllAccessors: .arrayType16

===========================================================================================
----------------- testing Fri May 15 14:24:45 UTC 2020 /home/travis/build/icyphy/ptII/ptolemy/actor/lib/test/auto/arrayType17.xml
----------------- Instantiating /home/travis/build/icyphy/ptII/ptolemy/actor/lib/test/auto/arrayType17.xml
1 ms. Memory: 494592K Free: 279342K (56%)
----------------- Invoking toplevel() on ptolemy.moml.MoMLSimpleApplication@78526823
----------------- Done invoking toplevel() on ptolemy.moml.MoMLSimpleApplication@78526823
reloadAllAccessors: .arrayType17

===========================================================================================
----------------- testing Fri May 15 14:24:45 UTC 2020 /home/travis/build/icyphy/ptII/ptolemy/actor/lib/test/auto/arrayType18.xml
----------------- Instantiating /home/travis/build/icyphy/ptII/ptolemy/actor/lib/test/auto/arrayType18.xml
1 ms. Memory: 494592K Free: 274736K (56%)
----------------- Invoking toplevel() on ptolemy.moml.MoMLSimpleApplication@1e515065
----------------- Done invoking toplevel() on ptolemy.moml.MoMLSimpleApplication@1e515065
reloadAllAccessors: .arrayType18

===========================================================================================
----------------- testing Fri May 15 14:24:45 UTC 2020 /home/travis/build/icyphy/ptII/ptolemy/actor/lib/test/auto/arrayType19.xml
----------------- Instantiating /home/travis/build/icyphy/ptII/ptolemy/actor/lib/test/auto/arrayType19.xml
1 ms. Memory: 494592K Free: 269616K (55%)
----------------- Invoking toplevel() on ptolemy.moml.MoMLSimpleApplication@502bfa5e
----------------- Done invoking toplevel() on ptolemy.moml.MoMLSimpleApplication@502bfa5e
reloadAllAccessors: .arrayType19

===========================================================================================
----------------- testing Fri May 15 14:24:45 UTC 2020 /home/travis/build/icyphy/ptII/ptolemy/actor/lib/test/auto/arrayType2.xml
----------------- Instantiating /home/travis/build/icyphy/ptII/ptolemy/actor/lib/test/auto/arrayType2.xml
1 ms. Memory: 494592K Free: 264496K (53%)
----------------- Invoking toplevel() on ptolemy.moml.MoMLSimpleApplication@31571198
----------------- Done invoking toplevel() on ptolemy.moml.MoMLSimpleApplication@31571198
reloadAllAccessors: .arrayType2

===========================================================================================
----------------- testing Fri May 15 14:24:45 UTC 2020 /home/travis/build/icyphy/ptII/ptolemy/actor/lib/test/auto/arrayType20.xml
----------------- Instantiating /home/travis/build/icyphy/ptII/ptolemy/actor/lib/test/auto/arrayType20.xml
1 ms. Memory: 494592K Free: 259376K (52%)
----------------- Invoking toplevel() on ptolemy.moml.MoMLSimpleApplication@74df3136
----------------- Done invoking toplevel() on ptolemy.moml.MoMLSimpleApplication@74df3136
reloadAllAccessors: .arrayType20

===========================================================================================
----------------- testing Fri May 15 14:24:45 UTC 2020 /home/travis/build/icyphy/ptII/ptolemy/actor/lib/test/auto/arrayType21.xml
----------------- Instantiating /home/travis/build/icyphy/ptII/ptolemy/actor/lib/test/auto/arrayType21.xml
1 ms. Memory: 494592K Free: 254766K (52%)
----------------- Invoking toplevel() on ptolemy.moml.MoMLSimpleApplication@17312950
----------------- Done invoking toplevel() on ptolemy.moml.MoMLSimpleApplication@17312950
reloadAllAccessors: .arrayType21

===========================================================================================
----------------- testing Fri May 15 14:24:45 UTC 2020 /home/travis/build/icyphy/ptII/ptolemy/actor/lib/test/auto/arrayType22.xml
----------------- Instantiating /home/travis/build/icyphy/ptII/ptolemy/actor/lib/test/auto/arrayType22.xml
2 ms. Memory: 494592K Free: 250160K (51%)
----------------- Invoking toplevel() on ptolemy.moml.MoMLSimpleApplication@452a28f9
----------------- Done invoking toplevel() on ptolemy.moml.MoMLSimpleApplication@452a28f9
reloadAllAccessors: .arrayType22

===========================================================================================
----------------- testing Fri May 15 14:24:45 UTC 2020 /home/travis/build/icyphy/ptII/ptolemy/actor/lib/test/auto/arrayType23.xml
----------------- Instantiating /home/travis/build/icyphy/ptII/ptolemy/actor/lib/test/auto/arrayType23.xml
2 ms. Memory: 494592K Free: 245040K (50%)
----------------- Invoking toplevel() on ptolemy.moml.MoMLSimpleApplication@4e815cd
----------------- Done invoking toplevel() on ptolemy.moml.MoMLSimpleApplication@4e815cd
reloadAllAccessors: .arrayType23

===========================================================================================
----------------- testing Fri May 15 14:24:45 UTC 2020 /home/travis/build/icyphy/ptII/ptolemy/actor/lib/test/auto/arrayType24.xml
----------------- Instantiating /home/travis/build/icyphy/ptII/ptolemy/actor/lib/test/auto/arrayType24.xml
1 ms. Memory: 494592K Free: 240430K (49%)
----------------- Invoking toplevel() on ptolemy.moml.MoMLSimpleApplication@183be724
----------------- Done invoking toplevel() on ptolemy.moml.MoMLSimpleApplication@183be724
reloadAllAccessors: .arrayType24

===========================================================================================
----------------- testing Fri May 15 14:24:45 UTC 2020 /home/travis/build/icyphy/ptII/ptolemy/actor/lib/test/auto/arrayType25.xml
----------------- Instantiating /home/travis/build/icyphy/ptII/ptolemy/actor/lib/test/auto/arrayType25.xml
1 ms. Memory: 494592K Free: 234800K (47%)
----------------- Invoking toplevel() on ptolemy.moml.MoMLSimpleApplication@46a5a354
----------------- Done invoking toplevel() on ptolemy.moml.MoMLSimpleApplication@46a5a354
reloadAllAccessors: .arrayType25

===========================================================================================
----------------- testing Fri May 15 14:24:45 UTC 2020 /home/travis/build/icyphy/ptII/ptolemy/actor/lib/test/auto/arrayType26.xml
----------------- Instantiating /home/travis/build/icyphy/ptII/ptolemy/actor/lib/test/auto/arrayType26.xml
1 ms. Memory: 494592K Free: 229680K (46%)
----------------- Invoking toplevel() on ptolemy.moml.MoMLSimpleApplication@3085a803
----------------- Done invoking toplevel() on ptolemy.moml.MoMLSimpleApplication@3085a803
reloadAllAccessors: .arrayType26

===========================================================================================
----------------- testing Fri May 15 14:24:45 UTC 2020 /home/travis/build/icyphy/ptII/ptolemy/actor/lib/test/auto/arrayType27.xml
----------------- Instantiating /home/travis/build/icyphy/ptII/ptolemy/actor/lib/test/auto/arrayType27.xml
1 ms. Memory: 494592K Free: 224560K (45%)
----------------- Invoking toplevel() on ptolemy.moml.MoMLSimpleApplication@279703aa
----------------- Done invoking toplevel() on ptolemy.moml.MoMLSimpleApplication@279703aa
reloadAllAccessors: .arrayType27

===========================================================================================
----------------- testing Fri May 15 14:24:45 UTC 2020 /home/travis/build/icyphy/ptII/ptolemy/actor/lib/test/auto/arrayType28.xml
----------------- Instantiating /home/travis/build/icyphy/ptII/ptolemy/actor/lib/test/auto/arrayType28.xml
1 ms. Memory: 494592K Free: 218926K (44%)
----------------- Invoking toplevel() on ptolemy.moml.MoMLSimpleApplication@6070bebe
----------------- Done invoking toplevel() on ptolemy.moml.MoMLSimpleApplication@6070bebe
reloadAllAccessors: .arrayType28

===========================================================================================
----------------- testing Fri May 15 14:24:45 UTC 2020 /home/travis/build/icyphy/ptII/ptolemy/actor/lib/test/auto/arrayType3.xml
----------------- Instantiating /home/travis/build/icyphy/ptII/ptolemy/actor/lib/test/auto/arrayType3.xml
4 ms. Memory: 494592K Free: 213806K (43%)
----------------- Invoking toplevel() on ptolemy.moml.MoMLSimpleApplication@46de0a37
----------------- Done invoking toplevel() on ptolemy.moml.MoMLSimpleApplication@46de0a37
reloadAllAccessors: .arrayType3

===========================================================================================
----------------- testing Fri May 15 14:24:45 UTC 2020 /home/travis/build/icyphy/ptII/ptolemy/actor/lib/test/auto/arrayType4.xml
----------------- Instantiating /home/travis/build/icyphy/ptII/ptolemy/actor/lib/test/auto/arrayType4.xml
1 ms. Memory: 494592K Free: 208176K (42%)
----------------- Invoking toplevel() on ptolemy.moml.MoMLSimpleApplication@98f7878
----------------- Done invoking toplevel() on ptolemy.moml.MoMLSimpleApplication@98f7878
reloadAllAccessors: .arrayType4

===========================================================================================
----------------- testing Fri May 15 14:24:45 UTC 2020 /home/travis/build/icyphy/ptII/ptolemy/actor/lib/test/auto/arrayType5.xml
----------------- Instantiating /home/travis/build/icyphy/ptII/ptolemy/actor/lib/test/auto/arrayType5.xml
2 ms. Memory: 494592K Free: 203056K (41%)
----------------- Invoking toplevel() on ptolemy.moml.MoMLSimpleApplication@6d53da63
----------------- Done invoking toplevel() on ptolemy.moml.MoMLSimpleApplication@6d53da63
reloadAllAccessors: .arrayType5

===========================================================================================
----------------- testing Fri May 15 14:24:45 UTC 2020 /home/travis/build/icyphy/ptII/ptolemy/actor/lib/test/auto/arrayType6.xml
----------------- Instantiating /home/travis/build/icyphy/ptII/ptolemy/actor/lib/test/auto/arrayType6.xml
1 ms. Memory: 494592K Free: 198446K (40%)
----------------- Invoking toplevel() on ptolemy.moml.MoMLSimpleApplication@1452d242
----------------- Done invoking toplevel() on ptolemy.moml.MoMLSimpleApplication@1452d242
reloadAllAccessors: .arrayType6

===========================================================================================
----------------- testing Fri May 15 14:24:45 UTC 2020 /home/travis/build/icyphy/ptII/ptolemy/actor/lib/test/auto/arrayType7.xml
----------------- Instantiating /home/travis/build/icyphy/ptII/ptolemy/actor/lib/test/auto/arrayType7.xml
2 ms. Memory: 494592K Free: 193326K (39%)
----------------- Invoking toplevel() on ptolemy.moml.MoMLSimpleApplication@616f54c7
----------------- Done invoking toplevel() on ptolemy.moml.MoMLSimpleApplication@616f54c7
reloadAllAccessors: .arrayType7

===========================================================================================
----------------- testing Fri May 15 14:24:45 UTC 2020 /home/travis/build/icyphy/ptII/ptolemy/actor/lib/test/auto/arrayType8.xml
----------------- Instantiating /home/travis/build/icyphy/ptII/ptolemy/actor/lib/test/auto/arrayType8.xml
6 ms. Memory: 494592K Free: 188720K (38%)
----------------- Invoking toplevel() on ptolemy.moml.MoMLSimpleApplication@1cc340e
----------------- Done invoking toplevel() on ptolemy.moml.MoMLSimpleApplication@1cc340e
reloadAllAccessors: .arrayType8

===========================================================================================
----------------- testing Fri May 15 14:24:45 UTC 2020 /home/travis/build/icyphy/ptII/ptolemy/actor/lib/test/auto/arrayType9.xml
----------------- Instantiating /home/travis/build/icyphy/ptII/ptolemy/actor/lib/test/auto/arrayType9.xml
1 ms. Memory: 494592K Free: 183600K (37%)
----------------- Invoking toplevel() on ptolemy.moml.MoMLSimpleApplication@2953d12b
----------------- Done invoking toplevel() on ptolemy.moml.MoMLSimpleApplication@2953d12b
reloadAllAccessors: .arrayType9

===========================================================================================
----------------- testing Fri May 15 14:24:45 UTC 2020 /home/travis/build/icyphy/ptII/ptolemy/actor/lib/test/auto/cast.xml
----------------- Instantiating /home/travis/build/icyphy/ptII/ptolemy/actor/lib/test/auto/cast.xml
2 ms. Memory: 494592K Free: 178990K (36%)
----------------- Invoking toplevel() on ptolemy.moml.MoMLSimpleApplication@4c86e72f
----------------- Done invoking toplevel() on ptolemy.moml.MoMLSimpleApplication@4c86e72f
reloadAllAccessors: .cast

===========================================================================================
----------------- testing Fri May 15 14:24:45 UTC 2020 /home/travis/build/icyphy/ptII/ptolemy/actor/lib/test/auto/compositeMultiPort.xml
----------------- Instantiating /home/travis/build/icyphy/ptII/ptolemy/actor/lib/test/auto/compositeMultiPort.xml
3 ms. Memory: 494592K Free: 170288K (34%)
----------------- Invoking toplevel() on ptolemy.moml.MoMLSimpleApplication@7c5745b4
----------------- Done invoking toplevel() on ptolemy.moml.MoMLSimpleApplication@7c5745b4
reloadAllAccessors: .compositeMultiPort

===========================================================================================
----------------- testing Fri May 15 14:24:45 UTC 2020 /home/travis/build/icyphy/ptII/ptolemy/actor/lib/test/auto/expressionCastInference.xml
----------------- Instantiating /home/travis/build/icyphy/ptII/ptolemy/actor/lib/test/auto/expressionCastInference.xml
12 ms. Memory: 494592K Free: 165168K (33%)
----------------- Invoking toplevel() on ptolemy.moml.MoMLSimpleApplication@276edba4
----------------- Done invoking toplevel() on ptolemy.moml.MoMLSimpleApplication@276edba4
reloadAllAccessors: .expressionCastInference

===========================================================================================
----------------- testing Fri May 15 14:24:45 UTC 2020 /home/travis/build/icyphy/ptII/ptolemy/actor/lib/test/auto/expressionCastInference2.xml
----------------- Instantiating /home/travis/build/icyphy/ptII/ptolemy/actor/lib/test/auto/expressionCastInference2.xml
2 ms. Memory: 494592K Free: 160558K (32%)
----------------- Invoking toplevel() on ptolemy.moml.MoMLSimpleApplication@43a90af8
----------------- Done invoking toplevel() on ptolemy.moml.MoMLSimpleApplication@43a90af8
reloadAllAccessors: .expressionCastInference2

===========================================================================================
----------------- testing Fri May 15 14:24:45 UTC 2020 /home/travis/build/icyphy/ptII/ptolemy/actor/lib/test/auto/expressionInference.xml
----------------- Instantiating /home/travis/build/icyphy/ptII/ptolemy/actor/lib/test/auto/expressionInference.xml
1 ms. Memory: 494592K Free: 155952K (32%)
----------------- Invoking toplevel() on ptolemy.moml.MoMLSimpleApplication@573d554c
----------------- Done invoking toplevel() on ptolemy.moml.MoMLSimpleApplication@573d554c
reloadAllAccessors: .expressionInference

===========================================================================================
----------------- testing Fri May 15 14:24:45 UTC 2020 /home/travis/build/icyphy/ptII/ptolemy/actor/lib/test/auto/expression_bug.xml
----------------- Instantiating /home/travis/build/icyphy/ptII/ptolemy/actor/lib/test/auto/expression_bug.xml
1 ms. Memory: 494592K Free: 151342K (31%)
----------------- Invoking toplevel() on ptolemy.moml.MoMLSimpleApplication@6cefd34
----------------- Done invoking toplevel() on ptolemy.moml.MoMLSimpleApplication@6cefd34
reloadAllAccessors: .expression_bug

===========================================================================================
----------------- testing Fri May 15 14:24:46 UTC 2020 /home/travis/build/icyphy/ptII/ptolemy/actor/lib/test/auto/factorial.xml
----------------- Instantiating /home/travis/build/icyphy/ptII/ptolemy/actor/lib/test/auto/factorial.xml
51 ms. Memory: 494592K Free: 432497K (87%)
----------------- Invoking toplevel() on ptolemy.moml.MoMLSimpleApplication@f565985
----------------- Done invoking toplevel() on ptolemy.moml.MoMLSimpleApplication@f565985
reloadAllAccessors: .factorial

===========================================================================================
----------------- testing Fri May 15 14:24:46 UTC 2020 /home/travis/build/icyphy/ptII/ptolemy/actor/lib/test/auto/filterTest1.xml
----------------- Instantiating /home/travis/build/icyphy/ptII/ptolemy/actor/lib/test/auto/filterTest1.xml
3 ms. Memory: 494592K Free: 426867K (86%)
----------------- Invoking toplevel() on ptolemy.moml.MoMLSimpleApplication@1cc9f33a
----------------- Done invoking toplevel() on ptolemy.moml.MoMLSimpleApplication@1cc9f33a
reloadAllAccessors: .filterTest1

===========================================================================================
----------------- testing Fri May 15 14:24:46 UTC 2020 /home/travis/build/icyphy/ptII/ptolemy/actor/lib/test/auto/funcApplyInConst.xml
----------------- Instantiating /home/travis/build/icyphy/ptII/ptolemy/actor/lib/test/auto/funcApplyInConst.xml
17 ms. Memory: 494592K Free: 422771K (85%)
----------------- Invoking toplevel() on ptolemy.moml.MoMLSimpleApplication@38e5c20b
----------------- Done invoking toplevel() on ptolemy.moml.MoMLSimpleApplication@38e5c20b
reloadAllAccessors: .funcApplyInConst

===========================================================================================
----------------- testing Fri May 15 14:24:46 UTC 2020 /home/travis/build/icyphy/ptII/ptolemy/actor/lib/test/auto/funcApplyInExpr.xml
----------------- Instantiating /home/travis/build/icyphy/ptII/ptolemy/actor/lib/test/auto/funcApplyInExpr.xml
2 ms. Memory: 494592K Free: 419185K (85%)
----------------- Invoking toplevel() on ptolemy.moml.MoMLSimpleApplication@2e691baa
----------------- Done invoking toplevel() on ptolemy.moml.MoMLSimpleApplication@2e691baa
reloadAllAccessors: .funcApplyInExpr

===========================================================================================
----------------- testing Fri May 15 14:24:46 UTC 2020 /home/travis/build/icyphy/ptII/ptolemy/actor/lib/test/auto/function.xml
----------------- Instantiating /home/travis/build/icyphy/ptII/ptolemy/actor/lib/test/auto/function.xml
2 ms. Memory: 494592K Free: 414579K (84%)
----------------- Invoking toplevel() on ptolemy.moml.MoMLSimpleApplication@31eb532f
----------------- Done invoking toplevel() on ptolemy.moml.MoMLSimpleApplication@31eb532f
reloadAllAccessors: .function

===========================================================================================
----------------- testing Fri May 15 14:24:46 UTC 2020 /home/travis/build/icyphy/ptII/ptolemy/actor/lib/test/auto/function2.xml
----------------- Instantiating /home/travis/build/icyphy/ptII/ptolemy/actor/lib/test/auto/function2.xml
1 ms. Memory: 494592K Free: 409459K (83%)
----------------- Invoking toplevel() on ptolemy.moml.MoMLSimpleApplication@3eb8e4f7
----------------- Done invoking toplevel() on ptolemy.moml.MoMLSimpleApplication@3eb8e4f7
reloadAllAccessors: .function2

===========================================================================================
----------------- testing Fri May 15 14:24:46 UTC 2020 /home/travis/build/icyphy/ptII/ptolemy/actor/lib/test/auto/function3.xml
----------------- Instantiating /home/travis/build/icyphy/ptII/ptolemy/actor/lib/test/auto/function3.xml
1 ms. Memory: 494592K Free: 405873K (82%)
----------------- Invoking toplevel() on ptolemy.moml.MoMLSimpleApplication@4518aa18
----------------- Done invoking toplevel() on ptolemy.moml.MoMLSimpleApplication@4518aa18
reloadAllAccessors: .function3

===========================================================================================
----------------- testing Fri May 15 14:24:46 UTC 2020 /home/travis/build/icyphy/ptII/ptolemy/actor/lib/test/auto/functionClosureTest1.xml
----------------- Instantiating /home/travis/build/icyphy/ptII/ptolemy/actor/lib/test/auto/functionClosureTest1.xml
2 ms. Memory: 494592K Free: 399723K (81%)
----------------- Invoking toplevel() on ptolemy.moml.MoMLSimpleApplication@3ab4200f
----------------- Done invoking toplevel() on ptolemy.moml.MoMLSimpleApplication@3ab4200f
reloadAllAccessors: .functionClosureTest1

===========================================================================================
----------------- testing Fri May 15 14:24:46 UTC 2020 /home/travis/build/icyphy/ptII/ptolemy/actor/lib/test/auto/functionClosureTest2.xml
----------------- Instantiating /home/travis/build/icyphy/ptII/ptolemy/actor/lib/test/auto/functionClosureTest2.xml
2 ms. Memory: 494592K Free: 396147K (80%)
----------------- Invoking toplevel() on ptolemy.moml.MoMLSimpleApplication@22e487c7
----------------- Done invoking toplevel() on ptolemy.moml.MoMLSimpleApplication@22e487c7
reloadAllAccessors: .functionClosureTest2

===========================================================================================
----------------- testing Fri May 15 14:24:46 UTC 2020 /home/travis/build/icyphy/ptII/ptolemy/actor/lib/test/auto/functionClosureTest3.xml
----------------- Instantiating /home/travis/build/icyphy/ptII/ptolemy/actor/lib/test/auto/functionClosureTest3.xml
2 ms. Memory: 494592K Free: 390499K (79%)
----------------- Invoking toplevel() on ptolemy.moml.MoMLSimpleApplication@c3b8a17
----------------- Done invoking toplevel() on ptolemy.moml.MoMLSimpleApplication@c3b8a17
reloadAllAccessors: .functionClosureTest3

===========================================================================================
----------------- testing Fri May 15 14:24:46 UTC 2020 /home/travis/build/icyphy/ptII/ptolemy/actor/lib/test/auto/functionClosureTest4.xml
----------------- Instantiating /home/travis/build/icyphy/ptII/ptolemy/actor/lib/test/auto/functionClosureTest4.xml
3 ms. Memory: 494592K Free: 384369K (78%)
----------------- Invoking toplevel() on ptolemy.moml.MoMLSimpleApplication@3acdcc9
----------------- Done invoking toplevel() on ptolemy.moml.MoMLSimpleApplication@3acdcc9
reloadAllAccessors: .functionClosureTest4

===========================================================================================
----------------- testing Fri May 15 14:24:46 UTC 2020 /home/travis/build/icyphy/ptII/ptolemy/actor/lib/test/auto/functionClosureTest5.xml
----------------- Instantiating /home/travis/build/icyphy/ptII/ptolemy/actor/lib/test/auto/functionClosureTest5.xml
4 ms. Memory: 494592K Free: 378739K (77%)
----------------- Invoking toplevel() on ptolemy.moml.MoMLSimpleApplication@6be30505
----------------- Done invoking toplevel() on ptolemy.moml.MoMLSimpleApplication@6be30505
reloadAllAccessors: .functionClosureTest5

===========================================================================================
----------------- testing Fri May 15 14:24:46 UTC 2020 /home/travis/build/icyphy/ptII/ptolemy/actor/lib/test/auto/functionClosureTest6.xml
----------------- Instantiating /home/travis/build/icyphy/ptII/ptolemy/actor/lib/test/auto/functionClosureTest6.xml
2 ms. Memory: 494592K Free: 374129K (76%)
----------------- Invoking toplevel() on ptolemy.moml.MoMLSimpleApplication@763ab560
----------------- Done invoking toplevel() on ptolemy.moml.MoMLSimpleApplication@763ab560
reloadAllAccessors: .functionClosureTest6

===========================================================================================
----------------- testing Fri May 15 14:24:46 UTC 2020 /home/travis/build/icyphy/ptII/ptolemy/actor/lib/test/auto/functionsOnArcs.xml
----------------- Instantiating /home/travis/build/icyphy/ptII/ptolemy/actor/lib/test/auto/functionsOnArcs.xml
2 ms. Memory: 494592K Free: 368499K (75%)
----------------- Invoking toplevel() on ptolemy.moml.MoMLSimpleApplication@304b9116
----------------- Done invoking toplevel() on ptolemy.moml.MoMLSimpleApplication@304b9116
reloadAllAccessors: .functionsOnArcs

===========================================================================================
----------------- testing Fri May 15 14:24:46 UTC 2020 /home/travis/build/icyphy/ptII/ptolemy/actor/lib/test/auto/functionsOnArcsHOF.xml
----------------- Instantiating /home/travis/build/icyphy/ptII/ptolemy/actor/lib/test/auto/functionsOnArcsHOF.xml
3 ms. Memory: 494592K Free: 362865K (73%)
----------------- Invoking toplevel() on ptolemy.moml.MoMLSimpleApplication@3e06d46e
----------------- Done invoking toplevel() on ptolemy.moml.MoMLSimpleApplication@3e06d46e
reloadAllAccessors: .functionsOnArcsHOF

===========================================================================================
----------------- testing Fri May 15 14:24:46 UTC 2020 /home/travis/build/icyphy/ptII/ptolemy/actor/lib/test/auto/logic.xml
----------------- Instantiating /home/travis/build/icyphy/ptII/ptolemy/actor/lib/test/auto/logic.xml
1 ms. Memory: 494592K Free: 355187K (72%)
----------------- Invoking toplevel() on ptolemy.moml.MoMLSimpleApplication@20b91427
----------------- Done invoking toplevel() on ptolemy.moml.MoMLSimpleApplication@20b91427
reloadAllAccessors: .logic

===========================================================================================
----------------- testing Fri May 15 14:24:46 UTC 2020 /home/travis/build/icyphy/ptII/ptolemy/actor/lib/test/auto/matrixType.xml
----------------- Instantiating /home/travis/build/icyphy/ptII/ptolemy/actor/lib/test/auto/matrixType.xml
2 ms. Memory: 494592K Free: 350577K (71%)
----------------- Invoking toplevel() on ptolemy.moml.MoMLSimpleApplication@290b12f7
----------------- Done invoking toplevel() on ptolemy.moml.MoMLSimpleApplication@290b12f7
reloadAllAccessors: .matrixType

===========================================================================================
----------------- testing Fri May 15 14:24:46 UTC 2020 /home/travis/build/icyphy/ptII/ptolemy/actor/lib/test/auto/matrixType10.xml
----------------- Instantiating /home/travis/build/icyphy/ptII/ptolemy/actor/lib/test/auto/matrixType10.xml
2 ms. Memory: 494592K Free: 345457K (70%)
----------------- Invoking toplevel() on ptolemy.moml.MoMLSimpleApplication@22186ffb
----------------- Done invoking toplevel() on ptolemy.moml.MoMLSimpleApplication@22186ffb
reloadAllAccessors: .matrixType10

===========================================================================================
----------------- testing Fri May 15 14:24:46 UTC 2020 /home/travis/build/icyphy/ptII/ptolemy/actor/lib/test/auto/matrixType11.xml
----------------- Instantiating /home/travis/build/icyphy/ptII/ptolemy/actor/lib/test/auto/matrixType11.xml
2 ms. Memory: 494592K Free: 340851K (69%)
----------------- Invoking toplevel() on ptolemy.moml.MoMLSimpleApplication@3b34cb11
----------------- Done invoking toplevel() on ptolemy.moml.MoMLSimpleApplication@3b34cb11
reloadAllAccessors: .matrixType11

===========================================================================================
----------------- testing Fri May 15 14:24:46 UTC 2020 /home/travis/build/icyphy/ptII/ptolemy/actor/lib/test/auto/matrixType12.xml
----------------- Instantiating /home/travis/build/icyphy/ptII/ptolemy/actor/lib/test/auto/matrixType12.xml
1 ms. Memory: 494592K Free: 335731K (68%)
----------------- Invoking toplevel() on ptolemy.moml.MoMLSimpleApplication@3622c3b8
----------------- Done invoking toplevel() on ptolemy.moml.MoMLSimpleApplication@3622c3b8
reloadAllAccessors: .matrixType12

===========================================================================================
----------------- testing Fri May 15 14:24:46 UTC 2020 /home/travis/build/icyphy/ptII/ptolemy/actor/lib/test/auto/matrixType13.xml
----------------- Instantiating /home/travis/build/icyphy/ptII/ptolemy/actor/lib/test/auto/matrixType13.xml
1 ms. Memory: 494592K Free: 331121K (67%)
----------------- Invoking toplevel() on ptolemy.moml.MoMLSimpleApplication@6743fb6b
----------------- Done invoking toplevel() on ptolemy.moml.MoMLSimpleApplication@6743fb6b
reloadAllAccessors: .matrixType13

===========================================================================================
----------------- testing Fri May 15 14:24:46 UTC 2020 /home/travis/build/icyphy/ptII/ptolemy/actor/lib/test/auto/matrixType14.xml
----------------- Instantiating /home/travis/build/icyphy/ptII/ptolemy/actor/lib/test/auto/matrixType14.xml
1 ms. Memory: 494592K Free: 326001K (66%)
----------------- Invoking toplevel() on ptolemy.moml.MoMLSimpleApplication@d4dbec1
----------------- Done invoking toplevel() on ptolemy.moml.MoMLSimpleApplication@d4dbec1
reloadAllAccessors: .matrixType14

===========================================================================================
----------------- testing Fri May 15 14:24:46 UTC 2020 /home/travis/build/icyphy/ptII/ptolemy/actor/lib/test/auto/matrixType2.xml
----------------- Instantiating /home/travis/build/icyphy/ptII/ptolemy/actor/lib/test/auto/matrixType2.xml
1 ms. Memory: 494592K Free: 320867K (65%)
----------------- Invoking toplevel() on ptolemy.moml.MoMLSimpleApplication@78ec74a6
----------------- Done invoking toplevel() on ptolemy.moml.MoMLSimpleApplication@78ec74a6
reloadAllAccessors: .matrixType2

===========================================================================================
----------------- testing Fri May 15 14:24:46 UTC 2020 /home/travis/build/icyphy/ptII/ptolemy/actor/lib/test/auto/matrixType3.xml
----------------- Instantiating /home/travis/build/icyphy/ptII/ptolemy/actor/lib/test/auto/matrixType3.xml
1 ms. Memory: 494592K Free: 315761K (64%)
----------------- Invoking toplevel() on ptolemy.moml.MoMLSimpleApplication@53cc8053
----------------- Done invoking toplevel() on ptolemy.moml.MoMLSimpleApplication@53cc8053
reloadAllAccessors: .matrixType3

===========================================================================================
----------------- testing Fri May 15 14:24:46 UTC 2020 /home/travis/build/icyphy/ptII/ptolemy/actor/lib/test/auto/matrixType4.xml
----------------- Instantiating /home/travis/build/icyphy/ptII/ptolemy/actor/lib/test/auto/matrixType4.xml
2 ms. Memory: 494592K Free: 311155K (63%)
----------------- Invoking toplevel() on ptolemy.moml.MoMLSimpleApplication@135ec336
----------------- Done invoking toplevel() on ptolemy.moml.MoMLSimpleApplication@135ec336
reloadAllAccessors: .matrixType4

===========================================================================================
----------------- testing Fri May 15 14:24:46 UTC 2020 /home/travis/build/icyphy/ptII/ptolemy/actor/lib/test/auto/matrixType5.xml
----------------- Instantiating /home/travis/build/icyphy/ptII/ptolemy/actor/lib/test/auto/matrixType5.xml
1 ms. Memory: 494592K Free: 306035K (62%)
----------------- Invoking toplevel() on ptolemy.moml.MoMLSimpleApplication@54ece2c1
----------------- Done invoking toplevel() on ptolemy.moml.MoMLSimpleApplication@54ece2c1
reloadAllAccessors: .matrixType5

===========================================================================================
----------------- testing Fri May 15 14:24:46 UTC 2020 /home/travis/build/icyphy/ptII/ptolemy/actor/lib/test/auto/matrixType6.xml
----------------- Instantiating /home/travis/build/icyphy/ptII/ptolemy/actor/lib/test/auto/matrixType6.xml
1 ms. Memory: 494592K Free: 301425K (61%)
----------------- Invoking toplevel() on ptolemy.moml.MoMLSimpleApplication@4d5e6bf5
----------------- Done invoking toplevel() on ptolemy.moml.MoMLSimpleApplication@4d5e6bf5
reloadAllAccessors: .matrixType6

===========================================================================================
----------------- testing Fri May 15 14:24:46 UTC 2020 /home/travis/build/icyphy/ptII/ptolemy/actor/lib/test/auto/matrixType7.xml
----------------- Instantiating /home/travis/build/icyphy/ptII/ptolemy/actor/lib/test/auto/matrixType7.xml
1 ms. Memory: 494592K Free: 296305K (60%)
----------------- Invoking toplevel() on ptolemy.moml.MoMLSimpleApplication@586c15ce
----------------- Done invoking toplevel() on ptolemy.moml.MoMLSimpleApplication@586c15ce
reloadAllAccessors: .matrixType7

===========================================================================================
----------------- testing Fri May 15 14:24:46 UTC 2020 /home/travis/build/icyphy/ptII/ptolemy/actor/lib/test/auto/matrixType8.xml
----------------- Instantiating /home/travis/build/icyphy/ptII/ptolemy/actor/lib/test/auto/matrixType8.xml
1 ms. Memory: 494592K Free: 291699K (59%)
----------------- Invoking toplevel() on ptolemy.moml.MoMLSimpleApplication@51cfc053
----------------- Done invoking toplevel() on ptolemy.moml.MoMLSimpleApplication@51cfc053
reloadAllAccessors: .matrixType8

===========================================================================================
----------------- testing Fri May 15 14:24:46 UTC 2020 /home/travis/build/icyphy/ptII/ptolemy/actor/lib/test/auto/matrixType9.xml
----------------- Instantiating /home/travis/build/icyphy/ptII/ptolemy/actor/lib/test/auto/matrixType9.xml
1 ms. Memory: 494592K Free: 286579K (58%)
----------------- Invoking toplevel() on ptolemy.moml.MoMLSimpleApplication@640cb23d
----------------- Done invoking toplevel() on ptolemy.moml.MoMLSimpleApplication@640cb23d
reloadAllAccessors: .matrixType9

===========================================================================================
----------------- testing Fri May 15 14:24:46 UTC 2020 /home/travis/build/icyphy/ptII/ptolemy/actor/lib/test/auto/paraFunctest.xml
----------------- Instantiating /home/travis/build/icyphy/ptII/ptolemy/actor/lib/test/auto/paraFunctest.xml
2 ms. Memory: 494592K Free: 282483K (57%)
----------------- Invoking toplevel() on ptolemy.moml.MoMLSimpleApplication@dd4d91a
----------------- Done invoking toplevel() on ptolemy.moml.MoMLSimpleApplication@dd4d91a
reloadAllAccessors: .paraFunctest

===========================================================================================
----------------- testing Fri May 15 14:24:46 UTC 2020 /home/travis/build/icyphy/ptII/ptolemy/actor/lib/test/auto/paraFunctest2.xml
----------------- Instantiating /home/travis/build/icyphy/ptII/ptolemy/actor/lib/test/auto/paraFunctest2.xml
1 ms. Memory: 494592K Free: 277873K (56%)
----------------- Invoking toplevel() on ptolemy.moml.MoMLSimpleApplication@60ef2843
----------------- Done invoking toplevel() on ptolemy.moml.MoMLSimpleApplication@60ef2843
reloadAllAccessors: .paraFunctest2

===========================================================================================
----------------- testing Fri May 15 14:24:46 UTC 2020 /home/travis/build/icyphy/ptII/ptolemy/actor/lib/test/auto/parameterPassing.xml
----------------- Instantiating /home/travis/build/icyphy/ptII/ptolemy/actor/lib/test/auto/parameterPassing.xml
1 ms. Memory: 494592K Free: 273777K (55%)
----------------- Invoking toplevel() on ptolemy.moml.MoMLSimpleApplication@34110963
----------------- Done invoking toplevel() on ptolemy.moml.MoMLSimpleApplication@34110963
reloadAllAccessors: .parameterPassing

===========================================================================================
----------------- testing Fri May 15 14:24:46 UTC 2020 /home/travis/build/icyphy/ptII/ptolemy/actor/lib/test/auto/record.xml
----------------- Instantiating /home/travis/build/icyphy/ptII/ptolemy/actor/lib/test/auto/record.xml
3 ms. Memory: 494592K Free: 268657K (54%)
----------------- Invoking toplevel() on ptolemy.moml.MoMLSimpleApplication@5ef53b9a
----------------- Done invoking toplevel() on ptolemy.moml.MoMLSimpleApplication@5ef53b9a
reloadAllAccessors: .record

===========================================================================================
----------------- testing Fri May 15 14:24:46 UTC 2020 /home/travis/build/icyphy/ptII/ptolemy/actor/lib/test/auto/sizedarray1.xml
----------------- Instantiating /home/travis/build/icyphy/ptII/ptolemy/actor/lib/test/auto/sizedarray1.xml
2 ms. Memory: 494592K Free: 263027K (53%)
----------------- Invoking toplevel() on ptolemy.moml.MoMLSimpleApplication@243d56f0
----------------- Done invoking toplevel() on ptolemy.moml.MoMLSimpleApplication@243d56f0
reloadAllAccessors: .sizedarray1

===========================================================================================
----------------- testing Fri May 15 14:24:46 UTC 2020 /home/travis/build/icyphy/ptII/ptolemy/actor/lib/test/auto/sizedarray2.xml
----------------- Instantiating /home/travis/build/icyphy/ptII/ptolemy/actor/lib/test/auto/sizedarray2.xml
2 ms. Memory: 494592K Free: 257907K (52%)
----------------- Invoking toplevel() on ptolemy.moml.MoMLSimpleApplication@2a8b0897
----------------- Done invoking toplevel() on ptolemy.moml.MoMLSimpleApplication@2a8b0897
reloadAllAccessors: .sizedarray2

===========================================================================================
----------------- testing Fri May 15 14:24:46 UTC 2020 /home/travis/build/icyphy/ptII/ptolemy/actor/lib/test/auto/twoPublishers.xml
----------------- Instantiating /home/travis/build/icyphy/ptII/ptolemy/actor/lib/test/auto/twoPublishers.xml
7 ms. Memory: 494592K Free: 246643K (50%)
----------------- Invoking toplevel() on ptolemy.moml.MoMLSimpleApplication@58772999
----------------- Done invoking toplevel() on ptolemy.moml.MoMLSimpleApplication@58772999
reloadAllAccessors: .twoPublishers
AutoTests.java: About to close Vertx.
AutoTests.java: Vertx closed.
]]></system-out>
  <system-err><![CDATA[java.lang.RuntimeException: Execution failed
	at ptolemy.moml.MoMLSimpleApplication$UnloadThread.run(MoMLSimpleApplication.java:402)
Caused by: java.lang.RuntimeException: StringUtilities.exit() was called. Normally, we would exit here because Manager.exitAfterWrapup() was called.  However, because the ptolemy.ptII.exitAfterWrapup property is set, we throw this exception instead.
	at ptolemy.util.StringUtilities.exit(StringUtilities.java:365)
	at ptolemy.actor.Manager.wrapup(Manager.java:1549)
	at ptolemy.actor.Manager.execute(Manager.java:407)
	at ptolemy.actor.Manager.run(Manager.java:1263)
	at ptolemy.actor.Manager$PtolemyRunThread.run(Manager.java:1933)
Warning: '.top.test' is in training mode, set the trainingMode parameter to false before checking in
Warning: '.top.test' is in training mode, set the trainingMode parameter to false before checking in
Warning: '.top.test' is in training mode, set the trainingMode parameter to false before checking in
Warning: '.BooleanSwitch_RegressionTest_WrongTrainingValues.Test' is in training mode, set the trainingMode parameter to false before checking in
Warning: '.BooleanSwitch_RegressionTest_WrongTrainingValues.Test2' is in training mode, set the trainingMode parameter to false before checking in
Warning: '.BooleanSwitch_RegressionTest_WrongTrainingValues.Test2' The test produced 0 tokens.
Warning: '.top.testExceptionHandler' is in training mode, set the trainingMode parameter to false before checking in
java.lang.RuntimeException: Execution failed
	at ptolemy.moml.MoMLSimpleApplication$UnloadThread.run(MoMLSimpleApplication.java:402)
Caused by: ptolemy.kernel.util.IllegalActionException: PublisherPorts cannot be used at the top level, use a Publisher actor instead.
  in .PublisherPortToplevelSubscriber.PublisherPort
	at ptolemy.actor.PublisherPort.preinitialize(PublisherPort.java:403)
	at ptolemy.actor.CompositeActor.preinitialize(CompositeActor.java:1769)
	at ptolemy.actor.Manager.preinitializeAndResolveTypes(Manager.java:1040)
	at ptolemy.actor.Manager.initialize(Manager.java:710)
	at ptolemy.actor.Manager.execute(Manager.java:356)
	at ptolemy.actor.Manager.run(Manager.java:1263)
	at ptolemy.actor.Manager$PtolemyRunThread.run(Manager.java:1933)
java.lang.reflect.InvocationTargetException
	at java.base/jdk.internal.reflect.NativeConstructorAccessorImpl.newInstance0(Native Method)
	at java.base/jdk.internal.reflect.NativeConstructorAccessorImpl.newInstance(NativeConstructorAccessorImpl.java:62)
	at java.base/jdk.internal.reflect.DelegatingConstructorAccessorImpl.newInstance(DelegatingConstructorAccessorImpl.java:45)
	at java.base/java.lang.reflect.Constructor.newInstance(Constructor.java:490)
	at ptolemy.util.test.junit.AutoKnownFailedTests.RunModel(AutoKnownFailedTests.java:105)
	at java.base/jdk.internal.reflect.NativeMethodAccessorImpl.invoke0(Native Method)
	at java.base/jdk.internal.reflect.NativeMethodAccessorImpl.invoke(NativeMethodAccessorImpl.java:62)
	at java.base/jdk.internal.reflect.DelegatingMethodAccessorImpl.invoke(DelegatingMethodAccessorImpl.java:43)
	at java.base/java.lang.reflect.Method.invoke(Method.java:566)
	at org.junit.runners.model.FrameworkMethod$1.runReflectiveCall(FrameworkMethod.java:44)
	at org.junit.internal.runners.model.ReflectiveCallable.run(ReflectiveCallable.java:15)
	at org.junit.runners.model.FrameworkMethod.invokeExplosively(FrameworkMethod.java:41)
	at junitparams.internal.InvokeParameterisedMethod.evaluate(InvokeParameterisedMethod.java:102)
	at org.junit.internal.runners.statements.FailOnTimeout$1.run(FailOnTimeout.java:28)
Caused by: ptolemy.kernel.util.IllegalActionException: PublisherPorts cannot be used at the top level, use a Publisher actor instead.
  in .PublisherPortToplevelSubscriber.PublisherPort
	at ptolemy.actor.PublisherPort.preinitialize(PublisherPort.java:403)
	at ptolemy.actor.CompositeActor.preinitialize(CompositeActor.java:1769)
	at ptolemy.actor.Manager.preinitializeAndResolveTypes(Manager.java:1040)
	at ptolemy.actor.Manager.initialize(Manager.java:710)
	at ptolemy.actor.Manager.execute(Manager.java:356)
	at ptolemy.actor.Manager.run(Manager.java:1263)
	at ptolemy.actor.Manager$PtolemyRunThread.run(Manager.java:1933)
java.lang.RuntimeException: Execution failed
	at ptolemy.moml.MoMLSimpleApplication$UnloadThread.run(MoMLSimpleApplication.java:402)
Caused by: ptolemy.kernel.util.IllegalActionException: SubscriberPorts cannot be used at the top level, use a Subscriber actor instead.
  in .PublisherSubscriberPortToplevel.SubscriberPort
	at ptolemy.actor.SubscriberPort.preinitialize(SubscriberPort.java:328)
	at ptolemy.actor.CompositeActor.preinitialize(CompositeActor.java:1769)
	at ptolemy.actor.Manager.preinitializeAndResolveTypes(Manager.java:1040)
	at ptolemy.actor.Manager.initialize(Manager.java:710)
	at ptolemy.actor.Manager.execute(Manager.java:356)
	at ptolemy.actor.Manager.run(Manager.java:1263)
	at ptolemy.actor.Manager$PtolemyRunThread.run(Manager.java:1933)
java.lang.reflect.InvocationTargetException
	at java.base/jdk.internal.reflect.NativeConstructorAccessorImpl.newInstance0(Native Method)
	at java.base/jdk.internal.reflect.NativeConstructorAccessorImpl.newInstance(NativeConstructorAccessorImpl.java:62)
	at java.base/jdk.internal.reflect.DelegatingConstructorAccessorImpl.newInstance(DelegatingConstructorAccessorImpl.java:45)
	at java.base/java.lang.reflect.Constructor.newInstance(Constructor.java:490)
	at ptolemy.util.test.junit.AutoKnownFailedTests.RunModel(AutoKnownFailedTests.java:105)
	at java.base/jdk.internal.reflect.NativeMethodAccessorImpl.invoke0(Native Method)
	at java.base/jdk.internal.reflect.NativeMethodAccessorImpl.invoke(NativeMethodAccessorImpl.java:62)
	at java.base/jdk.internal.reflect.DelegatingMethodAccessorImpl.invoke(DelegatingMethodAccessorImpl.java:43)
	at java.base/java.lang.reflect.Method.invoke(Method.java:566)
	at org.junit.runners.model.FrameworkMethod$1.runReflectiveCall(FrameworkMethod.java:44)
	at org.junit.internal.runners.model.ReflectiveCallable.run(ReflectiveCallable.java:15)
	at org.junit.runners.model.FrameworkMethod.invokeExplosively(FrameworkMethod.java:41)
	at junitparams.internal.InvokeParameterisedMethod.evaluate(InvokeParameterisedMethod.java:102)
	at org.junit.internal.runners.statements.FailOnTimeout$1.run(FailOnTimeout.java:28)
Caused by: ptolemy.kernel.util.IllegalActionException: SubscriberPorts cannot be used at the top level, use a Subscriber actor instead.
  in .PublisherSubscriberPortToplevel.SubscriberPort
	at ptolemy.actor.SubscriberPort.preinitialize(SubscriberPort.java:328)
	at ptolemy.actor.CompositeActor.preinitialize(CompositeActor.java:1769)
	at ptolemy.actor.Manager.preinitializeAndResolveTypes(Manager.java:1040)
	at ptolemy.actor.Manager.initialize(Manager.java:710)
	at ptolemy.actor.Manager.execute(Manager.java:356)
	at ptolemy.actor.Manager.run(Manager.java:1263)
	at ptolemy.actor.Manager$PtolemyRunThread.run(Manager.java:1933)
java.lang.RuntimeException: Execution failed
	at ptolemy.moml.MoMLSimpleApplication$UnloadThread.run(MoMLSimpleApplication.java:402)
Caused by: ptolemy.kernel.util.IllegalActionException: SubscriptionAggregatorPorts cannot be used at the top level, use a SubscriptionAggregator actor instead.
  in .PublisherSubscriptionAggregatorPort.SubscriptionAggregatorPort
	at ptolemy.actor.SubscriptionAggregatorPort.preinitialize(SubscriptionAggregatorPort.java:353)
	at ptolemy.actor.CompositeActor.preinitialize(CompositeActor.java:1769)
	at ptolemy.actor.Manager.preinitializeAndResolveTypes(Manager.java:1040)
	at ptolemy.actor.Manager.initialize(Manager.java:710)
	at ptolemy.actor.Manager.execute(Manager.java:356)
	at ptolemy.actor.Manager.run(Manager.java:1263)
	at ptolemy.actor.Manager$PtolemyRunThread.run(Manager.java:1933)
java.lang.reflect.InvocationTargetException
	at java.base/jdk.internal.reflect.NativeConstructorAccessorImpl.newInstance0(Native Method)
	at java.base/jdk.internal.reflect.NativeConstructorAccessorImpl.newInstance(NativeConstructorAccessorImpl.java:62)
	at java.base/jdk.internal.reflect.DelegatingConstructorAccessorImpl.newInstance(DelegatingConstructorAccessorImpl.java:45)
	at java.base/java.lang.reflect.Constructor.newInstance(Constructor.java:490)
	at ptolemy.util.test.junit.AutoKnownFailedTests.RunModel(AutoKnownFailedTests.java:105)
	at java.base/jdk.internal.reflect.NativeMethodAccessorImpl.invoke0(Native Method)
	at java.base/jdk.internal.reflect.NativeMethodAccessorImpl.invoke(NativeMethodAccessorImpl.java:62)
	at java.base/jdk.internal.reflect.DelegatingMethodAccessorImpl.invoke(DelegatingMethodAccessorImpl.java:43)
	at java.base/java.lang.reflect.Method.invoke(Method.java:566)
	at org.junit.runners.model.FrameworkMethod$1.runReflectiveCall(FrameworkMethod.java:44)
	at org.junit.internal.runners.model.ReflectiveCallable.run(ReflectiveCallable.java:15)
	at org.junit.runners.model.FrameworkMethod.invokeExplosively(FrameworkMethod.java:41)
	at junitparams.internal.InvokeParameterisedMethod.evaluate(InvokeParameterisedMethod.java:102)
	at org.junit.internal.runners.statements.FailOnTimeout$1.run(FailOnTimeout.java:28)
Caused by: ptolemy.kernel.util.IllegalActionException: SubscriptionAggregatorPorts cannot be used at the top level, use a SubscriptionAggregator actor instead.
  in .PublisherSubscriptionAggregatorPort.SubscriptionAggregatorPort
	at ptolemy.actor.SubscriptionAggregatorPort.preinitialize(SubscriptionAggregatorPort.java:353)
	at ptolemy.actor.CompositeActor.preinitialize(CompositeActor.java:1769)
	at ptolemy.actor.Manager.preinitializeAndResolveTypes(Manager.java:1040)
	at ptolemy.actor.Manager.initialize(Manager.java:710)
	at ptolemy.actor.Manager.execute(Manager.java:356)
	at ptolemy.actor.Manager.run(Manager.java:1263)
	at ptolemy.actor.Manager$PtolemyRunThread.run(Manager.java:1933)
java.lang.RuntimeException: Execution failed
	at ptolemy.moml.MoMLSimpleApplication$UnloadThread.run(MoMLSimpleApplication.java:402)
Caused by: ptolemy.kernel.util.IllegalActionException: TypeTest actor has no training data.
  in .sizedarray3.TypeTest
	at ptolemy.actor.lib.TypeTest.initialize(TypeTest.java:250)
	at ptolemy.actor.Director.initialize(Director.java:938)
	at ptolemy.actor.Director.initialize(Director.java:907)
	at ptolemy.actor.sched.StaticSchedulingDirector.initialize(StaticSchedulingDirector.java:159)
	at ptolemy.domains.sdf.kernel.SDFDirector.initialize(SDFDirector.java:544)
	at ptolemy.actor.CompositeActor.initialize(CompositeActor.java:935)
	at ptolemy.actor.Manager.initialize(Manager.java:724)
	at ptolemy.actor.Manager.execute(Manager.java:356)
	at ptolemy.actor.Manager.run(Manager.java:1263)
	at ptolemy.actor.Manager$PtolemyRunThread.run(Manager.java:1933)
java.lang.reflect.InvocationTargetException
	at java.base/jdk.internal.reflect.NativeConstructorAccessorImpl.newInstance0(Native Method)
	at java.base/jdk.internal.reflect.NativeConstructorAccessorImpl.newInstance(NativeConstructorAccessorImpl.java:62)
	at java.base/jdk.internal.reflect.DelegatingConstructorAccessorImpl.newInstance(DelegatingConstructorAccessorImpl.java:45)
	at java.base/java.lang.reflect.Constructor.newInstance(Constructor.java:490)
	at ptolemy.util.test.junit.AutoKnownFailedTests.RunModel(AutoKnownFailedTests.java:105)
	at java.base/jdk.internal.reflect.NativeMethodAccessorImpl.invoke0(Native Method)
	at java.base/jdk.internal.reflect.NativeMethodAccessorImpl.invoke(NativeMethodAccessorImpl.java:62)
	at java.base/jdk.internal.reflect.DelegatingMethodAccessorImpl.invoke(DelegatingMethodAccessorImpl.java:43)
	at java.base/java.lang.reflect.Method.invoke(Method.java:566)
	at org.junit.runners.model.FrameworkMethod$1.runReflectiveCall(FrameworkMethod.java:44)
	at org.junit.internal.runners.model.ReflectiveCallable.run(ReflectiveCallable.java:15)
	at org.junit.runners.model.FrameworkMethod.invokeExplosively(FrameworkMethod.java:41)
	at junitparams.internal.InvokeParameterisedMethod.evaluate(InvokeParameterisedMethod.java:102)
	at org.junit.internal.runners.statements.FailOnTimeout$1.run(FailOnTimeout.java:28)
Caused by: ptolemy.kernel.util.IllegalActionException: TypeTest actor has no training data.
  in .sizedarray3.TypeTest
	at ptolemy.actor.lib.TypeTest.initialize(TypeTest.java:250)
	at ptolemy.actor.Director.initialize(Director.java:938)
	at ptolemy.actor.Director.initialize(Director.java:907)
	at ptolemy.actor.sched.StaticSchedulingDirector.initialize(StaticSchedulingDirector.java:159)
	at ptolemy.domains.sdf.kernel.SDFDirector.initialize(SDFDirector.java:544)
	at ptolemy.actor.CompositeActor.initialize(CompositeActor.java:935)
	at ptolemy.actor.Manager.initialize(Manager.java:724)
	at ptolemy.actor.Manager.execute(Manager.java:356)
	at ptolemy.actor.Manager.run(Manager.java:1263)
	at ptolemy.actor.Manager$PtolemyRunThread.run(Manager.java:1933)
]]></system-err>
</testsuite>
