<?xml version="1.0" encoding="UTF-8" ?>
<testsuite errors="1" failures="2" hostname="travis-job-56c58a26-f093-47ed-8687-a414986c5dca" name="ptolemy.actor.lib.test.junit.JUnitTclTest" skipped="0" tests="517" time="65.198" timestamp="2019-07-06T06:38:29">
  <properties>
    <property name="npm.executable" value="npm" />
    <property name="env.TRAVIS_ROOT" value="/" />
    <property name="ptII.mk.exists" value="true" />
    <property name="env.TRAVIS_APP_HOST" value="build.travis-ci.org" />
    <property name="env.rvm_bin_path" value="/home/travis/.rvm/bin" />
    <property name="java.home" value="/usr/local/lib/jvm/openjdk11" />
    <property name="env.TRAVIS_JOB_NUMBER" value="1196.8" />
    <property name="env.TRAVIS_HOME" value="/home/travis" />
    <property name="env.DISPLAY" value=":99.0" />
    <property name="env.TRAVIS_INIT" value="systemd" />
    <property name="env.SSH_TTY" value="/dev/pts/0" />
    <property name="java.net.preferIPv4Stack" value="true" />
    <property name="env.RUN_TESTS" value="true" />
    <property name="timeout.short" value="1000000" />
    <property name="junit.formatter" value="xml" />
    <property name="env.TRAVIS_SUDO" value="true" />
    <property name="env.TRAVIS_JOB_NAME" value="" />
    <property name="env.TRAVIS_STACK_NODE_ATTRIBUTES" value="/.node-attributes.yml" />
    <property name="env.LOGNAME" value="travis" />
    <property name="env.PT_TRAVIS_TEST_CORE1_XML" value="true" />
    <property name="jsdoc.home" value="node_modules/@terraswarm/jsdoc" />
    <property name="debuglevel" value="source,lines,vars" />
    <property name="checkstyle.formatter" value="xml" />
    <property name="env._system_version" value="16.04" />
    <property name="bin.vergil.makeable" value="true" />
    <property name="sun.os.patch.level" value="unknown" />
    <property name="java.vendor.url" value="http://java.oracle.com/" />
    <property name="env.TRAVIS_BUILD_WEB_URL" value="https://travis-ci.org/icyphy/ptII/builds/554939431" />
    <property name="java.version" value="11.0.2" />
    <property name="env.TZ" value="UTC" />
    <property name="env.TRAVIS_PULL_REQUEST_SHA" value="" />
    <property name="env.PT_NO_NET" value="true" />
    <property name="env.TRAVIS_SECURE_ENV_VARS" value="true" />
    <property name="env._system_type" value="Linux" />
    <property name="java.vendor.url.bug" value="http://bugreport.java.com/bugreport/" />
    <property name="npmjs-org-is-up" value="true" />
    <property name="env.LANGUAGE" value="en_US.UTF-8" />
    <property name="env.SSH_CLIENT" value="10.10.16.158 43332 22" />
    <property name="env.GEM_HOME" value="/home/travis/.rvm/gems/ruby-2.5.3" />
    <property name="env.HAS_ANTARES_THREE_LITTLE_FRONZIES_BADGE" value="true" />
    <property name="java.version.date" value="2019-01-15" />
    <property name="env.PS4" value="+" />
    <property name="ant.project.invoked-targets" value="build,test.core1.xml" />
    <property name="env.TRAVIS_PULL_REQUEST_BRANCH" value="" />
    <property name="env.TRAVIS_REPO_SLUG" value="icyphy/ptII" />
    <property name="env.XDG_DATA_DIRS" value="/usr/local/share:/usr/share:/var/lib/snapd/desktop" />
    <property name="jdk.debug" value="release" />
    <property name="env.TRAVIS_APT_PROXY" value="http://apt.cache.travis-ci.com" />
    <property name="node.in.path" value="true" />
    <property name="user.name" value="travis" />
    <property name="java.maxmemory" value="1400m" />
    <property name="env.RUBY_VERSION" value="ruby-2.5.3" />
    <property name="env.LANG" value="en_US.UTF-8" />
    <property name="sun.io.unicode.encoding" value="UnicodeLittle" />
    <property name="sun.jnu.encoding" value="UTF-8" />
    <property name="java.runtime.name" value="OpenJDK Runtime Environment" />
    <property name="usefile" value="false" />
    <property name="return.code" value="0" />
    <property name="junit.single.formatter" value="plain" />
    <property name="env.DYLD_LIBRARY_PATH" value="/home/travis/pthla/certi-tools/lib:" />
    <property name="env.DEBIAN_FRONTEND" value="noninteractive" />
    <property name="env.SSH_CONNECTION" value="10.10.16.158 43332 10.20.0.60 22" />
    <property name="env.MYSQL_UNIX_PORT" value="/var/run/mysqld/mysqld.sock" />
    <property name="env.LC_ALL" value="en_US.UTF-8" />
    <property name="env.TRAVIS_ALLOW_FAILURE" value="false" />
    <property name="env.TRAVIS_JOB_WEB_URL" value="https://travis-ci.org/icyphy/ptII/jobs/554939439" />
    <property name="java.specification.name" value="Java Platform API Specification" />
    <property name="node.works" value="true" />
    <property name="user.timezone" value="" />
    <property name="path.separator" value=":" />
    <property name="env.TRAVIS_ENABLE_INFRA_DETECTION" value="true" />
    <property name="env.PYTHON_CFLAGS" value="-g -fstack-protector --param=ssp-buffer-size=4 -Wformat -Werror=format-security" />
    <property name="timeout.long" value="4000000" />
    <property name="env.CERTI_HOME" value="/home/travis/pthla/certi-tools" />
    <property name="ant.file.ptII" value="/home/travis/build/icyphy/ptII/build.xml" />
    <property name="javadoc.packagenames" value="com.*,diva.*,lbnl.*,org.hlacerti.*,org.json.*,org.ptolemy.*,org.terraswarm.*,ptolemy.*,ptserver.*" />
    <property name="file.encoding" value="UTF-8" />
    <property name="env.TRAVIS_PULL_REQUEST_SLUG" value="" />
    <property name="ant.project.default-target" value="build" />
    <property name="env.GIT_ASKPASS" value="echo" />
    <property name="env.HOME" value="/home/travis" />
    <property name="sun.java.command" value="org.apache.tools.ant.taskdefs.optional.junit.JUnitTestRunner ptolemy.actor.lib.test.junit.JUnitTclTest skipNonTests=false filtertrace=true haltOnError=false haltOnFailure=false formatter=org.apache.tools.ant.taskdefs.optional.junit.OutErrSummaryJUnitResultFormatter showoutput=true outputtoformatters=true logfailedtests=true threadid=0 logtestlistenerevents=false formatter=org.apache.tools.ant.taskdefs.optional.junit.XMLJUnitResultFormatter,/home/travis/build/icyphy/ptII/reports/junit/TEST-ptolemy.actor.lib.test.junit.JUnitTclTest.xml crashfile=/home/travis/build/icyphy/ptII/junitvmwatcher12482689253946300389.properties propsfile=/home/travis/build/icyphy/ptII/junit9139923407886715067.properties" />
    <property name="env.COMPOSER_NO_INTERACTION" value="1" />
    <property name="env.MANPATH" value="/home/travis/.nvm/versions/node/v7.10.1/share/man:/home/travis/.rvm/rubies/ruby-2.5.3/share/man:/usr/local/cmake-3.12.4/man:/usr/local/clang-7.0.0/share/man:/usr/local/man:/usr/local/share/man:/usr/share/man:/home/travis/.rvm/man" />
    <property name="env.TRAVIS_TIMER_ID" value="0919cae8" />
    <property name="ant.file" value="/home/travis/build/icyphy/ptII/build.xml" />
    <property name="env.TRAVIS_COMMIT_RANGE" value="bbbff3adea58...3871c4168cdf" />
    <property name="env._system_name" value="Ubuntu" />
    <property name="ptII.classpath.optional.property" value="/home/travis/build/icyphy/ptII/lib/bsh-2.0b4.jar:/home/travis/build/icyphy/ptII/lib/ptCal.jar:/home/travis/build/icyphy/ptII/lib/java_cup.jar:/home/travis/build/icyphy/ptII/lib/saxon8.jar:/home/travis/build/icyphy/ptII/lib/saxon8-dom.jar:/home/travis/build/icyphy/ptII/lib/chic.jar:/home/travis/build/icyphy/ptII/lib/ptcolt.jar:/home/travis/build/icyphy/ptII/vendors/misc/itext/iText.jar:/home/travis/build/icyphy/ptII/lib/g4ltl.jar:/home/travis/build/icyphy/ptII/lib/StructuralCoder.jar:/home/travis/build/icyphy/ptII/vendors/jai-1_1_2_01/lib/jai_core.jar:/home/travis/build/icyphy/ptII/vendors/jai-1_1_2_01/lib/jai_codec.jar:/home/travis/build/icyphy/ptII/lib/jcerti.jar:/home/travis/build/icyphy/ptII/lib/javax.mail.jar:/home/travis/build/icyphy/ptII/vendors/JMF-2.1.1e/lib/jmf.jar:/home/travis/build/icyphy/ptII/lib/jna-4.0.0-variadic.jar:/home/travis/build/icyphy/ptII/vendors/misc/joystick/Joystick.jar:/home/travis/build/icyphy/ptII/lib/ptjacl.jar:/home/travis/build/icyphy/ptII/lib/jsoup-1.8.2.jar:/home/travis/build/icyphy/ptII/lib/junit-4.8.2.jar:/home/travis/build/icyphy/ptII/lib/JUnitParams-0.4.0.jar:/home/travis/build/icyphy/ptII/ptolemy/actor/lib/excel/jxl.jar:/home/travis/build/icyphy/ptII/lib/jython.jar:/home/travis/build/icyphy/ptII/lib/kieler.jar:/home/travis/build/icyphy/ptII/vendors/opencv/share/OpenCV/java/opencv-341.jar:/home/travis/build/icyphy/ptII/lib/oscP5.jar:/home/travis/build/icyphy/ptII/lib/nrjavaserial-3.11.0.devel.jar:/home/travis/build/icyphy/ptII/vendors/j3d/lib/j3dcore.jar:/home/travis/build/icyphy/ptII/vendors/j3d/lib/j3dutils.jar:/home/travis/build/icyphy/ptII/vendors/j3d/lib/vecmath.jar:/home/travis/build/icyphy/ptII/ptolemy/distributed/jini/jar/jini-core.jar:/home/travis/build/icyphy/ptII/ptolemy/distributed/jini/jar/jini-ext.jar:/home/travis/build/icyphy/ptII/ptolemy/distributed/jini/jar/sun-util.jar:/home/travis/build/icyphy/ptII/lib/protobuf-java-2.4.1.jar:/home/travis/build/icyphy/ptII/lib/org.eclipse.paho.client.mqttv3.jar:/home/travis/build/icyphy/ptII/lib/mapss.jar:/home/travis/build/icyphy/ptII/ptolemy/actor/ptalon/antlr/antlr.jar:/home/travis/build/icyphy/ptII/lib/JRI.jar:/home/travis/build/icyphy/ptII/lib/commons-lang-2.6.jar:/home/travis/build/icyphy/ptII/lib/commons-logging-1.1.1.jar:/home/travis/build/icyphy/ptII/lib/sootclasses.jar:/home/travis/build/icyphy/ptII/ptolemy/actor/lib/database/mysql-connector-java-5.1.6-bin.jar:/home/travis/build/icyphy/ptII/vendors/misc/sphinx4/sphinx4-data-5prealpha.jar:/home/travis/build/icyphy/ptII/vendors/misc/sphinx4/sphinx4-core-5prealpha.jar:/home/travis/build/icyphy/ptII/lib/PDFRenderer.jar:/home/travis/build/icyphy/ptII/lib/svgSalamander.jar:/home/travis/build/icyphy/ptII/lib/rsyntaxtextarea-2.6.0-SNAPSHOT.jar:/home/travis/build/icyphy/ptII/lib/hazelcast-3.8.2.jar:/home/travis/build/icyphy/ptII/lib/jackson-annotations-2.9.0.jar:/home/travis/build/icyphy/ptII/lib/jackson-core-2.9.3.jar:/home/travis/build/icyphy/ptII/lib/jackson-databind-2.9.3.jar:/home/travis/build/icyphy/ptII/lib/netty-buffer-4.1.19.Final.jar:/home/travis/build/icyphy/ptII/lib/netty-codec-4.1.19.Final.jar:/home/travis/build/icyphy/ptII/lib/netty-codec-dns-4.1.19.Final.jar:/home/travis/build/icyphy/ptII/lib/netty-codec-http-4.1.19.Final.jar:/home/travis/build/icyphy/ptII/lib/netty-codec-http2-4.1.19.Final.jar:/home/travis/build/icyphy/ptII/lib/netty-common-4.1.19.Final.jar:/home/travis/build/icyphy/ptII/lib/netty-handler-4.1.19.Final.jar:/home/travis/build/icyphy/ptII/lib/netty-resolver-4.1.19.Final.jar:/home/travis/build/icyphy/ptII/lib/netty-resolver-dns-4.1.19.Final.jar:/home/travis/build/icyphy/ptII/lib/netty-transport-4.1.19.Final.jar:/home/travis/build/icyphy/ptII/lib/vertx-codegen-3.5.1.jar:/home/travis/build/icyphy/ptII/lib/vertx-core-3.5.2-SNAPSHOT.jar:/home/travis/build/icyphy/ptII/lib/vertx-hazelcast-3.5.1.jar:/home/travis/build/icyphy/ptII/lib/vertx-lang-js-3.5.1.jar:/home/travis/build/icyphy/ptII/lib/vertx-service-proxy-3.5.1.jar:/home/travis/build/icyphy/ptII/lib/vertx-web-3.5.1.jar:/home/travis/build/icyphy/ptII/lib/slf4j-api-1.7.13.jar:/home/travis/build/icyphy/ptII/lib/slf4j-simple-1.7.13.jar:/home/travis/build/icyphy/ptII/lib/webcam-capture-0.3.12.jar:/home/travis/build/icyphy/ptII/lib/bridj-0.7.0.jar:/home/travis/build/icyphy/ptII/lib/xbjlib-1.1.0.nrjavaserial.jar" />
    <property name="timeout" value="2400000" />
    <property name="test.batch" value="**/junit/*.java" />
    <property name="env._" value="/usr/bin/timeout" />
    <property name="java.io.tmpdir" value="/tmp" />
    <property name="user.language" value="en" />
    <property name="env.TRAVIS_INTERNAL_RUBY_REGEX" value="^ruby-(2\.[0-4]\.[0-9]|1\.9\.3)" />
    <property name="env.HISTCONTROL" value="ignoredups:ignorespace" />
    <property name="env.GOROOT" value="/home/travis/.gimme/versions/go1.11.1.linux.amd64" />
    <property name="line.separator" value="&#xa;" />
    <property name="target" value="11" />
    <property name="env.TRAVIS_BUILD_DIR" value="/home/travis/build/icyphy/ptII" />
    <property name="env.ANT_OPTS" value="-Xmx2048m" />
    <property name="ant.file.type" value="file" />
    <property name="ptolemy.ptII.batchMode" value="true" />
    <property name="env.HISTSIZE" value="1000" />
    <property name="env.MERB_ENV" value="test" />
    <property name="java.vm.info" value="mixed mode" />
    <property name="source" value="11" />
    <property name="java.vm.specification.name" value="Java Virtual Machine Specification" />
    <property name="env.TRAVIS_TEST_RESULT" value="0" />
    <property name="jsdoc.command" value="node_modules/@terraswarm/jsdoc/jsdoc.js" />
    <property name="npm.works" value="true" />
    <property name="cobertura.dir" value="/home/travis/build/icyphy/ptII/vendors/cobertura-2.0.3" />
    <property name="env.rvm_path" value="/home/travis/.rvm" />
    <property name="env.GEM_PATH" value="/home/travis/.rvm/gems/ruby-2.5.3:/home/travis/.rvm/gems/ruby-2.5.3@global" />
    <property name="env.LC_CTYPE" value="en_US.UTF-8" />
    <property name="env.TRAVIS_CMD" value="$PTII/bin/ptIITravisBuild.sh $SECONDS" />
    <property name="java.awt.printerjob" value="sun.print.PSPrinterJob" />
    <property name="env.TRAVIS_STACK_NAME" value="sardonyx" />
    <property name="env.TRAVIS_TIMER_START_TIME" value="1562394443187059201" />
    <property name="ant.version" value="Apache Ant(TM) version 1.10.1 compiled on February 2 2017" />
    <property name="ptII.reports" value="/home/travis/build/icyphy/ptII/reports" />
    <property name="env.TRAVIS_STACK_TIMESTAMP" value="2019-03-25 16:16:56 UTC" />
    <property name="ant.file.type.ptII" value="file" />
    <property name="env.RBENV_SHELL" value="bash" />
    <property name="os.name" value="Linux" />
    <property name="java.specification.vendor" value="Oracle Corporation" />
    <property name="env.rvm_version" value="1.29.7 (latest)" />
    <property name="env.TRAVIS_INFRA" value="unknown" />
    <property name="env.TERM" value="xterm" />
    <property name="java.vm.name" value="OpenJDK 64-Bit Server VM" />
    <property name="env.TRAVIS_BUILD_NUMBER" value="1196" />
    <property name="env.CI" value="true" />
    <property name="java.library.path" value="/home/travis/pthla/certi-tools/lib:/usr/lib/jni:/usr/local/share/OpenCV/java/:/usr/share/OpenCV/java::/usr/java/packages/lib:/usr/lib64:/lib64:/lib:/usr/lib" />
    <property name="env.rvm_prefix" value="/home/travis" />
    <property name="env.PATH" value="/home/travis/pthla/certi-tools/share/scripts:/home/travis/.rvm/gems/ruby-2.5.3/bin:/home/travis/.rvm/gems/ruby-2.5.3@global/bin:/home/travis/.rvm/rubies/ruby-2.5.3/bin:/home/travis/.rvm/bin:/home/travis/.nvm/versions/node/v7.10.1/bin:./node_modules/.bin:/home/travis/build/icyphy/ptII/bin:/home/travis/pthla/certi-tools/bin:/home/travis/bin:/home/travis/.local/bin:/usr/local/lib/jvm/openjdk11/bin:/opt/pyenv/shims:/home/travis/.phpenv/shims:/home/travis/perl5/perlbrew/bin:/home/travis/gopath/bin:/home/travis/.gimme/versions/go1.11.1.linux.amd64/bin:/usr/local/maven-3.6.0/bin:/usr/local/cmake-3.12.4/bin:/usr/local/clang-7.0.0/bin:/usr/local/sbin:/usr/local/bin:/usr/sbin:/usr/bin:/sbin:/bin:/snap/bin:/home/travis/.phpenv/bin:/opt/pyenv/bin:/home/travis/.yarn/bin" />
    <property name="env.TRAVIS_OS_NAME" value="linux" />
    <property name="ant.java.version" value="9" />
    <property name="basedir" value="/home/travis/build/icyphy/ptII" />
    <property name="java.class.version" value="55.0" />
    <property name="env.SHLVL" value="3" />
    <property name="env.LD_LIBRARY_PATH" value="/home/travis/pthla/certi-tools/lib:/usr/lib/jni:/usr/local/share/OpenCV/java/:/usr/share/OpenCV/java:" />
    <property name="env.RACK_ENV" value="test" />
    <property name="ant.home" value="/home/travis/build/icyphy/ptII/ant" />
    <property name="env.NVM_DIR" value="/home/travis/.nvm" />
    <property name="env.CERTI_FOM_PATH" value="/home/travis/pthla/certi-tools/share/federations" />
    <property name="env.TRAVIS_BUILD_ID" value="554939431" />
    <property name="env.PYENV_ROOT" value="/opt/pyenv" />
    <property name="env.TRAVIS_UID" value="2000" />
    <property name="env.NVM_BIN" value="/home/travis/.nvm/versions/node/v7.10.1/bin" />
    <property name="env.TRAVIS_COMMIT" value="3871c4168cdf97692a0adaf236ab4dd3b8d46c8b" />
    <property name="env._system_arch" value="x86_64" />
    <property name="node.executable" value="node" />
    <property name="sun.boot.library.path" value="/usr/local/lib/jvm/openjdk11/lib" />
    <property name="sun.management.compiler" value="HotSpot 64-Bit Tiered Compilers" />
    <property name="java.awt.graphicsenv" value="sun.awt.X11GraphicsEnvironment" />
    <property name="env.GOPATH" value="/home/travis/gopath" />
    <property name="ptolemy.ptII.dir" value="/home/travis/build/icyphy/ptII" />
    <property name="env.USER" value="travis" />
    <property name="env.HISTFILESIZE" value="2000" />
    <property name="timeout.longest" value="19000000" />
    <property name="env.PERLBREW_SHELLRC_VERSION" value="0.86" />
    <property name="env.TRAVIS_STACK_FEATURES" value="basic couchdb disabled-ipv6 docker docker-compose elasticsearch firefox go-toolchain google-chrome jdk memcached mongodb mysql nodejs_interpreter perl_interpreter perlbrew phantomjs postgresql python_interpreter redis ruby_interpreter sqlite xserver" />
    <property name="env.TRAVIS_PULL_REQUEST" value="false" />
    <property name="env.PYENV_SHELL" value="bash" />
    <property name="ant.project.name" value="ptII" />
    <property name="env.ANSI_RESET" value="\033[0m" />
    <property name="java.vm.specification.version" value="11" />
    <property name="env.TRAVIS_DIST" value="xenial" />
    <property name="env.CERTI_VERSION" value="4.0.0" />
    <property name="env.CERTI_HOST" value="localhost" />
    <property name="awt.toolkit" value="sun.awt.X11.XToolkit" />
    <property name="env.MY_RUBY_HOME" value="/home/travis/.rvm/rubies/ruby-2.5.3" />
    <property name="sun.cpu.isalist" value="" />
    <property name="env.TRAVIS_TMPDIR" value="/tmp/tmp.EWdu6Qnnca" />
    <property name="java.vm.compressedOopsMode" value="Zero based" />
    <property name="os.version" value="4.15.0-1028-gcp" />
    <property name="user.home" value="/home/travis" />
    <property name="java.vm.vendor" value="Oracle Corporation" />
    <property name="env.TRAVIS_TAG" value="nightly" />
    <property name="env.ANSI_YELLOW" value="\033[33;1m" />
    <property name="env.TRAVIS_FILTERED" value="redirect_io" />
    <property name="env.ANSI_GREEN" value="\033[32;1m" />
    <property name="env.JAVA_HOME" value="/usr/local/lib/jvm/openjdk11" />
    <property name="javadoc.excludepackagenames" value="adm.cvs2svn.*,build.*,config.*,doc.coding.templates.*,jni.test.jni.meaningOfLife.*,jni.test.jni.testDeux.*,jni.test.jni.testTrois.*,org.terraswarm.accessor.accessors.web.node_modules.*,org.terraswarm.accessor.accessors.web.hosts.cordova.demo.*,org.terraswarm.accessor.accessors.web.hosts.cordova.plugins.*,org.terraswarm.accessor.accessors-svn.*,pt-modules.*,ptolemy.apps.agilent.*,ptolemy.apps.anytimecontrol.*,ptolemy.apps.apes.*,ptolemy.apps.charon.*,ptolemy.apps.crazyboard.*,ptolemy.apps.eclipse.*,ptolemy.apps.etherealSting.*,ptolemy.apps.fullscreen.*,ptolemy.apps.giotto.*,ptolemy.apps.ia.*,ptolemy.apps.interfaces.*,ptolemy.apps.jmf.*,ptolemy.apps.kurt.*,ptolemy.apps.kvm.*,ptolemy.apps.lego.*,ptolemy.apps.lejos.*,ptolemy.apps.midp.*,ptolemy.apps.mobileCoding.*,ptolemy.apps.pendulum.*,ptolemy.apps.rijndael.*,ptolemy.apps.robot.*,ptolemy.apps.security.*,ptolemy.apps.sobel.*,ptolemy.apps.soot.*,ptolemy.apps.throttle.*,ptolemy.apps.tini.*,ptolemy.apps.transmission.*,ptolemy.apps.vergil.*,ptolemy.apps.waba.*,ptolemy.apps.websensor.*,ptolemy.apps.webstart.*,ptolemy.apps.xsl.*,ptolemy.apps.zaurus.*,ptolemy.codegen.c.actor.lib.oldJavaFiles.*,ptolemy.codegen.dsp.lib.*,ptolemy.codegen.kernel.newInterfaces.*,ptolemy.codegen.lib.*,ptolemy.copernicus.kernel.fragment.*,ptolemy.copernicus.shallow.cg.*,ptolemy.domains.giotto.demo.Hierarchy.Hierarchy.*,ptolemy.domains.giotto.demo.Multimode.Multimode.*,ptolemy.domains.giotto.demo.Simple.Simple.*,ptolemy.domains.gr.lib.experimental.*,ptolemy.domains.gro.*,ptolemy.domains.pdf.*,ptolemy.domains.ptinyos.demo.Surge.output.*,ptolemy.moml.test.NoPackageActor.java*,ptolemy.plot.adm.*,ptolemy.plot.servlet.*,reports.*,signed.*,src.*,target.*,vendors.*,ptolemy.copernicus.applet.*,ptolemy.media.viewer.*,ptolemy.actor.corba.*,doc.doclets.*,ptolemy.apps.eclipse.awt.*,ptolemy.backtrack.*,ptolemy.backtrack.ast.*,ptolemy.cg.adapter.generic.program.procedural.c.mbed*,ptolemy.homer.*,ptolemy.actor.lib.jjs.modules.audio.*,org.ptolemy.scala.*,diva.util.java2d.svg.*,ptolemy.domains.ptinyos.*,ptolemy.actor.lib.fmi.fmipp.*,,org.terraswarm.accessor.accessors.web.node_modules.*,org.terraswarm.accessor.accessors-svn,ptolemy.apps.*,ptolemy.actor.ptalon.demo.ptinyos.SendAndReceiveCnt.output,ptolemy.actor.ptalon.demo.ptinyos.SenseToLeds.output,ptolemy.domains.ptinyos.demo.CntToLedsAndRfm.output,ptolemy.domains.ptinyos.demo.RfmToLeds.output,ptolemy.domains.ptinyos.demo.SendAndReceiveCnt.output,ptolemy.domains.ptinyos.demo.SenseToLeds.output,ptolemy.actor.lib.jjs.modules.udpSocket.*" />
    <property name="env.PTII" value="/home/travis/build/icyphy/ptII" />
    <property name="env.XDG_SESSION_ID" value="2" />
    <property name="keystore" value="ptKeystore" />
    <property name="env.TRAVIS_COMMIT_MESSAGE" value="Fixed typos in comments" />
    <property name="junit.output.dir" value="/home/travis/build/icyphy/ptII/reports/junit" />
    <property name="npm.return.code" value="0" />
    <property name="user.dir" value="/home/travis/build/icyphy/ptII/ptolemy/actor/lib/test" />
    <property name="env.TRAVIS_NODE_VERSION" value="7" />
    <property name="env.TRAVIS_EVENT_TYPE" value="push" />
    <property name="env.MAIL" value="/var/mail/travis" />
    <property name="env.PERLBREW_ROOT" value="/home/travis/perl5/perlbrew" />
    <property name="env.PWD" value="/home/travis/build/icyphy/ptII" />
    <property name="timeout.npm" value="45000" />
    <property name="env.TRAVIS_ARCH" value="amd64" />
    <property name="sun.cpu.endian" value="little" />
    <property name="env.PAGER" value="cat" />
    <property name="env.TRAVIS_BUILD_STAGE_NAME" value="Test" />
    <property name="env.PERLBREW_HOME" value="/home/travis/.perlbrew" />
    <property name="java.vm.version" value="11.0.2+9" />
    <property name="env.RAILS_ENV" value="test" />
    <property name="java.class.path" value="/home/travis/.ptolemyII:/home/travis/.ptolemyII/*:/home/travis/build/icyphy/ptII:/home/travis/build/icyphy/ptII/lib/bsh-2.0b4.jar:/home/travis/build/icyphy/ptII/lib/ptCal.jar:/home/travis/build/icyphy/ptII/lib/java_cup.jar:/home/travis/build/icyphy/ptII/lib/saxon8.jar:/home/travis/build/icyphy/ptII/lib/saxon8-dom.jar:/home/travis/build/icyphy/ptII/lib/chic.jar:/home/travis/build/icyphy/ptII/lib/ptcolt.jar:/home/travis/build/icyphy/ptII/vendors/misc/itext/iText.jar:/home/travis/build/icyphy/ptII/lib/g4ltl.jar:/home/travis/build/icyphy/ptII/lib/StructuralCoder.jar:/home/travis/build/icyphy/ptII/vendors/jai-1_1_2_01/lib/jai_core.jar:/home/travis/build/icyphy/ptII/vendors/jai-1_1_2_01/lib/jai_codec.jar:/home/travis/build/icyphy/ptII/lib/jcerti.jar:/home/travis/build/icyphy/ptII/lib/javax.mail.jar:/home/travis/build/icyphy/ptII/vendors/JMF-2.1.1e/lib/jmf.jar:/home/travis/build/icyphy/ptII/lib/jna-4.0.0-variadic.jar:/home/travis/build/icyphy/ptII/vendors/misc/joystick/Joystick.jar:/home/travis/build/icyphy/ptII/lib/ptjacl.jar:/home/travis/build/icyphy/ptII/lib/jsoup-1.8.2.jar:/home/travis/build/icyphy/ptII/lib/junit-4.8.2.jar:/home/travis/build/icyphy/ptII/lib/JUnitParams-0.4.0.jar:/home/travis/build/icyphy/ptII/ptolemy/actor/lib/excel/jxl.jar:/home/travis/build/icyphy/ptII/lib/jython.jar:/home/travis/build/icyphy/ptII/lib/kieler.jar:/home/travis/build/icyphy/ptII/vendors/opencv/share/OpenCV/java/opencv-341.jar:/home/travis/build/icyphy/ptII/lib/oscP5.jar:/home/travis/build/icyphy/ptII/lib/nrjavaserial-3.11.0.devel.jar:/home/travis/build/icyphy/ptII/vendors/j3d/lib/j3dcore.jar:/home/travis/build/icyphy/ptII/vendors/j3d/lib/j3dutils.jar:/home/travis/build/icyphy/ptII/vendors/j3d/lib/vecmath.jar:/home/travis/build/icyphy/ptII/ptolemy/distributed/jini/jar/jini-core.jar:/home/travis/build/icyphy/ptII/ptolemy/distributed/jini/jar/jini-ext.jar:/home/travis/build/icyphy/ptII/ptolemy/distributed/jini/jar/sun-util.jar:/home/travis/build/icyphy/ptII/lib/protobuf-java-2.4.1.jar:/home/travis/build/icyphy/ptII/lib/org.eclipse.paho.client.mqttv3.jar:/home/travis/build/icyphy/ptII/lib/mapss.jar:/home/travis/build/icyphy/ptII/ptolemy/actor/ptalon/antlr/antlr.jar:/home/travis/build/icyphy/ptII/lib/JRI.jar:/home/travis/build/icyphy/ptII/lib/commons-lang-2.6.jar:/home/travis/build/icyphy/ptII/lib/commons-logging-1.1.1.jar:/home/travis/build/icyphy/ptII/lib/sootclasses.jar:/home/travis/build/icyphy/ptII/ptolemy/actor/lib/database/mysql-connector-java-5.1.6-bin.jar:/home/travis/build/icyphy/ptII/vendors/misc/sphinx4/sphinx4-data-5prealpha.jar:/home/travis/build/icyphy/ptII/vendors/misc/sphinx4/sphinx4-core-5prealpha.jar:/home/travis/build/icyphy/ptII/lib/PDFRenderer.jar:/home/travis/build/icyphy/ptII/lib/svgSalamander.jar:/home/travis/build/icyphy/ptII/lib/rsyntaxtextarea-2.6.0-SNAPSHOT.jar:/home/travis/build/icyphy/ptII/lib/hazelcast-3.8.2.jar:/home/travis/build/icyphy/ptII/lib/jackson-annotations-2.9.0.jar:/home/travis/build/icyphy/ptII/lib/jackson-core-2.9.3.jar:/home/travis/build/icyphy/ptII/lib/jackson-databind-2.9.3.jar:/home/travis/build/icyphy/ptII/lib/netty-buffer-4.1.19.Final.jar:/home/travis/build/icyphy/ptII/lib/netty-codec-4.1.19.Final.jar:/home/travis/build/icyphy/ptII/lib/netty-codec-dns-4.1.19.Final.jar:/home/travis/build/icyphy/ptII/lib/netty-codec-http-4.1.19.Final.jar:/home/travis/build/icyphy/ptII/lib/netty-codec-http2-4.1.19.Final.jar:/home/travis/build/icyphy/ptII/lib/netty-common-4.1.19.Final.jar:/home/travis/build/icyphy/ptII/lib/netty-handler-4.1.19.Final.jar:/home/travis/build/icyphy/ptII/lib/netty-resolver-4.1.19.Final.jar:/home/travis/build/icyphy/ptII/lib/netty-resolver-dns-4.1.19.Final.jar:/home/travis/build/icyphy/ptII/lib/netty-transport-4.1.19.Final.jar:/home/travis/build/icyphy/ptII/lib/vertx-codegen-3.5.1.jar:/home/travis/build/icyphy/ptII/lib/vertx-core-3.5.2-SNAPSHOT.jar:/home/travis/build/icyphy/ptII/lib/vertx-hazelcast-3.5.1.jar:/home/travis/build/icyphy/ptII/lib/vertx-lang-js-3.5.1.jar:/home/travis/build/icyphy/ptII/lib/vertx-service-proxy-3.5.1.jar:/home/travis/build/icyphy/ptII/lib/vertx-web-3.5.1.jar:/home/travis/build/icyphy/ptII/lib/slf4j-api-1.7.13.jar:/home/travis/build/icyphy/ptII/lib/slf4j-simple-1.7.13.jar:/home/travis/build/icyphy/ptII/lib/webcam-capture-0.3.12.jar:/home/travis/build/icyphy/ptII/lib/bridj-0.7.0.jar:/home/travis/build/icyphy/ptII/lib/xbjlib-1.1.0.nrjavaserial.jar:/home/travis/build/icyphy/ptII/ptolemy/moml/test:/home/travis/build/icyphy/ptII/ant/lib/ant-launcher.jar:/home/travis/build/icyphy/ptII/ant/lib/ant.jar:/home/travis/build/icyphy/ptII/ant/lib/ant-junit.jar:/home/travis/build/icyphy/ptII/ant/lib/ant-junit4.jar" />
    <property name="ant.library.dir" value="/home/travis/build/icyphy/ptII/ant/lib" />
    <property name="os.arch" value="amd64" />
    <property name="env.CONTINUOUS_INTEGRATION" value="true" />
    <property name="env.TRAVIS_LANGUAGE" value="node_js" />
    <property name="env.TRAVIS_STACK_LANGUAGES" value="__sardonyx__ c c++ clojure cplusplus cpp default generic go groovy java node_js php pure_java python ruby scala" />
    <property name="test.name" value="ptolemy.actor.lib.test.junit.JUnitTclTest" />
    <property name="env.APT_KEY_DONT_WARN_ON_DANGEROUS_USAGE" value="1" />
    <property name="sun.java.launcher" value="SUN_STANDARD" />
    <property name="env.PYTHON_CONFIGURE_OPTS" value="--enable-unicode=ucs4 --with-wide-unicode --enable-shared --enable-ipv6 --enable-loadable-sqlite-extensions --with-computed-gotos" />
    <property name="ant.core.lib" value="/home/travis/build/icyphy/ptII/ant/lib/ant.jar" />
    <property name="java.vm.specification.vendor" value="Oracle Corporation" />
    <property name="env.BCVTB_HOME" value="/home/travis/build/icyphy/ptII/lbnl" />
    <property name="file.separator" value="/" />
    <property name="spotbugs.home" value="/home/travis/build/icyphy/ptII/vendors/spotbugs-3.1.1" />
    <property name="java.runtime.version" value="11.0.2+9" />
    <property name="env.ANSI_CLEAR" value="\033[0K" />
    <property name="env.HAS_JOSH_K_SEAL_OF_APPROVAL" value="true" />
    <property name="env.XDG_RUNTIME_DIR" value="/run/user/2000" />
    <property name="env.TRAVIS_OSX_IMAGE" value="" />
    <property name="env.TRAVIS_JOB_ID" value="554939439" />
    <property name="env.TRAVIS_BRANCH" value="master" />
    <property name="user.country" value="US" />
    <property name="env.CERTI_HOME_TRAVIS" value="/home/travis/pthla/certi-tools" />
    <property name="env.SHELL" value="/bin/bash" />
    <property name="java.maxmemory.large" value="5000m" />
    <property name="model" value="" />
    <property name="env.CASHER_DIR" value="/home/travis/.casher" />
    <property name="env.NVM_CD_FLAGS" value="" />
    <property name="java.vendor.version" value="18.9" />
    <property name="jshint.executable" value="/home/travis/node_modules/jshint/bin/jshint" />
    <property name="env.JRUBY_OPTS" value=" --client -J-XX:+TieredCompilation -J-XX:TieredStopAtLevel=1 -J-Xss2m -Xcompile.invokedynamic=false" />
    <property name="java.vendor" value="Oracle Corporation" />
    <property name="env.TRAVIS_PRE_CHEF_BOOTSTRAP_TIME" value="2019-03-25T16:16:42" />
    <property name="env.TRAVIS_STACK_JOB_BOARD_REGISTER" value="/.job-board-register.yml" />
    <property name="env.ANSI_RED" value="\033[31;1m" />
    <property name="java.specification.version" value="11" />
    <property name="env.IRBRC" value="/home/travis/.rvm/rubies/ruby-2.5.3/.irbrc" />
    <property name="env.TRAVIS" value="true" />
    <property name="sun.arch.data.model" value="64" />
  </properties>
  <testcase classname="ptolemy.util.test.junit.TclTests" name="[0] /home/travis/build/icyphy/ptII/ptolemy/actor/lib/test/AbsoluteValue.tcl (RunTclFile)" time="0.652" />
  <testcase classname="ptolemy.util.test.junit.TclTests" name="[1] /home/travis/build/icyphy/ptII/ptolemy/actor/lib/test/AddSubtract.tcl (RunTclFile)" time="0.139" />
  <testcase classname="ptolemy.util.test.junit.TclTests" name="[2] /home/travis/build/icyphy/ptII/ptolemy/actor/lib/test/Average.tcl (RunTclFile)" time="0.074" />
  <testcase classname="ptolemy.util.test.junit.TclTests" name="[3] /home/travis/build/icyphy/ptII/ptolemy/actor/lib/test/Bernoulli.tcl (RunTclFile)" time="0.031" />
  <testcase classname="ptolemy.util.test.junit.TclTests" name="[4] /home/travis/build/icyphy/ptII/ptolemy/actor/lib/test/Clock.tcl (RunTclFile)" time="0.11" />
  <testcase classname="ptolemy.util.test.junit.TclTests" name="[5] /home/travis/build/icyphy/ptII/ptolemy/actor/lib/test/Commutator.tcl (RunTclFile)" time="0.175">
    <failure message="Number of failed tests is has increased. expected:&lt;0&gt; but was:&lt;1&gt;" type="junit.framework.AssertionFailedError">junit.framework.AssertionFailedError: Number of failed tests is has increased. expected:&lt;0&gt; but was:&lt;1&gt;
	at ptolemy.util.test.junit.TclTests.RunTclFile(TclTests.java:286)
	at java.base/jdk.internal.reflect.NativeMethodAccessorImpl.invoke0(Native Method)
	at java.base/jdk.internal.reflect.NativeMethodAccessorImpl.invoke(NativeMethodAccessorImpl.java:62)
	at java.base/jdk.internal.reflect.DelegatingMethodAccessorImpl.invoke(DelegatingMethodAccessorImpl.java:43)
	at junitparams.internal.InvokeParameterisedMethod.evaluate(InvokeParameterisedMethod.java:102)
	at junitparams.internal.ParameterisedTestMethodRunner.runMethodInvoker(ParameterisedTestMethodRunner.java:47)
	at junitparams.internal.ParameterisedTestMethodRunner.runTestMethod(ParameterisedTestMethodRunner.java:41)
	at junitparams.internal.ParameterisedTestClassRunner.runParameterisedTest(ParameterisedTestClassRunner.java:143)
	at junitparams.JUnitParamsRunner.runChild(JUnitParamsRunner.java:237)
	at junitparams.JUnitParamsRunner.runChild(JUnitParamsRunner.java:215)
</failure>
  </testcase>
  <testcase classname="ptolemy.util.test.junit.TclTests" name="[6] /home/travis/build/icyphy/ptII/ptolemy/actor/lib/test/Const.tcl (RunTclFile)" time="0.158" />
  <testcase classname="ptolemy.util.test.junit.TclTests" name="[7] /home/travis/build/icyphy/ptII/ptolemy/actor/lib/test/CurrentTime.tcl (RunTclFile)" time="0.051" />
  <testcase classname="ptolemy.util.test.junit.TclTests" name="[8] /home/travis/build/icyphy/ptII/ptolemy/actor/lib/test/DB.tcl (RunTclFile)" time="0.042" />
  <testcase classname="ptolemy.util.test.junit.TclTests" name="[9] /home/travis/build/icyphy/ptII/ptolemy/actor/lib/test/DiscreteRandomSource.tcl (RunTclFile)" time="0.053" />
  <testcase classname="ptolemy.util.test.junit.TclTests" name="[10] /home/travis/build/icyphy/ptII/ptolemy/actor/lib/test/Distributor.tcl (RunTclFile)" time="0.084" />
  <testcase classname="ptolemy.util.test.junit.TclTests" name="[11] /home/travis/build/icyphy/ptII/ptolemy/actor/lib/test/Exit.tcl (RunTclFile)" time="0.091" />
  <testcase classname="ptolemy.util.test.junit.TclTests" name="[12] /home/travis/build/icyphy/ptII/ptolemy/actor/lib/test/Expression.tcl (RunTclFile)" time="0.152" />
  <testcase classname="ptolemy.util.test.junit.TclTests" name="[13] /home/travis/build/icyphy/ptII/ptolemy/actor/lib/test/Gaussian.tcl (RunTclFile)" time="0.48" />
  <testcase classname="ptolemy.util.test.junit.TclTests" name="[14] /home/travis/build/icyphy/ptII/ptolemy/actor/lib/test/IIR.tcl (RunTclFile)" time="0.045" />
  <testcase classname="ptolemy.util.test.junit.TclTests" name="[15] /home/travis/build/icyphy/ptII/ptolemy/actor/lib/test/Interpolator.tcl (RunTclFile)" time="0.114" />
  <testcase classname="ptolemy.util.test.junit.TclTests" name="[16] /home/travis/build/icyphy/ptII/ptolemy/actor/lib/test/MathFunction.tcl (RunTclFile)" time="0.08" />
  <testcase classname="ptolemy.util.test.junit.TclTests" name="[17] /home/travis/build/icyphy/ptII/ptolemy/actor/lib/test/Maximum.tcl (RunTclFile)" time="0.039" />
  <testcase classname="ptolemy.util.test.junit.TclTests" name="[18] /home/travis/build/icyphy/ptII/ptolemy/actor/lib/test/Minimum.tcl (RunTclFile)" time="0.038" />
  <testcase classname="ptolemy.util.test.junit.TclTests" name="[19] /home/travis/build/icyphy/ptII/ptolemy/actor/lib/test/MultiplyDivide.tcl (RunTclFile)" time="0.038" />
  <testcase classname="ptolemy.util.test.junit.TclTests" name="[20] /home/travis/build/icyphy/ptII/ptolemy/actor/lib/test/OrderedMerge.tcl (RunTclFile)" time="0.117" />
  <testcase classname="ptolemy.util.test.junit.TclTests" name="[21] /home/travis/build/icyphy/ptII/ptolemy/actor/lib/test/Publisher.tcl (RunTclFile)" time="1.027" />
  <testcase classname="ptolemy.util.test.junit.TclTests" name="[22] /home/travis/build/icyphy/ptII/ptolemy/actor/lib/test/Pulse.tcl (RunTclFile)" time="0.08" />
  <testcase classname="ptolemy.util.test.junit.TclTests" name="[23] /home/travis/build/icyphy/ptII/ptolemy/actor/lib/test/Ramp.tcl (RunTclFile)" time="2.37" />
  <testcase classname="ptolemy.util.test.junit.TclTests" name="[24] /home/travis/build/icyphy/ptII/ptolemy/actor/lib/test/RampContinuous.tcl (RunTclFile)" time="0.021" />
  <testcase classname="ptolemy.util.test.junit.TclTests" name="[25] /home/travis/build/icyphy/ptII/ptolemy/actor/lib/test/RecordAssembler.tcl (RunTclFile)" time="0.018" />
  <testcase classname="ptolemy.util.test.junit.TclTests" name="[26] /home/travis/build/icyphy/ptII/ptolemy/actor/lib/test/RecordDisassembler.tcl (RunTclFile)" time="0.023" />
  <testcase classname="ptolemy.util.test.junit.TclTests" name="[27] /home/travis/build/icyphy/ptII/ptolemy/actor/lib/test/Scale.tcl (RunTclFile)" time="0.036" />
  <testcase classname="ptolemy.util.test.junit.TclTests" name="[28] /home/travis/build/icyphy/ptII/ptolemy/actor/lib/test/SequentialClock.tcl (RunTclFile)" time="0.017" />
  <testcase classname="ptolemy.util.test.junit.TclTests" name="[29] /home/travis/build/icyphy/ptII/ptolemy/actor/lib/test/SetVariable.tcl (RunTclFile)" time="0.032">
    <failure message="Number of failed tests is has increased. expected:&lt;1&gt; but was:&lt;2&gt;" type="junit.framework.AssertionFailedError">junit.framework.AssertionFailedError: Number of failed tests is has increased. expected:&lt;1&gt; but was:&lt;2&gt;
	at ptolemy.util.test.junit.TclTests.RunTclFile(TclTests.java:286)
	at jdk.internal.reflect.GeneratedMethodAccessor19.invoke(Unknown Source)
	at java.base/jdk.internal.reflect.DelegatingMethodAccessorImpl.invoke(DelegatingMethodAccessorImpl.java:43)
	at junitparams.internal.InvokeParameterisedMethod.evaluate(InvokeParameterisedMethod.java:102)
	at junitparams.internal.ParameterisedTestMethodRunner.runMethodInvoker(ParameterisedTestMethodRunner.java:47)
	at junitparams.internal.ParameterisedTestMethodRunner.runTestMethod(ParameterisedTestMethodRunner.java:41)
	at junitparams.internal.ParameterisedTestClassRunner.runParameterisedTest(ParameterisedTestClassRunner.java:143)
	at junitparams.JUnitParamsRunner.runChild(JUnitParamsRunner.java:237)
	at junitparams.JUnitParamsRunner.runChild(JUnitParamsRunner.java:215)
</failure>
  </testcase>
  <testcase classname="ptolemy.util.test.junit.TclTests" name="[30] /home/travis/build/icyphy/ptII/ptolemy/actor/lib/test/Sinewave.tcl (RunTclFile)" time="0.062" />
  <testcase classname="ptolemy.util.test.junit.TclTests" name="[31] /home/travis/build/icyphy/ptII/ptolemy/actor/lib/test/SubscriptionAggregator.tcl (RunTclFile)" time="2.405" />
  <testcase classname="ptolemy.util.test.junit.TclTests" name="[32] /home/travis/build/icyphy/ptII/ptolemy/actor/lib/test/Test.tcl (RunTclFile)" time="0.122" />
  <testcase classname="ptolemy.util.test.junit.TclTests" name="[33] /home/travis/build/icyphy/ptII/ptolemy/actor/lib/test/TestExceptionHandler.tcl (RunTclFile)" time="0.015" />
  <testcase classname="ptolemy.util.test.junit.TclTests" name="[34] /home/travis/build/icyphy/ptII/ptolemy/actor/lib/test/UnionDisassembler.tcl (RunTclFile)" time="0.084" />
  <testcase classname="ptolemy.util.test.junit.TclTests" name="[35] /home/travis/build/icyphy/ptII/ptolemy/actor/lib/test/VariableClock.tcl (RunTclFile)" time="0.027" />
  <testcase classname="ptolemy.util.test.junit.AutoKnownFailedTests" name="[0] /home/travis/build/icyphy/ptII/ptolemy/actor/lib/test/auto/knownFailedTests/PublisherPortToplevelSubscriber.xml (RunModel)" time="0.026" />
  <testcase classname="ptolemy.util.test.junit.AutoKnownFailedTests" name="[1] /home/travis/build/icyphy/ptII/ptolemy/actor/lib/test/auto/knownFailedTests/PublisherSubscriberPortToplevel.xml (RunModel)" time="0.099" />
  <testcase classname="ptolemy.util.test.junit.AutoKnownFailedTests" name="[2] /home/travis/build/icyphy/ptII/ptolemy/actor/lib/test/auto/knownFailedTests/PublisherSubscriptionAggregatorPort.xml (RunModel)" time="0.018" />
  <testcase classname="ptolemy.util.test.junit.AutoKnownFailedTests" name="[3] /home/travis/build/icyphy/ptII/ptolemy/actor/lib/test/auto/knownFailedTests/sizedarray3.xml (RunModel)" time="0.043" />
  <testcase classname="ptolemy.util.test.junit.AutoNameArchTests" name="[0] ThereAreNoAutoArchTests (RunModel)" time="0.011" />
  <testcase classname="ptolemy.util.test.junit.AutoTests" name="[0] /home/travis/build/icyphy/ptII/ptolemy/actor/lib/test/auto/AbsoluteValue.xml (RunModel)" time="0.079" />
  <testcase classname="ptolemy.util.test.junit.AutoTests" name="[1] /home/travis/build/icyphy/ptII/ptolemy/actor/lib/test/auto/AbsoluteValue2.xml (RunModel)" time="0.046" />
  <testcase classname="ptolemy.util.test.junit.AutoTests" name="[2] /home/travis/build/icyphy/ptII/ptolemy/actor/lib/test/auto/Accumulator.xml (RunModel)" time="0.051" />
  <testcase classname="ptolemy.util.test.junit.AutoTests" name="[3] /home/travis/build/icyphy/ptII/ptolemy/actor/lib/test/auto/Accumulator2.xml (RunModel)" time="0.048" />
  <testcase classname="ptolemy.util.test.junit.AutoTests" name="[4] /home/travis/build/icyphy/ptII/ptolemy/actor/lib/test/auto/Accumulator3.xml (RunModel)" time="0.038" />
  <testcase classname="ptolemy.util.test.junit.AutoTests" name="[5] /home/travis/build/icyphy/ptII/ptolemy/actor/lib/test/auto/ArrayAppend.xml (RunModel)" time="0.076" />
  <testcase classname="ptolemy.util.test.junit.AutoTests" name="[6] /home/travis/build/icyphy/ptII/ptolemy/actor/lib/test/auto/ArrayAppend2.xml (RunModel)" time="0.388" />
  <testcase classname="ptolemy.util.test.junit.AutoTests" name="[7] /home/travis/build/icyphy/ptII/ptolemy/actor/lib/test/auto/ArrayAppend3.xml (RunModel)" time="0.047" />
  <testcase classname="ptolemy.util.test.junit.AutoTests" name="[8] /home/travis/build/icyphy/ptII/ptolemy/actor/lib/test/auto/ArrayAppend4.xml (RunModel)" time="0.025" />
  <testcase classname="ptolemy.util.test.junit.AutoTests" name="[9] /home/travis/build/icyphy/ptII/ptolemy/actor/lib/test/auto/ArrayAppend5.xml (RunModel)" time="0.017" />
  <testcase classname="ptolemy.util.test.junit.AutoTests" name="[10] /home/travis/build/icyphy/ptII/ptolemy/actor/lib/test/auto/ArrayAppend6.xml (RunModel)" time="0.019" />
  <testcase classname="ptolemy.util.test.junit.AutoTests" name="[11] /home/travis/build/icyphy/ptII/ptolemy/actor/lib/test/auto/ArrayAppendPerformanceTest.xml (RunModel)" time="0.054" />
  <testcase classname="ptolemy.util.test.junit.AutoTests" name="[12] /home/travis/build/icyphy/ptII/ptolemy/actor/lib/test/auto/ArrayAppendWithEmptyInput.xml (RunModel)" time="0.151" />
  <testcase classname="ptolemy.util.test.junit.AutoTests" name="[13] /home/travis/build/icyphy/ptII/ptolemy/actor/lib/test/auto/ArrayAverage.xml (RunModel)" time="0.048" />
  <testcase classname="ptolemy.util.test.junit.AutoTests" name="[14] /home/travis/build/icyphy/ptII/ptolemy/actor/lib/test/auto/ArrayContains.xml (RunModel)" time="0.056" />
  <testcase classname="ptolemy.util.test.junit.AutoTests" name="[15] /home/travis/build/icyphy/ptII/ptolemy/actor/lib/test/auto/ArrayElement.xml (RunModel)" time="0.024" />
  <testcase classname="ptolemy.util.test.junit.AutoTests" name="[16] /home/travis/build/icyphy/ptII/ptolemy/actor/lib/test/auto/ArrayElementAsMatrix.xml (RunModel)" time="0.045" />
  <testcase classname="ptolemy.util.test.junit.AutoTests" name="[17] /home/travis/build/icyphy/ptII/ptolemy/actor/lib/test/auto/ArrayElementI.xml (RunModel)" time="0.025" />
  <testcase classname="ptolemy.util.test.junit.AutoTests" name="[18] /home/travis/build/icyphy/ptII/ptolemy/actor/lib/test/auto/ArrayExtract.xml (RunModel)" time="0.047" />
  <testcase classname="ptolemy.util.test.junit.AutoTests" name="[19] /home/travis/build/icyphy/ptII/ptolemy/actor/lib/test/auto/ArrayExtract2.xml (RunModel)" time="0.026" />
  <testcase classname="ptolemy.util.test.junit.AutoTests" name="[20] /home/travis/build/icyphy/ptII/ptolemy/actor/lib/test/auto/ArrayLength.xml (RunModel)" time="0.023" />
  <testcase classname="ptolemy.util.test.junit.AutoTests" name="[21] /home/travis/build/icyphy/ptII/ptolemy/actor/lib/test/auto/ArrayLevelCrossing.xml (RunModel)" time="0.032" />
  <testcase classname="ptolemy.util.test.junit.AutoTests" name="[22] /home/travis/build/icyphy/ptII/ptolemy/actor/lib/test/auto/ArrayLevelCrossing2.xml (RunModel)" time="0.026" />
  <testcase classname="ptolemy.util.test.junit.AutoTests" name="[23] /home/travis/build/icyphy/ptII/ptolemy/actor/lib/test/auto/ArrayPeakSearch.xml (RunModel)" time="0.042" />
  <testcase classname="ptolemy.util.test.junit.AutoTests" name="[24] /home/travis/build/icyphy/ptII/ptolemy/actor/lib/test/auto/ArrayPeakSearch2.xml (RunModel)" time="0.046" />
  <testcase classname="ptolemy.util.test.junit.AutoTests" name="[25] /home/travis/build/icyphy/ptII/ptolemy/actor/lib/test/auto/ArrayPeakSearch3.xml (RunModel)" time="0.037" />
  <testcase classname="ptolemy.util.test.junit.AutoTests" name="[26] /home/travis/build/icyphy/ptII/ptolemy/actor/lib/test/auto/ArrayRemoveElement.xml (RunModel)" time="0.032" />
  <testcase classname="ptolemy.util.test.junit.AutoTests" name="[27] /home/travis/build/icyphy/ptII/ptolemy/actor/lib/test/auto/ArraySort.xml (RunModel)" time="0.039" />
  <testcase classname="ptolemy.util.test.junit.AutoTests" name="[28] /home/travis/build/icyphy/ptII/ptolemy/actor/lib/test/auto/ArraySum.xml (RunModel)" time="0.02" />
  <testcase classname="ptolemy.util.test.junit.AutoTests" name="[29] /home/travis/build/icyphy/ptII/ptolemy/actor/lib/test/auto/ArrayToElements.xml (RunModel)" time="0.023" />
  <testcase classname="ptolemy.util.test.junit.AutoTests" name="[30] /home/travis/build/icyphy/ptII/ptolemy/actor/lib/test/auto/ArrayToMatrix.xml (RunModel)" time="0.065" />
  <testcase classname="ptolemy.util.test.junit.AutoTests" name="[31] /home/travis/build/icyphy/ptII/ptolemy/actor/lib/test/auto/ArrayUpdate1.xml (RunModel)" time="0.026" />
  <testcase classname="ptolemy.util.test.junit.AutoTests" name="[32] /home/travis/build/icyphy/ptII/ptolemy/actor/lib/test/auto/ArrayUpdate2.xml (RunModel)" time="0.024" />
  <testcase classname="ptolemy.util.test.junit.AutoTests" name="[33] /home/travis/build/icyphy/ptII/ptolemy/actor/lib/test/auto/ArrayUpdate3.xml (RunModel)" time="0.019" />
  <testcase classname="ptolemy.util.test.junit.AutoTests" name="[34] /home/travis/build/icyphy/ptII/ptolemy/actor/lib/test/auto/Assert1.xml (RunModel)" time="0.025" />
  <testcase classname="ptolemy.util.test.junit.AutoTests" name="[35] /home/travis/build/icyphy/ptII/ptolemy/actor/lib/test/auto/Assert2.xml (RunModel)" time="0.012" />
  <testcase classname="ptolemy.util.test.junit.AutoTests" name="[36] /home/travis/build/icyphy/ptII/ptolemy/actor/lib/test/auto/BooleanMultiplexor.xml (RunModel)" time="0.023" />
  <testcase classname="ptolemy.util.test.junit.AutoTests" name="[37] /home/travis/build/icyphy/ptII/ptolemy/actor/lib/test/auto/BooleanMultiplexor2.xml (RunModel)" time="0.031" />
  <testcase classname="ptolemy.util.test.junit.AutoTests" name="[38] /home/travis/build/icyphy/ptII/ptolemy/actor/lib/test/auto/BooleanMultiplexor3.xml (RunModel)" time="0.029" />
  <testcase classname="ptolemy.util.test.junit.AutoTests" name="[39] /home/travis/build/icyphy/ptII/ptolemy/actor/lib/test/auto/BooleanSelect.xml (RunModel)" time="0.034" />
  <testcase classname="ptolemy.util.test.junit.AutoTests" name="[40] /home/travis/build/icyphy/ptII/ptolemy/actor/lib/test/auto/BooleanSelect2.xml (RunModel)" time="0.016" />
  <testcase classname="ptolemy.util.test.junit.AutoTests" name="[41] /home/travis/build/icyphy/ptII/ptolemy/actor/lib/test/auto/BooleanSwitch.xml (RunModel)" time="0.023" />
  <testcase classname="ptolemy.util.test.junit.AutoTests" name="[42] /home/travis/build/icyphy/ptII/ptolemy/actor/lib/test/auto/BooleanSwitch2.xml (RunModel)" time="0.029" />
  <testcase classname="ptolemy.util.test.junit.AutoTests" name="[43] /home/travis/build/icyphy/ptII/ptolemy/actor/lib/test/auto/BooleanSwitchCloningBugWithClassRelationGroup.xml (RunModel)" time="0.04" />
  <testcase classname="ptolemy.util.test.junit.AutoTests" name="[44] /home/travis/build/icyphy/ptII/ptolemy/actor/lib/test/auto/BusActors.xml (RunModel)" time="0.065" />
  <testcase classname="ptolemy.util.test.junit.AutoTests" name="[45] /home/travis/build/icyphy/ptII/ptolemy/actor/lib/test/auto/ClassWrapper.xml (RunModel)" time="0.025" />
  <testcase classname="ptolemy.util.test.junit.AutoTests" name="[46] /home/travis/build/icyphy/ptII/ptolemy/actor/lib/test/auto/Clock.xml (RunModel)" time="0.015" />
  <testcase classname="ptolemy.util.test.junit.AutoTests" name="[47] /home/travis/build/icyphy/ptII/ptolemy/actor/lib/test/auto/Clock10.xml (RunModel)" time="0.023" />
  <testcase classname="ptolemy.util.test.junit.AutoTests" name="[48] /home/travis/build/icyphy/ptII/ptolemy/actor/lib/test/auto/Clock11.xml (RunModel)" time="0.025" />
  <testcase classname="ptolemy.util.test.junit.AutoTests" name="[49] /home/travis/build/icyphy/ptII/ptolemy/actor/lib/test/auto/Clock12.xml (RunModel)" time="0.027" />
  <testcase classname="ptolemy.util.test.junit.AutoTests" name="[50] /home/travis/build/icyphy/ptII/ptolemy/actor/lib/test/auto/Clock13.xml (RunModel)" time="0.024" />
  <testcase classname="ptolemy.util.test.junit.AutoTests" name="[51] /home/travis/build/icyphy/ptII/ptolemy/actor/lib/test/auto/Clock14.xml (RunModel)" time="0.02" />
  <testcase classname="ptolemy.util.test.junit.AutoTests" name="[52] /home/travis/build/icyphy/ptII/ptolemy/actor/lib/test/auto/Clock15.xml (RunModel)" time="0.016" />
  <testcase classname="ptolemy.util.test.junit.AutoTests" name="[53] /home/travis/build/icyphy/ptII/ptolemy/actor/lib/test/auto/Clock16.xml (RunModel)" time="0.098" />
  <testcase classname="ptolemy.util.test.junit.AutoTests" name="[54] /home/travis/build/icyphy/ptII/ptolemy/actor/lib/test/auto/Clock17.xml (RunModel)" time="0.08" />
  <testcase classname="ptolemy.util.test.junit.AutoTests" name="[55] /home/travis/build/icyphy/ptII/ptolemy/actor/lib/test/auto/Clock18.xml (RunModel)" time="0.062" />
  <testcase classname="ptolemy.util.test.junit.AutoTests" name="[56] /home/travis/build/icyphy/ptII/ptolemy/actor/lib/test/auto/Clock19.xml (RunModel)" time="0.052" />
  <testcase classname="ptolemy.util.test.junit.AutoTests" name="[57] /home/travis/build/icyphy/ptII/ptolemy/actor/lib/test/auto/Clock2.xml (RunModel)" time="0.019" />
  <testcase classname="ptolemy.util.test.junit.AutoTests" name="[58] /home/travis/build/icyphy/ptII/ptolemy/actor/lib/test/auto/Clock20.xml (RunModel)" time="0.025" />
  <testcase classname="ptolemy.util.test.junit.AutoTests" name="[59] /home/travis/build/icyphy/ptII/ptolemy/actor/lib/test/auto/Clock21.xml (RunModel)" time="0.024" />
  <testcase classname="ptolemy.util.test.junit.AutoTests" name="[60] /home/travis/build/icyphy/ptII/ptolemy/actor/lib/test/auto/Clock22.xml (RunModel)" time="0.017" />
  <testcase classname="ptolemy.util.test.junit.AutoTests" name="[61] /home/travis/build/icyphy/ptII/ptolemy/actor/lib/test/auto/Clock23.xml (RunModel)" time="0.023" />
  <testcase classname="ptolemy.util.test.junit.AutoTests" name="[62] /home/travis/build/icyphy/ptII/ptolemy/actor/lib/test/auto/Clock24.xml (RunModel)" time="0.016" />
  <testcase classname="ptolemy.util.test.junit.AutoTests" name="[63] /home/travis/build/icyphy/ptII/ptolemy/actor/lib/test/auto/Clock4.xml (RunModel)" time="0.018" />
  <testcase classname="ptolemy.util.test.junit.AutoTests" name="[64] /home/travis/build/icyphy/ptII/ptolemy/actor/lib/test/auto/Clock5.xml (RunModel)" time="0.014" />
  <testcase classname="ptolemy.util.test.junit.AutoTests" name="[65] /home/travis/build/icyphy/ptII/ptolemy/actor/lib/test/auto/Clock6.xml (RunModel)" time="0.016" />
  <testcase classname="ptolemy.util.test.junit.AutoTests" name="[66] /home/travis/build/icyphy/ptII/ptolemy/actor/lib/test/auto/Clock7.xml (RunModel)" time="0.019" />
  <testcase classname="ptolemy.util.test.junit.AutoTests" name="[67] /home/travis/build/icyphy/ptII/ptolemy/actor/lib/test/auto/Clock8.xml (RunModel)" time="0.015" />
  <testcase classname="ptolemy.util.test.junit.AutoTests" name="[68] /home/travis/build/icyphy/ptII/ptolemy/actor/lib/test/auto/Clock9.xml (RunModel)" time="0.018" />
  <testcase classname="ptolemy.util.test.junit.AutoTests" name="[69] /home/travis/build/icyphy/ptII/ptolemy/actor/lib/test/auto/CommDistDiscard.xml (RunModel)" time="0.032" />
  <testcase classname="ptolemy.util.test.junit.AutoTests" name="[70] /home/travis/build/icyphy/ptII/ptolemy/actor/lib/test/auto/Commutator.xml (RunModel)" time="0.016" />
  <testcase classname="ptolemy.util.test.junit.AutoTests" name="[71] /home/travis/build/icyphy/ptII/ptolemy/actor/lib/test/auto/Commutator2.xml (RunModel)" time="0.013" />
  <testcase classname="ptolemy.util.test.junit.AutoTests" name="[72] /home/travis/build/icyphy/ptII/ptolemy/actor/lib/test/auto/Commutator3.xml (RunModel)" time="0.017" />
  <testcase classname="ptolemy.util.test.junit.AutoTests" name="[73] /home/travis/build/icyphy/ptII/ptolemy/actor/lib/test/auto/Compare.xml (RunModel)" time="0.027" />
  <testcase classname="ptolemy.util.test.junit.AutoTests" name="[74] /home/travis/build/icyphy/ptII/ptolemy/actor/lib/test/auto/CompareDE.xml (RunModel)" time="0.027" />
  <testcase classname="ptolemy.util.test.junit.AutoTests" name="[75] /home/travis/build/icyphy/ptII/ptolemy/actor/lib/test/auto/ComplexDivide.xml (RunModel)" time="0.023" />
  <testcase classname="ptolemy.util.test.junit.AutoTests" name="[76] /home/travis/build/icyphy/ptII/ptolemy/actor/lib/test/auto/ComputeHistogram.xml (RunModel)" time="0.086" />
  <testcase classname="ptolemy.util.test.junit.AutoTests" name="[77] /home/travis/build/icyphy/ptII/ptolemy/actor/lib/test/auto/ConfigurationSelect.xml (RunModel)" time="0.028" />
  <testcase classname="ptolemy.util.test.junit.AutoTests" name="[78] /home/travis/build/icyphy/ptII/ptolemy/actor/lib/test/auto/ConfigurationSelect2.xml (RunModel)" time="0.017" />
  <testcase classname="ptolemy.util.test.junit.AutoTests" name="[79] /home/travis/build/icyphy/ptII/ptolemy/actor/lib/test/auto/ConfigurationSwitch.xml (RunModel)" time="0.034" />
  <testcase classname="ptolemy.util.test.junit.AutoTests" name="[80] /home/travis/build/icyphy/ptII/ptolemy/actor/lib/test/auto/ConfigurationSwitch2.xml (RunModel)" time="0.029" />
  <testcase classname="ptolemy.util.test.junit.AutoTests" name="[81] /home/travis/build/icyphy/ptII/ptolemy/actor/lib/test/auto/ConfigurationSwitchCloningBugWithClassRelationGroup.xml (RunModel)" time="0.028" />
  <testcase classname="ptolemy.util.test.junit.AutoTests" name="[82] /home/travis/build/icyphy/ptII/ptolemy/actor/lib/test/auto/ConfigurationSwitchSelectSDF.xml (RunModel)" time="0.024" />
  <testcase classname="ptolemy.util.test.junit.AutoTests" name="[83] /home/travis/build/icyphy/ptII/ptolemy/actor/lib/test/auto/ConfigurationSwitchSelectSDF2.xml (RunModel)" time="0.02" />
  <testcase classname="ptolemy.util.test.junit.AutoTests" name="[84] /home/travis/build/icyphy/ptII/ptolemy/actor/lib/test/auto/Const.xml (RunModel)" time="0.01" />
  <testcase classname="ptolemy.util.test.junit.AutoTests" name="[85] /home/travis/build/icyphy/ptII/ptolemy/actor/lib/test/auto/Const2.xml (RunModel)" time="0.025" />
  <testcase classname="ptolemy.util.test.junit.AutoTests" name="[86] /home/travis/build/icyphy/ptII/ptolemy/actor/lib/test/auto/Const3.xml (RunModel)" time="0.01" />
  <testcase classname="ptolemy.util.test.junit.AutoTests" name="[87] /home/travis/build/icyphy/ptII/ptolemy/actor/lib/test/auto/ConstantPublisherPort1.xml (RunModel)" time="0.026" />
  <testcase classname="ptolemy.util.test.junit.AutoTests" name="[88] /home/travis/build/icyphy/ptII/ptolemy/actor/lib/test/auto/ConstantPublisherPort2.xml (RunModel)" time="0.028" />
  <testcase classname="ptolemy.util.test.junit.AutoTests" name="[89] /home/travis/build/icyphy/ptII/ptolemy/actor/lib/test/auto/ConstantPublisherPort3.xml (RunModel)" time="0.024" />
  <testcase classname="ptolemy.util.test.junit.AutoTests" name="[90] /home/travis/build/icyphy/ptII/ptolemy/actor/lib/test/auto/ConstantPublisherPort4.xml (RunModel)" time="0.017" />
  <testcase classname="ptolemy.util.test.junit.AutoTests" name="[91] /home/travis/build/icyphy/ptII/ptolemy/actor/lib/test/auto/ConstantPublisherPort5.xml (RunModel)" time="0.05" />
  <testcase classname="ptolemy.util.test.junit.AutoTests" name="[92] /home/travis/build/icyphy/ptII/ptolemy/actor/lib/test/auto/ConstantPublisherPort6.xml (RunModel)" time="0.032" />
  <testcase classname="ptolemy.util.test.junit.AutoTests" name="[93] /home/travis/build/icyphy/ptII/ptolemy/actor/lib/test/auto/ConstantPublisherPort7.xml (RunModel)" time="0.036" />
  <testcase classname="ptolemy.util.test.junit.AutoTests" name="[94] /home/travis/build/icyphy/ptII/ptolemy/actor/lib/test/auto/ConstraintMonitor1.xml (RunModel)" time="0.04" />
  <testcase classname="ptolemy.util.test.junit.AutoTests" name="[95] /home/travis/build/icyphy/ptII/ptolemy/actor/lib/test/auto/ConstraintMonitor2.xml (RunModel)" time="0.016" />
  <testcase classname="ptolemy.util.test.junit.AutoTests" name="[96] /home/travis/build/icyphy/ptII/ptolemy/actor/lib/test/auto/ConstraintMonitor3.xml (RunModel)" time="0.022" />
  <testcase classname="ptolemy.util.test.junit.AutoTests" name="[97] /home/travis/build/icyphy/ptII/ptolemy/actor/lib/test/auto/ConstraintMonitor4.xml (RunModel)" time="0.015" />
  <testcase classname="ptolemy.util.test.junit.AutoTests" name="[98] /home/travis/build/icyphy/ptII/ptolemy/actor/lib/test/auto/ConstraintMonitor5.xml (RunModel)" time="0.015" />
  <testcase classname="ptolemy.util.test.junit.AutoTests" name="[99] /home/travis/build/icyphy/ptII/ptolemy/actor/lib/test/auto/ConstraintMonitor6.xml (RunModel)" time="0.024" />
  <testcase classname="ptolemy.util.test.junit.AutoTests" name="[100] /home/travis/build/icyphy/ptII/ptolemy/actor/lib/test/auto/ConstraintMonitor7.xml (RunModel)" time="0.024" />
  <testcase classname="ptolemy.util.test.junit.AutoTests" name="[101] /home/travis/build/icyphy/ptII/ptolemy/actor/lib/test/auto/ConstraintMonitor8.xml (RunModel)" time="0.022" />
  <testcase classname="ptolemy.util.test.junit.AutoTests" name="[102] /home/travis/build/icyphy/ptII/ptolemy/actor/lib/test/auto/Counter.xml (RunModel)" time="0.018" />
  <testcase classname="ptolemy.util.test.junit.AutoTests" name="[103] /home/travis/build/icyphy/ptII/ptolemy/actor/lib/test/auto/CurrentTimeSDF.xml (RunModel)" time="0.013" />
  <testcase classname="ptolemy.util.test.junit.AutoTests" name="[104] /home/travis/build/icyphy/ptII/ptolemy/actor/lib/test/auto/DB.xml (RunModel)" time="0.012" />
  <testcase classname="ptolemy.util.test.junit.AutoTests" name="[105] /home/travis/build/icyphy/ptII/ptolemy/actor/lib/test/auto/DBDE.xml (RunModel)" time="0.017" />
  <testcase classname="ptolemy.util.test.junit.AutoTests" name="[106] /home/travis/build/icyphy/ptII/ptolemy/actor/lib/test/auto/DateConstructor.xml (RunModel)" time="0.075" />
  <testcase classname="ptolemy.util.test.junit.AutoTests" name="[107] /home/travis/build/icyphy/ptII/ptolemy/actor/lib/test/auto/DelayTime.xml (RunModel)" time="0.025" />
  <testcase classname="ptolemy.util.test.junit.AutoTests" name="[108] /home/travis/build/icyphy/ptII/ptolemy/actor/lib/test/auto/Dictionary1.xml (RunModel)" time="0.022" />
  <testcase classname="ptolemy.util.test.junit.AutoTests" name="[109] /home/travis/build/icyphy/ptII/ptolemy/actor/lib/test/auto/Dictionary2.xml (RunModel)" time="0.022" />
  <testcase classname="ptolemy.util.test.junit.AutoTests" name="[110] /home/travis/build/icyphy/ptII/ptolemy/actor/lib/test/auto/Dictionary3.xml (RunModel)" time="0.02" />
  <testcase classname="ptolemy.util.test.junit.AutoTests" name="[111] /home/travis/build/icyphy/ptII/ptolemy/actor/lib/test/auto/Dictionary4.xml (RunModel)" time="0.019" />
  <testcase classname="ptolemy.util.test.junit.AutoTests" name="[112] /home/travis/build/icyphy/ptII/ptolemy/actor/lib/test/auto/Differential.xml (RunModel)" time="0.013" />
  <testcase classname="ptolemy.util.test.junit.AutoTests" name="[113] /home/travis/build/icyphy/ptII/ptolemy/actor/lib/test/auto/Director.xml (RunModel)" time="0.014" />
  <testcase classname="ptolemy.util.test.junit.AutoTests" name="[114] /home/travis/build/icyphy/ptII/ptolemy/actor/lib/test/auto/DiscreteClock.xml (RunModel)" time="0.009" />
  <testcase classname="ptolemy.util.test.junit.AutoTests" name="[115] /home/travis/build/icyphy/ptII/ptolemy/actor/lib/test/auto/DiscreteClock10.xml (RunModel)" time="0.012" />
  <testcase classname="ptolemy.util.test.junit.AutoTests" name="[116] /home/travis/build/icyphy/ptII/ptolemy/actor/lib/test/auto/DiscreteClock11.xml (RunModel)" time="0.012" />
  <testcase classname="ptolemy.util.test.junit.AutoTests" name="[117] /home/travis/build/icyphy/ptII/ptolemy/actor/lib/test/auto/DiscreteClock12.xml (RunModel)" time="0.015" />
  <testcase classname="ptolemy.util.test.junit.AutoTests" name="[118] /home/travis/build/icyphy/ptII/ptolemy/actor/lib/test/auto/DiscreteClock13.xml (RunModel)" time="0.017" />
  <testcase classname="ptolemy.util.test.junit.AutoTests" name="[119] /home/travis/build/icyphy/ptII/ptolemy/actor/lib/test/auto/DiscreteClock14.xml (RunModel)" time="0.016" />
  <testcase classname="ptolemy.util.test.junit.AutoTests" name="[120] /home/travis/build/icyphy/ptII/ptolemy/actor/lib/test/auto/DiscreteClock15.xml (RunModel)" time="0.016" />
  <testcase classname="ptolemy.util.test.junit.AutoTests" name="[121] /home/travis/build/icyphy/ptII/ptolemy/actor/lib/test/auto/DiscreteClock16.xml (RunModel)" time="0.055" />
  <testcase classname="ptolemy.util.test.junit.AutoTests" name="[122] /home/travis/build/icyphy/ptII/ptolemy/actor/lib/test/auto/DiscreteClock17.xml (RunModel)" time="0.049" />
  <testcase classname="ptolemy.util.test.junit.AutoTests" name="[123] /home/travis/build/icyphy/ptII/ptolemy/actor/lib/test/auto/DiscreteClock18.xml (RunModel)" time="0.049" />
  <testcase classname="ptolemy.util.test.junit.AutoTests" name="[124] /home/travis/build/icyphy/ptII/ptolemy/actor/lib/test/auto/DiscreteClock19.xml (RunModel)" time="0.053" />
  <testcase classname="ptolemy.util.test.junit.AutoTests" name="[125] /home/travis/build/icyphy/ptII/ptolemy/actor/lib/test/auto/DiscreteClock2.xml (RunModel)" time="0.01" />
  <testcase classname="ptolemy.util.test.junit.AutoTests" name="[126] /home/travis/build/icyphy/ptII/ptolemy/actor/lib/test/auto/DiscreteClock20.xml (RunModel)" time="0.018" />
  <testcase classname="ptolemy.util.test.junit.AutoTests" name="[127] /home/travis/build/icyphy/ptII/ptolemy/actor/lib/test/auto/DiscreteClock21.xml (RunModel)" time="0.019" />
  <testcase classname="ptolemy.util.test.junit.AutoTests" name="[128] /home/travis/build/icyphy/ptII/ptolemy/actor/lib/test/auto/DiscreteClock22.xml (RunModel)" time="0.018" />
  <testcase classname="ptolemy.util.test.junit.AutoTests" name="[129] /home/travis/build/icyphy/ptII/ptolemy/actor/lib/test/auto/DiscreteClock23.xml (RunModel)" time="0.02" />
  <testcase classname="ptolemy.util.test.junit.AutoTests" name="[130] /home/travis/build/icyphy/ptII/ptolemy/actor/lib/test/auto/DiscreteClock24.xml (RunModel)" time="0.014" />
  <testcase classname="ptolemy.util.test.junit.AutoTests" name="[131] /home/travis/build/icyphy/ptII/ptolemy/actor/lib/test/auto/DiscreteClock4.xml (RunModel)" time="0.019" />
  <testcase classname="ptolemy.util.test.junit.AutoTests" name="[132] /home/travis/build/icyphy/ptII/ptolemy/actor/lib/test/auto/DiscreteClock5.xml (RunModel)" time="0.011" />
  <testcase classname="ptolemy.util.test.junit.AutoTests" name="[133] /home/travis/build/icyphy/ptII/ptolemy/actor/lib/test/auto/DiscreteClock6.xml (RunModel)" time="0.013" />
  <testcase classname="ptolemy.util.test.junit.AutoTests" name="[134] /home/travis/build/icyphy/ptII/ptolemy/actor/lib/test/auto/DiscreteClock7.xml (RunModel)" time="0.012" />
  <testcase classname="ptolemy.util.test.junit.AutoTests" name="[135] /home/travis/build/icyphy/ptII/ptolemy/actor/lib/test/auto/DiscreteClock8.xml (RunModel)" time="0.04" />
  <testcase classname="ptolemy.util.test.junit.AutoTests" name="[136] /home/travis/build/icyphy/ptII/ptolemy/actor/lib/test/auto/DiscreteClock9.xml (RunModel)" time="0.019" />
  <testcase classname="ptolemy.util.test.junit.AutoTests" name="[137] /home/travis/build/icyphy/ptII/ptolemy/actor/lib/test/auto/DisplayArray.xml (RunModel)" time="0.011" />
  <testcase classname="ptolemy.util.test.junit.AutoTests" name="[138] /home/travis/build/icyphy/ptII/ptolemy/actor/lib/test/auto/Distributor.xml (RunModel)" time="0.011" />
  <testcase classname="ptolemy.util.test.junit.AutoTests" name="[139] /home/travis/build/icyphy/ptII/ptolemy/actor/lib/test/auto/Distributor2.xml (RunModel)" time="0.013" />
  <testcase classname="ptolemy.util.test.junit.AutoTests" name="[140] /home/travis/build/icyphy/ptII/ptolemy/actor/lib/test/auto/DownSample.xml (RunModel)" time="0.013" />
  <testcase classname="ptolemy.util.test.junit.AutoTests" name="[141] /home/travis/build/icyphy/ptII/ptolemy/actor/lib/test/auto/ElectronicUnitBase1.xml (RunModel)" time="0.088" />
  <testcase classname="ptolemy.util.test.junit.AutoTests" name="[142] /home/travis/build/icyphy/ptII/ptolemy/actor/lib/test/auto/ElementsToArray.xml (RunModel)" time="0.012" />
  <testcase classname="ptolemy.util.test.junit.AutoTests" name="[143] /home/travis/build/icyphy/ptII/ptolemy/actor/lib/test/auto/Equals.xml (RunModel)" time="0.015" />
  <testcase classname="ptolemy.util.test.junit.AutoTests" name="[144] /home/travis/build/icyphy/ptII/ptolemy/actor/lib/test/auto/Exec.xml (RunModel)" time="0.031" />
  <testcase classname="ptolemy.util.test.junit.AutoTests" name="[145] /home/travis/build/icyphy/ptII/ptolemy/actor/lib/test/auto/ExecEnvironment.xml (RunModel)" time="0.038" />
  <testcase classname="ptolemy.util.test.junit.AutoTests" name="[146] /home/travis/build/icyphy/ptII/ptolemy/actor/lib/test/auto/ExecNonZeroReturnOutput.xml (RunModel)" time="0.219" />
  <testcase classname="ptolemy.util.test.junit.AutoTests" name="[147] /home/travis/build/icyphy/ptII/ptolemy/actor/lib/test/auto/ExecRunDemos.xml (RunModel)" time="10.95">
    <error type="java.lang.reflect.InvocationTargetException">java.lang.reflect.InvocationTargetException
	at jdk.internal.reflect.GeneratedConstructorAccessor36.newInstance(Unknown Source)
	at java.base/jdk.internal.reflect.DelegatingConstructorAccessorImpl.newInstance(DelegatingConstructorAccessorImpl.java:45)
	at java.base/java.lang.reflect.Constructor.newInstance(Constructor.java:490)
	at ptolemy.util.test.junit.AutoTests.RunModel(AutoTests.java:193)
	at jdk.internal.reflect.GeneratedMethodAccessor43.invoke(Unknown Source)
	at java.base/jdk.internal.reflect.DelegatingMethodAccessorImpl.invoke(DelegatingMethodAccessorImpl.java:43)
	at junitparams.internal.InvokeParameterisedMethod.evaluate(InvokeParameterisedMethod.java:102)
Caused by: ptolemy.kernel.util.IllegalActionException: Test fails in iteration 0.
Value was: &quot;WARNING: An illegal reflective access operation has occurred\nWARNING: Illegal reflective access by io.netty.util.internal.ReflectionUtil (file:/home/travis/build/icyphy/ptII/lib/netty-common-4.1.19.Final.jar) to constructor java.nio.DirectByteBuffer(long,int)\nWARNING: Please consider reporting this to the maintainers of io.netty.util.internal.ReflectionUtil\nWARNING: Use --illegal-access=warn to enable warnings of further illegal reflective access operations\nWARNING: All illegal access operations will be denied in a future release\n&quot;. Should have been: &quot;&quot;
  in .ExecRunDemos.Test
	at ptolemy.actor.lib.Test.fire(Test.java:268)
	at ptolemy.actor.AtomicActor.iterate(AtomicActor.java:512)
	at ptolemy.actor.sched.StaticSchedulingDirector.fire(StaticSchedulingDirector.java:216)
	at ptolemy.domains.sdf.kernel.SDFDirector.fire(SDFDirector.java:500)
	at ptolemy.actor.CompositeActor.fire(CompositeActor.java:455)
	at ptolemy.actor.Manager.iterate(Manager.java:851)
	at ptolemy.actor.Manager.execute(Manager.java:369)
	at ptolemy.actor.Manager.run(Manager.java:1263)
	at ptolemy.actor.Manager$PtolemyRunThread.run(Manager.java:1915)
</error>
  </testcase>
  <testcase classname="ptolemy.util.test.junit.AutoTests" name="[148] /home/travis/build/icyphy/ptII/ptolemy/actor/lib/test/auto/ExecStop.xml (RunModel)" time="5.039" />
  <testcase classname="ptolemy.util.test.junit.AutoTests" name="[149] /home/travis/build/icyphy/ptII/ptolemy/actor/lib/test/auto/ExecutionTimeSDF.xml (RunModel)" time="6.045" />
  <testcase classname="ptolemy.util.test.junit.AutoTests" name="[150] /home/travis/build/icyphy/ptII/ptolemy/actor/lib/test/auto/Expression1.xml (RunModel)" time="0.012" />
  <testcase classname="ptolemy.util.test.junit.AutoTests" name="[151] /home/travis/build/icyphy/ptII/ptolemy/actor/lib/test/auto/Expression10.xml (RunModel)" time="0.019" />
  <testcase classname="ptolemy.util.test.junit.AutoTests" name="[152] /home/travis/build/icyphy/ptII/ptolemy/actor/lib/test/auto/Expression11.xml (RunModel)" time="0.012" />
  <testcase classname="ptolemy.util.test.junit.AutoTests" name="[153] /home/travis/build/icyphy/ptII/ptolemy/actor/lib/test/auto/Expression12.xml (RunModel)" time="0.015" />
  <testcase classname="ptolemy.util.test.junit.AutoTests" name="[154] /home/travis/build/icyphy/ptII/ptolemy/actor/lib/test/auto/Expression13.xml (RunModel)" time="0.012" />
  <testcase classname="ptolemy.util.test.junit.AutoTests" name="[155] /home/travis/build/icyphy/ptII/ptolemy/actor/lib/test/auto/Expression14.xml (RunModel)" time="0.024" />
  <testcase classname="ptolemy.util.test.junit.AutoTests" name="[156] /home/travis/build/icyphy/ptII/ptolemy/actor/lib/test/auto/Expression15.xml (RunModel)" time="0.01" />
  <testcase classname="ptolemy.util.test.junit.AutoTests" name="[157] /home/travis/build/icyphy/ptII/ptolemy/actor/lib/test/auto/Expression16.xml (RunModel)" time="0.014" />
  <testcase classname="ptolemy.util.test.junit.AutoTests" name="[158] /home/travis/build/icyphy/ptII/ptolemy/actor/lib/test/auto/Expression17.xml (RunModel)" time="0.014" />
  <testcase classname="ptolemy.util.test.junit.AutoTests" name="[159] /home/travis/build/icyphy/ptII/ptolemy/actor/lib/test/auto/Expression18.xml (RunModel)" time="0.019" />
  <testcase classname="ptolemy.util.test.junit.AutoTests" name="[160] /home/travis/build/icyphy/ptII/ptolemy/actor/lib/test/auto/Expression2.xml (RunModel)" time="0.015" />
  <testcase classname="ptolemy.util.test.junit.AutoTests" name="[161] /home/travis/build/icyphy/ptII/ptolemy/actor/lib/test/auto/Expression3.xml (RunModel)" time="0.015" />
  <testcase classname="ptolemy.util.test.junit.AutoTests" name="[162] /home/travis/build/icyphy/ptII/ptolemy/actor/lib/test/auto/Expression4.xml (RunModel)" time="0.021" />
  <testcase classname="ptolemy.util.test.junit.AutoTests" name="[163] /home/travis/build/icyphy/ptII/ptolemy/actor/lib/test/auto/Expression5.xml (RunModel)" time="0.012" />
  <testcase classname="ptolemy.util.test.junit.AutoTests" name="[164] /home/travis/build/icyphy/ptII/ptolemy/actor/lib/test/auto/Expression6.xml (RunModel)" time="0.015" />
  <testcase classname="ptolemy.util.test.junit.AutoTests" name="[165] /home/travis/build/icyphy/ptII/ptolemy/actor/lib/test/auto/Expression7.xml (RunModel)" time="0.013" />
  <testcase classname="ptolemy.util.test.junit.AutoTests" name="[166] /home/travis/build/icyphy/ptII/ptolemy/actor/lib/test/auto/Expression8.xml (RunModel)" time="0.017" />
  <testcase classname="ptolemy.util.test.junit.AutoTests" name="[167] /home/travis/build/icyphy/ptII/ptolemy/actor/lib/test/auto/Expression9.xml (RunModel)" time="0.011" />
  <testcase classname="ptolemy.util.test.junit.AutoTests" name="[168] /home/travis/build/icyphy/ptII/ptolemy/actor/lib/test/auto/ExpressionConcatenateArrayType.xml (RunModel)" time="0.032" />
  <testcase classname="ptolemy.util.test.junit.AutoTests" name="[169] /home/travis/build/icyphy/ptII/ptolemy/actor/lib/test/auto/ExpressionConcatenateArrayType2.xml (RunModel)" time="0.024" />
  <testcase classname="ptolemy.util.test.junit.AutoTests" name="[170] /home/travis/build/icyphy/ptII/ptolemy/actor/lib/test/auto/ExpressionFix.xml (RunModel)" time="0.046" />
  <testcase classname="ptolemy.util.test.junit.AutoTests" name="[171] /home/travis/build/icyphy/ptII/ptolemy/actor/lib/test/auto/ExpressionFix2.xml (RunModel)" time="0.019" />
  <testcase classname="ptolemy.util.test.junit.AutoTests" name="[172] /home/travis/build/icyphy/ptII/ptolemy/actor/lib/test/auto/ExpressionFix3.xml (RunModel)" time="0.013" />
  <testcase classname="ptolemy.util.test.junit.AutoTests" name="[173] /home/travis/build/icyphy/ptII/ptolemy/actor/lib/test/auto/FileWriter1.xml (RunModel)" time="0.01" />
  <testcase classname="ptolemy.util.test.junit.AutoTests" name="[174] /home/travis/build/icyphy/ptII/ptolemy/actor/lib/test/auto/FileWriter2.xml (RunModel)" time="0.011" />
  <testcase classname="ptolemy.util.test.junit.AutoTests" name="[175] /home/travis/build/icyphy/ptII/ptolemy/actor/lib/test/auto/FileWriter3.xml (RunModel)" time="0.03" />
  <testcase classname="ptolemy.util.test.junit.AutoTests" name="[176] /home/travis/build/icyphy/ptII/ptolemy/actor/lib/test/auto/Gaussian.xml (RunModel)" time="0.016" />
  <testcase classname="ptolemy.util.test.junit.AutoTests" name="[177] /home/travis/build/icyphy/ptII/ptolemy/actor/lib/test/auto/Gaussian1.xml (RunModel)" time="0.014" />
  <testcase classname="ptolemy.util.test.junit.AutoTests" name="[178] /home/travis/build/icyphy/ptII/ptolemy/actor/lib/test/auto/Gaussian2.xml (RunModel)" time="0.019" />
  <testcase classname="ptolemy.util.test.junit.AutoTests" name="[179] /home/travis/build/icyphy/ptII/ptolemy/actor/lib/test/auto/GradientAdaptiveLattice.xml (RunModel)" time="0.025" />
  <testcase classname="ptolemy.util.test.junit.AutoTests" name="[180] /home/travis/build/icyphy/ptII/ptolemy/actor/lib/test/auto/IIR.xml (RunModel)" time="0.016" />
  <testcase classname="ptolemy.util.test.junit.AutoTests" name="[181] /home/travis/build/icyphy/ptII/ptolemy/actor/lib/test/auto/InputOutputTransparentPorts.xml (RunModel)" time="0.02" />
  <testcase classname="ptolemy.util.test.junit.AutoTests" name="[182] /home/travis/build/icyphy/ptII/ptolemy/actor/lib/test/auto/Interpolator.xml (RunModel)" time="0.014" />
  <testcase classname="ptolemy.util.test.junit.AutoTests" name="[183] /home/travis/build/icyphy/ptII/ptolemy/actor/lib/test/auto/InterpolatorFiringLimitDE.xml (RunModel)" time="0.015" />
  <testcase classname="ptolemy.util.test.junit.AutoTests" name="[184] /home/travis/build/icyphy/ptII/ptolemy/actor/lib/test/auto/Lattice.xml (RunModel)" time="0.009" />
  <testcase classname="ptolemy.util.test.junit.AutoTests" name="[185] /home/travis/build/icyphy/ptII/ptolemy/actor/lib/test/auto/LazyAOCTestLazy.xml (RunModel)" time="0.036" />
  <testcase classname="ptolemy.util.test.junit.AutoTests" name="[186] /home/travis/build/icyphy/ptII/ptolemy/actor/lib/test/auto/LazyAOCTestNonLazy.xml (RunModel)" time="0.056" />
  <testcase classname="ptolemy.util.test.junit.AutoTests" name="[187] /home/travis/build/icyphy/ptII/ptolemy/actor/lib/test/auto/LazyInnerClass.xml (RunModel)" time="0.044" />
  <testcase classname="ptolemy.util.test.junit.AutoTests" name="[188] /home/travis/build/icyphy/ptII/ptolemy/actor/lib/test/auto/LazyPubSub.xml (RunModel)" time="0.061" />
  <testcase classname="ptolemy.util.test.junit.AutoTests" name="[189] /home/travis/build/icyphy/ptII/ptolemy/actor/lib/test/auto/LazyPubSub2.xml (RunModel)" time="0.065" />
  <testcase classname="ptolemy.util.test.junit.AutoTests" name="[190] /home/travis/build/icyphy/ptII/ptolemy/actor/lib/test/auto/LazyPubSub3.xml (RunModel)" time="0.032" />
  <testcase classname="ptolemy.util.test.junit.AutoTests" name="[191] /home/travis/build/icyphy/ptII/ptolemy/actor/lib/test/auto/LazySubClassModel.xml (RunModel)" time="0.023" />
  <testcase classname="ptolemy.util.test.junit.AutoTests" name="[192] /home/travis/build/icyphy/ptII/ptolemy/actor/lib/test/auto/LevelCrossTest1.xml (RunModel)" time="0.013" />
  <testcase classname="ptolemy.util.test.junit.AutoTests" name="[193] /home/travis/build/icyphy/ptII/ptolemy/actor/lib/test/auto/LevelCrossTest10.xml (RunModel)" time="0.016" />
  <testcase classname="ptolemy.util.test.junit.AutoTests" name="[194] /home/travis/build/icyphy/ptII/ptolemy/actor/lib/test/auto/LevelCrossTest11.xml (RunModel)" time="0.021" />
  <testcase classname="ptolemy.util.test.junit.AutoTests" name="[195] /home/travis/build/icyphy/ptII/ptolemy/actor/lib/test/auto/LevelCrossTest12.xml (RunModel)" time="0.019" />
  <testcase classname="ptolemy.util.test.junit.AutoTests" name="[196] /home/travis/build/icyphy/ptII/ptolemy/actor/lib/test/auto/LevelCrossTest13.xml (RunModel)" time="0.015" />
  <testcase classname="ptolemy.util.test.junit.AutoTests" name="[197] /home/travis/build/icyphy/ptII/ptolemy/actor/lib/test/auto/LevelCrossTest2.xml (RunModel)" time="0.011" />
  <testcase classname="ptolemy.util.test.junit.AutoTests" name="[198] /home/travis/build/icyphy/ptII/ptolemy/actor/lib/test/auto/LevelCrossTest3.xml (RunModel)" time="0.014" />
  <testcase classname="ptolemy.util.test.junit.AutoTests" name="[199] /home/travis/build/icyphy/ptII/ptolemy/actor/lib/test/auto/LevelCrossTest4.xml (RunModel)" time="0.012" />
  <testcase classname="ptolemy.util.test.junit.AutoTests" name="[200] /home/travis/build/icyphy/ptII/ptolemy/actor/lib/test/auto/LevelCrossTest5.xml (RunModel)" time="0.019" />
  <testcase classname="ptolemy.util.test.junit.AutoTests" name="[201] /home/travis/build/icyphy/ptII/ptolemy/actor/lib/test/auto/LevelCrossTest6.xml (RunModel)" time="0.017" />
  <testcase classname="ptolemy.util.test.junit.AutoTests" name="[202] /home/travis/build/icyphy/ptII/ptolemy/actor/lib/test/auto/LevelCrossTest7.xml (RunModel)" time="0.022" />
  <testcase classname="ptolemy.util.test.junit.AutoTests" name="[203] /home/travis/build/icyphy/ptII/ptolemy/actor/lib/test/auto/LevelCrossTest8.xml (RunModel)" time="0.02" />
  <testcase classname="ptolemy.util.test.junit.AutoTests" name="[204] /home/travis/build/icyphy/ptII/ptolemy/actor/lib/test/auto/LevelCrossTest9.xml (RunModel)" time="0.018" />
  <testcase classname="ptolemy.util.test.junit.AutoTests" name="[205] /home/travis/build/icyphy/ptII/ptolemy/actor/lib/test/auto/LevinsonDurbin.xml (RunModel)" time="0.011" />
  <testcase classname="ptolemy.util.test.junit.AutoTests" name="[206] /home/travis/build/icyphy/ptII/ptolemy/actor/lib/test/auto/LevinsonDurbin2.xml (RunModel)" time="0.011" />
  <testcase classname="ptolemy.util.test.junit.AutoTests" name="[207] /home/travis/build/icyphy/ptII/ptolemy/actor/lib/test/auto/LevinsonDurbin3.xml (RunModel)" time="0.015" />
  <testcase classname="ptolemy.util.test.junit.AutoTests" name="[208] /home/travis/build/icyphy/ptII/ptolemy/actor/lib/test/auto/Limiter.xml (RunModel)" time="0.043" />
  <testcase classname="ptolemy.util.test.junit.AutoTests" name="[209] /home/travis/build/icyphy/ptII/ptolemy/actor/lib/test/auto/LinearDifferenceEquationSystem.xml (RunModel)" time="0.028" />
  <testcase classname="ptolemy.util.test.junit.AutoTests" name="[210] /home/travis/build/icyphy/ptII/ptolemy/actor/lib/test/auto/LookupTable.xml (RunModel)" time="0.03" />
  <testcase classname="ptolemy.util.test.junit.AutoTests" name="[211] /home/travis/build/icyphy/ptII/ptolemy/actor/lib/test/auto/MathFunction.xml (RunModel)" time="0.023" />
  <testcase classname="ptolemy.util.test.junit.AutoTests" name="[212] /home/travis/build/icyphy/ptII/ptolemy/actor/lib/test/auto/MathFunction2.xml (RunModel)" time="0.009" />
  <testcase classname="ptolemy.util.test.junit.AutoTests" name="[213] /home/travis/build/icyphy/ptII/ptolemy/actor/lib/test/auto/MathFunction3.xml (RunModel)" time="0.018" />
  <testcase classname="ptolemy.util.test.junit.AutoTests" name="[214] /home/travis/build/icyphy/ptII/ptolemy/actor/lib/test/auto/MatrixCropBoolean.xml (RunModel)" time="0.012" />
  <testcase classname="ptolemy.util.test.junit.AutoTests" name="[215] /home/travis/build/icyphy/ptII/ptolemy/actor/lib/test/auto/MatrixCropComplex.xml (RunModel)" time="0.011" />
  <testcase classname="ptolemy.util.test.junit.AutoTests" name="[216] /home/travis/build/icyphy/ptII/ptolemy/actor/lib/test/auto/MatrixCropDouble.xml (RunModel)" time="0.009" />
  <testcase classname="ptolemy.util.test.junit.AutoTests" name="[217] /home/travis/build/icyphy/ptII/ptolemy/actor/lib/test/auto/MatrixCropFix.xml (RunModel)" time="0.016" />
  <testcase classname="ptolemy.util.test.junit.AutoTests" name="[218] /home/travis/build/icyphy/ptII/ptolemy/actor/lib/test/auto/MatrixCropInt.xml (RunModel)" time="0.013" />
  <testcase classname="ptolemy.util.test.junit.AutoTests" name="[219] /home/travis/build/icyphy/ptII/ptolemy/actor/lib/test/auto/MatrixCropLong.xml (RunModel)" time="0.01" />
  <testcase classname="ptolemy.util.test.junit.AutoTests" name="[220] /home/travis/build/icyphy/ptII/ptolemy/actor/lib/test/auto/MatrixToArray.xml (RunModel)" time="0.066" />
  <testcase classname="ptolemy.util.test.junit.AutoTests" name="[221] /home/travis/build/icyphy/ptII/ptolemy/actor/lib/test/auto/MaxIndex.xml (RunModel)" time="0.023" />
  <testcase classname="ptolemy.util.test.junit.AutoTests" name="[222] /home/travis/build/icyphy/ptII/ptolemy/actor/lib/test/auto/Maximum.xml (RunModel)" time="0.015" />
  <testcase classname="ptolemy.util.test.junit.AutoTests" name="[223] /home/travis/build/icyphy/ptII/ptolemy/actor/lib/test/auto/MaximumComplex.xml (RunModel)" time="0.015" />
  <testcase classname="ptolemy.util.test.junit.AutoTests" name="[224] /home/travis/build/icyphy/ptII/ptolemy/actor/lib/test/auto/MethodCallTest.xml (RunModel)" time="0.031" />
  <testcase classname="ptolemy.util.test.junit.AutoTests" name="[225] /home/travis/build/icyphy/ptII/ptolemy/actor/lib/test/auto/Minimum.xml (RunModel)" time="0.014" />
  <testcase classname="ptolemy.util.test.junit.AutoTests" name="[226] /home/travis/build/icyphy/ptII/ptolemy/actor/lib/test/auto/MinimumComplex.xml (RunModel)" time="0.027" />
  <testcase classname="ptolemy.util.test.junit.AutoTests" name="[227] /home/travis/build/icyphy/ptII/ptolemy/actor/lib/test/auto/MinimumMultiports.xml (RunModel)" time="0.023" />
  <testcase classname="ptolemy.util.test.junit.AutoTests" name="[228] /home/travis/build/icyphy/ptII/ptolemy/actor/lib/test/auto/ModifyDate.xml (RunModel)" time="0.055" />
  <testcase classname="ptolemy.util.test.junit.AutoTests" name="[229] /home/travis/build/icyphy/ptII/ptolemy/actor/lib/test/auto/ModifyDate2.xml (RunModel)" time="0.047" />
  <testcase classname="ptolemy.util.test.junit.AutoTests" name="[230] /home/travis/build/icyphy/ptII/ptolemy/actor/lib/test/auto/MovingAverage.xml (RunModel)" time="0.013" />
  <testcase classname="ptolemy.util.test.junit.AutoTests" name="[231] /home/travis/build/icyphy/ptII/ptolemy/actor/lib/test/auto/MovingMaximum.xml (RunModel)" time="0.012" />
  <testcase classname="ptolemy.util.test.junit.AutoTests" name="[232] /home/travis/build/icyphy/ptII/ptolemy/actor/lib/test/auto/MultipleLinksToSameRelation.xml (RunModel)" time="0.012" />
  <testcase classname="ptolemy.util.test.junit.AutoTests" name="[233] /home/travis/build/icyphy/ptII/ptolemy/actor/lib/test/auto/MultipleLinksToSameRelationDE.xml (RunModel)" time="0.02" />
  <testcase classname="ptolemy.util.test.junit.AutoTests" name="[234] /home/travis/build/icyphy/ptII/ptolemy/actor/lib/test/auto/Multiplexor.xml (RunModel)" time="0.014" />
  <testcase classname="ptolemy.util.test.junit.AutoTests" name="[235] /home/travis/build/icyphy/ptII/ptolemy/actor/lib/test/auto/Multiplexor1.xml (RunModel)" time="0.016" />
  <testcase classname="ptolemy.util.test.junit.AutoTests" name="[236] /home/travis/build/icyphy/ptII/ptolemy/actor/lib/test/auto/Multiplexor2.xml (RunModel)" time="0.019" />
  <testcase classname="ptolemy.util.test.junit.AutoTests" name="[237] /home/travis/build/icyphy/ptII/ptolemy/actor/lib/test/auto/Multiplexor3.xml (RunModel)" time="0.009" />
  <testcase classname="ptolemy.util.test.junit.AutoTests" name="[238] /home/travis/build/icyphy/ptII/ptolemy/actor/lib/test/auto/MultiplexorDE.xml (RunModel)" time="0.023" />
  <testcase classname="ptolemy.util.test.junit.AutoTests" name="[239] /home/travis/build/icyphy/ptII/ptolemy/actor/lib/test/auto/MultiportBroadcastTest.xml (RunModel)" time="0.103" />
  <testcase classname="ptolemy.util.test.junit.AutoTests" name="[240] /home/travis/build/icyphy/ptII/ptolemy/actor/lib/test/auto/MultiportOutHangDuringGetWidth.xml (RunModel)" time="0.044" />
  <testcase classname="ptolemy.util.test.junit.AutoTests" name="[241] /home/travis/build/icyphy/ptII/ptolemy/actor/lib/test/auto/NilToken.xml (RunModel)" time="0.014" />
  <testcase classname="ptolemy.util.test.junit.AutoTests" name="[242] /home/travis/build/icyphy/ptII/ptolemy/actor/lib/test/auto/NilTokenNonStrictTest.xml (RunModel)" time="0.013" />
  <testcase classname="ptolemy.util.test.junit.AutoTests" name="[243] /home/travis/build/icyphy/ptII/ptolemy/actor/lib/test/auto/NilTokenRecord.xml (RunModel)" time="0.03" />
  <testcase classname="ptolemy.util.test.junit.AutoTests" name="[244] /home/travis/build/icyphy/ptII/ptolemy/actor/lib/test/auto/NilTokenTypeTest.xml (RunModel)" time="0.027" />
  <testcase classname="ptolemy.util.test.junit.AutoTests" name="[245] /home/travis/build/icyphy/ptII/ptolemy/actor/lib/test/auto/ObjectToken1.xml (RunModel)" time="0.012" />
  <testcase classname="ptolemy.util.test.junit.AutoTests" name="[246] /home/travis/build/icyphy/ptII/ptolemy/actor/lib/test/auto/OrderedMerge.xml (RunModel)" time="0.028" />
  <testcase classname="ptolemy.util.test.junit.AutoTests" name="[247] /home/travis/build/icyphy/ptII/ptolemy/actor/lib/test/auto/OrderedRecordDisassembler.xml (RunModel)" time="0.02" />
  <testcase classname="ptolemy.util.test.junit.AutoTests" name="[248] /home/travis/build/icyphy/ptII/ptolemy/actor/lib/test/auto/OrderedRecordDisassembler2.xml (RunModel)" time="0.024" />
  <testcase classname="ptolemy.util.test.junit.AutoTests" name="[249] /home/travis/build/icyphy/ptII/ptolemy/actor/lib/test/auto/OrderedRecordUpdater.xml (RunModel)" time="0.012" />
  <testcase classname="ptolemy.util.test.junit.AutoTests" name="[250] /home/travis/build/icyphy/ptII/ptolemy/actor/lib/test/auto/OrderedRecordUpdater2.xml (RunModel)" time="0.021" />
  <testcase classname="ptolemy.util.test.junit.AutoTests" name="[251] /home/travis/build/icyphy/ptII/ptolemy/actor/lib/test/auto/PhaseUnwrap.xml (RunModel)" time="0.015" />
  <testcase classname="ptolemy.util.test.junit.AutoTests" name="[252] /home/travis/build/icyphy/ptII/ptolemy/actor/lib/test/auto/PoissonClock.xml (RunModel)" time="0.012" />
  <testcase classname="ptolemy.util.test.junit.AutoTests" name="[253] /home/travis/build/icyphy/ptII/ptolemy/actor/lib/test/auto/PoissonClock2.xml (RunModel)" time="0.011" />
  <testcase classname="ptolemy.util.test.junit.AutoTests" name="[254] /home/travis/build/icyphy/ptII/ptolemy/actor/lib/test/auto/PoissonClock3.xml (RunModel)" time="0.022" />
  <testcase classname="ptolemy.util.test.junit.AutoTests" name="[255] /home/travis/build/icyphy/ptII/ptolemy/actor/lib/test/auto/PubSubWithInitialTokens.xml (RunModel)" time="0.013" />
  <testcase classname="ptolemy.util.test.junit.AutoTests" name="[256] /home/travis/build/icyphy/ptII/ptolemy/actor/lib/test/auto/PubSubWithInitialTokens2.xml (RunModel)" time="0.015" />
  <testcase classname="ptolemy.util.test.junit.AutoTests" name="[257] /home/travis/build/icyphy/ptII/ptolemy/actor/lib/test/auto/PublisherClassNoParameter.xml (RunModel)" time="0.027" />
  <testcase classname="ptolemy.util.test.junit.AutoTests" name="[258] /home/travis/build/icyphy/ptII/ptolemy/actor/lib/test/auto/PublisherClassParameter.xml (RunModel)" time="0.026" />
  <testcase classname="ptolemy.util.test.junit.AutoTests" name="[259] /home/travis/build/icyphy/ptII/ptolemy/actor/lib/test/auto/PublisherNonStrictTest.xml (RunModel)" time="0.015" />
  <testcase classname="ptolemy.util.test.junit.AutoTests" name="[260] /home/travis/build/icyphy/ptII/ptolemy/actor/lib/test/auto/PublisherPort1.xml (RunModel)" time="0.01" />
  <testcase classname="ptolemy.util.test.junit.AutoTests" name="[261] /home/travis/build/icyphy/ptII/ptolemy/actor/lib/test/auto/PublisherPort2.xml (RunModel)" time="0.009" />
  <testcase classname="ptolemy.util.test.junit.AutoTests" name="[262] /home/travis/build/icyphy/ptII/ptolemy/actor/lib/test/auto/PublisherPort3.xml (RunModel)" time="0.021" />
  <testcase classname="ptolemy.util.test.junit.AutoTests" name="[263] /home/travis/build/icyphy/ptII/ptolemy/actor/lib/test/auto/PublisherPort4.xml (RunModel)" time="0.019" />
  <testcase classname="ptolemy.util.test.junit.AutoTests" name="[264] /home/travis/build/icyphy/ptII/ptolemy/actor/lib/test/auto/PublisherPort5.xml (RunModel)" time="0.017" />
  <testcase classname="ptolemy.util.test.junit.AutoTests" name="[265] /home/travis/build/icyphy/ptII/ptolemy/actor/lib/test/auto/PublisherPort5LookAlike.xml (RunModel)" time="0.021" />
  <testcase classname="ptolemy.util.test.junit.AutoTests" name="[266] /home/travis/build/icyphy/ptII/ptolemy/actor/lib/test/auto/PublisherPort6.xml (RunModel)" time="0.015" />
  <testcase classname="ptolemy.util.test.junit.AutoTests" name="[267] /home/travis/build/icyphy/ptII/ptolemy/actor/lib/test/auto/PublisherPort7.xml (RunModel)" time="0.022" />
  <testcase classname="ptolemy.util.test.junit.AutoTests" name="[268] /home/travis/build/icyphy/ptII/ptolemy/actor/lib/test/auto/PublisherPort8.xml (RunModel)" time="0.018" />
  <testcase classname="ptolemy.util.test.junit.AutoTests" name="[269] /home/travis/build/icyphy/ptII/ptolemy/actor/lib/test/auto/PublisherPortSubscriberChannelVariablesAOC2.xml (RunModel)" time="0.046" />
  <testcase classname="ptolemy.util.test.junit.AutoTests" name="[270] /home/travis/build/icyphy/ptII/ptolemy/actor/lib/test/auto/PublisherPortSubscriberOpaqueWidthInference.xml (RunModel)" time="0.018" />
  <testcase classname="ptolemy.util.test.junit.AutoTests" name="[271] /home/travis/build/icyphy/ptII/ptolemy/actor/lib/test/auto/PublisherPortSubscriberPortAdjacent.xml (RunModel)" time="0.019" />
  <testcase classname="ptolemy.util.test.junit.AutoTests" name="[272] /home/travis/build/icyphy/ptII/ptolemy/actor/lib/test/auto/PublisherPortSubscriberPortExpression.xml (RunModel)" time="0.021" />
  <testcase classname="ptolemy.util.test.junit.AutoTests" name="[273] /home/travis/build/icyphy/ptII/ptolemy/actor/lib/test/auto/PublisherPortSubscriberPortOpaqueD3Reverse.xml (RunModel)" time="0.038" />
  <testcase classname="ptolemy.util.test.junit.AutoTests" name="[274] /home/travis/build/icyphy/ptII/ptolemy/actor/lib/test/auto/PublisherPortSubscriberPortOpaqueWidthInference.xml (RunModel)" time="0.017" />
  <testcase classname="ptolemy.util.test.junit.AutoTests" name="[275] /home/travis/build/icyphy/ptII/ptolemy/actor/lib/test/auto/PublisherPortToplevelSubscriberPortAOC.xml (RunModel)" time="0.014" />
  <testcase classname="ptolemy.util.test.junit.AutoTests" name="[276] /home/travis/build/icyphy/ptII/ptolemy/actor/lib/test/auto/PublisherSubscriber.xml (RunModel)" time="0.016" />
  <testcase classname="ptolemy.util.test.junit.AutoTests" name="[277] /home/travis/build/icyphy/ptII/ptolemy/actor/lib/test/auto/PublisherSubscriber10.xml (RunModel)" time="0.037" />
  <testcase classname="ptolemy.util.test.junit.AutoTests" name="[278] /home/travis/build/icyphy/ptII/ptolemy/actor/lib/test/auto/PublisherSubscriber10InitialOutputs.xml (RunModel)" time="0.035" />
  <testcase classname="ptolemy.util.test.junit.AutoTests" name="[279] /home/travis/build/icyphy/ptII/ptolemy/actor/lib/test/auto/PublisherSubscriber11.xml (RunModel)" time="0.019" />
  <testcase classname="ptolemy.util.test.junit.AutoTests" name="[280] /home/travis/build/icyphy/ptII/ptolemy/actor/lib/test/auto/PublisherSubscriber12.xml (RunModel)" time="0.036" />
  <testcase classname="ptolemy.util.test.junit.AutoTests" name="[281] /home/travis/build/icyphy/ptII/ptolemy/actor/lib/test/auto/PublisherSubscriber13.xml (RunModel)" time="0.011" />
  <testcase classname="ptolemy.util.test.junit.AutoTests" name="[282] /home/travis/build/icyphy/ptII/ptolemy/actor/lib/test/auto/PublisherSubscriber14.xml (RunModel)" time="0.028" />
  <testcase classname="ptolemy.util.test.junit.AutoTests" name="[283] /home/travis/build/icyphy/ptII/ptolemy/actor/lib/test/auto/PublisherSubscriber2.xml (RunModel)" time="0.011" />
  <testcase classname="ptolemy.util.test.junit.AutoTests" name="[284] /home/travis/build/icyphy/ptII/ptolemy/actor/lib/test/auto/PublisherSubscriber3.xml (RunModel)" time="0.011" />
  <testcase classname="ptolemy.util.test.junit.AutoTests" name="[285] /home/travis/build/icyphy/ptII/ptolemy/actor/lib/test/auto/PublisherSubscriber4.xml (RunModel)" time="0.011" />
  <testcase classname="ptolemy.util.test.junit.AutoTests" name="[286] /home/travis/build/icyphy/ptII/ptolemy/actor/lib/test/auto/PublisherSubscriber5.xml (RunModel)" time="0.014" />
  <testcase classname="ptolemy.util.test.junit.AutoTests" name="[287] /home/travis/build/icyphy/ptII/ptolemy/actor/lib/test/auto/PublisherSubscriber6.xml (RunModel)" time="0.019" />
  <testcase classname="ptolemy.util.test.junit.AutoTests" name="[288] /home/travis/build/icyphy/ptII/ptolemy/actor/lib/test/auto/PublisherSubscriber7.xml (RunModel)" time="0.02" />
  <testcase classname="ptolemy.util.test.junit.AutoTests" name="[289] /home/travis/build/icyphy/ptII/ptolemy/actor/lib/test/auto/PublisherSubscriber8.xml (RunModel)" time="0.031" />
  <testcase classname="ptolemy.util.test.junit.AutoTests" name="[290] /home/travis/build/icyphy/ptII/ptolemy/actor/lib/test/auto/PublisherSubscriber9.xml (RunModel)" time="0.022" />
  <testcase classname="ptolemy.util.test.junit.AutoTests" name="[291] /home/travis/build/icyphy/ptII/ptolemy/actor/lib/test/auto/PublisherSubscriberAdjacent.xml (RunModel)" time="0.019" />
  <testcase classname="ptolemy.util.test.junit.AutoTests" name="[292] /home/travis/build/icyphy/ptII/ptolemy/actor/lib/test/auto/PublisherSubscriberChannelVariablesAOC2.xml (RunModel)" time="0.037" />
  <testcase classname="ptolemy.util.test.junit.AutoTests" name="[293] /home/travis/build/icyphy/ptII/ptolemy/actor/lib/test/auto/PublisherSubscriberD3.xml (RunModel)" time="0.014" />
  <testcase classname="ptolemy.util.test.junit.AutoTests" name="[294] /home/travis/build/icyphy/ptII/ptolemy/actor/lib/test/auto/PublisherSubscriberD3Reverse.xml (RunModel)" time="0.012" />
  <testcase classname="ptolemy.util.test.junit.AutoTests" name="[295] /home/travis/build/icyphy/ptII/ptolemy/actor/lib/test/auto/PublisherSubscriberExpression.xml (RunModel)" time="0.02" />
  <testcase classname="ptolemy.util.test.junit.AutoTests" name="[296] /home/travis/build/icyphy/ptII/ptolemy/actor/lib/test/auto/PublisherSubscriberOpaque.xml (RunModel)" time="0.016" />
  <testcase classname="ptolemy.util.test.junit.AutoTests" name="[297] /home/travis/build/icyphy/ptII/ptolemy/actor/lib/test/auto/PublisherSubscriberOpaqueD3.xml (RunModel)" time="0.023" />
  <testcase classname="ptolemy.util.test.junit.AutoTests" name="[298] /home/travis/build/icyphy/ptII/ptolemy/actor/lib/test/auto/PublisherSubscriberOpaqueD3Reverse.xml (RunModel)" time="0.023" />
  <testcase classname="ptolemy.util.test.junit.AutoTests" name="[299] /home/travis/build/icyphy/ptII/ptolemy/actor/lib/test/auto/PublisherSubscriberOpaqueWidthInference.xml (RunModel)" time="0.019" />
  <testcase classname="ptolemy.util.test.junit.AutoTests" name="[300] /home/travis/build/icyphy/ptII/ptolemy/actor/lib/test/auto/PublisherTestSubscriber.xml (RunModel)" time="0.017" />
  <testcase classname="ptolemy.util.test.junit.AutoTests" name="[301] /home/travis/build/icyphy/ptII/ptolemy/actor/lib/test/auto/PublisherToplevelSubscriberPortAOC.xml (RunModel)" time="0.012" />
  <testcase classname="ptolemy.util.test.junit.AutoTests" name="[302] /home/travis/build/icyphy/ptII/ptolemy/actor/lib/test/auto/PulseFiringLimitDE.xml (RunModel)" time="0.016" />
  <testcase classname="ptolemy.util.test.junit.AutoTests" name="[303] /home/travis/build/icyphy/ptII/ptolemy/actor/lib/test/auto/Ramp1.xml (RunModel)" time="0.009" />
  <testcase classname="ptolemy.util.test.junit.AutoTests" name="[304] /home/travis/build/icyphy/ptII/ptolemy/actor/lib/test/auto/RampFiringLimitDE.xml (RunModel)" time="0.012" />
  <testcase classname="ptolemy.util.test.junit.AutoTests" name="[305] /home/travis/build/icyphy/ptII/ptolemy/actor/lib/test/auto/RampFiringLimitSDF.xml (RunModel)" time="0.011" />
  <testcase classname="ptolemy.util.test.junit.AutoTests" name="[306] /home/travis/build/icyphy/ptII/ptolemy/actor/lib/test/auto/RandomInteger.xml (RunModel)" time="0.011" />
  <testcase classname="ptolemy.util.test.junit.AutoTests" name="[307] /home/travis/build/icyphy/ptII/ptolemy/actor/lib/test/auto/ReadFile1.xml (RunModel)" time="0.009" />
  <testcase classname="ptolemy.util.test.junit.AutoTests" name="[308] /home/travis/build/icyphy/ptII/ptolemy/actor/lib/test/auto/ReadFile2.xml (RunModel)" time="0.01" />
  <testcase classname="ptolemy.util.test.junit.AutoTests" name="[309] /home/travis/build/icyphy/ptII/ptolemy/actor/lib/test/auto/Reader.xml (RunModel)" time="0.014" />
  <testcase classname="ptolemy.util.test.junit.AutoTests" name="[310] /home/travis/build/icyphy/ptII/ptolemy/actor/lib/test/auto/RecordAssemblerDisplayNameTest.xml (RunModel)" time="3.332" />
  <testcase classname="ptolemy.util.test.junit.AutoTests" name="[311] /home/travis/build/icyphy/ptII/ptolemy/actor/lib/test/auto/RecordAssemblerTypeError.xml (RunModel)" time="0.042" />
  <testcase classname="ptolemy.util.test.junit.AutoTests" name="[312] /home/travis/build/icyphy/ptII/ptolemy/actor/lib/test/auto/RecordDisassember.xml (RunModel)" time="0.017" />
  <testcase classname="ptolemy.util.test.junit.AutoTests" name="[313] /home/travis/build/icyphy/ptII/ptolemy/actor/lib/test/auto/RecordDisassemberDisplayNameTest.xml (RunModel)" time="0.032" />
  <testcase classname="ptolemy.util.test.junit.AutoTests" name="[314] /home/travis/build/icyphy/ptII/ptolemy/actor/lib/test/auto/RecordDisassembler.xml (RunModel)" time="0.012" />
  <testcase classname="ptolemy.util.test.junit.AutoTests" name="[315] /home/travis/build/icyphy/ptII/ptolemy/actor/lib/test/auto/RecordDisassembler2.xml (RunModel)" time="0.012" />
  <testcase classname="ptolemy.util.test.junit.AutoTests" name="[316] /home/travis/build/icyphy/ptII/ptolemy/actor/lib/test/auto/RecordUpdater.xml (RunModel)" time="0.011" />
  <testcase classname="ptolemy.util.test.junit.AutoTests" name="[317] /home/travis/build/icyphy/ptII/ptolemy/actor/lib/test/auto/RecordUpdater2.xml (RunModel)" time="0.01" />
  <testcase classname="ptolemy.util.test.junit.AutoTests" name="[318] /home/travis/build/icyphy/ptII/ptolemy/actor/lib/test/auto/RecursiveLattice.xml (RunModel)" time="0.012" />
  <testcase classname="ptolemy.util.test.junit.AutoTests" name="[319] /home/travis/build/icyphy/ptII/ptolemy/actor/lib/test/auto/Router.xml (RunModel)" time="3.028" />
  <testcase classname="ptolemy.util.test.junit.AutoTests" name="[320] /home/travis/build/icyphy/ptII/ptolemy/actor/lib/test/auto/Router2.xml (RunModel)" time="3.034" />
  <testcase classname="ptolemy.util.test.junit.AutoTests" name="[321] /home/travis/build/icyphy/ptII/ptolemy/actor/lib/test/auto/RunningMaximum.xml (RunModel)" time="0.02" />
  <testcase classname="ptolemy.util.test.junit.AutoTests" name="[322] /home/travis/build/icyphy/ptII/ptolemy/actor/lib/test/auto/RunningMinimum.xml (RunModel)" time="0.026" />
  <testcase classname="ptolemy.util.test.junit.AutoTests" name="[323] /home/travis/build/icyphy/ptII/ptolemy/actor/lib/test/auto/Scale.xml (RunModel)" time="0.009" />
  <testcase classname="ptolemy.util.test.junit.AutoTests" name="[324] /home/travis/build/icyphy/ptII/ptolemy/actor/lib/test/auto/Scale2.xml (RunModel)" time="0.011" />
  <testcase classname="ptolemy.util.test.junit.AutoTests" name="[325] /home/travis/build/icyphy/ptII/ptolemy/actor/lib/test/auto/Scale3.xml (RunModel)" time="0.02" />
  <testcase classname="ptolemy.util.test.junit.AutoTests" name="[326] /home/travis/build/icyphy/ptII/ptolemy/actor/lib/test/auto/ScaleArray.xml (RunModel)" time="0.009" />
  <testcase classname="ptolemy.util.test.junit.AutoTests" name="[327] /home/travis/build/icyphy/ptII/ptolemy/actor/lib/test/auto/ScaleArray2.xml (RunModel)" time="0.017" />
  <testcase classname="ptolemy.util.test.junit.AutoTests" name="[328] /home/travis/build/icyphy/ptII/ptolemy/actor/lib/test/auto/ScaleMatrix.xml (RunModel)" time="0.169" />
  <testcase classname="ptolemy.util.test.junit.AutoTests" name="[329] /home/travis/build/icyphy/ptII/ptolemy/actor/lib/test/auto/Select.xml (RunModel)" time="0.017" />
  <testcase classname="ptolemy.util.test.junit.AutoTests" name="[330] /home/travis/build/icyphy/ptII/ptolemy/actor/lib/test/auto/Select2.xml (RunModel)" time="0.01" />
  <testcase classname="ptolemy.util.test.junit.AutoTests" name="[331] /home/travis/build/icyphy/ptII/ptolemy/actor/lib/test/auto/SequenceToArray2.xml (RunModel)" time="0.153" />
  <testcase classname="ptolemy.util.test.junit.AutoTests" name="[332] /home/travis/build/icyphy/ptII/ptolemy/actor/lib/test/auto/SequentialClock.xml (RunModel)" time="0.009" />
  <testcase classname="ptolemy.util.test.junit.AutoTests" name="[333] /home/travis/build/icyphy/ptII/ptolemy/actor/lib/test/auto/SetVariable.xml (RunModel)" time="0.013" />
  <testcase classname="ptolemy.util.test.junit.AutoTests" name="[334] /home/travis/build/icyphy/ptII/ptolemy/actor/lib/test/auto/SetVariable2.xml (RunModel)" time="0.013" />
  <testcase classname="ptolemy.util.test.junit.AutoTests" name="[335] /home/travis/build/icyphy/ptII/ptolemy/actor/lib/test/auto/SetVariable3.xml (RunModel)" time="0.019" />
  <testcase classname="ptolemy.util.test.junit.AutoTests" name="[336] /home/travis/build/icyphy/ptII/ptolemy/actor/lib/test/auto/SetVariable4.xml (RunModel)" time="0.031" />
  <testcase classname="ptolemy.util.test.junit.AutoTests" name="[337] /home/travis/build/icyphy/ptII/ptolemy/actor/lib/test/auto/SetVariable5.xml (RunModel)" time="0.039" />
  <testcase classname="ptolemy.util.test.junit.AutoTests" name="[338] /home/travis/build/icyphy/ptII/ptolemy/actor/lib/test/auto/Sinewave.xml (RunModel)" time="0.028" />
  <testcase classname="ptolemy.util.test.junit.AutoTests" name="[339] /home/travis/build/icyphy/ptII/ptolemy/actor/lib/test/auto/Sinewave2.xml (RunModel)" time="0.022" />
  <testcase classname="ptolemy.util.test.junit.AutoTests" name="[340] /home/travis/build/icyphy/ptII/ptolemy/actor/lib/test/auto/Sinewave3.xml (RunModel)" time="0.026" />
  <testcase classname="ptolemy.util.test.junit.AutoTests" name="[341] /home/travis/build/icyphy/ptII/ptolemy/actor/lib/test/auto/SingleEvent.xml (RunModel)" time="0.008" />
  <testcase classname="ptolemy.util.test.junit.AutoTests" name="[342] /home/travis/build/icyphy/ptII/ptolemy/actor/lib/test/auto/Sleep.xml (RunModel)" time="6.016" />
  <testcase classname="ptolemy.util.test.junit.AutoTests" name="[343] /home/travis/build/icyphy/ptII/ptolemy/actor/lib/test/auto/SleepMultipleFire.xml (RunModel)" time="1.022" />
  <testcase classname="ptolemy.util.test.junit.AutoTests" name="[344] /home/travis/build/icyphy/ptII/ptolemy/actor/lib/test/auto/StopDE.xml (RunModel)" time="0.022" />
  <testcase classname="ptolemy.util.test.junit.AutoTests" name="[345] /home/travis/build/icyphy/ptII/ptolemy/actor/lib/test/auto/StopSDF.xml (RunModel)" time="0.025" />
  <testcase classname="ptolemy.util.test.junit.AutoTests" name="[346] /home/travis/build/icyphy/ptII/ptolemy/actor/lib/test/auto/StringConstant.xml (RunModel)" time="0.021" />
  <testcase classname="ptolemy.util.test.junit.AutoTests" name="[347] /home/travis/build/icyphy/ptII/ptolemy/actor/lib/test/auto/SubscriberPortInitialValues1.xml (RunModel)" time="0.031" />
  <testcase classname="ptolemy.util.test.junit.AutoTests" name="[348] /home/travis/build/icyphy/ptII/ptolemy/actor/lib/test/auto/SubscriberPortInitialValues13.xml (RunModel)" time="0.032" />
  <testcase classname="ptolemy.util.test.junit.AutoTests" name="[349] /home/travis/build/icyphy/ptII/ptolemy/actor/lib/test/auto/SubscriberPortInitialValues14.xml (RunModel)" time="0.018" />
  <testcase classname="ptolemy.util.test.junit.AutoTests" name="[350] /home/travis/build/icyphy/ptII/ptolemy/actor/lib/test/auto/SubscriberPortInitialValues2.xml (RunModel)" time="0.019" />
  <testcase classname="ptolemy.util.test.junit.AutoTests" name="[351] /home/travis/build/icyphy/ptII/ptolemy/actor/lib/test/auto/SubscriberPortInitialValues3.xml (RunModel)" time="0.021" />
  <testcase classname="ptolemy.util.test.junit.AutoTests" name="[352] /home/travis/build/icyphy/ptII/ptolemy/actor/lib/test/auto/SubscriptionAggregator.xml (RunModel)" time="0.015" />
  <testcase classname="ptolemy.util.test.junit.AutoTests" name="[353] /home/travis/build/icyphy/ptII/ptolemy/actor/lib/test/auto/SubscriptionAggregator2.xml (RunModel)" time="0.014" />
  <testcase classname="ptolemy.util.test.junit.AutoTests" name="[354] /home/travis/build/icyphy/ptII/ptolemy/actor/lib/test/auto/SubscriptionAggregator3.xml (RunModel)" time="0.018" />
  <testcase classname="ptolemy.util.test.junit.AutoTests" name="[355] /home/travis/build/icyphy/ptII/ptolemy/actor/lib/test/auto/SubscriptionAggregatorMultiply.xml (RunModel)" time="0.025" />
  <testcase classname="ptolemy.util.test.junit.AutoTests" name="[356] /home/travis/build/icyphy/ptII/ptolemy/actor/lib/test/auto/SubscriptionAggregatorPortMultiply1.xml (RunModel)" time="0.021" />
  <testcase classname="ptolemy.util.test.junit.AutoTests" name="[357] /home/travis/build/icyphy/ptII/ptolemy/actor/lib/test/auto/Switch.xml (RunModel)" time="0.018" />
  <testcase classname="ptolemy.util.test.junit.AutoTests" name="[358] /home/travis/build/icyphy/ptII/ptolemy/actor/lib/test/auto/Switch2.xml (RunModel)" time="0.015" />
  <testcase classname="ptolemy.util.test.junit.AutoTests" name="[359] /home/travis/build/icyphy/ptII/ptolemy/actor/lib/test/auto/SwitchDE.xml (RunModel)" time="0.018" />
  <testcase classname="ptolemy.util.test.junit.AutoTests" name="[360] /home/travis/build/icyphy/ptII/ptolemy/actor/lib/test/auto/SynchronizerDE.xml (RunModel)" time="0.025" />
  <testcase classname="ptolemy.util.test.junit.AutoTests" name="[361] /home/travis/build/icyphy/ptII/ptolemy/actor/lib/test/auto/Test.xml (RunModel)" time="0.02" />
  <testcase classname="ptolemy.util.test.junit.AutoTests" name="[362] /home/travis/build/icyphy/ptII/ptolemy/actor/lib/test/auto/TestExceptionAttribute1.xml (RunModel)" time="0.009" />
  <testcase classname="ptolemy.util.test.junit.AutoTests" name="[363] /home/travis/build/icyphy/ptII/ptolemy/actor/lib/test/auto/TestExceptionAttribute2.xml (RunModel)" time="0.014" />
  <testcase classname="ptolemy.util.test.junit.AutoTests" name="[364] /home/travis/build/icyphy/ptII/ptolemy/actor/lib/test/auto/TestExceptionAttribute3.xml (RunModel)" time="0.008" />
  <testcase classname="ptolemy.util.test.junit.AutoTests" name="[365] /home/travis/build/icyphy/ptII/ptolemy/actor/lib/test/auto/TestExceptionAttribute4.xml (RunModel)" time="0.008" />
  <testcase classname="ptolemy.util.test.junit.AutoTests" name="[366] /home/travis/build/icyphy/ptII/ptolemy/actor/lib/test/auto/TestExceptionHandler1.xml (RunModel)" time="0.013" />
  <testcase classname="ptolemy.util.test.junit.AutoTests" name="[367] /home/travis/build/icyphy/ptII/ptolemy/actor/lib/test/auto/TestExceptionHandler2.xml (RunModel)" time="0.016" />
  <testcase classname="ptolemy.util.test.junit.AutoTests" name="[368] /home/travis/build/icyphy/ptII/ptolemy/actor/lib/test/auto/TestExceptionHandler3.xml (RunModel)" time="0.006" />
  <testcase classname="ptolemy.util.test.junit.AutoTests" name="[369] /home/travis/build/icyphy/ptII/ptolemy/actor/lib/test/auto/TestExceptionHandler4.xml (RunModel)" time="0.007" />
  <testcase classname="ptolemy.util.test.junit.AutoTests" name="[370] /home/travis/build/icyphy/ptII/ptolemy/actor/lib/test/auto/TestRequireCorrectOrder.xml (RunModel)" time="0.012" />
  <testcase classname="ptolemy.util.test.junit.AutoTests" name="[371] /home/travis/build/icyphy/ptII/ptolemy/actor/lib/test/auto/TestSimple.xml (RunModel)" time="0.012" />
  <testcase classname="ptolemy.util.test.junit.AutoTests" name="[372] /home/travis/build/icyphy/ptII/ptolemy/actor/lib/test/auto/ThrowModelError.xml (RunModel)" time="0.013" />
  <testcase classname="ptolemy.util.test.junit.AutoTests" name="[373] /home/travis/build/icyphy/ptII/ptolemy/actor/lib/test/auto/TimeDelayMicrosteps.xml (RunModel)" time="0.016" />
  <testcase classname="ptolemy.util.test.junit.AutoTests" name="[374] /home/travis/build/icyphy/ptII/ptolemy/actor/lib/test/auto/TimeDelayMicrosteps2.xml (RunModel)" time="0.018" />
  <testcase classname="ptolemy.util.test.junit.AutoTests" name="[375] /home/travis/build/icyphy/ptII/ptolemy/actor/lib/test/auto/TimeDelayMicrosteps3.xml (RunModel)" time="0.013" />
  <testcase classname="ptolemy.util.test.junit.AutoTests" name="[376] /home/travis/build/icyphy/ptII/ptolemy/actor/lib/test/auto/TimeDelayVariableMicrosteps.xml (RunModel)" time="0.014" />
  <testcase classname="ptolemy.util.test.junit.AutoTests" name="[377] /home/travis/build/icyphy/ptII/ptolemy/actor/lib/test/auto/TimeGap.xml (RunModel)" time="0.018" />
  <testcase classname="ptolemy.util.test.junit.AutoTests" name="[378] /home/travis/build/icyphy/ptII/ptolemy/actor/lib/test/auto/TimeGap2.xml (RunModel)" time="0.012" />
  <testcase classname="ptolemy.util.test.junit.AutoTests" name="[379] /home/travis/build/icyphy/ptII/ptolemy/actor/lib/test/auto/TimedSinewave.xml (RunModel)" time="0.069" />
  <testcase classname="ptolemy.util.test.junit.AutoTests" name="[380] /home/travis/build/icyphy/ptII/ptolemy/actor/lib/test/auto/TimedSinewavePhase.xml (RunModel)" time="0.044" />
  <testcase classname="ptolemy.util.test.junit.AutoTests" name="[381] /home/travis/build/icyphy/ptII/ptolemy/actor/lib/test/auto/Timer.xml (RunModel)" time="0.019" />
  <testcase classname="ptolemy.util.test.junit.AutoTests" name="[382] /home/travis/build/icyphy/ptII/ptolemy/actor/lib/test/auto/TriangularDistTestModel.xml (RunModel)" time="0.018" />
  <testcase classname="ptolemy.util.test.junit.AutoTests" name="[383] /home/travis/build/icyphy/ptII/ptolemy/actor/lib/test/auto/TrigFunction.xml (RunModel)" time="0.013" />
  <testcase classname="ptolemy.util.test.junit.AutoTests" name="[384] /home/travis/build/icyphy/ptII/ptolemy/actor/lib/test/auto/TrigFunctionDE.xml (RunModel)" time="0.013" />
  <testcase classname="ptolemy.util.test.junit.AutoTests" name="[385] /home/travis/build/icyphy/ptII/ptolemy/actor/lib/test/auto/TrigFunctionInverse.xml (RunModel)" time="0.011" />
  <testcase classname="ptolemy.util.test.junit.AutoTests" name="[386] /home/travis/build/icyphy/ptII/ptolemy/actor/lib/test/auto/TrigFunctionTan.xml (RunModel)" time="0.011" />
  <testcase classname="ptolemy.util.test.junit.AutoTests" name="[387] /home/travis/build/icyphy/ptII/ptolemy/actor/lib/test/auto/TriggeredClock.xml (RunModel)" time="0.009" />
  <testcase classname="ptolemy.util.test.junit.AutoTests" name="[388] /home/travis/build/icyphy/ptII/ptolemy/actor/lib/test/auto/URLDirectoryReader.xml (RunModel)" time="0.16" />
  <testcase classname="ptolemy.util.test.junit.AutoTests" name="[389] /home/travis/build/icyphy/ptII/ptolemy/actor/lib/test/auto/URLDirectoryReader3.xml (RunModel)" time="1.395" />
  <testcase classname="ptolemy.util.test.junit.AutoTests" name="[390] /home/travis/build/icyphy/ptII/ptolemy/actor/lib/test/auto/UnaryMathFunction.xml (RunModel)" time="0.033" />
  <testcase classname="ptolemy.util.test.junit.AutoTests" name="[391] /home/travis/build/icyphy/ptII/ptolemy/actor/lib/test/auto/Uniform.xml (RunModel)" time="0.017" />
  <testcase classname="ptolemy.util.test.junit.AutoTests" name="[392] /home/travis/build/icyphy/ptII/ptolemy/actor/lib/test/auto/UnionDisassemblerTest.xml (RunModel)" time="0.017" />
  <testcase classname="ptolemy.util.test.junit.AutoTests" name="[393] /home/travis/build/icyphy/ptII/ptolemy/actor/lib/test/auto/UtilityFunctions.xml (RunModel)" time="0.01" />
  <testcase classname="ptolemy.util.test.junit.AutoTests" name="[394] /home/travis/build/icyphy/ptII/ptolemy/actor/lib/test/auto/VariableSleep.xml (RunModel)" time="0.513" />
  <testcase classname="ptolemy.util.test.junit.AutoTests" name="[395] /home/travis/build/icyphy/ptII/ptolemy/actor/lib/test/auto/VectorAssemblerDisassemblerCT.xml (RunModel)" time="0.134" />
  <testcase classname="ptolemy.util.test.junit.AutoTests" name="[396] /home/travis/build/icyphy/ptII/ptolemy/actor/lib/test/auto/VectorAssemblerDisassemblerDE.xml (RunModel)" time="0.016" />
  <testcase classname="ptolemy.util.test.junit.AutoTests" name="[397] /home/travis/build/icyphy/ptII/ptolemy/actor/lib/test/auto/VectorAssemblerDisassemblerSDF.xml (RunModel)" time="0.015" />
  <testcase classname="ptolemy.util.test.junit.AutoTests" name="[398] /home/travis/build/icyphy/ptII/ptolemy/actor/lib/test/auto/WallClockTime.xml (RunModel)" time="1.02" />
  <testcase classname="ptolemy.util.test.junit.AutoTests" name="[399] /home/travis/build/icyphy/ptII/ptolemy/actor/lib/test/auto/WidthTestWithSubscriberPublisher.xml (RunModel)" time="0.044" />
  <testcase classname="ptolemy.util.test.junit.AutoTests" name="[400] /home/travis/build/icyphy/ptII/ptolemy/actor/lib/test/auto/WidthTestWithSubscriberPublisher2.xml (RunModel)" time="0.019" />
  <testcase classname="ptolemy.util.test.junit.AutoTests" name="[401] /home/travis/build/icyphy/ptII/ptolemy/actor/lib/test/auto/WidthTestWithSubscriberPublisher3.xml (RunModel)" time="0.013" />
  <testcase classname="ptolemy.util.test.junit.AutoTests" name="[402] /home/travis/build/icyphy/ptII/ptolemy/actor/lib/test/auto/Writer.xml (RunModel)" time="0.009" />
  <testcase classname="ptolemy.util.test.junit.AutoTests" name="[403] /home/travis/build/icyphy/ptII/ptolemy/actor/lib/test/auto/array.xml (RunModel)" time="0.016" />
  <testcase classname="ptolemy.util.test.junit.AutoTests" name="[404] /home/travis/build/icyphy/ptII/ptolemy/actor/lib/test/auto/array2.xml (RunModel)" time="0.027" />
  <testcase classname="ptolemy.util.test.junit.AutoTests" name="[405] /home/travis/build/icyphy/ptII/ptolemy/actor/lib/test/auto/arrayType.xml (RunModel)" time="0.01" />
  <testcase classname="ptolemy.util.test.junit.AutoTests" name="[406] /home/travis/build/icyphy/ptII/ptolemy/actor/lib/test/auto/arrayType10.xml (RunModel)" time="0.01" />
  <testcase classname="ptolemy.util.test.junit.AutoTests" name="[407] /home/travis/build/icyphy/ptII/ptolemy/actor/lib/test/auto/arrayType11.xml (RunModel)" time="0.011" />
  <testcase classname="ptolemy.util.test.junit.AutoTests" name="[408] /home/travis/build/icyphy/ptII/ptolemy/actor/lib/test/auto/arrayType12.xml (RunModel)" time="0.01" />
  <testcase classname="ptolemy.util.test.junit.AutoTests" name="[409] /home/travis/build/icyphy/ptII/ptolemy/actor/lib/test/auto/arrayType13.xml (RunModel)" time="0.011" />
  <testcase classname="ptolemy.util.test.junit.AutoTests" name="[410] /home/travis/build/icyphy/ptII/ptolemy/actor/lib/test/auto/arrayType14.xml (RunModel)" time="0.012" />
  <testcase classname="ptolemy.util.test.junit.AutoTests" name="[411] /home/travis/build/icyphy/ptII/ptolemy/actor/lib/test/auto/arrayType15.xml (RunModel)" time="0.01" />
  <testcase classname="ptolemy.util.test.junit.AutoTests" name="[412] /home/travis/build/icyphy/ptII/ptolemy/actor/lib/test/auto/arrayType16.xml (RunModel)" time="0.011" />
  <testcase classname="ptolemy.util.test.junit.AutoTests" name="[413] /home/travis/build/icyphy/ptII/ptolemy/actor/lib/test/auto/arrayType17.xml (RunModel)" time="0.014" />
  <testcase classname="ptolemy.util.test.junit.AutoTests" name="[414] /home/travis/build/icyphy/ptII/ptolemy/actor/lib/test/auto/arrayType18.xml (RunModel)" time="0.009" />
  <testcase classname="ptolemy.util.test.junit.AutoTests" name="[415] /home/travis/build/icyphy/ptII/ptolemy/actor/lib/test/auto/arrayType19.xml (RunModel)" time="0.01" />
  <testcase classname="ptolemy.util.test.junit.AutoTests" name="[416] /home/travis/build/icyphy/ptII/ptolemy/actor/lib/test/auto/arrayType2.xml (RunModel)" time="0.012" />
  <testcase classname="ptolemy.util.test.junit.AutoTests" name="[417] /home/travis/build/icyphy/ptII/ptolemy/actor/lib/test/auto/arrayType20.xml (RunModel)" time="0.01" />
  <testcase classname="ptolemy.util.test.junit.AutoTests" name="[418] /home/travis/build/icyphy/ptII/ptolemy/actor/lib/test/auto/arrayType21.xml (RunModel)" time="0.01" />
  <testcase classname="ptolemy.util.test.junit.AutoTests" name="[419] /home/travis/build/icyphy/ptII/ptolemy/actor/lib/test/auto/arrayType22.xml (RunModel)" time="0.009" />
  <testcase classname="ptolemy.util.test.junit.AutoTests" name="[420] /home/travis/build/icyphy/ptII/ptolemy/actor/lib/test/auto/arrayType23.xml (RunModel)" time="0.01" />
  <testcase classname="ptolemy.util.test.junit.AutoTests" name="[421] /home/travis/build/icyphy/ptII/ptolemy/actor/lib/test/auto/arrayType24.xml (RunModel)" time="0.011" />
  <testcase classname="ptolemy.util.test.junit.AutoTests" name="[422] /home/travis/build/icyphy/ptII/ptolemy/actor/lib/test/auto/arrayType25.xml (RunModel)" time="0.01" />
  <testcase classname="ptolemy.util.test.junit.AutoTests" name="[423] /home/travis/build/icyphy/ptII/ptolemy/actor/lib/test/auto/arrayType26.xml (RunModel)" time="0.01" />
  <testcase classname="ptolemy.util.test.junit.AutoTests" name="[424] /home/travis/build/icyphy/ptII/ptolemy/actor/lib/test/auto/arrayType27.xml (RunModel)" time="0.01" />
  <testcase classname="ptolemy.util.test.junit.AutoTests" name="[425] /home/travis/build/icyphy/ptII/ptolemy/actor/lib/test/auto/arrayType28.xml (RunModel)" time="0.011" />
  <testcase classname="ptolemy.util.test.junit.AutoTests" name="[426] /home/travis/build/icyphy/ptII/ptolemy/actor/lib/test/auto/arrayType3.xml (RunModel)" time="0.014" />
  <testcase classname="ptolemy.util.test.junit.AutoTests" name="[427] /home/travis/build/icyphy/ptII/ptolemy/actor/lib/test/auto/arrayType4.xml (RunModel)" time="0.01" />
  <testcase classname="ptolemy.util.test.junit.AutoTests" name="[428] /home/travis/build/icyphy/ptII/ptolemy/actor/lib/test/auto/arrayType5.xml (RunModel)" time="0.009" />
  <testcase classname="ptolemy.util.test.junit.AutoTests" name="[429] /home/travis/build/icyphy/ptII/ptolemy/actor/lib/test/auto/arrayType6.xml (RunModel)" time="0.01" />
  <testcase classname="ptolemy.util.test.junit.AutoTests" name="[430] /home/travis/build/icyphy/ptII/ptolemy/actor/lib/test/auto/arrayType7.xml (RunModel)" time="0.009" />
  <testcase classname="ptolemy.util.test.junit.AutoTests" name="[431] /home/travis/build/icyphy/ptII/ptolemy/actor/lib/test/auto/arrayType8.xml (RunModel)" time="0.015" />
  <testcase classname="ptolemy.util.test.junit.AutoTests" name="[432] /home/travis/build/icyphy/ptII/ptolemy/actor/lib/test/auto/arrayType9.xml (RunModel)" time="0.023" />
  <testcase classname="ptolemy.util.test.junit.AutoTests" name="[433] /home/travis/build/icyphy/ptII/ptolemy/actor/lib/test/auto/cast.xml (RunModel)" time="0.01" />
  <testcase classname="ptolemy.util.test.junit.AutoTests" name="[434] /home/travis/build/icyphy/ptII/ptolemy/actor/lib/test/auto/compositeMultiPort.xml (RunModel)" time="0.018" />
  <testcase classname="ptolemy.util.test.junit.AutoTests" name="[435] /home/travis/build/icyphy/ptII/ptolemy/actor/lib/test/auto/expressionCastInference.xml (RunModel)" time="0.01" />
  <testcase classname="ptolemy.util.test.junit.AutoTests" name="[436] /home/travis/build/icyphy/ptII/ptolemy/actor/lib/test/auto/expressionCastInference2.xml (RunModel)" time="0.012" />
  <testcase classname="ptolemy.util.test.junit.AutoTests" name="[437] /home/travis/build/icyphy/ptII/ptolemy/actor/lib/test/auto/expressionInference.xml (RunModel)" time="0.009" />
  <testcase classname="ptolemy.util.test.junit.AutoTests" name="[438] /home/travis/build/icyphy/ptII/ptolemy/actor/lib/test/auto/expression_bug.xml (RunModel)" time="0.008" />
  <testcase classname="ptolemy.util.test.junit.AutoTests" name="[439] /home/travis/build/icyphy/ptII/ptolemy/actor/lib/test/auto/factorial.xml (RunModel)" time="0.052" />
  <testcase classname="ptolemy.util.test.junit.AutoTests" name="[440] /home/travis/build/icyphy/ptII/ptolemy/actor/lib/test/auto/filterTest1.xml (RunModel)" time="0.014" />
  <testcase classname="ptolemy.util.test.junit.AutoTests" name="[441] /home/travis/build/icyphy/ptII/ptolemy/actor/lib/test/auto/funcApplyInConst.xml (RunModel)" time="0.007" />
  <testcase classname="ptolemy.util.test.junit.AutoTests" name="[442] /home/travis/build/icyphy/ptII/ptolemy/actor/lib/test/auto/funcApplyInExpr.xml (RunModel)" time="0.007" />
  <testcase classname="ptolemy.util.test.junit.AutoTests" name="[443] /home/travis/build/icyphy/ptII/ptolemy/actor/lib/test/auto/function.xml (RunModel)" time="0.011" />
  <testcase classname="ptolemy.util.test.junit.AutoTests" name="[444] /home/travis/build/icyphy/ptII/ptolemy/actor/lib/test/auto/function2.xml (RunModel)" time="0.01" />
  <testcase classname="ptolemy.util.test.junit.AutoTests" name="[445] /home/travis/build/icyphy/ptII/ptolemy/actor/lib/test/auto/function3.xml (RunModel)" time="0.009" />
  <testcase classname="ptolemy.util.test.junit.AutoTests" name="[446] /home/travis/build/icyphy/ptII/ptolemy/actor/lib/test/auto/functionClosureTest1.xml (RunModel)" time="0.011" />
  <testcase classname="ptolemy.util.test.junit.AutoTests" name="[447] /home/travis/build/icyphy/ptII/ptolemy/actor/lib/test/auto/functionClosureTest2.xml (RunModel)" time="0.009" />
  <testcase classname="ptolemy.util.test.junit.AutoTests" name="[448] /home/travis/build/icyphy/ptII/ptolemy/actor/lib/test/auto/functionClosureTest3.xml (RunModel)" time="0.011" />
  <testcase classname="ptolemy.util.test.junit.AutoTests" name="[449] /home/travis/build/icyphy/ptII/ptolemy/actor/lib/test/auto/functionClosureTest4.xml (RunModel)" time="0.017" />
  <testcase classname="ptolemy.util.test.junit.AutoTests" name="[450] /home/travis/build/icyphy/ptII/ptolemy/actor/lib/test/auto/functionClosureTest5.xml (RunModel)" time="0.012" />
  <testcase classname="ptolemy.util.test.junit.AutoTests" name="[451] /home/travis/build/icyphy/ptII/ptolemy/actor/lib/test/auto/functionClosureTest6.xml (RunModel)" time="0.038" />
  <testcase classname="ptolemy.util.test.junit.AutoTests" name="[452] /home/travis/build/icyphy/ptII/ptolemy/actor/lib/test/auto/functionsOnArcs.xml (RunModel)" time="0.036" />
  <testcase classname="ptolemy.util.test.junit.AutoTests" name="[453] /home/travis/build/icyphy/ptII/ptolemy/actor/lib/test/auto/functionsOnArcsHOF.xml (RunModel)" time="0.046" />
  <testcase classname="ptolemy.util.test.junit.AutoTests" name="[454] /home/travis/build/icyphy/ptII/ptolemy/actor/lib/test/auto/logic.xml (RunModel)" time="0.073" />
  <testcase classname="ptolemy.util.test.junit.AutoTests" name="[455] /home/travis/build/icyphy/ptII/ptolemy/actor/lib/test/auto/matrixType.xml (RunModel)" time="0.031" />
  <testcase classname="ptolemy.util.test.junit.AutoTests" name="[456] /home/travis/build/icyphy/ptII/ptolemy/actor/lib/test/auto/matrixType10.xml (RunModel)" time="0.031" />
  <testcase classname="ptolemy.util.test.junit.AutoTests" name="[457] /home/travis/build/icyphy/ptII/ptolemy/actor/lib/test/auto/matrixType11.xml (RunModel)" time="0.025" />
  <testcase classname="ptolemy.util.test.junit.AutoTests" name="[458] /home/travis/build/icyphy/ptII/ptolemy/actor/lib/test/auto/matrixType12.xml (RunModel)" time="0.012" />
  <testcase classname="ptolemy.util.test.junit.AutoTests" name="[459] /home/travis/build/icyphy/ptII/ptolemy/actor/lib/test/auto/matrixType13.xml (RunModel)" time="0.01" />
  <testcase classname="ptolemy.util.test.junit.AutoTests" name="[460] /home/travis/build/icyphy/ptII/ptolemy/actor/lib/test/auto/matrixType14.xml (RunModel)" time="0.011" />
  <testcase classname="ptolemy.util.test.junit.AutoTests" name="[461] /home/travis/build/icyphy/ptII/ptolemy/actor/lib/test/auto/matrixType2.xml (RunModel)" time="0.011" />
  <testcase classname="ptolemy.util.test.junit.AutoTests" name="[462] /home/travis/build/icyphy/ptII/ptolemy/actor/lib/test/auto/matrixType3.xml (RunModel)" time="0.012" />
  <testcase classname="ptolemy.util.test.junit.AutoTests" name="[463] /home/travis/build/icyphy/ptII/ptolemy/actor/lib/test/auto/matrixType4.xml (RunModel)" time="0.01" />
  <testcase classname="ptolemy.util.test.junit.AutoTests" name="[464] /home/travis/build/icyphy/ptII/ptolemy/actor/lib/test/auto/matrixType5.xml (RunModel)" time="0.009" />
  <testcase classname="ptolemy.util.test.junit.AutoTests" name="[465] /home/travis/build/icyphy/ptII/ptolemy/actor/lib/test/auto/matrixType6.xml (RunModel)" time="0.01" />
  <testcase classname="ptolemy.util.test.junit.AutoTests" name="[466] /home/travis/build/icyphy/ptII/ptolemy/actor/lib/test/auto/matrixType7.xml (RunModel)" time="0.011" />
  <testcase classname="ptolemy.util.test.junit.AutoTests" name="[467] /home/travis/build/icyphy/ptII/ptolemy/actor/lib/test/auto/matrixType8.xml (RunModel)" time="0.009" />
  <testcase classname="ptolemy.util.test.junit.AutoTests" name="[468] /home/travis/build/icyphy/ptII/ptolemy/actor/lib/test/auto/matrixType9.xml (RunModel)" time="0.01" />
  <testcase classname="ptolemy.util.test.junit.AutoTests" name="[469] /home/travis/build/icyphy/ptII/ptolemy/actor/lib/test/auto/paraFunctest.xml (RunModel)" time="0.008" />
  <testcase classname="ptolemy.util.test.junit.AutoTests" name="[470] /home/travis/build/icyphy/ptII/ptolemy/actor/lib/test/auto/paraFunctest2.xml (RunModel)" time="0.01" />
  <testcase classname="ptolemy.util.test.junit.AutoTests" name="[471] /home/travis/build/icyphy/ptII/ptolemy/actor/lib/test/auto/parameterPassing.xml (RunModel)" time="0.009" />
  <testcase classname="ptolemy.util.test.junit.AutoTests" name="[472] /home/travis/build/icyphy/ptII/ptolemy/actor/lib/test/auto/record.xml (RunModel)" time="0.013" />
  <testcase classname="ptolemy.util.test.junit.AutoTests" name="[473] /home/travis/build/icyphy/ptII/ptolemy/actor/lib/test/auto/sizedarray1.xml (RunModel)" time="0.012" />
  <testcase classname="ptolemy.util.test.junit.AutoTests" name="[474] /home/travis/build/icyphy/ptII/ptolemy/actor/lib/test/auto/sizedarray2.xml (RunModel)" time="0.012" />
  <testcase classname="ptolemy.util.test.junit.AutoTests" name="[475] /home/travis/build/icyphy/ptII/ptolemy/actor/lib/test/auto/twoPublishers.xml (RunModel)" time="0.026" />
  <system-out><![CDATA[/home/travis/build/icyphy/ptII/ptolemy/actor/lib/test/AbsoluteValue.tcl
testDefs.tcl: setting time out to 9000 seconds at Sat Jul 06 06:38:29 UTC 2019
115 ms. Memory: 120832K Free: 100345K (83%)
8 ms. Memory: 120832K Free: 98442K (81%)
5 ms. Memory: 120832K Free: 97704K (81%)
11 ms. Memory: 120832K Free: 96957K (80%)
/home/travis/build/icyphy/ptII/ptolemy/actor/lib/test/AddSubtract.tcl
9 ms. Memory: 120832K Free: 107634K (89%)
5 ms. Memory: 120832K Free: 107034K (89%)
5 ms. Memory: 120832K Free: 106156K (88%)
8 ms. Memory: 120832K Free: 105163K (87%)
59 ms. Memory: 120832K Free: 102514K (85%)
7 ms. Memory: 120832K Free: 101468K (84%)
/home/travis/build/icyphy/ptII/ptolemy/actor/lib/test/Average.tcl
12 ms. Memory: 120832K Free: 99998K (83%)
15 ms. Memory: 120832K Free: 98842K (82%)
/home/travis/build/icyphy/ptII/ptolemy/actor/lib/test/Bernoulli.tcl
5 ms. Memory: 120832K Free: 96918K (80%)
5 ms. Memory: 120832K Free: 96918K (80%)
/home/travis/build/icyphy/ptII/ptolemy/actor/lib/test/Clock.tcl
preinitializing
resolving types
initializing
executing number 1
wrapping up
idle
37 ms. Memory: 120832K Free: 93898K (78%)
Completed execution with 5 iterations
preinitializing
resolving types
initializing
executing number 1
wrapping up
idle
8 ms. Memory: 120832K Free: 93284K (77%)
Completed execution with 5 iterations
preinitializing
resolving types
initializing
executing number 1
wrapping up
idle
4 ms. Memory: 120832K Free: 92698K (77%)
Completed execution with 5 iterations
/home/travis/build/icyphy/ptII/ptolemy/actor/lib/test/Commutator.tcl
7 ms. Memory: 120832K Free: 90782K (75%)
6 ms. Memory: 120832K Free: 89626K (74%)


==== $PTII/ptolemy/actor/lib/test/Commutator.tcl: Commutator-4.1 run with mutations
==== Contents of test case:

    # Grab stdout and put it into results
    jdkCapture {
	$m addChangeListener  [java::new ptolemy.kernel.util.StreamChangeListener]

	set dir [$e0 getDirector]
	#	$dir addDebugListener  #		[java::new ptolemy.kernel.util.StreamListener]
	$m initialize
	$m iterate
	set c1 [java::new ptolemy.moml.MoMLChangeRequest $e0 $e0  {<deleteEntity name="ramp1"/>}]
	set c2 [java::new ptolemy.moml.MoMLChangeRequest $e0 $e0  {<deleteRelation name="r1"/>}]
	$e0 requestChange $c1
	$e0 requestChange $c2
	$m iterate
	$m wrapup
    } results
    # The MoML within <group> ...</group> comes 
    # from SDFScheduler._setBufferSize
    list $results  [enumToTokenValues [$rec getRecord 0]]

==== Result was:
{} {0 0 1}
---- Result should have been:
{StreamChangeRequest.changeExecuted(): <deleteEntity name="ramp1"/> succeeded
StreamChangeRequest.changeExecuted(): <deleteRelation name="r1"/> succeeded
StreamChangeRequest.changeExecuted(): Record firings per iteration succeeded
} {0 0 1}
---- Commutator-4.1 FAILED
24 ms. Memory: 165888K Free: 149158K (90%)
/home/travis/build/icyphy/ptII/ptolemy/actor/lib/test/Const.tcl
12 ms. Memory: 165888K Free: 147606K (89%)
2 ms. Memory: 165888K Free: 147110K (89%)
12 ms. Memory: 165888K Free: 146596K (88%)
3 ms. Memory: 165888K Free: 146086K (88%)
2 ms. Memory: 165888K Free: 145062K (87%)
22 ms. Memory: 165888K Free: 143518K (87%)
11 ms. Memory: 165888K Free: 142500K (86%)
7 ms. Memory: 165888K Free: 141462K (85%)
/home/travis/build/icyphy/ptII/ptolemy/actor/lib/test/CurrentTime.tcl
preinitializing
resolving types
initializing
executing number 1
wrapping up
idle
15 ms. Memory: 165888K Free: 139942K (84%)
Completed execution with 11 iterations
/home/travis/build/icyphy/ptII/ptolemy/actor/lib/test/DB.tcl
13 ms. Memory: 165888K Free: 137894K (83%)
2 ms. Memory: 165888K Free: 137366K (83%)
2 ms. Memory: 165888K Free: 136870K (83%)
/home/travis/build/icyphy/ptII/ptolemy/actor/lib/test/DiscreteRandomSource.tcl
preinitializing
resolving types
initializing
executing number 1
wrapping up
idle
12 ms. Memory: 165888K Free: 135846K (82%)
Completed execution with 4 iterations
preinitializing
resolving types
initializing
executing number 1
wrapping up
idle
6 ms. Memory: 165888K Free: 135332K (82%)
Completed execution with 4 iterations
preinitializing
resolving types
initializing
executing number 1
wrapping up
idle
8 ms. Memory: 165888K Free: 134822K (81%)
Completed execution with 4 iterations
preinitializing
resolving types
initializing
executing number 1
wrapping up
idle
11 ms. Memory: 165888K Free: 134294K (81%)
Completed execution with 4 iterations
preinitializing
resolving types
initializing
executing number 1
wrapping up
idle
5 ms. Memory: 165888K Free: 133798K (81%)
Completed execution with 4 iterations
/home/travis/build/icyphy/ptII/ptolemy/actor/lib/test/Distributor.tcl
6 ms. Memory: 165888K Free: 132260K (80%)
13 ms. Memory: 165888K Free: 131236K (79%)
StreamChangeRequest.changeExecuted(): <deleteEntity name="rec2"/> succeeded
StreamChangeRequest.changeExecuted(): <deleteRelation name="r2"/> succeeded
StreamChangeRequest.changeExecuted(): Record firings per iteration succeeded
14 ms. Memory: 165888K Free: 129188K (78%)
/home/travis/build/icyphy/ptII/ptolemy/actor/lib/test/Exit.tcl
Exit.tcl: this will print a message about Manager.exitAfterWrapup, which can be ignored.
7 ms. Memory: 165888K Free: 125932K (76%)
/home/travis/build/icyphy/ptII/ptolemy/actor/lib/test/Expression.tcl
28 ms. Memory: 165888K Free: 122020K (74%)
12 ms. Memory: 165888K Free: 121510K (73%)
4 ms. Memory: 165888K Free: 120966K (73%)
preinitializing
resolving types
initializing
executing number 1
wrapping up
idle
6 ms. Memory: 165888K Free: 119462K (72%)
Completed execution with 6 iterations
4 ms. Memory: 165888K Free: 118438K (71%)
25 ms. Memory: 165888K Free: 151440K (91%)
8 ms. Memory: 165888K Free: 149999K (90%)
4 ms. Memory: 165888K Free: 148975K (90%)
13 ms. Memory: 165888K Free: 147423K (89%)
/home/travis/build/icyphy/ptII/ptolemy/actor/lib/test/Gaussian.tcl
9 ms. Memory: 165888K Free: 145903K (88%)
sleeping 1 seconds: .........................................................................................................................................................................................................................................................................................................................................................................................................................................................................................................................................................................................................................................................................................................................................................................................................................................................................................................................................................................................................................................................................................................................................................................................................................................................................................................................................................................................................................................................................................................................................................................................................................................................................................................................................................................................................................................................................................................................................................................................................................................................................................................................................................................................................................................................................................................................................................................................................................................................................................................................................................................................................................................................................................................................................................................................................................................................................................................................................................................................................................................................................................................................................................................................................................................................................................................................................................................................................................................................................................................................................................................................................................................................................................................................................................................................................................................................................................................................................................................................................................................................................................................................................................................................................................................................................................................................................................................................................................................................................................................................................................................................................................................................................................................................................................................................................................................................................................................................................................................................................................................................................................................................................................................................................................................................................................................................................................................................................................................................................................................................................................................................................................................................................................................................................................................................................................................................................................................................................................................................................................................................................................................................................................................................................................................................................................................................................................................................................................................................................................................................................................................................................................................................................................................................................................................................................................................................................................................................................................................................................................................................................................................................................................................................................................................................................................................................................................................................................................................................................................................................................................................................................................................................................................................................................................................................................................................................................................................................................................................................................................................................................................................................................................................................................................................................................................................................................................................................................................................................................................................................................................................................................................................................................................................................................................................................................................................................................................................................................................................................................................................................................................................................................................................................................................................................................................................................................................................................................................................................................................................................................................................................................................................................................................................................................................................................................................................................................................................................................................................................................................................................................................................................................................................................................................................................................................................................................................................................................................................................................................................................................................................................................................................................................................................................................................................................................................................................................................................................................................................................................................................................................................................................................................................................................................................................................................................................................................................................................................................................................................................................................................................................................................................................................................................................................................................................................................................................................................................................................................................................................................................................................................................................................................................................................................................................................................................................................................................................................................................................................................................................................................................................................................................................................................................................................................................................................................................................................................................................................................................................................................................................................................................................................................................................................................................................................................................................................................................................................................................................................................................................................................................................................................................................................................................................................................................................................................................................................................................................................................................................................................................................................................................................................................................................................................................................................................................................................................................................................................................................................................................................................................................................................................................................................................................................................................................................................................................................................................................................................................................................................................................................................................................................................................................................................................................................................................................................................................................................................................................................................................................................................................................................................................................................................................................................................................................................................................................................................................................................................................................................................................................................................................................................................................................................................................................................................................................................................................................................................................................................................................................................................................................................................................................................................................................................................................................................................................................................................................................................................................................................................................................................................................................................................................................................................................................................................................................................................................................................................................................................................................................................................................................................................................................................................................................................................................................................................................................................................................................................................................................................................................................................................................3 ms. Memory: 165888K Free: 139449K (84%)
3 ms. Memory: 165888K Free: 138425K (83%)
2 ms. Memory: 165888K Free: 137881K (83%)
5 ms. Memory: 165888K Free: 137399K (83%)
4 ms. Memory: 165888K Free: 136887K (83%)
/home/travis/build/icyphy/ptII/ptolemy/actor/lib/test/IIR.tcl
/home/travis/build/icyphy/ptII/ptolemy/actor/lib/test/Interpolator.tcl
5 ms. Memory: 165888K Free: 132777K (80%)
2 ms. Memory: 165888K Free: 132281K (80%)
2 ms. Memory: 165888K Free: 131767K (79%)
4 ms. Memory: 165888K Free: 131257K (79%)
10 ms. Memory: 165888K Free: 130233K (79%)
2 ms. Memory: 165888K Free: 129719K (78%)
2 ms. Memory: 165888K Free: 128665K (78%)
3 ms. Memory: 165888K Free: 127657K (77%)
6 ms. Memory: 165888K Free: 127161K (77%)
3 ms. Memory: 165888K Free: 126137K (76%)
/home/travis/build/icyphy/ptII/ptolemy/actor/lib/test/MathFunction.tcl
5 ms. Memory: 165888K Free: 124089K (75%)
2 ms. Memory: 165888K Free: 123065K (74%)
6 ms. Memory: 165888K Free: 121527K (73%)
2 ms. Memory: 165888K Free: 121017K (73%)
11 ms. Memory: 165888K Free: 119479K (72%)
6 ms. Memory: 165888K Free: 117945K (71%)
/home/travis/build/icyphy/ptII/ptolemy/actor/lib/test/Maximum.tcl
6 ms. Memory: 165888K Free: 115897K (70%)
6 ms. Memory: 165888K Free: 114873K (69%)
5 ms. Memory: 165888K Free: 114345K (69%)
3 ms. Memory: 165888K Free: 113849K (69%)
/home/travis/build/icyphy/ptII/ptolemy/actor/lib/test/Minimum.tcl
10 ms. Memory: 165888K Free: 112281K (68%)
3 ms. Memory: 165888K Free: 111287K (67%)
4 ms. Memory: 165888K Free: 110777K (67%)
5 ms. Memory: 165888K Free: 110249K (66%)
/home/travis/build/icyphy/ptII/ptolemy/actor/lib/test/MultiplyDivide.tcl
4 ms. Memory: 165888K Free: 108215K (65%)
2 ms. Memory: 165888K Free: 107705K (65%)
3 ms. Memory: 165888K Free: 106681K (64%)
6 ms. Memory: 165888K Free: 106167K (64%)
5 ms. Memory: 165888K Free: 105129K (63%)
/home/travis/build/icyphy/ptII/ptolemy/actor/lib/test/OrderedMerge.tcl
Connections changed on port: inputA
Connections changed on port: inputB
Connections changed on port: output
Connections changed on port: output
Connections changed on port: output
Connections changed on port: input
.top. Preinitializing ...
Invoking preinitialize():  .top.OrderedMerge
Called preinitialize()
Invoking preinitialize():  .top.Ramp
Called preinitialize()
Invoking preinitialize():  .top.Ramp2
Called preinitialize()
Invoking preinitialize():  .top.Test
Called preinitialize()
Connections changed on port: inputA
Connections changed on port: output
Connections changed on port: output
Connections changed on port: input
Connections changed on port: inputB
Connections changed on port: output
.top. Finished preinitialize().
Called initialize().
Invoking initialize():  .top.OrderedMerge
Initializing actor: .top.OrderedMerge
Adding a thread: .top.OrderedMerge
Invoking initialize():  .top.Ramp
Initializing actor: .top.Ramp
Adding a thread: .top.Ramp
Invoking initialize():  .top.Ramp2
Initializing actor: .top.Ramp2
Adding a thread: .top.Ramp2
Invoking initialize():  .top.Test
Initializing actor: .top.Test
Adding a thread: .top.Test
Called fire().
Checking for deadlock:
-- Starting thread.
Called initialize()
Called prefire()
Called fire()
-- Starting thread.
Called initialize()
Called prefire()
Called fire()
There are 0 Blocked actors, 0 Stopped actors, and 4 active threads.
Waiting for actors to stop.
Called postfire()
Called prefire()
Called fire()
-- Starting thread.
Called initialize()
Called prefire()
Called fire()
Called postfire()
Called prefire()
Called fire()
-- Starting thread.
Called initialize()
Called prefire()
Called fire()
Read input token from inputA with value 0.0
Next port to read input from is inputB
Called postfire()
Called prefire()
Called fire()
Read input token from inputB with value 0.0
Sent output token with value 0.0
Next port to read input from is inputA
Called postfire()
Called prefire()
Called fire()
Checking for deadlock:
There are 1 Blocked actors, 0 Stopped actors, and 4 active threads.
Waiting for actors to stop.
Called postfire()
Called prefire()
Called fire()
Called postfire()
Called prefire()
Called fire()
-- Read input: 0.0, which is expected to match: 0.0
Called prefire()
Called fire()
Checking for deadlock:
There are 3 Blocked actors, 0 Stopped actors, and 4 active threads.
Waiting for actors to stop.
Read input token from inputA with value 1.0
Sent output token with value 0.0
Next port to read input from is inputB
Called postfire()
Called prefire()
Called fire()
Read input token from inputB with value 1.5
Checking for deadlock:
There are 1 Blocked actors, 0 Stopped actors, and 4 active threads.
Waiting for actors to stop.
Called postfire()
Called prefire()
Called fire()
Called postfire()
Called prefire()
Called fire()
-- Read input: 0.0, which is expected to match: 0.0
Called prefire()
Called fire()
Checking for deadlock:
There are 3 Blocked actors, 0 Stopped actors, and 4 active threads.
Waiting for actors to stop.
-- Read input: 1.0, which is expected to match: 1.0
Called prefire()
Called fire()
Sent output token with value 1.0
Next port to read input from is inputA
Called postfire()
Called prefire()
Called fire()
Read input token from inputA with value 2.0
Sent output token with value 1.5
Next port to read input from is inputB
Called postfire()
Called prefire()
Called fire()
Read input token from inputB with value 3.0
Checking for deadlock:
There are 1 Blocked actors, 0 Stopped actors, and 4 active threads.
Waiting for actors to stop.
Called postfire()
Called prefire()
Called fire()
Called postfire()
Called prefire()
Called fire()
-- Read input: 1.5, which is expected to match: 1.5
Called prefire()
Called fire()
Checking for deadlock:
There are 3 Blocked actors, 0 Stopped actors, and 4 active threads.
Waiting for actors to stop.
-- Read input: 2.0, which is expected to match: 2.0
Called prefire()
Called fire()
Checking for deadlock:
There are 3 Blocked actors, 0 Stopped actors, and 4 active threads.
Waiting for actors to stop.
Sent output token with value 2.0
Next port to read input from is inputA
Called postfire()
Called prefire()
Called fire()
Called postfire()
Called prefire()
Called fire()
Checking for deadlock:
There are 3 Blocked actors, 0 Stopped actors, and 4 active threads.
Waiting for actors to stop.
Read input token from inputA with value 3.0
-- Read input: 3.0, which is expected to match: 3.0
Called prefire()
Called fire()
Checking for deadlock:
There are 3 Blocked actors, 0 Stopped actors, and 4 active threads.
Waiting for actors to stop.
Sent output token with value 3.0
Next port to read input from is inputB
Called postfire()
Called prefire()
Called fire()
Checking for deadlock:
There are 2 Blocked actors, 0 Stopped actors, and 4 active threads.
Waiting for actors to stop.
Called postfire()
Called prefire()
Called fire()
Checking for deadlock:
There are 3 Blocked actors, 0 Stopped actors, and 4 active threads.
Waiting for actors to stop.
Read input token from inputB with value 4.5
Checking for deadlock:
There are 2 Blocked actors, 0 Stopped actors, and 4 active threads.
Waiting for actors to stop.
-- Read input: 3.0, which is expected to match: 3.0
Called prefire()
Called fire()
Checking for deadlock:
There are 3 Blocked actors, 0 Stopped actors, and 4 active threads.
Waiting for actors to stop.
Sent output token with value 3.0
Next port to read input from is inputA
Called postfire()
Called prefire()
Called fire()
Called postfire()
Called prefire()
Called fire()
Checking for deadlock:
There are 3 Blocked actors, 0 Stopped actors, and 4 active threads.
Waiting for actors to stop.
Read input token from inputA with value 4.0
-- Read input: 4.0, which is expected to match: 4.0
Called prefire()
Called fire()
Past the end of training data. Read and discard all inputs.
Checking for deadlock:
There are 3 Blocked actors, 0 Stopped actors, and 4 active threads.
Waiting for actors to stop.
Sent output token with value 4.0
Next port to read input from is inputA
Called postfire()
Called prefire()
Called fire()
Called postfire()
Called prefire()
Called fire()
Checking for deadlock:
There are 3 Blocked actors, 0 Stopped actors, and 4 active threads.
Waiting for actors to stop.
Read input token from inputA with value 5.0
Called prefire()
Called fire()
Past the end of training data. Read and discard all inputs.
Checking for deadlock:
There are 3 Blocked actors, 0 Stopped actors, and 4 active threads.
Waiting for actors to stop.
Sent output token with value 4.5
Next port to read input from is inputB
Called postfire()
Called prefire()
Called fire()
Checking for deadlock:
There are 2 Blocked actors, 0 Stopped actors, and 4 active threads.
Waiting for actors to stop.
Called postfire()
Called prefire()
Called fire()
Checking for deadlock:
There are 3 Blocked actors, 0 Stopped actors, and 4 active threads.
Waiting for actors to stop.
Read input token from inputB with value 6.0
Checking for deadlock:
There are 2 Blocked actors, 0 Stopped actors, and 4 active threads.
Waiting for actors to stop.
Called prefire()
Called fire()
Past the end of training data. Read and discard all inputs.
Checking for deadlock:
There are 3 Blocked actors, 0 Stopped actors, and 4 active threads.
Waiting for actors to stop.
Sent output token with value 5.0
Next port to read input from is inputA
Called postfire()
Called prefire()
Called fire()
Called postfire()
Called prefire()
Called fire()
Checking for deadlock:
There are 3 Blocked actors, 0 Stopped actors, and 4 active threads.
Waiting for actors to stop.
Read input token from inputA with value 6.0
Called prefire()
Called fire()
Past the end of training data. Read and discard all inputs.
Checking for deadlock:
There are 3 Blocked actors, 0 Stopped actors, and 4 active threads.
Waiting for actors to stop.
Sent output token with value 6.0
Next port to read input from is inputB
Called postfire()
Called prefire()
Called fire()
Checking for deadlock:
There are 2 Blocked actors, 0 Stopped actors, and 4 active threads.
Waiting for actors to stop.
Called postfire()
Called prefire()
Called fire()
Checking for deadlock:
There are 3 Blocked actors, 0 Stopped actors, and 4 active threads.
Waiting for actors to stop.
Read input token from inputB with value 7.5
Checking for deadlock:
There are 2 Blocked actors, 0 Stopped actors, and 4 active threads.
Waiting for actors to stop.
Called prefire()
Called fire()
Past the end of training data. Read and discard all inputs.
Checking for deadlock:
There are 3 Blocked actors, 0 Stopped actors, and 4 active threads.
Waiting for actors to stop.
Sent output token with value 6.0
Next port to read input from is inputA
Called postfire()
Called prefire()
Called fire()
Called postfire()
Called prefire()
Called fire()
Checking for deadlock:
There are 3 Blocked actors, 0 Stopped actors, and 4 active threads.
Waiting for actors to stop.
Read input token from inputA with value 7.0
Called prefire()
Called fire()
Past the end of training data. Read and discard all inputs.
Checking for deadlock:
There are 3 Blocked actors, 0 Stopped actors, and 4 active threads.
Waiting for actors to stop.
Sent output token with value 7.0
Next port to read input from is inputA
Called postfire()
Called prefire()
Called fire()
-- Thread wrapup() called.
Called wrapup()
Thread .top.Ramp is exiting.
-- Thread stopped.
Checking for deadlock:
There are 2 Blocked actors, 0 Stopped actors, and 3 active threads.
Waiting for actors to stop.
Read input token from inputA with value 8.0
Sent output token with value 7.5
Next port to read input from is inputB
Called postfire()
Called prefire()
Called fire()
Read input token from inputB with value 9.0
Checking for deadlock:
There are 1 Blocked actors, 0 Stopped actors, and 3 active threads.
Waiting for actors to stop.
Called prefire()
Called fire()
Past the end of training data. Read and discard all inputs.
Called postfire()
Called prefire()
Called fire()
Checking for deadlock:
There are 2 Blocked actors, 0 Stopped actors, and 3 active threads.
Waiting for actors to stop.
Called prefire()
Called fire()
Past the end of training data. Read and discard all inputs.
Checking for deadlock:
There are 2 Blocked actors, 0 Stopped actors, and 3 active threads.
Waiting for actors to stop.
Sent output token with value 8.0
Next port to read input from is inputA
Called postfire()
Called prefire()
Called fire()
Read input token from inputA with value 9.0
Called prefire()
Called fire()
Past the end of training data. Read and discard all inputs.
Checking for deadlock:
There are 2 Blocked actors, 0 Stopped actors, and 3 active threads.
Waiting for actors to stop.
Sent output token with value 9.0
Next port to read input from is inputB
Called postfire()
Called prefire()
Called fire()
Checking for deadlock:
There are 1 Blocked actors, 0 Stopped actors, and 3 active threads.
Waiting for actors to stop.
Called postfire()
Called prefire()
Called fire()
Checking for deadlock:
There are 2 Blocked actors, 0 Stopped actors, and 3 active threads.
Waiting for actors to stop.
Read input token from inputB with value 10.5
Checking for deadlock:
There are 1 Blocked actors, 0 Stopped actors, and 3 active threads.
Waiting for actors to stop.
Called prefire()
Called fire()
Past the end of training data. Read and discard all inputs.
Checking for deadlock:
There are 2 Blocked actors, 0 Stopped actors, and 3 active threads.
Waiting for actors to stop.
Sent output token with value 9.0
Next port to read input from is inputA
Called postfire()
Called prefire()
Called fire()
Checking for deadlock:
There are 3 Blocked actors, 0 Stopped actors, and 3 active threads.
Actors have stopped.
Checking for deadlock:
There are 3 Blocked actors, 0 Stopped actors, and 3 active threads.
Deadlock detected.
Resolving Deadlock
Checking for deadlock:
There are 3 Blocked actors, 0 Stopped actors, and 3 active threads.
Artificial Deadlock - increasing queue capacity.
increasing the capacity of receiver ptolemy.actor.TypedIOPort {.top.OrderedMerge.inputB} to 2
-- Thread wrapup() called.
Called wrapup()
Thread .top.Ramp2 is exiting.
-- Thread stopped.
Director: Called postfire().
Called postfire().
_stopRequested = false
_stopFireRequested = false
Returning from postfire(): true
Called fire().
Checking for deadlock:
There are 2 Blocked actors, 0 Stopped actors, and 2 active threads.
Actors have stopped.
Checking for deadlock:
There are 2 Blocked actors, 0 Stopped actors, and 2 active threads.
Deadlock detected.
Resolving Deadlock
Checking for deadlock:
There are 2 Blocked actors, 0 Stopped actors, and 2 active threads.
Deadlock detected: no processes blocked on write, but some are blocked on read.
Called postfire().
_stopRequested = false
_stopFireRequested = false
Returning from postfire(): false
Finished deactivating branches.
Called wrapup().
-- Thread wrapup() called.
Called wrapup()
Thread .top.Test is exiting.
-- Thread stopped.
-- Blocked Receiver call threw TerminateProcessException.
-- Thread wrapup() called.
Called wrapup()
Thread .top.OrderedMerge is exiting.
-- Thread stopped.
-- Blocked Receiver call threw TerminateProcessException.
57 ms. Memory: 165888K Free: 100537K (61%)
.top. Preinitializing ...
Invoking preinitialize():  .top.OrderedMerge
Called preinitialize()
Invoking preinitialize():  .top.Ramp
Called preinitialize()
Invoking preinitialize():  .top.Ramp2
Called preinitialize()
Invoking preinitialize():  .top.Test
Called preinitialize()
.top. Finished preinitialize().
Called initialize().
Invoking initialize():  .top.OrderedMerge
Initializing actor: .top.OrderedMerge
Adding a thread: .top.OrderedMerge
Invoking initialize():  .top.Ramp
Initializing actor: .top.Ramp
Adding a thread: .top.Ramp
Invoking initialize():  .top.Ramp2
Initializing actor: .top.Ramp2
Adding a thread: .top.Ramp2
Invoking initialize():  .top.Test
Initializing actor: .top.Test
Adding a thread: .top.Test
-- Starting thread.
Called initialize()
Called prefire()
Called fire()
-- Starting thread.
Called initialize()
Called prefire()
Called fire()
Called postfire()
Called prefire()
Called fire()
-- Starting thread.
Called initialize()
Called prefire()
Called fire()
Called postfire()
Called prefire()
Called fire()
Called fire().
Checking for deadlock:
There are 3 Blocked actors, 0 Stopped actors, and 4 active threads.
Waiting for actors to stop.
-- Starting thread.
Called initialize()
Called prefire()
Called fire()
Checking for deadlock:
There are 2 Blocked actors, 0 Stopped actors, and 4 active threads.
Waiting for actors to stop.
Called postfire()
Called prefire()
Called fire()
Checking for deadlock:
There are 3 Blocked actors, 0 Stopped actors, and 4 active threads.
Waiting for actors to stop.
Read input token from inputA with value 0.0
Next port to read input from is inputB
Called postfire()
Called prefire()
Called fire()
Called postfire()
Checking for deadlock:
There are 2 Blocked actors, 0 Stopped actors, and 4 active threads.
Called prefire()
Waiting for actors to stop.
Called fire()
Checking for deadlock:
There are 3 Blocked actors, 0 Stopped actors, and 4 active threads.
Waiting for actors to stop.
Read input token from inputB with value 0.0
Checking for deadlock:
There are 2 Blocked actors, 0 Stopped actors, and 4 active threads.
Waiting for actors to stop.
Sent output token with value 0.0
-- Read input: 0.0, which is expected to match: 0.0
Called prefire()
Called fire()
Checking for deadlock:
There are 3 Blocked actors, 0 Stopped actors, and 4 active threads.
Waiting for actors to stop.
Next port to read input from is inputA
Called postfire()
Called prefire()
Called fire()
Checking for deadlock:
There are 2 Blocked actors, 0 Stopped actors, and 4 active threads.
Waiting for actors to stop.
Called postfire()
Called prefire()
Called fire()
Checking for deadlock:
There are 3 Blocked actors, 0 Stopped actors, and 4 active threads.
Waiting for actors to stop.
Read input token from inputA with value 1.0
Checking for deadlock:
There are 2 Blocked actors, 0 Stopped actors, and 4 active threads.
Waiting for actors to stop.
Sent output token with value 0.0
-- Read input: 0.0, which is expected to match: 0.0
Called prefire()
Next port to read input from is inputB
Called postfire()
Called fire()
Called prefire()
Called fire()
Checking for deadlock:
There are 3 Blocked actors, 0 Stopped actors, and 4 active threads.
Waiting for actors to stop.
Called postfire()
Called prefire()
Called fire()
Checking for deadlock:
There are 3 Blocked actors, 0 Stopped actors, and 4 active threads.
Waiting for actors to stop.
Read input token from inputB with value 1.5
Sent output token with value 1.0
-- Read input: 1.0, which is expected to match: 1.0
Called prefire()
Called fire()
Next port to read input from is inputA
Called postfire()
Called prefire()
Called fire()
Checking for deadlock:
There are 3 Blocked actors, 0 Stopped actors, and 4 active threads.
Waiting for actors to stop.
Checking for deadlock:
There are 2 Blocked actors, 0 Stopped actors, and 4 active threads.
Waiting for actors to stop.
Called postfire()
Called prefire()
Called fire()
Checking for deadlock:
Read input token from inputA with value 2.0
There are 3 Blocked actors, 0 Stopped actors, and 4 active threads.
Waiting for actors to stop.
Sent output token with value 1.5
-- Read input: 1.5, which is expected to match: 1.5
Called prefire()
Called fire()
Checking for deadlock:
There are 3 Blocked actors, 0 Stopped actors, and 4 active threads.
Waiting for actors to stop.
Next port to read input from is inputB
Called postfire()
Called prefire()
Called fire()
Checking for deadlock:
There are 2 Blocked actors, 0 Stopped actors, and 4 active threads.
Waiting for actors to stop.
Called postfire()
Called prefire()
Called fire()
Checking for deadlock:
Read input token from inputB with value 3.0
There are 3 Blocked actors, 0 Stopped actors, and 4 active threads.
Waiting for actors to stop.
Checking for deadlock:
There are 2 Blocked actors, 0 Stopped actors, and 4 active threads.
Sent output token with value 2.0
Waiting for actors to stop.
Next port to read input from is inputA
Called postfire()
Called prefire()
-- Read input: 2.0, which is expected to match: 2.0
Called fire()
Called prefire()
Called fire()
Checking for deadlock:
Called postfire()
There are 2 Blocked actors, 0 Stopped actors, and 4 active threads.
Called prefire()
Waiting for actors to stop.
Called fire()
Checking for deadlock:
There are 3 Blocked actors, 0 Stopped actors, and 4 active threads.
Waiting for actors to stop.
Read input token from inputA with value 3.0
Checking for deadlock:
There are 2 Blocked actors, 0 Stopped actors, and 4 active threads.
Waiting for actors to stop.
-- Read input: 3.0, which is expected to match: 3.0
Called prefire()
Called fire()
Checking for deadlock:
Sent output token with value 3.0
There are 3 Blocked actors, 0 Stopped actors, and 4 active threads.
Waiting for actors to stop.
Next port to read input from is inputB
Called postfire()
Called prefire()
Called fire()
Checking for deadlock:
There are 2 Blocked actors, 0 Stopped actors, and 4 active threads.
Waiting for actors to stop.
Called postfire()
Called prefire()
Called fire()
Checking for deadlock:
There are 3 Blocked actors, 0 Stopped actors, and 4 active threads.
Waiting for actors to stop.
Read input token from inputB with value 4.5
Checking for deadlock:
There are 2 Blocked actors, 0 Stopped actors, and 4 active threads.
Waiting for actors to stop.
Sent output token with value 3.0
-- Read input: 3.0, which is expected to match: 3.0
Next port to read input from is inputA
Called postfire()
Called prefire()
Called fire()
Checking for deadlock:
There are 3 Blocked actors, 0 Stopped actors, and 4 active threads.
Waiting for actors to stop.
Called prefire()
Called fire()
Checking for deadlock:
There are 2 Blocked actors, 0 Stopped actors, and 4 active threads.
Waiting for actors to stop.
Called postfire()
Called prefire()
Called fire()
Checking for deadlock:
Read input token from inputA with value 4.0
There are 3 Blocked actors, 0 Stopped actors, and 4 active threads.
Waiting for actors to stop.
Checking for deadlock:
There are 2 Blocked actors, 0 Stopped actors, and 4 active threads.
Waiting for actors to stop.
-- Read input: 4.0, which is expected to match: 4.0
Called prefire()
Called fire()
Past the end of training data. Read and discard all inputs.
Checking for deadlock:
There are 3 Blocked actors, 0 Stopped actors, and 4 active threads.
Waiting for actors to stop.
Sent output token with value 4.0
Next port to read input from is inputA
Called postfire()
Called prefire()
Called fire()
Checking for deadlock:
There are 2 Blocked actors, 0 Stopped actors, and 4 active threads.
Waiting for actors to stop.
Called postfire()
Called prefire()
Called fire()
Read input token from inputA with value 5.0
Checking for deadlock:
There are 3 Blocked actors, 0 Stopped actors, and 4 active threads.
Waiting for actors to stop.
Checking for deadlock:
Sent output token with value 4.5
There are 2 Blocked actors, 0 Stopped actors, and 4 active threads.
Waiting for actors to stop.
Next port to read input from is inputB
Called postfire()
Called prefire()
Called fire()
Called prefire()
Called fire()
Past the end of training data. Read and discard all inputs.
Called postfire()
Called prefire()
Called fire()
Checking for deadlock:
There are 3 Blocked actors, 0 Stopped actors, and 4 active threads.
Waiting for actors to stop.
Read input token from inputB with value 6.0
Called prefire()
Called fire()
Past the end of training data. Read and discard all inputs.
Checking for deadlock:
There are 3 Blocked actors, 0 Stopped actors, and 4 active threads.
Waiting for actors to stop.
Sent output token with value 5.0
Next port to read input from is inputA
Called postfire()
Called prefire()
Called fire()
Checking for deadlock:
There are 2 Blocked actors, 0 Stopped actors, and 4 active threads.
Waiting for actors to stop.
Called postfire()
Called prefire()
Called fire()
Checking for deadlock:
There are 3 Blocked actors, 0 Stopped actors, and 4 active threads.
Waiting for actors to stop.
Read input token from inputA with value 6.0
Checking for deadlock:
Sent output token with value 6.0
There are 2 Blocked actors, 0 Stopped actors, and 4 active threads.
Waiting for actors to stop.
Next port to read input from is inputB
Called postfire()
Called prefire()
Called fire()
Past the end of training data. Read and discard all inputs.
Checking for deadlock:
Called prefire()
There are 3 Blocked actors, 0 Stopped actors, and 4 active threads.
Waiting for actors to stop.
Called fire()
Checking for deadlock:
There are 2 Blocked actors, 0 Stopped actors, and 4 active threads.
Waiting for actors to stop.
Called postfire()
Called prefire()
Called fire()
Read input token from inputB with value 7.5
Checking for deadlock:
There are 3 Blocked actors, 0 Stopped actors, and 4 active threads.
Waiting for actors to stop.
Checking for deadlock:
There are 2 Blocked actors, 0 Stopped actors, and 4 active threads.
Waiting for actors to stop.
Sent output token with value 6.0
Called prefire()
Called fire()
Next port to read input from is inputA
Called postfire()
Past the end of training data. Read and discard all inputs.
Called prefire()
Called fire()
Checking for deadlock:
There are 3 Blocked actors, 0 Stopped actors, and 4 active threads.
Waiting for actors to stop.
Checking for deadlock:
Called postfire()
There are 2 Blocked actors, 0 Stopped actors, and 4 active threads.
Called prefire()
Waiting for actors to stop.
Called fire()
Checking for deadlock:
There are 3 Blocked actors, 0 Stopped actors, and 4 active threads.
Read input token from inputA with value 7.0
Waiting for actors to stop.
Checking for deadlock:
There are 2 Blocked actors, 0 Stopped actors, and 4 active threads.
Waiting for actors to stop.
Sent output token with value 7.0
Called prefire()
Called fire()
Past the end of training data. Read and discard all inputs.
Checking for deadlock:
There are 3 Blocked actors, 0 Stopped actors, and 4 active threads.
Waiting for actors to stop.
Next port to read input from is inputA
Called postfire()
Called prefire()
Called fire()
Checking for deadlock:
-- Thread wrapup() called.
There are 2 Blocked actors, 0 Stopped actors, and 4 active threads.
Called wrapup()
Waiting for actors to stop.
Thread .top.Ramp is exiting.
-- Thread stopped.
Checking for deadlock:
There are 2 Blocked actors, 0 Stopped actors, and 3 active threads.
Waiting for actors to stop.
Read input token from inputA with value 8.0
Called prefire()
Called fire()
Past the end of training data. Read and discard all inputs.
Checking for deadlock:
There are 2 Blocked actors, 0 Stopped actors, and 3 active threads.
Waiting for actors to stop.
Sent output token with value 7.5
Next port to read input from is inputB
Called postfire()
Called prefire()
Called fire()
Checking for deadlock:
There are 1 Blocked actors, 0 Stopped actors, and 3 active threads.
Waiting for actors to stop.
Called postfire()
Called prefire()
Called fire()
Checking for deadlock:
There are 2 Blocked actors, 0 Stopped actors, and 3 active threads.
Waiting for actors to stop.
Read input token from inputB with value 9.0
Checking for deadlock:
There are 1 Blocked actors, 0 Stopped actors, and 3 active threads.
Waiting for actors to stop.
Called prefire()
Called fire()
Past the end of training data. Read and discard all inputs.
Sent output token with value 8.0
Checking for deadlock:
There are 2 Blocked actors, 0 Stopped actors, and 3 active threads.
Waiting for actors to stop.
Next port to read input from is inputA
Called postfire()
Called prefire()
Called fire()
Read input token from inputA with value 9.0
Called prefire()
Sent output token with value 9.0
Checking for deadlock:
There are 1 Blocked actors, 0 Stopped actors, and 3 active threads.
Next port to read input from is inputB
Called postfire()
Called fire()
Called prefire()
Past the end of training data. Read and discard all inputs.
Waiting for actors to stop.
Called fire()
Checking for deadlock:
Called postfire()
There are 1 Blocked actors, 0 Stopped actors, and 3 active threads.
Called prefire()
Called fire()
Waiting for actors to stop.
Checking for deadlock:
There are 2 Blocked actors, 0 Stopped actors, and 3 active threads.
Waiting for actors to stop.
Read input token from inputB with value 10.5
Checking for deadlock:
There are 1 Blocked actors, 0 Stopped actors, and 3 active threads.
Waiting for actors to stop.
Sent output token with value 9.0
Called prefire()
Next port to read input from is inputA
Called postfire()
Called fire()
Past the end of training data. Read and discard all inputs.
Called prefire()
Called fire()
Checking for deadlock:
There are 2 Blocked actors, 0 Stopped actors, and 3 active threads.
Waiting for actors to stop.
Checking for deadlock:
There are 3 Blocked actors, 0 Stopped actors, and 3 active threads.
Actors have stopped.
Checking for deadlock:
There are 3 Blocked actors, 0 Stopped actors, and 3 active threads.
Deadlock detected.
Resolving Deadlock
Checking for deadlock:
There are 3 Blocked actors, 0 Stopped actors, and 3 active threads.
Artificial Deadlock - increasing queue capacity.
increasing the capacity of receiver ptolemy.actor.TypedIOPort {.top.OrderedMerge.inputB} to 2
Director: Called postfire().
Called postfire().
_stopRequested = false
_stopFireRequested = false
Returning from postfire(): true
Called fire().
Checking for deadlock:
There are 2 Blocked actors, 0 Stopped actors, and 3 active threads.
Waiting for actors to stop.
-- Thread wrapup() called.
Called wrapup()
Thread .top.Ramp2 is exiting.
-- Thread stopped.
Checking for deadlock:
There are 2 Blocked actors, 0 Stopped actors, and 2 active threads.
Actors have stopped.
Checking for deadlock:
There are 2 Blocked actors, 0 Stopped actors, and 2 active threads.
Deadlock detected.
Resolving Deadlock
Checking for deadlock:
There are 2 Blocked actors, 0 Stopped actors, and 2 active threads.
Deadlock detected: no processes blocked on write, but some are blocked on read.
Called postfire().
_stopRequested = false
_stopFireRequested = false
Returning from postfire(): false
Finished deactivating branches.
Called wrapup().
-- Thread wrapup() called.
Called wrapup()
-- Thread wrapup() called.
Called wrapup()
Thread .top.OrderedMerge is exiting.
-- Thread stopped.
-- Blocked Receiver call threw TerminateProcessException.
Thread .top.Test is exiting.
-- Thread stopped.
-- Blocked Receiver call threw TerminateProcessException.
36 ms. Memory: 165888K Free: 97975K (59%)
/home/travis/build/icyphy/ptII/ptolemy/actor/lib/test/Publisher.tcl
16 ms. Memory: 165888K Free: 91831K (55%)
8 ms. Memory: 165888K Free: 86201K (52%)
5 ms. Memory: 165888K Free: 82615K (50%)
5 ms. Memory: 165888K Free: 81585K (49%)
5 ms. Memory: 165888K Free: 81081K (49%)
11 ms. Memory: 165888K Free: 80057K (48%)
3 ms. Memory: 165888K Free: 79513K (48%)
24 ms. Memory: 165888K Free: 78519K (47%)
24 ms. Memory: 165888K Free: 68793K (41%)
7 ms. Memory: 165888K Free: 149589K (90%)
4 ms. Memory: 165888K Free: 149060K (90%)
4 ms. Memory: 165888K Free: 146517K (88%)
15 ms. Memory: 165888K Free: 138820K (84%)
6 ms. Memory: 165888K Free: 129604K (78%)
18 ms. Memory: 165888K Free: 118869K (72%)
/home/travis/build/icyphy/ptII/ptolemy/actor/lib/test/Pulse.tcl
5 ms. Memory: 243712K Free: 209015K (86%)
11 ms. Memory: 243712K Free: 208519K (86%)
2 ms. Memory: 243712K Free: 208005K (85%)
4 ms. Memory: 243712K Free: 207495K (85%)
1 ms. Memory: 243712K Free: 206981K (85%)
11 ms. Memory: 243712K Free: 205957K (85%)
9 ms. Memory: 243712K Free: 204927K (84%)
2 ms. Memory: 243712K Free: 204423K (84%)
3 ms. Memory: 243712K Free: 203399K (83%)
/home/travis/build/icyphy/ptII/ptolemy/actor/lib/test/Ramp.tcl
5 ms. Memory: 243712K Free: 201351K (83%)
4 ms. Memory: 243712K Free: 200823K (82%)
3 ms. Memory: 243712K Free: 200327K (82%)
3 ms. Memory: 243712K Free: 199303K (82%)
7 ms. Memory: 243712K Free: 198789K (82%)
10 ms. Memory: 243712K Free: 197751K (81%)
6 ms. Memory: 243712K Free: 196741K (81%)
5 actors
4000 microseconds per iteration to create
13 ms. Memory: 243712K Free: 194183K (80%)
2 ms. Memory: 243712K Free: 193655K (79%)
6 ms. Memory: 243712K Free: 192615K (79%)
2 ms. Memory: 243712K Free: 192135K (79%)
50 actors
52000 microseconds per iteration to create
47 ms. Memory: 243712K Free: 176775K (73%)
14 ms. Memory: 243712K Free: 175751K (72%)
14 ms. Memory: 243712K Free: 174727K (72%)
14 ms. Memory: 243712K Free: 173703K (71%)
500 actors
1679000 microseconds per iteration to create
293 ms. Memory: 243712K Free: 215266K (88%)
54 ms. Memory: 243712K Free: 210146K (86%)
52 ms. Memory: 243712K Free: 205026K (84%)
41 ms. Memory: 243712K Free: 199906K (82%)
/home/travis/build/icyphy/ptII/ptolemy/actor/lib/test/RampContinuous.tcl
7 ms. Memory: 243712K Free: 198368K (81%)
/home/travis/build/icyphy/ptII/ptolemy/actor/lib/test/RecordAssembler.tcl
5 ms. Memory: 243712K Free: 196834K (81%)
3 ms. Memory: 243712K Free: 195810K (80%)
/home/travis/build/icyphy/ptII/ptolemy/actor/lib/test/RecordDisassembler.tcl
7 ms. Memory: 243712K Free: 194258K (80%)
2 ms. Memory: 243712K Free: 193248K (79%)
4 ms. Memory: 243712K Free: 192210K (79%)
/home/travis/build/icyphy/ptII/ptolemy/actor/lib/test/Scale.tcl
3 ms. Memory: 243712K Free: 190176K (78%)
2 ms. Memory: 243712K Free: 189666K (78%)
1 ms. Memory: 243712K Free: 188642K (77%)
9 ms. Memory: 243712K Free: 188128K (77%)
3 ms. Memory: 243712K Free: 187104K (77%)
/home/travis/build/icyphy/ptII/ptolemy/actor/lib/test/SequentialClock.tcl
preinitializing
resolving types
initializing
executing number 1
wrapping up
idle
3 ms. Memory: 243712K Free: 186066K (76%)
Completed execution with 5 iterations
preinitializing
resolving types
initializing
executing number 1
wrapping up
idle
1 ms. Memory: 243712K Free: 185026K (76%)
Completed execution with 5 iterations
preinitializing
resolving types
initializing
executing number 1
wrapping up
idle
1 ms. Memory: 243712K Free: 185026K (76%)
Completed execution with 5 iterations
/home/travis/build/icyphy/ptII/ptolemy/actor/lib/test/SetVariable.tcl
5 ms. Memory: 243712K Free: 183008K (75%)


==== $PTII/ptolemy/actor/lib/test/SetVariable.tcl: SetVariable-3.1 changeFailed
==== Contents of test case:

    #Uses 2.1 above
    jdkCaptureErr {
        # This test was failing if we ran Exit.tcl and then this test.
        # MessageHandler.error() now actually throws the Exception.
	catch {$setVariable changeFailed [java::null]  [java::new Exception {Test exception for SetVariable.changeFailed()}]} errMsg
    } results
    list [string range $results 0 89] "\n" $errMsg

==== Result was:
{java.lang.Exception: Test exception for SetVariable.changeFailed()
	at java.base/jdk.inter} {
} {java.lang.RuntimeException: java.lang.Exception: Test exception for SetVariable.changeFailed()}
---- Result should have been:
{java.lang.Exception: Test exception for SetVariable.changeFailed()
	at sun.reflect.NativeC} {
} {java.lang.RuntimeException: java.lang.Exception: Test exception for SetVariable.changeFailed()}
---- SetVariable-3.1 FAILED
/home/travis/build/icyphy/ptII/ptolemy/actor/lib/test/Sinewave.tcl
/home/travis/build/icyphy/ptII/ptolemy/actor/lib/test/SubscriptionAggregator.tcl
12 ms. Memory: 243712K Free: 171234K (70%)
3 ms. Memory: 243712K Free: 170690K (70%)
1 ms. Memory: 243712K Free: 170210K (70%)
1 ms. Memory: 243712K Free: 169690K (70%)
2 ms. Memory: 243712K Free: 166114K (68%)
9 ms. Memory: 243712K Free: 164066K (67%)
...............................................................1068 ms. Memory: 335872K Free: 153089K (46%)
/home/travis/build/icyphy/ptII/ptolemy/actor/lib/test/Test.tcl
 The next command will produce a warning about training mode,
   which may be ignored.
6 ms. Memory: 335872K Free: 151026K (45%)
3 ms. Memory: 335872K Free: 150531K (45%)
1 ms. Memory: 335872K Free: 150002K (45%)
1 ms. Memory: 335872K Free: 148962K (44%)
3 ms. Memory: 335872K Free: 148483K (44%)
3 ms. Memory: 335872K Free: 147459K (44%)
3 ms. Memory: 335872K Free: 145914K (43%)
 The next command will produce a warning about training mode,
   which may be ignored.
12 ms. Memory: 335872K Free: 143866K (43%)
 The next command will produce a warning about training mode,
   which may be ignored.
2 ms. Memory: 335872K Free: 142339K (42%)
1 ms. Memory: 335872K Free: 142339K (42%)
1 ms. Memory: 335872K Free: 141825K (42%)
4 ms. Memory: 335872K Free: 141315K (42%)
12 ms. Memory: 335872K Free: 140291K (42%)
4 ms. Memory: 335872K Free: 136195K (41%)
/home/travis/build/icyphy/ptII/ptolemy/actor/lib/test/TestExceptionHandler.tcl
 The next command will produce a warning about training mode,
   which may be ignored.
4 ms. Memory: 335872K Free: 135171K (40%)
1 ms. Memory: 335872K Free: 134642K (40%)
1 ms. Memory: 335872K Free: 134147K (40%)
/home/travis/build/icyphy/ptII/ptolemy/actor/lib/test/UnionDisassembler.tcl
31 ms. Memory: 335872K Free: 126979K (38%)
/home/travis/build/icyphy/ptII/ptolemy/actor/lib/test/VariableClock.tcl
preinitializing
resolving types
initializing
executing number 1
wrapping up
idle
11 ms. Memory: 335872K Free: 124931K (37%)
Completed execution with 11 iterations
preinitializing
resolving types
initializing
executing number 1
wrapping up
idle
3 ms. Memory: 335872K Free: 123393K (37%)
Completed execution with 10 iterations
07/06/19 06:38:38
Failed: 2  Total Tests: 234  ((Passed: 232, Newly Passed: 0)  Known Failed: 0) /home/travis/build/icyphy/ptII/ptolemy/actor/lib/test
----------------- testing (KnownFailure) /home/travis/build/icyphy/ptII/ptolemy/actor/lib/test/auto/knownFailedTests/PublisherPortToplevelSubscriber.xml
1 ms. Memory: 335872K Free: 120321K (36%)
Known Failure: java.lang.reflect.InvocationTargetException
----------------- testing (KnownFailure) /home/travis/build/icyphy/ptII/ptolemy/actor/lib/test/auto/knownFailedTests/PublisherSubscriberPortToplevel.xml
81 ms. Memory: 335872K Free: 290853K (87%)
Known Failure: java.lang.reflect.InvocationTargetException
----------------- testing (KnownFailure) /home/travis/build/icyphy/ptII/ptolemy/actor/lib/test/auto/knownFailedTests/PublisherSubscriptionAggregatorPort.xml
0 ms. Memory: 335872K Free: 286211K (85%)
Known Failure: java.lang.reflect.InvocationTargetException
----------------- testing (KnownFailure) /home/travis/build/icyphy/ptII/ptolemy/actor/lib/test/auto/knownFailedTests/sizedarray3.xml
7 ms. Memory: 335872K Free: 282115K (84%)
Known Failure: java.lang.reflect.InvocationTargetException
No auto/linux-amd64/*.xml tests in /home/travis/build/icyphy/ptII/ptolemy/actor/lib/test
AutoTests.java: About to close Vertx.
AutoTests.java: Vertx closed.

===========================================================================================
----------------- testing Sat Jul 06 06:38:39 UTC 2019 /home/travis/build/icyphy/ptII/ptolemy/actor/lib/test/auto/AbsoluteValue.xml
----------------- Instantiating /home/travis/build/icyphy/ptII/ptolemy/actor/lib/test/auto/AbsoluteValue.xml
4 ms. Memory: 335872K Free: 260097K (77%)
----------------- Invoking toplevel() on ptolemy.moml.MoMLSimpleApplication@28ce8c49
----------------- Done invoking toplevel() on ptolemy.moml.MoMLSimpleApplication@28ce8c49
reloadAllAccessors: .AbsoluteValue

===========================================================================================
----------------- testing Sat Jul 06 06:38:39 UTC 2019 /home/travis/build/icyphy/ptII/ptolemy/actor/lib/test/auto/AbsoluteValue2.xml
----------------- Instantiating /home/travis/build/icyphy/ptII/ptolemy/actor/lib/test/auto/AbsoluteValue2.xml
6 ms. Memory: 335872K Free: 252929K (75%)
----------------- Invoking toplevel() on ptolemy.moml.MoMLSimpleApplication@2098c8e6
----------------- Done invoking toplevel() on ptolemy.moml.MoMLSimpleApplication@2098c8e6
reloadAllAccessors: .AbsoluteValue2

===========================================================================================
----------------- testing Sat Jul 06 06:38:39 UTC 2019 /home/travis/build/icyphy/ptII/ptolemy/actor/lib/test/auto/Accumulator.xml
----------------- Instantiating /home/travis/build/icyphy/ptII/ptolemy/actor/lib/test/auto/Accumulator.xml
5 ms. Memory: 335872K Free: 246785K (73%)
----------------- Invoking toplevel() on ptolemy.moml.MoMLSimpleApplication@5d44026f
----------------- Done invoking toplevel() on ptolemy.moml.MoMLSimpleApplication@5d44026f
reloadAllAccessors: .Accumulator

===========================================================================================
----------------- testing Sat Jul 06 06:38:39 UTC 2019 /home/travis/build/icyphy/ptII/ptolemy/actor/lib/test/auto/Accumulator2.xml
----------------- Instantiating /home/travis/build/icyphy/ptII/ptolemy/actor/lib/test/auto/Accumulator2.xml
3 ms. Memory: 335872K Free: 241155K (72%)
----------------- Invoking toplevel() on ptolemy.moml.MoMLSimpleApplication@36a5eec3
----------------- Done invoking toplevel() on ptolemy.moml.MoMLSimpleApplication@36a5eec3
reloadAllAccessors: .Accumulator2

===========================================================================================
----------------- testing Sat Jul 06 06:38:39 UTC 2019 /home/travis/build/icyphy/ptII/ptolemy/actor/lib/test/auto/Accumulator3.xml
----------------- Instantiating /home/travis/build/icyphy/ptII/ptolemy/actor/lib/test/auto/Accumulator3.xml
3 ms. Memory: 335872K Free: 237059K (71%)
----------------- Invoking toplevel() on ptolemy.moml.MoMLSimpleApplication@643941a2
----------------- Done invoking toplevel() on ptolemy.moml.MoMLSimpleApplication@643941a2
reloadAllAccessors: .Accumulator3

===========================================================================================
----------------- testing Sat Jul 06 06:38:39 UTC 2019 /home/travis/build/icyphy/ptII/ptolemy/actor/lib/test/auto/ArrayAppend.xml
----------------- Instantiating /home/travis/build/icyphy/ptII/ptolemy/actor/lib/test/auto/ArrayAppend.xml
5 ms. Memory: 335872K Free: 231410K (69%)
----------------- Invoking toplevel() on ptolemy.moml.MoMLSimpleApplication@2f094c3d
----------------- Done invoking toplevel() on ptolemy.moml.MoMLSimpleApplication@2f094c3d
reloadAllAccessors: .ArrayAppend

===========================================================================================
----------------- testing Sat Jul 06 06:38:39 UTC 2019 /home/travis/build/icyphy/ptII/ptolemy/actor/lib/test/auto/ArrayAppend2.xml
----------------- Instantiating /home/travis/build/icyphy/ptII/ptolemy/actor/lib/test/auto/ArrayAppend2.xml
350 ms. Memory: 335872K Free: 151553K (45%)
----------------- Invoking toplevel() on ptolemy.moml.MoMLSimpleApplication@2b39ccc7
----------------- Done invoking toplevel() on ptolemy.moml.MoMLSimpleApplication@2b39ccc7
reloadAllAccessors: .ArrayAppend2

===========================================================================================
----------------- testing Sat Jul 06 06:38:40 UTC 2019 /home/travis/build/icyphy/ptII/ptolemy/actor/lib/test/auto/ArrayAppend3.xml
----------------- Instantiating /home/travis/build/icyphy/ptII/ptolemy/actor/lib/test/auto/ArrayAppend3.xml
4 ms. Memory: 335872K Free: 147442K (44%)
----------------- Invoking toplevel() on ptolemy.moml.MoMLSimpleApplication@2a820c8f
----------------- Done invoking toplevel() on ptolemy.moml.MoMLSimpleApplication@2a820c8f
reloadAllAccessors: .ArrayAppend3

===========================================================================================
----------------- testing Sat Jul 06 06:38:40 UTC 2019 /home/travis/build/icyphy/ptII/ptolemy/actor/lib/test/auto/ArrayAppend4.xml
----------------- Instantiating /home/travis/build/icyphy/ptII/ptolemy/actor/lib/test/auto/ArrayAppend4.xml
5 ms. Memory: 335872K Free: 142337K (42%)
----------------- Invoking toplevel() on ptolemy.moml.MoMLSimpleApplication@507f78d2
----------------- Done invoking toplevel() on ptolemy.moml.MoMLSimpleApplication@507f78d2
reloadAllAccessors: .ArrayAppend4

===========================================================================================
----------------- testing Sat Jul 06 06:38:40 UTC 2019 /home/travis/build/icyphy/ptII/ptolemy/actor/lib/test/auto/ArrayAppend5.xml
----------------- Instantiating /home/travis/build/icyphy/ptII/ptolemy/actor/lib/test/auto/ArrayAppend5.xml
3 ms. Memory: 335872K Free: 137731K (41%)
----------------- Invoking toplevel() on ptolemy.moml.MoMLSimpleApplication@71ef5657
----------------- Done invoking toplevel() on ptolemy.moml.MoMLSimpleApplication@71ef5657
reloadAllAccessors: .ArrayAppend5

===========================================================================================
----------------- testing Sat Jul 06 06:38:40 UTC 2019 /home/travis/build/icyphy/ptII/ptolemy/actor/lib/test/auto/ArrayAppend6.xml
----------------- Instantiating /home/travis/build/icyphy/ptII/ptolemy/actor/lib/test/auto/ArrayAppend6.xml
3 ms. Memory: 335872K Free: 132097K (39%)
----------------- Invoking toplevel() on ptolemy.moml.MoMLSimpleApplication@78261a63
----------------- Done invoking toplevel() on ptolemy.moml.MoMLSimpleApplication@78261a63
reloadAllAccessors: .ArrayAppend6

===========================================================================================
----------------- testing Sat Jul 06 06:38:40 UTC 2019 /home/travis/build/icyphy/ptII/ptolemy/actor/lib/test/auto/ArrayAppendPerformanceTest.xml
----------------- Instantiating /home/travis/build/icyphy/ptII/ptolemy/actor/lib/test/auto/ArrayAppendPerformanceTest.xml
34 ms. Memory: 335872K Free: 121857K (36%)
----------------- Invoking toplevel() on ptolemy.moml.MoMLSimpleApplication@397a5eaa
----------------- Done invoking toplevel() on ptolemy.moml.MoMLSimpleApplication@397a5eaa
reloadAllAccessors: .ArrayAppendPerformanceTest

===========================================================================================
----------------- testing Sat Jul 06 06:38:40 UTC 2019 /home/travis/build/icyphy/ptII/ptolemy/actor/lib/test/auto/ArrayAppendWithEmptyInput.xml
----------------- Instantiating /home/travis/build/icyphy/ptII/ptolemy/actor/lib/test/auto/ArrayAppendWithEmptyInput.xml
18 ms. Memory: 335872K Free: 287617K (86%)
----------------- Invoking toplevel() on ptolemy.moml.MoMLSimpleApplication@211400cd
----------------- Done invoking toplevel() on ptolemy.moml.MoMLSimpleApplication@211400cd
reloadAllAccessors: .ArrayAppendWithEmptyInput

===========================================================================================
----------------- testing Sat Jul 06 06:38:40 UTC 2019 /home/travis/build/icyphy/ptII/ptolemy/actor/lib/test/auto/ArrayAverage.xml
----------------- Instantiating /home/travis/build/icyphy/ptII/ptolemy/actor/lib/test/auto/ArrayAverage.xml
13 ms. Memory: 335872K Free: 279425K (83%)
----------------- Invoking toplevel() on ptolemy.moml.MoMLSimpleApplication@6c4e1351
----------------- Done invoking toplevel() on ptolemy.moml.MoMLSimpleApplication@6c4e1351
reloadAllAccessors: .ArrayAverage

===========================================================================================
----------------- testing Sat Jul 06 06:38:40 UTC 2019 /home/travis/build/icyphy/ptII/ptolemy/actor/lib/test/auto/ArrayContains.xml
----------------- Instantiating /home/travis/build/icyphy/ptII/ptolemy/actor/lib/test/auto/ArrayContains.xml
7 ms. Memory: 335872K Free: 273791K (82%)
----------------- Invoking toplevel() on ptolemy.moml.MoMLSimpleApplication@490eefe1
----------------- Done invoking toplevel() on ptolemy.moml.MoMLSimpleApplication@490eefe1
reloadAllAccessors: .ArrayContains

===========================================================================================
----------------- testing Sat Jul 06 06:38:40 UTC 2019 /home/travis/build/icyphy/ptII/ptolemy/actor/lib/test/auto/ArrayElement.xml
----------------- Instantiating /home/travis/build/icyphy/ptII/ptolemy/actor/lib/test/auto/ArrayElement.xml
8 ms. Memory: 335872K Free: 267647K (80%)
----------------- Invoking toplevel() on ptolemy.moml.MoMLSimpleApplication@40f46dcb
----------------- Done invoking toplevel() on ptolemy.moml.MoMLSimpleApplication@40f46dcb
reloadAllAccessors: .ArrayElement

===========================================================================================
----------------- testing Sat Jul 06 06:38:40 UTC 2019 /home/travis/build/icyphy/ptII/ptolemy/actor/lib/test/auto/ArrayElementAsMatrix.xml
----------------- Instantiating /home/travis/build/icyphy/ptII/ptolemy/actor/lib/test/auto/ArrayElementAsMatrix.xml
16 ms. Memory: 335872K Free: 257921K (77%)
----------------- Invoking toplevel() on ptolemy.moml.MoMLSimpleApplication@70cbb9ce
----------------- Done invoking toplevel() on ptolemy.moml.MoMLSimpleApplication@70cbb9ce
reloadAllAccessors: .ArrayElementAsMatrix

===========================================================================================
----------------- testing Sat Jul 06 06:38:40 UTC 2019 /home/travis/build/icyphy/ptII/ptolemy/actor/lib/test/auto/ArrayElementI.xml
----------------- Instantiating /home/travis/build/icyphy/ptII/ptolemy/actor/lib/test/auto/ArrayElementI.xml
5 ms. Memory: 335872K Free: 252272K (75%)
----------------- Invoking toplevel() on ptolemy.moml.MoMLSimpleApplication@3406587b
----------------- Done invoking toplevel() on ptolemy.moml.MoMLSimpleApplication@3406587b
reloadAllAccessors: .ArrayElementI

===========================================================================================
----------------- testing Sat Jul 06 06:38:40 UTC 2019 /home/travis/build/icyphy/ptII/ptolemy/actor/lib/test/auto/ArrayExtract.xml
----------------- Instantiating /home/travis/build/icyphy/ptII/ptolemy/actor/lib/test/auto/ArrayExtract.xml
5 ms. Memory: 335872K Free: 244609K (73%)
----------------- Invoking toplevel() on ptolemy.moml.MoMLSimpleApplication@b25f986
----------------- Done invoking toplevel() on ptolemy.moml.MoMLSimpleApplication@b25f986
reloadAllAccessors: .ArrayExtract

===========================================================================================
----------------- testing Sat Jul 06 06:38:40 UTC 2019 /home/travis/build/icyphy/ptII/ptolemy/actor/lib/test/auto/ArrayExtract2.xml
----------------- Instantiating /home/travis/build/icyphy/ptII/ptolemy/actor/lib/test/auto/ArrayExtract2.xml
3 ms. Memory: 335872K Free: 238944K (71%)
----------------- Invoking toplevel() on ptolemy.moml.MoMLSimpleApplication@487dee71
----------------- Done invoking toplevel() on ptolemy.moml.MoMLSimpleApplication@487dee71
reloadAllAccessors: .ArrayExtract2

===========================================================================================
----------------- testing Sat Jul 06 06:38:40 UTC 2019 /home/travis/build/icyphy/ptII/ptolemy/actor/lib/test/auto/ArrayLength.xml
----------------- Instantiating /home/travis/build/icyphy/ptII/ptolemy/actor/lib/test/auto/ArrayLength.xml
2 ms. Memory: 335872K Free: 235393K (70%)
----------------- Invoking toplevel() on ptolemy.moml.MoMLSimpleApplication@756ec793
----------------- Done invoking toplevel() on ptolemy.moml.MoMLSimpleApplication@756ec793
reloadAllAccessors: .ArrayLength

===========================================================================================
----------------- testing Sat Jul 06 06:38:40 UTC 2019 /home/travis/build/icyphy/ptII/ptolemy/actor/lib/test/auto/ArrayLevelCrossing.xml
----------------- Instantiating /home/travis/build/icyphy/ptII/ptolemy/actor/lib/test/auto/ArrayLevelCrossing.xml
5 ms. Memory: 335872K Free: 227201K (68%)
----------------- Invoking toplevel() on ptolemy.moml.MoMLSimpleApplication@7a81f61f
----------------- Done invoking toplevel() on ptolemy.moml.MoMLSimpleApplication@7a81f61f
reloadAllAccessors: .ArrayLevelCrossing

===========================================================================================
----------------- testing Sat Jul 06 06:38:40 UTC 2019 /home/travis/build/icyphy/ptII/ptolemy/actor/lib/test/auto/ArrayLevelCrossing2.xml
----------------- Instantiating /home/travis/build/icyphy/ptII/ptolemy/actor/lib/test/auto/ArrayLevelCrossing2.xml
4 ms. Memory: 335872K Free: 220528K (66%)
----------------- Invoking toplevel() on ptolemy.moml.MoMLSimpleApplication@265af9a2
----------------- Done invoking toplevel() on ptolemy.moml.MoMLSimpleApplication@265af9a2
reloadAllAccessors: .ArrayLevelCrossing2

===========================================================================================
----------------- testing Sat Jul 06 06:38:40 UTC 2019 /home/travis/build/icyphy/ptII/ptolemy/actor/lib/test/auto/ArrayPeakSearch.xml
----------------- Instantiating /home/travis/build/icyphy/ptII/ptolemy/actor/lib/test/auto/ArrayPeakSearch.xml
7 ms. Memory: 335872K Free: 211327K (63%)
----------------- Invoking toplevel() on ptolemy.moml.MoMLSimpleApplication@5e4054c6
----------------- Done invoking toplevel() on ptolemy.moml.MoMLSimpleApplication@5e4054c6
reloadAllAccessors: .ArrayPeakSearch

===========================================================================================
----------------- testing Sat Jul 06 06:38:41 UTC 2019 /home/travis/build/icyphy/ptII/ptolemy/actor/lib/test/auto/ArrayPeakSearch2.xml
----------------- Instantiating /home/travis/build/icyphy/ptII/ptolemy/actor/lib/test/auto/ArrayPeakSearch2.xml
7 ms. Memory: 335872K Free: 201072K (60%)
----------------- Invoking toplevel() on ptolemy.moml.MoMLSimpleApplication@66cd0ece
----------------- Done invoking toplevel() on ptolemy.moml.MoMLSimpleApplication@66cd0ece
reloadAllAccessors: .ArrayPeakSearch2

===========================================================================================
----------------- testing Sat Jul 06 06:38:41 UTC 2019 /home/travis/build/icyphy/ptII/ptolemy/actor/lib/test/auto/ArrayPeakSearch3.xml
----------------- Instantiating /home/travis/build/icyphy/ptII/ptolemy/actor/lib/test/auto/ArrayPeakSearch3.xml
4 ms. Memory: 335872K Free: 191871K (57%)
----------------- Invoking toplevel() on ptolemy.moml.MoMLSimpleApplication@67d8911
----------------- Done invoking toplevel() on ptolemy.moml.MoMLSimpleApplication@67d8911
reloadAllAccessors: .ArrayPeakSearch3

===========================================================================================
----------------- testing Sat Jul 06 06:38:41 UTC 2019 /home/travis/build/icyphy/ptII/ptolemy/actor/lib/test/auto/ArrayRemoveElement.xml
----------------- Instantiating /home/travis/build/icyphy/ptII/ptolemy/actor/lib/test/auto/ArrayRemoveElement.xml
3 ms. Memory: 335872K Free: 184193K (55%)
----------------- Invoking toplevel() on ptolemy.moml.MoMLSimpleApplication@2151c925
----------------- Done invoking toplevel() on ptolemy.moml.MoMLSimpleApplication@2151c925
reloadAllAccessors: .ArrayRemoveElement

===========================================================================================
----------------- testing Sat Jul 06 06:38:41 UTC 2019 /home/travis/build/icyphy/ptII/ptolemy/actor/lib/test/auto/ArraySort.xml
----------------- Instantiating /home/travis/build/icyphy/ptII/ptolemy/actor/lib/test/auto/ArraySort.xml
10 ms. Memory: 335872K Free: 174977K (52%)
----------------- Invoking toplevel() on ptolemy.moml.MoMLSimpleApplication@712fc12c
----------------- Done invoking toplevel() on ptolemy.moml.MoMLSimpleApplication@712fc12c
reloadAllAccessors: .ArraySort

===========================================================================================
----------------- testing Sat Jul 06 06:38:41 UTC 2019 /home/travis/build/icyphy/ptII/ptolemy/actor/lib/test/auto/ArraySum.xml
----------------- Instantiating /home/travis/build/icyphy/ptII/ptolemy/actor/lib/test/auto/ArraySum.xml
5 ms. Memory: 335872K Free: 169857K (51%)
----------------- Invoking toplevel() on ptolemy.moml.MoMLSimpleApplication@da38e58
----------------- Done invoking toplevel() on ptolemy.moml.MoMLSimpleApplication@da38e58
reloadAllAccessors: .ArraySum

===========================================================================================
----------------- testing Sat Jul 06 06:38:41 UTC 2019 /home/travis/build/icyphy/ptII/ptolemy/actor/lib/test/auto/ArrayToElements.xml
----------------- Instantiating /home/travis/build/icyphy/ptII/ptolemy/actor/lib/test/auto/ArrayToElements.xml
7 ms. Memory: 335872K Free: 164223K (49%)
----------------- Invoking toplevel() on ptolemy.moml.MoMLSimpleApplication@2b03a762
----------------- Done invoking toplevel() on ptolemy.moml.MoMLSimpleApplication@2b03a762
reloadAllAccessors: .ArrayToElements

===========================================================================================
----------------- testing Sat Jul 06 06:38:41 UTC 2019 /home/travis/build/icyphy/ptII/ptolemy/actor/lib/test/auto/ArrayToMatrix.xml
----------------- Instantiating /home/travis/build/icyphy/ptII/ptolemy/actor/lib/test/auto/ArrayToMatrix.xml
23 ms. Memory: 335872K Free: 150401K (45%)
----------------- Invoking toplevel() on ptolemy.moml.MoMLSimpleApplication@190a86f9
----------------- Done invoking toplevel() on ptolemy.moml.MoMLSimpleApplication@190a86f9
reloadAllAccessors: .ArrayToMatrix

===========================================================================================
----------------- testing Sat Jul 06 06:38:41 UTC 2019 /home/travis/build/icyphy/ptII/ptolemy/actor/lib/test/auto/ArrayUpdate1.xml
----------------- Instantiating /home/travis/build/icyphy/ptII/ptolemy/actor/lib/test/auto/ArrayUpdate1.xml
3 ms. Memory: 335872K Free: 145281K (43%)
----------------- Invoking toplevel() on ptolemy.moml.MoMLSimpleApplication@634c8c0b
----------------- Done invoking toplevel() on ptolemy.moml.MoMLSimpleApplication@634c8c0b
reloadAllAccessors: .ArrayUpdate1

===========================================================================================
----------------- testing Sat Jul 06 06:38:41 UTC 2019 /home/travis/build/icyphy/ptII/ptolemy/actor/lib/test/auto/ArrayUpdate2.xml
----------------- Instantiating /home/travis/build/icyphy/ptII/ptolemy/actor/lib/test/auto/ArrayUpdate2.xml
10 ms. Memory: 335872K Free: 139647K (42%)
----------------- Invoking toplevel() on ptolemy.moml.MoMLSimpleApplication@59baa059
----------------- Done invoking toplevel() on ptolemy.moml.MoMLSimpleApplication@59baa059
reloadAllAccessors: .ArrayUpdate2

===========================================================================================
----------------- testing Sat Jul 06 06:38:41 UTC 2019 /home/travis/build/icyphy/ptII/ptolemy/actor/lib/test/auto/ArrayUpdate3.xml
----------------- Instantiating /home/travis/build/icyphy/ptII/ptolemy/actor/lib/test/auto/ArrayUpdate3.xml
6 ms. Memory: 335872K Free: 134527K (40%)
----------------- Invoking toplevel() on ptolemy.moml.MoMLSimpleApplication@a7aa6db
----------------- Done invoking toplevel() on ptolemy.moml.MoMLSimpleApplication@a7aa6db
reloadAllAccessors: .ArrayUpdate3

===========================================================================================
----------------- testing Sat Jul 06 06:38:41 UTC 2019 /home/travis/build/icyphy/ptII/ptolemy/actor/lib/test/auto/Assert1.xml
----------------- Instantiating /home/travis/build/icyphy/ptII/ptolemy/actor/lib/test/auto/Assert1.xml
6 ms. Memory: 335872K Free: 130431K (39%)
----------------- Invoking toplevel() on ptolemy.moml.MoMLSimpleApplication@721d76dd
----------------- Done invoking toplevel() on ptolemy.moml.MoMLSimpleApplication@721d76dd
reloadAllAccessors: .Assert1

===========================================================================================
----------------- testing Sat Jul 06 06:38:41 UTC 2019 /home/travis/build/icyphy/ptII/ptolemy/actor/lib/test/auto/Assert2.xml
----------------- Instantiating /home/travis/build/icyphy/ptII/ptolemy/actor/lib/test/auto/Assert2.xml
2 ms. Memory: 335872K Free: 125311K (37%)
----------------- Invoking toplevel() on ptolemy.moml.MoMLSimpleApplication@1066a74
----------------- Done invoking toplevel() on ptolemy.moml.MoMLSimpleApplication@1066a74
reloadAllAccessors: .Assert2

===========================================================================================
----------------- testing Sat Jul 06 06:38:41 UTC 2019 /home/travis/build/icyphy/ptII/ptolemy/actor/lib/test/auto/BooleanMultiplexor.xml
----------------- Instantiating /home/travis/build/icyphy/ptII/ptolemy/actor/lib/test/auto/BooleanMultiplexor.xml
2 ms. Memory: 335872K Free: 120176K (36%)
----------------- Invoking toplevel() on ptolemy.moml.MoMLSimpleApplication@52f70616
----------------- Done invoking toplevel() on ptolemy.moml.MoMLSimpleApplication@52f70616
reloadAllAccessors: .BooleanMultiplexor

===========================================================================================
----------------- testing Sat Jul 06 06:38:41 UTC 2019 /home/travis/build/icyphy/ptII/ptolemy/actor/lib/test/auto/BooleanMultiplexor2.xml
----------------- Instantiating /home/travis/build/icyphy/ptII/ptolemy/actor/lib/test/auto/BooleanMultiplexor2.xml
12 ms. Memory: 335872K Free: 113537K (34%)
----------------- Invoking toplevel() on ptolemy.moml.MoMLSimpleApplication@7938dbb3
----------------- Done invoking toplevel() on ptolemy.moml.MoMLSimpleApplication@7938dbb3
reloadAllAccessors: .BooleanMultiplexor2

===========================================================================================
----------------- testing Sat Jul 06 06:38:41 UTC 2019 /home/travis/build/icyphy/ptII/ptolemy/actor/lib/test/auto/BooleanMultiplexor3.xml
----------------- Instantiating /home/travis/build/icyphy/ptII/ptolemy/actor/lib/test/auto/BooleanMultiplexor3.xml
4 ms. Memory: 335872K Free: 109951K (33%)
----------------- Invoking toplevel() on ptolemy.moml.MoMLSimpleApplication@3e7a4db0
----------------- Done invoking toplevel() on ptolemy.moml.MoMLSimpleApplication@3e7a4db0
reloadAllAccessors: .BooleanMultiplexor3

===========================================================================================
----------------- testing Sat Jul 06 06:38:41 UTC 2019 /home/travis/build/icyphy/ptII/ptolemy/actor/lib/test/auto/BooleanSelect.xml
----------------- Instantiating /home/travis/build/icyphy/ptII/ptolemy/actor/lib/test/auto/BooleanSelect.xml
9 ms. Memory: 335872K Free: 103792K (31%)
----------------- Invoking toplevel() on ptolemy.moml.MoMLSimpleApplication@648bc54f
----------------- Done invoking toplevel() on ptolemy.moml.MoMLSimpleApplication@648bc54f
reloadAllAccessors: .BooleanSelect

===========================================================================================
----------------- testing Sat Jul 06 06:38:41 UTC 2019 /home/travis/build/icyphy/ptII/ptolemy/actor/lib/test/auto/BooleanSelect2.xml
----------------- Instantiating /home/travis/build/icyphy/ptII/ptolemy/actor/lib/test/auto/BooleanSelect2.xml
2 ms. Memory: 335872K Free: 99711K (30%)
----------------- Invoking toplevel() on ptolemy.moml.MoMLSimpleApplication@212a9fd7
----------------- Done invoking toplevel() on ptolemy.moml.MoMLSimpleApplication@212a9fd7
reloadAllAccessors: .BooleanSelect2

===========================================================================================
----------------- testing Sat Jul 06 06:38:41 UTC 2019 /home/travis/build/icyphy/ptII/ptolemy/actor/lib/test/auto/BooleanSwitch.xml
----------------- Instantiating /home/travis/build/icyphy/ptII/ptolemy/actor/lib/test/auto/BooleanSwitch.xml
7 ms. Memory: 335872K Free: 93567K (28%)
----------------- Invoking toplevel() on ptolemy.moml.MoMLSimpleApplication@3c62c2fc
----------------- Done invoking toplevel() on ptolemy.moml.MoMLSimpleApplication@3c62c2fc
reloadAllAccessors: .BooleanSwitch

===========================================================================================
----------------- testing Sat Jul 06 06:38:41 UTC 2019 /home/travis/build/icyphy/ptII/ptolemy/actor/lib/test/auto/BooleanSwitch2.xml
----------------- Instantiating /home/travis/build/icyphy/ptII/ptolemy/actor/lib/test/auto/BooleanSwitch2.xml
1 ms. Memory: 598016K Free: 550271K (92%)
----------------- Invoking toplevel() on ptolemy.moml.MoMLSimpleApplication@56f48aa1
----------------- Done invoking toplevel() on ptolemy.moml.MoMLSimpleApplication@56f48aa1
reloadAllAccessors: .BooleanSwitch2

===========================================================================================
----------------- testing Sat Jul 06 06:38:41 UTC 2019 /home/travis/build/icyphy/ptII/ptolemy/actor/lib/test/auto/BooleanSwitchCloningBugWithClassRelationGroup.xml
----------------- Instantiating /home/travis/build/icyphy/ptII/ptolemy/actor/lib/test/auto/BooleanSwitchCloningBugWithClassRelationGroup.xml
4 ms. Memory: 598016K Free: 543617K (91%)
----------------- Invoking toplevel() on ptolemy.moml.MoMLSimpleApplication@f255882
----------------- Done invoking toplevel() on ptolemy.moml.MoMLSimpleApplication@f255882
reloadAllAccessors: .BooleanSwitchCloningBugWithClassRelationGroup

===========================================================================================
----------------- testing Sat Jul 06 06:38:41 UTC 2019 /home/travis/build/icyphy/ptII/ptolemy/actor/lib/test/auto/BusActors.xml
----------------- Instantiating /home/travis/build/icyphy/ptII/ptolemy/actor/lib/test/auto/BusActors.xml
4 ms. Memory: 598016K Free: 535425K (90%)
----------------- Invoking toplevel() on ptolemy.moml.MoMLSimpleApplication@3944fb56
----------------- Done invoking toplevel() on ptolemy.moml.MoMLSimpleApplication@3944fb56
reloadAllAccessors: .BusActors

===========================================================================================
----------------- testing Sat Jul 06 06:38:41 UTC 2019 /home/travis/build/icyphy/ptII/ptolemy/actor/lib/test/auto/ClassWrapper.xml
----------------- Instantiating /home/travis/build/icyphy/ptII/ptolemy/actor/lib/test/auto/ClassWrapper.xml
3 ms. Memory: 598016K Free: 531329K (89%)
----------------- Invoking toplevel() on ptolemy.moml.MoMLSimpleApplication@149e14cb
----------------- Done invoking toplevel() on ptolemy.moml.MoMLSimpleApplication@149e14cb
reloadAllAccessors: .ClassWrapper

===========================================================================================
----------------- testing Sat Jul 06 06:38:41 UTC 2019 /home/travis/build/icyphy/ptII/ptolemy/actor/lib/test/auto/Clock.xml
----------------- Instantiating /home/travis/build/icyphy/ptII/ptolemy/actor/lib/test/auto/Clock.xml
2 ms. Memory: 598016K Free: 527233K (88%)
----------------- Invoking toplevel() on ptolemy.moml.MoMLSimpleApplication@804553f
----------------- Done invoking toplevel() on ptolemy.moml.MoMLSimpleApplication@804553f
reloadAllAccessors: .Clock

===========================================================================================
----------------- testing Sat Jul 06 06:38:41 UTC 2019 /home/travis/build/icyphy/ptII/ptolemy/actor/lib/test/auto/Clock10.xml
----------------- Instantiating /home/travis/build/icyphy/ptII/ptolemy/actor/lib/test/auto/Clock10.xml
5 ms. Memory: 598016K Free: 521599K (87%)
----------------- Invoking toplevel() on ptolemy.moml.MoMLSimpleApplication@58944dca
----------------- Done invoking toplevel() on ptolemy.moml.MoMLSimpleApplication@58944dca
reloadAllAccessors: .Clock10

===========================================================================================
----------------- testing Sat Jul 06 06:38:41 UTC 2019 /home/travis/build/icyphy/ptII/ptolemy/actor/lib/test/auto/Clock11.xml
----------------- Instantiating /home/travis/build/icyphy/ptII/ptolemy/actor/lib/test/auto/Clock11.xml
5 ms. Memory: 598016K Free: 515455K (86%)
----------------- Invoking toplevel() on ptolemy.moml.MoMLSimpleApplication@4fa6abd4
----------------- Done invoking toplevel() on ptolemy.moml.MoMLSimpleApplication@4fa6abd4
reloadAllAccessors: .Clock11

===========================================================================================
----------------- testing Sat Jul 06 06:38:41 UTC 2019 /home/travis/build/icyphy/ptII/ptolemy/actor/lib/test/auto/Clock12.xml
----------------- Instantiating /home/travis/build/icyphy/ptII/ptolemy/actor/lib/test/auto/Clock12.xml
5 ms. Memory: 598016K Free: 509825K (85%)
----------------- Invoking toplevel() on ptolemy.moml.MoMLSimpleApplication@7e5b1d84
----------------- Done invoking toplevel() on ptolemy.moml.MoMLSimpleApplication@7e5b1d84
reloadAllAccessors: .Clock12

===========================================================================================
----------------- testing Sat Jul 06 06:38:41 UTC 2019 /home/travis/build/icyphy/ptII/ptolemy/actor/lib/test/auto/Clock13.xml
----------------- Instantiating /home/travis/build/icyphy/ptII/ptolemy/actor/lib/test/auto/Clock13.xml
7 ms. Memory: 598016K Free: 503681K (84%)
----------------- Invoking toplevel() on ptolemy.moml.MoMLSimpleApplication@44fa6f09
----------------- Done invoking toplevel() on ptolemy.moml.MoMLSimpleApplication@44fa6f09
reloadAllAccessors: .Clock13

===========================================================================================
----------------- testing Sat Jul 06 06:38:42 UTC 2019 /home/travis/build/icyphy/ptII/ptolemy/actor/lib/test/auto/Clock14.xml
----------------- Instantiating /home/travis/build/icyphy/ptII/ptolemy/actor/lib/test/auto/Clock14.xml
4 ms. Memory: 598016K Free: 498032K (83%)
----------------- Invoking toplevel() on ptolemy.moml.MoMLSimpleApplication@9a8032e
----------------- Done invoking toplevel() on ptolemy.moml.MoMLSimpleApplication@9a8032e
reloadAllAccessors: .Clock14

===========================================================================================
----------------- testing Sat Jul 06 06:38:42 UTC 2019 /home/travis/build/icyphy/ptII/ptolemy/actor/lib/test/auto/Clock15.xml
----------------- Instantiating /home/travis/build/icyphy/ptII/ptolemy/actor/lib/test/auto/Clock15.xml
3 ms. Memory: 598016K Free: 491872K (82%)
----------------- Invoking toplevel() on ptolemy.moml.MoMLSimpleApplication@316a76f2
----------------- Done invoking toplevel() on ptolemy.moml.MoMLSimpleApplication@316a76f2
reloadAllAccessors: .Clock15

===========================================================================================
----------------- testing Sat Jul 06 06:38:42 UTC 2019 /home/travis/build/icyphy/ptII/ptolemy/actor/lib/test/auto/Clock16.xml
----------------- Instantiating /home/travis/build/icyphy/ptII/ptolemy/actor/lib/test/auto/Clock16.xml
33 ms. Memory: 598016K Free: 477552K (80%)
----------------- Invoking toplevel() on ptolemy.moml.MoMLSimpleApplication@f4a386c
----------------- Done invoking toplevel() on ptolemy.moml.MoMLSimpleApplication@f4a386c
reloadAllAccessors: .Clock16

===========================================================================================
----------------- testing Sat Jul 06 06:38:42 UTC 2019 /home/travis/build/icyphy/ptII/ptolemy/actor/lib/test/auto/Clock17.xml
----------------- Instantiating /home/travis/build/icyphy/ptII/ptolemy/actor/lib/test/auto/Clock17.xml
26 ms. Memory: 598016K Free: 463216K (77%)
----------------- Invoking toplevel() on ptolemy.moml.MoMLSimpleApplication@62b9a0e3
----------------- Done invoking toplevel() on ptolemy.moml.MoMLSimpleApplication@62b9a0e3
reloadAllAccessors: .Clock17

===========================================================================================
----------------- testing Sat Jul 06 06:38:42 UTC 2019 /home/travis/build/icyphy/ptII/ptolemy/actor/lib/test/auto/Clock18.xml
----------------- Instantiating /home/travis/build/icyphy/ptII/ptolemy/actor/lib/test/auto/Clock18.xml
26 ms. Memory: 598016K Free: 449904K (75%)
----------------- Invoking toplevel() on ptolemy.moml.MoMLSimpleApplication@43db63b3
----------------- Done invoking toplevel() on ptolemy.moml.MoMLSimpleApplication@43db63b3
reloadAllAccessors: .Clock18

===========================================================================================
----------------- testing Sat Jul 06 06:38:42 UTC 2019 /home/travis/build/icyphy/ptII/ptolemy/actor/lib/test/auto/Clock19.xml
----------------- Instantiating /home/travis/build/icyphy/ptII/ptolemy/actor/lib/test/auto/Clock19.xml
15 ms. Memory: 598016K Free: 437121K (73%)
----------------- Invoking toplevel() on ptolemy.moml.MoMLSimpleApplication@7197f9f9
----------------- Done invoking toplevel() on ptolemy.moml.MoMLSimpleApplication@7197f9f9
reloadAllAccessors: .Clock19

===========================================================================================
----------------- testing Sat Jul 06 06:38:42 UTC 2019 /home/travis/build/icyphy/ptII/ptolemy/actor/lib/test/auto/Clock2.xml
----------------- Instantiating /home/travis/build/icyphy/ptII/ptolemy/actor/lib/test/auto/Clock2.xml
8 ms. Memory: 598016K Free: 432504K (72%)
----------------- Invoking toplevel() on ptolemy.moml.MoMLSimpleApplication@58ee90e0
----------------- Done invoking toplevel() on ptolemy.moml.MoMLSimpleApplication@58ee90e0
reloadAllAccessors: .Clock2

===========================================================================================
----------------- testing Sat Jul 06 06:38:42 UTC 2019 /home/travis/build/icyphy/ptII/ptolemy/actor/lib/test/auto/Clock20.xml
----------------- Instantiating /home/travis/build/icyphy/ptII/ptolemy/actor/lib/test/auto/Clock20.xml
9 ms. Memory: 598016K Free: 427391K (71%)
----------------- Invoking toplevel() on ptolemy.moml.MoMLSimpleApplication@4cad9b38
----------------- Done invoking toplevel() on ptolemy.moml.MoMLSimpleApplication@4cad9b38
reloadAllAccessors: .Clock20

===========================================================================================
----------------- testing Sat Jul 06 06:38:42 UTC 2019 /home/travis/build/icyphy/ptII/ptolemy/actor/lib/test/auto/Clock21.xml
----------------- Instantiating /home/travis/build/icyphy/ptII/ptolemy/actor/lib/test/auto/Clock21.xml
8 ms. Memory: 598016K Free: 421761K (71%)
----------------- Invoking toplevel() on ptolemy.moml.MoMLSimpleApplication@62601821
----------------- Done invoking toplevel() on ptolemy.moml.MoMLSimpleApplication@62601821
reloadAllAccessors: .Clock21

===========================================================================================
----------------- testing Sat Jul 06 06:38:42 UTC 2019 /home/travis/build/icyphy/ptII/ptolemy/actor/lib/test/auto/Clock22.xml
----------------- Instantiating /home/travis/build/icyphy/ptII/ptolemy/actor/lib/test/auto/Clock22.xml
3 ms. Memory: 598016K Free: 416127K (70%)
----------------- Invoking toplevel() on ptolemy.moml.MoMLSimpleApplication@4e852344
----------------- Done invoking toplevel() on ptolemy.moml.MoMLSimpleApplication@4e852344
reloadAllAccessors: .Clock22

===========================================================================================
----------------- testing Sat Jul 06 06:38:42 UTC 2019 /home/travis/build/icyphy/ptII/ptolemy/actor/lib/test/auto/Clock23.xml
----------------- Instantiating /home/travis/build/icyphy/ptII/ptolemy/actor/lib/test/auto/Clock23.xml
5 ms. Memory: 598016K Free: 411007K (69%)
----------------- Invoking toplevel() on ptolemy.moml.MoMLSimpleApplication@68d83afd
----------------- Done invoking toplevel() on ptolemy.moml.MoMLSimpleApplication@68d83afd
reloadAllAccessors: .Clock23

===========================================================================================
----------------- testing Sat Jul 06 06:38:42 UTC 2019 /home/travis/build/icyphy/ptII/ptolemy/actor/lib/test/auto/Clock24.xml
----------------- Instantiating /home/travis/build/icyphy/ptII/ptolemy/actor/lib/test/auto/Clock24.xml
2 ms. Memory: 598016K Free: 405377K (68%)
----------------- Invoking toplevel() on ptolemy.moml.MoMLSimpleApplication@59d05c66
----------------- Done invoking toplevel() on ptolemy.moml.MoMLSimpleApplication@59d05c66
reloadAllAccessors: .Clock24

===========================================================================================
----------------- testing Sat Jul 06 06:38:42 UTC 2019 /home/travis/build/icyphy/ptII/ptolemy/actor/lib/test/auto/Clock4.xml
----------------- Instantiating /home/travis/build/icyphy/ptII/ptolemy/actor/lib/test/auto/Clock4.xml
2 ms. Memory: 598016K Free: 400736K (67%)
----------------- Invoking toplevel() on ptolemy.moml.MoMLSimpleApplication@944e5dd
----------------- Done invoking toplevel() on ptolemy.moml.MoMLSimpleApplication@944e5dd
reloadAllAccessors: .Clock4

===========================================================================================
----------------- testing Sat Jul 06 06:38:42 UTC 2019 /home/travis/build/icyphy/ptII/ptolemy/actor/lib/test/auto/Clock5.xml
----------------- Instantiating /home/travis/build/icyphy/ptII/ptolemy/actor/lib/test/auto/Clock5.xml
2 ms. Memory: 598016K Free: 395137K (66%)
----------------- Invoking toplevel() on ptolemy.moml.MoMLSimpleApplication@536d0527
----------------- Done invoking toplevel() on ptolemy.moml.MoMLSimpleApplication@536d0527
reloadAllAccessors: .Clock5

===========================================================================================
----------------- testing Sat Jul 06 06:38:42 UTC 2019 /home/travis/build/icyphy/ptII/ptolemy/actor/lib/test/auto/Clock6.xml
----------------- Instantiating /home/travis/build/icyphy/ptII/ptolemy/actor/lib/test/auto/Clock6.xml
2 ms. Memory: 598016K Free: 391041K (65%)
----------------- Invoking toplevel() on ptolemy.moml.MoMLSimpleApplication@a19f50d
----------------- Done invoking toplevel() on ptolemy.moml.MoMLSimpleApplication@a19f50d
reloadAllAccessors: .Clock6

===========================================================================================
----------------- testing Sat Jul 06 06:38:42 UTC 2019 /home/travis/build/icyphy/ptII/ptolemy/actor/lib/test/auto/Clock7.xml
----------------- Instantiating /home/travis/build/icyphy/ptII/ptolemy/actor/lib/test/auto/Clock7.xml
3 ms. Memory: 598016K Free: 386431K (65%)
----------------- Invoking toplevel() on ptolemy.moml.MoMLSimpleApplication@3e545721
----------------- Done invoking toplevel() on ptolemy.moml.MoMLSimpleApplication@3e545721
reloadAllAccessors: .Clock7

===========================================================================================
----------------- testing Sat Jul 06 06:38:42 UTC 2019 /home/travis/build/icyphy/ptII/ptolemy/actor/lib/test/auto/Clock8.xml
----------------- Instantiating /home/travis/build/icyphy/ptII/ptolemy/actor/lib/test/auto/Clock8.xml
3 ms. Memory: 598016K Free: 380801K (64%)
----------------- Invoking toplevel() on ptolemy.moml.MoMLSimpleApplication@6790c9f0
----------------- Done invoking toplevel() on ptolemy.moml.MoMLSimpleApplication@6790c9f0
reloadAllAccessors: .Clock8

===========================================================================================
----------------- testing Sat Jul 06 06:38:42 UTC 2019 /home/travis/build/icyphy/ptII/ptolemy/actor/lib/test/auto/Clock9.xml
----------------- Instantiating /home/travis/build/icyphy/ptII/ptolemy/actor/lib/test/auto/Clock9.xml
6 ms. Memory: 598016K Free: 375681K (63%)
----------------- Invoking toplevel() on ptolemy.moml.MoMLSimpleApplication@4847eaf9
----------------- Done invoking toplevel() on ptolemy.moml.MoMLSimpleApplication@4847eaf9
reloadAllAccessors: .Clock9

===========================================================================================
----------------- testing Sat Jul 06 06:38:42 UTC 2019 /home/travis/build/icyphy/ptII/ptolemy/actor/lib/test/auto/CommDistDiscard.xml
----------------- Instantiating /home/travis/build/icyphy/ptII/ptolemy/actor/lib/test/auto/CommDistDiscard.xml
6 ms. Memory: 598016K Free: 370047K (62%)
----------------- Invoking toplevel() on ptolemy.moml.MoMLSimpleApplication@65bc83e2
----------------- Done invoking toplevel() on ptolemy.moml.MoMLSimpleApplication@65bc83e2
reloadAllAccessors: .CommDistDiscard

===========================================================================================
----------------- testing Sat Jul 06 06:38:42 UTC 2019 /home/travis/build/icyphy/ptII/ptolemy/actor/lib/test/auto/Commutator.xml
----------------- Instantiating /home/travis/build/icyphy/ptII/ptolemy/actor/lib/test/auto/Commutator.xml
2 ms. Memory: 598016K Free: 365951K (61%)
----------------- Invoking toplevel() on ptolemy.moml.MoMLSimpleApplication@6e13c558
----------------- Done invoking toplevel() on ptolemy.moml.MoMLSimpleApplication@6e13c558
reloadAllAccessors: .Commutator

===========================================================================================
----------------- testing Sat Jul 06 06:38:42 UTC 2019 /home/travis/build/icyphy/ptII/ptolemy/actor/lib/test/auto/Commutator2.xml
----------------- Instantiating /home/travis/build/icyphy/ptII/ptolemy/actor/lib/test/auto/Commutator2.xml
2 ms. Memory: 598016K Free: 361345K (60%)
----------------- Invoking toplevel() on ptolemy.moml.MoMLSimpleApplication@7858295a
----------------- Done invoking toplevel() on ptolemy.moml.MoMLSimpleApplication@7858295a
reloadAllAccessors: .Commutator2

===========================================================================================
----------------- testing Sat Jul 06 06:38:42 UTC 2019 /home/travis/build/icyphy/ptII/ptolemy/actor/lib/test/auto/Commutator3.xml
----------------- Instantiating /home/travis/build/icyphy/ptII/ptolemy/actor/lib/test/auto/Commutator3.xml
3 ms. Memory: 598016K Free: 356735K (60%)
----------------- Invoking toplevel() on ptolemy.moml.MoMLSimpleApplication@57f6b48c
----------------- Done invoking toplevel() on ptolemy.moml.MoMLSimpleApplication@57f6b48c
reloadAllAccessors: .Commutator3

===========================================================================================
----------------- testing Sat Jul 06 06:38:42 UTC 2019 /home/travis/build/icyphy/ptII/ptolemy/actor/lib/test/auto/Compare.xml
----------------- Instantiating /home/travis/build/icyphy/ptII/ptolemy/actor/lib/test/auto/Compare.xml
3 ms. Memory: 598016K Free: 350591K (59%)
----------------- Invoking toplevel() on ptolemy.moml.MoMLSimpleApplication@2b19dd07
----------------- Done invoking toplevel() on ptolemy.moml.MoMLSimpleApplication@2b19dd07
reloadAllAccessors: .Compare

===========================================================================================
----------------- testing Sat Jul 06 06:38:42 UTC 2019 /home/travis/build/icyphy/ptII/ptolemy/actor/lib/test/auto/CompareDE.xml
----------------- Instantiating /home/travis/build/icyphy/ptII/ptolemy/actor/lib/test/auto/CompareDE.xml
5 ms. Memory: 598016K Free: 343408K (57%)
----------------- Invoking toplevel() on ptolemy.moml.MoMLSimpleApplication@34497f53
----------------- Done invoking toplevel() on ptolemy.moml.MoMLSimpleApplication@34497f53
reloadAllAccessors: .CompareDE

===========================================================================================
----------------- testing Sat Jul 06 06:38:42 UTC 2019 /home/travis/build/icyphy/ptII/ptolemy/actor/lib/test/auto/ComplexDivide.xml
----------------- Instantiating /home/travis/build/icyphy/ptII/ptolemy/actor/lib/test/auto/ComplexDivide.xml
8 ms. Memory: 598016K Free: 339841K (57%)
----------------- Invoking toplevel() on ptolemy.moml.MoMLSimpleApplication@421d4c0c
----------------- Done invoking toplevel() on ptolemy.moml.MoMLSimpleApplication@421d4c0c
reloadAllAccessors: .ComplexDivide

===========================================================================================
----------------- testing Sat Jul 06 06:38:42 UTC 2019 /home/travis/build/icyphy/ptII/ptolemy/actor/lib/test/auto/ComputeHistogram.xml
----------------- Instantiating /home/travis/build/icyphy/ptII/ptolemy/actor/lib/test/auto/ComputeHistogram.xml
37 ms. Memory: 598016K Free: 327039K (55%)
----------------- Invoking toplevel() on ptolemy.moml.MoMLSimpleApplication@4f37313a
----------------- Done invoking toplevel() on ptolemy.moml.MoMLSimpleApplication@4f37313a
reloadAllAccessors: .ComputeHistogram

===========================================================================================
----------------- testing Sat Jul 06 06:38:42 UTC 2019 /home/travis/build/icyphy/ptII/ptolemy/actor/lib/test/auto/ConfigurationSelect.xml
----------------- Instantiating /home/travis/build/icyphy/ptII/ptolemy/actor/lib/test/auto/ConfigurationSelect.xml
11 ms. Memory: 598016K Free: 321409K (54%)
----------------- Invoking toplevel() on ptolemy.moml.MoMLSimpleApplication@26eb98e
----------------- Done invoking toplevel() on ptolemy.moml.MoMLSimpleApplication@26eb98e
reloadAllAccessors: .ConfigurationSelect

===========================================================================================
----------------- testing Sat Jul 06 06:38:43 UTC 2019 /home/travis/build/icyphy/ptII/ptolemy/actor/lib/test/auto/ConfigurationSelect2.xml
----------------- Instantiating /home/travis/build/icyphy/ptII/ptolemy/actor/lib/test/auto/ConfigurationSelect2.xml
3 ms. Memory: 598016K Free: 317313K (53%)
----------------- Invoking toplevel() on ptolemy.moml.MoMLSimpleApplication@286515eb
----------------- Done invoking toplevel() on ptolemy.moml.MoMLSimpleApplication@286515eb
reloadAllAccessors: .ConfigurationSelect2

===========================================================================================
----------------- testing Sat Jul 06 06:38:43 UTC 2019 /home/travis/build/icyphy/ptII/ptolemy/actor/lib/test/auto/ConfigurationSwitch.xml
----------------- Instantiating /home/travis/build/icyphy/ptII/ptolemy/actor/lib/test/auto/ConfigurationSwitch.xml
11 ms. Memory: 598016K Free: 311679K (52%)
----------------- Invoking toplevel() on ptolemy.moml.MoMLSimpleApplication@24093c2a
----------------- Done invoking toplevel() on ptolemy.moml.MoMLSimpleApplication@24093c2a
reloadAllAccessors: .ConfigurationSwitch

===========================================================================================
----------------- testing Sat Jul 06 06:38:43 UTC 2019 /home/travis/build/icyphy/ptII/ptolemy/actor/lib/test/auto/ConfigurationSwitch2.xml
----------------- Instantiating /home/travis/build/icyphy/ptII/ptolemy/actor/lib/test/auto/ConfigurationSwitch2.xml
5 ms. Memory: 598016K Free: 306049K (51%)
----------------- Invoking toplevel() on ptolemy.moml.MoMLSimpleApplication@5db657e7
----------------- Done invoking toplevel() on ptolemy.moml.MoMLSimpleApplication@5db657e7
reloadAllAccessors: .ConfigurationSwitch2

===========================================================================================
----------------- testing Sat Jul 06 06:38:43 UTC 2019 /home/travis/build/icyphy/ptII/ptolemy/actor/lib/test/auto/ConfigurationSwitchCloningBugWithClassRelationGroup.xml
----------------- Instantiating /home/travis/build/icyphy/ptII/ptolemy/actor/lib/test/auto/ConfigurationSwitchCloningBugWithClassRelationGroup.xml
2 ms. Memory: 598016K Free: 299391K (50%)
----------------- Invoking toplevel() on ptolemy.moml.MoMLSimpleApplication@507406e4
----------------- Done invoking toplevel() on ptolemy.moml.MoMLSimpleApplication@507406e4
reloadAllAccessors: .ConfigurationSwitchCloningBugWithClassRelationGroup

===========================================================================================
----------------- testing Sat Jul 06 06:38:43 UTC 2019 /home/travis/build/icyphy/ptII/ptolemy/actor/lib/test/auto/ConfigurationSwitchSelectSDF.xml
----------------- Instantiating /home/travis/build/icyphy/ptII/ptolemy/actor/lib/test/auto/ConfigurationSwitchSelectSDF.xml
5 ms. Memory: 598016K Free: 293761K (49%)
----------------- Invoking toplevel() on ptolemy.moml.MoMLSimpleApplication@9c7b55f
----------------- Done invoking toplevel() on ptolemy.moml.MoMLSimpleApplication@9c7b55f
reloadAllAccessors: .ConfigurationSwitchSelectSDF

===========================================================================================
----------------- testing Sat Jul 06 06:38:43 UTC 2019 /home/travis/build/icyphy/ptII/ptolemy/actor/lib/test/auto/ConfigurationSwitchSelectSDF2.xml
----------------- Instantiating /home/travis/build/icyphy/ptII/ptolemy/actor/lib/test/auto/ConfigurationSwitchSelectSDF2.xml
2 ms. Memory: 598016K Free: 288127K (48%)
----------------- Invoking toplevel() on ptolemy.moml.MoMLSimpleApplication@f1a514f
----------------- Done invoking toplevel() on ptolemy.moml.MoMLSimpleApplication@f1a514f
reloadAllAccessors: .ConfigurationSwitchSelectSDF2

===========================================================================================
----------------- testing Sat Jul 06 06:38:43 UTC 2019 /home/travis/build/icyphy/ptII/ptolemy/actor/lib/test/auto/Const.xml
----------------- Instantiating /home/travis/build/icyphy/ptII/ptolemy/actor/lib/test/auto/Const.xml
1 ms. Memory: 598016K Free: 284545K (48%)
----------------- Invoking toplevel() on ptolemy.moml.MoMLSimpleApplication@5c21e52b
----------------- Done invoking toplevel() on ptolemy.moml.MoMLSimpleApplication@5c21e52b
reloadAllAccessors: .Const

===========================================================================================
----------------- testing Sat Jul 06 06:38:43 UTC 2019 /home/travis/build/icyphy/ptII/ptolemy/actor/lib/test/auto/Const2.xml
----------------- Instantiating /home/travis/build/icyphy/ptII/ptolemy/actor/lib/test/auto/Const2.xml
2 ms. Memory: 598016K Free: 549963K (92%)
----------------- Invoking toplevel() on ptolemy.moml.MoMLSimpleApplication@1c9da8f2
----------------- Done invoking toplevel() on ptolemy.moml.MoMLSimpleApplication@1c9da8f2
reloadAllAccessors: .Const2

===========================================================================================
----------------- testing Sat Jul 06 06:38:43 UTC 2019 /home/travis/build/icyphy/ptII/ptolemy/actor/lib/test/auto/Const3.xml
----------------- Instantiating /home/travis/build/icyphy/ptII/ptolemy/actor/lib/test/auto/Const3.xml
1 ms. Memory: 598016K Free: 546716K (91%)
----------------- Invoking toplevel() on ptolemy.moml.MoMLSimpleApplication@468eb0cf
----------------- Done invoking toplevel() on ptolemy.moml.MoMLSimpleApplication@468eb0cf
reloadAllAccessors: .Const3

===========================================================================================
----------------- testing Sat Jul 06 06:38:43 UTC 2019 /home/travis/build/icyphy/ptII/ptolemy/actor/lib/test/auto/ConstantPublisherPort1.xml
----------------- Instantiating /home/travis/build/icyphy/ptII/ptolemy/actor/lib/test/auto/ConstantPublisherPort1.xml
7 ms. Memory: 598016K Free: 538524K (90%)
----------------- Invoking toplevel() on ptolemy.moml.MoMLSimpleApplication@187fe5e1
----------------- Done invoking toplevel() on ptolemy.moml.MoMLSimpleApplication@187fe5e1
reloadAllAccessors: .ConstantPublisherPort1

===========================================================================================
----------------- testing Sat Jul 06 06:38:43 UTC 2019 /home/travis/build/icyphy/ptII/ptolemy/actor/lib/test/auto/ConstantPublisherPort2.xml
----------------- Instantiating /home/travis/build/icyphy/ptII/ptolemy/actor/lib/test/auto/ConstantPublisherPort2.xml
10 ms. Memory: 598016K Free: 530842K (89%)
----------------- Invoking toplevel() on ptolemy.moml.MoMLSimpleApplication@4dcac47
----------------- Done invoking toplevel() on ptolemy.moml.MoMLSimpleApplication@4dcac47
reloadAllAccessors: .ConstantPublisherPort2

===========================================================================================
----------------- testing Sat Jul 06 06:38:43 UTC 2019 /home/travis/build/icyphy/ptII/ptolemy/actor/lib/test/auto/ConstantPublisherPort3.xml
----------------- Instantiating /home/travis/build/icyphy/ptII/ptolemy/actor/lib/test/auto/ConstantPublisherPort3.xml
5 ms. Memory: 598016K Free: 523164K (87%)
----------------- Invoking toplevel() on ptolemy.moml.MoMLSimpleApplication@359bcacf
----------------- Done invoking toplevel() on ptolemy.moml.MoMLSimpleApplication@359bcacf
reloadAllAccessors: .ConstantPublisherPort3

===========================================================================================
----------------- testing Sat Jul 06 06:38:43 UTC 2019 /home/travis/build/icyphy/ptII/ptolemy/actor/lib/test/auto/ConstantPublisherPort4.xml
----------------- Instantiating /home/travis/build/icyphy/ptII/ptolemy/actor/lib/test/auto/ConstantPublisherPort4.xml
2 ms. Memory: 598016K Free: 516506K (86%)
----------------- Invoking toplevel() on ptolemy.moml.MoMLSimpleApplication@622fd731
----------------- Done invoking toplevel() on ptolemy.moml.MoMLSimpleApplication@622fd731
reloadAllAccessors: .ConstantPublisherPort4

===========================================================================================
----------------- testing Sat Jul 06 06:38:43 UTC 2019 /home/travis/build/icyphy/ptII/ptolemy/actor/lib/test/auto/ConstantPublisherPort5.xml
----------------- Instantiating /home/travis/build/icyphy/ptII/ptolemy/actor/lib/test/auto/ConstantPublisherPort5.xml
33 ms. Memory: 598016K Free: 506780K (85%)
----------------- Invoking toplevel() on ptolemy.moml.MoMLSimpleApplication@558fac60
----------------- Done invoking toplevel() on ptolemy.moml.MoMLSimpleApplication@558fac60
reloadAllAccessors: .ConstantPublisherPort5

===========================================================================================
----------------- testing Sat Jul 06 06:38:43 UTC 2019 /home/travis/build/icyphy/ptII/ptolemy/actor/lib/test/auto/ConstantPublisherPort6.xml
----------------- Instantiating /home/travis/build/icyphy/ptII/ptolemy/actor/lib/test/auto/ConstantPublisherPort6.xml
16 ms. Memory: 598016K Free: 497564K (83%)
----------------- Invoking toplevel() on ptolemy.moml.MoMLSimpleApplication@7168d931
----------------- Done invoking toplevel() on ptolemy.moml.MoMLSimpleApplication@7168d931
reloadAllAccessors: .ConstantPublisherPort6

===========================================================================================
----------------- testing Sat Jul 06 06:38:43 UTC 2019 /home/travis/build/icyphy/ptII/ptolemy/actor/lib/test/auto/ConstantPublisherPort7.xml
----------------- Instantiating /home/travis/build/icyphy/ptII/ptolemy/actor/lib/test/auto/ConstantPublisherPort7.xml
22 ms. Memory: 598016K Free: 488348K (82%)
----------------- Invoking toplevel() on ptolemy.moml.MoMLSimpleApplication@605a2c39
----------------- Done invoking toplevel() on ptolemy.moml.MoMLSimpleApplication@605a2c39
reloadAllAccessors: .ConstantPublisherPort7

===========================================================================================
----------------- testing Sat Jul 06 06:38:43 UTC 2019 /home/travis/build/icyphy/ptII/ptolemy/actor/lib/test/auto/ConstraintMonitor1.xml
----------------- Instantiating /home/travis/build/icyphy/ptII/ptolemy/actor/lib/test/auto/ConstraintMonitor1.xml
4 ms. Memory: 598016K Free: 482714K (81%)
----------------- Invoking toplevel() on ptolemy.moml.MoMLSimpleApplication@11555c4f
----------------- Done invoking toplevel() on ptolemy.moml.MoMLSimpleApplication@11555c4f
reloadAllAccessors: .ConstraintMonitor1

===========================================================================================
----------------- testing Sat Jul 06 06:38:43 UTC 2019 /home/travis/build/icyphy/ptII/ptolemy/actor/lib/test/auto/ConstraintMonitor2.xml
----------------- Instantiating /home/travis/build/icyphy/ptII/ptolemy/actor/lib/test/auto/ConstraintMonitor2.xml
3 ms. Memory: 598016K Free: 477594K (80%)
----------------- Invoking toplevel() on ptolemy.moml.MoMLSimpleApplication@47c4b647
----------------- Done invoking toplevel() on ptolemy.moml.MoMLSimpleApplication@47c4b647
reloadAllAccessors: .ConstraintMonitor2

===========================================================================================
----------------- testing Sat Jul 06 06:38:43 UTC 2019 /home/travis/build/icyphy/ptII/ptolemy/actor/lib/test/auto/ConstraintMonitor3.xml
----------------- Instantiating /home/travis/build/icyphy/ptII/ptolemy/actor/lib/test/auto/ConstraintMonitor3.xml
2 ms. Memory: 598016K Free: 473498K (79%)
----------------- Invoking toplevel() on ptolemy.moml.MoMLSimpleApplication@274f626e
----------------- Done invoking toplevel() on ptolemy.moml.MoMLSimpleApplication@274f626e
reloadAllAccessors: .ConstraintMonitor3

===========================================================================================
----------------- testing Sat Jul 06 06:38:43 UTC 2019 /home/travis/build/icyphy/ptII/ptolemy/actor/lib/test/auto/ConstraintMonitor4.xml
----------------- Instantiating /home/travis/build/icyphy/ptII/ptolemy/actor/lib/test/auto/ConstraintMonitor4.xml
6 ms. Memory: 598016K Free: 468378K (78%)
----------------- Invoking toplevel() on ptolemy.moml.MoMLSimpleApplication@d06cb36
----------------- Done invoking toplevel() on ptolemy.moml.MoMLSimpleApplication@d06cb36
reloadAllAccessors: .ConstraintMonitor4

===========================================================================================
----------------- testing Sat Jul 06 06:38:43 UTC 2019 /home/travis/build/icyphy/ptII/ptolemy/actor/lib/test/auto/ConstraintMonitor5.xml
----------------- Instantiating /home/travis/build/icyphy/ptII/ptolemy/actor/lib/test/auto/ConstraintMonitor5.xml
3 ms. Memory: 598016K Free: 463258K (77%)
----------------- Invoking toplevel() on ptolemy.moml.MoMLSimpleApplication@72936a86
----------------- Done invoking toplevel() on ptolemy.moml.MoMLSimpleApplication@72936a86
reloadAllAccessors: .ConstraintMonitor5

===========================================================================================
----------------- testing Sat Jul 06 06:38:43 UTC 2019 /home/travis/build/icyphy/ptII/ptolemy/actor/lib/test/auto/ConstraintMonitor6.xml
----------------- Instantiating /home/travis/build/icyphy/ptII/ptolemy/actor/lib/test/auto/ConstraintMonitor6.xml
6 ms. Memory: 598016K Free: 457628K (77%)
----------------- Invoking toplevel() on ptolemy.moml.MoMLSimpleApplication@4fa28303
----------------- Done invoking toplevel() on ptolemy.moml.MoMLSimpleApplication@4fa28303
reloadAllAccessors: .ConstraintMonitor6

===========================================================================================
----------------- testing Sat Jul 06 06:38:43 UTC 2019 /home/travis/build/icyphy/ptII/ptolemy/actor/lib/test/auto/ConstraintMonitor7.xml
----------------- Instantiating /home/travis/build/icyphy/ptII/ptolemy/actor/lib/test/auto/ConstraintMonitor7.xml
9 ms. Memory: 598016K Free: 450940K (75%)
----------------- Invoking toplevel() on ptolemy.moml.MoMLSimpleApplication@22552a7
----------------- Done invoking toplevel() on ptolemy.moml.MoMLSimpleApplication@22552a7
reloadAllAccessors: .ConstraintMonitor7

===========================================================================================
----------------- testing Sat Jul 06 06:38:43 UTC 2019 /home/travis/build/icyphy/ptII/ptolemy/actor/lib/test/auto/ConstraintMonitor8.xml
----------------- Instantiating /home/travis/build/icyphy/ptII/ptolemy/actor/lib/test/auto/ConstraintMonitor8.xml
4 ms. Memory: 598016K Free: 443292K (74%)
----------------- Invoking toplevel() on ptolemy.moml.MoMLSimpleApplication@7b546f7c
----------------- Done invoking toplevel() on ptolemy.moml.MoMLSimpleApplication@7b546f7c
reloadAllAccessors: .ConstraintMonitor8

===========================================================================================
----------------- testing Sat Jul 06 06:38:43 UTC 2019 /home/travis/build/icyphy/ptII/ptolemy/actor/lib/test/auto/Counter.xml
----------------- Instantiating /home/travis/build/icyphy/ptII/ptolemy/actor/lib/test/auto/Counter.xml
3 ms. Memory: 598016K Free: 438682K (73%)
----------------- Invoking toplevel() on ptolemy.moml.MoMLSimpleApplication@35e98fb5
----------------- Done invoking toplevel() on ptolemy.moml.MoMLSimpleApplication@35e98fb5
reloadAllAccessors: .Counter

===========================================================================================
----------------- testing Sat Jul 06 06:38:43 UTC 2019 /home/travis/build/icyphy/ptII/ptolemy/actor/lib/test/auto/CurrentTimeSDF.xml
----------------- Instantiating /home/travis/build/icyphy/ptII/ptolemy/actor/lib/test/auto/CurrentTimeSDF.xml
1 ms. Memory: 598016K Free: 434586K (73%)
----------------- Invoking toplevel() on ptolemy.moml.MoMLSimpleApplication@5a0a51ed
----------------- Done invoking toplevel() on ptolemy.moml.MoMLSimpleApplication@5a0a51ed
reloadAllAccessors: .CurrentTimeSDF

===========================================================================================
----------------- testing Sat Jul 06 06:38:43 UTC 2019 /home/travis/build/icyphy/ptII/ptolemy/actor/lib/test/auto/DB.xml
----------------- Instantiating /home/travis/build/icyphy/ptII/ptolemy/actor/lib/test/auto/DB.xml
2 ms. Memory: 598016K Free: 429466K (72%)
----------------- Invoking toplevel() on ptolemy.moml.MoMLSimpleApplication@38d9a346
----------------- Done invoking toplevel() on ptolemy.moml.MoMLSimpleApplication@38d9a346
reloadAllAccessors: .DB

===========================================================================================
----------------- testing Sat Jul 06 06:38:43 UTC 2019 /home/travis/build/icyphy/ptII/ptolemy/actor/lib/test/auto/DBDE.xml
----------------- Instantiating /home/travis/build/icyphy/ptII/ptolemy/actor/lib/test/auto/DBDE.xml
2 ms. Memory: 598016K Free: 423836K (71%)
----------------- Invoking toplevel() on ptolemy.moml.MoMLSimpleApplication@10c3cb6f
----------------- Done invoking toplevel() on ptolemy.moml.MoMLSimpleApplication@10c3cb6f
reloadAllAccessors: .DBDE

===========================================================================================
----------------- testing Sat Jul 06 06:38:43 UTC 2019 /home/travis/build/icyphy/ptII/ptolemy/actor/lib/test/auto/DateConstructor.xml
----------------- Instantiating /home/travis/build/icyphy/ptII/ptolemy/actor/lib/test/auto/DateConstructor.xml
24 ms. Memory: 598016K Free: 405914K (68%)
----------------- Invoking toplevel() on ptolemy.moml.MoMLSimpleApplication@7b9d8901
----------------- Done invoking toplevel() on ptolemy.moml.MoMLSimpleApplication@7b9d8901
reloadAllAccessors: .DateConstructor

===========================================================================================
----------------- testing Sat Jul 06 06:38:43 UTC 2019 /home/travis/build/icyphy/ptII/ptolemy/actor/lib/test/auto/DelayTime.xml
----------------- Instantiating /home/travis/build/icyphy/ptII/ptolemy/actor/lib/test/auto/DelayTime.xml
8 ms. Memory: 598016K Free: 400794K (67%)
----------------- Invoking toplevel() on ptolemy.moml.MoMLSimpleApplication@19dc1541
----------------- Done invoking toplevel() on ptolemy.moml.MoMLSimpleApplication@19dc1541
reloadAllAccessors: .DelayTime

===========================================================================================
----------------- testing Sat Jul 06 06:38:43 UTC 2019 /home/travis/build/icyphy/ptII/ptolemy/actor/lib/test/auto/Dictionary1.xml
----------------- Instantiating /home/travis/build/icyphy/ptII/ptolemy/actor/lib/test/auto/Dictionary1.xml
2 ms. Memory: 598016K Free: 395674K (66%)
----------------- Invoking toplevel() on ptolemy.moml.MoMLSimpleApplication@2a13519b
----------------- Done invoking toplevel() on ptolemy.moml.MoMLSimpleApplication@2a13519b
reloadAllAccessors: .Dictionary1

===========================================================================================
----------------- testing Sat Jul 06 06:38:43 UTC 2019 /home/travis/build/icyphy/ptII/ptolemy/actor/lib/test/auto/Dictionary2.xml
----------------- Instantiating /home/travis/build/icyphy/ptII/ptolemy/actor/lib/test/auto/Dictionary2.xml
5 ms. Memory: 598016K Free: 390044K (65%)
----------------- Invoking toplevel() on ptolemy.moml.MoMLSimpleApplication@16871911
----------------- Done invoking toplevel() on ptolemy.moml.MoMLSimpleApplication@16871911
reloadAllAccessors: .Dictionary2

===========================================================================================
----------------- testing Sat Jul 06 06:38:43 UTC 2019 /home/travis/build/icyphy/ptII/ptolemy/actor/lib/test/auto/Dictionary3.xml
----------------- Instantiating /home/travis/build/icyphy/ptII/ptolemy/actor/lib/test/auto/Dictionary3.xml
2 ms. Memory: 598016K Free: 384410K (64%)
----------------- Invoking toplevel() on ptolemy.moml.MoMLSimpleApplication@a5b976c
----------------- Done invoking toplevel() on ptolemy.moml.MoMLSimpleApplication@a5b976c
reloadAllAccessors: .Dictionary3

===========================================================================================
----------------- testing Sat Jul 06 06:38:44 UTC 2019 /home/travis/build/icyphy/ptII/ptolemy/actor/lib/test/auto/Dictionary4.xml
----------------- Instantiating /home/travis/build/icyphy/ptII/ptolemy/actor/lib/test/auto/Dictionary4.xml
2 ms. Memory: 598016K Free: 377756K (63%)
----------------- Invoking toplevel() on ptolemy.moml.MoMLSimpleApplication@13915d6
----------------- Done invoking toplevel() on ptolemy.moml.MoMLSimpleApplication@13915d6
reloadAllAccessors: .Dictionary4

===========================================================================================
----------------- testing Sat Jul 06 06:38:44 UTC 2019 /home/travis/build/icyphy/ptII/ptolemy/actor/lib/test/auto/Differential.xml
----------------- Instantiating /home/travis/build/icyphy/ptII/ptolemy/actor/lib/test/auto/Differential.xml
2 ms. Memory: 598016K Free: 373146K (62%)
----------------- Invoking toplevel() on ptolemy.moml.MoMLSimpleApplication@680dc905
----------------- Done invoking toplevel() on ptolemy.moml.MoMLSimpleApplication@680dc905
reloadAllAccessors: .Differential

===========================================================================================
----------------- testing Sat Jul 06 06:38:44 UTC 2019 /home/travis/build/icyphy/ptII/ptolemy/actor/lib/test/auto/Director.xml
----------------- Instantiating /home/travis/build/icyphy/ptII/ptolemy/actor/lib/test/auto/Director.xml
4 ms. Memory: 598016K Free: 369564K (62%)
----------------- Invoking toplevel() on ptolemy.moml.MoMLSimpleApplication@55918fd7
----------------- Done invoking toplevel() on ptolemy.moml.MoMLSimpleApplication@55918fd7
reloadAllAccessors: .Director

===========================================================================================
----------------- testing Sat Jul 06 06:38:44 UTC 2019 /home/travis/build/icyphy/ptII/ptolemy/actor/lib/test/auto/DiscreteClock.xml
----------------- Instantiating /home/travis/build/icyphy/ptII/ptolemy/actor/lib/test/auto/DiscreteClock.xml
1 ms. Memory: 598016K Free: 365468K (61%)
----------------- Invoking toplevel() on ptolemy.moml.MoMLSimpleApplication@253af785
----------------- Done invoking toplevel() on ptolemy.moml.MoMLSimpleApplication@253af785
reloadAllAccessors: .DiscreteClock

===========================================================================================
----------------- testing Sat Jul 06 06:38:44 UTC 2019 /home/travis/build/icyphy/ptII/ptolemy/actor/lib/test/auto/DiscreteClock10.xml
----------------- Instantiating /home/travis/build/icyphy/ptII/ptolemy/actor/lib/test/auto/DiscreteClock10.xml
2 ms. Memory: 598016K Free: 359834K (60%)
----------------- Invoking toplevel() on ptolemy.moml.MoMLSimpleApplication@71ba43f
----------------- Done invoking toplevel() on ptolemy.moml.MoMLSimpleApplication@71ba43f
reloadAllAccessors: .DiscreteClock10

===========================================================================================
----------------- testing Sat Jul 06 06:38:44 UTC 2019 /home/travis/build/icyphy/ptII/ptolemy/actor/lib/test/auto/DiscreteClock11.xml
----------------- Instantiating /home/travis/build/icyphy/ptII/ptolemy/actor/lib/test/auto/DiscreteClock11.xml
1 ms. Memory: 598016K Free: 353690K (59%)
----------------- Invoking toplevel() on ptolemy.moml.MoMLSimpleApplication@5958933b
----------------- Done invoking toplevel() on ptolemy.moml.MoMLSimpleApplication@5958933b
reloadAllAccessors: .DiscreteClock11

===========================================================================================
----------------- testing Sat Jul 06 06:38:44 UTC 2019 /home/travis/build/icyphy/ptII/ptolemy/actor/lib/test/auto/DiscreteClock12.xml
----------------- Instantiating /home/travis/build/icyphy/ptII/ptolemy/actor/lib/test/auto/DiscreteClock12.xml
3 ms. Memory: 598016K Free: 347546K (58%)
----------------- Invoking toplevel() on ptolemy.moml.MoMLSimpleApplication@bebf44f
----------------- Done invoking toplevel() on ptolemy.moml.MoMLSimpleApplication@bebf44f
reloadAllAccessors: .DiscreteClock12

===========================================================================================
----------------- testing Sat Jul 06 06:38:44 UTC 2019 /home/travis/build/icyphy/ptII/ptolemy/actor/lib/test/auto/DiscreteClock13.xml
----------------- Instantiating /home/travis/build/icyphy/ptII/ptolemy/actor/lib/test/auto/DiscreteClock13.xml
5 ms. Memory: 598016K Free: 341388K (57%)
----------------- Invoking toplevel() on ptolemy.moml.MoMLSimpleApplication@3bb602fb
----------------- Done invoking toplevel() on ptolemy.moml.MoMLSimpleApplication@3bb602fb
reloadAllAccessors: .DiscreteClock13

===========================================================================================
----------------- testing Sat Jul 06 06:38:44 UTC 2019 /home/travis/build/icyphy/ptII/ptolemy/actor/lib/test/auto/DiscreteClock14.xml
----------------- Instantiating /home/travis/build/icyphy/ptII/ptolemy/actor/lib/test/auto/DiscreteClock14.xml
5 ms. Memory: 598016K Free: 335772K (56%)
----------------- Invoking toplevel() on ptolemy.moml.MoMLSimpleApplication@68dcfaef
----------------- Done invoking toplevel() on ptolemy.moml.MoMLSimpleApplication@68dcfaef
reloadAllAccessors: .DiscreteClock14

===========================================================================================
----------------- testing Sat Jul 06 06:38:44 UTC 2019 /home/travis/build/icyphy/ptII/ptolemy/actor/lib/test/auto/DiscreteClock15.xml
----------------- Instantiating /home/travis/build/icyphy/ptII/ptolemy/actor/lib/test/auto/DiscreteClock15.xml
5 ms. Memory: 598016K Free: 329628K (55%)
----------------- Invoking toplevel() on ptolemy.moml.MoMLSimpleApplication@10ca357c
----------------- Done invoking toplevel() on ptolemy.moml.MoMLSimpleApplication@10ca357c
reloadAllAccessors: .DiscreteClock15

===========================================================================================
----------------- testing Sat Jul 06 06:38:44 UTC 2019 /home/travis/build/icyphy/ptII/ptolemy/actor/lib/test/auto/DiscreteClock16.xml
----------------- Instantiating /home/travis/build/icyphy/ptII/ptolemy/actor/lib/test/auto/DiscreteClock16.xml
20 ms. Memory: 598016K Free: 315788K (53%)
----------------- Invoking toplevel() on ptolemy.moml.MoMLSimpleApplication@5230921d
----------------- Done invoking toplevel() on ptolemy.moml.MoMLSimpleApplication@5230921d
reloadAllAccessors: .DiscreteClock16

===========================================================================================
----------------- testing Sat Jul 06 06:38:44 UTC 2019 /home/travis/build/icyphy/ptII/ptolemy/actor/lib/test/auto/DiscreteClock17.xml
----------------- Instantiating /home/travis/build/icyphy/ptII/ptolemy/actor/lib/test/auto/DiscreteClock17.xml
19 ms. Memory: 598016K Free: 301466K (50%)
----------------- Invoking toplevel() on ptolemy.moml.MoMLSimpleApplication@5815c6b3
----------------- Done invoking toplevel() on ptolemy.moml.MoMLSimpleApplication@5815c6b3
reloadAllAccessors: .DiscreteClock17

===========================================================================================
----------------- testing Sat Jul 06 06:38:44 UTC 2019 /home/travis/build/icyphy/ptII/ptolemy/actor/lib/test/auto/DiscreteClock18.xml
----------------- Instantiating /home/travis/build/icyphy/ptII/ptolemy/actor/lib/test/auto/DiscreteClock18.xml
24 ms. Memory: 598016K Free: 288668K (48%)
----------------- Invoking toplevel() on ptolemy.moml.MoMLSimpleApplication@21314073
----------------- Done invoking toplevel() on ptolemy.moml.MoMLSimpleApplication@21314073
reloadAllAccessors: .DiscreteClock18

===========================================================================================
----------------- testing Sat Jul 06 06:38:44 UTC 2019 /home/travis/build/icyphy/ptII/ptolemy/actor/lib/test/auto/DiscreteClock19.xml
----------------- Instantiating /home/travis/build/icyphy/ptII/ptolemy/actor/lib/test/auto/DiscreteClock19.xml
18 ms. Memory: 598016K Free: 274842K (46%)
----------------- Invoking toplevel() on ptolemy.moml.MoMLSimpleApplication@152024e3
----------------- Done invoking toplevel() on ptolemy.moml.MoMLSimpleApplication@152024e3
reloadAllAccessors: .DiscreteClock19

===========================================================================================
----------------- testing Sat Jul 06 06:38:44 UTC 2019 /home/travis/build/icyphy/ptII/ptolemy/actor/lib/test/auto/DiscreteClock2.xml
----------------- Instantiating /home/travis/build/icyphy/ptII/ptolemy/actor/lib/test/auto/DiscreteClock2.xml
2 ms. Memory: 598016K Free: 269708K (45%)
----------------- Invoking toplevel() on ptolemy.moml.MoMLSimpleApplication@60ba4626
----------------- Done invoking toplevel() on ptolemy.moml.MoMLSimpleApplication@60ba4626
reloadAllAccessors: .DiscreteClock2

===========================================================================================
----------------- testing Sat Jul 06 06:38:44 UTC 2019 /home/travis/build/icyphy/ptII/ptolemy/actor/lib/test/auto/DiscreteClock20.xml
----------------- Instantiating /home/travis/build/icyphy/ptII/ptolemy/actor/lib/test/auto/DiscreteClock20.xml
5 ms. Memory: 598016K Free: 264092K (44%)
----------------- Invoking toplevel() on ptolemy.moml.MoMLSimpleApplication@107dabf4
----------------- Done invoking toplevel() on ptolemy.moml.MoMLSimpleApplication@107dabf4
reloadAllAccessors: .DiscreteClock20

===========================================================================================
----------------- testing Sat Jul 06 06:38:44 UTC 2019 /home/travis/build/icyphy/ptII/ptolemy/actor/lib/test/auto/DiscreteClock21.xml
----------------- Instantiating /home/travis/build/icyphy/ptII/ptolemy/actor/lib/test/auto/DiscreteClock21.xml
4 ms. Memory: 598016K Free: 258972K (43%)
----------------- Invoking toplevel() on ptolemy.moml.MoMLSimpleApplication@35b6396c
----------------- Done invoking toplevel() on ptolemy.moml.MoMLSimpleApplication@35b6396c
reloadAllAccessors: .DiscreteClock21

===========================================================================================
----------------- testing Sat Jul 06 06:38:44 UTC 2019 /home/travis/build/icyphy/ptII/ptolemy/actor/lib/test/auto/DiscreteClock22.xml
----------------- Instantiating /home/travis/build/icyphy/ptII/ptolemy/actor/lib/test/auto/DiscreteClock22.xml
4 ms. Memory: 598016K Free: 253338K (42%)
----------------- Invoking toplevel() on ptolemy.moml.MoMLSimpleApplication@fbac694
----------------- Done invoking toplevel() on ptolemy.moml.MoMLSimpleApplication@fbac694
reloadAllAccessors: .DiscreteClock22

===========================================================================================
----------------- testing Sat Jul 06 06:38:44 UTC 2019 /home/travis/build/icyphy/ptII/ptolemy/actor/lib/test/auto/DiscreteClock23.xml
----------------- Instantiating /home/travis/build/icyphy/ptII/ptolemy/actor/lib/test/auto/DiscreteClock23.xml
7 ms. Memory: 598016K Free: 247708K (41%)
----------------- Invoking toplevel() on ptolemy.moml.MoMLSimpleApplication@7a1b9fcf
----------------- Done invoking toplevel() on ptolemy.moml.MoMLSimpleApplication@7a1b9fcf
reloadAllAccessors: .DiscreteClock23

===========================================================================================
----------------- testing Sat Jul 06 06:38:44 UTC 2019 /home/travis/build/icyphy/ptII/ptolemy/actor/lib/test/auto/DiscreteClock24.xml
----------------- Instantiating /home/travis/build/icyphy/ptII/ptolemy/actor/lib/test/auto/DiscreteClock24.xml
2 ms. Memory: 598016K Free: 242074K (40%)
----------------- Invoking toplevel() on ptolemy.moml.MoMLSimpleApplication@76d4c6e9
----------------- Done invoking toplevel() on ptolemy.moml.MoMLSimpleApplication@76d4c6e9
reloadAllAccessors: .DiscreteClock24

===========================================================================================
----------------- testing Sat Jul 06 06:38:44 UTC 2019 /home/travis/build/icyphy/ptII/ptolemy/actor/lib/test/auto/DiscreteClock4.xml
----------------- Instantiating /home/travis/build/icyphy/ptII/ptolemy/actor/lib/test/auto/DiscreteClock4.xml
4 ms. Memory: 598016K Free: 236940K (40%)
----------------- Invoking toplevel() on ptolemy.moml.MoMLSimpleApplication@534f391d
----------------- Done invoking toplevel() on ptolemy.moml.MoMLSimpleApplication@534f391d
reloadAllAccessors: .DiscreteClock4

===========================================================================================
----------------- testing Sat Jul 06 06:38:44 UTC 2019 /home/travis/build/icyphy/ptII/ptolemy/actor/lib/test/auto/DiscreteClock5.xml
----------------- Instantiating /home/travis/build/icyphy/ptII/ptolemy/actor/lib/test/auto/DiscreteClock5.xml
2 ms. Memory: 598016K Free: 231324K (39%)
----------------- Invoking toplevel() on ptolemy.moml.MoMLSimpleApplication@58fad30f
----------------- Done invoking toplevel() on ptolemy.moml.MoMLSimpleApplication@58fad30f
reloadAllAccessors: .DiscreteClock5

===========================================================================================
----------------- testing Sat Jul 06 06:38:44 UTC 2019 /home/travis/build/icyphy/ptII/ptolemy/actor/lib/test/auto/DiscreteClock6.xml
----------------- Instantiating /home/travis/build/icyphy/ptII/ptolemy/actor/lib/test/auto/DiscreteClock6.xml
2 ms. Memory: 598016K Free: 227228K (38%)
----------------- Invoking toplevel() on ptolemy.moml.MoMLSimpleApplication@20c029c9
----------------- Done invoking toplevel() on ptolemy.moml.MoMLSimpleApplication@20c029c9
reloadAllAccessors: .DiscreteClock6

===========================================================================================
----------------- testing Sat Jul 06 06:38:44 UTC 2019 /home/travis/build/icyphy/ptII/ptolemy/actor/lib/test/auto/DiscreteClock7.xml
----------------- Instantiating /home/travis/build/icyphy/ptII/ptolemy/actor/lib/test/auto/DiscreteClock7.xml
2 ms. Memory: 598016K Free: 222618K (37%)
----------------- Invoking toplevel() on ptolemy.moml.MoMLSimpleApplication@177f76ef
----------------- Done invoking toplevel() on ptolemy.moml.MoMLSimpleApplication@177f76ef
reloadAllAccessors: .DiscreteClock7

===========================================================================================
----------------- testing Sat Jul 06 06:38:44 UTC 2019 /home/travis/build/icyphy/ptII/ptolemy/actor/lib/test/auto/DiscreteClock8.xml
----------------- Instantiating /home/travis/build/icyphy/ptII/ptolemy/actor/lib/test/auto/DiscreteClock8.xml
2 ms. Memory: 598016K Free: 547365K (92%)
----------------- Invoking toplevel() on ptolemy.moml.MoMLSimpleApplication@1351d7f8
----------------- Done invoking toplevel() on ptolemy.moml.MoMLSimpleApplication@1351d7f8
reloadAllAccessors: .DiscreteClock8

===========================================================================================
----------------- testing Sat Jul 06 06:38:44 UTC 2019 /home/travis/build/icyphy/ptII/ptolemy/actor/lib/test/auto/DiscreteClock9.xml
----------------- Instantiating /home/travis/build/icyphy/ptII/ptolemy/actor/lib/test/auto/DiscreteClock9.xml
5 ms. Memory: 598016K Free: 541223K (91%)
----------------- Invoking toplevel() on ptolemy.moml.MoMLSimpleApplication@74827a
----------------- Done invoking toplevel() on ptolemy.moml.MoMLSimpleApplication@74827a
reloadAllAccessors: .DiscreteClock9

===========================================================================================
----------------- testing Sat Jul 06 06:38:44 UTC 2019 /home/travis/build/icyphy/ptII/ptolemy/actor/lib/test/auto/DisplayArray.xml
----------------- Instantiating /home/travis/build/icyphy/ptII/ptolemy/actor/lib/test/auto/DisplayArray.xml
1 ms. Memory: 598016K Free: 537637K (90%)
----------------- Invoking toplevel() on ptolemy.moml.MoMLSimpleApplication@6bb11611
----------------- Done invoking toplevel() on ptolemy.moml.MoMLSimpleApplication@6bb11611
reloadAllAccessors: .DisplayArray

===========================================================================================
----------------- testing Sat Jul 06 06:38:44 UTC 2019 /home/travis/build/icyphy/ptII/ptolemy/actor/lib/test/auto/Distributor.xml
----------------- Instantiating /home/travis/build/icyphy/ptII/ptolemy/actor/lib/test/auto/Distributor.xml
2 ms. Memory: 598016K Free: 532517K (89%)
----------------- Invoking toplevel() on ptolemy.moml.MoMLSimpleApplication@3ecafe83
----------------- Done invoking toplevel() on ptolemy.moml.MoMLSimpleApplication@3ecafe83
reloadAllAccessors: .Distributor

===========================================================================================
----------------- testing Sat Jul 06 06:38:44 UTC 2019 /home/travis/build/icyphy/ptII/ptolemy/actor/lib/test/auto/Distributor2.xml
----------------- Instantiating /home/travis/build/icyphy/ptII/ptolemy/actor/lib/test/auto/Distributor2.xml
2 ms. Memory: 598016K Free: 527397K (88%)
----------------- Invoking toplevel() on ptolemy.moml.MoMLSimpleApplication@64cb190b
----------------- Done invoking toplevel() on ptolemy.moml.MoMLSimpleApplication@64cb190b
reloadAllAccessors: .Distributor2

===========================================================================================
----------------- testing Sat Jul 06 06:38:44 UTC 2019 /home/travis/build/icyphy/ptII/ptolemy/actor/lib/test/auto/DownSample.xml
----------------- Instantiating /home/travis/build/icyphy/ptII/ptolemy/actor/lib/test/auto/DownSample.xml
1 ms. Memory: 598016K Free: 523301K (88%)
----------------- Invoking toplevel() on ptolemy.moml.MoMLSimpleApplication@41000cc
----------------- Done invoking toplevel() on ptolemy.moml.MoMLSimpleApplication@41000cc
reloadAllAccessors: .DownSample

===========================================================================================
----------------- testing Sat Jul 06 06:38:44 UTC 2019 /home/travis/build/icyphy/ptII/ptolemy/actor/lib/test/auto/ElectronicUnitBase1.xml
----------------- Instantiating /home/travis/build/icyphy/ptII/ptolemy/actor/lib/test/auto/ElectronicUnitBase1.xml
18 ms. Memory: 598016K Free: 507431K (85%)
----------------- Invoking toplevel() on ptolemy.moml.MoMLSimpleApplication@1b8a74e
----------------- Done invoking toplevel() on ptolemy.moml.MoMLSimpleApplication@1b8a74e
reloadAllAccessors: .ElectronicUnitBase1

===========================================================================================
----------------- testing Sat Jul 06 06:38:44 UTC 2019 /home/travis/build/icyphy/ptII/ptolemy/actor/lib/test/auto/ElementsToArray.xml
----------------- Instantiating /home/travis/build/icyphy/ptII/ptolemy/actor/lib/test/auto/ElementsToArray.xml
2 ms. Memory: 598016K Free: 502311K (84%)
----------------- Invoking toplevel() on ptolemy.moml.MoMLSimpleApplication@13256324
----------------- Done invoking toplevel() on ptolemy.moml.MoMLSimpleApplication@13256324
reloadAllAccessors: .ElementsToArray

===========================================================================================
----------------- testing Sat Jul 06 06:38:44 UTC 2019 /home/travis/build/icyphy/ptII/ptolemy/actor/lib/test/auto/Equals.xml
----------------- Instantiating /home/travis/build/icyphy/ptII/ptolemy/actor/lib/test/auto/Equals.xml
3 ms. Memory: 598016K Free: 497701K (83%)
----------------- Invoking toplevel() on ptolemy.moml.MoMLSimpleApplication@507625b4
----------------- Done invoking toplevel() on ptolemy.moml.MoMLSimpleApplication@507625b4
reloadAllAccessors: .Equals

===========================================================================================
----------------- testing Sat Jul 06 06:38:44 UTC 2019 /home/travis/build/icyphy/ptII/ptolemy/actor/lib/test/auto/Exec.xml
----------------- Instantiating /home/travis/build/icyphy/ptII/ptolemy/actor/lib/test/auto/Exec.xml
21 ms. Memory: 598016K Free: 492071K (82%)
----------------- Invoking toplevel() on ptolemy.moml.MoMLSimpleApplication@3a6d7a40
----------------- Done invoking toplevel() on ptolemy.moml.MoMLSimpleApplication@3a6d7a40
reloadAllAccessors: .Exec

===========================================================================================
----------------- testing Sat Jul 06 06:38:44 UTC 2019 /home/travis/build/icyphy/ptII/ptolemy/actor/lib/test/auto/ExecEnvironment.xml
----------------- Instantiating /home/travis/build/icyphy/ptII/ptolemy/actor/lib/test/auto/ExecEnvironment.xml
27 ms. Memory: 598016K Free: 487447K (82%)
----------------- Invoking toplevel() on ptolemy.moml.MoMLSimpleApplication@26050fe0
----------------- Done invoking toplevel() on ptolemy.moml.MoMLSimpleApplication@26050fe0
reloadAllAccessors: .ExecEnvironment

===========================================================================================
----------------- testing Sat Jul 06 06:38:45 UTC 2019 /home/travis/build/icyphy/ptII/ptolemy/actor/lib/test/auto/ExecNonZeroReturnOutput.xml
----------------- Instantiating /home/travis/build/icyphy/ptII/ptolemy/actor/lib/test/auto/ExecNonZeroReturnOutput.xml
192 ms. Memory: 598016K Free: 476197K (80%)
----------------- Invoking toplevel() on ptolemy.moml.MoMLSimpleApplication@3e2acd77
----------------- Done invoking toplevel() on ptolemy.moml.MoMLSimpleApplication@3e2acd77
reloadAllAccessors: .ExecNonZeroReturnOutput

===========================================================================================
----------------- testing Sat Jul 06 06:38:45 UTC 2019 /home/travis/build/icyphy/ptII/ptolemy/actor/lib/test/auto/ExecRunDemos.xml
----------------- Instantiating /home/travis/build/icyphy/ptII/ptolemy/actor/lib/test/auto/ExecRunDemos.xml
10899 ms. Memory: 598016K Free: 456231K (76%)

===========================================================================================
----------------- testing Sat Jul 06 06:38:56 UTC 2019 /home/travis/build/icyphy/ptII/ptolemy/actor/lib/test/auto/ExecStop.xml
----------------- Instantiating /home/travis/build/icyphy/ptII/ptolemy/actor/lib/test/auto/ExecStop.xml
5019 ms. Memory: 598016K Free: 336423K (56%)
----------------- Invoking toplevel() on ptolemy.moml.MoMLSimpleApplication@10d72080
----------------- Done invoking toplevel() on ptolemy.moml.MoMLSimpleApplication@10d72080
reloadAllAccessors: .ExecStop

===========================================================================================
----------------- testing Sat Jul 06 06:39:01 UTC 2019 /home/travis/build/icyphy/ptII/ptolemy/actor/lib/test/auto/ExecutionTimeSDF.xml
----------------- Instantiating /home/travis/build/icyphy/ptII/ptolemy/actor/lib/test/auto/ExecutionTimeSDF.xml
Fired ExecutionTime: -1929767296
Fired ExecutionTime: 1052800000
Fired ExecutionTime: 1083200000
6007 ms. Memory: 598016K Free: 324631K (54%)
----------------- Invoking toplevel() on ptolemy.moml.MoMLSimpleApplication@bfbc505
----------------- Done invoking toplevel() on ptolemy.moml.MoMLSimpleApplication@bfbc505
reloadAllAccessors: .ExecutionTimeSDF

===========================================================================================
----------------- testing Sat Jul 06 06:39:07 UTC 2019 /home/travis/build/icyphy/ptII/ptolemy/actor/lib/test/auto/Expression1.xml
----------------- Instantiating /home/travis/build/icyphy/ptII/ptolemy/actor/lib/test/auto/Expression1.xml
1 ms. Memory: 598016K Free: 321063K (54%)
----------------- Invoking toplevel() on ptolemy.moml.MoMLSimpleApplication@1c981dbe
----------------- Done invoking toplevel() on ptolemy.moml.MoMLSimpleApplication@1c981dbe
reloadAllAccessors: .Expression1

===========================================================================================
----------------- testing Sat Jul 06 06:39:07 UTC 2019 /home/travis/build/icyphy/ptII/ptolemy/actor/lib/test/auto/Expression10.xml
----------------- Instantiating /home/travis/build/icyphy/ptII/ptolemy/actor/lib/test/auto/Expression10.xml
10 ms. Memory: 598016K Free: 315943K (53%)
----------------- Invoking toplevel() on ptolemy.moml.MoMLSimpleApplication@50a4eb23
----------------- Done invoking toplevel() on ptolemy.moml.MoMLSimpleApplication@50a4eb23
reloadAllAccessors: .Expression10

===========================================================================================
----------------- testing Sat Jul 06 06:39:07 UTC 2019 /home/travis/build/icyphy/ptII/ptolemy/actor/lib/test/auto/Expression11.xml
----------------- Instantiating /home/travis/build/icyphy/ptII/ptolemy/actor/lib/test/auto/Expression11.xml
2 ms. Memory: 598016K Free: 311333K (52%)
----------------- Invoking toplevel() on ptolemy.moml.MoMLSimpleApplication@2972b133
----------------- Done invoking toplevel() on ptolemy.moml.MoMLSimpleApplication@2972b133
reloadAllAccessors: .Expression11

===========================================================================================
----------------- testing Sat Jul 06 06:39:07 UTC 2019 /home/travis/build/icyphy/ptII/ptolemy/actor/lib/test/auto/Expression12.xml
----------------- Instantiating /home/travis/build/icyphy/ptII/ptolemy/actor/lib/test/auto/Expression12.xml
4 ms. Memory: 598016K Free: 305703K (51%)
----------------- Invoking toplevel() on ptolemy.moml.MoMLSimpleApplication@168e7469
----------------- Done invoking toplevel() on ptolemy.moml.MoMLSimpleApplication@168e7469
reloadAllAccessors: .Expression12

===========================================================================================
----------------- testing Sat Jul 06 06:39:07 UTC 2019 /home/travis/build/icyphy/ptII/ptolemy/actor/lib/test/auto/Expression13.xml
----------------- Instantiating /home/travis/build/icyphy/ptII/ptolemy/actor/lib/test/auto/Expression13.xml
3 ms. Memory: 598016K Free: 300583K (50%)
----------------- Invoking toplevel() on ptolemy.moml.MoMLSimpleApplication@24c0d183
----------------- Done invoking toplevel() on ptolemy.moml.MoMLSimpleApplication@24c0d183
reloadAllAccessors: .Expression13

===========================================================================================
----------------- testing Sat Jul 06 06:39:07 UTC 2019 /home/travis/build/icyphy/ptII/ptolemy/actor/lib/test/auto/Expression14.xml
----------------- Instantiating /home/travis/build/icyphy/ptII/ptolemy/actor/lib/test/auto/Expression14.xml
11 ms. Memory: 598016K Free: 294439K (49%)
----------------- Invoking toplevel() on ptolemy.moml.MoMLSimpleApplication@5a501409
----------------- Done invoking toplevel() on ptolemy.moml.MoMLSimpleApplication@5a501409
reloadAllAccessors: .Expression14

===========================================================================================
----------------- testing Sat Jul 06 06:39:07 UTC 2019 /home/travis/build/icyphy/ptII/ptolemy/actor/lib/test/auto/Expression15.xml
----------------- Instantiating /home/travis/build/icyphy/ptII/ptolemy/actor/lib/test/auto/Expression15.xml
1 ms. Memory: 598016K Free: 291367K (49%)
----------------- Invoking toplevel() on ptolemy.moml.MoMLSimpleApplication@72e32b46
----------------- Done invoking toplevel() on ptolemy.moml.MoMLSimpleApplication@72e32b46
reloadAllAccessors: .Expression15

===========================================================================================
----------------- testing Sat Jul 06 06:39:07 UTC 2019 /home/travis/build/icyphy/ptII/ptolemy/actor/lib/test/auto/Expression16.xml
----------------- Instantiating /home/travis/build/icyphy/ptII/ptolemy/actor/lib/test/auto/Expression16.xml
4 ms. Memory: 598016K Free: 286247K (48%)
----------------- Invoking toplevel() on ptolemy.moml.MoMLSimpleApplication@525adb72
----------------- Done invoking toplevel() on ptolemy.moml.MoMLSimpleApplication@525adb72
reloadAllAccessors: .Expression16

===========================================================================================
----------------- testing Sat Jul 06 06:39:07 UTC 2019 /home/travis/build/icyphy/ptII/ptolemy/actor/lib/test/auto/Expression17.xml
----------------- Instantiating /home/travis/build/icyphy/ptII/ptolemy/actor/lib/test/auto/Expression17.xml
3 ms. Memory: 598016K Free: 281127K (47%)
----------------- Invoking toplevel() on ptolemy.moml.MoMLSimpleApplication@2f9ffc0a
----------------- Done invoking toplevel() on ptolemy.moml.MoMLSimpleApplication@2f9ffc0a
reloadAllAccessors: .Expression17

===========================================================================================
----------------- testing Sat Jul 06 06:39:07 UTC 2019 /home/travis/build/icyphy/ptII/ptolemy/actor/lib/test/auto/Expression18.xml
----------------- Instantiating /home/travis/build/icyphy/ptII/ptolemy/actor/lib/test/auto/Expression18.xml
3 ms. Memory: 598016K Free: 276005K (46%)
----------------- Invoking toplevel() on ptolemy.moml.MoMLSimpleApplication@5e535ebf
----------------- Done invoking toplevel() on ptolemy.moml.MoMLSimpleApplication@5e535ebf
reloadAllAccessors: .Expression18

===========================================================================================
----------------- testing Sat Jul 06 06:39:07 UTC 2019 /home/travis/build/icyphy/ptII/ptolemy/actor/lib/test/auto/Expression2.xml
----------------- Instantiating /home/travis/build/icyphy/ptII/ptolemy/actor/lib/test/auto/Expression2.xml
3 ms. Memory: 598016K Free: 270373K (45%)
----------------- Invoking toplevel() on ptolemy.moml.MoMLSimpleApplication@4c09aa1a
----------------- Done invoking toplevel() on ptolemy.moml.MoMLSimpleApplication@4c09aa1a
reloadAllAccessors: .Expression2

===========================================================================================
----------------- testing Sat Jul 06 06:39:07 UTC 2019 /home/travis/build/icyphy/ptII/ptolemy/actor/lib/test/auto/Expression3.xml
----------------- Instantiating /home/travis/build/icyphy/ptII/ptolemy/actor/lib/test/auto/Expression3.xml
7 ms. Memory: 598016K Free: 265253K (44%)
----------------- Invoking toplevel() on ptolemy.moml.MoMLSimpleApplication@55b68f05
----------------- Done invoking toplevel() on ptolemy.moml.MoMLSimpleApplication@55b68f05
reloadAllAccessors: .Expression3

===========================================================================================
----------------- testing Sat Jul 06 06:39:07 UTC 2019 /home/travis/build/icyphy/ptII/ptolemy/actor/lib/test/auto/Expression4.xml
----------------- Instantiating /home/travis/build/icyphy/ptII/ptolemy/actor/lib/test/auto/Expression4.xml
7 ms. Memory: 598016K Free: 258085K (43%)
----------------- Invoking toplevel() on ptolemy.moml.MoMLSimpleApplication@314cdb8d
----------------- Done invoking toplevel() on ptolemy.moml.MoMLSimpleApplication@314cdb8d
reloadAllAccessors: .Expression4

===========================================================================================
----------------- testing Sat Jul 06 06:39:07 UTC 2019 /home/travis/build/icyphy/ptII/ptolemy/actor/lib/test/auto/Expression5.xml
----------------- Instantiating /home/travis/build/icyphy/ptII/ptolemy/actor/lib/test/auto/Expression5.xml
3 ms. Memory: 598016K Free: 252965K (42%)
----------------- Invoking toplevel() on ptolemy.moml.MoMLSimpleApplication@508c366b
----------------- Done invoking toplevel() on ptolemy.moml.MoMLSimpleApplication@508c366b
reloadAllAccessors: .Expression5

===========================================================================================
----------------- testing Sat Jul 06 06:39:07 UTC 2019 /home/travis/build/icyphy/ptII/ptolemy/actor/lib/test/auto/Expression6.xml
----------------- Instantiating /home/travis/build/icyphy/ptII/ptolemy/actor/lib/test/auto/Expression6.xml
2 ms. Memory: 598016K Free: 248359K (42%)
----------------- Invoking toplevel() on ptolemy.moml.MoMLSimpleApplication@509bb0c9
----------------- Done invoking toplevel() on ptolemy.moml.MoMLSimpleApplication@509bb0c9
reloadAllAccessors: .Expression6

===========================================================================================
----------------- testing Sat Jul 06 06:39:07 UTC 2019 /home/travis/build/icyphy/ptII/ptolemy/actor/lib/test/auto/Expression7.xml
----------------- Instantiating /home/travis/build/icyphy/ptII/ptolemy/actor/lib/test/auto/Expression7.xml
3 ms. Memory: 598016K Free: 243239K (41%)
----------------- Invoking toplevel() on ptolemy.moml.MoMLSimpleApplication@6d43d06f
----------------- Done invoking toplevel() on ptolemy.moml.MoMLSimpleApplication@6d43d06f
reloadAllAccessors: .Expression7

===========================================================================================
----------------- testing Sat Jul 06 06:39:07 UTC 2019 /home/travis/build/icyphy/ptII/ptolemy/actor/lib/test/auto/Expression8.xml
----------------- Instantiating /home/travis/build/icyphy/ptII/ptolemy/actor/lib/test/auto/Expression8.xml
8 ms. Memory: 598016K Free: 238119K (40%)
----------------- Invoking toplevel() on ptolemy.moml.MoMLSimpleApplication@e8fce76
----------------- Done invoking toplevel() on ptolemy.moml.MoMLSimpleApplication@e8fce76
reloadAllAccessors: .Expression8

===========================================================================================
----------------- testing Sat Jul 06 06:39:07 UTC 2019 /home/travis/build/icyphy/ptII/ptolemy/actor/lib/test/auto/Expression9.xml
----------------- Instantiating /home/travis/build/icyphy/ptII/ptolemy/actor/lib/test/auto/Expression9.xml
3 ms. Memory: 598016K Free: 234023K (39%)
----------------- Invoking toplevel() on ptolemy.moml.MoMLSimpleApplication@19802080
----------------- Done invoking toplevel() on ptolemy.moml.MoMLSimpleApplication@19802080
reloadAllAccessors: .Expression9

===========================================================================================
----------------- testing Sat Jul 06 06:39:07 UTC 2019 /home/travis/build/icyphy/ptII/ptolemy/actor/lib/test/auto/ExpressionConcatenateArrayType.xml
----------------- Instantiating /home/travis/build/icyphy/ptII/ptolemy/actor/lib/test/auto/ExpressionConcatenateArrayType.xml
3 ms. Memory: 598016K Free: 227879K (38%)
----------------- Invoking toplevel() on ptolemy.moml.MoMLSimpleApplication@6416e684
----------------- Done invoking toplevel() on ptolemy.moml.MoMLSimpleApplication@6416e684
reloadAllAccessors: .ExpressionConcatenateArrayType

===========================================================================================
----------------- testing Sat Jul 06 06:39:07 UTC 2019 /home/travis/build/icyphy/ptII/ptolemy/actor/lib/test/auto/ExpressionConcatenateArrayType2.xml
----------------- Instantiating /home/travis/build/icyphy/ptII/ptolemy/actor/lib/test/auto/ExpressionConcatenateArrayType2.xml
3 ms. Memory: 598016K Free: 222245K (37%)
----------------- Invoking toplevel() on ptolemy.moml.MoMLSimpleApplication@706ad198
----------------- Done invoking toplevel() on ptolemy.moml.MoMLSimpleApplication@706ad198
reloadAllAccessors: .ExpressionConcatenateArrayType2

===========================================================================================
----------------- testing Sat Jul 06 06:39:07 UTC 2019 /home/travis/build/icyphy/ptII/ptolemy/actor/lib/test/auto/ExpressionFix.xml
----------------- Instantiating /home/travis/build/icyphy/ptII/ptolemy/actor/lib/test/auto/ExpressionFix.xml
23 ms. Memory: 598016K Free: 215591K (36%)
----------------- Invoking toplevel() on ptolemy.moml.MoMLSimpleApplication@5e94c643
----------------- Done invoking toplevel() on ptolemy.moml.MoMLSimpleApplication@5e94c643
reloadAllAccessors: .ExpressionFix

===========================================================================================
----------------- testing Sat Jul 06 06:39:07 UTC 2019 /home/travis/build/icyphy/ptII/ptolemy/actor/lib/test/auto/ExpressionFix2.xml
----------------- Instantiating /home/travis/build/icyphy/ptII/ptolemy/actor/lib/test/auto/ExpressionFix2.xml
5 ms. Memory: 598016K Free: 211495K (35%)
----------------- Invoking toplevel() on ptolemy.moml.MoMLSimpleApplication@7e32f1d1
----------------- Done invoking toplevel() on ptolemy.moml.MoMLSimpleApplication@7e32f1d1
reloadAllAccessors: .ExpressionFix2

===========================================================================================
----------------- testing Sat Jul 06 06:39:07 UTC 2019 /home/travis/build/icyphy/ptII/ptolemy/actor/lib/test/auto/ExpressionFix3.xml
----------------- Instantiating /home/travis/build/icyphy/ptII/ptolemy/actor/lib/test/auto/ExpressionFix3.xml
3 ms. Memory: 598016K Free: 206885K (35%)
----------------- Invoking toplevel() on ptolemy.moml.MoMLSimpleApplication@311f5f76
----------------- Done invoking toplevel() on ptolemy.moml.MoMLSimpleApplication@311f5f76
reloadAllAccessors: .ExpressionFix3

===========================================================================================
----------------- testing Sat Jul 06 06:39:07 UTC 2019 /home/travis/build/icyphy/ptII/ptolemy/actor/lib/test/auto/FileWriter1.xml
----------------- Instantiating /home/travis/build/icyphy/ptII/ptolemy/actor/lib/test/auto/FileWriter1.xml
2 ms. Memory: 598016K Free: 202789K (34%)
----------------- Invoking toplevel() on ptolemy.moml.MoMLSimpleApplication@56cd02
----------------- Done invoking toplevel() on ptolemy.moml.MoMLSimpleApplication@56cd02
reloadAllAccessors: .FileWriter1

===========================================================================================
----------------- testing Sat Jul 06 06:39:07 UTC 2019 /home/travis/build/icyphy/ptII/ptolemy/actor/lib/test/auto/FileWriter2.xml
----------------- Instantiating /home/travis/build/icyphy/ptII/ptolemy/actor/lib/test/auto/FileWriter2.xml
2 ms. Memory: 598016K Free: 198693K (33%)
----------------- Invoking toplevel() on ptolemy.moml.MoMLSimpleApplication@4f1105f2
----------------- Done invoking toplevel() on ptolemy.moml.MoMLSimpleApplication@4f1105f2
reloadAllAccessors: .FileWriter2

===========================================================================================
----------------- testing Sat Jul 06 06:39:07 UTC 2019 /home/travis/build/icyphy/ptII/ptolemy/actor/lib/test/auto/FileWriter3.xml
----------------- Instantiating /home/travis/build/icyphy/ptII/ptolemy/actor/lib/test/auto/FileWriter3.xml
4 ms. Memory: 598016K Free: 549044K (92%)
----------------- Invoking toplevel() on ptolemy.moml.MoMLSimpleApplication@5a6e14cd
----------------- Done invoking toplevel() on ptolemy.moml.MoMLSimpleApplication@5a6e14cd
reloadAllAccessors: .FileWriter3

===========================================================================================
----------------- testing Sat Jul 06 06:39:07 UTC 2019 /home/travis/build/icyphy/ptII/ptolemy/actor/lib/test/auto/Gaussian.xml
----------------- Instantiating /home/travis/build/icyphy/ptII/ptolemy/actor/lib/test/auto/Gaussian.xml
3 ms. Memory: 598016K Free: 544438K (91%)
----------------- Invoking toplevel() on ptolemy.moml.MoMLSimpleApplication@606e163a
----------------- Done invoking toplevel() on ptolemy.moml.MoMLSimpleApplication@606e163a
reloadAllAccessors: .Gaussian

===========================================================================================
----------------- testing Sat Jul 06 06:39:07 UTC 2019 /home/travis/build/icyphy/ptII/ptolemy/actor/lib/test/auto/Gaussian1.xml
----------------- Instantiating /home/travis/build/icyphy/ptII/ptolemy/actor/lib/test/auto/Gaussian1.xml
2 ms. Memory: 598016K Free: 538774K (90%)
----------------- Invoking toplevel() on ptolemy.moml.MoMLSimpleApplication@46c64177
----------------- Done invoking toplevel() on ptolemy.moml.MoMLSimpleApplication@46c64177
reloadAllAccessors: .Gaussian1

===========================================================================================
----------------- testing Sat Jul 06 06:39:07 UTC 2019 /home/travis/build/icyphy/ptII/ptolemy/actor/lib/test/auto/Gaussian2.xml
----------------- Instantiating /home/travis/build/icyphy/ptII/ptolemy/actor/lib/test/auto/Gaussian2.xml
2 ms. Memory: 598016K Free: 533174K (89%)
----------------- Invoking toplevel() on ptolemy.moml.MoMLSimpleApplication@86923da
----------------- Done invoking toplevel() on ptolemy.moml.MoMLSimpleApplication@86923da
reloadAllAccessors: .Gaussian2

===========================================================================================
----------------- testing Sat Jul 06 06:39:07 UTC 2019 /home/travis/build/icyphy/ptII/ptolemy/actor/lib/test/auto/GradientAdaptiveLattice.xml
----------------- Instantiating /home/travis/build/icyphy/ptII/ptolemy/actor/lib/test/auto/GradientAdaptiveLattice.xml
10 ms. Memory: 598016K Free: 528054K (88%)
----------------- Invoking toplevel() on ptolemy.moml.MoMLSimpleApplication@5568330d
----------------- Done invoking toplevel() on ptolemy.moml.MoMLSimpleApplication@5568330d
reloadAllAccessors: .GradientAdaptiveLattice

===========================================================================================
----------------- testing Sat Jul 06 06:39:07 UTC 2019 /home/travis/build/icyphy/ptII/ptolemy/actor/lib/test/auto/IIR.xml
----------------- Instantiating /home/travis/build/icyphy/ptII/ptolemy/actor/lib/test/auto/IIR.xml
2 ms. Memory: 598016K Free: 523444K (88%)
----------------- Invoking toplevel() on ptolemy.moml.MoMLSimpleApplication@2962d68f
----------------- Done invoking toplevel() on ptolemy.moml.MoMLSimpleApplication@2962d68f
reloadAllAccessors: .IIR

===========================================================================================
----------------- testing Sat Jul 06 06:39:07 UTC 2019 /home/travis/build/icyphy/ptII/ptolemy/actor/lib/test/auto/InputOutputTransparentPorts.xml
----------------- Instantiating /home/travis/build/icyphy/ptII/ptolemy/actor/lib/test/auto/InputOutputTransparentPorts.xml
2 ms. Memory: 598016K Free: 516276K (86%)
----------------- Invoking toplevel() on ptolemy.moml.MoMLSimpleApplication@4fc5f265
----------------- Done invoking toplevel() on ptolemy.moml.MoMLSimpleApplication@4fc5f265
reloadAllAccessors: .InputOutputTransparentPorts

===========================================================================================
----------------- testing Sat Jul 06 06:39:07 UTC 2019 /home/travis/build/icyphy/ptII/ptolemy/actor/lib/test/auto/Interpolator.xml
----------------- Instantiating /home/travis/build/icyphy/ptII/ptolemy/actor/lib/test/auto/Interpolator.xml
4 ms. Memory: 598016K Free: 512180K (86%)
----------------- Invoking toplevel() on ptolemy.moml.MoMLSimpleApplication@13ca1a51
----------------- Done invoking toplevel() on ptolemy.moml.MoMLSimpleApplication@13ca1a51
reloadAllAccessors: .Interpolator

===========================================================================================
----------------- testing Sat Jul 06 06:39:07 UTC 2019 /home/travis/build/icyphy/ptII/ptolemy/actor/lib/test/auto/InterpolatorFiringLimitDE.xml
----------------- Instantiating /home/travis/build/icyphy/ptII/ptolemy/actor/lib/test/auto/InterpolatorFiringLimitDE.xml
2 ms. Memory: 598016K Free: 506036K (85%)
----------------- Invoking toplevel() on ptolemy.moml.MoMLSimpleApplication@2d57fe26
----------------- Done invoking toplevel() on ptolemy.moml.MoMLSimpleApplication@2d57fe26
reloadAllAccessors: .InterpolatorFiringLimitDE

===========================================================================================
----------------- testing Sat Jul 06 06:39:08 UTC 2019 /home/travis/build/icyphy/ptII/ptolemy/actor/lib/test/auto/Lattice.xml
----------------- Instantiating /home/travis/build/icyphy/ptII/ptolemy/actor/lib/test/auto/Lattice.xml
1 ms. Memory: 598016K Free: 502454K (84%)
----------------- Invoking toplevel() on ptolemy.moml.MoMLSimpleApplication@b7a92c
----------------- Done invoking toplevel() on ptolemy.moml.MoMLSimpleApplication@b7a92c
reloadAllAccessors: .Lattice

===========================================================================================
----------------- testing Sat Jul 06 06:39:08 UTC 2019 /home/travis/build/icyphy/ptII/ptolemy/actor/lib/test/auto/LazyAOCTestLazy.xml
----------------- Instantiating /home/travis/build/icyphy/ptII/ptolemy/actor/lib/test/auto/LazyAOCTestLazy.xml
21 ms. Memory: 598016K Free: 496310K (83%)
----------------- Invoking toplevel() on ptolemy.moml.MoMLSimpleApplication@7095695b
----------------- Done invoking toplevel() on ptolemy.moml.MoMLSimpleApplication@7095695b
reloadAllAccessors: .LazyAOCTestLazy

===========================================================================================
----------------- testing Sat Jul 06 06:39:08 UTC 2019 /home/travis/build/icyphy/ptII/ptolemy/actor/lib/test/auto/LazyAOCTestNonLazy.xml
----------------- Instantiating /home/travis/build/icyphy/ptII/ptolemy/actor/lib/test/auto/LazyAOCTestNonLazy.xml
2 ms. Memory: 598016K Free: 489652K (82%)
----------------- Invoking toplevel() on ptolemy.moml.MoMLSimpleApplication@252f2c29
----------------- Done invoking toplevel() on ptolemy.moml.MoMLSimpleApplication@252f2c29
reloadAllAccessors: .LazyAOCTestNonLazy

===========================================================================================
----------------- testing Sat Jul 06 06:39:08 UTC 2019 /home/travis/build/icyphy/ptII/ptolemy/actor/lib/test/auto/LazyInnerClass.xml
----------------- Instantiating /home/travis/build/icyphy/ptII/ptolemy/actor/lib/test/auto/LazyInnerClass.xml
22 ms. Memory: 598016K Free: 480950K (80%)
----------------- Invoking toplevel() on ptolemy.moml.MoMLSimpleApplication@fc8a792
----------------- Done invoking toplevel() on ptolemy.moml.MoMLSimpleApplication@fc8a792
reloadAllAccessors: .LazyInnerClass

===========================================================================================
----------------- testing Sat Jul 06 06:39:08 UTC 2019 /home/travis/build/icyphy/ptII/ptolemy/actor/lib/test/auto/LazyPubSub.xml
----------------- Instantiating /home/travis/build/icyphy/ptII/ptolemy/actor/lib/test/auto/LazyPubSub.xml
14 ms. Memory: 598016K Free: 470196K (79%)
----------------- Invoking toplevel() on ptolemy.moml.MoMLSimpleApplication@6b85b300
----------------- Done invoking toplevel() on ptolemy.moml.MoMLSimpleApplication@6b85b300
reloadAllAccessors: .LazyPubSub

===========================================================================================
----------------- testing Sat Jul 06 06:39:08 UTC 2019 /home/travis/build/icyphy/ptII/ptolemy/actor/lib/test/auto/LazyPubSub2.xml
----------------- Instantiating /home/travis/build/icyphy/ptII/ptolemy/actor/lib/test/auto/LazyPubSub2.xml
23 ms. Memory: 598016K Free: 460470K (77%)
----------------- Invoking toplevel() on ptolemy.moml.MoMLSimpleApplication@7708768f
----------------- Done invoking toplevel() on ptolemy.moml.MoMLSimpleApplication@7708768f
reloadAllAccessors: .LazyPubSub2

===========================================================================================
----------------- testing Sat Jul 06 06:39:08 UTC 2019 /home/travis/build/icyphy/ptII/ptolemy/actor/lib/test/auto/LazyPubSub3.xml
----------------- Instantiating /home/travis/build/icyphy/ptII/ptolemy/actor/lib/test/auto/LazyPubSub3.xml
14 ms. Memory: 598016K Free: 450230K (75%)
----------------- Invoking toplevel() on ptolemy.moml.MoMLSimpleApplication@647c627c
----------------- Done invoking toplevel() on ptolemy.moml.MoMLSimpleApplication@647c627c
reloadAllAccessors: .LazyPubSub3

===========================================================================================
----------------- testing Sat Jul 06 06:39:08 UTC 2019 /home/travis/build/icyphy/ptII/ptolemy/actor/lib/test/auto/LazySubClassModel.xml
----------------- Instantiating /home/travis/build/icyphy/ptII/ptolemy/actor/lib/test/auto/LazySubClassModel.xml
2 ms. Memory: 598016K Free: 441014K (74%)
----------------- Invoking toplevel() on ptolemy.moml.MoMLSimpleApplication@473e704a
----------------- Done invoking toplevel() on ptolemy.moml.MoMLSimpleApplication@473e704a
reloadAllAccessors: .LazySubClassModel

===========================================================================================
----------------- testing Sat Jul 06 06:39:08 UTC 2019 /home/travis/build/icyphy/ptII/ptolemy/actor/lib/test/auto/LevelCrossTest1.xml
----------------- Instantiating /home/travis/build/icyphy/ptII/ptolemy/actor/lib/test/auto/LevelCrossTest1.xml
1 ms. Memory: 598016K Free: 435380K (73%)
----------------- Invoking toplevel() on ptolemy.moml.MoMLSimpleApplication@7dc4cf7b
----------------- Done invoking toplevel() on ptolemy.moml.MoMLSimpleApplication@7dc4cf7b
reloadAllAccessors: .broken

===========================================================================================
----------------- testing Sat Jul 06 06:39:08 UTC 2019 /home/travis/build/icyphy/ptII/ptolemy/actor/lib/test/auto/LevelCrossTest10.xml
----------------- Instantiating /home/travis/build/icyphy/ptII/ptolemy/actor/lib/test/auto/LevelCrossTest10.xml
2 ms. Memory: 598016K Free: 427702K (72%)
----------------- Invoking toplevel() on ptolemy.moml.MoMLSimpleApplication@5f94d780
----------------- Done invoking toplevel() on ptolemy.moml.MoMLSimpleApplication@5f94d780
reloadAllAccessors: .LevelCrossTest10

===========================================================================================
----------------- testing Sat Jul 06 06:39:08 UTC 2019 /home/travis/build/icyphy/ptII/ptolemy/actor/lib/test/auto/LevelCrossTest11.xml
----------------- Instantiating /home/travis/build/icyphy/ptII/ptolemy/actor/lib/test/auto/LevelCrossTest11.xml
2 ms. Memory: 598016K Free: 420534K (70%)
----------------- Invoking toplevel() on ptolemy.moml.MoMLSimpleApplication@54b8496e
----------------- Done invoking toplevel() on ptolemy.moml.MoMLSimpleApplication@54b8496e
reloadAllAccessors: .LevelCrossTest11

===========================================================================================
----------------- testing Sat Jul 06 06:39:08 UTC 2019 /home/travis/build/icyphy/ptII/ptolemy/actor/lib/test/auto/LevelCrossTest12.xml
----------------- Instantiating /home/travis/build/icyphy/ptII/ptolemy/actor/lib/test/auto/LevelCrossTest12.xml
1 ms. Memory: 598016K Free: 413876K (69%)
----------------- Invoking toplevel() on ptolemy.moml.MoMLSimpleApplication@7ce53bd6
----------------- Done invoking toplevel() on ptolemy.moml.MoMLSimpleApplication@7ce53bd6
reloadAllAccessors: .LevelCrossTest12

===========================================================================================
----------------- testing Sat Jul 06 06:39:08 UTC 2019 /home/travis/build/icyphy/ptII/ptolemy/actor/lib/test/auto/LevelCrossTest13.xml
----------------- Instantiating /home/travis/build/icyphy/ptII/ptolemy/actor/lib/test/auto/LevelCrossTest13.xml
1 ms. Memory: 598016K Free: 406198K (68%)
----------------- Invoking toplevel() on ptolemy.moml.MoMLSimpleApplication@5852bf32
----------------- Done invoking toplevel() on ptolemy.moml.MoMLSimpleApplication@5852bf32
reloadAllAccessors: .LevelCrossTest13

===========================================================================================
----------------- testing Sat Jul 06 06:39:08 UTC 2019 /home/travis/build/icyphy/ptII/ptolemy/actor/lib/test/auto/LevelCrossTest2.xml
----------------- Instantiating /home/travis/build/icyphy/ptII/ptolemy/actor/lib/test/auto/LevelCrossTest2.xml
1 ms. Memory: 598016K Free: 400564K (67%)
----------------- Invoking toplevel() on ptolemy.moml.MoMLSimpleApplication@14997696
----------------- Done invoking toplevel() on ptolemy.moml.MoMLSimpleApplication@14997696
reloadAllAccessors: .broken

===========================================================================================
----------------- testing Sat Jul 06 06:39:08 UTC 2019 /home/travis/build/icyphy/ptII/ptolemy/actor/lib/test/auto/LevelCrossTest3.xml
----------------- Instantiating /home/travis/build/icyphy/ptII/ptolemy/actor/lib/test/auto/LevelCrossTest3.xml
2 ms. Memory: 598016K Free: 393910K (66%)
----------------- Invoking toplevel() on ptolemy.moml.MoMLSimpleApplication@626bd499
----------------- Done invoking toplevel() on ptolemy.moml.MoMLSimpleApplication@626bd499
reloadAllAccessors: .LevelCrossTest3

===========================================================================================
----------------- testing Sat Jul 06 06:39:08 UTC 2019 /home/travis/build/icyphy/ptII/ptolemy/actor/lib/test/auto/LevelCrossTest4.xml
----------------- Instantiating /home/travis/build/icyphy/ptII/ptolemy/actor/lib/test/auto/LevelCrossTest4.xml
1 ms. Memory: 598016K Free: 388790K (65%)
----------------- Invoking toplevel() on ptolemy.moml.MoMLSimpleApplication@3a722620
----------------- Done invoking toplevel() on ptolemy.moml.MoMLSimpleApplication@3a722620
reloadAllAccessors: .broken

===========================================================================================
----------------- testing Sat Jul 06 06:39:08 UTC 2019 /home/travis/build/icyphy/ptII/ptolemy/actor/lib/test/auto/LevelCrossTest5.xml
----------------- Instantiating /home/travis/build/icyphy/ptII/ptolemy/actor/lib/test/auto/LevelCrossTest5.xml
4 ms. Memory: 598016K Free: 382132K (64%)
----------------- Invoking toplevel() on ptolemy.moml.MoMLSimpleApplication@6723d0ba
----------------- Done invoking toplevel() on ptolemy.moml.MoMLSimpleApplication@6723d0ba
reloadAllAccessors: .LevelCrossTest5

===========================================================================================
----------------- testing Sat Jul 06 06:39:08 UTC 2019 /home/travis/build/icyphy/ptII/ptolemy/actor/lib/test/auto/LevelCrossTest6.xml
----------------- Instantiating /home/travis/build/icyphy/ptII/ptolemy/actor/lib/test/auto/LevelCrossTest6.xml
1 ms. Memory: 598016K Free: 374964K (63%)
----------------- Invoking toplevel() on ptolemy.moml.MoMLSimpleApplication@255a866c
----------------- Done invoking toplevel() on ptolemy.moml.MoMLSimpleApplication@255a866c
reloadAllAccessors: .LevelCrossTest6

===========================================================================================
----------------- testing Sat Jul 06 06:39:08 UTC 2019 /home/travis/build/icyphy/ptII/ptolemy/actor/lib/test/auto/LevelCrossTest7.xml
----------------- Instantiating /home/travis/build/icyphy/ptII/ptolemy/actor/lib/test/auto/LevelCrossTest7.xml
1 ms. Memory: 598016K Free: 367796K (62%)
----------------- Invoking toplevel() on ptolemy.moml.MoMLSimpleApplication@3e0332e1
----------------- Done invoking toplevel() on ptolemy.moml.MoMLSimpleApplication@3e0332e1
reloadAllAccessors: .LevelCrossTest7

===========================================================================================
----------------- testing Sat Jul 06 06:39:08 UTC 2019 /home/travis/build/icyphy/ptII/ptolemy/actor/lib/test/auto/LevelCrossTest8.xml
----------------- Instantiating /home/travis/build/icyphy/ptII/ptolemy/actor/lib/test/auto/LevelCrossTest8.xml
2 ms. Memory: 598016K Free: 361142K (60%)
----------------- Invoking toplevel() on ptolemy.moml.MoMLSimpleApplication@264a3d1f
----------------- Done invoking toplevel() on ptolemy.moml.MoMLSimpleApplication@264a3d1f
reloadAllAccessors: .LevelCrossTest8

===========================================================================================
----------------- testing Sat Jul 06 06:39:08 UTC 2019 /home/travis/build/icyphy/ptII/ptolemy/actor/lib/test/auto/LevelCrossTest9.xml
----------------- Instantiating /home/travis/build/icyphy/ptII/ptolemy/actor/lib/test/auto/LevelCrossTest9.xml
2 ms. Memory: 598016K Free: 353974K (59%)
----------------- Invoking toplevel() on ptolemy.moml.MoMLSimpleApplication@6e55cdfc
----------------- Done invoking toplevel() on ptolemy.moml.MoMLSimpleApplication@6e55cdfc
reloadAllAccessors: .LevelCrossTest9

===========================================================================================
----------------- testing Sat Jul 06 06:39:08 UTC 2019 /home/travis/build/icyphy/ptII/ptolemy/actor/lib/test/auto/LevinsonDurbin.xml
----------------- Instantiating /home/travis/build/icyphy/ptII/ptolemy/actor/lib/test/auto/LevinsonDurbin.xml
2 ms. Memory: 598016K Free: 349878K (59%)
----------------- Invoking toplevel() on ptolemy.moml.MoMLSimpleApplication@34957f9d
----------------- Done invoking toplevel() on ptolemy.moml.MoMLSimpleApplication@34957f9d
reloadAllAccessors: .LevinsonDurbin

===========================================================================================
----------------- testing Sat Jul 06 06:39:08 UTC 2019 /home/travis/build/icyphy/ptII/ptolemy/actor/lib/test/auto/LevinsonDurbin2.xml
----------------- Instantiating /home/travis/build/icyphy/ptII/ptolemy/actor/lib/test/auto/LevinsonDurbin2.xml
2 ms. Memory: 598016K Free: 345782K (58%)
----------------- Invoking toplevel() on ptolemy.moml.MoMLSimpleApplication@38fe73fc
----------------- Done invoking toplevel() on ptolemy.moml.MoMLSimpleApplication@38fe73fc
reloadAllAccessors: .LevinsonDurbin2

===========================================================================================
----------------- testing Sat Jul 06 06:39:08 UTC 2019 /home/travis/build/icyphy/ptII/ptolemy/actor/lib/test/auto/LevinsonDurbin3.xml
----------------- Instantiating /home/travis/build/icyphy/ptII/ptolemy/actor/lib/test/auto/LevinsonDurbin3.xml
1 ms. Memory: 598016K Free: 341686K (57%)
----------------- Invoking toplevel() on ptolemy.moml.MoMLSimpleApplication@451753bc
----------------- Done invoking toplevel() on ptolemy.moml.MoMLSimpleApplication@451753bc
reloadAllAccessors: .LevinsonDurbin3

===========================================================================================
----------------- testing Sat Jul 06 06:39:08 UTC 2019 /home/travis/build/icyphy/ptII/ptolemy/actor/lib/test/auto/Limiter.xml
----------------- Instantiating /home/travis/build/icyphy/ptII/ptolemy/actor/lib/test/auto/Limiter.xml
4 ms. Memory: 598016K Free: 332470K (56%)
----------------- Invoking toplevel() on ptolemy.moml.MoMLSimpleApplication@45222a87
----------------- Done invoking toplevel() on ptolemy.moml.MoMLSimpleApplication@45222a87
reloadAllAccessors: .Limiter

===========================================================================================
----------------- testing Sat Jul 06 06:39:08 UTC 2019 /home/travis/build/icyphy/ptII/ptolemy/actor/lib/test/auto/LinearDifferenceEquationSystem.xml
----------------- Instantiating /home/travis/build/icyphy/ptII/ptolemy/actor/lib/test/auto/LinearDifferenceEquationSystem.xml
8 ms. Memory: 598016K Free: 325812K (54%)
----------------- Invoking toplevel() on ptolemy.moml.MoMLSimpleApplication@384b9583
----------------- Done invoking toplevel() on ptolemy.moml.MoMLSimpleApplication@384b9583
reloadAllAccessors: .LinearDifferenceEquationSystem

===========================================================================================
----------------- testing Sat Jul 06 06:39:08 UTC 2019 /home/travis/build/icyphy/ptII/ptolemy/actor/lib/test/auto/LookupTable.xml
----------------- Instantiating /home/travis/build/icyphy/ptII/ptolemy/actor/lib/test/auto/LookupTable.xml
2 ms. Memory: 598016K Free: 321206K (54%)
----------------- Invoking toplevel() on ptolemy.moml.MoMLSimpleApplication@4bf7384b
----------------- Done invoking toplevel() on ptolemy.moml.MoMLSimpleApplication@4bf7384b
reloadAllAccessors: .LookupTable

===========================================================================================
----------------- testing Sat Jul 06 06:39:08 UTC 2019 /home/travis/build/icyphy/ptII/ptolemy/actor/lib/test/auto/MathFunction.xml
----------------- Instantiating /home/travis/build/icyphy/ptII/ptolemy/actor/lib/test/auto/MathFunction.xml
2 ms. Memory: 598016K Free: 313014K (52%)
----------------- Invoking toplevel() on ptolemy.moml.MoMLSimpleApplication@12ae2ba8
----------------- Done invoking toplevel() on ptolemy.moml.MoMLSimpleApplication@12ae2ba8
reloadAllAccessors: .MathFunction

===========================================================================================
----------------- testing Sat Jul 06 06:39:08 UTC 2019 /home/travis/build/icyphy/ptII/ptolemy/actor/lib/test/auto/MathFunction2.xml
----------------- Instantiating /home/travis/build/icyphy/ptII/ptolemy/actor/lib/test/auto/MathFunction2.xml
1 ms. Memory: 598016K Free: 308918K (52%)
----------------- Invoking toplevel() on ptolemy.moml.MoMLSimpleApplication@6a770254
----------------- Done invoking toplevel() on ptolemy.moml.MoMLSimpleApplication@6a770254
reloadAllAccessors: .MathFunction2

===========================================================================================
----------------- testing Sat Jul 06 06:39:08 UTC 2019 /home/travis/build/icyphy/ptII/ptolemy/actor/lib/test/auto/MathFunction3.xml
----------------- Instantiating /home/travis/build/icyphy/ptII/ptolemy/actor/lib/test/auto/MathFunction3.xml
2 ms. Memory: 598016K Free: 301750K (50%)
----------------- Invoking toplevel() on ptolemy.moml.MoMLSimpleApplication@4f5ea3cf
----------------- Done invoking toplevel() on ptolemy.moml.MoMLSimpleApplication@4f5ea3cf
reloadAllAccessors: .MathFunction3

===========================================================================================
----------------- testing Sat Jul 06 06:39:08 UTC 2019 /home/travis/build/icyphy/ptII/ptolemy/actor/lib/test/auto/MatrixCropBoolean.xml
----------------- Instantiating /home/travis/build/icyphy/ptII/ptolemy/actor/lib/test/auto/MatrixCropBoolean.xml
2 ms. Memory: 598016K Free: 296630K (50%)
----------------- Invoking toplevel() on ptolemy.moml.MoMLSimpleApplication@3dd6847f
----------------- Done invoking toplevel() on ptolemy.moml.MoMLSimpleApplication@3dd6847f
reloadAllAccessors: .MatrixCropBoolean

===========================================================================================
----------------- testing Sat Jul 06 06:39:08 UTC 2019 /home/travis/build/icyphy/ptII/ptolemy/actor/lib/test/auto/MatrixCropComplex.xml
----------------- Instantiating /home/travis/build/icyphy/ptII/ptolemy/actor/lib/test/auto/MatrixCropComplex.xml
1 ms. Memory: 598016K Free: 291990K (49%)
----------------- Invoking toplevel() on ptolemy.moml.MoMLSimpleApplication@5fe43225
----------------- Done invoking toplevel() on ptolemy.moml.MoMLSimpleApplication@5fe43225
reloadAllAccessors: .MatrixCropComplex

===========================================================================================
----------------- testing Sat Jul 06 06:39:08 UTC 2019 /home/travis/build/icyphy/ptII/ptolemy/actor/lib/test/auto/MatrixCropDouble.xml
----------------- Instantiating /home/travis/build/icyphy/ptII/ptolemy/actor/lib/test/auto/MatrixCropDouble.xml
3 ms. Memory: 598016K Free: 286886K (48%)
----------------- Invoking toplevel() on ptolemy.moml.MoMLSimpleApplication@3fe75cf8
----------------- Done invoking toplevel() on ptolemy.moml.MoMLSimpleApplication@3fe75cf8
reloadAllAccessors: .MatrixCropDouble

===========================================================================================
----------------- testing Sat Jul 06 06:39:08 UTC 2019 /home/travis/build/icyphy/ptII/ptolemy/actor/lib/test/auto/MatrixCropFix.xml
----------------- Instantiating /home/travis/build/icyphy/ptII/ptolemy/actor/lib/test/auto/MatrixCropFix.xml
3 ms. Memory: 598016K Free: 281750K (47%)
----------------- Invoking toplevel() on ptolemy.moml.MoMLSimpleApplication@5f1f80ca
----------------- Done invoking toplevel() on ptolemy.moml.MoMLSimpleApplication@5f1f80ca
reloadAllAccessors: .MatrixCropFix

===========================================================================================
----------------- testing Sat Jul 06 06:39:08 UTC 2019 /home/travis/build/icyphy/ptII/ptolemy/actor/lib/test/auto/MatrixCropInt.xml
----------------- Instantiating /home/travis/build/icyphy/ptII/ptolemy/actor/lib/test/auto/MatrixCropInt.xml
2 ms. Memory: 598016K Free: 276646K (46%)
----------------- Invoking toplevel() on ptolemy.moml.MoMLSimpleApplication@73832f9b
----------------- Done invoking toplevel() on ptolemy.moml.MoMLSimpleApplication@73832f9b
reloadAllAccessors: .MatrixCropInt

===========================================================================================
----------------- testing Sat Jul 06 06:39:08 UTC 2019 /home/travis/build/icyphy/ptII/ptolemy/actor/lib/test/auto/MatrixCropLong.xml
----------------- Instantiating /home/travis/build/icyphy/ptII/ptolemy/actor/lib/test/auto/MatrixCropLong.xml
2 ms. Memory: 598016K Free: 271526K (45%)
----------------- Invoking toplevel() on ptolemy.moml.MoMLSimpleApplication@41e7c408
----------------- Done invoking toplevel() on ptolemy.moml.MoMLSimpleApplication@41e7c408
reloadAllAccessors: .MatrixCropLong

===========================================================================================
----------------- testing Sat Jul 06 06:39:08 UTC 2019 /home/travis/build/icyphy/ptII/ptolemy/actor/lib/test/auto/MatrixToArray.xml
----------------- Instantiating /home/travis/build/icyphy/ptII/ptolemy/actor/lib/test/auto/MatrixToArray.xml
14 ms. Memory: 598016K Free: 256694K (43%)
----------------- Invoking toplevel() on ptolemy.moml.MoMLSimpleApplication@2cf5ca57
----------------- Done invoking toplevel() on ptolemy.moml.MoMLSimpleApplication@2cf5ca57
reloadAllAccessors: .MatrixToArray

===========================================================================================
----------------- testing Sat Jul 06 06:39:09 UTC 2019 /home/travis/build/icyphy/ptII/ptolemy/actor/lib/test/auto/MaxIndex.xml
----------------- Instantiating /home/travis/build/icyphy/ptII/ptolemy/actor/lib/test/auto/MaxIndex.xml
3 ms. Memory: 598016K Free: 251574K (42%)
----------------- Invoking toplevel() on ptolemy.moml.MoMLSimpleApplication@343dab9d
----------------- Done invoking toplevel() on ptolemy.moml.MoMLSimpleApplication@343dab9d
reloadAllAccessors: .MaxIndex

===========================================================================================
----------------- testing Sat Jul 06 06:39:09 UTC 2019 /home/travis/build/icyphy/ptII/ptolemy/actor/lib/test/auto/Maximum.xml
----------------- Instantiating /home/travis/build/icyphy/ptII/ptolemy/actor/lib/test/auto/Maximum.xml
2 ms. Memory: 598016K Free: 244886K (41%)
----------------- Invoking toplevel() on ptolemy.moml.MoMLSimpleApplication@228e1f49
----------------- Done invoking toplevel() on ptolemy.moml.MoMLSimpleApplication@228e1f49
reloadAllAccessors: .Maximum

===========================================================================================
----------------- testing Sat Jul 06 06:39:09 UTC 2019 /home/travis/build/icyphy/ptII/ptolemy/actor/lib/test/auto/MaximumComplex.xml
----------------- Instantiating /home/travis/build/icyphy/ptII/ptolemy/actor/lib/test/auto/MaximumComplex.xml
4 ms. Memory: 598016K Free: 238758K (40%)
----------------- Invoking toplevel() on ptolemy.moml.MoMLSimpleApplication@917e4ad
----------------- Done invoking toplevel() on ptolemy.moml.MoMLSimpleApplication@917e4ad
reloadAllAccessors: .MaximumComplex

===========================================================================================
----------------- testing Sat Jul 06 06:39:09 UTC 2019 /home/travis/build/icyphy/ptII/ptolemy/actor/lib/test/auto/MethodCallTest.xml
----------------- Instantiating /home/travis/build/icyphy/ptII/ptolemy/actor/lib/test/auto/MethodCallTest.xml
2 ms. Memory: 598016K Free: 232118K (39%)
----------------- Invoking toplevel() on ptolemy.moml.MoMLSimpleApplication@1e121a07
----------------- Done invoking toplevel() on ptolemy.moml.MoMLSimpleApplication@1e121a07
reloadAllAccessors: .MethodCallTest

===========================================================================================
----------------- testing Sat Jul 06 06:39:09 UTC 2019 /home/travis/build/icyphy/ptII/ptolemy/actor/lib/test/auto/Minimum.xml
----------------- Instantiating /home/travis/build/icyphy/ptII/ptolemy/actor/lib/test/auto/Minimum.xml
2 ms. Memory: 598016K Free: 225974K (38%)
----------------- Invoking toplevel() on ptolemy.moml.MoMLSimpleApplication@4414c011
----------------- Done invoking toplevel() on ptolemy.moml.MoMLSimpleApplication@4414c011
reloadAllAccessors: .Minimum

===========================================================================================
----------------- testing Sat Jul 06 06:39:09 UTC 2019 /home/travis/build/icyphy/ptII/ptolemy/actor/lib/test/auto/MinimumComplex.xml
----------------- Instantiating /home/travis/build/icyphy/ptII/ptolemy/actor/lib/test/auto/MinimumComplex.xml
3 ms. Memory: 598016K Free: 219830K (37%)
----------------- Invoking toplevel() on ptolemy.moml.MoMLSimpleApplication@43e1b068
----------------- Done invoking toplevel() on ptolemy.moml.MoMLSimpleApplication@43e1b068
reloadAllAccessors: .MinimumComplex

===========================================================================================
----------------- testing Sat Jul 06 06:39:09 UTC 2019 /home/travis/build/icyphy/ptII/ptolemy/actor/lib/test/auto/MinimumMultiports.xml
----------------- Instantiating /home/travis/build/icyphy/ptII/ptolemy/actor/lib/test/auto/MinimumMultiports.xml
4 ms. Memory: 598016K Free: 211110K (35%)
----------------- Invoking toplevel() on ptolemy.moml.MoMLSimpleApplication@7094c4e8
----------------- Done invoking toplevel() on ptolemy.moml.MoMLSimpleApplication@7094c4e8
reloadAllAccessors: .MinimumMultiports

===========================================================================================
----------------- testing Sat Jul 06 06:39:09 UTC 2019 /home/travis/build/icyphy/ptII/ptolemy/actor/lib/test/auto/ModifyDate.xml
----------------- Instantiating /home/travis/build/icyphy/ptII/ptolemy/actor/lib/test/auto/ModifyDate.xml
10 ms. Memory: 598016K Free: 198326K (33%)
----------------- Invoking toplevel() on ptolemy.moml.MoMLSimpleApplication@977494e
----------------- Done invoking toplevel() on ptolemy.moml.MoMLSimpleApplication@977494e
reloadAllAccessors: .ModifyDate

===========================================================================================
----------------- testing Sat Jul 06 06:39:09 UTC 2019 /home/travis/build/icyphy/ptII/ptolemy/actor/lib/test/auto/ModifyDate2.xml
----------------- Instantiating /home/travis/build/icyphy/ptII/ptolemy/actor/lib/test/auto/ModifyDate2.xml
5 ms. Memory: 598016K Free: 544126K (91%)
----------------- Invoking toplevel() on ptolemy.moml.MoMLSimpleApplication@1a7b9551
----------------- Done invoking toplevel() on ptolemy.moml.MoMLSimpleApplication@1a7b9551
reloadAllAccessors: .ModifyDate2

===========================================================================================
----------------- testing Sat Jul 06 06:39:09 UTC 2019 /home/travis/build/icyphy/ptII/ptolemy/actor/lib/test/auto/MovingAverage.xml
----------------- Instantiating /home/travis/build/icyphy/ptII/ptolemy/actor/lib/test/auto/MovingAverage.xml
2 ms. Memory: 598016K Free: 538492K (90%)
----------------- Invoking toplevel() on ptolemy.moml.MoMLSimpleApplication@1d429b16
----------------- Done invoking toplevel() on ptolemy.moml.MoMLSimpleApplication@1d429b16
reloadAllAccessors: .MovingAverage

===========================================================================================
----------------- testing Sat Jul 06 06:39:09 UTC 2019 /home/travis/build/icyphy/ptII/ptolemy/actor/lib/test/auto/MovingMaximum.xml
----------------- Instantiating /home/travis/build/icyphy/ptII/ptolemy/actor/lib/test/auto/MovingMaximum.xml
2 ms. Memory: 598016K Free: 533886K (89%)
----------------- Invoking toplevel() on ptolemy.moml.MoMLSimpleApplication@632719c1
----------------- Done invoking toplevel() on ptolemy.moml.MoMLSimpleApplication@632719c1
reloadAllAccessors: .MovingMaximum

===========================================================================================
----------------- testing Sat Jul 06 06:39:09 UTC 2019 /home/travis/build/icyphy/ptII/ptolemy/actor/lib/test/auto/MultipleLinksToSameRelation.xml
----------------- Instantiating /home/travis/build/icyphy/ptII/ptolemy/actor/lib/test/auto/MultipleLinksToSameRelation.xml
2 ms. Memory: 598016K Free: 529790K (89%)
----------------- Invoking toplevel() on ptolemy.moml.MoMLSimpleApplication@670af5d3
----------------- Done invoking toplevel() on ptolemy.moml.MoMLSimpleApplication@670af5d3
reloadAllAccessors: .MultipleLinksToSameRelation

===========================================================================================
----------------- testing Sat Jul 06 06:39:09 UTC 2019 /home/travis/build/icyphy/ptII/ptolemy/actor/lib/test/auto/MultipleLinksToSameRelationDE.xml
----------------- Instantiating /home/travis/build/icyphy/ptII/ptolemy/actor/lib/test/auto/MultipleLinksToSameRelationDE.xml
13 ms. Memory: 598016K Free: 525150K (88%)
----------------- Invoking toplevel() on ptolemy.moml.MoMLSimpleApplication@1069bd7d
----------------- Done invoking toplevel() on ptolemy.moml.MoMLSimpleApplication@1069bd7d
reloadAllAccessors: .MultipleLinksToSameRelationDE

===========================================================================================
----------------- testing Sat Jul 06 06:39:09 UTC 2019 /home/travis/build/icyphy/ptII/ptolemy/actor/lib/test/auto/Multiplexor.xml
----------------- Instantiating /home/travis/build/icyphy/ptII/ptolemy/actor/lib/test/auto/Multiplexor.xml
2 ms. Memory: 598016K Free: 519550K (87%)
----------------- Invoking toplevel() on ptolemy.moml.MoMLSimpleApplication@3ba5480c
----------------- Done invoking toplevel() on ptolemy.moml.MoMLSimpleApplication@3ba5480c
reloadAllAccessors: .Multiplexor

===========================================================================================
----------------- testing Sat Jul 06 06:39:09 UTC 2019 /home/travis/build/icyphy/ptII/ptolemy/actor/lib/test/auto/Multiplexor1.xml
----------------- Instantiating /home/travis/build/icyphy/ptII/ptolemy/actor/lib/test/auto/Multiplexor1.xml
2 ms. Memory: 598016K Free: 513886K (86%)
----------------- Invoking toplevel() on ptolemy.moml.MoMLSimpleApplication@163b415d
----------------- Done invoking toplevel() on ptolemy.moml.MoMLSimpleApplication@163b415d
reloadAllAccessors: .Multiplexor1

===========================================================================================
----------------- testing Sat Jul 06 06:39:09 UTC 2019 /home/travis/build/icyphy/ptII/ptolemy/actor/lib/test/auto/Multiplexor2.xml
----------------- Instantiating /home/travis/build/icyphy/ptII/ptolemy/actor/lib/test/auto/Multiplexor2.xml
6 ms. Memory: 598016K Free: 507260K (85%)
----------------- Invoking toplevel() on ptolemy.moml.MoMLSimpleApplication@49fd30c2
----------------- Done invoking toplevel() on ptolemy.moml.MoMLSimpleApplication@49fd30c2
reloadAllAccessors: .Multiplexor2

===========================================================================================
----------------- testing Sat Jul 06 06:39:09 UTC 2019 /home/travis/build/icyphy/ptII/ptolemy/actor/lib/test/auto/Multiplexor3.xml
----------------- Instantiating /home/travis/build/icyphy/ptII/ptolemy/actor/lib/test/auto/Multiplexor3.xml
2 ms. Memory: 598016K Free: 503166K (84%)
----------------- Invoking toplevel() on ptolemy.moml.MoMLSimpleApplication@257a4aec
----------------- Done invoking toplevel() on ptolemy.moml.MoMLSimpleApplication@257a4aec
reloadAllAccessors: .Multiplexor3

===========================================================================================
----------------- testing Sat Jul 06 06:39:09 UTC 2019 /home/travis/build/icyphy/ptII/ptolemy/actor/lib/test/auto/MultiplexorDE.xml
----------------- Instantiating /home/travis/build/icyphy/ptII/ptolemy/actor/lib/test/auto/MultiplexorDE.xml
2 ms. Memory: 598016K Free: 495478K (83%)
----------------- Invoking toplevel() on ptolemy.moml.MoMLSimpleApplication@3e24bcaf
----------------- Done invoking toplevel() on ptolemy.moml.MoMLSimpleApplication@3e24bcaf
reloadAllAccessors: .MultiplexorDE

===========================================================================================
----------------- testing Sat Jul 06 06:39:09 UTC 2019 /home/travis/build/icyphy/ptII/ptolemy/actor/lib/test/auto/MultiportBroadcastTest.xml
----------------- Instantiating /home/travis/build/icyphy/ptII/ptolemy/actor/lib/test/auto/MultiportBroadcastTest.xml
93 ms. Memory: 598016K Free: 489324K (82%)
----------------- Invoking toplevel() on ptolemy.moml.MoMLSimpleApplication@6a42508
----------------- Done invoking toplevel() on ptolemy.moml.MoMLSimpleApplication@6a42508
reloadAllAccessors: .MultiportBroadcastTest

===========================================================================================
----------------- testing Sat Jul 06 06:39:09 UTC 2019 /home/travis/build/icyphy/ptII/ptolemy/actor/lib/test/auto/MultiportOutHangDuringGetWidth.xml
----------------- Instantiating /home/travis/build/icyphy/ptII/ptolemy/actor/lib/test/auto/MultiportOutHangDuringGetWidth.xml
7 ms. Memory: 598016K Free: 477566K (80%)
----------------- Invoking toplevel() on ptolemy.moml.MoMLSimpleApplication@6b99c60f
----------------- Done invoking toplevel() on ptolemy.moml.MoMLSimpleApplication@6b99c60f
reloadAllAccessors: .MultiportOutHangDuringGetWidth

===========================================================================================
----------------- testing Sat Jul 06 06:39:09 UTC 2019 /home/travis/build/icyphy/ptII/ptolemy/actor/lib/test/auto/NilToken.xml
----------------- Instantiating /home/travis/build/icyphy/ptII/ptolemy/actor/lib/test/auto/NilToken.xml
1 ms. Memory: 598016K Free: 473470K (79%)
----------------- Invoking toplevel() on ptolemy.moml.MoMLSimpleApplication@7bc23cc5
----------------- Done invoking toplevel() on ptolemy.moml.MoMLSimpleApplication@7bc23cc5
reloadAllAccessors: .NilToken

===========================================================================================
----------------- testing Sat Jul 06 06:39:09 UTC 2019 /home/travis/build/icyphy/ptII/ptolemy/actor/lib/test/auto/NilTokenNonStrictTest.xml
----------------- Instantiating /home/travis/build/icyphy/ptII/ptolemy/actor/lib/test/auto/NilTokenNonStrictTest.xml
2 ms. Memory: 598016K Free: 468860K (78%)
----------------- Invoking toplevel() on ptolemy.moml.MoMLSimpleApplication@5d9ddf6c
----------------- Done invoking toplevel() on ptolemy.moml.MoMLSimpleApplication@5d9ddf6c
reloadAllAccessors: .NilTokenNonStrictTest

===========================================================================================
----------------- testing Sat Jul 06 06:39:09 UTC 2019 /home/travis/build/icyphy/ptII/ptolemy/actor/lib/test/auto/NilTokenRecord.xml
----------------- Instantiating /home/travis/build/icyphy/ptII/ptolemy/actor/lib/test/auto/NilTokenRecord.xml
13 ms. Memory: 598016K Free: 462206K (77%)
----------------- Invoking toplevel() on ptolemy.moml.MoMLSimpleApplication@17534194
----------------- Done invoking toplevel() on ptolemy.moml.MoMLSimpleApplication@17534194
reloadAllAccessors: .NilTokenRecord

===========================================================================================
----------------- testing Sat Jul 06 06:39:09 UTC 2019 /home/travis/build/icyphy/ptII/ptolemy/actor/lib/test/auto/NilTokenTypeTest.xml
----------------- Instantiating /home/travis/build/icyphy/ptII/ptolemy/actor/lib/test/auto/NilTokenTypeTest.xml
4 ms. Memory: 598016K Free: 452476K (76%)
----------------- Invoking toplevel() on ptolemy.moml.MoMLSimpleApplication@710932f1
----------------- Done invoking toplevel() on ptolemy.moml.MoMLSimpleApplication@710932f1
reloadAllAccessors: .NilTokenTypeTest

===========================================================================================
----------------- testing Sat Jul 06 06:39:09 UTC 2019 /home/travis/build/icyphy/ptII/ptolemy/actor/lib/test/auto/ObjectToken1.xml
----------------- Instantiating /home/travis/build/icyphy/ptII/ptolemy/actor/lib/test/auto/ObjectToken1.xml
4 ms. Memory: 598016K Free: 448380K (75%)
----------------- Invoking toplevel() on ptolemy.moml.MoMLSimpleApplication@6d24f3eb
----------------- Done invoking toplevel() on ptolemy.moml.MoMLSimpleApplication@6d24f3eb
reloadAllAccessors: .ObjectToken1

===========================================================================================
----------------- testing Sat Jul 06 06:39:09 UTC 2019 /home/travis/build/icyphy/ptII/ptolemy/actor/lib/test/auto/OrderedMerge.xml
----------------- Instantiating /home/travis/build/icyphy/ptII/ptolemy/actor/lib/test/auto/OrderedMerge.xml
16 ms. Memory: 598016K Free: 442750K (74%)
----------------- Invoking toplevel() on ptolemy.moml.MoMLSimpleApplication@19c4dee7
----------------- Done invoking toplevel() on ptolemy.moml.MoMLSimpleApplication@19c4dee7
reloadAllAccessors: .OrderedMerge

===========================================================================================
----------------- testing Sat Jul 06 06:39:09 UTC 2019 /home/travis/build/icyphy/ptII/ptolemy/actor/lib/test/auto/OrderedRecordDisassembler.xml
----------------- Instantiating /home/travis/build/icyphy/ptII/ptolemy/actor/lib/test/auto/OrderedRecordDisassembler.xml
3 ms. Memory: 598016K Free: 437630K (73%)
----------------- Invoking toplevel() on ptolemy.moml.MoMLSimpleApplication@27a40831
----------------- Done invoking toplevel() on ptolemy.moml.MoMLSimpleApplication@27a40831
reloadAllAccessors: .OrderedRecordDisassembler

===========================================================================================
----------------- testing Sat Jul 06 06:39:09 UTC 2019 /home/travis/build/icyphy/ptII/ptolemy/actor/lib/test/auto/OrderedRecordDisassembler2.xml
----------------- Instantiating /home/travis/build/icyphy/ptII/ptolemy/actor/lib/test/auto/OrderedRecordDisassembler2.xml
4 ms. Memory: 598016K Free: 429948K (72%)
----------------- Invoking toplevel() on ptolemy.moml.MoMLSimpleApplication@51737f49
----------------- Done invoking toplevel() on ptolemy.moml.MoMLSimpleApplication@51737f49
reloadAllAccessors: .OrderedRecordDisassembler2

===========================================================================================
----------------- testing Sat Jul 06 06:39:09 UTC 2019 /home/travis/build/icyphy/ptII/ptolemy/actor/lib/test/auto/OrderedRecordUpdater.xml
----------------- Instantiating /home/travis/build/icyphy/ptII/ptolemy/actor/lib/test/auto/OrderedRecordUpdater.xml
1 ms. Memory: 598016K Free: 424828K (71%)
----------------- Invoking toplevel() on ptolemy.moml.MoMLSimpleApplication@73856ec8
----------------- Done invoking toplevel() on ptolemy.moml.MoMLSimpleApplication@73856ec8
reloadAllAccessors: .RecordUpdater

===========================================================================================
----------------- testing Sat Jul 06 06:39:09 UTC 2019 /home/travis/build/icyphy/ptII/ptolemy/actor/lib/test/auto/OrderedRecordUpdater2.xml
----------------- Instantiating /home/travis/build/icyphy/ptII/ptolemy/actor/lib/test/auto/OrderedRecordUpdater2.xml
3 ms. Memory: 598016K Free: 419708K (70%)
----------------- Invoking toplevel() on ptolemy.moml.MoMLSimpleApplication@63e92898
----------------- Done invoking toplevel() on ptolemy.moml.MoMLSimpleApplication@63e92898
reloadAllAccessors: .RecordUpdater2

===========================================================================================
----------------- testing Sat Jul 06 06:39:09 UTC 2019 /home/travis/build/icyphy/ptII/ptolemy/actor/lib/test/auto/PhaseUnwrap.xml
----------------- Instantiating /home/travis/build/icyphy/ptII/ptolemy/actor/lib/test/auto/PhaseUnwrap.xml
2 ms. Memory: 598016K Free: 415102K (69%)
----------------- Invoking toplevel() on ptolemy.moml.MoMLSimpleApplication@2ab41190
----------------- Done invoking toplevel() on ptolemy.moml.MoMLSimpleApplication@2ab41190
reloadAllAccessors: .PhaseUnwrap

===========================================================================================
----------------- testing Sat Jul 06 06:39:09 UTC 2019 /home/travis/build/icyphy/ptII/ptolemy/actor/lib/test/auto/PoissonClock.xml
----------------- Instantiating /home/travis/build/icyphy/ptII/ptolemy/actor/lib/test/auto/PoissonClock.xml
3 ms. Memory: 598016K Free: 410492K (69%)
----------------- Invoking toplevel() on ptolemy.moml.MoMLSimpleApplication@2035b49e
----------------- Done invoking toplevel() on ptolemy.moml.MoMLSimpleApplication@2035b49e
reloadAllAccessors: .PoissonClock

===========================================================================================
----------------- testing Sat Jul 06 06:39:09 UTC 2019 /home/travis/build/icyphy/ptII/ptolemy/actor/lib/test/auto/PoissonClock2.xml
----------------- Instantiating /home/travis/build/icyphy/ptII/ptolemy/actor/lib/test/auto/PoissonClock2.xml
1 ms. Memory: 598016K Free: 405886K (68%)
----------------- Invoking toplevel() on ptolemy.moml.MoMLSimpleApplication@61c5d1e1
----------------- Done invoking toplevel() on ptolemy.moml.MoMLSimpleApplication@61c5d1e1
reloadAllAccessors: .PoissonClock2

===========================================================================================
----------------- testing Sat Jul 06 06:39:09 UTC 2019 /home/travis/build/icyphy/ptII/ptolemy/actor/lib/test/auto/PoissonClock3.xml
----------------- Instantiating /home/travis/build/icyphy/ptII/ptolemy/actor/lib/test/auto/PoissonClock3.xml
1 ms. Memory: 598016K Free: 401276K (67%)
----------------- Invoking toplevel() on ptolemy.moml.MoMLSimpleApplication@4a4c1334
----------------- Done invoking toplevel() on ptolemy.moml.MoMLSimpleApplication@4a4c1334
reloadAllAccessors: .PoissonClock3

===========================================================================================
----------------- testing Sat Jul 06 06:39:09 UTC 2019 /home/travis/build/icyphy/ptII/ptolemy/actor/lib/test/auto/PubSubWithInitialTokens.xml
----------------- Instantiating /home/travis/build/icyphy/ptII/ptolemy/actor/lib/test/auto/PubSubWithInitialTokens.xml
2 ms. Memory: 598016K Free: 395646K (66%)
----------------- Invoking toplevel() on ptolemy.moml.MoMLSimpleApplication@2e3b1574
----------------- Done invoking toplevel() on ptolemy.moml.MoMLSimpleApplication@2e3b1574
reloadAllAccessors: .PubSubWithInitialTokens

===========================================================================================
----------------- testing Sat Jul 06 06:39:09 UTC 2019 /home/travis/build/icyphy/ptII/ptolemy/actor/lib/test/auto/PubSubWithInitialTokens2.xml
----------------- Instantiating /home/travis/build/icyphy/ptII/ptolemy/actor/lib/test/auto/PubSubWithInitialTokens2.xml
3 ms. Memory: 598016K Free: 389502K (65%)
----------------- Invoking toplevel() on ptolemy.moml.MoMLSimpleApplication@739ad69f
----------------- Done invoking toplevel() on ptolemy.moml.MoMLSimpleApplication@739ad69f
reloadAllAccessors: .PubSubWithInitialTokens2

===========================================================================================
----------------- testing Sat Jul 06 06:39:10 UTC 2019 /home/travis/build/icyphy/ptII/ptolemy/actor/lib/test/auto/PublisherClassNoParameter.xml
----------------- Instantiating /home/travis/build/icyphy/ptII/ptolemy/actor/lib/test/auto/PublisherClassNoParameter.xml
2 ms. Memory: 598016K Free: 379772K (64%)
----------------- Invoking toplevel() on ptolemy.moml.MoMLSimpleApplication@47c9f561
----------------- Done invoking toplevel() on ptolemy.moml.MoMLSimpleApplication@47c9f561
reloadAllAccessors: .PublisherClassNoParameter

===========================================================================================
----------------- testing Sat Jul 06 06:39:10 UTC 2019 /home/travis/build/icyphy/ptII/ptolemy/actor/lib/test/auto/PublisherClassParameter.xml
----------------- Instantiating /home/travis/build/icyphy/ptII/ptolemy/actor/lib/test/auto/PublisherClassParameter.xml
2 ms. Memory: 598016K Free: 369022K (62%)
----------------- Invoking toplevel() on ptolemy.moml.MoMLSimpleApplication@7ee6a24b
----------------- Done invoking toplevel() on ptolemy.moml.MoMLSimpleApplication@7ee6a24b
reloadAllAccessors: .PublisherClassParameter

===========================================================================================
----------------- testing Sat Jul 06 06:39:10 UTC 2019 /home/travis/build/icyphy/ptII/ptolemy/actor/lib/test/auto/PublisherNonStrictTest.xml
----------------- Instantiating /home/travis/build/icyphy/ptII/ptolemy/actor/lib/test/auto/PublisherNonStrictTest.xml
3 ms. Memory: 598016K Free: 361334K (60%)
----------------- Invoking toplevel() on ptolemy.moml.MoMLSimpleApplication@43114678
----------------- Done invoking toplevel() on ptolemy.moml.MoMLSimpleApplication@43114678
reloadAllAccessors: .PublisherNonStrictTest

===========================================================================================
----------------- testing Sat Jul 06 06:39:10 UTC 2019 /home/travis/build/icyphy/ptII/ptolemy/actor/lib/test/auto/PublisherPort1.xml
----------------- Instantiating /home/travis/build/icyphy/ptII/ptolemy/actor/lib/test/auto/PublisherPort1.xml
2 ms. Memory: 598016K Free: 355710K (59%)
----------------- Invoking toplevel() on ptolemy.moml.MoMLSimpleApplication@4cdd1edf
----------------- Done invoking toplevel() on ptolemy.moml.MoMLSimpleApplication@4cdd1edf
reloadAllAccessors: .PublisherPort1

===========================================================================================
----------------- testing Sat Jul 06 06:39:10 UTC 2019 /home/travis/build/icyphy/ptII/ptolemy/actor/lib/test/auto/PublisherPort2.xml
----------------- Instantiating /home/travis/build/icyphy/ptII/ptolemy/actor/lib/test/auto/PublisherPort2.xml
2 ms. Memory: 598016K Free: 350590K (59%)
----------------- Invoking toplevel() on ptolemy.moml.MoMLSimpleApplication@2bf629aa
----------------- Done invoking toplevel() on ptolemy.moml.MoMLSimpleApplication@2bf629aa
reloadAllAccessors: .PublisherPort2

===========================================================================================
----------------- testing Sat Jul 06 06:39:10 UTC 2019 /home/travis/build/icyphy/ptII/ptolemy/actor/lib/test/auto/PublisherPort3.xml
----------------- Instantiating /home/travis/build/icyphy/ptII/ptolemy/actor/lib/test/auto/PublisherPort3.xml
12 ms. Memory: 598016K Free: 343902K (58%)
----------------- Invoking toplevel() on ptolemy.moml.MoMLSimpleApplication@32bd1d35
----------------- Done invoking toplevel() on ptolemy.moml.MoMLSimpleApplication@32bd1d35
reloadAllAccessors: .PublisherPort3

===========================================================================================
----------------- testing Sat Jul 06 06:39:10 UTC 2019 /home/travis/build/icyphy/ptII/ptolemy/actor/lib/test/auto/PublisherPort4.xml
----------------- Instantiating /home/travis/build/icyphy/ptII/ptolemy/actor/lib/test/auto/PublisherPort4.xml
2 ms. Memory: 598016K Free: 338302K (57%)
----------------- Invoking toplevel() on ptolemy.moml.MoMLSimpleApplication@5be74a53
----------------- Done invoking toplevel() on ptolemy.moml.MoMLSimpleApplication@5be74a53
reloadAllAccessors: .PublisherPort4

===========================================================================================
----------------- testing Sat Jul 06 06:39:10 UTC 2019 /home/travis/build/icyphy/ptII/ptolemy/actor/lib/test/auto/PublisherPort5.xml
----------------- Instantiating /home/travis/build/icyphy/ptII/ptolemy/actor/lib/test/auto/PublisherPort5.xml
3 ms. Memory: 598016K Free: 330110K (55%)
----------------- Invoking toplevel() on ptolemy.moml.MoMLSimpleApplication@6681f3f
----------------- Done invoking toplevel() on ptolemy.moml.MoMLSimpleApplication@6681f3f
reloadAllAccessors: .PublisherPort5

===========================================================================================
----------------- testing Sat Jul 06 06:39:10 UTC 2019 /home/travis/build/icyphy/ptII/ptolemy/actor/lib/test/auto/PublisherPort5LookAlike.xml
----------------- Instantiating /home/travis/build/icyphy/ptII/ptolemy/actor/lib/test/auto/PublisherPort5LookAlike.xml
9 ms. Memory: 598016K Free: 322422K (54%)
----------------- Invoking toplevel() on ptolemy.moml.MoMLSimpleApplication@128e281e
----------------- Done invoking toplevel() on ptolemy.moml.MoMLSimpleApplication@128e281e
reloadAllAccessors: .PublisherPort5LookAlike

===========================================================================================
----------------- testing Sat Jul 06 06:39:10 UTC 2019 /home/travis/build/icyphy/ptII/ptolemy/actor/lib/test/auto/PublisherPort6.xml
----------------- Instantiating /home/travis/build/icyphy/ptII/ptolemy/actor/lib/test/auto/PublisherPort6.xml
2 ms. Memory: 598016K Free: 315774K (53%)
----------------- Invoking toplevel() on ptolemy.moml.MoMLSimpleApplication@6762c686
----------------- Done invoking toplevel() on ptolemy.moml.MoMLSimpleApplication@6762c686
reloadAllAccessors: .PublisherPort6

===========================================================================================
----------------- testing Sat Jul 06 06:39:10 UTC 2019 /home/travis/build/icyphy/ptII/ptolemy/actor/lib/test/auto/PublisherPort7.xml
----------------- Instantiating /home/travis/build/icyphy/ptII/ptolemy/actor/lib/test/auto/PublisherPort7.xml
5 ms. Memory: 598016K Free: 308092K (52%)
----------------- Invoking toplevel() on ptolemy.moml.MoMLSimpleApplication@147cd229
----------------- Done invoking toplevel() on ptolemy.moml.MoMLSimpleApplication@147cd229
reloadAllAccessors: .PublisherPort7

===========================================================================================
----------------- testing Sat Jul 06 06:39:10 UTC 2019 /home/travis/build/icyphy/ptII/ptolemy/actor/lib/test/auto/PublisherPort8.xml
----------------- Instantiating /home/travis/build/icyphy/ptII/ptolemy/actor/lib/test/auto/PublisherPort8.xml
5 ms. Memory: 598016K Free: 299390K (50%)
----------------- Invoking toplevel() on ptolemy.moml.MoMLSimpleApplication@18047fd7
----------------- Done invoking toplevel() on ptolemy.moml.MoMLSimpleApplication@18047fd7
reloadAllAccessors: .PublisherPort8

===========================================================================================
----------------- testing Sat Jul 06 06:39:10 UTC 2019 /home/travis/build/icyphy/ptII/ptolemy/actor/lib/test/auto/PublisherPortSubscriberChannelVariablesAOC2.xml
----------------- Instantiating /home/travis/build/icyphy/ptII/ptolemy/actor/lib/test/auto/PublisherPortSubscriberChannelVariablesAOC2.xml
4 ms. Memory: 598016K Free: 281982K (47%)
----------------- Invoking toplevel() on ptolemy.moml.MoMLSimpleApplication@729516fb
----------------- Done invoking toplevel() on ptolemy.moml.MoMLSimpleApplication@729516fb
reloadAllAccessors: .PublisherPortSubscriberChannelVariablesAOC2

===========================================================================================
----------------- testing Sat Jul 06 06:39:10 UTC 2019 /home/travis/build/icyphy/ptII/ptolemy/actor/lib/test/auto/PublisherPortSubscriberOpaqueWidthInference.xml
----------------- Instantiating /home/travis/build/icyphy/ptII/ptolemy/actor/lib/test/auto/PublisherPortSubscriberOpaqueWidthInference.xml
4 ms. Memory: 598016K Free: 274286K (46%)
----------------- Invoking toplevel() on ptolemy.moml.MoMLSimpleApplication@6bd86649
----------------- Done invoking toplevel() on ptolemy.moml.MoMLSimpleApplication@6bd86649
reloadAllAccessors: .PublisherPortSubscriberOpaqueWidthInference

===========================================================================================
----------------- testing Sat Jul 06 06:39:10 UTC 2019 /home/travis/build/icyphy/ptII/ptolemy/actor/lib/test/auto/PublisherPortSubscriberPortAdjacent.xml
----------------- Instantiating /home/travis/build/icyphy/ptII/ptolemy/actor/lib/test/auto/PublisherPortSubscriberPortAdjacent.xml
2 ms. Memory: 598016K Free: 266108K (44%)
----------------- Invoking toplevel() on ptolemy.moml.MoMLSimpleApplication@1af5c7a0
----------------- Done invoking toplevel() on ptolemy.moml.MoMLSimpleApplication@1af5c7a0
reloadAllAccessors: .PublisherPortSubscriberPortAdjacent

===========================================================================================
----------------- testing Sat Jul 06 06:39:10 UTC 2019 /home/travis/build/icyphy/ptII/ptolemy/actor/lib/test/auto/PublisherPortSubscriberPortExpression.xml
----------------- Instantiating /home/travis/build/icyphy/ptII/ptolemy/actor/lib/test/auto/PublisherPortSubscriberPortExpression.xml
6 ms. Memory: 598016K Free: 258430K (43%)
----------------- Invoking toplevel() on ptolemy.moml.MoMLSimpleApplication@10b57919
----------------- Done invoking toplevel() on ptolemy.moml.MoMLSimpleApplication@10b57919
reloadAllAccessors: .PublisherPortSubscriberPortExpression

===========================================================================================
----------------- testing Sat Jul 06 06:39:10 UTC 2019 /home/travis/build/icyphy/ptII/ptolemy/actor/lib/test/auto/PublisherPortSubscriberPortOpaqueD3Reverse.xml
----------------- Instantiating /home/travis/build/icyphy/ptII/ptolemy/actor/lib/test/auto/PublisherPortSubscriberPortOpaqueD3Reverse.xml
7 ms. Memory: 598016K Free: 247676K (41%)
----------------- Invoking toplevel() on ptolemy.moml.MoMLSimpleApplication@2d6d4216
----------------- Done invoking toplevel() on ptolemy.moml.MoMLSimpleApplication@2d6d4216
reloadAllAccessors: .PublisherPortSubscriberPortOpaqueD3Reverse

===========================================================================================
----------------- testing Sat Jul 06 06:39:10 UTC 2019 /home/travis/build/icyphy/ptII/ptolemy/actor/lib/test/auto/PublisherPortSubscriberPortOpaqueWidthInference.xml
----------------- Instantiating /home/travis/build/icyphy/ptII/ptolemy/actor/lib/test/auto/PublisherPortSubscriberPortOpaqueWidthInference.xml
4 ms. Memory: 598016K Free: 239998K (40%)
----------------- Invoking toplevel() on ptolemy.moml.MoMLSimpleApplication@118d373
----------------- Done invoking toplevel() on ptolemy.moml.MoMLSimpleApplication@118d373
reloadAllAccessors: .PublisherPortSubscriberPortOpaqueWidthInference

===========================================================================================
----------------- testing Sat Jul 06 06:39:10 UTC 2019 /home/travis/build/icyphy/ptII/ptolemy/actor/lib/test/auto/PublisherPortToplevelSubscriberPortAOC.xml
----------------- Instantiating /home/travis/build/icyphy/ptII/ptolemy/actor/lib/test/auto/PublisherPortToplevelSubscriberPortAOC.xml
.PublisherPortToplevelSubscriberPortAOC.TestExceptionAttribute: initialize() was not invoked, but wrapup() was.  This is unusual, but not always a problem.  For example, exporting JNLP will do this.
1 ms. Memory: 598016K Free: 234364K (39%)
----------------- Invoking toplevel() on ptolemy.moml.MoMLSimpleApplication@587479a2
----------------- Done invoking toplevel() on ptolemy.moml.MoMLSimpleApplication@587479a2
reloadAllAccessors: .PublisherPortToplevelSubscriberPortAOC

===========================================================================================
----------------- testing Sat Jul 06 06:39:10 UTC 2019 /home/travis/build/icyphy/ptII/ptolemy/actor/lib/test/auto/PublisherSubscriber.xml
----------------- Instantiating /home/travis/build/icyphy/ptII/ptolemy/actor/lib/test/auto/PublisherSubscriber.xml
3 ms. Memory: 598016K Free: 227166K (38%)
----------------- Invoking toplevel() on ptolemy.moml.MoMLSimpleApplication@4000b70
----------------- Done invoking toplevel() on ptolemy.moml.MoMLSimpleApplication@4000b70
reloadAllAccessors: .PublisherSubscriber

===========================================================================================
----------------- testing Sat Jul 06 06:39:10 UTC 2019 /home/travis/build/icyphy/ptII/ptolemy/actor/lib/test/auto/PublisherSubscriber10.xml
----------------- Instantiating /home/travis/build/icyphy/ptII/ptolemy/actor/lib/test/auto/PublisherSubscriber10.xml
17 ms. Memory: 598016K Free: 217470K (36%)
----------------- Invoking toplevel() on ptolemy.moml.MoMLSimpleApplication@7d64ea3f
----------------- Done invoking toplevel() on ptolemy.moml.MoMLSimpleApplication@7d64ea3f
reloadAllAccessors: .PublisherSubscriber10

===========================================================================================
----------------- testing Sat Jul 06 06:39:10 UTC 2019 /home/travis/build/icyphy/ptII/ptolemy/actor/lib/test/auto/PublisherSubscriber10InitialOutputs.xml
----------------- Instantiating /home/travis/build/icyphy/ptII/ptolemy/actor/lib/test/auto/PublisherSubscriber10InitialOutputs.xml
17 ms. Memory: 598016K Free: 208254K (35%)
----------------- Invoking toplevel() on ptolemy.moml.MoMLSimpleApplication@72566fb
----------------- Done invoking toplevel() on ptolemy.moml.MoMLSimpleApplication@72566fb
reloadAllAccessors: .PublisherSubscriber10InitialOutputs

===========================================================================================
----------------- testing Sat Jul 06 06:39:10 UTC 2019 /home/travis/build/icyphy/ptII/ptolemy/actor/lib/test/auto/PublisherSubscriber11.xml
----------------- Instantiating /home/travis/build/icyphy/ptII/ptolemy/actor/lib/test/auto/PublisherSubscriber11.xml
4 ms. Memory: 598016K Free: 202110K (34%)
----------------- Invoking toplevel() on ptolemy.moml.MoMLSimpleApplication@2a926fda
----------------- Done invoking toplevel() on ptolemy.moml.MoMLSimpleApplication@2a926fda
reloadAllAccessors: .PublisherSubscriber11

===========================================================================================
----------------- testing Sat Jul 06 06:39:10 UTC 2019 /home/travis/build/icyphy/ptII/ptolemy/actor/lib/test/auto/PublisherSubscriber12.xml
----------------- Instantiating /home/travis/build/icyphy/ptII/ptolemy/actor/lib/test/auto/PublisherSubscriber12.xml
25 ms. Memory: 598016K Free: 548387K (92%)
----------------- Invoking toplevel() on ptolemy.moml.MoMLSimpleApplication@15ccf930
----------------- Done invoking toplevel() on ptolemy.moml.MoMLSimpleApplication@15ccf930
reloadAllAccessors: .PublisherSubscriber12

===========================================================================================
----------------- testing Sat Jul 06 06:39:10 UTC 2019 /home/travis/build/icyphy/ptII/ptolemy/actor/lib/test/auto/PublisherSubscriber13.xml
----------------- Instantiating /home/travis/build/icyphy/ptII/ptolemy/actor/lib/test/auto/PublisherSubscriber13.xml
2 ms. Memory: 598016K Free: 542243K (91%)
----------------- Invoking toplevel() on ptolemy.moml.MoMLSimpleApplication@1d306b64
----------------- Done invoking toplevel() on ptolemy.moml.MoMLSimpleApplication@1d306b64
reloadAllAccessors: .PublisherSubscriber13

===========================================================================================
----------------- testing Sat Jul 06 06:39:10 UTC 2019 /home/travis/build/icyphy/ptII/ptolemy/actor/lib/test/auto/PublisherSubscriber14.xml
----------------- Instantiating /home/travis/build/icyphy/ptII/ptolemy/actor/lib/test/auto/PublisherSubscriber14.xml
1 ms. Memory: 598016K Free: 533541K (89%)
----------------- Invoking toplevel() on ptolemy.moml.MoMLSimpleApplication@51e170d3
----------------- Done invoking toplevel() on ptolemy.moml.MoMLSimpleApplication@51e170d3
reloadAllAccessors: .PublisherSubscriber14

===========================================================================================
----------------- testing Sat Jul 06 06:39:10 UTC 2019 /home/travis/build/icyphy/ptII/ptolemy/actor/lib/test/auto/PublisherSubscriber2.xml
----------------- Instantiating /home/travis/build/icyphy/ptII/ptolemy/actor/lib/test/auto/PublisherSubscriber2.xml
3 ms. Memory: 598016K Free: 527893K (88%)
----------------- Invoking toplevel() on ptolemy.moml.MoMLSimpleApplication@38ab087
----------------- Done invoking toplevel() on ptolemy.moml.MoMLSimpleApplication@38ab087
reloadAllAccessors: .PublisherSubscriber2

===========================================================================================
----------------- testing Sat Jul 06 06:39:10 UTC 2019 /home/travis/build/icyphy/ptII/ptolemy/actor/lib/test/auto/PublisherSubscriber3.xml
----------------- Instantiating /home/travis/build/icyphy/ptII/ptolemy/actor/lib/test/auto/PublisherSubscriber3.xml
2 ms. Memory: 598016K Free: 521749K (87%)
----------------- Invoking toplevel() on ptolemy.moml.MoMLSimpleApplication@73645cf7
----------------- Done invoking toplevel() on ptolemy.moml.MoMLSimpleApplication@73645cf7
reloadAllAccessors: .PublisherSubscriber3

===========================================================================================
----------------- testing Sat Jul 06 06:39:10 UTC 2019 /home/travis/build/icyphy/ptII/ptolemy/actor/lib/test/auto/PublisherSubscriber4.xml
----------------- Instantiating /home/travis/build/icyphy/ptII/ptolemy/actor/lib/test/auto/PublisherSubscriber4.xml
2 ms. Memory: 598016K Free: 516629K (86%)
----------------- Invoking toplevel() on ptolemy.moml.MoMLSimpleApplication@7f37a26d
----------------- Done invoking toplevel() on ptolemy.moml.MoMLSimpleApplication@7f37a26d
reloadAllAccessors: .PublisherSubscriber4

===========================================================================================
----------------- testing Sat Jul 06 06:39:10 UTC 2019 /home/travis/build/icyphy/ptII/ptolemy/actor/lib/test/auto/PublisherSubscriber5.xml
----------------- Instantiating /home/travis/build/icyphy/ptII/ptolemy/actor/lib/test/auto/PublisherSubscriber5.xml
2 ms. Memory: 598016K Free: 509989K (85%)
----------------- Invoking toplevel() on ptolemy.moml.MoMLSimpleApplication@7b7aa08b
----------------- Done invoking toplevel() on ptolemy.moml.MoMLSimpleApplication@7b7aa08b
reloadAllAccessors: .PublisherSubscriber5

===========================================================================================
----------------- testing Sat Jul 06 06:39:10 UTC 2019 /home/travis/build/icyphy/ptII/ptolemy/actor/lib/test/auto/PublisherSubscriber6.xml
----------------- Instantiating /home/travis/build/icyphy/ptII/ptolemy/actor/lib/test/auto/PublisherSubscriber6.xml
4 ms. Memory: 598016K Free: 503317K (84%)
----------------- Invoking toplevel() on ptolemy.moml.MoMLSimpleApplication@41221438
----------------- Done invoking toplevel() on ptolemy.moml.MoMLSimpleApplication@41221438
reloadAllAccessors: .PublisherSubscriber6

===========================================================================================
----------------- testing Sat Jul 06 06:39:10 UTC 2019 /home/travis/build/icyphy/ptII/ptolemy/actor/lib/test/auto/PublisherSubscriber7.xml
----------------- Instantiating /home/travis/build/icyphy/ptII/ptolemy/actor/lib/test/auto/PublisherSubscriber7.xml
8 ms. Memory: 598016K Free: 496677K (83%)
----------------- Invoking toplevel() on ptolemy.moml.MoMLSimpleApplication@63c6d37f
----------------- Done invoking toplevel() on ptolemy.moml.MoMLSimpleApplication@63c6d37f
reloadAllAccessors: .PublisherSubscriber7

===========================================================================================
----------------- testing Sat Jul 06 06:39:10 UTC 2019 /home/travis/build/icyphy/ptII/ptolemy/actor/lib/test/auto/PublisherSubscriber8.xml
----------------- Instantiating /home/travis/build/icyphy/ptII/ptolemy/actor/lib/test/auto/PublisherSubscriber8.xml
17 ms. Memory: 598016K Free: 484389K (81%)
----------------- Invoking toplevel() on ptolemy.moml.MoMLSimpleApplication@6869580b
----------------- Done invoking toplevel() on ptolemy.moml.MoMLSimpleApplication@6869580b
reloadAllAccessors: .PublisherSubscriber8

===========================================================================================
----------------- testing Sat Jul 06 06:39:10 UTC 2019 /home/travis/build/icyphy/ptII/ptolemy/actor/lib/test/auto/PublisherSubscriber9.xml
----------------- Instantiating /home/travis/build/icyphy/ptII/ptolemy/actor/lib/test/auto/PublisherSubscriber9.xml
4 ms. Memory: 598016K Free: 477221K (80%)
----------------- Invoking toplevel() on ptolemy.moml.MoMLSimpleApplication@22d01bc5
----------------- Done invoking toplevel() on ptolemy.moml.MoMLSimpleApplication@22d01bc5
reloadAllAccessors: .PublisherSubscriber9

===========================================================================================
----------------- testing Sat Jul 06 06:39:10 UTC 2019 /home/travis/build/icyphy/ptII/ptolemy/actor/lib/test/auto/PublisherSubscriberAdjacent.xml
----------------- Instantiating /home/travis/build/icyphy/ptII/ptolemy/actor/lib/test/auto/PublisherSubscriberAdjacent.xml
2 ms. Memory: 598016K Free: 469029K (78%)
----------------- Invoking toplevel() on ptolemy.moml.MoMLSimpleApplication@6bfd9df
----------------- Done invoking toplevel() on ptolemy.moml.MoMLSimpleApplication@6bfd9df
reloadAllAccessors: .PublisherSubscriberAdjacent

===========================================================================================
----------------- testing Sat Jul 06 06:39:10 UTC 2019 /home/travis/build/icyphy/ptII/ptolemy/actor/lib/test/auto/PublisherSubscriberChannelVariablesAOC2.xml
----------------- Instantiating /home/travis/build/icyphy/ptII/ptolemy/actor/lib/test/auto/PublisherSubscriberChannelVariablesAOC2.xml
3 ms. Memory: 598016K Free: 454693K (76%)
----------------- Invoking toplevel() on ptolemy.moml.MoMLSimpleApplication@700f7fd1
----------------- Done invoking toplevel() on ptolemy.moml.MoMLSimpleApplication@700f7fd1
reloadAllAccessors: .PublisherSubscriberChannelVariablesAOC2

===========================================================================================
----------------- testing Sat Jul 06 06:39:10 UTC 2019 /home/travis/build/icyphy/ptII/ptolemy/actor/lib/test/auto/PublisherSubscriberD3.xml
----------------- Instantiating /home/travis/build/icyphy/ptII/ptolemy/actor/lib/test/auto/PublisherSubscriberD3.xml
2 ms. Memory: 598016K Free: 447525K (75%)
----------------- Invoking toplevel() on ptolemy.moml.MoMLSimpleApplication@9d3205e
----------------- Done invoking toplevel() on ptolemy.moml.MoMLSimpleApplication@9d3205e
reloadAllAccessors: .PublisherSubscriberD3

===========================================================================================
----------------- testing Sat Jul 06 06:39:10 UTC 2019 /home/travis/build/icyphy/ptII/ptolemy/actor/lib/test/auto/PublisherSubscriberD3Reverse.xml
----------------- Instantiating /home/travis/build/icyphy/ptII/ptolemy/actor/lib/test/auto/PublisherSubscriberD3Reverse.xml
1 ms. Memory: 598016K Free: 441381K (74%)
----------------- Invoking toplevel() on ptolemy.moml.MoMLSimpleApplication@6a6d1eba
----------------- Done invoking toplevel() on ptolemy.moml.MoMLSimpleApplication@6a6d1eba
reloadAllAccessors: .PublisherSubscriberD3Reverse

===========================================================================================
----------------- testing Sat Jul 06 06:39:10 UTC 2019 /home/travis/build/icyphy/ptII/ptolemy/actor/lib/test/auto/PublisherSubscriberExpression.xml
----------------- Instantiating /home/travis/build/icyphy/ptII/ptolemy/actor/lib/test/auto/PublisherSubscriberExpression.xml
4 ms. Memory: 598016K Free: 432165K (72%)
----------------- Invoking toplevel() on ptolemy.moml.MoMLSimpleApplication@4780065c
----------------- Done invoking toplevel() on ptolemy.moml.MoMLSimpleApplication@4780065c
reloadAllAccessors: .PublisherSubscriberExpression

===========================================================================================
----------------- testing Sat Jul 06 06:39:11 UTC 2019 /home/travis/build/icyphy/ptII/ptolemy/actor/lib/test/auto/PublisherSubscriberOpaque.xml
----------------- Instantiating /home/travis/build/icyphy/ptII/ptolemy/actor/lib/test/auto/PublisherSubscriberOpaque.xml
4 ms. Memory: 598016K Free: 423973K (71%)
----------------- Invoking toplevel() on ptolemy.moml.MoMLSimpleApplication@7456d88b
----------------- Done invoking toplevel() on ptolemy.moml.MoMLSimpleApplication@7456d88b
reloadAllAccessors: .PublisherSubscriberOpaque

===========================================================================================
----------------- testing Sat Jul 06 06:39:11 UTC 2019 /home/travis/build/icyphy/ptII/ptolemy/actor/lib/test/auto/PublisherSubscriberOpaqueD3.xml
----------------- Instantiating /home/travis/build/icyphy/ptII/ptolemy/actor/lib/test/auto/PublisherSubscriberOpaqueD3.xml
5 ms. Memory: 598016K Free: 412195K (69%)
----------------- Invoking toplevel() on ptolemy.moml.MoMLSimpleApplication@bd7e7d4
----------------- Done invoking toplevel() on ptolemy.moml.MoMLSimpleApplication@bd7e7d4
reloadAllAccessors: .PublisherSubscriberOpaqueD3

===========================================================================================
----------------- testing Sat Jul 06 06:39:11 UTC 2019 /home/travis/build/icyphy/ptII/ptolemy/actor/lib/test/auto/PublisherSubscriberOpaqueD3Reverse.xml
----------------- Instantiating /home/travis/build/icyphy/ptII/ptolemy/actor/lib/test/auto/PublisherSubscriberOpaqueD3Reverse.xml
8 ms. Memory: 598016K Free: 401445K (67%)
----------------- Invoking toplevel() on ptolemy.moml.MoMLSimpleApplication@c4a25bf
----------------- Done invoking toplevel() on ptolemy.moml.MoMLSimpleApplication@c4a25bf
reloadAllAccessors: .PublisherSubscriberOpaqueD3Reverse

===========================================================================================
----------------- testing Sat Jul 06 06:39:11 UTC 2019 /home/travis/build/icyphy/ptII/ptolemy/actor/lib/test/auto/PublisherSubscriberOpaqueWidthInference.xml
----------------- Instantiating /home/travis/build/icyphy/ptII/ptolemy/actor/lib/test/auto/PublisherSubscriberOpaqueWidthInference.xml
4 ms. Memory: 598016K Free: 393253K (66%)
----------------- Invoking toplevel() on ptolemy.moml.MoMLSimpleApplication@d05b5a3
----------------- Done invoking toplevel() on ptolemy.moml.MoMLSimpleApplication@d05b5a3
reloadAllAccessors: .PublisherSubscriberOpaqueWidthInference

===========================================================================================
----------------- testing Sat Jul 06 06:39:11 UTC 2019 /home/travis/build/icyphy/ptII/ptolemy/actor/lib/test/auto/PublisherTestSubscriber.xml
----------------- Instantiating /home/travis/build/icyphy/ptII/ptolemy/actor/lib/test/auto/PublisherTestSubscriber.xml
4 ms. Memory: 598016K Free: 385565K (64%)
----------------- Invoking toplevel() on ptolemy.moml.MoMLSimpleApplication@5186be9
----------------- Done invoking toplevel() on ptolemy.moml.MoMLSimpleApplication@5186be9
reloadAllAccessors: .PublisherTestSubscriber

===========================================================================================
----------------- testing Sat Jul 06 06:39:11 UTC 2019 /home/travis/build/icyphy/ptII/ptolemy/actor/lib/test/auto/PublisherToplevelSubscriberPortAOC.xml
----------------- Instantiating /home/travis/build/icyphy/ptII/ptolemy/actor/lib/test/auto/PublisherToplevelSubscriberPortAOC.xml
2 ms. Memory: 598016K Free: 378397K (63%)
----------------- Invoking toplevel() on ptolemy.moml.MoMLSimpleApplication@13ed3a09
----------------- Done invoking toplevel() on ptolemy.moml.MoMLSimpleApplication@13ed3a09
reloadAllAccessors: .PublisherToplevelSubscriberPortAOC

===========================================================================================
----------------- testing Sat Jul 06 06:39:11 UTC 2019 /home/travis/build/icyphy/ptII/ptolemy/actor/lib/test/auto/PulseFiringLimitDE.xml
----------------- Instantiating /home/travis/build/icyphy/ptII/ptolemy/actor/lib/test/auto/PulseFiringLimitDE.xml
2 ms. Memory: 598016K Free: 372259K (62%)
----------------- Invoking toplevel() on ptolemy.moml.MoMLSimpleApplication@106f7016
----------------- Done invoking toplevel() on ptolemy.moml.MoMLSimpleApplication@106f7016
reloadAllAccessors: .PulseFiringLimitDE

===========================================================================================
----------------- testing Sat Jul 06 06:39:11 UTC 2019 /home/travis/build/icyphy/ptII/ptolemy/actor/lib/test/auto/Ramp1.xml
----------------- Instantiating /home/travis/build/icyphy/ptII/ptolemy/actor/lib/test/auto/Ramp1.xml
1 ms. Memory: 598016K Free: 368149K (62%)
----------------- Invoking toplevel() on ptolemy.moml.MoMLSimpleApplication@62de7a82
----------------- Done invoking toplevel() on ptolemy.moml.MoMLSimpleApplication@62de7a82
reloadAllAccessors: .Ramp1

===========================================================================================
----------------- testing Sat Jul 06 06:39:11 UTC 2019 /home/travis/build/icyphy/ptII/ptolemy/actor/lib/test/auto/RampFiringLimitDE.xml
----------------- Instantiating /home/travis/build/icyphy/ptII/ptolemy/actor/lib/test/auto/RampFiringLimitDE.xml
3 ms. Memory: 598016K Free: 362005K (61%)
----------------- Invoking toplevel() on ptolemy.moml.MoMLSimpleApplication@2770b8ba
----------------- Done invoking toplevel() on ptolemy.moml.MoMLSimpleApplication@2770b8ba
reloadAllAccessors: .RampFiringLimitDE

===========================================================================================
----------------- testing Sat Jul 06 06:39:11 UTC 2019 /home/travis/build/icyphy/ptII/ptolemy/actor/lib/test/auto/RampFiringLimitSDF.xml
----------------- Instantiating /home/travis/build/icyphy/ptII/ptolemy/actor/lib/test/auto/RampFiringLimitSDF.xml
2 ms. Memory: 598016K Free: 356389K (60%)
----------------- Invoking toplevel() on ptolemy.moml.MoMLSimpleApplication@1718aff6
----------------- Done invoking toplevel() on ptolemy.moml.MoMLSimpleApplication@1718aff6
reloadAllAccessors: .RampFiringLimitSDF

===========================================================================================
----------------- testing Sat Jul 06 06:39:11 UTC 2019 /home/travis/build/icyphy/ptII/ptolemy/actor/lib/test/auto/RandomInteger.xml
----------------- Instantiating /home/travis/build/icyphy/ptII/ptolemy/actor/lib/test/auto/RandomInteger.xml
1 ms. Memory: 598016K Free: 352293K (59%)
----------------- Invoking toplevel() on ptolemy.moml.MoMLSimpleApplication@7a8d3130
----------------- Done invoking toplevel() on ptolemy.moml.MoMLSimpleApplication@7a8d3130
reloadAllAccessors: .RandomInteger

===========================================================================================
----------------- testing Sat Jul 06 06:39:11 UTC 2019 /home/travis/build/icyphy/ptII/ptolemy/actor/lib/test/auto/ReadFile1.xml
----------------- Instantiating /home/travis/build/icyphy/ptII/ptolemy/actor/lib/test/auto/ReadFile1.xml
2 ms. Memory: 598016K Free: 347669K (58%)
----------------- Invoking toplevel() on ptolemy.moml.MoMLSimpleApplication@629afdde
----------------- Done invoking toplevel() on ptolemy.moml.MoMLSimpleApplication@629afdde
reloadAllAccessors: .ReadFile1

===========================================================================================
----------------- testing Sat Jul 06 06:39:11 UTC 2019 /home/travis/build/icyphy/ptII/ptolemy/actor/lib/test/auto/ReadFile2.xml
----------------- Instantiating /home/travis/build/icyphy/ptII/ptolemy/actor/lib/test/auto/ReadFile2.xml
1 ms. Memory: 598016K Free: 343587K (57%)
----------------- Invoking toplevel() on ptolemy.moml.MoMLSimpleApplication@3055bf97
----------------- Done invoking toplevel() on ptolemy.moml.MoMLSimpleApplication@3055bf97
reloadAllAccessors: .ReadFile2

===========================================================================================
----------------- testing Sat Jul 06 06:39:11 UTC 2019 /home/travis/build/icyphy/ptII/ptolemy/actor/lib/test/auto/Reader.xml
----------------- Instantiating /home/travis/build/icyphy/ptII/ptolemy/actor/lib/test/auto/Reader.xml
actor.lib.Reader is obsolete, use actor.lib.io.ExpressionReader instead
5 ms. Memory: 598016K Free: 339491K (57%)
----------------- Invoking toplevel() on ptolemy.moml.MoMLSimpleApplication@2135edcd
----------------- Done invoking toplevel() on ptolemy.moml.MoMLSimpleApplication@2135edcd
reloadAllAccessors: .Reader

===========================================================================================
----------------- testing Sat Jul 06 06:39:11 UTC 2019 /home/travis/build/icyphy/ptII/ptolemy/actor/lib/test/auto/RecordAssemblerDisplayNameTest.xml
----------------- Instantiating /home/travis/build/icyphy/ptII/ptolemy/actor/lib/test/auto/RecordAssemblerDisplayNameTest.xml
3321 ms. Memory: 598016K Free: 214479K (36%)
----------------- Invoking toplevel() on ptolemy.moml.MoMLSimpleApplication@12b4d2d9
----------------- Done invoking toplevel() on ptolemy.moml.MoMLSimpleApplication@12b4d2d9
reloadAllAccessors: .RecordAssemblerDisplayNameTest

===========================================================================================
----------------- testing Sat Jul 06 06:39:14 UTC 2019 /home/travis/build/icyphy/ptII/ptolemy/actor/lib/test/auto/RecordAssemblerTypeError.xml
----------------- Instantiating /home/travis/build/icyphy/ptII/ptolemy/actor/lib/test/auto/RecordAssemblerTypeError.xml
15 ms. Memory: 598016K Free: 204753K (34%)
----------------- Invoking toplevel() on ptolemy.moml.MoMLSimpleApplication@78069d52
----------------- Done invoking toplevel() on ptolemy.moml.MoMLSimpleApplication@78069d52
reloadAllAccessors: .RecordAssemblerTypeError

===========================================================================================
----------------- testing Sat Jul 06 06:39:14 UTC 2019 /home/travis/build/icyphy/ptII/ptolemy/actor/lib/test/auto/RecordDisassember.xml
----------------- Instantiating /home/travis/build/icyphy/ptII/ptolemy/actor/lib/test/auto/RecordDisassember.xml
5 ms. Memory: 598016K Free: 200129K (33%)
----------------- Invoking toplevel() on ptolemy.moml.MoMLSimpleApplication@350fca32
----------------- Done invoking toplevel() on ptolemy.moml.MoMLSimpleApplication@350fca32
reloadAllAccessors: .RecordDisassember

===========================================================================================
----------------- testing Sat Jul 06 06:39:14 UTC 2019 /home/travis/build/icyphy/ptII/ptolemy/actor/lib/test/auto/RecordDisassemberDisplayNameTest.xml
----------------- Instantiating /home/travis/build/icyphy/ptII/ptolemy/actor/lib/test/auto/RecordDisassemberDisplayNameTest.xml
5 ms. Memory: 598016K Free: 546249K (91%)
----------------- Invoking toplevel() on ptolemy.moml.MoMLSimpleApplication@14cd0735
----------------- Done invoking toplevel() on ptolemy.moml.MoMLSimpleApplication@14cd0735
reloadAllAccessors: .RecordDisassemberDisplayNameTest

===========================================================================================
----------------- testing Sat Jul 06 06:39:14 UTC 2019 /home/travis/build/icyphy/ptII/ptolemy/actor/lib/test/auto/RecordDisassembler.xml
----------------- Instantiating /home/travis/build/icyphy/ptII/ptolemy/actor/lib/test/auto/RecordDisassembler.xml
3 ms. Memory: 598016K Free: 540619K (90%)
----------------- Invoking toplevel() on ptolemy.moml.MoMLSimpleApplication@50f507b3
----------------- Done invoking toplevel() on ptolemy.moml.MoMLSimpleApplication@50f507b3
reloadAllAccessors: .RecordDisassembler

===========================================================================================
----------------- testing Sat Jul 06 06:39:14 UTC 2019 /home/travis/build/icyphy/ptII/ptolemy/actor/lib/test/auto/RecordDisassembler2.xml
----------------- Instantiating /home/travis/build/icyphy/ptII/ptolemy/actor/lib/test/auto/RecordDisassembler2.xml
3 ms. Memory: 598016K Free: 535499K (90%)
----------------- Invoking toplevel() on ptolemy.moml.MoMLSimpleApplication@5221ee8
----------------- Done invoking toplevel() on ptolemy.moml.MoMLSimpleApplication@5221ee8
reloadAllAccessors: .RecordDisassembler2

===========================================================================================
----------------- testing Sat Jul 06 06:39:14 UTC 2019 /home/travis/build/icyphy/ptII/ptolemy/actor/lib/test/auto/RecordUpdater.xml
----------------- Instantiating /home/travis/build/icyphy/ptII/ptolemy/actor/lib/test/auto/RecordUpdater.xml
2 ms. Memory: 598016K Free: 530379K (89%)
----------------- Invoking toplevel() on ptolemy.moml.MoMLSimpleApplication@6ae4a50a
----------------- Done invoking toplevel() on ptolemy.moml.MoMLSimpleApplication@6ae4a50a
reloadAllAccessors: .RecordUpdater

===========================================================================================
----------------- testing Sat Jul 06 06:39:14 UTC 2019 /home/travis/build/icyphy/ptII/ptolemy/actor/lib/test/auto/RecordUpdater2.xml
----------------- Instantiating /home/travis/build/icyphy/ptII/ptolemy/actor/lib/test/auto/RecordUpdater2.xml
1 ms. Memory: 598016K Free: 525259K (88%)
----------------- Invoking toplevel() on ptolemy.moml.MoMLSimpleApplication@23ccdda7
----------------- Done invoking toplevel() on ptolemy.moml.MoMLSimpleApplication@23ccdda7
reloadAllAccessors: .RecordUpdater2

===========================================================================================
----------------- testing Sat Jul 06 06:39:14 UTC 2019 /home/travis/build/icyphy/ptII/ptolemy/actor/lib/test/auto/RecursiveLattice.xml
----------------- Instantiating /home/travis/build/icyphy/ptII/ptolemy/actor/lib/test/auto/RecursiveLattice.xml
1 ms. Memory: 598016K Free: 521163K (87%)
----------------- Invoking toplevel() on ptolemy.moml.MoMLSimpleApplication@556a9d4d
----------------- Done invoking toplevel() on ptolemy.moml.MoMLSimpleApplication@556a9d4d
reloadAllAccessors: .RecursiveLattice

===========================================================================================
----------------- testing Sat Jul 06 06:39:14 UTC 2019 /home/travis/build/icyphy/ptII/ptolemy/actor/lib/test/auto/Router.xml
----------------- Instantiating /home/travis/build/icyphy/ptII/ptolemy/actor/lib/test/auto/Router.xml
3004 ms. Memory: 598016K Free: 509385K (85%)
----------------- Invoking toplevel() on ptolemy.moml.MoMLSimpleApplication@1451d488
----------------- Done invoking toplevel() on ptolemy.moml.MoMLSimpleApplication@1451d488
reloadAllAccessors: .Router

===========================================================================================
----------------- testing Sat Jul 06 06:39:17 UTC 2019 /home/travis/build/icyphy/ptII/ptolemy/actor/lib/test/auto/Router2.xml
----------------- Instantiating /home/travis/build/icyphy/ptII/ptolemy/actor/lib/test/auto/Router2.xml
3006 ms. Memory: 598016K Free: 498635K (83%)
----------------- Invoking toplevel() on ptolemy.moml.MoMLSimpleApplication@130a4101
----------------- Done invoking toplevel() on ptolemy.moml.MoMLSimpleApplication@130a4101
reloadAllAccessors: .Router2

===========================================================================================
----------------- testing Sat Jul 06 06:39:20 UTC 2019 /home/travis/build/icyphy/ptII/ptolemy/actor/lib/test/auto/RunningMaximum.xml
----------------- Instantiating /home/travis/build/icyphy/ptII/ptolemy/actor/lib/test/auto/RunningMaximum.xml
4 ms. Memory: 598016K Free: 494025K (83%)
----------------- Invoking toplevel() on ptolemy.moml.MoMLSimpleApplication@10b133c8
----------------- Done invoking toplevel() on ptolemy.moml.MoMLSimpleApplication@10b133c8
reloadAllAccessors: .RunningMaximum

===========================================================================================
----------------- testing Sat Jul 06 06:39:20 UTC 2019 /home/travis/build/icyphy/ptII/ptolemy/actor/lib/test/auto/RunningMinimum.xml
----------------- Instantiating /home/travis/build/icyphy/ptII/ptolemy/actor/lib/test/auto/RunningMinimum.xml
10 ms. Memory: 598016K Free: 489419K (82%)
----------------- Invoking toplevel() on ptolemy.moml.MoMLSimpleApplication@51b11039
----------------- Done invoking toplevel() on ptolemy.moml.MoMLSimpleApplication@51b11039
reloadAllAccessors: .RunningMinimum

===========================================================================================
----------------- testing Sat Jul 06 06:39:20 UTC 2019 /home/travis/build/icyphy/ptII/ptolemy/actor/lib/test/auto/Scale.xml
----------------- Instantiating /home/travis/build/icyphy/ptII/ptolemy/actor/lib/test/auto/Scale.xml
1 ms. Memory: 598016K Free: 484809K (81%)
----------------- Invoking toplevel() on ptolemy.moml.MoMLSimpleApplication@715f6643
----------------- Done invoking toplevel() on ptolemy.moml.MoMLSimpleApplication@715f6643
reloadAllAccessors: .Scale

===========================================================================================
----------------- testing Sat Jul 06 06:39:20 UTC 2019 /home/travis/build/icyphy/ptII/ptolemy/actor/lib/test/auto/Scale2.xml
----------------- Instantiating /home/travis/build/icyphy/ptII/ptolemy/actor/lib/test/auto/Scale2.xml
2 ms. Memory: 598016K Free: 480203K (80%)
----------------- Invoking toplevel() on ptolemy.moml.MoMLSimpleApplication@67d2c86f
----------------- Done invoking toplevel() on ptolemy.moml.MoMLSimpleApplication@67d2c86f
reloadAllAccessors: .Scale2

===========================================================================================
----------------- testing Sat Jul 06 06:39:20 UTC 2019 /home/travis/build/icyphy/ptII/ptolemy/actor/lib/test/auto/Scale3.xml
----------------- Instantiating /home/travis/build/icyphy/ptII/ptolemy/actor/lib/test/auto/Scale3.xml
8 ms. Memory: 598016K Free: 474059K (79%)
----------------- Invoking toplevel() on ptolemy.moml.MoMLSimpleApplication@799df1f1
----------------- Done invoking toplevel() on ptolemy.moml.MoMLSimpleApplication@799df1f1
reloadAllAccessors: .Scale3

===========================================================================================
----------------- testing Sat Jul 06 06:39:20 UTC 2019 /home/travis/build/icyphy/ptII/ptolemy/actor/lib/test/auto/ScaleArray.xml
----------------- Instantiating /home/travis/build/icyphy/ptII/ptolemy/actor/lib/test/auto/ScaleArray.xml
2 ms. Memory: 598016K Free: 468939K (78%)
----------------- Invoking toplevel() on ptolemy.moml.MoMLSimpleApplication@75fe2b17
----------------- Done invoking toplevel() on ptolemy.moml.MoMLSimpleApplication@75fe2b17
reloadAllAccessors: .ScaleArray

===========================================================================================
----------------- testing Sat Jul 06 06:39:20 UTC 2019 /home/travis/build/icyphy/ptII/ptolemy/actor/lib/test/auto/ScaleArray2.xml
----------------- Instantiating /home/travis/build/icyphy/ptII/ptolemy/actor/lib/test/auto/ScaleArray2.xml
2 ms. Memory: 598016K Free: 464329K (78%)
----------------- Invoking toplevel() on ptolemy.moml.MoMLSimpleApplication@5d859db8
----------------- Done invoking toplevel() on ptolemy.moml.MoMLSimpleApplication@5d859db8
reloadAllAccessors: .ScaleArray2

===========================================================================================
----------------- testing Sat Jul 06 06:39:21 UTC 2019 /home/travis/build/icyphy/ptII/ptolemy/actor/lib/test/auto/ScaleMatrix.xml
----------------- Instantiating /home/travis/build/icyphy/ptII/ptolemy/actor/lib/test/auto/ScaleMatrix.xml
161 ms. Memory: 598016K Free: 451017K (75%)
----------------- Invoking toplevel() on ptolemy.moml.MoMLSimpleApplication@56ffb2b3
----------------- Done invoking toplevel() on ptolemy.moml.MoMLSimpleApplication@56ffb2b3
reloadAllAccessors: .ScaleMatrix

===========================================================================================
----------------- testing Sat Jul 06 06:39:21 UTC 2019 /home/travis/build/icyphy/ptII/ptolemy/actor/lib/test/auto/Select.xml
----------------- Instantiating /home/travis/build/icyphy/ptII/ptolemy/actor/lib/test/auto/Select.xml
3 ms. Memory: 598016K Free: 444843K (74%)
----------------- Invoking toplevel() on ptolemy.moml.MoMLSimpleApplication@7873e60f
----------------- Done invoking toplevel() on ptolemy.moml.MoMLSimpleApplication@7873e60f
reloadAllAccessors: .Select

===========================================================================================
----------------- testing Sat Jul 06 06:39:21 UTC 2019 /home/travis/build/icyphy/ptII/ptolemy/actor/lib/test/auto/Select2.xml
----------------- Instantiating /home/travis/build/icyphy/ptII/ptolemy/actor/lib/test/auto/Select2.xml
1 ms. Memory: 598016K Free: 440267K (74%)
----------------- Invoking toplevel() on ptolemy.moml.MoMLSimpleApplication@d5285e6
----------------- Done invoking toplevel() on ptolemy.moml.MoMLSimpleApplication@d5285e6
reloadAllAccessors: .Select2

===========================================================================================
----------------- testing Sat Jul 06 06:39:21 UTC 2019 /home/travis/build/icyphy/ptII/ptolemy/actor/lib/test/auto/SequenceToArray2.xml
----------------- Instantiating /home/travis/build/icyphy/ptII/ptolemy/actor/lib/test/auto/SequenceToArray2.xml
115 ms. Memory: 598016K Free: 415691K (70%)
----------------- Invoking toplevel() on ptolemy.moml.MoMLSimpleApplication@6d525f5b
----------------- Done invoking toplevel() on ptolemy.moml.MoMLSimpleApplication@6d525f5b
reloadAllAccessors: .SequenceToArray2

===========================================================================================
----------------- testing Sat Jul 06 06:39:21 UTC 2019 /home/travis/build/icyphy/ptII/ptolemy/actor/lib/test/auto/SequentialClock.xml
----------------- Instantiating /home/travis/build/icyphy/ptII/ptolemy/actor/lib/test/auto/SequentialClock.xml
1 ms. Memory: 598016K Free: 411595K (69%)
----------------- Invoking toplevel() on ptolemy.moml.MoMLSimpleApplication@2e2129a9
----------------- Done invoking toplevel() on ptolemy.moml.MoMLSimpleApplication@2e2129a9
reloadAllAccessors: .SequentialClock

===========================================================================================
----------------- testing Sat Jul 06 06:39:21 UTC 2019 /home/travis/build/icyphy/ptII/ptolemy/actor/lib/test/auto/SetVariable.xml
----------------- Instantiating /home/travis/build/icyphy/ptII/ptolemy/actor/lib/test/auto/SetVariable.xml
3 ms. Memory: 598016K Free: 406985K (68%)
----------------- Invoking toplevel() on ptolemy.moml.MoMLSimpleApplication@727e06e1
----------------- Done invoking toplevel() on ptolemy.moml.MoMLSimpleApplication@727e06e1
reloadAllAccessors: .SetVariable

===========================================================================================
----------------- testing Sat Jul 06 06:39:21 UTC 2019 /home/travis/build/icyphy/ptII/ptolemy/actor/lib/test/auto/SetVariable2.xml
----------------- Instantiating /home/travis/build/icyphy/ptII/ptolemy/actor/lib/test/auto/SetVariable2.xml
3 ms. Memory: 598016K Free: 401865K (67%)
----------------- Invoking toplevel() on ptolemy.moml.MoMLSimpleApplication@23c111dc
----------------- Done invoking toplevel() on ptolemy.moml.MoMLSimpleApplication@23c111dc
reloadAllAccessors: .SetVariable2

===========================================================================================
----------------- testing Sat Jul 06 06:39:21 UTC 2019 /home/travis/build/icyphy/ptII/ptolemy/actor/lib/test/auto/SetVariable3.xml
----------------- Instantiating /home/travis/build/icyphy/ptII/ptolemy/actor/lib/test/auto/SetVariable3.xml
8 ms. Memory: 598016K Free: 396745K (66%)
----------------- Invoking toplevel() on ptolemy.moml.MoMLSimpleApplication@111a2237
----------------- Done invoking toplevel() on ptolemy.moml.MoMLSimpleApplication@111a2237
reloadAllAccessors: .SetVariable3

===========================================================================================
----------------- testing Sat Jul 06 06:39:21 UTC 2019 /home/travis/build/icyphy/ptII/ptolemy/actor/lib/test/auto/SetVariable4.xml
----------------- Instantiating /home/travis/build/icyphy/ptII/ptolemy/actor/lib/test/auto/SetVariable4.xml
18 ms. Memory: 598016K Free: 385995K (65%)
----------------- Invoking toplevel() on ptolemy.moml.MoMLSimpleApplication@4353baf8
----------------- Done invoking toplevel() on ptolemy.moml.MoMLSimpleApplication@4353baf8
reloadAllAccessors: .SetVariable4

===========================================================================================
----------------- testing Sat Jul 06 06:39:21 UTC 2019 /home/travis/build/icyphy/ptII/ptolemy/actor/lib/test/auto/SetVariable5.xml
----------------- Instantiating /home/travis/build/icyphy/ptII/ptolemy/actor/lib/test/auto/SetVariable5.xml
20 ms. Memory: 598016K Free: 376779K (63%)
----------------- Invoking toplevel() on ptolemy.moml.MoMLSimpleApplication@38e6f475
----------------- Done invoking toplevel() on ptolemy.moml.MoMLSimpleApplication@38e6f475
reloadAllAccessors: .SetVariable5

===========================================================================================
----------------- testing Sat Jul 06 06:39:21 UTC 2019 /home/travis/build/icyphy/ptII/ptolemy/actor/lib/test/auto/Sinewave.xml
----------------- Instantiating /home/travis/build/icyphy/ptII/ptolemy/actor/lib/test/auto/Sinewave.xml
4 ms. Memory: 598016K Free: 366539K (61%)
----------------- Invoking toplevel() on ptolemy.moml.MoMLSimpleApplication@4b40f99d
----------------- Done invoking toplevel() on ptolemy.moml.MoMLSimpleApplication@4b40f99d
reloadAllAccessors: .Sinewave

===========================================================================================
----------------- testing Sat Jul 06 06:39:21 UTC 2019 /home/travis/build/icyphy/ptII/ptolemy/actor/lib/test/auto/Sinewave2.xml
----------------- Instantiating /home/travis/build/icyphy/ptII/ptolemy/actor/lib/test/auto/Sinewave2.xml
5 ms. Memory: 598016K Free: 358843K (60%)
----------------- Invoking toplevel() on ptolemy.moml.MoMLSimpleApplication@1b2376e
----------------- Done invoking toplevel() on ptolemy.moml.MoMLSimpleApplication@1b2376e
reloadAllAccessors: .Sinewave2

===========================================================================================
----------------- testing Sat Jul 06 06:39:21 UTC 2019 /home/travis/build/icyphy/ptII/ptolemy/actor/lib/test/auto/Sinewave3.xml
----------------- Instantiating /home/travis/build/icyphy/ptII/ptolemy/actor/lib/test/auto/Sinewave3.xml
11 ms. Memory: 598016K Free: 349611K (58%)
----------------- Invoking toplevel() on ptolemy.moml.MoMLSimpleApplication@d748172
----------------- Done invoking toplevel() on ptolemy.moml.MoMLSimpleApplication@d748172
reloadAllAccessors: .Sinewave3

===========================================================================================
----------------- testing Sat Jul 06 06:39:21 UTC 2019 /home/travis/build/icyphy/ptII/ptolemy/actor/lib/test/auto/SingleEvent.xml
----------------- Instantiating /home/travis/build/icyphy/ptII/ptolemy/actor/lib/test/auto/SingleEvent.xml
1 ms. Memory: 598016K Free: 345545K (58%)
----------------- Invoking toplevel() on ptolemy.moml.MoMLSimpleApplication@7d06a108
----------------- Done invoking toplevel() on ptolemy.moml.MoMLSimpleApplication@7d06a108
reloadAllAccessors: .SingleEvent

===========================================================================================
----------------- testing Sat Jul 06 06:39:21 UTC 2019 /home/travis/build/icyphy/ptII/ptolemy/actor/lib/test/auto/Sleep.xml
----------------- Instantiating /home/travis/build/icyphy/ptII/ptolemy/actor/lib/test/auto/Sleep.xml
6004 ms. Memory: 598016K Free: 340395K (57%)
----------------- Invoking toplevel() on ptolemy.moml.MoMLSimpleApplication@63c049a2
----------------- Done invoking toplevel() on ptolemy.moml.MoMLSimpleApplication@63c049a2
reloadAllAccessors: .Sleep

===========================================================================================
----------------- testing Sat Jul 06 06:39:27 UTC 2019 /home/travis/build/icyphy/ptII/ptolemy/actor/lib/test/auto/SleepMultipleFire.xml
----------------- Instantiating /home/travis/build/icyphy/ptII/ptolemy/actor/lib/test/auto/SleepMultipleFire.xml
1006 ms. Memory: 598016K Free: 334795K (56%)
----------------- Invoking toplevel() on ptolemy.moml.MoMLSimpleApplication@49d37fa2
----------------- Done invoking toplevel() on ptolemy.moml.MoMLSimpleApplication@49d37fa2
reloadAllAccessors: .SleepMultipleFire

===========================================================================================
----------------- testing Sat Jul 06 06:39:28 UTC 2019 /home/travis/build/icyphy/ptII/ptolemy/actor/lib/test/auto/StopDE.xml
----------------- Instantiating /home/travis/build/icyphy/ptII/ptolemy/actor/lib/test/auto/StopDE.xml
5 ms. Memory: 598016K Free: 329161K (55%)
----------------- Invoking toplevel() on ptolemy.moml.MoMLSimpleApplication@704cc300
----------------- Done invoking toplevel() on ptolemy.moml.MoMLSimpleApplication@704cc300
reloadAllAccessors: .StopDE

===========================================================================================
----------------- testing Sat Jul 06 06:39:28 UTC 2019 /home/travis/build/icyphy/ptII/ptolemy/actor/lib/test/auto/StopSDF.xml
----------------- Instantiating /home/travis/build/icyphy/ptII/ptolemy/actor/lib/test/auto/StopSDF.xml
2 ms. Memory: 598016K Free: 323531K (54%)
----------------- Invoking toplevel() on ptolemy.moml.MoMLSimpleApplication@4630964a
----------------- Done invoking toplevel() on ptolemy.moml.MoMLSimpleApplication@4630964a
reloadAllAccessors: .StopSDF

===========================================================================================
----------------- testing Sat Jul 06 06:39:28 UTC 2019 /home/travis/build/icyphy/ptII/ptolemy/actor/lib/test/auto/StringConstant.xml
----------------- Instantiating /home/travis/build/icyphy/ptII/ptolemy/actor/lib/test/auto/StringConstant.xml
13 ms. Memory: 598016K Free: 319435K (53%)
----------------- Invoking toplevel() on ptolemy.moml.MoMLSimpleApplication@70d52501
----------------- Done invoking toplevel() on ptolemy.moml.MoMLSimpleApplication@70d52501
reloadAllAccessors: .StringConstant

===========================================================================================
----------------- testing Sat Jul 06 06:39:28 UTC 2019 /home/travis/build/icyphy/ptII/ptolemy/actor/lib/test/auto/SubscriberPortInitialValues1.xml
----------------- Instantiating /home/travis/build/icyphy/ptII/ptolemy/actor/lib/test/auto/SubscriberPortInitialValues1.xml
9 ms. Memory: 598016K Free: 310729K (52%)
----------------- Invoking toplevel() on ptolemy.moml.MoMLSimpleApplication@6e4a1a6c
----------------- Done invoking toplevel() on ptolemy.moml.MoMLSimpleApplication@6e4a1a6c
reloadAllAccessors: .SubscriberPortInitialValues1

===========================================================================================
----------------- testing Sat Jul 06 06:39:28 UTC 2019 /home/travis/build/icyphy/ptII/ptolemy/actor/lib/test/auto/SubscriberPortInitialValues13.xml
----------------- Instantiating /home/travis/build/icyphy/ptII/ptolemy/actor/lib/test/auto/SubscriberPortInitialValues13.xml
8 ms. Memory: 598016K Free: 297931K (50%)
----------------- Invoking toplevel() on ptolemy.moml.MoMLSimpleApplication@1c831747
----------------- Done invoking toplevel() on ptolemy.moml.MoMLSimpleApplication@1c831747
reloadAllAccessors: .SubscriberPortInitialValues13

===========================================================================================
----------------- testing Sat Jul 06 06:39:28 UTC 2019 /home/travis/build/icyphy/ptII/ptolemy/actor/lib/test/auto/SubscriberPortInitialValues14.xml
----------------- Instantiating /home/travis/build/icyphy/ptII/ptolemy/actor/lib/test/auto/SubscriberPortInitialValues14.xml
4 ms. Memory: 598016K Free: 290249K (49%)
----------------- Invoking toplevel() on ptolemy.moml.MoMLSimpleApplication@cbfda22
----------------- Done invoking toplevel() on ptolemy.moml.MoMLSimpleApplication@cbfda22
reloadAllAccessors: .SubscriberPortInitialValues14

===========================================================================================
----------------- testing Sat Jul 06 06:39:28 UTC 2019 /home/travis/build/icyphy/ptII/ptolemy/actor/lib/test/auto/SubscriberPortInitialValues2.xml
----------------- Instantiating /home/travis/build/icyphy/ptII/ptolemy/actor/lib/test/auto/SubscriberPortInitialValues2.xml
4 ms. Memory: 598016K Free: 282057K (47%)
----------------- Invoking toplevel() on ptolemy.moml.MoMLSimpleApplication@1dd0579e
----------------- Done invoking toplevel() on ptolemy.moml.MoMLSimpleApplication@1dd0579e
reloadAllAccessors: .SubscriberPortInitialValues2

===========================================================================================
----------------- testing Sat Jul 06 06:39:28 UTC 2019 /home/travis/build/icyphy/ptII/ptolemy/actor/lib/test/auto/SubscriberPortInitialValues3.xml
----------------- Instantiating /home/travis/build/icyphy/ptII/ptolemy/actor/lib/test/auto/SubscriberPortInitialValues3.xml
4 ms. Memory: 598016K Free: 270793K (45%)
----------------- Invoking toplevel() on ptolemy.moml.MoMLSimpleApplication@684ae88a
----------------- Done invoking toplevel() on ptolemy.moml.MoMLSimpleApplication@684ae88a
reloadAllAccessors: .SubscriberPortInitialValues3

===========================================================================================
----------------- testing Sat Jul 06 06:39:28 UTC 2019 /home/travis/build/icyphy/ptII/ptolemy/actor/lib/test/auto/SubscriptionAggregator.xml
----------------- Instantiating /home/travis/build/icyphy/ptII/ptolemy/actor/lib/test/auto/SubscriptionAggregator.xml
3 ms. Memory: 598016K Free: 264139K (44%)
----------------- Invoking toplevel() on ptolemy.moml.MoMLSimpleApplication@2b96665f
----------------- Done invoking toplevel() on ptolemy.moml.MoMLSimpleApplication@2b96665f
reloadAllAccessors: .SubscriptionAggregator

===========================================================================================
----------------- testing Sat Jul 06 06:39:28 UTC 2019 /home/travis/build/icyphy/ptII/ptolemy/actor/lib/test/auto/SubscriptionAggregator2.xml
----------------- Instantiating /home/travis/build/icyphy/ptII/ptolemy/actor/lib/test/auto/SubscriptionAggregator2.xml
3 ms. Memory: 598016K Free: 256971K (43%)
----------------- Invoking toplevel() on ptolemy.moml.MoMLSimpleApplication@46f2ec00
----------------- Done invoking toplevel() on ptolemy.moml.MoMLSimpleApplication@46f2ec00
reloadAllAccessors: .SubscriptionAggregator2

===========================================================================================
----------------- testing Sat Jul 06 06:39:28 UTC 2019 /home/travis/build/icyphy/ptII/ptolemy/actor/lib/test/auto/SubscriptionAggregator3.xml
----------------- Instantiating /home/travis/build/icyphy/ptII/ptolemy/actor/lib/test/auto/SubscriptionAggregator3.xml
4 ms. Memory: 598016K Free: 248265K (42%)
----------------- Invoking toplevel() on ptolemy.moml.MoMLSimpleApplication@735cb7d9
----------------- Done invoking toplevel() on ptolemy.moml.MoMLSimpleApplication@735cb7d9
reloadAllAccessors: .SubscriptionAggregator3

===========================================================================================
----------------- testing Sat Jul 06 06:39:28 UTC 2019 /home/travis/build/icyphy/ptII/ptolemy/actor/lib/test/auto/SubscriptionAggregatorMultiply.xml
----------------- Instantiating /home/travis/build/icyphy/ptII/ptolemy/actor/lib/test/auto/SubscriptionAggregatorMultiply.xml
11 ms. Memory: 598016K Free: 239563K (40%)
----------------- Invoking toplevel() on ptolemy.moml.MoMLSimpleApplication@7ec0fb74
----------------- Done invoking toplevel() on ptolemy.moml.MoMLSimpleApplication@7ec0fb74
reloadAllAccessors: .SubscriptionAggregatorMultiply

===========================================================================================
----------------- testing Sat Jul 06 06:39:29 UTC 2019 /home/travis/build/icyphy/ptII/ptolemy/actor/lib/test/auto/SubscriptionAggregatorPortMultiply1.xml
----------------- Instantiating /home/travis/build/icyphy/ptII/ptolemy/actor/lib/test/auto/SubscriptionAggregatorPortMultiply1.xml
4 ms. Memory: 598016K Free: 231881K (39%)
----------------- Invoking toplevel() on ptolemy.moml.MoMLSimpleApplication@7de8385f
----------------- Done invoking toplevel() on ptolemy.moml.MoMLSimpleApplication@7de8385f
reloadAllAccessors: .SubscriptionAggregatorPortMultiply1

===========================================================================================
----------------- testing Sat Jul 06 06:39:29 UTC 2019 /home/travis/build/icyphy/ptII/ptolemy/actor/lib/test/auto/Switch.xml
----------------- Instantiating /home/travis/build/icyphy/ptII/ptolemy/actor/lib/test/auto/Switch.xml
7 ms. Memory: 598016K Free: 223689K (37%)
----------------- Invoking toplevel() on ptolemy.moml.MoMLSimpleApplication@4f0be7c8
----------------- Done invoking toplevel() on ptolemy.moml.MoMLSimpleApplication@4f0be7c8
reloadAllAccessors: .Switch

===========================================================================================
----------------- testing Sat Jul 06 06:39:29 UTC 2019 /home/travis/build/icyphy/ptII/ptolemy/actor/lib/test/auto/Switch2.xml
----------------- Instantiating /home/travis/build/icyphy/ptII/ptolemy/actor/lib/test/auto/Switch2.xml
1 ms. Memory: 598016K Free: 219083K (37%)
----------------- Invoking toplevel() on ptolemy.moml.MoMLSimpleApplication@7b2e1523
----------------- Done invoking toplevel() on ptolemy.moml.MoMLSimpleApplication@7b2e1523
reloadAllAccessors: .Switch2

===========================================================================================
----------------- testing Sat Jul 06 06:39:29 UTC 2019 /home/travis/build/icyphy/ptII/ptolemy/actor/lib/test/auto/SwitchDE.xml
----------------- Instantiating /home/travis/build/icyphy/ptII/ptolemy/actor/lib/test/auto/SwitchDE.xml
4 ms. Memory: 598016K Free: 212939K (36%)
----------------- Invoking toplevel() on ptolemy.moml.MoMLSimpleApplication@4a71d70a
----------------- Done invoking toplevel() on ptolemy.moml.MoMLSimpleApplication@4a71d70a
reloadAllAccessors: .SwitchDE

===========================================================================================
----------------- testing Sat Jul 06 06:39:29 UTC 2019 /home/travis/build/icyphy/ptII/ptolemy/actor/lib/test/auto/SynchronizerDE.xml
----------------- Instantiating /home/travis/build/icyphy/ptII/ptolemy/actor/lib/test/auto/SynchronizerDE.xml
7 ms. Memory: 598016K Free: 204227K (34%)
----------------- Invoking toplevel() on ptolemy.moml.MoMLSimpleApplication@ab48607
----------------- Done invoking toplevel() on ptolemy.moml.MoMLSimpleApplication@ab48607
reloadAllAccessors: .SynchronizerDE

===========================================================================================
----------------- testing Sat Jul 06 06:39:29 UTC 2019 /home/travis/build/icyphy/ptII/ptolemy/actor/lib/test/auto/Test.xml
----------------- Instantiating /home/travis/build/icyphy/ptII/ptolemy/actor/lib/test/auto/Test.xml
9 ms. Memory: 598016K Free: 199107K (33%)
----------------- Invoking toplevel() on ptolemy.moml.MoMLSimpleApplication@6ced4621
----------------- Done invoking toplevel() on ptolemy.moml.MoMLSimpleApplication@6ced4621
reloadAllAccessors: .Test

===========================================================================================
----------------- testing Sat Jul 06 06:39:29 UTC 2019 /home/travis/build/icyphy/ptII/ptolemy/actor/lib/test/auto/TestExceptionAttribute1.xml
----------------- Instantiating /home/travis/build/icyphy/ptII/ptolemy/actor/lib/test/auto/TestExceptionAttribute1.xml
1 ms. Memory: 598016K Free: 195531K (33%)
----------------- Invoking toplevel() on ptolemy.moml.MoMLSimpleApplication@46600482
----------------- Done invoking toplevel() on ptolemy.moml.MoMLSimpleApplication@46600482
reloadAllAccessors: .TestExceptionAttribute1

===========================================================================================
----------------- testing Sat Jul 06 06:39:29 UTC 2019 /home/travis/build/icyphy/ptII/ptolemy/actor/lib/test/auto/TestExceptionAttribute2.xml
----------------- Instantiating /home/travis/build/icyphy/ptII/ptolemy/actor/lib/test/auto/TestExceptionAttribute2.xml
2 ms. Memory: 598016K Free: 546215K (91%)
----------------- Invoking toplevel() on ptolemy.moml.MoMLSimpleApplication@74b3d25e
----------------- Done invoking toplevel() on ptolemy.moml.MoMLSimpleApplication@74b3d25e
reloadAllAccessors: .TestExceptionAttribute2

===========================================================================================
----------------- testing Sat Jul 06 06:39:29 UTC 2019 /home/travis/build/icyphy/ptII/ptolemy/actor/lib/test/auto/TestExceptionAttribute3.xml
----------------- Instantiating /home/travis/build/icyphy/ptII/ptolemy/actor/lib/test/auto/TestExceptionAttribute3.xml
.TestExceptionAttribute3.TestExceptionAttribute: initialize() was not invoked, but wrapup() was.  This is unusual, but not always a problem.  For example, exporting JNLP will do this.
0 ms. Memory: 598016K Free: 542633K (91%)
----------------- Invoking toplevel() on ptolemy.moml.MoMLSimpleApplication@43bd08c6
----------------- Done invoking toplevel() on ptolemy.moml.MoMLSimpleApplication@43bd08c6
reloadAllAccessors: .TestExceptionAttribute3

===========================================================================================
----------------- testing Sat Jul 06 06:39:29 UTC 2019 /home/travis/build/icyphy/ptII/ptolemy/actor/lib/test/auto/TestExceptionAttribute4.xml
----------------- Instantiating /home/travis/build/icyphy/ptII/ptolemy/actor/lib/test/auto/TestExceptionAttribute4.xml
.TestExceptionAttribute4.TestExceptionAttribute: initialize() was not invoked, but wrapup() was.  This is unusual, but not always a problem.  For example, exporting JNLP will do this.
.TestExceptionAttribute4.TestExceptionAttribute2: initialize() was not invoked, but wrapup() was.  This is unusual, but not always a problem.  For example, exporting JNLP will do this.
0 ms. Memory: 598016K Free: 538023K (90%)
----------------- Invoking toplevel() on ptolemy.moml.MoMLSimpleApplication@69f5501a
----------------- Done invoking toplevel() on ptolemy.moml.MoMLSimpleApplication@69f5501a
reloadAllAccessors: .TestExceptionAttribute4

===========================================================================================
----------------- testing Sat Jul 06 06:39:29 UTC 2019 /home/travis/build/icyphy/ptII/ptolemy/actor/lib/test/auto/TestExceptionHandler1.xml
----------------- Instantiating /home/travis/build/icyphy/ptII/ptolemy/actor/lib/test/auto/TestExceptionHandler1.xml
1 ms. Memory: 598016K Free: 534441K (89%)
----------------- Invoking toplevel() on ptolemy.moml.MoMLSimpleApplication@5b2ffd64
----------------- Done invoking toplevel() on ptolemy.moml.MoMLSimpleApplication@5b2ffd64
reloadAllAccessors: .TestExceptionHandler1

===========================================================================================
----------------- testing Sat Jul 06 06:39:29 UTC 2019 /home/travis/build/icyphy/ptII/ptolemy/actor/lib/test/auto/TestExceptionHandler2.xml
----------------- Instantiating /home/travis/build/icyphy/ptII/ptolemy/actor/lib/test/auto/TestExceptionHandler2.xml
1 ms. Memory: 598016K Free: 530855K (89%)
----------------- Invoking toplevel() on ptolemy.moml.MoMLSimpleApplication@4f6dcbbc
----------------- Done invoking toplevel() on ptolemy.moml.MoMLSimpleApplication@4f6dcbbc
reloadAllAccessors: .TestExceptionHandler2

===========================================================================================
----------------- testing Sat Jul 06 06:39:29 UTC 2019 /home/travis/build/icyphy/ptII/ptolemy/actor/lib/test/auto/TestExceptionHandler3.xml
----------------- Instantiating /home/travis/build/icyphy/ptII/ptolemy/actor/lib/test/auto/TestExceptionHandler3.xml
1 ms. Memory: 598016K Free: 527273K (88%)
----------------- Invoking toplevel() on ptolemy.moml.MoMLSimpleApplication@675025e9
----------------- Done invoking toplevel() on ptolemy.moml.MoMLSimpleApplication@675025e9
reloadAllAccessors: .TestExceptionHandler3

===========================================================================================
----------------- testing Sat Jul 06 06:39:29 UTC 2019 /home/travis/build/icyphy/ptII/ptolemy/actor/lib/test/auto/TestExceptionHandler4.xml
----------------- Instantiating /home/travis/build/icyphy/ptII/ptolemy/actor/lib/test/auto/TestExceptionHandler4.xml
1 ms. Memory: 598016K Free: 522663K (87%)
----------------- Invoking toplevel() on ptolemy.moml.MoMLSimpleApplication@9c0777c
----------------- Done invoking toplevel() on ptolemy.moml.MoMLSimpleApplication@9c0777c
reloadAllAccessors: .TestExceptionHandler4

===========================================================================================
----------------- testing Sat Jul 06 06:39:29 UTC 2019 /home/travis/build/icyphy/ptII/ptolemy/actor/lib/test/auto/TestRequireCorrectOrder.xml
----------------- Instantiating /home/travis/build/icyphy/ptII/ptolemy/actor/lib/test/auto/TestRequireCorrectOrder.xml
3 ms. Memory: 598016K Free: 517513K (87%)
----------------- Invoking toplevel() on ptolemy.moml.MoMLSimpleApplication@542d84c8
----------------- Done invoking toplevel() on ptolemy.moml.MoMLSimpleApplication@542d84c8
reloadAllAccessors: .TestRequireCorrectOrder

===========================================================================================
----------------- testing Sat Jul 06 06:39:29 UTC 2019 /home/travis/build/icyphy/ptII/ptolemy/actor/lib/test/auto/TestSimple.xml
----------------- Instantiating /home/travis/build/icyphy/ptII/ptolemy/actor/lib/test/auto/TestSimple.xml
6 ms. Memory: 598016K Free: 513447K (86%)
----------------- Invoking toplevel() on ptolemy.moml.MoMLSimpleApplication@c3bcb45
----------------- Done invoking toplevel() on ptolemy.moml.MoMLSimpleApplication@c3bcb45
reloadAllAccessors: .TestSimple

===========================================================================================
----------------- testing Sat Jul 06 06:39:29 UTC 2019 /home/travis/build/icyphy/ptII/ptolemy/actor/lib/test/auto/ThrowModelError.xml
----------------- Instantiating /home/travis/build/icyphy/ptII/ptolemy/actor/lib/test/auto/ThrowModelError.xml
1 ms. Memory: 598016K Free: 508841K (85%)
----------------- Invoking toplevel() on ptolemy.moml.MoMLSimpleApplication@13ba5d1
----------------- Done invoking toplevel() on ptolemy.moml.MoMLSimpleApplication@13ba5d1
reloadAllAccessors: .ThrowModelError

===========================================================================================
----------------- testing Sat Jul 06 06:39:29 UTC 2019 /home/travis/build/icyphy/ptII/ptolemy/actor/lib/test/auto/TimeDelayMicrosteps.xml
----------------- Instantiating /home/travis/build/icyphy/ptII/ptolemy/actor/lib/test/auto/TimeDelayMicrosteps.xml
3 ms. Memory: 598016K Free: 501673K (84%)
----------------- Invoking toplevel() on ptolemy.moml.MoMLSimpleApplication@59d2024e
----------------- Done invoking toplevel() on ptolemy.moml.MoMLSimpleApplication@59d2024e
reloadAllAccessors: .TimeDelayMicrosteps

===========================================================================================
----------------- testing Sat Jul 06 06:39:29 UTC 2019 /home/travis/build/icyphy/ptII/ptolemy/actor/lib/test/auto/TimeDelayMicrosteps2.xml
----------------- Instantiating /home/travis/build/icyphy/ptII/ptolemy/actor/lib/test/auto/TimeDelayMicrosteps2.xml
3 ms. Memory: 598016K Free: 494505K (83%)
----------------- Invoking toplevel() on ptolemy.moml.MoMLSimpleApplication@142ec55d
----------------- Done invoking toplevel() on ptolemy.moml.MoMLSimpleApplication@142ec55d
reloadAllAccessors: .TimeDelayMicrosteps2

===========================================================================================
----------------- testing Sat Jul 06 06:39:29 UTC 2019 /home/travis/build/icyphy/ptII/ptolemy/actor/lib/test/auto/TimeDelayMicrosteps3.xml
----------------- Instantiating /home/travis/build/icyphy/ptII/ptolemy/actor/lib/test/auto/TimeDelayMicrosteps3.xml
2 ms. Memory: 598016K Free: 487833K (82%)
----------------- Invoking toplevel() on ptolemy.moml.MoMLSimpleApplication@63edc53
----------------- Done invoking toplevel() on ptolemy.moml.MoMLSimpleApplication@63edc53
reloadAllAccessors: .TimeDelayMicrosteps3

===========================================================================================
----------------- testing Sat Jul 06 06:39:29 UTC 2019 /home/travis/build/icyphy/ptII/ptolemy/actor/lib/test/auto/TimeDelayVariableMicrosteps.xml
----------------- Instantiating /home/travis/build/icyphy/ptII/ptolemy/actor/lib/test/auto/TimeDelayVariableMicrosteps.xml
3 ms. Memory: 598016K Free: 481703K (81%)
----------------- Invoking toplevel() on ptolemy.moml.MoMLSimpleApplication@5eb3c59b
----------------- Done invoking toplevel() on ptolemy.moml.MoMLSimpleApplication@5eb3c59b
reloadAllAccessors: .TimeDelayVariableMicrosteps

===========================================================================================
----------------- testing Sat Jul 06 06:39:29 UTC 2019 /home/travis/build/icyphy/ptII/ptolemy/actor/lib/test/auto/TimeGap.xml
----------------- Instantiating /home/travis/build/icyphy/ptII/ptolemy/actor/lib/test/auto/TimeGap.xml
5 ms. Memory: 598016K Free: 476073K (80%)
----------------- Invoking toplevel() on ptolemy.moml.MoMLSimpleApplication@34634f0f
----------------- Done invoking toplevel() on ptolemy.moml.MoMLSimpleApplication@34634f0f
reloadAllAccessors: .TimeGap

===========================================================================================
----------------- testing Sat Jul 06 06:39:29 UTC 2019 /home/travis/build/icyphy/ptII/ptolemy/actor/lib/test/auto/TimeGap2.xml
----------------- Instantiating /home/travis/build/icyphy/ptII/ptolemy/actor/lib/test/auto/TimeGap2.xml
2 ms. Memory: 598016K Free: 470409K (79%)
----------------- Invoking toplevel() on ptolemy.moml.MoMLSimpleApplication@3971be22
----------------- Done invoking toplevel() on ptolemy.moml.MoMLSimpleApplication@3971be22
reloadAllAccessors: .TimeGap2

===========================================================================================
----------------- testing Sat Jul 06 06:39:29 UTC 2019 /home/travis/build/icyphy/ptII/ptolemy/actor/lib/test/auto/TimedSinewave.xml
----------------- Instantiating /home/travis/build/icyphy/ptII/ptolemy/actor/lib/test/auto/TimedSinewave.xml
35 ms. Memory: 598016K Free: 456617K (76%)
----------------- Invoking toplevel() on ptolemy.moml.MoMLSimpleApplication@ecb3afe
----------------- Done invoking toplevel() on ptolemy.moml.MoMLSimpleApplication@ecb3afe
reloadAllAccessors: .TimedSinewave

===========================================================================================
----------------- testing Sat Jul 06 06:39:29 UTC 2019 /home/travis/build/icyphy/ptII/ptolemy/actor/lib/test/auto/TimedSinewavePhase.xml
----------------- Instantiating /home/travis/build/icyphy/ptII/ptolemy/actor/lib/test/auto/TimedSinewavePhase.xml
11 ms. Memory: 598016K Free: 446887K (75%)
----------------- Invoking toplevel() on ptolemy.moml.MoMLSimpleApplication@373e73ae
----------------- Done invoking toplevel() on ptolemy.moml.MoMLSimpleApplication@373e73ae
reloadAllAccessors: .TimedSinewavePhase

===========================================================================================
----------------- testing Sat Jul 06 06:39:29 UTC 2019 /home/travis/build/icyphy/ptII/ptolemy/actor/lib/test/auto/Timer.xml
----------------- Instantiating /home/travis/build/icyphy/ptII/ptolemy/actor/lib/test/auto/Timer.xml
2 ms. Memory: 598016K Free: 440737K (74%)
----------------- Invoking toplevel() on ptolemy.moml.MoMLSimpleApplication@2f10d8bf
----------------- Done invoking toplevel() on ptolemy.moml.MoMLSimpleApplication@2f10d8bf
reloadAllAccessors: .Timer

===========================================================================================
----------------- testing Sat Jul 06 06:39:29 UTC 2019 /home/travis/build/icyphy/ptII/ptolemy/actor/lib/test/auto/TriangularDistTestModel.xml
----------------- Instantiating /home/travis/build/icyphy/ptII/ptolemy/actor/lib/test/auto/TriangularDistTestModel.xml
2 ms. Memory: 598016K Free: 435113K (73%)
----------------- Invoking toplevel() on ptolemy.moml.MoMLSimpleApplication@44546d64
----------------- Done invoking toplevel() on ptolemy.moml.MoMLSimpleApplication@44546d64
reloadAllAccessors: .TriangularDistTestModel

===========================================================================================
----------------- testing Sat Jul 06 06:39:29 UTC 2019 /home/travis/build/icyphy/ptII/ptolemy/actor/lib/test/auto/TrigFunction.xml
----------------- Instantiating /home/travis/build/icyphy/ptII/ptolemy/actor/lib/test/auto/TrigFunction.xml
2 ms. Memory: 598016K Free: 430503K (72%)
----------------- Invoking toplevel() on ptolemy.moml.MoMLSimpleApplication@215319f8
----------------- Done invoking toplevel() on ptolemy.moml.MoMLSimpleApplication@215319f8
reloadAllAccessors: .TrigFunction

===========================================================================================
----------------- testing Sat Jul 06 06:39:29 UTC 2019 /home/travis/build/icyphy/ptII/ptolemy/actor/lib/test/auto/TrigFunctionDE.xml
----------------- Instantiating /home/travis/build/icyphy/ptII/ptolemy/actor/lib/test/auto/TrigFunctionDE.xml
2 ms. Memory: 598016K Free: 424873K (71%)
----------------- Invoking toplevel() on ptolemy.moml.MoMLSimpleApplication@293a3f50
----------------- Done invoking toplevel() on ptolemy.moml.MoMLSimpleApplication@293a3f50
reloadAllAccessors: .TrigFunctionDE

===========================================================================================
----------------- testing Sat Jul 06 06:39:29 UTC 2019 /home/travis/build/icyphy/ptII/ptolemy/actor/lib/test/auto/TrigFunctionInverse.xml
----------------- Instantiating /home/travis/build/icyphy/ptII/ptolemy/actor/lib/test/auto/TrigFunctionInverse.xml
2 ms. Memory: 598016K Free: 418215K (70%)
----------------- Invoking toplevel() on ptolemy.moml.MoMLSimpleApplication@51821275
----------------- Done invoking toplevel() on ptolemy.moml.MoMLSimpleApplication@51821275
reloadAllAccessors: .TrigFunctionInverse

===========================================================================================
----------------- testing Sat Jul 06 06:39:29 UTC 2019 /home/travis/build/icyphy/ptII/ptolemy/actor/lib/test/auto/TrigFunctionTan.xml
----------------- Instantiating /home/travis/build/icyphy/ptII/ptolemy/actor/lib/test/auto/TrigFunctionTan.xml
1 ms. Memory: 598016K Free: 414119K (69%)
----------------- Invoking toplevel() on ptolemy.moml.MoMLSimpleApplication@67f1973e
----------------- Done invoking toplevel() on ptolemy.moml.MoMLSimpleApplication@67f1973e
reloadAllAccessors: .TrigFunctionTan

===========================================================================================
----------------- testing Sat Jul 06 06:39:29 UTC 2019 /home/travis/build/icyphy/ptII/ptolemy/actor/lib/test/auto/TriggeredClock.xml
----------------- Instantiating /home/travis/build/icyphy/ptII/ptolemy/actor/lib/test/auto/TriggeredClock.xml
1 ms. Memory: 598016K Free: 408985K (68%)
----------------- Invoking toplevel() on ptolemy.moml.MoMLSimpleApplication@2b73753c
----------------- Done invoking toplevel() on ptolemy.moml.MoMLSimpleApplication@2b73753c
reloadAllAccessors: .TriggeredClock

===========================================================================================
----------------- testing Sat Jul 06 06:39:29 UTC 2019 /home/travis/build/icyphy/ptII/ptolemy/actor/lib/test/auto/URLDirectoryReader.xml
----------------- Instantiating /home/travis/build/icyphy/ptII/ptolemy/actor/lib/test/auto/URLDirectoryReader.xml
45 ms. Memory: 598016K Free: 400297K (67%)
----------------- Invoking toplevel() on ptolemy.moml.MoMLSimpleApplication@570bdb94
----------------- Done invoking toplevel() on ptolemy.moml.MoMLSimpleApplication@570bdb94
reloadAllAccessors: .URLDirectoryReader

===========================================================================================
----------------- testing Sat Jul 06 06:39:29 UTC 2019 /home/travis/build/icyphy/ptII/ptolemy/actor/lib/test/auto/URLDirectoryReader3.xml
----------------- Instantiating /home/travis/build/icyphy/ptII/ptolemy/actor/lib/test/auto/URLDirectoryReader3.xml
1167 ms. Memory: 598016K Free: 540558K (90%)
----------------- Invoking toplevel() on ptolemy.moml.MoMLSimpleApplication@67bc8bf7
----------------- Done invoking toplevel() on ptolemy.moml.MoMLSimpleApplication@67bc8bf7
reloadAllAccessors: .URLDirectoryReader3

===========================================================================================
----------------- testing Sat Jul 06 06:39:31 UTC 2019 /home/travis/build/icyphy/ptII/ptolemy/actor/lib/test/auto/UnaryMathFunction.xml
----------------- Instantiating /home/travis/build/icyphy/ptII/ptolemy/actor/lib/test/auto/UnaryMathFunction.xml
2 ms. Memory: 598016K Free: 532365K (89%)
----------------- Invoking toplevel() on ptolemy.moml.MoMLSimpleApplication@1d555742
----------------- Done invoking toplevel() on ptolemy.moml.MoMLSimpleApplication@1d555742
reloadAllAccessors: .UnaryMathFunction

===========================================================================================
----------------- testing Sat Jul 06 06:39:31 UTC 2019 /home/travis/build/icyphy/ptII/ptolemy/actor/lib/test/auto/Uniform.xml
----------------- Instantiating /home/travis/build/icyphy/ptII/ptolemy/actor/lib/test/auto/Uniform.xml
5 ms. Memory: 598016K Free: 527755K (88%)
----------------- Invoking toplevel() on ptolemy.moml.MoMLSimpleApplication@7c24d102
----------------- Done invoking toplevel() on ptolemy.moml.MoMLSimpleApplication@7c24d102
reloadAllAccessors: .Uniform

===========================================================================================
----------------- testing Sat Jul 06 06:39:31 UTC 2019 /home/travis/build/icyphy/ptII/ptolemy/actor/lib/test/auto/UnionDisassemblerTest.xml
----------------- Instantiating /home/travis/build/icyphy/ptII/ptolemy/actor/lib/test/auto/UnionDisassemblerTest.xml
16 ms. Memory: 598016K Free: 524173K (88%)
----------------- Invoking toplevel() on ptolemy.moml.MoMLSimpleApplication@2207e8f3
----------------- Done invoking toplevel() on ptolemy.moml.MoMLSimpleApplication@2207e8f3
reloadAllAccessors: .UnionDisassemblerTest

===========================================================================================
----------------- testing Sat Jul 06 06:39:31 UTC 2019 /home/travis/build/icyphy/ptII/ptolemy/actor/lib/test/auto/UtilityFunctions.xml
----------------- Instantiating /home/travis/build/icyphy/ptII/ptolemy/actor/lib/test/auto/UtilityFunctions.xml
2 ms. Memory: 598016K Free: 519563K (87%)
----------------- Invoking toplevel() on ptolemy.moml.MoMLSimpleApplication@5e86157f
----------------- Done invoking toplevel() on ptolemy.moml.MoMLSimpleApplication@5e86157f
reloadAllAccessors: .UtilityFunctions

===========================================================================================
----------------- testing Sat Jul 06 06:39:31 UTC 2019 /home/travis/build/icyphy/ptII/ptolemy/actor/lib/test/auto/VariableSleep.xml
----------------- Instantiating /home/travis/build/icyphy/ptII/ptolemy/actor/lib/test/auto/VariableSleep.xml
504 ms. Memory: 598016K Free: 514443K (86%)
----------------- Invoking toplevel() on ptolemy.moml.MoMLSimpleApplication@4bed15f2
----------------- Done invoking toplevel() on ptolemy.moml.MoMLSimpleApplication@4bed15f2
reloadAllAccessors: .VariableSleep

===========================================================================================
----------------- testing Sat Jul 06 06:39:31 UTC 2019 /home/travis/build/icyphy/ptII/ptolemy/actor/lib/test/auto/VectorAssemblerDisassemblerCT.xml
----------------- Instantiating /home/travis/build/icyphy/ptII/ptolemy/actor/lib/test/auto/VectorAssemblerDisassemblerCT.xml
83 ms. Memory: 598016K Free: 494477K (83%)
----------------- Invoking toplevel() on ptolemy.moml.MoMLSimpleApplication@10d6180
----------------- Done invoking toplevel() on ptolemy.moml.MoMLSimpleApplication@10d6180
reloadAllAccessors: .VectorAssemblerDisassemblerCT

===========================================================================================
----------------- testing Sat Jul 06 06:39:32 UTC 2019 /home/travis/build/icyphy/ptII/ptolemy/actor/lib/test/auto/VectorAssemblerDisassemblerDE.xml
----------------- Instantiating /home/travis/build/icyphy/ptII/ptolemy/actor/lib/test/auto/VectorAssemblerDisassemblerDE.xml
3 ms. Memory: 598016K Free: 486795K (81%)
----------------- Invoking toplevel() on ptolemy.moml.MoMLSimpleApplication@7674f3e2
----------------- Done invoking toplevel() on ptolemy.moml.MoMLSimpleApplication@7674f3e2
reloadAllAccessors: .VectorAssemblerDisassemblerDE

===========================================================================================
----------------- testing Sat Jul 06 06:39:32 UTC 2019 /home/travis/build/icyphy/ptII/ptolemy/actor/lib/test/auto/VectorAssemblerDisassemblerSDF.xml
----------------- Instantiating /home/travis/build/icyphy/ptII/ptolemy/actor/lib/test/auto/VectorAssemblerDisassemblerSDF.xml
4 ms. Memory: 598016K Free: 480651K (80%)
----------------- Invoking toplevel() on ptolemy.moml.MoMLSimpleApplication@2d80bb65
----------------- Done invoking toplevel() on ptolemy.moml.MoMLSimpleApplication@2d80bb65
reloadAllAccessors: .VectorAssemblerDisassemblerSDF

===========================================================================================
----------------- testing Sat Jul 06 06:39:32 UTC 2019 /home/travis/build/icyphy/ptII/ptolemy/actor/lib/test/auto/WallClockTime.xml
----------------- Instantiating /home/travis/build/icyphy/ptII/ptolemy/actor/lib/test/auto/WallClockTime.xml
1005 ms. Memory: 598016K Free: 475531K (80%)
----------------- Invoking toplevel() on ptolemy.moml.MoMLSimpleApplication@6727bac8
----------------- Done invoking toplevel() on ptolemy.moml.MoMLSimpleApplication@6727bac8
reloadAllAccessors: .WallClockTime

===========================================================================================
----------------- testing Sat Jul 06 06:39:33 UTC 2019 /home/travis/build/icyphy/ptII/ptolemy/actor/lib/test/auto/WidthTestWithSubscriberPublisher.xml
----------------- Instantiating /home/travis/build/icyphy/ptII/ptolemy/actor/lib/test/auto/WidthTestWithSubscriberPublisher.xml
8 ms. Memory: 598016K Free: 457613K (77%)
----------------- Invoking toplevel() on ptolemy.moml.MoMLSimpleApplication@db9b9da
----------------- Done invoking toplevel() on ptolemy.moml.MoMLSimpleApplication@db9b9da
reloadAllAccessors: .WidthTestWithSubscriberPublisher

===========================================================================================
----------------- testing Sat Jul 06 06:39:33 UTC 2019 /home/travis/build/icyphy/ptII/ptolemy/actor/lib/test/auto/WidthTestWithSubscriberPublisher2.xml
----------------- Instantiating /home/travis/build/icyphy/ptII/ptolemy/actor/lib/test/auto/WidthTestWithSubscriberPublisher2.xml
5 ms. Memory: 598016K Free: 451469K (75%)
----------------- Invoking toplevel() on ptolemy.moml.MoMLSimpleApplication@24cf4300
----------------- Done invoking toplevel() on ptolemy.moml.MoMLSimpleApplication@24cf4300
reloadAllAccessors: .WidthTestWithSubscriberPublisher2

===========================================================================================
----------------- testing Sat Jul 06 06:39:33 UTC 2019 /home/travis/build/icyphy/ptII/ptolemy/actor/lib/test/auto/WidthTestWithSubscriberPublisher3.xml
----------------- Instantiating /home/travis/build/icyphy/ptII/ptolemy/actor/lib/test/auto/WidthTestWithSubscriberPublisher3.xml
2 ms. Memory: 598016K Free: 445835K (75%)
----------------- Invoking toplevel() on ptolemy.moml.MoMLSimpleApplication@7f233642
----------------- Done invoking toplevel() on ptolemy.moml.MoMLSimpleApplication@7f233642
reloadAllAccessors: .WidthTestWithSubscriberPublisher3

===========================================================================================
----------------- testing Sat Jul 06 06:39:33 UTC 2019 /home/travis/build/icyphy/ptII/ptolemy/actor/lib/test/auto/Writer.xml
----------------- Instantiating /home/travis/build/icyphy/ptII/ptolemy/actor/lib/test/auto/Writer.xml
0
1
2
3
4
1 ms. Memory: 598016K Free: 441229K (74%)
----------------- Invoking toplevel() on ptolemy.moml.MoMLSimpleApplication@6a444ae
----------------- Done invoking toplevel() on ptolemy.moml.MoMLSimpleApplication@6a444ae
reloadAllAccessors: .Writer

===========================================================================================
----------------- testing Sat Jul 06 06:39:33 UTC 2019 /home/travis/build/icyphy/ptII/ptolemy/actor/lib/test/auto/array.xml
----------------- Instantiating /home/travis/build/icyphy/ptII/ptolemy/actor/lib/test/auto/array.xml
2 ms. Memory: 598016K Free: 436619K (73%)
----------------- Invoking toplevel() on ptolemy.moml.MoMLSimpleApplication@5dcd7062
----------------- Done invoking toplevel() on ptolemy.moml.MoMLSimpleApplication@5dcd7062
reloadAllAccessors: .array

===========================================================================================
----------------- testing Sat Jul 06 06:39:33 UTC 2019 /home/travis/build/icyphy/ptII/ptolemy/actor/lib/test/auto/array2.xml
----------------- Instantiating /home/travis/build/icyphy/ptII/ptolemy/actor/lib/test/auto/array2.xml
2 ms. Memory: 598016K Free: 431499K (72%)
----------------- Invoking toplevel() on ptolemy.moml.MoMLSimpleApplication@6766b920
----------------- Done invoking toplevel() on ptolemy.moml.MoMLSimpleApplication@6766b920
reloadAllAccessors: .array2

===========================================================================================
----------------- testing Sat Jul 06 06:39:33 UTC 2019 /home/travis/build/icyphy/ptII/ptolemy/actor/lib/test/auto/arrayType.xml
----------------- Instantiating /home/travis/build/icyphy/ptII/ptolemy/actor/lib/test/auto/arrayType.xml
2 ms. Memory: 598016K Free: 425869K (71%)
----------------- Invoking toplevel() on ptolemy.moml.MoMLSimpleApplication@5774bfc0
----------------- Done invoking toplevel() on ptolemy.moml.MoMLSimpleApplication@5774bfc0
reloadAllAccessors: .arrayType

===========================================================================================
----------------- testing Sat Jul 06 06:39:33 UTC 2019 /home/travis/build/icyphy/ptII/ptolemy/actor/lib/test/auto/arrayType10.xml
----------------- Instantiating /home/travis/build/icyphy/ptII/ptolemy/actor/lib/test/auto/arrayType10.xml
1 ms. Memory: 598016K Free: 421259K (70%)
----------------- Invoking toplevel() on ptolemy.moml.MoMLSimpleApplication@489e9e4c
----------------- Done invoking toplevel() on ptolemy.moml.MoMLSimpleApplication@489e9e4c
reloadAllAccessors: .arrayType10

===========================================================================================
----------------- testing Sat Jul 06 06:39:33 UTC 2019 /home/travis/build/icyphy/ptII/ptolemy/actor/lib/test/auto/arrayType11.xml
----------------- Instantiating /home/travis/build/icyphy/ptII/ptolemy/actor/lib/test/auto/arrayType11.xml
3 ms. Memory: 598016K Free: 416653K (70%)
----------------- Invoking toplevel() on ptolemy.moml.MoMLSimpleApplication@384889f7
----------------- Done invoking toplevel() on ptolemy.moml.MoMLSimpleApplication@384889f7
reloadAllAccessors: .arrayType11

===========================================================================================
----------------- testing Sat Jul 06 06:39:33 UTC 2019 /home/travis/build/icyphy/ptII/ptolemy/actor/lib/test/auto/arrayType12.xml
----------------- Instantiating /home/travis/build/icyphy/ptII/ptolemy/actor/lib/test/auto/arrayType12.xml
2 ms. Memory: 598016K Free: 411533K (69%)
----------------- Invoking toplevel() on ptolemy.moml.MoMLSimpleApplication@2f54a392
----------------- Done invoking toplevel() on ptolemy.moml.MoMLSimpleApplication@2f54a392
reloadAllAccessors: .arrayType12

===========================================================================================
----------------- testing Sat Jul 06 06:39:33 UTC 2019 /home/travis/build/icyphy/ptII/ptolemy/actor/lib/test/auto/arrayType13.xml
----------------- Instantiating /home/travis/build/icyphy/ptII/ptolemy/actor/lib/test/auto/arrayType13.xml
2 ms. Memory: 598016K Free: 406413K (68%)
----------------- Invoking toplevel() on ptolemy.moml.MoMLSimpleApplication@65ef87c7
----------------- Done invoking toplevel() on ptolemy.moml.MoMLSimpleApplication@65ef87c7
reloadAllAccessors: .arrayType13

===========================================================================================
----------------- testing Sat Jul 06 06:39:33 UTC 2019 /home/travis/build/icyphy/ptII/ptolemy/actor/lib/test/auto/arrayType14.xml
----------------- Instantiating /home/travis/build/icyphy/ptII/ptolemy/actor/lib/test/auto/arrayType14.xml
3 ms. Memory: 598016K Free: 400779K (67%)
----------------- Invoking toplevel() on ptolemy.moml.MoMLSimpleApplication@3ce894b0
----------------- Done invoking toplevel() on ptolemy.moml.MoMLSimpleApplication@3ce894b0
reloadAllAccessors: .arrayType14

===========================================================================================
----------------- testing Sat Jul 06 06:39:33 UTC 2019 /home/travis/build/icyphy/ptII/ptolemy/actor/lib/test/auto/arrayType15.xml
----------------- Instantiating /home/travis/build/icyphy/ptII/ptolemy/actor/lib/test/auto/arrayType15.xml
2 ms. Memory: 598016K Free: 395659K (66%)
----------------- Invoking toplevel() on ptolemy.moml.MoMLSimpleApplication@abd8ca9
----------------- Done invoking toplevel() on ptolemy.moml.MoMLSimpleApplication@abd8ca9
reloadAllAccessors: .arrayType15

===========================================================================================
----------------- testing Sat Jul 06 06:39:33 UTC 2019 /home/travis/build/icyphy/ptII/ptolemy/actor/lib/test/auto/arrayType16.xml
----------------- Instantiating /home/travis/build/icyphy/ptII/ptolemy/actor/lib/test/auto/arrayType16.xml
2 ms. Memory: 598016K Free: 390539K (65%)
----------------- Invoking toplevel() on ptolemy.moml.MoMLSimpleApplication@449319f3
----------------- Done invoking toplevel() on ptolemy.moml.MoMLSimpleApplication@449319f3
reloadAllAccessors: .arrayType16

===========================================================================================
----------------- testing Sat Jul 06 06:39:33 UTC 2019 /home/travis/build/icyphy/ptII/ptolemy/actor/lib/test/auto/arrayType17.xml
----------------- Instantiating /home/travis/build/icyphy/ptII/ptolemy/actor/lib/test/auto/arrayType17.xml
1 ms. Memory: 598016K Free: 384909K (64%)
----------------- Invoking toplevel() on ptolemy.moml.MoMLSimpleApplication@1b11f506
----------------- Done invoking toplevel() on ptolemy.moml.MoMLSimpleApplication@1b11f506
reloadAllAccessors: .arrayType17

===========================================================================================
----------------- testing Sat Jul 06 06:39:33 UTC 2019 /home/travis/build/icyphy/ptII/ptolemy/actor/lib/test/auto/arrayType18.xml
----------------- Instantiating /home/travis/build/icyphy/ptII/ptolemy/actor/lib/test/auto/arrayType18.xml
2 ms. Memory: 598016K Free: 380299K (64%)
----------------- Invoking toplevel() on ptolemy.moml.MoMLSimpleApplication@365f0a3f
----------------- Done invoking toplevel() on ptolemy.moml.MoMLSimpleApplication@365f0a3f
reloadAllAccessors: .arrayType18

===========================================================================================
----------------- testing Sat Jul 06 06:39:33 UTC 2019 /home/travis/build/icyphy/ptII/ptolemy/actor/lib/test/auto/arrayType19.xml
----------------- Instantiating /home/travis/build/icyphy/ptII/ptolemy/actor/lib/test/auto/arrayType19.xml
1 ms. Memory: 598016K Free: 375693K (63%)
----------------- Invoking toplevel() on ptolemy.moml.MoMLSimpleApplication@197677d6
----------------- Done invoking toplevel() on ptolemy.moml.MoMLSimpleApplication@197677d6
reloadAllAccessors: .arrayType19

===========================================================================================
----------------- testing Sat Jul 06 06:39:33 UTC 2019 /home/travis/build/icyphy/ptII/ptolemy/actor/lib/test/auto/arrayType2.xml
----------------- Instantiating /home/travis/build/icyphy/ptII/ptolemy/actor/lib/test/auto/arrayType2.xml
2 ms. Memory: 598016K Free: 370059K (62%)
----------------- Invoking toplevel() on ptolemy.moml.MoMLSimpleApplication@529b3e34
----------------- Done invoking toplevel() on ptolemy.moml.MoMLSimpleApplication@529b3e34
reloadAllAccessors: .arrayType2

===========================================================================================
----------------- testing Sat Jul 06 06:39:33 UTC 2019 /home/travis/build/icyphy/ptII/ptolemy/actor/lib/test/auto/arrayType20.xml
----------------- Instantiating /home/travis/build/icyphy/ptII/ptolemy/actor/lib/test/auto/arrayType20.xml
2 ms. Memory: 598016K Free: 365453K (61%)
----------------- Invoking toplevel() on ptolemy.moml.MoMLSimpleApplication@22d195f1
----------------- Done invoking toplevel() on ptolemy.moml.MoMLSimpleApplication@22d195f1
reloadAllAccessors: .arrayType20

===========================================================================================
----------------- testing Sat Jul 06 06:39:33 UTC 2019 /home/travis/build/icyphy/ptII/ptolemy/actor/lib/test/auto/arrayType21.xml
----------------- Instantiating /home/travis/build/icyphy/ptII/ptolemy/actor/lib/test/auto/arrayType21.xml
1 ms. Memory: 598016K Free: 360333K (60%)
----------------- Invoking toplevel() on ptolemy.moml.MoMLSimpleApplication@3fe2ab34
----------------- Done invoking toplevel() on ptolemy.moml.MoMLSimpleApplication@3fe2ab34
reloadAllAccessors: .arrayType21

===========================================================================================
----------------- testing Sat Jul 06 06:39:33 UTC 2019 /home/travis/build/icyphy/ptII/ptolemy/actor/lib/test/auto/arrayType22.xml
----------------- Instantiating /home/travis/build/icyphy/ptII/ptolemy/actor/lib/test/auto/arrayType22.xml
2 ms. Memory: 598016K Free: 355723K (59%)
----------------- Invoking toplevel() on ptolemy.moml.MoMLSimpleApplication@57cbd4ab
----------------- Done invoking toplevel() on ptolemy.moml.MoMLSimpleApplication@57cbd4ab
reloadAllAccessors: .arrayType22

===========================================================================================
----------------- testing Sat Jul 06 06:39:33 UTC 2019 /home/travis/build/icyphy/ptII/ptolemy/actor/lib/test/auto/arrayType23.xml
----------------- Instantiating /home/travis/build/icyphy/ptII/ptolemy/actor/lib/test/auto/arrayType23.xml
1 ms. Memory: 598016K Free: 351117K (59%)
----------------- Invoking toplevel() on ptolemy.moml.MoMLSimpleApplication@d60128f
----------------- Done invoking toplevel() on ptolemy.moml.MoMLSimpleApplication@d60128f
reloadAllAccessors: .arrayType23

===========================================================================================
----------------- testing Sat Jul 06 06:39:33 UTC 2019 /home/travis/build/icyphy/ptII/ptolemy/actor/lib/test/auto/arrayType24.xml
----------------- Instantiating /home/travis/build/icyphy/ptII/ptolemy/actor/lib/test/auto/arrayType24.xml
1 ms. Memory: 598016K Free: 345997K (58%)
----------------- Invoking toplevel() on ptolemy.moml.MoMLSimpleApplication@3e5997e0
----------------- Done invoking toplevel() on ptolemy.moml.MoMLSimpleApplication@3e5997e0
reloadAllAccessors: .arrayType24

===========================================================================================
----------------- testing Sat Jul 06 06:39:33 UTC 2019 /home/travis/build/icyphy/ptII/ptolemy/actor/lib/test/auto/arrayType25.xml
----------------- Instantiating /home/travis/build/icyphy/ptII/ptolemy/actor/lib/test/auto/arrayType25.xml
2 ms. Memory: 598016K Free: 340877K (57%)
----------------- Invoking toplevel() on ptolemy.moml.MoMLSimpleApplication@50617073
----------------- Done invoking toplevel() on ptolemy.moml.MoMLSimpleApplication@50617073
reloadAllAccessors: .arrayType25

===========================================================================================
----------------- testing Sat Jul 06 06:39:33 UTC 2019 /home/travis/build/icyphy/ptII/ptolemy/actor/lib/test/auto/arrayType26.xml
----------------- Instantiating /home/travis/build/icyphy/ptII/ptolemy/actor/lib/test/auto/arrayType26.xml
1 ms. Memory: 598016K Free: 335243K (56%)
----------------- Invoking toplevel() on ptolemy.moml.MoMLSimpleApplication@3fb695e1
----------------- Done invoking toplevel() on ptolemy.moml.MoMLSimpleApplication@3fb695e1
reloadAllAccessors: .arrayType26

===========================================================================================
----------------- testing Sat Jul 06 06:39:33 UTC 2019 /home/travis/build/icyphy/ptII/ptolemy/actor/lib/test/auto/arrayType27.xml
----------------- Instantiating /home/travis/build/icyphy/ptII/ptolemy/actor/lib/test/auto/arrayType27.xml
1 ms. Memory: 598016K Free: 330123K (55%)
----------------- Invoking toplevel() on ptolemy.moml.MoMLSimpleApplication@1e52c1be
----------------- Done invoking toplevel() on ptolemy.moml.MoMLSimpleApplication@1e52c1be
reloadAllAccessors: .arrayType27

===========================================================================================
----------------- testing Sat Jul 06 06:39:33 UTC 2019 /home/travis/build/icyphy/ptII/ptolemy/actor/lib/test/auto/arrayType28.xml
----------------- Instantiating /home/travis/build/icyphy/ptII/ptolemy/actor/lib/test/auto/arrayType28.xml
1 ms. Memory: 598016K Free: 325003K (54%)
----------------- Invoking toplevel() on ptolemy.moml.MoMLSimpleApplication@7c15d66
----------------- Done invoking toplevel() on ptolemy.moml.MoMLSimpleApplication@7c15d66
reloadAllAccessors: .arrayType28

===========================================================================================
----------------- testing Sat Jul 06 06:39:33 UTC 2019 /home/travis/build/icyphy/ptII/ptolemy/actor/lib/test/auto/arrayType3.xml
----------------- Instantiating /home/travis/build/icyphy/ptII/ptolemy/actor/lib/test/auto/arrayType3.xml
6 ms. Memory: 598016K Free: 319373K (53%)
----------------- Invoking toplevel() on ptolemy.moml.MoMLSimpleApplication@45773b1
----------------- Done invoking toplevel() on ptolemy.moml.MoMLSimpleApplication@45773b1
reloadAllAccessors: .arrayType3

===========================================================================================
----------------- testing Sat Jul 06 06:39:33 UTC 2019 /home/travis/build/icyphy/ptII/ptolemy/actor/lib/test/auto/arrayType4.xml
----------------- Instantiating /home/travis/build/icyphy/ptII/ptolemy/actor/lib/test/auto/arrayType4.xml
1 ms. Memory: 598016K Free: 314253K (53%)
----------------- Invoking toplevel() on ptolemy.moml.MoMLSimpleApplication@492b31e6
----------------- Done invoking toplevel() on ptolemy.moml.MoMLSimpleApplication@492b31e6
reloadAllAccessors: .arrayType4

===========================================================================================
----------------- testing Sat Jul 06 06:39:33 UTC 2019 /home/travis/build/icyphy/ptII/ptolemy/actor/lib/test/auto/arrayType5.xml
----------------- Instantiating /home/travis/build/icyphy/ptII/ptolemy/actor/lib/test/auto/arrayType5.xml
2 ms. Memory: 598016K Free: 308619K (52%)
----------------- Invoking toplevel() on ptolemy.moml.MoMLSimpleApplication@1f3493c4
----------------- Done invoking toplevel() on ptolemy.moml.MoMLSimpleApplication@1f3493c4
reloadAllAccessors: .arrayType5

===========================================================================================
----------------- testing Sat Jul 06 06:39:33 UTC 2019 /home/travis/build/icyphy/ptII/ptolemy/actor/lib/test/auto/arrayType6.xml
----------------- Instantiating /home/travis/build/icyphy/ptII/ptolemy/actor/lib/test/auto/arrayType6.xml
1 ms. Memory: 598016K Free: 304013K (51%)
----------------- Invoking toplevel() on ptolemy.moml.MoMLSimpleApplication@4a2906f6
----------------- Done invoking toplevel() on ptolemy.moml.MoMLSimpleApplication@4a2906f6
reloadAllAccessors: .arrayType6

===========================================================================================
----------------- testing Sat Jul 06 06:39:33 UTC 2019 /home/travis/build/icyphy/ptII/ptolemy/actor/lib/test/auto/arrayType7.xml
----------------- Instantiating /home/travis/build/icyphy/ptII/ptolemy/actor/lib/test/auto/arrayType7.xml
1 ms. Memory: 598016K Free: 299403K (50%)
----------------- Invoking toplevel() on ptolemy.moml.MoMLSimpleApplication@2fab5753
----------------- Done invoking toplevel() on ptolemy.moml.MoMLSimpleApplication@2fab5753
reloadAllAccessors: .arrayType7

===========================================================================================
----------------- testing Sat Jul 06 06:39:33 UTC 2019 /home/travis/build/icyphy/ptII/ptolemy/actor/lib/test/auto/arrayType8.xml
----------------- Instantiating /home/travis/build/icyphy/ptII/ptolemy/actor/lib/test/auto/arrayType8.xml
7 ms. Memory: 598016K Free: 294283K (49%)
----------------- Invoking toplevel() on ptolemy.moml.MoMLSimpleApplication@4bf8ee73
----------------- Done invoking toplevel() on ptolemy.moml.MoMLSimpleApplication@4bf8ee73
reloadAllAccessors: .arrayType8

===========================================================================================
----------------- testing Sat Jul 06 06:39:33 UTC 2019 /home/travis/build/icyphy/ptII/ptolemy/actor/lib/test/auto/arrayType9.xml
----------------- Instantiating /home/travis/build/icyphy/ptII/ptolemy/actor/lib/test/auto/arrayType9.xml
2 ms. Memory: 598016K Free: 289677K (48%)
----------------- Invoking toplevel() on ptolemy.moml.MoMLSimpleApplication@5cc9bcff
----------------- Done invoking toplevel() on ptolemy.moml.MoMLSimpleApplication@5cc9bcff
reloadAllAccessors: .arrayType9

===========================================================================================
----------------- testing Sat Jul 06 06:39:33 UTC 2019 /home/travis/build/icyphy/ptII/ptolemy/actor/lib/test/auto/cast.xml
----------------- Instantiating /home/travis/build/icyphy/ptII/ptolemy/actor/lib/test/auto/cast.xml
2 ms. Memory: 598016K Free: 284557K (48%)
----------------- Invoking toplevel() on ptolemy.moml.MoMLSimpleApplication@4fa7e2a2
----------------- Done invoking toplevel() on ptolemy.moml.MoMLSimpleApplication@4fa7e2a2
reloadAllAccessors: .cast

===========================================================================================
----------------- testing Sat Jul 06 06:39:33 UTC 2019 /home/travis/build/icyphy/ptII/ptolemy/actor/lib/test/auto/compositeMultiPort.xml
----------------- Instantiating /home/travis/build/icyphy/ptII/ptolemy/actor/lib/test/auto/compositeMultiPort.xml
4 ms. Memory: 598016K Free: 275837K (46%)
----------------- Invoking toplevel() on ptolemy.moml.MoMLSimpleApplication@f17abf0
----------------- Done invoking toplevel() on ptolemy.moml.MoMLSimpleApplication@f17abf0
reloadAllAccessors: .compositeMultiPort

===========================================================================================
----------------- testing Sat Jul 06 06:39:33 UTC 2019 /home/travis/build/icyphy/ptII/ptolemy/actor/lib/test/auto/expressionCastInference.xml
----------------- Instantiating /home/travis/build/icyphy/ptII/ptolemy/actor/lib/test/auto/expressionCastInference.xml
2 ms. Memory: 598016K Free: 270731K (45%)
----------------- Invoking toplevel() on ptolemy.moml.MoMLSimpleApplication@345642ce
----------------- Done invoking toplevel() on ptolemy.moml.MoMLSimpleApplication@345642ce
reloadAllAccessors: .expressionCastInference

===========================================================================================
----------------- testing Sat Jul 06 06:39:33 UTC 2019 /home/travis/build/icyphy/ptII/ptolemy/actor/lib/test/auto/expressionCastInference2.xml
----------------- Instantiating /home/travis/build/icyphy/ptII/ptolemy/actor/lib/test/auto/expressionCastInference2.xml
5 ms. Memory: 598016K Free: 266125K (45%)
----------------- Invoking toplevel() on ptolemy.moml.MoMLSimpleApplication@1b35256f
----------------- Done invoking toplevel() on ptolemy.moml.MoMLSimpleApplication@1b35256f
reloadAllAccessors: .expressionCastInference2

===========================================================================================
----------------- testing Sat Jul 06 06:39:33 UTC 2019 /home/travis/build/icyphy/ptII/ptolemy/actor/lib/test/auto/expressionInference.xml
----------------- Instantiating /home/travis/build/icyphy/ptII/ptolemy/actor/lib/test/auto/expressionInference.xml
1 ms. Memory: 598016K Free: 262029K (44%)
----------------- Invoking toplevel() on ptolemy.moml.MoMLSimpleApplication@764b8b87
----------------- Done invoking toplevel() on ptolemy.moml.MoMLSimpleApplication@764b8b87
reloadAllAccessors: .expressionInference

===========================================================================================
----------------- testing Sat Jul 06 06:39:33 UTC 2019 /home/travis/build/icyphy/ptII/ptolemy/actor/lib/test/auto/expression_bug.xml
----------------- Instantiating /home/travis/build/icyphy/ptII/ptolemy/actor/lib/test/auto/expression_bug.xml
1 ms. Memory: 598016K Free: 257419K (43%)
----------------- Invoking toplevel() on ptolemy.moml.MoMLSimpleApplication@5fadd7d1
----------------- Done invoking toplevel() on ptolemy.moml.MoMLSimpleApplication@5fadd7d1
reloadAllAccessors: .expression_bug

===========================================================================================
----------------- testing Sat Jul 06 06:39:33 UTC 2019 /home/travis/build/icyphy/ptII/ptolemy/actor/lib/test/auto/factorial.xml
----------------- Instantiating /home/travis/build/icyphy/ptII/ptolemy/actor/lib/test/auto/factorial.xml
30 ms. Memory: 598016K Free: 249227K (42%)
----------------- Invoking toplevel() on ptolemy.moml.MoMLSimpleApplication@60b9070c
----------------- Done invoking toplevel() on ptolemy.moml.MoMLSimpleApplication@60b9070c
reloadAllAccessors: .factorial

===========================================================================================
----------------- testing Sat Jul 06 06:39:33 UTC 2019 /home/travis/build/icyphy/ptII/ptolemy/actor/lib/test/auto/filterTest1.xml
----------------- Instantiating /home/travis/build/icyphy/ptII/ptolemy/actor/lib/test/auto/filterTest1.xml
3 ms. Memory: 598016K Free: 243069K (41%)
----------------- Invoking toplevel() on ptolemy.moml.MoMLSimpleApplication@4ca58aef
----------------- Done invoking toplevel() on ptolemy.moml.MoMLSimpleApplication@4ca58aef
reloadAllAccessors: .filterTest1

===========================================================================================
----------------- testing Sat Jul 06 06:39:33 UTC 2019 /home/travis/build/icyphy/ptII/ptolemy/actor/lib/test/auto/funcApplyInConst.xml
----------------- Instantiating /home/travis/build/icyphy/ptII/ptolemy/actor/lib/test/auto/funcApplyInConst.xml
1 ms. Memory: 598016K Free: 239501K (40%)
----------------- Invoking toplevel() on ptolemy.moml.MoMLSimpleApplication@63be94d2
----------------- Done invoking toplevel() on ptolemy.moml.MoMLSimpleApplication@63be94d2
reloadAllAccessors: .funcApplyInConst

===========================================================================================
----------------- testing Sat Jul 06 06:39:33 UTC 2019 /home/travis/build/icyphy/ptII/ptolemy/actor/lib/test/auto/funcApplyInExpr.xml
----------------- Instantiating /home/travis/build/icyphy/ptII/ptolemy/actor/lib/test/auto/funcApplyInExpr.xml
1 ms. Memory: 598016K Free: 235405K (39%)
----------------- Invoking toplevel() on ptolemy.moml.MoMLSimpleApplication@49053fa6
----------------- Done invoking toplevel() on ptolemy.moml.MoMLSimpleApplication@49053fa6
reloadAllAccessors: .funcApplyInExpr

===========================================================================================
----------------- testing Sat Jul 06 06:39:33 UTC 2019 /home/travis/build/icyphy/ptII/ptolemy/actor/lib/test/auto/function.xml
----------------- Instantiating /home/travis/build/icyphy/ptII/ptolemy/actor/lib/test/auto/function.xml
2 ms. Memory: 598016K Free: 230795K (39%)
----------------- Invoking toplevel() on ptolemy.moml.MoMLSimpleApplication@bd55f79
----------------- Done invoking toplevel() on ptolemy.moml.MoMLSimpleApplication@bd55f79
reloadAllAccessors: .function

===========================================================================================
----------------- testing Sat Jul 06 06:39:33 UTC 2019 /home/travis/build/icyphy/ptII/ptolemy/actor/lib/test/auto/function2.xml
----------------- Instantiating /home/travis/build/icyphy/ptII/ptolemy/actor/lib/test/auto/function2.xml
1 ms. Memory: 598016K Free: 225675K (38%)
----------------- Invoking toplevel() on ptolemy.moml.MoMLSimpleApplication@f6c1f98
----------------- Done invoking toplevel() on ptolemy.moml.MoMLSimpleApplication@f6c1f98
reloadAllAccessors: .function2

===========================================================================================
----------------- testing Sat Jul 06 06:39:33 UTC 2019 /home/travis/build/icyphy/ptII/ptolemy/actor/lib/test/auto/function3.xml
----------------- Instantiating /home/travis/build/icyphy/ptII/ptolemy/actor/lib/test/auto/function3.xml
2 ms. Memory: 598016K Free: 222093K (37%)
----------------- Invoking toplevel() on ptolemy.moml.MoMLSimpleApplication@2f7df1dc
----------------- Done invoking toplevel() on ptolemy.moml.MoMLSimpleApplication@2f7df1dc
reloadAllAccessors: .function3

===========================================================================================
----------------- testing Sat Jul 06 06:39:33 UTC 2019 /home/travis/build/icyphy/ptII/ptolemy/actor/lib/test/auto/functionClosureTest1.xml
----------------- Instantiating /home/travis/build/icyphy/ptII/ptolemy/actor/lib/test/auto/functionClosureTest1.xml
2 ms. Memory: 598016K Free: 215949K (36%)
----------------- Invoking toplevel() on ptolemy.moml.MoMLSimpleApplication@2abac752
----------------- Done invoking toplevel() on ptolemy.moml.MoMLSimpleApplication@2abac752
reloadAllAccessors: .functionClosureTest1

===========================================================================================
----------------- testing Sat Jul 06 06:39:33 UTC 2019 /home/travis/build/icyphy/ptII/ptolemy/actor/lib/test/auto/functionClosureTest2.xml
----------------- Instantiating /home/travis/build/icyphy/ptII/ptolemy/actor/lib/test/auto/functionClosureTest2.xml
2 ms. Memory: 598016K Free: 212363K (36%)
----------------- Invoking toplevel() on ptolemy.moml.MoMLSimpleApplication@10ac8859
----------------- Done invoking toplevel() on ptolemy.moml.MoMLSimpleApplication@10ac8859
reloadAllAccessors: .functionClosureTest2

===========================================================================================
----------------- testing Sat Jul 06 06:39:33 UTC 2019 /home/travis/build/icyphy/ptII/ptolemy/actor/lib/test/auto/functionClosureTest3.xml
----------------- Instantiating /home/travis/build/icyphy/ptII/ptolemy/actor/lib/test/auto/functionClosureTest3.xml
2 ms. Memory: 598016K Free: 207229K (35%)
----------------- Invoking toplevel() on ptolemy.moml.MoMLSimpleApplication@5bc5ce69
----------------- Done invoking toplevel() on ptolemy.moml.MoMLSimpleApplication@5bc5ce69
reloadAllAccessors: .functionClosureTest3

===========================================================================================
----------------- testing Sat Jul 06 06:39:33 UTC 2019 /home/travis/build/icyphy/ptII/ptolemy/actor/lib/test/auto/functionClosureTest4.xml
----------------- Instantiating /home/travis/build/icyphy/ptII/ptolemy/actor/lib/test/auto/functionClosureTest4.xml
4 ms. Memory: 598016K Free: 200589K (34%)
----------------- Invoking toplevel() on ptolemy.moml.MoMLSimpleApplication@56902726
----------------- Done invoking toplevel() on ptolemy.moml.MoMLSimpleApplication@56902726
reloadAllAccessors: .functionClosureTest4

===========================================================================================
----------------- testing Sat Jul 06 06:39:34 UTC 2019 /home/travis/build/icyphy/ptII/ptolemy/actor/lib/test/auto/functionClosureTest5.xml
----------------- Instantiating /home/travis/build/icyphy/ptII/ptolemy/actor/lib/test/auto/functionClosureTest5.xml
5 ms. Memory: 598016K Free: 195469K (33%)
----------------- Invoking toplevel() on ptolemy.moml.MoMLSimpleApplication@6a7e2143
----------------- Done invoking toplevel() on ptolemy.moml.MoMLSimpleApplication@6a7e2143
reloadAllAccessors: .functionClosureTest5

===========================================================================================
----------------- testing Sat Jul 06 06:39:34 UTC 2019 /home/travis/build/icyphy/ptII/ptolemy/actor/lib/test/auto/functionClosureTest6.xml
----------------- Instantiating /home/travis/build/icyphy/ptII/ptolemy/actor/lib/test/auto/functionClosureTest6.xml
2 ms. Memory: 598016K Free: 542081K (91%)
----------------- Invoking toplevel() on ptolemy.moml.MoMLSimpleApplication@76695b44
----------------- Done invoking toplevel() on ptolemy.moml.MoMLSimpleApplication@76695b44
reloadAllAccessors: .functionClosureTest6

===========================================================================================
----------------- testing Sat Jul 06 06:39:34 UTC 2019 /home/travis/build/icyphy/ptII/ptolemy/actor/lib/test/auto/functionsOnArcs.xml
----------------- Instantiating /home/travis/build/icyphy/ptII/ptolemy/actor/lib/test/auto/functionsOnArcs.xml
2 ms. Memory: 598016K Free: 536961K (90%)
----------------- Invoking toplevel() on ptolemy.moml.MoMLSimpleApplication@705b6ed5
----------------- Done invoking toplevel() on ptolemy.moml.MoMLSimpleApplication@705b6ed5
reloadAllAccessors: .functionsOnArcs

===========================================================================================
----------------- testing Sat Jul 06 06:39:34 UTC 2019 /home/travis/build/icyphy/ptII/ptolemy/actor/lib/test/auto/functionsOnArcsHOF.xml
----------------- Instantiating /home/travis/build/icyphy/ptII/ptolemy/actor/lib/test/auto/functionsOnArcsHOF.xml
13 ms. Memory: 598016K Free: 530817K (89%)
----------------- Invoking toplevel() on ptolemy.moml.MoMLSimpleApplication@5f8de48c
----------------- Done invoking toplevel() on ptolemy.moml.MoMLSimpleApplication@5f8de48c
reloadAllAccessors: .functionsOnArcsHOF

===========================================================================================
----------------- testing Sat Jul 06 06:39:34 UTC 2019 /home/travis/build/icyphy/ptII/ptolemy/actor/lib/test/auto/logic.xml
----------------- Instantiating /home/travis/build/icyphy/ptII/ptolemy/actor/lib/test/auto/logic.xml
2 ms. Memory: 598016K Free: 523649K (88%)
----------------- Invoking toplevel() on ptolemy.moml.MoMLSimpleApplication@e117443
----------------- Done invoking toplevel() on ptolemy.moml.MoMLSimpleApplication@e117443
reloadAllAccessors: .logic

===========================================================================================
----------------- testing Sat Jul 06 06:39:34 UTC 2019 /home/travis/build/icyphy/ptII/ptolemy/actor/lib/test/auto/matrixType.xml
----------------- Instantiating /home/travis/build/icyphy/ptII/ptolemy/actor/lib/test/auto/matrixType.xml
2 ms. Memory: 598016K Free: 518529K (87%)
----------------- Invoking toplevel() on ptolemy.moml.MoMLSimpleApplication@610edc72
----------------- Done invoking toplevel() on ptolemy.moml.MoMLSimpleApplication@610edc72
reloadAllAccessors: .matrixType

===========================================================================================
----------------- testing Sat Jul 06 06:39:34 UTC 2019 /home/travis/build/icyphy/ptII/ptolemy/actor/lib/test/auto/matrixType10.xml
----------------- Instantiating /home/travis/build/icyphy/ptII/ptolemy/actor/lib/test/auto/matrixType10.xml
8 ms. Memory: 598016K Free: 513919K (86%)
----------------- Invoking toplevel() on ptolemy.moml.MoMLSimpleApplication@330d8465
----------------- Done invoking toplevel() on ptolemy.moml.MoMLSimpleApplication@330d8465
reloadAllAccessors: .matrixType10

===========================================================================================
----------------- testing Sat Jul 06 06:39:34 UTC 2019 /home/travis/build/icyphy/ptII/ptolemy/actor/lib/test/auto/matrixType11.xml
----------------- Instantiating /home/travis/build/icyphy/ptII/ptolemy/actor/lib/test/auto/matrixType11.xml
2 ms. Memory: 598016K Free: 508799K (85%)
----------------- Invoking toplevel() on ptolemy.moml.MoMLSimpleApplication@59ea8715
----------------- Done invoking toplevel() on ptolemy.moml.MoMLSimpleApplication@59ea8715
reloadAllAccessors: .matrixType11

===========================================================================================
----------------- testing Sat Jul 06 06:39:34 UTC 2019 /home/travis/build/icyphy/ptII/ptolemy/actor/lib/test/auto/matrixType12.xml
----------------- Instantiating /home/travis/build/icyphy/ptII/ptolemy/actor/lib/test/auto/matrixType12.xml
2 ms. Memory: 598016K Free: 504193K (84%)
----------------- Invoking toplevel() on ptolemy.moml.MoMLSimpleApplication@66b3d31c
----------------- Done invoking toplevel() on ptolemy.moml.MoMLSimpleApplication@66b3d31c
reloadAllAccessors: .matrixType12

===========================================================================================
----------------- testing Sat Jul 06 06:39:34 UTC 2019 /home/travis/build/icyphy/ptII/ptolemy/actor/lib/test/auto/matrixType13.xml
----------------- Instantiating /home/travis/build/icyphy/ptII/ptolemy/actor/lib/test/auto/matrixType13.xml
1 ms. Memory: 598016K Free: 499073K (83%)
----------------- Invoking toplevel() on ptolemy.moml.MoMLSimpleApplication@421d1b39
----------------- Done invoking toplevel() on ptolemy.moml.MoMLSimpleApplication@421d1b39
reloadAllAccessors: .matrixType13

===========================================================================================
----------------- testing Sat Jul 06 06:39:34 UTC 2019 /home/travis/build/icyphy/ptII/ptolemy/actor/lib/test/auto/matrixType14.xml
----------------- Instantiating /home/travis/build/icyphy/ptII/ptolemy/actor/lib/test/auto/matrixType14.xml
2 ms. Memory: 598016K Free: 494463K (83%)
----------------- Invoking toplevel() on ptolemy.moml.MoMLSimpleApplication@7f48fc73
----------------- Done invoking toplevel() on ptolemy.moml.MoMLSimpleApplication@7f48fc73
reloadAllAccessors: .matrixType14

===========================================================================================
----------------- testing Sat Jul 06 06:39:34 UTC 2019 /home/travis/build/icyphy/ptII/ptolemy/actor/lib/test/auto/matrixType2.xml
----------------- Instantiating /home/travis/build/icyphy/ptII/ptolemy/actor/lib/test/auto/matrixType2.xml
2 ms. Memory: 598016K Free: 489343K (82%)
----------------- Invoking toplevel() on ptolemy.moml.MoMLSimpleApplication@50f0ef3a
----------------- Done invoking toplevel() on ptolemy.moml.MoMLSimpleApplication@50f0ef3a
reloadAllAccessors: .matrixType2

===========================================================================================
----------------- testing Sat Jul 06 06:39:34 UTC 2019 /home/travis/build/icyphy/ptII/ptolemy/actor/lib/test/auto/matrixType3.xml
----------------- Instantiating /home/travis/build/icyphy/ptII/ptolemy/actor/lib/test/auto/matrixType3.xml
5 ms. Memory: 598016K Free: 484737K (81%)
----------------- Invoking toplevel() on ptolemy.moml.MoMLSimpleApplication@378702b2
----------------- Done invoking toplevel() on ptolemy.moml.MoMLSimpleApplication@378702b2
reloadAllAccessors: .matrixType3

===========================================================================================
----------------- testing Sat Jul 06 06:39:34 UTC 2019 /home/travis/build/icyphy/ptII/ptolemy/actor/lib/test/auto/matrixType4.xml
----------------- Instantiating /home/travis/build/icyphy/ptII/ptolemy/actor/lib/test/auto/matrixType4.xml
1 ms. Memory: 598016K Free: 479617K (80%)
----------------- Invoking toplevel() on ptolemy.moml.MoMLSimpleApplication@3d2664a7
----------------- Done invoking toplevel() on ptolemy.moml.MoMLSimpleApplication@3d2664a7
reloadAllAccessors: .matrixType4

===========================================================================================
----------------- testing Sat Jul 06 06:39:34 UTC 2019 /home/travis/build/icyphy/ptII/ptolemy/actor/lib/test/auto/matrixType5.xml
----------------- Instantiating /home/travis/build/icyphy/ptII/ptolemy/actor/lib/test/auto/matrixType5.xml
1 ms. Memory: 598016K Free: 475007K (79%)
----------------- Invoking toplevel() on ptolemy.moml.MoMLSimpleApplication@e368271
----------------- Done invoking toplevel() on ptolemy.moml.MoMLSimpleApplication@e368271
reloadAllAccessors: .matrixType5

===========================================================================================
----------------- testing Sat Jul 06 06:39:34 UTC 2019 /home/travis/build/icyphy/ptII/ptolemy/actor/lib/test/auto/matrixType6.xml
----------------- Instantiating /home/travis/build/icyphy/ptII/ptolemy/actor/lib/test/auto/matrixType6.xml
1 ms. Memory: 598016K Free: 469887K (79%)
----------------- Invoking toplevel() on ptolemy.moml.MoMLSimpleApplication@1370639
----------------- Done invoking toplevel() on ptolemy.moml.MoMLSimpleApplication@1370639
reloadAllAccessors: .matrixType6

===========================================================================================
----------------- testing Sat Jul 06 06:39:34 UTC 2019 /home/travis/build/icyphy/ptII/ptolemy/actor/lib/test/auto/matrixType7.xml
----------------- Instantiating /home/travis/build/icyphy/ptII/ptolemy/actor/lib/test/auto/matrixType7.xml
2 ms. Memory: 598016K Free: 465281K (78%)
----------------- Invoking toplevel() on ptolemy.moml.MoMLSimpleApplication@54cbfa59
----------------- Done invoking toplevel() on ptolemy.moml.MoMLSimpleApplication@54cbfa59
reloadAllAccessors: .matrixType7

===========================================================================================
----------------- testing Sat Jul 06 06:39:34 UTC 2019 /home/travis/build/icyphy/ptII/ptolemy/actor/lib/test/auto/matrixType8.xml
----------------- Instantiating /home/travis/build/icyphy/ptII/ptolemy/actor/lib/test/auto/matrixType8.xml
2 ms. Memory: 598016K Free: 460161K (77%)
----------------- Invoking toplevel() on ptolemy.moml.MoMLSimpleApplication@388c751a
----------------- Done invoking toplevel() on ptolemy.moml.MoMLSimpleApplication@388c751a
reloadAllAccessors: .matrixType8

===========================================================================================
----------------- testing Sat Jul 06 06:39:34 UTC 2019 /home/travis/build/icyphy/ptII/ptolemy/actor/lib/test/auto/matrixType9.xml
----------------- Instantiating /home/travis/build/icyphy/ptII/ptolemy/actor/lib/test/auto/matrixType9.xml
1 ms. Memory: 598016K Free: 455551K (76%)
----------------- Invoking toplevel() on ptolemy.moml.MoMLSimpleApplication@44de7e43
----------------- Done invoking toplevel() on ptolemy.moml.MoMLSimpleApplication@44de7e43
reloadAllAccessors: .matrixType9

===========================================================================================
----------------- testing Sat Jul 06 06:39:34 UTC 2019 /home/travis/build/icyphy/ptII/ptolemy/actor/lib/test/auto/paraFunctest.xml
----------------- Instantiating /home/travis/build/icyphy/ptII/ptolemy/actor/lib/test/auto/paraFunctest.xml
2 ms. Memory: 598016K Free: 451455K (75%)
----------------- Invoking toplevel() on ptolemy.moml.MoMLSimpleApplication@324db3e8
----------------- Done invoking toplevel() on ptolemy.moml.MoMLSimpleApplication@324db3e8
reloadAllAccessors: .paraFunctest

===========================================================================================
----------------- testing Sat Jul 06 06:39:34 UTC 2019 /home/travis/build/icyphy/ptII/ptolemy/actor/lib/test/auto/paraFunctest2.xml
----------------- Instantiating /home/travis/build/icyphy/ptII/ptolemy/actor/lib/test/auto/paraFunctest2.xml
1 ms. Memory: 598016K Free: 446335K (75%)
----------------- Invoking toplevel() on ptolemy.moml.MoMLSimpleApplication@609b885e
----------------- Done invoking toplevel() on ptolemy.moml.MoMLSimpleApplication@609b885e
reloadAllAccessors: .paraFunctest2

===========================================================================================
----------------- testing Sat Jul 06 06:39:34 UTC 2019 /home/travis/build/icyphy/ptII/ptolemy/actor/lib/test/auto/parameterPassing.xml
----------------- Instantiating /home/travis/build/icyphy/ptII/ptolemy/actor/lib/test/auto/parameterPassing.xml
1 ms. Memory: 598016K Free: 442239K (74%)
----------------- Invoking toplevel() on ptolemy.moml.MoMLSimpleApplication@1567294c
----------------- Done invoking toplevel() on ptolemy.moml.MoMLSimpleApplication@1567294c
reloadAllAccessors: .parameterPassing

===========================================================================================
----------------- testing Sat Jul 06 06:39:34 UTC 2019 /home/travis/build/icyphy/ptII/ptolemy/actor/lib/test/auto/record.xml
----------------- Instantiating /home/travis/build/icyphy/ptII/ptolemy/actor/lib/test/auto/record.xml
3 ms. Memory: 598016K Free: 437119K (73%)
----------------- Invoking toplevel() on ptolemy.moml.MoMLSimpleApplication@5fcf3753
----------------- Done invoking toplevel() on ptolemy.moml.MoMLSimpleApplication@5fcf3753
reloadAllAccessors: .record

===========================================================================================
----------------- testing Sat Jul 06 06:39:34 UTC 2019 /home/travis/build/icyphy/ptII/ptolemy/actor/lib/test/auto/sizedarray1.xml
----------------- Instantiating /home/travis/build/icyphy/ptII/ptolemy/actor/lib/test/auto/sizedarray1.xml
2 ms. Memory: 598016K Free: 431999K (72%)
----------------- Invoking toplevel() on ptolemy.moml.MoMLSimpleApplication@7d91d39d
----------------- Done invoking toplevel() on ptolemy.moml.MoMLSimpleApplication@7d91d39d
reloadAllAccessors: .sizedarray1

===========================================================================================
----------------- testing Sat Jul 06 06:39:34 UTC 2019 /home/travis/build/icyphy/ptII/ptolemy/actor/lib/test/auto/sizedarray2.xml
----------------- Instantiating /home/travis/build/icyphy/ptII/ptolemy/actor/lib/test/auto/sizedarray2.xml
3 ms. Memory: 598016K Free: 426369K (71%)
----------------- Invoking toplevel() on ptolemy.moml.MoMLSimpleApplication@31eb9e80
----------------- Done invoking toplevel() on ptolemy.moml.MoMLSimpleApplication@31eb9e80
reloadAllAccessors: .sizedarray2

===========================================================================================
----------------- testing Sat Jul 06 06:39:34 UTC 2019 /home/travis/build/icyphy/ptII/ptolemy/actor/lib/test/auto/twoPublishers.xml
----------------- Instantiating /home/travis/build/icyphy/ptII/ptolemy/actor/lib/test/auto/twoPublishers.xml
2 ms. Memory: 598016K Free: 416129K (70%)
----------------- Invoking toplevel() on ptolemy.moml.MoMLSimpleApplication@3d8a4d83
----------------- Done invoking toplevel() on ptolemy.moml.MoMLSimpleApplication@3d8a4d83
reloadAllAccessors: .twoPublishers
AutoTests.java: About to close Vertx.
AutoTests.java: Vertx closed.
]]></system-out>
  <system-err><![CDATA[java.lang.RuntimeException: Execution failed
	at ptolemy.moml.MoMLSimpleApplication$UnloadThread.run(MoMLSimpleApplication.java:402)
Caused by: java.lang.RuntimeException: StringUtilities.exit() was called. Normally, we would exit here because Manager.exitAfterWrapup() was called.  However, because the ptolemy.ptII.exitAfterWrapup property is set, we throw this exception instead.
	at ptolemy.util.StringUtilities.exit(StringUtilities.java:363)
	at ptolemy.actor.Manager.wrapup(Manager.java:1531)
	at ptolemy.actor.Manager.execute(Manager.java:407)
	at ptolemy.actor.Manager.run(Manager.java:1263)
	at ptolemy.actor.Manager$PtolemyRunThread.run(Manager.java:1915)
Warning: '.top.test' is in training mode, set the trainingMode parameter to false before checking in
Warning: '.top.test' is in training mode, set the trainingMode parameter to false before checking in
Warning: '.top.test' is in training mode, set the trainingMode parameter to false before checking in
Warning: '.BooleanSwitch_RegressionTest_WrongTrainingValues.Test' is in training mode, set the trainingMode parameter to false before checking in
Warning: '.BooleanSwitch_RegressionTest_WrongTrainingValues.Test2' is in training mode, set the trainingMode parameter to false before checking in
Warning: '.BooleanSwitch_RegressionTest_WrongTrainingValues.Test2' The test produced 0 tokens.
Warning: '.top.testExceptionHandler' is in training mode, set the trainingMode parameter to false before checking in
java.lang.RuntimeException: Execution failed
	at ptolemy.moml.MoMLSimpleApplication$UnloadThread.run(MoMLSimpleApplication.java:402)
Caused by: ptolemy.kernel.util.IllegalActionException: PublisherPorts cannot be used at the top level, use a Publisher actor instead.
  in .PublisherPortToplevelSubscriber.PublisherPort
	at ptolemy.actor.PublisherPort.preinitialize(PublisherPort.java:403)
	at ptolemy.actor.CompositeActor.preinitialize(CompositeActor.java:1769)
	at ptolemy.actor.Manager.preinitializeAndResolveTypes(Manager.java:1040)
	at ptolemy.actor.Manager.initialize(Manager.java:710)
	at ptolemy.actor.Manager.execute(Manager.java:356)
	at ptolemy.actor.Manager.run(Manager.java:1263)
	at ptolemy.actor.Manager$PtolemyRunThread.run(Manager.java:1915)
java.lang.reflect.InvocationTargetException
	at java.base/jdk.internal.reflect.NativeConstructorAccessorImpl.newInstance0(Native Method)
	at java.base/jdk.internal.reflect.NativeConstructorAccessorImpl.newInstance(NativeConstructorAccessorImpl.java:62)
	at java.base/jdk.internal.reflect.DelegatingConstructorAccessorImpl.newInstance(DelegatingConstructorAccessorImpl.java:45)
	at java.base/java.lang.reflect.Constructor.newInstance(Constructor.java:490)
	at ptolemy.util.test.junit.AutoKnownFailedTests.RunModel(AutoKnownFailedTests.java:105)
	at java.base/jdk.internal.reflect.NativeMethodAccessorImpl.invoke0(Native Method)
	at java.base/jdk.internal.reflect.NativeMethodAccessorImpl.invoke(NativeMethodAccessorImpl.java:62)
	at java.base/jdk.internal.reflect.DelegatingMethodAccessorImpl.invoke(DelegatingMethodAccessorImpl.java:43)
	at java.base/java.lang.reflect.Method.invoke(Method.java:566)
	at org.junit.runners.model.FrameworkMethod$1.runReflectiveCall(FrameworkMethod.java:44)
	at org.junit.internal.runners.model.ReflectiveCallable.run(ReflectiveCallable.java:15)
	at org.junit.runners.model.FrameworkMethod.invokeExplosively(FrameworkMethod.java:41)
	at junitparams.internal.InvokeParameterisedMethod.evaluate(InvokeParameterisedMethod.java:102)
	at org.junit.internal.runners.statements.FailOnTimeout$1.run(FailOnTimeout.java:28)
Caused by: ptolemy.kernel.util.IllegalActionException: PublisherPorts cannot be used at the top level, use a Publisher actor instead.
  in .PublisherPortToplevelSubscriber.PublisherPort
	at ptolemy.actor.PublisherPort.preinitialize(PublisherPort.java:403)
	at ptolemy.actor.CompositeActor.preinitialize(CompositeActor.java:1769)
	at ptolemy.actor.Manager.preinitializeAndResolveTypes(Manager.java:1040)
	at ptolemy.actor.Manager.initialize(Manager.java:710)
	at ptolemy.actor.Manager.execute(Manager.java:356)
	at ptolemy.actor.Manager.run(Manager.java:1263)
	at ptolemy.actor.Manager$PtolemyRunThread.run(Manager.java:1915)
java.lang.RuntimeException: Execution failed
	at ptolemy.moml.MoMLSimpleApplication$UnloadThread.run(MoMLSimpleApplication.java:402)
Caused by: ptolemy.kernel.util.IllegalActionException: SubscriberPorts cannot be used at the top level, use a Subscriber actor instead.
  in .PublisherSubscriberPortToplevel.SubscriberPort
	at ptolemy.actor.SubscriberPort.preinitialize(SubscriberPort.java:328)
	at ptolemy.actor.CompositeActor.preinitialize(CompositeActor.java:1769)
	at ptolemy.actor.Manager.preinitializeAndResolveTypes(Manager.java:1040)
	at ptolemy.actor.Manager.initialize(Manager.java:710)
	at ptolemy.actor.Manager.execute(Manager.java:356)
	at ptolemy.actor.Manager.run(Manager.java:1263)
	at ptolemy.actor.Manager$PtolemyRunThread.run(Manager.java:1915)
java.lang.reflect.InvocationTargetException
	at java.base/jdk.internal.reflect.NativeConstructorAccessorImpl.newInstance0(Native Method)
	at java.base/jdk.internal.reflect.NativeConstructorAccessorImpl.newInstance(NativeConstructorAccessorImpl.java:62)
	at java.base/jdk.internal.reflect.DelegatingConstructorAccessorImpl.newInstance(DelegatingConstructorAccessorImpl.java:45)
	at java.base/java.lang.reflect.Constructor.newInstance(Constructor.java:490)
	at ptolemy.util.test.junit.AutoKnownFailedTests.RunModel(AutoKnownFailedTests.java:105)
	at java.base/jdk.internal.reflect.NativeMethodAccessorImpl.invoke0(Native Method)
	at java.base/jdk.internal.reflect.NativeMethodAccessorImpl.invoke(NativeMethodAccessorImpl.java:62)
	at java.base/jdk.internal.reflect.DelegatingMethodAccessorImpl.invoke(DelegatingMethodAccessorImpl.java:43)
	at java.base/java.lang.reflect.Method.invoke(Method.java:566)
	at org.junit.runners.model.FrameworkMethod$1.runReflectiveCall(FrameworkMethod.java:44)
	at org.junit.internal.runners.model.ReflectiveCallable.run(ReflectiveCallable.java:15)
	at org.junit.runners.model.FrameworkMethod.invokeExplosively(FrameworkMethod.java:41)
	at junitparams.internal.InvokeParameterisedMethod.evaluate(InvokeParameterisedMethod.java:102)
	at org.junit.internal.runners.statements.FailOnTimeout$1.run(FailOnTimeout.java:28)
Caused by: ptolemy.kernel.util.IllegalActionException: SubscriberPorts cannot be used at the top level, use a Subscriber actor instead.
  in .PublisherSubscriberPortToplevel.SubscriberPort
	at ptolemy.actor.SubscriberPort.preinitialize(SubscriberPort.java:328)
	at ptolemy.actor.CompositeActor.preinitialize(CompositeActor.java:1769)
	at ptolemy.actor.Manager.preinitializeAndResolveTypes(Manager.java:1040)
	at ptolemy.actor.Manager.initialize(Manager.java:710)
	at ptolemy.actor.Manager.execute(Manager.java:356)
	at ptolemy.actor.Manager.run(Manager.java:1263)
	at ptolemy.actor.Manager$PtolemyRunThread.run(Manager.java:1915)
java.lang.RuntimeException: Execution failed
	at ptolemy.moml.MoMLSimpleApplication$UnloadThread.run(MoMLSimpleApplication.java:402)
Caused by: ptolemy.kernel.util.IllegalActionException: SubscriptionAggregatorPorts cannot be used at the top level, use a SubscriptionAggregator actor instead.
  in .PublisherSubscriptionAggregatorPort.SubscriptionAggregatorPort
	at ptolemy.actor.SubscriptionAggregatorPort.preinitialize(SubscriptionAggregatorPort.java:353)
	at ptolemy.actor.CompositeActor.preinitialize(CompositeActor.java:1769)
	at ptolemy.actor.Manager.preinitializeAndResolveTypes(Manager.java:1040)
	at ptolemy.actor.Manager.initialize(Manager.java:710)
	at ptolemy.actor.Manager.execute(Manager.java:356)
	at ptolemy.actor.Manager.run(Manager.java:1263)
	at ptolemy.actor.Manager$PtolemyRunThread.run(Manager.java:1915)
java.lang.reflect.InvocationTargetException
	at java.base/jdk.internal.reflect.NativeConstructorAccessorImpl.newInstance0(Native Method)
	at java.base/jdk.internal.reflect.NativeConstructorAccessorImpl.newInstance(NativeConstructorAccessorImpl.java:62)
	at java.base/jdk.internal.reflect.DelegatingConstructorAccessorImpl.newInstance(DelegatingConstructorAccessorImpl.java:45)
	at java.base/java.lang.reflect.Constructor.newInstance(Constructor.java:490)
	at ptolemy.util.test.junit.AutoKnownFailedTests.RunModel(AutoKnownFailedTests.java:105)
	at java.base/jdk.internal.reflect.NativeMethodAccessorImpl.invoke0(Native Method)
	at java.base/jdk.internal.reflect.NativeMethodAccessorImpl.invoke(NativeMethodAccessorImpl.java:62)
	at java.base/jdk.internal.reflect.DelegatingMethodAccessorImpl.invoke(DelegatingMethodAccessorImpl.java:43)
	at java.base/java.lang.reflect.Method.invoke(Method.java:566)
	at org.junit.runners.model.FrameworkMethod$1.runReflectiveCall(FrameworkMethod.java:44)
	at org.junit.internal.runners.model.ReflectiveCallable.run(ReflectiveCallable.java:15)
	at org.junit.runners.model.FrameworkMethod.invokeExplosively(FrameworkMethod.java:41)
	at junitparams.internal.InvokeParameterisedMethod.evaluate(InvokeParameterisedMethod.java:102)
	at org.junit.internal.runners.statements.FailOnTimeout$1.run(FailOnTimeout.java:28)
Caused by: ptolemy.kernel.util.IllegalActionException: SubscriptionAggregatorPorts cannot be used at the top level, use a SubscriptionAggregator actor instead.
  in .PublisherSubscriptionAggregatorPort.SubscriptionAggregatorPort
	at ptolemy.actor.SubscriptionAggregatorPort.preinitialize(SubscriptionAggregatorPort.java:353)
	at ptolemy.actor.CompositeActor.preinitialize(CompositeActor.java:1769)
	at ptolemy.actor.Manager.preinitializeAndResolveTypes(Manager.java:1040)
	at ptolemy.actor.Manager.initialize(Manager.java:710)
	at ptolemy.actor.Manager.execute(Manager.java:356)
	at ptolemy.actor.Manager.run(Manager.java:1263)
	at ptolemy.actor.Manager$PtolemyRunThread.run(Manager.java:1915)
java.lang.RuntimeException: Execution failed
	at ptolemy.moml.MoMLSimpleApplication$UnloadThread.run(MoMLSimpleApplication.java:402)
Caused by: ptolemy.kernel.util.IllegalActionException: TypeTest actor has no training data.
  in .sizedarray3.TypeTest
	at ptolemy.actor.lib.TypeTest.initialize(TypeTest.java:250)
	at ptolemy.actor.Director.initialize(Director.java:938)
	at ptolemy.actor.Director.initialize(Director.java:907)
	at ptolemy.actor.sched.StaticSchedulingDirector.initialize(StaticSchedulingDirector.java:159)
	at ptolemy.domains.sdf.kernel.SDFDirector.initialize(SDFDirector.java:544)
	at ptolemy.actor.CompositeActor.initialize(CompositeActor.java:935)
	at ptolemy.actor.Manager.initialize(Manager.java:724)
	at ptolemy.actor.Manager.execute(Manager.java:356)
	at ptolemy.actor.Manager.run(Manager.java:1263)
	at ptolemy.actor.Manager$PtolemyRunThread.run(Manager.java:1915)
java.lang.reflect.InvocationTargetException
	at java.base/jdk.internal.reflect.NativeConstructorAccessorImpl.newInstance0(Native Method)
	at java.base/jdk.internal.reflect.NativeConstructorAccessorImpl.newInstance(NativeConstructorAccessorImpl.java:62)
	at java.base/jdk.internal.reflect.DelegatingConstructorAccessorImpl.newInstance(DelegatingConstructorAccessorImpl.java:45)
	at java.base/java.lang.reflect.Constructor.newInstance(Constructor.java:490)
	at ptolemy.util.test.junit.AutoKnownFailedTests.RunModel(AutoKnownFailedTests.java:105)
	at java.base/jdk.internal.reflect.NativeMethodAccessorImpl.invoke0(Native Method)
	at java.base/jdk.internal.reflect.NativeMethodAccessorImpl.invoke(NativeMethodAccessorImpl.java:62)
	at java.base/jdk.internal.reflect.DelegatingMethodAccessorImpl.invoke(DelegatingMethodAccessorImpl.java:43)
	at java.base/java.lang.reflect.Method.invoke(Method.java:566)
	at org.junit.runners.model.FrameworkMethod$1.runReflectiveCall(FrameworkMethod.java:44)
	at org.junit.internal.runners.model.ReflectiveCallable.run(ReflectiveCallable.java:15)
	at org.junit.runners.model.FrameworkMethod.invokeExplosively(FrameworkMethod.java:41)
	at junitparams.internal.InvokeParameterisedMethod.evaluate(InvokeParameterisedMethod.java:102)
	at org.junit.internal.runners.statements.FailOnTimeout$1.run(FailOnTimeout.java:28)
Caused by: ptolemy.kernel.util.IllegalActionException: TypeTest actor has no training data.
  in .sizedarray3.TypeTest
	at ptolemy.actor.lib.TypeTest.initialize(TypeTest.java:250)
	at ptolemy.actor.Director.initialize(Director.java:938)
	at ptolemy.actor.Director.initialize(Director.java:907)
	at ptolemy.actor.sched.StaticSchedulingDirector.initialize(StaticSchedulingDirector.java:159)
	at ptolemy.domains.sdf.kernel.SDFDirector.initialize(SDFDirector.java:544)
	at ptolemy.actor.CompositeActor.initialize(CompositeActor.java:935)
	at ptolemy.actor.Manager.initialize(Manager.java:724)
	at ptolemy.actor.Manager.execute(Manager.java:356)
	at ptolemy.actor.Manager.run(Manager.java:1263)
	at ptolemy.actor.Manager$PtolemyRunThread.run(Manager.java:1915)
java.lang.RuntimeException: Execution failed
	at ptolemy.moml.MoMLSimpleApplication$UnloadThread.run(MoMLSimpleApplication.java:402)
Caused by: ptolemy.kernel.util.IllegalActionException: Test fails in iteration 0.
Value was: "WARNING: An illegal reflective access operation has occurred\nWARNING: Illegal reflective access by io.netty.util.internal.ReflectionUtil (file:/home/travis/build/icyphy/ptII/lib/netty-common-4.1.19.Final.jar) to constructor java.nio.DirectByteBuffer(long,int)\nWARNING: Please consider reporting this to the maintainers of io.netty.util.internal.ReflectionUtil\nWARNING: Use --illegal-access=warn to enable warnings of further illegal reflective access operations\nWARNING: All illegal access operations will be denied in a future release\n". Should have been: ""
  in .ExecRunDemos.Test
	at ptolemy.actor.lib.Test.fire(Test.java:268)
	at ptolemy.actor.AtomicActor.iterate(AtomicActor.java:512)
	at ptolemy.actor.sched.StaticSchedulingDirector.fire(StaticSchedulingDirector.java:216)
	at ptolemy.domains.sdf.kernel.SDFDirector.fire(SDFDirector.java:500)
	at ptolemy.actor.CompositeActor.fire(CompositeActor.java:455)
	at ptolemy.actor.Manager.iterate(Manager.java:851)
	at ptolemy.actor.Manager.execute(Manager.java:369)
	at ptolemy.actor.Manager.run(Manager.java:1263)
	at ptolemy.actor.Manager$PtolemyRunThread.run(Manager.java:1915)
]]></system-err>
</testsuite>
