<?xml version="1.0" encoding="UTF-8" ?>
<testsuite errors="0" failures="0" hostname="travis-job-06cc4c31-cf55-42d6-8846-57173fa1b0df" name="ptolemy.actor.lib.test.junit.JUnitTclTest" skipped="0" tests="517" time="61.866" timestamp="2020-03-04T07:11:58">
  <properties>
    <property name="npm.executable" value="npm" />
    <property name="env.TRAVIS_ROOT" value="/" />
    <property name="ptII.mk.exists" value="true" />
    <property name="env.TRAVIS_APP_HOST" value="build.travis-ci.org" />
    <property name="env.rvm_bin_path" value="/home/travis/.rvm/bin" />
    <property name="java.home" value="/usr/local/lib/jvm/openjdk11" />
    <property name="env.TRAVIS_JOB_NUMBER" value="1544.8" />
    <property name="env.TRAVIS_HOME" value="/home/travis" />
    <property name="env.DISPLAY" value=":99.0" />
    <property name="env.TRAVIS_INIT" value="systemd" />
    <property name="env.SSH_TTY" value="/dev/pts/0" />
    <property name="java.net.preferIPv4Stack" value="true" />
    <property name="env.RUN_TESTS" value="true" />
    <property name="timeout.short" value="1000000" />
    <property name="junit.formatter" value="xml" />
    <property name="env.TRAVIS_SUDO" value="true" />
    <property name="env.TRAVIS_JOB_NAME" value="" />
    <property name="env.TRAVIS_STACK_NODE_ATTRIBUTES" value="/.node-attributes.yml" />
    <property name="env.LOGNAME" value="travis" />
    <property name="env.PT_TRAVIS_TEST_CORE1_XML" value="true" />
    <property name="jsdoc.home" value="node_modules/@terraswarm/jsdoc" />
    <property name="debuglevel" value="source,lines,vars" />
    <property name="checkstyle.formatter" value="xml" />
    <property name="env._system_version" value="16.04" />
    <property name="bin.vergil.makeable" value="true" />
    <property name="sun.os.patch.level" value="unknown" />
    <property name="java.vendor.url" value="http://java.oracle.com/" />
    <property name="env.TRAVIS_BUILD_WEB_URL" value="https://travis-ci.org/icyphy/ptII/builds/658080657" />
    <property name="java.version" value="11.0.2" />
    <property name="env.TZ" value="UTC" />
    <property name="env.TRAVIS_PULL_REQUEST_SHA" value="" />
    <property name="env.PT_NO_NET" value="true" />
    <property name="env.TRAVIS_SECURE_ENV_VARS" value="true" />
    <property name="env._system_type" value="Linux" />
    <property name="java.vendor.url.bug" value="http://bugreport.java.com/bugreport/" />
    <property name="npmjs-org-is-up" value="true" />
    <property name="env.LANGUAGE" value="en_US.UTF-8" />
    <property name="env.SSH_CLIENT" value="10.24.0.74 35548 22" />
    <property name="env.GEM_HOME" value="/home/travis/.rvm/gems/ruby-2.5.3" />
    <property name="env.HAS_ANTARES_THREE_LITTLE_FRONZIES_BADGE" value="true" />
    <property name="java.version.date" value="2019-01-15" />
    <property name="env.PS4" value="+" />
    <property name="ant.project.invoked-targets" value="build,test.core1.xml" />
    <property name="env.TRAVIS_PULL_REQUEST_BRANCH" value="" />
    <property name="env.TRAVIS_REPO_SLUG" value="icyphy/ptII" />
    <property name="env.XDG_DATA_DIRS" value="/usr/local/share:/usr/share:/var/lib/snapd/desktop" />
    <property name="jdk.debug" value="release" />
    <property name="env.TRAVIS_APT_PROXY" value="http://build-cache.travisci.net" />
    <property name="env.TRAVIS_CPU_ARCH" value="amd64" />
    <property name="node.in.path" value="true" />
    <property name="user.name" value="travis" />
    <property name="java.maxmemory" value="1400m" />
    <property name="env.RUBY_VERSION" value="ruby-2.5.3" />
    <property name="env.LANG" value="en_US.UTF-8" />
    <property name="sun.io.unicode.encoding" value="UnicodeLittle" />
    <property name="sun.jnu.encoding" value="UTF-8" />
    <property name="java.runtime.name" value="OpenJDK Runtime Environment" />
    <property name="usefile" value="false" />
    <property name="return.code" value="0" />
    <property name="junit.single.formatter" value="plain" />
    <property name="env.DYLD_LIBRARY_PATH" value="/home/travis/pthla/certi-tools/lib:" />
    <property name="env.DEBIAN_FRONTEND" value="noninteractive" />
    <property name="env.SSH_CONNECTION" value="10.24.0.74 35548 10.20.0.18 22" />
    <property name="env.MYSQL_UNIX_PORT" value="/var/run/mysqld/mysqld.sock" />
    <property name="env.LC_ALL" value="en_US.UTF-8" />
    <property name="env.TRAVIS_ALLOW_FAILURE" value="false" />
    <property name="env.TRAVIS_JOB_WEB_URL" value="https://travis-ci.org/icyphy/ptII/jobs/658080666" />
    <property name="java.specification.name" value="Java Platform API Specification" />
    <property name="node.works" value="true" />
    <property name="user.timezone" value="" />
    <property name="path.separator" value=":" />
    <property name="env.TRAVIS_ENABLE_INFRA_DETECTION" value="true" />
    <property name="env.PYTHON_CFLAGS" value="-g -fstack-protector --param=ssp-buffer-size=4 -Wformat -Werror=format-security" />
    <property name="timeout.long" value="4000000" />
    <property name="env.CERTI_HOME" value="/home/travis/pthla/certi-tools" />
    <property name="ant.file.ptII" value="/home/travis/build/icyphy/ptII/build.xml" />
    <property name="javadoc.packagenames" value="com.*,diva.*,lbnl.*,org.hlacerti.*,org.json.*,org.ptolemy.*,org.terraswarm.*,ptolemy.*,ptserver.*" />
    <property name="file.encoding" value="UTF-8" />
    <property name="env.TRAVIS_PULL_REQUEST_SLUG" value="" />
    <property name="ant.project.default-target" value="build" />
    <property name="env.GIT_ASKPASS" value="echo" />
    <property name="env.HOME" value="/home/travis" />
    <property name="sun.java.command" value="org.apache.tools.ant.taskdefs.optional.junit.JUnitTestRunner ptolemy.actor.lib.test.junit.JUnitTclTest skipNonTests=false filtertrace=true haltOnError=false haltOnFailure=false formatter=org.apache.tools.ant.taskdefs.optional.junit.OutErrSummaryJUnitResultFormatter showoutput=true outputtoformatters=true logfailedtests=true threadid=0 logtestlistenerevents=false formatter=org.apache.tools.ant.taskdefs.optional.junit.XMLJUnitResultFormatter,/home/travis/build/icyphy/ptII/reports/junit/TEST-ptolemy.actor.lib.test.junit.JUnitTclTest.xml crashfile=/home/travis/build/icyphy/ptII/junitvmwatcher5887174424403323673.properties propsfile=/home/travis/build/icyphy/ptII/junit9774931524337677978.properties" />
    <property name="env.COMPOSER_NO_INTERACTION" value="1" />
    <property name="env.MANPATH" value="/home/travis/.nvm/versions/node/v7.10.1/share/man:/home/travis/.rvm/rubies/ruby-2.5.3/share/man:/usr/local/cmake-3.12.4/man:/usr/local/clang-7.0.0/share/man:/usr/local/man:/usr/local/share/man:/usr/share/man:/home/travis/.rvm/man" />
    <property name="env.TRAVIS_TIMER_ID" value="0f0fbe9b" />
    <property name="ant.file" value="/home/travis/build/icyphy/ptII/build.xml" />
    <property name="env.TRAVIS_COMMIT_RANGE" value="234274c3a6509ea7dc7d054e2677105c6843d680...7f4bc8822d21a878fa418d13855a59d3f50881c4" />
    <property name="env._system_name" value="Ubuntu" />
    <property name="ptII.classpath.optional.property" value="/home/travis/build/icyphy/ptII/lib/bsh-2.0b4.jar:/home/travis/build/icyphy/ptII/lib/ptCal.jar:/home/travis/build/icyphy/ptII/lib/java_cup.jar:/home/travis/build/icyphy/ptII/lib/saxon8.jar:/home/travis/build/icyphy/ptII/lib/saxon8-dom.jar:/home/travis/build/icyphy/ptII/lib/chic.jar:/home/travis/build/icyphy/ptII/lib/ptcolt.jar:/home/travis/build/icyphy/ptII/vendors/misc/itext/iText.jar:/home/travis/build/icyphy/ptII/lib/g4ltl.jar:/home/travis/build/icyphy/ptII/lib/StructuralCoder.jar:/home/travis/build/icyphy/ptII/lib/jcerti.jar:/home/travis/build/icyphy/ptII/lib/javax.mail.jar:/home/travis/build/icyphy/ptII/vendors/JMF-2.1.1e/lib/jmf.jar:/home/travis/build/icyphy/ptII/lib/jna-4.0.0-variadic.jar:/home/travis/build/icyphy/ptII/vendors/misc/joystick/Joystick.jar:/home/travis/build/icyphy/ptII/lib/ptjacl.jar:/home/travis/build/icyphy/ptII/lib/jsoup-1.8.2.jar:/home/travis/build/icyphy/ptII/lib/junit-4.8.2.jar:/home/travis/build/icyphy/ptII/lib/JUnitParams-0.4.0.jar:/home/travis/build/icyphy/ptII/ptolemy/actor/lib/excel/jxl.jar:/home/travis/build/icyphy/ptII/lib/jython.jar:/home/travis/build/icyphy/ptII/lib/kieler.jar:/home/travis/build/icyphy/ptII/vendors/opencv/share/OpenCV/java/opencv-341.jar:/home/travis/build/icyphy/ptII/lib/oscP5.jar:/home/travis/build/icyphy/ptII/lib/nrjavaserial-3.11.0.devel.jar:/home/travis/build/icyphy/ptII/vendors/j3d/lib/Linux/j3dcore.jar:/home/travis/build/icyphy/ptII/vendors/j3d/lib/Linux/j3dutils.jar:/home/travis/build/icyphy/ptII/vendors/j3d/lib/Linux/vecmath.jar:/home/travis/build/icyphy/ptII/vendors/jogl/lib/Linux/gluegen-rt-natives-linux-amd64.jar:/home/travis/build/icyphy/ptII/vendors/jogl/lib/Linux/gluegen-rt.jar:/home/travis/build/icyphy/ptII/vendors/jogl/lib/Linux/jogl-all-natives-linux-amd64.jar:/home/travis/build/icyphy/ptII/vendors/jogl/lib/Linux/jogl-all.jar:/home/travis/build/icyphy/ptII/ptolemy/distributed/jini/jar/jini-core.jar:/home/travis/build/icyphy/ptII/ptolemy/distributed/jini/jar/jini-ext.jar:/home/travis/build/icyphy/ptII/ptolemy/distributed/jini/jar/sun-util.jar:/home/travis/build/icyphy/ptII/lib/protobuf-java-2.4.1.jar:/home/travis/build/icyphy/ptII/lib/org.eclipse.paho.client.mqttv3.jar:/home/travis/build/icyphy/ptII/lib/mapss.jar:/home/travis/build/icyphy/ptII/ptolemy/actor/ptalon/antlr/antlr.jar:/home/travis/build/icyphy/ptII/lib/JRI.jar:/home/travis/build/icyphy/ptII/lib/commons-lang-2.6.jar:/home/travis/build/icyphy/ptII/lib/commons-logging-1.1.1.jar:/home/travis/build/icyphy/ptII/lib/sootclasses.jar:/home/travis/build/icyphy/ptII/ptolemy/actor/lib/database/mysql-connector-java-5.1.6-bin.jar:/home/travis/build/icyphy/ptII/vendors/misc/sphinx4/sphinx4-data-5prealpha.jar:/home/travis/build/icyphy/ptII/vendors/misc/sphinx4/sphinx4-core-5prealpha.jar:/home/travis/build/icyphy/ptII/lib/PDFRenderer.jar:/home/travis/build/icyphy/ptII/lib/svgSalamander.jar:/home/travis/build/icyphy/ptII/lib/rsyntaxtextarea-2.6.0-SNAPSHOT.jar:/home/travis/build/icyphy/ptII/lib/hazelcast-3.8.2.jar:/home/travis/build/icyphy/ptII/lib/jackson-annotations-2.9.0.jar:/home/travis/build/icyphy/ptII/lib/jackson-core-2.9.3.jar:/home/travis/build/icyphy/ptII/lib/jackson-databind-2.9.3.jar:/home/travis/build/icyphy/ptII/lib/netty-buffer-4.1.19.Final.jar:/home/travis/build/icyphy/ptII/lib/netty-codec-4.1.19.Final.jar:/home/travis/build/icyphy/ptII/lib/netty-codec-dns-4.1.19.Final.jar:/home/travis/build/icyphy/ptII/lib/netty-codec-http-4.1.19.Final.jar:/home/travis/build/icyphy/ptII/lib/netty-codec-http2-4.1.19.Final.jar:/home/travis/build/icyphy/ptII/lib/netty-common-4.1.19.Final.jar:/home/travis/build/icyphy/ptII/lib/netty-handler-4.1.19.Final.jar:/home/travis/build/icyphy/ptII/lib/netty-resolver-4.1.19.Final.jar:/home/travis/build/icyphy/ptII/lib/netty-resolver-dns-4.1.19.Final.jar:/home/travis/build/icyphy/ptII/lib/netty-transport-4.1.19.Final.jar:/home/travis/build/icyphy/ptII/lib/vertx-codegen-3.5.1.jar:/home/travis/build/icyphy/ptII/lib/vertx-core-3.5.2-SNAPSHOT.jar:/home/travis/build/icyphy/ptII/lib/vertx-hazelcast-3.5.1.jar:/home/travis/build/icyphy/ptII/lib/vertx-lang-js-3.5.1.jar:/home/travis/build/icyphy/ptII/lib/vertx-service-proxy-3.5.1.jar:/home/travis/build/icyphy/ptII/lib/vertx-web-3.5.1.jar:/home/travis/build/icyphy/ptII/lib/slf4j-api-1.7.13.jar:/home/travis/build/icyphy/ptII/lib/slf4j-simple-1.7.13.jar:/home/travis/build/icyphy/ptII/lib/webcam-capture-0.3.12.jar:/home/travis/build/icyphy/ptII/lib/bridj-0.7.0.jar:/home/travis/build/icyphy/ptII/lib/xbjlib-1.1.0.nrjavaserial.jar" />
    <property name="timeout" value="2400000" />
    <property name="test.batch" value="**/junit/*.java" />
    <property name="env._" value="/usr/bin/timeout" />
    <property name="java.io.tmpdir" value="/tmp" />
    <property name="user.language" value="en" />
    <property name="env.TRAVIS_INTERNAL_RUBY_REGEX" value="^ruby-(2\.[0-4]\.[0-9]|1\.9\.3)" />
    <property name="env.HISTCONTROL" value="ignoredups:ignorespace" />
    <property name="env.GOROOT" value="/home/travis/.gimme/versions/go1.11.1.linux.amd64" />
    <property name="line.separator" value="&#xa;" />
    <property name="target" value="11" />
    <property name="env.TRAVIS_BUILD_DIR" value="/home/travis/build/icyphy/ptII" />
    <property name="env.ANT_OPTS" value="-Xmx2048m" />
    <property name="ant.file.type" value="file" />
    <property name="ptolemy.ptII.batchMode" value="true" />
    <property name="env.HISTSIZE" value="1000" />
    <property name="env.MERB_ENV" value="test" />
    <property name="java.vm.info" value="mixed mode" />
    <property name="source" value="11" />
    <property name="java.vm.specification.name" value="Java Virtual Machine Specification" />
    <property name="env.TRAVIS_TEST_RESULT" value="0" />
    <property name="jsdoc.command" value="node_modules/@terraswarm/jsdoc/jsdoc.js" />
    <property name="npm.works" value="true" />
    <property name="cobertura.dir" value="/home/travis/build/icyphy/ptII/vendors/cobertura-2.0.3" />
    <property name="jsdoc.command.exists" value="true" />
    <property name="env.rvm_path" value="/home/travis/.rvm" />
    <property name="env.GEM_PATH" value="/home/travis/.rvm/gems/ruby-2.5.3:/home/travis/.rvm/gems/ruby-2.5.3@global" />
    <property name="env.LC_CTYPE" value="en_US.UTF-8" />
    <property name="env.TRAVIS_CMD" value="$PTII/bin/ptIITravisBuild.sh $SECONDS" />
    <property name="java.awt.printerjob" value="sun.print.PSPrinterJob" />
    <property name="env.TRAVIS_STACK_NAME" value="sardonyx" />
    <property name="env.TRAVIS_TIMER_START_TIME" value="1583305305165949442" />
    <property name="ant.version" value="Apache Ant(TM) version 1.10.1 compiled on February 2 2017" />
    <property name="ptII.reports" value="/home/travis/build/icyphy/ptII/reports" />
    <property name="env.TRAVIS_STACK_TIMESTAMP" value="2019-03-25 16:16:56 UTC" />
    <property name="ant.file.type.ptII" value="file" />
    <property name="env.RBENV_SHELL" value="bash" />
    <property name="os.name" value="Linux" />
    <property name="java.specification.vendor" value="Oracle Corporation" />
    <property name="env.rvm_version" value="1.29.7 (latest)" />
    <property name="env.TRAVIS_INFRA" value="gce" />
    <property name="env.TERM" value="xterm" />
    <property name="java.vm.name" value="OpenJDK 64-Bit Server VM" />
    <property name="env.TRAVIS_BUILD_NUMBER" value="1544" />
    <property name="env.CI" value="true" />
    <property name="java.library.path" value="/home/travis/pthla/certi-tools/lib:/usr/lib/jni:/usr/local/share/OpenCV/java/:/usr/share/OpenCV/java::/usr/java/packages/lib:/usr/lib64:/lib64:/lib:/usr/lib" />
    <property name="jdk.module.path" value="/home/travis/build/icyphy/ptII/vendors/javafx/javafx-sdk-11.0.2/lib:" />
    <property name="env.rvm_prefix" value="/home/travis" />
    <property name="env.PATH" value="/home/travis/pthla/certi-tools/share/scripts:/home/travis/.rvm/gems/ruby-2.5.3/bin:/home/travis/.rvm/gems/ruby-2.5.3@global/bin:/home/travis/.rvm/rubies/ruby-2.5.3/bin:/home/travis/.rvm/bin:/home/travis/.nvm/versions/node/v7.10.1/bin:./node_modules/.bin:/home/travis/build/icyphy/ptII/bin:/home/travis/pthla/certi-tools/bin:/home/travis/bin:/home/travis/.local/bin:/usr/local/lib/jvm/openjdk11/bin:/opt/pyenv/shims:/home/travis/.phpenv/shims:/home/travis/perl5/perlbrew/bin:/home/travis/gopath/bin:/home/travis/.gimme/versions/go1.11.1.linux.amd64/bin:/usr/local/maven-3.6.0/bin:/usr/local/cmake-3.12.4/bin:/usr/local/clang-7.0.0/bin:/usr/local/sbin:/usr/local/bin:/usr/sbin:/usr/bin:/sbin:/bin:/snap/bin:/home/travis/.phpenv/bin:/opt/pyenv/bin:/home/travis/.yarn/bin" />
    <property name="env.TRAVIS_OS_NAME" value="linux" />
    <property name="ant.java.version" value="9" />
    <property name="basedir" value="/home/travis/build/icyphy/ptII" />
    <property name="java.class.version" value="55.0" />
    <property name="env.SHLVL" value="3" />
    <property name="env.LD_LIBRARY_PATH" value="/home/travis/pthla/certi-tools/lib:/usr/lib/jni:/usr/local/share/OpenCV/java/:/usr/share/OpenCV/java:" />
    <property name="env.RACK_ENV" value="test" />
    <property name="ant.home" value="/home/travis/build/icyphy/ptII/ant" />
    <property name="env.NVM_DIR" value="/home/travis/.nvm" />
    <property name="env.CERTI_FOM_PATH" value="/home/travis/pthla/certi-tools/share/federations" />
    <property name="env.TRAVIS_BUILD_ID" value="658080657" />
    <property name="env.PYENV_ROOT" value="/opt/pyenv" />
    <property name="env.TRAVIS_UID" value="2000" />
    <property name="prism.verbose" value="true" />
    <property name="env.NVM_BIN" value="/home/travis/.nvm/versions/node/v7.10.1/bin" />
    <property name="env.TRAVIS_COMMIT" value="7f4bc8822d21a878fa418d13855a59d3f50881c4" />
    <property name="env._system_arch" value="x86_64" />
    <property name="node.executable" value="node" />
    <property name="sun.boot.library.path" value="/usr/local/lib/jvm/openjdk11/lib" />
    <property name="sun.management.compiler" value="HotSpot 64-Bit Tiered Compilers" />
    <property name="java.awt.graphicsenv" value="sun.awt.X11GraphicsEnvironment" />
    <property name="env.GOPATH" value="/home/travis/gopath" />
    <property name="ptolemy.ptII.dir" value="/home/travis/build/icyphy/ptII" />
    <property name="env.USER" value="travis" />
    <property name="env.HISTFILESIZE" value="2000" />
    <property name="timeout.longest" value="19000000" />
    <property name="env.PERLBREW_SHELLRC_VERSION" value="0.86" />
    <property name="env.TRAVIS_STACK_FEATURES" value="basic couchdb disabled-ipv6 docker docker-compose elasticsearch firefox go-toolchain google-chrome jdk memcached mongodb mysql nodejs_interpreter perl_interpreter perlbrew phantomjs postgresql python_interpreter redis ruby_interpreter sqlite xserver" />
    <property name="env.TRAVIS_PULL_REQUEST" value="false" />
    <property name="env.PYENV_SHELL" value="bash" />
    <property name="ant.project.name" value="ptII" />
    <property name="env.ANSI_RESET" value="\033[0m" />
    <property name="java.vm.specification.version" value="11" />
    <property name="env.TRAVIS_DIST" value="xenial" />
    <property name="env.CERTI_VERSION" value="4.0.0" />
    <property name="env.CERTI_HOST" value="localhost" />
    <property name="awt.toolkit" value="sun.awt.X11.XToolkit" />
    <property name="env.MY_RUBY_HOME" value="/home/travis/.rvm/rubies/ruby-2.5.3" />
    <property name="sun.cpu.isalist" value="" />
    <property name="env.TRAVIS_TMPDIR" value="/tmp/tmp.mfd100FlJv" />
    <property name="java.vm.compressedOopsMode" value="Zero based" />
    <property name="os.version" value="4.15.0-1028-gcp" />
    <property name="user.home" value="/home/travis" />
    <property name="java.vm.vendor" value="Oracle Corporation" />
    <property name="env.TRAVIS_TAG" value="nightly" />
    <property name="env.ANSI_YELLOW" value="\033[33;1m" />
    <property name="env.TRAVIS_FILTERED" value="redirect_io" />
    <property name="env.ANSI_GREEN" value="\033[32;1m" />
    <property name="env.JAVA_HOME" value="/usr/local/lib/jvm/openjdk11" />
    <property name="javadoc.excludepackagenames" value="adm.cvs2svn.*,build.*,config.*,doc.coding.templates.*,jni.test.jni.meaningOfLife.*,jni.test.jni.testDeux.*,jni.test.jni.testTrois.*,org.terraswarm.accessor.accessors.web.node_modules.*,org.terraswarm.accessor.accessors.web.hosts.cordova.demo.*,org.terraswarm.accessor.accessors.web.hosts.cordova.plugins.*,org.terraswarm.accessor.accessors-svn.*,pt-modules.*,ptolemy.apps.agilent.*,ptolemy.apps.anytimecontrol.*,ptolemy.apps.apes.*,ptolemy.apps.charon.*,ptolemy.apps.crazyboard.*,ptolemy.apps.eclipse.*,ptolemy.apps.etherealSting.*,ptolemy.apps.fullscreen.*,ptolemy.apps.giotto.*,ptolemy.apps.ia.*,ptolemy.apps.interfaces.*,ptolemy.apps.jmf.*,ptolemy.apps.kurt.*,ptolemy.apps.kvm.*,ptolemy.apps.lego.*,ptolemy.apps.lejos.*,ptolemy.apps.midp.*,ptolemy.apps.mobileCoding.*,ptolemy.apps.pendulum.*,ptolemy.apps.rijndael.*,ptolemy.apps.robot.*,ptolemy.apps.security.*,ptolemy.apps.sobel.*,ptolemy.apps.soot.*,ptolemy.apps.throttle.*,ptolemy.apps.tini.*,ptolemy.apps.transmission.*,ptolemy.apps.vergil.*,ptolemy.apps.waba.*,ptolemy.apps.websensor.*,ptolemy.apps.webstart.*,ptolemy.apps.xsl.*,ptolemy.apps.zaurus.*,ptolemy.codegen.c.actor.lib.oldJavaFiles.*,ptolemy.codegen.dsp.lib.*,ptolemy.codegen.kernel.newInterfaces.*,ptolemy.codegen.lib.*,ptolemy.copernicus.kernel.fragment.*,ptolemy.copernicus.shallow.cg.*,ptolemy.domains.giotto.demo.Hierarchy.Hierarchy.*,ptolemy.domains.giotto.demo.Multimode.Multimode.*,ptolemy.domains.giotto.demo.Simple.Simple.*,ptolemy.domains.gr.lib.experimental.*,ptolemy.domains.gro.*,ptolemy.domains.pdf.*,ptolemy.domains.ptinyos.demo.Surge.output.*,ptolemy.moml.test.NoPackageActor.java*,ptolemy.plot.adm.*,ptolemy.plot.servlet.*,reports.*,signed.*,src.*,target.*,vendors.*,ptolemy.copernicus.applet.*,ptolemy.media.viewer.*,ptolemy.actor.corba.*,doc.doclets.*,ptolemy.apps.eclipse.awt.*,ptolemy.backtrack.*,ptolemy.backtrack.ast.*,ptolemy.cg.adapter.generic.program.procedural.c.mbed*,ptolemy.homer.*,ptolemy.actor.lib.jai.*,org.ptolemy.scala.*,diva.util.java2d.svg.*,ptolemy.domains.ptinyos.*,ptolemy.actor.lib.fmi.fmipp.*,,org.terraswarm.accessor.accessors.web.node_modules.*,org.terraswarm.accessor.accessors-svn,ptolemy.apps.*,ptolemy.actor.ptalon.demo.ptinyos.SendAndReceiveCnt.output,ptolemy.actor.ptalon.demo.ptinyos.SenseToLeds.output,ptolemy.domains.ptinyos.demo.CntToLedsAndRfm.output,ptolemy.domains.ptinyos.demo.RfmToLeds.output,ptolemy.domains.ptinyos.demo.SendAndReceiveCnt.output,ptolemy.domains.ptinyos.demo.SenseToLeds.output,ptolemy.actor.lib.jjs.modules.udpSocket.*" />
    <property name="env.PTII" value="/home/travis/build/icyphy/ptII" />
    <property name="env.XDG_SESSION_ID" value="2" />
    <property name="keystore" value="ptKeystore" />
    <property name="env.TRAVIS_COMMIT_MESSAGE" value="Fixing model DuplicatedInstanceNameReceiver_1516.xml." />
    <property name="junit.output.dir" value="/home/travis/build/icyphy/ptII/reports/junit" />
    <property name="npm.return.code" value="0" />
    <property name="user.dir" value="/home/travis/build/icyphy/ptII/ptolemy/actor/lib/test" />
    <property name="env.TRAVIS_NODE_VERSION" value="7" />
    <property name="env.TRAVIS_EVENT_TYPE" value="cron" />
    <property name="env.MAIL" value="/var/mail/travis" />
    <property name="env.PERLBREW_ROOT" value="/home/travis/perl5/perlbrew" />
    <property name="env.PWD" value="/home/travis/build/icyphy/ptII" />
    <property name="timeout.npm" value="45000" />
    <property name="env.TRAVIS_ARCH" value="amd64" />
    <property name="sun.cpu.endian" value="little" />
    <property name="env.PAGER" value="cat" />
    <property name="env.TRAVIS_BUILD_STAGE_NAME" value="Test" />
    <property name="env.PERLBREW_HOME" value="/home/travis/.perlbrew" />
    <property name="java.vm.version" value="11.0.2+9" />
    <property name="env.RAILS_ENV" value="test" />
    <property name="java.class.path" value="/home/travis/.ptolemyII:/home/travis/.ptolemyII/*:/home/travis/build/icyphy/ptII:/home/travis/build/icyphy/ptII/lib/bsh-2.0b4.jar:/home/travis/build/icyphy/ptII/lib/ptCal.jar:/home/travis/build/icyphy/ptII/lib/java_cup.jar:/home/travis/build/icyphy/ptII/lib/saxon8.jar:/home/travis/build/icyphy/ptII/lib/saxon8-dom.jar:/home/travis/build/icyphy/ptII/lib/chic.jar:/home/travis/build/icyphy/ptII/lib/ptcolt.jar:/home/travis/build/icyphy/ptII/vendors/misc/itext/iText.jar:/home/travis/build/icyphy/ptII/lib/g4ltl.jar:/home/travis/build/icyphy/ptII/lib/StructuralCoder.jar:/home/travis/build/icyphy/ptII/lib/jcerti.jar:/home/travis/build/icyphy/ptII/lib/javax.mail.jar:/home/travis/build/icyphy/ptII/vendors/JMF-2.1.1e/lib/jmf.jar:/home/travis/build/icyphy/ptII/lib/jna-4.0.0-variadic.jar:/home/travis/build/icyphy/ptII/vendors/misc/joystick/Joystick.jar:/home/travis/build/icyphy/ptII/lib/ptjacl.jar:/home/travis/build/icyphy/ptII/lib/jsoup-1.8.2.jar:/home/travis/build/icyphy/ptII/lib/junit-4.8.2.jar:/home/travis/build/icyphy/ptII/lib/JUnitParams-0.4.0.jar:/home/travis/build/icyphy/ptII/ptolemy/actor/lib/excel/jxl.jar:/home/travis/build/icyphy/ptII/lib/jython.jar:/home/travis/build/icyphy/ptII/lib/kieler.jar:/home/travis/build/icyphy/ptII/vendors/opencv/share/OpenCV/java/opencv-341.jar:/home/travis/build/icyphy/ptII/lib/oscP5.jar:/home/travis/build/icyphy/ptII/lib/nrjavaserial-3.11.0.devel.jar:/home/travis/build/icyphy/ptII/vendors/j3d/lib/Linux/j3dcore.jar:/home/travis/build/icyphy/ptII/vendors/j3d/lib/Linux/j3dutils.jar:/home/travis/build/icyphy/ptII/vendors/j3d/lib/Linux/vecmath.jar:/home/travis/build/icyphy/ptII/vendors/jogl/lib/Linux/gluegen-rt-natives-linux-amd64.jar:/home/travis/build/icyphy/ptII/vendors/jogl/lib/Linux/gluegen-rt.jar:/home/travis/build/icyphy/ptII/vendors/jogl/lib/Linux/jogl-all-natives-linux-amd64.jar:/home/travis/build/icyphy/ptII/vendors/jogl/lib/Linux/jogl-all.jar:/home/travis/build/icyphy/ptII/ptolemy/distributed/jini/jar/jini-core.jar:/home/travis/build/icyphy/ptII/ptolemy/distributed/jini/jar/jini-ext.jar:/home/travis/build/icyphy/ptII/ptolemy/distributed/jini/jar/sun-util.jar:/home/travis/build/icyphy/ptII/lib/protobuf-java-2.4.1.jar:/home/travis/build/icyphy/ptII/lib/org.eclipse.paho.client.mqttv3.jar:/home/travis/build/icyphy/ptII/lib/mapss.jar:/home/travis/build/icyphy/ptII/ptolemy/actor/ptalon/antlr/antlr.jar:/home/travis/build/icyphy/ptII/lib/JRI.jar:/home/travis/build/icyphy/ptII/lib/commons-lang-2.6.jar:/home/travis/build/icyphy/ptII/lib/commons-logging-1.1.1.jar:/home/travis/build/icyphy/ptII/lib/sootclasses.jar:/home/travis/build/icyphy/ptII/ptolemy/actor/lib/database/mysql-connector-java-5.1.6-bin.jar:/home/travis/build/icyphy/ptII/vendors/misc/sphinx4/sphinx4-data-5prealpha.jar:/home/travis/build/icyphy/ptII/vendors/misc/sphinx4/sphinx4-core-5prealpha.jar:/home/travis/build/icyphy/ptII/lib/PDFRenderer.jar:/home/travis/build/icyphy/ptII/lib/svgSalamander.jar:/home/travis/build/icyphy/ptII/lib/rsyntaxtextarea-2.6.0-SNAPSHOT.jar:/home/travis/build/icyphy/ptII/lib/hazelcast-3.8.2.jar:/home/travis/build/icyphy/ptII/lib/jackson-annotations-2.9.0.jar:/home/travis/build/icyphy/ptII/lib/jackson-core-2.9.3.jar:/home/travis/build/icyphy/ptII/lib/jackson-databind-2.9.3.jar:/home/travis/build/icyphy/ptII/lib/netty-buffer-4.1.19.Final.jar:/home/travis/build/icyphy/ptII/lib/netty-codec-4.1.19.Final.jar:/home/travis/build/icyphy/ptII/lib/netty-codec-dns-4.1.19.Final.jar:/home/travis/build/icyphy/ptII/lib/netty-codec-http-4.1.19.Final.jar:/home/travis/build/icyphy/ptII/lib/netty-codec-http2-4.1.19.Final.jar:/home/travis/build/icyphy/ptII/lib/netty-common-4.1.19.Final.jar:/home/travis/build/icyphy/ptII/lib/netty-handler-4.1.19.Final.jar:/home/travis/build/icyphy/ptII/lib/netty-resolver-4.1.19.Final.jar:/home/travis/build/icyphy/ptII/lib/netty-resolver-dns-4.1.19.Final.jar:/home/travis/build/icyphy/ptII/lib/netty-transport-4.1.19.Final.jar:/home/travis/build/icyphy/ptII/lib/vertx-codegen-3.5.1.jar:/home/travis/build/icyphy/ptII/lib/vertx-core-3.5.2-SNAPSHOT.jar:/home/travis/build/icyphy/ptII/lib/vertx-hazelcast-3.5.1.jar:/home/travis/build/icyphy/ptII/lib/vertx-lang-js-3.5.1.jar:/home/travis/build/icyphy/ptII/lib/vertx-service-proxy-3.5.1.jar:/home/travis/build/icyphy/ptII/lib/vertx-web-3.5.1.jar:/home/travis/build/icyphy/ptII/lib/slf4j-api-1.7.13.jar:/home/travis/build/icyphy/ptII/lib/slf4j-simple-1.7.13.jar:/home/travis/build/icyphy/ptII/lib/webcam-capture-0.3.12.jar:/home/travis/build/icyphy/ptII/lib/bridj-0.7.0.jar:/home/travis/build/icyphy/ptII/lib/xbjlib-1.1.0.nrjavaserial.jar:/home/travis/build/icyphy/ptII/ptolemy/moml/test:/home/travis/build/icyphy/ptII/ant/lib/ant-launcher.jar:/home/travis/build/icyphy/ptII/ant/lib/ant.jar:/home/travis/build/icyphy/ptII/ant/lib/ant-junit.jar:/home/travis/build/icyphy/ptII/ant/lib/ant-junit4.jar" />
    <property name="ant.library.dir" value="/home/travis/build/icyphy/ptII/ant/lib" />
    <property name="os.arch" value="amd64" />
    <property name="env.CONTINUOUS_INTEGRATION" value="true" />
    <property name="env.TRAVIS_LANGUAGE" value="node_js" />
    <property name="env.TRAVIS_STACK_LANGUAGES" value="__sardonyx__ c c++ clojure cplusplus cpp default generic go groovy java node_js php pure_java python ruby scala" />
    <property name="test.name" value="ptolemy.actor.lib.test.junit.JUnitTclTest" />
    <property name="env.APT_KEY_DONT_WARN_ON_DANGEROUS_USAGE" value="1" />
    <property name="sun.java.launcher" value="SUN_STANDARD" />
    <property name="env.PYTHON_CONFIGURE_OPTS" value="--enable-unicode=ucs4 --with-wide-unicode --enable-shared --enable-ipv6 --enable-loadable-sqlite-extensions --with-computed-gotos" />
    <property name="ant.core.lib" value="/home/travis/build/icyphy/ptII/ant/lib/ant.jar" />
    <property name="java.vm.specification.vendor" value="Oracle Corporation" />
    <property name="env.BCVTB_HOME" value="/home/travis/build/icyphy/ptII/lbnl" />
    <property name="file.separator" value="/" />
    <property name="spotbugs.home" value="/home/travis/build/icyphy/ptII/vendors/spotbugs-3.1.1" />
    <property name="java.runtime.version" value="11.0.2+9" />
    <property name="env.ANSI_CLEAR" value="\033[0K" />
    <property name="javafx.verbose" value="true" />
    <property name="env.HAS_JOSH_K_SEAL_OF_APPROVAL" value="true" />
    <property name="env.XDG_RUNTIME_DIR" value="/run/user/2000" />
    <property name="env.TRAVIS_OSX_IMAGE" value="" />
    <property name="env.TRAVIS_JOB_ID" value="658080666" />
    <property name="env.TRAVIS_BRANCH" value="master" />
    <property name="user.country" value="US" />
    <property name="env.CERTI_HOME_TRAVIS" value="/home/travis/pthla/certi-tools" />
    <property name="env.SHELL" value="/bin/bash" />
    <property name="java.maxmemory.large" value="3200m" />
    <property name="model" value="" />
    <property name="env.CASHER_DIR" value="/home/travis/.casher" />
    <property name="env.NVM_CD_FLAGS" value="" />
    <property name="java.vendor.version" value="18.9" />
    <property name="jshint.executable" value="/home/travis/node_modules/jshint/bin/jshint" />
    <property name="env.JRUBY_OPTS" value=" --client -J-XX:+TieredCompilation -J-XX:TieredStopAtLevel=1 -J-Xss2m -Xcompile.invokedynamic=false" />
    <property name="java.vendor" value="Oracle Corporation" />
    <property name="env.TRAVIS_PRE_CHEF_BOOTSTRAP_TIME" value="2019-03-25T16:16:42" />
    <property name="env.TRAVIS_STACK_JOB_BOARD_REGISTER" value="/.job-board-register.yml" />
    <property name="env.ANSI_RED" value="\033[31;1m" />
    <property name="java.specification.version" value="11" />
    <property name="env.IRBRC" value="/home/travis/.rvm/rubies/ruby-2.5.3/.irbrc" />
    <property name="env.TRAVIS" value="true" />
    <property name="sun.arch.data.model" value="64" />
  </properties>
  <testcase classname="ptolemy.util.test.junit.TclTests" name="[0] /home/travis/build/icyphy/ptII/ptolemy/actor/lib/test/AbsoluteValue.tcl (RunTclFile)" time="0.494" />
  <testcase classname="ptolemy.util.test.junit.TclTests" name="[1] /home/travis/build/icyphy/ptII/ptolemy/actor/lib/test/AddSubtract.tcl (RunTclFile)" time="0.135" />
  <testcase classname="ptolemy.util.test.junit.TclTests" name="[2] /home/travis/build/icyphy/ptII/ptolemy/actor/lib/test/Average.tcl (RunTclFile)" time="0.047" />
  <testcase classname="ptolemy.util.test.junit.TclTests" name="[3] /home/travis/build/icyphy/ptII/ptolemy/actor/lib/test/Bernoulli.tcl (RunTclFile)" time="0.038" />
  <testcase classname="ptolemy.util.test.junit.TclTests" name="[4] /home/travis/build/icyphy/ptII/ptolemy/actor/lib/test/Clock.tcl (RunTclFile)" time="0.133" />
  <testcase classname="ptolemy.util.test.junit.TclTests" name="[5] /home/travis/build/icyphy/ptII/ptolemy/actor/lib/test/Commutator.tcl (RunTclFile)" time="0.152" />
  <testcase classname="ptolemy.util.test.junit.TclTests" name="[6] /home/travis/build/icyphy/ptII/ptolemy/actor/lib/test/Const.tcl (RunTclFile)" time="0.135" />
  <testcase classname="ptolemy.util.test.junit.TclTests" name="[7] /home/travis/build/icyphy/ptII/ptolemy/actor/lib/test/CurrentTime.tcl (RunTclFile)" time="0.038" />
  <testcase classname="ptolemy.util.test.junit.TclTests" name="[8] /home/travis/build/icyphy/ptII/ptolemy/actor/lib/test/DB.tcl (RunTclFile)" time="0.054" />
  <testcase classname="ptolemy.util.test.junit.TclTests" name="[9] /home/travis/build/icyphy/ptII/ptolemy/actor/lib/test/DiscreteRandomSource.tcl (RunTclFile)" time="0.04" />
  <testcase classname="ptolemy.util.test.junit.TclTests" name="[10] /home/travis/build/icyphy/ptII/ptolemy/actor/lib/test/Distributor.tcl (RunTclFile)" time="0.097" />
  <testcase classname="ptolemy.util.test.junit.TclTests" name="[11] /home/travis/build/icyphy/ptII/ptolemy/actor/lib/test/Exit.tcl (RunTclFile)" time="0.104" />
  <testcase classname="ptolemy.util.test.junit.TclTests" name="[12] /home/travis/build/icyphy/ptII/ptolemy/actor/lib/test/Expression.tcl (RunTclFile)" time="0.128" />
  <testcase classname="ptolemy.util.test.junit.TclTests" name="[13] /home/travis/build/icyphy/ptII/ptolemy/actor/lib/test/Gaussian.tcl (RunTclFile)" time="0.865" />
  <testcase classname="ptolemy.util.test.junit.TclTests" name="[14] /home/travis/build/icyphy/ptII/ptolemy/actor/lib/test/IIR.tcl (RunTclFile)" time="0.021" />
  <testcase classname="ptolemy.util.test.junit.TclTests" name="[15] /home/travis/build/icyphy/ptII/ptolemy/actor/lib/test/Interpolator.tcl (RunTclFile)" time="0.053" />
  <testcase classname="ptolemy.util.test.junit.TclTests" name="[16] /home/travis/build/icyphy/ptII/ptolemy/actor/lib/test/MathFunction.tcl (RunTclFile)" time="0.039" />
  <testcase classname="ptolemy.util.test.junit.TclTests" name="[17] /home/travis/build/icyphy/ptII/ptolemy/actor/lib/test/Maximum.tcl (RunTclFile)" time="0.02" />
  <testcase classname="ptolemy.util.test.junit.TclTests" name="[18] /home/travis/build/icyphy/ptII/ptolemy/actor/lib/test/Minimum.tcl (RunTclFile)" time="0.019" />
  <testcase classname="ptolemy.util.test.junit.TclTests" name="[19] /home/travis/build/icyphy/ptII/ptolemy/actor/lib/test/MultiplyDivide.tcl (RunTclFile)" time="0.04" />
  <testcase classname="ptolemy.util.test.junit.TclTests" name="[20] /home/travis/build/icyphy/ptII/ptolemy/actor/lib/test/OrderedMerge.tcl (RunTclFile)" time="0.134" />
  <testcase classname="ptolemy.util.test.junit.TclTests" name="[21] /home/travis/build/icyphy/ptII/ptolemy/actor/lib/test/Publisher.tcl (RunTclFile)" time="0.85" />
  <testcase classname="ptolemy.util.test.junit.TclTests" name="[22] /home/travis/build/icyphy/ptII/ptolemy/actor/lib/test/Pulse.tcl (RunTclFile)" time="0.076" />
  <testcase classname="ptolemy.util.test.junit.TclTests" name="[23] /home/travis/build/icyphy/ptII/ptolemy/actor/lib/test/Ramp.tcl (RunTclFile)" time="2.07" />
  <testcase classname="ptolemy.util.test.junit.TclTests" name="[24] /home/travis/build/icyphy/ptII/ptolemy/actor/lib/test/RampContinuous.tcl (RunTclFile)" time="0.02" />
  <testcase classname="ptolemy.util.test.junit.TclTests" name="[25] /home/travis/build/icyphy/ptII/ptolemy/actor/lib/test/RecordAssembler.tcl (RunTclFile)" time="0.02" />
  <testcase classname="ptolemy.util.test.junit.TclTests" name="[26] /home/travis/build/icyphy/ptII/ptolemy/actor/lib/test/RecordDisassembler.tcl (RunTclFile)" time="0.047" />
  <testcase classname="ptolemy.util.test.junit.TclTests" name="[27] /home/travis/build/icyphy/ptII/ptolemy/actor/lib/test/Scale.tcl (RunTclFile)" time="0.037" />
  <testcase classname="ptolemy.util.test.junit.TclTests" name="[28] /home/travis/build/icyphy/ptII/ptolemy/actor/lib/test/SequentialClock.tcl (RunTclFile)" time="0.017" />
  <testcase classname="ptolemy.util.test.junit.TclTests" name="[29] /home/travis/build/icyphy/ptII/ptolemy/actor/lib/test/SetVariable.tcl (RunTclFile)" time="0.01" />
  <testcase classname="ptolemy.util.test.junit.TclTests" name="[30] /home/travis/build/icyphy/ptII/ptolemy/actor/lib/test/Sinewave.tcl (RunTclFile)" time="0.065" />
  <testcase classname="ptolemy.util.test.junit.TclTests" name="[31] /home/travis/build/icyphy/ptII/ptolemy/actor/lib/test/SubscriptionAggregator.tcl (RunTclFile)" time="2.287" />
  <testcase classname="ptolemy.util.test.junit.TclTests" name="[32] /home/travis/build/icyphy/ptII/ptolemy/actor/lib/test/Test.tcl (RunTclFile)" time="0.102" />
  <testcase classname="ptolemy.util.test.junit.TclTests" name="[33] /home/travis/build/icyphy/ptII/ptolemy/actor/lib/test/TestExceptionHandler.tcl (RunTclFile)" time="0.01" />
  <testcase classname="ptolemy.util.test.junit.TclTests" name="[34] /home/travis/build/icyphy/ptII/ptolemy/actor/lib/test/UnionDisassembler.tcl (RunTclFile)" time="0.05" />
  <testcase classname="ptolemy.util.test.junit.TclTests" name="[35] /home/travis/build/icyphy/ptII/ptolemy/actor/lib/test/VariableClock.tcl (RunTclFile)" time="0.02" />
  <testcase classname="ptolemy.util.test.junit.AutoKnownFailedTests" name="[0] /home/travis/build/icyphy/ptII/ptolemy/actor/lib/test/auto/knownFailedTests/PublisherPortToplevelSubscriber.xml (RunModel)" time="0.029" />
  <testcase classname="ptolemy.util.test.junit.AutoKnownFailedTests" name="[1] /home/travis/build/icyphy/ptII/ptolemy/actor/lib/test/auto/knownFailedTests/PublisherSubscriberPortToplevel.xml (RunModel)" time="0.018" />
  <testcase classname="ptolemy.util.test.junit.AutoKnownFailedTests" name="[2] /home/travis/build/icyphy/ptII/ptolemy/actor/lib/test/auto/knownFailedTests/PublisherSubscriptionAggregatorPort.xml (RunModel)" time="0.02" />
  <testcase classname="ptolemy.util.test.junit.AutoKnownFailedTests" name="[3] /home/travis/build/icyphy/ptII/ptolemy/actor/lib/test/auto/knownFailedTests/sizedarray3.xml (RunModel)" time="0.029" />
  <testcase classname="ptolemy.util.test.junit.AutoNameArchTests" name="[0] ThereAreNoAutoArchTests (RunModel)" time="0.001" />
  <testcase classname="ptolemy.util.test.junit.AutoTests" name="[0] /home/travis/build/icyphy/ptII/ptolemy/actor/lib/test/auto/AbsoluteValue.xml (RunModel)" time="0.118" />
  <testcase classname="ptolemy.util.test.junit.AutoTests" name="[1] /home/travis/build/icyphy/ptII/ptolemy/actor/lib/test/auto/AbsoluteValue2.xml (RunModel)" time="0.036" />
  <testcase classname="ptolemy.util.test.junit.AutoTests" name="[2] /home/travis/build/icyphy/ptII/ptolemy/actor/lib/test/auto/Accumulator.xml (RunModel)" time="0.052" />
  <testcase classname="ptolemy.util.test.junit.AutoTests" name="[3] /home/travis/build/icyphy/ptII/ptolemy/actor/lib/test/auto/Accumulator2.xml (RunModel)" time="0.053" />
  <testcase classname="ptolemy.util.test.junit.AutoTests" name="[4] /home/travis/build/icyphy/ptII/ptolemy/actor/lib/test/auto/Accumulator3.xml (RunModel)" time="0.034" />
  <testcase classname="ptolemy.util.test.junit.AutoTests" name="[5] /home/travis/build/icyphy/ptII/ptolemy/actor/lib/test/auto/ArrayAppend.xml (RunModel)" time="0.059" />
  <testcase classname="ptolemy.util.test.junit.AutoTests" name="[6] /home/travis/build/icyphy/ptII/ptolemy/actor/lib/test/auto/ArrayAppend2.xml (RunModel)" time="0.359" />
  <testcase classname="ptolemy.util.test.junit.AutoTests" name="[7] /home/travis/build/icyphy/ptII/ptolemy/actor/lib/test/auto/ArrayAppend3.xml (RunModel)" time="0.096" />
  <testcase classname="ptolemy.util.test.junit.AutoTests" name="[8] /home/travis/build/icyphy/ptII/ptolemy/actor/lib/test/auto/ArrayAppend4.xml (RunModel)" time="0.024" />
  <testcase classname="ptolemy.util.test.junit.AutoTests" name="[9] /home/travis/build/icyphy/ptII/ptolemy/actor/lib/test/auto/ArrayAppend5.xml (RunModel)" time="0.014" />
  <testcase classname="ptolemy.util.test.junit.AutoTests" name="[10] /home/travis/build/icyphy/ptII/ptolemy/actor/lib/test/auto/ArrayAppend6.xml (RunModel)" time="0.022" />
  <testcase classname="ptolemy.util.test.junit.AutoTests" name="[11] /home/travis/build/icyphy/ptII/ptolemy/actor/lib/test/auto/ArrayAppendPerformanceTest.xml (RunModel)" time="0.058" />
  <testcase classname="ptolemy.util.test.junit.AutoTests" name="[12] /home/travis/build/icyphy/ptII/ptolemy/actor/lib/test/auto/ArrayAppendWithEmptyInput.xml (RunModel)" time="0.029" />
  <testcase classname="ptolemy.util.test.junit.AutoTests" name="[13] /home/travis/build/icyphy/ptII/ptolemy/actor/lib/test/auto/ArrayAverage.xml (RunModel)" time="0.059" />
  <testcase classname="ptolemy.util.test.junit.AutoTests" name="[14] /home/travis/build/icyphy/ptII/ptolemy/actor/lib/test/auto/ArrayContains.xml (RunModel)" time="0.035" />
  <testcase classname="ptolemy.util.test.junit.AutoTests" name="[15] /home/travis/build/icyphy/ptII/ptolemy/actor/lib/test/auto/ArrayElement.xml (RunModel)" time="0.025" />
  <testcase classname="ptolemy.util.test.junit.AutoTests" name="[16] /home/travis/build/icyphy/ptII/ptolemy/actor/lib/test/auto/ArrayElementAsMatrix.xml (RunModel)" time="0.035" />
  <testcase classname="ptolemy.util.test.junit.AutoTests" name="[17] /home/travis/build/icyphy/ptII/ptolemy/actor/lib/test/auto/ArrayElementI.xml (RunModel)" time="0.015" />
  <testcase classname="ptolemy.util.test.junit.AutoTests" name="[18] /home/travis/build/icyphy/ptII/ptolemy/actor/lib/test/auto/ArrayExtract.xml (RunModel)" time="0.019" />
  <testcase classname="ptolemy.util.test.junit.AutoTests" name="[19] /home/travis/build/icyphy/ptII/ptolemy/actor/lib/test/auto/ArrayExtract2.xml (RunModel)" time="0.018" />
  <testcase classname="ptolemy.util.test.junit.AutoTests" name="[20] /home/travis/build/icyphy/ptII/ptolemy/actor/lib/test/auto/ArrayLength.xml (RunModel)" time="0.027" />
  <testcase classname="ptolemy.util.test.junit.AutoTests" name="[21] /home/travis/build/icyphy/ptII/ptolemy/actor/lib/test/auto/ArrayLevelCrossing.xml (RunModel)" time="0.029" />
  <testcase classname="ptolemy.util.test.junit.AutoTests" name="[22] /home/travis/build/icyphy/ptII/ptolemy/actor/lib/test/auto/ArrayLevelCrossing2.xml (RunModel)" time="0.02" />
  <testcase classname="ptolemy.util.test.junit.AutoTests" name="[23] /home/travis/build/icyphy/ptII/ptolemy/actor/lib/test/auto/ArrayPeakSearch.xml (RunModel)" time="0.037" />
  <testcase classname="ptolemy.util.test.junit.AutoTests" name="[24] /home/travis/build/icyphy/ptII/ptolemy/actor/lib/test/auto/ArrayPeakSearch2.xml (RunModel)" time="0.034" />
  <testcase classname="ptolemy.util.test.junit.AutoTests" name="[25] /home/travis/build/icyphy/ptII/ptolemy/actor/lib/test/auto/ArrayPeakSearch3.xml (RunModel)" time="0.03" />
  <testcase classname="ptolemy.util.test.junit.AutoTests" name="[26] /home/travis/build/icyphy/ptII/ptolemy/actor/lib/test/auto/ArrayRemoveElement.xml (RunModel)" time="0.026" />
  <testcase classname="ptolemy.util.test.junit.AutoTests" name="[27] /home/travis/build/icyphy/ptII/ptolemy/actor/lib/test/auto/ArraySort.xml (RunModel)" time="0.031" />
  <testcase classname="ptolemy.util.test.junit.AutoTests" name="[28] /home/travis/build/icyphy/ptII/ptolemy/actor/lib/test/auto/ArraySum.xml (RunModel)" time="0.017" />
  <testcase classname="ptolemy.util.test.junit.AutoTests" name="[29] /home/travis/build/icyphy/ptII/ptolemy/actor/lib/test/auto/ArrayToElements.xml (RunModel)" time="0.019" />
  <testcase classname="ptolemy.util.test.junit.AutoTests" name="[30] /home/travis/build/icyphy/ptII/ptolemy/actor/lib/test/auto/ArrayToMatrix.xml (RunModel)" time="0.059" />
  <testcase classname="ptolemy.util.test.junit.AutoTests" name="[31] /home/travis/build/icyphy/ptII/ptolemy/actor/lib/test/auto/ArrayUpdate1.xml (RunModel)" time="0.02" />
  <testcase classname="ptolemy.util.test.junit.AutoTests" name="[32] /home/travis/build/icyphy/ptII/ptolemy/actor/lib/test/auto/ArrayUpdate2.xml (RunModel)" time="0.015" />
  <testcase classname="ptolemy.util.test.junit.AutoTests" name="[33] /home/travis/build/icyphy/ptII/ptolemy/actor/lib/test/auto/ArrayUpdate3.xml (RunModel)" time="0.016" />
  <testcase classname="ptolemy.util.test.junit.AutoTests" name="[34] /home/travis/build/icyphy/ptII/ptolemy/actor/lib/test/auto/Assert1.xml (RunModel)" time="0.018" />
  <testcase classname="ptolemy.util.test.junit.AutoTests" name="[35] /home/travis/build/icyphy/ptII/ptolemy/actor/lib/test/auto/Assert2.xml (RunModel)" time="0.015" />
  <testcase classname="ptolemy.util.test.junit.AutoTests" name="[36] /home/travis/build/icyphy/ptII/ptolemy/actor/lib/test/auto/BooleanMultiplexor.xml (RunModel)" time="0.012" />
  <testcase classname="ptolemy.util.test.junit.AutoTests" name="[37] /home/travis/build/icyphy/ptII/ptolemy/actor/lib/test/auto/BooleanMultiplexor2.xml (RunModel)" time="0.014" />
  <testcase classname="ptolemy.util.test.junit.AutoTests" name="[38] /home/travis/build/icyphy/ptII/ptolemy/actor/lib/test/auto/BooleanMultiplexor3.xml (RunModel)" time="0.013" />
  <testcase classname="ptolemy.util.test.junit.AutoTests" name="[39] /home/travis/build/icyphy/ptII/ptolemy/actor/lib/test/auto/BooleanSelect.xml (RunModel)" time="0.023" />
  <testcase classname="ptolemy.util.test.junit.AutoTests" name="[40] /home/travis/build/icyphy/ptII/ptolemy/actor/lib/test/auto/BooleanSelect2.xml (RunModel)" time="0.013" />
  <testcase classname="ptolemy.util.test.junit.AutoTests" name="[41] /home/travis/build/icyphy/ptII/ptolemy/actor/lib/test/auto/BooleanSwitch.xml (RunModel)" time="0.026" />
  <testcase classname="ptolemy.util.test.junit.AutoTests" name="[42] /home/travis/build/icyphy/ptII/ptolemy/actor/lib/test/auto/BooleanSwitch2.xml (RunModel)" time="0.014" />
  <testcase classname="ptolemy.util.test.junit.AutoTests" name="[43] /home/travis/build/icyphy/ptII/ptolemy/actor/lib/test/auto/BooleanSwitchCloningBugWithClassRelationGroup.xml (RunModel)" time="0.033" />
  <testcase classname="ptolemy.util.test.junit.AutoTests" name="[44] /home/travis/build/icyphy/ptII/ptolemy/actor/lib/test/auto/BusActors.xml (RunModel)" time="0.035" />
  <testcase classname="ptolemy.util.test.junit.AutoTests" name="[45] /home/travis/build/icyphy/ptII/ptolemy/actor/lib/test/auto/ClassWrapper.xml (RunModel)" time="0.012" />
  <testcase classname="ptolemy.util.test.junit.AutoTests" name="[46] /home/travis/build/icyphy/ptII/ptolemy/actor/lib/test/auto/Clock.xml (RunModel)" time="0.018" />
  <testcase classname="ptolemy.util.test.junit.AutoTests" name="[47] /home/travis/build/icyphy/ptII/ptolemy/actor/lib/test/auto/Clock10.xml (RunModel)" time="0.017" />
  <testcase classname="ptolemy.util.test.junit.AutoTests" name="[48] /home/travis/build/icyphy/ptII/ptolemy/actor/lib/test/auto/Clock11.xml (RunModel)" time="0.021" />
  <testcase classname="ptolemy.util.test.junit.AutoTests" name="[49] /home/travis/build/icyphy/ptII/ptolemy/actor/lib/test/auto/Clock12.xml (RunModel)" time="0.014" />
  <testcase classname="ptolemy.util.test.junit.AutoTests" name="[50] /home/travis/build/icyphy/ptII/ptolemy/actor/lib/test/auto/Clock13.xml (RunModel)" time="0.013" />
  <testcase classname="ptolemy.util.test.junit.AutoTests" name="[51] /home/travis/build/icyphy/ptII/ptolemy/actor/lib/test/auto/Clock14.xml (RunModel)" time="0.013" />
  <testcase classname="ptolemy.util.test.junit.AutoTests" name="[52] /home/travis/build/icyphy/ptII/ptolemy/actor/lib/test/auto/Clock15.xml (RunModel)" time="0.014" />
  <testcase classname="ptolemy.util.test.junit.AutoTests" name="[53] /home/travis/build/icyphy/ptII/ptolemy/actor/lib/test/auto/Clock16.xml (RunModel)" time="0.081" />
  <testcase classname="ptolemy.util.test.junit.AutoTests" name="[54] /home/travis/build/icyphy/ptII/ptolemy/actor/lib/test/auto/Clock17.xml (RunModel)" time="0.047" />
  <testcase classname="ptolemy.util.test.junit.AutoTests" name="[55] /home/travis/build/icyphy/ptII/ptolemy/actor/lib/test/auto/Clock18.xml (RunModel)" time="0.045" />
  <testcase classname="ptolemy.util.test.junit.AutoTests" name="[56] /home/travis/build/icyphy/ptII/ptolemy/actor/lib/test/auto/Clock19.xml (RunModel)" time="0.049" />
  <testcase classname="ptolemy.util.test.junit.AutoTests" name="[57] /home/travis/build/icyphy/ptII/ptolemy/actor/lib/test/auto/Clock2.xml (RunModel)" time="0.013" />
  <testcase classname="ptolemy.util.test.junit.AutoTests" name="[58] /home/travis/build/icyphy/ptII/ptolemy/actor/lib/test/auto/Clock20.xml (RunModel)" time="0.026" />
  <testcase classname="ptolemy.util.test.junit.AutoTests" name="[59] /home/travis/build/icyphy/ptII/ptolemy/actor/lib/test/auto/Clock21.xml (RunModel)" time="0.016" />
  <testcase classname="ptolemy.util.test.junit.AutoTests" name="[60] /home/travis/build/icyphy/ptII/ptolemy/actor/lib/test/auto/Clock22.xml (RunModel)" time="0.013" />
  <testcase classname="ptolemy.util.test.junit.AutoTests" name="[61] /home/travis/build/icyphy/ptII/ptolemy/actor/lib/test/auto/Clock23.xml (RunModel)" time="0.016" />
  <testcase classname="ptolemy.util.test.junit.AutoTests" name="[62] /home/travis/build/icyphy/ptII/ptolemy/actor/lib/test/auto/Clock24.xml (RunModel)" time="0.015" />
  <testcase classname="ptolemy.util.test.junit.AutoTests" name="[63] /home/travis/build/icyphy/ptII/ptolemy/actor/lib/test/auto/Clock4.xml (RunModel)" time="0.01" />
  <testcase classname="ptolemy.util.test.junit.AutoTests" name="[64] /home/travis/build/icyphy/ptII/ptolemy/actor/lib/test/auto/Clock5.xml (RunModel)" time="0.009" />
  <testcase classname="ptolemy.util.test.junit.AutoTests" name="[65] /home/travis/build/icyphy/ptII/ptolemy/actor/lib/test/auto/Clock6.xml (RunModel)" time="0.009" />
  <testcase classname="ptolemy.util.test.junit.AutoTests" name="[66] /home/travis/build/icyphy/ptII/ptolemy/actor/lib/test/auto/Clock7.xml (RunModel)" time="0.009" />
  <testcase classname="ptolemy.util.test.junit.AutoTests" name="[67] /home/travis/build/icyphy/ptII/ptolemy/actor/lib/test/auto/Clock8.xml (RunModel)" time="0.019" />
  <testcase classname="ptolemy.util.test.junit.AutoTests" name="[68] /home/travis/build/icyphy/ptII/ptolemy/actor/lib/test/auto/Clock9.xml (RunModel)" time="0.014" />
  <testcase classname="ptolemy.util.test.junit.AutoTests" name="[69] /home/travis/build/icyphy/ptII/ptolemy/actor/lib/test/auto/CommDistDiscard.xml (RunModel)" time="0.02" />
  <testcase classname="ptolemy.util.test.junit.AutoTests" name="[70] /home/travis/build/icyphy/ptII/ptolemy/actor/lib/test/auto/Commutator.xml (RunModel)" time="0.014" />
  <testcase classname="ptolemy.util.test.junit.AutoTests" name="[71] /home/travis/build/icyphy/ptII/ptolemy/actor/lib/test/auto/Commutator2.xml (RunModel)" time="0.008" />
  <testcase classname="ptolemy.util.test.junit.AutoTests" name="[72] /home/travis/build/icyphy/ptII/ptolemy/actor/lib/test/auto/Commutator3.xml (RunModel)" time="0.012" />
  <testcase classname="ptolemy.util.test.junit.AutoTests" name="[73] /home/travis/build/icyphy/ptII/ptolemy/actor/lib/test/auto/Compare.xml (RunModel)" time="0.018" />
  <testcase classname="ptolemy.util.test.junit.AutoTests" name="[74] /home/travis/build/icyphy/ptII/ptolemy/actor/lib/test/auto/CompareDE.xml (RunModel)" time="0.017" />
  <testcase classname="ptolemy.util.test.junit.AutoTests" name="[75] /home/travis/build/icyphy/ptII/ptolemy/actor/lib/test/auto/ComplexDivide.xml (RunModel)" time="0.007" />
  <testcase classname="ptolemy.util.test.junit.AutoTests" name="[76] /home/travis/build/icyphy/ptII/ptolemy/actor/lib/test/auto/ComputeHistogram.xml (RunModel)" time="0.063" />
  <testcase classname="ptolemy.util.test.junit.AutoTests" name="[77] /home/travis/build/icyphy/ptII/ptolemy/actor/lib/test/auto/ConfigurationSelect.xml (RunModel)" time="0.019" />
  <testcase classname="ptolemy.util.test.junit.AutoTests" name="[78] /home/travis/build/icyphy/ptII/ptolemy/actor/lib/test/auto/ConfigurationSelect2.xml (RunModel)" time="0.014" />
  <testcase classname="ptolemy.util.test.junit.AutoTests" name="[79] /home/travis/build/icyphy/ptII/ptolemy/actor/lib/test/auto/ConfigurationSwitch.xml (RunModel)" time="0.02" />
  <testcase classname="ptolemy.util.test.junit.AutoTests" name="[80] /home/travis/build/icyphy/ptII/ptolemy/actor/lib/test/auto/ConfigurationSwitch2.xml (RunModel)" time="0.021" />
  <testcase classname="ptolemy.util.test.junit.AutoTests" name="[81] /home/travis/build/icyphy/ptII/ptolemy/actor/lib/test/auto/ConfigurationSwitchCloningBugWithClassRelationGroup.xml (RunModel)" time="0.016" />
  <testcase classname="ptolemy.util.test.junit.AutoTests" name="[82] /home/travis/build/icyphy/ptII/ptolemy/actor/lib/test/auto/ConfigurationSwitchSelectSDF.xml (RunModel)" time="0.012" />
  <testcase classname="ptolemy.util.test.junit.AutoTests" name="[83] /home/travis/build/icyphy/ptII/ptolemy/actor/lib/test/auto/ConfigurationSwitchSelectSDF2.xml (RunModel)" time="0.012" />
  <testcase classname="ptolemy.util.test.junit.AutoTests" name="[84] /home/travis/build/icyphy/ptII/ptolemy/actor/lib/test/auto/Const.xml (RunModel)" time="0.006" />
  <testcase classname="ptolemy.util.test.junit.AutoTests" name="[85] /home/travis/build/icyphy/ptII/ptolemy/actor/lib/test/auto/Const2.xml (RunModel)" time="0.007" />
  <testcase classname="ptolemy.util.test.junit.AutoTests" name="[86] /home/travis/build/icyphy/ptII/ptolemy/actor/lib/test/auto/Const3.xml (RunModel)" time="0.005" />
  <testcase classname="ptolemy.util.test.junit.AutoTests" name="[87] /home/travis/build/icyphy/ptII/ptolemy/actor/lib/test/auto/ConstantPublisherPort1.xml (RunModel)" time="0.022" />
  <testcase classname="ptolemy.util.test.junit.AutoTests" name="[88] /home/travis/build/icyphy/ptII/ptolemy/actor/lib/test/auto/ConstantPublisherPort2.xml (RunModel)" time="0.015" />
  <testcase classname="ptolemy.util.test.junit.AutoTests" name="[89] /home/travis/build/icyphy/ptII/ptolemy/actor/lib/test/auto/ConstantPublisherPort3.xml (RunModel)" time="0.035" />
  <testcase classname="ptolemy.util.test.junit.AutoTests" name="[90] /home/travis/build/icyphy/ptII/ptolemy/actor/lib/test/auto/ConstantPublisherPort4.xml (RunModel)" time="0.013" />
  <testcase classname="ptolemy.util.test.junit.AutoTests" name="[91] /home/travis/build/icyphy/ptII/ptolemy/actor/lib/test/auto/ConstantPublisherPort5.xml (RunModel)" time="0.043" />
  <testcase classname="ptolemy.util.test.junit.AutoTests" name="[92] /home/travis/build/icyphy/ptII/ptolemy/actor/lib/test/auto/ConstantPublisherPort6.xml (RunModel)" time="0.024" />
  <testcase classname="ptolemy.util.test.junit.AutoTests" name="[93] /home/travis/build/icyphy/ptII/ptolemy/actor/lib/test/auto/ConstantPublisherPort7.xml (RunModel)" time="0.027" />
  <testcase classname="ptolemy.util.test.junit.AutoTests" name="[94] /home/travis/build/icyphy/ptII/ptolemy/actor/lib/test/auto/ConstraintMonitor1.xml (RunModel)" time="0.036" />
  <testcase classname="ptolemy.util.test.junit.AutoTests" name="[95] /home/travis/build/icyphy/ptII/ptolemy/actor/lib/test/auto/ConstraintMonitor2.xml (RunModel)" time="0.011" />
  <testcase classname="ptolemy.util.test.junit.AutoTests" name="[96] /home/travis/build/icyphy/ptII/ptolemy/actor/lib/test/auto/ConstraintMonitor3.xml (RunModel)" time="0.015" />
  <testcase classname="ptolemy.util.test.junit.AutoTests" name="[97] /home/travis/build/icyphy/ptII/ptolemy/actor/lib/test/auto/ConstraintMonitor4.xml (RunModel)" time="0.011" />
  <testcase classname="ptolemy.util.test.junit.AutoTests" name="[98] /home/travis/build/icyphy/ptII/ptolemy/actor/lib/test/auto/ConstraintMonitor5.xml (RunModel)" time="0.009" />
  <testcase classname="ptolemy.util.test.junit.AutoTests" name="[99] /home/travis/build/icyphy/ptII/ptolemy/actor/lib/test/auto/ConstraintMonitor6.xml (RunModel)" time="0.015" />
  <testcase classname="ptolemy.util.test.junit.AutoTests" name="[100] /home/travis/build/icyphy/ptII/ptolemy/actor/lib/test/auto/ConstraintMonitor7.xml (RunModel)" time="0.018" />
  <testcase classname="ptolemy.util.test.junit.AutoTests" name="[101] /home/travis/build/icyphy/ptII/ptolemy/actor/lib/test/auto/ConstraintMonitor8.xml (RunModel)" time="0.02" />
  <testcase classname="ptolemy.util.test.junit.AutoTests" name="[102] /home/travis/build/icyphy/ptII/ptolemy/actor/lib/test/auto/Counter.xml (RunModel)" time="0.016" />
  <testcase classname="ptolemy.util.test.junit.AutoTests" name="[103] /home/travis/build/icyphy/ptII/ptolemy/actor/lib/test/auto/CurrentTimeSDF.xml (RunModel)" time="0.007" />
  <testcase classname="ptolemy.util.test.junit.AutoTests" name="[104] /home/travis/build/icyphy/ptII/ptolemy/actor/lib/test/auto/DB.xml (RunModel)" time="0.011" />
  <testcase classname="ptolemy.util.test.junit.AutoTests" name="[105] /home/travis/build/icyphy/ptII/ptolemy/actor/lib/test/auto/DBDE.xml (RunModel)" time="0.023" />
  <testcase classname="ptolemy.util.test.junit.AutoTests" name="[106] /home/travis/build/icyphy/ptII/ptolemy/actor/lib/test/auto/DateConstructor.xml (RunModel)" time="0.08" />
  <testcase classname="ptolemy.util.test.junit.AutoTests" name="[107] /home/travis/build/icyphy/ptII/ptolemy/actor/lib/test/auto/DelayTime.xml (RunModel)" time="0.016" />
  <testcase classname="ptolemy.util.test.junit.AutoTests" name="[108] /home/travis/build/icyphy/ptII/ptolemy/actor/lib/test/auto/Dictionary1.xml (RunModel)" time="0.018" />
  <testcase classname="ptolemy.util.test.junit.AutoTests" name="[109] /home/travis/build/icyphy/ptII/ptolemy/actor/lib/test/auto/Dictionary2.xml (RunModel)" time="0.016" />
  <testcase classname="ptolemy.util.test.junit.AutoTests" name="[110] /home/travis/build/icyphy/ptII/ptolemy/actor/lib/test/auto/Dictionary3.xml (RunModel)" time="0.013" />
  <testcase classname="ptolemy.util.test.junit.AutoTests" name="[111] /home/travis/build/icyphy/ptII/ptolemy/actor/lib/test/auto/Dictionary4.xml (RunModel)" time="0.021" />
  <testcase classname="ptolemy.util.test.junit.AutoTests" name="[112] /home/travis/build/icyphy/ptII/ptolemy/actor/lib/test/auto/Differential.xml (RunModel)" time="0.011" />
  <testcase classname="ptolemy.util.test.junit.AutoTests" name="[113] /home/travis/build/icyphy/ptII/ptolemy/actor/lib/test/auto/Director.xml (RunModel)" time="0.01" />
  <testcase classname="ptolemy.util.test.junit.AutoTests" name="[114] /home/travis/build/icyphy/ptII/ptolemy/actor/lib/test/auto/DiscreteClock.xml (RunModel)" time="0.008" />
  <testcase classname="ptolemy.util.test.junit.AutoTests" name="[115] /home/travis/build/icyphy/ptII/ptolemy/actor/lib/test/auto/DiscreteClock10.xml (RunModel)" time="0.014" />
  <testcase classname="ptolemy.util.test.junit.AutoTests" name="[116] /home/travis/build/icyphy/ptII/ptolemy/actor/lib/test/auto/DiscreteClock11.xml (RunModel)" time="0.013" />
  <testcase classname="ptolemy.util.test.junit.AutoTests" name="[117] /home/travis/build/icyphy/ptII/ptolemy/actor/lib/test/auto/DiscreteClock12.xml (RunModel)" time="0.037" />
  <testcase classname="ptolemy.util.test.junit.AutoTests" name="[118] /home/travis/build/icyphy/ptII/ptolemy/actor/lib/test/auto/DiscreteClock13.xml (RunModel)" time="0.021" />
  <testcase classname="ptolemy.util.test.junit.AutoTests" name="[119] /home/travis/build/icyphy/ptII/ptolemy/actor/lib/test/auto/DiscreteClock14.xml (RunModel)" time="0.016" />
  <testcase classname="ptolemy.util.test.junit.AutoTests" name="[120] /home/travis/build/icyphy/ptII/ptolemy/actor/lib/test/auto/DiscreteClock15.xml (RunModel)" time="0.017" />
  <testcase classname="ptolemy.util.test.junit.AutoTests" name="[121] /home/travis/build/icyphy/ptII/ptolemy/actor/lib/test/auto/DiscreteClock16.xml (RunModel)" time="0.051" />
  <testcase classname="ptolemy.util.test.junit.AutoTests" name="[122] /home/travis/build/icyphy/ptII/ptolemy/actor/lib/test/auto/DiscreteClock17.xml (RunModel)" time="0.048" />
  <testcase classname="ptolemy.util.test.junit.AutoTests" name="[123] /home/travis/build/icyphy/ptII/ptolemy/actor/lib/test/auto/DiscreteClock18.xml (RunModel)" time="0.05" />
  <testcase classname="ptolemy.util.test.junit.AutoTests" name="[124] /home/travis/build/icyphy/ptII/ptolemy/actor/lib/test/auto/DiscreteClock19.xml (RunModel)" time="0.05" />
  <testcase classname="ptolemy.util.test.junit.AutoTests" name="[125] /home/travis/build/icyphy/ptII/ptolemy/actor/lib/test/auto/DiscreteClock2.xml (RunModel)" time="0.011" />
  <testcase classname="ptolemy.util.test.junit.AutoTests" name="[126] /home/travis/build/icyphy/ptII/ptolemy/actor/lib/test/auto/DiscreteClock20.xml (RunModel)" time="0.021" />
  <testcase classname="ptolemy.util.test.junit.AutoTests" name="[127] /home/travis/build/icyphy/ptII/ptolemy/actor/lib/test/auto/DiscreteClock21.xml (RunModel)" time="0.019" />
  <testcase classname="ptolemy.util.test.junit.AutoTests" name="[128] /home/travis/build/icyphy/ptII/ptolemy/actor/lib/test/auto/DiscreteClock22.xml (RunModel)" time="0.015" />
  <testcase classname="ptolemy.util.test.junit.AutoTests" name="[129] /home/travis/build/icyphy/ptII/ptolemy/actor/lib/test/auto/DiscreteClock23.xml (RunModel)" time="0.021" />
  <testcase classname="ptolemy.util.test.junit.AutoTests" name="[130] /home/travis/build/icyphy/ptII/ptolemy/actor/lib/test/auto/DiscreteClock24.xml (RunModel)" time="0.014" />
  <testcase classname="ptolemy.util.test.junit.AutoTests" name="[131] /home/travis/build/icyphy/ptII/ptolemy/actor/lib/test/auto/DiscreteClock4.xml (RunModel)" time="0.014" />
  <testcase classname="ptolemy.util.test.junit.AutoTests" name="[132] /home/travis/build/icyphy/ptII/ptolemy/actor/lib/test/auto/DiscreteClock5.xml (RunModel)" time="0.014" />
  <testcase classname="ptolemy.util.test.junit.AutoTests" name="[133] /home/travis/build/icyphy/ptII/ptolemy/actor/lib/test/auto/DiscreteClock6.xml (RunModel)" time="0.015" />
  <testcase classname="ptolemy.util.test.junit.AutoTests" name="[134] /home/travis/build/icyphy/ptII/ptolemy/actor/lib/test/auto/DiscreteClock7.xml (RunModel)" time="0.012" />
  <testcase classname="ptolemy.util.test.junit.AutoTests" name="[135] /home/travis/build/icyphy/ptII/ptolemy/actor/lib/test/auto/DiscreteClock8.xml (RunModel)" time="0.026" />
  <testcase classname="ptolemy.util.test.junit.AutoTests" name="[136] /home/travis/build/icyphy/ptII/ptolemy/actor/lib/test/auto/DiscreteClock9.xml (RunModel)" time="0.015" />
  <testcase classname="ptolemy.util.test.junit.AutoTests" name="[137] /home/travis/build/icyphy/ptII/ptolemy/actor/lib/test/auto/DisplayArray.xml (RunModel)" time="0.009" />
  <testcase classname="ptolemy.util.test.junit.AutoTests" name="[138] /home/travis/build/icyphy/ptII/ptolemy/actor/lib/test/auto/Distributor.xml (RunModel)" time="0.01" />
  <testcase classname="ptolemy.util.test.junit.AutoTests" name="[139] /home/travis/build/icyphy/ptII/ptolemy/actor/lib/test/auto/Distributor2.xml (RunModel)" time="0.014" />
  <testcase classname="ptolemy.util.test.junit.AutoTests" name="[140] /home/travis/build/icyphy/ptII/ptolemy/actor/lib/test/auto/DownSample.xml (RunModel)" time="0.012" />
  <testcase classname="ptolemy.util.test.junit.AutoTests" name="[141] /home/travis/build/icyphy/ptII/ptolemy/actor/lib/test/auto/ElectronicUnitBase1.xml (RunModel)" time="0.065" />
  <testcase classname="ptolemy.util.test.junit.AutoTests" name="[142] /home/travis/build/icyphy/ptII/ptolemy/actor/lib/test/auto/ElementsToArray.xml (RunModel)" time="0.012" />
  <testcase classname="ptolemy.util.test.junit.AutoTests" name="[143] /home/travis/build/icyphy/ptII/ptolemy/actor/lib/test/auto/Equals.xml (RunModel)" time="0.017" />
  <testcase classname="ptolemy.util.test.junit.AutoTests" name="[144] /home/travis/build/icyphy/ptII/ptolemy/actor/lib/test/auto/Exec.xml (RunModel)" time="0.028" />
  <testcase classname="ptolemy.util.test.junit.AutoTests" name="[145] /home/travis/build/icyphy/ptII/ptolemy/actor/lib/test/auto/ExecEnvironment.xml (RunModel)" time="0.057" />
  <testcase classname="ptolemy.util.test.junit.AutoTests" name="[146] /home/travis/build/icyphy/ptII/ptolemy/actor/lib/test/auto/ExecNonZeroReturnOutput.xml (RunModel)" time="0.179" />
  <testcase classname="ptolemy.util.test.junit.AutoTests" name="[147] /home/travis/build/icyphy/ptII/ptolemy/actor/lib/test/auto/ExecRunDemos.xml (RunModel)" time="10.472" />
  <testcase classname="ptolemy.util.test.junit.AutoTests" name="[148] /home/travis/build/icyphy/ptII/ptolemy/actor/lib/test/auto/ExecStop.xml (RunModel)" time="5.033" />
  <testcase classname="ptolemy.util.test.junit.AutoTests" name="[149] /home/travis/build/icyphy/ptII/ptolemy/actor/lib/test/auto/ExecutionTimeSDF.xml (RunModel)" time="6.042" />
  <testcase classname="ptolemy.util.test.junit.AutoTests" name="[150] /home/travis/build/icyphy/ptII/ptolemy/actor/lib/test/auto/Expression1.xml (RunModel)" time="0.007" />
  <testcase classname="ptolemy.util.test.junit.AutoTests" name="[151] /home/travis/build/icyphy/ptII/ptolemy/actor/lib/test/auto/Expression10.xml (RunModel)" time="0.014" />
  <testcase classname="ptolemy.util.test.junit.AutoTests" name="[152] /home/travis/build/icyphy/ptII/ptolemy/actor/lib/test/auto/Expression11.xml (RunModel)" time="0.012" />
  <testcase classname="ptolemy.util.test.junit.AutoTests" name="[153] /home/travis/build/icyphy/ptII/ptolemy/actor/lib/test/auto/Expression12.xml (RunModel)" time="0.015" />
  <testcase classname="ptolemy.util.test.junit.AutoTests" name="[154] /home/travis/build/icyphy/ptII/ptolemy/actor/lib/test/auto/Expression13.xml (RunModel)" time="0.012" />
  <testcase classname="ptolemy.util.test.junit.AutoTests" name="[155] /home/travis/build/icyphy/ptII/ptolemy/actor/lib/test/auto/Expression14.xml (RunModel)" time="0.018" />
  <testcase classname="ptolemy.util.test.junit.AutoTests" name="[156] /home/travis/build/icyphy/ptII/ptolemy/actor/lib/test/auto/Expression15.xml (RunModel)" time="0.009" />
  <testcase classname="ptolemy.util.test.junit.AutoTests" name="[157] /home/travis/build/icyphy/ptII/ptolemy/actor/lib/test/auto/Expression16.xml (RunModel)" time="0.012" />
  <testcase classname="ptolemy.util.test.junit.AutoTests" name="[158] /home/travis/build/icyphy/ptII/ptolemy/actor/lib/test/auto/Expression17.xml (RunModel)" time="0.013" />
  <testcase classname="ptolemy.util.test.junit.AutoTests" name="[159] /home/travis/build/icyphy/ptII/ptolemy/actor/lib/test/auto/Expression18.xml (RunModel)" time="0.015" />
  <testcase classname="ptolemy.util.test.junit.AutoTests" name="[160] /home/travis/build/icyphy/ptII/ptolemy/actor/lib/test/auto/Expression2.xml (RunModel)" time="0.016" />
  <testcase classname="ptolemy.util.test.junit.AutoTests" name="[161] /home/travis/build/icyphy/ptII/ptolemy/actor/lib/test/auto/Expression3.xml (RunModel)" time="0.015" />
  <testcase classname="ptolemy.util.test.junit.AutoTests" name="[162] /home/travis/build/icyphy/ptII/ptolemy/actor/lib/test/auto/Expression4.xml (RunModel)" time="0.02" />
  <testcase classname="ptolemy.util.test.junit.AutoTests" name="[163] /home/travis/build/icyphy/ptII/ptolemy/actor/lib/test/auto/Expression5.xml (RunModel)" time="0.019" />
  <testcase classname="ptolemy.util.test.junit.AutoTests" name="[164] /home/travis/build/icyphy/ptII/ptolemy/actor/lib/test/auto/Expression6.xml (RunModel)" time="0.009" />
  <testcase classname="ptolemy.util.test.junit.AutoTests" name="[165] /home/travis/build/icyphy/ptII/ptolemy/actor/lib/test/auto/Expression7.xml (RunModel)" time="0.017" />
  <testcase classname="ptolemy.util.test.junit.AutoTests" name="[166] /home/travis/build/icyphy/ptII/ptolemy/actor/lib/test/auto/Expression8.xml (RunModel)" time="0.016" />
  <testcase classname="ptolemy.util.test.junit.AutoTests" name="[167] /home/travis/build/icyphy/ptII/ptolemy/actor/lib/test/auto/Expression9.xml (RunModel)" time="0.008" />
  <testcase classname="ptolemy.util.test.junit.AutoTests" name="[168] /home/travis/build/icyphy/ptII/ptolemy/actor/lib/test/auto/ExpressionConcatenateArrayType.xml (RunModel)" time="0.041" />
  <testcase classname="ptolemy.util.test.junit.AutoTests" name="[169] /home/travis/build/icyphy/ptII/ptolemy/actor/lib/test/auto/ExpressionConcatenateArrayType2.xml (RunModel)" time="0.031" />
  <testcase classname="ptolemy.util.test.junit.AutoTests" name="[170] /home/travis/build/icyphy/ptII/ptolemy/actor/lib/test/auto/ExpressionFix.xml (RunModel)" time="0.054" />
  <testcase classname="ptolemy.util.test.junit.AutoTests" name="[171] /home/travis/build/icyphy/ptII/ptolemy/actor/lib/test/auto/ExpressionFix2.xml (RunModel)" time="0.016" />
  <testcase classname="ptolemy.util.test.junit.AutoTests" name="[172] /home/travis/build/icyphy/ptII/ptolemy/actor/lib/test/auto/ExpressionFix3.xml (RunModel)" time="0.014" />
  <testcase classname="ptolemy.util.test.junit.AutoTests" name="[173] /home/travis/build/icyphy/ptII/ptolemy/actor/lib/test/auto/FileWriter1.xml (RunModel)" time="0.009" />
  <testcase classname="ptolemy.util.test.junit.AutoTests" name="[174] /home/travis/build/icyphy/ptII/ptolemy/actor/lib/test/auto/FileWriter2.xml (RunModel)" time="0.012" />
  <testcase classname="ptolemy.util.test.junit.AutoTests" name="[175] /home/travis/build/icyphy/ptII/ptolemy/actor/lib/test/auto/FileWriter3.xml (RunModel)" time="0.012" />
  <testcase classname="ptolemy.util.test.junit.AutoTests" name="[176] /home/travis/build/icyphy/ptII/ptolemy/actor/lib/test/auto/Gaussian.xml (RunModel)" time="0.013" />
  <testcase classname="ptolemy.util.test.junit.AutoTests" name="[177] /home/travis/build/icyphy/ptII/ptolemy/actor/lib/test/auto/Gaussian1.xml (RunModel)" time="0.02" />
  <testcase classname="ptolemy.util.test.junit.AutoTests" name="[178] /home/travis/build/icyphy/ptII/ptolemy/actor/lib/test/auto/Gaussian2.xml (RunModel)" time="0.018" />
  <testcase classname="ptolemy.util.test.junit.AutoTests" name="[179] /home/travis/build/icyphy/ptII/ptolemy/actor/lib/test/auto/GradientAdaptiveLattice.xml (RunModel)" time="0.016" />
  <testcase classname="ptolemy.util.test.junit.AutoTests" name="[180] /home/travis/build/icyphy/ptII/ptolemy/actor/lib/test/auto/IIR.xml (RunModel)" time="0.011" />
  <testcase classname="ptolemy.util.test.junit.AutoTests" name="[181] /home/travis/build/icyphy/ptII/ptolemy/actor/lib/test/auto/InputOutputTransparentPorts.xml (RunModel)" time="0.02" />
  <testcase classname="ptolemy.util.test.junit.AutoTests" name="[182] /home/travis/build/icyphy/ptII/ptolemy/actor/lib/test/auto/Interpolator.xml (RunModel)" time="0.011" />
  <testcase classname="ptolemy.util.test.junit.AutoTests" name="[183] /home/travis/build/icyphy/ptII/ptolemy/actor/lib/test/auto/InterpolatorFiringLimitDE.xml (RunModel)" time="0.013" />
  <testcase classname="ptolemy.util.test.junit.AutoTests" name="[184] /home/travis/build/icyphy/ptII/ptolemy/actor/lib/test/auto/Lattice.xml (RunModel)" time="0.009" />
  <testcase classname="ptolemy.util.test.junit.AutoTests" name="[185] /home/travis/build/icyphy/ptII/ptolemy/actor/lib/test/auto/LazyAOCTestLazy.xml (RunModel)" time="0.044" />
  <testcase classname="ptolemy.util.test.junit.AutoTests" name="[186] /home/travis/build/icyphy/ptII/ptolemy/actor/lib/test/auto/LazyAOCTestNonLazy.xml (RunModel)" time="0.036" />
  <testcase classname="ptolemy.util.test.junit.AutoTests" name="[187] /home/travis/build/icyphy/ptII/ptolemy/actor/lib/test/auto/LazyInnerClass.xml (RunModel)" time="0.067" />
  <testcase classname="ptolemy.util.test.junit.AutoTests" name="[188] /home/travis/build/icyphy/ptII/ptolemy/actor/lib/test/auto/LazyPubSub.xml (RunModel)" time="0.04" />
  <testcase classname="ptolemy.util.test.junit.AutoTests" name="[189] /home/travis/build/icyphy/ptII/ptolemy/actor/lib/test/auto/LazyPubSub2.xml (RunModel)" time="0.047" />
  <testcase classname="ptolemy.util.test.junit.AutoTests" name="[190] /home/travis/build/icyphy/ptII/ptolemy/actor/lib/test/auto/LazyPubSub3.xml (RunModel)" time="0.026" />
  <testcase classname="ptolemy.util.test.junit.AutoTests" name="[191] /home/travis/build/icyphy/ptII/ptolemy/actor/lib/test/auto/LazySubClassModel.xml (RunModel)" time="0.026" />
  <testcase classname="ptolemy.util.test.junit.AutoTests" name="[192] /home/travis/build/icyphy/ptII/ptolemy/actor/lib/test/auto/LevelCrossTest1.xml (RunModel)" time="0.012" />
  <testcase classname="ptolemy.util.test.junit.AutoTests" name="[193] /home/travis/build/icyphy/ptII/ptolemy/actor/lib/test/auto/LevelCrossTest10.xml (RunModel)" time="0.017" />
  <testcase classname="ptolemy.util.test.junit.AutoTests" name="[194] /home/travis/build/icyphy/ptII/ptolemy/actor/lib/test/auto/LevelCrossTest11.xml (RunModel)" time="0.017" />
  <testcase classname="ptolemy.util.test.junit.AutoTests" name="[195] /home/travis/build/icyphy/ptII/ptolemy/actor/lib/test/auto/LevelCrossTest12.xml (RunModel)" time="0.018" />
  <testcase classname="ptolemy.util.test.junit.AutoTests" name="[196] /home/travis/build/icyphy/ptII/ptolemy/actor/lib/test/auto/LevelCrossTest13.xml (RunModel)" time="0.015" />
  <testcase classname="ptolemy.util.test.junit.AutoTests" name="[197] /home/travis/build/icyphy/ptII/ptolemy/actor/lib/test/auto/LevelCrossTest2.xml (RunModel)" time="0.012" />
  <testcase classname="ptolemy.util.test.junit.AutoTests" name="[198] /home/travis/build/icyphy/ptII/ptolemy/actor/lib/test/auto/LevelCrossTest3.xml (RunModel)" time="0.013" />
  <testcase classname="ptolemy.util.test.junit.AutoTests" name="[199] /home/travis/build/icyphy/ptII/ptolemy/actor/lib/test/auto/LevelCrossTest4.xml (RunModel)" time="0.012" />
  <testcase classname="ptolemy.util.test.junit.AutoTests" name="[200] /home/travis/build/icyphy/ptII/ptolemy/actor/lib/test/auto/LevelCrossTest5.xml (RunModel)" time="0.019" />
  <testcase classname="ptolemy.util.test.junit.AutoTests" name="[201] /home/travis/build/icyphy/ptII/ptolemy/actor/lib/test/auto/LevelCrossTest6.xml (RunModel)" time="0.012" />
  <testcase classname="ptolemy.util.test.junit.AutoTests" name="[202] /home/travis/build/icyphy/ptII/ptolemy/actor/lib/test/auto/LevelCrossTest7.xml (RunModel)" time="0.021" />
  <testcase classname="ptolemy.util.test.junit.AutoTests" name="[203] /home/travis/build/icyphy/ptII/ptolemy/actor/lib/test/auto/LevelCrossTest8.xml (RunModel)" time="0.013" />
  <testcase classname="ptolemy.util.test.junit.AutoTests" name="[204] /home/travis/build/icyphy/ptII/ptolemy/actor/lib/test/auto/LevelCrossTest9.xml (RunModel)" time="0.014" />
  <testcase classname="ptolemy.util.test.junit.AutoTests" name="[205] /home/travis/build/icyphy/ptII/ptolemy/actor/lib/test/auto/LevinsonDurbin.xml (RunModel)" time="0.012" />
  <testcase classname="ptolemy.util.test.junit.AutoTests" name="[206] /home/travis/build/icyphy/ptII/ptolemy/actor/lib/test/auto/LevinsonDurbin2.xml (RunModel)" time="0.009" />
  <testcase classname="ptolemy.util.test.junit.AutoTests" name="[207] /home/travis/build/icyphy/ptII/ptolemy/actor/lib/test/auto/LevinsonDurbin3.xml (RunModel)" time="0.018" />
  <testcase classname="ptolemy.util.test.junit.AutoTests" name="[208] /home/travis/build/icyphy/ptII/ptolemy/actor/lib/test/auto/Limiter.xml (RunModel)" time="0.038" />
  <testcase classname="ptolemy.util.test.junit.AutoTests" name="[209] /home/travis/build/icyphy/ptII/ptolemy/actor/lib/test/auto/LinearDifferenceEquationSystem.xml (RunModel)" time="0.023" />
  <testcase classname="ptolemy.util.test.junit.AutoTests" name="[210] /home/travis/build/icyphy/ptII/ptolemy/actor/lib/test/auto/LookupTable.xml (RunModel)" time="0.011" />
  <testcase classname="ptolemy.util.test.junit.AutoTests" name="[211] /home/travis/build/icyphy/ptII/ptolemy/actor/lib/test/auto/MathFunction.xml (RunModel)" time="0.023" />
  <testcase classname="ptolemy.util.test.junit.AutoTests" name="[212] /home/travis/build/icyphy/ptII/ptolemy/actor/lib/test/auto/MathFunction2.xml (RunModel)" time="0.011" />
  <testcase classname="ptolemy.util.test.junit.AutoTests" name="[213] /home/travis/build/icyphy/ptII/ptolemy/actor/lib/test/auto/MathFunction3.xml (RunModel)" time="0.017" />
  <testcase classname="ptolemy.util.test.junit.AutoTests" name="[214] /home/travis/build/icyphy/ptII/ptolemy/actor/lib/test/auto/MatrixCropBoolean.xml (RunModel)" time="0.015" />
  <testcase classname="ptolemy.util.test.junit.AutoTests" name="[215] /home/travis/build/icyphy/ptII/ptolemy/actor/lib/test/auto/MatrixCropComplex.xml (RunModel)" time="0.01" />
  <testcase classname="ptolemy.util.test.junit.AutoTests" name="[216] /home/travis/build/icyphy/ptII/ptolemy/actor/lib/test/auto/MatrixCropDouble.xml (RunModel)" time="0.012" />
  <testcase classname="ptolemy.util.test.junit.AutoTests" name="[217] /home/travis/build/icyphy/ptII/ptolemy/actor/lib/test/auto/MatrixCropFix.xml (RunModel)" time="0.012" />
  <testcase classname="ptolemy.util.test.junit.AutoTests" name="[218] /home/travis/build/icyphy/ptII/ptolemy/actor/lib/test/auto/MatrixCropInt.xml (RunModel)" time="0.01" />
  <testcase classname="ptolemy.util.test.junit.AutoTests" name="[219] /home/travis/build/icyphy/ptII/ptolemy/actor/lib/test/auto/MatrixCropLong.xml (RunModel)" time="0.009" />
  <testcase classname="ptolemy.util.test.junit.AutoTests" name="[220] /home/travis/build/icyphy/ptII/ptolemy/actor/lib/test/auto/MatrixToArray.xml (RunModel)" time="0.06" />
  <testcase classname="ptolemy.util.test.junit.AutoTests" name="[221] /home/travis/build/icyphy/ptII/ptolemy/actor/lib/test/auto/MaxIndex.xml (RunModel)" time="0.017" />
  <testcase classname="ptolemy.util.test.junit.AutoTests" name="[222] /home/travis/build/icyphy/ptII/ptolemy/actor/lib/test/auto/Maximum.xml (RunModel)" time="0.016" />
  <testcase classname="ptolemy.util.test.junit.AutoTests" name="[223] /home/travis/build/icyphy/ptII/ptolemy/actor/lib/test/auto/MaximumComplex.xml (RunModel)" time="0.016" />
  <testcase classname="ptolemy.util.test.junit.AutoTests" name="[224] /home/travis/build/icyphy/ptII/ptolemy/actor/lib/test/auto/MethodCallTest.xml (RunModel)" time="0.019" />
  <testcase classname="ptolemy.util.test.junit.AutoTests" name="[225] /home/travis/build/icyphy/ptII/ptolemy/actor/lib/test/auto/Minimum.xml (RunModel)" time="0.015" />
  <testcase classname="ptolemy.util.test.junit.AutoTests" name="[226] /home/travis/build/icyphy/ptII/ptolemy/actor/lib/test/auto/MinimumComplex.xml (RunModel)" time="0.022" />
  <testcase classname="ptolemy.util.test.junit.AutoTests" name="[227] /home/travis/build/icyphy/ptII/ptolemy/actor/lib/test/auto/MinimumMultiports.xml (RunModel)" time="0.016" />
  <testcase classname="ptolemy.util.test.junit.AutoTests" name="[228] /home/travis/build/icyphy/ptII/ptolemy/actor/lib/test/auto/ModifyDate.xml (RunModel)" time="0.039" />
  <testcase classname="ptolemy.util.test.junit.AutoTests" name="[229] /home/travis/build/icyphy/ptII/ptolemy/actor/lib/test/auto/ModifyDate2.xml (RunModel)" time="0.03" />
  <testcase classname="ptolemy.util.test.junit.AutoTests" name="[230] /home/travis/build/icyphy/ptII/ptolemy/actor/lib/test/auto/MovingAverage.xml (RunModel)" time="0.01" />
  <testcase classname="ptolemy.util.test.junit.AutoTests" name="[231] /home/travis/build/icyphy/ptII/ptolemy/actor/lib/test/auto/MovingMaximum.xml (RunModel)" time="0.011" />
  <testcase classname="ptolemy.util.test.junit.AutoTests" name="[232] /home/travis/build/icyphy/ptII/ptolemy/actor/lib/test/auto/MultipleLinksToSameRelation.xml (RunModel)" time="0.008" />
  <testcase classname="ptolemy.util.test.junit.AutoTests" name="[233] /home/travis/build/icyphy/ptII/ptolemy/actor/lib/test/auto/MultipleLinksToSameRelationDE.xml (RunModel)" time="0.018" />
  <testcase classname="ptolemy.util.test.junit.AutoTests" name="[234] /home/travis/build/icyphy/ptII/ptolemy/actor/lib/test/auto/Multiplexor.xml (RunModel)" time="0.032" />
  <testcase classname="ptolemy.util.test.junit.AutoTests" name="[235] /home/travis/build/icyphy/ptII/ptolemy/actor/lib/test/auto/Multiplexor1.xml (RunModel)" time="0.01" />
  <testcase classname="ptolemy.util.test.junit.AutoTests" name="[236] /home/travis/build/icyphy/ptII/ptolemy/actor/lib/test/auto/Multiplexor2.xml (RunModel)" time="0.011" />
  <testcase classname="ptolemy.util.test.junit.AutoTests" name="[237] /home/travis/build/icyphy/ptII/ptolemy/actor/lib/test/auto/Multiplexor3.xml (RunModel)" time="0.008" />
  <testcase classname="ptolemy.util.test.junit.AutoTests" name="[238] /home/travis/build/icyphy/ptII/ptolemy/actor/lib/test/auto/MultiplexorDE.xml (RunModel)" time="0.016" />
  <testcase classname="ptolemy.util.test.junit.AutoTests" name="[239] /home/travis/build/icyphy/ptII/ptolemy/actor/lib/test/auto/MultiportBroadcastTest.xml (RunModel)" time="0.094" />
  <testcase classname="ptolemy.util.test.junit.AutoTests" name="[240] /home/travis/build/icyphy/ptII/ptolemy/actor/lib/test/auto/MultiportOutHangDuringGetWidth.xml (RunModel)" time="0.032" />
  <testcase classname="ptolemy.util.test.junit.AutoTests" name="[241] /home/travis/build/icyphy/ptII/ptolemy/actor/lib/test/auto/NilToken.xml (RunModel)" time="0.011" />
  <testcase classname="ptolemy.util.test.junit.AutoTests" name="[242] /home/travis/build/icyphy/ptII/ptolemy/actor/lib/test/auto/NilTokenNonStrictTest.xml (RunModel)" time="0.009" />
  <testcase classname="ptolemy.util.test.junit.AutoTests" name="[243] /home/travis/build/icyphy/ptII/ptolemy/actor/lib/test/auto/NilTokenRecord.xml (RunModel)" time="0.022" />
  <testcase classname="ptolemy.util.test.junit.AutoTests" name="[244] /home/travis/build/icyphy/ptII/ptolemy/actor/lib/test/auto/NilTokenTypeTest.xml (RunModel)" time="0.032" />
  <testcase classname="ptolemy.util.test.junit.AutoTests" name="[245] /home/travis/build/icyphy/ptII/ptolemy/actor/lib/test/auto/ObjectToken1.xml (RunModel)" time="0.009" />
  <testcase classname="ptolemy.util.test.junit.AutoTests" name="[246] /home/travis/build/icyphy/ptII/ptolemy/actor/lib/test/auto/OrderedMerge.xml (RunModel)" time="0.016" />
  <testcase classname="ptolemy.util.test.junit.AutoTests" name="[247] /home/travis/build/icyphy/ptII/ptolemy/actor/lib/test/auto/OrderedRecordDisassembler.xml (RunModel)" time="0.018" />
  <testcase classname="ptolemy.util.test.junit.AutoTests" name="[248] /home/travis/build/icyphy/ptII/ptolemy/actor/lib/test/auto/OrderedRecordDisassembler2.xml (RunModel)" time="0.023" />
  <testcase classname="ptolemy.util.test.junit.AutoTests" name="[249] /home/travis/build/icyphy/ptII/ptolemy/actor/lib/test/auto/OrderedRecordUpdater.xml (RunModel)" time="0.012" />
  <testcase classname="ptolemy.util.test.junit.AutoTests" name="[250] /home/travis/build/icyphy/ptII/ptolemy/actor/lib/test/auto/OrderedRecordUpdater2.xml (RunModel)" time="0.019" />
  <testcase classname="ptolemy.util.test.junit.AutoTests" name="[251] /home/travis/build/icyphy/ptII/ptolemy/actor/lib/test/auto/PhaseUnwrap.xml (RunModel)" time="0.014" />
  <testcase classname="ptolemy.util.test.junit.AutoTests" name="[252] /home/travis/build/icyphy/ptII/ptolemy/actor/lib/test/auto/PoissonClock.xml (RunModel)" time="0.012" />
  <testcase classname="ptolemy.util.test.junit.AutoTests" name="[253] /home/travis/build/icyphy/ptII/ptolemy/actor/lib/test/auto/PoissonClock2.xml (RunModel)" time="0.007" />
  <testcase classname="ptolemy.util.test.junit.AutoTests" name="[254] /home/travis/build/icyphy/ptII/ptolemy/actor/lib/test/auto/PoissonClock3.xml (RunModel)" time="0.023" />
  <testcase classname="ptolemy.util.test.junit.AutoTests" name="[255] /home/travis/build/icyphy/ptII/ptolemy/actor/lib/test/auto/PubSubWithInitialTokens.xml (RunModel)" time="0.017" />
  <testcase classname="ptolemy.util.test.junit.AutoTests" name="[256] /home/travis/build/icyphy/ptII/ptolemy/actor/lib/test/auto/PubSubWithInitialTokens2.xml (RunModel)" time="0.013" />
  <testcase classname="ptolemy.util.test.junit.AutoTests" name="[257] /home/travis/build/icyphy/ptII/ptolemy/actor/lib/test/auto/PublisherClassNoParameter.xml (RunModel)" time="0.021" />
  <testcase classname="ptolemy.util.test.junit.AutoTests" name="[258] /home/travis/build/icyphy/ptII/ptolemy/actor/lib/test/auto/PublisherClassParameter.xml (RunModel)" time="0.019" />
  <testcase classname="ptolemy.util.test.junit.AutoTests" name="[259] /home/travis/build/icyphy/ptII/ptolemy/actor/lib/test/auto/PublisherNonStrictTest.xml (RunModel)" time="0.014" />
  <testcase classname="ptolemy.util.test.junit.AutoTests" name="[260] /home/travis/build/icyphy/ptII/ptolemy/actor/lib/test/auto/PublisherPort1.xml (RunModel)" time="0.017" />
  <testcase classname="ptolemy.util.test.junit.AutoTests" name="[261] /home/travis/build/icyphy/ptII/ptolemy/actor/lib/test/auto/PublisherPort2.xml (RunModel)" time="0.009" />
  <testcase classname="ptolemy.util.test.junit.AutoTests" name="[262] /home/travis/build/icyphy/ptII/ptolemy/actor/lib/test/auto/PublisherPort3.xml (RunModel)" time="0.011" />
  <testcase classname="ptolemy.util.test.junit.AutoTests" name="[263] /home/travis/build/icyphy/ptII/ptolemy/actor/lib/test/auto/PublisherPort4.xml (RunModel)" time="0.011" />
  <testcase classname="ptolemy.util.test.junit.AutoTests" name="[264] /home/travis/build/icyphy/ptII/ptolemy/actor/lib/test/auto/PublisherPort5.xml (RunModel)" time="0.012" />
  <testcase classname="ptolemy.util.test.junit.AutoTests" name="[265] /home/travis/build/icyphy/ptII/ptolemy/actor/lib/test/auto/PublisherPort5LookAlike.xml (RunModel)" time="0.016" />
  <testcase classname="ptolemy.util.test.junit.AutoTests" name="[266] /home/travis/build/icyphy/ptII/ptolemy/actor/lib/test/auto/PublisherPort6.xml (RunModel)" time="0.011" />
  <testcase classname="ptolemy.util.test.junit.AutoTests" name="[267] /home/travis/build/icyphy/ptII/ptolemy/actor/lib/test/auto/PublisherPort7.xml (RunModel)" time="0.015" />
  <testcase classname="ptolemy.util.test.junit.AutoTests" name="[268] /home/travis/build/icyphy/ptII/ptolemy/actor/lib/test/auto/PublisherPort8.xml (RunModel)" time="0.015" />
  <testcase classname="ptolemy.util.test.junit.AutoTests" name="[269] /home/travis/build/icyphy/ptII/ptolemy/actor/lib/test/auto/PublisherPortSubscriberChannelVariablesAOC2.xml (RunModel)" time="0.029" />
  <testcase classname="ptolemy.util.test.junit.AutoTests" name="[270] /home/travis/build/icyphy/ptII/ptolemy/actor/lib/test/auto/PublisherPortSubscriberOpaqueWidthInference.xml (RunModel)" time="0.014" />
  <testcase classname="ptolemy.util.test.junit.AutoTests" name="[271] /home/travis/build/icyphy/ptII/ptolemy/actor/lib/test/auto/PublisherPortSubscriberPortAdjacent.xml (RunModel)" time="0.017" />
  <testcase classname="ptolemy.util.test.junit.AutoTests" name="[272] /home/travis/build/icyphy/ptII/ptolemy/actor/lib/test/auto/PublisherPortSubscriberPortExpression.xml (RunModel)" time="0.023" />
  <testcase classname="ptolemy.util.test.junit.AutoTests" name="[273] /home/travis/build/icyphy/ptII/ptolemy/actor/lib/test/auto/PublisherPortSubscriberPortOpaqueD3Reverse.xml (RunModel)" time="0.017" />
  <testcase classname="ptolemy.util.test.junit.AutoTests" name="[274] /home/travis/build/icyphy/ptII/ptolemy/actor/lib/test/auto/PublisherPortSubscriberPortOpaqueWidthInference.xml (RunModel)" time="0.014" />
  <testcase classname="ptolemy.util.test.junit.AutoTests" name="[275] /home/travis/build/icyphy/ptII/ptolemy/actor/lib/test/auto/PublisherPortToplevelSubscriberPortAOC.xml (RunModel)" time="0.009" />
  <testcase classname="ptolemy.util.test.junit.AutoTests" name="[276] /home/travis/build/icyphy/ptII/ptolemy/actor/lib/test/auto/PublisherSubscriber.xml (RunModel)" time="0.014" />
  <testcase classname="ptolemy.util.test.junit.AutoTests" name="[277] /home/travis/build/icyphy/ptII/ptolemy/actor/lib/test/auto/PublisherSubscriber10.xml (RunModel)" time="0.023" />
  <testcase classname="ptolemy.util.test.junit.AutoTests" name="[278] /home/travis/build/icyphy/ptII/ptolemy/actor/lib/test/auto/PublisherSubscriber10InitialOutputs.xml (RunModel)" time="0.037" />
  <testcase classname="ptolemy.util.test.junit.AutoTests" name="[279] /home/travis/build/icyphy/ptII/ptolemy/actor/lib/test/auto/PublisherSubscriber11.xml (RunModel)" time="0.038" />
  <testcase classname="ptolemy.util.test.junit.AutoTests" name="[280] /home/travis/build/icyphy/ptII/ptolemy/actor/lib/test/auto/PublisherSubscriber12.xml (RunModel)" time="0.022" />
  <testcase classname="ptolemy.util.test.junit.AutoTests" name="[281] /home/travis/build/icyphy/ptII/ptolemy/actor/lib/test/auto/PublisherSubscriber13.xml (RunModel)" time="0.013" />
  <testcase classname="ptolemy.util.test.junit.AutoTests" name="[282] /home/travis/build/icyphy/ptII/ptolemy/actor/lib/test/auto/PublisherSubscriber14.xml (RunModel)" time="0.02" />
  <testcase classname="ptolemy.util.test.junit.AutoTests" name="[283] /home/travis/build/icyphy/ptII/ptolemy/actor/lib/test/auto/PublisherSubscriber2.xml (RunModel)" time="0.012" />
  <testcase classname="ptolemy.util.test.junit.AutoTests" name="[284] /home/travis/build/icyphy/ptII/ptolemy/actor/lib/test/auto/PublisherSubscriber3.xml (RunModel)" time="0.01" />
  <testcase classname="ptolemy.util.test.junit.AutoTests" name="[285] /home/travis/build/icyphy/ptII/ptolemy/actor/lib/test/auto/PublisherSubscriber4.xml (RunModel)" time="0.009" />
  <testcase classname="ptolemy.util.test.junit.AutoTests" name="[286] /home/travis/build/icyphy/ptII/ptolemy/actor/lib/test/auto/PublisherSubscriber5.xml (RunModel)" time="0.011" />
  <testcase classname="ptolemy.util.test.junit.AutoTests" name="[287] /home/travis/build/icyphy/ptII/ptolemy/actor/lib/test/auto/PublisherSubscriber6.xml (RunModel)" time="0.012" />
  <testcase classname="ptolemy.util.test.junit.AutoTests" name="[288] /home/travis/build/icyphy/ptII/ptolemy/actor/lib/test/auto/PublisherSubscriber7.xml (RunModel)" time="0.018" />
  <testcase classname="ptolemy.util.test.junit.AutoTests" name="[289] /home/travis/build/icyphy/ptII/ptolemy/actor/lib/test/auto/PublisherSubscriber8.xml (RunModel)" time="0.034" />
  <testcase classname="ptolemy.util.test.junit.AutoTests" name="[290] /home/travis/build/icyphy/ptII/ptolemy/actor/lib/test/auto/PublisherSubscriber9.xml (RunModel)" time="0.017" />
  <testcase classname="ptolemy.util.test.junit.AutoTests" name="[291] /home/travis/build/icyphy/ptII/ptolemy/actor/lib/test/auto/PublisherSubscriberAdjacent.xml (RunModel)" time="0.013" />
  <testcase classname="ptolemy.util.test.junit.AutoTests" name="[292] /home/travis/build/icyphy/ptII/ptolemy/actor/lib/test/auto/PublisherSubscriberChannelVariablesAOC2.xml (RunModel)" time="0.023" />
  <testcase classname="ptolemy.util.test.junit.AutoTests" name="[293] /home/travis/build/icyphy/ptII/ptolemy/actor/lib/test/auto/PublisherSubscriberD3.xml (RunModel)" time="0.011" />
  <testcase classname="ptolemy.util.test.junit.AutoTests" name="[294] /home/travis/build/icyphy/ptII/ptolemy/actor/lib/test/auto/PublisherSubscriberD3Reverse.xml (RunModel)" time="0.009" />
  <testcase classname="ptolemy.util.test.junit.AutoTests" name="[295] /home/travis/build/icyphy/ptII/ptolemy/actor/lib/test/auto/PublisherSubscriberExpression.xml (RunModel)" time="0.015" />
  <testcase classname="ptolemy.util.test.junit.AutoTests" name="[296] /home/travis/build/icyphy/ptII/ptolemy/actor/lib/test/auto/PublisherSubscriberOpaque.xml (RunModel)" time="0.014" />
  <testcase classname="ptolemy.util.test.junit.AutoTests" name="[297] /home/travis/build/icyphy/ptII/ptolemy/actor/lib/test/auto/PublisherSubscriberOpaqueD3.xml (RunModel)" time="0.02" />
  <testcase classname="ptolemy.util.test.junit.AutoTests" name="[298] /home/travis/build/icyphy/ptII/ptolemy/actor/lib/test/auto/PublisherSubscriberOpaqueD3Reverse.xml (RunModel)" time="0.019" />
  <testcase classname="ptolemy.util.test.junit.AutoTests" name="[299] /home/travis/build/icyphy/ptII/ptolemy/actor/lib/test/auto/PublisherSubscriberOpaqueWidthInference.xml (RunModel)" time="0.017" />
  <testcase classname="ptolemy.util.test.junit.AutoTests" name="[300] /home/travis/build/icyphy/ptII/ptolemy/actor/lib/test/auto/PublisherTestSubscriber.xml (RunModel)" time="0.016" />
  <testcase classname="ptolemy.util.test.junit.AutoTests" name="[301] /home/travis/build/icyphy/ptII/ptolemy/actor/lib/test/auto/PublisherToplevelSubscriberPortAOC.xml (RunModel)" time="0.01" />
  <testcase classname="ptolemy.util.test.junit.AutoTests" name="[302] /home/travis/build/icyphy/ptII/ptolemy/actor/lib/test/auto/PulseFiringLimitDE.xml (RunModel)" time="0.011" />
  <testcase classname="ptolemy.util.test.junit.AutoTests" name="[303] /home/travis/build/icyphy/ptII/ptolemy/actor/lib/test/auto/Ramp1.xml (RunModel)" time="0.006" />
  <testcase classname="ptolemy.util.test.junit.AutoTests" name="[304] /home/travis/build/icyphy/ptII/ptolemy/actor/lib/test/auto/RampFiringLimitDE.xml (RunModel)" time="0.009" />
  <testcase classname="ptolemy.util.test.junit.AutoTests" name="[305] /home/travis/build/icyphy/ptII/ptolemy/actor/lib/test/auto/RampFiringLimitSDF.xml (RunModel)" time="0.008" />
  <testcase classname="ptolemy.util.test.junit.AutoTests" name="[306] /home/travis/build/icyphy/ptII/ptolemy/actor/lib/test/auto/RandomInteger.xml (RunModel)" time="0.007" />
  <testcase classname="ptolemy.util.test.junit.AutoTests" name="[307] /home/travis/build/icyphy/ptII/ptolemy/actor/lib/test/auto/ReadFile1.xml (RunModel)" time="0.007" />
  <testcase classname="ptolemy.util.test.junit.AutoTests" name="[308] /home/travis/build/icyphy/ptII/ptolemy/actor/lib/test/auto/ReadFile2.xml (RunModel)" time="0.008" />
  <testcase classname="ptolemy.util.test.junit.AutoTests" name="[309] /home/travis/build/icyphy/ptII/ptolemy/actor/lib/test/auto/Reader.xml (RunModel)" time="0.011" />
  <testcase classname="ptolemy.util.test.junit.AutoTests" name="[310] /home/travis/build/icyphy/ptII/ptolemy/actor/lib/test/auto/RecordAssemblerDisplayNameTest.xml (RunModel)" time="3.872" />
  <testcase classname="ptolemy.util.test.junit.AutoTests" name="[311] /home/travis/build/icyphy/ptII/ptolemy/actor/lib/test/auto/RecordAssemblerTypeError.xml (RunModel)" time="0.032" />
  <testcase classname="ptolemy.util.test.junit.AutoTests" name="[312] /home/travis/build/icyphy/ptII/ptolemy/actor/lib/test/auto/RecordDisassember.xml (RunModel)" time="0.015" />
  <testcase classname="ptolemy.util.test.junit.AutoTests" name="[313] /home/travis/build/icyphy/ptII/ptolemy/actor/lib/test/auto/RecordDisassemberDisplayNameTest.xml (RunModel)" time="0.021" />
  <testcase classname="ptolemy.util.test.junit.AutoTests" name="[314] /home/travis/build/icyphy/ptII/ptolemy/actor/lib/test/auto/RecordDisassembler.xml (RunModel)" time="0.009" />
  <testcase classname="ptolemy.util.test.junit.AutoTests" name="[315] /home/travis/build/icyphy/ptII/ptolemy/actor/lib/test/auto/RecordDisassembler2.xml (RunModel)" time="0.01" />
  <testcase classname="ptolemy.util.test.junit.AutoTests" name="[316] /home/travis/build/icyphy/ptII/ptolemy/actor/lib/test/auto/RecordUpdater.xml (RunModel)" time="0.008" />
  <testcase classname="ptolemy.util.test.junit.AutoTests" name="[317] /home/travis/build/icyphy/ptII/ptolemy/actor/lib/test/auto/RecordUpdater2.xml (RunModel)" time="0.01" />
  <testcase classname="ptolemy.util.test.junit.AutoTests" name="[318] /home/travis/build/icyphy/ptII/ptolemy/actor/lib/test/auto/RecursiveLattice.xml (RunModel)" time="0.009" />
  <testcase classname="ptolemy.util.test.junit.AutoTests" name="[319] /home/travis/build/icyphy/ptII/ptolemy/actor/lib/test/auto/Router.xml (RunModel)" time="3.023" />
  <testcase classname="ptolemy.util.test.junit.AutoTests" name="[320] /home/travis/build/icyphy/ptII/ptolemy/actor/lib/test/auto/Router2.xml (RunModel)" time="3.023" />
  <testcase classname="ptolemy.util.test.junit.AutoTests" name="[321] /home/travis/build/icyphy/ptII/ptolemy/actor/lib/test/auto/RunningMaximum.xml (RunModel)" time="0.025" />
  <testcase classname="ptolemy.util.test.junit.AutoTests" name="[322] /home/travis/build/icyphy/ptII/ptolemy/actor/lib/test/auto/RunningMinimum.xml (RunModel)" time="0.015" />
  <testcase classname="ptolemy.util.test.junit.AutoTests" name="[323] /home/travis/build/icyphy/ptII/ptolemy/actor/lib/test/auto/Scale.xml (RunModel)" time="0.011" />
  <testcase classname="ptolemy.util.test.junit.AutoTests" name="[324] /home/travis/build/icyphy/ptII/ptolemy/actor/lib/test/auto/Scale2.xml (RunModel)" time="0.008" />
  <testcase classname="ptolemy.util.test.junit.AutoTests" name="[325] /home/travis/build/icyphy/ptII/ptolemy/actor/lib/test/auto/Scale3.xml (RunModel)" time="0.014" />
  <testcase classname="ptolemy.util.test.junit.AutoTests" name="[326] /home/travis/build/icyphy/ptII/ptolemy/actor/lib/test/auto/ScaleArray.xml (RunModel)" time="0.006" />
  <testcase classname="ptolemy.util.test.junit.AutoTests" name="[327] /home/travis/build/icyphy/ptII/ptolemy/actor/lib/test/auto/ScaleArray2.xml (RunModel)" time="0.007" />
  <testcase classname="ptolemy.util.test.junit.AutoTests" name="[328] /home/travis/build/icyphy/ptII/ptolemy/actor/lib/test/auto/ScaleMatrix.xml (RunModel)" time="0.15" />
  <testcase classname="ptolemy.util.test.junit.AutoTests" name="[329] /home/travis/build/icyphy/ptII/ptolemy/actor/lib/test/auto/Select.xml (RunModel)" time="0.014" />
  <testcase classname="ptolemy.util.test.junit.AutoTests" name="[330] /home/travis/build/icyphy/ptII/ptolemy/actor/lib/test/auto/Select2.xml (RunModel)" time="0.008" />
  <testcase classname="ptolemy.util.test.junit.AutoTests" name="[331] /home/travis/build/icyphy/ptII/ptolemy/actor/lib/test/auto/SequenceToArray2.xml (RunModel)" time="0.125" />
  <testcase classname="ptolemy.util.test.junit.AutoTests" name="[332] /home/travis/build/icyphy/ptII/ptolemy/actor/lib/test/auto/SequentialClock.xml (RunModel)" time="0.012" />
  <testcase classname="ptolemy.util.test.junit.AutoTests" name="[333] /home/travis/build/icyphy/ptII/ptolemy/actor/lib/test/auto/SetVariable.xml (RunModel)" time="0.009" />
  <testcase classname="ptolemy.util.test.junit.AutoTests" name="[334] /home/travis/build/icyphy/ptII/ptolemy/actor/lib/test/auto/SetVariable2.xml (RunModel)" time="0.009" />
  <testcase classname="ptolemy.util.test.junit.AutoTests" name="[335] /home/travis/build/icyphy/ptII/ptolemy/actor/lib/test/auto/SetVariable3.xml (RunModel)" time="0.014" />
  <testcase classname="ptolemy.util.test.junit.AutoTests" name="[336] /home/travis/build/icyphy/ptII/ptolemy/actor/lib/test/auto/SetVariable4.xml (RunModel)" time="0.026" />
  <testcase classname="ptolemy.util.test.junit.AutoTests" name="[337] /home/travis/build/icyphy/ptII/ptolemy/actor/lib/test/auto/SetVariable5.xml (RunModel)" time="0.038" />
  <testcase classname="ptolemy.util.test.junit.AutoTests" name="[338] /home/travis/build/icyphy/ptII/ptolemy/actor/lib/test/auto/Sinewave.xml (RunModel)" time="0.022" />
  <testcase classname="ptolemy.util.test.junit.AutoTests" name="[339] /home/travis/build/icyphy/ptII/ptolemy/actor/lib/test/auto/Sinewave2.xml (RunModel)" time="0.013" />
  <testcase classname="ptolemy.util.test.junit.AutoTests" name="[340] /home/travis/build/icyphy/ptII/ptolemy/actor/lib/test/auto/Sinewave3.xml (RunModel)" time="0.03" />
  <testcase classname="ptolemy.util.test.junit.AutoTests" name="[341] /home/travis/build/icyphy/ptII/ptolemy/actor/lib/test/auto/SingleEvent.xml (RunModel)" time="0.011" />
  <testcase classname="ptolemy.util.test.junit.AutoTests" name="[342] /home/travis/build/icyphy/ptII/ptolemy/actor/lib/test/auto/Sleep.xml (RunModel)" time="6.019" />
  <testcase classname="ptolemy.util.test.junit.AutoTests" name="[343] /home/travis/build/icyphy/ptII/ptolemy/actor/lib/test/auto/SleepMultipleFire.xml (RunModel)" time="1.015" />
  <testcase classname="ptolemy.util.test.junit.AutoTests" name="[344] /home/travis/build/icyphy/ptII/ptolemy/actor/lib/test/auto/StopDE.xml (RunModel)" time="0.025" />
  <testcase classname="ptolemy.util.test.junit.AutoTests" name="[345] /home/travis/build/icyphy/ptII/ptolemy/actor/lib/test/auto/StopSDF.xml (RunModel)" time="0.012" />
  <testcase classname="ptolemy.util.test.junit.AutoTests" name="[346] /home/travis/build/icyphy/ptII/ptolemy/actor/lib/test/auto/StringConstant.xml (RunModel)" time="0.015" />
  <testcase classname="ptolemy.util.test.junit.AutoTests" name="[347] /home/travis/build/icyphy/ptII/ptolemy/actor/lib/test/auto/SubscriberPortInitialValues1.xml (RunModel)" time="0.021" />
  <testcase classname="ptolemy.util.test.junit.AutoTests" name="[348] /home/travis/build/icyphy/ptII/ptolemy/actor/lib/test/auto/SubscriberPortInitialValues13.xml (RunModel)" time="0.029" />
  <testcase classname="ptolemy.util.test.junit.AutoTests" name="[349] /home/travis/build/icyphy/ptII/ptolemy/actor/lib/test/auto/SubscriberPortInitialValues14.xml (RunModel)" time="0.017" />
  <testcase classname="ptolemy.util.test.junit.AutoTests" name="[350] /home/travis/build/icyphy/ptII/ptolemy/actor/lib/test/auto/SubscriberPortInitialValues2.xml (RunModel)" time="0.015" />
  <testcase classname="ptolemy.util.test.junit.AutoTests" name="[351] /home/travis/build/icyphy/ptII/ptolemy/actor/lib/test/auto/SubscriberPortInitialValues3.xml (RunModel)" time="0.019" />
  <testcase classname="ptolemy.util.test.junit.AutoTests" name="[352] /home/travis/build/icyphy/ptII/ptolemy/actor/lib/test/auto/SubscriptionAggregator.xml (RunModel)" time="0.01" />
  <testcase classname="ptolemy.util.test.junit.AutoTests" name="[353] /home/travis/build/icyphy/ptII/ptolemy/actor/lib/test/auto/SubscriptionAggregator2.xml (RunModel)" time="0.01" />
  <testcase classname="ptolemy.util.test.junit.AutoTests" name="[354] /home/travis/build/icyphy/ptII/ptolemy/actor/lib/test/auto/SubscriptionAggregator3.xml (RunModel)" time="0.017" />
  <testcase classname="ptolemy.util.test.junit.AutoTests" name="[355] /home/travis/build/icyphy/ptII/ptolemy/actor/lib/test/auto/SubscriptionAggregatorMultiply.xml (RunModel)" time="0.024" />
  <testcase classname="ptolemy.util.test.junit.AutoTests" name="[356] /home/travis/build/icyphy/ptII/ptolemy/actor/lib/test/auto/SubscriptionAggregatorPortMultiply1.xml (RunModel)" time="0.014" />
  <testcase classname="ptolemy.util.test.junit.AutoTests" name="[357] /home/travis/build/icyphy/ptII/ptolemy/actor/lib/test/auto/Switch.xml (RunModel)" time="0.015" />
  <testcase classname="ptolemy.util.test.junit.AutoTests" name="[358] /home/travis/build/icyphy/ptII/ptolemy/actor/lib/test/auto/Switch2.xml (RunModel)" time="0.01" />
  <testcase classname="ptolemy.util.test.junit.AutoTests" name="[359] /home/travis/build/icyphy/ptII/ptolemy/actor/lib/test/auto/SwitchDE.xml (RunModel)" time="0.013" />
  <testcase classname="ptolemy.util.test.junit.AutoTests" name="[360] /home/travis/build/icyphy/ptII/ptolemy/actor/lib/test/auto/SynchronizerDE.xml (RunModel)" time="0.019" />
  <testcase classname="ptolemy.util.test.junit.AutoTests" name="[361] /home/travis/build/icyphy/ptII/ptolemy/actor/lib/test/auto/Test.xml (RunModel)" time="0.018" />
  <testcase classname="ptolemy.util.test.junit.AutoTests" name="[362] /home/travis/build/icyphy/ptII/ptolemy/actor/lib/test/auto/TestExceptionAttribute1.xml (RunModel)" time="0.009" />
  <testcase classname="ptolemy.util.test.junit.AutoTests" name="[363] /home/travis/build/icyphy/ptII/ptolemy/actor/lib/test/auto/TestExceptionAttribute2.xml (RunModel)" time="0.007" />
  <testcase classname="ptolemy.util.test.junit.AutoTests" name="[364] /home/travis/build/icyphy/ptII/ptolemy/actor/lib/test/auto/TestExceptionAttribute3.xml (RunModel)" time="0.01" />
  <testcase classname="ptolemy.util.test.junit.AutoTests" name="[365] /home/travis/build/icyphy/ptII/ptolemy/actor/lib/test/auto/TestExceptionAttribute4.xml (RunModel)" time="0.007" />
  <testcase classname="ptolemy.util.test.junit.AutoTests" name="[366] /home/travis/build/icyphy/ptII/ptolemy/actor/lib/test/auto/TestExceptionHandler1.xml (RunModel)" time="0.006" />
  <testcase classname="ptolemy.util.test.junit.AutoTests" name="[367] /home/travis/build/icyphy/ptII/ptolemy/actor/lib/test/auto/TestExceptionHandler2.xml (RunModel)" time="0.014" />
  <testcase classname="ptolemy.util.test.junit.AutoTests" name="[368] /home/travis/build/icyphy/ptII/ptolemy/actor/lib/test/auto/TestExceptionHandler3.xml (RunModel)" time="0.005" />
  <testcase classname="ptolemy.util.test.junit.AutoTests" name="[369] /home/travis/build/icyphy/ptII/ptolemy/actor/lib/test/auto/TestExceptionHandler4.xml (RunModel)" time="0.005" />
  <testcase classname="ptolemy.util.test.junit.AutoTests" name="[370] /home/travis/build/icyphy/ptII/ptolemy/actor/lib/test/auto/TestRequireCorrectOrder.xml (RunModel)" time="0.007" />
  <testcase classname="ptolemy.util.test.junit.AutoTests" name="[371] /home/travis/build/icyphy/ptII/ptolemy/actor/lib/test/auto/TestSimple.xml (RunModel)" time="0.009" />
  <testcase classname="ptolemy.util.test.junit.AutoTests" name="[372] /home/travis/build/icyphy/ptII/ptolemy/actor/lib/test/auto/ThrowModelError.xml (RunModel)" time="0.009" />
  <testcase classname="ptolemy.util.test.junit.AutoTests" name="[373] /home/travis/build/icyphy/ptII/ptolemy/actor/lib/test/auto/TimeDelayMicrosteps.xml (RunModel)" time="0.011" />
  <testcase classname="ptolemy.util.test.junit.AutoTests" name="[374] /home/travis/build/icyphy/ptII/ptolemy/actor/lib/test/auto/TimeDelayMicrosteps2.xml (RunModel)" time="0.031" />
  <testcase classname="ptolemy.util.test.junit.AutoTests" name="[375] /home/travis/build/icyphy/ptII/ptolemy/actor/lib/test/auto/TimeDelayMicrosteps3.xml (RunModel)" time="0.011" />
  <testcase classname="ptolemy.util.test.junit.AutoTests" name="[376] /home/travis/build/icyphy/ptII/ptolemy/actor/lib/test/auto/TimeDelayVariableMicrosteps.xml (RunModel)" time="0.01" />
  <testcase classname="ptolemy.util.test.junit.AutoTests" name="[377] /home/travis/build/icyphy/ptII/ptolemy/actor/lib/test/auto/TimeGap.xml (RunModel)" time="0.014" />
  <testcase classname="ptolemy.util.test.junit.AutoTests" name="[378] /home/travis/build/icyphy/ptII/ptolemy/actor/lib/test/auto/TimeGap2.xml (RunModel)" time="0.009" />
  <testcase classname="ptolemy.util.test.junit.AutoTests" name="[379] /home/travis/build/icyphy/ptII/ptolemy/actor/lib/test/auto/TimedSinewave.xml (RunModel)" time="0.047" />
  <testcase classname="ptolemy.util.test.junit.AutoTests" name="[380] /home/travis/build/icyphy/ptII/ptolemy/actor/lib/test/auto/TimedSinewavePhase.xml (RunModel)" time="0.021" />
  <testcase classname="ptolemy.util.test.junit.AutoTests" name="[381] /home/travis/build/icyphy/ptII/ptolemy/actor/lib/test/auto/Timer.xml (RunModel)" time="0.01" />
  <testcase classname="ptolemy.util.test.junit.AutoTests" name="[382] /home/travis/build/icyphy/ptII/ptolemy/actor/lib/test/auto/TriangularDistTestModel.xml (RunModel)" time="0.014" />
  <testcase classname="ptolemy.util.test.junit.AutoTests" name="[383] /home/travis/build/icyphy/ptII/ptolemy/actor/lib/test/auto/TrigFunction.xml (RunModel)" time="0.008" />
  <testcase classname="ptolemy.util.test.junit.AutoTests" name="[384] /home/travis/build/icyphy/ptII/ptolemy/actor/lib/test/auto/TrigFunctionDE.xml (RunModel)" time="0.01" />
  <testcase classname="ptolemy.util.test.junit.AutoTests" name="[385] /home/travis/build/icyphy/ptII/ptolemy/actor/lib/test/auto/TrigFunctionInverse.xml (RunModel)" time="0.008" />
  <testcase classname="ptolemy.util.test.junit.AutoTests" name="[386] /home/travis/build/icyphy/ptII/ptolemy/actor/lib/test/auto/TrigFunctionTan.xml (RunModel)" time="0.007" />
  <testcase classname="ptolemy.util.test.junit.AutoTests" name="[387] /home/travis/build/icyphy/ptII/ptolemy/actor/lib/test/auto/TriggeredClock.xml (RunModel)" time="0.007" />
  <testcase classname="ptolemy.util.test.junit.AutoTests" name="[388] /home/travis/build/icyphy/ptII/ptolemy/actor/lib/test/auto/URLDirectoryReader.xml (RunModel)" time="0.1" />
  <testcase classname="ptolemy.util.test.junit.AutoTests" name="[389] /home/travis/build/icyphy/ptII/ptolemy/actor/lib/test/auto/URLDirectoryReader3.xml (RunModel)" time="1.197" />
  <testcase classname="ptolemy.util.test.junit.AutoTests" name="[390] /home/travis/build/icyphy/ptII/ptolemy/actor/lib/test/auto/UnaryMathFunction.xml (RunModel)" time="0.038" />
  <testcase classname="ptolemy.util.test.junit.AutoTests" name="[391] /home/travis/build/icyphy/ptII/ptolemy/actor/lib/test/auto/Uniform.xml (RunModel)" time="0.01" />
  <testcase classname="ptolemy.util.test.junit.AutoTests" name="[392] /home/travis/build/icyphy/ptII/ptolemy/actor/lib/test/auto/UnionDisassemblerTest.xml (RunModel)" time="0.025" />
  <testcase classname="ptolemy.util.test.junit.AutoTests" name="[393] /home/travis/build/icyphy/ptII/ptolemy/actor/lib/test/auto/UtilityFunctions.xml (RunModel)" time="0.009" />
  <testcase classname="ptolemy.util.test.junit.AutoTests" name="[394] /home/travis/build/icyphy/ptII/ptolemy/actor/lib/test/auto/VariableSleep.xml (RunModel)" time="0.511" />
  <testcase classname="ptolemy.util.test.junit.AutoTests" name="[395] /home/travis/build/icyphy/ptII/ptolemy/actor/lib/test/auto/VectorAssemblerDisassemblerCT.xml (RunModel)" time="0.104" />
  <testcase classname="ptolemy.util.test.junit.AutoTests" name="[396] /home/travis/build/icyphy/ptII/ptolemy/actor/lib/test/auto/VectorAssemblerDisassemblerDE.xml (RunModel)" time="0.014" />
  <testcase classname="ptolemy.util.test.junit.AutoTests" name="[397] /home/travis/build/icyphy/ptII/ptolemy/actor/lib/test/auto/VectorAssemblerDisassemblerSDF.xml (RunModel)" time="0.012" />
  <testcase classname="ptolemy.util.test.junit.AutoTests" name="[398] /home/travis/build/icyphy/ptII/ptolemy/actor/lib/test/auto/WallClockTime.xml (RunModel)" time="1.013" />
  <testcase classname="ptolemy.util.test.junit.AutoTests" name="[399] /home/travis/build/icyphy/ptII/ptolemy/actor/lib/test/auto/WidthTestWithSubscriberPublisher.xml (RunModel)" time="0.036" />
  <testcase classname="ptolemy.util.test.junit.AutoTests" name="[400] /home/travis/build/icyphy/ptII/ptolemy/actor/lib/test/auto/WidthTestWithSubscriberPublisher2.xml (RunModel)" time="0.012" />
  <testcase classname="ptolemy.util.test.junit.AutoTests" name="[401] /home/travis/build/icyphy/ptII/ptolemy/actor/lib/test/auto/WidthTestWithSubscriberPublisher3.xml (RunModel)" time="0.011" />
  <testcase classname="ptolemy.util.test.junit.AutoTests" name="[402] /home/travis/build/icyphy/ptII/ptolemy/actor/lib/test/auto/Writer.xml (RunModel)" time="0.007" />
  <testcase classname="ptolemy.util.test.junit.AutoTests" name="[403] /home/travis/build/icyphy/ptII/ptolemy/actor/lib/test/auto/array.xml (RunModel)" time="0.007" />
  <testcase classname="ptolemy.util.test.junit.AutoTests" name="[404] /home/travis/build/icyphy/ptII/ptolemy/actor/lib/test/auto/array2.xml (RunModel)" time="0.01" />
  <testcase classname="ptolemy.util.test.junit.AutoTests" name="[405] /home/travis/build/icyphy/ptII/ptolemy/actor/lib/test/auto/arrayType.xml (RunModel)" time="0.009" />
  <testcase classname="ptolemy.util.test.junit.AutoTests" name="[406] /home/travis/build/icyphy/ptII/ptolemy/actor/lib/test/auto/arrayType10.xml (RunModel)" time="0.007" />
  <testcase classname="ptolemy.util.test.junit.AutoTests" name="[407] /home/travis/build/icyphy/ptII/ptolemy/actor/lib/test/auto/arrayType11.xml (RunModel)" time="0.007" />
  <testcase classname="ptolemy.util.test.junit.AutoTests" name="[408] /home/travis/build/icyphy/ptII/ptolemy/actor/lib/test/auto/arrayType12.xml (RunModel)" time="0.008" />
  <testcase classname="ptolemy.util.test.junit.AutoTests" name="[409] /home/travis/build/icyphy/ptII/ptolemy/actor/lib/test/auto/arrayType13.xml (RunModel)" time="0.007" />
  <testcase classname="ptolemy.util.test.junit.AutoTests" name="[410] /home/travis/build/icyphy/ptII/ptolemy/actor/lib/test/auto/arrayType14.xml (RunModel)" time="0.007" />
  <testcase classname="ptolemy.util.test.junit.AutoTests" name="[411] /home/travis/build/icyphy/ptII/ptolemy/actor/lib/test/auto/arrayType15.xml (RunModel)" time="0.009" />
  <testcase classname="ptolemy.util.test.junit.AutoTests" name="[412] /home/travis/build/icyphy/ptII/ptolemy/actor/lib/test/auto/arrayType16.xml (RunModel)" time="0.008" />
  <testcase classname="ptolemy.util.test.junit.AutoTests" name="[413] /home/travis/build/icyphy/ptII/ptolemy/actor/lib/test/auto/arrayType17.xml (RunModel)" time="0.008" />
  <testcase classname="ptolemy.util.test.junit.AutoTests" name="[414] /home/travis/build/icyphy/ptII/ptolemy/actor/lib/test/auto/arrayType18.xml (RunModel)" time="0.008" />
  <testcase classname="ptolemy.util.test.junit.AutoTests" name="[415] /home/travis/build/icyphy/ptII/ptolemy/actor/lib/test/auto/arrayType19.xml (RunModel)" time="0.007" />
  <testcase classname="ptolemy.util.test.junit.AutoTests" name="[416] /home/travis/build/icyphy/ptII/ptolemy/actor/lib/test/auto/arrayType2.xml (RunModel)" time="0.007" />
  <testcase classname="ptolemy.util.test.junit.AutoTests" name="[417] /home/travis/build/icyphy/ptII/ptolemy/actor/lib/test/auto/arrayType20.xml (RunModel)" time="0.008" />
  <testcase classname="ptolemy.util.test.junit.AutoTests" name="[418] /home/travis/build/icyphy/ptII/ptolemy/actor/lib/test/auto/arrayType21.xml (RunModel)" time="0.007" />
  <testcase classname="ptolemy.util.test.junit.AutoTests" name="[419] /home/travis/build/icyphy/ptII/ptolemy/actor/lib/test/auto/arrayType22.xml (RunModel)" time="0.007" />
  <testcase classname="ptolemy.util.test.junit.AutoTests" name="[420] /home/travis/build/icyphy/ptII/ptolemy/actor/lib/test/auto/arrayType23.xml (RunModel)" time="0.007" />
  <testcase classname="ptolemy.util.test.junit.AutoTests" name="[421] /home/travis/build/icyphy/ptII/ptolemy/actor/lib/test/auto/arrayType24.xml (RunModel)" time="0.009" />
  <testcase classname="ptolemy.util.test.junit.AutoTests" name="[422] /home/travis/build/icyphy/ptII/ptolemy/actor/lib/test/auto/arrayType25.xml (RunModel)" time="0.008" />
  <testcase classname="ptolemy.util.test.junit.AutoTests" name="[423] /home/travis/build/icyphy/ptII/ptolemy/actor/lib/test/auto/arrayType26.xml (RunModel)" time="0.008" />
  <testcase classname="ptolemy.util.test.junit.AutoTests" name="[424] /home/travis/build/icyphy/ptII/ptolemy/actor/lib/test/auto/arrayType27.xml (RunModel)" time="0.01" />
  <testcase classname="ptolemy.util.test.junit.AutoTests" name="[425] /home/travis/build/icyphy/ptII/ptolemy/actor/lib/test/auto/arrayType28.xml (RunModel)" time="0.009" />
  <testcase classname="ptolemy.util.test.junit.AutoTests" name="[426] /home/travis/build/icyphy/ptII/ptolemy/actor/lib/test/auto/arrayType3.xml (RunModel)" time="0.008" />
  <testcase classname="ptolemy.util.test.junit.AutoTests" name="[427] /home/travis/build/icyphy/ptII/ptolemy/actor/lib/test/auto/arrayType4.xml (RunModel)" time="0.007" />
  <testcase classname="ptolemy.util.test.junit.AutoTests" name="[428] /home/travis/build/icyphy/ptII/ptolemy/actor/lib/test/auto/arrayType5.xml (RunModel)" time="0.009" />
  <testcase classname="ptolemy.util.test.junit.AutoTests" name="[429] /home/travis/build/icyphy/ptII/ptolemy/actor/lib/test/auto/arrayType6.xml (RunModel)" time="0.007" />
  <testcase classname="ptolemy.util.test.junit.AutoTests" name="[430] /home/travis/build/icyphy/ptII/ptolemy/actor/lib/test/auto/arrayType7.xml (RunModel)" time="0.012" />
  <testcase classname="ptolemy.util.test.junit.AutoTests" name="[431] /home/travis/build/icyphy/ptII/ptolemy/actor/lib/test/auto/arrayType8.xml (RunModel)" time="0.007" />
  <testcase classname="ptolemy.util.test.junit.AutoTests" name="[432] /home/travis/build/icyphy/ptII/ptolemy/actor/lib/test/auto/arrayType9.xml (RunModel)" time="0.007" />
  <testcase classname="ptolemy.util.test.junit.AutoTests" name="[433] /home/travis/build/icyphy/ptII/ptolemy/actor/lib/test/auto/cast.xml (RunModel)" time="0.017" />
  <testcase classname="ptolemy.util.test.junit.AutoTests" name="[434] /home/travis/build/icyphy/ptII/ptolemy/actor/lib/test/auto/compositeMultiPort.xml (RunModel)" time="0.017" />
  <testcase classname="ptolemy.util.test.junit.AutoTests" name="[435] /home/travis/build/icyphy/ptII/ptolemy/actor/lib/test/auto/expressionCastInference.xml (RunModel)" time="0.008" />
  <testcase classname="ptolemy.util.test.junit.AutoTests" name="[436] /home/travis/build/icyphy/ptII/ptolemy/actor/lib/test/auto/expressionCastInference2.xml (RunModel)" time="0.007" />
  <testcase classname="ptolemy.util.test.junit.AutoTests" name="[437] /home/travis/build/icyphy/ptII/ptolemy/actor/lib/test/auto/expressionInference.xml (RunModel)" time="0.006" />
  <testcase classname="ptolemy.util.test.junit.AutoTests" name="[438] /home/travis/build/icyphy/ptII/ptolemy/actor/lib/test/auto/expression_bug.xml (RunModel)" time="0.018" />
  <testcase classname="ptolemy.util.test.junit.AutoTests" name="[439] /home/travis/build/icyphy/ptII/ptolemy/actor/lib/test/auto/factorial.xml (RunModel)" time="0.051" />
  <testcase classname="ptolemy.util.test.junit.AutoTests" name="[440] /home/travis/build/icyphy/ptII/ptolemy/actor/lib/test/auto/filterTest1.xml (RunModel)" time="0.012" />
  <testcase classname="ptolemy.util.test.junit.AutoTests" name="[441] /home/travis/build/icyphy/ptII/ptolemy/actor/lib/test/auto/funcApplyInConst.xml (RunModel)" time="0.005" />
  <testcase classname="ptolemy.util.test.junit.AutoTests" name="[442] /home/travis/build/icyphy/ptII/ptolemy/actor/lib/test/auto/funcApplyInExpr.xml (RunModel)" time="0.005" />
  <testcase classname="ptolemy.util.test.junit.AutoTests" name="[443] /home/travis/build/icyphy/ptII/ptolemy/actor/lib/test/auto/function.xml (RunModel)" time="0.048" />
  <testcase classname="ptolemy.util.test.junit.AutoTests" name="[444] /home/travis/build/icyphy/ptII/ptolemy/actor/lib/test/auto/function2.xml (RunModel)" time="0.036" />
  <testcase classname="ptolemy.util.test.junit.AutoTests" name="[445] /home/travis/build/icyphy/ptII/ptolemy/actor/lib/test/auto/function3.xml (RunModel)" time="0.032" />
  <testcase classname="ptolemy.util.test.junit.AutoTests" name="[446] /home/travis/build/icyphy/ptII/ptolemy/actor/lib/test/auto/functionClosureTest1.xml (RunModel)" time="0.036" />
  <testcase classname="ptolemy.util.test.junit.AutoTests" name="[447] /home/travis/build/icyphy/ptII/ptolemy/actor/lib/test/auto/functionClosureTest2.xml (RunModel)" time="0.06" />
  <testcase classname="ptolemy.util.test.junit.AutoTests" name="[448] /home/travis/build/icyphy/ptII/ptolemy/actor/lib/test/auto/functionClosureTest3.xml (RunModel)" time="0.032" />
  <testcase classname="ptolemy.util.test.junit.AutoTests" name="[449] /home/travis/build/icyphy/ptII/ptolemy/actor/lib/test/auto/functionClosureTest4.xml (RunModel)" time="0.036" />
  <testcase classname="ptolemy.util.test.junit.AutoTests" name="[450] /home/travis/build/icyphy/ptII/ptolemy/actor/lib/test/auto/functionClosureTest5.xml (RunModel)" time="0.017" />
  <testcase classname="ptolemy.util.test.junit.AutoTests" name="[451] /home/travis/build/icyphy/ptII/ptolemy/actor/lib/test/auto/functionClosureTest6.xml (RunModel)" time="0.01" />
  <testcase classname="ptolemy.util.test.junit.AutoTests" name="[452] /home/travis/build/icyphy/ptII/ptolemy/actor/lib/test/auto/functionsOnArcs.xml (RunModel)" time="0.009" />
  <testcase classname="ptolemy.util.test.junit.AutoTests" name="[453] /home/travis/build/icyphy/ptII/ptolemy/actor/lib/test/auto/functionsOnArcsHOF.xml (RunModel)" time="0.011" />
  <testcase classname="ptolemy.util.test.junit.AutoTests" name="[454] /home/travis/build/icyphy/ptII/ptolemy/actor/lib/test/auto/logic.xml (RunModel)" time="0.017" />
  <testcase classname="ptolemy.util.test.junit.AutoTests" name="[455] /home/travis/build/icyphy/ptII/ptolemy/actor/lib/test/auto/matrixType.xml (RunModel)" time="0.009" />
  <testcase classname="ptolemy.util.test.junit.AutoTests" name="[456] /home/travis/build/icyphy/ptII/ptolemy/actor/lib/test/auto/matrixType10.xml (RunModel)" time="0.009" />
  <testcase classname="ptolemy.util.test.junit.AutoTests" name="[457] /home/travis/build/icyphy/ptII/ptolemy/actor/lib/test/auto/matrixType11.xml (RunModel)" time="0.008" />
  <testcase classname="ptolemy.util.test.junit.AutoTests" name="[458] /home/travis/build/icyphy/ptII/ptolemy/actor/lib/test/auto/matrixType12.xml (RunModel)" time="0.009" />
  <testcase classname="ptolemy.util.test.junit.AutoTests" name="[459] /home/travis/build/icyphy/ptII/ptolemy/actor/lib/test/auto/matrixType13.xml (RunModel)" time="0.006" />
  <testcase classname="ptolemy.util.test.junit.AutoTests" name="[460] /home/travis/build/icyphy/ptII/ptolemy/actor/lib/test/auto/matrixType14.xml (RunModel)" time="0.008" />
  <testcase classname="ptolemy.util.test.junit.AutoTests" name="[461] /home/travis/build/icyphy/ptII/ptolemy/actor/lib/test/auto/matrixType2.xml (RunModel)" time="0.007" />
  <testcase classname="ptolemy.util.test.junit.AutoTests" name="[462] /home/travis/build/icyphy/ptII/ptolemy/actor/lib/test/auto/matrixType3.xml (RunModel)" time="0.008" />
  <testcase classname="ptolemy.util.test.junit.AutoTests" name="[463] /home/travis/build/icyphy/ptII/ptolemy/actor/lib/test/auto/matrixType4.xml (RunModel)" time="0.007" />
  <testcase classname="ptolemy.util.test.junit.AutoTests" name="[464] /home/travis/build/icyphy/ptII/ptolemy/actor/lib/test/auto/matrixType5.xml (RunModel)" time="0.007" />
  <testcase classname="ptolemy.util.test.junit.AutoTests" name="[465] /home/travis/build/icyphy/ptII/ptolemy/actor/lib/test/auto/matrixType6.xml (RunModel)" time="0.007" />
  <testcase classname="ptolemy.util.test.junit.AutoTests" name="[466] /home/travis/build/icyphy/ptII/ptolemy/actor/lib/test/auto/matrixType7.xml (RunModel)" time="0.007" />
  <testcase classname="ptolemy.util.test.junit.AutoTests" name="[467] /home/travis/build/icyphy/ptII/ptolemy/actor/lib/test/auto/matrixType8.xml (RunModel)" time="0.009" />
  <testcase classname="ptolemy.util.test.junit.AutoTests" name="[468] /home/travis/build/icyphy/ptII/ptolemy/actor/lib/test/auto/matrixType9.xml (RunModel)" time="0.007" />
  <testcase classname="ptolemy.util.test.junit.AutoTests" name="[469] /home/travis/build/icyphy/ptII/ptolemy/actor/lib/test/auto/paraFunctest.xml (RunModel)" time="0.007" />
  <testcase classname="ptolemy.util.test.junit.AutoTests" name="[470] /home/travis/build/icyphy/ptII/ptolemy/actor/lib/test/auto/paraFunctest2.xml (RunModel)" time="0.011" />
  <testcase classname="ptolemy.util.test.junit.AutoTests" name="[471] /home/travis/build/icyphy/ptII/ptolemy/actor/lib/test/auto/parameterPassing.xml (RunModel)" time="0.007" />
  <testcase classname="ptolemy.util.test.junit.AutoTests" name="[472] /home/travis/build/icyphy/ptII/ptolemy/actor/lib/test/auto/record.xml (RunModel)" time="0.01" />
  <testcase classname="ptolemy.util.test.junit.AutoTests" name="[473] /home/travis/build/icyphy/ptII/ptolemy/actor/lib/test/auto/sizedarray1.xml (RunModel)" time="0.009" />
  <testcase classname="ptolemy.util.test.junit.AutoTests" name="[474] /home/travis/build/icyphy/ptII/ptolemy/actor/lib/test/auto/sizedarray2.xml (RunModel)" time="0.009" />
  <testcase classname="ptolemy.util.test.junit.AutoTests" name="[475] /home/travis/build/icyphy/ptII/ptolemy/actor/lib/test/auto/twoPublishers.xml (RunModel)" time="0.022" />
  <system-out><![CDATA[/home/travis/build/icyphy/ptII/ptolemy/actor/lib/test/AbsoluteValue.tcl
testDefs.tcl: setting time out to 9000 seconds at Wed Mar 04 07:11:58 UTC 2020
92 ms. Memory: 129024K Free: 92599K (72%)
11 ms. Memory: 129024K Free: 90535K (70%)
11 ms. Memory: 129024K Free: 89542K (69%)
6 ms. Memory: 129024K Free: 89032K (69%)
/home/travis/build/icyphy/ptII/ptolemy/actor/lib/test/AddSubtract.tcl
9 ms. Memory: 129024K Free: 86984K (67%)
6 ms. Memory: 129024K Free: 86439K (67%)
6 ms. Memory: 129024K Free: 85446K (66%)
7 ms. Memory: 129024K Free: 84936K (66%)
56 ms. Memory: 129024K Free: 81864K (63%)
10 ms. Memory: 129024K Free: 80840K (63%)
/home/travis/build/icyphy/ptII/ptolemy/actor/lib/test/Average.tcl
8 ms. Memory: 129024K Free: 79302K (61%)
7 ms. Memory: 129024K Free: 78278K (61%)
/home/travis/build/icyphy/ptII/ptolemy/actor/lib/test/Bernoulli.tcl
9 ms. Memory: 129024K Free: 76744K (59%)
7 ms. Memory: 129024K Free: 76215K (59%)
/home/travis/build/icyphy/ptII/ptolemy/actor/lib/test/Clock.tcl
preinitializing
resolving types
initializing
executing number 1
wrapping up
idle
38 ms. Memory: 129024K Free: 73672K (57%)
Completed execution with 5 iterations
preinitializing
resolving types
initializing
executing number 1
wrapping up
idle
10 ms. Memory: 129024K Free: 72648K (56%)
Completed execution with 5 iterations
preinitializing
resolving types
initializing
executing number 1
wrapping up
idle
8 ms. Memory: 129024K Free: 72119K (56%)
Completed execution with 5 iterations
/home/travis/build/icyphy/ptII/ptolemy/actor/lib/test/Commutator.tcl
14 ms. Memory: 129024K Free: 70055K (54%)
11 ms. Memory: 129024K Free: 69031K (54%)
8 ms. Memory: 129024K Free: 63432K (49%)
/home/travis/build/icyphy/ptII/ptolemy/actor/lib/test/Const.tcl
4 ms. Memory: 129024K Free: 61863K (48%)
2 ms. Memory: 129024K Free: 61384K (48%)
2 ms. Memory: 129024K Free: 60870K (47%)
2 ms. Memory: 129024K Free: 60360K (47%)
2 ms. Memory: 129024K Free: 59846K (46%)
25 ms. Memory: 129024K Free: 57798K (45%)
5 ms. Memory: 129024K Free: 56759K (44%)
14 ms. Memory: 129024K Free: 56264K (44%)
/home/travis/build/icyphy/ptII/ptolemy/actor/lib/test/CurrentTime.tcl
preinitializing
resolving types
initializing
executing number 1
wrapping up
idle
16 ms. Memory: 129024K Free: 54216K (42%)
Completed execution with 11 iterations
/home/travis/build/icyphy/ptII/ptolemy/actor/lib/test/DB.tcl
15 ms. Memory: 129024K Free: 52663K (41%)
14 ms. Memory: 129024K Free: 52168K (40%)
1 ms. Memory: 129024K Free: 51654K (40%)
/home/travis/build/icyphy/ptII/ptolemy/actor/lib/test/DiscreteRandomSource.tcl
preinitializing
resolving types
initializing
executing number 1
wrapping up
idle
9 ms. Memory: 129024K Free: 50120K (39%)
Completed execution with 4 iterations
preinitializing
resolving types
initializing
executing number 1
wrapping up
idle
3 ms. Memory: 129024K Free: 49599K (38%)
Completed execution with 4 iterations
preinitializing
resolving types
initializing
executing number 1
wrapping up
idle
3 ms. Memory: 129024K Free: 49096K (38%)
Completed execution with 4 iterations
preinitializing
resolving types
initializing
executing number 1
wrapping up
idle
6 ms. Memory: 129024K Free: 48567K (38%)
Completed execution with 4 iterations
preinitializing
resolving types
initializing
executing number 1
wrapping up
idle
4 ms. Memory: 129024K Free: 48072K (37%)
Completed execution with 4 iterations
/home/travis/build/icyphy/ptII/ptolemy/actor/lib/test/Distributor.tcl
21 ms. Memory: 129024K Free: 112818K (87%)
6 ms. Memory: 129024K Free: 111917K (87%)
StreamChangeRequest.changeExecuted(): <deleteEntity name="rec2"/> succeeded
StreamChangeRequest.changeExecuted(): <deleteRelation name="r2"/> succeeded
StreamChangeRequest.changeExecuted(): Record firings per iteration succeeded
13 ms. Memory: 129024K Free: 109885K (85%)
/home/travis/build/icyphy/ptII/ptolemy/actor/lib/test/Exit.tcl
Exit.tcl: this will print a message about Manager.exitAfterWrapup, which can be ignored.
13 ms. Memory: 129024K Free: 106907K (83%)
/home/travis/build/icyphy/ptII/ptolemy/actor/lib/test/Expression.tcl
17 ms. Memory: 129024K Free: 103277K (80%)
7 ms. Memory: 129024K Free: 102709K (80%)
4 ms. Memory: 129024K Free: 102171K (79%)
preinitializing
resolving types
initializing
executing number 1
wrapping up
idle
10 ms. Memory: 129024K Free: 100661K (78%)
Completed execution with 6 iterations
11 ms. Memory: 129024K Free: 99629K (77%)
3 ms. Memory: 129024K Free: 98621K (76%)
12 ms. Memory: 129024K Free: 97611K (76%)
8 ms. Memory: 129024K Free: 96077K (74%)
6 ms. Memory: 129024K Free: 95077K (74%)
/home/travis/build/icyphy/ptII/ptolemy/actor/lib/test/Gaussian.tcl
6 ms. Memory: 129024K Free: 93515K (72%)
sleeping 1 seconds: .......................................................................................................................................................................................................................................................................................................................................................................................................................................................................................................................................................................................................................................................................................................................................................................................................................................................................................................................................................................................................................................................................................................................................................................................................................................................................................................................................................................................................................................................................................................................................................................................................................................................................................................................................................................................................................................................................................................................................................................................................................................................................................................................................................................................................................................................................................................................................................................................................................................................................................................................................................................................................................................................................................................................................................................................................................................................................................................................................................................................................................................................................................................................................................................................................................................................................................................................................................................................................................................................................................................................................................................................................................................................................................................................................................................................................................................................................................................................................................................................................................................................................................................................................................................................................................................................................................................................................................................................................................................................................................................................................................................................................................................................................................................................................................................................................................................................................................................................................................................................................................................................................................................................................................................................................................................................................................................................................................................................................................................................................................................................................................................................................................................................................................................................................................................................................................................................................................................................................................................................................................................................................................................................................................................................................................................................................................................................................................................................................................................................................................................................................................................................................................................................................................................................................................................................................................................................................................................................................................................................................................................................................................................................................................................................................................................................................................................................................................................................................................................................................................................................................................................................................................................................................................................................................................................................................................................................................................................................................................................................................................................................................................................................................................................................................................................................................................................................................................................................................................................................................................................................................................................................................................................................................................................................................................................................................................................................................................................................................................................................................................................................................................................................................................................................................................................................................................................................................................................................................................................................................................................................................................................................................................................................................................................................................................................................................................................................................................................................................................................................................................................................................................................................................................................................................................................................................................................................................................................................................................................................................................................................................................................................................................................................................................................................................................................................................................................................................................................................................................................................................................................................................................................................................................................................................................................................................................................................................................................................................................................................................................................................................................................................................................................................................................................................................................................................................................................................................................................................................................................................................................................................................................................................................................................................................................................................................................................................................................................................................................................................................................................................................................................................................................................................................................................................................................................................................................................................................................................................................................................................................................................................................................................................................................................................................................................................................................................................................................................................................................................................................................................................................................................................................................................................................................................................................................................................................................................................................................................................................................................................................................................................................................................................................................................................................................................................................................................................................................................................................................................................................................................................................................................................................................................................................................................................................................................................................................................................................................................................................................................................................................................................................................................................................................................................................................................................................................................................................................................................................................................................................................................................................................................................................................................................................................................................................................................................................................................................................................................................................................................................................................................................................................................................................................................................................................................................................................................................................................................................................................................................................................................................................................................................................................................................................................................................................................................................................................................................................................................................................................................................................................................................................................................................................................................................................................................................................................................................................................................................................................................................................................................................................................................................................................................................................................................................................................................................................................................................................................................................................................................................................................................................................................................................................................................................................................................................................................................................................................................................................................................................................................................................................................................................................................................................................................................................................................................................................................................................................................................................................................................................................................................................................................................................................................................................................................................................................................................................................................................................................................................................................................................................................................................................................................................................................................................................................................................................................................................................................................................................................................................................................................................................................................................................................................................................................................................................................................................................................................................................................................................................................................................................................................................................................................................................................................................................................................................................................................................................................................................................................................................................................................................................................................................................................................................................................................................................................................................................................................................................................................................................................................................................................................................................................................................................................................................................................................................................................................................................................................................................................................................................................................................................................................................................................................................................................................................................................................................................................................................................................................................................................................................................................................................................................................................................................................................................................................................................................................................................................................................................................................................................................................................................................................................................................................................................................................................................................................................................................................................................................................................................................................................................................................................................................................................................................................................................................................................................................................................................................................................................................................................................................................................................................................................................................................................................................................................................................................................................................................................................................................................................................................................................................................................................................................................................................................................................................................................................................................................................................................................................................................................................................................................................................................................................................................................................................................................................................................................................................................................................................................................................................................................................................................................................................................................................................................................................................................................................................................................................................................................................................................................................................................................................................................................................................................................................................................................................................................................................................................................................................................................................................................................................................................................................................................................................................................................................................................................................................................................................................................................................................................................................................................................................................................................................................................................................................................................................................................................................................................................................................................................................................................................................................................................................................................................................................................................................................................................................................................................................................................................................................................................................................................................................................................................................................................................................................................................................................................................................................................................................................................................................................................................................................................................................................................................................................................................................................................................................................................................................................................................................................................................................................................................................................................................................................................................................................................................................................................................................................................................................................................................................................................................................................................................................................................................................................................................................................................................................................................................................................................................................................................................................................................................................................................................................................................................................................................................................................................................................................................................................................................................................................................................................................................................................................................................................................................................................................................................................................................................................................................................................................................................................................................................................................................................................................................................................................................................................................................................................................................................................................................................................................................................................................................................................................................................................................................................................................................................................................................................................................................................................................................................................................................................................................................................................................................................................................................................................................................................................................................................................................................................................................................................................................................................................................................................................................................................................................................................................................................................................................................................................................................................................................................................................................................................................................................................................................................................................................................................................................................................................................................................................................................................................................................................................................................................................................................................................................................................................................................................................................................................................................................................................................................................................................................................................................................................................................................................................................................................................................................................................................................................................................................................................................................................................................................................................................................................................................................................................................................................................................................................................................................................................................................................................................................................................................................................................................................................................................................................................................................................................................................................................................................................................................................................................................................................................................................................................................................................................................................................................................................................................................................................................................................................................................................................................................................................................................................................................................................................................................................................................................................................................................................................................................................................................................................................................................................................................................................................................................................................................................................................................................................................................................................................................................................................................................................................................................................................................................................................................................................................................................................................................................................................................................................................................................................................................................................................................................................................................................................................................................................................................................................................................................................................................................................................................................................................................................................................................................................................................................................................................................................................................................................................................................................................................................................................................................................................................................................................................................................................................................................................................................................................................................................................................................................................................................................................................................................................................................................................................................................................................................................................................................................................................................................................................................................................................................................................................................................................................................................................................................................................................................................................................................................................................................................................................................................................................................................................................................................................................................................................................................................................................................................................................................................................................................................................................................................................................................................................................................................................................................................................................................................................................................................................................................................................................................................................................................................................................................................................................................................................................................................................................................................................................................................................................................................................................................................................................................................................................................................................................................................................................................................................................................................................................................................................................................................................................................................................................................................................................................................................................................................................................................................................................................................................................................................................................................................................................................................................................................................................................................................................................................................................................................................................................................................................................................................................................................................................................................................................................................................................................................................................................................................................................................................................................................................................................................................................................................................................................................................................................................................................................................................................................................................................................................................................................................................................................................................................................................................................................................................................................................................................................................................................................................................................................................................................................................................................................................................................................................................................................................................................................................................................................................................................................................................................................................................................................................................................................................................................................................................................................................................................................................................................................................................................................................................................................................................................................................................................................................................................................................................................................................................................................................................................................................................................................................................................................................................................................................................................................................................................................................................................................................................................................................................................................................................................................................................................................................................................................................................................................................................................................................................................................................................................................................................................................................................................................................................................................................................................................................................................................................................................................................................................................................................................................................................................................................................................................................................................................................................................................................................................................................................................................................................................................................................................................................................................................................................................................................................................................................................................................................................................................................................................................................................................................................................................................................................................................................................................................................................................................................................................................................................................................................................................................................................................................................................................................................................................................................................................................................................................................................................................................................................................................................................................................................................................................................................................................................................................................................................................................................................................................................................................................................................................................................................................................................................................................................................................................................................................................................................................................................................................................................................................................................................................................................................................................................................................................................................................................................................................................................................................................................................................................................................................................................................................................................................................................................................................................................................................................................................................................................................................................................................................................................................................................................................................................................................................................................................................................................................................................................................................................................................................................................................................................................................................................................................................................................................................................................................................................................................................................................................................................................................................................................................................................................................................................................................................................................................................................................................................................................................................................................................................................................................................................................................................................................................................................................................................................................................................................................................................................................................................................................................................................................................................................................................................................................................................................................................................................................................................................................................................................................................................................................................................................................................................................................................................................................................................................................................................................................................................................................................................2 ms. Memory: 129024K Free: 94135K (73%)
1 ms. Memory: 129024K Free: 93631K (73%)
2 ms. Memory: 129024K Free: 93103K (72%)
1 ms. Memory: 129024K Free: 92093K (71%)
1 ms. Memory: 129024K Free: 91583K (71%)
/home/travis/build/icyphy/ptII/ptolemy/actor/lib/test/IIR.tcl
/home/travis/build/icyphy/ptII/ptolemy/actor/lib/test/Interpolator.tcl
3 ms. Memory: 129024K Free: 87983K (68%)
2 ms. Memory: 129024K Free: 86973K (67%)
1 ms. Memory: 129024K Free: 86463K (67%)
2 ms. Memory: 129024K Free: 85935K (67%)
2 ms. Memory: 129024K Free: 85439K (66%)
2 ms. Memory: 129024K Free: 84415K (65%)
2 ms. Memory: 129024K Free: 83391K (65%)
2 ms. Memory: 129024K Free: 82367K (64%)
1 ms. Memory: 129024K Free: 81839K (63%)
2 ms. Memory: 129024K Free: 80815K (63%)
/home/travis/build/icyphy/ptII/ptolemy/actor/lib/test/MathFunction.tcl
4 ms. Memory: 129024K Free: 78767K (61%)
2 ms. Memory: 129024K Free: 77743K (60%)
2 ms. Memory: 129024K Free: 76719K (59%)
2 ms. Memory: 129024K Free: 75679K (59%)
3 ms. Memory: 129024K Free: 74679K (58%)
5 ms. Memory: 129024K Free: 72607K (56%)
/home/travis/build/icyphy/ptII/ptolemy/actor/lib/test/Maximum.tcl
4 ms. Memory: 129024K Free: 70575K (55%)
2 ms. Memory: 129024K Free: 70079K (54%)
1 ms. Memory: 129024K Free: 69565K (54%)
2 ms. Memory: 129024K Free: 68527K (53%)
/home/travis/build/icyphy/ptII/ptolemy/actor/lib/test/Minimum.tcl
3 ms. Memory: 129024K Free: 67007K (52%)
2 ms. Memory: 129024K Free: 66463K (52%)
2 ms. Memory: 129024K Free: 65439K (51%)
2 ms. Memory: 129024K Free: 64959K (50%)
/home/travis/build/icyphy/ptII/ptolemy/actor/lib/test/MultiplyDivide.tcl
9 ms. Memory: 129024K Free: 62911K (49%)
2 ms. Memory: 129024K Free: 62383K (48%)
10 ms. Memory: 129024K Free: 61373K (48%)
3 ms. Memory: 129024K Free: 60863K (47%)
2 ms. Memory: 129024K Free: 60335K (47%)
/home/travis/build/icyphy/ptII/ptolemy/actor/lib/test/OrderedMerge.tcl
Connections changed on port: inputA
Connections changed on port: inputB
Connections changed on port: output
Connections changed on port: output
Connections changed on port: output
Connections changed on port: input
.top. Preinitializing ...
Invoking preinitialize():  .top.OrderedMerge
Called preinitialize()
Invoking preinitialize():  .top.Ramp
Called preinitialize()
Invoking preinitialize():  .top.Ramp2
Called preinitialize()
Invoking preinitialize():  .top.Test
Called preinitialize()
Connections changed on port: inputA
Connections changed on port: output
Connections changed on port: output
Connections changed on port: input
Connections changed on port: inputB
Connections changed on port: output
.top. Finished preinitialize().
Called initialize().
Invoking initialize():  .top.OrderedMerge
Initializing actor: .top.OrderedMerge
Adding a thread: .top.OrderedMerge
Invoking initialize():  .top.Ramp
Initializing actor: .top.Ramp
Adding a thread: .top.Ramp
Invoking initialize():  .top.Ramp2
Initializing actor: .top.Ramp2
Adding a thread: .top.Ramp2
Invoking initialize():  .top.Test
Initializing actor: .top.Test
Adding a thread: .top.Test
Called fire().
Checking for deadlock:
-- Starting thread.
Called initialize()
Called prefire()
Called fire()
-- Starting thread.
Called initialize()
-- Starting thread.
Called initialize()
Called prefire()
Called prefire()
Called fire()
Called fire()
-- Starting thread.
Called initialize()
Called prefire()
Called fire()
There are 0 Blocked actors, 0 Stopped actors, and 4 active threads.
Waiting for actors to stop.
Called postfire()
Called prefire()
Called fire()
Called postfire()
Called prefire()
Called fire()
Checking for deadlock:
There are 2 Blocked actors, 0 Stopped actors, and 4 active threads.
Waiting for actors to stop.
Called postfire()
Called prefire()
Called fire()
Read input token from inputA with value 0.0
Next port to read input from is inputB
Called postfire()
Called prefire()
Called fire()
Read input token from inputB with value 0.0
Sent output token with value 0.0
Next port to read input from is inputA
Called postfire()
Called prefire()
Called fire()
Read input token from inputA with value 1.0
Checking for deadlock:
There are 1 Blocked actors, 0 Stopped actors, and 4 active threads.
Waiting for actors to stop.
-- Read input: 0.0, which is expected to match: 0.0
Called prefire()
Called fire()
Called postfire()
Called prefire()
Called fire()
Called postfire()
Called prefire()
Called fire()
Checking for deadlock:
There are 3 Blocked actors, 0 Stopped actors, and 4 active threads.
Waiting for actors to stop.
-- Read input: 0.0, which is expected to match: 0.0
Called prefire()
Called fire()
Checking for deadlock:
There are 3 Blocked actors, 0 Stopped actors, and 4 active threads.
Waiting for actors to stop.
Sent output token with value 0.0
Next port to read input from is inputB
Called postfire()
Called prefire()
Called fire()
Checking for deadlock:
There are 2 Blocked actors, 0 Stopped actors, and 4 active threads.
Waiting for actors to stop.
Called postfire()
Called prefire()
Called fire()
Checking for deadlock:
There are 3 Blocked actors, 0 Stopped actors, and 4 active threads.
Waiting for actors to stop.
Read input token from inputB with value 1.5
Checking for deadlock:
There are 2 Blocked actors, 0 Stopped actors, and 4 active threads.
Waiting for actors to stop.
-- Read input: 1.0, which is expected to match: 1.0
Called prefire()
Called fire()
Checking for deadlock:
There are 3 Blocked actors, 0 Stopped actors, and 4 active threads.
Waiting for actors to stop.
Sent output token with value 1.0
Next port to read input from is inputA
Called postfire()
Called prefire()
Called fire()
Called postfire()
Called prefire()
Called fire()
Checking for deadlock:
There are 3 Blocked actors, 0 Stopped actors, and 4 active threads.
Waiting for actors to stop.
Read input token from inputA with value 2.0
-- Read input: 1.5, which is expected to match: 1.5
Called prefire()
Called fire()
Checking for deadlock:
There are 3 Blocked actors, 0 Stopped actors, and 4 active threads.
Waiting for actors to stop.
Sent output token with value 1.5
Next port to read input from is inputB
Called postfire()
Called prefire()
Called fire()
Checking for deadlock:
There are 2 Blocked actors, 0 Stopped actors, and 4 active threads.
Waiting for actors to stop.
Called postfire()
Called prefire()
Called fire()
Checking for deadlock:
There are 3 Blocked actors, 0 Stopped actors, and 4 active threads.
Waiting for actors to stop.
Read input token from inputB with value 3.0
Checking for deadlock:
There are 2 Blocked actors, 0 Stopped actors, and 4 active threads.
Waiting for actors to stop.
-- Read input: 2.0, which is expected to match: 2.0
Called prefire()
Called fire()
Checking for deadlock:
There are 3 Blocked actors, 0 Stopped actors, and 4 active threads.
Waiting for actors to stop.
Sent output token with value 2.0
Next port to read input from is inputA
Called postfire()
Called prefire()
Called fire()
Called postfire()
Called prefire()
Called fire()
Checking for deadlock:
There are 3 Blocked actors, 0 Stopped actors, and 4 active threads.
Waiting for actors to stop.
Read input token from inputA with value 3.0
-- Read input: 3.0, which is expected to match: 3.0
Called prefire()
Called fire()
Checking for deadlock:
There are 3 Blocked actors, 0 Stopped actors, and 4 active threads.
Waiting for actors to stop.
Sent output token with value 3.0
Next port to read input from is inputB
Called postfire()
Called prefire()
Called fire()
Checking for deadlock:
There are 2 Blocked actors, 0 Stopped actors, and 4 active threads.
Waiting for actors to stop.
Called postfire()
Called prefire()
Called fire()
Checking for deadlock:
There are 3 Blocked actors, 0 Stopped actors, and 4 active threads.
Waiting for actors to stop.
Read input token from inputB with value 4.5
Checking for deadlock:
There are 2 Blocked actors, 0 Stopped actors, and 4 active threads.
Waiting for actors to stop.
-- Read input: 3.0, which is expected to match: 3.0
Called prefire()
Called fire()
Checking for deadlock:
There are 3 Blocked actors, 0 Stopped actors, and 4 active threads.
Waiting for actors to stop.
Sent output token with value 3.0
Next port to read input from is inputA
Called postfire()
Called prefire()
Called fire()
Called postfire()
Called prefire()
Called fire()
Checking for deadlock:
There are 3 Blocked actors, 0 Stopped actors, and 4 active threads.
Waiting for actors to stop.
Read input token from inputA with value 4.0
-- Read input: 4.0, which is expected to match: 4.0
Called prefire()
Called fire()
Past the end of training data. Read and discard all inputs.
Checking for deadlock:
There are 3 Blocked actors, 0 Stopped actors, and 4 active threads.
Waiting for actors to stop.
Sent output token with value 4.0
Next port to read input from is inputA
Called postfire()
Called prefire()
Called fire()
Called postfire()
Called prefire()
Called fire()
Checking for deadlock:
There are 3 Blocked actors, 0 Stopped actors, and 4 active threads.
Waiting for actors to stop.
Read input token from inputA with value 5.0
Called prefire()
Called fire()
Past the end of training data. Read and discard all inputs.
Checking for deadlock:
There are 3 Blocked actors, 0 Stopped actors, and 4 active threads.
Waiting for actors to stop.
Sent output token with value 4.5
Next port to read input from is inputB
Called postfire()
Called prefire()
Called fire()
Checking for deadlock:
There are 2 Blocked actors, 0 Stopped actors, and 4 active threads.
Waiting for actors to stop.
Called postfire()
Called prefire()
Called fire()
Checking for deadlock:
There are 3 Blocked actors, 0 Stopped actors, and 4 active threads.
Waiting for actors to stop.
Read input token from inputB with value 6.0
Checking for deadlock:
There are 2 Blocked actors, 0 Stopped actors, and 4 active threads.
Waiting for actors to stop.
Called prefire()
Called fire()
Past the end of training data. Read and discard all inputs.
Checking for deadlock:
There are 3 Blocked actors, 0 Stopped actors, and 4 active threads.
Waiting for actors to stop.
Sent output token with value 5.0
Next port to read input from is inputA
Called postfire()
Called prefire()
Called fire()
Called postfire()
Called prefire()
Called fire()
Checking for deadlock:
There are 3 Blocked actors, 0 Stopped actors, and 4 active threads.
Waiting for actors to stop.
Read input token from inputA with value 6.0
Called prefire()
Called fire()
Past the end of training data. Read and discard all inputs.
Checking for deadlock:
There are 3 Blocked actors, 0 Stopped actors, and 4 active threads.
Waiting for actors to stop.
Sent output token with value 6.0
Next port to read input from is inputB
Called postfire()
Called prefire()
Called fire()
Checking for deadlock:
There are 2 Blocked actors, 0 Stopped actors, and 4 active threads.
Waiting for actors to stop.
Called postfire()
Called prefire()
Called fire()
Checking for deadlock:
There are 3 Blocked actors, 0 Stopped actors, and 4 active threads.
Waiting for actors to stop.
Read input token from inputB with value 7.5
Checking for deadlock:
There are 2 Blocked actors, 0 Stopped actors, and 4 active threads.
Waiting for actors to stop.
Called prefire()
Called fire()
Past the end of training data. Read and discard all inputs.
Checking for deadlock:
There are 3 Blocked actors, 0 Stopped actors, and 4 active threads.
Waiting for actors to stop.
Sent output token with value 6.0
Next port to read input from is inputA
Called postfire()
Called prefire()
Called fire()
Called postfire()
Called prefire()
Called fire()
Checking for deadlock:
There are 3 Blocked actors, 0 Stopped actors, and 4 active threads.
Waiting for actors to stop.
Read input token from inputA with value 7.0
Called prefire()
Called fire()
Past the end of training data. Read and discard all inputs.
Checking for deadlock:
There are 3 Blocked actors, 0 Stopped actors, and 4 active threads.
Waiting for actors to stop.
Sent output token with value 7.0
Next port to read input from is inputA
Called postfire()
Called prefire()
Called fire()
-- Thread wrapup() called.
Called wrapup()
Thread .top.Ramp is exiting.
-- Thread stopped.
Checking for deadlock:
There are 2 Blocked actors, 0 Stopped actors, and 3 active threads.
Waiting for actors to stop.
Read input token from inputA with value 8.0
Checking for deadlock:
There are 1 Blocked actors, 0 Stopped actors, and 3 active threads.
Waiting for actors to stop.
Called prefire()
Called fire()
Past the end of training data. Read and discard all inputs.
Checking for deadlock:
There are 2 Blocked actors, 0 Stopped actors, and 3 active threads.
Waiting for actors to stop.
Sent output token with value 7.5
Next port to read input from is inputB
Called postfire()
Called prefire()
Called fire()
Checking for deadlock:
There are 1 Blocked actors, 0 Stopped actors, and 3 active threads.
Waiting for actors to stop.
Called postfire()
Called prefire()
Called fire()
Checking for deadlock:
There are 2 Blocked actors, 0 Stopped actors, and 3 active threads.
Waiting for actors to stop.
Read input token from inputB with value 9.0
Checking for deadlock:
There are 1 Blocked actors, 0 Stopped actors, and 3 active threads.
Waiting for actors to stop.
Called prefire()
Called fire()
Past the end of training data. Read and discard all inputs.
Checking for deadlock:
There are 2 Blocked actors, 0 Stopped actors, and 3 active threads.
Waiting for actors to stop.
Sent output token with value 8.0
Next port to read input from is inputA
Called postfire()
Called prefire()
Called fire()
Read input token from inputA with value 9.0
Called prefire()
Called fire()
Past the end of training data. Read and discard all inputs.
Checking for deadlock:
There are 2 Blocked actors, 0 Stopped actors, and 3 active threads.
Waiting for actors to stop.
Sent output token with value 9.0
Next port to read input from is inputB
Called postfire()
Called prefire()
Called fire()
Called postfire()
Called prefire()
Called fire()
Checking for deadlock:
There are 2 Blocked actors, 0 Stopped actors, and 3 active threads.
Waiting for actors to stop.
Read input token from inputB with value 10.5
Called prefire()
Called fire()
Past the end of training data. Read and discard all inputs.
Checking for deadlock:
There are 2 Blocked actors, 0 Stopped actors, and 3 active threads.
Waiting for actors to stop.
Sent output token with value 9.0
Next port to read input from is inputA
Called postfire()
Called prefire()
Called fire()
Checking for deadlock:
There are 3 Blocked actors, 0 Stopped actors, and 3 active threads.
Actors have stopped.
Checking for deadlock:
There are 3 Blocked actors, 0 Stopped actors, and 3 active threads.
Deadlock detected.
Resolving Deadlock
Checking for deadlock:
There are 3 Blocked actors, 0 Stopped actors, and 3 active threads.
Artificial Deadlock - increasing queue capacity.
increasing the capacity of receiver ptolemy.actor.TypedIOPort {.top.OrderedMerge.inputB} to 2
Director: Called postfire().
Called postfire().
_stopRequested = false
_stopFireRequested = false
Returning from postfire(): true
Called fire().
Checking for deadlock:
There are 2 Blocked actors, 0 Stopped actors, and 3 active threads.
Waiting for actors to stop.
-- Thread wrapup() called.
Called wrapup()
Thread .top.Ramp2 is exiting.
-- Thread stopped.
Checking for deadlock:
There are 2 Blocked actors, 0 Stopped actors, and 2 active threads.
Actors have stopped.
Checking for deadlock:
There are 2 Blocked actors, 0 Stopped actors, and 2 active threads.
Deadlock detected.
Resolving Deadlock
Checking for deadlock:
There are 2 Blocked actors, 0 Stopped actors, and 2 active threads.
Deadlock detected: no processes blocked on write, but some are blocked on read.
Called postfire().
_stopRequested = false
_stopFireRequested = false
Returning from postfire(): false
Finished deactivating branches.
Called wrapup().
-- Thread wrapup() called.
Called wrapup()
Thread .top.Test is exiting.
-- Thread stopped.
-- Blocked Receiver call threw TerminateProcessException.
-- Thread wrapup() called.
Called wrapup()
Thread .top.OrderedMerge is exiting.
-- Thread stopped.
-- Blocked Receiver call threw TerminateProcessException.
79 ms. Memory: 129024K Free: 55229K (43%)
.top. Preinitializing ...
Invoking preinitialize():  .top.OrderedMerge
Called preinitialize()
Invoking preinitialize():  .top.Ramp
Called preinitialize()
Invoking preinitialize():  .top.Ramp2
Called preinitialize()
Invoking preinitialize():  .top.Test
Called preinitialize()
.top. Finished preinitialize().
Called initialize().
Invoking initialize():  .top.OrderedMerge
Initializing actor: .top.OrderedMerge
Adding a thread: .top.OrderedMerge
Invoking initialize():  .top.Ramp
Initializing actor: .top.Ramp
Adding a thread: .top.Ramp
Invoking initialize():  .top.Ramp2
Initializing actor: .top.Ramp2
Adding a thread: .top.Ramp2
Invoking initialize():  .top.Test
Initializing actor: .top.Test
Adding a thread: .top.Test
-- Starting thread.
Called initialize()
Called prefire()
Called fire()
-- Starting thread.
Called initialize()
Called prefire()
Called fire()
Called postfire()
Called prefire()
Called fire()
-- Starting thread.
Called initialize()
Called prefire()
Called fire()
Called postfire()
Called prefire()
Called fire()
Called fire().
Checking for deadlock:
There are 3 Blocked actors, 0 Stopped actors, and 4 active threads.
Waiting for actors to stop.
-- Starting thread.
Called initialize()
Called prefire()
Called fire()
Checking for deadlock:
There are 2 Blocked actors, 0 Stopped actors, and 4 active threads.
Waiting for actors to stop.
Called postfire()
Called prefire()
Called fire()
Checking for deadlock:
There are 3 Blocked actors, 0 Stopped actors, and 4 active threads.
Waiting for actors to stop.
Read input token from inputA with value 0.0
Next port to read input from is inputB
Called postfire()
Called prefire()
Called fire()
Called postfire()
Called prefire()
Called fire()
Checking for deadlock:
There are 3 Blocked actors, 0 Stopped actors, and 4 active threads.
Waiting for actors to stop.
Read input token from inputB with value 0.0
Checking for deadlock:
There are 2 Blocked actors, 0 Stopped actors, and 4 active threads.
Waiting for actors to stop.
-- Read input: 0.0, which is expected to match: 0.0
Called prefire()
Called fire()
Checking for deadlock:
There are 3 Blocked actors, 0 Stopped actors, and 4 active threads.
Waiting for actors to stop.
Sent output token with value 0.0
Next port to read input from is inputA
Called postfire()
Called prefire()
Called fire()
Checking for deadlock:
There are 2 Blocked actors, 0 Stopped actors, and 4 active threads.
Waiting for actors to stop.
Called postfire()
Called prefire()
Called fire()
Checking for deadlock:
There are 3 Blocked actors, 0 Stopped actors, and 4 active threads.
Waiting for actors to stop.
Read input token from inputA with value 1.0
Checking for deadlock:
There are 2 Blocked actors, 0 Stopped actors, and 4 active threads.
Waiting for actors to stop.
-- Read input: 0.0, which is expected to match: 0.0
Called prefire()
Called fire()
Checking for deadlock:
There are 3 Blocked actors, 0 Stopped actors, and 4 active threads.
Waiting for actors to stop.
Sent output token with value 0.0
Next port to read input from is inputB
Called postfire()
Called prefire()
Called fire()
Called postfire()
Called prefire()
Called fire()
Checking for deadlock:
There are 3 Blocked actors, 0 Stopped actors, and 4 active threads.
Waiting for actors to stop.
Read input token from inputB with value 1.5
-- Read input: 1.0, which is expected to match: 1.0
Called prefire()
Called fire()
Checking for deadlock:
There are 3 Blocked actors, 0 Stopped actors, and 4 active threads.
Waiting for actors to stop.
Sent output token with value 1.0
Next port to read input from is inputA
Called postfire()
Called prefire()
Called fire()
Checking for deadlock:
There are 2 Blocked actors, 0 Stopped actors, and 4 active threads.
Waiting for actors to stop.
Called postfire()
Called prefire()
Called fire()
Checking for deadlock:
There are 3 Blocked actors, 0 Stopped actors, and 4 active threads.
Waiting for actors to stop.
Read input token from inputA with value 2.0
Checking for deadlock:
There are 2 Blocked actors, 0 Stopped actors, and 4 active threads.
Waiting for actors to stop.
-- Read input: 1.5, which is expected to match: 1.5
Called prefire()
Called fire()
Checking for deadlock:
There are 3 Blocked actors, 0 Stopped actors, and 4 active threads.
Waiting for actors to stop.
Sent output token with value 1.5
Next port to read input from is inputB
Called postfire()
Called prefire()
Called fire()
Checking for deadlock:
There are 2 Blocked actors, 0 Stopped actors, and 4 active threads.
Waiting for actors to stop.
Called postfire()
Called prefire()
Called fire()
Checking for deadlock:
There are 3 Blocked actors, 0 Stopped actors, and 4 active threads.
Waiting for actors to stop.
Read input token from inputB with value 3.0
Checking for deadlock:
There are 2 Blocked actors, 0 Stopped actors, and 4 active threads.
Waiting for actors to stop.
-- Read input: 2.0, which is expected to match: 2.0
Called prefire()
Called fire()
Checking for deadlock:
There are 3 Blocked actors, 0 Stopped actors, and 4 active threads.
Waiting for actors to stop.
Sent output token with value 2.0
Next port to read input from is inputA
Called postfire()
Called prefire()
Called fire()
Checking for deadlock:
There are 2 Blocked actors, 0 Stopped actors, and 4 active threads.
Waiting for actors to stop.
Called postfire()
Called prefire()
Called fire()
Checking for deadlock:
There are 3 Blocked actors, 0 Stopped actors, and 4 active threads.
Waiting for actors to stop.
Read input token from inputA with value 3.0
Checking for deadlock:
There are 2 Blocked actors, 0 Stopped actors, and 4 active threads.
Waiting for actors to stop.
-- Read input: 3.0, which is expected to match: 3.0
Called prefire()
Called fire()
Checking for deadlock:
There are 3 Blocked actors, 0 Stopped actors, and 4 active threads.
Waiting for actors to stop.
Sent output token with value 3.0
Next port to read input from is inputB
Called postfire()
Called prefire()
Called fire()
Called postfire()
Called prefire()
Called fire()
Checking for deadlock:
There are 3 Blocked actors, 0 Stopped actors, and 4 active threads.
Waiting for actors to stop.
Read input token from inputB with value 4.5
-- Read input: 3.0, which is expected to match: 3.0
Called prefire()
Called fire()
Checking for deadlock:
There are 3 Blocked actors, 0 Stopped actors, and 4 active threads.
Waiting for actors to stop.
Sent output token with value 3.0
Next port to read input from is inputA
Called postfire()
Called prefire()
Called fire()
Checking for deadlock:
There are 2 Blocked actors, 0 Stopped actors, and 4 active threads.
Waiting for actors to stop.
Called postfire()
Called prefire()
Called fire()
Checking for deadlock:
There are 3 Blocked actors, 0 Stopped actors, and 4 active threads.
Waiting for actors to stop.
Read input token from inputA with value 4.0
Checking for deadlock:
There are 2 Blocked actors, 0 Stopped actors, and 4 active threads.
Waiting for actors to stop.
-- Read input: 4.0, which is expected to match: 4.0
Called prefire()
Called fire()
Past the end of training data. Read and discard all inputs.
Checking for deadlock:
There are 3 Blocked actors, 0 Stopped actors, and 4 active threads.
Waiting for actors to stop.
Sent output token with value 4.0
Next port to read input from is inputA
Called postfire()
Called prefire()
Called fire()
Called postfire()
Called prefire()
Called fire()
Checking for deadlock:
There are 3 Blocked actors, 0 Stopped actors, and 4 active threads.
Waiting for actors to stop.
Read input token from inputA with value 5.0
Called prefire()
Called fire()
Past the end of training data. Read and discard all inputs.
Checking for deadlock:
There are 3 Blocked actors, 0 Stopped actors, and 4 active threads.
Waiting for actors to stop.
Sent output token with value 4.5
Next port to read input from is inputB
Called postfire()
Called prefire()
Called fire()
Checking for deadlock:
There are 2 Blocked actors, 0 Stopped actors, and 4 active threads.
Waiting for actors to stop.
Called postfire()
Called prefire()
Called fire()
Checking for deadlock:
There are 3 Blocked actors, 0 Stopped actors, and 4 active threads.
Waiting for actors to stop.
Read input token from inputB with value 6.0
Checking for deadlock:
There are 2 Blocked actors, 0 Stopped actors, and 4 active threads.
Waiting for actors to stop.
Called prefire()
Called fire()
Past the end of training data. Read and discard all inputs.
Checking for deadlock:
There are 3 Blocked actors, 0 Stopped actors, and 4 active threads.
Waiting for actors to stop.
Sent output token with value 5.0
Next port to read input from is inputA
Called postfire()
Called prefire()
Called fire()
Called postfire()
Called prefire()
Called fire()
Checking for deadlock:
There are 3 Blocked actors, 0 Stopped actors, and 4 active threads.
Waiting for actors to stop.
Read input token from inputA with value 6.0
Called prefire()
Called fire()
Past the end of training data. Read and discard all inputs.
Checking for deadlock:
There are 3 Blocked actors, 0 Stopped actors, and 4 active threads.
Waiting for actors to stop.
Sent output token with value 6.0
Next port to read input from is inputB
Called postfire()
Called prefire()
Called fire()
Checking for deadlock:
There are 2 Blocked actors, 0 Stopped actors, and 4 active threads.
Waiting for actors to stop.
Called postfire()
Called prefire()
Called fire()
Checking for deadlock:
There are 3 Blocked actors, 0 Stopped actors, and 4 active threads.
Waiting for actors to stop.
Read input token from inputB with value 7.5
Checking for deadlock:
There are 2 Blocked actors, 0 Stopped actors, and 4 active threads.
Waiting for actors to stop.
Called prefire()
Called fire()
Past the end of training data. Read and discard all inputs.
Checking for deadlock:
There are 3 Blocked actors, 0 Stopped actors, and 4 active threads.
Waiting for actors to stop.
Sent output token with value 6.0
Next port to read input from is inputA
Called postfire()
Called prefire()
Called fire()
Called postfire()
Called prefire()
Called fire()
Checking for deadlock:
There are 3 Blocked actors, 0 Stopped actors, and 4 active threads.
Waiting for actors to stop.
Read input token from inputA with value 7.0
Called prefire()
Called fire()
Past the end of training data. Read and discard all inputs.
Checking for deadlock:
There are 3 Blocked actors, 0 Stopped actors, and 4 active threads.
Waiting for actors to stop.
Sent output token with value 7.0
Next port to read input from is inputA
Called postfire()
Called prefire()
Called fire()
-- Thread wrapup() called.
Called wrapup()
Thread .top.Ramp is exiting.
-- Thread stopped.
Checking for deadlock:
There are 2 Blocked actors, 0 Stopped actors, and 3 active threads.
Waiting for actors to stop.
Read input token from inputA with value 8.0
Checking for deadlock:
There are 1 Blocked actors, 0 Stopped actors, and 3 active threads.
Waiting for actors to stop.
Called prefire()
Called fire()
Past the end of training data. Read and discard all inputs.
Checking for deadlock:
There are 2 Blocked actors, 0 Stopped actors, and 3 active threads.
Waiting for actors to stop.
Sent output token with value 7.5
Next port to read input from is inputB
Called postfire()
Called prefire()
Called fire()
Checking for deadlock:
There are 1 Blocked actors, 0 Stopped actors, and 3 active threads.
Waiting for actors to stop.
Called postfire()
Called prefire()
Called fire()
Checking for deadlock:
There are 2 Blocked actors, 0 Stopped actors, and 3 active threads.
Waiting for actors to stop.
Read input token from inputB with value 9.0
Checking for deadlock:
There are 1 Blocked actors, 0 Stopped actors, and 3 active threads.
Waiting for actors to stop.
Called prefire()
Called fire()
Past the end of training data. Read and discard all inputs.
Checking for deadlock:
There are 2 Blocked actors, 0 Stopped actors, and 3 active threads.
Waiting for actors to stop.
Sent output token with value 8.0
Next port to read input from is inputA
Called postfire()
Called prefire()
Called fire()
Read input token from inputA with value 9.0
Called prefire()
Called fire()
Past the end of training data. Read and discard all inputs.
Checking for deadlock:
There are 2 Blocked actors, 0 Stopped actors, and 3 active threads.
Waiting for actors to stop.
Sent output token with value 9.0
Next port to read input from is inputB
Called postfire()
Called prefire()
Called fire()
Called postfire()
Called prefire()
Called fire()
Checking for deadlock:
There are 2 Blocked actors, 0 Stopped actors, and 3 active threads.
Waiting for actors to stop.
Read input token from inputB with value 10.5
Called prefire()
Called fire()
Past the end of training data. Read and discard all inputs.
Checking for deadlock:
There are 2 Blocked actors, 0 Stopped actors, and 3 active threads.
Waiting for actors to stop.
Sent output token with value 9.0
Next port to read input from is inputA
Called postfire()
Called prefire()
Called fire()
Checking for deadlock:
There are 3 Blocked actors, 0 Stopped actors, and 3 active threads.
Actors have stopped.
Checking for deadlock:
There are 3 Blocked actors, 0 Stopped actors, and 3 active threads.
Deadlock detected.
Resolving Deadlock
Checking for deadlock:
There are 3 Blocked actors, 0 Stopped actors, and 3 active threads.
Artificial Deadlock - increasing queue capacity.
increasing the capacity of receiver ptolemy.actor.TypedIOPort {.top.OrderedMerge.inputB} to 2
Director: Called postfire().
Called postfire().
_stopRequested = false
_stopFireRequested = false
Returning from postfire(): true
Called fire().
Checking for deadlock:
There are 2 Blocked actors, 0 Stopped actors, and 3 active threads.
Waiting for actors to stop.
-- Thread wrapup() called.
Called wrapup()
Thread .top.Ramp2 is exiting.
-- Thread stopped.
Checking for deadlock:
There are 2 Blocked actors, 0 Stopped actors, and 2 active threads.
Actors have stopped.
Checking for deadlock:
There are 2 Blocked actors, 0 Stopped actors, and 2 active threads.
Deadlock detected.
Resolving Deadlock
Checking for deadlock:
There are 2 Blocked actors, 0 Stopped actors, and 2 active threads.
Deadlock detected: no processes blocked on write, but some are blocked on read.
Called postfire().
_stopRequested = false
_stopFireRequested = false
Returning from postfire(): false
Finished deactivating branches.
Called wrapup().
-- Thread wrapup() called.
Called wrapup()
-- Thread wrapup() called.
Called wrapup()
Thread .top.Test is exiting.
-- Thread stopped.
-- Blocked Receiver call threw TerminateProcessException.
Thread .top.OrderedMerge is exiting.
-- Thread stopped.
-- Blocked Receiver call threw TerminateProcessException.
34 ms. Memory: 129024K Free: 52671K (41%)
/home/travis/build/icyphy/ptII/ptolemy/actor/lib/test/Publisher.tcl
18 ms. Memory: 129024K Free: 109965K (85%)
12 ms. Memory: 129024K Free: 104331K (81%)
7 ms. Memory: 129024K Free: 100749K (78%)
9 ms. Memory: 129024K Free: 99725K (77%)
5 ms. Memory: 129024K Free: 99211K (77%)
10 ms. Memory: 129024K Free: 98187K (76%)
10 ms. Memory: 129024K Free: 97677K (76%)
3 ms. Memory: 129024K Free: 96653K (75%)
34 ms. Memory: 158720K Free: 137789K (87%)
4 ms. Memory: 158720K Free: 134207K (85%)
2 ms. Memory: 158720K Free: 133183K (84%)
4 ms. Memory: 158720K Free: 131135K (83%)
6 ms. Memory: 158720K Free: 123453K (78%)
5 ms. Memory: 158720K Free: 114237K (72%)
14 ms. Memory: 158720K Free: 102973K (65%)
/home/travis/build/icyphy/ptII/ptolemy/actor/lib/test/Pulse.tcl
5 ms. Memory: 158720K Free: 133467K (84%)
9 ms. Memory: 158720K Free: 132963K (84%)
2 ms. Memory: 158720K Free: 132419K (83%)
1 ms. Memory: 158720K Free: 131939K (83%)
10 ms. Memory: 158720K Free: 131411K (83%)
11 ms. Memory: 158720K Free: 130401K (82%)
7 ms. Memory: 158720K Free: 129347K (81%)
2 ms. Memory: 158720K Free: 128353K (81%)
1 ms. Memory: 158720K Free: 127843K (81%)
/home/travis/build/icyphy/ptII/ptolemy/actor/lib/test/Ramp.tcl
5 ms. Memory: 158720K Free: 125795K (79%)
2 ms. Memory: 158720K Free: 125251K (79%)
3 ms. Memory: 158720K Free: 124243K (78%)
2 ms. Memory: 158720K Free: 123747K (78%)
6 ms. Memory: 158720K Free: 122723K (77%)
8 ms. Memory: 158720K Free: 122203K (77%)
7 ms. Memory: 158720K Free: 121171K (76%)
5 actors
5000 microseconds per iteration to create
7 ms. Memory: 158720K Free: 118627K (75%)
3 ms. Memory: 158720K Free: 117603K (74%)
4 ms. Memory: 158720K Free: 117089K (74%)
2 ms. Memory: 158720K Free: 116579K (73%)
50 actors
45000 microseconds per iteration to create
42 ms. Memory: 158720K Free: 100675K (63%)
14 ms. Memory: 158720K Free: 99675K (63%)
5 ms. Memory: 158720K Free: 98643K (62%)
13 ms. Memory: 158720K Free: 97603K (61%)
500 actors
1552000 microseconds per iteration to create
200 ms. Memory: 158720K Free: 79636K (50%)
31 ms. Memory: 158720K Free: 74516K (47%)
47 ms. Memory: 158720K Free: 69396K (44%)
39 ms. Memory: 158720K Free: 63766K (40%)
/home/travis/build/icyphy/ptII/ptolemy/actor/lib/test/RampContinuous.tcl
9 ms. Memory: 158720K Free: 62228K (39%)
/home/travis/build/icyphy/ptII/ptolemy/actor/lib/test/RecordAssembler.tcl
6 ms. Memory: 158720K Free: 60694K (38%)
3 ms. Memory: 158720K Free: 60166K (38%)
/home/travis/build/icyphy/ptII/ptolemy/actor/lib/test/RecordDisassembler.tcl
23 ms. Memory: 190464K Free: 167431K (88%)
7 ms. Memory: 190464K Free: 166935K (88%)
4 ms. Memory: 190464K Free: 165397K (87%)
/home/travis/build/icyphy/ptII/ptolemy/actor/lib/test/Scale.tcl
3 ms. Memory: 190464K Free: 163863K (86%)
2 ms. Memory: 190464K Free: 162839K (85%)
2 ms. Memory: 190464K Free: 162311K (85%)
3 ms. Memory: 190464K Free: 161287K (85%)
5 ms. Memory: 190464K Free: 160277K (84%)
/home/travis/build/icyphy/ptII/ptolemy/actor/lib/test/SequentialClock.tcl
preinitializing
resolving types
initializing
executing number 1
wrapping up
idle
3 ms. Memory: 190464K Free: 159247K (84%)
Completed execution with 5 iterations
preinitializing
resolving types
initializing
executing number 1
wrapping up
idle
2 ms. Memory: 190464K Free: 158743K (83%)
Completed execution with 5 iterations
preinitializing
resolving types
initializing
executing number 1
wrapping up
idle
1 ms. Memory: 190464K Free: 158229K (83%)
Completed execution with 5 iterations
/home/travis/build/icyphy/ptII/ptolemy/actor/lib/test/SetVariable.tcl
5 ms. Memory: 190464K Free: 156181K (82%)
/home/travis/build/icyphy/ptII/ptolemy/actor/lib/test/Sinewave.tcl
/home/travis/build/icyphy/ptII/ptolemy/actor/lib/test/SubscriptionAggregator.tcl
5 ms. Memory: 190464K Free: 144903K (76%)
6 ms. Memory: 190464K Free: 144407K (76%)
1 ms. Memory: 190464K Free: 143893K (76%)
1 ms. Memory: 190464K Free: 143383K (75%)
2 ms. Memory: 190464K Free: 139791K (73%)
9 ms. Memory: 190464K Free: 137239K (72%)
...............................................................983 ms. Memory: 302080K Free: 250227K (83%)
/home/travis/build/icyphy/ptII/ptolemy/actor/lib/test/Test.tcl
 The next command will produce a warning about training mode,
   which may be ignored.
8 ms. Memory: 302080K Free: 248181K (82%)
4 ms. Memory: 302080K Free: 247157K (82%)
1 ms. Memory: 302080K Free: 246643K (82%)
1 ms. Memory: 302080K Free: 246133K (81%)
3 ms. Memory: 302080K Free: 245605K (81%)
2 ms. Memory: 302080K Free: 244085K (81%)
3 ms. Memory: 302080K Free: 243061K (80%)
 The next command will produce a warning about training mode,
   which may be ignored.
7 ms. Memory: 302080K Free: 240499K (80%)
 The next command will produce a warning about training mode,
   which may be ignored.
3 ms. Memory: 302080K Free: 239475K (79%)
1 ms. Memory: 302080K Free: 238965K (79%)
1 ms. Memory: 302080K Free: 238445K (79%)
3 ms. Memory: 302080K Free: 237941K (79%)
6 ms. Memory: 302080K Free: 236917K (78%)
2 ms. Memory: 302080K Free: 232821K (77%)
/home/travis/build/icyphy/ptII/ptolemy/actor/lib/test/TestExceptionHandler.tcl
 The next command will produce a warning about training mode,
   which may be ignored.
3 ms. Memory: 302080K Free: 231797K (77%)
1 ms. Memory: 302080K Free: 231269K (77%)
1 ms. Memory: 302080K Free: 230773K (76%)
/home/travis/build/icyphy/ptII/ptolemy/actor/lib/test/UnionDisassembler.tcl
15 ms. Memory: 302080K Free: 223605K (74%)
/home/travis/build/icyphy/ptII/ptolemy/actor/lib/test/VariableClock.tcl
preinitializing
resolving types
initializing
executing number 1
wrapping up
idle
6 ms. Memory: 302080K Free: 221557K (73%)
Completed execution with 11 iterations
preinitializing
resolving types
initializing
executing number 1
wrapping up
idle
4 ms. Memory: 302080K Free: 220005K (73%)
Completed execution with 10 iterations
03/04/20 07:12:07
Failed: 0  Total Tests: 233  ((Passed: 233, Newly Passed: 0)  Known Failed: 0) /home/travis/build/icyphy/ptII/ptolemy/actor/lib/test
----------------- testing (KnownFailure) /home/travis/build/icyphy/ptII/ptolemy/actor/lib/test/auto/knownFailedTests/PublisherPortToplevelSubscriber.xml
0 ms. Memory: 302080K Free: 216947K (72%)
Known Failure: java.lang.reflect.InvocationTargetException
----------------- testing (KnownFailure) /home/travis/build/icyphy/ptII/ptolemy/actor/lib/test/auto/knownFailedTests/PublisherSubscriberPortToplevel.xml
0 ms. Memory: 302080K Free: 212341K (70%)
Known Failure: java.lang.reflect.InvocationTargetException
----------------- testing (KnownFailure) /home/travis/build/icyphy/ptII/ptolemy/actor/lib/test/auto/knownFailedTests/PublisherSubscriptionAggregatorPort.xml
0 ms. Memory: 302080K Free: 208245K (69%)
Known Failure: java.lang.reflect.InvocationTargetException
----------------- testing (KnownFailure) /home/travis/build/icyphy/ptII/ptolemy/actor/lib/test/auto/knownFailedTests/sizedarray3.xml
5 ms. Memory: 302080K Free: 204149K (68%)
Known Failure: java.lang.reflect.InvocationTargetException
No auto/linux-amd64/*.xml tests in /home/travis/build/icyphy/ptII/ptolemy/actor/lib/test
AutoTests.java: About to close Vertx.
AutoTests.java: Vertx closed.

===========================================================================================
----------------- testing Wed Mar 04 07:12:07 UTC 2020 /home/travis/build/icyphy/ptII/ptolemy/actor/lib/test/auto/AbsoluteValue.xml
----------------- Instantiating /home/travis/build/icyphy/ptII/ptolemy/actor/lib/test/auto/AbsoluteValue.xml
10 ms. Memory: 302080K Free: 181621K (60%)
----------------- Invoking toplevel() on ptolemy.moml.MoMLSimpleApplication@41490fd1
----------------- Done invoking toplevel() on ptolemy.moml.MoMLSimpleApplication@41490fd1
reloadAllAccessors: .AbsoluteValue

===========================================================================================
----------------- testing Wed Mar 04 07:12:07 UTC 2020 /home/travis/build/icyphy/ptII/ptolemy/actor/lib/test/auto/AbsoluteValue2.xml
----------------- Instantiating /home/travis/build/icyphy/ptII/ptolemy/actor/lib/test/auto/AbsoluteValue2.xml
5 ms. Memory: 302080K Free: 174963K (58%)
----------------- Invoking toplevel() on ptolemy.moml.MoMLSimpleApplication@b90b93a
----------------- Done invoking toplevel() on ptolemy.moml.MoMLSimpleApplication@b90b93a
reloadAllAccessors: .AbsoluteValue2

===========================================================================================
----------------- testing Wed Mar 04 07:12:07 UTC 2020 /home/travis/build/icyphy/ptII/ptolemy/actor/lib/test/auto/Accumulator.xml
----------------- Instantiating /home/travis/build/icyphy/ptII/ptolemy/actor/lib/test/auto/Accumulator.xml
5 ms. Memory: 302080K Free: 168309K (56%)
----------------- Invoking toplevel() on ptolemy.moml.MoMLSimpleApplication@5b6dac67
----------------- Done invoking toplevel() on ptolemy.moml.MoMLSimpleApplication@5b6dac67
reloadAllAccessors: .Accumulator

===========================================================================================
----------------- testing Wed Mar 04 07:12:07 UTC 2020 /home/travis/build/icyphy/ptII/ptolemy/actor/lib/test/auto/Accumulator2.xml
----------------- Instantiating /home/travis/build/icyphy/ptII/ptolemy/actor/lib/test/auto/Accumulator2.xml
3 ms. Memory: 302080K Free: 163189K (54%)
----------------- Invoking toplevel() on ptolemy.moml.MoMLSimpleApplication@214bf465
----------------- Done invoking toplevel() on ptolemy.moml.MoMLSimpleApplication@214bf465
reloadAllAccessors: .Accumulator2

===========================================================================================
----------------- testing Wed Mar 04 07:12:07 UTC 2020 /home/travis/build/icyphy/ptII/ptolemy/actor/lib/test/auto/Accumulator3.xml
----------------- Instantiating /home/travis/build/icyphy/ptII/ptolemy/actor/lib/test/auto/Accumulator3.xml
2 ms. Memory: 302080K Free: 158579K (52%)
----------------- Invoking toplevel() on ptolemy.moml.MoMLSimpleApplication@75cb8c86
----------------- Done invoking toplevel() on ptolemy.moml.MoMLSimpleApplication@75cb8c86
reloadAllAccessors: .Accumulator3

===========================================================================================
----------------- testing Wed Mar 04 07:12:07 UTC 2020 /home/travis/build/icyphy/ptII/ptolemy/actor/lib/test/auto/ArrayAppend.xml
----------------- Instantiating /home/travis/build/icyphy/ptII/ptolemy/actor/lib/test/auto/ArrayAppend.xml
3 ms. Memory: 302080K Free: 152949K (51%)
----------------- Invoking toplevel() on ptolemy.moml.MoMLSimpleApplication@5fd7cc50
----------------- Done invoking toplevel() on ptolemy.moml.MoMLSimpleApplication@5fd7cc50
reloadAllAccessors: .ArrayAppend

===========================================================================================
----------------- testing Wed Mar 04 07:12:07 UTC 2020 /home/travis/build/icyphy/ptII/ptolemy/actor/lib/test/auto/ArrayAppend2.xml
----------------- Instantiating /home/travis/build/icyphy/ptII/ptolemy/actor/lib/test/auto/ArrayAppend2.xml
341 ms. Memory: 302080K Free: 94067K (31%)
----------------- Invoking toplevel() on ptolemy.moml.MoMLSimpleApplication@4607e910
----------------- Done invoking toplevel() on ptolemy.moml.MoMLSimpleApplication@4607e910
reloadAllAccessors: .ArrayAppend2

===========================================================================================
----------------- testing Wed Mar 04 07:12:08 UTC 2020 /home/travis/build/icyphy/ptII/ptolemy/actor/lib/test/auto/ArrayAppend3.xml
----------------- Instantiating /home/travis/build/icyphy/ptII/ptolemy/actor/lib/test/auto/ArrayAppend3.xml
11 ms. Memory: 302080K Free: 251371K (83%)
----------------- Invoking toplevel() on ptolemy.moml.MoMLSimpleApplication@87736b0
----------------- Done invoking toplevel() on ptolemy.moml.MoMLSimpleApplication@87736b0
reloadAllAccessors: .ArrayAppend3

===========================================================================================
----------------- testing Wed Mar 04 07:12:08 UTC 2020 /home/travis/build/icyphy/ptII/ptolemy/actor/lib/test/auto/ArrayAppend4.xml
----------------- Instantiating /home/travis/build/icyphy/ptII/ptolemy/actor/lib/test/auto/ArrayAppend4.xml
5 ms. Memory: 302080K Free: 245979K (81%)
----------------- Invoking toplevel() on ptolemy.moml.MoMLSimpleApplication@783a6f73
----------------- Done invoking toplevel() on ptolemy.moml.MoMLSimpleApplication@783a6f73
reloadAllAccessors: .ArrayAppend4

===========================================================================================
----------------- testing Wed Mar 04 07:12:08 UTC 2020 /home/travis/build/icyphy/ptII/ptolemy/actor/lib/test/auto/ArrayAppend5.xml
----------------- Instantiating /home/travis/build/icyphy/ptII/ptolemy/actor/lib/test/auto/ArrayAppend5.xml
2 ms. Memory: 302080K Free: 240621K (80%)
----------------- Invoking toplevel() on ptolemy.moml.MoMLSimpleApplication@3b88512d
----------------- Done invoking toplevel() on ptolemy.moml.MoMLSimpleApplication@3b88512d
reloadAllAccessors: .ArrayAppend5

===========================================================================================
----------------- testing Wed Mar 04 07:12:08 UTC 2020 /home/travis/build/icyphy/ptII/ptolemy/actor/lib/test/auto/ArrayAppend6.xml
----------------- Instantiating /home/travis/build/icyphy/ptII/ptolemy/actor/lib/test/auto/ArrayAppend6.xml
8 ms. Memory: 302080K Free: 236011K (78%)
----------------- Invoking toplevel() on ptolemy.moml.MoMLSimpleApplication@416c8b1
----------------- Done invoking toplevel() on ptolemy.moml.MoMLSimpleApplication@416c8b1
reloadAllAccessors: .ArrayAppend6

===========================================================================================
----------------- testing Wed Mar 04 07:12:08 UTC 2020 /home/travis/build/icyphy/ptII/ptolemy/actor/lib/test/auto/ArrayAppendPerformanceTest.xml
----------------- Instantiating /home/travis/build/icyphy/ptII/ptolemy/actor/lib/test/auto/ArrayAppendPerformanceTest.xml
29 ms. Memory: 302080K Free: 224237K (74%)
----------------- Invoking toplevel() on ptolemy.moml.MoMLSimpleApplication@2da4a1bf
----------------- Done invoking toplevel() on ptolemy.moml.MoMLSimpleApplication@2da4a1bf
reloadAllAccessors: .ArrayAppendPerformanceTest

===========================================================================================
----------------- testing Wed Mar 04 07:12:08 UTC 2020 /home/travis/build/icyphy/ptII/ptolemy/actor/lib/test/auto/ArrayAppendWithEmptyInput.xml
----------------- Instantiating /home/travis/build/icyphy/ptII/ptolemy/actor/lib/test/auto/ArrayAppendWithEmptyInput.xml
8 ms. Memory: 302080K Free: 216555K (72%)
----------------- Invoking toplevel() on ptolemy.moml.MoMLSimpleApplication@270f0925
----------------- Done invoking toplevel() on ptolemy.moml.MoMLSimpleApplication@270f0925
reloadAllAccessors: .ArrayAppendWithEmptyInput

===========================================================================================
----------------- testing Wed Mar 04 07:12:08 UTC 2020 /home/travis/build/icyphy/ptII/ptolemy/actor/lib/test/auto/ArrayAverage.xml
----------------- Instantiating /home/travis/build/icyphy/ptII/ptolemy/actor/lib/test/auto/ArrayAverage.xml
4 ms. Memory: 302080K Free: 208363K (69%)
----------------- Invoking toplevel() on ptolemy.moml.MoMLSimpleApplication@61494e64
----------------- Done invoking toplevel() on ptolemy.moml.MoMLSimpleApplication@61494e64
reloadAllAccessors: .ArrayAverage

===========================================================================================
----------------- testing Wed Mar 04 07:12:08 UTC 2020 /home/travis/build/icyphy/ptII/ptolemy/actor/lib/test/auto/ArrayContains.xml
----------------- Instantiating /home/travis/build/icyphy/ptII/ptolemy/actor/lib/test/auto/ArrayContains.xml
10 ms. Memory: 302080K Free: 202733K (67%)
----------------- Invoking toplevel() on ptolemy.moml.MoMLSimpleApplication@611a82c4
----------------- Done invoking toplevel() on ptolemy.moml.MoMLSimpleApplication@611a82c4
reloadAllAccessors: .ArrayContains

===========================================================================================
----------------- testing Wed Mar 04 07:12:08 UTC 2020 /home/travis/build/icyphy/ptII/ptolemy/actor/lib/test/auto/ArrayElement.xml
----------------- Instantiating /home/travis/build/icyphy/ptII/ptolemy/actor/lib/test/auto/ArrayElement.xml
3 ms. Memory: 302080K Free: 196589K (65%)
----------------- Invoking toplevel() on ptolemy.moml.MoMLSimpleApplication@5de1cdab
----------------- Done invoking toplevel() on ptolemy.moml.MoMLSimpleApplication@5de1cdab
reloadAllAccessors: .ArrayElement

===========================================================================================
----------------- testing Wed Mar 04 07:12:08 UTC 2020 /home/travis/build/icyphy/ptII/ptolemy/actor/lib/test/auto/ArrayElementAsMatrix.xml
----------------- Instantiating /home/travis/build/icyphy/ptII/ptolemy/actor/lib/test/auto/ArrayElementAsMatrix.xml
8 ms. Memory: 302080K Free: 186859K (62%)
----------------- Invoking toplevel() on ptolemy.moml.MoMLSimpleApplication@6069764
----------------- Done invoking toplevel() on ptolemy.moml.MoMLSimpleApplication@6069764
reloadAllAccessors: .ArrayElementAsMatrix

===========================================================================================
----------------- testing Wed Mar 04 07:12:08 UTC 2020 /home/travis/build/icyphy/ptII/ptolemy/actor/lib/test/auto/ArrayElementI.xml
----------------- Instantiating /home/travis/build/icyphy/ptII/ptolemy/actor/lib/test/auto/ArrayElementI.xml
2 ms. Memory: 302080K Free: 181739K (60%)
----------------- Invoking toplevel() on ptolemy.moml.MoMLSimpleApplication@e8c81c9
----------------- Done invoking toplevel() on ptolemy.moml.MoMLSimpleApplication@e8c81c9
reloadAllAccessors: .ArrayElementI

===========================================================================================
----------------- testing Wed Mar 04 07:12:08 UTC 2020 /home/travis/build/icyphy/ptII/ptolemy/actor/lib/test/auto/ArrayExtract.xml
----------------- Instantiating /home/travis/build/icyphy/ptII/ptolemy/actor/lib/test/auto/ArrayExtract.xml
4 ms. Memory: 302080K Free: 173037K (57%)
----------------- Invoking toplevel() on ptolemy.moml.MoMLSimpleApplication@6bd7adb
----------------- Done invoking toplevel() on ptolemy.moml.MoMLSimpleApplication@6bd7adb
reloadAllAccessors: .ArrayExtract

===========================================================================================
----------------- testing Wed Mar 04 07:12:08 UTC 2020 /home/travis/build/icyphy/ptII/ptolemy/actor/lib/test/auto/ArrayExtract2.xml
----------------- Instantiating /home/travis/build/icyphy/ptII/ptolemy/actor/lib/test/auto/ArrayExtract2.xml
4 ms. Memory: 302080K Free: 167917K (56%)
----------------- Invoking toplevel() on ptolemy.moml.MoMLSimpleApplication@4684c470
----------------- Done invoking toplevel() on ptolemy.moml.MoMLSimpleApplication@4684c470
reloadAllAccessors: .ArrayExtract2

===========================================================================================
----------------- testing Wed Mar 04 07:12:08 UTC 2020 /home/travis/build/icyphy/ptII/ptolemy/actor/lib/test/auto/ArrayLength.xml
----------------- Instantiating /home/travis/build/icyphy/ptII/ptolemy/actor/lib/test/auto/ArrayLength.xml
5 ms. Memory: 302080K Free: 163821K (54%)
----------------- Invoking toplevel() on ptolemy.moml.MoMLSimpleApplication@6ec3168b
----------------- Done invoking toplevel() on ptolemy.moml.MoMLSimpleApplication@6ec3168b
reloadAllAccessors: .ArrayLength

===========================================================================================
----------------- testing Wed Mar 04 07:12:08 UTC 2020 /home/travis/build/icyphy/ptII/ptolemy/actor/lib/test/auto/ArrayLevelCrossing.xml
----------------- Instantiating /home/travis/build/icyphy/ptII/ptolemy/actor/lib/test/auto/ArrayLevelCrossing.xml
4 ms. Memory: 302080K Free: 156139K (52%)
----------------- Invoking toplevel() on ptolemy.moml.MoMLSimpleApplication@6e25a8d1
----------------- Done invoking toplevel() on ptolemy.moml.MoMLSimpleApplication@6e25a8d1
reloadAllAccessors: .ArrayLevelCrossing

===========================================================================================
----------------- testing Wed Mar 04 07:12:08 UTC 2020 /home/travis/build/icyphy/ptII/ptolemy/actor/lib/test/auto/ArrayLevelCrossing2.xml
----------------- Instantiating /home/travis/build/icyphy/ptII/ptolemy/actor/lib/test/auto/ArrayLevelCrossing2.xml
2 ms. Memory: 302080K Free: 148461K (49%)
----------------- Invoking toplevel() on ptolemy.moml.MoMLSimpleApplication@3ef00675
----------------- Done invoking toplevel() on ptolemy.moml.MoMLSimpleApplication@3ef00675
reloadAllAccessors: .ArrayLevelCrossing2

===========================================================================================
----------------- testing Wed Mar 04 07:12:08 UTC 2020 /home/travis/build/icyphy/ptII/ptolemy/actor/lib/test/auto/ArrayPeakSearch.xml
----------------- Instantiating /home/travis/build/icyphy/ptII/ptolemy/actor/lib/test/auto/ArrayPeakSearch.xml
4 ms. Memory: 302080K Free: 139755K (46%)
----------------- Invoking toplevel() on ptolemy.moml.MoMLSimpleApplication@27daf477
----------------- Done invoking toplevel() on ptolemy.moml.MoMLSimpleApplication@27daf477
reloadAllAccessors: .ArrayPeakSearch

===========================================================================================
----------------- testing Wed Mar 04 07:12:08 UTC 2020 /home/travis/build/icyphy/ptII/ptolemy/actor/lib/test/auto/ArrayPeakSearch2.xml
----------------- Instantiating /home/travis/build/icyphy/ptII/ptolemy/actor/lib/test/auto/ArrayPeakSearch2.xml
7 ms. Memory: 302080K Free: 129005K (43%)
----------------- Invoking toplevel() on ptolemy.moml.MoMLSimpleApplication@3882f2a0
----------------- Done invoking toplevel() on ptolemy.moml.MoMLSimpleApplication@3882f2a0
reloadAllAccessors: .ArrayPeakSearch2

===========================================================================================
----------------- testing Wed Mar 04 07:12:08 UTC 2020 /home/travis/build/icyphy/ptII/ptolemy/actor/lib/test/auto/ArrayPeakSearch3.xml
----------------- Instantiating /home/travis/build/icyphy/ptII/ptolemy/actor/lib/test/auto/ArrayPeakSearch3.xml
5 ms. Memory: 302080K Free: 120299K (40%)
----------------- Invoking toplevel() on ptolemy.moml.MoMLSimpleApplication@5706b83e
----------------- Done invoking toplevel() on ptolemy.moml.MoMLSimpleApplication@5706b83e
reloadAllAccessors: .ArrayPeakSearch3

===========================================================================================
----------------- testing Wed Mar 04 07:12:08 UTC 2020 /home/travis/build/icyphy/ptII/ptolemy/actor/lib/test/auto/ArrayRemoveElement.xml
----------------- Instantiating /home/travis/build/icyphy/ptII/ptolemy/actor/lib/test/auto/ArrayRemoveElement.xml
3 ms. Memory: 302080K Free: 112107K (37%)
----------------- Invoking toplevel() on ptolemy.moml.MoMLSimpleApplication@70a3cfe6
----------------- Done invoking toplevel() on ptolemy.moml.MoMLSimpleApplication@70a3cfe6
reloadAllAccessors: .ArrayRemoveElement

===========================================================================================
----------------- testing Wed Mar 04 07:12:08 UTC 2020 /home/travis/build/icyphy/ptII/ptolemy/actor/lib/test/auto/ArraySort.xml
----------------- Instantiating /home/travis/build/icyphy/ptII/ptolemy/actor/lib/test/auto/ArraySort.xml
7 ms. Memory: 302080K Free: 103405K (34%)
----------------- Invoking toplevel() on ptolemy.moml.MoMLSimpleApplication@ca0aa6
----------------- Done invoking toplevel() on ptolemy.moml.MoMLSimpleApplication@ca0aa6
reloadAllAccessors: .ArraySort

===========================================================================================
----------------- testing Wed Mar 04 07:12:09 UTC 2020 /home/travis/build/icyphy/ptII/ptolemy/actor/lib/test/auto/ArraySum.xml
----------------- Instantiating /home/travis/build/icyphy/ptII/ptolemy/actor/lib/test/auto/ArraySum.xml
4 ms. Memory: 302080K Free: 97771K (32%)
----------------- Invoking toplevel() on ptolemy.moml.MoMLSimpleApplication@a372470
----------------- Done invoking toplevel() on ptolemy.moml.MoMLSimpleApplication@a372470
reloadAllAccessors: .ArraySum

===========================================================================================
----------------- testing Wed Mar 04 07:12:09 UTC 2020 /home/travis/build/icyphy/ptII/ptolemy/actor/lib/test/auto/ArrayToElements.xml
----------------- Instantiating /home/travis/build/icyphy/ptII/ptolemy/actor/lib/test/auto/ArrayToElements.xml
6 ms. Memory: 302080K Free: 92651K (31%)
----------------- Invoking toplevel() on ptolemy.moml.MoMLSimpleApplication@4f0c4acd
----------------- Done invoking toplevel() on ptolemy.moml.MoMLSimpleApplication@4f0c4acd
reloadAllAccessors: .ArrayToElements

===========================================================================================
----------------- testing Wed Mar 04 07:12:09 UTC 2020 /home/travis/build/icyphy/ptII/ptolemy/actor/lib/test/auto/ArrayToMatrix.xml
----------------- Instantiating /home/travis/build/icyphy/ptII/ptolemy/actor/lib/test/auto/ArrayToMatrix.xml
16 ms. Memory: 302080K Free: 249835K (83%)
----------------- Invoking toplevel() on ptolemy.moml.MoMLSimpleApplication@17e42077
----------------- Done invoking toplevel() on ptolemy.moml.MoMLSimpleApplication@17e42077
reloadAllAccessors: .ArrayToMatrix

===========================================================================================
----------------- testing Wed Mar 04 07:12:09 UTC 2020 /home/travis/build/icyphy/ptII/ptolemy/actor/lib/test/auto/ArrayUpdate1.xml
----------------- Instantiating /home/travis/build/icyphy/ptII/ptolemy/actor/lib/test/auto/ArrayUpdate1.xml
2 ms. Memory: 302080K Free: 244715K (81%)
----------------- Invoking toplevel() on ptolemy.moml.MoMLSimpleApplication@776574cf
----------------- Done invoking toplevel() on ptolemy.moml.MoMLSimpleApplication@776574cf
reloadAllAccessors: .ArrayUpdate1

===========================================================================================
----------------- testing Wed Mar 04 07:12:09 UTC 2020 /home/travis/build/icyphy/ptII/ptolemy/actor/lib/test/auto/ArrayUpdate2.xml
----------------- Instantiating /home/travis/build/icyphy/ptII/ptolemy/actor/lib/test/auto/ArrayUpdate2.xml
5 ms. Memory: 302080K Free: 239085K (79%)
----------------- Invoking toplevel() on ptolemy.moml.MoMLSimpleApplication@6413bda
----------------- Done invoking toplevel() on ptolemy.moml.MoMLSimpleApplication@6413bda
reloadAllAccessors: .ArrayUpdate2

===========================================================================================
----------------- testing Wed Mar 04 07:12:09 UTC 2020 /home/travis/build/icyphy/ptII/ptolemy/actor/lib/test/auto/ArrayUpdate3.xml
----------------- Instantiating /home/travis/build/icyphy/ptII/ptolemy/actor/lib/test/auto/ArrayUpdate3.xml
5 ms. Memory: 302080K Free: 233965K (77%)
----------------- Invoking toplevel() on ptolemy.moml.MoMLSimpleApplication@4003f992
----------------- Done invoking toplevel() on ptolemy.moml.MoMLSimpleApplication@4003f992
reloadAllAccessors: .ArrayUpdate3

===========================================================================================
----------------- testing Wed Mar 04 07:12:09 UTC 2020 /home/travis/build/icyphy/ptII/ptolemy/actor/lib/test/auto/Assert1.xml
----------------- Instantiating /home/travis/build/icyphy/ptII/ptolemy/actor/lib/test/auto/Assert1.xml
4 ms. Memory: 302080K Free: 229869K (76%)
----------------- Invoking toplevel() on ptolemy.moml.MoMLSimpleApplication@46c4573c
----------------- Done invoking toplevel() on ptolemy.moml.MoMLSimpleApplication@46c4573c
reloadAllAccessors: .Assert1

===========================================================================================
----------------- testing Wed Mar 04 07:12:09 UTC 2020 /home/travis/build/icyphy/ptII/ptolemy/actor/lib/test/auto/Assert2.xml
----------------- Instantiating /home/travis/build/icyphy/ptII/ptolemy/actor/lib/test/auto/Assert2.xml
2 ms. Memory: 302080K Free: 224235K (74%)
----------------- Invoking toplevel() on ptolemy.moml.MoMLSimpleApplication@654b9de1
----------------- Done invoking toplevel() on ptolemy.moml.MoMLSimpleApplication@654b9de1
reloadAllAccessors: .Assert2

===========================================================================================
----------------- testing Wed Mar 04 07:12:09 UTC 2020 /home/travis/build/icyphy/ptII/ptolemy/actor/lib/test/auto/BooleanMultiplexor.xml
----------------- Instantiating /home/travis/build/icyphy/ptII/ptolemy/actor/lib/test/auto/BooleanMultiplexor.xml
2 ms. Memory: 302080K Free: 219085K (73%)
----------------- Invoking toplevel() on ptolemy.moml.MoMLSimpleApplication@51e1f667
----------------- Done invoking toplevel() on ptolemy.moml.MoMLSimpleApplication@51e1f667
reloadAllAccessors: .BooleanMultiplexor

===========================================================================================
----------------- testing Wed Mar 04 07:12:09 UTC 2020 /home/travis/build/icyphy/ptII/ptolemy/actor/lib/test/auto/BooleanMultiplexor2.xml
----------------- Instantiating /home/travis/build/icyphy/ptII/ptolemy/actor/lib/test/auto/BooleanMultiplexor2.xml
3 ms. Memory: 302080K Free: 212461K (70%)
----------------- Invoking toplevel() on ptolemy.moml.MoMLSimpleApplication@6b32e456
----------------- Done invoking toplevel() on ptolemy.moml.MoMLSimpleApplication@6b32e456
reloadAllAccessors: .BooleanMultiplexor2

===========================================================================================
----------------- testing Wed Mar 04 07:12:09 UTC 2020 /home/travis/build/icyphy/ptII/ptolemy/actor/lib/test/auto/BooleanMultiplexor3.xml
----------------- Instantiating /home/travis/build/icyphy/ptII/ptolemy/actor/lib/test/auto/BooleanMultiplexor3.xml
2 ms. Memory: 302080K Free: 208365K (69%)
----------------- Invoking toplevel() on ptolemy.moml.MoMLSimpleApplication@73b68a04
----------------- Done invoking toplevel() on ptolemy.moml.MoMLSimpleApplication@73b68a04
reloadAllAccessors: .BooleanMultiplexor3

===========================================================================================
----------------- testing Wed Mar 04 07:12:09 UTC 2020 /home/travis/build/icyphy/ptII/ptolemy/actor/lib/test/auto/BooleanSelect.xml
----------------- Instantiating /home/travis/build/icyphy/ptII/ptolemy/actor/lib/test/auto/BooleanSelect.xml
8 ms. Memory: 302080K Free: 202717K (67%)
----------------- Invoking toplevel() on ptolemy.moml.MoMLSimpleApplication@66371957
----------------- Done invoking toplevel() on ptolemy.moml.MoMLSimpleApplication@66371957
reloadAllAccessors: .BooleanSelect

===========================================================================================
----------------- testing Wed Mar 04 07:12:09 UTC 2020 /home/travis/build/icyphy/ptII/ptolemy/actor/lib/test/auto/BooleanSelect2.xml
----------------- Instantiating /home/travis/build/icyphy/ptII/ptolemy/actor/lib/test/auto/BooleanSelect2.xml
2 ms. Memory: 302080K Free: 198125K (66%)
----------------- Invoking toplevel() on ptolemy.moml.MoMLSimpleApplication@3a68f1de
----------------- Done invoking toplevel() on ptolemy.moml.MoMLSimpleApplication@3a68f1de
reloadAllAccessors: .BooleanSelect2

===========================================================================================
----------------- testing Wed Mar 04 07:12:09 UTC 2020 /home/travis/build/icyphy/ptII/ptolemy/actor/lib/test/auto/BooleanSwitch.xml
----------------- Instantiating /home/travis/build/icyphy/ptII/ptolemy/actor/lib/test/auto/BooleanSwitch.xml
12 ms. Memory: 302080K Free: 192491K (64%)
----------------- Invoking toplevel() on ptolemy.moml.MoMLSimpleApplication@4b709e2b
----------------- Done invoking toplevel() on ptolemy.moml.MoMLSimpleApplication@4b709e2b
reloadAllAccessors: .BooleanSwitch

===========================================================================================
----------------- testing Wed Mar 04 07:12:09 UTC 2020 /home/travis/build/icyphy/ptII/ptolemy/actor/lib/test/auto/BooleanSwitch2.xml
----------------- Instantiating /home/travis/build/icyphy/ptII/ptolemy/actor/lib/test/auto/BooleanSwitch2.xml
2 ms. Memory: 302080K Free: 187885K (62%)
----------------- Invoking toplevel() on ptolemy.moml.MoMLSimpleApplication@226ca7ec
----------------- Done invoking toplevel() on ptolemy.moml.MoMLSimpleApplication@226ca7ec
reloadAllAccessors: .BooleanSwitch2

===========================================================================================
----------------- testing Wed Mar 04 07:12:09 UTC 2020 /home/travis/build/icyphy/ptII/ptolemy/actor/lib/test/auto/BooleanSwitchCloningBugWithClassRelationGroup.xml
----------------- Instantiating /home/travis/build/icyphy/ptII/ptolemy/actor/lib/test/auto/BooleanSwitchCloningBugWithClassRelationGroup.xml
3 ms. Memory: 302080K Free: 181741K (60%)
----------------- Invoking toplevel() on ptolemy.moml.MoMLSimpleApplication@45285cfc
----------------- Done invoking toplevel() on ptolemy.moml.MoMLSimpleApplication@45285cfc
reloadAllAccessors: .BooleanSwitchCloningBugWithClassRelationGroup

===========================================================================================
----------------- testing Wed Mar 04 07:12:09 UTC 2020 /home/travis/build/icyphy/ptII/ptolemy/actor/lib/test/auto/BusActors.xml
----------------- Instantiating /home/travis/build/icyphy/ptII/ptolemy/actor/lib/test/auto/BusActors.xml
12 ms. Memory: 302080K Free: 173549K (57%)
----------------- Invoking toplevel() on ptolemy.moml.MoMLSimpleApplication@16116107
----------------- Done invoking toplevel() on ptolemy.moml.MoMLSimpleApplication@16116107
reloadAllAccessors: .BusActors

===========================================================================================
----------------- testing Wed Mar 04 07:12:09 UTC 2020 /home/travis/build/icyphy/ptII/ptolemy/actor/lib/test/auto/ClassWrapper.xml
----------------- Instantiating /home/travis/build/icyphy/ptII/ptolemy/actor/lib/test/auto/ClassWrapper.xml
3 ms. Memory: 302080K Free: 169453K (56%)
----------------- Invoking toplevel() on ptolemy.moml.MoMLSimpleApplication@11733641
----------------- Done invoking toplevel() on ptolemy.moml.MoMLSimpleApplication@11733641
reloadAllAccessors: .ClassWrapper

===========================================================================================
----------------- testing Wed Mar 04 07:12:09 UTC 2020 /home/travis/build/icyphy/ptII/ptolemy/actor/lib/test/auto/Clock.xml
----------------- Instantiating /home/travis/build/icyphy/ptII/ptolemy/actor/lib/test/auto/Clock.xml
2 ms. Memory: 302080K Free: 165357K (55%)
----------------- Invoking toplevel() on ptolemy.moml.MoMLSimpleApplication@273afac5
----------------- Done invoking toplevel() on ptolemy.moml.MoMLSimpleApplication@273afac5
reloadAllAccessors: .Clock

===========================================================================================
----------------- testing Wed Mar 04 07:12:09 UTC 2020 /home/travis/build/icyphy/ptII/ptolemy/actor/lib/test/auto/Clock10.xml
----------------- Instantiating /home/travis/build/icyphy/ptII/ptolemy/actor/lib/test/auto/Clock10.xml
4 ms. Memory: 302080K Free: 159723K (53%)
----------------- Invoking toplevel() on ptolemy.moml.MoMLSimpleApplication@2ad23297
----------------- Done invoking toplevel() on ptolemy.moml.MoMLSimpleApplication@2ad23297
reloadAllAccessors: .Clock10

===========================================================================================
----------------- testing Wed Mar 04 07:12:09 UTC 2020 /home/travis/build/icyphy/ptII/ptolemy/actor/lib/test/auto/Clock11.xml
----------------- Instantiating /home/travis/build/icyphy/ptII/ptolemy/actor/lib/test/auto/Clock11.xml
9 ms. Memory: 302080K Free: 153579K (51%)
----------------- Invoking toplevel() on ptolemy.moml.MoMLSimpleApplication@4c586ec5
----------------- Done invoking toplevel() on ptolemy.moml.MoMLSimpleApplication@4c586ec5
reloadAllAccessors: .Clock11

===========================================================================================
----------------- testing Wed Mar 04 07:12:09 UTC 2020 /home/travis/build/icyphy/ptII/ptolemy/actor/lib/test/auto/Clock12.xml
----------------- Instantiating /home/travis/build/icyphy/ptII/ptolemy/actor/lib/test/auto/Clock12.xml
3 ms. Memory: 302080K Free: 147949K (49%)
----------------- Invoking toplevel() on ptolemy.moml.MoMLSimpleApplication@e94029
----------------- Done invoking toplevel() on ptolemy.moml.MoMLSimpleApplication@e94029
reloadAllAccessors: .Clock12

===========================================================================================
----------------- testing Wed Mar 04 07:12:09 UTC 2020 /home/travis/build/icyphy/ptII/ptolemy/actor/lib/test/auto/Clock13.xml
----------------- Instantiating /home/travis/build/icyphy/ptII/ptolemy/actor/lib/test/auto/Clock13.xml
2 ms. Memory: 302080K Free: 141805K (47%)
----------------- Invoking toplevel() on ptolemy.moml.MoMLSimpleApplication@2eec8629
----------------- Done invoking toplevel() on ptolemy.moml.MoMLSimpleApplication@2eec8629
reloadAllAccessors: .Clock13

===========================================================================================
----------------- testing Wed Mar 04 07:12:09 UTC 2020 /home/travis/build/icyphy/ptII/ptolemy/actor/lib/test/auto/Clock14.xml
----------------- Instantiating /home/travis/build/icyphy/ptII/ptolemy/actor/lib/test/auto/Clock14.xml
4 ms. Memory: 302080K Free: 136165K (45%)
----------------- Invoking toplevel() on ptolemy.moml.MoMLSimpleApplication@55cd82a2
----------------- Done invoking toplevel() on ptolemy.moml.MoMLSimpleApplication@55cd82a2
reloadAllAccessors: .Clock14

===========================================================================================
----------------- testing Wed Mar 04 07:12:09 UTC 2020 /home/travis/build/icyphy/ptII/ptolemy/actor/lib/test/auto/Clock15.xml
----------------- Instantiating /home/travis/build/icyphy/ptII/ptolemy/actor/lib/test/auto/Clock15.xml
4 ms. Memory: 302080K Free: 129997K (43%)
----------------- Invoking toplevel() on ptolemy.moml.MoMLSimpleApplication@49c7a92f
----------------- Done invoking toplevel() on ptolemy.moml.MoMLSimpleApplication@49c7a92f
reloadAllAccessors: .Clock15

===========================================================================================
----------------- testing Wed Mar 04 07:12:09 UTC 2020 /home/travis/build/icyphy/ptII/ptolemy/actor/lib/test/auto/Clock16.xml
----------------- Instantiating /home/travis/build/icyphy/ptII/ptolemy/actor/lib/test/auto/Clock16.xml
25 ms. Memory: 302080K Free: 114667K (38%)
----------------- Invoking toplevel() on ptolemy.moml.MoMLSimpleApplication@1e0f2b4f
----------------- Done invoking toplevel() on ptolemy.moml.MoMLSimpleApplication@1e0f2b4f
reloadAllAccessors: .Clock16

===========================================================================================
----------------- testing Wed Mar 04 07:12:09 UTC 2020 /home/travis/build/icyphy/ptII/ptolemy/actor/lib/test/auto/Clock17.xml
----------------- Instantiating /home/travis/build/icyphy/ptII/ptolemy/actor/lib/test/auto/Clock17.xml
21 ms. Memory: 302080K Free: 100845K (33%)
----------------- Invoking toplevel() on ptolemy.moml.MoMLSimpleApplication@3f125ec
----------------- Done invoking toplevel() on ptolemy.moml.MoMLSimpleApplication@3f125ec
reloadAllAccessors: .Clock17

===========================================================================================
----------------- testing Wed Mar 04 07:12:09 UTC 2020 /home/travis/build/icyphy/ptII/ptolemy/actor/lib/test/auto/Clock18.xml
----------------- Instantiating /home/travis/build/icyphy/ptII/ptolemy/actor/lib/test/auto/Clock18.xml
20 ms. Memory: 302080K Free: 87533K (29%)
----------------- Invoking toplevel() on ptolemy.moml.MoMLSimpleApplication@2bf74f5f
----------------- Done invoking toplevel() on ptolemy.moml.MoMLSimpleApplication@2bf74f5f
reloadAllAccessors: .Clock18

===========================================================================================
----------------- testing Wed Mar 04 07:12:09 UTC 2020 /home/travis/build/icyphy/ptII/ptolemy/actor/lib/test/auto/Clock19.xml
----------------- Instantiating /home/travis/build/icyphy/ptII/ptolemy/actor/lib/test/auto/Clock19.xml
22 ms. Memory: 302080K Free: 253464K (84%)
----------------- Invoking toplevel() on ptolemy.moml.MoMLSimpleApplication@3dafb2c4
----------------- Done invoking toplevel() on ptolemy.moml.MoMLSimpleApplication@3dafb2c4
reloadAllAccessors: .Clock19

===========================================================================================
----------------- testing Wed Mar 04 07:12:09 UTC 2020 /home/travis/build/icyphy/ptII/ptolemy/actor/lib/test/auto/Clock2.xml
----------------- Instantiating /home/travis/build/icyphy/ptII/ptolemy/actor/lib/test/auto/Clock2.xml
6 ms. Memory: 302080K Free: 248660K (82%)
----------------- Invoking toplevel() on ptolemy.moml.MoMLSimpleApplication@60623a68
----------------- Done invoking toplevel() on ptolemy.moml.MoMLSimpleApplication@60623a68
reloadAllAccessors: .Clock2

===========================================================================================
----------------- testing Wed Mar 04 07:12:09 UTC 2020 /home/travis/build/icyphy/ptII/ptolemy/actor/lib/test/auto/Clock20.xml
----------------- Instantiating /home/travis/build/icyphy/ptII/ptolemy/actor/lib/test/auto/Clock20.xml
9 ms. Memory: 302080K Free: 243026K (80%)
----------------- Invoking toplevel() on ptolemy.moml.MoMLSimpleApplication@15619187
----------------- Done invoking toplevel() on ptolemy.moml.MoMLSimpleApplication@15619187
reloadAllAccessors: .Clock20

===========================================================================================
----------------- testing Wed Mar 04 07:12:09 UTC 2020 /home/travis/build/icyphy/ptII/ptolemy/actor/lib/test/auto/Clock21.xml
----------------- Instantiating /home/travis/build/icyphy/ptII/ptolemy/actor/lib/test/auto/Clock21.xml
5 ms. Memory: 302080K Free: 237906K (79%)
----------------- Invoking toplevel() on ptolemy.moml.MoMLSimpleApplication@5d4b9bf
----------------- Done invoking toplevel() on ptolemy.moml.MoMLSimpleApplication@5d4b9bf
reloadAllAccessors: .Clock21

===========================================================================================
----------------- testing Wed Mar 04 07:12:09 UTC 2020 /home/travis/build/icyphy/ptII/ptolemy/actor/lib/test/auto/Clock22.xml
----------------- Instantiating /home/travis/build/icyphy/ptII/ptolemy/actor/lib/test/auto/Clock22.xml
5 ms. Memory: 302080K Free: 232276K (77%)
----------------- Invoking toplevel() on ptolemy.moml.MoMLSimpleApplication@12c3b2d9
----------------- Done invoking toplevel() on ptolemy.moml.MoMLSimpleApplication@12c3b2d9
reloadAllAccessors: .Clock22

===========================================================================================
----------------- testing Wed Mar 04 07:12:09 UTC 2020 /home/travis/build/icyphy/ptII/ptolemy/actor/lib/test/auto/Clock23.xml
----------------- Instantiating /home/travis/build/icyphy/ptII/ptolemy/actor/lib/test/auto/Clock23.xml
5 ms. Memory: 302080K Free: 226642K (75%)
----------------- Invoking toplevel() on ptolemy.moml.MoMLSimpleApplication@42f989c6
----------------- Done invoking toplevel() on ptolemy.moml.MoMLSimpleApplication@42f989c6
reloadAllAccessors: .Clock23

===========================================================================================
----------------- testing Wed Mar 04 07:12:09 UTC 2020 /home/travis/build/icyphy/ptII/ptolemy/actor/lib/test/auto/Clock24.xml
----------------- Instantiating /home/travis/build/icyphy/ptII/ptolemy/actor/lib/test/auto/Clock24.xml
6 ms. Memory: 302080K Free: 221522K (73%)
----------------- Invoking toplevel() on ptolemy.moml.MoMLSimpleApplication@2da5e99
----------------- Done invoking toplevel() on ptolemy.moml.MoMLSimpleApplication@2da5e99
reloadAllAccessors: .Clock24

===========================================================================================
----------------- testing Wed Mar 04 07:12:09 UTC 2020 /home/travis/build/icyphy/ptII/ptolemy/actor/lib/test/auto/Clock4.xml
----------------- Instantiating /home/travis/build/icyphy/ptII/ptolemy/actor/lib/test/auto/Clock4.xml
2 ms. Memory: 302080K Free: 216372K (72%)
----------------- Invoking toplevel() on ptolemy.moml.MoMLSimpleApplication@72a4cca3
----------------- Done invoking toplevel() on ptolemy.moml.MoMLSimpleApplication@72a4cca3
reloadAllAccessors: .Clock4

===========================================================================================
----------------- testing Wed Mar 04 07:12:09 UTC 2020 /home/travis/build/icyphy/ptII/ptolemy/actor/lib/test/auto/Clock5.xml
----------------- Instantiating /home/travis/build/icyphy/ptII/ptolemy/actor/lib/test/auto/Clock5.xml
2 ms. Memory: 302080K Free: 211282K (70%)
----------------- Invoking toplevel() on ptolemy.moml.MoMLSimpleApplication@40c06f04
----------------- Done invoking toplevel() on ptolemy.moml.MoMLSimpleApplication@40c06f04
reloadAllAccessors: .Clock5

===========================================================================================
----------------- testing Wed Mar 04 07:12:10 UTC 2020 /home/travis/build/icyphy/ptII/ptolemy/actor/lib/test/auto/Clock6.xml
----------------- Instantiating /home/travis/build/icyphy/ptII/ptolemy/actor/lib/test/auto/Clock6.xml
3 ms. Memory: 302080K Free: 207172K (69%)
----------------- Invoking toplevel() on ptolemy.moml.MoMLSimpleApplication@2d955444
----------------- Done invoking toplevel() on ptolemy.moml.MoMLSimpleApplication@2d955444
reloadAllAccessors: .Clock6

===========================================================================================
----------------- testing Wed Mar 04 07:12:10 UTC 2020 /home/travis/build/icyphy/ptII/ptolemy/actor/lib/test/auto/Clock7.xml
----------------- Instantiating /home/travis/build/icyphy/ptII/ptolemy/actor/lib/test/auto/Clock7.xml
1 ms. Memory: 302080K Free: 202066K (67%)
----------------- Invoking toplevel() on ptolemy.moml.MoMLSimpleApplication@2a3e23db
----------------- Done invoking toplevel() on ptolemy.moml.MoMLSimpleApplication@2a3e23db
reloadAllAccessors: .Clock7

===========================================================================================
----------------- testing Wed Mar 04 07:12:10 UTC 2020 /home/travis/build/icyphy/ptII/ptolemy/actor/lib/test/auto/Clock8.xml
----------------- Instantiating /home/travis/build/icyphy/ptII/ptolemy/actor/lib/test/auto/Clock8.xml
4 ms. Memory: 302080K Free: 196940K (65%)
----------------- Invoking toplevel() on ptolemy.moml.MoMLSimpleApplication@11769235
----------------- Done invoking toplevel() on ptolemy.moml.MoMLSimpleApplication@11769235
reloadAllAccessors: .Clock8

===========================================================================================
----------------- testing Wed Mar 04 07:12:10 UTC 2020 /home/travis/build/icyphy/ptII/ptolemy/actor/lib/test/auto/Clock9.xml
----------------- Instantiating /home/travis/build/icyphy/ptII/ptolemy/actor/lib/test/auto/Clock9.xml
4 ms. Memory: 302080K Free: 191316K (63%)
----------------- Invoking toplevel() on ptolemy.moml.MoMLSimpleApplication@6e9ded35
----------------- Done invoking toplevel() on ptolemy.moml.MoMLSimpleApplication@6e9ded35
reloadAllAccessors: .Clock9

===========================================================================================
----------------- testing Wed Mar 04 07:12:10 UTC 2020 /home/travis/build/icyphy/ptII/ptolemy/actor/lib/test/auto/CommDistDiscard.xml
----------------- Instantiating /home/travis/build/icyphy/ptII/ptolemy/actor/lib/test/auto/CommDistDiscard.xml
4 ms. Memory: 302080K Free: 186196K (62%)
----------------- Invoking toplevel() on ptolemy.moml.MoMLSimpleApplication@441258f6
----------------- Done invoking toplevel() on ptolemy.moml.MoMLSimpleApplication@441258f6
reloadAllAccessors: .CommDistDiscard

===========================================================================================
----------------- testing Wed Mar 04 07:12:10 UTC 2020 /home/travis/build/icyphy/ptII/ptolemy/actor/lib/test/auto/Commutator.xml
----------------- Instantiating /home/travis/build/icyphy/ptII/ptolemy/actor/lib/test/auto/Commutator.xml
2 ms. Memory: 302080K Free: 181586K (60%)
----------------- Invoking toplevel() on ptolemy.moml.MoMLSimpleApplication@3c3da1c0
----------------- Done invoking toplevel() on ptolemy.moml.MoMLSimpleApplication@3c3da1c0
reloadAllAccessors: .Commutator

===========================================================================================
----------------- testing Wed Mar 04 07:12:10 UTC 2020 /home/travis/build/icyphy/ptII/ptolemy/actor/lib/test/auto/Commutator2.xml
----------------- Instantiating /home/travis/build/icyphy/ptII/ptolemy/actor/lib/test/auto/Commutator2.xml
2 ms. Memory: 302080K Free: 176980K (59%)
----------------- Invoking toplevel() on ptolemy.moml.MoMLSimpleApplication@50024633
----------------- Done invoking toplevel() on ptolemy.moml.MoMLSimpleApplication@50024633
reloadAllAccessors: .Commutator2

===========================================================================================
----------------- testing Wed Mar 04 07:12:10 UTC 2020 /home/travis/build/icyphy/ptII/ptolemy/actor/lib/test/auto/Commutator3.xml
----------------- Instantiating /home/travis/build/icyphy/ptII/ptolemy/actor/lib/test/auto/Commutator3.xml
2 ms. Memory: 302080K Free: 172884K (57%)
----------------- Invoking toplevel() on ptolemy.moml.MoMLSimpleApplication@520a03ed
----------------- Done invoking toplevel() on ptolemy.moml.MoMLSimpleApplication@520a03ed
reloadAllAccessors: .Commutator3

===========================================================================================
----------------- testing Wed Mar 04 07:12:10 UTC 2020 /home/travis/build/icyphy/ptII/ptolemy/actor/lib/test/auto/Compare.xml
----------------- Instantiating /home/travis/build/icyphy/ptII/ptolemy/actor/lib/test/auto/Compare.xml
2 ms. Memory: 302080K Free: 166226K (55%)
----------------- Invoking toplevel() on ptolemy.moml.MoMLSimpleApplication@637a8c87
----------------- Done invoking toplevel() on ptolemy.moml.MoMLSimpleApplication@637a8c87
reloadAllAccessors: .Compare

===========================================================================================
----------------- testing Wed Mar 04 07:12:10 UTC 2020 /home/travis/build/icyphy/ptII/ptolemy/actor/lib/test/auto/CompareDE.xml
----------------- Instantiating /home/travis/build/icyphy/ptII/ptolemy/actor/lib/test/auto/CompareDE.xml
4 ms. Memory: 302080K Free: 159572K (53%)
----------------- Invoking toplevel() on ptolemy.moml.MoMLSimpleApplication@1d6d9850
----------------- Done invoking toplevel() on ptolemy.moml.MoMLSimpleApplication@1d6d9850
reloadAllAccessors: .CompareDE

===========================================================================================
----------------- testing Wed Mar 04 07:12:10 UTC 2020 /home/travis/build/icyphy/ptII/ptolemy/actor/lib/test/auto/ComplexDivide.xml
----------------- Instantiating /home/travis/build/icyphy/ptII/ptolemy/actor/lib/test/auto/ComplexDivide.xml
1 ms. Memory: 302080K Free: 155476K (51%)
----------------- Invoking toplevel() on ptolemy.moml.MoMLSimpleApplication@72f4008f
----------------- Done invoking toplevel() on ptolemy.moml.MoMLSimpleApplication@72f4008f
reloadAllAccessors: .ComplexDivide

===========================================================================================
----------------- testing Wed Mar 04 07:12:10 UTC 2020 /home/travis/build/icyphy/ptII/ptolemy/actor/lib/test/auto/ComputeHistogram.xml
----------------- Instantiating /home/travis/build/icyphy/ptII/ptolemy/actor/lib/test/auto/ComputeHistogram.xml
28 ms. Memory: 302080K Free: 142674K (47%)
----------------- Invoking toplevel() on ptolemy.moml.MoMLSimpleApplication@24bb95e1
----------------- Done invoking toplevel() on ptolemy.moml.MoMLSimpleApplication@24bb95e1
reloadAllAccessors: .ComputeHistogram

===========================================================================================
----------------- testing Wed Mar 04 07:12:10 UTC 2020 /home/travis/build/icyphy/ptII/ptolemy/actor/lib/test/auto/ConfigurationSelect.xml
----------------- Instantiating /home/travis/build/icyphy/ptII/ptolemy/actor/lib/test/auto/ConfigurationSelect.xml
8 ms. Memory: 302080K Free: 137524K (46%)
----------------- Invoking toplevel() on ptolemy.moml.MoMLSimpleApplication@34ef3774
----------------- Done invoking toplevel() on ptolemy.moml.MoMLSimpleApplication@34ef3774
reloadAllAccessors: .ConfigurationSelect

===========================================================================================
----------------- testing Wed Mar 04 07:12:10 UTC 2020 /home/travis/build/icyphy/ptII/ptolemy/actor/lib/test/auto/ConfigurationSelect2.xml
----------------- Instantiating /home/travis/build/icyphy/ptII/ptolemy/actor/lib/test/auto/ConfigurationSelect2.xml
2 ms. Memory: 302080K Free: 132948K (44%)
----------------- Invoking toplevel() on ptolemy.moml.MoMLSimpleApplication@6ba0234
----------------- Done invoking toplevel() on ptolemy.moml.MoMLSimpleApplication@6ba0234
reloadAllAccessors: .ConfigurationSelect2

===========================================================================================
----------------- testing Wed Mar 04 07:12:10 UTC 2020 /home/travis/build/icyphy/ptII/ptolemy/actor/lib/test/auto/ConfigurationSwitch.xml
----------------- Instantiating /home/travis/build/icyphy/ptII/ptolemy/actor/lib/test/auto/ConfigurationSwitch.xml
2 ms. Memory: 302080K Free: 127314K (42%)
----------------- Invoking toplevel() on ptolemy.moml.MoMLSimpleApplication@17ccde55
----------------- Done invoking toplevel() on ptolemy.moml.MoMLSimpleApplication@17ccde55
reloadAllAccessors: .ConfigurationSwitch

===========================================================================================
----------------- testing Wed Mar 04 07:12:10 UTC 2020 /home/travis/build/icyphy/ptII/ptolemy/actor/lib/test/auto/ConfigurationSwitch2.xml
----------------- Instantiating /home/travis/build/icyphy/ptII/ptolemy/actor/lib/test/auto/ConfigurationSwitch2.xml
1 ms. Memory: 302080K Free: 122194K (40%)
----------------- Invoking toplevel() on ptolemy.moml.MoMLSimpleApplication@403b3680
----------------- Done invoking toplevel() on ptolemy.moml.MoMLSimpleApplication@403b3680
reloadAllAccessors: .ConfigurationSwitch2

===========================================================================================
----------------- testing Wed Mar 04 07:12:10 UTC 2020 /home/travis/build/icyphy/ptII/ptolemy/actor/lib/test/auto/ConfigurationSwitchCloningBugWithClassRelationGroup.xml
----------------- Instantiating /home/travis/build/icyphy/ptII/ptolemy/actor/lib/test/auto/ConfigurationSwitchCloningBugWithClassRelationGroup.xml
1 ms. Memory: 302080K Free: 115540K (38%)
----------------- Invoking toplevel() on ptolemy.moml.MoMLSimpleApplication@1c12a26f
----------------- Done invoking toplevel() on ptolemy.moml.MoMLSimpleApplication@1c12a26f
reloadAllAccessors: .ConfigurationSwitchCloningBugWithClassRelationGroup

===========================================================================================
----------------- testing Wed Mar 04 07:12:10 UTC 2020 /home/travis/build/icyphy/ptII/ptolemy/actor/lib/test/auto/ConfigurationSwitchSelectSDF.xml
----------------- Instantiating /home/travis/build/icyphy/ptII/ptolemy/actor/lib/test/auto/ConfigurationSwitchSelectSDF.xml
2 ms. Memory: 302080K Free: 109906K (36%)
----------------- Invoking toplevel() on ptolemy.moml.MoMLSimpleApplication@7f87af9e
----------------- Done invoking toplevel() on ptolemy.moml.MoMLSimpleApplication@7f87af9e
reloadAllAccessors: .ConfigurationSwitchSelectSDF

===========================================================================================
----------------- testing Wed Mar 04 07:12:10 UTC 2020 /home/travis/build/icyphy/ptII/ptolemy/actor/lib/test/auto/ConfigurationSwitchSelectSDF2.xml
----------------- Instantiating /home/travis/build/icyphy/ptII/ptolemy/actor/lib/test/auto/ConfigurationSwitchSelectSDF2.xml
2 ms. Memory: 302080K Free: 103762K (34%)
----------------- Invoking toplevel() on ptolemy.moml.MoMLSimpleApplication@1f98b24c
----------------- Done invoking toplevel() on ptolemy.moml.MoMLSimpleApplication@1f98b24c
reloadAllAccessors: .ConfigurationSwitchSelectSDF2

===========================================================================================
----------------- testing Wed Mar 04 07:12:10 UTC 2020 /home/travis/build/icyphy/ptII/ptolemy/actor/lib/test/auto/Const.xml
----------------- Instantiating /home/travis/build/icyphy/ptII/ptolemy/actor/lib/test/auto/Const.xml
1 ms. Memory: 302080K Free: 100180K (33%)
----------------- Invoking toplevel() on ptolemy.moml.MoMLSimpleApplication@355a5bc5
----------------- Done invoking toplevel() on ptolemy.moml.MoMLSimpleApplication@355a5bc5
reloadAllAccessors: .Const

===========================================================================================
----------------- testing Wed Mar 04 07:12:10 UTC 2020 /home/travis/build/icyphy/ptII/ptolemy/actor/lib/test/auto/Const2.xml
----------------- Instantiating /home/travis/build/icyphy/ptII/ptolemy/actor/lib/test/auto/Const2.xml
1 ms. Memory: 302080K Free: 96594K (32%)
----------------- Invoking toplevel() on ptolemy.moml.MoMLSimpleApplication@78bb4f1d
----------------- Done invoking toplevel() on ptolemy.moml.MoMLSimpleApplication@78bb4f1d
reloadAllAccessors: .Const2

===========================================================================================
----------------- testing Wed Mar 04 07:12:10 UTC 2020 /home/travis/build/icyphy/ptII/ptolemy/actor/lib/test/auto/Const3.xml
----------------- Instantiating /home/travis/build/icyphy/ptII/ptolemy/actor/lib/test/auto/Const3.xml
0 ms. Memory: 302080K Free: 93012K (31%)
----------------- Invoking toplevel() on ptolemy.moml.MoMLSimpleApplication@616b3d8f
----------------- Done invoking toplevel() on ptolemy.moml.MoMLSimpleApplication@616b3d8f
reloadAllAccessors: .Const3

===========================================================================================
----------------- testing Wed Mar 04 07:12:10 UTC 2020 /home/travis/build/icyphy/ptII/ptolemy/actor/lib/test/auto/ConstantPublisherPort1.xml
----------------- Instantiating /home/travis/build/icyphy/ptII/ptolemy/actor/lib/test/auto/ConstantPublisherPort1.xml
5 ms. Memory: 302080K Free: 84306K (28%)
----------------- Invoking toplevel() on ptolemy.moml.MoMLSimpleApplication@514a1606
----------------- Done invoking toplevel() on ptolemy.moml.MoMLSimpleApplication@514a1606
reloadAllAccessors: .ConstantPublisherPort1

===========================================================================================
----------------- testing Wed Mar 04 07:12:10 UTC 2020 /home/travis/build/icyphy/ptII/ptolemy/actor/lib/test/auto/ConstantPublisherPort2.xml
----------------- Instantiating /home/travis/build/icyphy/ptII/ptolemy/actor/lib/test/auto/ConstantPublisherPort2.xml
3 ms. Memory: 302080K Free: 77138K (26%)
----------------- Invoking toplevel() on ptolemy.moml.MoMLSimpleApplication@8ed06ea
----------------- Done invoking toplevel() on ptolemy.moml.MoMLSimpleApplication@8ed06ea
reloadAllAccessors: .ConstantPublisherPort2

===========================================================================================
----------------- testing Wed Mar 04 07:12:10 UTC 2020 /home/travis/build/icyphy/ptII/ptolemy/actor/lib/test/auto/ConstantPublisherPort3.xml
----------------- Instantiating /home/travis/build/icyphy/ptII/ptolemy/actor/lib/test/auto/ConstantPublisherPort3.xml
4 ms. Memory: 302080K Free: 247277K (82%)
----------------- Invoking toplevel() on ptolemy.moml.MoMLSimpleApplication@59925edb
----------------- Done invoking toplevel() on ptolemy.moml.MoMLSimpleApplication@59925edb
reloadAllAccessors: .ConstantPublisherPort3

===========================================================================================
----------------- testing Wed Mar 04 07:12:10 UTC 2020 /home/travis/build/icyphy/ptII/ptolemy/actor/lib/test/auto/ConstantPublisherPort4.xml
----------------- Instantiating /home/travis/build/icyphy/ptII/ptolemy/actor/lib/test/auto/ConstantPublisherPort4.xml
2 ms. Memory: 302080K Free: 240109K (79%)
----------------- Invoking toplevel() on ptolemy.moml.MoMLSimpleApplication@7a22c550
----------------- Done invoking toplevel() on ptolemy.moml.MoMLSimpleApplication@7a22c550
reloadAllAccessors: .ConstantPublisherPort4

===========================================================================================
----------------- testing Wed Mar 04 07:12:10 UTC 2020 /home/travis/build/icyphy/ptII/ptolemy/actor/lib/test/auto/ConstantPublisherPort5.xml
----------------- Instantiating /home/travis/build/icyphy/ptII/ptolemy/actor/lib/test/auto/ConstantPublisherPort5.xml
30 ms. Memory: 302080K Free: 230379K (76%)
----------------- Invoking toplevel() on ptolemy.moml.MoMLSimpleApplication@1e78d0b5
----------------- Done invoking toplevel() on ptolemy.moml.MoMLSimpleApplication@1e78d0b5
reloadAllAccessors: .ConstantPublisherPort5

===========================================================================================
----------------- testing Wed Mar 04 07:12:10 UTC 2020 /home/travis/build/icyphy/ptII/ptolemy/actor/lib/test/auto/ConstantPublisherPort6.xml
----------------- Instantiating /home/travis/build/icyphy/ptII/ptolemy/actor/lib/test/auto/ConstantPublisherPort6.xml
12 ms. Memory: 302080K Free: 221677K (73%)
----------------- Invoking toplevel() on ptolemy.moml.MoMLSimpleApplication@6bb23d08
----------------- Done invoking toplevel() on ptolemy.moml.MoMLSimpleApplication@6bb23d08
reloadAllAccessors: .ConstantPublisherPort6

===========================================================================================
----------------- testing Wed Mar 04 07:12:10 UTC 2020 /home/travis/build/icyphy/ptII/ptolemy/actor/lib/test/auto/ConstantPublisherPort7.xml
----------------- Instantiating /home/travis/build/icyphy/ptII/ptolemy/actor/lib/test/auto/ConstantPublisherPort7.xml
15 ms. Memory: 302080K Free: 212461K (70%)
----------------- Invoking toplevel() on ptolemy.moml.MoMLSimpleApplication@3339177f
----------------- Done invoking toplevel() on ptolemy.moml.MoMLSimpleApplication@3339177f
reloadAllAccessors: .ConstantPublisherPort7

===========================================================================================
----------------- testing Wed Mar 04 07:12:10 UTC 2020 /home/travis/build/icyphy/ptII/ptolemy/actor/lib/test/auto/ConstraintMonitor1.xml
----------------- Instantiating /home/travis/build/icyphy/ptII/ptolemy/actor/lib/test/auto/ConstraintMonitor1.xml
4 ms. Memory: 302080K Free: 207341K (69%)
----------------- Invoking toplevel() on ptolemy.moml.MoMLSimpleApplication@3ebf0977
----------------- Done invoking toplevel() on ptolemy.moml.MoMLSimpleApplication@3ebf0977
reloadAllAccessors: .ConstraintMonitor1

===========================================================================================
----------------- testing Wed Mar 04 07:12:10 UTC 2020 /home/travis/build/icyphy/ptII/ptolemy/actor/lib/test/auto/ConstraintMonitor2.xml
----------------- Instantiating /home/travis/build/icyphy/ptII/ptolemy/actor/lib/test/auto/ConstraintMonitor2.xml
1 ms. Memory: 302080K Free: 203245K (67%)
----------------- Invoking toplevel() on ptolemy.moml.MoMLSimpleApplication@4498fe1a
----------------- Done invoking toplevel() on ptolemy.moml.MoMLSimpleApplication@4498fe1a
reloadAllAccessors: .ConstraintMonitor2

===========================================================================================
----------------- testing Wed Mar 04 07:12:10 UTC 2020 /home/travis/build/icyphy/ptII/ptolemy/actor/lib/test/auto/ConstraintMonitor3.xml
----------------- Instantiating /home/travis/build/icyphy/ptII/ptolemy/actor/lib/test/auto/ConstraintMonitor3.xml
6 ms. Memory: 302080K Free: 198125K (66%)
----------------- Invoking toplevel() on ptolemy.moml.MoMLSimpleApplication@51101e7f
----------------- Done invoking toplevel() on ptolemy.moml.MoMLSimpleApplication@51101e7f
reloadAllAccessors: .ConstraintMonitor3

===========================================================================================
----------------- testing Wed Mar 04 07:12:10 UTC 2020 /home/travis/build/icyphy/ptII/ptolemy/actor/lib/test/auto/ConstraintMonitor4.xml
----------------- Instantiating /home/travis/build/icyphy/ptII/ptolemy/actor/lib/test/auto/ConstraintMonitor4.xml
1 ms. Memory: 302080K Free: 193005K (64%)
----------------- Invoking toplevel() on ptolemy.moml.MoMLSimpleApplication@72dd58d7
----------------- Done invoking toplevel() on ptolemy.moml.MoMLSimpleApplication@72dd58d7
reloadAllAccessors: .ConstraintMonitor4

===========================================================================================
----------------- testing Wed Mar 04 07:12:10 UTC 2020 /home/travis/build/icyphy/ptII/ptolemy/actor/lib/test/auto/ConstraintMonitor5.xml
----------------- Instantiating /home/travis/build/icyphy/ptII/ptolemy/actor/lib/test/auto/ConstraintMonitor5.xml
2 ms. Memory: 302080K Free: 188395K (62%)
----------------- Invoking toplevel() on ptolemy.moml.MoMLSimpleApplication@17ac4a1f
----------------- Done invoking toplevel() on ptolemy.moml.MoMLSimpleApplication@17ac4a1f
reloadAllAccessors: .ConstraintMonitor5

===========================================================================================
----------------- testing Wed Mar 04 07:12:10 UTC 2020 /home/travis/build/icyphy/ptII/ptolemy/actor/lib/test/auto/ConstraintMonitor6.xml
----------------- Instantiating /home/travis/build/icyphy/ptII/ptolemy/actor/lib/test/auto/ConstraintMonitor6.xml
3 ms. Memory: 302080K Free: 182221K (60%)
----------------- Invoking toplevel() on ptolemy.moml.MoMLSimpleApplication@5bc0d306
----------------- Done invoking toplevel() on ptolemy.moml.MoMLSimpleApplication@5bc0d306
reloadAllAccessors: .ConstraintMonitor6

===========================================================================================
----------------- testing Wed Mar 04 07:12:10 UTC 2020 /home/travis/build/icyphy/ptII/ptolemy/actor/lib/test/auto/ConstraintMonitor7.xml
----------------- Instantiating /home/travis/build/icyphy/ptII/ptolemy/actor/lib/test/auto/ConstraintMonitor7.xml
2 ms. Memory: 302080K Free: 176077K (58%)
----------------- Invoking toplevel() on ptolemy.moml.MoMLSimpleApplication@72fd8476
----------------- Done invoking toplevel() on ptolemy.moml.MoMLSimpleApplication@72fd8476
reloadAllAccessors: .ConstraintMonitor7

===========================================================================================
----------------- testing Wed Mar 04 07:12:10 UTC 2020 /home/travis/build/icyphy/ptII/ptolemy/actor/lib/test/auto/ConstraintMonitor8.xml
----------------- Instantiating /home/travis/build/icyphy/ptII/ptolemy/actor/lib/test/auto/ConstraintMonitor8.xml
3 ms. Memory: 302080K Free: 168429K (56%)
----------------- Invoking toplevel() on ptolemy.moml.MoMLSimpleApplication@29570fac
----------------- Done invoking toplevel() on ptolemy.moml.MoMLSimpleApplication@29570fac
reloadAllAccessors: .ConstraintMonitor8

===========================================================================================
----------------- testing Wed Mar 04 07:12:10 UTC 2020 /home/travis/build/icyphy/ptII/ptolemy/actor/lib/test/auto/Counter.xml
----------------- Instantiating /home/travis/build/icyphy/ptII/ptolemy/actor/lib/test/auto/Counter.xml
2 ms. Memory: 302080K Free: 163819K (54%)
----------------- Invoking toplevel() on ptolemy.moml.MoMLSimpleApplication@6f6dc62c
----------------- Done invoking toplevel() on ptolemy.moml.MoMLSimpleApplication@6f6dc62c
reloadAllAccessors: .Counter

===========================================================================================
----------------- testing Wed Mar 04 07:12:10 UTC 2020 /home/travis/build/icyphy/ptII/ptolemy/actor/lib/test/auto/CurrentTimeSDF.xml
----------------- Instantiating /home/travis/build/icyphy/ptII/ptolemy/actor/lib/test/auto/CurrentTimeSDF.xml
2 ms. Memory: 302080K Free: 159723K (53%)
----------------- Invoking toplevel() on ptolemy.moml.MoMLSimpleApplication@6ebd993d
----------------- Done invoking toplevel() on ptolemy.moml.MoMLSimpleApplication@6ebd993d
reloadAllAccessors: .CurrentTimeSDF

===========================================================================================
----------------- testing Wed Mar 04 07:12:10 UTC 2020 /home/travis/build/icyphy/ptII/ptolemy/actor/lib/test/auto/DB.xml
----------------- Instantiating /home/travis/build/icyphy/ptII/ptolemy/actor/lib/test/auto/DB.xml
2 ms. Memory: 302080K Free: 154093K (51%)
----------------- Invoking toplevel() on ptolemy.moml.MoMLSimpleApplication@743d3ad
----------------- Done invoking toplevel() on ptolemy.moml.MoMLSimpleApplication@743d3ad
reloadAllAccessors: .DB

===========================================================================================
----------------- testing Wed Mar 04 07:12:10 UTC 2020 /home/travis/build/icyphy/ptII/ptolemy/actor/lib/test/auto/DBDE.xml
----------------- Instantiating /home/travis/build/icyphy/ptII/ptolemy/actor/lib/test/auto/DBDE.xml
2 ms. Memory: 302080K Free: 148429K (49%)
----------------- Invoking toplevel() on ptolemy.moml.MoMLSimpleApplication@27e27813
----------------- Done invoking toplevel() on ptolemy.moml.MoMLSimpleApplication@27e27813
reloadAllAccessors: .DBDE

===========================================================================================
----------------- testing Wed Mar 04 07:12:10 UTC 2020 /home/travis/build/icyphy/ptII/ptolemy/actor/lib/test/auto/DateConstructor.xml
----------------- Instantiating /home/travis/build/icyphy/ptII/ptolemy/actor/lib/test/auto/DateConstructor.xml
43 ms. Memory: 302080K Free: 130541K (43%)
----------------- Invoking toplevel() on ptolemy.moml.MoMLSimpleApplication@2b6e06eb
----------------- Done invoking toplevel() on ptolemy.moml.MoMLSimpleApplication@2b6e06eb
reloadAllAccessors: .DateConstructor

===========================================================================================
----------------- testing Wed Mar 04 07:12:11 UTC 2020 /home/travis/build/icyphy/ptII/ptolemy/actor/lib/test/auto/DelayTime.xml
----------------- Instantiating /home/travis/build/icyphy/ptII/ptolemy/actor/lib/test/auto/DelayTime.xml
5 ms. Memory: 302080K Free: 125421K (42%)
----------------- Invoking toplevel() on ptolemy.moml.MoMLSimpleApplication@7f7a6bd4
----------------- Done invoking toplevel() on ptolemy.moml.MoMLSimpleApplication@7f7a6bd4
reloadAllAccessors: .DelayTime

===========================================================================================
----------------- testing Wed Mar 04 07:12:11 UTC 2020 /home/travis/build/icyphy/ptII/ptolemy/actor/lib/test/auto/Dictionary1.xml
----------------- Instantiating /home/travis/build/icyphy/ptII/ptolemy/actor/lib/test/auto/Dictionary1.xml
2 ms. Memory: 302080K Free: 119787K (40%)
----------------- Invoking toplevel() on ptolemy.moml.MoMLSimpleApplication@1a9877d7
----------------- Done invoking toplevel() on ptolemy.moml.MoMLSimpleApplication@1a9877d7
reloadAllAccessors: .Dictionary1

===========================================================================================
----------------- testing Wed Mar 04 07:12:11 UTC 2020 /home/travis/build/icyphy/ptII/ptolemy/actor/lib/test/auto/Dictionary2.xml
----------------- Instantiating /home/travis/build/icyphy/ptII/ptolemy/actor/lib/test/auto/Dictionary2.xml
4 ms. Memory: 302080K Free: 114667K (38%)
----------------- Invoking toplevel() on ptolemy.moml.MoMLSimpleApplication@2fc53442
----------------- Done invoking toplevel() on ptolemy.moml.MoMLSimpleApplication@2fc53442
reloadAllAccessors: .Dictionary2

===========================================================================================
----------------- testing Wed Mar 04 07:12:11 UTC 2020 /home/travis/build/icyphy/ptII/ptolemy/actor/lib/test/auto/Dictionary3.xml
----------------- Instantiating /home/travis/build/icyphy/ptII/ptolemy/actor/lib/test/auto/Dictionary3.xml
1 ms. Memory: 302080K Free: 109037K (36%)
----------------- Invoking toplevel() on ptolemy.moml.MoMLSimpleApplication@9dd1b54
----------------- Done invoking toplevel() on ptolemy.moml.MoMLSimpleApplication@9dd1b54
reloadAllAccessors: .Dictionary3

===========================================================================================
----------------- testing Wed Mar 04 07:12:11 UTC 2020 /home/travis/build/icyphy/ptII/ptolemy/actor/lib/test/auto/Dictionary4.xml
----------------- Instantiating /home/travis/build/icyphy/ptII/ptolemy/actor/lib/test/auto/Dictionary4.xml
3 ms. Memory: 302080K Free: 101869K (34%)
----------------- Invoking toplevel() on ptolemy.moml.MoMLSimpleApplication@1e7b13f6
----------------- Done invoking toplevel() on ptolemy.moml.MoMLSimpleApplication@1e7b13f6
reloadAllAccessors: .Dictionary4

===========================================================================================
----------------- testing Wed Mar 04 07:12:11 UTC 2020 /home/travis/build/icyphy/ptII/ptolemy/actor/lib/test/auto/Differential.xml
----------------- Instantiating /home/travis/build/icyphy/ptII/ptolemy/actor/lib/test/auto/Differential.xml
3 ms. Memory: 302080K Free: 97773K (32%)
----------------- Invoking toplevel() on ptolemy.moml.MoMLSimpleApplication@625f003f
----------------- Done invoking toplevel() on ptolemy.moml.MoMLSimpleApplication@625f003f
reloadAllAccessors: .Differential

===========================================================================================
----------------- testing Wed Mar 04 07:12:11 UTC 2020 /home/travis/build/icyphy/ptII/ptolemy/actor/lib/test/auto/Director.xml
----------------- Instantiating /home/travis/build/icyphy/ptII/ptolemy/actor/lib/test/auto/Director.xml
4 ms. Memory: 302080K Free: 94187K (31%)
----------------- Invoking toplevel() on ptolemy.moml.MoMLSimpleApplication@6876e83
----------------- Done invoking toplevel() on ptolemy.moml.MoMLSimpleApplication@6876e83
reloadAllAccessors: .Director

===========================================================================================
----------------- testing Wed Mar 04 07:12:11 UTC 2020 /home/travis/build/icyphy/ptII/ptolemy/actor/lib/test/auto/DiscreteClock.xml
----------------- Instantiating /home/travis/build/icyphy/ptII/ptolemy/actor/lib/test/auto/DiscreteClock.xml
1 ms. Memory: 302080K Free: 90091K (30%)
----------------- Invoking toplevel() on ptolemy.moml.MoMLSimpleApplication@128c3eae
----------------- Done invoking toplevel() on ptolemy.moml.MoMLSimpleApplication@128c3eae
reloadAllAccessors: .DiscreteClock

===========================================================================================
----------------- testing Wed Mar 04 07:12:11 UTC 2020 /home/travis/build/icyphy/ptII/ptolemy/actor/lib/test/auto/DiscreteClock10.xml
----------------- Instantiating /home/travis/build/icyphy/ptII/ptolemy/actor/lib/test/auto/DiscreteClock10.xml
4 ms. Memory: 302080K Free: 83947K (28%)
----------------- Invoking toplevel() on ptolemy.moml.MoMLSimpleApplication@42711d02
----------------- Done invoking toplevel() on ptolemy.moml.MoMLSimpleApplication@42711d02
reloadAllAccessors: .DiscreteClock10

===========================================================================================
----------------- testing Wed Mar 04 07:12:11 UTC 2020 /home/travis/build/icyphy/ptII/ptolemy/actor/lib/test/auto/DiscreteClock11.xml
----------------- Instantiating /home/travis/build/icyphy/ptII/ptolemy/actor/lib/test/auto/DiscreteClock11.xml
2 ms. Memory: 302080K Free: 78317K (26%)
----------------- Invoking toplevel() on ptolemy.moml.MoMLSimpleApplication@408ff7ae
----------------- Done invoking toplevel() on ptolemy.moml.MoMLSimpleApplication@408ff7ae
reloadAllAccessors: .DiscreteClock11

===========================================================================================
----------------- testing Wed Mar 04 07:12:11 UTC 2020 /home/travis/build/icyphy/ptII/ptolemy/actor/lib/test/auto/DiscreteClock12.xml
----------------- Instantiating /home/travis/build/icyphy/ptII/ptolemy/actor/lib/test/auto/DiscreteClock12.xml
4 ms. Memory: 528384K Free: 476120K (90%)
----------------- Invoking toplevel() on ptolemy.moml.MoMLSimpleApplication@600e54ca
----------------- Done invoking toplevel() on ptolemy.moml.MoMLSimpleApplication@600e54ca
reloadAllAccessors: .DiscreteClock12

===========================================================================================
----------------- testing Wed Mar 04 07:12:11 UTC 2020 /home/travis/build/icyphy/ptII/ptolemy/actor/lib/test/auto/DiscreteClock13.xml
----------------- Instantiating /home/travis/build/icyphy/ptII/ptolemy/actor/lib/test/auto/DiscreteClock13.xml
5 ms. Memory: 528384K Free: 469976K (89%)
----------------- Invoking toplevel() on ptolemy.moml.MoMLSimpleApplication@27e0be48
----------------- Done invoking toplevel() on ptolemy.moml.MoMLSimpleApplication@27e0be48
reloadAllAccessors: .DiscreteClock13

===========================================================================================
----------------- testing Wed Mar 04 07:12:11 UTC 2020 /home/travis/build/icyphy/ptII/ptolemy/actor/lib/test/auto/DiscreteClock14.xml
----------------- Instantiating /home/travis/build/icyphy/ptII/ptolemy/actor/lib/test/auto/DiscreteClock14.xml
6 ms. Memory: 528384K Free: 463832K (88%)
----------------- Invoking toplevel() on ptolemy.moml.MoMLSimpleApplication@68de5424
----------------- Done invoking toplevel() on ptolemy.moml.MoMLSimpleApplication@68de5424
reloadAllAccessors: .DiscreteClock14

===========================================================================================
----------------- testing Wed Mar 04 07:12:11 UTC 2020 /home/travis/build/icyphy/ptII/ptolemy/actor/lib/test/auto/DiscreteClock15.xml
----------------- Instantiating /home/travis/build/icyphy/ptII/ptolemy/actor/lib/test/auto/DiscreteClock15.xml
4 ms. Memory: 528384K Free: 457688K (87%)
----------------- Invoking toplevel() on ptolemy.moml.MoMLSimpleApplication@2d6fba96
----------------- Done invoking toplevel() on ptolemy.moml.MoMLSimpleApplication@2d6fba96
reloadAllAccessors: .DiscreteClock15

===========================================================================================
----------------- testing Wed Mar 04 07:12:11 UTC 2020 /home/travis/build/icyphy/ptII/ptolemy/actor/lib/test/auto/DiscreteClock16.xml
----------------- Instantiating /home/travis/build/icyphy/ptII/ptolemy/actor/lib/test/auto/DiscreteClock16.xml
19 ms. Memory: 528384K Free: 444376K (84%)
----------------- Invoking toplevel() on ptolemy.moml.MoMLSimpleApplication@219c6df8
----------------- Done invoking toplevel() on ptolemy.moml.MoMLSimpleApplication@219c6df8
reloadAllAccessors: .DiscreteClock16

===========================================================================================
----------------- testing Wed Mar 04 07:12:11 UTC 2020 /home/travis/build/icyphy/ptII/ptolemy/actor/lib/test/auto/DiscreteClock17.xml
----------------- Instantiating /home/travis/build/icyphy/ptII/ptolemy/actor/lib/test/auto/DiscreteClock17.xml
19 ms. Memory: 528384K Free: 429496K (81%)
----------------- Invoking toplevel() on ptolemy.moml.MoMLSimpleApplication@15278a6c
----------------- Done invoking toplevel() on ptolemy.moml.MoMLSimpleApplication@15278a6c
reloadAllAccessors: .DiscreteClock17

===========================================================================================
----------------- testing Wed Mar 04 07:12:11 UTC 2020 /home/travis/build/icyphy/ptII/ptolemy/actor/lib/test/auto/DiscreteClock18.xml
----------------- Instantiating /home/travis/build/icyphy/ptII/ptolemy/actor/lib/test/auto/DiscreteClock18.xml
23 ms. Memory: 528384K Free: 415704K (79%)
----------------- Invoking toplevel() on ptolemy.moml.MoMLSimpleApplication@339a9e7b
----------------- Done invoking toplevel() on ptolemy.moml.MoMLSimpleApplication@339a9e7b
reloadAllAccessors: .DiscreteClock18

===========================================================================================
----------------- testing Wed Mar 04 07:12:11 UTC 2020 /home/travis/build/icyphy/ptII/ptolemy/actor/lib/test/auto/DiscreteClock19.xml
----------------- Instantiating /home/travis/build/icyphy/ptII/ptolemy/actor/lib/test/auto/DiscreteClock19.xml
21 ms. Memory: 528384K Free: 401878K (76%)
----------------- Invoking toplevel() on ptolemy.moml.MoMLSimpleApplication@791ae1ab
----------------- Done invoking toplevel() on ptolemy.moml.MoMLSimpleApplication@791ae1ab
reloadAllAccessors: .DiscreteClock19

===========================================================================================
----------------- testing Wed Mar 04 07:12:11 UTC 2020 /home/travis/build/icyphy/ptII/ptolemy/actor/lib/test/auto/DiscreteClock2.xml
----------------- Instantiating /home/travis/build/icyphy/ptII/ptolemy/actor/lib/test/auto/DiscreteClock2.xml
4 ms. Memory: 528384K Free: 397272K (75%)
----------------- Invoking toplevel() on ptolemy.moml.MoMLSimpleApplication@1a10a4e2
----------------- Done invoking toplevel() on ptolemy.moml.MoMLSimpleApplication@1a10a4e2
reloadAllAccessors: .DiscreteClock2

===========================================================================================
----------------- testing Wed Mar 04 07:12:11 UTC 2020 /home/travis/build/icyphy/ptII/ptolemy/actor/lib/test/auto/DiscreteClock20.xml
----------------- Instantiating /home/travis/build/icyphy/ptII/ptolemy/actor/lib/test/auto/DiscreteClock20.xml
8 ms. Memory: 528384K Free: 391638K (74%)
----------------- Invoking toplevel() on ptolemy.moml.MoMLSimpleApplication@536af5e1
----------------- Done invoking toplevel() on ptolemy.moml.MoMLSimpleApplication@536af5e1
reloadAllAccessors: .DiscreteClock20

===========================================================================================
----------------- testing Wed Mar 04 07:12:11 UTC 2020 /home/travis/build/icyphy/ptII/ptolemy/actor/lib/test/auto/DiscreteClock21.xml
----------------- Instantiating /home/travis/build/icyphy/ptII/ptolemy/actor/lib/test/auto/DiscreteClock21.xml
5 ms. Memory: 528384K Free: 386008K (73%)
----------------- Invoking toplevel() on ptolemy.moml.MoMLSimpleApplication@7af93435
----------------- Done invoking toplevel() on ptolemy.moml.MoMLSimpleApplication@7af93435
reloadAllAccessors: .DiscreteClock21

===========================================================================================
----------------- testing Wed Mar 04 07:12:11 UTC 2020 /home/travis/build/icyphy/ptII/ptolemy/actor/lib/test/auto/DiscreteClock22.xml
----------------- Instantiating /home/travis/build/icyphy/ptII/ptolemy/actor/lib/test/auto/DiscreteClock22.xml
4 ms. Memory: 528384K Free: 380374K (72%)
----------------- Invoking toplevel() on ptolemy.moml.MoMLSimpleApplication@72982177
----------------- Done invoking toplevel() on ptolemy.moml.MoMLSimpleApplication@72982177
reloadAllAccessors: .DiscreteClock22

===========================================================================================
----------------- testing Wed Mar 04 07:12:11 UTC 2020 /home/travis/build/icyphy/ptII/ptolemy/actor/lib/test/auto/DiscreteClock23.xml
----------------- Instantiating /home/travis/build/icyphy/ptII/ptolemy/actor/lib/test/auto/DiscreteClock23.xml
9 ms. Memory: 528384K Free: 374744K (71%)
----------------- Invoking toplevel() on ptolemy.moml.MoMLSimpleApplication@43d2116d
----------------- Done invoking toplevel() on ptolemy.moml.MoMLSimpleApplication@43d2116d
reloadAllAccessors: .DiscreteClock23

===========================================================================================
----------------- testing Wed Mar 04 07:12:11 UTC 2020 /home/travis/build/icyphy/ptII/ptolemy/actor/lib/test/auto/DiscreteClock24.xml
----------------- Instantiating /home/travis/build/icyphy/ptII/ptolemy/actor/lib/test/auto/DiscreteClock24.xml
4 ms. Memory: 528384K Free: 369624K (70%)
----------------- Invoking toplevel() on ptolemy.moml.MoMLSimpleApplication@2f65232a
----------------- Done invoking toplevel() on ptolemy.moml.MoMLSimpleApplication@2f65232a
reloadAllAccessors: .DiscreteClock24

===========================================================================================
----------------- testing Wed Mar 04 07:12:11 UTC 2020 /home/travis/build/icyphy/ptII/ptolemy/actor/lib/test/auto/DiscreteClock4.xml
----------------- Instantiating /home/travis/build/icyphy/ptII/ptolemy/actor/lib/test/auto/DiscreteClock4.xml
4 ms. Memory: 528384K Free: 363984K (69%)
----------------- Invoking toplevel() on ptolemy.moml.MoMLSimpleApplication@5ac8b354
----------------- Done invoking toplevel() on ptolemy.moml.MoMLSimpleApplication@5ac8b354
reloadAllAccessors: .DiscreteClock4

===========================================================================================
----------------- testing Wed Mar 04 07:12:11 UTC 2020 /home/travis/build/icyphy/ptII/ptolemy/actor/lib/test/auto/DiscreteClock5.xml
----------------- Instantiating /home/travis/build/icyphy/ptII/ptolemy/actor/lib/test/auto/DiscreteClock5.xml
1 ms. Memory: 528384K Free: 358360K (68%)
----------------- Invoking toplevel() on ptolemy.moml.MoMLSimpleApplication@2a0fd7e9
----------------- Done invoking toplevel() on ptolemy.moml.MoMLSimpleApplication@2a0fd7e9
reloadAllAccessors: .DiscreteClock5

===========================================================================================
----------------- testing Wed Mar 04 07:12:11 UTC 2020 /home/travis/build/icyphy/ptII/ptolemy/actor/lib/test/auto/DiscreteClock6.xml
----------------- Instantiating /home/travis/build/icyphy/ptII/ptolemy/actor/lib/test/auto/DiscreteClock6.xml
1 ms. Memory: 528384K Free: 353750K (67%)
----------------- Invoking toplevel() on ptolemy.moml.MoMLSimpleApplication@2a94b975
----------------- Done invoking toplevel() on ptolemy.moml.MoMLSimpleApplication@2a94b975
reloadAllAccessors: .DiscreteClock6

===========================================================================================
----------------- testing Wed Mar 04 07:12:11 UTC 2020 /home/travis/build/icyphy/ptII/ptolemy/actor/lib/test/auto/DiscreteClock7.xml
----------------- Instantiating /home/travis/build/icyphy/ptII/ptolemy/actor/lib/test/auto/DiscreteClock7.xml
2 ms. Memory: 528384K Free: 349654K (66%)
----------------- Invoking toplevel() on ptolemy.moml.MoMLSimpleApplication@56a046f1
----------------- Done invoking toplevel() on ptolemy.moml.MoMLSimpleApplication@56a046f1
reloadAllAccessors: .DiscreteClock7

===========================================================================================
----------------- testing Wed Mar 04 07:12:11 UTC 2020 /home/travis/build/icyphy/ptII/ptolemy/actor/lib/test/auto/DiscreteClock8.xml
----------------- Instantiating /home/travis/build/icyphy/ptII/ptolemy/actor/lib/test/auto/DiscreteClock8.xml
4 ms. Memory: 528384K Free: 344024K (65%)
----------------- Invoking toplevel() on ptolemy.moml.MoMLSimpleApplication@6996bd56
----------------- Done invoking toplevel() on ptolemy.moml.MoMLSimpleApplication@6996bd56
reloadAllAccessors: .DiscreteClock8

===========================================================================================
----------------- testing Wed Mar 04 07:12:11 UTC 2020 /home/travis/build/icyphy/ptII/ptolemy/actor/lib/test/auto/DiscreteClock9.xml
----------------- Instantiating /home/travis/build/icyphy/ptII/ptolemy/actor/lib/test/auto/DiscreteClock9.xml
4 ms. Memory: 528384K Free: 337880K (64%)
----------------- Invoking toplevel() on ptolemy.moml.MoMLSimpleApplication@6e04568b
----------------- Done invoking toplevel() on ptolemy.moml.MoMLSimpleApplication@6e04568b
reloadAllAccessors: .DiscreteClock9

===========================================================================================
----------------- testing Wed Mar 04 07:12:11 UTC 2020 /home/travis/build/icyphy/ptII/ptolemy/actor/lib/test/auto/DisplayArray.xml
----------------- Instantiating /home/travis/build/icyphy/ptII/ptolemy/actor/lib/test/auto/DisplayArray.xml
1 ms. Memory: 528384K Free: 334294K (63%)
----------------- Invoking toplevel() on ptolemy.moml.MoMLSimpleApplication@7705c029
----------------- Done invoking toplevel() on ptolemy.moml.MoMLSimpleApplication@7705c029
reloadAllAccessors: .DisplayArray

===========================================================================================
----------------- testing Wed Mar 04 07:12:11 UTC 2020 /home/travis/build/icyphy/ptII/ptolemy/actor/lib/test/auto/Distributor.xml
----------------- Instantiating /home/travis/build/icyphy/ptII/ptolemy/actor/lib/test/auto/Distributor.xml
2 ms. Memory: 528384K Free: 330198K (62%)
----------------- Invoking toplevel() on ptolemy.moml.MoMLSimpleApplication@41ee12fd
----------------- Done invoking toplevel() on ptolemy.moml.MoMLSimpleApplication@41ee12fd
reloadAllAccessors: .Distributor

===========================================================================================
----------------- testing Wed Mar 04 07:12:11 UTC 2020 /home/travis/build/icyphy/ptII/ptolemy/actor/lib/test/auto/Distributor2.xml
----------------- Instantiating /home/travis/build/icyphy/ptII/ptolemy/actor/lib/test/auto/Distributor2.xml
1 ms. Memory: 528384K Free: 325078K (62%)
----------------- Invoking toplevel() on ptolemy.moml.MoMLSimpleApplication@1e0b0ad5
----------------- Done invoking toplevel() on ptolemy.moml.MoMLSimpleApplication@1e0b0ad5
reloadAllAccessors: .Distributor2

===========================================================================================
----------------- testing Wed Mar 04 07:12:11 UTC 2020 /home/travis/build/icyphy/ptII/ptolemy/actor/lib/test/auto/DownSample.xml
----------------- Instantiating /home/travis/build/icyphy/ptII/ptolemy/actor/lib/test/auto/DownSample.xml
2 ms. Memory: 528384K Free: 320472K (61%)
----------------- Invoking toplevel() on ptolemy.moml.MoMLSimpleApplication@48056d7b
----------------- Done invoking toplevel() on ptolemy.moml.MoMLSimpleApplication@48056d7b
reloadAllAccessors: .DownSample

===========================================================================================
----------------- testing Wed Mar 04 07:12:11 UTC 2020 /home/travis/build/icyphy/ptII/ptolemy/actor/lib/test/auto/ElectronicUnitBase1.xml
----------------- Instantiating /home/travis/build/icyphy/ptII/ptolemy/actor/lib/test/auto/ElectronicUnitBase1.xml
17 ms. Memory: 528384K Free: 304088K (58%)
----------------- Invoking toplevel() on ptolemy.moml.MoMLSimpleApplication@759dc897
----------------- Done invoking toplevel() on ptolemy.moml.MoMLSimpleApplication@759dc897
reloadAllAccessors: .ElectronicUnitBase1

===========================================================================================
----------------- testing Wed Mar 04 07:12:11 UTC 2020 /home/travis/build/icyphy/ptII/ptolemy/actor/lib/test/auto/ElementsToArray.xml
----------------- Instantiating /home/travis/build/icyphy/ptII/ptolemy/actor/lib/test/auto/ElementsToArray.xml
3 ms. Memory: 528384K Free: 298968K (57%)
----------------- Invoking toplevel() on ptolemy.moml.MoMLSimpleApplication@61743b7c
----------------- Done invoking toplevel() on ptolemy.moml.MoMLSimpleApplication@61743b7c
reloadAllAccessors: .ElementsToArray

===========================================================================================
----------------- testing Wed Mar 04 07:12:11 UTC 2020 /home/travis/build/icyphy/ptII/ptolemy/actor/lib/test/auto/Equals.xml
----------------- Instantiating /home/travis/build/icyphy/ptII/ptolemy/actor/lib/test/auto/Equals.xml
4 ms. Memory: 528384K Free: 294872K (56%)
----------------- Invoking toplevel() on ptolemy.moml.MoMLSimpleApplication@f8dca59
----------------- Done invoking toplevel() on ptolemy.moml.MoMLSimpleApplication@f8dca59
reloadAllAccessors: .Equals

===========================================================================================
----------------- testing Wed Mar 04 07:12:12 UTC 2020 /home/travis/build/icyphy/ptII/ptolemy/actor/lib/test/auto/Exec.xml
----------------- Instantiating /home/travis/build/icyphy/ptII/ptolemy/actor/lib/test/auto/Exec.xml
16 ms. Memory: 528384K Free: 289238K (55%)
----------------- Invoking toplevel() on ptolemy.moml.MoMLSimpleApplication@fb1e48e
----------------- Done invoking toplevel() on ptolemy.moml.MoMLSimpleApplication@fb1e48e
reloadAllAccessors: .Exec

===========================================================================================
----------------- testing Wed Mar 04 07:12:12 UTC 2020 /home/travis/build/icyphy/ptII/ptolemy/actor/lib/test/auto/ExecEnvironment.xml
----------------- Instantiating /home/travis/build/icyphy/ptII/ptolemy/actor/lib/test/auto/ExecEnvironment.xml
39 ms. Memory: 528384K Free: 284104K (54%)
----------------- Invoking toplevel() on ptolemy.moml.MoMLSimpleApplication@356c0b57
----------------- Done invoking toplevel() on ptolemy.moml.MoMLSimpleApplication@356c0b57
reloadAllAccessors: .ExecEnvironment

===========================================================================================
----------------- testing Wed Mar 04 07:12:12 UTC 2020 /home/travis/build/icyphy/ptII/ptolemy/actor/lib/test/auto/ExecNonZeroReturnOutput.xml
----------------- Instantiating /home/travis/build/icyphy/ptII/ptolemy/actor/lib/test/auto/ExecNonZeroReturnOutput.xml
160 ms. Memory: 528384K Free: 272344K (52%)
----------------- Invoking toplevel() on ptolemy.moml.MoMLSimpleApplication@4a5b278f
----------------- Done invoking toplevel() on ptolemy.moml.MoMLSimpleApplication@4a5b278f
reloadAllAccessors: .ExecNonZeroReturnOutput

===========================================================================================
----------------- testing Wed Mar 04 07:12:12 UTC 2020 /home/travis/build/icyphy/ptII/ptolemy/actor/lib/test/auto/ExecRunDemos.xml
----------------- Instantiating /home/travis/build/icyphy/ptII/ptolemy/actor/lib/test/auto/ExecRunDemos.xml
Finished: 61 ms. Memory: 129024K Free: 112273K (87%)

Finished: 66 ms. Memory: 129024K Free: 109337K (85%)

Finished: 86 ms. Memory: 129024K Free: 109498K (85%)

Finished: 68 ms. Memory: 129024K Free: 111015K (86%)

Finished: 55 ms. Memory: 129024K Free: 111871K (87%)

10422 ms. Memory: 528384K Free: 250838K (47%)
----------------- Invoking toplevel() on ptolemy.moml.MoMLSimpleApplication@2cd740e
----------------- Done invoking toplevel() on ptolemy.moml.MoMLSimpleApplication@2cd740e
reloadAllAccessors: .ExecRunDemos

===========================================================================================
----------------- testing Wed Mar 04 07:12:22 UTC 2020 /home/travis/build/icyphy/ptII/ptolemy/actor/lib/test/auto/ExecStop.xml
----------------- Instantiating /home/travis/build/icyphy/ptII/ptolemy/actor/lib/test/auto/ExecStop.xml
5017 ms. Memory: 528384K Free: 370327K (70%)
----------------- Invoking toplevel() on ptolemy.moml.MoMLSimpleApplication@1aa0b8ba
----------------- Done invoking toplevel() on ptolemy.moml.MoMLSimpleApplication@1aa0b8ba
reloadAllAccessors: .ExecStop

===========================================================================================
----------------- testing Wed Mar 04 07:12:27 UTC 2020 /home/travis/build/icyphy/ptII/ptolemy/actor/lib/test/auto/ExecutionTimeSDF.xml
----------------- Instantiating /home/travis/build/icyphy/ptII/ptolemy/actor/lib/test/auto/ExecutionTimeSDF.xml
Fired ExecutionTime: -790967296
Fired ExecutionTime: 1333600000
Fired ExecutionTime: -189367296
6008 ms. Memory: 528384K Free: 357796K (68%)
----------------- Invoking toplevel() on ptolemy.moml.MoMLSimpleApplication@b9b0c32
----------------- Done invoking toplevel() on ptolemy.moml.MoMLSimpleApplication@b9b0c32
reloadAllAccessors: .ExecutionTimeSDF

===========================================================================================
----------------- testing Wed Mar 04 07:12:33 UTC 2020 /home/travis/build/icyphy/ptII/ptolemy/actor/lib/test/auto/Expression1.xml
----------------- Instantiating /home/travis/build/icyphy/ptII/ptolemy/actor/lib/test/auto/Expression1.xml
1 ms. Memory: 528384K Free: 354228K (67%)
----------------- Invoking toplevel() on ptolemy.moml.MoMLSimpleApplication@6ac72b8
----------------- Done invoking toplevel() on ptolemy.moml.MoMLSimpleApplication@6ac72b8
reloadAllAccessors: .Expression1

===========================================================================================
----------------- testing Wed Mar 04 07:12:33 UTC 2020 /home/travis/build/icyphy/ptII/ptolemy/actor/lib/test/auto/Expression10.xml
----------------- Instantiating /home/travis/build/icyphy/ptII/ptolemy/actor/lib/test/auto/Expression10.xml
6 ms. Memory: 528384K Free: 348594K (66%)
----------------- Invoking toplevel() on ptolemy.moml.MoMLSimpleApplication@292cb1e6
----------------- Done invoking toplevel() on ptolemy.moml.MoMLSimpleApplication@292cb1e6
reloadAllAccessors: .Expression10

===========================================================================================
----------------- testing Wed Mar 04 07:12:33 UTC 2020 /home/travis/build/icyphy/ptII/ptolemy/actor/lib/test/auto/Expression11.xml
----------------- Instantiating /home/travis/build/icyphy/ptII/ptolemy/actor/lib/test/auto/Expression11.xml
3 ms. Memory: 528384K Free: 344498K (65%)
----------------- Invoking toplevel() on ptolemy.moml.MoMLSimpleApplication@3973ca51
----------------- Done invoking toplevel() on ptolemy.moml.MoMLSimpleApplication@3973ca51
reloadAllAccessors: .Expression11

===========================================================================================
----------------- testing Wed Mar 04 07:12:33 UTC 2020 /home/travis/build/icyphy/ptII/ptolemy/actor/lib/test/auto/Expression12.xml
----------------- Instantiating /home/travis/build/icyphy/ptII/ptolemy/actor/lib/test/auto/Expression12.xml
3 ms. Memory: 528384K Free: 338868K (64%)
----------------- Invoking toplevel() on ptolemy.moml.MoMLSimpleApplication@5f34d19e
----------------- Done invoking toplevel() on ptolemy.moml.MoMLSimpleApplication@5f34d19e
reloadAllAccessors: .Expression12

===========================================================================================
----------------- testing Wed Mar 04 07:12:33 UTC 2020 /home/travis/build/icyphy/ptII/ptolemy/actor/lib/test/auto/Expression13.xml
----------------- Instantiating /home/travis/build/icyphy/ptII/ptolemy/actor/lib/test/auto/Expression13.xml
3 ms. Memory: 528384K Free: 334258K (63%)
----------------- Invoking toplevel() on ptolemy.moml.MoMLSimpleApplication@6822b301
----------------- Done invoking toplevel() on ptolemy.moml.MoMLSimpleApplication@6822b301
reloadAllAccessors: .Expression13

===========================================================================================
----------------- testing Wed Mar 04 07:12:33 UTC 2020 /home/travis/build/icyphy/ptII/ptolemy/actor/lib/test/auto/Expression14.xml
----------------- Instantiating /home/travis/build/icyphy/ptII/ptolemy/actor/lib/test/auto/Expression14.xml
7 ms. Memory: 528384K Free: 328114K (62%)
----------------- Invoking toplevel() on ptolemy.moml.MoMLSimpleApplication@7be7fcb9
----------------- Done invoking toplevel() on ptolemy.moml.MoMLSimpleApplication@7be7fcb9
reloadAllAccessors: .Expression14

===========================================================================================
----------------- testing Wed Mar 04 07:12:33 UTC 2020 /home/travis/build/icyphy/ptII/ptolemy/actor/lib/test/auto/Expression15.xml
----------------- Instantiating /home/travis/build/icyphy/ptII/ptolemy/actor/lib/test/auto/Expression15.xml
2 ms. Memory: 528384K Free: 324532K (61%)
----------------- Invoking toplevel() on ptolemy.moml.MoMLSimpleApplication@6e564113
----------------- Done invoking toplevel() on ptolemy.moml.MoMLSimpleApplication@6e564113
reloadAllAccessors: .Expression15

===========================================================================================
----------------- testing Wed Mar 04 07:12:33 UTC 2020 /home/travis/build/icyphy/ptII/ptolemy/actor/lib/test/auto/Expression16.xml
----------------- Instantiating /home/travis/build/icyphy/ptII/ptolemy/actor/lib/test/auto/Expression16.xml
3 ms. Memory: 528384K Free: 319412K (60%)
----------------- Invoking toplevel() on ptolemy.moml.MoMLSimpleApplication@17bf0520
----------------- Done invoking toplevel() on ptolemy.moml.MoMLSimpleApplication@17bf0520
reloadAllAccessors: .Expression16

===========================================================================================
----------------- testing Wed Mar 04 07:12:34 UTC 2020 /home/travis/build/icyphy/ptII/ptolemy/actor/lib/test/auto/Expression17.xml
----------------- Instantiating /home/travis/build/icyphy/ptII/ptolemy/actor/lib/test/auto/Expression17.xml
5 ms. Memory: 528384K Free: 314292K (59%)
----------------- Invoking toplevel() on ptolemy.moml.MoMLSimpleApplication@4b4d691
----------------- Done invoking toplevel() on ptolemy.moml.MoMLSimpleApplication@4b4d691
reloadAllAccessors: .Expression17

===========================================================================================
----------------- testing Wed Mar 04 07:12:34 UTC 2020 /home/travis/build/icyphy/ptII/ptolemy/actor/lib/test/auto/Expression18.xml
----------------- Instantiating /home/travis/build/icyphy/ptII/ptolemy/actor/lib/test/auto/Expression18.xml
3 ms. Memory: 528384K Free: 309682K (59%)
----------------- Invoking toplevel() on ptolemy.moml.MoMLSimpleApplication@54f9d642
----------------- Done invoking toplevel() on ptolemy.moml.MoMLSimpleApplication@54f9d642
reloadAllAccessors: .Expression18

===========================================================================================
----------------- testing Wed Mar 04 07:12:34 UTC 2020 /home/travis/build/icyphy/ptII/ptolemy/actor/lib/test/auto/Expression2.xml
----------------- Instantiating /home/travis/build/icyphy/ptII/ptolemy/actor/lib/test/auto/Expression2.xml
4 ms. Memory: 528384K Free: 304562K (58%)
----------------- Invoking toplevel() on ptolemy.moml.MoMLSimpleApplication@1ff783b6
----------------- Done invoking toplevel() on ptolemy.moml.MoMLSimpleApplication@1ff783b6
reloadAllAccessors: .Expression2

===========================================================================================
----------------- testing Wed Mar 04 07:12:34 UTC 2020 /home/travis/build/icyphy/ptII/ptolemy/actor/lib/test/auto/Expression3.xml
----------------- Instantiating /home/travis/build/icyphy/ptII/ptolemy/actor/lib/test/auto/Expression3.xml
6 ms. Memory: 528384K Free: 299956K (57%)
----------------- Invoking toplevel() on ptolemy.moml.MoMLSimpleApplication@1ed959f2
----------------- Done invoking toplevel() on ptolemy.moml.MoMLSimpleApplication@1ed959f2
reloadAllAccessors: .Expression3

===========================================================================================
----------------- testing Wed Mar 04 07:12:34 UTC 2020 /home/travis/build/icyphy/ptII/ptolemy/actor/lib/test/auto/Expression4.xml
----------------- Instantiating /home/travis/build/icyphy/ptII/ptolemy/actor/lib/test/auto/Expression4.xml
5 ms. Memory: 528384K Free: 292274K (55%)
----------------- Invoking toplevel() on ptolemy.moml.MoMLSimpleApplication@7cf2128c
----------------- Done invoking toplevel() on ptolemy.moml.MoMLSimpleApplication@7cf2128c
reloadAllAccessors: .Expression4

===========================================================================================
----------------- testing Wed Mar 04 07:12:34 UTC 2020 /home/travis/build/icyphy/ptII/ptolemy/actor/lib/test/auto/Expression5.xml
----------------- Instantiating /home/travis/build/icyphy/ptII/ptolemy/actor/lib/test/auto/Expression5.xml
5 ms. Memory: 528384K Free: 287668K (54%)
----------------- Invoking toplevel() on ptolemy.moml.MoMLSimpleApplication@59ac624c
----------------- Done invoking toplevel() on ptolemy.moml.MoMLSimpleApplication@59ac624c
reloadAllAccessors: .Expression5

===========================================================================================
----------------- testing Wed Mar 04 07:12:34 UTC 2020 /home/travis/build/icyphy/ptII/ptolemy/actor/lib/test/auto/Expression6.xml
----------------- Instantiating /home/travis/build/icyphy/ptII/ptolemy/actor/lib/test/auto/Expression6.xml
2 ms. Memory: 528384K Free: 283058K (54%)
----------------- Invoking toplevel() on ptolemy.moml.MoMLSimpleApplication@68dacef1
----------------- Done invoking toplevel() on ptolemy.moml.MoMLSimpleApplication@68dacef1
reloadAllAccessors: .Expression6

===========================================================================================
----------------- testing Wed Mar 04 07:12:34 UTC 2020 /home/travis/build/icyphy/ptII/ptolemy/actor/lib/test/auto/Expression7.xml
----------------- Instantiating /home/travis/build/icyphy/ptII/ptolemy/actor/lib/test/auto/Expression7.xml
7 ms. Memory: 528384K Free: 277938K (53%)
----------------- Invoking toplevel() on ptolemy.moml.MoMLSimpleApplication@7c4820fc
----------------- Done invoking toplevel() on ptolemy.moml.MoMLSimpleApplication@7c4820fc
reloadAllAccessors: .Expression7

===========================================================================================
----------------- testing Wed Mar 04 07:12:34 UTC 2020 /home/travis/build/icyphy/ptII/ptolemy/actor/lib/test/auto/Expression8.xml
----------------- Instantiating /home/travis/build/icyphy/ptII/ptolemy/actor/lib/test/auto/Expression8.xml
6 ms. Memory: 528384K Free: 273332K (52%)
----------------- Invoking toplevel() on ptolemy.moml.MoMLSimpleApplication@57f191be
----------------- Done invoking toplevel() on ptolemy.moml.MoMLSimpleApplication@57f191be
reloadAllAccessors: .Expression8

===========================================================================================
----------------- testing Wed Mar 04 07:12:34 UTC 2020 /home/travis/build/icyphy/ptII/ptolemy/actor/lib/test/auto/Expression9.xml
----------------- Instantiating /home/travis/build/icyphy/ptII/ptolemy/actor/lib/test/auto/Expression9.xml
1 ms. Memory: 528384K Free: 269236K (51%)
----------------- Invoking toplevel() on ptolemy.moml.MoMLSimpleApplication@1d33fe
----------------- Done invoking toplevel() on ptolemy.moml.MoMLSimpleApplication@1d33fe
reloadAllAccessors: .Expression9

===========================================================================================
----------------- testing Wed Mar 04 07:12:34 UTC 2020 /home/travis/build/icyphy/ptII/ptolemy/actor/lib/test/auto/ExpressionConcatenateArrayType.xml
----------------- Instantiating /home/travis/build/icyphy/ptII/ptolemy/actor/lib/test/auto/ExpressionConcatenateArrayType.xml
2 ms. Memory: 528384K Free: 263092K (50%)
----------------- Invoking toplevel() on ptolemy.moml.MoMLSimpleApplication@72c5cd07
----------------- Done invoking toplevel() on ptolemy.moml.MoMLSimpleApplication@72c5cd07
reloadAllAccessors: .ExpressionConcatenateArrayType

===========================================================================================
----------------- testing Wed Mar 04 07:12:34 UTC 2020 /home/travis/build/icyphy/ptII/ptolemy/actor/lib/test/auto/ExpressionConcatenateArrayType2.xml
----------------- Instantiating /home/travis/build/icyphy/ptII/ptolemy/actor/lib/test/auto/ExpressionConcatenateArrayType2.xml
2 ms. Memory: 528384K Free: 257458K (49%)
----------------- Invoking toplevel() on ptolemy.moml.MoMLSimpleApplication@1ac8f896
----------------- Done invoking toplevel() on ptolemy.moml.MoMLSimpleApplication@1ac8f896
reloadAllAccessors: .ExpressionConcatenateArrayType2

===========================================================================================
----------------- testing Wed Mar 04 07:12:34 UTC 2020 /home/travis/build/icyphy/ptII/ptolemy/actor/lib/test/auto/ExpressionFix.xml
----------------- Instantiating /home/travis/build/icyphy/ptII/ptolemy/actor/lib/test/auto/ExpressionFix.xml
17 ms. Memory: 528384K Free: 250804K (47%)
----------------- Invoking toplevel() on ptolemy.moml.MoMLSimpleApplication@b52c81a
----------------- Done invoking toplevel() on ptolemy.moml.MoMLSimpleApplication@b52c81a
reloadAllAccessors: .ExpressionFix

===========================================================================================
----------------- testing Wed Mar 04 07:12:34 UTC 2020 /home/travis/build/icyphy/ptII/ptolemy/actor/lib/test/auto/ExpressionFix2.xml
----------------- Instantiating /home/travis/build/icyphy/ptII/ptolemy/actor/lib/test/auto/ExpressionFix2.xml
7 ms. Memory: 528384K Free: 247218K (47%)
----------------- Invoking toplevel() on ptolemy.moml.MoMLSimpleApplication@59f216c8
----------------- Done invoking toplevel() on ptolemy.moml.MoMLSimpleApplication@59f216c8
reloadAllAccessors: .ExpressionFix2

===========================================================================================
----------------- testing Wed Mar 04 07:12:34 UTC 2020 /home/travis/build/icyphy/ptII/ptolemy/actor/lib/test/auto/ExpressionFix3.xml
----------------- Instantiating /home/travis/build/icyphy/ptII/ptolemy/actor/lib/test/auto/ExpressionFix3.xml
5 ms. Memory: 528384K Free: 242612K (46%)
----------------- Invoking toplevel() on ptolemy.moml.MoMLSimpleApplication@6f091fcb
----------------- Done invoking toplevel() on ptolemy.moml.MoMLSimpleApplication@6f091fcb
reloadAllAccessors: .ExpressionFix3

===========================================================================================
----------------- testing Wed Mar 04 07:12:34 UTC 2020 /home/travis/build/icyphy/ptII/ptolemy/actor/lib/test/auto/FileWriter1.xml
----------------- Instantiating /home/travis/build/icyphy/ptII/ptolemy/actor/lib/test/auto/FileWriter1.xml
2 ms. Memory: 528384K Free: 239026K (45%)
----------------- Invoking toplevel() on ptolemy.moml.MoMLSimpleApplication@7114d724
----------------- Done invoking toplevel() on ptolemy.moml.MoMLSimpleApplication@7114d724
reloadAllAccessors: .FileWriter1

===========================================================================================
----------------- testing Wed Mar 04 07:12:34 UTC 2020 /home/travis/build/icyphy/ptII/ptolemy/actor/lib/test/auto/FileWriter2.xml
----------------- Instantiating /home/travis/build/icyphy/ptII/ptolemy/actor/lib/test/auto/FileWriter2.xml
5 ms. Memory: 528384K Free: 234420K (44%)
----------------- Invoking toplevel() on ptolemy.moml.MoMLSimpleApplication@6a5963db
----------------- Done invoking toplevel() on ptolemy.moml.MoMLSimpleApplication@6a5963db
reloadAllAccessors: .FileWriter2

===========================================================================================
----------------- testing Wed Mar 04 07:12:34 UTC 2020 /home/travis/build/icyphy/ptII/ptolemy/actor/lib/test/auto/FileWriter3.xml
----------------- Instantiating /home/travis/build/icyphy/ptII/ptolemy/actor/lib/test/auto/FileWriter3.xml
4 ms. Memory: 528384K Free: 230324K (44%)
----------------- Invoking toplevel() on ptolemy.moml.MoMLSimpleApplication@7cee4448
----------------- Done invoking toplevel() on ptolemy.moml.MoMLSimpleApplication@7cee4448
reloadAllAccessors: .FileWriter3

===========================================================================================
----------------- testing Wed Mar 04 07:12:34 UTC 2020 /home/travis/build/icyphy/ptII/ptolemy/actor/lib/test/auto/Gaussian.xml
----------------- Instantiating /home/travis/build/icyphy/ptII/ptolemy/actor/lib/test/auto/Gaussian.xml
3 ms. Memory: 528384K Free: 226228K (43%)
----------------- Invoking toplevel() on ptolemy.moml.MoMLSimpleApplication@227100de
----------------- Done invoking toplevel() on ptolemy.moml.MoMLSimpleApplication@227100de
reloadAllAccessors: .Gaussian

===========================================================================================
----------------- testing Wed Mar 04 07:12:34 UTC 2020 /home/travis/build/icyphy/ptII/ptolemy/actor/lib/test/auto/Gaussian1.xml
----------------- Instantiating /home/travis/build/icyphy/ptII/ptolemy/actor/lib/test/auto/Gaussian1.xml
9 ms. Memory: 528384K Free: 220580K (42%)
----------------- Invoking toplevel() on ptolemy.moml.MoMLSimpleApplication@1a2eac44
----------------- Done invoking toplevel() on ptolemy.moml.MoMLSimpleApplication@1a2eac44
reloadAllAccessors: .Gaussian1

===========================================================================================
----------------- testing Wed Mar 04 07:12:34 UTC 2020 /home/travis/build/icyphy/ptII/ptolemy/actor/lib/test/auto/Gaussian2.xml
----------------- Instantiating /home/travis/build/icyphy/ptII/ptolemy/actor/lib/test/auto/Gaussian2.xml
2 ms. Memory: 528384K Free: 214964K (41%)
----------------- Invoking toplevel() on ptolemy.moml.MoMLSimpleApplication@38bc593e
----------------- Done invoking toplevel() on ptolemy.moml.MoMLSimpleApplication@38bc593e
reloadAllAccessors: .Gaussian2

===========================================================================================
----------------- testing Wed Mar 04 07:12:34 UTC 2020 /home/travis/build/icyphy/ptII/ptolemy/actor/lib/test/auto/GradientAdaptiveLattice.xml
----------------- Instantiating /home/travis/build/icyphy/ptII/ptolemy/actor/lib/test/auto/GradientAdaptiveLattice.xml
3 ms. Memory: 528384K Free: 210354K (40%)
----------------- Invoking toplevel() on ptolemy.moml.MoMLSimpleApplication@43944525
----------------- Done invoking toplevel() on ptolemy.moml.MoMLSimpleApplication@43944525
reloadAllAccessors: .GradientAdaptiveLattice

===========================================================================================
----------------- testing Wed Mar 04 07:12:34 UTC 2020 /home/travis/build/icyphy/ptII/ptolemy/actor/lib/test/auto/IIR.xml
----------------- Instantiating /home/travis/build/icyphy/ptII/ptolemy/actor/lib/test/auto/IIR.xml
2 ms. Memory: 528384K Free: 205748K (39%)
----------------- Invoking toplevel() on ptolemy.moml.MoMLSimpleApplication@45af21ef
----------------- Done invoking toplevel() on ptolemy.moml.MoMLSimpleApplication@45af21ef
reloadAllAccessors: .IIR

===========================================================================================
----------------- testing Wed Mar 04 07:12:34 UTC 2020 /home/travis/build/icyphy/ptII/ptolemy/actor/lib/test/auto/InputOutputTransparentPorts.xml
----------------- Instantiating /home/travis/build/icyphy/ptII/ptolemy/actor/lib/test/auto/InputOutputTransparentPorts.xml
2 ms. Memory: 528384K Free: 199090K (38%)
----------------- Invoking toplevel() on ptolemy.moml.MoMLSimpleApplication@3f8dbce8
----------------- Done invoking toplevel() on ptolemy.moml.MoMLSimpleApplication@3f8dbce8
reloadAllAccessors: .InputOutputTransparentPorts

===========================================================================================
----------------- testing Wed Mar 04 07:12:34 UTC 2020 /home/travis/build/icyphy/ptII/ptolemy/actor/lib/test/auto/Interpolator.xml
----------------- Instantiating /home/travis/build/icyphy/ptII/ptolemy/actor/lib/test/auto/Interpolator.xml
3 ms. Memory: 528384K Free: 194994K (37%)
----------------- Invoking toplevel() on ptolemy.moml.MoMLSimpleApplication@78521bdd
----------------- Done invoking toplevel() on ptolemy.moml.MoMLSimpleApplication@78521bdd
reloadAllAccessors: .Interpolator

===========================================================================================
----------------- testing Wed Mar 04 07:12:34 UTC 2020 /home/travis/build/icyphy/ptII/ptolemy/actor/lib/test/auto/InterpolatorFiringLimitDE.xml
----------------- Instantiating /home/travis/build/icyphy/ptII/ptolemy/actor/lib/test/auto/InterpolatorFiringLimitDE.xml
2 ms. Memory: 528384K Free: 188850K (36%)
----------------- Invoking toplevel() on ptolemy.moml.MoMLSimpleApplication@5909f0dc
----------------- Done invoking toplevel() on ptolemy.moml.MoMLSimpleApplication@5909f0dc
reloadAllAccessors: .InterpolatorFiringLimitDE

===========================================================================================
----------------- testing Wed Mar 04 07:12:34 UTC 2020 /home/travis/build/icyphy/ptII/ptolemy/actor/lib/test/auto/Lattice.xml
----------------- Instantiating /home/travis/build/icyphy/ptII/ptolemy/actor/lib/test/auto/Lattice.xml
1 ms. Memory: 528384K Free: 185268K (35%)
----------------- Invoking toplevel() on ptolemy.moml.MoMLSimpleApplication@4a3514a8
----------------- Done invoking toplevel() on ptolemy.moml.MoMLSimpleApplication@4a3514a8
reloadAllAccessors: .Lattice

===========================================================================================
----------------- testing Wed Mar 04 07:12:34 UTC 2020 /home/travis/build/icyphy/ptII/ptolemy/actor/lib/test/auto/LazyAOCTestLazy.xml
----------------- Instantiating /home/travis/build/icyphy/ptII/ptolemy/actor/lib/test/auto/LazyAOCTestLazy.xml
6 ms. Memory: 528384K Free: 179124K (34%)
----------------- Invoking toplevel() on ptolemy.moml.MoMLSimpleApplication@24e7285
----------------- Done invoking toplevel() on ptolemy.moml.MoMLSimpleApplication@24e7285
reloadAllAccessors: .LazyAOCTestLazy

===========================================================================================
----------------- testing Wed Mar 04 07:12:34 UTC 2020 /home/travis/build/icyphy/ptII/ptolemy/actor/lib/test/auto/LazyAOCTestNonLazy.xml
----------------- Instantiating /home/travis/build/icyphy/ptII/ptolemy/actor/lib/test/auto/LazyAOCTestNonLazy.xml
1 ms. Memory: 528384K Free: 172466K (33%)
----------------- Invoking toplevel() on ptolemy.moml.MoMLSimpleApplication@33ce0a17
----------------- Done invoking toplevel() on ptolemy.moml.MoMLSimpleApplication@33ce0a17
reloadAllAccessors: .LazyAOCTestNonLazy

===========================================================================================
----------------- testing Wed Mar 04 07:12:34 UTC 2020 /home/travis/build/icyphy/ptII/ptolemy/actor/lib/test/auto/LazyInnerClass.xml
----------------- Instantiating /home/travis/build/icyphy/ptII/ptolemy/actor/lib/test/auto/LazyInnerClass.xml
37 ms. Memory: 528384K Free: 476475K (90%)
----------------- Invoking toplevel() on ptolemy.moml.MoMLSimpleApplication@474976a3
----------------- Done invoking toplevel() on ptolemy.moml.MoMLSimpleApplication@474976a3
reloadAllAccessors: .LazyInnerClass

===========================================================================================
----------------- testing Wed Mar 04 07:12:34 UTC 2020 /home/travis/build/icyphy/ptII/ptolemy/actor/lib/test/auto/LazyPubSub.xml
----------------- Instantiating /home/travis/build/icyphy/ptII/ptolemy/actor/lib/test/auto/LazyPubSub.xml
18 ms. Memory: 528384K Free: 465796K (88%)
----------------- Invoking toplevel() on ptolemy.moml.MoMLSimpleApplication@51384242
----------------- Done invoking toplevel() on ptolemy.moml.MoMLSimpleApplication@51384242
reloadAllAccessors: .LazyPubSub

===========================================================================================
----------------- testing Wed Mar 04 07:12:34 UTC 2020 /home/travis/build/icyphy/ptII/ptolemy/actor/lib/test/auto/LazyPubSub2.xml
----------------- Instantiating /home/travis/build/icyphy/ptII/ptolemy/actor/lib/test/auto/LazyPubSub2.xml
14 ms. Memory: 528384K Free: 456580K (86%)
----------------- Invoking toplevel() on ptolemy.moml.MoMLSimpleApplication@4b45e94d
----------------- Done invoking toplevel() on ptolemy.moml.MoMLSimpleApplication@4b45e94d
reloadAllAccessors: .LazyPubSub2

===========================================================================================
----------------- testing Wed Mar 04 07:12:34 UTC 2020 /home/travis/build/icyphy/ptII/ptolemy/actor/lib/test/auto/LazyPubSub3.xml
----------------- Instantiating /home/travis/build/icyphy/ptII/ptolemy/actor/lib/test/auto/LazyPubSub3.xml
11 ms. Memory: 528384K Free: 446340K (84%)
----------------- Invoking toplevel() on ptolemy.moml.MoMLSimpleApplication@169e8aa7
----------------- Done invoking toplevel() on ptolemy.moml.MoMLSimpleApplication@169e8aa7
reloadAllAccessors: .LazyPubSub3

===========================================================================================
----------------- testing Wed Mar 04 07:12:34 UTC 2020 /home/travis/build/icyphy/ptII/ptolemy/actor/lib/test/auto/LazySubClassModel.xml
----------------- Instantiating /home/travis/build/icyphy/ptII/ptolemy/actor/lib/test/auto/LazySubClassModel.xml
2 ms. Memory: 528384K Free: 437124K (83%)
----------------- Invoking toplevel() on ptolemy.moml.MoMLSimpleApplication@347b1fdb
----------------- Done invoking toplevel() on ptolemy.moml.MoMLSimpleApplication@347b1fdb
reloadAllAccessors: .LazySubClassModel

===========================================================================================
----------------- testing Wed Mar 04 07:12:34 UTC 2020 /home/travis/build/icyphy/ptII/ptolemy/actor/lib/test/auto/LevelCrossTest1.xml
----------------- Instantiating /home/travis/build/icyphy/ptII/ptolemy/actor/lib/test/auto/LevelCrossTest1.xml
2 ms. Memory: 528384K Free: 432004K (82%)
----------------- Invoking toplevel() on ptolemy.moml.MoMLSimpleApplication@792d018f
----------------- Done invoking toplevel() on ptolemy.moml.MoMLSimpleApplication@792d018f
reloadAllAccessors: .broken

===========================================================================================
----------------- testing Wed Mar 04 07:12:34 UTC 2020 /home/travis/build/icyphy/ptII/ptolemy/actor/lib/test/auto/LevelCrossTest10.xml
----------------- Instantiating /home/travis/build/icyphy/ptII/ptolemy/actor/lib/test/auto/LevelCrossTest10.xml
2 ms. Memory: 528384K Free: 423812K (80%)
----------------- Invoking toplevel() on ptolemy.moml.MoMLSimpleApplication@32a8598c
----------------- Done invoking toplevel() on ptolemy.moml.MoMLSimpleApplication@32a8598c
reloadAllAccessors: .LevelCrossTest10

===========================================================================================
----------------- testing Wed Mar 04 07:12:34 UTC 2020 /home/travis/build/icyphy/ptII/ptolemy/actor/lib/test/auto/LevelCrossTest11.xml
----------------- Instantiating /home/travis/build/icyphy/ptII/ptolemy/actor/lib/test/auto/LevelCrossTest11.xml
2 ms. Memory: 528384K Free: 416644K (79%)
----------------- Invoking toplevel() on ptolemy.moml.MoMLSimpleApplication@43c9f1f6
----------------- Done invoking toplevel() on ptolemy.moml.MoMLSimpleApplication@43c9f1f6
reloadAllAccessors: .LevelCrossTest11

===========================================================================================
----------------- testing Wed Mar 04 07:12:34 UTC 2020 /home/travis/build/icyphy/ptII/ptolemy/actor/lib/test/auto/LevelCrossTest12.xml
----------------- Instantiating /home/travis/build/icyphy/ptII/ptolemy/actor/lib/test/auto/LevelCrossTest12.xml
1 ms. Memory: 528384K Free: 411010K (78%)
----------------- Invoking toplevel() on ptolemy.moml.MoMLSimpleApplication@94dac2
----------------- Done invoking toplevel() on ptolemy.moml.MoMLSimpleApplication@94dac2
reloadAllAccessors: .LevelCrossTest12

===========================================================================================
----------------- testing Wed Mar 04 07:12:34 UTC 2020 /home/travis/build/icyphy/ptII/ptolemy/actor/lib/test/auto/LevelCrossTest13.xml
----------------- Instantiating /home/travis/build/icyphy/ptII/ptolemy/actor/lib/test/auto/LevelCrossTest13.xml
1 ms. Memory: 528384K Free: 403332K (76%)
----------------- Invoking toplevel() on ptolemy.moml.MoMLSimpleApplication@73986f4f
----------------- Done invoking toplevel() on ptolemy.moml.MoMLSimpleApplication@73986f4f
reloadAllAccessors: .LevelCrossTest13

===========================================================================================
----------------- testing Wed Mar 04 07:12:34 UTC 2020 /home/travis/build/icyphy/ptII/ptolemy/actor/lib/test/auto/LevelCrossTest2.xml
----------------- Instantiating /home/travis/build/icyphy/ptII/ptolemy/actor/lib/test/auto/LevelCrossTest2.xml
1 ms. Memory: 528384K Free: 397698K (75%)
----------------- Invoking toplevel() on ptolemy.moml.MoMLSimpleApplication@47a710ee
----------------- Done invoking toplevel() on ptolemy.moml.MoMLSimpleApplication@47a710ee
reloadAllAccessors: .broken

===========================================================================================
----------------- testing Wed Mar 04 07:12:34 UTC 2020 /home/travis/build/icyphy/ptII/ptolemy/actor/lib/test/auto/LevelCrossTest3.xml
----------------- Instantiating /home/travis/build/icyphy/ptII/ptolemy/actor/lib/test/auto/LevelCrossTest3.xml
2 ms. Memory: 528384K Free: 391554K (74%)
----------------- Invoking toplevel() on ptolemy.moml.MoMLSimpleApplication@577050cc
----------------- Done invoking toplevel() on ptolemy.moml.MoMLSimpleApplication@577050cc
reloadAllAccessors: .LevelCrossTest3

===========================================================================================
----------------- testing Wed Mar 04 07:12:35 UTC 2020 /home/travis/build/icyphy/ptII/ptolemy/actor/lib/test/auto/LevelCrossTest4.xml
----------------- Instantiating /home/travis/build/icyphy/ptII/ptolemy/actor/lib/test/auto/LevelCrossTest4.xml
1 ms. Memory: 528384K Free: 386948K (73%)
----------------- Invoking toplevel() on ptolemy.moml.MoMLSimpleApplication@6232503b
----------------- Done invoking toplevel() on ptolemy.moml.MoMLSimpleApplication@6232503b
reloadAllAccessors: .broken

===========================================================================================
----------------- testing Wed Mar 04 07:12:35 UTC 2020 /home/travis/build/icyphy/ptII/ptolemy/actor/lib/test/auto/LevelCrossTest5.xml
----------------- Instantiating /home/travis/build/icyphy/ptII/ptolemy/actor/lib/test/auto/LevelCrossTest5.xml
4 ms. Memory: 528384K Free: 380290K (72%)
----------------- Invoking toplevel() on ptolemy.moml.MoMLSimpleApplication@3a0cc3e5
----------------- Done invoking toplevel() on ptolemy.moml.MoMLSimpleApplication@3a0cc3e5
reloadAllAccessors: .LevelCrossTest5

===========================================================================================
----------------- testing Wed Mar 04 07:12:35 UTC 2020 /home/travis/build/icyphy/ptII/ptolemy/actor/lib/test/auto/LevelCrossTest6.xml
----------------- Instantiating /home/travis/build/icyphy/ptII/ptolemy/actor/lib/test/auto/LevelCrossTest6.xml
1 ms. Memory: 528384K Free: 373122K (71%)
----------------- Invoking toplevel() on ptolemy.moml.MoMLSimpleApplication@797ef2ab
----------------- Done invoking toplevel() on ptolemy.moml.MoMLSimpleApplication@797ef2ab
reloadAllAccessors: .LevelCrossTest6

===========================================================================================
----------------- testing Wed Mar 04 07:12:35 UTC 2020 /home/travis/build/icyphy/ptII/ptolemy/actor/lib/test/auto/LevelCrossTest7.xml
----------------- Instantiating /home/travis/build/icyphy/ptII/ptolemy/actor/lib/test/auto/LevelCrossTest7.xml
1 ms. Memory: 528384K Free: 365444K (69%)
----------------- Invoking toplevel() on ptolemy.moml.MoMLSimpleApplication@ac6ca1b
----------------- Done invoking toplevel() on ptolemy.moml.MoMLSimpleApplication@ac6ca1b
reloadAllAccessors: .LevelCrossTest7

===========================================================================================
----------------- testing Wed Mar 04 07:12:35 UTC 2020 /home/travis/build/icyphy/ptII/ptolemy/actor/lib/test/auto/LevelCrossTest8.xml
----------------- Instantiating /home/travis/build/icyphy/ptII/ptolemy/actor/lib/test/auto/LevelCrossTest8.xml
1 ms. Memory: 528384K Free: 358786K (68%)
----------------- Invoking toplevel() on ptolemy.moml.MoMLSimpleApplication@e10ef4a
----------------- Done invoking toplevel() on ptolemy.moml.MoMLSimpleApplication@e10ef4a
reloadAllAccessors: .LevelCrossTest8

===========================================================================================
----------------- testing Wed Mar 04 07:12:35 UTC 2020 /home/travis/build/icyphy/ptII/ptolemy/actor/lib/test/auto/LevelCrossTest9.xml
----------------- Instantiating /home/travis/build/icyphy/ptII/ptolemy/actor/lib/test/auto/LevelCrossTest9.xml
1 ms. Memory: 528384K Free: 351618K (67%)
----------------- Invoking toplevel() on ptolemy.moml.MoMLSimpleApplication@3b40fbb9
----------------- Done invoking toplevel() on ptolemy.moml.MoMLSimpleApplication@3b40fbb9
reloadAllAccessors: .LevelCrossTest9

===========================================================================================
----------------- testing Wed Mar 04 07:12:35 UTC 2020 /home/travis/build/icyphy/ptII/ptolemy/actor/lib/test/auto/LevinsonDurbin.xml
----------------- Instantiating /home/travis/build/icyphy/ptII/ptolemy/actor/lib/test/auto/LevinsonDurbin.xml
1 ms. Memory: 528384K Free: 348036K (66%)
----------------- Invoking toplevel() on ptolemy.moml.MoMLSimpleApplication@ceab414
----------------- Done invoking toplevel() on ptolemy.moml.MoMLSimpleApplication@ceab414
reloadAllAccessors: .LevinsonDurbin

===========================================================================================
----------------- testing Wed Mar 04 07:12:35 UTC 2020 /home/travis/build/icyphy/ptII/ptolemy/actor/lib/test/auto/LevinsonDurbin2.xml
----------------- Instantiating /home/travis/build/icyphy/ptII/ptolemy/actor/lib/test/auto/LevinsonDurbin2.xml
1 ms. Memory: 528384K Free: 343940K (65%)
----------------- Invoking toplevel() on ptolemy.moml.MoMLSimpleApplication@58c036d3
----------------- Done invoking toplevel() on ptolemy.moml.MoMLSimpleApplication@58c036d3
reloadAllAccessors: .LevinsonDurbin2

===========================================================================================
----------------- testing Wed Mar 04 07:12:35 UTC 2020 /home/travis/build/icyphy/ptII/ptolemy/actor/lib/test/auto/LevinsonDurbin3.xml
----------------- Instantiating /home/travis/build/icyphy/ptII/ptolemy/actor/lib/test/auto/LevinsonDurbin3.xml
9 ms. Memory: 528384K Free: 339844K (64%)
----------------- Invoking toplevel() on ptolemy.moml.MoMLSimpleApplication@39bf78d7
----------------- Done invoking toplevel() on ptolemy.moml.MoMLSimpleApplication@39bf78d7
reloadAllAccessors: .LevinsonDurbin3

===========================================================================================
----------------- testing Wed Mar 04 07:12:35 UTC 2020 /home/travis/build/icyphy/ptII/ptolemy/actor/lib/test/auto/Limiter.xml
----------------- Instantiating /home/travis/build/icyphy/ptII/ptolemy/actor/lib/test/auto/Limiter.xml
5 ms. Memory: 528384K Free: 331124K (63%)
----------------- Invoking toplevel() on ptolemy.moml.MoMLSimpleApplication@16af7645
----------------- Done invoking toplevel() on ptolemy.moml.MoMLSimpleApplication@16af7645
reloadAllAccessors: .Limiter

===========================================================================================
----------------- testing Wed Mar 04 07:12:35 UTC 2020 /home/travis/build/icyphy/ptII/ptolemy/actor/lib/test/auto/LinearDifferenceEquationSystem.xml
----------------- Instantiating /home/travis/build/icyphy/ptII/ptolemy/actor/lib/test/auto/LinearDifferenceEquationSystem.xml
4 ms. Memory: 528384K Free: 323970K (61%)
----------------- Invoking toplevel() on ptolemy.moml.MoMLSimpleApplication@f9245b8
----------------- Done invoking toplevel() on ptolemy.moml.MoMLSimpleApplication@f9245b8
reloadAllAccessors: .LinearDifferenceEquationSystem

===========================================================================================
----------------- testing Wed Mar 04 07:12:35 UTC 2020 /home/travis/build/icyphy/ptII/ptolemy/actor/lib/test/auto/LookupTable.xml
----------------- Instantiating /home/travis/build/icyphy/ptII/ptolemy/actor/lib/test/auto/LookupTable.xml
1 ms. Memory: 528384K Free: 319364K (60%)
----------------- Invoking toplevel() on ptolemy.moml.MoMLSimpleApplication@4b7e3dd9
----------------- Done invoking toplevel() on ptolemy.moml.MoMLSimpleApplication@4b7e3dd9
reloadAllAccessors: .LookupTable

===========================================================================================
----------------- testing Wed Mar 04 07:12:35 UTC 2020 /home/travis/build/icyphy/ptII/ptolemy/actor/lib/test/auto/MathFunction.xml
----------------- Instantiating /home/travis/build/icyphy/ptII/ptolemy/actor/lib/test/auto/MathFunction.xml
2 ms. Memory: 528384K Free: 311172K (59%)
----------------- Invoking toplevel() on ptolemy.moml.MoMLSimpleApplication@9465d85
----------------- Done invoking toplevel() on ptolemy.moml.MoMLSimpleApplication@9465d85
reloadAllAccessors: .MathFunction

===========================================================================================
----------------- testing Wed Mar 04 07:12:35 UTC 2020 /home/travis/build/icyphy/ptII/ptolemy/actor/lib/test/auto/MathFunction2.xml
----------------- Instantiating /home/travis/build/icyphy/ptII/ptolemy/actor/lib/test/auto/MathFunction2.xml
1 ms. Memory: 528384K Free: 307586K (58%)
----------------- Invoking toplevel() on ptolemy.moml.MoMLSimpleApplication@42327db0
----------------- Done invoking toplevel() on ptolemy.moml.MoMLSimpleApplication@42327db0
reloadAllAccessors: .MathFunction2

===========================================================================================
----------------- testing Wed Mar 04 07:12:35 UTC 2020 /home/travis/build/icyphy/ptII/ptolemy/actor/lib/test/auto/MathFunction3.xml
----------------- Instantiating /home/travis/build/icyphy/ptII/ptolemy/actor/lib/test/auto/MathFunction3.xml
2 ms. Memory: 528384K Free: 300418K (57%)
----------------- Invoking toplevel() on ptolemy.moml.MoMLSimpleApplication@602a8fcb
----------------- Done invoking toplevel() on ptolemy.moml.MoMLSimpleApplication@602a8fcb
reloadAllAccessors: .MathFunction3

===========================================================================================
----------------- testing Wed Mar 04 07:12:35 UTC 2020 /home/travis/build/icyphy/ptII/ptolemy/actor/lib/test/auto/MatrixCropBoolean.xml
----------------- Instantiating /home/travis/build/icyphy/ptII/ptolemy/actor/lib/test/auto/MatrixCropBoolean.xml
2 ms. Memory: 528384K Free: 295268K (56%)
----------------- Invoking toplevel() on ptolemy.moml.MoMLSimpleApplication@6c6c82ea
----------------- Done invoking toplevel() on ptolemy.moml.MoMLSimpleApplication@6c6c82ea
reloadAllAccessors: .MatrixCropBoolean

===========================================================================================
----------------- testing Wed Mar 04 07:12:35 UTC 2020 /home/travis/build/icyphy/ptII/ptolemy/actor/lib/test/auto/MatrixCropComplex.xml
----------------- Instantiating /home/travis/build/icyphy/ptII/ptolemy/actor/lib/test/auto/MatrixCropComplex.xml
2 ms. Memory: 528384K Free: 290172K (55%)
----------------- Invoking toplevel() on ptolemy.moml.MoMLSimpleApplication@93fd065
----------------- Done invoking toplevel() on ptolemy.moml.MoMLSimpleApplication@93fd065
reloadAllAccessors: .MatrixCropComplex

===========================================================================================
----------------- testing Wed Mar 04 07:12:35 UTC 2020 /home/travis/build/icyphy/ptII/ptolemy/actor/lib/test/auto/MatrixCropDouble.xml
----------------- Instantiating /home/travis/build/icyphy/ptII/ptolemy/actor/lib/test/auto/MatrixCropDouble.xml
2 ms. Memory: 528384K Free: 285572K (54%)
----------------- Invoking toplevel() on ptolemy.moml.MoMLSimpleApplication@471afd05
----------------- Done invoking toplevel() on ptolemy.moml.MoMLSimpleApplication@471afd05
reloadAllAccessors: .MatrixCropDouble

===========================================================================================
----------------- testing Wed Mar 04 07:12:35 UTC 2020 /home/travis/build/icyphy/ptII/ptolemy/actor/lib/test/auto/MatrixCropFix.xml
----------------- Instantiating /home/travis/build/icyphy/ptII/ptolemy/actor/lib/test/auto/MatrixCropFix.xml
2 ms. Memory: 528384K Free: 280452K (53%)
----------------- Invoking toplevel() on ptolemy.moml.MoMLSimpleApplication@729e31ce
----------------- Done invoking toplevel() on ptolemy.moml.MoMLSimpleApplication@729e31ce
reloadAllAccessors: .MatrixCropFix

===========================================================================================
----------------- testing Wed Mar 04 07:12:35 UTC 2020 /home/travis/build/icyphy/ptII/ptolemy/actor/lib/test/auto/MatrixCropInt.xml
----------------- Instantiating /home/travis/build/icyphy/ptII/ptolemy/actor/lib/test/auto/MatrixCropInt.xml
2 ms. Memory: 528384K Free: 275332K (52%)
----------------- Invoking toplevel() on ptolemy.moml.MoMLSimpleApplication@33569fe7
----------------- Done invoking toplevel() on ptolemy.moml.MoMLSimpleApplication@33569fe7
reloadAllAccessors: .MatrixCropInt

===========================================================================================
----------------- testing Wed Mar 04 07:12:35 UTC 2020 /home/travis/build/icyphy/ptII/ptolemy/actor/lib/test/auto/MatrixCropLong.xml
----------------- Instantiating /home/travis/build/icyphy/ptII/ptolemy/actor/lib/test/auto/MatrixCropLong.xml
2 ms. Memory: 528384K Free: 270212K (51%)
----------------- Invoking toplevel() on ptolemy.moml.MoMLSimpleApplication@3cb94b49
----------------- Done invoking toplevel() on ptolemy.moml.MoMLSimpleApplication@3cb94b49
reloadAllAccessors: .MatrixCropLong

===========================================================================================
----------------- testing Wed Mar 04 07:12:35 UTC 2020 /home/travis/build/icyphy/ptII/ptolemy/actor/lib/test/auto/MatrixToArray.xml
----------------- Instantiating /home/travis/build/icyphy/ptII/ptolemy/actor/lib/test/auto/MatrixToArray.xml
11 ms. Memory: 528384K Free: 255876K (48%)
----------------- Invoking toplevel() on ptolemy.moml.MoMLSimpleApplication@255a5941
----------------- Done invoking toplevel() on ptolemy.moml.MoMLSimpleApplication@255a5941
reloadAllAccessors: .MatrixToArray

===========================================================================================
----------------- testing Wed Mar 04 07:12:35 UTC 2020 /home/travis/build/icyphy/ptII/ptolemy/actor/lib/test/auto/MaxIndex.xml
----------------- Instantiating /home/travis/build/icyphy/ptII/ptolemy/actor/lib/test/auto/MaxIndex.xml
2 ms. Memory: 528384K Free: 250756K (47%)
----------------- Invoking toplevel() on ptolemy.moml.MoMLSimpleApplication@1c95609b
----------------- Done invoking toplevel() on ptolemy.moml.MoMLSimpleApplication@1c95609b
reloadAllAccessors: .MaxIndex

===========================================================================================
----------------- testing Wed Mar 04 07:12:35 UTC 2020 /home/travis/build/icyphy/ptII/ptolemy/actor/lib/test/auto/Maximum.xml
----------------- Instantiating /home/travis/build/icyphy/ptII/ptolemy/actor/lib/test/auto/Maximum.xml
6 ms. Memory: 528384K Free: 244068K (46%)
----------------- Invoking toplevel() on ptolemy.moml.MoMLSimpleApplication@7068fd59
----------------- Done invoking toplevel() on ptolemy.moml.MoMLSimpleApplication@7068fd59
reloadAllAccessors: .Maximum

===========================================================================================
----------------- testing Wed Mar 04 07:12:35 UTC 2020 /home/travis/build/icyphy/ptII/ptolemy/actor/lib/test/auto/MaximumComplex.xml
----------------- Instantiating /home/travis/build/icyphy/ptII/ptolemy/actor/lib/test/auto/MaximumComplex.xml
4 ms. Memory: 528384K Free: 237954K (45%)
----------------- Invoking toplevel() on ptolemy.moml.MoMLSimpleApplication@6cf7e7f1
----------------- Done invoking toplevel() on ptolemy.moml.MoMLSimpleApplication@6cf7e7f1
reloadAllAccessors: .MaximumComplex

===========================================================================================
----------------- testing Wed Mar 04 07:12:35 UTC 2020 /home/travis/build/icyphy/ptII/ptolemy/actor/lib/test/auto/MethodCallTest.xml
----------------- Instantiating /home/travis/build/icyphy/ptII/ptolemy/actor/lib/test/auto/MethodCallTest.xml
3 ms. Memory: 528384K Free: 231810K (44%)
----------------- Invoking toplevel() on ptolemy.moml.MoMLSimpleApplication@4ba0e4f5
----------------- Done invoking toplevel() on ptolemy.moml.MoMLSimpleApplication@4ba0e4f5
reloadAllAccessors: .MethodCallTest

===========================================================================================
----------------- testing Wed Mar 04 07:12:35 UTC 2020 /home/travis/build/icyphy/ptII/ptolemy/actor/lib/test/auto/Minimum.xml
----------------- Instantiating /home/travis/build/icyphy/ptII/ptolemy/actor/lib/test/auto/Minimum.xml
3 ms. Memory: 528384K Free: 225156K (43%)
----------------- Invoking toplevel() on ptolemy.moml.MoMLSimpleApplication@3a5de929
----------------- Done invoking toplevel() on ptolemy.moml.MoMLSimpleApplication@3a5de929
reloadAllAccessors: .Minimum

===========================================================================================
----------------- testing Wed Mar 04 07:12:35 UTC 2020 /home/travis/build/icyphy/ptII/ptolemy/actor/lib/test/auto/MinimumComplex.xml
----------------- Instantiating /home/travis/build/icyphy/ptII/ptolemy/actor/lib/test/auto/MinimumComplex.xml
3 ms. Memory: 528384K Free: 219012K (41%)
----------------- Invoking toplevel() on ptolemy.moml.MoMLSimpleApplication@6f3de737
----------------- Done invoking toplevel() on ptolemy.moml.MoMLSimpleApplication@6f3de737
reloadAllAccessors: .MinimumComplex

===========================================================================================
----------------- testing Wed Mar 04 07:12:35 UTC 2020 /home/travis/build/icyphy/ptII/ptolemy/actor/lib/test/auto/MinimumMultiports.xml
----------------- Instantiating /home/travis/build/icyphy/ptII/ptolemy/actor/lib/test/auto/MinimumMultiports.xml
3 ms. Memory: 528384K Free: 210292K (40%)
----------------- Invoking toplevel() on ptolemy.moml.MoMLSimpleApplication@2a1256ab
----------------- Done invoking toplevel() on ptolemy.moml.MoMLSimpleApplication@2a1256ab
reloadAllAccessors: .MinimumMultiports

===========================================================================================
----------------- testing Wed Mar 04 07:12:35 UTC 2020 /home/travis/build/icyphy/ptII/ptolemy/actor/lib/test/auto/ModifyDate.xml
----------------- Instantiating /home/travis/build/icyphy/ptII/ptolemy/actor/lib/test/auto/ModifyDate.xml
7 ms. Memory: 528384K Free: 198018K (37%)
----------------- Invoking toplevel() on ptolemy.moml.MoMLSimpleApplication@24ae438e
----------------- Done invoking toplevel() on ptolemy.moml.MoMLSimpleApplication@24ae438e
reloadAllAccessors: .ModifyDate

===========================================================================================
----------------- testing Wed Mar 04 07:12:35 UTC 2020 /home/travis/build/icyphy/ptII/ptolemy/actor/lib/test/auto/ModifyDate2.xml
----------------- Instantiating /home/travis/build/icyphy/ptII/ptolemy/actor/lib/test/auto/ModifyDate2.xml
7 ms. Memory: 528384K Free: 189316K (36%)
----------------- Invoking toplevel() on ptolemy.moml.MoMLSimpleApplication@6a080dab
----------------- Done invoking toplevel() on ptolemy.moml.MoMLSimpleApplication@6a080dab
reloadAllAccessors: .ModifyDate2

===========================================================================================
----------------- testing Wed Mar 04 07:12:35 UTC 2020 /home/travis/build/icyphy/ptII/ptolemy/actor/lib/test/auto/MovingAverage.xml
----------------- Instantiating /home/travis/build/icyphy/ptII/ptolemy/actor/lib/test/auto/MovingAverage.xml
1 ms. Memory: 528384K Free: 184196K (35%)
----------------- Invoking toplevel() on ptolemy.moml.MoMLSimpleApplication@39f75bc6
----------------- Done invoking toplevel() on ptolemy.moml.MoMLSimpleApplication@39f75bc6
reloadAllAccessors: .MovingAverage

===========================================================================================
----------------- testing Wed Mar 04 07:12:35 UTC 2020 /home/travis/build/icyphy/ptII/ptolemy/actor/lib/test/auto/MovingMaximum.xml
----------------- Instantiating /home/travis/build/icyphy/ptII/ptolemy/actor/lib/test/auto/MovingMaximum.xml
1 ms. Memory: 528384K Free: 179586K (34%)
----------------- Invoking toplevel() on ptolemy.moml.MoMLSimpleApplication@674971fc
----------------- Done invoking toplevel() on ptolemy.moml.MoMLSimpleApplication@674971fc
reloadAllAccessors: .MovingMaximum

===========================================================================================
----------------- testing Wed Mar 04 07:12:35 UTC 2020 /home/travis/build/icyphy/ptII/ptolemy/actor/lib/test/auto/MultipleLinksToSameRelation.xml
----------------- Instantiating /home/travis/build/icyphy/ptII/ptolemy/actor/lib/test/auto/MultipleLinksToSameRelation.xml
2 ms. Memory: 528384K Free: 175490K (33%)
----------------- Invoking toplevel() on ptolemy.moml.MoMLSimpleApplication@38b8b470
----------------- Done invoking toplevel() on ptolemy.moml.MoMLSimpleApplication@38b8b470
reloadAllAccessors: .MultipleLinksToSameRelation

===========================================================================================
----------------- testing Wed Mar 04 07:12:35 UTC 2020 /home/travis/build/icyphy/ptII/ptolemy/actor/lib/test/auto/MultipleLinksToSameRelationDE.xml
----------------- Instantiating /home/travis/build/icyphy/ptII/ptolemy/actor/lib/test/auto/MultipleLinksToSameRelationDE.xml
9 ms. Memory: 528384K Free: 171380K (32%)
----------------- Invoking toplevel() on ptolemy.moml.MoMLSimpleApplication@58652b81
----------------- Done invoking toplevel() on ptolemy.moml.MoMLSimpleApplication@58652b81
reloadAllAccessors: .MultipleLinksToSameRelationDE

===========================================================================================
----------------- testing Wed Mar 04 07:12:35 UTC 2020 /home/travis/build/icyphy/ptII/ptolemy/actor/lib/test/auto/Multiplexor.xml
----------------- Instantiating /home/travis/build/icyphy/ptII/ptolemy/actor/lib/test/auto/Multiplexor.xml
23 ms. Memory: 528384K Free: 477763K (90%)
----------------- Invoking toplevel() on ptolemy.moml.MoMLSimpleApplication@4e120617
----------------- Done invoking toplevel() on ptolemy.moml.MoMLSimpleApplication@4e120617
reloadAllAccessors: .Multiplexor

===========================================================================================
----------------- testing Wed Mar 04 07:12:35 UTC 2020 /home/travis/build/icyphy/ptII/ptolemy/actor/lib/test/auto/Multiplexor1.xml
----------------- Instantiating /home/travis/build/icyphy/ptII/ptolemy/actor/lib/test/auto/Multiplexor1.xml
2 ms. Memory: 528384K Free: 471619K (89%)
----------------- Invoking toplevel() on ptolemy.moml.MoMLSimpleApplication@1833d592
----------------- Done invoking toplevel() on ptolemy.moml.MoMLSimpleApplication@1833d592
reloadAllAccessors: .Multiplexor1

===========================================================================================
----------------- testing Wed Mar 04 07:12:35 UTC 2020 /home/travis/build/icyphy/ptII/ptolemy/actor/lib/test/auto/Multiplexor2.xml
----------------- Instantiating /home/travis/build/icyphy/ptII/ptolemy/actor/lib/test/auto/Multiplexor2.xml
2 ms. Memory: 528384K Free: 464961K (88%)
----------------- Invoking toplevel() on ptolemy.moml.MoMLSimpleApplication@1e842933
----------------- Done invoking toplevel() on ptolemy.moml.MoMLSimpleApplication@1e842933
reloadAllAccessors: .Multiplexor2

===========================================================================================
----------------- testing Wed Mar 04 07:12:35 UTC 2020 /home/travis/build/icyphy/ptII/ptolemy/actor/lib/test/auto/Multiplexor3.xml
----------------- Instantiating /home/travis/build/icyphy/ptII/ptolemy/actor/lib/test/auto/Multiplexor3.xml
3 ms. Memory: 528384K Free: 461379K (87%)
----------------- Invoking toplevel() on ptolemy.moml.MoMLSimpleApplication@ebada99
----------------- Done invoking toplevel() on ptolemy.moml.MoMLSimpleApplication@ebada99
reloadAllAccessors: .Multiplexor3

===========================================================================================
----------------- testing Wed Mar 04 07:12:35 UTC 2020 /home/travis/build/icyphy/ptII/ptolemy/actor/lib/test/auto/MultiplexorDE.xml
----------------- Instantiating /home/travis/build/icyphy/ptII/ptolemy/actor/lib/test/auto/MultiplexorDE.xml
2 ms. Memory: 528384K Free: 453187K (86%)
----------------- Invoking toplevel() on ptolemy.moml.MoMLSimpleApplication@792bac88
----------------- Done invoking toplevel() on ptolemy.moml.MoMLSimpleApplication@792bac88
reloadAllAccessors: .MultiplexorDE

===========================================================================================
----------------- testing Wed Mar 04 07:12:35 UTC 2020 /home/travis/build/icyphy/ptII/ptolemy/actor/lib/test/auto/MultiportBroadcastTest.xml
----------------- Instantiating /home/travis/build/icyphy/ptII/ptolemy/actor/lib/test/auto/MultiportBroadcastTest.xml
84 ms. Memory: 528384K Free: 447043K (85%)
----------------- Invoking toplevel() on ptolemy.moml.MoMLSimpleApplication@3dfa125d
----------------- Done invoking toplevel() on ptolemy.moml.MoMLSimpleApplication@3dfa125d
reloadAllAccessors: .MultiportBroadcastTest

===========================================================================================
----------------- testing Wed Mar 04 07:12:35 UTC 2020 /home/travis/build/icyphy/ptII/ptolemy/actor/lib/test/auto/MultiportOutHangDuringGetWidth.xml
----------------- Instantiating /home/travis/build/icyphy/ptII/ptolemy/actor/lib/test/auto/MultiportOutHangDuringGetWidth.xml
4 ms. Memory: 528384K Free: 435251K (82%)
----------------- Invoking toplevel() on ptolemy.moml.MoMLSimpleApplication@266de31e
----------------- Done invoking toplevel() on ptolemy.moml.MoMLSimpleApplication@266de31e
reloadAllAccessors: .MultiportOutHangDuringGetWidth

===========================================================================================
----------------- testing Wed Mar 04 07:12:35 UTC 2020 /home/travis/build/icyphy/ptII/ptolemy/actor/lib/test/auto/NilToken.xml
----------------- Instantiating /home/travis/build/icyphy/ptII/ptolemy/actor/lib/test/auto/NilToken.xml
1 ms. Memory: 528384K Free: 431169K (82%)
----------------- Invoking toplevel() on ptolemy.moml.MoMLSimpleApplication@434122cc
----------------- Done invoking toplevel() on ptolemy.moml.MoMLSimpleApplication@434122cc
reloadAllAccessors: .NilToken

===========================================================================================
----------------- testing Wed Mar 04 07:12:35 UTC 2020 /home/travis/build/icyphy/ptII/ptolemy/actor/lib/test/auto/NilTokenNonStrictTest.xml
----------------- Instantiating /home/travis/build/icyphy/ptII/ptolemy/actor/lib/test/auto/NilTokenNonStrictTest.xml
2 ms. Memory: 528384K Free: 427073K (81%)
----------------- Invoking toplevel() on ptolemy.moml.MoMLSimpleApplication@193b294d
----------------- Done invoking toplevel() on ptolemy.moml.MoMLSimpleApplication@193b294d
reloadAllAccessors: .NilTokenNonStrictTest

===========================================================================================
----------------- testing Wed Mar 04 07:12:35 UTC 2020 /home/travis/build/icyphy/ptII/ptolemy/actor/lib/test/auto/NilTokenRecord.xml
----------------- Instantiating /home/travis/build/icyphy/ptII/ptolemy/actor/lib/test/auto/NilTokenRecord.xml
5 ms. Memory: 528384K Free: 420419K (80%)
----------------- Invoking toplevel() on ptolemy.moml.MoMLSimpleApplication@71e22e5b
----------------- Done invoking toplevel() on ptolemy.moml.MoMLSimpleApplication@71e22e5b
reloadAllAccessors: .NilTokenRecord

===========================================================================================
----------------- testing Wed Mar 04 07:12:36 UTC 2020 /home/travis/build/icyphy/ptII/ptolemy/actor/lib/test/auto/NilTokenTypeTest.xml
----------------- Instantiating /home/travis/build/icyphy/ptII/ptolemy/actor/lib/test/auto/NilTokenTypeTest.xml
10 ms. Memory: 528384K Free: 410689K (78%)
----------------- Invoking toplevel() on ptolemy.moml.MoMLSimpleApplication@4382ede7
----------------- Done invoking toplevel() on ptolemy.moml.MoMLSimpleApplication@4382ede7
reloadAllAccessors: .NilTokenTypeTest

===========================================================================================
----------------- testing Wed Mar 04 07:12:36 UTC 2020 /home/travis/build/icyphy/ptII/ptolemy/actor/lib/test/auto/ObjectToken1.xml
----------------- Instantiating /home/travis/build/icyphy/ptII/ptolemy/actor/lib/test/auto/ObjectToken1.xml
3 ms. Memory: 528384K Free: 406593K (77%)
----------------- Invoking toplevel() on ptolemy.moml.MoMLSimpleApplication@4242879f
----------------- Done invoking toplevel() on ptolemy.moml.MoMLSimpleApplication@4242879f
reloadAllAccessors: .ObjectToken1

===========================================================================================
----------------- testing Wed Mar 04 07:12:36 UTC 2020 /home/travis/build/icyphy/ptII/ptolemy/actor/lib/test/auto/OrderedMerge.xml
----------------- Instantiating /home/travis/build/icyphy/ptII/ptolemy/actor/lib/test/auto/OrderedMerge.xml
6 ms. Memory: 528384K Free: 400963K (76%)
----------------- Invoking toplevel() on ptolemy.moml.MoMLSimpleApplication@75b2d1df
----------------- Done invoking toplevel() on ptolemy.moml.MoMLSimpleApplication@75b2d1df
reloadAllAccessors: .OrderedMerge

===========================================================================================
----------------- testing Wed Mar 04 07:12:36 UTC 2020 /home/travis/build/icyphy/ptII/ptolemy/actor/lib/test/auto/OrderedRecordDisassembler.xml
----------------- Instantiating /home/travis/build/icyphy/ptII/ptolemy/actor/lib/test/auto/OrderedRecordDisassembler.xml
3 ms. Memory: 528384K Free: 395843K (75%)
----------------- Invoking toplevel() on ptolemy.moml.MoMLSimpleApplication@3edce2f
----------------- Done invoking toplevel() on ptolemy.moml.MoMLSimpleApplication@3edce2f
reloadAllAccessors: .OrderedRecordDisassembler

===========================================================================================
----------------- testing Wed Mar 04 07:12:36 UTC 2020 /home/travis/build/icyphy/ptII/ptolemy/actor/lib/test/auto/OrderedRecordDisassembler2.xml
----------------- Instantiating /home/travis/build/icyphy/ptII/ptolemy/actor/lib/test/auto/OrderedRecordDisassembler2.xml
5 ms. Memory: 528384K Free: 388675K (74%)
----------------- Invoking toplevel() on ptolemy.moml.MoMLSimpleApplication@209e6651
----------------- Done invoking toplevel() on ptolemy.moml.MoMLSimpleApplication@209e6651
reloadAllAccessors: .OrderedRecordDisassembler2

===========================================================================================
----------------- testing Wed Mar 04 07:12:36 UTC 2020 /home/travis/build/icyphy/ptII/ptolemy/actor/lib/test/auto/OrderedRecordUpdater.xml
----------------- Instantiating /home/travis/build/icyphy/ptII/ptolemy/actor/lib/test/auto/OrderedRecordUpdater.xml
2 ms. Memory: 528384K Free: 384065K (73%)
----------------- Invoking toplevel() on ptolemy.moml.MoMLSimpleApplication@44ac3c0f
----------------- Done invoking toplevel() on ptolemy.moml.MoMLSimpleApplication@44ac3c0f
reloadAllAccessors: .RecordUpdater

===========================================================================================
----------------- testing Wed Mar 04 07:12:36 UTC 2020 /home/travis/build/icyphy/ptII/ptolemy/actor/lib/test/auto/OrderedRecordUpdater2.xml
----------------- Instantiating /home/travis/build/icyphy/ptII/ptolemy/actor/lib/test/auto/OrderedRecordUpdater2.xml
3 ms. Memory: 528384K Free: 378945K (72%)
----------------- Invoking toplevel() on ptolemy.moml.MoMLSimpleApplication@72c4e615
----------------- Done invoking toplevel() on ptolemy.moml.MoMLSimpleApplication@72c4e615
reloadAllAccessors: .RecordUpdater2

===========================================================================================
----------------- testing Wed Mar 04 07:12:36 UTC 2020 /home/travis/build/icyphy/ptII/ptolemy/actor/lib/test/auto/PhaseUnwrap.xml
----------------- Instantiating /home/travis/build/icyphy/ptII/ptolemy/actor/lib/test/auto/PhaseUnwrap.xml
1 ms. Memory: 528384K Free: 374339K (71%)
----------------- Invoking toplevel() on ptolemy.moml.MoMLSimpleApplication@4332bec3
----------------- Done invoking toplevel() on ptolemy.moml.MoMLSimpleApplication@4332bec3
reloadAllAccessors: .PhaseUnwrap

===========================================================================================
----------------- testing Wed Mar 04 07:12:36 UTC 2020 /home/travis/build/icyphy/ptII/ptolemy/actor/lib/test/auto/PoissonClock.xml
----------------- Instantiating /home/travis/build/icyphy/ptII/ptolemy/actor/lib/test/auto/PoissonClock.xml
2 ms. Memory: 528384K Free: 370243K (70%)
----------------- Invoking toplevel() on ptolemy.moml.MoMLSimpleApplication@6891077e
----------------- Done invoking toplevel() on ptolemy.moml.MoMLSimpleApplication@6891077e
reloadAllAccessors: .PoissonClock

===========================================================================================
----------------- testing Wed Mar 04 07:12:36 UTC 2020 /home/travis/build/icyphy/ptII/ptolemy/actor/lib/test/auto/PoissonClock2.xml
----------------- Instantiating /home/travis/build/icyphy/ptII/ptolemy/actor/lib/test/auto/PoissonClock2.xml
1 ms. Memory: 528384K Free: 366147K (69%)
----------------- Invoking toplevel() on ptolemy.moml.MoMLSimpleApplication@5cc0c480
----------------- Done invoking toplevel() on ptolemy.moml.MoMLSimpleApplication@5cc0c480
reloadAllAccessors: .PoissonClock2

===========================================================================================
----------------- testing Wed Mar 04 07:12:36 UTC 2020 /home/travis/build/icyphy/ptII/ptolemy/actor/lib/test/auto/PoissonClock3.xml
----------------- Instantiating /home/travis/build/icyphy/ptII/ptolemy/actor/lib/test/auto/PoissonClock3.xml
2 ms. Memory: 528384K Free: 361537K (68%)
----------------- Invoking toplevel() on ptolemy.moml.MoMLSimpleApplication@119db0a2
----------------- Done invoking toplevel() on ptolemy.moml.MoMLSimpleApplication@119db0a2
reloadAllAccessors: .PoissonClock3

===========================================================================================
----------------- testing Wed Mar 04 07:12:36 UTC 2020 /home/travis/build/icyphy/ptII/ptolemy/actor/lib/test/auto/PubSubWithInitialTokens.xml
----------------- Instantiating /home/travis/build/icyphy/ptII/ptolemy/actor/lib/test/auto/PubSubWithInitialTokens.xml
1 ms. Memory: 528384K Free: 355907K (67%)
----------------- Invoking toplevel() on ptolemy.moml.MoMLSimpleApplication@7b7c657
----------------- Done invoking toplevel() on ptolemy.moml.MoMLSimpleApplication@7b7c657
reloadAllAccessors: .PubSubWithInitialTokens

===========================================================================================
----------------- testing Wed Mar 04 07:12:36 UTC 2020 /home/travis/build/icyphy/ptII/ptolemy/actor/lib/test/auto/PubSubWithInitialTokens2.xml
----------------- Instantiating /home/travis/build/icyphy/ptII/ptolemy/actor/lib/test/auto/PubSubWithInitialTokens2.xml
3 ms. Memory: 528384K Free: 349763K (66%)
----------------- Invoking toplevel() on ptolemy.moml.MoMLSimpleApplication@33a11a01
----------------- Done invoking toplevel() on ptolemy.moml.MoMLSimpleApplication@33a11a01
reloadAllAccessors: .PubSubWithInitialTokens2

===========================================================================================
----------------- testing Wed Mar 04 07:12:36 UTC 2020 /home/travis/build/icyphy/ptII/ptolemy/actor/lib/test/auto/PublisherClassNoParameter.xml
----------------- Instantiating /home/travis/build/icyphy/ptII/ptolemy/actor/lib/test/auto/PublisherClassNoParameter.xml
2 ms. Memory: 528384K Free: 339523K (64%)
----------------- Invoking toplevel() on ptolemy.moml.MoMLSimpleApplication@795c447
----------------- Done invoking toplevel() on ptolemy.moml.MoMLSimpleApplication@795c447
reloadAllAccessors: .PublisherClassNoParameter

===========================================================================================
----------------- testing Wed Mar 04 07:12:36 UTC 2020 /home/travis/build/icyphy/ptII/ptolemy/actor/lib/test/auto/PublisherClassParameter.xml
----------------- Instantiating /home/travis/build/icyphy/ptII/ptolemy/actor/lib/test/auto/PublisherClassParameter.xml
3 ms. Memory: 528384K Free: 329283K (62%)
----------------- Invoking toplevel() on ptolemy.moml.MoMLSimpleApplication@163f5a79
----------------- Done invoking toplevel() on ptolemy.moml.MoMLSimpleApplication@163f5a79
reloadAllAccessors: .PublisherClassParameter

===========================================================================================
----------------- testing Wed Mar 04 07:12:36 UTC 2020 /home/travis/build/icyphy/ptII/ptolemy/actor/lib/test/auto/PublisherNonStrictTest.xml
----------------- Instantiating /home/travis/build/icyphy/ptII/ptolemy/actor/lib/test/auto/PublisherNonStrictTest.xml
2 ms. Memory: 528384K Free: 321595K (61%)
----------------- Invoking toplevel() on ptolemy.moml.MoMLSimpleApplication@3925e125
----------------- Done invoking toplevel() on ptolemy.moml.MoMLSimpleApplication@3925e125
reloadAllAccessors: .PublisherNonStrictTest

===========================================================================================
----------------- testing Wed Mar 04 07:12:36 UTC 2020 /home/travis/build/icyphy/ptII/ptolemy/actor/lib/test/auto/PublisherPort1.xml
----------------- Instantiating /home/travis/build/icyphy/ptII/ptolemy/actor/lib/test/auto/PublisherPort1.xml
10 ms. Memory: 528384K Free: 316451K (60%)
----------------- Invoking toplevel() on ptolemy.moml.MoMLSimpleApplication@341e9fcc
----------------- Done invoking toplevel() on ptolemy.moml.MoMLSimpleApplication@341e9fcc
reloadAllAccessors: .PublisherPort1

===========================================================================================
----------------- testing Wed Mar 04 07:12:36 UTC 2020 /home/travis/build/icyphy/ptII/ptolemy/actor/lib/test/auto/PublisherPort2.xml
----------------- Instantiating /home/travis/build/icyphy/ptII/ptolemy/actor/lib/test/auto/PublisherPort2.xml
1 ms. Memory: 528384K Free: 311361K (59%)
----------------- Invoking toplevel() on ptolemy.moml.MoMLSimpleApplication@123cbf27
----------------- Done invoking toplevel() on ptolemy.moml.MoMLSimpleApplication@123cbf27
reloadAllAccessors: .PublisherPort2

===========================================================================================
----------------- testing Wed Mar 04 07:12:36 UTC 2020 /home/travis/build/icyphy/ptII/ptolemy/actor/lib/test/auto/PublisherPort3.xml
----------------- Instantiating /home/travis/build/icyphy/ptII/ptolemy/actor/lib/test/auto/PublisherPort3.xml
3 ms. Memory: 528384K Free: 304707K (58%)
----------------- Invoking toplevel() on ptolemy.moml.MoMLSimpleApplication@2ad6c18b
----------------- Done invoking toplevel() on ptolemy.moml.MoMLSimpleApplication@2ad6c18b
reloadAllAccessors: .PublisherPort3

===========================================================================================
----------------- testing Wed Mar 04 07:12:36 UTC 2020 /home/travis/build/icyphy/ptII/ptolemy/actor/lib/test/auto/PublisherPort4.xml
----------------- Instantiating /home/travis/build/icyphy/ptII/ptolemy/actor/lib/test/auto/PublisherPort4.xml
2 ms. Memory: 528384K Free: 299059K (57%)
----------------- Invoking toplevel() on ptolemy.moml.MoMLSimpleApplication@128a7a2a
----------------- Done invoking toplevel() on ptolemy.moml.MoMLSimpleApplication@128a7a2a
reloadAllAccessors: .PublisherPort4

===========================================================================================
----------------- testing Wed Mar 04 07:12:36 UTC 2020 /home/travis/build/icyphy/ptII/ptolemy/actor/lib/test/auto/PublisherPort5.xml
----------------- Instantiating /home/travis/build/icyphy/ptII/ptolemy/actor/lib/test/auto/PublisherPort5.xml
3 ms. Memory: 528384K Free: 291395K (55%)
----------------- Invoking toplevel() on ptolemy.moml.MoMLSimpleApplication@6835006d
----------------- Done invoking toplevel() on ptolemy.moml.MoMLSimpleApplication@6835006d
reloadAllAccessors: .PublisherPort5

===========================================================================================
----------------- testing Wed Mar 04 07:12:36 UTC 2020 /home/travis/build/icyphy/ptII/ptolemy/actor/lib/test/auto/PublisherPort5LookAlike.xml
----------------- Instantiating /home/travis/build/icyphy/ptII/ptolemy/actor/lib/test/auto/PublisherPort5LookAlike.xml
7 ms. Memory: 528384K Free: 283707K (54%)
----------------- Invoking toplevel() on ptolemy.moml.MoMLSimpleApplication@48133b2f
----------------- Done invoking toplevel() on ptolemy.moml.MoMLSimpleApplication@48133b2f
reloadAllAccessors: .PublisherPort5LookAlike

===========================================================================================
----------------- testing Wed Mar 04 07:12:36 UTC 2020 /home/travis/build/icyphy/ptII/ptolemy/actor/lib/test/auto/PublisherPort6.xml
----------------- Instantiating /home/travis/build/icyphy/ptII/ptolemy/actor/lib/test/auto/PublisherPort6.xml
2 ms. Memory: 528384K Free: 277059K (52%)
----------------- Invoking toplevel() on ptolemy.moml.MoMLSimpleApplication@77b52bc0
----------------- Done invoking toplevel() on ptolemy.moml.MoMLSimpleApplication@77b52bc0
reloadAllAccessors: .PublisherPort6

===========================================================================================
----------------- testing Wed Mar 04 07:12:36 UTC 2020 /home/travis/build/icyphy/ptII/ptolemy/actor/lib/test/auto/PublisherPort7.xml
----------------- Instantiating /home/travis/build/icyphy/ptII/ptolemy/actor/lib/test/auto/PublisherPort7.xml
3 ms. Memory: 528384K Free: 269377K (51%)
----------------- Invoking toplevel() on ptolemy.moml.MoMLSimpleApplication@62b15d5e
----------------- Done invoking toplevel() on ptolemy.moml.MoMLSimpleApplication@62b15d5e
reloadAllAccessors: .PublisherPort7

===========================================================================================
----------------- testing Wed Mar 04 07:12:36 UTC 2020 /home/travis/build/icyphy/ptII/ptolemy/actor/lib/test/auto/PublisherPort8.xml
----------------- Instantiating /home/travis/build/icyphy/ptII/ptolemy/actor/lib/test/auto/PublisherPort8.xml
3 ms. Memory: 528384K Free: 261185K (49%)
----------------- Invoking toplevel() on ptolemy.moml.MoMLSimpleApplication@2c7eaf3d
----------------- Done invoking toplevel() on ptolemy.moml.MoMLSimpleApplication@2c7eaf3d
reloadAllAccessors: .PublisherPort8

===========================================================================================
----------------- testing Wed Mar 04 07:12:36 UTC 2020 /home/travis/build/icyphy/ptII/ptolemy/actor/lib/test/auto/PublisherPortSubscriberChannelVariablesAOC2.xml
----------------- Instantiating /home/travis/build/icyphy/ptII/ptolemy/actor/lib/test/auto/PublisherPortSubscriberChannelVariablesAOC2.xml
2 ms. Memory: 528384K Free: 243777K (46%)
----------------- Invoking toplevel() on ptolemy.moml.MoMLSimpleApplication@1d9dba6f
----------------- Done invoking toplevel() on ptolemy.moml.MoMLSimpleApplication@1d9dba6f
reloadAllAccessors: .PublisherPortSubscriberChannelVariablesAOC2

===========================================================================================
----------------- testing Wed Mar 04 07:12:36 UTC 2020 /home/travis/build/icyphy/ptII/ptolemy/actor/lib/test/auto/PublisherPortSubscriberOpaqueWidthInference.xml
----------------- Instantiating /home/travis/build/icyphy/ptII/ptolemy/actor/lib/test/auto/PublisherPortSubscriberOpaqueWidthInference.xml
3 ms. Memory: 528384K Free: 235571K (45%)
----------------- Invoking toplevel() on ptolemy.moml.MoMLSimpleApplication@160899f6
----------------- Done invoking toplevel() on ptolemy.moml.MoMLSimpleApplication@160899f6
reloadAllAccessors: .PublisherPortSubscriberOpaqueWidthInference

===========================================================================================
----------------- testing Wed Mar 04 07:12:36 UTC 2020 /home/travis/build/icyphy/ptII/ptolemy/actor/lib/test/auto/PublisherPortSubscriberPortAdjacent.xml
----------------- Instantiating /home/travis/build/icyphy/ptII/ptolemy/actor/lib/test/auto/PublisherPortSubscriberPortAdjacent.xml
2 ms. Memory: 528384K Free: 227393K (43%)
----------------- Invoking toplevel() on ptolemy.moml.MoMLSimpleApplication@29d0bac6
----------------- Done invoking toplevel() on ptolemy.moml.MoMLSimpleApplication@29d0bac6
reloadAllAccessors: .PublisherPortSubscriberPortAdjacent

===========================================================================================
----------------- testing Wed Mar 04 07:12:36 UTC 2020 /home/travis/build/icyphy/ptII/ptolemy/actor/lib/test/auto/PublisherPortSubscriberPortExpression.xml
----------------- Instantiating /home/travis/build/icyphy/ptII/ptolemy/actor/lib/test/auto/PublisherPortSubscriberPortExpression.xml
3 ms. Memory: 528384K Free: 219715K (42%)
----------------- Invoking toplevel() on ptolemy.moml.MoMLSimpleApplication@1b332183
----------------- Done invoking toplevel() on ptolemy.moml.MoMLSimpleApplication@1b332183
reloadAllAccessors: .PublisherPortSubscriberPortExpression

===========================================================================================
----------------- testing Wed Mar 04 07:12:36 UTC 2020 /home/travis/build/icyphy/ptII/ptolemy/actor/lib/test/auto/PublisherPortSubscriberPortOpaqueD3Reverse.xml
----------------- Instantiating /home/travis/build/icyphy/ptII/ptolemy/actor/lib/test/auto/PublisherPortSubscriberPortOpaqueD3Reverse.xml
5 ms. Memory: 528384K Free: 209475K (40%)
----------------- Invoking toplevel() on ptolemy.moml.MoMLSimpleApplication@5be10af1
----------------- Done invoking toplevel() on ptolemy.moml.MoMLSimpleApplication@5be10af1
reloadAllAccessors: .PublisherPortSubscriberPortOpaqueD3Reverse

===========================================================================================
----------------- testing Wed Mar 04 07:12:36 UTC 2020 /home/travis/build/icyphy/ptII/ptolemy/actor/lib/test/auto/PublisherPortSubscriberPortOpaqueWidthInference.xml
----------------- Instantiating /home/travis/build/icyphy/ptII/ptolemy/actor/lib/test/auto/PublisherPortSubscriberPortOpaqueWidthInference.xml
3 ms. Memory: 528384K Free: 201779K (38%)
----------------- Invoking toplevel() on ptolemy.moml.MoMLSimpleApplication@749186b5
----------------- Done invoking toplevel() on ptolemy.moml.MoMLSimpleApplication@749186b5
reloadAllAccessors: .PublisherPortSubscriberPortOpaqueWidthInference

===========================================================================================
----------------- testing Wed Mar 04 07:12:36 UTC 2020 /home/travis/build/icyphy/ptII/ptolemy/actor/lib/test/auto/PublisherPortToplevelSubscriberPortAOC.xml
----------------- Instantiating /home/travis/build/icyphy/ptII/ptolemy/actor/lib/test/auto/PublisherPortToplevelSubscriberPortAOC.xml
.PublisherPortToplevelSubscriberPortAOC.TestExceptionAttribute: initialize() was not invoked, but wrapup() was.  This is unusual, but not always a problem.  For example, exporting JNLP will do this.
1 ms. Memory: 528384K Free: 196163K (37%)
----------------- Invoking toplevel() on ptolemy.moml.MoMLSimpleApplication@7e626203
----------------- Done invoking toplevel() on ptolemy.moml.MoMLSimpleApplication@7e626203
reloadAllAccessors: .PublisherPortToplevelSubscriberPortAOC

===========================================================================================
----------------- testing Wed Mar 04 07:12:36 UTC 2020 /home/travis/build/icyphy/ptII/ptolemy/actor/lib/test/auto/PublisherSubscriber.xml
----------------- Instantiating /home/travis/build/icyphy/ptII/ptolemy/actor/lib/test/auto/PublisherSubscriber.xml
3 ms. Memory: 528384K Free: 188451K (36%)
----------------- Invoking toplevel() on ptolemy.moml.MoMLSimpleApplication@60d4332
----------------- Done invoking toplevel() on ptolemy.moml.MoMLSimpleApplication@60d4332
reloadAllAccessors: .PublisherSubscriber

===========================================================================================
----------------- testing Wed Mar 04 07:12:36 UTC 2020 /home/travis/build/icyphy/ptII/ptolemy/actor/lib/test/auto/PublisherSubscriber10.xml
----------------- Instantiating /home/travis/build/icyphy/ptII/ptolemy/actor/lib/test/auto/PublisherSubscriber10.xml
8 ms. Memory: 528384K Free: 178755K (34%)
----------------- Invoking toplevel() on ptolemy.moml.MoMLSimpleApplication@57151ee9
----------------- Done invoking toplevel() on ptolemy.moml.MoMLSimpleApplication@57151ee9
reloadAllAccessors: .PublisherSubscriber10

===========================================================================================
----------------- testing Wed Mar 04 07:12:36 UTC 2020 /home/travis/build/icyphy/ptII/ptolemy/actor/lib/test/auto/PublisherSubscriber10InitialOutputs.xml
----------------- Instantiating /home/travis/build/icyphy/ptII/ptolemy/actor/lib/test/auto/PublisherSubscriber10InitialOutputs.xml
13 ms. Memory: 528384K Free: 169539K (32%)
----------------- Invoking toplevel() on ptolemy.moml.MoMLSimpleApplication@7536256d
----------------- Done invoking toplevel() on ptolemy.moml.MoMLSimpleApplication@7536256d
reloadAllAccessors: .PublisherSubscriber10InitialOutputs

===========================================================================================
----------------- testing Wed Mar 04 07:12:36 UTC 2020 /home/travis/build/icyphy/ptII/ptolemy/actor/lib/test/auto/PublisherSubscriber11.xml
----------------- Instantiating /home/travis/build/icyphy/ptII/ptolemy/actor/lib/test/auto/PublisherSubscriber11.xml
6 ms. Memory: 528384K Free: 476162K (90%)
----------------- Invoking toplevel() on ptolemy.moml.MoMLSimpleApplication@2de32f47
----------------- Done invoking toplevel() on ptolemy.moml.MoMLSimpleApplication@2de32f47
reloadAllAccessors: .PublisherSubscriber11

===========================================================================================
----------------- testing Wed Mar 04 07:12:36 UTC 2020 /home/travis/build/icyphy/ptII/ptolemy/actor/lib/test/auto/PublisherSubscriber12.xml
----------------- Instantiating /home/travis/build/icyphy/ptII/ptolemy/actor/lib/test/auto/PublisherSubscriber12.xml
3 ms. Memory: 528384K Free: 469510K (89%)
----------------- Invoking toplevel() on ptolemy.moml.MoMLSimpleApplication@709c5418
----------------- Done invoking toplevel() on ptolemy.moml.MoMLSimpleApplication@709c5418
reloadAllAccessors: .PublisherSubscriber12

===========================================================================================
----------------- testing Wed Mar 04 07:12:36 UTC 2020 /home/travis/build/icyphy/ptII/ptolemy/actor/lib/test/auto/PublisherSubscriber13.xml
----------------- Instantiating /home/travis/build/icyphy/ptII/ptolemy/actor/lib/test/auto/PublisherSubscriber13.xml
4 ms. Memory: 528384K Free: 463862K (88%)
----------------- Invoking toplevel() on ptolemy.moml.MoMLSimpleApplication@62406321
----------------- Done invoking toplevel() on ptolemy.moml.MoMLSimpleApplication@62406321
reloadAllAccessors: .PublisherSubscriber13

===========================================================================================
----------------- testing Wed Mar 04 07:12:36 UTC 2020 /home/travis/build/icyphy/ptII/ptolemy/actor/lib/test/auto/PublisherSubscriber14.xml
----------------- Instantiating /home/travis/build/icyphy/ptII/ptolemy/actor/lib/test/auto/PublisherSubscriber14.xml
2 ms. Memory: 528384K Free: 455174K (86%)
----------------- Invoking toplevel() on ptolemy.moml.MoMLSimpleApplication@43f97b
----------------- Done invoking toplevel() on ptolemy.moml.MoMLSimpleApplication@43f97b
reloadAllAccessors: .PublisherSubscriber14

===========================================================================================
----------------- testing Wed Mar 04 07:12:36 UTC 2020 /home/travis/build/icyphy/ptII/ptolemy/actor/lib/test/auto/PublisherSubscriber2.xml
----------------- Instantiating /home/travis/build/icyphy/ptII/ptolemy/actor/lib/test/auto/PublisherSubscriber2.xml
4 ms. Memory: 528384K Free: 449510K (85%)
----------------- Invoking toplevel() on ptolemy.moml.MoMLSimpleApplication@17904b8b
----------------- Done invoking toplevel() on ptolemy.moml.MoMLSimpleApplication@17904b8b
reloadAllAccessors: .PublisherSubscriber2

===========================================================================================
----------------- testing Wed Mar 04 07:12:36 UTC 2020 /home/travis/build/icyphy/ptII/ptolemy/actor/lib/test/auto/PublisherSubscriber3.xml
----------------- Instantiating /home/travis/build/icyphy/ptII/ptolemy/actor/lib/test/auto/PublisherSubscriber3.xml
2 ms. Memory: 528384K Free: 443910K (84%)
----------------- Invoking toplevel() on ptolemy.moml.MoMLSimpleApplication@54c08923
----------------- Done invoking toplevel() on ptolemy.moml.MoMLSimpleApplication@54c08923
reloadAllAccessors: .PublisherSubscriber3

===========================================================================================
----------------- testing Wed Mar 04 07:12:36 UTC 2020 /home/travis/build/icyphy/ptII/ptolemy/actor/lib/test/auto/PublisherSubscriber4.xml
----------------- Instantiating /home/travis/build/icyphy/ptII/ptolemy/actor/lib/test/auto/PublisherSubscriber4.xml
2 ms. Memory: 528384K Free: 438790K (83%)
----------------- Invoking toplevel() on ptolemy.moml.MoMLSimpleApplication@219d110
----------------- Done invoking toplevel() on ptolemy.moml.MoMLSimpleApplication@219d110
reloadAllAccessors: .PublisherSubscriber4

===========================================================================================
----------------- testing Wed Mar 04 07:12:36 UTC 2020 /home/travis/build/icyphy/ptII/ptolemy/actor/lib/test/auto/PublisherSubscriber5.xml
----------------- Instantiating /home/travis/build/icyphy/ptII/ptolemy/actor/lib/test/auto/PublisherSubscriber5.xml
1 ms. Memory: 528384K Free: 432132K (82%)
----------------- Invoking toplevel() on ptolemy.moml.MoMLSimpleApplication@72c74d3c
----------------- Done invoking toplevel() on ptolemy.moml.MoMLSimpleApplication@72c74d3c
reloadAllAccessors: .PublisherSubscriber5

===========================================================================================
----------------- testing Wed Mar 04 07:12:36 UTC 2020 /home/travis/build/icyphy/ptII/ptolemy/actor/lib/test/auto/PublisherSubscriber6.xml
----------------- Instantiating /home/travis/build/icyphy/ptII/ptolemy/actor/lib/test/auto/PublisherSubscriber6.xml
4 ms. Memory: 528384K Free: 425478K (81%)
----------------- Invoking toplevel() on ptolemy.moml.MoMLSimpleApplication@22dbf47d
----------------- Done invoking toplevel() on ptolemy.moml.MoMLSimpleApplication@22dbf47d
reloadAllAccessors: .PublisherSubscriber6

===========================================================================================
----------------- testing Wed Mar 04 07:12:36 UTC 2020 /home/travis/build/icyphy/ptII/ptolemy/actor/lib/test/auto/PublisherSubscriber7.xml
----------------- Instantiating /home/travis/build/icyphy/ptII/ptolemy/actor/lib/test/auto/PublisherSubscriber7.xml
6 ms. Memory: 528384K Free: 418806K (79%)
----------------- Invoking toplevel() on ptolemy.moml.MoMLSimpleApplication@3bc47e06
----------------- Done invoking toplevel() on ptolemy.moml.MoMLSimpleApplication@3bc47e06
reloadAllAccessors: .PublisherSubscriber7

===========================================================================================
----------------- testing Wed Mar 04 07:12:36 UTC 2020 /home/travis/build/icyphy/ptII/ptolemy/actor/lib/test/auto/PublisherSubscriber8.xml
----------------- Instantiating /home/travis/build/icyphy/ptII/ptolemy/actor/lib/test/auto/PublisherSubscriber8.xml
20 ms. Memory: 528384K Free: 407046K (77%)
----------------- Invoking toplevel() on ptolemy.moml.MoMLSimpleApplication@d95ded
----------------- Done invoking toplevel() on ptolemy.moml.MoMLSimpleApplication@d95ded
reloadAllAccessors: .PublisherSubscriber8

===========================================================================================
----------------- testing Wed Mar 04 07:12:36 UTC 2020 /home/travis/build/icyphy/ptII/ptolemy/actor/lib/test/auto/PublisherSubscriber9.xml
----------------- Instantiating /home/travis/build/icyphy/ptII/ptolemy/actor/lib/test/auto/PublisherSubscriber9.xml
2 ms. Memory: 528384K Free: 399878K (76%)
----------------- Invoking toplevel() on ptolemy.moml.MoMLSimpleApplication@2c5eb69b
----------------- Done invoking toplevel() on ptolemy.moml.MoMLSimpleApplication@2c5eb69b
reloadAllAccessors: .PublisherSubscriber9

===========================================================================================
----------------- testing Wed Mar 04 07:12:36 UTC 2020 /home/travis/build/icyphy/ptII/ptolemy/actor/lib/test/auto/PublisherSubscriberAdjacent.xml
----------------- Instantiating /home/travis/build/icyphy/ptII/ptolemy/actor/lib/test/auto/PublisherSubscriberAdjacent.xml
1 ms. Memory: 528384K Free: 391686K (74%)
----------------- Invoking toplevel() on ptolemy.moml.MoMLSimpleApplication@273a7587
----------------- Done invoking toplevel() on ptolemy.moml.MoMLSimpleApplication@273a7587
reloadAllAccessors: .PublisherSubscriberAdjacent

===========================================================================================
----------------- testing Wed Mar 04 07:12:37 UTC 2020 /home/travis/build/icyphy/ptII/ptolemy/actor/lib/test/auto/PublisherSubscriberChannelVariablesAOC2.xml
----------------- Instantiating /home/travis/build/icyphy/ptII/ptolemy/actor/lib/test/auto/PublisherSubscriberChannelVariablesAOC2.xml
3 ms. Memory: 528384K Free: 376326K (71%)
----------------- Invoking toplevel() on ptolemy.moml.MoMLSimpleApplication@67763d69
----------------- Done invoking toplevel() on ptolemy.moml.MoMLSimpleApplication@67763d69
reloadAllAccessors: .PublisherSubscriberChannelVariablesAOC2

===========================================================================================
----------------- testing Wed Mar 04 07:12:37 UTC 2020 /home/travis/build/icyphy/ptII/ptolemy/actor/lib/test/auto/PublisherSubscriberD3.xml
----------------- Instantiating /home/travis/build/icyphy/ptII/ptolemy/actor/lib/test/auto/PublisherSubscriberD3.xml
1 ms. Memory: 528384K Free: 369158K (70%)
----------------- Invoking toplevel() on ptolemy.moml.MoMLSimpleApplication@234dfa07
----------------- Done invoking toplevel() on ptolemy.moml.MoMLSimpleApplication@234dfa07
reloadAllAccessors: .PublisherSubscriberD3

===========================================================================================
----------------- testing Wed Mar 04 07:12:37 UTC 2020 /home/travis/build/icyphy/ptII/ptolemy/actor/lib/test/auto/PublisherSubscriberD3Reverse.xml
----------------- Instantiating /home/travis/build/icyphy/ptII/ptolemy/actor/lib/test/auto/PublisherSubscriberD3Reverse.xml
1 ms. Memory: 528384K Free: 363014K (69%)
----------------- Invoking toplevel() on ptolemy.moml.MoMLSimpleApplication@371c8a64
----------------- Done invoking toplevel() on ptolemy.moml.MoMLSimpleApplication@371c8a64
reloadAllAccessors: .PublisherSubscriberD3Reverse

===========================================================================================
----------------- testing Wed Mar 04 07:12:37 UTC 2020 /home/travis/build/icyphy/ptII/ptolemy/actor/lib/test/auto/PublisherSubscriberExpression.xml
----------------- Instantiating /home/travis/build/icyphy/ptII/ptolemy/actor/lib/test/auto/PublisherSubscriberExpression.xml
4 ms. Memory: 528384K Free: 354294K (67%)
----------------- Invoking toplevel() on ptolemy.moml.MoMLSimpleApplication@20be50a1
----------------- Done invoking toplevel() on ptolemy.moml.MoMLSimpleApplication@20be50a1
reloadAllAccessors: .PublisherSubscriberExpression

===========================================================================================
----------------- testing Wed Mar 04 07:12:37 UTC 2020 /home/travis/build/icyphy/ptII/ptolemy/actor/lib/test/auto/PublisherSubscriberOpaque.xml
----------------- Instantiating /home/travis/build/icyphy/ptII/ptolemy/actor/lib/test/auto/PublisherSubscriberOpaque.xml
4 ms. Memory: 528384K Free: 346116K (66%)
----------------- Invoking toplevel() on ptolemy.moml.MoMLSimpleApplication@c9b1ed0
----------------- Done invoking toplevel() on ptolemy.moml.MoMLSimpleApplication@c9b1ed0
reloadAllAccessors: .PublisherSubscriberOpaque

===========================================================================================
----------------- testing Wed Mar 04 07:12:37 UTC 2020 /home/travis/build/icyphy/ptII/ptolemy/actor/lib/test/auto/PublisherSubscriberOpaqueD3.xml
----------------- Instantiating /home/travis/build/icyphy/ptII/ptolemy/actor/lib/test/auto/PublisherSubscriberOpaqueD3.xml
5 ms. Memory: 528384K Free: 334852K (63%)
----------------- Invoking toplevel() on ptolemy.moml.MoMLSimpleApplication@56192ce6
----------------- Done invoking toplevel() on ptolemy.moml.MoMLSimpleApplication@56192ce6
reloadAllAccessors: .PublisherSubscriberOpaqueD3

===========================================================================================
----------------- testing Wed Mar 04 07:12:37 UTC 2020 /home/travis/build/icyphy/ptII/ptolemy/actor/lib/test/auto/PublisherSubscriberOpaqueD3Reverse.xml
----------------- Instantiating /home/travis/build/icyphy/ptII/ptolemy/actor/lib/test/auto/PublisherSubscriberOpaqueD3Reverse.xml
6 ms. Memory: 528384K Free: 324102K (61%)
----------------- Invoking toplevel() on ptolemy.moml.MoMLSimpleApplication@724d612e
----------------- Done invoking toplevel() on ptolemy.moml.MoMLSimpleApplication@724d612e
reloadAllAccessors: .PublisherSubscriberOpaqueD3Reverse

===========================================================================================
----------------- testing Wed Mar 04 07:12:37 UTC 2020 /home/travis/build/icyphy/ptII/ptolemy/actor/lib/test/auto/PublisherSubscriberOpaqueWidthInference.xml
----------------- Instantiating /home/travis/build/icyphy/ptII/ptolemy/actor/lib/test/auto/PublisherSubscriberOpaqueWidthInference.xml
4 ms. Memory: 528384K Free: 315910K (60%)
----------------- Invoking toplevel() on ptolemy.moml.MoMLSimpleApplication@5cf7f7d2
----------------- Done invoking toplevel() on ptolemy.moml.MoMLSimpleApplication@5cf7f7d2
reloadAllAccessors: .PublisherSubscriberOpaqueWidthInference

===========================================================================================
----------------- testing Wed Mar 04 07:12:37 UTC 2020 /home/travis/build/icyphy/ptII/ptolemy/actor/lib/test/auto/PublisherTestSubscriber.xml
----------------- Instantiating /home/travis/build/icyphy/ptII/ptolemy/actor/lib/test/auto/PublisherTestSubscriber.xml
3 ms. Memory: 528384K Free: 308222K (58%)
----------------- Invoking toplevel() on ptolemy.moml.MoMLSimpleApplication@6efdc7d5
----------------- Done invoking toplevel() on ptolemy.moml.MoMLSimpleApplication@6efdc7d5
reloadAllAccessors: .PublisherTestSubscriber

===========================================================================================
----------------- testing Wed Mar 04 07:12:37 UTC 2020 /home/travis/build/icyphy/ptII/ptolemy/actor/lib/test/auto/PublisherToplevelSubscriberPortAOC.xml
----------------- Instantiating /home/travis/build/icyphy/ptII/ptolemy/actor/lib/test/auto/PublisherToplevelSubscriberPortAOC.xml
2 ms. Memory: 528384K Free: 302070K (57%)
----------------- Invoking toplevel() on ptolemy.moml.MoMLSimpleApplication@4f9b2d90
----------------- Done invoking toplevel() on ptolemy.moml.MoMLSimpleApplication@4f9b2d90
reloadAllAccessors: .PublisherToplevelSubscriberPortAOC

===========================================================================================
----------------- testing Wed Mar 04 07:12:37 UTC 2020 /home/travis/build/icyphy/ptII/ptolemy/actor/lib/test/auto/PulseFiringLimitDE.xml
----------------- Instantiating /home/travis/build/icyphy/ptII/ptolemy/actor/lib/test/auto/PulseFiringLimitDE.xml
1 ms. Memory: 528384K Free: 295940K (56%)
----------------- Invoking toplevel() on ptolemy.moml.MoMLSimpleApplication@7fbc526c
----------------- Done invoking toplevel() on ptolemy.moml.MoMLSimpleApplication@7fbc526c
reloadAllAccessors: .PulseFiringLimitDE

===========================================================================================
----------------- testing Wed Mar 04 07:12:37 UTC 2020 /home/travis/build/icyphy/ptII/ptolemy/actor/lib/test/auto/Ramp1.xml
----------------- Instantiating /home/travis/build/icyphy/ptII/ptolemy/actor/lib/test/auto/Ramp1.xml
1 ms. Memory: 528384K Free: 291838K (55%)
----------------- Invoking toplevel() on ptolemy.moml.MoMLSimpleApplication@15f31221
----------------- Done invoking toplevel() on ptolemy.moml.MoMLSimpleApplication@15f31221
reloadAllAccessors: .Ramp1

===========================================================================================
----------------- testing Wed Mar 04 07:12:37 UTC 2020 /home/travis/build/icyphy/ptII/ptolemy/actor/lib/test/auto/RampFiringLimitDE.xml
----------------- Instantiating /home/travis/build/icyphy/ptII/ptolemy/actor/lib/test/auto/RampFiringLimitDE.xml
2 ms. Memory: 528384K Free: 285686K (54%)
----------------- Invoking toplevel() on ptolemy.moml.MoMLSimpleApplication@76b83387
----------------- Done invoking toplevel() on ptolemy.moml.MoMLSimpleApplication@76b83387
reloadAllAccessors: .RampFiringLimitDE

===========================================================================================
----------------- testing Wed Mar 04 07:12:37 UTC 2020 /home/travis/build/icyphy/ptII/ptolemy/actor/lib/test/auto/RampFiringLimitSDF.xml
----------------- Instantiating /home/travis/build/icyphy/ptII/ptolemy/actor/lib/test/auto/RampFiringLimitSDF.xml
2 ms. Memory: 528384K Free: 280566K (53%)
----------------- Invoking toplevel() on ptolemy.moml.MoMLSimpleApplication@29d59cd9
----------------- Done invoking toplevel() on ptolemy.moml.MoMLSimpleApplication@29d59cd9
reloadAllAccessors: .RampFiringLimitSDF

===========================================================================================
----------------- testing Wed Mar 04 07:12:37 UTC 2020 /home/travis/build/icyphy/ptII/ptolemy/actor/lib/test/auto/RandomInteger.xml
----------------- Instantiating /home/travis/build/icyphy/ptII/ptolemy/actor/lib/test/auto/RandomInteger.xml
1 ms. Memory: 528384K Free: 276484K (52%)
----------------- Invoking toplevel() on ptolemy.moml.MoMLSimpleApplication@75d71284
----------------- Done invoking toplevel() on ptolemy.moml.MoMLSimpleApplication@75d71284
reloadAllAccessors: .RandomInteger

===========================================================================================
----------------- testing Wed Mar 04 07:12:37 UTC 2020 /home/travis/build/icyphy/ptII/ptolemy/actor/lib/test/auto/ReadFile1.xml
----------------- Instantiating /home/travis/build/icyphy/ptII/ptolemy/actor/lib/test/auto/ReadFile1.xml
1 ms. Memory: 528384K Free: 271878K (51%)
----------------- Invoking toplevel() on ptolemy.moml.MoMLSimpleApplication@61eb67dd
----------------- Done invoking toplevel() on ptolemy.moml.MoMLSimpleApplication@61eb67dd
reloadAllAccessors: .ReadFile1

===========================================================================================
----------------- testing Wed Mar 04 07:12:37 UTC 2020 /home/travis/build/icyphy/ptII/ptolemy/actor/lib/test/auto/ReadFile2.xml
----------------- Instantiating /home/travis/build/icyphy/ptII/ptolemy/actor/lib/test/auto/ReadFile2.xml
1 ms. Memory: 528384K Free: 267782K (51%)
----------------- Invoking toplevel() on ptolemy.moml.MoMLSimpleApplication@536a4275
----------------- Done invoking toplevel() on ptolemy.moml.MoMLSimpleApplication@536a4275
reloadAllAccessors: .ReadFile2

===========================================================================================
----------------- testing Wed Mar 04 07:12:37 UTC 2020 /home/travis/build/icyphy/ptII/ptolemy/actor/lib/test/auto/Reader.xml
----------------- Instantiating /home/travis/build/icyphy/ptII/ptolemy/actor/lib/test/auto/Reader.xml
actor.lib.Reader is obsolete, use actor.lib.io.ExpressionReader instead
1 ms. Memory: 528384K Free: 263686K (50%)
----------------- Invoking toplevel() on ptolemy.moml.MoMLSimpleApplication@7f2f139a
----------------- Done invoking toplevel() on ptolemy.moml.MoMLSimpleApplication@7f2f139a
reloadAllAccessors: .Reader

===========================================================================================
----------------- testing Wed Mar 04 07:12:37 UTC 2020 /home/travis/build/icyphy/ptII/ptolemy/actor/lib/test/auto/RecordAssemblerDisplayNameTest.xml
----------------- Instantiating /home/travis/build/icyphy/ptII/ptolemy/actor/lib/test/auto/RecordAssemblerDisplayNameTest.xml
3859 ms. Memory: 528384K Free: 278115K (53%)
----------------- Invoking toplevel() on ptolemy.moml.MoMLSimpleApplication@c531bd6
----------------- Done invoking toplevel() on ptolemy.moml.MoMLSimpleApplication@c531bd6
reloadAllAccessors: .RecordAssemblerDisplayNameTest

===========================================================================================
----------------- testing Wed Mar 04 07:12:41 UTC 2020 /home/travis/build/icyphy/ptII/ptolemy/actor/lib/test/auto/RecordAssemblerTypeError.xml
----------------- Instantiating /home/travis/build/icyphy/ptII/ptolemy/actor/lib/test/auto/RecordAssemblerTypeError.xml
4 ms. Memory: 528384K Free: 268389K (51%)
----------------- Invoking toplevel() on ptolemy.moml.MoMLSimpleApplication@510f6d39
----------------- Done invoking toplevel() on ptolemy.moml.MoMLSimpleApplication@510f6d39
reloadAllAccessors: .RecordAssemblerTypeError

===========================================================================================
----------------- testing Wed Mar 04 07:12:41 UTC 2020 /home/travis/build/icyphy/ptII/ptolemy/actor/lib/test/auto/RecordDisassember.xml
----------------- Instantiating /home/travis/build/icyphy/ptII/ptolemy/actor/lib/test/auto/RecordDisassember.xml
4 ms. Memory: 528384K Free: 263749K (50%)
----------------- Invoking toplevel() on ptolemy.moml.MoMLSimpleApplication@42ebefbe
----------------- Done invoking toplevel() on ptolemy.moml.MoMLSimpleApplication@42ebefbe
reloadAllAccessors: .RecordDisassember

===========================================================================================
----------------- testing Wed Mar 04 07:12:41 UTC 2020 /home/travis/build/icyphy/ptII/ptolemy/actor/lib/test/auto/RecordDisassemberDisplayNameTest.xml
----------------- Instantiating /home/travis/build/icyphy/ptII/ptolemy/actor/lib/test/auto/RecordDisassemberDisplayNameTest.xml
5 ms. Memory: 528384K Free: 256101K (48%)
----------------- Invoking toplevel() on ptolemy.moml.MoMLSimpleApplication@18cf7f4a
----------------- Done invoking toplevel() on ptolemy.moml.MoMLSimpleApplication@18cf7f4a
reloadAllAccessors: .RecordDisassemberDisplayNameTest

===========================================================================================
----------------- testing Wed Mar 04 07:12:41 UTC 2020 /home/travis/build/icyphy/ptII/ptolemy/actor/lib/test/auto/RecordDisassembler.xml
----------------- Instantiating /home/travis/build/icyphy/ptII/ptolemy/actor/lib/test/auto/RecordDisassembler.xml
3 ms. Memory: 528384K Free: 250981K (47%)
----------------- Invoking toplevel() on ptolemy.moml.MoMLSimpleApplication@4f378f50
----------------- Done invoking toplevel() on ptolemy.moml.MoMLSimpleApplication@4f378f50
reloadAllAccessors: .RecordDisassembler

===========================================================================================
----------------- testing Wed Mar 04 07:12:41 UTC 2020 /home/travis/build/icyphy/ptII/ptolemy/actor/lib/test/auto/RecordDisassembler2.xml
----------------- Instantiating /home/travis/build/icyphy/ptII/ptolemy/actor/lib/test/auto/RecordDisassembler2.xml
2 ms. Memory: 528384K Free: 245861K (47%)
----------------- Invoking toplevel() on ptolemy.moml.MoMLSimpleApplication@3925a92f
----------------- Done invoking toplevel() on ptolemy.moml.MoMLSimpleApplication@3925a92f
reloadAllAccessors: .RecordDisassembler2

===========================================================================================
----------------- testing Wed Mar 04 07:12:41 UTC 2020 /home/travis/build/icyphy/ptII/ptolemy/actor/lib/test/auto/RecordUpdater.xml
----------------- Instantiating /home/travis/build/icyphy/ptII/ptolemy/actor/lib/test/auto/RecordUpdater.xml
2 ms. Memory: 528384K Free: 241251K (46%)
----------------- Invoking toplevel() on ptolemy.moml.MoMLSimpleApplication@652be00f
----------------- Done invoking toplevel() on ptolemy.moml.MoMLSimpleApplication@652be00f
reloadAllAccessors: .RecordUpdater

===========================================================================================
----------------- testing Wed Mar 04 07:12:41 UTC 2020 /home/travis/build/icyphy/ptII/ptolemy/actor/lib/test/auto/RecordUpdater2.xml
----------------- Instantiating /home/travis/build/icyphy/ptII/ptolemy/actor/lib/test/auto/RecordUpdater2.xml
1 ms. Memory: 528384K Free: 236131K (45%)
----------------- Invoking toplevel() on ptolemy.moml.MoMLSimpleApplication@6dc3390a
----------------- Done invoking toplevel() on ptolemy.moml.MoMLSimpleApplication@6dc3390a
reloadAllAccessors: .RecordUpdater2

===========================================================================================
----------------- testing Wed Mar 04 07:12:41 UTC 2020 /home/travis/build/icyphy/ptII/ptolemy/actor/lib/test/auto/RecursiveLattice.xml
----------------- Instantiating /home/travis/build/icyphy/ptII/ptolemy/actor/lib/test/auto/RecursiveLattice.xml
2 ms. Memory: 528384K Free: 232035K (44%)
----------------- Invoking toplevel() on ptolemy.moml.MoMLSimpleApplication@ee77047
----------------- Done invoking toplevel() on ptolemy.moml.MoMLSimpleApplication@ee77047
reloadAllAccessors: .RecursiveLattice

===========================================================================================
----------------- testing Wed Mar 04 07:12:41 UTC 2020 /home/travis/build/icyphy/ptII/ptolemy/actor/lib/test/auto/Router.xml
----------------- Instantiating /home/travis/build/icyphy/ptII/ptolemy/actor/lib/test/auto/Router.xml
3003 ms. Memory: 528384K Free: 221795K (42%)
----------------- Invoking toplevel() on ptolemy.moml.MoMLSimpleApplication@6f736adf
----------------- Done invoking toplevel() on ptolemy.moml.MoMLSimpleApplication@6f736adf
reloadAllAccessors: .Router

===========================================================================================
----------------- testing Wed Mar 04 07:12:44 UTC 2020 /home/travis/build/icyphy/ptII/ptolemy/actor/lib/test/auto/Router2.xml
----------------- Instantiating /home/travis/build/icyphy/ptII/ptolemy/actor/lib/test/auto/Router2.xml
3003 ms. Memory: 528384K Free: 211555K (40%)
----------------- Invoking toplevel() on ptolemy.moml.MoMLSimpleApplication@791c92cc
----------------- Done invoking toplevel() on ptolemy.moml.MoMLSimpleApplication@791c92cc
reloadAllAccessors: .Router2

===========================================================================================
----------------- testing Wed Mar 04 07:12:47 UTC 2020 /home/travis/build/icyphy/ptII/ptolemy/actor/lib/test/auto/RunningMaximum.xml
----------------- Instantiating /home/travis/build/icyphy/ptII/ptolemy/actor/lib/test/auto/RunningMaximum.xml
1 ms. Memory: 528384K Free: 206949K (39%)
----------------- Invoking toplevel() on ptolemy.moml.MoMLSimpleApplication@22e632ee
----------------- Done invoking toplevel() on ptolemy.moml.MoMLSimpleApplication@22e632ee
reloadAllAccessors: .RunningMaximum

===========================================================================================
----------------- testing Wed Mar 04 07:12:47 UTC 2020 /home/travis/build/icyphy/ptII/ptolemy/actor/lib/test/auto/RunningMinimum.xml
----------------- Instantiating /home/travis/build/icyphy/ptII/ptolemy/actor/lib/test/auto/RunningMinimum.xml
2 ms. Memory: 528384K Free: 202339K (38%)
----------------- Invoking toplevel() on ptolemy.moml.MoMLSimpleApplication@419e2203
----------------- Done invoking toplevel() on ptolemy.moml.MoMLSimpleApplication@419e2203
reloadAllAccessors: .RunningMinimum

===========================================================================================
----------------- testing Wed Mar 04 07:12:47 UTC 2020 /home/travis/build/icyphy/ptII/ptolemy/actor/lib/test/auto/Scale.xml
----------------- Instantiating /home/travis/build/icyphy/ptII/ptolemy/actor/lib/test/auto/Scale.xml
1 ms. Memory: 528384K Free: 197733K (37%)
----------------- Invoking toplevel() on ptolemy.moml.MoMLSimpleApplication@28e907e2
----------------- Done invoking toplevel() on ptolemy.moml.MoMLSimpleApplication@28e907e2
reloadAllAccessors: .Scale

===========================================================================================
----------------- testing Wed Mar 04 07:12:47 UTC 2020 /home/travis/build/icyphy/ptII/ptolemy/actor/lib/test/auto/Scale2.xml
----------------- Instantiating /home/travis/build/icyphy/ptII/ptolemy/actor/lib/test/auto/Scale2.xml
1 ms. Memory: 528384K Free: 193123K (37%)
----------------- Invoking toplevel() on ptolemy.moml.MoMLSimpleApplication@3f10df0e
----------------- Done invoking toplevel() on ptolemy.moml.MoMLSimpleApplication@3f10df0e
reloadAllAccessors: .Scale2

===========================================================================================
----------------- testing Wed Mar 04 07:12:47 UTC 2020 /home/travis/build/icyphy/ptII/ptolemy/actor/lib/test/auto/Scale3.xml
----------------- Instantiating /home/travis/build/icyphy/ptII/ptolemy/actor/lib/test/auto/Scale3.xml
3 ms. Memory: 528384K Free: 186979K (35%)
----------------- Invoking toplevel() on ptolemy.moml.MoMLSimpleApplication@7f3addd5
----------------- Done invoking toplevel() on ptolemy.moml.MoMLSimpleApplication@7f3addd5
reloadAllAccessors: .Scale3

===========================================================================================
----------------- testing Wed Mar 04 07:12:47 UTC 2020 /home/travis/build/icyphy/ptII/ptolemy/actor/lib/test/auto/ScaleArray.xml
----------------- Instantiating /home/travis/build/icyphy/ptII/ptolemy/actor/lib/test/auto/ScaleArray.xml
2 ms. Memory: 528384K Free: 182373K (35%)
----------------- Invoking toplevel() on ptolemy.moml.MoMLSimpleApplication@34220581
----------------- Done invoking toplevel() on ptolemy.moml.MoMLSimpleApplication@34220581
reloadAllAccessors: .ScaleArray

===========================================================================================
----------------- testing Wed Mar 04 07:12:47 UTC 2020 /home/travis/build/icyphy/ptII/ptolemy/actor/lib/test/auto/ScaleArray2.xml
----------------- Instantiating /home/travis/build/icyphy/ptII/ptolemy/actor/lib/test/auto/ScaleArray2.xml
1 ms. Memory: 528384K Free: 177763K (34%)
----------------- Invoking toplevel() on ptolemy.moml.MoMLSimpleApplication@27a9d039
----------------- Done invoking toplevel() on ptolemy.moml.MoMLSimpleApplication@27a9d039
reloadAllAccessors: .ScaleArray2

===========================================================================================
----------------- testing Wed Mar 04 07:12:47 UTC 2020 /home/travis/build/icyphy/ptII/ptolemy/actor/lib/test/auto/ScaleMatrix.xml
----------------- Instantiating /home/travis/build/icyphy/ptII/ptolemy/actor/lib/test/auto/ScaleMatrix.xml
142 ms. Memory: 528384K Free: 474635K (90%)
----------------- Invoking toplevel() on ptolemy.moml.MoMLSimpleApplication@5ab1dcc1
----------------- Done invoking toplevel() on ptolemy.moml.MoMLSimpleApplication@5ab1dcc1
reloadAllAccessors: .ScaleMatrix

===========================================================================================
----------------- testing Wed Mar 04 07:12:47 UTC 2020 /home/travis/build/icyphy/ptII/ptolemy/actor/lib/test/auto/Select.xml
----------------- Instantiating /home/travis/build/icyphy/ptII/ptolemy/actor/lib/test/auto/Select.xml
3 ms. Memory: 528384K Free: 467079K (88%)
----------------- Invoking toplevel() on ptolemy.moml.MoMLSimpleApplication@29752584
----------------- Done invoking toplevel() on ptolemy.moml.MoMLSimpleApplication@29752584
reloadAllAccessors: .Select

===========================================================================================
----------------- testing Wed Mar 04 07:12:47 UTC 2020 /home/travis/build/icyphy/ptII/ptolemy/actor/lib/test/auto/Select2.xml
----------------- Instantiating /home/travis/build/icyphy/ptII/ptolemy/actor/lib/test/auto/Select2.xml
1 ms. Memory: 528384K Free: 462469K (88%)
----------------- Invoking toplevel() on ptolemy.moml.MoMLSimpleApplication@12c9fe0c
----------------- Done invoking toplevel() on ptolemy.moml.MoMLSimpleApplication@12c9fe0c
reloadAllAccessors: .Select2

===========================================================================================
----------------- testing Wed Mar 04 07:12:47 UTC 2020 /home/travis/build/icyphy/ptII/ptolemy/actor/lib/test/auto/SequenceToArray2.xml
----------------- Instantiating /home/travis/build/icyphy/ptII/ptolemy/actor/lib/test/auto/SequenceToArray2.xml
93 ms. Memory: 528384K Free: 437893K (83%)
----------------- Invoking toplevel() on ptolemy.moml.MoMLSimpleApplication@39586b46
----------------- Done invoking toplevel() on ptolemy.moml.MoMLSimpleApplication@39586b46
reloadAllAccessors: .SequenceToArray2

===========================================================================================
----------------- testing Wed Mar 04 07:12:47 UTC 2020 /home/travis/build/icyphy/ptII/ptolemy/actor/lib/test/auto/SequentialClock.xml
----------------- Instantiating /home/travis/build/icyphy/ptII/ptolemy/actor/lib/test/auto/SequentialClock.xml
1 ms. Memory: 528384K Free: 433797K (82%)
----------------- Invoking toplevel() on ptolemy.moml.MoMLSimpleApplication@4da51ea1
----------------- Done invoking toplevel() on ptolemy.moml.MoMLSimpleApplication@4da51ea1
reloadAllAccessors: .SequentialClock

===========================================================================================
----------------- testing Wed Mar 04 07:12:47 UTC 2020 /home/travis/build/icyphy/ptII/ptolemy/actor/lib/test/auto/SetVariable.xml
----------------- Instantiating /home/travis/build/icyphy/ptII/ptolemy/actor/lib/test/auto/SetVariable.xml
3 ms. Memory: 528384K Free: 428677K (81%)
----------------- Invoking toplevel() on ptolemy.moml.MoMLSimpleApplication@30d39e70
----------------- Done invoking toplevel() on ptolemy.moml.MoMLSimpleApplication@30d39e70
reloadAllAccessors: .SetVariable

===========================================================================================
----------------- testing Wed Mar 04 07:12:47 UTC 2020 /home/travis/build/icyphy/ptII/ptolemy/actor/lib/test/auto/SetVariable2.xml
----------------- Instantiating /home/travis/build/icyphy/ptII/ptolemy/actor/lib/test/auto/SetVariable2.xml
2 ms. Memory: 528384K Free: 423557K (80%)
----------------- Invoking toplevel() on ptolemy.moml.MoMLSimpleApplication@3c3e75a6
----------------- Done invoking toplevel() on ptolemy.moml.MoMLSimpleApplication@3c3e75a6
reloadAllAccessors: .SetVariable2

===========================================================================================
----------------- testing Wed Mar 04 07:12:47 UTC 2020 /home/travis/build/icyphy/ptII/ptolemy/actor/lib/test/auto/SetVariable3.xml
----------------- Instantiating /home/travis/build/icyphy/ptII/ptolemy/actor/lib/test/auto/SetVariable3.xml
7 ms. Memory: 528384K Free: 418437K (79%)
----------------- Invoking toplevel() on ptolemy.moml.MoMLSimpleApplication@23d7ca01
----------------- Done invoking toplevel() on ptolemy.moml.MoMLSimpleApplication@23d7ca01
reloadAllAccessors: .SetVariable3

===========================================================================================
----------------- testing Wed Mar 04 07:12:47 UTC 2020 /home/travis/build/icyphy/ptII/ptolemy/actor/lib/test/auto/SetVariable4.xml
----------------- Instantiating /home/travis/build/icyphy/ptII/ptolemy/actor/lib/test/auto/SetVariable4.xml
16 ms. Memory: 528384K Free: 408711K (77%)
----------------- Invoking toplevel() on ptolemy.moml.MoMLSimpleApplication@7e6b1def
----------------- Done invoking toplevel() on ptolemy.moml.MoMLSimpleApplication@7e6b1def
reloadAllAccessors: .SetVariable4

===========================================================================================
----------------- testing Wed Mar 04 07:12:47 UTC 2020 /home/travis/build/icyphy/ptII/ptolemy/actor/lib/test/auto/SetVariable5.xml
----------------- Instantiating /home/travis/build/icyphy/ptII/ptolemy/actor/lib/test/auto/SetVariable5.xml
17 ms. Memory: 528384K Free: 399495K (76%)
----------------- Invoking toplevel() on ptolemy.moml.MoMLSimpleApplication@12266a29
----------------- Done invoking toplevel() on ptolemy.moml.MoMLSimpleApplication@12266a29
reloadAllAccessors: .SetVariable5

===========================================================================================
----------------- testing Wed Mar 04 07:12:47 UTC 2020 /home/travis/build/icyphy/ptII/ptolemy/actor/lib/test/auto/Sinewave.xml
----------------- Instantiating /home/travis/build/icyphy/ptII/ptolemy/actor/lib/test/auto/Sinewave.xml
4 ms. Memory: 528384K Free: 389255K (74%)
----------------- Invoking toplevel() on ptolemy.moml.MoMLSimpleApplication@c251188
----------------- Done invoking toplevel() on ptolemy.moml.MoMLSimpleApplication@c251188
reloadAllAccessors: .Sinewave

===========================================================================================
----------------- testing Wed Mar 04 07:12:47 UTC 2020 /home/travis/build/icyphy/ptII/ptolemy/actor/lib/test/auto/Sinewave2.xml
----------------- Instantiating /home/travis/build/icyphy/ptII/ptolemy/actor/lib/test/auto/Sinewave2.xml
4 ms. Memory: 528384K Free: 381063K (72%)
----------------- Invoking toplevel() on ptolemy.moml.MoMLSimpleApplication@4175d976
----------------- Done invoking toplevel() on ptolemy.moml.MoMLSimpleApplication@4175d976
reloadAllAccessors: .Sinewave2

===========================================================================================
----------------- testing Wed Mar 04 07:12:47 UTC 2020 /home/travis/build/icyphy/ptII/ptolemy/actor/lib/test/auto/Sinewave3.xml
----------------- Instantiating /home/travis/build/icyphy/ptII/ptolemy/actor/lib/test/auto/Sinewave3.xml
17 ms. Memory: 528384K Free: 372871K (71%)
----------------- Invoking toplevel() on ptolemy.moml.MoMLSimpleApplication@6262799
----------------- Done invoking toplevel() on ptolemy.moml.MoMLSimpleApplication@6262799
reloadAllAccessors: .Sinewave3

===========================================================================================
----------------- testing Wed Mar 04 07:12:48 UTC 2020 /home/travis/build/icyphy/ptII/ptolemy/actor/lib/test/auto/SingleEvent.xml
----------------- Instantiating /home/travis/build/icyphy/ptII/ptolemy/actor/lib/test/auto/SingleEvent.xml
1 ms. Memory: 528384K Free: 368775K (70%)
----------------- Invoking toplevel() on ptolemy.moml.MoMLSimpleApplication@5a2ae544
----------------- Done invoking toplevel() on ptolemy.moml.MoMLSimpleApplication@5a2ae544
reloadAllAccessors: .SingleEvent

===========================================================================================
----------------- testing Wed Mar 04 07:12:48 UTC 2020 /home/travis/build/icyphy/ptII/ptolemy/actor/lib/test/auto/Sleep.xml
----------------- Instantiating /home/travis/build/icyphy/ptII/ptolemy/actor/lib/test/auto/Sleep.xml
6003 ms. Memory: 528384K Free: 363141K (69%)
----------------- Invoking toplevel() on ptolemy.moml.MoMLSimpleApplication@34ba2a3f
----------------- Done invoking toplevel() on ptolemy.moml.MoMLSimpleApplication@34ba2a3f
reloadAllAccessors: .Sleep

===========================================================================================
----------------- testing Wed Mar 04 07:12:54 UTC 2020 /home/travis/build/icyphy/ptII/ptolemy/actor/lib/test/auto/SleepMultipleFire.xml
----------------- Instantiating /home/travis/build/icyphy/ptII/ptolemy/actor/lib/test/auto/SleepMultipleFire.xml
1005 ms. Memory: 528384K Free: 357511K (68%)
----------------- Invoking toplevel() on ptolemy.moml.MoMLSimpleApplication@786ac2c1
----------------- Done invoking toplevel() on ptolemy.moml.MoMLSimpleApplication@786ac2c1
reloadAllAccessors: .SleepMultipleFire

===========================================================================================
----------------- testing Wed Mar 04 07:12:55 UTC 2020 /home/travis/build/icyphy/ptII/ptolemy/actor/lib/test/auto/StopDE.xml
----------------- Instantiating /home/travis/build/icyphy/ptII/ptolemy/actor/lib/test/auto/StopDE.xml
4 ms. Memory: 528384K Free: 351877K (67%)
----------------- Invoking toplevel() on ptolemy.moml.MoMLSimpleApplication@3292bae7
----------------- Done invoking toplevel() on ptolemy.moml.MoMLSimpleApplication@3292bae7
reloadAllAccessors: .StopDE

===========================================================================================
----------------- testing Wed Mar 04 07:12:55 UTC 2020 /home/travis/build/icyphy/ptII/ptolemy/actor/lib/test/auto/StopSDF.xml
----------------- Instantiating /home/travis/build/icyphy/ptII/ptolemy/actor/lib/test/auto/StopSDF.xml
3 ms. Memory: 528384K Free: 346757K (66%)
----------------- Invoking toplevel() on ptolemy.moml.MoMLSimpleApplication@490bcef1
----------------- Done invoking toplevel() on ptolemy.moml.MoMLSimpleApplication@490bcef1
reloadAllAccessors: .StopSDF

===========================================================================================
----------------- testing Wed Mar 04 07:12:55 UTC 2020 /home/travis/build/icyphy/ptII/ptolemy/actor/lib/test/auto/StringConstant.xml
----------------- Instantiating /home/travis/build/icyphy/ptII/ptolemy/actor/lib/test/auto/StringConstant.xml
8 ms. Memory: 528384K Free: 341637K (65%)
----------------- Invoking toplevel() on ptolemy.moml.MoMLSimpleApplication@25e1d6c7
----------------- Done invoking toplevel() on ptolemy.moml.MoMLSimpleApplication@25e1d6c7
reloadAllAccessors: .StringConstant

===========================================================================================
----------------- testing Wed Mar 04 07:12:55 UTC 2020 /home/travis/build/icyphy/ptII/ptolemy/actor/lib/test/auto/SubscriberPortInitialValues1.xml
----------------- Instantiating /home/travis/build/icyphy/ptII/ptolemy/actor/lib/test/auto/SubscriberPortInitialValues1.xml
9 ms. Memory: 528384K Free: 332935K (63%)
----------------- Invoking toplevel() on ptolemy.moml.MoMLSimpleApplication@3724e26d
----------------- Done invoking toplevel() on ptolemy.moml.MoMLSimpleApplication@3724e26d
reloadAllAccessors: .SubscriberPortInitialValues1

===========================================================================================
----------------- testing Wed Mar 04 07:12:55 UTC 2020 /home/travis/build/icyphy/ptII/ptolemy/actor/lib/test/auto/SubscriberPortInitialValues13.xml
----------------- Instantiating /home/travis/build/icyphy/ptII/ptolemy/actor/lib/test/auto/SubscriberPortInitialValues13.xml
5 ms. Memory: 528384K Free: 320133K (61%)
----------------- Invoking toplevel() on ptolemy.moml.MoMLSimpleApplication@5ff14441
----------------- Done invoking toplevel() on ptolemy.moml.MoMLSimpleApplication@5ff14441
reloadAllAccessors: .SubscriberPortInitialValues13

===========================================================================================
----------------- testing Wed Mar 04 07:12:55 UTC 2020 /home/travis/build/icyphy/ptII/ptolemy/actor/lib/test/auto/SubscriberPortInitialValues14.xml
----------------- Instantiating /home/travis/build/icyphy/ptII/ptolemy/actor/lib/test/auto/SubscriberPortInitialValues14.xml
4 ms. Memory: 528384K Free: 312455K (59%)
----------------- Invoking toplevel() on ptolemy.moml.MoMLSimpleApplication@500187cc
----------------- Done invoking toplevel() on ptolemy.moml.MoMLSimpleApplication@500187cc
reloadAllAccessors: .SubscriberPortInitialValues14

===========================================================================================
----------------- testing Wed Mar 04 07:12:55 UTC 2020 /home/travis/build/icyphy/ptII/ptolemy/actor/lib/test/auto/SubscriberPortInitialValues2.xml
----------------- Instantiating /home/travis/build/icyphy/ptII/ptolemy/actor/lib/test/auto/SubscriberPortInitialValues2.xml
3 ms. Memory: 528384K Free: 304773K (58%)
----------------- Invoking toplevel() on ptolemy.moml.MoMLSimpleApplication@599036db
----------------- Done invoking toplevel() on ptolemy.moml.MoMLSimpleApplication@599036db
reloadAllAccessors: .SubscriberPortInitialValues2

===========================================================================================
----------------- testing Wed Mar 04 07:12:55 UTC 2020 /home/travis/build/icyphy/ptII/ptolemy/actor/lib/test/auto/SubscriberPortInitialValues3.xml
----------------- Instantiating /home/travis/build/icyphy/ptII/ptolemy/actor/lib/test/auto/SubscriberPortInitialValues3.xml
3 ms. Memory: 528384K Free: 293509K (56%)
----------------- Invoking toplevel() on ptolemy.moml.MoMLSimpleApplication@8e582cc
----------------- Done invoking toplevel() on ptolemy.moml.MoMLSimpleApplication@8e582cc
reloadAllAccessors: .SubscriberPortInitialValues3

===========================================================================================
----------------- testing Wed Mar 04 07:12:55 UTC 2020 /home/travis/build/icyphy/ptII/ptolemy/actor/lib/test/auto/SubscriptionAggregator.xml
----------------- Instantiating /home/travis/build/icyphy/ptII/ptolemy/actor/lib/test/auto/SubscriptionAggregator.xml
2 ms. Memory: 528384K Free: 286855K (54%)
----------------- Invoking toplevel() on ptolemy.moml.MoMLSimpleApplication@78909f83
----------------- Done invoking toplevel() on ptolemy.moml.MoMLSimpleApplication@78909f83
reloadAllAccessors: .SubscriptionAggregator

===========================================================================================
----------------- testing Wed Mar 04 07:12:55 UTC 2020 /home/travis/build/icyphy/ptII/ptolemy/actor/lib/test/auto/SubscriptionAggregator2.xml
----------------- Instantiating /home/travis/build/icyphy/ptII/ptolemy/actor/lib/test/auto/SubscriptionAggregator2.xml
3 ms. Memory: 528384K Free: 280191K (53%)
----------------- Invoking toplevel() on ptolemy.moml.MoMLSimpleApplication@492348b
----------------- Done invoking toplevel() on ptolemy.moml.MoMLSimpleApplication@492348b
reloadAllAccessors: .SubscriptionAggregator2

===========================================================================================
----------------- testing Wed Mar 04 07:12:55 UTC 2020 /home/travis/build/icyphy/ptII/ptolemy/actor/lib/test/auto/SubscriptionAggregator3.xml
----------------- Instantiating /home/travis/build/icyphy/ptII/ptolemy/actor/lib/test/auto/SubscriptionAggregator3.xml
3 ms. Memory: 528384K Free: 271495K (51%)
----------------- Invoking toplevel() on ptolemy.moml.MoMLSimpleApplication@28657d20
----------------- Done invoking toplevel() on ptolemy.moml.MoMLSimpleApplication@28657d20
reloadAllAccessors: .SubscriptionAggregator3

===========================================================================================
----------------- testing Wed Mar 04 07:12:55 UTC 2020 /home/travis/build/icyphy/ptII/ptolemy/actor/lib/test/auto/SubscriptionAggregatorMultiply.xml
----------------- Instantiating /home/travis/build/icyphy/ptII/ptolemy/actor/lib/test/auto/SubscriptionAggregatorMultiply.xml
11 ms. Memory: 528384K Free: 262783K (50%)
----------------- Invoking toplevel() on ptolemy.moml.MoMLSimpleApplication@41c7f9d8
----------------- Done invoking toplevel() on ptolemy.moml.MoMLSimpleApplication@41c7f9d8
reloadAllAccessors: .SubscriptionAggregatorMultiply

===========================================================================================
----------------- testing Wed Mar 04 07:12:55 UTC 2020 /home/travis/build/icyphy/ptII/ptolemy/actor/lib/test/auto/SubscriptionAggregatorPortMultiply1.xml
----------------- Instantiating /home/travis/build/icyphy/ptII/ptolemy/actor/lib/test/auto/SubscriptionAggregatorPortMultiply1.xml
3 ms. Memory: 528384K Free: 254597K (48%)
----------------- Invoking toplevel() on ptolemy.moml.MoMLSimpleApplication@49a822b8
----------------- Done invoking toplevel() on ptolemy.moml.MoMLSimpleApplication@49a822b8
reloadAllAccessors: .SubscriptionAggregatorPortMultiply1

===========================================================================================
----------------- testing Wed Mar 04 07:12:55 UTC 2020 /home/travis/build/icyphy/ptII/ptolemy/actor/lib/test/auto/Switch.xml
----------------- Instantiating /home/travis/build/icyphy/ptII/ptolemy/actor/lib/test/auto/Switch.xml
6 ms. Memory: 528384K Free: 246405K (47%)
----------------- Invoking toplevel() on ptolemy.moml.MoMLSimpleApplication@34c524c9
----------------- Done invoking toplevel() on ptolemy.moml.MoMLSimpleApplication@34c524c9
reloadAllAccessors: .Switch

===========================================================================================
----------------- testing Wed Mar 04 07:12:55 UTC 2020 /home/travis/build/icyphy/ptII/ptolemy/actor/lib/test/auto/Switch2.xml
----------------- Instantiating /home/travis/build/icyphy/ptII/ptolemy/actor/lib/test/auto/Switch2.xml
1 ms. Memory: 528384K Free: 241799K (46%)
----------------- Invoking toplevel() on ptolemy.moml.MoMLSimpleApplication@2084f22d
----------------- Done invoking toplevel() on ptolemy.moml.MoMLSimpleApplication@2084f22d
reloadAllAccessors: .Switch2

===========================================================================================
----------------- testing Wed Mar 04 07:12:55 UTC 2020 /home/travis/build/icyphy/ptII/ptolemy/actor/lib/test/auto/SwitchDE.xml
----------------- Instantiating /home/travis/build/icyphy/ptII/ptolemy/actor/lib/test/auto/SwitchDE.xml
3 ms. Memory: 528384K Free: 235655K (45%)
----------------- Invoking toplevel() on ptolemy.moml.MoMLSimpleApplication@f234a2f
----------------- Done invoking toplevel() on ptolemy.moml.MoMLSimpleApplication@f234a2f
reloadAllAccessors: .SwitchDE

===========================================================================================
----------------- testing Wed Mar 04 07:12:55 UTC 2020 /home/travis/build/icyphy/ptII/ptolemy/actor/lib/test/auto/SynchronizerDE.xml
----------------- Instantiating /home/travis/build/icyphy/ptII/ptolemy/actor/lib/test/auto/SynchronizerDE.xml
7 ms. Memory: 528384K Free: 227463K (43%)
----------------- Invoking toplevel() on ptolemy.moml.MoMLSimpleApplication@3e4b94e9
----------------- Done invoking toplevel() on ptolemy.moml.MoMLSimpleApplication@3e4b94e9
reloadAllAccessors: .SynchronizerDE

===========================================================================================
----------------- testing Wed Mar 04 07:12:55 UTC 2020 /home/travis/build/icyphy/ptII/ptolemy/actor/lib/test/auto/Test.xml
----------------- Instantiating /home/travis/build/icyphy/ptII/ptolemy/actor/lib/test/auto/Test.xml
8 ms. Memory: 528384K Free: 222343K (42%)
----------------- Invoking toplevel() on ptolemy.moml.MoMLSimpleApplication@dda6db2
----------------- Done invoking toplevel() on ptolemy.moml.MoMLSimpleApplication@dda6db2
reloadAllAccessors: .Test

===========================================================================================
----------------- testing Wed Mar 04 07:12:55 UTC 2020 /home/travis/build/icyphy/ptII/ptolemy/actor/lib/test/auto/TestExceptionAttribute1.xml
----------------- Instantiating /home/travis/build/icyphy/ptII/ptolemy/actor/lib/test/auto/TestExceptionAttribute1.xml
1 ms. Memory: 528384K Free: 218757K (41%)
----------------- Invoking toplevel() on ptolemy.moml.MoMLSimpleApplication@589756ef
----------------- Done invoking toplevel() on ptolemy.moml.MoMLSimpleApplication@589756ef
reloadAllAccessors: .TestExceptionAttribute1

===========================================================================================
----------------- testing Wed Mar 04 07:12:55 UTC 2020 /home/travis/build/icyphy/ptII/ptolemy/actor/lib/test/auto/TestExceptionAttribute2.xml
----------------- Instantiating /home/travis/build/icyphy/ptII/ptolemy/actor/lib/test/auto/TestExceptionAttribute2.xml
1 ms. Memory: 528384K Free: 215175K (41%)
----------------- Invoking toplevel() on ptolemy.moml.MoMLSimpleApplication@649fe553
----------------- Done invoking toplevel() on ptolemy.moml.MoMLSimpleApplication@649fe553
reloadAllAccessors: .TestExceptionAttribute2

===========================================================================================
----------------- testing Wed Mar 04 07:12:55 UTC 2020 /home/travis/build/icyphy/ptII/ptolemy/actor/lib/test/auto/TestExceptionAttribute3.xml
----------------- Instantiating /home/travis/build/icyphy/ptII/ptolemy/actor/lib/test/auto/TestExceptionAttribute3.xml
.TestExceptionAttribute3.TestExceptionAttribute: initialize() was not invoked, but wrapup() was.  This is unusual, but not always a problem.  For example, exporting JNLP will do this.
0 ms. Memory: 528384K Free: 211079K (40%)
----------------- Invoking toplevel() on ptolemy.moml.MoMLSimpleApplication@9a76121
----------------- Done invoking toplevel() on ptolemy.moml.MoMLSimpleApplication@9a76121
reloadAllAccessors: .TestExceptionAttribute3

===========================================================================================
----------------- testing Wed Mar 04 07:12:55 UTC 2020 /home/travis/build/icyphy/ptII/ptolemy/actor/lib/test/auto/TestExceptionAttribute4.xml
----------------- Instantiating /home/travis/build/icyphy/ptII/ptolemy/actor/lib/test/auto/TestExceptionAttribute4.xml
.TestExceptionAttribute4.TestExceptionAttribute: initialize() was not invoked, but wrapup() was.  This is unusual, but not always a problem.  For example, exporting JNLP will do this.
.TestExceptionAttribute4.TestExceptionAttribute2: initialize() was not invoked, but wrapup() was.  This is unusual, but not always a problem.  For example, exporting JNLP will do this.
0 ms. Memory: 528384K Free: 206983K (39%)
----------------- Invoking toplevel() on ptolemy.moml.MoMLSimpleApplication@bcd16b8
----------------- Done invoking toplevel() on ptolemy.moml.MoMLSimpleApplication@bcd16b8
reloadAllAccessors: .TestExceptionAttribute4

===========================================================================================
----------------- testing Wed Mar 04 07:12:55 UTC 2020 /home/travis/build/icyphy/ptII/ptolemy/actor/lib/test/auto/TestExceptionHandler1.xml
----------------- Instantiating /home/travis/build/icyphy/ptII/ptolemy/actor/lib/test/auto/TestExceptionHandler1.xml
1 ms. Memory: 528384K Free: 203397K (38%)
----------------- Invoking toplevel() on ptolemy.moml.MoMLSimpleApplication@4fe41907
----------------- Done invoking toplevel() on ptolemy.moml.MoMLSimpleApplication@4fe41907
reloadAllAccessors: .TestExceptionHandler1

===========================================================================================
----------------- testing Wed Mar 04 07:12:55 UTC 2020 /home/travis/build/icyphy/ptII/ptolemy/actor/lib/test/auto/TestExceptionHandler2.xml
----------------- Instantiating /home/travis/build/icyphy/ptII/ptolemy/actor/lib/test/auto/TestExceptionHandler2.xml
1 ms. Memory: 528384K Free: 199815K (38%)
----------------- Invoking toplevel() on ptolemy.moml.MoMLSimpleApplication@eab98d2
----------------- Done invoking toplevel() on ptolemy.moml.MoMLSimpleApplication@eab98d2
reloadAllAccessors: .TestExceptionHandler2

===========================================================================================
----------------- testing Wed Mar 04 07:12:55 UTC 2020 /home/travis/build/icyphy/ptII/ptolemy/actor/lib/test/auto/TestExceptionHandler3.xml
----------------- Instantiating /home/travis/build/icyphy/ptII/ptolemy/actor/lib/test/auto/TestExceptionHandler3.xml
1 ms. Memory: 528384K Free: 196229K (37%)
----------------- Invoking toplevel() on ptolemy.moml.MoMLSimpleApplication@74d7c35e
----------------- Done invoking toplevel() on ptolemy.moml.MoMLSimpleApplication@74d7c35e
reloadAllAccessors: .TestExceptionHandler3

===========================================================================================
----------------- testing Wed Mar 04 07:12:55 UTC 2020 /home/travis/build/icyphy/ptII/ptolemy/actor/lib/test/auto/TestExceptionHandler4.xml
----------------- Instantiating /home/travis/build/icyphy/ptII/ptolemy/actor/lib/test/auto/TestExceptionHandler4.xml
0 ms. Memory: 528384K Free: 192133K (36%)
----------------- Invoking toplevel() on ptolemy.moml.MoMLSimpleApplication@16ac6fd8
----------------- Done invoking toplevel() on ptolemy.moml.MoMLSimpleApplication@16ac6fd8
reloadAllAccessors: .TestExceptionHandler4

===========================================================================================
----------------- testing Wed Mar 04 07:12:55 UTC 2020 /home/travis/build/icyphy/ptII/ptolemy/actor/lib/test/auto/TestRequireCorrectOrder.xml
----------------- Instantiating /home/travis/build/icyphy/ptII/ptolemy/actor/lib/test/auto/TestRequireCorrectOrder.xml
2 ms. Memory: 528384K Free: 186983K (35%)
----------------- Invoking toplevel() on ptolemy.moml.MoMLSimpleApplication@334e2db5
----------------- Done invoking toplevel() on ptolemy.moml.MoMLSimpleApplication@334e2db5
reloadAllAccessors: .TestRequireCorrectOrder

===========================================================================================
----------------- testing Wed Mar 04 07:12:55 UTC 2020 /home/travis/build/icyphy/ptII/ptolemy/actor/lib/test/auto/TestSimple.xml
----------------- Instantiating /home/travis/build/icyphy/ptII/ptolemy/actor/lib/test/auto/TestSimple.xml
5 ms. Memory: 528384K Free: 182407K (35%)
----------------- Invoking toplevel() on ptolemy.moml.MoMLSimpleApplication@47afcb23
----------------- Done invoking toplevel() on ptolemy.moml.MoMLSimpleApplication@47afcb23
reloadAllAccessors: .TestSimple

===========================================================================================
----------------- testing Wed Mar 04 07:12:55 UTC 2020 /home/travis/build/icyphy/ptII/ptolemy/actor/lib/test/auto/ThrowModelError.xml
----------------- Instantiating /home/travis/build/icyphy/ptII/ptolemy/actor/lib/test/auto/ThrowModelError.xml
1 ms. Memory: 528384K Free: 177797K (34%)
----------------- Invoking toplevel() on ptolemy.moml.MoMLSimpleApplication@15c0c68d
----------------- Done invoking toplevel() on ptolemy.moml.MoMLSimpleApplication@15c0c68d
reloadAllAccessors: .ThrowModelError

===========================================================================================
----------------- testing Wed Mar 04 07:12:55 UTC 2020 /home/travis/build/icyphy/ptII/ptolemy/actor/lib/test/auto/TimeDelayMicrosteps.xml
----------------- Instantiating /home/travis/build/icyphy/ptII/ptolemy/actor/lib/test/auto/TimeDelayMicrosteps.xml
3 ms. Memory: 528384K Free: 171143K (32%)
----------------- Invoking toplevel() on ptolemy.moml.MoMLSimpleApplication@38bdded1
----------------- Done invoking toplevel() on ptolemy.moml.MoMLSimpleApplication@38bdded1
reloadAllAccessors: .TimeDelayMicrosteps

===========================================================================================
----------------- testing Wed Mar 04 07:12:55 UTC 2020 /home/travis/build/icyphy/ptII/ptolemy/actor/lib/test/auto/TimeDelayMicrosteps2.xml
----------------- Instantiating /home/travis/build/icyphy/ptII/ptolemy/actor/lib/test/auto/TimeDelayMicrosteps2.xml
4 ms. Memory: 528384K Free: 474365K (90%)
----------------- Invoking toplevel() on ptolemy.moml.MoMLSimpleApplication@bf61b5e
----------------- Done invoking toplevel() on ptolemy.moml.MoMLSimpleApplication@bf61b5e
reloadAllAccessors: .TimeDelayMicrosteps2

===========================================================================================
----------------- testing Wed Mar 04 07:12:55 UTC 2020 /home/travis/build/icyphy/ptII/ptolemy/actor/lib/test/auto/TimeDelayMicrosteps3.xml
----------------- Instantiating /home/travis/build/icyphy/ptII/ptolemy/actor/lib/test/auto/TimeDelayMicrosteps3.xml
2 ms. Memory: 528384K Free: 467197K (88%)
----------------- Invoking toplevel() on ptolemy.moml.MoMLSimpleApplication@6cb5c39c
----------------- Done invoking toplevel() on ptolemy.moml.MoMLSimpleApplication@6cb5c39c
reloadAllAccessors: .TimeDelayMicrosteps3

===========================================================================================
----------------- testing Wed Mar 04 07:12:55 UTC 2020 /home/travis/build/icyphy/ptII/ptolemy/actor/lib/test/auto/TimeDelayVariableMicrosteps.xml
----------------- Instantiating /home/travis/build/icyphy/ptII/ptolemy/actor/lib/test/auto/TimeDelayVariableMicrosteps.xml
3 ms. Memory: 528384K Free: 461064K (87%)
----------------- Invoking toplevel() on ptolemy.moml.MoMLSimpleApplication@6c8f6bd4
----------------- Done invoking toplevel() on ptolemy.moml.MoMLSimpleApplication@6c8f6bd4
reloadAllAccessors: .TimeDelayVariableMicrosteps

===========================================================================================
----------------- testing Wed Mar 04 07:12:55 UTC 2020 /home/travis/build/icyphy/ptII/ptolemy/actor/lib/test/auto/TimeGap.xml
----------------- Instantiating /home/travis/build/icyphy/ptII/ptolemy/actor/lib/test/auto/TimeGap.xml
3 ms. Memory: 528384K Free: 455917K (86%)
----------------- Invoking toplevel() on ptolemy.moml.MoMLSimpleApplication@7088f5fb
----------------- Done invoking toplevel() on ptolemy.moml.MoMLSimpleApplication@7088f5fb
reloadAllAccessors: .TimeGap

===========================================================================================
----------------- testing Wed Mar 04 07:12:55 UTC 2020 /home/travis/build/icyphy/ptII/ptolemy/actor/lib/test/auto/TimeGap2.xml
----------------- Instantiating /home/travis/build/icyphy/ptII/ptolemy/actor/lib/test/auto/TimeGap2.xml
1 ms. Memory: 528384K Free: 450317K (85%)
----------------- Invoking toplevel() on ptolemy.moml.MoMLSimpleApplication@79790d15
----------------- Done invoking toplevel() on ptolemy.moml.MoMLSimpleApplication@79790d15
reloadAllAccessors: .TimeGap2

===========================================================================================
----------------- testing Wed Mar 04 07:12:55 UTC 2020 /home/travis/build/icyphy/ptII/ptolemy/actor/lib/test/auto/TimedSinewave.xml
----------------- Instantiating /home/travis/build/icyphy/ptII/ptolemy/actor/lib/test/auto/TimedSinewave.xml
20 ms. Memory: 528384K Free: 436491K (83%)
----------------- Invoking toplevel() on ptolemy.moml.MoMLSimpleApplication@30575f3f
----------------- Done invoking toplevel() on ptolemy.moml.MoMLSimpleApplication@30575f3f
reloadAllAccessors: .TimedSinewave

===========================================================================================
----------------- testing Wed Mar 04 07:12:55 UTC 2020 /home/travis/build/icyphy/ptII/ptolemy/actor/lib/test/auto/TimedSinewavePhase.xml
----------------- Instantiating /home/travis/build/icyphy/ptII/ptolemy/actor/lib/test/auto/TimedSinewavePhase.xml
8 ms. Memory: 528384K Free: 426765K (81%)
----------------- Invoking toplevel() on ptolemy.moml.MoMLSimpleApplication@311a6695
----------------- Done invoking toplevel() on ptolemy.moml.MoMLSimpleApplication@311a6695
reloadAllAccessors: .TimedSinewavePhase

===========================================================================================
----------------- testing Wed Mar 04 07:12:55 UTC 2020 /home/travis/build/icyphy/ptII/ptolemy/actor/lib/test/auto/Timer.xml
----------------- Instantiating /home/travis/build/icyphy/ptII/ptolemy/actor/lib/test/auto/Timer.xml
2 ms. Memory: 528384K Free: 421101K (80%)
----------------- Invoking toplevel() on ptolemy.moml.MoMLSimpleApplication@5291569b
----------------- Done invoking toplevel() on ptolemy.moml.MoMLSimpleApplication@5291569b
reloadAllAccessors: .Timer

===========================================================================================
----------------- testing Wed Mar 04 07:12:55 UTC 2020 /home/travis/build/icyphy/ptII/ptolemy/actor/lib/test/auto/TriangularDistTestModel.xml
----------------- Instantiating /home/travis/build/icyphy/ptII/ptolemy/actor/lib/test/auto/TriangularDistTestModel.xml
3 ms. Memory: 528384K Free: 414973K (79%)
----------------- Invoking toplevel() on ptolemy.moml.MoMLSimpleApplication@6922c472
----------------- Done invoking toplevel() on ptolemy.moml.MoMLSimpleApplication@6922c472
reloadAllAccessors: .TriangularDistTestModel

===========================================================================================
----------------- testing Wed Mar 04 07:12:55 UTC 2020 /home/travis/build/icyphy/ptII/ptolemy/actor/lib/test/auto/TrigFunction.xml
----------------- Instantiating /home/travis/build/icyphy/ptII/ptolemy/actor/lib/test/auto/TrigFunction.xml
1 ms. Memory: 528384K Free: 410381K (78%)
----------------- Invoking toplevel() on ptolemy.moml.MoMLSimpleApplication@700cc041
----------------- Done invoking toplevel() on ptolemy.moml.MoMLSimpleApplication@700cc041
reloadAllAccessors: .TrigFunction

===========================================================================================
----------------- testing Wed Mar 04 07:12:55 UTC 2020 /home/travis/build/icyphy/ptII/ptolemy/actor/lib/test/auto/TrigFunctionDE.xml
----------------- Instantiating /home/travis/build/icyphy/ptII/ptolemy/actor/lib/test/auto/TrigFunctionDE.xml
1 ms. Memory: 528384K Free: 404747K (77%)
----------------- Invoking toplevel() on ptolemy.moml.MoMLSimpleApplication@799dcd70
----------------- Done invoking toplevel() on ptolemy.moml.MoMLSimpleApplication@799dcd70
reloadAllAccessors: .TrigFunctionDE

===========================================================================================
----------------- testing Wed Mar 04 07:12:55 UTC 2020 /home/travis/build/icyphy/ptII/ptolemy/actor/lib/test/auto/TrigFunctionInverse.xml
----------------- Instantiating /home/travis/build/icyphy/ptII/ptolemy/actor/lib/test/auto/TrigFunctionInverse.xml
2 ms. Memory: 528384K Free: 399627K (76%)
----------------- Invoking toplevel() on ptolemy.moml.MoMLSimpleApplication@52d4b18a
----------------- Done invoking toplevel() on ptolemy.moml.MoMLSimpleApplication@52d4b18a
reloadAllAccessors: .TrigFunctionInverse

===========================================================================================
----------------- testing Wed Mar 04 07:12:55 UTC 2020 /home/travis/build/icyphy/ptII/ptolemy/actor/lib/test/auto/TrigFunctionTan.xml
----------------- Instantiating /home/travis/build/icyphy/ptII/ptolemy/actor/lib/test/auto/TrigFunctionTan.xml
2 ms. Memory: 528384K Free: 395531K (75%)
----------------- Invoking toplevel() on ptolemy.moml.MoMLSimpleApplication@544d8807
----------------- Done invoking toplevel() on ptolemy.moml.MoMLSimpleApplication@544d8807
reloadAllAccessors: .TrigFunctionTan

===========================================================================================
----------------- testing Wed Mar 04 07:12:55 UTC 2020 /home/travis/build/icyphy/ptII/ptolemy/actor/lib/test/auto/TriggeredClock.xml
----------------- Instantiating /home/travis/build/icyphy/ptII/ptolemy/actor/lib/test/auto/TriggeredClock.xml
1 ms. Memory: 528384K Free: 390893K (74%)
----------------- Invoking toplevel() on ptolemy.moml.MoMLSimpleApplication@3b7519b4
----------------- Done invoking toplevel() on ptolemy.moml.MoMLSimpleApplication@3b7519b4
reloadAllAccessors: .TriggeredClock

===========================================================================================
----------------- testing Wed Mar 04 07:12:55 UTC 2020 /home/travis/build/icyphy/ptII/ptolemy/actor/lib/test/auto/URLDirectoryReader.xml
----------------- Instantiating /home/travis/build/icyphy/ptII/ptolemy/actor/lib/test/auto/URLDirectoryReader.xml
29 ms. Memory: 528384K Free: 381709K (72%)
----------------- Invoking toplevel() on ptolemy.moml.MoMLSimpleApplication@6b5e07e0
----------------- Done invoking toplevel() on ptolemy.moml.MoMLSimpleApplication@6b5e07e0
reloadAllAccessors: .URLDirectoryReader

===========================================================================================
----------------- testing Wed Mar 04 07:12:55 UTC 2020 /home/travis/build/icyphy/ptII/ptolemy/actor/lib/test/auto/URLDirectoryReader3.xml
----------------- Instantiating /home/travis/build/icyphy/ptII/ptolemy/actor/lib/test/auto/URLDirectoryReader3.xml
977 ms. Memory: 528384K Free: 468388K (89%)
----------------- Invoking toplevel() on ptolemy.moml.MoMLSimpleApplication@14003386
----------------- Done invoking toplevel() on ptolemy.moml.MoMLSimpleApplication@14003386
reloadAllAccessors: .URLDirectoryReader3

===========================================================================================
----------------- testing Wed Mar 04 07:12:57 UTC 2020 /home/travis/build/icyphy/ptII/ptolemy/actor/lib/test/auto/UnaryMathFunction.xml
----------------- Instantiating /home/travis/build/icyphy/ptII/ptolemy/actor/lib/test/auto/UnaryMathFunction.xml
2 ms. Memory: 528384K Free: 460196K (87%)
----------------- Invoking toplevel() on ptolemy.moml.MoMLSimpleApplication@70eb8d20
----------------- Done invoking toplevel() on ptolemy.moml.MoMLSimpleApplication@70eb8d20
reloadAllAccessors: .UnaryMathFunction

===========================================================================================
----------------- testing Wed Mar 04 07:12:57 UTC 2020 /home/travis/build/icyphy/ptII/ptolemy/actor/lib/test/auto/Uniform.xml
----------------- Instantiating /home/travis/build/icyphy/ptII/ptolemy/actor/lib/test/auto/Uniform.xml
1 ms. Memory: 528384K Free: 455590K (86%)
----------------- Invoking toplevel() on ptolemy.moml.MoMLSimpleApplication@4061bcf9
----------------- Done invoking toplevel() on ptolemy.moml.MoMLSimpleApplication@4061bcf9
reloadAllAccessors: .Uniform

===========================================================================================
----------------- testing Wed Mar 04 07:12:57 UTC 2020 /home/travis/build/icyphy/ptII/ptolemy/actor/lib/test/auto/UnionDisassemblerTest.xml
----------------- Instantiating /home/travis/build/icyphy/ptII/ptolemy/actor/lib/test/auto/UnionDisassemblerTest.xml
24 ms. Memory: 528384K Free: 452004K (86%)
----------------- Invoking toplevel() on ptolemy.moml.MoMLSimpleApplication@3e22a7b3
----------------- Done invoking toplevel() on ptolemy.moml.MoMLSimpleApplication@3e22a7b3
reloadAllAccessors: .UnionDisassemblerTest

===========================================================================================
----------------- testing Wed Mar 04 07:12:57 UTC 2020 /home/travis/build/icyphy/ptII/ptolemy/actor/lib/test/auto/UtilityFunctions.xml
----------------- Instantiating /home/travis/build/icyphy/ptII/ptolemy/actor/lib/test/auto/UtilityFunctions.xml
3 ms. Memory: 528384K Free: 447908K (85%)
----------------- Invoking toplevel() on ptolemy.moml.MoMLSimpleApplication@7b6811de
----------------- Done invoking toplevel() on ptolemy.moml.MoMLSimpleApplication@7b6811de
reloadAllAccessors: .UtilityFunctions

===========================================================================================
----------------- testing Wed Mar 04 07:12:57 UTC 2020 /home/travis/build/icyphy/ptII/ptolemy/actor/lib/test/auto/VariableSleep.xml
----------------- Instantiating /home/travis/build/icyphy/ptII/ptolemy/actor/lib/test/auto/VariableSleep.xml
503 ms. Memory: 528384K Free: 442788K (84%)
----------------- Invoking toplevel() on ptolemy.moml.MoMLSimpleApplication@29732adb
----------------- Done invoking toplevel() on ptolemy.moml.MoMLSimpleApplication@29732adb
reloadAllAccessors: .VariableSleep

===========================================================================================
----------------- testing Wed Mar 04 07:12:57 UTC 2020 /home/travis/build/icyphy/ptII/ptolemy/actor/lib/test/auto/VectorAssemblerDisassemblerCT.xml
----------------- Instantiating /home/travis/build/icyphy/ptII/ptolemy/actor/lib/test/auto/VectorAssemblerDisassemblerCT.xml
66 ms. Memory: 528384K Free: 422822K (80%)
----------------- Invoking toplevel() on ptolemy.moml.MoMLSimpleApplication@35523982
----------------- Done invoking toplevel() on ptolemy.moml.MoMLSimpleApplication@35523982
reloadAllAccessors: .VectorAssemblerDisassemblerCT

===========================================================================================
----------------- testing Wed Mar 04 07:12:57 UTC 2020 /home/travis/build/icyphy/ptII/ptolemy/actor/lib/test/auto/VectorAssemblerDisassemblerDE.xml
----------------- Instantiating /home/travis/build/icyphy/ptII/ptolemy/actor/lib/test/auto/VectorAssemblerDisassemblerDE.xml
3 ms. Memory: 528384K Free: 415140K (79%)
----------------- Invoking toplevel() on ptolemy.moml.MoMLSimpleApplication@758cf640
----------------- Done invoking toplevel() on ptolemy.moml.MoMLSimpleApplication@758cf640
reloadAllAccessors: .VectorAssemblerDisassemblerDE

===========================================================================================
----------------- testing Wed Mar 04 07:12:57 UTC 2020 /home/travis/build/icyphy/ptII/ptolemy/actor/lib/test/auto/VectorAssemblerDisassemblerSDF.xml
----------------- Instantiating /home/travis/build/icyphy/ptII/ptolemy/actor/lib/test/auto/VectorAssemblerDisassemblerSDF.xml
2 ms. Memory: 528384K Free: 408486K (77%)
----------------- Invoking toplevel() on ptolemy.moml.MoMLSimpleApplication@3e4c1dc0
----------------- Done invoking toplevel() on ptolemy.moml.MoMLSimpleApplication@3e4c1dc0
reloadAllAccessors: .VectorAssemblerDisassemblerSDF

===========================================================================================
----------------- testing Wed Mar 04 07:12:57 UTC 2020 /home/travis/build/icyphy/ptII/ptolemy/actor/lib/test/auto/WallClockTime.xml
----------------- Instantiating /home/travis/build/icyphy/ptII/ptolemy/actor/lib/test/auto/WallClockTime.xml
1005 ms. Memory: 528384K Free: 403366K (76%)
----------------- Invoking toplevel() on ptolemy.moml.MoMLSimpleApplication@102a981e
----------------- Done invoking toplevel() on ptolemy.moml.MoMLSimpleApplication@102a981e
reloadAllAccessors: .WallClockTime

===========================================================================================
----------------- testing Wed Mar 04 07:12:58 UTC 2020 /home/travis/build/icyphy/ptII/ptolemy/actor/lib/test/auto/WidthTestWithSubscriberPublisher.xml
----------------- Instantiating /home/travis/build/icyphy/ptII/ptolemy/actor/lib/test/auto/WidthTestWithSubscriberPublisher.xml
9 ms. Memory: 528384K Free: 385444K (73%)
----------------- Invoking toplevel() on ptolemy.moml.MoMLSimpleApplication@6ab5447f
----------------- Done invoking toplevel() on ptolemy.moml.MoMLSimpleApplication@6ab5447f
reloadAllAccessors: .WidthTestWithSubscriberPublisher

===========================================================================================
----------------- testing Wed Mar 04 07:12:58 UTC 2020 /home/travis/build/icyphy/ptII/ptolemy/actor/lib/test/auto/WidthTestWithSubscriberPublisher2.xml
----------------- Instantiating /home/travis/build/icyphy/ptII/ptolemy/actor/lib/test/auto/WidthTestWithSubscriberPublisher2.xml
2 ms. Memory: 528384K Free: 379300K (72%)
----------------- Invoking toplevel() on ptolemy.moml.MoMLSimpleApplication@39287727
----------------- Done invoking toplevel() on ptolemy.moml.MoMLSimpleApplication@39287727
reloadAllAccessors: .WidthTestWithSubscriberPublisher2

===========================================================================================
----------------- testing Wed Mar 04 07:12:58 UTC 2020 /home/travis/build/icyphy/ptII/ptolemy/actor/lib/test/auto/WidthTestWithSubscriberPublisher3.xml
----------------- Instantiating /home/travis/build/icyphy/ptII/ptolemy/actor/lib/test/auto/WidthTestWithSubscriberPublisher3.xml
2 ms. Memory: 528384K Free: 373156K (71%)
----------------- Invoking toplevel() on ptolemy.moml.MoMLSimpleApplication@581ca59d
----------------- Done invoking toplevel() on ptolemy.moml.MoMLSimpleApplication@581ca59d
reloadAllAccessors: .WidthTestWithSubscriberPublisher3

===========================================================================================
----------------- testing Wed Mar 04 07:12:58 UTC 2020 /home/travis/build/icyphy/ptII/ptolemy/actor/lib/test/auto/Writer.xml
----------------- Instantiating /home/travis/build/icyphy/ptII/ptolemy/actor/lib/test/auto/Writer.xml
0
1
2
3
4
2 ms. Memory: 528384K Free: 368550K (70%)
----------------- Invoking toplevel() on ptolemy.moml.MoMLSimpleApplication@6471bfb0
----------------- Done invoking toplevel() on ptolemy.moml.MoMLSimpleApplication@6471bfb0
reloadAllAccessors: .Writer

===========================================================================================
----------------- testing Wed Mar 04 07:12:58 UTC 2020 /home/travis/build/icyphy/ptII/ptolemy/actor/lib/test/auto/array.xml
----------------- Instantiating /home/travis/build/icyphy/ptII/ptolemy/actor/lib/test/auto/array.xml
1 ms. Memory: 528384K Free: 363940K (69%)
----------------- Invoking toplevel() on ptolemy.moml.MoMLSimpleApplication@6e4bba83
----------------- Done invoking toplevel() on ptolemy.moml.MoMLSimpleApplication@6e4bba83
reloadAllAccessors: .array

===========================================================================================
----------------- testing Wed Mar 04 07:12:58 UTC 2020 /home/travis/build/icyphy/ptII/ptolemy/actor/lib/test/auto/array2.xml
----------------- Instantiating /home/travis/build/icyphy/ptII/ptolemy/actor/lib/test/auto/array2.xml
4 ms. Memory: 528384K Free: 358806K (68%)
----------------- Invoking toplevel() on ptolemy.moml.MoMLSimpleApplication@1968bd52
----------------- Done invoking toplevel() on ptolemy.moml.MoMLSimpleApplication@1968bd52
reloadAllAccessors: .array2

===========================================================================================
----------------- testing Wed Mar 04 07:12:59 UTC 2020 /home/travis/build/icyphy/ptII/ptolemy/actor/lib/test/auto/arrayType.xml
----------------- Instantiating /home/travis/build/icyphy/ptII/ptolemy/actor/lib/test/auto/arrayType.xml
1 ms. Memory: 528384K Free: 353700K (67%)
----------------- Invoking toplevel() on ptolemy.moml.MoMLSimpleApplication@5cc0750c
----------------- Done invoking toplevel() on ptolemy.moml.MoMLSimpleApplication@5cc0750c
reloadAllAccessors: .arrayType

===========================================================================================
----------------- testing Wed Mar 04 07:12:59 UTC 2020 /home/travis/build/icyphy/ptII/ptolemy/actor/lib/test/auto/arrayType10.xml
----------------- Instantiating /home/travis/build/icyphy/ptII/ptolemy/actor/lib/test/auto/arrayType10.xml
1 ms. Memory: 528384K Free: 349094K (66%)
----------------- Invoking toplevel() on ptolemy.moml.MoMLSimpleApplication@290c5b9
----------------- Done invoking toplevel() on ptolemy.moml.MoMLSimpleApplication@290c5b9
reloadAllAccessors: .arrayType10

===========================================================================================
----------------- testing Wed Mar 04 07:12:59 UTC 2020 /home/travis/build/icyphy/ptII/ptolemy/actor/lib/test/auto/arrayType11.xml
----------------- Instantiating /home/travis/build/icyphy/ptII/ptolemy/actor/lib/test/auto/arrayType11.xml
1 ms. Memory: 528384K Free: 343974K (65%)
----------------- Invoking toplevel() on ptolemy.moml.MoMLSimpleApplication@4b35e235
----------------- Done invoking toplevel() on ptolemy.moml.MoMLSimpleApplication@4b35e235
reloadAllAccessors: .arrayType11

===========================================================================================
----------------- testing Wed Mar 04 07:12:59 UTC 2020 /home/travis/build/icyphy/ptII/ptolemy/actor/lib/test/auto/arrayType12.xml
----------------- Instantiating /home/travis/build/icyphy/ptII/ptolemy/actor/lib/test/auto/arrayType12.xml
1 ms. Memory: 528384K Free: 338854K (64%)
----------------- Invoking toplevel() on ptolemy.moml.MoMLSimpleApplication@40b0e43d
----------------- Done invoking toplevel() on ptolemy.moml.MoMLSimpleApplication@40b0e43d
reloadAllAccessors: .arrayType12

===========================================================================================
----------------- testing Wed Mar 04 07:12:59 UTC 2020 /home/travis/build/icyphy/ptII/ptolemy/actor/lib/test/auto/arrayType13.xml
----------------- Instantiating /home/travis/build/icyphy/ptII/ptolemy/actor/lib/test/auto/arrayType13.xml
2 ms. Memory: 528384K Free: 333734K (63%)
----------------- Invoking toplevel() on ptolemy.moml.MoMLSimpleApplication@103eb53
----------------- Done invoking toplevel() on ptolemy.moml.MoMLSimpleApplication@103eb53
reloadAllAccessors: .arrayType13

===========================================================================================
----------------- testing Wed Mar 04 07:12:59 UTC 2020 /home/travis/build/icyphy/ptII/ptolemy/actor/lib/test/auto/arrayType14.xml
----------------- Instantiating /home/travis/build/icyphy/ptII/ptolemy/actor/lib/test/auto/arrayType14.xml
1 ms. Memory: 528384K Free: 328614K (62%)
----------------- Invoking toplevel() on ptolemy.moml.MoMLSimpleApplication@7f158fcf
----------------- Done invoking toplevel() on ptolemy.moml.MoMLSimpleApplication@7f158fcf
reloadAllAccessors: .arrayType14

===========================================================================================
----------------- testing Wed Mar 04 07:12:59 UTC 2020 /home/travis/build/icyphy/ptII/ptolemy/actor/lib/test/auto/arrayType15.xml
----------------- Instantiating /home/travis/build/icyphy/ptII/ptolemy/actor/lib/test/auto/arrayType15.xml
3 ms. Memory: 528384K Free: 323494K (61%)
----------------- Invoking toplevel() on ptolemy.moml.MoMLSimpleApplication@23e4c230
----------------- Done invoking toplevel() on ptolemy.moml.MoMLSimpleApplication@23e4c230
reloadAllAccessors: .arrayType15

===========================================================================================
----------------- testing Wed Mar 04 07:12:59 UTC 2020 /home/travis/build/icyphy/ptII/ptolemy/actor/lib/test/auto/arrayType16.xml
----------------- Instantiating /home/travis/build/icyphy/ptII/ptolemy/actor/lib/test/auto/arrayType16.xml
1 ms. Memory: 528384K Free: 317846K (60%)
----------------- Invoking toplevel() on ptolemy.moml.MoMLSimpleApplication@5173efa0
----------------- Done invoking toplevel() on ptolemy.moml.MoMLSimpleApplication@5173efa0
reloadAllAccessors: .arrayType16

===========================================================================================
----------------- testing Wed Mar 04 07:12:59 UTC 2020 /home/travis/build/icyphy/ptII/ptolemy/actor/lib/test/auto/arrayType17.xml
----------------- Instantiating /home/travis/build/icyphy/ptII/ptolemy/actor/lib/test/auto/arrayType17.xml
1 ms. Memory: 528384K Free: 312740K (59%)
----------------- Invoking toplevel() on ptolemy.moml.MoMLSimpleApplication@278fb1b8
----------------- Done invoking toplevel() on ptolemy.moml.MoMLSimpleApplication@278fb1b8
reloadAllAccessors: .arrayType17

===========================================================================================
----------------- testing Wed Mar 04 07:12:59 UTC 2020 /home/travis/build/icyphy/ptII/ptolemy/actor/lib/test/auto/arrayType18.xml
----------------- Instantiating /home/travis/build/icyphy/ptII/ptolemy/actor/lib/test/auto/arrayType18.xml
1 ms. Memory: 528384K Free: 308134K (58%)
----------------- Invoking toplevel() on ptolemy.moml.MoMLSimpleApplication@353919e5
----------------- Done invoking toplevel() on ptolemy.moml.MoMLSimpleApplication@353919e5
reloadAllAccessors: .arrayType18

===========================================================================================
----------------- testing Wed Mar 04 07:12:59 UTC 2020 /home/travis/build/icyphy/ptII/ptolemy/actor/lib/test/auto/arrayType19.xml
----------------- Instantiating /home/travis/build/icyphy/ptII/ptolemy/actor/lib/test/auto/arrayType19.xml
1 ms. Memory: 528384K Free: 303524K (57%)
----------------- Invoking toplevel() on ptolemy.moml.MoMLSimpleApplication@1ddc1360
----------------- Done invoking toplevel() on ptolemy.moml.MoMLSimpleApplication@1ddc1360
reloadAllAccessors: .arrayType19

===========================================================================================
----------------- testing Wed Mar 04 07:12:59 UTC 2020 /home/travis/build/icyphy/ptII/ptolemy/actor/lib/test/auto/arrayType2.xml
----------------- Instantiating /home/travis/build/icyphy/ptII/ptolemy/actor/lib/test/auto/arrayType2.xml
2 ms. Memory: 528384K Free: 298404K (56%)
----------------- Invoking toplevel() on ptolemy.moml.MoMLSimpleApplication@7a4a1b20
----------------- Done invoking toplevel() on ptolemy.moml.MoMLSimpleApplication@7a4a1b20
reloadAllAccessors: .arrayType2

===========================================================================================
----------------- testing Wed Mar 04 07:12:59 UTC 2020 /home/travis/build/icyphy/ptII/ptolemy/actor/lib/test/auto/arrayType20.xml
----------------- Instantiating /home/travis/build/icyphy/ptII/ptolemy/actor/lib/test/auto/arrayType20.xml
1 ms. Memory: 528384K Free: 293284K (56%)
----------------- Invoking toplevel() on ptolemy.moml.MoMLSimpleApplication@fa35476
----------------- Done invoking toplevel() on ptolemy.moml.MoMLSimpleApplication@fa35476
reloadAllAccessors: .arrayType20

===========================================================================================
----------------- testing Wed Mar 04 07:12:59 UTC 2020 /home/travis/build/icyphy/ptII/ptolemy/actor/lib/test/auto/arrayType21.xml
----------------- Instantiating /home/travis/build/icyphy/ptII/ptolemy/actor/lib/test/auto/arrayType21.xml
1 ms. Memory: 528384K Free: 288678K (55%)
----------------- Invoking toplevel() on ptolemy.moml.MoMLSimpleApplication@15ac6877
----------------- Done invoking toplevel() on ptolemy.moml.MoMLSimpleApplication@15ac6877
reloadAllAccessors: .arrayType21

===========================================================================================
----------------- testing Wed Mar 04 07:12:59 UTC 2020 /home/travis/build/icyphy/ptII/ptolemy/actor/lib/test/auto/arrayType22.xml
----------------- Instantiating /home/travis/build/icyphy/ptII/ptolemy/actor/lib/test/auto/arrayType22.xml
1 ms. Memory: 528384K Free: 284068K (54%)
----------------- Invoking toplevel() on ptolemy.moml.MoMLSimpleApplication@35db0646
----------------- Done invoking toplevel() on ptolemy.moml.MoMLSimpleApplication@35db0646
reloadAllAccessors: .arrayType22

===========================================================================================
----------------- testing Wed Mar 04 07:12:59 UTC 2020 /home/travis/build/icyphy/ptII/ptolemy/actor/lib/test/auto/arrayType23.xml
----------------- Instantiating /home/travis/build/icyphy/ptII/ptolemy/actor/lib/test/auto/arrayType23.xml
1 ms. Memory: 528384K Free: 279462K (53%)
----------------- Invoking toplevel() on ptolemy.moml.MoMLSimpleApplication@2261e
----------------- Done invoking toplevel() on ptolemy.moml.MoMLSimpleApplication@2261e
reloadAllAccessors: .arrayType23

===========================================================================================
----------------- testing Wed Mar 04 07:12:59 UTC 2020 /home/travis/build/icyphy/ptII/ptolemy/actor/lib/test/auto/arrayType24.xml
----------------- Instantiating /home/travis/build/icyphy/ptII/ptolemy/actor/lib/test/auto/arrayType24.xml
1 ms. Memory: 528384K Free: 274342K (52%)
----------------- Invoking toplevel() on ptolemy.moml.MoMLSimpleApplication@2d4a3cc2
----------------- Done invoking toplevel() on ptolemy.moml.MoMLSimpleApplication@2d4a3cc2
reloadAllAccessors: .arrayType24

===========================================================================================
----------------- testing Wed Mar 04 07:12:59 UTC 2020 /home/travis/build/icyphy/ptII/ptolemy/actor/lib/test/auto/arrayType25.xml
----------------- Instantiating /home/travis/build/icyphy/ptII/ptolemy/actor/lib/test/auto/arrayType25.xml
1 ms. Memory: 528384K Free: 269222K (51%)
----------------- Invoking toplevel() on ptolemy.moml.MoMLSimpleApplication@3085a803
----------------- Done invoking toplevel() on ptolemy.moml.MoMLSimpleApplication@3085a803
reloadAllAccessors: .arrayType25

===========================================================================================
----------------- testing Wed Mar 04 07:12:59 UTC 2020 /home/travis/build/icyphy/ptII/ptolemy/actor/lib/test/auto/arrayType26.xml
----------------- Instantiating /home/travis/build/icyphy/ptII/ptolemy/actor/lib/test/auto/arrayType26.xml
1 ms. Memory: 528384K Free: 264102K (50%)
----------------- Invoking toplevel() on ptolemy.moml.MoMLSimpleApplication@279703aa
----------------- Done invoking toplevel() on ptolemy.moml.MoMLSimpleApplication@279703aa
reloadAllAccessors: .arrayType26

===========================================================================================
----------------- testing Wed Mar 04 07:12:59 UTC 2020 /home/travis/build/icyphy/ptII/ptolemy/actor/lib/test/auto/arrayType27.xml
----------------- Instantiating /home/travis/build/icyphy/ptII/ptolemy/actor/lib/test/auto/arrayType27.xml
2 ms. Memory: 528384K Free: 258982K (49%)
----------------- Invoking toplevel() on ptolemy.moml.MoMLSimpleApplication@67e1973e
----------------- Done invoking toplevel() on ptolemy.moml.MoMLSimpleApplication@67e1973e
reloadAllAccessors: .arrayType27

===========================================================================================
----------------- testing Wed Mar 04 07:12:59 UTC 2020 /home/travis/build/icyphy/ptII/ptolemy/actor/lib/test/auto/arrayType28.xml
----------------- Instantiating /home/travis/build/icyphy/ptII/ptolemy/actor/lib/test/auto/arrayType28.xml
1 ms. Memory: 528384K Free: 253348K (48%)
----------------- Invoking toplevel() on ptolemy.moml.MoMLSimpleApplication@37e8e70a
----------------- Done invoking toplevel() on ptolemy.moml.MoMLSimpleApplication@37e8e70a
reloadAllAccessors: .arrayType28

===========================================================================================
----------------- testing Wed Mar 04 07:12:59 UTC 2020 /home/travis/build/icyphy/ptII/ptolemy/actor/lib/test/auto/arrayType3.xml
----------------- Instantiating /home/travis/build/icyphy/ptII/ptolemy/actor/lib/test/auto/arrayType3.xml
1 ms. Memory: 528384K Free: 248228K (47%)
----------------- Invoking toplevel() on ptolemy.moml.MoMLSimpleApplication@46de0a37
----------------- Done invoking toplevel() on ptolemy.moml.MoMLSimpleApplication@46de0a37
reloadAllAccessors: .arrayType3

===========================================================================================
----------------- testing Wed Mar 04 07:12:59 UTC 2020 /home/travis/build/icyphy/ptII/ptolemy/actor/lib/test/auto/arrayType4.xml
----------------- Instantiating /home/travis/build/icyphy/ptII/ptolemy/actor/lib/test/auto/arrayType4.xml
2 ms. Memory: 528384K Free: 243108K (46%)
----------------- Invoking toplevel() on ptolemy.moml.MoMLSimpleApplication@98f7878
----------------- Done invoking toplevel() on ptolemy.moml.MoMLSimpleApplication@98f7878
reloadAllAccessors: .arrayType4

===========================================================================================
----------------- testing Wed Mar 04 07:12:59 UTC 2020 /home/travis/build/icyphy/ptII/ptolemy/actor/lib/test/auto/arrayType5.xml
----------------- Instantiating /home/travis/build/icyphy/ptII/ptolemy/actor/lib/test/auto/arrayType5.xml
2 ms. Memory: 528384K Free: 237988K (45%)
----------------- Invoking toplevel() on ptolemy.moml.MoMLSimpleApplication@1e5643ed
----------------- Done invoking toplevel() on ptolemy.moml.MoMLSimpleApplication@1e5643ed
reloadAllAccessors: .arrayType5

===========================================================================================
----------------- testing Wed Mar 04 07:12:59 UTC 2020 /home/travis/build/icyphy/ptII/ptolemy/actor/lib/test/auto/arrayType6.xml
----------------- Instantiating /home/travis/build/icyphy/ptII/ptolemy/actor/lib/test/auto/arrayType6.xml
1 ms. Memory: 528384K Free: 232868K (44%)
----------------- Invoking toplevel() on ptolemy.moml.MoMLSimpleApplication@1452d242
----------------- Done invoking toplevel() on ptolemy.moml.MoMLSimpleApplication@1452d242
reloadAllAccessors: .arrayType6

===========================================================================================
----------------- testing Wed Mar 04 07:12:59 UTC 2020 /home/travis/build/icyphy/ptII/ptolemy/actor/lib/test/auto/arrayType7.xml
----------------- Instantiating /home/travis/build/icyphy/ptII/ptolemy/actor/lib/test/auto/arrayType7.xml
5 ms. Memory: 528384K Free: 228262K (43%)
----------------- Invoking toplevel() on ptolemy.moml.MoMLSimpleApplication@797f8395
----------------- Done invoking toplevel() on ptolemy.moml.MoMLSimpleApplication@797f8395
reloadAllAccessors: .arrayType7

===========================================================================================
----------------- testing Wed Mar 04 07:12:59 UTC 2020 /home/travis/build/icyphy/ptII/ptolemy/actor/lib/test/auto/arrayType8.xml
----------------- Instantiating /home/travis/build/icyphy/ptII/ptolemy/actor/lib/test/auto/arrayType8.xml
1 ms. Memory: 528384K Free: 223652K (42%)
----------------- Invoking toplevel() on ptolemy.moml.MoMLSimpleApplication@1cc340e
----------------- Done invoking toplevel() on ptolemy.moml.MoMLSimpleApplication@1cc340e
reloadAllAccessors: .arrayType8

===========================================================================================
----------------- testing Wed Mar 04 07:12:59 UTC 2020 /home/travis/build/icyphy/ptII/ptolemy/actor/lib/test/auto/arrayType9.xml
----------------- Instantiating /home/travis/build/icyphy/ptII/ptolemy/actor/lib/test/auto/arrayType9.xml
2 ms. Memory: 528384K Free: 219046K (41%)
----------------- Invoking toplevel() on ptolemy.moml.MoMLSimpleApplication@2953d12b
----------------- Done invoking toplevel() on ptolemy.moml.MoMLSimpleApplication@2953d12b
reloadAllAccessors: .arrayType9

===========================================================================================
----------------- testing Wed Mar 04 07:12:59 UTC 2020 /home/travis/build/icyphy/ptII/ptolemy/actor/lib/test/auto/cast.xml
----------------- Instantiating /home/travis/build/icyphy/ptII/ptolemy/actor/lib/test/auto/cast.xml
9 ms. Memory: 528384K Free: 213926K (40%)
----------------- Invoking toplevel() on ptolemy.moml.MoMLSimpleApplication@4a42d90c
----------------- Done invoking toplevel() on ptolemy.moml.MoMLSimpleApplication@4a42d90c
reloadAllAccessors: .cast

===========================================================================================
----------------- testing Wed Mar 04 07:12:59 UTC 2020 /home/travis/build/icyphy/ptII/ptolemy/actor/lib/test/auto/compositeMultiPort.xml
----------------- Instantiating /home/travis/build/icyphy/ptII/ptolemy/actor/lib/test/auto/compositeMultiPort.xml
3 ms. Memory: 528384K Free: 205214K (39%)
----------------- Invoking toplevel() on ptolemy.moml.MoMLSimpleApplication@18f4941c
----------------- Done invoking toplevel() on ptolemy.moml.MoMLSimpleApplication@18f4941c
reloadAllAccessors: .compositeMultiPort

===========================================================================================
----------------- testing Wed Mar 04 07:12:59 UTC 2020 /home/travis/build/icyphy/ptII/ptolemy/actor/lib/test/auto/expressionCastInference.xml
----------------- Instantiating /home/travis/build/icyphy/ptII/ptolemy/actor/lib/test/auto/expressionCastInference.xml
3 ms. Memory: 528384K Free: 200614K (38%)
----------------- Invoking toplevel() on ptolemy.moml.MoMLSimpleApplication@1af4ef5c
----------------- Done invoking toplevel() on ptolemy.moml.MoMLSimpleApplication@1af4ef5c
reloadAllAccessors: .expressionCastInference

===========================================================================================
----------------- testing Wed Mar 04 07:12:59 UTC 2020 /home/travis/build/icyphy/ptII/ptolemy/actor/lib/test/auto/expressionCastInference2.xml
----------------- Instantiating /home/travis/build/icyphy/ptII/ptolemy/actor/lib/test/auto/expressionCastInference2.xml
2 ms. Memory: 528384K Free: 196004K (37%)
----------------- Invoking toplevel() on ptolemy.moml.MoMLSimpleApplication@72437ec
----------------- Done invoking toplevel() on ptolemy.moml.MoMLSimpleApplication@72437ec
reloadAllAccessors: .expressionCastInference2

===========================================================================================
----------------- testing Wed Mar 04 07:12:59 UTC 2020 /home/travis/build/icyphy/ptII/ptolemy/actor/lib/test/auto/expressionInference.xml
----------------- Instantiating /home/travis/build/icyphy/ptII/ptolemy/actor/lib/test/auto/expressionInference.xml
1 ms. Memory: 528384K Free: 191398K (36%)
----------------- Invoking toplevel() on ptolemy.moml.MoMLSimpleApplication@360db040
----------------- Done invoking toplevel() on ptolemy.moml.MoMLSimpleApplication@360db040
reloadAllAccessors: .expressionInference

===========================================================================================
----------------- testing Wed Mar 04 07:12:59 UTC 2020 /home/travis/build/icyphy/ptII/ptolemy/actor/lib/test/auto/expression_bug.xml
----------------- Instantiating /home/travis/build/icyphy/ptII/ptolemy/actor/lib/test/auto/expression_bug.xml
1 ms. Memory: 528384K Free: 186788K (35%)
----------------- Invoking toplevel() on ptolemy.moml.MoMLSimpleApplication@4585b23f
----------------- Done invoking toplevel() on ptolemy.moml.MoMLSimpleApplication@4585b23f
reloadAllAccessors: .expression_bug

===========================================================================================
----------------- testing Wed Mar 04 07:12:59 UTC 2020 /home/travis/build/icyphy/ptII/ptolemy/actor/lib/test/auto/factorial.xml
----------------- Instantiating /home/travis/build/icyphy/ptII/ptolemy/actor/lib/test/auto/factorial.xml
39 ms. Memory: 528384K Free: 178596K (34%)
----------------- Invoking toplevel() on ptolemy.moml.MoMLSimpleApplication@1785fb15
----------------- Done invoking toplevel() on ptolemy.moml.MoMLSimpleApplication@1785fb15
reloadAllAccessors: .factorial

===========================================================================================
----------------- testing Wed Mar 04 07:12:59 UTC 2020 /home/travis/build/icyphy/ptII/ptolemy/actor/lib/test/auto/filterTest1.xml
----------------- Instantiating /home/travis/build/icyphy/ptII/ptolemy/actor/lib/test/auto/filterTest1.xml
3 ms. Memory: 528384K Free: 172452K (33%)
----------------- Invoking toplevel() on ptolemy.moml.MoMLSimpleApplication@69e62d62
----------------- Done invoking toplevel() on ptolemy.moml.MoMLSimpleApplication@69e62d62
reloadAllAccessors: .filterTest1

===========================================================================================
----------------- testing Wed Mar 04 07:12:59 UTC 2020 /home/travis/build/icyphy/ptII/ptolemy/actor/lib/test/auto/funcApplyInConst.xml
----------------- Instantiating /home/travis/build/icyphy/ptII/ptolemy/actor/lib/test/auto/funcApplyInConst.xml
1 ms. Memory: 528384K Free: 168870K (32%)
----------------- Invoking toplevel() on ptolemy.moml.MoMLSimpleApplication@4c3c37f5
----------------- Done invoking toplevel() on ptolemy.moml.MoMLSimpleApplication@4c3c37f5
reloadAllAccessors: .funcApplyInConst

===========================================================================================
----------------- testing Wed Mar 04 07:12:59 UTC 2020 /home/travis/build/icyphy/ptII/ptolemy/actor/lib/test/auto/funcApplyInExpr.xml
----------------- Instantiating /home/travis/build/icyphy/ptII/ptolemy/actor/lib/test/auto/funcApplyInExpr.xml
2 ms. Memory: 528384K Free: 165284K (31%)
----------------- Invoking toplevel() on ptolemy.moml.MoMLSimpleApplication@17a8e7e6
----------------- Done invoking toplevel() on ptolemy.moml.MoMLSimpleApplication@17a8e7e6
reloadAllAccessors: .funcApplyInExpr

===========================================================================================
----------------- testing Wed Mar 04 07:12:59 UTC 2020 /home/travis/build/icyphy/ptII/ptolemy/actor/lib/test/auto/function.xml
----------------- Instantiating /home/travis/build/icyphy/ptII/ptolemy/actor/lib/test/auto/function.xml
2 ms. Memory: 528384K Free: 471042K (89%)
----------------- Invoking toplevel() on ptolemy.moml.MoMLSimpleApplication@15461dc1
----------------- Done invoking toplevel() on ptolemy.moml.MoMLSimpleApplication@15461dc1
reloadAllAccessors: .function

===========================================================================================
----------------- testing Wed Mar 04 07:12:59 UTC 2020 /home/travis/build/icyphy/ptII/ptolemy/actor/lib/test/auto/function2.xml
----------------- Instantiating /home/travis/build/icyphy/ptII/ptolemy/actor/lib/test/auto/function2.xml
2 ms. Memory: 528384K Free: 465922K (88%)
----------------- Invoking toplevel() on ptolemy.moml.MoMLSimpleApplication@61294f50
----------------- Done invoking toplevel() on ptolemy.moml.MoMLSimpleApplication@61294f50
reloadAllAccessors: .function2

===========================================================================================
----------------- testing Wed Mar 04 07:12:59 UTC 2020 /home/travis/build/icyphy/ptII/ptolemy/actor/lib/test/auto/function3.xml
----------------- Instantiating /home/travis/build/icyphy/ptII/ptolemy/actor/lib/test/auto/function3.xml
1 ms. Memory: 528384K Free: 462340K (88%)
----------------- Invoking toplevel() on ptolemy.moml.MoMLSimpleApplication@34a2f0f4
----------------- Done invoking toplevel() on ptolemy.moml.MoMLSimpleApplication@34a2f0f4
reloadAllAccessors: .function3

===========================================================================================
----------------- testing Wed Mar 04 07:12:59 UTC 2020 /home/travis/build/icyphy/ptII/ptolemy/actor/lib/test/auto/functionClosureTest1.xml
----------------- Instantiating /home/travis/build/icyphy/ptII/ptolemy/actor/lib/test/auto/functionClosureTest1.xml
2 ms. Memory: 528384K Free: 456706K (86%)
----------------- Invoking toplevel() on ptolemy.moml.MoMLSimpleApplication@231bc4f2
----------------- Done invoking toplevel() on ptolemy.moml.MoMLSimpleApplication@231bc4f2
reloadAllAccessors: .functionClosureTest1

===========================================================================================
----------------- testing Wed Mar 04 07:12:59 UTC 2020 /home/travis/build/icyphy/ptII/ptolemy/actor/lib/test/auto/functionClosureTest2.xml
----------------- Instantiating /home/travis/build/icyphy/ptII/ptolemy/actor/lib/test/auto/functionClosureTest2.xml
1 ms. Memory: 528384K Free: 452610K (86%)
----------------- Invoking toplevel() on ptolemy.moml.MoMLSimpleApplication@69437bf9
----------------- Done invoking toplevel() on ptolemy.moml.MoMLSimpleApplication@69437bf9
reloadAllAccessors: .functionClosureTest2

===========================================================================================
----------------- testing Wed Mar 04 07:12:59 UTC 2020 /home/travis/build/icyphy/ptII/ptolemy/actor/lib/test/auto/functionClosureTest3.xml
----------------- Instantiating /home/travis/build/icyphy/ptII/ptolemy/actor/lib/test/auto/functionClosureTest3.xml
2 ms. Memory: 528384K Free: 447490K (85%)
----------------- Invoking toplevel() on ptolemy.moml.MoMLSimpleApplication@573e8aa
----------------- Done invoking toplevel() on ptolemy.moml.MoMLSimpleApplication@573e8aa
reloadAllAccessors: .functionClosureTest3

===========================================================================================
----------------- testing Wed Mar 04 07:12:59 UTC 2020 /home/travis/build/icyphy/ptII/ptolemy/actor/lib/test/auto/functionClosureTest4.xml
----------------- Instantiating /home/travis/build/icyphy/ptII/ptolemy/actor/lib/test/auto/functionClosureTest4.xml
3 ms. Memory: 528384K Free: 441346K (84%)
----------------- Invoking toplevel() on ptolemy.moml.MoMLSimpleApplication@1ba6e61
----------------- Done invoking toplevel() on ptolemy.moml.MoMLSimpleApplication@1ba6e61
reloadAllAccessors: .functionClosureTest4

===========================================================================================
----------------- testing Wed Mar 04 07:12:59 UTC 2020 /home/travis/build/icyphy/ptII/ptolemy/actor/lib/test/auto/functionClosureTest5.xml
----------------- Instantiating /home/travis/build/icyphy/ptII/ptolemy/actor/lib/test/auto/functionClosureTest5.xml
4 ms. Memory: 528384K Free: 435716K (82%)
----------------- Invoking toplevel() on ptolemy.moml.MoMLSimpleApplication@444dcabd
----------------- Done invoking toplevel() on ptolemy.moml.MoMLSimpleApplication@444dcabd
reloadAllAccessors: .functionClosureTest5

===========================================================================================
----------------- testing Wed Mar 04 07:12:59 UTC 2020 /home/travis/build/icyphy/ptII/ptolemy/actor/lib/test/auto/functionClosureTest6.xml
----------------- Instantiating /home/travis/build/icyphy/ptII/ptolemy/actor/lib/test/auto/functionClosureTest6.xml
2 ms. Memory: 528384K Free: 431100K (82%)
----------------- Invoking toplevel() on ptolemy.moml.MoMLSimpleApplication@159cbcc8
----------------- Done invoking toplevel() on ptolemy.moml.MoMLSimpleApplication@159cbcc8
reloadAllAccessors: .functionClosureTest6

===========================================================================================
----------------- testing Wed Mar 04 07:12:59 UTC 2020 /home/travis/build/icyphy/ptII/ptolemy/actor/lib/test/auto/functionsOnArcs.xml
----------------- Instantiating /home/travis/build/icyphy/ptII/ptolemy/actor/lib/test/auto/functionsOnArcs.xml
2 ms. Memory: 528384K Free: 425986K (81%)
----------------- Invoking toplevel() on ptolemy.moml.MoMLSimpleApplication@11030957
----------------- Done invoking toplevel() on ptolemy.moml.MoMLSimpleApplication@11030957
reloadAllAccessors: .functionsOnArcs

===========================================================================================
----------------- testing Wed Mar 04 07:12:59 UTC 2020 /home/travis/build/icyphy/ptII/ptolemy/actor/lib/test/auto/functionsOnArcsHOF.xml
----------------- Instantiating /home/travis/build/icyphy/ptII/ptolemy/actor/lib/test/auto/functionsOnArcsHOF.xml
2 ms. Memory: 528384K Free: 419842K (79%)
----------------- Invoking toplevel() on ptolemy.moml.MoMLSimpleApplication@3e06d46e
----------------- Done invoking toplevel() on ptolemy.moml.MoMLSimpleApplication@3e06d46e
reloadAllAccessors: .functionsOnArcsHOF

===========================================================================================
----------------- testing Wed Mar 04 07:12:59 UTC 2020 /home/travis/build/icyphy/ptII/ptolemy/actor/lib/test/auto/logic.xml
----------------- Instantiating /home/travis/build/icyphy/ptII/ptolemy/actor/lib/test/auto/logic.xml
3 ms. Memory: 528384K Free: 412674K (78%)
----------------- Invoking toplevel() on ptolemy.moml.MoMLSimpleApplication@7e66e70
----------------- Done invoking toplevel() on ptolemy.moml.MoMLSimpleApplication@7e66e70
reloadAllAccessors: .logic

===========================================================================================
----------------- testing Wed Mar 04 07:12:59 UTC 2020 /home/travis/build/icyphy/ptII/ptolemy/actor/lib/test/auto/matrixType.xml
----------------- Instantiating /home/travis/build/icyphy/ptII/ptolemy/actor/lib/test/auto/matrixType.xml
2 ms. Memory: 528384K Free: 407540K (77%)
----------------- Invoking toplevel() on ptolemy.moml.MoMLSimpleApplication@56585151
----------------- Done invoking toplevel() on ptolemy.moml.MoMLSimpleApplication@56585151
reloadAllAccessors: .matrixType

===========================================================================================
----------------- testing Wed Mar 04 07:12:59 UTC 2020 /home/travis/build/icyphy/ptII/ptolemy/actor/lib/test/auto/matrixType10.xml
----------------- Instantiating /home/travis/build/icyphy/ptII/ptolemy/actor/lib/test/auto/matrixType10.xml
2 ms. Memory: 528384K Free: 402434K (76%)
----------------- Invoking toplevel() on ptolemy.moml.MoMLSimpleApplication@2a54da83
----------------- Done invoking toplevel() on ptolemy.moml.MoMLSimpleApplication@2a54da83
reloadAllAccessors: .matrixType10

===========================================================================================
----------------- testing Wed Mar 04 07:12:59 UTC 2020 /home/travis/build/icyphy/ptII/ptolemy/actor/lib/test/auto/matrixType11.xml
----------------- Instantiating /home/travis/build/icyphy/ptII/ptolemy/actor/lib/test/auto/matrixType11.xml
1 ms. Memory: 528384K Free: 397828K (75%)
----------------- Invoking toplevel() on ptolemy.moml.MoMLSimpleApplication@3b34cb11
----------------- Done invoking toplevel() on ptolemy.moml.MoMLSimpleApplication@3b34cb11
reloadAllAccessors: .matrixType11

===========================================================================================
----------------- testing Wed Mar 04 07:12:59 UTC 2020 /home/travis/build/icyphy/ptII/ptolemy/actor/lib/test/auto/matrixType12.xml
----------------- Instantiating /home/travis/build/icyphy/ptII/ptolemy/actor/lib/test/auto/matrixType12.xml
1 ms. Memory: 528384K Free: 393218K (74%)
----------------- Invoking toplevel() on ptolemy.moml.MoMLSimpleApplication@70d57748
----------------- Done invoking toplevel() on ptolemy.moml.MoMLSimpleApplication@70d57748
reloadAllAccessors: .matrixType12

===========================================================================================
----------------- testing Wed Mar 04 07:12:59 UTC 2020 /home/travis/build/icyphy/ptII/ptolemy/actor/lib/test/auto/matrixType13.xml
----------------- Instantiating /home/travis/build/icyphy/ptII/ptolemy/actor/lib/test/auto/matrixType13.xml
1 ms. Memory: 528384K Free: 388098K (73%)
----------------- Invoking toplevel() on ptolemy.moml.MoMLSimpleApplication@5bf02c34
----------------- Done invoking toplevel() on ptolemy.moml.MoMLSimpleApplication@5bf02c34
reloadAllAccessors: .matrixType13

===========================================================================================
----------------- testing Wed Mar 04 07:12:59 UTC 2020 /home/travis/build/icyphy/ptII/ptolemy/actor/lib/test/auto/matrixType14.xml
----------------- Instantiating /home/travis/build/icyphy/ptII/ptolemy/actor/lib/test/auto/matrixType14.xml
1 ms. Memory: 528384K Free: 382964K (72%)
----------------- Invoking toplevel() on ptolemy.moml.MoMLSimpleApplication@5e871175
----------------- Done invoking toplevel() on ptolemy.moml.MoMLSimpleApplication@5e871175
reloadAllAccessors: .matrixType14

===========================================================================================
----------------- testing Wed Mar 04 07:12:59 UTC 2020 /home/travis/build/icyphy/ptII/ptolemy/actor/lib/test/auto/matrixType2.xml
----------------- Instantiating /home/travis/build/icyphy/ptII/ptolemy/actor/lib/test/auto/matrixType2.xml
1 ms. Memory: 528384K Free: 377858K (72%)
----------------- Invoking toplevel() on ptolemy.moml.MoMLSimpleApplication@d4dbec1
----------------- Done invoking toplevel() on ptolemy.moml.MoMLSimpleApplication@d4dbec1
reloadAllAccessors: .matrixType2

===========================================================================================
----------------- testing Wed Mar 04 07:12:59 UTC 2020 /home/travis/build/icyphy/ptII/ptolemy/actor/lib/test/auto/matrixType3.xml
----------------- Instantiating /home/travis/build/icyphy/ptII/ptolemy/actor/lib/test/auto/matrixType3.xml
3 ms. Memory: 528384K Free: 372738K (71%)
----------------- Invoking toplevel() on ptolemy.moml.MoMLSimpleApplication@49032978
----------------- Done invoking toplevel() on ptolemy.moml.MoMLSimpleApplication@49032978
reloadAllAccessors: .matrixType3

===========================================================================================
----------------- testing Wed Mar 04 07:13:00 UTC 2020 /home/travis/build/icyphy/ptII/ptolemy/actor/lib/test/auto/matrixType4.xml
----------------- Instantiating /home/travis/build/icyphy/ptII/ptolemy/actor/lib/test/auto/matrixType4.xml
1 ms. Memory: 528384K Free: 368132K (70%)
----------------- Invoking toplevel() on ptolemy.moml.MoMLSimpleApplication@774b7f66
----------------- Done invoking toplevel() on ptolemy.moml.MoMLSimpleApplication@774b7f66
reloadAllAccessors: .matrixType4

===========================================================================================
----------------- testing Wed Mar 04 07:13:00 UTC 2020 /home/travis/build/icyphy/ptII/ptolemy/actor/lib/test/auto/matrixType5.xml
----------------- Instantiating /home/travis/build/icyphy/ptII/ptolemy/actor/lib/test/auto/matrixType5.xml
1 ms. Memory: 528384K Free: 363522K (69%)
----------------- Invoking toplevel() on ptolemy.moml.MoMLSimpleApplication@4959c9a2
----------------- Done invoking toplevel() on ptolemy.moml.MoMLSimpleApplication@4959c9a2
reloadAllAccessors: .matrixType5

===========================================================================================
----------------- testing Wed Mar 04 07:13:00 UTC 2020 /home/travis/build/icyphy/ptII/ptolemy/actor/lib/test/auto/matrixType6.xml
----------------- Instantiating /home/travis/build/icyphy/ptII/ptolemy/actor/lib/test/auto/matrixType6.xml
1 ms. Memory: 528384K Free: 358402K (68%)
----------------- Invoking toplevel() on ptolemy.moml.MoMLSimpleApplication@5c2f4ab1
----------------- Done invoking toplevel() on ptolemy.moml.MoMLSimpleApplication@5c2f4ab1
reloadAllAccessors: .matrixType6

===========================================================================================
----------------- testing Wed Mar 04 07:13:00 UTC 2020 /home/travis/build/icyphy/ptII/ptolemy/actor/lib/test/auto/matrixType7.xml
----------------- Instantiating /home/travis/build/icyphy/ptII/ptolemy/actor/lib/test/auto/matrixType7.xml
2 ms. Memory: 528384K Free: 353796K (67%)
----------------- Invoking toplevel() on ptolemy.moml.MoMLSimpleApplication@4d5e6bf5
----------------- Done invoking toplevel() on ptolemy.moml.MoMLSimpleApplication@4d5e6bf5
reloadAllAccessors: .matrixType7

===========================================================================================
----------------- testing Wed Mar 04 07:13:00 UTC 2020 /home/travis/build/icyphy/ptII/ptolemy/actor/lib/test/auto/matrixType8.xml
----------------- Instantiating /home/travis/build/icyphy/ptII/ptolemy/actor/lib/test/auto/matrixType8.xml
2 ms. Memory: 528384K Free: 349186K (66%)
----------------- Invoking toplevel() on ptolemy.moml.MoMLSimpleApplication@4b56379f
----------------- Done invoking toplevel() on ptolemy.moml.MoMLSimpleApplication@4b56379f
reloadAllAccessors: .matrixType8

===========================================================================================
----------------- testing Wed Mar 04 07:13:00 UTC 2020 /home/travis/build/icyphy/ptII/ptolemy/actor/lib/test/auto/matrixType9.xml
----------------- Instantiating /home/travis/build/icyphy/ptII/ptolemy/actor/lib/test/auto/matrixType9.xml
1 ms. Memory: 528384K Free: 344066K (65%)
----------------- Invoking toplevel() on ptolemy.moml.MoMLSimpleApplication@21855c3f
----------------- Done invoking toplevel() on ptolemy.moml.MoMLSimpleApplication@21855c3f
reloadAllAccessors: .matrixType9

===========================================================================================
----------------- testing Wed Mar 04 07:13:00 UTC 2020 /home/travis/build/icyphy/ptII/ptolemy/actor/lib/test/auto/paraFunctest.xml
----------------- Instantiating /home/travis/build/icyphy/ptII/ptolemy/actor/lib/test/auto/paraFunctest.xml
2 ms. Memory: 528384K Free: 340484K (64%)
----------------- Invoking toplevel() on ptolemy.moml.MoMLSimpleApplication@67ebc753
----------------- Done invoking toplevel() on ptolemy.moml.MoMLSimpleApplication@67ebc753
reloadAllAccessors: .paraFunctest

===========================================================================================
----------------- testing Wed Mar 04 07:13:00 UTC 2020 /home/travis/build/icyphy/ptII/ptolemy/actor/lib/test/auto/paraFunctest2.xml
----------------- Instantiating /home/travis/build/icyphy/ptII/ptolemy/actor/lib/test/auto/paraFunctest2.xml
2 ms. Memory: 528384K Free: 335874K (64%)
----------------- Invoking toplevel() on ptolemy.moml.MoMLSimpleApplication@6d140ba4
----------------- Done invoking toplevel() on ptolemy.moml.MoMLSimpleApplication@6d140ba4
reloadAllAccessors: .paraFunctest2

===========================================================================================
----------------- testing Wed Mar 04 07:13:00 UTC 2020 /home/travis/build/icyphy/ptII/ptolemy/actor/lib/test/auto/parameterPassing.xml
----------------- Instantiating /home/travis/build/icyphy/ptII/ptolemy/actor/lib/test/auto/parameterPassing.xml
0 ms. Memory: 528384K Free: 331778K (63%)
----------------- Invoking toplevel() on ptolemy.moml.MoMLSimpleApplication@8813a57
----------------- Done invoking toplevel() on ptolemy.moml.MoMLSimpleApplication@8813a57
reloadAllAccessors: .parameterPassing

===========================================================================================
----------------- testing Wed Mar 04 07:13:00 UTC 2020 /home/travis/build/icyphy/ptII/ptolemy/actor/lib/test/auto/record.xml
----------------- Instantiating /home/travis/build/icyphy/ptII/ptolemy/actor/lib/test/auto/record.xml
3 ms. Memory: 528384K Free: 327172K (62%)
----------------- Invoking toplevel() on ptolemy.moml.MoMLSimpleApplication@7234e5ae
----------------- Done invoking toplevel() on ptolemy.moml.MoMLSimpleApplication@7234e5ae
reloadAllAccessors: .record

===========================================================================================
----------------- testing Wed Mar 04 07:13:00 UTC 2020 /home/travis/build/icyphy/ptII/ptolemy/actor/lib/test/auto/sizedarray1.xml
----------------- Instantiating /home/travis/build/icyphy/ptII/ptolemy/actor/lib/test/auto/sizedarray1.xml
2 ms. Memory: 528384K Free: 321538K (61%)
----------------- Invoking toplevel() on ptolemy.moml.MoMLSimpleApplication@7e8b21b
----------------- Done invoking toplevel() on ptolemy.moml.MoMLSimpleApplication@7e8b21b
reloadAllAccessors: .sizedarray1

===========================================================================================
----------------- testing Wed Mar 04 07:13:00 UTC 2020 /home/travis/build/icyphy/ptII/ptolemy/actor/lib/test/auto/sizedarray2.xml
----------------- Instantiating /home/travis/build/icyphy/ptII/ptolemy/actor/lib/test/auto/sizedarray2.xml
3 ms. Memory: 528384K Free: 315908K (60%)
----------------- Invoking toplevel() on ptolemy.moml.MoMLSimpleApplication@1453cb72
----------------- Done invoking toplevel() on ptolemy.moml.MoMLSimpleApplication@1453cb72
reloadAllAccessors: .sizedarray2

===========================================================================================
----------------- testing Wed Mar 04 07:13:00 UTC 2020 /home/travis/build/icyphy/ptII/ptolemy/actor/lib/test/auto/twoPublishers.xml
----------------- Instantiating /home/travis/build/icyphy/ptII/ptolemy/actor/lib/test/auto/twoPublishers.xml
5 ms. Memory: 528384K Free: 305668K (58%)
----------------- Invoking toplevel() on ptolemy.moml.MoMLSimpleApplication@28fb2723
----------------- Done invoking toplevel() on ptolemy.moml.MoMLSimpleApplication@28fb2723
reloadAllAccessors: .twoPublishers
AutoTests.java: About to close Vertx.
AutoTests.java: Vertx closed.
]]></system-out>
  <system-err><![CDATA[java.lang.RuntimeException: Execution failed
	at ptolemy.moml.MoMLSimpleApplication$UnloadThread.run(MoMLSimpleApplication.java:402)
Caused by: java.lang.RuntimeException: StringUtilities.exit() was called. Normally, we would exit here because Manager.exitAfterWrapup() was called.  However, because the ptolemy.ptII.exitAfterWrapup property is set, we throw this exception instead.
	at ptolemy.util.StringUtilities.exit(StringUtilities.java:365)
	at ptolemy.actor.Manager.wrapup(Manager.java:1549)
	at ptolemy.actor.Manager.execute(Manager.java:407)
	at ptolemy.actor.Manager.run(Manager.java:1263)
	at ptolemy.actor.Manager$PtolemyRunThread.run(Manager.java:1933)
Warning: '.top.test' is in training mode, set the trainingMode parameter to false before checking in
Warning: '.top.test' is in training mode, set the trainingMode parameter to false before checking in
Warning: '.top.test' is in training mode, set the trainingMode parameter to false before checking in
Warning: '.BooleanSwitch_RegressionTest_WrongTrainingValues.Test' is in training mode, set the trainingMode parameter to false before checking in
Warning: '.BooleanSwitch_RegressionTest_WrongTrainingValues.Test2' is in training mode, set the trainingMode parameter to false before checking in
Warning: '.BooleanSwitch_RegressionTest_WrongTrainingValues.Test2' The test produced 0 tokens.
Warning: '.top.testExceptionHandler' is in training mode, set the trainingMode parameter to false before checking in
java.lang.RuntimeException: Execution failed
	at ptolemy.moml.MoMLSimpleApplication$UnloadThread.run(MoMLSimpleApplication.java:402)
Caused by: ptolemy.kernel.util.IllegalActionException: PublisherPorts cannot be used at the top level, use a Publisher actor instead.
  in .PublisherPortToplevelSubscriber.PublisherPort
	at ptolemy.actor.PublisherPort.preinitialize(PublisherPort.java:403)
	at ptolemy.actor.CompositeActor.preinitialize(CompositeActor.java:1769)
	at ptolemy.actor.Manager.preinitializeAndResolveTypes(Manager.java:1040)
	at ptolemy.actor.Manager.initialize(Manager.java:710)
	at ptolemy.actor.Manager.execute(Manager.java:356)
	at ptolemy.actor.Manager.run(Manager.java:1263)
	at ptolemy.actor.Manager$PtolemyRunThread.run(Manager.java:1933)
java.lang.reflect.InvocationTargetException
	at java.base/jdk.internal.reflect.NativeConstructorAccessorImpl.newInstance0(Native Method)
	at java.base/jdk.internal.reflect.NativeConstructorAccessorImpl.newInstance(NativeConstructorAccessorImpl.java:62)
	at java.base/jdk.internal.reflect.DelegatingConstructorAccessorImpl.newInstance(DelegatingConstructorAccessorImpl.java:45)
	at java.base/java.lang.reflect.Constructor.newInstance(Constructor.java:490)
	at ptolemy.util.test.junit.AutoKnownFailedTests.RunModel(AutoKnownFailedTests.java:105)
	at java.base/jdk.internal.reflect.NativeMethodAccessorImpl.invoke0(Native Method)
	at java.base/jdk.internal.reflect.NativeMethodAccessorImpl.invoke(NativeMethodAccessorImpl.java:62)
	at java.base/jdk.internal.reflect.DelegatingMethodAccessorImpl.invoke(DelegatingMethodAccessorImpl.java:43)
	at java.base/java.lang.reflect.Method.invoke(Method.java:566)
	at org.junit.runners.model.FrameworkMethod$1.runReflectiveCall(FrameworkMethod.java:44)
	at org.junit.internal.runners.model.ReflectiveCallable.run(ReflectiveCallable.java:15)
	at org.junit.runners.model.FrameworkMethod.invokeExplosively(FrameworkMethod.java:41)
	at junitparams.internal.InvokeParameterisedMethod.evaluate(InvokeParameterisedMethod.java:102)
	at org.junit.internal.runners.statements.FailOnTimeout$1.run(FailOnTimeout.java:28)
Caused by: ptolemy.kernel.util.IllegalActionException: PublisherPorts cannot be used at the top level, use a Publisher actor instead.
  in .PublisherPortToplevelSubscriber.PublisherPort
	at ptolemy.actor.PublisherPort.preinitialize(PublisherPort.java:403)
	at ptolemy.actor.CompositeActor.preinitialize(CompositeActor.java:1769)
	at ptolemy.actor.Manager.preinitializeAndResolveTypes(Manager.java:1040)
	at ptolemy.actor.Manager.initialize(Manager.java:710)
	at ptolemy.actor.Manager.execute(Manager.java:356)
	at ptolemy.actor.Manager.run(Manager.java:1263)
	at ptolemy.actor.Manager$PtolemyRunThread.run(Manager.java:1933)
java.lang.RuntimeException: Execution failed
	at ptolemy.moml.MoMLSimpleApplication$UnloadThread.run(MoMLSimpleApplication.java:402)
Caused by: ptolemy.kernel.util.IllegalActionException: SubscriberPorts cannot be used at the top level, use a Subscriber actor instead.
  in .PublisherSubscriberPortToplevel.SubscriberPort
	at ptolemy.actor.SubscriberPort.preinitialize(SubscriberPort.java:328)
	at ptolemy.actor.CompositeActor.preinitialize(CompositeActor.java:1769)
	at ptolemy.actor.Manager.preinitializeAndResolveTypes(Manager.java:1040)
	at ptolemy.actor.Manager.initialize(Manager.java:710)
	at ptolemy.actor.Manager.execute(Manager.java:356)
	at ptolemy.actor.Manager.run(Manager.java:1263)
	at ptolemy.actor.Manager$PtolemyRunThread.run(Manager.java:1933)
java.lang.reflect.InvocationTargetException
	at java.base/jdk.internal.reflect.NativeConstructorAccessorImpl.newInstance0(Native Method)
	at java.base/jdk.internal.reflect.NativeConstructorAccessorImpl.newInstance(NativeConstructorAccessorImpl.java:62)
	at java.base/jdk.internal.reflect.DelegatingConstructorAccessorImpl.newInstance(DelegatingConstructorAccessorImpl.java:45)
	at java.base/java.lang.reflect.Constructor.newInstance(Constructor.java:490)
	at ptolemy.util.test.junit.AutoKnownFailedTests.RunModel(AutoKnownFailedTests.java:105)
	at java.base/jdk.internal.reflect.NativeMethodAccessorImpl.invoke0(Native Method)
	at java.base/jdk.internal.reflect.NativeMethodAccessorImpl.invoke(NativeMethodAccessorImpl.java:62)
	at java.base/jdk.internal.reflect.DelegatingMethodAccessorImpl.invoke(DelegatingMethodAccessorImpl.java:43)
	at java.base/java.lang.reflect.Method.invoke(Method.java:566)
	at org.junit.runners.model.FrameworkMethod$1.runReflectiveCall(FrameworkMethod.java:44)
	at org.junit.internal.runners.model.ReflectiveCallable.run(ReflectiveCallable.java:15)
	at org.junit.runners.model.FrameworkMethod.invokeExplosively(FrameworkMethod.java:41)
	at junitparams.internal.InvokeParameterisedMethod.evaluate(InvokeParameterisedMethod.java:102)
	at org.junit.internal.runners.statements.FailOnTimeout$1.run(FailOnTimeout.java:28)
Caused by: ptolemy.kernel.util.IllegalActionException: SubscriberPorts cannot be used at the top level, use a Subscriber actor instead.
  in .PublisherSubscriberPortToplevel.SubscriberPort
	at ptolemy.actor.SubscriberPort.preinitialize(SubscriberPort.java:328)
	at ptolemy.actor.CompositeActor.preinitialize(CompositeActor.java:1769)
	at ptolemy.actor.Manager.preinitializeAndResolveTypes(Manager.java:1040)
	at ptolemy.actor.Manager.initialize(Manager.java:710)
	at ptolemy.actor.Manager.execute(Manager.java:356)
	at ptolemy.actor.Manager.run(Manager.java:1263)
	at ptolemy.actor.Manager$PtolemyRunThread.run(Manager.java:1933)
java.lang.RuntimeException: Execution failed
	at ptolemy.moml.MoMLSimpleApplication$UnloadThread.run(MoMLSimpleApplication.java:402)
Caused by: ptolemy.kernel.util.IllegalActionException: SubscriptionAggregatorPorts cannot be used at the top level, use a SubscriptionAggregator actor instead.
  in .PublisherSubscriptionAggregatorPort.SubscriptionAggregatorPort
	at ptolemy.actor.SubscriptionAggregatorPort.preinitialize(SubscriptionAggregatorPort.java:353)
	at ptolemy.actor.CompositeActor.preinitialize(CompositeActor.java:1769)
	at ptolemy.actor.Manager.preinitializeAndResolveTypes(Manager.java:1040)
	at ptolemy.actor.Manager.initialize(Manager.java:710)
	at ptolemy.actor.Manager.execute(Manager.java:356)
	at ptolemy.actor.Manager.run(Manager.java:1263)
	at ptolemy.actor.Manager$PtolemyRunThread.run(Manager.java:1933)
java.lang.reflect.InvocationTargetException
	at java.base/jdk.internal.reflect.NativeConstructorAccessorImpl.newInstance0(Native Method)
	at java.base/jdk.internal.reflect.NativeConstructorAccessorImpl.newInstance(NativeConstructorAccessorImpl.java:62)
	at java.base/jdk.internal.reflect.DelegatingConstructorAccessorImpl.newInstance(DelegatingConstructorAccessorImpl.java:45)
	at java.base/java.lang.reflect.Constructor.newInstance(Constructor.java:490)
	at ptolemy.util.test.junit.AutoKnownFailedTests.RunModel(AutoKnownFailedTests.java:105)
	at java.base/jdk.internal.reflect.NativeMethodAccessorImpl.invoke0(Native Method)
	at java.base/jdk.internal.reflect.NativeMethodAccessorImpl.invoke(NativeMethodAccessorImpl.java:62)
	at java.base/jdk.internal.reflect.DelegatingMethodAccessorImpl.invoke(DelegatingMethodAccessorImpl.java:43)
	at java.base/java.lang.reflect.Method.invoke(Method.java:566)
	at org.junit.runners.model.FrameworkMethod$1.runReflectiveCall(FrameworkMethod.java:44)
	at org.junit.internal.runners.model.ReflectiveCallable.run(ReflectiveCallable.java:15)
	at org.junit.runners.model.FrameworkMethod.invokeExplosively(FrameworkMethod.java:41)
	at junitparams.internal.InvokeParameterisedMethod.evaluate(InvokeParameterisedMethod.java:102)
	at org.junit.internal.runners.statements.FailOnTimeout$1.run(FailOnTimeout.java:28)
Caused by: ptolemy.kernel.util.IllegalActionException: SubscriptionAggregatorPorts cannot be used at the top level, use a SubscriptionAggregator actor instead.
  in .PublisherSubscriptionAggregatorPort.SubscriptionAggregatorPort
	at ptolemy.actor.SubscriptionAggregatorPort.preinitialize(SubscriptionAggregatorPort.java:353)
	at ptolemy.actor.CompositeActor.preinitialize(CompositeActor.java:1769)
	at ptolemy.actor.Manager.preinitializeAndResolveTypes(Manager.java:1040)
	at ptolemy.actor.Manager.initialize(Manager.java:710)
	at ptolemy.actor.Manager.execute(Manager.java:356)
	at ptolemy.actor.Manager.run(Manager.java:1263)
	at ptolemy.actor.Manager$PtolemyRunThread.run(Manager.java:1933)
java.lang.RuntimeException: Execution failed
	at ptolemy.moml.MoMLSimpleApplication$UnloadThread.run(MoMLSimpleApplication.java:402)
Caused by: ptolemy.kernel.util.IllegalActionException: TypeTest actor has no training data.
  in .sizedarray3.TypeTest
	at ptolemy.actor.lib.TypeTest.initialize(TypeTest.java:250)
	at ptolemy.actor.Director.initialize(Director.java:938)
	at ptolemy.actor.Director.initialize(Director.java:907)
	at ptolemy.actor.sched.StaticSchedulingDirector.initialize(StaticSchedulingDirector.java:159)
	at ptolemy.domains.sdf.kernel.SDFDirector.initialize(SDFDirector.java:544)
	at ptolemy.actor.CompositeActor.initialize(CompositeActor.java:935)
	at ptolemy.actor.Manager.initialize(Manager.java:724)
	at ptolemy.actor.Manager.execute(Manager.java:356)
	at ptolemy.actor.Manager.run(Manager.java:1263)
	at ptolemy.actor.Manager$PtolemyRunThread.run(Manager.java:1933)
java.lang.reflect.InvocationTargetException
	at java.base/jdk.internal.reflect.NativeConstructorAccessorImpl.newInstance0(Native Method)
	at java.base/jdk.internal.reflect.NativeConstructorAccessorImpl.newInstance(NativeConstructorAccessorImpl.java:62)
	at java.base/jdk.internal.reflect.DelegatingConstructorAccessorImpl.newInstance(DelegatingConstructorAccessorImpl.java:45)
	at java.base/java.lang.reflect.Constructor.newInstance(Constructor.java:490)
	at ptolemy.util.test.junit.AutoKnownFailedTests.RunModel(AutoKnownFailedTests.java:105)
	at java.base/jdk.internal.reflect.NativeMethodAccessorImpl.invoke0(Native Method)
	at java.base/jdk.internal.reflect.NativeMethodAccessorImpl.invoke(NativeMethodAccessorImpl.java:62)
	at java.base/jdk.internal.reflect.DelegatingMethodAccessorImpl.invoke(DelegatingMethodAccessorImpl.java:43)
	at java.base/java.lang.reflect.Method.invoke(Method.java:566)
	at org.junit.runners.model.FrameworkMethod$1.runReflectiveCall(FrameworkMethod.java:44)
	at org.junit.internal.runners.model.ReflectiveCallable.run(ReflectiveCallable.java:15)
	at org.junit.runners.model.FrameworkMethod.invokeExplosively(FrameworkMethod.java:41)
	at junitparams.internal.InvokeParameterisedMethod.evaluate(InvokeParameterisedMethod.java:102)
	at org.junit.internal.runners.statements.FailOnTimeout$1.run(FailOnTimeout.java:28)
Caused by: ptolemy.kernel.util.IllegalActionException: TypeTest actor has no training data.
  in .sizedarray3.TypeTest
	at ptolemy.actor.lib.TypeTest.initialize(TypeTest.java:250)
	at ptolemy.actor.Director.initialize(Director.java:938)
	at ptolemy.actor.Director.initialize(Director.java:907)
	at ptolemy.actor.sched.StaticSchedulingDirector.initialize(StaticSchedulingDirector.java:159)
	at ptolemy.domains.sdf.kernel.SDFDirector.initialize(SDFDirector.java:544)
	at ptolemy.actor.CompositeActor.initialize(CompositeActor.java:935)
	at ptolemy.actor.Manager.initialize(Manager.java:724)
	at ptolemy.actor.Manager.execute(Manager.java:356)
	at ptolemy.actor.Manager.run(Manager.java:1263)
	at ptolemy.actor.Manager$PtolemyRunThread.run(Manager.java:1933)
]]></system-err>
</testsuite>
