<?xml version="1.0" encoding="UTF-8" ?>
<testsuite errors="0" failures="0" hostname="travis-job-0540a990-2fcc-4537-be10-8537a1c4abe9" name="ptolemy.actor.lib.test.junit.JUnitTclTest" skipped="0" tests="517" time="58.776" timestamp="2018-06-22T01:21:47">
  <properties>
    <property name="npm.executable" value="npm" />
    <property name="file.encoding.pkg" value="sun.io" />
    <property name="ptII.mk.exists" value="true" />
    <property name="env.rvm_bin_path" value="/home/travis/.rvm/bin" />
    <property name="java.home" value="/usr/lib/jvm/java-8-oracle/jre" />
    <property name="env.TRAVIS_JOB_NUMBER" value="626.8" />
    <property name="env.DISPLAY" value=":99.0" />
    <property name="java.net.preferIPv4Stack" value="true" />
    <property name="env.SSH_TTY" value="/dev/pts/0" />
    <property name="env.RUN_TESTS" value="false" />
    <property name="timeout.short" value="1000000" />
    <property name="env.TRAVIS_STACK_NODE_ATTRIBUTES" value="/.node-attributes.yml" />
    <property name="junit.formatter" value="xml" />
    <property name="java.endorsed.dirs" value="/usr/lib/jvm/java-8-oracle/jre/lib/endorsed" />
    <property name="env.TRAVIS_SUDO" value="true" />
    <property name="env.LOGNAME" value="travis" />
    <property name="env.PT_TRAVIS_TEST_CORE1_XML" value="true" />
    <property name="jsdoc.home" value="node_modules/@terraswarm/jsdoc" />
    <property name="debuglevel" value="source,lines,vars" />
    <property name="checkstyle.formatter" value="xml" />
    <property name="bin.vergil.makeable" value="true" />
    <property name="env._system_version" value="14.04" />
    <property name="sun.os.patch.level" value="unknown" />
    <property name="java.vendor.url" value="http://java.oracle.com/" />
    <property name="java.version" value="1.8.0_151" />
    <property name="env.TZ" value="UTC" />
    <property name="env.PT_NO_NET" value="true" />
    <property name="env.TRAVIS_PULL_REQUEST_SHA" value="" />
    <property name="env.TRAVIS_SECURE_ENV_VARS" value="true" />
    <property name="env._system_type" value="Linux" />
    <property name="java.vendor.url.bug" value="http://bugreport.sun.com/bugreport/" />
    <property name="env.SSH_CLIENT" value="10.10.4.8 39564 22" />
    <property name="npmjs-org-is-up" value="true" />
    <property name="env.GEM_HOME" value="/home/travis/.rvm/gems/ruby-2.4.1" />
    <property name="env.HAS_ANTARES_THREE_LITTLE_FRONZIES_BADGE" value="true" />
    <property name="env.PS4" value="+" />
    <property name="ant.project.invoked-targets" value="build,test.core1.xml" />
    <property name="env.TRAVIS_PULL_REQUEST_BRANCH" value="" />
    <property name="env.TRAVIS_REPO_SLUG" value="icyphy/ptII" />
    <property name="node.in.path" value="true" />
    <property name="java.maxmemory" value="1400m" />
    <property name="env.RUBY_VERSION" value="ruby-2.4.1" />
    <property name="user.name" value="travis" />
    <property name="env.LANG" value="en_US.UTF-8" />
    <property name="sun.io.unicode.encoding" value="UnicodeLittle" />
    <property name="sun.jnu.encoding" value="UTF-8" />
    <property name="java.runtime.name" value="Java(TM) SE Runtime Environment" />
    <property name="usefile" value="false" />
    <property name="return.code" value="0" />
    <property name="junit.single.formatter" value="plain" />
    <property name="env.DYLD_LIBRARY_PATH" value="/home/travis/pthla/certi-tools/lib:" />
    <property name="env.DEBIAN_FRONTEND" value="noninteractive" />
    <property name="env.SSH_CONNECTION" value="10.10.4.8 39564 10.20.0.101 22" />
    <property name="env.MYSQL_UNIX_PORT" value="/var/run/mysqld/mysqld.sock" />
    <property name="env.TRAVIS_ALLOW_FAILURE" value="false" />
    <property name="env.LC_ALL" value="en_US.UTF-8" />
    <property name="java.specification.name" value="Java Platform API Specification" />
    <property name="node.works" value="true" />
    <property name="user.timezone" value="" />
    <property name="path.separator" value=":" />
    <property name="env.PYTHON_CFLAGS" value="-g -fstack-protector --param=ssp-buffer-size=4 -Wformat -Werror=format-security" />
    <property name="timeout.long" value="4000000" />
    <property name="env.CERTI_HOME" value="/home/travis/pthla/certi-tools" />
    <property name="file.encoding" value="UTF-8" />
    <property name="ant.file.ptII" value="/home/travis/build/icyphy/ptII/build.xml" />
    <property name="javadoc.packagenames" value="com.*,diva.*,lbnl.*,org.hlacerti.*,org.json.*,org.ptolemy.*,org.terraswarm.*,ptolemy.*,ptserver.*" />
    <property name="env.TRAVIS_PULL_REQUEST_SLUG" value="" />
    <property name="ant.project.default-target" value="build" />
    <property name="env.GIT_ASKPASS" value="echo" />
    <property name="env.HOME" value="/home/travis" />
    <property name="sun.java.command" value="org.apache.tools.ant.taskdefs.optional.junit.JUnitTestRunner ptolemy.actor.lib.test.junit.JUnitTclTest skipNonTests=false filtertrace=true haltOnError=false haltOnFailure=false formatter=org.apache.tools.ant.taskdefs.optional.junit.OutErrSummaryJUnitResultFormatter showoutput=true outputtoformatters=true logfailedtests=true threadid=0 logtestlistenerevents=false formatter=org.apache.tools.ant.taskdefs.optional.junit.XMLJUnitResultFormatter,/home/travis/build/icyphy/ptII/reports/junit/TEST-ptolemy.actor.lib.test.junit.JUnitTclTest.xml crashfile=/home/travis/build/icyphy/ptII/junitvmwatcher2253269751692208958.properties propsfile=/home/travis/build/icyphy/ptII/junit3864705757560375712.properties" />
    <property name="env.MANPATH" value="/home/travis/.nvm/versions/node/v7.10.1/share/man:/home/travis/.kiex/elixirs/elixir-1.4.5/man:/home/travis/.rvm/rubies/ruby-2.4.1/share/man:/usr/local/man:/usr/local/cmake-3.9.2/man:/usr/local/clang-5.0.0/share/man:/usr/local/share/man:/usr/share/man:/home/travis/.rvm/man" />
    <property name="env.COMPOSER_NO_INTERACTION" value="1" />
    <property name="env.JDK_SWITCHER_DEFAULT" value="oraclejdk8" />
    <property name="ant.file" value="/home/travis/build/icyphy/ptII/build.xml" />
    <property name="env.TRAVIS_COMMIT_RANGE" value="eb8bce35f002558a371533bbbe9cddaf9cff2be5...891c8a9ef3b6f14566ca1fee895230178d9f4de7" />
    <property name="env._system_name" value="Ubuntu" />
    <property name="timeout" value="2400000" />
    <property name="ptII.classpath.optional.property" value="/home/travis/build/icyphy/ptII/lib/bsh-2.0b4.jar:/home/travis/build/icyphy/ptII/lib/ptCal.jar:/home/travis/build/icyphy/ptII/lib/java_cup.jar:/home/travis/build/icyphy/ptII/lib/saxon8.jar:/home/travis/build/icyphy/ptII/lib/saxon8-dom.jar:/home/travis/build/icyphy/ptII/lib/chic.jar:/home/travis/build/icyphy/ptII/lib/ptcolt.jar:/usr/lib/jvm/java-8-oracle/lib/tools.jar:/usr/lib/eclipse/plugins/org.eclipse.jdt.core_3.8.2.dist.jar:/usr/lib/eclipse/plugins/org.eclipse.core.runtime_3.8.0.dist.jar:/usr/lib/eclipse/plugins/org.eclipse.osgi_3.8.1.dist.jar:/usr/lib/eclipse/plugins/org.eclipse.core.resources_3.8.1.dist.jar:/usr/lib/eclipse/plugins/org.eclipse.equinox.common_3.6.100.dist.jar:/usr/lib/eclipse/plugins/org.eclipse.core.jobs_3.5.200.dist.jar:/usr/lib/eclipse/plugins/org.eclipse.core.contenttype_3.4.200.dist.jar:/usr/lib/eclipse/plugins/org.eclipse.equinox.preferences_3.5.0.dist.jar:/usr/lib/eclipse/plugins/org.eclipse.text_3.5.200.dist.jar:/usr/lib/eclipse/plugins/org.eclipse.ui.workbench_3.8.1.dist.jar:/usr/lib/eclipse/plugins/org.eclipse.jface_3.8.0.dist.jar:/usr/lib/eclipse/plugins/org.eclipse.swt_3.8.2.jar:/usr/lib/eclipse/plugins/org.eclipse.jface.text_3.8.1.dist.jar:/usr/lib/eclipse/plugins/org.eclipse.ui.workbench.texteditor_3.8.0.dist.jar:/usr/lib/eclipse/plugins/org.eclipse.ui.editors_3.8.0.dist.jar:/usr/lib/eclipse/plugins/org.eclipse.core.commands_3.6.1.dist.jar:/usr/lib/eclipse/plugins/org.eclipse.equinox.registry_3.5.200.dist.jar:/usr/lib/eclipse/plugins/org.eclipse.ui.console_3.5.100.dist.jar:/usr/lib/eclipse/plugins/org.eclipse.ui.forms_3.5.200.dist.jar:/usr/lib/eclipse/plugins/org.eclipse.ui.ide_3.8.1.dist.jar:/home/travis/build/icyphy/ptII/vendors/oracle/dbxml.jar:/home/travis/build/icyphy/ptII/vendors/oracle/db.jar:/home/travis/build/icyphy/ptII/vendors/misc/itext/iText.jar:/home/travis/build/icyphy/ptII/lib/g4ltl.jar:/home/travis/build/icyphy/ptII/lib/StructuralCoder.jar:/home/travis/build/icyphy/ptII/lib/org-openide-util.jar:/home/travis/build/icyphy/ptII/lib/org-openide-util-lookup.jar:/home/travis/build/icyphy/ptII/lib/org-netbeans-api-visual.jar:/home/travis/build/icyphy/ptII/vendors/jai-1_1_2_01/lib/jai_core.jar:/home/travis/build/icyphy/ptII/vendors/jai-1_1_2_01/lib/jai_codec.jar:/home/travis/build/icyphy/ptII/lib/jcerti.jar:/home/travis/build/icyphy/ptII/lib/smack.jar:/home/travis/build/icyphy/ptII/lib/smackx.jar:/home/travis/build/icyphy/ptII/lib/jetty-all-8.1.5-v20120716.jar:/home/travis/build/icyphy/ptII/lib/javax.servlet-api-3.0.1.jar:/home/travis/build/icyphy/ptII/lib/javax.mail.jar:/home/travis/build/icyphy/ptII/vendors/JMF-2.1.1e/lib/jmf.jar:/home/travis/build/icyphy/ptII/lib/jna-4.0.0-variadic.jar:/home/travis/build/icyphy/ptII/vendors/misc/joystick/Joystick.jar:/home/travis/build/icyphy/ptII/lib/ptjacl.jar:/home/travis/build/icyphy/ptII/lib/jsoup-1.8.2.jar:/home/travis/build/icyphy/ptII/lib/junit-4.8.2.jar:/home/travis/build/icyphy/ptII/lib/JUnitParams-0.4.0.jar:/home/travis/build/icyphy/ptII/ptolemy/actor/lib/excel/jxl.jar:/home/travis/build/icyphy/ptII/lib/jython.jar:/home/travis/build/icyphy/ptII/lib/kieler.jar:/home/travis/build/icyphy/ptII/vendors/opencv/share/OpenCV/java/opencv-341.jar:/home/travis/build/icyphy/ptII/lib/oscP5.jar:/home/travis/build/icyphy/ptII/lib/nrjavaserial-3.11.0.devel.jar:/home/travis/build/icyphy/ptII/vendors/j3d/lib/j3dcore.jar:/home/travis/build/icyphy/ptII/vendors/j3d/lib/j3dutils.jar:/home/travis/build/icyphy/ptII/vendors/j3d/lib/vecmath.jar:/home/travis/build/icyphy/ptII/ptolemy/distributed/jini/jar/jini-core.jar:/home/travis/build/icyphy/ptII/ptolemy/distributed/jini/jar/jini-ext.jar:/home/travis/build/icyphy/ptII/ptolemy/distributed/jini/jar/sun-util.jar:/home/travis/build/icyphy/ptII/lib/protobuf-java-2.4.1.jar:/home/travis/build/icyphy/ptII/lib/org.eclipse.paho.client.mqttv3.jar:/home/travis/build/icyphy/ptII/ptserver/lib/hessian-4.0.7.jar:/home/travis/build/icyphy/ptII/ptserver/lib/wmqtt.jar:/home/travis/build/icyphy/ptII/lib/mapss.jar:/home/travis/build/icyphy/ptII/ptolemy/actor/ptalon/antlr/antlr.jar:/home/travis/build/icyphy/ptII/lib/JRI.jar:/home/travis/build/icyphy/ptII/lib/commons-lang-2.6.jar:/home/travis/build/icyphy/ptII/lib/commons-logging-1.1.1.jar:/home/travis/build/icyphy/ptII/lib/sootclasses.jar:/home/travis/build/icyphy/ptII/ptolemy/actor/lib/database/mysql-connector-java-5.1.6-bin.jar:/home/travis/build/icyphy/ptII/vendors/misc/sphinx4/sphinx4-data-5prealpha.jar:/home/travis/build/icyphy/ptII/vendors/misc/sphinx4/sphinx4-core-5prealpha.jar:/home/travis/build/icyphy/ptII/lib/PDFRenderer.jar:/home/travis/build/icyphy/ptII/lib/svgSalamander.jar:/home/travis/build/icyphy/ptII/lib/rsyntaxtextarea-2.6.0-SNAPSHOT.jar:/home/travis/build/icyphy/ptII/lib/hazelcast-3.8.2.jar:/home/travis/build/icyphy/ptII/lib/jackson-annotations-2.9.0.jar:/home/travis/build/icyphy/ptII/lib/jackson-core-2.9.3.jar:/home/travis/build/icyphy/ptII/lib/jackson-databind-2.9.3.jar:/home/travis/build/icyphy/ptII/lib/netty-buffer-4.1.19.Final.jar:/home/travis/build/icyphy/ptII/lib/netty-codec-4.1.19.Final.jar:/home/travis/build/icyphy/ptII/lib/netty-codec-dns-4.1.19.Final.jar:/home/travis/build/icyphy/ptII/lib/netty-codec-http-4.1.19.Final.jar:/home/travis/build/icyphy/ptII/lib/netty-codec-http2-4.1.19.Final.jar:/home/travis/build/icyphy/ptII/lib/netty-common-4.1.19.Final.jar:/home/travis/build/icyphy/ptII/lib/netty-handler-4.1.19.Final.jar:/home/travis/build/icyphy/ptII/lib/netty-resolver-4.1.19.Final.jar:/home/travis/build/icyphy/ptII/lib/netty-resolver-dns-4.1.19.Final.jar:/home/travis/build/icyphy/ptII/lib/netty-transport-4.1.19.Final.jar:/home/travis/build/icyphy/ptII/lib/vertx-codegen-3.5.1.jar:/home/travis/build/icyphy/ptII/lib/vertx-core-3.5.2-SNAPSHOT.jar:/home/travis/build/icyphy/ptII/lib/vertx-hazelcast-3.5.1.jar:/home/travis/build/icyphy/ptII/lib/vertx-lang-js-3.5.1.jar:/home/travis/build/icyphy/ptII/lib/vertx-service-proxy-3.5.1.jar:/home/travis/build/icyphy/ptII/lib/vertx-web-3.5.1.jar:/home/travis/build/icyphy/ptII/lib/slf4j-api-1.7.13.jar:/home/travis/build/icyphy/ptII/lib/slf4j-simple-1.7.13.jar:/home/travis/build/icyphy/ptII/lib/webcam-capture-0.3.12.jar:/home/travis/build/icyphy/ptII/lib/bridj-0.7.0.jar:/home/travis/build/icyphy/ptII/lib/xbjlib-1.1.0.nrjavaserial.jar" />
    <property name="test.batch" value="**/junit/*.java" />
    <property name="env._" value="/usr/bin/timeout" />
    <property name="java.io.tmpdir" value="/tmp" />
    <property name="user.language" value="en" />
    <property name="env.HISTCONTROL" value="ignoredups:ignorespace" />
    <property name="env.GOROOT" value="/home/travis/.gimme/versions/go1.7.4.linux.amd64" />
    <property name="line.separator" value="&#xa;" />
    <property name="target" value="1.8" />
    <property name="env.TRAVIS_BUILD_DIR" value="/home/travis/build/icyphy/ptII" />
    <property name="env.ANT_OPTS" value="-Xmx2048m" />
    <property name="ant.file.type" value="file" />
    <property name="ptolemy.ptII.batchMode" value="true" />
    <property name="env.HISTSIZE" value="1000" />
    <property name="env.MERB_ENV" value="test" />
    <property name="java.vm.info" value="mixed mode" />
    <property name="source" value="1.8" />
    <property name="java.vm.specification.name" value="Java Virtual Machine Specification" />
    <property name="env.TRAVIS_TEST_RESULT" value="0" />
    <property name="jsdoc.command" value="node_modules/@terraswarm/jsdoc/jsdoc.js" />
    <property name="npm.works" value="true" />
    <property name="cobertura.dir" value="/home/travis/build/icyphy/ptII/vendors/cobertura-2.0.3" />
    <property name="env.rvm_path" value="/home/travis/.rvm" />
    <property name="env.GEM_PATH" value="/home/travis/.rvm/gems/ruby-2.4.1:/home/travis/.rvm/gems/ruby-2.4.1@global" />
    <property name="env.LC_CTYPE" value="en_US.UTF-8" />
    <property name="java.awt.printerjob" value="sun.print.PSPrinterJob" />
    <property name="env.TRAVIS_STACK_NAME" value="garnet" />
    <property name="ant.version" value="Apache Ant(TM) version 1.10.1 compiled on February 2 2017" />
    <property name="ptII.reports" value="/home/travis/build/icyphy/ptII/reports" />
    <property name="env.TRAVIS_STACK_TIMESTAMP" value="2017-12-05 19:33:09 UTC" />
    <property name="ant.file.type.ptII" value="file" />
    <property name="env.RBENV_SHELL" value="bash" />
    <property name="os.name" value="Linux" />
    <property name="java.specification.vendor" value="Oracle Corporation" />
    <property name="env.rvm_version" value="1.29.3 (latest)" />
    <property name="env.TERM" value="xterm" />
    <property name="java.vm.name" value="Java HotSpot(TM) 64-Bit Server VM" />
    <property name="env.TRAVIS_BUILD_NUMBER" value="626" />
    <property name="env.CI" value="true" />
    <property name="java.library.path" value="/home/travis/pthla/certi-tools/lib:/usr/lib/jni:/usr/local/share/OpenCV/java/:/usr/share/OpenCV/java::/usr/java/packages/lib/amd64:/usr/lib64:/lib64:/lib:/usr/lib" />
    <property name="env.rvm_prefix" value="/home/travis" />
    <property name="env.PATH" value="/home/travis/pthla/certi-tools/share/scripts:/home/travis/.rvm/gems/ruby-2.4.1/bin:/home/travis/.rvm/gems/ruby-2.4.1@global/bin:/home/travis/.rvm/rubies/ruby-2.4.1/bin:/home/travis/.rvm/bin:/home/travis/.nvm/versions/node/v7.10.1/bin:./node_modules/.bin:/home/travis/build/icyphy/ptII/bin:/home/travis/pthla/certi-tools/bin:/home/travis/bin:/home/travis/.local/bin:/opt/pyenv/shims:/home/travis/.phpenv/shims:/home/travis/perl5/perlbrew/bin:/home/travis/.kiex/elixirs/elixir-1.4.5/bin:/home/travis/.kiex/bin:/home/travis/gopath/bin:/home/travis/.gimme/versions/go1.7.4.linux.amd64/bin:/usr/local/phantomjs/bin:/usr/local/phantomjs:/usr/local/neo4j-3.2.7/bin:/usr/local/maven-3.5.2/bin:/usr/local/cmake-3.9.2/bin:/usr/local/clang-5.0.0/bin:/usr/local/sbin:/usr/local/bin:/usr/sbin:/usr/bin:/sbin:/bin:/home/travis/.phpenv/bin:/opt/pyenv/bin:/home/travis/.yarn/bin" />
    <property name="env.TRAVIS_OS_NAME" value="linux" />
    <property name="ant.java.version" value="1.8" />
    <property name="basedir" value="/home/travis/build/icyphy/ptII" />
    <property name="java.class.version" value="52.0" />
    <property name="env.SHLVL" value="3" />
    <property name="env.LD_LIBRARY_PATH" value="/home/travis/pthla/certi-tools/lib:/usr/lib/jni:/usr/local/share/OpenCV/java/:/usr/share/OpenCV/java:" />
    <property name="env.RACK_ENV" value="test" />
    <property name="ant.home" value="/home/travis/build/icyphy/ptII/ant" />
    <property name="env.NVM_DIR" value="/home/travis/.nvm" />
    <property name="env.PERLBREW_BASHRC_VERSION" value="0.80" />
    <property name="env.CERTI_FOM_PATH" value="/home/travis/pthla/certi-tools/share/federations" />
    <property name="env.TRAVIS_BUILD_ID" value="395283631" />
    <property name="env.PYENV_ROOT" value="/opt/pyenv" />
    <property name="env.TRAVIS_UID" value="2000" />
    <property name="env.rvm_pretty_print_flag" value="auto" />
    <property name="env.NVM_BIN" value="/home/travis/.nvm/versions/node/v7.10.1/bin" />
    <property name="env.TRAVIS_COMMIT" value="891c8a9ef3b6f14566ca1fee895230178d9f4de7" />
    <property name="env._system_arch" value="x86_64" />
    <property name="node.executable" value="node" />
    <property name="sun.boot.library.path" value="/usr/lib/jvm/java-8-oracle/jre/lib/amd64" />
    <property name="sun.management.compiler" value="HotSpot 64-Bit Tiered Compilers" />
    <property name="env.GOPATH" value="/home/travis/gopath" />
    <property name="java.awt.graphicsenv" value="sun.awt.X11GraphicsEnvironment" />
    <property name="ptolemy.ptII.dir" value="/home/travis/build/icyphy/ptII" />
    <property name="env.USER" value="travis" />
    <property name="env.HISTFILESIZE" value="2000" />
    <property name="timeout.longest" value="19000000" />
    <property name="env.TRAVIS_STACK_FEATURES" value="basic cassandra chromium couchdb disabled-ipv6 docker docker-compose elasticsearch firefox go-toolchain google-chrome jdk memcached mongodb mysql neo4j nodejs_interpreter perl_interpreter perlbrew phantomjs postgresql python_interpreter rabbitmq redis riak ruby_interpreter sqlite xserver" />
    <property name="env.TRAVIS_PULL_REQUEST" value="false" />
    <property name="env.PYENV_SHELL" value="bash" />
    <property name="ant.project.name" value="ptII" />
    <property name="java.vm.specification.version" value="1.8" />
    <property name="env.CERTI_VERSION" value="4.0.0" />
    <property name="env.NLSPATH" value="/usr/dt/lib/nls/msg/%L/%N.cat" />
    <property name="awt.toolkit" value="sun.awt.X11.XToolkit" />
    <property name="env.CERTI_HOST" value="localhost" />
    <property name="env.MY_RUBY_HOME" value="/home/travis/.rvm/rubies/ruby-2.4.1" />
    <property name="sun.cpu.isalist" value="" />
    <property name="java.ext.dirs" value="/usr/lib/jvm/java-8-oracle/jre/lib/ext:/usr/java/packages/lib/ext" />
    <property name="os.version" value="4.4.0-101-generic" />
    <property name="user.home" value="/home/travis" />
    <property name="env.MIX_ARCHIVES" value="/home/travis/.kiex/mix/elixir-1.4.5" />
    <property name="java.vm.vendor" value="Oracle Corporation" />
    <property name="env.TRAVIS_TAG" value="nightly" />
    <property name="env.TRAVIS_FILTERED" value="redirect_io" />
    <property name="javadoc.excludepackagenames" value="adm.cvs2svn.*,build.*,config.*,doc.coding.templates.*,jni.test.jni.meaningOfLife.*,jni.test.jni.testDeux.*,jni.test.jni.testTrois.*,org.terraswarm.accessor.accessors.web.node_modules.*,org.terraswarm.accessor.accessors.web.hosts.cordova.demo.*,org.terraswarm.accessor.accessors.web.hosts.cordova.plugins.*,org.terraswarm.accessor.accessors-svn.*,pt-modules.*,ptolemy.apps.agilent.*,ptolemy.apps.anytimecontrol.*,ptolemy.apps.apes.*,ptolemy.apps.charon.*,ptolemy.apps.crazyboard.*,ptolemy.apps.eclipse.*,ptolemy.apps.etherealSting.*,ptolemy.apps.fullscreen.*,ptolemy.apps.giotto.*,ptolemy.apps.ia.*,ptolemy.apps.interfaces.*,ptolemy.apps.jmf.*,ptolemy.apps.kurt.*,ptolemy.apps.kvm.*,ptolemy.apps.lego.*,ptolemy.apps.lejos.*,ptolemy.apps.midp.*,ptolemy.apps.mobileCoding.*,ptolemy.apps.pendulum.*,ptolemy.apps.rijndael.*,ptolemy.apps.robot.*,ptolemy.apps.security.*,ptolemy.apps.sobel.*,ptolemy.apps.soot.*,ptolemy.apps.throttle.*,ptolemy.apps.tini.*,ptolemy.apps.transmission.*,ptolemy.apps.vergil.*,ptolemy.apps.waba.*,ptolemy.apps.websensor.*,ptolemy.apps.webstart.*,ptolemy.apps.xsl.*,ptolemy.apps.zaurus.*,ptolemy.backtrack.eclipse.plugin.*,ptolemy.backtrack.test.*,ptolemy.codegen.c.actor.lib.oldJavaFiles.*,ptolemy.codegen.dsp.lib.*,ptolemy.codegen.kernel.newInterfaces.*,ptolemy.codegen.lib.*,ptolemy.copernicus.kernel.fragment.*,ptolemy.copernicus.shallow.cg.*,ptolemy.domains.giotto.demo.Hierarchy.Hierarchy.*,ptolemy.domains.giotto.demo.Multimode.Multimode.*,ptolemy.domains.giotto.demo.Simple.Simple.*,ptolemy.domains.gr.lib.experimental.*,ptolemy.domains.gro.*,ptolemy.domains.pdf.*,ptolemy.domains.ptinyos.demo.Surge.output.*,ptolemy.moml.test.NoPackageActor.java*,ptolemy.plot.adm.*,ptolemy.plot.servlet.*,reports.*,signed.*,src.*,target.*,vendors.*,ptolemy.cg.adapter.generic.program.procedural.c.mbed*,ptolemy.actor.lib.fmi.fmus.omc*,ptolemy.domains.openmodelica*,ptdb.kernel.bl.save.test.*,ptdb.kernel.bl.load.test.*,ptdb.kernel.bl.search.test.*,ptdb.kernel.bl.migration.test.*,ptdb.kernel.database.test.*,ptdb.test.*,ptdb.gui.test.*,org.ptolemy.scala.*,diva.util.java2d.svg.*,ptolemy.domains.ptinyos.*,ptolemy.actor.lib.fmi.fmipp.*,,org.terraswarm.accessor.accessors.web.node_modules.*,org.terraswarm.accessor.accessors-svn,ptolemy.apps.*,ptolemy.actor.ptalon.demo.ptinyos.SendAndReceiveCnt.output,ptolemy.actor.ptalon.demo.ptinyos.SenseToLeds.output,ptolemy.domains.ptinyos.demo.CntToLedsAndRfm.output,ptolemy.domains.ptinyos.demo.RfmToLeds.output,ptolemy.domains.ptinyos.demo.SendAndReceiveCnt.output,ptolemy.domains.ptinyos.demo.SenseToLeds.output,ptolemy.actor.lib.jjs.modules.udpSocket.*" />
    <property name="env.JAVA_HOME" value="/usr/lib/jvm/java-8-oracle" />
    <property name="env.PTII" value="/home/travis/build/icyphy/ptII" />
    <property name="env.TRAVIS_COMMIT_MESSAGE" value="Updated demo for SemanticRepositoryUpdate to match the new interface" />
    <property name="keystore" value="ptKeystore" />
    <property name="env.XDG_SESSION_ID" value="2" />
    <property name="junit.output.dir" value="/home/travis/build/icyphy/ptII/reports/junit" />
    <property name="npm.return.code" value="0" />
    <property name="user.dir" value="/home/travis/build/icyphy/ptII/ptolemy/actor/lib/test" />
    <property name="env.TRAVIS_NODE_VERSION" value="7" />
    <property name="env.XFILESEARCHPATH" value="/usr/dt/app-defaults/%L/Dt" />
    <property name="env.TRAVIS_EVENT_TYPE" value="cron" />
    <property name="env.MAIL" value="/var/mail/travis" />
    <property name="env.PWD" value="/home/travis/build/icyphy/ptII" />
    <property name="env.PERLBREW_ROOT" value="/home/travis/perl5/perlbrew" />
    <property name="timeout.npm" value="45000" />
    <property name="env.PAGER" value="cat" />
    <property name="sun.cpu.endian" value="little" />
    <property name="env.TRAVIS_BUILD_STAGE_NAME" value="Test" />
    <property name="env.PERLBREW_HOME" value="/home/travis/.perlbrew" />
    <property name="env.RAILS_ENV" value="test" />
    <property name="java.vm.version" value="25.151-b12" />
    <property name="java.class.path" value="/home/travis/.ptolemyII:/home/travis/.ptolemyII/*:/home/travis/build/icyphy/ptII:/home/travis/build/icyphy/ptII/lib/bsh-2.0b4.jar:/home/travis/build/icyphy/ptII/lib/ptCal.jar:/home/travis/build/icyphy/ptII/lib/java_cup.jar:/home/travis/build/icyphy/ptII/lib/saxon8.jar:/home/travis/build/icyphy/ptII/lib/saxon8-dom.jar:/home/travis/build/icyphy/ptII/lib/chic.jar:/home/travis/build/icyphy/ptII/lib/ptcolt.jar:/usr/lib/jvm/java-8-oracle/lib/tools.jar:/usr/lib/eclipse/plugins/org.eclipse.jdt.core_3.8.2.dist.jar:/usr/lib/eclipse/plugins/org.eclipse.core.runtime_3.8.0.dist.jar:/usr/lib/eclipse/plugins/org.eclipse.osgi_3.8.1.dist.jar:/usr/lib/eclipse/plugins/org.eclipse.core.resources_3.8.1.dist.jar:/usr/lib/eclipse/plugins/org.eclipse.equinox.common_3.6.100.dist.jar:/usr/lib/eclipse/plugins/org.eclipse.core.jobs_3.5.200.dist.jar:/usr/lib/eclipse/plugins/org.eclipse.core.contenttype_3.4.200.dist.jar:/usr/lib/eclipse/plugins/org.eclipse.equinox.preferences_3.5.0.dist.jar:/usr/lib/eclipse/plugins/org.eclipse.text_3.5.200.dist.jar:/usr/lib/eclipse/plugins/org.eclipse.ui.workbench_3.8.1.dist.jar:/usr/lib/eclipse/plugins/org.eclipse.jface_3.8.0.dist.jar:/usr/lib/eclipse/plugins/org.eclipse.swt_3.8.2.jar:/usr/lib/eclipse/plugins/org.eclipse.jface.text_3.8.1.dist.jar:/usr/lib/eclipse/plugins/org.eclipse.ui.workbench.texteditor_3.8.0.dist.jar:/usr/lib/eclipse/plugins/org.eclipse.ui.editors_3.8.0.dist.jar:/usr/lib/eclipse/plugins/org.eclipse.core.commands_3.6.1.dist.jar:/usr/lib/eclipse/plugins/org.eclipse.equinox.registry_3.5.200.dist.jar:/usr/lib/eclipse/plugins/org.eclipse.ui.console_3.5.100.dist.jar:/usr/lib/eclipse/plugins/org.eclipse.ui.forms_3.5.200.dist.jar:/usr/lib/eclipse/plugins/org.eclipse.ui.ide_3.8.1.dist.jar:/home/travis/build/icyphy/ptII/vendors/oracle/dbxml.jar:/home/travis/build/icyphy/ptII/vendors/oracle/db.jar:/home/travis/build/icyphy/ptII/vendors/misc/itext/iText.jar:/home/travis/build/icyphy/ptII/lib/g4ltl.jar:/home/travis/build/icyphy/ptII/lib/StructuralCoder.jar:/home/travis/build/icyphy/ptII/lib/org-openide-util.jar:/home/travis/build/icyphy/ptII/lib/org-openide-util-lookup.jar:/home/travis/build/icyphy/ptII/lib/org-netbeans-api-visual.jar:/home/travis/build/icyphy/ptII/vendors/jai-1_1_2_01/lib/jai_core.jar:/home/travis/build/icyphy/ptII/vendors/jai-1_1_2_01/lib/jai_codec.jar:/home/travis/build/icyphy/ptII/lib/jcerti.jar:/home/travis/build/icyphy/ptII/lib/smack.jar:/home/travis/build/icyphy/ptII/lib/smackx.jar:/home/travis/build/icyphy/ptII/lib/jetty-all-8.1.5-v20120716.jar:/home/travis/build/icyphy/ptII/lib/javax.servlet-api-3.0.1.jar:/home/travis/build/icyphy/ptII/lib/javax.mail.jar:/home/travis/build/icyphy/ptII/vendors/JMF-2.1.1e/lib/jmf.jar:/home/travis/build/icyphy/ptII/lib/jna-4.0.0-variadic.jar:/home/travis/build/icyphy/ptII/vendors/misc/joystick/Joystick.jar:/home/travis/build/icyphy/ptII/lib/ptjacl.jar:/home/travis/build/icyphy/ptII/lib/jsoup-1.8.2.jar:/home/travis/build/icyphy/ptII/lib/junit-4.8.2.jar:/home/travis/build/icyphy/ptII/lib/JUnitParams-0.4.0.jar:/home/travis/build/icyphy/ptII/ptolemy/actor/lib/excel/jxl.jar:/home/travis/build/icyphy/ptII/lib/jython.jar:/home/travis/build/icyphy/ptII/lib/kieler.jar:/home/travis/build/icyphy/ptII/vendors/opencv/share/OpenCV/java/opencv-341.jar:/home/travis/build/icyphy/ptII/lib/oscP5.jar:/home/travis/build/icyphy/ptII/lib/nrjavaserial-3.11.0.devel.jar:/home/travis/build/icyphy/ptII/vendors/j3d/lib/j3dcore.jar:/home/travis/build/icyphy/ptII/vendors/j3d/lib/j3dutils.jar:/home/travis/build/icyphy/ptII/vendors/j3d/lib/vecmath.jar:/home/travis/build/icyphy/ptII/ptolemy/distributed/jini/jar/jini-core.jar:/home/travis/build/icyphy/ptII/ptolemy/distributed/jini/jar/jini-ext.jar:/home/travis/build/icyphy/ptII/ptolemy/distributed/jini/jar/sun-util.jar:/home/travis/build/icyphy/ptII/lib/protobuf-java-2.4.1.jar:/home/travis/build/icyphy/ptII/lib/org.eclipse.paho.client.mqttv3.jar:/home/travis/build/icyphy/ptII/ptserver/lib/hessian-4.0.7.jar:/home/travis/build/icyphy/ptII/ptserver/lib/wmqtt.jar:/home/travis/build/icyphy/ptII/lib/mapss.jar:/home/travis/build/icyphy/ptII/ptolemy/actor/ptalon/antlr/antlr.jar:/home/travis/build/icyphy/ptII/lib/JRI.jar:/home/travis/build/icyphy/ptII/lib/commons-lang-2.6.jar:/home/travis/build/icyphy/ptII/lib/commons-logging-1.1.1.jar:/home/travis/build/icyphy/ptII/lib/sootclasses.jar:/home/travis/build/icyphy/ptII/ptolemy/actor/lib/database/mysql-connector-java-5.1.6-bin.jar:/home/travis/build/icyphy/ptII/vendors/misc/sphinx4/sphinx4-data-5prealpha.jar:/home/travis/build/icyphy/ptII/vendors/misc/sphinx4/sphinx4-core-5prealpha.jar:/home/travis/build/icyphy/ptII/lib/PDFRenderer.jar:/home/travis/build/icyphy/ptII/lib/svgSalamander.jar:/home/travis/build/icyphy/ptII/lib/rsyntaxtextarea-2.6.0-SNAPSHOT.jar:/home/travis/build/icyphy/ptII/lib/hazelcast-3.8.2.jar:/home/travis/build/icyphy/ptII/lib/jackson-annotations-2.9.0.jar:/home/travis/build/icyphy/ptII/lib/jackson-core-2.9.3.jar:/home/travis/build/icyphy/ptII/lib/jackson-databind-2.9.3.jar:/home/travis/build/icyphy/ptII/lib/netty-buffer-4.1.19.Final.jar:/home/travis/build/icyphy/ptII/lib/netty-codec-4.1.19.Final.jar:/home/travis/build/icyphy/ptII/lib/netty-codec-dns-4.1.19.Final.jar:/home/travis/build/icyphy/ptII/lib/netty-codec-http-4.1.19.Final.jar:/home/travis/build/icyphy/ptII/lib/netty-codec-http2-4.1.19.Final.jar:/home/travis/build/icyphy/ptII/lib/netty-common-4.1.19.Final.jar:/home/travis/build/icyphy/ptII/lib/netty-handler-4.1.19.Final.jar:/home/travis/build/icyphy/ptII/lib/netty-resolver-4.1.19.Final.jar:/home/travis/build/icyphy/ptII/lib/netty-resolver-dns-4.1.19.Final.jar:/home/travis/build/icyphy/ptII/lib/netty-transport-4.1.19.Final.jar:/home/travis/build/icyphy/ptII/lib/vertx-codegen-3.5.1.jar:/home/travis/build/icyphy/ptII/lib/vertx-core-3.5.2-SNAPSHOT.jar:/home/travis/build/icyphy/ptII/lib/vertx-hazelcast-3.5.1.jar:/home/travis/build/icyphy/ptII/lib/vertx-lang-js-3.5.1.jar:/home/travis/build/icyphy/ptII/lib/vertx-service-proxy-3.5.1.jar:/home/travis/build/icyphy/ptII/lib/vertx-web-3.5.1.jar:/home/travis/build/icyphy/ptII/lib/slf4j-api-1.7.13.jar:/home/travis/build/icyphy/ptII/lib/slf4j-simple-1.7.13.jar:/home/travis/build/icyphy/ptII/lib/webcam-capture-0.3.12.jar:/home/travis/build/icyphy/ptII/lib/bridj-0.7.0.jar:/home/travis/build/icyphy/ptII/lib/xbjlib-1.1.0.nrjavaserial.jar:/home/travis/build/icyphy/ptII/ptolemy/moml/test:/home/travis/build/icyphy/ptII/ant/lib/ant-launcher.jar:/home/travis/build/icyphy/ptII/ant/lib/ant.jar:/home/travis/build/icyphy/ptII/ant/lib/ant-junit.jar:/home/travis/build/icyphy/ptII/ant/lib/ant-junit4.jar" />
    <property name="ant.library.dir" value="/home/travis/build/icyphy/ptII/ant/lib" />
    <property name="os.arch" value="amd64" />
    <property name="env.TRAVIS_LANGUAGE" value="node_js" />
    <property name="env.CONTINUOUS_INTEGRATION" value="true" />
    <property name="env.TRAVIS_STACK_LANGUAGES" value="__garnet__ c c++ clojure cplusplus cpp default go groovy java node_js php pure_java python ruby scala" />
    <property name="test.name" value="ptolemy.actor.lib.test.junit.JUnitTclTest" />
    <property name="sun.java.launcher" value="SUN_STANDARD" />
    <property name="env.PYTHON_CONFIGURE_OPTS" value="--enable-unicode=ucs4 --with-wide-unicode --enable-shared --enable-ipv6 --enable-loadable-sqlite-extensions --with-computed-gotos" />
    <property name="ant.core.lib" value="/home/travis/build/icyphy/ptII/ant/lib/ant.jar" />
    <property name="java.vm.specification.vendor" value="Oracle Corporation" />
    <property name="env.BCVTB_HOME" value="/home/travis/build/icyphy/ptII/lbnl" />
    <property name="file.separator" value="/" />
    <property name="java.runtime.version" value="1.8.0_151-b12" />
    <property name="spotbugs.home" value="/home/travis/build/icyphy/ptII/vendors/spotbugs-3.1.1" />
    <property name="sun.boot.class.path" value="/usr/lib/jvm/java-8-oracle/jre/lib/resources.jar:/usr/lib/jvm/java-8-oracle/jre/lib/rt.jar:/usr/lib/jvm/java-8-oracle/jre/lib/sunrsasign.jar:/usr/lib/jvm/java-8-oracle/jre/lib/jsse.jar:/usr/lib/jvm/java-8-oracle/jre/lib/jce.jar:/usr/lib/jvm/java-8-oracle/jre/lib/charsets.jar:/usr/lib/jvm/java-8-oracle/jre/lib/jfr.jar:/usr/lib/jvm/java-8-oracle/jre/classes" />
    <property name="env.HAS_JOSH_K_SEAL_OF_APPROVAL" value="true" />
    <property name="env.TRAVIS_OSX_IMAGE" value="" />
    <property name="env.XDG_RUNTIME_DIR" value="/run/user/2000" />
    <property name="env.TRAVIS_BRANCH" value="master" />
    <property name="env.TRAVIS_JOB_ID" value="395283639" />
    <property name="env.CERTI_HOME_TRAVIS" value="/home/travis/pthla/certi-tools" />
    <property name="user.country" value="US" />
    <property name="env.SHELL" value="/bin/bash" />
    <property name="java.maxmemory.large" value="5000m" />
    <property name="model" value="" />
    <property name="env.CASHER_DIR" value="/home/travis/.casher" />
    <property name="env.NVM_CD_FLAGS" value="" />
    <property name="jshint.executable" value="/home/travis/node_modules/jshint/bin/jshint" />
    <property name="java.vendor" value="Oracle Corporation" />
    <property name="env.JRUBY_OPTS" value=" --client -J-XX:+TieredCompilation -J-XX:TieredStopAtLevel=1 -J-Xss2m -Xcompile.invokedynamic=false" />
    <property name="env.TRAVIS_PRE_CHEF_BOOTSTRAP_TIME" value="2017-12-05T19:32:55" />
    <property name="env.TRAVIS_STACK_JOB_BOARD_REGISTER" value="/.job-board-register.yml" />
    <property name="env.ELIXIR_VERSION" value="1.4.5" />
    <property name="java.specification.version" value="1.8" />
    <property name="env.IRBRC" value="/home/travis/.rvm/rubies/ruby-2.4.1/.irbrc" />
    <property name="env.TRAVIS" value="true" />
    <property name="sun.arch.data.model" value="64" />
  </properties>
  <testcase classname="ptolemy.util.test.junit.TclTests" name="[0] /home/travis/build/icyphy/ptII/ptolemy/actor/lib/test/AbsoluteValue.tcl (RunTclFile)" time="0.459" />
  <testcase classname="ptolemy.util.test.junit.TclTests" name="[1] /home/travis/build/icyphy/ptII/ptolemy/actor/lib/test/AddSubtract.tcl (RunTclFile)" time="0.092" />
  <testcase classname="ptolemy.util.test.junit.TclTests" name="[2] /home/travis/build/icyphy/ptII/ptolemy/actor/lib/test/Average.tcl (RunTclFile)" time="0.056" />
  <testcase classname="ptolemy.util.test.junit.TclTests" name="[3] /home/travis/build/icyphy/ptII/ptolemy/actor/lib/test/Bernoulli.tcl (RunTclFile)" time="0.037" />
  <testcase classname="ptolemy.util.test.junit.TclTests" name="[4] /home/travis/build/icyphy/ptII/ptolemy/actor/lib/test/Clock.tcl (RunTclFile)" time="0.095" />
  <testcase classname="ptolemy.util.test.junit.TclTests" name="[5] /home/travis/build/icyphy/ptII/ptolemy/actor/lib/test/Commutator.tcl (RunTclFile)" time="0.132" />
  <testcase classname="ptolemy.util.test.junit.TclTests" name="[6] /home/travis/build/icyphy/ptII/ptolemy/actor/lib/test/Const.tcl (RunTclFile)" time="0.111" />
  <testcase classname="ptolemy.util.test.junit.TclTests" name="[7] /home/travis/build/icyphy/ptII/ptolemy/actor/lib/test/CurrentTime.tcl (RunTclFile)" time="0.038" />
  <testcase classname="ptolemy.util.test.junit.TclTests" name="[8] /home/travis/build/icyphy/ptII/ptolemy/actor/lib/test/DB.tcl (RunTclFile)" time="0.039" />
  <testcase classname="ptolemy.util.test.junit.TclTests" name="[9] /home/travis/build/icyphy/ptII/ptolemy/actor/lib/test/DiscreteRandomSource.tcl (RunTclFile)" time="0.039" />
  <testcase classname="ptolemy.util.test.junit.TclTests" name="[10] /home/travis/build/icyphy/ptII/ptolemy/actor/lib/test/Distributor.tcl (RunTclFile)" time="0.048" />
  <testcase classname="ptolemy.util.test.junit.TclTests" name="[11] /home/travis/build/icyphy/ptII/ptolemy/actor/lib/test/Exit.tcl (RunTclFile)" time="0.056" />
  <testcase classname="ptolemy.util.test.junit.TclTests" name="[12] /home/travis/build/icyphy/ptII/ptolemy/actor/lib/test/Expression.tcl (RunTclFile)" time="0.136" />
  <testcase classname="ptolemy.util.test.junit.TclTests" name="[13] /home/travis/build/icyphy/ptII/ptolemy/actor/lib/test/Gaussian.tcl (RunTclFile)" time="1.009" />
  <testcase classname="ptolemy.util.test.junit.TclTests" name="[14] /home/travis/build/icyphy/ptII/ptolemy/actor/lib/test/IIR.tcl (RunTclFile)" time="0.042" />
  <testcase classname="ptolemy.util.test.junit.TclTests" name="[15] /home/travis/build/icyphy/ptII/ptolemy/actor/lib/test/Interpolator.tcl (RunTclFile)" time="0.096" />
  <testcase classname="ptolemy.util.test.junit.TclTests" name="[16] /home/travis/build/icyphy/ptII/ptolemy/actor/lib/test/MathFunction.tcl (RunTclFile)" time="0.071" />
  <testcase classname="ptolemy.util.test.junit.TclTests" name="[17] /home/travis/build/icyphy/ptII/ptolemy/actor/lib/test/Maximum.tcl (RunTclFile)" time="0.037" />
  <testcase classname="ptolemy.util.test.junit.TclTests" name="[18] /home/travis/build/icyphy/ptII/ptolemy/actor/lib/test/Minimum.tcl (RunTclFile)" time="0.022" />
  <testcase classname="ptolemy.util.test.junit.TclTests" name="[19] /home/travis/build/icyphy/ptII/ptolemy/actor/lib/test/MultiplyDivide.tcl (RunTclFile)" time="0.021" />
  <testcase classname="ptolemy.util.test.junit.TclTests" name="[20] /home/travis/build/icyphy/ptII/ptolemy/actor/lib/test/OrderedMerge.tcl (RunTclFile)" time="0.082" />
  <testcase classname="ptolemy.util.test.junit.TclTests" name="[21] /home/travis/build/icyphy/ptII/ptolemy/actor/lib/test/Publisher.tcl (RunTclFile)" time="0.718" />
  <testcase classname="ptolemy.util.test.junit.TclTests" name="[22] /home/travis/build/icyphy/ptII/ptolemy/actor/lib/test/Pulse.tcl (RunTclFile)" time="0.042" />
  <testcase classname="ptolemy.util.test.junit.TclTests" name="[23] /home/travis/build/icyphy/ptII/ptolemy/actor/lib/test/Ramp.tcl (RunTclFile)" time="1.683" />
  <testcase classname="ptolemy.util.test.junit.TclTests" name="[24] /home/travis/build/icyphy/ptII/ptolemy/actor/lib/test/RampContinuous.tcl (RunTclFile)" time="0.018" />
  <testcase classname="ptolemy.util.test.junit.TclTests" name="[25] /home/travis/build/icyphy/ptII/ptolemy/actor/lib/test/RecordAssembler.tcl (RunTclFile)" time="0.018" />
  <testcase classname="ptolemy.util.test.junit.TclTests" name="[26] /home/travis/build/icyphy/ptII/ptolemy/actor/lib/test/RecordDisassembler.tcl (RunTclFile)" time="0.027" />
  <testcase classname="ptolemy.util.test.junit.TclTests" name="[27] /home/travis/build/icyphy/ptII/ptolemy/actor/lib/test/Scale.tcl (RunTclFile)" time="0.027" />
  <testcase classname="ptolemy.util.test.junit.TclTests" name="[28] /home/travis/build/icyphy/ptII/ptolemy/actor/lib/test/SequentialClock.tcl (RunTclFile)" time="0.012" />
  <testcase classname="ptolemy.util.test.junit.TclTests" name="[29] /home/travis/build/icyphy/ptII/ptolemy/actor/lib/test/SetVariable.tcl (RunTclFile)" time="0.012" />
  <testcase classname="ptolemy.util.test.junit.TclTests" name="[30] /home/travis/build/icyphy/ptII/ptolemy/actor/lib/test/Sinewave.tcl (RunTclFile)" time="0.045" />
  <testcase classname="ptolemy.util.test.junit.TclTests" name="[31] /home/travis/build/icyphy/ptII/ptolemy/actor/lib/test/SubscriptionAggregator.tcl (RunTclFile)" time="1.89" />
  <testcase classname="ptolemy.util.test.junit.TclTests" name="[32] /home/travis/build/icyphy/ptII/ptolemy/actor/lib/test/Test.tcl (RunTclFile)" time="0.099" />
  <testcase classname="ptolemy.util.test.junit.TclTests" name="[33] /home/travis/build/icyphy/ptII/ptolemy/actor/lib/test/TestExceptionHandler.tcl (RunTclFile)" time="0.011" />
  <testcase classname="ptolemy.util.test.junit.TclTests" name="[34] /home/travis/build/icyphy/ptII/ptolemy/actor/lib/test/UnionDisassembler.tcl (RunTclFile)" time="0.062" />
  <testcase classname="ptolemy.util.test.junit.TclTests" name="[35] /home/travis/build/icyphy/ptII/ptolemy/actor/lib/test/VariableClock.tcl (RunTclFile)" time="0.027" />
  <testcase classname="ptolemy.util.test.junit.AutoKnownFailedTests" name="[0] /home/travis/build/icyphy/ptII/ptolemy/actor/lib/test/auto/knownFailedTests/PublisherPortToplevelSubscriber.xml (RunModel)" time="0.09" />
  <testcase classname="ptolemy.util.test.junit.AutoKnownFailedTests" name="[1] /home/travis/build/icyphy/ptII/ptolemy/actor/lib/test/auto/knownFailedTests/PublisherSubscriberPortToplevel.xml (RunModel)" time="0.011" />
  <testcase classname="ptolemy.util.test.junit.AutoKnownFailedTests" name="[2] /home/travis/build/icyphy/ptII/ptolemy/actor/lib/test/auto/knownFailedTests/PublisherSubscriptionAggregatorPort.xml (RunModel)" time="0.02" />
  <testcase classname="ptolemy.util.test.junit.AutoKnownFailedTests" name="[3] /home/travis/build/icyphy/ptII/ptolemy/actor/lib/test/auto/knownFailedTests/sizedarray3.xml (RunModel)" time="0.018" />
  <testcase classname="ptolemy.util.test.junit.AutoNameArchTests" name="[0] ThereAreNoAutoArchTests (RunModel)" time="0.007" />
  <testcase classname="ptolemy.util.test.junit.AutoTests" name="[0] /home/travis/build/icyphy/ptII/ptolemy/actor/lib/test/auto/AbsoluteValue.xml (RunModel)" time="0.075" />
  <testcase classname="ptolemy.util.test.junit.AutoTests" name="[1] /home/travis/build/icyphy/ptII/ptolemy/actor/lib/test/auto/AbsoluteValue2.xml (RunModel)" time="0.058" />
  <testcase classname="ptolemy.util.test.junit.AutoTests" name="[2] /home/travis/build/icyphy/ptII/ptolemy/actor/lib/test/auto/Accumulator.xml (RunModel)" time="0.064" />
  <testcase classname="ptolemy.util.test.junit.AutoTests" name="[3] /home/travis/build/icyphy/ptII/ptolemy/actor/lib/test/auto/Accumulator2.xml (RunModel)" time="0.037" />
  <testcase classname="ptolemy.util.test.junit.AutoTests" name="[4] /home/travis/build/icyphy/ptII/ptolemy/actor/lib/test/auto/Accumulator3.xml (RunModel)" time="0.029" />
  <testcase classname="ptolemy.util.test.junit.AutoTests" name="[5] /home/travis/build/icyphy/ptII/ptolemy/actor/lib/test/auto/ArrayAppend.xml (RunModel)" time="0.052" />
  <testcase classname="ptolemy.util.test.junit.AutoTests" name="[6] /home/travis/build/icyphy/ptII/ptolemy/actor/lib/test/auto/ArrayAppend2.xml (RunModel)" time="0.552" />
  <testcase classname="ptolemy.util.test.junit.AutoTests" name="[7] /home/travis/build/icyphy/ptII/ptolemy/actor/lib/test/auto/ArrayAppend3.xml (RunModel)" time="0.031" />
  <testcase classname="ptolemy.util.test.junit.AutoTests" name="[8] /home/travis/build/icyphy/ptII/ptolemy/actor/lib/test/auto/ArrayAppend4.xml (RunModel)" time="0.029" />
  <testcase classname="ptolemy.util.test.junit.AutoTests" name="[9] /home/travis/build/icyphy/ptII/ptolemy/actor/lib/test/auto/ArrayAppend5.xml (RunModel)" time="0.021" />
  <testcase classname="ptolemy.util.test.junit.AutoTests" name="[10] /home/travis/build/icyphy/ptII/ptolemy/actor/lib/test/auto/ArrayAppend6.xml (RunModel)" time="0.02" />
  <testcase classname="ptolemy.util.test.junit.AutoTests" name="[11] /home/travis/build/icyphy/ptII/ptolemy/actor/lib/test/auto/ArrayAppendPerformanceTest.xml (RunModel)" time="0.054" />
  <testcase classname="ptolemy.util.test.junit.AutoTests" name="[12] /home/travis/build/icyphy/ptII/ptolemy/actor/lib/test/auto/ArrayAppendWithEmptyInput.xml (RunModel)" time="0.051" />
  <testcase classname="ptolemy.util.test.junit.AutoTests" name="[13] /home/travis/build/icyphy/ptII/ptolemy/actor/lib/test/auto/ArrayAverage.xml (RunModel)" time="0.06" />
  <testcase classname="ptolemy.util.test.junit.AutoTests" name="[14] /home/travis/build/icyphy/ptII/ptolemy/actor/lib/test/auto/ArrayContains.xml (RunModel)" time="0.033" />
  <testcase classname="ptolemy.util.test.junit.AutoTests" name="[15] /home/travis/build/icyphy/ptII/ptolemy/actor/lib/test/auto/ArrayElement.xml (RunModel)" time="0.023" />
  <testcase classname="ptolemy.util.test.junit.AutoTests" name="[16] /home/travis/build/icyphy/ptII/ptolemy/actor/lib/test/auto/ArrayElementAsMatrix.xml (RunModel)" time="0.058" />
  <testcase classname="ptolemy.util.test.junit.AutoTests" name="[17] /home/travis/build/icyphy/ptII/ptolemy/actor/lib/test/auto/ArrayElementI.xml (RunModel)" time="0.027" />
  <testcase classname="ptolemy.util.test.junit.AutoTests" name="[18] /home/travis/build/icyphy/ptII/ptolemy/actor/lib/test/auto/ArrayExtract.xml (RunModel)" time="0.032" />
  <testcase classname="ptolemy.util.test.junit.AutoTests" name="[19] /home/travis/build/icyphy/ptII/ptolemy/actor/lib/test/auto/ArrayExtract2.xml (RunModel)" time="0.03" />
  <testcase classname="ptolemy.util.test.junit.AutoTests" name="[20] /home/travis/build/icyphy/ptII/ptolemy/actor/lib/test/auto/ArrayLength.xml (RunModel)" time="0.022" />
  <testcase classname="ptolemy.util.test.junit.AutoTests" name="[21] /home/travis/build/icyphy/ptII/ptolemy/actor/lib/test/auto/ArrayLevelCrossing.xml (RunModel)" time="0.093" />
  <testcase classname="ptolemy.util.test.junit.AutoTests" name="[22] /home/travis/build/icyphy/ptII/ptolemy/actor/lib/test/auto/ArrayLevelCrossing2.xml (RunModel)" time="0.026" />
  <testcase classname="ptolemy.util.test.junit.AutoTests" name="[23] /home/travis/build/icyphy/ptII/ptolemy/actor/lib/test/auto/ArrayPeakSearch.xml (RunModel)" time="0.05" />
  <testcase classname="ptolemy.util.test.junit.AutoTests" name="[24] /home/travis/build/icyphy/ptII/ptolemy/actor/lib/test/auto/ArrayPeakSearch2.xml (RunModel)" time="0.038" />
  <testcase classname="ptolemy.util.test.junit.AutoTests" name="[25] /home/travis/build/icyphy/ptII/ptolemy/actor/lib/test/auto/ArrayPeakSearch3.xml (RunModel)" time="0.033" />
  <testcase classname="ptolemy.util.test.junit.AutoTests" name="[26] /home/travis/build/icyphy/ptII/ptolemy/actor/lib/test/auto/ArrayRemoveElement.xml (RunModel)" time="0.032" />
  <testcase classname="ptolemy.util.test.junit.AutoTests" name="[27] /home/travis/build/icyphy/ptII/ptolemy/actor/lib/test/auto/ArraySort.xml (RunModel)" time="0.037" />
  <testcase classname="ptolemy.util.test.junit.AutoTests" name="[28] /home/travis/build/icyphy/ptII/ptolemy/actor/lib/test/auto/ArraySum.xml (RunModel)" time="0.014" />
  <testcase classname="ptolemy.util.test.junit.AutoTests" name="[29] /home/travis/build/icyphy/ptII/ptolemy/actor/lib/test/auto/ArrayToElements.xml (RunModel)" time="0.019" />
  <testcase classname="ptolemy.util.test.junit.AutoTests" name="[30] /home/travis/build/icyphy/ptII/ptolemy/actor/lib/test/auto/ArrayToMatrix.xml (RunModel)" time="0.054" />
  <testcase classname="ptolemy.util.test.junit.AutoTests" name="[31] /home/travis/build/icyphy/ptII/ptolemy/actor/lib/test/auto/ArrayUpdate1.xml (RunModel)" time="0.015" />
  <testcase classname="ptolemy.util.test.junit.AutoTests" name="[32] /home/travis/build/icyphy/ptII/ptolemy/actor/lib/test/auto/ArrayUpdate2.xml (RunModel)" time="0.017" />
  <testcase classname="ptolemy.util.test.junit.AutoTests" name="[33] /home/travis/build/icyphy/ptII/ptolemy/actor/lib/test/auto/ArrayUpdate3.xml (RunModel)" time="0.014" />
  <testcase classname="ptolemy.util.test.junit.AutoTests" name="[34] /home/travis/build/icyphy/ptII/ptolemy/actor/lib/test/auto/Assert1.xml (RunModel)" time="0.02" />
  <testcase classname="ptolemy.util.test.junit.AutoTests" name="[35] /home/travis/build/icyphy/ptII/ptolemy/actor/lib/test/auto/Assert2.xml (RunModel)" time="0.014" />
  <testcase classname="ptolemy.util.test.junit.AutoTests" name="[36] /home/travis/build/icyphy/ptII/ptolemy/actor/lib/test/auto/BooleanMultiplexor.xml (RunModel)" time="0.013" />
  <testcase classname="ptolemy.util.test.junit.AutoTests" name="[37] /home/travis/build/icyphy/ptII/ptolemy/actor/lib/test/auto/BooleanMultiplexor2.xml (RunModel)" time="0.013" />
  <testcase classname="ptolemy.util.test.junit.AutoTests" name="[38] /home/travis/build/icyphy/ptII/ptolemy/actor/lib/test/auto/BooleanMultiplexor3.xml (RunModel)" time="0.01" />
  <testcase classname="ptolemy.util.test.junit.AutoTests" name="[39] /home/travis/build/icyphy/ptII/ptolemy/actor/lib/test/auto/BooleanSelect.xml (RunModel)" time="0.03" />
  <testcase classname="ptolemy.util.test.junit.AutoTests" name="[40] /home/travis/build/icyphy/ptII/ptolemy/actor/lib/test/auto/BooleanSelect2.xml (RunModel)" time="0.016" />
  <testcase classname="ptolemy.util.test.junit.AutoTests" name="[41] /home/travis/build/icyphy/ptII/ptolemy/actor/lib/test/auto/BooleanSwitch.xml (RunModel)" time="0.013" />
  <testcase classname="ptolemy.util.test.junit.AutoTests" name="[42] /home/travis/build/icyphy/ptII/ptolemy/actor/lib/test/auto/BooleanSwitch2.xml (RunModel)" time="0.017" />
  <testcase classname="ptolemy.util.test.junit.AutoTests" name="[43] /home/travis/build/icyphy/ptII/ptolemy/actor/lib/test/auto/BooleanSwitchCloningBugWithClassRelationGroup.xml (RunModel)" time="0.029" />
  <testcase classname="ptolemy.util.test.junit.AutoTests" name="[44] /home/travis/build/icyphy/ptII/ptolemy/actor/lib/test/auto/BusActors.xml (RunModel)" time="0.041" />
  <testcase classname="ptolemy.util.test.junit.AutoTests" name="[45] /home/travis/build/icyphy/ptII/ptolemy/actor/lib/test/auto/ClassWrapper.xml (RunModel)" time="0.009" />
  <testcase classname="ptolemy.util.test.junit.AutoTests" name="[46] /home/travis/build/icyphy/ptII/ptolemy/actor/lib/test/auto/Clock.xml (RunModel)" time="0.009" />
  <testcase classname="ptolemy.util.test.junit.AutoTests" name="[47] /home/travis/build/icyphy/ptII/ptolemy/actor/lib/test/auto/Clock10.xml (RunModel)" time="0.019" />
  <testcase classname="ptolemy.util.test.junit.AutoTests" name="[48] /home/travis/build/icyphy/ptII/ptolemy/actor/lib/test/auto/Clock11.xml (RunModel)" time="0.017" />
  <testcase classname="ptolemy.util.test.junit.AutoTests" name="[49] /home/travis/build/icyphy/ptII/ptolemy/actor/lib/test/auto/Clock12.xml (RunModel)" time="0.015" />
  <testcase classname="ptolemy.util.test.junit.AutoTests" name="[50] /home/travis/build/icyphy/ptII/ptolemy/actor/lib/test/auto/Clock13.xml (RunModel)" time="0.016" />
  <testcase classname="ptolemy.util.test.junit.AutoTests" name="[51] /home/travis/build/icyphy/ptII/ptolemy/actor/lib/test/auto/Clock14.xml (RunModel)" time="0.017" />
  <testcase classname="ptolemy.util.test.junit.AutoTests" name="[52] /home/travis/build/icyphy/ptII/ptolemy/actor/lib/test/auto/Clock15.xml (RunModel)" time="0.016" />
  <testcase classname="ptolemy.util.test.junit.AutoTests" name="[53] /home/travis/build/icyphy/ptII/ptolemy/actor/lib/test/auto/Clock16.xml (RunModel)" time="0.085" />
  <testcase classname="ptolemy.util.test.junit.AutoTests" name="[54] /home/travis/build/icyphy/ptII/ptolemy/actor/lib/test/auto/Clock17.xml (RunModel)" time="0.064" />
  <testcase classname="ptolemy.util.test.junit.AutoTests" name="[55] /home/travis/build/icyphy/ptII/ptolemy/actor/lib/test/auto/Clock18.xml (RunModel)" time="0.039" />
  <testcase classname="ptolemy.util.test.junit.AutoTests" name="[56] /home/travis/build/icyphy/ptII/ptolemy/actor/lib/test/auto/Clock19.xml (RunModel)" time="0.036" />
  <testcase classname="ptolemy.util.test.junit.AutoTests" name="[57] /home/travis/build/icyphy/ptII/ptolemy/actor/lib/test/auto/Clock2.xml (RunModel)" time="0.011" />
  <testcase classname="ptolemy.util.test.junit.AutoTests" name="[58] /home/travis/build/icyphy/ptII/ptolemy/actor/lib/test/auto/Clock20.xml (RunModel)" time="0.018" />
  <testcase classname="ptolemy.util.test.junit.AutoTests" name="[59] /home/travis/build/icyphy/ptII/ptolemy/actor/lib/test/auto/Clock21.xml (RunModel)" time="0.014" />
  <testcase classname="ptolemy.util.test.junit.AutoTests" name="[60] /home/travis/build/icyphy/ptII/ptolemy/actor/lib/test/auto/Clock22.xml (RunModel)" time="0.012" />
  <testcase classname="ptolemy.util.test.junit.AutoTests" name="[61] /home/travis/build/icyphy/ptII/ptolemy/actor/lib/test/auto/Clock23.xml (RunModel)" time="0.023" />
  <testcase classname="ptolemy.util.test.junit.AutoTests" name="[62] /home/travis/build/icyphy/ptII/ptolemy/actor/lib/test/auto/Clock24.xml (RunModel)" time="0.016" />
  <testcase classname="ptolemy.util.test.junit.AutoTests" name="[63] /home/travis/build/icyphy/ptII/ptolemy/actor/lib/test/auto/Clock4.xml (RunModel)" time="0.016" />
  <testcase classname="ptolemy.util.test.junit.AutoTests" name="[64] /home/travis/build/icyphy/ptII/ptolemy/actor/lib/test/auto/Clock5.xml (RunModel)" time="0.014" />
  <testcase classname="ptolemy.util.test.junit.AutoTests" name="[65] /home/travis/build/icyphy/ptII/ptolemy/actor/lib/test/auto/Clock6.xml (RunModel)" time="0.009" />
  <testcase classname="ptolemy.util.test.junit.AutoTests" name="[66] /home/travis/build/icyphy/ptII/ptolemy/actor/lib/test/auto/Clock7.xml (RunModel)" time="0.01" />
  <testcase classname="ptolemy.util.test.junit.AutoTests" name="[67] /home/travis/build/icyphy/ptII/ptolemy/actor/lib/test/auto/Clock8.xml (RunModel)" time="0.015" />
  <testcase classname="ptolemy.util.test.junit.AutoTests" name="[68] /home/travis/build/icyphy/ptII/ptolemy/actor/lib/test/auto/Clock9.xml (RunModel)" time="0.016" />
  <testcase classname="ptolemy.util.test.junit.AutoTests" name="[69] /home/travis/build/icyphy/ptII/ptolemy/actor/lib/test/auto/CommDistDiscard.xml (RunModel)" time="0.018" />
  <testcase classname="ptolemy.util.test.junit.AutoTests" name="[70] /home/travis/build/icyphy/ptII/ptolemy/actor/lib/test/auto/Commutator.xml (RunModel)" time="0.013" />
  <testcase classname="ptolemy.util.test.junit.AutoTests" name="[71] /home/travis/build/icyphy/ptII/ptolemy/actor/lib/test/auto/Commutator2.xml (RunModel)" time="0.01" />
  <testcase classname="ptolemy.util.test.junit.AutoTests" name="[72] /home/travis/build/icyphy/ptII/ptolemy/actor/lib/test/auto/Commutator3.xml (RunModel)" time="0.011" />
  <testcase classname="ptolemy.util.test.junit.AutoTests" name="[73] /home/travis/build/icyphy/ptII/ptolemy/actor/lib/test/auto/Compare.xml (RunModel)" time="0.017" />
  <testcase classname="ptolemy.util.test.junit.AutoTests" name="[74] /home/travis/build/icyphy/ptII/ptolemy/actor/lib/test/auto/CompareDE.xml (RunModel)" time="0.017" />
  <testcase classname="ptolemy.util.test.junit.AutoTests" name="[75] /home/travis/build/icyphy/ptII/ptolemy/actor/lib/test/auto/ComplexDivide.xml (RunModel)" time="0.009" />
  <testcase classname="ptolemy.util.test.junit.AutoTests" name="[76] /home/travis/build/icyphy/ptII/ptolemy/actor/lib/test/auto/ComputeHistogram.xml (RunModel)" time="0.084" />
  <testcase classname="ptolemy.util.test.junit.AutoTests" name="[77] /home/travis/build/icyphy/ptII/ptolemy/actor/lib/test/auto/ConfigurationSelect.xml (RunModel)" time="0.012" />
  <testcase classname="ptolemy.util.test.junit.AutoTests" name="[78] /home/travis/build/icyphy/ptII/ptolemy/actor/lib/test/auto/ConfigurationSelect2.xml (RunModel)" time="0.013" />
  <testcase classname="ptolemy.util.test.junit.AutoTests" name="[79] /home/travis/build/icyphy/ptII/ptolemy/actor/lib/test/auto/ConfigurationSwitch.xml (RunModel)" time="0.022" />
  <testcase classname="ptolemy.util.test.junit.AutoTests" name="[80] /home/travis/build/icyphy/ptII/ptolemy/actor/lib/test/auto/ConfigurationSwitch2.xml (RunModel)" time="0.014" />
  <testcase classname="ptolemy.util.test.junit.AutoTests" name="[81] /home/travis/build/icyphy/ptII/ptolemy/actor/lib/test/auto/ConfigurationSwitchCloningBugWithClassRelationGroup.xml (RunModel)" time="0.014" />
  <testcase classname="ptolemy.util.test.junit.AutoTests" name="[82] /home/travis/build/icyphy/ptII/ptolemy/actor/lib/test/auto/ConfigurationSwitchSelectSDF.xml (RunModel)" time="0.012" />
  <testcase classname="ptolemy.util.test.junit.AutoTests" name="[83] /home/travis/build/icyphy/ptII/ptolemy/actor/lib/test/auto/ConfigurationSwitchSelectSDF2.xml (RunModel)" time="0.011" />
  <testcase classname="ptolemy.util.test.junit.AutoTests" name="[84] /home/travis/build/icyphy/ptII/ptolemy/actor/lib/test/auto/Const.xml (RunModel)" time="0.006" />
  <testcase classname="ptolemy.util.test.junit.AutoTests" name="[85] /home/travis/build/icyphy/ptII/ptolemy/actor/lib/test/auto/Const2.xml (RunModel)" time="0.008" />
  <testcase classname="ptolemy.util.test.junit.AutoTests" name="[86] /home/travis/build/icyphy/ptII/ptolemy/actor/lib/test/auto/Const3.xml (RunModel)" time="0.005" />
  <testcase classname="ptolemy.util.test.junit.AutoTests" name="[87] /home/travis/build/icyphy/ptII/ptolemy/actor/lib/test/auto/ConstantPublisherPort1.xml (RunModel)" time="0.017" />
  <testcase classname="ptolemy.util.test.junit.AutoTests" name="[88] /home/travis/build/icyphy/ptII/ptolemy/actor/lib/test/auto/ConstantPublisherPort2.xml (RunModel)" time="0.016" />
  <testcase classname="ptolemy.util.test.junit.AutoTests" name="[89] /home/travis/build/icyphy/ptII/ptolemy/actor/lib/test/auto/ConstantPublisherPort3.xml (RunModel)" time="0.015" />
  <testcase classname="ptolemy.util.test.junit.AutoTests" name="[90] /home/travis/build/icyphy/ptII/ptolemy/actor/lib/test/auto/ConstantPublisherPort4.xml (RunModel)" time="0.014" />
  <testcase classname="ptolemy.util.test.junit.AutoTests" name="[91] /home/travis/build/icyphy/ptII/ptolemy/actor/lib/test/auto/ConstantPublisherPort5.xml (RunModel)" time="0.028" />
  <testcase classname="ptolemy.util.test.junit.AutoTests" name="[92] /home/travis/build/icyphy/ptII/ptolemy/actor/lib/test/auto/ConstantPublisherPort6.xml (RunModel)" time="0.029" />
  <testcase classname="ptolemy.util.test.junit.AutoTests" name="[93] /home/travis/build/icyphy/ptII/ptolemy/actor/lib/test/auto/ConstantPublisherPort7.xml (RunModel)" time="0.03" />
  <testcase classname="ptolemy.util.test.junit.AutoTests" name="[94] /home/travis/build/icyphy/ptII/ptolemy/actor/lib/test/auto/ConstraintMonitor1.xml (RunModel)" time="0.037" />
  <testcase classname="ptolemy.util.test.junit.AutoTests" name="[95] /home/travis/build/icyphy/ptII/ptolemy/actor/lib/test/auto/ConstraintMonitor2.xml (RunModel)" time="0.012" />
  <testcase classname="ptolemy.util.test.junit.AutoTests" name="[96] /home/travis/build/icyphy/ptII/ptolemy/actor/lib/test/auto/ConstraintMonitor3.xml (RunModel)" time="0.011" />
  <testcase classname="ptolemy.util.test.junit.AutoTests" name="[97] /home/travis/build/icyphy/ptII/ptolemy/actor/lib/test/auto/ConstraintMonitor4.xml (RunModel)" time="0.013" />
  <testcase classname="ptolemy.util.test.junit.AutoTests" name="[98] /home/travis/build/icyphy/ptII/ptolemy/actor/lib/test/auto/ConstraintMonitor5.xml (RunModel)" time="0.014" />
  <testcase classname="ptolemy.util.test.junit.AutoTests" name="[99] /home/travis/build/icyphy/ptII/ptolemy/actor/lib/test/auto/ConstraintMonitor6.xml (RunModel)" time="0.02" />
  <testcase classname="ptolemy.util.test.junit.AutoTests" name="[100] /home/travis/build/icyphy/ptII/ptolemy/actor/lib/test/auto/ConstraintMonitor7.xml (RunModel)" time="0.016" />
  <testcase classname="ptolemy.util.test.junit.AutoTests" name="[101] /home/travis/build/icyphy/ptII/ptolemy/actor/lib/test/auto/ConstraintMonitor8.xml (RunModel)" time="0.018" />
  <testcase classname="ptolemy.util.test.junit.AutoTests" name="[102] /home/travis/build/icyphy/ptII/ptolemy/actor/lib/test/auto/Counter.xml (RunModel)" time="0.01" />
  <testcase classname="ptolemy.util.test.junit.AutoTests" name="[103] /home/travis/build/icyphy/ptII/ptolemy/actor/lib/test/auto/CurrentTimeSDF.xml (RunModel)" time="0.008" />
  <testcase classname="ptolemy.util.test.junit.AutoTests" name="[104] /home/travis/build/icyphy/ptII/ptolemy/actor/lib/test/auto/DB.xml (RunModel)" time="0.01" />
  <testcase classname="ptolemy.util.test.junit.AutoTests" name="[105] /home/travis/build/icyphy/ptII/ptolemy/actor/lib/test/auto/DBDE.xml (RunModel)" time="0.017" />
  <testcase classname="ptolemy.util.test.junit.AutoTests" name="[106] /home/travis/build/icyphy/ptII/ptolemy/actor/lib/test/auto/DateConstructor.xml (RunModel)" time="0.058" />
  <testcase classname="ptolemy.util.test.junit.AutoTests" name="[107] /home/travis/build/icyphy/ptII/ptolemy/actor/lib/test/auto/DelayTime.xml (RunModel)" time="0.015" />
  <testcase classname="ptolemy.util.test.junit.AutoTests" name="[108] /home/travis/build/icyphy/ptII/ptolemy/actor/lib/test/auto/Dictionary1.xml (RunModel)" time="0.018" />
  <testcase classname="ptolemy.util.test.junit.AutoTests" name="[109] /home/travis/build/icyphy/ptII/ptolemy/actor/lib/test/auto/Dictionary2.xml (RunModel)" time="0.016" />
  <testcase classname="ptolemy.util.test.junit.AutoTests" name="[110] /home/travis/build/icyphy/ptII/ptolemy/actor/lib/test/auto/Dictionary3.xml (RunModel)" time="0.012" />
  <testcase classname="ptolemy.util.test.junit.AutoTests" name="[111] /home/travis/build/icyphy/ptII/ptolemy/actor/lib/test/auto/Dictionary4.xml (RunModel)" time="0.019" />
  <testcase classname="ptolemy.util.test.junit.AutoTests" name="[112] /home/travis/build/icyphy/ptII/ptolemy/actor/lib/test/auto/Differential.xml (RunModel)" time="0.013" />
  <testcase classname="ptolemy.util.test.junit.AutoTests" name="[113] /home/travis/build/icyphy/ptII/ptolemy/actor/lib/test/auto/Director.xml (RunModel)" time="0.013" />
  <testcase classname="ptolemy.util.test.junit.AutoTests" name="[114] /home/travis/build/icyphy/ptII/ptolemy/actor/lib/test/auto/DiscreteClock.xml (RunModel)" time="0.007" />
  <testcase classname="ptolemy.util.test.junit.AutoTests" name="[115] /home/travis/build/icyphy/ptII/ptolemy/actor/lib/test/auto/DiscreteClock10.xml (RunModel)" time="0.012" />
  <testcase classname="ptolemy.util.test.junit.AutoTests" name="[116] /home/travis/build/icyphy/ptII/ptolemy/actor/lib/test/auto/DiscreteClock11.xml (RunModel)" time="0.01" />
  <testcase classname="ptolemy.util.test.junit.AutoTests" name="[117] /home/travis/build/icyphy/ptII/ptolemy/actor/lib/test/auto/DiscreteClock12.xml (RunModel)" time="0.013" />
  <testcase classname="ptolemy.util.test.junit.AutoTests" name="[118] /home/travis/build/icyphy/ptII/ptolemy/actor/lib/test/auto/DiscreteClock13.xml (RunModel)" time="0.015" />
  <testcase classname="ptolemy.util.test.junit.AutoTests" name="[119] /home/travis/build/icyphy/ptII/ptolemy/actor/lib/test/auto/DiscreteClock14.xml (RunModel)" time="0.016" />
  <testcase classname="ptolemy.util.test.junit.AutoTests" name="[120] /home/travis/build/icyphy/ptII/ptolemy/actor/lib/test/auto/DiscreteClock15.xml (RunModel)" time="0.015" />
  <testcase classname="ptolemy.util.test.junit.AutoTests" name="[121] /home/travis/build/icyphy/ptII/ptolemy/actor/lib/test/auto/DiscreteClock16.xml (RunModel)" time="0.489" />
  <testcase classname="ptolemy.util.test.junit.AutoTests" name="[122] /home/travis/build/icyphy/ptII/ptolemy/actor/lib/test/auto/DiscreteClock17.xml (RunModel)" time="0.036" />
  <testcase classname="ptolemy.util.test.junit.AutoTests" name="[123] /home/travis/build/icyphy/ptII/ptolemy/actor/lib/test/auto/DiscreteClock18.xml (RunModel)" time="0.031" />
  <testcase classname="ptolemy.util.test.junit.AutoTests" name="[124] /home/travis/build/icyphy/ptII/ptolemy/actor/lib/test/auto/DiscreteClock19.xml (RunModel)" time="0.037" />
  <testcase classname="ptolemy.util.test.junit.AutoTests" name="[125] /home/travis/build/icyphy/ptII/ptolemy/actor/lib/test/auto/DiscreteClock2.xml (RunModel)" time="0.012" />
  <testcase classname="ptolemy.util.test.junit.AutoTests" name="[126] /home/travis/build/icyphy/ptII/ptolemy/actor/lib/test/auto/DiscreteClock20.xml (RunModel)" time="0.015" />
  <testcase classname="ptolemy.util.test.junit.AutoTests" name="[127] /home/travis/build/icyphy/ptII/ptolemy/actor/lib/test/auto/DiscreteClock21.xml (RunModel)" time="0.014" />
  <testcase classname="ptolemy.util.test.junit.AutoTests" name="[128] /home/travis/build/icyphy/ptII/ptolemy/actor/lib/test/auto/DiscreteClock22.xml (RunModel)" time="0.015" />
  <testcase classname="ptolemy.util.test.junit.AutoTests" name="[129] /home/travis/build/icyphy/ptII/ptolemy/actor/lib/test/auto/DiscreteClock23.xml (RunModel)" time="0.015" />
  <testcase classname="ptolemy.util.test.junit.AutoTests" name="[130] /home/travis/build/icyphy/ptII/ptolemy/actor/lib/test/auto/DiscreteClock24.xml (RunModel)" time="0.014" />
  <testcase classname="ptolemy.util.test.junit.AutoTests" name="[131] /home/travis/build/icyphy/ptII/ptolemy/actor/lib/test/auto/DiscreteClock4.xml (RunModel)" time="0.01" />
  <testcase classname="ptolemy.util.test.junit.AutoTests" name="[132] /home/travis/build/icyphy/ptII/ptolemy/actor/lib/test/auto/DiscreteClock5.xml (RunModel)" time="0.008" />
  <testcase classname="ptolemy.util.test.junit.AutoTests" name="[133] /home/travis/build/icyphy/ptII/ptolemy/actor/lib/test/auto/DiscreteClock6.xml (RunModel)" time="0.007" />
  <testcase classname="ptolemy.util.test.junit.AutoTests" name="[134] /home/travis/build/icyphy/ptII/ptolemy/actor/lib/test/auto/DiscreteClock7.xml (RunModel)" time="0.008" />
  <testcase classname="ptolemy.util.test.junit.AutoTests" name="[135] /home/travis/build/icyphy/ptII/ptolemy/actor/lib/test/auto/DiscreteClock8.xml (RunModel)" time="0.013" />
  <testcase classname="ptolemy.util.test.junit.AutoTests" name="[136] /home/travis/build/icyphy/ptII/ptolemy/actor/lib/test/auto/DiscreteClock9.xml (RunModel)" time="0.014" />
  <testcase classname="ptolemy.util.test.junit.AutoTests" name="[137] /home/travis/build/icyphy/ptII/ptolemy/actor/lib/test/auto/DisplayArray.xml (RunModel)" time="0.007" />
  <testcase classname="ptolemy.util.test.junit.AutoTests" name="[138] /home/travis/build/icyphy/ptII/ptolemy/actor/lib/test/auto/Distributor.xml (RunModel)" time="0.008" />
  <testcase classname="ptolemy.util.test.junit.AutoTests" name="[139] /home/travis/build/icyphy/ptII/ptolemy/actor/lib/test/auto/Distributor2.xml (RunModel)" time="0.01" />
  <testcase classname="ptolemy.util.test.junit.AutoTests" name="[140] /home/travis/build/icyphy/ptII/ptolemy/actor/lib/test/auto/DownSample.xml (RunModel)" time="0.009" />
  <testcase classname="ptolemy.util.test.junit.AutoTests" name="[141] /home/travis/build/icyphy/ptII/ptolemy/actor/lib/test/auto/ElectronicUnitBase1.xml (RunModel)" time="0.057" />
  <testcase classname="ptolemy.util.test.junit.AutoTests" name="[142] /home/travis/build/icyphy/ptII/ptolemy/actor/lib/test/auto/ElementsToArray.xml (RunModel)" time="0.01" />
  <testcase classname="ptolemy.util.test.junit.AutoTests" name="[143] /home/travis/build/icyphy/ptII/ptolemy/actor/lib/test/auto/Equals.xml (RunModel)" time="0.01" />
  <testcase classname="ptolemy.util.test.junit.AutoTests" name="[144] /home/travis/build/icyphy/ptII/ptolemy/actor/lib/test/auto/Exec.xml (RunModel)" time="0.016" />
  <testcase classname="ptolemy.util.test.junit.AutoTests" name="[145] /home/travis/build/icyphy/ptII/ptolemy/actor/lib/test/auto/ExecEnvironment.xml (RunModel)" time="0.038" />
  <testcase classname="ptolemy.util.test.junit.AutoTests" name="[146] /home/travis/build/icyphy/ptII/ptolemy/actor/lib/test/auto/ExecNonZeroReturnOutput.xml (RunModel)" time="0.131" />
  <testcase classname="ptolemy.util.test.junit.AutoTests" name="[147] /home/travis/build/icyphy/ptII/ptolemy/actor/lib/test/auto/ExecRunDemos.xml (RunModel)" time="9.433" />
  <testcase classname="ptolemy.util.test.junit.AutoTests" name="[148] /home/travis/build/icyphy/ptII/ptolemy/actor/lib/test/auto/ExecStop.xml (RunModel)" time="5.03" />
  <testcase classname="ptolemy.util.test.junit.AutoTests" name="[149] /home/travis/build/icyphy/ptII/ptolemy/actor/lib/test/auto/ExecutionTimeSDF.xml (RunModel)" time="6.025" />
  <testcase classname="ptolemy.util.test.junit.AutoTests" name="[150] /home/travis/build/icyphy/ptII/ptolemy/actor/lib/test/auto/Expression1.xml (RunModel)" time="0.019" />
  <testcase classname="ptolemy.util.test.junit.AutoTests" name="[151] /home/travis/build/icyphy/ptII/ptolemy/actor/lib/test/auto/Expression10.xml (RunModel)" time="0.015" />
  <testcase classname="ptolemy.util.test.junit.AutoTests" name="[152] /home/travis/build/icyphy/ptII/ptolemy/actor/lib/test/auto/Expression11.xml (RunModel)" time="0.011" />
  <testcase classname="ptolemy.util.test.junit.AutoTests" name="[153] /home/travis/build/icyphy/ptII/ptolemy/actor/lib/test/auto/Expression12.xml (RunModel)" time="0.018" />
  <testcase classname="ptolemy.util.test.junit.AutoTests" name="[154] /home/travis/build/icyphy/ptII/ptolemy/actor/lib/test/auto/Expression13.xml (RunModel)" time="0.011" />
  <testcase classname="ptolemy.util.test.junit.AutoTests" name="[155] /home/travis/build/icyphy/ptII/ptolemy/actor/lib/test/auto/Expression14.xml (RunModel)" time="0.019" />
  <testcase classname="ptolemy.util.test.junit.AutoTests" name="[156] /home/travis/build/icyphy/ptII/ptolemy/actor/lib/test/auto/Expression15.xml (RunModel)" time="0.009" />
  <testcase classname="ptolemy.util.test.junit.AutoTests" name="[157] /home/travis/build/icyphy/ptII/ptolemy/actor/lib/test/auto/Expression16.xml (RunModel)" time="0.013" />
  <testcase classname="ptolemy.util.test.junit.AutoTests" name="[158] /home/travis/build/icyphy/ptII/ptolemy/actor/lib/test/auto/Expression17.xml (RunModel)" time="0.013" />
  <testcase classname="ptolemy.util.test.junit.AutoTests" name="[159] /home/travis/build/icyphy/ptII/ptolemy/actor/lib/test/auto/Expression18.xml (RunModel)" time="0.015" />
  <testcase classname="ptolemy.util.test.junit.AutoTests" name="[160] /home/travis/build/icyphy/ptII/ptolemy/actor/lib/test/auto/Expression2.xml (RunModel)" time="0.021" />
  <testcase classname="ptolemy.util.test.junit.AutoTests" name="[161] /home/travis/build/icyphy/ptII/ptolemy/actor/lib/test/auto/Expression3.xml (RunModel)" time="0.019" />
  <testcase classname="ptolemy.util.test.junit.AutoTests" name="[162] /home/travis/build/icyphy/ptII/ptolemy/actor/lib/test/auto/Expression4.xml (RunModel)" time="0.018" />
  <testcase classname="ptolemy.util.test.junit.AutoTests" name="[163] /home/travis/build/icyphy/ptII/ptolemy/actor/lib/test/auto/Expression5.xml (RunModel)" time="0.012" />
  <testcase classname="ptolemy.util.test.junit.AutoTests" name="[164] /home/travis/build/icyphy/ptII/ptolemy/actor/lib/test/auto/Expression6.xml (RunModel)" time="0.008" />
  <testcase classname="ptolemy.util.test.junit.AutoTests" name="[165] /home/travis/build/icyphy/ptII/ptolemy/actor/lib/test/auto/Expression7.xml (RunModel)" time="0.011" />
  <testcase classname="ptolemy.util.test.junit.AutoTests" name="[166] /home/travis/build/icyphy/ptII/ptolemy/actor/lib/test/auto/Expression8.xml (RunModel)" time="0.015" />
  <testcase classname="ptolemy.util.test.junit.AutoTests" name="[167] /home/travis/build/icyphy/ptII/ptolemy/actor/lib/test/auto/Expression9.xml (RunModel)" time="0.011" />
  <testcase classname="ptolemy.util.test.junit.AutoTests" name="[168] /home/travis/build/icyphy/ptII/ptolemy/actor/lib/test/auto/ExpressionConcatenateArrayType.xml (RunModel)" time="0.027" />
  <testcase classname="ptolemy.util.test.junit.AutoTests" name="[169] /home/travis/build/icyphy/ptII/ptolemy/actor/lib/test/auto/ExpressionConcatenateArrayType2.xml (RunModel)" time="0.02" />
  <testcase classname="ptolemy.util.test.junit.AutoTests" name="[170] /home/travis/build/icyphy/ptII/ptolemy/actor/lib/test/auto/ExpressionFix.xml (RunModel)" time="0.036" />
  <testcase classname="ptolemy.util.test.junit.AutoTests" name="[171] /home/travis/build/icyphy/ptII/ptolemy/actor/lib/test/auto/ExpressionFix2.xml (RunModel)" time="0.012" />
  <testcase classname="ptolemy.util.test.junit.AutoTests" name="[172] /home/travis/build/icyphy/ptII/ptolemy/actor/lib/test/auto/ExpressionFix3.xml (RunModel)" time="0.012" />
  <testcase classname="ptolemy.util.test.junit.AutoTests" name="[173] /home/travis/build/icyphy/ptII/ptolemy/actor/lib/test/auto/FileWriter1.xml (RunModel)" time="0.008" />
  <testcase classname="ptolemy.util.test.junit.AutoTests" name="[174] /home/travis/build/icyphy/ptII/ptolemy/actor/lib/test/auto/FileWriter2.xml (RunModel)" time="0.015" />
  <testcase classname="ptolemy.util.test.junit.AutoTests" name="[175] /home/travis/build/icyphy/ptII/ptolemy/actor/lib/test/auto/FileWriter3.xml (RunModel)" time="0.012" />
  <testcase classname="ptolemy.util.test.junit.AutoTests" name="[176] /home/travis/build/icyphy/ptII/ptolemy/actor/lib/test/auto/Gaussian.xml (RunModel)" time="0.009" />
  <testcase classname="ptolemy.util.test.junit.AutoTests" name="[177] /home/travis/build/icyphy/ptII/ptolemy/actor/lib/test/auto/Gaussian1.xml (RunModel)" time="0.019" />
  <testcase classname="ptolemy.util.test.junit.AutoTests" name="[178] /home/travis/build/icyphy/ptII/ptolemy/actor/lib/test/auto/Gaussian2.xml (RunModel)" time="0.02" />
  <testcase classname="ptolemy.util.test.junit.AutoTests" name="[179] /home/travis/build/icyphy/ptII/ptolemy/actor/lib/test/auto/GradientAdaptiveLattice.xml (RunModel)" time="0.014" />
  <testcase classname="ptolemy.util.test.junit.AutoTests" name="[180] /home/travis/build/icyphy/ptII/ptolemy/actor/lib/test/auto/IIR.xml (RunModel)" time="0.01" />
  <testcase classname="ptolemy.util.test.junit.AutoTests" name="[181] /home/travis/build/icyphy/ptII/ptolemy/actor/lib/test/auto/InputOutputTransparentPorts.xml (RunModel)" time="0.017" />
  <testcase classname="ptolemy.util.test.junit.AutoTests" name="[182] /home/travis/build/icyphy/ptII/ptolemy/actor/lib/test/auto/Interpolator.xml (RunModel)" time="0.013" />
  <testcase classname="ptolemy.util.test.junit.AutoTests" name="[183] /home/travis/build/icyphy/ptII/ptolemy/actor/lib/test/auto/InterpolatorFiringLimitDE.xml (RunModel)" time="0.012" />
  <testcase classname="ptolemy.util.test.junit.AutoTests" name="[184] /home/travis/build/icyphy/ptII/ptolemy/actor/lib/test/auto/Lattice.xml (RunModel)" time="0.007" />
  <testcase classname="ptolemy.util.test.junit.AutoTests" name="[185] /home/travis/build/icyphy/ptII/ptolemy/actor/lib/test/auto/LazyAOCTestLazy.xml (RunModel)" time="0.02" />
  <testcase classname="ptolemy.util.test.junit.AutoTests" name="[186] /home/travis/build/icyphy/ptII/ptolemy/actor/lib/test/auto/LazyAOCTestNonLazy.xml (RunModel)" time="0.044" />
  <testcase classname="ptolemy.util.test.junit.AutoTests" name="[187] /home/travis/build/icyphy/ptII/ptolemy/actor/lib/test/auto/LazyInnerClass.xml (RunModel)" time="0.047" />
  <testcase classname="ptolemy.util.test.junit.AutoTests" name="[188] /home/travis/build/icyphy/ptII/ptolemy/actor/lib/test/auto/LazyPubSub.xml (RunModel)" time="0.058" />
  <testcase classname="ptolemy.util.test.junit.AutoTests" name="[189] /home/travis/build/icyphy/ptII/ptolemy/actor/lib/test/auto/LazyPubSub2.xml (RunModel)" time="0.052" />
  <testcase classname="ptolemy.util.test.junit.AutoTests" name="[190] /home/travis/build/icyphy/ptII/ptolemy/actor/lib/test/auto/LazyPubSub3.xml (RunModel)" time="0.02" />
  <testcase classname="ptolemy.util.test.junit.AutoTests" name="[191] /home/travis/build/icyphy/ptII/ptolemy/actor/lib/test/auto/LazySubClassModel.xml (RunModel)" time="0.018" />
  <testcase classname="ptolemy.util.test.junit.AutoTests" name="[192] /home/travis/build/icyphy/ptII/ptolemy/actor/lib/test/auto/LevelCrossTest1.xml (RunModel)" time="0.009" />
  <testcase classname="ptolemy.util.test.junit.AutoTests" name="[193] /home/travis/build/icyphy/ptII/ptolemy/actor/lib/test/auto/LevelCrossTest10.xml (RunModel)" time="0.013" />
  <testcase classname="ptolemy.util.test.junit.AutoTests" name="[194] /home/travis/build/icyphy/ptII/ptolemy/actor/lib/test/auto/LevelCrossTest11.xml (RunModel)" time="0.012" />
  <testcase classname="ptolemy.util.test.junit.AutoTests" name="[195] /home/travis/build/icyphy/ptII/ptolemy/actor/lib/test/auto/LevelCrossTest12.xml (RunModel)" time="0.012" />
  <testcase classname="ptolemy.util.test.junit.AutoTests" name="[196] /home/travis/build/icyphy/ptII/ptolemy/actor/lib/test/auto/LevelCrossTest13.xml (RunModel)" time="0.013" />
  <testcase classname="ptolemy.util.test.junit.AutoTests" name="[197] /home/travis/build/icyphy/ptII/ptolemy/actor/lib/test/auto/LevelCrossTest2.xml (RunModel)" time="0.01" />
  <testcase classname="ptolemy.util.test.junit.AutoTests" name="[198] /home/travis/build/icyphy/ptII/ptolemy/actor/lib/test/auto/LevelCrossTest3.xml (RunModel)" time="0.011" />
  <testcase classname="ptolemy.util.test.junit.AutoTests" name="[199] /home/travis/build/icyphy/ptII/ptolemy/actor/lib/test/auto/LevelCrossTest4.xml (RunModel)" time="0.009" />
  <testcase classname="ptolemy.util.test.junit.AutoTests" name="[200] /home/travis/build/icyphy/ptII/ptolemy/actor/lib/test/auto/LevelCrossTest5.xml (RunModel)" time="0.011" />
  <testcase classname="ptolemy.util.test.junit.AutoTests" name="[201] /home/travis/build/icyphy/ptII/ptolemy/actor/lib/test/auto/LevelCrossTest6.xml (RunModel)" time="0.011" />
  <testcase classname="ptolemy.util.test.junit.AutoTests" name="[202] /home/travis/build/icyphy/ptII/ptolemy/actor/lib/test/auto/LevelCrossTest7.xml (RunModel)" time="0.013" />
  <testcase classname="ptolemy.util.test.junit.AutoTests" name="[203] /home/travis/build/icyphy/ptII/ptolemy/actor/lib/test/auto/LevelCrossTest8.xml (RunModel)" time="0.011" />
  <testcase classname="ptolemy.util.test.junit.AutoTests" name="[204] /home/travis/build/icyphy/ptII/ptolemy/actor/lib/test/auto/LevelCrossTest9.xml (RunModel)" time="0.012" />
  <testcase classname="ptolemy.util.test.junit.AutoTests" name="[205] /home/travis/build/icyphy/ptII/ptolemy/actor/lib/test/auto/LevinsonDurbin.xml (RunModel)" time="0.008" />
  <testcase classname="ptolemy.util.test.junit.AutoTests" name="[206] /home/travis/build/icyphy/ptII/ptolemy/actor/lib/test/auto/LevinsonDurbin2.xml (RunModel)" time="0.007" />
  <testcase classname="ptolemy.util.test.junit.AutoTests" name="[207] /home/travis/build/icyphy/ptII/ptolemy/actor/lib/test/auto/LevinsonDurbin3.xml (RunModel)" time="0.007" />
  <testcase classname="ptolemy.util.test.junit.AutoTests" name="[208] /home/travis/build/icyphy/ptII/ptolemy/actor/lib/test/auto/Limiter.xml (RunModel)" time="0.02" />
  <testcase classname="ptolemy.util.test.junit.AutoTests" name="[209] /home/travis/build/icyphy/ptII/ptolemy/actor/lib/test/auto/LinearDifferenceEquationSystem.xml (RunModel)" time="0.018" />
  <testcase classname="ptolemy.util.test.junit.AutoTests" name="[210] /home/travis/build/icyphy/ptII/ptolemy/actor/lib/test/auto/LookupTable.xml (RunModel)" time="0.008" />
  <testcase classname="ptolemy.util.test.junit.AutoTests" name="[211] /home/travis/build/icyphy/ptII/ptolemy/actor/lib/test/auto/MathFunction.xml (RunModel)" time="0.017" />
  <testcase classname="ptolemy.util.test.junit.AutoTests" name="[212] /home/travis/build/icyphy/ptII/ptolemy/actor/lib/test/auto/MathFunction2.xml (RunModel)" time="0.007" />
  <testcase classname="ptolemy.util.test.junit.AutoTests" name="[213] /home/travis/build/icyphy/ptII/ptolemy/actor/lib/test/auto/MathFunction3.xml (RunModel)" time="0.015" />
  <testcase classname="ptolemy.util.test.junit.AutoTests" name="[214] /home/travis/build/icyphy/ptII/ptolemy/actor/lib/test/auto/MatrixCropBoolean.xml (RunModel)" time="0.009" />
  <testcase classname="ptolemy.util.test.junit.AutoTests" name="[215] /home/travis/build/icyphy/ptII/ptolemy/actor/lib/test/auto/MatrixCropComplex.xml (RunModel)" time="0.008" />
  <testcase classname="ptolemy.util.test.junit.AutoTests" name="[216] /home/travis/build/icyphy/ptII/ptolemy/actor/lib/test/auto/MatrixCropDouble.xml (RunModel)" time="0.009" />
  <testcase classname="ptolemy.util.test.junit.AutoTests" name="[217] /home/travis/build/icyphy/ptII/ptolemy/actor/lib/test/auto/MatrixCropFix.xml (RunModel)" time="0.009" />
  <testcase classname="ptolemy.util.test.junit.AutoTests" name="[218] /home/travis/build/icyphy/ptII/ptolemy/actor/lib/test/auto/MatrixCropInt.xml (RunModel)" time="0.008" />
  <testcase classname="ptolemy.util.test.junit.AutoTests" name="[219] /home/travis/build/icyphy/ptII/ptolemy/actor/lib/test/auto/MatrixCropLong.xml (RunModel)" time="0.008" />
  <testcase classname="ptolemy.util.test.junit.AutoTests" name="[220] /home/travis/build/icyphy/ptII/ptolemy/actor/lib/test/auto/MatrixToArray.xml (RunModel)" time="0.036" />
  <testcase classname="ptolemy.util.test.junit.AutoTests" name="[221] /home/travis/build/icyphy/ptII/ptolemy/actor/lib/test/auto/MaxIndex.xml (RunModel)" time="0.01" />
  <testcase classname="ptolemy.util.test.junit.AutoTests" name="[222] /home/travis/build/icyphy/ptII/ptolemy/actor/lib/test/auto/Maximum.xml (RunModel)" time="0.016" />
  <testcase classname="ptolemy.util.test.junit.AutoTests" name="[223] /home/travis/build/icyphy/ptII/ptolemy/actor/lib/test/auto/MaximumComplex.xml (RunModel)" time="0.013" />
  <testcase classname="ptolemy.util.test.junit.AutoTests" name="[224] /home/travis/build/icyphy/ptII/ptolemy/actor/lib/test/auto/MethodCallTest.xml (RunModel)" time="0.017" />
  <testcase classname="ptolemy.util.test.junit.AutoTests" name="[225] /home/travis/build/icyphy/ptII/ptolemy/actor/lib/test/auto/Minimum.xml (RunModel)" time="0.011" />
  <testcase classname="ptolemy.util.test.junit.AutoTests" name="[226] /home/travis/build/icyphy/ptII/ptolemy/actor/lib/test/auto/MinimumComplex.xml (RunModel)" time="0.011" />
  <testcase classname="ptolemy.util.test.junit.AutoTests" name="[227] /home/travis/build/icyphy/ptII/ptolemy/actor/lib/test/auto/MinimumMultiports.xml (RunModel)" time="0.016" />
  <testcase classname="ptolemy.util.test.junit.AutoTests" name="[228] /home/travis/build/icyphy/ptII/ptolemy/actor/lib/test/auto/ModifyDate.xml (RunModel)" time="0.035" />
  <testcase classname="ptolemy.util.test.junit.AutoTests" name="[229] /home/travis/build/icyphy/ptII/ptolemy/actor/lib/test/auto/ModifyDate2.xml (RunModel)" time="0.028" />
  <testcase classname="ptolemy.util.test.junit.AutoTests" name="[230] /home/travis/build/icyphy/ptII/ptolemy/actor/lib/test/auto/MovingAverage.xml (RunModel)" time="0.011" />
  <testcase classname="ptolemy.util.test.junit.AutoTests" name="[231] /home/travis/build/icyphy/ptII/ptolemy/actor/lib/test/auto/MovingMaximum.xml (RunModel)" time="0.011" />
  <testcase classname="ptolemy.util.test.junit.AutoTests" name="[232] /home/travis/build/icyphy/ptII/ptolemy/actor/lib/test/auto/MultipleLinksToSameRelation.xml (RunModel)" time="0.007" />
  <testcase classname="ptolemy.util.test.junit.AutoTests" name="[233] /home/travis/build/icyphy/ptII/ptolemy/actor/lib/test/auto/MultipleLinksToSameRelationDE.xml (RunModel)" time="0.014" />
  <testcase classname="ptolemy.util.test.junit.AutoTests" name="[234] /home/travis/build/icyphy/ptII/ptolemy/actor/lib/test/auto/Multiplexor.xml (RunModel)" time="0.011" />
  <testcase classname="ptolemy.util.test.junit.AutoTests" name="[235] /home/travis/build/icyphy/ptII/ptolemy/actor/lib/test/auto/Multiplexor1.xml (RunModel)" time="0.012" />
  <testcase classname="ptolemy.util.test.junit.AutoTests" name="[236] /home/travis/build/icyphy/ptII/ptolemy/actor/lib/test/auto/Multiplexor2.xml (RunModel)" time="0.017" />
  <testcase classname="ptolemy.util.test.junit.AutoTests" name="[237] /home/travis/build/icyphy/ptII/ptolemy/actor/lib/test/auto/Multiplexor3.xml (RunModel)" time="0.008" />
  <testcase classname="ptolemy.util.test.junit.AutoTests" name="[238] /home/travis/build/icyphy/ptII/ptolemy/actor/lib/test/auto/MultiplexorDE.xml (RunModel)" time="0.015" />
  <testcase classname="ptolemy.util.test.junit.AutoTests" name="[239] /home/travis/build/icyphy/ptII/ptolemy/actor/lib/test/auto/MultiportBroadcastTest.xml (RunModel)" time="0.085" />
  <testcase classname="ptolemy.util.test.junit.AutoTests" name="[240] /home/travis/build/icyphy/ptII/ptolemy/actor/lib/test/auto/MultiportOutHangDuringGetWidth.xml (RunModel)" time="0.029" />
  <testcase classname="ptolemy.util.test.junit.AutoTests" name="[241] /home/travis/build/icyphy/ptII/ptolemy/actor/lib/test/auto/NilToken.xml (RunModel)" time="0.007" />
  <testcase classname="ptolemy.util.test.junit.AutoTests" name="[242] /home/travis/build/icyphy/ptII/ptolemy/actor/lib/test/auto/NilTokenNonStrictTest.xml (RunModel)" time="0.011" />
  <testcase classname="ptolemy.util.test.junit.AutoTests" name="[243] /home/travis/build/icyphy/ptII/ptolemy/actor/lib/test/auto/NilTokenRecord.xml (RunModel)" time="0.018" />
  <testcase classname="ptolemy.util.test.junit.AutoTests" name="[244] /home/travis/build/icyphy/ptII/ptolemy/actor/lib/test/auto/NilTokenTypeTest.xml (RunModel)" time="0.026" />
  <testcase classname="ptolemy.util.test.junit.AutoTests" name="[245] /home/travis/build/icyphy/ptII/ptolemy/actor/lib/test/auto/ObjectToken1.xml (RunModel)" time="0.008" />
  <testcase classname="ptolemy.util.test.junit.AutoTests" name="[246] /home/travis/build/icyphy/ptII/ptolemy/actor/lib/test/auto/OrderedMerge.xml (RunModel)" time="0.013" />
  <testcase classname="ptolemy.util.test.junit.AutoTests" name="[247] /home/travis/build/icyphy/ptII/ptolemy/actor/lib/test/auto/OrderedRecordDisassembler.xml (RunModel)" time="0.014" />
  <testcase classname="ptolemy.util.test.junit.AutoTests" name="[248] /home/travis/build/icyphy/ptII/ptolemy/actor/lib/test/auto/OrderedRecordDisassembler2.xml (RunModel)" time="0.023" />
  <testcase classname="ptolemy.util.test.junit.AutoTests" name="[249] /home/travis/build/icyphy/ptII/ptolemy/actor/lib/test/auto/OrderedRecordUpdater.xml (RunModel)" time="0.008" />
  <testcase classname="ptolemy.util.test.junit.AutoTests" name="[250] /home/travis/build/icyphy/ptII/ptolemy/actor/lib/test/auto/OrderedRecordUpdater2.xml (RunModel)" time="0.008" />
  <testcase classname="ptolemy.util.test.junit.AutoTests" name="[251] /home/travis/build/icyphy/ptII/ptolemy/actor/lib/test/auto/PhaseUnwrap.xml (RunModel)" time="0.01" />
  <testcase classname="ptolemy.util.test.junit.AutoTests" name="[252] /home/travis/build/icyphy/ptII/ptolemy/actor/lib/test/auto/PoissonClock.xml (RunModel)" time="0.008" />
  <testcase classname="ptolemy.util.test.junit.AutoTests" name="[253] /home/travis/build/icyphy/ptII/ptolemy/actor/lib/test/auto/PoissonClock2.xml (RunModel)" time="0.007" />
  <testcase classname="ptolemy.util.test.junit.AutoTests" name="[254] /home/travis/build/icyphy/ptII/ptolemy/actor/lib/test/auto/PoissonClock3.xml (RunModel)" time="0.008" />
  <testcase classname="ptolemy.util.test.junit.AutoTests" name="[255] /home/travis/build/icyphy/ptII/ptolemy/actor/lib/test/auto/PubSubWithInitialTokens.xml (RunModel)" time="0.01" />
  <testcase classname="ptolemy.util.test.junit.AutoTests" name="[256] /home/travis/build/icyphy/ptII/ptolemy/actor/lib/test/auto/PubSubWithInitialTokens2.xml (RunModel)" time="0.009" />
  <testcase classname="ptolemy.util.test.junit.AutoTests" name="[257] /home/travis/build/icyphy/ptII/ptolemy/actor/lib/test/auto/PublisherClassNoParameter.xml (RunModel)" time="0.017" />
  <testcase classname="ptolemy.util.test.junit.AutoTests" name="[258] /home/travis/build/icyphy/ptII/ptolemy/actor/lib/test/auto/PublisherClassParameter.xml (RunModel)" time="0.019" />
  <testcase classname="ptolemy.util.test.junit.AutoTests" name="[259] /home/travis/build/icyphy/ptII/ptolemy/actor/lib/test/auto/PublisherNonStrictTest.xml (RunModel)" time="0.014" />
  <testcase classname="ptolemy.util.test.junit.AutoTests" name="[260] /home/travis/build/icyphy/ptII/ptolemy/actor/lib/test/auto/PublisherPort1.xml (RunModel)" time="0.01" />
  <testcase classname="ptolemy.util.test.junit.AutoTests" name="[261] /home/travis/build/icyphy/ptII/ptolemy/actor/lib/test/auto/PublisherPort2.xml (RunModel)" time="0.008" />
  <testcase classname="ptolemy.util.test.junit.AutoTests" name="[262] /home/travis/build/icyphy/ptII/ptolemy/actor/lib/test/auto/PublisherPort3.xml (RunModel)" time="0.011" />
  <testcase classname="ptolemy.util.test.junit.AutoTests" name="[263] /home/travis/build/icyphy/ptII/ptolemy/actor/lib/test/auto/PublisherPort4.xml (RunModel)" time="0.01" />
  <testcase classname="ptolemy.util.test.junit.AutoTests" name="[264] /home/travis/build/icyphy/ptII/ptolemy/actor/lib/test/auto/PublisherPort5.xml (RunModel)" time="0.013" />
  <testcase classname="ptolemy.util.test.junit.AutoTests" name="[265] /home/travis/build/icyphy/ptII/ptolemy/actor/lib/test/auto/PublisherPort5LookAlike.xml (RunModel)" time="0.013" />
  <testcase classname="ptolemy.util.test.junit.AutoTests" name="[266] /home/travis/build/icyphy/ptII/ptolemy/actor/lib/test/auto/PublisherPort6.xml (RunModel)" time="0.01" />
  <testcase classname="ptolemy.util.test.junit.AutoTests" name="[267] /home/travis/build/icyphy/ptII/ptolemy/actor/lib/test/auto/PublisherPort7.xml (RunModel)" time="0.013" />
  <testcase classname="ptolemy.util.test.junit.AutoTests" name="[268] /home/travis/build/icyphy/ptII/ptolemy/actor/lib/test/auto/PublisherPort8.xml (RunModel)" time="0.014" />
  <testcase classname="ptolemy.util.test.junit.AutoTests" name="[269] /home/travis/build/icyphy/ptII/ptolemy/actor/lib/test/auto/PublisherPortSubscriberChannelVariablesAOC2.xml (RunModel)" time="0.027" />
  <testcase classname="ptolemy.util.test.junit.AutoTests" name="[270] /home/travis/build/icyphy/ptII/ptolemy/actor/lib/test/auto/PublisherPortSubscriberOpaqueWidthInference.xml (RunModel)" time="0.013" />
  <testcase classname="ptolemy.util.test.junit.AutoTests" name="[271] /home/travis/build/icyphy/ptII/ptolemy/actor/lib/test/auto/PublisherPortSubscriberPortAdjacent.xml (RunModel)" time="0.015" />
  <testcase classname="ptolemy.util.test.junit.AutoTests" name="[272] /home/travis/build/icyphy/ptII/ptolemy/actor/lib/test/auto/PublisherPortSubscriberPortExpression.xml (RunModel)" time="0.015" />
  <testcase classname="ptolemy.util.test.junit.AutoTests" name="[273] /home/travis/build/icyphy/ptII/ptolemy/actor/lib/test/auto/PublisherPortSubscriberPortOpaqueD3Reverse.xml (RunModel)" time="0.018" />
  <testcase classname="ptolemy.util.test.junit.AutoTests" name="[274] /home/travis/build/icyphy/ptII/ptolemy/actor/lib/test/auto/PublisherPortSubscriberPortOpaqueWidthInference.xml (RunModel)" time="0.014" />
  <testcase classname="ptolemy.util.test.junit.AutoTests" name="[275] /home/travis/build/icyphy/ptII/ptolemy/actor/lib/test/auto/PublisherPortToplevelSubscriberPortAOC.xml (RunModel)" time="0.009" />
  <testcase classname="ptolemy.util.test.junit.AutoTests" name="[276] /home/travis/build/icyphy/ptII/ptolemy/actor/lib/test/auto/PublisherSubscriber.xml (RunModel)" time="0.012" />
  <testcase classname="ptolemy.util.test.junit.AutoTests" name="[277] /home/travis/build/icyphy/ptII/ptolemy/actor/lib/test/auto/PublisherSubscriber10.xml (RunModel)" time="0.017" />
  <testcase classname="ptolemy.util.test.junit.AutoTests" name="[278] /home/travis/build/icyphy/ptII/ptolemy/actor/lib/test/auto/PublisherSubscriber10InitialOutputs.xml (RunModel)" time="0.016" />
  <testcase classname="ptolemy.util.test.junit.AutoTests" name="[279] /home/travis/build/icyphy/ptII/ptolemy/actor/lib/test/auto/PublisherSubscriber11.xml (RunModel)" time="0.009" />
  <testcase classname="ptolemy.util.test.junit.AutoTests" name="[280] /home/travis/build/icyphy/ptII/ptolemy/actor/lib/test/auto/PublisherSubscriber12.xml (RunModel)" time="0.01" />
  <testcase classname="ptolemy.util.test.junit.AutoTests" name="[281] /home/travis/build/icyphy/ptII/ptolemy/actor/lib/test/auto/PublisherSubscriber13.xml (RunModel)" time="0.008" />
  <testcase classname="ptolemy.util.test.junit.AutoTests" name="[282] /home/travis/build/icyphy/ptII/ptolemy/actor/lib/test/auto/PublisherSubscriber14.xml (RunModel)" time="0.016" />
  <testcase classname="ptolemy.util.test.junit.AutoTests" name="[283] /home/travis/build/icyphy/ptII/ptolemy/actor/lib/test/auto/PublisherSubscriber2.xml (RunModel)" time="0.008" />
  <testcase classname="ptolemy.util.test.junit.AutoTests" name="[284] /home/travis/build/icyphy/ptII/ptolemy/actor/lib/test/auto/PublisherSubscriber3.xml (RunModel)" time="0.008" />
  <testcase classname="ptolemy.util.test.junit.AutoTests" name="[285] /home/travis/build/icyphy/ptII/ptolemy/actor/lib/test/auto/PublisherSubscriber4.xml (RunModel)" time="0.007" />
  <testcase classname="ptolemy.util.test.junit.AutoTests" name="[286] /home/travis/build/icyphy/ptII/ptolemy/actor/lib/test/auto/PublisherSubscriber5.xml (RunModel)" time="0.012" />
  <testcase classname="ptolemy.util.test.junit.AutoTests" name="[287] /home/travis/build/icyphy/ptII/ptolemy/actor/lib/test/auto/PublisherSubscriber6.xml (RunModel)" time="0.011" />
  <testcase classname="ptolemy.util.test.junit.AutoTests" name="[288] /home/travis/build/icyphy/ptII/ptolemy/actor/lib/test/auto/PublisherSubscriber7.xml (RunModel)" time="0.013" />
  <testcase classname="ptolemy.util.test.junit.AutoTests" name="[289] /home/travis/build/icyphy/ptII/ptolemy/actor/lib/test/auto/PublisherSubscriber8.xml (RunModel)" time="0.023" />
  <testcase classname="ptolemy.util.test.junit.AutoTests" name="[290] /home/travis/build/icyphy/ptII/ptolemy/actor/lib/test/auto/PublisherSubscriber9.xml (RunModel)" time="0.019" />
  <testcase classname="ptolemy.util.test.junit.AutoTests" name="[291] /home/travis/build/icyphy/ptII/ptolemy/actor/lib/test/auto/PublisherSubscriberAdjacent.xml (RunModel)" time="0.017" />
  <testcase classname="ptolemy.util.test.junit.AutoTests" name="[292] /home/travis/build/icyphy/ptII/ptolemy/actor/lib/test/auto/PublisherSubscriberChannelVariablesAOC2.xml (RunModel)" time="0.026" />
  <testcase classname="ptolemy.util.test.junit.AutoTests" name="[293] /home/travis/build/icyphy/ptII/ptolemy/actor/lib/test/auto/PublisherSubscriberD3.xml (RunModel)" time="0.012" />
  <testcase classname="ptolemy.util.test.junit.AutoTests" name="[294] /home/travis/build/icyphy/ptII/ptolemy/actor/lib/test/auto/PublisherSubscriberD3Reverse.xml (RunModel)" time="0.011" />
  <testcase classname="ptolemy.util.test.junit.AutoTests" name="[295] /home/travis/build/icyphy/ptII/ptolemy/actor/lib/test/auto/PublisherSubscriberExpression.xml (RunModel)" time="0.015" />
  <testcase classname="ptolemy.util.test.junit.AutoTests" name="[296] /home/travis/build/icyphy/ptII/ptolemy/actor/lib/test/auto/PublisherSubscriberOpaque.xml (RunModel)" time="0.013" />
  <testcase classname="ptolemy.util.test.junit.AutoTests" name="[297] /home/travis/build/icyphy/ptII/ptolemy/actor/lib/test/auto/PublisherSubscriberOpaqueD3.xml (RunModel)" time="0.018" />
  <testcase classname="ptolemy.util.test.junit.AutoTests" name="[298] /home/travis/build/icyphy/ptII/ptolemy/actor/lib/test/auto/PublisherSubscriberOpaqueD3Reverse.xml (RunModel)" time="0.016" />
  <testcase classname="ptolemy.util.test.junit.AutoTests" name="[299] /home/travis/build/icyphy/ptII/ptolemy/actor/lib/test/auto/PublisherSubscriberOpaqueWidthInference.xml (RunModel)" time="0.013" />
  <testcase classname="ptolemy.util.test.junit.AutoTests" name="[300] /home/travis/build/icyphy/ptII/ptolemy/actor/lib/test/auto/PublisherTestSubscriber.xml (RunModel)" time="0.013" />
  <testcase classname="ptolemy.util.test.junit.AutoTests" name="[301] /home/travis/build/icyphy/ptII/ptolemy/actor/lib/test/auto/PublisherToplevelSubscriberPortAOC.xml (RunModel)" time="0.009" />
  <testcase classname="ptolemy.util.test.junit.AutoTests" name="[302] /home/travis/build/icyphy/ptII/ptolemy/actor/lib/test/auto/PulseFiringLimitDE.xml (RunModel)" time="0.011" />
  <testcase classname="ptolemy.util.test.junit.AutoTests" name="[303] /home/travis/build/icyphy/ptII/ptolemy/actor/lib/test/auto/Ramp1.xml (RunModel)" time="0.009" />
  <testcase classname="ptolemy.util.test.junit.AutoTests" name="[304] /home/travis/build/icyphy/ptII/ptolemy/actor/lib/test/auto/RampFiringLimitDE.xml (RunModel)" time="0.01" />
  <testcase classname="ptolemy.util.test.junit.AutoTests" name="[305] /home/travis/build/icyphy/ptII/ptolemy/actor/lib/test/auto/RampFiringLimitSDF.xml (RunModel)" time="0.009" />
  <testcase classname="ptolemy.util.test.junit.AutoTests" name="[306] /home/travis/build/icyphy/ptII/ptolemy/actor/lib/test/auto/RandomInteger.xml (RunModel)" time="0.007" />
  <testcase classname="ptolemy.util.test.junit.AutoTests" name="[307] /home/travis/build/icyphy/ptII/ptolemy/actor/lib/test/auto/ReadFile1.xml (RunModel)" time="0.007" />
  <testcase classname="ptolemy.util.test.junit.AutoTests" name="[308] /home/travis/build/icyphy/ptII/ptolemy/actor/lib/test/auto/ReadFile2.xml (RunModel)" time="0.006" />
  <testcase classname="ptolemy.util.test.junit.AutoTests" name="[309] /home/travis/build/icyphy/ptII/ptolemy/actor/lib/test/auto/Reader.xml (RunModel)" time="0.012" />
  <testcase classname="ptolemy.util.test.junit.AutoTests" name="[310] /home/travis/build/icyphy/ptII/ptolemy/actor/lib/test/auto/RecordAssemblerDisplayNameTest.xml (RunModel)" time="3.111" />
  <testcase classname="ptolemy.util.test.junit.AutoTests" name="[311] /home/travis/build/icyphy/ptII/ptolemy/actor/lib/test/auto/RecordAssemblerTypeError.xml (RunModel)" time="0.028" />
  <testcase classname="ptolemy.util.test.junit.AutoTests" name="[312] /home/travis/build/icyphy/ptII/ptolemy/actor/lib/test/auto/RecordDisassember.xml (RunModel)" time="0.011" />
  <testcase classname="ptolemy.util.test.junit.AutoTests" name="[313] /home/travis/build/icyphy/ptII/ptolemy/actor/lib/test/auto/RecordDisassemberDisplayNameTest.xml (RunModel)" time="0.017" />
  <testcase classname="ptolemy.util.test.junit.AutoTests" name="[314] /home/travis/build/icyphy/ptII/ptolemy/actor/lib/test/auto/RecordDisassembler.xml (RunModel)" time="0.008" />
  <testcase classname="ptolemy.util.test.junit.AutoTests" name="[315] /home/travis/build/icyphy/ptII/ptolemy/actor/lib/test/auto/RecordDisassembler2.xml (RunModel)" time="0.009" />
  <testcase classname="ptolemy.util.test.junit.AutoTests" name="[316] /home/travis/build/icyphy/ptII/ptolemy/actor/lib/test/auto/RecordUpdater.xml (RunModel)" time="0.008" />
  <testcase classname="ptolemy.util.test.junit.AutoTests" name="[317] /home/travis/build/icyphy/ptII/ptolemy/actor/lib/test/auto/RecordUpdater2.xml (RunModel)" time="0.009" />
  <testcase classname="ptolemy.util.test.junit.AutoTests" name="[318] /home/travis/build/icyphy/ptII/ptolemy/actor/lib/test/auto/RecursiveLattice.xml (RunModel)" time="0.007" />
  <testcase classname="ptolemy.util.test.junit.AutoTests" name="[319] /home/travis/build/icyphy/ptII/ptolemy/actor/lib/test/auto/Router.xml (RunModel)" time="3.021" />
  <testcase classname="ptolemy.util.test.junit.AutoTests" name="[320] /home/travis/build/icyphy/ptII/ptolemy/actor/lib/test/auto/Router2.xml (RunModel)" time="3.029" />
  <testcase classname="ptolemy.util.test.junit.AutoTests" name="[321] /home/travis/build/icyphy/ptII/ptolemy/actor/lib/test/auto/RunningMaximum.xml (RunModel)" time="0.013" />
  <testcase classname="ptolemy.util.test.junit.AutoTests" name="[322] /home/travis/build/icyphy/ptII/ptolemy/actor/lib/test/auto/RunningMinimum.xml (RunModel)" time="0.009" />
  <testcase classname="ptolemy.util.test.junit.AutoTests" name="[323] /home/travis/build/icyphy/ptII/ptolemy/actor/lib/test/auto/Scale.xml (RunModel)" time="0.007" />
  <testcase classname="ptolemy.util.test.junit.AutoTests" name="[324] /home/travis/build/icyphy/ptII/ptolemy/actor/lib/test/auto/Scale2.xml (RunModel)" time="0.009" />
  <testcase classname="ptolemy.util.test.junit.AutoTests" name="[325] /home/travis/build/icyphy/ptII/ptolemy/actor/lib/test/auto/Scale3.xml (RunModel)" time="0.013" />
  <testcase classname="ptolemy.util.test.junit.AutoTests" name="[326] /home/travis/build/icyphy/ptII/ptolemy/actor/lib/test/auto/ScaleArray.xml (RunModel)" time="0.007" />
  <testcase classname="ptolemy.util.test.junit.AutoTests" name="[327] /home/travis/build/icyphy/ptII/ptolemy/actor/lib/test/auto/ScaleArray2.xml (RunModel)" time="0.008" />
  <testcase classname="ptolemy.util.test.junit.AutoTests" name="[328] /home/travis/build/icyphy/ptII/ptolemy/actor/lib/test/auto/ScaleMatrix.xml (RunModel)" time="0.103" />
  <testcase classname="ptolemy.util.test.junit.AutoTests" name="[329] /home/travis/build/icyphy/ptII/ptolemy/actor/lib/test/auto/Select.xml (RunModel)" time="0.012" />
  <testcase classname="ptolemy.util.test.junit.AutoTests" name="[330] /home/travis/build/icyphy/ptII/ptolemy/actor/lib/test/auto/Select2.xml (RunModel)" time="0.008" />
  <testcase classname="ptolemy.util.test.junit.AutoTests" name="[331] /home/travis/build/icyphy/ptII/ptolemy/actor/lib/test/auto/SequenceToArray2.xml (RunModel)" time="0.117" />
  <testcase classname="ptolemy.util.test.junit.AutoTests" name="[332] /home/travis/build/icyphy/ptII/ptolemy/actor/lib/test/auto/SequentialClock.xml (RunModel)" time="0.007" />
  <testcase classname="ptolemy.util.test.junit.AutoTests" name="[333] /home/travis/build/icyphy/ptII/ptolemy/actor/lib/test/auto/SetVariable.xml (RunModel)" time="0.009" />
  <testcase classname="ptolemy.util.test.junit.AutoTests" name="[334] /home/travis/build/icyphy/ptII/ptolemy/actor/lib/test/auto/SetVariable2.xml (RunModel)" time="0.01" />
  <testcase classname="ptolemy.util.test.junit.AutoTests" name="[335] /home/travis/build/icyphy/ptII/ptolemy/actor/lib/test/auto/SetVariable3.xml (RunModel)" time="0.02" />
  <testcase classname="ptolemy.util.test.junit.AutoTests" name="[336] /home/travis/build/icyphy/ptII/ptolemy/actor/lib/test/auto/SetVariable4.xml (RunModel)" time="0.027" />
  <testcase classname="ptolemy.util.test.junit.AutoTests" name="[337] /home/travis/build/icyphy/ptII/ptolemy/actor/lib/test/auto/SetVariable5.xml (RunModel)" time="0.041" />
  <testcase classname="ptolemy.util.test.junit.AutoTests" name="[338] /home/travis/build/icyphy/ptII/ptolemy/actor/lib/test/auto/Sinewave.xml (RunModel)" time="0.022" />
  <testcase classname="ptolemy.util.test.junit.AutoTests" name="[339] /home/travis/build/icyphy/ptII/ptolemy/actor/lib/test/auto/Sinewave2.xml (RunModel)" time="0.013" />
  <testcase classname="ptolemy.util.test.junit.AutoTests" name="[340] /home/travis/build/icyphy/ptII/ptolemy/actor/lib/test/auto/Sinewave3.xml (RunModel)" time="0.015" />
  <testcase classname="ptolemy.util.test.junit.AutoTests" name="[341] /home/travis/build/icyphy/ptII/ptolemy/actor/lib/test/auto/SingleEvent.xml (RunModel)" time="0.01" />
  <testcase classname="ptolemy.util.test.junit.AutoTests" name="[342] /home/travis/build/icyphy/ptII/ptolemy/actor/lib/test/auto/Sleep.xml (RunModel)" time="6.012" />
  <testcase classname="ptolemy.util.test.junit.AutoTests" name="[343] /home/travis/build/icyphy/ptII/ptolemy/actor/lib/test/auto/SleepMultipleFire.xml (RunModel)" time="1.015" />
  <testcase classname="ptolemy.util.test.junit.AutoTests" name="[344] /home/travis/build/icyphy/ptII/ptolemy/actor/lib/test/auto/StopDE.xml (RunModel)" time="0.008" />
  <testcase classname="ptolemy.util.test.junit.AutoTests" name="[345] /home/travis/build/icyphy/ptII/ptolemy/actor/lib/test/auto/StopSDF.xml (RunModel)" time="0.008" />
  <testcase classname="ptolemy.util.test.junit.AutoTests" name="[346] /home/travis/build/icyphy/ptII/ptolemy/actor/lib/test/auto/StringConstant.xml (RunModel)" time="0.006" />
  <testcase classname="ptolemy.util.test.junit.AutoTests" name="[347] /home/travis/build/icyphy/ptII/ptolemy/actor/lib/test/auto/SubscriberPortInitialValues1.xml (RunModel)" time="0.011" />
  <testcase classname="ptolemy.util.test.junit.AutoTests" name="[348] /home/travis/build/icyphy/ptII/ptolemy/actor/lib/test/auto/SubscriberPortInitialValues13.xml (RunModel)" time="0.018" />
  <testcase classname="ptolemy.util.test.junit.AutoTests" name="[349] /home/travis/build/icyphy/ptII/ptolemy/actor/lib/test/auto/SubscriberPortInitialValues14.xml (RunModel)" time="0.01" />
  <testcase classname="ptolemy.util.test.junit.AutoTests" name="[350] /home/travis/build/icyphy/ptII/ptolemy/actor/lib/test/auto/SubscriberPortInitialValues2.xml (RunModel)" time="0.01" />
  <testcase classname="ptolemy.util.test.junit.AutoTests" name="[351] /home/travis/build/icyphy/ptII/ptolemy/actor/lib/test/auto/SubscriberPortInitialValues3.xml (RunModel)" time="0.012" />
  <testcase classname="ptolemy.util.test.junit.AutoTests" name="[352] /home/travis/build/icyphy/ptII/ptolemy/actor/lib/test/auto/SubscriptionAggregator.xml (RunModel)" time="0.008" />
  <testcase classname="ptolemy.util.test.junit.AutoTests" name="[353] /home/travis/build/icyphy/ptII/ptolemy/actor/lib/test/auto/SubscriptionAggregator2.xml (RunModel)" time="0.008" />
  <testcase classname="ptolemy.util.test.junit.AutoTests" name="[354] /home/travis/build/icyphy/ptII/ptolemy/actor/lib/test/auto/SubscriptionAggregator3.xml (RunModel)" time="0.012" />
  <testcase classname="ptolemy.util.test.junit.AutoTests" name="[355] /home/travis/build/icyphy/ptII/ptolemy/actor/lib/test/auto/SubscriptionAggregatorMultiply.xml (RunModel)" time="0.014" />
  <testcase classname="ptolemy.util.test.junit.AutoTests" name="[356] /home/travis/build/icyphy/ptII/ptolemy/actor/lib/test/auto/SubscriptionAggregatorPortMultiply1.xml (RunModel)" time="0.011" />
  <testcase classname="ptolemy.util.test.junit.AutoTests" name="[357] /home/travis/build/icyphy/ptII/ptolemy/actor/lib/test/auto/Switch.xml (RunModel)" time="0.012" />
  <testcase classname="ptolemy.util.test.junit.AutoTests" name="[358] /home/travis/build/icyphy/ptII/ptolemy/actor/lib/test/auto/Switch2.xml (RunModel)" time="0.012" />
  <testcase classname="ptolemy.util.test.junit.AutoTests" name="[359] /home/travis/build/icyphy/ptII/ptolemy/actor/lib/test/auto/SwitchDE.xml (RunModel)" time="0.011" />
  <testcase classname="ptolemy.util.test.junit.AutoTests" name="[360] /home/travis/build/icyphy/ptII/ptolemy/actor/lib/test/auto/SynchronizerDE.xml (RunModel)" time="0.015" />
  <testcase classname="ptolemy.util.test.junit.AutoTests" name="[361] /home/travis/build/icyphy/ptII/ptolemy/actor/lib/test/auto/Test.xml (RunModel)" time="0.008" />
  <testcase classname="ptolemy.util.test.junit.AutoTests" name="[362] /home/travis/build/icyphy/ptII/ptolemy/actor/lib/test/auto/TestExceptionAttribute1.xml (RunModel)" time="0.005" />
  <testcase classname="ptolemy.util.test.junit.AutoTests" name="[363] /home/travis/build/icyphy/ptII/ptolemy/actor/lib/test/auto/TestExceptionAttribute2.xml (RunModel)" time="0.005" />
  <testcase classname="ptolemy.util.test.junit.AutoTests" name="[364] /home/travis/build/icyphy/ptII/ptolemy/actor/lib/test/auto/TestExceptionAttribute3.xml (RunModel)" time="0.005" />
  <testcase classname="ptolemy.util.test.junit.AutoTests" name="[365] /home/travis/build/icyphy/ptII/ptolemy/actor/lib/test/auto/TestExceptionAttribute4.xml (RunModel)" time="0.006" />
  <testcase classname="ptolemy.util.test.junit.AutoTests" name="[366] /home/travis/build/icyphy/ptII/ptolemy/actor/lib/test/auto/TestExceptionHandler1.xml (RunModel)" time="0.005" />
  <testcase classname="ptolemy.util.test.junit.AutoTests" name="[367] /home/travis/build/icyphy/ptII/ptolemy/actor/lib/test/auto/TestExceptionHandler2.xml (RunModel)" time="0.006" />
  <testcase classname="ptolemy.util.test.junit.AutoTests" name="[368] /home/travis/build/icyphy/ptII/ptolemy/actor/lib/test/auto/TestExceptionHandler3.xml (RunModel)" time="0.004" />
  <testcase classname="ptolemy.util.test.junit.AutoTests" name="[369] /home/travis/build/icyphy/ptII/ptolemy/actor/lib/test/auto/TestExceptionHandler4.xml (RunModel)" time="0.005" />
  <testcase classname="ptolemy.util.test.junit.AutoTests" name="[370] /home/travis/build/icyphy/ptII/ptolemy/actor/lib/test/auto/TestRequireCorrectOrder.xml (RunModel)" time="0.009" />
  <testcase classname="ptolemy.util.test.junit.AutoTests" name="[371] /home/travis/build/icyphy/ptII/ptolemy/actor/lib/test/auto/TestSimple.xml (RunModel)" time="0.006" />
  <testcase classname="ptolemy.util.test.junit.AutoTests" name="[372] /home/travis/build/icyphy/ptII/ptolemy/actor/lib/test/auto/ThrowModelError.xml (RunModel)" time="0.01" />
  <testcase classname="ptolemy.util.test.junit.AutoTests" name="[373] /home/travis/build/icyphy/ptII/ptolemy/actor/lib/test/auto/TimeDelayMicrosteps.xml (RunModel)" time="0.011" />
  <testcase classname="ptolemy.util.test.junit.AutoTests" name="[374] /home/travis/build/icyphy/ptII/ptolemy/actor/lib/test/auto/TimeDelayMicrosteps2.xml (RunModel)" time="0.013" />
  <testcase classname="ptolemy.util.test.junit.AutoTests" name="[375] /home/travis/build/icyphy/ptII/ptolemy/actor/lib/test/auto/TimeDelayMicrosteps3.xml (RunModel)" time="0.011" />
  <testcase classname="ptolemy.util.test.junit.AutoTests" name="[376] /home/travis/build/icyphy/ptII/ptolemy/actor/lib/test/auto/TimeDelayVariableMicrosteps.xml (RunModel)" time="0.011" />
  <testcase classname="ptolemy.util.test.junit.AutoTests" name="[377] /home/travis/build/icyphy/ptII/ptolemy/actor/lib/test/auto/TimeGap.xml (RunModel)" time="0.01" />
  <testcase classname="ptolemy.util.test.junit.AutoTests" name="[378] /home/travis/build/icyphy/ptII/ptolemy/actor/lib/test/auto/TimeGap2.xml (RunModel)" time="0.011" />
  <testcase classname="ptolemy.util.test.junit.AutoTests" name="[379] /home/travis/build/icyphy/ptII/ptolemy/actor/lib/test/auto/TimedSinewave.xml (RunModel)" time="0.035" />
  <testcase classname="ptolemy.util.test.junit.AutoTests" name="[380] /home/travis/build/icyphy/ptII/ptolemy/actor/lib/test/auto/TimedSinewavePhase.xml (RunModel)" time="0.033" />
  <testcase classname="ptolemy.util.test.junit.AutoTests" name="[381] /home/travis/build/icyphy/ptII/ptolemy/actor/lib/test/auto/Timer.xml (RunModel)" time="0.01" />
  <testcase classname="ptolemy.util.test.junit.AutoTests" name="[382] /home/travis/build/icyphy/ptII/ptolemy/actor/lib/test/auto/TriangularDistTestModel.xml (RunModel)" time="0.018" />
  <testcase classname="ptolemy.util.test.junit.AutoTests" name="[383] /home/travis/build/icyphy/ptII/ptolemy/actor/lib/test/auto/TrigFunction.xml (RunModel)" time="0.009" />
  <testcase classname="ptolemy.util.test.junit.AutoTests" name="[384] /home/travis/build/icyphy/ptII/ptolemy/actor/lib/test/auto/TrigFunctionDE.xml (RunModel)" time="0.011" />
  <testcase classname="ptolemy.util.test.junit.AutoTests" name="[385] /home/travis/build/icyphy/ptII/ptolemy/actor/lib/test/auto/TrigFunctionInverse.xml (RunModel)" time="0.008" />
  <testcase classname="ptolemy.util.test.junit.AutoTests" name="[386] /home/travis/build/icyphy/ptII/ptolemy/actor/lib/test/auto/TrigFunctionTan.xml (RunModel)" time="0.006" />
  <testcase classname="ptolemy.util.test.junit.AutoTests" name="[387] /home/travis/build/icyphy/ptII/ptolemy/actor/lib/test/auto/TriggeredClock.xml (RunModel)" time="0.007" />
  <testcase classname="ptolemy.util.test.junit.AutoTests" name="[388] /home/travis/build/icyphy/ptII/ptolemy/actor/lib/test/auto/URLDirectoryReader.xml (RunModel)" time="0.086" />
  <testcase classname="ptolemy.util.test.junit.AutoTests" name="[389] /home/travis/build/icyphy/ptII/ptolemy/actor/lib/test/auto/URLDirectoryReader3.xml (RunModel)" time="1.237" />
  <testcase classname="ptolemy.util.test.junit.AutoTests" name="[390] /home/travis/build/icyphy/ptII/ptolemy/actor/lib/test/auto/UnaryMathFunction.xml (RunModel)" time="0.027" />
  <testcase classname="ptolemy.util.test.junit.AutoTests" name="[391] /home/travis/build/icyphy/ptII/ptolemy/actor/lib/test/auto/Uniform.xml (RunModel)" time="0.014" />
  <testcase classname="ptolemy.util.test.junit.AutoTests" name="[392] /home/travis/build/icyphy/ptII/ptolemy/actor/lib/test/auto/UnionDisassemblerTest.xml (RunModel)" time="0.009" />
  <testcase classname="ptolemy.util.test.junit.AutoTests" name="[393] /home/travis/build/icyphy/ptII/ptolemy/actor/lib/test/auto/UtilityFunctions.xml (RunModel)" time="0.009" />
  <testcase classname="ptolemy.util.test.junit.AutoTests" name="[394] /home/travis/build/icyphy/ptII/ptolemy/actor/lib/test/auto/VariableSleep.xml (RunModel)" time="0.514" />
  <testcase classname="ptolemy.util.test.junit.AutoTests" name="[395] /home/travis/build/icyphy/ptII/ptolemy/actor/lib/test/auto/VectorAssemblerDisassemblerCT.xml (RunModel)" time="0.135" />
  <testcase classname="ptolemy.util.test.junit.AutoTests" name="[396] /home/travis/build/icyphy/ptII/ptolemy/actor/lib/test/auto/VectorAssemblerDisassemblerDE.xml (RunModel)" time="0.013" />
  <testcase classname="ptolemy.util.test.junit.AutoTests" name="[397] /home/travis/build/icyphy/ptII/ptolemy/actor/lib/test/auto/VectorAssemblerDisassemblerSDF.xml (RunModel)" time="0.012" />
  <testcase classname="ptolemy.util.test.junit.AutoTests" name="[398] /home/travis/build/icyphy/ptII/ptolemy/actor/lib/test/auto/WallClockTime.xml (RunModel)" time="1.013" />
  <testcase classname="ptolemy.util.test.junit.AutoTests" name="[399] /home/travis/build/icyphy/ptII/ptolemy/actor/lib/test/auto/WidthTestWithSubscriberPublisher.xml (RunModel)" time="0.047" />
  <testcase classname="ptolemy.util.test.junit.AutoTests" name="[400] /home/travis/build/icyphy/ptII/ptolemy/actor/lib/test/auto/WidthTestWithSubscriberPublisher2.xml (RunModel)" time="0.015" />
  <testcase classname="ptolemy.util.test.junit.AutoTests" name="[401] /home/travis/build/icyphy/ptII/ptolemy/actor/lib/test/auto/WidthTestWithSubscriberPublisher3.xml (RunModel)" time="0.024" />
  <testcase classname="ptolemy.util.test.junit.AutoTests" name="[402] /home/travis/build/icyphy/ptII/ptolemy/actor/lib/test/auto/Writer.xml (RunModel)" time="0.007" />
  <testcase classname="ptolemy.util.test.junit.AutoTests" name="[403] /home/travis/build/icyphy/ptII/ptolemy/actor/lib/test/auto/array.xml (RunModel)" time="0.009" />
  <testcase classname="ptolemy.util.test.junit.AutoTests" name="[404] /home/travis/build/icyphy/ptII/ptolemy/actor/lib/test/auto/array2.xml (RunModel)" time="0.016" />
  <testcase classname="ptolemy.util.test.junit.AutoTests" name="[405] /home/travis/build/icyphy/ptII/ptolemy/actor/lib/test/auto/arrayType.xml (RunModel)" time="0.009" />
  <testcase classname="ptolemy.util.test.junit.AutoTests" name="[406] /home/travis/build/icyphy/ptII/ptolemy/actor/lib/test/auto/arrayType10.xml (RunModel)" time="0.007" />
  <testcase classname="ptolemy.util.test.junit.AutoTests" name="[407] /home/travis/build/icyphy/ptII/ptolemy/actor/lib/test/auto/arrayType11.xml (RunModel)" time="0.007" />
  <testcase classname="ptolemy.util.test.junit.AutoTests" name="[408] /home/travis/build/icyphy/ptII/ptolemy/actor/lib/test/auto/arrayType12.xml (RunModel)" time="0.009" />
  <testcase classname="ptolemy.util.test.junit.AutoTests" name="[409] /home/travis/build/icyphy/ptII/ptolemy/actor/lib/test/auto/arrayType13.xml (RunModel)" time="0.009" />
  <testcase classname="ptolemy.util.test.junit.AutoTests" name="[410] /home/travis/build/icyphy/ptII/ptolemy/actor/lib/test/auto/arrayType14.xml (RunModel)" time="0.009" />
  <testcase classname="ptolemy.util.test.junit.AutoTests" name="[411] /home/travis/build/icyphy/ptII/ptolemy/actor/lib/test/auto/arrayType15.xml (RunModel)" time="0.009" />
  <testcase classname="ptolemy.util.test.junit.AutoTests" name="[412] /home/travis/build/icyphy/ptII/ptolemy/actor/lib/test/auto/arrayType16.xml (RunModel)" time="0.008" />
  <testcase classname="ptolemy.util.test.junit.AutoTests" name="[413] /home/travis/build/icyphy/ptII/ptolemy/actor/lib/test/auto/arrayType17.xml (RunModel)" time="0.008" />
  <testcase classname="ptolemy.util.test.junit.AutoTests" name="[414] /home/travis/build/icyphy/ptII/ptolemy/actor/lib/test/auto/arrayType18.xml (RunModel)" time="0.007" />
  <testcase classname="ptolemy.util.test.junit.AutoTests" name="[415] /home/travis/build/icyphy/ptII/ptolemy/actor/lib/test/auto/arrayType19.xml (RunModel)" time="0.009" />
  <testcase classname="ptolemy.util.test.junit.AutoTests" name="[416] /home/travis/build/icyphy/ptII/ptolemy/actor/lib/test/auto/arrayType2.xml (RunModel)" time="0.011" />
  <testcase classname="ptolemy.util.test.junit.AutoTests" name="[417] /home/travis/build/icyphy/ptII/ptolemy/actor/lib/test/auto/arrayType20.xml (RunModel)" time="0.009" />
  <testcase classname="ptolemy.util.test.junit.AutoTests" name="[418] /home/travis/build/icyphy/ptII/ptolemy/actor/lib/test/auto/arrayType21.xml (RunModel)" time="0.008" />
  <testcase classname="ptolemy.util.test.junit.AutoTests" name="[419] /home/travis/build/icyphy/ptII/ptolemy/actor/lib/test/auto/arrayType22.xml (RunModel)" time="0.008" />
  <testcase classname="ptolemy.util.test.junit.AutoTests" name="[420] /home/travis/build/icyphy/ptII/ptolemy/actor/lib/test/auto/arrayType23.xml (RunModel)" time="0.008" />
  <testcase classname="ptolemy.util.test.junit.AutoTests" name="[421] /home/travis/build/icyphy/ptII/ptolemy/actor/lib/test/auto/arrayType24.xml (RunModel)" time="0.008" />
  <testcase classname="ptolemy.util.test.junit.AutoTests" name="[422] /home/travis/build/icyphy/ptII/ptolemy/actor/lib/test/auto/arrayType25.xml (RunModel)" time="0.008" />
  <testcase classname="ptolemy.util.test.junit.AutoTests" name="[423] /home/travis/build/icyphy/ptII/ptolemy/actor/lib/test/auto/arrayType26.xml (RunModel)" time="0.008" />
  <testcase classname="ptolemy.util.test.junit.AutoTests" name="[424] /home/travis/build/icyphy/ptII/ptolemy/actor/lib/test/auto/arrayType27.xml (RunModel)" time="0.01" />
  <testcase classname="ptolemy.util.test.junit.AutoTests" name="[425] /home/travis/build/icyphy/ptII/ptolemy/actor/lib/test/auto/arrayType28.xml (RunModel)" time="0.009" />
  <testcase classname="ptolemy.util.test.junit.AutoTests" name="[426] /home/travis/build/icyphy/ptII/ptolemy/actor/lib/test/auto/arrayType3.xml (RunModel)" time="0.009" />
  <testcase classname="ptolemy.util.test.junit.AutoTests" name="[427] /home/travis/build/icyphy/ptII/ptolemy/actor/lib/test/auto/arrayType4.xml (RunModel)" time="0.009" />
  <testcase classname="ptolemy.util.test.junit.AutoTests" name="[428] /home/travis/build/icyphy/ptII/ptolemy/actor/lib/test/auto/arrayType5.xml (RunModel)" time="0.009" />
  <testcase classname="ptolemy.util.test.junit.AutoTests" name="[429] /home/travis/build/icyphy/ptII/ptolemy/actor/lib/test/auto/arrayType6.xml (RunModel)" time="0.008" />
  <testcase classname="ptolemy.util.test.junit.AutoTests" name="[430] /home/travis/build/icyphy/ptII/ptolemy/actor/lib/test/auto/arrayType7.xml (RunModel)" time="0.01" />
  <testcase classname="ptolemy.util.test.junit.AutoTests" name="[431] /home/travis/build/icyphy/ptII/ptolemy/actor/lib/test/auto/arrayType8.xml (RunModel)" time="0.013" />
  <testcase classname="ptolemy.util.test.junit.AutoTests" name="[432] /home/travis/build/icyphy/ptII/ptolemy/actor/lib/test/auto/arrayType9.xml (RunModel)" time="0.009" />
  <testcase classname="ptolemy.util.test.junit.AutoTests" name="[433] /home/travis/build/icyphy/ptII/ptolemy/actor/lib/test/auto/cast.xml (RunModel)" time="0.009" />
  <testcase classname="ptolemy.util.test.junit.AutoTests" name="[434] /home/travis/build/icyphy/ptII/ptolemy/actor/lib/test/auto/compositeMultiPort.xml (RunModel)" time="0.018" />
  <testcase classname="ptolemy.util.test.junit.AutoTests" name="[435] /home/travis/build/icyphy/ptII/ptolemy/actor/lib/test/auto/expressionCastInference.xml (RunModel)" time="0.007" />
  <testcase classname="ptolemy.util.test.junit.AutoTests" name="[436] /home/travis/build/icyphy/ptII/ptolemy/actor/lib/test/auto/expressionCastInference2.xml (RunModel)" time="0.008" />
  <testcase classname="ptolemy.util.test.junit.AutoTests" name="[437] /home/travis/build/icyphy/ptII/ptolemy/actor/lib/test/auto/expressionInference.xml (RunModel)" time="0.01" />
  <testcase classname="ptolemy.util.test.junit.AutoTests" name="[438] /home/travis/build/icyphy/ptII/ptolemy/actor/lib/test/auto/expression_bug.xml (RunModel)" time="0.008" />
  <testcase classname="ptolemy.util.test.junit.AutoTests" name="[439] /home/travis/build/icyphy/ptII/ptolemy/actor/lib/test/auto/factorial.xml (RunModel)" time="0.049" />
  <testcase classname="ptolemy.util.test.junit.AutoTests" name="[440] /home/travis/build/icyphy/ptII/ptolemy/actor/lib/test/auto/filterTest1.xml (RunModel)" time="0.011" />
  <testcase classname="ptolemy.util.test.junit.AutoTests" name="[441] /home/travis/build/icyphy/ptII/ptolemy/actor/lib/test/auto/funcApplyInConst.xml (RunModel)" time="0.005" />
  <testcase classname="ptolemy.util.test.junit.AutoTests" name="[442] /home/travis/build/icyphy/ptII/ptolemy/actor/lib/test/auto/funcApplyInExpr.xml (RunModel)" time="0.005" />
  <testcase classname="ptolemy.util.test.junit.AutoTests" name="[443] /home/travis/build/icyphy/ptII/ptolemy/actor/lib/test/auto/function.xml (RunModel)" time="0.009" />
  <testcase classname="ptolemy.util.test.junit.AutoTests" name="[444] /home/travis/build/icyphy/ptII/ptolemy/actor/lib/test/auto/function2.xml (RunModel)" time="0.008" />
  <testcase classname="ptolemy.util.test.junit.AutoTests" name="[445] /home/travis/build/icyphy/ptII/ptolemy/actor/lib/test/auto/function3.xml (RunModel)" time="0.008" />
  <testcase classname="ptolemy.util.test.junit.AutoTests" name="[446] /home/travis/build/icyphy/ptII/ptolemy/actor/lib/test/auto/functionClosureTest1.xml (RunModel)" time="0.013" />
  <testcase classname="ptolemy.util.test.junit.AutoTests" name="[447] /home/travis/build/icyphy/ptII/ptolemy/actor/lib/test/auto/functionClosureTest2.xml (RunModel)" time="0.007" />
  <testcase classname="ptolemy.util.test.junit.AutoTests" name="[448] /home/travis/build/icyphy/ptII/ptolemy/actor/lib/test/auto/functionClosureTest3.xml (RunModel)" time="0.009" />
  <testcase classname="ptolemy.util.test.junit.AutoTests" name="[449] /home/travis/build/icyphy/ptII/ptolemy/actor/lib/test/auto/functionClosureTest4.xml (RunModel)" time="0.015" />
  <testcase classname="ptolemy.util.test.junit.AutoTests" name="[450] /home/travis/build/icyphy/ptII/ptolemy/actor/lib/test/auto/functionClosureTest5.xml (RunModel)" time="0.012" />
  <testcase classname="ptolemy.util.test.junit.AutoTests" name="[451] /home/travis/build/icyphy/ptII/ptolemy/actor/lib/test/auto/functionClosureTest6.xml (RunModel)" time="0.008" />
  <testcase classname="ptolemy.util.test.junit.AutoTests" name="[452] /home/travis/build/icyphy/ptII/ptolemy/actor/lib/test/auto/functionsOnArcs.xml (RunModel)" time="0.009" />
  <testcase classname="ptolemy.util.test.junit.AutoTests" name="[453] /home/travis/build/icyphy/ptII/ptolemy/actor/lib/test/auto/functionsOnArcsHOF.xml (RunModel)" time="0.012" />
  <testcase classname="ptolemy.util.test.junit.AutoTests" name="[454] /home/travis/build/icyphy/ptII/ptolemy/actor/lib/test/auto/logic.xml (RunModel)" time="0.018" />
  <testcase classname="ptolemy.util.test.junit.AutoTests" name="[455] /home/travis/build/icyphy/ptII/ptolemy/actor/lib/test/auto/matrixType.xml (RunModel)" time="0.009" />
  <testcase classname="ptolemy.util.test.junit.AutoTests" name="[456] /home/travis/build/icyphy/ptII/ptolemy/actor/lib/test/auto/matrixType10.xml (RunModel)" time="0.009" />
  <testcase classname="ptolemy.util.test.junit.AutoTests" name="[457] /home/travis/build/icyphy/ptII/ptolemy/actor/lib/test/auto/matrixType11.xml (RunModel)" time="0.009" />
  <testcase classname="ptolemy.util.test.junit.AutoTests" name="[458] /home/travis/build/icyphy/ptII/ptolemy/actor/lib/test/auto/matrixType12.xml (RunModel)" time="0.009" />
  <testcase classname="ptolemy.util.test.junit.AutoTests" name="[459] /home/travis/build/icyphy/ptII/ptolemy/actor/lib/test/auto/matrixType13.xml (RunModel)" time="0.008" />
  <testcase classname="ptolemy.util.test.junit.AutoTests" name="[460] /home/travis/build/icyphy/ptII/ptolemy/actor/lib/test/auto/matrixType14.xml (RunModel)" time="0.009" />
  <testcase classname="ptolemy.util.test.junit.AutoTests" name="[461] /home/travis/build/icyphy/ptII/ptolemy/actor/lib/test/auto/matrixType2.xml (RunModel)" time="0.008" />
  <testcase classname="ptolemy.util.test.junit.AutoTests" name="[462] /home/travis/build/icyphy/ptII/ptolemy/actor/lib/test/auto/matrixType3.xml (RunModel)" time="0.007" />
  <testcase classname="ptolemy.util.test.junit.AutoTests" name="[463] /home/travis/build/icyphy/ptII/ptolemy/actor/lib/test/auto/matrixType4.xml (RunModel)" time="0.008" />
  <testcase classname="ptolemy.util.test.junit.AutoTests" name="[464] /home/travis/build/icyphy/ptII/ptolemy/actor/lib/test/auto/matrixType5.xml (RunModel)" time="0.008" />
  <testcase classname="ptolemy.util.test.junit.AutoTests" name="[465] /home/travis/build/icyphy/ptII/ptolemy/actor/lib/test/auto/matrixType6.xml (RunModel)" time="0.009" />
  <testcase classname="ptolemy.util.test.junit.AutoTests" name="[466] /home/travis/build/icyphy/ptII/ptolemy/actor/lib/test/auto/matrixType7.xml (RunModel)" time="0.008" />
  <testcase classname="ptolemy.util.test.junit.AutoTests" name="[467] /home/travis/build/icyphy/ptII/ptolemy/actor/lib/test/auto/matrixType8.xml (RunModel)" time="0.009" />
  <testcase classname="ptolemy.util.test.junit.AutoTests" name="[468] /home/travis/build/icyphy/ptII/ptolemy/actor/lib/test/auto/matrixType9.xml (RunModel)" time="0.007" />
  <testcase classname="ptolemy.util.test.junit.AutoTests" name="[469] /home/travis/build/icyphy/ptII/ptolemy/actor/lib/test/auto/paraFunctest.xml (RunModel)" time="0.006" />
  <testcase classname="ptolemy.util.test.junit.AutoTests" name="[470] /home/travis/build/icyphy/ptII/ptolemy/actor/lib/test/auto/paraFunctest2.xml (RunModel)" time="0.008" />
  <testcase classname="ptolemy.util.test.junit.AutoTests" name="[471] /home/travis/build/icyphy/ptII/ptolemy/actor/lib/test/auto/parameterPassing.xml (RunModel)" time="0.008" />
  <testcase classname="ptolemy.util.test.junit.AutoTests" name="[472] /home/travis/build/icyphy/ptII/ptolemy/actor/lib/test/auto/record.xml (RunModel)" time="0.011" />
  <testcase classname="ptolemy.util.test.junit.AutoTests" name="[473] /home/travis/build/icyphy/ptII/ptolemy/actor/lib/test/auto/sizedarray1.xml (RunModel)" time="0.011" />
  <testcase classname="ptolemy.util.test.junit.AutoTests" name="[474] /home/travis/build/icyphy/ptII/ptolemy/actor/lib/test/auto/sizedarray2.xml (RunModel)" time="0.012" />
  <testcase classname="ptolemy.util.test.junit.AutoTests" name="[475] /home/travis/build/icyphy/ptII/ptolemy/actor/lib/test/auto/twoPublishers.xml (RunModel)" time="0.026" />
  <system-out><![CDATA[/home/travis/build/icyphy/ptII/ptolemy/actor/lib/test/AbsoluteValue.tcl
testDefs.tcl: setting time out to 9000 seconds at Fri Jun 22 01:21:47 UTC 2018
74 ms. Memory: 116224K Free: 106782K (92%)
4 ms. Memory: 116224K Free: 105590K (91%)
4 ms. Memory: 116224K Free: 104995K (90%)
4 ms. Memory: 116224K Free: 103803K (89%)
/home/travis/build/icyphy/ptII/ptolemy/actor/lib/test/AddSubtract.tcl
17 ms. Memory: 116224K Free: 101985K (88%)
12 ms. Memory: 116224K Free: 100770K (87%)
4 ms. Memory: 116224K Free: 100174K (86%)
10 ms. Memory: 116224K Free: 99570K (86%)
14 ms. Memory: 116224K Free: 98951K (85%)
3 ms. Memory: 116224K Free: 98315K (85%)
/home/travis/build/icyphy/ptII/ptolemy/actor/lib/test/Average.tcl
10 ms. Memory: 116224K Free: 96496K (83%)
8 ms. Memory: 116224K Free: 95289K (82%)
/home/travis/build/icyphy/ptII/ptolemy/actor/lib/test/Bernoulli.tcl
4 ms. Memory: 116224K Free: 93462K (80%)
2 ms. Memory: 116224K Free: 92859K (80%)
/home/travis/build/icyphy/ptII/ptolemy/actor/lib/test/Clock.tcl
preinitializing
resolving types
initializing
executing number 1
wrapping up
idle
20 ms. Memory: 116224K Free: 90461K (78%)
Completed execution with 5 iterations
preinitializing
resolving types
initializing
executing number 1
wrapping up
idle
9 ms. Memory: 116224K Free: 89825K (77%)
Completed execution with 5 iterations
preinitializing
resolving types
initializing
executing number 1
wrapping up
idle
3 ms. Memory: 116224K Free: 89221K (77%)
Completed execution with 5 iterations
/home/travis/build/icyphy/ptII/ptolemy/actor/lib/test/Commutator.tcl
13 ms. Memory: 116224K Free: 87403K (75%)
14 ms. Memory: 116224K Free: 86196K (74%)
14 ms. Memory: 116224K Free: 81906K (70%)
/home/travis/build/icyphy/ptII/ptolemy/actor/lib/test/Const.tcl
3 ms. Memory: 146944K Free: 140403K (96%)
6 ms. Memory: 146944K Free: 138789K (94%)
2 ms. Memory: 146944K Free: 138789K (94%)
8 ms. Memory: 146944K Free: 136345K (93%)
2 ms. Memory: 146944K Free: 136345K (93%)
19 ms. Memory: 146944K Free: 133948K (91%)
3 ms. Memory: 146944K Free: 132749K (90%)
2 ms. Memory: 146944K Free: 132749K (90%)
/home/travis/build/icyphy/ptII/ptolemy/actor/lib/test/CurrentTime.tcl
preinitializing
resolving types
initializing
executing number 1
wrapping up
idle
13 ms. Memory: 146944K Free: 130335K (89%)
Completed execution with 11 iterations
/home/travis/build/icyphy/ptII/ptolemy/actor/lib/test/DB.tcl
7 ms. Memory: 146944K Free: 129136K (88%)
4 ms. Memory: 146944K Free: 127937K (87%)
2 ms. Memory: 146944K Free: 127937K (87%)
/home/travis/build/icyphy/ptII/ptolemy/actor/lib/test/DiscreteRandomSource.tcl
preinitializing
resolving types
initializing
executing number 1
wrapping up
idle
3 ms. Memory: 146944K Free: 126738K (86%)
Completed execution with 4 iterations
preinitializing
resolving types
initializing
executing number 1
wrapping up
idle
3 ms. Memory: 146944K Free: 125539K (85%)
Completed execution with 4 iterations
preinitializing
resolving types
initializing
executing number 1
wrapping up
idle
6 ms. Memory: 146944K Free: 125539K (85%)
Completed execution with 4 iterations
preinitializing
resolving types
initializing
executing number 1
wrapping up
idle
2 ms. Memory: 146944K Free: 124324K (85%)
Completed execution with 4 iterations
preinitializing
resolving types
initializing
executing number 1
wrapping up
idle
3 ms. Memory: 146944K Free: 124324K (85%)
Completed execution with 4 iterations
/home/travis/build/icyphy/ptII/ptolemy/actor/lib/test/Distributor.tcl
4 ms. Memory: 146944K Free: 123126K (84%)
3 ms. Memory: 146944K Free: 121911K (83%)
StreamChangeRequest.changeExecuted(): <deleteEntity name="rec2"/> succeeded
StreamChangeRequest.changeExecuted(): <deleteRelation name="r2"/> succeeded
StreamChangeRequest.changeExecuted(): Record firings per iteration succeeded
12 ms. Memory: 146944K Free: 119497K (81%)
/home/travis/build/icyphy/ptII/ptolemy/actor/lib/test/Exit.tcl
Exit.tcl: this will print a message about Manager.exitAfterWrapup, which can be ignored.
5 ms. Memory: 146944K Free: 116485K (79%)
/home/travis/build/icyphy/ptII/ptolemy/actor/lib/test/Expression.tcl
7 ms. Memory: 146944K Free: 112842K (77%)
14 ms. Memory: 146944K Free: 112842K (77%)
3 ms. Memory: 146944K Free: 111627K (76%)
preinitializing
resolving types
initializing
executing number 1
wrapping up
idle
14 ms. Memory: 146944K Free: 110412K (75%)
Completed execution with 6 iterations
8 ms. Memory: 146944K Free: 109197K (74%)
3 ms. Memory: 146944K Free: 109197K (74%)
7 ms. Memory: 146944K Free: 107998K (73%)
9 ms. Memory: 146944K Free: 105601K (72%)
7 ms. Memory: 146944K Free: 104402K (71%)
/home/travis/build/icyphy/ptII/ptolemy/actor/lib/test/Gaussian.tcl
6 ms. Memory: 146944K Free: 103203K (70%)
sleeping 1 seconds: ......................................................................................................................................................................................................................................................................................................................................................................................................................................................................................................................................................................................................................................................................................................................................................................................................................................................................................................................................................................................................................................................................................................................................................................................................................................................................................................................................................................................................................................................................................................................................................................................................................................................................................................................................................................................................................................................................................................................................................................................................................................................................................................................................................................................................................................................................................................................................................................................................................................................................................................................................................................................................................................................................................................................................................................................................................................................................................................................................................................................................................................................................................................................................................................................................................................................................................................................................................................................................................................................................................................................................................................................................................................................................................................................................................................................................................................................................................................................................................................................................................................................................................................................................................................................................................................................................................................................................................................................................................................................................................................................................................................................................................................................................................................................................................................................................................................................................................................................................................................................................................................................................................................................................................................................................................................................................................................................................................................................................................................................................................................................................................................................................................................................................................................................................................................................................................................................................................................................................................................................................................................................................................................................................................................................................................................................................................................................................................................................................................................................................................................................................................................................................................................................................................................................................................................................................................................................................................................................................................................................................................................................................................................................................................................................................................................................................................................................................................................................................................................................................................................................................................................................................................................................................................................................................................................................................................................................................................................................................................................................................................................................................................................................................................................................................................................................................................................................................................................................................................................................................................................................................................................................................................................................................................................................................................................................................................................................................................................................................................................................................................................................................................................................................................................................................................................................................................................................................................................................................................................................................................................................................................................................................................................................................................................................................................................................................................................................................................................................................................................................................................................................................................................................................................................................................................................................................................................................................................................................................................................................................................................................................................................................................................................................................................................................................................................................................................................................................................................................................................................................................................................................................................................................................................................................................................................................................................................................................................................................................................................................................................................................................................................................................................................................................................................................................................................................................................................................................................................................................................................................................................................................................................................................................................................................................................................................................................................................................................................................................................................................................................................................................................................................................................................................................................................................................................................................................................................................................................................................................................................................................................................................................................................................................................................................................................................................................................................................................................................................................................................................................................................................................................................................................................................................................................................................................................................................................................................................................................................................................................................................................................................................................................................................................................................................................................................................................................................................................................................................................................................................................................................................................................................................................................................................................................................................................................................................................................................................................................................................................................................................................................................................................................................................................................................................................................................................................................................................................................................................................................................................................................................................................................................................................................................................................................................................................................................................................................................................................................................................................................................................................................................................................................................................................................................................................................................................................................................................................................................................................................................................................................................................................................................................................................................................................................................................................................................................................................................................................................................................................................................................................................................................................................................................................................................................................................................................................................................................................................................................................................................................................................................................................................................................................................................................................................................................................................................................................................................................................................................................................................................................................................................................................................................................................................................................................................................................................................................................................................................................................................................................................................................................................................................................................................................................................................................................................................................................................................................................................................................................................................................................................................................................................................................................................................................................................................................................................................................................................................................................................................................................................................................................................................................................................................................................................................................................................................................................................................................................................................................................................................................................................................................................................................................................................................................................................................................................................................................................................................................................................................................................................................................................................................................................................................................................................................................................................................................................................................................................................................................................................................................................................................................................................................................................................................................................................................................................................................................................................................................................................................................................................................................................................................................................................................................................................................................................................................................................................................................................................................................................................................................................................................................................................................................................................................................................................................................................................................................................................................................................................................................................................................................................................................................................................................................................................................................................................................................................................................................................................................................................................................................................................................................................................................................................................................................................................................................................................................................................................................................................................................................................................................................................................................................................................................................................................................................................................................................................................................................................................................................................................................................................................................................................................................................................................................................................................................................................................................................................................................................................................................................................................................................................................................................................................................................................................................................................................................................................................................................................................................................................................................................................................................................................................................................................................................................................................................................................................................................................................................................................................................................................................................................................................................................................................................................................................................................................................................................................................................................................................................................................................................................................................................................................................................................................................................................................................................................................................................................................................................................................................................................................................................................................................................................................................................................................................................................................................................................................................................................................................................................................................................................................................................................................................................................................................................................................................................................................................................................................................................................................................................................................................................................................................................................................................................................................................................................................................................................................................................................................................................................................................................................................................................................................................................................................................................................................................................................................................................................................................................................................................................................................................................................................................................................................................................................................................................................................................................................................................................................................................................................................................................................................................................................................................................................................................................................................................................................................................................................................................................................................................................................................................................................................................................................................................................................................................................................................................................................................................................................................................................................................................................................................................................................................................................................................................................................................................................................................................................................................................................................................................................................................................................................................................................................................................................................................................................................................................................................................................................................................................................................................................................................................................................................................................................................................................................................................................................................................................................................................................................................................................................................................................................................................................................................................................................................................................................................................................................................................................................................................................................................................................................................................................................................................................................................................................................................................................................................................................................................................................................................................................................................................................................................................................................................................................................................................................................................................................................................................................................................................................................................................................................................................................................................................................................................................................................................................................................................................................................................................................................................................................................................................................................................................................................................................................................................................................................................................................................................................................................................................................................................................................................................................................................................................................................................................................................................................................................................................................................................................................................................................................................................................................................................................................................................................................................................................................................................................................................................................................................................................................................................................................................................................................................................................................................................................................................................................................................................................................................................................................................................................................................................................................................................................................................................................................................................................................................................................................................................................................................................................................................................................................................................................................................................................................................................................................................................................................................................................................................................................................................................................................................................................................................................................................................................................................................................................................................................................................................................................................................................................................................................................................................................................................................................................................................................................................................................................................................................................................................................................................................................................................................................................................................................................................................................................................................................................................................................................................................................................................................................................................................................................................................................................................................................................................................................................................................................................................................................................................................................................................................................................................................................................................................................................................................................................................................................................................................................................................................................................................................................................................................................................................................................................................................................................................................................................................................................................................................................................................................................................................................................................................................................................................................................................................................................................................................................................................................................................................................................................................................................................................................................................................................................................................................................................................................................................................................................................................................................................................................................................................................................................................................................................................................................................................................................................................................................................................................................................................................................................................................................................................................................................................................................................................................................................................................................................................................................................................................................................................................................................................................................................................................................................................................................................................................................................................................................................................................................................................................................................................................................................................................................................................................................................................................................................................................................................................................................................................................................................................................................................................................................................................................................................................................................................................................................................................................................................................................................................................................................................................................................................................................................................................................................................................................................................................................................................................................................................................................................................................................................................................................................................................................................................................................................................................................................................................................................................................................................................................................................................................................................................................................................................................................................................................................................................................................................................................................................................................................................................................................................................................................................................................................................................................................................................................................................................................................................................................................................................................................................................................................................................................................................................................................................................................................................................................................................................................................................................................................................................................................................................................................................................................................................................................................................................................................................................................................................................................................................................................................................................................................................................................................................................................................................................................................................................................................................................................................................................................................................................................................................................................................................................................................................................................................................................................................................................................................................................................................................................................................................................................................................................................................................................................................................................................................................................................................................................................................................................................................................................................................................................................................................................................................................................................................................................................................................................................................................................................................................................................................................................................................................................................................................................................................................................................................................................................................................................................................................................................................................................................................................................................................................................................................................................................................................................................................................................................................................................................................................................................................................................................................................................................................................................................................................................................................................................................................................................................................................................................................................................................................................................................................................................................................................................................................................................................................................................................................................................................................................................................................................................................................................................................................................................................................................................................................................................................................................................................................................................................................................................................................................................................................................................................................................................................................................................................................................................................................................................................................................................................................................................................................................................................................................................................................................................................................................................................................................................................................................................................................................................................................................................................................................................................................................................................................................................................................................................................................................................................................................................................................................................................................................................................................................................................................................................................................................................................................................................................................................................................................................................................................................................................................................................................................................................................................................................................................................................................................................................................................................................................................................................................................................................................................................................................................................................................................................................................................................................................................................................................................................................................................................................................................................................................................................................................................................................................................................................................................................................................................................................................................................................................................................................................................................................................................................................................................................................................................................................................................................................................................................................................................................................................................................................................................................................................................................................................................................................................................................................................................................................................................................................................................................................................................................................................................................................................................................................................................................................................................................................................................................................................................................................................................................................................................................................................................................................................................................................................................................................................................................................................................................................................................................................................................................................................................................................................................................................................................................................................................................................................................................................................................................................................................................................................................................................................................................................................................................................................................................................................................................................................................................................................................................................................................................................................................................................................................................................................................................................................................................................................................................................................................................................................................................................................................................................................................................................................................................................................................................................................................................................................................................................................................................................................................................................................................................................................................................................................................................................................................................................................................................................................................................................................................................................................................................................................................................................................................................................................................................................................................................................................................................................................................................................................................................................................................................................................................................................................................................................................................................................................................................................................................................................................................................................................................................................................................................................................................................................................................................................................................................................................................................................................................................................................................................................................................................................................................................................................................................................................................................................................................................................................................................................................................................................................................................................................................................................................................................................................................................................................................................................................................................................................................................................................................................................................................................................................................................................................................................................................................................................................................................................................................................................................................................................................................................................................................................................................................................................................................................................................................................................................................................................................................................................................................................................................................................................................................................................................................................................................................................................................................................................................................................................................................................................................................................................................................................................................................................................................................................................................................................................................................................................................................................................................................................................................................................................................................................................................................................................................................................................................................................................................................................................................................................................................................................................................................................................................................................................................................................................................................................................................................................................................................................................................................................................................................................................................................................................................................................................................................................................................................................................................................................................................................................................................................................................................................................................................................................................................................................................................................................................................................................................................................................................................................................................................................................................................................................................................................................................................................................................................................................................................................................................................................................................................................................................................................................................................................................................................................................................................................................................................................................................................................................................................................................................................................................................................................................................................................................................................................................................................................................................................................................................................................................................................................................................................................................................................................................................................................................................................................................................................................................................................................................................................................................................................................................................................................................................................................................................................................................................................................................................................................................................................................................................................................................................................................................................................................................................................................................................................................................................................................................................................................................................................................................................................................................................................................................................................................................................................................................................................................................................................................................................................................................................................................................................................................................................................................................................................................................................................................................................................................................................................................................................................................................................................................................................................................................................................................................................................................................................................................................................................................................................................................................................................................................................................................................................................................................................................................................................................................................................................................................................................................................................................................................................................................................................................................................................................................................................................................................................................................................................................................................................................................................................................................................................................................................................................................................................................................................................................................................................................................................................................................................................................................................................................................................................................................................................................................................................................................................................................................................................................................................................................................................................................................................................................................................................................................................................................................................................................................................................................................................................................................................................................................................................................................................................................................................................................................................................................................................................................................................................................................................................................................................................................................................................................................................................................................................................................................................................................................................................................................................................................................................................................................................................................................................................................................................................................................................................................................................................................................................................................................................................................................................................................................................................................................................................................................................................................................................................................................................................................................................................................................................................................................................................................................................................................................................................................................................................................................................................................................................................................................................................................................................................................................................................................................................................................................................................................................................................................................................................................................................................................................................................................................................................................................................................................................................................................................................................................................................................................................................................................................................................................................................................................................................................................................................................................................................................................................................................................................................................................................................................................................................................................................................................................................................................................................................................................................................................................................................................................................................................................................................................................................................................................................................................................................................................................................................................................................................................................................................................................................................................................................................................................................................................................................................................................................................................................................................................................................................................................................................................................................................................................................................................................................................................................................................................................................................................................................................................................................................................................................................................................................................................................................................................................................................................................................................................................................................................................................................................................................................................................................................................................................................................................................................................................................................................................................................................................................................................................................................................................................................................................................................................................................................................................................................................................................................................................................................................................................................................................................................................................................................................................................................................................................................................................................................................................................................................................................................................................................................................................................................................................................................................................................................................................................................................................................................................................................................................................................................................................................................................................................................................................................................................................................................................................................................................................................................................................................................................................................................................................................................................................................................................................................................................................................................................................................................................................................................................................................................................................................................................................................................................................................................................................................................................................................................................................................................................................3 ms. Memory: 331776K Free: 321705K (97%)
1 ms. Memory: 331776K Free: 321705K (97%)
3 ms. Memory: 331776K Free: 321705K (97%)
1 ms. Memory: 331776K Free: 321705K (97%)
2 ms. Memory: 331776K Free: 321705K (97%)
/home/travis/build/icyphy/ptII/ptolemy/actor/lib/test/IIR.tcl
/home/travis/build/icyphy/ptII/ptolemy/actor/lib/test/Interpolator.tcl
5 ms. Memory: 331776K Free: 316171K (95%)
1 ms. Memory: 331776K Free: 316171K (95%)
2 ms. Memory: 331776K Free: 316171K (95%)
7 ms. Memory: 331776K Free: 316171K (95%)
5 ms. Memory: 331776K Free: 316171K (95%)
5 ms. Memory: 331776K Free: 311313K (94%)
10 ms. Memory: 331776K Free: 311313K (94%)
2 ms. Memory: 331776K Free: 311313K (94%)
2 ms. Memory: 331776K Free: 311313K (94%)
2 ms. Memory: 331776K Free: 311313K (94%)
/home/travis/build/icyphy/ptII/ptolemy/actor/lib/test/MathFunction.tcl
5 ms. Memory: 331776K Free: 306454K (92%)
2 ms. Memory: 331776K Free: 306454K (92%)
2 ms. Memory: 331776K Free: 306454K (92%)
3 ms. Memory: 331776K Free: 306454K (92%)
5 ms. Memory: 331776K Free: 301596K (91%)
6 ms. Memory: 331776K Free: 301596K (91%)
/home/travis/build/icyphy/ptII/ptolemy/actor/lib/test/Maximum.tcl
4 ms. Memory: 331776K Free: 296737K (89%)
8 ms. Memory: 331776K Free: 296737K (89%)
2 ms. Memory: 331776K Free: 296737K (89%)
8 ms. Memory: 331776K Free: 296737K (89%)
/home/travis/build/icyphy/ptII/ptolemy/actor/lib/test/Minimum.tcl
3 ms. Memory: 331776K Free: 296737K (89%)
2 ms. Memory: 331776K Free: 296737K (89%)
1 ms. Memory: 331776K Free: 291878K (88%)
2 ms. Memory: 331776K Free: 291878K (88%)
/home/travis/build/icyphy/ptII/ptolemy/actor/lib/test/MultiplyDivide.tcl
3 ms. Memory: 331776K Free: 291878K (88%)
2 ms. Memory: 331776K Free: 291878K (88%)
2 ms. Memory: 331776K Free: 291878K (88%)
2 ms. Memory: 331776K Free: 287020K (87%)
1 ms. Memory: 331776K Free: 287020K (87%)
/home/travis/build/icyphy/ptII/ptolemy/actor/lib/test/OrderedMerge.tcl
Connections changed on port: inputA
Connections changed on port: inputB
Connections changed on port: output
Connections changed on port: output
Connections changed on port: output
Connections changed on port: input
.top. Preinitializing ...
Invoking preinitialize():  .top.OrderedMerge
Called preinitialize()
Invoking preinitialize():  .top.Ramp
Called preinitialize()
Invoking preinitialize():  .top.Ramp2
Called preinitialize()
Invoking preinitialize():  .top.Test
Called preinitialize()
Connections changed on port: inputA
Connections changed on port: output
Connections changed on port: inputB
Connections changed on port: output
Connections changed on port: output
Connections changed on port: input
.top. Finished preinitialize().
Called initialize().
Invoking initialize():  .top.OrderedMerge
Initializing actor: .top.OrderedMerge
Adding a thread: .top.OrderedMerge
Invoking initialize():  .top.Ramp
Initializing actor: .top.Ramp
Adding a thread: .top.Ramp
Invoking initialize():  .top.Ramp2
Initializing actor: .top.Ramp2
Adding a thread: .top.Ramp2
Invoking initialize():  .top.Test
Initializing actor: .top.Test
Adding a thread: .top.Test
-- Starting thread.
Called initialize()
Called prefire()
Called fire()
-- Starting thread.
Called initialize()
Called prefire()
Called fire()
Called postfire()
Called prefire()
Called fire()
-- Starting thread.
Called initialize()
Called prefire()
Called fire()
Called postfire()
Called prefire()
Called fire()
Called fire().
Checking for deadlock:
There are 3 Blocked actors, 0 Stopped actors, and 4 active threads.
Waiting for actors to stop.
-- Starting thread.
Called initialize()
Called prefire()
Called fire()
Checking for deadlock:
There are 2 Blocked actors, 0 Stopped actors, and 4 active threads.
Waiting for actors to stop.
Called postfire()
Called prefire()
Called fire()
Checking for deadlock:
There are 3 Blocked actors, 0 Stopped actors, and 4 active threads.
Waiting for actors to stop.
Read input token from inputA with value 0.0
Next port to read input from is inputB
Called postfire()
Called prefire()
Called fire()
Checking for deadlock:
There are 2 Blocked actors, 0 Stopped actors, and 4 active threads.
Waiting for actors to stop.
Called postfire()
Called prefire()
Called fire()
Checking for deadlock:
There are 3 Blocked actors, 0 Stopped actors, and 4 active threads.
Waiting for actors to stop.
Read input token from inputB with value 0.0
Checking for deadlock:
There are 2 Blocked actors, 0 Stopped actors, and 4 active threads.
Waiting for actors to stop.
-- Read input: 0.0, which is expected to match: 0.0
Called prefire()
Called fire()
Checking for deadlock:
There are 3 Blocked actors, 0 Stopped actors, and 4 active threads.
Waiting for actors to stop.
Sent output token with value 0.0
Next port to read input from is inputA
Called postfire()
Called prefire()
Called fire()
Checking for deadlock:
There are 2 Blocked actors, 0 Stopped actors, and 4 active threads.
Waiting for actors to stop.
Called postfire()
Called prefire()
Called fire()
Checking for deadlock:
There are 3 Blocked actors, 0 Stopped actors, and 4 active threads.
Waiting for actors to stop.
Read input token from inputA with value 1.0
Checking for deadlock:
There are 2 Blocked actors, 0 Stopped actors, and 4 active threads.
Waiting for actors to stop.
-- Read input: 0.0, which is expected to match: 0.0
Called prefire()
Called fire()
Checking for deadlock:
There are 3 Blocked actors, 0 Stopped actors, and 4 active threads.
Waiting for actors to stop.
Sent output token with value 0.0
Next port to read input from is inputB
Called postfire()
Called prefire()
Called fire()
Checking for deadlock:
There are 2 Blocked actors, 0 Stopped actors, and 4 active threads.
Waiting for actors to stop.
Called postfire()
Called prefire()
Called fire()
Checking for deadlock:
There are 3 Blocked actors, 0 Stopped actors, and 4 active threads.
Waiting for actors to stop.
Read input token from inputB with value 1.5
Checking for deadlock:
There are 2 Blocked actors, 0 Stopped actors, and 4 active threads.
Waiting for actors to stop.
-- Read input: 1.0, which is expected to match: 1.0
Called prefire()
Called fire()
Checking for deadlock:
There are 3 Blocked actors, 0 Stopped actors, and 4 active threads.
Waiting for actors to stop.
Sent output token with value 1.0
Next port to read input from is inputA
Called postfire()
Called prefire()
Called fire()
Checking for deadlock:
There are 2 Blocked actors, 0 Stopped actors, and 4 active threads.
Waiting for actors to stop.
Called postfire()
Called prefire()
Called fire()
Checking for deadlock:
There are 3 Blocked actors, 0 Stopped actors, and 4 active threads.
Waiting for actors to stop.
Read input token from inputA with value 2.0
Checking for deadlock:
There are 2 Blocked actors, 0 Stopped actors, and 4 active threads.
Waiting for actors to stop.
-- Read input: 1.5, which is expected to match: 1.5
Called prefire()
Called fire()
Checking for deadlock:
There are 3 Blocked actors, 0 Stopped actors, and 4 active threads.
Waiting for actors to stop.
Sent output token with value 1.5
Next port to read input from is inputB
Called postfire()
Called prefire()
Called fire()
Checking for deadlock:
There are 2 Blocked actors, 0 Stopped actors, and 4 active threads.
Waiting for actors to stop.
Called postfire()
Called prefire()
Called fire()
Checking for deadlock:
There are 3 Blocked actors, 0 Stopped actors, and 4 active threads.
Waiting for actors to stop.
Read input token from inputB with value 3.0
Checking for deadlock:
There are 2 Blocked actors, 0 Stopped actors, and 4 active threads.
Waiting for actors to stop.
-- Read input: 2.0, which is expected to match: 2.0
Called prefire()
Called fire()
Checking for deadlock:
There are 3 Blocked actors, 0 Stopped actors, and 4 active threads.
Waiting for actors to stop.
Sent output token with value 2.0
Next port to read input from is inputA
Called postfire()
Called prefire()
Called fire()
Checking for deadlock:
There are 2 Blocked actors, 0 Stopped actors, and 4 active threads.
Waiting for actors to stop.
Called postfire()
Called prefire()
Called fire()
Checking for deadlock:
There are 3 Blocked actors, 0 Stopped actors, and 4 active threads.
Waiting for actors to stop.
Read input token from inputA with value 3.0
Checking for deadlock:
There are 2 Blocked actors, 0 Stopped actors, and 4 active threads.
Waiting for actors to stop.
-- Read input: 3.0, which is expected to match: 3.0
Called prefire()
Called fire()
Checking for deadlock:
There are 3 Blocked actors, 0 Stopped actors, and 4 active threads.
Waiting for actors to stop.
Sent output token with value 3.0
Next port to read input from is inputB
Called postfire()
Called prefire()
Called fire()
Checking for deadlock:
There are 2 Blocked actors, 0 Stopped actors, and 4 active threads.
Waiting for actors to stop.
Called postfire()
Called prefire()
Called fire()
Checking for deadlock:
There are 3 Blocked actors, 0 Stopped actors, and 4 active threads.
Waiting for actors to stop.
Read input token from inputB with value 4.5
Checking for deadlock:
There are 2 Blocked actors, 0 Stopped actors, and 4 active threads.
Waiting for actors to stop.
-- Read input: 3.0, which is expected to match: 3.0
Called prefire()
Called fire()
Checking for deadlock:
There are 3 Blocked actors, 0 Stopped actors, and 4 active threads.
Waiting for actors to stop.
Sent output token with value 3.0
Next port to read input from is inputA
Called postfire()
Called prefire()
Called fire()
Checking for deadlock:
There are 2 Blocked actors, 0 Stopped actors, and 4 active threads.
Waiting for actors to stop.
Called postfire()
Called prefire()
Called fire()
Checking for deadlock:
There are 3 Blocked actors, 0 Stopped actors, and 4 active threads.
Waiting for actors to stop.
Read input token from inputA with value 4.0
Checking for deadlock:
There are 2 Blocked actors, 0 Stopped actors, and 4 active threads.
Waiting for actors to stop.
-- Read input: 4.0, which is expected to match: 4.0
Called prefire()
Called fire()
Past the end of training data. Read and discard all inputs.
Checking for deadlock:
There are 3 Blocked actors, 0 Stopped actors, and 4 active threads.
Waiting for actors to stop.
Sent output token with value 4.0
Next port to read input from is inputA
Called postfire()
Called prefire()
Called fire()
Checking for deadlock:
There are 2 Blocked actors, 0 Stopped actors, and 4 active threads.
Waiting for actors to stop.
Called postfire()
Called prefire()
Called fire()
Checking for deadlock:
There are 3 Blocked actors, 0 Stopped actors, and 4 active threads.
Waiting for actors to stop.
Read input token from inputA with value 5.0
Checking for deadlock:
There are 2 Blocked actors, 0 Stopped actors, and 4 active threads.
Waiting for actors to stop.
Called prefire()
Called fire()
Past the end of training data. Read and discard all inputs.
Checking for deadlock:
There are 3 Blocked actors, 0 Stopped actors, and 4 active threads.
Waiting for actors to stop.
Sent output token with value 4.5
Next port to read input from is inputB
Called postfire()
Called prefire()
Called fire()
Checking for deadlock:
There are 2 Blocked actors, 0 Stopped actors, and 4 active threads.
Waiting for actors to stop.
Called postfire()
Called prefire()
Called fire()
Checking for deadlock:
There are 3 Blocked actors, 0 Stopped actors, and 4 active threads.
Waiting for actors to stop.
Read input token from inputB with value 6.0
Checking for deadlock:
There are 2 Blocked actors, 0 Stopped actors, and 4 active threads.
Waiting for actors to stop.
Called prefire()
Called fire()
Past the end of training data. Read and discard all inputs.
Checking for deadlock:
There are 3 Blocked actors, 0 Stopped actors, and 4 active threads.
Waiting for actors to stop.
Sent output token with value 5.0
Next port to read input from is inputA
Called postfire()
Called prefire()
Called fire()
Checking for deadlock:
There are 2 Blocked actors, 0 Stopped actors, and 4 active threads.
Waiting for actors to stop.
Called postfire()
Called prefire()
Called fire()
Checking for deadlock:
There are 3 Blocked actors, 0 Stopped actors, and 4 active threads.
Waiting for actors to stop.
Read input token from inputA with value 6.0
Checking for deadlock:
There are 2 Blocked actors, 0 Stopped actors, and 4 active threads.
Waiting for actors to stop.
Called prefire()
Called fire()
Past the end of training data. Read and discard all inputs.
Checking for deadlock:
There are 3 Blocked actors, 0 Stopped actors, and 4 active threads.
Waiting for actors to stop.
Sent output token with value 6.0
Next port to read input from is inputB
Called postfire()
Called prefire()
Called fire()
Checking for deadlock:
There are 2 Blocked actors, 0 Stopped actors, and 4 active threads.
Waiting for actors to stop.
Called postfire()
Called prefire()
Called fire()
Checking for deadlock:
There are 3 Blocked actors, 0 Stopped actors, and 4 active threads.
Waiting for actors to stop.
Read input token from inputB with value 7.5
Checking for deadlock:
There are 2 Blocked actors, 0 Stopped actors, and 4 active threads.
Waiting for actors to stop.
Called prefire()
Called fire()
Past the end of training data. Read and discard all inputs.
Checking for deadlock:
There are 3 Blocked actors, 0 Stopped actors, and 4 active threads.
Waiting for actors to stop.
Sent output token with value 6.0
Next port to read input from is inputA
Called postfire()
Called prefire()
Called fire()
Checking for deadlock:
There are 2 Blocked actors, 0 Stopped actors, and 4 active threads.
Waiting for actors to stop.
Called postfire()
Called prefire()
Called fire()
Checking for deadlock:
There are 3 Blocked actors, 0 Stopped actors, and 4 active threads.
Waiting for actors to stop.
Read input token from inputA with value 7.0
Checking for deadlock:
There are 2 Blocked actors, 0 Stopped actors, and 4 active threads.
Waiting for actors to stop.
Called prefire()
Called fire()
Past the end of training data. Read and discard all inputs.
Checking for deadlock:
There are 3 Blocked actors, 0 Stopped actors, and 4 active threads.
Waiting for actors to stop.
Sent output token with value 7.0
Next port to read input from is inputA
Called postfire()
Called prefire()
Called fire()
Checking for deadlock:
There are 2 Blocked actors, 0 Stopped actors, and 4 active threads.
Waiting for actors to stop.
-- Thread wrapup() called.
Called wrapup()
Thread .top.Ramp is exiting.
-- Thread stopped.
Checking for deadlock:
There are 2 Blocked actors, 0 Stopped actors, and 3 active threads.
Waiting for actors to stop.
Read input token from inputA with value 8.0
Checking for deadlock:
There are 1 Blocked actors, 0 Stopped actors, and 3 active threads.
Waiting for actors to stop.
Called prefire()
Called fire()
Past the end of training data. Read and discard all inputs.
Checking for deadlock:
There are 2 Blocked actors, 0 Stopped actors, and 3 active threads.
Waiting for actors to stop.
Sent output token with value 7.5
Next port to read input from is inputB
Called postfire()
Called prefire()
Called fire()
Checking for deadlock:
There are 1 Blocked actors, 0 Stopped actors, and 3 active threads.
Waiting for actors to stop.
Called postfire()
Called prefire()
Called fire()
Checking for deadlock:
There are 2 Blocked actors, 0 Stopped actors, and 3 active threads.
Waiting for actors to stop.
Read input token from inputB with value 9.0
Checking for deadlock:
There are 1 Blocked actors, 0 Stopped actors, and 3 active threads.
Waiting for actors to stop.
Called prefire()
Called fire()
Past the end of training data. Read and discard all inputs.
Checking for deadlock:
There are 2 Blocked actors, 0 Stopped actors, and 3 active threads.
Waiting for actors to stop.
Sent output token with value 8.0
Next port to read input from is inputA
Called postfire()
Called prefire()
Called fire()
Read input token from inputA with value 9.0
Checking for deadlock:
There are 1 Blocked actors, 0 Stopped actors, and 3 active threads.
Waiting for actors to stop.
Called prefire()
Called fire()
Past the end of training data. Read and discard all inputs.
Checking for deadlock:
There are 2 Blocked actors, 0 Stopped actors, and 3 active threads.
Waiting for actors to stop.
Sent output token with value 9.0
Next port to read input from is inputB
Called postfire()
Called prefire()
Called fire()
Checking for deadlock:
There are 1 Blocked actors, 0 Stopped actors, and 3 active threads.
Waiting for actors to stop.
Called postfire()
Called prefire()
Called fire()
Checking for deadlock:
There are 2 Blocked actors, 0 Stopped actors, and 3 active threads.
Waiting for actors to stop.
Read input token from inputB with value 10.5
Checking for deadlock:
There are 1 Blocked actors, 0 Stopped actors, and 3 active threads.
Waiting for actors to stop.
Called prefire()
Called fire()
Past the end of training data. Read and discard all inputs.
Checking for deadlock:
There are 2 Blocked actors, 0 Stopped actors, and 3 active threads.
Waiting for actors to stop.
Sent output token with value 9.0
Next port to read input from is inputA
Called postfire()
Called prefire()
Called fire()
Checking for deadlock:
There are 3 Blocked actors, 0 Stopped actors, and 3 active threads.
Actors have stopped.
Checking for deadlock:
There are 3 Blocked actors, 0 Stopped actors, and 3 active threads.
Deadlock detected.
Resolving Deadlock
Checking for deadlock:
There are 3 Blocked actors, 0 Stopped actors, and 3 active threads.
Artificial Deadlock - increasing queue capacity.
increasing the capacity of receiver ptolemy.actor.TypedIOPort {.top.OrderedMerge.inputB} to 2
Director: Called postfire().
Called postfire().
_stopRequested = false
_stopFireRequested = false
Returning from postfire(): true
Called fire().
Checking for deadlock:
There are 2 Blocked actors, 0 Stopped actors, and 3 active threads.
Waiting for actors to stop.
-- Thread wrapup() called.
Called wrapup()
Thread .top.Ramp2 is exiting.
-- Thread stopped.
Checking for deadlock:
There are 2 Blocked actors, 0 Stopped actors, and 2 active threads.
Actors have stopped.
Checking for deadlock:
There are 2 Blocked actors, 0 Stopped actors, and 2 active threads.
Deadlock detected.
Resolving Deadlock
Checking for deadlock:
There are 2 Blocked actors, 0 Stopped actors, and 2 active threads.
Deadlock detected: no processes blocked on write, but some are blocked on read.
Called postfire().
_stopRequested = false
_stopFireRequested = false
Returning from postfire(): false
Finished deactivating branches.
Called wrapup().
-- Thread wrapup() called.
Called wrapup()
Thread .top.Test is exiting.
-- Thread stopped.
-- Blocked Receiver call threw TerminateProcessException.
-- Thread wrapup() called.
Called wrapup()
Thread .top.OrderedMerge is exiting.
33 ms. Memory: 331776K Free: 277190K (84%)
.top. Preinitializing ...
Invoking preinitialize():  .top.OrderedMerge
Called preinitialize()
Invoking preinitialize():  .top.Ramp
Called preinitialize()
Invoking preinitialize():  .top.Ramp2
Called preinitialize()
Invoking preinitialize():  .top.Test
Called preinitialize()
.top. Finished preinitialize().
Called initialize().
Invoking initialize():  .top.OrderedMerge
Initializing actor: .top.OrderedMerge
Adding a thread: .top.OrderedMerge
Invoking initialize():  .top.Ramp
Initializing actor: .top.Ramp
Adding a thread: .top.Ramp
Invoking initialize():  .top.Ramp2
Initializing actor: .top.Ramp2
Adding a thread: .top.Ramp2
Invoking initialize():  .top.Test
Initializing actor: .top.Test
Adding a thread: .top.Test
-- Thread stopped.
-- Blocked Receiver call threw TerminateProcessException.
-- Starting thread.
Called initialize()
Called prefire()
Called fire()
-- Starting thread.
Called initialize()
Called prefire()
Called fire()
Called postfire()
Called prefire()
Called fire()
-- Starting thread.
Called initialize()
Called prefire()
Called fire()
Called postfire()
Called prefire()
Called fire()
Called fire().
Checking for deadlock:
There are 3 Blocked actors, 0 Stopped actors, and 4 active threads.
Waiting for actors to stop.
-- Starting thread.
Called initialize()
Called prefire()
Called fire()
Checking for deadlock:
There are 2 Blocked actors, 0 Stopped actors, and 4 active threads.
Waiting for actors to stop.
Called postfire()
Called prefire()
Called fire()
Checking for deadlock:
There are 3 Blocked actors, 0 Stopped actors, and 4 active threads.
Waiting for actors to stop.
Read input token from inputA with value 0.0
Next port to read input from is inputB
Called postfire()
Called prefire()
Called fire()
Checking for deadlock:
There are 2 Blocked actors, 0 Stopped actors, and 4 active threads.
Waiting for actors to stop.
Called postfire()
Called prefire()
Called fire()
Checking for deadlock:
There are 3 Blocked actors, 0 Stopped actors, and 4 active threads.
Waiting for actors to stop.
Read input token from inputB with value 0.0
Checking for deadlock:
There are 2 Blocked actors, 0 Stopped actors, and 4 active threads.
Waiting for actors to stop.
-- Read input: 0.0, which is expected to match: 0.0
Called prefire()
Called fire()
Checking for deadlock:
There are 3 Blocked actors, 0 Stopped actors, and 4 active threads.
Waiting for actors to stop.
Sent output token with value 0.0
Next port to read input from is inputA
Called postfire()
Called prefire()
Called fire()
Checking for deadlock:
There are 2 Blocked actors, 0 Stopped actors, and 4 active threads.
Waiting for actors to stop.
Called postfire()
Called prefire()
Called fire()
Checking for deadlock:
There are 3 Blocked actors, 0 Stopped actors, and 4 active threads.
Waiting for actors to stop.
Read input token from inputA with value 1.0
Checking for deadlock:
There are 2 Blocked actors, 0 Stopped actors, and 4 active threads.
Waiting for actors to stop.
-- Read input: 0.0, which is expected to match: 0.0
Called prefire()
Called fire()
Checking for deadlock:
There are 3 Blocked actors, 0 Stopped actors, and 4 active threads.
Waiting for actors to stop.
Sent output token with value 0.0
Next port to read input from is inputB
Called postfire()
Called prefire()
Called fire()
Checking for deadlock:
There are 2 Blocked actors, 0 Stopped actors, and 4 active threads.
Waiting for actors to stop.
Called postfire()
Called prefire()
Called fire()
Checking for deadlock:
There are 3 Blocked actors, 0 Stopped actors, and 4 active threads.
Waiting for actors to stop.
Read input token from inputB with value 1.5
Checking for deadlock:
There are 2 Blocked actors, 0 Stopped actors, and 4 active threads.
Waiting for actors to stop.
-- Read input: 1.0, which is expected to match: 1.0
Called prefire()
Called fire()
Checking for deadlock:
There are 3 Blocked actors, 0 Stopped actors, and 4 active threads.
Waiting for actors to stop.
Sent output token with value 1.0
Next port to read input from is inputA
Called postfire()
Called prefire()
Called fire()
Checking for deadlock:
There are 2 Blocked actors, 0 Stopped actors, and 4 active threads.
Waiting for actors to stop.
Called postfire()
Called prefire()
Called fire()
Checking for deadlock:
There are 3 Blocked actors, 0 Stopped actors, and 4 active threads.
Waiting for actors to stop.
Read input token from inputA with value 2.0
Checking for deadlock:
There are 2 Blocked actors, 0 Stopped actors, and 4 active threads.
Waiting for actors to stop.
-- Read input: 1.5, which is expected to match: 1.5
Called prefire()
Called fire()
Checking for deadlock:
There are 3 Blocked actors, 0 Stopped actors, and 4 active threads.
Waiting for actors to stop.
Sent output token with value 1.5
Next port to read input from is inputB
Called postfire()
Called prefire()
Called fire()
Checking for deadlock:
There are 2 Blocked actors, 0 Stopped actors, and 4 active threads.
Waiting for actors to stop.
Called postfire()
Called prefire()
Called fire()
Checking for deadlock:
There are 3 Blocked actors, 0 Stopped actors, and 4 active threads.
Waiting for actors to stop.
Read input token from inputB with value 3.0
Checking for deadlock:
There are 2 Blocked actors, 0 Stopped actors, and 4 active threads.
Waiting for actors to stop.
-- Read input: 2.0, which is expected to match: 2.0
Called prefire()
Called fire()
Checking for deadlock:
There are 3 Blocked actors, 0 Stopped actors, and 4 active threads.
Waiting for actors to stop.
Sent output token with value 2.0
Next port to read input from is inputA
Called postfire()
Called prefire()
Called fire()
Checking for deadlock:
There are 2 Blocked actors, 0 Stopped actors, and 4 active threads.
Waiting for actors to stop.
Called postfire()
Called prefire()
Called fire()
Checking for deadlock:
There are 3 Blocked actors, 0 Stopped actors, and 4 active threads.
Waiting for actors to stop.
Read input token from inputA with value 3.0
Checking for deadlock:
There are 2 Blocked actors, 0 Stopped actors, and 4 active threads.
Waiting for actors to stop.
-- Read input: 3.0, which is expected to match: 3.0
Called prefire()
Called fire()
Checking for deadlock:
There are 3 Blocked actors, 0 Stopped actors, and 4 active threads.
Waiting for actors to stop.
Sent output token with value 3.0
Next port to read input from is inputB
Called postfire()
Called prefire()
Called fire()
Checking for deadlock:
There are 2 Blocked actors, 0 Stopped actors, and 4 active threads.
Waiting for actors to stop.
Called postfire()
Called prefire()
Called fire()
Checking for deadlock:
There are 3 Blocked actors, 0 Stopped actors, and 4 active threads.
Waiting for actors to stop.
Read input token from inputB with value 4.5
Checking for deadlock:
There are 2 Blocked actors, 0 Stopped actors, and 4 active threads.
Waiting for actors to stop.
-- Read input: 3.0, which is expected to match: 3.0
Called prefire()
Called fire()
Checking for deadlock:
There are 3 Blocked actors, 0 Stopped actors, and 4 active threads.
Waiting for actors to stop.
Sent output token with value 3.0
Next port to read input from is inputA
Called postfire()
Called prefire()
Called fire()
Checking for deadlock:
There are 2 Blocked actors, 0 Stopped actors, and 4 active threads.
Waiting for actors to stop.
Called postfire()
Called prefire()
Called fire()
Checking for deadlock:
There are 3 Blocked actors, 0 Stopped actors, and 4 active threads.
Waiting for actors to stop.
Read input token from inputA with value 4.0
Checking for deadlock:
There are 2 Blocked actors, 0 Stopped actors, and 4 active threads.
Waiting for actors to stop.
-- Read input: 4.0, which is expected to match: 4.0
Called prefire()
Called fire()
Past the end of training data. Read and discard all inputs.
Checking for deadlock:
There are 3 Blocked actors, 0 Stopped actors, and 4 active threads.
Waiting for actors to stop.
Sent output token with value 4.0
Next port to read input from is inputA
Called postfire()
Called prefire()
Called fire()
Checking for deadlock:
There are 2 Blocked actors, 0 Stopped actors, and 4 active threads.
Waiting for actors to stop.
Called postfire()
Called prefire()
Called fire()
Checking for deadlock:
There are 3 Blocked actors, 0 Stopped actors, and 4 active threads.
Waiting for actors to stop.
Read input token from inputA with value 5.0
Checking for deadlock:
There are 2 Blocked actors, 0 Stopped actors, and 4 active threads.
Waiting for actors to stop.
Called prefire()
Called fire()
Past the end of training data. Read and discard all inputs.
Checking for deadlock:
There are 3 Blocked actors, 0 Stopped actors, and 4 active threads.
Waiting for actors to stop.
Sent output token with value 4.5
Next port to read input from is inputB
Called postfire()
Called prefire()
Called fire()
Checking for deadlock:
There are 2 Blocked actors, 0 Stopped actors, and 4 active threads.
Waiting for actors to stop.
Called postfire()
Called prefire()
Called fire()
Checking for deadlock:
There are 3 Blocked actors, 0 Stopped actors, and 4 active threads.
Waiting for actors to stop.
Read input token from inputB with value 6.0
Checking for deadlock:
There are 2 Blocked actors, 0 Stopped actors, and 4 active threads.
Waiting for actors to stop.
Called prefire()
Called fire()
Past the end of training data. Read and discard all inputs.
Checking for deadlock:
There are 3 Blocked actors, 0 Stopped actors, and 4 active threads.
Waiting for actors to stop.
Sent output token with value 5.0
Next port to read input from is inputA
Called postfire()
Called prefire()
Called fire()
Checking for deadlock:
There are 2 Blocked actors, 0 Stopped actors, and 4 active threads.
Waiting for actors to stop.
Called postfire()
Called prefire()
Called fire()
Checking for deadlock:
There are 3 Blocked actors, 0 Stopped actors, and 4 active threads.
Waiting for actors to stop.
Read input token from inputA with value 6.0
Checking for deadlock:
There are 2 Blocked actors, 0 Stopped actors, and 4 active threads.
Waiting for actors to stop.
Called prefire()
Called fire()
Past the end of training data. Read and discard all inputs.
Checking for deadlock:
There are 3 Blocked actors, 0 Stopped actors, and 4 active threads.
Waiting for actors to stop.
Sent output token with value 6.0
Next port to read input from is inputB
Called postfire()
Called prefire()
Called fire()
Checking for deadlock:
There are 2 Blocked actors, 0 Stopped actors, and 4 active threads.
Waiting for actors to stop.
Called postfire()
Called prefire()
Called fire()
Checking for deadlock:
There are 3 Blocked actors, 0 Stopped actors, and 4 active threads.
Waiting for actors to stop.
Read input token from inputB with value 7.5
Checking for deadlock:
There are 2 Blocked actors, 0 Stopped actors, and 4 active threads.
Waiting for actors to stop.
Called prefire()
Called fire()
Past the end of training data. Read and discard all inputs.
Checking for deadlock:
There are 3 Blocked actors, 0 Stopped actors, and 4 active threads.
Waiting for actors to stop.
Sent output token with value 6.0
Next port to read input from is inputA
Called postfire()
Called prefire()
Called fire()
Checking for deadlock:
There are 2 Blocked actors, 0 Stopped actors, and 4 active threads.
Waiting for actors to stop.
Called postfire()
Called prefire()
Called fire()
Checking for deadlock:
There are 3 Blocked actors, 0 Stopped actors, and 4 active threads.
Waiting for actors to stop.
Read input token from inputA with value 7.0
Checking for deadlock:
There are 2 Blocked actors, 0 Stopped actors, and 4 active threads.
Waiting for actors to stop.
Called prefire()
Called fire()
Past the end of training data. Read and discard all inputs.
Checking for deadlock:
There are 3 Blocked actors, 0 Stopped actors, and 4 active threads.
Waiting for actors to stop.
Sent output token with value 7.0
Next port to read input from is inputA
Called postfire()
Called prefire()
Called fire()
Checking for deadlock:
There are 2 Blocked actors, 0 Stopped actors, and 4 active threads.
Waiting for actors to stop.
-- Thread wrapup() called.
Called wrapup()
Thread .top.Ramp is exiting.
Checking for deadlock:
There are 2 Blocked actors, 0 Stopped actors, and 3 active threads.
Waiting for actors to stop.
-- Thread stopped.
Read input token from inputA with value 8.0
Checking for deadlock:
There are 1 Blocked actors, 0 Stopped actors, and 3 active threads.
Waiting for actors to stop.
Called prefire()
Called fire()
Past the end of training data. Read and discard all inputs.
Checking for deadlock:
There are 2 Blocked actors, 0 Stopped actors, and 3 active threads.
Waiting for actors to stop.
Sent output token with value 7.5
Next port to read input from is inputB
Called postfire()
Called prefire()
Called fire()
Checking for deadlock:
There are 1 Blocked actors, 0 Stopped actors, and 3 active threads.
Waiting for actors to stop.
Called postfire()
Called prefire()
Called fire()
Checking for deadlock:
There are 2 Blocked actors, 0 Stopped actors, and 3 active threads.
Waiting for actors to stop.
Read input token from inputB with value 9.0
Checking for deadlock:
There are 1 Blocked actors, 0 Stopped actors, and 3 active threads.
Waiting for actors to stop.
Called prefire()
Called fire()
Past the end of training data. Read and discard all inputs.
Checking for deadlock:
There are 2 Blocked actors, 0 Stopped actors, and 3 active threads.
Waiting for actors to stop.
Sent output token with value 8.0
Next port to read input from is inputA
Called postfire()
Called prefire()
Called fire()
Read input token from inputA with value 9.0
Checking for deadlock:
There are 1 Blocked actors, 0 Stopped actors, and 3 active threads.
Waiting for actors to stop.
Called prefire()
Called fire()
Past the end of training data. Read and discard all inputs.
Checking for deadlock:
There are 2 Blocked actors, 0 Stopped actors, and 3 active threads.
Waiting for actors to stop.
Sent output token with value 9.0
Next port to read input from is inputB
Called postfire()
Called prefire()
Called fire()
Checking for deadlock:
There are 1 Blocked actors, 0 Stopped actors, and 3 active threads.
Waiting for actors to stop.
Called postfire()
Called prefire()
Called fire()
Checking for deadlock:
There are 2 Blocked actors, 0 Stopped actors, and 3 active threads.
Waiting for actors to stop.
Read input token from inputB with value 10.5
Checking for deadlock:
There are 1 Blocked actors, 0 Stopped actors, and 3 active threads.
Waiting for actors to stop.
Called prefire()
Called fire()
Past the end of training data. Read and discard all inputs.
Checking for deadlock:
There are 2 Blocked actors, 0 Stopped actors, and 3 active threads.
Waiting for actors to stop.
Sent output token with value 9.0
Next port to read input from is inputA
Called postfire()
Called prefire()
Called fire()
Checking for deadlock:
There are 3 Blocked actors, 0 Stopped actors, and 3 active threads.
Actors have stopped.
Checking for deadlock:
There are 3 Blocked actors, 0 Stopped actors, and 3 active threads.
Deadlock detected.
Resolving Deadlock
Checking for deadlock:
There are 3 Blocked actors, 0 Stopped actors, and 3 active threads.
Artificial Deadlock - increasing queue capacity.
increasing the capacity of receiver ptolemy.actor.TypedIOPort {.top.OrderedMerge.inputB} to 2
Director: Called postfire().
Called postfire().
_stopRequested = false
_stopFireRequested = false
Returning from postfire(): true
Called fire().
Checking for deadlock:
There are 2 Blocked actors, 0 Stopped actors, and 3 active threads.
Waiting for actors to stop.
-- Thread wrapup() called.
Called wrapup()
Thread .top.Ramp2 is exiting.
-- Thread stopped.
Checking for deadlock:
There are 2 Blocked actors, 0 Stopped actors, and 2 active threads.
Actors have stopped.
Checking for deadlock:
There are 2 Blocked actors, 0 Stopped actors, and 2 active threads.
Deadlock detected.
Resolving Deadlock
Checking for deadlock:
There are 2 Blocked actors, 0 Stopped actors, and 2 active threads.
Deadlock detected: no processes blocked on write, but some are blocked on read.
Called postfire().
_stopRequested = false
_stopFireRequested = false
Returning from postfire(): false
Finished deactivating branches.
Called wrapup().
-- Thread wrapup() called.
Called wrapup()
Thread .top.Test is exiting.
-- Thread stopped.
-- Blocked Receiver call threw TerminateProcessException.
-- Thread wrapup() called.
Called wrapup()
Thread .top.OrderedMerge is exiting.
27 ms. Memory: 331776K Free: 267359K (81%)
/home/travis/build/icyphy/ptII/ptolemy/actor/lib/test/Publisher.tcl
-- Thread stopped.
-- Blocked Receiver call threw TerminateProcessException.
12 ms. Memory: 331776K Free: 257642K (78%)
13 ms. Memory: 331776K Free: 252784K (76%)
2 ms. Memory: 331776K Free: 247925K (75%)
5 ms. Memory: 331776K Free: 247925K (75%)
3 ms. Memory: 331776K Free: 247925K (75%)
3 ms. Memory: 331776K Free: 247925K (75%)
2 ms. Memory: 331776K Free: 247925K (75%)
2 ms. Memory: 331776K Free: 247925K (75%)
1 ms. Memory: 331776K Free: 238208K (72%)
3 ms. Memory: 331776K Free: 233349K (70%)
2 ms. Memory: 331776K Free: 233349K (70%)
2 ms. Memory: 331776K Free: 228491K (69%)
5 ms. Memory: 331776K Free: 223633K (67%)
12 ms. Memory: 331776K Free: 209057K (63%)
13 ms. Memory: 331776K Free: 199340K (60%)
/home/travis/build/icyphy/ptII/ptolemy/actor/lib/test/Pulse.tcl
5 ms. Memory: 331776K Free: 155613K (47%)
5 ms. Memory: 331776K Free: 155613K (47%)
2 ms. Memory: 331776K Free: 155613K (47%)
2 ms. Memory: 331776K Free: 155613K (47%)
2 ms. Memory: 331776K Free: 155613K (47%)
1 ms. Memory: 331776K Free: 155613K (47%)
4 ms. Memory: 331776K Free: 150755K (45%)
1 ms. Memory: 331776K Free: 150755K (45%)
1 ms. Memory: 331776K Free: 150755K (45%)
/home/travis/build/icyphy/ptII/ptolemy/actor/lib/test/Ramp.tcl
2 ms. Memory: 331776K Free: 150755K (45%)
2 ms. Memory: 331776K Free: 150755K (45%)
1 ms. Memory: 331776K Free: 145896K (44%)
2 ms. Memory: 331776K Free: 145896K (44%)
3 ms. Memory: 331776K Free: 145896K (44%)
3 ms. Memory: 331776K Free: 145896K (44%)
4 ms. Memory: 331776K Free: 145896K (44%)
5 actors
5000 microseconds per iteration to create
5 ms. Memory: 331776K Free: 141038K (43%)
2 ms. Memory: 331776K Free: 141038K (43%)
2 ms. Memory: 331776K Free: 141038K (43%)
1 ms. Memory: 331776K Free: 141038K (43%)
50 actors
26000 microseconds per iteration to create
24 ms. Memory: 331776K Free: 126430K (38%)
5 ms. Memory: 331776K Free: 121572K (37%)
5 ms. Memory: 331776K Free: 121572K (37%)
4 ms. Memory: 331776K Free: 121572K (37%)
500 actors
1254000 microseconds per iteration to create
200 ms. Memory: 331776K Free: 196863K (59%)
39 ms. Memory: 331776K Free: 192094K (58%)
38 ms. Memory: 331776K Free: 187326K (56%)
36 ms. Memory: 331776K Free: 182557K (55%)
/home/travis/build/icyphy/ptII/ptolemy/actor/lib/test/RampContinuous.tcl
6 ms. Memory: 331776K Free: 177788K (54%)
/home/travis/build/icyphy/ptII/ptolemy/actor/lib/test/RecordAssembler.tcl
4 ms. Memory: 331776K Free: 177788K (54%)
3 ms. Memory: 331776K Free: 177788K (54%)
/home/travis/build/icyphy/ptII/ptolemy/actor/lib/test/RecordDisassembler.tcl
5 ms. Memory: 331776K Free: 173003K (52%)
5 ms. Memory: 331776K Free: 173003K (52%)
6 ms. Memory: 331776K Free: 173003K (52%)
/home/travis/build/icyphy/ptII/ptolemy/actor/lib/test/Scale.tcl
2 ms. Memory: 331776K Free: 173003K (52%)
2 ms. Memory: 331776K Free: 168234K (51%)
2 ms. Memory: 331776K Free: 168234K (51%)
2 ms. Memory: 331776K Free: 168234K (51%)
6 ms. Memory: 331776K Free: 168234K (51%)
/home/travis/build/icyphy/ptII/ptolemy/actor/lib/test/SequentialClock.tcl
preinitializing
resolving types
initializing
executing number 1
wrapping up
idle
3 ms. Memory: 331776K Free: 168234K (51%)
Completed execution with 5 iterations
preinitializing
resolving types
initializing
executing number 1
wrapping up
idle
1 ms. Memory: 331776K Free: 163465K (49%)
Completed execution with 5 iterations
preinitializing
resolving types
initializing
executing number 1
wrapping up
idle
1 ms. Memory: 331776K Free: 163465K (49%)
Completed execution with 5 iterations
/home/travis/build/icyphy/ptII/ptolemy/actor/lib/test/SetVariable.tcl
3 ms. Memory: 331776K Free: 163465K (49%)
/home/travis/build/icyphy/ptII/ptolemy/actor/lib/test/Sinewave.tcl
/home/travis/build/icyphy/ptII/ptolemy/actor/lib/test/SubscriptionAggregator.tcl
10 ms. Memory: 331776K Free: 149142K (45%)
2 ms. Memory: 331776K Free: 149142K (45%)
0 ms. Memory: 331776K Free: 149142K (45%)
1 ms. Memory: 331776K Free: 149142K (45%)
1 ms. Memory: 331776K Free: 144373K (44%)
4 ms. Memory: 331776K Free: 144373K (44%)
...............................................................899 ms. Memory: 577536K Free: 100443K (17%)
/home/travis/build/icyphy/ptII/ptolemy/actor/lib/test/Test.tcl
 The next command will produce a warning about training mode,
   which may be ignored.
4 ms. Memory: 577536K Free: 100443K (17%)
2 ms. Memory: 577536K Free: 100443K (17%)
2 ms. Memory: 577536K Free: 100443K (17%)
1 ms. Memory: 577536K Free: 100443K (17%)
2 ms. Memory: 577536K Free: 100443K (17%)
2 ms. Memory: 577536K Free: 100443K (17%)
4 ms. Memory: 577536K Free: 100443K (17%)
 The next command will produce a warning about training mode,
   which may be ignored.
10 ms. Memory: 577536K Free: 90862K (16%)
 The next command will produce a warning about training mode,
   which may be ignored.
2 ms. Memory: 577536K Free: 90862K (16%)
1 ms. Memory: 577536K Free: 90862K (16%)
1 ms. Memory: 577536K Free: 90862K (16%)
4 ms. Memory: 577536K Free: 90862K (16%)
3 ms. Memory: 577536K Free: 90862K (16%)
4 ms. Memory: 577536K Free: 90862K (16%)
/home/travis/build/icyphy/ptII/ptolemy/actor/lib/test/TestExceptionHandler.tcl
 The next command will produce a warning about training mode,
   which may be ignored.
1 ms. Memory: 577536K Free: 81280K (14%)
1 ms. Memory: 577536K Free: 81280K (14%)
1 ms. Memory: 577536K Free: 81280K (14%)
/home/travis/build/icyphy/ptII/ptolemy/actor/lib/test/UnionDisassembler.tcl
25 ms. Memory: 577536K Free: 81280K (14%)
/home/travis/build/icyphy/ptII/ptolemy/actor/lib/test/VariableClock.tcl
preinitializing
resolving types
initializing
executing number 1
wrapping up
idle
9 ms. Memory: 577536K Free: 72247K (13%)
Completed execution with 11 iterations
preinitializing
resolving types
initializing
executing number 1
wrapping up
idle
9 ms. Memory: 577536K Free: 72247K (13%)
Completed execution with 10 iterations
06/22/18 01:21:55
Failed: 0  Total Tests: 234  ((Passed: 234, Newly Passed: 0)  Known Failed: 0) /home/travis/build/icyphy/ptII/ptolemy/actor/lib/test
----------------- testing (KnownFailure) /home/travis/build/icyphy/ptII/ptolemy/actor/lib/test/auto/knownFailedTests/PublisherPortToplevelSubscriber.xml
1 ms. Memory: 580096K Free: 534488K (92%)
Known Failure: java.lang.reflect.InvocationTargetException
----------------- testing (KnownFailure) /home/travis/build/icyphy/ptII/ptolemy/actor/lib/test/auto/knownFailedTests/PublisherSubscriberPortToplevel.xml
1 ms. Memory: 580096K Free: 505346K (87%)
Known Failure: java.lang.reflect.InvocationTargetException
----------------- testing (KnownFailure) /home/travis/build/icyphy/ptII/ptolemy/actor/lib/test/auto/knownFailedTests/PublisherSubscriptionAggregatorPort.xml
2 ms. Memory: 580096K Free: 485788K (84%)
Known Failure: java.lang.reflect.InvocationTargetException
----------------- testing (KnownFailure) /home/travis/build/icyphy/ptII/ptolemy/actor/lib/test/auto/knownFailedTests/sizedarray3.xml
3 ms. Memory: 580096K Free: 466229K (80%)
Known Failure: java.lang.reflect.InvocationTargetException
No auto/linux-amd64/*.xml tests in /home/travis/build/icyphy/ptII/ptolemy/actor/lib/test
AutoTests.java: About to close Vertx.
AutoTests.java: Vertx closed.

===========================================================================================
----------------- testing Fri Jun 22 01:21:55 UTC 2018 /home/travis/build/icyphy/ptII/ptolemy/actor/lib/test/auto/AbsoluteValue.xml
----------------- Instantiating /home/travis/build/icyphy/ptII/ptolemy/actor/lib/test/auto/AbsoluteValue.xml
4 ms. Memory: 580096K Free: 388018K (67%)
----------------- Invoking toplevel() on ptolemy.moml.MoMLSimpleApplication@7a654033
----------------- Done invoking toplevel() on ptolemy.moml.MoMLSimpleApplication@7a654033
reloadAllAccessors: .AbsoluteValue

===========================================================================================
----------------- testing Fri Jun 22 01:21:55 UTC 2018 /home/travis/build/icyphy/ptII/ptolemy/actor/lib/test/auto/AbsoluteValue2.xml
----------------- Instantiating /home/travis/build/icyphy/ptII/ptolemy/actor/lib/test/auto/AbsoluteValue2.xml
11 ms. Memory: 580096K Free: 373349K (64%)
----------------- Invoking toplevel() on ptolemy.moml.MoMLSimpleApplication@c9102a6
----------------- Done invoking toplevel() on ptolemy.moml.MoMLSimpleApplication@c9102a6
reloadAllAccessors: .AbsoluteValue2

===========================================================================================
----------------- testing Fri Jun 22 01:21:55 UTC 2018 /home/travis/build/icyphy/ptII/ptolemy/actor/lib/test/auto/Accumulator.xml
----------------- Instantiating /home/travis/build/icyphy/ptII/ptolemy/actor/lib/test/auto/Accumulator.xml
8 ms. Memory: 580096K Free: 353987K (61%)
----------------- Invoking toplevel() on ptolemy.moml.MoMLSimpleApplication@6f2730cf
----------------- Done invoking toplevel() on ptolemy.moml.MoMLSimpleApplication@6f2730cf
reloadAllAccessors: .Accumulator

===========================================================================================
----------------- testing Fri Jun 22 01:21:55 UTC 2018 /home/travis/build/icyphy/ptII/ptolemy/actor/lib/test/auto/Accumulator2.xml
----------------- Instantiating /home/travis/build/icyphy/ptII/ptolemy/actor/lib/test/auto/Accumulator2.xml
4 ms. Memory: 580096K Free: 344208K (59%)
----------------- Invoking toplevel() on ptolemy.moml.MoMLSimpleApplication@2908dd0
----------------- Done invoking toplevel() on ptolemy.moml.MoMLSimpleApplication@2908dd0
reloadAllAccessors: .Accumulator2

===========================================================================================
----------------- testing Fri Jun 22 01:21:55 UTC 2018 /home/travis/build/icyphy/ptII/ptolemy/actor/lib/test/auto/Accumulator3.xml
----------------- Instantiating /home/travis/build/icyphy/ptII/ptolemy/actor/lib/test/auto/Accumulator3.xml
3 ms. Memory: 580096K Free: 334428K (58%)
----------------- Invoking toplevel() on ptolemy.moml.MoMLSimpleApplication@16ff2904
----------------- Done invoking toplevel() on ptolemy.moml.MoMLSimpleApplication@16ff2904
reloadAllAccessors: .Accumulator3

===========================================================================================
----------------- testing Fri Jun 22 01:21:55 UTC 2018 /home/travis/build/icyphy/ptII/ptolemy/actor/lib/test/auto/ArrayAppend.xml
----------------- Instantiating /home/travis/build/icyphy/ptII/ptolemy/actor/lib/test/auto/ArrayAppend.xml
4 ms. Memory: 580096K Free: 324649K (56%)
----------------- Invoking toplevel() on ptolemy.moml.MoMLSimpleApplication@30e297bf
----------------- Done invoking toplevel() on ptolemy.moml.MoMLSimpleApplication@30e297bf
reloadAllAccessors: .ArrayAppend

===========================================================================================
----------------- testing Fri Jun 22 01:21:55 UTC 2018 /home/travis/build/icyphy/ptII/ptolemy/actor/lib/test/auto/ArrayAppend2.xml
----------------- Instantiating /home/travis/build/icyphy/ptII/ptolemy/actor/lib/test/auto/ArrayAppend2.xml
517 ms. Memory: 580096K Free: 251501K (43%)
----------------- Invoking toplevel() on ptolemy.moml.MoMLSimpleApplication@3bfb8088
----------------- Done invoking toplevel() on ptolemy.moml.MoMLSimpleApplication@3bfb8088
reloadAllAccessors: .ArrayAppend2

===========================================================================================
----------------- testing Fri Jun 22 01:21:56 UTC 2018 /home/travis/build/icyphy/ptII/ptolemy/actor/lib/test/auto/ArrayAppend3.xml
----------------- Instantiating /home/travis/build/icyphy/ptII/ptolemy/actor/lib/test/auto/ArrayAppend3.xml
6 ms. Memory: 580096K Free: 241722K (42%)
----------------- Invoking toplevel() on ptolemy.moml.MoMLSimpleApplication@5b640421
----------------- Done invoking toplevel() on ptolemy.moml.MoMLSimpleApplication@5b640421
reloadAllAccessors: .ArrayAppend3

===========================================================================================
----------------- testing Fri Jun 22 01:21:56 UTC 2018 /home/travis/build/icyphy/ptII/ptolemy/actor/lib/test/auto/ArrayAppend4.xml
----------------- Instantiating /home/travis/build/icyphy/ptII/ptolemy/actor/lib/test/auto/ArrayAppend4.xml
4 ms. Memory: 580096K Free: 231943K (40%)
----------------- Invoking toplevel() on ptolemy.moml.MoMLSimpleApplication@4239c2f
----------------- Done invoking toplevel() on ptolemy.moml.MoMLSimpleApplication@4239c2f
reloadAllAccessors: .ArrayAppend4

===========================================================================================
----------------- testing Fri Jun 22 01:21:56 UTC 2018 /home/travis/build/icyphy/ptII/ptolemy/actor/lib/test/auto/ArrayAppend5.xml
----------------- Instantiating /home/travis/build/icyphy/ptII/ptolemy/actor/lib/test/auto/ArrayAppend5.xml
2 ms. Memory: 580096K Free: 222163K (38%)
----------------- Invoking toplevel() on ptolemy.moml.MoMLSimpleApplication@a00fc43
----------------- Done invoking toplevel() on ptolemy.moml.MoMLSimpleApplication@a00fc43
reloadAllAccessors: .ArrayAppend5

===========================================================================================
----------------- testing Fri Jun 22 01:21:56 UTC 2018 /home/travis/build/icyphy/ptII/ptolemy/actor/lib/test/auto/ArrayAppend6.xml
----------------- Instantiating /home/travis/build/icyphy/ptII/ptolemy/actor/lib/test/auto/ArrayAppend6.xml
3 ms. Memory: 580096K Free: 202801K (35%)
----------------- Invoking toplevel() on ptolemy.moml.MoMLSimpleApplication@4b705eff
----------------- Done invoking toplevel() on ptolemy.moml.MoMLSimpleApplication@4b705eff
reloadAllAccessors: .ArrayAppend6

===========================================================================================
----------------- testing Fri Jun 22 01:21:56 UTC 2018 /home/travis/build/icyphy/ptII/ptolemy/actor/lib/test/auto/ArrayAppendPerformanceTest.xml
----------------- Instantiating /home/travis/build/icyphy/ptII/ptolemy/actor/lib/test/auto/ArrayAppendPerformanceTest.xml
24 ms. Memory: 580096K Free: 188132K (32%)
----------------- Invoking toplevel() on ptolemy.moml.MoMLSimpleApplication@4a2c9cf4
----------------- Done invoking toplevel() on ptolemy.moml.MoMLSimpleApplication@4a2c9cf4
reloadAllAccessors: .ArrayAppendPerformanceTest

===========================================================================================
----------------- testing Fri Jun 22 01:21:56 UTC 2018 /home/travis/build/icyphy/ptII/ptolemy/actor/lib/test/auto/ArrayAppendWithEmptyInput.xml
----------------- Instantiating /home/travis/build/icyphy/ptII/ptolemy/actor/lib/test/auto/ArrayAppendWithEmptyInput.xml
13 ms. Memory: 580096K Free: 173464K (30%)
----------------- Invoking toplevel() on ptolemy.moml.MoMLSimpleApplication@60dff86
----------------- Done invoking toplevel() on ptolemy.moml.MoMLSimpleApplication@60dff86
reloadAllAccessors: .ArrayAppendWithEmptyInput

===========================================================================================
----------------- testing Fri Jun 22 01:21:56 UTC 2018 /home/travis/build/icyphy/ptII/ptolemy/actor/lib/test/auto/ArrayAverage.xml
----------------- Instantiating /home/travis/build/icyphy/ptII/ptolemy/actor/lib/test/auto/ArrayAverage.xml
4 ms. Memory: 580096K Free: 158787K (27%)
----------------- Invoking toplevel() on ptolemy.moml.MoMLSimpleApplication@34bf4f73
----------------- Done invoking toplevel() on ptolemy.moml.MoMLSimpleApplication@34bf4f73
reloadAllAccessors: .ArrayAverage

===========================================================================================
----------------- testing Fri Jun 22 01:21:56 UTC 2018 /home/travis/build/icyphy/ptII/ptolemy/actor/lib/test/auto/ArrayContains.xml
----------------- Instantiating /home/travis/build/icyphy/ptII/ptolemy/actor/lib/test/auto/ArrayContains.xml
13 ms. Memory: 580096K Free: 149007K (26%)
----------------- Invoking toplevel() on ptolemy.moml.MoMLSimpleApplication@8042349
----------------- Done invoking toplevel() on ptolemy.moml.MoMLSimpleApplication@8042349
reloadAllAccessors: .ArrayContains

===========================================================================================
----------------- testing Fri Jun 22 01:21:56 UTC 2018 /home/travis/build/icyphy/ptII/ptolemy/actor/lib/test/auto/ArrayElement.xml
----------------- Instantiating /home/travis/build/icyphy/ptII/ptolemy/actor/lib/test/auto/ArrayElement.xml
6 ms. Memory: 580096K Free: 129646K (22%)
----------------- Invoking toplevel() on ptolemy.moml.MoMLSimpleApplication@db466d6
----------------- Done invoking toplevel() on ptolemy.moml.MoMLSimpleApplication@db466d6
reloadAllAccessors: .ArrayElement

===========================================================================================
----------------- testing Fri Jun 22 01:21:56 UTC 2018 /home/travis/build/icyphy/ptII/ptolemy/actor/lib/test/auto/ArrayElementAsMatrix.xml
----------------- Instantiating /home/travis/build/icyphy/ptII/ptolemy/actor/lib/test/auto/ArrayElementAsMatrix.xml
17 ms. Memory: 580096K Free: 114961K (20%)
----------------- Invoking toplevel() on ptolemy.moml.MoMLSimpleApplication@2888c68e
----------------- Done invoking toplevel() on ptolemy.moml.MoMLSimpleApplication@2888c68e
reloadAllAccessors: .ArrayElementAsMatrix

===========================================================================================
----------------- testing Fri Jun 22 01:21:56 UTC 2018 /home/travis/build/icyphy/ptII/ptolemy/actor/lib/test/auto/ArrayElementI.xml
----------------- Instantiating /home/travis/build/icyphy/ptII/ptolemy/actor/lib/test/auto/ArrayElementI.xml
4 ms. Memory: 580096K Free: 105181K (18%)
----------------- Invoking toplevel() on ptolemy.moml.MoMLSimpleApplication@b997135
----------------- Done invoking toplevel() on ptolemy.moml.MoMLSimpleApplication@b997135
reloadAllAccessors: .ArrayElementI

===========================================================================================
----------------- testing Fri Jun 22 01:21:57 UTC 2018 /home/travis/build/icyphy/ptII/ptolemy/actor/lib/test/auto/ArrayExtract.xml
----------------- Instantiating /home/travis/build/icyphy/ptII/ptolemy/actor/lib/test/auto/ArrayExtract.xml
4 ms. Memory: 580096K Free: 95402K (16%)
----------------- Invoking toplevel() on ptolemy.moml.MoMLSimpleApplication@6f1b0d12
----------------- Done invoking toplevel() on ptolemy.moml.MoMLSimpleApplication@6f1b0d12
reloadAllAccessors: .ArrayExtract

===========================================================================================
----------------- testing Fri Jun 22 01:21:57 UTC 2018 /home/travis/build/icyphy/ptII/ptolemy/actor/lib/test/auto/ArrayExtract2.xml
----------------- Instantiating /home/travis/build/icyphy/ptII/ptolemy/actor/lib/test/auto/ArrayExtract2.xml
1 ms. Memory: 580096K Free: 76040K (13%)
----------------- Invoking toplevel() on ptolemy.moml.MoMLSimpleApplication@11b27f87
----------------- Done invoking toplevel() on ptolemy.moml.MoMLSimpleApplication@11b27f87
reloadAllAccessors: .ArrayExtract2

===========================================================================================
----------------- testing Fri Jun 22 01:21:57 UTC 2018 /home/travis/build/icyphy/ptII/ptolemy/actor/lib/test/auto/ArrayLength.xml
----------------- Instantiating /home/travis/build/icyphy/ptII/ptolemy/actor/lib/test/auto/ArrayLength.xml
1 ms. Memory: 580096K Free: 66261K (11%)
----------------- Invoking toplevel() on ptolemy.moml.MoMLSimpleApplication@576e449b
----------------- Done invoking toplevel() on ptolemy.moml.MoMLSimpleApplication@576e449b
reloadAllAccessors: .ArrayLength

===========================================================================================
----------------- testing Fri Jun 22 01:21:57 UTC 2018 /home/travis/build/icyphy/ptII/ptolemy/actor/lib/test/auto/ArrayLevelCrossing.xml
----------------- Instantiating /home/travis/build/icyphy/ptII/ptolemy/actor/lib/test/auto/ArrayLevelCrossing.xml
68 ms. Memory: 879616K Free: 836572K (95%)
----------------- Invoking toplevel() on ptolemy.moml.MoMLSimpleApplication@146c0d47
----------------- Done invoking toplevel() on ptolemy.moml.MoMLSimpleApplication@146c0d47
reloadAllAccessors: .ArrayLevelCrossing

===========================================================================================
----------------- testing Fri Jun 22 01:21:57 UTC 2018 /home/travis/build/icyphy/ptII/ptolemy/actor/lib/test/auto/ArrayLevelCrossing2.xml
----------------- Instantiating /home/travis/build/icyphy/ptII/ptolemy/actor/lib/test/auto/ArrayLevelCrossing2.xml
3 ms. Memory: 879616K Free: 803567K (91%)
----------------- Invoking toplevel() on ptolemy.moml.MoMLSimpleApplication@18fe804
----------------- Done invoking toplevel() on ptolemy.moml.MoMLSimpleApplication@18fe804
reloadAllAccessors: .ArrayLevelCrossing2

===========================================================================================
----------------- testing Fri Jun 22 01:21:57 UTC 2018 /home/travis/build/icyphy/ptII/ptolemy/actor/lib/test/auto/ArrayPeakSearch.xml
----------------- Instantiating /home/travis/build/icyphy/ptII/ptolemy/actor/lib/test/auto/ArrayPeakSearch.xml
7 ms. Memory: 879616K Free: 787520K (90%)
----------------- Invoking toplevel() on ptolemy.moml.MoMLSimpleApplication@6a4cdee1
----------------- Done invoking toplevel() on ptolemy.moml.MoMLSimpleApplication@6a4cdee1
reloadAllAccessors: .ArrayPeakSearch

===========================================================================================
----------------- testing Fri Jun 22 01:21:57 UTC 2018 /home/travis/build/icyphy/ptII/ptolemy/actor/lib/test/auto/ArrayPeakSearch2.xml
----------------- Instantiating /home/travis/build/icyphy/ptII/ptolemy/actor/lib/test/auto/ArrayPeakSearch2.xml
7 ms. Memory: 879616K Free: 771858K (88%)
----------------- Invoking toplevel() on ptolemy.moml.MoMLSimpleApplication@50d721b3
----------------- Done invoking toplevel() on ptolemy.moml.MoMLSimpleApplication@50d721b3
reloadAllAccessors: .ArrayPeakSearch2

===========================================================================================
----------------- testing Fri Jun 22 01:21:57 UTC 2018 /home/travis/build/icyphy/ptII/ptolemy/actor/lib/test/auto/ArrayPeakSearch3.xml
----------------- Instantiating /home/travis/build/icyphy/ptII/ptolemy/actor/lib/test/auto/ArrayPeakSearch3.xml
6 ms. Memory: 879616K Free: 756195K (86%)
----------------- Invoking toplevel() on ptolemy.moml.MoMLSimpleApplication@4aa1df8c
----------------- Done invoking toplevel() on ptolemy.moml.MoMLSimpleApplication@4aa1df8c
reloadAllAccessors: .ArrayPeakSearch3

===========================================================================================
----------------- testing Fri Jun 22 01:21:57 UTC 2018 /home/travis/build/icyphy/ptII/ptolemy/actor/lib/test/auto/ArrayRemoveElement.xml
----------------- Instantiating /home/travis/build/icyphy/ptII/ptolemy/actor/lib/test/auto/ArrayRemoveElement.xml
4 ms. Memory: 879616K Free: 729772K (83%)
----------------- Invoking toplevel() on ptolemy.moml.MoMLSimpleApplication@47ba169d
----------------- Done invoking toplevel() on ptolemy.moml.MoMLSimpleApplication@47ba169d
reloadAllAccessors: .ArrayRemoveElement

===========================================================================================
----------------- testing Fri Jun 22 01:21:57 UTC 2018 /home/travis/build/icyphy/ptII/ptolemy/actor/lib/test/auto/ArraySort.xml
----------------- Instantiating /home/travis/build/icyphy/ptII/ptolemy/actor/lib/test/auto/ArraySort.xml
7 ms. Memory: 879616K Free: 714125K (81%)
----------------- Invoking toplevel() on ptolemy.moml.MoMLSimpleApplication@4a9e3c30
----------------- Done invoking toplevel() on ptolemy.moml.MoMLSimpleApplication@4a9e3c30
reloadAllAccessors: .ArraySort

===========================================================================================
----------------- testing Fri Jun 22 01:21:57 UTC 2018 /home/travis/build/icyphy/ptII/ptolemy/actor/lib/test/auto/ArraySum.xml
----------------- Instantiating /home/travis/build/icyphy/ptII/ptolemy/actor/lib/test/auto/ArraySum.xml
2 ms. Memory: 879616K Free: 695870K (79%)
----------------- Invoking toplevel() on ptolemy.moml.MoMLSimpleApplication@3996c2c7
----------------- Done invoking toplevel() on ptolemy.moml.MoMLSimpleApplication@3996c2c7
reloadAllAccessors: .ArraySum

===========================================================================================
----------------- testing Fri Jun 22 01:21:57 UTC 2018 /home/travis/build/icyphy/ptII/ptolemy/actor/lib/test/auto/ArrayToElements.xml
----------------- Instantiating /home/travis/build/icyphy/ptII/ptolemy/actor/lib/test/auto/ArrayToElements.xml
8 ms. Memory: 879616K Free: 685439K (78%)
----------------- Invoking toplevel() on ptolemy.moml.MoMLSimpleApplication@58606f1
----------------- Done invoking toplevel() on ptolemy.moml.MoMLSimpleApplication@58606f1
reloadAllAccessors: .ArrayToElements

===========================================================================================
----------------- testing Fri Jun 22 01:21:57 UTC 2018 /home/travis/build/icyphy/ptII/ptolemy/actor/lib/test/auto/ArrayToMatrix.xml
----------------- Instantiating /home/travis/build/icyphy/ptII/ptolemy/actor/lib/test/auto/ArrayToMatrix.xml
5 ms. Memory: 879616K Free: 664545K (76%)
----------------- Invoking toplevel() on ptolemy.moml.MoMLSimpleApplication@3cbeccf8
----------------- Done invoking toplevel() on ptolemy.moml.MoMLSimpleApplication@3cbeccf8
reloadAllAccessors: .ArrayToMatrix

===========================================================================================
----------------- testing Fri Jun 22 01:21:57 UTC 2018 /home/travis/build/icyphy/ptII/ptolemy/actor/lib/test/auto/ArrayUpdate1.xml
----------------- Instantiating /home/travis/build/icyphy/ptII/ptolemy/actor/lib/test/auto/ArrayUpdate1.xml
2 ms. Memory: 879616K Free: 643353K (73%)
----------------- Invoking toplevel() on ptolemy.moml.MoMLSimpleApplication@34d538b8
----------------- Done invoking toplevel() on ptolemy.moml.MoMLSimpleApplication@34d538b8
reloadAllAccessors: .ArrayUpdate1

===========================================================================================
----------------- testing Fri Jun 22 01:21:57 UTC 2018 /home/travis/build/icyphy/ptII/ptolemy/actor/lib/test/auto/ArrayUpdate2.xml
----------------- Instantiating /home/travis/build/icyphy/ptII/ptolemy/actor/lib/test/auto/ArrayUpdate2.xml
5 ms. Memory: 879616K Free: 632922K (72%)
----------------- Invoking toplevel() on ptolemy.moml.MoMLSimpleApplication@48651064
----------------- Done invoking toplevel() on ptolemy.moml.MoMLSimpleApplication@48651064
reloadAllAccessors: .ArrayUpdate2

===========================================================================================
----------------- testing Fri Jun 22 01:21:57 UTC 2018 /home/travis/build/icyphy/ptII/ptolemy/actor/lib/test/auto/ArrayUpdate3.xml
----------------- Instantiating /home/travis/build/icyphy/ptII/ptolemy/actor/lib/test/auto/ArrayUpdate3.xml
2 ms. Memory: 879616K Free: 622491K (71%)
----------------- Invoking toplevel() on ptolemy.moml.MoMLSimpleApplication@22adbef
----------------- Done invoking toplevel() on ptolemy.moml.MoMLSimpleApplication@22adbef
reloadAllAccessors: .ArrayUpdate3

===========================================================================================
----------------- testing Fri Jun 22 01:21:57 UTC 2018 /home/travis/build/icyphy/ptII/ptolemy/actor/lib/test/auto/Assert1.xml
----------------- Instantiating /home/travis/build/icyphy/ptII/ptolemy/actor/lib/test/auto/Assert1.xml
2 ms. Memory: 879616K Free: 612059K (70%)
----------------- Invoking toplevel() on ptolemy.moml.MoMLSimpleApplication@5118c89c
----------------- Done invoking toplevel() on ptolemy.moml.MoMLSimpleApplication@5118c89c
reloadAllAccessors: .Assert1

===========================================================================================
----------------- testing Fri Jun 22 01:21:57 UTC 2018 /home/travis/build/icyphy/ptII/ptolemy/actor/lib/test/auto/Assert2.xml
----------------- Instantiating /home/travis/build/icyphy/ptII/ptolemy/actor/lib/test/auto/Assert2.xml
6 ms. Memory: 879616K Free: 601628K (68%)
----------------- Invoking toplevel() on ptolemy.moml.MoMLSimpleApplication@67e9c9f3
----------------- Done invoking toplevel() on ptolemy.moml.MoMLSimpleApplication@67e9c9f3
reloadAllAccessors: .Assert2

===========================================================================================
----------------- testing Fri Jun 22 01:21:57 UTC 2018 /home/travis/build/icyphy/ptII/ptolemy/actor/lib/test/auto/BooleanMultiplexor.xml
----------------- Instantiating /home/travis/build/icyphy/ptII/ptolemy/actor/lib/test/auto/BooleanMultiplexor.xml
2 ms. Memory: 879616K Free: 580437K (66%)
----------------- Invoking toplevel() on ptolemy.moml.MoMLSimpleApplication@1c361e9d
----------------- Done invoking toplevel() on ptolemy.moml.MoMLSimpleApplication@1c361e9d
reloadAllAccessors: .BooleanMultiplexor

===========================================================================================
----------------- testing Fri Jun 22 01:21:57 UTC 2018 /home/travis/build/icyphy/ptII/ptolemy/actor/lib/test/auto/BooleanMultiplexor2.xml
----------------- Instantiating /home/travis/build/icyphy/ptII/ptolemy/actor/lib/test/auto/BooleanMultiplexor2.xml
3 ms. Memory: 879616K Free: 570006K (65%)
----------------- Invoking toplevel() on ptolemy.moml.MoMLSimpleApplication@5099bc20
----------------- Done invoking toplevel() on ptolemy.moml.MoMLSimpleApplication@5099bc20
reloadAllAccessors: .BooleanMultiplexor2

===========================================================================================
----------------- testing Fri Jun 22 01:21:57 UTC 2018 /home/travis/build/icyphy/ptII/ptolemy/actor/lib/test/auto/BooleanMultiplexor3.xml
----------------- Instantiating /home/travis/build/icyphy/ptII/ptolemy/actor/lib/test/auto/BooleanMultiplexor3.xml
1 ms. Memory: 879616K Free: 559575K (64%)
----------------- Invoking toplevel() on ptolemy.moml.MoMLSimpleApplication@1ba2fc8a
----------------- Done invoking toplevel() on ptolemy.moml.MoMLSimpleApplication@1ba2fc8a
reloadAllAccessors: .BooleanMultiplexor3

===========================================================================================
----------------- testing Fri Jun 22 01:21:57 UTC 2018 /home/travis/build/icyphy/ptII/ptolemy/actor/lib/test/auto/BooleanSelect.xml
----------------- Instantiating /home/travis/build/icyphy/ptII/ptolemy/actor/lib/test/auto/BooleanSelect.xml
10 ms. Memory: 879616K Free: 549143K (62%)
----------------- Invoking toplevel() on ptolemy.moml.MoMLSimpleApplication@52d56ef9
----------------- Done invoking toplevel() on ptolemy.moml.MoMLSimpleApplication@52d56ef9
reloadAllAccessors: .BooleanSelect

===========================================================================================
----------------- testing Fri Jun 22 01:21:57 UTC 2018 /home/travis/build/icyphy/ptII/ptolemy/actor/lib/test/auto/BooleanSelect2.xml
----------------- Instantiating /home/travis/build/icyphy/ptII/ptolemy/actor/lib/test/auto/BooleanSelect2.xml
2 ms. Memory: 879616K Free: 538712K (61%)
----------------- Invoking toplevel() on ptolemy.moml.MoMLSimpleApplication@790eb180
----------------- Done invoking toplevel() on ptolemy.moml.MoMLSimpleApplication@790eb180
reloadAllAccessors: .BooleanSelect2

===========================================================================================
----------------- testing Fri Jun 22 01:21:57 UTC 2018 /home/travis/build/icyphy/ptII/ptolemy/actor/lib/test/auto/BooleanSwitch.xml
----------------- Instantiating /home/travis/build/icyphy/ptII/ptolemy/actor/lib/test/auto/BooleanSwitch.xml
1 ms. Memory: 879616K Free: 517521K (59%)
----------------- Invoking toplevel() on ptolemy.moml.MoMLSimpleApplication@2bd9ad59
----------------- Done invoking toplevel() on ptolemy.moml.MoMLSimpleApplication@2bd9ad59
reloadAllAccessors: .BooleanSwitch

===========================================================================================
----------------- testing Fri Jun 22 01:21:57 UTC 2018 /home/travis/build/icyphy/ptII/ptolemy/actor/lib/test/auto/BooleanSwitch2.xml
----------------- Instantiating /home/travis/build/icyphy/ptII/ptolemy/actor/lib/test/auto/BooleanSwitch2.xml
7 ms. Memory: 879616K Free: 507090K (58%)
----------------- Invoking toplevel() on ptolemy.moml.MoMLSimpleApplication@4835edae
----------------- Done invoking toplevel() on ptolemy.moml.MoMLSimpleApplication@4835edae
reloadAllAccessors: .BooleanSwitch2

===========================================================================================
----------------- testing Fri Jun 22 01:21:57 UTC 2018 /home/travis/build/icyphy/ptII/ptolemy/actor/lib/test/auto/BooleanSwitchCloningBugWithClassRelationGroup.xml
----------------- Instantiating /home/travis/build/icyphy/ptII/ptolemy/actor/lib/test/auto/BooleanSwitchCloningBugWithClassRelationGroup.xml
4 ms. Memory: 879616K Free: 496658K (56%)
----------------- Invoking toplevel() on ptolemy.moml.MoMLSimpleApplication@364839bb
----------------- Done invoking toplevel() on ptolemy.moml.MoMLSimpleApplication@364839bb
reloadAllAccessors: .BooleanSwitchCloningBugWithClassRelationGroup

===========================================================================================
----------------- testing Fri Jun 22 01:21:57 UTC 2018 /home/travis/build/icyphy/ptII/ptolemy/actor/lib/test/auto/BusActors.xml
----------------- Instantiating /home/travis/build/icyphy/ptII/ptolemy/actor/lib/test/auto/BusActors.xml
3 ms. Memory: 879616K Free: 480996K (55%)
----------------- Invoking toplevel() on ptolemy.moml.MoMLSimpleApplication@693517ad
----------------- Done invoking toplevel() on ptolemy.moml.MoMLSimpleApplication@693517ad
reloadAllAccessors: .BusActors

===========================================================================================
----------------- testing Fri Jun 22 01:21:57 UTC 2018 /home/travis/build/icyphy/ptII/ptolemy/actor/lib/test/auto/ClassWrapper.xml
----------------- Instantiating /home/travis/build/icyphy/ptII/ptolemy/actor/lib/test/auto/ClassWrapper.xml
2 ms. Memory: 879616K Free: 470564K (53%)
----------------- Invoking toplevel() on ptolemy.moml.MoMLSimpleApplication@308429df
----------------- Done invoking toplevel() on ptolemy.moml.MoMLSimpleApplication@308429df
reloadAllAccessors: .ClassWrapper

===========================================================================================
----------------- testing Fri Jun 22 01:21:57 UTC 2018 /home/travis/build/icyphy/ptII/ptolemy/actor/lib/test/auto/Clock.xml
----------------- Instantiating /home/travis/build/icyphy/ptII/ptolemy/actor/lib/test/auto/Clock.xml
1 ms. Memory: 879616K Free: 449373K (51%)
----------------- Invoking toplevel() on ptolemy.moml.MoMLSimpleApplication@79e6b110
----------------- Done invoking toplevel() on ptolemy.moml.MoMLSimpleApplication@79e6b110
reloadAllAccessors: .Clock

===========================================================================================
----------------- testing Fri Jun 22 01:21:57 UTC 2018 /home/travis/build/icyphy/ptII/ptolemy/actor/lib/test/auto/Clock10.xml
----------------- Instantiating /home/travis/build/icyphy/ptII/ptolemy/actor/lib/test/auto/Clock10.xml
5 ms. Memory: 879616K Free: 438942K (50%)
----------------- Invoking toplevel() on ptolemy.moml.MoMLSimpleApplication@715bf700
----------------- Done invoking toplevel() on ptolemy.moml.MoMLSimpleApplication@715bf700
reloadAllAccessors: .Clock10

===========================================================================================
----------------- testing Fri Jun 22 01:21:57 UTC 2018 /home/travis/build/icyphy/ptII/ptolemy/actor/lib/test/auto/Clock11.xml
----------------- Instantiating /home/travis/build/icyphy/ptII/ptolemy/actor/lib/test/auto/Clock11.xml
5 ms. Memory: 879616K Free: 428511K (49%)
----------------- Invoking toplevel() on ptolemy.moml.MoMLSimpleApplication@9edde11
----------------- Done invoking toplevel() on ptolemy.moml.MoMLSimpleApplication@9edde11
reloadAllAccessors: .Clock11

===========================================================================================
----------------- testing Fri Jun 22 01:21:57 UTC 2018 /home/travis/build/icyphy/ptII/ptolemy/actor/lib/test/auto/Clock12.xml
----------------- Instantiating /home/travis/build/icyphy/ptII/ptolemy/actor/lib/test/auto/Clock12.xml
4 ms. Memory: 879616K Free: 418079K (48%)
----------------- Invoking toplevel() on ptolemy.moml.MoMLSimpleApplication@d14e8b6
----------------- Done invoking toplevel() on ptolemy.moml.MoMLSimpleApplication@d14e8b6
reloadAllAccessors: .Clock12

===========================================================================================
----------------- testing Fri Jun 22 01:21:57 UTC 2018 /home/travis/build/icyphy/ptII/ptolemy/actor/lib/test/auto/Clock13.xml
----------------- Instantiating /home/travis/build/icyphy/ptII/ptolemy/actor/lib/test/auto/Clock13.xml
2 ms. Memory: 879616K Free: 407648K (46%)
----------------- Invoking toplevel() on ptolemy.moml.MoMLSimpleApplication@6ed2fe98
----------------- Done invoking toplevel() on ptolemy.moml.MoMLSimpleApplication@6ed2fe98
reloadAllAccessors: .Clock13

===========================================================================================
----------------- testing Fri Jun 22 01:21:58 UTC 2018 /home/travis/build/icyphy/ptII/ptolemy/actor/lib/test/auto/Clock14.xml
----------------- Instantiating /home/travis/build/icyphy/ptII/ptolemy/actor/lib/test/auto/Clock14.xml
3 ms. Memory: 879616K Free: 386457K (44%)
----------------- Invoking toplevel() on ptolemy.moml.MoMLSimpleApplication@15f4ca5e
----------------- Done invoking toplevel() on ptolemy.moml.MoMLSimpleApplication@15f4ca5e
reloadAllAccessors: .Clock14

===========================================================================================
----------------- testing Fri Jun 22 01:21:58 UTC 2018 /home/travis/build/icyphy/ptII/ptolemy/actor/lib/test/auto/Clock15.xml
----------------- Instantiating /home/travis/build/icyphy/ptII/ptolemy/actor/lib/test/auto/Clock15.xml
6 ms. Memory: 879616K Free: 376026K (43%)
----------------- Invoking toplevel() on ptolemy.moml.MoMLSimpleApplication@5d030e26
----------------- Done invoking toplevel() on ptolemy.moml.MoMLSimpleApplication@5d030e26
reloadAllAccessors: .Clock15

===========================================================================================
----------------- testing Fri Jun 22 01:21:58 UTC 2018 /home/travis/build/icyphy/ptII/ptolemy/actor/lib/test/auto/Clock16.xml
----------------- Instantiating /home/travis/build/icyphy/ptII/ptolemy/actor/lib/test/auto/Clock16.xml
23 ms. Memory: 879616K Free: 355146K (40%)
----------------- Invoking toplevel() on ptolemy.moml.MoMLSimpleApplication@766e7e4
----------------- Done invoking toplevel() on ptolemy.moml.MoMLSimpleApplication@766e7e4
reloadAllAccessors: .Clock16

===========================================================================================
----------------- testing Fri Jun 22 01:21:58 UTC 2018 /home/travis/build/icyphy/ptII/ptolemy/actor/lib/test/auto/Clock17.xml
----------------- Instantiating /home/travis/build/icyphy/ptII/ptolemy/actor/lib/test/auto/Clock17.xml
12 ms. Memory: 879616K Free: 339484K (39%)
----------------- Invoking toplevel() on ptolemy.moml.MoMLSimpleApplication@9a1779e
----------------- Done invoking toplevel() on ptolemy.moml.MoMLSimpleApplication@9a1779e
reloadAllAccessors: .Clock17

===========================================================================================
----------------- testing Fri Jun 22 01:21:58 UTC 2018 /home/travis/build/icyphy/ptII/ptolemy/actor/lib/test/auto/Clock18.xml
----------------- Instantiating /home/travis/build/icyphy/ptII/ptolemy/actor/lib/test/auto/Clock18.xml
9 ms. Memory: 879616K Free: 313061K (36%)
----------------- Invoking toplevel() on ptolemy.moml.MoMLSimpleApplication@621ff7d9
----------------- Done invoking toplevel() on ptolemy.moml.MoMLSimpleApplication@621ff7d9
reloadAllAccessors: .Clock18

===========================================================================================
----------------- testing Fri Jun 22 01:21:58 UTC 2018 /home/travis/build/icyphy/ptII/ptolemy/actor/lib/test/auto/Clock19.xml
----------------- Instantiating /home/travis/build/icyphy/ptII/ptolemy/actor/lib/test/auto/Clock19.xml
12 ms. Memory: 879616K Free: 297414K (34%)
----------------- Invoking toplevel() on ptolemy.moml.MoMLSimpleApplication@36bac370
----------------- Done invoking toplevel() on ptolemy.moml.MoMLSimpleApplication@36bac370
reloadAllAccessors: .Clock19

===========================================================================================
----------------- testing Fri Jun 22 01:21:58 UTC 2018 /home/travis/build/icyphy/ptII/ptolemy/actor/lib/test/auto/Clock2.xml
----------------- Instantiating /home/travis/build/icyphy/ptII/ptolemy/actor/lib/test/auto/Clock2.xml
2 ms. Memory: 879616K Free: 286983K (33%)
----------------- Invoking toplevel() on ptolemy.moml.MoMLSimpleApplication@2c29bfb6
----------------- Done invoking toplevel() on ptolemy.moml.MoMLSimpleApplication@2c29bfb6
reloadAllAccessors: .Clock2

===========================================================================================
----------------- testing Fri Jun 22 01:21:58 UTC 2018 /home/travis/build/icyphy/ptII/ptolemy/actor/lib/test/auto/Clock20.xml
----------------- Instantiating /home/travis/build/icyphy/ptII/ptolemy/actor/lib/test/auto/Clock20.xml
3 ms. Memory: 879616K Free: 276552K (31%)
----------------- Invoking toplevel() on ptolemy.moml.MoMLSimpleApplication@1a3ead18
----------------- Done invoking toplevel() on ptolemy.moml.MoMLSimpleApplication@1a3ead18
reloadAllAccessors: .Clock20

===========================================================================================
----------------- testing Fri Jun 22 01:21:58 UTC 2018 /home/travis/build/icyphy/ptII/ptolemy/actor/lib/test/auto/Clock21.xml
----------------- Instantiating /home/travis/build/icyphy/ptII/ptolemy/actor/lib/test/auto/Clock21.xml
3 ms. Memory: 879616K Free: 266120K (30%)
----------------- Invoking toplevel() on ptolemy.moml.MoMLSimpleApplication@4193ed26
----------------- Done invoking toplevel() on ptolemy.moml.MoMLSimpleApplication@4193ed26
reloadAllAccessors: .Clock21

===========================================================================================
----------------- testing Fri Jun 22 01:21:58 UTC 2018 /home/travis/build/icyphy/ptII/ptolemy/actor/lib/test/auto/Clock22.xml
----------------- Instantiating /home/travis/build/icyphy/ptII/ptolemy/actor/lib/test/auto/Clock22.xml
2 ms. Memory: 879616K Free: 244929K (28%)
----------------- Invoking toplevel() on ptolemy.moml.MoMLSimpleApplication@da5799f
----------------- Done invoking toplevel() on ptolemy.moml.MoMLSimpleApplication@da5799f
reloadAllAccessors: .Clock22

===========================================================================================
----------------- testing Fri Jun 22 01:21:58 UTC 2018 /home/travis/build/icyphy/ptII/ptolemy/actor/lib/test/auto/Clock23.xml
----------------- Instantiating /home/travis/build/icyphy/ptII/ptolemy/actor/lib/test/auto/Clock23.xml
5 ms. Memory: 879616K Free: 234498K (27%)
----------------- Invoking toplevel() on ptolemy.moml.MoMLSimpleApplication@49baf942
----------------- Done invoking toplevel() on ptolemy.moml.MoMLSimpleApplication@49baf942
reloadAllAccessors: .Clock23

===========================================================================================
----------------- testing Fri Jun 22 01:21:58 UTC 2018 /home/travis/build/icyphy/ptII/ptolemy/actor/lib/test/auto/Clock24.xml
----------------- Instantiating /home/travis/build/icyphy/ptII/ptolemy/actor/lib/test/auto/Clock24.xml
5 ms. Memory: 879616K Free: 224067K (25%)
----------------- Invoking toplevel() on ptolemy.moml.MoMLSimpleApplication@6475c01d
----------------- Done invoking toplevel() on ptolemy.moml.MoMLSimpleApplication@6475c01d
reloadAllAccessors: .Clock24

===========================================================================================
----------------- testing Fri Jun 22 01:21:58 UTC 2018 /home/travis/build/icyphy/ptII/ptolemy/actor/lib/test/auto/Clock4.xml
----------------- Instantiating /home/travis/build/icyphy/ptII/ptolemy/actor/lib/test/auto/Clock4.xml
3 ms. Memory: 879616K Free: 213635K (24%)
----------------- Invoking toplevel() on ptolemy.moml.MoMLSimpleApplication@51c07920
----------------- Done invoking toplevel() on ptolemy.moml.MoMLSimpleApplication@51c07920
reloadAllAccessors: .Clock4

===========================================================================================
----------------- testing Fri Jun 22 01:21:58 UTC 2018 /home/travis/build/icyphy/ptII/ptolemy/actor/lib/test/auto/Clock5.xml
----------------- Instantiating /home/travis/build/icyphy/ptII/ptolemy/actor/lib/test/auto/Clock5.xml
2 ms. Memory: 879616K Free: 203204K (23%)
----------------- Invoking toplevel() on ptolemy.moml.MoMLSimpleApplication@77b11187
----------------- Done invoking toplevel() on ptolemy.moml.MoMLSimpleApplication@77b11187
reloadAllAccessors: .Clock5

===========================================================================================
----------------- testing Fri Jun 22 01:21:58 UTC 2018 /home/travis/build/icyphy/ptII/ptolemy/actor/lib/test/auto/Clock6.xml
----------------- Instantiating /home/travis/build/icyphy/ptII/ptolemy/actor/lib/test/auto/Clock6.xml
2 ms. Memory: 879616K Free: 182013K (21%)
----------------- Invoking toplevel() on ptolemy.moml.MoMLSimpleApplication@c295a7e
----------------- Done invoking toplevel() on ptolemy.moml.MoMLSimpleApplication@c295a7e
reloadAllAccessors: .Clock6

===========================================================================================
----------------- testing Fri Jun 22 01:21:58 UTC 2018 /home/travis/build/icyphy/ptII/ptolemy/actor/lib/test/auto/Clock7.xml
----------------- Instantiating /home/travis/build/icyphy/ptII/ptolemy/actor/lib/test/auto/Clock7.xml
3 ms. Memory: 879616K Free: 171582K (20%)
----------------- Invoking toplevel() on ptolemy.moml.MoMLSimpleApplication@78e3f703
----------------- Done invoking toplevel() on ptolemy.moml.MoMLSimpleApplication@78e3f703
reloadAllAccessors: .Clock7

===========================================================================================
----------------- testing Fri Jun 22 01:21:58 UTC 2018 /home/travis/build/icyphy/ptII/ptolemy/actor/lib/test/auto/Clock8.xml
----------------- Instantiating /home/travis/build/icyphy/ptII/ptolemy/actor/lib/test/auto/Clock8.xml
7 ms. Memory: 879616K Free: 161150K (18%)
----------------- Invoking toplevel() on ptolemy.moml.MoMLSimpleApplication@7b67df70
----------------- Done invoking toplevel() on ptolemy.moml.MoMLSimpleApplication@7b67df70
reloadAllAccessors: .Clock8

===========================================================================================
----------------- testing Fri Jun 22 01:21:58 UTC 2018 /home/travis/build/icyphy/ptII/ptolemy/actor/lib/test/auto/Clock9.xml
----------------- Instantiating /home/travis/build/icyphy/ptII/ptolemy/actor/lib/test/auto/Clock9.xml
3 ms. Memory: 879616K Free: 150719K (17%)
----------------- Invoking toplevel() on ptolemy.moml.MoMLSimpleApplication@40122e62
----------------- Done invoking toplevel() on ptolemy.moml.MoMLSimpleApplication@40122e62
reloadAllAccessors: .Clock9

===========================================================================================
----------------- testing Fri Jun 22 01:21:58 UTC 2018 /home/travis/build/icyphy/ptII/ptolemy/actor/lib/test/auto/CommDistDiscard.xml
----------------- Instantiating /home/travis/build/icyphy/ptII/ptolemy/actor/lib/test/auto/CommDistDiscard.xml
2 ms. Memory: 879616K Free: 140288K (16%)
----------------- Invoking toplevel() on ptolemy.moml.MoMLSimpleApplication@18bf2323
----------------- Done invoking toplevel() on ptolemy.moml.MoMLSimpleApplication@18bf2323
reloadAllAccessors: .CommDistDiscard

===========================================================================================
----------------- testing Fri Jun 22 01:21:58 UTC 2018 /home/travis/build/icyphy/ptII/ptolemy/actor/lib/test/auto/Commutator.xml
----------------- Instantiating /home/travis/build/icyphy/ptII/ptolemy/actor/lib/test/auto/Commutator.xml
2 ms. Memory: 879616K Free: 119096K (14%)
----------------- Invoking toplevel() on ptolemy.moml.MoMLSimpleApplication@42b73b52
----------------- Done invoking toplevel() on ptolemy.moml.MoMLSimpleApplication@42b73b52
reloadAllAccessors: .Commutator

===========================================================================================
----------------- testing Fri Jun 22 01:21:58 UTC 2018 /home/travis/build/icyphy/ptII/ptolemy/actor/lib/test/auto/Commutator2.xml
----------------- Instantiating /home/travis/build/icyphy/ptII/ptolemy/actor/lib/test/auto/Commutator2.xml
2 ms. Memory: 879616K Free: 108665K (12%)
----------------- Invoking toplevel() on ptolemy.moml.MoMLSimpleApplication@51471d6d
----------------- Done invoking toplevel() on ptolemy.moml.MoMLSimpleApplication@51471d6d
reloadAllAccessors: .Commutator2

===========================================================================================
----------------- testing Fri Jun 22 01:21:58 UTC 2018 /home/travis/build/icyphy/ptII/ptolemy/actor/lib/test/auto/Commutator3.xml
----------------- Instantiating /home/travis/build/icyphy/ptII/ptolemy/actor/lib/test/auto/Commutator3.xml
2 ms. Memory: 879616K Free: 98234K (11%)
----------------- Invoking toplevel() on ptolemy.moml.MoMLSimpleApplication@1c8736c
----------------- Done invoking toplevel() on ptolemy.moml.MoMLSimpleApplication@1c8736c
reloadAllAccessors: .Commutator3

===========================================================================================
----------------- testing Fri Jun 22 01:21:58 UTC 2018 /home/travis/build/icyphy/ptII/ptolemy/actor/lib/test/auto/Compare.xml
----------------- Instantiating /home/travis/build/icyphy/ptII/ptolemy/actor/lib/test/auto/Compare.xml
2 ms. Memory: 879616K Free: 87803K (10%)
----------------- Invoking toplevel() on ptolemy.moml.MoMLSimpleApplication@5c15d116
----------------- Done invoking toplevel() on ptolemy.moml.MoMLSimpleApplication@5c15d116
reloadAllAccessors: .Compare

===========================================================================================
----------------- testing Fri Jun 22 01:21:58 UTC 2018 /home/travis/build/icyphy/ptII/ptolemy/actor/lib/test/auto/CompareDE.xml
----------------- Instantiating /home/travis/build/icyphy/ptII/ptolemy/actor/lib/test/auto/CompareDE.xml
3 ms. Memory: 879616K Free: 66611K (8%)
----------------- Invoking toplevel() on ptolemy.moml.MoMLSimpleApplication@33b56aee
----------------- Done invoking toplevel() on ptolemy.moml.MoMLSimpleApplication@33b56aee
reloadAllAccessors: .CompareDE

===========================================================================================
----------------- testing Fri Jun 22 01:21:58 UTC 2018 /home/travis/build/icyphy/ptII/ptolemy/actor/lib/test/auto/ComplexDivide.xml
----------------- Instantiating /home/travis/build/icyphy/ptII/ptolemy/actor/lib/test/auto/ComplexDivide.xml
2 ms. Memory: 879616K Free: 58182K (7%)
----------------- Invoking toplevel() on ptolemy.moml.MoMLSimpleApplication@3a253df8
----------------- Done invoking toplevel() on ptolemy.moml.MoMLSimpleApplication@3a253df8
reloadAllAccessors: .ComplexDivide

===========================================================================================
----------------- testing Fri Jun 22 01:21:58 UTC 2018 /home/travis/build/icyphy/ptII/ptolemy/actor/lib/test/auto/ComputeHistogram.xml
----------------- Instantiating /home/travis/build/icyphy/ptII/ptolemy/actor/lib/test/auto/ComputeHistogram.xml
23 ms. Memory: 880640K Free: 826491K (94%)
----------------- Invoking toplevel() on ptolemy.moml.MoMLSimpleApplication@3f1f9f3e
----------------- Done invoking toplevel() on ptolemy.moml.MoMLSimpleApplication@3f1f9f3e
reloadAllAccessors: .ComputeHistogram

===========================================================================================
----------------- testing Fri Jun 22 01:21:58 UTC 2018 /home/travis/build/icyphy/ptII/ptolemy/actor/lib/test/auto/ConfigurationSelect.xml
----------------- Instantiating /home/travis/build/icyphy/ptII/ptolemy/actor/lib/test/auto/ConfigurationSelect.xml
2 ms. Memory: 880640K Free: 808200K (92%)
----------------- Invoking toplevel() on ptolemy.moml.MoMLSimpleApplication@338cc330
----------------- Done invoking toplevel() on ptolemy.moml.MoMLSimpleApplication@338cc330
reloadAllAccessors: .ConfigurationSelect

===========================================================================================
----------------- testing Fri Jun 22 01:21:58 UTC 2018 /home/travis/build/icyphy/ptII/ptolemy/actor/lib/test/auto/ConfigurationSelect2.xml
----------------- Instantiating /home/travis/build/icyphy/ptII/ptolemy/actor/lib/test/auto/ConfigurationSelect2.xml
2 ms. Memory: 880640K Free: 797769K (91%)
----------------- Invoking toplevel() on ptolemy.moml.MoMLSimpleApplication@be86c72
----------------- Done invoking toplevel() on ptolemy.moml.MoMLSimpleApplication@be86c72
reloadAllAccessors: .ConfigurationSelect2

===========================================================================================
----------------- testing Fri Jun 22 01:21:58 UTC 2018 /home/travis/build/icyphy/ptII/ptolemy/actor/lib/test/auto/ConfigurationSwitch.xml
----------------- Instantiating /home/travis/build/icyphy/ptII/ptolemy/actor/lib/test/auto/ConfigurationSwitch.xml
2 ms. Memory: 880640K Free: 787338K (89%)
----------------- Invoking toplevel() on ptolemy.moml.MoMLSimpleApplication@f045325
----------------- Done invoking toplevel() on ptolemy.moml.MoMLSimpleApplication@f045325
reloadAllAccessors: .ConfigurationSwitch

===========================================================================================
----------------- testing Fri Jun 22 01:21:58 UTC 2018 /home/travis/build/icyphy/ptII/ptolemy/actor/lib/test/auto/ConfigurationSwitch2.xml
----------------- Instantiating /home/travis/build/icyphy/ptII/ptolemy/actor/lib/test/auto/ConfigurationSwitch2.xml
2 ms. Memory: 880640K Free: 769048K (87%)
----------------- Invoking toplevel() on ptolemy.moml.MoMLSimpleApplication@14ae019f
----------------- Done invoking toplevel() on ptolemy.moml.MoMLSimpleApplication@14ae019f
reloadAllAccessors: .ConfigurationSwitch2

===========================================================================================
----------------- testing Fri Jun 22 01:21:58 UTC 2018 /home/travis/build/icyphy/ptII/ptolemy/actor/lib/test/auto/ConfigurationSwitchCloningBugWithClassRelationGroup.xml
----------------- Instantiating /home/travis/build/icyphy/ptII/ptolemy/actor/lib/test/auto/ConfigurationSwitchCloningBugWithClassRelationGroup.xml
1 ms. Memory: 880640K Free: 758616K (86%)
----------------- Invoking toplevel() on ptolemy.moml.MoMLSimpleApplication@625909d0
----------------- Done invoking toplevel() on ptolemy.moml.MoMLSimpleApplication@625909d0
reloadAllAccessors: .ConfigurationSwitchCloningBugWithClassRelationGroup

===========================================================================================
----------------- testing Fri Jun 22 01:21:58 UTC 2018 /home/travis/build/icyphy/ptII/ptolemy/actor/lib/test/auto/ConfigurationSwitchSelectSDF.xml
----------------- Instantiating /home/travis/build/icyphy/ptII/ptolemy/actor/lib/test/auto/ConfigurationSwitchSelectSDF.xml
2 ms. Memory: 880640K Free: 748185K (85%)
----------------- Invoking toplevel() on ptolemy.moml.MoMLSimpleApplication@39074968
----------------- Done invoking toplevel() on ptolemy.moml.MoMLSimpleApplication@39074968
reloadAllAccessors: .ConfigurationSwitchSelectSDF

===========================================================================================
----------------- testing Fri Jun 22 01:21:58 UTC 2018 /home/travis/build/icyphy/ptII/ptolemy/actor/lib/test/auto/ConfigurationSwitchSelectSDF2.xml
----------------- Instantiating /home/travis/build/icyphy/ptII/ptolemy/actor/lib/test/auto/ConfigurationSwitchSelectSDF2.xml
2 ms. Memory: 880640K Free: 729894K (83%)
----------------- Invoking toplevel() on ptolemy.moml.MoMLSimpleApplication@7960a41
----------------- Done invoking toplevel() on ptolemy.moml.MoMLSimpleApplication@7960a41
reloadAllAccessors: .ConfigurationSwitchSelectSDF2

===========================================================================================
----------------- testing Fri Jun 22 01:21:58 UTC 2018 /home/travis/build/icyphy/ptII/ptolemy/actor/lib/test/auto/Const.xml
----------------- Instantiating /home/travis/build/icyphy/ptII/ptolemy/actor/lib/test/auto/Const.xml
0 ms. Memory: 880640K Free: 719463K (82%)
----------------- Invoking toplevel() on ptolemy.moml.MoMLSimpleApplication@7c2032a
----------------- Done invoking toplevel() on ptolemy.moml.MoMLSimpleApplication@7c2032a
reloadAllAccessors: .Const

===========================================================================================
----------------- testing Fri Jun 22 01:21:58 UTC 2018 /home/travis/build/icyphy/ptII/ptolemy/actor/lib/test/auto/Const2.xml
----------------- Instantiating /home/travis/build/icyphy/ptII/ptolemy/actor/lib/test/auto/Const2.xml
1 ms. Memory: 880640K Free: 709032K (81%)
----------------- Invoking toplevel() on ptolemy.moml.MoMLSimpleApplication@f142dba
----------------- Done invoking toplevel() on ptolemy.moml.MoMLSimpleApplication@f142dba
reloadAllAccessors: .Const2

===========================================================================================
----------------- testing Fri Jun 22 01:21:58 UTC 2018 /home/travis/build/icyphy/ptII/ptolemy/actor/lib/test/auto/Const3.xml
----------------- Instantiating /home/travis/build/icyphy/ptII/ptolemy/actor/lib/test/auto/Const3.xml
1 ms. Memory: 880640K Free: 698601K (79%)
----------------- Invoking toplevel() on ptolemy.moml.MoMLSimpleApplication@675795e5
----------------- Done invoking toplevel() on ptolemy.moml.MoMLSimpleApplication@675795e5
reloadAllAccessors: .Const3

===========================================================================================
----------------- testing Fri Jun 22 01:21:58 UTC 2018 /home/travis/build/icyphy/ptII/ptolemy/actor/lib/test/auto/ConstantPublisherPort1.xml
----------------- Instantiating /home/travis/build/icyphy/ptII/ptolemy/actor/lib/test/auto/ConstantPublisherPort1.xml
5 ms. Memory: 880640K Free: 675078K (77%)
----------------- Invoking toplevel() on ptolemy.moml.MoMLSimpleApplication@edcbca
----------------- Done invoking toplevel() on ptolemy.moml.MoMLSimpleApplication@edcbca
reloadAllAccessors: .ConstantPublisherPort1

===========================================================================================
----------------- testing Fri Jun 22 01:21:58 UTC 2018 /home/travis/build/icyphy/ptII/ptolemy/actor/lib/test/auto/ConstantPublisherPort2.xml
----------------- Instantiating /home/travis/build/icyphy/ptII/ptolemy/actor/lib/test/auto/ConstantPublisherPort2.xml
3 ms. Memory: 880640K Free: 659432K (75%)
----------------- Invoking toplevel() on ptolemy.moml.MoMLSimpleApplication@18050d6f
----------------- Done invoking toplevel() on ptolemy.moml.MoMLSimpleApplication@18050d6f
reloadAllAccessors: .ConstantPublisherPort2

===========================================================================================
----------------- testing Fri Jun 22 01:21:58 UTC 2018 /home/travis/build/icyphy/ptII/ptolemy/actor/lib/test/auto/ConstantPublisherPort3.xml
----------------- Instantiating /home/travis/build/icyphy/ptII/ptolemy/actor/lib/test/auto/ConstantPublisherPort3.xml
4 ms. Memory: 880640K Free: 643785K (73%)
----------------- Invoking toplevel() on ptolemy.moml.MoMLSimpleApplication@4451d5dc
----------------- Done invoking toplevel() on ptolemy.moml.MoMLSimpleApplication@4451d5dc
reloadAllAccessors: .ConstantPublisherPort3

===========================================================================================
----------------- testing Fri Jun 22 01:21:58 UTC 2018 /home/travis/build/icyphy/ptII/ptolemy/actor/lib/test/auto/ConstantPublisherPort4.xml
----------------- Instantiating /home/travis/build/icyphy/ptII/ptolemy/actor/lib/test/auto/ConstantPublisherPort4.xml
3 ms. Memory: 880640K Free: 625494K (71%)
----------------- Invoking toplevel() on ptolemy.moml.MoMLSimpleApplication@2e5d1f88
----------------- Done invoking toplevel() on ptolemy.moml.MoMLSimpleApplication@2e5d1f88
reloadAllAccessors: .ConstantPublisherPort4

===========================================================================================
----------------- testing Fri Jun 22 01:21:59 UTC 2018 /home/travis/build/icyphy/ptII/ptolemy/actor/lib/test/auto/ConstantPublisherPort5.xml
----------------- Instantiating /home/travis/build/icyphy/ptII/ptolemy/actor/lib/test/auto/ConstantPublisherPort5.xml
15 ms. Memory: 880640K Free: 599400K (68%)
----------------- Invoking toplevel() on ptolemy.moml.MoMLSimpleApplication@3c6aa024
----------------- Done invoking toplevel() on ptolemy.moml.MoMLSimpleApplication@3c6aa024
reloadAllAccessors: .ConstantPublisherPort5

===========================================================================================
----------------- testing Fri Jun 22 01:21:59 UTC 2018 /home/travis/build/icyphy/ptII/ptolemy/actor/lib/test/auto/ConstantPublisherPort6.xml
----------------- Instantiating /home/travis/build/icyphy/ptII/ptolemy/actor/lib/test/auto/ConstantPublisherPort6.xml
14 ms. Memory: 880640K Free: 573322K (65%)
----------------- Invoking toplevel() on ptolemy.moml.MoMLSimpleApplication@2481c133
----------------- Done invoking toplevel() on ptolemy.moml.MoMLSimpleApplication@2481c133
reloadAllAccessors: .ConstantPublisherPort6

===========================================================================================
----------------- testing Fri Jun 22 01:21:59 UTC 2018 /home/travis/build/icyphy/ptII/ptolemy/actor/lib/test/auto/ConstantPublisherPort7.xml
----------------- Instantiating /home/travis/build/icyphy/ptII/ptolemy/actor/lib/test/auto/ConstantPublisherPort7.xml
14 ms. Memory: 880640K Free: 547244K (62%)
----------------- Invoking toplevel() on ptolemy.moml.MoMLSimpleApplication@13600322
----------------- Done invoking toplevel() on ptolemy.moml.MoMLSimpleApplication@13600322
reloadAllAccessors: .ConstantPublisherPort7

===========================================================================================
----------------- testing Fri Jun 22 01:21:59 UTC 2018 /home/travis/build/icyphy/ptII/ptolemy/actor/lib/test/auto/ConstraintMonitor1.xml
----------------- Instantiating /home/travis/build/icyphy/ptII/ptolemy/actor/lib/test/auto/ConstraintMonitor1.xml
9 ms. Memory: 880640K Free: 528953K (60%)
----------------- Invoking toplevel() on ptolemy.moml.MoMLSimpleApplication@1d648d13
----------------- Done invoking toplevel() on ptolemy.moml.MoMLSimpleApplication@1d648d13
reloadAllAccessors: .ConstraintMonitor1

===========================================================================================
----------------- testing Fri Jun 22 01:21:59 UTC 2018 /home/travis/build/icyphy/ptII/ptolemy/actor/lib/test/auto/ConstraintMonitor2.xml
----------------- Instantiating /home/travis/build/icyphy/ptII/ptolemy/actor/lib/test/auto/ConstraintMonitor2.xml
3 ms. Memory: 880640K Free: 518522K (59%)
----------------- Invoking toplevel() on ptolemy.moml.MoMLSimpleApplication@5a42c41b
----------------- Done invoking toplevel() on ptolemy.moml.MoMLSimpleApplication@5a42c41b
reloadAllAccessors: .ConstraintMonitor2

===========================================================================================
----------------- testing Fri Jun 22 01:21:59 UTC 2018 /home/travis/build/icyphy/ptII/ptolemy/actor/lib/test/auto/ConstraintMonitor3.xml
----------------- Instantiating /home/travis/build/icyphy/ptII/ptolemy/actor/lib/test/auto/ConstraintMonitor3.xml
1 ms. Memory: 880640K Free: 508091K (58%)
----------------- Invoking toplevel() on ptolemy.moml.MoMLSimpleApplication@62b20457
----------------- Done invoking toplevel() on ptolemy.moml.MoMLSimpleApplication@62b20457
reloadAllAccessors: .ConstraintMonitor3

===========================================================================================
----------------- testing Fri Jun 22 01:21:59 UTC 2018 /home/travis/build/icyphy/ptII/ptolemy/actor/lib/test/auto/ConstraintMonitor4.xml
----------------- Instantiating /home/travis/build/icyphy/ptII/ptolemy/actor/lib/test/auto/ConstraintMonitor4.xml
6 ms. Memory: 880640K Free: 489800K (56%)
----------------- Invoking toplevel() on ptolemy.moml.MoMLSimpleApplication@5a8c6d13
----------------- Done invoking toplevel() on ptolemy.moml.MoMLSimpleApplication@5a8c6d13
reloadAllAccessors: .ConstraintMonitor4

===========================================================================================
----------------- testing Fri Jun 22 01:21:59 UTC 2018 /home/travis/build/icyphy/ptII/ptolemy/actor/lib/test/auto/ConstraintMonitor5.xml
----------------- Instantiating /home/travis/build/icyphy/ptII/ptolemy/actor/lib/test/auto/ConstraintMonitor5.xml
5 ms. Memory: 880640K Free: 479369K (54%)
----------------- Invoking toplevel() on ptolemy.moml.MoMLSimpleApplication@7d38758d
----------------- Done invoking toplevel() on ptolemy.moml.MoMLSimpleApplication@7d38758d
reloadAllAccessors: .ConstraintMonitor5

===========================================================================================
----------------- testing Fri Jun 22 01:21:59 UTC 2018 /home/travis/build/icyphy/ptII/ptolemy/actor/lib/test/auto/ConstraintMonitor6.xml
----------------- Instantiating /home/travis/build/icyphy/ptII/ptolemy/actor/lib/test/auto/ConstraintMonitor6.xml
7 ms. Memory: 880640K Free: 468938K (53%)
----------------- Invoking toplevel() on ptolemy.moml.MoMLSimpleApplication@10d104c8
----------------- Done invoking toplevel() on ptolemy.moml.MoMLSimpleApplication@10d104c8
reloadAllAccessors: .ConstraintMonitor6

===========================================================================================
----------------- testing Fri Jun 22 01:21:59 UTC 2018 /home/travis/build/icyphy/ptII/ptolemy/actor/lib/test/auto/ConstraintMonitor7.xml
----------------- Instantiating /home/travis/build/icyphy/ptII/ptolemy/actor/lib/test/auto/ConstraintMonitor7.xml
3 ms. Memory: 880640K Free: 458506K (52%)
----------------- Invoking toplevel() on ptolemy.moml.MoMLSimpleApplication@18565f05
----------------- Done invoking toplevel() on ptolemy.moml.MoMLSimpleApplication@18565f05
reloadAllAccessors: .ConstraintMonitor7

===========================================================================================
----------------- testing Fri Jun 22 01:21:59 UTC 2018 /home/travis/build/icyphy/ptII/ptolemy/actor/lib/test/auto/ConstraintMonitor8.xml
----------------- Instantiating /home/travis/build/icyphy/ptII/ptolemy/actor/lib/test/auto/ConstraintMonitor8.xml
4 ms. Memory: 880640K Free: 440216K (50%)
----------------- Invoking toplevel() on ptolemy.moml.MoMLSimpleApplication@43a3270c
----------------- Done invoking toplevel() on ptolemy.moml.MoMLSimpleApplication@43a3270c
reloadAllAccessors: .ConstraintMonitor8

===========================================================================================
----------------- testing Fri Jun 22 01:21:59 UTC 2018 /home/travis/build/icyphy/ptII/ptolemy/actor/lib/test/auto/Counter.xml
----------------- Instantiating /home/travis/build/icyphy/ptII/ptolemy/actor/lib/test/auto/Counter.xml
2 ms. Memory: 880640K Free: 429785K (49%)
----------------- Invoking toplevel() on ptolemy.moml.MoMLSimpleApplication@6170e768
----------------- Done invoking toplevel() on ptolemy.moml.MoMLSimpleApplication@6170e768
reloadAllAccessors: .Counter

===========================================================================================
----------------- testing Fri Jun 22 01:21:59 UTC 2018 /home/travis/build/icyphy/ptII/ptolemy/actor/lib/test/auto/CurrentTimeSDF.xml
----------------- Instantiating /home/travis/build/icyphy/ptII/ptolemy/actor/lib/test/auto/CurrentTimeSDF.xml
1 ms. Memory: 880640K Free: 419353K (48%)
----------------- Invoking toplevel() on ptolemy.moml.MoMLSimpleApplication@2ada833c
----------------- Done invoking toplevel() on ptolemy.moml.MoMLSimpleApplication@2ada833c
reloadAllAccessors: .CurrentTimeSDF

===========================================================================================
----------------- testing Fri Jun 22 01:21:59 UTC 2018 /home/travis/build/icyphy/ptII/ptolemy/actor/lib/test/auto/DB.xml
----------------- Instantiating /home/travis/build/icyphy/ptII/ptolemy/actor/lib/test/auto/DB.xml
2 ms. Memory: 880640K Free: 401063K (46%)
----------------- Invoking toplevel() on ptolemy.moml.MoMLSimpleApplication@50510ec2
----------------- Done invoking toplevel() on ptolemy.moml.MoMLSimpleApplication@50510ec2
reloadAllAccessors: .DB

===========================================================================================
----------------- testing Fri Jun 22 01:21:59 UTC 2018 /home/travis/build/icyphy/ptII/ptolemy/actor/lib/test/auto/DBDE.xml
----------------- Instantiating /home/travis/build/icyphy/ptII/ptolemy/actor/lib/test/auto/DBDE.xml
3 ms. Memory: 880640K Free: 390632K (44%)
----------------- Invoking toplevel() on ptolemy.moml.MoMLSimpleApplication@94ca0f7
----------------- Done invoking toplevel() on ptolemy.moml.MoMLSimpleApplication@94ca0f7
reloadAllAccessors: .DBDE

===========================================================================================
----------------- testing Fri Jun 22 01:21:59 UTC 2018 /home/travis/build/icyphy/ptII/ptolemy/actor/lib/test/auto/DateConstructor.xml
----------------- Instantiating /home/travis/build/icyphy/ptII/ptolemy/actor/lib/test/auto/DateConstructor.xml
17 ms. Memory: 880640K Free: 369753K (42%)
----------------- Invoking toplevel() on ptolemy.moml.MoMLSimpleApplication@6baad9f2
----------------- Done invoking toplevel() on ptolemy.moml.MoMLSimpleApplication@6baad9f2
reloadAllAccessors: .DateConstructor

===========================================================================================
----------------- testing Fri Jun 22 01:21:59 UTC 2018 /home/travis/build/icyphy/ptII/ptolemy/actor/lib/test/auto/DelayTime.xml
----------------- Instantiating /home/travis/build/icyphy/ptII/ptolemy/actor/lib/test/auto/DelayTime.xml
3 ms. Memory: 880640K Free: 351463K (40%)
----------------- Invoking toplevel() on ptolemy.moml.MoMLSimpleApplication@724953f8
----------------- Done invoking toplevel() on ptolemy.moml.MoMLSimpleApplication@724953f8
reloadAllAccessors: .DelayTime

===========================================================================================
----------------- testing Fri Jun 22 01:21:59 UTC 2018 /home/travis/build/icyphy/ptII/ptolemy/actor/lib/test/auto/Dictionary1.xml
----------------- Instantiating /home/travis/build/icyphy/ptII/ptolemy/actor/lib/test/auto/Dictionary1.xml
2 ms. Memory: 880640K Free: 341031K (39%)
----------------- Invoking toplevel() on ptolemy.moml.MoMLSimpleApplication@69ee3e01
----------------- Done invoking toplevel() on ptolemy.moml.MoMLSimpleApplication@69ee3e01
reloadAllAccessors: .Dictionary1

===========================================================================================
----------------- testing Fri Jun 22 01:21:59 UTC 2018 /home/travis/build/icyphy/ptII/ptolemy/actor/lib/test/auto/Dictionary2.xml
----------------- Instantiating /home/travis/build/icyphy/ptII/ptolemy/actor/lib/test/auto/Dictionary2.xml
4 ms. Memory: 880640K Free: 330600K (38%)
----------------- Invoking toplevel() on ptolemy.moml.MoMLSimpleApplication@7531c096
----------------- Done invoking toplevel() on ptolemy.moml.MoMLSimpleApplication@7531c096
reloadAllAccessors: .Dictionary2

===========================================================================================
----------------- testing Fri Jun 22 01:21:59 UTC 2018 /home/travis/build/icyphy/ptII/ptolemy/actor/lib/test/auto/Dictionary3.xml
----------------- Instantiating /home/travis/build/icyphy/ptII/ptolemy/actor/lib/test/auto/Dictionary3.xml
1 ms. Memory: 880640K Free: 320169K (36%)
----------------- Invoking toplevel() on ptolemy.moml.MoMLSimpleApplication@9d98bc3
----------------- Done invoking toplevel() on ptolemy.moml.MoMLSimpleApplication@9d98bc3
reloadAllAccessors: .Dictionary3

===========================================================================================
----------------- testing Fri Jun 22 01:21:59 UTC 2018 /home/travis/build/icyphy/ptII/ptolemy/actor/lib/test/auto/Dictionary4.xml
----------------- Instantiating /home/travis/build/icyphy/ptII/ptolemy/actor/lib/test/auto/Dictionary4.xml
3 ms. Memory: 880640K Free: 301879K (34%)
----------------- Invoking toplevel() on ptolemy.moml.MoMLSimpleApplication@6ff6cf28
----------------- Done invoking toplevel() on ptolemy.moml.MoMLSimpleApplication@6ff6cf28
reloadAllAccessors: .Dictionary4

===========================================================================================
----------------- testing Fri Jun 22 01:21:59 UTC 2018 /home/travis/build/icyphy/ptII/ptolemy/actor/lib/test/auto/Differential.xml
----------------- Instantiating /home/travis/build/icyphy/ptII/ptolemy/actor/lib/test/auto/Differential.xml
3 ms. Memory: 880640K Free: 291447K (33%)
----------------- Invoking toplevel() on ptolemy.moml.MoMLSimpleApplication@23d155a3
----------------- Done invoking toplevel() on ptolemy.moml.MoMLSimpleApplication@23d155a3
reloadAllAccessors: .Differential

===========================================================================================
----------------- testing Fri Jun 22 01:21:59 UTC 2018 /home/travis/build/icyphy/ptII/ptolemy/actor/lib/test/auto/Director.xml
----------------- Instantiating /home/travis/build/icyphy/ptII/ptolemy/actor/lib/test/auto/Director.xml
3 ms. Memory: 880640K Free: 281016K (32%)
----------------- Invoking toplevel() on ptolemy.moml.MoMLSimpleApplication@56e7bd9
----------------- Done invoking toplevel() on ptolemy.moml.MoMLSimpleApplication@56e7bd9
reloadAllAccessors: .Director

===========================================================================================
----------------- testing Fri Jun 22 01:21:59 UTC 2018 /home/travis/build/icyphy/ptII/ptolemy/actor/lib/test/auto/DiscreteClock.xml
----------------- Instantiating /home/travis/build/icyphy/ptII/ptolemy/actor/lib/test/auto/DiscreteClock.xml
1 ms. Memory: 880640K Free: 262725K (30%)
----------------- Invoking toplevel() on ptolemy.moml.MoMLSimpleApplication@ec048b4
----------------- Done invoking toplevel() on ptolemy.moml.MoMLSimpleApplication@ec048b4
reloadAllAccessors: .DiscreteClock

===========================================================================================
----------------- testing Fri Jun 22 01:21:59 UTC 2018 /home/travis/build/icyphy/ptII/ptolemy/actor/lib/test/auto/DiscreteClock10.xml
----------------- Instantiating /home/travis/build/icyphy/ptII/ptolemy/actor/lib/test/auto/DiscreteClock10.xml
3 ms. Memory: 880640K Free: 252294K (29%)
----------------- Invoking toplevel() on ptolemy.moml.MoMLSimpleApplication@e879662
----------------- Done invoking toplevel() on ptolemy.moml.MoMLSimpleApplication@e879662
reloadAllAccessors: .DiscreteClock10

===========================================================================================
----------------- testing Fri Jun 22 01:21:59 UTC 2018 /home/travis/build/icyphy/ptII/ptolemy/actor/lib/test/auto/DiscreteClock11.xml
----------------- Instantiating /home/travis/build/icyphy/ptII/ptolemy/actor/lib/test/auto/DiscreteClock11.xml
2 ms. Memory: 880640K Free: 241863K (27%)
----------------- Invoking toplevel() on ptolemy.moml.MoMLSimpleApplication@51c1c0c6
----------------- Done invoking toplevel() on ptolemy.moml.MoMLSimpleApplication@51c1c0c6
reloadAllAccessors: .DiscreteClock11

===========================================================================================
----------------- testing Fri Jun 22 01:21:59 UTC 2018 /home/travis/build/icyphy/ptII/ptolemy/actor/lib/test/auto/DiscreteClock12.xml
----------------- Instantiating /home/travis/build/icyphy/ptII/ptolemy/actor/lib/test/auto/DiscreteClock12.xml
2 ms. Memory: 880640K Free: 231432K (26%)
----------------- Invoking toplevel() on ptolemy.moml.MoMLSimpleApplication@7b2f1f3a
----------------- Done invoking toplevel() on ptolemy.moml.MoMLSimpleApplication@7b2f1f3a
reloadAllAccessors: .DiscreteClock12

===========================================================================================
----------------- testing Fri Jun 22 01:21:59 UTC 2018 /home/travis/build/icyphy/ptII/ptolemy/actor/lib/test/auto/DiscreteClock13.xml
----------------- Instantiating /home/travis/build/icyphy/ptII/ptolemy/actor/lib/test/auto/DiscreteClock13.xml
7 ms. Memory: 880640K Free: 213141K (24%)
----------------- Invoking toplevel() on ptolemy.moml.MoMLSimpleApplication@1df24073
----------------- Done invoking toplevel() on ptolemy.moml.MoMLSimpleApplication@1df24073
reloadAllAccessors: .DiscreteClock13

===========================================================================================
----------------- testing Fri Jun 22 01:21:59 UTC 2018 /home/travis/build/icyphy/ptII/ptolemy/actor/lib/test/auto/DiscreteClock14.xml
----------------- Instantiating /home/travis/build/icyphy/ptII/ptolemy/actor/lib/test/auto/DiscreteClock14.xml
7 ms. Memory: 880640K Free: 202710K (23%)
----------------- Invoking toplevel() on ptolemy.moml.MoMLSimpleApplication@4796a34e
----------------- Done invoking toplevel() on ptolemy.moml.MoMLSimpleApplication@4796a34e
reloadAllAccessors: .DiscreteClock14

===========================================================================================
----------------- testing Fri Jun 22 01:21:59 UTC 2018 /home/travis/build/icyphy/ptII/ptolemy/actor/lib/test/auto/DiscreteClock15.xml
----------------- Instantiating /home/travis/build/icyphy/ptII/ptolemy/actor/lib/test/auto/DiscreteClock15.xml
6 ms. Memory: 880640K Free: 192279K (22%)
----------------- Invoking toplevel() on ptolemy.moml.MoMLSimpleApplication@5722cd23
----------------- Done invoking toplevel() on ptolemy.moml.MoMLSimpleApplication@5722cd23
reloadAllAccessors: .DiscreteClock15

===========================================================================================
----------------- testing Fri Jun 22 01:21:59 UTC 2018 /home/travis/build/icyphy/ptII/ptolemy/actor/lib/test/auto/DiscreteClock16.xml
----------------- Instantiating /home/travis/build/icyphy/ptII/ptolemy/actor/lib/test/auto/DiscreteClock16.xml
464 ms. Memory: 1366528K Free: 1324580K (97%)
----------------- Invoking toplevel() on ptolemy.moml.MoMLSimpleApplication@f845e7a
----------------- Done invoking toplevel() on ptolemy.moml.MoMLSimpleApplication@f845e7a
reloadAllAccessors: .DiscreteClock16

===========================================================================================
----------------- testing Fri Jun 22 01:22:00 UTC 2018 /home/travis/build/icyphy/ptII/ptolemy/actor/lib/test/auto/DiscreteClock17.xml
----------------- Instantiating /home/travis/build/icyphy/ptII/ptolemy/actor/lib/test/auto/DiscreteClock17.xml
11 ms. Memory: 1366528K Free: 1277564K (93%)
----------------- Invoking toplevel() on ptolemy.moml.MoMLSimpleApplication@6658412b
----------------- Done invoking toplevel() on ptolemy.moml.MoMLSimpleApplication@6658412b
reloadAllAccessors: .DiscreteClock17

===========================================================================================
----------------- testing Fri Jun 22 01:22:00 UTC 2018 /home/travis/build/icyphy/ptII/ptolemy/actor/lib/test/auto/DiscreteClock18.xml
----------------- Instantiating /home/travis/build/icyphy/ptII/ptolemy/actor/lib/test/auto/DiscreteClock18.xml
12 ms. Memory: 1366528K Free: 1252511K (92%)
----------------- Invoking toplevel() on ptolemy.moml.MoMLSimpleApplication@2ee07097
----------------- Done invoking toplevel() on ptolemy.moml.MoMLSimpleApplication@2ee07097
reloadAllAccessors: .DiscreteClock18

===========================================================================================
----------------- testing Fri Jun 22 01:22:00 UTC 2018 /home/travis/build/icyphy/ptII/ptolemy/actor/lib/test/auto/DiscreteClock19.xml
----------------- Instantiating /home/travis/build/icyphy/ptII/ptolemy/actor/lib/test/auto/DiscreteClock19.xml
12 ms. Memory: 1366528K Free: 1227458K (90%)
----------------- Invoking toplevel() on ptolemy.moml.MoMLSimpleApplication@3862f74e
----------------- Done invoking toplevel() on ptolemy.moml.MoMLSimpleApplication@3862f74e
reloadAllAccessors: .DiscreteClock19

===========================================================================================
----------------- testing Fri Jun 22 01:22:00 UTC 2018 /home/travis/build/icyphy/ptII/ptolemy/actor/lib/test/auto/DiscreteClock2.xml
----------------- Instantiating /home/travis/build/icyphy/ptII/ptolemy/actor/lib/test/auto/DiscreteClock2.xml
5 ms. Memory: 1366528K Free: 1210767K (89%)
----------------- Invoking toplevel() on ptolemy.moml.MoMLSimpleApplication@dfd2303
----------------- Done invoking toplevel() on ptolemy.moml.MoMLSimpleApplication@dfd2303
reloadAllAccessors: .DiscreteClock2

===========================================================================================
----------------- testing Fri Jun 22 01:22:00 UTC 2018 /home/travis/build/icyphy/ptII/ptolemy/actor/lib/test/auto/DiscreteClock20.xml
----------------- Instantiating /home/travis/build/icyphy/ptII/ptolemy/actor/lib/test/auto/DiscreteClock20.xml
6 ms. Memory: 1366528K Free: 1184512K (87%)
----------------- Invoking toplevel() on ptolemy.moml.MoMLSimpleApplication@75c0f50
----------------- Done invoking toplevel() on ptolemy.moml.MoMLSimpleApplication@75c0f50
reloadAllAccessors: .DiscreteClock20

===========================================================================================
----------------- testing Fri Jun 22 01:22:00 UTC 2018 /home/travis/build/icyphy/ptII/ptolemy/actor/lib/test/auto/DiscreteClock21.xml
----------------- Instantiating /home/travis/build/icyphy/ptII/ptolemy/actor/lib/test/auto/DiscreteClock21.xml
7 ms. Memory: 1366528K Free: 1167821K (85%)
----------------- Invoking toplevel() on ptolemy.moml.MoMLSimpleApplication@357e7cf1
----------------- Done invoking toplevel() on ptolemy.moml.MoMLSimpleApplication@357e7cf1
reloadAllAccessors: .DiscreteClock21

===========================================================================================
----------------- testing Fri Jun 22 01:22:00 UTC 2018 /home/travis/build/icyphy/ptII/ptolemy/actor/lib/test/auto/DiscreteClock22.xml
----------------- Instantiating /home/travis/build/icyphy/ptII/ptolemy/actor/lib/test/auto/DiscreteClock22.xml
6 ms. Memory: 1366528K Free: 1151129K (84%)
----------------- Invoking toplevel() on ptolemy.moml.MoMLSimpleApplication@31ec80b8
----------------- Done invoking toplevel() on ptolemy.moml.MoMLSimpleApplication@31ec80b8
reloadAllAccessors: .DiscreteClock22

===========================================================================================
----------------- testing Fri Jun 22 01:22:00 UTC 2018 /home/travis/build/icyphy/ptII/ptolemy/actor/lib/test/auto/DiscreteClock23.xml
----------------- Instantiating /home/travis/build/icyphy/ptII/ptolemy/actor/lib/test/auto/DiscreteClock23.xml
6 ms. Memory: 1366528K Free: 1134438K (83%)
----------------- Invoking toplevel() on ptolemy.moml.MoMLSimpleApplication@612d648e
----------------- Done invoking toplevel() on ptolemy.moml.MoMLSimpleApplication@612d648e
reloadAllAccessors: .DiscreteClock23

===========================================================================================
----------------- testing Fri Jun 22 01:22:00 UTC 2018 /home/travis/build/icyphy/ptII/ptolemy/actor/lib/test/auto/DiscreteClock24.xml
----------------- Instantiating /home/travis/build/icyphy/ptII/ptolemy/actor/lib/test/auto/DiscreteClock24.xml
6 ms. Memory: 1366528K Free: 1108183K (81%)
----------------- Invoking toplevel() on ptolemy.moml.MoMLSimpleApplication@5c2bea42
----------------- Done invoking toplevel() on ptolemy.moml.MoMLSimpleApplication@5c2bea42
reloadAllAccessors: .DiscreteClock24

===========================================================================================
----------------- testing Fri Jun 22 01:22:00 UTC 2018 /home/travis/build/icyphy/ptII/ptolemy/actor/lib/test/auto/DiscreteClock4.xml
----------------- Instantiating /home/travis/build/icyphy/ptII/ptolemy/actor/lib/test/auto/DiscreteClock4.xml
1 ms. Memory: 1366528K Free: 1091491K (80%)
----------------- Invoking toplevel() on ptolemy.moml.MoMLSimpleApplication@2660467
----------------- Done invoking toplevel() on ptolemy.moml.MoMLSimpleApplication@2660467
reloadAllAccessors: .DiscreteClock4

===========================================================================================
----------------- testing Fri Jun 22 01:22:00 UTC 2018 /home/travis/build/icyphy/ptII/ptolemy/actor/lib/test/auto/DiscreteClock5.xml
----------------- Instantiating /home/travis/build/icyphy/ptII/ptolemy/actor/lib/test/auto/DiscreteClock5.xml
1 ms. Memory: 1366528K Free: 1074800K (79%)
----------------- Invoking toplevel() on ptolemy.moml.MoMLSimpleApplication@428b2ecb
----------------- Done invoking toplevel() on ptolemy.moml.MoMLSimpleApplication@428b2ecb
reloadAllAccessors: .DiscreteClock5

===========================================================================================
----------------- testing Fri Jun 22 01:22:00 UTC 2018 /home/travis/build/icyphy/ptII/ptolemy/actor/lib/test/auto/DiscreteClock6.xml
----------------- Instantiating /home/travis/build/icyphy/ptII/ptolemy/actor/lib/test/auto/DiscreteClock6.xml
1 ms. Memory: 1366528K Free: 1058109K (77%)
----------------- Invoking toplevel() on ptolemy.moml.MoMLSimpleApplication@718842fe
----------------- Done invoking toplevel() on ptolemy.moml.MoMLSimpleApplication@718842fe
reloadAllAccessors: .DiscreteClock6

===========================================================================================
----------------- testing Fri Jun 22 01:22:00 UTC 2018 /home/travis/build/icyphy/ptII/ptolemy/actor/lib/test/auto/DiscreteClock7.xml
----------------- Instantiating /home/travis/build/icyphy/ptII/ptolemy/actor/lib/test/auto/DiscreteClock7.xml
1 ms. Memory: 1366528K Free: 1031854K (76%)
----------------- Invoking toplevel() on ptolemy.moml.MoMLSimpleApplication@19e1f5b3
----------------- Done invoking toplevel() on ptolemy.moml.MoMLSimpleApplication@19e1f5b3
reloadAllAccessors: .DiscreteClock7

===========================================================================================
----------------- testing Fri Jun 22 01:22:00 UTC 2018 /home/travis/build/icyphy/ptII/ptolemy/actor/lib/test/auto/DiscreteClock8.xml
----------------- Instantiating /home/travis/build/icyphy/ptII/ptolemy/actor/lib/test/auto/DiscreteClock8.xml
6 ms. Memory: 1366528K Free: 1015162K (74%)
----------------- Invoking toplevel() on ptolemy.moml.MoMLSimpleApplication@502d69a
----------------- Done invoking toplevel() on ptolemy.moml.MoMLSimpleApplication@502d69a
reloadAllAccessors: .DiscreteClock8

===========================================================================================
----------------- testing Fri Jun 22 01:22:00 UTC 2018 /home/travis/build/icyphy/ptII/ptolemy/actor/lib/test/auto/DiscreteClock9.xml
----------------- Instantiating /home/travis/build/icyphy/ptII/ptolemy/actor/lib/test/auto/DiscreteClock9.xml
5 ms. Memory: 1366528K Free: 998471K (73%)
----------------- Invoking toplevel() on ptolemy.moml.MoMLSimpleApplication@28a6fcc0
----------------- Done invoking toplevel() on ptolemy.moml.MoMLSimpleApplication@28a6fcc0
reloadAllAccessors: .DiscreteClock9

===========================================================================================
----------------- testing Fri Jun 22 01:22:00 UTC 2018 /home/travis/build/icyphy/ptII/ptolemy/actor/lib/test/auto/DisplayArray.xml
----------------- Instantiating /home/travis/build/icyphy/ptII/ptolemy/actor/lib/test/auto/DisplayArray.xml
1 ms. Memory: 1366528K Free: 981780K (72%)
----------------- Invoking toplevel() on ptolemy.moml.MoMLSimpleApplication@382d06ce
----------------- Done invoking toplevel() on ptolemy.moml.MoMLSimpleApplication@382d06ce
reloadAllAccessors: .DisplayArray

===========================================================================================
----------------- testing Fri Jun 22 01:22:00 UTC 2018 /home/travis/build/icyphy/ptII/ptolemy/actor/lib/test/auto/Distributor.xml
----------------- Instantiating /home/travis/build/icyphy/ptII/ptolemy/actor/lib/test/auto/Distributor.xml
1 ms. Memory: 1366528K Free: 955524K (70%)
----------------- Invoking toplevel() on ptolemy.moml.MoMLSimpleApplication@3dd87aa3
----------------- Done invoking toplevel() on ptolemy.moml.MoMLSimpleApplication@3dd87aa3
reloadAllAccessors: .Distributor

===========================================================================================
----------------- testing Fri Jun 22 01:22:00 UTC 2018 /home/travis/build/icyphy/ptII/ptolemy/actor/lib/test/auto/Distributor2.xml
----------------- Instantiating /home/travis/build/icyphy/ptII/ptolemy/actor/lib/test/auto/Distributor2.xml
1 ms. Memory: 1366528K Free: 938833K (69%)
----------------- Invoking toplevel() on ptolemy.moml.MoMLSimpleApplication@77b32d50
----------------- Done invoking toplevel() on ptolemy.moml.MoMLSimpleApplication@77b32d50
reloadAllAccessors: .Distributor2

===========================================================================================
----------------- testing Fri Jun 22 01:22:00 UTC 2018 /home/travis/build/icyphy/ptII/ptolemy/actor/lib/test/auto/DownSample.xml
----------------- Instantiating /home/travis/build/icyphy/ptII/ptolemy/actor/lib/test/auto/DownSample.xml
1 ms. Memory: 1366528K Free: 922142K (67%)
----------------- Invoking toplevel() on ptolemy.moml.MoMLSimpleApplication@255a262f
----------------- Done invoking toplevel() on ptolemy.moml.MoMLSimpleApplication@255a262f
reloadAllAccessors: .DownSample

===========================================================================================
----------------- testing Fri Jun 22 01:22:00 UTC 2018 /home/travis/build/icyphy/ptII/ptolemy/actor/lib/test/auto/ElectronicUnitBase1.xml
----------------- Instantiating /home/travis/build/icyphy/ptII/ptolemy/actor/lib/test/auto/ElectronicUnitBase1.xml
19 ms. Memory: 1366528K Free: 897089K (66%)
----------------- Invoking toplevel() on ptolemy.moml.MoMLSimpleApplication@7c64f938
----------------- Done invoking toplevel() on ptolemy.moml.MoMLSimpleApplication@7c64f938
reloadAllAccessors: .ElectronicUnitBase1

===========================================================================================
----------------- testing Fri Jun 22 01:22:00 UTC 2018 /home/travis/build/icyphy/ptII/ptolemy/actor/lib/test/auto/ElementsToArray.xml
----------------- Instantiating /home/travis/build/icyphy/ptII/ptolemy/actor/lib/test/auto/ElementsToArray.xml
2 ms. Memory: 1366528K Free: 870834K (64%)
----------------- Invoking toplevel() on ptolemy.moml.MoMLSimpleApplication@244bdaa4
----------------- Done invoking toplevel() on ptolemy.moml.MoMLSimpleApplication@244bdaa4
reloadAllAccessors: .ElementsToArray

===========================================================================================
----------------- testing Fri Jun 22 01:22:00 UTC 2018 /home/travis/build/icyphy/ptII/ptolemy/actor/lib/test/auto/Equals.xml
----------------- Instantiating /home/travis/build/icyphy/ptII/ptolemy/actor/lib/test/auto/Equals.xml
1 ms. Memory: 1366528K Free: 854143K (63%)
----------------- Invoking toplevel() on ptolemy.moml.MoMLSimpleApplication@2cf6a3a2
----------------- Done invoking toplevel() on ptolemy.moml.MoMLSimpleApplication@2cf6a3a2
reloadAllAccessors: .Equals

===========================================================================================
----------------- testing Fri Jun 22 01:22:00 UTC 2018 /home/travis/build/icyphy/ptII/ptolemy/actor/lib/test/auto/Exec.xml
----------------- Instantiating /home/travis/build/icyphy/ptII/ptolemy/actor/lib/test/auto/Exec.xml
7 ms. Memory: 1366528K Free: 816587K (60%)
----------------- Invoking toplevel() on ptolemy.moml.MoMLSimpleApplication@2c863605
----------------- Done invoking toplevel() on ptolemy.moml.MoMLSimpleApplication@2c863605
reloadAllAccessors: .Exec

===========================================================================================
----------------- testing Fri Jun 22 01:22:00 UTC 2018 /home/travis/build/icyphy/ptII/ptolemy/actor/lib/test/auto/ExecEnvironment.xml
----------------- Instantiating /home/travis/build/icyphy/ptII/ptolemy/actor/lib/test/auto/ExecEnvironment.xml
27 ms. Memory: 1366528K Free: 791550K (58%)
----------------- Invoking toplevel() on ptolemy.moml.MoMLSimpleApplication@6776cfcd
----------------- Done invoking toplevel() on ptolemy.moml.MoMLSimpleApplication@6776cfcd
reloadAllAccessors: .ExecEnvironment

===========================================================================================
----------------- testing Fri Jun 22 01:22:00 UTC 2018 /home/travis/build/icyphy/ptII/ptolemy/actor/lib/test/auto/ExecNonZeroReturnOutput.xml
----------------- Instantiating /home/travis/build/icyphy/ptII/ptolemy/actor/lib/test/auto/ExecNonZeroReturnOutput.xml
117 ms. Memory: 1366528K Free: 656801K (48%)
----------------- Invoking toplevel() on ptolemy.moml.MoMLSimpleApplication@742e48e6
----------------- Done invoking toplevel() on ptolemy.moml.MoMLSimpleApplication@742e48e6
reloadAllAccessors: .ExecNonZeroReturnOutput

===========================================================================================
----------------- testing Fri Jun 22 01:22:00 UTC 2018 /home/travis/build/icyphy/ptII/ptolemy/actor/lib/test/auto/ExecRunDemos.xml
----------------- Instantiating /home/travis/build/icyphy/ptII/ptolemy/actor/lib/test/auto/ExecRunDemos.xml
Finished: 90 ms. Memory: 116224K Free: 100103K (86%)

Finished: 44 ms. Memory: 116224K Free: 96358K (83%)

Finished: 65 ms. Memory: 116224K Free: 96957K (83%)

Finished: 41 ms. Memory: 116224K Free: 98236K (85%)

Finished: 36 ms. Memory: 116224K Free: 99505K (86%)

9394 ms. Memory: 1366528K Free: 548291K (40%)
----------------- Invoking toplevel() on ptolemy.moml.MoMLSimpleApplication@7d16846a
----------------- Done invoking toplevel() on ptolemy.moml.MoMLSimpleApplication@7d16846a
reloadAllAccessors: .ExecRunDemos

===========================================================================================
----------------- testing Fri Jun 22 01:22:10 UTC 2018 /home/travis/build/icyphy/ptII/ptolemy/actor/lib/test/auto/ExecStop.xml
----------------- Instantiating /home/travis/build/icyphy/ptII/ptolemy/actor/lib/test/auto/ExecStop.xml
5013 ms. Memory: 1366528K Free: 314613K (23%)
----------------- Invoking toplevel() on ptolemy.moml.MoMLSimpleApplication@10a32b54
----------------- Done invoking toplevel() on ptolemy.moml.MoMLSimpleApplication@10a32b54
reloadAllAccessors: .ExecStop

===========================================================================================
----------------- testing Fri Jun 22 01:22:15 UTC 2018 /home/travis/build/icyphy/ptII/ptolemy/actor/lib/test/auto/ExecutionTimeSDF.xml
----------------- Instantiating /home/travis/build/icyphy/ptII/ptolemy/actor/lib/test/auto/ExecutionTimeSDF.xml
Fired ExecutionTime: -552567296
Fired ExecutionTime: 994000000
Fired ExecutionTime: -1697367296
6004 ms. Memory: 1366528K Free: 289560K (21%)
----------------- Invoking toplevel() on ptolemy.moml.MoMLSimpleApplication@239cd204
----------------- Done invoking toplevel() on ptolemy.moml.MoMLSimpleApplication@239cd204
reloadAllAccessors: .ExecutionTimeSDF

===========================================================================================
----------------- testing Fri Jun 22 01:22:21 UTC 2018 /home/travis/build/icyphy/ptII/ptolemy/actor/lib/test/auto/Expression1.xml
----------------- Instantiating /home/travis/build/icyphy/ptII/ptolemy/actor/lib/test/auto/Expression1.xml
2 ms. Memory: 1366528K Free: 263304K (19%)
----------------- Invoking toplevel() on ptolemy.moml.MoMLSimpleApplication@5ae54c33
----------------- Done invoking toplevel() on ptolemy.moml.MoMLSimpleApplication@5ae54c33
reloadAllAccessors: .Expression1

===========================================================================================
----------------- testing Fri Jun 22 01:22:21 UTC 2018 /home/travis/build/icyphy/ptII/ptolemy/actor/lib/test/auto/Expression10.xml
----------------- Instantiating /home/travis/build/icyphy/ptII/ptolemy/actor/lib/test/auto/Expression10.xml
7 ms. Memory: 1366528K Free: 246613K (18%)
----------------- Invoking toplevel() on ptolemy.moml.MoMLSimpleApplication@3132e764
----------------- Done invoking toplevel() on ptolemy.moml.MoMLSimpleApplication@3132e764
reloadAllAccessors: .Expression10

===========================================================================================
----------------- testing Fri Jun 22 01:22:21 UTC 2018 /home/travis/build/icyphy/ptII/ptolemy/actor/lib/test/auto/Expression11.xml
----------------- Instantiating /home/travis/build/icyphy/ptII/ptolemy/actor/lib/test/auto/Expression11.xml
3 ms. Memory: 1366528K Free: 229922K (17%)
----------------- Invoking toplevel() on ptolemy.moml.MoMLSimpleApplication@4da3a826
----------------- Done invoking toplevel() on ptolemy.moml.MoMLSimpleApplication@4da3a826
reloadAllAccessors: .Expression11

===========================================================================================
----------------- testing Fri Jun 22 01:22:21 UTC 2018 /home/travis/build/icyphy/ptII/ptolemy/actor/lib/test/auto/Expression12.xml
----------------- Instantiating /home/travis/build/icyphy/ptII/ptolemy/actor/lib/test/auto/Expression12.xml
6 ms. Memory: 1366528K Free: 213231K (16%)
----------------- Invoking toplevel() on ptolemy.moml.MoMLSimpleApplication@7617f4d5
----------------- Done invoking toplevel() on ptolemy.moml.MoMLSimpleApplication@7617f4d5
reloadAllAccessors: .Expression12

===========================================================================================
----------------- testing Fri Jun 22 01:22:21 UTC 2018 /home/travis/build/icyphy/ptII/ptolemy/actor/lib/test/auto/Expression13.xml
----------------- Instantiating /home/travis/build/icyphy/ptII/ptolemy/actor/lib/test/auto/Expression13.xml
3 ms. Memory: 1366528K Free: 186975K (14%)
----------------- Invoking toplevel() on ptolemy.moml.MoMLSimpleApplication@5d1e82bf
----------------- Done invoking toplevel() on ptolemy.moml.MoMLSimpleApplication@5d1e82bf
reloadAllAccessors: .Expression13

===========================================================================================
----------------- testing Fri Jun 22 01:22:21 UTC 2018 /home/travis/build/icyphy/ptII/ptolemy/actor/lib/test/auto/Expression14.xml
----------------- Instantiating /home/travis/build/icyphy/ptII/ptolemy/actor/lib/test/auto/Expression14.xml
3 ms. Memory: 1366528K Free: 170284K (12%)
----------------- Invoking toplevel() on ptolemy.moml.MoMLSimpleApplication@6d5fd081
----------------- Done invoking toplevel() on ptolemy.moml.MoMLSimpleApplication@6d5fd081
reloadAllAccessors: .Expression14

===========================================================================================
----------------- testing Fri Jun 22 01:22:21 UTC 2018 /home/travis/build/icyphy/ptII/ptolemy/actor/lib/test/auto/Expression15.xml
----------------- Instantiating /home/travis/build/icyphy/ptII/ptolemy/actor/lib/test/auto/Expression15.xml
3 ms. Memory: 1366528K Free: 145456K (11%)
----------------- Invoking toplevel() on ptolemy.moml.MoMLSimpleApplication@1d080399
----------------- Done invoking toplevel() on ptolemy.moml.MoMLSimpleApplication@1d080399
reloadAllAccessors: .Expression15

===========================================================================================
----------------- testing Fri Jun 22 01:22:21 UTC 2018 /home/travis/build/icyphy/ptII/ptolemy/actor/lib/test/auto/Expression16.xml
----------------- Instantiating /home/travis/build/icyphy/ptII/ptolemy/actor/lib/test/auto/Expression16.xml
3 ms. Memory: 1366528K Free: 128765K (9%)
----------------- Invoking toplevel() on ptolemy.moml.MoMLSimpleApplication@65a1cfc5
----------------- Done invoking toplevel() on ptolemy.moml.MoMLSimpleApplication@65a1cfc5
reloadAllAccessors: .Expression16

===========================================================================================
----------------- testing Fri Jun 22 01:22:21 UTC 2018 /home/travis/build/icyphy/ptII/ptolemy/actor/lib/test/auto/Expression17.xml
----------------- Instantiating /home/travis/build/icyphy/ptII/ptolemy/actor/lib/test/auto/Expression17.xml
3 ms. Memory: 1366528K Free: 102509K (8%)
----------------- Invoking toplevel() on ptolemy.moml.MoMLSimpleApplication@48c40688
----------------- Done invoking toplevel() on ptolemy.moml.MoMLSimpleApplication@48c40688
reloadAllAccessors: .Expression17

===========================================================================================
----------------- testing Fri Jun 22 01:22:21 UTC 2018 /home/travis/build/icyphy/ptII/ptolemy/actor/lib/test/auto/Expression18.xml
----------------- Instantiating /home/travis/build/icyphy/ptII/ptolemy/actor/lib/test/auto/Expression18.xml
4 ms. Memory: 1366528K Free: 85818K (6%)
----------------- Invoking toplevel() on ptolemy.moml.MoMLSimpleApplication@20c772c7
----------------- Done invoking toplevel() on ptolemy.moml.MoMLSimpleApplication@20c772c7
reloadAllAccessors: .Expression18

===========================================================================================
----------------- testing Fri Jun 22 01:22:21 UTC 2018 /home/travis/build/icyphy/ptII/ptolemy/actor/lib/test/auto/Expression2.xml
----------------- Instantiating /home/travis/build/icyphy/ptII/ptolemy/actor/lib/test/auto/Expression2.xml
9 ms. Memory: 1366528K Free: 1324028K (97%)
----------------- Invoking toplevel() on ptolemy.moml.MoMLSimpleApplication@150f1da8
----------------- Done invoking toplevel() on ptolemy.moml.MoMLSimpleApplication@150f1da8
reloadAllAccessors: .Expression2

===========================================================================================
----------------- testing Fri Jun 22 01:22:21 UTC 2018 /home/travis/build/icyphy/ptII/ptolemy/actor/lib/test/auto/Expression3.xml
----------------- Instantiating /home/travis/build/icyphy/ptII/ptolemy/actor/lib/test/auto/Expression3.xml
5 ms. Memory: 1366528K Free: 1303022K (95%)
----------------- Invoking toplevel() on ptolemy.moml.MoMLSimpleApplication@73e46b68
----------------- Done invoking toplevel() on ptolemy.moml.MoMLSimpleApplication@73e46b68
reloadAllAccessors: .Expression3

===========================================================================================
----------------- testing Fri Jun 22 01:22:21 UTC 2018 /home/travis/build/icyphy/ptII/ptolemy/actor/lib/test/auto/Expression4.xml
----------------- Instantiating /home/travis/build/icyphy/ptII/ptolemy/actor/lib/test/auto/Expression4.xml
5 ms. Memory: 1366528K Free: 1287992K (94%)
----------------- Invoking toplevel() on ptolemy.moml.MoMLSimpleApplication@47c6b9f0
----------------- Done invoking toplevel() on ptolemy.moml.MoMLSimpleApplication@47c6b9f0
reloadAllAccessors: .Expression4

===========================================================================================
----------------- testing Fri Jun 22 01:22:21 UTC 2018 /home/travis/build/icyphy/ptII/ptolemy/actor/lib/test/auto/Expression5.xml
----------------- Instantiating /home/travis/build/icyphy/ptII/ptolemy/actor/lib/test/auto/Expression5.xml
4 ms. Memory: 1366528K Free: 1277977K (94%)
----------------- Invoking toplevel() on ptolemy.moml.MoMLSimpleApplication@37e31b26
----------------- Done invoking toplevel() on ptolemy.moml.MoMLSimpleApplication@37e31b26
reloadAllAccessors: .Expression5

===========================================================================================
----------------- testing Fri Jun 22 01:22:21 UTC 2018 /home/travis/build/icyphy/ptII/ptolemy/actor/lib/test/auto/Expression6.xml
----------------- Instantiating /home/travis/build/icyphy/ptII/ptolemy/actor/lib/test/auto/Expression6.xml
2 ms. Memory: 1366528K Free: 1261143K (92%)
----------------- Invoking toplevel() on ptolemy.moml.MoMLSimpleApplication@54d0195b
----------------- Done invoking toplevel() on ptolemy.moml.MoMLSimpleApplication@54d0195b
reloadAllAccessors: .Expression6

===========================================================================================
----------------- testing Fri Jun 22 01:22:21 UTC 2018 /home/travis/build/icyphy/ptII/ptolemy/actor/lib/test/auto/Expression7.xml
----------------- Instantiating /home/travis/build/icyphy/ptII/ptolemy/actor/lib/test/auto/Expression7.xml
2 ms. Memory: 1366528K Free: 1251128K (92%)
----------------- Invoking toplevel() on ptolemy.moml.MoMLSimpleApplication@729853f6
----------------- Done invoking toplevel() on ptolemy.moml.MoMLSimpleApplication@729853f6
reloadAllAccessors: .Expression7

===========================================================================================
----------------- testing Fri Jun 22 01:22:21 UTC 2018 /home/travis/build/icyphy/ptII/ptolemy/actor/lib/test/auto/Expression8.xml
----------------- Instantiating /home/travis/build/icyphy/ptII/ptolemy/actor/lib/test/auto/Expression8.xml
6 ms. Memory: 1366528K Free: 1241113K (91%)
----------------- Invoking toplevel() on ptolemy.moml.MoMLSimpleApplication@2fd86090
----------------- Done invoking toplevel() on ptolemy.moml.MoMLSimpleApplication@2fd86090
reloadAllAccessors: .Expression8

===========================================================================================
----------------- testing Fri Jun 22 01:22:21 UTC 2018 /home/travis/build/icyphy/ptII/ptolemy/actor/lib/test/auto/Expression9.xml
----------------- Instantiating /home/travis/build/icyphy/ptII/ptolemy/actor/lib/test/auto/Expression9.xml
2 ms. Memory: 1366528K Free: 1224279K (90%)
----------------- Invoking toplevel() on ptolemy.moml.MoMLSimpleApplication@3725ed86
----------------- Done invoking toplevel() on ptolemy.moml.MoMLSimpleApplication@3725ed86
reloadAllAccessors: .Expression9

===========================================================================================
----------------- testing Fri Jun 22 01:22:21 UTC 2018 /home/travis/build/icyphy/ptII/ptolemy/actor/lib/test/auto/ExpressionConcatenateArrayType.xml
----------------- Instantiating /home/travis/build/icyphy/ptII/ptolemy/actor/lib/test/auto/ExpressionConcatenateArrayType.xml
3 ms. Memory: 1366528K Free: 1209241K (88%)
----------------- Invoking toplevel() on ptolemy.moml.MoMLSimpleApplication@6bcc175b
----------------- Done invoking toplevel() on ptolemy.moml.MoMLSimpleApplication@6bcc175b
reloadAllAccessors: .ExpressionConcatenateArrayType

===========================================================================================
----------------- testing Fri Jun 22 01:22:21 UTC 2018 /home/travis/build/icyphy/ptII/ptolemy/actor/lib/test/auto/ExpressionConcatenateArrayType2.xml
----------------- Instantiating /home/travis/build/icyphy/ptII/ptolemy/actor/lib/test/auto/ExpressionConcatenateArrayType2.xml
2 ms. Memory: 1366528K Free: 1199226K (88%)
----------------- Invoking toplevel() on ptolemy.moml.MoMLSimpleApplication@3330dd5e
----------------- Done invoking toplevel() on ptolemy.moml.MoMLSimpleApplication@3330dd5e
reloadAllAccessors: .ExpressionConcatenateArrayType2

===========================================================================================
----------------- testing Fri Jun 22 01:22:21 UTC 2018 /home/travis/build/icyphy/ptII/ptolemy/actor/lib/test/auto/ExpressionFix.xml
----------------- Instantiating /home/travis/build/icyphy/ptII/ptolemy/actor/lib/test/auto/ExpressionFix.xml
15 ms. Memory: 1366528K Free: 1182223K (87%)
----------------- Invoking toplevel() on ptolemy.moml.MoMLSimpleApplication@de0ff4f
----------------- Done invoking toplevel() on ptolemy.moml.MoMLSimpleApplication@de0ff4f
reloadAllAccessors: .ExpressionFix

===========================================================================================
----------------- testing Fri Jun 22 01:22:21 UTC 2018 /home/travis/build/icyphy/ptII/ptolemy/actor/lib/test/auto/ExpressionFix2.xml
----------------- Instantiating /home/travis/build/icyphy/ptII/ptolemy/actor/lib/test/auto/ExpressionFix2.xml
4 ms. Memory: 1366528K Free: 1172208K (86%)
----------------- Invoking toplevel() on ptolemy.moml.MoMLSimpleApplication@61ae41b1
----------------- Done invoking toplevel() on ptolemy.moml.MoMLSimpleApplication@61ae41b1
reloadAllAccessors: .ExpressionFix2

===========================================================================================
----------------- testing Fri Jun 22 01:22:21 UTC 2018 /home/travis/build/icyphy/ptII/ptolemy/actor/lib/test/auto/ExpressionFix3.xml
----------------- Instantiating /home/travis/build/icyphy/ptII/ptolemy/actor/lib/test/auto/ExpressionFix3.xml
3 ms. Memory: 1366528K Free: 1162194K (85%)
----------------- Invoking toplevel() on ptolemy.moml.MoMLSimpleApplication@5cfc77e1
----------------- Done invoking toplevel() on ptolemy.moml.MoMLSimpleApplication@5cfc77e1
reloadAllAccessors: .ExpressionFix3

===========================================================================================
----------------- testing Fri Jun 22 01:22:21 UTC 2018 /home/travis/build/icyphy/ptII/ptolemy/actor/lib/test/auto/FileWriter1.xml
----------------- Instantiating /home/travis/build/icyphy/ptII/ptolemy/actor/lib/test/auto/FileWriter1.xml
2 ms. Memory: 1366528K Free: 1145359K (84%)
----------------- Invoking toplevel() on ptolemy.moml.MoMLSimpleApplication@60243c6f
----------------- Done invoking toplevel() on ptolemy.moml.MoMLSimpleApplication@60243c6f
reloadAllAccessors: .FileWriter1

===========================================================================================
----------------- testing Fri Jun 22 01:22:21 UTC 2018 /home/travis/build/icyphy/ptII/ptolemy/actor/lib/test/auto/FileWriter2.xml
----------------- Instantiating /home/travis/build/icyphy/ptII/ptolemy/actor/lib/test/auto/FileWriter2.xml
5 ms. Memory: 1366528K Free: 1135345K (83%)
----------------- Invoking toplevel() on ptolemy.moml.MoMLSimpleApplication@7abbc786
----------------- Done invoking toplevel() on ptolemy.moml.MoMLSimpleApplication@7abbc786
reloadAllAccessors: .FileWriter2

===========================================================================================
----------------- testing Fri Jun 22 01:22:21 UTC 2018 /home/travis/build/icyphy/ptII/ptolemy/actor/lib/test/auto/FileWriter3.xml
----------------- Instantiating /home/travis/build/icyphy/ptII/ptolemy/actor/lib/test/auto/FileWriter3.xml
1 ms. Memory: 1366528K Free: 1125330K (82%)
----------------- Invoking toplevel() on ptolemy.moml.MoMLSimpleApplication@52ed7c31
----------------- Done invoking toplevel() on ptolemy.moml.MoMLSimpleApplication@52ed7c31
reloadAllAccessors: .FileWriter3

===========================================================================================
----------------- testing Fri Jun 22 01:22:21 UTC 2018 /home/travis/build/icyphy/ptII/ptolemy/actor/lib/test/auto/Gaussian.xml
----------------- Instantiating /home/travis/build/icyphy/ptII/ptolemy/actor/lib/test/auto/Gaussian.xml
1 ms. Memory: 1366528K Free: 1108496K (81%)
----------------- Invoking toplevel() on ptolemy.moml.MoMLSimpleApplication@2831368
----------------- Done invoking toplevel() on ptolemy.moml.MoMLSimpleApplication@2831368
reloadAllAccessors: .Gaussian

===========================================================================================
----------------- testing Fri Jun 22 01:22:21 UTC 2018 /home/travis/build/icyphy/ptII/ptolemy/actor/lib/test/auto/Gaussian1.xml
----------------- Instantiating /home/travis/build/icyphy/ptII/ptolemy/actor/lib/test/auto/Gaussian1.xml
9 ms. Memory: 1366528K Free: 1098481K (80%)
----------------- Invoking toplevel() on ptolemy.moml.MoMLSimpleApplication@7d6c421c
----------------- Done invoking toplevel() on ptolemy.moml.MoMLSimpleApplication@7d6c421c
reloadAllAccessors: .Gaussian1

===========================================================================================
----------------- testing Fri Jun 22 01:22:21 UTC 2018 /home/travis/build/icyphy/ptII/ptolemy/actor/lib/test/auto/Gaussian2.xml
----------------- Instantiating /home/travis/build/icyphy/ptII/ptolemy/actor/lib/test/auto/Gaussian2.xml
2 ms. Memory: 1366528K Free: 1088466K (80%)
----------------- Invoking toplevel() on ptolemy.moml.MoMLSimpleApplication@5a7f3254
----------------- Done invoking toplevel() on ptolemy.moml.MoMLSimpleApplication@5a7f3254
reloadAllAccessors: .Gaussian2

===========================================================================================
----------------- testing Fri Jun 22 01:22:21 UTC 2018 /home/travis/build/icyphy/ptII/ptolemy/actor/lib/test/auto/GradientAdaptiveLattice.xml
----------------- Instantiating /home/travis/build/icyphy/ptII/ptolemy/actor/lib/test/auto/GradientAdaptiveLattice.xml
3 ms. Memory: 1366528K Free: 1071632K (78%)
----------------- Invoking toplevel() on ptolemy.moml.MoMLSimpleApplication@6534fade
----------------- Done invoking toplevel() on ptolemy.moml.MoMLSimpleApplication@6534fade
reloadAllAccessors: .GradientAdaptiveLattice

===========================================================================================
----------------- testing Fri Jun 22 01:22:21 UTC 2018 /home/travis/build/icyphy/ptII/ptolemy/actor/lib/test/auto/IIR.xml
----------------- Instantiating /home/travis/build/icyphy/ptII/ptolemy/actor/lib/test/auto/IIR.xml
2 ms. Memory: 1366528K Free: 1061617K (78%)
----------------- Invoking toplevel() on ptolemy.moml.MoMLSimpleApplication@57d11b97
----------------- Done invoking toplevel() on ptolemy.moml.MoMLSimpleApplication@57d11b97
reloadAllAccessors: .IIR

===========================================================================================
----------------- testing Fri Jun 22 01:22:21 UTC 2018 /home/travis/build/icyphy/ptII/ptolemy/actor/lib/test/auto/InputOutputTransparentPorts.xml
----------------- Instantiating /home/travis/build/icyphy/ptII/ptolemy/actor/lib/test/auto/InputOutputTransparentPorts.xml
2 ms. Memory: 1366528K Free: 1046579K (77%)
----------------- Invoking toplevel() on ptolemy.moml.MoMLSimpleApplication@1bf46e1f
----------------- Done invoking toplevel() on ptolemy.moml.MoMLSimpleApplication@1bf46e1f
reloadAllAccessors: .InputOutputTransparentPorts

===========================================================================================
----------------- testing Fri Jun 22 01:22:22 UTC 2018 /home/travis/build/icyphy/ptII/ptolemy/actor/lib/test/auto/Interpolator.xml
----------------- Instantiating /home/travis/build/icyphy/ptII/ptolemy/actor/lib/test/auto/Interpolator.xml
4 ms. Memory: 1366528K Free: 1029745K (75%)
----------------- Invoking toplevel() on ptolemy.moml.MoMLSimpleApplication@8fc5686
----------------- Done invoking toplevel() on ptolemy.moml.MoMLSimpleApplication@8fc5686
reloadAllAccessors: .Interpolator

===========================================================================================
----------------- testing Fri Jun 22 01:22:22 UTC 2018 /home/travis/build/icyphy/ptII/ptolemy/actor/lib/test/auto/InterpolatorFiringLimitDE.xml
----------------- Instantiating /home/travis/build/icyphy/ptII/ptolemy/actor/lib/test/auto/InterpolatorFiringLimitDE.xml
2 ms. Memory: 1366528K Free: 1019730K (75%)
----------------- Invoking toplevel() on ptolemy.moml.MoMLSimpleApplication@44b11b2d
----------------- Done invoking toplevel() on ptolemy.moml.MoMLSimpleApplication@44b11b2d
reloadAllAccessors: .InterpolatorFiringLimitDE

===========================================================================================
----------------- testing Fri Jun 22 01:22:22 UTC 2018 /home/travis/build/icyphy/ptII/ptolemy/actor/lib/test/auto/Lattice.xml
----------------- Instantiating /home/travis/build/icyphy/ptII/ptolemy/actor/lib/test/auto/Lattice.xml
1 ms. Memory: 1366528K Free: 1002896K (73%)
----------------- Invoking toplevel() on ptolemy.moml.MoMLSimpleApplication@3e1428ff
----------------- Done invoking toplevel() on ptolemy.moml.MoMLSimpleApplication@3e1428ff
reloadAllAccessors: .Lattice

===========================================================================================
----------------- testing Fri Jun 22 01:22:22 UTC 2018 /home/travis/build/icyphy/ptII/ptolemy/actor/lib/test/auto/LazyAOCTestLazy.xml
----------------- Instantiating /home/travis/build/icyphy/ptII/ptolemy/actor/lib/test/auto/LazyAOCTestLazy.xml
6 ms. Memory: 1366528K Free: 992881K (73%)
----------------- Invoking toplevel() on ptolemy.moml.MoMLSimpleApplication@7a585426
----------------- Done invoking toplevel() on ptolemy.moml.MoMLSimpleApplication@7a585426
reloadAllAccessors: .LazyAOCTestLazy

===========================================================================================
----------------- testing Fri Jun 22 01:22:22 UTC 2018 /home/travis/build/icyphy/ptII/ptolemy/actor/lib/test/auto/LazyAOCTestNonLazy.xml
----------------- Instantiating /home/travis/build/icyphy/ptII/ptolemy/actor/lib/test/auto/LazyAOCTestNonLazy.xml
6 ms. Memory: 1366528K Free: 977843K (72%)
----------------- Invoking toplevel() on ptolemy.moml.MoMLSimpleApplication@1347343e
----------------- Done invoking toplevel() on ptolemy.moml.MoMLSimpleApplication@1347343e
reloadAllAccessors: .LazyAOCTestNonLazy

===========================================================================================
----------------- testing Fri Jun 22 01:22:22 UTC 2018 /home/travis/build/icyphy/ptII/ptolemy/actor/lib/test/auto/LazyInnerClass.xml
----------------- Instantiating /home/travis/build/icyphy/ptII/ptolemy/actor/lib/test/auto/LazyInnerClass.xml
25 ms. Memory: 1366528K Free: 961009K (70%)
----------------- Invoking toplevel() on ptolemy.moml.MoMLSimpleApplication@7e4b3e8e
----------------- Done invoking toplevel() on ptolemy.moml.MoMLSimpleApplication@7e4b3e8e
reloadAllAccessors: .LazyInnerClass

===========================================================================================
----------------- testing Fri Jun 22 01:22:22 UTC 2018 /home/travis/build/icyphy/ptII/ptolemy/actor/lib/test/auto/LazyPubSub.xml
----------------- Instantiating /home/travis/build/icyphy/ptII/ptolemy/actor/lib/test/auto/LazyPubSub.xml
30 ms. Memory: 1366528K Free: 945987K (69%)
----------------- Invoking toplevel() on ptolemy.moml.MoMLSimpleApplication@4dc72e05
----------------- Done invoking toplevel() on ptolemy.moml.MoMLSimpleApplication@4dc72e05
reloadAllAccessors: .LazyPubSub

===========================================================================================
----------------- testing Fri Jun 22 01:22:22 UTC 2018 /home/travis/build/icyphy/ptII/ptolemy/actor/lib/test/auto/LazyPubSub2.xml
----------------- Instantiating /home/travis/build/icyphy/ptII/ptolemy/actor/lib/test/auto/LazyPubSub2.xml
21 ms. Memory: 1366528K Free: 930949K (68%)
----------------- Invoking toplevel() on ptolemy.moml.MoMLSimpleApplication@779e8ec8
----------------- Done invoking toplevel() on ptolemy.moml.MoMLSimpleApplication@779e8ec8
reloadAllAccessors: .LazyPubSub2

===========================================================================================
----------------- testing Fri Jun 22 01:22:22 UTC 2018 /home/travis/build/icyphy/ptII/ptolemy/actor/lib/test/auto/LazyPubSub3.xml
----------------- Instantiating /home/travis/build/icyphy/ptII/ptolemy/actor/lib/test/auto/LazyPubSub3.xml
8 ms. Memory: 1366528K Free: 909100K (67%)
----------------- Invoking toplevel() on ptolemy.moml.MoMLSimpleApplication@24b09667
----------------- Done invoking toplevel() on ptolemy.moml.MoMLSimpleApplication@24b09667
reloadAllAccessors: .LazyPubSub3

===========================================================================================
----------------- testing Fri Jun 22 01:22:22 UTC 2018 /home/travis/build/icyphy/ptII/ptolemy/actor/lib/test/auto/LazySubClassModel.xml
----------------- Instantiating /home/travis/build/icyphy/ptII/ptolemy/actor/lib/test/auto/LazySubClassModel.xml
1 ms. Memory: 1366528K Free: 894077K (65%)
----------------- Invoking toplevel() on ptolemy.moml.MoMLSimpleApplication@3377d2f
----------------- Done invoking toplevel() on ptolemy.moml.MoMLSimpleApplication@3377d2f
reloadAllAccessors: .LazySubClassModel

===========================================================================================
----------------- testing Fri Jun 22 01:22:22 UTC 2018 /home/travis/build/icyphy/ptII/ptolemy/actor/lib/test/auto/LevelCrossTest1.xml
----------------- Instantiating /home/travis/build/icyphy/ptII/ptolemy/actor/lib/test/auto/LevelCrossTest1.xml
1 ms. Memory: 1366528K Free: 884062K (65%)
----------------- Invoking toplevel() on ptolemy.moml.MoMLSimpleApplication@768ec10f
----------------- Done invoking toplevel() on ptolemy.moml.MoMLSimpleApplication@768ec10f
reloadAllAccessors: .broken

===========================================================================================
----------------- testing Fri Jun 22 01:22:22 UTC 2018 /home/travis/build/icyphy/ptII/ptolemy/actor/lib/test/auto/LevelCrossTest10.xml
----------------- Instantiating /home/travis/build/icyphy/ptII/ptolemy/actor/lib/test/auto/LevelCrossTest10.xml
1 ms. Memory: 1366528K Free: 862213K (63%)
----------------- Invoking toplevel() on ptolemy.moml.MoMLSimpleApplication@6f702066
----------------- Done invoking toplevel() on ptolemy.moml.MoMLSimpleApplication@6f702066
reloadAllAccessors: .LevelCrossTest10

===========================================================================================
----------------- testing Fri Jun 22 01:22:22 UTC 2018 /home/travis/build/icyphy/ptII/ptolemy/actor/lib/test/auto/LevelCrossTest11.xml
----------------- Instantiating /home/travis/build/icyphy/ptII/ptolemy/actor/lib/test/auto/LevelCrossTest11.xml
1 ms. Memory: 1366528K Free: 847175K (62%)
----------------- Invoking toplevel() on ptolemy.moml.MoMLSimpleApplication@423e7e50
----------------- Done invoking toplevel() on ptolemy.moml.MoMLSimpleApplication@423e7e50
reloadAllAccessors: .LevelCrossTest11

===========================================================================================
----------------- testing Fri Jun 22 01:22:22 UTC 2018 /home/travis/build/icyphy/ptII/ptolemy/actor/lib/test/auto/LevelCrossTest12.xml
----------------- Instantiating /home/travis/build/icyphy/ptII/ptolemy/actor/lib/test/auto/LevelCrossTest12.xml
1 ms. Memory: 1366528K Free: 832137K (61%)
----------------- Invoking toplevel() on ptolemy.moml.MoMLSimpleApplication@7601533
----------------- Done invoking toplevel() on ptolemy.moml.MoMLSimpleApplication@7601533
reloadAllAccessors: .LevelCrossTest12

===========================================================================================
----------------- testing Fri Jun 22 01:22:22 UTC 2018 /home/travis/build/icyphy/ptII/ptolemy/actor/lib/test/auto/LevelCrossTest13.xml
----------------- Instantiating /home/travis/build/icyphy/ptII/ptolemy/actor/lib/test/auto/LevelCrossTest13.xml
1 ms. Memory: 1366528K Free: 810287K (59%)
----------------- Invoking toplevel() on ptolemy.moml.MoMLSimpleApplication@52650a42
----------------- Done invoking toplevel() on ptolemy.moml.MoMLSimpleApplication@52650a42
reloadAllAccessors: .LevelCrossTest13

===========================================================================================
----------------- testing Fri Jun 22 01:22:22 UTC 2018 /home/travis/build/icyphy/ptII/ptolemy/actor/lib/test/auto/LevelCrossTest2.xml
----------------- Instantiating /home/travis/build/icyphy/ptII/ptolemy/actor/lib/test/auto/LevelCrossTest2.xml
1 ms. Memory: 1366528K Free: 800273K (59%)
----------------- Invoking toplevel() on ptolemy.moml.MoMLSimpleApplication@6f37c0cb
----------------- Done invoking toplevel() on ptolemy.moml.MoMLSimpleApplication@6f37c0cb
reloadAllAccessors: .broken

===========================================================================================
----------------- testing Fri Jun 22 01:22:22 UTC 2018 /home/travis/build/icyphy/ptII/ptolemy/actor/lib/test/auto/LevelCrossTest3.xml
----------------- Instantiating /home/travis/build/icyphy/ptII/ptolemy/actor/lib/test/auto/LevelCrossTest3.xml
1 ms. Memory: 1366528K Free: 790258K (58%)
----------------- Invoking toplevel() on ptolemy.moml.MoMLSimpleApplication@19f532a8
----------------- Done invoking toplevel() on ptolemy.moml.MoMLSimpleApplication@19f532a8
reloadAllAccessors: .LevelCrossTest3

===========================================================================================
----------------- testing Fri Jun 22 01:22:22 UTC 2018 /home/travis/build/icyphy/ptII/ptolemy/actor/lib/test/auto/LevelCrossTest4.xml
----------------- Instantiating /home/travis/build/icyphy/ptII/ptolemy/actor/lib/test/auto/LevelCrossTest4.xml
1 ms. Memory: 1366528K Free: 773424K (57%)
----------------- Invoking toplevel() on ptolemy.moml.MoMLSimpleApplication@32b74144
----------------- Done invoking toplevel() on ptolemy.moml.MoMLSimpleApplication@32b74144
reloadAllAccessors: .broken

===========================================================================================
----------------- testing Fri Jun 22 01:22:22 UTC 2018 /home/travis/build/icyphy/ptII/ptolemy/actor/lib/test/auto/LevelCrossTest5.xml
----------------- Instantiating /home/travis/build/icyphy/ptII/ptolemy/actor/lib/test/auto/LevelCrossTest5.xml
1 ms. Memory: 1366528K Free: 763409K (56%)
----------------- Invoking toplevel() on ptolemy.moml.MoMLSimpleApplication@8f11e75
----------------- Done invoking toplevel() on ptolemy.moml.MoMLSimpleApplication@8f11e75
reloadAllAccessors: .LevelCrossTest5

===========================================================================================
----------------- testing Fri Jun 22 01:22:22 UTC 2018 /home/travis/build/icyphy/ptII/ptolemy/actor/lib/test/auto/LevelCrossTest6.xml
----------------- Instantiating /home/travis/build/icyphy/ptII/ptolemy/actor/lib/test/auto/LevelCrossTest6.xml
1 ms. Memory: 1366528K Free: 748387K (55%)
----------------- Invoking toplevel() on ptolemy.moml.MoMLSimpleApplication@18612e3b
----------------- Done invoking toplevel() on ptolemy.moml.MoMLSimpleApplication@18612e3b
reloadAllAccessors: .LevelCrossTest6

===========================================================================================
----------------- testing Fri Jun 22 01:22:22 UTC 2018 /home/travis/build/icyphy/ptII/ptolemy/actor/lib/test/auto/LevelCrossTest7.xml
----------------- Instantiating /home/travis/build/icyphy/ptII/ptolemy/actor/lib/test/auto/LevelCrossTest7.xml
1 ms. Memory: 1366528K Free: 726529K (53%)
----------------- Invoking toplevel() on ptolemy.moml.MoMLSimpleApplication@6a4309ba
----------------- Done invoking toplevel() on ptolemy.moml.MoMLSimpleApplication@6a4309ba
reloadAllAccessors: .LevelCrossTest7

===========================================================================================
----------------- testing Fri Jun 22 01:22:22 UTC 2018 /home/travis/build/icyphy/ptII/ptolemy/actor/lib/test/auto/LevelCrossTest8.xml
----------------- Instantiating /home/travis/build/icyphy/ptII/ptolemy/actor/lib/test/auto/LevelCrossTest8.xml
2 ms. Memory: 1366528K Free: 711491K (52%)
----------------- Invoking toplevel() on ptolemy.moml.MoMLSimpleApplication@640c3fa2
----------------- Done invoking toplevel() on ptolemy.moml.MoMLSimpleApplication@640c3fa2
reloadAllAccessors: .LevelCrossTest8

===========================================================================================
----------------- testing Fri Jun 22 01:22:22 UTC 2018 /home/travis/build/icyphy/ptII/ptolemy/actor/lib/test/auto/LevelCrossTest9.xml
----------------- Instantiating /home/travis/build/icyphy/ptII/ptolemy/actor/lib/test/auto/LevelCrossTest9.xml
2 ms. Memory: 1366528K Free: 701476K (51%)
----------------- Invoking toplevel() on ptolemy.moml.MoMLSimpleApplication@733e19a2
----------------- Done invoking toplevel() on ptolemy.moml.MoMLSimpleApplication@733e19a2
reloadAllAccessors: .LevelCrossTest9

===========================================================================================
----------------- testing Fri Jun 22 01:22:22 UTC 2018 /home/travis/build/icyphy/ptII/ptolemy/actor/lib/test/auto/LevinsonDurbin.xml
----------------- Instantiating /home/travis/build/icyphy/ptII/ptolemy/actor/lib/test/auto/LevinsonDurbin.xml
2 ms. Memory: 1366528K Free: 684642K (50%)
----------------- Invoking toplevel() on ptolemy.moml.MoMLSimpleApplication@59692964
----------------- Done invoking toplevel() on ptolemy.moml.MoMLSimpleApplication@59692964
reloadAllAccessors: .LevinsonDurbin

===========================================================================================
----------------- testing Fri Jun 22 01:22:22 UTC 2018 /home/travis/build/icyphy/ptII/ptolemy/actor/lib/test/auto/LevinsonDurbin2.xml
----------------- Instantiating /home/travis/build/icyphy/ptII/ptolemy/actor/lib/test/auto/LevinsonDurbin2.xml
1 ms. Memory: 1366528K Free: 674627K (49%)
----------------- Invoking toplevel() on ptolemy.moml.MoMLSimpleApplication@2db8d444
----------------- Done invoking toplevel() on ptolemy.moml.MoMLSimpleApplication@2db8d444
reloadAllAccessors: .LevinsonDurbin2

===========================================================================================
----------------- testing Fri Jun 22 01:22:22 UTC 2018 /home/travis/build/icyphy/ptII/ptolemy/actor/lib/test/auto/LevinsonDurbin3.xml
----------------- Instantiating /home/travis/build/icyphy/ptII/ptolemy/actor/lib/test/auto/LevinsonDurbin3.xml
1 ms. Memory: 1366528K Free: 664613K (49%)
----------------- Invoking toplevel() on ptolemy.moml.MoMLSimpleApplication@169e0512
----------------- Done invoking toplevel() on ptolemy.moml.MoMLSimpleApplication@169e0512
reloadAllAccessors: .LevinsonDurbin3

===========================================================================================
----------------- testing Fri Jun 22 01:22:22 UTC 2018 /home/travis/build/icyphy/ptII/ptolemy/actor/lib/test/auto/Limiter.xml
----------------- Instantiating /home/travis/build/icyphy/ptII/ptolemy/actor/lib/test/auto/Limiter.xml
3 ms. Memory: 1366528K Free: 642771K (47%)
----------------- Invoking toplevel() on ptolemy.moml.MoMLSimpleApplication@107048d6
----------------- Done invoking toplevel() on ptolemy.moml.MoMLSimpleApplication@107048d6
reloadAllAccessors: .Limiter

===========================================================================================
----------------- testing Fri Jun 22 01:22:22 UTC 2018 /home/travis/build/icyphy/ptII/ptolemy/actor/lib/test/auto/LinearDifferenceEquationSystem.xml
----------------- Instantiating /home/travis/build/icyphy/ptII/ptolemy/actor/lib/test/auto/LinearDifferenceEquationSystem.xml
3 ms. Memory: 1366528K Free: 627733K (46%)
----------------- Invoking toplevel() on ptolemy.moml.MoMLSimpleApplication@1f5b8c39
----------------- Done invoking toplevel() on ptolemy.moml.MoMLSimpleApplication@1f5b8c39
reloadAllAccessors: .LinearDifferenceEquationSystem

===========================================================================================
----------------- testing Fri Jun 22 01:22:22 UTC 2018 /home/travis/build/icyphy/ptII/ptolemy/actor/lib/test/auto/LookupTable.xml
----------------- Instantiating /home/travis/build/icyphy/ptII/ptolemy/actor/lib/test/auto/LookupTable.xml
1 ms. Memory: 1366528K Free: 617718K (45%)
----------------- Invoking toplevel() on ptolemy.moml.MoMLSimpleApplication@70707710
----------------- Done invoking toplevel() on ptolemy.moml.MoMLSimpleApplication@70707710
reloadAllAccessors: .LookupTable

===========================================================================================
----------------- testing Fri Jun 22 01:22:22 UTC 2018 /home/travis/build/icyphy/ptII/ptolemy/actor/lib/test/auto/MathFunction.xml
----------------- Instantiating /home/travis/build/icyphy/ptII/ptolemy/actor/lib/test/auto/MathFunction.xml
2 ms. Memory: 1366528K Free: 595876K (44%)
----------------- Invoking toplevel() on ptolemy.moml.MoMLSimpleApplication@c1364ad
----------------- Done invoking toplevel() on ptolemy.moml.MoMLSimpleApplication@c1364ad
reloadAllAccessors: .MathFunction

===========================================================================================
----------------- testing Fri Jun 22 01:22:22 UTC 2018 /home/travis/build/icyphy/ptII/ptolemy/actor/lib/test/auto/MathFunction2.xml
----------------- Instantiating /home/travis/build/icyphy/ptII/ptolemy/actor/lib/test/auto/MathFunction2.xml
1 ms. Memory: 1366528K Free: 585862K (43%)
----------------- Invoking toplevel() on ptolemy.moml.MoMLSimpleApplication@648db35f
----------------- Done invoking toplevel() on ptolemy.moml.MoMLSimpleApplication@648db35f
reloadAllAccessors: .MathFunction2

===========================================================================================
----------------- testing Fri Jun 22 01:22:22 UTC 2018 /home/travis/build/icyphy/ptII/ptolemy/actor/lib/test/auto/MathFunction3.xml
----------------- Instantiating /home/travis/build/icyphy/ptII/ptolemy/actor/lib/test/auto/MathFunction3.xml
2 ms. Memory: 1366528K Free: 570824K (42%)
----------------- Invoking toplevel() on ptolemy.moml.MoMLSimpleApplication@5498eac7
----------------- Done invoking toplevel() on ptolemy.moml.MoMLSimpleApplication@5498eac7
reloadAllAccessors: .MathFunction3

===========================================================================================
----------------- testing Fri Jun 22 01:22:22 UTC 2018 /home/travis/build/icyphy/ptII/ptolemy/actor/lib/test/auto/MatrixCropBoolean.xml
----------------- Instantiating /home/travis/build/icyphy/ptII/ptolemy/actor/lib/test/auto/MatrixCropBoolean.xml
2 ms. Memory: 1366528K Free: 553989K (41%)
----------------- Invoking toplevel() on ptolemy.moml.MoMLSimpleApplication@54e173ba
----------------- Done invoking toplevel() on ptolemy.moml.MoMLSimpleApplication@54e173ba
reloadAllAccessors: .MatrixCropBoolean

===========================================================================================
----------------- testing Fri Jun 22 01:22:22 UTC 2018 /home/travis/build/icyphy/ptII/ptolemy/actor/lib/test/auto/MatrixCropComplex.xml
----------------- Instantiating /home/travis/build/icyphy/ptII/ptolemy/actor/lib/test/auto/MatrixCropComplex.xml
1 ms. Memory: 1366528K Free: 543975K (40%)
----------------- Invoking toplevel() on ptolemy.moml.MoMLSimpleApplication@40cf51b4
----------------- Done invoking toplevel() on ptolemy.moml.MoMLSimpleApplication@40cf51b4
reloadAllAccessors: .MatrixCropComplex

===========================================================================================
----------------- testing Fri Jun 22 01:22:22 UTC 2018 /home/travis/build/icyphy/ptII/ptolemy/actor/lib/test/auto/MatrixCropDouble.xml
----------------- Instantiating /home/travis/build/icyphy/ptII/ptolemy/actor/lib/test/auto/MatrixCropDouble.xml
2 ms. Memory: 1366528K Free: 533960K (39%)
----------------- Invoking toplevel() on ptolemy.moml.MoMLSimpleApplication@37208ea3
----------------- Done invoking toplevel() on ptolemy.moml.MoMLSimpleApplication@37208ea3
reloadAllAccessors: .MatrixCropDouble

===========================================================================================
----------------- testing Fri Jun 22 01:22:22 UTC 2018 /home/travis/build/icyphy/ptII/ptolemy/actor/lib/test/auto/MatrixCropFix.xml
----------------- Instantiating /home/travis/build/icyphy/ptII/ptolemy/actor/lib/test/auto/MatrixCropFix.xml
1 ms. Memory: 1366528K Free: 517126K (38%)
----------------- Invoking toplevel() on ptolemy.moml.MoMLSimpleApplication@15c5faae
----------------- Done invoking toplevel() on ptolemy.moml.MoMLSimpleApplication@15c5faae
reloadAllAccessors: .MatrixCropFix

===========================================================================================
----------------- testing Fri Jun 22 01:22:22 UTC 2018 /home/travis/build/icyphy/ptII/ptolemy/actor/lib/test/auto/MatrixCropInt.xml
----------------- Instantiating /home/travis/build/icyphy/ptII/ptolemy/actor/lib/test/auto/MatrixCropInt.xml
1 ms. Memory: 1366528K Free: 507111K (37%)
----------------- Invoking toplevel() on ptolemy.moml.MoMLSimpleApplication@7b578ff7
----------------- Done invoking toplevel() on ptolemy.moml.MoMLSimpleApplication@7b578ff7
reloadAllAccessors: .MatrixCropInt

===========================================================================================
----------------- testing Fri Jun 22 01:22:22 UTC 2018 /home/travis/build/icyphy/ptII/ptolemy/actor/lib/test/auto/MatrixCropLong.xml
----------------- Instantiating /home/travis/build/icyphy/ptII/ptolemy/actor/lib/test/auto/MatrixCropLong.xml
2 ms. Memory: 1366528K Free: 497096K (36%)
----------------- Invoking toplevel() on ptolemy.moml.MoMLSimpleApplication@5e493e5b
----------------- Done invoking toplevel() on ptolemy.moml.MoMLSimpleApplication@5e493e5b
reloadAllAccessors: .MatrixCropLong

===========================================================================================
----------------- testing Fri Jun 22 01:22:22 UTC 2018 /home/travis/build/icyphy/ptII/ptolemy/actor/lib/test/auto/MatrixToArray.xml
----------------- Instantiating /home/travis/build/icyphy/ptII/ptolemy/actor/lib/test/auto/MatrixToArray.xml
4 ms. Memory: 1366528K Free: 470231K (34%)
----------------- Invoking toplevel() on ptolemy.moml.MoMLSimpleApplication@199259cc
----------------- Done invoking toplevel() on ptolemy.moml.MoMLSimpleApplication@199259cc
reloadAllAccessors: .MatrixToArray

===========================================================================================
----------------- testing Fri Jun 22 01:22:22 UTC 2018 /home/travis/build/icyphy/ptII/ptolemy/actor/lib/test/auto/MaxIndex.xml
----------------- Instantiating /home/travis/build/icyphy/ptII/ptolemy/actor/lib/test/auto/MaxIndex.xml
2 ms. Memory: 1366528K Free: 460216K (34%)
----------------- Invoking toplevel() on ptolemy.moml.MoMLSimpleApplication@f6743ef
----------------- Done invoking toplevel() on ptolemy.moml.MoMLSimpleApplication@f6743ef
reloadAllAccessors: .MaxIndex

===========================================================================================
----------------- testing Fri Jun 22 01:22:22 UTC 2018 /home/travis/build/icyphy/ptII/ptolemy/actor/lib/test/auto/Maximum.xml
----------------- Instantiating /home/travis/build/icyphy/ptII/ptolemy/actor/lib/test/auto/Maximum.xml
6 ms. Memory: 1366528K Free: 450202K (33%)
----------------- Invoking toplevel() on ptolemy.moml.MoMLSimpleApplication@7a22674d
----------------- Done invoking toplevel() on ptolemy.moml.MoMLSimpleApplication@7a22674d
reloadAllAccessors: .Maximum

===========================================================================================
----------------- testing Fri Jun 22 01:22:22 UTC 2018 /home/travis/build/icyphy/ptII/ptolemy/actor/lib/test/auto/MaximumComplex.xml
----------------- Instantiating /home/travis/build/icyphy/ptII/ptolemy/actor/lib/test/auto/MaximumComplex.xml
2 ms. Memory: 1366528K Free: 433368K (32%)
----------------- Invoking toplevel() on ptolemy.moml.MoMLSimpleApplication@7148f19c
----------------- Done invoking toplevel() on ptolemy.moml.MoMLSimpleApplication@7148f19c
reloadAllAccessors: .MaximumComplex

===========================================================================================
----------------- testing Fri Jun 22 01:22:22 UTC 2018 /home/travis/build/icyphy/ptII/ptolemy/actor/lib/test/auto/MethodCallTest.xml
----------------- Instantiating /home/travis/build/icyphy/ptII/ptolemy/actor/lib/test/auto/MethodCallTest.xml
2 ms. Memory: 1366528K Free: 423353K (31%)
----------------- Invoking toplevel() on ptolemy.moml.MoMLSimpleApplication@359be2e1
----------------- Done invoking toplevel() on ptolemy.moml.MoMLSimpleApplication@359be2e1
reloadAllAccessors: .MethodCallTest

===========================================================================================
----------------- testing Fri Jun 22 01:22:22 UTC 2018 /home/travis/build/icyphy/ptII/ptolemy/actor/lib/test/auto/Minimum.xml
----------------- Instantiating /home/travis/build/icyphy/ptII/ptolemy/actor/lib/test/auto/Minimum.xml
2 ms. Memory: 1366528K Free: 413338K (30%)
----------------- Invoking toplevel() on ptolemy.moml.MoMLSimpleApplication@6c15967f
----------------- Done invoking toplevel() on ptolemy.moml.MoMLSimpleApplication@6c15967f
reloadAllAccessors: .Minimum

===========================================================================================
----------------- testing Fri Jun 22 01:22:22 UTC 2018 /home/travis/build/icyphy/ptII/ptolemy/actor/lib/test/auto/MinimumComplex.xml
----------------- Instantiating /home/travis/build/icyphy/ptII/ptolemy/actor/lib/test/auto/MinimumComplex.xml
2 ms. Memory: 1366528K Free: 396504K (29%)
----------------- Invoking toplevel() on ptolemy.moml.MoMLSimpleApplication@19be9459
----------------- Done invoking toplevel() on ptolemy.moml.MoMLSimpleApplication@19be9459
reloadAllAccessors: .MinimumComplex

===========================================================================================
----------------- testing Fri Jun 22 01:22:22 UTC 2018 /home/travis/build/icyphy/ptII/ptolemy/actor/lib/test/auto/MinimumMultiports.xml
----------------- Instantiating /home/travis/build/icyphy/ptII/ptolemy/actor/lib/test/auto/MinimumMultiports.xml
2 ms. Memory: 1366528K Free: 381466K (28%)
----------------- Invoking toplevel() on ptolemy.moml.MoMLSimpleApplication@792144af
----------------- Done invoking toplevel() on ptolemy.moml.MoMLSimpleApplication@792144af
reloadAllAccessors: .MinimumMultiports

===========================================================================================
----------------- testing Fri Jun 22 01:22:22 UTC 2018 /home/travis/build/icyphy/ptII/ptolemy/actor/lib/test/auto/ModifyDate.xml
----------------- Instantiating /home/travis/build/icyphy/ptII/ptolemy/actor/lib/test/auto/ModifyDate.xml
8 ms. Memory: 1366528K Free: 361420K (26%)
----------------- Invoking toplevel() on ptolemy.moml.MoMLSimpleApplication@4bc4122a
----------------- Done invoking toplevel() on ptolemy.moml.MoMLSimpleApplication@4bc4122a
reloadAllAccessors: .ModifyDate

===========================================================================================
----------------- testing Fri Jun 22 01:22:22 UTC 2018 /home/travis/build/icyphy/ptII/ptolemy/actor/lib/test/auto/ModifyDate2.xml
----------------- Instantiating /home/travis/build/icyphy/ptII/ptolemy/actor/lib/test/auto/ModifyDate2.xml
3 ms. Memory: 1366528K Free: 339578K (25%)
----------------- Invoking toplevel() on ptolemy.moml.MoMLSimpleApplication@56ecfb41
----------------- Done invoking toplevel() on ptolemy.moml.MoMLSimpleApplication@56ecfb41
reloadAllAccessors: .ModifyDate2

===========================================================================================
----------------- testing Fri Jun 22 01:22:22 UTC 2018 /home/travis/build/icyphy/ptII/ptolemy/actor/lib/test/auto/MovingAverage.xml
----------------- Instantiating /home/travis/build/icyphy/ptII/ptolemy/actor/lib/test/auto/MovingAverage.xml
2 ms. Memory: 1366528K Free: 329564K (24%)
----------------- Invoking toplevel() on ptolemy.moml.MoMLSimpleApplication@775737a6
----------------- Done invoking toplevel() on ptolemy.moml.MoMLSimpleApplication@775737a6
reloadAllAccessors: .MovingAverage

===========================================================================================
----------------- testing Fri Jun 22 01:22:23 UTC 2018 /home/travis/build/icyphy/ptII/ptolemy/actor/lib/test/auto/MovingMaximum.xml
----------------- Instantiating /home/travis/build/icyphy/ptII/ptolemy/actor/lib/test/auto/MovingMaximum.xml
2 ms. Memory: 1366528K Free: 312730K (23%)
----------------- Invoking toplevel() on ptolemy.moml.MoMLSimpleApplication@49e4ab36
----------------- Done invoking toplevel() on ptolemy.moml.MoMLSimpleApplication@49e4ab36
reloadAllAccessors: .MovingMaximum

===========================================================================================
----------------- testing Fri Jun 22 01:22:23 UTC 2018 /home/travis/build/icyphy/ptII/ptolemy/actor/lib/test/auto/MultipleLinksToSameRelation.xml
----------------- Instantiating /home/travis/build/icyphy/ptII/ptolemy/actor/lib/test/auto/MultipleLinksToSameRelation.xml
1 ms. Memory: 1366528K Free: 302715K (22%)
----------------- Invoking toplevel() on ptolemy.moml.MoMLSimpleApplication@7e9c56a2
----------------- Done invoking toplevel() on ptolemy.moml.MoMLSimpleApplication@7e9c56a2
reloadAllAccessors: .MultipleLinksToSameRelation

===========================================================================================
----------------- testing Fri Jun 22 01:22:23 UTC 2018 /home/travis/build/icyphy/ptII/ptolemy/actor/lib/test/auto/MultipleLinksToSameRelationDE.xml
----------------- Instantiating /home/travis/build/icyphy/ptII/ptolemy/actor/lib/test/auto/MultipleLinksToSameRelationDE.xml
6 ms. Memory: 1366528K Free: 292700K (21%)
----------------- Invoking toplevel() on ptolemy.moml.MoMLSimpleApplication@2c39114e
----------------- Done invoking toplevel() on ptolemy.moml.MoMLSimpleApplication@2c39114e
reloadAllAccessors: .MultipleLinksToSameRelationDE

===========================================================================================
----------------- testing Fri Jun 22 01:22:23 UTC 2018 /home/travis/build/icyphy/ptII/ptolemy/actor/lib/test/auto/Multiplexor.xml
----------------- Instantiating /home/travis/build/icyphy/ptII/ptolemy/actor/lib/test/auto/Multiplexor.xml
1 ms. Memory: 1366528K Free: 275866K (20%)
----------------- Invoking toplevel() on ptolemy.moml.MoMLSimpleApplication@5ec126e3
----------------- Done invoking toplevel() on ptolemy.moml.MoMLSimpleApplication@5ec126e3
reloadAllAccessors: .Multiplexor

===========================================================================================
----------------- testing Fri Jun 22 01:22:23 UTC 2018 /home/travis/build/icyphy/ptII/ptolemy/actor/lib/test/auto/Multiplexor1.xml
----------------- Instantiating /home/travis/build/icyphy/ptII/ptolemy/actor/lib/test/auto/Multiplexor1.xml
2 ms. Memory: 1366528K Free: 265851K (19%)
----------------- Invoking toplevel() on ptolemy.moml.MoMLSimpleApplication@47c64503
----------------- Done invoking toplevel() on ptolemy.moml.MoMLSimpleApplication@47c64503
reloadAllAccessors: .Multiplexor1

===========================================================================================
----------------- testing Fri Jun 22 01:22:23 UTC 2018 /home/travis/build/icyphy/ptII/ptolemy/actor/lib/test/auto/Multiplexor2.xml
----------------- Instantiating /home/travis/build/icyphy/ptII/ptolemy/actor/lib/test/auto/Multiplexor2.xml
6 ms. Memory: 1366528K Free: 255837K (19%)
----------------- Invoking toplevel() on ptolemy.moml.MoMLSimpleApplication@5b0eb74
----------------- Done invoking toplevel() on ptolemy.moml.MoMLSimpleApplication@5b0eb74
reloadAllAccessors: .Multiplexor2

===========================================================================================
----------------- testing Fri Jun 22 01:22:23 UTC 2018 /home/travis/build/icyphy/ptII/ptolemy/actor/lib/test/auto/Multiplexor3.xml
----------------- Instantiating /home/travis/build/icyphy/ptII/ptolemy/actor/lib/test/auto/Multiplexor3.xml
2 ms. Memory: 1366528K Free: 239003K (17%)
----------------- Invoking toplevel() on ptolemy.moml.MoMLSimpleApplication@45d251cf
----------------- Done invoking toplevel() on ptolemy.moml.MoMLSimpleApplication@45d251cf
reloadAllAccessors: .Multiplexor3

===========================================================================================
----------------- testing Fri Jun 22 01:22:23 UTC 2018 /home/travis/build/icyphy/ptII/ptolemy/actor/lib/test/auto/MultiplexorDE.xml
----------------- Instantiating /home/travis/build/icyphy/ptII/ptolemy/actor/lib/test/auto/MultiplexorDE.xml
3 ms. Memory: 1366528K Free: 223972K (16%)
----------------- Invoking toplevel() on ptolemy.moml.MoMLSimpleApplication@75823bac
----------------- Done invoking toplevel() on ptolemy.moml.MoMLSimpleApplication@75823bac
reloadAllAccessors: .MultiplexorDE

===========================================================================================
----------------- testing Fri Jun 22 01:22:23 UTC 2018 /home/travis/build/icyphy/ptII/ptolemy/actor/lib/test/auto/MultiportBroadcastTest.xml
----------------- Instantiating /home/travis/build/icyphy/ptII/ptolemy/actor/lib/test/auto/MultiportBroadcastTest.xml
74 ms. Memory: 1366528K Free: 213958K (16%)
----------------- Invoking toplevel() on ptolemy.moml.MoMLSimpleApplication@5e735ac9
----------------- Done invoking toplevel() on ptolemy.moml.MoMLSimpleApplication@5e735ac9
reloadAllAccessors: .MultiportBroadcastTest

===========================================================================================
----------------- testing Fri Jun 22 01:22:23 UTC 2018 /home/travis/build/icyphy/ptII/ptolemy/actor/lib/test/auto/MultiportOutHangDuringGetWidth.xml
----------------- Instantiating /home/travis/build/icyphy/ptII/ptolemy/actor/lib/test/auto/MultiportOutHangDuringGetWidth.xml
5 ms. Memory: 1366528K Free: 187093K (14%)
----------------- Invoking toplevel() on ptolemy.moml.MoMLSimpleApplication@2f3ce2f9
----------------- Done invoking toplevel() on ptolemy.moml.MoMLSimpleApplication@2f3ce2f9
reloadAllAccessors: .MultiportOutHangDuringGetWidth

===========================================================================================
----------------- testing Fri Jun 22 01:22:23 UTC 2018 /home/travis/build/icyphy/ptII/ptolemy/actor/lib/test/auto/NilToken.xml
----------------- Instantiating /home/travis/build/icyphy/ptII/ptolemy/actor/lib/test/auto/NilToken.xml
1 ms. Memory: 1366528K Free: 177078K (13%)
----------------- Invoking toplevel() on ptolemy.moml.MoMLSimpleApplication@4acce627
----------------- Done invoking toplevel() on ptolemy.moml.MoMLSimpleApplication@4acce627
reloadAllAccessors: .NilToken

===========================================================================================
----------------- testing Fri Jun 22 01:22:23 UTC 2018 /home/travis/build/icyphy/ptII/ptolemy/actor/lib/test/auto/NilTokenNonStrictTest.xml
----------------- Instantiating /home/travis/build/icyphy/ptII/ptolemy/actor/lib/test/auto/NilTokenNonStrictTest.xml
2 ms. Memory: 1366528K Free: 167063K (12%)
----------------- Invoking toplevel() on ptolemy.moml.MoMLSimpleApplication@2393b5ff
----------------- Done invoking toplevel() on ptolemy.moml.MoMLSimpleApplication@2393b5ff
reloadAllAccessors: .NilTokenNonStrictTest

===========================================================================================
----------------- testing Fri Jun 22 01:22:23 UTC 2018 /home/travis/build/icyphy/ptII/ptolemy/actor/lib/test/auto/NilTokenRecord.xml
----------------- Instantiating /home/travis/build/icyphy/ptII/ptolemy/actor/lib/test/auto/NilTokenRecord.xml
4 ms. Memory: 1366528K Free: 150229K (11%)
----------------- Invoking toplevel() on ptolemy.moml.MoMLSimpleApplication@6469f101
----------------- Done invoking toplevel() on ptolemy.moml.MoMLSimpleApplication@6469f101
reloadAllAccessors: .NilTokenRecord

===========================================================================================
----------------- testing Fri Jun 22 01:22:23 UTC 2018 /home/travis/build/icyphy/ptII/ptolemy/actor/lib/test/auto/NilTokenTypeTest.xml
----------------- Instantiating /home/travis/build/icyphy/ptII/ptolemy/actor/lib/test/auto/NilTokenTypeTest.xml
3 ms. Memory: 1366528K Free: 135207K (10%)
----------------- Invoking toplevel() on ptolemy.moml.MoMLSimpleApplication@2b8daa23
----------------- Done invoking toplevel() on ptolemy.moml.MoMLSimpleApplication@2b8daa23
reloadAllAccessors: .NilTokenTypeTest

===========================================================================================
----------------- testing Fri Jun 22 01:22:23 UTC 2018 /home/travis/build/icyphy/ptII/ptolemy/actor/lib/test/auto/ObjectToken1.xml
----------------- Instantiating /home/travis/build/icyphy/ptII/ptolemy/actor/lib/test/auto/ObjectToken1.xml
2 ms. Memory: 1366528K Free: 125192K (9%)
----------------- Invoking toplevel() on ptolemy.moml.MoMLSimpleApplication@5592f12d
----------------- Done invoking toplevel() on ptolemy.moml.MoMLSimpleApplication@5592f12d
reloadAllAccessors: .ObjectToken1

===========================================================================================
----------------- testing Fri Jun 22 01:22:23 UTC 2018 /home/travis/build/icyphy/ptII/ptolemy/actor/lib/test/auto/OrderedMerge.xml
----------------- Instantiating /home/travis/build/icyphy/ptII/ptolemy/actor/lib/test/auto/OrderedMerge.xml
6 ms. Memory: 1366528K Free: 88329K (6%)
----------------- Invoking toplevel() on ptolemy.moml.MoMLSimpleApplication@31e7a96e
----------------- Done invoking toplevel() on ptolemy.moml.MoMLSimpleApplication@31e7a96e
reloadAllAccessors: .OrderedMerge

===========================================================================================
----------------- testing Fri Jun 22 01:22:23 UTC 2018 /home/travis/build/icyphy/ptII/ptolemy/actor/lib/test/auto/OrderedRecordDisassembler.xml
----------------- Instantiating /home/travis/build/icyphy/ptII/ptolemy/actor/lib/test/auto/OrderedRecordDisassembler.xml
3 ms. Memory: 1366528K Free: 78314K (6%)
----------------- Invoking toplevel() on ptolemy.moml.MoMLSimpleApplication@1d6fa422
----------------- Done invoking toplevel() on ptolemy.moml.MoMLSimpleApplication@1d6fa422
reloadAllAccessors: .OrderedRecordDisassembler

===========================================================================================
----------------- testing Fri Jun 22 01:22:23 UTC 2018 /home/travis/build/icyphy/ptII/ptolemy/actor/lib/test/auto/OrderedRecordDisassembler2.xml
----------------- Instantiating /home/travis/build/icyphy/ptII/ptolemy/actor/lib/test/auto/OrderedRecordDisassembler2.xml
3 ms. Memory: 1581056K Free: 1528646K (97%)
----------------- Invoking toplevel() on ptolemy.moml.MoMLSimpleApplication@1c28bb4e
----------------- Done invoking toplevel() on ptolemy.moml.MoMLSimpleApplication@1c28bb4e
reloadAllAccessors: .OrderedRecordDisassembler2

===========================================================================================
----------------- testing Fri Jun 22 01:22:23 UTC 2018 /home/travis/build/icyphy/ptII/ptolemy/actor/lib/test/auto/OrderedRecordUpdater.xml
----------------- Instantiating /home/travis/build/icyphy/ptII/ptolemy/actor/lib/test/auto/OrderedRecordUpdater.xml
1 ms. Memory: 1581056K Free: 1506761K (95%)
----------------- Invoking toplevel() on ptolemy.moml.MoMLSimpleApplication@1c1617de
----------------- Done invoking toplevel() on ptolemy.moml.MoMLSimpleApplication@1c1617de
reloadAllAccessors: .RecordUpdater

===========================================================================================
----------------- testing Fri Jun 22 01:22:23 UTC 2018 /home/travis/build/icyphy/ptII/ptolemy/actor/lib/test/auto/OrderedRecordUpdater2.xml
----------------- Instantiating /home/travis/build/icyphy/ptII/ptolemy/actor/lib/test/auto/OrderedRecordUpdater2.xml
2 ms. Memory: 1581056K Free: 1491933K (94%)
----------------- Invoking toplevel() on ptolemy.moml.MoMLSimpleApplication@3324ef2
----------------- Done invoking toplevel() on ptolemy.moml.MoMLSimpleApplication@3324ef2
reloadAllAccessors: .RecordUpdater2

===========================================================================================
----------------- testing Fri Jun 22 01:22:23 UTC 2018 /home/travis/build/icyphy/ptII/ptolemy/actor/lib/test/auto/PhaseUnwrap.xml
----------------- Instantiating /home/travis/build/icyphy/ptII/ptolemy/actor/lib/test/auto/PhaseUnwrap.xml
1 ms. Memory: 1581056K Free: 1470178K (93%)
----------------- Invoking toplevel() on ptolemy.moml.MoMLSimpleApplication@7d0ed223
----------------- Done invoking toplevel() on ptolemy.moml.MoMLSimpleApplication@7d0ed223
reloadAllAccessors: .PhaseUnwrap

===========================================================================================
----------------- testing Fri Jun 22 01:22:23 UTC 2018 /home/travis/build/icyphy/ptII/ptolemy/actor/lib/test/auto/PoissonClock.xml
----------------- Instantiating /home/travis/build/icyphy/ptII/ptolemy/actor/lib/test/auto/PoissonClock.xml
2 ms. Memory: 1581056K Free: 1455350K (92%)
----------------- Invoking toplevel() on ptolemy.moml.MoMLSimpleApplication@15dea1c5
----------------- Done invoking toplevel() on ptolemy.moml.MoMLSimpleApplication@15dea1c5
reloadAllAccessors: .PoissonClock

===========================================================================================
----------------- testing Fri Jun 22 01:22:23 UTC 2018 /home/travis/build/icyphy/ptII/ptolemy/actor/lib/test/auto/PoissonClock2.xml
----------------- Instantiating /home/travis/build/icyphy/ptII/ptolemy/actor/lib/test/auto/PoissonClock2.xml
1 ms. Memory: 1581056K Free: 1440523K (91%)
----------------- Invoking toplevel() on ptolemy.moml.MoMLSimpleApplication@76c535b4
----------------- Done invoking toplevel() on ptolemy.moml.MoMLSimpleApplication@76c535b4
reloadAllAccessors: .PoissonClock2

===========================================================================================
----------------- testing Fri Jun 22 01:22:23 UTC 2018 /home/travis/build/icyphy/ptII/ptolemy/actor/lib/test/auto/PoissonClock3.xml
----------------- Instantiating /home/travis/build/icyphy/ptII/ptolemy/actor/lib/test/auto/PoissonClock3.xml
1 ms. Memory: 1581056K Free: 1418768K (90%)
----------------- Invoking toplevel() on ptolemy.moml.MoMLSimpleApplication@7aa6c8a
----------------- Done invoking toplevel() on ptolemy.moml.MoMLSimpleApplication@7aa6c8a
reloadAllAccessors: .PoissonClock3

===========================================================================================
----------------- testing Fri Jun 22 01:22:23 UTC 2018 /home/travis/build/icyphy/ptII/ptolemy/actor/lib/test/auto/PubSubWithInitialTokens.xml
----------------- Instantiating /home/travis/build/icyphy/ptII/ptolemy/actor/lib/test/auto/PubSubWithInitialTokens.xml
2 ms. Memory: 1581056K Free: 1403940K (89%)
----------------- Invoking toplevel() on ptolemy.moml.MoMLSimpleApplication@36bfadd5
----------------- Done invoking toplevel() on ptolemy.moml.MoMLSimpleApplication@36bfadd5
reloadAllAccessors: .PubSubWithInitialTokens

===========================================================================================
----------------- testing Fri Jun 22 01:22:23 UTC 2018 /home/travis/build/icyphy/ptII/ptolemy/actor/lib/test/auto/PubSubWithInitialTokens2.xml
----------------- Instantiating /home/travis/build/icyphy/ptII/ptolemy/actor/lib/test/auto/PubSubWithInitialTokens2.xml
2 ms. Memory: 1581056K Free: 1389112K (88%)
----------------- Invoking toplevel() on ptolemy.moml.MoMLSimpleApplication@67200367
----------------- Done invoking toplevel() on ptolemy.moml.MoMLSimpleApplication@67200367
reloadAllAccessors: .PubSubWithInitialTokens2

===========================================================================================
----------------- testing Fri Jun 22 01:22:23 UTC 2018 /home/travis/build/icyphy/ptII/ptolemy/actor/lib/test/auto/PublisherClassNoParameter.xml
----------------- Instantiating /home/travis/build/icyphy/ptII/ptolemy/actor/lib/test/auto/PublisherClassNoParameter.xml
1 ms. Memory: 1581056K Free: 1359928K (86%)
----------------- Invoking toplevel() on ptolemy.moml.MoMLSimpleApplication@4b98343b
----------------- Done invoking toplevel() on ptolemy.moml.MoMLSimpleApplication@4b98343b
reloadAllAccessors: .PublisherClassNoParameter

===========================================================================================
----------------- testing Fri Jun 22 01:22:23 UTC 2018 /home/travis/build/icyphy/ptII/ptolemy/actor/lib/test/auto/PublisherClassParameter.xml
----------------- Instantiating /home/travis/build/icyphy/ptII/ptolemy/actor/lib/test/auto/PublisherClassParameter.xml
2 ms. Memory: 1581056K Free: 1337686K (85%)
----------------- Invoking toplevel() on ptolemy.moml.MoMLSimpleApplication@7a4df9a0
----------------- Done invoking toplevel() on ptolemy.moml.MoMLSimpleApplication@7a4df9a0
reloadAllAccessors: .PublisherClassParameter

===========================================================================================
----------------- testing Fri Jun 22 01:22:23 UTC 2018 /home/travis/build/icyphy/ptII/ptolemy/actor/lib/test/auto/PublisherNonStrictTest.xml
----------------- Instantiating /home/travis/build/icyphy/ptII/ptolemy/actor/lib/test/auto/PublisherNonStrictTest.xml
3 ms. Memory: 1581056K Free: 1322858K (84%)
----------------- Invoking toplevel() on ptolemy.moml.MoMLSimpleApplication@a9cf2e5
----------------- Done invoking toplevel() on ptolemy.moml.MoMLSimpleApplication@a9cf2e5
reloadAllAccessors: .PublisherNonStrictTest

===========================================================================================
----------------- testing Fri Jun 22 01:22:23 UTC 2018 /home/travis/build/icyphy/ptII/ptolemy/actor/lib/test/auto/PublisherPort1.xml
----------------- Instantiating /home/travis/build/icyphy/ptII/ptolemy/actor/lib/test/auto/PublisherPort1.xml
2 ms. Memory: 1581056K Free: 1301103K (82%)
----------------- Invoking toplevel() on ptolemy.moml.MoMLSimpleApplication@7cbaf63b
----------------- Done invoking toplevel() on ptolemy.moml.MoMLSimpleApplication@7cbaf63b
reloadAllAccessors: .PublisherPort1

===========================================================================================
----------------- testing Fri Jun 22 01:22:23 UTC 2018 /home/travis/build/icyphy/ptII/ptolemy/actor/lib/test/auto/PublisherPort2.xml
----------------- Instantiating /home/travis/build/icyphy/ptII/ptolemy/actor/lib/test/auto/PublisherPort2.xml
1 ms. Memory: 1581056K Free: 1286276K (81%)
----------------- Invoking toplevel() on ptolemy.moml.MoMLSimpleApplication@17fc1b6f
----------------- Done invoking toplevel() on ptolemy.moml.MoMLSimpleApplication@17fc1b6f
reloadAllAccessors: .PublisherPort2

===========================================================================================
----------------- testing Fri Jun 22 01:22:23 UTC 2018 /home/travis/build/icyphy/ptII/ptolemy/actor/lib/test/auto/PublisherPort3.xml
----------------- Instantiating /home/travis/build/icyphy/ptII/ptolemy/actor/lib/test/auto/PublisherPort3.xml
3 ms. Memory: 1581056K Free: 1271448K (80%)
----------------- Invoking toplevel() on ptolemy.moml.MoMLSimpleApplication@11f1eea2
----------------- Done invoking toplevel() on ptolemy.moml.MoMLSimpleApplication@11f1eea2
reloadAllAccessors: .PublisherPort3

===========================================================================================
----------------- testing Fri Jun 22 01:22:23 UTC 2018 /home/travis/build/icyphy/ptII/ptolemy/actor/lib/test/auto/PublisherPort4.xml
----------------- Instantiating /home/travis/build/icyphy/ptII/ptolemy/actor/lib/test/auto/PublisherPort4.xml
2 ms. Memory: 1581056K Free: 1249693K (79%)
----------------- Invoking toplevel() on ptolemy.moml.MoMLSimpleApplication@1af10a7b
----------------- Done invoking toplevel() on ptolemy.moml.MoMLSimpleApplication@1af10a7b
reloadAllAccessors: .PublisherPort4

===========================================================================================
----------------- testing Fri Jun 22 01:22:23 UTC 2018 /home/travis/build/icyphy/ptII/ptolemy/actor/lib/test/auto/PublisherPort5.xml
----------------- Instantiating /home/travis/build/icyphy/ptII/ptolemy/actor/lib/test/auto/PublisherPort5.xml
3 ms. Memory: 1581056K Free: 1234865K (78%)
----------------- Invoking toplevel() on ptolemy.moml.MoMLSimpleApplication@2ae2e057
----------------- Done invoking toplevel() on ptolemy.moml.MoMLSimpleApplication@2ae2e057
reloadAllAccessors: .PublisherPort5

===========================================================================================
----------------- testing Fri Jun 22 01:22:23 UTC 2018 /home/travis/build/icyphy/ptII/ptolemy/actor/lib/test/auto/PublisherPort5LookAlike.xml
----------------- Instantiating /home/travis/build/icyphy/ptII/ptolemy/actor/lib/test/auto/PublisherPort5LookAlike.xml
3 ms. Memory: 1581056K Free: 1220038K (77%)
----------------- Invoking toplevel() on ptolemy.moml.MoMLSimpleApplication@2fe5fbc
----------------- Done invoking toplevel() on ptolemy.moml.MoMLSimpleApplication@2fe5fbc
reloadAllAccessors: .PublisherPort5LookAlike

===========================================================================================
----------------- testing Fri Jun 22 01:22:23 UTC 2018 /home/travis/build/icyphy/ptII/ptolemy/actor/lib/test/auto/PublisherPort6.xml
----------------- Instantiating /home/travis/build/icyphy/ptII/ptolemy/actor/lib/test/auto/PublisherPort6.xml
2 ms. Memory: 1581056K Free: 1198283K (76%)
----------------- Invoking toplevel() on ptolemy.moml.MoMLSimpleApplication@6c685960
----------------- Done invoking toplevel() on ptolemy.moml.MoMLSimpleApplication@6c685960
reloadAllAccessors: .PublisherPort6

===========================================================================================
----------------- testing Fri Jun 22 01:22:23 UTC 2018 /home/travis/build/icyphy/ptII/ptolemy/actor/lib/test/auto/PublisherPort7.xml
----------------- Instantiating /home/travis/build/icyphy/ptII/ptolemy/actor/lib/test/auto/PublisherPort7.xml
3 ms. Memory: 1581056K Free: 1183455K (75%)
----------------- Invoking toplevel() on ptolemy.moml.MoMLSimpleApplication@4049710
----------------- Done invoking toplevel() on ptolemy.moml.MoMLSimpleApplication@4049710
reloadAllAccessors: .PublisherPort7

===========================================================================================
----------------- testing Fri Jun 22 01:22:23 UTC 2018 /home/travis/build/icyphy/ptII/ptolemy/actor/lib/test/auto/PublisherPort8.xml
----------------- Instantiating /home/travis/build/icyphy/ptII/ptolemy/actor/lib/test/auto/PublisherPort8.xml
3 ms. Memory: 1581056K Free: 1168627K (74%)
----------------- Invoking toplevel() on ptolemy.moml.MoMLSimpleApplication@423164b5
----------------- Done invoking toplevel() on ptolemy.moml.MoMLSimpleApplication@423164b5
reloadAllAccessors: .PublisherPort8

===========================================================================================
----------------- testing Fri Jun 22 01:22:23 UTC 2018 /home/travis/build/icyphy/ptII/ptolemy/actor/lib/test/auto/PublisherPortSubscriberChannelVariablesAOC2.xml
----------------- Instantiating /home/travis/build/icyphy/ptII/ptolemy/actor/lib/test/auto/PublisherPortSubscriberChannelVariablesAOC2.xml
2 ms. Memory: 1581056K Free: 1132013K (72%)
----------------- Invoking toplevel() on ptolemy.moml.MoMLSimpleApplication@1bd1e7ab
----------------- Done invoking toplevel() on ptolemy.moml.MoMLSimpleApplication@1bd1e7ab
reloadAllAccessors: .PublisherPortSubscriberChannelVariablesAOC2

===========================================================================================
----------------- testing Fri Jun 22 01:22:23 UTC 2018 /home/travis/build/icyphy/ptII/ptolemy/actor/lib/test/auto/PublisherPortSubscriberOpaqueWidthInference.xml
----------------- Instantiating /home/travis/build/icyphy/ptII/ptolemy/actor/lib/test/auto/PublisherPortSubscriberOpaqueWidthInference.xml
3 ms. Memory: 1581056K Free: 1117185K (71%)
----------------- Invoking toplevel() on ptolemy.moml.MoMLSimpleApplication@364fed17
----------------- Done invoking toplevel() on ptolemy.moml.MoMLSimpleApplication@364fed17
reloadAllAccessors: .PublisherPortSubscriberOpaqueWidthInference

===========================================================================================
----------------- testing Fri Jun 22 01:22:23 UTC 2018 /home/travis/build/icyphy/ptII/ptolemy/actor/lib/test/auto/PublisherPortSubscriberPortAdjacent.xml
----------------- Instantiating /home/travis/build/icyphy/ptII/ptolemy/actor/lib/test/auto/PublisherPortSubscriberPortAdjacent.xml
1 ms. Memory: 1581056K Free: 1102358K (70%)
----------------- Invoking toplevel() on ptolemy.moml.MoMLSimpleApplication@21aab67d
----------------- Done invoking toplevel() on ptolemy.moml.MoMLSimpleApplication@21aab67d
reloadAllAccessors: .PublisherPortSubscriberPortAdjacent

===========================================================================================
----------------- testing Fri Jun 22 01:22:23 UTC 2018 /home/travis/build/icyphy/ptII/ptolemy/actor/lib/test/auto/PublisherPortSubscriberPortExpression.xml
----------------- Instantiating /home/travis/build/icyphy/ptII/ptolemy/actor/lib/test/auto/PublisherPortSubscriberPortExpression.xml
3 ms. Memory: 1581056K Free: 1080602K (68%)
----------------- Invoking toplevel() on ptolemy.moml.MoMLSimpleApplication@4444bfe1
----------------- Done invoking toplevel() on ptolemy.moml.MoMLSimpleApplication@4444bfe1
reloadAllAccessors: .PublisherPortSubscriberPortExpression

===========================================================================================
----------------- testing Fri Jun 22 01:22:23 UTC 2018 /home/travis/build/icyphy/ptII/ptolemy/actor/lib/test/auto/PublisherPortSubscriberPortOpaqueD3Reverse.xml
----------------- Instantiating /home/travis/build/icyphy/ptII/ptolemy/actor/lib/test/auto/PublisherPortSubscriberPortOpaqueD3Reverse.xml
5 ms. Memory: 1581056K Free: 1065775K (67%)
----------------- Invoking toplevel() on ptolemy.moml.MoMLSimpleApplication@457cc580
----------------- Done invoking toplevel() on ptolemy.moml.MoMLSimpleApplication@457cc580
reloadAllAccessors: .PublisherPortSubscriberPortOpaqueD3Reverse

===========================================================================================
----------------- testing Fri Jun 22 01:22:23 UTC 2018 /home/travis/build/icyphy/ptII/ptolemy/actor/lib/test/auto/PublisherPortSubscriberPortOpaqueWidthInference.xml
----------------- Instantiating /home/travis/build/icyphy/ptII/ptolemy/actor/lib/test/auto/PublisherPortSubscriberPortOpaqueWidthInference.xml
3 ms. Memory: 1581056K Free: 1050947K (66%)
----------------- Invoking toplevel() on ptolemy.moml.MoMLSimpleApplication@71357d8e
----------------- Done invoking toplevel() on ptolemy.moml.MoMLSimpleApplication@71357d8e
reloadAllAccessors: .PublisherPortSubscriberPortOpaqueWidthInference

===========================================================================================
----------------- testing Fri Jun 22 01:22:23 UTC 2018 /home/travis/build/icyphy/ptII/ptolemy/actor/lib/test/auto/PublisherPortToplevelSubscriberPortAOC.xml
----------------- Instantiating /home/travis/build/icyphy/ptII/ptolemy/actor/lib/test/auto/PublisherPortToplevelSubscriberPortAOC.xml
.PublisherPortToplevelSubscriberPortAOC.TestExceptionAttribute: initialize() was not invoked, but wrapup() was.  This is unusual, but not always a problem.  For example, exporting JNLP will do this.
1 ms. Memory: 1581056K Free: 1029192K (65%)
----------------- Invoking toplevel() on ptolemy.moml.MoMLSimpleApplication@4e9c136f
----------------- Done invoking toplevel() on ptolemy.moml.MoMLSimpleApplication@4e9c136f
reloadAllAccessors: .PublisherPortToplevelSubscriberPortAOC

===========================================================================================
----------------- testing Fri Jun 22 01:22:23 UTC 2018 /home/travis/build/icyphy/ptII/ptolemy/actor/lib/test/auto/PublisherSubscriber.xml
----------------- Instantiating /home/travis/build/icyphy/ptII/ptolemy/actor/lib/test/auto/PublisherSubscriber.xml
3 ms. Memory: 1581056K Free: 1014365K (64%)
----------------- Invoking toplevel() on ptolemy.moml.MoMLSimpleApplication@674b60ab
----------------- Done invoking toplevel() on ptolemy.moml.MoMLSimpleApplication@674b60ab
reloadAllAccessors: .PublisherSubscriber

===========================================================================================
----------------- testing Fri Jun 22 01:22:23 UTC 2018 /home/travis/build/icyphy/ptII/ptolemy/actor/lib/test/auto/PublisherSubscriber10.xml
----------------- Instantiating /home/travis/build/icyphy/ptII/ptolemy/actor/lib/test/auto/PublisherSubscriber10.xml
4 ms. Memory: 1581056K Free: 992609K (63%)
----------------- Invoking toplevel() on ptolemy.moml.MoMLSimpleApplication@6977d3f2
----------------- Done invoking toplevel() on ptolemy.moml.MoMLSimpleApplication@6977d3f2
reloadAllAccessors: .PublisherSubscriber10

===========================================================================================
----------------- testing Fri Jun 22 01:22:23 UTC 2018 /home/travis/build/icyphy/ptII/ptolemy/actor/lib/test/auto/PublisherSubscriber10InitialOutputs.xml
----------------- Instantiating /home/travis/build/icyphy/ptII/ptolemy/actor/lib/test/auto/PublisherSubscriber10InitialOutputs.xml
4 ms. Memory: 1581056K Free: 977782K (62%)
----------------- Invoking toplevel() on ptolemy.moml.MoMLSimpleApplication@1c0261a
----------------- Done invoking toplevel() on ptolemy.moml.MoMLSimpleApplication@1c0261a
reloadAllAccessors: .PublisherSubscriber10InitialOutputs

===========================================================================================
----------------- testing Fri Jun 22 01:22:23 UTC 2018 /home/travis/build/icyphy/ptII/ptolemy/actor/lib/test/auto/PublisherSubscriber11.xml
----------------- Instantiating /home/travis/build/icyphy/ptII/ptolemy/actor/lib/test/auto/PublisherSubscriber11.xml
2 ms. Memory: 1581056K Free: 962954K (61%)
----------------- Invoking toplevel() on ptolemy.moml.MoMLSimpleApplication@1399789
----------------- Done invoking toplevel() on ptolemy.moml.MoMLSimpleApplication@1399789
reloadAllAccessors: .PublisherSubscriber11

===========================================================================================
----------------- testing Fri Jun 22 01:22:23 UTC 2018 /home/travis/build/icyphy/ptII/ptolemy/actor/lib/test/auto/PublisherSubscriber12.xml
----------------- Instantiating /home/travis/build/icyphy/ptII/ptolemy/actor/lib/test/auto/PublisherSubscriber12.xml
3 ms. Memory: 1581056K Free: 941199K (60%)
----------------- Invoking toplevel() on ptolemy.moml.MoMLSimpleApplication@9c706d4
----------------- Done invoking toplevel() on ptolemy.moml.MoMLSimpleApplication@9c706d4
reloadAllAccessors: .PublisherSubscriber12

===========================================================================================
----------------- testing Fri Jun 22 01:22:23 UTC 2018 /home/travis/build/icyphy/ptII/ptolemy/actor/lib/test/auto/PublisherSubscriber13.xml
----------------- Instantiating /home/travis/build/icyphy/ptII/ptolemy/actor/lib/test/auto/PublisherSubscriber13.xml
2 ms. Memory: 1581056K Free: 926371K (59%)
----------------- Invoking toplevel() on ptolemy.moml.MoMLSimpleApplication@6dd5e304
----------------- Done invoking toplevel() on ptolemy.moml.MoMLSimpleApplication@6dd5e304
reloadAllAccessors: .PublisherSubscriber13

===========================================================================================
----------------- testing Fri Jun 22 01:22:23 UTC 2018 /home/travis/build/icyphy/ptII/ptolemy/actor/lib/test/auto/PublisherSubscriber14.xml
----------------- Instantiating /home/travis/build/icyphy/ptII/ptolemy/actor/lib/test/auto/PublisherSubscriber14.xml
1 ms. Memory: 1581056K Free: 911544K (58%)
----------------- Invoking toplevel() on ptolemy.moml.MoMLSimpleApplication@10d9db0f
----------------- Done invoking toplevel() on ptolemy.moml.MoMLSimpleApplication@10d9db0f
reloadAllAccessors: .PublisherSubscriber14

===========================================================================================
----------------- testing Fri Jun 22 01:22:23 UTC 2018 /home/travis/build/icyphy/ptII/ptolemy/actor/lib/test/auto/PublisherSubscriber2.xml
----------------- Instantiating /home/travis/build/icyphy/ptII/ptolemy/actor/lib/test/auto/PublisherSubscriber2.xml
2 ms. Memory: 1581056K Free: 889789K (56%)
----------------- Invoking toplevel() on ptolemy.moml.MoMLSimpleApplication@730f82a2
----------------- Done invoking toplevel() on ptolemy.moml.MoMLSimpleApplication@730f82a2
reloadAllAccessors: .PublisherSubscriber2

===========================================================================================
----------------- testing Fri Jun 22 01:22:24 UTC 2018 /home/travis/build/icyphy/ptII/ptolemy/actor/lib/test/auto/PublisherSubscriber3.xml
----------------- Instantiating /home/travis/build/icyphy/ptII/ptolemy/actor/lib/test/auto/PublisherSubscriber3.xml
1 ms. Memory: 1581056K Free: 874961K (55%)
----------------- Invoking toplevel() on ptolemy.moml.MoMLSimpleApplication@6f4db3a0
----------------- Done invoking toplevel() on ptolemy.moml.MoMLSimpleApplication@6f4db3a0
reloadAllAccessors: .PublisherSubscriber3

===========================================================================================
----------------- testing Fri Jun 22 01:22:24 UTC 2018 /home/travis/build/icyphy/ptII/ptolemy/actor/lib/test/auto/PublisherSubscriber4.xml
----------------- Instantiating /home/travis/build/icyphy/ptII/ptolemy/actor/lib/test/auto/PublisherSubscriber4.xml
2 ms. Memory: 1581056K Free: 860133K (54%)
----------------- Invoking toplevel() on ptolemy.moml.MoMLSimpleApplication@6f1b272c
----------------- Done invoking toplevel() on ptolemy.moml.MoMLSimpleApplication@6f1b272c
reloadAllAccessors: .PublisherSubscriber4

===========================================================================================
----------------- testing Fri Jun 22 01:22:24 UTC 2018 /home/travis/build/icyphy/ptII/ptolemy/actor/lib/test/auto/PublisherSubscriber5.xml
----------------- Instantiating /home/travis/build/icyphy/ptII/ptolemy/actor/lib/test/auto/PublisherSubscriber5.xml
2 ms. Memory: 1581056K Free: 838378K (53%)
----------------- Invoking toplevel() on ptolemy.moml.MoMLSimpleApplication@6082e88d
----------------- Done invoking toplevel() on ptolemy.moml.MoMLSimpleApplication@6082e88d
reloadAllAccessors: .PublisherSubscriber5

===========================================================================================
----------------- testing Fri Jun 22 01:22:24 UTC 2018 /home/travis/build/icyphy/ptII/ptolemy/actor/lib/test/auto/PublisherSubscriber6.xml
----------------- Instantiating /home/travis/build/icyphy/ptII/ptolemy/actor/lib/test/auto/PublisherSubscriber6.xml
2 ms. Memory: 1581056K Free: 823551K (52%)
----------------- Invoking toplevel() on ptolemy.moml.MoMLSimpleApplication@743b79c1
----------------- Done invoking toplevel() on ptolemy.moml.MoMLSimpleApplication@743b79c1
reloadAllAccessors: .PublisherSubscriber6

===========================================================================================
----------------- testing Fri Jun 22 01:22:24 UTC 2018 /home/travis/build/icyphy/ptII/ptolemy/actor/lib/test/auto/PublisherSubscriber7.xml
----------------- Instantiating /home/travis/build/icyphy/ptII/ptolemy/actor/lib/test/auto/PublisherSubscriber7.xml
2 ms. Memory: 1581056K Free: 808723K (51%)
----------------- Invoking toplevel() on ptolemy.moml.MoMLSimpleApplication@5935a1a1
----------------- Done invoking toplevel() on ptolemy.moml.MoMLSimpleApplication@5935a1a1
reloadAllAccessors: .PublisherSubscriber7

===========================================================================================
----------------- testing Fri Jun 22 01:22:24 UTC 2018 /home/travis/build/icyphy/ptII/ptolemy/actor/lib/test/auto/PublisherSubscriber8.xml
----------------- Instantiating /home/travis/build/icyphy/ptII/ptolemy/actor/lib/test/auto/PublisherSubscriber8.xml
10 ms. Memory: 1581056K Free: 712830K (45%)
----------------- Invoking toplevel() on ptolemy.moml.MoMLSimpleApplication@77bd380
----------------- Done invoking toplevel() on ptolemy.moml.MoMLSimpleApplication@77bd380
reloadAllAccessors: .PublisherSubscriber8

===========================================================================================
----------------- testing Fri Jun 22 01:22:24 UTC 2018 /home/travis/build/icyphy/ptII/ptolemy/actor/lib/test/auto/PublisherSubscriber9.xml
----------------- Instantiating /home/travis/build/icyphy/ptII/ptolemy/actor/lib/test/auto/PublisherSubscriber9.xml
2 ms. Memory: 1581056K Free: 698002K (44%)
----------------- Invoking toplevel() on ptolemy.moml.MoMLSimpleApplication@6c6ca6a2
----------------- Done invoking toplevel() on ptolemy.moml.MoMLSimpleApplication@6c6ca6a2
reloadAllAccessors: .PublisherSubscriber9

===========================================================================================
----------------- testing Fri Jun 22 01:22:24 UTC 2018 /home/travis/build/icyphy/ptII/ptolemy/actor/lib/test/auto/PublisherSubscriberAdjacent.xml
----------------- Instantiating /home/travis/build/icyphy/ptII/ptolemy/actor/lib/test/auto/PublisherSubscriberAdjacent.xml
1 ms. Memory: 1581056K Free: 683175K (43%)
----------------- Invoking toplevel() on ptolemy.moml.MoMLSimpleApplication@5c845683
----------------- Done invoking toplevel() on ptolemy.moml.MoMLSimpleApplication@5c845683
reloadAllAccessors: .PublisherSubscriberAdjacent

===========================================================================================
----------------- testing Fri Jun 22 01:22:24 UTC 2018 /home/travis/build/icyphy/ptII/ptolemy/actor/lib/test/auto/PublisherSubscriberChannelVariablesAOC2.xml
----------------- Instantiating /home/travis/build/icyphy/ptII/ptolemy/actor/lib/test/auto/PublisherSubscriberChannelVariablesAOC2.xml
2 ms. Memory: 1581056K Free: 653990K (41%)
----------------- Invoking toplevel() on ptolemy.moml.MoMLSimpleApplication@67ce898d
----------------- Done invoking toplevel() on ptolemy.moml.MoMLSimpleApplication@67ce898d
reloadAllAccessors: .PublisherSubscriberChannelVariablesAOC2

===========================================================================================
----------------- testing Fri Jun 22 01:22:24 UTC 2018 /home/travis/build/icyphy/ptII/ptolemy/actor/lib/test/auto/PublisherSubscriberD3.xml
----------------- Instantiating /home/travis/build/icyphy/ptII/ptolemy/actor/lib/test/auto/PublisherSubscriberD3.xml
2 ms. Memory: 1581056K Free: 639162K (40%)
----------------- Invoking toplevel() on ptolemy.moml.MoMLSimpleApplication@2ee020ec
----------------- Done invoking toplevel() on ptolemy.moml.MoMLSimpleApplication@2ee020ec
reloadAllAccessors: .PublisherSubscriberD3

===========================================================================================
----------------- testing Fri Jun 22 01:22:24 UTC 2018 /home/travis/build/icyphy/ptII/ptolemy/actor/lib/test/auto/PublisherSubscriberD3Reverse.xml
----------------- Instantiating /home/travis/build/icyphy/ptII/ptolemy/actor/lib/test/auto/PublisherSubscriberD3Reverse.xml
1 ms. Memory: 1581056K Free: 624335K (39%)
----------------- Invoking toplevel() on ptolemy.moml.MoMLSimpleApplication@4a980a97
----------------- Done invoking toplevel() on ptolemy.moml.MoMLSimpleApplication@4a980a97
reloadAllAccessors: .PublisherSubscriberD3Reverse

===========================================================================================
----------------- testing Fri Jun 22 01:22:24 UTC 2018 /home/travis/build/icyphy/ptII/ptolemy/actor/lib/test/auto/PublisherSubscriberExpression.xml
----------------- Instantiating /home/travis/build/icyphy/ptII/ptolemy/actor/lib/test/auto/PublisherSubscriberExpression.xml
3 ms. Memory: 1581056K Free: 602580K (38%)
----------------- Invoking toplevel() on ptolemy.moml.MoMLSimpleApplication@1ec9c36a
----------------- Done invoking toplevel() on ptolemy.moml.MoMLSimpleApplication@1ec9c36a
reloadAllAccessors: .PublisherSubscriberExpression

===========================================================================================
----------------- testing Fri Jun 22 01:22:24 UTC 2018 /home/travis/build/icyphy/ptII/ptolemy/actor/lib/test/auto/PublisherSubscriberOpaque.xml
----------------- Instantiating /home/travis/build/icyphy/ptII/ptolemy/actor/lib/test/auto/PublisherSubscriberOpaque.xml
3 ms. Memory: 1581056K Free: 587752K (37%)
----------------- Invoking toplevel() on ptolemy.moml.MoMLSimpleApplication@3783b1d7
----------------- Done invoking toplevel() on ptolemy.moml.MoMLSimpleApplication@3783b1d7
reloadAllAccessors: .PublisherSubscriberOpaque

===========================================================================================
----------------- testing Fri Jun 22 01:22:24 UTC 2018 /home/travis/build/icyphy/ptII/ptolemy/actor/lib/test/auto/PublisherSubscriberOpaqueD3.xml
----------------- Instantiating /home/travis/build/icyphy/ptII/ptolemy/actor/lib/test/auto/PublisherSubscriberOpaqueD3.xml
5 ms. Memory: 1581056K Free: 558567K (35%)
----------------- Invoking toplevel() on ptolemy.moml.MoMLSimpleApplication@1f5472a2
----------------- Done invoking toplevel() on ptolemy.moml.MoMLSimpleApplication@1f5472a2
reloadAllAccessors: .PublisherSubscriberOpaqueD3

===========================================================================================
----------------- testing Fri Jun 22 01:22:24 UTC 2018 /home/travis/build/icyphy/ptII/ptolemy/actor/lib/test/auto/PublisherSubscriberOpaqueD3Reverse.xml
----------------- Instantiating /home/travis/build/icyphy/ptII/ptolemy/actor/lib/test/auto/PublisherSubscriberOpaqueD3Reverse.xml
4 ms. Memory: 1581056K Free: 543740K (34%)
----------------- Invoking toplevel() on ptolemy.moml.MoMLSimpleApplication@273b6a63
----------------- Done invoking toplevel() on ptolemy.moml.MoMLSimpleApplication@273b6a63
reloadAllAccessors: .PublisherSubscriberOpaqueD3Reverse

===========================================================================================
----------------- testing Fri Jun 22 01:22:24 UTC 2018 /home/travis/build/icyphy/ptII/ptolemy/actor/lib/test/auto/PublisherSubscriberOpaqueWidthInference.xml
----------------- Instantiating /home/travis/build/icyphy/ptII/ptolemy/actor/lib/test/auto/PublisherSubscriberOpaqueWidthInference.xml
3 ms. Memory: 1581056K Free: 528912K (33%)
----------------- Invoking toplevel() on ptolemy.moml.MoMLSimpleApplication@613c218b
----------------- Done invoking toplevel() on ptolemy.moml.MoMLSimpleApplication@613c218b
reloadAllAccessors: .PublisherSubscriberOpaqueWidthInference

===========================================================================================
----------------- testing Fri Jun 22 01:22:24 UTC 2018 /home/travis/build/icyphy/ptII/ptolemy/actor/lib/test/auto/PublisherTestSubscriber.xml
----------------- Instantiating /home/travis/build/icyphy/ptII/ptolemy/actor/lib/test/auto/PublisherTestSubscriber.xml
2 ms. Memory: 1581056K Free: 507157K (32%)
----------------- Invoking toplevel() on ptolemy.moml.MoMLSimpleApplication@53c8f1dc
----------------- Done invoking toplevel() on ptolemy.moml.MoMLSimpleApplication@53c8f1dc
reloadAllAccessors: .PublisherTestSubscriber

===========================================================================================
----------------- testing Fri Jun 22 01:22:24 UTC 2018 /home/travis/build/icyphy/ptII/ptolemy/actor/lib/test/auto/PublisherToplevelSubscriberPortAOC.xml
----------------- Instantiating /home/travis/build/icyphy/ptII/ptolemy/actor/lib/test/auto/PublisherToplevelSubscriberPortAOC.xml
1 ms. Memory: 1581056K Free: 492329K (31%)
----------------- Invoking toplevel() on ptolemy.moml.MoMLSimpleApplication@8cbd854
----------------- Done invoking toplevel() on ptolemy.moml.MoMLSimpleApplication@8cbd854
reloadAllAccessors: .PublisherToplevelSubscriberPortAOC

===========================================================================================
----------------- testing Fri Jun 22 01:22:24 UTC 2018 /home/travis/build/icyphy/ptII/ptolemy/actor/lib/test/auto/PulseFiringLimitDE.xml
----------------- Instantiating /home/travis/build/icyphy/ptII/ptolemy/actor/lib/test/auto/PulseFiringLimitDE.xml
1 ms. Memory: 1581056K Free: 477501K (30%)
----------------- Invoking toplevel() on ptolemy.moml.MoMLSimpleApplication@23eb980e
----------------- Done invoking toplevel() on ptolemy.moml.MoMLSimpleApplication@23eb980e
reloadAllAccessors: .PulseFiringLimitDE

===========================================================================================
----------------- testing Fri Jun 22 01:22:24 UTC 2018 /home/travis/build/icyphy/ptII/ptolemy/actor/lib/test/auto/Ramp1.xml
----------------- Instantiating /home/travis/build/icyphy/ptII/ptolemy/actor/lib/test/auto/Ramp1.xml
1 ms. Memory: 1581056K Free: 455746K (29%)
----------------- Invoking toplevel() on ptolemy.moml.MoMLSimpleApplication@1da9239c
----------------- Done invoking toplevel() on ptolemy.moml.MoMLSimpleApplication@1da9239c
reloadAllAccessors: .Ramp1

===========================================================================================
----------------- testing Fri Jun 22 01:22:24 UTC 2018 /home/travis/build/icyphy/ptII/ptolemy/actor/lib/test/auto/RampFiringLimitDE.xml
----------------- Instantiating /home/travis/build/icyphy/ptII/ptolemy/actor/lib/test/auto/RampFiringLimitDE.xml
2 ms. Memory: 1581056K Free: 440919K (28%)
----------------- Invoking toplevel() on ptolemy.moml.MoMLSimpleApplication@10f7514a
----------------- Done invoking toplevel() on ptolemy.moml.MoMLSimpleApplication@10f7514a
reloadAllAccessors: .RampFiringLimitDE

===========================================================================================
----------------- testing Fri Jun 22 01:22:24 UTC 2018 /home/travis/build/icyphy/ptII/ptolemy/actor/lib/test/auto/RampFiringLimitSDF.xml
----------------- Instantiating /home/travis/build/icyphy/ptII/ptolemy/actor/lib/test/auto/RampFiringLimitSDF.xml
2 ms. Memory: 1581056K Free: 426091K (27%)
----------------- Invoking toplevel() on ptolemy.moml.MoMLSimpleApplication@7efb9f85
----------------- Done invoking toplevel() on ptolemy.moml.MoMLSimpleApplication@7efb9f85
reloadAllAccessors: .RampFiringLimitSDF

===========================================================================================
----------------- testing Fri Jun 22 01:22:24 UTC 2018 /home/travis/build/icyphy/ptII/ptolemy/actor/lib/test/auto/RandomInteger.xml
----------------- Instantiating /home/travis/build/icyphy/ptII/ptolemy/actor/lib/test/auto/RandomInteger.xml
1 ms. Memory: 1581056K Free: 404336K (26%)
----------------- Invoking toplevel() on ptolemy.moml.MoMLSimpleApplication@7a005d53
----------------- Done invoking toplevel() on ptolemy.moml.MoMLSimpleApplication@7a005d53
reloadAllAccessors: .RandomInteger

===========================================================================================
----------------- testing Fri Jun 22 01:22:24 UTC 2018 /home/travis/build/icyphy/ptII/ptolemy/actor/lib/test/auto/ReadFile1.xml
----------------- Instantiating /home/travis/build/icyphy/ptII/ptolemy/actor/lib/test/auto/ReadFile1.xml
1 ms. Memory: 1581056K Free: 389509K (25%)
----------------- Invoking toplevel() on ptolemy.moml.MoMLSimpleApplication@5aeaed2f
----------------- Done invoking toplevel() on ptolemy.moml.MoMLSimpleApplication@5aeaed2f
reloadAllAccessors: .ReadFile1

===========================================================================================
----------------- testing Fri Jun 22 01:22:24 UTC 2018 /home/travis/build/icyphy/ptII/ptolemy/actor/lib/test/auto/ReadFile2.xml
----------------- Instantiating /home/travis/build/icyphy/ptII/ptolemy/actor/lib/test/auto/ReadFile2.xml
1 ms. Memory: 1581056K Free: 374681K (24%)
----------------- Invoking toplevel() on ptolemy.moml.MoMLSimpleApplication@5626b5f8
----------------- Done invoking toplevel() on ptolemy.moml.MoMLSimpleApplication@5626b5f8
reloadAllAccessors: .ReadFile2

===========================================================================================
----------------- testing Fri Jun 22 01:22:24 UTC 2018 /home/travis/build/icyphy/ptII/ptolemy/actor/lib/test/auto/Reader.xml
----------------- Instantiating /home/travis/build/icyphy/ptII/ptolemy/actor/lib/test/auto/Reader.xml
actor.lib.Reader is obsolete, use actor.lib.io.ExpressionReader instead
6 ms. Memory: 1581056K Free: 352926K (22%)
----------------- Invoking toplevel() on ptolemy.moml.MoMLSimpleApplication@58964be2
----------------- Done invoking toplevel() on ptolemy.moml.MoMLSimpleApplication@58964be2
reloadAllAccessors: .Reader

===========================================================================================
----------------- testing Fri Jun 22 01:22:24 UTC 2018 /home/travis/build/icyphy/ptII/ptolemy/actor/lib/test/auto/RecordAssemblerDisplayNameTest.xml
----------------- Instantiating /home/travis/build/icyphy/ptII/ptolemy/actor/lib/test/auto/RecordAssemblerDisplayNameTest.xml
3103 ms. Memory: 1616896K Free: 601024K (37%)
----------------- Invoking toplevel() on ptolemy.moml.MoMLSimpleApplication@261e47ce
----------------- Done invoking toplevel() on ptolemy.moml.MoMLSimpleApplication@261e47ce
reloadAllAccessors: .RecordAssemblerDisplayNameTest

===========================================================================================
----------------- testing Fri Jun 22 01:22:27 UTC 2018 /home/travis/build/icyphy/ptII/ptolemy/actor/lib/test/auto/RecordAssemblerTypeError.xml
----------------- Instantiating /home/travis/build/icyphy/ptII/ptolemy/actor/lib/test/auto/RecordAssemblerTypeError.xml
4 ms. Memory: 1616896K Free: 569087K (35%)
----------------- Invoking toplevel() on ptolemy.moml.MoMLSimpleApplication@5b486b1f
----------------- Done invoking toplevel() on ptolemy.moml.MoMLSimpleApplication@5b486b1f
reloadAllAccessors: .RecordAssemblerTypeError

===========================================================================================
----------------- testing Fri Jun 22 01:22:27 UTC 2018 /home/travis/build/icyphy/ptII/ptolemy/actor/lib/test/auto/RecordDisassember.xml
----------------- Instantiating /home/travis/build/icyphy/ptII/ptolemy/actor/lib/test/auto/RecordDisassember.xml
3 ms. Memory: 1616896K Free: 553974K (34%)
----------------- Invoking toplevel() on ptolemy.moml.MoMLSimpleApplication@52f0f26e
----------------- Done invoking toplevel() on ptolemy.moml.MoMLSimpleApplication@52f0f26e
reloadAllAccessors: .RecordDisassember

===========================================================================================
----------------- testing Fri Jun 22 01:22:27 UTC 2018 /home/travis/build/icyphy/ptII/ptolemy/actor/lib/test/auto/RecordDisassemberDisplayNameTest.xml
----------------- Instantiating /home/travis/build/icyphy/ptII/ptolemy/actor/lib/test/auto/RecordDisassemberDisplayNameTest.xml
4 ms. Memory: 1616896K Free: 533307K (33%)
----------------- Invoking toplevel() on ptolemy.moml.MoMLSimpleApplication@3a80b903
----------------- Done invoking toplevel() on ptolemy.moml.MoMLSimpleApplication@3a80b903
reloadAllAccessors: .RecordDisassemberDisplayNameTest

===========================================================================================
----------------- testing Fri Jun 22 01:22:27 UTC 2018 /home/travis/build/icyphy/ptII/ptolemy/actor/lib/test/auto/RecordDisassembler.xml
----------------- Instantiating /home/travis/build/icyphy/ptII/ptolemy/actor/lib/test/auto/RecordDisassembler.xml
2 ms. Memory: 1616896K Free: 518280K (32%)
----------------- Invoking toplevel() on ptolemy.moml.MoMLSimpleApplication@4adf4ef9
----------------- Done invoking toplevel() on ptolemy.moml.MoMLSimpleApplication@4adf4ef9
reloadAllAccessors: .RecordDisassembler

===========================================================================================
----------------- testing Fri Jun 22 01:22:27 UTC 2018 /home/travis/build/icyphy/ptII/ptolemy/actor/lib/test/auto/RecordDisassembler2.xml
----------------- Instantiating /home/travis/build/icyphy/ptII/ptolemy/actor/lib/test/auto/RecordDisassembler2.xml
2 ms. Memory: 1616896K Free: 497613K (31%)
----------------- Invoking toplevel() on ptolemy.moml.MoMLSimpleApplication@4ca70596
----------------- Done invoking toplevel() on ptolemy.moml.MoMLSimpleApplication@4ca70596
reloadAllAccessors: .RecordDisassembler2

===========================================================================================
----------------- testing Fri Jun 22 01:22:27 UTC 2018 /home/travis/build/icyphy/ptII/ptolemy/actor/lib/test/auto/RecordUpdater.xml
----------------- Instantiating /home/travis/build/icyphy/ptII/ptolemy/actor/lib/test/auto/RecordUpdater.xml
2 ms. Memory: 1616896K Free: 482586K (30%)
----------------- Invoking toplevel() on ptolemy.moml.MoMLSimpleApplication@31fd1b1
----------------- Done invoking toplevel() on ptolemy.moml.MoMLSimpleApplication@31fd1b1
reloadAllAccessors: .RecordUpdater

===========================================================================================
----------------- testing Fri Jun 22 01:22:27 UTC 2018 /home/travis/build/icyphy/ptII/ptolemy/actor/lib/test/auto/RecordUpdater2.xml
----------------- Instantiating /home/travis/build/icyphy/ptII/ptolemy/actor/lib/test/auto/RecordUpdater2.xml
1 ms. Memory: 1616896K Free: 467558K (29%)
----------------- Invoking toplevel() on ptolemy.moml.MoMLSimpleApplication@d853f05
----------------- Done invoking toplevel() on ptolemy.moml.MoMLSimpleApplication@d853f05
reloadAllAccessors: .RecordUpdater2

===========================================================================================
----------------- testing Fri Jun 22 01:22:27 UTC 2018 /home/travis/build/icyphy/ptII/ptolemy/actor/lib/test/auto/RecursiveLattice.xml
----------------- Instantiating /home/travis/build/icyphy/ptII/ptolemy/actor/lib/test/auto/RecursiveLattice.xml
1 ms. Memory: 1616896K Free: 446891K (28%)
----------------- Invoking toplevel() on ptolemy.moml.MoMLSimpleApplication@b70ba1a
----------------- Done invoking toplevel() on ptolemy.moml.MoMLSimpleApplication@b70ba1a
reloadAllAccessors: .RecursiveLattice

===========================================================================================
----------------- testing Fri Jun 22 01:22:27 UTC 2018 /home/travis/build/icyphy/ptII/ptolemy/actor/lib/test/auto/Router.xml
----------------- Instantiating /home/travis/build/icyphy/ptII/ptolemy/actor/lib/test/auto/Router.xml
3003 ms. Memory: 1616896K Free: 431864K (27%)
----------------- Invoking toplevel() on ptolemy.moml.MoMLSimpleApplication@44c45e12
----------------- Done invoking toplevel() on ptolemy.moml.MoMLSimpleApplication@44c45e12
reloadAllAccessors: .Router

===========================================================================================
----------------- testing Fri Jun 22 01:22:30 UTC 2018 /home/travis/build/icyphy/ptII/ptolemy/actor/lib/test/auto/Router2.xml
----------------- Instantiating /home/travis/build/icyphy/ptII/ptolemy/actor/lib/test/auto/Router2.xml
3004 ms. Memory: 1616896K Free: 411197K (25%)
----------------- Invoking toplevel() on ptolemy.moml.MoMLSimpleApplication@641dd5fc
----------------- Done invoking toplevel() on ptolemy.moml.MoMLSimpleApplication@641dd5fc
reloadAllAccessors: .Router2

===========================================================================================
----------------- testing Fri Jun 22 01:22:33 UTC 2018 /home/travis/build/icyphy/ptII/ptolemy/actor/lib/test/auto/RunningMaximum.xml
----------------- Instantiating /home/travis/build/icyphy/ptII/ptolemy/actor/lib/test/auto/RunningMaximum.xml
2 ms. Memory: 1616896K Free: 396170K (25%)
----------------- Invoking toplevel() on ptolemy.moml.MoMLSimpleApplication@52778065
----------------- Done invoking toplevel() on ptolemy.moml.MoMLSimpleApplication@52778065
reloadAllAccessors: .RunningMaximum

===========================================================================================
----------------- testing Fri Jun 22 01:22:33 UTC 2018 /home/travis/build/icyphy/ptII/ptolemy/actor/lib/test/auto/RunningMinimum.xml
----------------- Instantiating /home/travis/build/icyphy/ptII/ptolemy/actor/lib/test/auto/RunningMinimum.xml
2 ms. Memory: 1616896K Free: 375503K (23%)
----------------- Invoking toplevel() on ptolemy.moml.MoMLSimpleApplication@6e084af8
----------------- Done invoking toplevel() on ptolemy.moml.MoMLSimpleApplication@6e084af8
reloadAllAccessors: .RunningMinimum

===========================================================================================
----------------- testing Fri Jun 22 01:22:33 UTC 2018 /home/travis/build/icyphy/ptII/ptolemy/actor/lib/test/auto/Scale.xml
----------------- Instantiating /home/travis/build/icyphy/ptII/ptolemy/actor/lib/test/auto/Scale.xml
1 ms. Memory: 1616896K Free: 360476K (22%)
----------------- Invoking toplevel() on ptolemy.moml.MoMLSimpleApplication@1f3dbf7d
----------------- Done invoking toplevel() on ptolemy.moml.MoMLSimpleApplication@1f3dbf7d
reloadAllAccessors: .Scale

===========================================================================================
----------------- testing Fri Jun 22 01:22:33 UTC 2018 /home/travis/build/icyphy/ptII/ptolemy/actor/lib/test/auto/Scale2.xml
----------------- Instantiating /home/travis/build/icyphy/ptII/ptolemy/actor/lib/test/auto/Scale2.xml
1 ms. Memory: 1616896K Free: 345448K (21%)
----------------- Invoking toplevel() on ptolemy.moml.MoMLSimpleApplication@3582ee18
----------------- Done invoking toplevel() on ptolemy.moml.MoMLSimpleApplication@3582ee18
reloadAllAccessors: .Scale2

===========================================================================================
----------------- testing Fri Jun 22 01:22:33 UTC 2018 /home/travis/build/icyphy/ptII/ptolemy/actor/lib/test/auto/Scale3.xml
----------------- Instantiating /home/travis/build/icyphy/ptII/ptolemy/actor/lib/test/auto/Scale3.xml
2 ms. Memory: 1616896K Free: 324781K (20%)
----------------- Invoking toplevel() on ptolemy.moml.MoMLSimpleApplication@12529811
----------------- Done invoking toplevel() on ptolemy.moml.MoMLSimpleApplication@12529811
reloadAllAccessors: .Scale3

===========================================================================================
----------------- testing Fri Jun 22 01:22:33 UTC 2018 /home/travis/build/icyphy/ptII/ptolemy/actor/lib/test/auto/ScaleArray.xml
----------------- Instantiating /home/travis/build/icyphy/ptII/ptolemy/actor/lib/test/auto/ScaleArray.xml
2 ms. Memory: 1616896K Free: 309754K (19%)
----------------- Invoking toplevel() on ptolemy.moml.MoMLSimpleApplication@6a550d05
----------------- Done invoking toplevel() on ptolemy.moml.MoMLSimpleApplication@6a550d05
reloadAllAccessors: .ScaleArray

===========================================================================================
----------------- testing Fri Jun 22 01:22:33 UTC 2018 /home/travis/build/icyphy/ptII/ptolemy/actor/lib/test/auto/ScaleArray2.xml
----------------- Instantiating /home/travis/build/icyphy/ptII/ptolemy/actor/lib/test/auto/ScaleArray2.xml
1 ms. Memory: 1616896K Free: 289087K (18%)
----------------- Invoking toplevel() on ptolemy.moml.MoMLSimpleApplication@475e53d9
----------------- Done invoking toplevel() on ptolemy.moml.MoMLSimpleApplication@475e53d9
reloadAllAccessors: .ScaleArray2

===========================================================================================
----------------- testing Fri Jun 22 01:22:33 UTC 2018 /home/travis/build/icyphy/ptII/ptolemy/actor/lib/test/auto/ScaleMatrix.xml
----------------- Instantiating /home/travis/build/icyphy/ptII/ptolemy/actor/lib/test/auto/ScaleMatrix.xml
97 ms. Memory: 1616896K Free: 266546K (16%)
----------------- Invoking toplevel() on ptolemy.moml.MoMLSimpleApplication@43a5510e
----------------- Done invoking toplevel() on ptolemy.moml.MoMLSimpleApplication@43a5510e
reloadAllAccessors: .ScaleMatrix

===========================================================================================
----------------- testing Fri Jun 22 01:22:33 UTC 2018 /home/travis/build/icyphy/ptII/ptolemy/actor/lib/test/auto/Select.xml
----------------- Instantiating /home/travis/build/icyphy/ptII/ptolemy/actor/lib/test/auto/Select.xml
2 ms. Memory: 1616896K Free: 245879K (15%)
----------------- Invoking toplevel() on ptolemy.moml.MoMLSimpleApplication@43e6c882
----------------- Done invoking toplevel() on ptolemy.moml.MoMLSimpleApplication@43e6c882
reloadAllAccessors: .Select

===========================================================================================
----------------- testing Fri Jun 22 01:22:33 UTC 2018 /home/travis/build/icyphy/ptII/ptolemy/actor/lib/test/auto/Select2.xml
----------------- Instantiating /home/travis/build/icyphy/ptII/ptolemy/actor/lib/test/auto/Select2.xml
1 ms. Memory: 1616896K Free: 230852K (14%)
----------------- Invoking toplevel() on ptolemy.moml.MoMLSimpleApplication@2f12c2a0
----------------- Done invoking toplevel() on ptolemy.moml.MoMLSimpleApplication@2f12c2a0
reloadAllAccessors: .Select2

===========================================================================================
----------------- testing Fri Jun 22 01:22:33 UTC 2018 /home/travis/build/icyphy/ptII/ptolemy/actor/lib/test/auto/SequenceToArray2.xml
----------------- Instantiating /home/travis/build/icyphy/ptII/ptolemy/actor/lib/test/auto/SequenceToArray2.xml
83 ms. Memory: 1616896K Free: 135048K (8%)
----------------- Invoking toplevel() on ptolemy.moml.MoMLSimpleApplication@2485a48f
----------------- Done invoking toplevel() on ptolemy.moml.MoMLSimpleApplication@2485a48f
reloadAllAccessors: .SequenceToArray2

===========================================================================================
----------------- testing Fri Jun 22 01:22:34 UTC 2018 /home/travis/build/icyphy/ptII/ptolemy/actor/lib/test/auto/SequentialClock.xml
----------------- Instantiating /home/travis/build/icyphy/ptII/ptolemy/actor/lib/test/auto/SequentialClock.xml
1 ms. Memory: 1616896K Free: 120021K (7%)
----------------- Invoking toplevel() on ptolemy.moml.MoMLSimpleApplication@3c108846
----------------- Done invoking toplevel() on ptolemy.moml.MoMLSimpleApplication@3c108846
reloadAllAccessors: .SequentialClock

===========================================================================================
----------------- testing Fri Jun 22 01:22:34 UTC 2018 /home/travis/build/icyphy/ptII/ptolemy/actor/lib/test/auto/SetVariable.xml
----------------- Instantiating /home/travis/build/icyphy/ptII/ptolemy/actor/lib/test/auto/SetVariable.xml
3 ms. Memory: 1616896K Free: 104993K (6%)
----------------- Invoking toplevel() on ptolemy.moml.MoMLSimpleApplication@5f7ac97f
----------------- Done invoking toplevel() on ptolemy.moml.MoMLSimpleApplication@5f7ac97f
reloadAllAccessors: .SetVariable

===========================================================================================
----------------- testing Fri Jun 22 01:22:34 UTC 2018 /home/travis/build/icyphy/ptII/ptolemy/actor/lib/test/auto/SetVariable2.xml
----------------- Instantiating /home/travis/build/icyphy/ptII/ptolemy/actor/lib/test/auto/SetVariable2.xml
3 ms. Memory: 1616896K Free: 84326K (5%)
----------------- Invoking toplevel() on ptolemy.moml.MoMLSimpleApplication@30db5e67
----------------- Done invoking toplevel() on ptolemy.moml.MoMLSimpleApplication@30db5e67
reloadAllAccessors: .SetVariable2

===========================================================================================
----------------- testing Fri Jun 22 01:22:34 UTC 2018 /home/travis/build/icyphy/ptII/ptolemy/actor/lib/test/auto/SetVariable3.xml
----------------- Instantiating /home/travis/build/icyphy/ptII/ptolemy/actor/lib/test/auto/SetVariable3.xml
11 ms. Memory: 1616896K Free: 74564K (5%)
----------------- Invoking toplevel() on ptolemy.moml.MoMLSimpleApplication@7d08997c
----------------- Done invoking toplevel() on ptolemy.moml.MoMLSimpleApplication@7d08997c
reloadAllAccessors: .SetVariable3

===========================================================================================
----------------- testing Fri Jun 22 01:22:34 UTC 2018 /home/travis/build/icyphy/ptII/ptolemy/actor/lib/test/auto/SetVariable4.xml
----------------- Instantiating /home/travis/build/icyphy/ptII/ptolemy/actor/lib/test/auto/SetVariable4.xml
14 ms. Memory: 1784320K Free: 1639509K (92%)
----------------- Invoking toplevel() on ptolemy.moml.MoMLSimpleApplication@69cfb9b1
----------------- Done invoking toplevel() on ptolemy.moml.MoMLSimpleApplication@69cfb9b1
reloadAllAccessors: .SetVariable4

===========================================================================================
----------------- testing Fri Jun 22 01:22:34 UTC 2018 /home/travis/build/icyphy/ptII/ptolemy/actor/lib/test/auto/SetVariable5.xml
----------------- Instantiating /home/travis/build/icyphy/ptII/ptolemy/actor/lib/test/auto/SetVariable5.xml
15 ms. Memory: 1784320K Free: 1617151K (91%)
----------------- Invoking toplevel() on ptolemy.moml.MoMLSimpleApplication@57b67071
----------------- Done invoking toplevel() on ptolemy.moml.MoMLSimpleApplication@57b67071
reloadAllAccessors: .SetVariable5

===========================================================================================
----------------- testing Fri Jun 22 01:22:34 UTC 2018 /home/travis/build/icyphy/ptII/ptolemy/actor/lib/test/auto/Sinewave.xml
----------------- Instantiating /home/travis/build/icyphy/ptII/ptolemy/actor/lib/test/auto/Sinewave.xml
3 ms. Memory: 1784320K Free: 1590257K (89%)
----------------- Invoking toplevel() on ptolemy.moml.MoMLSimpleApplication@2e0a833f
----------------- Done invoking toplevel() on ptolemy.moml.MoMLSimpleApplication@2e0a833f
reloadAllAccessors: .Sinewave

===========================================================================================
----------------- testing Fri Jun 22 01:22:34 UTC 2018 /home/travis/build/icyphy/ptII/ptolemy/actor/lib/test/auto/Sinewave2.xml
----------------- Instantiating /home/travis/build/icyphy/ptII/ptolemy/actor/lib/test/auto/Sinewave2.xml
4 ms. Memory: 1784320K Free: 1567961K (88%)
----------------- Invoking toplevel() on ptolemy.moml.MoMLSimpleApplication@712157a4
----------------- Done invoking toplevel() on ptolemy.moml.MoMLSimpleApplication@712157a4
reloadAllAccessors: .Sinewave2

===========================================================================================
----------------- testing Fri Jun 22 01:22:34 UTC 2018 /home/travis/build/icyphy/ptII/ptolemy/actor/lib/test/auto/Sinewave3.xml
----------------- Instantiating /home/travis/build/icyphy/ptII/ptolemy/actor/lib/test/auto/Sinewave3.xml
4 ms. Memory: 1784320K Free: 1541068K (86%)
----------------- Invoking toplevel() on ptolemy.moml.MoMLSimpleApplication@58734116
----------------- Done invoking toplevel() on ptolemy.moml.MoMLSimpleApplication@58734116
reloadAllAccessors: .Sinewave3

===========================================================================================
----------------- testing Fri Jun 22 01:22:34 UTC 2018 /home/travis/build/icyphy/ptII/ptolemy/actor/lib/test/auto/SingleEvent.xml
----------------- Instantiating /home/travis/build/icyphy/ptII/ptolemy/actor/lib/test/auto/SingleEvent.xml
1 ms. Memory: 1784320K Free: 1518772K (85%)
----------------- Invoking toplevel() on ptolemy.moml.MoMLSimpleApplication@25615b16
----------------- Done invoking toplevel() on ptolemy.moml.MoMLSimpleApplication@25615b16
reloadAllAccessors: .SingleEvent

===========================================================================================
----------------- testing Fri Jun 22 01:22:34 UTC 2018 /home/travis/build/icyphy/ptII/ptolemy/actor/lib/test/auto/Sleep.xml
----------------- Instantiating /home/travis/build/icyphy/ptII/ptolemy/actor/lib/test/auto/Sleep.xml
6003 ms. Memory: 1784320K Free: 1491878K (84%)
----------------- Invoking toplevel() on ptolemy.moml.MoMLSimpleApplication@3ab0c1e1
----------------- Done invoking toplevel() on ptolemy.moml.MoMLSimpleApplication@3ab0c1e1
reloadAllAccessors: .Sleep

===========================================================================================
----------------- testing Fri Jun 22 01:22:40 UTC 2018 /home/travis/build/icyphy/ptII/ptolemy/actor/lib/test/auto/SleepMultipleFire.xml
----------------- Instantiating /home/travis/build/icyphy/ptII/ptolemy/actor/lib/test/auto/SleepMultipleFire.xml
1004 ms. Memory: 1784320K Free: 1469582K (82%)
----------------- Invoking toplevel() on ptolemy.moml.MoMLSimpleApplication@72735bd8
----------------- Done invoking toplevel() on ptolemy.moml.MoMLSimpleApplication@72735bd8
reloadAllAccessors: .SleepMultipleFire

===========================================================================================
----------------- testing Fri Jun 22 01:22:41 UTC 2018 /home/travis/build/icyphy/ptII/ptolemy/actor/lib/test/auto/StopDE.xml
----------------- Instantiating /home/travis/build/icyphy/ptII/ptolemy/actor/lib/test/auto/StopDE.xml
2 ms. Memory: 1784320K Free: 1442688K (81%)
----------------- Invoking toplevel() on ptolemy.moml.MoMLSimpleApplication@7dee70d5
----------------- Done invoking toplevel() on ptolemy.moml.MoMLSimpleApplication@7dee70d5
reloadAllAccessors: .StopDE

===========================================================================================
----------------- testing Fri Jun 22 01:22:41 UTC 2018 /home/travis/build/icyphy/ptII/ptolemy/actor/lib/test/auto/StopSDF.xml
----------------- Instantiating /home/travis/build/icyphy/ptII/ptolemy/actor/lib/test/auto/StopSDF.xml
2 ms. Memory: 1784320K Free: 1420393K (80%)
----------------- Invoking toplevel() on ptolemy.moml.MoMLSimpleApplication@6ae3fbb4
----------------- Done invoking toplevel() on ptolemy.moml.MoMLSimpleApplication@6ae3fbb4
reloadAllAccessors: .StopSDF

===========================================================================================
----------------- testing Fri Jun 22 01:22:41 UTC 2018 /home/travis/build/icyphy/ptII/ptolemy/actor/lib/test/auto/StringConstant.xml
----------------- Instantiating /home/travis/build/icyphy/ptII/ptolemy/actor/lib/test/auto/StringConstant.xml
1 ms. Memory: 1784320K Free: 1393499K (78%)
----------------- Invoking toplevel() on ptolemy.moml.MoMLSimpleApplication@33dc192f
----------------- Done invoking toplevel() on ptolemy.moml.MoMLSimpleApplication@33dc192f
reloadAllAccessors: .StringConstant

===========================================================================================
----------------- testing Fri Jun 22 01:22:41 UTC 2018 /home/travis/build/icyphy/ptII/ptolemy/actor/lib/test/auto/SubscriberPortInitialValues1.xml
----------------- Instantiating /home/travis/build/icyphy/ptII/ptolemy/actor/lib/test/auto/SubscriberPortInitialValues1.xml
3 ms. Memory: 1784320K Free: 1366605K (77%)
----------------- Invoking toplevel() on ptolemy.moml.MoMLSimpleApplication@52b28dd8
----------------- Done invoking toplevel() on ptolemy.moml.MoMLSimpleApplication@52b28dd8
reloadAllAccessors: .SubscriberPortInitialValues1

===========================================================================================
----------------- testing Fri Jun 22 01:22:41 UTC 2018 /home/travis/build/icyphy/ptII/ptolemy/actor/lib/test/auto/SubscriberPortInitialValues13.xml
----------------- Instantiating /home/travis/build/icyphy/ptII/ptolemy/actor/lib/test/auto/SubscriberPortInitialValues13.xml
3 ms. Memory: 1784320K Free: 1344310K (75%)
----------------- Invoking toplevel() on ptolemy.moml.MoMLSimpleApplication@47ea0859
----------------- Done invoking toplevel() on ptolemy.moml.MoMLSimpleApplication@47ea0859
reloadAllAccessors: .SubscriberPortInitialValues13

===========================================================================================
----------------- testing Fri Jun 22 01:22:41 UTC 2018 /home/travis/build/icyphy/ptII/ptolemy/actor/lib/test/auto/SubscriberPortInitialValues14.xml
----------------- Instantiating /home/travis/build/icyphy/ptII/ptolemy/actor/lib/test/auto/SubscriberPortInitialValues14.xml
3 ms. Memory: 1784320K Free: 1317416K (74%)
----------------- Invoking toplevel() on ptolemy.moml.MoMLSimpleApplication@528e80ae
----------------- Done invoking toplevel() on ptolemy.moml.MoMLSimpleApplication@528e80ae
reloadAllAccessors: .SubscriberPortInitialValues14

===========================================================================================
----------------- testing Fri Jun 22 01:22:41 UTC 2018 /home/travis/build/icyphy/ptII/ptolemy/actor/lib/test/auto/SubscriberPortInitialValues2.xml
----------------- Instantiating /home/travis/build/icyphy/ptII/ptolemy/actor/lib/test/auto/SubscriberPortInitialValues2.xml
2 ms. Memory: 1784320K Free: 1295120K (73%)
----------------- Invoking toplevel() on ptolemy.moml.MoMLSimpleApplication@7567151d
----------------- Done invoking toplevel() on ptolemy.moml.MoMLSimpleApplication@7567151d
reloadAllAccessors: .SubscriberPortInitialValues2

===========================================================================================
----------------- testing Fri Jun 22 01:22:41 UTC 2018 /home/travis/build/icyphy/ptII/ptolemy/actor/lib/test/auto/SubscriberPortInitialValues3.xml
----------------- Instantiating /home/travis/build/icyphy/ptII/ptolemy/actor/lib/test/auto/SubscriberPortInitialValues3.xml
2 ms. Memory: 1784320K Free: 1268227K (71%)
----------------- Invoking toplevel() on ptolemy.moml.MoMLSimpleApplication@473ed23
----------------- Done invoking toplevel() on ptolemy.moml.MoMLSimpleApplication@473ed23
reloadAllAccessors: .SubscriberPortInitialValues3

===========================================================================================
----------------- testing Fri Jun 22 01:22:41 UTC 2018 /home/travis/build/icyphy/ptII/ptolemy/actor/lib/test/auto/SubscriptionAggregator.xml
----------------- Instantiating /home/travis/build/icyphy/ptII/ptolemy/actor/lib/test/auto/SubscriptionAggregator.xml
1 ms. Memory: 1784320K Free: 1245931K (70%)
----------------- Invoking toplevel() on ptolemy.moml.MoMLSimpleApplication@a2b13f9
----------------- Done invoking toplevel() on ptolemy.moml.MoMLSimpleApplication@a2b13f9
reloadAllAccessors: .SubscriptionAggregator

===========================================================================================
----------------- testing Fri Jun 22 01:22:41 UTC 2018 /home/travis/build/icyphy/ptII/ptolemy/actor/lib/test/auto/SubscriptionAggregator2.xml
----------------- Instantiating /home/travis/build/icyphy/ptII/ptolemy/actor/lib/test/auto/SubscriptionAggregator2.xml
1 ms. Memory: 1784320K Free: 1219037K (68%)
----------------- Invoking toplevel() on ptolemy.moml.MoMLSimpleApplication@6696c7fa
----------------- Done invoking toplevel() on ptolemy.moml.MoMLSimpleApplication@6696c7fa
reloadAllAccessors: .SubscriptionAggregator2

===========================================================================================
----------------- testing Fri Jun 22 01:22:41 UTC 2018 /home/travis/build/icyphy/ptII/ptolemy/actor/lib/test/auto/SubscriptionAggregator3.xml
----------------- Instantiating /home/travis/build/icyphy/ptII/ptolemy/actor/lib/test/auto/SubscriptionAggregator3.xml
3 ms. Memory: 1784320K Free: 1196741K (67%)
----------------- Invoking toplevel() on ptolemy.moml.MoMLSimpleApplication@590ee51a
----------------- Done invoking toplevel() on ptolemy.moml.MoMLSimpleApplication@590ee51a
reloadAllAccessors: .SubscriptionAggregator3

===========================================================================================
----------------- testing Fri Jun 22 01:22:41 UTC 2018 /home/travis/build/icyphy/ptII/ptolemy/actor/lib/test/auto/SubscriptionAggregatorMultiply.xml
----------------- Instantiating /home/travis/build/icyphy/ptII/ptolemy/actor/lib/test/auto/SubscriptionAggregatorMultiply.xml
3 ms. Memory: 1784320K Free: 1169848K (66%)
----------------- Invoking toplevel() on ptolemy.moml.MoMLSimpleApplication@6c53d968
----------------- Done invoking toplevel() on ptolemy.moml.MoMLSimpleApplication@6c53d968
reloadAllAccessors: .SubscriptionAggregatorMultiply

===========================================================================================
----------------- testing Fri Jun 22 01:22:41 UTC 2018 /home/travis/build/icyphy/ptII/ptolemy/actor/lib/test/auto/SubscriptionAggregatorPortMultiply1.xml
----------------- Instantiating /home/travis/build/icyphy/ptII/ptolemy/actor/lib/test/auto/SubscriptionAggregatorPortMultiply1.xml
3 ms. Memory: 1784320K Free: 1147552K (64%)
----------------- Invoking toplevel() on ptolemy.moml.MoMLSimpleApplication@5649f388
----------------- Done invoking toplevel() on ptolemy.moml.MoMLSimpleApplication@5649f388
reloadAllAccessors: .SubscriptionAggregatorPortMultiply1

===========================================================================================
----------------- testing Fri Jun 22 01:22:41 UTC 2018 /home/travis/build/icyphy/ptII/ptolemy/actor/lib/test/auto/Switch.xml
----------------- Instantiating /home/travis/build/icyphy/ptII/ptolemy/actor/lib/test/auto/Switch.xml
3 ms. Memory: 1784320K Free: 1053771K (59%)
----------------- Invoking toplevel() on ptolemy.moml.MoMLSimpleApplication@670d7e16
----------------- Done invoking toplevel() on ptolemy.moml.MoMLSimpleApplication@670d7e16
reloadAllAccessors: .Switch

===========================================================================================
----------------- testing Fri Jun 22 01:22:41 UTC 2018 /home/travis/build/icyphy/ptII/ptolemy/actor/lib/test/auto/Switch2.xml
----------------- Instantiating /home/travis/build/icyphy/ptII/ptolemy/actor/lib/test/auto/Switch2.xml
1 ms. Memory: 1784320K Free: 1031475K (58%)
----------------- Invoking toplevel() on ptolemy.moml.MoMLSimpleApplication@379e95bb
----------------- Done invoking toplevel() on ptolemy.moml.MoMLSimpleApplication@379e95bb
reloadAllAccessors: .Switch2

===========================================================================================
----------------- testing Fri Jun 22 01:22:41 UTC 2018 /home/travis/build/icyphy/ptII/ptolemy/actor/lib/test/auto/SwitchDE.xml
----------------- Instantiating /home/travis/build/icyphy/ptII/ptolemy/actor/lib/test/auto/SwitchDE.xml
1 ms. Memory: 1784320K Free: 1004581K (56%)
----------------- Invoking toplevel() on ptolemy.moml.MoMLSimpleApplication@6fd667c8
----------------- Done invoking toplevel() on ptolemy.moml.MoMLSimpleApplication@6fd667c8
reloadAllAccessors: .SwitchDE

===========================================================================================
----------------- testing Fri Jun 22 01:22:41 UTC 2018 /home/travis/build/icyphy/ptII/ptolemy/actor/lib/test/auto/SynchronizerDE.xml
----------------- Instantiating /home/travis/build/icyphy/ptII/ptolemy/actor/lib/test/auto/SynchronizerDE.xml
3 ms. Memory: 1784320K Free: 977688K (55%)
----------------- Invoking toplevel() on ptolemy.moml.MoMLSimpleApplication@d7979ae
----------------- Done invoking toplevel() on ptolemy.moml.MoMLSimpleApplication@d7979ae
reloadAllAccessors: .SynchronizerDE

===========================================================================================
----------------- testing Fri Jun 22 01:22:41 UTC 2018 /home/travis/build/icyphy/ptII/ptolemy/actor/lib/test/auto/Test.xml
----------------- Instantiating /home/travis/build/icyphy/ptII/ptolemy/actor/lib/test/auto/Test.xml
1 ms. Memory: 1784320K Free: 955392K (54%)
----------------- Invoking toplevel() on ptolemy.moml.MoMLSimpleApplication@5d67cc04
----------------- Done invoking toplevel() on ptolemy.moml.MoMLSimpleApplication@5d67cc04
reloadAllAccessors: .Test

===========================================================================================
----------------- testing Fri Jun 22 01:22:41 UTC 2018 /home/travis/build/icyphy/ptII/ptolemy/actor/lib/test/auto/TestExceptionAttribute1.xml
----------------- Instantiating /home/travis/build/icyphy/ptII/ptolemy/actor/lib/test/auto/TestExceptionAttribute1.xml
0 ms. Memory: 1784320K Free: 928499K (52%)
----------------- Invoking toplevel() on ptolemy.moml.MoMLSimpleApplication@20704b5
----------------- Done invoking toplevel() on ptolemy.moml.MoMLSimpleApplication@20704b5
reloadAllAccessors: .TestExceptionAttribute1

===========================================================================================
----------------- testing Fri Jun 22 01:22:41 UTC 2018 /home/travis/build/icyphy/ptII/ptolemy/actor/lib/test/auto/TestExceptionAttribute2.xml
----------------- Instantiating /home/travis/build/icyphy/ptII/ptolemy/actor/lib/test/auto/TestExceptionAttribute2.xml
1 ms. Memory: 1784320K Free: 906203K (51%)
----------------- Invoking toplevel() on ptolemy.moml.MoMLSimpleApplication@782c9305
----------------- Done invoking toplevel() on ptolemy.moml.MoMLSimpleApplication@782c9305
reloadAllAccessors: .TestExceptionAttribute2

===========================================================================================
----------------- testing Fri Jun 22 01:22:41 UTC 2018 /home/travis/build/icyphy/ptII/ptolemy/actor/lib/test/auto/TestExceptionAttribute3.xml
----------------- Instantiating /home/travis/build/icyphy/ptII/ptolemy/actor/lib/test/auto/TestExceptionAttribute3.xml
.TestExceptionAttribute3.TestExceptionAttribute: initialize() was not invoked, but wrapup() was.  This is unusual, but not always a problem.  For example, exporting JNLP will do this.
1 ms. Memory: 1784320K Free: 879309K (49%)
----------------- Invoking toplevel() on ptolemy.moml.MoMLSimpleApplication@e2cde63
----------------- Done invoking toplevel() on ptolemy.moml.MoMLSimpleApplication@e2cde63
reloadAllAccessors: .TestExceptionAttribute3

===========================================================================================
----------------- testing Fri Jun 22 01:22:41 UTC 2018 /home/travis/build/icyphy/ptII/ptolemy/actor/lib/test/auto/TestExceptionAttribute4.xml
----------------- Instantiating /home/travis/build/icyphy/ptII/ptolemy/actor/lib/test/auto/TestExceptionAttribute4.xml
.TestExceptionAttribute4.TestExceptionAttribute: initialize() was not invoked, but wrapup() was.  This is unusual, but not always a problem.  For example, exporting JNLP will do this.
.TestExceptionAttribute4.TestExceptionAttribute2: initialize() was not invoked, but wrapup() was.  This is unusual, but not always a problem.  For example, exporting JNLP will do this.
1 ms. Memory: 1784320K Free: 857013K (48%)
----------------- Invoking toplevel() on ptolemy.moml.MoMLSimpleApplication@1f25a7e
----------------- Done invoking toplevel() on ptolemy.moml.MoMLSimpleApplication@1f25a7e
reloadAllAccessors: .TestExceptionAttribute4

===========================================================================================
----------------- testing Fri Jun 22 01:22:41 UTC 2018 /home/travis/build/icyphy/ptII/ptolemy/actor/lib/test/auto/TestExceptionHandler1.xml
----------------- Instantiating /home/travis/build/icyphy/ptII/ptolemy/actor/lib/test/auto/TestExceptionHandler1.xml
1 ms. Memory: 1784320K Free: 830120K (47%)
----------------- Invoking toplevel() on ptolemy.moml.MoMLSimpleApplication@3d18606c
----------------- Done invoking toplevel() on ptolemy.moml.MoMLSimpleApplication@3d18606c
reloadAllAccessors: .TestExceptionHandler1

===========================================================================================
----------------- testing Fri Jun 22 01:22:41 UTC 2018 /home/travis/build/icyphy/ptII/ptolemy/actor/lib/test/auto/TestExceptionHandler2.xml
----------------- Instantiating /home/travis/build/icyphy/ptII/ptolemy/actor/lib/test/auto/TestExceptionHandler2.xml
0 ms. Memory: 1784320K Free: 807824K (45%)
----------------- Invoking toplevel() on ptolemy.moml.MoMLSimpleApplication@5bda7db1
----------------- Done invoking toplevel() on ptolemy.moml.MoMLSimpleApplication@5bda7db1
reloadAllAccessors: .TestExceptionHandler2

===========================================================================================
----------------- testing Fri Jun 22 01:22:41 UTC 2018 /home/travis/build/icyphy/ptII/ptolemy/actor/lib/test/auto/TestExceptionHandler3.xml
----------------- Instantiating /home/travis/build/icyphy/ptII/ptolemy/actor/lib/test/auto/TestExceptionHandler3.xml
0 ms. Memory: 1784320K Free: 780930K (44%)
----------------- Invoking toplevel() on ptolemy.moml.MoMLSimpleApplication@3b106484
----------------- Done invoking toplevel() on ptolemy.moml.MoMLSimpleApplication@3b106484
reloadAllAccessors: .TestExceptionHandler3

===========================================================================================
----------------- testing Fri Jun 22 01:22:41 UTC 2018 /home/travis/build/icyphy/ptII/ptolemy/actor/lib/test/auto/TestExceptionHandler4.xml
----------------- Instantiating /home/travis/build/icyphy/ptII/ptolemy/actor/lib/test/auto/TestExceptionHandler4.xml
0 ms. Memory: 1784320K Free: 758634K (43%)
----------------- Invoking toplevel() on ptolemy.moml.MoMLSimpleApplication@6c0734bd
----------------- Done invoking toplevel() on ptolemy.moml.MoMLSimpleApplication@6c0734bd
reloadAllAccessors: .TestExceptionHandler4

===========================================================================================
----------------- testing Fri Jun 22 01:22:41 UTC 2018 /home/travis/build/icyphy/ptII/ptolemy/actor/lib/test/auto/TestRequireCorrectOrder.xml
----------------- Instantiating /home/travis/build/icyphy/ptII/ptolemy/actor/lib/test/auto/TestRequireCorrectOrder.xml
1 ms. Memory: 1784320K Free: 731741K (41%)
----------------- Invoking toplevel() on ptolemy.moml.MoMLSimpleApplication@570cd558
----------------- Done invoking toplevel() on ptolemy.moml.MoMLSimpleApplication@570cd558
reloadAllAccessors: .TestRequireCorrectOrder

===========================================================================================
----------------- testing Fri Jun 22 01:22:41 UTC 2018 /home/travis/build/icyphy/ptII/ptolemy/actor/lib/test/auto/TestSimple.xml
----------------- Instantiating /home/travis/build/icyphy/ptII/ptolemy/actor/lib/test/auto/TestSimple.xml
2 ms. Memory: 1784320K Free: 709445K (40%)
----------------- Invoking toplevel() on ptolemy.moml.MoMLSimpleApplication@a07e161
----------------- Done invoking toplevel() on ptolemy.moml.MoMLSimpleApplication@a07e161
reloadAllAccessors: .TestSimple

===========================================================================================
----------------- testing Fri Jun 22 01:22:41 UTC 2018 /home/travis/build/icyphy/ptII/ptolemy/actor/lib/test/auto/ThrowModelError.xml
----------------- Instantiating /home/travis/build/icyphy/ptII/ptolemy/actor/lib/test/auto/ThrowModelError.xml
1 ms. Memory: 1784320K Free: 682551K (38%)
----------------- Invoking toplevel() on ptolemy.moml.MoMLSimpleApplication@125dd2a7
----------------- Done invoking toplevel() on ptolemy.moml.MoMLSimpleApplication@125dd2a7
reloadAllAccessors: .ThrowModelError

===========================================================================================
----------------- testing Fri Jun 22 01:22:41 UTC 2018 /home/travis/build/icyphy/ptII/ptolemy/actor/lib/test/auto/TimeDelayMicrosteps.xml
----------------- Instantiating /home/travis/build/icyphy/ptII/ptolemy/actor/lib/test/auto/TimeDelayMicrosteps.xml
2 ms. Memory: 1784320K Free: 655658K (37%)
----------------- Invoking toplevel() on ptolemy.moml.MoMLSimpleApplication@1842d092
----------------- Done invoking toplevel() on ptolemy.moml.MoMLSimpleApplication@1842d092
reloadAllAccessors: .TimeDelayMicrosteps

===========================================================================================
----------------- testing Fri Jun 22 01:22:41 UTC 2018 /home/travis/build/icyphy/ptII/ptolemy/actor/lib/test/auto/TimeDelayMicrosteps2.xml
----------------- Instantiating /home/travis/build/icyphy/ptII/ptolemy/actor/lib/test/auto/TimeDelayMicrosteps2.xml
3 ms. Memory: 1784320K Free: 633362K (35%)
----------------- Invoking toplevel() on ptolemy.moml.MoMLSimpleApplication@3067bcb3
----------------- Done invoking toplevel() on ptolemy.moml.MoMLSimpleApplication@3067bcb3
reloadAllAccessors: .TimeDelayMicrosteps2

===========================================================================================
----------------- testing Fri Jun 22 01:22:41 UTC 2018 /home/travis/build/icyphy/ptII/ptolemy/actor/lib/test/auto/TimeDelayMicrosteps3.xml
----------------- Instantiating /home/travis/build/icyphy/ptII/ptolemy/actor/lib/test/auto/TimeDelayMicrosteps3.xml
2 ms. Memory: 1784320K Free: 606468K (34%)
----------------- Invoking toplevel() on ptolemy.moml.MoMLSimpleApplication@53a93216
----------------- Done invoking toplevel() on ptolemy.moml.MoMLSimpleApplication@53a93216
reloadAllAccessors: .TimeDelayMicrosteps3

===========================================================================================
----------------- testing Fri Jun 22 01:22:41 UTC 2018 /home/travis/build/icyphy/ptII/ptolemy/actor/lib/test/auto/TimeDelayVariableMicrosteps.xml
----------------- Instantiating /home/travis/build/icyphy/ptII/ptolemy/actor/lib/test/auto/TimeDelayVariableMicrosteps.xml
2 ms. Memory: 1784320K Free: 584173K (33%)
----------------- Invoking toplevel() on ptolemy.moml.MoMLSimpleApplication@25854ced
----------------- Done invoking toplevel() on ptolemy.moml.MoMLSimpleApplication@25854ced
reloadAllAccessors: .TimeDelayVariableMicrosteps

===========================================================================================
----------------- testing Fri Jun 22 01:22:41 UTC 2018 /home/travis/build/icyphy/ptII/ptolemy/actor/lib/test/auto/TimeGap.xml
----------------- Instantiating /home/travis/build/icyphy/ptII/ptolemy/actor/lib/test/auto/TimeGap.xml
1 ms. Memory: 1784320K Free: 557279K (31%)
----------------- Invoking toplevel() on ptolemy.moml.MoMLSimpleApplication@5eec6024
----------------- Done invoking toplevel() on ptolemy.moml.MoMLSimpleApplication@5eec6024
reloadAllAccessors: .TimeGap

===========================================================================================
----------------- testing Fri Jun 22 01:22:41 UTC 2018 /home/travis/build/icyphy/ptII/ptolemy/actor/lib/test/auto/TimeGap2.xml
----------------- Instantiating /home/travis/build/icyphy/ptII/ptolemy/actor/lib/test/auto/TimeGap2.xml
3 ms. Memory: 1784320K Free: 534983K (30%)
----------------- Invoking toplevel() on ptolemy.moml.MoMLSimpleApplication@af071f7
----------------- Done invoking toplevel() on ptolemy.moml.MoMLSimpleApplication@af071f7
reloadAllAccessors: .TimeGap2

===========================================================================================
----------------- testing Fri Jun 22 01:22:41 UTC 2018 /home/travis/build/icyphy/ptII/ptolemy/actor/lib/test/auto/TimedSinewave.xml
----------------- Instantiating /home/travis/build/icyphy/ptII/ptolemy/actor/lib/test/auto/TimedSinewave.xml
11 ms. Memory: 1784320K Free: 496925K (28%)
----------------- Invoking toplevel() on ptolemy.moml.MoMLSimpleApplication@67828a58
----------------- Done invoking toplevel() on ptolemy.moml.MoMLSimpleApplication@67828a58
reloadAllAccessors: .TimedSinewave

===========================================================================================
----------------- testing Fri Jun 22 01:22:41 UTC 2018 /home/travis/build/icyphy/ptII/ptolemy/actor/lib/test/auto/TimedSinewavePhase.xml
----------------- Instantiating /home/travis/build/icyphy/ptII/ptolemy/actor/lib/test/auto/TimedSinewavePhase.xml
8 ms. Memory: 1784320K Free: 474629K (27%)
----------------- Invoking toplevel() on ptolemy.moml.MoMLSimpleApplication@6012d0e3
----------------- Done invoking toplevel() on ptolemy.moml.MoMLSimpleApplication@6012d0e3
reloadAllAccessors: .TimedSinewavePhase

===========================================================================================
----------------- testing Fri Jun 22 01:22:41 UTC 2018 /home/travis/build/icyphy/ptII/ptolemy/actor/lib/test/auto/Timer.xml
----------------- Instantiating /home/travis/build/icyphy/ptII/ptolemy/actor/lib/test/auto/Timer.xml
1 ms. Memory: 1784320K Free: 447736K (25%)
----------------- Invoking toplevel() on ptolemy.moml.MoMLSimpleApplication@67756f2b
----------------- Done invoking toplevel() on ptolemy.moml.MoMLSimpleApplication@67756f2b
reloadAllAccessors: .Timer

===========================================================================================
----------------- testing Fri Jun 22 01:22:41 UTC 2018 /home/travis/build/icyphy/ptII/ptolemy/actor/lib/test/auto/TriangularDistTestModel.xml
----------------- Instantiating /home/travis/build/icyphy/ptII/ptolemy/actor/lib/test/auto/TriangularDistTestModel.xml
1 ms. Memory: 1784320K Free: 425440K (24%)
----------------- Invoking toplevel() on ptolemy.moml.MoMLSimpleApplication@7e5158fa
----------------- Done invoking toplevel() on ptolemy.moml.MoMLSimpleApplication@7e5158fa
reloadAllAccessors: .TriangularDistTestModel

===========================================================================================
----------------- testing Fri Jun 22 01:22:41 UTC 2018 /home/travis/build/icyphy/ptII/ptolemy/actor/lib/test/auto/TrigFunction.xml
----------------- Instantiating /home/travis/build/icyphy/ptII/ptolemy/actor/lib/test/auto/TrigFunction.xml
2 ms. Memory: 1784320K Free: 398547K (22%)
----------------- Invoking toplevel() on ptolemy.moml.MoMLSimpleApplication@658169fb
----------------- Done invoking toplevel() on ptolemy.moml.MoMLSimpleApplication@658169fb
reloadAllAccessors: .TrigFunction

===========================================================================================
----------------- testing Fri Jun 22 01:22:41 UTC 2018 /home/travis/build/icyphy/ptII/ptolemy/actor/lib/test/auto/TrigFunctionDE.xml
----------------- Instantiating /home/travis/build/icyphy/ptII/ptolemy/actor/lib/test/auto/TrigFunctionDE.xml
1 ms. Memory: 1784320K Free: 371653K (21%)
----------------- Invoking toplevel() on ptolemy.moml.MoMLSimpleApplication@13b101db
----------------- Done invoking toplevel() on ptolemy.moml.MoMLSimpleApplication@13b101db
reloadAllAccessors: .TrigFunctionDE

===========================================================================================
----------------- testing Fri Jun 22 01:22:41 UTC 2018 /home/travis/build/icyphy/ptII/ptolemy/actor/lib/test/auto/TrigFunctionInverse.xml
----------------- Instantiating /home/travis/build/icyphy/ptII/ptolemy/actor/lib/test/auto/TrigFunctionInverse.xml
2 ms. Memory: 1784320K Free: 349357K (20%)
----------------- Invoking toplevel() on ptolemy.moml.MoMLSimpleApplication@5e632b0
----------------- Done invoking toplevel() on ptolemy.moml.MoMLSimpleApplication@5e632b0
reloadAllAccessors: .TrigFunctionInverse

===========================================================================================
----------------- testing Fri Jun 22 01:22:41 UTC 2018 /home/travis/build/icyphy/ptII/ptolemy/actor/lib/test/auto/TrigFunctionTan.xml
----------------- Instantiating /home/travis/build/icyphy/ptII/ptolemy/actor/lib/test/auto/TrigFunctionTan.xml
1 ms. Memory: 1784320K Free: 322464K (18%)
----------------- Invoking toplevel() on ptolemy.moml.MoMLSimpleApplication@5d8f4f47
----------------- Done invoking toplevel() on ptolemy.moml.MoMLSimpleApplication@5d8f4f47
reloadAllAccessors: .TrigFunctionTan

===========================================================================================
----------------- testing Fri Jun 22 01:22:41 UTC 2018 /home/travis/build/icyphy/ptII/ptolemy/actor/lib/test/auto/TriggeredClock.xml
----------------- Instantiating /home/travis/build/icyphy/ptII/ptolemy/actor/lib/test/auto/TriggeredClock.xml
1 ms. Memory: 1784320K Free: 300168K (17%)
----------------- Invoking toplevel() on ptolemy.moml.MoMLSimpleApplication@27b0374
----------------- Done invoking toplevel() on ptolemy.moml.MoMLSimpleApplication@27b0374
reloadAllAccessors: .TriggeredClock

===========================================================================================
----------------- testing Fri Jun 22 01:22:41 UTC 2018 /home/travis/build/icyphy/ptII/ptolemy/actor/lib/test/auto/URLDirectoryReader.xml
----------------- Instantiating /home/travis/build/icyphy/ptII/ptolemy/actor/lib/test/auto/URLDirectoryReader.xml
27 ms. Memory: 1784320K Free: 273274K (15%)
----------------- Invoking toplevel() on ptolemy.moml.MoMLSimpleApplication@58f4cad7
----------------- Done invoking toplevel() on ptolemy.moml.MoMLSimpleApplication@58f4cad7
reloadAllAccessors: .URLDirectoryReader

===========================================================================================
----------------- testing Fri Jun 22 01:22:42 UTC 2018 /home/travis/build/icyphy/ptII/ptolemy/actor/lib/test/auto/URLDirectoryReader3.xml
----------------- Instantiating /home/travis/build/icyphy/ptII/ptolemy/actor/lib/test/auto/URLDirectoryReader3.xml
962 ms. Memory: 1784320K Free: 206386K (12%)
----------------- Invoking toplevel() on ptolemy.moml.MoMLSimpleApplication@f05c51d
----------------- Done invoking toplevel() on ptolemy.moml.MoMLSimpleApplication@f05c51d
reloadAllAccessors: .URLDirectoryReader3

===========================================================================================
----------------- testing Fri Jun 22 01:22:43 UTC 2018 /home/travis/build/icyphy/ptII/ptolemy/actor/lib/test/auto/UnaryMathFunction.xml
----------------- Instantiating /home/travis/build/icyphy/ptII/ptolemy/actor/lib/test/auto/UnaryMathFunction.xml
3 ms. Memory: 1784320K Free: 179493K (10%)
----------------- Invoking toplevel() on ptolemy.moml.MoMLSimpleApplication@26265ca
----------------- Done invoking toplevel() on ptolemy.moml.MoMLSimpleApplication@26265ca
reloadAllAccessors: .UnaryMathFunction

===========================================================================================
----------------- testing Fri Jun 22 01:22:43 UTC 2018 /home/travis/build/icyphy/ptII/ptolemy/actor/lib/test/auto/Uniform.xml
----------------- Instantiating /home/travis/build/icyphy/ptII/ptolemy/actor/lib/test/auto/Uniform.xml
2 ms. Memory: 1784320K Free: 157197K (9%)
----------------- Invoking toplevel() on ptolemy.moml.MoMLSimpleApplication@3803ac0a
----------------- Done invoking toplevel() on ptolemy.moml.MoMLSimpleApplication@3803ac0a
reloadAllAccessors: .Uniform

===========================================================================================
----------------- testing Fri Jun 22 01:22:43 UTC 2018 /home/travis/build/icyphy/ptII/ptolemy/actor/lib/test/auto/UnionDisassemblerTest.xml
----------------- Instantiating /home/travis/build/icyphy/ptII/ptolemy/actor/lib/test/auto/UnionDisassemblerTest.xml
8 ms. Memory: 1784320K Free: 130303K (7%)
----------------- Invoking toplevel() on ptolemy.moml.MoMLSimpleApplication@161ab638
----------------- Done invoking toplevel() on ptolemy.moml.MoMLSimpleApplication@161ab638
reloadAllAccessors: .UnionDisassemblerTest

===========================================================================================
----------------- testing Fri Jun 22 01:22:43 UTC 2018 /home/travis/build/icyphy/ptII/ptolemy/actor/lib/test/auto/UtilityFunctions.xml
----------------- Instantiating /home/travis/build/icyphy/ptII/ptolemy/actor/lib/test/auto/UtilityFunctions.xml
1 ms. Memory: 1784320K Free: 108008K (6%)
----------------- Invoking toplevel() on ptolemy.moml.MoMLSimpleApplication@4c543266
----------------- Done invoking toplevel() on ptolemy.moml.MoMLSimpleApplication@4c543266
reloadAllAccessors: .UtilityFunctions

===========================================================================================
----------------- testing Fri Jun 22 01:22:43 UTC 2018 /home/travis/build/icyphy/ptII/ptolemy/actor/lib/test/auto/VariableSleep.xml
----------------- Instantiating /home/travis/build/icyphy/ptII/ptolemy/actor/lib/test/auto/VariableSleep.xml
503 ms. Memory: 1784320K Free: 81114K (5%)
----------------- Invoking toplevel() on ptolemy.moml.MoMLSimpleApplication@458b6cc2
----------------- Done invoking toplevel() on ptolemy.moml.MoMLSimpleApplication@458b6cc2
reloadAllAccessors: .VariableSleep

===========================================================================================
----------------- testing Fri Jun 22 01:22:43 UTC 2018 /home/travis/build/icyphy/ptII/ptolemy/actor/lib/test/auto/VectorAssemblerDisassemblerCT.xml
----------------- Instantiating /home/travis/build/icyphy/ptII/ptolemy/actor/lib/test/auto/VectorAssemblerDisassemblerCT.xml
66 ms. Memory: 1785344K Free: 1708615K (96%)
----------------- Invoking toplevel() on ptolemy.moml.MoMLSimpleApplication@75dd698a
----------------- Done invoking toplevel() on ptolemy.moml.MoMLSimpleApplication@75dd698a
reloadAllAccessors: .VectorAssemblerDisassemblerCT

===========================================================================================
----------------- testing Fri Jun 22 01:22:44 UTC 2018 /home/travis/build/icyphy/ptII/ptolemy/actor/lib/test/auto/VectorAssemblerDisassemblerDE.xml
----------------- Instantiating /home/travis/build/icyphy/ptII/ptolemy/actor/lib/test/auto/VectorAssemblerDisassemblerDE.xml
2 ms. Memory: 1785344K Free: 1687874K (95%)
----------------- Invoking toplevel() on ptolemy.moml.MoMLSimpleApplication@2e353634
----------------- Done invoking toplevel() on ptolemy.moml.MoMLSimpleApplication@2e353634
reloadAllAccessors: .VectorAssemblerDisassemblerDE

===========================================================================================
----------------- testing Fri Jun 22 01:22:44 UTC 2018 /home/travis/build/icyphy/ptII/ptolemy/actor/lib/test/auto/VectorAssemblerDisassemblerSDF.xml
----------------- Instantiating /home/travis/build/icyphy/ptII/ptolemy/actor/lib/test/auto/VectorAssemblerDisassemblerSDF.xml
2 ms. Memory: 1785344K Free: 1667134K (93%)
----------------- Invoking toplevel() on ptolemy.moml.MoMLSimpleApplication@223a8040
----------------- Done invoking toplevel() on ptolemy.moml.MoMLSimpleApplication@223a8040
reloadAllAccessors: .VectorAssemblerDisassemblerSDF

===========================================================================================
----------------- testing Fri Jun 22 01:22:44 UTC 2018 /home/travis/build/icyphy/ptII/ptolemy/actor/lib/test/auto/WallClockTime.xml
----------------- Instantiating /home/travis/build/icyphy/ptII/ptolemy/actor/lib/test/auto/WallClockTime.xml
1004 ms. Memory: 1785344K Free: 1650412K (92%)
----------------- Invoking toplevel() on ptolemy.moml.MoMLSimpleApplication@30dfd79
----------------- Done invoking toplevel() on ptolemy.moml.MoMLSimpleApplication@30dfd79
reloadAllAccessors: .WallClockTime

===========================================================================================
----------------- testing Fri Jun 22 01:22:45 UTC 2018 /home/travis/build/icyphy/ptII/ptolemy/actor/lib/test/auto/WidthTestWithSubscriberPublisher.xml
----------------- Instantiating /home/travis/build/icyphy/ptII/ptolemy/actor/lib/test/auto/WidthTestWithSubscriberPublisher.xml
6 ms. Memory: 1785344K Free: 1621311K (91%)
----------------- Invoking toplevel() on ptolemy.moml.MoMLSimpleApplication@3e6b5a51
----------------- Done invoking toplevel() on ptolemy.moml.MoMLSimpleApplication@3e6b5a51
reloadAllAccessors: .WidthTestWithSubscriberPublisher

===========================================================================================
----------------- testing Fri Jun 22 01:22:45 UTC 2018 /home/travis/build/icyphy/ptII/ptolemy/actor/lib/test/auto/WidthTestWithSubscriberPublisher2.xml
----------------- Instantiating /home/travis/build/icyphy/ptII/ptolemy/actor/lib/test/auto/WidthTestWithSubscriberPublisher2.xml
2 ms. Memory: 1785344K Free: 1600571K (90%)
----------------- Invoking toplevel() on ptolemy.moml.MoMLSimpleApplication@5f312d
----------------- Done invoking toplevel() on ptolemy.moml.MoMLSimpleApplication@5f312d
reloadAllAccessors: .WidthTestWithSubscriberPublisher2

===========================================================================================
----------------- testing Fri Jun 22 01:22:45 UTC 2018 /home/travis/build/icyphy/ptII/ptolemy/actor/lib/test/auto/WidthTestWithSubscriberPublisher3.xml
----------------- Instantiating /home/travis/build/icyphy/ptII/ptolemy/actor/lib/test/auto/WidthTestWithSubscriberPublisher3.xml
2 ms. Memory: 1785344K Free: 1583849K (89%)
----------------- Invoking toplevel() on ptolemy.moml.MoMLSimpleApplication@4ff66cd9
----------------- Done invoking toplevel() on ptolemy.moml.MoMLSimpleApplication@4ff66cd9
reloadAllAccessors: .WidthTestWithSubscriberPublisher3

===========================================================================================
----------------- testing Fri Jun 22 01:22:45 UTC 2018 /home/travis/build/icyphy/ptII/ptolemy/actor/lib/test/auto/Writer.xml
----------------- Instantiating /home/travis/build/icyphy/ptII/ptolemy/actor/lib/test/auto/Writer.xml
0
1
2
3
4
2 ms. Memory: 1785344K Free: 1563108K (88%)
----------------- Invoking toplevel() on ptolemy.moml.MoMLSimpleApplication@36140c88
----------------- Done invoking toplevel() on ptolemy.moml.MoMLSimpleApplication@36140c88
reloadAllAccessors: .Writer

===========================================================================================
----------------- testing Fri Jun 22 01:22:45 UTC 2018 /home/travis/build/icyphy/ptII/ptolemy/actor/lib/test/auto/array.xml
----------------- Instantiating /home/travis/build/icyphy/ptII/ptolemy/actor/lib/test/auto/array.xml
3 ms. Memory: 1785344K Free: 1542368K (86%)
----------------- Invoking toplevel() on ptolemy.moml.MoMLSimpleApplication@df0d47d
----------------- Done invoking toplevel() on ptolemy.moml.MoMLSimpleApplication@df0d47d
reloadAllAccessors: .array

===========================================================================================
----------------- testing Fri Jun 22 01:22:45 UTC 2018 /home/travis/build/icyphy/ptII/ptolemy/actor/lib/test/auto/array2.xml
----------------- Instantiating /home/travis/build/icyphy/ptII/ptolemy/actor/lib/test/auto/array2.xml
6 ms. Memory: 1785344K Free: 1525646K (85%)
----------------- Invoking toplevel() on ptolemy.moml.MoMLSimpleApplication@3f189154
----------------- Done invoking toplevel() on ptolemy.moml.MoMLSimpleApplication@3f189154
reloadAllAccessors: .array2

===========================================================================================
----------------- testing Fri Jun 22 01:22:45 UTC 2018 /home/travis/build/icyphy/ptII/ptolemy/actor/lib/test/auto/arrayType.xml
----------------- Instantiating /home/travis/build/icyphy/ptII/ptolemy/actor/lib/test/auto/arrayType.xml
1 ms. Memory: 1785344K Free: 1504906K (84%)
----------------- Invoking toplevel() on ptolemy.moml.MoMLSimpleApplication@7d4134a6
----------------- Done invoking toplevel() on ptolemy.moml.MoMLSimpleApplication@7d4134a6
reloadAllAccessors: .arrayType

===========================================================================================
----------------- testing Fri Jun 22 01:22:45 UTC 2018 /home/travis/build/icyphy/ptII/ptolemy/actor/lib/test/auto/arrayType10.xml
----------------- Instantiating /home/travis/build/icyphy/ptII/ptolemy/actor/lib/test/auto/arrayType10.xml
1 ms. Memory: 1785344K Free: 1488184K (83%)
----------------- Invoking toplevel() on ptolemy.moml.MoMLSimpleApplication@65844ec2
----------------- Done invoking toplevel() on ptolemy.moml.MoMLSimpleApplication@65844ec2
reloadAllAccessors: .arrayType10

===========================================================================================
----------------- testing Fri Jun 22 01:22:45 UTC 2018 /home/travis/build/icyphy/ptII/ptolemy/actor/lib/test/auto/arrayType11.xml
----------------- Instantiating /home/travis/build/icyphy/ptII/ptolemy/actor/lib/test/auto/arrayType11.xml
1 ms. Memory: 1785344K Free: 1467444K (82%)
----------------- Invoking toplevel() on ptolemy.moml.MoMLSimpleApplication@23a248a6
----------------- Done invoking toplevel() on ptolemy.moml.MoMLSimpleApplication@23a248a6
reloadAllAccessors: .arrayType11

===========================================================================================
----------------- testing Fri Jun 22 01:22:45 UTC 2018 /home/travis/build/icyphy/ptII/ptolemy/actor/lib/test/auto/arrayType12.xml
----------------- Instantiating /home/travis/build/icyphy/ptII/ptolemy/actor/lib/test/auto/arrayType12.xml
2 ms. Memory: 1785344K Free: 1446703K (81%)
----------------- Invoking toplevel() on ptolemy.moml.MoMLSimpleApplication@73a648ac
----------------- Done invoking toplevel() on ptolemy.moml.MoMLSimpleApplication@73a648ac
reloadAllAccessors: .arrayType12

===========================================================================================
----------------- testing Fri Jun 22 01:22:45 UTC 2018 /home/travis/build/icyphy/ptII/ptolemy/actor/lib/test/auto/arrayType13.xml
----------------- Instantiating /home/travis/build/icyphy/ptII/ptolemy/actor/lib/test/auto/arrayType13.xml
3 ms. Memory: 1785344K Free: 1429981K (80%)
----------------- Invoking toplevel() on ptolemy.moml.MoMLSimpleApplication@4b080eea
----------------- Done invoking toplevel() on ptolemy.moml.MoMLSimpleApplication@4b080eea
reloadAllAccessors: .arrayType13

===========================================================================================
----------------- testing Fri Jun 22 01:22:45 UTC 2018 /home/travis/build/icyphy/ptII/ptolemy/actor/lib/test/auto/arrayType14.xml
----------------- Instantiating /home/travis/build/icyphy/ptII/ptolemy/actor/lib/test/auto/arrayType14.xml
1 ms. Memory: 1785344K Free: 1409241K (79%)
----------------- Invoking toplevel() on ptolemy.moml.MoMLSimpleApplication@628712e2
----------------- Done invoking toplevel() on ptolemy.moml.MoMLSimpleApplication@628712e2
reloadAllAccessors: .arrayType14

===========================================================================================
----------------- testing Fri Jun 22 01:22:45 UTC 2018 /home/travis/build/icyphy/ptII/ptolemy/actor/lib/test/auto/arrayType15.xml
----------------- Instantiating /home/travis/build/icyphy/ptII/ptolemy/actor/lib/test/auto/arrayType15.xml
2 ms. Memory: 1785344K Free: 1388501K (78%)
----------------- Invoking toplevel() on ptolemy.moml.MoMLSimpleApplication@7bedaf1c
----------------- Done invoking toplevel() on ptolemy.moml.MoMLSimpleApplication@7bedaf1c
reloadAllAccessors: .arrayType15

===========================================================================================
----------------- testing Fri Jun 22 01:22:45 UTC 2018 /home/travis/build/icyphy/ptII/ptolemy/actor/lib/test/auto/arrayType16.xml
----------------- Instantiating /home/travis/build/icyphy/ptII/ptolemy/actor/lib/test/auto/arrayType16.xml
1 ms. Memory: 1785344K Free: 1371779K (77%)
----------------- Invoking toplevel() on ptolemy.moml.MoMLSimpleApplication@5be4bea7
----------------- Done invoking toplevel() on ptolemy.moml.MoMLSimpleApplication@5be4bea7
reloadAllAccessors: .arrayType16

===========================================================================================
----------------- testing Fri Jun 22 01:22:45 UTC 2018 /home/travis/build/icyphy/ptII/ptolemy/actor/lib/test/auto/arrayType17.xml
----------------- Instantiating /home/travis/build/icyphy/ptII/ptolemy/actor/lib/test/auto/arrayType17.xml
1 ms. Memory: 1785344K Free: 1351039K (76%)
----------------- Invoking toplevel() on ptolemy.moml.MoMLSimpleApplication@243c67a8
----------------- Done invoking toplevel() on ptolemy.moml.MoMLSimpleApplication@243c67a8
reloadAllAccessors: .arrayType17

===========================================================================================
----------------- testing Fri Jun 22 01:22:45 UTC 2018 /home/travis/build/icyphy/ptII/ptolemy/actor/lib/test/auto/arrayType18.xml
----------------- Instantiating /home/travis/build/icyphy/ptII/ptolemy/actor/lib/test/auto/arrayType18.xml
1 ms. Memory: 1785344K Free: 1334317K (75%)
----------------- Invoking toplevel() on ptolemy.moml.MoMLSimpleApplication@7f041748
----------------- Done invoking toplevel() on ptolemy.moml.MoMLSimpleApplication@7f041748
reloadAllAccessors: .arrayType18

===========================================================================================
----------------- testing Fri Jun 22 01:22:45 UTC 2018 /home/travis/build/icyphy/ptII/ptolemy/actor/lib/test/auto/arrayType19.xml
----------------- Instantiating /home/travis/build/icyphy/ptII/ptolemy/actor/lib/test/auto/arrayType19.xml
1 ms. Memory: 1785344K Free: 1313577K (74%)
----------------- Invoking toplevel() on ptolemy.moml.MoMLSimpleApplication@53ad6a2a
----------------- Done invoking toplevel() on ptolemy.moml.MoMLSimpleApplication@53ad6a2a
reloadAllAccessors: .arrayType19

===========================================================================================
----------------- testing Fri Jun 22 01:22:45 UTC 2018 /home/travis/build/icyphy/ptII/ptolemy/actor/lib/test/auto/arrayType2.xml
----------------- Instantiating /home/travis/build/icyphy/ptII/ptolemy/actor/lib/test/auto/arrayType2.xml
2 ms. Memory: 1785344K Free: 1292836K (72%)
----------------- Invoking toplevel() on ptolemy.moml.MoMLSimpleApplication@58631a7a
----------------- Done invoking toplevel() on ptolemy.moml.MoMLSimpleApplication@58631a7a
reloadAllAccessors: .arrayType2

===========================================================================================
----------------- testing Fri Jun 22 01:22:45 UTC 2018 /home/travis/build/icyphy/ptII/ptolemy/actor/lib/test/auto/arrayType20.xml
----------------- Instantiating /home/travis/build/icyphy/ptII/ptolemy/actor/lib/test/auto/arrayType20.xml
2 ms. Memory: 1785344K Free: 1276114K (71%)
----------------- Invoking toplevel() on ptolemy.moml.MoMLSimpleApplication@7e8942c5
----------------- Done invoking toplevel() on ptolemy.moml.MoMLSimpleApplication@7e8942c5
reloadAllAccessors: .arrayType20

===========================================================================================
----------------- testing Fri Jun 22 01:22:45 UTC 2018 /home/travis/build/icyphy/ptII/ptolemy/actor/lib/test/auto/arrayType21.xml
----------------- Instantiating /home/travis/build/icyphy/ptII/ptolemy/actor/lib/test/auto/arrayType21.xml
1 ms. Memory: 1785344K Free: 1255374K (70%)
----------------- Invoking toplevel() on ptolemy.moml.MoMLSimpleApplication@22cac3af
----------------- Done invoking toplevel() on ptolemy.moml.MoMLSimpleApplication@22cac3af
reloadAllAccessors: .arrayType21

===========================================================================================
----------------- testing Fri Jun 22 01:22:45 UTC 2018 /home/travis/build/icyphy/ptII/ptolemy/actor/lib/test/auto/arrayType22.xml
----------------- Instantiating /home/travis/build/icyphy/ptII/ptolemy/actor/lib/test/auto/arrayType22.xml
1 ms. Memory: 1785344K Free: 1234634K (69%)
----------------- Invoking toplevel() on ptolemy.moml.MoMLSimpleApplication@1f17153d
----------------- Done invoking toplevel() on ptolemy.moml.MoMLSimpleApplication@1f17153d
reloadAllAccessors: .arrayType22

===========================================================================================
----------------- testing Fri Jun 22 01:22:45 UTC 2018 /home/travis/build/icyphy/ptII/ptolemy/actor/lib/test/auto/arrayType23.xml
----------------- Instantiating /home/travis/build/icyphy/ptII/ptolemy/actor/lib/test/auto/arrayType23.xml
1 ms. Memory: 1785344K Free: 1217912K (68%)
----------------- Invoking toplevel() on ptolemy.moml.MoMLSimpleApplication@1efa2ab3
----------------- Done invoking toplevel() on ptolemy.moml.MoMLSimpleApplication@1efa2ab3
reloadAllAccessors: .arrayType23

===========================================================================================
----------------- testing Fri Jun 22 01:22:45 UTC 2018 /home/travis/build/icyphy/ptII/ptolemy/actor/lib/test/auto/arrayType24.xml
----------------- Instantiating /home/travis/build/icyphy/ptII/ptolemy/actor/lib/test/auto/arrayType24.xml
1 ms. Memory: 1785344K Free: 1197172K (67%)
----------------- Invoking toplevel() on ptolemy.moml.MoMLSimpleApplication@659bd782
----------------- Done invoking toplevel() on ptolemy.moml.MoMLSimpleApplication@659bd782
reloadAllAccessors: .arrayType24

===========================================================================================
----------------- testing Fri Jun 22 01:22:45 UTC 2018 /home/travis/build/icyphy/ptII/ptolemy/actor/lib/test/auto/arrayType25.xml
----------------- Instantiating /home/travis/build/icyphy/ptII/ptolemy/actor/lib/test/auto/arrayType25.xml
1 ms. Memory: 1785344K Free: 1176432K (66%)
----------------- Invoking toplevel() on ptolemy.moml.MoMLSimpleApplication@2ade41aa
----------------- Done invoking toplevel() on ptolemy.moml.MoMLSimpleApplication@2ade41aa
reloadAllAccessors: .arrayType25

===========================================================================================
----------------- testing Fri Jun 22 01:22:45 UTC 2018 /home/travis/build/icyphy/ptII/ptolemy/actor/lib/test/auto/arrayType26.xml
----------------- Instantiating /home/travis/build/icyphy/ptII/ptolemy/actor/lib/test/auto/arrayType26.xml
1 ms. Memory: 1785344K Free: 1159710K (65%)
----------------- Invoking toplevel() on ptolemy.moml.MoMLSimpleApplication@21ec219e
----------------- Done invoking toplevel() on ptolemy.moml.MoMLSimpleApplication@21ec219e
reloadAllAccessors: .arrayType26

===========================================================================================
----------------- testing Fri Jun 22 01:22:45 UTC 2018 /home/travis/build/icyphy/ptII/ptolemy/actor/lib/test/auto/arrayType27.xml
----------------- Instantiating /home/travis/build/icyphy/ptII/ptolemy/actor/lib/test/auto/arrayType27.xml
2 ms. Memory: 1785344K Free: 1138969K (64%)
----------------- Invoking toplevel() on ptolemy.moml.MoMLSimpleApplication@445a3701
----------------- Done invoking toplevel() on ptolemy.moml.MoMLSimpleApplication@445a3701
reloadAllAccessors: .arrayType27

===========================================================================================
----------------- testing Fri Jun 22 01:22:45 UTC 2018 /home/travis/build/icyphy/ptII/ptolemy/actor/lib/test/auto/arrayType28.xml
----------------- Instantiating /home/travis/build/icyphy/ptII/ptolemy/actor/lib/test/auto/arrayType28.xml
2 ms. Memory: 1785344K Free: 1122247K (63%)
----------------- Invoking toplevel() on ptolemy.moml.MoMLSimpleApplication@309130b9
----------------- Done invoking toplevel() on ptolemy.moml.MoMLSimpleApplication@309130b9
reloadAllAccessors: .arrayType28

===========================================================================================
----------------- testing Fri Jun 22 01:22:45 UTC 2018 /home/travis/build/icyphy/ptII/ptolemy/actor/lib/test/auto/arrayType3.xml
----------------- Instantiating /home/travis/build/icyphy/ptII/ptolemy/actor/lib/test/auto/arrayType3.xml
1 ms. Memory: 1785344K Free: 1101507K (62%)
----------------- Invoking toplevel() on ptolemy.moml.MoMLSimpleApplication@308d13ea
----------------- Done invoking toplevel() on ptolemy.moml.MoMLSimpleApplication@308d13ea
reloadAllAccessors: .arrayType3

===========================================================================================
----------------- testing Fri Jun 22 01:22:45 UTC 2018 /home/travis/build/icyphy/ptII/ptolemy/actor/lib/test/auto/arrayType4.xml
----------------- Instantiating /home/travis/build/icyphy/ptII/ptolemy/actor/lib/test/auto/arrayType4.xml
2 ms. Memory: 1785344K Free: 1080767K (61%)
----------------- Invoking toplevel() on ptolemy.moml.MoMLSimpleApplication@5873a2e4
----------------- Done invoking toplevel() on ptolemy.moml.MoMLSimpleApplication@5873a2e4
reloadAllAccessors: .arrayType4

===========================================================================================
----------------- testing Fri Jun 22 01:22:45 UTC 2018 /home/travis/build/icyphy/ptII/ptolemy/actor/lib/test/auto/arrayType5.xml
----------------- Instantiating /home/travis/build/icyphy/ptII/ptolemy/actor/lib/test/auto/arrayType5.xml
2 ms. Memory: 1785344K Free: 1064045K (60%)
----------------- Invoking toplevel() on ptolemy.moml.MoMLSimpleApplication@7e378e9e
----------------- Done invoking toplevel() on ptolemy.moml.MoMLSimpleApplication@7e378e9e
reloadAllAccessors: .arrayType5

===========================================================================================
----------------- testing Fri Jun 22 01:22:45 UTC 2018 /home/travis/build/icyphy/ptII/ptolemy/actor/lib/test/auto/arrayType6.xml
----------------- Instantiating /home/travis/build/icyphy/ptII/ptolemy/actor/lib/test/auto/arrayType6.xml
1 ms. Memory: 1785344K Free: 1043304K (58%)
----------------- Invoking toplevel() on ptolemy.moml.MoMLSimpleApplication@4538b183
----------------- Done invoking toplevel() on ptolemy.moml.MoMLSimpleApplication@4538b183
reloadAllAccessors: .arrayType6

===========================================================================================
----------------- testing Fri Jun 22 01:22:45 UTC 2018 /home/travis/build/icyphy/ptII/ptolemy/actor/lib/test/auto/arrayType7.xml
----------------- Instantiating /home/travis/build/icyphy/ptII/ptolemy/actor/lib/test/auto/arrayType7.xml
1 ms. Memory: 1785344K Free: 1022564K (57%)
----------------- Invoking toplevel() on ptolemy.moml.MoMLSimpleApplication@346aeba0
----------------- Done invoking toplevel() on ptolemy.moml.MoMLSimpleApplication@346aeba0
reloadAllAccessors: .arrayType7

===========================================================================================
----------------- testing Fri Jun 22 01:22:45 UTC 2018 /home/travis/build/icyphy/ptII/ptolemy/actor/lib/test/auto/arrayType8.xml
----------------- Instantiating /home/travis/build/icyphy/ptII/ptolemy/actor/lib/test/auto/arrayType8.xml
3 ms. Memory: 1785344K Free: 1005842K (56%)
----------------- Invoking toplevel() on ptolemy.moml.MoMLSimpleApplication@358103d
----------------- Done invoking toplevel() on ptolemy.moml.MoMLSimpleApplication@358103d
reloadAllAccessors: .arrayType8

===========================================================================================
----------------- testing Fri Jun 22 01:22:45 UTC 2018 /home/travis/build/icyphy/ptII/ptolemy/actor/lib/test/auto/arrayType9.xml
----------------- Instantiating /home/travis/build/icyphy/ptII/ptolemy/actor/lib/test/auto/arrayType9.xml
1 ms. Memory: 1785344K Free: 985102K (55%)
----------------- Invoking toplevel() on ptolemy.moml.MoMLSimpleApplication@1659de56
----------------- Done invoking toplevel() on ptolemy.moml.MoMLSimpleApplication@1659de56
reloadAllAccessors: .arrayType9

===========================================================================================
----------------- testing Fri Jun 22 01:22:45 UTC 2018 /home/travis/build/icyphy/ptII/ptolemy/actor/lib/test/auto/cast.xml
----------------- Instantiating /home/travis/build/icyphy/ptII/ptolemy/actor/lib/test/auto/cast.xml
1 ms. Memory: 1785344K Free: 964361K (54%)
----------------- Invoking toplevel() on ptolemy.moml.MoMLSimpleApplication@78ed98a8
----------------- Done invoking toplevel() on ptolemy.moml.MoMLSimpleApplication@78ed98a8
reloadAllAccessors: .cast

===========================================================================================
----------------- testing Fri Jun 22 01:22:45 UTC 2018 /home/travis/build/icyphy/ptII/ptolemy/actor/lib/test/auto/compositeMultiPort.xml
----------------- Instantiating /home/travis/build/icyphy/ptII/ptolemy/actor/lib/test/auto/compositeMultiPort.xml
3 ms. Memory: 1785344K Free: 947640K (53%)
----------------- Invoking toplevel() on ptolemy.moml.MoMLSimpleApplication@4c24631
----------------- Done invoking toplevel() on ptolemy.moml.MoMLSimpleApplication@4c24631
reloadAllAccessors: .compositeMultiPort

===========================================================================================
----------------- testing Fri Jun 22 01:22:45 UTC 2018 /home/travis/build/icyphy/ptII/ptolemy/actor/lib/test/auto/expressionCastInference.xml
----------------- Instantiating /home/travis/build/icyphy/ptII/ptolemy/actor/lib/test/auto/expressionCastInference.xml
2 ms. Memory: 1785344K Free: 926899K (52%)
----------------- Invoking toplevel() on ptolemy.moml.MoMLSimpleApplication@4cb45672
----------------- Done invoking toplevel() on ptolemy.moml.MoMLSimpleApplication@4cb45672
reloadAllAccessors: .expressionCastInference

===========================================================================================
----------------- testing Fri Jun 22 01:22:45 UTC 2018 /home/travis/build/icyphy/ptII/ptolemy/actor/lib/test/auto/expressionCastInference2.xml
----------------- Instantiating /home/travis/build/icyphy/ptII/ptolemy/actor/lib/test/auto/expressionCastInference2.xml
1 ms. Memory: 1785344K Free: 910177K (51%)
----------------- Invoking toplevel() on ptolemy.moml.MoMLSimpleApplication@387fb6d
----------------- Done invoking toplevel() on ptolemy.moml.MoMLSimpleApplication@387fb6d
reloadAllAccessors: .expressionCastInference2

===========================================================================================
----------------- testing Fri Jun 22 01:22:45 UTC 2018 /home/travis/build/icyphy/ptII/ptolemy/actor/lib/test/auto/expressionInference.xml
----------------- Instantiating /home/travis/build/icyphy/ptII/ptolemy/actor/lib/test/auto/expressionInference.xml
1 ms. Memory: 1785344K Free: 889437K (50%)
----------------- Invoking toplevel() on ptolemy.moml.MoMLSimpleApplication@c956ab3
----------------- Done invoking toplevel() on ptolemy.moml.MoMLSimpleApplication@c956ab3
reloadAllAccessors: .expressionInference

===========================================================================================
----------------- testing Fri Jun 22 01:22:45 UTC 2018 /home/travis/build/icyphy/ptII/ptolemy/actor/lib/test/auto/expression_bug.xml
----------------- Instantiating /home/travis/build/icyphy/ptII/ptolemy/actor/lib/test/auto/expression_bug.xml
1 ms. Memory: 1785344K Free: 868697K (49%)
----------------- Invoking toplevel() on ptolemy.moml.MoMLSimpleApplication@400dee29
----------------- Done invoking toplevel() on ptolemy.moml.MoMLSimpleApplication@400dee29
reloadAllAccessors: .expression_bug

===========================================================================================
----------------- testing Fri Jun 22 01:22:45 UTC 2018 /home/travis/build/icyphy/ptII/ptolemy/actor/lib/test/auto/factorial.xml
----------------- Instantiating /home/travis/build/icyphy/ptII/ptolemy/actor/lib/test/auto/factorial.xml
25 ms. Memory: 1785344K Free: 851975K (48%)
----------------- Invoking toplevel() on ptolemy.moml.MoMLSimpleApplication@66d15a0d
----------------- Done invoking toplevel() on ptolemy.moml.MoMLSimpleApplication@66d15a0d
reloadAllAccessors: .factorial

===========================================================================================
----------------- testing Fri Jun 22 01:22:45 UTC 2018 /home/travis/build/icyphy/ptII/ptolemy/actor/lib/test/auto/filterTest1.xml
----------------- Instantiating /home/travis/build/icyphy/ptII/ptolemy/actor/lib/test/auto/filterTest1.xml
3 ms. Memory: 1785344K Free: 831234K (47%)
----------------- Invoking toplevel() on ptolemy.moml.MoMLSimpleApplication@7b778cd0
----------------- Done invoking toplevel() on ptolemy.moml.MoMLSimpleApplication@7b778cd0
reloadAllAccessors: .filterTest1

===========================================================================================
----------------- testing Fri Jun 22 01:22:45 UTC 2018 /home/travis/build/icyphy/ptII/ptolemy/actor/lib/test/auto/funcApplyInConst.xml
----------------- Instantiating /home/travis/build/icyphy/ptII/ptolemy/actor/lib/test/auto/funcApplyInConst.xml
1 ms. Memory: 1785344K Free: 810494K (45%)
----------------- Invoking toplevel() on ptolemy.moml.MoMLSimpleApplication@67bf9074
----------------- Done invoking toplevel() on ptolemy.moml.MoMLSimpleApplication@67bf9074
reloadAllAccessors: .funcApplyInConst

===========================================================================================
----------------- testing Fri Jun 22 01:22:45 UTC 2018 /home/travis/build/icyphy/ptII/ptolemy/actor/lib/test/auto/funcApplyInExpr.xml
----------------- Instantiating /home/travis/build/icyphy/ptII/ptolemy/actor/lib/test/auto/funcApplyInExpr.xml
1 ms. Memory: 1785344K Free: 793772K (44%)
----------------- Invoking toplevel() on ptolemy.moml.MoMLSimpleApplication@a6db49a
----------------- Done invoking toplevel() on ptolemy.moml.MoMLSimpleApplication@a6db49a
reloadAllAccessors: .funcApplyInExpr

===========================================================================================
----------------- testing Fri Jun 22 01:22:45 UTC 2018 /home/travis/build/icyphy/ptII/ptolemy/actor/lib/test/auto/function.xml
----------------- Instantiating /home/travis/build/icyphy/ptII/ptolemy/actor/lib/test/auto/function.xml
2 ms. Memory: 1785344K Free: 773032K (43%)
----------------- Invoking toplevel() on ptolemy.moml.MoMLSimpleApplication@79088ba6
----------------- Done invoking toplevel() on ptolemy.moml.MoMLSimpleApplication@79088ba6
reloadAllAccessors: .function

===========================================================================================
----------------- testing Fri Jun 22 01:22:45 UTC 2018 /home/travis/build/icyphy/ptII/ptolemy/actor/lib/test/auto/function2.xml
----------------- Instantiating /home/travis/build/icyphy/ptII/ptolemy/actor/lib/test/auto/function2.xml
1 ms. Memory: 1785344K Free: 752292K (42%)
----------------- Invoking toplevel() on ptolemy.moml.MoMLSimpleApplication@3217d4dd
----------------- Done invoking toplevel() on ptolemy.moml.MoMLSimpleApplication@3217d4dd
reloadAllAccessors: .function2

===========================================================================================
----------------- testing Fri Jun 22 01:22:45 UTC 2018 /home/travis/build/icyphy/ptII/ptolemy/actor/lib/test/auto/function3.xml
----------------- Instantiating /home/travis/build/icyphy/ptII/ptolemy/actor/lib/test/auto/function3.xml
1 ms. Memory: 1785344K Free: 735570K (41%)
----------------- Invoking toplevel() on ptolemy.moml.MoMLSimpleApplication@2054a79a
----------------- Done invoking toplevel() on ptolemy.moml.MoMLSimpleApplication@2054a79a
reloadAllAccessors: .function3

===========================================================================================
----------------- testing Fri Jun 22 01:22:45 UTC 2018 /home/travis/build/icyphy/ptII/ptolemy/actor/lib/test/auto/functionClosureTest1.xml
----------------- Instantiating /home/travis/build/icyphy/ptII/ptolemy/actor/lib/test/auto/functionClosureTest1.xml
1 ms. Memory: 1785344K Free: 714830K (40%)
----------------- Invoking toplevel() on ptolemy.moml.MoMLSimpleApplication@20cf322b
----------------- Done invoking toplevel() on ptolemy.moml.MoMLSimpleApplication@20cf322b
reloadAllAccessors: .functionClosureTest1

===========================================================================================
----------------- testing Fri Jun 22 01:22:45 UTC 2018 /home/travis/build/icyphy/ptII/ptolemy/actor/lib/test/auto/functionClosureTest2.xml
----------------- Instantiating /home/travis/build/icyphy/ptII/ptolemy/actor/lib/test/auto/functionClosureTest2.xml
2 ms. Memory: 1785344K Free: 694089K (39%)
----------------- Invoking toplevel() on ptolemy.moml.MoMLSimpleApplication@7f4005a3
----------------- Done invoking toplevel() on ptolemy.moml.MoMLSimpleApplication@7f4005a3
reloadAllAccessors: .functionClosureTest2

===========================================================================================
----------------- testing Fri Jun 22 01:22:45 UTC 2018 /home/travis/build/icyphy/ptII/ptolemy/actor/lib/test/auto/functionClosureTest3.xml
----------------- Instantiating /home/travis/build/icyphy/ptII/ptolemy/actor/lib/test/auto/functionClosureTest3.xml
2 ms. Memory: 1785344K Free: 677367K (38%)
----------------- Invoking toplevel() on ptolemy.moml.MoMLSimpleApplication@76f2d19a
----------------- Done invoking toplevel() on ptolemy.moml.MoMLSimpleApplication@76f2d19a
reloadAllAccessors: .functionClosureTest3

===========================================================================================
----------------- testing Fri Jun 22 01:22:45 UTC 2018 /home/travis/build/icyphy/ptII/ptolemy/actor/lib/test/auto/functionClosureTest4.xml
----------------- Instantiating /home/travis/build/icyphy/ptII/ptolemy/actor/lib/test/auto/functionClosureTest4.xml
3 ms. Memory: 1785344K Free: 656627K (37%)
----------------- Invoking toplevel() on ptolemy.moml.MoMLSimpleApplication@28ad5dfd
----------------- Done invoking toplevel() on ptolemy.moml.MoMLSimpleApplication@28ad5dfd
reloadAllAccessors: .functionClosureTest4

===========================================================================================
----------------- testing Fri Jun 22 01:22:45 UTC 2018 /home/travis/build/icyphy/ptII/ptolemy/actor/lib/test/auto/functionClosureTest5.xml
----------------- Instantiating /home/travis/build/icyphy/ptII/ptolemy/actor/lib/test/auto/functionClosureTest5.xml
3 ms. Memory: 1785344K Free: 639905K (36%)
----------------- Invoking toplevel() on ptolemy.moml.MoMLSimpleApplication@2be269c7
----------------- Done invoking toplevel() on ptolemy.moml.MoMLSimpleApplication@2be269c7
reloadAllAccessors: .functionClosureTest5

===========================================================================================
----------------- testing Fri Jun 22 01:22:45 UTC 2018 /home/travis/build/icyphy/ptII/ptolemy/actor/lib/test/auto/functionClosureTest6.xml
----------------- Instantiating /home/travis/build/icyphy/ptII/ptolemy/actor/lib/test/auto/functionClosureTest6.xml
2 ms. Memory: 1785344K Free: 619165K (35%)
----------------- Invoking toplevel() on ptolemy.moml.MoMLSimpleApplication@499da51c
----------------- Done invoking toplevel() on ptolemy.moml.MoMLSimpleApplication@499da51c
reloadAllAccessors: .functionClosureTest6

===========================================================================================
----------------- testing Fri Jun 22 01:22:45 UTC 2018 /home/travis/build/icyphy/ptII/ptolemy/actor/lib/test/auto/functionsOnArcs.xml
----------------- Instantiating /home/travis/build/icyphy/ptII/ptolemy/actor/lib/test/auto/functionsOnArcs.xml
2 ms. Memory: 1785344K Free: 598424K (34%)
----------------- Invoking toplevel() on ptolemy.moml.MoMLSimpleApplication@535dd881
----------------- Done invoking toplevel() on ptolemy.moml.MoMLSimpleApplication@535dd881
reloadAllAccessors: .functionsOnArcs

===========================================================================================
----------------- testing Fri Jun 22 01:22:45 UTC 2018 /home/travis/build/icyphy/ptII/ptolemy/actor/lib/test/auto/functionsOnArcsHOF.xml
----------------- Instantiating /home/travis/build/icyphy/ptII/ptolemy/actor/lib/test/auto/functionsOnArcsHOF.xml
3 ms. Memory: 1785344K Free: 581703K (33%)
----------------- Invoking toplevel() on ptolemy.moml.MoMLSimpleApplication@183d9ab8
----------------- Done invoking toplevel() on ptolemy.moml.MoMLSimpleApplication@183d9ab8
reloadAllAccessors: .functionsOnArcsHOF

===========================================================================================
----------------- testing Fri Jun 22 01:22:45 UTC 2018 /home/travis/build/icyphy/ptII/ptolemy/actor/lib/test/auto/logic.xml
----------------- Instantiating /home/travis/build/icyphy/ptII/ptolemy/actor/lib/test/auto/logic.xml
1 ms. Memory: 1785344K Free: 560962K (31%)
----------------- Invoking toplevel() on ptolemy.moml.MoMLSimpleApplication@2bcdee96
----------------- Done invoking toplevel() on ptolemy.moml.MoMLSimpleApplication@2bcdee96
reloadAllAccessors: .logic

===========================================================================================
----------------- testing Fri Jun 22 01:22:46 UTC 2018 /home/travis/build/icyphy/ptII/ptolemy/actor/lib/test/auto/matrixType.xml
----------------- Instantiating /home/travis/build/icyphy/ptII/ptolemy/actor/lib/test/auto/matrixType.xml
1 ms. Memory: 1785344K Free: 540222K (30%)
----------------- Invoking toplevel() on ptolemy.moml.MoMLSimpleApplication@24dd595d
----------------- Done invoking toplevel() on ptolemy.moml.MoMLSimpleApplication@24dd595d
reloadAllAccessors: .matrixType

===========================================================================================
----------------- testing Fri Jun 22 01:22:46 UTC 2018 /home/travis/build/icyphy/ptII/ptolemy/actor/lib/test/auto/matrixType10.xml
----------------- Instantiating /home/travis/build/icyphy/ptII/ptolemy/actor/lib/test/auto/matrixType10.xml
1 ms. Memory: 1785344K Free: 523500K (29%)
----------------- Invoking toplevel() on ptolemy.moml.MoMLSimpleApplication@fc12271
----------------- Done invoking toplevel() on ptolemy.moml.MoMLSimpleApplication@fc12271
reloadAllAccessors: .matrixType10

===========================================================================================
----------------- testing Fri Jun 22 01:22:46 UTC 2018 /home/travis/build/icyphy/ptII/ptolemy/actor/lib/test/auto/matrixType11.xml
----------------- Instantiating /home/travis/build/icyphy/ptII/ptolemy/actor/lib/test/auto/matrixType11.xml
2 ms. Memory: 1785344K Free: 502759K (28%)
----------------- Invoking toplevel() on ptolemy.moml.MoMLSimpleApplication@6550a869
----------------- Done invoking toplevel() on ptolemy.moml.MoMLSimpleApplication@6550a869
reloadAllAccessors: .matrixType11

===========================================================================================
----------------- testing Fri Jun 22 01:22:46 UTC 2018 /home/travis/build/icyphy/ptII/ptolemy/actor/lib/test/auto/matrixType12.xml
----------------- Instantiating /home/travis/build/icyphy/ptII/ptolemy/actor/lib/test/auto/matrixType12.xml
1 ms. Memory: 1785344K Free: 482019K (27%)
----------------- Invoking toplevel() on ptolemy.moml.MoMLSimpleApplication@61a4041b
----------------- Done invoking toplevel() on ptolemy.moml.MoMLSimpleApplication@61a4041b
reloadAllAccessors: .matrixType12

===========================================================================================
----------------- testing Fri Jun 22 01:22:46 UTC 2018 /home/travis/build/icyphy/ptII/ptolemy/actor/lib/test/auto/matrixType13.xml
----------------- Instantiating /home/travis/build/icyphy/ptII/ptolemy/actor/lib/test/auto/matrixType13.xml
1 ms. Memory: 1785344K Free: 465297K (26%)
----------------- Invoking toplevel() on ptolemy.moml.MoMLSimpleApplication@1840a29f
----------------- Done invoking toplevel() on ptolemy.moml.MoMLSimpleApplication@1840a29f
reloadAllAccessors: .matrixType13

===========================================================================================
----------------- testing Fri Jun 22 01:22:46 UTC 2018 /home/travis/build/icyphy/ptII/ptolemy/actor/lib/test/auto/matrixType14.xml
----------------- Instantiating /home/travis/build/icyphy/ptII/ptolemy/actor/lib/test/auto/matrixType14.xml
1 ms. Memory: 1785344K Free: 444557K (25%)
----------------- Invoking toplevel() on ptolemy.moml.MoMLSimpleApplication@4d200c70
----------------- Done invoking toplevel() on ptolemy.moml.MoMLSimpleApplication@4d200c70
reloadAllAccessors: .matrixType14

===========================================================================================
----------------- testing Fri Jun 22 01:22:46 UTC 2018 /home/travis/build/icyphy/ptII/ptolemy/actor/lib/test/auto/matrixType2.xml
----------------- Instantiating /home/travis/build/icyphy/ptII/ptolemy/actor/lib/test/auto/matrixType2.xml
1 ms. Memory: 1785344K Free: 423817K (24%)
----------------- Invoking toplevel() on ptolemy.moml.MoMLSimpleApplication@66dc15e0
----------------- Done invoking toplevel() on ptolemy.moml.MoMLSimpleApplication@66dc15e0
reloadAllAccessors: .matrixType2

===========================================================================================
----------------- testing Fri Jun 22 01:22:46 UTC 2018 /home/travis/build/icyphy/ptII/ptolemy/actor/lib/test/auto/matrixType3.xml
----------------- Instantiating /home/travis/build/icyphy/ptII/ptolemy/actor/lib/test/auto/matrixType3.xml
1 ms. Memory: 1785344K Free: 407095K (23%)
----------------- Invoking toplevel() on ptolemy.moml.MoMLSimpleApplication@1d340885
----------------- Done invoking toplevel() on ptolemy.moml.MoMLSimpleApplication@1d340885
reloadAllAccessors: .matrixType3

===========================================================================================
----------------- testing Fri Jun 22 01:22:46 UTC 2018 /home/travis/build/icyphy/ptII/ptolemy/actor/lib/test/auto/matrixType4.xml
----------------- Instantiating /home/travis/build/icyphy/ptII/ptolemy/actor/lib/test/auto/matrixType4.xml
2 ms. Memory: 1785344K Free: 386354K (22%)
----------------- Invoking toplevel() on ptolemy.moml.MoMLSimpleApplication@52eaa3a1
----------------- Done invoking toplevel() on ptolemy.moml.MoMLSimpleApplication@52eaa3a1
reloadAllAccessors: .matrixType4

===========================================================================================
----------------- testing Fri Jun 22 01:22:46 UTC 2018 /home/travis/build/icyphy/ptII/ptolemy/actor/lib/test/auto/matrixType5.xml
----------------- Instantiating /home/travis/build/icyphy/ptII/ptolemy/actor/lib/test/auto/matrixType5.xml
1 ms. Memory: 1785344K Free: 365614K (20%)
----------------- Invoking toplevel() on ptolemy.moml.MoMLSimpleApplication@571b14f
----------------- Done invoking toplevel() on ptolemy.moml.MoMLSimpleApplication@571b14f
reloadAllAccessors: .matrixType5

===========================================================================================
----------------- testing Fri Jun 22 01:22:46 UTC 2018 /home/travis/build/icyphy/ptII/ptolemy/actor/lib/test/auto/matrixType6.xml
----------------- Instantiating /home/travis/build/icyphy/ptII/ptolemy/actor/lib/test/auto/matrixType6.xml
1 ms. Memory: 1785344K Free: 348892K (20%)
----------------- Invoking toplevel() on ptolemy.moml.MoMLSimpleApplication@15f144c1
----------------- Done invoking toplevel() on ptolemy.moml.MoMLSimpleApplication@15f144c1
reloadAllAccessors: .matrixType6

===========================================================================================
----------------- testing Fri Jun 22 01:22:46 UTC 2018 /home/travis/build/icyphy/ptII/ptolemy/actor/lib/test/auto/matrixType7.xml
----------------- Instantiating /home/travis/build/icyphy/ptII/ptolemy/actor/lib/test/auto/matrixType7.xml
1 ms. Memory: 1785344K Free: 328152K (18%)
----------------- Invoking toplevel() on ptolemy.moml.MoMLSimpleApplication@3977829f
----------------- Done invoking toplevel() on ptolemy.moml.MoMLSimpleApplication@3977829f
reloadAllAccessors: .matrixType7

===========================================================================================
----------------- testing Fri Jun 22 01:22:46 UTC 2018 /home/travis/build/icyphy/ptII/ptolemy/actor/lib/test/auto/matrixType8.xml
----------------- Instantiating /home/travis/build/icyphy/ptII/ptolemy/actor/lib/test/auto/matrixType8.xml
1 ms. Memory: 1785344K Free: 311430K (17%)
----------------- Invoking toplevel() on ptolemy.moml.MoMLSimpleApplication@548558d6
----------------- Done invoking toplevel() on ptolemy.moml.MoMLSimpleApplication@548558d6
reloadAllAccessors: .matrixType8

===========================================================================================
----------------- testing Fri Jun 22 01:22:46 UTC 2018 /home/travis/build/icyphy/ptII/ptolemy/actor/lib/test/auto/matrixType9.xml
----------------- Instantiating /home/travis/build/icyphy/ptII/ptolemy/actor/lib/test/auto/matrixType9.xml
1 ms. Memory: 1785344K Free: 290689K (16%)
----------------- Invoking toplevel() on ptolemy.moml.MoMLSimpleApplication@46c09561
----------------- Done invoking toplevel() on ptolemy.moml.MoMLSimpleApplication@46c09561
reloadAllAccessors: .matrixType9

===========================================================================================
----------------- testing Fri Jun 22 01:22:46 UTC 2018 /home/travis/build/icyphy/ptII/ptolemy/actor/lib/test/auto/paraFunctest.xml
----------------- Instantiating /home/travis/build/icyphy/ptII/ptolemy/actor/lib/test/auto/paraFunctest.xml
1 ms. Memory: 1785344K Free: 269949K (15%)
----------------- Invoking toplevel() on ptolemy.moml.MoMLSimpleApplication@4ce085b
----------------- Done invoking toplevel() on ptolemy.moml.MoMLSimpleApplication@4ce085b
reloadAllAccessors: .paraFunctest

===========================================================================================
----------------- testing Fri Jun 22 01:22:46 UTC 2018 /home/travis/build/icyphy/ptII/ptolemy/actor/lib/test/auto/paraFunctest2.xml
----------------- Instantiating /home/travis/build/icyphy/ptII/ptolemy/actor/lib/test/auto/paraFunctest2.xml
1 ms. Memory: 1785344K Free: 253227K (14%)
----------------- Invoking toplevel() on ptolemy.moml.MoMLSimpleApplication@1acc1e73
----------------- Done invoking toplevel() on ptolemy.moml.MoMLSimpleApplication@1acc1e73
reloadAllAccessors: .paraFunctest2

===========================================================================================
----------------- testing Fri Jun 22 01:22:46 UTC 2018 /home/travis/build/icyphy/ptII/ptolemy/actor/lib/test/auto/parameterPassing.xml
----------------- Instantiating /home/travis/build/icyphy/ptII/ptolemy/actor/lib/test/auto/parameterPassing.xml
1 ms. Memory: 1785344K Free: 232487K (13%)
----------------- Invoking toplevel() on ptolemy.moml.MoMLSimpleApplication@766039d9
----------------- Done invoking toplevel() on ptolemy.moml.MoMLSimpleApplication@766039d9
reloadAllAccessors: .parameterPassing

===========================================================================================
----------------- testing Fri Jun 22 01:22:46 UTC 2018 /home/travis/build/icyphy/ptII/ptolemy/actor/lib/test/auto/record.xml
----------------- Instantiating /home/travis/build/icyphy/ptII/ptolemy/actor/lib/test/auto/record.xml
4 ms. Memory: 1785344K Free: 211747K (12%)
----------------- Invoking toplevel() on ptolemy.moml.MoMLSimpleApplication@1e752e44
----------------- Done invoking toplevel() on ptolemy.moml.MoMLSimpleApplication@1e752e44
reloadAllAccessors: .record

===========================================================================================
----------------- testing Fri Jun 22 01:22:46 UTC 2018 /home/travis/build/icyphy/ptII/ptolemy/actor/lib/test/auto/sizedarray1.xml
----------------- Instantiating /home/travis/build/icyphy/ptII/ptolemy/actor/lib/test/auto/sizedarray1.xml
2 ms. Memory: 1785344K Free: 195025K (11%)
----------------- Invoking toplevel() on ptolemy.moml.MoMLSimpleApplication@4f715008
----------------- Done invoking toplevel() on ptolemy.moml.MoMLSimpleApplication@4f715008
reloadAllAccessors: .sizedarray1

===========================================================================================
----------------- testing Fri Jun 22 01:22:46 UTC 2018 /home/travis/build/icyphy/ptII/ptolemy/actor/lib/test/auto/sizedarray2.xml
----------------- Instantiating /home/travis/build/icyphy/ptII/ptolemy/actor/lib/test/auto/sizedarray2.xml
3 ms. Memory: 1785344K Free: 174285K (10%)
----------------- Invoking toplevel() on ptolemy.moml.MoMLSimpleApplication@4091d883
----------------- Done invoking toplevel() on ptolemy.moml.MoMLSimpleApplication@4091d883
reloadAllAccessors: .sizedarray2

===========================================================================================
----------------- testing Fri Jun 22 01:22:46 UTC 2018 /home/travis/build/icyphy/ptII/ptolemy/actor/lib/test/auto/twoPublishers.xml
----------------- Instantiating /home/travis/build/icyphy/ptII/ptolemy/actor/lib/test/auto/twoPublishers.xml
5 ms. Memory: 1785344K Free: 145175K (8%)
----------------- Invoking toplevel() on ptolemy.moml.MoMLSimpleApplication@49bcb64a
----------------- Done invoking toplevel() on ptolemy.moml.MoMLSimpleApplication@49bcb64a
reloadAllAccessors: .twoPublishers
AutoTests.java: About to close Vertx.
AutoTests.java: Vertx closed.
]]></system-out>
  <system-err><![CDATA[java.lang.RuntimeException: Execution failed
	at ptolemy.moml.MoMLSimpleApplication$UnloadThread.run(MoMLSimpleApplication.java:402)
Caused by: java.lang.RuntimeException: Normally, we would exit here because Manager.exitAfterWrapup() was called.  However, because the ptolemy.ptII.exitAfterWrapup property is set, we throw this exception instead.
	at ptolemy.util.StringUtilities.exit(StringUtilities.java:363)
	at ptolemy.actor.Manager.wrapup(Manager.java:1531)
	at ptolemy.actor.Manager.execute(Manager.java:407)
	at ptolemy.actor.Manager.run(Manager.java:1263)
	at ptolemy.actor.Manager$PtolemyRunThread.run(Manager.java:1915)
Warning: '.top.test' is in training mode, set the trainingMode parameter to false before checking in
Warning: '.top.test' is in training mode, set the trainingMode parameter to false before checking in
Warning: '.top.test' is in training mode, set the trainingMode parameter to false before checking in
Warning: '.BooleanSwitch_RegressionTest_WrongTrainingValues.Test' is in training mode, set the trainingMode parameter to false before checking in
Warning: '.BooleanSwitch_RegressionTest_WrongTrainingValues.Test2' is in training mode, set the trainingMode parameter to false before checking in
Warning: '.BooleanSwitch_RegressionTest_WrongTrainingValues.Test2' The test produced 0 tokens.
Warning: '.top.testExceptionHandler' is in training mode, set the trainingMode parameter to false before checking in
java.lang.RuntimeException: Execution failed
	at ptolemy.moml.MoMLSimpleApplication$UnloadThread.run(MoMLSimpleApplication.java:402)
Caused by: ptolemy.kernel.util.IllegalActionException: PublisherPorts cannot be used at the top level, use a Publisher actor instead.
  in .PublisherPortToplevelSubscriber.PublisherPort
	at ptolemy.actor.PublisherPort.preinitialize(PublisherPort.java:403)
	at ptolemy.actor.CompositeActor.preinitialize(CompositeActor.java:1769)
	at ptolemy.actor.Manager.preinitializeAndResolveTypes(Manager.java:1040)
	at ptolemy.actor.Manager.initialize(Manager.java:710)
	at ptolemy.actor.Manager.execute(Manager.java:356)
	at ptolemy.actor.Manager.run(Manager.java:1263)
	at ptolemy.actor.Manager$PtolemyRunThread.run(Manager.java:1915)
java.lang.reflect.InvocationTargetException
	at sun.reflect.NativeConstructorAccessorImpl.newInstance0(Native Method)
	at sun.reflect.NativeConstructorAccessorImpl.newInstance(NativeConstructorAccessorImpl.java:62)
	at sun.reflect.DelegatingConstructorAccessorImpl.newInstance(DelegatingConstructorAccessorImpl.java:45)
	at java.lang.reflect.Constructor.newInstance(Constructor.java:423)
	at ptolemy.util.test.junit.AutoKnownFailedTests.RunModel(AutoKnownFailedTests.java:107)
	at sun.reflect.NativeMethodAccessorImpl.invoke0(Native Method)
	at sun.reflect.NativeMethodAccessorImpl.invoke(NativeMethodAccessorImpl.java:62)
	at sun.reflect.DelegatingMethodAccessorImpl.invoke(DelegatingMethodAccessorImpl.java:43)
	at java.lang.reflect.Method.invoke(Method.java:498)
	at org.junit.runners.model.FrameworkMethod$1.runReflectiveCall(FrameworkMethod.java:44)
	at org.junit.internal.runners.model.ReflectiveCallable.run(ReflectiveCallable.java:15)
	at org.junit.runners.model.FrameworkMethod.invokeExplosively(FrameworkMethod.java:41)
	at junitparams.internal.InvokeParameterisedMethod.evaluate(InvokeParameterisedMethod.java:102)
	at org.junit.internal.runners.statements.FailOnTimeout$1.run(FailOnTimeout.java:28)
Caused by: ptolemy.kernel.util.IllegalActionException: PublisherPorts cannot be used at the top level, use a Publisher actor instead.
  in .PublisherPortToplevelSubscriber.PublisherPort
	at ptolemy.actor.PublisherPort.preinitialize(PublisherPort.java:403)
	at ptolemy.actor.CompositeActor.preinitialize(CompositeActor.java:1769)
	at ptolemy.actor.Manager.preinitializeAndResolveTypes(Manager.java:1040)
	at ptolemy.actor.Manager.initialize(Manager.java:710)
	at ptolemy.actor.Manager.execute(Manager.java:356)
	at ptolemy.actor.Manager.run(Manager.java:1263)
	at ptolemy.actor.Manager$PtolemyRunThread.run(Manager.java:1915)
java.lang.RuntimeException: Execution failed
	at ptolemy.moml.MoMLSimpleApplication$UnloadThread.run(MoMLSimpleApplication.java:402)
Caused by: ptolemy.kernel.util.IllegalActionException: SubscriberPorts cannot be used at the top level, use a Subscriber actor instead.
  in .PublisherSubscriberPortToplevel.SubscriberPort
	at ptolemy.actor.SubscriberPort.preinitialize(SubscriberPort.java:328)
	at ptolemy.actor.CompositeActor.preinitialize(CompositeActor.java:1769)
	at ptolemy.actor.Manager.preinitializeAndResolveTypes(Manager.java:1040)
	at ptolemy.actor.Manager.initialize(Manager.java:710)
	at ptolemy.actor.Manager.execute(Manager.java:356)
	at ptolemy.actor.Manager.run(Manager.java:1263)
	at ptolemy.actor.Manager$PtolemyRunThread.run(Manager.java:1915)
java.lang.reflect.InvocationTargetException
	at sun.reflect.NativeConstructorAccessorImpl.newInstance0(Native Method)
	at sun.reflect.NativeConstructorAccessorImpl.newInstance(NativeConstructorAccessorImpl.java:62)
	at sun.reflect.DelegatingConstructorAccessorImpl.newInstance(DelegatingConstructorAccessorImpl.java:45)
	at java.lang.reflect.Constructor.newInstance(Constructor.java:423)
	at ptolemy.util.test.junit.AutoKnownFailedTests.RunModel(AutoKnownFailedTests.java:107)
	at sun.reflect.NativeMethodAccessorImpl.invoke0(Native Method)
	at sun.reflect.NativeMethodAccessorImpl.invoke(NativeMethodAccessorImpl.java:62)
	at sun.reflect.DelegatingMethodAccessorImpl.invoke(DelegatingMethodAccessorImpl.java:43)
	at java.lang.reflect.Method.invoke(Method.java:498)
	at org.junit.runners.model.FrameworkMethod$1.runReflectiveCall(FrameworkMethod.java:44)
	at org.junit.internal.runners.model.ReflectiveCallable.run(ReflectiveCallable.java:15)
	at org.junit.runners.model.FrameworkMethod.invokeExplosively(FrameworkMethod.java:41)
	at junitparams.internal.InvokeParameterisedMethod.evaluate(InvokeParameterisedMethod.java:102)
	at org.junit.internal.runners.statements.FailOnTimeout$1.run(FailOnTimeout.java:28)
Caused by: ptolemy.kernel.util.IllegalActionException: SubscriberPorts cannot be used at the top level, use a Subscriber actor instead.
  in .PublisherSubscriberPortToplevel.SubscriberPort
	at ptolemy.actor.SubscriberPort.preinitialize(SubscriberPort.java:328)
	at ptolemy.actor.CompositeActor.preinitialize(CompositeActor.java:1769)
	at ptolemy.actor.Manager.preinitializeAndResolveTypes(Manager.java:1040)
	at ptolemy.actor.Manager.initialize(Manager.java:710)
	at ptolemy.actor.Manager.execute(Manager.java:356)
	at ptolemy.actor.Manager.run(Manager.java:1263)
	at ptolemy.actor.Manager$PtolemyRunThread.run(Manager.java:1915)
java.lang.RuntimeException: Execution failed
	at ptolemy.moml.MoMLSimpleApplication$UnloadThread.run(MoMLSimpleApplication.java:402)
Caused by: ptolemy.kernel.util.IllegalActionException: SubscriptionAggregatorPorts cannot be used at the top level, use a SubscriptionAggregator actor instead.
  in .PublisherSubscriptionAggregatorPort.SubscriptionAggregatorPort
	at ptolemy.actor.SubscriptionAggregatorPort.preinitialize(SubscriptionAggregatorPort.java:353)
	at ptolemy.actor.CompositeActor.preinitialize(CompositeActor.java:1769)
	at ptolemy.actor.Manager.preinitializeAndResolveTypes(Manager.java:1040)
	at ptolemy.actor.Manager.initialize(Manager.java:710)
	at ptolemy.actor.Manager.execute(Manager.java:356)
	at ptolemy.actor.Manager.run(Manager.java:1263)
	at ptolemy.actor.Manager$PtolemyRunThread.run(Manager.java:1915)
java.lang.reflect.InvocationTargetException
	at sun.reflect.NativeConstructorAccessorImpl.newInstance0(Native Method)
	at sun.reflect.NativeConstructorAccessorImpl.newInstance(NativeConstructorAccessorImpl.java:62)
	at sun.reflect.DelegatingConstructorAccessorImpl.newInstance(DelegatingConstructorAccessorImpl.java:45)
	at java.lang.reflect.Constructor.newInstance(Constructor.java:423)
	at ptolemy.util.test.junit.AutoKnownFailedTests.RunModel(AutoKnownFailedTests.java:107)
	at sun.reflect.NativeMethodAccessorImpl.invoke0(Native Method)
	at sun.reflect.NativeMethodAccessorImpl.invoke(NativeMethodAccessorImpl.java:62)
	at sun.reflect.DelegatingMethodAccessorImpl.invoke(DelegatingMethodAccessorImpl.java:43)
	at java.lang.reflect.Method.invoke(Method.java:498)
	at org.junit.runners.model.FrameworkMethod$1.runReflectiveCall(FrameworkMethod.java:44)
	at org.junit.internal.runners.model.ReflectiveCallable.run(ReflectiveCallable.java:15)
	at org.junit.runners.model.FrameworkMethod.invokeExplosively(FrameworkMethod.java:41)
	at junitparams.internal.InvokeParameterisedMethod.evaluate(InvokeParameterisedMethod.java:102)
	at org.junit.internal.runners.statements.FailOnTimeout$1.run(FailOnTimeout.java:28)
Caused by: ptolemy.kernel.util.IllegalActionException: SubscriptionAggregatorPorts cannot be used at the top level, use a SubscriptionAggregator actor instead.
  in .PublisherSubscriptionAggregatorPort.SubscriptionAggregatorPort
	at ptolemy.actor.SubscriptionAggregatorPort.preinitialize(SubscriptionAggregatorPort.java:353)
	at ptolemy.actor.CompositeActor.preinitialize(CompositeActor.java:1769)
	at ptolemy.actor.Manager.preinitializeAndResolveTypes(Manager.java:1040)
	at ptolemy.actor.Manager.initialize(Manager.java:710)
	at ptolemy.actor.Manager.execute(Manager.java:356)
	at ptolemy.actor.Manager.run(Manager.java:1263)
	at ptolemy.actor.Manager$PtolemyRunThread.run(Manager.java:1915)
java.lang.RuntimeException: Execution failed
	at ptolemy.moml.MoMLSimpleApplication$UnloadThread.run(MoMLSimpleApplication.java:402)
Caused by: ptolemy.kernel.util.IllegalActionException: TypeTest actor has no training data.
  in .sizedarray3.TypeTest
	at ptolemy.actor.lib.TypeTest.initialize(TypeTest.java:250)
	at ptolemy.actor.Director.initialize(Director.java:938)
	at ptolemy.actor.Director.initialize(Director.java:907)
	at ptolemy.actor.sched.StaticSchedulingDirector.initialize(StaticSchedulingDirector.java:159)
	at ptolemy.domains.sdf.kernel.SDFDirector.initialize(SDFDirector.java:544)
	at ptolemy.actor.CompositeActor.initialize(CompositeActor.java:935)
	at ptolemy.actor.Manager.initialize(Manager.java:724)
	at ptolemy.actor.Manager.execute(Manager.java:356)
	at ptolemy.actor.Manager.run(Manager.java:1263)
	at ptolemy.actor.Manager$PtolemyRunThread.run(Manager.java:1915)
java.lang.reflect.InvocationTargetException
	at sun.reflect.NativeConstructorAccessorImpl.newInstance0(Native Method)
	at sun.reflect.NativeConstructorAccessorImpl.newInstance(NativeConstructorAccessorImpl.java:62)
	at sun.reflect.DelegatingConstructorAccessorImpl.newInstance(DelegatingConstructorAccessorImpl.java:45)
	at java.lang.reflect.Constructor.newInstance(Constructor.java:423)
	at ptolemy.util.test.junit.AutoKnownFailedTests.RunModel(AutoKnownFailedTests.java:107)
	at sun.reflect.NativeMethodAccessorImpl.invoke0(Native Method)
	at sun.reflect.NativeMethodAccessorImpl.invoke(NativeMethodAccessorImpl.java:62)
	at sun.reflect.DelegatingMethodAccessorImpl.invoke(DelegatingMethodAccessorImpl.java:43)
	at java.lang.reflect.Method.invoke(Method.java:498)
	at org.junit.runners.model.FrameworkMethod$1.runReflectiveCall(FrameworkMethod.java:44)
	at org.junit.internal.runners.model.ReflectiveCallable.run(ReflectiveCallable.java:15)
	at org.junit.runners.model.FrameworkMethod.invokeExplosively(FrameworkMethod.java:41)
	at junitparams.internal.InvokeParameterisedMethod.evaluate(InvokeParameterisedMethod.java:102)
	at org.junit.internal.runners.statements.FailOnTimeout$1.run(FailOnTimeout.java:28)
Caused by: ptolemy.kernel.util.IllegalActionException: TypeTest actor has no training data.
  in .sizedarray3.TypeTest
	at ptolemy.actor.lib.TypeTest.initialize(TypeTest.java:250)
	at ptolemy.actor.Director.initialize(Director.java:938)
	at ptolemy.actor.Director.initialize(Director.java:907)
	at ptolemy.actor.sched.StaticSchedulingDirector.initialize(StaticSchedulingDirector.java:159)
	at ptolemy.domains.sdf.kernel.SDFDirector.initialize(SDFDirector.java:544)
	at ptolemy.actor.CompositeActor.initialize(CompositeActor.java:935)
	at ptolemy.actor.Manager.initialize(Manager.java:724)
	at ptolemy.actor.Manager.execute(Manager.java:356)
	at ptolemy.actor.Manager.run(Manager.java:1263)
	at ptolemy.actor.Manager$PtolemyRunThread.run(Manager.java:1915)
]]></system-err>
</testsuite>
