<?xml version="1.0" encoding="UTF-8" ?>
<testsuite errors="1" failures="0" hostname="travis-job-3a6c6d5d-a77c-4978-98a0-fbc1f3fc2d21" name="ptolemy.actor.lib.test.junit.JUnitTclTest" skipped="0" tests="517" time="63.813" timestamp="2020-02-23T07:08:19">
  <properties>
    <property name="npm.executable" value="npm" />
    <property name="env.TRAVIS_ROOT" value="/" />
    <property name="ptII.mk.exists" value="true" />
    <property name="env.TRAVIS_APP_HOST" value="build.travis-ci.org" />
    <property name="env.rvm_bin_path" value="/home/travis/.rvm/bin" />
    <property name="java.home" value="/usr/local/lib/jvm/openjdk11" />
    <property name="env.TRAVIS_JOB_NUMBER" value="1529.8" />
    <property name="env.TRAVIS_HOME" value="/home/travis" />
    <property name="env.DISPLAY" value=":99.0" />
    <property name="env.TRAVIS_INIT" value="systemd" />
    <property name="env.SSH_TTY" value="/dev/pts/0" />
    <property name="java.net.preferIPv4Stack" value="true" />
    <property name="env.RUN_TESTS" value="true" />
    <property name="timeout.short" value="1000000" />
    <property name="junit.formatter" value="xml" />
    <property name="env.TRAVIS_SUDO" value="true" />
    <property name="env.TRAVIS_JOB_NAME" value="" />
    <property name="env.TRAVIS_STACK_NODE_ATTRIBUTES" value="/.node-attributes.yml" />
    <property name="env.LOGNAME" value="travis" />
    <property name="env.PT_TRAVIS_TEST_CORE1_XML" value="true" />
    <property name="jsdoc.home" value="node_modules/@terraswarm/jsdoc" />
    <property name="debuglevel" value="source,lines,vars" />
    <property name="checkstyle.formatter" value="xml" />
    <property name="env._system_version" value="16.04" />
    <property name="bin.vergil.makeable" value="true" />
    <property name="sun.os.patch.level" value="unknown" />
    <property name="java.vendor.url" value="http://java.oracle.com/" />
    <property name="env.TRAVIS_BUILD_WEB_URL" value="https://travis-ci.org/icyphy/ptII/builds/654000106" />
    <property name="java.version" value="11.0.2" />
    <property name="env.TZ" value="UTC" />
    <property name="env.TRAVIS_PULL_REQUEST_SHA" value="" />
    <property name="env.PT_NO_NET" value="true" />
    <property name="env.TRAVIS_SECURE_ENV_VARS" value="true" />
    <property name="env._system_type" value="Linux" />
    <property name="java.vendor.url.bug" value="http://bugreport.java.com/bugreport/" />
    <property name="npmjs-org-is-up" value="true" />
    <property name="env.LANGUAGE" value="en_US.UTF-8" />
    <property name="env.SSH_CLIENT" value="10.16.1.35 54020 22" />
    <property name="env.GEM_HOME" value="/home/travis/.rvm/gems/ruby-2.5.3" />
    <property name="env.HAS_ANTARES_THREE_LITTLE_FRONZIES_BADGE" value="true" />
    <property name="java.version.date" value="2019-01-15" />
    <property name="env.PS4" value="+" />
    <property name="ant.project.invoked-targets" value="build,test.core1.xml" />
    <property name="env.TRAVIS_PULL_REQUEST_BRANCH" value="" />
    <property name="env.TRAVIS_REPO_SLUG" value="icyphy/ptII" />
    <property name="env.XDG_DATA_DIRS" value="/usr/local/share:/usr/share:/var/lib/snapd/desktop" />
    <property name="jdk.debug" value="release" />
    <property name="env.TRAVIS_APT_PROXY" value="http://build-cache.travisci.net" />
    <property name="env.TRAVIS_CPU_ARCH" value="amd64" />
    <property name="node.in.path" value="true" />
    <property name="user.name" value="travis" />
    <property name="java.maxmemory" value="1400m" />
    <property name="env.RUBY_VERSION" value="ruby-2.5.3" />
    <property name="env.LANG" value="en_US.UTF-8" />
    <property name="sun.io.unicode.encoding" value="UnicodeLittle" />
    <property name="sun.jnu.encoding" value="UTF-8" />
    <property name="java.runtime.name" value="OpenJDK Runtime Environment" />
    <property name="usefile" value="false" />
    <property name="return.code" value="0" />
    <property name="junit.single.formatter" value="plain" />
    <property name="env.DYLD_LIBRARY_PATH" value="/home/travis/pthla/certi-tools/lib:" />
    <property name="env.DEBIAN_FRONTEND" value="noninteractive" />
    <property name="env.SSH_CONNECTION" value="10.16.1.35 54020 10.20.0.12 22" />
    <property name="env.MYSQL_UNIX_PORT" value="/var/run/mysqld/mysqld.sock" />
    <property name="env.LC_ALL" value="en_US.UTF-8" />
    <property name="env.TRAVIS_ALLOW_FAILURE" value="false" />
    <property name="env.TRAVIS_JOB_WEB_URL" value="https://travis-ci.org/icyphy/ptII/jobs/654000114" />
    <property name="java.specification.name" value="Java Platform API Specification" />
    <property name="node.works" value="true" />
    <property name="user.timezone" value="" />
    <property name="path.separator" value=":" />
    <property name="env.TRAVIS_ENABLE_INFRA_DETECTION" value="true" />
    <property name="env.PYTHON_CFLAGS" value="-g -fstack-protector --param=ssp-buffer-size=4 -Wformat -Werror=format-security" />
    <property name="timeout.long" value="4000000" />
    <property name="env.CERTI_HOME" value="/home/travis/pthla/certi-tools" />
    <property name="ant.file.ptII" value="/home/travis/build/icyphy/ptII/build.xml" />
    <property name="javadoc.packagenames" value="com.*,diva.*,lbnl.*,org.hlacerti.*,org.json.*,org.ptolemy.*,org.terraswarm.*,ptolemy.*,ptserver.*" />
    <property name="file.encoding" value="UTF-8" />
    <property name="env.TRAVIS_PULL_REQUEST_SLUG" value="" />
    <property name="ant.project.default-target" value="build" />
    <property name="env.GIT_ASKPASS" value="echo" />
    <property name="env.HOME" value="/home/travis" />
    <property name="sun.java.command" value="org.apache.tools.ant.taskdefs.optional.junit.JUnitTestRunner ptolemy.actor.lib.test.junit.JUnitTclTest skipNonTests=false filtertrace=true haltOnError=false haltOnFailure=false formatter=org.apache.tools.ant.taskdefs.optional.junit.OutErrSummaryJUnitResultFormatter showoutput=true outputtoformatters=true logfailedtests=true threadid=0 logtestlistenerevents=false formatter=org.apache.tools.ant.taskdefs.optional.junit.XMLJUnitResultFormatter,/home/travis/build/icyphy/ptII/reports/junit/TEST-ptolemy.actor.lib.test.junit.JUnitTclTest.xml crashfile=/home/travis/build/icyphy/ptII/junitvmwatcher3451095050617902500.properties propsfile=/home/travis/build/icyphy/ptII/junit13963138972525379457.properties" />
    <property name="env.COMPOSER_NO_INTERACTION" value="1" />
    <property name="env.MANPATH" value="/home/travis/.nvm/versions/node/v7.10.1/share/man:/home/travis/.rvm/rubies/ruby-2.5.3/share/man:/usr/local/cmake-3.12.4/man:/usr/local/clang-7.0.0/share/man:/usr/local/man:/usr/local/share/man:/usr/share/man:/home/travis/.rvm/man" />
    <property name="env.TRAVIS_TIMER_ID" value="11bd7c5a" />
    <property name="ant.file" value="/home/travis/build/icyphy/ptII/build.xml" />
    <property name="env.TRAVIS_COMMIT_RANGE" value="198d5e5614c59c3dad3ed2ffb3f8747ec78cc1c8...0d150754160b99997a547e4ab8141b89e365e186" />
    <property name="env._system_name" value="Ubuntu" />
    <property name="ptII.classpath.optional.property" value="/home/travis/build/icyphy/ptII/lib/bsh-2.0b4.jar:/home/travis/build/icyphy/ptII/lib/ptCal.jar:/home/travis/build/icyphy/ptII/lib/java_cup.jar:/home/travis/build/icyphy/ptII/lib/saxon8.jar:/home/travis/build/icyphy/ptII/lib/saxon8-dom.jar:/home/travis/build/icyphy/ptII/lib/chic.jar:/home/travis/build/icyphy/ptII/lib/ptcolt.jar:/home/travis/build/icyphy/ptII/vendors/misc/itext/iText.jar:/home/travis/build/icyphy/ptII/lib/g4ltl.jar:/home/travis/build/icyphy/ptII/lib/StructuralCoder.jar:/home/travis/build/icyphy/ptII/lib/jcerti.jar:/home/travis/build/icyphy/ptII/lib/javax.mail.jar:/home/travis/build/icyphy/ptII/vendors/JMF-2.1.1e/lib/jmf.jar:/home/travis/build/icyphy/ptII/lib/jna-4.0.0-variadic.jar:/home/travis/build/icyphy/ptII/vendors/misc/joystick/Joystick.jar:/home/travis/build/icyphy/ptII/lib/ptjacl.jar:/home/travis/build/icyphy/ptII/lib/jsoup-1.8.2.jar:/home/travis/build/icyphy/ptII/lib/junit-4.8.2.jar:/home/travis/build/icyphy/ptII/lib/JUnitParams-0.4.0.jar:/home/travis/build/icyphy/ptII/ptolemy/actor/lib/excel/jxl.jar:/home/travis/build/icyphy/ptII/lib/jython.jar:/home/travis/build/icyphy/ptII/lib/kieler.jar:/home/travis/build/icyphy/ptII/vendors/opencv/share/OpenCV/java/opencv-341.jar:/home/travis/build/icyphy/ptII/lib/oscP5.jar:/home/travis/build/icyphy/ptII/lib/nrjavaserial-3.11.0.devel.jar:/home/travis/build/icyphy/ptII/vendors/j3d/lib/Linux/j3dcore.jar:/home/travis/build/icyphy/ptII/vendors/j3d/lib/Linux/j3dutils.jar:/home/travis/build/icyphy/ptII/vendors/j3d/lib/Linux/vecmath.jar:/home/travis/build/icyphy/ptII/vendors/jogl/lib/Linux/gluegen-rt-natives-linux-amd64.jar:/home/travis/build/icyphy/ptII/vendors/jogl/lib/Linux/gluegen-rt.jar:/home/travis/build/icyphy/ptII/vendors/jogl/lib/Linux/jogl-all-natives-linux-amd64.jar:/home/travis/build/icyphy/ptII/vendors/jogl/lib/Linux/jogl-all.jar:/home/travis/build/icyphy/ptII/ptolemy/distributed/jini/jar/jini-core.jar:/home/travis/build/icyphy/ptII/ptolemy/distributed/jini/jar/jini-ext.jar:/home/travis/build/icyphy/ptII/ptolemy/distributed/jini/jar/sun-util.jar:/home/travis/build/icyphy/ptII/lib/protobuf-java-2.4.1.jar:/home/travis/build/icyphy/ptII/lib/org.eclipse.paho.client.mqttv3.jar:/home/travis/build/icyphy/ptII/lib/mapss.jar:/home/travis/build/icyphy/ptII/ptolemy/actor/ptalon/antlr/antlr.jar:/home/travis/build/icyphy/ptII/lib/JRI.jar:/home/travis/build/icyphy/ptII/lib/commons-lang-2.6.jar:/home/travis/build/icyphy/ptII/lib/commons-logging-1.1.1.jar:/home/travis/build/icyphy/ptII/lib/sootclasses.jar:/home/travis/build/icyphy/ptII/ptolemy/actor/lib/database/mysql-connector-java-5.1.6-bin.jar:/home/travis/build/icyphy/ptII/vendors/misc/sphinx4/sphinx4-data-5prealpha.jar:/home/travis/build/icyphy/ptII/vendors/misc/sphinx4/sphinx4-core-5prealpha.jar:/home/travis/build/icyphy/ptII/lib/PDFRenderer.jar:/home/travis/build/icyphy/ptII/lib/svgSalamander.jar:/home/travis/build/icyphy/ptII/lib/rsyntaxtextarea-2.6.0-SNAPSHOT.jar:/home/travis/build/icyphy/ptII/lib/hazelcast-3.8.2.jar:/home/travis/build/icyphy/ptII/lib/jackson-annotations-2.9.0.jar:/home/travis/build/icyphy/ptII/lib/jackson-core-2.9.3.jar:/home/travis/build/icyphy/ptII/lib/jackson-databind-2.9.3.jar:/home/travis/build/icyphy/ptII/lib/netty-buffer-4.1.19.Final.jar:/home/travis/build/icyphy/ptII/lib/netty-codec-4.1.19.Final.jar:/home/travis/build/icyphy/ptII/lib/netty-codec-dns-4.1.19.Final.jar:/home/travis/build/icyphy/ptII/lib/netty-codec-http-4.1.19.Final.jar:/home/travis/build/icyphy/ptII/lib/netty-codec-http2-4.1.19.Final.jar:/home/travis/build/icyphy/ptII/lib/netty-common-4.1.19.Final.jar:/home/travis/build/icyphy/ptII/lib/netty-handler-4.1.19.Final.jar:/home/travis/build/icyphy/ptII/lib/netty-resolver-4.1.19.Final.jar:/home/travis/build/icyphy/ptII/lib/netty-resolver-dns-4.1.19.Final.jar:/home/travis/build/icyphy/ptII/lib/netty-transport-4.1.19.Final.jar:/home/travis/build/icyphy/ptII/lib/vertx-codegen-3.5.1.jar:/home/travis/build/icyphy/ptII/lib/vertx-core-3.5.2-SNAPSHOT.jar:/home/travis/build/icyphy/ptII/lib/vertx-hazelcast-3.5.1.jar:/home/travis/build/icyphy/ptII/lib/vertx-lang-js-3.5.1.jar:/home/travis/build/icyphy/ptII/lib/vertx-service-proxy-3.5.1.jar:/home/travis/build/icyphy/ptII/lib/vertx-web-3.5.1.jar:/home/travis/build/icyphy/ptII/lib/slf4j-api-1.7.13.jar:/home/travis/build/icyphy/ptII/lib/slf4j-simple-1.7.13.jar:/home/travis/build/icyphy/ptII/lib/webcam-capture-0.3.12.jar:/home/travis/build/icyphy/ptII/lib/bridj-0.7.0.jar:/home/travis/build/icyphy/ptII/lib/xbjlib-1.1.0.nrjavaserial.jar" />
    <property name="timeout" value="2400000" />
    <property name="test.batch" value="**/junit/*.java" />
    <property name="env._" value="/usr/bin/timeout" />
    <property name="java.io.tmpdir" value="/tmp" />
    <property name="user.language" value="en" />
    <property name="env.TRAVIS_INTERNAL_RUBY_REGEX" value="^ruby-(2\.[0-4]\.[0-9]|1\.9\.3)" />
    <property name="env.HISTCONTROL" value="ignoredups:ignorespace" />
    <property name="env.GOROOT" value="/home/travis/.gimme/versions/go1.11.1.linux.amd64" />
    <property name="line.separator" value="&#xa;" />
    <property name="target" value="11" />
    <property name="env.TRAVIS_BUILD_DIR" value="/home/travis/build/icyphy/ptII" />
    <property name="env.ANT_OPTS" value="-Xmx2048m" />
    <property name="ant.file.type" value="file" />
    <property name="ptolemy.ptII.batchMode" value="true" />
    <property name="env.HISTSIZE" value="1000" />
    <property name="env.MERB_ENV" value="test" />
    <property name="java.vm.info" value="mixed mode" />
    <property name="source" value="11" />
    <property name="java.vm.specification.name" value="Java Virtual Machine Specification" />
    <property name="env.TRAVIS_TEST_RESULT" value="0" />
    <property name="jsdoc.command" value="node_modules/@terraswarm/jsdoc/jsdoc.js" />
    <property name="npm.works" value="true" />
    <property name="cobertura.dir" value="/home/travis/build/icyphy/ptII/vendors/cobertura-2.0.3" />
    <property name="jsdoc.command.exists" value="true" />
    <property name="env.rvm_path" value="/home/travis/.rvm" />
    <property name="env.GEM_PATH" value="/home/travis/.rvm/gems/ruby-2.5.3:/home/travis/.rvm/gems/ruby-2.5.3@global" />
    <property name="env.LC_CTYPE" value="en_US.UTF-8" />
    <property name="env.TRAVIS_CMD" value="$PTII/bin/ptIITravisBuild.sh $SECONDS" />
    <property name="java.awt.printerjob" value="sun.print.PSPrinterJob" />
    <property name="env.TRAVIS_STACK_NAME" value="sardonyx" />
    <property name="env.TRAVIS_TIMER_START_TIME" value="1582441037990198977" />
    <property name="ant.version" value="Apache Ant(TM) version 1.10.1 compiled on February 2 2017" />
    <property name="ptII.reports" value="/home/travis/build/icyphy/ptII/reports" />
    <property name="env.TRAVIS_STACK_TIMESTAMP" value="2019-03-25 16:16:56 UTC" />
    <property name="ant.file.type.ptII" value="file" />
    <property name="env.RBENV_SHELL" value="bash" />
    <property name="os.name" value="Linux" />
    <property name="java.specification.vendor" value="Oracle Corporation" />
    <property name="env.rvm_version" value="1.29.7 (latest)" />
    <property name="env.TRAVIS_INFRA" value="unknown" />
    <property name="env.TERM" value="xterm" />
    <property name="java.vm.name" value="OpenJDK 64-Bit Server VM" />
    <property name="env.TRAVIS_BUILD_NUMBER" value="1529" />
    <property name="env.CI" value="true" />
    <property name="java.library.path" value="/home/travis/pthla/certi-tools/lib:/usr/lib/jni:/usr/local/share/OpenCV/java/:/usr/share/OpenCV/java::/usr/java/packages/lib:/usr/lib64:/lib64:/lib:/usr/lib" />
    <property name="jdk.module.path" value="/home/travis/build/icyphy/ptII/vendors/javafx/javafx-sdk-11.0.2/lib:" />
    <property name="env.rvm_prefix" value="/home/travis" />
    <property name="env.PATH" value="/home/travis/pthla/certi-tools/share/scripts:/home/travis/.rvm/gems/ruby-2.5.3/bin:/home/travis/.rvm/gems/ruby-2.5.3@global/bin:/home/travis/.rvm/rubies/ruby-2.5.3/bin:/home/travis/.rvm/bin:/home/travis/.nvm/versions/node/v7.10.1/bin:./node_modules/.bin:/home/travis/build/icyphy/ptII/bin:/home/travis/pthla/certi-tools/bin:/home/travis/bin:/home/travis/.local/bin:/usr/local/lib/jvm/openjdk11/bin:/opt/pyenv/shims:/home/travis/.phpenv/shims:/home/travis/perl5/perlbrew/bin:/home/travis/gopath/bin:/home/travis/.gimme/versions/go1.11.1.linux.amd64/bin:/usr/local/maven-3.6.0/bin:/usr/local/cmake-3.12.4/bin:/usr/local/clang-7.0.0/bin:/usr/local/sbin:/usr/local/bin:/usr/sbin:/usr/bin:/sbin:/bin:/snap/bin:/home/travis/.phpenv/bin:/opt/pyenv/bin:/home/travis/.yarn/bin" />
    <property name="env.TRAVIS_OS_NAME" value="linux" />
    <property name="ant.java.version" value="9" />
    <property name="basedir" value="/home/travis/build/icyphy/ptII" />
    <property name="java.class.version" value="55.0" />
    <property name="env.SHLVL" value="3" />
    <property name="env.LD_LIBRARY_PATH" value="/home/travis/pthla/certi-tools/lib:/usr/lib/jni:/usr/local/share/OpenCV/java/:/usr/share/OpenCV/java:" />
    <property name="env.RACK_ENV" value="test" />
    <property name="ant.home" value="/home/travis/build/icyphy/ptII/ant" />
    <property name="env.NVM_DIR" value="/home/travis/.nvm" />
    <property name="env.CERTI_FOM_PATH" value="/home/travis/pthla/certi-tools/share/federations" />
    <property name="env.TRAVIS_BUILD_ID" value="654000106" />
    <property name="env.PYENV_ROOT" value="/opt/pyenv" />
    <property name="env.TRAVIS_UID" value="2000" />
    <property name="prism.verbose" value="true" />
    <property name="env.NVM_BIN" value="/home/travis/.nvm/versions/node/v7.10.1/bin" />
    <property name="env.TRAVIS_COMMIT" value="0d150754160b99997a547e4ab8141b89e365e186" />
    <property name="env._system_arch" value="x86_64" />
    <property name="node.executable" value="node" />
    <property name="sun.boot.library.path" value="/usr/local/lib/jvm/openjdk11/lib" />
    <property name="sun.management.compiler" value="HotSpot 64-Bit Tiered Compilers" />
    <property name="java.awt.graphicsenv" value="sun.awt.X11GraphicsEnvironment" />
    <property name="env.GOPATH" value="/home/travis/gopath" />
    <property name="ptolemy.ptII.dir" value="/home/travis/build/icyphy/ptII" />
    <property name="env.USER" value="travis" />
    <property name="env.HISTFILESIZE" value="2000" />
    <property name="timeout.longest" value="19000000" />
    <property name="env.PERLBREW_SHELLRC_VERSION" value="0.86" />
    <property name="env.TRAVIS_STACK_FEATURES" value="basic couchdb disabled-ipv6 docker docker-compose elasticsearch firefox go-toolchain google-chrome jdk memcached mongodb mysql nodejs_interpreter perl_interpreter perlbrew phantomjs postgresql python_interpreter redis ruby_interpreter sqlite xserver" />
    <property name="env.TRAVIS_PULL_REQUEST" value="false" />
    <property name="env.PYENV_SHELL" value="bash" />
    <property name="ant.project.name" value="ptII" />
    <property name="env.ANSI_RESET" value="\033[0m" />
    <property name="java.vm.specification.version" value="11" />
    <property name="env.TRAVIS_DIST" value="xenial" />
    <property name="env.CERTI_VERSION" value="4.0.0" />
    <property name="env.CERTI_HOST" value="localhost" />
    <property name="awt.toolkit" value="sun.awt.X11.XToolkit" />
    <property name="env.MY_RUBY_HOME" value="/home/travis/.rvm/rubies/ruby-2.5.3" />
    <property name="sun.cpu.isalist" value="" />
    <property name="env.TRAVIS_TMPDIR" value="/tmp/tmp.iXN41l0647" />
    <property name="java.vm.compressedOopsMode" value="Zero based" />
    <property name="os.version" value="4.15.0-1028-gcp" />
    <property name="user.home" value="/home/travis" />
    <property name="java.vm.vendor" value="Oracle Corporation" />
    <property name="env.TRAVIS_TAG" value="nightly" />
    <property name="env.ANSI_YELLOW" value="\033[33;1m" />
    <property name="env.TRAVIS_FILTERED" value="redirect_io" />
    <property name="env.ANSI_GREEN" value="\033[32;1m" />
    <property name="env.JAVA_HOME" value="/usr/local/lib/jvm/openjdk11" />
    <property name="javadoc.excludepackagenames" value="adm.cvs2svn.*,build.*,config.*,doc.coding.templates.*,jni.test.jni.meaningOfLife.*,jni.test.jni.testDeux.*,jni.test.jni.testTrois.*,org.terraswarm.accessor.accessors.web.node_modules.*,org.terraswarm.accessor.accessors.web.hosts.cordova.demo.*,org.terraswarm.accessor.accessors.web.hosts.cordova.plugins.*,org.terraswarm.accessor.accessors-svn.*,pt-modules.*,ptolemy.apps.agilent.*,ptolemy.apps.anytimecontrol.*,ptolemy.apps.apes.*,ptolemy.apps.charon.*,ptolemy.apps.crazyboard.*,ptolemy.apps.eclipse.*,ptolemy.apps.etherealSting.*,ptolemy.apps.fullscreen.*,ptolemy.apps.giotto.*,ptolemy.apps.ia.*,ptolemy.apps.interfaces.*,ptolemy.apps.jmf.*,ptolemy.apps.kurt.*,ptolemy.apps.kvm.*,ptolemy.apps.lego.*,ptolemy.apps.lejos.*,ptolemy.apps.midp.*,ptolemy.apps.mobileCoding.*,ptolemy.apps.pendulum.*,ptolemy.apps.rijndael.*,ptolemy.apps.robot.*,ptolemy.apps.security.*,ptolemy.apps.sobel.*,ptolemy.apps.soot.*,ptolemy.apps.throttle.*,ptolemy.apps.tini.*,ptolemy.apps.transmission.*,ptolemy.apps.vergil.*,ptolemy.apps.waba.*,ptolemy.apps.websensor.*,ptolemy.apps.webstart.*,ptolemy.apps.xsl.*,ptolemy.apps.zaurus.*,ptolemy.codegen.c.actor.lib.oldJavaFiles.*,ptolemy.codegen.dsp.lib.*,ptolemy.codegen.kernel.newInterfaces.*,ptolemy.codegen.lib.*,ptolemy.copernicus.kernel.fragment.*,ptolemy.copernicus.shallow.cg.*,ptolemy.domains.giotto.demo.Hierarchy.Hierarchy.*,ptolemy.domains.giotto.demo.Multimode.Multimode.*,ptolemy.domains.giotto.demo.Simple.Simple.*,ptolemy.domains.gr.lib.experimental.*,ptolemy.domains.gro.*,ptolemy.domains.pdf.*,ptolemy.domains.ptinyos.demo.Surge.output.*,ptolemy.moml.test.NoPackageActor.java*,ptolemy.plot.adm.*,ptolemy.plot.servlet.*,reports.*,signed.*,src.*,target.*,vendors.*,ptolemy.copernicus.applet.*,ptolemy.media.viewer.*,ptolemy.actor.corba.*,doc.doclets.*,ptolemy.apps.eclipse.awt.*,ptolemy.backtrack.*,ptolemy.backtrack.ast.*,ptolemy.cg.adapter.generic.program.procedural.c.mbed*,ptolemy.homer.*,ptolemy.actor.lib.jai.*,org.ptolemy.scala.*,diva.util.java2d.svg.*,ptolemy.domains.ptinyos.*,ptolemy.actor.lib.fmi.fmipp.*,,org.terraswarm.accessor.accessors.web.node_modules.*,org.terraswarm.accessor.accessors-svn,ptolemy.apps.*,ptolemy.actor.ptalon.demo.ptinyos.SendAndReceiveCnt.output,ptolemy.actor.ptalon.demo.ptinyos.SenseToLeds.output,ptolemy.domains.ptinyos.demo.CntToLedsAndRfm.output,ptolemy.domains.ptinyos.demo.RfmToLeds.output,ptolemy.domains.ptinyos.demo.SendAndReceiveCnt.output,ptolemy.domains.ptinyos.demo.SenseToLeds.output,ptolemy.actor.lib.jjs.modules.udpSocket.*" />
    <property name="env.PTII" value="/home/travis/build/icyphy/ptII" />
    <property name="env.XDG_SESSION_ID" value="2" />
    <property name="keystore" value="ptKeystore" />
    <property name="env.TRAVIS_COMMIT_MESSAGE" value="Adding a new HLA 1516 model from scratch for testing." />
    <property name="junit.output.dir" value="/home/travis/build/icyphy/ptII/reports/junit" />
    <property name="npm.return.code" value="0" />
    <property name="user.dir" value="/home/travis/build/icyphy/ptII/ptolemy/actor/lib/test" />
    <property name="env.TRAVIS_NODE_VERSION" value="7" />
    <property name="env.TRAVIS_EVENT_TYPE" value="cron" />
    <property name="env.MAIL" value="/var/mail/travis" />
    <property name="env.PERLBREW_ROOT" value="/home/travis/perl5/perlbrew" />
    <property name="env.PWD" value="/home/travis/build/icyphy/ptII" />
    <property name="timeout.npm" value="45000" />
    <property name="env.TRAVIS_ARCH" value="amd64" />
    <property name="sun.cpu.endian" value="little" />
    <property name="env.PAGER" value="cat" />
    <property name="env.TRAVIS_BUILD_STAGE_NAME" value="Test" />
    <property name="env.PERLBREW_HOME" value="/home/travis/.perlbrew" />
    <property name="java.vm.version" value="11.0.2+9" />
    <property name="env.RAILS_ENV" value="test" />
    <property name="java.class.path" value="/home/travis/.ptolemyII:/home/travis/.ptolemyII/*:/home/travis/build/icyphy/ptII:/home/travis/build/icyphy/ptII/lib/bsh-2.0b4.jar:/home/travis/build/icyphy/ptII/lib/ptCal.jar:/home/travis/build/icyphy/ptII/lib/java_cup.jar:/home/travis/build/icyphy/ptII/lib/saxon8.jar:/home/travis/build/icyphy/ptII/lib/saxon8-dom.jar:/home/travis/build/icyphy/ptII/lib/chic.jar:/home/travis/build/icyphy/ptII/lib/ptcolt.jar:/home/travis/build/icyphy/ptII/vendors/misc/itext/iText.jar:/home/travis/build/icyphy/ptII/lib/g4ltl.jar:/home/travis/build/icyphy/ptII/lib/StructuralCoder.jar:/home/travis/build/icyphy/ptII/lib/jcerti.jar:/home/travis/build/icyphy/ptII/lib/javax.mail.jar:/home/travis/build/icyphy/ptII/vendors/JMF-2.1.1e/lib/jmf.jar:/home/travis/build/icyphy/ptII/lib/jna-4.0.0-variadic.jar:/home/travis/build/icyphy/ptII/vendors/misc/joystick/Joystick.jar:/home/travis/build/icyphy/ptII/lib/ptjacl.jar:/home/travis/build/icyphy/ptII/lib/jsoup-1.8.2.jar:/home/travis/build/icyphy/ptII/lib/junit-4.8.2.jar:/home/travis/build/icyphy/ptII/lib/JUnitParams-0.4.0.jar:/home/travis/build/icyphy/ptII/ptolemy/actor/lib/excel/jxl.jar:/home/travis/build/icyphy/ptII/lib/jython.jar:/home/travis/build/icyphy/ptII/lib/kieler.jar:/home/travis/build/icyphy/ptII/vendors/opencv/share/OpenCV/java/opencv-341.jar:/home/travis/build/icyphy/ptII/lib/oscP5.jar:/home/travis/build/icyphy/ptII/lib/nrjavaserial-3.11.0.devel.jar:/home/travis/build/icyphy/ptII/vendors/j3d/lib/Linux/j3dcore.jar:/home/travis/build/icyphy/ptII/vendors/j3d/lib/Linux/j3dutils.jar:/home/travis/build/icyphy/ptII/vendors/j3d/lib/Linux/vecmath.jar:/home/travis/build/icyphy/ptII/vendors/jogl/lib/Linux/gluegen-rt-natives-linux-amd64.jar:/home/travis/build/icyphy/ptII/vendors/jogl/lib/Linux/gluegen-rt.jar:/home/travis/build/icyphy/ptII/vendors/jogl/lib/Linux/jogl-all-natives-linux-amd64.jar:/home/travis/build/icyphy/ptII/vendors/jogl/lib/Linux/jogl-all.jar:/home/travis/build/icyphy/ptII/ptolemy/distributed/jini/jar/jini-core.jar:/home/travis/build/icyphy/ptII/ptolemy/distributed/jini/jar/jini-ext.jar:/home/travis/build/icyphy/ptII/ptolemy/distributed/jini/jar/sun-util.jar:/home/travis/build/icyphy/ptII/lib/protobuf-java-2.4.1.jar:/home/travis/build/icyphy/ptII/lib/org.eclipse.paho.client.mqttv3.jar:/home/travis/build/icyphy/ptII/lib/mapss.jar:/home/travis/build/icyphy/ptII/ptolemy/actor/ptalon/antlr/antlr.jar:/home/travis/build/icyphy/ptII/lib/JRI.jar:/home/travis/build/icyphy/ptII/lib/commons-lang-2.6.jar:/home/travis/build/icyphy/ptII/lib/commons-logging-1.1.1.jar:/home/travis/build/icyphy/ptII/lib/sootclasses.jar:/home/travis/build/icyphy/ptII/ptolemy/actor/lib/database/mysql-connector-java-5.1.6-bin.jar:/home/travis/build/icyphy/ptII/vendors/misc/sphinx4/sphinx4-data-5prealpha.jar:/home/travis/build/icyphy/ptII/vendors/misc/sphinx4/sphinx4-core-5prealpha.jar:/home/travis/build/icyphy/ptII/lib/PDFRenderer.jar:/home/travis/build/icyphy/ptII/lib/svgSalamander.jar:/home/travis/build/icyphy/ptII/lib/rsyntaxtextarea-2.6.0-SNAPSHOT.jar:/home/travis/build/icyphy/ptII/lib/hazelcast-3.8.2.jar:/home/travis/build/icyphy/ptII/lib/jackson-annotations-2.9.0.jar:/home/travis/build/icyphy/ptII/lib/jackson-core-2.9.3.jar:/home/travis/build/icyphy/ptII/lib/jackson-databind-2.9.3.jar:/home/travis/build/icyphy/ptII/lib/netty-buffer-4.1.19.Final.jar:/home/travis/build/icyphy/ptII/lib/netty-codec-4.1.19.Final.jar:/home/travis/build/icyphy/ptII/lib/netty-codec-dns-4.1.19.Final.jar:/home/travis/build/icyphy/ptII/lib/netty-codec-http-4.1.19.Final.jar:/home/travis/build/icyphy/ptII/lib/netty-codec-http2-4.1.19.Final.jar:/home/travis/build/icyphy/ptII/lib/netty-common-4.1.19.Final.jar:/home/travis/build/icyphy/ptII/lib/netty-handler-4.1.19.Final.jar:/home/travis/build/icyphy/ptII/lib/netty-resolver-4.1.19.Final.jar:/home/travis/build/icyphy/ptII/lib/netty-resolver-dns-4.1.19.Final.jar:/home/travis/build/icyphy/ptII/lib/netty-transport-4.1.19.Final.jar:/home/travis/build/icyphy/ptII/lib/vertx-codegen-3.5.1.jar:/home/travis/build/icyphy/ptII/lib/vertx-core-3.5.2-SNAPSHOT.jar:/home/travis/build/icyphy/ptII/lib/vertx-hazelcast-3.5.1.jar:/home/travis/build/icyphy/ptII/lib/vertx-lang-js-3.5.1.jar:/home/travis/build/icyphy/ptII/lib/vertx-service-proxy-3.5.1.jar:/home/travis/build/icyphy/ptII/lib/vertx-web-3.5.1.jar:/home/travis/build/icyphy/ptII/lib/slf4j-api-1.7.13.jar:/home/travis/build/icyphy/ptII/lib/slf4j-simple-1.7.13.jar:/home/travis/build/icyphy/ptII/lib/webcam-capture-0.3.12.jar:/home/travis/build/icyphy/ptII/lib/bridj-0.7.0.jar:/home/travis/build/icyphy/ptII/lib/xbjlib-1.1.0.nrjavaserial.jar:/home/travis/build/icyphy/ptII/ptolemy/moml/test:/home/travis/build/icyphy/ptII/ant/lib/ant-launcher.jar:/home/travis/build/icyphy/ptII/ant/lib/ant.jar:/home/travis/build/icyphy/ptII/ant/lib/ant-junit.jar:/home/travis/build/icyphy/ptII/ant/lib/ant-junit4.jar" />
    <property name="ant.library.dir" value="/home/travis/build/icyphy/ptII/ant/lib" />
    <property name="os.arch" value="amd64" />
    <property name="env.CONTINUOUS_INTEGRATION" value="true" />
    <property name="env.TRAVIS_LANGUAGE" value="node_js" />
    <property name="env.TRAVIS_STACK_LANGUAGES" value="__sardonyx__ c c++ clojure cplusplus cpp default generic go groovy java node_js php pure_java python ruby scala" />
    <property name="test.name" value="ptolemy.actor.lib.test.junit.JUnitTclTest" />
    <property name="env.APT_KEY_DONT_WARN_ON_DANGEROUS_USAGE" value="1" />
    <property name="sun.java.launcher" value="SUN_STANDARD" />
    <property name="env.PYTHON_CONFIGURE_OPTS" value="--enable-unicode=ucs4 --with-wide-unicode --enable-shared --enable-ipv6 --enable-loadable-sqlite-extensions --with-computed-gotos" />
    <property name="ant.core.lib" value="/home/travis/build/icyphy/ptII/ant/lib/ant.jar" />
    <property name="java.vm.specification.vendor" value="Oracle Corporation" />
    <property name="env.BCVTB_HOME" value="/home/travis/build/icyphy/ptII/lbnl" />
    <property name="file.separator" value="/" />
    <property name="spotbugs.home" value="/home/travis/build/icyphy/ptII/vendors/spotbugs-3.1.1" />
    <property name="java.runtime.version" value="11.0.2+9" />
    <property name="env.ANSI_CLEAR" value="\033[0K" />
    <property name="javafx.verbose" value="true" />
    <property name="env.HAS_JOSH_K_SEAL_OF_APPROVAL" value="true" />
    <property name="env.XDG_RUNTIME_DIR" value="/run/user/2000" />
    <property name="env.TRAVIS_OSX_IMAGE" value="" />
    <property name="env.TRAVIS_JOB_ID" value="654000114" />
    <property name="env.TRAVIS_BRANCH" value="master" />
    <property name="user.country" value="US" />
    <property name="env.CERTI_HOME_TRAVIS" value="/home/travis/pthla/certi-tools" />
    <property name="env.SHELL" value="/bin/bash" />
    <property name="java.maxmemory.large" value="3200m" />
    <property name="model" value="" />
    <property name="env.CASHER_DIR" value="/home/travis/.casher" />
    <property name="env.NVM_CD_FLAGS" value="" />
    <property name="java.vendor.version" value="18.9" />
    <property name="jshint.executable" value="/home/travis/node_modules/jshint/bin/jshint" />
    <property name="env.JRUBY_OPTS" value=" --client -J-XX:+TieredCompilation -J-XX:TieredStopAtLevel=1 -J-Xss2m -Xcompile.invokedynamic=false" />
    <property name="java.vendor" value="Oracle Corporation" />
    <property name="env.TRAVIS_PRE_CHEF_BOOTSTRAP_TIME" value="2019-03-25T16:16:42" />
    <property name="env.TRAVIS_STACK_JOB_BOARD_REGISTER" value="/.job-board-register.yml" />
    <property name="env.ANSI_RED" value="\033[31;1m" />
    <property name="java.specification.version" value="11" />
    <property name="env.IRBRC" value="/home/travis/.rvm/rubies/ruby-2.5.3/.irbrc" />
    <property name="env.TRAVIS" value="true" />
    <property name="sun.arch.data.model" value="64" />
  </properties>
  <testcase classname="ptolemy.util.test.junit.TclTests" name="[0] /home/travis/build/icyphy/ptII/ptolemy/actor/lib/test/AbsoluteValue.tcl (RunTclFile)" time="0.584" />
  <testcase classname="ptolemy.util.test.junit.TclTests" name="[1] /home/travis/build/icyphy/ptII/ptolemy/actor/lib/test/AddSubtract.tcl (RunTclFile)" time="0.161" />
  <testcase classname="ptolemy.util.test.junit.TclTests" name="[2] /home/travis/build/icyphy/ptII/ptolemy/actor/lib/test/Average.tcl (RunTclFile)" time="0.076" />
  <testcase classname="ptolemy.util.test.junit.TclTests" name="[3] /home/travis/build/icyphy/ptII/ptolemy/actor/lib/test/Bernoulli.tcl (RunTclFile)" time="0.044" />
  <testcase classname="ptolemy.util.test.junit.TclTests" name="[4] /home/travis/build/icyphy/ptII/ptolemy/actor/lib/test/Clock.tcl (RunTclFile)" time="0.126" />
  <testcase classname="ptolemy.util.test.junit.TclTests" name="[5] /home/travis/build/icyphy/ptII/ptolemy/actor/lib/test/Commutator.tcl (RunTclFile)" time="0.179" />
  <testcase classname="ptolemy.util.test.junit.TclTests" name="[6] /home/travis/build/icyphy/ptII/ptolemy/actor/lib/test/Const.tcl (RunTclFile)" time="0.153" />
  <testcase classname="ptolemy.util.test.junit.TclTests" name="[7] /home/travis/build/icyphy/ptII/ptolemy/actor/lib/test/CurrentTime.tcl (RunTclFile)" time="0.046" />
  <testcase classname="ptolemy.util.test.junit.TclTests" name="[8] /home/travis/build/icyphy/ptII/ptolemy/actor/lib/test/DB.tcl (RunTclFile)" time="0.043" />
  <testcase classname="ptolemy.util.test.junit.TclTests" name="[9] /home/travis/build/icyphy/ptII/ptolemy/actor/lib/test/DiscreteRandomSource.tcl (RunTclFile)" time="0.047" />
  <testcase classname="ptolemy.util.test.junit.TclTests" name="[10] /home/travis/build/icyphy/ptII/ptolemy/actor/lib/test/Distributor.tcl (RunTclFile)" time="0.08" />
  <testcase classname="ptolemy.util.test.junit.TclTests" name="[11] /home/travis/build/icyphy/ptII/ptolemy/actor/lib/test/Exit.tcl (RunTclFile)" time="0.077" />
  <testcase classname="ptolemy.util.test.junit.TclTests" name="[12] /home/travis/build/icyphy/ptII/ptolemy/actor/lib/test/Expression.tcl (RunTclFile)" time="0.074" />
  <testcase classname="ptolemy.util.test.junit.TclTests" name="[13] /home/travis/build/icyphy/ptII/ptolemy/actor/lib/test/Gaussian.tcl (RunTclFile)" time="0.448" />
  <testcase classname="ptolemy.util.test.junit.TclTests" name="[14] /home/travis/build/icyphy/ptII/ptolemy/actor/lib/test/IIR.tcl (RunTclFile)" time="0.043" />
  <testcase classname="ptolemy.util.test.junit.TclTests" name="[15] /home/travis/build/icyphy/ptII/ptolemy/actor/lib/test/Interpolator.tcl (RunTclFile)" time="0.105" />
  <testcase classname="ptolemy.util.test.junit.TclTests" name="[16] /home/travis/build/icyphy/ptII/ptolemy/actor/lib/test/MathFunction.tcl (RunTclFile)" time="0.074" />
  <testcase classname="ptolemy.util.test.junit.TclTests" name="[17] /home/travis/build/icyphy/ptII/ptolemy/actor/lib/test/Maximum.tcl (RunTclFile)" time="0.053" />
  <testcase classname="ptolemy.util.test.junit.TclTests" name="[18] /home/travis/build/icyphy/ptII/ptolemy/actor/lib/test/Minimum.tcl (RunTclFile)" time="0.031" />
  <testcase classname="ptolemy.util.test.junit.TclTests" name="[19] /home/travis/build/icyphy/ptII/ptolemy/actor/lib/test/MultiplyDivide.tcl (RunTclFile)" time="0.031" />
  <testcase classname="ptolemy.util.test.junit.TclTests" name="[20] /home/travis/build/icyphy/ptII/ptolemy/actor/lib/test/OrderedMerge.tcl (RunTclFile)" time="0.134" />
  <testcase classname="ptolemy.util.test.junit.TclTests" name="[21] /home/travis/build/icyphy/ptII/ptolemy/actor/lib/test/Publisher.tcl (RunTclFile)" time="0.899" />
  <testcase classname="ptolemy.util.test.junit.TclTests" name="[22] /home/travis/build/icyphy/ptII/ptolemy/actor/lib/test/Pulse.tcl (RunTclFile)" time="0.051" />
  <testcase classname="ptolemy.util.test.junit.TclTests" name="[23] /home/travis/build/icyphy/ptII/ptolemy/actor/lib/test/Ramp.tcl (RunTclFile)" time="1.931" />
  <testcase classname="ptolemy.util.test.junit.TclTests" name="[24] /home/travis/build/icyphy/ptII/ptolemy/actor/lib/test/RampContinuous.tcl (RunTclFile)" time="0.021" />
  <testcase classname="ptolemy.util.test.junit.TclTests" name="[25] /home/travis/build/icyphy/ptII/ptolemy/actor/lib/test/RecordAssembler.tcl (RunTclFile)" time="0.023" />
  <testcase classname="ptolemy.util.test.junit.TclTests" name="[26] /home/travis/build/icyphy/ptII/ptolemy/actor/lib/test/RecordDisassembler.tcl (RunTclFile)" time="0.04" />
  <testcase classname="ptolemy.util.test.junit.TclTests" name="[27] /home/travis/build/icyphy/ptII/ptolemy/actor/lib/test/Scale.tcl (RunTclFile)" time="0.029" />
  <testcase classname="ptolemy.util.test.junit.TclTests" name="[28] /home/travis/build/icyphy/ptII/ptolemy/actor/lib/test/SequentialClock.tcl (RunTclFile)" time="0.014" />
  <testcase classname="ptolemy.util.test.junit.TclTests" name="[29] /home/travis/build/icyphy/ptII/ptolemy/actor/lib/test/SetVariable.tcl (RunTclFile)" time="0.01" />
  <testcase classname="ptolemy.util.test.junit.TclTests" name="[30] /home/travis/build/icyphy/ptII/ptolemy/actor/lib/test/Sinewave.tcl (RunTclFile)" time="0.051" />
  <testcase classname="ptolemy.util.test.junit.TclTests" name="[31] /home/travis/build/icyphy/ptII/ptolemy/actor/lib/test/SubscriptionAggregator.tcl (RunTclFile)" time="2.212" />
  <testcase classname="ptolemy.util.test.junit.TclTests" name="[32] /home/travis/build/icyphy/ptII/ptolemy/actor/lib/test/Test.tcl (RunTclFile)" time="0.127" />
  <testcase classname="ptolemy.util.test.junit.TclTests" name="[33] /home/travis/build/icyphy/ptII/ptolemy/actor/lib/test/TestExceptionHandler.tcl (RunTclFile)" time="0.015" />
  <testcase classname="ptolemy.util.test.junit.TclTests" name="[34] /home/travis/build/icyphy/ptII/ptolemy/actor/lib/test/UnionDisassembler.tcl (RunTclFile)" time="0.076" />
  <testcase classname="ptolemy.util.test.junit.TclTests" name="[35] /home/travis/build/icyphy/ptII/ptolemy/actor/lib/test/VariableClock.tcl (RunTclFile)" time="0.035" />
  <testcase classname="ptolemy.util.test.junit.AutoKnownFailedTests" name="[0] /home/travis/build/icyphy/ptII/ptolemy/actor/lib/test/auto/knownFailedTests/PublisherPortToplevelSubscriber.xml (RunModel)" time="0.026" />
  <testcase classname="ptolemy.util.test.junit.AutoKnownFailedTests" name="[1] /home/travis/build/icyphy/ptII/ptolemy/actor/lib/test/auto/knownFailedTests/PublisherSubscriberPortToplevel.xml (RunModel)" time="0.026" />
  <testcase classname="ptolemy.util.test.junit.AutoKnownFailedTests" name="[2] /home/travis/build/icyphy/ptII/ptolemy/actor/lib/test/auto/knownFailedTests/PublisherSubscriptionAggregatorPort.xml (RunModel)" time="0.024" />
  <testcase classname="ptolemy.util.test.junit.AutoKnownFailedTests" name="[3] /home/travis/build/icyphy/ptII/ptolemy/actor/lib/test/auto/knownFailedTests/sizedarray3.xml (RunModel)" time="0.024" />
  <testcase classname="ptolemy.util.test.junit.AutoNameArchTests" name="[0] ThereAreNoAutoArchTests (RunModel)" time="0.003" />
  <testcase classname="ptolemy.util.test.junit.AutoTests" name="[0] /home/travis/build/icyphy/ptII/ptolemy/actor/lib/test/auto/AbsoluteValue.xml (RunModel)" time="0.096" />
  <testcase classname="ptolemy.util.test.junit.AutoTests" name="[1] /home/travis/build/icyphy/ptII/ptolemy/actor/lib/test/auto/AbsoluteValue2.xml (RunModel)" time="0.125" />
  <testcase classname="ptolemy.util.test.junit.AutoTests" name="[2] /home/travis/build/icyphy/ptII/ptolemy/actor/lib/test/auto/Accumulator.xml (RunModel)" time="0.069" />
  <testcase classname="ptolemy.util.test.junit.AutoTests" name="[3] /home/travis/build/icyphy/ptII/ptolemy/actor/lib/test/auto/Accumulator2.xml (RunModel)" time="0.033" />
  <testcase classname="ptolemy.util.test.junit.AutoTests" name="[4] /home/travis/build/icyphy/ptII/ptolemy/actor/lib/test/auto/Accumulator3.xml (RunModel)" time="0.015" />
  <testcase classname="ptolemy.util.test.junit.AutoTests" name="[5] /home/travis/build/icyphy/ptII/ptolemy/actor/lib/test/auto/ArrayAppend.xml (RunModel)" time="0.026" />
  <testcase classname="ptolemy.util.test.junit.AutoTests" name="[6] /home/travis/build/icyphy/ptII/ptolemy/actor/lib/test/auto/ArrayAppend2.xml (RunModel)" time="0.288" />
  <testcase classname="ptolemy.util.test.junit.AutoTests" name="[7] /home/travis/build/icyphy/ptII/ptolemy/actor/lib/test/auto/ArrayAppend3.xml (RunModel)" time="0.04" />
  <testcase classname="ptolemy.util.test.junit.AutoTests" name="[8] /home/travis/build/icyphy/ptII/ptolemy/actor/lib/test/auto/ArrayAppend4.xml (RunModel)" time="0.021" />
  <testcase classname="ptolemy.util.test.junit.AutoTests" name="[9] /home/travis/build/icyphy/ptII/ptolemy/actor/lib/test/auto/ArrayAppend5.xml (RunModel)" time="0.025" />
  <testcase classname="ptolemy.util.test.junit.AutoTests" name="[10] /home/travis/build/icyphy/ptII/ptolemy/actor/lib/test/auto/ArrayAppend6.xml (RunModel)" time="0.021" />
  <testcase classname="ptolemy.util.test.junit.AutoTests" name="[11] /home/travis/build/icyphy/ptII/ptolemy/actor/lib/test/auto/ArrayAppendPerformanceTest.xml (RunModel)" time="0.092" />
  <testcase classname="ptolemy.util.test.junit.AutoTests" name="[12] /home/travis/build/icyphy/ptII/ptolemy/actor/lib/test/auto/ArrayAppendWithEmptyInput.xml (RunModel)" time="0.053" />
  <testcase classname="ptolemy.util.test.junit.AutoTests" name="[13] /home/travis/build/icyphy/ptII/ptolemy/actor/lib/test/auto/ArrayAverage.xml (RunModel)" time="0.061" />
  <testcase classname="ptolemy.util.test.junit.AutoTests" name="[14] /home/travis/build/icyphy/ptII/ptolemy/actor/lib/test/auto/ArrayContains.xml (RunModel)" time="0.04" />
  <testcase classname="ptolemy.util.test.junit.AutoTests" name="[15] /home/travis/build/icyphy/ptII/ptolemy/actor/lib/test/auto/ArrayElement.xml (RunModel)" time="0.035" />
  <testcase classname="ptolemy.util.test.junit.AutoTests" name="[16] /home/travis/build/icyphy/ptII/ptolemy/actor/lib/test/auto/ArrayElementAsMatrix.xml (RunModel)" time="0.067" />
  <testcase classname="ptolemy.util.test.junit.AutoTests" name="[17] /home/travis/build/icyphy/ptII/ptolemy/actor/lib/test/auto/ArrayElementI.xml (RunModel)" time="0.017" />
  <testcase classname="ptolemy.util.test.junit.AutoTests" name="[18] /home/travis/build/icyphy/ptII/ptolemy/actor/lib/test/auto/ArrayExtract.xml (RunModel)" time="0.027" />
  <testcase classname="ptolemy.util.test.junit.AutoTests" name="[19] /home/travis/build/icyphy/ptII/ptolemy/actor/lib/test/auto/ArrayExtract2.xml (RunModel)" time="0.019" />
  <testcase classname="ptolemy.util.test.junit.AutoTests" name="[20] /home/travis/build/icyphy/ptII/ptolemy/actor/lib/test/auto/ArrayLength.xml (RunModel)" time="0.025" />
  <testcase classname="ptolemy.util.test.junit.AutoTests" name="[21] /home/travis/build/icyphy/ptII/ptolemy/actor/lib/test/auto/ArrayLevelCrossing.xml (RunModel)" time="0.027" />
  <testcase classname="ptolemy.util.test.junit.AutoTests" name="[22] /home/travis/build/icyphy/ptII/ptolemy/actor/lib/test/auto/ArrayLevelCrossing2.xml (RunModel)" time="0.045" />
  <testcase classname="ptolemy.util.test.junit.AutoTests" name="[23] /home/travis/build/icyphy/ptII/ptolemy/actor/lib/test/auto/ArrayPeakSearch.xml (RunModel)" time="0.033" />
  <testcase classname="ptolemy.util.test.junit.AutoTests" name="[24] /home/travis/build/icyphy/ptII/ptolemy/actor/lib/test/auto/ArrayPeakSearch2.xml (RunModel)" time="0.034" />
  <testcase classname="ptolemy.util.test.junit.AutoTests" name="[25] /home/travis/build/icyphy/ptII/ptolemy/actor/lib/test/auto/ArrayPeakSearch3.xml (RunModel)" time="0.03" />
  <testcase classname="ptolemy.util.test.junit.AutoTests" name="[26] /home/travis/build/icyphy/ptII/ptolemy/actor/lib/test/auto/ArrayRemoveElement.xml (RunModel)" time="0.031" />
  <testcase classname="ptolemy.util.test.junit.AutoTests" name="[27] /home/travis/build/icyphy/ptII/ptolemy/actor/lib/test/auto/ArraySort.xml (RunModel)" time="0.03" />
  <testcase classname="ptolemy.util.test.junit.AutoTests" name="[28] /home/travis/build/icyphy/ptII/ptolemy/actor/lib/test/auto/ArraySum.xml (RunModel)" time="0.017" />
  <testcase classname="ptolemy.util.test.junit.AutoTests" name="[29] /home/travis/build/icyphy/ptII/ptolemy/actor/lib/test/auto/ArrayToElements.xml (RunModel)" time="0.019" />
  <testcase classname="ptolemy.util.test.junit.AutoTests" name="[30] /home/travis/build/icyphy/ptII/ptolemy/actor/lib/test/auto/ArrayToMatrix.xml (RunModel)" time="0.08" />
  <testcase classname="ptolemy.util.test.junit.AutoTests" name="[31] /home/travis/build/icyphy/ptII/ptolemy/actor/lib/test/auto/ArrayUpdate1.xml (RunModel)" time="0.029" />
  <testcase classname="ptolemy.util.test.junit.AutoTests" name="[32] /home/travis/build/icyphy/ptII/ptolemy/actor/lib/test/auto/ArrayUpdate2.xml (RunModel)" time="0.022" />
  <testcase classname="ptolemy.util.test.junit.AutoTests" name="[33] /home/travis/build/icyphy/ptII/ptolemy/actor/lib/test/auto/ArrayUpdate3.xml (RunModel)" time="0.019" />
  <testcase classname="ptolemy.util.test.junit.AutoTests" name="[34] /home/travis/build/icyphy/ptII/ptolemy/actor/lib/test/auto/Assert1.xml (RunModel)" time="0.026" />
  <testcase classname="ptolemy.util.test.junit.AutoTests" name="[35] /home/travis/build/icyphy/ptII/ptolemy/actor/lib/test/auto/Assert2.xml (RunModel)" time="0.013" />
  <testcase classname="ptolemy.util.test.junit.AutoTests" name="[36] /home/travis/build/icyphy/ptII/ptolemy/actor/lib/test/auto/BooleanMultiplexor.xml (RunModel)" time="0.016" />
  <testcase classname="ptolemy.util.test.junit.AutoTests" name="[37] /home/travis/build/icyphy/ptII/ptolemy/actor/lib/test/auto/BooleanMultiplexor2.xml (RunModel)" time="0.029" />
  <testcase classname="ptolemy.util.test.junit.AutoTests" name="[38] /home/travis/build/icyphy/ptII/ptolemy/actor/lib/test/auto/BooleanMultiplexor3.xml (RunModel)" time="0.016" />
  <testcase classname="ptolemy.util.test.junit.AutoTests" name="[39] /home/travis/build/icyphy/ptII/ptolemy/actor/lib/test/auto/BooleanSelect.xml (RunModel)" time="0.03" />
  <testcase classname="ptolemy.util.test.junit.AutoTests" name="[40] /home/travis/build/icyphy/ptII/ptolemy/actor/lib/test/auto/BooleanSelect2.xml (RunModel)" time="0.018" />
  <testcase classname="ptolemy.util.test.junit.AutoTests" name="[41] /home/travis/build/icyphy/ptII/ptolemy/actor/lib/test/auto/BooleanSwitch.xml (RunModel)" time="0.022" />
  <testcase classname="ptolemy.util.test.junit.AutoTests" name="[42] /home/travis/build/icyphy/ptII/ptolemy/actor/lib/test/auto/BooleanSwitch2.xml (RunModel)" time="0.015" />
  <testcase classname="ptolemy.util.test.junit.AutoTests" name="[43] /home/travis/build/icyphy/ptII/ptolemy/actor/lib/test/auto/BooleanSwitchCloningBugWithClassRelationGroup.xml (RunModel)" time="0.047" />
  <testcase classname="ptolemy.util.test.junit.AutoTests" name="[44] /home/travis/build/icyphy/ptII/ptolemy/actor/lib/test/auto/BusActors.xml (RunModel)" time="0.037" />
  <testcase classname="ptolemy.util.test.junit.AutoTests" name="[45] /home/travis/build/icyphy/ptII/ptolemy/actor/lib/test/auto/ClassWrapper.xml (RunModel)" time="0.021" />
  <testcase classname="ptolemy.util.test.junit.AutoTests" name="[46] /home/travis/build/icyphy/ptII/ptolemy/actor/lib/test/auto/Clock.xml (RunModel)" time="0.012" />
  <testcase classname="ptolemy.util.test.junit.AutoTests" name="[47] /home/travis/build/icyphy/ptII/ptolemy/actor/lib/test/auto/Clock10.xml (RunModel)" time="0.019" />
  <testcase classname="ptolemy.util.test.junit.AutoTests" name="[48] /home/travis/build/icyphy/ptII/ptolemy/actor/lib/test/auto/Clock11.xml (RunModel)" time="0.02" />
  <testcase classname="ptolemy.util.test.junit.AutoTests" name="[49] /home/travis/build/icyphy/ptII/ptolemy/actor/lib/test/auto/Clock12.xml (RunModel)" time="0.023" />
  <testcase classname="ptolemy.util.test.junit.AutoTests" name="[50] /home/travis/build/icyphy/ptII/ptolemy/actor/lib/test/auto/Clock13.xml (RunModel)" time="0.021" />
  <testcase classname="ptolemy.util.test.junit.AutoTests" name="[51] /home/travis/build/icyphy/ptII/ptolemy/actor/lib/test/auto/Clock14.xml (RunModel)" time="0.022" />
  <testcase classname="ptolemy.util.test.junit.AutoTests" name="[52] /home/travis/build/icyphy/ptII/ptolemy/actor/lib/test/auto/Clock15.xml (RunModel)" time="0.015" />
  <testcase classname="ptolemy.util.test.junit.AutoTests" name="[53] /home/travis/build/icyphy/ptII/ptolemy/actor/lib/test/auto/Clock16.xml (RunModel)" time="0.117" />
  <testcase classname="ptolemy.util.test.junit.AutoTests" name="[54] /home/travis/build/icyphy/ptII/ptolemy/actor/lib/test/auto/Clock17.xml (RunModel)" time="0.062" />
  <testcase classname="ptolemy.util.test.junit.AutoTests" name="[55] /home/travis/build/icyphy/ptII/ptolemy/actor/lib/test/auto/Clock18.xml (RunModel)" time="0.047" />
  <testcase classname="ptolemy.util.test.junit.AutoTests" name="[56] /home/travis/build/icyphy/ptII/ptolemy/actor/lib/test/auto/Clock19.xml (RunModel)" time="0.049" />
  <testcase classname="ptolemy.util.test.junit.AutoTests" name="[57] /home/travis/build/icyphy/ptII/ptolemy/actor/lib/test/auto/Clock2.xml (RunModel)" time="0.014" />
  <testcase classname="ptolemy.util.test.junit.AutoTests" name="[58] /home/travis/build/icyphy/ptII/ptolemy/actor/lib/test/auto/Clock20.xml (RunModel)" time="0.03" />
  <testcase classname="ptolemy.util.test.junit.AutoTests" name="[59] /home/travis/build/icyphy/ptII/ptolemy/actor/lib/test/auto/Clock21.xml (RunModel)" time="0.015" />
  <testcase classname="ptolemy.util.test.junit.AutoTests" name="[60] /home/travis/build/icyphy/ptII/ptolemy/actor/lib/test/auto/Clock22.xml (RunModel)" time="0.019" />
  <testcase classname="ptolemy.util.test.junit.AutoTests" name="[61] /home/travis/build/icyphy/ptII/ptolemy/actor/lib/test/auto/Clock23.xml (RunModel)" time="0.017" />
  <testcase classname="ptolemy.util.test.junit.AutoTests" name="[62] /home/travis/build/icyphy/ptII/ptolemy/actor/lib/test/auto/Clock24.xml (RunModel)" time="0.019" />
  <testcase classname="ptolemy.util.test.junit.AutoTests" name="[63] /home/travis/build/icyphy/ptII/ptolemy/actor/lib/test/auto/Clock4.xml (RunModel)" time="0.018" />
  <testcase classname="ptolemy.util.test.junit.AutoTests" name="[64] /home/travis/build/icyphy/ptII/ptolemy/actor/lib/test/auto/Clock5.xml (RunModel)" time="0.018" />
  <testcase classname="ptolemy.util.test.junit.AutoTests" name="[65] /home/travis/build/icyphy/ptII/ptolemy/actor/lib/test/auto/Clock6.xml (RunModel)" time="0.015" />
  <testcase classname="ptolemy.util.test.junit.AutoTests" name="[66] /home/travis/build/icyphy/ptII/ptolemy/actor/lib/test/auto/Clock7.xml (RunModel)" time="0.015" />
  <testcase classname="ptolemy.util.test.junit.AutoTests" name="[67] /home/travis/build/icyphy/ptII/ptolemy/actor/lib/test/auto/Clock8.xml (RunModel)" time="0.016" />
  <testcase classname="ptolemy.util.test.junit.AutoTests" name="[68] /home/travis/build/icyphy/ptII/ptolemy/actor/lib/test/auto/Clock9.xml (RunModel)" time="0.015" />
  <testcase classname="ptolemy.util.test.junit.AutoTests" name="[69] /home/travis/build/icyphy/ptII/ptolemy/actor/lib/test/auto/CommDistDiscard.xml (RunModel)" time="0.03" />
  <testcase classname="ptolemy.util.test.junit.AutoTests" name="[70] /home/travis/build/icyphy/ptII/ptolemy/actor/lib/test/auto/Commutator.xml (RunModel)" time="0.017" />
  <testcase classname="ptolemy.util.test.junit.AutoTests" name="[71] /home/travis/build/icyphy/ptII/ptolemy/actor/lib/test/auto/Commutator2.xml (RunModel)" time="0.013" />
  <testcase classname="ptolemy.util.test.junit.AutoTests" name="[72] /home/travis/build/icyphy/ptII/ptolemy/actor/lib/test/auto/Commutator3.xml (RunModel)" time="0.015" />
  <testcase classname="ptolemy.util.test.junit.AutoTests" name="[73] /home/travis/build/icyphy/ptII/ptolemy/actor/lib/test/auto/Compare.xml (RunModel)" time="0.028" />
  <testcase classname="ptolemy.util.test.junit.AutoTests" name="[74] /home/travis/build/icyphy/ptII/ptolemy/actor/lib/test/auto/CompareDE.xml (RunModel)" time="0.023" />
  <testcase classname="ptolemy.util.test.junit.AutoTests" name="[75] /home/travis/build/icyphy/ptII/ptolemy/actor/lib/test/auto/ComplexDivide.xml (RunModel)" time="0.012" />
  <testcase classname="ptolemy.util.test.junit.AutoTests" name="[76] /home/travis/build/icyphy/ptII/ptolemy/actor/lib/test/auto/ComputeHistogram.xml (RunModel)" time="0.075" />
  <testcase classname="ptolemy.util.test.junit.AutoTests" name="[77] /home/travis/build/icyphy/ptII/ptolemy/actor/lib/test/auto/ConfigurationSelect.xml (RunModel)" time="0.024" />
  <testcase classname="ptolemy.util.test.junit.AutoTests" name="[78] /home/travis/build/icyphy/ptII/ptolemy/actor/lib/test/auto/ConfigurationSelect2.xml (RunModel)" time="0.019" />
  <testcase classname="ptolemy.util.test.junit.AutoTests" name="[79] /home/travis/build/icyphy/ptII/ptolemy/actor/lib/test/auto/ConfigurationSwitch.xml (RunModel)" time="0.027" />
  <testcase classname="ptolemy.util.test.junit.AutoTests" name="[80] /home/travis/build/icyphy/ptII/ptolemy/actor/lib/test/auto/ConfigurationSwitch2.xml (RunModel)" time="0.02" />
  <testcase classname="ptolemy.util.test.junit.AutoTests" name="[81] /home/travis/build/icyphy/ptII/ptolemy/actor/lib/test/auto/ConfigurationSwitchCloningBugWithClassRelationGroup.xml (RunModel)" time="0.021" />
  <testcase classname="ptolemy.util.test.junit.AutoTests" name="[82] /home/travis/build/icyphy/ptII/ptolemy/actor/lib/test/auto/ConfigurationSwitchSelectSDF.xml (RunModel)" time="0.016" />
  <testcase classname="ptolemy.util.test.junit.AutoTests" name="[83] /home/travis/build/icyphy/ptII/ptolemy/actor/lib/test/auto/ConfigurationSwitchSelectSDF2.xml (RunModel)" time="0.017" />
  <testcase classname="ptolemy.util.test.junit.AutoTests" name="[84] /home/travis/build/icyphy/ptII/ptolemy/actor/lib/test/auto/Const.xml (RunModel)" time="0.01" />
  <testcase classname="ptolemy.util.test.junit.AutoTests" name="[85] /home/travis/build/icyphy/ptII/ptolemy/actor/lib/test/auto/Const2.xml (RunModel)" time="0.012" />
  <testcase classname="ptolemy.util.test.junit.AutoTests" name="[86] /home/travis/build/icyphy/ptII/ptolemy/actor/lib/test/auto/Const3.xml (RunModel)" time="0.007" />
  <testcase classname="ptolemy.util.test.junit.AutoTests" name="[87] /home/travis/build/icyphy/ptII/ptolemy/actor/lib/test/auto/ConstantPublisherPort1.xml (RunModel)" time="0.027" />
  <testcase classname="ptolemy.util.test.junit.AutoTests" name="[88] /home/travis/build/icyphy/ptII/ptolemy/actor/lib/test/auto/ConstantPublisherPort2.xml (RunModel)" time="0.022" />
  <testcase classname="ptolemy.util.test.junit.AutoTests" name="[89] /home/travis/build/icyphy/ptII/ptolemy/actor/lib/test/auto/ConstantPublisherPort3.xml (RunModel)" time="0.021" />
  <testcase classname="ptolemy.util.test.junit.AutoTests" name="[90] /home/travis/build/icyphy/ptII/ptolemy/actor/lib/test/auto/ConstantPublisherPort4.xml (RunModel)" time="0.029" />
  <testcase classname="ptolemy.util.test.junit.AutoTests" name="[91] /home/travis/build/icyphy/ptII/ptolemy/actor/lib/test/auto/ConstantPublisherPort5.xml (RunModel)" time="0.051" />
  <testcase classname="ptolemy.util.test.junit.AutoTests" name="[92] /home/travis/build/icyphy/ptII/ptolemy/actor/lib/test/auto/ConstantPublisherPort6.xml (RunModel)" time="0.04" />
  <testcase classname="ptolemy.util.test.junit.AutoTests" name="[93] /home/travis/build/icyphy/ptII/ptolemy/actor/lib/test/auto/ConstantPublisherPort7.xml (RunModel)" time="0.046" />
  <testcase classname="ptolemy.util.test.junit.AutoTests" name="[94] /home/travis/build/icyphy/ptII/ptolemy/actor/lib/test/auto/ConstraintMonitor1.xml (RunModel)" time="0.044" />
  <testcase classname="ptolemy.util.test.junit.AutoTests" name="[95] /home/travis/build/icyphy/ptII/ptolemy/actor/lib/test/auto/ConstraintMonitor2.xml (RunModel)" time="0.013" />
  <testcase classname="ptolemy.util.test.junit.AutoTests" name="[96] /home/travis/build/icyphy/ptII/ptolemy/actor/lib/test/auto/ConstraintMonitor3.xml (RunModel)" time="0.018" />
  <testcase classname="ptolemy.util.test.junit.AutoTests" name="[97] /home/travis/build/icyphy/ptII/ptolemy/actor/lib/test/auto/ConstraintMonitor4.xml (RunModel)" time="0.014" />
  <testcase classname="ptolemy.util.test.junit.AutoTests" name="[98] /home/travis/build/icyphy/ptII/ptolemy/actor/lib/test/auto/ConstraintMonitor5.xml (RunModel)" time="0.017" />
  <testcase classname="ptolemy.util.test.junit.AutoTests" name="[99] /home/travis/build/icyphy/ptII/ptolemy/actor/lib/test/auto/ConstraintMonitor6.xml (RunModel)" time="0.02" />
  <testcase classname="ptolemy.util.test.junit.AutoTests" name="[100] /home/travis/build/icyphy/ptII/ptolemy/actor/lib/test/auto/ConstraintMonitor7.xml (RunModel)" time="0.019" />
  <testcase classname="ptolemy.util.test.junit.AutoTests" name="[101] /home/travis/build/icyphy/ptII/ptolemy/actor/lib/test/auto/ConstraintMonitor8.xml (RunModel)" time="0.018" />
  <testcase classname="ptolemy.util.test.junit.AutoTests" name="[102] /home/travis/build/icyphy/ptII/ptolemy/actor/lib/test/auto/Counter.xml (RunModel)" time="0.015" />
  <testcase classname="ptolemy.util.test.junit.AutoTests" name="[103] /home/travis/build/icyphy/ptII/ptolemy/actor/lib/test/auto/CurrentTimeSDF.xml (RunModel)" time="0.01" />
  <testcase classname="ptolemy.util.test.junit.AutoTests" name="[104] /home/travis/build/icyphy/ptII/ptolemy/actor/lib/test/auto/DB.xml (RunModel)" time="0.066" />
  <testcase classname="ptolemy.util.test.junit.AutoTests" name="[105] /home/travis/build/icyphy/ptII/ptolemy/actor/lib/test/auto/DBDE.xml (RunModel)" time="0.022" />
  <testcase classname="ptolemy.util.test.junit.AutoTests" name="[106] /home/travis/build/icyphy/ptII/ptolemy/actor/lib/test/auto/DateConstructor.xml (RunModel)" time="0.074" />
  <testcase classname="ptolemy.util.test.junit.AutoTests" name="[107] /home/travis/build/icyphy/ptII/ptolemy/actor/lib/test/auto/DelayTime.xml (RunModel)" time="0.019" />
  <testcase classname="ptolemy.util.test.junit.AutoTests" name="[108] /home/travis/build/icyphy/ptII/ptolemy/actor/lib/test/auto/Dictionary1.xml (RunModel)" time="0.025" />
  <testcase classname="ptolemy.util.test.junit.AutoTests" name="[109] /home/travis/build/icyphy/ptII/ptolemy/actor/lib/test/auto/Dictionary2.xml (RunModel)" time="0.017" />
  <testcase classname="ptolemy.util.test.junit.AutoTests" name="[110] /home/travis/build/icyphy/ptII/ptolemy/actor/lib/test/auto/Dictionary3.xml (RunModel)" time="0.014" />
  <testcase classname="ptolemy.util.test.junit.AutoTests" name="[111] /home/travis/build/icyphy/ptII/ptolemy/actor/lib/test/auto/Dictionary4.xml (RunModel)" time="0.022" />
  <testcase classname="ptolemy.util.test.junit.AutoTests" name="[112] /home/travis/build/icyphy/ptII/ptolemy/actor/lib/test/auto/Differential.xml (RunModel)" time="0.015" />
  <testcase classname="ptolemy.util.test.junit.AutoTests" name="[113] /home/travis/build/icyphy/ptII/ptolemy/actor/lib/test/auto/Director.xml (RunModel)" time="0.013" />
  <testcase classname="ptolemy.util.test.junit.AutoTests" name="[114] /home/travis/build/icyphy/ptII/ptolemy/actor/lib/test/auto/DiscreteClock.xml (RunModel)" time="0.01" />
  <testcase classname="ptolemy.util.test.junit.AutoTests" name="[115] /home/travis/build/icyphy/ptII/ptolemy/actor/lib/test/auto/DiscreteClock10.xml (RunModel)" time="0.015" />
  <testcase classname="ptolemy.util.test.junit.AutoTests" name="[116] /home/travis/build/icyphy/ptII/ptolemy/actor/lib/test/auto/DiscreteClock11.xml (RunModel)" time="0.014" />
  <testcase classname="ptolemy.util.test.junit.AutoTests" name="[117] /home/travis/build/icyphy/ptII/ptolemy/actor/lib/test/auto/DiscreteClock12.xml (RunModel)" time="0.015" />
  <testcase classname="ptolemy.util.test.junit.AutoTests" name="[118] /home/travis/build/icyphy/ptII/ptolemy/actor/lib/test/auto/DiscreteClock13.xml (RunModel)" time="0.016" />
  <testcase classname="ptolemy.util.test.junit.AutoTests" name="[119] /home/travis/build/icyphy/ptII/ptolemy/actor/lib/test/auto/DiscreteClock14.xml (RunModel)" time="0.015" />
  <testcase classname="ptolemy.util.test.junit.AutoTests" name="[120] /home/travis/build/icyphy/ptII/ptolemy/actor/lib/test/auto/DiscreteClock15.xml (RunModel)" time="0.014" />
  <testcase classname="ptolemy.util.test.junit.AutoTests" name="[121] /home/travis/build/icyphy/ptII/ptolemy/actor/lib/test/auto/DiscreteClock16.xml (RunModel)" time="0.044" />
  <testcase classname="ptolemy.util.test.junit.AutoTests" name="[122] /home/travis/build/icyphy/ptII/ptolemy/actor/lib/test/auto/DiscreteClock17.xml (RunModel)" time="0.042" />
  <testcase classname="ptolemy.util.test.junit.AutoTests" name="[123] /home/travis/build/icyphy/ptII/ptolemy/actor/lib/test/auto/DiscreteClock18.xml (RunModel)" time="0.036" />
  <testcase classname="ptolemy.util.test.junit.AutoTests" name="[124] /home/travis/build/icyphy/ptII/ptolemy/actor/lib/test/auto/DiscreteClock19.xml (RunModel)" time="0.055" />
  <testcase classname="ptolemy.util.test.junit.AutoTests" name="[125] /home/travis/build/icyphy/ptII/ptolemy/actor/lib/test/auto/DiscreteClock2.xml (RunModel)" time="0.011" />
  <testcase classname="ptolemy.util.test.junit.AutoTests" name="[126] /home/travis/build/icyphy/ptII/ptolemy/actor/lib/test/auto/DiscreteClock20.xml (RunModel)" time="0.02" />
  <testcase classname="ptolemy.util.test.junit.AutoTests" name="[127] /home/travis/build/icyphy/ptII/ptolemy/actor/lib/test/auto/DiscreteClock21.xml (RunModel)" time="0.017" />
  <testcase classname="ptolemy.util.test.junit.AutoTests" name="[128] /home/travis/build/icyphy/ptII/ptolemy/actor/lib/test/auto/DiscreteClock22.xml (RunModel)" time="0.014" />
  <testcase classname="ptolemy.util.test.junit.AutoTests" name="[129] /home/travis/build/icyphy/ptII/ptolemy/actor/lib/test/auto/DiscreteClock23.xml (RunModel)" time="0.014" />
  <testcase classname="ptolemy.util.test.junit.AutoTests" name="[130] /home/travis/build/icyphy/ptII/ptolemy/actor/lib/test/auto/DiscreteClock24.xml (RunModel)" time="0.015" />
  <testcase classname="ptolemy.util.test.junit.AutoTests" name="[131] /home/travis/build/icyphy/ptII/ptolemy/actor/lib/test/auto/DiscreteClock4.xml (RunModel)" time="0.017" />
  <testcase classname="ptolemy.util.test.junit.AutoTests" name="[132] /home/travis/build/icyphy/ptII/ptolemy/actor/lib/test/auto/DiscreteClock5.xml (RunModel)" time="0.01" />
  <testcase classname="ptolemy.util.test.junit.AutoTests" name="[133] /home/travis/build/icyphy/ptII/ptolemy/actor/lib/test/auto/DiscreteClock6.xml (RunModel)" time="0.013" />
  <testcase classname="ptolemy.util.test.junit.AutoTests" name="[134] /home/travis/build/icyphy/ptII/ptolemy/actor/lib/test/auto/DiscreteClock7.xml (RunModel)" time="0.013" />
  <testcase classname="ptolemy.util.test.junit.AutoTests" name="[135] /home/travis/build/icyphy/ptII/ptolemy/actor/lib/test/auto/DiscreteClock8.xml (RunModel)" time="0.023" />
  <testcase classname="ptolemy.util.test.junit.AutoTests" name="[136] /home/travis/build/icyphy/ptII/ptolemy/actor/lib/test/auto/DiscreteClock9.xml (RunModel)" time="0.014" />
  <testcase classname="ptolemy.util.test.junit.AutoTests" name="[137] /home/travis/build/icyphy/ptII/ptolemy/actor/lib/test/auto/DisplayArray.xml (RunModel)" time="0.01" />
  <testcase classname="ptolemy.util.test.junit.AutoTests" name="[138] /home/travis/build/icyphy/ptII/ptolemy/actor/lib/test/auto/Distributor.xml (RunModel)" time="0.01" />
  <testcase classname="ptolemy.util.test.junit.AutoTests" name="[139] /home/travis/build/icyphy/ptII/ptolemy/actor/lib/test/auto/Distributor2.xml (RunModel)" time="0.011" />
  <testcase classname="ptolemy.util.test.junit.AutoTests" name="[140] /home/travis/build/icyphy/ptII/ptolemy/actor/lib/test/auto/DownSample.xml (RunModel)" time="0.01" />
  <testcase classname="ptolemy.util.test.junit.AutoTests" name="[141] /home/travis/build/icyphy/ptII/ptolemy/actor/lib/test/auto/ElectronicUnitBase1.xml (RunModel)" time="0.058" />
  <testcase classname="ptolemy.util.test.junit.AutoTests" name="[142] /home/travis/build/icyphy/ptII/ptolemy/actor/lib/test/auto/ElementsToArray.xml (RunModel)" time="0.015" />
  <testcase classname="ptolemy.util.test.junit.AutoTests" name="[143] /home/travis/build/icyphy/ptII/ptolemy/actor/lib/test/auto/Equals.xml (RunModel)" time="0.017" />
  <testcase classname="ptolemy.util.test.junit.AutoTests" name="[144] /home/travis/build/icyphy/ptII/ptolemy/actor/lib/test/auto/Exec.xml (RunModel)" time="0.025" />
  <testcase classname="ptolemy.util.test.junit.AutoTests" name="[145] /home/travis/build/icyphy/ptII/ptolemy/actor/lib/test/auto/ExecEnvironment.xml (RunModel)" time="0.035" />
  <testcase classname="ptolemy.util.test.junit.AutoTests" name="[146] /home/travis/build/icyphy/ptII/ptolemy/actor/lib/test/auto/ExecNonZeroReturnOutput.xml (RunModel)" time="0.204" />
  <testcase classname="ptolemy.util.test.junit.AutoTests" name="[147] /home/travis/build/icyphy/ptII/ptolemy/actor/lib/test/auto/ExecRunDemos.xml (RunModel)" time="10.811" />
  <testcase classname="ptolemy.util.test.junit.AutoTests" name="[148] /home/travis/build/icyphy/ptII/ptolemy/actor/lib/test/auto/ExecStop.xml (RunModel)" time="5.042" />
  <testcase classname="ptolemy.util.test.junit.AutoTests" name="[149] /home/travis/build/icyphy/ptII/ptolemy/actor/lib/test/auto/ExecutionTimeSDF.xml (RunModel)" time="6.044">
    <error type="java.lang.reflect.InvocationTargetException">java.lang.reflect.InvocationTargetException
	at jdk.internal.reflect.GeneratedConstructorAccessor36.newInstance(Unknown Source)
	at java.base/jdk.internal.reflect.DelegatingConstructorAccessorImpl.newInstance(DelegatingConstructorAccessorImpl.java:45)
	at java.base/java.lang.reflect.Constructor.newInstance(Constructor.java:490)
	at ptolemy.util.test.junit.AutoTests.RunModel(AutoTests.java:193)
	at jdk.internal.reflect.GeneratedMethodAccessor43.invoke(Unknown Source)
	at java.base/jdk.internal.reflect.DelegatingMethodAccessorImpl.invoke(DelegatingMethodAccessorImpl.java:43)
	at junitparams.internal.InvokeParameterisedMethod.evaluate(InvokeParameterisedMethod.java:102)
Caused by: ptolemy.kernel.util.IllegalActionException: Test fails in iteration 0.
Value was: 6001L. Should have been: 6000L
  in .ExecutionTimeSDF.NonStrictTest
	at ptolemy.actor.lib.NonStrictTest.postfire(NonStrictTest.java:328)
	at ptolemy.actor.AtomicActor.iterate(AtomicActor.java:518)
	at ptolemy.actor.sched.StaticSchedulingDirector.fire(StaticSchedulingDirector.java:216)
	at ptolemy.domains.sdf.kernel.SDFDirector.fire(SDFDirector.java:500)
	at ptolemy.actor.CompositeActor.fire(CompositeActor.java:455)
	at ptolemy.actor.Manager.iterate(Manager.java:851)
	at ptolemy.actor.Manager.execute(Manager.java:369)
	at ptolemy.actor.Manager.run(Manager.java:1263)
	at ptolemy.actor.Manager$PtolemyRunThread.run(Manager.java:1933)
</error>
  </testcase>
  <testcase classname="ptolemy.util.test.junit.AutoTests" name="[150] /home/travis/build/icyphy/ptII/ptolemy/actor/lib/test/auto/Expression1.xml (RunModel)" time="0.012" />
  <testcase classname="ptolemy.util.test.junit.AutoTests" name="[151] /home/travis/build/icyphy/ptII/ptolemy/actor/lib/test/auto/Expression10.xml (RunModel)" time="0.021" />
  <testcase classname="ptolemy.util.test.junit.AutoTests" name="[152] /home/travis/build/icyphy/ptII/ptolemy/actor/lib/test/auto/Expression11.xml (RunModel)" time="0.033" />
  <testcase classname="ptolemy.util.test.junit.AutoTests" name="[153] /home/travis/build/icyphy/ptII/ptolemy/actor/lib/test/auto/Expression12.xml (RunModel)" time="0.017" />
  <testcase classname="ptolemy.util.test.junit.AutoTests" name="[154] /home/travis/build/icyphy/ptII/ptolemy/actor/lib/test/auto/Expression13.xml (RunModel)" time="0.013" />
  <testcase classname="ptolemy.util.test.junit.AutoTests" name="[155] /home/travis/build/icyphy/ptII/ptolemy/actor/lib/test/auto/Expression14.xml (RunModel)" time="0.024" />
  <testcase classname="ptolemy.util.test.junit.AutoTests" name="[156] /home/travis/build/icyphy/ptII/ptolemy/actor/lib/test/auto/Expression15.xml (RunModel)" time="0.009" />
  <testcase classname="ptolemy.util.test.junit.AutoTests" name="[157] /home/travis/build/icyphy/ptII/ptolemy/actor/lib/test/auto/Expression16.xml (RunModel)" time="0.013" />
  <testcase classname="ptolemy.util.test.junit.AutoTests" name="[158] /home/travis/build/icyphy/ptII/ptolemy/actor/lib/test/auto/Expression17.xml (RunModel)" time="0.014" />
  <testcase classname="ptolemy.util.test.junit.AutoTests" name="[159] /home/travis/build/icyphy/ptII/ptolemy/actor/lib/test/auto/Expression18.xml (RunModel)" time="0.014" />
  <testcase classname="ptolemy.util.test.junit.AutoTests" name="[160] /home/travis/build/icyphy/ptII/ptolemy/actor/lib/test/auto/Expression2.xml (RunModel)" time="0.014" />
  <testcase classname="ptolemy.util.test.junit.AutoTests" name="[161] /home/travis/build/icyphy/ptII/ptolemy/actor/lib/test/auto/Expression3.xml (RunModel)" time="0.013" />
  <testcase classname="ptolemy.util.test.junit.AutoTests" name="[162] /home/travis/build/icyphy/ptII/ptolemy/actor/lib/test/auto/Expression4.xml (RunModel)" time="0.018" />
  <testcase classname="ptolemy.util.test.junit.AutoTests" name="[163] /home/travis/build/icyphy/ptII/ptolemy/actor/lib/test/auto/Expression5.xml (RunModel)" time="0.014" />
  <testcase classname="ptolemy.util.test.junit.AutoTests" name="[164] /home/travis/build/icyphy/ptII/ptolemy/actor/lib/test/auto/Expression6.xml (RunModel)" time="0.012" />
  <testcase classname="ptolemy.util.test.junit.AutoTests" name="[165] /home/travis/build/icyphy/ptII/ptolemy/actor/lib/test/auto/Expression7.xml (RunModel)" time="0.015" />
  <testcase classname="ptolemy.util.test.junit.AutoTests" name="[166] /home/travis/build/icyphy/ptII/ptolemy/actor/lib/test/auto/Expression8.xml (RunModel)" time="0.015" />
  <testcase classname="ptolemy.util.test.junit.AutoTests" name="[167] /home/travis/build/icyphy/ptII/ptolemy/actor/lib/test/auto/Expression9.xml (RunModel)" time="0.008" />
  <testcase classname="ptolemy.util.test.junit.AutoTests" name="[168] /home/travis/build/icyphy/ptII/ptolemy/actor/lib/test/auto/ExpressionConcatenateArrayType.xml (RunModel)" time="0.03" />
  <testcase classname="ptolemy.util.test.junit.AutoTests" name="[169] /home/travis/build/icyphy/ptII/ptolemy/actor/lib/test/auto/ExpressionConcatenateArrayType2.xml (RunModel)" time="0.025" />
  <testcase classname="ptolemy.util.test.junit.AutoTests" name="[170] /home/travis/build/icyphy/ptII/ptolemy/actor/lib/test/auto/ExpressionFix.xml (RunModel)" time="0.044" />
  <testcase classname="ptolemy.util.test.junit.AutoTests" name="[171] /home/travis/build/icyphy/ptII/ptolemy/actor/lib/test/auto/ExpressionFix2.xml (RunModel)" time="0.013" />
  <testcase classname="ptolemy.util.test.junit.AutoTests" name="[172] /home/travis/build/icyphy/ptII/ptolemy/actor/lib/test/auto/ExpressionFix3.xml (RunModel)" time="0.014" />
  <testcase classname="ptolemy.util.test.junit.AutoTests" name="[173] /home/travis/build/icyphy/ptII/ptolemy/actor/lib/test/auto/FileWriter1.xml (RunModel)" time="0.009" />
  <testcase classname="ptolemy.util.test.junit.AutoTests" name="[174] /home/travis/build/icyphy/ptII/ptolemy/actor/lib/test/auto/FileWriter2.xml (RunModel)" time="0.009" />
  <testcase classname="ptolemy.util.test.junit.AutoTests" name="[175] /home/travis/build/icyphy/ptII/ptolemy/actor/lib/test/auto/FileWriter3.xml (RunModel)" time="0.011" />
  <testcase classname="ptolemy.util.test.junit.AutoTests" name="[176] /home/travis/build/icyphy/ptII/ptolemy/actor/lib/test/auto/Gaussian.xml (RunModel)" time="0.016" />
  <testcase classname="ptolemy.util.test.junit.AutoTests" name="[177] /home/travis/build/icyphy/ptII/ptolemy/actor/lib/test/auto/Gaussian1.xml (RunModel)" time="0.025" />
  <testcase classname="ptolemy.util.test.junit.AutoTests" name="[178] /home/travis/build/icyphy/ptII/ptolemy/actor/lib/test/auto/Gaussian2.xml (RunModel)" time="0.022" />
  <testcase classname="ptolemy.util.test.junit.AutoTests" name="[179] /home/travis/build/icyphy/ptII/ptolemy/actor/lib/test/auto/GradientAdaptiveLattice.xml (RunModel)" time="0.02" />
  <testcase classname="ptolemy.util.test.junit.AutoTests" name="[180] /home/travis/build/icyphy/ptII/ptolemy/actor/lib/test/auto/IIR.xml (RunModel)" time="0.012" />
  <testcase classname="ptolemy.util.test.junit.AutoTests" name="[181] /home/travis/build/icyphy/ptII/ptolemy/actor/lib/test/auto/InputOutputTransparentPorts.xml (RunModel)" time="0.059" />
  <testcase classname="ptolemy.util.test.junit.AutoTests" name="[182] /home/travis/build/icyphy/ptII/ptolemy/actor/lib/test/auto/Interpolator.xml (RunModel)" time="0.013" />
  <testcase classname="ptolemy.util.test.junit.AutoTests" name="[183] /home/travis/build/icyphy/ptII/ptolemy/actor/lib/test/auto/InterpolatorFiringLimitDE.xml (RunModel)" time="0.013" />
  <testcase classname="ptolemy.util.test.junit.AutoTests" name="[184] /home/travis/build/icyphy/ptII/ptolemy/actor/lib/test/auto/Lattice.xml (RunModel)" time="0.009" />
  <testcase classname="ptolemy.util.test.junit.AutoTests" name="[185] /home/travis/build/icyphy/ptII/ptolemy/actor/lib/test/auto/LazyAOCTestLazy.xml (RunModel)" time="0.023" />
  <testcase classname="ptolemy.util.test.junit.AutoTests" name="[186] /home/travis/build/icyphy/ptII/ptolemy/actor/lib/test/auto/LazyAOCTestNonLazy.xml (RunModel)" time="0.047" />
  <testcase classname="ptolemy.util.test.junit.AutoTests" name="[187] /home/travis/build/icyphy/ptII/ptolemy/actor/lib/test/auto/LazyInnerClass.xml (RunModel)" time="0.024" />
  <testcase classname="ptolemy.util.test.junit.AutoTests" name="[188] /home/travis/build/icyphy/ptII/ptolemy/actor/lib/test/auto/LazyPubSub.xml (RunModel)" time="0.038" />
  <testcase classname="ptolemy.util.test.junit.AutoTests" name="[189] /home/travis/build/icyphy/ptII/ptolemy/actor/lib/test/auto/LazyPubSub2.xml (RunModel)" time="0.034" />
  <testcase classname="ptolemy.util.test.junit.AutoTests" name="[190] /home/travis/build/icyphy/ptII/ptolemy/actor/lib/test/auto/LazyPubSub3.xml (RunModel)" time="0.053" />
  <testcase classname="ptolemy.util.test.junit.AutoTests" name="[191] /home/travis/build/icyphy/ptII/ptolemy/actor/lib/test/auto/LazySubClassModel.xml (RunModel)" time="0.022" />
  <testcase classname="ptolemy.util.test.junit.AutoTests" name="[192] /home/travis/build/icyphy/ptII/ptolemy/actor/lib/test/auto/LevelCrossTest1.xml (RunModel)" time="0.01" />
  <testcase classname="ptolemy.util.test.junit.AutoTests" name="[193] /home/travis/build/icyphy/ptII/ptolemy/actor/lib/test/auto/LevelCrossTest10.xml (RunModel)" time="0.015" />
  <testcase classname="ptolemy.util.test.junit.AutoTests" name="[194] /home/travis/build/icyphy/ptII/ptolemy/actor/lib/test/auto/LevelCrossTest11.xml (RunModel)" time="0.019" />
  <testcase classname="ptolemy.util.test.junit.AutoTests" name="[195] /home/travis/build/icyphy/ptII/ptolemy/actor/lib/test/auto/LevelCrossTest12.xml (RunModel)" time="0.018" />
  <testcase classname="ptolemy.util.test.junit.AutoTests" name="[196] /home/travis/build/icyphy/ptII/ptolemy/actor/lib/test/auto/LevelCrossTest13.xml (RunModel)" time="0.016" />
  <testcase classname="ptolemy.util.test.junit.AutoTests" name="[197] /home/travis/build/icyphy/ptII/ptolemy/actor/lib/test/auto/LevelCrossTest2.xml (RunModel)" time="0.011" />
  <testcase classname="ptolemy.util.test.junit.AutoTests" name="[198] /home/travis/build/icyphy/ptII/ptolemy/actor/lib/test/auto/LevelCrossTest3.xml (RunModel)" time="0.015" />
  <testcase classname="ptolemy.util.test.junit.AutoTests" name="[199] /home/travis/build/icyphy/ptII/ptolemy/actor/lib/test/auto/LevelCrossTest4.xml (RunModel)" time="0.012" />
  <testcase classname="ptolemy.util.test.junit.AutoTests" name="[200] /home/travis/build/icyphy/ptII/ptolemy/actor/lib/test/auto/LevelCrossTest5.xml (RunModel)" time="0.023" />
  <testcase classname="ptolemy.util.test.junit.AutoTests" name="[201] /home/travis/build/icyphy/ptII/ptolemy/actor/lib/test/auto/LevelCrossTest6.xml (RunModel)" time="0.021" />
  <testcase classname="ptolemy.util.test.junit.AutoTests" name="[202] /home/travis/build/icyphy/ptII/ptolemy/actor/lib/test/auto/LevelCrossTest7.xml (RunModel)" time="0.017" />
  <testcase classname="ptolemy.util.test.junit.AutoTests" name="[203] /home/travis/build/icyphy/ptII/ptolemy/actor/lib/test/auto/LevelCrossTest8.xml (RunModel)" time="0.023" />
  <testcase classname="ptolemy.util.test.junit.AutoTests" name="[204] /home/travis/build/icyphy/ptII/ptolemy/actor/lib/test/auto/LevelCrossTest9.xml (RunModel)" time="0.018" />
  <testcase classname="ptolemy.util.test.junit.AutoTests" name="[205] /home/travis/build/icyphy/ptII/ptolemy/actor/lib/test/auto/LevinsonDurbin.xml (RunModel)" time="0.01" />
  <testcase classname="ptolemy.util.test.junit.AutoTests" name="[206] /home/travis/build/icyphy/ptII/ptolemy/actor/lib/test/auto/LevinsonDurbin2.xml (RunModel)" time="0.008" />
  <testcase classname="ptolemy.util.test.junit.AutoTests" name="[207] /home/travis/build/icyphy/ptII/ptolemy/actor/lib/test/auto/LevinsonDurbin3.xml (RunModel)" time="0.015" />
  <testcase classname="ptolemy.util.test.junit.AutoTests" name="[208] /home/travis/build/icyphy/ptII/ptolemy/actor/lib/test/auto/Limiter.xml (RunModel)" time="0.045" />
  <testcase classname="ptolemy.util.test.junit.AutoTests" name="[209] /home/travis/build/icyphy/ptII/ptolemy/actor/lib/test/auto/LinearDifferenceEquationSystem.xml (RunModel)" time="0.024" />
  <testcase classname="ptolemy.util.test.junit.AutoTests" name="[210] /home/travis/build/icyphy/ptII/ptolemy/actor/lib/test/auto/LookupTable.xml (RunModel)" time="0.01" />
  <testcase classname="ptolemy.util.test.junit.AutoTests" name="[211] /home/travis/build/icyphy/ptII/ptolemy/actor/lib/test/auto/MathFunction.xml (RunModel)" time="0.02" />
  <testcase classname="ptolemy.util.test.junit.AutoTests" name="[212] /home/travis/build/icyphy/ptII/ptolemy/actor/lib/test/auto/MathFunction2.xml (RunModel)" time="0.01" />
  <testcase classname="ptolemy.util.test.junit.AutoTests" name="[213] /home/travis/build/icyphy/ptII/ptolemy/actor/lib/test/auto/MathFunction3.xml (RunModel)" time="0.018" />
  <testcase classname="ptolemy.util.test.junit.AutoTests" name="[214] /home/travis/build/icyphy/ptII/ptolemy/actor/lib/test/auto/MatrixCropBoolean.xml (RunModel)" time="0.014" />
  <testcase classname="ptolemy.util.test.junit.AutoTests" name="[215] /home/travis/build/icyphy/ptII/ptolemy/actor/lib/test/auto/MatrixCropComplex.xml (RunModel)" time="0.015" />
  <testcase classname="ptolemy.util.test.junit.AutoTests" name="[216] /home/travis/build/icyphy/ptII/ptolemy/actor/lib/test/auto/MatrixCropDouble.xml (RunModel)" time="0.009" />
  <testcase classname="ptolemy.util.test.junit.AutoTests" name="[217] /home/travis/build/icyphy/ptII/ptolemy/actor/lib/test/auto/MatrixCropFix.xml (RunModel)" time="0.017" />
  <testcase classname="ptolemy.util.test.junit.AutoTests" name="[218] /home/travis/build/icyphy/ptII/ptolemy/actor/lib/test/auto/MatrixCropInt.xml (RunModel)" time="0.01" />
  <testcase classname="ptolemy.util.test.junit.AutoTests" name="[219] /home/travis/build/icyphy/ptII/ptolemy/actor/lib/test/auto/MatrixCropLong.xml (RunModel)" time="0.009" />
  <testcase classname="ptolemy.util.test.junit.AutoTests" name="[220] /home/travis/build/icyphy/ptII/ptolemy/actor/lib/test/auto/MatrixToArray.xml (RunModel)" time="0.052" />
  <testcase classname="ptolemy.util.test.junit.AutoTests" name="[221] /home/travis/build/icyphy/ptII/ptolemy/actor/lib/test/auto/MaxIndex.xml (RunModel)" time="0.014" />
  <testcase classname="ptolemy.util.test.junit.AutoTests" name="[222] /home/travis/build/icyphy/ptII/ptolemy/actor/lib/test/auto/Maximum.xml (RunModel)" time="0.017" />
  <testcase classname="ptolemy.util.test.junit.AutoTests" name="[223] /home/travis/build/icyphy/ptII/ptolemy/actor/lib/test/auto/MaximumComplex.xml (RunModel)" time="0.016" />
  <testcase classname="ptolemy.util.test.junit.AutoTests" name="[224] /home/travis/build/icyphy/ptII/ptolemy/actor/lib/test/auto/MethodCallTest.xml (RunModel)" time="0.022" />
  <testcase classname="ptolemy.util.test.junit.AutoTests" name="[225] /home/travis/build/icyphy/ptII/ptolemy/actor/lib/test/auto/Minimum.xml (RunModel)" time="0.016" />
  <testcase classname="ptolemy.util.test.junit.AutoTests" name="[226] /home/travis/build/icyphy/ptII/ptolemy/actor/lib/test/auto/MinimumComplex.xml (RunModel)" time="0.051" />
  <testcase classname="ptolemy.util.test.junit.AutoTests" name="[227] /home/travis/build/icyphy/ptII/ptolemy/actor/lib/test/auto/MinimumMultiports.xml (RunModel)" time="0.018" />
  <testcase classname="ptolemy.util.test.junit.AutoTests" name="[228] /home/travis/build/icyphy/ptII/ptolemy/actor/lib/test/auto/ModifyDate.xml (RunModel)" time="0.044" />
  <testcase classname="ptolemy.util.test.junit.AutoTests" name="[229] /home/travis/build/icyphy/ptII/ptolemy/actor/lib/test/auto/ModifyDate2.xml (RunModel)" time="0.035" />
  <testcase classname="ptolemy.util.test.junit.AutoTests" name="[230] /home/travis/build/icyphy/ptII/ptolemy/actor/lib/test/auto/MovingAverage.xml (RunModel)" time="0.024" />
  <testcase classname="ptolemy.util.test.junit.AutoTests" name="[231] /home/travis/build/icyphy/ptII/ptolemy/actor/lib/test/auto/MovingMaximum.xml (RunModel)" time="0.012" />
  <testcase classname="ptolemy.util.test.junit.AutoTests" name="[232] /home/travis/build/icyphy/ptII/ptolemy/actor/lib/test/auto/MultipleLinksToSameRelation.xml (RunModel)" time="0.009" />
  <testcase classname="ptolemy.util.test.junit.AutoTests" name="[233] /home/travis/build/icyphy/ptII/ptolemy/actor/lib/test/auto/MultipleLinksToSameRelationDE.xml (RunModel)" time="0.009" />
  <testcase classname="ptolemy.util.test.junit.AutoTests" name="[234] /home/travis/build/icyphy/ptII/ptolemy/actor/lib/test/auto/Multiplexor.xml (RunModel)" time="0.012" />
  <testcase classname="ptolemy.util.test.junit.AutoTests" name="[235] /home/travis/build/icyphy/ptII/ptolemy/actor/lib/test/auto/Multiplexor1.xml (RunModel)" time="0.012" />
  <testcase classname="ptolemy.util.test.junit.AutoTests" name="[236] /home/travis/build/icyphy/ptII/ptolemy/actor/lib/test/auto/Multiplexor2.xml (RunModel)" time="0.017" />
  <testcase classname="ptolemy.util.test.junit.AutoTests" name="[237] /home/travis/build/icyphy/ptII/ptolemy/actor/lib/test/auto/Multiplexor3.xml (RunModel)" time="0.009" />
  <testcase classname="ptolemy.util.test.junit.AutoTests" name="[238] /home/travis/build/icyphy/ptII/ptolemy/actor/lib/test/auto/MultiplexorDE.xml (RunModel)" time="0.017" />
  <testcase classname="ptolemy.util.test.junit.AutoTests" name="[239] /home/travis/build/icyphy/ptII/ptolemy/actor/lib/test/auto/MultiportBroadcastTest.xml (RunModel)" time="0.104" />
  <testcase classname="ptolemy.util.test.junit.AutoTests" name="[240] /home/travis/build/icyphy/ptII/ptolemy/actor/lib/test/auto/MultiportOutHangDuringGetWidth.xml (RunModel)" time="0.033" />
  <testcase classname="ptolemy.util.test.junit.AutoTests" name="[241] /home/travis/build/icyphy/ptII/ptolemy/actor/lib/test/auto/NilToken.xml (RunModel)" time="0.012" />
  <testcase classname="ptolemy.util.test.junit.AutoTests" name="[242] /home/travis/build/icyphy/ptII/ptolemy/actor/lib/test/auto/NilTokenNonStrictTest.xml (RunModel)" time="0.011" />
  <testcase classname="ptolemy.util.test.junit.AutoTests" name="[243] /home/travis/build/icyphy/ptII/ptolemy/actor/lib/test/auto/NilTokenRecord.xml (RunModel)" time="0.024" />
  <testcase classname="ptolemy.util.test.junit.AutoTests" name="[244] /home/travis/build/icyphy/ptII/ptolemy/actor/lib/test/auto/NilTokenTypeTest.xml (RunModel)" time="0.034" />
  <testcase classname="ptolemy.util.test.junit.AutoTests" name="[245] /home/travis/build/icyphy/ptII/ptolemy/actor/lib/test/auto/ObjectToken1.xml (RunModel)" time="0.007" />
  <testcase classname="ptolemy.util.test.junit.AutoTests" name="[246] /home/travis/build/icyphy/ptII/ptolemy/actor/lib/test/auto/OrderedMerge.xml (RunModel)" time="0.026" />
  <testcase classname="ptolemy.util.test.junit.AutoTests" name="[247] /home/travis/build/icyphy/ptII/ptolemy/actor/lib/test/auto/OrderedRecordDisassembler.xml (RunModel)" time="0.023" />
  <testcase classname="ptolemy.util.test.junit.AutoTests" name="[248] /home/travis/build/icyphy/ptII/ptolemy/actor/lib/test/auto/OrderedRecordDisassembler2.xml (RunModel)" time="0.021" />
  <testcase classname="ptolemy.util.test.junit.AutoTests" name="[249] /home/travis/build/icyphy/ptII/ptolemy/actor/lib/test/auto/OrderedRecordUpdater.xml (RunModel)" time="0.011" />
  <testcase classname="ptolemy.util.test.junit.AutoTests" name="[250] /home/travis/build/icyphy/ptII/ptolemy/actor/lib/test/auto/OrderedRecordUpdater2.xml (RunModel)" time="0.017" />
  <testcase classname="ptolemy.util.test.junit.AutoTests" name="[251] /home/travis/build/icyphy/ptII/ptolemy/actor/lib/test/auto/PhaseUnwrap.xml (RunModel)" time="0.013" />
  <testcase classname="ptolemy.util.test.junit.AutoTests" name="[252] /home/travis/build/icyphy/ptII/ptolemy/actor/lib/test/auto/PoissonClock.xml (RunModel)" time="0.011" />
  <testcase classname="ptolemy.util.test.junit.AutoTests" name="[253] /home/travis/build/icyphy/ptII/ptolemy/actor/lib/test/auto/PoissonClock2.xml (RunModel)" time="0.008" />
  <testcase classname="ptolemy.util.test.junit.AutoTests" name="[254] /home/travis/build/icyphy/ptII/ptolemy/actor/lib/test/auto/PoissonClock3.xml (RunModel)" time="0.02" />
  <testcase classname="ptolemy.util.test.junit.AutoTests" name="[255] /home/travis/build/icyphy/ptII/ptolemy/actor/lib/test/auto/PubSubWithInitialTokens.xml (RunModel)" time="0.013" />
  <testcase classname="ptolemy.util.test.junit.AutoTests" name="[256] /home/travis/build/icyphy/ptII/ptolemy/actor/lib/test/auto/PubSubWithInitialTokens2.xml (RunModel)" time="0.017" />
  <testcase classname="ptolemy.util.test.junit.AutoTests" name="[257] /home/travis/build/icyphy/ptII/ptolemy/actor/lib/test/auto/PublisherClassNoParameter.xml (RunModel)" time="0.023" />
  <testcase classname="ptolemy.util.test.junit.AutoTests" name="[258] /home/travis/build/icyphy/ptII/ptolemy/actor/lib/test/auto/PublisherClassParameter.xml (RunModel)" time="0.018" />
  <testcase classname="ptolemy.util.test.junit.AutoTests" name="[259] /home/travis/build/icyphy/ptII/ptolemy/actor/lib/test/auto/PublisherNonStrictTest.xml (RunModel)" time="0.014" />
  <testcase classname="ptolemy.util.test.junit.AutoTests" name="[260] /home/travis/build/icyphy/ptII/ptolemy/actor/lib/test/auto/PublisherPort1.xml (RunModel)" time="0.01" />
  <testcase classname="ptolemy.util.test.junit.AutoTests" name="[261] /home/travis/build/icyphy/ptII/ptolemy/actor/lib/test/auto/PublisherPort2.xml (RunModel)" time="0.016" />
  <testcase classname="ptolemy.util.test.junit.AutoTests" name="[262] /home/travis/build/icyphy/ptII/ptolemy/actor/lib/test/auto/PublisherPort3.xml (RunModel)" time="0.02" />
  <testcase classname="ptolemy.util.test.junit.AutoTests" name="[263] /home/travis/build/icyphy/ptII/ptolemy/actor/lib/test/auto/PublisherPort4.xml (RunModel)" time="0.013" />
  <testcase classname="ptolemy.util.test.junit.AutoTests" name="[264] /home/travis/build/icyphy/ptII/ptolemy/actor/lib/test/auto/PublisherPort5.xml (RunModel)" time="0.015" />
  <testcase classname="ptolemy.util.test.junit.AutoTests" name="[265] /home/travis/build/icyphy/ptII/ptolemy/actor/lib/test/auto/PublisherPort5LookAlike.xml (RunModel)" time="0.015" />
  <testcase classname="ptolemy.util.test.junit.AutoTests" name="[266] /home/travis/build/icyphy/ptII/ptolemy/actor/lib/test/auto/PublisherPort6.xml (RunModel)" time="0.016" />
  <testcase classname="ptolemy.util.test.junit.AutoTests" name="[267] /home/travis/build/icyphy/ptII/ptolemy/actor/lib/test/auto/PublisherPort7.xml (RunModel)" time="0.016" />
  <testcase classname="ptolemy.util.test.junit.AutoTests" name="[268] /home/travis/build/icyphy/ptII/ptolemy/actor/lib/test/auto/PublisherPort8.xml (RunModel)" time="0.025" />
  <testcase classname="ptolemy.util.test.junit.AutoTests" name="[269] /home/travis/build/icyphy/ptII/ptolemy/actor/lib/test/auto/PublisherPortSubscriberChannelVariablesAOC2.xml (RunModel)" time="0.033" />
  <testcase classname="ptolemy.util.test.junit.AutoTests" name="[270] /home/travis/build/icyphy/ptII/ptolemy/actor/lib/test/auto/PublisherPortSubscriberOpaqueWidthInference.xml (RunModel)" time="0.062" />
  <testcase classname="ptolemy.util.test.junit.AutoTests" name="[271] /home/travis/build/icyphy/ptII/ptolemy/actor/lib/test/auto/PublisherPortSubscriberPortAdjacent.xml (RunModel)" time="0.019" />
  <testcase classname="ptolemy.util.test.junit.AutoTests" name="[272] /home/travis/build/icyphy/ptII/ptolemy/actor/lib/test/auto/PublisherPortSubscriberPortExpression.xml (RunModel)" time="0.017" />
  <testcase classname="ptolemy.util.test.junit.AutoTests" name="[273] /home/travis/build/icyphy/ptII/ptolemy/actor/lib/test/auto/PublisherPortSubscriberPortOpaqueD3Reverse.xml (RunModel)" time="0.018" />
  <testcase classname="ptolemy.util.test.junit.AutoTests" name="[274] /home/travis/build/icyphy/ptII/ptolemy/actor/lib/test/auto/PublisherPortSubscriberPortOpaqueWidthInference.xml (RunModel)" time="0.014" />
  <testcase classname="ptolemy.util.test.junit.AutoTests" name="[275] /home/travis/build/icyphy/ptII/ptolemy/actor/lib/test/auto/PublisherPortToplevelSubscriberPortAOC.xml (RunModel)" time="0.01" />
  <testcase classname="ptolemy.util.test.junit.AutoTests" name="[276] /home/travis/build/icyphy/ptII/ptolemy/actor/lib/test/auto/PublisherSubscriber.xml (RunModel)" time="0.013" />
  <testcase classname="ptolemy.util.test.junit.AutoTests" name="[277] /home/travis/build/icyphy/ptII/ptolemy/actor/lib/test/auto/PublisherSubscriber10.xml (RunModel)" time="0.021" />
  <testcase classname="ptolemy.util.test.junit.AutoTests" name="[278] /home/travis/build/icyphy/ptII/ptolemy/actor/lib/test/auto/PublisherSubscriber10InitialOutputs.xml (RunModel)" time="0.043" />
  <testcase classname="ptolemy.util.test.junit.AutoTests" name="[279] /home/travis/build/icyphy/ptII/ptolemy/actor/lib/test/auto/PublisherSubscriber11.xml (RunModel)" time="0.012" />
  <testcase classname="ptolemy.util.test.junit.AutoTests" name="[280] /home/travis/build/icyphy/ptII/ptolemy/actor/lib/test/auto/PublisherSubscriber12.xml (RunModel)" time="0.012" />
  <testcase classname="ptolemy.util.test.junit.AutoTests" name="[281] /home/travis/build/icyphy/ptII/ptolemy/actor/lib/test/auto/PublisherSubscriber13.xml (RunModel)" time="0.011" />
  <testcase classname="ptolemy.util.test.junit.AutoTests" name="[282] /home/travis/build/icyphy/ptII/ptolemy/actor/lib/test/auto/PublisherSubscriber14.xml (RunModel)" time="0.023" />
  <testcase classname="ptolemy.util.test.junit.AutoTests" name="[283] /home/travis/build/icyphy/ptII/ptolemy/actor/lib/test/auto/PublisherSubscriber2.xml (RunModel)" time="0.013" />
  <testcase classname="ptolemy.util.test.junit.AutoTests" name="[284] /home/travis/build/icyphy/ptII/ptolemy/actor/lib/test/auto/PublisherSubscriber3.xml (RunModel)" time="0.01" />
  <testcase classname="ptolemy.util.test.junit.AutoTests" name="[285] /home/travis/build/icyphy/ptII/ptolemy/actor/lib/test/auto/PublisherSubscriber4.xml (RunModel)" time="0.009" />
  <testcase classname="ptolemy.util.test.junit.AutoTests" name="[286] /home/travis/build/icyphy/ptII/ptolemy/actor/lib/test/auto/PublisherSubscriber5.xml (RunModel)" time="0.012" />
  <testcase classname="ptolemy.util.test.junit.AutoTests" name="[287] /home/travis/build/icyphy/ptII/ptolemy/actor/lib/test/auto/PublisherSubscriber6.xml (RunModel)" time="0.017" />
  <testcase classname="ptolemy.util.test.junit.AutoTests" name="[288] /home/travis/build/icyphy/ptII/ptolemy/actor/lib/test/auto/PublisherSubscriber7.xml (RunModel)" time="0.021" />
  <testcase classname="ptolemy.util.test.junit.AutoTests" name="[289] /home/travis/build/icyphy/ptII/ptolemy/actor/lib/test/auto/PublisherSubscriber8.xml (RunModel)" time="0.025" />
  <testcase classname="ptolemy.util.test.junit.AutoTests" name="[290] /home/travis/build/icyphy/ptII/ptolemy/actor/lib/test/auto/PublisherSubscriber9.xml (RunModel)" time="0.017" />
  <testcase classname="ptolemy.util.test.junit.AutoTests" name="[291] /home/travis/build/icyphy/ptII/ptolemy/actor/lib/test/auto/PublisherSubscriberAdjacent.xml (RunModel)" time="0.018" />
  <testcase classname="ptolemy.util.test.junit.AutoTests" name="[292] /home/travis/build/icyphy/ptII/ptolemy/actor/lib/test/auto/PublisherSubscriberChannelVariablesAOC2.xml (RunModel)" time="0.024" />
  <testcase classname="ptolemy.util.test.junit.AutoTests" name="[293] /home/travis/build/icyphy/ptII/ptolemy/actor/lib/test/auto/PublisherSubscriberD3.xml (RunModel)" time="0.012" />
  <testcase classname="ptolemy.util.test.junit.AutoTests" name="[294] /home/travis/build/icyphy/ptII/ptolemy/actor/lib/test/auto/PublisherSubscriberD3Reverse.xml (RunModel)" time="0.01" />
  <testcase classname="ptolemy.util.test.junit.AutoTests" name="[295] /home/travis/build/icyphy/ptII/ptolemy/actor/lib/test/auto/PublisherSubscriberExpression.xml (RunModel)" time="0.017" />
  <testcase classname="ptolemy.util.test.junit.AutoTests" name="[296] /home/travis/build/icyphy/ptII/ptolemy/actor/lib/test/auto/PublisherSubscriberOpaque.xml (RunModel)" time="0.034" />
  <testcase classname="ptolemy.util.test.junit.AutoTests" name="[297] /home/travis/build/icyphy/ptII/ptolemy/actor/lib/test/auto/PublisherSubscriberOpaqueD3.xml (RunModel)" time="0.024" />
  <testcase classname="ptolemy.util.test.junit.AutoTests" name="[298] /home/travis/build/icyphy/ptII/ptolemy/actor/lib/test/auto/PublisherSubscriberOpaqueD3Reverse.xml (RunModel)" time="0.019" />
  <testcase classname="ptolemy.util.test.junit.AutoTests" name="[299] /home/travis/build/icyphy/ptII/ptolemy/actor/lib/test/auto/PublisherSubscriberOpaqueWidthInference.xml (RunModel)" time="0.019" />
  <testcase classname="ptolemy.util.test.junit.AutoTests" name="[300] /home/travis/build/icyphy/ptII/ptolemy/actor/lib/test/auto/PublisherTestSubscriber.xml (RunModel)" time="0.017" />
  <testcase classname="ptolemy.util.test.junit.AutoTests" name="[301] /home/travis/build/icyphy/ptII/ptolemy/actor/lib/test/auto/PublisherToplevelSubscriberPortAOC.xml (RunModel)" time="0.012" />
  <testcase classname="ptolemy.util.test.junit.AutoTests" name="[302] /home/travis/build/icyphy/ptII/ptolemy/actor/lib/test/auto/PulseFiringLimitDE.xml (RunModel)" time="0.019" />
  <testcase classname="ptolemy.util.test.junit.AutoTests" name="[303] /home/travis/build/icyphy/ptII/ptolemy/actor/lib/test/auto/Ramp1.xml (RunModel)" time="0.007" />
  <testcase classname="ptolemy.util.test.junit.AutoTests" name="[304] /home/travis/build/icyphy/ptII/ptolemy/actor/lib/test/auto/RampFiringLimitDE.xml (RunModel)" time="0.012" />
  <testcase classname="ptolemy.util.test.junit.AutoTests" name="[305] /home/travis/build/icyphy/ptII/ptolemy/actor/lib/test/auto/RampFiringLimitSDF.xml (RunModel)" time="0.011" />
  <testcase classname="ptolemy.util.test.junit.AutoTests" name="[306] /home/travis/build/icyphy/ptII/ptolemy/actor/lib/test/auto/RandomInteger.xml (RunModel)" time="0.009" />
  <testcase classname="ptolemy.util.test.junit.AutoTests" name="[307] /home/travis/build/icyphy/ptII/ptolemy/actor/lib/test/auto/ReadFile1.xml (RunModel)" time="0.009" />
  <testcase classname="ptolemy.util.test.junit.AutoTests" name="[308] /home/travis/build/icyphy/ptII/ptolemy/actor/lib/test/auto/ReadFile2.xml (RunModel)" time="0.019" />
  <testcase classname="ptolemy.util.test.junit.AutoTests" name="[309] /home/travis/build/icyphy/ptII/ptolemy/actor/lib/test/auto/Reader.xml (RunModel)" time="0.015" />
  <testcase classname="ptolemy.util.test.junit.AutoTests" name="[310] /home/travis/build/icyphy/ptII/ptolemy/actor/lib/test/auto/RecordAssemblerDisplayNameTest.xml (RunModel)" time="3.783" />
  <testcase classname="ptolemy.util.test.junit.AutoTests" name="[311] /home/travis/build/icyphy/ptII/ptolemy/actor/lib/test/auto/RecordAssemblerTypeError.xml (RunModel)" time="0.04" />
  <testcase classname="ptolemy.util.test.junit.AutoTests" name="[312] /home/travis/build/icyphy/ptII/ptolemy/actor/lib/test/auto/RecordDisassember.xml (RunModel)" time="0.018" />
  <testcase classname="ptolemy.util.test.junit.AutoTests" name="[313] /home/travis/build/icyphy/ptII/ptolemy/actor/lib/test/auto/RecordDisassemberDisplayNameTest.xml (RunModel)" time="0.018" />
  <testcase classname="ptolemy.util.test.junit.AutoTests" name="[314] /home/travis/build/icyphy/ptII/ptolemy/actor/lib/test/auto/RecordDisassembler.xml (RunModel)" time="0.009" />
  <testcase classname="ptolemy.util.test.junit.AutoTests" name="[315] /home/travis/build/icyphy/ptII/ptolemy/actor/lib/test/auto/RecordDisassembler2.xml (RunModel)" time="0.011" />
  <testcase classname="ptolemy.util.test.junit.AutoTests" name="[316] /home/travis/build/icyphy/ptII/ptolemy/actor/lib/test/auto/RecordUpdater.xml (RunModel)" time="0.011" />
  <testcase classname="ptolemy.util.test.junit.AutoTests" name="[317] /home/travis/build/icyphy/ptII/ptolemy/actor/lib/test/auto/RecordUpdater2.xml (RunModel)" time="0.008" />
  <testcase classname="ptolemy.util.test.junit.AutoTests" name="[318] /home/travis/build/icyphy/ptII/ptolemy/actor/lib/test/auto/RecursiveLattice.xml (RunModel)" time="0.007" />
  <testcase classname="ptolemy.util.test.junit.AutoTests" name="[319] /home/travis/build/icyphy/ptII/ptolemy/actor/lib/test/auto/Router.xml (RunModel)" time="3.023" />
  <testcase classname="ptolemy.util.test.junit.AutoTests" name="[320] /home/travis/build/icyphy/ptII/ptolemy/actor/lib/test/auto/Router2.xml (RunModel)" time="3.056" />
  <testcase classname="ptolemy.util.test.junit.AutoTests" name="[321] /home/travis/build/icyphy/ptII/ptolemy/actor/lib/test/auto/RunningMaximum.xml (RunModel)" time="0.017" />
  <testcase classname="ptolemy.util.test.junit.AutoTests" name="[322] /home/travis/build/icyphy/ptII/ptolemy/actor/lib/test/auto/RunningMinimum.xml (RunModel)" time="0.017" />
  <testcase classname="ptolemy.util.test.junit.AutoTests" name="[323] /home/travis/build/icyphy/ptII/ptolemy/actor/lib/test/auto/Scale.xml (RunModel)" time="0.007" />
  <testcase classname="ptolemy.util.test.junit.AutoTests" name="[324] /home/travis/build/icyphy/ptII/ptolemy/actor/lib/test/auto/Scale2.xml (RunModel)" time="0.009" />
  <testcase classname="ptolemy.util.test.junit.AutoTests" name="[325] /home/travis/build/icyphy/ptII/ptolemy/actor/lib/test/auto/Scale3.xml (RunModel)" time="0.014" />
  <testcase classname="ptolemy.util.test.junit.AutoTests" name="[326] /home/travis/build/icyphy/ptII/ptolemy/actor/lib/test/auto/ScaleArray.xml (RunModel)" time="0.009" />
  <testcase classname="ptolemy.util.test.junit.AutoTests" name="[327] /home/travis/build/icyphy/ptII/ptolemy/actor/lib/test/auto/ScaleArray2.xml (RunModel)" time="0.008" />
  <testcase classname="ptolemy.util.test.junit.AutoTests" name="[328] /home/travis/build/icyphy/ptII/ptolemy/actor/lib/test/auto/ScaleMatrix.xml (RunModel)" time="0.164" />
  <testcase classname="ptolemy.util.test.junit.AutoTests" name="[329] /home/travis/build/icyphy/ptII/ptolemy/actor/lib/test/auto/Select.xml (RunModel)" time="0.02" />
  <testcase classname="ptolemy.util.test.junit.AutoTests" name="[330] /home/travis/build/icyphy/ptII/ptolemy/actor/lib/test/auto/Select2.xml (RunModel)" time="0.009" />
  <testcase classname="ptolemy.util.test.junit.AutoTests" name="[331] /home/travis/build/icyphy/ptII/ptolemy/actor/lib/test/auto/SequenceToArray2.xml (RunModel)" time="0.153" />
  <testcase classname="ptolemy.util.test.junit.AutoTests" name="[332] /home/travis/build/icyphy/ptII/ptolemy/actor/lib/test/auto/SequentialClock.xml (RunModel)" time="0.008" />
  <testcase classname="ptolemy.util.test.junit.AutoTests" name="[333] /home/travis/build/icyphy/ptII/ptolemy/actor/lib/test/auto/SetVariable.xml (RunModel)" time="0.009" />
  <testcase classname="ptolemy.util.test.junit.AutoTests" name="[334] /home/travis/build/icyphy/ptII/ptolemy/actor/lib/test/auto/SetVariable2.xml (RunModel)" time="0.01" />
  <testcase classname="ptolemy.util.test.junit.AutoTests" name="[335] /home/travis/build/icyphy/ptII/ptolemy/actor/lib/test/auto/SetVariable3.xml (RunModel)" time="0.016" />
  <testcase classname="ptolemy.util.test.junit.AutoTests" name="[336] /home/travis/build/icyphy/ptII/ptolemy/actor/lib/test/auto/SetVariable4.xml (RunModel)" time="0.026" />
  <testcase classname="ptolemy.util.test.junit.AutoTests" name="[337] /home/travis/build/icyphy/ptII/ptolemy/actor/lib/test/auto/SetVariable5.xml (RunModel)" time="0.037" />
  <testcase classname="ptolemy.util.test.junit.AutoTests" name="[338] /home/travis/build/icyphy/ptII/ptolemy/actor/lib/test/auto/Sinewave.xml (RunModel)" time="0.024" />
  <testcase classname="ptolemy.util.test.junit.AutoTests" name="[339] /home/travis/build/icyphy/ptII/ptolemy/actor/lib/test/auto/Sinewave2.xml (RunModel)" time="0.017" />
  <testcase classname="ptolemy.util.test.junit.AutoTests" name="[340] /home/travis/build/icyphy/ptII/ptolemy/actor/lib/test/auto/Sinewave3.xml (RunModel)" time="0.022" />
  <testcase classname="ptolemy.util.test.junit.AutoTests" name="[341] /home/travis/build/icyphy/ptII/ptolemy/actor/lib/test/auto/SingleEvent.xml (RunModel)" time="0.007" />
  <testcase classname="ptolemy.util.test.junit.AutoTests" name="[342] /home/travis/build/icyphy/ptII/ptolemy/actor/lib/test/auto/Sleep.xml (RunModel)" time="6.017" />
  <testcase classname="ptolemy.util.test.junit.AutoTests" name="[343] /home/travis/build/icyphy/ptII/ptolemy/actor/lib/test/auto/SleepMultipleFire.xml (RunModel)" time="1.031" />
  <testcase classname="ptolemy.util.test.junit.AutoTests" name="[344] /home/travis/build/icyphy/ptII/ptolemy/actor/lib/test/auto/StopDE.xml (RunModel)" time="0.024" />
  <testcase classname="ptolemy.util.test.junit.AutoTests" name="[345] /home/travis/build/icyphy/ptII/ptolemy/actor/lib/test/auto/StopSDF.xml (RunModel)" time="0.043" />
  <testcase classname="ptolemy.util.test.junit.AutoTests" name="[346] /home/travis/build/icyphy/ptII/ptolemy/actor/lib/test/auto/StringConstant.xml (RunModel)" time="0.036" />
  <testcase classname="ptolemy.util.test.junit.AutoTests" name="[347] /home/travis/build/icyphy/ptII/ptolemy/actor/lib/test/auto/SubscriberPortInitialValues1.xml (RunModel)" time="0.048" />
  <testcase classname="ptolemy.util.test.junit.AutoTests" name="[348] /home/travis/build/icyphy/ptII/ptolemy/actor/lib/test/auto/SubscriberPortInitialValues13.xml (RunModel)" time="0.042" />
  <testcase classname="ptolemy.util.test.junit.AutoTests" name="[349] /home/travis/build/icyphy/ptII/ptolemy/actor/lib/test/auto/SubscriberPortInitialValues14.xml (RunModel)" time="0.055" />
  <testcase classname="ptolemy.util.test.junit.AutoTests" name="[350] /home/travis/build/icyphy/ptII/ptolemy/actor/lib/test/auto/SubscriberPortInitialValues2.xml (RunModel)" time="0.023" />
  <testcase classname="ptolemy.util.test.junit.AutoTests" name="[351] /home/travis/build/icyphy/ptII/ptolemy/actor/lib/test/auto/SubscriberPortInitialValues3.xml (RunModel)" time="0.024" />
  <testcase classname="ptolemy.util.test.junit.AutoTests" name="[352] /home/travis/build/icyphy/ptII/ptolemy/actor/lib/test/auto/SubscriptionAggregator.xml (RunModel)" time="0.012" />
  <testcase classname="ptolemy.util.test.junit.AutoTests" name="[353] /home/travis/build/icyphy/ptII/ptolemy/actor/lib/test/auto/SubscriptionAggregator2.xml (RunModel)" time="0.011" />
  <testcase classname="ptolemy.util.test.junit.AutoTests" name="[354] /home/travis/build/icyphy/ptII/ptolemy/actor/lib/test/auto/SubscriptionAggregator3.xml (RunModel)" time="0.017" />
  <testcase classname="ptolemy.util.test.junit.AutoTests" name="[355] /home/travis/build/icyphy/ptII/ptolemy/actor/lib/test/auto/SubscriptionAggregatorMultiply.xml (RunModel)" time="0.023" />
  <testcase classname="ptolemy.util.test.junit.AutoTests" name="[356] /home/travis/build/icyphy/ptII/ptolemy/actor/lib/test/auto/SubscriptionAggregatorPortMultiply1.xml (RunModel)" time="0.017" />
  <testcase classname="ptolemy.util.test.junit.AutoTests" name="[357] /home/travis/build/icyphy/ptII/ptolemy/actor/lib/test/auto/Switch.xml (RunModel)" time="0.022" />
  <testcase classname="ptolemy.util.test.junit.AutoTests" name="[358] /home/travis/build/icyphy/ptII/ptolemy/actor/lib/test/auto/Switch2.xml (RunModel)" time="0.012" />
  <testcase classname="ptolemy.util.test.junit.AutoTests" name="[359] /home/travis/build/icyphy/ptII/ptolemy/actor/lib/test/auto/SwitchDE.xml (RunModel)" time="0.015" />
  <testcase classname="ptolemy.util.test.junit.AutoTests" name="[360] /home/travis/build/icyphy/ptII/ptolemy/actor/lib/test/auto/SynchronizerDE.xml (RunModel)" time="0.023" />
  <testcase classname="ptolemy.util.test.junit.AutoTests" name="[361] /home/travis/build/icyphy/ptII/ptolemy/actor/lib/test/auto/Test.xml (RunModel)" time="0.016" />
  <testcase classname="ptolemy.util.test.junit.AutoTests" name="[362] /home/travis/build/icyphy/ptII/ptolemy/actor/lib/test/auto/TestExceptionAttribute1.xml (RunModel)" time="0.009" />
  <testcase classname="ptolemy.util.test.junit.AutoTests" name="[363] /home/travis/build/icyphy/ptII/ptolemy/actor/lib/test/auto/TestExceptionAttribute2.xml (RunModel)" time="0.011" />
  <testcase classname="ptolemy.util.test.junit.AutoTests" name="[364] /home/travis/build/icyphy/ptII/ptolemy/actor/lib/test/auto/TestExceptionAttribute3.xml (RunModel)" time="0.012" />
  <testcase classname="ptolemy.util.test.junit.AutoTests" name="[365] /home/travis/build/icyphy/ptII/ptolemy/actor/lib/test/auto/TestExceptionAttribute4.xml (RunModel)" time="0.008" />
  <testcase classname="ptolemy.util.test.junit.AutoTests" name="[366] /home/travis/build/icyphy/ptII/ptolemy/actor/lib/test/auto/TestExceptionHandler1.xml (RunModel)" time="0.008" />
  <testcase classname="ptolemy.util.test.junit.AutoTests" name="[367] /home/travis/build/icyphy/ptII/ptolemy/actor/lib/test/auto/TestExceptionHandler2.xml (RunModel)" time="0.009" />
  <testcase classname="ptolemy.util.test.junit.AutoTests" name="[368] /home/travis/build/icyphy/ptII/ptolemy/actor/lib/test/auto/TestExceptionHandler3.xml (RunModel)" time="0.006" />
  <testcase classname="ptolemy.util.test.junit.AutoTests" name="[369] /home/travis/build/icyphy/ptII/ptolemy/actor/lib/test/auto/TestExceptionHandler4.xml (RunModel)" time="0.008" />
  <testcase classname="ptolemy.util.test.junit.AutoTests" name="[370] /home/travis/build/icyphy/ptII/ptolemy/actor/lib/test/auto/TestRequireCorrectOrder.xml (RunModel)" time="0.014" />
  <testcase classname="ptolemy.util.test.junit.AutoTests" name="[371] /home/travis/build/icyphy/ptII/ptolemy/actor/lib/test/auto/TestSimple.xml (RunModel)" time="0.009" />
  <testcase classname="ptolemy.util.test.junit.AutoTests" name="[372] /home/travis/build/icyphy/ptII/ptolemy/actor/lib/test/auto/ThrowModelError.xml (RunModel)" time="0.012" />
  <testcase classname="ptolemy.util.test.junit.AutoTests" name="[373] /home/travis/build/icyphy/ptII/ptolemy/actor/lib/test/auto/TimeDelayMicrosteps.xml (RunModel)" time="0.014" />
  <testcase classname="ptolemy.util.test.junit.AutoTests" name="[374] /home/travis/build/icyphy/ptII/ptolemy/actor/lib/test/auto/TimeDelayMicrosteps2.xml (RunModel)" time="0.016" />
  <testcase classname="ptolemy.util.test.junit.AutoTests" name="[375] /home/travis/build/icyphy/ptII/ptolemy/actor/lib/test/auto/TimeDelayMicrosteps3.xml (RunModel)" time="0.013" />
  <testcase classname="ptolemy.util.test.junit.AutoTests" name="[376] /home/travis/build/icyphy/ptII/ptolemy/actor/lib/test/auto/TimeDelayVariableMicrosteps.xml (RunModel)" time="0.013" />
  <testcase classname="ptolemy.util.test.junit.AutoTests" name="[377] /home/travis/build/icyphy/ptII/ptolemy/actor/lib/test/auto/TimeGap.xml (RunModel)" time="0.016" />
  <testcase classname="ptolemy.util.test.junit.AutoTests" name="[378] /home/travis/build/icyphy/ptII/ptolemy/actor/lib/test/auto/TimeGap2.xml (RunModel)" time="0.012" />
  <testcase classname="ptolemy.util.test.junit.AutoTests" name="[379] /home/travis/build/icyphy/ptII/ptolemy/actor/lib/test/auto/TimedSinewave.xml (RunModel)" time="0.055" />
  <testcase classname="ptolemy.util.test.junit.AutoTests" name="[380] /home/travis/build/icyphy/ptII/ptolemy/actor/lib/test/auto/TimedSinewavePhase.xml (RunModel)" time="0.028" />
  <testcase classname="ptolemy.util.test.junit.AutoTests" name="[381] /home/travis/build/icyphy/ptII/ptolemy/actor/lib/test/auto/Timer.xml (RunModel)" time="0.018" />
  <testcase classname="ptolemy.util.test.junit.AutoTests" name="[382] /home/travis/build/icyphy/ptII/ptolemy/actor/lib/test/auto/TriangularDistTestModel.xml (RunModel)" time="0.018" />
  <testcase classname="ptolemy.util.test.junit.AutoTests" name="[383] /home/travis/build/icyphy/ptII/ptolemy/actor/lib/test/auto/TrigFunction.xml (RunModel)" time="0.01" />
  <testcase classname="ptolemy.util.test.junit.AutoTests" name="[384] /home/travis/build/icyphy/ptII/ptolemy/actor/lib/test/auto/TrigFunctionDE.xml (RunModel)" time="0.01" />
  <testcase classname="ptolemy.util.test.junit.AutoTests" name="[385] /home/travis/build/icyphy/ptII/ptolemy/actor/lib/test/auto/TrigFunctionInverse.xml (RunModel)" time="0.01" />
  <testcase classname="ptolemy.util.test.junit.AutoTests" name="[386] /home/travis/build/icyphy/ptII/ptolemy/actor/lib/test/auto/TrigFunctionTan.xml (RunModel)" time="0.007" />
  <testcase classname="ptolemy.util.test.junit.AutoTests" name="[387] /home/travis/build/icyphy/ptII/ptolemy/actor/lib/test/auto/TriggeredClock.xml (RunModel)" time="0.008" />
  <testcase classname="ptolemy.util.test.junit.AutoTests" name="[388] /home/travis/build/icyphy/ptII/ptolemy/actor/lib/test/auto/URLDirectoryReader.xml (RunModel)" time="0.134" />
  <testcase classname="ptolemy.util.test.junit.AutoTests" name="[389] /home/travis/build/icyphy/ptII/ptolemy/actor/lib/test/auto/URLDirectoryReader3.xml (RunModel)" time="1.933" />
  <testcase classname="ptolemy.util.test.junit.AutoTests" name="[390] /home/travis/build/icyphy/ptII/ptolemy/actor/lib/test/auto/UnaryMathFunction.xml (RunModel)" time="0.025" />
  <testcase classname="ptolemy.util.test.junit.AutoTests" name="[391] /home/travis/build/icyphy/ptII/ptolemy/actor/lib/test/auto/Uniform.xml (RunModel)" time="0.011" />
  <testcase classname="ptolemy.util.test.junit.AutoTests" name="[392] /home/travis/build/icyphy/ptII/ptolemy/actor/lib/test/auto/UnionDisassemblerTest.xml (RunModel)" time="0.012" />
  <testcase classname="ptolemy.util.test.junit.AutoTests" name="[393] /home/travis/build/icyphy/ptII/ptolemy/actor/lib/test/auto/UtilityFunctions.xml (RunModel)" time="0.007" />
  <testcase classname="ptolemy.util.test.junit.AutoTests" name="[394] /home/travis/build/icyphy/ptII/ptolemy/actor/lib/test/auto/VariableSleep.xml (RunModel)" time="0.512" />
  <testcase classname="ptolemy.util.test.junit.AutoTests" name="[395] /home/travis/build/icyphy/ptII/ptolemy/actor/lib/test/auto/VectorAssemblerDisassemblerCT.xml (RunModel)" time="0.124" />
  <testcase classname="ptolemy.util.test.junit.AutoTests" name="[396] /home/travis/build/icyphy/ptII/ptolemy/actor/lib/test/auto/VectorAssemblerDisassemblerDE.xml (RunModel)" time="0.014" />
  <testcase classname="ptolemy.util.test.junit.AutoTests" name="[397] /home/travis/build/icyphy/ptII/ptolemy/actor/lib/test/auto/VectorAssemblerDisassemblerSDF.xml (RunModel)" time="0.02" />
  <testcase classname="ptolemy.util.test.junit.AutoTests" name="[398] /home/travis/build/icyphy/ptII/ptolemy/actor/lib/test/auto/WallClockTime.xml (RunModel)" time="1.013" />
  <testcase classname="ptolemy.util.test.junit.AutoTests" name="[399] /home/travis/build/icyphy/ptII/ptolemy/actor/lib/test/auto/WidthTestWithSubscriberPublisher.xml (RunModel)" time="0.041" />
  <testcase classname="ptolemy.util.test.junit.AutoTests" name="[400] /home/travis/build/icyphy/ptII/ptolemy/actor/lib/test/auto/WidthTestWithSubscriberPublisher2.xml (RunModel)" time="0.017" />
  <testcase classname="ptolemy.util.test.junit.AutoTests" name="[401] /home/travis/build/icyphy/ptII/ptolemy/actor/lib/test/auto/WidthTestWithSubscriberPublisher3.xml (RunModel)" time="0.011" />
  <testcase classname="ptolemy.util.test.junit.AutoTests" name="[402] /home/travis/build/icyphy/ptII/ptolemy/actor/lib/test/auto/Writer.xml (RunModel)" time="0.009" />
  <testcase classname="ptolemy.util.test.junit.AutoTests" name="[403] /home/travis/build/icyphy/ptII/ptolemy/actor/lib/test/auto/array.xml (RunModel)" time="0.009" />
  <testcase classname="ptolemy.util.test.junit.AutoTests" name="[404] /home/travis/build/icyphy/ptII/ptolemy/actor/lib/test/auto/array2.xml (RunModel)" time="0.013" />
  <testcase classname="ptolemy.util.test.junit.AutoTests" name="[405] /home/travis/build/icyphy/ptII/ptolemy/actor/lib/test/auto/arrayType.xml (RunModel)" time="0.011" />
  <testcase classname="ptolemy.util.test.junit.AutoTests" name="[406] /home/travis/build/icyphy/ptII/ptolemy/actor/lib/test/auto/arrayType10.xml (RunModel)" time="0.008" />
  <testcase classname="ptolemy.util.test.junit.AutoTests" name="[407] /home/travis/build/icyphy/ptII/ptolemy/actor/lib/test/auto/arrayType11.xml (RunModel)" time="0.009" />
  <testcase classname="ptolemy.util.test.junit.AutoTests" name="[408] /home/travis/build/icyphy/ptII/ptolemy/actor/lib/test/auto/arrayType12.xml (RunModel)" time="0.009" />
  <testcase classname="ptolemy.util.test.junit.AutoTests" name="[409] /home/travis/build/icyphy/ptII/ptolemy/actor/lib/test/auto/arrayType13.xml (RunModel)" time="0.011" />
  <testcase classname="ptolemy.util.test.junit.AutoTests" name="[410] /home/travis/build/icyphy/ptII/ptolemy/actor/lib/test/auto/arrayType14.xml (RunModel)" time="0.01" />
  <testcase classname="ptolemy.util.test.junit.AutoTests" name="[411] /home/travis/build/icyphy/ptII/ptolemy/actor/lib/test/auto/arrayType15.xml (RunModel)" time="0.01" />
  <testcase classname="ptolemy.util.test.junit.AutoTests" name="[412] /home/travis/build/icyphy/ptII/ptolemy/actor/lib/test/auto/arrayType16.xml (RunModel)" time="0.011" />
  <testcase classname="ptolemy.util.test.junit.AutoTests" name="[413] /home/travis/build/icyphy/ptII/ptolemy/actor/lib/test/auto/arrayType17.xml (RunModel)" time="0.01" />
  <testcase classname="ptolemy.util.test.junit.AutoTests" name="[414] /home/travis/build/icyphy/ptII/ptolemy/actor/lib/test/auto/arrayType18.xml (RunModel)" time="0.009" />
  <testcase classname="ptolemy.util.test.junit.AutoTests" name="[415] /home/travis/build/icyphy/ptII/ptolemy/actor/lib/test/auto/arrayType19.xml (RunModel)" time="0.008" />
  <testcase classname="ptolemy.util.test.junit.AutoTests" name="[416] /home/travis/build/icyphy/ptII/ptolemy/actor/lib/test/auto/arrayType2.xml (RunModel)" time="0.01" />
  <testcase classname="ptolemy.util.test.junit.AutoTests" name="[417] /home/travis/build/icyphy/ptII/ptolemy/actor/lib/test/auto/arrayType20.xml (RunModel)" time="0.009" />
  <testcase classname="ptolemy.util.test.junit.AutoTests" name="[418] /home/travis/build/icyphy/ptII/ptolemy/actor/lib/test/auto/arrayType21.xml (RunModel)" time="0.009" />
  <testcase classname="ptolemy.util.test.junit.AutoTests" name="[419] /home/travis/build/icyphy/ptII/ptolemy/actor/lib/test/auto/arrayType22.xml (RunModel)" time="0.011" />
  <testcase classname="ptolemy.util.test.junit.AutoTests" name="[420] /home/travis/build/icyphy/ptII/ptolemy/actor/lib/test/auto/arrayType23.xml (RunModel)" time="0.008" />
  <testcase classname="ptolemy.util.test.junit.AutoTests" name="[421] /home/travis/build/icyphy/ptII/ptolemy/actor/lib/test/auto/arrayType24.xml (RunModel)" time="0.009" />
  <testcase classname="ptolemy.util.test.junit.AutoTests" name="[422] /home/travis/build/icyphy/ptII/ptolemy/actor/lib/test/auto/arrayType25.xml (RunModel)" time="0.008" />
  <testcase classname="ptolemy.util.test.junit.AutoTests" name="[423] /home/travis/build/icyphy/ptII/ptolemy/actor/lib/test/auto/arrayType26.xml (RunModel)" time="0.009" />
  <testcase classname="ptolemy.util.test.junit.AutoTests" name="[424] /home/travis/build/icyphy/ptII/ptolemy/actor/lib/test/auto/arrayType27.xml (RunModel)" time="0.009" />
  <testcase classname="ptolemy.util.test.junit.AutoTests" name="[425] /home/travis/build/icyphy/ptII/ptolemy/actor/lib/test/auto/arrayType28.xml (RunModel)" time="0.01" />
  <testcase classname="ptolemy.util.test.junit.AutoTests" name="[426] /home/travis/build/icyphy/ptII/ptolemy/actor/lib/test/auto/arrayType3.xml (RunModel)" time="0.01" />
  <testcase classname="ptolemy.util.test.junit.AutoTests" name="[427] /home/travis/build/icyphy/ptII/ptolemy/actor/lib/test/auto/arrayType4.xml (RunModel)" time="0.01" />
  <testcase classname="ptolemy.util.test.junit.AutoTests" name="[428] /home/travis/build/icyphy/ptII/ptolemy/actor/lib/test/auto/arrayType5.xml (RunModel)" time="0.009" />
  <testcase classname="ptolemy.util.test.junit.AutoTests" name="[429] /home/travis/build/icyphy/ptII/ptolemy/actor/lib/test/auto/arrayType6.xml (RunModel)" time="0.012" />
  <testcase classname="ptolemy.util.test.junit.AutoTests" name="[430] /home/travis/build/icyphy/ptII/ptolemy/actor/lib/test/auto/arrayType7.xml (RunModel)" time="0.008" />
  <testcase classname="ptolemy.util.test.junit.AutoTests" name="[431] /home/travis/build/icyphy/ptII/ptolemy/actor/lib/test/auto/arrayType8.xml (RunModel)" time="0.017" />
  <testcase classname="ptolemy.util.test.junit.AutoTests" name="[432] /home/travis/build/icyphy/ptII/ptolemy/actor/lib/test/auto/arrayType9.xml (RunModel)" time="0.019" />
  <testcase classname="ptolemy.util.test.junit.AutoTests" name="[433] /home/travis/build/icyphy/ptII/ptolemy/actor/lib/test/auto/cast.xml (RunModel)" time="0.009" />
  <testcase classname="ptolemy.util.test.junit.AutoTests" name="[434] /home/travis/build/icyphy/ptII/ptolemy/actor/lib/test/auto/compositeMultiPort.xml (RunModel)" time="0.017" />
  <testcase classname="ptolemy.util.test.junit.AutoTests" name="[435] /home/travis/build/icyphy/ptII/ptolemy/actor/lib/test/auto/expressionCastInference.xml (RunModel)" time="0.008" />
  <testcase classname="ptolemy.util.test.junit.AutoTests" name="[436] /home/travis/build/icyphy/ptII/ptolemy/actor/lib/test/auto/expressionCastInference2.xml (RunModel)" time="0.008" />
  <testcase classname="ptolemy.util.test.junit.AutoTests" name="[437] /home/travis/build/icyphy/ptII/ptolemy/actor/lib/test/auto/expressionInference.xml (RunModel)" time="0.007" />
  <testcase classname="ptolemy.util.test.junit.AutoTests" name="[438] /home/travis/build/icyphy/ptII/ptolemy/actor/lib/test/auto/expression_bug.xml (RunModel)" time="0.007" />
  <testcase classname="ptolemy.util.test.junit.AutoTests" name="[439] /home/travis/build/icyphy/ptII/ptolemy/actor/lib/test/auto/factorial.xml (RunModel)" time="0.054" />
  <testcase classname="ptolemy.util.test.junit.AutoTests" name="[440] /home/travis/build/icyphy/ptII/ptolemy/actor/lib/test/auto/filterTest1.xml (RunModel)" time="0.021" />
  <testcase classname="ptolemy.util.test.junit.AutoTests" name="[441] /home/travis/build/icyphy/ptII/ptolemy/actor/lib/test/auto/funcApplyInConst.xml (RunModel)" time="0.02" />
  <testcase classname="ptolemy.util.test.junit.AutoTests" name="[442] /home/travis/build/icyphy/ptII/ptolemy/actor/lib/test/auto/funcApplyInExpr.xml (RunModel)" time="0.037" />
  <testcase classname="ptolemy.util.test.junit.AutoTests" name="[443] /home/travis/build/icyphy/ptII/ptolemy/actor/lib/test/auto/function.xml (RunModel)" time="0.029" />
  <testcase classname="ptolemy.util.test.junit.AutoTests" name="[444] /home/travis/build/icyphy/ptII/ptolemy/actor/lib/test/auto/function2.xml (RunModel)" time="0.047" />
  <testcase classname="ptolemy.util.test.junit.AutoTests" name="[445] /home/travis/build/icyphy/ptII/ptolemy/actor/lib/test/auto/function3.xml (RunModel)" time="0.027" />
  <testcase classname="ptolemy.util.test.junit.AutoTests" name="[446] /home/travis/build/icyphy/ptII/ptolemy/actor/lib/test/auto/functionClosureTest1.xml (RunModel)" time="0.036" />
  <testcase classname="ptolemy.util.test.junit.AutoTests" name="[447] /home/travis/build/icyphy/ptII/ptolemy/actor/lib/test/auto/functionClosureTest2.xml (RunModel)" time="0.018" />
  <testcase classname="ptolemy.util.test.junit.AutoTests" name="[448] /home/travis/build/icyphy/ptII/ptolemy/actor/lib/test/auto/functionClosureTest3.xml (RunModel)" time="0.012" />
  <testcase classname="ptolemy.util.test.junit.AutoTests" name="[449] /home/travis/build/icyphy/ptII/ptolemy/actor/lib/test/auto/functionClosureTest4.xml (RunModel)" time="0.016" />
  <testcase classname="ptolemy.util.test.junit.AutoTests" name="[450] /home/travis/build/icyphy/ptII/ptolemy/actor/lib/test/auto/functionClosureTest5.xml (RunModel)" time="0.016" />
  <testcase classname="ptolemy.util.test.junit.AutoTests" name="[451] /home/travis/build/icyphy/ptII/ptolemy/actor/lib/test/auto/functionClosureTest6.xml (RunModel)" time="0.008" />
  <testcase classname="ptolemy.util.test.junit.AutoTests" name="[452] /home/travis/build/icyphy/ptII/ptolemy/actor/lib/test/auto/functionsOnArcs.xml (RunModel)" time="0.009" />
  <testcase classname="ptolemy.util.test.junit.AutoTests" name="[453] /home/travis/build/icyphy/ptII/ptolemy/actor/lib/test/auto/functionsOnArcsHOF.xml (RunModel)" time="0.012" />
  <testcase classname="ptolemy.util.test.junit.AutoTests" name="[454] /home/travis/build/icyphy/ptII/ptolemy/actor/lib/test/auto/logic.xml (RunModel)" time="0.016" />
  <testcase classname="ptolemy.util.test.junit.AutoTests" name="[455] /home/travis/build/icyphy/ptII/ptolemy/actor/lib/test/auto/matrixType.xml (RunModel)" time="0.008" />
  <testcase classname="ptolemy.util.test.junit.AutoTests" name="[456] /home/travis/build/icyphy/ptII/ptolemy/actor/lib/test/auto/matrixType10.xml (RunModel)" time="0.009" />
  <testcase classname="ptolemy.util.test.junit.AutoTests" name="[457] /home/travis/build/icyphy/ptII/ptolemy/actor/lib/test/auto/matrixType11.xml (RunModel)" time="0.008" />
  <testcase classname="ptolemy.util.test.junit.AutoTests" name="[458] /home/travis/build/icyphy/ptII/ptolemy/actor/lib/test/auto/matrixType12.xml (RunModel)" time="0.011" />
  <testcase classname="ptolemy.util.test.junit.AutoTests" name="[459] /home/travis/build/icyphy/ptII/ptolemy/actor/lib/test/auto/matrixType13.xml (RunModel)" time="0.009" />
  <testcase classname="ptolemy.util.test.junit.AutoTests" name="[460] /home/travis/build/icyphy/ptII/ptolemy/actor/lib/test/auto/matrixType14.xml (RunModel)" time="0.01" />
  <testcase classname="ptolemy.util.test.junit.AutoTests" name="[461] /home/travis/build/icyphy/ptII/ptolemy/actor/lib/test/auto/matrixType2.xml (RunModel)" time="0.009" />
  <testcase classname="ptolemy.util.test.junit.AutoTests" name="[462] /home/travis/build/icyphy/ptII/ptolemy/actor/lib/test/auto/matrixType3.xml (RunModel)" time="0.01" />
  <testcase classname="ptolemy.util.test.junit.AutoTests" name="[463] /home/travis/build/icyphy/ptII/ptolemy/actor/lib/test/auto/matrixType4.xml (RunModel)" time="0.009" />
  <testcase classname="ptolemy.util.test.junit.AutoTests" name="[464] /home/travis/build/icyphy/ptII/ptolemy/actor/lib/test/auto/matrixType5.xml (RunModel)" time="0.008" />
  <testcase classname="ptolemy.util.test.junit.AutoTests" name="[465] /home/travis/build/icyphy/ptII/ptolemy/actor/lib/test/auto/matrixType6.xml (RunModel)" time="0.008" />
  <testcase classname="ptolemy.util.test.junit.AutoTests" name="[466] /home/travis/build/icyphy/ptII/ptolemy/actor/lib/test/auto/matrixType7.xml (RunModel)" time="0.009" />
  <testcase classname="ptolemy.util.test.junit.AutoTests" name="[467] /home/travis/build/icyphy/ptII/ptolemy/actor/lib/test/auto/matrixType8.xml (RunModel)" time="0.008" />
  <testcase classname="ptolemy.util.test.junit.AutoTests" name="[468] /home/travis/build/icyphy/ptII/ptolemy/actor/lib/test/auto/matrixType9.xml (RunModel)" time="0.008" />
  <testcase classname="ptolemy.util.test.junit.AutoTests" name="[469] /home/travis/build/icyphy/ptII/ptolemy/actor/lib/test/auto/paraFunctest.xml (RunModel)" time="0.008" />
  <testcase classname="ptolemy.util.test.junit.AutoTests" name="[470] /home/travis/build/icyphy/ptII/ptolemy/actor/lib/test/auto/paraFunctest2.xml (RunModel)" time="0.012" />
  <testcase classname="ptolemy.util.test.junit.AutoTests" name="[471] /home/travis/build/icyphy/ptII/ptolemy/actor/lib/test/auto/parameterPassing.xml (RunModel)" time="0.009" />
  <testcase classname="ptolemy.util.test.junit.AutoTests" name="[472] /home/travis/build/icyphy/ptII/ptolemy/actor/lib/test/auto/record.xml (RunModel)" time="0.009" />
  <testcase classname="ptolemy.util.test.junit.AutoTests" name="[473] /home/travis/build/icyphy/ptII/ptolemy/actor/lib/test/auto/sizedarray1.xml (RunModel)" time="0.01" />
  <testcase classname="ptolemy.util.test.junit.AutoTests" name="[474] /home/travis/build/icyphy/ptII/ptolemy/actor/lib/test/auto/sizedarray2.xml (RunModel)" time="0.011" />
  <testcase classname="ptolemy.util.test.junit.AutoTests" name="[475] /home/travis/build/icyphy/ptII/ptolemy/actor/lib/test/auto/twoPublishers.xml (RunModel)" time="0.022" />
  <system-out><![CDATA[/home/travis/build/icyphy/ptII/ptolemy/actor/lib/test/AbsoluteValue.tcl
testDefs.tcl: setting time out to 9000 seconds at Sun Feb 23 07:08:19 UTC 2020
96 ms. Memory: 129024K Free: 92612K (72%)
6 ms. Memory: 129024K Free: 90551K (70%)
4 ms. Memory: 129024K Free: 90056K (70%)
4 ms. Memory: 129024K Free: 89032K (69%)
/home/travis/build/icyphy/ptII/ptolemy/actor/lib/test/AddSubtract.tcl
9 ms. Memory: 129024K Free: 86984K (67%)
6 ms. Memory: 129024K Free: 86470K (67%)
5 ms. Memory: 129024K Free: 85446K (66%)
9 ms. Memory: 129024K Free: 84936K (66%)
82 ms. Memory: 129024K Free: 81864K (63%)
15 ms. Memory: 129024K Free: 81335K (63%)
/home/travis/build/icyphy/ptII/ptolemy/actor/lib/test/Average.tcl
18 ms. Memory: 129024K Free: 79271K (61%)
10 ms. Memory: 129024K Free: 78247K (61%)
/home/travis/build/icyphy/ptII/ptolemy/actor/lib/test/Bernoulli.tcl
13 ms. Memory: 129024K Free: 76744K (59%)
5 ms. Memory: 129024K Free: 76215K (59%)
/home/travis/build/icyphy/ptII/ptolemy/actor/lib/test/Clock.tcl
preinitializing
resolving types
initializing
executing number 1
wrapping up
idle
41 ms. Memory: 129024K Free: 73672K (57%)
Completed execution with 5 iterations
preinitializing
resolving types
initializing
executing number 1
wrapping up
idle
13 ms. Memory: 129024K Free: 72648K (56%)
Completed execution with 5 iterations
preinitializing
resolving types
initializing
executing number 1
wrapping up
idle
14 ms. Memory: 129024K Free: 72127K (56%)
Completed execution with 5 iterations
/home/travis/build/icyphy/ptII/ptolemy/actor/lib/test/Commutator.tcl
6 ms. Memory: 129024K Free: 70086K (54%)
14 ms. Memory: 129024K Free: 69062K (54%)
9 ms. Memory: 129024K Free: 63432K (49%)
/home/travis/build/icyphy/ptII/ptolemy/actor/lib/test/Const.tcl
12 ms. Memory: 129024K Free: 61879K (48%)
9 ms. Memory: 129024K Free: 61384K (48%)
3 ms. Memory: 129024K Free: 60863K (47%)
8 ms. Memory: 129024K Free: 60360K (47%)
3 ms. Memory: 129024K Free: 59846K (46%)
20 ms. Memory: 129024K Free: 58312K (45%)
5 ms. Memory: 129024K Free: 57288K (44%)
4 ms. Memory: 129024K Free: 56264K (44%)
/home/travis/build/icyphy/ptII/ptolemy/actor/lib/test/CurrentTime.tcl
preinitializing
resolving types
initializing
executing number 1
wrapping up
idle
20 ms. Memory: 129024K Free: 54216K (42%)
Completed execution with 11 iterations
/home/travis/build/icyphy/ptII/ptolemy/actor/lib/test/DB.tcl
7 ms. Memory: 129024K Free: 52647K (41%)
4 ms. Memory: 129024K Free: 52168K (40%)
2 ms. Memory: 129024K Free: 51654K (40%)
/home/travis/build/icyphy/ptII/ptolemy/actor/lib/test/DiscreteRandomSource.tcl
preinitializing
resolving types
initializing
executing number 1
wrapping up
idle
5 ms. Memory: 129024K Free: 50120K (39%)
Completed execution with 4 iterations
preinitializing
resolving types
initializing
executing number 1
wrapping up
idle
4 ms. Memory: 129024K Free: 49606K (38%)
Completed execution with 4 iterations
preinitializing
resolving types
initializing
executing number 1
wrapping up
idle
3 ms. Memory: 129024K Free: 49096K (38%)
Completed execution with 4 iterations
preinitializing
resolving types
initializing
executing number 1
wrapping up
idle
11 ms. Memory: 129024K Free: 48567K (38%)
Completed execution with 4 iterations
preinitializing
resolving types
initializing
executing number 1
wrapping up
idle
4 ms. Memory: 129024K Free: 48072K (37%)
Completed execution with 4 iterations
/home/travis/build/icyphy/ptII/ptolemy/actor/lib/test/Distributor.tcl
13 ms. Memory: 129024K Free: 113169K (88%)
10 ms. Memory: 129024K Free: 112661K (87%)
StreamChangeRequest.changeExecuted(): <deleteEntity name="rec2"/> succeeded
StreamChangeRequest.changeExecuted(): <deleteRelation name="r2"/> succeeded
StreamChangeRequest.changeExecuted(): Record firings per iteration succeeded
4 ms. Memory: 129024K Free: 110127K (85%)
/home/travis/build/icyphy/ptII/ptolemy/actor/lib/test/Exit.tcl
Exit.tcl: this will print a message about Manager.exitAfterWrapup, which can be ignored.
4 ms. Memory: 129024K Free: 107158K (83%)
/home/travis/build/icyphy/ptII/ptolemy/actor/lib/test/Expression.tcl
13 ms. Memory: 129024K Free: 103490K (80%)
3 ms. Memory: 129024K Free: 102945K (80%)
3 ms. Memory: 129024K Free: 102445K (79%)
preinitializing
resolving types
initializing
executing number 1
wrapping up
idle
5 ms. Memory: 129024K Free: 100897K (78%)
Completed execution with 6 iterations
3 ms. Memory: 129024K Free: 99857K (77%)
2 ms. Memory: 129024K Free: 99373K (77%)
5 ms. Memory: 129024K Free: 97839K (76%)
4 ms. Memory: 129024K Free: 96785K (75%)
4 ms. Memory: 129024K Free: 95253K (74%)
/home/travis/build/icyphy/ptII/ptolemy/actor/lib/test/Gaussian.tcl
4 ms. Memory: 129024K Free: 93705K (73%)
sleeping 1 seconds: ................................................................................................................................................................................................................................................................................................................................................................................................................................................................................................................................................................................................................................................................................................................................................................................................................................................................................................................................................................................................................................................................................................................................................................................................................................................................................................................................................................................................................................................................................................................................................................................................................................................................................................................................................................................................................................................................................................................................................................................................................................................................................................................................................................................................................................................................................................................................................................................................................................................................................................................................................................................................................................................................................................................................................................................................................................................................................................................................................................................................................................................................................................................................................................................................................................................................................................................................................................................................................................................................................................................................................................................................................................................................................................................................................................................................................................................................................................................................................................................................................................................................................................................................................................................................................................................................................................................................................................................................................................................................................................................................................................................................................................................................................................................................................................................................................................................................................................................................................................................................................................................................................................................................................................................................................................................................................................................................................................................................................................................................................................................................................................................................................................................................................................................................................................................................................................................................................................................................................................................................................................................................................................................................................................................................................................................................................................................................................................................................................................................................................................................................................................................................................................................................................................................................................................................................................................................................................................................................................................................................................................................................................................................................................................................................................................................................................................................................................................................................................................................................................................................................................................................................................................................................................................................................................................................................................................................................................................................................................................................................................................................................................................................................................................................................................................................................................................................................................................................................................................................................................................................................................................................................................................................................................................................................................................................................................................................................................................................................................................................................................................................................................................................................................................................................................................................................................................................................................................................................................................................................................................................................................................................................................................................................................................................................................................................................................................................................................................................................................................................................................................................................................................................................................................................................................................................................................................................................................................................................................................................................................................................................................................................................................................................................................................................................................................................................................................................................................................................................................................................................................................................................................................................................................................................................................................................................................................................................................................................................................................................................................................................................................................................................................................................................................................................................................................................................................................................................................................................................................................................................................................................................................................................................................................................................................................................................................................................................................................................................................................................................................................................................................................................................................................................................................................................................................................................................................................................................................................................................................................................................................................................................................................................................................................................................................................................................................................................................................................................................................................................................................................................................................................................................................................................................................................................................................................................................................................................................................................................................................................................................................................................................................................................................................................................................................................................................................................................................................................................................................................................................................................................................................................................................................................................................................................................................................................................................................................................................................................................................................................................................................................................................................................................................................................................................................................................................................................................................................................................................................................................................................................................................................................................................................................................................................................................................................................................................................................................................................................................................................................................................................................................................................................................................................................................................................................................................................................................................................................................................................................................................................................................................................................................................................................................................................................................................................................................................................................................................................................................................................................................................................................................................................................................................................................................................................................................................................................................................................................................................................................................................................................................................................................................................................................................................................................................................................................................................................................................................................................................................................................................................................................................................................................................................................................................................................................................................................................................................................................................................................................................................................................................................................................................................................................................................................................................................................................................................................................................................................................................................................................................................................................................................................................................................................................................................................................................................................................................................2 ms. Memory: 129024K Free: 79807K (62%)
3 ms. Memory: 129024K Free: 78791K (61%)
2 ms. Memory: 129024K Free: 78287K (61%)
3 ms. Memory: 129024K Free: 77618K (60%)
3 ms. Memory: 129024K Free: 76735K (59%)
/home/travis/build/icyphy/ptII/ptolemy/actor/lib/test/IIR.tcl
/home/travis/build/icyphy/ptII/ptolemy/actor/lib/test/Interpolator.tcl
4 ms. Memory: 129024K Free: 73167K (57%)
2 ms. Memory: 129024K Free: 72653K (56%)
3 ms. Memory: 129024K Free: 72143K (56%)
5 ms. Memory: 129024K Free: 71629K (56%)
6 ms. Memory: 129024K Free: 70591K (55%)
2 ms. Memory: 129024K Free: 69581K (54%)
3 ms. Memory: 129024K Free: 69071K (54%)
6 ms. Memory: 129024K Free: 68047K (53%)
2 ms. Memory: 129024K Free: 67023K (52%)
3 ms. Memory: 129024K Free: 65999K (51%)
/home/travis/build/icyphy/ptII/ptolemy/actor/lib/test/MathFunction.tcl
4 ms. Memory: 129024K Free: 63951K (50%)
2 ms. Memory: 129024K Free: 62927K (49%)
2 ms. Memory: 129024K Free: 112716K (87%)
2 ms. Memory: 129024K Free: 112188K (87%)
4 ms. Memory: 129024K Free: 110668K (86%)
10 ms. Memory: 129024K Free: 108620K (84%)
/home/travis/build/icyphy/ptII/ptolemy/actor/lib/test/Maximum.tcl
7 ms. Memory: 129024K Free: 106572K (83%)
7 ms. Memory: 129024K Free: 106058K (82%)
5 ms. Memory: 129024K Free: 105548K (82%)
4 ms. Memory: 129024K Free: 105020K (81%)
/home/travis/build/icyphy/ptII/ptolemy/actor/lib/test/Minimum.tcl
10 ms. Memory: 129024K Free: 102972K (80%)
2 ms. Memory: 129024K Free: 102476K (79%)
2 ms. Memory: 129024K Free: 101946K (79%)
1 ms. Memory: 129024K Free: 100938K (78%)
/home/travis/build/icyphy/ptII/ptolemy/actor/lib/test/MultiplyDivide.tcl
5 ms. Memory: 129024K Free: 99404K (77%)
3 ms. Memory: 129024K Free: 98380K (76%)
3 ms. Memory: 129024K Free: 97852K (76%)
3 ms. Memory: 129024K Free: 96828K (75%)
3 ms. Memory: 129024K Free: 96332K (75%)
/home/travis/build/icyphy/ptII/ptolemy/actor/lib/test/OrderedMerge.tcl
Connections changed on port: inputA
Connections changed on port: inputB
Connections changed on port: output
Connections changed on port: output
Connections changed on port: output
Connections changed on port: input
.top. Preinitializing ...
Invoking preinitialize():  .top.OrderedMerge
Called preinitialize()
Invoking preinitialize():  .top.Ramp
Called preinitialize()
Invoking preinitialize():  .top.Ramp2
Called preinitialize()
Invoking preinitialize():  .top.Test
Called preinitialize()
Connections changed on port: inputA
Connections changed on port: output
Connections changed on port: output
Connections changed on port: input
Connections changed on port: inputB
Connections changed on port: output
.top. Finished preinitialize().
Called initialize().
Invoking initialize():  .top.OrderedMerge
Initializing actor: .top.OrderedMerge
Adding a thread: .top.OrderedMerge
Invoking initialize():  .top.Ramp
Initializing actor: .top.Ramp
Adding a thread: .top.Ramp
Invoking initialize():  .top.Ramp2
Initializing actor: .top.Ramp2
Adding a thread: .top.Ramp2
Invoking initialize():  .top.Test
Initializing actor: .top.Test
Adding a thread: .top.Test
Called fire().
Checking for deadlock:
-- Starting thread.
Called initialize()
Called prefire()
Called fire()
-- Starting thread.
Called initialize()
Called prefire()
Called fire()
-- Starting thread.
Called initialize()
Called prefire()
Called fire()
-- Starting thread.
Called initialize()
Called prefire()
Called fire()
There are 0 Blocked actors, 0 Stopped actors, and 4 active threads.
Waiting for actors to stop.
Called postfire()
Called prefire()
Called fire()
Called postfire()
Called prefire()
Called fire()
Called postfire()
Called prefire()
Called fire()
Checking for deadlock:
There are 3 Blocked actors, 0 Stopped actors, and 4 active threads.
Read input token from inputA with value 0.0
Waiting for actors to stop.
Next port to read input from is inputB
Called postfire()
Called prefire()
Called fire()
Read input token from inputB with value 0.0
Called postfire()
Called prefire()
Called fire()
Sent output token with value 0.0
Next port to read input from is inputA
Called postfire()
Called prefire()
Called fire()
Read input token from inputA with value 1.0
-- Read input: 0.0, which is expected to match: 0.0
Sent output token with value 0.0
Next port to read input from is inputB
Called postfire()
Called prefire()
Called prefire()
Called fire()
Read input token from inputB with value 1.5
Called fire()
-- Read input: 0.0, which is expected to match: 0.0
Called prefire()
Called fire()
Called postfire()
Called prefire()
Called fire()
Checking for deadlock:
There are 2 Blocked actors, 0 Stopped actors, and 4 active threads.
Waiting for actors to stop.
Called postfire()
Called prefire()
Sent output token with value 1.0
Called fire()
Next port to read input from is inputA
Called postfire()
Called prefire()
Called fire()
Checking for deadlock:
-- Read input: 1.0, which is expected to match: 1.0
Read input token from inputA with value 2.0
Called prefire()
Called fire()
There are 1 Blocked actors, 0 Stopped actors, and 4 active threads.
Waiting for actors to stop.
Checking for deadlock:
There are 2 Blocked actors, 0 Stopped actors, and 4 active threads.
Waiting for actors to stop.
Sent output token with value 1.5
Called postfire()
Called prefire()
Next port to read input from is inputB
Called fire()
Called postfire()
Called prefire()
Called fire()
Checking for deadlock:
There are 1 Blocked actors, 0 Stopped actors, and 4 active threads.
Read input token from inputB with value 3.0
Waiting for actors to stop.
Checking for deadlock:
There are 2 Blocked actors, 0 Stopped actors, and 4 active threads.
Waiting for actors to stop.
-- Read input: 1.5, which is expected to match: 1.5
Called prefire()
Called fire()
Called postfire()
Called prefire()
Called fire()
Checking for deadlock:
There are 3 Blocked actors, 0 Stopped actors, and 4 active threads.
Waiting for actors to stop.
Sent output token with value 2.0
Checking for deadlock:
There are 2 Blocked actors, 0 Stopped actors, and 4 active threads.
Waiting for actors to stop.
Next port to read input from is inputA
Called postfire()
Called prefire()
Called fire()
-- Read input: 2.0, which is expected to match: 2.0
Read input token from inputA with value 3.0
Called prefire()
Called fire()
Sent output token with value 3.0
Next port to read input from is inputB
Called postfire()
-- Read input: 3.0, which is expected to match: 3.0
Called prefire()
Called prefire()
Called fire()
Called fire()
Checking for deadlock:
There are 1 Blocked actors, 0 Stopped actors, and 4 active threads.
Waiting for actors to stop.
Read input token from inputB with value 4.5
Called postfire()
Sent output token with value 3.0
Next port to read input from is inputA
Called postfire()
-- Read input: 3.0, which is expected to match: 3.0
Called prefire()
Called fire()
Called postfire()
Called prefire()
Called fire()
Called prefire()
Called prefire()
Called fire()
Called fire()
Checking for deadlock:
There are 2 Blocked actors, 0 Stopped actors, and 4 active threads.
Waiting for actors to stop.
Read input token from inputA with value 4.0
Called postfire()
Called prefire()
Called fire()
-- Read input: 4.0, which is expected to match: 4.0
Called prefire()
Called fire()
Past the end of training data. Read and discard all inputs.
Checking for deadlock:
There are 3 Blocked actors, 0 Stopped actors, and 4 active threads.
Waiting for actors to stop.
Sent output token with value 4.0
Next port to read input from is inputA
Called postfire()
Called prefire()
Called fire()
Read input token from inputA with value 5.0
Called postfire()
Called prefire()
Sent output token with value 4.5
Called fire()
Next port to read input from is inputB
Called postfire()
Called prefire()
Called fire()
Read input token from inputB with value 6.0
Checking for deadlock:
There are 2 Blocked actors, 0 Stopped actors, and 4 active threads.
Waiting for actors to stop.
Called postfire()
Called prefire()
Called fire()
Called prefire()
Called fire()
Past the end of training data. Read and discard all inputs.
Checking for deadlock:
There are 3 Blocked actors, 0 Stopped actors, and 4 active threads.
Waiting for actors to stop.
Called prefire()
Called fire()
Sent output token with value 5.0
Checking for deadlock:
Past the end of training data. Read and discard all inputs.
Next port to read input from is inputA
Called postfire()
Called prefire()
Called fire()
There are 2 Blocked actors, 0 Stopped actors, and 4 active threads.
Waiting for actors to stop.
Called postfire()
Called prefire()
Read input token from inputA with value 6.0
Called fire()
Sent output token with value 6.0
Next port to read input from is inputB
Called postfire()
Called prefire()
Called fire()
Read input token from inputB with value 7.5
Checking for deadlock:
There are 2 Blocked actors, 0 Stopped actors, and 4 active threads.
Waiting for actors to stop.
Called postfire()
Called prefire()
Called fire()
Called prefire()
Called fire()
Past the end of training data. Read and discard all inputs.
Checking for deadlock:
There are 3 Blocked actors, 0 Stopped actors, and 4 active threads.
Waiting for actors to stop.
Checking for deadlock:
Sent output token with value 6.0
Next port to read input from is inputA
Called postfire()
Called prefire()
Called fire()
There are 2 Blocked actors, 0 Stopped actors, and 4 active threads.
Waiting for actors to stop.
Called prefire()
Called fire()
Past the end of training data. Read and discard all inputs.
Read input token from inputA with value 7.0
Called postfire()
Sent output token with value 7.0
Called prefire()
Next port to read input from is inputA
Checking for deadlock:
Called fire()
Called postfire()
Called prefire()
Called fire()
There are 1 Blocked actors, 0 Stopped actors, and 4 active threads.
Waiting for actors to stop.
Read input token from inputA with value 8.0
Called prefire()
-- Thread wrapup() called.
Called wrapup()
Checking for deadlock:
Called fire()
Past the end of training data. Read and discard all inputs.
There are 1 Blocked actors, 0 Stopped actors, and 4 active threads.
Waiting for actors to stop.
Thread .top.Ramp is exiting.
-- Thread stopped.
Called prefire()
Called fire()
Sent output token with value 7.5
Past the end of training data. Read and discard all inputs.
Next port to read input from is inputB
Called postfire()
Called prefire()
Called fire()
Checking for deadlock:
There are 1 Blocked actors, 0 Stopped actors, and 3 active threads.
Waiting for actors to stop.
Called postfire()
Called prefire()
Called fire()
Read input token from inputB with value 9.0
Checking for deadlock:
Sent output token with value 8.0
There are 1 Blocked actors, 0 Stopped actors, and 3 active threads.
Waiting for actors to stop.
Next port to read input from is inputA
Called postfire()
Called prefire()
Called fire()
Called prefire()
Called fire()
Past the end of training data. Read and discard all inputs.
Read input token from inputA with value 9.0
Checking for deadlock:
There are 2 Blocked actors, 0 Stopped actors, and 3 active threads.
Waiting for actors to stop.
Sent output token with value 9.0
Checking for deadlock:
There are 1 Blocked actors, 0 Stopped actors, and 3 active threads.
Waiting for actors to stop.
Next port to read input from is inputB
Called postfire()
Called prefire()
Called fire()
Called prefire()
Called fire()
Past the end of training data. Read and discard all inputs.
Read input token from inputB with value 10.5
Checking for deadlock:
Called postfire()
Called prefire()
Called fire()
There are 1 Blocked actors, 0 Stopped actors, and 3 active threads.
Waiting for actors to stop.
Checking for deadlock:
There are 2 Blocked actors, 0 Stopped actors, and 3 active threads.
Waiting for actors to stop.
Checking for deadlock:
Sent output token with value 9.0
There are 1 Blocked actors, 0 Stopped actors, and 3 active threads.
Waiting for actors to stop.
Called prefire()
Called fire()
Next port to read input from is inputA
Called postfire()
Past the end of training data. Read and discard all inputs.
Called prefire()
Called fire()
Checking for deadlock:
There are 2 Blocked actors, 0 Stopped actors, and 3 active threads.
Waiting for actors to stop.
Checking for deadlock:
There are 3 Blocked actors, 0 Stopped actors, and 3 active threads.
Actors have stopped.
Checking for deadlock:
There are 3 Blocked actors, 0 Stopped actors, and 3 active threads.
Deadlock detected.
Resolving Deadlock
Checking for deadlock:
There are 3 Blocked actors, 0 Stopped actors, and 3 active threads.
Artificial Deadlock - increasing queue capacity.
increasing the capacity of receiver ptolemy.actor.TypedIOPort {.top.OrderedMerge.inputB} to 2
-- Thread wrapup() called.
Called wrapup()
Thread .top.Ramp2 is exiting.
-- Thread stopped.
Director: Called postfire().
Called postfire().
_stopRequested = false
_stopFireRequested = false
Returning from postfire(): true
Called fire().
Checking for deadlock:
There are 2 Blocked actors, 0 Stopped actors, and 2 active threads.
Actors have stopped.
Checking for deadlock:
There are 2 Blocked actors, 0 Stopped actors, and 2 active threads.
Deadlock detected.
Resolving Deadlock
Checking for deadlock:
There are 2 Blocked actors, 0 Stopped actors, and 2 active threads.
Deadlock detected: no processes blocked on write, but some are blocked on read.
Called postfire().
_stopRequested = false
_stopFireRequested = false
Returning from postfire(): false
Finished deactivating branches.
Called wrapup().
-- Thread wrapup() called.
-- Thread wrapup() called.
Called wrapup()
Called wrapup()
Thread .top.OrderedMerge is exiting.
-- Thread stopped.
-- Blocked Receiver call threw TerminateProcessException.
Thread .top.Test is exiting.
-- Thread stopped.
-- Blocked Receiver call threw TerminateProcessException.
71 ms. Memory: 129024K Free: 91212K (71%)
.top. Preinitializing ...
Invoking preinitialize():  .top.OrderedMerge
Called preinitialize()
Invoking preinitialize():  .top.Ramp
Called preinitialize()
Invoking preinitialize():  .top.Ramp2
Called preinitialize()
Invoking preinitialize():  .top.Test
Called preinitialize()
.top. Finished preinitialize().
Called initialize().
Invoking initialize():  .top.OrderedMerge
Initializing actor: .top.OrderedMerge
Adding a thread: .top.OrderedMerge
Invoking initialize():  .top.Ramp
Initializing actor: .top.Ramp
Adding a thread: .top.Ramp
Invoking initialize():  .top.Ramp2
Initializing actor: .top.Ramp2
Adding a thread: .top.Ramp2
Invoking initialize():  .top.Test
Initializing actor: .top.Test
Adding a thread: .top.Test
-- Starting thread.
Called initialize()
Called prefire()
Called fire()
Called postfire()
Called prefire()
Called fire()
-- Starting thread.
Called initialize()
Called prefire()
Called fire()
Called postfire()
Called prefire()
Called fire()
Called fire().
Checking for deadlock:
There are 2 Blocked actors, 0 Stopped actors, and 4 active threads.
Waiting for actors to stop.
-- Starting thread.
Called initialize()
Called prefire()
Called fire()
Checking for deadlock:
There are 3 Blocked actors, 0 Stopped actors, and 4 active threads.
Waiting for actors to stop.
-- Starting thread.
Called initialize()
Called prefire()
Called fire()
Checking for deadlock:
There are 2 Blocked actors, 0 Stopped actors, and 4 active threads.
Waiting for actors to stop.
Called postfire()
Called prefire()
Called fire()
Checking for deadlock:
There are 3 Blocked actors, 0 Stopped actors, and 4 active threads.
Waiting for actors to stop.
Read input token from inputA with value 0.0
Next port to read input from is inputB
Called postfire()
Called prefire()
Called fire()
Called postfire()
Called prefire()
Called fire()
Checking for deadlock:
There are 3 Blocked actors, 0 Stopped actors, and 4 active threads.
Waiting for actors to stop.
Read input token from inputB with value 0.0
-- Read input: 0.0, which is expected to match: 0.0
Called prefire()
Called fire()
Checking for deadlock:
There are 3 Blocked actors, 0 Stopped actors, and 4 active threads.
Waiting for actors to stop.
Sent output token with value 0.0
Next port to read input from is inputA
Called postfire()
Called prefire()
Called fire()
Checking for deadlock:
There are 2 Blocked actors, 0 Stopped actors, and 4 active threads.
Waiting for actors to stop.
Called postfire()
Called prefire()
Called fire()
Checking for deadlock:
There are 3 Blocked actors, 0 Stopped actors, and 4 active threads.
Waiting for actors to stop.
Read input token from inputA with value 1.0
Checking for deadlock:
There are 2 Blocked actors, 0 Stopped actors, and 4 active threads.
Waiting for actors to stop.
-- Read input: 0.0, which is expected to match: 0.0
Called prefire()
Called fire()
Checking for deadlock:
There are 3 Blocked actors, 0 Stopped actors, and 4 active threads.
Waiting for actors to stop.
Sent output token with value 0.0
Next port to read input from is inputB
Called postfire()
Called prefire()
Called fire()
Checking for deadlock:
There are 2 Blocked actors, 0 Stopped actors, and 4 active threads.
Waiting for actors to stop.
Called postfire()
Called prefire()
Called fire()
Checking for deadlock:
There are 3 Blocked actors, 0 Stopped actors, and 4 active threads.
Waiting for actors to stop.
Read input token from inputB with value 1.5
Checking for deadlock:
There are 2 Blocked actors, 0 Stopped actors, and 4 active threads.
Waiting for actors to stop.
-- Read input: 1.0, which is expected to match: 1.0
Called prefire()
Called fire()
Checking for deadlock:
There are 3 Blocked actors, 0 Stopped actors, and 4 active threads.
Waiting for actors to stop.
Sent output token with value 1.0
Next port to read input from is inputA
Called postfire()
Called prefire()
Called fire()
Checking for deadlock:
There are 2 Blocked actors, 0 Stopped actors, and 4 active threads.
Waiting for actors to stop.
Called postfire()
Called prefire()
Called fire()
Checking for deadlock:
There are 3 Blocked actors, 0 Stopped actors, and 4 active threads.
Waiting for actors to stop.
Read input token from inputA with value 2.0
Checking for deadlock:
There are 2 Blocked actors, 0 Stopped actors, and 4 active threads.
Waiting for actors to stop.
-- Read input: 1.5, which is expected to match: 1.5
Called prefire()
Called fire()
Checking for deadlock:
There are 3 Blocked actors, 0 Stopped actors, and 4 active threads.
Waiting for actors to stop.
Sent output token with value 1.5
Next port to read input from is inputB
Called postfire()
Called prefire()
Called fire()
Called postfire()
Called prefire()
Called fire()
Checking for deadlock:
There are 3 Blocked actors, 0 Stopped actors, and 4 active threads.
Waiting for actors to stop.
Read input token from inputB with value 3.0
-- Read input: 2.0, which is expected to match: 2.0
Called prefire()
Called fire()
Checking for deadlock:
There are 3 Blocked actors, 0 Stopped actors, and 4 active threads.
Waiting for actors to stop.
Sent output token with value 2.0
Next port to read input from is inputA
Called postfire()
Called prefire()
Called fire()
Checking for deadlock:
There are 2 Blocked actors, 0 Stopped actors, and 4 active threads.
Waiting for actors to stop.
Called postfire()
Called prefire()
Called fire()
Checking for deadlock:
There are 3 Blocked actors, 0 Stopped actors, and 4 active threads.
Waiting for actors to stop.
Read input token from inputA with value 3.0
Checking for deadlock:
There are 2 Blocked actors, 0 Stopped actors, and 4 active threads.
Waiting for actors to stop.
-- Read input: 3.0, which is expected to match: 3.0
Called prefire()
Called fire()
Checking for deadlock:
There are 3 Blocked actors, 0 Stopped actors, and 4 active threads.
Waiting for actors to stop.
Sent output token with value 3.0
Next port to read input from is inputB
Called postfire()
Called prefire()
Called fire()
Checking for deadlock:
There are 2 Blocked actors, 0 Stopped actors, and 4 active threads.
Waiting for actors to stop.
Called postfire()
Called prefire()
Called fire()
Checking for deadlock:
There are 3 Blocked actors, 0 Stopped actors, and 4 active threads.
Waiting for actors to stop.
Read input token from inputB with value 4.5
Checking for deadlock:
There are 2 Blocked actors, 0 Stopped actors, and 4 active threads.
Waiting for actors to stop.
-- Read input: 3.0, which is expected to match: 3.0
Called prefire()
Called fire()
Checking for deadlock:
There are 3 Blocked actors, 0 Stopped actors, and 4 active threads.
Waiting for actors to stop.
Sent output token with value 3.0
Next port to read input from is inputA
Called postfire()
Called prefire()
Called fire()
Called postfire()
Called prefire()
Called fire()
Checking for deadlock:
There are 3 Blocked actors, 0 Stopped actors, and 4 active threads.
Waiting for actors to stop.
Read input token from inputA with value 4.0
-- Read input: 4.0, which is expected to match: 4.0
Called prefire()
Called fire()
Past the end of training data. Read and discard all inputs.
Checking for deadlock:
There are 3 Blocked actors, 0 Stopped actors, and 4 active threads.
Waiting for actors to stop.
Sent output token with value 4.0
Next port to read input from is inputA
Called postfire()
Called prefire()
Called fire()
Called postfire()
Called prefire()
Called fire()
Checking for deadlock:
There are 3 Blocked actors, 0 Stopped actors, and 4 active threads.
Waiting for actors to stop.
Read input token from inputA with value 5.0
Called prefire()
Called fire()
Past the end of training data. Read and discard all inputs.
Checking for deadlock:
There are 3 Blocked actors, 0 Stopped actors, and 4 active threads.
Waiting for actors to stop.
Sent output token with value 4.5
Next port to read input from is inputB
Called postfire()
Called prefire()
Called fire()
Checking for deadlock:
Called postfire()
There are 2 Blocked actors, 0 Stopped actors, and 4 active threads.
Called prefire()
Called fire()
Waiting for actors to stop.
Checking for deadlock:
There are 3 Blocked actors, 0 Stopped actors, and 4 active threads.
Waiting for actors to stop.
Read input token from inputB with value 6.0
Sent output token with value 5.0
Checking for deadlock:
There are 2 Blocked actors, 0 Stopped actors, and 4 active threads.
Waiting for actors to stop.
Called prefire()
Called fire()
Past the end of training data. Read and discard all inputs.
Checking for deadlock:
There are 3 Blocked actors, 0 Stopped actors, and 4 active threads.
Waiting for actors to stop.
Next port to read input from is inputA
Called postfire()
Called prefire()
Called fire()
Checking for deadlock:
There are 2 Blocked actors, 0 Stopped actors, and 4 active threads.
Waiting for actors to stop.
Called postfire()
Called prefire()
Called fire()
Checking for deadlock:
There are 3 Blocked actors, 0 Stopped actors, and 4 active threads.
Waiting for actors to stop.
Read input token from inputA with value 6.0
Checking for deadlock:
There are 2 Blocked actors, 0 Stopped actors, and 4 active threads.
Waiting for actors to stop.
Called prefire()
Called fire()
Past the end of training data. Read and discard all inputs.
Sent output token with value 6.0
Checking for deadlock:
There are 3 Blocked actors, 0 Stopped actors, and 4 active threads.
Waiting for actors to stop.
Next port to read input from is inputB
Called postfire()
Called prefire()
Called fire()
Checking for deadlock:
There are 2 Blocked actors, 0 Stopped actors, and 4 active threads.
Waiting for actors to stop.
Called postfire()
Read input token from inputB with value 7.5
Called prefire()
Called fire()
Checking for deadlock:
There are 2 Blocked actors, 0 Stopped actors, and 4 active threads.
Waiting for actors to stop.
Called prefire()
Called fire()
Past the end of training data. Read and discard all inputs.
Checking for deadlock:
There are 3 Blocked actors, 0 Stopped actors, and 4 active threads.
Waiting for actors to stop.
Sent output token with value 6.0
Next port to read input from is inputA
Called postfire()
Called prefire()
Called fire()
Read input token from inputA with value 7.0
Checking for deadlock:
Called postfire()
There are 1 Blocked actors, 0 Stopped actors, and 4 active threads.
Waiting for actors to stop.
Called prefire()
Called fire()
Sent output token with value 7.0
Next port to read input from is inputA
Called postfire()
Checking for deadlock:
There are 2 Blocked actors, 0 Stopped actors, and 4 active threads.
Waiting for actors to stop.
Called prefire()
Called fire()
Past the end of training data. Read and discard all inputs.
Called prefire()
Called fire()
Checking for deadlock:
There are 2 Blocked actors, 0 Stopped actors, and 4 active threads.
Waiting for actors to stop.
Read input token from inputA with value 8.0
-- Thread wrapup() called.
Called wrapup()
Thread .top.Ramp is exiting.
-- Thread stopped.
Sent output token with value 7.5
Next port to read input from is inputB
Called postfire()
Called prefire()
Called fire()
Read input token from inputB with value 9.0
Called prefire()
Called fire()
Called postfire()
Checking for deadlock:
There are 0 Blocked actors, 0 Stopped actors, and 3 active threads.
Waiting for actors to stop.
Sent output token with value 8.0
Next port to read input from is inputA
Called postfire()
Called prefire()
Called fire()
Read input token from inputA with value 9.0
Checking for deadlock:
There are 1 Blocked actors, 0 Stopped actors, and 3 active threads.
Waiting for actors to stop.
Past the end of training data. Read and discard all inputs.
Called prefire()
Called fire()
Called prefire()
Called fire()
Past the end of training data. Read and discard all inputs.
Sent output token with value 9.0
Next port to read input from is inputB
Called postfire()
Called prefire()
Called fire()
Read input token from inputB with value 10.5
Checking for deadlock:
There are 1 Blocked actors, 0 Stopped actors, and 3 active threads.
Waiting for actors to stop.
Called prefire()
Called fire()
Past the end of training data. Read and discard all inputs.
Called postfire()
Called prefire()
Called fire()
Sent output token with value 9.0
Next port to read input from is inputA
Called postfire()
Called prefire()
Called fire()
Checking for deadlock:
There are 2 Blocked actors, 0 Stopped actors, and 3 active threads.
Waiting for actors to stop.
Called prefire()
Called fire()
Past the end of training data. Read and discard all inputs.
Checking for deadlock:
There are 3 Blocked actors, 0 Stopped actors, and 3 active threads.
Actors have stopped.
Checking for deadlock:
There are 3 Blocked actors, 0 Stopped actors, and 3 active threads.
Deadlock detected.
Resolving Deadlock
Checking for deadlock:
There are 3 Blocked actors, 0 Stopped actors, and 3 active threads.
Artificial Deadlock - increasing queue capacity.
increasing the capacity of receiver ptolemy.actor.TypedIOPort {.top.OrderedMerge.inputB} to 2
Director: Called postfire().
Called postfire().
_stopRequested = false
_stopFireRequested = false
Returning from postfire(): true
Called fire().
Checking for deadlock:
There are 2 Blocked actors, 0 Stopped actors, and 3 active threads.
Waiting for actors to stop.
-- Thread wrapup() called.
Called wrapup()
Thread .top.Ramp2 is exiting.
-- Thread stopped.
Checking for deadlock:
There are 2 Blocked actors, 0 Stopped actors, and 2 active threads.
Actors have stopped.
Checking for deadlock:
There are 2 Blocked actors, 0 Stopped actors, and 2 active threads.
Deadlock detected.
Resolving Deadlock
Checking for deadlock:
There are 2 Blocked actors, 0 Stopped actors, and 2 active threads.
Deadlock detected: no processes blocked on write, but some are blocked on read.
Called postfire().
_stopRequested = false
_stopFireRequested = false
Returning from postfire(): false
Finished deactivating branches.
Called wrapup().
-- Thread wrapup() called.
Called wrapup()
Thread .top.OrderedMerge is exiting.
-- Thread stopped.
-- Blocked Receiver call threw TerminateProcessException.
-- Thread wrapup() called.
Called wrapup()
Thread .top.Test is exiting.
-- Thread stopped.
-- Blocked Receiver call threw TerminateProcessException.
43 ms. Memory: 129024K Free: 89164K (69%)
/home/travis/build/icyphy/ptII/ptolemy/actor/lib/test/Publisher.tcl
15 ms. Memory: 129024K Free: 83020K (64%)
23 ms. Memory: 129024K Free: 77386K (60%)
3 ms. Memory: 129024K Free: 73802K (57%)
4 ms. Memory: 129024K Free: 72780K (56%)
3 ms. Memory: 129024K Free: 72260K (56%)
3 ms. Memory: 129024K Free: 71228K (55%)
2 ms. Memory: 129024K Free: 70204K (54%)
4 ms. Memory: 129024K Free: 69708K (54%)
33 ms. Memory: 129024K Free: 111816K (87%)
7 ms. Memory: 129024K Free: 108200K (84%)
4 ms. Memory: 129024K Free: 107206K (83%)
6 ms. Memory: 129024K Free: 105152K (81%)
14 ms. Memory: 129024K Free: 97480K (76%)
14 ms. Memory: 129024K Free: 87720K (68%)
16 ms. Memory: 129024K Free: 77000K (60%)
/home/travis/build/icyphy/ptII/ptolemy/actor/lib/test/Pulse.tcl
3 ms. Memory: 155648K Free: 130151K (84%)
3 ms. Memory: 155648K Free: 129607K (83%)
2 ms. Memory: 155648K Free: 129127K (83%)
2 ms. Memory: 155648K Free: 128613K (83%)
2 ms. Memory: 155648K Free: 128103K (82%)
7 ms. Memory: 155648K Free: 127079K (82%)
3 ms. Memory: 155648K Free: 126055K (81%)
2 ms. Memory: 155648K Free: 125031K (80%)
2 ms. Memory: 155648K Free: 124511K (80%)
/home/travis/build/icyphy/ptII/ptolemy/actor/lib/test/Ramp.tcl
3 ms. Memory: 155648K Free: 122455K (79%)
2 ms. Memory: 155648K Free: 121959K (78%)
4 ms. Memory: 155648K Free: 120935K (78%)
2 ms. Memory: 155648K Free: 120407K (77%)
11 ms. Memory: 155648K Free: 119397K (77%)
12 ms. Memory: 155648K Free: 118373K (76%)
9 ms. Memory: 155648K Free: 117863K (76%)
5 actors
9000 microseconds per iteration to create
12 ms. Memory: 155648K Free: 114791K (74%)
2 ms. Memory: 155648K Free: 114263K (73%)
6 ms. Memory: 155648K Free: 113767K (73%)
8 ms. Memory: 155648K Free: 113239K (73%)
50 actors
44000 microseconds per iteration to create
47 ms. Memory: 155648K Free: 97383K (63%)
14 ms. Memory: 155648K Free: 96359K (62%)
13 ms. Memory: 155648K Free: 95335K (61%)
10 ms. Memory: 155648K Free: 94311K (61%)
500 actors
1356000 microseconds per iteration to create
221 ms. Memory: 155648K Free: 89684K (58%)
37 ms. Memory: 155648K Free: 84564K (54%)
38 ms. Memory: 155648K Free: 78930K (51%)
45 ms. Memory: 155648K Free: 73780K (47%)
/home/travis/build/icyphy/ptII/ptolemy/actor/lib/test/RampContinuous.tcl
7 ms. Memory: 155648K Free: 72276K (46%)
/home/travis/build/icyphy/ptII/ptolemy/actor/lib/test/RecordAssembler.tcl
6 ms. Memory: 155648K Free: 70732K (45%)
5 ms. Memory: 155648K Free: 69708K (45%)
/home/travis/build/icyphy/ptII/ptolemy/actor/lib/test/RecordDisassembler.tcl
13 ms. Memory: 155648K Free: 68180K (44%)
5 ms. Memory: 155648K Free: 67652K (43%)
4 ms. Memory: 155648K Free: 66132K (42%)
/home/travis/build/icyphy/ptII/ptolemy/actor/lib/test/Scale.tcl
3 ms. Memory: 155648K Free: 64580K (41%)
2 ms. Memory: 155648K Free: 63556K (41%)
2 ms. Memory: 155648K Free: 63060K (41%)
2 ms. Memory: 155648K Free: 62036K (40%)
3 ms. Memory: 155648K Free: 61012K (39%)
/home/travis/build/icyphy/ptII/ptolemy/actor/lib/test/SequentialClock.tcl
preinitializing
resolving types
initializing
executing number 1
wrapping up
idle
3 ms. Memory: 155648K Free: 59988K (39%)
Completed execution with 5 iterations
preinitializing
resolving types
initializing
executing number 1
wrapping up
idle
2 ms. Memory: 155648K Free: 59474K (38%)
Completed execution with 5 iterations
preinitializing
resolving types
initializing
executing number 1
wrapping up
idle
2 ms. Memory: 155648K Free: 58964K (38%)
Completed execution with 5 iterations
/home/travis/build/icyphy/ptII/ptolemy/actor/lib/test/SetVariable.tcl
5 ms. Memory: 155648K Free: 56916K (37%)
/home/travis/build/icyphy/ptII/ptolemy/actor/lib/test/Sinewave.tcl
/home/travis/build/icyphy/ptII/ptolemy/actor/lib/test/SubscriptionAggregator.tcl
9 ms. Memory: 155648K Free: 125263K (80%)
2 ms. Memory: 155648K Free: 124735K (80%)
1 ms. Memory: 155648K Free: 124239K (80%)
0 ms. Memory: 155648K Free: 123725K (79%)
1 ms. Memory: 155648K Free: 120143K (77%)
9 ms. Memory: 155648K Free: 117581K (76%)
...............................................................968 ms. Memory: 273408K Free: 178695K (65%)
/home/travis/build/icyphy/ptII/ptolemy/actor/lib/test/Test.tcl
 The next command will produce a warning about training mode,
   which may be ignored.
6 ms. Memory: 273408K Free: 176637K (65%)
3 ms. Memory: 273408K Free: 175613K (64%)
2 ms. Memory: 273408K Free: 175118K (64%)
2 ms. Memory: 273408K Free: 174589K (64%)
2 ms. Memory: 273408K Free: 174094K (64%)
4 ms. Memory: 273408K Free: 172556K (63%)
3 ms. Memory: 273408K Free: 171525K (63%)
 The next command will produce a warning about training mode,
   which may be ignored.
5 ms. Memory: 273408K Free: 168974K (62%)
 The next command will produce a warning about training mode,
   which may be ignored.
3 ms. Memory: 273408K Free: 167950K (61%)
1 ms. Memory: 273408K Free: 167436K (61%)
1 ms. Memory: 273408K Free: 166926K (61%)
3 ms. Memory: 273408K Free: 166405K (61%)
15 ms. Memory: 273408K Free: 165388K (60%)
4 ms. Memory: 273408K Free: 161806K (59%)
/home/travis/build/icyphy/ptII/ptolemy/actor/lib/test/TestExceptionHandler.tcl
 The next command will produce a warning about training mode,
   which may be ignored.
2 ms. Memory: 273408K Free: 160268K (59%)
1 ms. Memory: 273408K Free: 159758K (58%)
1 ms. Memory: 273408K Free: 159237K (58%)
/home/travis/build/icyphy/ptII/ptolemy/actor/lib/test/UnionDisassembler.tcl
24 ms. Memory: 273408K Free: 152061K (56%)
/home/travis/build/icyphy/ptII/ptolemy/actor/lib/test/VariableClock.tcl
preinitializing
resolving types
initializing
executing number 1
wrapping up
idle
9 ms. Memory: 273408K Free: 150013K (55%)
Completed execution with 11 iterations
preinitializing
resolving types
initializing
executing number 1
wrapping up
idle
5 ms. Memory: 273408K Free: 148494K (54%)
Completed execution with 10 iterations
02/23/20 07:08:28
Failed: 0  Total Tests: 233  ((Passed: 233, Newly Passed: 0)  Known Failed: 0) /home/travis/build/icyphy/ptII/ptolemy/actor/lib/test
----------------- testing (KnownFailure) /home/travis/build/icyphy/ptII/ptolemy/actor/lib/test/auto/knownFailedTests/PublisherPortToplevelSubscriber.xml
0 ms. Memory: 273408K Free: 145422K (53%)
Known Failure: java.lang.reflect.InvocationTargetException
----------------- testing (KnownFailure) /home/travis/build/icyphy/ptII/ptolemy/actor/lib/test/auto/knownFailedTests/PublisherSubscriberPortToplevel.xml
0 ms. Memory: 273408K Free: 141836K (52%)
Known Failure: java.lang.reflect.InvocationTargetException
----------------- testing (KnownFailure) /home/travis/build/icyphy/ptII/ptolemy/actor/lib/test/auto/knownFailedTests/PublisherSubscriptionAggregatorPort.xml
0 ms. Memory: 273408K Free: 137230K (50%)
Known Failure: java.lang.reflect.InvocationTargetException
----------------- testing (KnownFailure) /home/travis/build/icyphy/ptII/ptolemy/actor/lib/test/auto/knownFailedTests/sizedarray3.xml
4 ms. Memory: 273408K Free: 132620K (49%)
Known Failure: java.lang.reflect.InvocationTargetException
No auto/linux-amd64/*.xml tests in /home/travis/build/icyphy/ptII/ptolemy/actor/lib/test
AutoTests.java: About to close Vertx.
AutoTests.java: Vertx closed.

===========================================================================================
----------------- testing Sun Feb 23 07:08:28 UTC 2020 /home/travis/build/icyphy/ptII/ptolemy/actor/lib/test/auto/AbsoluteValue.xml
----------------- Instantiating /home/travis/build/icyphy/ptII/ptolemy/actor/lib/test/auto/AbsoluteValue.xml
27 ms. Memory: 273408K Free: 109582K (40%)
----------------- Invoking toplevel() on ptolemy.moml.MoMLSimpleApplication@53344968
----------------- Done invoking toplevel() on ptolemy.moml.MoMLSimpleApplication@53344968
reloadAllAccessors: .AbsoluteValue

===========================================================================================
----------------- testing Sun Feb 23 07:08:28 UTC 2020 /home/travis/build/icyphy/ptII/ptolemy/actor/lib/test/auto/AbsoluteValue2.xml
----------------- Instantiating /home/travis/build/icyphy/ptII/ptolemy/actor/lib/test/auto/AbsoluteValue2.xml
8 ms. Memory: 273408K Free: 224275K (82%)
----------------- Invoking toplevel() on ptolemy.moml.MoMLSimpleApplication@163fed3f
----------------- Done invoking toplevel() on ptolemy.moml.MoMLSimpleApplication@163fed3f
reloadAllAccessors: .AbsoluteValue2

===========================================================================================
----------------- testing Sun Feb 23 07:08:28 UTC 2020 /home/travis/build/icyphy/ptII/ptolemy/actor/lib/test/auto/Accumulator.xml
----------------- Instantiating /home/travis/build/icyphy/ptII/ptolemy/actor/lib/test/auto/Accumulator.xml
6 ms. Memory: 273408K Free: 217617K (80%)
----------------- Invoking toplevel() on ptolemy.moml.MoMLSimpleApplication@7ec16961
----------------- Done invoking toplevel() on ptolemy.moml.MoMLSimpleApplication@7ec16961
reloadAllAccessors: .Accumulator

===========================================================================================
----------------- testing Sun Feb 23 07:08:28 UTC 2020 /home/travis/build/icyphy/ptII/ptolemy/actor/lib/test/auto/Accumulator2.xml
----------------- Instantiating /home/travis/build/icyphy/ptII/ptolemy/actor/lib/test/auto/Accumulator2.xml
2 ms. Memory: 273408K Free: 212497K (78%)
----------------- Invoking toplevel() on ptolemy.moml.MoMLSimpleApplication@1714ee2d
----------------- Done invoking toplevel() on ptolemy.moml.MoMLSimpleApplication@1714ee2d
reloadAllAccessors: .Accumulator2

===========================================================================================
----------------- testing Sun Feb 23 07:08:28 UTC 2020 /home/travis/build/icyphy/ptII/ptolemy/actor/lib/test/auto/Accumulator3.xml
----------------- Instantiating /home/travis/build/icyphy/ptII/ptolemy/actor/lib/test/auto/Accumulator3.xml
2 ms. Memory: 273408K Free: 207891K (76%)
----------------- Invoking toplevel() on ptolemy.moml.MoMLSimpleApplication@4b963f10
----------------- Done invoking toplevel() on ptolemy.moml.MoMLSimpleApplication@4b963f10
reloadAllAccessors: .Accumulator3

===========================================================================================
----------------- testing Sun Feb 23 07:08:28 UTC 2020 /home/travis/build/icyphy/ptII/ptolemy/actor/lib/test/auto/ArrayAppend.xml
----------------- Instantiating /home/travis/build/icyphy/ptII/ptolemy/actor/lib/test/auto/ArrayAppend.xml
4 ms. Memory: 273408K Free: 201747K (74%)
----------------- Invoking toplevel() on ptolemy.moml.MoMLSimpleApplication@1663f72
----------------- Done invoking toplevel() on ptolemy.moml.MoMLSimpleApplication@1663f72
reloadAllAccessors: .ArrayAppend

===========================================================================================
----------------- testing Sun Feb 23 07:08:28 UTC 2020 /home/travis/build/icyphy/ptII/ptolemy/actor/lib/test/auto/ArrayAppend2.xml
----------------- Instantiating /home/travis/build/icyphy/ptII/ptolemy/actor/lib/test/auto/ArrayAppend2.xml
269 ms. Memory: 273408K Free: 118803K (43%)
----------------- Invoking toplevel() on ptolemy.moml.MoMLSimpleApplication@7b45b700
----------------- Done invoking toplevel() on ptolemy.moml.MoMLSimpleApplication@7b45b700
reloadAllAccessors: .ArrayAppend2

===========================================================================================
----------------- testing Sun Feb 23 07:08:29 UTC 2020 /home/travis/build/icyphy/ptII/ptolemy/actor/lib/test/auto/ArrayAppend3.xml
----------------- Instantiating /home/travis/build/icyphy/ptII/ptolemy/actor/lib/test/auto/ArrayAppend3.xml
5 ms. Memory: 273408K Free: 113683K (42%)
----------------- Invoking toplevel() on ptolemy.moml.MoMLSimpleApplication@6bff82e3
----------------- Done invoking toplevel() on ptolemy.moml.MoMLSimpleApplication@6bff82e3
reloadAllAccessors: .ArrayAppend3

===========================================================================================
----------------- testing Sun Feb 23 07:08:29 UTC 2020 /home/travis/build/icyphy/ptII/ptolemy/actor/lib/test/auto/ArrayAppend4.xml
----------------- Instantiating /home/travis/build/icyphy/ptII/ptolemy/actor/lib/test/auto/ArrayAppend4.xml
2 ms. Memory: 273408K Free: 108563K (40%)
----------------- Invoking toplevel() on ptolemy.moml.MoMLSimpleApplication@4802e382
----------------- Done invoking toplevel() on ptolemy.moml.MoMLSimpleApplication@4802e382
reloadAllAccessors: .ArrayAppend4

===========================================================================================
----------------- testing Sun Feb 23 07:08:29 UTC 2020 /home/travis/build/icyphy/ptII/ptolemy/actor/lib/test/auto/ArrayAppend5.xml
----------------- Instantiating /home/travis/build/icyphy/ptII/ptolemy/actor/lib/test/auto/ArrayAppend5.xml
4 ms. Memory: 273408K Free: 102929K (38%)
----------------- Invoking toplevel() on ptolemy.moml.MoMLSimpleApplication@78f04aa4
----------------- Done invoking toplevel() on ptolemy.moml.MoMLSimpleApplication@78f04aa4
reloadAllAccessors: .ArrayAppend5

===========================================================================================
----------------- testing Sun Feb 23 07:08:29 UTC 2020 /home/travis/build/icyphy/ptII/ptolemy/actor/lib/test/auto/ArrayAppend6.xml
----------------- Instantiating /home/travis/build/icyphy/ptII/ptolemy/actor/lib/test/auto/ArrayAppend6.xml
3 ms. Memory: 273408K Free: 97809K (36%)
----------------- Invoking toplevel() on ptolemy.moml.MoMLSimpleApplication@3621595
----------------- Done invoking toplevel() on ptolemy.moml.MoMLSimpleApplication@3621595
reloadAllAccessors: .ArrayAppend6

===========================================================================================
----------------- testing Sun Feb 23 07:08:29 UTC 2020 /home/travis/build/icyphy/ptII/ptolemy/actor/lib/test/auto/ArrayAppendPerformanceTest.xml
----------------- Instantiating /home/travis/build/icyphy/ptII/ptolemy/actor/lib/test/auto/ArrayAppendPerformanceTest.xml
67 ms. Memory: 273408K Free: 222431K (81%)
----------------- Invoking toplevel() on ptolemy.moml.MoMLSimpleApplication@78c32565
----------------- Done invoking toplevel() on ptolemy.moml.MoMLSimpleApplication@78c32565
reloadAllAccessors: .ArrayAppendPerformanceTest

===========================================================================================
----------------- testing Sun Feb 23 07:08:29 UTC 2020 /home/travis/build/icyphy/ptII/ptolemy/actor/lib/test/auto/ArrayAppendWithEmptyInput.xml
----------------- Instantiating /home/travis/build/icyphy/ptII/ptolemy/actor/lib/test/auto/ArrayAppendWithEmptyInput.xml
13 ms. Memory: 273408K Free: 214033K (78%)
----------------- Invoking toplevel() on ptolemy.moml.MoMLSimpleApplication@3e42fbc3
----------------- Done invoking toplevel() on ptolemy.moml.MoMLSimpleApplication@3e42fbc3
reloadAllAccessors: .ArrayAppendWithEmptyInput

===========================================================================================
----------------- testing Sun Feb 23 07:08:29 UTC 2020 /home/travis/build/icyphy/ptII/ptolemy/actor/lib/test/auto/ArrayAverage.xml
----------------- Instantiating /home/travis/build/icyphy/ptII/ptolemy/actor/lib/test/auto/ArrayAverage.xml
7 ms. Memory: 273408K Free: 205841K (75%)
----------------- Invoking toplevel() on ptolemy.moml.MoMLSimpleApplication@3c7abcdc
----------------- Done invoking toplevel() on ptolemy.moml.MoMLSimpleApplication@3c7abcdc
reloadAllAccessors: .ArrayAverage

===========================================================================================
----------------- testing Sun Feb 23 07:08:29 UTC 2020 /home/travis/build/icyphy/ptII/ptolemy/actor/lib/test/auto/ArrayContains.xml
----------------- Instantiating /home/travis/build/icyphy/ptII/ptolemy/actor/lib/test/auto/ArrayContains.xml
12 ms. Memory: 273408K Free: 200211K (73%)
----------------- Invoking toplevel() on ptolemy.moml.MoMLSimpleApplication@104fca89
----------------- Done invoking toplevel() on ptolemy.moml.MoMLSimpleApplication@104fca89
reloadAllAccessors: .ArrayContains

===========================================================================================
----------------- testing Sun Feb 23 07:08:29 UTC 2020 /home/travis/build/icyphy/ptII/ptolemy/actor/lib/test/auto/ArrayElement.xml
----------------- Instantiating /home/travis/build/icyphy/ptII/ptolemy/actor/lib/test/auto/ArrayElement.xml
11 ms. Memory: 273408K Free: 194577K (71%)
----------------- Invoking toplevel() on ptolemy.moml.MoMLSimpleApplication@6a800d8c
----------------- Done invoking toplevel() on ptolemy.moml.MoMLSimpleApplication@6a800d8c
reloadAllAccessors: .ArrayElement

===========================================================================================
----------------- testing Sun Feb 23 07:08:29 UTC 2020 /home/travis/build/icyphy/ptII/ptolemy/actor/lib/test/auto/ArrayElementAsMatrix.xml
----------------- Instantiating /home/travis/build/icyphy/ptII/ptolemy/actor/lib/test/auto/ArrayElementAsMatrix.xml
22 ms. Memory: 273408K Free: 184337K (67%)
----------------- Invoking toplevel() on ptolemy.moml.MoMLSimpleApplication@3b42809d
----------------- Done invoking toplevel() on ptolemy.moml.MoMLSimpleApplication@3b42809d
reloadAllAccessors: .ArrayElementAsMatrix

===========================================================================================
----------------- testing Sun Feb 23 07:08:29 UTC 2020 /home/travis/build/icyphy/ptII/ptolemy/actor/lib/test/auto/ArrayElementI.xml
----------------- Instantiating /home/travis/build/icyphy/ptII/ptolemy/actor/lib/test/auto/ArrayElementI.xml
3 ms. Memory: 273408K Free: 179217K (66%)
----------------- Invoking toplevel() on ptolemy.moml.MoMLSimpleApplication@e8c81c9
----------------- Done invoking toplevel() on ptolemy.moml.MoMLSimpleApplication@e8c81c9
reloadAllAccessors: .ArrayElementI

===========================================================================================
----------------- testing Sun Feb 23 07:08:29 UTC 2020 /home/travis/build/icyphy/ptII/ptolemy/actor/lib/test/auto/ArrayExtract.xml
----------------- Instantiating /home/travis/build/icyphy/ptII/ptolemy/actor/lib/test/auto/ArrayExtract.xml
5 ms. Memory: 273408K Free: 170515K (62%)
----------------- Invoking toplevel() on ptolemy.moml.MoMLSimpleApplication@1d11c21b
----------------- Done invoking toplevel() on ptolemy.moml.MoMLSimpleApplication@1d11c21b
reloadAllAccessors: .ArrayExtract

===========================================================================================
----------------- testing Sun Feb 23 07:08:29 UTC 2020 /home/travis/build/icyphy/ptII/ptolemy/actor/lib/test/auto/ArrayExtract2.xml
----------------- Instantiating /home/travis/build/icyphy/ptII/ptolemy/actor/lib/test/auto/ArrayExtract2.xml
2 ms. Memory: 273408K Free: 165395K (60%)
----------------- Invoking toplevel() on ptolemy.moml.MoMLSimpleApplication@4684c470
----------------- Done invoking toplevel() on ptolemy.moml.MoMLSimpleApplication@4684c470
reloadAllAccessors: .ArrayExtract2

===========================================================================================
----------------- testing Sun Feb 23 07:08:29 UTC 2020 /home/travis/build/icyphy/ptII/ptolemy/actor/lib/test/auto/ArrayLength.xml
----------------- Instantiating /home/travis/build/icyphy/ptII/ptolemy/actor/lib/test/auto/ArrayLength.xml
2 ms. Memory: 273408K Free: 161299K (59%)
----------------- Invoking toplevel() on ptolemy.moml.MoMLSimpleApplication@26691f6
----------------- Done invoking toplevel() on ptolemy.moml.MoMLSimpleApplication@26691f6
reloadAllAccessors: .ArrayLength

===========================================================================================
----------------- testing Sun Feb 23 07:08:29 UTC 2020 /home/travis/build/icyphy/ptII/ptolemy/actor/lib/test/auto/ArrayLevelCrossing.xml
----------------- Instantiating /home/travis/build/icyphy/ptII/ptolemy/actor/lib/test/auto/ArrayLevelCrossing.xml
3 ms. Memory: 273408K Free: 153617K (56%)
----------------- Invoking toplevel() on ptolemy.moml.MoMLSimpleApplication@4afedc85
----------------- Done invoking toplevel() on ptolemy.moml.MoMLSimpleApplication@4afedc85
reloadAllAccessors: .ArrayLevelCrossing

===========================================================================================
----------------- testing Sun Feb 23 07:08:29 UTC 2020 /home/travis/build/icyphy/ptII/ptolemy/actor/lib/test/auto/ArrayLevelCrossing2.xml
----------------- Instantiating /home/travis/build/icyphy/ptII/ptolemy/actor/lib/test/auto/ArrayLevelCrossing2.xml
12 ms. Memory: 273408K Free: 145939K (53%)
----------------- Invoking toplevel() on ptolemy.moml.MoMLSimpleApplication@3ef00675
----------------- Done invoking toplevel() on ptolemy.moml.MoMLSimpleApplication@3ef00675
reloadAllAccessors: .ArrayLevelCrossing2

===========================================================================================
----------------- testing Sun Feb 23 07:08:29 UTC 2020 /home/travis/build/icyphy/ptII/ptolemy/actor/lib/test/auto/ArrayPeakSearch.xml
----------------- Instantiating /home/travis/build/icyphy/ptII/ptolemy/actor/lib/test/auto/ArrayPeakSearch.xml
4 ms. Memory: 273408K Free: 137233K (50%)
----------------- Invoking toplevel() on ptolemy.moml.MoMLSimpleApplication@27daf477
----------------- Done invoking toplevel() on ptolemy.moml.MoMLSimpleApplication@27daf477
reloadAllAccessors: .ArrayPeakSearch

===========================================================================================
----------------- testing Sun Feb 23 07:08:29 UTC 2020 /home/travis/build/icyphy/ptII/ptolemy/actor/lib/test/auto/ArrayPeakSearch2.xml
----------------- Instantiating /home/travis/build/icyphy/ptII/ptolemy/actor/lib/test/auto/ArrayPeakSearch2.xml
4 ms. Memory: 273408K Free: 126483K (46%)
----------------- Invoking toplevel() on ptolemy.moml.MoMLSimpleApplication@20f27a2c
----------------- Done invoking toplevel() on ptolemy.moml.MoMLSimpleApplication@20f27a2c
reloadAllAccessors: .ArrayPeakSearch2

===========================================================================================
----------------- testing Sun Feb 23 07:08:29 UTC 2020 /home/travis/build/icyphy/ptII/ptolemy/actor/lib/test/auto/ArrayPeakSearch3.xml
----------------- Instantiating /home/travis/build/icyphy/ptII/ptolemy/actor/lib/test/auto/ArrayPeakSearch3.xml
4 ms. Memory: 273408K Free: 117777K (43%)
----------------- Invoking toplevel() on ptolemy.moml.MoMLSimpleApplication@6915499d
----------------- Done invoking toplevel() on ptolemy.moml.MoMLSimpleApplication@6915499d
reloadAllAccessors: .ArrayPeakSearch3

===========================================================================================
----------------- testing Sun Feb 23 07:08:30 UTC 2020 /home/travis/build/icyphy/ptII/ptolemy/actor/lib/test/auto/ArrayRemoveElement.xml
----------------- Instantiating /home/travis/build/icyphy/ptII/ptolemy/actor/lib/test/auto/ArrayRemoveElement.xml
3 ms. Memory: 273408K Free: 109585K (40%)
----------------- Invoking toplevel() on ptolemy.moml.MoMLSimpleApplication@b696bb4
----------------- Done invoking toplevel() on ptolemy.moml.MoMLSimpleApplication@b696bb4
reloadAllAccessors: .ArrayRemoveElement

===========================================================================================
----------------- testing Sun Feb 23 07:08:30 UTC 2020 /home/travis/build/icyphy/ptII/ptolemy/actor/lib/test/auto/ArraySort.xml
----------------- Instantiating /home/travis/build/icyphy/ptII/ptolemy/actor/lib/test/auto/ArraySort.xml
5 ms. Memory: 273408K Free: 100883K (37%)
----------------- Invoking toplevel() on ptolemy.moml.MoMLSimpleApplication@ca0aa6
----------------- Done invoking toplevel() on ptolemy.moml.MoMLSimpleApplication@ca0aa6
reloadAllAccessors: .ArraySort

===========================================================================================
----------------- testing Sun Feb 23 07:08:30 UTC 2020 /home/travis/build/icyphy/ptII/ptolemy/actor/lib/test/auto/ArraySum.xml
----------------- Instantiating /home/travis/build/icyphy/ptII/ptolemy/actor/lib/test/auto/ArraySum.xml
4 ms. Memory: 273408K Free: 95249K (35%)
----------------- Invoking toplevel() on ptolemy.moml.MoMLSimpleApplication@135f346b
----------------- Done invoking toplevel() on ptolemy.moml.MoMLSimpleApplication@135f346b
reloadAllAccessors: .ArraySum

===========================================================================================
----------------- testing Sun Feb 23 07:08:30 UTC 2020 /home/travis/build/icyphy/ptII/ptolemy/actor/lib/test/auto/ArrayToElements.xml
----------------- Instantiating /home/travis/build/icyphy/ptII/ptolemy/actor/lib/test/auto/ArrayToElements.xml
6 ms. Memory: 273408K Free: 90129K (33%)
----------------- Invoking toplevel() on ptolemy.moml.MoMLSimpleApplication@2cac9ede
----------------- Done invoking toplevel() on ptolemy.moml.MoMLSimpleApplication@2cac9ede
reloadAllAccessors: .ArrayToElements

===========================================================================================
----------------- testing Sun Feb 23 07:08:30 UTC 2020 /home/travis/build/icyphy/ptII/ptolemy/actor/lib/test/auto/ArrayToMatrix.xml
----------------- Instantiating /home/travis/build/icyphy/ptII/ptolemy/actor/lib/test/auto/ArrayToMatrix.xml
9 ms. Memory: 273408K Free: 220179K (81%)
----------------- Invoking toplevel() on ptolemy.moml.MoMLSimpleApplication@3e51f3a7
----------------- Done invoking toplevel() on ptolemy.moml.MoMLSimpleApplication@3e51f3a7
reloadAllAccessors: .ArrayToMatrix

===========================================================================================
----------------- testing Sun Feb 23 07:08:30 UTC 2020 /home/travis/build/icyphy/ptII/ptolemy/actor/lib/test/auto/ArrayUpdate1.xml
----------------- Instantiating /home/travis/build/icyphy/ptII/ptolemy/actor/lib/test/auto/ArrayUpdate1.xml
6 ms. Memory: 273408K Free: 215059K (79%)
----------------- Invoking toplevel() on ptolemy.moml.MoMLSimpleApplication@1e1584fb
----------------- Done invoking toplevel() on ptolemy.moml.MoMLSimpleApplication@1e1584fb
reloadAllAccessors: .ArrayUpdate1

===========================================================================================
----------------- testing Sun Feb 23 07:08:30 UTC 2020 /home/travis/build/icyphy/ptII/ptolemy/actor/lib/test/auto/ArrayUpdate2.xml
----------------- Instantiating /home/travis/build/icyphy/ptII/ptolemy/actor/lib/test/auto/ArrayUpdate2.xml
7 ms. Memory: 273408K Free: 208915K (76%)
----------------- Invoking toplevel() on ptolemy.moml.MoMLSimpleApplication@49ddcc96
----------------- Done invoking toplevel() on ptolemy.moml.MoMLSimpleApplication@49ddcc96
reloadAllAccessors: .ArrayUpdate2

===========================================================================================
----------------- testing Sun Feb 23 07:08:30 UTC 2020 /home/travis/build/icyphy/ptII/ptolemy/actor/lib/test/auto/ArrayUpdate3.xml
----------------- Instantiating /home/travis/build/icyphy/ptII/ptolemy/actor/lib/test/auto/ArrayUpdate3.xml
4 ms. Memory: 273408K Free: 203795K (75%)
----------------- Invoking toplevel() on ptolemy.moml.MoMLSimpleApplication@181fe0f9
----------------- Done invoking toplevel() on ptolemy.moml.MoMLSimpleApplication@181fe0f9
reloadAllAccessors: .ArrayUpdate3

===========================================================================================
----------------- testing Sun Feb 23 07:08:30 UTC 2020 /home/travis/build/icyphy/ptII/ptolemy/actor/lib/test/auto/Assert1.xml
----------------- Instantiating /home/travis/build/icyphy/ptII/ptolemy/actor/lib/test/auto/Assert1.xml
5 ms. Memory: 273408K Free: 199185K (73%)
----------------- Invoking toplevel() on ptolemy.moml.MoMLSimpleApplication@a2b1c40
----------------- Done invoking toplevel() on ptolemy.moml.MoMLSimpleApplication@a2b1c40
reloadAllAccessors: .Assert1

===========================================================================================
----------------- testing Sun Feb 23 07:08:30 UTC 2020 /home/travis/build/icyphy/ptII/ptolemy/actor/lib/test/auto/Assert2.xml
----------------- Instantiating /home/travis/build/icyphy/ptII/ptolemy/actor/lib/test/auto/Assert2.xml
3 ms. Memory: 273408K Free: 194051K (71%)
----------------- Invoking toplevel() on ptolemy.moml.MoMLSimpleApplication@3a7b3bcd
----------------- Done invoking toplevel() on ptolemy.moml.MoMLSimpleApplication@3a7b3bcd
reloadAllAccessors: .Assert2

===========================================================================================
----------------- testing Sun Feb 23 07:08:30 UTC 2020 /home/travis/build/icyphy/ptII/ptolemy/actor/lib/test/auto/BooleanMultiplexor.xml
----------------- Instantiating /home/travis/build/icyphy/ptII/ptolemy/actor/lib/test/auto/BooleanMultiplexor.xml
3 ms. Memory: 273408K Free: 188435K (69%)
----------------- Invoking toplevel() on ptolemy.moml.MoMLSimpleApplication@d9e91d8
----------------- Done invoking toplevel() on ptolemy.moml.MoMLSimpleApplication@d9e91d8
reloadAllAccessors: .BooleanMultiplexor

===========================================================================================
----------------- testing Sun Feb 23 07:08:30 UTC 2020 /home/travis/build/icyphy/ptII/ptolemy/actor/lib/test/auto/BooleanMultiplexor2.xml
----------------- Instantiating /home/travis/build/icyphy/ptII/ptolemy/actor/lib/test/auto/BooleanMultiplexor2.xml
10 ms. Memory: 273408K Free: 182291K (67%)
----------------- Invoking toplevel() on ptolemy.moml.MoMLSimpleApplication@7882733a
----------------- Done invoking toplevel() on ptolemy.moml.MoMLSimpleApplication@7882733a
reloadAllAccessors: .BooleanMultiplexor2

===========================================================================================
----------------- testing Sun Feb 23 07:08:30 UTC 2020 /home/travis/build/icyphy/ptII/ptolemy/actor/lib/test/auto/BooleanMultiplexor3.xml
----------------- Instantiating /home/travis/build/icyphy/ptII/ptolemy/actor/lib/test/auto/BooleanMultiplexor3.xml
2 ms. Memory: 273408K Free: 178195K (65%)
----------------- Invoking toplevel() on ptolemy.moml.MoMLSimpleApplication@107dc2f9
----------------- Done invoking toplevel() on ptolemy.moml.MoMLSimpleApplication@107dc2f9
reloadAllAccessors: .BooleanMultiplexor3

===========================================================================================
----------------- testing Sun Feb 23 07:08:30 UTC 2020 /home/travis/build/icyphy/ptII/ptolemy/actor/lib/test/auto/BooleanSelect.xml
----------------- Instantiating /home/travis/build/icyphy/ptII/ptolemy/actor/lib/test/auto/BooleanSelect.xml
9 ms. Memory: 273408K Free: 172531K (63%)
----------------- Invoking toplevel() on ptolemy.moml.MoMLSimpleApplication@1e8c616d
----------------- Done invoking toplevel() on ptolemy.moml.MoMLSimpleApplication@1e8c616d
reloadAllAccessors: .BooleanSelect

===========================================================================================
----------------- testing Sun Feb 23 07:08:30 UTC 2020 /home/travis/build/icyphy/ptII/ptolemy/actor/lib/test/auto/BooleanSelect2.xml
----------------- Instantiating /home/travis/build/icyphy/ptII/ptolemy/actor/lib/test/auto/BooleanSelect2.xml
1 ms. Memory: 273408K Free: 167955K (61%)
----------------- Invoking toplevel() on ptolemy.moml.MoMLSimpleApplication@5d2d2c53
----------------- Done invoking toplevel() on ptolemy.moml.MoMLSimpleApplication@5d2d2c53
reloadAllAccessors: .BooleanSelect2

===========================================================================================
----------------- testing Sun Feb 23 07:08:30 UTC 2020 /home/travis/build/icyphy/ptII/ptolemy/actor/lib/test/auto/BooleanSwitch.xml
----------------- Instantiating /home/travis/build/icyphy/ptII/ptolemy/actor/lib/test/auto/BooleanSwitch.xml
8 ms. Memory: 273408K Free: 162321K (59%)
----------------- Invoking toplevel() on ptolemy.moml.MoMLSimpleApplication@71f7f1ae
----------------- Done invoking toplevel() on ptolemy.moml.MoMLSimpleApplication@71f7f1ae
reloadAllAccessors: .BooleanSwitch

===========================================================================================
----------------- testing Sun Feb 23 07:08:30 UTC 2020 /home/travis/build/icyphy/ptII/ptolemy/actor/lib/test/auto/BooleanSwitch2.xml
----------------- Instantiating /home/travis/build/icyphy/ptII/ptolemy/actor/lib/test/auto/BooleanSwitch2.xml
1 ms. Memory: 273408K Free: 157715K (58%)
----------------- Invoking toplevel() on ptolemy.moml.MoMLSimpleApplication@eb6205e
----------------- Done invoking toplevel() on ptolemy.moml.MoMLSimpleApplication@eb6205e
reloadAllAccessors: .BooleanSwitch2

===========================================================================================
----------------- testing Sun Feb 23 07:08:30 UTC 2020 /home/travis/build/icyphy/ptII/ptolemy/actor/lib/test/auto/BooleanSwitchCloningBugWithClassRelationGroup.xml
----------------- Instantiating /home/travis/build/icyphy/ptII/ptolemy/actor/lib/test/auto/BooleanSwitchCloningBugWithClassRelationGroup.xml
2 ms. Memory: 273408K Free: 151571K (55%)
----------------- Invoking toplevel() on ptolemy.moml.MoMLSimpleApplication@3f799acb
----------------- Done invoking toplevel() on ptolemy.moml.MoMLSimpleApplication@3f799acb
reloadAllAccessors: .BooleanSwitchCloningBugWithClassRelationGroup

===========================================================================================
----------------- testing Sun Feb 23 07:08:30 UTC 2020 /home/travis/build/icyphy/ptII/ptolemy/actor/lib/test/auto/BusActors.xml
----------------- Instantiating /home/travis/build/icyphy/ptII/ptolemy/actor/lib/test/auto/BusActors.xml
6 ms. Memory: 273408K Free: 143379K (52%)
----------------- Invoking toplevel() on ptolemy.moml.MoMLSimpleApplication@d6b9120
----------------- Done invoking toplevel() on ptolemy.moml.MoMLSimpleApplication@d6b9120
reloadAllAccessors: .BusActors

===========================================================================================
----------------- testing Sun Feb 23 07:08:30 UTC 2020 /home/travis/build/icyphy/ptII/ptolemy/actor/lib/test/auto/ClassWrapper.xml
----------------- Instantiating /home/travis/build/icyphy/ptII/ptolemy/actor/lib/test/auto/ClassWrapper.xml
4 ms. Memory: 273408K Free: 139283K (51%)
----------------- Invoking toplevel() on ptolemy.moml.MoMLSimpleApplication@60ae97fa
----------------- Done invoking toplevel() on ptolemy.moml.MoMLSimpleApplication@60ae97fa
reloadAllAccessors: .ClassWrapper

===========================================================================================
----------------- testing Sun Feb 23 07:08:30 UTC 2020 /home/travis/build/icyphy/ptII/ptolemy/actor/lib/test/auto/Clock.xml
----------------- Instantiating /home/travis/build/icyphy/ptII/ptolemy/actor/lib/test/auto/Clock.xml
3 ms. Memory: 273408K Free: 135187K (49%)
----------------- Invoking toplevel() on ptolemy.moml.MoMLSimpleApplication@4170a949
----------------- Done invoking toplevel() on ptolemy.moml.MoMLSimpleApplication@4170a949
reloadAllAccessors: .Clock

===========================================================================================
----------------- testing Sun Feb 23 07:08:30 UTC 2020 /home/travis/build/icyphy/ptII/ptolemy/actor/lib/test/auto/Clock10.xml
----------------- Instantiating /home/travis/build/icyphy/ptII/ptolemy/actor/lib/test/auto/Clock10.xml
4 ms. Memory: 273408K Free: 129553K (47%)
----------------- Invoking toplevel() on ptolemy.moml.MoMLSimpleApplication@60036e96
----------------- Done invoking toplevel() on ptolemy.moml.MoMLSimpleApplication@60036e96
reloadAllAccessors: .Clock10

===========================================================================================
----------------- testing Sun Feb 23 07:08:30 UTC 2020 /home/travis/build/icyphy/ptII/ptolemy/actor/lib/test/auto/Clock11.xml
----------------- Instantiating /home/travis/build/icyphy/ptII/ptolemy/actor/lib/test/auto/Clock11.xml
5 ms. Memory: 273408K Free: 123409K (45%)
----------------- Invoking toplevel() on ptolemy.moml.MoMLSimpleApplication@616fac64
----------------- Done invoking toplevel() on ptolemy.moml.MoMLSimpleApplication@616fac64
reloadAllAccessors: .Clock11

===========================================================================================
----------------- testing Sun Feb 23 07:08:30 UTC 2020 /home/travis/build/icyphy/ptII/ptolemy/actor/lib/test/auto/Clock12.xml
----------------- Instantiating /home/travis/build/icyphy/ptII/ptolemy/actor/lib/test/auto/Clock12.xml
5 ms. Memory: 273408K Free: 117779K (43%)
----------------- Invoking toplevel() on ptolemy.moml.MoMLSimpleApplication@485e22eb
----------------- Done invoking toplevel() on ptolemy.moml.MoMLSimpleApplication@485e22eb
reloadAllAccessors: .Clock12

===========================================================================================
----------------- testing Sun Feb 23 07:08:30 UTC 2020 /home/travis/build/icyphy/ptII/ptolemy/actor/lib/test/auto/Clock13.xml
----------------- Instantiating /home/travis/build/icyphy/ptII/ptolemy/actor/lib/test/auto/Clock13.xml
6 ms. Memory: 273408K Free: 111635K (41%)
----------------- Invoking toplevel() on ptolemy.moml.MoMLSimpleApplication@77368a47
----------------- Done invoking toplevel() on ptolemy.moml.MoMLSimpleApplication@77368a47
reloadAllAccessors: .Clock13

===========================================================================================
----------------- testing Sun Feb 23 07:08:30 UTC 2020 /home/travis/build/icyphy/ptII/ptolemy/actor/lib/test/auto/Clock14.xml
----------------- Instantiating /home/travis/build/icyphy/ptII/ptolemy/actor/lib/test/auto/Clock14.xml
8 ms. Memory: 273408K Free: 105971K (39%)
----------------- Invoking toplevel() on ptolemy.moml.MoMLSimpleApplication@2eec8629
----------------- Done invoking toplevel() on ptolemy.moml.MoMLSimpleApplication@2eec8629
reloadAllAccessors: .Clock14

===========================================================================================
----------------- testing Sun Feb 23 07:08:30 UTC 2020 /home/travis/build/icyphy/ptII/ptolemy/actor/lib/test/auto/Clock15.xml
----------------- Instantiating /home/travis/build/icyphy/ptII/ptolemy/actor/lib/test/auto/Clock15.xml
4 ms. Memory: 273408K Free: 99827K (37%)
----------------- Invoking toplevel() on ptolemy.moml.MoMLSimpleApplication@c66d7cc
----------------- Done invoking toplevel() on ptolemy.moml.MoMLSimpleApplication@c66d7cc
reloadAllAccessors: .Clock15

===========================================================================================
----------------- testing Sun Feb 23 07:08:30 UTC 2020 /home/travis/build/icyphy/ptII/ptolemy/actor/lib/test/auto/Clock16.xml
----------------- Instantiating /home/travis/build/icyphy/ptII/ptolemy/actor/lib/test/auto/Clock16.xml
38 ms. Memory: 273408K Free: 84995K (31%)
----------------- Invoking toplevel() on ptolemy.moml.MoMLSimpleApplication@6fe57589
----------------- Done invoking toplevel() on ptolemy.moml.MoMLSimpleApplication@6fe57589
reloadAllAccessors: .Clock16

===========================================================================================
----------------- testing Sun Feb 23 07:08:30 UTC 2020 /home/travis/build/icyphy/ptII/ptolemy/actor/lib/test/auto/Clock17.xml
----------------- Instantiating /home/travis/build/icyphy/ptII/ptolemy/actor/lib/test/auto/Clock17.xml
26 ms. Memory: 273408K Free: 71171K (26%)
----------------- Invoking toplevel() on ptolemy.moml.MoMLSimpleApplication@2104dcc0
----------------- Done invoking toplevel() on ptolemy.moml.MoMLSimpleApplication@2104dcc0
reloadAllAccessors: .Clock17

===========================================================================================
----------------- testing Sun Feb 23 07:08:31 UTC 2020 /home/travis/build/icyphy/ptII/ptolemy/actor/lib/test/auto/Clock18.xml
----------------- Instantiating /home/travis/build/icyphy/ptII/ptolemy/actor/lib/test/auto/Clock18.xml
13 ms. Memory: 521216K Free: 459779K (88%)
----------------- Invoking toplevel() on ptolemy.moml.MoMLSimpleApplication@e99a80b
----------------- Done invoking toplevel() on ptolemy.moml.MoMLSimpleApplication@e99a80b
reloadAllAccessors: .Clock18

===========================================================================================
----------------- testing Sun Feb 23 07:08:31 UTC 2020 /home/travis/build/icyphy/ptII/ptolemy/actor/lib/test/auto/Clock19.xml
----------------- Instantiating /home/travis/build/icyphy/ptII/ptolemy/actor/lib/test/auto/Clock19.xml
12 ms. Memory: 521216K Free: 446995K (86%)
----------------- Invoking toplevel() on ptolemy.moml.MoMLSimpleApplication@73599ae4
----------------- Done invoking toplevel() on ptolemy.moml.MoMLSimpleApplication@73599ae4
reloadAllAccessors: .Clock19

===========================================================================================
----------------- testing Sun Feb 23 07:08:31 UTC 2020 /home/travis/build/icyphy/ptII/ptolemy/actor/lib/test/auto/Clock2.xml
----------------- Instantiating /home/travis/build/icyphy/ptII/ptolemy/actor/lib/test/auto/Clock2.xml
2 ms. Memory: 521216K Free: 442379K (85%)
----------------- Invoking toplevel() on ptolemy.moml.MoMLSimpleApplication@bdb3148
----------------- Done invoking toplevel() on ptolemy.moml.MoMLSimpleApplication@bdb3148
reloadAllAccessors: .Clock2

===========================================================================================
----------------- testing Sun Feb 23 07:08:31 UTC 2020 /home/travis/build/icyphy/ptII/ptolemy/actor/lib/test/auto/Clock20.xml
----------------- Instantiating /home/travis/build/icyphy/ptII/ptolemy/actor/lib/test/auto/Clock20.xml
10 ms. Memory: 521216K Free: 436241K (84%)
----------------- Invoking toplevel() on ptolemy.moml.MoMLSimpleApplication@5843e5dc
----------------- Done invoking toplevel() on ptolemy.moml.MoMLSimpleApplication@5843e5dc
reloadAllAccessors: .Clock20

===========================================================================================
----------------- testing Sun Feb 23 07:08:31 UTC 2020 /home/travis/build/icyphy/ptII/ptolemy/actor/lib/test/auto/Clock21.xml
----------------- Instantiating /home/travis/build/icyphy/ptII/ptolemy/actor/lib/test/auto/Clock21.xml
3 ms. Memory: 521216K Free: 431121K (83%)
----------------- Invoking toplevel() on ptolemy.moml.MoMLSimpleApplication@a8d9f91
----------------- Done invoking toplevel() on ptolemy.moml.MoMLSimpleApplication@a8d9f91
reloadAllAccessors: .Clock21

===========================================================================================
----------------- testing Sun Feb 23 07:08:31 UTC 2020 /home/travis/build/icyphy/ptII/ptolemy/actor/lib/test/auto/Clock22.xml
----------------- Instantiating /home/travis/build/icyphy/ptII/ptolemy/actor/lib/test/auto/Clock22.xml
7 ms. Memory: 521216K Free: 425491K (82%)
----------------- Invoking toplevel() on ptolemy.moml.MoMLSimpleApplication@76be30c0
----------------- Done invoking toplevel() on ptolemy.moml.MoMLSimpleApplication@76be30c0
reloadAllAccessors: .Clock22

===========================================================================================
----------------- testing Sun Feb 23 07:08:31 UTC 2020 /home/travis/build/icyphy/ptII/ptolemy/actor/lib/test/auto/Clock23.xml
----------------- Instantiating /home/travis/build/icyphy/ptII/ptolemy/actor/lib/test/auto/Clock23.xml
2 ms. Memory: 521216K Free: 420371K (81%)
----------------- Invoking toplevel() on ptolemy.moml.MoMLSimpleApplication@34df82cf
----------------- Done invoking toplevel() on ptolemy.moml.MoMLSimpleApplication@34df82cf
reloadAllAccessors: .Clock23

===========================================================================================
----------------- testing Sun Feb 23 07:08:31 UTC 2020 /home/travis/build/icyphy/ptII/ptolemy/actor/lib/test/auto/Clock24.xml
----------------- Instantiating /home/travis/build/icyphy/ptII/ptolemy/actor/lib/test/auto/Clock24.xml
5 ms. Memory: 521216K Free: 414737K (80%)
----------------- Invoking toplevel() on ptolemy.moml.MoMLSimpleApplication@5fac5fd6
----------------- Done invoking toplevel() on ptolemy.moml.MoMLSimpleApplication@5fac5fd6
reloadAllAccessors: .Clock24

===========================================================================================
----------------- testing Sun Feb 23 07:08:31 UTC 2020 /home/travis/build/icyphy/ptII/ptolemy/actor/lib/test/auto/Clock4.xml
----------------- Instantiating /home/travis/build/icyphy/ptII/ptolemy/actor/lib/test/auto/Clock4.xml
2 ms. Memory: 521216K Free: 410131K (79%)
----------------- Invoking toplevel() on ptolemy.moml.MoMLSimpleApplication@9026a9c
----------------- Done invoking toplevel() on ptolemy.moml.MoMLSimpleApplication@9026a9c
reloadAllAccessors: .Clock4

===========================================================================================
----------------- testing Sun Feb 23 07:08:31 UTC 2020 /home/travis/build/icyphy/ptII/ptolemy/actor/lib/test/auto/Clock5.xml
----------------- Instantiating /home/travis/build/icyphy/ptII/ptolemy/actor/lib/test/auto/Clock5.xml
2 ms. Memory: 521216K Free: 404491K (78%)
----------------- Invoking toplevel() on ptolemy.moml.MoMLSimpleApplication@5f796b00
----------------- Done invoking toplevel() on ptolemy.moml.MoMLSimpleApplication@5f796b00
reloadAllAccessors: .Clock5

===========================================================================================
----------------- testing Sun Feb 23 07:08:31 UTC 2020 /home/travis/build/icyphy/ptII/ptolemy/actor/lib/test/auto/Clock6.xml
----------------- Instantiating /home/travis/build/icyphy/ptII/ptolemy/actor/lib/test/auto/Clock6.xml
2 ms. Memory: 521216K Free: 399891K (77%)
----------------- Invoking toplevel() on ptolemy.moml.MoMLSimpleApplication@242472e6
----------------- Done invoking toplevel() on ptolemy.moml.MoMLSimpleApplication@242472e6
reloadAllAccessors: .Clock6

===========================================================================================
----------------- testing Sun Feb 23 07:08:31 UTC 2020 /home/travis/build/icyphy/ptII/ptolemy/actor/lib/test/auto/Clock7.xml
----------------- Instantiating /home/travis/build/icyphy/ptII/ptolemy/actor/lib/test/auto/Clock7.xml
4 ms. Memory: 521216K Free: 395281K (76%)
----------------- Invoking toplevel() on ptolemy.moml.MoMLSimpleApplication@651f27b5
----------------- Done invoking toplevel() on ptolemy.moml.MoMLSimpleApplication@651f27b5
reloadAllAccessors: .Clock7

===========================================================================================
----------------- testing Sun Feb 23 07:08:31 UTC 2020 /home/travis/build/icyphy/ptII/ptolemy/actor/lib/test/auto/Clock8.xml
----------------- Instantiating /home/travis/build/icyphy/ptII/ptolemy/actor/lib/test/auto/Clock8.xml
3 ms. Memory: 521216K Free: 389651K (75%)
----------------- Invoking toplevel() on ptolemy.moml.MoMLSimpleApplication@e646380
----------------- Done invoking toplevel() on ptolemy.moml.MoMLSimpleApplication@e646380
reloadAllAccessors: .Clock8

===========================================================================================
----------------- testing Sun Feb 23 07:08:31 UTC 2020 /home/travis/build/icyphy/ptII/ptolemy/actor/lib/test/auto/Clock9.xml
----------------- Instantiating /home/travis/build/icyphy/ptII/ptolemy/actor/lib/test/auto/Clock9.xml
3 ms. Memory: 521216K Free: 384531K (74%)
----------------- Invoking toplevel() on ptolemy.moml.MoMLSimpleApplication@11769235
----------------- Done invoking toplevel() on ptolemy.moml.MoMLSimpleApplication@11769235
reloadAllAccessors: .Clock9

===========================================================================================
----------------- testing Sun Feb 23 07:08:31 UTC 2020 /home/travis/build/icyphy/ptII/ptolemy/actor/lib/test/auto/CommDistDiscard.xml
----------------- Instantiating /home/travis/build/icyphy/ptII/ptolemy/actor/lib/test/auto/CommDistDiscard.xml
6 ms. Memory: 521216K Free: 378897K (73%)
----------------- Invoking toplevel() on ptolemy.moml.MoMLSimpleApplication@7d19d891
----------------- Done invoking toplevel() on ptolemy.moml.MoMLSimpleApplication@7d19d891
reloadAllAccessors: .CommDistDiscard

===========================================================================================
----------------- testing Sun Feb 23 07:08:31 UTC 2020 /home/travis/build/icyphy/ptII/ptolemy/actor/lib/test/auto/Commutator.xml
----------------- Instantiating /home/travis/build/icyphy/ptII/ptolemy/actor/lib/test/auto/Commutator.xml
2 ms. Memory: 521216K Free: 374291K (72%)
----------------- Invoking toplevel() on ptolemy.moml.MoMLSimpleApplication@718ac21b
----------------- Done invoking toplevel() on ptolemy.moml.MoMLSimpleApplication@718ac21b
reloadAllAccessors: .Commutator

===========================================================================================
----------------- testing Sun Feb 23 07:08:31 UTC 2020 /home/travis/build/icyphy/ptII/ptolemy/actor/lib/test/auto/Commutator2.xml
----------------- Instantiating /home/travis/build/icyphy/ptII/ptolemy/actor/lib/test/auto/Commutator2.xml
2 ms. Memory: 521216K Free: 370195K (71%)
----------------- Invoking toplevel() on ptolemy.moml.MoMLSimpleApplication@5c7f896c
----------------- Done invoking toplevel() on ptolemy.moml.MoMLSimpleApplication@5c7f896c
reloadAllAccessors: .Commutator2

===========================================================================================
----------------- testing Sun Feb 23 07:08:31 UTC 2020 /home/travis/build/icyphy/ptII/ptolemy/actor/lib/test/auto/Commutator3.xml
----------------- Instantiating /home/travis/build/icyphy/ptII/ptolemy/actor/lib/test/auto/Commutator3.xml
2 ms. Memory: 521216K Free: 365585K (70%)
----------------- Invoking toplevel() on ptolemy.moml.MoMLSimpleApplication@39000f30
----------------- Done invoking toplevel() on ptolemy.moml.MoMLSimpleApplication@39000f30
reloadAllAccessors: .Commutator3

===========================================================================================
----------------- testing Sun Feb 23 07:08:31 UTC 2020 /home/travis/build/icyphy/ptII/ptolemy/actor/lib/test/auto/Compare.xml
----------------- Instantiating /home/travis/build/icyphy/ptII/ptolemy/actor/lib/test/auto/Compare.xml
7 ms. Memory: 521216K Free: 359441K (69%)
----------------- Invoking toplevel() on ptolemy.moml.MoMLSimpleApplication@44122462
----------------- Done invoking toplevel() on ptolemy.moml.MoMLSimpleApplication@44122462
reloadAllAccessors: .Compare

===========================================================================================
----------------- testing Sun Feb 23 07:08:31 UTC 2020 /home/travis/build/icyphy/ptII/ptolemy/actor/lib/test/auto/CompareDE.xml
----------------- Instantiating /home/travis/build/icyphy/ptII/ptolemy/actor/lib/test/auto/CompareDE.xml
5 ms. Memory: 521216K Free: 352259K (68%)
----------------- Invoking toplevel() on ptolemy.moml.MoMLSimpleApplication@2d5683dd
----------------- Done invoking toplevel() on ptolemy.moml.MoMLSimpleApplication@2d5683dd
reloadAllAccessors: .CompareDE

===========================================================================================
----------------- testing Sun Feb 23 07:08:31 UTC 2020 /home/travis/build/icyphy/ptII/ptolemy/actor/lib/test/auto/ComplexDivide.xml
----------------- Instantiating /home/travis/build/icyphy/ptII/ptolemy/actor/lib/test/auto/ComplexDivide.xml
1 ms. Memory: 521216K Free: 348177K (67%)
----------------- Invoking toplevel() on ptolemy.moml.MoMLSimpleApplication@6263bd36
----------------- Done invoking toplevel() on ptolemy.moml.MoMLSimpleApplication@6263bd36
reloadAllAccessors: .ComplexDivide

===========================================================================================
----------------- testing Sun Feb 23 07:08:31 UTC 2020 /home/travis/build/icyphy/ptII/ptolemy/actor/lib/test/auto/ComputeHistogram.xml
----------------- Instantiating /home/travis/build/icyphy/ptII/ptolemy/actor/lib/test/auto/ComputeHistogram.xml
28 ms. Memory: 521216K Free: 335889K (64%)
----------------- Invoking toplevel() on ptolemy.moml.MoMLSimpleApplication@385c0b57
----------------- Done invoking toplevel() on ptolemy.moml.MoMLSimpleApplication@385c0b57
reloadAllAccessors: .ComputeHistogram

===========================================================================================
----------------- testing Sun Feb 23 07:08:31 UTC 2020 /home/travis/build/icyphy/ptII/ptolemy/actor/lib/test/auto/ConfigurationSelect.xml
----------------- Instantiating /home/travis/build/icyphy/ptII/ptolemy/actor/lib/test/auto/ConfigurationSelect.xml
9 ms. Memory: 521216K Free: 330259K (63%)
----------------- Invoking toplevel() on ptolemy.moml.MoMLSimpleApplication@2a447c37
----------------- Done invoking toplevel() on ptolemy.moml.MoMLSimpleApplication@2a447c37
reloadAllAccessors: .ConfigurationSelect

===========================================================================================
----------------- testing Sun Feb 23 07:08:31 UTC 2020 /home/travis/build/icyphy/ptII/ptolemy/actor/lib/test/auto/ConfigurationSelect2.xml
----------------- Instantiating /home/travis/build/icyphy/ptII/ptolemy/actor/lib/test/auto/ConfigurationSelect2.xml
3 ms. Memory: 521216K Free: 326163K (63%)
----------------- Invoking toplevel() on ptolemy.moml.MoMLSimpleApplication@1a712992
----------------- Done invoking toplevel() on ptolemy.moml.MoMLSimpleApplication@1a712992
reloadAllAccessors: .ConfigurationSelect2

===========================================================================================
----------------- testing Sun Feb 23 07:08:31 UTC 2020 /home/travis/build/icyphy/ptII/ptolemy/actor/lib/test/auto/ConfigurationSwitch.xml
----------------- Instantiating /home/travis/build/icyphy/ptII/ptolemy/actor/lib/test/auto/ConfigurationSwitch.xml
7 ms. Memory: 521216K Free: 320529K (61%)
----------------- Invoking toplevel() on ptolemy.moml.MoMLSimpleApplication@77fd167a
----------------- Done invoking toplevel() on ptolemy.moml.MoMLSimpleApplication@77fd167a
reloadAllAccessors: .ConfigurationSwitch

===========================================================================================
----------------- testing Sun Feb 23 07:08:31 UTC 2020 /home/travis/build/icyphy/ptII/ptolemy/actor/lib/test/auto/ConfigurationSwitch2.xml
----------------- Instantiating /home/travis/build/icyphy/ptII/ptolemy/actor/lib/test/auto/ConfigurationSwitch2.xml
2 ms. Memory: 521216K Free: 314899K (60%)
----------------- Invoking toplevel() on ptolemy.moml.MoMLSimpleApplication@6332ce75
----------------- Done invoking toplevel() on ptolemy.moml.MoMLSimpleApplication@6332ce75
reloadAllAccessors: .ConfigurationSwitch2

===========================================================================================
----------------- testing Sun Feb 23 07:08:31 UTC 2020 /home/travis/build/icyphy/ptII/ptolemy/actor/lib/test/auto/ConfigurationSwitchCloningBugWithClassRelationGroup.xml
----------------- Instantiating /home/travis/build/icyphy/ptII/ptolemy/actor/lib/test/auto/ConfigurationSwitchCloningBugWithClassRelationGroup.xml
1 ms. Memory: 521216K Free: 308755K (59%)
----------------- Invoking toplevel() on ptolemy.moml.MoMLSimpleApplication@7e216b00
----------------- Done invoking toplevel() on ptolemy.moml.MoMLSimpleApplication@7e216b00
reloadAllAccessors: .ConfigurationSwitchCloningBugWithClassRelationGroup

===========================================================================================
----------------- testing Sun Feb 23 07:08:31 UTC 2020 /home/travis/build/icyphy/ptII/ptolemy/actor/lib/test/auto/ConfigurationSwitchSelectSDF.xml
----------------- Instantiating /home/travis/build/icyphy/ptII/ptolemy/actor/lib/test/auto/ConfigurationSwitchSelectSDF.xml
4 ms. Memory: 521216K Free: 303121K (58%)
----------------- Invoking toplevel() on ptolemy.moml.MoMLSimpleApplication@2cec947a
----------------- Done invoking toplevel() on ptolemy.moml.MoMLSimpleApplication@2cec947a
reloadAllAccessors: .ConfigurationSwitchSelectSDF

===========================================================================================
----------------- testing Sun Feb 23 07:08:31 UTC 2020 /home/travis/build/icyphy/ptII/ptolemy/actor/lib/test/auto/ConfigurationSwitchSelectSDF2.xml
----------------- Instantiating /home/travis/build/icyphy/ptII/ptolemy/actor/lib/test/auto/ConfigurationSwitchSelectSDF2.xml
3 ms. Memory: 521216K Free: 296977K (57%)
----------------- Invoking toplevel() on ptolemy.moml.MoMLSimpleApplication@7f87af9e
----------------- Done invoking toplevel() on ptolemy.moml.MoMLSimpleApplication@7f87af9e
reloadAllAccessors: .ConfigurationSwitchSelectSDF2

===========================================================================================
----------------- testing Sun Feb 23 07:08:31 UTC 2020 /home/travis/build/icyphy/ptII/ptolemy/actor/lib/test/auto/Const.xml
----------------- Instantiating /home/travis/build/icyphy/ptII/ptolemy/actor/lib/test/auto/Const.xml
1 ms. Memory: 521216K Free: 293905K (56%)
----------------- Invoking toplevel() on ptolemy.moml.MoMLSimpleApplication@3d060b26
----------------- Done invoking toplevel() on ptolemy.moml.MoMLSimpleApplication@3d060b26
reloadAllAccessors: .Const

===========================================================================================
----------------- testing Sun Feb 23 07:08:31 UTC 2020 /home/travis/build/icyphy/ptII/ptolemy/actor/lib/test/auto/Const2.xml
----------------- Instantiating /home/travis/build/icyphy/ptII/ptolemy/actor/lib/test/auto/Const2.xml
1 ms. Memory: 521216K Free: 289809K (56%)
----------------- Invoking toplevel() on ptolemy.moml.MoMLSimpleApplication@302be6c8
----------------- Done invoking toplevel() on ptolemy.moml.MoMLSimpleApplication@302be6c8
reloadAllAccessors: .Const2

===========================================================================================
----------------- testing Sun Feb 23 07:08:31 UTC 2020 /home/travis/build/icyphy/ptII/ptolemy/actor/lib/test/auto/Const3.xml
----------------- Instantiating /home/travis/build/icyphy/ptII/ptolemy/actor/lib/test/auto/Const3.xml
1 ms. Memory: 521216K Free: 286737K (55%)
----------------- Invoking toplevel() on ptolemy.moml.MoMLSimpleApplication@2922d7c2
----------------- Done invoking toplevel() on ptolemy.moml.MoMLSimpleApplication@2922d7c2
reloadAllAccessors: .Const3

===========================================================================================
----------------- testing Sun Feb 23 07:08:31 UTC 2020 /home/travis/build/icyphy/ptII/ptolemy/actor/lib/test/auto/ConstantPublisherPort1.xml
----------------- Instantiating /home/travis/build/icyphy/ptII/ptolemy/actor/lib/test/auto/ConstantPublisherPort1.xml
8 ms. Memory: 521216K Free: 278035K (53%)
----------------- Invoking toplevel() on ptolemy.moml.MoMLSimpleApplication@27b2986f
----------------- Done invoking toplevel() on ptolemy.moml.MoMLSimpleApplication@27b2986f
reloadAllAccessors: .ConstantPublisherPort1

===========================================================================================
----------------- testing Sun Feb 23 07:08:32 UTC 2020 /home/travis/build/icyphy/ptII/ptolemy/actor/lib/test/auto/ConstantPublisherPort2.xml
----------------- Instantiating /home/travis/build/icyphy/ptII/ptolemy/actor/lib/test/auto/ConstantPublisherPort2.xml
5 ms. Memory: 521216K Free: 270353K (52%)
----------------- Invoking toplevel() on ptolemy.moml.MoMLSimpleApplication@8ed06ea
----------------- Done invoking toplevel() on ptolemy.moml.MoMLSimpleApplication@8ed06ea
reloadAllAccessors: .ConstantPublisherPort2

===========================================================================================
----------------- testing Sun Feb 23 07:08:32 UTC 2020 /home/travis/build/icyphy/ptII/ptolemy/actor/lib/test/auto/ConstantPublisherPort3.xml
----------------- Instantiating /home/travis/build/icyphy/ptII/ptolemy/actor/lib/test/auto/ConstantPublisherPort3.xml
5 ms. Memory: 521216K Free: 263185K (50%)
----------------- Invoking toplevel() on ptolemy.moml.MoMLSimpleApplication@59925edb
----------------- Done invoking toplevel() on ptolemy.moml.MoMLSimpleApplication@59925edb
reloadAllAccessors: .ConstantPublisherPort3

===========================================================================================
----------------- testing Sun Feb 23 07:08:32 UTC 2020 /home/travis/build/icyphy/ptII/ptolemy/actor/lib/test/auto/ConstantPublisherPort4.xml
----------------- Instantiating /home/travis/build/icyphy/ptII/ptolemy/actor/lib/test/auto/ConstantPublisherPort4.xml
4 ms. Memory: 521216K Free: 256017K (49%)
----------------- Invoking toplevel() on ptolemy.moml.MoMLSimpleApplication@44e3ef37
----------------- Done invoking toplevel() on ptolemy.moml.MoMLSimpleApplication@44e3ef37
reloadAllAccessors: .ConstantPublisherPort4

===========================================================================================
----------------- testing Sun Feb 23 07:08:32 UTC 2020 /home/travis/build/icyphy/ptII/ptolemy/actor/lib/test/auto/ConstantPublisherPort5.xml
----------------- Instantiating /home/travis/build/icyphy/ptII/ptolemy/actor/lib/test/auto/ConstantPublisherPort5.xml
31 ms. Memory: 521216K Free: 246291K (47%)
----------------- Invoking toplevel() on ptolemy.moml.MoMLSimpleApplication@21d36e35
----------------- Done invoking toplevel() on ptolemy.moml.MoMLSimpleApplication@21d36e35
reloadAllAccessors: .ConstantPublisherPort5

===========================================================================================
----------------- testing Sun Feb 23 07:08:32 UTC 2020 /home/travis/build/icyphy/ptII/ptolemy/actor/lib/test/auto/ConstantPublisherPort6.xml
----------------- Instantiating /home/travis/build/icyphy/ptII/ptolemy/actor/lib/test/auto/ConstantPublisherPort6.xml
23 ms. Memory: 521216K Free: 237075K (45%)
----------------- Invoking toplevel() on ptolemy.moml.MoMLSimpleApplication@3a7ade00
----------------- Done invoking toplevel() on ptolemy.moml.MoMLSimpleApplication@3a7ade00
reloadAllAccessors: .ConstantPublisherPort6

===========================================================================================
----------------- testing Sun Feb 23 07:08:32 UTC 2020 /home/travis/build/icyphy/ptII/ptolemy/actor/lib/test/auto/ConstantPublisherPort7.xml
----------------- Instantiating /home/travis/build/icyphy/ptII/ptolemy/actor/lib/test/auto/ConstantPublisherPort7.xml
25 ms. Memory: 521216K Free: 227345K (44%)
----------------- Invoking toplevel() on ptolemy.moml.MoMLSimpleApplication@73340b00
----------------- Done invoking toplevel() on ptolemy.moml.MoMLSimpleApplication@73340b00
reloadAllAccessors: .ConstantPublisherPort7

===========================================================================================
----------------- testing Sun Feb 23 07:08:32 UTC 2020 /home/travis/build/icyphy/ptII/ptolemy/actor/lib/test/auto/ConstraintMonitor1.xml
----------------- Instantiating /home/travis/build/icyphy/ptII/ptolemy/actor/lib/test/auto/ConstraintMonitor1.xml
6 ms. Memory: 521216K Free: 222211K (43%)
----------------- Invoking toplevel() on ptolemy.moml.MoMLSimpleApplication@7ed31be0
----------------- Done invoking toplevel() on ptolemy.moml.MoMLSimpleApplication@7ed31be0
reloadAllAccessors: .ConstraintMonitor1

===========================================================================================
----------------- testing Sun Feb 23 07:08:32 UTC 2020 /home/travis/build/icyphy/ptII/ptolemy/actor/lib/test/auto/ConstraintMonitor2.xml
----------------- Instantiating /home/travis/build/icyphy/ptII/ptolemy/actor/lib/test/auto/ConstraintMonitor2.xml
4 ms. Memory: 521216K Free: 218129K (42%)
----------------- Invoking toplevel() on ptolemy.moml.MoMLSimpleApplication@76a51cc1
----------------- Done invoking toplevel() on ptolemy.moml.MoMLSimpleApplication@76a51cc1
reloadAllAccessors: .ConstraintMonitor2

===========================================================================================
----------------- testing Sun Feb 23 07:08:32 UTC 2020 /home/travis/build/icyphy/ptII/ptolemy/actor/lib/test/auto/ConstraintMonitor3.xml
----------------- Instantiating /home/travis/build/icyphy/ptII/ptolemy/actor/lib/test/auto/ConstraintMonitor3.xml
4 ms. Memory: 521216K Free: 213523K (41%)
----------------- Invoking toplevel() on ptolemy.moml.MoMLSimpleApplication@20340a1
----------------- Done invoking toplevel() on ptolemy.moml.MoMLSimpleApplication@20340a1
reloadAllAccessors: .ConstraintMonitor3

===========================================================================================
----------------- testing Sun Feb 23 07:08:32 UTC 2020 /home/travis/build/icyphy/ptII/ptolemy/actor/lib/test/auto/ConstraintMonitor4.xml
----------------- Instantiating /home/travis/build/icyphy/ptII/ptolemy/actor/lib/test/auto/ConstraintMonitor4.xml
5 ms. Memory: 521216K Free: 208403K (40%)
----------------- Invoking toplevel() on ptolemy.moml.MoMLSimpleApplication@6a0534f0
----------------- Done invoking toplevel() on ptolemy.moml.MoMLSimpleApplication@6a0534f0
reloadAllAccessors: .ConstraintMonitor4

===========================================================================================
----------------- testing Sun Feb 23 07:08:32 UTC 2020 /home/travis/build/icyphy/ptII/ptolemy/actor/lib/test/auto/ConstraintMonitor5.xml
----------------- Instantiating /home/travis/build/icyphy/ptII/ptolemy/actor/lib/test/auto/ConstraintMonitor5.xml
6 ms. Memory: 521216K Free: 203283K (39%)
----------------- Invoking toplevel() on ptolemy.moml.MoMLSimpleApplication@31efb477
----------------- Done invoking toplevel() on ptolemy.moml.MoMLSimpleApplication@31efb477
reloadAllAccessors: .ConstraintMonitor5

===========================================================================================
----------------- testing Sun Feb 23 07:08:32 UTC 2020 /home/travis/build/icyphy/ptII/ptolemy/actor/lib/test/auto/ConstraintMonitor6.xml
----------------- Instantiating /home/travis/build/icyphy/ptII/ptolemy/actor/lib/test/auto/ConstraintMonitor6.xml
7 ms. Memory: 521216K Free: 196611K (38%)
----------------- Invoking toplevel() on ptolemy.moml.MoMLSimpleApplication@1e18ab31
----------------- Done invoking toplevel() on ptolemy.moml.MoMLSimpleApplication@1e18ab31
reloadAllAccessors: .ConstraintMonitor6

===========================================================================================
----------------- testing Sun Feb 23 07:08:32 UTC 2020 /home/travis/build/icyphy/ptII/ptolemy/actor/lib/test/auto/ConstraintMonitor7.xml
----------------- Instantiating /home/travis/build/icyphy/ptII/ptolemy/actor/lib/test/auto/ConstraintMonitor7.xml
3 ms. Memory: 521216K Free: 189971K (36%)
----------------- Invoking toplevel() on ptolemy.moml.MoMLSimpleApplication@2183cc47
----------------- Done invoking toplevel() on ptolemy.moml.MoMLSimpleApplication@2183cc47
reloadAllAccessors: .ConstraintMonitor7

===========================================================================================
----------------- testing Sun Feb 23 07:08:32 UTC 2020 /home/travis/build/icyphy/ptII/ptolemy/actor/lib/test/auto/ConstraintMonitor8.xml
----------------- Instantiating /home/travis/build/icyphy/ptII/ptolemy/actor/lib/test/auto/ConstraintMonitor8.xml
4 ms. Memory: 521216K Free: 182803K (35%)
----------------- Invoking toplevel() on ptolemy.moml.MoMLSimpleApplication@6fa2f889
----------------- Done invoking toplevel() on ptolemy.moml.MoMLSimpleApplication@6fa2f889
reloadAllAccessors: .ConstraintMonitor8

===========================================================================================
----------------- testing Sun Feb 23 07:08:32 UTC 2020 /home/travis/build/icyphy/ptII/ptolemy/actor/lib/test/auto/Counter.xml
----------------- Instantiating /home/travis/build/icyphy/ptII/ptolemy/actor/lib/test/auto/Counter.xml
2 ms. Memory: 521216K Free: 177683K (34%)
----------------- Invoking toplevel() on ptolemy.moml.MoMLSimpleApplication@2eff6d0e
----------------- Done invoking toplevel() on ptolemy.moml.MoMLSimpleApplication@2eff6d0e
reloadAllAccessors: .Counter

===========================================================================================
----------------- testing Sun Feb 23 07:08:32 UTC 2020 /home/travis/build/icyphy/ptII/ptolemy/actor/lib/test/auto/CurrentTimeSDF.xml
----------------- Instantiating /home/travis/build/icyphy/ptII/ptolemy/actor/lib/test/auto/CurrentTimeSDF.xml
1 ms. Memory: 521216K Free: 173587K (33%)
----------------- Invoking toplevel() on ptolemy.moml.MoMLSimpleApplication@743864cf
----------------- Done invoking toplevel() on ptolemy.moml.MoMLSimpleApplication@743864cf
reloadAllAccessors: .CurrentTimeSDF

===========================================================================================
----------------- testing Sun Feb 23 07:08:32 UTC 2020 /home/travis/build/icyphy/ptII/ptolemy/actor/lib/test/auto/DB.xml
----------------- Instantiating /home/travis/build/icyphy/ptII/ptolemy/actor/lib/test/auto/DB.xml
2 ms. Memory: 521216K Free: 470035K (90%)
----------------- Invoking toplevel() on ptolemy.moml.MoMLSimpleApplication@17acc48
----------------- Done invoking toplevel() on ptolemy.moml.MoMLSimpleApplication@17acc48
reloadAllAccessors: .DB

===========================================================================================
----------------- testing Sun Feb 23 07:08:32 UTC 2020 /home/travis/build/icyphy/ptII/ptolemy/actor/lib/test/auto/DBDE.xml
----------------- Instantiating /home/travis/build/icyphy/ptII/ptolemy/actor/lib/test/auto/DBDE.xml
3 ms. Memory: 521216K Free: 463891K (89%)
----------------- Invoking toplevel() on ptolemy.moml.MoMLSimpleApplication@6a1f11b5
----------------- Done invoking toplevel() on ptolemy.moml.MoMLSimpleApplication@6a1f11b5
reloadAllAccessors: .DBDE

===========================================================================================
----------------- testing Sun Feb 23 07:08:32 UTC 2020 /home/travis/build/icyphy/ptII/ptolemy/actor/lib/test/auto/DateConstructor.xml
----------------- Instantiating /home/travis/build/icyphy/ptII/ptolemy/actor/lib/test/auto/DateConstructor.xml
28 ms. Memory: 521216K Free: 445969K (86%)
----------------- Invoking toplevel() on ptolemy.moml.MoMLSimpleApplication@325c09ba
----------------- Done invoking toplevel() on ptolemy.moml.MoMLSimpleApplication@325c09ba
reloadAllAccessors: .DateConstructor

===========================================================================================
----------------- testing Sun Feb 23 07:08:32 UTC 2020 /home/travis/build/icyphy/ptII/ptolemy/actor/lib/test/auto/DelayTime.xml
----------------- Instantiating /home/travis/build/icyphy/ptII/ptolemy/actor/lib/test/auto/DelayTime.xml
7 ms. Memory: 521216K Free: 440849K (85%)
----------------- Invoking toplevel() on ptolemy.moml.MoMLSimpleApplication@21bc2314
----------------- Done invoking toplevel() on ptolemy.moml.MoMLSimpleApplication@21bc2314
reloadAllAccessors: .DelayTime

===========================================================================================
----------------- testing Sun Feb 23 07:08:32 UTC 2020 /home/travis/build/icyphy/ptII/ptolemy/actor/lib/test/auto/Dictionary1.xml
----------------- Instantiating /home/travis/build/icyphy/ptII/ptolemy/actor/lib/test/auto/Dictionary1.xml
2 ms. Memory: 521216K Free: 435729K (84%)
----------------- Invoking toplevel() on ptolemy.moml.MoMLSimpleApplication@55fe0e6
----------------- Done invoking toplevel() on ptolemy.moml.MoMLSimpleApplication@55fe0e6
reloadAllAccessors: .Dictionary1

===========================================================================================
----------------- testing Sun Feb 23 07:08:32 UTC 2020 /home/travis/build/icyphy/ptII/ptolemy/actor/lib/test/auto/Dictionary2.xml
----------------- Instantiating /home/travis/build/icyphy/ptII/ptolemy/actor/lib/test/auto/Dictionary2.xml
4 ms. Memory: 521216K Free: 430099K (83%)
----------------- Invoking toplevel() on ptolemy.moml.MoMLSimpleApplication@596ae855
----------------- Done invoking toplevel() on ptolemy.moml.MoMLSimpleApplication@596ae855
reloadAllAccessors: .Dictionary2

===========================================================================================
----------------- testing Sun Feb 23 07:08:32 UTC 2020 /home/travis/build/icyphy/ptII/ptolemy/actor/lib/test/auto/Dictionary3.xml
----------------- Instantiating /home/travis/build/icyphy/ptII/ptolemy/actor/lib/test/auto/Dictionary3.xml
1 ms. Memory: 521216K Free: 424465K (81%)
----------------- Invoking toplevel() on ptolemy.moml.MoMLSimpleApplication@7b726e18
----------------- Done invoking toplevel() on ptolemy.moml.MoMLSimpleApplication@7b726e18
reloadAllAccessors: .Dictionary3

===========================================================================================
----------------- testing Sun Feb 23 07:08:32 UTC 2020 /home/travis/build/icyphy/ptII/ptolemy/actor/lib/test/auto/Dictionary4.xml
----------------- Instantiating /home/travis/build/icyphy/ptII/ptolemy/actor/lib/test/auto/Dictionary4.xml
6 ms. Memory: 521216K Free: 417811K (80%)
----------------- Invoking toplevel() on ptolemy.moml.MoMLSimpleApplication@2515c325
----------------- Done invoking toplevel() on ptolemy.moml.MoMLSimpleApplication@2515c325
reloadAllAccessors: .Dictionary4

===========================================================================================
----------------- testing Sun Feb 23 07:08:32 UTC 2020 /home/travis/build/icyphy/ptII/ptolemy/actor/lib/test/auto/Differential.xml
----------------- Instantiating /home/travis/build/icyphy/ptII/ptolemy/actor/lib/test/auto/Differential.xml
3 ms. Memory: 521216K Free: 413201K (79%)
----------------- Invoking toplevel() on ptolemy.moml.MoMLSimpleApplication@3d5f2375
----------------- Done invoking toplevel() on ptolemy.moml.MoMLSimpleApplication@3d5f2375
reloadAllAccessors: .Differential

===========================================================================================
----------------- testing Sun Feb 23 07:08:32 UTC 2020 /home/travis/build/icyphy/ptII/ptolemy/actor/lib/test/auto/Director.xml
----------------- Instantiating /home/travis/build/icyphy/ptII/ptolemy/actor/lib/test/auto/Director.xml
4 ms. Memory: 521216K Free: 409619K (79%)
----------------- Invoking toplevel() on ptolemy.moml.MoMLSimpleApplication@53e8c422
----------------- Done invoking toplevel() on ptolemy.moml.MoMLSimpleApplication@53e8c422
reloadAllAccessors: .Director

===========================================================================================
----------------- testing Sun Feb 23 07:08:32 UTC 2020 /home/travis/build/icyphy/ptII/ptolemy/actor/lib/test/auto/DiscreteClock.xml
----------------- Instantiating /home/travis/build/icyphy/ptII/ptolemy/actor/lib/test/auto/DiscreteClock.xml
1 ms. Memory: 521216K Free: 405523K (78%)
----------------- Invoking toplevel() on ptolemy.moml.MoMLSimpleApplication@3a538cbd
----------------- Done invoking toplevel() on ptolemy.moml.MoMLSimpleApplication@3a538cbd
reloadAllAccessors: .DiscreteClock

===========================================================================================
----------------- testing Sun Feb 23 07:08:32 UTC 2020 /home/travis/build/icyphy/ptII/ptolemy/actor/lib/test/auto/DiscreteClock10.xml
----------------- Instantiating /home/travis/build/icyphy/ptII/ptolemy/actor/lib/test/auto/DiscreteClock10.xml
3 ms. Memory: 521216K Free: 399889K (77%)
----------------- Invoking toplevel() on ptolemy.moml.MoMLSimpleApplication@118bb17f
----------------- Done invoking toplevel() on ptolemy.moml.MoMLSimpleApplication@118bb17f
reloadAllAccessors: .DiscreteClock10

===========================================================================================
----------------- testing Sun Feb 23 07:08:32 UTC 2020 /home/travis/build/icyphy/ptII/ptolemy/actor/lib/test/auto/DiscreteClock11.xml
----------------- Instantiating /home/travis/build/icyphy/ptII/ptolemy/actor/lib/test/auto/DiscreteClock11.xml
2 ms. Memory: 521216K Free: 393745K (76%)
----------------- Invoking toplevel() on ptolemy.moml.MoMLSimpleApplication@42711d02
----------------- Done invoking toplevel() on ptolemy.moml.MoMLSimpleApplication@42711d02
reloadAllAccessors: .DiscreteClock11

===========================================================================================
----------------- testing Sun Feb 23 07:08:32 UTC 2020 /home/travis/build/icyphy/ptII/ptolemy/actor/lib/test/auto/DiscreteClock12.xml
----------------- Instantiating /home/travis/build/icyphy/ptII/ptolemy/actor/lib/test/auto/DiscreteClock12.xml
3 ms. Memory: 521216K Free: 387601K (74%)
----------------- Invoking toplevel() on ptolemy.moml.MoMLSimpleApplication@7de13a06
----------------- Done invoking toplevel() on ptolemy.moml.MoMLSimpleApplication@7de13a06
reloadAllAccessors: .DiscreteClock12

===========================================================================================
----------------- testing Sun Feb 23 07:08:32 UTC 2020 /home/travis/build/icyphy/ptII/ptolemy/actor/lib/test/auto/DiscreteClock13.xml
----------------- Instantiating /home/travis/build/icyphy/ptII/ptolemy/actor/lib/test/auto/DiscreteClock13.xml
4 ms. Memory: 521216K Free: 381971K (73%)
----------------- Invoking toplevel() on ptolemy.moml.MoMLSimpleApplication@11ae4466
----------------- Done invoking toplevel() on ptolemy.moml.MoMLSimpleApplication@11ae4466
reloadAllAccessors: .DiscreteClock13

===========================================================================================
----------------- testing Sun Feb 23 07:08:32 UTC 2020 /home/travis/build/icyphy/ptII/ptolemy/actor/lib/test/auto/DiscreteClock14.xml
----------------- Instantiating /home/travis/build/icyphy/ptII/ptolemy/actor/lib/test/auto/DiscreteClock14.xml
5 ms. Memory: 521216K Free: 375827K (72%)
----------------- Invoking toplevel() on ptolemy.moml.MoMLSimpleApplication@599151fa
----------------- Done invoking toplevel() on ptolemy.moml.MoMLSimpleApplication@599151fa
reloadAllAccessors: .DiscreteClock14

===========================================================================================
----------------- testing Sun Feb 23 07:08:32 UTC 2020 /home/travis/build/icyphy/ptII/ptolemy/actor/lib/test/auto/DiscreteClock15.xml
----------------- Instantiating /home/travis/build/icyphy/ptII/ptolemy/actor/lib/test/auto/DiscreteClock15.xml
2 ms. Memory: 521216K Free: 369683K (71%)
----------------- Invoking toplevel() on ptolemy.moml.MoMLSimpleApplication@68de5424
----------------- Done invoking toplevel() on ptolemy.moml.MoMLSimpleApplication@68de5424
reloadAllAccessors: .DiscreteClock15

===========================================================================================
----------------- testing Sun Feb 23 07:08:32 UTC 2020 /home/travis/build/icyphy/ptII/ptolemy/actor/lib/test/auto/DiscreteClock16.xml
----------------- Instantiating /home/travis/build/icyphy/ptII/ptolemy/actor/lib/test/auto/DiscreteClock16.xml
13 ms. Memory: 521216K Free: 355857K (68%)
----------------- Invoking toplevel() on ptolemy.moml.MoMLSimpleApplication@eaf5838
----------------- Done invoking toplevel() on ptolemy.moml.MoMLSimpleApplication@eaf5838
reloadAllAccessors: .DiscreteClock16

===========================================================================================
----------------- testing Sun Feb 23 07:08:33 UTC 2020 /home/travis/build/icyphy/ptII/ptolemy/actor/lib/test/auto/DiscreteClock17.xml
----------------- Instantiating /home/travis/build/icyphy/ptII/ptolemy/actor/lib/test/auto/DiscreteClock17.xml
16 ms. Memory: 521216K Free: 341507K (66%)
----------------- Invoking toplevel() on ptolemy.moml.MoMLSimpleApplication@394656c5
----------------- Done invoking toplevel() on ptolemy.moml.MoMLSimpleApplication@394656c5
reloadAllAccessors: .DiscreteClock17

===========================================================================================
----------------- testing Sun Feb 23 07:08:33 UTC 2020 /home/travis/build/icyphy/ptII/ptolemy/actor/lib/test/auto/DiscreteClock18.xml
----------------- Instantiating /home/travis/build/icyphy/ptII/ptolemy/actor/lib/test/auto/DiscreteClock18.xml
12 ms. Memory: 521216K Free: 327699K (63%)
----------------- Invoking toplevel() on ptolemy.moml.MoMLSimpleApplication@2687fede
----------------- Done invoking toplevel() on ptolemy.moml.MoMLSimpleApplication@2687fede
reloadAllAccessors: .DiscreteClock18

===========================================================================================
----------------- testing Sun Feb 23 07:08:33 UTC 2020 /home/travis/build/icyphy/ptII/ptolemy/actor/lib/test/auto/DiscreteClock19.xml
----------------- Instantiating /home/travis/build/icyphy/ptII/ptolemy/actor/lib/test/auto/DiscreteClock19.xml
23 ms. Memory: 521216K Free: 313843K (60%)
----------------- Invoking toplevel() on ptolemy.moml.MoMLSimpleApplication@395a7276
----------------- Done invoking toplevel() on ptolemy.moml.MoMLSimpleApplication@395a7276
reloadAllAccessors: .DiscreteClock19

===========================================================================================
----------------- testing Sun Feb 23 07:08:33 UTC 2020 /home/travis/build/icyphy/ptII/ptolemy/actor/lib/test/auto/DiscreteClock2.xml
----------------- Instantiating /home/travis/build/icyphy/ptII/ptolemy/actor/lib/test/auto/DiscreteClock2.xml
5 ms. Memory: 521216K Free: 308723K (59%)
----------------- Invoking toplevel() on ptolemy.moml.MoMLSimpleApplication@7b9da572
----------------- Done invoking toplevel() on ptolemy.moml.MoMLSimpleApplication@7b9da572
reloadAllAccessors: .DiscreteClock2

===========================================================================================
----------------- testing Sun Feb 23 07:08:33 UTC 2020 /home/travis/build/icyphy/ptII/ptolemy/actor/lib/test/auto/DiscreteClock20.xml
----------------- Instantiating /home/travis/build/icyphy/ptII/ptolemy/actor/lib/test/auto/DiscreteClock20.xml
8 ms. Memory: 521216K Free: 303123K (58%)
----------------- Invoking toplevel() on ptolemy.moml.MoMLSimpleApplication@38aba302
----------------- Done invoking toplevel() on ptolemy.moml.MoMLSimpleApplication@38aba302
reloadAllAccessors: .DiscreteClock20

===========================================================================================
----------------- testing Sun Feb 23 07:08:33 UTC 2020 /home/travis/build/icyphy/ptII/ptolemy/actor/lib/test/auto/DiscreteClock21.xml
----------------- Instantiating /home/travis/build/icyphy/ptII/ptolemy/actor/lib/test/auto/DiscreteClock21.xml
4 ms. Memory: 521216K Free: 298003K (57%)
----------------- Invoking toplevel() on ptolemy.moml.MoMLSimpleApplication@690a0da
----------------- Done invoking toplevel() on ptolemy.moml.MoMLSimpleApplication@690a0da
reloadAllAccessors: .DiscreteClock21

===========================================================================================
----------------- testing Sun Feb 23 07:08:33 UTC 2020 /home/travis/build/icyphy/ptII/ptolemy/actor/lib/test/auto/DiscreteClock22.xml
----------------- Instantiating /home/travis/build/icyphy/ptII/ptolemy/actor/lib/test/auto/DiscreteClock22.xml
4 ms. Memory: 521216K Free: 292369K (56%)
----------------- Invoking toplevel() on ptolemy.moml.MoMLSimpleApplication@1285fc63
----------------- Done invoking toplevel() on ptolemy.moml.MoMLSimpleApplication@1285fc63
reloadAllAccessors: .DiscreteClock22

===========================================================================================
----------------- testing Sun Feb 23 07:08:33 UTC 2020 /home/travis/build/icyphy/ptII/ptolemy/actor/lib/test/auto/DiscreteClock23.xml
----------------- Instantiating /home/travis/build/icyphy/ptII/ptolemy/actor/lib/test/auto/DiscreteClock23.xml
5 ms. Memory: 521216K Free: 286739K (55%)
----------------- Invoking toplevel() on ptolemy.moml.MoMLSimpleApplication@285eb0bb
----------------- Done invoking toplevel() on ptolemy.moml.MoMLSimpleApplication@285eb0bb
reloadAllAccessors: .DiscreteClock23

===========================================================================================
----------------- testing Sun Feb 23 07:08:33 UTC 2020 /home/travis/build/icyphy/ptII/ptolemy/actor/lib/test/auto/DiscreteClock24.xml
----------------- Instantiating /home/travis/build/icyphy/ptII/ptolemy/actor/lib/test/auto/DiscreteClock24.xml
6 ms. Memory: 521216K Free: 281105K (54%)
----------------- Invoking toplevel() on ptolemy.moml.MoMLSimpleApplication@43d2116d
----------------- Done invoking toplevel() on ptolemy.moml.MoMLSimpleApplication@43d2116d
reloadAllAccessors: .DiscreteClock24

===========================================================================================
----------------- testing Sun Feb 23 07:08:33 UTC 2020 /home/travis/build/icyphy/ptII/ptolemy/actor/lib/test/auto/DiscreteClock4.xml
----------------- Instantiating /home/travis/build/icyphy/ptII/ptolemy/actor/lib/test/auto/DiscreteClock4.xml
4 ms. Memory: 521216K Free: 275971K (53%)
----------------- Invoking toplevel() on ptolemy.moml.MoMLSimpleApplication@3221842e
----------------- Done invoking toplevel() on ptolemy.moml.MoMLSimpleApplication@3221842e
reloadAllAccessors: .DiscreteClock4

===========================================================================================
----------------- testing Sun Feb 23 07:08:33 UTC 2020 /home/travis/build/icyphy/ptII/ptolemy/actor/lib/test/auto/DiscreteClock5.xml
----------------- Instantiating /home/travis/build/icyphy/ptII/ptolemy/actor/lib/test/auto/DiscreteClock5.xml
1 ms. Memory: 521216K Free: 270355K (52%)
----------------- Invoking toplevel() on ptolemy.moml.MoMLSimpleApplication@3b38d72c
----------------- Done invoking toplevel() on ptolemy.moml.MoMLSimpleApplication@3b38d72c
reloadAllAccessors: .DiscreteClock5

===========================================================================================
----------------- testing Sun Feb 23 07:08:33 UTC 2020 /home/travis/build/icyphy/ptII/ptolemy/actor/lib/test/auto/DiscreteClock6.xml
----------------- Instantiating /home/travis/build/icyphy/ptII/ptolemy/actor/lib/test/auto/DiscreteClock6.xml
1 ms. Memory: 521216K Free: 265745K (51%)
----------------- Invoking toplevel() on ptolemy.moml.MoMLSimpleApplication@7a5053ae
----------------- Done invoking toplevel() on ptolemy.moml.MoMLSimpleApplication@7a5053ae
reloadAllAccessors: .DiscreteClock6

===========================================================================================
----------------- testing Sun Feb 23 07:08:33 UTC 2020 /home/travis/build/icyphy/ptII/ptolemy/actor/lib/test/auto/DiscreteClock7.xml
----------------- Instantiating /home/travis/build/icyphy/ptII/ptolemy/actor/lib/test/auto/DiscreteClock7.xml
2 ms. Memory: 521216K Free: 260625K (50%)
----------------- Invoking toplevel() on ptolemy.moml.MoMLSimpleApplication@1ffc2c77
----------------- Done invoking toplevel() on ptolemy.moml.MoMLSimpleApplication@1ffc2c77
reloadAllAccessors: .DiscreteClock7

===========================================================================================
----------------- testing Sun Feb 23 07:08:33 UTC 2020 /home/travis/build/icyphy/ptII/ptolemy/actor/lib/test/auto/DiscreteClock8.xml
----------------- Instantiating /home/travis/build/icyphy/ptII/ptolemy/actor/lib/test/auto/DiscreteClock8.xml
5 ms. Memory: 521216K Free: 254995K (49%)
----------------- Invoking toplevel() on ptolemy.moml.MoMLSimpleApplication@3633bc0d
----------------- Done invoking toplevel() on ptolemy.moml.MoMLSimpleApplication@3633bc0d
reloadAllAccessors: .DiscreteClock8

===========================================================================================
----------------- testing Sun Feb 23 07:08:33 UTC 2020 /home/travis/build/icyphy/ptII/ptolemy/actor/lib/test/auto/DiscreteClock9.xml
----------------- Instantiating /home/travis/build/icyphy/ptII/ptolemy/actor/lib/test/auto/DiscreteClock9.xml
4 ms. Memory: 521216K Free: 249347K (48%)
----------------- Invoking toplevel() on ptolemy.moml.MoMLSimpleApplication@1be3e56d
----------------- Done invoking toplevel() on ptolemy.moml.MoMLSimpleApplication@1be3e56d
reloadAllAccessors: .DiscreteClock9

===========================================================================================
----------------- testing Sun Feb 23 07:08:33 UTC 2020 /home/travis/build/icyphy/ptII/ptolemy/actor/lib/test/auto/DisplayArray.xml
----------------- Instantiating /home/travis/build/icyphy/ptII/ptolemy/actor/lib/test/auto/DisplayArray.xml
1 ms. Memory: 521216K Free: 245779K (47%)
----------------- Invoking toplevel() on ptolemy.moml.MoMLSimpleApplication@41eeb901
----------------- Done invoking toplevel() on ptolemy.moml.MoMLSimpleApplication@41eeb901
reloadAllAccessors: .DisplayArray

===========================================================================================
----------------- testing Sun Feb 23 07:08:33 UTC 2020 /home/travis/build/icyphy/ptII/ptolemy/actor/lib/test/auto/Distributor.xml
----------------- Instantiating /home/travis/build/icyphy/ptII/ptolemy/actor/lib/test/auto/Distributor.xml
2 ms. Memory: 521216K Free: 240659K (46%)
----------------- Invoking toplevel() on ptolemy.moml.MoMLSimpleApplication@5ec2de8f
----------------- Done invoking toplevel() on ptolemy.moml.MoMLSimpleApplication@5ec2de8f
reloadAllAccessors: .Distributor

===========================================================================================
----------------- testing Sun Feb 23 07:08:33 UTC 2020 /home/travis/build/icyphy/ptII/ptolemy/actor/lib/test/auto/Distributor2.xml
----------------- Instantiating /home/travis/build/icyphy/ptII/ptolemy/actor/lib/test/auto/Distributor2.xml
2 ms. Memory: 521216K Free: 235539K (45%)
----------------- Invoking toplevel() on ptolemy.moml.MoMLSimpleApplication@4f5ff711
----------------- Done invoking toplevel() on ptolemy.moml.MoMLSimpleApplication@4f5ff711
reloadAllAccessors: .Distributor2

===========================================================================================
----------------- testing Sun Feb 23 07:08:33 UTC 2020 /home/travis/build/icyphy/ptII/ptolemy/actor/lib/test/auto/DownSample.xml
----------------- Instantiating /home/travis/build/icyphy/ptII/ptolemy/actor/lib/test/auto/DownSample.xml
1 ms. Memory: 521216K Free: 231443K (44%)
----------------- Invoking toplevel() on ptolemy.moml.MoMLSimpleApplication@2de5eb2e
----------------- Done invoking toplevel() on ptolemy.moml.MoMLSimpleApplication@2de5eb2e
reloadAllAccessors: .DownSample

===========================================================================================
----------------- testing Sun Feb 23 07:08:33 UTC 2020 /home/travis/build/icyphy/ptII/ptolemy/actor/lib/test/auto/ElectronicUnitBase1.xml
----------------- Instantiating /home/travis/build/icyphy/ptII/ptolemy/actor/lib/test/auto/ElectronicUnitBase1.xml
14 ms. Memory: 521216K Free: 215569K (41%)
----------------- Invoking toplevel() on ptolemy.moml.MoMLSimpleApplication@231eae6b
----------------- Done invoking toplevel() on ptolemy.moml.MoMLSimpleApplication@231eae6b
reloadAllAccessors: .ElectronicUnitBase1

===========================================================================================
----------------- testing Sun Feb 23 07:08:33 UTC 2020 /home/travis/build/icyphy/ptII/ptolemy/actor/lib/test/auto/ElementsToArray.xml
----------------- Instantiating /home/travis/build/icyphy/ptII/ptolemy/actor/lib/test/auto/ElementsToArray.xml
7 ms. Memory: 521216K Free: 210449K (40%)
----------------- Invoking toplevel() on ptolemy.moml.MoMLSimpleApplication@18526a41
----------------- Done invoking toplevel() on ptolemy.moml.MoMLSimpleApplication@18526a41
reloadAllAccessors: .ElementsToArray

===========================================================================================
----------------- testing Sun Feb 23 07:08:33 UTC 2020 /home/travis/build/icyphy/ptII/ptolemy/actor/lib/test/auto/Equals.xml
----------------- Instantiating /home/travis/build/icyphy/ptII/ptolemy/actor/lib/test/auto/Equals.xml
3 ms. Memory: 521216K Free: 205843K (39%)
----------------- Invoking toplevel() on ptolemy.moml.MoMLSimpleApplication@5e00ce93
----------------- Done invoking toplevel() on ptolemy.moml.MoMLSimpleApplication@5e00ce93
reloadAllAccessors: .Equals

===========================================================================================
----------------- testing Sun Feb 23 07:08:33 UTC 2020 /home/travis/build/icyphy/ptII/ptolemy/actor/lib/test/auto/Exec.xml
----------------- Instantiating /home/travis/build/icyphy/ptII/ptolemy/actor/lib/test/auto/Exec.xml
16 ms. Memory: 521216K Free: 200707K (39%)
----------------- Invoking toplevel() on ptolemy.moml.MoMLSimpleApplication@6989eca3
----------------- Done invoking toplevel() on ptolemy.moml.MoMLSimpleApplication@6989eca3
reloadAllAccessors: .Exec

===========================================================================================
----------------- testing Sun Feb 23 07:08:33 UTC 2020 /home/travis/build/icyphy/ptII/ptolemy/actor/lib/test/auto/ExecEnvironment.xml
----------------- Instantiating /home/travis/build/icyphy/ptII/ptolemy/actor/lib/test/auto/ExecEnvironment.xml
22 ms. Memory: 521216K Free: 195603K (38%)
----------------- Invoking toplevel() on ptolemy.moml.MoMLSimpleApplication@5be43a5c
----------------- Done invoking toplevel() on ptolemy.moml.MoMLSimpleApplication@5be43a5c
reloadAllAccessors: .ExecEnvironment

===========================================================================================
----------------- testing Sun Feb 23 07:08:33 UTC 2020 /home/travis/build/icyphy/ptII/ptolemy/actor/lib/test/auto/ExecNonZeroReturnOutput.xml
----------------- Instantiating /home/travis/build/icyphy/ptII/ptolemy/actor/lib/test/auto/ExecNonZeroReturnOutput.xml
180 ms. Memory: 521216K Free: 184849K (35%)
----------------- Invoking toplevel() on ptolemy.moml.MoMLSimpleApplication@199236a5
----------------- Done invoking toplevel() on ptolemy.moml.MoMLSimpleApplication@199236a5
reloadAllAccessors: .ExecNonZeroReturnOutput

===========================================================================================
----------------- testing Sun Feb 23 07:08:33 UTC 2020 /home/travis/build/icyphy/ptII/ptolemy/actor/lib/test/auto/ExecRunDemos.xml
----------------- Instantiating /home/travis/build/icyphy/ptII/ptolemy/actor/lib/test/auto/ExecRunDemos.xml
Finished: 63 ms. Memory: 129024K Free: 112431K (87%)

Finished: 67 ms. Memory: 129024K Free: 109648K (85%)

Finished: 74 ms. Memory: 129024K Free: 109523K (85%)

Finished: 82 ms. Memory: 129024K Free: 111094K (86%)

Finished: 81 ms. Memory: 129024K Free: 111840K (87%)

10769 ms. Memory: 521216K Free: 465129K (89%)
----------------- Invoking toplevel() on ptolemy.moml.MoMLSimpleApplication@2a40a2ce
----------------- Done invoking toplevel() on ptolemy.moml.MoMLSimpleApplication@2a40a2ce
reloadAllAccessors: .ExecRunDemos

===========================================================================================
----------------- testing Sun Feb 23 07:08:44 UTC 2020 /home/travis/build/icyphy/ptII/ptolemy/actor/lib/test/auto/ExecStop.xml
----------------- Instantiating /home/travis/build/icyphy/ptII/ptolemy/actor/lib/test/auto/ExecStop.xml
5017 ms. Memory: 521216K Free: 343057K (66%)
----------------- Invoking toplevel() on ptolemy.moml.MoMLSimpleApplication@7eecaf72
----------------- Done invoking toplevel() on ptolemy.moml.MoMLSimpleApplication@7eecaf72
reloadAllAccessors: .ExecStop

===========================================================================================
----------------- testing Sun Feb 23 07:08:49 UTC 2020 /home/travis/build/icyphy/ptII/ptolemy/actor/lib/test/auto/ExecutionTimeSDF.xml
----------------- Instantiating /home/travis/build/icyphy/ptII/ptolemy/actor/lib/test/auto/ExecutionTimeSDF.xml
Fired ExecutionTime: -492967296
Fired ExecutionTime: 1339200000
Fired ExecutionTime: -204967296
6013 ms. Memory: 521216K Free: 330769K (63%)

===========================================================================================
----------------- testing Sun Feb 23 07:08:55 UTC 2020 /home/travis/build/icyphy/ptII/ptolemy/actor/lib/test/auto/Expression1.xml
----------------- Instantiating /home/travis/build/icyphy/ptII/ptolemy/actor/lib/test/auto/Expression1.xml
1 ms. Memory: 521216K Free: 326163K (63%)
----------------- Invoking toplevel() on ptolemy.moml.MoMLSimpleApplication@70f72edc
----------------- Done invoking toplevel() on ptolemy.moml.MoMLSimpleApplication@70f72edc
reloadAllAccessors: .Expression1

===========================================================================================
----------------- testing Sun Feb 23 07:08:55 UTC 2020 /home/travis/build/icyphy/ptII/ptolemy/actor/lib/test/auto/Expression10.xml
----------------- Instantiating /home/travis/build/icyphy/ptII/ptolemy/actor/lib/test/auto/Expression10.xml
9 ms. Memory: 521216K Free: 320529K (61%)
----------------- Invoking toplevel() on ptolemy.moml.MoMLSimpleApplication@3b7702e3
----------------- Done invoking toplevel() on ptolemy.moml.MoMLSimpleApplication@3b7702e3
reloadAllAccessors: .Expression10

===========================================================================================
----------------- testing Sun Feb 23 07:08:55 UTC 2020 /home/travis/build/icyphy/ptII/ptolemy/actor/lib/test/auto/Expression11.xml
----------------- Instantiating /home/travis/build/icyphy/ptII/ptolemy/actor/lib/test/auto/Expression11.xml
3 ms. Memory: 521216K Free: 315409K (61%)
----------------- Invoking toplevel() on ptolemy.moml.MoMLSimpleApplication@56dcc94a
----------------- Done invoking toplevel() on ptolemy.moml.MoMLSimpleApplication@56dcc94a
reloadAllAccessors: .Expression11

===========================================================================================
----------------- testing Sun Feb 23 07:08:55 UTC 2020 /home/travis/build/icyphy/ptII/ptolemy/actor/lib/test/auto/Expression12.xml
----------------- Instantiating /home/travis/build/icyphy/ptII/ptolemy/actor/lib/test/auto/Expression12.xml
4 ms. Memory: 521216K Free: 309779K (59%)
----------------- Invoking toplevel() on ptolemy.moml.MoMLSimpleApplication@5ed9e483
----------------- Done invoking toplevel() on ptolemy.moml.MoMLSimpleApplication@5ed9e483
reloadAllAccessors: .Expression12

===========================================================================================
----------------- testing Sun Feb 23 07:08:55 UTC 2020 /home/travis/build/icyphy/ptII/ptolemy/actor/lib/test/auto/Expression13.xml
----------------- Instantiating /home/travis/build/icyphy/ptII/ptolemy/actor/lib/test/auto/Expression13.xml
3 ms. Memory: 521216K Free: 304659K (58%)
----------------- Invoking toplevel() on ptolemy.moml.MoMLSimpleApplication@448b14e3
----------------- Done invoking toplevel() on ptolemy.moml.MoMLSimpleApplication@448b14e3
reloadAllAccessors: .Expression13

===========================================================================================
----------------- testing Sun Feb 23 07:08:55 UTC 2020 /home/travis/build/icyphy/ptII/ptolemy/actor/lib/test/auto/Expression14.xml
----------------- Instantiating /home/travis/build/icyphy/ptII/ptolemy/actor/lib/test/auto/Expression14.xml
8 ms. Memory: 521216K Free: 299025K (57%)
----------------- Invoking toplevel() on ptolemy.moml.MoMLSimpleApplication@17b56c1d
----------------- Done invoking toplevel() on ptolemy.moml.MoMLSimpleApplication@17b56c1d
reloadAllAccessors: .Expression14

===========================================================================================
----------------- testing Sun Feb 23 07:08:55 UTC 2020 /home/travis/build/icyphy/ptII/ptolemy/actor/lib/test/auto/Expression15.xml
----------------- Instantiating /home/travis/build/icyphy/ptII/ptolemy/actor/lib/test/auto/Expression15.xml
2 ms. Memory: 521216K Free: 294929K (57%)
----------------- Invoking toplevel() on ptolemy.moml.MoMLSimpleApplication@6d4118f3
----------------- Done invoking toplevel() on ptolemy.moml.MoMLSimpleApplication@6d4118f3
reloadAllAccessors: .Expression15

===========================================================================================
----------------- testing Sun Feb 23 07:08:55 UTC 2020 /home/travis/build/icyphy/ptII/ptolemy/actor/lib/test/auto/Expression16.xml
----------------- Instantiating /home/travis/build/icyphy/ptII/ptolemy/actor/lib/test/auto/Expression16.xml
4 ms. Memory: 521216K Free: 289299K (56%)
----------------- Invoking toplevel() on ptolemy.moml.MoMLSimpleApplication@3ab74594
----------------- Done invoking toplevel() on ptolemy.moml.MoMLSimpleApplication@3ab74594
reloadAllAccessors: .Expression16

===========================================================================================
----------------- testing Sun Feb 23 07:08:55 UTC 2020 /home/travis/build/icyphy/ptII/ptolemy/actor/lib/test/auto/Expression17.xml
----------------- Instantiating /home/travis/build/icyphy/ptII/ptolemy/actor/lib/test/auto/Expression17.xml
5 ms. Memory: 521216K Free: 284179K (55%)
----------------- Invoking toplevel() on ptolemy.moml.MoMLSimpleApplication@77d9c5ea
----------------- Done invoking toplevel() on ptolemy.moml.MoMLSimpleApplication@77d9c5ea
reloadAllAccessors: .Expression17

===========================================================================================
----------------- testing Sun Feb 23 07:08:55 UTC 2020 /home/travis/build/icyphy/ptII/ptolemy/actor/lib/test/auto/Expression18.xml
----------------- Instantiating /home/travis/build/icyphy/ptII/ptolemy/actor/lib/test/auto/Expression18.xml
5 ms. Memory: 521216K Free: 278545K (53%)
----------------- Invoking toplevel() on ptolemy.moml.MoMLSimpleApplication@68437359
----------------- Done invoking toplevel() on ptolemy.moml.MoMLSimpleApplication@68437359
reloadAllAccessors: .Expression18

===========================================================================================
----------------- testing Sun Feb 23 07:08:55 UTC 2020 /home/travis/build/icyphy/ptII/ptolemy/actor/lib/test/auto/Expression2.xml
----------------- Instantiating /home/travis/build/icyphy/ptII/ptolemy/actor/lib/test/auto/Expression2.xml
4 ms. Memory: 521216K Free: 273939K (53%)
----------------- Invoking toplevel() on ptolemy.moml.MoMLSimpleApplication@8239452
----------------- Done invoking toplevel() on ptolemy.moml.MoMLSimpleApplication@8239452
reloadAllAccessors: .Expression2

===========================================================================================
----------------- testing Sun Feb 23 07:08:56 UTC 2020 /home/travis/build/icyphy/ptII/ptolemy/actor/lib/test/auto/Expression3.xml
----------------- Instantiating /home/travis/build/icyphy/ptII/ptolemy/actor/lib/test/auto/Expression3.xml
6 ms. Memory: 521216K Free: 268819K (52%)
----------------- Invoking toplevel() on ptolemy.moml.MoMLSimpleApplication@2d4b96aa
----------------- Done invoking toplevel() on ptolemy.moml.MoMLSimpleApplication@2d4b96aa
reloadAllAccessors: .Expression3

===========================================================================================
----------------- testing Sun Feb 23 07:08:56 UTC 2020 /home/travis/build/icyphy/ptII/ptolemy/actor/lib/test/auto/Expression4.xml
----------------- Instantiating /home/travis/build/icyphy/ptII/ptolemy/actor/lib/test/auto/Expression4.xml
5 ms. Memory: 521216K Free: 261137K (50%)
----------------- Invoking toplevel() on ptolemy.moml.MoMLSimpleApplication@7b3dfe58
----------------- Done invoking toplevel() on ptolemy.moml.MoMLSimpleApplication@7b3dfe58
reloadAllAccessors: .Expression4

===========================================================================================
----------------- testing Sun Feb 23 07:08:56 UTC 2020 /home/travis/build/icyphy/ptII/ptolemy/actor/lib/test/auto/Expression5.xml
----------------- Instantiating /home/travis/build/icyphy/ptII/ptolemy/actor/lib/test/auto/Expression5.xml
4 ms. Memory: 521216K Free: 256017K (49%)
----------------- Invoking toplevel() on ptolemy.moml.MoMLSimpleApplication@5c0ab884
----------------- Done invoking toplevel() on ptolemy.moml.MoMLSimpleApplication@5c0ab884
reloadAllAccessors: .Expression5

===========================================================================================
----------------- testing Sun Feb 23 07:08:56 UTC 2020 /home/travis/build/icyphy/ptII/ptolemy/actor/lib/test/auto/Expression6.xml
----------------- Instantiating /home/travis/build/icyphy/ptII/ptolemy/actor/lib/test/auto/Expression6.xml
2 ms. Memory: 521216K Free: 251411K (48%)
----------------- Invoking toplevel() on ptolemy.moml.MoMLSimpleApplication@5425d4dc
----------------- Done invoking toplevel() on ptolemy.moml.MoMLSimpleApplication@5425d4dc
reloadAllAccessors: .Expression6

===========================================================================================
----------------- testing Sun Feb 23 07:08:56 UTC 2020 /home/travis/build/icyphy/ptII/ptolemy/actor/lib/test/auto/Expression7.xml
----------------- Instantiating /home/travis/build/icyphy/ptII/ptolemy/actor/lib/test/auto/Expression7.xml
2 ms. Memory: 521216K Free: 246291K (47%)
----------------- Invoking toplevel() on ptolemy.moml.MoMLSimpleApplication@466461bf
----------------- Done invoking toplevel() on ptolemy.moml.MoMLSimpleApplication@466461bf
reloadAllAccessors: .Expression7

===========================================================================================
----------------- testing Sun Feb 23 07:08:56 UTC 2020 /home/travis/build/icyphy/ptII/ptolemy/actor/lib/test/auto/Expression8.xml
----------------- Instantiating /home/travis/build/icyphy/ptII/ptolemy/actor/lib/test/auto/Expression8.xml
8 ms. Memory: 521216K Free: 241681K (46%)
----------------- Invoking toplevel() on ptolemy.moml.MoMLSimpleApplication@18799e89
----------------- Done invoking toplevel() on ptolemy.moml.MoMLSimpleApplication@18799e89
reloadAllAccessors: .Expression8

===========================================================================================
----------------- testing Sun Feb 23 07:08:56 UTC 2020 /home/travis/build/icyphy/ptII/ptolemy/actor/lib/test/auto/Expression9.xml
----------------- Instantiating /home/travis/build/icyphy/ptII/ptolemy/actor/lib/test/auto/Expression9.xml
1 ms. Memory: 521216K Free: 237585K (46%)
----------------- Invoking toplevel() on ptolemy.moml.MoMLSimpleApplication@5a12c170
----------------- Done invoking toplevel() on ptolemy.moml.MoMLSimpleApplication@5a12c170
reloadAllAccessors: .Expression9

===========================================================================================
----------------- testing Sun Feb 23 07:08:56 UTC 2020 /home/travis/build/icyphy/ptII/ptolemy/actor/lib/test/auto/ExpressionConcatenateArrayType.xml
----------------- Instantiating /home/travis/build/icyphy/ptII/ptolemy/actor/lib/test/auto/ExpressionConcatenateArrayType.xml
3 ms. Memory: 521216K Free: 230931K (44%)
----------------- Invoking toplevel() on ptolemy.moml.MoMLSimpleApplication@8ad8d9a
----------------- Done invoking toplevel() on ptolemy.moml.MoMLSimpleApplication@8ad8d9a
reloadAllAccessors: .ExpressionConcatenateArrayType

===========================================================================================
----------------- testing Sun Feb 23 07:08:56 UTC 2020 /home/travis/build/icyphy/ptII/ptolemy/actor/lib/test/auto/ExpressionConcatenateArrayType2.xml
----------------- Instantiating /home/travis/build/icyphy/ptII/ptolemy/actor/lib/test/auto/ExpressionConcatenateArrayType2.xml
2 ms. Memory: 521216K Free: 225297K (43%)
----------------- Invoking toplevel() on ptolemy.moml.MoMLSimpleApplication@50a20f10
----------------- Done invoking toplevel() on ptolemy.moml.MoMLSimpleApplication@50a20f10
reloadAllAccessors: .ExpressionConcatenateArrayType2

===========================================================================================
----------------- testing Sun Feb 23 07:08:56 UTC 2020 /home/travis/build/icyphy/ptII/ptolemy/actor/lib/test/auto/ExpressionFix.xml
----------------- Instantiating /home/travis/build/icyphy/ptII/ptolemy/actor/lib/test/auto/ExpressionFix.xml
21 ms. Memory: 521216K Free: 218643K (42%)
----------------- Invoking toplevel() on ptolemy.moml.MoMLSimpleApplication@22efa395
----------------- Done invoking toplevel() on ptolemy.moml.MoMLSimpleApplication@22efa395
reloadAllAccessors: .ExpressionFix

===========================================================================================
----------------- testing Sun Feb 23 07:08:56 UTC 2020 /home/travis/build/icyphy/ptII/ptolemy/actor/lib/test/auto/ExpressionFix2.xml
----------------- Instantiating /home/travis/build/icyphy/ptII/ptolemy/actor/lib/test/auto/ExpressionFix2.xml
4 ms. Memory: 521216K Free: 214547K (41%)
----------------- Invoking toplevel() on ptolemy.moml.MoMLSimpleApplication@60b3ab93
----------------- Done invoking toplevel() on ptolemy.moml.MoMLSimpleApplication@60b3ab93
reloadAllAccessors: .ExpressionFix2

===========================================================================================
----------------- testing Sun Feb 23 07:08:56 UTC 2020 /home/travis/build/icyphy/ptII/ptolemy/actor/lib/test/auto/ExpressionFix3.xml
----------------- Instantiating /home/travis/build/icyphy/ptII/ptolemy/actor/lib/test/auto/ExpressionFix3.xml
4 ms. Memory: 521216K Free: 209937K (40%)
----------------- Invoking toplevel() on ptolemy.moml.MoMLSimpleApplication@544c35e3
----------------- Done invoking toplevel() on ptolemy.moml.MoMLSimpleApplication@544c35e3
reloadAllAccessors: .ExpressionFix3

===========================================================================================
----------------- testing Sun Feb 23 07:08:56 UTC 2020 /home/travis/build/icyphy/ptII/ptolemy/actor/lib/test/auto/FileWriter1.xml
----------------- Instantiating /home/travis/build/icyphy/ptII/ptolemy/actor/lib/test/auto/FileWriter1.xml
2 ms. Memory: 521216K Free: 206355K (40%)
----------------- Invoking toplevel() on ptolemy.moml.MoMLSimpleApplication@4b866879
----------------- Done invoking toplevel() on ptolemy.moml.MoMLSimpleApplication@4b866879
reloadAllAccessors: .FileWriter1

===========================================================================================
----------------- testing Sun Feb 23 07:08:56 UTC 2020 /home/travis/build/icyphy/ptII/ptolemy/actor/lib/test/auto/FileWriter2.xml
----------------- Instantiating /home/travis/build/icyphy/ptII/ptolemy/actor/lib/test/auto/FileWriter2.xml
2 ms. Memory: 521216K Free: 201745K (39%)
----------------- Invoking toplevel() on ptolemy.moml.MoMLSimpleApplication@64cdd459
----------------- Done invoking toplevel() on ptolemy.moml.MoMLSimpleApplication@64cdd459
reloadAllAccessors: .FileWriter2

===========================================================================================
----------------- testing Sun Feb 23 07:08:56 UTC 2020 /home/travis/build/icyphy/ptII/ptolemy/actor/lib/test/auto/FileWriter3.xml
----------------- Instantiating /home/travis/build/icyphy/ptII/ptolemy/actor/lib/test/auto/FileWriter3.xml
1 ms. Memory: 521216K Free: 197649K (38%)
----------------- Invoking toplevel() on ptolemy.moml.MoMLSimpleApplication@55748e24
----------------- Done invoking toplevel() on ptolemy.moml.MoMLSimpleApplication@55748e24
reloadAllAccessors: .FileWriter3

===========================================================================================
----------------- testing Sun Feb 23 07:08:56 UTC 2020 /home/travis/build/icyphy/ptII/ptolemy/actor/lib/test/auto/Gaussian.xml
----------------- Instantiating /home/travis/build/icyphy/ptII/ptolemy/actor/lib/test/auto/Gaussian.xml
4 ms. Memory: 521216K Free: 193043K (37%)
----------------- Invoking toplevel() on ptolemy.moml.MoMLSimpleApplication@28ca6c3f
----------------- Done invoking toplevel() on ptolemy.moml.MoMLSimpleApplication@28ca6c3f
reloadAllAccessors: .Gaussian

===========================================================================================
----------------- testing Sun Feb 23 07:08:56 UTC 2020 /home/travis/build/icyphy/ptII/ptolemy/actor/lib/test/auto/Gaussian1.xml
----------------- Instantiating /home/travis/build/icyphy/ptII/ptolemy/actor/lib/test/auto/Gaussian1.xml
11 ms. Memory: 521216K Free: 187379K (36%)
----------------- Invoking toplevel() on ptolemy.moml.MoMLSimpleApplication@67a4622
----------------- Done invoking toplevel() on ptolemy.moml.MoMLSimpleApplication@67a4622
reloadAllAccessors: .Gaussian1

===========================================================================================
----------------- testing Sun Feb 23 07:08:56 UTC 2020 /home/travis/build/icyphy/ptII/ptolemy/actor/lib/test/auto/Gaussian2.xml
----------------- Instantiating /home/travis/build/icyphy/ptII/ptolemy/actor/lib/test/auto/Gaussian2.xml
2 ms. Memory: 521216K Free: 181779K (35%)
----------------- Invoking toplevel() on ptolemy.moml.MoMLSimpleApplication@699efc44
----------------- Done invoking toplevel() on ptolemy.moml.MoMLSimpleApplication@699efc44
reloadAllAccessors: .Gaussian2

===========================================================================================
----------------- testing Sun Feb 23 07:08:56 UTC 2020 /home/travis/build/icyphy/ptII/ptolemy/actor/lib/test/auto/GradientAdaptiveLattice.xml
----------------- Instantiating /home/travis/build/icyphy/ptII/ptolemy/actor/lib/test/auto/GradientAdaptiveLattice.xml
3 ms. Memory: 521216K Free: 176659K (34%)
----------------- Invoking toplevel() on ptolemy.moml.MoMLSimpleApplication@be8ac23
----------------- Done invoking toplevel() on ptolemy.moml.MoMLSimpleApplication@be8ac23
reloadAllAccessors: .GradientAdaptiveLattice

===========================================================================================
----------------- testing Sun Feb 23 07:08:56 UTC 2020 /home/travis/build/icyphy/ptII/ptolemy/actor/lib/test/auto/IIR.xml
----------------- Instantiating /home/travis/build/icyphy/ptII/ptolemy/actor/lib/test/auto/IIR.xml
1 ms. Memory: 521216K Free: 172563K (33%)
----------------- Invoking toplevel() on ptolemy.moml.MoMLSimpleApplication@badd5e3
----------------- Done invoking toplevel() on ptolemy.moml.MoMLSimpleApplication@badd5e3
reloadAllAccessors: .IIR

===========================================================================================
----------------- testing Sun Feb 23 07:08:56 UTC 2020 /home/travis/build/icyphy/ptII/ptolemy/actor/lib/test/auto/InputOutputTransparentPorts.xml
----------------- Instantiating /home/travis/build/icyphy/ptII/ptolemy/actor/lib/test/auto/InputOutputTransparentPorts.xml
2 ms. Memory: 521216K Free: 466158K (89%)
----------------- Invoking toplevel() on ptolemy.moml.MoMLSimpleApplication@3a5c6598
----------------- Done invoking toplevel() on ptolemy.moml.MoMLSimpleApplication@3a5c6598
reloadAllAccessors: .InputOutputTransparentPorts

===========================================================================================
----------------- testing Sun Feb 23 07:08:56 UTC 2020 /home/travis/build/icyphy/ptII/ptolemy/actor/lib/test/auto/Interpolator.xml
----------------- Instantiating /home/travis/build/icyphy/ptII/ptolemy/actor/lib/test/auto/Interpolator.xml
4 ms. Memory: 521216K Free: 461329K (89%)
----------------- Invoking toplevel() on ptolemy.moml.MoMLSimpleApplication@4e7a5a17
----------------- Done invoking toplevel() on ptolemy.moml.MoMLSimpleApplication@4e7a5a17
reloadAllAccessors: .Interpolator

===========================================================================================
----------------- testing Sun Feb 23 07:08:56 UTC 2020 /home/travis/build/icyphy/ptII/ptolemy/actor/lib/test/auto/InterpolatorFiringLimitDE.xml
----------------- Instantiating /home/travis/build/icyphy/ptII/ptolemy/actor/lib/test/auto/InterpolatorFiringLimitDE.xml
2 ms. Memory: 521216K Free: 455185K (87%)
----------------- Invoking toplevel() on ptolemy.moml.MoMLSimpleApplication@6228dbd9
----------------- Done invoking toplevel() on ptolemy.moml.MoMLSimpleApplication@6228dbd9
reloadAllAccessors: .InterpolatorFiringLimitDE

===========================================================================================
----------------- testing Sun Feb 23 07:08:56 UTC 2020 /home/travis/build/icyphy/ptII/ptolemy/actor/lib/test/auto/Lattice.xml
----------------- Instantiating /home/travis/build/icyphy/ptII/ptolemy/actor/lib/test/auto/Lattice.xml
1 ms. Memory: 521216K Free: 451089K (87%)
----------------- Invoking toplevel() on ptolemy.moml.MoMLSimpleApplication@1e270afb
----------------- Done invoking toplevel() on ptolemy.moml.MoMLSimpleApplication@1e270afb
reloadAllAccessors: .Lattice

===========================================================================================
----------------- testing Sun Feb 23 07:08:56 UTC 2020 /home/travis/build/icyphy/ptII/ptolemy/actor/lib/test/auto/LazyAOCTestLazy.xml
----------------- Instantiating /home/travis/build/icyphy/ptII/ptolemy/actor/lib/test/auto/LazyAOCTestLazy.xml
8 ms. Memory: 521216K Free: 444931K (85%)
----------------- Invoking toplevel() on ptolemy.moml.MoMLSimpleApplication@51977b68
----------------- Done invoking toplevel() on ptolemy.moml.MoMLSimpleApplication@51977b68
reloadAllAccessors: .LazyAOCTestLazy

===========================================================================================
----------------- testing Sun Feb 23 07:08:56 UTC 2020 /home/travis/build/icyphy/ptII/ptolemy/actor/lib/test/auto/LazyAOCTestNonLazy.xml
----------------- Instantiating /home/travis/build/icyphy/ptII/ptolemy/actor/lib/test/auto/LazyAOCTestNonLazy.xml
2 ms. Memory: 521216K Free: 438291K (84%)
----------------- Invoking toplevel() on ptolemy.moml.MoMLSimpleApplication@4c50f6b0
----------------- Done invoking toplevel() on ptolemy.moml.MoMLSimpleApplication@4c50f6b0
reloadAllAccessors: .LazyAOCTestNonLazy

===========================================================================================
----------------- testing Sun Feb 23 07:08:56 UTC 2020 /home/travis/build/icyphy/ptII/ptolemy/actor/lib/test/auto/LazyInnerClass.xml
----------------- Instantiating /home/travis/build/icyphy/ptII/ptolemy/actor/lib/test/auto/LazyInnerClass.xml
11 ms. Memory: 521216K Free: 430099K (83%)
----------------- Invoking toplevel() on ptolemy.moml.MoMLSimpleApplication@24849a10
----------------- Done invoking toplevel() on ptolemy.moml.MoMLSimpleApplication@24849a10
reloadAllAccessors: .LazyInnerClass

===========================================================================================
----------------- testing Sun Feb 23 07:08:56 UTC 2020 /home/travis/build/icyphy/ptII/ptolemy/actor/lib/test/auto/LazyPubSub.xml
----------------- Instantiating /home/travis/build/icyphy/ptII/ptolemy/actor/lib/test/auto/LazyPubSub.xml
24 ms. Memory: 521216K Free: 419859K (81%)
----------------- Invoking toplevel() on ptolemy.moml.MoMLSimpleApplication@62f32975
----------------- Done invoking toplevel() on ptolemy.moml.MoMLSimpleApplication@62f32975
reloadAllAccessors: .LazyPubSub

===========================================================================================
----------------- testing Sun Feb 23 07:08:56 UTC 2020 /home/travis/build/icyphy/ptII/ptolemy/actor/lib/test/auto/LazyPubSub2.xml
----------------- Instantiating /home/travis/build/icyphy/ptII/ptolemy/actor/lib/test/auto/LazyPubSub2.xml
18 ms. Memory: 521216K Free: 410129K (79%)
----------------- Invoking toplevel() on ptolemy.moml.MoMLSimpleApplication@7e038b9e
----------------- Done invoking toplevel() on ptolemy.moml.MoMLSimpleApplication@7e038b9e
reloadAllAccessors: .LazyPubSub2

===========================================================================================
----------------- testing Sun Feb 23 07:08:56 UTC 2020 /home/travis/build/icyphy/ptII/ptolemy/actor/lib/test/auto/LazyPubSub3.xml
----------------- Instantiating /home/travis/build/icyphy/ptII/ptolemy/actor/lib/test/auto/LazyPubSub3.xml
17 ms. Memory: 521216K Free: 399889K (77%)
----------------- Invoking toplevel() on ptolemy.moml.MoMLSimpleApplication@490366e4
----------------- Done invoking toplevel() on ptolemy.moml.MoMLSimpleApplication@490366e4
reloadAllAccessors: .LazyPubSub3

===========================================================================================
----------------- testing Sun Feb 23 07:08:56 UTC 2020 /home/travis/build/icyphy/ptII/ptolemy/actor/lib/test/auto/LazySubClassModel.xml
----------------- Instantiating /home/travis/build/icyphy/ptII/ptolemy/actor/lib/test/auto/LazySubClassModel.xml
2 ms. Memory: 521216K Free: 390673K (75%)
----------------- Invoking toplevel() on ptolemy.moml.MoMLSimpleApplication@2842842d
----------------- Done invoking toplevel() on ptolemy.moml.MoMLSimpleApplication@2842842d
reloadAllAccessors: .LazySubClassModel

===========================================================================================
----------------- testing Sun Feb 23 07:08:56 UTC 2020 /home/travis/build/icyphy/ptII/ptolemy/actor/lib/test/auto/LevelCrossTest1.xml
----------------- Instantiating /home/travis/build/icyphy/ptII/ptolemy/actor/lib/test/auto/LevelCrossTest1.xml
2 ms. Memory: 521216K Free: 385043K (74%)
----------------- Invoking toplevel() on ptolemy.moml.MoMLSimpleApplication@2c01761d
----------------- Done invoking toplevel() on ptolemy.moml.MoMLSimpleApplication@2c01761d
reloadAllAccessors: .broken

===========================================================================================
----------------- testing Sun Feb 23 07:08:56 UTC 2020 /home/travis/build/icyphy/ptII/ptolemy/actor/lib/test/auto/LevelCrossTest10.xml
----------------- Instantiating /home/travis/build/icyphy/ptII/ptolemy/actor/lib/test/auto/LevelCrossTest10.xml
1 ms. Memory: 521216K Free: 377875K (72%)
----------------- Invoking toplevel() on ptolemy.moml.MoMLSimpleApplication@f9245b8
----------------- Done invoking toplevel() on ptolemy.moml.MoMLSimpleApplication@f9245b8
reloadAllAccessors: .LevelCrossTest10

===========================================================================================
----------------- testing Sun Feb 23 07:08:56 UTC 2020 /home/travis/build/icyphy/ptII/ptolemy/actor/lib/test/auto/LevelCrossTest11.xml
----------------- Instantiating /home/travis/build/icyphy/ptII/ptolemy/actor/lib/test/auto/LevelCrossTest11.xml
1 ms. Memory: 521216K Free: 371217K (71%)
----------------- Invoking toplevel() on ptolemy.moml.MoMLSimpleApplication@633a4626
----------------- Done invoking toplevel() on ptolemy.moml.MoMLSimpleApplication@633a4626
reloadAllAccessors: .LevelCrossTest11

===========================================================================================
----------------- testing Sun Feb 23 07:08:56 UTC 2020 /home/travis/build/icyphy/ptII/ptolemy/actor/lib/test/auto/LevelCrossTest12.xml
----------------- Instantiating /home/travis/build/icyphy/ptII/ptolemy/actor/lib/test/auto/LevelCrossTest12.xml
1 ms. Memory: 521216K Free: 363539K (70%)
----------------- Invoking toplevel() on ptolemy.moml.MoMLSimpleApplication@7ca0dc51
----------------- Done invoking toplevel() on ptolemy.moml.MoMLSimpleApplication@7ca0dc51
reloadAllAccessors: .LevelCrossTest12

===========================================================================================
----------------- testing Sun Feb 23 07:08:56 UTC 2020 /home/travis/build/icyphy/ptII/ptolemy/actor/lib/test/auto/LevelCrossTest13.xml
----------------- Instantiating /home/travis/build/icyphy/ptII/ptolemy/actor/lib/test/auto/LevelCrossTest13.xml
1 ms. Memory: 521216K Free: 355347K (68%)
----------------- Invoking toplevel() on ptolemy.moml.MoMLSimpleApplication@57d60af1
----------------- Done invoking toplevel() on ptolemy.moml.MoMLSimpleApplication@57d60af1
reloadAllAccessors: .LevelCrossTest13

===========================================================================================
----------------- testing Sun Feb 23 07:08:56 UTC 2020 /home/travis/build/icyphy/ptII/ptolemy/actor/lib/test/auto/LevelCrossTest2.xml
----------------- Instantiating /home/travis/build/icyphy/ptII/ptolemy/actor/lib/test/auto/LevelCrossTest2.xml
1 ms. Memory: 521216K Free: 349203K (67%)
----------------- Invoking toplevel() on ptolemy.moml.MoMLSimpleApplication@11916fa9
----------------- Done invoking toplevel() on ptolemy.moml.MoMLSimpleApplication@11916fa9
reloadAllAccessors: .broken

===========================================================================================
----------------- testing Sun Feb 23 07:08:56 UTC 2020 /home/travis/build/icyphy/ptII/ptolemy/actor/lib/test/auto/LevelCrossTest3.xml
----------------- Instantiating /home/travis/build/icyphy/ptII/ptolemy/actor/lib/test/auto/LevelCrossTest3.xml
1 ms. Memory: 521216K Free: 343059K (66%)
----------------- Invoking toplevel() on ptolemy.moml.MoMLSimpleApplication@1db631f2
----------------- Done invoking toplevel() on ptolemy.moml.MoMLSimpleApplication@1db631f2
reloadAllAccessors: .LevelCrossTest3

===========================================================================================
----------------- testing Sun Feb 23 07:08:56 UTC 2020 /home/travis/build/icyphy/ptII/ptolemy/actor/lib/test/auto/LevelCrossTest4.xml
----------------- Instantiating /home/travis/build/icyphy/ptII/ptolemy/actor/lib/test/auto/LevelCrossTest4.xml
1 ms. Memory: 521216K Free: 337425K (65%)
----------------- Invoking toplevel() on ptolemy.moml.MoMLSimpleApplication@1dd30281
----------------- Done invoking toplevel() on ptolemy.moml.MoMLSimpleApplication@1dd30281
reloadAllAccessors: .broken

===========================================================================================
----------------- testing Sun Feb 23 07:08:56 UTC 2020 /home/travis/build/icyphy/ptII/ptolemy/actor/lib/test/auto/LevelCrossTest5.xml
----------------- Instantiating /home/travis/build/icyphy/ptII/ptolemy/actor/lib/test/auto/LevelCrossTest5.xml
10 ms. Memory: 521216K Free: 329747K (63%)
----------------- Invoking toplevel() on ptolemy.moml.MoMLSimpleApplication@7b85b24d
----------------- Done invoking toplevel() on ptolemy.moml.MoMLSimpleApplication@7b85b24d
reloadAllAccessors: .LevelCrossTest5

===========================================================================================
----------------- testing Sun Feb 23 07:08:57 UTC 2020 /home/travis/build/icyphy/ptII/ptolemy/actor/lib/test/auto/LevelCrossTest6.xml
----------------- Instantiating /home/travis/build/icyphy/ptII/ptolemy/actor/lib/test/auto/LevelCrossTest6.xml
2 ms. Memory: 521216K Free: 322579K (62%)
----------------- Invoking toplevel() on ptolemy.moml.MoMLSimpleApplication@6c8e6ef8
----------------- Done invoking toplevel() on ptolemy.moml.MoMLSimpleApplication@6c8e6ef8
reloadAllAccessors: .LevelCrossTest6

===========================================================================================
----------------- testing Sun Feb 23 07:08:57 UTC 2020 /home/travis/build/icyphy/ptII/ptolemy/actor/lib/test/auto/LevelCrossTest7.xml
----------------- Instantiating /home/travis/build/icyphy/ptII/ptolemy/actor/lib/test/auto/LevelCrossTest7.xml
2 ms. Memory: 521216K Free: 314897K (60%)
----------------- Invoking toplevel() on ptolemy.moml.MoMLSimpleApplication@587fc9d2
----------------- Done invoking toplevel() on ptolemy.moml.MoMLSimpleApplication@587fc9d2
reloadAllAccessors: .LevelCrossTest7

===========================================================================================
----------------- testing Sun Feb 23 07:08:57 UTC 2020 /home/travis/build/icyphy/ptII/ptolemy/actor/lib/test/auto/LevelCrossTest8.xml
----------------- Instantiating /home/travis/build/icyphy/ptII/ptolemy/actor/lib/test/auto/LevelCrossTest8.xml
10 ms. Memory: 521216K Free: 308243K (59%)
----------------- Invoking toplevel() on ptolemy.moml.MoMLSimpleApplication@4c031eb6
----------------- Done invoking toplevel() on ptolemy.moml.MoMLSimpleApplication@4c031eb6
reloadAllAccessors: .LevelCrossTest8

===========================================================================================
----------------- testing Sun Feb 23 07:08:57 UTC 2020 /home/travis/build/icyphy/ptII/ptolemy/actor/lib/test/auto/LevelCrossTest9.xml
----------------- Instantiating /home/travis/build/icyphy/ptII/ptolemy/actor/lib/test/auto/LevelCrossTest9.xml
2 ms. Memory: 521216K Free: 301075K (58%)
----------------- Invoking toplevel() on ptolemy.moml.MoMLSimpleApplication@7870c4e0
----------------- Done invoking toplevel() on ptolemy.moml.MoMLSimpleApplication@7870c4e0
reloadAllAccessors: .LevelCrossTest9

===========================================================================================
----------------- testing Sun Feb 23 07:08:57 UTC 2020 /home/travis/build/icyphy/ptII/ptolemy/actor/lib/test/auto/LevinsonDurbin.xml
----------------- Instantiating /home/travis/build/icyphy/ptII/ptolemy/actor/lib/test/auto/LevinsonDurbin.xml
2 ms. Memory: 521216K Free: 296979K (57%)
----------------- Invoking toplevel() on ptolemy.moml.MoMLSimpleApplication@3756e8d6
----------------- Done invoking toplevel() on ptolemy.moml.MoMLSimpleApplication@3756e8d6
reloadAllAccessors: .LevinsonDurbin

===========================================================================================
----------------- testing Sun Feb 23 07:08:57 UTC 2020 /home/travis/build/icyphy/ptII/ptolemy/actor/lib/test/auto/LevinsonDurbin2.xml
----------------- Instantiating /home/travis/build/icyphy/ptII/ptolemy/actor/lib/test/auto/LevinsonDurbin2.xml
1 ms. Memory: 521216K Free: 292883K (56%)
----------------- Invoking toplevel() on ptolemy.moml.MoMLSimpleApplication@c4a74e0
----------------- Done invoking toplevel() on ptolemy.moml.MoMLSimpleApplication@c4a74e0
reloadAllAccessors: .LevinsonDurbin2

===========================================================================================
----------------- testing Sun Feb 23 07:08:57 UTC 2020 /home/travis/build/icyphy/ptII/ptolemy/actor/lib/test/auto/LevinsonDurbin3.xml
----------------- Instantiating /home/travis/build/icyphy/ptII/ptolemy/actor/lib/test/auto/LevinsonDurbin3.xml
2 ms. Memory: 521216K Free: 288787K (55%)
----------------- Invoking toplevel() on ptolemy.moml.MoMLSimpleApplication@6f6e06d7
----------------- Done invoking toplevel() on ptolemy.moml.MoMLSimpleApplication@6f6e06d7
reloadAllAccessors: .LevinsonDurbin3

===========================================================================================
----------------- testing Sun Feb 23 07:08:57 UTC 2020 /home/travis/build/icyphy/ptII/ptolemy/actor/lib/test/auto/Limiter.xml
----------------- Instantiating /home/travis/build/icyphy/ptII/ptolemy/actor/lib/test/auto/Limiter.xml
10 ms. Memory: 521216K Free: 279571K (54%)
----------------- Invoking toplevel() on ptolemy.moml.MoMLSimpleApplication@54e9c81e
----------------- Done invoking toplevel() on ptolemy.moml.MoMLSimpleApplication@54e9c81e
reloadAllAccessors: .Limiter

===========================================================================================
----------------- testing Sun Feb 23 07:08:57 UTC 2020 /home/travis/build/icyphy/ptII/ptolemy/actor/lib/test/auto/LinearDifferenceEquationSystem.xml
----------------- Instantiating /home/travis/build/icyphy/ptII/ptolemy/actor/lib/test/auto/LinearDifferenceEquationSystem.xml
4 ms. Memory: 521216K Free: 272403K (52%)
----------------- Invoking toplevel() on ptolemy.moml.MoMLSimpleApplication@6d8c2e99
----------------- Done invoking toplevel() on ptolemy.moml.MoMLSimpleApplication@6d8c2e99
reloadAllAccessors: .LinearDifferenceEquationSystem

===========================================================================================
----------------- testing Sun Feb 23 07:08:57 UTC 2020 /home/travis/build/icyphy/ptII/ptolemy/actor/lib/test/auto/LookupTable.xml
----------------- Instantiating /home/travis/build/icyphy/ptII/ptolemy/actor/lib/test/auto/LookupTable.xml
2 ms. Memory: 521216K Free: 267793K (51%)
----------------- Invoking toplevel() on ptolemy.moml.MoMLSimpleApplication@704aa624
----------------- Done invoking toplevel() on ptolemy.moml.MoMLSimpleApplication@704aa624
reloadAllAccessors: .LookupTable

===========================================================================================
----------------- testing Sun Feb 23 07:08:57 UTC 2020 /home/travis/build/icyphy/ptII/ptolemy/actor/lib/test/auto/MathFunction.xml
----------------- Instantiating /home/travis/build/icyphy/ptII/ptolemy/actor/lib/test/auto/MathFunction.xml
2 ms. Memory: 521216K Free: 259601K (50%)
----------------- Invoking toplevel() on ptolemy.moml.MoMLSimpleApplication@4c64d7f8
----------------- Done invoking toplevel() on ptolemy.moml.MoMLSimpleApplication@4c64d7f8
reloadAllAccessors: .MathFunction

===========================================================================================
----------------- testing Sun Feb 23 07:08:57 UTC 2020 /home/travis/build/icyphy/ptII/ptolemy/actor/lib/test/auto/MathFunction2.xml
----------------- Instantiating /home/travis/build/icyphy/ptII/ptolemy/actor/lib/test/auto/MathFunction2.xml
1 ms. Memory: 521216K Free: 255505K (49%)
----------------- Invoking toplevel() on ptolemy.moml.MoMLSimpleApplication@79678f90
----------------- Done invoking toplevel() on ptolemy.moml.MoMLSimpleApplication@79678f90
reloadAllAccessors: .MathFunction2

===========================================================================================
----------------- testing Sun Feb 23 07:08:57 UTC 2020 /home/travis/build/icyphy/ptII/ptolemy/actor/lib/test/auto/MathFunction3.xml
----------------- Instantiating /home/travis/build/icyphy/ptII/ptolemy/actor/lib/test/auto/MathFunction3.xml
2 ms. Memory: 521216K Free: 248337K (48%)
----------------- Invoking toplevel() on ptolemy.moml.MoMLSimpleApplication@6c049aac
----------------- Done invoking toplevel() on ptolemy.moml.MoMLSimpleApplication@6c049aac
reloadAllAccessors: .MathFunction3

===========================================================================================
----------------- testing Sun Feb 23 07:08:57 UTC 2020 /home/travis/build/icyphy/ptII/ptolemy/actor/lib/test/auto/MatrixCropBoolean.xml
----------------- Instantiating /home/travis/build/icyphy/ptII/ptolemy/actor/lib/test/auto/MatrixCropBoolean.xml
2 ms. Memory: 521216K Free: 243187K (47%)
----------------- Invoking toplevel() on ptolemy.moml.MoMLSimpleApplication@5fd52c4f
----------------- Done invoking toplevel() on ptolemy.moml.MoMLSimpleApplication@5fd52c4f
reloadAllAccessors: .MatrixCropBoolean

===========================================================================================
----------------- testing Sun Feb 23 07:08:57 UTC 2020 /home/travis/build/icyphy/ptII/ptolemy/actor/lib/test/auto/MatrixCropComplex.xml
----------------- Instantiating /home/travis/build/icyphy/ptII/ptolemy/actor/lib/test/auto/MatrixCropComplex.xml
2 ms. Memory: 521216K Free: 238067K (46%)
----------------- Invoking toplevel() on ptolemy.moml.MoMLSimpleApplication@7262dc00
----------------- Done invoking toplevel() on ptolemy.moml.MoMLSimpleApplication@7262dc00
reloadAllAccessors: .MatrixCropComplex

===========================================================================================
----------------- testing Sun Feb 23 07:08:57 UTC 2020 /home/travis/build/icyphy/ptII/ptolemy/actor/lib/test/auto/MatrixCropDouble.xml
----------------- Instantiating /home/travis/build/icyphy/ptII/ptolemy/actor/lib/test/auto/MatrixCropDouble.xml
3 ms. Memory: 521216K Free: 232947K (45%)
----------------- Invoking toplevel() on ptolemy.moml.MoMLSimpleApplication@515c65cc
----------------- Done invoking toplevel() on ptolemy.moml.MoMLSimpleApplication@515c65cc
reloadAllAccessors: .MatrixCropDouble

===========================================================================================
----------------- testing Sun Feb 23 07:08:57 UTC 2020 /home/travis/build/icyphy/ptII/ptolemy/actor/lib/test/auto/MatrixCropFix.xml
----------------- Instantiating /home/travis/build/icyphy/ptII/ptolemy/actor/lib/test/auto/MatrixCropFix.xml
1 ms. Memory: 521216K Free: 227827K (44%)
----------------- Invoking toplevel() on ptolemy.moml.MoMLSimpleApplication@66417c29
----------------- Done invoking toplevel() on ptolemy.moml.MoMLSimpleApplication@66417c29
reloadAllAccessors: .MatrixCropFix

===========================================================================================
----------------- testing Sun Feb 23 07:08:57 UTC 2020 /home/travis/build/icyphy/ptII/ptolemy/actor/lib/test/auto/MatrixCropInt.xml
----------------- Instantiating /home/travis/build/icyphy/ptII/ptolemy/actor/lib/test/auto/MatrixCropInt.xml
2 ms. Memory: 521216K Free: 223251K (43%)
----------------- Invoking toplevel() on ptolemy.moml.MoMLSimpleApplication@2637a57
----------------- Done invoking toplevel() on ptolemy.moml.MoMLSimpleApplication@2637a57
reloadAllAccessors: .MatrixCropInt

===========================================================================================
----------------- testing Sun Feb 23 07:08:57 UTC 2020 /home/travis/build/icyphy/ptII/ptolemy/actor/lib/test/auto/MatrixCropLong.xml
----------------- Instantiating /home/travis/build/icyphy/ptII/ptolemy/actor/lib/test/auto/MatrixCropLong.xml
1 ms. Memory: 521216K Free: 217587K (42%)
----------------- Invoking toplevel() on ptolemy.moml.MoMLSimpleApplication@3c81d2e5
----------------- Done invoking toplevel() on ptolemy.moml.MoMLSimpleApplication@3c81d2e5
reloadAllAccessors: .MatrixCropLong

===========================================================================================
----------------- testing Sun Feb 23 07:08:57 UTC 2020 /home/travis/build/icyphy/ptII/ptolemy/actor/lib/test/auto/MatrixToArray.xml
----------------- Instantiating /home/travis/build/icyphy/ptII/ptolemy/actor/lib/test/auto/MatrixToArray.xml
6 ms. Memory: 521216K Free: 202771K (39%)
----------------- Invoking toplevel() on ptolemy.moml.MoMLSimpleApplication@5808c239
----------------- Done invoking toplevel() on ptolemy.moml.MoMLSimpleApplication@5808c239
reloadAllAccessors: .MatrixToArray

===========================================================================================
----------------- testing Sun Feb 23 07:08:57 UTC 2020 /home/travis/build/icyphy/ptII/ptolemy/actor/lib/test/auto/MaxIndex.xml
----------------- Instantiating /home/travis/build/icyphy/ptII/ptolemy/actor/lib/test/auto/MaxIndex.xml
2 ms. Memory: 521216K Free: 197651K (38%)
----------------- Invoking toplevel() on ptolemy.moml.MoMLSimpleApplication@7631c131
----------------- Done invoking toplevel() on ptolemy.moml.MoMLSimpleApplication@7631c131
reloadAllAccessors: .MaxIndex

===========================================================================================
----------------- testing Sun Feb 23 07:08:57 UTC 2020 /home/travis/build/icyphy/ptII/ptolemy/actor/lib/test/auto/Maximum.xml
----------------- Instantiating /home/travis/build/icyphy/ptII/ptolemy/actor/lib/test/auto/Maximum.xml
6 ms. Memory: 521216K Free: 190963K (37%)
----------------- Invoking toplevel() on ptolemy.moml.MoMLSimpleApplication@7fb9497
----------------- Done invoking toplevel() on ptolemy.moml.MoMLSimpleApplication@7fb9497
reloadAllAccessors: .Maximum

===========================================================================================
----------------- testing Sun Feb 23 07:08:57 UTC 2020 /home/travis/build/icyphy/ptII/ptolemy/actor/lib/test/auto/MaximumComplex.xml
----------------- Instantiating /home/travis/build/icyphy/ptII/ptolemy/actor/lib/test/auto/MaximumComplex.xml
5 ms. Memory: 521216K Free: 184849K (35%)
----------------- Invoking toplevel() on ptolemy.moml.MoMLSimpleApplication@7e18d084
----------------- Done invoking toplevel() on ptolemy.moml.MoMLSimpleApplication@7e18d084
reloadAllAccessors: .MaximumComplex

===========================================================================================
----------------- testing Sun Feb 23 07:08:57 UTC 2020 /home/travis/build/icyphy/ptII/ptolemy/actor/lib/test/auto/MethodCallTest.xml
----------------- Instantiating /home/travis/build/icyphy/ptII/ptolemy/actor/lib/test/auto/MethodCallTest.xml
2 ms. Memory: 521216K Free: 178195K (34%)
----------------- Invoking toplevel() on ptolemy.moml.MoMLSimpleApplication@46247f2e
----------------- Done invoking toplevel() on ptolemy.moml.MoMLSimpleApplication@46247f2e
reloadAllAccessors: .MethodCallTest

===========================================================================================
----------------- testing Sun Feb 23 07:08:57 UTC 2020 /home/travis/build/icyphy/ptII/ptolemy/actor/lib/test/auto/Minimum.xml
----------------- Instantiating /home/travis/build/icyphy/ptII/ptolemy/actor/lib/test/auto/Minimum.xml
3 ms. Memory: 521216K Free: 171523K (33%)
----------------- Invoking toplevel() on ptolemy.moml.MoMLSimpleApplication@10db80d5
----------------- Done invoking toplevel() on ptolemy.moml.MoMLSimpleApplication@10db80d5
reloadAllAccessors: .Minimum

===========================================================================================
----------------- testing Sun Feb 23 07:08:57 UTC 2020 /home/travis/build/icyphy/ptII/ptolemy/actor/lib/test/auto/MinimumComplex.xml
----------------- Instantiating /home/travis/build/icyphy/ptII/ptolemy/actor/lib/test/auto/MinimumComplex.xml
2 ms. Memory: 521216K Free: 466947K (90%)
----------------- Invoking toplevel() on ptolemy.moml.MoMLSimpleApplication@22a64086
----------------- Done invoking toplevel() on ptolemy.moml.MoMLSimpleApplication@22a64086
reloadAllAccessors: .MinimumComplex

===========================================================================================
----------------- testing Sun Feb 23 07:08:57 UTC 2020 /home/travis/build/icyphy/ptII/ptolemy/actor/lib/test/auto/MinimumMultiports.xml
----------------- Instantiating /home/travis/build/icyphy/ptII/ptolemy/actor/lib/test/auto/MinimumMultiports.xml
3 ms. Memory: 521216K Free: 457731K (88%)
----------------- Invoking toplevel() on ptolemy.moml.MoMLSimpleApplication@4332ac41
----------------- Done invoking toplevel() on ptolemy.moml.MoMLSimpleApplication@4332ac41
reloadAllAccessors: .MinimumMultiports

===========================================================================================
----------------- testing Sun Feb 23 07:08:57 UTC 2020 /home/travis/build/icyphy/ptII/ptolemy/actor/lib/test/auto/ModifyDate.xml
----------------- Instantiating /home/travis/build/icyphy/ptII/ptolemy/actor/lib/test/auto/ModifyDate.xml
9 ms. Memory: 521216K Free: 444433K (85%)
----------------- Invoking toplevel() on ptolemy.moml.MoMLSimpleApplication@5aa68a13
----------------- Done invoking toplevel() on ptolemy.moml.MoMLSimpleApplication@5aa68a13
reloadAllAccessors: .ModifyDate

===========================================================================================
----------------- testing Sun Feb 23 07:08:57 UTC 2020 /home/travis/build/icyphy/ptII/ptolemy/actor/lib/test/auto/ModifyDate2.xml
----------------- Instantiating /home/travis/build/icyphy/ptII/ptolemy/actor/lib/test/auto/ModifyDate2.xml
3 ms. Memory: 521216K Free: 435731K (84%)
----------------- Invoking toplevel() on ptolemy.moml.MoMLSimpleApplication@19f9baad
----------------- Done invoking toplevel() on ptolemy.moml.MoMLSimpleApplication@19f9baad
reloadAllAccessors: .ModifyDate2

===========================================================================================
----------------- testing Sun Feb 23 07:08:57 UTC 2020 /home/travis/build/icyphy/ptII/ptolemy/actor/lib/test/auto/MovingAverage.xml
----------------- Instantiating /home/travis/build/icyphy/ptII/ptolemy/actor/lib/test/auto/MovingAverage.xml
1 ms. Memory: 521216K Free: 430611K (83%)
----------------- Invoking toplevel() on ptolemy.moml.MoMLSimpleApplication@811f2d4
----------------- Done invoking toplevel() on ptolemy.moml.MoMLSimpleApplication@811f2d4
reloadAllAccessors: .MovingAverage

===========================================================================================
----------------- testing Sun Feb 23 07:08:57 UTC 2020 /home/travis/build/icyphy/ptII/ptolemy/actor/lib/test/auto/MovingMaximum.xml
----------------- Instantiating /home/travis/build/icyphy/ptII/ptolemy/actor/lib/test/auto/MovingMaximum.xml
2 ms. Memory: 521216K Free: 426001K (82%)
----------------- Invoking toplevel() on ptolemy.moml.MoMLSimpleApplication@43ce5d
----------------- Done invoking toplevel() on ptolemy.moml.MoMLSimpleApplication@43ce5d
reloadAllAccessors: .MovingMaximum

===========================================================================================
----------------- testing Sun Feb 23 07:08:57 UTC 2020 /home/travis/build/icyphy/ptII/ptolemy/actor/lib/test/auto/MultipleLinksToSameRelation.xml
----------------- Instantiating /home/travis/build/icyphy/ptII/ptolemy/actor/lib/test/auto/MultipleLinksToSameRelation.xml
3 ms. Memory: 521216K Free: 421905K (81%)
----------------- Invoking toplevel() on ptolemy.moml.MoMLSimpleApplication@4366f7f2
----------------- Done invoking toplevel() on ptolemy.moml.MoMLSimpleApplication@4366f7f2
reloadAllAccessors: .MultipleLinksToSameRelation

===========================================================================================
----------------- testing Sun Feb 23 07:08:57 UTC 2020 /home/travis/build/icyphy/ptII/ptolemy/actor/lib/test/auto/MultipleLinksToSameRelationDE.xml
----------------- Instantiating /home/travis/build/icyphy/ptII/ptolemy/actor/lib/test/auto/MultipleLinksToSameRelationDE.xml
1 ms. Memory: 521216K Free: 417299K (80%)
----------------- Invoking toplevel() on ptolemy.moml.MoMLSimpleApplication@548acaa2
----------------- Done invoking toplevel() on ptolemy.moml.MoMLSimpleApplication@548acaa2
reloadAllAccessors: .MultipleLinksToSameRelationDE

===========================================================================================
----------------- testing Sun Feb 23 07:08:57 UTC 2020 /home/travis/build/icyphy/ptII/ptolemy/actor/lib/test/auto/Multiplexor.xml
----------------- Instantiating /home/travis/build/icyphy/ptII/ptolemy/actor/lib/test/auto/Multiplexor.xml
2 ms. Memory: 521216K Free: 411665K (79%)
----------------- Invoking toplevel() on ptolemy.moml.MoMLSimpleApplication@1c4b49d1
----------------- Done invoking toplevel() on ptolemy.moml.MoMLSimpleApplication@1c4b49d1
reloadAllAccessors: .Multiplexor

===========================================================================================
----------------- testing Sun Feb 23 07:08:57 UTC 2020 /home/travis/build/icyphy/ptII/ptolemy/actor/lib/test/auto/Multiplexor1.xml
----------------- Instantiating /home/travis/build/icyphy/ptII/ptolemy/actor/lib/test/auto/Multiplexor1.xml
2 ms. Memory: 521216K Free: 406035K (78%)
----------------- Invoking toplevel() on ptolemy.moml.MoMLSimpleApplication@17a74208
----------------- Done invoking toplevel() on ptolemy.moml.MoMLSimpleApplication@17a74208
reloadAllAccessors: .Multiplexor1

===========================================================================================
----------------- testing Sun Feb 23 07:08:57 UTC 2020 /home/travis/build/icyphy/ptII/ptolemy/actor/lib/test/auto/Multiplexor2.xml
----------------- Instantiating /home/travis/build/icyphy/ptII/ptolemy/actor/lib/test/auto/Multiplexor2.xml
7 ms. Memory: 521216K Free: 399377K (77%)
----------------- Invoking toplevel() on ptolemy.moml.MoMLSimpleApplication@2018d2e9
----------------- Done invoking toplevel() on ptolemy.moml.MoMLSimpleApplication@2018d2e9
reloadAllAccessors: .Multiplexor2

===========================================================================================
----------------- testing Sun Feb 23 07:08:57 UTC 2020 /home/travis/build/icyphy/ptII/ptolemy/actor/lib/test/auto/Multiplexor3.xml
----------------- Instantiating /home/travis/build/icyphy/ptII/ptolemy/actor/lib/test/auto/Multiplexor3.xml
2 ms. Memory: 521216K Free: 395281K (76%)
----------------- Invoking toplevel() on ptolemy.moml.MoMLSimpleApplication@7dff683b
----------------- Done invoking toplevel() on ptolemy.moml.MoMLSimpleApplication@7dff683b
reloadAllAccessors: .Multiplexor3

===========================================================================================
----------------- testing Sun Feb 23 07:08:57 UTC 2020 /home/travis/build/icyphy/ptII/ptolemy/actor/lib/test/auto/MultiplexorDE.xml
----------------- Instantiating /home/travis/build/icyphy/ptII/ptolemy/actor/lib/test/auto/MultiplexorDE.xml
2 ms. Memory: 521216K Free: 387603K (74%)
----------------- Invoking toplevel() on ptolemy.moml.MoMLSimpleApplication@4fc04a8
----------------- Done invoking toplevel() on ptolemy.moml.MoMLSimpleApplication@4fc04a8
reloadAllAccessors: .MultiplexorDE

===========================================================================================
----------------- testing Sun Feb 23 07:08:57 UTC 2020 /home/travis/build/icyphy/ptII/ptolemy/actor/lib/test/auto/MultiportBroadcastTest.xml
----------------- Instantiating /home/travis/build/icyphy/ptII/ptolemy/actor/lib/test/auto/MultiportBroadcastTest.xml
94 ms. Memory: 521216K Free: 381457K (73%)
----------------- Invoking toplevel() on ptolemy.moml.MoMLSimpleApplication@72e2268e
----------------- Done invoking toplevel() on ptolemy.moml.MoMLSimpleApplication@72e2268e
reloadAllAccessors: .MultiportBroadcastTest

===========================================================================================
----------------- testing Sun Feb 23 07:08:57 UTC 2020 /home/travis/build/icyphy/ptII/ptolemy/actor/lib/test/auto/MultiportOutHangDuringGetWidth.xml
----------------- Instantiating /home/travis/build/icyphy/ptII/ptolemy/actor/lib/test/auto/MultiportOutHangDuringGetWidth.xml
5 ms. Memory: 521216K Free: 369667K (71%)
----------------- Invoking toplevel() on ptolemy.moml.MoMLSimpleApplication@661789bd
----------------- Done invoking toplevel() on ptolemy.moml.MoMLSimpleApplication@661789bd
reloadAllAccessors: .MultiportOutHangDuringGetWidth

===========================================================================================
----------------- testing Sun Feb 23 07:08:57 UTC 2020 /home/travis/build/icyphy/ptII/ptolemy/actor/lib/test/auto/NilToken.xml
----------------- Instantiating /home/travis/build/icyphy/ptII/ptolemy/actor/lib/test/auto/NilToken.xml
1 ms. Memory: 521216K Free: 365585K (70%)
----------------- Invoking toplevel() on ptolemy.moml.MoMLSimpleApplication@489efdaa
----------------- Done invoking toplevel() on ptolemy.moml.MoMLSimpleApplication@489efdaa
reloadAllAccessors: .NilToken

===========================================================================================
----------------- testing Sun Feb 23 07:08:58 UTC 2020 /home/travis/build/icyphy/ptII/ptolemy/actor/lib/test/auto/NilTokenNonStrictTest.xml
----------------- Instantiating /home/travis/build/icyphy/ptII/ptolemy/actor/lib/test/auto/NilTokenNonStrictTest.xml
2 ms. Memory: 521216K Free: 360465K (69%)
----------------- Invoking toplevel() on ptolemy.moml.MoMLSimpleApplication@7e409c51
----------------- Done invoking toplevel() on ptolemy.moml.MoMLSimpleApplication@7e409c51
reloadAllAccessors: .NilTokenNonStrictTest

===========================================================================================
----------------- testing Sun Feb 23 07:08:58 UTC 2020 /home/travis/build/icyphy/ptII/ptolemy/actor/lib/test/auto/NilTokenRecord.xml
----------------- Instantiating /home/travis/build/icyphy/ptII/ptolemy/actor/lib/test/auto/NilTokenRecord.xml
6 ms. Memory: 521216K Free: 353811K (68%)
----------------- Invoking toplevel() on ptolemy.moml.MoMLSimpleApplication@aa0abca
----------------- Done invoking toplevel() on ptolemy.moml.MoMLSimpleApplication@aa0abca
reloadAllAccessors: .NilTokenRecord

===========================================================================================
----------------- testing Sun Feb 23 07:08:58 UTC 2020 /home/travis/build/icyphy/ptII/ptolemy/actor/lib/test/auto/NilTokenTypeTest.xml
----------------- Instantiating /home/travis/build/icyphy/ptII/ptolemy/actor/lib/test/auto/NilTokenTypeTest.xml
11 ms. Memory: 521216K Free: 344081K (66%)
----------------- Invoking toplevel() on ptolemy.moml.MoMLSimpleApplication@2aa2eb94
----------------- Done invoking toplevel() on ptolemy.moml.MoMLSimpleApplication@2aa2eb94
reloadAllAccessors: .NilTokenTypeTest

===========================================================================================
----------------- testing Sun Feb 23 07:08:58 UTC 2020 /home/travis/build/icyphy/ptII/ptolemy/actor/lib/test/auto/ObjectToken1.xml
----------------- Instantiating /home/travis/build/icyphy/ptII/ptolemy/actor/lib/test/auto/ObjectToken1.xml
2 ms. Memory: 521216K Free: 339985K (65%)
----------------- Invoking toplevel() on ptolemy.moml.MoMLSimpleApplication@60cdbf9f
----------------- Done invoking toplevel() on ptolemy.moml.MoMLSimpleApplication@60cdbf9f
reloadAllAccessors: .ObjectToken1

===========================================================================================
----------------- testing Sun Feb 23 07:08:58 UTC 2020 /home/travis/build/icyphy/ptII/ptolemy/actor/lib/test/auto/OrderedMerge.xml
----------------- Instantiating /home/travis/build/icyphy/ptII/ptolemy/actor/lib/test/auto/OrderedMerge.xml
14 ms. Memory: 521216K Free: 334355K (64%)
----------------- Invoking toplevel() on ptolemy.moml.MoMLSimpleApplication@115f1620
----------------- Done invoking toplevel() on ptolemy.moml.MoMLSimpleApplication@115f1620
reloadAllAccessors: .OrderedMerge

===========================================================================================
----------------- testing Sun Feb 23 07:08:58 UTC 2020 /home/travis/build/icyphy/ptII/ptolemy/actor/lib/test/auto/OrderedRecordDisassembler.xml
----------------- Instantiating /home/travis/build/icyphy/ptII/ptolemy/actor/lib/test/auto/OrderedRecordDisassembler.xml
7 ms. Memory: 521216K Free: 329235K (63%)
----------------- Invoking toplevel() on ptolemy.moml.MoMLSimpleApplication@41aeeaa6
----------------- Done invoking toplevel() on ptolemy.moml.MoMLSimpleApplication@41aeeaa6
reloadAllAccessors: .OrderedRecordDisassembler

===========================================================================================
----------------- testing Sun Feb 23 07:08:58 UTC 2020 /home/travis/build/icyphy/ptII/ptolemy/actor/lib/test/auto/OrderedRecordDisassembler2.xml
----------------- Instantiating /home/travis/build/icyphy/ptII/ptolemy/actor/lib/test/auto/OrderedRecordDisassembler2.xml
4 ms. Memory: 521216K Free: 321523K (62%)
----------------- Invoking toplevel() on ptolemy.moml.MoMLSimpleApplication@b0b13c2
----------------- Done invoking toplevel() on ptolemy.moml.MoMLSimpleApplication@b0b13c2
reloadAllAccessors: .OrderedRecordDisassembler2

===========================================================================================
----------------- testing Sun Feb 23 07:08:58 UTC 2020 /home/travis/build/icyphy/ptII/ptolemy/actor/lib/test/auto/OrderedRecordUpdater.xml
----------------- Instantiating /home/travis/build/icyphy/ptII/ptolemy/actor/lib/test/auto/OrderedRecordUpdater.xml
2 ms. Memory: 521216K Free: 315923K (61%)
----------------- Invoking toplevel() on ptolemy.moml.MoMLSimpleApplication@12a2c652
----------------- Done invoking toplevel() on ptolemy.moml.MoMLSimpleApplication@12a2c652
reloadAllAccessors: .RecordUpdater

===========================================================================================
----------------- testing Sun Feb 23 07:08:58 UTC 2020 /home/travis/build/icyphy/ptII/ptolemy/actor/lib/test/auto/OrderedRecordUpdater2.xml
----------------- Instantiating /home/travis/build/icyphy/ptII/ptolemy/actor/lib/test/auto/OrderedRecordUpdater2.xml
2 ms. Memory: 521216K Free: 311313K (60%)
----------------- Invoking toplevel() on ptolemy.moml.MoMLSimpleApplication@5437ce3a
----------------- Done invoking toplevel() on ptolemy.moml.MoMLSimpleApplication@5437ce3a
reloadAllAccessors: .RecordUpdater2

===========================================================================================
----------------- testing Sun Feb 23 07:08:58 UTC 2020 /home/travis/build/icyphy/ptII/ptolemy/actor/lib/test/auto/PhaseUnwrap.xml
----------------- Instantiating /home/travis/build/icyphy/ptII/ptolemy/actor/lib/test/auto/PhaseUnwrap.xml
1 ms. Memory: 521216K Free: 306707K (59%)
----------------- Invoking toplevel() on ptolemy.moml.MoMLSimpleApplication@30b1c8f1
----------------- Done invoking toplevel() on ptolemy.moml.MoMLSimpleApplication@30b1c8f1
reloadAllAccessors: .PhaseUnwrap

===========================================================================================
----------------- testing Sun Feb 23 07:08:58 UTC 2020 /home/travis/build/icyphy/ptII/ptolemy/actor/lib/test/auto/PoissonClock.xml
----------------- Instantiating /home/travis/build/icyphy/ptII/ptolemy/actor/lib/test/auto/PoissonClock.xml
2 ms. Memory: 521216K Free: 302611K (58%)
----------------- Invoking toplevel() on ptolemy.moml.MoMLSimpleApplication@5afeaa26
----------------- Done invoking toplevel() on ptolemy.moml.MoMLSimpleApplication@5afeaa26
reloadAllAccessors: .PoissonClock

===========================================================================================
----------------- testing Sun Feb 23 07:08:58 UTC 2020 /home/travis/build/icyphy/ptII/ptolemy/actor/lib/test/auto/PoissonClock2.xml
----------------- Instantiating /home/travis/build/icyphy/ptII/ptolemy/actor/lib/test/auto/PoissonClock2.xml
1 ms. Memory: 521216K Free: 298001K (57%)
----------------- Invoking toplevel() on ptolemy.moml.MoMLSimpleApplication@3eec5a10
----------------- Done invoking toplevel() on ptolemy.moml.MoMLSimpleApplication@3eec5a10
reloadAllAccessors: .PoissonClock2

===========================================================================================
----------------- testing Sun Feb 23 07:08:58 UTC 2020 /home/travis/build/icyphy/ptII/ptolemy/actor/lib/test/auto/PoissonClock3.xml
----------------- Instantiating /home/travis/build/icyphy/ptII/ptolemy/actor/lib/test/auto/PoissonClock3.xml
1 ms. Memory: 521216K Free: 293395K (56%)
----------------- Invoking toplevel() on ptolemy.moml.MoMLSimpleApplication@b4117d3
----------------- Done invoking toplevel() on ptolemy.moml.MoMLSimpleApplication@b4117d3
reloadAllAccessors: .PoissonClock3

===========================================================================================
----------------- testing Sun Feb 23 07:08:58 UTC 2020 /home/travis/build/icyphy/ptII/ptolemy/actor/lib/test/auto/PubSubWithInitialTokens.xml
----------------- Instantiating /home/travis/build/icyphy/ptII/ptolemy/actor/lib/test/auto/PubSubWithInitialTokens.xml
2 ms. Memory: 521216K Free: 287747K (55%)
----------------- Invoking toplevel() on ptolemy.moml.MoMLSimpleApplication@5b0fe147
----------------- Done invoking toplevel() on ptolemy.moml.MoMLSimpleApplication@5b0fe147
reloadAllAccessors: .PubSubWithInitialTokens

===========================================================================================
----------------- testing Sun Feb 23 07:08:58 UTC 2020 /home/travis/build/icyphy/ptII/ptolemy/actor/lib/test/auto/PubSubWithInitialTokens2.xml
----------------- Instantiating /home/travis/build/icyphy/ptII/ptolemy/actor/lib/test/auto/PubSubWithInitialTokens2.xml
2 ms. Memory: 521216K Free: 281587K (54%)
----------------- Invoking toplevel() on ptolemy.moml.MoMLSimpleApplication@3be5eb35
----------------- Done invoking toplevel() on ptolemy.moml.MoMLSimpleApplication@3be5eb35
reloadAllAccessors: .PubSubWithInitialTokens2

===========================================================================================
----------------- testing Sun Feb 23 07:08:58 UTC 2020 /home/travis/build/icyphy/ptII/ptolemy/actor/lib/test/auto/PublisherClassNoParameter.xml
----------------- Instantiating /home/travis/build/icyphy/ptII/ptolemy/actor/lib/test/auto/PublisherClassNoParameter.xml
2 ms. Memory: 521216K Free: 271377K (52%)
----------------- Invoking toplevel() on ptolemy.moml.MoMLSimpleApplication@17d972a2
----------------- Done invoking toplevel() on ptolemy.moml.MoMLSimpleApplication@17d972a2
reloadAllAccessors: .PublisherClassNoParameter

===========================================================================================
----------------- testing Sun Feb 23 07:08:58 UTC 2020 /home/travis/build/icyphy/ptII/ptolemy/actor/lib/test/auto/PublisherClassParameter.xml
----------------- Instantiating /home/travis/build/icyphy/ptII/ptolemy/actor/lib/test/auto/PublisherClassParameter.xml
1 ms. Memory: 521216K Free: 261137K (50%)
----------------- Invoking toplevel() on ptolemy.moml.MoMLSimpleApplication@52783ec2
----------------- Done invoking toplevel() on ptolemy.moml.MoMLSimpleApplication@52783ec2
reloadAllAccessors: .PublisherClassParameter

===========================================================================================
----------------- testing Sun Feb 23 07:08:58 UTC 2020 /home/travis/build/icyphy/ptII/ptolemy/actor/lib/test/auto/PublisherNonStrictTest.xml
----------------- Instantiating /home/travis/build/icyphy/ptII/ptolemy/actor/lib/test/auto/PublisherNonStrictTest.xml
2 ms. Memory: 521216K Free: 253459K (49%)
----------------- Invoking toplevel() on ptolemy.moml.MoMLSimpleApplication@18089fb3
----------------- Done invoking toplevel() on ptolemy.moml.MoMLSimpleApplication@18089fb3
reloadAllAccessors: .PublisherNonStrictTest

===========================================================================================
----------------- testing Sun Feb 23 07:08:58 UTC 2020 /home/travis/build/icyphy/ptII/ptolemy/actor/lib/test/auto/PublisherPort1.xml
----------------- Instantiating /home/travis/build/icyphy/ptII/ptolemy/actor/lib/test/auto/PublisherPort1.xml
2 ms. Memory: 521216K Free: 247315K (47%)
----------------- Invoking toplevel() on ptolemy.moml.MoMLSimpleApplication@6280993
----------------- Done invoking toplevel() on ptolemy.moml.MoMLSimpleApplication@6280993
reloadAllAccessors: .PublisherPort1

===========================================================================================
----------------- testing Sun Feb 23 07:08:58 UTC 2020 /home/travis/build/icyphy/ptII/ptolemy/actor/lib/test/auto/PublisherPort2.xml
----------------- Instantiating /home/travis/build/icyphy/ptII/ptolemy/actor/lib/test/auto/PublisherPort2.xml
9 ms. Memory: 521216K Free: 242195K (46%)
----------------- Invoking toplevel() on ptolemy.moml.MoMLSimpleApplication@4de9be92
----------------- Done invoking toplevel() on ptolemy.moml.MoMLSimpleApplication@4de9be92
reloadAllAccessors: .PublisherPort2

===========================================================================================
----------------- testing Sun Feb 23 07:08:58 UTC 2020 /home/travis/build/icyphy/ptII/ptolemy/actor/lib/test/auto/PublisherPort3.xml
----------------- Instantiating /home/travis/build/icyphy/ptII/ptolemy/actor/lib/test/auto/PublisherPort3.xml
3 ms. Memory: 521216K Free: 235507K (45%)
----------------- Invoking toplevel() on ptolemy.moml.MoMLSimpleApplication@33716592
----------------- Done invoking toplevel() on ptolemy.moml.MoMLSimpleApplication@33716592
reloadAllAccessors: .PublisherPort3

===========================================================================================
----------------- testing Sun Feb 23 07:08:58 UTC 2020 /home/travis/build/icyphy/ptII/ptolemy/actor/lib/test/auto/PublisherPort4.xml
----------------- Instantiating /home/travis/build/icyphy/ptII/ptolemy/actor/lib/test/auto/PublisherPort4.xml
2 ms. Memory: 521216K Free: 229907K (44%)
----------------- Invoking toplevel() on ptolemy.moml.MoMLSimpleApplication@4b7aedaa
----------------- Done invoking toplevel() on ptolemy.moml.MoMLSimpleApplication@4b7aedaa
reloadAllAccessors: .PublisherPort4

===========================================================================================
----------------- testing Sun Feb 23 07:08:58 UTC 2020 /home/travis/build/icyphy/ptII/ptolemy/actor/lib/test/auto/PublisherPort5.xml
----------------- Instantiating /home/travis/build/icyphy/ptII/ptolemy/actor/lib/test/auto/PublisherPort5.xml
3 ms. Memory: 521216K Free: 222225K (43%)
----------------- Invoking toplevel() on ptolemy.moml.MoMLSimpleApplication@34f08ae1
----------------- Done invoking toplevel() on ptolemy.moml.MoMLSimpleApplication@34f08ae1
reloadAllAccessors: .PublisherPort5

===========================================================================================
----------------- testing Sun Feb 23 07:08:58 UTC 2020 /home/travis/build/icyphy/ptII/ptolemy/actor/lib/test/auto/PublisherPort5LookAlike.xml
----------------- Instantiating /home/travis/build/icyphy/ptII/ptolemy/actor/lib/test/auto/PublisherPort5LookAlike.xml
3 ms. Memory: 521216K Free: 214547K (41%)
----------------- Invoking toplevel() on ptolemy.moml.MoMLSimpleApplication@73abbb0e
----------------- Done invoking toplevel() on ptolemy.moml.MoMLSimpleApplication@73abbb0e
reloadAllAccessors: .PublisherPort5LookAlike

===========================================================================================
----------------- testing Sun Feb 23 07:08:58 UTC 2020 /home/travis/build/icyphy/ptII/ptolemy/actor/lib/test/auto/PublisherPort6.xml
----------------- Instantiating /home/travis/build/icyphy/ptII/ptolemy/actor/lib/test/auto/PublisherPort6.xml
4 ms. Memory: 521216K Free: 207875K (40%)
----------------- Invoking toplevel() on ptolemy.moml.MoMLSimpleApplication@5137038a
----------------- Done invoking toplevel() on ptolemy.moml.MoMLSimpleApplication@5137038a
reloadAllAccessors: .PublisherPort6

===========================================================================================
----------------- testing Sun Feb 23 07:08:58 UTC 2020 /home/travis/build/icyphy/ptII/ptolemy/actor/lib/test/auto/PublisherPort7.xml
----------------- Instantiating /home/travis/build/icyphy/ptII/ptolemy/actor/lib/test/auto/PublisherPort7.xml
4 ms. Memory: 521216K Free: 200211K (38%)
----------------- Invoking toplevel() on ptolemy.moml.MoMLSimpleApplication@252f26a6
----------------- Done invoking toplevel() on ptolemy.moml.MoMLSimpleApplication@252f26a6
reloadAllAccessors: .PublisherPort7

===========================================================================================
----------------- testing Sun Feb 23 07:08:58 UTC 2020 /home/travis/build/icyphy/ptII/ptolemy/actor/lib/test/auto/PublisherPort8.xml
----------------- Instantiating /home/travis/build/icyphy/ptII/ptolemy/actor/lib/test/auto/PublisherPort8.xml
12 ms. Memory: 521216K Free: 191505K (37%)
----------------- Invoking toplevel() on ptolemy.moml.MoMLSimpleApplication@6562cea0
----------------- Done invoking toplevel() on ptolemy.moml.MoMLSimpleApplication@6562cea0
reloadAllAccessors: .PublisherPort8

===========================================================================================
----------------- testing Sun Feb 23 07:08:58 UTC 2020 /home/travis/build/icyphy/ptII/ptolemy/actor/lib/test/auto/PublisherPortSubscriberChannelVariablesAOC2.xml
----------------- Instantiating /home/travis/build/icyphy/ptII/ptolemy/actor/lib/test/auto/PublisherPortSubscriberChannelVariablesAOC2.xml
2 ms. Memory: 521216K Free: 173587K (33%)
----------------- Invoking toplevel() on ptolemy.moml.MoMLSimpleApplication@142042af
----------------- Done invoking toplevel() on ptolemy.moml.MoMLSimpleApplication@142042af
reloadAllAccessors: .PublisherPortSubscriberChannelVariablesAOC2

===========================================================================================
----------------- testing Sun Feb 23 07:08:58 UTC 2020 /home/travis/build/icyphy/ptII/ptolemy/actor/lib/test/auto/PublisherPortSubscriberOpaqueWidthInference.xml
----------------- Instantiating /home/travis/build/icyphy/ptII/ptolemy/actor/lib/test/auto/PublisherPortSubscriberOpaqueWidthInference.xml
4 ms. Memory: 521216K Free: 465939K (89%)
----------------- Invoking toplevel() on ptolemy.moml.MoMLSimpleApplication@31e589f9
----------------- Done invoking toplevel() on ptolemy.moml.MoMLSimpleApplication@31e589f9
reloadAllAccessors: .PublisherPortSubscriberOpaqueWidthInference

===========================================================================================
----------------- testing Sun Feb 23 07:08:58 UTC 2020 /home/travis/build/icyphy/ptII/ptolemy/actor/lib/test/auto/PublisherPortSubscriberPortAdjacent.xml
----------------- Instantiating /home/travis/build/icyphy/ptII/ptolemy/actor/lib/test/auto/PublisherPortSubscriberPortAdjacent.xml
2 ms. Memory: 521216K Free: 457233K (88%)
----------------- Invoking toplevel() on ptolemy.moml.MoMLSimpleApplication@14691977
----------------- Done invoking toplevel() on ptolemy.moml.MoMLSimpleApplication@14691977
reloadAllAccessors: .PublisherPortSubscriberPortAdjacent

===========================================================================================
----------------- testing Sun Feb 23 07:08:58 UTC 2020 /home/travis/build/icyphy/ptII/ptolemy/actor/lib/test/auto/PublisherPortSubscriberPortExpression.xml
----------------- Instantiating /home/travis/build/icyphy/ptII/ptolemy/actor/lib/test/auto/PublisherPortSubscriberPortExpression.xml
3 ms. Memory: 521216K Free: 449555K (86%)
----------------- Invoking toplevel() on ptolemy.moml.MoMLSimpleApplication@6d1e4014
----------------- Done invoking toplevel() on ptolemy.moml.MoMLSimpleApplication@6d1e4014
reloadAllAccessors: .PublisherPortSubscriberPortExpression

===========================================================================================
----------------- testing Sun Feb 23 07:08:58 UTC 2020 /home/travis/build/icyphy/ptII/ptolemy/actor/lib/test/auto/PublisherPortSubscriberPortOpaqueD3Reverse.xml
----------------- Instantiating /home/travis/build/icyphy/ptII/ptolemy/actor/lib/test/auto/PublisherPortSubscriberPortOpaqueD3Reverse.xml
6 ms. Memory: 521216K Free: 439315K (84%)
----------------- Invoking toplevel() on ptolemy.moml.MoMLSimpleApplication@42d65840
----------------- Done invoking toplevel() on ptolemy.moml.MoMLSimpleApplication@42d65840
reloadAllAccessors: .PublisherPortSubscriberPortOpaqueD3Reverse

===========================================================================================
----------------- testing Sun Feb 23 07:08:58 UTC 2020 /home/travis/build/icyphy/ptII/ptolemy/actor/lib/test/auto/PublisherPortSubscriberPortOpaqueWidthInference.xml
----------------- Instantiating /home/travis/build/icyphy/ptII/ptolemy/actor/lib/test/auto/PublisherPortSubscriberPortOpaqueWidthInference.xml
3 ms. Memory: 521216K Free: 431619K (83%)
----------------- Invoking toplevel() on ptolemy.moml.MoMLSimpleApplication@5520e55d
----------------- Done invoking toplevel() on ptolemy.moml.MoMLSimpleApplication@5520e55d
reloadAllAccessors: .PublisherPortSubscriberPortOpaqueWidthInference

===========================================================================================
----------------- testing Sun Feb 23 07:08:58 UTC 2020 /home/travis/build/icyphy/ptII/ptolemy/actor/lib/test/auto/PublisherPortToplevelSubscriberPortAOC.xml
----------------- Instantiating /home/travis/build/icyphy/ptII/ptolemy/actor/lib/test/auto/PublisherPortToplevelSubscriberPortAOC.xml
.PublisherPortToplevelSubscriberPortAOC.TestExceptionAttribute: initialize() was not invoked, but wrapup() was.  This is unusual, but not always a problem.  For example, exporting JNLP will do this.
1 ms. Memory: 521216K Free: 425489K (82%)
----------------- Invoking toplevel() on ptolemy.moml.MoMLSimpleApplication@70524557
----------------- Done invoking toplevel() on ptolemy.moml.MoMLSimpleApplication@70524557
reloadAllAccessors: .PublisherPortToplevelSubscriberPortAOC

===========================================================================================
----------------- testing Sun Feb 23 07:08:58 UTC 2020 /home/travis/build/icyphy/ptII/ptolemy/actor/lib/test/auto/PublisherSubscriber.xml
----------------- Instantiating /home/travis/build/icyphy/ptII/ptolemy/actor/lib/test/auto/PublisherSubscriber.xml
2 ms. Memory: 521216K Free: 417811K (80%)
----------------- Invoking toplevel() on ptolemy.moml.MoMLSimpleApplication@440dcfc9
----------------- Done invoking toplevel() on ptolemy.moml.MoMLSimpleApplication@440dcfc9
reloadAllAccessors: .PublisherSubscriber

===========================================================================================
----------------- testing Sun Feb 23 07:08:58 UTC 2020 /home/travis/build/icyphy/ptII/ptolemy/actor/lib/test/auto/PublisherSubscriber10.xml
----------------- Instantiating /home/travis/build/icyphy/ptII/ptolemy/actor/lib/test/auto/PublisherSubscriber10.xml
6 ms. Memory: 521216K Free: 408081K (78%)
----------------- Invoking toplevel() on ptolemy.moml.MoMLSimpleApplication@61d6094e
----------------- Done invoking toplevel() on ptolemy.moml.MoMLSimpleApplication@61d6094e
reloadAllAccessors: .PublisherSubscriber10

===========================================================================================
----------------- testing Sun Feb 23 07:08:58 UTC 2020 /home/travis/build/icyphy/ptII/ptolemy/actor/lib/test/auto/PublisherSubscriber10InitialOutputs.xml
----------------- Instantiating /home/travis/build/icyphy/ptII/ptolemy/actor/lib/test/auto/PublisherSubscriber10InitialOutputs.xml
18 ms. Memory: 521216K Free: 398355K (76%)
----------------- Invoking toplevel() on ptolemy.moml.MoMLSimpleApplication@315c2e69
----------------- Done invoking toplevel() on ptolemy.moml.MoMLSimpleApplication@315c2e69
reloadAllAccessors: .PublisherSubscriber10InitialOutputs

===========================================================================================
----------------- testing Sun Feb 23 07:08:58 UTC 2020 /home/travis/build/icyphy/ptII/ptolemy/actor/lib/test/auto/PublisherSubscriber11.xml
----------------- Instantiating /home/travis/build/icyphy/ptII/ptolemy/actor/lib/test/auto/PublisherSubscriber11.xml
3 ms. Memory: 521216K Free: 392211K (75%)
----------------- Invoking toplevel() on ptolemy.moml.MoMLSimpleApplication@2260fcbd
----------------- Done invoking toplevel() on ptolemy.moml.MoMLSimpleApplication@2260fcbd
reloadAllAccessors: .PublisherSubscriber11

===========================================================================================
----------------- testing Sun Feb 23 07:08:58 UTC 2020 /home/travis/build/icyphy/ptII/ptolemy/actor/lib/test/auto/PublisherSubscriber12.xml
----------------- Instantiating /home/travis/build/icyphy/ptII/ptolemy/actor/lib/test/auto/PublisherSubscriber12.xml
3 ms. Memory: 521216K Free: 385043K (74%)
----------------- Invoking toplevel() on ptolemy.moml.MoMLSimpleApplication@6bd175cc
----------------- Done invoking toplevel() on ptolemy.moml.MoMLSimpleApplication@6bd175cc
reloadAllAccessors: .PublisherSubscriber12

===========================================================================================
----------------- testing Sun Feb 23 07:08:58 UTC 2020 /home/travis/build/icyphy/ptII/ptolemy/actor/lib/test/auto/PublisherSubscriber13.xml
----------------- Instantiating /home/travis/build/icyphy/ptII/ptolemy/actor/lib/test/auto/PublisherSubscriber13.xml
2 ms. Memory: 521216K Free: 379379K (73%)
----------------- Invoking toplevel() on ptolemy.moml.MoMLSimpleApplication@55658905
----------------- Done invoking toplevel() on ptolemy.moml.MoMLSimpleApplication@55658905
reloadAllAccessors: .PublisherSubscriber13

===========================================================================================
----------------- testing Sun Feb 23 07:08:58 UTC 2020 /home/travis/build/icyphy/ptII/ptolemy/actor/lib/test/auto/PublisherSubscriber14.xml
----------------- Instantiating /home/travis/build/icyphy/ptII/ptolemy/actor/lib/test/auto/PublisherSubscriber14.xml
2 ms. Memory: 521216K Free: 370707K (71%)
----------------- Invoking toplevel() on ptolemy.moml.MoMLSimpleApplication@4fb2e94f
----------------- Done invoking toplevel() on ptolemy.moml.MoMLSimpleApplication@4fb2e94f
reloadAllAccessors: .PublisherSubscriber14

===========================================================================================
----------------- testing Sun Feb 23 07:08:58 UTC 2020 /home/travis/build/icyphy/ptII/ptolemy/actor/lib/test/auto/PublisherSubscriber2.xml
----------------- Instantiating /home/travis/build/icyphy/ptII/ptolemy/actor/lib/test/auto/PublisherSubscriber2.xml
6 ms. Memory: 521216K Free: 365073K (70%)
----------------- Invoking toplevel() on ptolemy.moml.MoMLSimpleApplication@58fc6e30
----------------- Done invoking toplevel() on ptolemy.moml.MoMLSimpleApplication@58fc6e30
reloadAllAccessors: .PublisherSubscriber2

===========================================================================================
----------------- testing Sun Feb 23 07:08:58 UTC 2020 /home/travis/build/icyphy/ptII/ptolemy/actor/lib/test/auto/PublisherSubscriber3.xml
----------------- Instantiating /home/travis/build/icyphy/ptII/ptolemy/actor/lib/test/auto/PublisherSubscriber3.xml
2 ms. Memory: 521216K Free: 358915K (69%)
----------------- Invoking toplevel() on ptolemy.moml.MoMLSimpleApplication@3728e707
----------------- Done invoking toplevel() on ptolemy.moml.MoMLSimpleApplication@3728e707
reloadAllAccessors: .PublisherSubscriber3

===========================================================================================
----------------- testing Sun Feb 23 07:08:58 UTC 2020 /home/travis/build/icyphy/ptII/ptolemy/actor/lib/test/auto/PublisherSubscriber4.xml
----------------- Instantiating /home/travis/build/icyphy/ptII/ptolemy/actor/lib/test/auto/PublisherSubscriber4.xml
2 ms. Memory: 521216K Free: 353795K (68%)
----------------- Invoking toplevel() on ptolemy.moml.MoMLSimpleApplication@1759469f
----------------- Done invoking toplevel() on ptolemy.moml.MoMLSimpleApplication@1759469f
reloadAllAccessors: .PublisherSubscriber4

===========================================================================================
----------------- testing Sun Feb 23 07:08:58 UTC 2020 /home/travis/build/icyphy/ptII/ptolemy/actor/lib/test/auto/PublisherSubscriber5.xml
----------------- Instantiating /home/travis/build/icyphy/ptII/ptolemy/actor/lib/test/auto/PublisherSubscriber5.xml
2 ms. Memory: 521216K Free: 347155K (67%)
----------------- Invoking toplevel() on ptolemy.moml.MoMLSimpleApplication@4b3ac11
----------------- Done invoking toplevel() on ptolemy.moml.MoMLSimpleApplication@4b3ac11
reloadAllAccessors: .PublisherSubscriber5

===========================================================================================
----------------- testing Sun Feb 23 07:08:58 UTC 2020 /home/travis/build/icyphy/ptII/ptolemy/actor/lib/test/auto/PublisherSubscriber6.xml
----------------- Instantiating /home/travis/build/icyphy/ptII/ptolemy/actor/lib/test/auto/PublisherSubscriber6.xml
6 ms. Memory: 521216K Free: 340497K (65%)
----------------- Invoking toplevel() on ptolemy.moml.MoMLSimpleApplication@168b23a1
----------------- Done invoking toplevel() on ptolemy.moml.MoMLSimpleApplication@168b23a1
reloadAllAccessors: .PublisherSubscriber6

===========================================================================================
----------------- testing Sun Feb 23 07:08:59 UTC 2020 /home/travis/build/icyphy/ptII/ptolemy/actor/lib/test/auto/PublisherSubscriber7.xml
----------------- Instantiating /home/travis/build/icyphy/ptII/ptolemy/actor/lib/test/auto/PublisherSubscriber7.xml
11 ms. Memory: 521216K Free: 333843K (64%)
----------------- Invoking toplevel() on ptolemy.moml.MoMLSimpleApplication@6c310bdc
----------------- Done invoking toplevel() on ptolemy.moml.MoMLSimpleApplication@6c310bdc
reloadAllAccessors: .PublisherSubscriber7

===========================================================================================
----------------- testing Sun Feb 23 07:08:59 UTC 2020 /home/travis/build/icyphy/ptII/ptolemy/actor/lib/test/auto/PublisherSubscriber8.xml
----------------- Instantiating /home/travis/build/icyphy/ptII/ptolemy/actor/lib/test/auto/PublisherSubscriber8.xml
12 ms. Memory: 521216K Free: 321555K (62%)
----------------- Invoking toplevel() on ptolemy.moml.MoMLSimpleApplication@37f2276c
----------------- Done invoking toplevel() on ptolemy.moml.MoMLSimpleApplication@37f2276c
reloadAllAccessors: .PublisherSubscriber8

===========================================================================================
----------------- testing Sun Feb 23 07:08:59 UTC 2020 /home/travis/build/icyphy/ptII/ptolemy/actor/lib/test/auto/PublisherSubscriber9.xml
----------------- Instantiating /home/travis/build/icyphy/ptII/ptolemy/actor/lib/test/auto/PublisherSubscriber9.xml
3 ms. Memory: 521216K Free: 314387K (60%)
----------------- Invoking toplevel() on ptolemy.moml.MoMLSimpleApplication@7bdb7055
----------------- Done invoking toplevel() on ptolemy.moml.MoMLSimpleApplication@7bdb7055
reloadAllAccessors: .PublisherSubscriber9

===========================================================================================
----------------- testing Sun Feb 23 07:08:59 UTC 2020 /home/travis/build/icyphy/ptII/ptolemy/actor/lib/test/auto/PublisherSubscriberAdjacent.xml
----------------- Instantiating /home/travis/build/icyphy/ptII/ptolemy/actor/lib/test/auto/PublisherSubscriberAdjacent.xml
2 ms. Memory: 521216K Free: 306195K (59%)
----------------- Invoking toplevel() on ptolemy.moml.MoMLSimpleApplication@15fb2fd3
----------------- Done invoking toplevel() on ptolemy.moml.MoMLSimpleApplication@15fb2fd3
reloadAllAccessors: .PublisherSubscriberAdjacent

===========================================================================================
----------------- testing Sun Feb 23 07:08:59 UTC 2020 /home/travis/build/icyphy/ptII/ptolemy/actor/lib/test/auto/PublisherSubscriberChannelVariablesAOC2.xml
----------------- Instantiating /home/travis/build/icyphy/ptII/ptolemy/actor/lib/test/auto/PublisherSubscriberChannelVariablesAOC2.xml
3 ms. Memory: 521216K Free: 290835K (56%)
----------------- Invoking toplevel() on ptolemy.moml.MoMLSimpleApplication@7122b802
----------------- Done invoking toplevel() on ptolemy.moml.MoMLSimpleApplication@7122b802
reloadAllAccessors: .PublisherSubscriberChannelVariablesAOC2

===========================================================================================
----------------- testing Sun Feb 23 07:08:59 UTC 2020 /home/travis/build/icyphy/ptII/ptolemy/actor/lib/test/auto/PublisherSubscriberD3.xml
----------------- Instantiating /home/travis/build/icyphy/ptII/ptolemy/actor/lib/test/auto/PublisherSubscriberD3.xml
2 ms. Memory: 521216K Free: 283667K (54%)
----------------- Invoking toplevel() on ptolemy.moml.MoMLSimpleApplication@6d90ab7c
----------------- Done invoking toplevel() on ptolemy.moml.MoMLSimpleApplication@6d90ab7c
reloadAllAccessors: .PublisherSubscriberD3

===========================================================================================
----------------- testing Sun Feb 23 07:08:59 UTC 2020 /home/travis/build/icyphy/ptII/ptolemy/actor/lib/test/auto/PublisherSubscriberD3Reverse.xml
----------------- Instantiating /home/travis/build/icyphy/ptII/ptolemy/actor/lib/test/auto/PublisherSubscriberD3Reverse.xml
2 ms. Memory: 521216K Free: 277009K (53%)
----------------- Invoking toplevel() on ptolemy.moml.MoMLSimpleApplication@5a5b4923
----------------- Done invoking toplevel() on ptolemy.moml.MoMLSimpleApplication@5a5b4923
reloadAllAccessors: .PublisherSubscriberD3Reverse

===========================================================================================
----------------- testing Sun Feb 23 07:08:59 UTC 2020 /home/travis/build/icyphy/ptII/ptolemy/actor/lib/test/auto/PublisherSubscriberExpression.xml
----------------- Instantiating /home/travis/build/icyphy/ptII/ptolemy/actor/lib/test/auto/PublisherSubscriberExpression.xml
3 ms. Memory: 521216K Free: 268307K (51%)
----------------- Invoking toplevel() on ptolemy.moml.MoMLSimpleApplication@63d3a626
----------------- Done invoking toplevel() on ptolemy.moml.MoMLSimpleApplication@63d3a626
reloadAllAccessors: .PublisherSubscriberExpression

===========================================================================================
----------------- testing Sun Feb 23 07:08:59 UTC 2020 /home/travis/build/icyphy/ptII/ptolemy/actor/lib/test/auto/PublisherSubscriberOpaque.xml
----------------- Instantiating /home/travis/build/icyphy/ptII/ptolemy/actor/lib/test/auto/PublisherSubscriberOpaque.xml
4 ms. Memory: 521216K Free: 260115K (50%)
----------------- Invoking toplevel() on ptolemy.moml.MoMLSimpleApplication@65e50378
----------------- Done invoking toplevel() on ptolemy.moml.MoMLSimpleApplication@65e50378
reloadAllAccessors: .PublisherSubscriberOpaque

===========================================================================================
----------------- testing Sun Feb 23 07:08:59 UTC 2020 /home/travis/build/icyphy/ptII/ptolemy/actor/lib/test/auto/PublisherSubscriberOpaqueD3.xml
----------------- Instantiating /home/travis/build/icyphy/ptII/ptolemy/actor/lib/test/auto/PublisherSubscriberOpaqueD3.xml
8 ms. Memory: 521216K Free: 248851K (48%)
----------------- Invoking toplevel() on ptolemy.moml.MoMLSimpleApplication@31f2e535
----------------- Done invoking toplevel() on ptolemy.moml.MoMLSimpleApplication@31f2e535
reloadAllAccessors: .PublisherSubscriberOpaqueD3

===========================================================================================
----------------- testing Sun Feb 23 07:08:59 UTC 2020 /home/travis/build/icyphy/ptII/ptolemy/actor/lib/test/auto/PublisherSubscriberOpaqueD3Reverse.xml
----------------- Instantiating /home/travis/build/icyphy/ptII/ptolemy/actor/lib/test/auto/PublisherSubscriberOpaqueD3Reverse.xml
6 ms. Memory: 521216K Free: 238097K (46%)
----------------- Invoking toplevel() on ptolemy.moml.MoMLSimpleApplication@290ff19
----------------- Done invoking toplevel() on ptolemy.moml.MoMLSimpleApplication@290ff19
reloadAllAccessors: .PublisherSubscriberOpaqueD3Reverse

===========================================================================================
----------------- testing Sun Feb 23 07:08:59 UTC 2020 /home/travis/build/icyphy/ptII/ptolemy/actor/lib/test/auto/PublisherSubscriberOpaqueWidthInference.xml
----------------- Instantiating /home/travis/build/icyphy/ptII/ptolemy/actor/lib/test/auto/PublisherSubscriberOpaqueWidthInference.xml
3 ms. Memory: 521216K Free: 229395K (44%)
----------------- Invoking toplevel() on ptolemy.moml.MoMLSimpleApplication@1bd7bb10
----------------- Done invoking toplevel() on ptolemy.moml.MoMLSimpleApplication@1bd7bb10
reloadAllAccessors: .PublisherSubscriberOpaqueWidthInference

===========================================================================================
----------------- testing Sun Feb 23 07:08:59 UTC 2020 /home/travis/build/icyphy/ptII/ptolemy/actor/lib/test/auto/PublisherTestSubscriber.xml
----------------- Instantiating /home/travis/build/icyphy/ptII/ptolemy/actor/lib/test/auto/PublisherTestSubscriber.xml
3 ms. Memory: 521216K Free: 221707K (43%)
----------------- Invoking toplevel() on ptolemy.moml.MoMLSimpleApplication@418d02cd
----------------- Done invoking toplevel() on ptolemy.moml.MoMLSimpleApplication@418d02cd
reloadAllAccessors: .PublisherTestSubscriber

===========================================================================================
----------------- testing Sun Feb 23 07:08:59 UTC 2020 /home/travis/build/icyphy/ptII/ptolemy/actor/lib/test/auto/PublisherToplevelSubscriberPortAOC.xml
----------------- Instantiating /home/travis/build/icyphy/ptII/ptolemy/actor/lib/test/auto/PublisherToplevelSubscriberPortAOC.xml
2 ms. Memory: 521216K Free: 215555K (41%)
----------------- Invoking toplevel() on ptolemy.moml.MoMLSimpleApplication@6760fc4
----------------- Done invoking toplevel() on ptolemy.moml.MoMLSimpleApplication@6760fc4
reloadAllAccessors: .PublisherToplevelSubscriberPortAOC

===========================================================================================
----------------- testing Sun Feb 23 07:08:59 UTC 2020 /home/travis/build/icyphy/ptII/ptolemy/actor/lib/test/auto/PulseFiringLimitDE.xml
----------------- Instantiating /home/travis/build/icyphy/ptII/ptolemy/actor/lib/test/auto/PulseFiringLimitDE.xml
2 ms. Memory: 521216K Free: 209425K (40%)
----------------- Invoking toplevel() on ptolemy.moml.MoMLSimpleApplication@31155f7f
----------------- Done invoking toplevel() on ptolemy.moml.MoMLSimpleApplication@31155f7f
reloadAllAccessors: .PulseFiringLimitDE

===========================================================================================
----------------- testing Sun Feb 23 07:08:59 UTC 2020 /home/travis/build/icyphy/ptII/ptolemy/actor/lib/test/auto/Ramp1.xml
----------------- Instantiating /home/travis/build/icyphy/ptII/ptolemy/actor/lib/test/auto/Ramp1.xml
1 ms. Memory: 521216K Free: 205315K (39%)
----------------- Invoking toplevel() on ptolemy.moml.MoMLSimpleApplication@4a1b6dc3
----------------- Done invoking toplevel() on ptolemy.moml.MoMLSimpleApplication@4a1b6dc3
reloadAllAccessors: .Ramp1

===========================================================================================
----------------- testing Sun Feb 23 07:08:59 UTC 2020 /home/travis/build/icyphy/ptII/ptolemy/actor/lib/test/auto/RampFiringLimitDE.xml
----------------- Instantiating /home/travis/build/icyphy/ptII/ptolemy/actor/lib/test/auto/RampFiringLimitDE.xml
3 ms. Memory: 521216K Free: 198675K (38%)
----------------- Invoking toplevel() on ptolemy.moml.MoMLSimpleApplication@6f4f5035
----------------- Done invoking toplevel() on ptolemy.moml.MoMLSimpleApplication@6f4f5035
reloadAllAccessors: .RampFiringLimitDE

===========================================================================================
----------------- testing Sun Feb 23 07:08:59 UTC 2020 /home/travis/build/icyphy/ptII/ptolemy/actor/lib/test/auto/RampFiringLimitSDF.xml
----------------- Instantiating /home/travis/build/icyphy/ptII/ptolemy/actor/lib/test/auto/RampFiringLimitSDF.xml
2 ms. Memory: 521216K Free: 193555K (37%)
----------------- Invoking toplevel() on ptolemy.moml.MoMLSimpleApplication@7ca3b3b3
----------------- Done invoking toplevel() on ptolemy.moml.MoMLSimpleApplication@7ca3b3b3
reloadAllAccessors: .RampFiringLimitSDF

===========================================================================================
----------------- testing Sun Feb 23 07:08:59 UTC 2020 /home/travis/build/icyphy/ptII/ptolemy/actor/lib/test/auto/RandomInteger.xml
----------------- Instantiating /home/travis/build/icyphy/ptII/ptolemy/actor/lib/test/auto/RandomInteger.xml
2 ms. Memory: 521216K Free: 189459K (36%)
----------------- Invoking toplevel() on ptolemy.moml.MoMLSimpleApplication@245ec722
----------------- Done invoking toplevel() on ptolemy.moml.MoMLSimpleApplication@245ec722
reloadAllAccessors: .RandomInteger

===========================================================================================
----------------- testing Sun Feb 23 07:08:59 UTC 2020 /home/travis/build/icyphy/ptII/ptolemy/actor/lib/test/auto/ReadFile1.xml
----------------- Instantiating /home/travis/build/icyphy/ptII/ptolemy/actor/lib/test/auto/ReadFile1.xml
1 ms. Memory: 521216K Free: 184843K (35%)
----------------- Invoking toplevel() on ptolemy.moml.MoMLSimpleApplication@2d5f4384
----------------- Done invoking toplevel() on ptolemy.moml.MoMLSimpleApplication@2d5f4384
reloadAllAccessors: .ReadFile1

===========================================================================================
----------------- testing Sun Feb 23 07:08:59 UTC 2020 /home/travis/build/icyphy/ptII/ptolemy/actor/lib/test/auto/ReadFile2.xml
----------------- Instantiating /home/travis/build/icyphy/ptII/ptolemy/actor/lib/test/auto/ReadFile2.xml
2 ms. Memory: 521216K Free: 180243K (35%)
----------------- Invoking toplevel() on ptolemy.moml.MoMLSimpleApplication@45e9624f
----------------- Done invoking toplevel() on ptolemy.moml.MoMLSimpleApplication@45e9624f
reloadAllAccessors: .ReadFile2

===========================================================================================
----------------- testing Sun Feb 23 07:08:59 UTC 2020 /home/travis/build/icyphy/ptII/ptolemy/actor/lib/test/auto/Reader.xml
----------------- Instantiating /home/travis/build/icyphy/ptII/ptolemy/actor/lib/test/auto/Reader.xml
actor.lib.Reader is obsolete, use actor.lib.io.ExpressionReader instead
2 ms. Memory: 521216K Free: 176147K (34%)
----------------- Invoking toplevel() on ptolemy.moml.MoMLSimpleApplication@59fa3c5
----------------- Done invoking toplevel() on ptolemy.moml.MoMLSimpleApplication@59fa3c5
reloadAllAccessors: .Reader

===========================================================================================
----------------- testing Sun Feb 23 07:08:59 UTC 2020 /home/travis/build/icyphy/ptII/ptolemy/actor/lib/test/auto/RecordAssemblerDisplayNameTest.xml
----------------- Instantiating /home/travis/build/icyphy/ptII/ptolemy/actor/lib/test/auto/RecordAssemblerDisplayNameTest.xml
3769 ms. Memory: 521216K Free: 460819K (88%)
----------------- Invoking toplevel() on ptolemy.moml.MoMLSimpleApplication@7406fc7e
----------------- Done invoking toplevel() on ptolemy.moml.MoMLSimpleApplication@7406fc7e
reloadAllAccessors: .RecordAssemblerDisplayNameTest

===========================================================================================
----------------- testing Sun Feb 23 07:09:03 UTC 2020 /home/travis/build/icyphy/ptII/ptolemy/actor/lib/test/auto/RecordAssemblerTypeError.xml
----------------- Instantiating /home/travis/build/icyphy/ptII/ptolemy/actor/lib/test/auto/RecordAssemblerTypeError.xml
13 ms. Memory: 521216K Free: 451089K (87%)
----------------- Invoking toplevel() on ptolemy.moml.MoMLSimpleApplication@4ebf138c
----------------- Done invoking toplevel() on ptolemy.moml.MoMLSimpleApplication@4ebf138c
reloadAllAccessors: .RecordAssemblerTypeError

===========================================================================================
----------------- testing Sun Feb 23 07:09:03 UTC 2020 /home/travis/build/icyphy/ptII/ptolemy/actor/lib/test/auto/RecordDisassember.xml
----------------- Instantiating /home/travis/build/icyphy/ptII/ptolemy/actor/lib/test/auto/RecordDisassember.xml
5 ms. Memory: 521216K Free: 445939K (86%)
----------------- Invoking toplevel() on ptolemy.moml.MoMLSimpleApplication@3164d4f4
----------------- Done invoking toplevel() on ptolemy.moml.MoMLSimpleApplication@3164d4f4
reloadAllAccessors: .RecordDisassember

===========================================================================================
----------------- testing Sun Feb 23 07:09:03 UTC 2020 /home/travis/build/icyphy/ptII/ptolemy/actor/lib/test/auto/RecordDisassemberDisplayNameTest.xml
----------------- Instantiating /home/travis/build/icyphy/ptII/ptolemy/actor/lib/test/auto/RecordDisassemberDisplayNameTest.xml
5 ms. Memory: 521216K Free: 438291K (84%)
----------------- Invoking toplevel() on ptolemy.moml.MoMLSimpleApplication@35ba6447
----------------- Done invoking toplevel() on ptolemy.moml.MoMLSimpleApplication@35ba6447
reloadAllAccessors: .RecordDisassemberDisplayNameTest

===========================================================================================
----------------- testing Sun Feb 23 07:09:03 UTC 2020 /home/travis/build/icyphy/ptII/ptolemy/actor/lib/test/auto/RecordDisassembler.xml
----------------- Instantiating /home/travis/build/icyphy/ptII/ptolemy/actor/lib/test/auto/RecordDisassembler.xml
2 ms. Memory: 521216K Free: 433171K (83%)
----------------- Invoking toplevel() on ptolemy.moml.MoMLSimpleApplication@6c12995
----------------- Done invoking toplevel() on ptolemy.moml.MoMLSimpleApplication@6c12995
reloadAllAccessors: .RecordDisassembler

===========================================================================================
----------------- testing Sun Feb 23 07:09:03 UTC 2020 /home/travis/build/icyphy/ptII/ptolemy/actor/lib/test/auto/RecordDisassembler2.xml
----------------- Instantiating /home/travis/build/icyphy/ptII/ptolemy/actor/lib/test/auto/RecordDisassembler2.xml
3 ms. Memory: 521216K Free: 428051K (82%)
----------------- Invoking toplevel() on ptolemy.moml.MoMLSimpleApplication@1fe6c341
----------------- Done invoking toplevel() on ptolemy.moml.MoMLSimpleApplication@1fe6c341
reloadAllAccessors: .RecordDisassembler2

===========================================================================================
----------------- testing Sun Feb 23 07:09:03 UTC 2020 /home/travis/build/icyphy/ptII/ptolemy/actor/lib/test/auto/RecordUpdater.xml
----------------- Instantiating /home/travis/build/icyphy/ptII/ptolemy/actor/lib/test/auto/RecordUpdater.xml
1 ms. Memory: 521216K Free: 422417K (81%)
----------------- Invoking toplevel() on ptolemy.moml.MoMLSimpleApplication@b7df21c
----------------- Done invoking toplevel() on ptolemy.moml.MoMLSimpleApplication@b7df21c
reloadAllAccessors: .RecordUpdater

===========================================================================================
----------------- testing Sun Feb 23 07:09:03 UTC 2020 /home/travis/build/icyphy/ptII/ptolemy/actor/lib/test/auto/RecordUpdater2.xml
----------------- Instantiating /home/travis/build/icyphy/ptII/ptolemy/actor/lib/test/auto/RecordUpdater2.xml
2 ms. Memory: 521216K Free: 417297K (80%)
----------------- Invoking toplevel() on ptolemy.moml.MoMLSimpleApplication@5cab561
----------------- Done invoking toplevel() on ptolemy.moml.MoMLSimpleApplication@5cab561
reloadAllAccessors: .RecordUpdater2

===========================================================================================
----------------- testing Sun Feb 23 07:09:03 UTC 2020 /home/travis/build/icyphy/ptII/ptolemy/actor/lib/test/auto/RecursiveLattice.xml
----------------- Instantiating /home/travis/build/icyphy/ptII/ptolemy/actor/lib/test/auto/RecursiveLattice.xml
1 ms. Memory: 521216K Free: 413201K (79%)
----------------- Invoking toplevel() on ptolemy.moml.MoMLSimpleApplication@4eb8a41b
----------------- Done invoking toplevel() on ptolemy.moml.MoMLSimpleApplication@4eb8a41b
reloadAllAccessors: .RecursiveLattice

===========================================================================================
----------------- testing Sun Feb 23 07:09:03 UTC 2020 /home/travis/build/icyphy/ptII/ptolemy/actor/lib/test/auto/Router.xml
----------------- Instantiating /home/travis/build/icyphy/ptII/ptolemy/actor/lib/test/auto/Router.xml
3005 ms. Memory: 521216K Free: 401937K (77%)
----------------- Invoking toplevel() on ptolemy.moml.MoMLSimpleApplication@696b9e83
----------------- Done invoking toplevel() on ptolemy.moml.MoMLSimpleApplication@696b9e83
reloadAllAccessors: .Router

===========================================================================================
----------------- testing Sun Feb 23 07:09:06 UTC 2020 /home/travis/build/icyphy/ptII/ptolemy/actor/lib/test/auto/Router2.xml
----------------- Instantiating /home/travis/build/icyphy/ptII/ptolemy/actor/lib/test/auto/Router2.xml
3005 ms. Memory: 521216K Free: 391697K (75%)
----------------- Invoking toplevel() on ptolemy.moml.MoMLSimpleApplication@2d7f3113
----------------- Done invoking toplevel() on ptolemy.moml.MoMLSimpleApplication@2d7f3113
reloadAllAccessors: .Router2

===========================================================================================
----------------- testing Sun Feb 23 07:09:09 UTC 2020 /home/travis/build/icyphy/ptII/ptolemy/actor/lib/test/auto/RunningMaximum.xml
----------------- Instantiating /home/travis/build/icyphy/ptII/ptolemy/actor/lib/test/auto/RunningMaximum.xml
2 ms. Memory: 521216K Free: 387091K (74%)
----------------- Invoking toplevel() on ptolemy.moml.MoMLSimpleApplication@2f7ddcc8
----------------- Done invoking toplevel() on ptolemy.moml.MoMLSimpleApplication@2f7ddcc8
reloadAllAccessors: .RunningMaximum

===========================================================================================
----------------- testing Sun Feb 23 07:09:09 UTC 2020 /home/travis/build/icyphy/ptII/ptolemy/actor/lib/test/auto/RunningMinimum.xml
----------------- Instantiating /home/travis/build/icyphy/ptII/ptolemy/actor/lib/test/auto/RunningMinimum.xml
8 ms. Memory: 521216K Free: 382481K (73%)
----------------- Invoking toplevel() on ptolemy.moml.MoMLSimpleApplication@1ad88724
----------------- Done invoking toplevel() on ptolemy.moml.MoMLSimpleApplication@1ad88724
reloadAllAccessors: .RunningMinimum

===========================================================================================
----------------- testing Sun Feb 23 07:09:09 UTC 2020 /home/travis/build/icyphy/ptII/ptolemy/actor/lib/test/auto/Scale.xml
----------------- Instantiating /home/travis/build/icyphy/ptII/ptolemy/actor/lib/test/auto/Scale.xml
1 ms. Memory: 521216K Free: 377875K (72%)
----------------- Invoking toplevel() on ptolemy.moml.MoMLSimpleApplication@40517ed8
----------------- Done invoking toplevel() on ptolemy.moml.MoMLSimpleApplication@40517ed8
reloadAllAccessors: .Scale

===========================================================================================
----------------- testing Sun Feb 23 07:09:09 UTC 2020 /home/travis/build/icyphy/ptII/ptolemy/actor/lib/test/auto/Scale2.xml
----------------- Instantiating /home/travis/build/icyphy/ptII/ptolemy/actor/lib/test/auto/Scale2.xml
1 ms. Memory: 521216K Free: 372755K (72%)
----------------- Invoking toplevel() on ptolemy.moml.MoMLSimpleApplication@3e4034d4
----------------- Done invoking toplevel() on ptolemy.moml.MoMLSimpleApplication@3e4034d4
reloadAllAccessors: .Scale2

===========================================================================================
----------------- testing Sun Feb 23 07:09:09 UTC 2020 /home/travis/build/icyphy/ptII/ptolemy/actor/lib/test/auto/Scale3.xml
----------------- Instantiating /home/travis/build/icyphy/ptII/ptolemy/actor/lib/test/auto/Scale3.xml
3 ms. Memory: 521216K Free: 366097K (70%)
----------------- Invoking toplevel() on ptolemy.moml.MoMLSimpleApplication@52d34d97
----------------- Done invoking toplevel() on ptolemy.moml.MoMLSimpleApplication@52d34d97
reloadAllAccessors: .Scale3

===========================================================================================
----------------- testing Sun Feb 23 07:09:09 UTC 2020 /home/travis/build/icyphy/ptII/ptolemy/actor/lib/test/auto/ScaleArray.xml
----------------- Instantiating /home/travis/build/icyphy/ptII/ptolemy/actor/lib/test/auto/ScaleArray.xml
1 ms. Memory: 521216K Free: 361491K (69%)
----------------- Invoking toplevel() on ptolemy.moml.MoMLSimpleApplication@59434eb3
----------------- Done invoking toplevel() on ptolemy.moml.MoMLSimpleApplication@59434eb3
reloadAllAccessors: .ScaleArray

===========================================================================================
----------------- testing Sun Feb 23 07:09:09 UTC 2020 /home/travis/build/icyphy/ptII/ptolemy/actor/lib/test/auto/ScaleArray2.xml
----------------- Instantiating /home/travis/build/icyphy/ptII/ptolemy/actor/lib/test/auto/ScaleArray2.xml
1 ms. Memory: 521216K Free: 356851K (68%)
----------------- Invoking toplevel() on ptolemy.moml.MoMLSimpleApplication@570eb934
----------------- Done invoking toplevel() on ptolemy.moml.MoMLSimpleApplication@570eb934
reloadAllAccessors: .ScaleArray2

===========================================================================================
----------------- testing Sun Feb 23 07:09:09 UTC 2020 /home/travis/build/icyphy/ptII/ptolemy/actor/lib/test/auto/ScaleMatrix.xml
----------------- Instantiating /home/travis/build/icyphy/ptII/ptolemy/actor/lib/test/auto/ScaleMatrix.xml
156 ms. Memory: 521216K Free: 341521K (66%)
----------------- Invoking toplevel() on ptolemy.moml.MoMLSimpleApplication@2a86f9c0
----------------- Done invoking toplevel() on ptolemy.moml.MoMLSimpleApplication@2a86f9c0
reloadAllAccessors: .ScaleMatrix

===========================================================================================
----------------- testing Sun Feb 23 07:09:09 UTC 2020 /home/travis/build/icyphy/ptII/ptolemy/actor/lib/test/auto/Select.xml
----------------- Instantiating /home/travis/build/icyphy/ptII/ptolemy/actor/lib/test/auto/Select.xml
3 ms. Memory: 521216K Free: 335347K (64%)
----------------- Invoking toplevel() on ptolemy.moml.MoMLSimpleApplication@460ccc26
----------------- Done invoking toplevel() on ptolemy.moml.MoMLSimpleApplication@460ccc26
reloadAllAccessors: .Select

===========================================================================================
----------------- testing Sun Feb 23 07:09:09 UTC 2020 /home/travis/build/icyphy/ptII/ptolemy/actor/lib/test/auto/Select2.xml
----------------- Instantiating /home/travis/build/icyphy/ptII/ptolemy/actor/lib/test/auto/Select2.xml
1 ms. Memory: 521216K Free: 330257K (63%)
----------------- Invoking toplevel() on ptolemy.moml.MoMLSimpleApplication@19c1dee8
----------------- Done invoking toplevel() on ptolemy.moml.MoMLSimpleApplication@19c1dee8
reloadAllAccessors: .Select2

===========================================================================================
----------------- testing Sun Feb 23 07:09:09 UTC 2020 /home/travis/build/icyphy/ptII/ptolemy/actor/lib/test/auto/SequenceToArray2.xml
----------------- Instantiating /home/travis/build/icyphy/ptII/ptolemy/actor/lib/test/auto/SequenceToArray2.xml
103 ms. Memory: 521216K Free: 306195K (59%)
----------------- Invoking toplevel() on ptolemy.moml.MoMLSimpleApplication@1e219194
----------------- Done invoking toplevel() on ptolemy.moml.MoMLSimpleApplication@1e219194
reloadAllAccessors: .SequenceToArray2

===========================================================================================
----------------- testing Sun Feb 23 07:09:09 UTC 2020 /home/travis/build/icyphy/ptII/ptolemy/actor/lib/test/auto/SequentialClock.xml
----------------- Instantiating /home/travis/build/icyphy/ptII/ptolemy/actor/lib/test/auto/SequentialClock.xml
1 ms. Memory: 521216K Free: 302099K (58%)
----------------- Invoking toplevel() on ptolemy.moml.MoMLSimpleApplication@300f526d
----------------- Done invoking toplevel() on ptolemy.moml.MoMLSimpleApplication@300f526d
reloadAllAccessors: .SequentialClock

===========================================================================================
----------------- testing Sun Feb 23 07:09:09 UTC 2020 /home/travis/build/icyphy/ptII/ptolemy/actor/lib/test/auto/SetVariable.xml
----------------- Instantiating /home/travis/build/icyphy/ptII/ptolemy/actor/lib/test/auto/SetVariable.xml
2 ms. Memory: 521216K Free: 297489K (57%)
----------------- Invoking toplevel() on ptolemy.moml.MoMLSimpleApplication@3b30a1de
----------------- Done invoking toplevel() on ptolemy.moml.MoMLSimpleApplication@3b30a1de
reloadAllAccessors: .SetVariable

===========================================================================================
----------------- testing Sun Feb 23 07:09:09 UTC 2020 /home/travis/build/icyphy/ptII/ptolemy/actor/lib/test/auto/SetVariable2.xml
----------------- Instantiating /home/travis/build/icyphy/ptII/ptolemy/actor/lib/test/auto/SetVariable2.xml
3 ms. Memory: 521216K Free: 291859K (56%)
----------------- Invoking toplevel() on ptolemy.moml.MoMLSimpleApplication@902dd6a
----------------- Done invoking toplevel() on ptolemy.moml.MoMLSimpleApplication@902dd6a
reloadAllAccessors: .SetVariable2

===========================================================================================
----------------- testing Sun Feb 23 07:09:09 UTC 2020 /home/travis/build/icyphy/ptII/ptolemy/actor/lib/test/auto/SetVariable3.xml
----------------- Instantiating /home/travis/build/icyphy/ptII/ptolemy/actor/lib/test/auto/SetVariable3.xml
7 ms. Memory: 521216K Free: 286739K (55%)
----------------- Invoking toplevel() on ptolemy.moml.MoMLSimpleApplication@6e54a493
----------------- Done invoking toplevel() on ptolemy.moml.MoMLSimpleApplication@6e54a493
reloadAllAccessors: .SetVariable3

===========================================================================================
----------------- testing Sun Feb 23 07:09:09 UTC 2020 /home/travis/build/icyphy/ptII/ptolemy/actor/lib/test/auto/SetVariable4.xml
----------------- Instantiating /home/travis/build/icyphy/ptII/ptolemy/actor/lib/test/auto/SetVariable4.xml
17 ms. Memory: 521216K Free: 277523K (53%)
----------------- Invoking toplevel() on ptolemy.moml.MoMLSimpleApplication@175852b5
----------------- Done invoking toplevel() on ptolemy.moml.MoMLSimpleApplication@175852b5
reloadAllAccessors: .SetVariable4

===========================================================================================
----------------- testing Sun Feb 23 07:09:10 UTC 2020 /home/travis/build/icyphy/ptII/ptolemy/actor/lib/test/auto/SetVariable5.xml
----------------- Instantiating /home/travis/build/icyphy/ptII/ptolemy/actor/lib/test/auto/SetVariable5.xml
18 ms. Memory: 521216K Free: 267793K (51%)
----------------- Invoking toplevel() on ptolemy.moml.MoMLSimpleApplication@52ec0616
----------------- Done invoking toplevel() on ptolemy.moml.MoMLSimpleApplication@52ec0616
reloadAllAccessors: .SetVariable5

===========================================================================================
----------------- testing Sun Feb 23 07:09:10 UTC 2020 /home/travis/build/icyphy/ptII/ptolemy/actor/lib/test/auto/Sinewave.xml
----------------- Instantiating /home/travis/build/icyphy/ptII/ptolemy/actor/lib/test/auto/Sinewave.xml
4 ms. Memory: 521216K Free: 257043K (49%)
----------------- Invoking toplevel() on ptolemy.moml.MoMLSimpleApplication@7a6e98af
----------------- Done invoking toplevel() on ptolemy.moml.MoMLSimpleApplication@7a6e98af
reloadAllAccessors: .Sinewave

===========================================================================================
----------------- testing Sun Feb 23 07:09:10 UTC 2020 /home/travis/build/icyphy/ptII/ptolemy/actor/lib/test/auto/Sinewave2.xml
----------------- Instantiating /home/travis/build/icyphy/ptII/ptolemy/actor/lib/test/auto/Sinewave2.xml
7 ms. Memory: 521216K Free: 248851K (48%)
----------------- Invoking toplevel() on ptolemy.moml.MoMLSimpleApplication@c53728
----------------- Done invoking toplevel() on ptolemy.moml.MoMLSimpleApplication@c53728
reloadAllAccessors: .Sinewave2

===========================================================================================
----------------- testing Sun Feb 23 07:09:10 UTC 2020 /home/travis/build/icyphy/ptII/ptolemy/actor/lib/test/auto/Sinewave3.xml
----------------- Instantiating /home/travis/build/icyphy/ptII/ptolemy/actor/lib/test/auto/Sinewave3.xml
10 ms. Memory: 521216K Free: 240131K (46%)
----------------- Invoking toplevel() on ptolemy.moml.MoMLSimpleApplication@2a14f0af
----------------- Done invoking toplevel() on ptolemy.moml.MoMLSimpleApplication@2a14f0af
reloadAllAccessors: .Sinewave3

===========================================================================================
----------------- testing Sun Feb 23 07:09:10 UTC 2020 /home/travis/build/icyphy/ptII/ptolemy/actor/lib/test/auto/SingleEvent.xml
----------------- Instantiating /home/travis/build/icyphy/ptII/ptolemy/actor/lib/test/auto/SingleEvent.xml
1 ms. Memory: 521216K Free: 236049K (45%)
----------------- Invoking toplevel() on ptolemy.moml.MoMLSimpleApplication@6c5a1a25
----------------- Done invoking toplevel() on ptolemy.moml.MoMLSimpleApplication@6c5a1a25
reloadAllAccessors: .SingleEvent

===========================================================================================
----------------- testing Sun Feb 23 07:09:10 UTC 2020 /home/travis/build/icyphy/ptII/ptolemy/actor/lib/test/auto/Sleep.xml
----------------- Instantiating /home/travis/build/icyphy/ptII/ptolemy/actor/lib/test/auto/Sleep.xml
6004 ms. Memory: 521216K Free: 229905K (44%)
----------------- Invoking toplevel() on ptolemy.moml.MoMLSimpleApplication@33d64905
----------------- Done invoking toplevel() on ptolemy.moml.MoMLSimpleApplication@33d64905
reloadAllAccessors: .Sleep

===========================================================================================
----------------- testing Sun Feb 23 07:09:16 UTC 2020 /home/travis/build/icyphy/ptII/ptolemy/actor/lib/test/auto/SleepMultipleFire.xml
----------------- Instantiating /home/travis/build/icyphy/ptII/ptolemy/actor/lib/test/auto/SleepMultipleFire.xml
1005 ms. Memory: 521216K Free: 223761K (43%)
----------------- Invoking toplevel() on ptolemy.moml.MoMLSimpleApplication@3a41ec97
----------------- Done invoking toplevel() on ptolemy.moml.MoMLSimpleApplication@3a41ec97
reloadAllAccessors: .SleepMultipleFire

===========================================================================================
----------------- testing Sun Feb 23 07:09:17 UTC 2020 /home/travis/build/icyphy/ptII/ptolemy/actor/lib/test/auto/StopDE.xml
----------------- Instantiating /home/travis/build/icyphy/ptII/ptolemy/actor/lib/test/auto/StopDE.xml
3 ms. Memory: 521216K Free: 218131K (42%)
----------------- Invoking toplevel() on ptolemy.moml.MoMLSimpleApplication@65e614ab
----------------- Done invoking toplevel() on ptolemy.moml.MoMLSimpleApplication@65e614ab
reloadAllAccessors: .StopDE

===========================================================================================
----------------- testing Sun Feb 23 07:09:17 UTC 2020 /home/travis/build/icyphy/ptII/ptolemy/actor/lib/test/auto/StopSDF.xml
----------------- Instantiating /home/travis/build/icyphy/ptII/ptolemy/actor/lib/test/auto/StopSDF.xml
3 ms. Memory: 521216K Free: 213011K (41%)
----------------- Invoking toplevel() on ptolemy.moml.MoMLSimpleApplication@2e54832e
----------------- Done invoking toplevel() on ptolemy.moml.MoMLSimpleApplication@2e54832e
reloadAllAccessors: .StopSDF

===========================================================================================
----------------- testing Sun Feb 23 07:09:17 UTC 2020 /home/travis/build/icyphy/ptII/ptolemy/actor/lib/test/auto/StringConstant.xml
----------------- Instantiating /home/travis/build/icyphy/ptII/ptolemy/actor/lib/test/auto/StringConstant.xml
2 ms. Memory: 521216K Free: 208387K (40%)
----------------- Invoking toplevel() on ptolemy.moml.MoMLSimpleApplication@50742def
----------------- Done invoking toplevel() on ptolemy.moml.MoMLSimpleApplication@50742def
reloadAllAccessors: .StringConstant

===========================================================================================
----------------- testing Sun Feb 23 07:09:17 UTC 2020 /home/travis/build/icyphy/ptII/ptolemy/actor/lib/test/auto/SubscriberPortInitialValues1.xml
----------------- Instantiating /home/travis/build/icyphy/ptII/ptolemy/actor/lib/test/auto/SubscriberPortInitialValues1.xml
5 ms. Memory: 521216K Free: 199699K (38%)
----------------- Invoking toplevel() on ptolemy.moml.MoMLSimpleApplication@64e6e23e
----------------- Done invoking toplevel() on ptolemy.moml.MoMLSimpleApplication@64e6e23e
reloadAllAccessors: .SubscriberPortInitialValues1

===========================================================================================
----------------- testing Sun Feb 23 07:09:17 UTC 2020 /home/travis/build/icyphy/ptII/ptolemy/actor/lib/test/auto/SubscriberPortInitialValues13.xml
----------------- Instantiating /home/travis/build/icyphy/ptII/ptolemy/actor/lib/test/auto/SubscriberPortInitialValues13.xml
5 ms. Memory: 521216K Free: 186897K (36%)
----------------- Invoking toplevel() on ptolemy.moml.MoMLSimpleApplication@631928d8
----------------- Done invoking toplevel() on ptolemy.moml.MoMLSimpleApplication@631928d8
reloadAllAccessors: .SubscriberPortInitialValues13

===========================================================================================
----------------- testing Sun Feb 23 07:09:17 UTC 2020 /home/travis/build/icyphy/ptII/ptolemy/actor/lib/test/auto/SubscriberPortInitialValues14.xml
----------------- Instantiating /home/travis/build/icyphy/ptII/ptolemy/actor/lib/test/auto/SubscriberPortInitialValues14.xml
5 ms. Memory: 521216K Free: 178705K (34%)
----------------- Invoking toplevel() on ptolemy.moml.MoMLSimpleApplication@9fc1e09
----------------- Done invoking toplevel() on ptolemy.moml.MoMLSimpleApplication@9fc1e09
reloadAllAccessors: .SubscriberPortInitialValues14

===========================================================================================
----------------- testing Sun Feb 23 07:09:17 UTC 2020 /home/travis/build/icyphy/ptII/ptolemy/actor/lib/test/auto/SubscriberPortInitialValues2.xml
----------------- Instantiating /home/travis/build/icyphy/ptII/ptolemy/actor/lib/test/auto/SubscriberPortInitialValues2.xml
5 ms. Memory: 521216K Free: 171027K (33%)
----------------- Invoking toplevel() on ptolemy.moml.MoMLSimpleApplication@3a674d9d
----------------- Done invoking toplevel() on ptolemy.moml.MoMLSimpleApplication@3a674d9d
reloadAllAccessors: .SubscriberPortInitialValues2

===========================================================================================
----------------- testing Sun Feb 23 07:09:17 UTC 2020 /home/travis/build/icyphy/ptII/ptolemy/actor/lib/test/auto/SubscriberPortInitialValues3.xml
----------------- Instantiating /home/travis/build/icyphy/ptII/ptolemy/actor/lib/test/auto/SubscriberPortInitialValues3.xml
4 ms. Memory: 521216K Free: 460307K (88%)
----------------- Invoking toplevel() on ptolemy.moml.MoMLSimpleApplication@4b4df49b
----------------- Done invoking toplevel() on ptolemy.moml.MoMLSimpleApplication@4b4df49b
reloadAllAccessors: .SubscriberPortInitialValues3

===========================================================================================
----------------- testing Sun Feb 23 07:09:17 UTC 2020 /home/travis/build/icyphy/ptII/ptolemy/actor/lib/test/auto/SubscriptionAggregator.xml
----------------- Instantiating /home/travis/build/icyphy/ptII/ptolemy/actor/lib/test/auto/SubscriptionAggregator.xml
3 ms. Memory: 521216K Free: 453139K (87%)
----------------- Invoking toplevel() on ptolemy.moml.MoMLSimpleApplication@5500bf9c
----------------- Done invoking toplevel() on ptolemy.moml.MoMLSimpleApplication@5500bf9c
reloadAllAccessors: .SubscriptionAggregator

===========================================================================================
----------------- testing Sun Feb 23 07:09:17 UTC 2020 /home/travis/build/icyphy/ptII/ptolemy/actor/lib/test/auto/SubscriptionAggregator2.xml
----------------- Instantiating /home/travis/build/icyphy/ptII/ptolemy/actor/lib/test/auto/SubscriptionAggregator2.xml
3 ms. Memory: 521216K Free: 445971K (86%)
----------------- Invoking toplevel() on ptolemy.moml.MoMLSimpleApplication@602d9486
----------------- Done invoking toplevel() on ptolemy.moml.MoMLSimpleApplication@602d9486
reloadAllAccessors: .SubscriptionAggregator2

===========================================================================================
----------------- testing Sun Feb 23 07:09:17 UTC 2020 /home/travis/build/icyphy/ptII/ptolemy/actor/lib/test/auto/SubscriptionAggregator3.xml
----------------- Instantiating /home/travis/build/icyphy/ptII/ptolemy/actor/lib/test/auto/SubscriptionAggregator3.xml
4 ms. Memory: 521216K Free: 437259K (84%)
----------------- Invoking toplevel() on ptolemy.moml.MoMLSimpleApplication@46833662
----------------- Done invoking toplevel() on ptolemy.moml.MoMLSimpleApplication@46833662
reloadAllAccessors: .SubscriptionAggregator3

===========================================================================================
----------------- testing Sun Feb 23 07:09:17 UTC 2020 /home/travis/build/icyphy/ptII/ptolemy/actor/lib/test/auto/SubscriptionAggregatorMultiply.xml
----------------- Instantiating /home/travis/build/icyphy/ptII/ptolemy/actor/lib/test/auto/SubscriptionAggregatorMultiply.xml
13 ms. Memory: 521216K Free: 428563K (82%)
----------------- Invoking toplevel() on ptolemy.moml.MoMLSimpleApplication@27391ca2
----------------- Done invoking toplevel() on ptolemy.moml.MoMLSimpleApplication@27391ca2
reloadAllAccessors: .SubscriptionAggregatorMultiply

===========================================================================================
----------------- testing Sun Feb 23 07:09:17 UTC 2020 /home/travis/build/icyphy/ptII/ptolemy/actor/lib/test/auto/SubscriptionAggregatorPortMultiply1.xml
----------------- Instantiating /home/travis/build/icyphy/ptII/ptolemy/actor/lib/test/auto/SubscriptionAggregatorPortMultiply1.xml
4 ms. Memory: 521216K Free: 420881K (81%)
----------------- Invoking toplevel() on ptolemy.moml.MoMLSimpleApplication@611813eb
----------------- Done invoking toplevel() on ptolemy.moml.MoMLSimpleApplication@611813eb
reloadAllAccessors: .SubscriptionAggregatorPortMultiply1

===========================================================================================
----------------- testing Sun Feb 23 07:09:17 UTC 2020 /home/travis/build/icyphy/ptII/ptolemy/actor/lib/test/auto/Switch.xml
----------------- Instantiating /home/travis/build/icyphy/ptII/ptolemy/actor/lib/test/auto/Switch.xml
10 ms. Memory: 521216K Free: 412179K (79%)
----------------- Invoking toplevel() on ptolemy.moml.MoMLSimpleApplication@442dcc4e
----------------- Done invoking toplevel() on ptolemy.moml.MoMLSimpleApplication@442dcc4e
reloadAllAccessors: .Switch

===========================================================================================
----------------- testing Sun Feb 23 07:09:17 UTC 2020 /home/travis/build/icyphy/ptII/ptolemy/actor/lib/test/auto/Switch2.xml
----------------- Instantiating /home/travis/build/icyphy/ptII/ptolemy/actor/lib/test/auto/Switch2.xml
1 ms. Memory: 521216K Free: 407569K (78%)
----------------- Invoking toplevel() on ptolemy.moml.MoMLSimpleApplication@4b73df0c
----------------- Done invoking toplevel() on ptolemy.moml.MoMLSimpleApplication@4b73df0c
reloadAllAccessors: .Switch2

===========================================================================================
----------------- testing Sun Feb 23 07:09:17 UTC 2020 /home/travis/build/icyphy/ptII/ptolemy/actor/lib/test/auto/SwitchDE.xml
----------------- Instantiating /home/travis/build/icyphy/ptII/ptolemy/actor/lib/test/auto/SwitchDE.xml
4 ms. Memory: 521216K Free: 401411K (77%)
----------------- Invoking toplevel() on ptolemy.moml.MoMLSimpleApplication@4f29ad58
----------------- Done invoking toplevel() on ptolemy.moml.MoMLSimpleApplication@4f29ad58
reloadAllAccessors: .SwitchDE

===========================================================================================
----------------- testing Sun Feb 23 07:09:17 UTC 2020 /home/travis/build/icyphy/ptII/ptolemy/actor/lib/test/auto/SynchronizerDE.xml
----------------- Instantiating /home/travis/build/icyphy/ptII/ptolemy/actor/lib/test/auto/SynchronizerDE.xml
6 ms. Memory: 521216K Free: 392723K (75%)
----------------- Invoking toplevel() on ptolemy.moml.MoMLSimpleApplication@381cae31
----------------- Done invoking toplevel() on ptolemy.moml.MoMLSimpleApplication@381cae31
reloadAllAccessors: .SynchronizerDE

===========================================================================================
----------------- testing Sun Feb 23 07:09:17 UTC 2020 /home/travis/build/icyphy/ptII/ptolemy/actor/lib/test/auto/Test.xml
----------------- Instantiating /home/travis/build/icyphy/ptII/ptolemy/actor/lib/test/auto/Test.xml
10 ms. Memory: 521216K Free: 387603K (74%)
----------------- Invoking toplevel() on ptolemy.moml.MoMLSimpleApplication@4722fb35
----------------- Done invoking toplevel() on ptolemy.moml.MoMLSimpleApplication@4722fb35
reloadAllAccessors: .Test

===========================================================================================
----------------- testing Sun Feb 23 07:09:17 UTC 2020 /home/travis/build/icyphy/ptII/ptolemy/actor/lib/test/auto/TestExceptionAttribute1.xml
----------------- Instantiating /home/travis/build/icyphy/ptII/ptolemy/actor/lib/test/auto/TestExceptionAttribute1.xml
1 ms. Memory: 521216K Free: 384017K (74%)
----------------- Invoking toplevel() on ptolemy.moml.MoMLSimpleApplication@5acff274
----------------- Done invoking toplevel() on ptolemy.moml.MoMLSimpleApplication@5acff274
reloadAllAccessors: .TestExceptionAttribute1

===========================================================================================
----------------- testing Sun Feb 23 07:09:17 UTC 2020 /home/travis/build/icyphy/ptII/ptolemy/actor/lib/test/auto/TestExceptionAttribute2.xml
----------------- Instantiating /home/travis/build/icyphy/ptII/ptolemy/actor/lib/test/auto/TestExceptionAttribute2.xml
1 ms. Memory: 521216K Free: 379921K (73%)
----------------- Invoking toplevel() on ptolemy.moml.MoMLSimpleApplication@61fc45ec
----------------- Done invoking toplevel() on ptolemy.moml.MoMLSimpleApplication@61fc45ec
reloadAllAccessors: .TestExceptionAttribute2

===========================================================================================
----------------- testing Sun Feb 23 07:09:17 UTC 2020 /home/travis/build/icyphy/ptII/ptolemy/actor/lib/test/auto/TestExceptionAttribute3.xml
----------------- Instantiating /home/travis/build/icyphy/ptII/ptolemy/actor/lib/test/auto/TestExceptionAttribute3.xml
.TestExceptionAttribute3.TestExceptionAttribute: initialize() was not invoked, but wrapup() was.  This is unusual, but not always a problem.  For example, exporting JNLP will do this.
0 ms. Memory: 521216K Free: 376339K (72%)
----------------- Invoking toplevel() on ptolemy.moml.MoMLSimpleApplication@45ce2ddb
----------------- Done invoking toplevel() on ptolemy.moml.MoMLSimpleApplication@45ce2ddb
reloadAllAccessors: .TestExceptionAttribute3

===========================================================================================
----------------- testing Sun Feb 23 07:09:17 UTC 2020 /home/travis/build/icyphy/ptII/ptolemy/actor/lib/test/auto/TestExceptionAttribute4.xml
----------------- Instantiating /home/travis/build/icyphy/ptII/ptolemy/actor/lib/test/auto/TestExceptionAttribute4.xml
.TestExceptionAttribute4.TestExceptionAttribute: initialize() was not invoked, but wrapup() was.  This is unusual, but not always a problem.  For example, exporting JNLP will do this.
.TestExceptionAttribute4.TestExceptionAttribute2: initialize() was not invoked, but wrapup() was.  This is unusual, but not always a problem.  For example, exporting JNLP will do this.
1 ms. Memory: 521216K Free: 371729K (71%)
----------------- Invoking toplevel() on ptolemy.moml.MoMLSimpleApplication@4cb589c4
----------------- Done invoking toplevel() on ptolemy.moml.MoMLSimpleApplication@4cb589c4
reloadAllAccessors: .TestExceptionAttribute4

===========================================================================================
----------------- testing Sun Feb 23 07:09:17 UTC 2020 /home/travis/build/icyphy/ptII/ptolemy/actor/lib/test/auto/TestExceptionHandler1.xml
----------------- Instantiating /home/travis/build/icyphy/ptII/ptolemy/actor/lib/test/auto/TestExceptionHandler1.xml
1 ms. Memory: 521216K Free: 368147K (71%)
----------------- Invoking toplevel() on ptolemy.moml.MoMLSimpleApplication@c11591e
----------------- Done invoking toplevel() on ptolemy.moml.MoMLSimpleApplication@c11591e
reloadAllAccessors: .TestExceptionHandler1

===========================================================================================
----------------- testing Sun Feb 23 07:09:17 UTC 2020 /home/travis/build/icyphy/ptII/ptolemy/actor/lib/test/auto/TestExceptionHandler2.xml
----------------- Instantiating /home/travis/build/icyphy/ptII/ptolemy/actor/lib/test/auto/TestExceptionHandler2.xml
2 ms. Memory: 521216K Free: 364561K (70%)
----------------- Invoking toplevel() on ptolemy.moml.MoMLSimpleApplication@3808b4b2
----------------- Done invoking toplevel() on ptolemy.moml.MoMLSimpleApplication@3808b4b2
reloadAllAccessors: .TestExceptionHandler2

===========================================================================================
----------------- testing Sun Feb 23 07:09:17 UTC 2020 /home/travis/build/icyphy/ptII/ptolemy/actor/lib/test/auto/TestExceptionHandler3.xml
----------------- Instantiating /home/travis/build/icyphy/ptII/ptolemy/actor/lib/test/auto/TestExceptionHandler3.xml
1 ms. Memory: 521216K Free: 360465K (69%)
----------------- Invoking toplevel() on ptolemy.moml.MoMLSimpleApplication@68392183
----------------- Done invoking toplevel() on ptolemy.moml.MoMLSimpleApplication@68392183
reloadAllAccessors: .TestExceptionHandler3

===========================================================================================
----------------- testing Sun Feb 23 07:09:17 UTC 2020 /home/travis/build/icyphy/ptII/ptolemy/actor/lib/test/auto/TestExceptionHandler4.xml
----------------- Instantiating /home/travis/build/icyphy/ptII/ptolemy/actor/lib/test/auto/TestExceptionHandler4.xml
1 ms. Memory: 521216K Free: 356369K (68%)
----------------- Invoking toplevel() on ptolemy.moml.MoMLSimpleApplication@4d7cbb96
----------------- Done invoking toplevel() on ptolemy.moml.MoMLSimpleApplication@4d7cbb96
reloadAllAccessors: .TestExceptionHandler4

===========================================================================================
----------------- testing Sun Feb 23 07:09:17 UTC 2020 /home/travis/build/icyphy/ptII/ptolemy/actor/lib/test/auto/TestRequireCorrectOrder.xml
----------------- Instantiating /home/travis/build/icyphy/ptII/ptolemy/actor/lib/test/auto/TestRequireCorrectOrder.xml
6 ms. Memory: 521216K Free: 350739K (67%)
----------------- Invoking toplevel() on ptolemy.moml.MoMLSimpleApplication@204d3830
----------------- Done invoking toplevel() on ptolemy.moml.MoMLSimpleApplication@204d3830
reloadAllAccessors: .TestRequireCorrectOrder

===========================================================================================
----------------- testing Sun Feb 23 07:09:17 UTC 2020 /home/travis/build/icyphy/ptII/ptolemy/actor/lib/test/auto/TestSimple.xml
----------------- Instantiating /home/travis/build/icyphy/ptII/ptolemy/actor/lib/test/auto/TestSimple.xml
2 ms. Memory: 521216K Free: 346129K (66%)
----------------- Invoking toplevel() on ptolemy.moml.MoMLSimpleApplication@6cf6624e
----------------- Done invoking toplevel() on ptolemy.moml.MoMLSimpleApplication@6cf6624e
reloadAllAccessors: .TestSimple

===========================================================================================
----------------- testing Sun Feb 23 07:09:17 UTC 2020 /home/travis/build/icyphy/ptII/ptolemy/actor/lib/test/auto/ThrowModelError.xml
----------------- Instantiating /home/travis/build/icyphy/ptII/ptolemy/actor/lib/test/auto/ThrowModelError.xml
1 ms. Memory: 521216K Free: 341523K (66%)
----------------- Invoking toplevel() on ptolemy.moml.MoMLSimpleApplication@7eace954
----------------- Done invoking toplevel() on ptolemy.moml.MoMLSimpleApplication@7eace954
reloadAllAccessors: .ThrowModelError

===========================================================================================
----------------- testing Sun Feb 23 07:09:17 UTC 2020 /home/travis/build/icyphy/ptII/ptolemy/actor/lib/test/auto/TimeDelayMicrosteps.xml
----------------- Instantiating /home/travis/build/icyphy/ptII/ptolemy/actor/lib/test/auto/TimeDelayMicrosteps.xml
2 ms. Memory: 521216K Free: 334355K (64%)
----------------- Invoking toplevel() on ptolemy.moml.MoMLSimpleApplication@46d34787
----------------- Done invoking toplevel() on ptolemy.moml.MoMLSimpleApplication@46d34787
reloadAllAccessors: .TimeDelayMicrosteps

===========================================================================================
----------------- testing Sun Feb 23 07:09:17 UTC 2020 /home/travis/build/icyphy/ptII/ptolemy/actor/lib/test/auto/TimeDelayMicrosteps2.xml
----------------- Instantiating /home/travis/build/icyphy/ptII/ptolemy/actor/lib/test/auto/TimeDelayMicrosteps2.xml
3 ms. Memory: 521216K Free: 327187K (63%)
----------------- Invoking toplevel() on ptolemy.moml.MoMLSimpleApplication@302f1eae
----------------- Done invoking toplevel() on ptolemy.moml.MoMLSimpleApplication@302f1eae
reloadAllAccessors: .TimeDelayMicrosteps2

===========================================================================================
----------------- testing Sun Feb 23 07:09:17 UTC 2020 /home/travis/build/icyphy/ptII/ptolemy/actor/lib/test/auto/TimeDelayMicrosteps3.xml
----------------- Instantiating /home/travis/build/icyphy/ptII/ptolemy/actor/lib/test/auto/TimeDelayMicrosteps3.xml
2 ms. Memory: 521216K Free: 320019K (61%)
----------------- Invoking toplevel() on ptolemy.moml.MoMLSimpleApplication@50ac95b5
----------------- Done invoking toplevel() on ptolemy.moml.MoMLSimpleApplication@50ac95b5
reloadAllAccessors: .TimeDelayMicrosteps3

===========================================================================================
----------------- testing Sun Feb 23 07:09:17 UTC 2020 /home/travis/build/icyphy/ptII/ptolemy/actor/lib/test/auto/TimeDelayVariableMicrosteps.xml
----------------- Instantiating /home/travis/build/icyphy/ptII/ptolemy/actor/lib/test/auto/TimeDelayVariableMicrosteps.xml
3 ms. Memory: 521216K Free: 313361K (60%)
----------------- Invoking toplevel() on ptolemy.moml.MoMLSimpleApplication@46b89a23
----------------- Done invoking toplevel() on ptolemy.moml.MoMLSimpleApplication@46b89a23
reloadAllAccessors: .TimeDelayVariableMicrosteps

===========================================================================================
----------------- testing Sun Feb 23 07:09:17 UTC 2020 /home/travis/build/icyphy/ptII/ptolemy/actor/lib/test/auto/TimeGap.xml
----------------- Instantiating /home/travis/build/icyphy/ptII/ptolemy/actor/lib/test/auto/TimeGap.xml
4 ms. Memory: 521216K Free: 307731K (59%)
----------------- Invoking toplevel() on ptolemy.moml.MoMLSimpleApplication@23b4c734
----------------- Done invoking toplevel() on ptolemy.moml.MoMLSimpleApplication@23b4c734
reloadAllAccessors: .TimeGap

===========================================================================================
----------------- testing Sun Feb 23 07:09:18 UTC 2020 /home/travis/build/icyphy/ptII/ptolemy/actor/lib/test/auto/TimeGap2.xml
----------------- Instantiating /home/travis/build/icyphy/ptII/ptolemy/actor/lib/test/auto/TimeGap2.xml
2 ms. Memory: 521216K Free: 302067K (58%)
----------------- Invoking toplevel() on ptolemy.moml.MoMLSimpleApplication@6675ae49
----------------- Done invoking toplevel() on ptolemy.moml.MoMLSimpleApplication@6675ae49
reloadAllAccessors: .TimeGap2

===========================================================================================
----------------- testing Sun Feb 23 07:09:18 UTC 2020 /home/travis/build/icyphy/ptII/ptolemy/actor/lib/test/auto/TimedSinewave.xml
----------------- Instantiating /home/travis/build/icyphy/ptII/ptolemy/actor/lib/test/auto/TimedSinewave.xml
22 ms. Memory: 521216K Free: 288275K (55%)
----------------- Invoking toplevel() on ptolemy.moml.MoMLSimpleApplication@29d437f
----------------- Done invoking toplevel() on ptolemy.moml.MoMLSimpleApplication@29d437f
reloadAllAccessors: .TimedSinewave

===========================================================================================
----------------- testing Sun Feb 23 07:09:18 UTC 2020 /home/travis/build/icyphy/ptII/ptolemy/actor/lib/test/auto/TimedSinewavePhase.xml
----------------- Instantiating /home/travis/build/icyphy/ptII/ptolemy/actor/lib/test/auto/TimedSinewavePhase.xml
9 ms. Memory: 521216K Free: 278035K (53%)
----------------- Invoking toplevel() on ptolemy.moml.MoMLSimpleApplication@f409afd
----------------- Done invoking toplevel() on ptolemy.moml.MoMLSimpleApplication@f409afd
reloadAllAccessors: .TimedSinewavePhase

===========================================================================================
----------------- testing Sun Feb 23 07:09:18 UTC 2020 /home/travis/build/icyphy/ptII/ptolemy/actor/lib/test/auto/Timer.xml
----------------- Instantiating /home/travis/build/icyphy/ptII/ptolemy/actor/lib/test/auto/Timer.xml
4 ms. Memory: 521216K Free: 272395K (52%)
----------------- Invoking toplevel() on ptolemy.moml.MoMLSimpleApplication@b1c5981
----------------- Done invoking toplevel() on ptolemy.moml.MoMLSimpleApplication@b1c5981
reloadAllAccessors: .Timer

===========================================================================================
----------------- testing Sun Feb 23 07:09:18 UTC 2020 /home/travis/build/icyphy/ptII/ptolemy/actor/lib/test/auto/TriangularDistTestModel.xml
----------------- Instantiating /home/travis/build/icyphy/ptII/ptolemy/actor/lib/test/auto/TriangularDistTestModel.xml
2 ms. Memory: 521216K Free: 266243K (51%)
----------------- Invoking toplevel() on ptolemy.moml.MoMLSimpleApplication@35d05c4f
----------------- Done invoking toplevel() on ptolemy.moml.MoMLSimpleApplication@35d05c4f
reloadAllAccessors: .TriangularDistTestModel

===========================================================================================
----------------- testing Sun Feb 23 07:09:18 UTC 2020 /home/travis/build/icyphy/ptII/ptolemy/actor/lib/test/auto/TrigFunction.xml
----------------- Instantiating /home/travis/build/icyphy/ptII/ptolemy/actor/lib/test/auto/TrigFunction.xml
2 ms. Memory: 521216K Free: 261651K (50%)
----------------- Invoking toplevel() on ptolemy.moml.MoMLSimpleApplication@3ae7afba
----------------- Done invoking toplevel() on ptolemy.moml.MoMLSimpleApplication@3ae7afba
reloadAllAccessors: .TrigFunction

===========================================================================================
----------------- testing Sun Feb 23 07:09:18 UTC 2020 /home/travis/build/icyphy/ptII/ptolemy/actor/lib/test/auto/TrigFunctionDE.xml
----------------- Instantiating /home/travis/build/icyphy/ptII/ptolemy/actor/lib/test/auto/TrigFunctionDE.xml
2 ms. Memory: 521216K Free: 255507K (49%)
----------------- Invoking toplevel() on ptolemy.moml.MoMLSimpleApplication@410ead2c
----------------- Done invoking toplevel() on ptolemy.moml.MoMLSimpleApplication@410ead2c
reloadAllAccessors: .TrigFunctionDE

===========================================================================================
----------------- testing Sun Feb 23 07:09:18 UTC 2020 /home/travis/build/icyphy/ptII/ptolemy/actor/lib/test/auto/TrigFunctionInverse.xml
----------------- Instantiating /home/travis/build/icyphy/ptII/ptolemy/actor/lib/test/auto/TrigFunctionInverse.xml
2 ms. Memory: 521216K Free: 250387K (48%)
----------------- Invoking toplevel() on ptolemy.moml.MoMLSimpleApplication@7feb5911
----------------- Done invoking toplevel() on ptolemy.moml.MoMLSimpleApplication@7feb5911
reloadAllAccessors: .TrigFunctionInverse

===========================================================================================
----------------- testing Sun Feb 23 07:09:18 UTC 2020 /home/travis/build/icyphy/ptII/ptolemy/actor/lib/test/auto/TrigFunctionTan.xml
----------------- Instantiating /home/travis/build/icyphy/ptII/ptolemy/actor/lib/test/auto/TrigFunctionTan.xml
1 ms. Memory: 521216K Free: 245777K (47%)
----------------- Invoking toplevel() on ptolemy.moml.MoMLSimpleApplication@568e91fc
----------------- Done invoking toplevel() on ptolemy.moml.MoMLSimpleApplication@568e91fc
reloadAllAccessors: .TrigFunctionTan

===========================================================================================
----------------- testing Sun Feb 23 07:09:18 UTC 2020 /home/travis/build/icyphy/ptII/ptolemy/actor/lib/test/auto/TriggeredClock.xml
----------------- Instantiating /home/travis/build/icyphy/ptII/ptolemy/actor/lib/test/auto/TriggeredClock.xml
1 ms. Memory: 521216K Free: 240651K (46%)
----------------- Invoking toplevel() on ptolemy.moml.MoMLSimpleApplication@7a108649
----------------- Done invoking toplevel() on ptolemy.moml.MoMLSimpleApplication@7a108649
reloadAllAccessors: .TriggeredClock

===========================================================================================
----------------- testing Sun Feb 23 07:09:18 UTC 2020 /home/travis/build/icyphy/ptII/ptolemy/actor/lib/test/auto/URLDirectoryReader.xml
----------------- Instantiating /home/travis/build/icyphy/ptII/ptolemy/actor/lib/test/auto/URLDirectoryReader.xml
52 ms. Memory: 521216K Free: 230931K (44%)
----------------- Invoking toplevel() on ptolemy.moml.MoMLSimpleApplication@10076ab9
----------------- Done invoking toplevel() on ptolemy.moml.MoMLSimpleApplication@10076ab9
reloadAllAccessors: .URLDirectoryReader

===========================================================================================
----------------- testing Sun Feb 23 07:09:18 UTC 2020 /home/travis/build/icyphy/ptII/ptolemy/actor/lib/test/auto/URLDirectoryReader3.xml
----------------- Instantiating /home/travis/build/icyphy/ptII/ptolemy/actor/lib/test/auto/URLDirectoryReader3.xml
1529 ms. Memory: 521216K Free: 461547K (89%)
----------------- Invoking toplevel() on ptolemy.moml.MoMLSimpleApplication@6e3e4a2
----------------- Done invoking toplevel() on ptolemy.moml.MoMLSimpleApplication@6e3e4a2
reloadAllAccessors: .URLDirectoryReader3

===========================================================================================
----------------- testing Sun Feb 23 07:09:20 UTC 2020 /home/travis/build/icyphy/ptII/ptolemy/actor/lib/test/auto/UnaryMathFunction.xml
----------------- Instantiating /home/travis/build/icyphy/ptII/ptolemy/actor/lib/test/auto/UnaryMathFunction.xml
2 ms. Memory: 521216K Free: 452717K (87%)
----------------- Invoking toplevel() on ptolemy.moml.MoMLSimpleApplication@6726278b
----------------- Done invoking toplevel() on ptolemy.moml.MoMLSimpleApplication@6726278b
reloadAllAccessors: .UnaryMathFunction

===========================================================================================
----------------- testing Sun Feb 23 07:09:20 UTC 2020 /home/travis/build/icyphy/ptII/ptolemy/actor/lib/test/auto/Uniform.xml
----------------- Instantiating /home/travis/build/icyphy/ptII/ptolemy/actor/lib/test/auto/Uniform.xml
1 ms. Memory: 521216K Free: 447597K (86%)
----------------- Invoking toplevel() on ptolemy.moml.MoMLSimpleApplication@365ed552
----------------- Done invoking toplevel() on ptolemy.moml.MoMLSimpleApplication@365ed552
reloadAllAccessors: .Uniform

===========================================================================================
----------------- testing Sun Feb 23 07:09:20 UTC 2020 /home/travis/build/icyphy/ptII/ptolemy/actor/lib/test/auto/UnionDisassemblerTest.xml
----------------- Instantiating /home/travis/build/icyphy/ptII/ptolemy/actor/lib/test/auto/UnionDisassemblerTest.xml
8 ms. Memory: 521216K Free: 444011K (85%)
----------------- Invoking toplevel() on ptolemy.moml.MoMLSimpleApplication@5f1d643b
----------------- Done invoking toplevel() on ptolemy.moml.MoMLSimpleApplication@5f1d643b
reloadAllAccessors: .UnionDisassemblerTest

===========================================================================================
----------------- testing Sun Feb 23 07:09:20 UTC 2020 /home/travis/build/icyphy/ptII/ptolemy/actor/lib/test/auto/UtilityFunctions.xml
----------------- Instantiating /home/travis/build/icyphy/ptII/ptolemy/actor/lib/test/auto/UtilityFunctions.xml
1 ms. Memory: 521216K Free: 439405K (84%)
----------------- Invoking toplevel() on ptolemy.moml.MoMLSimpleApplication@3d2d5e16
----------------- Done invoking toplevel() on ptolemy.moml.MoMLSimpleApplication@3d2d5e16
reloadAllAccessors: .UtilityFunctions

===========================================================================================
----------------- testing Sun Feb 23 07:09:20 UTC 2020 /home/travis/build/icyphy/ptII/ptolemy/actor/lib/test/auto/VariableSleep.xml
----------------- Instantiating /home/travis/build/icyphy/ptII/ptolemy/actor/lib/test/auto/VariableSleep.xml
503 ms. Memory: 521216K Free: 434285K (83%)
----------------- Invoking toplevel() on ptolemy.moml.MoMLSimpleApplication@2cf9c60e
----------------- Done invoking toplevel() on ptolemy.moml.MoMLSimpleApplication@2cf9c60e
reloadAllAccessors: .VariableSleep

===========================================================================================
----------------- testing Sun Feb 23 07:09:20 UTC 2020 /home/travis/build/icyphy/ptII/ptolemy/actor/lib/test/auto/VectorAssemblerDisassemblerCT.xml
----------------- Instantiating /home/travis/build/icyphy/ptII/ptolemy/actor/lib/test/auto/VectorAssemblerDisassemblerCT.xml
75 ms. Memory: 521216K Free: 413805K (79%)
----------------- Invoking toplevel() on ptolemy.moml.MoMLSimpleApplication@24b1086f
----------------- Done invoking toplevel() on ptolemy.moml.MoMLSimpleApplication@24b1086f
reloadAllAccessors: .VectorAssemblerDisassemblerCT

===========================================================================================
----------------- testing Sun Feb 23 07:09:21 UTC 2020 /home/travis/build/icyphy/ptII/ptolemy/actor/lib/test/auto/VectorAssemblerDisassemblerDE.xml
----------------- Instantiating /home/travis/build/icyphy/ptII/ptolemy/actor/lib/test/auto/VectorAssemblerDisassemblerDE.xml
2 ms. Memory: 521216K Free: 406637K (78%)
----------------- Invoking toplevel() on ptolemy.moml.MoMLSimpleApplication@29c3cb90
----------------- Done invoking toplevel() on ptolemy.moml.MoMLSimpleApplication@29c3cb90
reloadAllAccessors: .VectorAssemblerDisassemblerDE

===========================================================================================
----------------- testing Sun Feb 23 07:09:21 UTC 2020 /home/travis/build/icyphy/ptII/ptolemy/actor/lib/test/auto/VectorAssemblerDisassemblerSDF.xml
----------------- Instantiating /home/travis/build/icyphy/ptII/ptolemy/actor/lib/test/auto/VectorAssemblerDisassemblerSDF.xml
8 ms. Memory: 521216K Free: 399469K (77%)
----------------- Invoking toplevel() on ptolemy.moml.MoMLSimpleApplication@73338d20
----------------- Done invoking toplevel() on ptolemy.moml.MoMLSimpleApplication@73338d20
reloadAllAccessors: .VectorAssemblerDisassemblerSDF

===========================================================================================
----------------- testing Sun Feb 23 07:09:21 UTC 2020 /home/travis/build/icyphy/ptII/ptolemy/actor/lib/test/auto/WallClockTime.xml
----------------- Instantiating /home/travis/build/icyphy/ptII/ptolemy/actor/lib/test/auto/WallClockTime.xml
1004 ms. Memory: 521216K Free: 394349K (76%)
----------------- Invoking toplevel() on ptolemy.moml.MoMLSimpleApplication@59bb6bb2
----------------- Done invoking toplevel() on ptolemy.moml.MoMLSimpleApplication@59bb6bb2
reloadAllAccessors: .WallClockTime

===========================================================================================
----------------- testing Sun Feb 23 07:09:22 UTC 2020 /home/travis/build/icyphy/ptII/ptolemy/actor/lib/test/auto/WidthTestWithSubscriberPublisher.xml
----------------- Instantiating /home/travis/build/icyphy/ptII/ptolemy/actor/lib/test/auto/WidthTestWithSubscriberPublisher.xml
9 ms. Memory: 521216K Free: 375917K (72%)
----------------- Invoking toplevel() on ptolemy.moml.MoMLSimpleApplication@e33a994
----------------- Done invoking toplevel() on ptolemy.moml.MoMLSimpleApplication@e33a994
reloadAllAccessors: .WidthTestWithSubscriberPublisher

===========================================================================================
----------------- testing Sun Feb 23 07:09:22 UTC 2020 /home/travis/build/icyphy/ptII/ptolemy/actor/lib/test/auto/WidthTestWithSubscriberPublisher2.xml
----------------- Instantiating /home/travis/build/icyphy/ptII/ptolemy/actor/lib/test/auto/WidthTestWithSubscriberPublisher2.xml
3 ms. Memory: 521216K Free: 369773K (71%)
----------------- Invoking toplevel() on ptolemy.moml.MoMLSimpleApplication@5ea7e168
----------------- Done invoking toplevel() on ptolemy.moml.MoMLSimpleApplication@5ea7e168
reloadAllAccessors: .WidthTestWithSubscriberPublisher2

===========================================================================================
----------------- testing Sun Feb 23 07:09:22 UTC 2020 /home/travis/build/icyphy/ptII/ptolemy/actor/lib/test/auto/WidthTestWithSubscriberPublisher3.xml
----------------- Instantiating /home/travis/build/icyphy/ptII/ptolemy/actor/lib/test/auto/WidthTestWithSubscriberPublisher3.xml
1 ms. Memory: 521216K Free: 363115K (70%)
----------------- Invoking toplevel() on ptolemy.moml.MoMLSimpleApplication@38301357
----------------- Done invoking toplevel() on ptolemy.moml.MoMLSimpleApplication@38301357
reloadAllAccessors: .WidthTestWithSubscriberPublisher3

===========================================================================================
----------------- testing Sun Feb 23 07:09:22 UTC 2020 /home/travis/build/icyphy/ptII/ptolemy/actor/lib/test/auto/Writer.xml
----------------- Instantiating /home/travis/build/icyphy/ptII/ptolemy/actor/lib/test/auto/Writer.xml
0
1
2
3
4
2 ms. Memory: 521216K Free: 358989K (69%)
----------------- Invoking toplevel() on ptolemy.moml.MoMLSimpleApplication@7038d0a8
----------------- Done invoking toplevel() on ptolemy.moml.MoMLSimpleApplication@7038d0a8
reloadAllAccessors: .Writer

===========================================================================================
----------------- testing Sun Feb 23 07:09:22 UTC 2020 /home/travis/build/icyphy/ptII/ptolemy/actor/lib/test/auto/array.xml
----------------- Instantiating /home/travis/build/icyphy/ptII/ptolemy/actor/lib/test/auto/array.xml
2 ms. Memory: 521216K Free: 353899K (68%)
----------------- Invoking toplevel() on ptolemy.moml.MoMLSimpleApplication@353919e5
----------------- Done invoking toplevel() on ptolemy.moml.MoMLSimpleApplication@353919e5
reloadAllAccessors: .array

===========================================================================================
----------------- testing Sun Feb 23 07:09:22 UTC 2020 /home/travis/build/icyphy/ptII/ptolemy/actor/lib/test/auto/array2.xml
----------------- Instantiating /home/travis/build/icyphy/ptII/ptolemy/actor/lib/test/auto/array2.xml
2 ms. Memory: 521216K Free: 348765K (67%)
----------------- Invoking toplevel() on ptolemy.moml.MoMLSimpleApplication@54ce3a62
----------------- Done invoking toplevel() on ptolemy.moml.MoMLSimpleApplication@54ce3a62
reloadAllAccessors: .array2

===========================================================================================
----------------- testing Sun Feb 23 07:09:22 UTC 2020 /home/travis/build/icyphy/ptII/ptolemy/actor/lib/test/auto/arrayType.xml
----------------- Instantiating /home/travis/build/icyphy/ptII/ptolemy/actor/lib/test/auto/arrayType.xml
2 ms. Memory: 521216K Free: 343149K (66%)
----------------- Invoking toplevel() on ptolemy.moml.MoMLSimpleApplication@7a4a1b20
----------------- Done invoking toplevel() on ptolemy.moml.MoMLSimpleApplication@7a4a1b20
reloadAllAccessors: .arrayType

===========================================================================================
----------------- testing Sun Feb 23 07:09:22 UTC 2020 /home/travis/build/icyphy/ptII/ptolemy/actor/lib/test/auto/arrayType10.xml
----------------- Instantiating /home/travis/build/icyphy/ptII/ptolemy/actor/lib/test/auto/arrayType10.xml
1 ms. Memory: 521216K Free: 338539K (65%)
----------------- Invoking toplevel() on ptolemy.moml.MoMLSimpleApplication@40343fad
----------------- Done invoking toplevel() on ptolemy.moml.MoMLSimpleApplication@40343fad
reloadAllAccessors: .arrayType10

===========================================================================================
----------------- testing Sun Feb 23 07:09:22 UTC 2020 /home/travis/build/icyphy/ptII/ptolemy/actor/lib/test/auto/arrayType11.xml
----------------- Instantiating /home/travis/build/icyphy/ptII/ptolemy/actor/lib/test/auto/arrayType11.xml
2 ms. Memory: 521216K Free: 333419K (64%)
----------------- Invoking toplevel() on ptolemy.moml.MoMLSimpleApplication@15ac6877
----------------- Done invoking toplevel() on ptolemy.moml.MoMLSimpleApplication@15ac6877
reloadAllAccessors: .arrayType11

===========================================================================================
----------------- testing Sun Feb 23 07:09:22 UTC 2020 /home/travis/build/icyphy/ptII/ptolemy/actor/lib/test/auto/arrayType12.xml
----------------- Instantiating /home/travis/build/icyphy/ptII/ptolemy/actor/lib/test/auto/arrayType12.xml
1 ms. Memory: 521216K Free: 328299K (63%)
----------------- Invoking toplevel() on ptolemy.moml.MoMLSimpleApplication@270da8bb
----------------- Done invoking toplevel() on ptolemy.moml.MoMLSimpleApplication@270da8bb
reloadAllAccessors: .arrayType12

===========================================================================================
----------------- testing Sun Feb 23 07:09:22 UTC 2020 /home/travis/build/icyphy/ptII/ptolemy/actor/lib/test/auto/arrayType13.xml
----------------- Instantiating /home/travis/build/icyphy/ptII/ptolemy/actor/lib/test/auto/arrayType13.xml
2 ms. Memory: 521216K Free: 322669K (62%)
----------------- Invoking toplevel() on ptolemy.moml.MoMLSimpleApplication@77e4df79
----------------- Done invoking toplevel() on ptolemy.moml.MoMLSimpleApplication@77e4df79
reloadAllAccessors: .arrayType13

===========================================================================================
----------------- testing Sun Feb 23 07:09:22 UTC 2020 /home/travis/build/icyphy/ptII/ptolemy/actor/lib/test/auto/arrayType14.xml
----------------- Instantiating /home/travis/build/icyphy/ptII/ptolemy/actor/lib/test/auto/arrayType14.xml
2 ms. Memory: 521216K Free: 317549K (61%)
----------------- Invoking toplevel() on ptolemy.moml.MoMLSimpleApplication@64a96d7b
----------------- Done invoking toplevel() on ptolemy.moml.MoMLSimpleApplication@64a96d7b
reloadAllAccessors: .arrayType14

===========================================================================================
----------------- testing Sun Feb 23 07:09:22 UTC 2020 /home/travis/build/icyphy/ptII/ptolemy/actor/lib/test/auto/arrayType15.xml
----------------- Instantiating /home/travis/build/icyphy/ptII/ptolemy/actor/lib/test/auto/arrayType15.xml
3 ms. Memory: 521216K Free: 311915K (60%)
----------------- Invoking toplevel() on ptolemy.moml.MoMLSimpleApplication@315e7e24
----------------- Done invoking toplevel() on ptolemy.moml.MoMLSimpleApplication@315e7e24
reloadAllAccessors: .arrayType15

===========================================================================================
----------------- testing Sun Feb 23 07:09:22 UTC 2020 /home/travis/build/icyphy/ptII/ptolemy/actor/lib/test/auto/arrayType16.xml
----------------- Instantiating /home/travis/build/icyphy/ptII/ptolemy/actor/lib/test/auto/arrayType16.xml
2 ms. Memory: 521216K Free: 306795K (59%)
----------------- Invoking toplevel() on ptolemy.moml.MoMLSimpleApplication@279703aa
----------------- Done invoking toplevel() on ptolemy.moml.MoMLSimpleApplication@279703aa
reloadAllAccessors: .arrayType16

===========================================================================================
----------------- testing Sun Feb 23 07:09:22 UTC 2020 /home/travis/build/icyphy/ptII/ptolemy/actor/lib/test/auto/arrayType17.xml
----------------- Instantiating /home/travis/build/icyphy/ptII/ptolemy/actor/lib/test/auto/arrayType17.xml
2 ms. Memory: 521216K Free: 301165K (58%)
----------------- Invoking toplevel() on ptolemy.moml.MoMLSimpleApplication@6070bebe
----------------- Done invoking toplevel() on ptolemy.moml.MoMLSimpleApplication@6070bebe
reloadAllAccessors: .arrayType17

===========================================================================================
----------------- testing Sun Feb 23 07:09:22 UTC 2020 /home/travis/build/icyphy/ptII/ptolemy/actor/lib/test/auto/arrayType18.xml
----------------- Instantiating /home/travis/build/icyphy/ptII/ptolemy/actor/lib/test/auto/arrayType18.xml
1 ms. Memory: 521216K Free: 296555K (57%)
----------------- Invoking toplevel() on ptolemy.moml.MoMLSimpleApplication@51eac9c9
----------------- Done invoking toplevel() on ptolemy.moml.MoMLSimpleApplication@51eac9c9
reloadAllAccessors: .arrayType18

===========================================================================================
----------------- testing Sun Feb 23 07:09:22 UTC 2020 /home/travis/build/icyphy/ptII/ptolemy/actor/lib/test/auto/arrayType19.xml
----------------- Instantiating /home/travis/build/icyphy/ptII/ptolemy/actor/lib/test/auto/arrayType19.xml
2 ms. Memory: 521216K Free: 291435K (56%)
----------------- Invoking toplevel() on ptolemy.moml.MoMLSimpleApplication@273de7a1
----------------- Done invoking toplevel() on ptolemy.moml.MoMLSimpleApplication@273de7a1
reloadAllAccessors: .arrayType19

===========================================================================================
----------------- testing Sun Feb 23 07:09:22 UTC 2020 /home/travis/build/icyphy/ptII/ptolemy/actor/lib/test/auto/arrayType2.xml
----------------- Instantiating /home/travis/build/icyphy/ptII/ptolemy/actor/lib/test/auto/arrayType2.xml
1 ms. Memory: 521216K Free: 286315K (55%)
----------------- Invoking toplevel() on ptolemy.moml.MoMLSimpleApplication@5e4db58d
----------------- Done invoking toplevel() on ptolemy.moml.MoMLSimpleApplication@5e4db58d
reloadAllAccessors: .arrayType2

===========================================================================================
----------------- testing Sun Feb 23 07:09:22 UTC 2020 /home/travis/build/icyphy/ptII/ptolemy/actor/lib/test/auto/arrayType20.xml
----------------- Instantiating /home/travis/build/icyphy/ptII/ptolemy/actor/lib/test/auto/arrayType20.xml
1 ms. Memory: 521216K Free: 281195K (54%)
----------------- Invoking toplevel() on ptolemy.moml.MoMLSimpleApplication@73714e09
----------------- Done invoking toplevel() on ptolemy.moml.MoMLSimpleApplication@73714e09
reloadAllAccessors: .arrayType20

===========================================================================================
----------------- testing Sun Feb 23 07:09:22 UTC 2020 /home/travis/build/icyphy/ptII/ptolemy/actor/lib/test/auto/arrayType21.xml
----------------- Instantiating /home/travis/build/icyphy/ptII/ptolemy/actor/lib/test/auto/arrayType21.xml
1 ms. Memory: 521216K Free: 276589K (53%)
----------------- Invoking toplevel() on ptolemy.moml.MoMLSimpleApplication@315d9bcc
----------------- Done invoking toplevel() on ptolemy.moml.MoMLSimpleApplication@315d9bcc
reloadAllAccessors: .arrayType21

===========================================================================================
----------------- testing Sun Feb 23 07:09:22 UTC 2020 /home/travis/build/icyphy/ptII/ptolemy/actor/lib/test/auto/arrayType22.xml
----------------- Instantiating /home/travis/build/icyphy/ptII/ptolemy/actor/lib/test/auto/arrayType22.xml
2 ms. Memory: 521216K Free: 271469K (52%)
----------------- Invoking toplevel() on ptolemy.moml.MoMLSimpleApplication@5e3e7fa5
----------------- Done invoking toplevel() on ptolemy.moml.MoMLSimpleApplication@5e3e7fa5
reloadAllAccessors: .arrayType22

===========================================================================================
----------------- testing Sun Feb 23 07:09:22 UTC 2020 /home/travis/build/icyphy/ptII/ptolemy/actor/lib/test/auto/arrayType23.xml
----------------- Instantiating /home/travis/build/icyphy/ptII/ptolemy/actor/lib/test/auto/arrayType23.xml
2 ms. Memory: 521216K Free: 266859K (51%)
----------------- Invoking toplevel() on ptolemy.moml.MoMLSimpleApplication@6c27c45d
----------------- Done invoking toplevel() on ptolemy.moml.MoMLSimpleApplication@6c27c45d
reloadAllAccessors: .arrayType23

===========================================================================================
----------------- testing Sun Feb 23 07:09:22 UTC 2020 /home/travis/build/icyphy/ptII/ptolemy/actor/lib/test/auto/arrayType24.xml
----------------- Instantiating /home/travis/build/icyphy/ptII/ptolemy/actor/lib/test/auto/arrayType24.xml
1 ms. Memory: 521216K Free: 261739K (50%)
----------------- Invoking toplevel() on ptolemy.moml.MoMLSimpleApplication@70119047
----------------- Done invoking toplevel() on ptolemy.moml.MoMLSimpleApplication@70119047
reloadAllAccessors: .arrayType24

===========================================================================================
----------------- testing Sun Feb 23 07:09:22 UTC 2020 /home/travis/build/icyphy/ptII/ptolemy/actor/lib/test/auto/arrayType25.xml
----------------- Instantiating /home/travis/build/icyphy/ptII/ptolemy/actor/lib/test/auto/arrayType25.xml
2 ms. Memory: 521216K Free: 256109K (49%)
----------------- Invoking toplevel() on ptolemy.moml.MoMLSimpleApplication@1cd2da9f
----------------- Done invoking toplevel() on ptolemy.moml.MoMLSimpleApplication@1cd2da9f
reloadAllAccessors: .arrayType25

===========================================================================================
----------------- testing Sun Feb 23 07:09:22 UTC 2020 /home/travis/build/icyphy/ptII/ptolemy/actor/lib/test/auto/arrayType26.xml
----------------- Instantiating /home/travis/build/icyphy/ptII/ptolemy/actor/lib/test/auto/arrayType26.xml
2 ms. Memory: 521216K Free: 250989K (48%)
----------------- Invoking toplevel() on ptolemy.moml.MoMLSimpleApplication@2cb78829
----------------- Done invoking toplevel() on ptolemy.moml.MoMLSimpleApplication@2cb78829
reloadAllAccessors: .arrayType26

===========================================================================================
----------------- testing Sun Feb 23 07:09:22 UTC 2020 /home/travis/build/icyphy/ptII/ptolemy/actor/lib/test/auto/arrayType27.xml
----------------- Instantiating /home/travis/build/icyphy/ptII/ptolemy/actor/lib/test/auto/arrayType27.xml
2 ms. Memory: 521216K Free: 245355K (47%)
----------------- Invoking toplevel() on ptolemy.moml.MoMLSimpleApplication@5d2c692c
----------------- Done invoking toplevel() on ptolemy.moml.MoMLSimpleApplication@5d2c692c
reloadAllAccessors: .arrayType27

===========================================================================================
----------------- testing Sun Feb 23 07:09:22 UTC 2020 /home/travis/build/icyphy/ptII/ptolemy/actor/lib/test/auto/arrayType28.xml
----------------- Instantiating /home/travis/build/icyphy/ptII/ptolemy/actor/lib/test/auto/arrayType28.xml
2 ms. Memory: 521216K Free: 240235K (46%)
----------------- Invoking toplevel() on ptolemy.moml.MoMLSimpleApplication@34c370f2
----------------- Done invoking toplevel() on ptolemy.moml.MoMLSimpleApplication@34c370f2
reloadAllAccessors: .arrayType28

===========================================================================================
----------------- testing Sun Feb 23 07:09:22 UTC 2020 /home/travis/build/icyphy/ptII/ptolemy/actor/lib/test/auto/arrayType3.xml
----------------- Instantiating /home/travis/build/icyphy/ptII/ptolemy/actor/lib/test/auto/arrayType3.xml
1 ms. Memory: 521216K Free: 234605K (45%)
----------------- Invoking toplevel() on ptolemy.moml.MoMLSimpleApplication@4b6ba3cc
----------------- Done invoking toplevel() on ptolemy.moml.MoMLSimpleApplication@4b6ba3cc
reloadAllAccessors: .arrayType3

===========================================================================================
----------------- testing Sun Feb 23 07:09:22 UTC 2020 /home/travis/build/icyphy/ptII/ptolemy/actor/lib/test/auto/arrayType4.xml
----------------- Instantiating /home/travis/build/icyphy/ptII/ptolemy/actor/lib/test/auto/arrayType4.xml
2 ms. Memory: 521216K Free: 229485K (44%)
----------------- Invoking toplevel() on ptolemy.moml.MoMLSimpleApplication@e6aeeea
----------------- Done invoking toplevel() on ptolemy.moml.MoMLSimpleApplication@e6aeeea
reloadAllAccessors: .arrayType4

===========================================================================================
----------------- testing Sun Feb 23 07:09:22 UTC 2020 /home/travis/build/icyphy/ptII/ptolemy/actor/lib/test/auto/arrayType5.xml
----------------- Instantiating /home/travis/build/icyphy/ptII/ptolemy/actor/lib/test/auto/arrayType5.xml
2 ms. Memory: 521216K Free: 223851K (43%)
----------------- Invoking toplevel() on ptolemy.moml.MoMLSimpleApplication@5a291996
----------------- Done invoking toplevel() on ptolemy.moml.MoMLSimpleApplication@5a291996
reloadAllAccessors: .arrayType5

===========================================================================================
----------------- testing Sun Feb 23 07:09:22 UTC 2020 /home/travis/build/icyphy/ptII/ptolemy/actor/lib/test/auto/arrayType6.xml
----------------- Instantiating /home/travis/build/icyphy/ptII/ptolemy/actor/lib/test/auto/arrayType6.xml
1 ms. Memory: 521216K Free: 218731K (42%)
----------------- Invoking toplevel() on ptolemy.moml.MoMLSimpleApplication@ad7323a
----------------- Done invoking toplevel() on ptolemy.moml.MoMLSimpleApplication@ad7323a
reloadAllAccessors: .arrayType6

===========================================================================================
----------------- testing Sun Feb 23 07:09:22 UTC 2020 /home/travis/build/icyphy/ptII/ptolemy/actor/lib/test/auto/arrayType7.xml
----------------- Instantiating /home/travis/build/icyphy/ptII/ptolemy/actor/lib/test/auto/arrayType7.xml
1 ms. Memory: 521216K Free: 214125K (41%)
----------------- Invoking toplevel() on ptolemy.moml.MoMLSimpleApplication@6f3aed2e
----------------- Done invoking toplevel() on ptolemy.moml.MoMLSimpleApplication@6f3aed2e
reloadAllAccessors: .arrayType7

===========================================================================================
----------------- testing Sun Feb 23 07:09:22 UTC 2020 /home/travis/build/icyphy/ptII/ptolemy/actor/lib/test/auto/arrayType8.xml
----------------- Instantiating /home/travis/build/icyphy/ptII/ptolemy/actor/lib/test/auto/arrayType8.xml
6 ms. Memory: 521216K Free: 209005K (40%)
----------------- Invoking toplevel() on ptolemy.moml.MoMLSimpleApplication@2fc7177a
----------------- Done invoking toplevel() on ptolemy.moml.MoMLSimpleApplication@2fc7177a
reloadAllAccessors: .arrayType8

===========================================================================================
----------------- testing Sun Feb 23 07:09:22 UTC 2020 /home/travis/build/icyphy/ptII/ptolemy/actor/lib/test/auto/arrayType9.xml
----------------- Instantiating /home/travis/build/icyphy/ptII/ptolemy/actor/lib/test/auto/arrayType9.xml
1 ms. Memory: 521216K Free: 204395K (39%)
----------------- Invoking toplevel() on ptolemy.moml.MoMLSimpleApplication@3805a59d
----------------- Done invoking toplevel() on ptolemy.moml.MoMLSimpleApplication@3805a59d
reloadAllAccessors: .arrayType9

===========================================================================================
----------------- testing Sun Feb 23 07:09:22 UTC 2020 /home/travis/build/icyphy/ptII/ptolemy/actor/lib/test/auto/cast.xml
----------------- Instantiating /home/travis/build/icyphy/ptII/ptolemy/actor/lib/test/auto/cast.xml
2 ms. Memory: 521216K Free: 199275K (38%)
----------------- Invoking toplevel() on ptolemy.moml.MoMLSimpleApplication@250212dc
----------------- Done invoking toplevel() on ptolemy.moml.MoMLSimpleApplication@250212dc
reloadAllAccessors: .cast

===========================================================================================
----------------- testing Sun Feb 23 07:09:22 UTC 2020 /home/travis/build/icyphy/ptII/ptolemy/actor/lib/test/auto/compositeMultiPort.xml
----------------- Instantiating /home/travis/build/icyphy/ptII/ptolemy/actor/lib/test/auto/compositeMultiPort.xml
3 ms. Memory: 521216K Free: 190573K (37%)
----------------- Invoking toplevel() on ptolemy.moml.MoMLSimpleApplication@33c0eb6
----------------- Done invoking toplevel() on ptolemy.moml.MoMLSimpleApplication@33c0eb6
reloadAllAccessors: .compositeMultiPort

===========================================================================================
----------------- testing Sun Feb 23 07:09:22 UTC 2020 /home/travis/build/icyphy/ptII/ptolemy/actor/lib/test/auto/expressionCastInference.xml
----------------- Instantiating /home/travis/build/icyphy/ptII/ptolemy/actor/lib/test/auto/expressionCastInference.xml
2 ms. Memory: 521216K Free: 185453K (36%)
----------------- Invoking toplevel() on ptolemy.moml.MoMLSimpleApplication@1819add6
----------------- Done invoking toplevel() on ptolemy.moml.MoMLSimpleApplication@1819add6
reloadAllAccessors: .expressionCastInference

===========================================================================================
----------------- testing Sun Feb 23 07:09:22 UTC 2020 /home/travis/build/icyphy/ptII/ptolemy/actor/lib/test/auto/expressionCastInference2.xml
----------------- Instantiating /home/travis/build/icyphy/ptII/ptolemy/actor/lib/test/auto/expressionCastInference2.xml
2 ms. Memory: 521216K Free: 180333K (35%)
----------------- Invoking toplevel() on ptolemy.moml.MoMLSimpleApplication@68f90fb5
----------------- Done invoking toplevel() on ptolemy.moml.MoMLSimpleApplication@68f90fb5
reloadAllAccessors: .expressionCastInference2

===========================================================================================
----------------- testing Sun Feb 23 07:09:22 UTC 2020 /home/travis/build/icyphy/ptII/ptolemy/actor/lib/test/auto/expressionInference.xml
----------------- Instantiating /home/travis/build/icyphy/ptII/ptolemy/actor/lib/test/auto/expressionInference.xml
2 ms. Memory: 521216K Free: 175723K (34%)
----------------- Invoking toplevel() on ptolemy.moml.MoMLSimpleApplication@2a40be8
----------------- Done invoking toplevel() on ptolemy.moml.MoMLSimpleApplication@2a40be8
reloadAllAccessors: .expressionInference

===========================================================================================
----------------- testing Sun Feb 23 07:09:22 UTC 2020 /home/travis/build/icyphy/ptII/ptolemy/actor/lib/test/auto/expression_bug.xml
----------------- Instantiating /home/travis/build/icyphy/ptII/ptolemy/actor/lib/test/auto/expression_bug.xml
1 ms. Memory: 521216K Free: 171117K (33%)
----------------- Invoking toplevel() on ptolemy.moml.MoMLSimpleApplication@30f7e12
----------------- Done invoking toplevel() on ptolemy.moml.MoMLSimpleApplication@30f7e12
reloadAllAccessors: .expression_bug

===========================================================================================
----------------- testing Sun Feb 23 07:09:22 UTC 2020 /home/travis/build/icyphy/ptII/ptolemy/actor/lib/test/auto/factorial.xml
----------------- Instantiating /home/travis/build/icyphy/ptII/ptolemy/actor/lib/test/auto/factorial.xml
43 ms. Memory: 521216K Free: 162411K (31%)
----------------- Invoking toplevel() on ptolemy.moml.MoMLSimpleApplication@6b1a957c
----------------- Done invoking toplevel() on ptolemy.moml.MoMLSimpleApplication@6b1a957c
reloadAllAccessors: .factorial

===========================================================================================
----------------- testing Sun Feb 23 07:09:22 UTC 2020 /home/travis/build/icyphy/ptII/ptolemy/actor/lib/test/auto/filterTest1.xml
----------------- Instantiating /home/travis/build/icyphy/ptII/ptolemy/actor/lib/test/auto/filterTest1.xml
3 ms. Memory: 521216K Free: 461295K (89%)
----------------- Invoking toplevel() on ptolemy.moml.MoMLSimpleApplication@3f0f0f90
----------------- Done invoking toplevel() on ptolemy.moml.MoMLSimpleApplication@3f0f0f90
reloadAllAccessors: .filterTest1

===========================================================================================
----------------- testing Sun Feb 23 07:09:22 UTC 2020 /home/travis/build/icyphy/ptII/ptolemy/actor/lib/test/auto/funcApplyInConst.xml
----------------- Instantiating /home/travis/build/icyphy/ptII/ptolemy/actor/lib/test/auto/funcApplyInConst.xml
1 ms. Memory: 521216K Free: 457214K (88%)
----------------- Invoking toplevel() on ptolemy.moml.MoMLSimpleApplication@7397fbca
----------------- Done invoking toplevel() on ptolemy.moml.MoMLSimpleApplication@7397fbca
reloadAllAccessors: .funcApplyInConst

===========================================================================================
----------------- testing Sun Feb 23 07:09:22 UTC 2020 /home/travis/build/icyphy/ptII/ptolemy/actor/lib/test/auto/funcApplyInExpr.xml
----------------- Instantiating /home/travis/build/icyphy/ptII/ptolemy/actor/lib/test/auto/funcApplyInExpr.xml
2 ms. Memory: 521216K Free: 453632K (87%)
----------------- Invoking toplevel() on ptolemy.moml.MoMLSimpleApplication@59451ff5
----------------- Done invoking toplevel() on ptolemy.moml.MoMLSimpleApplication@59451ff5
reloadAllAccessors: .funcApplyInExpr

===========================================================================================
----------------- testing Sun Feb 23 07:09:22 UTC 2020 /home/travis/build/icyphy/ptII/ptolemy/actor/lib/test/auto/function.xml
----------------- Instantiating /home/travis/build/icyphy/ptII/ptolemy/actor/lib/test/auto/function.xml
3 ms. Memory: 521216K Free: 448512K (86%)
----------------- Invoking toplevel() on ptolemy.moml.MoMLSimpleApplication@74b8f1ad
----------------- Done invoking toplevel() on ptolemy.moml.MoMLSimpleApplication@74b8f1ad
reloadAllAccessors: .function

===========================================================================================
----------------- testing Sun Feb 23 07:09:22 UTC 2020 /home/travis/build/icyphy/ptII/ptolemy/actor/lib/test/auto/function2.xml
----------------- Instantiating /home/travis/build/icyphy/ptII/ptolemy/actor/lib/test/auto/function2.xml
20 ms. Memory: 521216K Free: 443902K (85%)
----------------- Invoking toplevel() on ptolemy.moml.MoMLSimpleApplication@2c3459f1
----------------- Done invoking toplevel() on ptolemy.moml.MoMLSimpleApplication@2c3459f1
reloadAllAccessors: .function2

===========================================================================================
----------------- testing Sun Feb 23 07:09:22 UTC 2020 /home/travis/build/icyphy/ptII/ptolemy/actor/lib/test/auto/function3.xml
----------------- Instantiating /home/travis/build/icyphy/ptII/ptolemy/actor/lib/test/auto/function3.xml
2 ms. Memory: 521216K Free: 439806K (84%)
----------------- Invoking toplevel() on ptolemy.moml.MoMLSimpleApplication@57be2573
----------------- Done invoking toplevel() on ptolemy.moml.MoMLSimpleApplication@57be2573
reloadAllAccessors: .function3

===========================================================================================
----------------- testing Sun Feb 23 07:09:22 UTC 2020 /home/travis/build/icyphy/ptII/ptolemy/actor/lib/test/auto/functionClosureTest1.xml
----------------- Instantiating /home/travis/build/icyphy/ptII/ptolemy/actor/lib/test/auto/functionClosureTest1.xml
2 ms. Memory: 521216K Free: 433631K (83%)
----------------- Invoking toplevel() on ptolemy.moml.MoMLSimpleApplication@60de6762
----------------- Done invoking toplevel() on ptolemy.moml.MoMLSimpleApplication@60de6762
reloadAllAccessors: .functionClosureTest1

===========================================================================================
----------------- testing Sun Feb 23 07:09:23 UTC 2020 /home/travis/build/icyphy/ptII/ptolemy/actor/lib/test/auto/functionClosureTest2.xml
----------------- Instantiating /home/travis/build/icyphy/ptII/ptolemy/actor/lib/test/auto/functionClosureTest2.xml
2 ms. Memory: 521216K Free: 430080K (83%)
----------------- Invoking toplevel() on ptolemy.moml.MoMLSimpleApplication@325b607f
----------------- Done invoking toplevel() on ptolemy.moml.MoMLSimpleApplication@325b607f
reloadAllAccessors: .functionClosureTest2

===========================================================================================
----------------- testing Sun Feb 23 07:09:23 UTC 2020 /home/travis/build/icyphy/ptII/ptolemy/actor/lib/test/auto/functionClosureTest3.xml
----------------- Instantiating /home/travis/build/icyphy/ptII/ptolemy/actor/lib/test/auto/functionClosureTest3.xml
5 ms. Memory: 521216K Free: 424431K (81%)
----------------- Invoking toplevel() on ptolemy.moml.MoMLSimpleApplication@2b88aaa7
----------------- Done invoking toplevel() on ptolemy.moml.MoMLSimpleApplication@2b88aaa7
reloadAllAccessors: .functionClosureTest3

===========================================================================================
----------------- testing Sun Feb 23 07:09:23 UTC 2020 /home/travis/build/icyphy/ptII/ptolemy/actor/lib/test/auto/functionClosureTest4.xml
----------------- Instantiating /home/travis/build/icyphy/ptII/ptolemy/actor/lib/test/auto/functionClosureTest4.xml
5 ms. Memory: 521216K Free: 417792K (80%)
----------------- Invoking toplevel() on ptolemy.moml.MoMLSimpleApplication@43669d00
----------------- Done invoking toplevel() on ptolemy.moml.MoMLSimpleApplication@43669d00
reloadAllAccessors: .functionClosureTest4

===========================================================================================
----------------- testing Sun Feb 23 07:09:23 UTC 2020 /home/travis/build/icyphy/ptII/ptolemy/actor/lib/test/auto/functionClosureTest5.xml
----------------- Instantiating /home/travis/build/icyphy/ptII/ptolemy/actor/lib/test/auto/functionClosureTest5.xml
3 ms. Memory: 521216K Free: 412672K (79%)
----------------- Invoking toplevel() on ptolemy.moml.MoMLSimpleApplication@32bfde0b
----------------- Done invoking toplevel() on ptolemy.moml.MoMLSimpleApplication@32bfde0b
reloadAllAccessors: .functionClosureTest5

===========================================================================================
----------------- testing Sun Feb 23 07:09:23 UTC 2020 /home/travis/build/icyphy/ptII/ptolemy/actor/lib/test/auto/functionClosureTest6.xml
----------------- Instantiating /home/travis/build/icyphy/ptII/ptolemy/actor/lib/test/auto/functionClosureTest6.xml
1 ms. Memory: 521216K Free: 407552K (78%)
----------------- Invoking toplevel() on ptolemy.moml.MoMLSimpleApplication@2c09ff2d
----------------- Done invoking toplevel() on ptolemy.moml.MoMLSimpleApplication@2c09ff2d
reloadAllAccessors: .functionClosureTest6

===========================================================================================
----------------- testing Sun Feb 23 07:09:23 UTC 2020 /home/travis/build/icyphy/ptII/ptolemy/actor/lib/test/auto/functionsOnArcs.xml
----------------- Instantiating /home/travis/build/icyphy/ptII/ptolemy/actor/lib/test/auto/functionsOnArcs.xml
1 ms. Memory: 521216K Free: 402432K (77%)
----------------- Invoking toplevel() on ptolemy.moml.MoMLSimpleApplication@5efe554e
----------------- Done invoking toplevel() on ptolemy.moml.MoMLSimpleApplication@5efe554e
reloadAllAccessors: .functionsOnArcs

===========================================================================================
----------------- testing Sun Feb 23 07:09:23 UTC 2020 /home/travis/build/icyphy/ptII/ptolemy/actor/lib/test/auto/functionsOnArcsHOF.xml
----------------- Instantiating /home/travis/build/icyphy/ptII/ptolemy/actor/lib/test/auto/functionsOnArcsHOF.xml
3 ms. Memory: 521216K Free: 396288K (76%)
----------------- Invoking toplevel() on ptolemy.moml.MoMLSimpleApplication@3c3713a6
----------------- Done invoking toplevel() on ptolemy.moml.MoMLSimpleApplication@3c3713a6
reloadAllAccessors: .functionsOnArcsHOF

===========================================================================================
----------------- testing Sun Feb 23 07:09:23 UTC 2020 /home/travis/build/icyphy/ptII/ptolemy/actor/lib/test/auto/logic.xml
----------------- Instantiating /home/travis/build/icyphy/ptII/ptolemy/actor/lib/test/auto/logic.xml
2 ms. Memory: 521216K Free: 388606K (75%)
----------------- Invoking toplevel() on ptolemy.moml.MoMLSimpleApplication@51c20874
----------------- Done invoking toplevel() on ptolemy.moml.MoMLSimpleApplication@51c20874
reloadAllAccessors: .logic

===========================================================================================
----------------- testing Sun Feb 23 07:09:23 UTC 2020 /home/travis/build/icyphy/ptII/ptolemy/actor/lib/test/auto/matrixType.xml
----------------- Instantiating /home/travis/build/icyphy/ptII/ptolemy/actor/lib/test/auto/matrixType.xml
2 ms. Memory: 521216K Free: 383486K (74%)
----------------- Invoking toplevel() on ptolemy.moml.MoMLSimpleApplication@61099005
----------------- Done invoking toplevel() on ptolemy.moml.MoMLSimpleApplication@61099005
reloadAllAccessors: .matrixType

===========================================================================================
----------------- testing Sun Feb 23 07:09:23 UTC 2020 /home/travis/build/icyphy/ptII/ptolemy/actor/lib/test/auto/matrixType10.xml
----------------- Instantiating /home/travis/build/icyphy/ptII/ptolemy/actor/lib/test/auto/matrixType10.xml
2 ms. Memory: 521216K Free: 378366K (73%)
----------------- Invoking toplevel() on ptolemy.moml.MoMLSimpleApplication@7a1d4965
----------------- Done invoking toplevel() on ptolemy.moml.MoMLSimpleApplication@7a1d4965
reloadAllAccessors: .matrixType10

===========================================================================================
----------------- testing Sun Feb 23 07:09:23 UTC 2020 /home/travis/build/icyphy/ptII/ptolemy/actor/lib/test/auto/matrixType11.xml
----------------- Instantiating /home/travis/build/icyphy/ptII/ptolemy/actor/lib/test/auto/matrixType11.xml
2 ms. Memory: 521216K Free: 373246K (72%)
----------------- Invoking toplevel() on ptolemy.moml.MoMLSimpleApplication@688f158d
----------------- Done invoking toplevel() on ptolemy.moml.MoMLSimpleApplication@688f158d
reloadAllAccessors: .matrixType11

===========================================================================================
----------------- testing Sun Feb 23 07:09:23 UTC 2020 /home/travis/build/icyphy/ptII/ptolemy/actor/lib/test/auto/matrixType12.xml
----------------- Instantiating /home/travis/build/icyphy/ptII/ptolemy/actor/lib/test/auto/matrixType12.xml
1 ms. Memory: 521216K Free: 368640K (71%)
----------------- Invoking toplevel() on ptolemy.moml.MoMLSimpleApplication@75ec5eb8
----------------- Done invoking toplevel() on ptolemy.moml.MoMLSimpleApplication@75ec5eb8
reloadAllAccessors: .matrixType12

===========================================================================================
----------------- testing Sun Feb 23 07:09:23 UTC 2020 /home/travis/build/icyphy/ptII/ptolemy/actor/lib/test/auto/matrixType13.xml
----------------- Instantiating /home/travis/build/icyphy/ptII/ptolemy/actor/lib/test/auto/matrixType13.xml
2 ms. Memory: 521216K Free: 363520K (70%)
----------------- Invoking toplevel() on ptolemy.moml.MoMLSimpleApplication@16b2b2dd
----------------- Done invoking toplevel() on ptolemy.moml.MoMLSimpleApplication@16b2b2dd
reloadAllAccessors: .matrixType13

===========================================================================================
----------------- testing Sun Feb 23 07:09:23 UTC 2020 /home/travis/build/icyphy/ptII/ptolemy/actor/lib/test/auto/matrixType14.xml
----------------- Instantiating /home/travis/build/icyphy/ptII/ptolemy/actor/lib/test/auto/matrixType14.xml
1 ms. Memory: 521216K Free: 358910K (69%)
----------------- Invoking toplevel() on ptolemy.moml.MoMLSimpleApplication@2503a76a
----------------- Done invoking toplevel() on ptolemy.moml.MoMLSimpleApplication@2503a76a
reloadAllAccessors: .matrixType14

===========================================================================================
----------------- testing Sun Feb 23 07:09:23 UTC 2020 /home/travis/build/icyphy/ptII/ptolemy/actor/lib/test/auto/matrixType2.xml
----------------- Instantiating /home/travis/build/icyphy/ptII/ptolemy/actor/lib/test/auto/matrixType2.xml
1 ms. Memory: 521216K Free: 353790K (68%)
----------------- Invoking toplevel() on ptolemy.moml.MoMLSimpleApplication@4c85e471
----------------- Done invoking toplevel() on ptolemy.moml.MoMLSimpleApplication@4c85e471
reloadAllAccessors: .matrixType2

===========================================================================================
----------------- testing Sun Feb 23 07:09:23 UTC 2020 /home/travis/build/icyphy/ptII/ptolemy/actor/lib/test/auto/matrixType3.xml
----------------- Instantiating /home/travis/build/icyphy/ptII/ptolemy/actor/lib/test/auto/matrixType3.xml
4 ms. Memory: 521216K Free: 349184K (67%)
----------------- Invoking toplevel() on ptolemy.moml.MoMLSimpleApplication@150c136c
----------------- Done invoking toplevel() on ptolemy.moml.MoMLSimpleApplication@150c136c
reloadAllAccessors: .matrixType3

===========================================================================================
----------------- testing Sun Feb 23 07:09:23 UTC 2020 /home/travis/build/icyphy/ptII/ptolemy/actor/lib/test/auto/matrixType4.xml
----------------- Instantiating /home/travis/build/icyphy/ptII/ptolemy/actor/lib/test/auto/matrixType4.xml
2 ms. Memory: 521216K Free: 344064K (66%)
----------------- Invoking toplevel() on ptolemy.moml.MoMLSimpleApplication@60e41d5b
----------------- Done invoking toplevel() on ptolemy.moml.MoMLSimpleApplication@60e41d5b
reloadAllAccessors: .matrixType4

===========================================================================================
----------------- testing Sun Feb 23 07:09:23 UTC 2020 /home/travis/build/icyphy/ptII/ptolemy/actor/lib/test/auto/matrixType5.xml
----------------- Instantiating /home/travis/build/icyphy/ptII/ptolemy/actor/lib/test/auto/matrixType5.xml
1 ms. Memory: 521216K Free: 338944K (65%)
----------------- Invoking toplevel() on ptolemy.moml.MoMLSimpleApplication@5ec0b04a
----------------- Done invoking toplevel() on ptolemy.moml.MoMLSimpleApplication@5ec0b04a
reloadAllAccessors: .matrixType5

===========================================================================================
----------------- testing Sun Feb 23 07:09:23 UTC 2020 /home/travis/build/icyphy/ptII/ptolemy/actor/lib/test/auto/matrixType6.xml
----------------- Instantiating /home/travis/build/icyphy/ptII/ptolemy/actor/lib/test/auto/matrixType6.xml
2 ms. Memory: 521216K Free: 334334K (64%)
----------------- Invoking toplevel() on ptolemy.moml.MoMLSimpleApplication@4f22d59a
----------------- Done invoking toplevel() on ptolemy.moml.MoMLSimpleApplication@4f22d59a
reloadAllAccessors: .matrixType6

===========================================================================================
----------------- testing Sun Feb 23 07:09:23 UTC 2020 /home/travis/build/icyphy/ptII/ptolemy/actor/lib/test/auto/matrixType7.xml
----------------- Instantiating /home/travis/build/icyphy/ptII/ptolemy/actor/lib/test/auto/matrixType7.xml
1 ms. Memory: 521216K Free: 329214K (63%)
----------------- Invoking toplevel() on ptolemy.moml.MoMLSimpleApplication@6be0b026
----------------- Done invoking toplevel() on ptolemy.moml.MoMLSimpleApplication@6be0b026
reloadAllAccessors: .matrixType7

===========================================================================================
----------------- testing Sun Feb 23 07:09:23 UTC 2020 /home/travis/build/icyphy/ptII/ptolemy/actor/lib/test/auto/matrixType8.xml
----------------- Instantiating /home/travis/build/icyphy/ptII/ptolemy/actor/lib/test/auto/matrixType8.xml
2 ms. Memory: 521216K Free: 324608K (62%)
----------------- Invoking toplevel() on ptolemy.moml.MoMLSimpleApplication@7bbe4b6
----------------- Done invoking toplevel() on ptolemy.moml.MoMLSimpleApplication@7bbe4b6
reloadAllAccessors: .matrixType8

===========================================================================================
----------------- testing Sun Feb 23 07:09:23 UTC 2020 /home/travis/build/icyphy/ptII/ptolemy/actor/lib/test/auto/matrixType9.xml
----------------- Instantiating /home/travis/build/icyphy/ptII/ptolemy/actor/lib/test/auto/matrixType9.xml
2 ms. Memory: 521216K Free: 319488K (61%)
----------------- Invoking toplevel() on ptolemy.moml.MoMLSimpleApplication@2f4fe9e8
----------------- Done invoking toplevel() on ptolemy.moml.MoMLSimpleApplication@2f4fe9e8
reloadAllAccessors: .matrixType9

===========================================================================================
----------------- testing Sun Feb 23 07:09:23 UTC 2020 /home/travis/build/icyphy/ptII/ptolemy/actor/lib/test/auto/paraFunctest.xml
----------------- Instantiating /home/travis/build/icyphy/ptII/ptolemy/actor/lib/test/auto/paraFunctest.xml
2 ms. Memory: 521216K Free: 315392K (61%)
----------------- Invoking toplevel() on ptolemy.moml.MoMLSimpleApplication@10d33240
----------------- Done invoking toplevel() on ptolemy.moml.MoMLSimpleApplication@10d33240
reloadAllAccessors: .paraFunctest

===========================================================================================
----------------- testing Sun Feb 23 07:09:23 UTC 2020 /home/travis/build/icyphy/ptII/ptolemy/actor/lib/test/auto/paraFunctest2.xml
----------------- Instantiating /home/travis/build/icyphy/ptII/ptolemy/actor/lib/test/auto/paraFunctest2.xml
2 ms. Memory: 521216K Free: 310782K (60%)
----------------- Invoking toplevel() on ptolemy.moml.MoMLSimpleApplication@74045
----------------- Done invoking toplevel() on ptolemy.moml.MoMLSimpleApplication@74045
reloadAllAccessors: .paraFunctest2

===========================================================================================
----------------- testing Sun Feb 23 07:09:23 UTC 2020 /home/travis/build/icyphy/ptII/ptolemy/actor/lib/test/auto/parameterPassing.xml
----------------- Instantiating /home/travis/build/icyphy/ptII/ptolemy/actor/lib/test/auto/parameterPassing.xml
1 ms. Memory: 521216K Free: 306686K (59%)
----------------- Invoking toplevel() on ptolemy.moml.MoMLSimpleApplication@59d74a1d
----------------- Done invoking toplevel() on ptolemy.moml.MoMLSimpleApplication@59d74a1d
reloadAllAccessors: .parameterPassing

===========================================================================================
----------------- testing Sun Feb 23 07:09:23 UTC 2020 /home/travis/build/icyphy/ptII/ptolemy/actor/lib/test/auto/record.xml
----------------- Instantiating /home/travis/build/icyphy/ptII/ptolemy/actor/lib/test/auto/record.xml
3 ms. Memory: 521216K Free: 301566K (58%)
----------------- Invoking toplevel() on ptolemy.moml.MoMLSimpleApplication@1a5c5f98
----------------- Done invoking toplevel() on ptolemy.moml.MoMLSimpleApplication@1a5c5f98
reloadAllAccessors: .record

===========================================================================================
----------------- testing Sun Feb 23 07:09:23 UTC 2020 /home/travis/build/icyphy/ptII/ptolemy/actor/lib/test/auto/sizedarray1.xml
----------------- Instantiating /home/travis/build/icyphy/ptII/ptolemy/actor/lib/test/auto/sizedarray1.xml
2 ms. Memory: 521216K Free: 296446K (57%)
----------------- Invoking toplevel() on ptolemy.moml.MoMLSimpleApplication@54a3924e
----------------- Done invoking toplevel() on ptolemy.moml.MoMLSimpleApplication@54a3924e
reloadAllAccessors: .sizedarray1

===========================================================================================
----------------- testing Sun Feb 23 07:09:23 UTC 2020 /home/travis/build/icyphy/ptII/ptolemy/actor/lib/test/auto/sizedarray2.xml
----------------- Instantiating /home/travis/build/icyphy/ptII/ptolemy/actor/lib/test/auto/sizedarray2.xml
2 ms. Memory: 521216K Free: 290302K (56%)
----------------- Invoking toplevel() on ptolemy.moml.MoMLSimpleApplication@6114fe58
----------------- Done invoking toplevel() on ptolemy.moml.MoMLSimpleApplication@6114fe58
reloadAllAccessors: .sizedarray2

===========================================================================================
----------------- testing Sun Feb 23 07:09:23 UTC 2020 /home/travis/build/icyphy/ptII/ptolemy/actor/lib/test/auto/twoPublishers.xml
----------------- Instantiating /home/travis/build/icyphy/ptII/ptolemy/actor/lib/test/auto/twoPublishers.xml
6 ms. Memory: 521216K Free: 279552K (54%)
----------------- Invoking toplevel() on ptolemy.moml.MoMLSimpleApplication@4efa3b0
----------------- Done invoking toplevel() on ptolemy.moml.MoMLSimpleApplication@4efa3b0
reloadAllAccessors: .twoPublishers
AutoTests.java: About to close Vertx.
AutoTests.java: Vertx closed.
]]></system-out>
  <system-err><![CDATA[java.lang.RuntimeException: Execution failed
	at ptolemy.moml.MoMLSimpleApplication$UnloadThread.run(MoMLSimpleApplication.java:402)
Caused by: java.lang.RuntimeException: StringUtilities.exit() was called. Normally, we would exit here because Manager.exitAfterWrapup() was called.  However, because the ptolemy.ptII.exitAfterWrapup property is set, we throw this exception instead.
	at ptolemy.util.StringUtilities.exit(StringUtilities.java:365)
	at ptolemy.actor.Manager.wrapup(Manager.java:1549)
	at ptolemy.actor.Manager.execute(Manager.java:407)
	at ptolemy.actor.Manager.run(Manager.java:1263)
	at ptolemy.actor.Manager$PtolemyRunThread.run(Manager.java:1933)
Warning: '.top.test' is in training mode, set the trainingMode parameter to false before checking in
Warning: '.top.test' is in training mode, set the trainingMode parameter to false before checking in
Warning: '.top.test' is in training mode, set the trainingMode parameter to false before checking in
Warning: '.BooleanSwitch_RegressionTest_WrongTrainingValues.Test' is in training mode, set the trainingMode parameter to false before checking in
Warning: '.BooleanSwitch_RegressionTest_WrongTrainingValues.Test2' is in training mode, set the trainingMode parameter to false before checking in
Warning: '.BooleanSwitch_RegressionTest_WrongTrainingValues.Test2' The test produced 0 tokens.
Warning: '.top.testExceptionHandler' is in training mode, set the trainingMode parameter to false before checking in
java.lang.RuntimeException: Execution failed
	at ptolemy.moml.MoMLSimpleApplication$UnloadThread.run(MoMLSimpleApplication.java:402)
Caused by: ptolemy.kernel.util.IllegalActionException: PublisherPorts cannot be used at the top level, use a Publisher actor instead.
  in .PublisherPortToplevelSubscriber.PublisherPort
	at ptolemy.actor.PublisherPort.preinitialize(PublisherPort.java:403)
	at ptolemy.actor.CompositeActor.preinitialize(CompositeActor.java:1769)
	at ptolemy.actor.Manager.preinitializeAndResolveTypes(Manager.java:1040)
	at ptolemy.actor.Manager.initialize(Manager.java:710)
	at ptolemy.actor.Manager.execute(Manager.java:356)
	at ptolemy.actor.Manager.run(Manager.java:1263)
	at ptolemy.actor.Manager$PtolemyRunThread.run(Manager.java:1933)
java.lang.reflect.InvocationTargetException
	at java.base/jdk.internal.reflect.NativeConstructorAccessorImpl.newInstance0(Native Method)
	at java.base/jdk.internal.reflect.NativeConstructorAccessorImpl.newInstance(NativeConstructorAccessorImpl.java:62)
	at java.base/jdk.internal.reflect.DelegatingConstructorAccessorImpl.newInstance(DelegatingConstructorAccessorImpl.java:45)
	at java.base/java.lang.reflect.Constructor.newInstance(Constructor.java:490)
	at ptolemy.util.test.junit.AutoKnownFailedTests.RunModel(AutoKnownFailedTests.java:105)
	at java.base/jdk.internal.reflect.NativeMethodAccessorImpl.invoke0(Native Method)
	at java.base/jdk.internal.reflect.NativeMethodAccessorImpl.invoke(NativeMethodAccessorImpl.java:62)
	at java.base/jdk.internal.reflect.DelegatingMethodAccessorImpl.invoke(DelegatingMethodAccessorImpl.java:43)
	at java.base/java.lang.reflect.Method.invoke(Method.java:566)
	at org.junit.runners.model.FrameworkMethod$1.runReflectiveCall(FrameworkMethod.java:44)
	at org.junit.internal.runners.model.ReflectiveCallable.run(ReflectiveCallable.java:15)
	at org.junit.runners.model.FrameworkMethod.invokeExplosively(FrameworkMethod.java:41)
	at junitparams.internal.InvokeParameterisedMethod.evaluate(InvokeParameterisedMethod.java:102)
	at org.junit.internal.runners.statements.FailOnTimeout$1.run(FailOnTimeout.java:28)
Caused by: ptolemy.kernel.util.IllegalActionException: PublisherPorts cannot be used at the top level, use a Publisher actor instead.
  in .PublisherPortToplevelSubscriber.PublisherPort
	at ptolemy.actor.PublisherPort.preinitialize(PublisherPort.java:403)
	at ptolemy.actor.CompositeActor.preinitialize(CompositeActor.java:1769)
	at ptolemy.actor.Manager.preinitializeAndResolveTypes(Manager.java:1040)
	at ptolemy.actor.Manager.initialize(Manager.java:710)
	at ptolemy.actor.Manager.execute(Manager.java:356)
	at ptolemy.actor.Manager.run(Manager.java:1263)
	at ptolemy.actor.Manager$PtolemyRunThread.run(Manager.java:1933)
java.lang.RuntimeException: Execution failed
	at ptolemy.moml.MoMLSimpleApplication$UnloadThread.run(MoMLSimpleApplication.java:402)
Caused by: ptolemy.kernel.util.IllegalActionException: SubscriberPorts cannot be used at the top level, use a Subscriber actor instead.
  in .PublisherSubscriberPortToplevel.SubscriberPort
	at ptolemy.actor.SubscriberPort.preinitialize(SubscriberPort.java:328)
	at ptolemy.actor.CompositeActor.preinitialize(CompositeActor.java:1769)
	at ptolemy.actor.Manager.preinitializeAndResolveTypes(Manager.java:1040)
	at ptolemy.actor.Manager.initialize(Manager.java:710)
	at ptolemy.actor.Manager.execute(Manager.java:356)
	at ptolemy.actor.Manager.run(Manager.java:1263)
	at ptolemy.actor.Manager$PtolemyRunThread.run(Manager.java:1933)
java.lang.reflect.InvocationTargetException
	at java.base/jdk.internal.reflect.NativeConstructorAccessorImpl.newInstance0(Native Method)
	at java.base/jdk.internal.reflect.NativeConstructorAccessorImpl.newInstance(NativeConstructorAccessorImpl.java:62)
	at java.base/jdk.internal.reflect.DelegatingConstructorAccessorImpl.newInstance(DelegatingConstructorAccessorImpl.java:45)
	at java.base/java.lang.reflect.Constructor.newInstance(Constructor.java:490)
	at ptolemy.util.test.junit.AutoKnownFailedTests.RunModel(AutoKnownFailedTests.java:105)
	at java.base/jdk.internal.reflect.NativeMethodAccessorImpl.invoke0(Native Method)
	at java.base/jdk.internal.reflect.NativeMethodAccessorImpl.invoke(NativeMethodAccessorImpl.java:62)
	at java.base/jdk.internal.reflect.DelegatingMethodAccessorImpl.invoke(DelegatingMethodAccessorImpl.java:43)
	at java.base/java.lang.reflect.Method.invoke(Method.java:566)
	at org.junit.runners.model.FrameworkMethod$1.runReflectiveCall(FrameworkMethod.java:44)
	at org.junit.internal.runners.model.ReflectiveCallable.run(ReflectiveCallable.java:15)
	at org.junit.runners.model.FrameworkMethod.invokeExplosively(FrameworkMethod.java:41)
	at junitparams.internal.InvokeParameterisedMethod.evaluate(InvokeParameterisedMethod.java:102)
	at org.junit.internal.runners.statements.FailOnTimeout$1.run(FailOnTimeout.java:28)
Caused by: ptolemy.kernel.util.IllegalActionException: SubscriberPorts cannot be used at the top level, use a Subscriber actor instead.
  in .PublisherSubscriberPortToplevel.SubscriberPort
	at ptolemy.actor.SubscriberPort.preinitialize(SubscriberPort.java:328)
	at ptolemy.actor.CompositeActor.preinitialize(CompositeActor.java:1769)
	at ptolemy.actor.Manager.preinitializeAndResolveTypes(Manager.java:1040)
	at ptolemy.actor.Manager.initialize(Manager.java:710)
	at ptolemy.actor.Manager.execute(Manager.java:356)
	at ptolemy.actor.Manager.run(Manager.java:1263)
	at ptolemy.actor.Manager$PtolemyRunThread.run(Manager.java:1933)
java.lang.RuntimeException: Execution failed
	at ptolemy.moml.MoMLSimpleApplication$UnloadThread.run(MoMLSimpleApplication.java:402)
Caused by: ptolemy.kernel.util.IllegalActionException: SubscriptionAggregatorPorts cannot be used at the top level, use a SubscriptionAggregator actor instead.
  in .PublisherSubscriptionAggregatorPort.SubscriptionAggregatorPort
	at ptolemy.actor.SubscriptionAggregatorPort.preinitialize(SubscriptionAggregatorPort.java:353)
	at ptolemy.actor.CompositeActor.preinitialize(CompositeActor.java:1769)
	at ptolemy.actor.Manager.preinitializeAndResolveTypes(Manager.java:1040)
	at ptolemy.actor.Manager.initialize(Manager.java:710)
	at ptolemy.actor.Manager.execute(Manager.java:356)
	at ptolemy.actor.Manager.run(Manager.java:1263)
	at ptolemy.actor.Manager$PtolemyRunThread.run(Manager.java:1933)
java.lang.reflect.InvocationTargetException
	at java.base/jdk.internal.reflect.NativeConstructorAccessorImpl.newInstance0(Native Method)
	at java.base/jdk.internal.reflect.NativeConstructorAccessorImpl.newInstance(NativeConstructorAccessorImpl.java:62)
	at java.base/jdk.internal.reflect.DelegatingConstructorAccessorImpl.newInstance(DelegatingConstructorAccessorImpl.java:45)
	at java.base/java.lang.reflect.Constructor.newInstance(Constructor.java:490)
	at ptolemy.util.test.junit.AutoKnownFailedTests.RunModel(AutoKnownFailedTests.java:105)
	at java.base/jdk.internal.reflect.NativeMethodAccessorImpl.invoke0(Native Method)
	at java.base/jdk.internal.reflect.NativeMethodAccessorImpl.invoke(NativeMethodAccessorImpl.java:62)
	at java.base/jdk.internal.reflect.DelegatingMethodAccessorImpl.invoke(DelegatingMethodAccessorImpl.java:43)
	at java.base/java.lang.reflect.Method.invoke(Method.java:566)
	at org.junit.runners.model.FrameworkMethod$1.runReflectiveCall(FrameworkMethod.java:44)
	at org.junit.internal.runners.model.ReflectiveCallable.run(ReflectiveCallable.java:15)
	at org.junit.runners.model.FrameworkMethod.invokeExplosively(FrameworkMethod.java:41)
	at junitparams.internal.InvokeParameterisedMethod.evaluate(InvokeParameterisedMethod.java:102)
	at org.junit.internal.runners.statements.FailOnTimeout$1.run(FailOnTimeout.java:28)
Caused by: ptolemy.kernel.util.IllegalActionException: SubscriptionAggregatorPorts cannot be used at the top level, use a SubscriptionAggregator actor instead.
  in .PublisherSubscriptionAggregatorPort.SubscriptionAggregatorPort
	at ptolemy.actor.SubscriptionAggregatorPort.preinitialize(SubscriptionAggregatorPort.java:353)
	at ptolemy.actor.CompositeActor.preinitialize(CompositeActor.java:1769)
	at ptolemy.actor.Manager.preinitializeAndResolveTypes(Manager.java:1040)
	at ptolemy.actor.Manager.initialize(Manager.java:710)
	at ptolemy.actor.Manager.execute(Manager.java:356)
	at ptolemy.actor.Manager.run(Manager.java:1263)
	at ptolemy.actor.Manager$PtolemyRunThread.run(Manager.java:1933)
java.lang.RuntimeException: Execution failed
	at ptolemy.moml.MoMLSimpleApplication$UnloadThread.run(MoMLSimpleApplication.java:402)
Caused by: ptolemy.kernel.util.IllegalActionException: TypeTest actor has no training data.
  in .sizedarray3.TypeTest
	at ptolemy.actor.lib.TypeTest.initialize(TypeTest.java:250)
	at ptolemy.actor.Director.initialize(Director.java:938)
	at ptolemy.actor.Director.initialize(Director.java:907)
	at ptolemy.actor.sched.StaticSchedulingDirector.initialize(StaticSchedulingDirector.java:159)
	at ptolemy.domains.sdf.kernel.SDFDirector.initialize(SDFDirector.java:544)
	at ptolemy.actor.CompositeActor.initialize(CompositeActor.java:935)
	at ptolemy.actor.Manager.initialize(Manager.java:724)
	at ptolemy.actor.Manager.execute(Manager.java:356)
	at ptolemy.actor.Manager.run(Manager.java:1263)
	at ptolemy.actor.Manager$PtolemyRunThread.run(Manager.java:1933)
java.lang.reflect.InvocationTargetException
	at java.base/jdk.internal.reflect.NativeConstructorAccessorImpl.newInstance0(Native Method)
	at java.base/jdk.internal.reflect.NativeConstructorAccessorImpl.newInstance(NativeConstructorAccessorImpl.java:62)
	at java.base/jdk.internal.reflect.DelegatingConstructorAccessorImpl.newInstance(DelegatingConstructorAccessorImpl.java:45)
	at java.base/java.lang.reflect.Constructor.newInstance(Constructor.java:490)
	at ptolemy.util.test.junit.AutoKnownFailedTests.RunModel(AutoKnownFailedTests.java:105)
	at java.base/jdk.internal.reflect.NativeMethodAccessorImpl.invoke0(Native Method)
	at java.base/jdk.internal.reflect.NativeMethodAccessorImpl.invoke(NativeMethodAccessorImpl.java:62)
	at java.base/jdk.internal.reflect.DelegatingMethodAccessorImpl.invoke(DelegatingMethodAccessorImpl.java:43)
	at java.base/java.lang.reflect.Method.invoke(Method.java:566)
	at org.junit.runners.model.FrameworkMethod$1.runReflectiveCall(FrameworkMethod.java:44)
	at org.junit.internal.runners.model.ReflectiveCallable.run(ReflectiveCallable.java:15)
	at org.junit.runners.model.FrameworkMethod.invokeExplosively(FrameworkMethod.java:41)
	at junitparams.internal.InvokeParameterisedMethod.evaluate(InvokeParameterisedMethod.java:102)
	at org.junit.internal.runners.statements.FailOnTimeout$1.run(FailOnTimeout.java:28)
Caused by: ptolemy.kernel.util.IllegalActionException: TypeTest actor has no training data.
  in .sizedarray3.TypeTest
	at ptolemy.actor.lib.TypeTest.initialize(TypeTest.java:250)
	at ptolemy.actor.Director.initialize(Director.java:938)
	at ptolemy.actor.Director.initialize(Director.java:907)
	at ptolemy.actor.sched.StaticSchedulingDirector.initialize(StaticSchedulingDirector.java:159)
	at ptolemy.domains.sdf.kernel.SDFDirector.initialize(SDFDirector.java:544)
	at ptolemy.actor.CompositeActor.initialize(CompositeActor.java:935)
	at ptolemy.actor.Manager.initialize(Manager.java:724)
	at ptolemy.actor.Manager.execute(Manager.java:356)
	at ptolemy.actor.Manager.run(Manager.java:1263)
	at ptolemy.actor.Manager$PtolemyRunThread.run(Manager.java:1933)
java.lang.RuntimeException: Execution failed
	at ptolemy.moml.MoMLSimpleApplication$UnloadThread.run(MoMLSimpleApplication.java:402)
Caused by: ptolemy.kernel.util.IllegalActionException: Test fails in iteration 0.
Value was: 6001L. Should have been: 6000L
  in .ExecutionTimeSDF.NonStrictTest
	at ptolemy.actor.lib.NonStrictTest.postfire(NonStrictTest.java:328)
	at ptolemy.actor.AtomicActor.iterate(AtomicActor.java:518)
	at ptolemy.actor.sched.StaticSchedulingDirector.fire(StaticSchedulingDirector.java:216)
	at ptolemy.domains.sdf.kernel.SDFDirector.fire(SDFDirector.java:500)
	at ptolemy.actor.CompositeActor.fire(CompositeActor.java:455)
	at ptolemy.actor.Manager.iterate(Manager.java:851)
	at ptolemy.actor.Manager.execute(Manager.java:369)
	at ptolemy.actor.Manager.run(Manager.java:1263)
	at ptolemy.actor.Manager$PtolemyRunThread.run(Manager.java:1933)
]]></system-err>
</testsuite>
