<?xml version="1.0" encoding="UTF-8" ?>
<testsuite errors="0" failures="0" hostname="travis-job-8973a1db-f8e6-4e2e-a93e-0bf0fb8c34a5" name="ptolemy.actor.lib.test.junit.JUnitTclTest" skipped="0" tests="517" time="58.929" timestamp="2020-07-19T15:09:28">
  <properties>
    <property name="npm.executable" value="npm" />
    <property name="env.TRAVIS_ROOT" value="/" />
    <property name="ptII.mk.exists" value="true" />
    <property name="env.TRAVIS_APP_HOST" value="build.travis-ci.org" />
    <property name="env.rvm_bin_path" value="/home/travis/.rvm/bin" />
    <property name="java.home" value="/usr/local/lib/jvm/openjdk11" />
    <property name="env.TRAVIS_JOB_NUMBER" value="1696.8" />
    <property name="env.TRAVIS_HOME" value="/home/travis" />
    <property name="env.DISPLAY" value=":99.0" />
    <property name="env.TRAVIS_INIT" value="systemd" />
    <property name="env.SSH_TTY" value="/dev/pts/0" />
    <property name="java.net.preferIPv4Stack" value="true" />
    <property name="env.RUN_TESTS" value="true" />
    <property name="timeout.short" value="1000000" />
    <property name="junit.formatter" value="xml" />
    <property name="env.TRAVIS_SUDO" value="true" />
    <property name="env.TRAVIS_JOB_NAME" value="" />
    <property name="env.TRAVIS_STACK_NODE_ATTRIBUTES" value="/.node-attributes.yml" />
    <property name="env.LOGNAME" value="travis" />
    <property name="env.PT_TRAVIS_TEST_CORE1_XML" value="true" />
    <property name="jsdoc.home" value="node_modules/@terraswarm/jsdoc" />
    <property name="debuglevel" value="source,lines,vars" />
    <property name="checkstyle.formatter" value="xml" />
    <property name="env._system_version" value="16.04" />
    <property name="bin.vergil.makeable" value="true" />
    <property name="sun.os.patch.level" value="unknown" />
    <property name="java.vendor.url" value="http://java.oracle.com/" />
    <property name="env.TRAVIS_BUILD_WEB_URL" value="https://travis-ci.org/icyphy/ptII/builds/709718437" />
    <property name="java.version" value="11.0.2" />
    <property name="env.TZ" value="UTC" />
    <property name="env.TRAVIS_PULL_REQUEST_SHA" value="" />
    <property name="env.PT_NO_NET" value="true" />
    <property name="env.TRAVIS_SECURE_ENV_VARS" value="true" />
    <property name="env._system_type" value="Linux" />
    <property name="java.vendor.url.bug" value="http://bugreport.java.com/bugreport/" />
    <property name="npmjs-org-is-up" value="true" />
    <property name="env.LANGUAGE" value="en_US.UTF-8" />
    <property name="env.SSH_CLIENT" value="10.44.2.105 59988 22" />
    <property name="env.GEM_HOME" value="/home/travis/.rvm/gems/ruby-2.5.3" />
    <property name="env.HAS_ANTARES_THREE_LITTLE_FRONZIES_BADGE" value="true" />
    <property name="java.version.date" value="2019-01-15" />
    <property name="env.PS4" value="+" />
    <property name="ant.project.invoked-targets" value="build,test.core1.xml" />
    <property name="env.TRAVIS_PULL_REQUEST_BRANCH" value="" />
    <property name="env.TRAVIS_REPO_SLUG" value="icyphy/ptII" />
    <property name="env.XDG_DATA_DIRS" value="/usr/local/share:/usr/share:/var/lib/snapd/desktop" />
    <property name="jdk.debug" value="release" />
    <property name="env.TRAVIS_APT_PROXY" value="http://build-cache.travisci.net" />
    <property name="env.TRAVIS_CPU_ARCH" value="amd64" />
    <property name="node.in.path" value="true" />
    <property name="user.name" value="travis" />
    <property name="java.maxmemory" value="1400m" />
    <property name="env.RUBY_VERSION" value="ruby-2.5.3" />
    <property name="env.LANG" value="en_US.UTF-8" />
    <property name="sun.io.unicode.encoding" value="UnicodeLittle" />
    <property name="sun.jnu.encoding" value="UTF-8" />
    <property name="java.runtime.name" value="OpenJDK Runtime Environment" />
    <property name="usefile" value="false" />
    <property name="return.code" value="0" />
    <property name="junit.single.formatter" value="plain" />
    <property name="env.DYLD_LIBRARY_PATH" value="/home/travis/pthla/certi-tools/lib:" />
    <property name="env.DEBIAN_FRONTEND" value="noninteractive" />
    <property name="env.SSH_CONNECTION" value="10.44.2.105 59988 10.20.0.7 22" />
    <property name="env.MYSQL_UNIX_PORT" value="/var/run/mysqld/mysqld.sock" />
    <property name="env.LC_ALL" value="en_US.UTF-8" />
    <property name="env.TRAVIS_ALLOW_FAILURE" value="" />
    <property name="env.TRAVIS_JOB_WEB_URL" value="https://travis-ci.org/icyphy/ptII/jobs/709718475" />
    <property name="java.specification.name" value="Java Platform API Specification" />
    <property name="node.works" value="true" />
    <property name="user.timezone" value="" />
    <property name="path.separator" value=":" />
    <property name="env.TRAVIS_ENABLE_INFRA_DETECTION" value="true" />
    <property name="env.PYTHON_CFLAGS" value="-g -fstack-protector --param=ssp-buffer-size=4 -Wformat -Werror=format-security" />
    <property name="timeout.long" value="4000000" />
    <property name="env.CERTI_HOME" value="/home/travis/pthla/certi-tools" />
    <property name="ant.file.ptII" value="/home/travis/build/icyphy/ptII/build.xml" />
    <property name="javadoc.packagenames" value="com.*,diva.*,lbnl.*,org.hlacerti.*,org.json.*,org.ptolemy.*,org.terraswarm.*,ptolemy.*,ptserver.*" />
    <property name="file.encoding" value="UTF-8" />
    <property name="env.TRAVIS_PULL_REQUEST_SLUG" value="" />
    <property name="ant.project.default-target" value="build" />
    <property name="env.GIT_ASKPASS" value="echo" />
    <property name="env.HOME" value="/home/travis" />
    <property name="sun.java.command" value="org.apache.tools.ant.taskdefs.optional.junit.JUnitTestRunner ptolemy.actor.lib.test.junit.JUnitTclTest skipNonTests=false filtertrace=true haltOnError=false haltOnFailure=false formatter=org.apache.tools.ant.taskdefs.optional.junit.OutErrSummaryJUnitResultFormatter showoutput=true outputtoformatters=true logfailedtests=true threadid=0 logtestlistenerevents=false formatter=org.apache.tools.ant.taskdefs.optional.junit.XMLJUnitResultFormatter,/home/travis/build/icyphy/ptII/reports/junit/TEST-ptolemy.actor.lib.test.junit.JUnitTclTest.xml crashfile=/home/travis/build/icyphy/ptII/junitvmwatcher5982687140636637366.properties propsfile=/home/travis/build/icyphy/ptII/junit13885079496896436395.properties" />
    <property name="env.COMPOSER_NO_INTERACTION" value="1" />
    <property name="env.MANPATH" value="/home/travis/.nvm/versions/node/v7.10.1/share/man:/home/travis/.rvm/rubies/ruby-2.5.3/share/man:/usr/local/cmake-3.12.4/man:/usr/local/clang-7.0.0/share/man:/usr/local/man:/usr/local/share/man:/usr/share/man:/home/travis/.rvm/man" />
    <property name="env.TRAVIS_TIMER_ID" value="0df3e4ca" />
    <property name="ant.file" value="/home/travis/build/icyphy/ptII/build.xml" />
    <property name="env.TRAVIS_COMMIT_RANGE" value="3e950cfe0f3c004454147d0a7dfedd7f8d8e77cc...52bfcaaec950ad6b43d11ffdb9cd3f924b0c1f76" />
    <property name="env._system_name" value="Ubuntu" />
    <property name="ptII.classpath.optional.property" value="/home/travis/build/icyphy/ptII/lib/bsh-2.0b4.jar:/home/travis/build/icyphy/ptII/lib/ptCal.jar:/home/travis/build/icyphy/ptII/lib/java_cup.jar:/home/travis/build/icyphy/ptII/lib/saxon8.jar:/home/travis/build/icyphy/ptII/lib/saxon8-dom.jar:/home/travis/build/icyphy/ptII/lib/chic.jar:/home/travis/build/icyphy/ptII/lib/ptcolt.jar:/home/travis/build/icyphy/ptII/vendors/misc/itext/iText.jar:/home/travis/build/icyphy/ptII/lib/g4ltl.jar:/home/travis/build/icyphy/ptII/lib/StructuralCoder.jar:/home/travis/build/icyphy/ptII/lib/jcerti.jar:/home/travis/build/icyphy/ptII/lib/javax.mail.jar:/home/travis/build/icyphy/ptII/vendors/JMF-2.1.1e/lib/jmf.jar:/home/travis/build/icyphy/ptII/lib/jna-4.0.0-variadic.jar:/home/travis/build/icyphy/ptII/vendors/misc/joystick/Joystick.jar:/home/travis/build/icyphy/ptII/lib/ptjacl.jar:/home/travis/build/icyphy/ptII/lib/jsoup-1.8.2.jar:/home/travis/build/icyphy/ptII/lib/junit-4.8.2.jar:/home/travis/build/icyphy/ptII/lib/JUnitParams-0.4.0.jar:/home/travis/build/icyphy/ptII/ptolemy/actor/lib/excel/jxl.jar:/home/travis/build/icyphy/ptII/lib/jython.jar:/home/travis/build/icyphy/ptII/lib/kieler.jar:/home/travis/build/icyphy/ptII/vendors/opencv/share/OpenCV/java/opencv-341.jar:/home/travis/build/icyphy/ptII/lib/oscP5.jar:/home/travis/build/icyphy/ptII/lib/nrjavaserial-3.11.0.devel.jar:/home/travis/build/icyphy/ptII/vendors/j3d/lib/Linux/j3dcore.jar:/home/travis/build/icyphy/ptII/vendors/j3d/lib/Linux/j3dutils.jar:/home/travis/build/icyphy/ptII/vendors/j3d/lib/Linux/vecmath.jar:/home/travis/build/icyphy/ptII/vendors/jogl/lib/Linux/gluegen-rt-natives-linux-amd64.jar:/home/travis/build/icyphy/ptII/vendors/jogl/lib/Linux/gluegen-rt.jar:/home/travis/build/icyphy/ptII/vendors/jogl/lib/Linux/jogl-all-natives-linux-amd64.jar:/home/travis/build/icyphy/ptII/vendors/jogl/lib/Linux/jogl-all.jar:/home/travis/build/icyphy/ptII/ptolemy/distributed/jini/jar/jini-core.jar:/home/travis/build/icyphy/ptII/ptolemy/distributed/jini/jar/jini-ext.jar:/home/travis/build/icyphy/ptII/ptolemy/distributed/jini/jar/sun-util.jar:/home/travis/build/icyphy/ptII/lib/protobuf-java-2.4.1.jar:/home/travis/build/icyphy/ptII/lib/org.eclipse.paho.client.mqttv3.jar:/home/travis/build/icyphy/ptII/lib/mapss.jar:/home/travis/build/icyphy/ptII/ptolemy/actor/ptalon/antlr/antlr.jar:/home/travis/build/icyphy/ptII/lib/JRI.jar:/home/travis/build/icyphy/ptII/lib/commons-lang-2.6.jar:/home/travis/build/icyphy/ptII/lib/commons-logging-1.1.1.jar:/home/travis/build/icyphy/ptII/lib/sootclasses.jar:/home/travis/build/icyphy/ptII/ptolemy/actor/lib/database/mysql-connector-java-5.1.6-bin.jar:/home/travis/build/icyphy/ptII/vendors/misc/sphinx4/sphinx4-data-5prealpha.jar:/home/travis/build/icyphy/ptII/vendors/misc/sphinx4/sphinx4-core-5prealpha.jar:/home/travis/build/icyphy/ptII/lib/PDFRenderer.jar:/home/travis/build/icyphy/ptII/lib/svgSalamander.jar:/home/travis/build/icyphy/ptII/lib/rsyntaxtextarea-2.6.0-SNAPSHOT.jar:/home/travis/build/icyphy/ptII/lib/hazelcast-3.8.2.jar:/home/travis/build/icyphy/ptII/lib/jackson-annotations-2.9.0.jar:/home/travis/build/icyphy/ptII/lib/jackson-core-2.9.3.jar:/home/travis/build/icyphy/ptII/lib/jackson-databind-2.9.3.jar:/home/travis/build/icyphy/ptII/lib/netty-buffer-4.1.19.Final.jar:/home/travis/build/icyphy/ptII/lib/netty-codec-4.1.19.Final.jar:/home/travis/build/icyphy/ptII/lib/netty-codec-dns-4.1.19.Final.jar:/home/travis/build/icyphy/ptII/lib/netty-codec-http-4.1.19.Final.jar:/home/travis/build/icyphy/ptII/lib/netty-codec-http2-4.1.19.Final.jar:/home/travis/build/icyphy/ptII/lib/netty-common-4.1.19.Final.jar:/home/travis/build/icyphy/ptII/lib/netty-handler-4.1.19.Final.jar:/home/travis/build/icyphy/ptII/lib/netty-resolver-4.1.19.Final.jar:/home/travis/build/icyphy/ptII/lib/netty-resolver-dns-4.1.19.Final.jar:/home/travis/build/icyphy/ptII/lib/netty-transport-4.1.19.Final.jar:/home/travis/build/icyphy/ptII/lib/vertx-codegen-3.5.1.jar:/home/travis/build/icyphy/ptII/lib/vertx-core-3.5.2-SNAPSHOT.jar:/home/travis/build/icyphy/ptII/lib/vertx-hazelcast-3.5.1.jar:/home/travis/build/icyphy/ptII/lib/vertx-lang-js-3.5.1.jar:/home/travis/build/icyphy/ptII/lib/vertx-service-proxy-3.5.1.jar:/home/travis/build/icyphy/ptII/lib/vertx-web-3.5.1.jar:/home/travis/build/icyphy/ptII/lib/slf4j-api-1.7.13.jar:/home/travis/build/icyphy/ptII/lib/slf4j-simple-1.7.13.jar:/home/travis/build/icyphy/ptII/lib/webcam-capture-0.3.12.jar:/home/travis/build/icyphy/ptII/lib/bridj-0.7.0.jar:/home/travis/build/icyphy/ptII/lib/xbjlib-1.1.0.nrjavaserial.jar" />
    <property name="timeout" value="2400000" />
    <property name="test.batch" value="**/junit/*.java" />
    <property name="env._" value="/usr/bin/timeout" />
    <property name="java.io.tmpdir" value="/tmp" />
    <property name="user.language" value="en" />
    <property name="env.TRAVIS_INTERNAL_RUBY_REGEX" value="^ruby-(2\.[0-4]\.[0-9]|1\.9\.3)" />
    <property name="env.HISTCONTROL" value="ignoredups:ignorespace" />
    <property name="env.GOROOT" value="/home/travis/.gimme/versions/go1.11.1.linux.amd64" />
    <property name="line.separator" value="&#xa;" />
    <property name="target" value="11" />
    <property name="env.TRAVIS_BUILD_DIR" value="/home/travis/build/icyphy/ptII" />
    <property name="env.ANT_OPTS" value="-Xmx2048m" />
    <property name="ant.file.type" value="file" />
    <property name="ptolemy.ptII.batchMode" value="true" />
    <property name="env.HISTSIZE" value="1000" />
    <property name="env.MERB_ENV" value="test" />
    <property name="java.vm.info" value="mixed mode" />
    <property name="source" value="11" />
    <property name="java.vm.specification.name" value="Java Virtual Machine Specification" />
    <property name="env.TRAVIS_TEST_RESULT" value="0" />
    <property name="jsdoc.command" value="node_modules/@terraswarm/jsdoc/jsdoc.js" />
    <property name="npm.works" value="true" />
    <property name="cobertura.dir" value="/home/travis/build/icyphy/ptII/vendors/cobertura-2.0.3" />
    <property name="jsdoc.command.exists" value="true" />
    <property name="env.rvm_path" value="/home/travis/.rvm" />
    <property name="env.GEM_PATH" value="/home/travis/.rvm/gems/ruby-2.5.3:/home/travis/.rvm/gems/ruby-2.5.3@global" />
    <property name="env.LC_CTYPE" value="en_US.UTF-8" />
    <property name="env.TRAVIS_CMD" value="$PTII/bin/ptIITravisBuild.sh $SECONDS" />
    <property name="java.awt.printerjob" value="sun.print.PSPrinterJob" />
    <property name="env.TRAVIS_STACK_NAME" value="sardonyx" />
    <property name="env.TRAVIS_TIMER_START_TIME" value="1595170814113740931" />
    <property name="ant.version" value="Apache Ant(TM) version 1.10.1 compiled on February 2 2017" />
    <property name="ptII.reports" value="/home/travis/build/icyphy/ptII/reports" />
    <property name="env.TRAVIS_STACK_TIMESTAMP" value="2019-03-25 16:16:56 UTC" />
    <property name="ant.file.type.ptII" value="file" />
    <property name="env.RBENV_SHELL" value="bash" />
    <property name="os.name" value="Linux" />
    <property name="java.specification.vendor" value="Oracle Corporation" />
    <property name="env.rvm_version" value="1.29.7 (latest)" />
    <property name="env.TRAVIS_INFRA" value="unknown" />
    <property name="env.TERM" value="xterm" />
    <property name="java.vm.name" value="OpenJDK 64-Bit Server VM" />
    <property name="env.TRAVIS_BUILD_NUMBER" value="1696" />
    <property name="env.CI" value="true" />
    <property name="java.library.path" value="/home/travis/pthla/certi-tools/lib:/usr/lib/jni:/usr/local/share/OpenCV/java/:/usr/share/OpenCV/java::/usr/java/packages/lib:/usr/lib64:/lib64:/lib:/usr/lib" />
    <property name="jdk.module.path" value="/home/travis/build/icyphy/ptII/vendors/javafx/javafx-sdk-11.0.2/lib:" />
    <property name="env.rvm_prefix" value="/home/travis" />
    <property name="env.PATH" value="/home/travis/pthla/certi-tools/share/scripts:/home/travis/.rvm/gems/ruby-2.5.3/bin:/home/travis/.rvm/gems/ruby-2.5.3@global/bin:/home/travis/.rvm/rubies/ruby-2.5.3/bin:/home/travis/.rvm/bin:/home/travis/.nvm/versions/node/v7.10.1/bin:./node_modules/.bin:/home/travis/build/icyphy/ptII/bin:/home/travis/pthla/certi-tools/bin:/home/travis/bin:/home/travis/.local/bin:/usr/local/lib/jvm/openjdk11/bin:/opt/pyenv/shims:/home/travis/.phpenv/shims:/home/travis/perl5/perlbrew/bin:/home/travis/gopath/bin:/home/travis/.gimme/versions/go1.11.1.linux.amd64/bin:/usr/local/maven-3.6.0/bin:/usr/local/cmake-3.12.4/bin:/usr/local/clang-7.0.0/bin:/usr/local/sbin:/usr/local/bin:/usr/sbin:/usr/bin:/sbin:/bin:/snap/bin:/home/travis/.phpenv/bin:/opt/pyenv/bin:/home/travis/.yarn/bin" />
    <property name="env.TRAVIS_OS_NAME" value="linux" />
    <property name="ant.java.version" value="9" />
    <property name="basedir" value="/home/travis/build/icyphy/ptII" />
    <property name="java.class.version" value="55.0" />
    <property name="env.SHLVL" value="3" />
    <property name="env.LD_LIBRARY_PATH" value="/home/travis/pthla/certi-tools/lib:/usr/lib/jni:/usr/local/share/OpenCV/java/:/usr/share/OpenCV/java:" />
    <property name="env.RACK_ENV" value="test" />
    <property name="ant.home" value="/home/travis/build/icyphy/ptII/ant" />
    <property name="env.NVM_DIR" value="/home/travis/.nvm" />
    <property name="env.CERTI_FOM_PATH" value="/home/travis/pthla/certi-tools/share/federations" />
    <property name="env.TRAVIS_BUILD_ID" value="709718437" />
    <property name="env.PYENV_ROOT" value="/opt/pyenv" />
    <property name="env.TRAVIS_UID" value="2000" />
    <property name="prism.verbose" value="true" />
    <property name="env.NVM_BIN" value="/home/travis/.nvm/versions/node/v7.10.1/bin" />
    <property name="env.TRAVIS_COMMIT" value="52bfcaaec950ad6b43d11ffdb9cd3f924b0c1f76" />
    <property name="env._system_arch" value="x86_64" />
    <property name="node.executable" value="node" />
    <property name="sun.boot.library.path" value="/usr/local/lib/jvm/openjdk11/lib" />
    <property name="sun.management.compiler" value="HotSpot 64-Bit Tiered Compilers" />
    <property name="java.awt.graphicsenv" value="sun.awt.X11GraphicsEnvironment" />
    <property name="env.GOPATH" value="/home/travis/gopath" />
    <property name="ptolemy.ptII.dir" value="/home/travis/build/icyphy/ptII" />
    <property name="env.USER" value="travis" />
    <property name="env.HISTFILESIZE" value="2000" />
    <property name="env.NVM_INC" value="/home/travis/.nvm/versions/node/v7.10.1/include/node" />
    <property name="timeout.longest" value="19000000" />
    <property name="env.PERLBREW_SHELLRC_VERSION" value="0.86" />
    <property name="env.TRAVIS_STACK_FEATURES" value="basic couchdb disabled-ipv6 docker docker-compose elasticsearch firefox go-toolchain google-chrome jdk memcached mongodb mysql nodejs_interpreter perl_interpreter perlbrew phantomjs postgresql python_interpreter redis ruby_interpreter sqlite xserver" />
    <property name="env.TRAVIS_PULL_REQUEST" value="false" />
    <property name="env.PYENV_SHELL" value="bash" />
    <property name="ant.project.name" value="ptII" />
    <property name="env.ANSI_RESET" value="\033[0m" />
    <property name="java.vm.specification.version" value="11" />
    <property name="env.TRAVIS_DIST" value="xenial" />
    <property name="env.CERTI_VERSION" value="4.0.0" />
    <property name="env.CERTI_HOST" value="localhost" />
    <property name="awt.toolkit" value="sun.awt.X11.XToolkit" />
    <property name="env.MY_RUBY_HOME" value="/home/travis/.rvm/rubies/ruby-2.5.3" />
    <property name="sun.cpu.isalist" value="" />
    <property name="env.TRAVIS_TMPDIR" value="/tmp/tmp.CNjHTFUR55" />
    <property name="java.vm.compressedOopsMode" value="Zero based" />
    <property name="os.version" value="4.15.0-1028-gcp" />
    <property name="user.home" value="/home/travis" />
    <property name="java.vm.vendor" value="Oracle Corporation" />
    <property name="env.TRAVIS_TAG" value="nightly" />
    <property name="env.ANSI_YELLOW" value="\033[33;1m" />
    <property name="env.TRAVIS_FILTERED" value="redirect_io" />
    <property name="env.ANSI_GREEN" value="\033[32;1m" />
    <property name="env.JAVA_HOME" value="/usr/local/lib/jvm/openjdk11" />
    <property name="javadoc.excludepackagenames" value="adm.cvs2svn.*,build.*,config.*,doc.coding.templates.*,jni.test.jni.meaningOfLife.*,jni.test.jni.testDeux.*,jni.test.jni.testTrois.*,org.terraswarm.accessor.accessors.web.node_modules.*,org.terraswarm.accessor.accessors.web.hosts.cordova.demo.*,org.terraswarm.accessor.accessors.web.hosts.cordova.plugins.*,org.terraswarm.accessor.accessors-svn.*,pt-modules.*,ptolemy.apps.agilent.*,ptolemy.apps.anytimecontrol.*,ptolemy.apps.apes.*,ptolemy.apps.charon.*,ptolemy.apps.crazyboard.*,ptolemy.apps.eclipse.*,ptolemy.apps.etherealSting.*,ptolemy.apps.fullscreen.*,ptolemy.apps.giotto.*,ptolemy.apps.ia.*,ptolemy.apps.interfaces.*,ptolemy.apps.jmf.*,ptolemy.apps.kurt.*,ptolemy.apps.kvm.*,ptolemy.apps.lego.*,ptolemy.apps.lejos.*,ptolemy.apps.midp.*,ptolemy.apps.mobileCoding.*,ptolemy.apps.pendulum.*,ptolemy.apps.rijndael.*,ptolemy.apps.robot.*,ptolemy.apps.security.*,ptolemy.apps.sobel.*,ptolemy.apps.soot.*,ptolemy.apps.throttle.*,ptolemy.apps.tini.*,ptolemy.apps.transmission.*,ptolemy.apps.vergil.*,ptolemy.apps.waba.*,ptolemy.apps.websensor.*,ptolemy.apps.webstart.*,ptolemy.apps.xsl.*,ptolemy.apps.zaurus.*,ptolemy.codegen.c.actor.lib.oldJavaFiles.*,ptolemy.codegen.dsp.lib.*,ptolemy.codegen.kernel.newInterfaces.*,ptolemy.codegen.lib.*,ptolemy.copernicus.kernel.fragment.*,ptolemy.copernicus.shallow.cg.*,ptolemy.domains.giotto.demo.Hierarchy.Hierarchy.*,ptolemy.domains.giotto.demo.Multimode.Multimode.*,ptolemy.domains.giotto.demo.Simple.Simple.*,ptolemy.domains.gr.lib.experimental.*,ptolemy.domains.gro.*,ptolemy.domains.pdf.*,ptolemy.domains.ptinyos.demo.Surge.output.*,ptolemy.moml.test.NoPackageActor.java*,ptolemy.plot.adm.*,ptolemy.plot.servlet.*,reports.*,signed.*,src.*,target.*,vendors.*,ptolemy.copernicus.applet.*,ptolemy.media.viewer.*,ptolemy.actor.corba.*,doc.doclets.*,ptolemy.apps.eclipse.awt.*,ptolemy.backtrack.*,ptolemy.backtrack.ast.*,ptolemy.cg.adapter.generic.program.procedural.c.mbed*,ptolemy.homer.*,ptolemy.actor.lib.jai.*,org.ptolemy.scala.*,diva.util.java2d.svg.*,ptolemy.domains.ptinyos.*,ptolemy.actor.lib.fmi.fmipp.*,,org.terraswarm.accessor.accessors.web.node_modules.*,org.terraswarm.accessor.accessors-svn,ptolemy.apps.*,ptolemy.actor.ptalon.demo.ptinyos.SendAndReceiveCnt.output,ptolemy.actor.ptalon.demo.ptinyos.SenseToLeds.output,ptolemy.domains.ptinyos.demo.CntToLedsAndRfm.output,ptolemy.domains.ptinyos.demo.RfmToLeds.output,ptolemy.domains.ptinyos.demo.SendAndReceiveCnt.output,ptolemy.domains.ptinyos.demo.SenseToLeds.output,ptolemy.actor.lib.jjs.modules.udpSocket.*" />
    <property name="env.PTII" value="/home/travis/build/icyphy/ptII" />
    <property name="env.XDG_SESSION_ID" value="2" />
    <property name="keystore" value="ptKeystore" />
    <property name="env.TRAVIS_COMMIT_MESSAGE" value="Updating models using array data type." />
    <property name="junit.output.dir" value="/home/travis/build/icyphy/ptII/reports/junit" />
    <property name="npm.return.code" value="0" />
    <property name="user.dir" value="/home/travis/build/icyphy/ptII/ptolemy/actor/lib/test" />
    <property name="env.TRAVIS_NODE_VERSION" value="7" />
    <property name="env.TRAVIS_EVENT_TYPE" value="cron" />
    <property name="env.MAIL" value="/var/mail/travis" />
    <property name="env.PERLBREW_ROOT" value="/home/travis/perl5/perlbrew" />
    <property name="env.PWD" value="/home/travis/build/icyphy/ptII" />
    <property name="timeout.npm" value="45000" />
    <property name="env.TRAVIS_ARCH" value="amd64" />
    <property name="sun.cpu.endian" value="little" />
    <property name="env.PAGER" value="cat" />
    <property name="env.TRAVIS_BUILD_STAGE_NAME" value="test" />
    <property name="env.PERLBREW_HOME" value="/home/travis/.perlbrew" />
    <property name="java.vm.version" value="11.0.2+9" />
    <property name="env.RAILS_ENV" value="test" />
    <property name="java.class.path" value="/home/travis/.ptolemyII:/home/travis/.ptolemyII/*:/home/travis/build/icyphy/ptII:/home/travis/build/icyphy/ptII/lib/bsh-2.0b4.jar:/home/travis/build/icyphy/ptII/lib/ptCal.jar:/home/travis/build/icyphy/ptII/lib/java_cup.jar:/home/travis/build/icyphy/ptII/lib/saxon8.jar:/home/travis/build/icyphy/ptII/lib/saxon8-dom.jar:/home/travis/build/icyphy/ptII/lib/chic.jar:/home/travis/build/icyphy/ptII/lib/ptcolt.jar:/home/travis/build/icyphy/ptII/vendors/misc/itext/iText.jar:/home/travis/build/icyphy/ptII/lib/g4ltl.jar:/home/travis/build/icyphy/ptII/lib/StructuralCoder.jar:/home/travis/build/icyphy/ptII/lib/jcerti.jar:/home/travis/build/icyphy/ptII/lib/javax.mail.jar:/home/travis/build/icyphy/ptII/vendors/JMF-2.1.1e/lib/jmf.jar:/home/travis/build/icyphy/ptII/lib/jna-4.0.0-variadic.jar:/home/travis/build/icyphy/ptII/vendors/misc/joystick/Joystick.jar:/home/travis/build/icyphy/ptII/lib/ptjacl.jar:/home/travis/build/icyphy/ptII/lib/jsoup-1.8.2.jar:/home/travis/build/icyphy/ptII/lib/junit-4.8.2.jar:/home/travis/build/icyphy/ptII/lib/JUnitParams-0.4.0.jar:/home/travis/build/icyphy/ptII/ptolemy/actor/lib/excel/jxl.jar:/home/travis/build/icyphy/ptII/lib/jython.jar:/home/travis/build/icyphy/ptII/lib/kieler.jar:/home/travis/build/icyphy/ptII/vendors/opencv/share/OpenCV/java/opencv-341.jar:/home/travis/build/icyphy/ptII/lib/oscP5.jar:/home/travis/build/icyphy/ptII/lib/nrjavaserial-3.11.0.devel.jar:/home/travis/build/icyphy/ptII/vendors/j3d/lib/Linux/j3dcore.jar:/home/travis/build/icyphy/ptII/vendors/j3d/lib/Linux/j3dutils.jar:/home/travis/build/icyphy/ptII/vendors/j3d/lib/Linux/vecmath.jar:/home/travis/build/icyphy/ptII/vendors/jogl/lib/Linux/gluegen-rt-natives-linux-amd64.jar:/home/travis/build/icyphy/ptII/vendors/jogl/lib/Linux/gluegen-rt.jar:/home/travis/build/icyphy/ptII/vendors/jogl/lib/Linux/jogl-all-natives-linux-amd64.jar:/home/travis/build/icyphy/ptII/vendors/jogl/lib/Linux/jogl-all.jar:/home/travis/build/icyphy/ptII/ptolemy/distributed/jini/jar/jini-core.jar:/home/travis/build/icyphy/ptII/ptolemy/distributed/jini/jar/jini-ext.jar:/home/travis/build/icyphy/ptII/ptolemy/distributed/jini/jar/sun-util.jar:/home/travis/build/icyphy/ptII/lib/protobuf-java-2.4.1.jar:/home/travis/build/icyphy/ptII/lib/org.eclipse.paho.client.mqttv3.jar:/home/travis/build/icyphy/ptII/lib/mapss.jar:/home/travis/build/icyphy/ptII/ptolemy/actor/ptalon/antlr/antlr.jar:/home/travis/build/icyphy/ptII/lib/JRI.jar:/home/travis/build/icyphy/ptII/lib/commons-lang-2.6.jar:/home/travis/build/icyphy/ptII/lib/commons-logging-1.1.1.jar:/home/travis/build/icyphy/ptII/lib/sootclasses.jar:/home/travis/build/icyphy/ptII/ptolemy/actor/lib/database/mysql-connector-java-5.1.6-bin.jar:/home/travis/build/icyphy/ptII/vendors/misc/sphinx4/sphinx4-data-5prealpha.jar:/home/travis/build/icyphy/ptII/vendors/misc/sphinx4/sphinx4-core-5prealpha.jar:/home/travis/build/icyphy/ptII/lib/PDFRenderer.jar:/home/travis/build/icyphy/ptII/lib/svgSalamander.jar:/home/travis/build/icyphy/ptII/lib/rsyntaxtextarea-2.6.0-SNAPSHOT.jar:/home/travis/build/icyphy/ptII/lib/hazelcast-3.8.2.jar:/home/travis/build/icyphy/ptII/lib/jackson-annotations-2.9.0.jar:/home/travis/build/icyphy/ptII/lib/jackson-core-2.9.3.jar:/home/travis/build/icyphy/ptII/lib/jackson-databind-2.9.3.jar:/home/travis/build/icyphy/ptII/lib/netty-buffer-4.1.19.Final.jar:/home/travis/build/icyphy/ptII/lib/netty-codec-4.1.19.Final.jar:/home/travis/build/icyphy/ptII/lib/netty-codec-dns-4.1.19.Final.jar:/home/travis/build/icyphy/ptII/lib/netty-codec-http-4.1.19.Final.jar:/home/travis/build/icyphy/ptII/lib/netty-codec-http2-4.1.19.Final.jar:/home/travis/build/icyphy/ptII/lib/netty-common-4.1.19.Final.jar:/home/travis/build/icyphy/ptII/lib/netty-handler-4.1.19.Final.jar:/home/travis/build/icyphy/ptII/lib/netty-resolver-4.1.19.Final.jar:/home/travis/build/icyphy/ptII/lib/netty-resolver-dns-4.1.19.Final.jar:/home/travis/build/icyphy/ptII/lib/netty-transport-4.1.19.Final.jar:/home/travis/build/icyphy/ptII/lib/vertx-codegen-3.5.1.jar:/home/travis/build/icyphy/ptII/lib/vertx-core-3.5.2-SNAPSHOT.jar:/home/travis/build/icyphy/ptII/lib/vertx-hazelcast-3.5.1.jar:/home/travis/build/icyphy/ptII/lib/vertx-lang-js-3.5.1.jar:/home/travis/build/icyphy/ptII/lib/vertx-service-proxy-3.5.1.jar:/home/travis/build/icyphy/ptII/lib/vertx-web-3.5.1.jar:/home/travis/build/icyphy/ptII/lib/slf4j-api-1.7.13.jar:/home/travis/build/icyphy/ptII/lib/slf4j-simple-1.7.13.jar:/home/travis/build/icyphy/ptII/lib/webcam-capture-0.3.12.jar:/home/travis/build/icyphy/ptII/lib/bridj-0.7.0.jar:/home/travis/build/icyphy/ptII/lib/xbjlib-1.1.0.nrjavaserial.jar:/home/travis/build/icyphy/ptII/ptolemy/moml/test:/home/travis/build/icyphy/ptII/ant/lib/ant-launcher.jar:/home/travis/build/icyphy/ptII/ant/lib/ant.jar:/home/travis/build/icyphy/ptII/ant/lib/ant-junit.jar:/home/travis/build/icyphy/ptII/ant/lib/ant-junit4.jar" />
    <property name="ant.library.dir" value="/home/travis/build/icyphy/ptII/ant/lib" />
    <property name="os.arch" value="amd64" />
    <property name="env.CONTINUOUS_INTEGRATION" value="true" />
    <property name="env.TRAVIS_LANGUAGE" value="node_js" />
    <property name="env.TRAVIS_STACK_LANGUAGES" value="__sardonyx__ c c++ clojure cplusplus cpp default generic go groovy java node_js php pure_java python ruby scala" />
    <property name="test.name" value="ptolemy.actor.lib.test.junit.JUnitTclTest" />
    <property name="env.APT_KEY_DONT_WARN_ON_DANGEROUS_USAGE" value="1" />
    <property name="sun.java.launcher" value="SUN_STANDARD" />
    <property name="env.PYTHON_CONFIGURE_OPTS" value="--enable-unicode=ucs4 --with-wide-unicode --enable-shared --enable-ipv6 --enable-loadable-sqlite-extensions --with-computed-gotos" />
    <property name="ant.core.lib" value="/home/travis/build/icyphy/ptII/ant/lib/ant.jar" />
    <property name="java.vm.specification.vendor" value="Oracle Corporation" />
    <property name="env.BCVTB_HOME" value="/home/travis/build/icyphy/ptII/lbnl" />
    <property name="file.separator" value="/" />
    <property name="spotbugs.home" value="/home/travis/build/icyphy/ptII/vendors/spotbugs-3.1.1" />
    <property name="java.runtime.version" value="11.0.2+9" />
    <property name="env.ANSI_CLEAR" value="\033[0K" />
    <property name="javafx.verbose" value="true" />
    <property name="env.HAS_JOSH_K_SEAL_OF_APPROVAL" value="true" />
    <property name="env.XDG_RUNTIME_DIR" value="/run/user/2000" />
    <property name="env.TRAVIS_OSX_IMAGE" value="" />
    <property name="env.TRAVIS_JOB_ID" value="709718475" />
    <property name="env.TRAVIS_BRANCH" value="master" />
    <property name="user.country" value="US" />
    <property name="env.CERTI_HOME_TRAVIS" value="/home/travis/pthla/certi-tools" />
    <property name="env.SHELL" value="/bin/bash" />
    <property name="java.maxmemory.large" value="3200m" />
    <property name="model" value="" />
    <property name="env.CASHER_DIR" value="/home/travis/.casher" />
    <property name="env.NVM_CD_FLAGS" value="" />
    <property name="java.vendor.version" value="18.9" />
    <property name="jshint.executable" value="/home/travis/node_modules/jshint/bin/jshint" />
    <property name="env.JRUBY_OPTS" value=" --client -J-XX:+TieredCompilation -J-XX:TieredStopAtLevel=1 -J-Xss2m -Xcompile.invokedynamic=false" />
    <property name="java.vendor" value="Oracle Corporation" />
    <property name="env.TRAVIS_PRE_CHEF_BOOTSTRAP_TIME" value="2019-03-25T16:16:42" />
    <property name="env.TRAVIS_STACK_JOB_BOARD_REGISTER" value="/.job-board-register.yml" />
    <property name="env.ANSI_RED" value="\033[31;1m" />
    <property name="java.specification.version" value="11" />
    <property name="env.IRBRC" value="/home/travis/.rvm/rubies/ruby-2.5.3/.irbrc" />
    <property name="env.TRAVIS" value="true" />
    <property name="sun.arch.data.model" value="64" />
  </properties>
  <testcase classname="ptolemy.util.test.junit.TclTests" name="[0] /home/travis/build/icyphy/ptII/ptolemy/actor/lib/test/AbsoluteValue.tcl (RunTclFile)" time="0.403" />
  <testcase classname="ptolemy.util.test.junit.TclTests" name="[1] /home/travis/build/icyphy/ptII/ptolemy/actor/lib/test/AddSubtract.tcl (RunTclFile)" time="0.166" />
  <testcase classname="ptolemy.util.test.junit.TclTests" name="[2] /home/travis/build/icyphy/ptII/ptolemy/actor/lib/test/Average.tcl (RunTclFile)" time="0.067" />
  <testcase classname="ptolemy.util.test.junit.TclTests" name="[3] /home/travis/build/icyphy/ptII/ptolemy/actor/lib/test/Bernoulli.tcl (RunTclFile)" time="0.031" />
  <testcase classname="ptolemy.util.test.junit.TclTests" name="[4] /home/travis/build/icyphy/ptII/ptolemy/actor/lib/test/Clock.tcl (RunTclFile)" time="0.068" />
  <testcase classname="ptolemy.util.test.junit.TclTests" name="[5] /home/travis/build/icyphy/ptII/ptolemy/actor/lib/test/Commutator.tcl (RunTclFile)" time="0.096" />
  <testcase classname="ptolemy.util.test.junit.TclTests" name="[6] /home/travis/build/icyphy/ptII/ptolemy/actor/lib/test/Const.tcl (RunTclFile)" time="0.119" />
  <testcase classname="ptolemy.util.test.junit.TclTests" name="[7] /home/travis/build/icyphy/ptII/ptolemy/actor/lib/test/CurrentTime.tcl (RunTclFile)" time="0.027" />
  <testcase classname="ptolemy.util.test.junit.TclTests" name="[8] /home/travis/build/icyphy/ptII/ptolemy/actor/lib/test/DB.tcl (RunTclFile)" time="0.035" />
  <testcase classname="ptolemy.util.test.junit.TclTests" name="[9] /home/travis/build/icyphy/ptII/ptolemy/actor/lib/test/DiscreteRandomSource.tcl (RunTclFile)" time="0.05" />
  <testcase classname="ptolemy.util.test.junit.TclTests" name="[10] /home/travis/build/icyphy/ptII/ptolemy/actor/lib/test/Distributor.tcl (RunTclFile)" time="0.098" />
  <testcase classname="ptolemy.util.test.junit.TclTests" name="[11] /home/travis/build/icyphy/ptII/ptolemy/actor/lib/test/Exit.tcl (RunTclFile)" time="0.068" />
  <testcase classname="ptolemy.util.test.junit.TclTests" name="[12] /home/travis/build/icyphy/ptII/ptolemy/actor/lib/test/Expression.tcl (RunTclFile)" time="0.117" />
  <testcase classname="ptolemy.util.test.junit.TclTests" name="[13] /home/travis/build/icyphy/ptII/ptolemy/actor/lib/test/Gaussian.tcl (RunTclFile)" time="0.647" />
  <testcase classname="ptolemy.util.test.junit.TclTests" name="[14] /home/travis/build/icyphy/ptII/ptolemy/actor/lib/test/IIR.tcl (RunTclFile)" time="0.039" />
  <testcase classname="ptolemy.util.test.junit.TclTests" name="[15] /home/travis/build/icyphy/ptII/ptolemy/actor/lib/test/Interpolator.tcl (RunTclFile)" time="0.086" />
  <testcase classname="ptolemy.util.test.junit.TclTests" name="[16] /home/travis/build/icyphy/ptII/ptolemy/actor/lib/test/MathFunction.tcl (RunTclFile)" time="0.035" />
  <testcase classname="ptolemy.util.test.junit.TclTests" name="[17] /home/travis/build/icyphy/ptII/ptolemy/actor/lib/test/Maximum.tcl (RunTclFile)" time="0.019" />
  <testcase classname="ptolemy.util.test.junit.TclTests" name="[18] /home/travis/build/icyphy/ptII/ptolemy/actor/lib/test/Minimum.tcl (RunTclFile)" time="0.017" />
  <testcase classname="ptolemy.util.test.junit.TclTests" name="[19] /home/travis/build/icyphy/ptII/ptolemy/actor/lib/test/MultiplyDivide.tcl (RunTclFile)" time="0.019" />
  <testcase classname="ptolemy.util.test.junit.TclTests" name="[20] /home/travis/build/icyphy/ptII/ptolemy/actor/lib/test/OrderedMerge.tcl (RunTclFile)" time="0.114" />
  <testcase classname="ptolemy.util.test.junit.TclTests" name="[21] /home/travis/build/icyphy/ptII/ptolemy/actor/lib/test/Publisher.tcl (RunTclFile)" time="0.832" />
  <testcase classname="ptolemy.util.test.junit.TclTests" name="[22] /home/travis/build/icyphy/ptII/ptolemy/actor/lib/test/Pulse.tcl (RunTclFile)" time="0.039" />
  <testcase classname="ptolemy.util.test.junit.TclTests" name="[23] /home/travis/build/icyphy/ptII/ptolemy/actor/lib/test/Ramp.tcl (RunTclFile)" time="1.793" />
  <testcase classname="ptolemy.util.test.junit.TclTests" name="[24] /home/travis/build/icyphy/ptII/ptolemy/actor/lib/test/RampContinuous.tcl (RunTclFile)" time="0.016" />
  <testcase classname="ptolemy.util.test.junit.TclTests" name="[25] /home/travis/build/icyphy/ptII/ptolemy/actor/lib/test/RecordAssembler.tcl (RunTclFile)" time="0.014" />
  <testcase classname="ptolemy.util.test.junit.TclTests" name="[26] /home/travis/build/icyphy/ptII/ptolemy/actor/lib/test/RecordDisassembler.tcl (RunTclFile)" time="0.018" />
  <testcase classname="ptolemy.util.test.junit.TclTests" name="[27] /home/travis/build/icyphy/ptII/ptolemy/actor/lib/test/Scale.tcl (RunTclFile)" time="0.018" />
  <testcase classname="ptolemy.util.test.junit.TclTests" name="[28] /home/travis/build/icyphy/ptII/ptolemy/actor/lib/test/SequentialClock.tcl (RunTclFile)" time="0.012" />
  <testcase classname="ptolemy.util.test.junit.TclTests" name="[29] /home/travis/build/icyphy/ptII/ptolemy/actor/lib/test/SetVariable.tcl (RunTclFile)" time="0.009" />
  <testcase classname="ptolemy.util.test.junit.TclTests" name="[30] /home/travis/build/icyphy/ptII/ptolemy/actor/lib/test/Sinewave.tcl (RunTclFile)" time="0.026" />
  <testcase classname="ptolemy.util.test.junit.TclTests" name="[31] /home/travis/build/icyphy/ptII/ptolemy/actor/lib/test/SubscriptionAggregator.tcl (RunTclFile)" time="2.107" />
  <testcase classname="ptolemy.util.test.junit.TclTests" name="[32] /home/travis/build/icyphy/ptII/ptolemy/actor/lib/test/Test.tcl (RunTclFile)" time="0.167" />
  <testcase classname="ptolemy.util.test.junit.TclTests" name="[33] /home/travis/build/icyphy/ptII/ptolemy/actor/lib/test/TestExceptionHandler.tcl (RunTclFile)" time="0.011" />
  <testcase classname="ptolemy.util.test.junit.TclTests" name="[34] /home/travis/build/icyphy/ptII/ptolemy/actor/lib/test/UnionDisassembler.tcl (RunTclFile)" time="0.06" />
  <testcase classname="ptolemy.util.test.junit.TclTests" name="[35] /home/travis/build/icyphy/ptII/ptolemy/actor/lib/test/VariableClock.tcl (RunTclFile)" time="0.026" />
  <testcase classname="ptolemy.util.test.junit.AutoKnownFailedTests" name="[0] /home/travis/build/icyphy/ptII/ptolemy/actor/lib/test/auto/knownFailedTests/PublisherPortToplevelSubscriber.xml (RunModel)" time="0.024" />
  <testcase classname="ptolemy.util.test.junit.AutoKnownFailedTests" name="[1] /home/travis/build/icyphy/ptII/ptolemy/actor/lib/test/auto/knownFailedTests/PublisherSubscriberPortToplevel.xml (RunModel)" time="0.013" />
  <testcase classname="ptolemy.util.test.junit.AutoKnownFailedTests" name="[2] /home/travis/build/icyphy/ptII/ptolemy/actor/lib/test/auto/knownFailedTests/PublisherSubscriptionAggregatorPort.xml (RunModel)" time="0.025" />
  <testcase classname="ptolemy.util.test.junit.AutoKnownFailedTests" name="[3] /home/travis/build/icyphy/ptII/ptolemy/actor/lib/test/auto/knownFailedTests/sizedarray3.xml (RunModel)" time="0.027" />
  <testcase classname="ptolemy.util.test.junit.AutoNameArchTests" name="[0] ThereAreNoAutoArchTests (RunModel)" time="0.008" />
  <testcase classname="ptolemy.util.test.junit.AutoTests" name="[0] /home/travis/build/icyphy/ptII/ptolemy/actor/lib/test/auto/AbsoluteValue.xml (RunModel)" time="0.082" />
  <testcase classname="ptolemy.util.test.junit.AutoTests" name="[1] /home/travis/build/icyphy/ptII/ptolemy/actor/lib/test/auto/AbsoluteValue2.xml (RunModel)" time="0.071" />
  <testcase classname="ptolemy.util.test.junit.AutoTests" name="[2] /home/travis/build/icyphy/ptII/ptolemy/actor/lib/test/auto/Accumulator.xml (RunModel)" time="0.077" />
  <testcase classname="ptolemy.util.test.junit.AutoTests" name="[3] /home/travis/build/icyphy/ptII/ptolemy/actor/lib/test/auto/Accumulator2.xml (RunModel)" time="0.036" />
  <testcase classname="ptolemy.util.test.junit.AutoTests" name="[4] /home/travis/build/icyphy/ptII/ptolemy/actor/lib/test/auto/Accumulator3.xml (RunModel)" time="0.021" />
  <testcase classname="ptolemy.util.test.junit.AutoTests" name="[5] /home/travis/build/icyphy/ptII/ptolemy/actor/lib/test/auto/ArrayAppend.xml (RunModel)" time="0.039" />
  <testcase classname="ptolemy.util.test.junit.AutoTests" name="[6] /home/travis/build/icyphy/ptII/ptolemy/actor/lib/test/auto/ArrayAppend2.xml (RunModel)" time="0.352" />
  <testcase classname="ptolemy.util.test.junit.AutoTests" name="[7] /home/travis/build/icyphy/ptII/ptolemy/actor/lib/test/auto/ArrayAppend3.xml (RunModel)" time="0.041" />
  <testcase classname="ptolemy.util.test.junit.AutoTests" name="[8] /home/travis/build/icyphy/ptII/ptolemy/actor/lib/test/auto/ArrayAppend4.xml (RunModel)" time="0.035" />
  <testcase classname="ptolemy.util.test.junit.AutoTests" name="[9] /home/travis/build/icyphy/ptII/ptolemy/actor/lib/test/auto/ArrayAppend5.xml (RunModel)" time="0.112" />
  <testcase classname="ptolemy.util.test.junit.AutoTests" name="[10] /home/travis/build/icyphy/ptII/ptolemy/actor/lib/test/auto/ArrayAppend6.xml (RunModel)" time="0.026" />
  <testcase classname="ptolemy.util.test.junit.AutoTests" name="[11] /home/travis/build/icyphy/ptII/ptolemy/actor/lib/test/auto/ArrayAppendPerformanceTest.xml (RunModel)" time="0.052" />
  <testcase classname="ptolemy.util.test.junit.AutoTests" name="[12] /home/travis/build/icyphy/ptII/ptolemy/actor/lib/test/auto/ArrayAppendWithEmptyInput.xml (RunModel)" time="0.047" />
  <testcase classname="ptolemy.util.test.junit.AutoTests" name="[13] /home/travis/build/icyphy/ptII/ptolemy/actor/lib/test/auto/ArrayAverage.xml (RunModel)" time="0.048" />
  <testcase classname="ptolemy.util.test.junit.AutoTests" name="[14] /home/travis/build/icyphy/ptII/ptolemy/actor/lib/test/auto/ArrayContains.xml (RunModel)" time="0.028" />
  <testcase classname="ptolemy.util.test.junit.AutoTests" name="[15] /home/travis/build/icyphy/ptII/ptolemy/actor/lib/test/auto/ArrayElement.xml (RunModel)" time="0.027" />
  <testcase classname="ptolemy.util.test.junit.AutoTests" name="[16] /home/travis/build/icyphy/ptII/ptolemy/actor/lib/test/auto/ArrayElementAsMatrix.xml (RunModel)" time="0.062" />
  <testcase classname="ptolemy.util.test.junit.AutoTests" name="[17] /home/travis/build/icyphy/ptII/ptolemy/actor/lib/test/auto/ArrayElementI.xml (RunModel)" time="0.025" />
  <testcase classname="ptolemy.util.test.junit.AutoTests" name="[18] /home/travis/build/icyphy/ptII/ptolemy/actor/lib/test/auto/ArrayExtract.xml (RunModel)" time="0.026" />
  <testcase classname="ptolemy.util.test.junit.AutoTests" name="[19] /home/travis/build/icyphy/ptII/ptolemy/actor/lib/test/auto/ArrayExtract2.xml (RunModel)" time="0.013" />
  <testcase classname="ptolemy.util.test.junit.AutoTests" name="[20] /home/travis/build/icyphy/ptII/ptolemy/actor/lib/test/auto/ArrayLength.xml (RunModel)" time="0.022" />
  <testcase classname="ptolemy.util.test.junit.AutoTests" name="[21] /home/travis/build/icyphy/ptII/ptolemy/actor/lib/test/auto/ArrayLevelCrossing.xml (RunModel)" time="0.025" />
  <testcase classname="ptolemy.util.test.junit.AutoTests" name="[22] /home/travis/build/icyphy/ptII/ptolemy/actor/lib/test/auto/ArrayLevelCrossing2.xml (RunModel)" time="0.018" />
  <testcase classname="ptolemy.util.test.junit.AutoTests" name="[23] /home/travis/build/icyphy/ptII/ptolemy/actor/lib/test/auto/ArrayPeakSearch.xml (RunModel)" time="0.038" />
  <testcase classname="ptolemy.util.test.junit.AutoTests" name="[24] /home/travis/build/icyphy/ptII/ptolemy/actor/lib/test/auto/ArrayPeakSearch2.xml (RunModel)" time="0.031" />
  <testcase classname="ptolemy.util.test.junit.AutoTests" name="[25] /home/travis/build/icyphy/ptII/ptolemy/actor/lib/test/auto/ArrayPeakSearch3.xml (RunModel)" time="0.029" />
  <testcase classname="ptolemy.util.test.junit.AutoTests" name="[26] /home/travis/build/icyphy/ptII/ptolemy/actor/lib/test/auto/ArrayRemoveElement.xml (RunModel)" time="0.024" />
  <testcase classname="ptolemy.util.test.junit.AutoTests" name="[27] /home/travis/build/icyphy/ptII/ptolemy/actor/lib/test/auto/ArraySort.xml (RunModel)" time="0.03" />
  <testcase classname="ptolemy.util.test.junit.AutoTests" name="[28] /home/travis/build/icyphy/ptII/ptolemy/actor/lib/test/auto/ArraySum.xml (RunModel)" time="0.014" />
  <testcase classname="ptolemy.util.test.junit.AutoTests" name="[29] /home/travis/build/icyphy/ptII/ptolemy/actor/lib/test/auto/ArrayToElements.xml (RunModel)" time="0.026" />
  <testcase classname="ptolemy.util.test.junit.AutoTests" name="[30] /home/travis/build/icyphy/ptII/ptolemy/actor/lib/test/auto/ArrayToMatrix.xml (RunModel)" time="0.042" />
  <testcase classname="ptolemy.util.test.junit.AutoTests" name="[31] /home/travis/build/icyphy/ptII/ptolemy/actor/lib/test/auto/ArrayUpdate1.xml (RunModel)" time="0.014" />
  <testcase classname="ptolemy.util.test.junit.AutoTests" name="[32] /home/travis/build/icyphy/ptII/ptolemy/actor/lib/test/auto/ArrayUpdate2.xml (RunModel)" time="0.013" />
  <testcase classname="ptolemy.util.test.junit.AutoTests" name="[33] /home/travis/build/icyphy/ptII/ptolemy/actor/lib/test/auto/ArrayUpdate3.xml (RunModel)" time="0.013" />
  <testcase classname="ptolemy.util.test.junit.AutoTests" name="[34] /home/travis/build/icyphy/ptII/ptolemy/actor/lib/test/auto/Assert1.xml (RunModel)" time="0.023" />
  <testcase classname="ptolemy.util.test.junit.AutoTests" name="[35] /home/travis/build/icyphy/ptII/ptolemy/actor/lib/test/auto/Assert2.xml (RunModel)" time="0.009" />
  <testcase classname="ptolemy.util.test.junit.AutoTests" name="[36] /home/travis/build/icyphy/ptII/ptolemy/actor/lib/test/auto/BooleanMultiplexor.xml (RunModel)" time="0.011" />
  <testcase classname="ptolemy.util.test.junit.AutoTests" name="[37] /home/travis/build/icyphy/ptII/ptolemy/actor/lib/test/auto/BooleanMultiplexor2.xml (RunModel)" time="0.028" />
  <testcase classname="ptolemy.util.test.junit.AutoTests" name="[38] /home/travis/build/icyphy/ptII/ptolemy/actor/lib/test/auto/BooleanMultiplexor3.xml (RunModel)" time="0.013" />
  <testcase classname="ptolemy.util.test.junit.AutoTests" name="[39] /home/travis/build/icyphy/ptII/ptolemy/actor/lib/test/auto/BooleanSelect.xml (RunModel)" time="0.032" />
  <testcase classname="ptolemy.util.test.junit.AutoTests" name="[40] /home/travis/build/icyphy/ptII/ptolemy/actor/lib/test/auto/BooleanSelect2.xml (RunModel)" time="0.013" />
  <testcase classname="ptolemy.util.test.junit.AutoTests" name="[41] /home/travis/build/icyphy/ptII/ptolemy/actor/lib/test/auto/BooleanSwitch.xml (RunModel)" time="0.018" />
  <testcase classname="ptolemy.util.test.junit.AutoTests" name="[42] /home/travis/build/icyphy/ptII/ptolemy/actor/lib/test/auto/BooleanSwitch2.xml (RunModel)" time="0.013" />
  <testcase classname="ptolemy.util.test.junit.AutoTests" name="[43] /home/travis/build/icyphy/ptII/ptolemy/actor/lib/test/auto/BooleanSwitchCloningBugWithClassRelationGroup.xml (RunModel)" time="0.021" />
  <testcase classname="ptolemy.util.test.junit.AutoTests" name="[44] /home/travis/build/icyphy/ptII/ptolemy/actor/lib/test/auto/BusActors.xml (RunModel)" time="0.023" />
  <testcase classname="ptolemy.util.test.junit.AutoTests" name="[45] /home/travis/build/icyphy/ptII/ptolemy/actor/lib/test/auto/ClassWrapper.xml (RunModel)" time="0.008" />
  <testcase classname="ptolemy.util.test.junit.AutoTests" name="[46] /home/travis/build/icyphy/ptII/ptolemy/actor/lib/test/auto/Clock.xml (RunModel)" time="0.019" />
  <testcase classname="ptolemy.util.test.junit.AutoTests" name="[47] /home/travis/build/icyphy/ptII/ptolemy/actor/lib/test/auto/Clock10.xml (RunModel)" time="0.023" />
  <testcase classname="ptolemy.util.test.junit.AutoTests" name="[48] /home/travis/build/icyphy/ptII/ptolemy/actor/lib/test/auto/Clock11.xml (RunModel)" time="0.015" />
  <testcase classname="ptolemy.util.test.junit.AutoTests" name="[49] /home/travis/build/icyphy/ptII/ptolemy/actor/lib/test/auto/Clock12.xml (RunModel)" time="0.013" />
  <testcase classname="ptolemy.util.test.junit.AutoTests" name="[50] /home/travis/build/icyphy/ptII/ptolemy/actor/lib/test/auto/Clock13.xml (RunModel)" time="0.012" />
  <testcase classname="ptolemy.util.test.junit.AutoTests" name="[51] /home/travis/build/icyphy/ptII/ptolemy/actor/lib/test/auto/Clock14.xml (RunModel)" time="0.015" />
  <testcase classname="ptolemy.util.test.junit.AutoTests" name="[52] /home/travis/build/icyphy/ptII/ptolemy/actor/lib/test/auto/Clock15.xml (RunModel)" time="0.011" />
  <testcase classname="ptolemy.util.test.junit.AutoTests" name="[53] /home/travis/build/icyphy/ptII/ptolemy/actor/lib/test/auto/Clock16.xml (RunModel)" time="0.092" />
  <testcase classname="ptolemy.util.test.junit.AutoTests" name="[54] /home/travis/build/icyphy/ptII/ptolemy/actor/lib/test/auto/Clock17.xml (RunModel)" time="0.046" />
  <testcase classname="ptolemy.util.test.junit.AutoTests" name="[55] /home/travis/build/icyphy/ptII/ptolemy/actor/lib/test/auto/Clock18.xml (RunModel)" time="0.042" />
  <testcase classname="ptolemy.util.test.junit.AutoTests" name="[56] /home/travis/build/icyphy/ptII/ptolemy/actor/lib/test/auto/Clock19.xml (RunModel)" time="0.032" />
  <testcase classname="ptolemy.util.test.junit.AutoTests" name="[57] /home/travis/build/icyphy/ptII/ptolemy/actor/lib/test/auto/Clock2.xml (RunModel)" time="0.01" />
  <testcase classname="ptolemy.util.test.junit.AutoTests" name="[58] /home/travis/build/icyphy/ptII/ptolemy/actor/lib/test/auto/Clock20.xml (RunModel)" time="0.017" />
  <testcase classname="ptolemy.util.test.junit.AutoTests" name="[59] /home/travis/build/icyphy/ptII/ptolemy/actor/lib/test/auto/Clock21.xml (RunModel)" time="0.011" />
  <testcase classname="ptolemy.util.test.junit.AutoTests" name="[60] /home/travis/build/icyphy/ptII/ptolemy/actor/lib/test/auto/Clock22.xml (RunModel)" time="0.011" />
  <testcase classname="ptolemy.util.test.junit.AutoTests" name="[61] /home/travis/build/icyphy/ptII/ptolemy/actor/lib/test/auto/Clock23.xml (RunModel)" time="0.014" />
  <testcase classname="ptolemy.util.test.junit.AutoTests" name="[62] /home/travis/build/icyphy/ptII/ptolemy/actor/lib/test/auto/Clock24.xml (RunModel)" time="0.011" />
  <testcase classname="ptolemy.util.test.junit.AutoTests" name="[63] /home/travis/build/icyphy/ptII/ptolemy/actor/lib/test/auto/Clock4.xml (RunModel)" time="0.007" />
  <testcase classname="ptolemy.util.test.junit.AutoTests" name="[64] /home/travis/build/icyphy/ptII/ptolemy/actor/lib/test/auto/Clock5.xml (RunModel)" time="0.011" />
  <testcase classname="ptolemy.util.test.junit.AutoTests" name="[65] /home/travis/build/icyphy/ptII/ptolemy/actor/lib/test/auto/Clock6.xml (RunModel)" time="0.006" />
  <testcase classname="ptolemy.util.test.junit.AutoTests" name="[66] /home/travis/build/icyphy/ptII/ptolemy/actor/lib/test/auto/Clock7.xml (RunModel)" time="0.007" />
  <testcase classname="ptolemy.util.test.junit.AutoTests" name="[67] /home/travis/build/icyphy/ptII/ptolemy/actor/lib/test/auto/Clock8.xml (RunModel)" time="0.011" />
  <testcase classname="ptolemy.util.test.junit.AutoTests" name="[68] /home/travis/build/icyphy/ptII/ptolemy/actor/lib/test/auto/Clock9.xml (RunModel)" time="0.011" />
  <testcase classname="ptolemy.util.test.junit.AutoTests" name="[69] /home/travis/build/icyphy/ptII/ptolemy/actor/lib/test/auto/CommDistDiscard.xml (RunModel)" time="0.019" />
  <testcase classname="ptolemy.util.test.junit.AutoTests" name="[70] /home/travis/build/icyphy/ptII/ptolemy/actor/lib/test/auto/Commutator.xml (RunModel)" time="0.01" />
  <testcase classname="ptolemy.util.test.junit.AutoTests" name="[71] /home/travis/build/icyphy/ptII/ptolemy/actor/lib/test/auto/Commutator2.xml (RunModel)" time="0.007" />
  <testcase classname="ptolemy.util.test.junit.AutoTests" name="[72] /home/travis/build/icyphy/ptII/ptolemy/actor/lib/test/auto/Commutator3.xml (RunModel)" time="0.013" />
  <testcase classname="ptolemy.util.test.junit.AutoTests" name="[73] /home/travis/build/icyphy/ptII/ptolemy/actor/lib/test/auto/Compare.xml (RunModel)" time="0.016" />
  <testcase classname="ptolemy.util.test.junit.AutoTests" name="[74] /home/travis/build/icyphy/ptII/ptolemy/actor/lib/test/auto/CompareDE.xml (RunModel)" time="0.014" />
  <testcase classname="ptolemy.util.test.junit.AutoTests" name="[75] /home/travis/build/icyphy/ptII/ptolemy/actor/lib/test/auto/ComplexDivide.xml (RunModel)" time="0.007" />
  <testcase classname="ptolemy.util.test.junit.AutoTests" name="[76] /home/travis/build/icyphy/ptII/ptolemy/actor/lib/test/auto/ComputeHistogram.xml (RunModel)" time="0.056" />
  <testcase classname="ptolemy.util.test.junit.AutoTests" name="[77] /home/travis/build/icyphy/ptII/ptolemy/actor/lib/test/auto/ConfigurationSelect.xml (RunModel)" time="0.02" />
  <testcase classname="ptolemy.util.test.junit.AutoTests" name="[78] /home/travis/build/icyphy/ptII/ptolemy/actor/lib/test/auto/ConfigurationSelect2.xml (RunModel)" time="0.013" />
  <testcase classname="ptolemy.util.test.junit.AutoTests" name="[79] /home/travis/build/icyphy/ptII/ptolemy/actor/lib/test/auto/ConfigurationSwitch.xml (RunModel)" time="0.023" />
  <testcase classname="ptolemy.util.test.junit.AutoTests" name="[80] /home/travis/build/icyphy/ptII/ptolemy/actor/lib/test/auto/ConfigurationSwitch2.xml (RunModel)" time="0.023" />
  <testcase classname="ptolemy.util.test.junit.AutoTests" name="[81] /home/travis/build/icyphy/ptII/ptolemy/actor/lib/test/auto/ConfigurationSwitchCloningBugWithClassRelationGroup.xml (RunModel)" time="0.017" />
  <testcase classname="ptolemy.util.test.junit.AutoTests" name="[82] /home/travis/build/icyphy/ptII/ptolemy/actor/lib/test/auto/ConfigurationSwitchSelectSDF.xml (RunModel)" time="0.013" />
  <testcase classname="ptolemy.util.test.junit.AutoTests" name="[83] /home/travis/build/icyphy/ptII/ptolemy/actor/lib/test/auto/ConfigurationSwitchSelectSDF2.xml (RunModel)" time="0.015" />
  <testcase classname="ptolemy.util.test.junit.AutoTests" name="[84] /home/travis/build/icyphy/ptII/ptolemy/actor/lib/test/auto/Const.xml (RunModel)" time="0.004" />
  <testcase classname="ptolemy.util.test.junit.AutoTests" name="[85] /home/travis/build/icyphy/ptII/ptolemy/actor/lib/test/auto/Const2.xml (RunModel)" time="0.008" />
  <testcase classname="ptolemy.util.test.junit.AutoTests" name="[86] /home/travis/build/icyphy/ptII/ptolemy/actor/lib/test/auto/Const3.xml (RunModel)" time="0.004" />
  <testcase classname="ptolemy.util.test.junit.AutoTests" name="[87] /home/travis/build/icyphy/ptII/ptolemy/actor/lib/test/auto/ConstantPublisherPort1.xml (RunModel)" time="0.02" />
  <testcase classname="ptolemy.util.test.junit.AutoTests" name="[88] /home/travis/build/icyphy/ptII/ptolemy/actor/lib/test/auto/ConstantPublisherPort2.xml (RunModel)" time="0.013" />
  <testcase classname="ptolemy.util.test.junit.AutoTests" name="[89] /home/travis/build/icyphy/ptII/ptolemy/actor/lib/test/auto/ConstantPublisherPort3.xml (RunModel)" time="0.013" />
  <testcase classname="ptolemy.util.test.junit.AutoTests" name="[90] /home/travis/build/icyphy/ptII/ptolemy/actor/lib/test/auto/ConstantPublisherPort4.xml (RunModel)" time="0.012" />
  <testcase classname="ptolemy.util.test.junit.AutoTests" name="[91] /home/travis/build/icyphy/ptII/ptolemy/actor/lib/test/auto/ConstantPublisherPort5.xml (RunModel)" time="0.048" />
  <testcase classname="ptolemy.util.test.junit.AutoTests" name="[92] /home/travis/build/icyphy/ptII/ptolemy/actor/lib/test/auto/ConstantPublisherPort6.xml (RunModel)" time="0.03" />
  <testcase classname="ptolemy.util.test.junit.AutoTests" name="[93] /home/travis/build/icyphy/ptII/ptolemy/actor/lib/test/auto/ConstantPublisherPort7.xml (RunModel)" time="0.03" />
  <testcase classname="ptolemy.util.test.junit.AutoTests" name="[94] /home/travis/build/icyphy/ptII/ptolemy/actor/lib/test/auto/ConstraintMonitor1.xml (RunModel)" time="0.05" />
  <testcase classname="ptolemy.util.test.junit.AutoTests" name="[95] /home/travis/build/icyphy/ptII/ptolemy/actor/lib/test/auto/ConstraintMonitor2.xml (RunModel)" time="0.009" />
  <testcase classname="ptolemy.util.test.junit.AutoTests" name="[96] /home/travis/build/icyphy/ptII/ptolemy/actor/lib/test/auto/ConstraintMonitor3.xml (RunModel)" time="0.014" />
  <testcase classname="ptolemy.util.test.junit.AutoTests" name="[97] /home/travis/build/icyphy/ptII/ptolemy/actor/lib/test/auto/ConstraintMonitor4.xml (RunModel)" time="0.008" />
  <testcase classname="ptolemy.util.test.junit.AutoTests" name="[98] /home/travis/build/icyphy/ptII/ptolemy/actor/lib/test/auto/ConstraintMonitor5.xml (RunModel)" time="0.011" />
  <testcase classname="ptolemy.util.test.junit.AutoTests" name="[99] /home/travis/build/icyphy/ptII/ptolemy/actor/lib/test/auto/ConstraintMonitor6.xml (RunModel)" time="0.013" />
  <testcase classname="ptolemy.util.test.junit.AutoTests" name="[100] /home/travis/build/icyphy/ptII/ptolemy/actor/lib/test/auto/ConstraintMonitor7.xml (RunModel)" time="0.015" />
  <testcase classname="ptolemy.util.test.junit.AutoTests" name="[101] /home/travis/build/icyphy/ptII/ptolemy/actor/lib/test/auto/ConstraintMonitor8.xml (RunModel)" time="0.018" />
  <testcase classname="ptolemy.util.test.junit.AutoTests" name="[102] /home/travis/build/icyphy/ptII/ptolemy/actor/lib/test/auto/Counter.xml (RunModel)" time="0.011" />
  <testcase classname="ptolemy.util.test.junit.AutoTests" name="[103] /home/travis/build/icyphy/ptII/ptolemy/actor/lib/test/auto/CurrentTimeSDF.xml (RunModel)" time="0.012" />
  <testcase classname="ptolemy.util.test.junit.AutoTests" name="[104] /home/travis/build/icyphy/ptII/ptolemy/actor/lib/test/auto/DB.xml (RunModel)" time="0.013" />
  <testcase classname="ptolemy.util.test.junit.AutoTests" name="[105] /home/travis/build/icyphy/ptII/ptolemy/actor/lib/test/auto/DBDE.xml (RunModel)" time="0.012" />
  <testcase classname="ptolemy.util.test.junit.AutoTests" name="[106] /home/travis/build/icyphy/ptII/ptolemy/actor/lib/test/auto/DateConstructor.xml (RunModel)" time="0.067" />
  <testcase classname="ptolemy.util.test.junit.AutoTests" name="[107] /home/travis/build/icyphy/ptII/ptolemy/actor/lib/test/auto/DelayTime.xml (RunModel)" time="0.013" />
  <testcase classname="ptolemy.util.test.junit.AutoTests" name="[108] /home/travis/build/icyphy/ptII/ptolemy/actor/lib/test/auto/Dictionary1.xml (RunModel)" time="0.015" />
  <testcase classname="ptolemy.util.test.junit.AutoTests" name="[109] /home/travis/build/icyphy/ptII/ptolemy/actor/lib/test/auto/Dictionary2.xml (RunModel)" time="0.019" />
  <testcase classname="ptolemy.util.test.junit.AutoTests" name="[110] /home/travis/build/icyphy/ptII/ptolemy/actor/lib/test/auto/Dictionary3.xml (RunModel)" time="0.011" />
  <testcase classname="ptolemy.util.test.junit.AutoTests" name="[111] /home/travis/build/icyphy/ptII/ptolemy/actor/lib/test/auto/Dictionary4.xml (RunModel)" time="0.013" />
  <testcase classname="ptolemy.util.test.junit.AutoTests" name="[112] /home/travis/build/icyphy/ptII/ptolemy/actor/lib/test/auto/Differential.xml (RunModel)" time="0.01" />
  <testcase classname="ptolemy.util.test.junit.AutoTests" name="[113] /home/travis/build/icyphy/ptII/ptolemy/actor/lib/test/auto/Director.xml (RunModel)" time="0.007" />
  <testcase classname="ptolemy.util.test.junit.AutoTests" name="[114] /home/travis/build/icyphy/ptII/ptolemy/actor/lib/test/auto/DiscreteClock.xml (RunModel)" time="0.006" />
  <testcase classname="ptolemy.util.test.junit.AutoTests" name="[115] /home/travis/build/icyphy/ptII/ptolemy/actor/lib/test/auto/DiscreteClock10.xml (RunModel)" time="0.013" />
  <testcase classname="ptolemy.util.test.junit.AutoTests" name="[116] /home/travis/build/icyphy/ptII/ptolemy/actor/lib/test/auto/DiscreteClock11.xml (RunModel)" time="0.01" />
  <testcase classname="ptolemy.util.test.junit.AutoTests" name="[117] /home/travis/build/icyphy/ptII/ptolemy/actor/lib/test/auto/DiscreteClock12.xml (RunModel)" time="0.012" />
  <testcase classname="ptolemy.util.test.junit.AutoTests" name="[118] /home/travis/build/icyphy/ptII/ptolemy/actor/lib/test/auto/DiscreteClock13.xml (RunModel)" time="0.012" />
  <testcase classname="ptolemy.util.test.junit.AutoTests" name="[119] /home/travis/build/icyphy/ptII/ptolemy/actor/lib/test/auto/DiscreteClock14.xml (RunModel)" time="0.012" />
  <testcase classname="ptolemy.util.test.junit.AutoTests" name="[120] /home/travis/build/icyphy/ptII/ptolemy/actor/lib/test/auto/DiscreteClock15.xml (RunModel)" time="0.011" />
  <testcase classname="ptolemy.util.test.junit.AutoTests" name="[121] /home/travis/build/icyphy/ptII/ptolemy/actor/lib/test/auto/DiscreteClock16.xml (RunModel)" time="0.031" />
  <testcase classname="ptolemy.util.test.junit.AutoTests" name="[122] /home/travis/build/icyphy/ptII/ptolemy/actor/lib/test/auto/DiscreteClock17.xml (RunModel)" time="0.033" />
  <testcase classname="ptolemy.util.test.junit.AutoTests" name="[123] /home/travis/build/icyphy/ptII/ptolemy/actor/lib/test/auto/DiscreteClock18.xml (RunModel)" time="0.028" />
  <testcase classname="ptolemy.util.test.junit.AutoTests" name="[124] /home/travis/build/icyphy/ptII/ptolemy/actor/lib/test/auto/DiscreteClock19.xml (RunModel)" time="0.045" />
  <testcase classname="ptolemy.util.test.junit.AutoTests" name="[125] /home/travis/build/icyphy/ptII/ptolemy/actor/lib/test/auto/DiscreteClock2.xml (RunModel)" time="0.008" />
  <testcase classname="ptolemy.util.test.junit.AutoTests" name="[126] /home/travis/build/icyphy/ptII/ptolemy/actor/lib/test/auto/DiscreteClock20.xml (RunModel)" time="0.011" />
  <testcase classname="ptolemy.util.test.junit.AutoTests" name="[127] /home/travis/build/icyphy/ptII/ptolemy/actor/lib/test/auto/DiscreteClock21.xml (RunModel)" time="0.017" />
  <testcase classname="ptolemy.util.test.junit.AutoTests" name="[128] /home/travis/build/icyphy/ptII/ptolemy/actor/lib/test/auto/DiscreteClock22.xml (RunModel)" time="0.012" />
  <testcase classname="ptolemy.util.test.junit.AutoTests" name="[129] /home/travis/build/icyphy/ptII/ptolemy/actor/lib/test/auto/DiscreteClock23.xml (RunModel)" time="0.016" />
  <testcase classname="ptolemy.util.test.junit.AutoTests" name="[130] /home/travis/build/icyphy/ptII/ptolemy/actor/lib/test/auto/DiscreteClock24.xml (RunModel)" time="0.012" />
  <testcase classname="ptolemy.util.test.junit.AutoTests" name="[131] /home/travis/build/icyphy/ptII/ptolemy/actor/lib/test/auto/DiscreteClock4.xml (RunModel)" time="0.01" />
  <testcase classname="ptolemy.util.test.junit.AutoTests" name="[132] /home/travis/build/icyphy/ptII/ptolemy/actor/lib/test/auto/DiscreteClock5.xml (RunModel)" time="0.008" />
  <testcase classname="ptolemy.util.test.junit.AutoTests" name="[133] /home/travis/build/icyphy/ptII/ptolemy/actor/lib/test/auto/DiscreteClock6.xml (RunModel)" time="0.009" />
  <testcase classname="ptolemy.util.test.junit.AutoTests" name="[134] /home/travis/build/icyphy/ptII/ptolemy/actor/lib/test/auto/DiscreteClock7.xml (RunModel)" time="0.008" />
  <testcase classname="ptolemy.util.test.junit.AutoTests" name="[135] /home/travis/build/icyphy/ptII/ptolemy/actor/lib/test/auto/DiscreteClock8.xml (RunModel)" time="0.024" />
  <testcase classname="ptolemy.util.test.junit.AutoTests" name="[136] /home/travis/build/icyphy/ptII/ptolemy/actor/lib/test/auto/DiscreteClock9.xml (RunModel)" time="0.011" />
  <testcase classname="ptolemy.util.test.junit.AutoTests" name="[137] /home/travis/build/icyphy/ptII/ptolemy/actor/lib/test/auto/DisplayArray.xml (RunModel)" time="0.006" />
  <testcase classname="ptolemy.util.test.junit.AutoTests" name="[138] /home/travis/build/icyphy/ptII/ptolemy/actor/lib/test/auto/Distributor.xml (RunModel)" time="0.007" />
  <testcase classname="ptolemy.util.test.junit.AutoTests" name="[139] /home/travis/build/icyphy/ptII/ptolemy/actor/lib/test/auto/Distributor2.xml (RunModel)" time="0.008" />
  <testcase classname="ptolemy.util.test.junit.AutoTests" name="[140] /home/travis/build/icyphy/ptII/ptolemy/actor/lib/test/auto/DownSample.xml (RunModel)" time="0.007" />
  <testcase classname="ptolemy.util.test.junit.AutoTests" name="[141] /home/travis/build/icyphy/ptII/ptolemy/actor/lib/test/auto/ElectronicUnitBase1.xml (RunModel)" time="0.055" />
  <testcase classname="ptolemy.util.test.junit.AutoTests" name="[142] /home/travis/build/icyphy/ptII/ptolemy/actor/lib/test/auto/ElementsToArray.xml (RunModel)" time="0.009" />
  <testcase classname="ptolemy.util.test.junit.AutoTests" name="[143] /home/travis/build/icyphy/ptII/ptolemy/actor/lib/test/auto/Equals.xml (RunModel)" time="0.012" />
  <testcase classname="ptolemy.util.test.junit.AutoTests" name="[144] /home/travis/build/icyphy/ptII/ptolemy/actor/lib/test/auto/Exec.xml (RunModel)" time="0.026" />
  <testcase classname="ptolemy.util.test.junit.AutoTests" name="[145] /home/travis/build/icyphy/ptII/ptolemy/actor/lib/test/auto/ExecEnvironment.xml (RunModel)" time="0.03" />
  <testcase classname="ptolemy.util.test.junit.AutoTests" name="[146] /home/travis/build/icyphy/ptII/ptolemy/actor/lib/test/auto/ExecNonZeroReturnOutput.xml (RunModel)" time="0.164" />
  <testcase classname="ptolemy.util.test.junit.AutoTests" name="[147] /home/travis/build/icyphy/ptII/ptolemy/actor/lib/test/auto/ExecRunDemos.xml (RunModel)" time="9.922" />
  <testcase classname="ptolemy.util.test.junit.AutoTests" name="[148] /home/travis/build/icyphy/ptII/ptolemy/actor/lib/test/auto/ExecStop.xml (RunModel)" time="5.021" />
  <testcase classname="ptolemy.util.test.junit.AutoTests" name="[149] /home/travis/build/icyphy/ptII/ptolemy/actor/lib/test/auto/ExecutionTimeSDF.xml (RunModel)" time="6.04" />
  <testcase classname="ptolemy.util.test.junit.AutoTests" name="[150] /home/travis/build/icyphy/ptII/ptolemy/actor/lib/test/auto/Expression1.xml (RunModel)" time="0.007" />
  <testcase classname="ptolemy.util.test.junit.AutoTests" name="[151] /home/travis/build/icyphy/ptII/ptolemy/actor/lib/test/auto/Expression10.xml (RunModel)" time="0.012" />
  <testcase classname="ptolemy.util.test.junit.AutoTests" name="[152] /home/travis/build/icyphy/ptII/ptolemy/actor/lib/test/auto/Expression11.xml (RunModel)" time="0.008" />
  <testcase classname="ptolemy.util.test.junit.AutoTests" name="[153] /home/travis/build/icyphy/ptII/ptolemy/actor/lib/test/auto/Expression12.xml (RunModel)" time="0.01" />
  <testcase classname="ptolemy.util.test.junit.AutoTests" name="[154] /home/travis/build/icyphy/ptII/ptolemy/actor/lib/test/auto/Expression13.xml (RunModel)" time="0.009" />
  <testcase classname="ptolemy.util.test.junit.AutoTests" name="[155] /home/travis/build/icyphy/ptII/ptolemy/actor/lib/test/auto/Expression14.xml (RunModel)" time="0.012" />
  <testcase classname="ptolemy.util.test.junit.AutoTests" name="[156] /home/travis/build/icyphy/ptII/ptolemy/actor/lib/test/auto/Expression15.xml (RunModel)" time="0.007" />
  <testcase classname="ptolemy.util.test.junit.AutoTests" name="[157] /home/travis/build/icyphy/ptII/ptolemy/actor/lib/test/auto/Expression16.xml (RunModel)" time="0.011" />
  <testcase classname="ptolemy.util.test.junit.AutoTests" name="[158] /home/travis/build/icyphy/ptII/ptolemy/actor/lib/test/auto/Expression17.xml (RunModel)" time="0.008" />
  <testcase classname="ptolemy.util.test.junit.AutoTests" name="[159] /home/travis/build/icyphy/ptII/ptolemy/actor/lib/test/auto/Expression18.xml (RunModel)" time="0.011" />
  <testcase classname="ptolemy.util.test.junit.AutoTests" name="[160] /home/travis/build/icyphy/ptII/ptolemy/actor/lib/test/auto/Expression2.xml (RunModel)" time="0.01" />
  <testcase classname="ptolemy.util.test.junit.AutoTests" name="[161] /home/travis/build/icyphy/ptII/ptolemy/actor/lib/test/auto/Expression3.xml (RunModel)" time="0.011" />
  <testcase classname="ptolemy.util.test.junit.AutoTests" name="[162] /home/travis/build/icyphy/ptII/ptolemy/actor/lib/test/auto/Expression4.xml (RunModel)" time="0.017" />
  <testcase classname="ptolemy.util.test.junit.AutoTests" name="[163] /home/travis/build/icyphy/ptII/ptolemy/actor/lib/test/auto/Expression5.xml (RunModel)" time="0.009" />
  <testcase classname="ptolemy.util.test.junit.AutoTests" name="[164] /home/travis/build/icyphy/ptII/ptolemy/actor/lib/test/auto/Expression6.xml (RunModel)" time="0.006" />
  <testcase classname="ptolemy.util.test.junit.AutoTests" name="[165] /home/travis/build/icyphy/ptII/ptolemy/actor/lib/test/auto/Expression7.xml (RunModel)" time="0.009" />
  <testcase classname="ptolemy.util.test.junit.AutoTests" name="[166] /home/travis/build/icyphy/ptII/ptolemy/actor/lib/test/auto/Expression8.xml (RunModel)" time="0.014" />
  <testcase classname="ptolemy.util.test.junit.AutoTests" name="[167] /home/travis/build/icyphy/ptII/ptolemy/actor/lib/test/auto/Expression9.xml (RunModel)" time="0.006" />
  <testcase classname="ptolemy.util.test.junit.AutoTests" name="[168] /home/travis/build/icyphy/ptII/ptolemy/actor/lib/test/auto/ExpressionConcatenateArrayType.xml (RunModel)" time="0.021" />
  <testcase classname="ptolemy.util.test.junit.AutoTests" name="[169] /home/travis/build/icyphy/ptII/ptolemy/actor/lib/test/auto/ExpressionConcatenateArrayType2.xml (RunModel)" time="0.018" />
  <testcase classname="ptolemy.util.test.junit.AutoTests" name="[170] /home/travis/build/icyphy/ptII/ptolemy/actor/lib/test/auto/ExpressionFix.xml (RunModel)" time="0.037" />
  <testcase classname="ptolemy.util.test.junit.AutoTests" name="[171] /home/travis/build/icyphy/ptII/ptolemy/actor/lib/test/auto/ExpressionFix2.xml (RunModel)" time="0.014" />
  <testcase classname="ptolemy.util.test.junit.AutoTests" name="[172] /home/travis/build/icyphy/ptII/ptolemy/actor/lib/test/auto/ExpressionFix3.xml (RunModel)" time="0.01" />
  <testcase classname="ptolemy.util.test.junit.AutoTests" name="[173] /home/travis/build/icyphy/ptII/ptolemy/actor/lib/test/auto/FileWriter1.xml (RunModel)" time="0.007" />
  <testcase classname="ptolemy.util.test.junit.AutoTests" name="[174] /home/travis/build/icyphy/ptII/ptolemy/actor/lib/test/auto/FileWriter2.xml (RunModel)" time="0.007" />
  <testcase classname="ptolemy.util.test.junit.AutoTests" name="[175] /home/travis/build/icyphy/ptII/ptolemy/actor/lib/test/auto/FileWriter3.xml (RunModel)" time="0.009" />
  <testcase classname="ptolemy.util.test.junit.AutoTests" name="[176] /home/travis/build/icyphy/ptII/ptolemy/actor/lib/test/auto/Gaussian.xml (RunModel)" time="0.009" />
  <testcase classname="ptolemy.util.test.junit.AutoTests" name="[177] /home/travis/build/icyphy/ptII/ptolemy/actor/lib/test/auto/Gaussian1.xml (RunModel)" time="0.017" />
  <testcase classname="ptolemy.util.test.junit.AutoTests" name="[178] /home/travis/build/icyphy/ptII/ptolemy/actor/lib/test/auto/Gaussian2.xml (RunModel)" time="0.016" />
  <testcase classname="ptolemy.util.test.junit.AutoTests" name="[179] /home/travis/build/icyphy/ptII/ptolemy/actor/lib/test/auto/GradientAdaptiveLattice.xml (RunModel)" time="0.012" />
  <testcase classname="ptolemy.util.test.junit.AutoTests" name="[180] /home/travis/build/icyphy/ptII/ptolemy/actor/lib/test/auto/IIR.xml (RunModel)" time="0.01" />
  <testcase classname="ptolemy.util.test.junit.AutoTests" name="[181] /home/travis/build/icyphy/ptII/ptolemy/actor/lib/test/auto/InputOutputTransparentPorts.xml (RunModel)" time="0.015" />
  <testcase classname="ptolemy.util.test.junit.AutoTests" name="[182] /home/travis/build/icyphy/ptII/ptolemy/actor/lib/test/auto/Interpolator.xml (RunModel)" time="0.01" />
  <testcase classname="ptolemy.util.test.junit.AutoTests" name="[183] /home/travis/build/icyphy/ptII/ptolemy/actor/lib/test/auto/InterpolatorFiringLimitDE.xml (RunModel)" time="0.011" />
  <testcase classname="ptolemy.util.test.junit.AutoTests" name="[184] /home/travis/build/icyphy/ptII/ptolemy/actor/lib/test/auto/Lattice.xml (RunModel)" time="0.008" />
  <testcase classname="ptolemy.util.test.junit.AutoTests" name="[185] /home/travis/build/icyphy/ptII/ptolemy/actor/lib/test/auto/LazyAOCTestLazy.xml (RunModel)" time="0.024" />
  <testcase classname="ptolemy.util.test.junit.AutoTests" name="[186] /home/travis/build/icyphy/ptII/ptolemy/actor/lib/test/auto/LazyAOCTestNonLazy.xml (RunModel)" time="0.012" />
  <testcase classname="ptolemy.util.test.junit.AutoTests" name="[187] /home/travis/build/icyphy/ptII/ptolemy/actor/lib/test/auto/LazyInnerClass.xml (RunModel)" time="0.015" />
  <testcase classname="ptolemy.util.test.junit.AutoTests" name="[188] /home/travis/build/icyphy/ptII/ptolemy/actor/lib/test/auto/LazyPubSub.xml (RunModel)" time="0.053" />
  <testcase classname="ptolemy.util.test.junit.AutoTests" name="[189] /home/travis/build/icyphy/ptII/ptolemy/actor/lib/test/auto/LazyPubSub2.xml (RunModel)" time="0.056" />
  <testcase classname="ptolemy.util.test.junit.AutoTests" name="[190] /home/travis/build/icyphy/ptII/ptolemy/actor/lib/test/auto/LazyPubSub3.xml (RunModel)" time="0.037" />
  <testcase classname="ptolemy.util.test.junit.AutoTests" name="[191] /home/travis/build/icyphy/ptII/ptolemy/actor/lib/test/auto/LazySubClassModel.xml (RunModel)" time="0.039" />
  <testcase classname="ptolemy.util.test.junit.AutoTests" name="[192] /home/travis/build/icyphy/ptII/ptolemy/actor/lib/test/auto/LevelCrossTest1.xml (RunModel)" time="0.009" />
  <testcase classname="ptolemy.util.test.junit.AutoTests" name="[193] /home/travis/build/icyphy/ptII/ptolemy/actor/lib/test/auto/LevelCrossTest10.xml (RunModel)" time="0.012" />
  <testcase classname="ptolemy.util.test.junit.AutoTests" name="[194] /home/travis/build/icyphy/ptII/ptolemy/actor/lib/test/auto/LevelCrossTest11.xml (RunModel)" time="0.014" />
  <testcase classname="ptolemy.util.test.junit.AutoTests" name="[195] /home/travis/build/icyphy/ptII/ptolemy/actor/lib/test/auto/LevelCrossTest12.xml (RunModel)" time="0.014" />
  <testcase classname="ptolemy.util.test.junit.AutoTests" name="[196] /home/travis/build/icyphy/ptII/ptolemy/actor/lib/test/auto/LevelCrossTest13.xml (RunModel)" time="0.01" />
  <testcase classname="ptolemy.util.test.junit.AutoTests" name="[197] /home/travis/build/icyphy/ptII/ptolemy/actor/lib/test/auto/LevelCrossTest2.xml (RunModel)" time="0.008" />
  <testcase classname="ptolemy.util.test.junit.AutoTests" name="[198] /home/travis/build/icyphy/ptII/ptolemy/actor/lib/test/auto/LevelCrossTest3.xml (RunModel)" time="0.009" />
  <testcase classname="ptolemy.util.test.junit.AutoTests" name="[199] /home/travis/build/icyphy/ptII/ptolemy/actor/lib/test/auto/LevelCrossTest4.xml (RunModel)" time="0.008" />
  <testcase classname="ptolemy.util.test.junit.AutoTests" name="[200] /home/travis/build/icyphy/ptII/ptolemy/actor/lib/test/auto/LevelCrossTest5.xml (RunModel)" time="0.012" />
  <testcase classname="ptolemy.util.test.junit.AutoTests" name="[201] /home/travis/build/icyphy/ptII/ptolemy/actor/lib/test/auto/LevelCrossTest6.xml (RunModel)" time="0.013" />
  <testcase classname="ptolemy.util.test.junit.AutoTests" name="[202] /home/travis/build/icyphy/ptII/ptolemy/actor/lib/test/auto/LevelCrossTest7.xml (RunModel)" time="0.016" />
  <testcase classname="ptolemy.util.test.junit.AutoTests" name="[203] /home/travis/build/icyphy/ptII/ptolemy/actor/lib/test/auto/LevelCrossTest8.xml (RunModel)" time="0.01" />
  <testcase classname="ptolemy.util.test.junit.AutoTests" name="[204] /home/travis/build/icyphy/ptII/ptolemy/actor/lib/test/auto/LevelCrossTest9.xml (RunModel)" time="0.009" />
  <testcase classname="ptolemy.util.test.junit.AutoTests" name="[205] /home/travis/build/icyphy/ptII/ptolemy/actor/lib/test/auto/LevinsonDurbin.xml (RunModel)" time="0.007" />
  <testcase classname="ptolemy.util.test.junit.AutoTests" name="[206] /home/travis/build/icyphy/ptII/ptolemy/actor/lib/test/auto/LevinsonDurbin2.xml (RunModel)" time="0.006" />
  <testcase classname="ptolemy.util.test.junit.AutoTests" name="[207] /home/travis/build/icyphy/ptII/ptolemy/actor/lib/test/auto/LevinsonDurbin3.xml (RunModel)" time="0.01" />
  <testcase classname="ptolemy.util.test.junit.AutoTests" name="[208] /home/travis/build/icyphy/ptII/ptolemy/actor/lib/test/auto/Limiter.xml (RunModel)" time="0.027" />
  <testcase classname="ptolemy.util.test.junit.AutoTests" name="[209] /home/travis/build/icyphy/ptII/ptolemy/actor/lib/test/auto/LinearDifferenceEquationSystem.xml (RunModel)" time="0.019" />
  <testcase classname="ptolemy.util.test.junit.AutoTests" name="[210] /home/travis/build/icyphy/ptII/ptolemy/actor/lib/test/auto/LookupTable.xml (RunModel)" time="0.019" />
  <testcase classname="ptolemy.util.test.junit.AutoTests" name="[211] /home/travis/build/icyphy/ptII/ptolemy/actor/lib/test/auto/MathFunction.xml (RunModel)" time="0.018" />
  <testcase classname="ptolemy.util.test.junit.AutoTests" name="[212] /home/travis/build/icyphy/ptII/ptolemy/actor/lib/test/auto/MathFunction2.xml (RunModel)" time="0.008" />
  <testcase classname="ptolemy.util.test.junit.AutoTests" name="[213] /home/travis/build/icyphy/ptII/ptolemy/actor/lib/test/auto/MathFunction3.xml (RunModel)" time="0.013" />
  <testcase classname="ptolemy.util.test.junit.AutoTests" name="[214] /home/travis/build/icyphy/ptII/ptolemy/actor/lib/test/auto/MatrixCropBoolean.xml (RunModel)" time="0.01" />
  <testcase classname="ptolemy.util.test.junit.AutoTests" name="[215] /home/travis/build/icyphy/ptII/ptolemy/actor/lib/test/auto/MatrixCropComplex.xml (RunModel)" time="0.007" />
  <testcase classname="ptolemy.util.test.junit.AutoTests" name="[216] /home/travis/build/icyphy/ptII/ptolemy/actor/lib/test/auto/MatrixCropDouble.xml (RunModel)" time="0.009" />
  <testcase classname="ptolemy.util.test.junit.AutoTests" name="[217] /home/travis/build/icyphy/ptII/ptolemy/actor/lib/test/auto/MatrixCropFix.xml (RunModel)" time="0.01" />
  <testcase classname="ptolemy.util.test.junit.AutoTests" name="[218] /home/travis/build/icyphy/ptII/ptolemy/actor/lib/test/auto/MatrixCropInt.xml (RunModel)" time="0.008" />
  <testcase classname="ptolemy.util.test.junit.AutoTests" name="[219] /home/travis/build/icyphy/ptII/ptolemy/actor/lib/test/auto/MatrixCropLong.xml (RunModel)" time="0.007" />
  <testcase classname="ptolemy.util.test.junit.AutoTests" name="[220] /home/travis/build/icyphy/ptII/ptolemy/actor/lib/test/auto/MatrixToArray.xml (RunModel)" time="0.051" />
  <testcase classname="ptolemy.util.test.junit.AutoTests" name="[221] /home/travis/build/icyphy/ptII/ptolemy/actor/lib/test/auto/MaxIndex.xml (RunModel)" time="0.022" />
  <testcase classname="ptolemy.util.test.junit.AutoTests" name="[222] /home/travis/build/icyphy/ptII/ptolemy/actor/lib/test/auto/Maximum.xml (RunModel)" time="0.014" />
  <testcase classname="ptolemy.util.test.junit.AutoTests" name="[223] /home/travis/build/icyphy/ptII/ptolemy/actor/lib/test/auto/MaximumComplex.xml (RunModel)" time="0.012" />
  <testcase classname="ptolemy.util.test.junit.AutoTests" name="[224] /home/travis/build/icyphy/ptII/ptolemy/actor/lib/test/auto/MethodCallTest.xml (RunModel)" time="0.021" />
  <testcase classname="ptolemy.util.test.junit.AutoTests" name="[225] /home/travis/build/icyphy/ptII/ptolemy/actor/lib/test/auto/Minimum.xml (RunModel)" time="0.012" />
  <testcase classname="ptolemy.util.test.junit.AutoTests" name="[226] /home/travis/build/icyphy/ptII/ptolemy/actor/lib/test/auto/MinimumComplex.xml (RunModel)" time="0.021" />
  <testcase classname="ptolemy.util.test.junit.AutoTests" name="[227] /home/travis/build/icyphy/ptII/ptolemy/actor/lib/test/auto/MinimumMultiports.xml (RunModel)" time="0.015" />
  <testcase classname="ptolemy.util.test.junit.AutoTests" name="[228] /home/travis/build/icyphy/ptII/ptolemy/actor/lib/test/auto/ModifyDate.xml (RunModel)" time="0.048" />
  <testcase classname="ptolemy.util.test.junit.AutoTests" name="[229] /home/travis/build/icyphy/ptII/ptolemy/actor/lib/test/auto/ModifyDate2.xml (RunModel)" time="0.021" />
  <testcase classname="ptolemy.util.test.junit.AutoTests" name="[230] /home/travis/build/icyphy/ptII/ptolemy/actor/lib/test/auto/MovingAverage.xml (RunModel)" time="0.01" />
  <testcase classname="ptolemy.util.test.junit.AutoTests" name="[231] /home/travis/build/icyphy/ptII/ptolemy/actor/lib/test/auto/MovingMaximum.xml (RunModel)" time="0.009" />
  <testcase classname="ptolemy.util.test.junit.AutoTests" name="[232] /home/travis/build/icyphy/ptII/ptolemy/actor/lib/test/auto/MultipleLinksToSameRelation.xml (RunModel)" time="0.006" />
  <testcase classname="ptolemy.util.test.junit.AutoTests" name="[233] /home/travis/build/icyphy/ptII/ptolemy/actor/lib/test/auto/MultipleLinksToSameRelationDE.xml (RunModel)" time="0.013" />
  <testcase classname="ptolemy.util.test.junit.AutoTests" name="[234] /home/travis/build/icyphy/ptII/ptolemy/actor/lib/test/auto/Multiplexor.xml (RunModel)" time="0.011" />
  <testcase classname="ptolemy.util.test.junit.AutoTests" name="[235] /home/travis/build/icyphy/ptII/ptolemy/actor/lib/test/auto/Multiplexor1.xml (RunModel)" time="0.009" />
  <testcase classname="ptolemy.util.test.junit.AutoTests" name="[236] /home/travis/build/icyphy/ptII/ptolemy/actor/lib/test/auto/Multiplexor2.xml (RunModel)" time="0.011" />
  <testcase classname="ptolemy.util.test.junit.AutoTests" name="[237] /home/travis/build/icyphy/ptII/ptolemy/actor/lib/test/auto/Multiplexor3.xml (RunModel)" time="0.007" />
  <testcase classname="ptolemy.util.test.junit.AutoTests" name="[238] /home/travis/build/icyphy/ptII/ptolemy/actor/lib/test/auto/MultiplexorDE.xml (RunModel)" time="0.015" />
  <testcase classname="ptolemy.util.test.junit.AutoTests" name="[239] /home/travis/build/icyphy/ptII/ptolemy/actor/lib/test/auto/MultiportBroadcastTest.xml (RunModel)" time="0.082" />
  <testcase classname="ptolemy.util.test.junit.AutoTests" name="[240] /home/travis/build/icyphy/ptII/ptolemy/actor/lib/test/auto/MultiportOutHangDuringGetWidth.xml (RunModel)" time="0.035" />
  <testcase classname="ptolemy.util.test.junit.AutoTests" name="[241] /home/travis/build/icyphy/ptII/ptolemy/actor/lib/test/auto/NilToken.xml (RunModel)" time="0.009" />
  <testcase classname="ptolemy.util.test.junit.AutoTests" name="[242] /home/travis/build/icyphy/ptII/ptolemy/actor/lib/test/auto/NilTokenNonStrictTest.xml (RunModel)" time="0.013" />
  <testcase classname="ptolemy.util.test.junit.AutoTests" name="[243] /home/travis/build/icyphy/ptII/ptolemy/actor/lib/test/auto/NilTokenRecord.xml (RunModel)" time="0.018" />
  <testcase classname="ptolemy.util.test.junit.AutoTests" name="[244] /home/travis/build/icyphy/ptII/ptolemy/actor/lib/test/auto/NilTokenTypeTest.xml (RunModel)" time="0.025" />
  <testcase classname="ptolemy.util.test.junit.AutoTests" name="[245] /home/travis/build/icyphy/ptII/ptolemy/actor/lib/test/auto/ObjectToken1.xml (RunModel)" time="0.007" />
  <testcase classname="ptolemy.util.test.junit.AutoTests" name="[246] /home/travis/build/icyphy/ptII/ptolemy/actor/lib/test/auto/OrderedMerge.xml (RunModel)" time="0.021" />
  <testcase classname="ptolemy.util.test.junit.AutoTests" name="[247] /home/travis/build/icyphy/ptII/ptolemy/actor/lib/test/auto/OrderedRecordDisassembler.xml (RunModel)" time="0.013" />
  <testcase classname="ptolemy.util.test.junit.AutoTests" name="[248] /home/travis/build/icyphy/ptII/ptolemy/actor/lib/test/auto/OrderedRecordDisassembler2.xml (RunModel)" time="0.015" />
  <testcase classname="ptolemy.util.test.junit.AutoTests" name="[249] /home/travis/build/icyphy/ptII/ptolemy/actor/lib/test/auto/OrderedRecordUpdater.xml (RunModel)" time="0.009" />
  <testcase classname="ptolemy.util.test.junit.AutoTests" name="[250] /home/travis/build/icyphy/ptII/ptolemy/actor/lib/test/auto/OrderedRecordUpdater2.xml (RunModel)" time="0.008" />
  <testcase classname="ptolemy.util.test.junit.AutoTests" name="[251] /home/travis/build/icyphy/ptII/ptolemy/actor/lib/test/auto/PhaseUnwrap.xml (RunModel)" time="0.01" />
  <testcase classname="ptolemy.util.test.junit.AutoTests" name="[252] /home/travis/build/icyphy/ptII/ptolemy/actor/lib/test/auto/PoissonClock.xml (RunModel)" time="0.009" />
  <testcase classname="ptolemy.util.test.junit.AutoTests" name="[253] /home/travis/build/icyphy/ptII/ptolemy/actor/lib/test/auto/PoissonClock2.xml (RunModel)" time="0.007" />
  <testcase classname="ptolemy.util.test.junit.AutoTests" name="[254] /home/travis/build/icyphy/ptII/ptolemy/actor/lib/test/auto/PoissonClock3.xml (RunModel)" time="0.017" />
  <testcase classname="ptolemy.util.test.junit.AutoTests" name="[255] /home/travis/build/icyphy/ptII/ptolemy/actor/lib/test/auto/PubSubWithInitialTokens.xml (RunModel)" time="0.011" />
  <testcase classname="ptolemy.util.test.junit.AutoTests" name="[256] /home/travis/build/icyphy/ptII/ptolemy/actor/lib/test/auto/PubSubWithInitialTokens2.xml (RunModel)" time="0.01" />
  <testcase classname="ptolemy.util.test.junit.AutoTests" name="[257] /home/travis/build/icyphy/ptII/ptolemy/actor/lib/test/auto/PublisherClassNoParameter.xml (RunModel)" time="0.022" />
  <testcase classname="ptolemy.util.test.junit.AutoTests" name="[258] /home/travis/build/icyphy/ptII/ptolemy/actor/lib/test/auto/PublisherClassParameter.xml (RunModel)" time="0.017" />
  <testcase classname="ptolemy.util.test.junit.AutoTests" name="[259] /home/travis/build/icyphy/ptII/ptolemy/actor/lib/test/auto/PublisherNonStrictTest.xml (RunModel)" time="0.011" />
  <testcase classname="ptolemy.util.test.junit.AutoTests" name="[260] /home/travis/build/icyphy/ptII/ptolemy/actor/lib/test/auto/PublisherPort1.xml (RunModel)" time="0.017" />
  <testcase classname="ptolemy.util.test.junit.AutoTests" name="[261] /home/travis/build/icyphy/ptII/ptolemy/actor/lib/test/auto/PublisherPort2.xml (RunModel)" time="0.008" />
  <testcase classname="ptolemy.util.test.junit.AutoTests" name="[262] /home/travis/build/icyphy/ptII/ptolemy/actor/lib/test/auto/PublisherPort3.xml (RunModel)" time="0.009" />
  <testcase classname="ptolemy.util.test.junit.AutoTests" name="[263] /home/travis/build/icyphy/ptII/ptolemy/actor/lib/test/auto/PublisherPort4.xml (RunModel)" time="0.01" />
  <testcase classname="ptolemy.util.test.junit.AutoTests" name="[264] /home/travis/build/icyphy/ptII/ptolemy/actor/lib/test/auto/PublisherPort5.xml (RunModel)" time="0.011" />
  <testcase classname="ptolemy.util.test.junit.AutoTests" name="[265] /home/travis/build/icyphy/ptII/ptolemy/actor/lib/test/auto/PublisherPort5LookAlike.xml (RunModel)" time="0.015" />
  <testcase classname="ptolemy.util.test.junit.AutoTests" name="[266] /home/travis/build/icyphy/ptII/ptolemy/actor/lib/test/auto/PublisherPort6.xml (RunModel)" time="0.009" />
  <testcase classname="ptolemy.util.test.junit.AutoTests" name="[267] /home/travis/build/icyphy/ptII/ptolemy/actor/lib/test/auto/PublisherPort7.xml (RunModel)" time="0.012" />
  <testcase classname="ptolemy.util.test.junit.AutoTests" name="[268] /home/travis/build/icyphy/ptII/ptolemy/actor/lib/test/auto/PublisherPort8.xml (RunModel)" time="0.02" />
  <testcase classname="ptolemy.util.test.junit.AutoTests" name="[269] /home/travis/build/icyphy/ptII/ptolemy/actor/lib/test/auto/PublisherPortSubscriberChannelVariablesAOC2.xml (RunModel)" time="0.027" />
  <testcase classname="ptolemy.util.test.junit.AutoTests" name="[270] /home/travis/build/icyphy/ptII/ptolemy/actor/lib/test/auto/PublisherPortSubscriberOpaqueWidthInference.xml (RunModel)" time="0.012" />
  <testcase classname="ptolemy.util.test.junit.AutoTests" name="[271] /home/travis/build/icyphy/ptII/ptolemy/actor/lib/test/auto/PublisherPortSubscriberPortAdjacent.xml (RunModel)" time="0.015" />
  <testcase classname="ptolemy.util.test.junit.AutoTests" name="[272] /home/travis/build/icyphy/ptII/ptolemy/actor/lib/test/auto/PublisherPortSubscriberPortExpression.xml (RunModel)" time="0.016" />
  <testcase classname="ptolemy.util.test.junit.AutoTests" name="[273] /home/travis/build/icyphy/ptII/ptolemy/actor/lib/test/auto/PublisherPortSubscriberPortOpaqueD3Reverse.xml (RunModel)" time="0.028" />
  <testcase classname="ptolemy.util.test.junit.AutoTests" name="[274] /home/travis/build/icyphy/ptII/ptolemy/actor/lib/test/auto/PublisherPortSubscriberPortOpaqueWidthInference.xml (RunModel)" time="0.011" />
  <testcase classname="ptolemy.util.test.junit.AutoTests" name="[275] /home/travis/build/icyphy/ptII/ptolemy/actor/lib/test/auto/PublisherPortToplevelSubscriberPortAOC.xml (RunModel)" time="0.008" />
  <testcase classname="ptolemy.util.test.junit.AutoTests" name="[276] /home/travis/build/icyphy/ptII/ptolemy/actor/lib/test/auto/PublisherSubscriber.xml (RunModel)" time="0.009" />
  <testcase classname="ptolemy.util.test.junit.AutoTests" name="[277] /home/travis/build/icyphy/ptII/ptolemy/actor/lib/test/auto/PublisherSubscriber10.xml (RunModel)" time="0.018" />
  <testcase classname="ptolemy.util.test.junit.AutoTests" name="[278] /home/travis/build/icyphy/ptII/ptolemy/actor/lib/test/auto/PublisherSubscriber10InitialOutputs.xml (RunModel)" time="0.023" />
  <testcase classname="ptolemy.util.test.junit.AutoTests" name="[279] /home/travis/build/icyphy/ptII/ptolemy/actor/lib/test/auto/PublisherSubscriber11.xml (RunModel)" time="0.018" />
  <testcase classname="ptolemy.util.test.junit.AutoTests" name="[280] /home/travis/build/icyphy/ptII/ptolemy/actor/lib/test/auto/PublisherSubscriber12.xml (RunModel)" time="0.019" />
  <testcase classname="ptolemy.util.test.junit.AutoTests" name="[281] /home/travis/build/icyphy/ptII/ptolemy/actor/lib/test/auto/PublisherSubscriber13.xml (RunModel)" time="0.009" />
  <testcase classname="ptolemy.util.test.junit.AutoTests" name="[282] /home/travis/build/icyphy/ptII/ptolemy/actor/lib/test/auto/PublisherSubscriber14.xml (RunModel)" time="0.017" />
  <testcase classname="ptolemy.util.test.junit.AutoTests" name="[283] /home/travis/build/icyphy/ptII/ptolemy/actor/lib/test/auto/PublisherSubscriber2.xml (RunModel)" time="0.008" />
  <testcase classname="ptolemy.util.test.junit.AutoTests" name="[284] /home/travis/build/icyphy/ptII/ptolemy/actor/lib/test/auto/PublisherSubscriber3.xml (RunModel)" time="0.015" />
  <testcase classname="ptolemy.util.test.junit.AutoTests" name="[285] /home/travis/build/icyphy/ptII/ptolemy/actor/lib/test/auto/PublisherSubscriber4.xml (RunModel)" time="0.008" />
  <testcase classname="ptolemy.util.test.junit.AutoTests" name="[286] /home/travis/build/icyphy/ptII/ptolemy/actor/lib/test/auto/PublisherSubscriber5.xml (RunModel)" time="0.009" />
  <testcase classname="ptolemy.util.test.junit.AutoTests" name="[287] /home/travis/build/icyphy/ptII/ptolemy/actor/lib/test/auto/PublisherSubscriber6.xml (RunModel)" time="0.011" />
  <testcase classname="ptolemy.util.test.junit.AutoTests" name="[288] /home/travis/build/icyphy/ptII/ptolemy/actor/lib/test/auto/PublisherSubscriber7.xml (RunModel)" time="0.016" />
  <testcase classname="ptolemy.util.test.junit.AutoTests" name="[289] /home/travis/build/icyphy/ptII/ptolemy/actor/lib/test/auto/PublisherSubscriber8.xml (RunModel)" time="0.023" />
  <testcase classname="ptolemy.util.test.junit.AutoTests" name="[290] /home/travis/build/icyphy/ptII/ptolemy/actor/lib/test/auto/PublisherSubscriber9.xml (RunModel)" time="0.012" />
  <testcase classname="ptolemy.util.test.junit.AutoTests" name="[291] /home/travis/build/icyphy/ptII/ptolemy/actor/lib/test/auto/PublisherSubscriberAdjacent.xml (RunModel)" time="0.013" />
  <testcase classname="ptolemy.util.test.junit.AutoTests" name="[292] /home/travis/build/icyphy/ptII/ptolemy/actor/lib/test/auto/PublisherSubscriberChannelVariablesAOC2.xml (RunModel)" time="0.022" />
  <testcase classname="ptolemy.util.test.junit.AutoTests" name="[293] /home/travis/build/icyphy/ptII/ptolemy/actor/lib/test/auto/PublisherSubscriberD3.xml (RunModel)" time="0.01" />
  <testcase classname="ptolemy.util.test.junit.AutoTests" name="[294] /home/travis/build/icyphy/ptII/ptolemy/actor/lib/test/auto/PublisherSubscriberD3Reverse.xml (RunModel)" time="0.009" />
  <testcase classname="ptolemy.util.test.junit.AutoTests" name="[295] /home/travis/build/icyphy/ptII/ptolemy/actor/lib/test/auto/PublisherSubscriberExpression.xml (RunModel)" time="0.013" />
  <testcase classname="ptolemy.util.test.junit.AutoTests" name="[296] /home/travis/build/icyphy/ptII/ptolemy/actor/lib/test/auto/PublisherSubscriberOpaque.xml (RunModel)" time="0.013" />
  <testcase classname="ptolemy.util.test.junit.AutoTests" name="[297] /home/travis/build/icyphy/ptII/ptolemy/actor/lib/test/auto/PublisherSubscriberOpaqueD3.xml (RunModel)" time="0.018" />
  <testcase classname="ptolemy.util.test.junit.AutoTests" name="[298] /home/travis/build/icyphy/ptII/ptolemy/actor/lib/test/auto/PublisherSubscriberOpaqueD3Reverse.xml (RunModel)" time="0.018" />
  <testcase classname="ptolemy.util.test.junit.AutoTests" name="[299] /home/travis/build/icyphy/ptII/ptolemy/actor/lib/test/auto/PublisherSubscriberOpaqueWidthInference.xml (RunModel)" time="0.012" />
  <testcase classname="ptolemy.util.test.junit.AutoTests" name="[300] /home/travis/build/icyphy/ptII/ptolemy/actor/lib/test/auto/PublisherTestSubscriber.xml (RunModel)" time="0.012" />
  <testcase classname="ptolemy.util.test.junit.AutoTests" name="[301] /home/travis/build/icyphy/ptII/ptolemy/actor/lib/test/auto/PublisherToplevelSubscriberPortAOC.xml (RunModel)" time="0.008" />
  <testcase classname="ptolemy.util.test.junit.AutoTests" name="[302] /home/travis/build/icyphy/ptII/ptolemy/actor/lib/test/auto/PulseFiringLimitDE.xml (RunModel)" time="0.01" />
  <testcase classname="ptolemy.util.test.junit.AutoTests" name="[303] /home/travis/build/icyphy/ptII/ptolemy/actor/lib/test/auto/Ramp1.xml (RunModel)" time="0.005" />
  <testcase classname="ptolemy.util.test.junit.AutoTests" name="[304] /home/travis/build/icyphy/ptII/ptolemy/actor/lib/test/auto/RampFiringLimitDE.xml (RunModel)" time="0.007" />
  <testcase classname="ptolemy.util.test.junit.AutoTests" name="[305] /home/travis/build/icyphy/ptII/ptolemy/actor/lib/test/auto/RampFiringLimitSDF.xml (RunModel)" time="0.007" />
  <testcase classname="ptolemy.util.test.junit.AutoTests" name="[306] /home/travis/build/icyphy/ptII/ptolemy/actor/lib/test/auto/RandomInteger.xml (RunModel)" time="0.006" />
  <testcase classname="ptolemy.util.test.junit.AutoTests" name="[307] /home/travis/build/icyphy/ptII/ptolemy/actor/lib/test/auto/ReadFile1.xml (RunModel)" time="0.006" />
  <testcase classname="ptolemy.util.test.junit.AutoTests" name="[308] /home/travis/build/icyphy/ptII/ptolemy/actor/lib/test/auto/ReadFile2.xml (RunModel)" time="0.005" />
  <testcase classname="ptolemy.util.test.junit.AutoTests" name="[309] /home/travis/build/icyphy/ptII/ptolemy/actor/lib/test/auto/Reader.xml (RunModel)" time="0.024" />
  <testcase classname="ptolemy.util.test.junit.AutoTests" name="[310] /home/travis/build/icyphy/ptII/ptolemy/actor/lib/test/auto/RecordAssemblerDisplayNameTest.xml (RunModel)" time="3.121" />
  <testcase classname="ptolemy.util.test.junit.AutoTests" name="[311] /home/travis/build/icyphy/ptII/ptolemy/actor/lib/test/auto/RecordAssemblerTypeError.xml (RunModel)" time="0.054" />
  <testcase classname="ptolemy.util.test.junit.AutoTests" name="[312] /home/travis/build/icyphy/ptII/ptolemy/actor/lib/test/auto/RecordDisassember.xml (RunModel)" time="0.02" />
  <testcase classname="ptolemy.util.test.junit.AutoTests" name="[313] /home/travis/build/icyphy/ptII/ptolemy/actor/lib/test/auto/RecordDisassemberDisplayNameTest.xml (RunModel)" time="0.02" />
  <testcase classname="ptolemy.util.test.junit.AutoTests" name="[314] /home/travis/build/icyphy/ptII/ptolemy/actor/lib/test/auto/RecordDisassembler.xml (RunModel)" time="0.008" />
  <testcase classname="ptolemy.util.test.junit.AutoTests" name="[315] /home/travis/build/icyphy/ptII/ptolemy/actor/lib/test/auto/RecordDisassembler2.xml (RunModel)" time="0.009" />
  <testcase classname="ptolemy.util.test.junit.AutoTests" name="[316] /home/travis/build/icyphy/ptII/ptolemy/actor/lib/test/auto/RecordUpdater.xml (RunModel)" time="0.009" />
  <testcase classname="ptolemy.util.test.junit.AutoTests" name="[317] /home/travis/build/icyphy/ptII/ptolemy/actor/lib/test/auto/RecordUpdater2.xml (RunModel)" time="0.007" />
  <testcase classname="ptolemy.util.test.junit.AutoTests" name="[318] /home/travis/build/icyphy/ptII/ptolemy/actor/lib/test/auto/RecursiveLattice.xml (RunModel)" time="0.007" />
  <testcase classname="ptolemy.util.test.junit.AutoTests" name="[319] /home/travis/build/icyphy/ptII/ptolemy/actor/lib/test/auto/Router.xml (RunModel)" time="3.022" />
  <testcase classname="ptolemy.util.test.junit.AutoTests" name="[320] /home/travis/build/icyphy/ptII/ptolemy/actor/lib/test/auto/Router2.xml (RunModel)" time="3.048" />
  <testcase classname="ptolemy.util.test.junit.AutoTests" name="[321] /home/travis/build/icyphy/ptII/ptolemy/actor/lib/test/auto/RunningMaximum.xml (RunModel)" time="0.013" />
  <testcase classname="ptolemy.util.test.junit.AutoTests" name="[322] /home/travis/build/icyphy/ptII/ptolemy/actor/lib/test/auto/RunningMinimum.xml (RunModel)" time="0.015" />
  <testcase classname="ptolemy.util.test.junit.AutoTests" name="[323] /home/travis/build/icyphy/ptII/ptolemy/actor/lib/test/auto/Scale.xml (RunModel)" time="0.007" />
  <testcase classname="ptolemy.util.test.junit.AutoTests" name="[324] /home/travis/build/icyphy/ptII/ptolemy/actor/lib/test/auto/Scale2.xml (RunModel)" time="0.007" />
  <testcase classname="ptolemy.util.test.junit.AutoTests" name="[325] /home/travis/build/icyphy/ptII/ptolemy/actor/lib/test/auto/Scale3.xml (RunModel)" time="0.012" />
  <testcase classname="ptolemy.util.test.junit.AutoTests" name="[326] /home/travis/build/icyphy/ptII/ptolemy/actor/lib/test/auto/ScaleArray.xml (RunModel)" time="0.005" />
  <testcase classname="ptolemy.util.test.junit.AutoTests" name="[327] /home/travis/build/icyphy/ptII/ptolemy/actor/lib/test/auto/ScaleArray2.xml (RunModel)" time="0.007" />
  <testcase classname="ptolemy.util.test.junit.AutoTests" name="[328] /home/travis/build/icyphy/ptII/ptolemy/actor/lib/test/auto/ScaleMatrix.xml (RunModel)" time="0.14" />
  <testcase classname="ptolemy.util.test.junit.AutoTests" name="[329] /home/travis/build/icyphy/ptII/ptolemy/actor/lib/test/auto/Select.xml (RunModel)" time="0.013" />
  <testcase classname="ptolemy.util.test.junit.AutoTests" name="[330] /home/travis/build/icyphy/ptII/ptolemy/actor/lib/test/auto/Select2.xml (RunModel)" time="0.007" />
  <testcase classname="ptolemy.util.test.junit.AutoTests" name="[331] /home/travis/build/icyphy/ptII/ptolemy/actor/lib/test/auto/SequenceToArray2.xml (RunModel)" time="0.111" />
  <testcase classname="ptolemy.util.test.junit.AutoTests" name="[332] /home/travis/build/icyphy/ptII/ptolemy/actor/lib/test/auto/SequentialClock.xml (RunModel)" time="0.007" />
  <testcase classname="ptolemy.util.test.junit.AutoTests" name="[333] /home/travis/build/icyphy/ptII/ptolemy/actor/lib/test/auto/SetVariable.xml (RunModel)" time="0.012" />
  <testcase classname="ptolemy.util.test.junit.AutoTests" name="[334] /home/travis/build/icyphy/ptII/ptolemy/actor/lib/test/auto/SetVariable2.xml (RunModel)" time="0.009" />
  <testcase classname="ptolemy.util.test.junit.AutoTests" name="[335] /home/travis/build/icyphy/ptII/ptolemy/actor/lib/test/auto/SetVariable3.xml (RunModel)" time="0.012" />
  <testcase classname="ptolemy.util.test.junit.AutoTests" name="[336] /home/travis/build/icyphy/ptII/ptolemy/actor/lib/test/auto/SetVariable4.xml (RunModel)" time="0.024" />
  <testcase classname="ptolemy.util.test.junit.AutoTests" name="[337] /home/travis/build/icyphy/ptII/ptolemy/actor/lib/test/auto/SetVariable5.xml (RunModel)" time="0.032" />
  <testcase classname="ptolemy.util.test.junit.AutoTests" name="[338] /home/travis/build/icyphy/ptII/ptolemy/actor/lib/test/auto/Sinewave.xml (RunModel)" time="0.021" />
  <testcase classname="ptolemy.util.test.junit.AutoTests" name="[339] /home/travis/build/icyphy/ptII/ptolemy/actor/lib/test/auto/Sinewave2.xml (RunModel)" time="0.016" />
  <testcase classname="ptolemy.util.test.junit.AutoTests" name="[340] /home/travis/build/icyphy/ptII/ptolemy/actor/lib/test/auto/Sinewave3.xml (RunModel)" time="0.017" />
  <testcase classname="ptolemy.util.test.junit.AutoTests" name="[341] /home/travis/build/icyphy/ptII/ptolemy/actor/lib/test/auto/SingleEvent.xml (RunModel)" time="0.018" />
  <testcase classname="ptolemy.util.test.junit.AutoTests" name="[342] /home/travis/build/icyphy/ptII/ptolemy/actor/lib/test/auto/Sleep.xml (RunModel)" time="6.013" />
  <testcase classname="ptolemy.util.test.junit.AutoTests" name="[343] /home/travis/build/icyphy/ptII/ptolemy/actor/lib/test/auto/SleepMultipleFire.xml (RunModel)" time="1.017" />
  <testcase classname="ptolemy.util.test.junit.AutoTests" name="[344] /home/travis/build/icyphy/ptII/ptolemy/actor/lib/test/auto/StopDE.xml (RunModel)" time="0.012" />
  <testcase classname="ptolemy.util.test.junit.AutoTests" name="[345] /home/travis/build/icyphy/ptII/ptolemy/actor/lib/test/auto/StopSDF.xml (RunModel)" time="0.009" />
  <testcase classname="ptolemy.util.test.junit.AutoTests" name="[346] /home/travis/build/icyphy/ptII/ptolemy/actor/lib/test/auto/StringConstant.xml (RunModel)" time="0.014" />
  <testcase classname="ptolemy.util.test.junit.AutoTests" name="[347] /home/travis/build/icyphy/ptII/ptolemy/actor/lib/test/auto/SubscriberPortInitialValues1.xml (RunModel)" time="0.017" />
  <testcase classname="ptolemy.util.test.junit.AutoTests" name="[348] /home/travis/build/icyphy/ptII/ptolemy/actor/lib/test/auto/SubscriberPortInitialValues13.xml (RunModel)" time="0.028" />
  <testcase classname="ptolemy.util.test.junit.AutoTests" name="[349] /home/travis/build/icyphy/ptII/ptolemy/actor/lib/test/auto/SubscriberPortInitialValues14.xml (RunModel)" time="0.012" />
  <testcase classname="ptolemy.util.test.junit.AutoTests" name="[350] /home/travis/build/icyphy/ptII/ptolemy/actor/lib/test/auto/SubscriberPortInitialValues2.xml (RunModel)" time="0.012" />
  <testcase classname="ptolemy.util.test.junit.AutoTests" name="[351] /home/travis/build/icyphy/ptII/ptolemy/actor/lib/test/auto/SubscriberPortInitialValues3.xml (RunModel)" time="0.016" />
  <testcase classname="ptolemy.util.test.junit.AutoTests" name="[352] /home/travis/build/icyphy/ptII/ptolemy/actor/lib/test/auto/SubscriptionAggregator.xml (RunModel)" time="0.009" />
  <testcase classname="ptolemy.util.test.junit.AutoTests" name="[353] /home/travis/build/icyphy/ptII/ptolemy/actor/lib/test/auto/SubscriptionAggregator2.xml (RunModel)" time="0.009" />
  <testcase classname="ptolemy.util.test.junit.AutoTests" name="[354] /home/travis/build/icyphy/ptII/ptolemy/actor/lib/test/auto/SubscriptionAggregator3.xml (RunModel)" time="0.013" />
  <testcase classname="ptolemy.util.test.junit.AutoTests" name="[355] /home/travis/build/icyphy/ptII/ptolemy/actor/lib/test/auto/SubscriptionAggregatorMultiply.xml (RunModel)" time="0.013" />
  <testcase classname="ptolemy.util.test.junit.AutoTests" name="[356] /home/travis/build/icyphy/ptII/ptolemy/actor/lib/test/auto/SubscriptionAggregatorPortMultiply1.xml (RunModel)" time="0.01" />
  <testcase classname="ptolemy.util.test.junit.AutoTests" name="[357] /home/travis/build/icyphy/ptII/ptolemy/actor/lib/test/auto/Switch.xml (RunModel)" time="0.014" />
  <testcase classname="ptolemy.util.test.junit.AutoTests" name="[358] /home/travis/build/icyphy/ptII/ptolemy/actor/lib/test/auto/Switch2.xml (RunModel)" time="0.01" />
  <testcase classname="ptolemy.util.test.junit.AutoTests" name="[359] /home/travis/build/icyphy/ptII/ptolemy/actor/lib/test/auto/SwitchDE.xml (RunModel)" time="0.011" />
  <testcase classname="ptolemy.util.test.junit.AutoTests" name="[360] /home/travis/build/icyphy/ptII/ptolemy/actor/lib/test/auto/SynchronizerDE.xml (RunModel)" time="0.021" />
  <testcase classname="ptolemy.util.test.junit.AutoTests" name="[361] /home/travis/build/icyphy/ptII/ptolemy/actor/lib/test/auto/Test.xml (RunModel)" time="0.014" />
  <testcase classname="ptolemy.util.test.junit.AutoTests" name="[362] /home/travis/build/icyphy/ptII/ptolemy/actor/lib/test/auto/TestExceptionAttribute1.xml (RunModel)" time="0.006" />
  <testcase classname="ptolemy.util.test.junit.AutoTests" name="[363] /home/travis/build/icyphy/ptII/ptolemy/actor/lib/test/auto/TestExceptionAttribute2.xml (RunModel)" time="0.006" />
  <testcase classname="ptolemy.util.test.junit.AutoTests" name="[364] /home/travis/build/icyphy/ptII/ptolemy/actor/lib/test/auto/TestExceptionAttribute3.xml (RunModel)" time="0.009" />
  <testcase classname="ptolemy.util.test.junit.AutoTests" name="[365] /home/travis/build/icyphy/ptII/ptolemy/actor/lib/test/auto/TestExceptionAttribute4.xml (RunModel)" time="0.006" />
  <testcase classname="ptolemy.util.test.junit.AutoTests" name="[366] /home/travis/build/icyphy/ptII/ptolemy/actor/lib/test/auto/TestExceptionHandler1.xml (RunModel)" time="0.005" />
  <testcase classname="ptolemy.util.test.junit.AutoTests" name="[367] /home/travis/build/icyphy/ptII/ptolemy/actor/lib/test/auto/TestExceptionHandler2.xml (RunModel)" time="0.008" />
  <testcase classname="ptolemy.util.test.junit.AutoTests" name="[368] /home/travis/build/icyphy/ptII/ptolemy/actor/lib/test/auto/TestExceptionHandler3.xml (RunModel)" time="0.004" />
  <testcase classname="ptolemy.util.test.junit.AutoTests" name="[369] /home/travis/build/icyphy/ptII/ptolemy/actor/lib/test/auto/TestExceptionHandler4.xml (RunModel)" time="0.004" />
  <testcase classname="ptolemy.util.test.junit.AutoTests" name="[370] /home/travis/build/icyphy/ptII/ptolemy/actor/lib/test/auto/TestRequireCorrectOrder.xml (RunModel)" time="0.01" />
  <testcase classname="ptolemy.util.test.junit.AutoTests" name="[371] /home/travis/build/icyphy/ptII/ptolemy/actor/lib/test/auto/TestSimple.xml (RunModel)" time="0.005" />
  <testcase classname="ptolemy.util.test.junit.AutoTests" name="[372] /home/travis/build/icyphy/ptII/ptolemy/actor/lib/test/auto/ThrowModelError.xml (RunModel)" time="0.008" />
  <testcase classname="ptolemy.util.test.junit.AutoTests" name="[373] /home/travis/build/icyphy/ptII/ptolemy/actor/lib/test/auto/TimeDelayMicrosteps.xml (RunModel)" time="0.011" />
  <testcase classname="ptolemy.util.test.junit.AutoTests" name="[374] /home/travis/build/icyphy/ptII/ptolemy/actor/lib/test/auto/TimeDelayMicrosteps2.xml (RunModel)" time="0.018" />
  <testcase classname="ptolemy.util.test.junit.AutoTests" name="[375] /home/travis/build/icyphy/ptII/ptolemy/actor/lib/test/auto/TimeDelayMicrosteps3.xml (RunModel)" time="0.009" />
  <testcase classname="ptolemy.util.test.junit.AutoTests" name="[376] /home/travis/build/icyphy/ptII/ptolemy/actor/lib/test/auto/TimeDelayVariableMicrosteps.xml (RunModel)" time="0.01" />
  <testcase classname="ptolemy.util.test.junit.AutoTests" name="[377] /home/travis/build/icyphy/ptII/ptolemy/actor/lib/test/auto/TimeGap.xml (RunModel)" time="0.013" />
  <testcase classname="ptolemy.util.test.junit.AutoTests" name="[378] /home/travis/build/icyphy/ptII/ptolemy/actor/lib/test/auto/TimeGap2.xml (RunModel)" time="0.009" />
  <testcase classname="ptolemy.util.test.junit.AutoTests" name="[379] /home/travis/build/icyphy/ptII/ptolemy/actor/lib/test/auto/TimedSinewave.xml (RunModel)" time="0.039" />
  <testcase classname="ptolemy.util.test.junit.AutoTests" name="[380] /home/travis/build/icyphy/ptII/ptolemy/actor/lib/test/auto/TimedSinewavePhase.xml (RunModel)" time="0.024" />
  <testcase classname="ptolemy.util.test.junit.AutoTests" name="[381] /home/travis/build/icyphy/ptII/ptolemy/actor/lib/test/auto/Timer.xml (RunModel)" time="0.01" />
  <testcase classname="ptolemy.util.test.junit.AutoTests" name="[382] /home/travis/build/icyphy/ptII/ptolemy/actor/lib/test/auto/TriangularDistTestModel.xml (RunModel)" time="0.013" />
  <testcase classname="ptolemy.util.test.junit.AutoTests" name="[383] /home/travis/build/icyphy/ptII/ptolemy/actor/lib/test/auto/TrigFunction.xml (RunModel)" time="0.007" />
  <testcase classname="ptolemy.util.test.junit.AutoTests" name="[384] /home/travis/build/icyphy/ptII/ptolemy/actor/lib/test/auto/TrigFunctionDE.xml (RunModel)" time="0.008" />
  <testcase classname="ptolemy.util.test.junit.AutoTests" name="[385] /home/travis/build/icyphy/ptII/ptolemy/actor/lib/test/auto/TrigFunctionInverse.xml (RunModel)" time="0.007" />
  <testcase classname="ptolemy.util.test.junit.AutoTests" name="[386] /home/travis/build/icyphy/ptII/ptolemy/actor/lib/test/auto/TrigFunctionTan.xml (RunModel)" time="0.005" />
  <testcase classname="ptolemy.util.test.junit.AutoTests" name="[387] /home/travis/build/icyphy/ptII/ptolemy/actor/lib/test/auto/TriggeredClock.xml (RunModel)" time="0.007" />
  <testcase classname="ptolemy.util.test.junit.AutoTests" name="[388] /home/travis/build/icyphy/ptII/ptolemy/actor/lib/test/auto/URLDirectoryReader.xml (RunModel)" time="0.089" />
  <testcase classname="ptolemy.util.test.junit.AutoTests" name="[389] /home/travis/build/icyphy/ptII/ptolemy/actor/lib/test/auto/URLDirectoryReader3.xml (RunModel)" time="1.781" />
  <testcase classname="ptolemy.util.test.junit.AutoTests" name="[390] /home/travis/build/icyphy/ptII/ptolemy/actor/lib/test/auto/UnaryMathFunction.xml (RunModel)" time="0.034" />
  <testcase classname="ptolemy.util.test.junit.AutoTests" name="[391] /home/travis/build/icyphy/ptII/ptolemy/actor/lib/test/auto/Uniform.xml (RunModel)" time="0.01" />
  <testcase classname="ptolemy.util.test.junit.AutoTests" name="[392] /home/travis/build/icyphy/ptII/ptolemy/actor/lib/test/auto/UnionDisassemblerTest.xml (RunModel)" time="0.009" />
  <testcase classname="ptolemy.util.test.junit.AutoTests" name="[393] /home/travis/build/icyphy/ptII/ptolemy/actor/lib/test/auto/UtilityFunctions.xml (RunModel)" time="0.005" />
  <testcase classname="ptolemy.util.test.junit.AutoTests" name="[394] /home/travis/build/icyphy/ptII/ptolemy/actor/lib/test/auto/VariableSleep.xml (RunModel)" time="0.509" />
  <testcase classname="ptolemy.util.test.junit.AutoTests" name="[395] /home/travis/build/icyphy/ptII/ptolemy/actor/lib/test/auto/VectorAssemblerDisassemblerCT.xml (RunModel)" time="0.102" />
  <testcase classname="ptolemy.util.test.junit.AutoTests" name="[396] /home/travis/build/icyphy/ptII/ptolemy/actor/lib/test/auto/VectorAssemblerDisassemblerDE.xml (RunModel)" time="0.012" />
  <testcase classname="ptolemy.util.test.junit.AutoTests" name="[397] /home/travis/build/icyphy/ptII/ptolemy/actor/lib/test/auto/VectorAssemblerDisassemblerSDF.xml (RunModel)" time="0.01" />
  <testcase classname="ptolemy.util.test.junit.AutoTests" name="[398] /home/travis/build/icyphy/ptII/ptolemy/actor/lib/test/auto/WallClockTime.xml (RunModel)" time="1.011" />
  <testcase classname="ptolemy.util.test.junit.AutoTests" name="[399] /home/travis/build/icyphy/ptII/ptolemy/actor/lib/test/auto/WidthTestWithSubscriberPublisher.xml (RunModel)" time="0.033" />
  <testcase classname="ptolemy.util.test.junit.AutoTests" name="[400] /home/travis/build/icyphy/ptII/ptolemy/actor/lib/test/auto/WidthTestWithSubscriberPublisher2.xml (RunModel)" time="0.012" />
  <testcase classname="ptolemy.util.test.junit.AutoTests" name="[401] /home/travis/build/icyphy/ptII/ptolemy/actor/lib/test/auto/WidthTestWithSubscriberPublisher3.xml (RunModel)" time="0.008" />
  <testcase classname="ptolemy.util.test.junit.AutoTests" name="[402] /home/travis/build/icyphy/ptII/ptolemy/actor/lib/test/auto/Writer.xml (RunModel)" time="0.005" />
  <testcase classname="ptolemy.util.test.junit.AutoTests" name="[403] /home/travis/build/icyphy/ptII/ptolemy/actor/lib/test/auto/array.xml (RunModel)" time="0.021" />
  <testcase classname="ptolemy.util.test.junit.AutoTests" name="[404] /home/travis/build/icyphy/ptII/ptolemy/actor/lib/test/auto/array2.xml (RunModel)" time="0.011" />
  <testcase classname="ptolemy.util.test.junit.AutoTests" name="[405] /home/travis/build/icyphy/ptII/ptolemy/actor/lib/test/auto/arrayType.xml (RunModel)" time="0.022" />
  <testcase classname="ptolemy.util.test.junit.AutoTests" name="[406] /home/travis/build/icyphy/ptII/ptolemy/actor/lib/test/auto/arrayType10.xml (RunModel)" time="0.007" />
  <testcase classname="ptolemy.util.test.junit.AutoTests" name="[407] /home/travis/build/icyphy/ptII/ptolemy/actor/lib/test/auto/arrayType11.xml (RunModel)" time="0.019" />
  <testcase classname="ptolemy.util.test.junit.AutoTests" name="[408] /home/travis/build/icyphy/ptII/ptolemy/actor/lib/test/auto/arrayType12.xml (RunModel)" time="0.007" />
  <testcase classname="ptolemy.util.test.junit.AutoTests" name="[409] /home/travis/build/icyphy/ptII/ptolemy/actor/lib/test/auto/arrayType13.xml (RunModel)" time="0.006" />
  <testcase classname="ptolemy.util.test.junit.AutoTests" name="[410] /home/travis/build/icyphy/ptII/ptolemy/actor/lib/test/auto/arrayType14.xml (RunModel)" time="0.007" />
  <testcase classname="ptolemy.util.test.junit.AutoTests" name="[411] /home/travis/build/icyphy/ptII/ptolemy/actor/lib/test/auto/arrayType15.xml (RunModel)" time="0.007" />
  <testcase classname="ptolemy.util.test.junit.AutoTests" name="[412] /home/travis/build/icyphy/ptII/ptolemy/actor/lib/test/auto/arrayType16.xml (RunModel)" time="0.006" />
  <testcase classname="ptolemy.util.test.junit.AutoTests" name="[413] /home/travis/build/icyphy/ptII/ptolemy/actor/lib/test/auto/arrayType17.xml (RunModel)" time="0.006" />
  <testcase classname="ptolemy.util.test.junit.AutoTests" name="[414] /home/travis/build/icyphy/ptII/ptolemy/actor/lib/test/auto/arrayType18.xml (RunModel)" time="0.006" />
  <testcase classname="ptolemy.util.test.junit.AutoTests" name="[415] /home/travis/build/icyphy/ptII/ptolemy/actor/lib/test/auto/arrayType19.xml (RunModel)" time="0.006" />
  <testcase classname="ptolemy.util.test.junit.AutoTests" name="[416] /home/travis/build/icyphy/ptII/ptolemy/actor/lib/test/auto/arrayType2.xml (RunModel)" time="0.006" />
  <testcase classname="ptolemy.util.test.junit.AutoTests" name="[417] /home/travis/build/icyphy/ptII/ptolemy/actor/lib/test/auto/arrayType20.xml (RunModel)" time="0.006" />
  <testcase classname="ptolemy.util.test.junit.AutoTests" name="[418] /home/travis/build/icyphy/ptII/ptolemy/actor/lib/test/auto/arrayType21.xml (RunModel)" time="0.006" />
  <testcase classname="ptolemy.util.test.junit.AutoTests" name="[419] /home/travis/build/icyphy/ptII/ptolemy/actor/lib/test/auto/arrayType22.xml (RunModel)" time="0.005" />
  <testcase classname="ptolemy.util.test.junit.AutoTests" name="[420] /home/travis/build/icyphy/ptII/ptolemy/actor/lib/test/auto/arrayType23.xml (RunModel)" time="0.007" />
  <testcase classname="ptolemy.util.test.junit.AutoTests" name="[421] /home/travis/build/icyphy/ptII/ptolemy/actor/lib/test/auto/arrayType24.xml (RunModel)" time="0.01" />
  <testcase classname="ptolemy.util.test.junit.AutoTests" name="[422] /home/travis/build/icyphy/ptII/ptolemy/actor/lib/test/auto/arrayType25.xml (RunModel)" time="0.007" />
  <testcase classname="ptolemy.util.test.junit.AutoTests" name="[423] /home/travis/build/icyphy/ptII/ptolemy/actor/lib/test/auto/arrayType26.xml (RunModel)" time="0.036" />
  <testcase classname="ptolemy.util.test.junit.AutoTests" name="[424] /home/travis/build/icyphy/ptII/ptolemy/actor/lib/test/auto/arrayType27.xml (RunModel)" time="0.032" />
  <testcase classname="ptolemy.util.test.junit.AutoTests" name="[425] /home/travis/build/icyphy/ptII/ptolemy/actor/lib/test/auto/arrayType28.xml (RunModel)" time="0.028" />
  <testcase classname="ptolemy.util.test.junit.AutoTests" name="[426] /home/travis/build/icyphy/ptII/ptolemy/actor/lib/test/auto/arrayType3.xml (RunModel)" time="0.028" />
  <testcase classname="ptolemy.util.test.junit.AutoTests" name="[427] /home/travis/build/icyphy/ptII/ptolemy/actor/lib/test/auto/arrayType4.xml (RunModel)" time="0.044" />
  <testcase classname="ptolemy.util.test.junit.AutoTests" name="[428] /home/travis/build/icyphy/ptII/ptolemy/actor/lib/test/auto/arrayType5.xml (RunModel)" time="0.028" />
  <testcase classname="ptolemy.util.test.junit.AutoTests" name="[429] /home/travis/build/icyphy/ptII/ptolemy/actor/lib/test/auto/arrayType6.xml (RunModel)" time="0.032" />
  <testcase classname="ptolemy.util.test.junit.AutoTests" name="[430] /home/travis/build/icyphy/ptII/ptolemy/actor/lib/test/auto/arrayType7.xml (RunModel)" time="0.017" />
  <testcase classname="ptolemy.util.test.junit.AutoTests" name="[431] /home/travis/build/icyphy/ptII/ptolemy/actor/lib/test/auto/arrayType8.xml (RunModel)" time="0.008" />
  <testcase classname="ptolemy.util.test.junit.AutoTests" name="[432] /home/travis/build/icyphy/ptII/ptolemy/actor/lib/test/auto/arrayType9.xml (RunModel)" time="0.007" />
  <testcase classname="ptolemy.util.test.junit.AutoTests" name="[433] /home/travis/build/icyphy/ptII/ptolemy/actor/lib/test/auto/cast.xml (RunModel)" time="0.014" />
  <testcase classname="ptolemy.util.test.junit.AutoTests" name="[434] /home/travis/build/icyphy/ptII/ptolemy/actor/lib/test/auto/compositeMultiPort.xml (RunModel)" time="0.016" />
  <testcase classname="ptolemy.util.test.junit.AutoTests" name="[435] /home/travis/build/icyphy/ptII/ptolemy/actor/lib/test/auto/expressionCastInference.xml (RunModel)" time="0.006" />
  <testcase classname="ptolemy.util.test.junit.AutoTests" name="[436] /home/travis/build/icyphy/ptII/ptolemy/actor/lib/test/auto/expressionCastInference2.xml (RunModel)" time="0.005" />
  <testcase classname="ptolemy.util.test.junit.AutoTests" name="[437] /home/travis/build/icyphy/ptII/ptolemy/actor/lib/test/auto/expressionInference.xml (RunModel)" time="0.005" />
  <testcase classname="ptolemy.util.test.junit.AutoTests" name="[438] /home/travis/build/icyphy/ptII/ptolemy/actor/lib/test/auto/expression_bug.xml (RunModel)" time="0.004" />
  <testcase classname="ptolemy.util.test.junit.AutoTests" name="[439] /home/travis/build/icyphy/ptII/ptolemy/actor/lib/test/auto/factorial.xml (RunModel)" time="0.051" />
  <testcase classname="ptolemy.util.test.junit.AutoTests" name="[440] /home/travis/build/icyphy/ptII/ptolemy/actor/lib/test/auto/filterTest1.xml (RunModel)" time="0.01" />
  <testcase classname="ptolemy.util.test.junit.AutoTests" name="[441] /home/travis/build/icyphy/ptII/ptolemy/actor/lib/test/auto/funcApplyInConst.xml (RunModel)" time="0.005" />
  <testcase classname="ptolemy.util.test.junit.AutoTests" name="[442] /home/travis/build/icyphy/ptII/ptolemy/actor/lib/test/auto/funcApplyInExpr.xml (RunModel)" time="0.004" />
  <testcase classname="ptolemy.util.test.junit.AutoTests" name="[443] /home/travis/build/icyphy/ptII/ptolemy/actor/lib/test/auto/function.xml (RunModel)" time="0.008" />
  <testcase classname="ptolemy.util.test.junit.AutoTests" name="[444] /home/travis/build/icyphy/ptII/ptolemy/actor/lib/test/auto/function2.xml (RunModel)" time="0.008" />
  <testcase classname="ptolemy.util.test.junit.AutoTests" name="[445] /home/travis/build/icyphy/ptII/ptolemy/actor/lib/test/auto/function3.xml (RunModel)" time="0.006" />
  <testcase classname="ptolemy.util.test.junit.AutoTests" name="[446] /home/travis/build/icyphy/ptII/ptolemy/actor/lib/test/auto/functionClosureTest1.xml (RunModel)" time="0.008" />
  <testcase classname="ptolemy.util.test.junit.AutoTests" name="[447] /home/travis/build/icyphy/ptII/ptolemy/actor/lib/test/auto/functionClosureTest2.xml (RunModel)" time="0.005" />
  <testcase classname="ptolemy.util.test.junit.AutoTests" name="[448] /home/travis/build/icyphy/ptII/ptolemy/actor/lib/test/auto/functionClosureTest3.xml (RunModel)" time="0.007" />
  <testcase classname="ptolemy.util.test.junit.AutoTests" name="[449] /home/travis/build/icyphy/ptII/ptolemy/actor/lib/test/auto/functionClosureTest4.xml (RunModel)" time="0.012" />
  <testcase classname="ptolemy.util.test.junit.AutoTests" name="[450] /home/travis/build/icyphy/ptII/ptolemy/actor/lib/test/auto/functionClosureTest5.xml (RunModel)" time="0.01" />
  <testcase classname="ptolemy.util.test.junit.AutoTests" name="[451] /home/travis/build/icyphy/ptII/ptolemy/actor/lib/test/auto/functionClosureTest6.xml (RunModel)" time="0.006" />
  <testcase classname="ptolemy.util.test.junit.AutoTests" name="[452] /home/travis/build/icyphy/ptII/ptolemy/actor/lib/test/auto/functionsOnArcs.xml (RunModel)" time="0.007" />
  <testcase classname="ptolemy.util.test.junit.AutoTests" name="[453] /home/travis/build/icyphy/ptII/ptolemy/actor/lib/test/auto/functionsOnArcsHOF.xml (RunModel)" time="0.01" />
  <testcase classname="ptolemy.util.test.junit.AutoTests" name="[454] /home/travis/build/icyphy/ptII/ptolemy/actor/lib/test/auto/logic.xml (RunModel)" time="0.014" />
  <testcase classname="ptolemy.util.test.junit.AutoTests" name="[455] /home/travis/build/icyphy/ptII/ptolemy/actor/lib/test/auto/matrixType.xml (RunModel)" time="0.006" />
  <testcase classname="ptolemy.util.test.junit.AutoTests" name="[456] /home/travis/build/icyphy/ptII/ptolemy/actor/lib/test/auto/matrixType10.xml (RunModel)" time="0.006" />
  <testcase classname="ptolemy.util.test.junit.AutoTests" name="[457] /home/travis/build/icyphy/ptII/ptolemy/actor/lib/test/auto/matrixType11.xml (RunModel)" time="0.005" />
  <testcase classname="ptolemy.util.test.junit.AutoTests" name="[458] /home/travis/build/icyphy/ptII/ptolemy/actor/lib/test/auto/matrixType12.xml (RunModel)" time="0.009" />
  <testcase classname="ptolemy.util.test.junit.AutoTests" name="[459] /home/travis/build/icyphy/ptII/ptolemy/actor/lib/test/auto/matrixType13.xml (RunModel)" time="0.006" />
  <testcase classname="ptolemy.util.test.junit.AutoTests" name="[460] /home/travis/build/icyphy/ptII/ptolemy/actor/lib/test/auto/matrixType14.xml (RunModel)" time="0.007" />
  <testcase classname="ptolemy.util.test.junit.AutoTests" name="[461] /home/travis/build/icyphy/ptII/ptolemy/actor/lib/test/auto/matrixType2.xml (RunModel)" time="0.006" />
  <testcase classname="ptolemy.util.test.junit.AutoTests" name="[462] /home/travis/build/icyphy/ptII/ptolemy/actor/lib/test/auto/matrixType3.xml (RunModel)" time="0.008" />
  <testcase classname="ptolemy.util.test.junit.AutoTests" name="[463] /home/travis/build/icyphy/ptII/ptolemy/actor/lib/test/auto/matrixType4.xml (RunModel)" time="0.006" />
  <testcase classname="ptolemy.util.test.junit.AutoTests" name="[464] /home/travis/build/icyphy/ptII/ptolemy/actor/lib/test/auto/matrixType5.xml (RunModel)" time="0.006" />
  <testcase classname="ptolemy.util.test.junit.AutoTests" name="[465] /home/travis/build/icyphy/ptII/ptolemy/actor/lib/test/auto/matrixType6.xml (RunModel)" time="0.006" />
  <testcase classname="ptolemy.util.test.junit.AutoTests" name="[466] /home/travis/build/icyphy/ptII/ptolemy/actor/lib/test/auto/matrixType7.xml (RunModel)" time="0.006" />
  <testcase classname="ptolemy.util.test.junit.AutoTests" name="[467] /home/travis/build/icyphy/ptII/ptolemy/actor/lib/test/auto/matrixType8.xml (RunModel)" time="0.007" />
  <testcase classname="ptolemy.util.test.junit.AutoTests" name="[468] /home/travis/build/icyphy/ptII/ptolemy/actor/lib/test/auto/matrixType9.xml (RunModel)" time="0.006" />
  <testcase classname="ptolemy.util.test.junit.AutoTests" name="[469] /home/travis/build/icyphy/ptII/ptolemy/actor/lib/test/auto/paraFunctest.xml (RunModel)" time="0.005" />
  <testcase classname="ptolemy.util.test.junit.AutoTests" name="[470] /home/travis/build/icyphy/ptII/ptolemy/actor/lib/test/auto/paraFunctest2.xml (RunModel)" time="0.009" />
  <testcase classname="ptolemy.util.test.junit.AutoTests" name="[471] /home/travis/build/icyphy/ptII/ptolemy/actor/lib/test/auto/parameterPassing.xml (RunModel)" time="0.005" />
  <testcase classname="ptolemy.util.test.junit.AutoTests" name="[472] /home/travis/build/icyphy/ptII/ptolemy/actor/lib/test/auto/record.xml (RunModel)" time="0.008" />
  <testcase classname="ptolemy.util.test.junit.AutoTests" name="[473] /home/travis/build/icyphy/ptII/ptolemy/actor/lib/test/auto/sizedarray1.xml (RunModel)" time="0.007" />
  <testcase classname="ptolemy.util.test.junit.AutoTests" name="[474] /home/travis/build/icyphy/ptII/ptolemy/actor/lib/test/auto/sizedarray2.xml (RunModel)" time="0.008" />
  <testcase classname="ptolemy.util.test.junit.AutoTests" name="[475] /home/travis/build/icyphy/ptII/ptolemy/actor/lib/test/auto/twoPublishers.xml (RunModel)" time="0.022" />
  <system-out><![CDATA[/home/travis/build/icyphy/ptII/ptolemy/actor/lib/test/AbsoluteValue.tcl
testDefs.tcl: setting time out to 9000 seconds at Sun Jul 19 15:09:29 UTC 2020
82 ms. Memory: 129024K Free: 93124K (72%)
4 ms. Memory: 129024K Free: 91076K (71%)
4 ms. Memory: 129024K Free: 90547K (70%)
4 ms. Memory: 129024K Free: 89538K (69%)
/home/travis/build/icyphy/ptII/ptolemy/actor/lib/test/AddSubtract.tcl
21 ms. Memory: 129024K Free: 87475K (68%)
6 ms. Memory: 129024K Free: 86980K (67%)
6 ms. Memory: 129024K Free: 85956K (67%)
15 ms. Memory: 129024K Free: 85427K (66%)
75 ms. Memory: 129024K Free: 82370K (64%)
11 ms. Memory: 129024K Free: 81860K (63%)
/home/travis/build/icyphy/ptII/ptolemy/actor/lib/test/Average.tcl
15 ms. Memory: 129024K Free: 79812K (62%)
12 ms. Memory: 129024K Free: 78788K (61%)
/home/travis/build/icyphy/ptII/ptolemy/actor/lib/test/Bernoulli.tcl
4 ms. Memory: 129024K Free: 77235K (60%)
2 ms. Memory: 129024K Free: 76740K (59%)
/home/travis/build/icyphy/ptII/ptolemy/actor/lib/test/Clock.tcl
preinitializing
resolving types
initializing
executing number 1
wrapping up
idle
18 ms. Memory: 129024K Free: 74178K (57%)
Completed execution with 5 iterations
preinitializing
resolving types
initializing
executing number 1
wrapping up
idle
3 ms. Memory: 129024K Free: 73154K (57%)
Completed execution with 5 iterations
preinitializing
resolving types
initializing
executing number 1
wrapping up
idle
3 ms. Memory: 129024K Free: 72644K (56%)
Completed execution with 5 iterations
/home/travis/build/icyphy/ptII/ptolemy/actor/lib/test/Commutator.tcl
6 ms. Memory: 129024K Free: 70596K (55%)
5 ms. Memory: 129024K Free: 69572K (54%)
9 ms. Memory: 129024K Free: 63923K (50%)
/home/travis/build/icyphy/ptII/ptolemy/actor/lib/test/Const.tcl
11 ms. Memory: 129024K Free: 62404K (48%)
2 ms. Memory: 129024K Free: 61875K (48%)
9 ms. Memory: 129024K Free: 61380K (48%)
3 ms. Memory: 129024K Free: 60835K (47%)
6 ms. Memory: 129024K Free: 60356K (47%)
21 ms. Memory: 129024K Free: 58818K (46%)
4 ms. Memory: 129024K Free: 57787K (45%)
3 ms. Memory: 129024K Free: 56755K (44%)
/home/travis/build/icyphy/ptII/ptolemy/actor/lib/test/CurrentTime.tcl
preinitializing
resolving types
initializing
executing number 1
wrapping up
idle
6 ms. Memory: 129024K Free: 54722K (42%)
Completed execution with 11 iterations
/home/travis/build/icyphy/ptII/ptolemy/actor/lib/test/DB.tcl
4 ms. Memory: 129024K Free: 53188K (41%)
4 ms. Memory: 129024K Free: 52674K (41%)
5 ms. Memory: 129024K Free: 52164K (40%)
/home/travis/build/icyphy/ptII/ptolemy/actor/lib/test/DiscreteRandomSource.tcl
preinitializing
resolving types
initializing
executing number 1
wrapping up
idle
9 ms. Memory: 129024K Free: 50619K (39%)
Completed execution with 4 iterations
preinitializing
resolving types
initializing
executing number 1
wrapping up
idle
5 ms. Memory: 129024K Free: 50116K (39%)
Completed execution with 4 iterations
preinitializing
resolving types
initializing
executing number 1
wrapping up
idle
4 ms. Memory: 129024K Free: 49587K (38%)
Completed execution with 4 iterations
preinitializing
resolving types
initializing
executing number 1
wrapping up
idle
7 ms. Memory: 129024K Free: 49092K (38%)
Completed execution with 4 iterations
preinitializing
resolving types
initializing
executing number 1
wrapping up
idle
4 ms. Memory: 129024K Free: 48547K (38%)
Completed execution with 4 iterations
/home/travis/build/icyphy/ptII/ptolemy/actor/lib/test/Distributor.tcl
36 ms. Memory: 129024K Free: 113714K (88%)
7 ms. Memory: 129024K Free: 113164K (88%)
StreamChangeRequest.changeExecuted(): <deleteEntity name="rec2"/> succeeded
StreamChangeRequest.changeExecuted(): <deleteRelation name="r2"/> succeeded
StreamChangeRequest.changeExecuted(): Record firings per iteration succeeded
11 ms. Memory: 129024K Free: 110610K (86%)
/home/travis/build/icyphy/ptII/ptolemy/actor/lib/test/Exit.tcl
Exit.tcl: this will print a message about Manager.exitAfterWrapup, which can be ignored.
10 ms. Memory: 129024K Free: 107555K (83%)
/home/travis/build/icyphy/ptII/ptolemy/actor/lib/test/Expression.tcl
18 ms. Memory: 129024K Free: 103926K (81%)
11 ms. Memory: 129024K Free: 103450K (80%)
3 ms. Memory: 129024K Free: 102862K (80%)
preinitializing
resolving types
initializing
executing number 1
wrapping up
idle
7 ms. Memory: 129024K Free: 101322K (79%)
Completed execution with 6 iterations
8 ms. Memory: 129024K Free: 100416K (78%)
4 ms. Memory: 129024K Free: 99362K (77%)
8 ms. Memory: 129024K Free: 98346K (76%)
5 ms. Memory: 129024K Free: 97226K (75%)
5 ms. Memory: 129024K Free: 95742K (74%)
/home/travis/build/icyphy/ptII/ptolemy/actor/lib/test/Gaussian.tcl
7 ms. Memory: 129024K Free: 94266K (73%)
sleeping 1 seconds: .......................................................................................................................................................................................................................................................................................................................................................................................................................................................................................................................................................................................................................................................................................................................................................................................................................................................................................................................................................................................................................................................................................................................................................................................................................................................................................................................................................................................................................................................................................................................................................................................................................................................................................................................................................................................................................................................................................................................................................................................................................................................................................................................................................................................................................................................................................................................................................................................................................................................................................................................................................................................................................................................................................................................................................................................................................................................................................................................................................................................................................................................................................................................................................................................................................................................................................................................................................................................................................................................................................................................................................................................................................................................................................................................................................................................................................................................................................................................................................................................................................................................................................................................................................................................................................................................................................................................................................................................................................................................................................................................................................................................................................................................................................................................................................................................................................................................................................................................................................................................................................................................................................................................................................................................................................................................................................................................................................................................................................................................................................................................................................................................................................................................................................................................................................................................................................................................................................................................................................................................................................................................................................................................................................................................................................................................................................................................................................................................................................................................................................................................................................................................................................................................................................................................................................................................................................................................................................................................................................................................................................................................................................................................................................................................................................................................................................................................................................................................................................................................................................................................................................................................................................................................................................................................................................................................................................................................................................................................................................................................................................................................................................................................................................................................................................................................................................................................................................................................................................................................................................................................................................................................................................................................................................................................................................................................................................................................................................................................................................................................................................................................................................................................................................................................................................................................................................................................................................................................................................................................................................................................................................................................................................................................................................................................................................................................................................................................................................................................................................................................................................................................................................................................................................................................................................................................................................................................................................................................................................................................................................................................................................................................................................................................................................................................................................................................................................................................................................................................................................................................................................................................................................................................................................................................................................................................................................................................................................................................................................................................................................................................................................................................................................................................................................................................................................................................................................................................................................................................................................................................................................................................................................................................................................................................................................................................................................................................................................................................................................................................................................................................................................................................................................................................................................................................................................................................................................................................................................................................................................................................................................................................................................................................................................................................................................................................................................................................................................................................................................................................................................................................................................................................................................................................................................................................................................................................................................................................................................................................................................................................................................................................................................................................................................................................................................................................................................................................................................................................................................................................................................................................................................................................................................................................................................................................................................................................................................................................................................................................................................................................................................................................................................................................................................................................................................................................................................................................................................................................................................................................................................................................................................................................................................................................................................................................................................................................................................................................................................................................................................................................................................................................................................................................................................................................................................................................................................................................................................................................................................................................................................................................................................................................................................................................................................................................................................................................................................................................................................................................................................................................................................................................................................................................................................................................................................................................................................................................................................................................................................................................................................................................................................................................................................................................................................................................................................................................................................................................................................................................................................................................................................................................................................................................................................................................................................................................................................................................................................................................................................................................................................................................................................................................................................................................................................................................................................................................................................................................................................................................................................................................................................................................................................................................................................................................................................................................................................................................................................................................................................................................................................................................................................................................................................................................................................................................................................................................................................................................................................................................................................................................................................................................................................................................................................................................................................................................................................................................................................................................................................................................................................................................................................................................................................................................................................................................................................................................................................................................................................................................................................................................................................................................................................................................................................................................................................................................................................................................................................................................................................................................................................................................................................................................................................................................................................................................................................................................................................................................................................................................................................................................................................................................................................................................................................................................................................................................................................................................................................................................................................................................................................................................................................................................................................................................................................................................................................................................................................................................................................................................................................................................................................................................................................................................................................................................................................................................................................................................................................................................................................................................................................................................................................................................................................................................................................................................................................................................................................................................................................................................................................................................................................................................................................................................................................................................................................................................................................................................................................................................................................................................................................................................................................................................................................................................................................................................................................................................................................................................................................................................................................................................................................................................................................................................................................................................................................................................................................................................................................................................................................................................................................................................................................................................................................................................................................................................................................................................................................................................................................................................................................................................................................................................................................................................................................................................................................................................................................................................................................................................................................................................................................................................................................................................................................................................................................................................................................................................................................................................................................................................................................................................................................................................................................................................................................................................................................................................................................................................................................................................................................................................................................................................................................................................................................................................................................................................................................................................................................................................................................................................................................................................................................................................................................................................................................................................................................................................................................................................................................................................................................................................................................................................................................................................................................................................................................................................................................................................................................................................................................................................................................................................................................................................................................................................................................................................................................................................................................................................................................................................................................................................................................................................................................................................................................................................................................................................................................................................................................................................................................................................................................................................................................................................................................................................................................................................................................................................................................................................................................................................................................................................................................................................................................................................................................................................................................................................................................................................................................................................................................................................................................................................................................................................................................................................................................................................................................................................................................................................................................................................................................................................................................................................................................................................................................................................................................................................................................................................................................................................................................................................................................................................................................................................................................................................................................................................................................................................................................................................................................................................................................................................................................................................................................................................................................................................................................................................................................................................................................................................................................................................................................................................................................................................................................................................................................................................................................................................................................................................................................................................................................................................................................................................................................................................................................................................................................................................................................................................................................................................................................................................................................................................................................................................................................................................................................................................................................................................................................................................................................................................................................................................................................................................................................................................................................................................................................................................................................................................................................................................................................................................................................................................................................................................................................................................................................................................................................................................................................................................................................................................................................................................................................................................................................................................................................................................................................................................................................................................................................................................................................................................................................................................................................................................................................................................................................................................................................................................................................................................................................................................................................................................................................................................................................................................................................................................................................................................................................................................................................................................................................................................................................................................................................................................................................................................................................................................................................................................................................................................................................................................................................................................................................................................................................................................................................................................................................................................................................................................................................................................................................................................................................................................................................................................................................................................................................................................................................................................................................................................................................................................................................................................................................................................................................................2 ms. Memory: 129024K Free: 98722K (77%)
3 ms. Memory: 129024K Free: 97698K (76%)
2 ms. Memory: 129024K Free: 97154K (75%)
4 ms. Memory: 129024K Free: 96674K (75%)
2 ms. Memory: 129024K Free: 96146K (75%)
/home/travis/build/icyphy/ptII/ptolemy/actor/lib/test/IIR.tcl
/home/travis/build/icyphy/ptII/ptolemy/actor/lib/test/Interpolator.tcl
4 ms. Memory: 129024K Free: 92050K (71%)
2 ms. Memory: 129024K Free: 91554K (71%)
2 ms. Memory: 129024K Free: 91040K (71%)
3 ms. Memory: 129024K Free: 90530K (70%)
4 ms. Memory: 129024K Free: 89506K (69%)
4 ms. Memory: 129024K Free: 88482K (69%)
2 ms. Memory: 129024K Free: 87968K (68%)
6 ms. Memory: 129024K Free: 86944K (67%)
1 ms. Memory: 129024K Free: 85906K (67%)
1 ms. Memory: 129024K Free: 84896K (66%)
/home/travis/build/icyphy/ptII/ptolemy/actor/lib/test/MathFunction.tcl
3 ms. Memory: 129024K Free: 82848K (64%)
2 ms. Memory: 129024K Free: 81824K (63%)
1 ms. Memory: 129024K Free: 80786K (63%)
2 ms. Memory: 129024K Free: 80290K (62%)
3 ms. Memory: 129024K Free: 78738K (61%)
5 ms. Memory: 129024K Free: 76690K (59%)
/home/travis/build/icyphy/ptII/ptolemy/actor/lib/test/Maximum.tcl
3 ms. Memory: 129024K Free: 74656K (58%)
1 ms. Memory: 129024K Free: 74146K (57%)
2 ms. Memory: 129024K Free: 73602K (57%)
2 ms. Memory: 129024K Free: 73122K (57%)
/home/travis/build/icyphy/ptII/ptolemy/actor/lib/test/Minimum.tcl
3 ms. Memory: 129024K Free: 71074K (55%)
1 ms. Memory: 129024K Free: 70560K (55%)
2 ms. Memory: 129024K Free: 70050K (54%)
1 ms. Memory: 129024K Free: 69026K (53%)
/home/travis/build/icyphy/ptII/ptolemy/actor/lib/test/MultiplyDivide.tcl
4 ms. Memory: 129024K Free: 67474K (52%)
2 ms. Memory: 129024K Free: 66464K (52%)
2 ms. Memory: 129024K Free: 65954K (51%)
2 ms. Memory: 129024K Free: 64930K (50%)
1 ms. Memory: 129024K Free: 64416K (50%)
/home/travis/build/icyphy/ptII/ptolemy/actor/lib/test/OrderedMerge.tcl
Connections changed on port: inputA
Connections changed on port: inputB
Connections changed on port: output
Connections changed on port: output
Connections changed on port: output
Connections changed on port: input
.top. Preinitializing ...
Invoking preinitialize():  .top.OrderedMerge
Called preinitialize()
Invoking preinitialize():  .top.Ramp
Called preinitialize()
Invoking preinitialize():  .top.Ramp2
Called preinitialize()
Invoking preinitialize():  .top.Test
Called preinitialize()
Connections changed on port: inputA
Connections changed on port: output
Connections changed on port: output
Connections changed on port: input
Connections changed on port: inputB
Connections changed on port: output
.top. Finished preinitialize().
Called initialize().
Invoking initialize():  .top.OrderedMerge
Initializing actor: .top.OrderedMerge
Adding a thread: .top.OrderedMerge
Invoking initialize():  .top.Ramp
Initializing actor: .top.Ramp
Adding a thread: .top.Ramp
Invoking initialize():  .top.Ramp2
Initializing actor: .top.Ramp2
Adding a thread: .top.Ramp2
Invoking initialize():  .top.Test
Initializing actor: .top.Test
Adding a thread: .top.Test
Called fire().
Checking for deadlock:
There are 0 Blocked actors, 0 Stopped actors, and 4 active threads.
Waiting for actors to stop.
-- Starting thread.
Called initialize()
Called prefire()
Called fire()
-- Starting thread.
Called initialize()
-- Starting thread.
Called initialize()
Called prefire()
Checking for deadlock:
Called prefire()
-- Starting thread.
Called fire()
Called initialize()
There are 1 Blocked actors, 0 Stopped actors, and 4 active threads.
Called fire()
Called prefire()
Called fire()
Waiting for actors to stop.
Called postfire()
Called postfire()
Called prefire()
Called prefire()
Called fire()
Called fire()
Read input token from inputA with value 0.0
Next port to read input from is inputB
Called postfire()
Called prefire()
Called fire()
Checking for deadlock:
There are 1 Blocked actors, 0 Stopped actors, and 4 active threads.
Waiting for actors to stop.
Called postfire()
Called postfire()
Called prefire()
Called prefire()
Called fire()
Called fire()
Checking for deadlock:
There are 2 Blocked actors, 0 Stopped actors, and 4 active threads.
Waiting for actors to stop.
Checking for deadlock:
There are 3 Blocked actors, 0 Stopped actors, and 4 active threads.
Waiting for actors to stop.
Read input token from inputB with value 0.0
Checking for deadlock:
There are 2 Blocked actors, 0 Stopped actors, and 4 active threads.
Waiting for actors to stop.
Sent output token with value 0.0
Next port to read input from is inputA
Called postfire()
Called prefire()
Called fire()
Read input token from inputA with value 1.0
Sent output token with value 0.0
Next port to read input from is inputB
Called postfire()
Called prefire()
Called fire()
Read input token from inputB with value 1.5
-- Read input: 0.0, which is expected to match: 0.0
Called prefire()
Called fire()
-- Read input: 0.0, which is expected to match: 0.0
Called prefire()
Called fire()
Called postfire()
Called prefire()
Called postfire()
Called prefire()
Called fire()
Checking for deadlock:
There are 2 Blocked actors, 0 Stopped actors, and 4 active threads.
Waiting for actors to stop.
Sent output token with value 1.0
Next port to read input from is inputA
Called postfire()
Called prefire()
Called fire()
Read input token from inputA with value 2.0
Called fire()
Called postfire()
Called prefire()
Called fire()
-- Read input: 1.0, which is expected to match: 1.0
Checking for deadlock:
There are 2 Blocked actors, 0 Stopped actors, and 4 active threads.
Waiting for actors to stop.
Sent output token with value 1.5
Next port to read input from is inputB
Called postfire()
Called prefire()
Called fire()
Checking for deadlock:
There are 1 Blocked actors, 0 Stopped actors, and 4 active threads.
Waiting for actors to stop.
Called postfire()
Called prefire()
Called fire()
Read input token from inputB with value 3.0
Checking for deadlock:
Called prefire()
There are 3 Blocked actors, 0 Stopped actors, and 4 active threads.
Waiting for actors to stop.
Called fire()
Checking for deadlock:
There are 2 Blocked actors, 0 Stopped actors, and 4 active threads.
Waiting for actors to stop.
-- Read input: 1.5, which is expected to match: 1.5
Called prefire()
Called fire()
Sent output token with value 2.0
Next port to read input from is inputA
Called postfire()
-- Read input: 2.0, which is expected to match: 2.0
Called prefire()
Called prefire()
Called fire()
Called fire()
Called postfire()
Read input token from inputA with value 3.0
Called prefire()
Called fire()
Checking for deadlock:
There are 3 Blocked actors, 0 Stopped actors, and 4 active threads.
Waiting for actors to stop.
Sent output token with value 3.0
Next port to read input from is inputB
Called postfire()
Called prefire()
Called fire()
Read input token from inputB with value 4.5
Checking for deadlock:
There are 1 Blocked actors, 0 Stopped actors, and 4 active threads.
Waiting for actors to stop.
-- Read input: 3.0, which is expected to match: 3.0
Called postfire()
Called prefire()
Called prefire()
Called fire()
Called fire()
Checking for deadlock:
There are 3 Blocked actors, 0 Stopped actors, and 4 active threads.
Waiting for actors to stop.
Checking for deadlock:
There are 2 Blocked actors, 0 Stopped actors, and 4 active threads.
Waiting for actors to stop.
-- Read input: 3.0, which is expected to match: 3.0
Called prefire()
Called fire()
Sent output token with value 3.0
Checking for deadlock:
There are 3 Blocked actors, 0 Stopped actors, and 4 active threads.
Waiting for actors to stop.
Next port to read input from is inputA
Called postfire()
Called prefire()
Called fire()
Called postfire()
Called prefire()
Called fire()
Checking for deadlock:
There are 3 Blocked actors, 0 Stopped actors, and 4 active threads.
Waiting for actors to stop.
Read input token from inputA with value 4.0
Checking for deadlock:
There are 2 Blocked actors, 0 Stopped actors, and 4 active threads.
Waiting for actors to stop.
-- Read input: 4.0, which is expected to match: 4.0
Called prefire()
Called fire()
Past the end of training data. Read and discard all inputs.
Checking for deadlock:
There are 3 Blocked actors, 0 Stopped actors, and 4 active threads.
Waiting for actors to stop.
Sent output token with value 4.0
Next port to read input from is inputA
Called postfire()
Called prefire()
Called fire()
Checking for deadlock:
There are 2 Blocked actors, 0 Stopped actors, and 4 active threads.
Waiting for actors to stop.
Called postfire()
Called prefire()
Called fire()
Read input token from inputA with value 5.0
Checking for deadlock:
There are 3 Blocked actors, 0 Stopped actors, and 4 active threads.
Waiting for actors to stop.
Checking for deadlock:
There are 2 Blocked actors, 0 Stopped actors, and 4 active threads.
Waiting for actors to stop.
Sent output token with value 4.5
Called prefire()
Called fire()
Past the end of training data. Read and discard all inputs.
Next port to read input from is inputB
Called postfire()
Checking for deadlock:
There are 3 Blocked actors, 0 Stopped actors, and 4 active threads.
Waiting for actors to stop.
Called prefire()
Called fire()
Called postfire()
Called prefire()
Called fire()
Checking for deadlock:
There are 3 Blocked actors, 0 Stopped actors, and 4 active threads.
Waiting for actors to stop.
Read input token from inputB with value 6.0
Checking for deadlock:
Called prefire()
There are 2 Blocked actors, 0 Stopped actors, and 4 active threads.
Called fire()
Waiting for actors to stop.
Past the end of training data. Read and discard all inputs.
Checking for deadlock:
There are 3 Blocked actors, 0 Stopped actors, and 4 active threads.
Waiting for actors to stop.
Sent output token with value 5.0
Next port to read input from is inputA
Called postfire()
Called prefire()
Called fire()
Called postfire()
Called prefire()
Called fire()
Checking for deadlock:
There are 3 Blocked actors, 0 Stopped actors, and 4 active threads.
Waiting for actors to stop.
Read input token from inputA with value 6.0
Called prefire()
Called fire()
Past the end of training data. Read and discard all inputs.
Checking for deadlock:
There are 3 Blocked actors, 0 Stopped actors, and 4 active threads.
Waiting for actors to stop.
Sent output token with value 6.0
Next port to read input from is inputB
Called postfire()
Called prefire()
Called fire()
Checking for deadlock:
There are 2 Blocked actors, 0 Stopped actors, and 4 active threads.
Waiting for actors to stop.
Called postfire()
Called prefire()
Called fire()
Checking for deadlock:
There are 3 Blocked actors, 0 Stopped actors, and 4 active threads.
Waiting for actors to stop.
Read input token from inputB with value 7.5
Checking for deadlock:
There are 2 Blocked actors, 0 Stopped actors, and 4 active threads.
Waiting for actors to stop.
Called prefire()
Called fire()
Past the end of training data. Read and discard all inputs.
Checking for deadlock:
There are 3 Blocked actors, 0 Stopped actors, and 4 active threads.
Waiting for actors to stop.
Sent output token with value 6.0
Next port to read input from is inputA
Called postfire()
Called prefire()
Called fire()
Called postfire()
Called prefire()
Called fire()
Checking for deadlock:
There are 3 Blocked actors, 0 Stopped actors, and 4 active threads.
Waiting for actors to stop.
Read input token from inputA with value 7.0
Called prefire()
Called fire()
Past the end of training data. Read and discard all inputs.
Checking for deadlock:
There are 3 Blocked actors, 0 Stopped actors, and 4 active threads.
Waiting for actors to stop.
Sent output token with value 7.0
Next port to read input from is inputA
Called postfire()
Called prefire()
Called fire()
-- Thread wrapup() called.
Called wrapup()
Thread .top.Ramp is exiting.
-- Thread stopped.
Checking for deadlock:
There are 2 Blocked actors, 0 Stopped actors, and 3 active threads.
Waiting for actors to stop.
Read input token from inputA with value 8.0
Checking for deadlock:
There are 1 Blocked actors, 0 Stopped actors, and 3 active threads.
Waiting for actors to stop.
Called prefire()
Called fire()
Past the end of training data. Read and discard all inputs.
Checking for deadlock:
There are 2 Blocked actors, 0 Stopped actors, and 3 active threads.
Waiting for actors to stop.
Sent output token with value 7.5
Next port to read input from is inputB
Called postfire()
Called prefire()
Called fire()
Checking for deadlock:
There are 1 Blocked actors, 0 Stopped actors, and 3 active threads.
Waiting for actors to stop.
Called postfire()
Called prefire()
Called fire()
Checking for deadlock:
There are 2 Blocked actors, 0 Stopped actors, and 3 active threads.
Waiting for actors to stop.
Read input token from inputB with value 9.0
Checking for deadlock:
There are 1 Blocked actors, 0 Stopped actors, and 3 active threads.
Waiting for actors to stop.
Called prefire()
Called fire()
Past the end of training data. Read and discard all inputs.
Checking for deadlock:
There are 2 Blocked actors, 0 Stopped actors, and 3 active threads.
Waiting for actors to stop.
Sent output token with value 8.0
Next port to read input from is inputA
Called postfire()
Called prefire()
Called fire()
Read input token from inputA with value 9.0
Called prefire()
Called fire()
Past the end of training data. Read and discard all inputs.
Checking for deadlock:
There are 2 Blocked actors, 0 Stopped actors, and 3 active threads.
Waiting for actors to stop.
Sent output token with value 9.0
Next port to read input from is inputB
Called postfire()
Called prefire()
Called fire()
Called postfire()
Called prefire()
Called fire()
Checking for deadlock:
There are 2 Blocked actors, 0 Stopped actors, and 3 active threads.
Waiting for actors to stop.
Read input token from inputB with value 10.5
Called prefire()
Called fire()
Past the end of training data. Read and discard all inputs.
Checking for deadlock:
There are 2 Blocked actors, 0 Stopped actors, and 3 active threads.
Waiting for actors to stop.
Sent output token with value 9.0
Next port to read input from is inputA
Called postfire()
Called prefire()
Called fire()
Checking for deadlock:
There are 3 Blocked actors, 0 Stopped actors, and 3 active threads.
Actors have stopped.
Checking for deadlock:
There are 3 Blocked actors, 0 Stopped actors, and 3 active threads.
Deadlock detected.
Resolving Deadlock
Checking for deadlock:
There are 3 Blocked actors, 0 Stopped actors, and 3 active threads.
Artificial Deadlock - increasing queue capacity.
increasing the capacity of receiver ptolemy.actor.TypedIOPort {.top.OrderedMerge.inputB} to 2
Director: Called postfire().
Called postfire().
_stopRequested = false
_stopFireRequested = false
Returning from postfire(): true
Called fire().
Checking for deadlock:
There are 2 Blocked actors, 0 Stopped actors, and 3 active threads.
Waiting for actors to stop.
-- Thread wrapup() called.
Called wrapup()
Thread .top.Ramp2 is exiting.
-- Thread stopped.
Checking for deadlock:
There are 2 Blocked actors, 0 Stopped actors, and 2 active threads.
Actors have stopped.
Checking for deadlock:
There are 2 Blocked actors, 0 Stopped actors, and 2 active threads.
Deadlock detected.
Resolving Deadlock
Checking for deadlock:
There are 2 Blocked actors, 0 Stopped actors, and 2 active threads.
Deadlock detected: no processes blocked on write, but some are blocked on read.
Called postfire().
_stopRequested = false
_stopFireRequested = false
Returning from postfire(): false
Finished deactivating branches.
Called wrapup().
-- Thread wrapup() called.
Called wrapup()
-- Thread wrapup() called.
Called wrapup()
Thread .top.Test is exiting.
-- Thread stopped.
-- Blocked Receiver call threw TerminateProcessException.
Thread .top.OrderedMerge is exiting.
-- Thread stopped.
-- Blocked Receiver call threw TerminateProcessException.
59 ms. Memory: 129024K Free: 59296K (46%)
.top. Preinitializing ...
Invoking preinitialize():  .top.OrderedMerge
Called preinitialize()
Invoking preinitialize():  .top.Ramp
Called preinitialize()
Invoking preinitialize():  .top.Ramp2
Called preinitialize()
Invoking preinitialize():  .top.Test
Called preinitialize()
.top. Finished preinitialize().
Called initialize().
Invoking initialize():  .top.OrderedMerge
Initializing actor: .top.OrderedMerge
Adding a thread: .top.OrderedMerge
Invoking initialize():  .top.Ramp
Initializing actor: .top.Ramp
Adding a thread: .top.Ramp
Invoking initialize():  .top.Ramp2
Initializing actor: .top.Ramp2
Adding a thread: .top.Ramp2
Invoking initialize():  .top.Test
Initializing actor: .top.Test
Adding a thread: .top.Test
-- Starting thread.
Called initialize()
Called prefire()
Called fire()
-- Starting thread.
Called initialize()
Called prefire()
Called fire()
Called postfire()
Called prefire()
Called fire()
-- Starting thread.
Called initialize()
Called prefire()
Called fire()
Called postfire()
Called prefire()
Called fire()
Called fire().
Checking for deadlock:
There are 3 Blocked actors, 0 Stopped actors, and 4 active threads.
Waiting for actors to stop.
-- Starting thread.
Called initialize()
Called prefire()
Called fire()
Checking for deadlock:
There are 2 Blocked actors, 0 Stopped actors, and 4 active threads.
Waiting for actors to stop.
Called postfire()
Called prefire()
Called fire()
Checking for deadlock:
There are 3 Blocked actors, 0 Stopped actors, and 4 active threads.
Waiting for actors to stop.
Read input token from inputA with value 0.0
Next port to read input from is inputB
Called postfire()
Called prefire()
Called fire()
Called postfire()
Called prefire()
Called fire()
Checking for deadlock:
There are 3 Blocked actors, 0 Stopped actors, and 4 active threads.
Waiting for actors to stop.
Read input token from inputB with value 0.0
Checking for deadlock:
There are 2 Blocked actors, 0 Stopped actors, and 4 active threads.
Waiting for actors to stop.
-- Read input: 0.0, which is expected to match: 0.0
Called prefire()
Called fire()
Checking for deadlock:
There are 3 Blocked actors, 0 Stopped actors, and 4 active threads.
Waiting for actors to stop.
Sent output token with value 0.0
Next port to read input from is inputA
Called postfire()
Called prefire()
Called fire()
Checking for deadlock:
There are 2 Blocked actors, 0 Stopped actors, and 4 active threads.
Waiting for actors to stop.
Called postfire()
Called prefire()
Called fire()
Checking for deadlock:
There are 3 Blocked actors, 0 Stopped actors, and 4 active threads.
Waiting for actors to stop.
Read input token from inputA with value 1.0
Checking for deadlock:
There are 2 Blocked actors, 0 Stopped actors, and 4 active threads.
Waiting for actors to stop.
-- Read input: 0.0, which is expected to match: 0.0
Called prefire()
Called fire()
Checking for deadlock:
There are 3 Blocked actors, 0 Stopped actors, and 4 active threads.
Waiting for actors to stop.
Sent output token with value 0.0
Next port to read input from is inputB
Called postfire()
Called prefire()
Called fire()
Called postfire()
Called prefire()
Called fire()
Checking for deadlock:
There are 3 Blocked actors, 0 Stopped actors, and 4 active threads.
Waiting for actors to stop.
Read input token from inputB with value 1.5
-- Read input: 1.0, which is expected to match: 1.0
Called prefire()
Called fire()
Checking for deadlock:
There are 3 Blocked actors, 0 Stopped actors, and 4 active threads.
Waiting for actors to stop.
Sent output token with value 1.0
Next port to read input from is inputA
Called postfire()
Called prefire()
Called fire()
Checking for deadlock:
There are 2 Blocked actors, 0 Stopped actors, and 4 active threads.
Waiting for actors to stop.
Called postfire()
Called prefire()
Called fire()
Checking for deadlock:
There are 3 Blocked actors, 0 Stopped actors, and 4 active threads.
Waiting for actors to stop.
Read input token from inputA with value 2.0
Checking for deadlock:
There are 2 Blocked actors, 0 Stopped actors, and 4 active threads.
Waiting for actors to stop.
-- Read input: 1.5, which is expected to match: 1.5
Called prefire()
Called fire()
Checking for deadlock:
There are 3 Blocked actors, 0 Stopped actors, and 4 active threads.
Waiting for actors to stop.
Sent output token with value 1.5
Next port to read input from is inputB
Called postfire()
Called prefire()
Called fire()
Checking for deadlock:
There are 2 Blocked actors, 0 Stopped actors, and 4 active threads.
Waiting for actors to stop.
Called postfire()
Called prefire()
Called fire()
Checking for deadlock:
There are 3 Blocked actors, 0 Stopped actors, and 4 active threads.
Waiting for actors to stop.
Read input token from inputB with value 3.0
Checking for deadlock:
There are 2 Blocked actors, 0 Stopped actors, and 4 active threads.
Waiting for actors to stop.
-- Read input: 2.0, which is expected to match: 2.0
Called prefire()
Called fire()
Checking for deadlock:
There are 3 Blocked actors, 0 Stopped actors, and 4 active threads.
Waiting for actors to stop.
Sent output token with value 2.0
Next port to read input from is inputA
Called postfire()
Called prefire()
Called fire()
Checking for deadlock:
There are 2 Blocked actors, 0 Stopped actors, and 4 active threads.
Waiting for actors to stop.
Called postfire()
Called prefire()
Called fire()
Checking for deadlock:
There are 3 Blocked actors, 0 Stopped actors, and 4 active threads.
Waiting for actors to stop.
Read input token from inputA with value 3.0
Checking for deadlock:
There are 2 Blocked actors, 0 Stopped actors, and 4 active threads.
Waiting for actors to stop.
-- Read input: 3.0, which is expected to match: 3.0
Called prefire()
Called fire()
Checking for deadlock:
There are 3 Blocked actors, 0 Stopped actors, and 4 active threads.
Waiting for actors to stop.
Sent output token with value 3.0
Next port to read input from is inputB
Called postfire()
Called prefire()
Called fire()
Called postfire()
Called prefire()
Called fire()
Checking for deadlock:
There are 3 Blocked actors, 0 Stopped actors, and 4 active threads.
Waiting for actors to stop.
Read input token from inputB with value 4.5
-- Read input: 3.0, which is expected to match: 3.0
Called prefire()
Called fire()
Checking for deadlock:
There are 3 Blocked actors, 0 Stopped actors, and 4 active threads.
Waiting for actors to stop.
Sent output token with value 3.0
Next port to read input from is inputA
Called postfire()
Called prefire()
Called fire()
Checking for deadlock:
There are 2 Blocked actors, 0 Stopped actors, and 4 active threads.
Waiting for actors to stop.
Called postfire()
Called prefire()
Called fire()
Checking for deadlock:
There are 3 Blocked actors, 0 Stopped actors, and 4 active threads.
Waiting for actors to stop.
Read input token from inputA with value 4.0
Checking for deadlock:
There are 2 Blocked actors, 0 Stopped actors, and 4 active threads.
Waiting for actors to stop.
-- Read input: 4.0, which is expected to match: 4.0
Called prefire()
Called fire()
Past the end of training data. Read and discard all inputs.
Checking for deadlock:
There are 3 Blocked actors, 0 Stopped actors, and 4 active threads.
Waiting for actors to stop.
Sent output token with value 4.0
Next port to read input from is inputA
Called postfire()
Called prefire()
Called fire()
Checking for deadlock:
There are 2 Blocked actors, 0 Stopped actors, and 4 active threads.
Waiting for actors to stop.
Called postfire()
Called prefire()
Called fire()
Checking for deadlock:
There are 3 Blocked actors, 0 Stopped actors, and 4 active threads.
Waiting for actors to stop.
Read input token from inputA with value 5.0
Checking for deadlock:
There are 2 Blocked actors, 0 Stopped actors, and 4 active threads.
Waiting for actors to stop.
Called prefire()
Called fire()
Past the end of training data. Read and discard all inputs.
Checking for deadlock:
There are 3 Blocked actors, 0 Stopped actors, and 4 active threads.
Waiting for actors to stop.
Sent output token with value 4.5
Next port to read input from is inputB
Called postfire()
Called prefire()
Called fire()
Called postfire()
Called prefire()
Called fire()
Checking for deadlock:
There are 3 Blocked actors, 0 Stopped actors, and 4 active threads.
Waiting for actors to stop.
Read input token from inputB with value 6.0
Called prefire()
Called fire()
Past the end of training data. Read and discard all inputs.
Checking for deadlock:
There are 3 Blocked actors, 0 Stopped actors, and 4 active threads.
Waiting for actors to stop.
Sent output token with value 5.0
Next port to read input from is inputA
Called postfire()
Called prefire()
Called fire()
Checking for deadlock:
There are 2 Blocked actors, 0 Stopped actors, and 4 active threads.
Waiting for actors to stop.
Called postfire()
Called prefire()
Called fire()
Checking for deadlock:
There are 3 Blocked actors, 0 Stopped actors, and 4 active threads.
Waiting for actors to stop.
Read input token from inputA with value 6.0
Checking for deadlock:
There are 2 Blocked actors, 0 Stopped actors, and 4 active threads.
Waiting for actors to stop.
Called prefire()
Called fire()
Past the end of training data. Read and discard all inputs.
Checking for deadlock:
There are 3 Blocked actors, 0 Stopped actors, and 4 active threads.
Waiting for actors to stop.
Sent output token with value 6.0
Next port to read input from is inputB
Called postfire()
Called prefire()
Called fire()
Checking for deadlock:
There are 2 Blocked actors, 0 Stopped actors, and 4 active threads.
Waiting for actors to stop.
Called postfire()
Called prefire()
Called fire()
Checking for deadlock:
There are 3 Blocked actors, 0 Stopped actors, and 4 active threads.
Waiting for actors to stop.
Read input token from inputB with value 7.5
Checking for deadlock:
There are 2 Blocked actors, 0 Stopped actors, and 4 active threads.
Waiting for actors to stop.
Called prefire()
Called fire()
Past the end of training data. Read and discard all inputs.
Checking for deadlock:
There are 3 Blocked actors, 0 Stopped actors, and 4 active threads.
Waiting for actors to stop.
Sent output token with value 6.0
Next port to read input from is inputA
Called postfire()
Called prefire()
Called fire()
Checking for deadlock:
There are 2 Blocked actors, 0 Stopped actors, and 4 active threads.
Waiting for actors to stop.
Called postfire()
Called prefire()
Called fire()
Checking for deadlock:
There are 3 Blocked actors, 0 Stopped actors, and 4 active threads.
Waiting for actors to stop.
Read input token from inputA with value 7.0
Checking for deadlock:
There are 2 Blocked actors, 0 Stopped actors, and 4 active threads.
Waiting for actors to stop.
Called prefire()
Called fire()
Past the end of training data. Read and discard all inputs.
Checking for deadlock:
There are 3 Blocked actors, 0 Stopped actors, and 4 active threads.
Waiting for actors to stop.
Sent output token with value 7.0
Next port to read input from is inputA
Called postfire()
Called prefire()
Called fire()
Checking for deadlock:
There are 2 Blocked actors, 0 Stopped actors, and 4 active threads.
Waiting for actors to stop.
-- Thread wrapup() called.
Called wrapup()
Thread .top.Ramp is exiting.
Checking for deadlock:
There are 2 Blocked actors, 0 Stopped actors, and 3 active threads.
Waiting for actors to stop.
-- Thread stopped.
Read input token from inputA with value 8.0
Called prefire()
Called fire()
Past the end of training data. Read and discard all inputs.
Checking for deadlock:
There are 2 Blocked actors, 0 Stopped actors, and 3 active threads.
Waiting for actors to stop.
Sent output token with value 7.5
Next port to read input from is inputB
Called postfire()
Called prefire()
Called fire()
Checking for deadlock:
There are 1 Blocked actors, 0 Stopped actors, and 3 active threads.
Waiting for actors to stop.
Called postfire()
Called prefire()
Called fire()
Checking for deadlock:
There are 2 Blocked actors, 0 Stopped actors, and 3 active threads.
Waiting for actors to stop.
Read input token from inputB with value 9.0
Checking for deadlock:
There are 1 Blocked actors, 0 Stopped actors, and 3 active threads.
Waiting for actors to stop.
Called prefire()
Called fire()
Past the end of training data. Read and discard all inputs.
Checking for deadlock:
There are 2 Blocked actors, 0 Stopped actors, and 3 active threads.
Waiting for actors to stop.
Sent output token with value 8.0
Next port to read input from is inputA
Called postfire()
Called prefire()
Called fire()
Read input token from inputA with value 9.0
Called prefire()
Called fire()
Past the end of training data. Read and discard all inputs.
Checking for deadlock:
There are 2 Blocked actors, 0 Stopped actors, and 3 active threads.
Waiting for actors to stop.
Sent output token with value 9.0
Next port to read input from is inputB
Called postfire()
Called prefire()
Called fire()
Called postfire()
Called prefire()
Called fire()
Checking for deadlock:
There are 2 Blocked actors, 0 Stopped actors, and 3 active threads.
Waiting for actors to stop.
Read input token from inputB with value 10.5
Called prefire()
Called fire()
Past the end of training data. Read and discard all inputs.
Checking for deadlock:
There are 2 Blocked actors, 0 Stopped actors, and 3 active threads.
Waiting for actors to stop.
Sent output token with value 9.0
Next port to read input from is inputA
Called postfire()
Called prefire()
Called fire()
Checking for deadlock:
There are 3 Blocked actors, 0 Stopped actors, and 3 active threads.
Actors have stopped.
Checking for deadlock:
There are 3 Blocked actors, 0 Stopped actors, and 3 active threads.
Deadlock detected.
Resolving Deadlock
Checking for deadlock:
There are 3 Blocked actors, 0 Stopped actors, and 3 active threads.
Artificial Deadlock - increasing queue capacity.
increasing the capacity of receiver ptolemy.actor.TypedIOPort {.top.OrderedMerge.inputB} to 2
Director: Called postfire().
Called postfire().
_stopRequested = false
_stopFireRequested = false
Returning from postfire(): true
Called fire().
Checking for deadlock:
There are 2 Blocked actors, 0 Stopped actors, and 3 active threads.
Waiting for actors to stop.
-- Thread wrapup() called.
Called wrapup()
Thread .top.Ramp2 is exiting.
-- Thread stopped.
Checking for deadlock:
There are 2 Blocked actors, 0 Stopped actors, and 2 active threads.
Actors have stopped.
Checking for deadlock:
There are 2 Blocked actors, 0 Stopped actors, and 2 active threads.
Deadlock detected.
Resolving Deadlock
Checking for deadlock:
There are 2 Blocked actors, 0 Stopped actors, and 2 active threads.
Deadlock detected: no processes blocked on write, but some are blocked on read.
Called postfire().
_stopRequested = false
_stopFireRequested = false
Returning from postfire(): false
Finished deactivating branches.
Called wrapup().
-- Thread wrapup() called.
-- Thread wrapup() called.
Called wrapup()
Thread .top.Test is exiting.
-- Thread stopped.
-- Blocked Receiver call threw TerminateProcessException.
Called wrapup()
Thread .top.OrderedMerge is exiting.
42 ms. Memory: 129024K Free: 57248K (44%)
/home/travis/build/icyphy/ptII/ptolemy/actor/lib/test/Publisher.tcl
-- Thread stopped.
-- Blocked Receiver call threw TerminateProcessException.
11 ms. Memory: 129024K Free: 51098K (40%)
3 ms. Memory: 129024K Free: 107733K (83%)
2 ms. Memory: 129024K Free: 104141K (81%)
6 ms. Memory: 129024K Free: 103109K (80%)
11 ms. Memory: 164864K Free: 148038K (90%)
19 ms. Memory: 164864K Free: 147643K (90%)
5 ms. Memory: 164864K Free: 146619K (89%)
23 ms. Memory: 164864K Free: 145595K (88%)
22 ms. Memory: 164864K Free: 135865K (82%)
5 ms. Memory: 164864K Free: 132283K (80%)
3 ms. Memory: 164864K Free: 131259K (80%)
4 ms. Memory: 164864K Free: 129211K (78%)
23 ms. Memory: 164864K Free: 121529K (74%)
14 ms. Memory: 164864K Free: 112313K (68%)
7 ms. Memory: 164864K Free: 101049K (61%)
/home/travis/build/icyphy/ptII/ptolemy/actor/lib/test/Pulse.tcl
3 ms. Memory: 164864K Free: 128419K (78%)
8 ms. Memory: 164864K Free: 127891K (78%)
1 ms. Memory: 164864K Free: 127395K (77%)
1 ms. Memory: 164864K Free: 126867K (77%)
1 ms. Memory: 164864K Free: 126371K (77%)
5 ms. Memory: 164864K Free: 125347K (76%)
2 ms. Memory: 164864K Free: 124323K (75%)
1 ms. Memory: 164864K Free: 123299K (75%)
1 ms. Memory: 164864K Free: 122771K (74%)
/home/travis/build/icyphy/ptII/ptolemy/actor/lib/test/Ramp.tcl
2 ms. Memory: 164864K Free: 120707K (73%)
2 ms. Memory: 164864K Free: 120227K (73%)
2 ms. Memory: 164864K Free: 119203K (72%)
1 ms. Memory: 164864K Free: 118675K (72%)
3 ms. Memory: 164864K Free: 117635K (71%)
3 ms. Memory: 164864K Free: 116641K (71%)
3 ms. Memory: 164864K Free: 116131K (70%)
5 actors
4000 microseconds per iteration to create
4 ms. Memory: 164864K Free: 113059K (69%)
1 ms. Memory: 164864K Free: 112545K (68%)
2 ms. Memory: 164864K Free: 112035K (68%)
1 ms. Memory: 164864K Free: 111491K (68%)
50 actors
27000 microseconds per iteration to create
22 ms. Memory: 164864K Free: 95651K (58%)
4 ms. Memory: 164864K Free: 94627K (57%)
4 ms. Memory: 164864K Free: 93603K (57%)
4 ms. Memory: 164864K Free: 92579K (56%)
500 actors
1330000 microseconds per iteration to create
240 ms. Memory: 164864K Free: 73978K (45%)
33 ms. Memory: 164864K Free: 68344K (41%)
55 ms. Memory: 198656K Free: 171718K (86%)
27 ms. Memory: 198656K Free: 166598K (84%)
/home/travis/build/icyphy/ptII/ptolemy/actor/lib/test/RampContinuous.tcl
7 ms. Memory: 198656K Free: 165064K (83%)
/home/travis/build/icyphy/ptII/ptolemy/actor/lib/test/RecordAssembler.tcl
5 ms. Memory: 198656K Free: 163526K (82%)
3 ms. Memory: 198656K Free: 162496K (82%)
/home/travis/build/icyphy/ptII/ptolemy/actor/lib/test/RecordDisassembler.tcl
6 ms. Memory: 198656K Free: 160968K (81%)
3 ms. Memory: 198656K Free: 160440K (81%)
4 ms. Memory: 198656K Free: 158920K (80%)
/home/travis/build/icyphy/ptII/ptolemy/actor/lib/test/Scale.tcl
3 ms. Memory: 198656K Free: 157368K (79%)
1 ms. Memory: 198656K Free: 156358K (79%)
2 ms. Memory: 198656K Free: 155848K (78%)
2 ms. Memory: 198656K Free: 154824K (78%)
2 ms. Memory: 198656K Free: 153800K (77%)
/home/travis/build/icyphy/ptII/ptolemy/actor/lib/test/SequentialClock.tcl
preinitializing
resolving types
initializing
executing number 1
wrapping up
idle
2 ms. Memory: 198656K Free: 152776K (77%)
Completed execution with 5 iterations
preinitializing
resolving types
initializing
executing number 1
wrapping up
idle
1 ms. Memory: 198656K Free: 152262K (77%)
Completed execution with 5 iterations
preinitializing
resolving types
initializing
executing number 1
wrapping up
idle
1 ms. Memory: 198656K Free: 151752K (76%)
Completed execution with 5 iterations
/home/travis/build/icyphy/ptII/ptolemy/actor/lib/test/SetVariable.tcl
4 ms. Memory: 198656K Free: 149704K (75%)
/home/travis/build/icyphy/ptII/ptolemy/actor/lib/test/Sinewave.tcl
/home/travis/build/icyphy/ptII/ptolemy/actor/lib/test/SubscriptionAggregator.tcl
4 ms. Memory: 198656K Free: 138440K (70%)
9 ms. Memory: 198656K Free: 137912K (69%)
1 ms. Memory: 198656K Free: 137416K (69%)
1 ms. Memory: 198656K Free: 136872K (69%)
2 ms. Memory: 198656K Free: 133320K (67%)
8 ms. Memory: 198656K Free: 131272K (66%)
...............................................................957 ms. Memory: 351232K Free: 174542K (50%)
/home/travis/build/icyphy/ptII/ptolemy/actor/lib/test/Test.tcl
 The next command will produce a warning about training mode,
   which may be ignored.
5 ms. Memory: 351232K Free: 172494K (49%)
2 ms. Memory: 351232K Free: 171973K (49%)
1 ms. Memory: 351232K Free: 170956K (49%)
2 ms. Memory: 351232K Free: 170446K (49%)
2 ms. Memory: 351232K Free: 169932K (48%)
7 ms. Memory: 351232K Free: 168893K (48%)
3 ms. Memory: 351232K Free: 167374K (48%)
 The next command will produce a warning about training mode,
   which may be ignored.
13 ms. Memory: 351232K Free: 164797K (47%)
 The next command will produce a warning about training mode,
   which may be ignored.
2 ms. Memory: 351232K Free: 163781K (47%)
1 ms. Memory: 351232K Free: 163278K (46%)
0 ms. Memory: 351232K Free: 162749K (46%)
6 ms. Memory: 351232K Free: 162254K (46%)
8 ms. Memory: 351232K Free: 161230K (46%)
3 ms. Memory: 351232K Free: 301509K (86%)
/home/travis/build/icyphy/ptII/ptolemy/actor/lib/test/TestExceptionHandler.tcl
 The next command will produce a warning about training mode,
   which may be ignored.
2 ms. Memory: 351232K Free: 299982K (85%)
1 ms. Memory: 351232K Free: 299468K (85%)
1 ms. Memory: 351232K Free: 298958K (85%)
/home/travis/build/icyphy/ptII/ptolemy/actor/lib/test/UnionDisassembler.tcl
21 ms. Memory: 351232K Free: 291790K (83%)
/home/travis/build/icyphy/ptII/ptolemy/actor/lib/test/VariableClock.tcl
preinitializing
resolving types
initializing
executing number 1
wrapping up
idle
7 ms. Memory: 351232K Free: 290221K (83%)
Completed execution with 11 iterations
preinitializing
resolving types
initializing
executing number 1
wrapping up
idle
8 ms. Memory: 351232K Free: 288718K (82%)
Completed execution with 10 iterations
07/19/20 03:09:36
Failed: 0  Total Tests: 233  ((Passed: 233, Newly Passed: 0)  Known Failed: 0) /home/travis/build/icyphy/ptII/ptolemy/actor/lib/test
----------------- testing (KnownFailure) /home/travis/build/icyphy/ptII/ptolemy/actor/lib/test/auto/knownFailedTests/PublisherPortToplevelSubscriber.xml
0 ms. Memory: 351232K Free: 285132K (81%)
Known Failure: java.lang.reflect.InvocationTargetException
----------------- testing (KnownFailure) /home/travis/build/icyphy/ptII/ptolemy/actor/lib/test/auto/knownFailedTests/PublisherSubscriberPortToplevel.xml
1 ms. Memory: 351232K Free: 281036K (80%)
Known Failure: java.lang.reflect.InvocationTargetException
----------------- testing (KnownFailure) /home/travis/build/icyphy/ptII/ptolemy/actor/lib/test/auto/knownFailedTests/PublisherSubscriptionAggregatorPort.xml
1 ms. Memory: 351232K Free: 276940K (79%)
Known Failure: java.lang.reflect.InvocationTargetException
----------------- testing (KnownFailure) /home/travis/build/icyphy/ptII/ptolemy/actor/lib/test/auto/knownFailedTests/sizedarray3.xml
5 ms. Memory: 351232K Free: 272334K (78%)
Known Failure: java.lang.reflect.InvocationTargetException
No auto/linux-amd64/*.xml tests in /home/travis/build/icyphy/ptII/ptolemy/actor/lib/test
AutoTests.java: About to close Vertx.
AutoTests.java: Vertx closed.

===========================================================================================
----------------- testing Sun Jul 19 15:09:36 UTC 2020 /home/travis/build/icyphy/ptII/ptolemy/actor/lib/test/auto/AbsoluteValue.xml
----------------- Instantiating /home/travis/build/icyphy/ptII/ptolemy/actor/lib/test/auto/AbsoluteValue.xml
5 ms. Memory: 351232K Free: 249292K (71%)
----------------- Invoking toplevel() on ptolemy.moml.MoMLSimpleApplication@296a656
----------------- Done invoking toplevel() on ptolemy.moml.MoMLSimpleApplication@296a656
reloadAllAccessors: .AbsoluteValue

===========================================================================================
----------------- testing Sun Jul 19 15:09:37 UTC 2020 /home/travis/build/icyphy/ptII/ptolemy/actor/lib/test/auto/AbsoluteValue2.xml
----------------- Instantiating /home/travis/build/icyphy/ptII/ptolemy/actor/lib/test/auto/AbsoluteValue2.xml
4 ms. Memory: 351232K Free: 242638K (69%)
----------------- Invoking toplevel() on ptolemy.moml.MoMLSimpleApplication@29835d44
----------------- Done invoking toplevel() on ptolemy.moml.MoMLSimpleApplication@29835d44
reloadAllAccessors: .AbsoluteValue2

===========================================================================================
----------------- testing Sun Jul 19 15:09:37 UTC 2020 /home/travis/build/icyphy/ptII/ptolemy/actor/lib/test/auto/Accumulator.xml
----------------- Instantiating /home/travis/build/icyphy/ptII/ptolemy/actor/lib/test/auto/Accumulator.xml
7 ms. Memory: 351232K Free: 235980K (67%)
----------------- Invoking toplevel() on ptolemy.moml.MoMLSimpleApplication@65439f0b
----------------- Done invoking toplevel() on ptolemy.moml.MoMLSimpleApplication@65439f0b
reloadAllAccessors: .Accumulator

===========================================================================================
----------------- testing Sun Jul 19 15:09:37 UTC 2020 /home/travis/build/icyphy/ptII/ptolemy/actor/lib/test/auto/Accumulator2.xml
----------------- Instantiating /home/travis/build/icyphy/ptII/ptolemy/actor/lib/test/auto/Accumulator2.xml
3 ms. Memory: 351232K Free: 230860K (66%)
----------------- Invoking toplevel() on ptolemy.moml.MoMLSimpleApplication@1a662a7c
----------------- Done invoking toplevel() on ptolemy.moml.MoMLSimpleApplication@1a662a7c
reloadAllAccessors: .Accumulator2

===========================================================================================
----------------- testing Sun Jul 19 15:09:37 UTC 2020 /home/travis/build/icyphy/ptII/ptolemy/actor/lib/test/auto/Accumulator3.xml
----------------- Instantiating /home/travis/build/icyphy/ptII/ptolemy/actor/lib/test/auto/Accumulator3.xml
4 ms. Memory: 351232K Free: 226254K (64%)
----------------- Invoking toplevel() on ptolemy.moml.MoMLSimpleApplication@61872884
----------------- Done invoking toplevel() on ptolemy.moml.MoMLSimpleApplication@61872884
reloadAllAccessors: .Accumulator3

===========================================================================================
----------------- testing Sun Jul 19 15:09:37 UTC 2020 /home/travis/build/icyphy/ptII/ptolemy/actor/lib/test/auto/ArrayAppend.xml
----------------- Instantiating /home/travis/build/icyphy/ptII/ptolemy/actor/lib/test/auto/ArrayAppend.xml
10 ms. Memory: 351232K Free: 220605K (63%)
----------------- Invoking toplevel() on ptolemy.moml.MoMLSimpleApplication@408f77c3
----------------- Done invoking toplevel() on ptolemy.moml.MoMLSimpleApplication@408f77c3
reloadAllAccessors: .ArrayAppend

===========================================================================================
----------------- testing Sun Jul 19 15:09:37 UTC 2020 /home/travis/build/icyphy/ptII/ptolemy/actor/lib/test/auto/ArrayAppend2.xml
----------------- Instantiating /home/travis/build/icyphy/ptII/ptolemy/actor/lib/test/auto/ArrayAppend2.xml
330 ms. Memory: 351232K Free: 138190K (39%)
----------------- Invoking toplevel() on ptolemy.moml.MoMLSimpleApplication@5810027
----------------- Done invoking toplevel() on ptolemy.moml.MoMLSimpleApplication@5810027
reloadAllAccessors: .ArrayAppend2

===========================================================================================
----------------- testing Sun Jul 19 15:09:37 UTC 2020 /home/travis/build/icyphy/ptII/ptolemy/actor/lib/test/auto/ArrayAppend3.xml
----------------- Instantiating /home/travis/build/icyphy/ptII/ptolemy/actor/lib/test/auto/ArrayAppend3.xml
4 ms. Memory: 351232K Free: 133070K (38%)
----------------- Invoking toplevel() on ptolemy.moml.MoMLSimpleApplication@78f04aa4
----------------- Done invoking toplevel() on ptolemy.moml.MoMLSimpleApplication@78f04aa4
reloadAllAccessors: .ArrayAppend3

===========================================================================================
----------------- testing Sun Jul 19 15:09:37 UTC 2020 /home/travis/build/icyphy/ptII/ptolemy/actor/lib/test/auto/ArrayAppend4.xml
----------------- Instantiating /home/travis/build/icyphy/ptII/ptolemy/actor/lib/test/auto/ArrayAppend4.xml
2 ms. Memory: 351232K Free: 127950K (36%)
----------------- Invoking toplevel() on ptolemy.moml.MoMLSimpleApplication@6743a17d
----------------- Done invoking toplevel() on ptolemy.moml.MoMLSimpleApplication@6743a17d
reloadAllAccessors: .ArrayAppend4

===========================================================================================
----------------- testing Sun Jul 19 15:09:37 UTC 2020 /home/travis/build/icyphy/ptII/ptolemy/actor/lib/test/auto/ArrayAppend5.xml
----------------- Instantiating /home/travis/build/icyphy/ptII/ptolemy/actor/lib/test/auto/ArrayAppend5.xml
10 ms. Memory: 351232K Free: 302497K (86%)
----------------- Invoking toplevel() on ptolemy.moml.MoMLSimpleApplication@31515516
----------------- Done invoking toplevel() on ptolemy.moml.MoMLSimpleApplication@31515516
reloadAllAccessors: .ArrayAppend5

===========================================================================================
----------------- testing Sun Jul 19 15:09:37 UTC 2020 /home/travis/build/icyphy/ptII/ptolemy/actor/lib/test/auto/ArrayAppend6.xml
----------------- Instantiating /home/travis/build/icyphy/ptII/ptolemy/actor/lib/test/auto/ArrayAppend6.xml
2 ms. Memory: 351232K Free: 296867K (85%)
----------------- Invoking toplevel() on ptolemy.moml.MoMLSimpleApplication@3122587
----------------- Done invoking toplevel() on ptolemy.moml.MoMLSimpleApplication@3122587
reloadAllAccessors: .ArrayAppend6

===========================================================================================
----------------- testing Sun Jul 19 15:09:37 UTC 2020 /home/travis/build/icyphy/ptII/ptolemy/actor/lib/test/auto/ArrayAppendPerformanceTest.xml
----------------- Instantiating /home/travis/build/icyphy/ptII/ptolemy/actor/lib/test/auto/ArrayAppendPerformanceTest.xml
28 ms. Memory: 351232K Free: 286113K (81%)
----------------- Invoking toplevel() on ptolemy.moml.MoMLSimpleApplication@41975e60
----------------- Done invoking toplevel() on ptolemy.moml.MoMLSimpleApplication@41975e60
reloadAllAccessors: .ArrayAppendPerformanceTest

===========================================================================================
----------------- testing Sun Jul 19 15:09:37 UTC 2020 /home/travis/build/icyphy/ptII/ptolemy/actor/lib/test/auto/ArrayAppendWithEmptyInput.xml
----------------- Instantiating /home/travis/build/icyphy/ptII/ptolemy/actor/lib/test/auto/ArrayAppendWithEmptyInput.xml
13 ms. Memory: 351232K Free: 277921K (79%)
----------------- Invoking toplevel() on ptolemy.moml.MoMLSimpleApplication@407744fb
----------------- Done invoking toplevel() on ptolemy.moml.MoMLSimpleApplication@407744fb
reloadAllAccessors: .ArrayAppendWithEmptyInput

===========================================================================================
----------------- testing Sun Jul 19 15:09:37 UTC 2020 /home/travis/build/icyphy/ptII/ptolemy/actor/lib/test/auto/ArrayAverage.xml
----------------- Instantiating /home/travis/build/icyphy/ptII/ptolemy/actor/lib/test/auto/ArrayAverage.xml
10 ms. Memory: 351232K Free: 270243K (77%)
----------------- Invoking toplevel() on ptolemy.moml.MoMLSimpleApplication@356ed9ec
----------------- Done invoking toplevel() on ptolemy.moml.MoMLSimpleApplication@356ed9ec
reloadAllAccessors: .ArrayAverage

===========================================================================================
----------------- testing Sun Jul 19 15:09:38 UTC 2020 /home/travis/build/icyphy/ptII/ptolemy/actor/lib/test/auto/ArrayContains.xml
----------------- Instantiating /home/travis/build/icyphy/ptII/ptolemy/actor/lib/test/auto/ArrayContains.xml
9 ms. Memory: 351232K Free: 264099K (75%)
----------------- Invoking toplevel() on ptolemy.moml.MoMLSimpleApplication@394a5ac2
----------------- Done invoking toplevel() on ptolemy.moml.MoMLSimpleApplication@394a5ac2
reloadAllAccessors: .ArrayContains

===========================================================================================
----------------- testing Sun Jul 19 15:09:38 UTC 2020 /home/travis/build/icyphy/ptII/ptolemy/actor/lib/test/auto/ArrayElement.xml
----------------- Instantiating /home/travis/build/icyphy/ptII/ptolemy/actor/lib/test/auto/ArrayElement.xml
8 ms. Memory: 351232K Free: 258465K (74%)
----------------- Invoking toplevel() on ptolemy.moml.MoMLSimpleApplication@6e8b88cb
----------------- Done invoking toplevel() on ptolemy.moml.MoMLSimpleApplication@6e8b88cb
reloadAllAccessors: .ArrayElement

===========================================================================================
----------------- testing Sun Jul 19 15:09:38 UTC 2020 /home/travis/build/icyphy/ptII/ptolemy/actor/lib/test/auto/ArrayElementAsMatrix.xml
----------------- Instantiating /home/travis/build/icyphy/ptII/ptolemy/actor/lib/test/auto/ArrayElementAsMatrix.xml
20 ms. Memory: 351232K Free: 248225K (71%)
----------------- Invoking toplevel() on ptolemy.moml.MoMLSimpleApplication@70d77eeb
----------------- Done invoking toplevel() on ptolemy.moml.MoMLSimpleApplication@70d77eeb
reloadAllAccessors: .ArrayElementAsMatrix

===========================================================================================
----------------- testing Sun Jul 19 15:09:38 UTC 2020 /home/travis/build/icyphy/ptII/ptolemy/actor/lib/test/auto/ArrayElementI.xml
----------------- Instantiating /home/travis/build/icyphy/ptII/ptolemy/actor/lib/test/auto/ArrayElementI.xml
3 ms. Memory: 351232K Free: 243091K (69%)
----------------- Invoking toplevel() on ptolemy.moml.MoMLSimpleApplication@598caf33
----------------- Done invoking toplevel() on ptolemy.moml.MoMLSimpleApplication@598caf33
reloadAllAccessors: .ArrayElementI

===========================================================================================
----------------- testing Sun Jul 19 15:09:38 UTC 2020 /home/travis/build/icyphy/ptII/ptolemy/actor/lib/test/auto/ArrayExtract.xml
----------------- Instantiating /home/travis/build/icyphy/ptII/ptolemy/actor/lib/test/auto/ArrayExtract.xml
7 ms. Memory: 351232K Free: 234913K (67%)
----------------- Invoking toplevel() on ptolemy.moml.MoMLSimpleApplication@1b5c59b0
----------------- Done invoking toplevel() on ptolemy.moml.MoMLSimpleApplication@1b5c59b0
reloadAllAccessors: .ArrayExtract

===========================================================================================
----------------- testing Sun Jul 19 15:09:38 UTC 2020 /home/travis/build/icyphy/ptII/ptolemy/actor/lib/test/auto/ArrayExtract2.xml
----------------- Instantiating /home/travis/build/icyphy/ptII/ptolemy/actor/lib/test/auto/ArrayExtract2.xml
2 ms. Memory: 351232K Free: 229763K (65%)
----------------- Invoking toplevel() on ptolemy.moml.MoMLSimpleApplication@8dbe563
----------------- Done invoking toplevel() on ptolemy.moml.MoMLSimpleApplication@8dbe563
reloadAllAccessors: .ArrayExtract2

===========================================================================================
----------------- testing Sun Jul 19 15:09:38 UTC 2020 /home/travis/build/icyphy/ptII/ptolemy/actor/lib/test/auto/ArrayLength.xml
----------------- Instantiating /home/travis/build/icyphy/ptII/ptolemy/actor/lib/test/auto/ArrayLength.xml
3 ms. Memory: 351232K Free: 225697K (64%)
----------------- Invoking toplevel() on ptolemy.moml.MoMLSimpleApplication@4c53157d
----------------- Done invoking toplevel() on ptolemy.moml.MoMLSimpleApplication@4c53157d
reloadAllAccessors: .ArrayLength

===========================================================================================
----------------- testing Sun Jul 19 15:09:38 UTC 2020 /home/travis/build/icyphy/ptII/ptolemy/actor/lib/test/auto/ArrayLevelCrossing.xml
----------------- Instantiating /home/travis/build/icyphy/ptII/ptolemy/actor/lib/test/auto/ArrayLevelCrossing.xml
4 ms. Memory: 351232K Free: 218019K (62%)
----------------- Invoking toplevel() on ptolemy.moml.MoMLSimpleApplication@79bd23ed
----------------- Done invoking toplevel() on ptolemy.moml.MoMLSimpleApplication@79bd23ed
reloadAllAccessors: .ArrayLevelCrossing

===========================================================================================
----------------- testing Sun Jul 19 15:09:38 UTC 2020 /home/travis/build/icyphy/ptII/ptolemy/actor/lib/test/auto/ArrayLevelCrossing2.xml
----------------- Instantiating /home/travis/build/icyphy/ptII/ptolemy/actor/lib/test/auto/ArrayLevelCrossing2.xml
2 ms. Memory: 351232K Free: 211347K (60%)
----------------- Invoking toplevel() on ptolemy.moml.MoMLSimpleApplication@61b66aef
----------------- Done invoking toplevel() on ptolemy.moml.MoMLSimpleApplication@61b66aef
reloadAllAccessors: .ArrayLevelCrossing2

===========================================================================================
----------------- testing Sun Jul 19 15:09:38 UTC 2020 /home/travis/build/icyphy/ptII/ptolemy/actor/lib/test/auto/ArrayPeakSearch.xml
----------------- Instantiating /home/travis/build/icyphy/ptII/ptolemy/actor/lib/test/auto/ArrayPeakSearch.xml
6 ms. Memory: 351232K Free: 202145K (58%)
----------------- Invoking toplevel() on ptolemy.moml.MoMLSimpleApplication@bcf3df0
----------------- Done invoking toplevel() on ptolemy.moml.MoMLSimpleApplication@bcf3df0
reloadAllAccessors: .ArrayPeakSearch

===========================================================================================
----------------- testing Sun Jul 19 15:09:38 UTC 2020 /home/travis/build/icyphy/ptII/ptolemy/actor/lib/test/auto/ArrayPeakSearch2.xml
----------------- Instantiating /home/travis/build/icyphy/ptII/ptolemy/actor/lib/test/auto/ArrayPeakSearch2.xml
6 ms. Memory: 351232K Free: 191891K (55%)
----------------- Invoking toplevel() on ptolemy.moml.MoMLSimpleApplication@2467bba9
----------------- Done invoking toplevel() on ptolemy.moml.MoMLSimpleApplication@2467bba9
reloadAllAccessors: .ArrayPeakSearch2

===========================================================================================
----------------- testing Sun Jul 19 15:09:38 UTC 2020 /home/travis/build/icyphy/ptII/ptolemy/actor/lib/test/auto/ArrayPeakSearch3.xml
----------------- Instantiating /home/travis/build/icyphy/ptII/ptolemy/actor/lib/test/auto/ArrayPeakSearch3.xml
5 ms. Memory: 351232K Free: 182689K (52%)
----------------- Invoking toplevel() on ptolemy.moml.MoMLSimpleApplication@4c01b919
----------------- Done invoking toplevel() on ptolemy.moml.MoMLSimpleApplication@4c01b919
reloadAllAccessors: .ArrayPeakSearch3

===========================================================================================
----------------- testing Sun Jul 19 15:09:38 UTC 2020 /home/travis/build/icyphy/ptII/ptolemy/actor/lib/test/auto/ArrayRemoveElement.xml
----------------- Instantiating /home/travis/build/icyphy/ptII/ptolemy/actor/lib/test/auto/ArrayRemoveElement.xml
2 ms. Memory: 351232K Free: 175011K (50%)
----------------- Invoking toplevel() on ptolemy.moml.MoMLSimpleApplication@13d7e3e5
----------------- Done invoking toplevel() on ptolemy.moml.MoMLSimpleApplication@13d7e3e5
reloadAllAccessors: .ArrayRemoveElement

===========================================================================================
----------------- testing Sun Jul 19 15:09:38 UTC 2020 /home/travis/build/icyphy/ptII/ptolemy/actor/lib/test/auto/ArraySort.xml
----------------- Instantiating /home/travis/build/icyphy/ptII/ptolemy/actor/lib/test/auto/ArraySort.xml
8 ms. Memory: 351232K Free: 165795K (47%)
----------------- Invoking toplevel() on ptolemy.moml.MoMLSimpleApplication@1b079b6a
----------------- Done invoking toplevel() on ptolemy.moml.MoMLSimpleApplication@1b079b6a
reloadAllAccessors: .ArraySort

===========================================================================================
----------------- testing Sun Jul 19 15:09:38 UTC 2020 /home/travis/build/icyphy/ptII/ptolemy/actor/lib/test/auto/ArraySum.xml
----------------- Instantiating /home/travis/build/icyphy/ptII/ptolemy/actor/lib/test/auto/ArraySum.xml
4 ms. Memory: 351232K Free: 160675K (46%)
----------------- Invoking toplevel() on ptolemy.moml.MoMLSimpleApplication@4cf73b7b
----------------- Done invoking toplevel() on ptolemy.moml.MoMLSimpleApplication@4cf73b7b
reloadAllAccessors: .ArraySum

===========================================================================================
----------------- testing Sun Jul 19 15:09:38 UTC 2020 /home/travis/build/icyphy/ptII/ptolemy/actor/lib/test/auto/ArrayToElements.xml
----------------- Instantiating /home/travis/build/icyphy/ptII/ptolemy/actor/lib/test/auto/ArrayToElements.xml
5 ms. Memory: 351232K Free: 155041K (44%)
----------------- Invoking toplevel() on ptolemy.moml.MoMLSimpleApplication@2addb663
----------------- Done invoking toplevel() on ptolemy.moml.MoMLSimpleApplication@2addb663
reloadAllAccessors: .ArrayToElements

===========================================================================================
----------------- testing Sun Jul 19 15:09:38 UTC 2020 /home/travis/build/icyphy/ptII/ptolemy/actor/lib/test/auto/ArrayToMatrix.xml
----------------- Instantiating /home/travis/build/icyphy/ptII/ptolemy/actor/lib/test/auto/ArrayToMatrix.xml
8 ms. Memory: 351232K Free: 141219K (40%)
----------------- Invoking toplevel() on ptolemy.moml.MoMLSimpleApplication@6047cd9f
----------------- Done invoking toplevel() on ptolemy.moml.MoMLSimpleApplication@6047cd9f
reloadAllAccessors: .ArrayToMatrix

===========================================================================================
----------------- testing Sun Jul 19 15:09:38 UTC 2020 /home/travis/build/icyphy/ptII/ptolemy/actor/lib/test/auto/ArrayUpdate1.xml
----------------- Instantiating /home/travis/build/icyphy/ptII/ptolemy/actor/lib/test/auto/ArrayUpdate1.xml
6 ms. Memory: 351232K Free: 136099K (39%)
----------------- Invoking toplevel() on ptolemy.moml.MoMLSimpleApplication@7bbbb96d
----------------- Done invoking toplevel() on ptolemy.moml.MoMLSimpleApplication@7bbbb96d
reloadAllAccessors: .ArrayUpdate1

===========================================================================================
----------------- testing Sun Jul 19 15:09:38 UTC 2020 /home/travis/build/icyphy/ptII/ptolemy/actor/lib/test/auto/ArrayUpdate2.xml
----------------- Instantiating /home/travis/build/icyphy/ptII/ptolemy/actor/lib/test/auto/ArrayUpdate2.xml
4 ms. Memory: 351232K Free: 130465K (37%)
----------------- Invoking toplevel() on ptolemy.moml.MoMLSimpleApplication@3658e157
----------------- Done invoking toplevel() on ptolemy.moml.MoMLSimpleApplication@3658e157
reloadAllAccessors: .ArrayUpdate2

===========================================================================================
----------------- testing Sun Jul 19 15:09:38 UTC 2020 /home/travis/build/icyphy/ptII/ptolemy/actor/lib/test/auto/ArrayUpdate3.xml
----------------- Instantiating /home/travis/build/icyphy/ptII/ptolemy/actor/lib/test/auto/ArrayUpdate3.xml
6 ms. Memory: 351232K Free: 124835K (36%)
----------------- Invoking toplevel() on ptolemy.moml.MoMLSimpleApplication@1423d616
----------------- Done invoking toplevel() on ptolemy.moml.MoMLSimpleApplication@1423d616
reloadAllAccessors: .ArrayUpdate3

===========================================================================================
----------------- testing Sun Jul 19 15:09:38 UTC 2020 /home/travis/build/icyphy/ptII/ptolemy/actor/lib/test/auto/Assert1.xml
----------------- Instantiating /home/travis/build/icyphy/ptII/ptolemy/actor/lib/test/auto/Assert1.xml
5 ms. Memory: 351232K Free: 120739K (34%)
----------------- Invoking toplevel() on ptolemy.moml.MoMLSimpleApplication@42c12d11
----------------- Done invoking toplevel() on ptolemy.moml.MoMLSimpleApplication@42c12d11
reloadAllAccessors: .Assert1

===========================================================================================
----------------- testing Sun Jul 19 15:09:38 UTC 2020 /home/travis/build/icyphy/ptII/ptolemy/actor/lib/test/auto/Assert2.xml
----------------- Instantiating /home/travis/build/icyphy/ptII/ptolemy/actor/lib/test/auto/Assert2.xml
2 ms. Memory: 351232K Free: 115105K (33%)
----------------- Invoking toplevel() on ptolemy.moml.MoMLSimpleApplication@504eb909
----------------- Done invoking toplevel() on ptolemy.moml.MoMLSimpleApplication@504eb909
reloadAllAccessors: .Assert2

===========================================================================================
----------------- testing Sun Jul 19 15:09:38 UTC 2020 /home/travis/build/icyphy/ptII/ptolemy/actor/lib/test/auto/BooleanMultiplexor.xml
----------------- Instantiating /home/travis/build/icyphy/ptII/ptolemy/actor/lib/test/auto/BooleanMultiplexor.xml
2 ms. Memory: 351232K Free: 109979K (31%)
----------------- Invoking toplevel() on ptolemy.moml.MoMLSimpleApplication@26fadfe3
----------------- Done invoking toplevel() on ptolemy.moml.MoMLSimpleApplication@26fadfe3
reloadAllAccessors: .BooleanMultiplexor

===========================================================================================
----------------- testing Sun Jul 19 15:09:38 UTC 2020 /home/travis/build/icyphy/ptII/ptolemy/actor/lib/test/auto/BooleanMultiplexor2.xml
----------------- Instantiating /home/travis/build/icyphy/ptII/ptolemy/actor/lib/test/auto/BooleanMultiplexor2.xml
14 ms. Memory: 351232K Free: 103331K (29%)
----------------- Invoking toplevel() on ptolemy.moml.MoMLSimpleApplication@33bb65e5
----------------- Done invoking toplevel() on ptolemy.moml.MoMLSimpleApplication@33bb65e5
reloadAllAccessors: .BooleanMultiplexor2

===========================================================================================
----------------- testing Sun Jul 19 15:09:38 UTC 2020 /home/travis/build/icyphy/ptII/ptolemy/actor/lib/test/auto/BooleanMultiplexor3.xml
----------------- Instantiating /home/travis/build/icyphy/ptII/ptolemy/actor/lib/test/auto/BooleanMultiplexor3.xml
4 ms. Memory: 351232K Free: 99745K (28%)
----------------- Invoking toplevel() on ptolemy.moml.MoMLSimpleApplication@30f6ec28
----------------- Done invoking toplevel() on ptolemy.moml.MoMLSimpleApplication@30f6ec28
reloadAllAccessors: .BooleanMultiplexor3

===========================================================================================
----------------- testing Sun Jul 19 15:09:38 UTC 2020 /home/travis/build/icyphy/ptII/ptolemy/actor/lib/test/auto/BooleanSelect.xml
----------------- Instantiating /home/travis/build/icyphy/ptII/ptolemy/actor/lib/test/auto/BooleanSelect.xml
7 ms. Memory: 351232K Free: 300953K (86%)
----------------- Invoking toplevel() on ptolemy.moml.MoMLSimpleApplication@73a3689e
----------------- Done invoking toplevel() on ptolemy.moml.MoMLSimpleApplication@73a3689e
reloadAllAccessors: .BooleanSelect

===========================================================================================
----------------- testing Sun Jul 19 15:09:38 UTC 2020 /home/travis/build/icyphy/ptII/ptolemy/actor/lib/test/auto/BooleanSelect2.xml
----------------- Instantiating /home/travis/build/icyphy/ptII/ptolemy/actor/lib/test/auto/BooleanSelect2.xml
1 ms. Memory: 351232K Free: 296355K (84%)
----------------- Invoking toplevel() on ptolemy.moml.MoMLSimpleApplication@49e31fe3
----------------- Done invoking toplevel() on ptolemy.moml.MoMLSimpleApplication@49e31fe3
reloadAllAccessors: .BooleanSelect2

===========================================================================================
----------------- testing Sun Jul 19 15:09:38 UTC 2020 /home/travis/build/icyphy/ptII/ptolemy/actor/lib/test/auto/BooleanSwitch.xml
----------------- Instantiating /home/travis/build/icyphy/ptII/ptolemy/actor/lib/test/auto/BooleanSwitch.xml
6 ms. Memory: 351232K Free: 289697K (82%)
----------------- Invoking toplevel() on ptolemy.moml.MoMLSimpleApplication@377b7a3c
----------------- Done invoking toplevel() on ptolemy.moml.MoMLSimpleApplication@377b7a3c
reloadAllAccessors: .BooleanSwitch

===========================================================================================
----------------- testing Sun Jul 19 15:09:38 UTC 2020 /home/travis/build/icyphy/ptII/ptolemy/actor/lib/test/auto/BooleanSwitch2.xml
----------------- Instantiating /home/travis/build/icyphy/ptII/ptolemy/actor/lib/test/auto/BooleanSwitch2.xml
2 ms. Memory: 351232K Free: 285601K (81%)
----------------- Invoking toplevel() on ptolemy.moml.MoMLSimpleApplication@3ea1a844
----------------- Done invoking toplevel() on ptolemy.moml.MoMLSimpleApplication@3ea1a844
reloadAllAccessors: .BooleanSwitch2

===========================================================================================
----------------- testing Sun Jul 19 15:09:38 UTC 2020 /home/travis/build/icyphy/ptII/ptolemy/actor/lib/test/auto/BooleanSwitchCloningBugWithClassRelationGroup.xml
----------------- Instantiating /home/travis/build/icyphy/ptII/ptolemy/actor/lib/test/auto/BooleanSwitchCloningBugWithClassRelationGroup.xml
2 ms. Memory: 351232K Free: 278947K (79%)
----------------- Invoking toplevel() on ptolemy.moml.MoMLSimpleApplication@73218ae4
----------------- Done invoking toplevel() on ptolemy.moml.MoMLSimpleApplication@73218ae4
reloadAllAccessors: .BooleanSwitchCloningBugWithClassRelationGroup

===========================================================================================
----------------- testing Sun Jul 19 15:09:38 UTC 2020 /home/travis/build/icyphy/ptII/ptolemy/actor/lib/test/auto/BusActors.xml
----------------- Instantiating /home/travis/build/icyphy/ptII/ptolemy/actor/lib/test/auto/BusActors.xml
6 ms. Memory: 351232K Free: 271779K (77%)
----------------- Invoking toplevel() on ptolemy.moml.MoMLSimpleApplication@15f6496b
----------------- Done invoking toplevel() on ptolemy.moml.MoMLSimpleApplication@15f6496b
reloadAllAccessors: .BusActors

===========================================================================================
----------------- testing Sun Jul 19 15:09:38 UTC 2020 /home/travis/build/icyphy/ptII/ptolemy/actor/lib/test/auto/ClassWrapper.xml
----------------- Instantiating /home/travis/build/icyphy/ptII/ptolemy/actor/lib/test/auto/ClassWrapper.xml
2 ms. Memory: 351232K Free: 267169K (76%)
----------------- Invoking toplevel() on ptolemy.moml.MoMLSimpleApplication@217fe240
----------------- Done invoking toplevel() on ptolemy.moml.MoMLSimpleApplication@217fe240
reloadAllAccessors: .ClassWrapper

===========================================================================================
----------------- testing Sun Jul 19 15:09:38 UTC 2020 /home/travis/build/icyphy/ptII/ptolemy/actor/lib/test/auto/Clock.xml
----------------- Instantiating /home/travis/build/icyphy/ptII/ptolemy/actor/lib/test/auto/Clock.xml
2 ms. Memory: 351232K Free: 263587K (75%)
----------------- Invoking toplevel() on ptolemy.moml.MoMLSimpleApplication@8033a80
----------------- Done invoking toplevel() on ptolemy.moml.MoMLSimpleApplication@8033a80
reloadAllAccessors: .Clock

===========================================================================================
----------------- testing Sun Jul 19 15:09:38 UTC 2020 /home/travis/build/icyphy/ptII/ptolemy/actor/lib/test/auto/Clock10.xml
----------------- Instantiating /home/travis/build/icyphy/ptII/ptolemy/actor/lib/test/auto/Clock10.xml
3 ms. Memory: 351232K Free: 257443K (73%)
----------------- Invoking toplevel() on ptolemy.moml.MoMLSimpleApplication@5c41a05a
----------------- Done invoking toplevel() on ptolemy.moml.MoMLSimpleApplication@5c41a05a
reloadAllAccessors: .Clock10

===========================================================================================
----------------- testing Sun Jul 19 15:09:39 UTC 2020 /home/travis/build/icyphy/ptII/ptolemy/actor/lib/test/auto/Clock11.xml
----------------- Instantiating /home/travis/build/icyphy/ptII/ptolemy/actor/lib/test/auto/Clock11.xml
5 ms. Memory: 351232K Free: 251809K (72%)
----------------- Invoking toplevel() on ptolemy.moml.MoMLSimpleApplication@2af7839f
----------------- Done invoking toplevel() on ptolemy.moml.MoMLSimpleApplication@2af7839f
reloadAllAccessors: .Clock11

===========================================================================================
----------------- testing Sun Jul 19 15:09:39 UTC 2020 /home/travis/build/icyphy/ptII/ptolemy/actor/lib/test/auto/Clock12.xml
----------------- Instantiating /home/travis/build/icyphy/ptII/ptolemy/actor/lib/test/auto/Clock12.xml
2 ms. Memory: 351232K Free: 245665K (70%)
----------------- Invoking toplevel() on ptolemy.moml.MoMLSimpleApplication@37e83164
----------------- Done invoking toplevel() on ptolemy.moml.MoMLSimpleApplication@37e83164
reloadAllAccessors: .Clock12

===========================================================================================
----------------- testing Sun Jul 19 15:09:39 UTC 2020 /home/travis/build/icyphy/ptII/ptolemy/actor/lib/test/auto/Clock13.xml
----------------- Instantiating /home/travis/build/icyphy/ptII/ptolemy/actor/lib/test/auto/Clock13.xml
3 ms. Memory: 351232K Free: 240035K (68%)
----------------- Invoking toplevel() on ptolemy.moml.MoMLSimpleApplication@23cc49ed
----------------- Done invoking toplevel() on ptolemy.moml.MoMLSimpleApplication@23cc49ed
reloadAllAccessors: .Clock13

===========================================================================================
----------------- testing Sun Jul 19 15:09:39 UTC 2020 /home/travis/build/icyphy/ptII/ptolemy/actor/lib/test/auto/Clock14.xml
----------------- Instantiating /home/travis/build/icyphy/ptII/ptolemy/actor/lib/test/auto/Clock14.xml
5 ms. Memory: 351232K Free: 233891K (67%)
----------------- Invoking toplevel() on ptolemy.moml.MoMLSimpleApplication@533b544c
----------------- Done invoking toplevel() on ptolemy.moml.MoMLSimpleApplication@533b544c
reloadAllAccessors: .Clock14

===========================================================================================
----------------- testing Sun Jul 19 15:09:39 UTC 2020 /home/travis/build/icyphy/ptII/ptolemy/actor/lib/test/auto/Clock15.xml
----------------- Instantiating /home/travis/build/icyphy/ptII/ptolemy/actor/lib/test/auto/Clock15.xml
3 ms. Memory: 351232K Free: 228243K (65%)
----------------- Invoking toplevel() on ptolemy.moml.MoMLSimpleApplication@67969674
----------------- Done invoking toplevel() on ptolemy.moml.MoMLSimpleApplication@67969674
reloadAllAccessors: .Clock15

===========================================================================================
----------------- testing Sun Jul 19 15:09:39 UTC 2020 /home/travis/build/icyphy/ptII/ptolemy/actor/lib/test/auto/Clock16.xml
----------------- Instantiating /home/travis/build/icyphy/ptII/ptolemy/actor/lib/test/auto/Clock16.xml
27 ms. Memory: 351232K Free: 213395K (61%)
----------------- Invoking toplevel() on ptolemy.moml.MoMLSimpleApplication@58f63185
----------------- Done invoking toplevel() on ptolemy.moml.MoMLSimpleApplication@58f63185
reloadAllAccessors: .Clock16

===========================================================================================
----------------- testing Sun Jul 19 15:09:39 UTC 2020 /home/travis/build/icyphy/ptII/ptolemy/actor/lib/test/auto/Clock17.xml
----------------- Instantiating /home/travis/build/icyphy/ptII/ptolemy/actor/lib/test/auto/Clock17.xml
23 ms. Memory: 351232K Free: 199571K (57%)
----------------- Invoking toplevel() on ptolemy.moml.MoMLSimpleApplication@3a0652d3
----------------- Done invoking toplevel() on ptolemy.moml.MoMLSimpleApplication@3a0652d3
reloadAllAccessors: .Clock17

===========================================================================================
----------------- testing Sun Jul 19 15:09:39 UTC 2020 /home/travis/build/icyphy/ptII/ptolemy/actor/lib/test/auto/Clock18.xml
----------------- Instantiating /home/travis/build/icyphy/ptII/ptolemy/actor/lib/test/auto/Clock18.xml
19 ms. Memory: 351232K Free: 186787K (53%)
----------------- Invoking toplevel() on ptolemy.moml.MoMLSimpleApplication@3eb3a354
----------------- Done invoking toplevel() on ptolemy.moml.MoMLSimpleApplication@3eb3a354
reloadAllAccessors: .Clock18

===========================================================================================
----------------- testing Sun Jul 19 15:09:39 UTC 2020 /home/travis/build/icyphy/ptII/ptolemy/actor/lib/test/auto/Clock19.xml
----------------- Instantiating /home/travis/build/icyphy/ptII/ptolemy/actor/lib/test/auto/Clock19.xml
12 ms. Memory: 351232K Free: 173475K (49%)
----------------- Invoking toplevel() on ptolemy.moml.MoMLSimpleApplication@25947315
----------------- Done invoking toplevel() on ptolemy.moml.MoMLSimpleApplication@25947315
reloadAllAccessors: .Clock19

===========================================================================================
----------------- testing Sun Jul 19 15:09:39 UTC 2020 /home/travis/build/icyphy/ptII/ptolemy/actor/lib/test/auto/Clock2.xml
----------------- Instantiating /home/travis/build/icyphy/ptII/ptolemy/actor/lib/test/auto/Clock2.xml
5 ms. Memory: 351232K Free: 168835K (48%)
----------------- Invoking toplevel() on ptolemy.moml.MoMLSimpleApplication@7f72948b
----------------- Done invoking toplevel() on ptolemy.moml.MoMLSimpleApplication@7f72948b
reloadAllAccessors: .Clock2

===========================================================================================
----------------- testing Sun Jul 19 15:09:39 UTC 2020 /home/travis/build/icyphy/ptII/ptolemy/actor/lib/test/auto/Clock20.xml
----------------- Instantiating /home/travis/build/icyphy/ptII/ptolemy/actor/lib/test/auto/Clock20.xml
7 ms. Memory: 351232K Free: 163235K (46%)
----------------- Invoking toplevel() on ptolemy.moml.MoMLSimpleApplication@5f3c2f4a
----------------- Done invoking toplevel() on ptolemy.moml.MoMLSimpleApplication@5f3c2f4a
reloadAllAccessors: .Clock20

===========================================================================================
----------------- testing Sun Jul 19 15:09:39 UTC 2020 /home/travis/build/icyphy/ptII/ptolemy/actor/lib/test/auto/Clock21.xml
----------------- Instantiating /home/travis/build/icyphy/ptII/ptolemy/actor/lib/test/auto/Clock21.xml
4 ms. Memory: 351232K Free: 158115K (45%)
----------------- Invoking toplevel() on ptolemy.moml.MoMLSimpleApplication@5f745a9c
----------------- Done invoking toplevel() on ptolemy.moml.MoMLSimpleApplication@5f745a9c
reloadAllAccessors: .Clock21

===========================================================================================
----------------- testing Sun Jul 19 15:09:39 UTC 2020 /home/travis/build/icyphy/ptII/ptolemy/actor/lib/test/auto/Clock22.xml
----------------- Instantiating /home/travis/build/icyphy/ptII/ptolemy/actor/lib/test/auto/Clock22.xml
4 ms. Memory: 351232K Free: 152481K (43%)
----------------- Invoking toplevel() on ptolemy.moml.MoMLSimpleApplication@2e78477d
----------------- Done invoking toplevel() on ptolemy.moml.MoMLSimpleApplication@2e78477d
reloadAllAccessors: .Clock22

===========================================================================================
----------------- testing Sun Jul 19 15:09:39 UTC 2020 /home/travis/build/icyphy/ptII/ptolemy/actor/lib/test/auto/Clock23.xml
----------------- Instantiating /home/travis/build/icyphy/ptII/ptolemy/actor/lib/test/auto/Clock23.xml
5 ms. Memory: 351232K Free: 146851K (42%)
----------------- Invoking toplevel() on ptolemy.moml.MoMLSimpleApplication@42185747
----------------- Done invoking toplevel() on ptolemy.moml.MoMLSimpleApplication@42185747
reloadAllAccessors: .Clock23

===========================================================================================
----------------- testing Sun Jul 19 15:09:39 UTC 2020 /home/travis/build/icyphy/ptII/ptolemy/actor/lib/test/auto/Clock24.xml
----------------- Instantiating /home/travis/build/icyphy/ptII/ptolemy/actor/lib/test/auto/Clock24.xml
4 ms. Memory: 351232K Free: 141731K (40%)
----------------- Invoking toplevel() on ptolemy.moml.MoMLSimpleApplication@394449
----------------- Done invoking toplevel() on ptolemy.moml.MoMLSimpleApplication@394449
reloadAllAccessors: .Clock24

===========================================================================================
----------------- testing Sun Jul 19 15:09:39 UTC 2020 /home/travis/build/icyphy/ptII/ptolemy/actor/lib/test/auto/Clock4.xml
----------------- Instantiating /home/travis/build/icyphy/ptII/ptolemy/actor/lib/test/auto/Clock4.xml
1 ms. Memory: 351232K Free: 136611K (39%)
----------------- Invoking toplevel() on ptolemy.moml.MoMLSimpleApplication@442bc44c
----------------- Done invoking toplevel() on ptolemy.moml.MoMLSimpleApplication@442bc44c
reloadAllAccessors: .Clock4

===========================================================================================
----------------- testing Sun Jul 19 15:09:39 UTC 2020 /home/travis/build/icyphy/ptII/ptolemy/actor/lib/test/auto/Clock5.xml
----------------- Instantiating /home/travis/build/icyphy/ptII/ptolemy/actor/lib/test/auto/Clock5.xml
1 ms. Memory: 351232K Free: 131491K (37%)
----------------- Invoking toplevel() on ptolemy.moml.MoMLSimpleApplication@6843c26c
----------------- Done invoking toplevel() on ptolemy.moml.MoMLSimpleApplication@6843c26c
reloadAllAccessors: .Clock5

===========================================================================================
----------------- testing Sun Jul 19 15:09:39 UTC 2020 /home/travis/build/icyphy/ptII/ptolemy/actor/lib/test/auto/Clock6.xml
----------------- Instantiating /home/travis/build/icyphy/ptII/ptolemy/actor/lib/test/auto/Clock6.xml
1 ms. Memory: 351232K Free: 127395K (36%)
----------------- Invoking toplevel() on ptolemy.moml.MoMLSimpleApplication@6d5801f2
----------------- Done invoking toplevel() on ptolemy.moml.MoMLSimpleApplication@6d5801f2
reloadAllAccessors: .Clock6

===========================================================================================
----------------- testing Sun Jul 19 15:09:39 UTC 2020 /home/travis/build/icyphy/ptII/ptolemy/actor/lib/test/auto/Clock7.xml
----------------- Instantiating /home/travis/build/icyphy/ptII/ptolemy/actor/lib/test/auto/Clock7.xml
1 ms. Memory: 351232K Free: 122785K (35%)
----------------- Invoking toplevel() on ptolemy.moml.MoMLSimpleApplication@5b76d2c
----------------- Done invoking toplevel() on ptolemy.moml.MoMLSimpleApplication@5b76d2c
reloadAllAccessors: .Clock7

===========================================================================================
----------------- testing Sun Jul 19 15:09:39 UTC 2020 /home/travis/build/icyphy/ptII/ptolemy/actor/lib/test/auto/Clock8.xml
----------------- Instantiating /home/travis/build/icyphy/ptII/ptolemy/actor/lib/test/auto/Clock8.xml
5 ms. Memory: 351232K Free: 117155K (33%)
----------------- Invoking toplevel() on ptolemy.moml.MoMLSimpleApplication@5391a587
----------------- Done invoking toplevel() on ptolemy.moml.MoMLSimpleApplication@5391a587
reloadAllAccessors: .Clock8

===========================================================================================
----------------- testing Sun Jul 19 15:09:39 UTC 2020 /home/travis/build/icyphy/ptII/ptolemy/actor/lib/test/auto/Clock9.xml
----------------- Instantiating /home/travis/build/icyphy/ptII/ptolemy/actor/lib/test/auto/Clock9.xml
5 ms. Memory: 351232K Free: 111507K (32%)
----------------- Invoking toplevel() on ptolemy.moml.MoMLSimpleApplication@763bf2b9
----------------- Done invoking toplevel() on ptolemy.moml.MoMLSimpleApplication@763bf2b9
reloadAllAccessors: .Clock9

===========================================================================================
----------------- testing Sun Jul 19 15:09:39 UTC 2020 /home/travis/build/icyphy/ptII/ptolemy/actor/lib/test/auto/CommDistDiscard.xml
----------------- Instantiating /home/travis/build/icyphy/ptII/ptolemy/actor/lib/test/auto/CommDistDiscard.xml
4 ms. Memory: 351232K Free: 106401K (30%)
----------------- Invoking toplevel() on ptolemy.moml.MoMLSimpleApplication@7ae3bea4
----------------- Done invoking toplevel() on ptolemy.moml.MoMLSimpleApplication@7ae3bea4
reloadAllAccessors: .CommDistDiscard

===========================================================================================
----------------- testing Sun Jul 19 15:09:39 UTC 2020 /home/travis/build/icyphy/ptII/ptolemy/actor/lib/test/auto/Commutator.xml
----------------- Instantiating /home/travis/build/icyphy/ptII/ptolemy/actor/lib/test/auto/Commutator.xml
2 ms. Memory: 351232K Free: 101795K (29%)
----------------- Invoking toplevel() on ptolemy.moml.MoMLSimpleApplication@2fcb41a2
----------------- Done invoking toplevel() on ptolemy.moml.MoMLSimpleApplication@2fcb41a2
reloadAllAccessors: .Commutator

===========================================================================================
----------------- testing Sun Jul 19 15:09:39 UTC 2020 /home/travis/build/icyphy/ptII/ptolemy/actor/lib/test/auto/Commutator2.xml
----------------- Instantiating /home/travis/build/icyphy/ptII/ptolemy/actor/lib/test/auto/Commutator2.xml
1 ms. Memory: 351232K Free: 97699K (28%)
----------------- Invoking toplevel() on ptolemy.moml.MoMLSimpleApplication@10f62ca1
----------------- Done invoking toplevel() on ptolemy.moml.MoMLSimpleApplication@10f62ca1
reloadAllAccessors: .Commutator2

===========================================================================================
----------------- testing Sun Jul 19 15:09:39 UTC 2020 /home/travis/build/icyphy/ptII/ptolemy/actor/lib/test/auto/Commutator3.xml
----------------- Instantiating /home/travis/build/icyphy/ptII/ptolemy/actor/lib/test/auto/Commutator3.xml
2 ms. Memory: 351232K Free: 300449K (86%)
----------------- Invoking toplevel() on ptolemy.moml.MoMLSimpleApplication@12666f89
----------------- Done invoking toplevel() on ptolemy.moml.MoMLSimpleApplication@12666f89
reloadAllAccessors: .Commutator3

===========================================================================================
----------------- testing Sun Jul 19 15:09:39 UTC 2020 /home/travis/build/icyphy/ptII/ptolemy/actor/lib/test/auto/Compare.xml
----------------- Instantiating /home/travis/build/icyphy/ptII/ptolemy/actor/lib/test/auto/Compare.xml
1 ms. Memory: 351232K Free: 293795K (84%)
----------------- Invoking toplevel() on ptolemy.moml.MoMLSimpleApplication@1dde9dd2
----------------- Done invoking toplevel() on ptolemy.moml.MoMLSimpleApplication@1dde9dd2
reloadAllAccessors: .Compare

===========================================================================================
----------------- testing Sun Jul 19 15:09:39 UTC 2020 /home/travis/build/icyphy/ptII/ptolemy/actor/lib/test/auto/CompareDE.xml
----------------- Instantiating /home/travis/build/icyphy/ptII/ptolemy/actor/lib/test/auto/CompareDE.xml
3 ms. Memory: 351232K Free: 287123K (82%)
----------------- Invoking toplevel() on ptolemy.moml.MoMLSimpleApplication@20939820
----------------- Done invoking toplevel() on ptolemy.moml.MoMLSimpleApplication@20939820
reloadAllAccessors: .CompareDE

===========================================================================================
----------------- testing Sun Jul 19 15:09:39 UTC 2020 /home/travis/build/icyphy/ptII/ptolemy/actor/lib/test/auto/ComplexDivide.xml
----------------- Instantiating /home/travis/build/icyphy/ptII/ptolemy/actor/lib/test/auto/ComplexDivide.xml
1 ms. Memory: 351232K Free: 283041K (81%)
----------------- Invoking toplevel() on ptolemy.moml.MoMLSimpleApplication@28391d17
----------------- Done invoking toplevel() on ptolemy.moml.MoMLSimpleApplication@28391d17
reloadAllAccessors: .ComplexDivide

===========================================================================================
----------------- testing Sun Jul 19 15:09:39 UTC 2020 /home/travis/build/icyphy/ptII/ptolemy/actor/lib/test/auto/ComputeHistogram.xml
----------------- Instantiating /home/travis/build/icyphy/ptII/ptolemy/actor/lib/test/auto/ComputeHistogram.xml
29 ms. Memory: 351232K Free: 270243K (77%)
----------------- Invoking toplevel() on ptolemy.moml.MoMLSimpleApplication@6706f1fb
----------------- Done invoking toplevel() on ptolemy.moml.MoMLSimpleApplication@6706f1fb
reloadAllAccessors: .ComputeHistogram

===========================================================================================
----------------- testing Sun Jul 19 15:09:39 UTC 2020 /home/travis/build/icyphy/ptII/ptolemy/actor/lib/test/auto/ConfigurationSelect.xml
----------------- Instantiating /home/travis/build/icyphy/ptII/ptolemy/actor/lib/test/auto/ConfigurationSelect.xml
8 ms. Memory: 351232K Free: 265123K (75%)
----------------- Invoking toplevel() on ptolemy.moml.MoMLSimpleApplication@44086e4f
----------------- Done invoking toplevel() on ptolemy.moml.MoMLSimpleApplication@44086e4f
reloadAllAccessors: .ConfigurationSelect

===========================================================================================
----------------- testing Sun Jul 19 15:09:39 UTC 2020 /home/travis/build/icyphy/ptII/ptolemy/actor/lib/test/auto/ConfigurationSelect2.xml
----------------- Instantiating /home/travis/build/icyphy/ptII/ptolemy/actor/lib/test/auto/ConfigurationSelect2.xml
2 ms. Memory: 351232K Free: 260513K (74%)
----------------- Invoking toplevel() on ptolemy.moml.MoMLSimpleApplication@457a8a79
----------------- Done invoking toplevel() on ptolemy.moml.MoMLSimpleApplication@457a8a79
reloadAllAccessors: .ConfigurationSelect2

===========================================================================================
----------------- testing Sun Jul 19 15:09:39 UTC 2020 /home/travis/build/icyphy/ptII/ptolemy/actor/lib/test/auto/ConfigurationSwitch.xml
----------------- Instantiating /home/travis/build/icyphy/ptII/ptolemy/actor/lib/test/auto/ConfigurationSwitch.xml
1 ms. Memory: 351232K Free: 255393K (73%)
----------------- Invoking toplevel() on ptolemy.moml.MoMLSimpleApplication@75b5935d
----------------- Done invoking toplevel() on ptolemy.moml.MoMLSimpleApplication@75b5935d
reloadAllAccessors: .ConfigurationSwitch

===========================================================================================
----------------- testing Sun Jul 19 15:09:39 UTC 2020 /home/travis/build/icyphy/ptII/ptolemy/actor/lib/test/auto/ConfigurationSwitch2.xml
----------------- Instantiating /home/travis/build/icyphy/ptII/ptolemy/actor/lib/test/auto/ConfigurationSwitch2.xml
3 ms. Memory: 351232K Free: 249763K (71%)
----------------- Invoking toplevel() on ptolemy.moml.MoMLSimpleApplication@28cbfb51
----------------- Done invoking toplevel() on ptolemy.moml.MoMLSimpleApplication@28cbfb51
reloadAllAccessors: .ConfigurationSwitch2

===========================================================================================
----------------- testing Sun Jul 19 15:09:39 UTC 2020 /home/travis/build/icyphy/ptII/ptolemy/actor/lib/test/auto/ConfigurationSwitchCloningBugWithClassRelationGroup.xml
----------------- Instantiating /home/travis/build/icyphy/ptII/ptolemy/actor/lib/test/auto/ConfigurationSwitchCloningBugWithClassRelationGroup.xml
1 ms. Memory: 351232K Free: 243105K (69%)
----------------- Invoking toplevel() on ptolemy.moml.MoMLSimpleApplication@460ef91b
----------------- Done invoking toplevel() on ptolemy.moml.MoMLSimpleApplication@460ef91b
reloadAllAccessors: .ConfigurationSwitchCloningBugWithClassRelationGroup

===========================================================================================
----------------- testing Sun Jul 19 15:09:39 UTC 2020 /home/travis/build/icyphy/ptII/ptolemy/actor/lib/test/auto/ConfigurationSwitchSelectSDF.xml
----------------- Instantiating /home/travis/build/icyphy/ptII/ptolemy/actor/lib/test/auto/ConfigurationSwitchSelectSDF.xml
2 ms. Memory: 351232K Free: 237985K (68%)
----------------- Invoking toplevel() on ptolemy.moml.MoMLSimpleApplication@47d18ed3
----------------- Done invoking toplevel() on ptolemy.moml.MoMLSimpleApplication@47d18ed3
reloadAllAccessors: .ConfigurationSwitchSelectSDF

===========================================================================================
----------------- testing Sun Jul 19 15:09:39 UTC 2020 /home/travis/build/icyphy/ptII/ptolemy/actor/lib/test/auto/ConfigurationSwitchSelectSDF2.xml
----------------- Instantiating /home/travis/build/icyphy/ptII/ptolemy/actor/lib/test/auto/ConfigurationSwitchSelectSDF2.xml
2 ms. Memory: 351232K Free: 231841K (66%)
----------------- Invoking toplevel() on ptolemy.moml.MoMLSimpleApplication@5cbf0b59
----------------- Done invoking toplevel() on ptolemy.moml.MoMLSimpleApplication@5cbf0b59
reloadAllAccessors: .ConfigurationSwitchSelectSDF2

===========================================================================================
----------------- testing Sun Jul 19 15:09:39 UTC 2020 /home/travis/build/icyphy/ptII/ptolemy/actor/lib/test/auto/Const.xml
----------------- Instantiating /home/travis/build/icyphy/ptII/ptolemy/actor/lib/test/auto/Const.xml
1 ms. Memory: 351232K Free: 228259K (65%)
----------------- Invoking toplevel() on ptolemy.moml.MoMLSimpleApplication@423aa7cd
----------------- Done invoking toplevel() on ptolemy.moml.MoMLSimpleApplication@423aa7cd
reloadAllAccessors: .Const

===========================================================================================
----------------- testing Sun Jul 19 15:09:39 UTC 2020 /home/travis/build/icyphy/ptII/ptolemy/actor/lib/test/auto/Const2.xml
----------------- Instantiating /home/travis/build/icyphy/ptII/ptolemy/actor/lib/test/auto/Const2.xml
0 ms. Memory: 351232K Free: 224673K (64%)
----------------- Invoking toplevel() on ptolemy.moml.MoMLSimpleApplication@1158887a
----------------- Done invoking toplevel() on ptolemy.moml.MoMLSimpleApplication@1158887a
reloadAllAccessors: .Const2

===========================================================================================
----------------- testing Sun Jul 19 15:09:39 UTC 2020 /home/travis/build/icyphy/ptII/ptolemy/actor/lib/test/auto/Const3.xml
----------------- Instantiating /home/travis/build/icyphy/ptII/ptolemy/actor/lib/test/auto/Const3.xml
0 ms. Memory: 351232K Free: 221601K (63%)
----------------- Invoking toplevel() on ptolemy.moml.MoMLSimpleApplication@56272c72
----------------- Done invoking toplevel() on ptolemy.moml.MoMLSimpleApplication@56272c72
reloadAllAccessors: .Const3

===========================================================================================
----------------- testing Sun Jul 19 15:09:39 UTC 2020 /home/travis/build/icyphy/ptII/ptolemy/actor/lib/test/auto/ConstantPublisherPort1.xml
----------------- Instantiating /home/travis/build/icyphy/ptII/ptolemy/actor/lib/test/auto/ConstantPublisherPort1.xml
5 ms. Memory: 351232K Free: 212899K (61%)
----------------- Invoking toplevel() on ptolemy.moml.MoMLSimpleApplication@2196e322
----------------- Done invoking toplevel() on ptolemy.moml.MoMLSimpleApplication@2196e322
reloadAllAccessors: .ConstantPublisherPort1

===========================================================================================
----------------- testing Sun Jul 19 15:09:39 UTC 2020 /home/travis/build/icyphy/ptII/ptolemy/actor/lib/test/auto/ConstantPublisherPort2.xml
----------------- Instantiating /home/travis/build/icyphy/ptII/ptolemy/actor/lib/test/auto/ConstantPublisherPort2.xml
3 ms. Memory: 351232K Free: 205731K (59%)
----------------- Invoking toplevel() on ptolemy.moml.MoMLSimpleApplication@7e698cc7
----------------- Done invoking toplevel() on ptolemy.moml.MoMLSimpleApplication@7e698cc7
reloadAllAccessors: .ConstantPublisherPort2

===========================================================================================
----------------- testing Sun Jul 19 15:09:39 UTC 2020 /home/travis/build/icyphy/ptII/ptolemy/actor/lib/test/auto/ConstantPublisherPort3.xml
----------------- Instantiating /home/travis/build/icyphy/ptII/ptolemy/actor/lib/test/auto/ConstantPublisherPort3.xml
4 ms. Memory: 351232K Free: 198049K (56%)
----------------- Invoking toplevel() on ptolemy.moml.MoMLSimpleApplication@6866093a
----------------- Done invoking toplevel() on ptolemy.moml.MoMLSimpleApplication@6866093a
reloadAllAccessors: .ConstantPublisherPort3

===========================================================================================
----------------- testing Sun Jul 19 15:09:39 UTC 2020 /home/travis/build/icyphy/ptII/ptolemy/actor/lib/test/auto/ConstantPublisherPort4.xml
----------------- Instantiating /home/travis/build/icyphy/ptII/ptolemy/actor/lib/test/auto/ConstantPublisherPort4.xml
2 ms. Memory: 351232K Free: 191395K (54%)
----------------- Invoking toplevel() on ptolemy.moml.MoMLSimpleApplication@4bc60e1d
----------------- Done invoking toplevel() on ptolemy.moml.MoMLSimpleApplication@4bc60e1d
reloadAllAccessors: .ConstantPublisherPort4

===========================================================================================
----------------- testing Sun Jul 19 15:09:40 UTC 2020 /home/travis/build/icyphy/ptII/ptolemy/actor/lib/test/auto/ConstantPublisherPort5.xml
----------------- Instantiating /home/travis/build/icyphy/ptII/ptolemy/actor/lib/test/auto/ConstantPublisherPort5.xml
32 ms. Memory: 351232K Free: 181155K (52%)
----------------- Invoking toplevel() on ptolemy.moml.MoMLSimpleApplication@6fa3e11e
----------------- Done invoking toplevel() on ptolemy.moml.MoMLSimpleApplication@6fa3e11e
reloadAllAccessors: .ConstantPublisherPort5

===========================================================================================
----------------- testing Sun Jul 19 15:09:40 UTC 2020 /home/travis/build/icyphy/ptII/ptolemy/actor/lib/test/auto/ConstantPublisherPort6.xml
----------------- Instantiating /home/travis/build/icyphy/ptII/ptolemy/actor/lib/test/auto/ConstantPublisherPort6.xml
18 ms. Memory: 351232K Free: 171425K (49%)
----------------- Invoking toplevel() on ptolemy.moml.MoMLSimpleApplication@16104b4c
----------------- Done invoking toplevel() on ptolemy.moml.MoMLSimpleApplication@16104b4c
reloadAllAccessors: .ConstantPublisherPort6

===========================================================================================
----------------- testing Sun Jul 19 15:09:40 UTC 2020 /home/travis/build/icyphy/ptII/ptolemy/actor/lib/test/auto/ConstantPublisherPort7.xml
----------------- Instantiating /home/travis/build/icyphy/ptII/ptolemy/actor/lib/test/auto/ConstantPublisherPort7.xml
15 ms. Memory: 351232K Free: 162723K (46%)
----------------- Invoking toplevel() on ptolemy.moml.MoMLSimpleApplication@7769e5e0
----------------- Done invoking toplevel() on ptolemy.moml.MoMLSimpleApplication@7769e5e0
reloadAllAccessors: .ConstantPublisherPort7

===========================================================================================
----------------- testing Sun Jul 19 15:09:40 UTC 2020 /home/travis/build/icyphy/ptII/ptolemy/actor/lib/test/auto/ConstraintMonitor1.xml
----------------- Instantiating /home/travis/build/icyphy/ptII/ptolemy/actor/lib/test/auto/ConstraintMonitor1.xml
3 ms. Memory: 351232K Free: 157089K (45%)
----------------- Invoking toplevel() on ptolemy.moml.MoMLSimpleApplication@32c361e6
----------------- Done invoking toplevel() on ptolemy.moml.MoMLSimpleApplication@32c361e6
reloadAllAccessors: .ConstraintMonitor1

===========================================================================================
----------------- testing Sun Jul 19 15:09:40 UTC 2020 /home/travis/build/icyphy/ptII/ptolemy/actor/lib/test/auto/ConstraintMonitor2.xml
----------------- Instantiating /home/travis/build/icyphy/ptII/ptolemy/actor/lib/test/auto/ConstraintMonitor2.xml
0 ms. Memory: 351232K Free: 152483K (43%)
----------------- Invoking toplevel() on ptolemy.moml.MoMLSimpleApplication@b3d8aa2
----------------- Done invoking toplevel() on ptolemy.moml.MoMLSimpleApplication@b3d8aa2
reloadAllAccessors: .ConstraintMonitor2

===========================================================================================
----------------- testing Sun Jul 19 15:09:40 UTC 2020 /home/travis/build/icyphy/ptII/ptolemy/actor/lib/test/auto/ConstraintMonitor3.xml
----------------- Instantiating /home/travis/build/icyphy/ptII/ptolemy/actor/lib/test/auto/ConstraintMonitor3.xml
3 ms. Memory: 351232K Free: 148387K (42%)
----------------- Invoking toplevel() on ptolemy.moml.MoMLSimpleApplication@65d0a5b5
----------------- Done invoking toplevel() on ptolemy.moml.MoMLSimpleApplication@65d0a5b5
reloadAllAccessors: .ConstraintMonitor3

===========================================================================================
----------------- testing Sun Jul 19 15:09:40 UTC 2020 /home/travis/build/icyphy/ptII/ptolemy/actor/lib/test/auto/ConstraintMonitor4.xml
----------------- Instantiating /home/travis/build/icyphy/ptII/ptolemy/actor/lib/test/auto/ConstraintMonitor4.xml
1 ms. Memory: 351232K Free: 143267K (41%)
----------------- Invoking toplevel() on ptolemy.moml.MoMLSimpleApplication@555d2bf0
----------------- Done invoking toplevel() on ptolemy.moml.MoMLSimpleApplication@555d2bf0
reloadAllAccessors: .ConstraintMonitor4

===========================================================================================
----------------- testing Sun Jul 19 15:09:40 UTC 2020 /home/travis/build/icyphy/ptII/ptolemy/actor/lib/test/auto/ConstraintMonitor5.xml
----------------- Instantiating /home/travis/build/icyphy/ptII/ptolemy/actor/lib/test/auto/ConstraintMonitor5.xml
3 ms. Memory: 351232K Free: 138147K (39%)
----------------- Invoking toplevel() on ptolemy.moml.MoMLSimpleApplication@639492e6
----------------- Done invoking toplevel() on ptolemy.moml.MoMLSimpleApplication@639492e6
reloadAllAccessors: .ConstraintMonitor5

===========================================================================================
----------------- testing Sun Jul 19 15:09:40 UTC 2020 /home/travis/build/icyphy/ptII/ptolemy/actor/lib/test/auto/ConstraintMonitor6.xml
----------------- Instantiating /home/travis/build/icyphy/ptII/ptolemy/actor/lib/test/auto/ConstraintMonitor6.xml
5 ms. Memory: 351232K Free: 132499K (38%)
----------------- Invoking toplevel() on ptolemy.moml.MoMLSimpleApplication@48b3826a
----------------- Done invoking toplevel() on ptolemy.moml.MoMLSimpleApplication@48b3826a
reloadAllAccessors: .ConstraintMonitor6

===========================================================================================
----------------- testing Sun Jul 19 15:09:40 UTC 2020 /home/travis/build/icyphy/ptII/ptolemy/actor/lib/test/auto/ConstraintMonitor7.xml
----------------- Instantiating /home/travis/build/icyphy/ptII/ptolemy/actor/lib/test/auto/ConstraintMonitor7.xml
2 ms. Memory: 351232K Free: 125859K (36%)
----------------- Invoking toplevel() on ptolemy.moml.MoMLSimpleApplication@37897d33
----------------- Done invoking toplevel() on ptolemy.moml.MoMLSimpleApplication@37897d33
reloadAllAccessors: .ConstraintMonitor7

===========================================================================================
----------------- testing Sun Jul 19 15:09:40 UTC 2020 /home/travis/build/icyphy/ptII/ptolemy/actor/lib/test/auto/ConstraintMonitor8.xml
----------------- Instantiating /home/travis/build/icyphy/ptII/ptolemy/actor/lib/test/auto/ConstraintMonitor8.xml
8 ms. Memory: 351232K Free: 118177K (34%)
----------------- Invoking toplevel() on ptolemy.moml.MoMLSimpleApplication@25ae907a
----------------- Done invoking toplevel() on ptolemy.moml.MoMLSimpleApplication@25ae907a
reloadAllAccessors: .ConstraintMonitor8

===========================================================================================
----------------- testing Sun Jul 19 15:09:40 UTC 2020 /home/travis/build/icyphy/ptII/ptolemy/actor/lib/test/auto/Counter.xml
----------------- Instantiating /home/travis/build/icyphy/ptII/ptolemy/actor/lib/test/auto/Counter.xml
2 ms. Memory: 351232K Free: 113057K (32%)
----------------- Invoking toplevel() on ptolemy.moml.MoMLSimpleApplication@769297c5
----------------- Done invoking toplevel() on ptolemy.moml.MoMLSimpleApplication@769297c5
reloadAllAccessors: .Counter

===========================================================================================
----------------- testing Sun Jul 19 15:09:40 UTC 2020 /home/travis/build/icyphy/ptII/ptolemy/actor/lib/test/auto/CurrentTimeSDF.xml
----------------- Instantiating /home/travis/build/icyphy/ptII/ptolemy/actor/lib/test/auto/CurrentTimeSDF.xml
6 ms. Memory: 351232K Free: 109475K (31%)
----------------- Invoking toplevel() on ptolemy.moml.MoMLSimpleApplication@40bfdcc0
----------------- Done invoking toplevel() on ptolemy.moml.MoMLSimpleApplication@40bfdcc0
reloadAllAccessors: .CurrentTimeSDF

===========================================================================================
----------------- testing Sun Jul 19 15:09:40 UTC 2020 /home/travis/build/icyphy/ptII/ptolemy/actor/lib/test/auto/DB.xml
----------------- Instantiating /home/travis/build/icyphy/ptII/ptolemy/actor/lib/test/auto/DB.xml
1 ms. Memory: 351232K Free: 103841K (30%)
----------------- Invoking toplevel() on ptolemy.moml.MoMLSimpleApplication@660d4312
----------------- Done invoking toplevel() on ptolemy.moml.MoMLSimpleApplication@660d4312
reloadAllAccessors: .DB

===========================================================================================
----------------- testing Sun Jul 19 15:09:40 UTC 2020 /home/travis/build/icyphy/ptII/ptolemy/actor/lib/test/auto/DBDE.xml
----------------- Instantiating /home/travis/build/icyphy/ptII/ptolemy/actor/lib/test/auto/DBDE.xml
2 ms. Memory: 351232K Free: 97683K (28%)
----------------- Invoking toplevel() on ptolemy.moml.MoMLSimpleApplication@e3eaf21
----------------- Done invoking toplevel() on ptolemy.moml.MoMLSimpleApplication@e3eaf21
reloadAllAccessors: .DBDE

===========================================================================================
----------------- testing Sun Jul 19 15:09:40 UTC 2020 /home/travis/build/icyphy/ptII/ptolemy/actor/lib/test/auto/DateConstructor.xml
----------------- Instantiating /home/travis/build/icyphy/ptII/ptolemy/actor/lib/test/auto/DateConstructor.xml
22 ms. Memory: 351232K Free: 287503K (82%)
----------------- Invoking toplevel() on ptolemy.moml.MoMLSimpleApplication@7e614896
----------------- Done invoking toplevel() on ptolemy.moml.MoMLSimpleApplication@7e614896
reloadAllAccessors: .DateConstructor

===========================================================================================
----------------- testing Sun Jul 19 15:09:40 UTC 2020 /home/travis/build/icyphy/ptII/ptolemy/actor/lib/test/auto/DelayTime.xml
----------------- Instantiating /home/travis/build/icyphy/ptII/ptolemy/actor/lib/test/auto/DelayTime.xml
5 ms. Memory: 351232K Free: 282383K (80%)
----------------- Invoking toplevel() on ptolemy.moml.MoMLSimpleApplication@418d399a
----------------- Done invoking toplevel() on ptolemy.moml.MoMLSimpleApplication@418d399a
reloadAllAccessors: .DelayTime

===========================================================================================
----------------- testing Sun Jul 19 15:09:40 UTC 2020 /home/travis/build/icyphy/ptII/ptolemy/actor/lib/test/auto/Dictionary1.xml
----------------- Instantiating /home/travis/build/icyphy/ptII/ptolemy/actor/lib/test/auto/Dictionary1.xml
1 ms. Memory: 351232K Free: 276753K (79%)
----------------- Invoking toplevel() on ptolemy.moml.MoMLSimpleApplication@2e8003cd
----------------- Done invoking toplevel() on ptolemy.moml.MoMLSimpleApplication@2e8003cd
reloadAllAccessors: .Dictionary1

===========================================================================================
----------------- testing Sun Jul 19 15:09:40 UTC 2020 /home/travis/build/icyphy/ptII/ptolemy/actor/lib/test/auto/Dictionary2.xml
----------------- Instantiating /home/travis/build/icyphy/ptII/ptolemy/actor/lib/test/auto/Dictionary2.xml
4 ms. Memory: 351232K Free: 271119K (77%)
----------------- Invoking toplevel() on ptolemy.moml.MoMLSimpleApplication@7edcc9da
----------------- Done invoking toplevel() on ptolemy.moml.MoMLSimpleApplication@7edcc9da
reloadAllAccessors: .Dictionary2

===========================================================================================
----------------- testing Sun Jul 19 15:09:40 UTC 2020 /home/travis/build/icyphy/ptII/ptolemy/actor/lib/test/auto/Dictionary3.xml
----------------- Instantiating /home/travis/build/icyphy/ptII/ptolemy/actor/lib/test/auto/Dictionary3.xml
1 ms. Memory: 351232K Free: 265999K (76%)
----------------- Invoking toplevel() on ptolemy.moml.MoMLSimpleApplication@77dc23cc
----------------- Done invoking toplevel() on ptolemy.moml.MoMLSimpleApplication@77dc23cc
reloadAllAccessors: .Dictionary3

===========================================================================================
----------------- testing Sun Jul 19 15:09:40 UTC 2020 /home/travis/build/icyphy/ptII/ptolemy/actor/lib/test/auto/Dictionary4.xml
----------------- Instantiating /home/travis/build/icyphy/ptII/ptolemy/actor/lib/test/auto/Dictionary4.xml
3 ms. Memory: 351232K Free: 258825K (74%)
----------------- Invoking toplevel() on ptolemy.moml.MoMLSimpleApplication@32cea168
----------------- Done invoking toplevel() on ptolemy.moml.MoMLSimpleApplication@32cea168
reloadAllAccessors: .Dictionary4

===========================================================================================
----------------- testing Sun Jul 19 15:09:40 UTC 2020 /home/travis/build/icyphy/ptII/ptolemy/actor/lib/test/auto/Differential.xml
----------------- Instantiating /home/travis/build/icyphy/ptII/ptolemy/actor/lib/test/auto/Differential.xml
3 ms. Memory: 351232K Free: 254225K (72%)
----------------- Invoking toplevel() on ptolemy.moml.MoMLSimpleApplication@7e543e90
----------------- Done invoking toplevel() on ptolemy.moml.MoMLSimpleApplication@7e543e90
reloadAllAccessors: .Differential

===========================================================================================
----------------- testing Sun Jul 19 15:09:40 UTC 2020 /home/travis/build/icyphy/ptII/ptolemy/actor/lib/test/auto/Director.xml
----------------- Instantiating /home/travis/build/icyphy/ptII/ptolemy/actor/lib/test/auto/Director.xml
1 ms. Memory: 351232K Free: 250639K (71%)
----------------- Invoking toplevel() on ptolemy.moml.MoMLSimpleApplication@72680e74
----------------- Done invoking toplevel() on ptolemy.moml.MoMLSimpleApplication@72680e74
reloadAllAccessors: .Director

===========================================================================================
----------------- testing Sun Jul 19 15:09:40 UTC 2020 /home/travis/build/icyphy/ptII/ptolemy/actor/lib/test/auto/DiscreteClock.xml
----------------- Instantiating /home/travis/build/icyphy/ptII/ptolemy/actor/lib/test/auto/DiscreteClock.xml
1 ms. Memory: 351232K Free: 246543K (70%)
----------------- Invoking toplevel() on ptolemy.moml.MoMLSimpleApplication@73870e0f
----------------- Done invoking toplevel() on ptolemy.moml.MoMLSimpleApplication@73870e0f
reloadAllAccessors: .DiscreteClock

===========================================================================================
----------------- testing Sun Jul 19 15:09:40 UTC 2020 /home/travis/build/icyphy/ptII/ptolemy/actor/lib/test/auto/DiscreteClock10.xml
----------------- Instantiating /home/travis/build/icyphy/ptII/ptolemy/actor/lib/test/auto/DiscreteClock10.xml
5 ms. Memory: 351232K Free: 240913K (69%)
----------------- Invoking toplevel() on ptolemy.moml.MoMLSimpleApplication@6d640d20
----------------- Done invoking toplevel() on ptolemy.moml.MoMLSimpleApplication@6d640d20
reloadAllAccessors: .DiscreteClock10

===========================================================================================
----------------- testing Sun Jul 19 15:09:40 UTC 2020 /home/travis/build/icyphy/ptII/ptolemy/actor/lib/test/auto/DiscreteClock11.xml
----------------- Instantiating /home/travis/build/icyphy/ptII/ptolemy/actor/lib/test/auto/DiscreteClock11.xml
1 ms. Memory: 351232K Free: 234769K (67%)
----------------- Invoking toplevel() on ptolemy.moml.MoMLSimpleApplication@471e566
----------------- Done invoking toplevel() on ptolemy.moml.MoMLSimpleApplication@471e566
reloadAllAccessors: .DiscreteClock11

===========================================================================================
----------------- testing Sun Jul 19 15:09:40 UTC 2020 /home/travis/build/icyphy/ptII/ptolemy/actor/lib/test/auto/DiscreteClock12.xml
----------------- Instantiating /home/travis/build/icyphy/ptII/ptolemy/actor/lib/test/auto/DiscreteClock12.xml
2 ms. Memory: 351232K Free: 228625K (65%)
----------------- Invoking toplevel() on ptolemy.moml.MoMLSimpleApplication@428562b1
----------------- Done invoking toplevel() on ptolemy.moml.MoMLSimpleApplication@428562b1
reloadAllAccessors: .DiscreteClock12

===========================================================================================
----------------- testing Sun Jul 19 15:09:40 UTC 2020 /home/travis/build/icyphy/ptII/ptolemy/actor/lib/test/auto/DiscreteClock13.xml
----------------- Instantiating /home/travis/build/icyphy/ptII/ptolemy/actor/lib/test/auto/DiscreteClock13.xml
3 ms. Memory: 351232K Free: 222481K (63%)
----------------- Invoking toplevel() on ptolemy.moml.MoMLSimpleApplication@2f46f165
----------------- Done invoking toplevel() on ptolemy.moml.MoMLSimpleApplication@2f46f165
reloadAllAccessors: .DiscreteClock13

===========================================================================================
----------------- testing Sun Jul 19 15:09:40 UTC 2020 /home/travis/build/icyphy/ptII/ptolemy/actor/lib/test/auto/DiscreteClock14.xml
----------------- Instantiating /home/travis/build/icyphy/ptII/ptolemy/actor/lib/test/auto/DiscreteClock14.xml
4 ms. Memory: 351232K Free: 216833K (62%)
----------------- Invoking toplevel() on ptolemy.moml.MoMLSimpleApplication@1ae8ca88
----------------- Done invoking toplevel() on ptolemy.moml.MoMLSimpleApplication@1ae8ca88
reloadAllAccessors: .DiscreteClock14

===========================================================================================
----------------- testing Sun Jul 19 15:09:40 UTC 2020 /home/travis/build/icyphy/ptII/ptolemy/actor/lib/test/auto/DiscreteClock15.xml
----------------- Instantiating /home/travis/build/icyphy/ptII/ptolemy/actor/lib/test/auto/DiscreteClock15.xml
4 ms. Memory: 351232K Free: 210689K (60%)
----------------- Invoking toplevel() on ptolemy.moml.MoMLSimpleApplication@4cb0e012
----------------- Done invoking toplevel() on ptolemy.moml.MoMLSimpleApplication@4cb0e012
reloadAllAccessors: .DiscreteClock15

===========================================================================================
----------------- testing Sun Jul 19 15:09:40 UTC 2020 /home/travis/build/icyphy/ptII/ptolemy/actor/lib/test/auto/DiscreteClock16.xml
----------------- Instantiating /home/travis/build/icyphy/ptII/ptolemy/actor/lib/test/auto/DiscreteClock16.xml
11 ms. Memory: 351232K Free: 196881K (56%)
----------------- Invoking toplevel() on ptolemy.moml.MoMLSimpleApplication@6955112a
----------------- Done invoking toplevel() on ptolemy.moml.MoMLSimpleApplication@6955112a
reloadAllAccessors: .DiscreteClock16

===========================================================================================
----------------- testing Sun Jul 19 15:09:40 UTC 2020 /home/travis/build/icyphy/ptII/ptolemy/actor/lib/test/auto/DiscreteClock17.xml
----------------- Instantiating /home/travis/build/icyphy/ptII/ptolemy/actor/lib/test/auto/DiscreteClock17.xml
13 ms. Memory: 351232K Free: 182017K (52%)
----------------- Invoking toplevel() on ptolemy.moml.MoMLSimpleApplication@9617959
----------------- Done invoking toplevel() on ptolemy.moml.MoMLSimpleApplication@9617959
reloadAllAccessors: .DiscreteClock17

===========================================================================================
----------------- testing Sun Jul 19 15:09:40 UTC 2020 /home/travis/build/icyphy/ptII/ptolemy/actor/lib/test/auto/DiscreteClock18.xml
----------------- Instantiating /home/travis/build/icyphy/ptII/ptolemy/actor/lib/test/auto/DiscreteClock18.xml
9 ms. Memory: 351232K Free: 169233K (48%)
----------------- Invoking toplevel() on ptolemy.moml.MoMLSimpleApplication@2129b40c
----------------- Done invoking toplevel() on ptolemy.moml.MoMLSimpleApplication@2129b40c
reloadAllAccessors: .DiscreteClock18

===========================================================================================
----------------- testing Sun Jul 19 15:09:40 UTC 2020 /home/travis/build/icyphy/ptII/ptolemy/actor/lib/test/auto/DiscreteClock19.xml
----------------- Instantiating /home/travis/build/icyphy/ptII/ptolemy/actor/lib/test/auto/DiscreteClock19.xml
17 ms. Memory: 351232K Free: 155377K (44%)
----------------- Invoking toplevel() on ptolemy.moml.MoMLSimpleApplication@3e0e5a74
----------------- Done invoking toplevel() on ptolemy.moml.MoMLSimpleApplication@3e0e5a74
reloadAllAccessors: .DiscreteClock19

===========================================================================================
----------------- testing Sun Jul 19 15:09:40 UTC 2020 /home/travis/build/icyphy/ptII/ptolemy/actor/lib/test/auto/DiscreteClock2.xml
----------------- Instantiating /home/travis/build/icyphy/ptII/ptolemy/actor/lib/test/auto/DiscreteClock2.xml
2 ms. Memory: 351232K Free: 150257K (43%)
----------------- Invoking toplevel() on ptolemy.moml.MoMLSimpleApplication@1d985f33
----------------- Done invoking toplevel() on ptolemy.moml.MoMLSimpleApplication@1d985f33
reloadAllAccessors: .DiscreteClock2

===========================================================================================
----------------- testing Sun Jul 19 15:09:40 UTC 2020 /home/travis/build/icyphy/ptII/ptolemy/actor/lib/test/auto/DiscreteClock20.xml
----------------- Instantiating /home/travis/build/icyphy/ptII/ptolemy/actor/lib/test/auto/DiscreteClock20.xml
5 ms. Memory: 351232K Free: 144657K (41%)
----------------- Invoking toplevel() on ptolemy.moml.MoMLSimpleApplication@2f65232a
----------------- Done invoking toplevel() on ptolemy.moml.MoMLSimpleApplication@2f65232a
reloadAllAccessors: .DiscreteClock20

===========================================================================================
----------------- testing Sun Jul 19 15:09:40 UTC 2020 /home/travis/build/icyphy/ptII/ptolemy/actor/lib/test/auto/DiscreteClock21.xml
----------------- Instantiating /home/travis/build/icyphy/ptII/ptolemy/actor/lib/test/auto/DiscreteClock21.xml
4 ms. Memory: 351232K Free: 139023K (40%)
----------------- Invoking toplevel() on ptolemy.moml.MoMLSimpleApplication@6799f152
----------------- Done invoking toplevel() on ptolemy.moml.MoMLSimpleApplication@6799f152
reloadAllAccessors: .DiscreteClock21

===========================================================================================
----------------- testing Sun Jul 19 15:09:40 UTC 2020 /home/travis/build/icyphy/ptII/ptolemy/actor/lib/test/auto/DiscreteClock22.xml
----------------- Instantiating /home/travis/build/icyphy/ptII/ptolemy/actor/lib/test/auto/DiscreteClock22.xml
4 ms. Memory: 351232K Free: 133903K (38%)
----------------- Invoking toplevel() on ptolemy.moml.MoMLSimpleApplication@4beaff1d
----------------- Done invoking toplevel() on ptolemy.moml.MoMLSimpleApplication@4beaff1d
reloadAllAccessors: .DiscreteClock22

===========================================================================================
----------------- testing Sun Jul 19 15:09:40 UTC 2020 /home/travis/build/icyphy/ptII/ptolemy/actor/lib/test/auto/DiscreteClock23.xml
----------------- Instantiating /home/travis/build/icyphy/ptII/ptolemy/actor/lib/test/auto/DiscreteClock23.xml
9 ms. Memory: 351232K Free: 128273K (37%)
----------------- Invoking toplevel() on ptolemy.moml.MoMLSimpleApplication@24a33ac6
----------------- Done invoking toplevel() on ptolemy.moml.MoMLSimpleApplication@24a33ac6
reloadAllAccessors: .DiscreteClock23

===========================================================================================
----------------- testing Sun Jul 19 15:09:40 UTC 2020 /home/travis/build/icyphy/ptII/ptolemy/actor/lib/test/auto/DiscreteClock24.xml
----------------- Instantiating /home/travis/build/icyphy/ptII/ptolemy/actor/lib/test/auto/DiscreteClock24.xml
3 ms. Memory: 351232K Free: 122639K (35%)
----------------- Invoking toplevel() on ptolemy.moml.MoMLSimpleApplication@8a96bdb
----------------- Done invoking toplevel() on ptolemy.moml.MoMLSimpleApplication@8a96bdb
reloadAllAccessors: .DiscreteClock24

===========================================================================================
----------------- testing Sun Jul 19 15:09:40 UTC 2020 /home/travis/build/icyphy/ptII/ptolemy/actor/lib/test/auto/DiscreteClock4.xml
----------------- Instantiating /home/travis/build/icyphy/ptII/ptolemy/actor/lib/test/auto/DiscreteClock4.xml
3 ms. Memory: 351232K Free: 117009K (33%)
----------------- Invoking toplevel() on ptolemy.moml.MoMLSimpleApplication@73eedd08
----------------- Done invoking toplevel() on ptolemy.moml.MoMLSimpleApplication@73eedd08
reloadAllAccessors: .DiscreteClock4

===========================================================================================
----------------- testing Sun Jul 19 15:09:40 UTC 2020 /home/travis/build/icyphy/ptII/ptolemy/actor/lib/test/auto/DiscreteClock5.xml
----------------- Instantiating /home/travis/build/icyphy/ptII/ptolemy/actor/lib/test/auto/DiscreteClock5.xml
1 ms. Memory: 351232K Free: 111889K (32%)
----------------- Invoking toplevel() on ptolemy.moml.MoMLSimpleApplication@34fd9b43
----------------- Done invoking toplevel() on ptolemy.moml.MoMLSimpleApplication@34fd9b43
reloadAllAccessors: .DiscreteClock5

===========================================================================================
----------------- testing Sun Jul 19 15:09:40 UTC 2020 /home/travis/build/icyphy/ptII/ptolemy/actor/lib/test/auto/DiscreteClock6.xml
----------------- Instantiating /home/travis/build/icyphy/ptII/ptolemy/actor/lib/test/auto/DiscreteClock6.xml
1 ms. Memory: 351232K Free: 107793K (31%)
----------------- Invoking toplevel() on ptolemy.moml.MoMLSimpleApplication@11c02196
----------------- Done invoking toplevel() on ptolemy.moml.MoMLSimpleApplication@11c02196
reloadAllAccessors: .DiscreteClock6

===========================================================================================
----------------- testing Sun Jul 19 15:09:41 UTC 2020 /home/travis/build/icyphy/ptII/ptolemy/actor/lib/test/auto/DiscreteClock7.xml
----------------- Instantiating /home/travis/build/icyphy/ptII/ptolemy/actor/lib/test/auto/DiscreteClock7.xml
1 ms. Memory: 351232K Free: 103183K (29%)
----------------- Invoking toplevel() on ptolemy.moml.MoMLSimpleApplication@11cd1a1e
----------------- Done invoking toplevel() on ptolemy.moml.MoMLSimpleApplication@11cd1a1e
reloadAllAccessors: .DiscreteClock7

===========================================================================================
----------------- testing Sun Jul 19 15:09:41 UTC 2020 /home/travis/build/icyphy/ptII/ptolemy/actor/lib/test/auto/DiscreteClock8.xml
----------------- Instantiating /home/travis/build/icyphy/ptII/ptolemy/actor/lib/test/auto/DiscreteClock8.xml
1 ms. Memory: 351232K Free: 97553K (28%)
----------------- Invoking toplevel() on ptolemy.moml.MoMLSimpleApplication@3d9dfde0
----------------- Done invoking toplevel() on ptolemy.moml.MoMLSimpleApplication@3d9dfde0
reloadAllAccessors: .DiscreteClock8

===========================================================================================
----------------- testing Sun Jul 19 15:09:41 UTC 2020 /home/travis/build/icyphy/ptII/ptolemy/actor/lib/test/auto/DiscreteClock9.xml
----------------- Instantiating /home/travis/build/icyphy/ptII/ptolemy/actor/lib/test/auto/DiscreteClock9.xml
4 ms. Memory: 351232K Free: 298395K (85%)
----------------- Invoking toplevel() on ptolemy.moml.MoMLSimpleApplication@6fb8e6ad
----------------- Done invoking toplevel() on ptolemy.moml.MoMLSimpleApplication@6fb8e6ad
reloadAllAccessors: .DiscreteClock9

===========================================================================================
----------------- testing Sun Jul 19 15:09:41 UTC 2020 /home/travis/build/icyphy/ptII/ptolemy/actor/lib/test/auto/DisplayArray.xml
----------------- Instantiating /home/travis/build/icyphy/ptII/ptolemy/actor/lib/test/auto/DisplayArray.xml
1 ms. Memory: 351232K Free: 295329K (84%)
----------------- Invoking toplevel() on ptolemy.moml.MoMLSimpleApplication@57e30a31
----------------- Done invoking toplevel() on ptolemy.moml.MoMLSimpleApplication@57e30a31
reloadAllAccessors: .DisplayArray

===========================================================================================
----------------- testing Sun Jul 19 15:09:41 UTC 2020 /home/travis/build/icyphy/ptII/ptolemy/actor/lib/test/auto/Distributor.xml
----------------- Instantiating /home/travis/build/icyphy/ptII/ptolemy/actor/lib/test/auto/Distributor.xml
1 ms. Memory: 351232K Free: 290209K (83%)
----------------- Invoking toplevel() on ptolemy.moml.MoMLSimpleApplication@18e8333a
----------------- Done invoking toplevel() on ptolemy.moml.MoMLSimpleApplication@18e8333a
reloadAllAccessors: .Distributor

===========================================================================================
----------------- testing Sun Jul 19 15:09:41 UTC 2020 /home/travis/build/icyphy/ptII/ptolemy/actor/lib/test/auto/Distributor2.xml
----------------- Instantiating /home/travis/build/icyphy/ptII/ptolemy/actor/lib/test/auto/Distributor2.xml
1 ms. Memory: 351232K Free: 285089K (81%)
----------------- Invoking toplevel() on ptolemy.moml.MoMLSimpleApplication@6eb307dc
----------------- Done invoking toplevel() on ptolemy.moml.MoMLSimpleApplication@6eb307dc
reloadAllAccessors: .Distributor2

===========================================================================================
----------------- testing Sun Jul 19 15:09:41 UTC 2020 /home/travis/build/icyphy/ptII/ptolemy/actor/lib/test/auto/DownSample.xml
----------------- Instantiating /home/travis/build/icyphy/ptII/ptolemy/actor/lib/test/auto/DownSample.xml
1 ms. Memory: 351232K Free: 280483K (80%)
----------------- Invoking toplevel() on ptolemy.moml.MoMLSimpleApplication@2068f521
----------------- Done invoking toplevel() on ptolemy.moml.MoMLSimpleApplication@2068f521
reloadAllAccessors: .DownSample

===========================================================================================
----------------- testing Sun Jul 19 15:09:41 UTC 2020 /home/travis/build/icyphy/ptII/ptolemy/actor/lib/test/auto/ElectronicUnitBase1.xml
----------------- Instantiating /home/travis/build/icyphy/ptII/ptolemy/actor/lib/test/auto/ElectronicUnitBase1.xml
15 ms. Memory: 351232K Free: 265123K (75%)
----------------- Invoking toplevel() on ptolemy.moml.MoMLSimpleApplication@593e9e9c
----------------- Done invoking toplevel() on ptolemy.moml.MoMLSimpleApplication@593e9e9c
reloadAllAccessors: .ElectronicUnitBase1

===========================================================================================
----------------- testing Sun Jul 19 15:09:41 UTC 2020 /home/travis/build/icyphy/ptII/ptolemy/actor/lib/test/auto/ElementsToArray.xml
----------------- Instantiating /home/travis/build/icyphy/ptII/ptolemy/actor/lib/test/auto/ElementsToArray.xml
2 ms. Memory: 351232K Free: 260003K (74%)
----------------- Invoking toplevel() on ptolemy.moml.MoMLSimpleApplication@3d0c57d1
----------------- Done invoking toplevel() on ptolemy.moml.MoMLSimpleApplication@3d0c57d1
reloadAllAccessors: .ElementsToArray

===========================================================================================
----------------- testing Sun Jul 19 15:09:41 UTC 2020 /home/travis/build/icyphy/ptII/ptolemy/actor/lib/test/auto/Equals.xml
----------------- Instantiating /home/travis/build/icyphy/ptII/ptolemy/actor/lib/test/auto/Equals.xml
2 ms. Memory: 351232K Free: 255393K (73%)
----------------- Invoking toplevel() on ptolemy.moml.MoMLSimpleApplication@490bb7cc
----------------- Done invoking toplevel() on ptolemy.moml.MoMLSimpleApplication@490bb7cc
reloadAllAccessors: .Equals

===========================================================================================
----------------- testing Sun Jul 19 15:09:41 UTC 2020 /home/travis/build/icyphy/ptII/ptolemy/actor/lib/test/auto/Exec.xml
----------------- Instantiating /home/travis/build/icyphy/ptII/ptolemy/actor/lib/test/auto/Exec.xml
17 ms. Memory: 351232K Free: 250273K (71%)
----------------- Invoking toplevel() on ptolemy.moml.MoMLSimpleApplication@7e1c1746
----------------- Done invoking toplevel() on ptolemy.moml.MoMLSimpleApplication@7e1c1746
reloadAllAccessors: .Exec

===========================================================================================
----------------- testing Sun Jul 19 15:09:41 UTC 2020 /home/travis/build/icyphy/ptII/ptolemy/actor/lib/test/auto/ExecEnvironment.xml
----------------- Instantiating /home/travis/build/icyphy/ptII/ptolemy/actor/lib/test/auto/ExecEnvironment.xml
19 ms. Memory: 351232K Free: 245667K (70%)
----------------- Invoking toplevel() on ptolemy.moml.MoMLSimpleApplication@4443dfda
----------------- Done invoking toplevel() on ptolemy.moml.MoMLSimpleApplication@4443dfda
reloadAllAccessors: .ExecEnvironment

===========================================================================================
----------------- testing Sun Jul 19 15:09:41 UTC 2020 /home/travis/build/icyphy/ptII/ptolemy/actor/lib/test/auto/ExecNonZeroReturnOutput.xml
----------------- Instantiating /home/travis/build/icyphy/ptII/ptolemy/actor/lib/test/auto/ExecNonZeroReturnOutput.xml
148 ms. Memory: 351232K Free: 234403K (67%)
----------------- Invoking toplevel() on ptolemy.moml.MoMLSimpleApplication@50eb04b0
----------------- Done invoking toplevel() on ptolemy.moml.MoMLSimpleApplication@50eb04b0
reloadAllAccessors: .ExecNonZeroReturnOutput

===========================================================================================
----------------- testing Sun Jul 19 15:09:41 UTC 2020 /home/travis/build/icyphy/ptII/ptolemy/actor/lib/test/auto/ExecRunDemos.xml
----------------- Instantiating /home/travis/build/icyphy/ptII/ptolemy/actor/lib/test/auto/ExecRunDemos.xml
Finished: 50 ms. Memory: 129024K Free: 112178K (87%)

Finished: 79 ms. Memory: 129024K Free: 109609K (85%)

Finished: 97 ms. Memory: 129024K Free: 109583K (85%)

Finished: 99 ms. Memory: 129024K Free: 111020K (86%)

Finished: 55 ms. Memory: 129024K Free: 111825K (87%)

9876 ms. Memory: 351232K Free: 212897K (61%)
----------------- Invoking toplevel() on ptolemy.moml.MoMLSimpleApplication@27b1347a
----------------- Done invoking toplevel() on ptolemy.moml.MoMLSimpleApplication@27b1347a
reloadAllAccessors: .ExecRunDemos

===========================================================================================
----------------- testing Sun Jul 19 15:09:51 UTC 2020 /home/travis/build/icyphy/ptII/ptolemy/actor/lib/test/auto/ExecStop.xml
----------------- Instantiating /home/travis/build/icyphy/ptII/ptolemy/actor/lib/test/auto/ExecStop.xml
5008 ms. Memory: 351232K Free: 106403K (30%)
----------------- Invoking toplevel() on ptolemy.moml.MoMLSimpleApplication@2d9a5e62
----------------- Done invoking toplevel() on ptolemy.moml.MoMLSimpleApplication@2d9a5e62
reloadAllAccessors: .ExecStop

===========================================================================================
----------------- testing Sun Jul 19 15:09:56 UTC 2020 /home/travis/build/icyphy/ptII/ptolemy/actor/lib/test/auto/ExecutionTimeSDF.xml
----------------- Instantiating /home/travis/build/icyphy/ptII/ptolemy/actor/lib/test/auto/ExecutionTimeSDF.xml
Fired ExecutionTime: -460567296
Fired ExecutionTime: 1336000000
Fired ExecutionTime: -174967296
6004 ms. Memory: 351232K Free: 300712K (86%)
----------------- Invoking toplevel() on ptolemy.moml.MoMLSimpleApplication@5049359e
----------------- Done invoking toplevel() on ptolemy.moml.MoMLSimpleApplication@5049359e
reloadAllAccessors: .ExecutionTimeSDF

===========================================================================================
----------------- testing Sun Jul 19 15:10:02 UTC 2020 /home/travis/build/icyphy/ptII/ptolemy/actor/lib/test/auto/Expression1.xml
----------------- Instantiating /home/travis/build/icyphy/ptII/ptolemy/actor/lib/test/auto/Expression1.xml
1 ms. Memory: 351232K Free: 297126K (85%)
----------------- Invoking toplevel() on ptolemy.moml.MoMLSimpleApplication@7adaf71c
----------------- Done invoking toplevel() on ptolemy.moml.MoMLSimpleApplication@7adaf71c
reloadAllAccessors: .Expression1

===========================================================================================
----------------- testing Sun Jul 19 15:10:02 UTC 2020 /home/travis/build/icyphy/ptII/ptolemy/actor/lib/test/auto/Expression10.xml
----------------- Instantiating /home/travis/build/icyphy/ptII/ptolemy/actor/lib/test/auto/Expression10.xml
4 ms. Memory: 351232K Free: 291496K (83%)
----------------- Invoking toplevel() on ptolemy.moml.MoMLSimpleApplication@46578758
----------------- Done invoking toplevel() on ptolemy.moml.MoMLSimpleApplication@46578758
reloadAllAccessors: .Expression10

===========================================================================================
----------------- testing Sun Jul 19 15:10:02 UTC 2020 /home/travis/build/icyphy/ptII/ptolemy/actor/lib/test/auto/Expression11.xml
----------------- Instantiating /home/travis/build/icyphy/ptII/ptolemy/actor/lib/test/auto/Expression11.xml
1 ms. Memory: 351232K Free: 287400K (82%)
----------------- Invoking toplevel() on ptolemy.moml.MoMLSimpleApplication@22c5b59
----------------- Done invoking toplevel() on ptolemy.moml.MoMLSimpleApplication@22c5b59
reloadAllAccessors: .Expression11

===========================================================================================
----------------- testing Sun Jul 19 15:10:02 UTC 2020 /home/travis/build/icyphy/ptII/ptolemy/actor/lib/test/auto/Expression12.xml
----------------- Instantiating /home/travis/build/icyphy/ptII/ptolemy/actor/lib/test/auto/Expression12.xml
2 ms. Memory: 351232K Free: 281766K (80%)
----------------- Invoking toplevel() on ptolemy.moml.MoMLSimpleApplication@1783a955
----------------- Done invoking toplevel() on ptolemy.moml.MoMLSimpleApplication@1783a955
reloadAllAccessors: .Expression12

===========================================================================================
----------------- testing Sun Jul 19 15:10:02 UTC 2020 /home/travis/build/icyphy/ptII/ptolemy/actor/lib/test/auto/Expression13.xml
----------------- Instantiating /home/travis/build/icyphy/ptII/ptolemy/actor/lib/test/auto/Expression13.xml
3 ms. Memory: 351232K Free: 277160K (79%)
----------------- Invoking toplevel() on ptolemy.moml.MoMLSimpleApplication@77b0eddb
----------------- Done invoking toplevel() on ptolemy.moml.MoMLSimpleApplication@77b0eddb
reloadAllAccessors: .Expression13

===========================================================================================
----------------- testing Sun Jul 19 15:10:02 UTC 2020 /home/travis/build/icyphy/ptII/ptolemy/actor/lib/test/auto/Expression14.xml
----------------- Instantiating /home/travis/build/icyphy/ptII/ptolemy/actor/lib/test/auto/Expression14.xml
3 ms. Memory: 351232K Free: 271016K (77%)
----------------- Invoking toplevel() on ptolemy.moml.MoMLSimpleApplication@491fdb6e
----------------- Done invoking toplevel() on ptolemy.moml.MoMLSimpleApplication@491fdb6e
reloadAllAccessors: .Expression14

===========================================================================================
----------------- testing Sun Jul 19 15:10:02 UTC 2020 /home/travis/build/icyphy/ptII/ptolemy/actor/lib/test/auto/Expression15.xml
----------------- Instantiating /home/travis/build/icyphy/ptII/ptolemy/actor/lib/test/auto/Expression15.xml
1 ms. Memory: 351232K Free: 267944K (76%)
----------------- Invoking toplevel() on ptolemy.moml.MoMLSimpleApplication@3787c331
----------------- Done invoking toplevel() on ptolemy.moml.MoMLSimpleApplication@3787c331
reloadAllAccessors: .Expression15

===========================================================================================
----------------- testing Sun Jul 19 15:10:02 UTC 2020 /home/travis/build/icyphy/ptII/ptolemy/actor/lib/test/auto/Expression16.xml
----------------- Instantiating /home/travis/build/icyphy/ptII/ptolemy/actor/lib/test/auto/Expression16.xml
2 ms. Memory: 351232K Free: 262824K (75%)
----------------- Invoking toplevel() on ptolemy.moml.MoMLSimpleApplication@2cb3ad7b
----------------- Done invoking toplevel() on ptolemy.moml.MoMLSimpleApplication@2cb3ad7b
reloadAllAccessors: .Expression16

===========================================================================================
----------------- testing Sun Jul 19 15:10:02 UTC 2020 /home/travis/build/icyphy/ptII/ptolemy/actor/lib/test/auto/Expression17.xml
----------------- Instantiating /home/travis/build/icyphy/ptII/ptolemy/actor/lib/test/auto/Expression17.xml
3 ms. Memory: 351232K Free: 257704K (73%)
----------------- Invoking toplevel() on ptolemy.moml.MoMLSimpleApplication@6eeb4c6c
----------------- Done invoking toplevel() on ptolemy.moml.MoMLSimpleApplication@6eeb4c6c
reloadAllAccessors: .Expression17

===========================================================================================
----------------- testing Sun Jul 19 15:10:02 UTC 2020 /home/travis/build/icyphy/ptII/ptolemy/actor/lib/test/auto/Expression18.xml
----------------- Instantiating /home/travis/build/icyphy/ptII/ptolemy/actor/lib/test/auto/Expression18.xml
2 ms. Memory: 351232K Free: 253094K (72%)
----------------- Invoking toplevel() on ptolemy.moml.MoMLSimpleApplication@7e11657d
----------------- Done invoking toplevel() on ptolemy.moml.MoMLSimpleApplication@7e11657d
reloadAllAccessors: .Expression18

===========================================================================================
----------------- testing Sun Jul 19 15:10:02 UTC 2020 /home/travis/build/icyphy/ptII/ptolemy/actor/lib/test/auto/Expression2.xml
----------------- Instantiating /home/travis/build/icyphy/ptII/ptolemy/actor/lib/test/auto/Expression2.xml
2 ms. Memory: 351232K Free: 247974K (71%)
----------------- Invoking toplevel() on ptolemy.moml.MoMLSimpleApplication@521575f3
----------------- Done invoking toplevel() on ptolemy.moml.MoMLSimpleApplication@521575f3
reloadAllAccessors: .Expression2

===========================================================================================
----------------- testing Sun Jul 19 15:10:02 UTC 2020 /home/travis/build/icyphy/ptII/ptolemy/actor/lib/test/auto/Expression3.xml
----------------- Instantiating /home/travis/build/icyphy/ptII/ptolemy/actor/lib/test/auto/Expression3.xml
6 ms. Memory: 351232K Free: 243368K (69%)
----------------- Invoking toplevel() on ptolemy.moml.MoMLSimpleApplication@562f6112
----------------- Done invoking toplevel() on ptolemy.moml.MoMLSimpleApplication@562f6112
reloadAllAccessors: .Expression3

===========================================================================================
----------------- testing Sun Jul 19 15:10:02 UTC 2020 /home/travis/build/icyphy/ptII/ptolemy/actor/lib/test/auto/Expression4.xml
----------------- Instantiating /home/travis/build/icyphy/ptII/ptolemy/actor/lib/test/auto/Expression4.xml
4 ms. Memory: 351232K Free: 235686K (67%)
----------------- Invoking toplevel() on ptolemy.moml.MoMLSimpleApplication@598208bc
----------------- Done invoking toplevel() on ptolemy.moml.MoMLSimpleApplication@598208bc
reloadAllAccessors: .Expression4

===========================================================================================
----------------- testing Sun Jul 19 15:10:02 UTC 2020 /home/travis/build/icyphy/ptII/ptolemy/actor/lib/test/auto/Expression5.xml
----------------- Instantiating /home/travis/build/icyphy/ptII/ptolemy/actor/lib/test/auto/Expression5.xml
2 ms. Memory: 351232K Free: 231080K (66%)
----------------- Invoking toplevel() on ptolemy.moml.MoMLSimpleApplication@629a5003
----------------- Done invoking toplevel() on ptolemy.moml.MoMLSimpleApplication@629a5003
reloadAllAccessors: .Expression5

===========================================================================================
----------------- testing Sun Jul 19 15:10:02 UTC 2020 /home/travis/build/icyphy/ptII/ptolemy/actor/lib/test/auto/Expression6.xml
----------------- Instantiating /home/travis/build/icyphy/ptII/ptolemy/actor/lib/test/auto/Expression6.xml
2 ms. Memory: 351232K Free: 226470K (64%)
----------------- Invoking toplevel() on ptolemy.moml.MoMLSimpleApplication@539c6728
----------------- Done invoking toplevel() on ptolemy.moml.MoMLSimpleApplication@539c6728
reloadAllAccessors: .Expression6

===========================================================================================
----------------- testing Sun Jul 19 15:10:02 UTC 2020 /home/travis/build/icyphy/ptII/ptolemy/actor/lib/test/auto/Expression7.xml
----------------- Instantiating /home/travis/build/icyphy/ptII/ptolemy/actor/lib/test/auto/Expression7.xml
1 ms. Memory: 351232K Free: 221350K (63%)
----------------- Invoking toplevel() on ptolemy.moml.MoMLSimpleApplication@40db47de
----------------- Done invoking toplevel() on ptolemy.moml.MoMLSimpleApplication@40db47de
reloadAllAccessors: .Expression7

===========================================================================================
----------------- testing Sun Jul 19 15:10:02 UTC 2020 /home/travis/build/icyphy/ptII/ptolemy/actor/lib/test/auto/Expression8.xml
----------------- Instantiating /home/travis/build/icyphy/ptII/ptolemy/actor/lib/test/auto/Expression8.xml
9 ms. Memory: 351232K Free: 216744K (62%)
----------------- Invoking toplevel() on ptolemy.moml.MoMLSimpleApplication@3d73dc53
----------------- Done invoking toplevel() on ptolemy.moml.MoMLSimpleApplication@3d73dc53
reloadAllAccessors: .Expression8

===========================================================================================
----------------- testing Sun Jul 19 15:10:02 UTC 2020 /home/travis/build/icyphy/ptII/ptolemy/actor/lib/test/auto/Expression9.xml
----------------- Instantiating /home/travis/build/icyphy/ptII/ptolemy/actor/lib/test/auto/Expression9.xml
1 ms. Memory: 351232K Free: 212648K (61%)
----------------- Invoking toplevel() on ptolemy.moml.MoMLSimpleApplication@77d74363
----------------- Done invoking toplevel() on ptolemy.moml.MoMLSimpleApplication@77d74363
reloadAllAccessors: .Expression9

===========================================================================================
----------------- testing Sun Jul 19 15:10:02 UTC 2020 /home/travis/build/icyphy/ptII/ptolemy/actor/lib/test/auto/ExpressionConcatenateArrayType.xml
----------------- Instantiating /home/travis/build/icyphy/ptII/ptolemy/actor/lib/test/auto/ExpressionConcatenateArrayType.xml
3 ms. Memory: 351232K Free: 206504K (59%)
----------------- Invoking toplevel() on ptolemy.moml.MoMLSimpleApplication@1c9e069b
----------------- Done invoking toplevel() on ptolemy.moml.MoMLSimpleApplication@1c9e069b
reloadAllAccessors: .ExpressionConcatenateArrayType

===========================================================================================
----------------- testing Sun Jul 19 15:10:02 UTC 2020 /home/travis/build/icyphy/ptII/ptolemy/actor/lib/test/auto/ExpressionConcatenateArrayType2.xml
----------------- Instantiating /home/travis/build/icyphy/ptII/ptolemy/actor/lib/test/auto/ExpressionConcatenateArrayType2.xml
2 ms. Memory: 351232K Free: 200870K (57%)
----------------- Invoking toplevel() on ptolemy.moml.MoMLSimpleApplication@97914f5
----------------- Done invoking toplevel() on ptolemy.moml.MoMLSimpleApplication@97914f5
reloadAllAccessors: .ExpressionConcatenateArrayType2

===========================================================================================
----------------- testing Sun Jul 19 15:10:02 UTC 2020 /home/travis/build/icyphy/ptII/ptolemy/actor/lib/test/auto/ExpressionFix.xml
----------------- Instantiating /home/travis/build/icyphy/ptII/ptolemy/actor/lib/test/auto/ExpressionFix.xml
19 ms. Memory: 351232K Free: 194216K (55%)
----------------- Invoking toplevel() on ptolemy.moml.MoMLSimpleApplication@2d9f1bbc
----------------- Done invoking toplevel() on ptolemy.moml.MoMLSimpleApplication@2d9f1bbc
reloadAllAccessors: .ExpressionFix

===========================================================================================
----------------- testing Sun Jul 19 15:10:02 UTC 2020 /home/travis/build/icyphy/ptII/ptolemy/actor/lib/test/auto/ExpressionFix2.xml
----------------- Instantiating /home/travis/build/icyphy/ptII/ptolemy/actor/lib/test/auto/ExpressionFix2.xml
3 ms. Memory: 351232K Free: 190630K (54%)
----------------- Invoking toplevel() on ptolemy.moml.MoMLSimpleApplication@78e6116e
----------------- Done invoking toplevel() on ptolemy.moml.MoMLSimpleApplication@78e6116e
reloadAllAccessors: .ExpressionFix2

===========================================================================================
----------------- testing Sun Jul 19 15:10:02 UTC 2020 /home/travis/build/icyphy/ptII/ptolemy/actor/lib/test/auto/ExpressionFix3.xml
----------------- Instantiating /home/travis/build/icyphy/ptII/ptolemy/actor/lib/test/auto/ExpressionFix3.xml
2 ms. Memory: 351232K Free: 186024K (53%)
----------------- Invoking toplevel() on ptolemy.moml.MoMLSimpleApplication@781c4987
----------------- Done invoking toplevel() on ptolemy.moml.MoMLSimpleApplication@781c4987
reloadAllAccessors: .ExpressionFix3

===========================================================================================
----------------- testing Sun Jul 19 15:10:02 UTC 2020 /home/travis/build/icyphy/ptII/ptolemy/actor/lib/test/auto/FileWriter1.xml
----------------- Instantiating /home/travis/build/icyphy/ptII/ptolemy/actor/lib/test/auto/FileWriter1.xml
1 ms. Memory: 351232K Free: 182438K (52%)
----------------- Invoking toplevel() on ptolemy.moml.MoMLSimpleApplication@7038def5
----------------- Done invoking toplevel() on ptolemy.moml.MoMLSimpleApplication@7038def5
reloadAllAccessors: .FileWriter1

===========================================================================================
----------------- testing Sun Jul 19 15:10:02 UTC 2020 /home/travis/build/icyphy/ptII/ptolemy/actor/lib/test/auto/FileWriter2.xml
----------------- Instantiating /home/travis/build/icyphy/ptII/ptolemy/actor/lib/test/auto/FileWriter2.xml
2 ms. Memory: 351232K Free: 177832K (51%)
----------------- Invoking toplevel() on ptolemy.moml.MoMLSimpleApplication@5cf74de1
----------------- Done invoking toplevel() on ptolemy.moml.MoMLSimpleApplication@5cf74de1
reloadAllAccessors: .FileWriter2

===========================================================================================
----------------- testing Sun Jul 19 15:10:02 UTC 2020 /home/travis/build/icyphy/ptII/ptolemy/actor/lib/test/auto/FileWriter3.xml
----------------- Instantiating /home/travis/build/icyphy/ptII/ptolemy/actor/lib/test/auto/FileWriter3.xml
3 ms. Memory: 351232K Free: 173736K (49%)
----------------- Invoking toplevel() on ptolemy.moml.MoMLSimpleApplication@3f51f9f1
----------------- Done invoking toplevel() on ptolemy.moml.MoMLSimpleApplication@3f51f9f1
reloadAllAccessors: .FileWriter3

===========================================================================================
----------------- testing Sun Jul 19 15:10:02 UTC 2020 /home/travis/build/icyphy/ptII/ptolemy/actor/lib/test/auto/Gaussian.xml
----------------- Instantiating /home/travis/build/icyphy/ptII/ptolemy/actor/lib/test/auto/Gaussian.xml
1 ms. Memory: 351232K Free: 169640K (48%)
----------------- Invoking toplevel() on ptolemy.moml.MoMLSimpleApplication@580db3bf
----------------- Done invoking toplevel() on ptolemy.moml.MoMLSimpleApplication@580db3bf
reloadAllAccessors: .Gaussian

===========================================================================================
----------------- testing Sun Jul 19 15:10:02 UTC 2020 /home/travis/build/icyphy/ptII/ptolemy/actor/lib/test/auto/Gaussian1.xml
----------------- Instantiating /home/travis/build/icyphy/ptII/ptolemy/actor/lib/test/auto/Gaussian1.xml
9 ms. Memory: 351232K Free: 163976K (47%)
----------------- Invoking toplevel() on ptolemy.moml.MoMLSimpleApplication@72f5c329
----------------- Done invoking toplevel() on ptolemy.moml.MoMLSimpleApplication@72f5c329
reloadAllAccessors: .Gaussian1

===========================================================================================
----------------- testing Sun Jul 19 15:10:02 UTC 2020 /home/travis/build/icyphy/ptII/ptolemy/actor/lib/test/auto/Gaussian2.xml
----------------- Instantiating /home/travis/build/icyphy/ptII/ptolemy/actor/lib/test/auto/Gaussian2.xml
1 ms. Memory: 351232K Free: 158376K (45%)
----------------- Invoking toplevel() on ptolemy.moml.MoMLSimpleApplication@b7cf91f
----------------- Done invoking toplevel() on ptolemy.moml.MoMLSimpleApplication@b7cf91f
reloadAllAccessors: .Gaussian2

===========================================================================================
----------------- testing Sun Jul 19 15:10:02 UTC 2020 /home/travis/build/icyphy/ptII/ptolemy/actor/lib/test/auto/GradientAdaptiveLattice.xml
----------------- Instantiating /home/travis/build/icyphy/ptII/ptolemy/actor/lib/test/auto/GradientAdaptiveLattice.xml
2 ms. Memory: 351232K Free: 153766K (44%)
----------------- Invoking toplevel() on ptolemy.moml.MoMLSimpleApplication@3c9ad45a
----------------- Done invoking toplevel() on ptolemy.moml.MoMLSimpleApplication@3c9ad45a
reloadAllAccessors: .GradientAdaptiveLattice

===========================================================================================
----------------- testing Sun Jul 19 15:10:02 UTC 2020 /home/travis/build/icyphy/ptII/ptolemy/actor/lib/test/auto/IIR.xml
----------------- Instantiating /home/travis/build/icyphy/ptII/ptolemy/actor/lib/test/auto/IIR.xml
3 ms. Memory: 351232K Free: 149160K (42%)
----------------- Invoking toplevel() on ptolemy.moml.MoMLSimpleApplication@57e4ff10
----------------- Done invoking toplevel() on ptolemy.moml.MoMLSimpleApplication@57e4ff10
reloadAllAccessors: .IIR

===========================================================================================
----------------- testing Sun Jul 19 15:10:02 UTC 2020 /home/travis/build/icyphy/ptII/ptolemy/actor/lib/test/auto/InputOutputTransparentPorts.xml
----------------- Instantiating /home/travis/build/icyphy/ptII/ptolemy/actor/lib/test/auto/InputOutputTransparentPorts.xml
1 ms. Memory: 351232K Free: 142502K (41%)
----------------- Invoking toplevel() on ptolemy.moml.MoMLSimpleApplication@649a413f
----------------- Done invoking toplevel() on ptolemy.moml.MoMLSimpleApplication@649a413f
reloadAllAccessors: .InputOutputTransparentPorts

===========================================================================================
----------------- testing Sun Jul 19 15:10:02 UTC 2020 /home/travis/build/icyphy/ptII/ptolemy/actor/lib/test/auto/Interpolator.xml
----------------- Instantiating /home/travis/build/icyphy/ptII/ptolemy/actor/lib/test/auto/Interpolator.xml
4 ms. Memory: 351232K Free: 138406K (39%)
----------------- Invoking toplevel() on ptolemy.moml.MoMLSimpleApplication@497736c4
----------------- Done invoking toplevel() on ptolemy.moml.MoMLSimpleApplication@497736c4
reloadAllAccessors: .Interpolator

===========================================================================================
----------------- testing Sun Jul 19 15:10:02 UTC 2020 /home/travis/build/icyphy/ptII/ptolemy/actor/lib/test/auto/InterpolatorFiringLimitDE.xml
----------------- Instantiating /home/travis/build/icyphy/ptII/ptolemy/actor/lib/test/auto/InterpolatorFiringLimitDE.xml
2 ms. Memory: 351232K Free: 132262K (38%)
----------------- Invoking toplevel() on ptolemy.moml.MoMLSimpleApplication@6575b070
----------------- Done invoking toplevel() on ptolemy.moml.MoMLSimpleApplication@6575b070
reloadAllAccessors: .InterpolatorFiringLimitDE

===========================================================================================
----------------- testing Sun Jul 19 15:10:02 UTC 2020 /home/travis/build/icyphy/ptII/ptolemy/actor/lib/test/auto/Lattice.xml
----------------- Instantiating /home/travis/build/icyphy/ptII/ptolemy/actor/lib/test/auto/Lattice.xml
1 ms. Memory: 351232K Free: 128680K (37%)
----------------- Invoking toplevel() on ptolemy.moml.MoMLSimpleApplication@5f2f125b
----------------- Done invoking toplevel() on ptolemy.moml.MoMLSimpleApplication@5f2f125b
reloadAllAccessors: .Lattice

===========================================================================================
----------------- testing Sun Jul 19 15:10:02 UTC 2020 /home/travis/build/icyphy/ptII/ptolemy/actor/lib/test/auto/LazyAOCTestLazy.xml
----------------- Instantiating /home/travis/build/icyphy/ptII/ptolemy/actor/lib/test/auto/LazyAOCTestLazy.xml
13 ms. Memory: 351232K Free: 122536K (35%)
----------------- Invoking toplevel() on ptolemy.moml.MoMLSimpleApplication@725fa31f
----------------- Done invoking toplevel() on ptolemy.moml.MoMLSimpleApplication@725fa31f
reloadAllAccessors: .LazyAOCTestLazy

===========================================================================================
----------------- testing Sun Jul 19 15:10:02 UTC 2020 /home/travis/build/icyphy/ptII/ptolemy/actor/lib/test/auto/LazyAOCTestNonLazy.xml
----------------- Instantiating /home/travis/build/icyphy/ptII/ptolemy/actor/lib/test/auto/LazyAOCTestNonLazy.xml
2 ms. Memory: 351232K Free: 115878K (33%)
----------------- Invoking toplevel() on ptolemy.moml.MoMLSimpleApplication@6b59127b
----------------- Done invoking toplevel() on ptolemy.moml.MoMLSimpleApplication@6b59127b
reloadAllAccessors: .LazyAOCTestNonLazy

===========================================================================================
----------------- testing Sun Jul 19 15:10:02 UTC 2020 /home/travis/build/icyphy/ptII/ptolemy/actor/lib/test/auto/LazyInnerClass.xml
----------------- Instantiating /home/travis/build/icyphy/ptII/ptolemy/actor/lib/test/auto/LazyInnerClass.xml
9 ms. Memory: 351232K Free: 108200K (31%)
----------------- Invoking toplevel() on ptolemy.moml.MoMLSimpleApplication@4223777b
----------------- Done invoking toplevel() on ptolemy.moml.MoMLSimpleApplication@4223777b
reloadAllAccessors: .LazyInnerClass

===========================================================================================
----------------- testing Sun Jul 19 15:10:03 UTC 2020 /home/travis/build/icyphy/ptII/ptolemy/actor/lib/test/auto/LazyPubSub.xml
----------------- Instantiating /home/travis/build/icyphy/ptII/ptolemy/actor/lib/test/auto/LazyPubSub.xml
20 ms. Memory: 351232K Free: 97960K (28%)
----------------- Invoking toplevel() on ptolemy.moml.MoMLSimpleApplication@7db6b4c6
----------------- Done invoking toplevel() on ptolemy.moml.MoMLSimpleApplication@7db6b4c6
reloadAllAccessors: .LazyPubSub

===========================================================================================
----------------- testing Sun Jul 19 15:10:03 UTC 2020 /home/travis/build/icyphy/ptII/ptolemy/actor/lib/test/auto/LazyPubSub2.xml
----------------- Instantiating /home/travis/build/icyphy/ptII/ptolemy/actor/lib/test/auto/LazyPubSub2.xml
25 ms. Memory: 351232K Free: 293234K (83%)
----------------- Invoking toplevel() on ptolemy.moml.MoMLSimpleApplication@72c9f36c
----------------- Done invoking toplevel() on ptolemy.moml.MoMLSimpleApplication@72c9f36c
reloadAllAccessors: .LazyPubSub2

===========================================================================================
----------------- testing Sun Jul 19 15:10:03 UTC 2020 /home/travis/build/icyphy/ptII/ptolemy/actor/lib/test/auto/LazyPubSub3.xml
----------------- Instantiating /home/travis/build/icyphy/ptII/ptolemy/actor/lib/test/auto/LazyPubSub3.xml
11 ms. Memory: 351232K Free: 283504K (81%)
----------------- Invoking toplevel() on ptolemy.moml.MoMLSimpleApplication@6950ec83
----------------- Done invoking toplevel() on ptolemy.moml.MoMLSimpleApplication@6950ec83
reloadAllAccessors: .LazyPubSub3

===========================================================================================
----------------- testing Sun Jul 19 15:10:03 UTC 2020 /home/travis/build/icyphy/ptII/ptolemy/actor/lib/test/auto/LazySubClassModel.xml
----------------- Instantiating /home/travis/build/icyphy/ptII/ptolemy/actor/lib/test/auto/LazySubClassModel.xml
3 ms. Memory: 351232K Free: 274288K (78%)
----------------- Invoking toplevel() on ptolemy.moml.MoMLSimpleApplication@50093385
----------------- Done invoking toplevel() on ptolemy.moml.MoMLSimpleApplication@50093385
reloadAllAccessors: .LazySubClassModel

===========================================================================================
----------------- testing Sun Jul 19 15:10:03 UTC 2020 /home/travis/build/icyphy/ptII/ptolemy/actor/lib/test/auto/LevelCrossTest1.xml
----------------- Instantiating /home/travis/build/icyphy/ptII/ptolemy/actor/lib/test/auto/LevelCrossTest1.xml
1 ms. Memory: 351232K Free: 268658K (76%)
----------------- Invoking toplevel() on ptolemy.moml.MoMLSimpleApplication@4638e0b3
----------------- Done invoking toplevel() on ptolemy.moml.MoMLSimpleApplication@4638e0b3
reloadAllAccessors: .broken

===========================================================================================
----------------- testing Sun Jul 19 15:10:03 UTC 2020 /home/travis/build/icyphy/ptII/ptolemy/actor/lib/test/auto/LevelCrossTest10.xml
----------------- Instantiating /home/travis/build/icyphy/ptII/ptolemy/actor/lib/test/auto/LevelCrossTest10.xml
1 ms. Memory: 351232K Free: 261490K (74%)
----------------- Invoking toplevel() on ptolemy.moml.MoMLSimpleApplication@21e2e770
----------------- Done invoking toplevel() on ptolemy.moml.MoMLSimpleApplication@21e2e770
reloadAllAccessors: .LevelCrossTest10

===========================================================================================
----------------- testing Sun Jul 19 15:10:03 UTC 2020 /home/travis/build/icyphy/ptII/ptolemy/actor/lib/test/auto/LevelCrossTest11.xml
----------------- Instantiating /home/travis/build/icyphy/ptII/ptolemy/actor/lib/test/auto/LevelCrossTest11.xml
1 ms. Memory: 351232K Free: 254322K (72%)
----------------- Invoking toplevel() on ptolemy.moml.MoMLSimpleApplication@1c6fdd5f
----------------- Done invoking toplevel() on ptolemy.moml.MoMLSimpleApplication@1c6fdd5f
reloadAllAccessors: .LevelCrossTest11

===========================================================================================
----------------- testing Sun Jul 19 15:10:03 UTC 2020 /home/travis/build/icyphy/ptII/ptolemy/actor/lib/test/auto/LevelCrossTest12.xml
----------------- Instantiating /home/travis/build/icyphy/ptII/ptolemy/actor/lib/test/auto/LevelCrossTest12.xml
1 ms. Memory: 351232K Free: 247664K (71%)
----------------- Invoking toplevel() on ptolemy.moml.MoMLSimpleApplication@6fa53098
----------------- Done invoking toplevel() on ptolemy.moml.MoMLSimpleApplication@6fa53098
reloadAllAccessors: .LevelCrossTest12

===========================================================================================
----------------- testing Sun Jul 19 15:10:03 UTC 2020 /home/travis/build/icyphy/ptII/ptolemy/actor/lib/test/auto/LevelCrossTest13.xml
----------------- Instantiating /home/travis/build/icyphy/ptII/ptolemy/actor/lib/test/auto/LevelCrossTest13.xml
1 ms. Memory: 351232K Free: 241010K (69%)
----------------- Invoking toplevel() on ptolemy.moml.MoMLSimpleApplication@6edf8131
----------------- Done invoking toplevel() on ptolemy.moml.MoMLSimpleApplication@6edf8131
reloadAllAccessors: .LevelCrossTest13

===========================================================================================
----------------- testing Sun Jul 19 15:10:03 UTC 2020 /home/travis/build/icyphy/ptII/ptolemy/actor/lib/test/auto/LevelCrossTest2.xml
----------------- Instantiating /home/travis/build/icyphy/ptII/ptolemy/actor/lib/test/auto/LevelCrossTest2.xml
1 ms. Memory: 351232K Free: 235376K (67%)
----------------- Invoking toplevel() on ptolemy.moml.MoMLSimpleApplication@60a475a5
----------------- Done invoking toplevel() on ptolemy.moml.MoMLSimpleApplication@60a475a5
reloadAllAccessors: .broken

===========================================================================================
----------------- testing Sun Jul 19 15:10:03 UTC 2020 /home/travis/build/icyphy/ptII/ptolemy/actor/lib/test/auto/LevelCrossTest3.xml
----------------- Instantiating /home/travis/build/icyphy/ptII/ptolemy/actor/lib/test/auto/LevelCrossTest3.xml
1 ms. Memory: 351232K Free: 229232K (65%)
----------------- Invoking toplevel() on ptolemy.moml.MoMLSimpleApplication@6598e342
----------------- Done invoking toplevel() on ptolemy.moml.MoMLSimpleApplication@6598e342
reloadAllAccessors: .LevelCrossTest3

===========================================================================================
----------------- testing Sun Jul 19 15:10:03 UTC 2020 /home/travis/build/icyphy/ptII/ptolemy/actor/lib/test/auto/LevelCrossTest4.xml
----------------- Instantiating /home/travis/build/icyphy/ptII/ptolemy/actor/lib/test/auto/LevelCrossTest4.xml
1 ms. Memory: 351232K Free: 224112K (64%)
----------------- Invoking toplevel() on ptolemy.moml.MoMLSimpleApplication@3bba3c64
----------------- Done invoking toplevel() on ptolemy.moml.MoMLSimpleApplication@3bba3c64
reloadAllAccessors: .broken

===========================================================================================
----------------- testing Sun Jul 19 15:10:03 UTC 2020 /home/travis/build/icyphy/ptII/ptolemy/actor/lib/test/auto/LevelCrossTest5.xml
----------------- Instantiating /home/travis/build/icyphy/ptII/ptolemy/actor/lib/test/auto/LevelCrossTest5.xml
3 ms. Memory: 351232K Free: 217458K (62%)
----------------- Invoking toplevel() on ptolemy.moml.MoMLSimpleApplication@145d928e
----------------- Done invoking toplevel() on ptolemy.moml.MoMLSimpleApplication@145d928e
reloadAllAccessors: .LevelCrossTest5

===========================================================================================
----------------- testing Sun Jul 19 15:10:03 UTC 2020 /home/travis/build/icyphy/ptII/ptolemy/actor/lib/test/auto/LevelCrossTest6.xml
----------------- Instantiating /home/travis/build/icyphy/ptII/ptolemy/actor/lib/test/auto/LevelCrossTest6.xml
1 ms. Memory: 351232K Free: 210290K (60%)
----------------- Invoking toplevel() on ptolemy.moml.MoMLSimpleApplication@562ee263
----------------- Done invoking toplevel() on ptolemy.moml.MoMLSimpleApplication@562ee263
reloadAllAccessors: .LevelCrossTest6

===========================================================================================
----------------- testing Sun Jul 19 15:10:03 UTC 2020 /home/travis/build/icyphy/ptII/ptolemy/actor/lib/test/auto/LevelCrossTest7.xml
----------------- Instantiating /home/travis/build/icyphy/ptII/ptolemy/actor/lib/test/auto/LevelCrossTest7.xml
1 ms. Memory: 351232K Free: 202608K (58%)
----------------- Invoking toplevel() on ptolemy.moml.MoMLSimpleApplication@1d0f2c1b
----------------- Done invoking toplevel() on ptolemy.moml.MoMLSimpleApplication@1d0f2c1b
reloadAllAccessors: .LevelCrossTest7

===========================================================================================
----------------- testing Sun Jul 19 15:10:03 UTC 2020 /home/travis/build/icyphy/ptII/ptolemy/actor/lib/test/auto/LevelCrossTest8.xml
----------------- Instantiating /home/travis/build/icyphy/ptII/ptolemy/actor/lib/test/auto/LevelCrossTest8.xml
1 ms. Memory: 351232K Free: 195954K (56%)
----------------- Invoking toplevel() on ptolemy.moml.MoMLSimpleApplication@2352c7d2
----------------- Done invoking toplevel() on ptolemy.moml.MoMLSimpleApplication@2352c7d2
reloadAllAccessors: .LevelCrossTest8

===========================================================================================
----------------- testing Sun Jul 19 15:10:03 UTC 2020 /home/travis/build/icyphy/ptII/ptolemy/actor/lib/test/auto/LevelCrossTest9.xml
----------------- Instantiating /home/travis/build/icyphy/ptII/ptolemy/actor/lib/test/auto/LevelCrossTest9.xml
1 ms. Memory: 351232K Free: 189296K (54%)
----------------- Invoking toplevel() on ptolemy.moml.MoMLSimpleApplication@7f1758f8
----------------- Done invoking toplevel() on ptolemy.moml.MoMLSimpleApplication@7f1758f8
reloadAllAccessors: .LevelCrossTest9

===========================================================================================
----------------- testing Sun Jul 19 15:10:03 UTC 2020 /home/travis/build/icyphy/ptII/ptolemy/actor/lib/test/auto/LevinsonDurbin.xml
----------------- Instantiating /home/travis/build/icyphy/ptII/ptolemy/actor/lib/test/auto/LevinsonDurbin.xml
1 ms. Memory: 351232K Free: 185200K (53%)
----------------- Invoking toplevel() on ptolemy.moml.MoMLSimpleApplication@622be339
----------------- Done invoking toplevel() on ptolemy.moml.MoMLSimpleApplication@622be339
reloadAllAccessors: .LevinsonDurbin

===========================================================================================
----------------- testing Sun Jul 19 15:10:03 UTC 2020 /home/travis/build/icyphy/ptII/ptolemy/actor/lib/test/auto/LevinsonDurbin2.xml
----------------- Instantiating /home/travis/build/icyphy/ptII/ptolemy/actor/lib/test/auto/LevinsonDurbin2.xml
0 ms. Memory: 351232K Free: 181618K (52%)
----------------- Invoking toplevel() on ptolemy.moml.MoMLSimpleApplication@102bf1df
----------------- Done invoking toplevel() on ptolemy.moml.MoMLSimpleApplication@102bf1df
reloadAllAccessors: .LevinsonDurbin2

===========================================================================================
----------------- testing Sun Jul 19 15:10:03 UTC 2020 /home/travis/build/icyphy/ptII/ptolemy/actor/lib/test/auto/LevinsonDurbin3.xml
----------------- Instantiating /home/travis/build/icyphy/ptII/ptolemy/actor/lib/test/auto/LevinsonDurbin3.xml
2 ms. Memory: 351232K Free: 177522K (51%)
----------------- Invoking toplevel() on ptolemy.moml.MoMLSimpleApplication@735d035a
----------------- Done invoking toplevel() on ptolemy.moml.MoMLSimpleApplication@735d035a
reloadAllAccessors: .LevinsonDurbin3

===========================================================================================
----------------- testing Sun Jul 19 15:10:03 UTC 2020 /home/travis/build/icyphy/ptII/ptolemy/actor/lib/test/auto/Limiter.xml
----------------- Instantiating /home/travis/build/icyphy/ptII/ptolemy/actor/lib/test/auto/Limiter.xml
3 ms. Memory: 351232K Free: 168306K (48%)
----------------- Invoking toplevel() on ptolemy.moml.MoMLSimpleApplication@52a0baa7
----------------- Done invoking toplevel() on ptolemy.moml.MoMLSimpleApplication@52a0baa7
reloadAllAccessors: .Limiter

===========================================================================================
----------------- testing Sun Jul 19 15:10:03 UTC 2020 /home/travis/build/icyphy/ptII/ptolemy/actor/lib/test/auto/LinearDifferenceEquationSystem.xml
----------------- Instantiating /home/travis/build/icyphy/ptII/ptolemy/actor/lib/test/auto/LinearDifferenceEquationSystem.xml
3 ms. Memory: 351232K Free: 161138K (46%)
----------------- Invoking toplevel() on ptolemy.moml.MoMLSimpleApplication@7bcb1921
----------------- Done invoking toplevel() on ptolemy.moml.MoMLSimpleApplication@7bcb1921
reloadAllAccessors: .LinearDifferenceEquationSystem

===========================================================================================
----------------- testing Sun Jul 19 15:10:03 UTC 2020 /home/travis/build/icyphy/ptII/ptolemy/actor/lib/test/auto/LookupTable.xml
----------------- Instantiating /home/travis/build/icyphy/ptII/ptolemy/actor/lib/test/auto/LookupTable.xml
9 ms. Memory: 351232K Free: 156528K (45%)
----------------- Invoking toplevel() on ptolemy.moml.MoMLSimpleApplication@2d583203
----------------- Done invoking toplevel() on ptolemy.moml.MoMLSimpleApplication@2d583203
reloadAllAccessors: .LookupTable

===========================================================================================
----------------- testing Sun Jul 19 15:10:03 UTC 2020 /home/travis/build/icyphy/ptII/ptolemy/actor/lib/test/auto/MathFunction.xml
----------------- Instantiating /home/travis/build/icyphy/ptII/ptolemy/actor/lib/test/auto/MathFunction.xml
2 ms. Memory: 351232K Free: 148336K (42%)
----------------- Invoking toplevel() on ptolemy.moml.MoMLSimpleApplication@183e1872
----------------- Done invoking toplevel() on ptolemy.moml.MoMLSimpleApplication@183e1872
reloadAllAccessors: .MathFunction

===========================================================================================
----------------- testing Sun Jul 19 15:10:03 UTC 2020 /home/travis/build/icyphy/ptII/ptolemy/actor/lib/test/auto/MathFunction2.xml
----------------- Instantiating /home/travis/build/icyphy/ptII/ptolemy/actor/lib/test/auto/MathFunction2.xml
2 ms. Memory: 351232K Free: 144240K (41%)
----------------- Invoking toplevel() on ptolemy.moml.MoMLSimpleApplication@5c17e995
----------------- Done invoking toplevel() on ptolemy.moml.MoMLSimpleApplication@5c17e995
reloadAllAccessors: .MathFunction2

===========================================================================================
----------------- testing Sun Jul 19 15:10:03 UTC 2020 /home/travis/build/icyphy/ptII/ptolemy/actor/lib/test/auto/MathFunction3.xml
----------------- Instantiating /home/travis/build/icyphy/ptII/ptolemy/actor/lib/test/auto/MathFunction3.xml
2 ms. Memory: 351232K Free: 137586K (39%)
----------------- Invoking toplevel() on ptolemy.moml.MoMLSimpleApplication@19908350
----------------- Done invoking toplevel() on ptolemy.moml.MoMLSimpleApplication@19908350
reloadAllAccessors: .MathFunction3

===========================================================================================
----------------- testing Sun Jul 19 15:10:03 UTC 2020 /home/travis/build/icyphy/ptII/ptolemy/actor/lib/test/auto/MatrixCropBoolean.xml
----------------- Instantiating /home/travis/build/icyphy/ptII/ptolemy/actor/lib/test/auto/MatrixCropBoolean.xml
2 ms. Memory: 351232K Free: 132466K (38%)
----------------- Invoking toplevel() on ptolemy.moml.MoMLSimpleApplication@41bc9e4
----------------- Done invoking toplevel() on ptolemy.moml.MoMLSimpleApplication@41bc9e4
reloadAllAccessors: .MatrixCropBoolean

===========================================================================================
----------------- testing Sun Jul 19 15:10:03 UTC 2020 /home/travis/build/icyphy/ptII/ptolemy/actor/lib/test/auto/MatrixCropComplex.xml
----------------- Instantiating /home/travis/build/icyphy/ptII/ptolemy/actor/lib/test/auto/MatrixCropComplex.xml
1 ms. Memory: 351232K Free: 127346K (36%)
----------------- Invoking toplevel() on ptolemy.moml.MoMLSimpleApplication@139b1c8b
----------------- Done invoking toplevel() on ptolemy.moml.MoMLSimpleApplication@139b1c8b
reloadAllAccessors: .MatrixCropComplex

===========================================================================================
----------------- testing Sun Jul 19 15:10:03 UTC 2020 /home/travis/build/icyphy/ptII/ptolemy/actor/lib/test/auto/MatrixCropDouble.xml
----------------- Instantiating /home/travis/build/icyphy/ptII/ptolemy/actor/lib/test/auto/MatrixCropDouble.xml
3 ms. Memory: 351232K Free: 122706K (35%)
----------------- Invoking toplevel() on ptolemy.moml.MoMLSimpleApplication@2cda1fff
----------------- Done invoking toplevel() on ptolemy.moml.MoMLSimpleApplication@2cda1fff
reloadAllAccessors: .MatrixCropDouble

===========================================================================================
----------------- testing Sun Jul 19 15:10:03 UTC 2020 /home/travis/build/icyphy/ptII/ptolemy/actor/lib/test/auto/MatrixCropFix.xml
----------------- Instantiating /home/travis/build/icyphy/ptII/ptolemy/actor/lib/test/auto/MatrixCropFix.xml
2 ms. Memory: 351232K Free: 117602K (33%)
----------------- Invoking toplevel() on ptolemy.moml.MoMLSimpleApplication@20c37b99
----------------- Done invoking toplevel() on ptolemy.moml.MoMLSimpleApplication@20c37b99
reloadAllAccessors: .MatrixCropFix

===========================================================================================
----------------- testing Sun Jul 19 15:10:03 UTC 2020 /home/travis/build/icyphy/ptII/ptolemy/actor/lib/test/auto/MatrixCropInt.xml
----------------- Instantiating /home/travis/build/icyphy/ptII/ptolemy/actor/lib/test/auto/MatrixCropInt.xml
2 ms. Memory: 351232K Free: 112482K (32%)
----------------- Invoking toplevel() on ptolemy.moml.MoMLSimpleApplication@400317e6
----------------- Done invoking toplevel() on ptolemy.moml.MoMLSimpleApplication@400317e6
reloadAllAccessors: .MatrixCropInt

===========================================================================================
----------------- testing Sun Jul 19 15:10:03 UTC 2020 /home/travis/build/icyphy/ptII/ptolemy/actor/lib/test/auto/MatrixCropLong.xml
----------------- Instantiating /home/travis/build/icyphy/ptII/ptolemy/actor/lib/test/auto/MatrixCropLong.xml
2 ms. Memory: 351232K Free: 107362K (31%)
----------------- Invoking toplevel() on ptolemy.moml.MoMLSimpleApplication@203066dd
----------------- Done invoking toplevel() on ptolemy.moml.MoMLSimpleApplication@203066dd
reloadAllAccessors: .MatrixCropLong

===========================================================================================
----------------- testing Sun Jul 19 15:10:03 UTC 2020 /home/travis/build/icyphy/ptII/ptolemy/actor/lib/test/auto/MatrixToArray.xml
----------------- Instantiating /home/travis/build/icyphy/ptII/ptolemy/actor/lib/test/auto/MatrixToArray.xml
5 ms. Memory: 351232K Free: 298341K (85%)
----------------- Invoking toplevel() on ptolemy.moml.MoMLSimpleApplication@461b9ce1
----------------- Done invoking toplevel() on ptolemy.moml.MoMLSimpleApplication@461b9ce1
reloadAllAccessors: .MatrixToArray

===========================================================================================
----------------- testing Sun Jul 19 15:10:03 UTC 2020 /home/travis/build/icyphy/ptII/ptolemy/actor/lib/test/auto/MaxIndex.xml
----------------- Instantiating /home/travis/build/icyphy/ptII/ptolemy/actor/lib/test/auto/MaxIndex.xml
6 ms. Memory: 351232K Free: 293221K (83%)
----------------- Invoking toplevel() on ptolemy.moml.MoMLSimpleApplication@182d8bbe
----------------- Done invoking toplevel() on ptolemy.moml.MoMLSimpleApplication@182d8bbe
reloadAllAccessors: .MaxIndex

===========================================================================================
----------------- testing Sun Jul 19 15:10:03 UTC 2020 /home/travis/build/icyphy/ptII/ptolemy/actor/lib/test/auto/Maximum.xml
----------------- Instantiating /home/travis/build/icyphy/ptII/ptolemy/actor/lib/test/auto/Maximum.xml
5 ms. Memory: 351232K Free: 286533K (82%)
----------------- Invoking toplevel() on ptolemy.moml.MoMLSimpleApplication@223fc5ed
----------------- Done invoking toplevel() on ptolemy.moml.MoMLSimpleApplication@223fc5ed
reloadAllAccessors: .Maximum

===========================================================================================
----------------- testing Sun Jul 19 15:10:03 UTC 2020 /home/travis/build/icyphy/ptII/ptolemy/actor/lib/test/auto/MaximumComplex.xml
----------------- Instantiating /home/travis/build/icyphy/ptII/ptolemy/actor/lib/test/auto/MaximumComplex.xml
3 ms. Memory: 351232K Free: 280405K (80%)
----------------- Invoking toplevel() on ptolemy.moml.MoMLSimpleApplication@195a29e3
----------------- Done invoking toplevel() on ptolemy.moml.MoMLSimpleApplication@195a29e3
reloadAllAccessors: .MaximumComplex

===========================================================================================
----------------- testing Sun Jul 19 15:10:03 UTC 2020 /home/travis/build/icyphy/ptII/ptolemy/actor/lib/test/auto/MethodCallTest.xml
----------------- Instantiating /home/travis/build/icyphy/ptII/ptolemy/actor/lib/test/auto/MethodCallTest.xml
2 ms. Memory: 351232K Free: 273765K (78%)
----------------- Invoking toplevel() on ptolemy.moml.MoMLSimpleApplication@2954920
----------------- Done invoking toplevel() on ptolemy.moml.MoMLSimpleApplication@2954920
reloadAllAccessors: .MethodCallTest

===========================================================================================
----------------- testing Sun Jul 19 15:10:03 UTC 2020 /home/travis/build/icyphy/ptII/ptolemy/actor/lib/test/auto/Minimum.xml
----------------- Instantiating /home/travis/build/icyphy/ptII/ptolemy/actor/lib/test/auto/Minimum.xml
2 ms. Memory: 351232K Free: 267621K (76%)
----------------- Invoking toplevel() on ptolemy.moml.MoMLSimpleApplication@27a3c6f9
----------------- Done invoking toplevel() on ptolemy.moml.MoMLSimpleApplication@27a3c6f9
reloadAllAccessors: .Minimum

===========================================================================================
----------------- testing Sun Jul 19 15:10:03 UTC 2020 /home/travis/build/icyphy/ptII/ptolemy/actor/lib/test/auto/MinimumComplex.xml
----------------- Instantiating /home/travis/build/icyphy/ptII/ptolemy/actor/lib/test/auto/MinimumComplex.xml
3 ms. Memory: 351232K Free: 261477K (74%)
----------------- Invoking toplevel() on ptolemy.moml.MoMLSimpleApplication@1517c72b
----------------- Done invoking toplevel() on ptolemy.moml.MoMLSimpleApplication@1517c72b
reloadAllAccessors: .MinimumComplex

===========================================================================================
----------------- testing Sun Jul 19 15:10:03 UTC 2020 /home/travis/build/icyphy/ptII/ptolemy/actor/lib/test/auto/MinimumMultiports.xml
----------------- Instantiating /home/travis/build/icyphy/ptII/ptolemy/actor/lib/test/auto/MinimumMultiports.xml
3 ms. Memory: 351232K Free: 252741K (72%)
----------------- Invoking toplevel() on ptolemy.moml.MoMLSimpleApplication@f5368f
----------------- Done invoking toplevel() on ptolemy.moml.MoMLSimpleApplication@f5368f
reloadAllAccessors: .MinimumMultiports

===========================================================================================
----------------- testing Sun Jul 19 15:10:03 UTC 2020 /home/travis/build/icyphy/ptII/ptolemy/actor/lib/test/auto/ModifyDate.xml
----------------- Instantiating /home/travis/build/icyphy/ptII/ptolemy/actor/lib/test/auto/ModifyDate.xml
6 ms. Memory: 351232K Free: 239973K (68%)
----------------- Invoking toplevel() on ptolemy.moml.MoMLSimpleApplication@684d5394
----------------- Done invoking toplevel() on ptolemy.moml.MoMLSimpleApplication@684d5394
reloadAllAccessors: .ModifyDate

===========================================================================================
----------------- testing Sun Jul 19 15:10:03 UTC 2020 /home/travis/build/icyphy/ptII/ptolemy/actor/lib/test/auto/ModifyDate2.xml
----------------- Instantiating /home/travis/build/icyphy/ptII/ptolemy/actor/lib/test/auto/ModifyDate2.xml
2 ms. Memory: 351232K Free: 231781K (66%)
----------------- Invoking toplevel() on ptolemy.moml.MoMLSimpleApplication@f5973c3
----------------- Done invoking toplevel() on ptolemy.moml.MoMLSimpleApplication@f5973c3
reloadAllAccessors: .ModifyDate2

===========================================================================================
----------------- testing Sun Jul 19 15:10:03 UTC 2020 /home/travis/build/icyphy/ptII/ptolemy/actor/lib/test/auto/MovingAverage.xml
----------------- Instantiating /home/travis/build/icyphy/ptII/ptolemy/actor/lib/test/auto/MovingAverage.xml
1 ms. Memory: 351232K Free: 226661K (65%)
----------------- Invoking toplevel() on ptolemy.moml.MoMLSimpleApplication@25c0409f
----------------- Done invoking toplevel() on ptolemy.moml.MoMLSimpleApplication@25c0409f
reloadAllAccessors: .MovingAverage

===========================================================================================
----------------- testing Sun Jul 19 15:10:03 UTC 2020 /home/travis/build/icyphy/ptII/ptolemy/actor/lib/test/auto/MovingMaximum.xml
----------------- Instantiating /home/travis/build/icyphy/ptII/ptolemy/actor/lib/test/auto/MovingMaximum.xml
1 ms. Memory: 351232K Free: 222051K (63%)
----------------- Invoking toplevel() on ptolemy.moml.MoMLSimpleApplication@397a45dd
----------------- Done invoking toplevel() on ptolemy.moml.MoMLSimpleApplication@397a45dd
reloadAllAccessors: .MovingMaximum

===========================================================================================
----------------- testing Sun Jul 19 15:10:03 UTC 2020 /home/travis/build/icyphy/ptII/ptolemy/actor/lib/test/auto/MultipleLinksToSameRelation.xml
----------------- Instantiating /home/travis/build/icyphy/ptII/ptolemy/actor/lib/test/auto/MultipleLinksToSameRelation.xml
2 ms. Memory: 351232K Free: 217955K (62%)
----------------- Invoking toplevel() on ptolemy.moml.MoMLSimpleApplication@28c7c3e1
----------------- Done invoking toplevel() on ptolemy.moml.MoMLSimpleApplication@28c7c3e1
reloadAllAccessors: .MultipleLinksToSameRelation

===========================================================================================
----------------- testing Sun Jul 19 15:10:03 UTC 2020 /home/travis/build/icyphy/ptII/ptolemy/actor/lib/test/auto/MultipleLinksToSameRelationDE.xml
----------------- Instantiating /home/travis/build/icyphy/ptII/ptolemy/actor/lib/test/auto/MultipleLinksToSameRelationDE.xml
8 ms. Memory: 351232K Free: 213349K (61%)
----------------- Invoking toplevel() on ptolemy.moml.MoMLSimpleApplication@4b12aa9
----------------- Done invoking toplevel() on ptolemy.moml.MoMLSimpleApplication@4b12aa9
reloadAllAccessors: .MultipleLinksToSameRelationDE

===========================================================================================
----------------- testing Sun Jul 19 15:10:03 UTC 2020 /home/travis/build/icyphy/ptII/ptolemy/actor/lib/test/auto/Multiplexor.xml
----------------- Instantiating /home/travis/build/icyphy/ptII/ptolemy/actor/lib/test/auto/Multiplexor.xml
2 ms. Memory: 351232K Free: 208229K (59%)
----------------- Invoking toplevel() on ptolemy.moml.MoMLSimpleApplication@70998709
----------------- Done invoking toplevel() on ptolemy.moml.MoMLSimpleApplication@70998709
reloadAllAccessors: .Multiplexor

===========================================================================================
----------------- testing Sun Jul 19 15:10:03 UTC 2020 /home/travis/build/icyphy/ptII/ptolemy/actor/lib/test/auto/Multiplexor1.xml
----------------- Instantiating /home/travis/build/icyphy/ptII/ptolemy/actor/lib/test/auto/Multiplexor1.xml
2 ms. Memory: 351232K Free: 202565K (58%)
----------------- Invoking toplevel() on ptolemy.moml.MoMLSimpleApplication@3998b8d0
----------------- Done invoking toplevel() on ptolemy.moml.MoMLSimpleApplication@3998b8d0
reloadAllAccessors: .Multiplexor1

===========================================================================================
----------------- testing Sun Jul 19 15:10:03 UTC 2020 /home/travis/build/icyphy/ptII/ptolemy/actor/lib/test/auto/Multiplexor2.xml
----------------- Instantiating /home/travis/build/icyphy/ptII/ptolemy/actor/lib/test/auto/Multiplexor2.xml
3 ms. Memory: 351232K Free: 195941K (56%)
----------------- Invoking toplevel() on ptolemy.moml.MoMLSimpleApplication@4a8caeab
----------------- Done invoking toplevel() on ptolemy.moml.MoMLSimpleApplication@4a8caeab
reloadAllAccessors: .Multiplexor2

===========================================================================================
----------------- testing Sun Jul 19 15:10:03 UTC 2020 /home/travis/build/icyphy/ptII/ptolemy/actor/lib/test/auto/Multiplexor3.xml
----------------- Instantiating /home/travis/build/icyphy/ptII/ptolemy/actor/lib/test/auto/Multiplexor3.xml
1 ms. Memory: 351232K Free: 191845K (55%)
----------------- Invoking toplevel() on ptolemy.moml.MoMLSimpleApplication@24190390
----------------- Done invoking toplevel() on ptolemy.moml.MoMLSimpleApplication@24190390
reloadAllAccessors: .Multiplexor3

===========================================================================================
----------------- testing Sun Jul 19 15:10:03 UTC 2020 /home/travis/build/icyphy/ptII/ptolemy/actor/lib/test/auto/MultiplexorDE.xml
----------------- Instantiating /home/travis/build/icyphy/ptII/ptolemy/actor/lib/test/auto/MultiplexorDE.xml
2 ms. Memory: 351232K Free: 184157K (52%)
----------------- Invoking toplevel() on ptolemy.moml.MoMLSimpleApplication@265940d5
----------------- Done invoking toplevel() on ptolemy.moml.MoMLSimpleApplication@265940d5
reloadAllAccessors: .MultiplexorDE

===========================================================================================
----------------- testing Sun Jul 19 15:10:04 UTC 2020 /home/travis/build/icyphy/ptII/ptolemy/actor/lib/test/auto/MultiportBroadcastTest.xml
----------------- Instantiating /home/travis/build/icyphy/ptII/ptolemy/actor/lib/test/auto/MultiportBroadcastTest.xml
76 ms. Memory: 351232K Free: 178533K (51%)
----------------- Invoking toplevel() on ptolemy.moml.MoMLSimpleApplication@544bf439
----------------- Done invoking toplevel() on ptolemy.moml.MoMLSimpleApplication@544bf439
reloadAllAccessors: .MultiportBroadcastTest

===========================================================================================
----------------- testing Sun Jul 19 15:10:04 UTC 2020 /home/travis/build/icyphy/ptII/ptolemy/actor/lib/test/auto/MultiportOutHangDuringGetWidth.xml
----------------- Instantiating /home/travis/build/icyphy/ptII/ptolemy/actor/lib/test/auto/MultiportOutHangDuringGetWidth.xml
4 ms. Memory: 351232K Free: 166245K (47%)
----------------- Invoking toplevel() on ptolemy.moml.MoMLSimpleApplication@3754aff8
----------------- Done invoking toplevel() on ptolemy.moml.MoMLSimpleApplication@3754aff8
reloadAllAccessors: .MultiportOutHangDuringGetWidth

===========================================================================================
----------------- testing Sun Jul 19 15:10:04 UTC 2020 /home/travis/build/icyphy/ptII/ptolemy/actor/lib/test/auto/NilToken.xml
----------------- Instantiating /home/travis/build/icyphy/ptII/ptolemy/actor/lib/test/auto/NilToken.xml
1 ms. Memory: 351232K Free: 162149K (46%)
----------------- Invoking toplevel() on ptolemy.moml.MoMLSimpleApplication@7a1502d9
----------------- Done invoking toplevel() on ptolemy.moml.MoMLSimpleApplication@7a1502d9
reloadAllAccessors: .NilToken

===========================================================================================
----------------- testing Sun Jul 19 15:10:04 UTC 2020 /home/travis/build/icyphy/ptII/ptolemy/actor/lib/test/auto/NilTokenNonStrictTest.xml
----------------- Instantiating /home/travis/build/icyphy/ptII/ptolemy/actor/lib/test/auto/NilTokenNonStrictTest.xml
2 ms. Memory: 351232K Free: 157539K (45%)
----------------- Invoking toplevel() on ptolemy.moml.MoMLSimpleApplication@579c5e9f
----------------- Done invoking toplevel() on ptolemy.moml.MoMLSimpleApplication@579c5e9f
reloadAllAccessors: .NilTokenNonStrictTest

===========================================================================================
----------------- testing Sun Jul 19 15:10:04 UTC 2020 /home/travis/build/icyphy/ptII/ptolemy/actor/lib/test/auto/NilTokenRecord.xml
----------------- Instantiating /home/travis/build/icyphy/ptII/ptolemy/actor/lib/test/auto/NilTokenRecord.xml
4 ms. Memory: 351232K Free: 150885K (43%)
----------------- Invoking toplevel() on ptolemy.moml.MoMLSimpleApplication@452eb41b
----------------- Done invoking toplevel() on ptolemy.moml.MoMLSimpleApplication@452eb41b
reloadAllAccessors: .NilTokenRecord

===========================================================================================
----------------- testing Sun Jul 19 15:10:04 UTC 2020 /home/travis/build/icyphy/ptII/ptolemy/actor/lib/test/auto/NilTokenTypeTest.xml
----------------- Instantiating /home/travis/build/icyphy/ptII/ptolemy/actor/lib/test/auto/NilTokenTypeTest.xml
8 ms. Memory: 351232K Free: 141669K (40%)
----------------- Invoking toplevel() on ptolemy.moml.MoMLSimpleApplication@7cb29408
----------------- Done invoking toplevel() on ptolemy.moml.MoMLSimpleApplication@7cb29408
reloadAllAccessors: .NilTokenTypeTest

===========================================================================================
----------------- testing Sun Jul 19 15:10:04 UTC 2020 /home/travis/build/icyphy/ptII/ptolemy/actor/lib/test/auto/ObjectToken1.xml
----------------- Instantiating /home/travis/build/icyphy/ptII/ptolemy/actor/lib/test/auto/ObjectToken1.xml
2 ms. Memory: 351232K Free: 137573K (39%)
----------------- Invoking toplevel() on ptolemy.moml.MoMLSimpleApplication@476c302a
----------------- Done invoking toplevel() on ptolemy.moml.MoMLSimpleApplication@476c302a
reloadAllAccessors: .ObjectToken1

===========================================================================================
----------------- testing Sun Jul 19 15:10:04 UTC 2020 /home/travis/build/icyphy/ptII/ptolemy/actor/lib/test/auto/OrderedMerge.xml
----------------- Instantiating /home/travis/build/icyphy/ptII/ptolemy/actor/lib/test/auto/OrderedMerge.xml
14 ms. Memory: 351232K Free: 131939K (38%)
----------------- Invoking toplevel() on ptolemy.moml.MoMLSimpleApplication@7a9777c7
----------------- Done invoking toplevel() on ptolemy.moml.MoMLSimpleApplication@7a9777c7
reloadAllAccessors: .OrderedMerge

===========================================================================================
----------------- testing Sun Jul 19 15:10:04 UTC 2020 /home/travis/build/icyphy/ptII/ptolemy/actor/lib/test/auto/OrderedRecordDisassembler.xml
----------------- Instantiating /home/travis/build/icyphy/ptII/ptolemy/actor/lib/test/auto/OrderedRecordDisassembler.xml
2 ms. Memory: 351232K Free: 126805K (36%)
----------------- Invoking toplevel() on ptolemy.moml.MoMLSimpleApplication@79921f19
----------------- Done invoking toplevel() on ptolemy.moml.MoMLSimpleApplication@79921f19
reloadAllAccessors: .OrderedRecordDisassembler

===========================================================================================
----------------- testing Sun Jul 19 15:10:04 UTC 2020 /home/travis/build/icyphy/ptII/ptolemy/actor/lib/test/auto/OrderedRecordDisassembler2.xml
----------------- Instantiating /home/travis/build/icyphy/ptII/ptolemy/actor/lib/test/auto/OrderedRecordDisassembler2.xml
4 ms. Memory: 351232K Free: 119141K (34%)
----------------- Invoking toplevel() on ptolemy.moml.MoMLSimpleApplication@392278e
----------------- Done invoking toplevel() on ptolemy.moml.MoMLSimpleApplication@392278e
reloadAllAccessors: .OrderedRecordDisassembler2

===========================================================================================
----------------- testing Sun Jul 19 15:10:04 UTC 2020 /home/travis/build/icyphy/ptII/ptolemy/actor/lib/test/auto/OrderedRecordUpdater.xml
----------------- Instantiating /home/travis/build/icyphy/ptII/ptolemy/actor/lib/test/auto/OrderedRecordUpdater.xml
1 ms. Memory: 351232K Free: 114531K (33%)
----------------- Invoking toplevel() on ptolemy.moml.MoMLSimpleApplication@62eed02d
----------------- Done invoking toplevel() on ptolemy.moml.MoMLSimpleApplication@62eed02d
reloadAllAccessors: .RecordUpdater

===========================================================================================
----------------- testing Sun Jul 19 15:10:04 UTC 2020 /home/travis/build/icyphy/ptII/ptolemy/actor/lib/test/auto/OrderedRecordUpdater2.xml
----------------- Instantiating /home/travis/build/icyphy/ptII/ptolemy/actor/lib/test/auto/OrderedRecordUpdater2.xml
2 ms. Memory: 351232K Free: 110435K (31%)
----------------- Invoking toplevel() on ptolemy.moml.MoMLSimpleApplication@1b17fb99
----------------- Done invoking toplevel() on ptolemy.moml.MoMLSimpleApplication@1b17fb99
reloadAllAccessors: .RecordUpdater2

===========================================================================================
----------------- testing Sun Jul 19 15:10:04 UTC 2020 /home/travis/build/icyphy/ptII/ptolemy/actor/lib/test/auto/PhaseUnwrap.xml
----------------- Instantiating /home/travis/build/icyphy/ptII/ptolemy/actor/lib/test/auto/PhaseUnwrap.xml
2 ms. Memory: 351232K Free: 105829K (30%)
----------------- Invoking toplevel() on ptolemy.moml.MoMLSimpleApplication@1f97e4de
----------------- Done invoking toplevel() on ptolemy.moml.MoMLSimpleApplication@1f97e4de
reloadAllAccessors: .PhaseUnwrap

===========================================================================================
----------------- testing Sun Jul 19 15:10:04 UTC 2020 /home/travis/build/icyphy/ptII/ptolemy/actor/lib/test/auto/PoissonClock.xml
----------------- Instantiating /home/travis/build/icyphy/ptII/ptolemy/actor/lib/test/auto/PoissonClock.xml
1 ms. Memory: 351232K Free: 101733K (29%)
----------------- Invoking toplevel() on ptolemy.moml.MoMLSimpleApplication@6ce740cb
----------------- Done invoking toplevel() on ptolemy.moml.MoMLSimpleApplication@6ce740cb
reloadAllAccessors: .PoissonClock

===========================================================================================
----------------- testing Sun Jul 19 15:10:04 UTC 2020 /home/travis/build/icyphy/ptII/ptolemy/actor/lib/test/auto/PoissonClock2.xml
----------------- Instantiating /home/travis/build/icyphy/ptII/ptolemy/actor/lib/test/auto/PoissonClock2.xml
1 ms. Memory: 351232K Free: 97123K (28%)
----------------- Invoking toplevel() on ptolemy.moml.MoMLSimpleApplication@f7ef87e
----------------- Done invoking toplevel() on ptolemy.moml.MoMLSimpleApplication@f7ef87e
reloadAllAccessors: .PoissonClock2

===========================================================================================
----------------- testing Sun Jul 19 15:10:04 UTC 2020 /home/travis/build/icyphy/ptII/ptolemy/actor/lib/test/auto/PoissonClock3.xml
----------------- Instantiating /home/travis/build/icyphy/ptII/ptolemy/actor/lib/test/auto/PoissonClock3.xml
1 ms. Memory: 351232K Free: 298313K (85%)
----------------- Invoking toplevel() on ptolemy.moml.MoMLSimpleApplication@edee6e5
----------------- Done invoking toplevel() on ptolemy.moml.MoMLSimpleApplication@edee6e5
reloadAllAccessors: .PoissonClock3

===========================================================================================
----------------- testing Sun Jul 19 15:10:04 UTC 2020 /home/travis/build/icyphy/ptII/ptolemy/actor/lib/test/auto/PubSubWithInitialTokens.xml
----------------- Instantiating /home/travis/build/icyphy/ptII/ptolemy/actor/lib/test/auto/PubSubWithInitialTokens.xml
2 ms. Memory: 351232K Free: 292649K (83%)
----------------- Invoking toplevel() on ptolemy.moml.MoMLSimpleApplication@48317532
----------------- Done invoking toplevel() on ptolemy.moml.MoMLSimpleApplication@48317532
reloadAllAccessors: .PubSubWithInitialTokens

===========================================================================================
----------------- testing Sun Jul 19 15:10:04 UTC 2020 /home/travis/build/icyphy/ptII/ptolemy/actor/lib/test/auto/PubSubWithInitialTokens2.xml
----------------- Instantiating /home/travis/build/icyphy/ptII/ptolemy/actor/lib/test/auto/PubSubWithInitialTokens2.xml
4 ms. Memory: 351232K Free: 287049K (82%)
----------------- Invoking toplevel() on ptolemy.moml.MoMLSimpleApplication@1c79f39e
----------------- Done invoking toplevel() on ptolemy.moml.MoMLSimpleApplication@1c79f39e
reloadAllAccessors: .PubSubWithInitialTokens2

===========================================================================================
----------------- testing Sun Jul 19 15:10:04 UTC 2020 /home/travis/build/icyphy/ptII/ptolemy/actor/lib/test/auto/PublisherClassNoParameter.xml
----------------- Instantiating /home/travis/build/icyphy/ptII/ptolemy/actor/lib/test/auto/PublisherClassNoParameter.xml
3 ms. Memory: 351232K Free: 276809K (79%)
----------------- Invoking toplevel() on ptolemy.moml.MoMLSimpleApplication@a7e34a6
----------------- Done invoking toplevel() on ptolemy.moml.MoMLSimpleApplication@a7e34a6
reloadAllAccessors: .PublisherClassNoParameter

===========================================================================================
----------------- testing Sun Jul 19 15:10:04 UTC 2020 /home/travis/build/icyphy/ptII/ptolemy/actor/lib/test/auto/PublisherClassParameter.xml
----------------- Instantiating /home/travis/build/icyphy/ptII/ptolemy/actor/lib/test/auto/PublisherClassParameter.xml
2 ms. Memory: 351232K Free: 266569K (76%)
----------------- Invoking toplevel() on ptolemy.moml.MoMLSimpleApplication@5e6a5e14
----------------- Done invoking toplevel() on ptolemy.moml.MoMLSimpleApplication@5e6a5e14
reloadAllAccessors: .PublisherClassParameter

===========================================================================================
----------------- testing Sun Jul 19 15:10:04 UTC 2020 /home/travis/build/icyphy/ptII/ptolemy/actor/lib/test/auto/PublisherNonStrictTest.xml
----------------- Instantiating /home/travis/build/icyphy/ptII/ptolemy/actor/lib/test/auto/PublisherNonStrictTest.xml
2 ms. Memory: 351232K Free: 258377K (74%)
----------------- Invoking toplevel() on ptolemy.moml.MoMLSimpleApplication@7f9cb99a
----------------- Done invoking toplevel() on ptolemy.moml.MoMLSimpleApplication@7f9cb99a
reloadAllAccessors: .PublisherNonStrictTest

===========================================================================================
----------------- testing Sun Jul 19 15:10:04 UTC 2020 /home/travis/build/icyphy/ptII/ptolemy/actor/lib/test/auto/PublisherPort1.xml
----------------- Instantiating /home/travis/build/icyphy/ptII/ptolemy/actor/lib/test/auto/PublisherPort1.xml
10 ms. Memory: 351232K Free: 252713K (72%)
----------------- Invoking toplevel() on ptolemy.moml.MoMLSimpleApplication@1c14174f
----------------- Done invoking toplevel() on ptolemy.moml.MoMLSimpleApplication@1c14174f
reloadAllAccessors: .PublisherPort1

===========================================================================================
----------------- testing Sun Jul 19 15:10:04 UTC 2020 /home/travis/build/icyphy/ptII/ptolemy/actor/lib/test/auto/PublisherPort2.xml
----------------- Instantiating /home/travis/build/icyphy/ptII/ptolemy/actor/lib/test/auto/PublisherPort2.xml
3 ms. Memory: 351232K Free: 247623K (71%)
----------------- Invoking toplevel() on ptolemy.moml.MoMLSimpleApplication@7003cbaf
----------------- Done invoking toplevel() on ptolemy.moml.MoMLSimpleApplication@7003cbaf
reloadAllAccessors: .PublisherPort2

===========================================================================================
----------------- testing Sun Jul 19 15:10:04 UTC 2020 /home/travis/build/icyphy/ptII/ptolemy/actor/lib/test/auto/PublisherPort3.xml
----------------- Instantiating /home/travis/build/icyphy/ptII/ptolemy/actor/lib/test/auto/PublisherPort3.xml
2 ms. Memory: 351232K Free: 240969K (69%)
----------------- Invoking toplevel() on ptolemy.moml.MoMLSimpleApplication@6ac66173
----------------- Done invoking toplevel() on ptolemy.moml.MoMLSimpleApplication@6ac66173
reloadAllAccessors: .PublisherPort3

===========================================================================================
----------------- testing Sun Jul 19 15:10:04 UTC 2020 /home/travis/build/icyphy/ptII/ptolemy/actor/lib/test/auto/PublisherPort4.xml
----------------- Instantiating /home/travis/build/icyphy/ptII/ptolemy/actor/lib/test/auto/PublisherPort4.xml
1 ms. Memory: 351232K Free: 235849K (67%)
----------------- Invoking toplevel() on ptolemy.moml.MoMLSimpleApplication@21f891ab
----------------- Done invoking toplevel() on ptolemy.moml.MoMLSimpleApplication@21f891ab
reloadAllAccessors: .PublisherPort4

===========================================================================================
----------------- testing Sun Jul 19 15:10:04 UTC 2020 /home/travis/build/icyphy/ptII/ptolemy/actor/lib/test/auto/PublisherPort5.xml
----------------- Instantiating /home/travis/build/icyphy/ptII/ptolemy/actor/lib/test/auto/PublisherPort5.xml
2 ms. Memory: 351232K Free: 228167K (65%)
----------------- Invoking toplevel() on ptolemy.moml.MoMLSimpleApplication@46a5f0e7
----------------- Done invoking toplevel() on ptolemy.moml.MoMLSimpleApplication@46a5f0e7
reloadAllAccessors: .PublisherPort5

===========================================================================================
----------------- testing Sun Jul 19 15:10:04 UTC 2020 /home/travis/build/icyphy/ptII/ptolemy/actor/lib/test/auto/PublisherPort5LookAlike.xml
----------------- Instantiating /home/travis/build/icyphy/ptII/ptolemy/actor/lib/test/auto/PublisherPort5LookAlike.xml
6 ms. Memory: 351232K Free: 220489K (63%)
----------------- Invoking toplevel() on ptolemy.moml.MoMLSimpleApplication@160899f6
----------------- Done invoking toplevel() on ptolemy.moml.MoMLSimpleApplication@160899f6
reloadAllAccessors: .PublisherPort5LookAlike

===========================================================================================
----------------- testing Sun Jul 19 15:10:04 UTC 2020 /home/travis/build/icyphy/ptII/ptolemy/actor/lib/test/auto/PublisherPort6.xml
----------------- Instantiating /home/travis/build/icyphy/ptII/ptolemy/actor/lib/test/auto/PublisherPort6.xml
2 ms. Memory: 351232K Free: 213825K (61%)
----------------- Invoking toplevel() on ptolemy.moml.MoMLSimpleApplication@4440d61c
----------------- Done invoking toplevel() on ptolemy.moml.MoMLSimpleApplication@4440d61c
reloadAllAccessors: .PublisherPort6

===========================================================================================
----------------- testing Sun Jul 19 15:10:04 UTC 2020 /home/travis/build/icyphy/ptII/ptolemy/actor/lib/test/auto/PublisherPort7.xml
----------------- Instantiating /home/travis/build/icyphy/ptII/ptolemy/actor/lib/test/auto/PublisherPort7.xml
3 ms. Memory: 351232K Free: 206153K (59%)
----------------- Invoking toplevel() on ptolemy.moml.MoMLSimpleApplication@2b4aaa7e
----------------- Done invoking toplevel() on ptolemy.moml.MoMLSimpleApplication@2b4aaa7e
reloadAllAccessors: .PublisherPort7

===========================================================================================
----------------- testing Sun Jul 19 15:10:04 UTC 2020 /home/travis/build/icyphy/ptII/ptolemy/actor/lib/test/auto/PublisherPort8.xml
----------------- Instantiating /home/travis/build/icyphy/ptII/ptolemy/actor/lib/test/auto/PublisherPort8.xml
10 ms. Memory: 351232K Free: 197447K (56%)
----------------- Invoking toplevel() on ptolemy.moml.MoMLSimpleApplication@5f757f0
----------------- Done invoking toplevel() on ptolemy.moml.MoMLSimpleApplication@5f757f0
reloadAllAccessors: .PublisherPort8

===========================================================================================
----------------- testing Sun Jul 19 15:10:04 UTC 2020 /home/travis/build/icyphy/ptII/ptolemy/actor/lib/test/auto/PublisherPortSubscriberChannelVariablesAOC2.xml
----------------- Instantiating /home/travis/build/icyphy/ptII/ptolemy/actor/lib/test/auto/PublisherPortSubscriberChannelVariablesAOC2.xml
2 ms. Memory: 351232K Free: 180039K (51%)
----------------- Invoking toplevel() on ptolemy.moml.MoMLSimpleApplication@319a4ebf
----------------- Done invoking toplevel() on ptolemy.moml.MoMLSimpleApplication@319a4ebf
reloadAllAccessors: .PublisherPortSubscriberChannelVariablesAOC2

===========================================================================================
----------------- testing Sun Jul 19 15:10:04 UTC 2020 /home/travis/build/icyphy/ptII/ptolemy/actor/lib/test/auto/PublisherPortSubscriberOpaqueWidthInference.xml
----------------- Instantiating /home/travis/build/icyphy/ptII/ptolemy/actor/lib/test/auto/PublisherPortSubscriberOpaqueWidthInference.xml
3 ms. Memory: 351232K Free: 172361K (49%)
----------------- Invoking toplevel() on ptolemy.moml.MoMLSimpleApplication@26d20740
----------------- Done invoking toplevel() on ptolemy.moml.MoMLSimpleApplication@26d20740
reloadAllAccessors: .PublisherPortSubscriberOpaqueWidthInference

===========================================================================================
----------------- testing Sun Jul 19 15:10:04 UTC 2020 /home/travis/build/icyphy/ptII/ptolemy/actor/lib/test/auto/PublisherPortSubscriberPortAdjacent.xml
----------------- Instantiating /home/travis/build/icyphy/ptII/ptolemy/actor/lib/test/auto/PublisherPortSubscriberPortAdjacent.xml
1 ms. Memory: 351232K Free: 164679K (47%)
----------------- Invoking toplevel() on ptolemy.moml.MoMLSimpleApplication@315787bf
----------------- Done invoking toplevel() on ptolemy.moml.MoMLSimpleApplication@315787bf
reloadAllAccessors: .PublisherPortSubscriberPortAdjacent

===========================================================================================
----------------- testing Sun Jul 19 15:10:04 UTC 2020 /home/travis/build/icyphy/ptII/ptolemy/actor/lib/test/auto/PublisherPortSubscriberPortExpression.xml
----------------- Instantiating /home/travis/build/icyphy/ptII/ptolemy/actor/lib/test/auto/PublisherPortSubscriberPortExpression.xml
7 ms. Memory: 351232K Free: 157001K (45%)
----------------- Invoking toplevel() on ptolemy.moml.MoMLSimpleApplication@69022f09
----------------- Done invoking toplevel() on ptolemy.moml.MoMLSimpleApplication@69022f09
reloadAllAccessors: .PublisherPortSubscriberPortExpression

===========================================================================================
----------------- testing Sun Jul 19 15:10:04 UTC 2020 /home/travis/build/icyphy/ptII/ptolemy/actor/lib/test/auto/PublisherPortSubscriberPortOpaqueD3Reverse.xml
----------------- Instantiating /home/travis/build/icyphy/ptII/ptolemy/actor/lib/test/auto/PublisherPortSubscriberPortOpaqueD3Reverse.xml
5 ms. Memory: 351232K Free: 146761K (42%)
----------------- Invoking toplevel() on ptolemy.moml.MoMLSimpleApplication@150569dd
----------------- Done invoking toplevel() on ptolemy.moml.MoMLSimpleApplication@150569dd
reloadAllAccessors: .PublisherPortSubscriberPortOpaqueD3Reverse

===========================================================================================
----------------- testing Sun Jul 19 15:10:04 UTC 2020 /home/travis/build/icyphy/ptII/ptolemy/actor/lib/test/auto/PublisherPortSubscriberPortOpaqueWidthInference.xml
----------------- Instantiating /home/travis/build/icyphy/ptII/ptolemy/actor/lib/test/auto/PublisherPortSubscriberPortOpaqueWidthInference.xml
2 ms. Memory: 351232K Free: 139065K (40%)
----------------- Invoking toplevel() on ptolemy.moml.MoMLSimpleApplication@42b54a84
----------------- Done invoking toplevel() on ptolemy.moml.MoMLSimpleApplication@42b54a84
reloadAllAccessors: .PublisherPortSubscriberPortOpaqueWidthInference

===========================================================================================
----------------- testing Sun Jul 19 15:10:04 UTC 2020 /home/travis/build/icyphy/ptII/ptolemy/actor/lib/test/auto/PublisherPortToplevelSubscriberPortAOC.xml
----------------- Instantiating /home/travis/build/icyphy/ptII/ptolemy/actor/lib/test/auto/PublisherPortToplevelSubscriberPortAOC.xml
.PublisherPortToplevelSubscriberPortAOC.TestExceptionAttribute: initialize() was not invoked, but wrapup() was.  This is unusual, but not always a problem.  For example, exporting JNLP will do this.
1 ms. Memory: 351232K Free: 133449K (38%)
----------------- Invoking toplevel() on ptolemy.moml.MoMLSimpleApplication@509a608a
----------------- Done invoking toplevel() on ptolemy.moml.MoMLSimpleApplication@509a608a
reloadAllAccessors: .PublisherPortToplevelSubscriberPortAOC

===========================================================================================
----------------- testing Sun Jul 19 15:10:04 UTC 2020 /home/travis/build/icyphy/ptII/ptolemy/actor/lib/test/auto/PublisherSubscriber.xml
----------------- Instantiating /home/travis/build/icyphy/ptII/ptolemy/actor/lib/test/auto/PublisherSubscriber.xml
2 ms. Memory: 351232K Free: 126281K (36%)
----------------- Invoking toplevel() on ptolemy.moml.MoMLSimpleApplication@50830209
----------------- Done invoking toplevel() on ptolemy.moml.MoMLSimpleApplication@50830209
reloadAllAccessors: .PublisherSubscriber

===========================================================================================
----------------- testing Sun Jul 19 15:10:04 UTC 2020 /home/travis/build/icyphy/ptII/ptolemy/actor/lib/test/auto/PublisherSubscriber10.xml
----------------- Instantiating /home/travis/build/icyphy/ptII/ptolemy/actor/lib/test/auto/PublisherSubscriber10.xml
4 ms. Memory: 351232K Free: 116551K (33%)
----------------- Invoking toplevel() on ptolemy.moml.MoMLSimpleApplication@3b398702
----------------- Done invoking toplevel() on ptolemy.moml.MoMLSimpleApplication@3b398702
reloadAllAccessors: .PublisherSubscriber10

===========================================================================================
----------------- testing Sun Jul 19 15:10:04 UTC 2020 /home/travis/build/icyphy/ptII/ptolemy/actor/lib/test/auto/PublisherSubscriber10InitialOutputs.xml
----------------- Instantiating /home/travis/build/icyphy/ptII/ptolemy/actor/lib/test/auto/PublisherSubscriber10InitialOutputs.xml
10 ms. Memory: 351232K Free: 107335K (31%)
----------------- Invoking toplevel() on ptolemy.moml.MoMLSimpleApplication@62337d46
----------------- Done invoking toplevel() on ptolemy.moml.MoMLSimpleApplication@62337d46
reloadAllAccessors: .PublisherSubscriber10InitialOutputs

===========================================================================================
----------------- testing Sun Jul 19 15:10:04 UTC 2020 /home/travis/build/icyphy/ptII/ptolemy/actor/lib/test/auto/PublisherSubscriber11.xml
----------------- Instantiating /home/travis/build/icyphy/ptII/ptolemy/actor/lib/test/auto/PublisherSubscriber11.xml
2 ms. Memory: 351232K Free: 101161K (29%)
----------------- Invoking toplevel() on ptolemy.moml.MoMLSimpleApplication@32f24f1c
----------------- Done invoking toplevel() on ptolemy.moml.MoMLSimpleApplication@32f24f1c
reloadAllAccessors: .PublisherSubscriber11

===========================================================================================
----------------- testing Sun Jul 19 15:10:04 UTC 2020 /home/travis/build/icyphy/ptII/ptolemy/actor/lib/test/auto/PublisherSubscriber12.xml
----------------- Instantiating /home/travis/build/icyphy/ptII/ptolemy/actor/lib/test/auto/PublisherSubscriber12.xml
4 ms. Memory: 351232K Free: 299513K (85%)
----------------- Invoking toplevel() on ptolemy.moml.MoMLSimpleApplication@7eb747de
----------------- Done invoking toplevel() on ptolemy.moml.MoMLSimpleApplication@7eb747de
reloadAllAccessors: .PublisherSubscriber12

===========================================================================================
----------------- testing Sun Jul 19 15:10:04 UTC 2020 /home/travis/build/icyphy/ptII/ptolemy/actor/lib/test/auto/PublisherSubscriber13.xml
----------------- Instantiating /home/travis/build/icyphy/ptII/ptolemy/actor/lib/test/auto/PublisherSubscriber13.xml
2 ms. Memory: 351232K Free: 293897K (84%)
----------------- Invoking toplevel() on ptolemy.moml.MoMLSimpleApplication@281ca3b2
----------------- Done invoking toplevel() on ptolemy.moml.MoMLSimpleApplication@281ca3b2
reloadAllAccessors: .PublisherSubscriber13

===========================================================================================
----------------- testing Sun Jul 19 15:10:04 UTC 2020 /home/travis/build/icyphy/ptII/ptolemy/actor/lib/test/auto/PublisherSubscriber14.xml
----------------- Instantiating /home/travis/build/icyphy/ptII/ptolemy/actor/lib/test/auto/PublisherSubscriber14.xml
1 ms. Memory: 351232K Free: 285177K (81%)
----------------- Invoking toplevel() on ptolemy.moml.MoMLSimpleApplication@15182867
----------------- Done invoking toplevel() on ptolemy.moml.MoMLSimpleApplication@15182867
reloadAllAccessors: .PublisherSubscriber14

===========================================================================================
----------------- testing Sun Jul 19 15:10:04 UTC 2020 /home/travis/build/icyphy/ptII/ptolemy/actor/lib/test/auto/PublisherSubscriber2.xml
----------------- Instantiating /home/travis/build/icyphy/ptII/ptolemy/actor/lib/test/auto/PublisherSubscriber2.xml
3 ms. Memory: 351232K Free: 279561K (80%)
----------------- Invoking toplevel() on ptolemy.moml.MoMLSimpleApplication@54a1aa3a
----------------- Done invoking toplevel() on ptolemy.moml.MoMLSimpleApplication@54a1aa3a
reloadAllAccessors: .PublisherSubscriber2

===========================================================================================
----------------- testing Sun Jul 19 15:10:04 UTC 2020 /home/travis/build/icyphy/ptII/ptolemy/actor/lib/test/auto/PublisherSubscriber3.xml
----------------- Instantiating /home/travis/build/icyphy/ptII/ptolemy/actor/lib/test/auto/PublisherSubscriber3.xml
1 ms. Memory: 351232K Free: 273913K (78%)
----------------- Invoking toplevel() on ptolemy.moml.MoMLSimpleApplication@56ca3717
----------------- Done invoking toplevel() on ptolemy.moml.MoMLSimpleApplication@56ca3717
reloadAllAccessors: .PublisherSubscriber3

===========================================================================================
----------------- testing Sun Jul 19 15:10:04 UTC 2020 /home/travis/build/icyphy/ptII/ptolemy/actor/lib/test/auto/PublisherSubscriber4.xml
----------------- Instantiating /home/travis/build/icyphy/ptII/ptolemy/actor/lib/test/auto/PublisherSubscriber4.xml
3 ms. Memory: 351232K Free: 268807K (77%)
----------------- Invoking toplevel() on ptolemy.moml.MoMLSimpleApplication@76cd1617
----------------- Done invoking toplevel() on ptolemy.moml.MoMLSimpleApplication@76cd1617
reloadAllAccessors: .PublisherSubscriber4

===========================================================================================
----------------- testing Sun Jul 19 15:10:04 UTC 2020 /home/travis/build/icyphy/ptII/ptolemy/actor/lib/test/auto/PublisherSubscriber5.xml
----------------- Instantiating /home/travis/build/icyphy/ptII/ptolemy/actor/lib/test/auto/PublisherSubscriber5.xml
1 ms. Memory: 351232K Free: 262153K (75%)
----------------- Invoking toplevel() on ptolemy.moml.MoMLSimpleApplication@6494e71b
----------------- Done invoking toplevel() on ptolemy.moml.MoMLSimpleApplication@6494e71b
reloadAllAccessors: .PublisherSubscriber5

===========================================================================================
----------------- testing Sun Jul 19 15:10:04 UTC 2020 /home/travis/build/icyphy/ptII/ptolemy/actor/lib/test/auto/PublisherSubscriber6.xml
----------------- Instantiating /home/travis/build/icyphy/ptII/ptolemy/actor/lib/test/auto/PublisherSubscriber6.xml
3 ms. Memory: 351232K Free: 255481K (73%)
----------------- Invoking toplevel() on ptolemy.moml.MoMLSimpleApplication@5431a53d
----------------- Done invoking toplevel() on ptolemy.moml.MoMLSimpleApplication@5431a53d
reloadAllAccessors: .PublisherSubscriber6

===========================================================================================
----------------- testing Sun Jul 19 15:10:04 UTC 2020 /home/travis/build/icyphy/ptII/ptolemy/actor/lib/test/auto/PublisherSubscriber7.xml
----------------- Instantiating /home/travis/build/icyphy/ptII/ptolemy/actor/lib/test/auto/PublisherSubscriber7.xml
6 ms. Memory: 351232K Free: 248841K (71%)
----------------- Invoking toplevel() on ptolemy.moml.MoMLSimpleApplication@4e683793
----------------- Done invoking toplevel() on ptolemy.moml.MoMLSimpleApplication@4e683793
reloadAllAccessors: .PublisherSubscriber7

===========================================================================================
----------------- testing Sun Jul 19 15:10:04 UTC 2020 /home/travis/build/icyphy/ptII/ptolemy/actor/lib/test/auto/PublisherSubscriber8.xml
----------------- Instantiating /home/travis/build/icyphy/ptII/ptolemy/actor/lib/test/auto/PublisherSubscriber8.xml
13 ms. Memory: 351232K Free: 236553K (67%)
----------------- Invoking toplevel() on ptolemy.moml.MoMLSimpleApplication@52a7b43b
----------------- Done invoking toplevel() on ptolemy.moml.MoMLSimpleApplication@52a7b43b
reloadAllAccessors: .PublisherSubscriber8

===========================================================================================
----------------- testing Sun Jul 19 15:10:04 UTC 2020 /home/travis/build/icyphy/ptII/ptolemy/actor/lib/test/auto/PublisherSubscriber9.xml
----------------- Instantiating /home/travis/build/icyphy/ptII/ptolemy/actor/lib/test/auto/PublisherSubscriber9.xml
2 ms. Memory: 351232K Free: 229385K (65%)
----------------- Invoking toplevel() on ptolemy.moml.MoMLSimpleApplication@7ece43ca
----------------- Done invoking toplevel() on ptolemy.moml.MoMLSimpleApplication@7ece43ca
reloadAllAccessors: .PublisherSubscriber9

===========================================================================================
----------------- testing Sun Jul 19 15:10:04 UTC 2020 /home/travis/build/icyphy/ptII/ptolemy/actor/lib/test/auto/PublisherSubscriberAdjacent.xml
----------------- Instantiating /home/travis/build/icyphy/ptII/ptolemy/actor/lib/test/auto/PublisherSubscriberAdjacent.xml
1 ms. Memory: 351232K Free: 221193K (63%)
----------------- Invoking toplevel() on ptolemy.moml.MoMLSimpleApplication@68645bd5
----------------- Done invoking toplevel() on ptolemy.moml.MoMLSimpleApplication@68645bd5
reloadAllAccessors: .PublisherSubscriberAdjacent

===========================================================================================
----------------- testing Sun Jul 19 15:10:05 UTC 2020 /home/travis/build/icyphy/ptII/ptolemy/actor/lib/test/auto/PublisherSubscriberChannelVariablesAOC2.xml
----------------- Instantiating /home/travis/build/icyphy/ptII/ptolemy/actor/lib/test/auto/PublisherSubscriberChannelVariablesAOC2.xml
2 ms. Memory: 351232K Free: 206329K (59%)
----------------- Invoking toplevel() on ptolemy.moml.MoMLSimpleApplication@2d2b2a1
----------------- Done invoking toplevel() on ptolemy.moml.MoMLSimpleApplication@2d2b2a1
reloadAllAccessors: .PublisherSubscriberChannelVariablesAOC2

===========================================================================================
----------------- testing Sun Jul 19 15:10:05 UTC 2020 /home/travis/build/icyphy/ptII/ptolemy/actor/lib/test/auto/PublisherSubscriberD3.xml
----------------- Instantiating /home/travis/build/icyphy/ptII/ptolemy/actor/lib/test/auto/PublisherSubscriberD3.xml
1 ms. Memory: 351232K Free: 199175K (57%)
----------------- Invoking toplevel() on ptolemy.moml.MoMLSimpleApplication@66c822bc
----------------- Done invoking toplevel() on ptolemy.moml.MoMLSimpleApplication@66c822bc
reloadAllAccessors: .PublisherSubscriberD3

===========================================================================================
----------------- testing Sun Jul 19 15:10:05 UTC 2020 /home/travis/build/icyphy/ptII/ptolemy/actor/lib/test/auto/PublisherSubscriberD3Reverse.xml
----------------- Instantiating /home/travis/build/icyphy/ptII/ptolemy/actor/lib/test/auto/PublisherSubscriberD3Reverse.xml
1 ms. Memory: 351232K Free: 193031K (55%)
----------------- Invoking toplevel() on ptolemy.moml.MoMLSimpleApplication@5c5ac591
----------------- Done invoking toplevel() on ptolemy.moml.MoMLSimpleApplication@5c5ac591
reloadAllAccessors: .PublisherSubscriberD3Reverse

===========================================================================================
----------------- testing Sun Jul 19 15:10:05 UTC 2020 /home/travis/build/icyphy/ptII/ptolemy/actor/lib/test/auto/PublisherSubscriberExpression.xml
----------------- Instantiating /home/travis/build/icyphy/ptII/ptolemy/actor/lib/test/auto/PublisherSubscriberExpression.xml
3 ms. Memory: 351232K Free: 184825K (53%)
----------------- Invoking toplevel() on ptolemy.moml.MoMLSimpleApplication@481951d0
----------------- Done invoking toplevel() on ptolemy.moml.MoMLSimpleApplication@481951d0
reloadAllAccessors: .PublisherSubscriberExpression

===========================================================================================
----------------- testing Sun Jul 19 15:10:05 UTC 2020 /home/travis/build/icyphy/ptII/ptolemy/actor/lib/test/auto/PublisherSubscriberOpaque.xml
----------------- Instantiating /home/travis/build/icyphy/ptII/ptolemy/actor/lib/test/auto/PublisherSubscriberOpaque.xml
3 ms. Memory: 351232K Free: 176647K (50%)
----------------- Invoking toplevel() on ptolemy.moml.MoMLSimpleApplication@364469a9
----------------- Done invoking toplevel() on ptolemy.moml.MoMLSimpleApplication@364469a9
reloadAllAccessors: .PublisherSubscriberOpaque

===========================================================================================
----------------- testing Sun Jul 19 15:10:05 UTC 2020 /home/travis/build/icyphy/ptII/ptolemy/actor/lib/test/auto/PublisherSubscriberOpaqueD3.xml
----------------- Instantiating /home/travis/build/icyphy/ptII/ptolemy/actor/lib/test/auto/PublisherSubscriberOpaqueD3.xml
5 ms. Memory: 351232K Free: 165383K (47%)
----------------- Invoking toplevel() on ptolemy.moml.MoMLSimpleApplication@707f99f3
----------------- Done invoking toplevel() on ptolemy.moml.MoMLSimpleApplication@707f99f3
reloadAllAccessors: .PublisherSubscriberOpaqueD3

===========================================================================================
----------------- testing Sun Jul 19 15:10:05 UTC 2020 /home/travis/build/icyphy/ptII/ptolemy/actor/lib/test/auto/PublisherSubscriberOpaqueD3Reverse.xml
----------------- Instantiating /home/travis/build/icyphy/ptII/ptolemy/actor/lib/test/auto/PublisherSubscriberOpaqueD3Reverse.xml
7 ms. Memory: 351232K Free: 154633K (44%)
----------------- Invoking toplevel() on ptolemy.moml.MoMLSimpleApplication@11c0b8b6
----------------- Done invoking toplevel() on ptolemy.moml.MoMLSimpleApplication@11c0b8b6
reloadAllAccessors: .PublisherSubscriberOpaqueD3Reverse

===========================================================================================
----------------- testing Sun Jul 19 15:10:05 UTC 2020 /home/travis/build/icyphy/ptII/ptolemy/actor/lib/test/auto/PublisherSubscriberOpaqueWidthInference.xml
----------------- Instantiating /home/travis/build/icyphy/ptII/ptolemy/actor/lib/test/auto/PublisherSubscriberOpaqueWidthInference.xml
2 ms. Memory: 351232K Free: 146441K (42%)
----------------- Invoking toplevel() on ptolemy.moml.MoMLSimpleApplication@5991d12c
----------------- Done invoking toplevel() on ptolemy.moml.MoMLSimpleApplication@5991d12c
reloadAllAccessors: .PublisherSubscriberOpaqueWidthInference

===========================================================================================
----------------- testing Sun Jul 19 15:10:05 UTC 2020 /home/travis/build/icyphy/ptII/ptolemy/actor/lib/test/auto/PublisherTestSubscriber.xml
----------------- Instantiating /home/travis/build/icyphy/ptII/ptolemy/actor/lib/test/auto/PublisherTestSubscriber.xml
3 ms. Memory: 351232K Free: 138753K (40%)
----------------- Invoking toplevel() on ptolemy.moml.MoMLSimpleApplication@2f0d83e5
----------------- Done invoking toplevel() on ptolemy.moml.MoMLSimpleApplication@2f0d83e5
reloadAllAccessors: .PublisherTestSubscriber

===========================================================================================
----------------- testing Sun Jul 19 15:10:05 UTC 2020 /home/travis/build/icyphy/ptII/ptolemy/actor/lib/test/auto/PublisherToplevelSubscriberPortAOC.xml
----------------- Instantiating /home/travis/build/icyphy/ptII/ptolemy/actor/lib/test/auto/PublisherToplevelSubscriberPortAOC.xml
2 ms. Memory: 351232K Free: 133129K (38%)
----------------- Invoking toplevel() on ptolemy.moml.MoMLSimpleApplication@211584a3
----------------- Done invoking toplevel() on ptolemy.moml.MoMLSimpleApplication@211584a3
reloadAllAccessors: .PublisherToplevelSubscriberPortAOC

===========================================================================================
----------------- testing Sun Jul 19 15:10:05 UTC 2020 /home/travis/build/icyphy/ptII/ptolemy/actor/lib/test/auto/PulseFiringLimitDE.xml
----------------- Instantiating /home/travis/build/icyphy/ptII/ptolemy/actor/lib/test/auto/PulseFiringLimitDE.xml
2 ms. Memory: 351232K Free: 126985K (36%)
----------------- Invoking toplevel() on ptolemy.moml.MoMLSimpleApplication@4cab83a
----------------- Done invoking toplevel() on ptolemy.moml.MoMLSimpleApplication@4cab83a
reloadAllAccessors: .PulseFiringLimitDE

===========================================================================================
----------------- testing Sun Jul 19 15:10:05 UTC 2020 /home/travis/build/icyphy/ptII/ptolemy/actor/lib/test/auto/Ramp1.xml
----------------- Instantiating /home/travis/build/icyphy/ptII/ptolemy/actor/lib/test/auto/Ramp1.xml
1 ms. Memory: 351232K Free: 122889K (35%)
----------------- Invoking toplevel() on ptolemy.moml.MoMLSimpleApplication@8979c93
----------------- Done invoking toplevel() on ptolemy.moml.MoMLSimpleApplication@8979c93
reloadAllAccessors: .Ramp1

===========================================================================================
----------------- testing Sun Jul 19 15:10:05 UTC 2020 /home/travis/build/icyphy/ptII/ptolemy/actor/lib/test/auto/RampFiringLimitDE.xml
----------------- Instantiating /home/travis/build/icyphy/ptII/ptolemy/actor/lib/test/auto/RampFiringLimitDE.xml
2 ms. Memory: 351232K Free: 116745K (33%)
----------------- Invoking toplevel() on ptolemy.moml.MoMLSimpleApplication@7d762b22
----------------- Done invoking toplevel() on ptolemy.moml.MoMLSimpleApplication@7d762b22
reloadAllAccessors: .RampFiringLimitDE

===========================================================================================
----------------- testing Sun Jul 19 15:10:05 UTC 2020 /home/travis/build/icyphy/ptII/ptolemy/actor/lib/test/auto/RampFiringLimitSDF.xml
----------------- Instantiating /home/travis/build/icyphy/ptII/ptolemy/actor/lib/test/auto/RampFiringLimitSDF.xml
2 ms. Memory: 351232K Free: 111625K (32%)
----------------- Invoking toplevel() on ptolemy.moml.MoMLSimpleApplication@77210eb8
----------------- Done invoking toplevel() on ptolemy.moml.MoMLSimpleApplication@77210eb8
reloadAllAccessors: .RampFiringLimitSDF

===========================================================================================
----------------- testing Sun Jul 19 15:10:05 UTC 2020 /home/travis/build/icyphy/ptII/ptolemy/actor/lib/test/auto/RandomInteger.xml
----------------- Instantiating /home/travis/build/icyphy/ptII/ptolemy/actor/lib/test/auto/RandomInteger.xml
0 ms. Memory: 351232K Free: 107529K (31%)
----------------- Invoking toplevel() on ptolemy.moml.MoMLSimpleApplication@7344f615
----------------- Done invoking toplevel() on ptolemy.moml.MoMLSimpleApplication@7344f615
reloadAllAccessors: .RandomInteger

===========================================================================================
----------------- testing Sun Jul 19 15:10:05 UTC 2020 /home/travis/build/icyphy/ptII/ptolemy/actor/lib/test/auto/ReadFile1.xml
----------------- Instantiating /home/travis/build/icyphy/ptII/ptolemy/actor/lib/test/auto/ReadFile1.xml
1 ms. Memory: 351232K Free: 102905K (29%)
----------------- Invoking toplevel() on ptolemy.moml.MoMLSimpleApplication@3772b82e
----------------- Done invoking toplevel() on ptolemy.moml.MoMLSimpleApplication@3772b82e
reloadAllAccessors: .ReadFile1

===========================================================================================
----------------- testing Sun Jul 19 15:10:05 UTC 2020 /home/travis/build/icyphy/ptII/ptolemy/actor/lib/test/auto/ReadFile2.xml
----------------- Instantiating /home/travis/build/icyphy/ptII/ptolemy/actor/lib/test/auto/ReadFile2.xml
1 ms. Memory: 351232K Free: 98823K (28%)
----------------- Invoking toplevel() on ptolemy.moml.MoMLSimpleApplication@589a2ca
----------------- Done invoking toplevel() on ptolemy.moml.MoMLSimpleApplication@589a2ca
reloadAllAccessors: .ReadFile2

===========================================================================================
----------------- testing Sun Jul 19 15:10:05 UTC 2020 /home/travis/build/icyphy/ptII/ptolemy/actor/lib/test/auto/Reader.xml
----------------- Instantiating /home/travis/build/icyphy/ptII/ptolemy/actor/lib/test/auto/Reader.xml
actor.lib.Reader is obsolete, use actor.lib.io.ExpressionReader instead
5 ms. Memory: 351232K Free: 300489K (86%)
----------------- Invoking toplevel() on ptolemy.moml.MoMLSimpleApplication@923ad51
----------------- Done invoking toplevel() on ptolemy.moml.MoMLSimpleApplication@923ad51
reloadAllAccessors: .Reader

===========================================================================================
----------------- testing Sun Jul 19 15:10:05 UTC 2020 /home/travis/build/icyphy/ptII/ptolemy/actor/lib/test/auto/RecordAssemblerDisplayNameTest.xml
----------------- Instantiating /home/travis/build/icyphy/ptII/ptolemy/actor/lib/test/auto/RecordAssemblerDisplayNameTest.xml
3115 ms. Memory: 351232K Free: 107237K (31%)
----------------- Invoking toplevel() on ptolemy.moml.MoMLSimpleApplication@2d400ef0
----------------- Done invoking toplevel() on ptolemy.moml.MoMLSimpleApplication@2d400ef0
reloadAllAccessors: .RecordAssemblerDisplayNameTest

===========================================================================================
----------------- testing Sun Jul 19 15:10:08 UTC 2020 /home/travis/build/icyphy/ptII/ptolemy/actor/lib/test/auto/RecordAssemblerTypeError.xml
----------------- Instantiating /home/travis/build/icyphy/ptII/ptolemy/actor/lib/test/auto/RecordAssemblerTypeError.xml
7 ms. Memory: 351232K Free: 98021K (28%)
----------------- Invoking toplevel() on ptolemy.moml.MoMLSimpleApplication@14d25800
----------------- Done invoking toplevel() on ptolemy.moml.MoMLSimpleApplication@14d25800
reloadAllAccessors: .RecordAssemblerTypeError

===========================================================================================
----------------- testing Sun Jul 19 15:10:08 UTC 2020 /home/travis/build/icyphy/ptII/ptolemy/actor/lib/test/auto/RecordDisassember.xml
----------------- Instantiating /home/travis/build/icyphy/ptII/ptolemy/actor/lib/test/auto/RecordDisassember.xml
3 ms. Memory: 351232K Free: 300077K (85%)
----------------- Invoking toplevel() on ptolemy.moml.MoMLSimpleApplication@418fb181
----------------- Done invoking toplevel() on ptolemy.moml.MoMLSimpleApplication@418fb181
reloadAllAccessors: .RecordDisassember

===========================================================================================
----------------- testing Sun Jul 19 15:10:08 UTC 2020 /home/travis/build/icyphy/ptII/ptolemy/actor/lib/test/auto/RecordDisassemberDisplayNameTest.xml
----------------- Instantiating /home/travis/build/icyphy/ptII/ptolemy/actor/lib/test/auto/RecordDisassemberDisplayNameTest.xml
5 ms. Memory: 351232K Free: 291885K (83%)
----------------- Invoking toplevel() on ptolemy.moml.MoMLSimpleApplication@4ad821fa
----------------- Done invoking toplevel() on ptolemy.moml.MoMLSimpleApplication@4ad821fa
reloadAllAccessors: .RecordDisassemberDisplayNameTest

===========================================================================================
----------------- testing Sun Jul 19 15:10:08 UTC 2020 /home/travis/build/icyphy/ptII/ptolemy/actor/lib/test/auto/RecordDisassembler.xml
----------------- Instantiating /home/travis/build/icyphy/ptII/ptolemy/actor/lib/test/auto/RecordDisassembler.xml
2 ms. Memory: 351232K Free: 286765K (82%)
----------------- Invoking toplevel() on ptolemy.moml.MoMLSimpleApplication@29d939d9
----------------- Done invoking toplevel() on ptolemy.moml.MoMLSimpleApplication@29d939d9
reloadAllAccessors: .RecordDisassembler

===========================================================================================
----------------- testing Sun Jul 19 15:10:08 UTC 2020 /home/travis/build/icyphy/ptII/ptolemy/actor/lib/test/auto/RecordDisassembler2.xml
----------------- Instantiating /home/travis/build/icyphy/ptII/ptolemy/actor/lib/test/auto/RecordDisassembler2.xml
3 ms. Memory: 351232K Free: 281645K (80%)
----------------- Invoking toplevel() on ptolemy.moml.MoMLSimpleApplication@5ee6383f
----------------- Done invoking toplevel() on ptolemy.moml.MoMLSimpleApplication@5ee6383f
reloadAllAccessors: .RecordDisassembler2

===========================================================================================
----------------- testing Sun Jul 19 15:10:08 UTC 2020 /home/travis/build/icyphy/ptII/ptolemy/actor/lib/test/auto/RecordUpdater.xml
----------------- Instantiating /home/travis/build/icyphy/ptII/ptolemy/actor/lib/test/auto/RecordUpdater.xml
2 ms. Memory: 351232K Free: 277035K (79%)
----------------- Invoking toplevel() on ptolemy.moml.MoMLSimpleApplication@352e8b3d
----------------- Done invoking toplevel() on ptolemy.moml.MoMLSimpleApplication@352e8b3d
reloadAllAccessors: .RecordUpdater

===========================================================================================
----------------- testing Sun Jul 19 15:10:08 UTC 2020 /home/travis/build/icyphy/ptII/ptolemy/actor/lib/test/auto/RecordUpdater2.xml
----------------- Instantiating /home/travis/build/icyphy/ptII/ptolemy/actor/lib/test/auto/RecordUpdater2.xml
1 ms. Memory: 351232K Free: 272429K (78%)
----------------- Invoking toplevel() on ptolemy.moml.MoMLSimpleApplication@4c97c808
----------------- Done invoking toplevel() on ptolemy.moml.MoMLSimpleApplication@4c97c808
reloadAllAccessors: .RecordUpdater2

===========================================================================================
----------------- testing Sun Jul 19 15:10:08 UTC 2020 /home/travis/build/icyphy/ptII/ptolemy/actor/lib/test/auto/RecursiveLattice.xml
----------------- Instantiating /home/travis/build/icyphy/ptII/ptolemy/actor/lib/test/auto/RecursiveLattice.xml
1 ms. Memory: 351232K Free: 268333K (76%)
----------------- Invoking toplevel() on ptolemy.moml.MoMLSimpleApplication@10d678d6
----------------- Done invoking toplevel() on ptolemy.moml.MoMLSimpleApplication@10d678d6
reloadAllAccessors: .RecursiveLattice

===========================================================================================
----------------- testing Sun Jul 19 15:10:08 UTC 2020 /home/travis/build/icyphy/ptII/ptolemy/actor/lib/test/auto/Router.xml
----------------- Instantiating /home/travis/build/icyphy/ptII/ptolemy/actor/lib/test/auto/Router.xml
3004 ms. Memory: 351232K Free: 256555K (73%)
----------------- Invoking toplevel() on ptolemy.moml.MoMLSimpleApplication@56c74067
----------------- Done invoking toplevel() on ptolemy.moml.MoMLSimpleApplication@56c74067
reloadAllAccessors: .Router

===========================================================================================
----------------- testing Sun Jul 19 15:10:11 UTC 2020 /home/travis/build/icyphy/ptII/ptolemy/actor/lib/test/auto/Router2.xml
----------------- Instantiating /home/travis/build/icyphy/ptII/ptolemy/actor/lib/test/auto/Router2.xml
3003 ms. Memory: 351232K Free: 244781K (70%)
----------------- Invoking toplevel() on ptolemy.moml.MoMLSimpleApplication@168394b9
----------------- Done invoking toplevel() on ptolemy.moml.MoMLSimpleApplication@168394b9
reloadAllAccessors: .Router2

===========================================================================================
----------------- testing Sun Jul 19 15:10:14 UTC 2020 /home/travis/build/icyphy/ptII/ptolemy/actor/lib/test/auto/RunningMaximum.xml
----------------- Instantiating /home/travis/build/icyphy/ptII/ptolemy/actor/lib/test/auto/RunningMaximum.xml
2 ms. Memory: 351232K Free: 239661K (68%)
----------------- Invoking toplevel() on ptolemy.moml.MoMLSimpleApplication@6d0a8678
----------------- Done invoking toplevel() on ptolemy.moml.MoMLSimpleApplication@6d0a8678
reloadAllAccessors: .RunningMaximum

===========================================================================================
----------------- testing Sun Jul 19 15:10:14 UTC 2020 /home/travis/build/icyphy/ptII/ptolemy/actor/lib/test/auto/RunningMinimum.xml
----------------- Instantiating /home/travis/build/icyphy/ptII/ptolemy/actor/lib/test/auto/RunningMinimum.xml
8 ms. Memory: 351232K Free: 235051K (67%)
----------------- Invoking toplevel() on ptolemy.moml.MoMLSimpleApplication@6d596be1
----------------- Done invoking toplevel() on ptolemy.moml.MoMLSimpleApplication@6d596be1
reloadAllAccessors: .RunningMinimum

===========================================================================================
----------------- testing Sun Jul 19 15:10:14 UTC 2020 /home/travis/build/icyphy/ptII/ptolemy/actor/lib/test/auto/Scale.xml
----------------- Instantiating /home/travis/build/icyphy/ptII/ptolemy/actor/lib/test/auto/Scale.xml
2 ms. Memory: 351232K Free: 230445K (66%)
----------------- Invoking toplevel() on ptolemy.moml.MoMLSimpleApplication@54186173
----------------- Done invoking toplevel() on ptolemy.moml.MoMLSimpleApplication@54186173
reloadAllAccessors: .Scale

===========================================================================================
----------------- testing Sun Jul 19 15:10:14 UTC 2020 /home/travis/build/icyphy/ptII/ptolemy/actor/lib/test/auto/Scale2.xml
----------------- Instantiating /home/travis/build/icyphy/ptII/ptolemy/actor/lib/test/auto/Scale2.xml
1 ms. Memory: 351232K Free: 225835K (64%)
----------------- Invoking toplevel() on ptolemy.moml.MoMLSimpleApplication@5627c215
----------------- Done invoking toplevel() on ptolemy.moml.MoMLSimpleApplication@5627c215
reloadAllAccessors: .Scale2

===========================================================================================
----------------- testing Sun Jul 19 15:10:14 UTC 2020 /home/travis/build/icyphy/ptII/ptolemy/actor/lib/test/auto/Scale3.xml
----------------- Instantiating /home/travis/build/icyphy/ptII/ptolemy/actor/lib/test/auto/Scale3.xml
3 ms. Memory: 351232K Free: 219691K (63%)
----------------- Invoking toplevel() on ptolemy.moml.MoMLSimpleApplication@38f05773
----------------- Done invoking toplevel() on ptolemy.moml.MoMLSimpleApplication@38f05773
reloadAllAccessors: .Scale3

===========================================================================================
----------------- testing Sun Jul 19 15:10:14 UTC 2020 /home/travis/build/icyphy/ptII/ptolemy/actor/lib/test/auto/ScaleArray.xml
----------------- Instantiating /home/travis/build/icyphy/ptII/ptolemy/actor/lib/test/auto/ScaleArray.xml
1 ms. Memory: 351232K Free: 215085K (61%)
----------------- Invoking toplevel() on ptolemy.moml.MoMLSimpleApplication@142288f5
----------------- Done invoking toplevel() on ptolemy.moml.MoMLSimpleApplication@142288f5
reloadAllAccessors: .ScaleArray

===========================================================================================
----------------- testing Sun Jul 19 15:10:14 UTC 2020 /home/travis/build/icyphy/ptII/ptolemy/actor/lib/test/auto/ScaleArray2.xml
----------------- Instantiating /home/travis/build/icyphy/ptII/ptolemy/actor/lib/test/auto/ScaleArray2.xml
1 ms. Memory: 351232K Free: 210475K (60%)
----------------- Invoking toplevel() on ptolemy.moml.MoMLSimpleApplication@b72aaf
----------------- Done invoking toplevel() on ptolemy.moml.MoMLSimpleApplication@b72aaf
reloadAllAccessors: .ScaleArray2

===========================================================================================
----------------- testing Sun Jul 19 15:10:14 UTC 2020 /home/travis/build/icyphy/ptII/ptolemy/actor/lib/test/auto/ScaleMatrix.xml
----------------- Instantiating /home/travis/build/icyphy/ptII/ptolemy/actor/lib/test/auto/ScaleMatrix.xml
135 ms. Memory: 351232K Free: 196139K (56%)
----------------- Invoking toplevel() on ptolemy.moml.MoMLSimpleApplication@43f0f5b1
----------------- Done invoking toplevel() on ptolemy.moml.MoMLSimpleApplication@43f0f5b1
reloadAllAccessors: .ScaleMatrix

===========================================================================================
----------------- testing Sun Jul 19 15:10:14 UTC 2020 /home/travis/build/icyphy/ptII/ptolemy/actor/lib/test/auto/Select.xml
----------------- Instantiating /home/travis/build/icyphy/ptII/ptolemy/actor/lib/test/auto/Select.xml
3 ms. Memory: 351232K Free: 189989K (54%)
----------------- Invoking toplevel() on ptolemy.moml.MoMLSimpleApplication@552f689e
----------------- Done invoking toplevel() on ptolemy.moml.MoMLSimpleApplication@552f689e
reloadAllAccessors: .Select

===========================================================================================
----------------- testing Sun Jul 19 15:10:14 UTC 2020 /home/travis/build/icyphy/ptII/ptolemy/actor/lib/test/auto/Select2.xml
----------------- Instantiating /home/travis/build/icyphy/ptII/ptolemy/actor/lib/test/auto/Select2.xml
0 ms. Memory: 351232K Free: 185389K (53%)
----------------- Invoking toplevel() on ptolemy.moml.MoMLSimpleApplication@5a8fde88
----------------- Done invoking toplevel() on ptolemy.moml.MoMLSimpleApplication@5a8fde88
reloadAllAccessors: .Select2

===========================================================================================
----------------- testing Sun Jul 19 15:10:14 UTC 2020 /home/travis/build/icyphy/ptII/ptolemy/actor/lib/test/auto/SequenceToArray2.xml
----------------- Instantiating /home/travis/build/icyphy/ptII/ptolemy/actor/lib/test/auto/SequenceToArray2.xml
81 ms. Memory: 351232K Free: 161837K (46%)
----------------- Invoking toplevel() on ptolemy.moml.MoMLSimpleApplication@1ed19da6
----------------- Done invoking toplevel() on ptolemy.moml.MoMLSimpleApplication@1ed19da6
reloadAllAccessors: .SequenceToArray2

===========================================================================================
----------------- testing Sun Jul 19 15:10:15 UTC 2020 /home/travis/build/icyphy/ptII/ptolemy/actor/lib/test/auto/SequentialClock.xml
----------------- Instantiating /home/travis/build/icyphy/ptII/ptolemy/actor/lib/test/auto/SequentialClock.xml
1 ms. Memory: 351232K Free: 158251K (45%)
----------------- Invoking toplevel() on ptolemy.moml.MoMLSimpleApplication@1b6314cc
----------------- Done invoking toplevel() on ptolemy.moml.MoMLSimpleApplication@1b6314cc
reloadAllAccessors: .SequentialClock

===========================================================================================
----------------- testing Sun Jul 19 15:10:15 UTC 2020 /home/travis/build/icyphy/ptII/ptolemy/actor/lib/test/auto/SetVariable.xml
----------------- Instantiating /home/travis/build/icyphy/ptII/ptolemy/actor/lib/test/auto/SetVariable.xml
4 ms. Memory: 351232K Free: 153645K (44%)
----------------- Invoking toplevel() on ptolemy.moml.MoMLSimpleApplication@7aaedc23
----------------- Done invoking toplevel() on ptolemy.moml.MoMLSimpleApplication@7aaedc23
reloadAllAccessors: .SetVariable

===========================================================================================
----------------- testing Sun Jul 19 15:10:15 UTC 2020 /home/travis/build/icyphy/ptII/ptolemy/actor/lib/test/auto/SetVariable2.xml
----------------- Instantiating /home/travis/build/icyphy/ptII/ptolemy/actor/lib/test/auto/SetVariable2.xml
4 ms. Memory: 351232K Free: 148525K (42%)
----------------- Invoking toplevel() on ptolemy.moml.MoMLSimpleApplication@276f5c14
----------------- Done invoking toplevel() on ptolemy.moml.MoMLSimpleApplication@276f5c14
reloadAllAccessors: .SetVariable2

===========================================================================================
----------------- testing Sun Jul 19 15:10:15 UTC 2020 /home/travis/build/icyphy/ptII/ptolemy/actor/lib/test/auto/SetVariable3.xml
----------------- Instantiating /home/travis/build/icyphy/ptII/ptolemy/actor/lib/test/auto/SetVariable3.xml
6 ms. Memory: 351232K Free: 143405K (41%)
----------------- Invoking toplevel() on ptolemy.moml.MoMLSimpleApplication@61cc96ba
----------------- Done invoking toplevel() on ptolemy.moml.MoMLSimpleApplication@61cc96ba
reloadAllAccessors: .SetVariable3

===========================================================================================
----------------- testing Sun Jul 19 15:10:15 UTC 2020 /home/travis/build/icyphy/ptII/ptolemy/actor/lib/test/auto/SetVariable4.xml
----------------- Instantiating /home/travis/build/icyphy/ptII/ptolemy/actor/lib/test/auto/SetVariable4.xml
13 ms. Memory: 351232K Free: 134187K (38%)
----------------- Invoking toplevel() on ptolemy.moml.MoMLSimpleApplication@3b178e4
----------------- Done invoking toplevel() on ptolemy.moml.MoMLSimpleApplication@3b178e4
reloadAllAccessors: .SetVariable4

===========================================================================================
----------------- testing Sun Jul 19 15:10:15 UTC 2020 /home/travis/build/icyphy/ptII/ptolemy/actor/lib/test/auto/SetVariable5.xml
----------------- Instantiating /home/travis/build/icyphy/ptII/ptolemy/actor/lib/test/auto/SetVariable5.xml
16 ms. Memory: 351232K Free: 124459K (35%)
----------------- Invoking toplevel() on ptolemy.moml.MoMLSimpleApplication@b4c5c2d
----------------- Done invoking toplevel() on ptolemy.moml.MoMLSimpleApplication@b4c5c2d
reloadAllAccessors: .SetVariable5

===========================================================================================
----------------- testing Sun Jul 19 15:10:15 UTC 2020 /home/travis/build/icyphy/ptII/ptolemy/actor/lib/test/auto/Sinewave.xml
----------------- Instantiating /home/travis/build/icyphy/ptII/ptolemy/actor/lib/test/auto/Sinewave.xml
5 ms. Memory: 351232K Free: 114219K (33%)
----------------- Invoking toplevel() on ptolemy.moml.MoMLSimpleApplication@3e60d5fe
----------------- Done invoking toplevel() on ptolemy.moml.MoMLSimpleApplication@3e60d5fe
reloadAllAccessors: .Sinewave

===========================================================================================
----------------- testing Sun Jul 19 15:10:15 UTC 2020 /home/travis/build/icyphy/ptII/ptolemy/actor/lib/test/auto/Sinewave2.xml
----------------- Instantiating /home/travis/build/icyphy/ptII/ptolemy/actor/lib/test/auto/Sinewave2.xml
7 ms. Memory: 351232K Free: 106027K (30%)
----------------- Invoking toplevel() on ptolemy.moml.MoMLSimpleApplication@383d4c00
----------------- Done invoking toplevel() on ptolemy.moml.MoMLSimpleApplication@383d4c00
reloadAllAccessors: .Sinewave2

===========================================================================================
----------------- testing Sun Jul 19 15:10:15 UTC 2020 /home/travis/build/icyphy/ptII/ptolemy/actor/lib/test/auto/Sinewave3.xml
----------------- Instantiating /home/travis/build/icyphy/ptII/ptolemy/actor/lib/test/auto/Sinewave3.xml
7 ms. Memory: 351232K Free: 97325K (28%)
----------------- Invoking toplevel() on ptolemy.moml.MoMLSimpleApplication@50c7d952
----------------- Done invoking toplevel() on ptolemy.moml.MoMLSimpleApplication@50c7d952
reloadAllAccessors: .Sinewave3

===========================================================================================
----------------- testing Sun Jul 19 15:10:15 UTC 2020 /home/travis/build/icyphy/ptII/ptolemy/actor/lib/test/auto/SingleEvent.xml
----------------- Instantiating /home/travis/build/icyphy/ptII/ptolemy/actor/lib/test/auto/SingleEvent.xml
1 ms. Memory: 351232K Free: 300119K (85%)
----------------- Invoking toplevel() on ptolemy.moml.MoMLSimpleApplication@32940eed
----------------- Done invoking toplevel() on ptolemy.moml.MoMLSimpleApplication@32940eed
reloadAllAccessors: .SingleEvent

===========================================================================================
----------------- testing Sun Jul 19 15:10:15 UTC 2020 /home/travis/build/icyphy/ptII/ptolemy/actor/lib/test/auto/Sleep.xml
----------------- Instantiating /home/travis/build/icyphy/ptII/ptolemy/actor/lib/test/auto/Sleep.xml
6003 ms. Memory: 351232K Free: 294223K (84%)
----------------- Invoking toplevel() on ptolemy.moml.MoMLSimpleApplication@762e5828
----------------- Done invoking toplevel() on ptolemy.moml.MoMLSimpleApplication@762e5828
reloadAllAccessors: .Sleep

===========================================================================================
----------------- testing Sun Jul 19 15:10:21 UTC 2020 /home/travis/build/icyphy/ptII/ptolemy/actor/lib/test/auto/SleepMultipleFire.xml
----------------- Instantiating /home/travis/build/icyphy/ptII/ptolemy/actor/lib/test/auto/SleepMultipleFire.xml
1004 ms. Memory: 351232K Free: 288607K (82%)
----------------- Invoking toplevel() on ptolemy.moml.MoMLSimpleApplication@5175a536
----------------- Done invoking toplevel() on ptolemy.moml.MoMLSimpleApplication@5175a536
reloadAllAccessors: .SleepMultipleFire

===========================================================================================
----------------- testing Sun Jul 19 15:10:22 UTC 2020 /home/travis/build/icyphy/ptII/ptolemy/actor/lib/test/auto/StopDE.xml
----------------- Instantiating /home/travis/build/icyphy/ptII/ptolemy/actor/lib/test/auto/StopDE.xml
3 ms. Memory: 351232K Free: 282973K (81%)
----------------- Invoking toplevel() on ptolemy.moml.MoMLSimpleApplication@5603055c
----------------- Done invoking toplevel() on ptolemy.moml.MoMLSimpleApplication@5603055c
reloadAllAccessors: .StopDE

===========================================================================================
----------------- testing Sun Jul 19 15:10:22 UTC 2020 /home/travis/build/icyphy/ptII/ptolemy/actor/lib/test/auto/StopSDF.xml
----------------- Instantiating /home/travis/build/icyphy/ptII/ptolemy/actor/lib/test/auto/StopSDF.xml
2 ms. Memory: 351232K Free: 277853K (79%)
----------------- Invoking toplevel() on ptolemy.moml.MoMLSimpleApplication@6a91f135
----------------- Done invoking toplevel() on ptolemy.moml.MoMLSimpleApplication@6a91f135
reloadAllAccessors: .StopSDF

===========================================================================================
----------------- testing Sun Jul 19 15:10:22 UTC 2020 /home/travis/build/icyphy/ptII/ptolemy/actor/lib/test/auto/StringConstant.xml
----------------- Instantiating /home/travis/build/icyphy/ptII/ptolemy/actor/lib/test/auto/StringConstant.xml
9 ms. Memory: 351232K Free: 273245K (78%)
----------------- Invoking toplevel() on ptolemy.moml.MoMLSimpleApplication@3ff0840
----------------- Done invoking toplevel() on ptolemy.moml.MoMLSimpleApplication@3ff0840
reloadAllAccessors: .StringConstant

===========================================================================================
----------------- testing Sun Jul 19 15:10:22 UTC 2020 /home/travis/build/icyphy/ptII/ptolemy/actor/lib/test/auto/SubscriberPortInitialValues1.xml
----------------- Instantiating /home/travis/build/icyphy/ptII/ptolemy/actor/lib/test/auto/SubscriberPortInitialValues1.xml
6 ms. Memory: 351232K Free: 264541K (75%)
----------------- Invoking toplevel() on ptolemy.moml.MoMLSimpleApplication@6d52f2d4
----------------- Done invoking toplevel() on ptolemy.moml.MoMLSimpleApplication@6d52f2d4
reloadAllAccessors: .SubscriberPortInitialValues1

===========================================================================================
----------------- testing Sun Jul 19 15:10:22 UTC 2020 /home/travis/build/icyphy/ptII/ptolemy/actor/lib/test/auto/SubscriberPortInitialValues13.xml
----------------- Instantiating /home/travis/build/icyphy/ptII/ptolemy/actor/lib/test/auto/SubscriberPortInitialValues13.xml
5 ms. Memory: 351232K Free: 251743K (72%)
----------------- Invoking toplevel() on ptolemy.moml.MoMLSimpleApplication@88f5e71
----------------- Done invoking toplevel() on ptolemy.moml.MoMLSimpleApplication@88f5e71
reloadAllAccessors: .SubscriberPortInitialValues13

===========================================================================================
----------------- testing Sun Jul 19 15:10:22 UTC 2020 /home/travis/build/icyphy/ptII/ptolemy/actor/lib/test/auto/SubscriberPortInitialValues14.xml
----------------- Instantiating /home/travis/build/icyphy/ptII/ptolemy/actor/lib/test/auto/SubscriberPortInitialValues14.xml
4 ms. Memory: 351232K Free: 244061K (69%)
----------------- Invoking toplevel() on ptolemy.moml.MoMLSimpleApplication@1cf84140
----------------- Done invoking toplevel() on ptolemy.moml.MoMLSimpleApplication@1cf84140
reloadAllAccessors: .SubscriberPortInitialValues14

===========================================================================================
----------------- testing Sun Jul 19 15:10:22 UTC 2020 /home/travis/build/icyphy/ptII/ptolemy/actor/lib/test/auto/SubscriberPortInitialValues2.xml
----------------- Instantiating /home/travis/build/icyphy/ptII/ptolemy/actor/lib/test/auto/SubscriberPortInitialValues2.xml
3 ms. Memory: 351232K Free: 236383K (67%)
----------------- Invoking toplevel() on ptolemy.moml.MoMLSimpleApplication@4992e6cb
----------------- Done invoking toplevel() on ptolemy.moml.MoMLSimpleApplication@4992e6cb
reloadAllAccessors: .SubscriberPortInitialValues2

===========================================================================================
----------------- testing Sun Jul 19 15:10:22 UTC 2020 /home/travis/build/icyphy/ptII/ptolemy/actor/lib/test/auto/SubscriberPortInitialValues3.xml
----------------- Instantiating /home/travis/build/icyphy/ptII/ptolemy/actor/lib/test/auto/SubscriberPortInitialValues3.xml
3 ms. Memory: 351232K Free: 225629K (64%)
----------------- Invoking toplevel() on ptolemy.moml.MoMLSimpleApplication@140c83d4
----------------- Done invoking toplevel() on ptolemy.moml.MoMLSimpleApplication@140c83d4
reloadAllAccessors: .SubscriberPortInitialValues3

===========================================================================================
----------------- testing Sun Jul 19 15:10:22 UTC 2020 /home/travis/build/icyphy/ptII/ptolemy/actor/lib/test/auto/SubscriptionAggregator.xml
----------------- Instantiating /home/travis/build/icyphy/ptII/ptolemy/actor/lib/test/auto/SubscriptionAggregator.xml
2 ms. Memory: 351232K Free: 218975K (62%)
----------------- Invoking toplevel() on ptolemy.moml.MoMLSimpleApplication@4f008757
----------------- Done invoking toplevel() on ptolemy.moml.MoMLSimpleApplication@4f008757
reloadAllAccessors: .SubscriptionAggregator

===========================================================================================
----------------- testing Sun Jul 19 15:10:22 UTC 2020 /home/travis/build/icyphy/ptII/ptolemy/actor/lib/test/auto/SubscriptionAggregator2.xml
----------------- Instantiating /home/travis/build/icyphy/ptII/ptolemy/actor/lib/test/auto/SubscriptionAggregator2.xml
3 ms. Memory: 351232K Free: 211807K (60%)
----------------- Invoking toplevel() on ptolemy.moml.MoMLSimpleApplication@5be975a6
----------------- Done invoking toplevel() on ptolemy.moml.MoMLSimpleApplication@5be975a6
reloadAllAccessors: .SubscriptionAggregator2

===========================================================================================
----------------- testing Sun Jul 19 15:10:22 UTC 2020 /home/travis/build/icyphy/ptII/ptolemy/actor/lib/test/auto/SubscriptionAggregator3.xml
----------------- Instantiating /home/travis/build/icyphy/ptII/ptolemy/actor/lib/test/auto/SubscriptionAggregator3.xml
3 ms. Memory: 351232K Free: 203087K (58%)
----------------- Invoking toplevel() on ptolemy.moml.MoMLSimpleApplication@677f7782
----------------- Done invoking toplevel() on ptolemy.moml.MoMLSimpleApplication@677f7782
reloadAllAccessors: .SubscriptionAggregator3

===========================================================================================
----------------- testing Sun Jul 19 15:10:22 UTC 2020 /home/travis/build/icyphy/ptII/ptolemy/actor/lib/test/auto/SubscriptionAggregatorMultiply.xml
----------------- Instantiating /home/travis/build/icyphy/ptII/ptolemy/actor/lib/test/auto/SubscriptionAggregatorMultiply.xml
3 ms. Memory: 351232K Free: 193879K (55%)
----------------- Invoking toplevel() on ptolemy.moml.MoMLSimpleApplication@195f3ce6
----------------- Done invoking toplevel() on ptolemy.moml.MoMLSimpleApplication@195f3ce6
reloadAllAccessors: .SubscriptionAggregatorMultiply

===========================================================================================
----------------- testing Sun Jul 19 15:10:22 UTC 2020 /home/travis/build/icyphy/ptII/ptolemy/actor/lib/test/auto/SubscriptionAggregatorPortMultiply1.xml
----------------- Instantiating /home/travis/build/icyphy/ptII/ptolemy/actor/lib/test/auto/SubscriptionAggregatorPortMultiply1.xml
3 ms. Memory: 351232K Free: 185693K (53%)
----------------- Invoking toplevel() on ptolemy.moml.MoMLSimpleApplication@4cf0005c
----------------- Done invoking toplevel() on ptolemy.moml.MoMLSimpleApplication@4cf0005c
reloadAllAccessors: .SubscriptionAggregatorPortMultiply1

===========================================================================================
----------------- testing Sun Jul 19 15:10:22 UTC 2020 /home/travis/build/icyphy/ptII/ptolemy/actor/lib/test/auto/Switch.xml
----------------- Instantiating /home/travis/build/icyphy/ptII/ptolemy/actor/lib/test/auto/Switch.xml
7 ms. Memory: 351232K Free: 177501K (51%)
----------------- Invoking toplevel() on ptolemy.moml.MoMLSimpleApplication@4f9442b0
----------------- Done invoking toplevel() on ptolemy.moml.MoMLSimpleApplication@4f9442b0
reloadAllAccessors: .Switch

===========================================================================================
----------------- testing Sun Jul 19 15:10:22 UTC 2020 /home/travis/build/icyphy/ptII/ptolemy/actor/lib/test/auto/Switch2.xml
----------------- Instantiating /home/travis/build/icyphy/ptII/ptolemy/actor/lib/test/auto/Switch2.xml
1 ms. Memory: 351232K Free: 172895K (49%)
----------------- Invoking toplevel() on ptolemy.moml.MoMLSimpleApplication@59bbfe49
----------------- Done invoking toplevel() on ptolemy.moml.MoMLSimpleApplication@59bbfe49
reloadAllAccessors: .Switch2

===========================================================================================
----------------- testing Sun Jul 19 15:10:22 UTC 2020 /home/travis/build/icyphy/ptII/ptolemy/actor/lib/test/auto/SwitchDE.xml
----------------- Instantiating /home/travis/build/icyphy/ptII/ptolemy/actor/lib/test/auto/SwitchDE.xml
3 ms. Memory: 351232K Free: 166751K (47%)
----------------- Invoking toplevel() on ptolemy.moml.MoMLSimpleApplication@7ef7ec21
----------------- Done invoking toplevel() on ptolemy.moml.MoMLSimpleApplication@7ef7ec21
reloadAllAccessors: .SwitchDE

===========================================================================================
----------------- testing Sun Jul 19 15:10:22 UTC 2020 /home/travis/build/icyphy/ptII/ptolemy/actor/lib/test/auto/SynchronizerDE.xml
----------------- Instantiating /home/travis/build/icyphy/ptII/ptolemy/actor/lib/test/auto/SynchronizerDE.xml
10 ms. Memory: 351232K Free: 158559K (45%)
----------------- Invoking toplevel() on ptolemy.moml.MoMLSimpleApplication@1c02e7
----------------- Done invoking toplevel() on ptolemy.moml.MoMLSimpleApplication@1c02e7
reloadAllAccessors: .SynchronizerDE

===========================================================================================
----------------- testing Sun Jul 19 15:10:22 UTC 2020 /home/travis/build/icyphy/ptII/ptolemy/actor/lib/test/auto/Test.xml
----------------- Instantiating /home/travis/build/icyphy/ptII/ptolemy/actor/lib/test/auto/Test.xml
9 ms. Memory: 351232K Free: 153439K (44%)
----------------- Invoking toplevel() on ptolemy.moml.MoMLSimpleApplication@3b67b494
----------------- Done invoking toplevel() on ptolemy.moml.MoMLSimpleApplication@3b67b494
reloadAllAccessors: .Test

===========================================================================================
----------------- testing Sun Jul 19 15:10:22 UTC 2020 /home/travis/build/icyphy/ptII/ptolemy/actor/lib/test/auto/TestExceptionAttribute1.xml
----------------- Instantiating /home/travis/build/icyphy/ptII/ptolemy/actor/lib/test/auto/TestExceptionAttribute1.xml
1 ms. Memory: 351232K Free: 149343K (43%)
----------------- Invoking toplevel() on ptolemy.moml.MoMLSimpleApplication@3430c467
----------------- Done invoking toplevel() on ptolemy.moml.MoMLSimpleApplication@3430c467
reloadAllAccessors: .TestExceptionAttribute1

===========================================================================================
----------------- testing Sun Jul 19 15:10:22 UTC 2020 /home/travis/build/icyphy/ptII/ptolemy/actor/lib/test/auto/TestExceptionAttribute2.xml
----------------- Instantiating /home/travis/build/icyphy/ptII/ptolemy/actor/lib/test/auto/TestExceptionAttribute2.xml
1 ms. Memory: 351232K Free: 145757K (41%)
----------------- Invoking toplevel() on ptolemy.moml.MoMLSimpleApplication@77b0747f
----------------- Done invoking toplevel() on ptolemy.moml.MoMLSimpleApplication@77b0747f
reloadAllAccessors: .TestExceptionAttribute2

===========================================================================================
----------------- testing Sun Jul 19 15:10:22 UTC 2020 /home/travis/build/icyphy/ptII/ptolemy/actor/lib/test/auto/TestExceptionAttribute3.xml
----------------- Instantiating /home/travis/build/icyphy/ptII/ptolemy/actor/lib/test/auto/TestExceptionAttribute3.xml
.TestExceptionAttribute3.TestExceptionAttribute: initialize() was not invoked, but wrapup() was.  This is unusual, but not always a problem.  For example, exporting JNLP will do this.
0 ms. Memory: 351232K Free: 142175K (40%)
----------------- Invoking toplevel() on ptolemy.moml.MoMLSimpleApplication@35b5fe44
----------------- Done invoking toplevel() on ptolemy.moml.MoMLSimpleApplication@35b5fe44
reloadAllAccessors: .TestExceptionAttribute3

===========================================================================================
----------------- testing Sun Jul 19 15:10:22 UTC 2020 /home/travis/build/icyphy/ptII/ptolemy/actor/lib/test/auto/TestExceptionAttribute4.xml
----------------- Instantiating /home/travis/build/icyphy/ptII/ptolemy/actor/lib/test/auto/TestExceptionAttribute4.xml
.TestExceptionAttribute4.TestExceptionAttribute: initialize() was not invoked, but wrapup() was.  This is unusual, but not always a problem.  For example, exporting JNLP will do this.
.TestExceptionAttribute4.TestExceptionAttribute2: initialize() was not invoked, but wrapup() was.  This is unusual, but not always a problem.  For example, exporting JNLP will do this.
0 ms. Memory: 351232K Free: 138079K (39%)
----------------- Invoking toplevel() on ptolemy.moml.MoMLSimpleApplication@611db440
----------------- Done invoking toplevel() on ptolemy.moml.MoMLSimpleApplication@611db440
reloadAllAccessors: .TestExceptionAttribute4

===========================================================================================
----------------- testing Sun Jul 19 15:10:22 UTC 2020 /home/travis/build/icyphy/ptII/ptolemy/actor/lib/test/auto/TestExceptionHandler1.xml
----------------- Instantiating /home/travis/build/icyphy/ptII/ptolemy/actor/lib/test/auto/TestExceptionHandler1.xml
1 ms. Memory: 351232K Free: 134493K (38%)
----------------- Invoking toplevel() on ptolemy.moml.MoMLSimpleApplication@288430cd
----------------- Done invoking toplevel() on ptolemy.moml.MoMLSimpleApplication@288430cd
reloadAllAccessors: .TestExceptionHandler1

===========================================================================================
----------------- testing Sun Jul 19 15:10:22 UTC 2020 /home/travis/build/icyphy/ptII/ptolemy/actor/lib/test/auto/TestExceptionHandler2.xml
----------------- Instantiating /home/travis/build/icyphy/ptII/ptolemy/actor/lib/test/auto/TestExceptionHandler2.xml
1 ms. Memory: 351232K Free: 130911K (37%)
----------------- Invoking toplevel() on ptolemy.moml.MoMLSimpleApplication@f5f245
----------------- Done invoking toplevel() on ptolemy.moml.MoMLSimpleApplication@f5f245
reloadAllAccessors: .TestExceptionHandler2

===========================================================================================
----------------- testing Sun Jul 19 15:10:22 UTC 2020 /home/travis/build/icyphy/ptII/ptolemy/actor/lib/test/auto/TestExceptionHandler3.xml
----------------- Instantiating /home/travis/build/icyphy/ptII/ptolemy/actor/lib/test/auto/TestExceptionHandler3.xml
0 ms. Memory: 351232K Free: 127325K (36%)
----------------- Invoking toplevel() on ptolemy.moml.MoMLSimpleApplication@cf8f1ce
----------------- Done invoking toplevel() on ptolemy.moml.MoMLSimpleApplication@cf8f1ce
reloadAllAccessors: .TestExceptionHandler3

===========================================================================================
----------------- testing Sun Jul 19 15:10:22 UTC 2020 /home/travis/build/icyphy/ptII/ptolemy/actor/lib/test/auto/TestExceptionHandler4.xml
----------------- Instantiating /home/travis/build/icyphy/ptII/ptolemy/actor/lib/test/auto/TestExceptionHandler4.xml
1 ms. Memory: 351232K Free: 123229K (35%)
----------------- Invoking toplevel() on ptolemy.moml.MoMLSimpleApplication@450ed00a
----------------- Done invoking toplevel() on ptolemy.moml.MoMLSimpleApplication@450ed00a
reloadAllAccessors: .TestExceptionHandler4

===========================================================================================
----------------- testing Sun Jul 19 15:10:22 UTC 2020 /home/travis/build/icyphy/ptII/ptolemy/actor/lib/test/auto/TestRequireCorrectOrder.xml
----------------- Instantiating /home/travis/build/icyphy/ptII/ptolemy/actor/lib/test/auto/TestRequireCorrectOrder.xml
5 ms. Memory: 351232K Free: 118079K (34%)
----------------- Invoking toplevel() on ptolemy.moml.MoMLSimpleApplication@34154367
----------------- Done invoking toplevel() on ptolemy.moml.MoMLSimpleApplication@34154367
reloadAllAccessors: .TestRequireCorrectOrder

===========================================================================================
----------------- testing Sun Jul 19 15:10:22 UTC 2020 /home/travis/build/icyphy/ptII/ptolemy/actor/lib/test/auto/TestSimple.xml
----------------- Instantiating /home/travis/build/icyphy/ptII/ptolemy/actor/lib/test/auto/TestSimple.xml
1 ms. Memory: 351232K Free: 114013K (32%)
----------------- Invoking toplevel() on ptolemy.moml.MoMLSimpleApplication@5b6906b
----------------- Done invoking toplevel() on ptolemy.moml.MoMLSimpleApplication@5b6906b
reloadAllAccessors: .TestSimple

===========================================================================================
----------------- testing Sun Jul 19 15:10:22 UTC 2020 /home/travis/build/icyphy/ptII/ptolemy/actor/lib/test/auto/ThrowModelError.xml
----------------- Instantiating /home/travis/build/icyphy/ptII/ptolemy/actor/lib/test/auto/ThrowModelError.xml
1 ms. Memory: 351232K Free: 109407K (31%)
----------------- Invoking toplevel() on ptolemy.moml.MoMLSimpleApplication@1b61a796
----------------- Done invoking toplevel() on ptolemy.moml.MoMLSimpleApplication@1b61a796
reloadAllAccessors: .ThrowModelError

===========================================================================================
----------------- testing Sun Jul 19 15:10:22 UTC 2020 /home/travis/build/icyphy/ptII/ptolemy/actor/lib/test/auto/TimeDelayMicrosteps.xml
----------------- Instantiating /home/travis/build/icyphy/ptII/ptolemy/actor/lib/test/auto/TimeDelayMicrosteps.xml
2 ms. Memory: 351232K Free: 102239K (29%)
----------------- Invoking toplevel() on ptolemy.moml.MoMLSimpleApplication@1cc458e6
----------------- Done invoking toplevel() on ptolemy.moml.MoMLSimpleApplication@1cc458e6
reloadAllAccessors: .TimeDelayMicrosteps

===========================================================================================
----------------- testing Sun Jul 19 15:10:22 UTC 2020 /home/travis/build/icyphy/ptII/ptolemy/actor/lib/test/auto/TimeDelayMicrosteps2.xml
----------------- Instantiating /home/travis/build/icyphy/ptII/ptolemy/actor/lib/test/auto/TimeDelayMicrosteps2.xml
2 ms. Memory: 351232K Free: 95071K (27%)
----------------- Invoking toplevel() on ptolemy.moml.MoMLSimpleApplication@3ff99f8c
----------------- Done invoking toplevel() on ptolemy.moml.MoMLSimpleApplication@3ff99f8c
reloadAllAccessors: .TimeDelayMicrosteps2

===========================================================================================
----------------- testing Sun Jul 19 15:10:22 UTC 2020 /home/travis/build/icyphy/ptII/ptolemy/actor/lib/test/auto/TimeDelayMicrosteps3.xml
----------------- Instantiating /home/travis/build/icyphy/ptII/ptolemy/actor/lib/test/auto/TimeDelayMicrosteps3.xml
2 ms. Memory: 351232K Free: 296083K (84%)
----------------- Invoking toplevel() on ptolemy.moml.MoMLSimpleApplication@6abc425
----------------- Done invoking toplevel() on ptolemy.moml.MoMLSimpleApplication@6abc425
reloadAllAccessors: .TimeDelayMicrosteps3

===========================================================================================
----------------- testing Sun Jul 19 15:10:22 UTC 2020 /home/travis/build/icyphy/ptII/ptolemy/actor/lib/test/auto/TimeDelayVariableMicrosteps.xml
----------------- Instantiating /home/travis/build/icyphy/ptII/ptolemy/actor/lib/test/auto/TimeDelayVariableMicrosteps.xml
3 ms. Memory: 351232K Free: 288913K (82%)
----------------- Invoking toplevel() on ptolemy.moml.MoMLSimpleApplication@495a6ea5
----------------- Done invoking toplevel() on ptolemy.moml.MoMLSimpleApplication@495a6ea5
reloadAllAccessors: .TimeDelayVariableMicrosteps

===========================================================================================
----------------- testing Sun Jul 19 15:10:22 UTC 2020 /home/travis/build/icyphy/ptII/ptolemy/actor/lib/test/auto/TimeGap.xml
----------------- Instantiating /home/travis/build/icyphy/ptII/ptolemy/actor/lib/test/auto/TimeGap.xml
3 ms. Memory: 351232K Free: 283795K (81%)
----------------- Invoking toplevel() on ptolemy.moml.MoMLSimpleApplication@2f3fac25
----------------- Done invoking toplevel() on ptolemy.moml.MoMLSimpleApplication@2f3fac25
reloadAllAccessors: .TimeGap

===========================================================================================
----------------- testing Sun Jul 19 15:10:22 UTC 2020 /home/travis/build/icyphy/ptII/ptolemy/actor/lib/test/auto/TimeGap2.xml
----------------- Instantiating /home/travis/build/icyphy/ptII/ptolemy/actor/lib/test/auto/TimeGap2.xml
2 ms. Memory: 351232K Free: 278147K (79%)
----------------- Invoking toplevel() on ptolemy.moml.MoMLSimpleApplication@216cf6f4
----------------- Done invoking toplevel() on ptolemy.moml.MoMLSimpleApplication@216cf6f4
reloadAllAccessors: .TimeGap2

===========================================================================================
----------------- testing Sun Jul 19 15:10:22 UTC 2020 /home/travis/build/icyphy/ptII/ptolemy/actor/lib/test/auto/TimedSinewave.xml
----------------- Instantiating /home/travis/build/icyphy/ptII/ptolemy/actor/lib/test/auto/TimedSinewave.xml
12 ms. Memory: 351232K Free: 264339K (75%)
----------------- Invoking toplevel() on ptolemy.moml.MoMLSimpleApplication@20bbbc79
----------------- Done invoking toplevel() on ptolemy.moml.MoMLSimpleApplication@20bbbc79
reloadAllAccessors: .TimedSinewave

===========================================================================================
----------------- testing Sun Jul 19 15:10:22 UTC 2020 /home/travis/build/icyphy/ptII/ptolemy/actor/lib/test/auto/TimedSinewavePhase.xml
----------------- Instantiating /home/travis/build/icyphy/ptII/ptolemy/actor/lib/test/auto/TimedSinewavePhase.xml
7 ms. Memory: 351232K Free: 254609K (72%)
----------------- Invoking toplevel() on ptolemy.moml.MoMLSimpleApplication@36000612
----------------- Done invoking toplevel() on ptolemy.moml.MoMLSimpleApplication@36000612
reloadAllAccessors: .TimedSinewavePhase

===========================================================================================
----------------- testing Sun Jul 19 15:10:22 UTC 2020 /home/travis/build/icyphy/ptII/ptolemy/actor/lib/test/auto/Timer.xml
----------------- Instantiating /home/travis/build/icyphy/ptII/ptolemy/actor/lib/test/auto/Timer.xml
2 ms. Memory: 351232K Free: 248979K (71%)
----------------- Invoking toplevel() on ptolemy.moml.MoMLSimpleApplication@5950019
----------------- Done invoking toplevel() on ptolemy.moml.MoMLSimpleApplication@5950019
reloadAllAccessors: .Timer

===========================================================================================
----------------- testing Sun Jul 19 15:10:22 UTC 2020 /home/travis/build/icyphy/ptII/ptolemy/actor/lib/test/auto/TriangularDistTestModel.xml
----------------- Instantiating /home/travis/build/icyphy/ptII/ptolemy/actor/lib/test/auto/TriangularDistTestModel.xml
1 ms. Memory: 351232K Free: 242835K (69%)
----------------- Invoking toplevel() on ptolemy.moml.MoMLSimpleApplication@3f934344
----------------- Done invoking toplevel() on ptolemy.moml.MoMLSimpleApplication@3f934344
reloadAllAccessors: .TriangularDistTestModel

===========================================================================================
----------------- testing Sun Jul 19 15:10:22 UTC 2020 /home/travis/build/icyphy/ptII/ptolemy/actor/lib/test/auto/TrigFunction.xml
----------------- Instantiating /home/travis/build/icyphy/ptII/ptolemy/actor/lib/test/auto/TrigFunction.xml
2 ms. Memory: 351232K Free: 238225K (68%)
----------------- Invoking toplevel() on ptolemy.moml.MoMLSimpleApplication@7840284a
----------------- Done invoking toplevel() on ptolemy.moml.MoMLSimpleApplication@7840284a
reloadAllAccessors: .TrigFunction

===========================================================================================
----------------- testing Sun Jul 19 15:10:22 UTC 2020 /home/travis/build/icyphy/ptII/ptolemy/actor/lib/test/auto/TrigFunctionDE.xml
----------------- Instantiating /home/travis/build/icyphy/ptII/ptolemy/actor/lib/test/auto/TrigFunctionDE.xml
2 ms. Memory: 351232K Free: 232595K (66%)
----------------- Invoking toplevel() on ptolemy.moml.MoMLSimpleApplication@3422dd9b
----------------- Done invoking toplevel() on ptolemy.moml.MoMLSimpleApplication@3422dd9b
reloadAllAccessors: .TrigFunctionDE

===========================================================================================
----------------- testing Sun Jul 19 15:10:22 UTC 2020 /home/travis/build/icyphy/ptII/ptolemy/actor/lib/test/auto/TrigFunctionInverse.xml
----------------- Instantiating /home/travis/build/icyphy/ptII/ptolemy/actor/lib/test/auto/TrigFunctionInverse.xml
1 ms. Memory: 351232K Free: 227475K (65%)
----------------- Invoking toplevel() on ptolemy.moml.MoMLSimpleApplication@75dd4aa1
----------------- Done invoking toplevel() on ptolemy.moml.MoMLSimpleApplication@75dd4aa1
reloadAllAccessors: .TrigFunctionInverse

===========================================================================================
----------------- testing Sun Jul 19 15:10:22 UTC 2020 /home/travis/build/icyphy/ptII/ptolemy/actor/lib/test/auto/TrigFunctionTan.xml
----------------- Instantiating /home/travis/build/icyphy/ptII/ptolemy/actor/lib/test/auto/TrigFunctionTan.xml
1 ms. Memory: 351232K Free: 223379K (64%)
----------------- Invoking toplevel() on ptolemy.moml.MoMLSimpleApplication@12e0855e
----------------- Done invoking toplevel() on ptolemy.moml.MoMLSimpleApplication@12e0855e
reloadAllAccessors: .TrigFunctionTan

===========================================================================================
----------------- testing Sun Jul 19 15:10:22 UTC 2020 /home/travis/build/icyphy/ptII/ptolemy/actor/lib/test/auto/TriggeredClock.xml
----------------- Instantiating /home/travis/build/icyphy/ptII/ptolemy/actor/lib/test/auto/TriggeredClock.xml
1 ms. Memory: 351232K Free: 218259K (62%)
----------------- Invoking toplevel() on ptolemy.moml.MoMLSimpleApplication@400f03cb
----------------- Done invoking toplevel() on ptolemy.moml.MoMLSimpleApplication@400f03cb
reloadAllAccessors: .TriggeredClock

===========================================================================================
----------------- testing Sun Jul 19 15:10:22 UTC 2020 /home/travis/build/icyphy/ptII/ptolemy/actor/lib/test/auto/URLDirectoryReader.xml
----------------- Instantiating /home/travis/build/icyphy/ptII/ptolemy/actor/lib/test/auto/URLDirectoryReader.xml
41 ms. Memory: 351232K Free: 209553K (60%)
----------------- Invoking toplevel() on ptolemy.moml.MoMLSimpleApplication@46d0edc6
----------------- Done invoking toplevel() on ptolemy.moml.MoMLSimpleApplication@46d0edc6
reloadAllAccessors: .URLDirectoryReader

===========================================================================================
----------------- testing Sun Jul 19 15:10:23 UTC 2020 /home/travis/build/icyphy/ptII/ptolemy/actor/lib/test/auto/URLDirectoryReader3.xml
----------------- Instantiating /home/travis/build/icyphy/ptII/ptolemy/actor/lib/test/auto/URLDirectoryReader3.xml
1409 ms. Memory: 351232K Free: 292303K (83%)
----------------- Invoking toplevel() on ptolemy.moml.MoMLSimpleApplication@426249f3
----------------- Done invoking toplevel() on ptolemy.moml.MoMLSimpleApplication@426249f3
reloadAllAccessors: .URLDirectoryReader3

===========================================================================================
----------------- testing Sun Jul 19 15:10:24 UTC 2020 /home/travis/build/icyphy/ptII/ptolemy/actor/lib/test/auto/UnaryMathFunction.xml
----------------- Instantiating /home/travis/build/icyphy/ptII/ptolemy/actor/lib/test/auto/UnaryMathFunction.xml
7 ms. Memory: 351232K Free: 284565K (81%)
----------------- Invoking toplevel() on ptolemy.moml.MoMLSimpleApplication@44e9cfba
----------------- Done invoking toplevel() on ptolemy.moml.MoMLSimpleApplication@44e9cfba
reloadAllAccessors: .UnaryMathFunction

===========================================================================================
----------------- testing Sun Jul 19 15:10:24 UTC 2020 /home/travis/build/icyphy/ptII/ptolemy/actor/lib/test/auto/Uniform.xml
----------------- Instantiating /home/travis/build/icyphy/ptII/ptolemy/actor/lib/test/auto/Uniform.xml
2 ms. Memory: 351232K Free: 279955K (80%)
----------------- Invoking toplevel() on ptolemy.moml.MoMLSimpleApplication@cb6ecd1
----------------- Done invoking toplevel() on ptolemy.moml.MoMLSimpleApplication@cb6ecd1
reloadAllAccessors: .Uniform

===========================================================================================
----------------- testing Sun Jul 19 15:10:24 UTC 2020 /home/travis/build/icyphy/ptII/ptolemy/actor/lib/test/auto/UnionDisassemblerTest.xml
----------------- Instantiating /home/travis/build/icyphy/ptII/ptolemy/actor/lib/test/auto/UnionDisassemblerTest.xml
8 ms. Memory: 351232K Free: 276373K (79%)
----------------- Invoking toplevel() on ptolemy.moml.MoMLSimpleApplication@47845840
----------------- Done invoking toplevel() on ptolemy.moml.MoMLSimpleApplication@47845840
reloadAllAccessors: .UnionDisassemblerTest

===========================================================================================
----------------- testing Sun Jul 19 15:10:24 UTC 2020 /home/travis/build/icyphy/ptII/ptolemy/actor/lib/test/auto/UtilityFunctions.xml
----------------- Instantiating /home/travis/build/icyphy/ptII/ptolemy/actor/lib/test/auto/UtilityFunctions.xml
1 ms. Memory: 351232K Free: 272277K (78%)
----------------- Invoking toplevel() on ptolemy.moml.MoMLSimpleApplication@426d7c93
----------------- Done invoking toplevel() on ptolemy.moml.MoMLSimpleApplication@426d7c93
reloadAllAccessors: .UtilityFunctions

===========================================================================================
----------------- testing Sun Jul 19 15:10:24 UTC 2020 /home/travis/build/icyphy/ptII/ptolemy/actor/lib/test/auto/VariableSleep.xml
----------------- Instantiating /home/travis/build/icyphy/ptII/ptolemy/actor/lib/test/auto/VariableSleep.xml
503 ms. Memory: 351232K Free: 267157K (76%)
----------------- Invoking toplevel() on ptolemy.moml.MoMLSimpleApplication@362cdd35
----------------- Done invoking toplevel() on ptolemy.moml.MoMLSimpleApplication@362cdd35
reloadAllAccessors: .VariableSleep

===========================================================================================
----------------- testing Sun Jul 19 15:10:25 UTC 2020 /home/travis/build/icyphy/ptII/ptolemy/actor/lib/test/auto/VectorAssemblerDisassemblerCT.xml
----------------- Instantiating /home/travis/build/icyphy/ptII/ptolemy/actor/lib/test/auto/VectorAssemblerDisassemblerCT.xml
67 ms. Memory: 351232K Free: 247187K (70%)
----------------- Invoking toplevel() on ptolemy.moml.MoMLSimpleApplication@71cab901
----------------- Done invoking toplevel() on ptolemy.moml.MoMLSimpleApplication@71cab901
reloadAllAccessors: .VectorAssemblerDisassemblerCT

===========================================================================================
----------------- testing Sun Jul 19 15:10:25 UTC 2020 /home/travis/build/icyphy/ptII/ptolemy/actor/lib/test/auto/VectorAssemblerDisassemblerDE.xml
----------------- Instantiating /home/travis/build/icyphy/ptII/ptolemy/actor/lib/test/auto/VectorAssemblerDisassemblerDE.xml
2 ms. Memory: 351232K Free: 240019K (68%)
----------------- Invoking toplevel() on ptolemy.moml.MoMLSimpleApplication@313588fc
----------------- Done invoking toplevel() on ptolemy.moml.MoMLSimpleApplication@313588fc
reloadAllAccessors: .VectorAssemblerDisassemblerDE

===========================================================================================
----------------- testing Sun Jul 19 15:10:25 UTC 2020 /home/travis/build/icyphy/ptII/ptolemy/actor/lib/test/auto/VectorAssemblerDisassemblerSDF.xml
----------------- Instantiating /home/travis/build/icyphy/ptII/ptolemy/actor/lib/test/auto/VectorAssemblerDisassemblerSDF.xml
2 ms. Memory: 351232K Free: 233861K (67%)
----------------- Invoking toplevel() on ptolemy.moml.MoMLSimpleApplication@378ec3fd
----------------- Done invoking toplevel() on ptolemy.moml.MoMLSimpleApplication@378ec3fd
reloadAllAccessors: .VectorAssemblerDisassemblerSDF

===========================================================================================
----------------- testing Sun Jul 19 15:10:25 UTC 2020 /home/travis/build/icyphy/ptII/ptolemy/actor/lib/test/auto/WallClockTime.xml
----------------- Instantiating /home/travis/build/icyphy/ptII/ptolemy/actor/lib/test/auto/WallClockTime.xml
1003 ms. Memory: 351232K Free: 228755K (65%)
----------------- Invoking toplevel() on ptolemy.moml.MoMLSimpleApplication@33ff7a5a
----------------- Done invoking toplevel() on ptolemy.moml.MoMLSimpleApplication@33ff7a5a
reloadAllAccessors: .WallClockTime

===========================================================================================
----------------- testing Sun Jul 19 15:10:26 UTC 2020 /home/travis/build/icyphy/ptII/ptolemy/actor/lib/test/auto/WidthTestWithSubscriberPublisher.xml
----------------- Instantiating /home/travis/build/icyphy/ptII/ptolemy/actor/lib/test/auto/WidthTestWithSubscriberPublisher.xml
5 ms. Memory: 351232K Free: 210837K (60%)
----------------- Invoking toplevel() on ptolemy.moml.MoMLSimpleApplication@30483152
----------------- Done invoking toplevel() on ptolemy.moml.MoMLSimpleApplication@30483152
reloadAllAccessors: .WidthTestWithSubscriberPublisher

===========================================================================================
----------------- testing Sun Jul 19 15:10:26 UTC 2020 /home/travis/build/icyphy/ptII/ptolemy/actor/lib/test/auto/WidthTestWithSubscriberPublisher2.xml
----------------- Instantiating /home/travis/build/icyphy/ptII/ptolemy/actor/lib/test/auto/WidthTestWithSubscriberPublisher2.xml
2 ms. Memory: 351232K Free: 204693K (58%)
----------------- Invoking toplevel() on ptolemy.moml.MoMLSimpleApplication@c88ed0f
----------------- Done invoking toplevel() on ptolemy.moml.MoMLSimpleApplication@c88ed0f
reloadAllAccessors: .WidthTestWithSubscriberPublisher2

===========================================================================================
----------------- testing Sun Jul 19 15:10:26 UTC 2020 /home/travis/build/icyphy/ptII/ptolemy/actor/lib/test/auto/WidthTestWithSubscriberPublisher3.xml
----------------- Instantiating /home/travis/build/icyphy/ptII/ptolemy/actor/lib/test/auto/WidthTestWithSubscriberPublisher3.xml
1 ms. Memory: 351232K Free: 199059K (57%)
----------------- Invoking toplevel() on ptolemy.moml.MoMLSimpleApplication@96e64b2
----------------- Done invoking toplevel() on ptolemy.moml.MoMLSimpleApplication@96e64b2
reloadAllAccessors: .WidthTestWithSubscriberPublisher3

===========================================================================================
----------------- testing Sun Jul 19 15:10:26 UTC 2020 /home/travis/build/icyphy/ptII/ptolemy/actor/lib/test/auto/Writer.xml
----------------- Instantiating /home/travis/build/icyphy/ptII/ptolemy/actor/lib/test/auto/Writer.xml
0
1
2
3
4
1 ms. Memory: 351232K Free: 194453K (55%)
----------------- Invoking toplevel() on ptolemy.moml.MoMLSimpleApplication@21b220f7
----------------- Done invoking toplevel() on ptolemy.moml.MoMLSimpleApplication@21b220f7
reloadAllAccessors: .Writer

===========================================================================================
----------------- testing Sun Jul 19 15:10:26 UTC 2020 /home/travis/build/icyphy/ptII/ptolemy/actor/lib/test/auto/array.xml
----------------- Instantiating /home/travis/build/icyphy/ptII/ptolemy/actor/lib/test/auto/array.xml
1 ms. Memory: 351232K Free: 189843K (54%)
----------------- Invoking toplevel() on ptolemy.moml.MoMLSimpleApplication@45aaab72
----------------- Done invoking toplevel() on ptolemy.moml.MoMLSimpleApplication@45aaab72
reloadAllAccessors: .array

===========================================================================================
----------------- testing Sun Jul 19 15:10:26 UTC 2020 /home/travis/build/icyphy/ptII/ptolemy/actor/lib/test/auto/array2.xml
----------------- Instantiating /home/travis/build/icyphy/ptII/ptolemy/actor/lib/test/auto/array2.xml
4 ms. Memory: 351232K Free: 184709K (53%)
----------------- Invoking toplevel() on ptolemy.moml.MoMLSimpleApplication@7c8973e9
----------------- Done invoking toplevel() on ptolemy.moml.MoMLSimpleApplication@7c8973e9
reloadAllAccessors: .array2

===========================================================================================
----------------- testing Sun Jul 19 15:10:26 UTC 2020 /home/travis/build/icyphy/ptII/ptolemy/actor/lib/test/auto/arrayType.xml
----------------- Instantiating /home/travis/build/icyphy/ptII/ptolemy/actor/lib/test/auto/arrayType.xml
1 ms. Memory: 351232K Free: 179093K (51%)
----------------- Invoking toplevel() on ptolemy.moml.MoMLSimpleApplication@51d3b83c
----------------- Done invoking toplevel() on ptolemy.moml.MoMLSimpleApplication@51d3b83c
reloadAllAccessors: .arrayType

===========================================================================================
----------------- testing Sun Jul 19 15:10:26 UTC 2020 /home/travis/build/icyphy/ptII/ptolemy/actor/lib/test/auto/arrayType10.xml
----------------- Instantiating /home/travis/build/icyphy/ptII/ptolemy/actor/lib/test/auto/arrayType10.xml
1 ms. Memory: 351232K Free: 174483K (50%)
----------------- Invoking toplevel() on ptolemy.moml.MoMLSimpleApplication@578cb437
----------------- Done invoking toplevel() on ptolemy.moml.MoMLSimpleApplication@578cb437
reloadAllAccessors: .arrayType10

===========================================================================================
----------------- testing Sun Jul 19 15:10:26 UTC 2020 /home/travis/build/icyphy/ptII/ptolemy/actor/lib/test/auto/arrayType11.xml
----------------- Instantiating /home/travis/build/icyphy/ptII/ptolemy/actor/lib/test/auto/arrayType11.xml
1 ms. Memory: 351232K Free: 169877K (48%)
----------------- Invoking toplevel() on ptolemy.moml.MoMLSimpleApplication@1ab56045
----------------- Done invoking toplevel() on ptolemy.moml.MoMLSimpleApplication@1ab56045
reloadAllAccessors: .arrayType11

===========================================================================================
----------------- testing Sun Jul 19 15:10:26 UTC 2020 /home/travis/build/icyphy/ptII/ptolemy/actor/lib/test/auto/arrayType12.xml
----------------- Instantiating /home/travis/build/icyphy/ptII/ptolemy/actor/lib/test/auto/arrayType12.xml
2 ms. Memory: 351232K Free: 165267K (47%)
----------------- Invoking toplevel() on ptolemy.moml.MoMLSimpleApplication@6663ec1b
----------------- Done invoking toplevel() on ptolemy.moml.MoMLSimpleApplication@6663ec1b
reloadAllAccessors: .arrayType12

===========================================================================================
----------------- testing Sun Jul 19 15:10:26 UTC 2020 /home/travis/build/icyphy/ptII/ptolemy/actor/lib/test/auto/arrayType13.xml
----------------- Instantiating /home/travis/build/icyphy/ptII/ptolemy/actor/lib/test/auto/arrayType13.xml
1 ms. Memory: 351232K Free: 160147K (46%)
----------------- Invoking toplevel() on ptolemy.moml.MoMLSimpleApplication@2af67aa4
----------------- Done invoking toplevel() on ptolemy.moml.MoMLSimpleApplication@2af67aa4
reloadAllAccessors: .arrayType13

===========================================================================================
----------------- testing Sun Jul 19 15:10:26 UTC 2020 /home/travis/build/icyphy/ptII/ptolemy/actor/lib/test/auto/arrayType14.xml
----------------- Instantiating /home/travis/build/icyphy/ptII/ptolemy/actor/lib/test/auto/arrayType14.xml
1 ms. Memory: 351232K Free: 154517K (44%)
----------------- Invoking toplevel() on ptolemy.moml.MoMLSimpleApplication@3531b71b
----------------- Done invoking toplevel() on ptolemy.moml.MoMLSimpleApplication@3531b71b
reloadAllAccessors: .arrayType14

===========================================================================================
----------------- testing Sun Jul 19 15:10:26 UTC 2020 /home/travis/build/icyphy/ptII/ptolemy/actor/lib/test/auto/arrayType15.xml
----------------- Instantiating /home/travis/build/icyphy/ptII/ptolemy/actor/lib/test/auto/arrayType15.xml
2 ms. Memory: 351232K Free: 149397K (43%)
----------------- Invoking toplevel() on ptolemy.moml.MoMLSimpleApplication@239375ef
----------------- Done invoking toplevel() on ptolemy.moml.MoMLSimpleApplication@239375ef
reloadAllAccessors: .arrayType15

===========================================================================================
----------------- testing Sun Jul 19 15:10:26 UTC 2020 /home/travis/build/icyphy/ptII/ptolemy/actor/lib/test/auto/arrayType16.xml
----------------- Instantiating /home/travis/build/icyphy/ptII/ptolemy/actor/lib/test/auto/arrayType16.xml
2 ms. Memory: 351232K Free: 144277K (41%)
----------------- Invoking toplevel() on ptolemy.moml.MoMLSimpleApplication@7a4a1b20
----------------- Done invoking toplevel() on ptolemy.moml.MoMLSimpleApplication@7a4a1b20
reloadAllAccessors: .arrayType16

===========================================================================================
----------------- testing Sun Jul 19 15:10:26 UTC 2020 /home/travis/build/icyphy/ptII/ptolemy/actor/lib/test/auto/arrayType17.xml
----------------- Instantiating /home/travis/build/icyphy/ptII/ptolemy/actor/lib/test/auto/arrayType17.xml
1 ms. Memory: 351232K Free: 139157K (40%)
----------------- Invoking toplevel() on ptolemy.moml.MoMLSimpleApplication@1a39d1db
----------------- Done invoking toplevel() on ptolemy.moml.MoMLSimpleApplication@1a39d1db
reloadAllAccessors: .arrayType17

===========================================================================================
----------------- testing Sun Jul 19 15:10:26 UTC 2020 /home/travis/build/icyphy/ptII/ptolemy/actor/lib/test/auto/arrayType18.xml
----------------- Instantiating /home/travis/build/icyphy/ptII/ptolemy/actor/lib/test/auto/arrayType18.xml
1 ms. Memory: 351232K Free: 134547K (38%)
----------------- Invoking toplevel() on ptolemy.moml.MoMLSimpleApplication@15ac6877
----------------- Done invoking toplevel() on ptolemy.moml.MoMLSimpleApplication@15ac6877
reloadAllAccessors: .arrayType18

===========================================================================================
----------------- testing Sun Jul 19 15:10:26 UTC 2020 /home/travis/build/icyphy/ptII/ptolemy/actor/lib/test/auto/arrayType19.xml
----------------- Instantiating /home/travis/build/icyphy/ptII/ptolemy/actor/lib/test/auto/arrayType19.xml
0 ms. Memory: 351232K Free: 129427K (37%)
----------------- Invoking toplevel() on ptolemy.moml.MoMLSimpleApplication@6becc5ef
----------------- Done invoking toplevel() on ptolemy.moml.MoMLSimpleApplication@6becc5ef
reloadAllAccessors: .arrayType19

===========================================================================================
----------------- testing Sun Jul 19 15:10:26 UTC 2020 /home/travis/build/icyphy/ptII/ptolemy/actor/lib/test/auto/arrayType2.xml
----------------- Instantiating /home/travis/build/icyphy/ptII/ptolemy/actor/lib/test/auto/arrayType2.xml
1 ms. Memory: 351232K Free: 124307K (35%)
----------------- Invoking toplevel() on ptolemy.moml.MoMLSimpleApplication@339a0ef
----------------- Done invoking toplevel() on ptolemy.moml.MoMLSimpleApplication@339a0ef
reloadAllAccessors: .arrayType2

===========================================================================================
----------------- testing Sun Jul 19 15:10:26 UTC 2020 /home/travis/build/icyphy/ptII/ptolemy/actor/lib/test/auto/arrayType20.xml
----------------- Instantiating /home/travis/build/icyphy/ptII/ptolemy/actor/lib/test/auto/arrayType20.xml
1 ms. Memory: 351232K Free: 119701K (34%)
----------------- Invoking toplevel() on ptolemy.moml.MoMLSimpleApplication@2d4a3cc2
----------------- Done invoking toplevel() on ptolemy.moml.MoMLSimpleApplication@2d4a3cc2
reloadAllAccessors: .arrayType20

===========================================================================================
----------------- testing Sun Jul 19 15:10:26 UTC 2020 /home/travis/build/icyphy/ptII/ptolemy/actor/lib/test/auto/arrayType21.xml
----------------- Instantiating /home/travis/build/icyphy/ptII/ptolemy/actor/lib/test/auto/arrayType21.xml
1 ms. Memory: 351232K Free: 115091K (33%)
----------------- Invoking toplevel() on ptolemy.moml.MoMLSimpleApplication@5e50c131
----------------- Done invoking toplevel() on ptolemy.moml.MoMLSimpleApplication@5e50c131
reloadAllAccessors: .arrayType21

===========================================================================================
----------------- testing Sun Jul 19 15:10:26 UTC 2020 /home/travis/build/icyphy/ptII/ptolemy/actor/lib/test/auto/arrayType22.xml
----------------- Instantiating /home/travis/build/icyphy/ptII/ptolemy/actor/lib/test/auto/arrayType22.xml
1 ms. Memory: 351232K Free: 109971K (31%)
----------------- Invoking toplevel() on ptolemy.moml.MoMLSimpleApplication@6dbfb74d
----------------- Done invoking toplevel() on ptolemy.moml.MoMLSimpleApplication@6dbfb74d
reloadAllAccessors: .arrayType22

===========================================================================================
----------------- testing Sun Jul 19 15:10:26 UTC 2020 /home/travis/build/icyphy/ptII/ptolemy/actor/lib/test/auto/arrayType23.xml
----------------- Instantiating /home/travis/build/icyphy/ptII/ptolemy/actor/lib/test/auto/arrayType23.xml
2 ms. Memory: 351232K Free: 105365K (30%)
----------------- Invoking toplevel() on ptolemy.moml.MoMLSimpleApplication@1cebcd1a
----------------- Done invoking toplevel() on ptolemy.moml.MoMLSimpleApplication@1cebcd1a
reloadAllAccessors: .arrayType23

===========================================================================================
----------------- testing Sun Jul 19 15:10:26 UTC 2020 /home/travis/build/icyphy/ptII/ptolemy/actor/lib/test/auto/arrayType24.xml
----------------- Instantiating /home/travis/build/icyphy/ptII/ptolemy/actor/lib/test/auto/arrayType24.xml
4 ms. Memory: 351232K Free: 100755K (29%)
----------------- Invoking toplevel() on ptolemy.moml.MoMLSimpleApplication@54cbcc23
----------------- Done invoking toplevel() on ptolemy.moml.MoMLSimpleApplication@54cbcc23
reloadAllAccessors: .arrayType24

===========================================================================================
----------------- testing Sun Jul 19 15:10:26 UTC 2020 /home/travis/build/icyphy/ptII/ptolemy/actor/lib/test/auto/arrayType25.xml
----------------- Instantiating /home/travis/build/icyphy/ptII/ptolemy/actor/lib/test/auto/arrayType25.xml
2 ms. Memory: 351232K Free: 95621K (27%)
----------------- Invoking toplevel() on ptolemy.moml.MoMLSimpleApplication@4836575d
----------------- Done invoking toplevel() on ptolemy.moml.MoMLSimpleApplication@4836575d
reloadAllAccessors: .arrayType25

===========================================================================================
----------------- testing Sun Jul 19 15:10:26 UTC 2020 /home/travis/build/icyphy/ptII/ptolemy/actor/lib/test/auto/arrayType26.xml
----------------- Instantiating /home/travis/build/icyphy/ptII/ptolemy/actor/lib/test/auto/arrayType26.xml
2 ms. Memory: 351232K Free: 294945K (84%)
----------------- Invoking toplevel() on ptolemy.moml.MoMLSimpleApplication@1e5643ed
----------------- Done invoking toplevel() on ptolemy.moml.MoMLSimpleApplication@1e5643ed
reloadAllAccessors: .arrayType26

===========================================================================================
----------------- testing Sun Jul 19 15:10:26 UTC 2020 /home/travis/build/icyphy/ptII/ptolemy/actor/lib/test/auto/arrayType27.xml
----------------- Instantiating /home/travis/build/icyphy/ptII/ptolemy/actor/lib/test/auto/arrayType27.xml
2 ms. Memory: 351232K Free: 289311K (82%)
----------------- Invoking toplevel() on ptolemy.moml.MoMLSimpleApplication@2ad0ddb4
----------------- Done invoking toplevel() on ptolemy.moml.MoMLSimpleApplication@2ad0ddb4
reloadAllAccessors: .arrayType27

===========================================================================================
----------------- testing Sun Jul 19 15:10:26 UTC 2020 /home/travis/build/icyphy/ptII/ptolemy/actor/lib/test/auto/arrayType28.xml
----------------- Instantiating /home/travis/build/icyphy/ptII/ptolemy/actor/lib/test/auto/arrayType28.xml
1 ms. Memory: 351232K Free: 284191K (81%)
----------------- Invoking toplevel() on ptolemy.moml.MoMLSimpleApplication@29057000
----------------- Done invoking toplevel() on ptolemy.moml.MoMLSimpleApplication@29057000
reloadAllAccessors: .arrayType28

===========================================================================================
----------------- testing Sun Jul 19 15:10:26 UTC 2020 /home/travis/build/icyphy/ptII/ptolemy/actor/lib/test/auto/arrayType3.xml
----------------- Instantiating /home/travis/build/icyphy/ptII/ptolemy/actor/lib/test/auto/arrayType3.xml
1 ms. Memory: 351232K Free: 279057K (79%)
----------------- Invoking toplevel() on ptolemy.moml.MoMLSimpleApplication@3aea7944
----------------- Done invoking toplevel() on ptolemy.moml.MoMLSimpleApplication@3aea7944
reloadAllAccessors: .arrayType3

===========================================================================================
----------------- testing Sun Jul 19 15:10:27 UTC 2020 /home/travis/build/icyphy/ptII/ptolemy/actor/lib/test/auto/arrayType4.xml
----------------- Instantiating /home/travis/build/icyphy/ptII/ptolemy/actor/lib/test/auto/arrayType4.xml
18 ms. Memory: 351232K Free: 273441K (78%)
----------------- Invoking toplevel() on ptolemy.moml.MoMLSimpleApplication@5ad8d7d8
----------------- Done invoking toplevel() on ptolemy.moml.MoMLSimpleApplication@5ad8d7d8
reloadAllAccessors: .arrayType4

===========================================================================================
----------------- testing Sun Jul 19 15:10:27 UTC 2020 /home/travis/build/icyphy/ptII/ptolemy/actor/lib/test/auto/arrayType5.xml
----------------- Instantiating /home/travis/build/icyphy/ptII/ptolemy/actor/lib/test/auto/arrayType5.xml
1 ms. Memory: 351232K Free: 268321K (76%)
----------------- Invoking toplevel() on ptolemy.moml.MoMLSimpleApplication@284804e3
----------------- Done invoking toplevel() on ptolemy.moml.MoMLSimpleApplication@284804e3
reloadAllAccessors: .arrayType5

===========================================================================================
----------------- testing Sun Jul 19 15:10:27 UTC 2020 /home/travis/build/icyphy/ptII/ptolemy/actor/lib/test/auto/arrayType6.xml
----------------- Instantiating /home/travis/build/icyphy/ptII/ptolemy/actor/lib/test/auto/arrayType6.xml
1 ms. Memory: 351232K Free: 263711K (75%)
----------------- Invoking toplevel() on ptolemy.moml.MoMLSimpleApplication@1205afe0
----------------- Done invoking toplevel() on ptolemy.moml.MoMLSimpleApplication@1205afe0
reloadAllAccessors: .arrayType6

===========================================================================================
----------------- testing Sun Jul 19 15:10:27 UTC 2020 /home/travis/build/icyphy/ptII/ptolemy/actor/lib/test/auto/arrayType7.xml
----------------- Instantiating /home/travis/build/icyphy/ptII/ptolemy/actor/lib/test/auto/arrayType7.xml
1 ms. Memory: 351232K Free: 259105K (74%)
----------------- Invoking toplevel() on ptolemy.moml.MoMLSimpleApplication@c6e152b
----------------- Done invoking toplevel() on ptolemy.moml.MoMLSimpleApplication@c6e152b
reloadAllAccessors: .arrayType7

===========================================================================================
----------------- testing Sun Jul 19 15:10:27 UTC 2020 /home/travis/build/icyphy/ptII/ptolemy/actor/lib/test/auto/arrayType8.xml
----------------- Instantiating /home/travis/build/icyphy/ptII/ptolemy/actor/lib/test/auto/arrayType8.xml
1 ms. Memory: 351232K Free: 253471K (72%)
----------------- Invoking toplevel() on ptolemy.moml.MoMLSimpleApplication@f185cfd
----------------- Done invoking toplevel() on ptolemy.moml.MoMLSimpleApplication@f185cfd
reloadAllAccessors: .arrayType8

===========================================================================================
----------------- testing Sun Jul 19 15:10:27 UTC 2020 /home/travis/build/icyphy/ptII/ptolemy/actor/lib/test/auto/arrayType9.xml
----------------- Instantiating /home/travis/build/icyphy/ptII/ptolemy/actor/lib/test/auto/arrayType9.xml
1 ms. Memory: 351232K Free: 248865K (71%)
----------------- Invoking toplevel() on ptolemy.moml.MoMLSimpleApplication@68c7245
----------------- Done invoking toplevel() on ptolemy.moml.MoMLSimpleApplication@68c7245
reloadAllAccessors: .arrayType9

===========================================================================================
----------------- testing Sun Jul 19 15:10:27 UTC 2020 /home/travis/build/icyphy/ptII/ptolemy/actor/lib/test/auto/cast.xml
----------------- Instantiating /home/travis/build/icyphy/ptII/ptolemy/actor/lib/test/auto/cast.xml
9 ms. Memory: 351232K Free: 244255K (70%)
----------------- Invoking toplevel() on ptolemy.moml.MoMLSimpleApplication@4054e652
----------------- Done invoking toplevel() on ptolemy.moml.MoMLSimpleApplication@4054e652
reloadAllAccessors: .cast

===========================================================================================
----------------- testing Sun Jul 19 15:10:27 UTC 2020 /home/travis/build/icyphy/ptII/ptolemy/actor/lib/test/auto/compositeMultiPort.xml
----------------- Instantiating /home/travis/build/icyphy/ptII/ptolemy/actor/lib/test/auto/compositeMultiPort.xml
3 ms. Memory: 351232K Free: 235553K (67%)
----------------- Invoking toplevel() on ptolemy.moml.MoMLSimpleApplication@22c04810
----------------- Done invoking toplevel() on ptolemy.moml.MoMLSimpleApplication@22c04810
reloadAllAccessors: .compositeMultiPort

===========================================================================================
----------------- testing Sun Jul 19 15:10:27 UTC 2020 /home/travis/build/icyphy/ptII/ptolemy/actor/lib/test/auto/expressionCastInference.xml
----------------- Instantiating /home/travis/build/icyphy/ptII/ptolemy/actor/lib/test/auto/expressionCastInference.xml
1 ms. Memory: 351232K Free: 230433K (66%)
----------------- Invoking toplevel() on ptolemy.moml.MoMLSimpleApplication@6e75a20e
----------------- Done invoking toplevel() on ptolemy.moml.MoMLSimpleApplication@6e75a20e
reloadAllAccessors: .expressionCastInference

===========================================================================================
----------------- testing Sun Jul 19 15:10:27 UTC 2020 /home/travis/build/icyphy/ptII/ptolemy/actor/lib/test/auto/expressionCastInference2.xml
----------------- Instantiating /home/travis/build/icyphy/ptII/ptolemy/actor/lib/test/auto/expressionCastInference2.xml
1 ms. Memory: 351232K Free: 225823K (64%)
----------------- Invoking toplevel() on ptolemy.moml.MoMLSimpleApplication@6a7efea8
----------------- Done invoking toplevel() on ptolemy.moml.MoMLSimpleApplication@6a7efea8
reloadAllAccessors: .expressionCastInference2

===========================================================================================
----------------- testing Sun Jul 19 15:10:27 UTC 2020 /home/travis/build/icyphy/ptII/ptolemy/actor/lib/test/auto/expressionInference.xml
----------------- Instantiating /home/travis/build/icyphy/ptII/ptolemy/actor/lib/test/auto/expressionInference.xml
0 ms. Memory: 351232K Free: 221727K (63%)
----------------- Invoking toplevel() on ptolemy.moml.MoMLSimpleApplication@12ff1b7e
----------------- Done invoking toplevel() on ptolemy.moml.MoMLSimpleApplication@12ff1b7e
reloadAllAccessors: .expressionInference

===========================================================================================
----------------- testing Sun Jul 19 15:10:27 UTC 2020 /home/travis/build/icyphy/ptII/ptolemy/actor/lib/test/auto/expression_bug.xml
----------------- Instantiating /home/travis/build/icyphy/ptII/ptolemy/actor/lib/test/auto/expression_bug.xml
1 ms. Memory: 351232K Free: 217631K (62%)
----------------- Invoking toplevel() on ptolemy.moml.MoMLSimpleApplication@586cccf
----------------- Done invoking toplevel() on ptolemy.moml.MoMLSimpleApplication@586cccf
reloadAllAccessors: .expression_bug

===========================================================================================
----------------- testing Sun Jul 19 15:10:27 UTC 2020 /home/travis/build/icyphy/ptII/ptolemy/actor/lib/test/auto/factorial.xml
----------------- Instantiating /home/travis/build/icyphy/ptII/ptolemy/actor/lib/test/auto/factorial.xml
34 ms. Memory: 351232K Free: 208415K (59%)
----------------- Invoking toplevel() on ptolemy.moml.MoMLSimpleApplication@4333ddea
----------------- Done invoking toplevel() on ptolemy.moml.MoMLSimpleApplication@4333ddea
reloadAllAccessors: .factorial

===========================================================================================
----------------- testing Sun Jul 19 15:10:27 UTC 2020 /home/travis/build/icyphy/ptII/ptolemy/actor/lib/test/auto/filterTest1.xml
----------------- Instantiating /home/travis/build/icyphy/ptII/ptolemy/actor/lib/test/auto/filterTest1.xml
2 ms. Memory: 351232K Free: 202785K (58%)
----------------- Invoking toplevel() on ptolemy.moml.MoMLSimpleApplication@5de18fd8
----------------- Done invoking toplevel() on ptolemy.moml.MoMLSimpleApplication@5de18fd8
reloadAllAccessors: .filterTest1

===========================================================================================
----------------- testing Sun Jul 19 15:10:27 UTC 2020 /home/travis/build/icyphy/ptII/ptolemy/actor/lib/test/auto/funcApplyInConst.xml
----------------- Instantiating /home/travis/build/icyphy/ptII/ptolemy/actor/lib/test/auto/funcApplyInConst.xml
1 ms. Memory: 351232K Free: 199199K (57%)
----------------- Invoking toplevel() on ptolemy.moml.MoMLSimpleApplication@cb7667
----------------- Done invoking toplevel() on ptolemy.moml.MoMLSimpleApplication@cb7667
reloadAllAccessors: .funcApplyInConst

===========================================================================================
----------------- testing Sun Jul 19 15:10:27 UTC 2020 /home/travis/build/icyphy/ptII/ptolemy/actor/lib/test/auto/funcApplyInExpr.xml
----------------- Instantiating /home/travis/build/icyphy/ptII/ptolemy/actor/lib/test/auto/funcApplyInExpr.xml
1 ms. Memory: 351232K Free: 195103K (56%)
----------------- Invoking toplevel() on ptolemy.moml.MoMLSimpleApplication@26d99b99
----------------- Done invoking toplevel() on ptolemy.moml.MoMLSimpleApplication@26d99b99
reloadAllAccessors: .funcApplyInExpr

===========================================================================================
----------------- testing Sun Jul 19 15:10:27 UTC 2020 /home/travis/build/icyphy/ptII/ptolemy/actor/lib/test/auto/function.xml
----------------- Instantiating /home/travis/build/icyphy/ptII/ptolemy/actor/lib/test/auto/function.xml
1 ms. Memory: 351232K Free: 190497K (54%)
----------------- Invoking toplevel() on ptolemy.moml.MoMLSimpleApplication@d322a84
----------------- Done invoking toplevel() on ptolemy.moml.MoMLSimpleApplication@d322a84
reloadAllAccessors: .function

===========================================================================================
----------------- testing Sun Jul 19 15:10:27 UTC 2020 /home/travis/build/icyphy/ptII/ptolemy/actor/lib/test/auto/function2.xml
----------------- Instantiating /home/travis/build/icyphy/ptII/ptolemy/actor/lib/test/auto/function2.xml
4 ms. Memory: 351232K Free: 185887K (53%)
----------------- Invoking toplevel() on ptolemy.moml.MoMLSimpleApplication@1c16c82b
----------------- Done invoking toplevel() on ptolemy.moml.MoMLSimpleApplication@1c16c82b
reloadAllAccessors: .function2

===========================================================================================
----------------- testing Sun Jul 19 15:10:27 UTC 2020 /home/travis/build/icyphy/ptII/ptolemy/actor/lib/test/auto/function3.xml
----------------- Instantiating /home/travis/build/icyphy/ptII/ptolemy/actor/lib/test/auto/function3.xml
1 ms. Memory: 351232K Free: 182305K (52%)
----------------- Invoking toplevel() on ptolemy.moml.MoMLSimpleApplication@5c57ca40
----------------- Done invoking toplevel() on ptolemy.moml.MoMLSimpleApplication@5c57ca40
reloadAllAccessors: .function3

===========================================================================================
----------------- testing Sun Jul 19 15:10:27 UTC 2020 /home/travis/build/icyphy/ptII/ptolemy/actor/lib/test/auto/functionClosureTest1.xml
----------------- Instantiating /home/travis/build/icyphy/ptII/ptolemy/actor/lib/test/auto/functionClosureTest1.xml
2 ms. Memory: 351232K Free: 176161K (50%)
----------------- Invoking toplevel() on ptolemy.moml.MoMLSimpleApplication@509f8ebe
----------------- Done invoking toplevel() on ptolemy.moml.MoMLSimpleApplication@509f8ebe
reloadAllAccessors: .functionClosureTest1

===========================================================================================
----------------- testing Sun Jul 19 15:10:27 UTC 2020 /home/travis/build/icyphy/ptII/ptolemy/actor/lib/test/auto/functionClosureTest2.xml
----------------- Instantiating /home/travis/build/icyphy/ptII/ptolemy/actor/lib/test/auto/functionClosureTest2.xml
1 ms. Memory: 351232K Free: 172575K (49%)
----------------- Invoking toplevel() on ptolemy.moml.MoMLSimpleApplication@7428ecb6
----------------- Done invoking toplevel() on ptolemy.moml.MoMLSimpleApplication@7428ecb6
reloadAllAccessors: .functionClosureTest2

===========================================================================================
----------------- testing Sun Jul 19 15:10:27 UTC 2020 /home/travis/build/icyphy/ptII/ptolemy/actor/lib/test/auto/functionClosureTest3.xml
----------------- Instantiating /home/travis/build/icyphy/ptII/ptolemy/actor/lib/test/auto/functionClosureTest3.xml
1 ms. Memory: 351232K Free: 167441K (48%)
----------------- Invoking toplevel() on ptolemy.moml.MoMLSimpleApplication@1fb6f2b1
----------------- Done invoking toplevel() on ptolemy.moml.MoMLSimpleApplication@1fb6f2b1
reloadAllAccessors: .functionClosureTest3

===========================================================================================
----------------- testing Sun Jul 19 15:10:27 UTC 2020 /home/travis/build/icyphy/ptII/ptolemy/actor/lib/test/auto/functionClosureTest4.xml
----------------- Instantiating /home/travis/build/icyphy/ptII/ptolemy/actor/lib/test/auto/functionClosureTest4.xml
3 ms. Memory: 351232K Free: 160801K (46%)
----------------- Invoking toplevel() on ptolemy.moml.MoMLSimpleApplication@1becc32a
----------------- Done invoking toplevel() on ptolemy.moml.MoMLSimpleApplication@1becc32a
reloadAllAccessors: .functionClosureTest4

===========================================================================================
----------------- testing Sun Jul 19 15:10:27 UTC 2020 /home/travis/build/icyphy/ptII/ptolemy/actor/lib/test/auto/functionClosureTest5.xml
----------------- Instantiating /home/travis/build/icyphy/ptII/ptolemy/actor/lib/test/auto/functionClosureTest5.xml
3 ms. Memory: 351232K Free: 155681K (44%)
----------------- Invoking toplevel() on ptolemy.moml.MoMLSimpleApplication@2bf47a0a
----------------- Done invoking toplevel() on ptolemy.moml.MoMLSimpleApplication@2bf47a0a
reloadAllAccessors: .functionClosureTest5

===========================================================================================
----------------- testing Sun Jul 19 15:10:27 UTC 2020 /home/travis/build/icyphy/ptII/ptolemy/actor/lib/test/auto/functionClosureTest6.xml
----------------- Instantiating /home/travis/build/icyphy/ptII/ptolemy/actor/lib/test/auto/functionClosureTest6.xml
2 ms. Memory: 351232K Free: 151071K (43%)
----------------- Invoking toplevel() on ptolemy.moml.MoMLSimpleApplication@1175419d
----------------- Done invoking toplevel() on ptolemy.moml.MoMLSimpleApplication@1175419d
reloadAllAccessors: .functionClosureTest6

===========================================================================================
----------------- testing Sun Jul 19 15:10:27 UTC 2020 /home/travis/build/icyphy/ptII/ptolemy/actor/lib/test/auto/functionsOnArcs.xml
----------------- Instantiating /home/travis/build/icyphy/ptII/ptolemy/actor/lib/test/auto/functionsOnArcs.xml
2 ms. Memory: 351232K Free: 145441K (41%)
----------------- Invoking toplevel() on ptolemy.moml.MoMLSimpleApplication@2a15968c
----------------- Done invoking toplevel() on ptolemy.moml.MoMLSimpleApplication@2a15968c
reloadAllAccessors: .functionsOnArcs

===========================================================================================
----------------- testing Sun Jul 19 15:10:27 UTC 2020 /home/travis/build/icyphy/ptII/ptolemy/actor/lib/test/auto/functionsOnArcsHOF.xml
----------------- Instantiating /home/travis/build/icyphy/ptII/ptolemy/actor/lib/test/auto/functionsOnArcsHOF.xml
2 ms. Memory: 351232K Free: 139807K (40%)
----------------- Invoking toplevel() on ptolemy.moml.MoMLSimpleApplication@4d47c94e
----------------- Done invoking toplevel() on ptolemy.moml.MoMLSimpleApplication@4d47c94e
reloadAllAccessors: .functionsOnArcsHOF

===========================================================================================
----------------- testing Sun Jul 19 15:10:27 UTC 2020 /home/travis/build/icyphy/ptII/ptolemy/actor/lib/test/auto/logic.xml
----------------- Instantiating /home/travis/build/icyphy/ptII/ptolemy/actor/lib/test/auto/logic.xml
1 ms. Memory: 351232K Free: 132639K (38%)
----------------- Invoking toplevel() on ptolemy.moml.MoMLSimpleApplication@43fd4560
----------------- Done invoking toplevel() on ptolemy.moml.MoMLSimpleApplication@43fd4560
reloadAllAccessors: .logic

===========================================================================================
----------------- testing Sun Jul 19 15:10:27 UTC 2020 /home/travis/build/icyphy/ptII/ptolemy/actor/lib/test/auto/matrixType.xml
----------------- Instantiating /home/travis/build/icyphy/ptII/ptolemy/actor/lib/test/auto/matrixType.xml
2 ms. Memory: 351232K Free: 127519K (36%)
----------------- Invoking toplevel() on ptolemy.moml.MoMLSimpleApplication@5b1876b2
----------------- Done invoking toplevel() on ptolemy.moml.MoMLSimpleApplication@5b1876b2
reloadAllAccessors: .matrixType

===========================================================================================
----------------- testing Sun Jul 19 15:10:27 UTC 2020 /home/travis/build/icyphy/ptII/ptolemy/actor/lib/test/auto/matrixType10.xml
----------------- Instantiating /home/travis/build/icyphy/ptII/ptolemy/actor/lib/test/auto/matrixType10.xml
1 ms. Memory: 351232K Free: 122913K (35%)
----------------- Invoking toplevel() on ptolemy.moml.MoMLSimpleApplication@3d0157d9
----------------- Done invoking toplevel() on ptolemy.moml.MoMLSimpleApplication@3d0157d9
reloadAllAccessors: .matrixType10

===========================================================================================
----------------- testing Sun Jul 19 15:10:27 UTC 2020 /home/travis/build/icyphy/ptII/ptolemy/actor/lib/test/auto/matrixType11.xml
----------------- Instantiating /home/travis/build/icyphy/ptII/ptolemy/actor/lib/test/auto/matrixType11.xml
1 ms. Memory: 351232K Free: 118303K (34%)
----------------- Invoking toplevel() on ptolemy.moml.MoMLSimpleApplication@648cf2e3
----------------- Done invoking toplevel() on ptolemy.moml.MoMLSimpleApplication@648cf2e3
reloadAllAccessors: .matrixType11

===========================================================================================
----------------- testing Sun Jul 19 15:10:27 UTC 2020 /home/travis/build/icyphy/ptII/ptolemy/actor/lib/test/auto/matrixType12.xml
----------------- Instantiating /home/travis/build/icyphy/ptII/ptolemy/actor/lib/test/auto/matrixType12.xml
1 ms. Memory: 351232K Free: 113183K (32%)
----------------- Invoking toplevel() on ptolemy.moml.MoMLSimpleApplication@565e8fd1
----------------- Done invoking toplevel() on ptolemy.moml.MoMLSimpleApplication@565e8fd1
reloadAllAccessors: .matrixType12

===========================================================================================
----------------- testing Sun Jul 19 15:10:27 UTC 2020 /home/travis/build/icyphy/ptII/ptolemy/actor/lib/test/auto/matrixType13.xml
----------------- Instantiating /home/travis/build/icyphy/ptII/ptolemy/actor/lib/test/auto/matrixType13.xml
1 ms. Memory: 351232K Free: 108577K (31%)
----------------- Invoking toplevel() on ptolemy.moml.MoMLSimpleApplication@2f337514
----------------- Done invoking toplevel() on ptolemy.moml.MoMLSimpleApplication@2f337514
reloadAllAccessors: .matrixType13

===========================================================================================
----------------- testing Sun Jul 19 15:10:27 UTC 2020 /home/travis/build/icyphy/ptII/ptolemy/actor/lib/test/auto/matrixType14.xml
----------------- Instantiating /home/travis/build/icyphy/ptII/ptolemy/actor/lib/test/auto/matrixType14.xml
1 ms. Memory: 351232K Free: 103967K (30%)
----------------- Invoking toplevel() on ptolemy.moml.MoMLSimpleApplication@25cbc873
----------------- Done invoking toplevel() on ptolemy.moml.MoMLSimpleApplication@25cbc873
reloadAllAccessors: .matrixType14

===========================================================================================
----------------- testing Sun Jul 19 15:10:27 UTC 2020 /home/travis/build/icyphy/ptII/ptolemy/actor/lib/test/auto/matrixType2.xml
----------------- Instantiating /home/travis/build/icyphy/ptII/ptolemy/actor/lib/test/auto/matrixType2.xml
1 ms. Memory: 351232K Free: 98847K (28%)
----------------- Invoking toplevel() on ptolemy.moml.MoMLSimpleApplication@5c540481
----------------- Done invoking toplevel() on ptolemy.moml.MoMLSimpleApplication@5c540481
reloadAllAccessors: .matrixType2

===========================================================================================
----------------- testing Sun Jul 19 15:10:27 UTC 2020 /home/travis/build/icyphy/ptII/ptolemy/actor/lib/test/auto/matrixType3.xml
----------------- Instantiating /home/travis/build/icyphy/ptII/ptolemy/actor/lib/test/auto/matrixType3.xml
2 ms. Memory: 351232K Free: 94241K (27%)
----------------- Invoking toplevel() on ptolemy.moml.MoMLSimpleApplication@3e52eae0
----------------- Done invoking toplevel() on ptolemy.moml.MoMLSimpleApplication@3e52eae0
reloadAllAccessors: .matrixType3

===========================================================================================
----------------- testing Sun Jul 19 15:10:27 UTC 2020 /home/travis/build/icyphy/ptII/ptolemy/actor/lib/test/auto/matrixType4.xml
----------------- Instantiating /home/travis/build/icyphy/ptII/ptolemy/actor/lib/test/auto/matrixType4.xml
1 ms. Memory: 351232K Free: 294821K (84%)
----------------- Invoking toplevel() on ptolemy.moml.MoMLSimpleApplication@688f158d
----------------- Done invoking toplevel() on ptolemy.moml.MoMLSimpleApplication@688f158d
reloadAllAccessors: .matrixType4

===========================================================================================
----------------- testing Sun Jul 19 15:10:27 UTC 2020 /home/travis/build/icyphy/ptII/ptolemy/actor/lib/test/auto/matrixType5.xml
----------------- Instantiating /home/travis/build/icyphy/ptII/ptolemy/actor/lib/test/auto/matrixType5.xml
1 ms. Memory: 351232K Free: 289701K (82%)
----------------- Invoking toplevel() on ptolemy.moml.MoMLSimpleApplication@14e56a9f
----------------- Done invoking toplevel() on ptolemy.moml.MoMLSimpleApplication@14e56a9f
reloadAllAccessors: .matrixType5

===========================================================================================
----------------- testing Sun Jul 19 15:10:27 UTC 2020 /home/travis/build/icyphy/ptII/ptolemy/actor/lib/test/auto/matrixType6.xml
----------------- Instantiating /home/travis/build/icyphy/ptII/ptolemy/actor/lib/test/auto/matrixType6.xml
1 ms. Memory: 351232K Free: 285095K (81%)
----------------- Invoking toplevel() on ptolemy.moml.MoMLSimpleApplication@59115953
----------------- Done invoking toplevel() on ptolemy.moml.MoMLSimpleApplication@59115953
reloadAllAccessors: .matrixType6

===========================================================================================
----------------- testing Sun Jul 19 15:10:27 UTC 2020 /home/travis/build/icyphy/ptII/ptolemy/actor/lib/test/auto/matrixType7.xml
----------------- Instantiating /home/travis/build/icyphy/ptII/ptolemy/actor/lib/test/auto/matrixType7.xml
2 ms. Memory: 351232K Free: 280485K (80%)
----------------- Invoking toplevel() on ptolemy.moml.MoMLSimpleApplication@518c6325
----------------- Done invoking toplevel() on ptolemy.moml.MoMLSimpleApplication@518c6325
reloadAllAccessors: .matrixType7

===========================================================================================
----------------- testing Sun Jul 19 15:10:27 UTC 2020 /home/travis/build/icyphy/ptII/ptolemy/actor/lib/test/auto/matrixType8.xml
----------------- Instantiating /home/travis/build/icyphy/ptII/ptolemy/actor/lib/test/auto/matrixType8.xml
1 ms. Memory: 351232K Free: 275365K (78%)
----------------- Invoking toplevel() on ptolemy.moml.MoMLSimpleApplication@2952103a
----------------- Done invoking toplevel() on ptolemy.moml.MoMLSimpleApplication@2952103a
reloadAllAccessors: .matrixType8

===========================================================================================
----------------- testing Sun Jul 19 15:10:27 UTC 2020 /home/travis/build/icyphy/ptII/ptolemy/actor/lib/test/auto/matrixType9.xml
----------------- Instantiating /home/travis/build/icyphy/ptII/ptolemy/actor/lib/test/auto/matrixType9.xml
1 ms. Memory: 351232K Free: 270759K (77%)
----------------- Invoking toplevel() on ptolemy.moml.MoMLSimpleApplication@52cc6b75
----------------- Done invoking toplevel() on ptolemy.moml.MoMLSimpleApplication@52cc6b75
reloadAllAccessors: .matrixType9

===========================================================================================
----------------- testing Sun Jul 19 15:10:27 UTC 2020 /home/travis/build/icyphy/ptII/ptolemy/actor/lib/test/auto/paraFunctest.xml
----------------- Instantiating /home/travis/build/icyphy/ptII/ptolemy/actor/lib/test/auto/paraFunctest.xml
1 ms. Memory: 351232K Free: 266663K (76%)
----------------- Invoking toplevel() on ptolemy.moml.MoMLSimpleApplication@77ea799a
----------------- Done invoking toplevel() on ptolemy.moml.MoMLSimpleApplication@77ea799a
reloadAllAccessors: .paraFunctest

===========================================================================================
----------------- testing Sun Jul 19 15:10:27 UTC 2020 /home/travis/build/icyphy/ptII/ptolemy/actor/lib/test/auto/paraFunctest2.xml
----------------- Instantiating /home/travis/build/icyphy/ptII/ptolemy/actor/lib/test/auto/paraFunctest2.xml
1 ms. Memory: 351232K Free: 262053K (75%)
----------------- Invoking toplevel() on ptolemy.moml.MoMLSimpleApplication@9091165
----------------- Done invoking toplevel() on ptolemy.moml.MoMLSimpleApplication@9091165
reloadAllAccessors: .paraFunctest2

===========================================================================================
----------------- testing Sun Jul 19 15:10:27 UTC 2020 /home/travis/build/icyphy/ptII/ptolemy/actor/lib/test/auto/parameterPassing.xml
----------------- Instantiating /home/travis/build/icyphy/ptII/ptolemy/actor/lib/test/auto/parameterPassing.xml
1 ms. Memory: 351232K Free: 257957K (73%)
----------------- Invoking toplevel() on ptolemy.moml.MoMLSimpleApplication@4ee71030
----------------- Done invoking toplevel() on ptolemy.moml.MoMLSimpleApplication@4ee71030
reloadAllAccessors: .parameterPassing

===========================================================================================
----------------- testing Sun Jul 19 15:10:27 UTC 2020 /home/travis/build/icyphy/ptII/ptolemy/actor/lib/test/auto/record.xml
----------------- Instantiating /home/travis/build/icyphy/ptII/ptolemy/actor/lib/test/auto/record.xml
3 ms. Memory: 351232K Free: 252837K (72%)
----------------- Invoking toplevel() on ptolemy.moml.MoMLSimpleApplication@654074ee
----------------- Done invoking toplevel() on ptolemy.moml.MoMLSimpleApplication@654074ee
reloadAllAccessors: .record

===========================================================================================
----------------- testing Sun Jul 19 15:10:27 UTC 2020 /home/travis/build/icyphy/ptII/ptolemy/actor/lib/test/auto/sizedarray1.xml
----------------- Instantiating /home/travis/build/icyphy/ptII/ptolemy/actor/lib/test/auto/sizedarray1.xml
2 ms. Memory: 351232K Free: 247717K (71%)
----------------- Invoking toplevel() on ptolemy.moml.MoMLSimpleApplication@35fcaf24
----------------- Done invoking toplevel() on ptolemy.moml.MoMLSimpleApplication@35fcaf24
reloadAllAccessors: .sizedarray1

===========================================================================================
----------------- testing Sun Jul 19 15:10:27 UTC 2020 /home/travis/build/icyphy/ptII/ptolemy/actor/lib/test/auto/sizedarray2.xml
----------------- Instantiating /home/travis/build/icyphy/ptII/ptolemy/actor/lib/test/auto/sizedarray2.xml
2 ms. Memory: 351232K Free: 242597K (69%)
----------------- Invoking toplevel() on ptolemy.moml.MoMLSimpleApplication@5c0abb30
----------------- Done invoking toplevel() on ptolemy.moml.MoMLSimpleApplication@5c0abb30
reloadAllAccessors: .sizedarray2

===========================================================================================
----------------- testing Sun Jul 19 15:10:27 UTC 2020 /home/travis/build/icyphy/ptII/ptolemy/actor/lib/test/auto/twoPublishers.xml
----------------- Instantiating /home/travis/build/icyphy/ptII/ptolemy/actor/lib/test/auto/twoPublishers.xml
4 ms. Memory: 351232K Free: 231847K (66%)
----------------- Invoking toplevel() on ptolemy.moml.MoMLSimpleApplication@66365e15
----------------- Done invoking toplevel() on ptolemy.moml.MoMLSimpleApplication@66365e15
reloadAllAccessors: .twoPublishers
AutoTests.java: About to close Vertx.
AutoTests.java: Vertx closed.
]]></system-out>
  <system-err><![CDATA[java.lang.RuntimeException: Execution failed
	at ptolemy.moml.MoMLSimpleApplication$UnloadThread.run(MoMLSimpleApplication.java:402)
Caused by: java.lang.RuntimeException: StringUtilities.exit() was called. Normally, we would exit here because Manager.exitAfterWrapup() was called.  However, because the ptolemy.ptII.exitAfterWrapup property is set, we throw this exception instead.
	at ptolemy.util.StringUtilities.exit(StringUtilities.java:365)
	at ptolemy.actor.Manager.wrapup(Manager.java:1549)
	at ptolemy.actor.Manager.execute(Manager.java:407)
	at ptolemy.actor.Manager.run(Manager.java:1263)
	at ptolemy.actor.Manager$PtolemyRunThread.run(Manager.java:1933)
Warning: '.top.test' is in training mode, set the trainingMode parameter to false before checking in
Warning: '.top.test' is in training mode, set the trainingMode parameter to false before checking in
Warning: '.top.test' is in training mode, set the trainingMode parameter to false before checking in
Warning: '.BooleanSwitch_RegressionTest_WrongTrainingValues.Test' is in training mode, set the trainingMode parameter to false before checking in
Warning: '.BooleanSwitch_RegressionTest_WrongTrainingValues.Test2' is in training mode, set the trainingMode parameter to false before checking in
Warning: '.BooleanSwitch_RegressionTest_WrongTrainingValues.Test2' The test produced 0 tokens.
Warning: '.top.testExceptionHandler' is in training mode, set the trainingMode parameter to false before checking in
java.lang.RuntimeException: Execution failed
	at ptolemy.moml.MoMLSimpleApplication$UnloadThread.run(MoMLSimpleApplication.java:402)
Caused by: ptolemy.kernel.util.IllegalActionException: PublisherPorts cannot be used at the top level, use a Publisher actor instead.
  in .PublisherPortToplevelSubscriber.PublisherPort
	at ptolemy.actor.PublisherPort.preinitialize(PublisherPort.java:403)
	at ptolemy.actor.CompositeActor.preinitialize(CompositeActor.java:1769)
	at ptolemy.actor.Manager.preinitializeAndResolveTypes(Manager.java:1040)
	at ptolemy.actor.Manager.initialize(Manager.java:710)
	at ptolemy.actor.Manager.execute(Manager.java:356)
	at ptolemy.actor.Manager.run(Manager.java:1263)
	at ptolemy.actor.Manager$PtolemyRunThread.run(Manager.java:1933)
java.lang.reflect.InvocationTargetException
	at java.base/jdk.internal.reflect.NativeConstructorAccessorImpl.newInstance0(Native Method)
	at java.base/jdk.internal.reflect.NativeConstructorAccessorImpl.newInstance(NativeConstructorAccessorImpl.java:62)
	at java.base/jdk.internal.reflect.DelegatingConstructorAccessorImpl.newInstance(DelegatingConstructorAccessorImpl.java:45)
	at java.base/java.lang.reflect.Constructor.newInstance(Constructor.java:490)
	at ptolemy.util.test.junit.AutoKnownFailedTests.RunModel(AutoKnownFailedTests.java:105)
	at java.base/jdk.internal.reflect.NativeMethodAccessorImpl.invoke0(Native Method)
	at java.base/jdk.internal.reflect.NativeMethodAccessorImpl.invoke(NativeMethodAccessorImpl.java:62)
	at java.base/jdk.internal.reflect.DelegatingMethodAccessorImpl.invoke(DelegatingMethodAccessorImpl.java:43)
	at java.base/java.lang.reflect.Method.invoke(Method.java:566)
	at org.junit.runners.model.FrameworkMethod$1.runReflectiveCall(FrameworkMethod.java:44)
	at org.junit.internal.runners.model.ReflectiveCallable.run(ReflectiveCallable.java:15)
	at org.junit.runners.model.FrameworkMethod.invokeExplosively(FrameworkMethod.java:41)
	at junitparams.internal.InvokeParameterisedMethod.evaluate(InvokeParameterisedMethod.java:102)
	at org.junit.internal.runners.statements.FailOnTimeout$1.run(FailOnTimeout.java:28)
Caused by: ptolemy.kernel.util.IllegalActionException: PublisherPorts cannot be used at the top level, use a Publisher actor instead.
  in .PublisherPortToplevelSubscriber.PublisherPort
	at ptolemy.actor.PublisherPort.preinitialize(PublisherPort.java:403)
	at ptolemy.actor.CompositeActor.preinitialize(CompositeActor.java:1769)
	at ptolemy.actor.Manager.preinitializeAndResolveTypes(Manager.java:1040)
	at ptolemy.actor.Manager.initialize(Manager.java:710)
	at ptolemy.actor.Manager.execute(Manager.java:356)
	at ptolemy.actor.Manager.run(Manager.java:1263)
	at ptolemy.actor.Manager$PtolemyRunThread.run(Manager.java:1933)
java.lang.RuntimeException: Execution failed
	at ptolemy.moml.MoMLSimpleApplication$UnloadThread.run(MoMLSimpleApplication.java:402)
Caused by: ptolemy.kernel.util.IllegalActionException: SubscriberPorts cannot be used at the top level, use a Subscriber actor instead.
  in .PublisherSubscriberPortToplevel.SubscriberPort
	at ptolemy.actor.SubscriberPort.preinitialize(SubscriberPort.java:328)
	at ptolemy.actor.CompositeActor.preinitialize(CompositeActor.java:1769)
	at ptolemy.actor.Manager.preinitializeAndResolveTypes(Manager.java:1040)
	at ptolemy.actor.Manager.initialize(Manager.java:710)
	at ptolemy.actor.Manager.execute(Manager.java:356)
	at ptolemy.actor.Manager.run(Manager.java:1263)
	at ptolemy.actor.Manager$PtolemyRunThread.run(Manager.java:1933)
java.lang.reflect.InvocationTargetException
	at java.base/jdk.internal.reflect.NativeConstructorAccessorImpl.newInstance0(Native Method)
	at java.base/jdk.internal.reflect.NativeConstructorAccessorImpl.newInstance(NativeConstructorAccessorImpl.java:62)
	at java.base/jdk.internal.reflect.DelegatingConstructorAccessorImpl.newInstance(DelegatingConstructorAccessorImpl.java:45)
	at java.base/java.lang.reflect.Constructor.newInstance(Constructor.java:490)
	at ptolemy.util.test.junit.AutoKnownFailedTests.RunModel(AutoKnownFailedTests.java:105)
	at java.base/jdk.internal.reflect.NativeMethodAccessorImpl.invoke0(Native Method)
	at java.base/jdk.internal.reflect.NativeMethodAccessorImpl.invoke(NativeMethodAccessorImpl.java:62)
	at java.base/jdk.internal.reflect.DelegatingMethodAccessorImpl.invoke(DelegatingMethodAccessorImpl.java:43)
	at java.base/java.lang.reflect.Method.invoke(Method.java:566)
	at org.junit.runners.model.FrameworkMethod$1.runReflectiveCall(FrameworkMethod.java:44)
	at org.junit.internal.runners.model.ReflectiveCallable.run(ReflectiveCallable.java:15)
	at org.junit.runners.model.FrameworkMethod.invokeExplosively(FrameworkMethod.java:41)
	at junitparams.internal.InvokeParameterisedMethod.evaluate(InvokeParameterisedMethod.java:102)
	at org.junit.internal.runners.statements.FailOnTimeout$1.run(FailOnTimeout.java:28)
Caused by: ptolemy.kernel.util.IllegalActionException: SubscriberPorts cannot be used at the top level, use a Subscriber actor instead.
  in .PublisherSubscriberPortToplevel.SubscriberPort
	at ptolemy.actor.SubscriberPort.preinitialize(SubscriberPort.java:328)
	at ptolemy.actor.CompositeActor.preinitialize(CompositeActor.java:1769)
	at ptolemy.actor.Manager.preinitializeAndResolveTypes(Manager.java:1040)
	at ptolemy.actor.Manager.initialize(Manager.java:710)
	at ptolemy.actor.Manager.execute(Manager.java:356)
	at ptolemy.actor.Manager.run(Manager.java:1263)
	at ptolemy.actor.Manager$PtolemyRunThread.run(Manager.java:1933)
java.lang.RuntimeException: Execution failed
	at ptolemy.moml.MoMLSimpleApplication$UnloadThread.run(MoMLSimpleApplication.java:402)
Caused by: ptolemy.kernel.util.IllegalActionException: SubscriptionAggregatorPorts cannot be used at the top level, use a SubscriptionAggregator actor instead.
  in .PublisherSubscriptionAggregatorPort.SubscriptionAggregatorPort
	at ptolemy.actor.SubscriptionAggregatorPort.preinitialize(SubscriptionAggregatorPort.java:353)
	at ptolemy.actor.CompositeActor.preinitialize(CompositeActor.java:1769)
	at ptolemy.actor.Manager.preinitializeAndResolveTypes(Manager.java:1040)
	at ptolemy.actor.Manager.initialize(Manager.java:710)
	at ptolemy.actor.Manager.execute(Manager.java:356)
	at ptolemy.actor.Manager.run(Manager.java:1263)
	at ptolemy.actor.Manager$PtolemyRunThread.run(Manager.java:1933)
java.lang.reflect.InvocationTargetException
	at java.base/jdk.internal.reflect.NativeConstructorAccessorImpl.newInstance0(Native Method)
	at java.base/jdk.internal.reflect.NativeConstructorAccessorImpl.newInstance(NativeConstructorAccessorImpl.java:62)
	at java.base/jdk.internal.reflect.DelegatingConstructorAccessorImpl.newInstance(DelegatingConstructorAccessorImpl.java:45)
	at java.base/java.lang.reflect.Constructor.newInstance(Constructor.java:490)
	at ptolemy.util.test.junit.AutoKnownFailedTests.RunModel(AutoKnownFailedTests.java:105)
	at java.base/jdk.internal.reflect.NativeMethodAccessorImpl.invoke0(Native Method)
	at java.base/jdk.internal.reflect.NativeMethodAccessorImpl.invoke(NativeMethodAccessorImpl.java:62)
	at java.base/jdk.internal.reflect.DelegatingMethodAccessorImpl.invoke(DelegatingMethodAccessorImpl.java:43)
	at java.base/java.lang.reflect.Method.invoke(Method.java:566)
	at org.junit.runners.model.FrameworkMethod$1.runReflectiveCall(FrameworkMethod.java:44)
	at org.junit.internal.runners.model.ReflectiveCallable.run(ReflectiveCallable.java:15)
	at org.junit.runners.model.FrameworkMethod.invokeExplosively(FrameworkMethod.java:41)
	at junitparams.internal.InvokeParameterisedMethod.evaluate(InvokeParameterisedMethod.java:102)
	at org.junit.internal.runners.statements.FailOnTimeout$1.run(FailOnTimeout.java:28)
Caused by: ptolemy.kernel.util.IllegalActionException: SubscriptionAggregatorPorts cannot be used at the top level, use a SubscriptionAggregator actor instead.
  in .PublisherSubscriptionAggregatorPort.SubscriptionAggregatorPort
	at ptolemy.actor.SubscriptionAggregatorPort.preinitialize(SubscriptionAggregatorPort.java:353)
	at ptolemy.actor.CompositeActor.preinitialize(CompositeActor.java:1769)
	at ptolemy.actor.Manager.preinitializeAndResolveTypes(Manager.java:1040)
	at ptolemy.actor.Manager.initialize(Manager.java:710)
	at ptolemy.actor.Manager.execute(Manager.java:356)
	at ptolemy.actor.Manager.run(Manager.java:1263)
	at ptolemy.actor.Manager$PtolemyRunThread.run(Manager.java:1933)
java.lang.RuntimeException: Execution failed
	at ptolemy.moml.MoMLSimpleApplication$UnloadThread.run(MoMLSimpleApplication.java:402)
Caused by: ptolemy.kernel.util.IllegalActionException: TypeTest actor has no training data.
  in .sizedarray3.TypeTest
	at ptolemy.actor.lib.TypeTest.initialize(TypeTest.java:250)
	at ptolemy.actor.Director.initialize(Director.java:938)
	at ptolemy.actor.Director.initialize(Director.java:907)
	at ptolemy.actor.sched.StaticSchedulingDirector.initialize(StaticSchedulingDirector.java:159)
	at ptolemy.domains.sdf.kernel.SDFDirector.initialize(SDFDirector.java:544)
	at ptolemy.actor.CompositeActor.initialize(CompositeActor.java:935)
	at ptolemy.actor.Manager.initialize(Manager.java:724)
	at ptolemy.actor.Manager.execute(Manager.java:356)
	at ptolemy.actor.Manager.run(Manager.java:1263)
	at ptolemy.actor.Manager$PtolemyRunThread.run(Manager.java:1933)
java.lang.reflect.InvocationTargetException
	at java.base/jdk.internal.reflect.NativeConstructorAccessorImpl.newInstance0(Native Method)
	at java.base/jdk.internal.reflect.NativeConstructorAccessorImpl.newInstance(NativeConstructorAccessorImpl.java:62)
	at java.base/jdk.internal.reflect.DelegatingConstructorAccessorImpl.newInstance(DelegatingConstructorAccessorImpl.java:45)
	at java.base/java.lang.reflect.Constructor.newInstance(Constructor.java:490)
	at ptolemy.util.test.junit.AutoKnownFailedTests.RunModel(AutoKnownFailedTests.java:105)
	at java.base/jdk.internal.reflect.NativeMethodAccessorImpl.invoke0(Native Method)
	at java.base/jdk.internal.reflect.NativeMethodAccessorImpl.invoke(NativeMethodAccessorImpl.java:62)
	at java.base/jdk.internal.reflect.DelegatingMethodAccessorImpl.invoke(DelegatingMethodAccessorImpl.java:43)
	at java.base/java.lang.reflect.Method.invoke(Method.java:566)
	at org.junit.runners.model.FrameworkMethod$1.runReflectiveCall(FrameworkMethod.java:44)
	at org.junit.internal.runners.model.ReflectiveCallable.run(ReflectiveCallable.java:15)
	at org.junit.runners.model.FrameworkMethod.invokeExplosively(FrameworkMethod.java:41)
	at junitparams.internal.InvokeParameterisedMethod.evaluate(InvokeParameterisedMethod.java:102)
	at org.junit.internal.runners.statements.FailOnTimeout$1.run(FailOnTimeout.java:28)
Caused by: ptolemy.kernel.util.IllegalActionException: TypeTest actor has no training data.
  in .sizedarray3.TypeTest
	at ptolemy.actor.lib.TypeTest.initialize(TypeTest.java:250)
	at ptolemy.actor.Director.initialize(Director.java:938)
	at ptolemy.actor.Director.initialize(Director.java:907)
	at ptolemy.actor.sched.StaticSchedulingDirector.initialize(StaticSchedulingDirector.java:159)
	at ptolemy.domains.sdf.kernel.SDFDirector.initialize(SDFDirector.java:544)
	at ptolemy.actor.CompositeActor.initialize(CompositeActor.java:935)
	at ptolemy.actor.Manager.initialize(Manager.java:724)
	at ptolemy.actor.Manager.execute(Manager.java:356)
	at ptolemy.actor.Manager.run(Manager.java:1263)
	at ptolemy.actor.Manager$PtolemyRunThread.run(Manager.java:1933)
]]></system-err>
</testsuite>
