<?xml version="1.0" encoding="UTF-8" ?>
<testsuite errors="0" failures="0" hostname="travis-job-09e9852d-9446-43b7-b349-3f44a337baa1" name="ptolemy.actor.lib.test.junit.JUnitTclTest" skipped="0" tests="517" time="59.277" timestamp="2018-06-13T23:02:15">
  <properties>
    <property name="npm.executable" value="npm" />
    <property name="file.encoding.pkg" value="sun.io" />
    <property name="ptII.mk.exists" value="true" />
    <property name="env.rvm_bin_path" value="/home/travis/.rvm/bin" />
    <property name="java.home" value="/usr/lib/jvm/java-8-oracle/jre" />
    <property name="env.TRAVIS_JOB_NUMBER" value="581.7" />
    <property name="env.DISPLAY" value=":99.0" />
    <property name="java.net.preferIPv4Stack" value="true" />
    <property name="env.SSH_TTY" value="/dev/pts/0" />
    <property name="env.RUN_TESTS" value="true" />
    <property name="timeout.short" value="1000000" />
    <property name="env.TRAVIS_STACK_NODE_ATTRIBUTES" value="/.node-attributes.yml" />
    <property name="junit.formatter" value="xml" />
    <property name="java.endorsed.dirs" value="/usr/lib/jvm/java-8-oracle/jre/lib/endorsed" />
    <property name="env.TRAVIS_SUDO" value="true" />
    <property name="env.LOGNAME" value="travis" />
    <property name="env.PT_TRAVIS_TEST_CORE1_XML" value="true" />
    <property name="jsdoc.home" value="node_modules/@terraswarm/jsdoc" />
    <property name="debuglevel" value="source,lines,vars" />
    <property name="checkstyle.formatter" value="xml" />
    <property name="bin.vergil.makeable" value="true" />
    <property name="env._system_version" value="14.04" />
    <property name="sun.os.patch.level" value="unknown" />
    <property name="java.vendor.url" value="http://java.oracle.com/" />
    <property name="java.version" value="1.8.0_151" />
    <property name="env.TZ" value="UTC" />
    <property name="env.PT_NO_NET" value="true" />
    <property name="env.TRAVIS_PULL_REQUEST_SHA" value="" />
    <property name="env.TRAVIS_SECURE_ENV_VARS" value="true" />
    <property name="env._system_type" value="Linux" />
    <property name="java.vendor.url.bug" value="http://bugreport.sun.com/bugreport/" />
    <property name="env.SSH_CLIENT" value="10.10.4.38 55110 22" />
    <property name="npmjs-org-is-up" value="true" />
    <property name="env.GEM_HOME" value="/home/travis/.rvm/gems/ruby-2.4.1" />
    <property name="env.HAS_ANTARES_THREE_LITTLE_FRONZIES_BADGE" value="true" />
    <property name="env.PS4" value="+" />
    <property name="ant.project.invoked-targets" value="build,test.core1.xml" />
    <property name="env.TRAVIS_PULL_REQUEST_BRANCH" value="" />
    <property name="env.TRAVIS_REPO_SLUG" value="icyphy/ptII" />
    <property name="node.in.path" value="true" />
    <property name="java.maxmemory" value="1400m" />
    <property name="env.RUBY_VERSION" value="ruby-2.4.1" />
    <property name="user.name" value="travis" />
    <property name="env.LANG" value="en_US.UTF-8" />
    <property name="sun.io.unicode.encoding" value="UnicodeLittle" />
    <property name="sun.jnu.encoding" value="UTF-8" />
    <property name="java.runtime.name" value="Java(TM) SE Runtime Environment" />
    <property name="usefile" value="false" />
    <property name="return.code" value="0" />
    <property name="junit.single.formatter" value="plain" />
    <property name="env.DYLD_LIBRARY_PATH" value="/home/travis/pthla/certi-tools/lib:" />
    <property name="env.DEBIAN_FRONTEND" value="noninteractive" />
    <property name="env.SSH_CONNECTION" value="10.10.4.38 55110 10.20.1.16 22" />
    <property name="env.MYSQL_UNIX_PORT" value="/var/run/mysqld/mysqld.sock" />
    <property name="env.TRAVIS_ALLOW_FAILURE" value="false" />
    <property name="env.LC_ALL" value="en_US.UTF-8" />
    <property name="java.specification.name" value="Java Platform API Specification" />
    <property name="node.works" value="true" />
    <property name="user.timezone" value="" />
    <property name="path.separator" value=":" />
    <property name="env.PYTHON_CFLAGS" value="-g -fstack-protector --param=ssp-buffer-size=4 -Wformat -Werror=format-security" />
    <property name="timeout.long" value="4000000" />
    <property name="env.CERTI_HOME" value="/home/travis/pthla/certi-tools" />
    <property name="file.encoding" value="UTF-8" />
    <property name="ant.file.ptII" value="/home/travis/build/icyphy/ptII/build.xml" />
    <property name="javadoc.packagenames" value="com.*,diva.*,lbnl.*,org.hlacerti.*,org.json.*,org.ptolemy.*,org.terraswarm.*,ptolemy.*,ptserver.*" />
    <property name="env.TRAVIS_PULL_REQUEST_SLUG" value="" />
    <property name="ant.project.default-target" value="build" />
    <property name="env.GIT_ASKPASS" value="echo" />
    <property name="env.HOME" value="/home/travis" />
    <property name="sun.java.command" value="org.apache.tools.ant.taskdefs.optional.junit.JUnitTestRunner ptolemy.actor.lib.test.junit.JUnitTclTest skipNonTests=false filtertrace=true haltOnError=false haltOnFailure=false formatter=org.apache.tools.ant.taskdefs.optional.junit.OutErrSummaryJUnitResultFormatter showoutput=true outputtoformatters=true logfailedtests=true threadid=0 logtestlistenerevents=false formatter=org.apache.tools.ant.taskdefs.optional.junit.XMLJUnitResultFormatter,/home/travis/build/icyphy/ptII/reports/junit/TEST-ptolemy.actor.lib.test.junit.JUnitTclTest.xml crashfile=/home/travis/build/icyphy/ptII/junitvmwatcher825649523332099130.properties propsfile=/home/travis/build/icyphy/ptII/junit5187135791880151827.properties" />
    <property name="env.MANPATH" value="/home/travis/.nvm/versions/node/v7.10.1/share/man:/home/travis/.kiex/elixirs/elixir-1.4.5/man:/home/travis/.rvm/rubies/ruby-2.4.1/share/man:/usr/local/man:/usr/local/cmake-3.9.2/man:/usr/local/clang-5.0.0/share/man:/usr/local/share/man:/usr/share/man:/home/travis/.rvm/man" />
    <property name="env.COMPOSER_NO_INTERACTION" value="1" />
    <property name="env.JDK_SWITCHER_DEFAULT" value="oraclejdk8" />
    <property name="ant.file" value="/home/travis/build/icyphy/ptII/build.xml" />
    <property name="env.TRAVIS_COMMIT_RANGE" value="a11b87572d0c...68bb92bd5a8e" />
    <property name="env._system_name" value="Ubuntu" />
    <property name="timeout" value="2400000" />
    <property name="ptII.classpath.optional.property" value="/home/travis/build/icyphy/ptII/lib/bsh-2.0b4.jar:/home/travis/build/icyphy/ptII/lib/ptCal.jar:/home/travis/build/icyphy/ptII/lib/java_cup.jar:/home/travis/build/icyphy/ptII/lib/saxon8.jar:/home/travis/build/icyphy/ptII/lib/saxon8-dom.jar:/home/travis/build/icyphy/ptII/lib/chic.jar:/home/travis/build/icyphy/ptII/lib/ptcolt.jar:/usr/lib/jvm/java-8-oracle/lib/tools.jar:/usr/lib/eclipse/plugins/org.eclipse.jdt.core_3.8.2.dist.jar:/usr/lib/eclipse/plugins/org.eclipse.core.runtime_3.8.0.dist.jar:/usr/lib/eclipse/plugins/org.eclipse.osgi_3.8.1.dist.jar:/usr/lib/eclipse/plugins/org.eclipse.core.resources_3.8.1.dist.jar:/usr/lib/eclipse/plugins/org.eclipse.equinox.common_3.6.100.dist.jar:/usr/lib/eclipse/plugins/org.eclipse.core.jobs_3.5.200.dist.jar:/usr/lib/eclipse/plugins/org.eclipse.core.contenttype_3.4.200.dist.jar:/usr/lib/eclipse/plugins/org.eclipse.equinox.preferences_3.5.0.dist.jar:/usr/lib/eclipse/plugins/org.eclipse.text_3.5.200.dist.jar:/usr/lib/eclipse/plugins/org.eclipse.ui.workbench_3.8.1.dist.jar:/usr/lib/eclipse/plugins/org.eclipse.jface_3.8.0.dist.jar:/usr/lib/eclipse/plugins/org.eclipse.swt_3.8.2.jar:/usr/lib/eclipse/plugins/org.eclipse.jface.text_3.8.1.dist.jar:/usr/lib/eclipse/plugins/org.eclipse.ui.workbench.texteditor_3.8.0.dist.jar:/usr/lib/eclipse/plugins/org.eclipse.ui.editors_3.8.0.dist.jar:/usr/lib/eclipse/plugins/org.eclipse.core.commands_3.6.1.dist.jar:/usr/lib/eclipse/plugins/org.eclipse.equinox.registry_3.5.200.dist.jar:/usr/lib/eclipse/plugins/org.eclipse.ui.console_3.5.100.dist.jar:/usr/lib/eclipse/plugins/org.eclipse.ui.forms_3.5.200.dist.jar:/usr/lib/eclipse/plugins/org.eclipse.ui.ide_3.8.1.dist.jar:/home/travis/build/icyphy/ptII/vendors/oracle/dbxml.jar:/home/travis/build/icyphy/ptII/vendors/oracle/db.jar:/home/travis/build/icyphy/ptII/vendors/misc/itext/iText.jar:/home/travis/build/icyphy/ptII/lib/g4ltl.jar:/home/travis/build/icyphy/ptII/lib/StructuralCoder.jar:/home/travis/build/icyphy/ptII/lib/org-openide-util.jar:/home/travis/build/icyphy/ptII/lib/org-openide-util-lookup.jar:/home/travis/build/icyphy/ptII/lib/org-netbeans-api-visual.jar:/home/travis/build/icyphy/ptII/vendors/jai-1_1_2_01/lib/jai_core.jar:/home/travis/build/icyphy/ptII/vendors/jai-1_1_2_01/lib/jai_codec.jar:/home/travis/build/icyphy/ptII/lib/jcerti.jar:/home/travis/build/icyphy/ptII/lib/smack.jar:/home/travis/build/icyphy/ptII/lib/smackx.jar:/home/travis/build/icyphy/ptII/lib/jetty-all-8.1.5-v20120716.jar:/home/travis/build/icyphy/ptII/lib/javax.servlet-api-3.0.1.jar:/home/travis/build/icyphy/ptII/lib/javax.mail.jar:/home/travis/build/icyphy/ptII/vendors/JMF-2.1.1e/lib/jmf.jar:/home/travis/build/icyphy/ptII/lib/jna-4.0.0-variadic.jar:/home/travis/build/icyphy/ptII/vendors/misc/joystick/Joystick.jar:/home/travis/build/icyphy/ptII/lib/ptjacl.jar:/home/travis/build/icyphy/ptII/lib/jsoup-1.8.2.jar:/home/travis/build/icyphy/ptII/lib/junit-4.8.2.jar:/home/travis/build/icyphy/ptII/lib/JUnitParams-0.4.0.jar:/home/travis/build/icyphy/ptII/ptolemy/actor/lib/excel/jxl.jar:/home/travis/build/icyphy/ptII/lib/jython.jar:/home/travis/build/icyphy/ptII/lib/kieler.jar:/home/travis/build/icyphy/ptII/vendors/opencv/share/OpenCV/java/opencv-341.jar:/home/travis/build/icyphy/ptII/lib/oscP5.jar:/home/travis/build/icyphy/ptII/lib/nrjavaserial-3.11.0.devel.jar:/home/travis/build/icyphy/ptII/vendors/j3d/lib/j3dcore.jar:/home/travis/build/icyphy/ptII/vendors/j3d/lib/j3dutils.jar:/home/travis/build/icyphy/ptII/vendors/j3d/lib/vecmath.jar:/home/travis/build/icyphy/ptII/ptolemy/distributed/jini/jar/jini-core.jar:/home/travis/build/icyphy/ptII/ptolemy/distributed/jini/jar/jini-ext.jar:/home/travis/build/icyphy/ptII/ptolemy/distributed/jini/jar/sun-util.jar:/home/travis/build/icyphy/ptII/lib/protobuf-java-2.4.1.jar:/home/travis/build/icyphy/ptII/lib/org.eclipse.paho.client.mqttv3.jar:/home/travis/build/icyphy/ptII/ptserver/lib/hessian-4.0.7.jar:/home/travis/build/icyphy/ptII/ptserver/lib/wmqtt.jar:/home/travis/build/icyphy/ptII/lib/mapss.jar:/home/travis/build/icyphy/ptII/ptolemy/actor/ptalon/antlr/antlr.jar:/home/travis/build/icyphy/ptII/lib/JRI.jar:/home/travis/build/icyphy/ptII/lib/commons-lang-2.6.jar:/home/travis/build/icyphy/ptII/lib/commons-logging-1.1.1.jar:/home/travis/build/icyphy/ptII/lib/sootclasses.jar:/home/travis/build/icyphy/ptII/ptolemy/actor/lib/database/mysql-connector-java-5.1.6-bin.jar:/home/travis/build/icyphy/ptII/vendors/misc/sphinx4/sphinx4-data-5prealpha.jar:/home/travis/build/icyphy/ptII/vendors/misc/sphinx4/sphinx4-core-5prealpha.jar:/home/travis/build/icyphy/ptII/lib/PDFRenderer.jar:/home/travis/build/icyphy/ptII/lib/svgSalamander.jar:/home/travis/build/icyphy/ptII/lib/rsyntaxtextarea-2.6.0-SNAPSHOT.jar:/home/travis/build/icyphy/ptII/lib/hazelcast-3.8.2.jar:/home/travis/build/icyphy/ptII/lib/jackson-annotations-2.9.0.jar:/home/travis/build/icyphy/ptII/lib/jackson-core-2.9.3.jar:/home/travis/build/icyphy/ptII/lib/jackson-databind-2.9.3.jar:/home/travis/build/icyphy/ptII/lib/netty-buffer-4.1.19.Final.jar:/home/travis/build/icyphy/ptII/lib/netty-codec-4.1.19.Final.jar:/home/travis/build/icyphy/ptII/lib/netty-codec-dns-4.1.19.Final.jar:/home/travis/build/icyphy/ptII/lib/netty-codec-http-4.1.19.Final.jar:/home/travis/build/icyphy/ptII/lib/netty-codec-http2-4.1.19.Final.jar:/home/travis/build/icyphy/ptII/lib/netty-common-4.1.19.Final.jar:/home/travis/build/icyphy/ptII/lib/netty-handler-4.1.19.Final.jar:/home/travis/build/icyphy/ptII/lib/netty-resolver-4.1.19.Final.jar:/home/travis/build/icyphy/ptII/lib/netty-resolver-dns-4.1.19.Final.jar:/home/travis/build/icyphy/ptII/lib/netty-transport-4.1.19.Final.jar:/home/travis/build/icyphy/ptII/lib/vertx-codegen-3.5.1.jar:/home/travis/build/icyphy/ptII/lib/vertx-core-3.5.2-SNAPSHOT.jar:/home/travis/build/icyphy/ptII/lib/vertx-hazelcast-3.5.1.jar:/home/travis/build/icyphy/ptII/lib/vertx-lang-js-3.5.1.jar:/home/travis/build/icyphy/ptII/lib/vertx-service-proxy-3.5.1.jar:/home/travis/build/icyphy/ptII/lib/vertx-web-3.5.1.jar:/home/travis/build/icyphy/ptII/lib/slf4j-api-1.7.13.jar:/home/travis/build/icyphy/ptII/lib/slf4j-simple-1.7.13.jar:/home/travis/build/icyphy/ptII/lib/webcam-capture-0.3.12.jar:/home/travis/build/icyphy/ptII/lib/bridj-0.7.0.jar:/home/travis/build/icyphy/ptII/lib/xbjlib-1.1.0.nrjavaserial.jar" />
    <property name="test.batch" value="**/junit/*.java" />
    <property name="env._" value="/usr/bin/timeout" />
    <property name="java.io.tmpdir" value="/tmp" />
    <property name="user.language" value="en" />
    <property name="env.HISTCONTROL" value="ignoredups:ignorespace" />
    <property name="env.GOROOT" value="/home/travis/.gimme/versions/go1.7.4.linux.amd64" />
    <property name="line.separator" value="&#xa;" />
    <property name="target" value="1.8" />
    <property name="env.TRAVIS_BUILD_DIR" value="/home/travis/build/icyphy/ptII" />
    <property name="env.ANT_OPTS" value="-Xmx2048m" />
    <property name="ant.file.type" value="file" />
    <property name="ptolemy.ptII.batchMode" value="true" />
    <property name="env.HISTSIZE" value="1000" />
    <property name="env.MERB_ENV" value="test" />
    <property name="java.vm.info" value="mixed mode" />
    <property name="source" value="1.8" />
    <property name="java.vm.specification.name" value="Java Virtual Machine Specification" />
    <property name="env.TRAVIS_TEST_RESULT" value="0" />
    <property name="jsdoc.command" value="node_modules/@terraswarm/jsdoc/jsdoc.js" />
    <property name="npm.works" value="true" />
    <property name="cobertura.dir" value="/home/travis/build/icyphy/ptII/vendors/cobertura-2.0.3" />
    <property name="env.rvm_path" value="/home/travis/.rvm" />
    <property name="env.GEM_PATH" value="/home/travis/.rvm/gems/ruby-2.4.1:/home/travis/.rvm/gems/ruby-2.4.1@global" />
    <property name="env.LC_CTYPE" value="en_US.UTF-8" />
    <property name="java.awt.printerjob" value="sun.print.PSPrinterJob" />
    <property name="env.TRAVIS_STACK_NAME" value="garnet" />
    <property name="ant.version" value="Apache Ant(TM) version 1.10.1 compiled on February 2 2017" />
    <property name="ptII.reports" value="/home/travis/build/icyphy/ptII/reports" />
    <property name="env.TRAVIS_STACK_TIMESTAMP" value="2017-12-05 19:33:09 UTC" />
    <property name="ant.file.type.ptII" value="file" />
    <property name="env.RBENV_SHELL" value="bash" />
    <property name="os.name" value="Linux" />
    <property name="java.specification.vendor" value="Oracle Corporation" />
    <property name="env.rvm_version" value="1.29.3 (latest)" />
    <property name="env.TERM" value="xterm" />
    <property name="java.vm.name" value="Java HotSpot(TM) 64-Bit Server VM" />
    <property name="env.TRAVIS_BUILD_NUMBER" value="581" />
    <property name="env.CI" value="true" />
    <property name="java.library.path" value="/home/travis/pthla/certi-tools/lib:/usr/lib/jni:/usr/local/share/OpenCV/java/:/usr/share/OpenCV/java::/usr/java/packages/lib/amd64:/usr/lib64:/lib64:/lib:/usr/lib" />
    <property name="env.rvm_prefix" value="/home/travis" />
    <property name="env.PATH" value="/home/travis/pthla/certi-tools/share/scripts:/home/travis/.rvm/gems/ruby-2.4.1/bin:/home/travis/.rvm/gems/ruby-2.4.1@global/bin:/home/travis/.rvm/rubies/ruby-2.4.1/bin:/home/travis/.rvm/bin:/home/travis/.nvm/versions/node/v7.10.1/bin:./node_modules/.bin:/home/travis/build/icyphy/ptII/bin:/home/travis/pthla/certi-tools/bin:/home/travis/bin:/home/travis/.local/bin:/opt/pyenv/shims:/home/travis/.phpenv/shims:/home/travis/perl5/perlbrew/bin:/home/travis/.kiex/elixirs/elixir-1.4.5/bin:/home/travis/.kiex/bin:/home/travis/gopath/bin:/home/travis/.gimme/versions/go1.7.4.linux.amd64/bin:/usr/local/phantomjs/bin:/usr/local/phantomjs:/usr/local/neo4j-3.2.7/bin:/usr/local/maven-3.5.2/bin:/usr/local/cmake-3.9.2/bin:/usr/local/clang-5.0.0/bin:/usr/local/sbin:/usr/local/bin:/usr/sbin:/usr/bin:/sbin:/bin:/home/travis/.phpenv/bin:/opt/pyenv/bin:/home/travis/.yarn/bin" />
    <property name="env.TRAVIS_OS_NAME" value="linux" />
    <property name="ant.java.version" value="1.8" />
    <property name="basedir" value="/home/travis/build/icyphy/ptII" />
    <property name="java.class.version" value="52.0" />
    <property name="env.SHLVL" value="3" />
    <property name="env.LD_LIBRARY_PATH" value="/home/travis/pthla/certi-tools/lib:/usr/lib/jni:/usr/local/share/OpenCV/java/:/usr/share/OpenCV/java:" />
    <property name="env.RACK_ENV" value="test" />
    <property name="ant.home" value="/home/travis/build/icyphy/ptII/ant" />
    <property name="env.NVM_DIR" value="/home/travis/.nvm" />
    <property name="env.PERLBREW_BASHRC_VERSION" value="0.80" />
    <property name="env.CERTI_FOM_PATH" value="/home/travis/pthla/certi-tools/share/federations" />
    <property name="env.TRAVIS_BUILD_ID" value="391986359" />
    <property name="env.PYENV_ROOT" value="/opt/pyenv" />
    <property name="env.TRAVIS_UID" value="2000" />
    <property name="env.rvm_pretty_print_flag" value="auto" />
    <property name="env.NVM_BIN" value="/home/travis/.nvm/versions/node/v7.10.1/bin" />
    <property name="env.TRAVIS_COMMIT" value="68bb92bd5a8e0b1db99947dfd8b3236c0b8dc322" />
    <property name="env._system_arch" value="x86_64" />
    <property name="node.executable" value="node" />
    <property name="sun.boot.library.path" value="/usr/lib/jvm/java-8-oracle/jre/lib/amd64" />
    <property name="sun.management.compiler" value="HotSpot 64-Bit Tiered Compilers" />
    <property name="env.GOPATH" value="/home/travis/gopath" />
    <property name="java.awt.graphicsenv" value="sun.awt.X11GraphicsEnvironment" />
    <property name="ptolemy.ptII.dir" value="/home/travis/build/icyphy/ptII" />
    <property name="env.USER" value="travis" />
    <property name="env.HISTFILESIZE" value="2000" />
    <property name="timeout.longest" value="19000000" />
    <property name="env.TRAVIS_STACK_FEATURES" value="basic cassandra chromium couchdb disabled-ipv6 docker docker-compose elasticsearch firefox go-toolchain google-chrome jdk memcached mongodb mysql neo4j nodejs_interpreter perl_interpreter perlbrew phantomjs postgresql python_interpreter rabbitmq redis riak ruby_interpreter sqlite xserver" />
    <property name="env.TRAVIS_PULL_REQUEST" value="false" />
    <property name="env.PYENV_SHELL" value="bash" />
    <property name="ant.project.name" value="ptII" />
    <property name="java.vm.specification.version" value="1.8" />
    <property name="env.CERTI_VERSION" value="4.0.0" />
    <property name="env.NLSPATH" value="/usr/dt/lib/nls/msg/%L/%N.cat" />
    <property name="awt.toolkit" value="sun.awt.X11.XToolkit" />
    <property name="env.CERTI_HOST" value="localhost" />
    <property name="env.MY_RUBY_HOME" value="/home/travis/.rvm/rubies/ruby-2.4.1" />
    <property name="sun.cpu.isalist" value="" />
    <property name="java.ext.dirs" value="/usr/lib/jvm/java-8-oracle/jre/lib/ext:/usr/java/packages/lib/ext" />
    <property name="os.version" value="4.4.0-101-generic" />
    <property name="user.home" value="/home/travis" />
    <property name="env.MIX_ARCHIVES" value="/home/travis/.kiex/mix/elixir-1.4.5" />
    <property name="java.vm.vendor" value="Oracle Corporation" />
    <property name="env.TRAVIS_TAG" value="nightly" />
    <property name="env.TRAVIS_FILTERED" value="redirect_io" />
    <property name="javadoc.excludepackagenames" value="adm.cvs2svn.*,build.*,config.*,doc.coding.templates.*,jni.test.jni.meaningOfLife.*,jni.test.jni.testDeux.*,jni.test.jni.testTrois.*,org.terraswarm.accessor.accessors.web.node_modules.*,org.terraswarm.accessor.accessors.web.hosts.cordova.demo.*,org.terraswarm.accessor.accessors.web.hosts.cordova.plugins.*,org.terraswarm.accessor.accessors-svn.*,pt-modules.*,ptolemy.apps.agilent.*,ptolemy.apps.anytimecontrol.*,ptolemy.apps.apes.*,ptolemy.apps.charon.*,ptolemy.apps.crazyboard.*,ptolemy.apps.eclipse.*,ptolemy.apps.etherealSting.*,ptolemy.apps.fullscreen.*,ptolemy.apps.giotto.*,ptolemy.apps.ia.*,ptolemy.apps.interfaces.*,ptolemy.apps.jmf.*,ptolemy.apps.kurt.*,ptolemy.apps.kvm.*,ptolemy.apps.lego.*,ptolemy.apps.lejos.*,ptolemy.apps.midp.*,ptolemy.apps.mobileCoding.*,ptolemy.apps.pendulum.*,ptolemy.apps.rijndael.*,ptolemy.apps.robot.*,ptolemy.apps.security.*,ptolemy.apps.sobel.*,ptolemy.apps.soot.*,ptolemy.apps.throttle.*,ptolemy.apps.tini.*,ptolemy.apps.transmission.*,ptolemy.apps.vergil.*,ptolemy.apps.waba.*,ptolemy.apps.websensor.*,ptolemy.apps.webstart.*,ptolemy.apps.xsl.*,ptolemy.apps.zaurus.*,ptolemy.backtrack.eclipse.plugin.*,ptolemy.backtrack.test.*,ptolemy.codegen.c.actor.lib.oldJavaFiles.*,ptolemy.codegen.dsp.lib.*,ptolemy.codegen.kernel.newInterfaces.*,ptolemy.codegen.lib.*,ptolemy.copernicus.kernel.fragment.*,ptolemy.copernicus.shallow.cg.*,ptolemy.domains.giotto.demo.Hierarchy.Hierarchy.*,ptolemy.domains.giotto.demo.Multimode.Multimode.*,ptolemy.domains.giotto.demo.Simple.Simple.*,ptolemy.domains.gr.lib.experimental.*,ptolemy.domains.gro.*,ptolemy.domains.pdf.*,ptolemy.domains.ptinyos.demo.Surge.output.*,ptolemy.moml.test.NoPackageActor.java*,ptolemy.plot.adm.*,ptolemy.plot.servlet.*,reports.*,signed.*,src.*,target.*,vendors.*,ptolemy.cg.adapter.generic.program.procedural.c.mbed*,ptolemy.actor.lib.fmi.fmus.omc*,ptolemy.domains.openmodelica*,ptdb.kernel.bl.save.test.*,ptdb.kernel.bl.load.test.*,ptdb.kernel.bl.search.test.*,ptdb.kernel.bl.migration.test.*,ptdb.kernel.database.test.*,ptdb.test.*,ptdb.gui.test.*,org.ptolemy.scala.*,diva.util.java2d.svg.*,ptolemy.domains.ptinyos.*,ptolemy.actor.lib.fmi.fmipp.*,,org.terraswarm.accessor.accessors.web.node_modules.*,org.terraswarm.accessor.accessors-svn,ptolemy.apps.*,ptolemy.actor.ptalon.demo.ptinyos.SendAndReceiveCnt.output,ptolemy.actor.ptalon.demo.ptinyos.SenseToLeds.output,ptolemy.domains.ptinyos.demo.CntToLedsAndRfm.output,ptolemy.domains.ptinyos.demo.RfmToLeds.output,ptolemy.domains.ptinyos.demo.SendAndReceiveCnt.output,ptolemy.domains.ptinyos.demo.SenseToLeds.output,ptolemy.actor.lib.jjs.modules.udpSocket.*" />
    <property name="env.JAVA_HOME" value="/usr/lib/jvm/java-8-oracle" />
    <property name="env.PTII" value="/home/travis/build/icyphy/ptII" />
    <property name="env.TRAVIS_COMMIT_MESSAGE" value="configure.in changed" />
    <property name="keystore" value="ptKeystore" />
    <property name="env.XDG_SESSION_ID" value="2" />
    <property name="junit.output.dir" value="/home/travis/build/icyphy/ptII/reports/junit" />
    <property name="npm.return.code" value="0" />
    <property name="user.dir" value="/home/travis/build/icyphy/ptII/ptolemy/actor/lib/test" />
    <property name="env.TRAVIS_NODE_VERSION" value="7" />
    <property name="env.XFILESEARCHPATH" value="/usr/dt/app-defaults/%L/Dt" />
    <property name="env.TRAVIS_EVENT_TYPE" value="push" />
    <property name="env.MAIL" value="/var/mail/travis" />
    <property name="env.PWD" value="/home/travis/build/icyphy/ptII" />
    <property name="env.PERLBREW_ROOT" value="/home/travis/perl5/perlbrew" />
    <property name="timeout.npm" value="45000" />
    <property name="env.PAGER" value="cat" />
    <property name="sun.cpu.endian" value="little" />
    <property name="env.TRAVIS_BUILD_STAGE_NAME" value="Test" />
    <property name="env.PERLBREW_HOME" value="/home/travis/.perlbrew" />
    <property name="env.RAILS_ENV" value="test" />
    <property name="java.vm.version" value="25.151-b12" />
    <property name="java.class.path" value="/home/travis/.ptolemyII:/home/travis/.ptolemyII/*:/home/travis/build/icyphy/ptII:/home/travis/build/icyphy/ptII/lib/bsh-2.0b4.jar:/home/travis/build/icyphy/ptII/lib/ptCal.jar:/home/travis/build/icyphy/ptII/lib/java_cup.jar:/home/travis/build/icyphy/ptII/lib/saxon8.jar:/home/travis/build/icyphy/ptII/lib/saxon8-dom.jar:/home/travis/build/icyphy/ptII/lib/chic.jar:/home/travis/build/icyphy/ptII/lib/ptcolt.jar:/usr/lib/jvm/java-8-oracle/lib/tools.jar:/usr/lib/eclipse/plugins/org.eclipse.jdt.core_3.8.2.dist.jar:/usr/lib/eclipse/plugins/org.eclipse.core.runtime_3.8.0.dist.jar:/usr/lib/eclipse/plugins/org.eclipse.osgi_3.8.1.dist.jar:/usr/lib/eclipse/plugins/org.eclipse.core.resources_3.8.1.dist.jar:/usr/lib/eclipse/plugins/org.eclipse.equinox.common_3.6.100.dist.jar:/usr/lib/eclipse/plugins/org.eclipse.core.jobs_3.5.200.dist.jar:/usr/lib/eclipse/plugins/org.eclipse.core.contenttype_3.4.200.dist.jar:/usr/lib/eclipse/plugins/org.eclipse.equinox.preferences_3.5.0.dist.jar:/usr/lib/eclipse/plugins/org.eclipse.text_3.5.200.dist.jar:/usr/lib/eclipse/plugins/org.eclipse.ui.workbench_3.8.1.dist.jar:/usr/lib/eclipse/plugins/org.eclipse.jface_3.8.0.dist.jar:/usr/lib/eclipse/plugins/org.eclipse.swt_3.8.2.jar:/usr/lib/eclipse/plugins/org.eclipse.jface.text_3.8.1.dist.jar:/usr/lib/eclipse/plugins/org.eclipse.ui.workbench.texteditor_3.8.0.dist.jar:/usr/lib/eclipse/plugins/org.eclipse.ui.editors_3.8.0.dist.jar:/usr/lib/eclipse/plugins/org.eclipse.core.commands_3.6.1.dist.jar:/usr/lib/eclipse/plugins/org.eclipse.equinox.registry_3.5.200.dist.jar:/usr/lib/eclipse/plugins/org.eclipse.ui.console_3.5.100.dist.jar:/usr/lib/eclipse/plugins/org.eclipse.ui.forms_3.5.200.dist.jar:/usr/lib/eclipse/plugins/org.eclipse.ui.ide_3.8.1.dist.jar:/home/travis/build/icyphy/ptII/vendors/oracle/dbxml.jar:/home/travis/build/icyphy/ptII/vendors/oracle/db.jar:/home/travis/build/icyphy/ptII/vendors/misc/itext/iText.jar:/home/travis/build/icyphy/ptII/lib/g4ltl.jar:/home/travis/build/icyphy/ptII/lib/StructuralCoder.jar:/home/travis/build/icyphy/ptII/lib/org-openide-util.jar:/home/travis/build/icyphy/ptII/lib/org-openide-util-lookup.jar:/home/travis/build/icyphy/ptII/lib/org-netbeans-api-visual.jar:/home/travis/build/icyphy/ptII/vendors/jai-1_1_2_01/lib/jai_core.jar:/home/travis/build/icyphy/ptII/vendors/jai-1_1_2_01/lib/jai_codec.jar:/home/travis/build/icyphy/ptII/lib/jcerti.jar:/home/travis/build/icyphy/ptII/lib/smack.jar:/home/travis/build/icyphy/ptII/lib/smackx.jar:/home/travis/build/icyphy/ptII/lib/jetty-all-8.1.5-v20120716.jar:/home/travis/build/icyphy/ptII/lib/javax.servlet-api-3.0.1.jar:/home/travis/build/icyphy/ptII/lib/javax.mail.jar:/home/travis/build/icyphy/ptII/vendors/JMF-2.1.1e/lib/jmf.jar:/home/travis/build/icyphy/ptII/lib/jna-4.0.0-variadic.jar:/home/travis/build/icyphy/ptII/vendors/misc/joystick/Joystick.jar:/home/travis/build/icyphy/ptII/lib/ptjacl.jar:/home/travis/build/icyphy/ptII/lib/jsoup-1.8.2.jar:/home/travis/build/icyphy/ptII/lib/junit-4.8.2.jar:/home/travis/build/icyphy/ptII/lib/JUnitParams-0.4.0.jar:/home/travis/build/icyphy/ptII/ptolemy/actor/lib/excel/jxl.jar:/home/travis/build/icyphy/ptII/lib/jython.jar:/home/travis/build/icyphy/ptII/lib/kieler.jar:/home/travis/build/icyphy/ptII/vendors/opencv/share/OpenCV/java/opencv-341.jar:/home/travis/build/icyphy/ptII/lib/oscP5.jar:/home/travis/build/icyphy/ptII/lib/nrjavaserial-3.11.0.devel.jar:/home/travis/build/icyphy/ptII/vendors/j3d/lib/j3dcore.jar:/home/travis/build/icyphy/ptII/vendors/j3d/lib/j3dutils.jar:/home/travis/build/icyphy/ptII/vendors/j3d/lib/vecmath.jar:/home/travis/build/icyphy/ptII/ptolemy/distributed/jini/jar/jini-core.jar:/home/travis/build/icyphy/ptII/ptolemy/distributed/jini/jar/jini-ext.jar:/home/travis/build/icyphy/ptII/ptolemy/distributed/jini/jar/sun-util.jar:/home/travis/build/icyphy/ptII/lib/protobuf-java-2.4.1.jar:/home/travis/build/icyphy/ptII/lib/org.eclipse.paho.client.mqttv3.jar:/home/travis/build/icyphy/ptII/ptserver/lib/hessian-4.0.7.jar:/home/travis/build/icyphy/ptII/ptserver/lib/wmqtt.jar:/home/travis/build/icyphy/ptII/lib/mapss.jar:/home/travis/build/icyphy/ptII/ptolemy/actor/ptalon/antlr/antlr.jar:/home/travis/build/icyphy/ptII/lib/JRI.jar:/home/travis/build/icyphy/ptII/lib/commons-lang-2.6.jar:/home/travis/build/icyphy/ptII/lib/commons-logging-1.1.1.jar:/home/travis/build/icyphy/ptII/lib/sootclasses.jar:/home/travis/build/icyphy/ptII/ptolemy/actor/lib/database/mysql-connector-java-5.1.6-bin.jar:/home/travis/build/icyphy/ptII/vendors/misc/sphinx4/sphinx4-data-5prealpha.jar:/home/travis/build/icyphy/ptII/vendors/misc/sphinx4/sphinx4-core-5prealpha.jar:/home/travis/build/icyphy/ptII/lib/PDFRenderer.jar:/home/travis/build/icyphy/ptII/lib/svgSalamander.jar:/home/travis/build/icyphy/ptII/lib/rsyntaxtextarea-2.6.0-SNAPSHOT.jar:/home/travis/build/icyphy/ptII/lib/hazelcast-3.8.2.jar:/home/travis/build/icyphy/ptII/lib/jackson-annotations-2.9.0.jar:/home/travis/build/icyphy/ptII/lib/jackson-core-2.9.3.jar:/home/travis/build/icyphy/ptII/lib/jackson-databind-2.9.3.jar:/home/travis/build/icyphy/ptII/lib/netty-buffer-4.1.19.Final.jar:/home/travis/build/icyphy/ptII/lib/netty-codec-4.1.19.Final.jar:/home/travis/build/icyphy/ptII/lib/netty-codec-dns-4.1.19.Final.jar:/home/travis/build/icyphy/ptII/lib/netty-codec-http-4.1.19.Final.jar:/home/travis/build/icyphy/ptII/lib/netty-codec-http2-4.1.19.Final.jar:/home/travis/build/icyphy/ptII/lib/netty-common-4.1.19.Final.jar:/home/travis/build/icyphy/ptII/lib/netty-handler-4.1.19.Final.jar:/home/travis/build/icyphy/ptII/lib/netty-resolver-4.1.19.Final.jar:/home/travis/build/icyphy/ptII/lib/netty-resolver-dns-4.1.19.Final.jar:/home/travis/build/icyphy/ptII/lib/netty-transport-4.1.19.Final.jar:/home/travis/build/icyphy/ptII/lib/vertx-codegen-3.5.1.jar:/home/travis/build/icyphy/ptII/lib/vertx-core-3.5.2-SNAPSHOT.jar:/home/travis/build/icyphy/ptII/lib/vertx-hazelcast-3.5.1.jar:/home/travis/build/icyphy/ptII/lib/vertx-lang-js-3.5.1.jar:/home/travis/build/icyphy/ptII/lib/vertx-service-proxy-3.5.1.jar:/home/travis/build/icyphy/ptII/lib/vertx-web-3.5.1.jar:/home/travis/build/icyphy/ptII/lib/slf4j-api-1.7.13.jar:/home/travis/build/icyphy/ptII/lib/slf4j-simple-1.7.13.jar:/home/travis/build/icyphy/ptII/lib/webcam-capture-0.3.12.jar:/home/travis/build/icyphy/ptII/lib/bridj-0.7.0.jar:/home/travis/build/icyphy/ptII/lib/xbjlib-1.1.0.nrjavaserial.jar:/home/travis/build/icyphy/ptII/ptolemy/moml/test:/home/travis/build/icyphy/ptII/ant/lib/ant-launcher.jar:/home/travis/build/icyphy/ptII/ant/lib/ant.jar:/home/travis/build/icyphy/ptII/ant/lib/ant-junit.jar:/home/travis/build/icyphy/ptII/ant/lib/ant-junit4.jar" />
    <property name="ant.library.dir" value="/home/travis/build/icyphy/ptII/ant/lib" />
    <property name="os.arch" value="amd64" />
    <property name="env.TRAVIS_LANGUAGE" value="node_js" />
    <property name="env.CONTINUOUS_INTEGRATION" value="true" />
    <property name="env.TRAVIS_STACK_LANGUAGES" value="__garnet__ c c++ clojure cplusplus cpp default go groovy java node_js php pure_java python ruby scala" />
    <property name="test.name" value="ptolemy.actor.lib.test.junit.JUnitTclTest" />
    <property name="sun.java.launcher" value="SUN_STANDARD" />
    <property name="env.PYTHON_CONFIGURE_OPTS" value="--enable-unicode=ucs4 --with-wide-unicode --enable-shared --enable-ipv6 --enable-loadable-sqlite-extensions --with-computed-gotos" />
    <property name="ant.core.lib" value="/home/travis/build/icyphy/ptII/ant/lib/ant.jar" />
    <property name="java.vm.specification.vendor" value="Oracle Corporation" />
    <property name="env.BCVTB_HOME" value="/home/travis/build/icyphy/ptII/lbnl" />
    <property name="file.separator" value="/" />
    <property name="java.runtime.version" value="1.8.0_151-b12" />
    <property name="spotbugs.home" value="/home/travis/build/icyphy/ptII/vendors/spotbugs-3.1.1" />
    <property name="sun.boot.class.path" value="/usr/lib/jvm/java-8-oracle/jre/lib/resources.jar:/usr/lib/jvm/java-8-oracle/jre/lib/rt.jar:/usr/lib/jvm/java-8-oracle/jre/lib/sunrsasign.jar:/usr/lib/jvm/java-8-oracle/jre/lib/jsse.jar:/usr/lib/jvm/java-8-oracle/jre/lib/jce.jar:/usr/lib/jvm/java-8-oracle/jre/lib/charsets.jar:/usr/lib/jvm/java-8-oracle/jre/lib/jfr.jar:/usr/lib/jvm/java-8-oracle/jre/classes" />
    <property name="env.HAS_JOSH_K_SEAL_OF_APPROVAL" value="true" />
    <property name="env.TRAVIS_OSX_IMAGE" value="" />
    <property name="env.XDG_RUNTIME_DIR" value="/run/user/2000" />
    <property name="env.TRAVIS_BRANCH" value="master" />
    <property name="env.TRAVIS_JOB_ID" value="391986366" />
    <property name="env.CERTI_HOME_TRAVIS" value="/home/travis/pthla/certi-tools" />
    <property name="user.country" value="US" />
    <property name="env.SHELL" value="/bin/bash" />
    <property name="java.maxmemory.large" value="5000m" />
    <property name="model" value="" />
    <property name="env.CASHER_DIR" value="/home/travis/.casher" />
    <property name="env.NVM_CD_FLAGS" value="" />
    <property name="jshint.executable" value="/home/travis/node_modules/jshint/bin/jshint" />
    <property name="java.vendor" value="Oracle Corporation" />
    <property name="env.JRUBY_OPTS" value=" --client -J-XX:+TieredCompilation -J-XX:TieredStopAtLevel=1 -J-Xss2m -Xcompile.invokedynamic=false" />
    <property name="env.TRAVIS_PRE_CHEF_BOOTSTRAP_TIME" value="2017-12-05T19:32:55" />
    <property name="env.TRAVIS_STACK_JOB_BOARD_REGISTER" value="/.job-board-register.yml" />
    <property name="env.ELIXIR_VERSION" value="1.4.5" />
    <property name="java.specification.version" value="1.8" />
    <property name="env.IRBRC" value="/home/travis/.rvm/rubies/ruby-2.4.1/.irbrc" />
    <property name="env.TRAVIS" value="true" />
    <property name="sun.arch.data.model" value="64" />
  </properties>
  <testcase classname="ptolemy.util.test.junit.TclTests" name="[0] /home/travis/build/icyphy/ptII/ptolemy/actor/lib/test/AbsoluteValue.tcl (RunTclFile)" time="0.477" />
  <testcase classname="ptolemy.util.test.junit.TclTests" name="[1] /home/travis/build/icyphy/ptII/ptolemy/actor/lib/test/AddSubtract.tcl (RunTclFile)" time="0.067" />
  <testcase classname="ptolemy.util.test.junit.TclTests" name="[2] /home/travis/build/icyphy/ptII/ptolemy/actor/lib/test/Average.tcl (RunTclFile)" time="0.035" />
  <testcase classname="ptolemy.util.test.junit.TclTests" name="[3] /home/travis/build/icyphy/ptII/ptolemy/actor/lib/test/Bernoulli.tcl (RunTclFile)" time="0.017" />
  <testcase classname="ptolemy.util.test.junit.TclTests" name="[4] /home/travis/build/icyphy/ptII/ptolemy/actor/lib/test/Clock.tcl (RunTclFile)" time="0.083" />
  <testcase classname="ptolemy.util.test.junit.TclTests" name="[5] /home/travis/build/icyphy/ptII/ptolemy/actor/lib/test/Commutator.tcl (RunTclFile)" time="0.109" />
  <testcase classname="ptolemy.util.test.junit.TclTests" name="[6] /home/travis/build/icyphy/ptII/ptolemy/actor/lib/test/Const.tcl (RunTclFile)" time="0.079" />
  <testcase classname="ptolemy.util.test.junit.TclTests" name="[7] /home/travis/build/icyphy/ptII/ptolemy/actor/lib/test/CurrentTime.tcl (RunTclFile)" time="0.019" />
  <testcase classname="ptolemy.util.test.junit.TclTests" name="[8] /home/travis/build/icyphy/ptII/ptolemy/actor/lib/test/DB.tcl (RunTclFile)" time="0.021" />
  <testcase classname="ptolemy.util.test.junit.TclTests" name="[9] /home/travis/build/icyphy/ptII/ptolemy/actor/lib/test/DiscreteRandomSource.tcl (RunTclFile)" time="0.028" />
  <testcase classname="ptolemy.util.test.junit.TclTests" name="[10] /home/travis/build/icyphy/ptII/ptolemy/actor/lib/test/Distributor.tcl (RunTclFile)" time="0.072" />
  <testcase classname="ptolemy.util.test.junit.TclTests" name="[11] /home/travis/build/icyphy/ptII/ptolemy/actor/lib/test/Exit.tcl (RunTclFile)" time="0.074" />
  <testcase classname="ptolemy.util.test.junit.TclTests" name="[12] /home/travis/build/icyphy/ptII/ptolemy/actor/lib/test/Expression.tcl (RunTclFile)" time="0.141" />
  <testcase classname="ptolemy.util.test.junit.TclTests" name="[13] /home/travis/build/icyphy/ptII/ptolemy/actor/lib/test/Gaussian.tcl (RunTclFile)" time="0.615" />
  <testcase classname="ptolemy.util.test.junit.TclTests" name="[14] /home/travis/build/icyphy/ptII/ptolemy/actor/lib/test/IIR.tcl (RunTclFile)" time="0.037" />
  <testcase classname="ptolemy.util.test.junit.TclTests" name="[15] /home/travis/build/icyphy/ptII/ptolemy/actor/lib/test/Interpolator.tcl (RunTclFile)" time="0.058" />
  <testcase classname="ptolemy.util.test.junit.TclTests" name="[16] /home/travis/build/icyphy/ptII/ptolemy/actor/lib/test/MathFunction.tcl (RunTclFile)" time="0.063" />
  <testcase classname="ptolemy.util.test.junit.TclTests" name="[17] /home/travis/build/icyphy/ptII/ptolemy/actor/lib/test/Maximum.tcl (RunTclFile)" time="0.052" />
  <testcase classname="ptolemy.util.test.junit.TclTests" name="[18] /home/travis/build/icyphy/ptII/ptolemy/actor/lib/test/Minimum.tcl (RunTclFile)" time="0.037" />
  <testcase classname="ptolemy.util.test.junit.TclTests" name="[19] /home/travis/build/icyphy/ptII/ptolemy/actor/lib/test/MultiplyDivide.tcl (RunTclFile)" time="0.041" />
  <testcase classname="ptolemy.util.test.junit.TclTests" name="[20] /home/travis/build/icyphy/ptII/ptolemy/actor/lib/test/OrderedMerge.tcl (RunTclFile)" time="0.101" />
  <testcase classname="ptolemy.util.test.junit.TclTests" name="[21] /home/travis/build/icyphy/ptII/ptolemy/actor/lib/test/Publisher.tcl (RunTclFile)" time="0.645" />
  <testcase classname="ptolemy.util.test.junit.TclTests" name="[22] /home/travis/build/icyphy/ptII/ptolemy/actor/lib/test/Pulse.tcl (RunTclFile)" time="0.065" />
  <testcase classname="ptolemy.util.test.junit.TclTests" name="[23] /home/travis/build/icyphy/ptII/ptolemy/actor/lib/test/Ramp.tcl (RunTclFile)" time="1.858" />
  <testcase classname="ptolemy.util.test.junit.TclTests" name="[24] /home/travis/build/icyphy/ptII/ptolemy/actor/lib/test/RampContinuous.tcl (RunTclFile)" time="0.022" />
  <testcase classname="ptolemy.util.test.junit.TclTests" name="[25] /home/travis/build/icyphy/ptII/ptolemy/actor/lib/test/RecordAssembler.tcl (RunTclFile)" time="0.019" />
  <testcase classname="ptolemy.util.test.junit.TclTests" name="[26] /home/travis/build/icyphy/ptII/ptolemy/actor/lib/test/RecordDisassembler.tcl (RunTclFile)" time="0.029" />
  <testcase classname="ptolemy.util.test.junit.TclTests" name="[27] /home/travis/build/icyphy/ptII/ptolemy/actor/lib/test/Scale.tcl (RunTclFile)" time="0.018" />
  <testcase classname="ptolemy.util.test.junit.TclTests" name="[28] /home/travis/build/icyphy/ptII/ptolemy/actor/lib/test/SequentialClock.tcl (RunTclFile)" time="0.012" />
  <testcase classname="ptolemy.util.test.junit.TclTests" name="[29] /home/travis/build/icyphy/ptII/ptolemy/actor/lib/test/SetVariable.tcl (RunTclFile)" time="0.013" />
  <testcase classname="ptolemy.util.test.junit.TclTests" name="[30] /home/travis/build/icyphy/ptII/ptolemy/actor/lib/test/Sinewave.tcl (RunTclFile)" time="0.053" />
  <testcase classname="ptolemy.util.test.junit.TclTests" name="[31] /home/travis/build/icyphy/ptII/ptolemy/actor/lib/test/SubscriptionAggregator.tcl (RunTclFile)" time="1.936" />
  <testcase classname="ptolemy.util.test.junit.TclTests" name="[32] /home/travis/build/icyphy/ptII/ptolemy/actor/lib/test/Test.tcl (RunTclFile)" time="0.103" />
  <testcase classname="ptolemy.util.test.junit.TclTests" name="[33] /home/travis/build/icyphy/ptII/ptolemy/actor/lib/test/TestExceptionHandler.tcl (RunTclFile)" time="0.011" />
  <testcase classname="ptolemy.util.test.junit.TclTests" name="[34] /home/travis/build/icyphy/ptII/ptolemy/actor/lib/test/UnionDisassembler.tcl (RunTclFile)" time="0.067" />
  <testcase classname="ptolemy.util.test.junit.TclTests" name="[35] /home/travis/build/icyphy/ptII/ptolemy/actor/lib/test/VariableClock.tcl (RunTclFile)" time="0.029" />
  <testcase classname="ptolemy.util.test.junit.AutoKnownFailedTests" name="[0] /home/travis/build/icyphy/ptII/ptolemy/actor/lib/test/auto/knownFailedTests/PublisherPortToplevelSubscriber.xml (RunModel)" time="0.015" />
  <testcase classname="ptolemy.util.test.junit.AutoKnownFailedTests" name="[1] /home/travis/build/icyphy/ptII/ptolemy/actor/lib/test/auto/knownFailedTests/PublisherSubscriberPortToplevel.xml (RunModel)" time="0.02" />
  <testcase classname="ptolemy.util.test.junit.AutoKnownFailedTests" name="[2] /home/travis/build/icyphy/ptII/ptolemy/actor/lib/test/auto/knownFailedTests/PublisherSubscriptionAggregatorPort.xml (RunModel)" time="0.024" />
  <testcase classname="ptolemy.util.test.junit.AutoKnownFailedTests" name="[3] /home/travis/build/icyphy/ptII/ptolemy/actor/lib/test/auto/knownFailedTests/sizedarray3.xml (RunModel)" time="0.044" />
  <testcase classname="ptolemy.util.test.junit.AutoNameArchTests" name="[0] ThereAreNoAutoArchTests (RunModel)" time="0.016" />
  <testcase classname="ptolemy.util.test.junit.AutoTests" name="[0] /home/travis/build/icyphy/ptII/ptolemy/actor/lib/test/auto/AbsoluteValue.xml (RunModel)" time="0.105" />
  <testcase classname="ptolemy.util.test.junit.AutoTests" name="[1] /home/travis/build/icyphy/ptII/ptolemy/actor/lib/test/auto/AbsoluteValue2.xml (RunModel)" time="0.051" />
  <testcase classname="ptolemy.util.test.junit.AutoTests" name="[2] /home/travis/build/icyphy/ptII/ptolemy/actor/lib/test/auto/Accumulator.xml (RunModel)" time="0.065" />
  <testcase classname="ptolemy.util.test.junit.AutoTests" name="[3] /home/travis/build/icyphy/ptII/ptolemy/actor/lib/test/auto/Accumulator2.xml (RunModel)" time="0.037" />
  <testcase classname="ptolemy.util.test.junit.AutoTests" name="[4] /home/travis/build/icyphy/ptII/ptolemy/actor/lib/test/auto/Accumulator3.xml (RunModel)" time="0.033" />
  <testcase classname="ptolemy.util.test.junit.AutoTests" name="[5] /home/travis/build/icyphy/ptII/ptolemy/actor/lib/test/auto/ArrayAppend.xml (RunModel)" time="0.039" />
  <testcase classname="ptolemy.util.test.junit.AutoTests" name="[6] /home/travis/build/icyphy/ptII/ptolemy/actor/lib/test/auto/ArrayAppend2.xml (RunModel)" time="0.693" />
  <testcase classname="ptolemy.util.test.junit.AutoTests" name="[7] /home/travis/build/icyphy/ptII/ptolemy/actor/lib/test/auto/ArrayAppend3.xml (RunModel)" time="0.03" />
  <testcase classname="ptolemy.util.test.junit.AutoTests" name="[8] /home/travis/build/icyphy/ptII/ptolemy/actor/lib/test/auto/ArrayAppend4.xml (RunModel)" time="0.025" />
  <testcase classname="ptolemy.util.test.junit.AutoTests" name="[9] /home/travis/build/icyphy/ptII/ptolemy/actor/lib/test/auto/ArrayAppend5.xml (RunModel)" time="0.037" />
  <testcase classname="ptolemy.util.test.junit.AutoTests" name="[10] /home/travis/build/icyphy/ptII/ptolemy/actor/lib/test/auto/ArrayAppend6.xml (RunModel)" time="0.022" />
  <testcase classname="ptolemy.util.test.junit.AutoTests" name="[11] /home/travis/build/icyphy/ptII/ptolemy/actor/lib/test/auto/ArrayAppendPerformanceTest.xml (RunModel)" time="0.046" />
  <testcase classname="ptolemy.util.test.junit.AutoTests" name="[12] /home/travis/build/icyphy/ptII/ptolemy/actor/lib/test/auto/ArrayAppendWithEmptyInput.xml (RunModel)" time="0.073" />
  <testcase classname="ptolemy.util.test.junit.AutoTests" name="[13] /home/travis/build/icyphy/ptII/ptolemy/actor/lib/test/auto/ArrayAverage.xml (RunModel)" time="0.063" />
  <testcase classname="ptolemy.util.test.junit.AutoTests" name="[14] /home/travis/build/icyphy/ptII/ptolemy/actor/lib/test/auto/ArrayContains.xml (RunModel)" time="0.032" />
  <testcase classname="ptolemy.util.test.junit.AutoTests" name="[15] /home/travis/build/icyphy/ptII/ptolemy/actor/lib/test/auto/ArrayElement.xml (RunModel)" time="0.037" />
  <testcase classname="ptolemy.util.test.junit.AutoTests" name="[16] /home/travis/build/icyphy/ptII/ptolemy/actor/lib/test/auto/ArrayElementAsMatrix.xml (RunModel)" time="0.052" />
  <testcase classname="ptolemy.util.test.junit.AutoTests" name="[17] /home/travis/build/icyphy/ptII/ptolemy/actor/lib/test/auto/ArrayElementI.xml (RunModel)" time="0.024" />
  <testcase classname="ptolemy.util.test.junit.AutoTests" name="[18] /home/travis/build/icyphy/ptII/ptolemy/actor/lib/test/auto/ArrayExtract.xml (RunModel)" time="0.025" />
  <testcase classname="ptolemy.util.test.junit.AutoTests" name="[19] /home/travis/build/icyphy/ptII/ptolemy/actor/lib/test/auto/ArrayExtract2.xml (RunModel)" time="0.017" />
  <testcase classname="ptolemy.util.test.junit.AutoTests" name="[20] /home/travis/build/icyphy/ptII/ptolemy/actor/lib/test/auto/ArrayLength.xml (RunModel)" time="0.022" />
  <testcase classname="ptolemy.util.test.junit.AutoTests" name="[21] /home/travis/build/icyphy/ptII/ptolemy/actor/lib/test/auto/ArrayLevelCrossing.xml (RunModel)" time="0.026" />
  <testcase classname="ptolemy.util.test.junit.AutoTests" name="[22] /home/travis/build/icyphy/ptII/ptolemy/actor/lib/test/auto/ArrayLevelCrossing2.xml (RunModel)" time="0.023" />
  <testcase classname="ptolemy.util.test.junit.AutoTests" name="[23] /home/travis/build/icyphy/ptII/ptolemy/actor/lib/test/auto/ArrayPeakSearch.xml (RunModel)" time="0.031" />
  <testcase classname="ptolemy.util.test.junit.AutoTests" name="[24] /home/travis/build/icyphy/ptII/ptolemy/actor/lib/test/auto/ArrayPeakSearch2.xml (RunModel)" time="0.034" />
  <testcase classname="ptolemy.util.test.junit.AutoTests" name="[25] /home/travis/build/icyphy/ptII/ptolemy/actor/lib/test/auto/ArrayPeakSearch3.xml (RunModel)" time="0.029" />
  <testcase classname="ptolemy.util.test.junit.AutoTests" name="[26] /home/travis/build/icyphy/ptII/ptolemy/actor/lib/test/auto/ArrayRemoveElement.xml (RunModel)" time="0.077" />
  <testcase classname="ptolemy.util.test.junit.AutoTests" name="[27] /home/travis/build/icyphy/ptII/ptolemy/actor/lib/test/auto/ArraySort.xml (RunModel)" time="0.04" />
  <testcase classname="ptolemy.util.test.junit.AutoTests" name="[28] /home/travis/build/icyphy/ptII/ptolemy/actor/lib/test/auto/ArraySum.xml (RunModel)" time="0.014" />
  <testcase classname="ptolemy.util.test.junit.AutoTests" name="[29] /home/travis/build/icyphy/ptII/ptolemy/actor/lib/test/auto/ArrayToElements.xml (RunModel)" time="0.026" />
  <testcase classname="ptolemy.util.test.junit.AutoTests" name="[30] /home/travis/build/icyphy/ptII/ptolemy/actor/lib/test/auto/ArrayToMatrix.xml (RunModel)" time="0.063" />
  <testcase classname="ptolemy.util.test.junit.AutoTests" name="[31] /home/travis/build/icyphy/ptII/ptolemy/actor/lib/test/auto/ArrayUpdate1.xml (RunModel)" time="0.027" />
  <testcase classname="ptolemy.util.test.junit.AutoTests" name="[32] /home/travis/build/icyphy/ptII/ptolemy/actor/lib/test/auto/ArrayUpdate2.xml (RunModel)" time="0.021" />
  <testcase classname="ptolemy.util.test.junit.AutoTests" name="[33] /home/travis/build/icyphy/ptII/ptolemy/actor/lib/test/auto/ArrayUpdate3.xml (RunModel)" time="0.018" />
  <testcase classname="ptolemy.util.test.junit.AutoTests" name="[34] /home/travis/build/icyphy/ptII/ptolemy/actor/lib/test/auto/Assert1.xml (RunModel)" time="0.021" />
  <testcase classname="ptolemy.util.test.junit.AutoTests" name="[35] /home/travis/build/icyphy/ptII/ptolemy/actor/lib/test/auto/Assert2.xml (RunModel)" time="0.014" />
  <testcase classname="ptolemy.util.test.junit.AutoTests" name="[36] /home/travis/build/icyphy/ptII/ptolemy/actor/lib/test/auto/BooleanMultiplexor.xml (RunModel)" time="0.021" />
  <testcase classname="ptolemy.util.test.junit.AutoTests" name="[37] /home/travis/build/icyphy/ptII/ptolemy/actor/lib/test/auto/BooleanMultiplexor2.xml (RunModel)" time="0.029" />
  <testcase classname="ptolemy.util.test.junit.AutoTests" name="[38] /home/travis/build/icyphy/ptII/ptolemy/actor/lib/test/auto/BooleanMultiplexor3.xml (RunModel)" time="0.021" />
  <testcase classname="ptolemy.util.test.junit.AutoTests" name="[39] /home/travis/build/icyphy/ptII/ptolemy/actor/lib/test/auto/BooleanSelect.xml (RunModel)" time="0.026" />
  <testcase classname="ptolemy.util.test.junit.AutoTests" name="[40] /home/travis/build/icyphy/ptII/ptolemy/actor/lib/test/auto/BooleanSelect2.xml (RunModel)" time="0.014" />
  <testcase classname="ptolemy.util.test.junit.AutoTests" name="[41] /home/travis/build/icyphy/ptII/ptolemy/actor/lib/test/auto/BooleanSwitch.xml (RunModel)" time="0.019" />
  <testcase classname="ptolemy.util.test.junit.AutoTests" name="[42] /home/travis/build/icyphy/ptII/ptolemy/actor/lib/test/auto/BooleanSwitch2.xml (RunModel)" time="0.013" />
  <testcase classname="ptolemy.util.test.junit.AutoTests" name="[43] /home/travis/build/icyphy/ptII/ptolemy/actor/lib/test/auto/BooleanSwitchCloningBugWithClassRelationGroup.xml (RunModel)" time="0.027" />
  <testcase classname="ptolemy.util.test.junit.AutoTests" name="[44] /home/travis/build/icyphy/ptII/ptolemy/actor/lib/test/auto/BusActors.xml (RunModel)" time="0.025" />
  <testcase classname="ptolemy.util.test.junit.AutoTests" name="[45] /home/travis/build/icyphy/ptII/ptolemy/actor/lib/test/auto/ClassWrapper.xml (RunModel)" time="0.012" />
  <testcase classname="ptolemy.util.test.junit.AutoTests" name="[46] /home/travis/build/icyphy/ptII/ptolemy/actor/lib/test/auto/Clock.xml (RunModel)" time="0.008" />
  <testcase classname="ptolemy.util.test.junit.AutoTests" name="[47] /home/travis/build/icyphy/ptII/ptolemy/actor/lib/test/auto/Clock10.xml (RunModel)" time="0.013" />
  <testcase classname="ptolemy.util.test.junit.AutoTests" name="[48] /home/travis/build/icyphy/ptII/ptolemy/actor/lib/test/auto/Clock11.xml (RunModel)" time="0.011" />
  <testcase classname="ptolemy.util.test.junit.AutoTests" name="[49] /home/travis/build/icyphy/ptII/ptolemy/actor/lib/test/auto/Clock12.xml (RunModel)" time="0.011" />
  <testcase classname="ptolemy.util.test.junit.AutoTests" name="[50] /home/travis/build/icyphy/ptII/ptolemy/actor/lib/test/auto/Clock13.xml (RunModel)" time="0.015" />
  <testcase classname="ptolemy.util.test.junit.AutoTests" name="[51] /home/travis/build/icyphy/ptII/ptolemy/actor/lib/test/auto/Clock14.xml (RunModel)" time="0.016" />
  <testcase classname="ptolemy.util.test.junit.AutoTests" name="[52] /home/travis/build/icyphy/ptII/ptolemy/actor/lib/test/auto/Clock15.xml (RunModel)" time="0.015" />
  <testcase classname="ptolemy.util.test.junit.AutoTests" name="[53] /home/travis/build/icyphy/ptII/ptolemy/actor/lib/test/auto/Clock16.xml (RunModel)" time="0.077" />
  <testcase classname="ptolemy.util.test.junit.AutoTests" name="[54] /home/travis/build/icyphy/ptII/ptolemy/actor/lib/test/auto/Clock17.xml (RunModel)" time="0.081" />
  <testcase classname="ptolemy.util.test.junit.AutoTests" name="[55] /home/travis/build/icyphy/ptII/ptolemy/actor/lib/test/auto/Clock18.xml (RunModel)" time="0.047" />
  <testcase classname="ptolemy.util.test.junit.AutoTests" name="[56] /home/travis/build/icyphy/ptII/ptolemy/actor/lib/test/auto/Clock19.xml (RunModel)" time="0.048" />
  <testcase classname="ptolemy.util.test.junit.AutoTests" name="[57] /home/travis/build/icyphy/ptII/ptolemy/actor/lib/test/auto/Clock2.xml (RunModel)" time="0.014" />
  <testcase classname="ptolemy.util.test.junit.AutoTests" name="[58] /home/travis/build/icyphy/ptII/ptolemy/actor/lib/test/auto/Clock20.xml (RunModel)" time="0.019" />
  <testcase classname="ptolemy.util.test.junit.AutoTests" name="[59] /home/travis/build/icyphy/ptII/ptolemy/actor/lib/test/auto/Clock21.xml (RunModel)" time="0.011" />
  <testcase classname="ptolemy.util.test.junit.AutoTests" name="[60] /home/travis/build/icyphy/ptII/ptolemy/actor/lib/test/auto/Clock22.xml (RunModel)" time="0.01" />
  <testcase classname="ptolemy.util.test.junit.AutoTests" name="[61] /home/travis/build/icyphy/ptII/ptolemy/actor/lib/test/auto/Clock23.xml (RunModel)" time="0.014" />
  <testcase classname="ptolemy.util.test.junit.AutoTests" name="[62] /home/travis/build/icyphy/ptII/ptolemy/actor/lib/test/auto/Clock24.xml (RunModel)" time="0.019" />
  <testcase classname="ptolemy.util.test.junit.AutoTests" name="[63] /home/travis/build/icyphy/ptII/ptolemy/actor/lib/test/auto/Clock4.xml (RunModel)" time="0.013" />
  <testcase classname="ptolemy.util.test.junit.AutoTests" name="[64] /home/travis/build/icyphy/ptII/ptolemy/actor/lib/test/auto/Clock5.xml (RunModel)" time="0.015" />
  <testcase classname="ptolemy.util.test.junit.AutoTests" name="[65] /home/travis/build/icyphy/ptII/ptolemy/actor/lib/test/auto/Clock6.xml (RunModel)" time="0.01" />
  <testcase classname="ptolemy.util.test.junit.AutoTests" name="[66] /home/travis/build/icyphy/ptII/ptolemy/actor/lib/test/auto/Clock7.xml (RunModel)" time="0.01" />
  <testcase classname="ptolemy.util.test.junit.AutoTests" name="[67] /home/travis/build/icyphy/ptII/ptolemy/actor/lib/test/auto/Clock8.xml (RunModel)" time="0.012" />
  <testcase classname="ptolemy.util.test.junit.AutoTests" name="[68] /home/travis/build/icyphy/ptII/ptolemy/actor/lib/test/auto/Clock9.xml (RunModel)" time="0.016" />
  <testcase classname="ptolemy.util.test.junit.AutoTests" name="[69] /home/travis/build/icyphy/ptII/ptolemy/actor/lib/test/auto/CommDistDiscard.xml (RunModel)" time="0.02" />
  <testcase classname="ptolemy.util.test.junit.AutoTests" name="[70] /home/travis/build/icyphy/ptII/ptolemy/actor/lib/test/auto/Commutator.xml (RunModel)" time="0.016" />
  <testcase classname="ptolemy.util.test.junit.AutoTests" name="[71] /home/travis/build/icyphy/ptII/ptolemy/actor/lib/test/auto/Commutator2.xml (RunModel)" time="0.012" />
  <testcase classname="ptolemy.util.test.junit.AutoTests" name="[72] /home/travis/build/icyphy/ptII/ptolemy/actor/lib/test/auto/Commutator3.xml (RunModel)" time="0.014" />
  <testcase classname="ptolemy.util.test.junit.AutoTests" name="[73] /home/travis/build/icyphy/ptII/ptolemy/actor/lib/test/auto/Compare.xml (RunModel)" time="0.021" />
  <testcase classname="ptolemy.util.test.junit.AutoTests" name="[74] /home/travis/build/icyphy/ptII/ptolemy/actor/lib/test/auto/CompareDE.xml (RunModel)" time="0.019" />
  <testcase classname="ptolemy.util.test.junit.AutoTests" name="[75] /home/travis/build/icyphy/ptII/ptolemy/actor/lib/test/auto/ComplexDivide.xml (RunModel)" time="0.011" />
  <testcase classname="ptolemy.util.test.junit.AutoTests" name="[76] /home/travis/build/icyphy/ptII/ptolemy/actor/lib/test/auto/ComputeHistogram.xml (RunModel)" time="0.072" />
  <testcase classname="ptolemy.util.test.junit.AutoTests" name="[77] /home/travis/build/icyphy/ptII/ptolemy/actor/lib/test/auto/ConfigurationSelect.xml (RunModel)" time="0.022" />
  <testcase classname="ptolemy.util.test.junit.AutoTests" name="[78] /home/travis/build/icyphy/ptII/ptolemy/actor/lib/test/auto/ConfigurationSelect2.xml (RunModel)" time="0.017" />
  <testcase classname="ptolemy.util.test.junit.AutoTests" name="[79] /home/travis/build/icyphy/ptII/ptolemy/actor/lib/test/auto/ConfigurationSwitch.xml (RunModel)" time="0.026" />
  <testcase classname="ptolemy.util.test.junit.AutoTests" name="[80] /home/travis/build/icyphy/ptII/ptolemy/actor/lib/test/auto/ConfigurationSwitch2.xml (RunModel)" time="0.021" />
  <testcase classname="ptolemy.util.test.junit.AutoTests" name="[81] /home/travis/build/icyphy/ptII/ptolemy/actor/lib/test/auto/ConfigurationSwitchCloningBugWithClassRelationGroup.xml (RunModel)" time="0.02" />
  <testcase classname="ptolemy.util.test.junit.AutoTests" name="[82] /home/travis/build/icyphy/ptII/ptolemy/actor/lib/test/auto/ConfigurationSwitchSelectSDF.xml (RunModel)" time="0.039" />
  <testcase classname="ptolemy.util.test.junit.AutoTests" name="[83] /home/travis/build/icyphy/ptII/ptolemy/actor/lib/test/auto/ConfigurationSwitchSelectSDF2.xml (RunModel)" time="0.013" />
  <testcase classname="ptolemy.util.test.junit.AutoTests" name="[84] /home/travis/build/icyphy/ptII/ptolemy/actor/lib/test/auto/Const.xml (RunModel)" time="0.006" />
  <testcase classname="ptolemy.util.test.junit.AutoTests" name="[85] /home/travis/build/icyphy/ptII/ptolemy/actor/lib/test/auto/Const2.xml (RunModel)" time="0.008" />
  <testcase classname="ptolemy.util.test.junit.AutoTests" name="[86] /home/travis/build/icyphy/ptII/ptolemy/actor/lib/test/auto/Const3.xml (RunModel)" time="0.006" />
  <testcase classname="ptolemy.util.test.junit.AutoTests" name="[87] /home/travis/build/icyphy/ptII/ptolemy/actor/lib/test/auto/ConstantPublisherPort1.xml (RunModel)" time="0.018" />
  <testcase classname="ptolemy.util.test.junit.AutoTests" name="[88] /home/travis/build/icyphy/ptII/ptolemy/actor/lib/test/auto/ConstantPublisherPort2.xml (RunModel)" time="0.016" />
  <testcase classname="ptolemy.util.test.junit.AutoTests" name="[89] /home/travis/build/icyphy/ptII/ptolemy/actor/lib/test/auto/ConstantPublisherPort3.xml (RunModel)" time="0.016" />
  <testcase classname="ptolemy.util.test.junit.AutoTests" name="[90] /home/travis/build/icyphy/ptII/ptolemy/actor/lib/test/auto/ConstantPublisherPort4.xml (RunModel)" time="0.015" />
  <testcase classname="ptolemy.util.test.junit.AutoTests" name="[91] /home/travis/build/icyphy/ptII/ptolemy/actor/lib/test/auto/ConstantPublisherPort5.xml (RunModel)" time="0.052" />
  <testcase classname="ptolemy.util.test.junit.AutoTests" name="[92] /home/travis/build/icyphy/ptII/ptolemy/actor/lib/test/auto/ConstantPublisherPort6.xml (RunModel)" time="0.031" />
  <testcase classname="ptolemy.util.test.junit.AutoTests" name="[93] /home/travis/build/icyphy/ptII/ptolemy/actor/lib/test/auto/ConstantPublisherPort7.xml (RunModel)" time="0.032" />
  <testcase classname="ptolemy.util.test.junit.AutoTests" name="[94] /home/travis/build/icyphy/ptII/ptolemy/actor/lib/test/auto/ConstraintMonitor1.xml (RunModel)" time="0.034" />
  <testcase classname="ptolemy.util.test.junit.AutoTests" name="[95] /home/travis/build/icyphy/ptII/ptolemy/actor/lib/test/auto/ConstraintMonitor2.xml (RunModel)" time="0.014" />
  <testcase classname="ptolemy.util.test.junit.AutoTests" name="[96] /home/travis/build/icyphy/ptII/ptolemy/actor/lib/test/auto/ConstraintMonitor3.xml (RunModel)" time="0.01" />
  <testcase classname="ptolemy.util.test.junit.AutoTests" name="[97] /home/travis/build/icyphy/ptII/ptolemy/actor/lib/test/auto/ConstraintMonitor4.xml (RunModel)" time="0.011" />
  <testcase classname="ptolemy.util.test.junit.AutoTests" name="[98] /home/travis/build/icyphy/ptII/ptolemy/actor/lib/test/auto/ConstraintMonitor5.xml (RunModel)" time="0.019" />
  <testcase classname="ptolemy.util.test.junit.AutoTests" name="[99] /home/travis/build/icyphy/ptII/ptolemy/actor/lib/test/auto/ConstraintMonitor6.xml (RunModel)" time="0.012" />
  <testcase classname="ptolemy.util.test.junit.AutoTests" name="[100] /home/travis/build/icyphy/ptII/ptolemy/actor/lib/test/auto/ConstraintMonitor7.xml (RunModel)" time="0.018" />
  <testcase classname="ptolemy.util.test.junit.AutoTests" name="[101] /home/travis/build/icyphy/ptII/ptolemy/actor/lib/test/auto/ConstraintMonitor8.xml (RunModel)" time="0.02" />
  <testcase classname="ptolemy.util.test.junit.AutoTests" name="[102] /home/travis/build/icyphy/ptII/ptolemy/actor/lib/test/auto/Counter.xml (RunModel)" time="0.012" />
  <testcase classname="ptolemy.util.test.junit.AutoTests" name="[103] /home/travis/build/icyphy/ptII/ptolemy/actor/lib/test/auto/CurrentTimeSDF.xml (RunModel)" time="0.009" />
  <testcase classname="ptolemy.util.test.junit.AutoTests" name="[104] /home/travis/build/icyphy/ptII/ptolemy/actor/lib/test/auto/DB.xml (RunModel)" time="0.011" />
  <testcase classname="ptolemy.util.test.junit.AutoTests" name="[105] /home/travis/build/icyphy/ptII/ptolemy/actor/lib/test/auto/DBDE.xml (RunModel)" time="0.012" />
  <testcase classname="ptolemy.util.test.junit.AutoTests" name="[106] /home/travis/build/icyphy/ptII/ptolemy/actor/lib/test/auto/DateConstructor.xml (RunModel)" time="0.04" />
  <testcase classname="ptolemy.util.test.junit.AutoTests" name="[107] /home/travis/build/icyphy/ptII/ptolemy/actor/lib/test/auto/DelayTime.xml (RunModel)" time="0.013" />
  <testcase classname="ptolemy.util.test.junit.AutoTests" name="[108] /home/travis/build/icyphy/ptII/ptolemy/actor/lib/test/auto/Dictionary1.xml (RunModel)" time="0.016" />
  <testcase classname="ptolemy.util.test.junit.AutoTests" name="[109] /home/travis/build/icyphy/ptII/ptolemy/actor/lib/test/auto/Dictionary2.xml (RunModel)" time="0.013" />
  <testcase classname="ptolemy.util.test.junit.AutoTests" name="[110] /home/travis/build/icyphy/ptII/ptolemy/actor/lib/test/auto/Dictionary3.xml (RunModel)" time="0.012" />
  <testcase classname="ptolemy.util.test.junit.AutoTests" name="[111] /home/travis/build/icyphy/ptII/ptolemy/actor/lib/test/auto/Dictionary4.xml (RunModel)" time="0.016" />
  <testcase classname="ptolemy.util.test.junit.AutoTests" name="[112] /home/travis/build/icyphy/ptII/ptolemy/actor/lib/test/auto/Differential.xml (RunModel)" time="0.011" />
  <testcase classname="ptolemy.util.test.junit.AutoTests" name="[113] /home/travis/build/icyphy/ptII/ptolemy/actor/lib/test/auto/Director.xml (RunModel)" time="0.01" />
  <testcase classname="ptolemy.util.test.junit.AutoTests" name="[114] /home/travis/build/icyphy/ptII/ptolemy/actor/lib/test/auto/DiscreteClock.xml (RunModel)" time="0.008" />
  <testcase classname="ptolemy.util.test.junit.AutoTests" name="[115] /home/travis/build/icyphy/ptII/ptolemy/actor/lib/test/auto/DiscreteClock10.xml (RunModel)" time="0.011" />
  <testcase classname="ptolemy.util.test.junit.AutoTests" name="[116] /home/travis/build/icyphy/ptII/ptolemy/actor/lib/test/auto/DiscreteClock11.xml (RunModel)" time="0.011" />
  <testcase classname="ptolemy.util.test.junit.AutoTests" name="[117] /home/travis/build/icyphy/ptII/ptolemy/actor/lib/test/auto/DiscreteClock12.xml (RunModel)" time="0.011" />
  <testcase classname="ptolemy.util.test.junit.AutoTests" name="[118] /home/travis/build/icyphy/ptII/ptolemy/actor/lib/test/auto/DiscreteClock13.xml (RunModel)" time="0.016" />
  <testcase classname="ptolemy.util.test.junit.AutoTests" name="[119] /home/travis/build/icyphy/ptII/ptolemy/actor/lib/test/auto/DiscreteClock14.xml (RunModel)" time="0.015" />
  <testcase classname="ptolemy.util.test.junit.AutoTests" name="[120] /home/travis/build/icyphy/ptII/ptolemy/actor/lib/test/auto/DiscreteClock15.xml (RunModel)" time="0.012" />
  <testcase classname="ptolemy.util.test.junit.AutoTests" name="[121] /home/travis/build/icyphy/ptII/ptolemy/actor/lib/test/auto/DiscreteClock16.xml (RunModel)" time="0.038" />
  <testcase classname="ptolemy.util.test.junit.AutoTests" name="[122] /home/travis/build/icyphy/ptII/ptolemy/actor/lib/test/auto/DiscreteClock17.xml (RunModel)" time="0.037" />
  <testcase classname="ptolemy.util.test.junit.AutoTests" name="[123] /home/travis/build/icyphy/ptII/ptolemy/actor/lib/test/auto/DiscreteClock18.xml (RunModel)" time="0.029" />
  <testcase classname="ptolemy.util.test.junit.AutoTests" name="[124] /home/travis/build/icyphy/ptII/ptolemy/actor/lib/test/auto/DiscreteClock19.xml (RunModel)" time="0.041" />
  <testcase classname="ptolemy.util.test.junit.AutoTests" name="[125] /home/travis/build/icyphy/ptII/ptolemy/actor/lib/test/auto/DiscreteClock2.xml (RunModel)" time="0.012" />
  <testcase classname="ptolemy.util.test.junit.AutoTests" name="[126] /home/travis/build/icyphy/ptII/ptolemy/actor/lib/test/auto/DiscreteClock20.xml (RunModel)" time="0.016" />
  <testcase classname="ptolemy.util.test.junit.AutoTests" name="[127] /home/travis/build/icyphy/ptII/ptolemy/actor/lib/test/auto/DiscreteClock21.xml (RunModel)" time="0.016" />
  <testcase classname="ptolemy.util.test.junit.AutoTests" name="[128] /home/travis/build/icyphy/ptII/ptolemy/actor/lib/test/auto/DiscreteClock22.xml (RunModel)" time="0.536" />
  <testcase classname="ptolemy.util.test.junit.AutoTests" name="[129] /home/travis/build/icyphy/ptII/ptolemy/actor/lib/test/auto/DiscreteClock23.xml (RunModel)" time="0.02" />
  <testcase classname="ptolemy.util.test.junit.AutoTests" name="[130] /home/travis/build/icyphy/ptII/ptolemy/actor/lib/test/auto/DiscreteClock24.xml (RunModel)" time="0.021" />
  <testcase classname="ptolemy.util.test.junit.AutoTests" name="[131] /home/travis/build/icyphy/ptII/ptolemy/actor/lib/test/auto/DiscreteClock4.xml (RunModel)" time="0.013" />
  <testcase classname="ptolemy.util.test.junit.AutoTests" name="[132] /home/travis/build/icyphy/ptII/ptolemy/actor/lib/test/auto/DiscreteClock5.xml (RunModel)" time="0.011" />
  <testcase classname="ptolemy.util.test.junit.AutoTests" name="[133] /home/travis/build/icyphy/ptII/ptolemy/actor/lib/test/auto/DiscreteClock6.xml (RunModel)" time="0.009" />
  <testcase classname="ptolemy.util.test.junit.AutoTests" name="[134] /home/travis/build/icyphy/ptII/ptolemy/actor/lib/test/auto/DiscreteClock7.xml (RunModel)" time="0.013" />
  <testcase classname="ptolemy.util.test.junit.AutoTests" name="[135] /home/travis/build/icyphy/ptII/ptolemy/actor/lib/test/auto/DiscreteClock8.xml (RunModel)" time="0.01" />
  <testcase classname="ptolemy.util.test.junit.AutoTests" name="[136] /home/travis/build/icyphy/ptII/ptolemy/actor/lib/test/auto/DiscreteClock9.xml (RunModel)" time="0.01" />
  <testcase classname="ptolemy.util.test.junit.AutoTests" name="[137] /home/travis/build/icyphy/ptII/ptolemy/actor/lib/test/auto/DisplayArray.xml (RunModel)" time="0.028" />
  <testcase classname="ptolemy.util.test.junit.AutoTests" name="[138] /home/travis/build/icyphy/ptII/ptolemy/actor/lib/test/auto/Distributor.xml (RunModel)" time="0.009" />
  <testcase classname="ptolemy.util.test.junit.AutoTests" name="[139] /home/travis/build/icyphy/ptII/ptolemy/actor/lib/test/auto/Distributor2.xml (RunModel)" time="0.008" />
  <testcase classname="ptolemy.util.test.junit.AutoTests" name="[140] /home/travis/build/icyphy/ptII/ptolemy/actor/lib/test/auto/DownSample.xml (RunModel)" time="0.01" />
  <testcase classname="ptolemy.util.test.junit.AutoTests" name="[141] /home/travis/build/icyphy/ptII/ptolemy/actor/lib/test/auto/ElectronicUnitBase1.xml (RunModel)" time="0.05" />
  <testcase classname="ptolemy.util.test.junit.AutoTests" name="[142] /home/travis/build/icyphy/ptII/ptolemy/actor/lib/test/auto/ElementsToArray.xml (RunModel)" time="0.015" />
  <testcase classname="ptolemy.util.test.junit.AutoTests" name="[143] /home/travis/build/icyphy/ptII/ptolemy/actor/lib/test/auto/Equals.xml (RunModel)" time="0.011" />
  <testcase classname="ptolemy.util.test.junit.AutoTests" name="[144] /home/travis/build/icyphy/ptII/ptolemy/actor/lib/test/auto/Exec.xml (RunModel)" time="0.022" />
  <testcase classname="ptolemy.util.test.junit.AutoTests" name="[145] /home/travis/build/icyphy/ptII/ptolemy/actor/lib/test/auto/ExecEnvironment.xml (RunModel)" time="0.04" />
  <testcase classname="ptolemy.util.test.junit.AutoTests" name="[146] /home/travis/build/icyphy/ptII/ptolemy/actor/lib/test/auto/ExecNonZeroReturnOutput.xml (RunModel)" time="0.139" />
  <testcase classname="ptolemy.util.test.junit.AutoTests" name="[147] /home/travis/build/icyphy/ptII/ptolemy/actor/lib/test/auto/ExecRunDemos.xml (RunModel)" time="9.559" />
  <testcase classname="ptolemy.util.test.junit.AutoTests" name="[148] /home/travis/build/icyphy/ptII/ptolemy/actor/lib/test/auto/ExecStop.xml (RunModel)" time="5.029" />
  <testcase classname="ptolemy.util.test.junit.AutoTests" name="[149] /home/travis/build/icyphy/ptII/ptolemy/actor/lib/test/auto/ExecutionTimeSDF.xml (RunModel)" time="6.031" />
  <testcase classname="ptolemy.util.test.junit.AutoTests" name="[150] /home/travis/build/icyphy/ptII/ptolemy/actor/lib/test/auto/Expression1.xml (RunModel)" time="0.021" />
  <testcase classname="ptolemy.util.test.junit.AutoTests" name="[151] /home/travis/build/icyphy/ptII/ptolemy/actor/lib/test/auto/Expression10.xml (RunModel)" time="0.021" />
  <testcase classname="ptolemy.util.test.junit.AutoTests" name="[152] /home/travis/build/icyphy/ptII/ptolemy/actor/lib/test/auto/Expression11.xml (RunModel)" time="0.013" />
  <testcase classname="ptolemy.util.test.junit.AutoTests" name="[153] /home/travis/build/icyphy/ptII/ptolemy/actor/lib/test/auto/Expression12.xml (RunModel)" time="0.014" />
  <testcase classname="ptolemy.util.test.junit.AutoTests" name="[154] /home/travis/build/icyphy/ptII/ptolemy/actor/lib/test/auto/Expression13.xml (RunModel)" time="0.014" />
  <testcase classname="ptolemy.util.test.junit.AutoTests" name="[155] /home/travis/build/icyphy/ptII/ptolemy/actor/lib/test/auto/Expression14.xml (RunModel)" time="0.02" />
  <testcase classname="ptolemy.util.test.junit.AutoTests" name="[156] /home/travis/build/icyphy/ptII/ptolemy/actor/lib/test/auto/Expression15.xml (RunModel)" time="0.013" />
  <testcase classname="ptolemy.util.test.junit.AutoTests" name="[157] /home/travis/build/icyphy/ptII/ptolemy/actor/lib/test/auto/Expression16.xml (RunModel)" time="0.013" />
  <testcase classname="ptolemy.util.test.junit.AutoTests" name="[158] /home/travis/build/icyphy/ptII/ptolemy/actor/lib/test/auto/Expression17.xml (RunModel)" time="0.013" />
  <testcase classname="ptolemy.util.test.junit.AutoTests" name="[159] /home/travis/build/icyphy/ptII/ptolemy/actor/lib/test/auto/Expression18.xml (RunModel)" time="0.017" />
  <testcase classname="ptolemy.util.test.junit.AutoTests" name="[160] /home/travis/build/icyphy/ptII/ptolemy/actor/lib/test/auto/Expression2.xml (RunModel)" time="0.017" />
  <testcase classname="ptolemy.util.test.junit.AutoTests" name="[161] /home/travis/build/icyphy/ptII/ptolemy/actor/lib/test/auto/Expression3.xml (RunModel)" time="0.015" />
  <testcase classname="ptolemy.util.test.junit.AutoTests" name="[162] /home/travis/build/icyphy/ptII/ptolemy/actor/lib/test/auto/Expression4.xml (RunModel)" time="0.02" />
  <testcase classname="ptolemy.util.test.junit.AutoTests" name="[163] /home/travis/build/icyphy/ptII/ptolemy/actor/lib/test/auto/Expression5.xml (RunModel)" time="0.012" />
  <testcase classname="ptolemy.util.test.junit.AutoTests" name="[164] /home/travis/build/icyphy/ptII/ptolemy/actor/lib/test/auto/Expression6.xml (RunModel)" time="0.011" />
  <testcase classname="ptolemy.util.test.junit.AutoTests" name="[165] /home/travis/build/icyphy/ptII/ptolemy/actor/lib/test/auto/Expression7.xml (RunModel)" time="0.013" />
  <testcase classname="ptolemy.util.test.junit.AutoTests" name="[166] /home/travis/build/icyphy/ptII/ptolemy/actor/lib/test/auto/Expression8.xml (RunModel)" time="0.017" />
  <testcase classname="ptolemy.util.test.junit.AutoTests" name="[167] /home/travis/build/icyphy/ptII/ptolemy/actor/lib/test/auto/Expression9.xml (RunModel)" time="0.009" />
  <testcase classname="ptolemy.util.test.junit.AutoTests" name="[168] /home/travis/build/icyphy/ptII/ptolemy/actor/lib/test/auto/ExpressionConcatenateArrayType.xml (RunModel)" time="0.023" />
  <testcase classname="ptolemy.util.test.junit.AutoTests" name="[169] /home/travis/build/icyphy/ptII/ptolemy/actor/lib/test/auto/ExpressionConcatenateArrayType2.xml (RunModel)" time="0.014" />
  <testcase classname="ptolemy.util.test.junit.AutoTests" name="[170] /home/travis/build/icyphy/ptII/ptolemy/actor/lib/test/auto/ExpressionFix.xml (RunModel)" time="0.024" />
  <testcase classname="ptolemy.util.test.junit.AutoTests" name="[171] /home/travis/build/icyphy/ptII/ptolemy/actor/lib/test/auto/ExpressionFix2.xml (RunModel)" time="0.008" />
  <testcase classname="ptolemy.util.test.junit.AutoTests" name="[172] /home/travis/build/icyphy/ptII/ptolemy/actor/lib/test/auto/ExpressionFix3.xml (RunModel)" time="0.01" />
  <testcase classname="ptolemy.util.test.junit.AutoTests" name="[173] /home/travis/build/icyphy/ptII/ptolemy/actor/lib/test/auto/FileWriter1.xml (RunModel)" time="0.011" />
  <testcase classname="ptolemy.util.test.junit.AutoTests" name="[174] /home/travis/build/icyphy/ptII/ptolemy/actor/lib/test/auto/FileWriter2.xml (RunModel)" time="0.009" />
  <testcase classname="ptolemy.util.test.junit.AutoTests" name="[175] /home/travis/build/icyphy/ptII/ptolemy/actor/lib/test/auto/FileWriter3.xml (RunModel)" time="0.015" />
  <testcase classname="ptolemy.util.test.junit.AutoTests" name="[176] /home/travis/build/icyphy/ptII/ptolemy/actor/lib/test/auto/Gaussian.xml (RunModel)" time="0.01" />
  <testcase classname="ptolemy.util.test.junit.AutoTests" name="[177] /home/travis/build/icyphy/ptII/ptolemy/actor/lib/test/auto/Gaussian1.xml (RunModel)" time="0.013" />
  <testcase classname="ptolemy.util.test.junit.AutoTests" name="[178] /home/travis/build/icyphy/ptII/ptolemy/actor/lib/test/auto/Gaussian2.xml (RunModel)" time="0.014" />
  <testcase classname="ptolemy.util.test.junit.AutoTests" name="[179] /home/travis/build/icyphy/ptII/ptolemy/actor/lib/test/auto/GradientAdaptiveLattice.xml (RunModel)" time="0.015" />
  <testcase classname="ptolemy.util.test.junit.AutoTests" name="[180] /home/travis/build/icyphy/ptII/ptolemy/actor/lib/test/auto/IIR.xml (RunModel)" time="0.009" />
  <testcase classname="ptolemy.util.test.junit.AutoTests" name="[181] /home/travis/build/icyphy/ptII/ptolemy/actor/lib/test/auto/InputOutputTransparentPorts.xml (RunModel)" time="0.017" />
  <testcase classname="ptolemy.util.test.junit.AutoTests" name="[182] /home/travis/build/icyphy/ptII/ptolemy/actor/lib/test/auto/Interpolator.xml (RunModel)" time="0.01" />
  <testcase classname="ptolemy.util.test.junit.AutoTests" name="[183] /home/travis/build/icyphy/ptII/ptolemy/actor/lib/test/auto/InterpolatorFiringLimitDE.xml (RunModel)" time="0.013" />
  <testcase classname="ptolemy.util.test.junit.AutoTests" name="[184] /home/travis/build/icyphy/ptII/ptolemy/actor/lib/test/auto/Lattice.xml (RunModel)" time="0.008" />
  <testcase classname="ptolemy.util.test.junit.AutoTests" name="[185] /home/travis/build/icyphy/ptII/ptolemy/actor/lib/test/auto/LazyAOCTestLazy.xml (RunModel)" time="0.021" />
  <testcase classname="ptolemy.util.test.junit.AutoTests" name="[186] /home/travis/build/icyphy/ptII/ptolemy/actor/lib/test/auto/LazyAOCTestNonLazy.xml (RunModel)" time="0.015" />
  <testcase classname="ptolemy.util.test.junit.AutoTests" name="[187] /home/travis/build/icyphy/ptII/ptolemy/actor/lib/test/auto/LazyInnerClass.xml (RunModel)" time="0.02" />
  <testcase classname="ptolemy.util.test.junit.AutoTests" name="[188] /home/travis/build/icyphy/ptII/ptolemy/actor/lib/test/auto/LazyPubSub.xml (RunModel)" time="0.028" />
  <testcase classname="ptolemy.util.test.junit.AutoTests" name="[189] /home/travis/build/icyphy/ptII/ptolemy/actor/lib/test/auto/LazyPubSub2.xml (RunModel)" time="0.027" />
  <testcase classname="ptolemy.util.test.junit.AutoTests" name="[190] /home/travis/build/icyphy/ptII/ptolemy/actor/lib/test/auto/LazyPubSub3.xml (RunModel)" time="0.026" />
  <testcase classname="ptolemy.util.test.junit.AutoTests" name="[191] /home/travis/build/icyphy/ptII/ptolemy/actor/lib/test/auto/LazySubClassModel.xml (RunModel)" time="0.018" />
  <testcase classname="ptolemy.util.test.junit.AutoTests" name="[192] /home/travis/build/icyphy/ptII/ptolemy/actor/lib/test/auto/LevelCrossTest1.xml (RunModel)" time="0.011" />
  <testcase classname="ptolemy.util.test.junit.AutoTests" name="[193] /home/travis/build/icyphy/ptII/ptolemy/actor/lib/test/auto/LevelCrossTest10.xml (RunModel)" time="0.015" />
  <testcase classname="ptolemy.util.test.junit.AutoTests" name="[194] /home/travis/build/icyphy/ptII/ptolemy/actor/lib/test/auto/LevelCrossTest11.xml (RunModel)" time="0.013" />
  <testcase classname="ptolemy.util.test.junit.AutoTests" name="[195] /home/travis/build/icyphy/ptII/ptolemy/actor/lib/test/auto/LevelCrossTest12.xml (RunModel)" time="0.012" />
  <testcase classname="ptolemy.util.test.junit.AutoTests" name="[196] /home/travis/build/icyphy/ptII/ptolemy/actor/lib/test/auto/LevelCrossTest13.xml (RunModel)" time="0.024" />
  <testcase classname="ptolemy.util.test.junit.AutoTests" name="[197] /home/travis/build/icyphy/ptII/ptolemy/actor/lib/test/auto/LevelCrossTest2.xml (RunModel)" time="0.024" />
  <testcase classname="ptolemy.util.test.junit.AutoTests" name="[198] /home/travis/build/icyphy/ptII/ptolemy/actor/lib/test/auto/LevelCrossTest3.xml (RunModel)" time="0.014" />
  <testcase classname="ptolemy.util.test.junit.AutoTests" name="[199] /home/travis/build/icyphy/ptII/ptolemy/actor/lib/test/auto/LevelCrossTest4.xml (RunModel)" time="0.011" />
  <testcase classname="ptolemy.util.test.junit.AutoTests" name="[200] /home/travis/build/icyphy/ptII/ptolemy/actor/lib/test/auto/LevelCrossTest5.xml (RunModel)" time="0.016" />
  <testcase classname="ptolemy.util.test.junit.AutoTests" name="[201] /home/travis/build/icyphy/ptII/ptolemy/actor/lib/test/auto/LevelCrossTest6.xml (RunModel)" time="0.013" />
  <testcase classname="ptolemy.util.test.junit.AutoTests" name="[202] /home/travis/build/icyphy/ptII/ptolemy/actor/lib/test/auto/LevelCrossTest7.xml (RunModel)" time="0.012" />
  <testcase classname="ptolemy.util.test.junit.AutoTests" name="[203] /home/travis/build/icyphy/ptII/ptolemy/actor/lib/test/auto/LevelCrossTest8.xml (RunModel)" time="0.012" />
  <testcase classname="ptolemy.util.test.junit.AutoTests" name="[204] /home/travis/build/icyphy/ptII/ptolemy/actor/lib/test/auto/LevelCrossTest9.xml (RunModel)" time="0.012" />
  <testcase classname="ptolemy.util.test.junit.AutoTests" name="[205] /home/travis/build/icyphy/ptII/ptolemy/actor/lib/test/auto/LevinsonDurbin.xml (RunModel)" time="0.009" />
  <testcase classname="ptolemy.util.test.junit.AutoTests" name="[206] /home/travis/build/icyphy/ptII/ptolemy/actor/lib/test/auto/LevinsonDurbin2.xml (RunModel)" time="0.011" />
  <testcase classname="ptolemy.util.test.junit.AutoTests" name="[207] /home/travis/build/icyphy/ptII/ptolemy/actor/lib/test/auto/LevinsonDurbin3.xml (RunModel)" time="0.01" />
  <testcase classname="ptolemy.util.test.junit.AutoTests" name="[208] /home/travis/build/icyphy/ptII/ptolemy/actor/lib/test/auto/Limiter.xml (RunModel)" time="0.035" />
  <testcase classname="ptolemy.util.test.junit.AutoTests" name="[209] /home/travis/build/icyphy/ptII/ptolemy/actor/lib/test/auto/LinearDifferenceEquationSystem.xml (RunModel)" time="0.024" />
  <testcase classname="ptolemy.util.test.junit.AutoTests" name="[210] /home/travis/build/icyphy/ptII/ptolemy/actor/lib/test/auto/LookupTable.xml (RunModel)" time="0.011" />
  <testcase classname="ptolemy.util.test.junit.AutoTests" name="[211] /home/travis/build/icyphy/ptII/ptolemy/actor/lib/test/auto/MathFunction.xml (RunModel)" time="0.024" />
  <testcase classname="ptolemy.util.test.junit.AutoTests" name="[212] /home/travis/build/icyphy/ptII/ptolemy/actor/lib/test/auto/MathFunction2.xml (RunModel)" time="0.01" />
  <testcase classname="ptolemy.util.test.junit.AutoTests" name="[213] /home/travis/build/icyphy/ptII/ptolemy/actor/lib/test/auto/MathFunction3.xml (RunModel)" time="0.018" />
  <testcase classname="ptolemy.util.test.junit.AutoTests" name="[214] /home/travis/build/icyphy/ptII/ptolemy/actor/lib/test/auto/MatrixCropBoolean.xml (RunModel)" time="0.012" />
  <testcase classname="ptolemy.util.test.junit.AutoTests" name="[215] /home/travis/build/icyphy/ptII/ptolemy/actor/lib/test/auto/MatrixCropComplex.xml (RunModel)" time="0.01" />
  <testcase classname="ptolemy.util.test.junit.AutoTests" name="[216] /home/travis/build/icyphy/ptII/ptolemy/actor/lib/test/auto/MatrixCropDouble.xml (RunModel)" time="0.01" />
  <testcase classname="ptolemy.util.test.junit.AutoTests" name="[217] /home/travis/build/icyphy/ptII/ptolemy/actor/lib/test/auto/MatrixCropFix.xml (RunModel)" time="0.011" />
  <testcase classname="ptolemy.util.test.junit.AutoTests" name="[218] /home/travis/build/icyphy/ptII/ptolemy/actor/lib/test/auto/MatrixCropInt.xml (RunModel)" time="0.009" />
  <testcase classname="ptolemy.util.test.junit.AutoTests" name="[219] /home/travis/build/icyphy/ptII/ptolemy/actor/lib/test/auto/MatrixCropLong.xml (RunModel)" time="0.009" />
  <testcase classname="ptolemy.util.test.junit.AutoTests" name="[220] /home/travis/build/icyphy/ptII/ptolemy/actor/lib/test/auto/MatrixToArray.xml (RunModel)" time="0.046" />
  <testcase classname="ptolemy.util.test.junit.AutoTests" name="[221] /home/travis/build/icyphy/ptII/ptolemy/actor/lib/test/auto/MaxIndex.xml (RunModel)" time="0.011" />
  <testcase classname="ptolemy.util.test.junit.AutoTests" name="[222] /home/travis/build/icyphy/ptII/ptolemy/actor/lib/test/auto/Maximum.xml (RunModel)" time="0.013" />
  <testcase classname="ptolemy.util.test.junit.AutoTests" name="[223] /home/travis/build/icyphy/ptII/ptolemy/actor/lib/test/auto/MaximumComplex.xml (RunModel)" time="0.013" />
  <testcase classname="ptolemy.util.test.junit.AutoTests" name="[224] /home/travis/build/icyphy/ptII/ptolemy/actor/lib/test/auto/MethodCallTest.xml (RunModel)" time="0.019" />
  <testcase classname="ptolemy.util.test.junit.AutoTests" name="[225] /home/travis/build/icyphy/ptII/ptolemy/actor/lib/test/auto/Minimum.xml (RunModel)" time="0.012" />
  <testcase classname="ptolemy.util.test.junit.AutoTests" name="[226] /home/travis/build/icyphy/ptII/ptolemy/actor/lib/test/auto/MinimumComplex.xml (RunModel)" time="0.013" />
  <testcase classname="ptolemy.util.test.junit.AutoTests" name="[227] /home/travis/build/icyphy/ptII/ptolemy/actor/lib/test/auto/MinimumMultiports.xml (RunModel)" time="0.019" />
  <testcase classname="ptolemy.util.test.junit.AutoTests" name="[228] /home/travis/build/icyphy/ptII/ptolemy/actor/lib/test/auto/ModifyDate.xml (RunModel)" time="0.039" />
  <testcase classname="ptolemy.util.test.junit.AutoTests" name="[229] /home/travis/build/icyphy/ptII/ptolemy/actor/lib/test/auto/ModifyDate2.xml (RunModel)" time="0.028" />
  <testcase classname="ptolemy.util.test.junit.AutoTests" name="[230] /home/travis/build/icyphy/ptII/ptolemy/actor/lib/test/auto/MovingAverage.xml (RunModel)" time="0.012" />
  <testcase classname="ptolemy.util.test.junit.AutoTests" name="[231] /home/travis/build/icyphy/ptII/ptolemy/actor/lib/test/auto/MovingMaximum.xml (RunModel)" time="0.012" />
  <testcase classname="ptolemy.util.test.junit.AutoTests" name="[232] /home/travis/build/icyphy/ptII/ptolemy/actor/lib/test/auto/MultipleLinksToSameRelation.xml (RunModel)" time="0.009" />
  <testcase classname="ptolemy.util.test.junit.AutoTests" name="[233] /home/travis/build/icyphy/ptII/ptolemy/actor/lib/test/auto/MultipleLinksToSameRelationDE.xml (RunModel)" time="0.009" />
  <testcase classname="ptolemy.util.test.junit.AutoTests" name="[234] /home/travis/build/icyphy/ptII/ptolemy/actor/lib/test/auto/Multiplexor.xml (RunModel)" time="0.013" />
  <testcase classname="ptolemy.util.test.junit.AutoTests" name="[235] /home/travis/build/icyphy/ptII/ptolemy/actor/lib/test/auto/Multiplexor1.xml (RunModel)" time="0.011" />
  <testcase classname="ptolemy.util.test.junit.AutoTests" name="[236] /home/travis/build/icyphy/ptII/ptolemy/actor/lib/test/auto/Multiplexor2.xml (RunModel)" time="0.014" />
  <testcase classname="ptolemy.util.test.junit.AutoTests" name="[237] /home/travis/build/icyphy/ptII/ptolemy/actor/lib/test/auto/Multiplexor3.xml (RunModel)" time="0.009" />
  <testcase classname="ptolemy.util.test.junit.AutoTests" name="[238] /home/travis/build/icyphy/ptII/ptolemy/actor/lib/test/auto/MultiplexorDE.xml (RunModel)" time="0.017" />
  <testcase classname="ptolemy.util.test.junit.AutoTests" name="[239] /home/travis/build/icyphy/ptII/ptolemy/actor/lib/test/auto/MultiportBroadcastTest.xml (RunModel)" time="0.064" />
  <testcase classname="ptolemy.util.test.junit.AutoTests" name="[240] /home/travis/build/icyphy/ptII/ptolemy/actor/lib/test/auto/MultiportOutHangDuringGetWidth.xml (RunModel)" time="0.039" />
  <testcase classname="ptolemy.util.test.junit.AutoTests" name="[241] /home/travis/build/icyphy/ptII/ptolemy/actor/lib/test/auto/NilToken.xml (RunModel)" time="0.016" />
  <testcase classname="ptolemy.util.test.junit.AutoTests" name="[242] /home/travis/build/icyphy/ptII/ptolemy/actor/lib/test/auto/NilTokenNonStrictTest.xml (RunModel)" time="0.01" />
  <testcase classname="ptolemy.util.test.junit.AutoTests" name="[243] /home/travis/build/icyphy/ptII/ptolemy/actor/lib/test/auto/NilTokenRecord.xml (RunModel)" time="0.021" />
  <testcase classname="ptolemy.util.test.junit.AutoTests" name="[244] /home/travis/build/icyphy/ptII/ptolemy/actor/lib/test/auto/NilTokenTypeTest.xml (RunModel)" time="0.027" />
  <testcase classname="ptolemy.util.test.junit.AutoTests" name="[245] /home/travis/build/icyphy/ptII/ptolemy/actor/lib/test/auto/ObjectToken1.xml (RunModel)" time="0.009" />
  <testcase classname="ptolemy.util.test.junit.AutoTests" name="[246] /home/travis/build/icyphy/ptII/ptolemy/actor/lib/test/auto/OrderedMerge.xml (RunModel)" time="0.018" />
  <testcase classname="ptolemy.util.test.junit.AutoTests" name="[247] /home/travis/build/icyphy/ptII/ptolemy/actor/lib/test/auto/OrderedRecordDisassembler.xml (RunModel)" time="0.012" />
  <testcase classname="ptolemy.util.test.junit.AutoTests" name="[248] /home/travis/build/icyphy/ptII/ptolemy/actor/lib/test/auto/OrderedRecordDisassembler2.xml (RunModel)" time="0.017" />
  <testcase classname="ptolemy.util.test.junit.AutoTests" name="[249] /home/travis/build/icyphy/ptII/ptolemy/actor/lib/test/auto/OrderedRecordUpdater.xml (RunModel)" time="0.009" />
  <testcase classname="ptolemy.util.test.junit.AutoTests" name="[250] /home/travis/build/icyphy/ptII/ptolemy/actor/lib/test/auto/OrderedRecordUpdater2.xml (RunModel)" time="0.009" />
  <testcase classname="ptolemy.util.test.junit.AutoTests" name="[251] /home/travis/build/icyphy/ptII/ptolemy/actor/lib/test/auto/PhaseUnwrap.xml (RunModel)" time="0.012" />
  <testcase classname="ptolemy.util.test.junit.AutoTests" name="[252] /home/travis/build/icyphy/ptII/ptolemy/actor/lib/test/auto/PoissonClock.xml (RunModel)" time="0.009" />
  <testcase classname="ptolemy.util.test.junit.AutoTests" name="[253] /home/travis/build/icyphy/ptII/ptolemy/actor/lib/test/auto/PoissonClock2.xml (RunModel)" time="0.008" />
  <testcase classname="ptolemy.util.test.junit.AutoTests" name="[254] /home/travis/build/icyphy/ptII/ptolemy/actor/lib/test/auto/PoissonClock3.xml (RunModel)" time="0.008" />
  <testcase classname="ptolemy.util.test.junit.AutoTests" name="[255] /home/travis/build/icyphy/ptII/ptolemy/actor/lib/test/auto/PubSubWithInitialTokens.xml (RunModel)" time="0.01" />
  <testcase classname="ptolemy.util.test.junit.AutoTests" name="[256] /home/travis/build/icyphy/ptII/ptolemy/actor/lib/test/auto/PubSubWithInitialTokens2.xml (RunModel)" time="0.011" />
  <testcase classname="ptolemy.util.test.junit.AutoTests" name="[257] /home/travis/build/icyphy/ptII/ptolemy/actor/lib/test/auto/PublisherClassNoParameter.xml (RunModel)" time="0.018" />
  <testcase classname="ptolemy.util.test.junit.AutoTests" name="[258] /home/travis/build/icyphy/ptII/ptolemy/actor/lib/test/auto/PublisherClassParameter.xml (RunModel)" time="0.02" />
  <testcase classname="ptolemy.util.test.junit.AutoTests" name="[259] /home/travis/build/icyphy/ptII/ptolemy/actor/lib/test/auto/PublisherNonStrictTest.xml (RunModel)" time="0.015" />
  <testcase classname="ptolemy.util.test.junit.AutoTests" name="[260] /home/travis/build/icyphy/ptII/ptolemy/actor/lib/test/auto/PublisherPort1.xml (RunModel)" time="0.01" />
  <testcase classname="ptolemy.util.test.junit.AutoTests" name="[261] /home/travis/build/icyphy/ptII/ptolemy/actor/lib/test/auto/PublisherPort2.xml (RunModel)" time="0.009" />
  <testcase classname="ptolemy.util.test.junit.AutoTests" name="[262] /home/travis/build/icyphy/ptII/ptolemy/actor/lib/test/auto/PublisherPort3.xml (RunModel)" time="0.012" />
  <testcase classname="ptolemy.util.test.junit.AutoTests" name="[263] /home/travis/build/icyphy/ptII/ptolemy/actor/lib/test/auto/PublisherPort4.xml (RunModel)" time="0.011" />
  <testcase classname="ptolemy.util.test.junit.AutoTests" name="[264] /home/travis/build/icyphy/ptII/ptolemy/actor/lib/test/auto/PublisherPort5.xml (RunModel)" time="0.015" />
  <testcase classname="ptolemy.util.test.junit.AutoTests" name="[265] /home/travis/build/icyphy/ptII/ptolemy/actor/lib/test/auto/PublisherPort5LookAlike.xml (RunModel)" time="0.015" />
  <testcase classname="ptolemy.util.test.junit.AutoTests" name="[266] /home/travis/build/icyphy/ptII/ptolemy/actor/lib/test/auto/PublisherPort6.xml (RunModel)" time="0.013" />
  <testcase classname="ptolemy.util.test.junit.AutoTests" name="[267] /home/travis/build/icyphy/ptII/ptolemy/actor/lib/test/auto/PublisherPort7.xml (RunModel)" time="0.014" />
  <testcase classname="ptolemy.util.test.junit.AutoTests" name="[268] /home/travis/build/icyphy/ptII/ptolemy/actor/lib/test/auto/PublisherPort8.xml (RunModel)" time="0.015" />
  <testcase classname="ptolemy.util.test.junit.AutoTests" name="[269] /home/travis/build/icyphy/ptII/ptolemy/actor/lib/test/auto/PublisherPortSubscriberChannelVariablesAOC2.xml (RunModel)" time="0.029" />
  <testcase classname="ptolemy.util.test.junit.AutoTests" name="[270] /home/travis/build/icyphy/ptII/ptolemy/actor/lib/test/auto/PublisherPortSubscriberOpaqueWidthInference.xml (RunModel)" time="0.014" />
  <testcase classname="ptolemy.util.test.junit.AutoTests" name="[271] /home/travis/build/icyphy/ptII/ptolemy/actor/lib/test/auto/PublisherPortSubscriberPortAdjacent.xml (RunModel)" time="0.016" />
  <testcase classname="ptolemy.util.test.junit.AutoTests" name="[272] /home/travis/build/icyphy/ptII/ptolemy/actor/lib/test/auto/PublisherPortSubscriberPortExpression.xml (RunModel)" time="0.016" />
  <testcase classname="ptolemy.util.test.junit.AutoTests" name="[273] /home/travis/build/icyphy/ptII/ptolemy/actor/lib/test/auto/PublisherPortSubscriberPortOpaqueD3Reverse.xml (RunModel)" time="0.019" />
  <testcase classname="ptolemy.util.test.junit.AutoTests" name="[274] /home/travis/build/icyphy/ptII/ptolemy/actor/lib/test/auto/PublisherPortSubscriberPortOpaqueWidthInference.xml (RunModel)" time="0.015" />
  <testcase classname="ptolemy.util.test.junit.AutoTests" name="[275] /home/travis/build/icyphy/ptII/ptolemy/actor/lib/test/auto/PublisherPortToplevelSubscriberPortAOC.xml (RunModel)" time="0.01" />
  <testcase classname="ptolemy.util.test.junit.AutoTests" name="[276] /home/travis/build/icyphy/ptII/ptolemy/actor/lib/test/auto/PublisherSubscriber.xml (RunModel)" time="0.013" />
  <testcase classname="ptolemy.util.test.junit.AutoTests" name="[277] /home/travis/build/icyphy/ptII/ptolemy/actor/lib/test/auto/PublisherSubscriber10.xml (RunModel)" time="0.02" />
  <testcase classname="ptolemy.util.test.junit.AutoTests" name="[278] /home/travis/build/icyphy/ptII/ptolemy/actor/lib/test/auto/PublisherSubscriber10InitialOutputs.xml (RunModel)" time="0.018" />
  <testcase classname="ptolemy.util.test.junit.AutoTests" name="[279] /home/travis/build/icyphy/ptII/ptolemy/actor/lib/test/auto/PublisherSubscriber11.xml (RunModel)" time="0.011" />
  <testcase classname="ptolemy.util.test.junit.AutoTests" name="[280] /home/travis/build/icyphy/ptII/ptolemy/actor/lib/test/auto/PublisherSubscriber12.xml (RunModel)" time="0.017" />
  <testcase classname="ptolemy.util.test.junit.AutoTests" name="[281] /home/travis/build/icyphy/ptII/ptolemy/actor/lib/test/auto/PublisherSubscriber13.xml (RunModel)" time="0.013" />
  <testcase classname="ptolemy.util.test.junit.AutoTests" name="[282] /home/travis/build/icyphy/ptII/ptolemy/actor/lib/test/auto/PublisherSubscriber14.xml (RunModel)" time="0.022" />
  <testcase classname="ptolemy.util.test.junit.AutoTests" name="[283] /home/travis/build/icyphy/ptII/ptolemy/actor/lib/test/auto/PublisherSubscriber2.xml (RunModel)" time="0.011" />
  <testcase classname="ptolemy.util.test.junit.AutoTests" name="[284] /home/travis/build/icyphy/ptII/ptolemy/actor/lib/test/auto/PublisherSubscriber3.xml (RunModel)" time="0.01" />
  <testcase classname="ptolemy.util.test.junit.AutoTests" name="[285] /home/travis/build/icyphy/ptII/ptolemy/actor/lib/test/auto/PublisherSubscriber4.xml (RunModel)" time="0.009" />
  <testcase classname="ptolemy.util.test.junit.AutoTests" name="[286] /home/travis/build/icyphy/ptII/ptolemy/actor/lib/test/auto/PublisherSubscriber5.xml (RunModel)" time="0.013" />
  <testcase classname="ptolemy.util.test.junit.AutoTests" name="[287] /home/travis/build/icyphy/ptII/ptolemy/actor/lib/test/auto/PublisherSubscriber6.xml (RunModel)" time="0.012" />
  <testcase classname="ptolemy.util.test.junit.AutoTests" name="[288] /home/travis/build/icyphy/ptII/ptolemy/actor/lib/test/auto/PublisherSubscriber7.xml (RunModel)" time="0.014" />
  <testcase classname="ptolemy.util.test.junit.AutoTests" name="[289] /home/travis/build/icyphy/ptII/ptolemy/actor/lib/test/auto/PublisherSubscriber8.xml (RunModel)" time="0.025" />
  <testcase classname="ptolemy.util.test.junit.AutoTests" name="[290] /home/travis/build/icyphy/ptII/ptolemy/actor/lib/test/auto/PublisherSubscriber9.xml (RunModel)" time="0.018" />
  <testcase classname="ptolemy.util.test.junit.AutoTests" name="[291] /home/travis/build/icyphy/ptII/ptolemy/actor/lib/test/auto/PublisherSubscriberAdjacent.xml (RunModel)" time="0.016" />
  <testcase classname="ptolemy.util.test.junit.AutoTests" name="[292] /home/travis/build/icyphy/ptII/ptolemy/actor/lib/test/auto/PublisherSubscriberChannelVariablesAOC2.xml (RunModel)" time="0.026" />
  <testcase classname="ptolemy.util.test.junit.AutoTests" name="[293] /home/travis/build/icyphy/ptII/ptolemy/actor/lib/test/auto/PublisherSubscriberD3.xml (RunModel)" time="0.013" />
  <testcase classname="ptolemy.util.test.junit.AutoTests" name="[294] /home/travis/build/icyphy/ptII/ptolemy/actor/lib/test/auto/PublisherSubscriberD3Reverse.xml (RunModel)" time="0.011" />
  <testcase classname="ptolemy.util.test.junit.AutoTests" name="[295] /home/travis/build/icyphy/ptII/ptolemy/actor/lib/test/auto/PublisherSubscriberExpression.xml (RunModel)" time="0.016" />
  <testcase classname="ptolemy.util.test.junit.AutoTests" name="[296] /home/travis/build/icyphy/ptII/ptolemy/actor/lib/test/auto/PublisherSubscriberOpaque.xml (RunModel)" time="0.014" />
  <testcase classname="ptolemy.util.test.junit.AutoTests" name="[297] /home/travis/build/icyphy/ptII/ptolemy/actor/lib/test/auto/PublisherSubscriberOpaqueD3.xml (RunModel)" time="0.02" />
  <testcase classname="ptolemy.util.test.junit.AutoTests" name="[298] /home/travis/build/icyphy/ptII/ptolemy/actor/lib/test/auto/PublisherSubscriberOpaqueD3Reverse.xml (RunModel)" time="0.019" />
  <testcase classname="ptolemy.util.test.junit.AutoTests" name="[299] /home/travis/build/icyphy/ptII/ptolemy/actor/lib/test/auto/PublisherSubscriberOpaqueWidthInference.xml (RunModel)" time="0.015" />
  <testcase classname="ptolemy.util.test.junit.AutoTests" name="[300] /home/travis/build/icyphy/ptII/ptolemy/actor/lib/test/auto/PublisherTestSubscriber.xml (RunModel)" time="0.015" />
  <testcase classname="ptolemy.util.test.junit.AutoTests" name="[301] /home/travis/build/icyphy/ptII/ptolemy/actor/lib/test/auto/PublisherToplevelSubscriberPortAOC.xml (RunModel)" time="0.011" />
  <testcase classname="ptolemy.util.test.junit.AutoTests" name="[302] /home/travis/build/icyphy/ptII/ptolemy/actor/lib/test/auto/PulseFiringLimitDE.xml (RunModel)" time="0.012" />
  <testcase classname="ptolemy.util.test.junit.AutoTests" name="[303] /home/travis/build/icyphy/ptII/ptolemy/actor/lib/test/auto/Ramp1.xml (RunModel)" time="0.007" />
  <testcase classname="ptolemy.util.test.junit.AutoTests" name="[304] /home/travis/build/icyphy/ptII/ptolemy/actor/lib/test/auto/RampFiringLimitDE.xml (RunModel)" time="0.01" />
  <testcase classname="ptolemy.util.test.junit.AutoTests" name="[305] /home/travis/build/icyphy/ptII/ptolemy/actor/lib/test/auto/RampFiringLimitSDF.xml (RunModel)" time="0.009" />
  <testcase classname="ptolemy.util.test.junit.AutoTests" name="[306] /home/travis/build/icyphy/ptII/ptolemy/actor/lib/test/auto/RandomInteger.xml (RunModel)" time="0.008" />
  <testcase classname="ptolemy.util.test.junit.AutoTests" name="[307] /home/travis/build/icyphy/ptII/ptolemy/actor/lib/test/auto/ReadFile1.xml (RunModel)" time="0.009" />
  <testcase classname="ptolemy.util.test.junit.AutoTests" name="[308] /home/travis/build/icyphy/ptII/ptolemy/actor/lib/test/auto/ReadFile2.xml (RunModel)" time="0.011" />
  <testcase classname="ptolemy.util.test.junit.AutoTests" name="[309] /home/travis/build/icyphy/ptII/ptolemy/actor/lib/test/auto/Reader.xml (RunModel)" time="0.014" />
  <testcase classname="ptolemy.util.test.junit.AutoTests" name="[310] /home/travis/build/icyphy/ptII/ptolemy/actor/lib/test/auto/RecordAssemblerDisplayNameTest.xml (RunModel)" time="3.023" />
  <testcase classname="ptolemy.util.test.junit.AutoTests" name="[311] /home/travis/build/icyphy/ptII/ptolemy/actor/lib/test/auto/RecordAssemblerTypeError.xml (RunModel)" time="0.033" />
  <testcase classname="ptolemy.util.test.junit.AutoTests" name="[312] /home/travis/build/icyphy/ptII/ptolemy/actor/lib/test/auto/RecordDisassember.xml (RunModel)" time="0.01" />
  <testcase classname="ptolemy.util.test.junit.AutoTests" name="[313] /home/travis/build/icyphy/ptII/ptolemy/actor/lib/test/auto/RecordDisassemberDisplayNameTest.xml (RunModel)" time="0.019" />
  <testcase classname="ptolemy.util.test.junit.AutoTests" name="[314] /home/travis/build/icyphy/ptII/ptolemy/actor/lib/test/auto/RecordDisassembler.xml (RunModel)" time="0.008" />
  <testcase classname="ptolemy.util.test.junit.AutoTests" name="[315] /home/travis/build/icyphy/ptII/ptolemy/actor/lib/test/auto/RecordDisassembler2.xml (RunModel)" time="0.011" />
  <testcase classname="ptolemy.util.test.junit.AutoTests" name="[316] /home/travis/build/icyphy/ptII/ptolemy/actor/lib/test/auto/RecordUpdater.xml (RunModel)" time="0.008" />
  <testcase classname="ptolemy.util.test.junit.AutoTests" name="[317] /home/travis/build/icyphy/ptII/ptolemy/actor/lib/test/auto/RecordUpdater2.xml (RunModel)" time="0.008" />
  <testcase classname="ptolemy.util.test.junit.AutoTests" name="[318] /home/travis/build/icyphy/ptII/ptolemy/actor/lib/test/auto/RecursiveLattice.xml (RunModel)" time="0.009" />
  <testcase classname="ptolemy.util.test.junit.AutoTests" name="[319] /home/travis/build/icyphy/ptII/ptolemy/actor/lib/test/auto/Router.xml (RunModel)" time="3.024" />
  <testcase classname="ptolemy.util.test.junit.AutoTests" name="[320] /home/travis/build/icyphy/ptII/ptolemy/actor/lib/test/auto/Router2.xml (RunModel)" time="3.019" />
  <testcase classname="ptolemy.util.test.junit.AutoTests" name="[321] /home/travis/build/icyphy/ptII/ptolemy/actor/lib/test/auto/RunningMaximum.xml (RunModel)" time="0.01" />
  <testcase classname="ptolemy.util.test.junit.AutoTests" name="[322] /home/travis/build/icyphy/ptII/ptolemy/actor/lib/test/auto/RunningMinimum.xml (RunModel)" time="0.01" />
  <testcase classname="ptolemy.util.test.junit.AutoTests" name="[323] /home/travis/build/icyphy/ptII/ptolemy/actor/lib/test/auto/Scale.xml (RunModel)" time="0.008" />
  <testcase classname="ptolemy.util.test.junit.AutoTests" name="[324] /home/travis/build/icyphy/ptII/ptolemy/actor/lib/test/auto/Scale2.xml (RunModel)" time="0.009" />
  <testcase classname="ptolemy.util.test.junit.AutoTests" name="[325] /home/travis/build/icyphy/ptII/ptolemy/actor/lib/test/auto/Scale3.xml (RunModel)" time="0.013" />
  <testcase classname="ptolemy.util.test.junit.AutoTests" name="[326] /home/travis/build/icyphy/ptII/ptolemy/actor/lib/test/auto/ScaleArray.xml (RunModel)" time="0.008" />
  <testcase classname="ptolemy.util.test.junit.AutoTests" name="[327] /home/travis/build/icyphy/ptII/ptolemy/actor/lib/test/auto/ScaleArray2.xml (RunModel)" time="0.009" />
  <testcase classname="ptolemy.util.test.junit.AutoTests" name="[328] /home/travis/build/icyphy/ptII/ptolemy/actor/lib/test/auto/ScaleMatrix.xml (RunModel)" time="0.102" />
  <testcase classname="ptolemy.util.test.junit.AutoTests" name="[329] /home/travis/build/icyphy/ptII/ptolemy/actor/lib/test/auto/Select.xml (RunModel)" time="0.012" />
  <testcase classname="ptolemy.util.test.junit.AutoTests" name="[330] /home/travis/build/icyphy/ptII/ptolemy/actor/lib/test/auto/Select2.xml (RunModel)" time="0.008" />
  <testcase classname="ptolemy.util.test.junit.AutoTests" name="[331] /home/travis/build/icyphy/ptII/ptolemy/actor/lib/test/auto/SequenceToArray2.xml (RunModel)" time="0.122" />
  <testcase classname="ptolemy.util.test.junit.AutoTests" name="[332] /home/travis/build/icyphy/ptII/ptolemy/actor/lib/test/auto/SequentialClock.xml (RunModel)" time="0.015" />
  <testcase classname="ptolemy.util.test.junit.AutoTests" name="[333] /home/travis/build/icyphy/ptII/ptolemy/actor/lib/test/auto/SetVariable.xml (RunModel)" time="0.01" />
  <testcase classname="ptolemy.util.test.junit.AutoTests" name="[334] /home/travis/build/icyphy/ptII/ptolemy/actor/lib/test/auto/SetVariable2.xml (RunModel)" time="0.011" />
  <testcase classname="ptolemy.util.test.junit.AutoTests" name="[335] /home/travis/build/icyphy/ptII/ptolemy/actor/lib/test/auto/SetVariable3.xml (RunModel)" time="0.017" />
  <testcase classname="ptolemy.util.test.junit.AutoTests" name="[336] /home/travis/build/icyphy/ptII/ptolemy/actor/lib/test/auto/SetVariable4.xml (RunModel)" time="0.021" />
  <testcase classname="ptolemy.util.test.junit.AutoTests" name="[337] /home/travis/build/icyphy/ptII/ptolemy/actor/lib/test/auto/SetVariable5.xml (RunModel)" time="0.028" />
  <testcase classname="ptolemy.util.test.junit.AutoTests" name="[338] /home/travis/build/icyphy/ptII/ptolemy/actor/lib/test/auto/Sinewave.xml (RunModel)" time="0.033" />
  <testcase classname="ptolemy.util.test.junit.AutoTests" name="[339] /home/travis/build/icyphy/ptII/ptolemy/actor/lib/test/auto/Sinewave2.xml (RunModel)" time="0.018" />
  <testcase classname="ptolemy.util.test.junit.AutoTests" name="[340] /home/travis/build/icyphy/ptII/ptolemy/actor/lib/test/auto/Sinewave3.xml (RunModel)" time="0.019" />
  <testcase classname="ptolemy.util.test.junit.AutoTests" name="[341] /home/travis/build/icyphy/ptII/ptolemy/actor/lib/test/auto/SingleEvent.xml (RunModel)" time="0.006" />
  <testcase classname="ptolemy.util.test.junit.AutoTests" name="[342] /home/travis/build/icyphy/ptII/ptolemy/actor/lib/test/auto/Sleep.xml (RunModel)" time="6.013" />
  <testcase classname="ptolemy.util.test.junit.AutoTests" name="[343] /home/travis/build/icyphy/ptII/ptolemy/actor/lib/test/auto/SleepMultipleFire.xml (RunModel)" time="1.018" />
  <testcase classname="ptolemy.util.test.junit.AutoTests" name="[344] /home/travis/build/icyphy/ptII/ptolemy/actor/lib/test/auto/StopDE.xml (RunModel)" time="0.012" />
  <testcase classname="ptolemy.util.test.junit.AutoTests" name="[345] /home/travis/build/icyphy/ptII/ptolemy/actor/lib/test/auto/StopSDF.xml (RunModel)" time="0.012" />
  <testcase classname="ptolemy.util.test.junit.AutoTests" name="[346] /home/travis/build/icyphy/ptII/ptolemy/actor/lib/test/auto/StringConstant.xml (RunModel)" time="0.009" />
  <testcase classname="ptolemy.util.test.junit.AutoTests" name="[347] /home/travis/build/icyphy/ptII/ptolemy/actor/lib/test/auto/SubscriberPortInitialValues1.xml (RunModel)" time="0.018" />
  <testcase classname="ptolemy.util.test.junit.AutoTests" name="[348] /home/travis/build/icyphy/ptII/ptolemy/actor/lib/test/auto/SubscriberPortInitialValues13.xml (RunModel)" time="0.024" />
  <testcase classname="ptolemy.util.test.junit.AutoTests" name="[349] /home/travis/build/icyphy/ptII/ptolemy/actor/lib/test/auto/SubscriberPortInitialValues14.xml (RunModel)" time="0.014" />
  <testcase classname="ptolemy.util.test.junit.AutoTests" name="[350] /home/travis/build/icyphy/ptII/ptolemy/actor/lib/test/auto/SubscriberPortInitialValues2.xml (RunModel)" time="0.014" />
  <testcase classname="ptolemy.util.test.junit.AutoTests" name="[351] /home/travis/build/icyphy/ptII/ptolemy/actor/lib/test/auto/SubscriberPortInitialValues3.xml (RunModel)" time="0.019" />
  <testcase classname="ptolemy.util.test.junit.AutoTests" name="[352] /home/travis/build/icyphy/ptII/ptolemy/actor/lib/test/auto/SubscriptionAggregator.xml (RunModel)" time="0.012" />
  <testcase classname="ptolemy.util.test.junit.AutoTests" name="[353] /home/travis/build/icyphy/ptII/ptolemy/actor/lib/test/auto/SubscriptionAggregator2.xml (RunModel)" time="0.012" />
  <testcase classname="ptolemy.util.test.junit.AutoTests" name="[354] /home/travis/build/icyphy/ptII/ptolemy/actor/lib/test/auto/SubscriptionAggregator3.xml (RunModel)" time="0.016" />
  <testcase classname="ptolemy.util.test.junit.AutoTests" name="[355] /home/travis/build/icyphy/ptII/ptolemy/actor/lib/test/auto/SubscriptionAggregatorMultiply.xml (RunModel)" time="0.015" />
  <testcase classname="ptolemy.util.test.junit.AutoTests" name="[356] /home/travis/build/icyphy/ptII/ptolemy/actor/lib/test/auto/SubscriptionAggregatorPortMultiply1.xml (RunModel)" time="0.02" />
  <testcase classname="ptolemy.util.test.junit.AutoTests" name="[357] /home/travis/build/icyphy/ptII/ptolemy/actor/lib/test/auto/Switch.xml (RunModel)" time="0.012" />
  <testcase classname="ptolemy.util.test.junit.AutoTests" name="[358] /home/travis/build/icyphy/ptII/ptolemy/actor/lib/test/auto/Switch2.xml (RunModel)" time="0.013" />
  <testcase classname="ptolemy.util.test.junit.AutoTests" name="[359] /home/travis/build/icyphy/ptII/ptolemy/actor/lib/test/auto/SwitchDE.xml (RunModel)" time="0.011" />
  <testcase classname="ptolemy.util.test.junit.AutoTests" name="[360] /home/travis/build/icyphy/ptII/ptolemy/actor/lib/test/auto/SynchronizerDE.xml (RunModel)" time="0.017" />
  <testcase classname="ptolemy.util.test.junit.AutoTests" name="[361] /home/travis/build/icyphy/ptII/ptolemy/actor/lib/test/auto/Test.xml (RunModel)" time="0.009" />
  <testcase classname="ptolemy.util.test.junit.AutoTests" name="[362] /home/travis/build/icyphy/ptII/ptolemy/actor/lib/test/auto/TestExceptionAttribute1.xml (RunModel)" time="0.006" />
  <testcase classname="ptolemy.util.test.junit.AutoTests" name="[363] /home/travis/build/icyphy/ptII/ptolemy/actor/lib/test/auto/TestExceptionAttribute2.xml (RunModel)" time="0.006" />
  <testcase classname="ptolemy.util.test.junit.AutoTests" name="[364] /home/travis/build/icyphy/ptII/ptolemy/actor/lib/test/auto/TestExceptionAttribute3.xml (RunModel)" time="0.007" />
  <testcase classname="ptolemy.util.test.junit.AutoTests" name="[365] /home/travis/build/icyphy/ptII/ptolemy/actor/lib/test/auto/TestExceptionAttribute4.xml (RunModel)" time="0.007" />
  <testcase classname="ptolemy.util.test.junit.AutoTests" name="[366] /home/travis/build/icyphy/ptII/ptolemy/actor/lib/test/auto/TestExceptionHandler1.xml (RunModel)" time="0.006" />
  <testcase classname="ptolemy.util.test.junit.AutoTests" name="[367] /home/travis/build/icyphy/ptII/ptolemy/actor/lib/test/auto/TestExceptionHandler2.xml (RunModel)" time="0.006" />
  <testcase classname="ptolemy.util.test.junit.AutoTests" name="[368] /home/travis/build/icyphy/ptII/ptolemy/actor/lib/test/auto/TestExceptionHandler3.xml (RunModel)" time="0.006" />
  <testcase classname="ptolemy.util.test.junit.AutoTests" name="[369] /home/travis/build/icyphy/ptII/ptolemy/actor/lib/test/auto/TestExceptionHandler4.xml (RunModel)" time="0.006" />
  <testcase classname="ptolemy.util.test.junit.AutoTests" name="[370] /home/travis/build/icyphy/ptII/ptolemy/actor/lib/test/auto/TestRequireCorrectOrder.xml (RunModel)" time="0.01" />
  <testcase classname="ptolemy.util.test.junit.AutoTests" name="[371] /home/travis/build/icyphy/ptII/ptolemy/actor/lib/test/auto/TestSimple.xml (RunModel)" time="0.006" />
  <testcase classname="ptolemy.util.test.junit.AutoTests" name="[372] /home/travis/build/icyphy/ptII/ptolemy/actor/lib/test/auto/ThrowModelError.xml (RunModel)" time="0.01" />
  <testcase classname="ptolemy.util.test.junit.AutoTests" name="[373] /home/travis/build/icyphy/ptII/ptolemy/actor/lib/test/auto/TimeDelayMicrosteps.xml (RunModel)" time="0.014" />
  <testcase classname="ptolemy.util.test.junit.AutoTests" name="[374] /home/travis/build/icyphy/ptII/ptolemy/actor/lib/test/auto/TimeDelayMicrosteps2.xml (RunModel)" time="0.014" />
  <testcase classname="ptolemy.util.test.junit.AutoTests" name="[375] /home/travis/build/icyphy/ptII/ptolemy/actor/lib/test/auto/TimeDelayMicrosteps3.xml (RunModel)" time="0.013" />
  <testcase classname="ptolemy.util.test.junit.AutoTests" name="[376] /home/travis/build/icyphy/ptII/ptolemy/actor/lib/test/auto/TimeDelayVariableMicrosteps.xml (RunModel)" time="0.013" />
  <testcase classname="ptolemy.util.test.junit.AutoTests" name="[377] /home/travis/build/icyphy/ptII/ptolemy/actor/lib/test/auto/TimeGap.xml (RunModel)" time="0.014" />
  <testcase classname="ptolemy.util.test.junit.AutoTests" name="[378] /home/travis/build/icyphy/ptII/ptolemy/actor/lib/test/auto/TimeGap2.xml (RunModel)" time="0.014" />
  <testcase classname="ptolemy.util.test.junit.AutoTests" name="[379] /home/travis/build/icyphy/ptII/ptolemy/actor/lib/test/auto/TimedSinewave.xml (RunModel)" time="0.064" />
  <testcase classname="ptolemy.util.test.junit.AutoTests" name="[380] /home/travis/build/icyphy/ptII/ptolemy/actor/lib/test/auto/TimedSinewavePhase.xml (RunModel)" time="0.029" />
  <testcase classname="ptolemy.util.test.junit.AutoTests" name="[381] /home/travis/build/icyphy/ptII/ptolemy/actor/lib/test/auto/Timer.xml (RunModel)" time="0.012" />
  <testcase classname="ptolemy.util.test.junit.AutoTests" name="[382] /home/travis/build/icyphy/ptII/ptolemy/actor/lib/test/auto/TriangularDistTestModel.xml (RunModel)" time="0.023" />
  <testcase classname="ptolemy.util.test.junit.AutoTests" name="[383] /home/travis/build/icyphy/ptII/ptolemy/actor/lib/test/auto/TrigFunction.xml (RunModel)" time="0.013" />
  <testcase classname="ptolemy.util.test.junit.AutoTests" name="[384] /home/travis/build/icyphy/ptII/ptolemy/actor/lib/test/auto/TrigFunctionDE.xml (RunModel)" time="0.012" />
  <testcase classname="ptolemy.util.test.junit.AutoTests" name="[385] /home/travis/build/icyphy/ptII/ptolemy/actor/lib/test/auto/TrigFunctionInverse.xml (RunModel)" time="0.01" />
  <testcase classname="ptolemy.util.test.junit.AutoTests" name="[386] /home/travis/build/icyphy/ptII/ptolemy/actor/lib/test/auto/TrigFunctionTan.xml (RunModel)" time="0.007" />
  <testcase classname="ptolemy.util.test.junit.AutoTests" name="[387] /home/travis/build/icyphy/ptII/ptolemy/actor/lib/test/auto/TriggeredClock.xml (RunModel)" time="0.009" />
  <testcase classname="ptolemy.util.test.junit.AutoTests" name="[388] /home/travis/build/icyphy/ptII/ptolemy/actor/lib/test/auto/URLDirectoryReader.xml (RunModel)" time="0.093" />
  <testcase classname="ptolemy.util.test.junit.AutoTests" name="[389] /home/travis/build/icyphy/ptII/ptolemy/actor/lib/test/auto/URLDirectoryReader3.xml (RunModel)" time="1.25" />
  <testcase classname="ptolemy.util.test.junit.AutoTests" name="[390] /home/travis/build/icyphy/ptII/ptolemy/actor/lib/test/auto/UnaryMathFunction.xml (RunModel)" time="0.023" />
  <testcase classname="ptolemy.util.test.junit.AutoTests" name="[391] /home/travis/build/icyphy/ptII/ptolemy/actor/lib/test/auto/Uniform.xml (RunModel)" time="0.014" />
  <testcase classname="ptolemy.util.test.junit.AutoTests" name="[392] /home/travis/build/icyphy/ptII/ptolemy/actor/lib/test/auto/UnionDisassemblerTest.xml (RunModel)" time="0.007" />
  <testcase classname="ptolemy.util.test.junit.AutoTests" name="[393] /home/travis/build/icyphy/ptII/ptolemy/actor/lib/test/auto/UtilityFunctions.xml (RunModel)" time="0.007" />
  <testcase classname="ptolemy.util.test.junit.AutoTests" name="[394] /home/travis/build/icyphy/ptII/ptolemy/actor/lib/test/auto/VariableSleep.xml (RunModel)" time="0.513" />
  <testcase classname="ptolemy.util.test.junit.AutoTests" name="[395] /home/travis/build/icyphy/ptII/ptolemy/actor/lib/test/auto/VectorAssemblerDisassemblerCT.xml (RunModel)" time="0.121" />
  <testcase classname="ptolemy.util.test.junit.AutoTests" name="[396] /home/travis/build/icyphy/ptII/ptolemy/actor/lib/test/auto/VectorAssemblerDisassemblerDE.xml (RunModel)" time="0.016" />
  <testcase classname="ptolemy.util.test.junit.AutoTests" name="[397] /home/travis/build/icyphy/ptII/ptolemy/actor/lib/test/auto/VectorAssemblerDisassemblerSDF.xml (RunModel)" time="0.015" />
  <testcase classname="ptolemy.util.test.junit.AutoTests" name="[398] /home/travis/build/icyphy/ptII/ptolemy/actor/lib/test/auto/WallClockTime.xml (RunModel)" time="1.016" />
  <testcase classname="ptolemy.util.test.junit.AutoTests" name="[399] /home/travis/build/icyphy/ptII/ptolemy/actor/lib/test/auto/WidthTestWithSubscriberPublisher.xml (RunModel)" time="0.046" />
  <testcase classname="ptolemy.util.test.junit.AutoTests" name="[400] /home/travis/build/icyphy/ptII/ptolemy/actor/lib/test/auto/WidthTestWithSubscriberPublisher2.xml (RunModel)" time="0.016" />
  <testcase classname="ptolemy.util.test.junit.AutoTests" name="[401] /home/travis/build/icyphy/ptII/ptolemy/actor/lib/test/auto/WidthTestWithSubscriberPublisher3.xml (RunModel)" time="0.028" />
  <testcase classname="ptolemy.util.test.junit.AutoTests" name="[402] /home/travis/build/icyphy/ptII/ptolemy/actor/lib/test/auto/Writer.xml (RunModel)" time="0.01" />
  <testcase classname="ptolemy.util.test.junit.AutoTests" name="[403] /home/travis/build/icyphy/ptII/ptolemy/actor/lib/test/auto/array.xml (RunModel)" time="0.026" />
  <testcase classname="ptolemy.util.test.junit.AutoTests" name="[404] /home/travis/build/icyphy/ptII/ptolemy/actor/lib/test/auto/array2.xml (RunModel)" time="0.019" />
  <testcase classname="ptolemy.util.test.junit.AutoTests" name="[405] /home/travis/build/icyphy/ptII/ptolemy/actor/lib/test/auto/arrayType.xml (RunModel)" time="0.009" />
  <testcase classname="ptolemy.util.test.junit.AutoTests" name="[406] /home/travis/build/icyphy/ptII/ptolemy/actor/lib/test/auto/arrayType10.xml (RunModel)" time="0.008" />
  <testcase classname="ptolemy.util.test.junit.AutoTests" name="[407] /home/travis/build/icyphy/ptII/ptolemy/actor/lib/test/auto/arrayType11.xml (RunModel)" time="0.008" />
  <testcase classname="ptolemy.util.test.junit.AutoTests" name="[408] /home/travis/build/icyphy/ptII/ptolemy/actor/lib/test/auto/arrayType12.xml (RunModel)" time="0.011" />
  <testcase classname="ptolemy.util.test.junit.AutoTests" name="[409] /home/travis/build/icyphy/ptII/ptolemy/actor/lib/test/auto/arrayType13.xml (RunModel)" time="0.009" />
  <testcase classname="ptolemy.util.test.junit.AutoTests" name="[410] /home/travis/build/icyphy/ptII/ptolemy/actor/lib/test/auto/arrayType14.xml (RunModel)" time="0.009" />
  <testcase classname="ptolemy.util.test.junit.AutoTests" name="[411] /home/travis/build/icyphy/ptII/ptolemy/actor/lib/test/auto/arrayType15.xml (RunModel)" time="0.009" />
  <testcase classname="ptolemy.util.test.junit.AutoTests" name="[412] /home/travis/build/icyphy/ptII/ptolemy/actor/lib/test/auto/arrayType16.xml (RunModel)" time="0.009" />
  <testcase classname="ptolemy.util.test.junit.AutoTests" name="[413] /home/travis/build/icyphy/ptII/ptolemy/actor/lib/test/auto/arrayType17.xml (RunModel)" time="0.009" />
  <testcase classname="ptolemy.util.test.junit.AutoTests" name="[414] /home/travis/build/icyphy/ptII/ptolemy/actor/lib/test/auto/arrayType18.xml (RunModel)" time="0.008" />
  <testcase classname="ptolemy.util.test.junit.AutoTests" name="[415] /home/travis/build/icyphy/ptII/ptolemy/actor/lib/test/auto/arrayType19.xml (RunModel)" time="0.008" />
  <testcase classname="ptolemy.util.test.junit.AutoTests" name="[416] /home/travis/build/icyphy/ptII/ptolemy/actor/lib/test/auto/arrayType2.xml (RunModel)" time="0.009" />
  <testcase classname="ptolemy.util.test.junit.AutoTests" name="[417] /home/travis/build/icyphy/ptII/ptolemy/actor/lib/test/auto/arrayType20.xml (RunModel)" time="0.009" />
  <testcase classname="ptolemy.util.test.junit.AutoTests" name="[418] /home/travis/build/icyphy/ptII/ptolemy/actor/lib/test/auto/arrayType21.xml (RunModel)" time="0.008" />
  <testcase classname="ptolemy.util.test.junit.AutoTests" name="[419] /home/travis/build/icyphy/ptII/ptolemy/actor/lib/test/auto/arrayType22.xml (RunModel)" time="0.008" />
  <testcase classname="ptolemy.util.test.junit.AutoTests" name="[420] /home/travis/build/icyphy/ptII/ptolemy/actor/lib/test/auto/arrayType23.xml (RunModel)" time="0.008" />
  <testcase classname="ptolemy.util.test.junit.AutoTests" name="[421] /home/travis/build/icyphy/ptII/ptolemy/actor/lib/test/auto/arrayType24.xml (RunModel)" time="0.008" />
  <testcase classname="ptolemy.util.test.junit.AutoTests" name="[422] /home/travis/build/icyphy/ptII/ptolemy/actor/lib/test/auto/arrayType25.xml (RunModel)" time="0.009" />
  <testcase classname="ptolemy.util.test.junit.AutoTests" name="[423] /home/travis/build/icyphy/ptII/ptolemy/actor/lib/test/auto/arrayType26.xml (RunModel)" time="0.009" />
  <testcase classname="ptolemy.util.test.junit.AutoTests" name="[424] /home/travis/build/icyphy/ptII/ptolemy/actor/lib/test/auto/arrayType27.xml (RunModel)" time="0.009" />
  <testcase classname="ptolemy.util.test.junit.AutoTests" name="[425] /home/travis/build/icyphy/ptII/ptolemy/actor/lib/test/auto/arrayType28.xml (RunModel)" time="0.009" />
  <testcase classname="ptolemy.util.test.junit.AutoTests" name="[426] /home/travis/build/icyphy/ptII/ptolemy/actor/lib/test/auto/arrayType3.xml (RunModel)" time="0.009" />
  <testcase classname="ptolemy.util.test.junit.AutoTests" name="[427] /home/travis/build/icyphy/ptII/ptolemy/actor/lib/test/auto/arrayType4.xml (RunModel)" time="0.009" />
  <testcase classname="ptolemy.util.test.junit.AutoTests" name="[428] /home/travis/build/icyphy/ptII/ptolemy/actor/lib/test/auto/arrayType5.xml (RunModel)" time="0.01" />
  <testcase classname="ptolemy.util.test.junit.AutoTests" name="[429] /home/travis/build/icyphy/ptII/ptolemy/actor/lib/test/auto/arrayType6.xml (RunModel)" time="0.008" />
  <testcase classname="ptolemy.util.test.junit.AutoTests" name="[430] /home/travis/build/icyphy/ptII/ptolemy/actor/lib/test/auto/arrayType7.xml (RunModel)" time="0.009" />
  <testcase classname="ptolemy.util.test.junit.AutoTests" name="[431] /home/travis/build/icyphy/ptII/ptolemy/actor/lib/test/auto/arrayType8.xml (RunModel)" time="0.01" />
  <testcase classname="ptolemy.util.test.junit.AutoTests" name="[432] /home/travis/build/icyphy/ptII/ptolemy/actor/lib/test/auto/arrayType9.xml (RunModel)" time="0.008" />
  <testcase classname="ptolemy.util.test.junit.AutoTests" name="[433] /home/travis/build/icyphy/ptII/ptolemy/actor/lib/test/auto/cast.xml (RunModel)" time="0.01" />
  <testcase classname="ptolemy.util.test.junit.AutoTests" name="[434] /home/travis/build/icyphy/ptII/ptolemy/actor/lib/test/auto/compositeMultiPort.xml (RunModel)" time="0.016" />
  <testcase classname="ptolemy.util.test.junit.AutoTests" name="[435] /home/travis/build/icyphy/ptII/ptolemy/actor/lib/test/auto/expressionCastInference.xml (RunModel)" time="0.008" />
  <testcase classname="ptolemy.util.test.junit.AutoTests" name="[436] /home/travis/build/icyphy/ptII/ptolemy/actor/lib/test/auto/expressionCastInference2.xml (RunModel)" time="0.008" />
  <testcase classname="ptolemy.util.test.junit.AutoTests" name="[437] /home/travis/build/icyphy/ptII/ptolemy/actor/lib/test/auto/expressionInference.xml (RunModel)" time="0.008" />
  <testcase classname="ptolemy.util.test.junit.AutoTests" name="[438] /home/travis/build/icyphy/ptII/ptolemy/actor/lib/test/auto/expression_bug.xml (RunModel)" time="0.007" />
  <testcase classname="ptolemy.util.test.junit.AutoTests" name="[439] /home/travis/build/icyphy/ptII/ptolemy/actor/lib/test/auto/factorial.xml (RunModel)" time="0.049" />
  <testcase classname="ptolemy.util.test.junit.AutoTests" name="[440] /home/travis/build/icyphy/ptII/ptolemy/actor/lib/test/auto/filterTest1.xml (RunModel)" time="0.014" />
  <testcase classname="ptolemy.util.test.junit.AutoTests" name="[441] /home/travis/build/icyphy/ptII/ptolemy/actor/lib/test/auto/funcApplyInConst.xml (RunModel)" time="0.006" />
  <testcase classname="ptolemy.util.test.junit.AutoTests" name="[442] /home/travis/build/icyphy/ptII/ptolemy/actor/lib/test/auto/funcApplyInExpr.xml (RunModel)" time="0.006" />
  <testcase classname="ptolemy.util.test.junit.AutoTests" name="[443] /home/travis/build/icyphy/ptII/ptolemy/actor/lib/test/auto/function.xml (RunModel)" time="0.01" />
  <testcase classname="ptolemy.util.test.junit.AutoTests" name="[444] /home/travis/build/icyphy/ptII/ptolemy/actor/lib/test/auto/function2.xml (RunModel)" time="0.011" />
  <testcase classname="ptolemy.util.test.junit.AutoTests" name="[445] /home/travis/build/icyphy/ptII/ptolemy/actor/lib/test/auto/function3.xml (RunModel)" time="0.007" />
  <testcase classname="ptolemy.util.test.junit.AutoTests" name="[446] /home/travis/build/icyphy/ptII/ptolemy/actor/lib/test/auto/functionClosureTest1.xml (RunModel)" time="0.011" />
  <testcase classname="ptolemy.util.test.junit.AutoTests" name="[447] /home/travis/build/icyphy/ptII/ptolemy/actor/lib/test/auto/functionClosureTest2.xml (RunModel)" time="0.007" />
  <testcase classname="ptolemy.util.test.junit.AutoTests" name="[448] /home/travis/build/icyphy/ptII/ptolemy/actor/lib/test/auto/functionClosureTest3.xml (RunModel)" time="0.01" />
  <testcase classname="ptolemy.util.test.junit.AutoTests" name="[449] /home/travis/build/icyphy/ptII/ptolemy/actor/lib/test/auto/functionClosureTest4.xml (RunModel)" time="0.015" />
  <testcase classname="ptolemy.util.test.junit.AutoTests" name="[450] /home/travis/build/icyphy/ptII/ptolemy/actor/lib/test/auto/functionClosureTest5.xml (RunModel)" time="0.012" />
  <testcase classname="ptolemy.util.test.junit.AutoTests" name="[451] /home/travis/build/icyphy/ptII/ptolemy/actor/lib/test/auto/functionClosureTest6.xml (RunModel)" time="0.009" />
  <testcase classname="ptolemy.util.test.junit.AutoTests" name="[452] /home/travis/build/icyphy/ptII/ptolemy/actor/lib/test/auto/functionsOnArcs.xml (RunModel)" time="0.01" />
  <testcase classname="ptolemy.util.test.junit.AutoTests" name="[453] /home/travis/build/icyphy/ptII/ptolemy/actor/lib/test/auto/functionsOnArcsHOF.xml (RunModel)" time="0.012" />
  <testcase classname="ptolemy.util.test.junit.AutoTests" name="[454] /home/travis/build/icyphy/ptII/ptolemy/actor/lib/test/auto/logic.xml (RunModel)" time="0.018" />
  <testcase classname="ptolemy.util.test.junit.AutoTests" name="[455] /home/travis/build/icyphy/ptII/ptolemy/actor/lib/test/auto/matrixType.xml (RunModel)" time="0.01" />
  <testcase classname="ptolemy.util.test.junit.AutoTests" name="[456] /home/travis/build/icyphy/ptII/ptolemy/actor/lib/test/auto/matrixType10.xml (RunModel)" time="0.01" />
  <testcase classname="ptolemy.util.test.junit.AutoTests" name="[457] /home/travis/build/icyphy/ptII/ptolemy/actor/lib/test/auto/matrixType11.xml (RunModel)" time="0.008" />
  <testcase classname="ptolemy.util.test.junit.AutoTests" name="[458] /home/travis/build/icyphy/ptII/ptolemy/actor/lib/test/auto/matrixType12.xml (RunModel)" time="0.011" />
  <testcase classname="ptolemy.util.test.junit.AutoTests" name="[459] /home/travis/build/icyphy/ptII/ptolemy/actor/lib/test/auto/matrixType13.xml (RunModel)" time="0.008" />
  <testcase classname="ptolemy.util.test.junit.AutoTests" name="[460] /home/travis/build/icyphy/ptII/ptolemy/actor/lib/test/auto/matrixType14.xml (RunModel)" time="0.01" />
  <testcase classname="ptolemy.util.test.junit.AutoTests" name="[461] /home/travis/build/icyphy/ptII/ptolemy/actor/lib/test/auto/matrixType2.xml (RunModel)" time="0.008" />
  <testcase classname="ptolemy.util.test.junit.AutoTests" name="[462] /home/travis/build/icyphy/ptII/ptolemy/actor/lib/test/auto/matrixType3.xml (RunModel)" time="0.01" />
  <testcase classname="ptolemy.util.test.junit.AutoTests" name="[463] /home/travis/build/icyphy/ptII/ptolemy/actor/lib/test/auto/matrixType4.xml (RunModel)" time="0.008" />
  <testcase classname="ptolemy.util.test.junit.AutoTests" name="[464] /home/travis/build/icyphy/ptII/ptolemy/actor/lib/test/auto/matrixType5.xml (RunModel)" time="0.007" />
  <testcase classname="ptolemy.util.test.junit.AutoTests" name="[465] /home/travis/build/icyphy/ptII/ptolemy/actor/lib/test/auto/matrixType6.xml (RunModel)" time="0.008" />
  <testcase classname="ptolemy.util.test.junit.AutoTests" name="[466] /home/travis/build/icyphy/ptII/ptolemy/actor/lib/test/auto/matrixType7.xml (RunModel)" time="0.008" />
  <testcase classname="ptolemy.util.test.junit.AutoTests" name="[467] /home/travis/build/icyphy/ptII/ptolemy/actor/lib/test/auto/matrixType8.xml (RunModel)" time="0.009" />
  <testcase classname="ptolemy.util.test.junit.AutoTests" name="[468] /home/travis/build/icyphy/ptII/ptolemy/actor/lib/test/auto/matrixType9.xml (RunModel)" time="0.008" />
  <testcase classname="ptolemy.util.test.junit.AutoTests" name="[469] /home/travis/build/icyphy/ptII/ptolemy/actor/lib/test/auto/paraFunctest.xml (RunModel)" time="0.008" />
  <testcase classname="ptolemy.util.test.junit.AutoTests" name="[470] /home/travis/build/icyphy/ptII/ptolemy/actor/lib/test/auto/paraFunctest2.xml (RunModel)" time="0.01" />
  <testcase classname="ptolemy.util.test.junit.AutoTests" name="[471] /home/travis/build/icyphy/ptII/ptolemy/actor/lib/test/auto/parameterPassing.xml (RunModel)" time="0.017" />
  <testcase classname="ptolemy.util.test.junit.AutoTests" name="[472] /home/travis/build/icyphy/ptII/ptolemy/actor/lib/test/auto/record.xml (RunModel)" time="0.01" />
  <testcase classname="ptolemy.util.test.junit.AutoTests" name="[473] /home/travis/build/icyphy/ptII/ptolemy/actor/lib/test/auto/sizedarray1.xml (RunModel)" time="0.008" />
  <testcase classname="ptolemy.util.test.junit.AutoTests" name="[474] /home/travis/build/icyphy/ptII/ptolemy/actor/lib/test/auto/sizedarray2.xml (RunModel)" time="0.009" />
  <testcase classname="ptolemy.util.test.junit.AutoTests" name="[475] /home/travis/build/icyphy/ptII/ptolemy/actor/lib/test/auto/twoPublishers.xml (RunModel)" time="0.025" />
  <system-out><![CDATA[/home/travis/build/icyphy/ptII/ptolemy/actor/lib/test/AbsoluteValue.tcl
testDefs.tcl: setting time out to 9000 seconds at Wed Jun 13 23:02:15 UTC 2018
74 ms. Memory: 116224K Free: 106777K (92%)
4 ms. Memory: 116224K Free: 105586K (91%)
5 ms. Memory: 116224K Free: 104395K (90%)
10 ms. Memory: 116224K Free: 103800K (89%)
/home/travis/build/icyphy/ptII/ptolemy/actor/lib/test/AddSubtract.tcl
13 ms. Memory: 116224K Free: 101983K (88%)
5 ms. Memory: 116224K Free: 100768K (87%)
4 ms. Memory: 116224K Free: 100173K (86%)
5 ms. Memory: 116224K Free: 99570K (86%)
5 ms. Memory: 116224K Free: 98951K (85%)
4 ms. Memory: 116224K Free: 98316K (85%)
/home/travis/build/icyphy/ptII/ptolemy/actor/lib/test/Average.tcl
7 ms. Memory: 116224K Free: 96498K (83%)
6 ms. Memory: 116224K Free: 95292K (82%)
/home/travis/build/icyphy/ptII/ptolemy/actor/lib/test/Bernoulli.tcl
4 ms. Memory: 116224K Free: 93466K (80%)
2 ms. Memory: 116224K Free: 92863K (80%)
/home/travis/build/icyphy/ptII/ptolemy/actor/lib/test/Clock.tcl
preinitializing
resolving types
initializing
executing number 1
wrapping up
idle
19 ms. Memory: 116224K Free: 90466K (78%)
Completed execution with 5 iterations
preinitializing
resolving types
initializing
executing number 1
wrapping up
idle
6 ms. Memory: 116224K Free: 89831K (77%)
Completed execution with 5 iterations
preinitializing
resolving types
initializing
executing number 1
wrapping up
idle
12 ms. Memory: 116224K Free: 89228K (77%)
Completed execution with 5 iterations
/home/travis/build/icyphy/ptII/ptolemy/actor/lib/test/Commutator.tcl
17 ms. Memory: 116224K Free: 87411K (75%)
6 ms. Memory: 116224K Free: 86204K (74%)
8 ms. Memory: 116224K Free: 81918K (70%)
/home/travis/build/icyphy/ptII/ptolemy/actor/lib/test/Const.tcl
3 ms. Memory: 146944K Free: 139930K (95%)
3 ms. Memory: 146944K Free: 138732K (94%)
2 ms. Memory: 146944K Free: 138732K (94%)
2 ms. Memory: 146944K Free: 137517K (94%)
2 ms. Memory: 146944K Free: 137517K (94%)
11 ms. Memory: 146944K Free: 135120K (92%)
4 ms. Memory: 146944K Free: 133921K (91%)
3 ms. Memory: 146944K Free: 133921K (91%)
/home/travis/build/icyphy/ptII/ptolemy/actor/lib/test/CurrentTime.tcl
preinitializing
resolving types
initializing
executing number 1
wrapping up
idle
7 ms. Memory: 146944K Free: 131524K (90%)
Completed execution with 11 iterations
/home/travis/build/icyphy/ptII/ptolemy/actor/lib/test/DB.tcl
4 ms. Memory: 146944K Free: 130326K (89%)
1 ms. Memory: 146944K Free: 129127K (88%)
1 ms. Memory: 146944K Free: 129127K (88%)
/home/travis/build/icyphy/ptII/ptolemy/actor/lib/test/DiscreteRandomSource.tcl
preinitializing
resolving types
initializing
executing number 1
wrapping up
idle
4 ms. Memory: 146944K Free: 127929K (87%)
Completed execution with 4 iterations
preinitializing
resolving types
initializing
executing number 1
wrapping up
idle
2 ms. Memory: 146944K Free: 126730K (86%)
Completed execution with 4 iterations
preinitializing
resolving types
initializing
executing number 1
wrapping up
idle
2 ms. Memory: 146944K Free: 126730K (86%)
Completed execution with 4 iterations
preinitializing
resolving types
initializing
executing number 1
wrapping up
idle
3 ms. Memory: 146944K Free: 125516K (85%)
Completed execution with 4 iterations
preinitializing
resolving types
initializing
executing number 1
wrapping up
idle
3 ms. Memory: 146944K Free: 125516K (85%)
Completed execution with 4 iterations
/home/travis/build/icyphy/ptII/ptolemy/actor/lib/test/Distributor.tcl
8 ms. Memory: 146944K Free: 124315K (85%)
10 ms. Memory: 146944K Free: 123101K (84%)
StreamChangeRequest.changeExecuted(): <deleteEntity name="rec2"/> succeeded
StreamChangeRequest.changeExecuted(): <deleteRelation name="r2"/> succeeded
StreamChangeRequest.changeExecuted(): Record firings per iteration succeeded
12 ms. Memory: 146944K Free: 120688K (82%)
/home/travis/build/icyphy/ptII/ptolemy/actor/lib/test/Exit.tcl
Exit.tcl: this will print a message about Manager.exitAfterWrapup, which can be ignored.
3 ms. Memory: 146944K Free: 116448K (79%)
/home/travis/build/icyphy/ptII/ptolemy/actor/lib/test/Expression.tcl
9 ms. Memory: 146944K Free: 112806K (77%)
14 ms. Memory: 146944K Free: 112806K (77%)
2 ms. Memory: 146944K Free: 111607K (76%)
preinitializing
resolving types
initializing
executing number 1
wrapping up
idle
9 ms. Memory: 146944K Free: 110409K (75%)
Completed execution with 6 iterations
10 ms. Memory: 146944K Free: 109210K (74%)
9 ms. Memory: 146944K Free: 108012K (74%)
12 ms. Memory: 146944K Free: 106813K (73%)
4 ms. Memory: 146944K Free: 105615K (72%)
8 ms. Memory: 146944K Free: 104416K (71%)
/home/travis/build/icyphy/ptII/ptolemy/actor/lib/test/Gaussian.tcl
16 ms. Memory: 146944K Free: 103218K (70%)
sleeping 1 seconds: ....................................................................................................................................................................................................................................................................................................................................................................................................................................................................................................................................................................................................................................................................................................................................................................................................................................................................................................................................................................................................................................................................................................................................................................................................................................................................................................................................................................................................................................................................................................................................................................................................................................................................................................................................................................................................................................................................................................................................................................................................................................................................................................................................................................................................................................................................................................................................................................................................................................................................................................................................................................................................................................................................................................................................................................................................................................................................................................................................................................................................................................................................................................................................................................................................................................................................................................................................................................................................................................................................................................................................................................................................................................................................................................................................................................................................................................................................................................................................................................................................................................................................................................................................................................................................................................................................................................................................................................................................................................................................................................................................................................................................................................................................................................................................................................................................................................................................................................................................................................................................................................................................................................................................................................................................................................................................................................................................................................................................................................................................................................................................................................................................................................................................................................................................................................................................................................................................................................................................................................................................................................................................................................................................................................................................................................................................................................................................................................................................................................................................................................................................................................................................................................................................................................................................................................................................................................................................................................................................................................................................................................................................................................................................................................................................................................................................................................................................................................................................................................................................................................................................................................................................................................................................................................................................................................................................................................................................................................................................................................................................................................................................................................................................................................................................................................................................................................................................................................................................................................................................................................................................................................................................................................................................................................................................................................................................................................................................................................................................................................................................................................................................................................................................................................................................................................................................................................................................................................................................................................................................................................................................................................................................................................................................................................................................................................................................................................................................................................................................................................................................................................................................................................................................................................................................................................................................................................................................................................................................................................................................................................................................................................................................................................................................................................................................................................................................................................................................................................................................................................................................................................................................................................................................................................................................................................................................................................................................................................................................................................................................................................................................................................................................................................................................................................................................................................................................................................................................................................................................................................................................................................................................................................................................................................................................................................................................................................................................................................................................................................................................................................................................................................................................................................................................................................................................................................................................................................................................................................................................................................................................................................................................................................................................................................................................................................................................................................................................................................................................................................................................................................................................................................................................................................................................................................................................................................................................................................................................................................................................................................................................................................................................................................................................................................................................................................................................................................................................................................................................................................................................................................................................................................................................................................................................................................................................................................................................................................................................................................................................................................................................................................................................................................................................................................................................................................................................................................................................................................................................................................................................................................................................................................................................................................................................................................................................................................................................................................................................................................................................................................................................................................................................................................................................................................................................................................................................................................................................................................................................................................................................................................................................................................................................................................................................................................................................................................................................................................................................................................................................................................................................................................................................................................................................................................................................................................................................................................................................................................................................................................................................................................................................................................................................................................................................................................................................................................................................................................................................................................................................................................................................................................................................................................................................................................................................................................................................................................................................................................................................................................................................................................................................................................................................................................................................................................................................................................................................................................................................................................................................................................................................................................................................................................................................................................................................................................................................................................................................................................................................................................................................................................................................................................................................................................................................................................................................................................................................................................................................................................................................................................................................................................................................................................................................................................................................................................................................................................................................................................................................................................................................................................................................................................................................................................................................................................................................................................................................................................................................................................................................................................................................................................................................................................................................................................................................................................................................................................................................................................................................................................................................................................................................................................................................................................................................................................................................................................................................................................................................................................................................................................................................................................................................................................................................................................................................................................................................................................................................................................................................................................................................................................................................................................................................................................................................................................................................................................................................................................................................................................................................................................................................................................................................................................................................................................................................................................................................................................................................................................................................................................................................................................................................................................................................................................................................................................................................................................................................................................................................................................................................................................................................................................................................................................................................................................................................................................................................................................................................................................................................................................................................................................................................................................................................................................................................................................................................................................................................................................................................................................................................................................................................................................................................................................................................................................................................................................................................................................................................................................................................................................................................................................................................................................................................................................................................................................................................................................................................................................................................................................................................................................................................................................................................................................................................................................................................................................................................................................................................................................................................................................................................................................................................................................................................................................................................................................................................................................................................................................................................................................................................................................................................................................................................................................................................................................................................................................................................................................................................................................................................................................................................................................................................................................................................................................................................................................................................................................................................................................................................................................................................................................................................................................................................................................................................................................................................................................................................................................................................................................................................................................................................................................................................................................................................................................................................................................................................................................................................................................................................................................................................................................................................................................................................................................................................................................................................................................................................................................................................................................................................................................................................................................................................................................................................................................................................................................................................................................................................................................................................................................................................................................................................................................................................................................................................................................................................................................................................................................................................................................................................................................................................................................................................................................................................................................................................................................................................................................................................................................................................................................................................................................................................................................................................................................................................................................................................................................................................................................................................................................................................................................................................................................................................................................................................................................................................................................................................................................................................................................................................................................................................................................................................................................................................................................................................................................................................................................................................................................................................................................................................................................................................................................................................................................................................................................................................................................................................................................................................................................................................................................................................................................................................................................................................................................................................................................................................................................................................................................................................................................................................................................................................................................................................................................................................................................................................................................................................................................................................................................................................................................................................................................................................................................................................................................................................................................................................................................................................................................................................................................................................................................................................................................................................................................................................................................................................................................................................................................................................................................................................................................................................................................................................................................................................................................................................................................................................................................................................................................................................................................................................................................................................................................................................................................................................................................................................................................................................................................................................................................................................................................................................................................................................................................................................................................................................................................................................................................................................................................................................................................................................................................................................................................................................................................................................................................................................................................................................................................................................................................................................................................................................................................................................................................................................................................................................................................................................................................................................................................................................................................................................................................................................................................................................................................................................................................................................................................................................................................................................................................................................................................................................................................................................................................................................................................................................................................................................................................................................................................................................................................................................................................................................................................................................................................................................................................................................................................................................................................................................................................................................................................................................................................................................................................................................................................................................................................................................................................................................................................................................................................................................................................................................................................................................................................................................................................................................................................................................................................................................................................................................................................................................................................................................................................................................................................................................................................................................................................................................................................................................................................................................................................................................................................................................................................................................................................................................................................................................................................................................................................................................................................................................................................................................................................................................................................................................................................................................................................................................................................................................................................................................................................................................................................................................................................................................................................................................................................................................................................................................................3 ms. Memory: 208384K Free: 114342K (55%)
3 ms. Memory: 208384K Free: 114342K (55%)
5 ms. Memory: 208384K Free: 113822K (55%)
6 ms. Memory: 208384K Free: 111420K (53%)
3 ms. Memory: 208384K Free: 111420K (53%)
/home/travis/build/icyphy/ptII/ptolemy/actor/lib/test/IIR.tcl
/home/travis/build/icyphy/ptII/ptolemy/actor/lib/test/Interpolator.tcl
2 ms. Memory: 208384K Free: 106583K (51%)
2 ms. Memory: 208384K Free: 106583K (51%)
1 ms. Memory: 208384K Free: 106583K (51%)
1 ms. Memory: 208384K Free: 106583K (51%)
3 ms. Memory: 208384K Free: 104180K (50%)
2 ms. Memory: 208384K Free: 104180K (50%)
2 ms. Memory: 208384K Free: 104180K (50%)
2 ms. Memory: 208384K Free: 101777K (49%)
3 ms. Memory: 208384K Free: 101777K (49%)
3 ms. Memory: 208384K Free: 101777K (49%)
/home/travis/build/icyphy/ptII/ptolemy/actor/lib/test/MathFunction.tcl
5 ms. Memory: 208384K Free: 99375K (48%)
2 ms. Memory: 208384K Free: 96972K (47%)
2 ms. Memory: 208384K Free: 96972K (47%)
2 ms. Memory: 208384K Free: 94569K (45%)
4 ms. Memory: 208384K Free: 94569K (45%)
7 ms. Memory: 208384K Free: 92167K (44%)
/home/travis/build/icyphy/ptII/ptolemy/actor/lib/test/Maximum.tcl
10 ms. Memory: 208384K Free: 89764K (43%)
6 ms. Memory: 208384K Free: 89764K (43%)
6 ms. Memory: 208384K Free: 89764K (43%)
3 ms. Memory: 208384K Free: 87362K (42%)
/home/travis/build/icyphy/ptII/ptolemy/actor/lib/test/Minimum.tcl
9 ms. Memory: 208384K Free: 87362K (42%)
2 ms. Memory: 208384K Free: 84959K (41%)
4 ms. Memory: 208384K Free: 84959K (41%)
8 ms. Memory: 208384K Free: 84959K (41%)
/home/travis/build/icyphy/ptII/ptolemy/actor/lib/test/MultiplyDivide.tcl
8 ms. Memory: 208384K Free: 82557K (40%)
8 ms. Memory: 208384K Free: 82557K (40%)
3 ms. Memory: 208384K Free: 80358K (39%)
8 ms. Memory: 208384K Free: 80358K (39%)
2 ms. Memory: 208384K Free: 80358K (39%)
/home/travis/build/icyphy/ptII/ptolemy/actor/lib/test/OrderedMerge.tcl
Connections changed on port: inputA
Connections changed on port: inputB
Connections changed on port: output
Connections changed on port: output
Connections changed on port: output
Connections changed on port: input
.top. Preinitializing ...
Invoking preinitialize():  .top.OrderedMerge
Called preinitialize()
Invoking preinitialize():  .top.Ramp
Called preinitialize()
Invoking preinitialize():  .top.Ramp2
Called preinitialize()
Invoking preinitialize():  .top.Test
Called preinitialize()
Connections changed on port: inputA
Connections changed on port: output
Connections changed on port: inputB
Connections changed on port: output
Connections changed on port: output
Connections changed on port: input
.top. Finished preinitialize().
Called initialize().
Invoking initialize():  .top.OrderedMerge
Initializing actor: .top.OrderedMerge
Adding a thread: .top.OrderedMerge
Invoking initialize():  .top.Ramp
Initializing actor: .top.Ramp
Adding a thread: .top.Ramp
Invoking initialize():  .top.Ramp2
Initializing actor: .top.Ramp2
Adding a thread: .top.Ramp2
Invoking initialize():  .top.Test
Initializing actor: .top.Test
Adding a thread: .top.Test
-- Starting thread.
Called initialize()
Called prefire()
Called fire()
-- Starting thread.
Called initialize()
Called prefire()
Called fire()
Called postfire()
Called prefire()
Called fire()
-- Starting thread.
Called initialize()
Called prefire()
Called fire()
Called postfire()
Called prefire()
Called fire()
Called fire().
Checking for deadlock:
There are 3 Blocked actors, 0 Stopped actors, and 4 active threads.
Waiting for actors to stop.
-- Starting thread.
Called initialize()
Called prefire()
Called fire()
Checking for deadlock:
There are 2 Blocked actors, 0 Stopped actors, and 4 active threads.
Waiting for actors to stop.
Called postfire()
Called prefire()
Called fire()
Checking for deadlock:
There are 3 Blocked actors, 0 Stopped actors, and 4 active threads.
Waiting for actors to stop.
Read input token from inputA with value 0.0
Next port to read input from is inputB
Called postfire()
Called prefire()
Called fire()
Checking for deadlock:
There are 2 Blocked actors, 0 Stopped actors, and 4 active threads.
Waiting for actors to stop.
Called postfire()
Called prefire()
Called fire()
Checking for deadlock:
There are 3 Blocked actors, 0 Stopped actors, and 4 active threads.
Waiting for actors to stop.
Read input token from inputB with value 0.0
Checking for deadlock:
There are 2 Blocked actors, 0 Stopped actors, and 4 active threads.
Waiting for actors to stop.
-- Read input: 0.0, which is expected to match: 0.0
Called prefire()
Called fire()
Checking for deadlock:
There are 3 Blocked actors, 0 Stopped actors, and 4 active threads.
Waiting for actors to stop.
Sent output token with value 0.0
Next port to read input from is inputA
Called postfire()
Called prefire()
Called fire()
Checking for deadlock:
There are 2 Blocked actors, 0 Stopped actors, and 4 active threads.
Waiting for actors to stop.
Called postfire()
Called prefire()
Called fire()
Checking for deadlock:
There are 3 Blocked actors, 0 Stopped actors, and 4 active threads.
Waiting for actors to stop.
Read input token from inputA with value 1.0
Checking for deadlock:
There are 2 Blocked actors, 0 Stopped actors, and 4 active threads.
Waiting for actors to stop.
-- Read input: 0.0, which is expected to match: 0.0
Called prefire()
Called fire()
Checking for deadlock:
There are 3 Blocked actors, 0 Stopped actors, and 4 active threads.
Waiting for actors to stop.
Sent output token with value 0.0
Next port to read input from is inputB
Called postfire()
Called prefire()
Called fire()
Checking for deadlock:
There are 2 Blocked actors, 0 Stopped actors, and 4 active threads.
Waiting for actors to stop.
Called postfire()
Called prefire()
Called fire()
Checking for deadlock:
There are 3 Blocked actors, 0 Stopped actors, and 4 active threads.
Waiting for actors to stop.
Read input token from inputB with value 1.5
Checking for deadlock:
There are 2 Blocked actors, 0 Stopped actors, and 4 active threads.
Waiting for actors to stop.
-- Read input: 1.0, which is expected to match: 1.0
Called prefire()
Called fire()
Checking for deadlock:
There are 3 Blocked actors, 0 Stopped actors, and 4 active threads.
Waiting for actors to stop.
Sent output token with value 1.0
Next port to read input from is inputA
Called postfire()
Called prefire()
Called fire()
Checking for deadlock:
There are 2 Blocked actors, 0 Stopped actors, and 4 active threads.
Waiting for actors to stop.
Called postfire()
Called prefire()
Called fire()
Checking for deadlock:
There are 3 Blocked actors, 0 Stopped actors, and 4 active threads.
Waiting for actors to stop.
Read input token from inputA with value 2.0
Checking for deadlock:
There are 2 Blocked actors, 0 Stopped actors, and 4 active threads.
Waiting for actors to stop.
-- Read input: 1.5, which is expected to match: 1.5
Called prefire()
Called fire()
Checking for deadlock:
There are 3 Blocked actors, 0 Stopped actors, and 4 active threads.
Waiting for actors to stop.
Sent output token with value 1.5
Next port to read input from is inputB
Called postfire()
Called prefire()
Called fire()
Checking for deadlock:
There are 2 Blocked actors, 0 Stopped actors, and 4 active threads.
Waiting for actors to stop.
Called postfire()
Called prefire()
Called fire()
Checking for deadlock:
There are 3 Blocked actors, 0 Stopped actors, and 4 active threads.
Waiting for actors to stop.
Read input token from inputB with value 3.0
Checking for deadlock:
There are 2 Blocked actors, 0 Stopped actors, and 4 active threads.
Waiting for actors to stop.
-- Read input: 2.0, which is expected to match: 2.0
Called prefire()
Called fire()
Checking for deadlock:
There are 3 Blocked actors, 0 Stopped actors, and 4 active threads.
Waiting for actors to stop.
Sent output token with value 2.0
Next port to read input from is inputA
Called postfire()
Called prefire()
Called fire()
Checking for deadlock:
There are 2 Blocked actors, 0 Stopped actors, and 4 active threads.
Waiting for actors to stop.
Called postfire()
Called prefire()
Called fire()
Checking for deadlock:
There are 3 Blocked actors, 0 Stopped actors, and 4 active threads.
Waiting for actors to stop.
Read input token from inputA with value 3.0
Checking for deadlock:
There are 2 Blocked actors, 0 Stopped actors, and 4 active threads.
Waiting for actors to stop.
-- Read input: 3.0, which is expected to match: 3.0
Called prefire()
Called fire()
Checking for deadlock:
There are 3 Blocked actors, 0 Stopped actors, and 4 active threads.
Waiting for actors to stop.
Sent output token with value 3.0
Next port to read input from is inputB
Called postfire()
Called prefire()
Called fire()
Checking for deadlock:
There are 2 Blocked actors, 0 Stopped actors, and 4 active threads.
Waiting for actors to stop.
Called postfire()
Called prefire()
Called fire()
Checking for deadlock:
There are 3 Blocked actors, 0 Stopped actors, and 4 active threads.
Waiting for actors to stop.
Read input token from inputB with value 4.5
Checking for deadlock:
There are 2 Blocked actors, 0 Stopped actors, and 4 active threads.
Waiting for actors to stop.
-- Read input: 3.0, which is expected to match: 3.0
Called prefire()
Called fire()
Checking for deadlock:
There are 3 Blocked actors, 0 Stopped actors, and 4 active threads.
Waiting for actors to stop.
Sent output token with value 3.0
Next port to read input from is inputA
Called postfire()
Called prefire()
Called fire()
Checking for deadlock:
There are 2 Blocked actors, 0 Stopped actors, and 4 active threads.
Waiting for actors to stop.
Called postfire()
Called prefire()
Called fire()
Checking for deadlock:
There are 3 Blocked actors, 0 Stopped actors, and 4 active threads.
Waiting for actors to stop.
Read input token from inputA with value 4.0
Checking for deadlock:
There are 2 Blocked actors, 0 Stopped actors, and 4 active threads.
Waiting for actors to stop.
-- Read input: 4.0, which is expected to match: 4.0
Called prefire()
Called fire()
Sent output token with value 4.0
Past the end of training data. Read and discard all inputs.
Next port to read input from is inputA
Called postfire()
Called prefire()
Checking for deadlock:
There are 3 Blocked actors, 0 Stopped actors, and 4 active threads.
Waiting for actors to stop.
Called fire()
Checking for deadlock:
There are 2 Blocked actors, 0 Stopped actors, and 4 active threads.
Waiting for actors to stop.
Called postfire()
Called prefire()
Read input token from inputA with value 5.0
Called fire()
Called prefire()
Called fire()
Checking for deadlock:
Past the end of training data. Read and discard all inputs.
There are 2 Blocked actors, 0 Stopped actors, and 4 active threads.
Waiting for actors to stop.
Checking for deadlock:
There are 3 Blocked actors, 0 Stopped actors, and 4 active threads.
Waiting for actors to stop.
Sent output token with value 4.5
Next port to read input from is inputB
Called postfire()
Called prefire()
Called fire()
Called postfire()
Called prefire()
Called fire()
Checking for deadlock:
There are 3 Blocked actors, 0 Stopped actors, and 4 active threads.
Waiting for actors to stop.
Read input token from inputB with value 6.0
Checking for deadlock:
There are 2 Blocked actors, 0 Stopped actors, and 4 active threads.
Called prefire()
Waiting for actors to stop.
Called fire()
Past the end of training data. Read and discard all inputs.
Sent output token with value 5.0
Checking for deadlock:
There are 3 Blocked actors, 0 Stopped actors, and 4 active threads.
Waiting for actors to stop.
Next port to read input from is inputA
Called postfire()
Called prefire()
Called fire()
Checking for deadlock:
There are 2 Blocked actors, 0 Stopped actors, and 4 active threads.
Called postfire()
Waiting for actors to stop.
Called prefire()
Called fire()
Read input token from inputA with value 6.0
Checking for deadlock:
There are 3 Blocked actors, 0 Stopped actors, and 4 active threads.
Waiting for actors to stop.
Checking for deadlock:
There are 2 Blocked actors, 0 Stopped actors, and 4 active threads.
Waiting for actors to stop.
Sent output token with value 6.0
Called prefire()
Called fire()
Next port to read input from is inputB
Called postfire()
Past the end of training data. Read and discard all inputs.
Called prefire()
Called fire()
Checking for deadlock:
There are 2 Blocked actors, 0 Stopped actors, and 4 active threads.
Waiting for actors to stop.
Called postfire()
Called prefire()
Called fire()
Checking for deadlock:
There are 3 Blocked actors, 0 Stopped actors, and 4 active threads.
Waiting for actors to stop.
Read input token from inputB with value 7.5
Checking for deadlock:
There are 2 Blocked actors, 0 Stopped actors, and 4 active threads.
Waiting for actors to stop.
Called prefire()
Sent output token with value 6.0
Called fire()
Past the end of training data. Read and discard all inputs.
Next port to read input from is inputA
Checking for deadlock:
There are 3 Blocked actors, 0 Stopped actors, and 4 active threads.
Waiting for actors to stop.
Called postfire()
Called prefire()
Called fire()
Checking for deadlock:
There are 2 Blocked actors, 0 Stopped actors, and 4 active threads.
Waiting for actors to stop.
Called postfire()
Called prefire()
Read input token from inputA with value 7.0
Called fire()
Called prefire()
Checking for deadlock:
Called fire()
There are 2 Blocked actors, 0 Stopped actors, and 4 active threads.
Past the end of training data. Read and discard all inputs.
Waiting for actors to stop.
Sent output token with value 7.0
Checking for deadlock:
There are 3 Blocked actors, 0 Stopped actors, and 4 active threads.
Waiting for actors to stop.
Next port to read input from is inputA
Called postfire()
Called prefire()
Called fire()
Checking for deadlock:
There are 2 Blocked actors, 0 Stopped actors, and 4 active threads.
Waiting for actors to stop.
-- Thread wrapup() called.
Called wrapup()
Read input token from inputA with value 8.0
Thread .top.Ramp is exiting.
-- Thread stopped.
Checking for deadlock:
There are 2 Blocked actors, 0 Stopped actors, and 3 active threads.
Waiting for actors to stop.
Checking for deadlock:
There are 1 Blocked actors, 0 Stopped actors, and 3 active threads.
Waiting for actors to stop.
Called prefire()
Called fire()
Past the end of training data. Read and discard all inputs.
Checking for deadlock:
There are 2 Blocked actors, 0 Stopped actors, and 3 active threads.
Waiting for actors to stop.
Sent output token with value 7.5
Next port to read input from is inputB
Called postfire()
Called prefire()
Called fire()
Called postfire()
Called prefire()
Called fire()
Checking for deadlock:
There are 2 Blocked actors, 0 Stopped actors, and 3 active threads.
Waiting for actors to stop.
Read input token from inputB with value 9.0
Called prefire()
Called fire()
Past the end of training data. Read and discard all inputs.
Checking for deadlock:
There are 2 Blocked actors, 0 Stopped actors, and 3 active threads.
Waiting for actors to stop.
Sent output token with value 8.0
Next port to read input from is inputA
Called postfire()
Called prefire()
Called fire()
Read input token from inputA with value 9.0
Checking for deadlock:
There are 1 Blocked actors, 0 Stopped actors, and 3 active threads.
Waiting for actors to stop.
Called prefire()
Called fire()
Past the end of training data. Read and discard all inputs.
Checking for deadlock:
There are 2 Blocked actors, 0 Stopped actors, and 3 active threads.
Waiting for actors to stop.
Sent output token with value 9.0
Next port to read input from is inputB
Called postfire()
Called prefire()
Called fire()
Called postfire()
Called prefire()
Called fire()
Checking for deadlock:
There are 2 Blocked actors, 0 Stopped actors, and 3 active threads.
Waiting for actors to stop.
Read input token from inputB with value 10.5
Called prefire()
Called fire()
Past the end of training data. Read and discard all inputs.
Checking for deadlock:
There are 2 Blocked actors, 0 Stopped actors, and 3 active threads.
Waiting for actors to stop.
Sent output token with value 9.0
Next port to read input from is inputA
Called postfire()
Called prefire()
Called fire()
Checking for deadlock:
There are 3 Blocked actors, 0 Stopped actors, and 3 active threads.
Actors have stopped.
Checking for deadlock:
There are 3 Blocked actors, 0 Stopped actors, and 3 active threads.
Deadlock detected.
Resolving Deadlock
Checking for deadlock:
There are 3 Blocked actors, 0 Stopped actors, and 3 active threads.
Artificial Deadlock - increasing queue capacity.
increasing the capacity of receiver ptolemy.actor.TypedIOPort {.top.OrderedMerge.inputB} to 2
Director: Called postfire().
Called postfire().
_stopRequested = false
_stopFireRequested = false
Returning from postfire(): true
Called fire().
Checking for deadlock:
There are 2 Blocked actors, 0 Stopped actors, and 3 active threads.
Waiting for actors to stop.
-- Thread wrapup() called.
Called wrapup()
Thread .top.Ramp2 is exiting.
-- Thread stopped.
Checking for deadlock:
There are 2 Blocked actors, 0 Stopped actors, and 2 active threads.
Actors have stopped.
Checking for deadlock:
There are 2 Blocked actors, 0 Stopped actors, and 2 active threads.
Deadlock detected.
Resolving Deadlock
Checking for deadlock:
There are 2 Blocked actors, 0 Stopped actors, and 2 active threads.
Deadlock detected: no processes blocked on write, but some are blocked on read.
Called postfire().
_stopRequested = false
_stopFireRequested = false
Returning from postfire(): false
Finished deactivating branches.
Called wrapup().
-- Thread wrapup() called.
Called wrapup()
Thread .top.OrderedMerge is exiting.
-- Thread wrapup() called.
Called wrapup()
Thread .top.Test is exiting.
-- Thread stopped.
-- Blocked Receiver call threw TerminateProcessException.
25 ms. Memory: 208384K Free: 194855K (94%)
.top. Preinitializing ...
Invoking preinitialize():  .top.OrderedMerge
Called preinitialize()
Invoking preinitialize():  .top.Ramp
Called preinitialize()
Invoking preinitialize():  .top.Ramp2
Called preinitialize()
Invoking preinitialize():  .top.Test
Called preinitialize()
.top. Finished preinitialize().
Called initialize().
Invoking initialize():  .top.OrderedMerge
Initializing actor: .top.OrderedMerge
Adding a thread: .top.OrderedMerge
Invoking initialize():  .top.Ramp
Initializing actor: .top.Ramp
Adding a thread: .top.Ramp
Invoking initialize():  .top.Ramp2
Initializing actor: .top.Ramp2
Adding a thread: .top.Ramp2
Invoking initialize():  .top.Test
Initializing actor: .top.Test
Adding a thread: .top.Test
-- Thread stopped.
-- Blocked Receiver call threw TerminateProcessException.
-- Starting thread.
Called initialize()
Called prefire()
Called fire()
-- Starting thread.
Called initialize()
Called prefire()
Called fire()
Called postfire()
Called prefire()
Called fire()
-- Starting thread.
Called initialize()
Called prefire()
Called fire()
Called postfire()
Called prefire()
Called fire()
Called fire().
Checking for deadlock:
There are 3 Blocked actors, 0 Stopped actors, and 4 active threads.
Waiting for actors to stop.
-- Starting thread.
Called initialize()
Called prefire()
Called fire()
Checking for deadlock:
There are 2 Blocked actors, 0 Stopped actors, and 4 active threads.
Waiting for actors to stop.
Called postfire()
Called prefire()
Called fire()
Checking for deadlock:
There are 3 Blocked actors, 0 Stopped actors, and 4 active threads.
Waiting for actors to stop.
Read input token from inputA with value 0.0
Next port to read input from is inputB
Called postfire()
Called prefire()
Called fire()
Checking for deadlock:
There are 2 Blocked actors, 0 Stopped actors, and 4 active threads.
Waiting for actors to stop.
Called postfire()
Called prefire()
Called fire()
Checking for deadlock:
There are 3 Blocked actors, 0 Stopped actors, and 4 active threads.
Waiting for actors to stop.
Read input token from inputB with value 0.0
Checking for deadlock:
There are 2 Blocked actors, 0 Stopped actors, and 4 active threads.
Waiting for actors to stop.
-- Read input: 0.0, which is expected to match: 0.0
Called prefire()
Called fire()
Checking for deadlock:
There are 3 Blocked actors, 0 Stopped actors, and 4 active threads.
Waiting for actors to stop.
Sent output token with value 0.0
Next port to read input from is inputA
Called postfire()
Called prefire()
Called fire()
Checking for deadlock:
There are 2 Blocked actors, 0 Stopped actors, and 4 active threads.
Waiting for actors to stop.
Called postfire()
Called prefire()
Called fire()
Checking for deadlock:
There are 3 Blocked actors, 0 Stopped actors, and 4 active threads.
Waiting for actors to stop.
Read input token from inputA with value 1.0
Checking for deadlock:
There are 2 Blocked actors, 0 Stopped actors, and 4 active threads.
Waiting for actors to stop.
-- Read input: 0.0, which is expected to match: 0.0
Called prefire()
Called fire()
Checking for deadlock:
There are 3 Blocked actors, 0 Stopped actors, and 4 active threads.
Waiting for actors to stop.
Sent output token with value 0.0
Next port to read input from is inputB
Called postfire()
Called prefire()
Called fire()
Checking for deadlock:
There are 2 Blocked actors, 0 Stopped actors, and 4 active threads.
Waiting for actors to stop.
Called postfire()
Called prefire()
Called fire()
Checking for deadlock:
There are 3 Blocked actors, 0 Stopped actors, and 4 active threads.
Waiting for actors to stop.
Read input token from inputB with value 1.5
Checking for deadlock:
There are 2 Blocked actors, 0 Stopped actors, and 4 active threads.
Waiting for actors to stop.
-- Read input: 1.0, which is expected to match: 1.0
Called prefire()
Called fire()
Checking for deadlock:
There are 3 Blocked actors, 0 Stopped actors, and 4 active threads.
Waiting for actors to stop.
Sent output token with value 1.0
Next port to read input from is inputA
Called postfire()
Called prefire()
Called fire()
Checking for deadlock:
There are 2 Blocked actors, 0 Stopped actors, and 4 active threads.
Waiting for actors to stop.
Called postfire()
Called prefire()
Called fire()
Checking for deadlock:
There are 3 Blocked actors, 0 Stopped actors, and 4 active threads.
Waiting for actors to stop.
Read input token from inputA with value 2.0
Checking for deadlock:
There are 2 Blocked actors, 0 Stopped actors, and 4 active threads.
Waiting for actors to stop.
-- Read input: 1.5, which is expected to match: 1.5
Called prefire()
Called fire()
Checking for deadlock:
There are 3 Blocked actors, 0 Stopped actors, and 4 active threads.
Waiting for actors to stop.
Sent output token with value 1.5
Next port to read input from is inputB
Called postfire()
Called prefire()
Called fire()
Checking for deadlock:
There are 2 Blocked actors, 0 Stopped actors, and 4 active threads.
Waiting for actors to stop.
Called postfire()
Called prefire()
Called fire()
Checking for deadlock:
There are 3 Blocked actors, 0 Stopped actors, and 4 active threads.
Waiting for actors to stop.
Read input token from inputB with value 3.0
Checking for deadlock:
There are 2 Blocked actors, 0 Stopped actors, and 4 active threads.
Waiting for actors to stop.
-- Read input: 2.0, which is expected to match: 2.0
Called prefire()
Called fire()
Checking for deadlock:
There are 3 Blocked actors, 0 Stopped actors, and 4 active threads.
Waiting for actors to stop.
Sent output token with value 2.0
Next port to read input from is inputA
Called postfire()
Called prefire()
Called fire()
Checking for deadlock:
There are 2 Blocked actors, 0 Stopped actors, and 4 active threads.
Waiting for actors to stop.
Called postfire()
Called prefire()
Called fire()
Checking for deadlock:
There are 3 Blocked actors, 0 Stopped actors, and 4 active threads.
Waiting for actors to stop.
Read input token from inputA with value 3.0
Checking for deadlock:
There are 2 Blocked actors, 0 Stopped actors, and 4 active threads.
Waiting for actors to stop.
-- Read input: 3.0, which is expected to match: 3.0
Called prefire()
Called fire()
Checking for deadlock:
There are 3 Blocked actors, 0 Stopped actors, and 4 active threads.
Waiting for actors to stop.
Sent output token with value 3.0
Next port to read input from is inputB
Called postfire()
Called prefire()
Called fire()
Checking for deadlock:
There are 2 Blocked actors, 0 Stopped actors, and 4 active threads.
Waiting for actors to stop.
Called postfire()
Called prefire()
Called fire()
Checking for deadlock:
There are 3 Blocked actors, 0 Stopped actors, and 4 active threads.
Waiting for actors to stop.
Read input token from inputB with value 4.5
Checking for deadlock:
There are 2 Blocked actors, 0 Stopped actors, and 4 active threads.
Waiting for actors to stop.
-- Read input: 3.0, which is expected to match: 3.0
Called prefire()
Called fire()
Checking for deadlock:
There are 3 Blocked actors, 0 Stopped actors, and 4 active threads.
Waiting for actors to stop.
Sent output token with value 3.0
Next port to read input from is inputA
Called postfire()
Called prefire()
Called fire()
Checking for deadlock:
There are 2 Blocked actors, 0 Stopped actors, and 4 active threads.
Waiting for actors to stop.
Called postfire()
Called prefire()
Called fire()
Checking for deadlock:
There are 3 Blocked actors, 0 Stopped actors, and 4 active threads.
Waiting for actors to stop.
Read input token from inputA with value 4.0
Checking for deadlock:
There are 2 Blocked actors, 0 Stopped actors, and 4 active threads.
Waiting for actors to stop.
-- Read input: 4.0, which is expected to match: 4.0
Called prefire()
Called fire()
Past the end of training data. Read and discard all inputs.
Checking for deadlock:
There are 3 Blocked actors, 0 Stopped actors, and 4 active threads.
Waiting for actors to stop.
Sent output token with value 4.0
Next port to read input from is inputA
Called postfire()
Called prefire()
Called fire()
Checking for deadlock:
There are 2 Blocked actors, 0 Stopped actors, and 4 active threads.
Waiting for actors to stop.
Called postfire()
Called prefire()
Called fire()
Checking for deadlock:
There are 3 Blocked actors, 0 Stopped actors, and 4 active threads.
Waiting for actors to stop.
Read input token from inputA with value 5.0
Checking for deadlock:
There are 2 Blocked actors, 0 Stopped actors, and 4 active threads.
Waiting for actors to stop.
Called prefire()
Called fire()
Past the end of training data. Read and discard all inputs.
Checking for deadlock:
There are 3 Blocked actors, 0 Stopped actors, and 4 active threads.
Waiting for actors to stop.
Sent output token with value 4.5
Next port to read input from is inputB
Called postfire()
Called prefire()
Called fire()
Checking for deadlock:
There are 2 Blocked actors, 0 Stopped actors, and 4 active threads.
Waiting for actors to stop.
Called postfire()
Called prefire()
Called fire()
Checking for deadlock:
There are 3 Blocked actors, 0 Stopped actors, and 4 active threads.
Waiting for actors to stop.
Read input token from inputB with value 6.0
Checking for deadlock:
There are 2 Blocked actors, 0 Stopped actors, and 4 active threads.
Waiting for actors to stop.
Called prefire()
Called fire()
Past the end of training data. Read and discard all inputs.
Checking for deadlock:
There are 3 Blocked actors, 0 Stopped actors, and 4 active threads.
Waiting for actors to stop.
Sent output token with value 5.0
Next port to read input from is inputA
Called postfire()
Called prefire()
Called fire()
Checking for deadlock:
There are 2 Blocked actors, 0 Stopped actors, and 4 active threads.
Waiting for actors to stop.
Called postfire()
Called prefire()
Called fire()
Checking for deadlock:
There are 3 Blocked actors, 0 Stopped actors, and 4 active threads.
Waiting for actors to stop.
Read input token from inputA with value 6.0
Checking for deadlock:
There are 2 Blocked actors, 0 Stopped actors, and 4 active threads.
Waiting for actors to stop.
Called prefire()
Called fire()
Past the end of training data. Read and discard all inputs.
Checking for deadlock:
There are 3 Blocked actors, 0 Stopped actors, and 4 active threads.
Waiting for actors to stop.
Sent output token with value 6.0
Next port to read input from is inputB
Called postfire()
Called prefire()
Called fire()
Checking for deadlock:
There are 2 Blocked actors, 0 Stopped actors, and 4 active threads.
Waiting for actors to stop.
Called postfire()
Called prefire()
Called fire()
Checking for deadlock:
There are 3 Blocked actors, 0 Stopped actors, and 4 active threads.
Waiting for actors to stop.
Read input token from inputB with value 7.5
Checking for deadlock:
There are 2 Blocked actors, 0 Stopped actors, and 4 active threads.
Waiting for actors to stop.
Called prefire()
Called fire()
Past the end of training data. Read and discard all inputs.
Checking for deadlock:
There are 3 Blocked actors, 0 Stopped actors, and 4 active threads.
Waiting for actors to stop.
Sent output token with value 6.0
Next port to read input from is inputA
Called postfire()
Called prefire()
Called fire()
Checking for deadlock:
There are 2 Blocked actors, 0 Stopped actors, and 4 active threads.
Waiting for actors to stop.
Called postfire()
Called prefire()
Called fire()
Checking for deadlock:
There are 3 Blocked actors, 0 Stopped actors, and 4 active threads.
Waiting for actors to stop.
Read input token from inputA with value 7.0
Checking for deadlock:
There are 2 Blocked actors, 0 Stopped actors, and 4 active threads.
Waiting for actors to stop.
Called prefire()
Called fire()
Past the end of training data. Read and discard all inputs.
Checking for deadlock:
There are 3 Blocked actors, 0 Stopped actors, and 4 active threads.
Waiting for actors to stop.
Sent output token with value 7.0
Next port to read input from is inputA
Called postfire()
Called prefire()
Called fire()
Checking for deadlock:
There are 2 Blocked actors, 0 Stopped actors, and 4 active threads.
Waiting for actors to stop.
-- Thread wrapup() called.
Called wrapup()
Thread .top.Ramp is exiting.
Checking for deadlock:
There are 2 Blocked actors, 0 Stopped actors, and 3 active threads.
Waiting for actors to stop.
-- Thread stopped.
Read input token from inputA with value 8.0
Checking for deadlock:
There are 1 Blocked actors, 0 Stopped actors, and 3 active threads.
Waiting for actors to stop.
Called prefire()
Called fire()
Past the end of training data. Read and discard all inputs.
Checking for deadlock:
There are 2 Blocked actors, 0 Stopped actors, and 3 active threads.
Waiting for actors to stop.
Sent output token with value 7.5
Next port to read input from is inputB
Called postfire()
Called prefire()
Called fire()
Checking for deadlock:
There are 1 Blocked actors, 0 Stopped actors, and 3 active threads.
Waiting for actors to stop.
Called postfire()
Called prefire()
Called fire()
Checking for deadlock:
There are 2 Blocked actors, 0 Stopped actors, and 3 active threads.
Waiting for actors to stop.
Read input token from inputB with value 9.0
Checking for deadlock:
There are 1 Blocked actors, 0 Stopped actors, and 3 active threads.
Waiting for actors to stop.
Called prefire()
Called fire()
Past the end of training data. Read and discard all inputs.
Checking for deadlock:
There are 2 Blocked actors, 0 Stopped actors, and 3 active threads.
Waiting for actors to stop.
Sent output token with value 8.0
Next port to read input from is inputA
Called postfire()
Called prefire()
Called fire()
Read input token from inputA with value 9.0
Checking for deadlock:
There are 1 Blocked actors, 0 Stopped actors, and 3 active threads.
Waiting for actors to stop.
Called prefire()
Called fire()
Past the end of training data. Read and discard all inputs.
Checking for deadlock:
There are 2 Blocked actors, 0 Stopped actors, and 3 active threads.
Waiting for actors to stop.
Sent output token with value 9.0
Next port to read input from is inputB
Called postfire()
Called prefire()
Called fire()
Checking for deadlock:
There are 1 Blocked actors, 0 Stopped actors, and 3 active threads.
Waiting for actors to stop.
Called postfire()
Called prefire()
Called fire()
Checking for deadlock:
There are 2 Blocked actors, 0 Stopped actors, and 3 active threads.
Waiting for actors to stop.
Read input token from inputB with value 10.5
Checking for deadlock:
There are 1 Blocked actors, 0 Stopped actors, and 3 active threads.
Waiting for actors to stop.
Called prefire()
Called fire()
Past the end of training data. Read and discard all inputs.
Checking for deadlock:
There are 2 Blocked actors, 0 Stopped actors, and 3 active threads.
Waiting for actors to stop.
Sent output token with value 9.0
Next port to read input from is inputA
Called postfire()
Called prefire()
Called fire()
Checking for deadlock:
There are 3 Blocked actors, 0 Stopped actors, and 3 active threads.
Actors have stopped.
Checking for deadlock:
There are 3 Blocked actors, 0 Stopped actors, and 3 active threads.
Deadlock detected.
Resolving Deadlock
Checking for deadlock:
There are 3 Blocked actors, 0 Stopped actors, and 3 active threads.
Artificial Deadlock - increasing queue capacity.
increasing the capacity of receiver ptolemy.actor.TypedIOPort {.top.OrderedMerge.inputB} to 2
Director: Called postfire().
Called postfire().
_stopRequested = false
_stopFireRequested = false
Returning from postfire(): true
Called fire().
Checking for deadlock:
There are 2 Blocked actors, 0 Stopped actors, and 3 active threads.
Waiting for actors to stop.
-- Thread wrapup() called.
Called wrapup()
Thread .top.Ramp2 is exiting.
-- Thread stopped.
Checking for deadlock:
There are 2 Blocked actors, 0 Stopped actors, and 2 active threads.
Actors have stopped.
Checking for deadlock:
There are 2 Blocked actors, 0 Stopped actors, and 2 active threads.
Deadlock detected.
Resolving Deadlock
Checking for deadlock:
There are 2 Blocked actors, 0 Stopped actors, and 2 active threads.
Deadlock detected: no processes blocked on write, but some are blocked on read.
Called postfire().
_stopRequested = false
_stopFireRequested = false
Returning from postfire(): false
Finished deactivating branches.
Called wrapup().
-- Thread wrapup() called.
Called wrapup()
Thread .top.Test is exiting.
-- Thread stopped.
-- Blocked Receiver call threw TerminateProcessException.
-- Thread wrapup() called.
Called wrapup()
Thread .top.OrderedMerge is exiting.
-- Thread stopped.
-- Blocked Receiver call threw TerminateProcessException.
28 ms. Memory: 208384K Free: 189940K (91%)
/home/travis/build/icyphy/ptII/ptolemy/actor/lib/test/Publisher.tcl
12 ms. Memory: 208384K Free: 182645K (88%)
7 ms. Memory: 208384K Free: 177777K (85%)
2 ms. Memory: 208384K Free: 172910K (83%)
3 ms. Memory: 208384K Free: 172910K (83%)
2 ms. Memory: 208384K Free: 170476K (82%)
2 ms. Memory: 208384K Free: 170476K (82%)
2 ms. Memory: 208384K Free: 170476K (82%)
2 ms. Memory: 208384K Free: 168026K (81%)
5 ms. Memory: 208384K Free: 158355K (76%)
3 ms. Memory: 208384K Free: 155937K (75%)
2 ms. Memory: 208384K Free: 153520K (74%)
1 ms. Memory: 208384K Free: 151102K (73%)
13 ms. Memory: 208384K Free: 143849K (69%)
17 ms. Memory: 208384K Free: 134178K (64%)
5 ms. Memory: 208384K Free: 122089K (59%)
/home/travis/build/icyphy/ptII/ptolemy/actor/lib/test/Pulse.tcl
6 ms. Memory: 208384K Free: 79646K (38%)
1 ms. Memory: 208384K Free: 79646K (38%)
2 ms. Memory: 208384K Free: 79646K (38%)
2 ms. Memory: 331264K Free: 319082K (96%)
1 ms. Memory: 331264K Free: 319082K (96%)
2 ms. Memory: 331264K Free: 319082K (96%)
2 ms. Memory: 331264K Free: 319082K (96%)
2 ms. Memory: 331264K Free: 319082K (96%)
1 ms. Memory: 331264K Free: 319082K (96%)
/home/travis/build/icyphy/ptII/ptolemy/actor/lib/test/Ramp.tcl
2 ms. Memory: 331264K Free: 314337K (95%)
1 ms. Memory: 331264K Free: 314337K (95%)
1 ms. Memory: 331264K Free: 314337K (95%)
2 ms. Memory: 331264K Free: 314337K (95%)
3 ms. Memory: 331264K Free: 314337K (95%)
3 ms. Memory: 331264K Free: 309602K (93%)
4 ms. Memory: 331264K Free: 309165K (93%)
5 actors
5000 microseconds per iteration to create
5 ms. Memory: 331264K Free: 309165K (93%)
2 ms. Memory: 331264K Free: 304417K (92%)
2 ms. Memory: 331264K Free: 304417K (92%)
1 ms. Memory: 331264K Free: 304417K (92%)
50 actors
23000 microseconds per iteration to create
25 ms. Memory: 331264K Free: 290200K (88%)
6 ms. Memory: 331264K Free: 290200K (88%)
12 ms. Memory: 331264K Free: 285469K (86%)
12 ms. Memory: 331264K Free: 285469K (86%)
500 actors
1335000 microseconds per iteration to create
257 ms. Memory: 331264K Free: 119595K (36%)
46 ms. Memory: 331264K Free: 114864K (35%)
44 ms. Memory: 331264K Free: 110133K (33%)
45 ms. Memory: 331264K Free: 105402K (32%)
/home/travis/build/icyphy/ptII/ptolemy/actor/lib/test/RampContinuous.tcl
9 ms. Memory: 331264K Free: 100670K (30%)
/home/travis/build/icyphy/ptII/ptolemy/actor/lib/test/RecordAssembler.tcl
6 ms. Memory: 331264K Free: 100670K (30%)
5 ms. Memory: 331264K Free: 100670K (30%)
/home/travis/build/icyphy/ptII/ptolemy/actor/lib/test/RecordDisassembler.tcl
5 ms. Memory: 331264K Free: 100670K (30%)
6 ms. Memory: 331264K Free: 95939K (29%)
6 ms. Memory: 331264K Free: 95939K (29%)
/home/travis/build/icyphy/ptII/ptolemy/actor/lib/test/Scale.tcl
2 ms. Memory: 331264K Free: 95939K (29%)
1 ms. Memory: 331264K Free: 95939K (29%)
1 ms. Memory: 331264K Free: 91208K (28%)
2 ms. Memory: 331264K Free: 91208K (28%)
3 ms. Memory: 331264K Free: 91208K (28%)
/home/travis/build/icyphy/ptII/ptolemy/actor/lib/test/SequentialClock.tcl
preinitializing
resolving types
initializing
executing number 1
wrapping up
idle
2 ms. Memory: 331264K Free: 91208K (28%)
Completed execution with 5 iterations
preinitializing
resolving types
initializing
executing number 1
wrapping up
idle
2 ms. Memory: 331264K Free: 91208K (28%)
Completed execution with 5 iterations
preinitializing
resolving types
initializing
executing number 1
wrapping up
idle
1 ms. Memory: 331264K Free: 91208K (28%)
Completed execution with 5 iterations
/home/travis/build/icyphy/ptII/ptolemy/actor/lib/test/SetVariable.tcl
5 ms. Memory: 331264K Free: 86476K (26%)
/home/travis/build/icyphy/ptII/ptolemy/actor/lib/test/Sinewave.tcl
/home/travis/build/icyphy/ptII/ptolemy/actor/lib/test/SubscriptionAggregator.tcl
4 ms. Memory: 332288K Free: 314433K (95%)
2 ms. Memory: 332288K Free: 314433K (95%)
1 ms. Memory: 332288K Free: 314433K (95%)
9 ms. Memory: 332288K Free: 309349K (93%)
1 ms. Memory: 332288K Free: 309349K (93%)
3 ms. Memory: 332288K Free: 304549K (92%)
...............................................................939 ms. Memory: 576000K Free: 190959K (33%)
/home/travis/build/icyphy/ptII/ptolemy/actor/lib/test/Test.tcl
 The next command will produce a warning about training mode,
   which may be ignored.
4 ms. Memory: 576000K Free: 190959K (33%)
3 ms. Memory: 576000K Free: 190959K (33%)
1 ms. Memory: 576000K Free: 190959K (33%)
1 ms. Memory: 576000K Free: 190959K (33%)
2 ms. Memory: 576000K Free: 181375K (31%)
2 ms. Memory: 576000K Free: 181375K (31%)
4 ms. Memory: 576000K Free: 181375K (31%)
 The next command will produce a warning about training mode,
   which may be ignored.
4 ms. Memory: 576000K Free: 181375K (31%)
 The next command will produce a warning about training mode,
   which may be ignored.
3 ms. Memory: 576000K Free: 181375K (31%)
1 ms. Memory: 576000K Free: 181375K (31%)
1 ms. Memory: 576000K Free: 181375K (31%)
1 ms. Memory: 576000K Free: 181375K (31%)
4 ms. Memory: 576000K Free: 181375K (31%)
4 ms. Memory: 576000K Free: 171807K (30%)
/home/travis/build/icyphy/ptII/ptolemy/actor/lib/test/TestExceptionHandler.tcl
 The next command will produce a warning about training mode,
   which may be ignored.
1 ms. Memory: 576000K Free: 171807K (30%)
1 ms. Memory: 576000K Free: 171807K (30%)
1 ms. Memory: 576000K Free: 171807K (30%)
/home/travis/build/icyphy/ptII/ptolemy/actor/lib/test/UnionDisassembler.tcl
23 ms. Memory: 576000K Free: 162231K (28%)
/home/travis/build/icyphy/ptII/ptolemy/actor/lib/test/VariableClock.tcl
preinitializing
resolving types
initializing
executing number 1
wrapping up
idle
9 ms. Memory: 576000K Free: 162231K (28%)
Completed execution with 11 iterations
preinitializing
resolving types
initializing
executing number 1
wrapping up
idle
9 ms. Memory: 576000K Free: 162231K (28%)
Completed execution with 10 iterations
06/13/18 11:02:22
Failed: 0  Total Tests: 234  ((Passed: 234, Newly Passed: 0)  Known Failed: 0) /home/travis/build/icyphy/ptII/ptolemy/actor/lib/test
----------------- testing (KnownFailure) /home/travis/build/icyphy/ptII/ptolemy/actor/lib/test/auto/knownFailedTests/PublisherPortToplevelSubscriber.xml
1 ms. Memory: 576000K Free: 152513K (26%)
Known Failure: java.lang.reflect.InvocationTargetException
----------------- testing (KnownFailure) /home/travis/build/icyphy/ptII/ptolemy/actor/lib/test/auto/knownFailedTests/PublisherSubscriberPortToplevel.xml
0 ms. Memory: 576000K Free: 133077K (23%)
Known Failure: java.lang.reflect.InvocationTargetException
----------------- testing (KnownFailure) /home/travis/build/icyphy/ptII/ptolemy/actor/lib/test/auto/knownFailedTests/PublisherSubscriptionAggregatorPort.xml
1 ms. Memory: 576000K Free: 113641K (20%)
Known Failure: java.lang.reflect.InvocationTargetException
----------------- testing (KnownFailure) /home/travis/build/icyphy/ptII/ptolemy/actor/lib/test/auto/knownFailedTests/sizedarray3.xml
4 ms. Memory: 576000K Free: 94206K (16%)
Known Failure: java.lang.reflect.InvocationTargetException
No auto/linux-amd64/*.xml tests in /home/travis/build/icyphy/ptII/ptolemy/actor/lib/test
AutoTests.java: About to close Vertx.
AutoTests.java: Vertx closed.

===========================================================================================
----------------- testing Wed Jun 13 23:02:22 UTC 2018 /home/travis/build/icyphy/ptII/ptolemy/actor/lib/test/auto/AbsoluteValue.xml
----------------- Instantiating /home/travis/build/icyphy/ptII/ptolemy/actor/lib/test/auto/AbsoluteValue.xml
20 ms. Memory: 579584K Free: 480227K (83%)
----------------- Invoking toplevel() on ptolemy.moml.MoMLSimpleApplication@3acea7cc
----------------- Done invoking toplevel() on ptolemy.moml.MoMLSimpleApplication@3acea7cc
reloadAllAccessors: .AbsoluteValue

===========================================================================================
----------------- testing Wed Jun 13 23:02:23 UTC 2018 /home/travis/build/icyphy/ptII/ptolemy/actor/lib/test/auto/AbsoluteValue2.xml
----------------- Instantiating /home/travis/build/icyphy/ptII/ptolemy/actor/lib/test/auto/AbsoluteValue2.xml
5 ms. Memory: 579584K Free: 465634K (80%)
----------------- Invoking toplevel() on ptolemy.moml.MoMLSimpleApplication@707a6720
----------------- Done invoking toplevel() on ptolemy.moml.MoMLSimpleApplication@707a6720
reloadAllAccessors: .AbsoluteValue2

===========================================================================================
----------------- testing Wed Jun 13 23:02:23 UTC 2018 /home/travis/build/icyphy/ptII/ptolemy/actor/lib/test/auto/Accumulator.xml
----------------- Instantiating /home/travis/build/icyphy/ptII/ptolemy/actor/lib/test/auto/Accumulator.xml
13 ms. Memory: 579584K Free: 446878K (77%)
----------------- Invoking toplevel() on ptolemy.moml.MoMLSimpleApplication@3e7a9890
----------------- Done invoking toplevel() on ptolemy.moml.MoMLSimpleApplication@3e7a9890
reloadAllAccessors: .Accumulator

===========================================================================================
----------------- testing Wed Jun 13 23:02:23 UTC 2018 /home/travis/build/icyphy/ptII/ptolemy/actor/lib/test/auto/Accumulator2.xml
----------------- Instantiating /home/travis/build/icyphy/ptII/ptolemy/actor/lib/test/auto/Accumulator2.xml
3 ms. Memory: 579584K Free: 437160K (75%)
----------------- Invoking toplevel() on ptolemy.moml.MoMLSimpleApplication@b1b6898
----------------- Done invoking toplevel() on ptolemy.moml.MoMLSimpleApplication@b1b6898
reloadAllAccessors: .Accumulator2

===========================================================================================
----------------- testing Wed Jun 13 23:02:23 UTC 2018 /home/travis/build/icyphy/ptII/ptolemy/actor/lib/test/auto/Accumulator3.xml
----------------- Instantiating /home/travis/build/icyphy/ptII/ptolemy/actor/lib/test/auto/Accumulator3.xml
3 ms. Memory: 579584K Free: 427442K (74%)
----------------- Invoking toplevel() on ptolemy.moml.MoMLSimpleApplication@186742df
----------------- Done invoking toplevel() on ptolemy.moml.MoMLSimpleApplication@186742df
reloadAllAccessors: .Accumulator3

===========================================================================================
----------------- testing Wed Jun 13 23:02:23 UTC 2018 /home/travis/build/icyphy/ptII/ptolemy/actor/lib/test/auto/ArrayAppend.xml
----------------- Instantiating /home/travis/build/icyphy/ptII/ptolemy/actor/lib/test/auto/ArrayAppend.xml
8 ms. Memory: 579584K Free: 417724K (72%)
----------------- Invoking toplevel() on ptolemy.moml.MoMLSimpleApplication@47480043
----------------- Done invoking toplevel() on ptolemy.moml.MoMLSimpleApplication@47480043
reloadAllAccessors: .ArrayAppend

===========================================================================================
----------------- testing Wed Jun 13 23:02:23 UTC 2018 /home/travis/build/icyphy/ptII/ptolemy/actor/lib/test/auto/ArrayAppend2.xml
----------------- Instantiating /home/travis/build/icyphy/ptII/ptolemy/actor/lib/test/auto/ArrayAppend2.xml
659 ms. Memory: 579584K Free: 326080K (56%)
----------------- Invoking toplevel() on ptolemy.moml.MoMLSimpleApplication@68d6bfa7
----------------- Done invoking toplevel() on ptolemy.moml.MoMLSimpleApplication@68d6bfa7
reloadAllAccessors: .ArrayAppend2

===========================================================================================
----------------- testing Wed Jun 13 23:02:23 UTC 2018 /home/travis/build/icyphy/ptII/ptolemy/actor/lib/test/auto/ArrayAppend3.xml
----------------- Instantiating /home/travis/build/icyphy/ptII/ptolemy/actor/lib/test/auto/ArrayAppend3.xml
5 ms. Memory: 579584K Free: 316362K (55%)
----------------- Invoking toplevel() on ptolemy.moml.MoMLSimpleApplication@21963669
----------------- Done invoking toplevel() on ptolemy.moml.MoMLSimpleApplication@21963669
reloadAllAccessors: .ArrayAppend3

===========================================================================================
----------------- testing Wed Jun 13 23:02:24 UTC 2018 /home/travis/build/icyphy/ptII/ptolemy/actor/lib/test/auto/ArrayAppend4.xml
----------------- Instantiating /home/travis/build/icyphy/ptII/ptolemy/actor/lib/test/auto/ArrayAppend4.xml
3 ms. Memory: 579584K Free: 306644K (53%)
----------------- Invoking toplevel() on ptolemy.moml.MoMLSimpleApplication@606021aa
----------------- Done invoking toplevel() on ptolemy.moml.MoMLSimpleApplication@606021aa
reloadAllAccessors: .ArrayAppend4

===========================================================================================
----------------- testing Wed Jun 13 23:02:24 UTC 2018 /home/travis/build/icyphy/ptII/ptolemy/actor/lib/test/auto/ArrayAppend5.xml
----------------- Instantiating /home/travis/build/icyphy/ptII/ptolemy/actor/lib/test/auto/ArrayAppend5.xml
6 ms. Memory: 579584K Free: 296926K (51%)
----------------- Invoking toplevel() on ptolemy.moml.MoMLSimpleApplication@257841cf
----------------- Done invoking toplevel() on ptolemy.moml.MoMLSimpleApplication@257841cf
reloadAllAccessors: .ArrayAppend5

===========================================================================================
----------------- testing Wed Jun 13 23:02:24 UTC 2018 /home/travis/build/icyphy/ptII/ptolemy/actor/lib/test/auto/ArrayAppend6.xml
----------------- Instantiating /home/travis/build/icyphy/ptII/ptolemy/actor/lib/test/auto/ArrayAppend6.xml
3 ms. Memory: 579584K Free: 278170K (48%)
----------------- Invoking toplevel() on ptolemy.moml.MoMLSimpleApplication@67bc17
----------------- Done invoking toplevel() on ptolemy.moml.MoMLSimpleApplication@67bc17
reloadAllAccessors: .ArrayAppend6

===========================================================================================
----------------- testing Wed Jun 13 23:02:24 UTC 2018 /home/travis/build/icyphy/ptII/ptolemy/actor/lib/test/auto/ArrayAppendPerformanceTest.xml
----------------- Instantiating /home/travis/build/icyphy/ptII/ptolemy/actor/lib/test/auto/ArrayAppendPerformanceTest.xml
21 ms. Memory: 579584K Free: 263577K (45%)
----------------- Invoking toplevel() on ptolemy.moml.MoMLSimpleApplication@5e8ac0f4
----------------- Done invoking toplevel() on ptolemy.moml.MoMLSimpleApplication@5e8ac0f4
reloadAllAccessors: .ArrayAppendPerformanceTest

===========================================================================================
----------------- testing Wed Jun 13 23:02:24 UTC 2018 /home/travis/build/icyphy/ptII/ptolemy/actor/lib/test/auto/ArrayAppendWithEmptyInput.xml
----------------- Instantiating /home/travis/build/icyphy/ptII/ptolemy/actor/lib/test/auto/ArrayAppendWithEmptyInput.xml
26 ms. Memory: 579584K Free: 248985K (43%)
----------------- Invoking toplevel() on ptolemy.moml.MoMLSimpleApplication@7b16ee
----------------- Done invoking toplevel() on ptolemy.moml.MoMLSimpleApplication@7b16ee
reloadAllAccessors: .ArrayAppendWithEmptyInput

===========================================================================================
----------------- testing Wed Jun 13 23:02:24 UTC 2018 /home/travis/build/icyphy/ptII/ptolemy/actor/lib/test/auto/ArrayAverage.xml
----------------- Instantiating /home/travis/build/icyphy/ptII/ptolemy/actor/lib/test/auto/ArrayAverage.xml
4 ms. Memory: 579584K Free: 234408K (40%)
----------------- Invoking toplevel() on ptolemy.moml.MoMLSimpleApplication@28510d26
----------------- Done invoking toplevel() on ptolemy.moml.MoMLSimpleApplication@28510d26
reloadAllAccessors: .ArrayAverage

===========================================================================================
----------------- testing Wed Jun 13 23:02:24 UTC 2018 /home/travis/build/icyphy/ptII/ptolemy/actor/lib/test/auto/ArrayContains.xml
----------------- Instantiating /home/travis/build/icyphy/ptII/ptolemy/actor/lib/test/auto/ArrayContains.xml
8 ms. Memory: 579584K Free: 224690K (39%)
----------------- Invoking toplevel() on ptolemy.moml.MoMLSimpleApplication@2305f1eb
----------------- Done invoking toplevel() on ptolemy.moml.MoMLSimpleApplication@2305f1eb
reloadAllAccessors: .ArrayContains

===========================================================================================
----------------- testing Wed Jun 13 23:02:24 UTC 2018 /home/travis/build/icyphy/ptII/ptolemy/actor/lib/test/auto/ArrayElement.xml
----------------- Instantiating /home/travis/build/icyphy/ptII/ptolemy/actor/lib/test/auto/ArrayElement.xml
8 ms. Memory: 579584K Free: 205934K (36%)
----------------- Invoking toplevel() on ptolemy.moml.MoMLSimpleApplication@45c00e58
----------------- Done invoking toplevel() on ptolemy.moml.MoMLSimpleApplication@45c00e58
reloadAllAccessors: .ArrayElement

===========================================================================================
----------------- testing Wed Jun 13 23:02:24 UTC 2018 /home/travis/build/icyphy/ptII/ptolemy/actor/lib/test/auto/ArrayElementAsMatrix.xml
----------------- Instantiating /home/travis/build/icyphy/ptII/ptolemy/actor/lib/test/auto/ArrayElementAsMatrix.xml
18 ms. Memory: 579584K Free: 191349K (33%)
----------------- Invoking toplevel() on ptolemy.moml.MoMLSimpleApplication@26521981
----------------- Done invoking toplevel() on ptolemy.moml.MoMLSimpleApplication@26521981
reloadAllAccessors: .ArrayElementAsMatrix

===========================================================================================
----------------- testing Wed Jun 13 23:02:24 UTC 2018 /home/travis/build/icyphy/ptII/ptolemy/actor/lib/test/auto/ArrayElementI.xml
----------------- Instantiating /home/travis/build/icyphy/ptII/ptolemy/actor/lib/test/auto/ArrayElementI.xml
4 ms. Memory: 579584K Free: 181631K (31%)
----------------- Invoking toplevel() on ptolemy.moml.MoMLSimpleApplication@37d81a8c
----------------- Done invoking toplevel() on ptolemy.moml.MoMLSimpleApplication@37d81a8c
reloadAllAccessors: .ArrayElementI

===========================================================================================
----------------- testing Wed Jun 13 23:02:24 UTC 2018 /home/travis/build/icyphy/ptII/ptolemy/actor/lib/test/auto/ArrayExtract.xml
----------------- Instantiating /home/travis/build/icyphy/ptII/ptolemy/actor/lib/test/auto/ArrayExtract.xml
5 ms. Memory: 579584K Free: 171913K (30%)
----------------- Invoking toplevel() on ptolemy.moml.MoMLSimpleApplication@79a43441
----------------- Done invoking toplevel() on ptolemy.moml.MoMLSimpleApplication@79a43441
reloadAllAccessors: .ArrayExtract

===========================================================================================
----------------- testing Wed Jun 13 23:02:24 UTC 2018 /home/travis/build/icyphy/ptII/ptolemy/actor/lib/test/auto/ArrayExtract2.xml
----------------- Instantiating /home/travis/build/icyphy/ptII/ptolemy/actor/lib/test/auto/ArrayExtract2.xml
2 ms. Memory: 579584K Free: 153157K (26%)
----------------- Invoking toplevel() on ptolemy.moml.MoMLSimpleApplication@53f3e126
----------------- Done invoking toplevel() on ptolemy.moml.MoMLSimpleApplication@53f3e126
reloadAllAccessors: .ArrayExtract2

===========================================================================================
----------------- testing Wed Jun 13 23:02:24 UTC 2018 /home/travis/build/icyphy/ptII/ptolemy/actor/lib/test/auto/ArrayLength.xml
----------------- Instantiating /home/travis/build/icyphy/ptII/ptolemy/actor/lib/test/auto/ArrayLength.xml
1 ms. Memory: 579584K Free: 143439K (25%)
----------------- Invoking toplevel() on ptolemy.moml.MoMLSimpleApplication@6ac3102f
----------------- Done invoking toplevel() on ptolemy.moml.MoMLSimpleApplication@6ac3102f
reloadAllAccessors: .ArrayLength

===========================================================================================
----------------- testing Wed Jun 13 23:02:24 UTC 2018 /home/travis/build/icyphy/ptII/ptolemy/actor/lib/test/auto/ArrayLevelCrossing.xml
----------------- Instantiating /home/travis/build/icyphy/ptII/ptolemy/actor/lib/test/auto/ArrayLevelCrossing.xml
4 ms. Memory: 579584K Free: 128846K (22%)
----------------- Invoking toplevel() on ptolemy.moml.MoMLSimpleApplication@5032ea2a
----------------- Done invoking toplevel() on ptolemy.moml.MoMLSimpleApplication@5032ea2a
reloadAllAccessors: .ArrayLevelCrossing

===========================================================================================
----------------- testing Wed Jun 13 23:02:24 UTC 2018 /home/travis/build/icyphy/ptII/ptolemy/actor/lib/test/auto/ArrayLevelCrossing2.xml
----------------- Instantiating /home/travis/build/icyphy/ptII/ptolemy/actor/lib/test/auto/ArrayLevelCrossing2.xml
3 ms. Memory: 579584K Free: 119128K (21%)
----------------- Invoking toplevel() on ptolemy.moml.MoMLSimpleApplication@2a575e9e
----------------- Done invoking toplevel() on ptolemy.moml.MoMLSimpleApplication@2a575e9e
reloadAllAccessors: .ArrayLevelCrossing2

===========================================================================================
----------------- testing Wed Jun 13 23:02:24 UTC 2018 /home/travis/build/icyphy/ptII/ptolemy/actor/lib/test/auto/ArrayPeakSearch.xml
----------------- Instantiating /home/travis/build/icyphy/ptII/ptolemy/actor/lib/test/auto/ArrayPeakSearch.xml
5 ms. Memory: 579584K Free: 95505K (16%)
----------------- Invoking toplevel() on ptolemy.moml.MoMLSimpleApplication@72f99e0f
----------------- Done invoking toplevel() on ptolemy.moml.MoMLSimpleApplication@72f99e0f
reloadAllAccessors: .ArrayPeakSearch

===========================================================================================
----------------- testing Wed Jun 13 23:02:24 UTC 2018 /home/travis/build/icyphy/ptII/ptolemy/actor/lib/test/auto/ArrayPeakSearch2.xml
----------------- Instantiating /home/travis/build/icyphy/ptII/ptolemy/actor/lib/test/auto/ArrayPeakSearch2.xml
5 ms. Memory: 579584K Free: 80912K (14%)
----------------- Invoking toplevel() on ptolemy.moml.MoMLSimpleApplication@98ec86a
----------------- Done invoking toplevel() on ptolemy.moml.MoMLSimpleApplication@98ec86a
reloadAllAccessors: .ArrayPeakSearch2

===========================================================================================
----------------- testing Wed Jun 13 23:02:24 UTC 2018 /home/travis/build/icyphy/ptII/ptolemy/actor/lib/test/auto/ArrayPeakSearch3.xml
----------------- Instantiating /home/travis/build/icyphy/ptII/ptolemy/actor/lib/test/auto/ArrayPeakSearch3.xml
4 ms. Memory: 579584K Free: 66320K (11%)
----------------- Invoking toplevel() on ptolemy.moml.MoMLSimpleApplication@383c0f8e
----------------- Done invoking toplevel() on ptolemy.moml.MoMLSimpleApplication@383c0f8e
reloadAllAccessors: .ArrayPeakSearch3

===========================================================================================
----------------- testing Wed Jun 13 23:02:24 UTC 2018 /home/travis/build/icyphy/ptII/ptolemy/actor/lib/test/auto/ArrayRemoveElement.xml
----------------- Instantiating /home/travis/build/icyphy/ptII/ptolemy/actor/lib/test/auto/ArrayRemoveElement.xml
56 ms. Memory: 876544K Free: 833049K (95%)
----------------- Invoking toplevel() on ptolemy.moml.MoMLSimpleApplication@441c3e9f
----------------- Done invoking toplevel() on ptolemy.moml.MoMLSimpleApplication@441c3e9f
reloadAllAccessors: .ArrayRemoveElement

===========================================================================================
----------------- testing Wed Jun 13 23:02:24 UTC 2018 /home/travis/build/icyphy/ptII/ptolemy/actor/lib/test/auto/ArraySort.xml
----------------- Instantiating /home/travis/build/icyphy/ptII/ptolemy/actor/lib/test/auto/ArraySort.xml
4 ms. Memory: 876544K Free: 795390K (91%)
----------------- Invoking toplevel() on ptolemy.moml.MoMLSimpleApplication@1b9403bb
----------------- Done invoking toplevel() on ptolemy.moml.MoMLSimpleApplication@1b9403bb
reloadAllAccessors: .ArraySort

===========================================================================================
----------------- testing Wed Jun 13 23:02:24 UTC 2018 /home/travis/build/icyphy/ptII/ptolemy/actor/lib/test/auto/ArraySum.xml
----------------- Instantiating /home/travis/build/icyphy/ptII/ptolemy/actor/lib/test/auto/ArraySum.xml
2 ms. Memory: 876544K Free: 785020K (90%)
----------------- Invoking toplevel() on ptolemy.moml.MoMLSimpleApplication@492bd6ac
----------------- Done invoking toplevel() on ptolemy.moml.MoMLSimpleApplication@492bd6ac
reloadAllAccessors: .ArraySum

===========================================================================================
----------------- testing Wed Jun 13 23:02:24 UTC 2018 /home/travis/build/icyphy/ptII/ptolemy/actor/lib/test/auto/ArrayToElements.xml
----------------- Instantiating /home/travis/build/icyphy/ptII/ptolemy/actor/lib/test/auto/ArrayToElements.xml
8 ms. Memory: 876544K Free: 774651K (88%)
----------------- Invoking toplevel() on ptolemy.moml.MoMLSimpleApplication@2fc812d7
----------------- Done invoking toplevel() on ptolemy.moml.MoMLSimpleApplication@2fc812d7
reloadAllAccessors: .ArrayToElements

===========================================================================================
----------------- testing Wed Jun 13 23:02:24 UTC 2018 /home/travis/build/icyphy/ptII/ptolemy/actor/lib/test/auto/ArrayToMatrix.xml
----------------- Instantiating /home/travis/build/icyphy/ptII/ptolemy/actor/lib/test/auto/ArrayToMatrix.xml
10 ms. Memory: 876544K Free: 753887K (86%)
----------------- Invoking toplevel() on ptolemy.moml.MoMLSimpleApplication@22438ab8
----------------- Done invoking toplevel() on ptolemy.moml.MoMLSimpleApplication@22438ab8
reloadAllAccessors: .ArrayToMatrix

===========================================================================================
----------------- testing Wed Jun 13 23:02:25 UTC 2018 /home/travis/build/icyphy/ptII/ptolemy/actor/lib/test/auto/ArrayUpdate1.xml
----------------- Instantiating /home/travis/build/icyphy/ptII/ptolemy/actor/lib/test/auto/ArrayUpdate1.xml
2 ms. Memory: 876544K Free: 733404K (84%)
----------------- Invoking toplevel() on ptolemy.moml.MoMLSimpleApplication@2678d854
----------------- Done invoking toplevel() on ptolemy.moml.MoMLSimpleApplication@2678d854
reloadAllAccessors: .ArrayUpdate1

===========================================================================================
----------------- testing Wed Jun 13 23:02:25 UTC 2018 /home/travis/build/icyphy/ptII/ptolemy/actor/lib/test/auto/ArrayUpdate2.xml
----------------- Instantiating /home/travis/build/icyphy/ptII/ptolemy/actor/lib/test/auto/ArrayUpdate2.xml
5 ms. Memory: 876544K Free: 723034K (82%)
----------------- Invoking toplevel() on ptolemy.moml.MoMLSimpleApplication@3f1164d1
----------------- Done invoking toplevel() on ptolemy.moml.MoMLSimpleApplication@3f1164d1
reloadAllAccessors: .ArrayUpdate2

===========================================================================================
----------------- testing Wed Jun 13 23:02:25 UTC 2018 /home/travis/build/icyphy/ptII/ptolemy/actor/lib/test/auto/ArrayUpdate3.xml
----------------- Instantiating /home/travis/build/icyphy/ptII/ptolemy/actor/lib/test/auto/ArrayUpdate3.xml
2 ms. Memory: 876544K Free: 712665K (81%)
----------------- Invoking toplevel() on ptolemy.moml.MoMLSimpleApplication@12488bdc
----------------- Done invoking toplevel() on ptolemy.moml.MoMLSimpleApplication@12488bdc
reloadAllAccessors: .ArrayUpdate3

===========================================================================================
----------------- testing Wed Jun 13 23:02:25 UTC 2018 /home/travis/build/icyphy/ptII/ptolemy/actor/lib/test/auto/Assert1.xml
----------------- Instantiating /home/travis/build/icyphy/ptII/ptolemy/actor/lib/test/auto/Assert1.xml
2 ms. Memory: 876544K Free: 702295K (80%)
----------------- Invoking toplevel() on ptolemy.moml.MoMLSimpleApplication@5a0464cb
----------------- Done invoking toplevel() on ptolemy.moml.MoMLSimpleApplication@5a0464cb
reloadAllAccessors: .Assert1

===========================================================================================
----------------- testing Wed Jun 13 23:02:25 UTC 2018 /home/travis/build/icyphy/ptII/ptolemy/actor/lib/test/auto/Assert2.xml
----------------- Instantiating /home/travis/build/icyphy/ptII/ptolemy/actor/lib/test/auto/Assert2.xml
6 ms. Memory: 876544K Free: 691925K (79%)
----------------- Invoking toplevel() on ptolemy.moml.MoMLSimpleApplication@ce01160
----------------- Done invoking toplevel() on ptolemy.moml.MoMLSimpleApplication@ce01160
reloadAllAccessors: .Assert2

===========================================================================================
----------------- testing Wed Jun 13 23:02:25 UTC 2018 /home/travis/build/icyphy/ptII/ptolemy/actor/lib/test/auto/BooleanMultiplexor.xml
----------------- Instantiating /home/travis/build/icyphy/ptII/ptolemy/actor/lib/test/auto/BooleanMultiplexor.xml
2 ms. Memory: 876544K Free: 671443K (77%)
----------------- Invoking toplevel() on ptolemy.moml.MoMLSimpleApplication@5cef787c
----------------- Done invoking toplevel() on ptolemy.moml.MoMLSimpleApplication@5cef787c
reloadAllAccessors: .BooleanMultiplexor

===========================================================================================
----------------- testing Wed Jun 13 23:02:25 UTC 2018 /home/travis/build/icyphy/ptII/ptolemy/actor/lib/test/auto/BooleanMultiplexor2.xml
----------------- Instantiating /home/travis/build/icyphy/ptII/ptolemy/actor/lib/test/auto/BooleanMultiplexor2.xml
11 ms. Memory: 876544K Free: 661073K (75%)
----------------- Invoking toplevel() on ptolemy.moml.MoMLSimpleApplication@2ec9cc67
----------------- Done invoking toplevel() on ptolemy.moml.MoMLSimpleApplication@2ec9cc67
reloadAllAccessors: .BooleanMultiplexor2

===========================================================================================
----------------- testing Wed Jun 13 23:02:25 UTC 2018 /home/travis/build/icyphy/ptII/ptolemy/actor/lib/test/auto/BooleanMultiplexor3.xml
----------------- Instantiating /home/travis/build/icyphy/ptII/ptolemy/actor/lib/test/auto/BooleanMultiplexor3.xml
6 ms. Memory: 876544K Free: 650703K (74%)
----------------- Invoking toplevel() on ptolemy.moml.MoMLSimpleApplication@76d8b5df
----------------- Done invoking toplevel() on ptolemy.moml.MoMLSimpleApplication@76d8b5df
reloadAllAccessors: .BooleanMultiplexor3

===========================================================================================
----------------- testing Wed Jun 13 23:02:25 UTC 2018 /home/travis/build/icyphy/ptII/ptolemy/actor/lib/test/auto/BooleanSelect.xml
----------------- Instantiating /home/travis/build/icyphy/ptII/ptolemy/actor/lib/test/auto/BooleanSelect.xml
7 ms. Memory: 876544K Free: 640334K (73%)
----------------- Invoking toplevel() on ptolemy.moml.MoMLSimpleApplication@3853128b
----------------- Done invoking toplevel() on ptolemy.moml.MoMLSimpleApplication@3853128b
reloadAllAccessors: .BooleanSelect

===========================================================================================
----------------- testing Wed Jun 13 23:02:25 UTC 2018 /home/travis/build/icyphy/ptII/ptolemy/actor/lib/test/auto/BooleanSelect2.xml
----------------- Instantiating /home/travis/build/icyphy/ptII/ptolemy/actor/lib/test/auto/BooleanSelect2.xml
2 ms. Memory: 876544K Free: 619851K (71%)
----------------- Invoking toplevel() on ptolemy.moml.MoMLSimpleApplication@1ae8f9db
----------------- Done invoking toplevel() on ptolemy.moml.MoMLSimpleApplication@1ae8f9db
reloadAllAccessors: .BooleanSelect2

===========================================================================================
----------------- testing Wed Jun 13 23:02:25 UTC 2018 /home/travis/build/icyphy/ptII/ptolemy/actor/lib/test/auto/BooleanSwitch.xml
----------------- Instantiating /home/travis/build/icyphy/ptII/ptolemy/actor/lib/test/auto/BooleanSwitch.xml
4 ms. Memory: 876544K Free: 609481K (70%)
----------------- Invoking toplevel() on ptolemy.moml.MoMLSimpleApplication@3a4af2fc
----------------- Done invoking toplevel() on ptolemy.moml.MoMLSimpleApplication@3a4af2fc
reloadAllAccessors: .BooleanSwitch

===========================================================================================
----------------- testing Wed Jun 13 23:02:25 UTC 2018 /home/travis/build/icyphy/ptII/ptolemy/actor/lib/test/auto/BooleanSwitch2.xml
----------------- Instantiating /home/travis/build/icyphy/ptII/ptolemy/actor/lib/test/auto/BooleanSwitch2.xml
1 ms. Memory: 876544K Free: 599112K (68%)
----------------- Invoking toplevel() on ptolemy.moml.MoMLSimpleApplication@337cb433
----------------- Done invoking toplevel() on ptolemy.moml.MoMLSimpleApplication@337cb433
reloadAllAccessors: .BooleanSwitch2

===========================================================================================
----------------- testing Wed Jun 13 23:02:25 UTC 2018 /home/travis/build/icyphy/ptII/ptolemy/actor/lib/test/auto/BooleanSwitchCloningBugWithClassRelationGroup.xml
----------------- Instantiating /home/travis/build/icyphy/ptII/ptolemy/actor/lib/test/auto/BooleanSwitchCloningBugWithClassRelationGroup.xml
3 ms. Memory: 876544K Free: 588742K (67%)
----------------- Invoking toplevel() on ptolemy.moml.MoMLSimpleApplication@a91eeaa
----------------- Done invoking toplevel() on ptolemy.moml.MoMLSimpleApplication@a91eeaa
reloadAllAccessors: .BooleanSwitchCloningBugWithClassRelationGroup

===========================================================================================
----------------- testing Wed Jun 13 23:02:25 UTC 2018 /home/travis/build/icyphy/ptII/ptolemy/actor/lib/test/auto/BusActors.xml
----------------- Instantiating /home/travis/build/icyphy/ptII/ptolemy/actor/lib/test/auto/BusActors.xml
3 ms. Memory: 876544K Free: 573171K (65%)
----------------- Invoking toplevel() on ptolemy.moml.MoMLSimpleApplication@1b635b7d
----------------- Done invoking toplevel() on ptolemy.moml.MoMLSimpleApplication@1b635b7d
reloadAllAccessors: .BusActors

===========================================================================================
----------------- testing Wed Jun 13 23:02:25 UTC 2018 /home/travis/build/icyphy/ptII/ptolemy/actor/lib/test/auto/ClassWrapper.xml
----------------- Instantiating /home/travis/build/icyphy/ptII/ptolemy/actor/lib/test/auto/ClassWrapper.xml
3 ms. Memory: 876544K Free: 552688K (63%)
----------------- Invoking toplevel() on ptolemy.moml.MoMLSimpleApplication@efa0390
----------------- Done invoking toplevel() on ptolemy.moml.MoMLSimpleApplication@efa0390
reloadAllAccessors: .ClassWrapper

===========================================================================================
----------------- testing Wed Jun 13 23:02:25 UTC 2018 /home/travis/build/icyphy/ptII/ptolemy/actor/lib/test/auto/Clock.xml
----------------- Instantiating /home/travis/build/icyphy/ptII/ptolemy/actor/lib/test/auto/Clock.xml
1 ms. Memory: 876544K Free: 542319K (62%)
----------------- Invoking toplevel() on ptolemy.moml.MoMLSimpleApplication@a48c688
----------------- Done invoking toplevel() on ptolemy.moml.MoMLSimpleApplication@a48c688
reloadAllAccessors: .Clock

===========================================================================================
----------------- testing Wed Jun 13 23:02:25 UTC 2018 /home/travis/build/icyphy/ptII/ptolemy/actor/lib/test/auto/Clock10.xml
----------------- Instantiating /home/travis/build/icyphy/ptII/ptolemy/actor/lib/test/auto/Clock10.xml
2 ms. Memory: 876544K Free: 531949K (61%)
----------------- Invoking toplevel() on ptolemy.moml.MoMLSimpleApplication@7515bbe8
----------------- Done invoking toplevel() on ptolemy.moml.MoMLSimpleApplication@7515bbe8
reloadAllAccessors: .Clock10

===========================================================================================
----------------- testing Wed Jun 13 23:02:25 UTC 2018 /home/travis/build/icyphy/ptII/ptolemy/actor/lib/test/auto/Clock11.xml
----------------- Instantiating /home/travis/build/icyphy/ptII/ptolemy/actor/lib/test/auto/Clock11.xml
2 ms. Memory: 876544K Free: 521579K (60%)
----------------- Invoking toplevel() on ptolemy.moml.MoMLSimpleApplication@57a39ca5
----------------- Done invoking toplevel() on ptolemy.moml.MoMLSimpleApplication@57a39ca5
reloadAllAccessors: .Clock11

===========================================================================================
----------------- testing Wed Jun 13 23:02:25 UTC 2018 /home/travis/build/icyphy/ptII/ptolemy/actor/lib/test/auto/Clock12.xml
----------------- Instantiating /home/travis/build/icyphy/ptII/ptolemy/actor/lib/test/auto/Clock12.xml
2 ms. Memory: 876544K Free: 501097K (57%)
----------------- Invoking toplevel() on ptolemy.moml.MoMLSimpleApplication@46006553
----------------- Done invoking toplevel() on ptolemy.moml.MoMLSimpleApplication@46006553
reloadAllAccessors: .Clock12

===========================================================================================
----------------- testing Wed Jun 13 23:02:25 UTC 2018 /home/travis/build/icyphy/ptII/ptolemy/actor/lib/test/auto/Clock13.xml
----------------- Instantiating /home/travis/build/icyphy/ptII/ptolemy/actor/lib/test/auto/Clock13.xml
7 ms. Memory: 876544K Free: 490727K (56%)
----------------- Invoking toplevel() on ptolemy.moml.MoMLSimpleApplication@5dcab444
----------------- Done invoking toplevel() on ptolemy.moml.MoMLSimpleApplication@5dcab444
reloadAllAccessors: .Clock13

===========================================================================================
----------------- testing Wed Jun 13 23:02:25 UTC 2018 /home/travis/build/icyphy/ptII/ptolemy/actor/lib/test/auto/Clock14.xml
----------------- Instantiating /home/travis/build/icyphy/ptII/ptolemy/actor/lib/test/auto/Clock14.xml
6 ms. Memory: 876544K Free: 480357K (55%)
----------------- Invoking toplevel() on ptolemy.moml.MoMLSimpleApplication@e3f14c
----------------- Done invoking toplevel() on ptolemy.moml.MoMLSimpleApplication@e3f14c
reloadAllAccessors: .Clock14

===========================================================================================
----------------- testing Wed Jun 13 23:02:25 UTC 2018 /home/travis/build/icyphy/ptII/ptolemy/actor/lib/test/auto/Clock15.xml
----------------- Instantiating /home/travis/build/icyphy/ptII/ptolemy/actor/lib/test/auto/Clock15.xml
6 ms. Memory: 876544K Free: 469988K (54%)
----------------- Invoking toplevel() on ptolemy.moml.MoMLSimpleApplication@27a6bd35
----------------- Done invoking toplevel() on ptolemy.moml.MoMLSimpleApplication@27a6bd35
reloadAllAccessors: .Clock15

===========================================================================================
----------------- testing Wed Jun 13 23:02:25 UTC 2018 /home/travis/build/icyphy/ptII/ptolemy/actor/lib/test/auto/Clock16.xml
----------------- Instantiating /home/travis/build/icyphy/ptII/ptolemy/actor/lib/test/auto/Clock16.xml
20 ms. Memory: 876544K Free: 449216K (51%)
----------------- Invoking toplevel() on ptolemy.moml.MoMLSimpleApplication@682599f9
----------------- Done invoking toplevel() on ptolemy.moml.MoMLSimpleApplication@682599f9
reloadAllAccessors: .Clock16

===========================================================================================
----------------- testing Wed Jun 13 23:02:25 UTC 2018 /home/travis/build/icyphy/ptII/ptolemy/actor/lib/test/auto/Clock17.xml
----------------- Instantiating /home/travis/build/icyphy/ptII/ptolemy/actor/lib/test/auto/Clock17.xml
30 ms. Memory: 876544K Free: 415755K (47%)
----------------- Invoking toplevel() on ptolemy.moml.MoMLSimpleApplication@3d5b2cb1
----------------- Done invoking toplevel() on ptolemy.moml.MoMLSimpleApplication@3d5b2cb1
reloadAllAccessors: .Clock17

===========================================================================================
----------------- testing Wed Jun 13 23:02:25 UTC 2018 /home/travis/build/icyphy/ptII/ptolemy/actor/lib/test/auto/Clock18.xml
----------------- Instantiating /home/travis/build/icyphy/ptII/ptolemy/actor/lib/test/auto/Clock18.xml
21 ms. Memory: 876544K Free: 400201K (46%)
----------------- Invoking toplevel() on ptolemy.moml.MoMLSimpleApplication@55acffc4
----------------- Done invoking toplevel() on ptolemy.moml.MoMLSimpleApplication@55acffc4
reloadAllAccessors: .Clock18

===========================================================================================
----------------- testing Wed Jun 13 23:02:25 UTC 2018 /home/travis/build/icyphy/ptII/ptolemy/actor/lib/test/auto/Clock19.xml
----------------- Instantiating /home/travis/build/icyphy/ptII/ptolemy/actor/lib/test/auto/Clock19.xml
19 ms. Memory: 876544K Free: 384630K (44%)
----------------- Invoking toplevel() on ptolemy.moml.MoMLSimpleApplication@69fd5904
----------------- Done invoking toplevel() on ptolemy.moml.MoMLSimpleApplication@69fd5904
reloadAllAccessors: .Clock19

===========================================================================================
----------------- testing Wed Jun 13 23:02:25 UTC 2018 /home/travis/build/icyphy/ptII/ptolemy/actor/lib/test/auto/Clock2.xml
----------------- Instantiating /home/travis/build/icyphy/ptII/ptolemy/actor/lib/test/auto/Clock2.xml
8 ms. Memory: 876544K Free: 374260K (43%)
----------------- Invoking toplevel() on ptolemy.moml.MoMLSimpleApplication@3b76ef1
----------------- Done invoking toplevel() on ptolemy.moml.MoMLSimpleApplication@3b76ef1
reloadAllAccessors: .Clock2

===========================================================================================
----------------- testing Wed Jun 13 23:02:25 UTC 2018 /home/travis/build/icyphy/ptII/ptolemy/actor/lib/test/auto/Clock20.xml
----------------- Instantiating /home/travis/build/icyphy/ptII/ptolemy/actor/lib/test/auto/Clock20.xml
8 ms. Memory: 876544K Free: 353778K (40%)
----------------- Invoking toplevel() on ptolemy.moml.MoMLSimpleApplication@4c87e915
----------------- Done invoking toplevel() on ptolemy.moml.MoMLSimpleApplication@4c87e915
reloadAllAccessors: .Clock20

===========================================================================================
----------------- testing Wed Jun 13 23:02:25 UTC 2018 /home/travis/build/icyphy/ptII/ptolemy/actor/lib/test/auto/Clock21.xml
----------------- Instantiating /home/travis/build/icyphy/ptII/ptolemy/actor/lib/test/auto/Clock21.xml
2 ms. Memory: 876544K Free: 343408K (39%)
----------------- Invoking toplevel() on ptolemy.moml.MoMLSimpleApplication@746ac9f2
----------------- Done invoking toplevel() on ptolemy.moml.MoMLSimpleApplication@746ac9f2
reloadAllAccessors: .Clock21

===========================================================================================
----------------- testing Wed Jun 13 23:02:25 UTC 2018 /home/travis/build/icyphy/ptII/ptolemy/actor/lib/test/auto/Clock22.xml
----------------- Instantiating /home/travis/build/icyphy/ptII/ptolemy/actor/lib/test/auto/Clock22.xml
2 ms. Memory: 876544K Free: 333038K (38%)
----------------- Invoking toplevel() on ptolemy.moml.MoMLSimpleApplication@94ac6c7
----------------- Done invoking toplevel() on ptolemy.moml.MoMLSimpleApplication@94ac6c7
reloadAllAccessors: .Clock22

===========================================================================================
----------------- testing Wed Jun 13 23:02:25 UTC 2018 /home/travis/build/icyphy/ptII/ptolemy/actor/lib/test/auto/Clock23.xml
----------------- Instantiating /home/travis/build/icyphy/ptII/ptolemy/actor/lib/test/auto/Clock23.xml
3 ms. Memory: 876544K Free: 322669K (37%)
----------------- Invoking toplevel() on ptolemy.moml.MoMLSimpleApplication@76a7af0d
----------------- Done invoking toplevel() on ptolemy.moml.MoMLSimpleApplication@76a7af0d
reloadAllAccessors: .Clock23

===========================================================================================
----------------- testing Wed Jun 13 23:02:25 UTC 2018 /home/travis/build/icyphy/ptII/ptolemy/actor/lib/test/auto/Clock24.xml
----------------- Instantiating /home/travis/build/icyphy/ptII/ptolemy/actor/lib/test/auto/Clock24.xml
2 ms. Memory: 876544K Free: 312299K (36%)
----------------- Invoking toplevel() on ptolemy.moml.MoMLSimpleApplication@da5799f
----------------- Done invoking toplevel() on ptolemy.moml.MoMLSimpleApplication@da5799f
reloadAllAccessors: .Clock24

===========================================================================================
----------------- testing Wed Jun 13 23:02:25 UTC 2018 /home/travis/build/icyphy/ptII/ptolemy/actor/lib/test/auto/Clock4.xml
----------------- Instantiating /home/travis/build/icyphy/ptII/ptolemy/actor/lib/test/auto/Clock4.xml
2 ms. Memory: 876544K Free: 291816K (33%)
----------------- Invoking toplevel() on ptolemy.moml.MoMLSimpleApplication@1bb1edba
----------------- Done invoking toplevel() on ptolemy.moml.MoMLSimpleApplication@1bb1edba
reloadAllAccessors: .Clock4

===========================================================================================
----------------- testing Wed Jun 13 23:02:25 UTC 2018 /home/travis/build/icyphy/ptII/ptolemy/actor/lib/test/auto/Clock5.xml
----------------- Instantiating /home/travis/build/icyphy/ptII/ptolemy/actor/lib/test/auto/Clock5.xml
2 ms. Memory: 876544K Free: 281447K (32%)
----------------- Invoking toplevel() on ptolemy.moml.MoMLSimpleApplication@25af613
----------------- Done invoking toplevel() on ptolemy.moml.MoMLSimpleApplication@25af613
reloadAllAccessors: .Clock5

===========================================================================================
----------------- testing Wed Jun 13 23:02:25 UTC 2018 /home/travis/build/icyphy/ptII/ptolemy/actor/lib/test/auto/Clock6.xml
----------------- Instantiating /home/travis/build/icyphy/ptII/ptolemy/actor/lib/test/auto/Clock6.xml
2 ms. Memory: 876544K Free: 271077K (31%)
----------------- Invoking toplevel() on ptolemy.moml.MoMLSimpleApplication@14aaa9d9
----------------- Done invoking toplevel() on ptolemy.moml.MoMLSimpleApplication@14aaa9d9
reloadAllAccessors: .Clock6

===========================================================================================
----------------- testing Wed Jun 13 23:02:25 UTC 2018 /home/travis/build/icyphy/ptII/ptolemy/actor/lib/test/auto/Clock7.xml
----------------- Instantiating /home/travis/build/icyphy/ptII/ptolemy/actor/lib/test/auto/Clock7.xml
1 ms. Memory: 876544K Free: 260707K (30%)
----------------- Invoking toplevel() on ptolemy.moml.MoMLSimpleApplication@314d2fce
----------------- Done invoking toplevel() on ptolemy.moml.MoMLSimpleApplication@314d2fce
reloadAllAccessors: .Clock7

===========================================================================================
----------------- testing Wed Jun 13 23:02:25 UTC 2018 /home/travis/build/icyphy/ptII/ptolemy/actor/lib/test/auto/Clock8.xml
----------------- Instantiating /home/travis/build/icyphy/ptII/ptolemy/actor/lib/test/auto/Clock8.xml
3 ms. Memory: 876544K Free: 240225K (27%)
----------------- Invoking toplevel() on ptolemy.moml.MoMLSimpleApplication@6c80fb3b
----------------- Done invoking toplevel() on ptolemy.moml.MoMLSimpleApplication@6c80fb3b
reloadAllAccessors: .Clock8

===========================================================================================
----------------- testing Wed Jun 13 23:02:25 UTC 2018 /home/travis/build/icyphy/ptII/ptolemy/actor/lib/test/auto/Clock9.xml
----------------- Instantiating /home/travis/build/icyphy/ptII/ptolemy/actor/lib/test/auto/Clock9.xml
7 ms. Memory: 876544K Free: 229855K (26%)
----------------- Invoking toplevel() on ptolemy.moml.MoMLSimpleApplication@62121fe0
----------------- Done invoking toplevel() on ptolemy.moml.MoMLSimpleApplication@62121fe0
reloadAllAccessors: .Clock9

===========================================================================================
----------------- testing Wed Jun 13 23:02:26 UTC 2018 /home/travis/build/icyphy/ptII/ptolemy/actor/lib/test/auto/CommDistDiscard.xml
----------------- Instantiating /home/travis/build/icyphy/ptII/ptolemy/actor/lib/test/auto/CommDistDiscard.xml
5 ms. Memory: 876544K Free: 219485K (25%)
----------------- Invoking toplevel() on ptolemy.moml.MoMLSimpleApplication@22cda784
----------------- Done invoking toplevel() on ptolemy.moml.MoMLSimpleApplication@22cda784
reloadAllAccessors: .CommDistDiscard

===========================================================================================
----------------- testing Wed Jun 13 23:02:26 UTC 2018 /home/travis/build/icyphy/ptII/ptolemy/actor/lib/test/auto/Commutator.xml
----------------- Instantiating /home/travis/build/icyphy/ptII/ptolemy/actor/lib/test/auto/Commutator.xml
3 ms. Memory: 876544K Free: 209116K (24%)
----------------- Invoking toplevel() on ptolemy.moml.MoMLSimpleApplication@716d9590
----------------- Done invoking toplevel() on ptolemy.moml.MoMLSimpleApplication@716d9590
reloadAllAccessors: .Commutator

===========================================================================================
----------------- testing Wed Jun 13 23:02:26 UTC 2018 /home/travis/build/icyphy/ptII/ptolemy/actor/lib/test/auto/Commutator2.xml
----------------- Instantiating /home/travis/build/icyphy/ptII/ptolemy/actor/lib/test/auto/Commutator2.xml
2 ms. Memory: 876544K Free: 198746K (23%)
----------------- Invoking toplevel() on ptolemy.moml.MoMLSimpleApplication@2353e536
----------------- Done invoking toplevel() on ptolemy.moml.MoMLSimpleApplication@2353e536
reloadAllAccessors: .Commutator2

===========================================================================================
----------------- testing Wed Jun 13 23:02:26 UTC 2018 /home/travis/build/icyphy/ptII/ptolemy/actor/lib/test/auto/Commutator3.xml
----------------- Instantiating /home/travis/build/icyphy/ptII/ptolemy/actor/lib/test/auto/Commutator3.xml
3 ms. Memory: 876544K Free: 178263K (20%)
----------------- Invoking toplevel() on ptolemy.moml.MoMLSimpleApplication@2e1a5f36
----------------- Done invoking toplevel() on ptolemy.moml.MoMLSimpleApplication@2e1a5f36
reloadAllAccessors: .Commutator3

===========================================================================================
----------------- testing Wed Jun 13 23:02:26 UTC 2018 /home/travis/build/icyphy/ptII/ptolemy/actor/lib/test/auto/Compare.xml
----------------- Instantiating /home/travis/build/icyphy/ptII/ptolemy/actor/lib/test/auto/Compare.xml
3 ms. Memory: 876544K Free: 167894K (19%)
----------------- Invoking toplevel() on ptolemy.moml.MoMLSimpleApplication@42105b68
----------------- Done invoking toplevel() on ptolemy.moml.MoMLSimpleApplication@42105b68
reloadAllAccessors: .Compare

===========================================================================================
----------------- testing Wed Jun 13 23:02:26 UTC 2018 /home/travis/build/icyphy/ptII/ptolemy/actor/lib/test/auto/CompareDE.xml
----------------- Instantiating /home/travis/build/icyphy/ptII/ptolemy/actor/lib/test/auto/CompareDE.xml
4 ms. Memory: 876544K Free: 157524K (18%)
----------------- Invoking toplevel() on ptolemy.moml.MoMLSimpleApplication@5e9a38da
----------------- Done invoking toplevel() on ptolemy.moml.MoMLSimpleApplication@5e9a38da
reloadAllAccessors: .CompareDE

===========================================================================================
----------------- testing Wed Jun 13 23:02:26 UTC 2018 /home/travis/build/icyphy/ptII/ptolemy/actor/lib/test/auto/ComplexDivide.xml
----------------- Instantiating /home/travis/build/icyphy/ptII/ptolemy/actor/lib/test/auto/ComplexDivide.xml
3 ms. Memory: 876544K Free: 147154K (17%)
----------------- Invoking toplevel() on ptolemy.moml.MoMLSimpleApplication@a9ab17c
----------------- Done invoking toplevel() on ptolemy.moml.MoMLSimpleApplication@a9ab17c
reloadAllAccessors: .ComplexDivide

===========================================================================================
----------------- testing Wed Jun 13 23:02:26 UTC 2018 /home/travis/build/icyphy/ptII/ptolemy/actor/lib/test/auto/ComputeHistogram.xml
----------------- Instantiating /home/travis/build/icyphy/ptII/ptolemy/actor/lib/test/auto/ComputeHistogram.xml
36 ms. Memory: 876544K Free: 121471K (14%)
----------------- Invoking toplevel() on ptolemy.moml.MoMLSimpleApplication@65c5149c
----------------- Done invoking toplevel() on ptolemy.moml.MoMLSimpleApplication@65c5149c
reloadAllAccessors: .ComputeHistogram

===========================================================================================
----------------- testing Wed Jun 13 23:02:26 UTC 2018 /home/travis/build/icyphy/ptII/ptolemy/actor/lib/test/auto/ConfigurationSelect.xml
----------------- Instantiating /home/travis/build/icyphy/ptII/ptolemy/actor/lib/test/auto/ConfigurationSelect.xml
5 ms. Memory: 876544K Free: 111101K (13%)
----------------- Invoking toplevel() on ptolemy.moml.MoMLSimpleApplication@f11e4ee
----------------- Done invoking toplevel() on ptolemy.moml.MoMLSimpleApplication@f11e4ee
reloadAllAccessors: .ConfigurationSelect

===========================================================================================
----------------- testing Wed Jun 13 23:02:26 UTC 2018 /home/travis/build/icyphy/ptII/ptolemy/actor/lib/test/auto/ConfigurationSelect2.xml
----------------- Instantiating /home/travis/build/icyphy/ptII/ptolemy/actor/lib/test/auto/ConfigurationSelect2.xml
2 ms. Memory: 876544K Free: 100731K (11%)
----------------- Invoking toplevel() on ptolemy.moml.MoMLSimpleApplication@7f5a8e6c
----------------- Done invoking toplevel() on ptolemy.moml.MoMLSimpleApplication@7f5a8e6c
reloadAllAccessors: .ConfigurationSelect2

===========================================================================================
----------------- testing Wed Jun 13 23:02:26 UTC 2018 /home/travis/build/icyphy/ptII/ptolemy/actor/lib/test/auto/ConfigurationSwitch.xml
----------------- Instantiating /home/travis/build/icyphy/ptII/ptolemy/actor/lib/test/auto/ConfigurationSwitch.xml
3 ms. Memory: 876544K Free: 90362K (10%)
----------------- Invoking toplevel() on ptolemy.moml.MoMLSimpleApplication@6fe1c67c
----------------- Done invoking toplevel() on ptolemy.moml.MoMLSimpleApplication@6fe1c67c
reloadAllAccessors: .ConfigurationSwitch

===========================================================================================
----------------- testing Wed Jun 13 23:02:26 UTC 2018 /home/travis/build/icyphy/ptII/ptolemy/actor/lib/test/auto/ConfigurationSwitch2.xml
----------------- Instantiating /home/travis/build/icyphy/ptII/ptolemy/actor/lib/test/auto/ConfigurationSwitch2.xml
4 ms. Memory: 876544K Free: 79992K (9%)
----------------- Invoking toplevel() on ptolemy.moml.MoMLSimpleApplication@f045325
----------------- Done invoking toplevel() on ptolemy.moml.MoMLSimpleApplication@f045325
reloadAllAccessors: .ConfigurationSwitch2

===========================================================================================
----------------- testing Wed Jun 13 23:02:26 UTC 2018 /home/travis/build/icyphy/ptII/ptolemy/actor/lib/test/auto/ConfigurationSwitchCloningBugWithClassRelationGroup.xml
----------------- Instantiating /home/travis/build/icyphy/ptII/ptolemy/actor/lib/test/auto/ConfigurationSwitchCloningBugWithClassRelationGroup.xml
1 ms. Memory: 876544K Free: 59509K (7%)
----------------- Invoking toplevel() on ptolemy.moml.MoMLSimpleApplication@2546ae23
----------------- Done invoking toplevel() on ptolemy.moml.MoMLSimpleApplication@2546ae23
reloadAllAccessors: .ConfigurationSwitchCloningBugWithClassRelationGroup

===========================================================================================
----------------- testing Wed Jun 13 23:02:26 UTC 2018 /home/travis/build/icyphy/ptII/ptolemy/actor/lib/test/auto/ConfigurationSwitchSelectSDF.xml
----------------- Instantiating /home/travis/build/icyphy/ptII/ptolemy/actor/lib/test/auto/ConfigurationSwitchSelectSDF.xml
2 ms. Memory: 877568K Free: 829084K (94%)
----------------- Invoking toplevel() on ptolemy.moml.MoMLSimpleApplication@54338a3d
----------------- Done invoking toplevel() on ptolemy.moml.MoMLSimpleApplication@54338a3d
reloadAllAccessors: .ConfigurationSwitchSelectSDF

===========================================================================================
----------------- testing Wed Jun 13 23:02:26 UTC 2018 /home/travis/build/icyphy/ptII/ptolemy/actor/lib/test/auto/ConfigurationSwitchSelectSDF2.xml
----------------- Instantiating /home/travis/build/icyphy/ptII/ptolemy/actor/lib/test/auto/ConfigurationSwitchSelectSDF2.xml
2 ms. Memory: 877568K Free: 813827K (93%)
----------------- Invoking toplevel() on ptolemy.moml.MoMLSimpleApplication@59438f16
----------------- Done invoking toplevel() on ptolemy.moml.MoMLSimpleApplication@59438f16
reloadAllAccessors: .ConfigurationSwitchSelectSDF2

===========================================================================================
----------------- testing Wed Jun 13 23:02:26 UTC 2018 /home/travis/build/icyphy/ptII/ptolemy/actor/lib/test/auto/Const.xml
----------------- Instantiating /home/travis/build/icyphy/ptII/ptolemy/actor/lib/test/auto/Const.xml
1 ms. Memory: 877568K Free: 806050K (92%)
----------------- Invoking toplevel() on ptolemy.moml.MoMLSimpleApplication@41650b42
----------------- Done invoking toplevel() on ptolemy.moml.MoMLSimpleApplication@41650b42
reloadAllAccessors: .Const

===========================================================================================
----------------- testing Wed Jun 13 23:02:26 UTC 2018 /home/travis/build/icyphy/ptII/ptolemy/actor/lib/test/auto/Const2.xml
----------------- Instantiating /home/travis/build/icyphy/ptII/ptolemy/actor/lib/test/auto/Const2.xml
1 ms. Memory: 877568K Free: 798272K (91%)
----------------- Invoking toplevel() on ptolemy.moml.MoMLSimpleApplication@123f2160
----------------- Done invoking toplevel() on ptolemy.moml.MoMLSimpleApplication@123f2160
reloadAllAccessors: .Const2

===========================================================================================
----------------- testing Wed Jun 13 23:02:26 UTC 2018 /home/travis/build/icyphy/ptII/ptolemy/actor/lib/test/auto/Const3.xml
----------------- Instantiating /home/travis/build/icyphy/ptII/ptolemy/actor/lib/test/auto/Const3.xml
1 ms. Memory: 877568K Free: 782854K (89%)
----------------- Invoking toplevel() on ptolemy.moml.MoMLSimpleApplication@2582a972
----------------- Done invoking toplevel() on ptolemy.moml.MoMLSimpleApplication@2582a972
reloadAllAccessors: .Const3

===========================================================================================
----------------- testing Wed Jun 13 23:02:26 UTC 2018 /home/travis/build/icyphy/ptII/ptolemy/actor/lib/test/auto/ConstantPublisherPort1.xml
----------------- Instantiating /home/travis/build/icyphy/ptII/ptolemy/actor/lib/test/auto/ConstantPublisherPort1.xml
5 ms. Memory: 877568K Free: 771172K (88%)
----------------- Invoking toplevel() on ptolemy.moml.MoMLSimpleApplication@36008661
----------------- Done invoking toplevel() on ptolemy.moml.MoMLSimpleApplication@36008661
reloadAllAccessors: .ConstantPublisherPort1

===========================================================================================
----------------- testing Wed Jun 13 23:02:26 UTC 2018 /home/travis/build/icyphy/ptII/ptolemy/actor/lib/test/auto/ConstantPublisherPort2.xml
----------------- Instantiating /home/travis/build/icyphy/ptII/ptolemy/actor/lib/test/auto/ConstantPublisherPort2.xml
4 ms. Memory: 877568K Free: 759506K (87%)
----------------- Invoking toplevel() on ptolemy.moml.MoMLSimpleApplication@1b678622
----------------- Done invoking toplevel() on ptolemy.moml.MoMLSimpleApplication@1b678622
reloadAllAccessors: .ConstantPublisherPort2

===========================================================================================
----------------- testing Wed Jun 13 23:02:26 UTC 2018 /home/travis/build/icyphy/ptII/ptolemy/actor/lib/test/auto/ConstantPublisherPort3.xml
----------------- Instantiating /home/travis/build/icyphy/ptII/ptolemy/actor/lib/test/auto/ConstantPublisherPort3.xml
4 ms. Memory: 877568K Free: 740352K (84%)
----------------- Invoking toplevel() on ptolemy.moml.MoMLSimpleApplication@27026176
----------------- Done invoking toplevel() on ptolemy.moml.MoMLSimpleApplication@27026176
reloadAllAccessors: .ConstantPublisherPort3

===========================================================================================
----------------- testing Wed Jun 13 23:02:26 UTC 2018 /home/travis/build/icyphy/ptII/ptolemy/actor/lib/test/auto/ConstantPublisherPort4.xml
----------------- Instantiating /home/travis/build/icyphy/ptII/ptolemy/actor/lib/test/auto/ConstantPublisherPort4.xml
3 ms. Memory: 877568K Free: 728670K (83%)
----------------- Invoking toplevel() on ptolemy.moml.MoMLSimpleApplication@3e865828
----------------- Done invoking toplevel() on ptolemy.moml.MoMLSimpleApplication@3e865828
reloadAllAccessors: .ConstantPublisherPort4

===========================================================================================
----------------- testing Wed Jun 13 23:02:26 UTC 2018 /home/travis/build/icyphy/ptII/ptolemy/actor/lib/test/auto/ConstantPublisherPort5.xml
----------------- Instantiating /home/travis/build/icyphy/ptII/ptolemy/actor/lib/test/auto/ConstantPublisherPort5.xml
32 ms. Memory: 877568K Free: 709211K (81%)
----------------- Invoking toplevel() on ptolemy.moml.MoMLSimpleApplication@38be7b31
----------------- Done invoking toplevel() on ptolemy.moml.MoMLSimpleApplication@38be7b31
reloadAllAccessors: .ConstantPublisherPort5

===========================================================================================
----------------- testing Wed Jun 13 23:02:26 UTC 2018 /home/travis/build/icyphy/ptII/ptolemy/actor/lib/test/auto/ConstantPublisherPort6.xml
----------------- Instantiating /home/travis/build/icyphy/ptII/ptolemy/actor/lib/test/auto/ConstantPublisherPort6.xml
20 ms. Memory: 877568K Free: 685879K (78%)
----------------- Invoking toplevel() on ptolemy.moml.MoMLSimpleApplication@21ff177b
----------------- Done invoking toplevel() on ptolemy.moml.MoMLSimpleApplication@21ff177b
reloadAllAccessors: .ConstantPublisherPort6

===========================================================================================
----------------- testing Wed Jun 13 23:02:26 UTC 2018 /home/travis/build/icyphy/ptII/ptolemy/actor/lib/test/auto/ConstantPublisherPort7.xml
----------------- Instantiating /home/travis/build/icyphy/ptII/ptolemy/actor/lib/test/auto/ConstantPublisherPort7.xml
17 ms. Memory: 877568K Free: 655067K (75%)
----------------- Invoking toplevel() on ptolemy.moml.MoMLSimpleApplication@22e88650
----------------- Done invoking toplevel() on ptolemy.moml.MoMLSimpleApplication@22e88650
reloadAllAccessors: .ConstantPublisherPort7

===========================================================================================
----------------- testing Wed Jun 13 23:02:26 UTC 2018 /home/travis/build/icyphy/ptII/ptolemy/actor/lib/test/auto/ConstraintMonitor1.xml
----------------- Instantiating /home/travis/build/icyphy/ptII/ptolemy/actor/lib/test/auto/ConstraintMonitor1.xml
6 ms. Memory: 877568K Free: 647290K (74%)
----------------- Invoking toplevel() on ptolemy.moml.MoMLSimpleApplication@2a730218
----------------- Done invoking toplevel() on ptolemy.moml.MoMLSimpleApplication@2a730218
reloadAllAccessors: .ConstraintMonitor1

===========================================================================================
----------------- testing Wed Jun 13 23:02:26 UTC 2018 /home/travis/build/icyphy/ptII/ptolemy/actor/lib/test/auto/ConstraintMonitor2.xml
----------------- Instantiating /home/travis/build/icyphy/ptII/ptolemy/actor/lib/test/auto/ConstraintMonitor2.xml
6 ms. Memory: 877568K Free: 639513K (73%)
----------------- Invoking toplevel() on ptolemy.moml.MoMLSimpleApplication@28fa3caa
----------------- Done invoking toplevel() on ptolemy.moml.MoMLSimpleApplication@28fa3caa
reloadAllAccessors: .ConstraintMonitor2

===========================================================================================
----------------- testing Wed Jun 13 23:02:26 UTC 2018 /home/travis/build/icyphy/ptII/ptolemy/actor/lib/test/auto/ConstraintMonitor3.xml
----------------- Instantiating /home/travis/build/icyphy/ptII/ptolemy/actor/lib/test/auto/ConstraintMonitor3.xml
1 ms. Memory: 877568K Free: 624256K (71%)
----------------- Invoking toplevel() on ptolemy.moml.MoMLSimpleApplication@24559e9f
----------------- Done invoking toplevel() on ptolemy.moml.MoMLSimpleApplication@24559e9f
reloadAllAccessors: .ConstraintMonitor3

===========================================================================================
----------------- testing Wed Jun 13 23:02:26 UTC 2018 /home/travis/build/icyphy/ptII/ptolemy/actor/lib/test/auto/ConstraintMonitor4.xml
----------------- Instantiating /home/travis/build/icyphy/ptII/ptolemy/actor/lib/test/auto/ConstraintMonitor4.xml
1 ms. Memory: 877568K Free: 616478K (70%)
----------------- Invoking toplevel() on ptolemy.moml.MoMLSimpleApplication@5188a568
----------------- Done invoking toplevel() on ptolemy.moml.MoMLSimpleApplication@5188a568
reloadAllAccessors: .ConstraintMonitor4

===========================================================================================
----------------- testing Wed Jun 13 23:02:26 UTC 2018 /home/travis/build/icyphy/ptII/ptolemy/actor/lib/test/auto/ConstraintMonitor5.xml
----------------- Instantiating /home/travis/build/icyphy/ptII/ptolemy/actor/lib/test/auto/ConstraintMonitor5.xml
6 ms. Memory: 877568K Free: 608701K (69%)
----------------- Invoking toplevel() on ptolemy.moml.MoMLSimpleApplication@7bbfea09
----------------- Done invoking toplevel() on ptolemy.moml.MoMLSimpleApplication@7bbfea09
reloadAllAccessors: .ConstraintMonitor5

===========================================================================================
----------------- testing Wed Jun 13 23:02:26 UTC 2018 /home/travis/build/icyphy/ptII/ptolemy/actor/lib/test/auto/ConstraintMonitor6.xml
----------------- Instantiating /home/travis/build/icyphy/ptII/ptolemy/actor/lib/test/auto/ConstraintMonitor6.xml
2 ms. Memory: 877568K Free: 589539K (67%)
----------------- Invoking toplevel() on ptolemy.moml.MoMLSimpleApplication@238df5ea
----------------- Done invoking toplevel() on ptolemy.moml.MoMLSimpleApplication@238df5ea
reloadAllAccessors: .ConstraintMonitor6

===========================================================================================
----------------- testing Wed Jun 13 23:02:26 UTC 2018 /home/travis/build/icyphy/ptII/ptolemy/actor/lib/test/auto/ConstraintMonitor7.xml
----------------- Instantiating /home/travis/build/icyphy/ptII/ptolemy/actor/lib/test/auto/ConstraintMonitor7.xml
3 ms. Memory: 877568K Free: 577857K (66%)
----------------- Invoking toplevel() on ptolemy.moml.MoMLSimpleApplication@62ad8147
----------------- Done invoking toplevel() on ptolemy.moml.MoMLSimpleApplication@62ad8147
reloadAllAccessors: .ConstraintMonitor7

===========================================================================================
----------------- testing Wed Jun 13 23:02:26 UTC 2018 /home/travis/build/icyphy/ptII/ptolemy/actor/lib/test/auto/ConstraintMonitor8.xml
----------------- Instantiating /home/travis/build/icyphy/ptII/ptolemy/actor/lib/test/auto/ConstraintMonitor8.xml
5 ms. Memory: 877568K Free: 566175K (65%)
----------------- Invoking toplevel() on ptolemy.moml.MoMLSimpleApplication@5675b974
----------------- Done invoking toplevel() on ptolemy.moml.MoMLSimpleApplication@5675b974
reloadAllAccessors: .ConstraintMonitor8

===========================================================================================
----------------- testing Wed Jun 13 23:02:26 UTC 2018 /home/travis/build/icyphy/ptII/ptolemy/actor/lib/test/auto/Counter.xml
----------------- Instantiating /home/travis/build/icyphy/ptII/ptolemy/actor/lib/test/auto/Counter.xml
1 ms. Memory: 877568K Free: 558398K (64%)
----------------- Invoking toplevel() on ptolemy.moml.MoMLSimpleApplication@72213b4
----------------- Done invoking toplevel() on ptolemy.moml.MoMLSimpleApplication@72213b4
reloadAllAccessors: .Counter

===========================================================================================
----------------- testing Wed Jun 13 23:02:26 UTC 2018 /home/travis/build/icyphy/ptII/ptolemy/actor/lib/test/auto/CurrentTimeSDF.xml
----------------- Instantiating /home/travis/build/icyphy/ptII/ptolemy/actor/lib/test/auto/CurrentTimeSDF.xml
2 ms. Memory: 877568K Free: 543141K (62%)
----------------- Invoking toplevel() on ptolemy.moml.MoMLSimpleApplication@1ad8d220
----------------- Done invoking toplevel() on ptolemy.moml.MoMLSimpleApplication@1ad8d220
reloadAllAccessors: .CurrentTimeSDF

===========================================================================================
----------------- testing Wed Jun 13 23:02:26 UTC 2018 /home/travis/build/icyphy/ptII/ptolemy/actor/lib/test/auto/DB.xml
----------------- Instantiating /home/travis/build/icyphy/ptII/ptolemy/actor/lib/test/auto/DB.xml
1 ms. Memory: 877568K Free: 535364K (61%)
----------------- Invoking toplevel() on ptolemy.moml.MoMLSimpleApplication@6e281e36
----------------- Done invoking toplevel() on ptolemy.moml.MoMLSimpleApplication@6e281e36
reloadAllAccessors: .DB

===========================================================================================
----------------- testing Wed Jun 13 23:02:26 UTC 2018 /home/travis/build/icyphy/ptII/ptolemy/actor/lib/test/auto/DBDE.xml
----------------- Instantiating /home/travis/build/icyphy/ptII/ptolemy/actor/lib/test/auto/DBDE.xml
2 ms. Memory: 877568K Free: 523682K (60%)
----------------- Invoking toplevel() on ptolemy.moml.MoMLSimpleApplication@6ce326e0
----------------- Done invoking toplevel() on ptolemy.moml.MoMLSimpleApplication@6ce326e0
reloadAllAccessors: .DBDE

===========================================================================================
----------------- testing Wed Jun 13 23:02:26 UTC 2018 /home/travis/build/icyphy/ptII/ptolemy/actor/lib/test/auto/DateConstructor.xml
----------------- Instantiating /home/travis/build/icyphy/ptII/ptolemy/actor/lib/test/auto/DateConstructor.xml
10 ms. Memory: 877568K Free: 496727K (57%)
----------------- Invoking toplevel() on ptolemy.moml.MoMLSimpleApplication@6e575213
----------------- Done invoking toplevel() on ptolemy.moml.MoMLSimpleApplication@6e575213
reloadAllAccessors: .DateConstructor

===========================================================================================
----------------- testing Wed Jun 13 23:02:26 UTC 2018 /home/travis/build/icyphy/ptII/ptolemy/actor/lib/test/auto/DelayTime.xml
----------------- Instantiating /home/travis/build/icyphy/ptII/ptolemy/actor/lib/test/auto/DelayTime.xml
3 ms. Memory: 877568K Free: 488950K (56%)
----------------- Invoking toplevel() on ptolemy.moml.MoMLSimpleApplication@7e6b02d9
----------------- Done invoking toplevel() on ptolemy.moml.MoMLSimpleApplication@7e6b02d9
reloadAllAccessors: .DelayTime

===========================================================================================
----------------- testing Wed Jun 13 23:02:26 UTC 2018 /home/travis/build/icyphy/ptII/ptolemy/actor/lib/test/auto/Dictionary1.xml
----------------- Instantiating /home/travis/build/icyphy/ptII/ptolemy/actor/lib/test/auto/Dictionary1.xml
1 ms. Memory: 877568K Free: 481172K (55%)
----------------- Invoking toplevel() on ptolemy.moml.MoMLSimpleApplication@51a0c5b5
----------------- Done invoking toplevel() on ptolemy.moml.MoMLSimpleApplication@51a0c5b5
reloadAllAccessors: .Dictionary1

===========================================================================================
----------------- testing Wed Jun 13 23:02:26 UTC 2018 /home/travis/build/icyphy/ptII/ptolemy/actor/lib/test/auto/Dictionary2.xml
----------------- Instantiating /home/travis/build/icyphy/ptII/ptolemy/actor/lib/test/auto/Dictionary2.xml
2 ms. Memory: 877568K Free: 473395K (54%)
----------------- Invoking toplevel() on ptolemy.moml.MoMLSimpleApplication@3401ff29
----------------- Done invoking toplevel() on ptolemy.moml.MoMLSimpleApplication@3401ff29
reloadAllAccessors: .Dictionary2

===========================================================================================
----------------- testing Wed Jun 13 23:02:27 UTC 2018 /home/travis/build/icyphy/ptII/ptolemy/actor/lib/test/auto/Dictionary3.xml
----------------- Instantiating /home/travis/build/icyphy/ptII/ptolemy/actor/lib/test/auto/Dictionary3.xml
2 ms. Memory: 877568K Free: 458138K (52%)
----------------- Invoking toplevel() on ptolemy.moml.MoMLSimpleApplication@9fd7e03
----------------- Done invoking toplevel() on ptolemy.moml.MoMLSimpleApplication@9fd7e03
reloadAllAccessors: .Dictionary3

===========================================================================================
----------------- testing Wed Jun 13 23:02:27 UTC 2018 /home/travis/build/icyphy/ptII/ptolemy/actor/lib/test/auto/Dictionary4.xml
----------------- Instantiating /home/travis/build/icyphy/ptII/ptolemy/actor/lib/test/auto/Dictionary4.xml
2 ms. Memory: 877568K Free: 446456K (51%)
----------------- Invoking toplevel() on ptolemy.moml.MoMLSimpleApplication@3ed10044
----------------- Done invoking toplevel() on ptolemy.moml.MoMLSimpleApplication@3ed10044
reloadAllAccessors: .Dictionary4

===========================================================================================
----------------- testing Wed Jun 13 23:02:27 UTC 2018 /home/travis/build/icyphy/ptII/ptolemy/actor/lib/test/auto/Differential.xml
----------------- Instantiating /home/travis/build/icyphy/ptII/ptolemy/actor/lib/test/auto/Differential.xml
2 ms. Memory: 877568K Free: 438679K (50%)
----------------- Invoking toplevel() on ptolemy.moml.MoMLSimpleApplication@1fa06a16
----------------- Done invoking toplevel() on ptolemy.moml.MoMLSimpleApplication@1fa06a16
reloadAllAccessors: .Differential

===========================================================================================
----------------- testing Wed Jun 13 23:02:27 UTC 2018 /home/travis/build/icyphy/ptII/ptolemy/actor/lib/test/auto/Director.xml
----------------- Instantiating /home/travis/build/icyphy/ptII/ptolemy/actor/lib/test/auto/Director.xml
2 ms. Memory: 877568K Free: 423421K (48%)
----------------- Invoking toplevel() on ptolemy.moml.MoMLSimpleApplication@224e34df
----------------- Done invoking toplevel() on ptolemy.moml.MoMLSimpleApplication@224e34df
reloadAllAccessors: .Director

===========================================================================================
----------------- testing Wed Jun 13 23:02:27 UTC 2018 /home/travis/build/icyphy/ptII/ptolemy/actor/lib/test/auto/DiscreteClock.xml
----------------- Instantiating /home/travis/build/icyphy/ptII/ptolemy/actor/lib/test/auto/DiscreteClock.xml
1 ms. Memory: 877568K Free: 415644K (47%)
----------------- Invoking toplevel() on ptolemy.moml.MoMLSimpleApplication@745f31d1
----------------- Done invoking toplevel() on ptolemy.moml.MoMLSimpleApplication@745f31d1
reloadAllAccessors: .DiscreteClock

===========================================================================================
----------------- testing Wed Jun 13 23:02:27 UTC 2018 /home/travis/build/icyphy/ptII/ptolemy/actor/lib/test/auto/DiscreteClock10.xml
----------------- Instantiating /home/travis/build/icyphy/ptII/ptolemy/actor/lib/test/auto/DiscreteClock10.xml
2 ms. Memory: 877568K Free: 407867K (46%)
----------------- Invoking toplevel() on ptolemy.moml.MoMLSimpleApplication@66745d12
----------------- Done invoking toplevel() on ptolemy.moml.MoMLSimpleApplication@66745d12
reloadAllAccessors: .DiscreteClock10

===========================================================================================
----------------- testing Wed Jun 13 23:02:27 UTC 2018 /home/travis/build/icyphy/ptII/ptolemy/actor/lib/test/auto/DiscreteClock11.xml
----------------- Instantiating /home/travis/build/icyphy/ptII/ptolemy/actor/lib/test/auto/DiscreteClock11.xml
2 ms. Memory: 877568K Free: 392610K (45%)
----------------- Invoking toplevel() on ptolemy.moml.MoMLSimpleApplication@24759959
----------------- Done invoking toplevel() on ptolemy.moml.MoMLSimpleApplication@24759959
reloadAllAccessors: .DiscreteClock11

===========================================================================================
----------------- testing Wed Jun 13 23:02:27 UTC 2018 /home/travis/build/icyphy/ptII/ptolemy/actor/lib/test/auto/DiscreteClock12.xml
----------------- Instantiating /home/travis/build/icyphy/ptII/ptolemy/actor/lib/test/auto/DiscreteClock12.xml
2 ms. Memory: 877568K Free: 384832K (44%)
----------------- Invoking toplevel() on ptolemy.moml.MoMLSimpleApplication@216f992b
----------------- Done invoking toplevel() on ptolemy.moml.MoMLSimpleApplication@216f992b
reloadAllAccessors: .DiscreteClock12

===========================================================================================
----------------- testing Wed Jun 13 23:02:27 UTC 2018 /home/travis/build/icyphy/ptII/ptolemy/actor/lib/test/auto/DiscreteClock13.xml
----------------- Instantiating /home/travis/build/icyphy/ptII/ptolemy/actor/lib/test/auto/DiscreteClock13.xml
6 ms. Memory: 877568K Free: 377055K (43%)
----------------- Invoking toplevel() on ptolemy.moml.MoMLSimpleApplication@59262685
----------------- Done invoking toplevel() on ptolemy.moml.MoMLSimpleApplication@59262685
reloadAllAccessors: .DiscreteClock13

===========================================================================================
----------------- testing Wed Jun 13 23:02:27 UTC 2018 /home/travis/build/icyphy/ptII/ptolemy/actor/lib/test/auto/DiscreteClock14.xml
----------------- Instantiating /home/travis/build/icyphy/ptII/ptolemy/actor/lib/test/auto/DiscreteClock14.xml
6 ms. Memory: 877568K Free: 369278K (42%)
----------------- Invoking toplevel() on ptolemy.moml.MoMLSimpleApplication@2b86b8d4
----------------- Done invoking toplevel() on ptolemy.moml.MoMLSimpleApplication@2b86b8d4
reloadAllAccessors: .DiscreteClock14

===========================================================================================
----------------- testing Wed Jun 13 23:02:27 UTC 2018 /home/travis/build/icyphy/ptII/ptolemy/actor/lib/test/auto/DiscreteClock15.xml
----------------- Instantiating /home/travis/build/icyphy/ptII/ptolemy/actor/lib/test/auto/DiscreteClock15.xml
2 ms. Memory: 877568K Free: 354021K (40%)
----------------- Invoking toplevel() on ptolemy.moml.MoMLSimpleApplication@1b89b2b9
----------------- Done invoking toplevel() on ptolemy.moml.MoMLSimpleApplication@1b89b2b9
reloadAllAccessors: .DiscreteClock15

===========================================================================================
----------------- testing Wed Jun 13 23:02:27 UTC 2018 /home/travis/build/icyphy/ptII/ptolemy/actor/lib/test/auto/DiscreteClock16.xml
----------------- Instantiating /home/travis/build/icyphy/ptII/ptolemy/actor/lib/test/auto/DiscreteClock16.xml
12 ms. Memory: 877568K Free: 338466K (39%)
----------------- Invoking toplevel() on ptolemy.moml.MoMLSimpleApplication@5e196a4
----------------- Done invoking toplevel() on ptolemy.moml.MoMLSimpleApplication@5e196a4
reloadAllAccessors: .DiscreteClock16

===========================================================================================
----------------- testing Wed Jun 13 23:02:27 UTC 2018 /home/travis/build/icyphy/ptII/ptolemy/actor/lib/test/auto/DiscreteClock17.xml
----------------- Instantiating /home/travis/build/icyphy/ptII/ptolemy/actor/lib/test/auto/DiscreteClock17.xml
17 ms. Memory: 877568K Free: 322895K (37%)
----------------- Invoking toplevel() on ptolemy.moml.MoMLSimpleApplication@9e68102
----------------- Done invoking toplevel() on ptolemy.moml.MoMLSimpleApplication@9e68102
reloadAllAccessors: .DiscreteClock17

===========================================================================================
----------------- testing Wed Jun 13 23:02:27 UTC 2018 /home/travis/build/icyphy/ptII/ptolemy/actor/lib/test/auto/DiscreteClock18.xml
----------------- Instantiating /home/travis/build/icyphy/ptII/ptolemy/actor/lib/test/auto/DiscreteClock18.xml
8 ms. Memory: 877568K Free: 299845K (34%)
----------------- Invoking toplevel() on ptolemy.moml.MoMLSimpleApplication@663d5e6d
----------------- Done invoking toplevel() on ptolemy.moml.MoMLSimpleApplication@663d5e6d
reloadAllAccessors: .DiscreteClock18

===========================================================================================
----------------- testing Wed Jun 13 23:02:27 UTC 2018 /home/travis/build/icyphy/ptII/ptolemy/actor/lib/test/auto/DiscreteClock19.xml
----------------- Instantiating /home/travis/build/icyphy/ptII/ptolemy/actor/lib/test/auto/DiscreteClock19.xml
9 ms. Memory: 877568K Free: 284274K (32%)
----------------- Invoking toplevel() on ptolemy.moml.MoMLSimpleApplication@223995be
----------------- Done invoking toplevel() on ptolemy.moml.MoMLSimpleApplication@223995be
reloadAllAccessors: .DiscreteClock19

===========================================================================================
----------------- testing Wed Jun 13 23:02:27 UTC 2018 /home/travis/build/icyphy/ptII/ptolemy/actor/lib/test/auto/DiscreteClock2.xml
----------------- Instantiating /home/travis/build/icyphy/ptII/ptolemy/actor/lib/test/auto/DiscreteClock2.xml
6 ms. Memory: 877568K Free: 276497K (32%)
----------------- Invoking toplevel() on ptolemy.moml.MoMLSimpleApplication@4ebf0f2
----------------- Done invoking toplevel() on ptolemy.moml.MoMLSimpleApplication@4ebf0f2
reloadAllAccessors: .DiscreteClock2

===========================================================================================
----------------- testing Wed Jun 13 23:02:27 UTC 2018 /home/travis/build/icyphy/ptII/ptolemy/actor/lib/test/auto/DiscreteClock20.xml
----------------- Instantiating /home/travis/build/icyphy/ptII/ptolemy/actor/lib/test/auto/DiscreteClock20.xml
7 ms. Memory: 877568K Free: 268720K (31%)
----------------- Invoking toplevel() on ptolemy.moml.MoMLSimpleApplication@65334adf
----------------- Done invoking toplevel() on ptolemy.moml.MoMLSimpleApplication@65334adf
reloadAllAccessors: .DiscreteClock20

===========================================================================================
----------------- testing Wed Jun 13 23:02:27 UTC 2018 /home/travis/build/icyphy/ptII/ptolemy/actor/lib/test/auto/DiscreteClock21.xml
----------------- Instantiating /home/travis/build/icyphy/ptII/ptolemy/actor/lib/test/auto/DiscreteClock21.xml
6 ms. Memory: 877568K Free: 253463K (29%)
----------------- Invoking toplevel() on ptolemy.moml.MoMLSimpleApplication@64690482
----------------- Done invoking toplevel() on ptolemy.moml.MoMLSimpleApplication@64690482
reloadAllAccessors: .DiscreteClock21

===========================================================================================
----------------- testing Wed Jun 13 23:02:27 UTC 2018 /home/travis/build/icyphy/ptII/ptolemy/actor/lib/test/auto/DiscreteClock22.xml
----------------- Instantiating /home/travis/build/icyphy/ptII/ptolemy/actor/lib/test/auto/DiscreteClock22.xml
5 ms. Memory: 1363456K Free: 1302769K (96%)
----------------- Invoking toplevel() on ptolemy.moml.MoMLSimpleApplication@5d2f6f8
----------------- Done invoking toplevel() on ptolemy.moml.MoMLSimpleApplication@5d2f6f8
reloadAllAccessors: .DiscreteClock22

===========================================================================================
----------------- testing Wed Jun 13 23:02:27 UTC 2018 /home/travis/build/icyphy/ptII/ptolemy/actor/lib/test/auto/DiscreteClock23.xml
----------------- Instantiating /home/travis/build/icyphy/ptII/ptolemy/actor/lib/test/auto/DiscreteClock23.xml
7 ms. Memory: 1363456K Free: 1276723K (94%)
----------------- Invoking toplevel() on ptolemy.moml.MoMLSimpleApplication@31ec80b8
----------------- Done invoking toplevel() on ptolemy.moml.MoMLSimpleApplication@31ec80b8
reloadAllAccessors: .DiscreteClock23

===========================================================================================
----------------- testing Wed Jun 13 23:02:27 UTC 2018 /home/travis/build/icyphy/ptII/ptolemy/actor/lib/test/auto/DiscreteClock24.xml
----------------- Instantiating /home/travis/build/icyphy/ptII/ptolemy/actor/lib/test/auto/DiscreteClock24.xml
3 ms. Memory: 1363456K Free: 1260127K (92%)
----------------- Invoking toplevel() on ptolemy.moml.MoMLSimpleApplication@612d648e
----------------- Done invoking toplevel() on ptolemy.moml.MoMLSimpleApplication@612d648e
reloadAllAccessors: .DiscreteClock24

===========================================================================================
----------------- testing Wed Jun 13 23:02:27 UTC 2018 /home/travis/build/icyphy/ptII/ptolemy/actor/lib/test/auto/DiscreteClock4.xml
----------------- Instantiating /home/travis/build/icyphy/ptII/ptolemy/actor/lib/test/auto/DiscreteClock4.xml
5 ms. Memory: 1363456K Free: 1243531K (91%)
----------------- Invoking toplevel() on ptolemy.moml.MoMLSimpleApplication@72205ff0
----------------- Done invoking toplevel() on ptolemy.moml.MoMLSimpleApplication@72205ff0
reloadAllAccessors: .DiscreteClock4

===========================================================================================
----------------- testing Wed Jun 13 23:02:28 UTC 2018 /home/travis/build/icyphy/ptII/ptolemy/actor/lib/test/auto/DiscreteClock5.xml
----------------- Instantiating /home/travis/build/icyphy/ptII/ptolemy/actor/lib/test/auto/DiscreteClock5.xml
2 ms. Memory: 1363456K Free: 1226936K (90%)
----------------- Invoking toplevel() on ptolemy.moml.MoMLSimpleApplication@2660467
----------------- Done invoking toplevel() on ptolemy.moml.MoMLSimpleApplication@2660467
reloadAllAccessors: .DiscreteClock5

===========================================================================================
----------------- testing Wed Jun 13 23:02:28 UTC 2018 /home/travis/build/icyphy/ptII/ptolemy/actor/lib/test/auto/DiscreteClock6.xml
----------------- Instantiating /home/travis/build/icyphy/ptII/ptolemy/actor/lib/test/auto/DiscreteClock6.xml
2 ms. Memory: 1363456K Free: 1201057K (88%)
----------------- Invoking toplevel() on ptolemy.moml.MoMLSimpleApplication@760e66e
----------------- Done invoking toplevel() on ptolemy.moml.MoMLSimpleApplication@760e66e
reloadAllAccessors: .DiscreteClock6

===========================================================================================
----------------- testing Wed Jun 13 23:02:28 UTC 2018 /home/travis/build/icyphy/ptII/ptolemy/actor/lib/test/auto/DiscreteClock7.xml
----------------- Instantiating /home/travis/build/icyphy/ptII/ptolemy/actor/lib/test/auto/DiscreteClock7.xml
2 ms. Memory: 1363456K Free: 1184461K (87%)
----------------- Invoking toplevel() on ptolemy.moml.MoMLSimpleApplication@69daa979
----------------- Done invoking toplevel() on ptolemy.moml.MoMLSimpleApplication@69daa979
reloadAllAccessors: .DiscreteClock7

===========================================================================================
----------------- testing Wed Jun 13 23:02:28 UTC 2018 /home/travis/build/icyphy/ptII/ptolemy/actor/lib/test/auto/DiscreteClock8.xml
----------------- Instantiating /home/travis/build/icyphy/ptII/ptolemy/actor/lib/test/auto/DiscreteClock8.xml
2 ms. Memory: 1363456K Free: 1167866K (86%)
----------------- Invoking toplevel() on ptolemy.moml.MoMLSimpleApplication@4ce79b5
----------------- Done invoking toplevel() on ptolemy.moml.MoMLSimpleApplication@4ce79b5
reloadAllAccessors: .DiscreteClock8

===========================================================================================
----------------- testing Wed Jun 13 23:02:28 UTC 2018 /home/travis/build/icyphy/ptII/ptolemy/actor/lib/test/auto/DiscreteClock9.xml
----------------- Instantiating /home/travis/build/icyphy/ptII/ptolemy/actor/lib/test/auto/DiscreteClock9.xml
2 ms. Memory: 1363456K Free: 1151270K (84%)
----------------- Invoking toplevel() on ptolemy.moml.MoMLSimpleApplication@11ef21e9
----------------- Done invoking toplevel() on ptolemy.moml.MoMLSimpleApplication@11ef21e9
reloadAllAccessors: .DiscreteClock9

===========================================================================================
----------------- testing Wed Jun 13 23:02:28 UTC 2018 /home/travis/build/icyphy/ptII/ptolemy/actor/lib/test/auto/DisplayArray.xml
----------------- Instantiating /home/travis/build/icyphy/ptII/ptolemy/actor/lib/test/auto/DisplayArray.xml
5 ms. Memory: 1363456K Free: 1125391K (83%)
----------------- Invoking toplevel() on ptolemy.moml.MoMLSimpleApplication@594b3e29
----------------- Done invoking toplevel() on ptolemy.moml.MoMLSimpleApplication@594b3e29
reloadAllAccessors: .DisplayArray

===========================================================================================
----------------- testing Wed Jun 13 23:02:28 UTC 2018 /home/travis/build/icyphy/ptII/ptolemy/actor/lib/test/auto/Distributor.xml
----------------- Instantiating /home/travis/build/icyphy/ptII/ptolemy/actor/lib/test/auto/Distributor.xml
1 ms. Memory: 1363456K Free: 1108796K (81%)
----------------- Invoking toplevel() on ptolemy.moml.MoMLSimpleApplication@1d30ac5c
----------------- Done invoking toplevel() on ptolemy.moml.MoMLSimpleApplication@1d30ac5c
reloadAllAccessors: .Distributor

===========================================================================================
----------------- testing Wed Jun 13 23:02:28 UTC 2018 /home/travis/build/icyphy/ptII/ptolemy/actor/lib/test/auto/Distributor2.xml
----------------- Instantiating /home/travis/build/icyphy/ptII/ptolemy/actor/lib/test/auto/Distributor2.xml
1 ms. Memory: 1363456K Free: 1092200K (80%)
----------------- Invoking toplevel() on ptolemy.moml.MoMLSimpleApplication@5860c6a5
----------------- Done invoking toplevel() on ptolemy.moml.MoMLSimpleApplication@5860c6a5
reloadAllAccessors: .Distributor2

===========================================================================================
----------------- testing Wed Jun 13 23:02:28 UTC 2018 /home/travis/build/icyphy/ptII/ptolemy/actor/lib/test/auto/DownSample.xml
----------------- Instantiating /home/travis/build/icyphy/ptII/ptolemy/actor/lib/test/auto/DownSample.xml
2 ms. Memory: 1363456K Free: 1075604K (79%)
----------------- Invoking toplevel() on ptolemy.moml.MoMLSimpleApplication@4d2d39ac
----------------- Done invoking toplevel() on ptolemy.moml.MoMLSimpleApplication@4d2d39ac
reloadAllAccessors: .DownSample

===========================================================================================
----------------- testing Wed Jun 13 23:02:28 UTC 2018 /home/travis/build/icyphy/ptII/ptolemy/actor/lib/test/auto/ElectronicUnitBase1.xml
----------------- Instantiating /home/travis/build/icyphy/ptII/ptolemy/actor/lib/test/auto/ElectronicUnitBase1.xml
14 ms. Memory: 1363456K Free: 1041420K (76%)
----------------- Invoking toplevel() on ptolemy.moml.MoMLSimpleApplication@6d72a25b
----------------- Done invoking toplevel() on ptolemy.moml.MoMLSimpleApplication@6d72a25b
reloadAllAccessors: .ElectronicUnitBase1

===========================================================================================
----------------- testing Wed Jun 13 23:02:28 UTC 2018 /home/travis/build/icyphy/ptII/ptolemy/actor/lib/test/auto/ElementsToArray.xml
----------------- Instantiating /home/travis/build/icyphy/ptII/ptolemy/actor/lib/test/auto/ElementsToArray.xml
2 ms. Memory: 1363456K Free: 1024824K (75%)
----------------- Invoking toplevel() on ptolemy.moml.MoMLSimpleApplication@2f3b99cf
----------------- Done invoking toplevel() on ptolemy.moml.MoMLSimpleApplication@2f3b99cf
reloadAllAccessors: .ElementsToArray

===========================================================================================
----------------- testing Wed Jun 13 23:02:28 UTC 2018 /home/travis/build/icyphy/ptII/ptolemy/actor/lib/test/auto/Equals.xml
----------------- Instantiating /home/travis/build/icyphy/ptII/ptolemy/actor/lib/test/auto/Equals.xml
1 ms. Memory: 1363456K Free: 1008228K (74%)
----------------- Invoking toplevel() on ptolemy.moml.MoMLSimpleApplication@3e29aacc
----------------- Done invoking toplevel() on ptolemy.moml.MoMLSimpleApplication@3e29aacc
reloadAllAccessors: .Equals

===========================================================================================
----------------- testing Wed Jun 13 23:02:28 UTC 2018 /home/travis/build/icyphy/ptII/ptolemy/actor/lib/test/auto/Exec.xml
----------------- Instantiating /home/travis/build/icyphy/ptII/ptolemy/actor/lib/test/auto/Exec.xml
13 ms. Memory: 1363456K Free: 970888K (71%)
----------------- Invoking toplevel() on ptolemy.moml.MoMLSimpleApplication@35172cbf
----------------- Done invoking toplevel() on ptolemy.moml.MoMLSimpleApplication@35172cbf
reloadAllAccessors: .Exec

===========================================================================================
----------------- testing Wed Jun 13 23:02:28 UTC 2018 /home/travis/build/icyphy/ptII/ptolemy/actor/lib/test/auto/ExecEnvironment.xml
----------------- Instantiating /home/travis/build/icyphy/ptII/ptolemy/actor/lib/test/auto/ExecEnvironment.xml
30 ms. Memory: 1363456K Free: 920115K (67%)
----------------- Invoking toplevel() on ptolemy.moml.MoMLSimpleApplication@3067ef2c
----------------- Done invoking toplevel() on ptolemy.moml.MoMLSimpleApplication@3067ef2c
reloadAllAccessors: .ExecEnvironment

===========================================================================================
----------------- testing Wed Jun 13 23:02:28 UTC 2018 /home/travis/build/icyphy/ptII/ptolemy/actor/lib/test/auto/ExecNonZeroReturnOutput.xml
----------------- Instantiating /home/travis/build/icyphy/ptII/ptolemy/actor/lib/test/auto/ExecNonZeroReturnOutput.xml
124 ms. Memory: 1363456K Free: 795647K (58%)
----------------- Invoking toplevel() on ptolemy.moml.MoMLSimpleApplication@471d7dd8
----------------- Done invoking toplevel() on ptolemy.moml.MoMLSimpleApplication@471d7dd8
reloadAllAccessors: .ExecNonZeroReturnOutput

===========================================================================================
----------------- testing Wed Jun 13 23:02:28 UTC 2018 /home/travis/build/icyphy/ptII/ptolemy/actor/lib/test/auto/ExecRunDemos.xml
----------------- Instantiating /home/travis/build/icyphy/ptII/ptolemy/actor/lib/test/auto/ExecRunDemos.xml
Finished: 78 ms. Memory: 116224K Free: 100111K (86%)

Finished: 41 ms. Memory: 116224K Free: 96376K (83%)

Finished: 80 ms. Memory: 116224K Free: 96898K (83%)

Finished: 68 ms. Memory: 116224K Free: 98244K (85%)

Finished: 54 ms. Memory: 116224K Free: 100079K (86%)

9510 ms. Memory: 1363456K Free: 687774K (50%)
----------------- Invoking toplevel() on ptolemy.moml.MoMLSimpleApplication@35887b74
----------------- Done invoking toplevel() on ptolemy.moml.MoMLSimpleApplication@35887b74
reloadAllAccessors: .ExecRunDemos

===========================================================================================
----------------- testing Wed Jun 13 23:02:38 UTC 2018 /home/travis/build/icyphy/ptII/ptolemy/actor/lib/test/auto/ExecStop.xml
----------------- Instantiating /home/travis/build/icyphy/ptII/ptolemy/actor/lib/test/auto/ExecStop.xml
5011 ms. Memory: 1363456K Free: 422242K (31%)
----------------- Invoking toplevel() on ptolemy.moml.MoMLSimpleApplication@63d08f70
----------------- Done invoking toplevel() on ptolemy.moml.MoMLSimpleApplication@63d08f70
reloadAllAccessors: .ExecStop

===========================================================================================
----------------- testing Wed Jun 13 23:02:43 UTC 2018 /home/travis/build/icyphy/ptII/ptolemy/actor/lib/test/auto/ExecutionTimeSDF.xml
----------------- Instantiating /home/travis/build/icyphy/ptII/ptolemy/actor/lib/test/auto/ExecutionTimeSDF.xml
Fired ExecutionTime: 1406000000
Fired ExecutionTime: 998800000
Fired ExecutionTime: -1701767296
6007 ms. Memory: 1363456K Free: 388065K (28%)
----------------- Invoking toplevel() on ptolemy.moml.MoMLSimpleApplication@795fa950
----------------- Done invoking toplevel() on ptolemy.moml.MoMLSimpleApplication@795fa950
reloadAllAccessors: .ExecutionTimeSDF

===========================================================================================
----------------- testing Wed Jun 13 23:02:49 UTC 2018 /home/travis/build/icyphy/ptII/ptolemy/actor/lib/test/auto/Expression1.xml
----------------- Instantiating /home/travis/build/icyphy/ptII/ptolemy/actor/lib/test/auto/Expression1.xml
3 ms. Memory: 1363456K Free: 371470K (27%)
----------------- Invoking toplevel() on ptolemy.moml.MoMLSimpleApplication@419a1dce
----------------- Done invoking toplevel() on ptolemy.moml.MoMLSimpleApplication@419a1dce
reloadAllAccessors: .Expression1

===========================================================================================
----------------- testing Wed Jun 13 23:02:49 UTC 2018 /home/travis/build/icyphy/ptII/ptolemy/actor/lib/test/auto/Expression10.xml
----------------- Instantiating /home/travis/build/icyphy/ptII/ptolemy/actor/lib/test/auto/Expression10.xml
11 ms. Memory: 1363456K Free: 354874K (26%)
----------------- Invoking toplevel() on ptolemy.moml.MoMLSimpleApplication@7a769559
----------------- Done invoking toplevel() on ptolemy.moml.MoMLSimpleApplication@7a769559
reloadAllAccessors: .Expression10

===========================================================================================
----------------- testing Wed Jun 13 23:02:49 UTC 2018 /home/travis/build/icyphy/ptII/ptolemy/actor/lib/test/auto/Expression11.xml
----------------- Instantiating /home/travis/build/icyphy/ptII/ptolemy/actor/lib/test/auto/Expression11.xml
2 ms. Memory: 1363456K Free: 338278K (25%)
----------------- Invoking toplevel() on ptolemy.moml.MoMLSimpleApplication@102d39f4
----------------- Done invoking toplevel() on ptolemy.moml.MoMLSimpleApplication@102d39f4
reloadAllAccessors: .Expression11

===========================================================================================
----------------- testing Wed Jun 13 23:02:49 UTC 2018 /home/travis/build/icyphy/ptII/ptolemy/actor/lib/test/auto/Expression12.xml
----------------- Instantiating /home/travis/build/icyphy/ptII/ptolemy/actor/lib/test/auto/Expression12.xml
4 ms. Memory: 1363456K Free: 312400K (23%)
----------------- Invoking toplevel() on ptolemy.moml.MoMLSimpleApplication@2b863ad1
----------------- Done invoking toplevel() on ptolemy.moml.MoMLSimpleApplication@2b863ad1
reloadAllAccessors: .Expression12

===========================================================================================
----------------- testing Wed Jun 13 23:02:49 UTC 2018 /home/travis/build/icyphy/ptII/ptolemy/actor/lib/test/auto/Expression13.xml
----------------- Instantiating /home/travis/build/icyphy/ptII/ptolemy/actor/lib/test/auto/Expression13.xml
4 ms. Memory: 1363456K Free: 295804K (22%)
----------------- Invoking toplevel() on ptolemy.moml.MoMLSimpleApplication@3cd1c710
----------------- Done invoking toplevel() on ptolemy.moml.MoMLSimpleApplication@3cd1c710
reloadAllAccessors: .Expression13

===========================================================================================
----------------- testing Wed Jun 13 23:02:49 UTC 2018 /home/travis/build/icyphy/ptII/ptolemy/actor/lib/test/auto/Expression14.xml
----------------- Instantiating /home/travis/build/icyphy/ptII/ptolemy/actor/lib/test/auto/Expression14.xml
8 ms. Memory: 1363456K Free: 279208K (20%)
----------------- Invoking toplevel() on ptolemy.moml.MoMLSimpleApplication@6462f177
----------------- Done invoking toplevel() on ptolemy.moml.MoMLSimpleApplication@6462f177
reloadAllAccessors: .Expression14

===========================================================================================
----------------- testing Wed Jun 13 23:02:49 UTC 2018 /home/travis/build/icyphy/ptII/ptolemy/actor/lib/test/auto/Expression15.xml
----------------- Instantiating /home/travis/build/icyphy/ptII/ptolemy/actor/lib/test/auto/Expression15.xml
2 ms. Memory: 1363456K Free: 262613K (19%)
----------------- Invoking toplevel() on ptolemy.moml.MoMLSimpleApplication@30fdde01
----------------- Done invoking toplevel() on ptolemy.moml.MoMLSimpleApplication@30fdde01
reloadAllAccessors: .Expression15

===========================================================================================
----------------- testing Wed Jun 13 23:02:49 UTC 2018 /home/travis/build/icyphy/ptII/ptolemy/actor/lib/test/auto/Expression16.xml
----------------- Instantiating /home/travis/build/icyphy/ptII/ptolemy/actor/lib/test/auto/Expression16.xml
3 ms. Memory: 1363456K Free: 236734K (17%)
----------------- Invoking toplevel() on ptolemy.moml.MoMLSimpleApplication@7646d65c
----------------- Done invoking toplevel() on ptolemy.moml.MoMLSimpleApplication@7646d65c
reloadAllAccessors: .Expression16

===========================================================================================
----------------- testing Wed Jun 13 23:02:49 UTC 2018 /home/travis/build/icyphy/ptII/ptolemy/actor/lib/test/auto/Expression17.xml
----------------- Instantiating /home/travis/build/icyphy/ptII/ptolemy/actor/lib/test/auto/Expression17.xml
3 ms. Memory: 1363456K Free: 220138K (16%)
----------------- Invoking toplevel() on ptolemy.moml.MoMLSimpleApplication@73acbe6e
----------------- Done invoking toplevel() on ptolemy.moml.MoMLSimpleApplication@73acbe6e
reloadAllAccessors: .Expression17

===========================================================================================
----------------- testing Wed Jun 13 23:02:49 UTC 2018 /home/travis/build/icyphy/ptII/ptolemy/actor/lib/test/auto/Expression18.xml
----------------- Instantiating /home/travis/build/icyphy/ptII/ptolemy/actor/lib/test/auto/Expression18.xml
5 ms. Memory: 1363456K Free: 203543K (15%)
----------------- Invoking toplevel() on ptolemy.moml.MoMLSimpleApplication@9335e62
----------------- Done invoking toplevel() on ptolemy.moml.MoMLSimpleApplication@9335e62
reloadAllAccessors: .Expression18

===========================================================================================
----------------- testing Wed Jun 13 23:02:49 UTC 2018 /home/travis/build/icyphy/ptII/ptolemy/actor/lib/test/auto/Expression2.xml
----------------- Instantiating /home/travis/build/icyphy/ptII/ptolemy/actor/lib/test/auto/Expression2.xml
6 ms. Memory: 1363456K Free: 186947K (14%)
----------------- Invoking toplevel() on ptolemy.moml.MoMLSimpleApplication@3f0afead
----------------- Done invoking toplevel() on ptolemy.moml.MoMLSimpleApplication@3f0afead
reloadAllAccessors: .Expression2

===========================================================================================
----------------- testing Wed Jun 13 23:02:49 UTC 2018 /home/travis/build/icyphy/ptII/ptolemy/actor/lib/test/auto/Expression3.xml
----------------- Instantiating /home/travis/build/icyphy/ptII/ptolemy/actor/lib/test/auto/Expression3.xml
3 ms. Memory: 1363456K Free: 162261K (12%)
----------------- Invoking toplevel() on ptolemy.moml.MoMLSimpleApplication@5ada100b
----------------- Done invoking toplevel() on ptolemy.moml.MoMLSimpleApplication@5ada100b
reloadAllAccessors: .Expression3

===========================================================================================
----------------- testing Wed Jun 13 23:02:49 UTC 2018 /home/travis/build/icyphy/ptII/ptolemy/actor/lib/test/auto/Expression4.xml
----------------- Instantiating /home/travis/build/icyphy/ptII/ptolemy/actor/lib/test/auto/Expression4.xml
4 ms. Memory: 1363456K Free: 136382K (10%)
----------------- Invoking toplevel() on ptolemy.moml.MoMLSimpleApplication@7ef62c29
----------------- Done invoking toplevel() on ptolemy.moml.MoMLSimpleApplication@7ef62c29
reloadAllAccessors: .Expression4

===========================================================================================
----------------- testing Wed Jun 13 23:02:49 UTC 2018 /home/travis/build/icyphy/ptII/ptolemy/actor/lib/test/auto/Expression5.xml
----------------- Instantiating /home/travis/build/icyphy/ptII/ptolemy/actor/lib/test/auto/Expression5.xml
3 ms. Memory: 1363456K Free: 119787K (9%)
----------------- Invoking toplevel() on ptolemy.moml.MoMLSimpleApplication@39ee48c7
----------------- Done invoking toplevel() on ptolemy.moml.MoMLSimpleApplication@39ee48c7
reloadAllAccessors: .Expression5

===========================================================================================
----------------- testing Wed Jun 13 23:02:49 UTC 2018 /home/travis/build/icyphy/ptII/ptolemy/actor/lib/test/auto/Expression6.xml
----------------- Instantiating /home/travis/build/icyphy/ptII/ptolemy/actor/lib/test/auto/Expression6.xml
2 ms. Memory: 1363456K Free: 103191K (8%)
----------------- Invoking toplevel() on ptolemy.moml.MoMLSimpleApplication@640c4175
----------------- Done invoking toplevel() on ptolemy.moml.MoMLSimpleApplication@640c4175
reloadAllAccessors: .Expression6

===========================================================================================
----------------- testing Wed Jun 13 23:02:49 UTC 2018 /home/travis/build/icyphy/ptII/ptolemy/actor/lib/test/auto/Expression7.xml
----------------- Instantiating /home/travis/build/icyphy/ptII/ptolemy/actor/lib/test/auto/Expression7.xml
2 ms. Memory: 1363456K Free: 86595K (6%)
----------------- Invoking toplevel() on ptolemy.moml.MoMLSimpleApplication@7ef7ee42
----------------- Done invoking toplevel() on ptolemy.moml.MoMLSimpleApplication@7ef7ee42
reloadAllAccessors: .Expression7

===========================================================================================
----------------- testing Wed Jun 13 23:02:49 UTC 2018 /home/travis/build/icyphy/ptII/ptolemy/actor/lib/test/auto/Expression8.xml
----------------- Instantiating /home/travis/build/icyphy/ptII/ptolemy/actor/lib/test/auto/Expression8.xml
3 ms. Memory: 1363456K Free: 1310228K (96%)
----------------- Invoking toplevel() on ptolemy.moml.MoMLSimpleApplication@51c24786
----------------- Done invoking toplevel() on ptolemy.moml.MoMLSimpleApplication@51c24786
reloadAllAccessors: .Expression8

===========================================================================================
----------------- testing Wed Jun 13 23:02:49 UTC 2018 /home/travis/build/icyphy/ptII/ptolemy/actor/lib/test/auto/Expression9.xml
----------------- Instantiating /home/travis/build/icyphy/ptII/ptolemy/actor/lib/test/auto/Expression9.xml
1 ms. Memory: 1363456K Free: 1291162K (95%)
----------------- Invoking toplevel() on ptolemy.moml.MoMLSimpleApplication@fb3c736
----------------- Done invoking toplevel() on ptolemy.moml.MoMLSimpleApplication@fb3c736
reloadAllAccessors: .Expression9

===========================================================================================
----------------- testing Wed Jun 13 23:02:49 UTC 2018 /home/travis/build/icyphy/ptII/ptolemy/actor/lib/test/auto/ExpressionConcatenateArrayType.xml
----------------- Instantiating /home/travis/build/icyphy/ptII/ptolemy/actor/lib/test/auto/ExpressionConcatenateArrayType.xml
3 ms. Memory: 1363456K Free: 1278715K (94%)
----------------- Invoking toplevel() on ptolemy.moml.MoMLSimpleApplication@22e3850b
----------------- Done invoking toplevel() on ptolemy.moml.MoMLSimpleApplication@22e3850b
reloadAllAccessors: .ExpressionConcatenateArrayType

===========================================================================================
----------------- testing Wed Jun 13 23:02:49 UTC 2018 /home/travis/build/icyphy/ptII/ptolemy/actor/lib/test/auto/ExpressionConcatenateArrayType2.xml
----------------- Instantiating /home/travis/build/icyphy/ptII/ptolemy/actor/lib/test/auto/ExpressionConcatenateArrayType2.xml
2 ms. Memory: 1363456K Free: 1259650K (92%)
----------------- Invoking toplevel() on ptolemy.moml.MoMLSimpleApplication@3835a243
----------------- Done invoking toplevel() on ptolemy.moml.MoMLSimpleApplication@3835a243
reloadAllAccessors: .ExpressionConcatenateArrayType2

===========================================================================================
----------------- testing Wed Jun 13 23:02:49 UTC 2018 /home/travis/build/icyphy/ptII/ptolemy/actor/lib/test/auto/ExpressionFix.xml
----------------- Instantiating /home/travis/build/icyphy/ptII/ptolemy/actor/lib/test/auto/ExpressionFix.xml
7 ms. Memory: 1363456K Free: 1247094K (91%)
----------------- Invoking toplevel() on ptolemy.moml.MoMLSimpleApplication@2bbc1d3a
----------------- Done invoking toplevel() on ptolemy.moml.MoMLSimpleApplication@2bbc1d3a
reloadAllAccessors: .ExpressionFix

===========================================================================================
----------------- testing Wed Jun 13 23:02:49 UTC 2018 /home/travis/build/icyphy/ptII/ptolemy/actor/lib/test/auto/ExpressionFix2.xml
----------------- Instantiating /home/travis/build/icyphy/ptII/ptolemy/actor/lib/test/auto/ExpressionFix2.xml
2 ms. Memory: 1363456K Free: 1234647K (91%)
----------------- Invoking toplevel() on ptolemy.moml.MoMLSimpleApplication@40941a81
----------------- Done invoking toplevel() on ptolemy.moml.MoMLSimpleApplication@40941a81
reloadAllAccessors: .ExpressionFix2

===========================================================================================
----------------- testing Wed Jun 13 23:02:49 UTC 2018 /home/travis/build/icyphy/ptII/ptolemy/actor/lib/test/auto/ExpressionFix3.xml
----------------- Instantiating /home/travis/build/icyphy/ptII/ptolemy/actor/lib/test/auto/ExpressionFix3.xml
3 ms. Memory: 1363456K Free: 1215582K (89%)
----------------- Invoking toplevel() on ptolemy.moml.MoMLSimpleApplication@2db5e482
----------------- Done invoking toplevel() on ptolemy.moml.MoMLSimpleApplication@2db5e482
reloadAllAccessors: .ExpressionFix3

===========================================================================================
----------------- testing Wed Jun 13 23:02:49 UTC 2018 /home/travis/build/icyphy/ptII/ptolemy/actor/lib/test/auto/FileWriter1.xml
----------------- Instantiating /home/travis/build/icyphy/ptII/ptolemy/actor/lib/test/auto/FileWriter1.xml
2 ms. Memory: 1363456K Free: 1203135K (88%)
----------------- Invoking toplevel() on ptolemy.moml.MoMLSimpleApplication@44823786
----------------- Done invoking toplevel() on ptolemy.moml.MoMLSimpleApplication@44823786
reloadAllAccessors: .FileWriter1

===========================================================================================
----------------- testing Wed Jun 13 23:02:49 UTC 2018 /home/travis/build/icyphy/ptII/ptolemy/actor/lib/test/auto/FileWriter2.xml
----------------- Instantiating /home/travis/build/icyphy/ptII/ptolemy/actor/lib/test/auto/FileWriter2.xml
2 ms. Memory: 1363456K Free: 1190688K (87%)
----------------- Invoking toplevel() on ptolemy.moml.MoMLSimpleApplication@5563d593
----------------- Done invoking toplevel() on ptolemy.moml.MoMLSimpleApplication@5563d593
reloadAllAccessors: .FileWriter2

===========================================================================================
----------------- testing Wed Jun 13 23:02:49 UTC 2018 /home/travis/build/icyphy/ptII/ptolemy/actor/lib/test/auto/FileWriter3.xml
----------------- Instantiating /home/travis/build/icyphy/ptII/ptolemy/actor/lib/test/auto/FileWriter3.xml
6 ms. Memory: 1363456K Free: 1171622K (86%)
----------------- Invoking toplevel() on ptolemy.moml.MoMLSimpleApplication@3b2a0fd5
----------------- Done invoking toplevel() on ptolemy.moml.MoMLSimpleApplication@3b2a0fd5
reloadAllAccessors: .FileWriter3

===========================================================================================
----------------- testing Wed Jun 13 23:02:49 UTC 2018 /home/travis/build/icyphy/ptII/ptolemy/actor/lib/test/auto/Gaussian.xml
----------------- Instantiating /home/travis/build/icyphy/ptII/ptolemy/actor/lib/test/auto/Gaussian.xml
1 ms. Memory: 1363456K Free: 1159176K (85%)
----------------- Invoking toplevel() on ptolemy.moml.MoMLSimpleApplication@3377f5a
----------------- Done invoking toplevel() on ptolemy.moml.MoMLSimpleApplication@3377f5a
reloadAllAccessors: .Gaussian

===========================================================================================
----------------- testing Wed Jun 13 23:02:49 UTC 2018 /home/travis/build/icyphy/ptII/ptolemy/actor/lib/test/auto/Gaussian1.xml
----------------- Instantiating /home/travis/build/icyphy/ptII/ptolemy/actor/lib/test/auto/Gaussian1.xml
2 ms. Memory: 1363456K Free: 1146729K (84%)
----------------- Invoking toplevel() on ptolemy.moml.MoMLSimpleApplication@674a93db
----------------- Done invoking toplevel() on ptolemy.moml.MoMLSimpleApplication@674a93db
reloadAllAccessors: .Gaussian1

===========================================================================================
----------------- testing Wed Jun 13 23:02:49 UTC 2018 /home/travis/build/icyphy/ptII/ptolemy/actor/lib/test/auto/Gaussian2.xml
----------------- Instantiating /home/travis/build/icyphy/ptII/ptolemy/actor/lib/test/auto/Gaussian2.xml
2 ms. Memory: 1363456K Free: 1127663K (83%)
----------------- Invoking toplevel() on ptolemy.moml.MoMLSimpleApplication@79504c10
----------------- Done invoking toplevel() on ptolemy.moml.MoMLSimpleApplication@79504c10
reloadAllAccessors: .Gaussian2

===========================================================================================
----------------- testing Wed Jun 13 23:02:49 UTC 2018 /home/travis/build/icyphy/ptII/ptolemy/actor/lib/test/auto/GradientAdaptiveLattice.xml
----------------- Instantiating /home/travis/build/icyphy/ptII/ptolemy/actor/lib/test/auto/GradientAdaptiveLattice.xml
2 ms. Memory: 1363456K Free: 1115217K (82%)
----------------- Invoking toplevel() on ptolemy.moml.MoMLSimpleApplication@24951d74
----------------- Done invoking toplevel() on ptolemy.moml.MoMLSimpleApplication@24951d74
reloadAllAccessors: .GradientAdaptiveLattice

===========================================================================================
----------------- testing Wed Jun 13 23:02:49 UTC 2018 /home/travis/build/icyphy/ptII/ptolemy/actor/lib/test/auto/IIR.xml
----------------- Instantiating /home/travis/build/icyphy/ptII/ptolemy/actor/lib/test/auto/IIR.xml
1 ms. Memory: 1363456K Free: 1102770K (81%)
----------------- Invoking toplevel() on ptolemy.moml.MoMLSimpleApplication@6d4f02cb
----------------- Done invoking toplevel() on ptolemy.moml.MoMLSimpleApplication@6d4f02cb
reloadAllAccessors: .IIR

===========================================================================================
----------------- testing Wed Jun 13 23:02:49 UTC 2018 /home/travis/build/icyphy/ptII/ptolemy/actor/lib/test/auto/InputOutputTransparentPorts.xml
----------------- Instantiating /home/travis/build/icyphy/ptII/ptolemy/actor/lib/test/auto/InputOutputTransparentPorts.xml
1 ms. Memory: 1363456K Free: 1083704K (79%)
----------------- Invoking toplevel() on ptolemy.moml.MoMLSimpleApplication@5a124ab1
----------------- Done invoking toplevel() on ptolemy.moml.MoMLSimpleApplication@5a124ab1
reloadAllAccessors: .InputOutputTransparentPorts

===========================================================================================
----------------- testing Wed Jun 13 23:02:49 UTC 2018 /home/travis/build/icyphy/ptII/ptolemy/actor/lib/test/auto/Interpolator.xml
----------------- Instantiating /home/travis/build/icyphy/ptII/ptolemy/actor/lib/test/auto/Interpolator.xml
3 ms. Memory: 1363456K Free: 1071258K (79%)
----------------- Invoking toplevel() on ptolemy.moml.MoMLSimpleApplication@36677d87
----------------- Done invoking toplevel() on ptolemy.moml.MoMLSimpleApplication@36677d87
reloadAllAccessors: .Interpolator

===========================================================================================
----------------- testing Wed Jun 13 23:02:49 UTC 2018 /home/travis/build/icyphy/ptII/ptolemy/actor/lib/test/auto/InterpolatorFiringLimitDE.xml
----------------- Instantiating /home/travis/build/icyphy/ptII/ptolemy/actor/lib/test/auto/InterpolatorFiringLimitDE.xml
2 ms. Memory: 1363456K Free: 1058811K (78%)
----------------- Invoking toplevel() on ptolemy.moml.MoMLSimpleApplication@34a34eab
----------------- Done invoking toplevel() on ptolemy.moml.MoMLSimpleApplication@34a34eab
reloadAllAccessors: .InterpolatorFiringLimitDE

===========================================================================================
----------------- testing Wed Jun 13 23:02:49 UTC 2018 /home/travis/build/icyphy/ptII/ptolemy/actor/lib/test/auto/Lattice.xml
----------------- Instantiating /home/travis/build/icyphy/ptII/ptolemy/actor/lib/test/auto/Lattice.xml
1 ms. Memory: 1363456K Free: 1039745K (76%)
----------------- Invoking toplevel() on ptolemy.moml.MoMLSimpleApplication@6b57e933
----------------- Done invoking toplevel() on ptolemy.moml.MoMLSimpleApplication@6b57e933
reloadAllAccessors: .Lattice

===========================================================================================
----------------- testing Wed Jun 13 23:02:49 UTC 2018 /home/travis/build/icyphy/ptII/ptolemy/actor/lib/test/auto/LazyAOCTestLazy.xml
----------------- Instantiating /home/travis/build/icyphy/ptII/ptolemy/actor/lib/test/auto/LazyAOCTestLazy.xml
7 ms. Memory: 1363456K Free: 1027299K (75%)
----------------- Invoking toplevel() on ptolemy.moml.MoMLSimpleApplication@45343b1
----------------- Done invoking toplevel() on ptolemy.moml.MoMLSimpleApplication@45343b1
reloadAllAccessors: .LazyAOCTestLazy

===========================================================================================
----------------- testing Wed Jun 13 23:02:49 UTC 2018 /home/travis/build/icyphy/ptII/ptolemy/actor/lib/test/auto/LazyAOCTestNonLazy.xml
----------------- Instantiating /home/travis/build/icyphy/ptII/ptolemy/actor/lib/test/auto/LazyAOCTestNonLazy.xml
2 ms. Memory: 1363456K Free: 1014852K (74%)
----------------- Invoking toplevel() on ptolemy.moml.MoMLSimpleApplication@112d0406
----------------- Done invoking toplevel() on ptolemy.moml.MoMLSimpleApplication@112d0406
reloadAllAccessors: .LazyAOCTestNonLazy

===========================================================================================
----------------- testing Wed Jun 13 23:02:49 UTC 2018 /home/travis/build/icyphy/ptII/ptolemy/actor/lib/test/auto/LazyInnerClass.xml
----------------- Instantiating /home/travis/build/icyphy/ptII/ptolemy/actor/lib/test/auto/LazyInnerClass.xml
10 ms. Memory: 1363456K Free: 995786K (73%)
----------------- Invoking toplevel() on ptolemy.moml.MoMLSimpleApplication@37101144
----------------- Done invoking toplevel() on ptolemy.moml.MoMLSimpleApplication@37101144
reloadAllAccessors: .LazyInnerClass

===========================================================================================
----------------- testing Wed Jun 13 23:02:49 UTC 2018 /home/travis/build/icyphy/ptII/ptolemy/actor/lib/test/auto/LazyPubSub.xml
----------------- Instantiating /home/travis/build/icyphy/ptII/ptolemy/actor/lib/test/auto/LazyPubSub.xml
15 ms. Memory: 1363456K Free: 983339K (72%)
----------------- Invoking toplevel() on ptolemy.moml.MoMLSimpleApplication@29dfdd7e
----------------- Done invoking toplevel() on ptolemy.moml.MoMLSimpleApplication@29dfdd7e
reloadAllAccessors: .LazyPubSub

===========================================================================================
----------------- testing Wed Jun 13 23:02:49 UTC 2018 /home/travis/build/icyphy/ptII/ptolemy/actor/lib/test/auto/LazyPubSub2.xml
----------------- Instantiating /home/travis/build/icyphy/ptII/ptolemy/actor/lib/test/auto/LazyPubSub2.xml
14 ms. Memory: 1363456K Free: 970892K (71%)
----------------- Invoking toplevel() on ptolemy.moml.MoMLSimpleApplication@1f8a91cb
----------------- Done invoking toplevel() on ptolemy.moml.MoMLSimpleApplication@1f8a91cb
reloadAllAccessors: .LazyPubSub2

===========================================================================================
----------------- testing Wed Jun 13 23:02:49 UTC 2018 /home/travis/build/icyphy/ptII/ptolemy/actor/lib/test/auto/LazyPubSub3.xml
----------------- Instantiating /home/travis/build/icyphy/ptII/ptolemy/actor/lib/test/auto/LazyPubSub3.xml
14 ms. Memory: 1363456K Free: 951827K (70%)
----------------- Invoking toplevel() on ptolemy.moml.MoMLSimpleApplication@69603edd
----------------- Done invoking toplevel() on ptolemy.moml.MoMLSimpleApplication@69603edd
reloadAllAccessors: .LazyPubSub3

===========================================================================================
----------------- testing Wed Jun 13 23:02:49 UTC 2018 /home/travis/build/icyphy/ptII/ptolemy/actor/lib/test/auto/LazySubClassModel.xml
----------------- Instantiating /home/travis/build/icyphy/ptII/ptolemy/actor/lib/test/auto/LazySubClassModel.xml
2 ms. Memory: 1363456K Free: 933140K (68%)
----------------- Invoking toplevel() on ptolemy.moml.MoMLSimpleApplication@14285f47
----------------- Done invoking toplevel() on ptolemy.moml.MoMLSimpleApplication@14285f47
reloadAllAccessors: .LazySubClassModel

===========================================================================================
----------------- testing Wed Jun 13 23:02:49 UTC 2018 /home/travis/build/icyphy/ptII/ptolemy/actor/lib/test/auto/LevelCrossTest1.xml
----------------- Instantiating /home/travis/build/icyphy/ptII/ptolemy/actor/lib/test/auto/LevelCrossTest1.xml
1 ms. Memory: 1363456K Free: 920694K (68%)
----------------- Invoking toplevel() on ptolemy.moml.MoMLSimpleApplication@645a8
----------------- Done invoking toplevel() on ptolemy.moml.MoMLSimpleApplication@645a8
reloadAllAccessors: .broken

===========================================================================================
----------------- testing Wed Jun 13 23:02:49 UTC 2018 /home/travis/build/icyphy/ptII/ptolemy/actor/lib/test/auto/LevelCrossTest10.xml
----------------- Instantiating /home/travis/build/icyphy/ptII/ptolemy/actor/lib/test/auto/LevelCrossTest10.xml
1 ms. Memory: 1363456K Free: 901628K (66%)
----------------- Invoking toplevel() on ptolemy.moml.MoMLSimpleApplication@518afd6d
----------------- Done invoking toplevel() on ptolemy.moml.MoMLSimpleApplication@518afd6d
reloadAllAccessors: .LevelCrossTest10

===========================================================================================
----------------- testing Wed Jun 13 23:02:49 UTC 2018 /home/travis/build/icyphy/ptII/ptolemy/actor/lib/test/auto/LevelCrossTest11.xml
----------------- Instantiating /home/travis/build/icyphy/ptII/ptolemy/actor/lib/test/auto/LevelCrossTest11.xml
2 ms. Memory: 1363456K Free: 889181K (65%)
----------------- Invoking toplevel() on ptolemy.moml.MoMLSimpleApplication@590e8cce
----------------- Done invoking toplevel() on ptolemy.moml.MoMLSimpleApplication@590e8cce
reloadAllAccessors: .LevelCrossTest11

===========================================================================================
----------------- testing Wed Jun 13 23:02:49 UTC 2018 /home/travis/build/icyphy/ptII/ptolemy/actor/lib/test/auto/LevelCrossTest12.xml
----------------- Instantiating /home/travis/build/icyphy/ptII/ptolemy/actor/lib/test/auto/LevelCrossTest12.xml
2 ms. Memory: 1363456K Free: 870116K (64%)
----------------- Invoking toplevel() on ptolemy.moml.MoMLSimpleApplication@33a3936f
----------------- Done invoking toplevel() on ptolemy.moml.MoMLSimpleApplication@33a3936f
reloadAllAccessors: .LevelCrossTest12

===========================================================================================
----------------- testing Wed Jun 13 23:02:49 UTC 2018 /home/travis/build/icyphy/ptII/ptolemy/actor/lib/test/auto/LevelCrossTest13.xml
----------------- Instantiating /home/travis/build/icyphy/ptII/ptolemy/actor/lib/test/auto/LevelCrossTest13.xml
2 ms. Memory: 1363456K Free: 857669K (63%)
----------------- Invoking toplevel() on ptolemy.moml.MoMLSimpleApplication@5e99c17e
----------------- Done invoking toplevel() on ptolemy.moml.MoMLSimpleApplication@5e99c17e
reloadAllAccessors: .LevelCrossTest13

===========================================================================================
----------------- testing Wed Jun 13 23:02:50 UTC 2018 /home/travis/build/icyphy/ptII/ptolemy/actor/lib/test/auto/LevelCrossTest2.xml
----------------- Instantiating /home/travis/build/icyphy/ptII/ptolemy/actor/lib/test/auto/LevelCrossTest2.xml
1 ms. Memory: 1363456K Free: 845222K (62%)
----------------- Invoking toplevel() on ptolemy.moml.MoMLSimpleApplication@15f3b569
----------------- Done invoking toplevel() on ptolemy.moml.MoMLSimpleApplication@15f3b569
reloadAllAccessors: .broken

===========================================================================================
----------------- testing Wed Jun 13 23:02:50 UTC 2018 /home/travis/build/icyphy/ptII/ptolemy/actor/lib/test/auto/LevelCrossTest3.xml
----------------- Instantiating /home/travis/build/icyphy/ptII/ptolemy/actor/lib/test/auto/LevelCrossTest3.xml
2 ms. Memory: 1363456K Free: 826157K (61%)
----------------- Invoking toplevel() on ptolemy.moml.MoMLSimpleApplication@56c8b4af
----------------- Done invoking toplevel() on ptolemy.moml.MoMLSimpleApplication@56c8b4af
reloadAllAccessors: .LevelCrossTest3

===========================================================================================
----------------- testing Wed Jun 13 23:02:50 UTC 2018 /home/travis/build/icyphy/ptII/ptolemy/actor/lib/test/auto/LevelCrossTest4.xml
----------------- Instantiating /home/travis/build/icyphy/ptII/ptolemy/actor/lib/test/auto/LevelCrossTest4.xml
1 ms. Memory: 1363456K Free: 813710K (60%)
----------------- Invoking toplevel() on ptolemy.moml.MoMLSimpleApplication@1af83f2b
----------------- Done invoking toplevel() on ptolemy.moml.MoMLSimpleApplication@1af83f2b
reloadAllAccessors: .broken

===========================================================================================
----------------- testing Wed Jun 13 23:02:50 UTC 2018 /home/travis/build/icyphy/ptII/ptolemy/actor/lib/test/auto/LevelCrossTest5.xml
----------------- Instantiating /home/travis/build/icyphy/ptII/ptolemy/actor/lib/test/auto/LevelCrossTest5.xml
2 ms. Memory: 1363456K Free: 801263K (59%)
----------------- Invoking toplevel() on ptolemy.moml.MoMLSimpleApplication@69c046ca
----------------- Done invoking toplevel() on ptolemy.moml.MoMLSimpleApplication@69c046ca
reloadAllAccessors: .LevelCrossTest5

===========================================================================================
----------------- testing Wed Jun 13 23:02:50 UTC 2018 /home/travis/build/icyphy/ptII/ptolemy/actor/lib/test/auto/LevelCrossTest6.xml
----------------- Instantiating /home/travis/build/icyphy/ptII/ptolemy/actor/lib/test/auto/LevelCrossTest6.xml
2 ms. Memory: 1363456K Free: 782198K (57%)
----------------- Invoking toplevel() on ptolemy.moml.MoMLSimpleApplication@57acaac7
----------------- Done invoking toplevel() on ptolemy.moml.MoMLSimpleApplication@57acaac7
reloadAllAccessors: .LevelCrossTest6

===========================================================================================
----------------- testing Wed Jun 13 23:02:50 UTC 2018 /home/travis/build/icyphy/ptII/ptolemy/actor/lib/test/auto/LevelCrossTest7.xml
----------------- Instantiating /home/travis/build/icyphy/ptII/ptolemy/actor/lib/test/auto/LevelCrossTest7.xml
1 ms. Memory: 1363456K Free: 769751K (56%)
----------------- Invoking toplevel() on ptolemy.moml.MoMLSimpleApplication@30b05915
----------------- Done invoking toplevel() on ptolemy.moml.MoMLSimpleApplication@30b05915
reloadAllAccessors: .LevelCrossTest7

===========================================================================================
----------------- testing Wed Jun 13 23:02:50 UTC 2018 /home/travis/build/icyphy/ptII/ptolemy/actor/lib/test/auto/LevelCrossTest8.xml
----------------- Instantiating /home/travis/build/icyphy/ptII/ptolemy/actor/lib/test/auto/LevelCrossTest8.xml
1 ms. Memory: 1363456K Free: 757304K (56%)
----------------- Invoking toplevel() on ptolemy.moml.MoMLSimpleApplication@7ce4a675
----------------- Done invoking toplevel() on ptolemy.moml.MoMLSimpleApplication@7ce4a675
reloadAllAccessors: .LevelCrossTest8

===========================================================================================
----------------- testing Wed Jun 13 23:02:50 UTC 2018 /home/travis/build/icyphy/ptII/ptolemy/actor/lib/test/auto/LevelCrossTest9.xml
----------------- Instantiating /home/travis/build/icyphy/ptII/ptolemy/actor/lib/test/auto/LevelCrossTest9.xml
2 ms. Memory: 1363456K Free: 738238K (54%)
----------------- Invoking toplevel() on ptolemy.moml.MoMLSimpleApplication@632a211d
----------------- Done invoking toplevel() on ptolemy.moml.MoMLSimpleApplication@632a211d
reloadAllAccessors: .LevelCrossTest9

===========================================================================================
----------------- testing Wed Jun 13 23:02:50 UTC 2018 /home/travis/build/icyphy/ptII/ptolemy/actor/lib/test/auto/LevinsonDurbin.xml
----------------- Instantiating /home/travis/build/icyphy/ptII/ptolemy/actor/lib/test/auto/LevinsonDurbin.xml
2 ms. Memory: 1363456K Free: 725792K (53%)
----------------- Invoking toplevel() on ptolemy.moml.MoMLSimpleApplication@5605e978
----------------- Done invoking toplevel() on ptolemy.moml.MoMLSimpleApplication@5605e978
reloadAllAccessors: .LevinsonDurbin

===========================================================================================
----------------- testing Wed Jun 13 23:02:50 UTC 2018 /home/travis/build/icyphy/ptII/ptolemy/actor/lib/test/auto/LevinsonDurbin2.xml
----------------- Instantiating /home/travis/build/icyphy/ptII/ptolemy/actor/lib/test/auto/LevinsonDurbin2.xml
2 ms. Memory: 1363456K Free: 713345K (52%)
----------------- Invoking toplevel() on ptolemy.moml.MoMLSimpleApplication@4c107653
----------------- Done invoking toplevel() on ptolemy.moml.MoMLSimpleApplication@4c107653
reloadAllAccessors: .LevinsonDurbin2

===========================================================================================
----------------- testing Wed Jun 13 23:02:50 UTC 2018 /home/travis/build/icyphy/ptII/ptolemy/actor/lib/test/auto/LevinsonDurbin3.xml
----------------- Instantiating /home/travis/build/icyphy/ptII/ptolemy/actor/lib/test/auto/LevinsonDurbin3.xml
2 ms. Memory: 1363456K Free: 694279K (51%)
----------------- Invoking toplevel() on ptolemy.moml.MoMLSimpleApplication@3067b407
----------------- Done invoking toplevel() on ptolemy.moml.MoMLSimpleApplication@3067b407
reloadAllAccessors: .LevinsonDurbin3

===========================================================================================
----------------- testing Wed Jun 13 23:02:50 UTC 2018 /home/travis/build/icyphy/ptII/ptolemy/actor/lib/test/auto/Limiter.xml
----------------- Instantiating /home/travis/build/icyphy/ptII/ptolemy/actor/lib/test/auto/Limiter.xml
6 ms. Memory: 1363456K Free: 675601K (50%)
----------------- Invoking toplevel() on ptolemy.moml.MoMLSimpleApplication@31d9c624
----------------- Done invoking toplevel() on ptolemy.moml.MoMLSimpleApplication@31d9c624
reloadAllAccessors: .Limiter

===========================================================================================
----------------- testing Wed Jun 13 23:02:50 UTC 2018 /home/travis/build/icyphy/ptII/ptolemy/actor/lib/test/auto/LinearDifferenceEquationSystem.xml
----------------- Instantiating /home/travis/build/icyphy/ptII/ptolemy/actor/lib/test/auto/LinearDifferenceEquationSystem.xml
5 ms. Memory: 1363456K Free: 663154K (49%)
----------------- Invoking toplevel() on ptolemy.moml.MoMLSimpleApplication@1c620650
----------------- Done invoking toplevel() on ptolemy.moml.MoMLSimpleApplication@1c620650
reloadAllAccessors: .LinearDifferenceEquationSystem

===========================================================================================
----------------- testing Wed Jun 13 23:02:50 UTC 2018 /home/travis/build/icyphy/ptII/ptolemy/actor/lib/test/auto/LookupTable.xml
----------------- Instantiating /home/travis/build/icyphy/ptII/ptolemy/actor/lib/test/auto/LookupTable.xml
1 ms. Memory: 1363456K Free: 644089K (47%)
----------------- Invoking toplevel() on ptolemy.moml.MoMLSimpleApplication@18235635
----------------- Done invoking toplevel() on ptolemy.moml.MoMLSimpleApplication@18235635
reloadAllAccessors: .LookupTable

===========================================================================================
----------------- testing Wed Jun 13 23:02:50 UTC 2018 /home/travis/build/icyphy/ptII/ptolemy/actor/lib/test/auto/MathFunction.xml
----------------- Instantiating /home/travis/build/icyphy/ptII/ptolemy/actor/lib/test/auto/MathFunction.xml
6 ms. Memory: 1363456K Free: 631642K (46%)
----------------- Invoking toplevel() on ptolemy.moml.MoMLSimpleApplication@67fc613b
----------------- Done invoking toplevel() on ptolemy.moml.MoMLSimpleApplication@67fc613b
reloadAllAccessors: .MathFunction

===========================================================================================
----------------- testing Wed Jun 13 23:02:50 UTC 2018 /home/travis/build/icyphy/ptII/ptolemy/actor/lib/test/auto/MathFunction2.xml
----------------- Instantiating /home/travis/build/icyphy/ptII/ptolemy/actor/lib/test/auto/MathFunction2.xml
1 ms. Memory: 1363456K Free: 619195K (45%)
----------------- Invoking toplevel() on ptolemy.moml.MoMLSimpleApplication@70707710
----------------- Done invoking toplevel() on ptolemy.moml.MoMLSimpleApplication@70707710
reloadAllAccessors: .MathFunction2

===========================================================================================
----------------- testing Wed Jun 13 23:02:50 UTC 2018 /home/travis/build/icyphy/ptII/ptolemy/actor/lib/test/auto/MathFunction3.xml
----------------- Instantiating /home/travis/build/icyphy/ptII/ptolemy/actor/lib/test/auto/MathFunction3.xml
2 ms. Memory: 1363456K Free: 600130K (44%)
----------------- Invoking toplevel() on ptolemy.moml.MoMLSimpleApplication@266aef4a
----------------- Done invoking toplevel() on ptolemy.moml.MoMLSimpleApplication@266aef4a
reloadAllAccessors: .MathFunction3

===========================================================================================
----------------- testing Wed Jun 13 23:02:50 UTC 2018 /home/travis/build/icyphy/ptII/ptolemy/actor/lib/test/auto/MatrixCropBoolean.xml
----------------- Instantiating /home/travis/build/icyphy/ptII/ptolemy/actor/lib/test/auto/MatrixCropBoolean.xml
1 ms. Memory: 1363456K Free: 587683K (43%)
----------------- Invoking toplevel() on ptolemy.moml.MoMLSimpleApplication@5ddc6f63
----------------- Done invoking toplevel() on ptolemy.moml.MoMLSimpleApplication@5ddc6f63
reloadAllAccessors: .MatrixCropBoolean

===========================================================================================
----------------- testing Wed Jun 13 23:02:50 UTC 2018 /home/travis/build/icyphy/ptII/ptolemy/actor/lib/test/auto/MatrixCropComplex.xml
----------------- Instantiating /home/travis/build/icyphy/ptII/ptolemy/actor/lib/test/auto/MatrixCropComplex.xml
1 ms. Memory: 1363456K Free: 568617K (42%)
----------------- Invoking toplevel() on ptolemy.moml.MoMLSimpleApplication@a275bfc
----------------- Done invoking toplevel() on ptolemy.moml.MoMLSimpleApplication@a275bfc
reloadAllAccessors: .MatrixCropComplex

===========================================================================================
----------------- testing Wed Jun 13 23:02:50 UTC 2018 /home/travis/build/icyphy/ptII/ptolemy/actor/lib/test/auto/MatrixCropDouble.xml
----------------- Instantiating /home/travis/build/icyphy/ptII/ptolemy/actor/lib/test/auto/MatrixCropDouble.xml
2 ms. Memory: 1363456K Free: 556171K (41%)
----------------- Invoking toplevel() on ptolemy.moml.MoMLSimpleApplication@543ae8a7
----------------- Done invoking toplevel() on ptolemy.moml.MoMLSimpleApplication@543ae8a7
reloadAllAccessors: .MatrixCropDouble

===========================================================================================
----------------- testing Wed Jun 13 23:02:50 UTC 2018 /home/travis/build/icyphy/ptII/ptolemy/actor/lib/test/auto/MatrixCropFix.xml
----------------- Instantiating /home/travis/build/icyphy/ptII/ptolemy/actor/lib/test/auto/MatrixCropFix.xml
2 ms. Memory: 1363456K Free: 543724K (40%)
----------------- Invoking toplevel() on ptolemy.moml.MoMLSimpleApplication@2777d4ef
----------------- Done invoking toplevel() on ptolemy.moml.MoMLSimpleApplication@2777d4ef
reloadAllAccessors: .MatrixCropFix

===========================================================================================
----------------- testing Wed Jun 13 23:02:50 UTC 2018 /home/travis/build/icyphy/ptII/ptolemy/actor/lib/test/auto/MatrixCropInt.xml
----------------- Instantiating /home/travis/build/icyphy/ptII/ptolemy/actor/lib/test/auto/MatrixCropInt.xml
2 ms. Memory: 1363456K Free: 524658K (38%)
----------------- Invoking toplevel() on ptolemy.moml.MoMLSimpleApplication@40cf51b4
----------------- Done invoking toplevel() on ptolemy.moml.MoMLSimpleApplication@40cf51b4
reloadAllAccessors: .MatrixCropInt

===========================================================================================
----------------- testing Wed Jun 13 23:02:50 UTC 2018 /home/travis/build/icyphy/ptII/ptolemy/actor/lib/test/auto/MatrixCropLong.xml
----------------- Instantiating /home/travis/build/icyphy/ptII/ptolemy/actor/lib/test/auto/MatrixCropLong.xml
2 ms. Memory: 1363456K Free: 512212K (38%)
----------------- Invoking toplevel() on ptolemy.moml.MoMLSimpleApplication@37208ea3
----------------- Done invoking toplevel() on ptolemy.moml.MoMLSimpleApplication@37208ea3
reloadAllAccessors: .MatrixCropLong

===========================================================================================
----------------- testing Wed Jun 13 23:02:50 UTC 2018 /home/travis/build/icyphy/ptII/ptolemy/actor/lib/test/auto/MatrixToArray.xml
----------------- Instantiating /home/travis/build/icyphy/ptII/ptolemy/actor/lib/test/auto/MatrixToArray.xml
5 ms. Memory: 1363456K Free: 487318K (36%)
----------------- Invoking toplevel() on ptolemy.moml.MoMLSimpleApplication@923c626
----------------- Done invoking toplevel() on ptolemy.moml.MoMLSimpleApplication@923c626
reloadAllAccessors: .MatrixToArray

===========================================================================================
----------------- testing Wed Jun 13 23:02:50 UTC 2018 /home/travis/build/icyphy/ptII/ptolemy/actor/lib/test/auto/MaxIndex.xml
----------------- Instantiating /home/travis/build/icyphy/ptII/ptolemy/actor/lib/test/auto/MaxIndex.xml
2 ms. Memory: 1363456K Free: 468252K (34%)
----------------- Invoking toplevel() on ptolemy.moml.MoMLSimpleApplication@f3564d6
----------------- Done invoking toplevel() on ptolemy.moml.MoMLSimpleApplication@f3564d6
reloadAllAccessors: .MaxIndex

===========================================================================================
----------------- testing Wed Jun 13 23:02:50 UTC 2018 /home/travis/build/icyphy/ptII/ptolemy/actor/lib/test/auto/Maximum.xml
----------------- Instantiating /home/travis/build/icyphy/ptII/ptolemy/actor/lib/test/auto/Maximum.xml
2 ms. Memory: 1363456K Free: 455805K (33%)
----------------- Invoking toplevel() on ptolemy.moml.MoMLSimpleApplication@17aa571
----------------- Done invoking toplevel() on ptolemy.moml.MoMLSimpleApplication@17aa571
reloadAllAccessors: .Maximum

===========================================================================================
----------------- testing Wed Jun 13 23:02:50 UTC 2018 /home/travis/build/icyphy/ptII/ptolemy/actor/lib/test/auto/MaximumComplex.xml
----------------- Instantiating /home/travis/build/icyphy/ptII/ptolemy/actor/lib/test/auto/MaximumComplex.xml
2 ms. Memory: 1363456K Free: 443359K (33%)
----------------- Invoking toplevel() on ptolemy.moml.MoMLSimpleApplication@5fc5ffba
----------------- Done invoking toplevel() on ptolemy.moml.MoMLSimpleApplication@5fc5ffba
reloadAllAccessors: .MaximumComplex

===========================================================================================
----------------- testing Wed Jun 13 23:02:50 UTC 2018 /home/travis/build/icyphy/ptII/ptolemy/actor/lib/test/auto/MethodCallTest.xml
----------------- Instantiating /home/travis/build/icyphy/ptII/ptolemy/actor/lib/test/auto/MethodCallTest.xml
2 ms. Memory: 1363456K Free: 424293K (31%)
----------------- Invoking toplevel() on ptolemy.moml.MoMLSimpleApplication@7470b6db
----------------- Done invoking toplevel() on ptolemy.moml.MoMLSimpleApplication@7470b6db
reloadAllAccessors: .MethodCallTest

===========================================================================================
----------------- testing Wed Jun 13 23:02:50 UTC 2018 /home/travis/build/icyphy/ptII/ptolemy/actor/lib/test/auto/Minimum.xml
----------------- Instantiating /home/travis/build/icyphy/ptII/ptolemy/actor/lib/test/auto/Minimum.xml
2 ms. Memory: 1363456K Free: 411846K (30%)
----------------- Invoking toplevel() on ptolemy.moml.MoMLSimpleApplication@70939849
----------------- Done invoking toplevel() on ptolemy.moml.MoMLSimpleApplication@70939849
reloadAllAccessors: .Minimum

===========================================================================================
----------------- testing Wed Jun 13 23:02:50 UTC 2018 /home/travis/build/icyphy/ptII/ptolemy/actor/lib/test/auto/MinimumComplex.xml
----------------- Instantiating /home/travis/build/icyphy/ptII/ptolemy/actor/lib/test/auto/MinimumComplex.xml
3 ms. Memory: 1363456K Free: 399400K (29%)
----------------- Invoking toplevel() on ptolemy.moml.MoMLSimpleApplication@4731eff7
----------------- Done invoking toplevel() on ptolemy.moml.MoMLSimpleApplication@4731eff7
reloadAllAccessors: .MinimumComplex

===========================================================================================
----------------- testing Wed Jun 13 23:02:50 UTC 2018 /home/travis/build/icyphy/ptII/ptolemy/actor/lib/test/auto/MinimumMultiports.xml
----------------- Instantiating /home/travis/build/icyphy/ptII/ptolemy/actor/lib/test/auto/MinimumMultiports.xml
4 ms. Memory: 1363456K Free: 380334K (28%)
----------------- Invoking toplevel() on ptolemy.moml.MoMLSimpleApplication@7e12566f
----------------- Done invoking toplevel() on ptolemy.moml.MoMLSimpleApplication@7e12566f
reloadAllAccessors: .MinimumMultiports

===========================================================================================
----------------- testing Wed Jun 13 23:02:50 UTC 2018 /home/travis/build/icyphy/ptII/ptolemy/actor/lib/test/auto/ModifyDate.xml
----------------- Instantiating /home/travis/build/icyphy/ptII/ptolemy/actor/lib/test/auto/ModifyDate.xml
5 ms. Memory: 1363456K Free: 361648K (27%)
----------------- Invoking toplevel() on ptolemy.moml.MoMLSimpleApplication@4a21d3bf
----------------- Done invoking toplevel() on ptolemy.moml.MoMLSimpleApplication@4a21d3bf
reloadAllAccessors: .ModifyDate

===========================================================================================
----------------- testing Wed Jun 13 23:02:50 UTC 2018 /home/travis/build/icyphy/ptII/ptolemy/actor/lib/test/auto/ModifyDate2.xml
----------------- Instantiating /home/travis/build/icyphy/ptII/ptolemy/actor/lib/test/auto/ModifyDate2.xml
3 ms. Memory: 1363456K Free: 342978K (25%)
----------------- Invoking toplevel() on ptolemy.moml.MoMLSimpleApplication@4cd78a85
----------------- Done invoking toplevel() on ptolemy.moml.MoMLSimpleApplication@4cd78a85
reloadAllAccessors: .ModifyDate2

===========================================================================================
----------------- testing Wed Jun 13 23:02:50 UTC 2018 /home/travis/build/icyphy/ptII/ptolemy/actor/lib/test/auto/MovingAverage.xml
----------------- Instantiating /home/travis/build/icyphy/ptII/ptolemy/actor/lib/test/auto/MovingAverage.xml
1 ms. Memory: 1363456K Free: 323912K (24%)
----------------- Invoking toplevel() on ptolemy.moml.MoMLSimpleApplication@1c077cb7
----------------- Done invoking toplevel() on ptolemy.moml.MoMLSimpleApplication@1c077cb7
reloadAllAccessors: .MovingAverage

===========================================================================================
----------------- testing Wed Jun 13 23:02:50 UTC 2018 /home/travis/build/icyphy/ptII/ptolemy/actor/lib/test/auto/MovingMaximum.xml
----------------- Instantiating /home/travis/build/icyphy/ptII/ptolemy/actor/lib/test/auto/MovingMaximum.xml
3 ms. Memory: 1363456K Free: 311465K (23%)
----------------- Invoking toplevel() on ptolemy.moml.MoMLSimpleApplication@32084a7
----------------- Done invoking toplevel() on ptolemy.moml.MoMLSimpleApplication@32084a7
reloadAllAccessors: .MovingMaximum

===========================================================================================
----------------- testing Wed Jun 13 23:02:50 UTC 2018 /home/travis/build/icyphy/ptII/ptolemy/actor/lib/test/auto/MultipleLinksToSameRelation.xml
----------------- Instantiating /home/travis/build/icyphy/ptII/ptolemy/actor/lib/test/auto/MultipleLinksToSameRelation.xml
3 ms. Memory: 1363456K Free: 292400K (21%)
----------------- Invoking toplevel() on ptolemy.moml.MoMLSimpleApplication@61dd6e68
----------------- Done invoking toplevel() on ptolemy.moml.MoMLSimpleApplication@61dd6e68
reloadAllAccessors: .MultipleLinksToSameRelation

===========================================================================================
----------------- testing Wed Jun 13 23:02:50 UTC 2018 /home/travis/build/icyphy/ptII/ptolemy/actor/lib/test/auto/MultipleLinksToSameRelationDE.xml
----------------- Instantiating /home/travis/build/icyphy/ptII/ptolemy/actor/lib/test/auto/MultipleLinksToSameRelationDE.xml
1 ms. Memory: 1363456K Free: 279953K (21%)
----------------- Invoking toplevel() on ptolemy.moml.MoMLSimpleApplication@591cebd3
----------------- Done invoking toplevel() on ptolemy.moml.MoMLSimpleApplication@591cebd3
reloadAllAccessors: .MultipleLinksToSameRelationDE

===========================================================================================
----------------- testing Wed Jun 13 23:02:50 UTC 2018 /home/travis/build/icyphy/ptII/ptolemy/actor/lib/test/auto/Multiplexor.xml
----------------- Instantiating /home/travis/build/icyphy/ptII/ptolemy/actor/lib/test/auto/Multiplexor.xml
3 ms. Memory: 1363456K Free: 267506K (20%)
----------------- Invoking toplevel() on ptolemy.moml.MoMLSimpleApplication@70983d7e
----------------- Done invoking toplevel() on ptolemy.moml.MoMLSimpleApplication@70983d7e
reloadAllAccessors: .Multiplexor

===========================================================================================
----------------- testing Wed Jun 13 23:02:50 UTC 2018 /home/travis/build/icyphy/ptII/ptolemy/actor/lib/test/auto/Multiplexor1.xml
----------------- Instantiating /home/travis/build/icyphy/ptII/ptolemy/actor/lib/test/auto/Multiplexor1.xml
2 ms. Memory: 1363456K Free: 248441K (18%)
----------------- Invoking toplevel() on ptolemy.moml.MoMLSimpleApplication@3477ca9
----------------- Done invoking toplevel() on ptolemy.moml.MoMLSimpleApplication@3477ca9
reloadAllAccessors: .Multiplexor1

===========================================================================================
----------------- testing Wed Jun 13 23:02:50 UTC 2018 /home/travis/build/icyphy/ptII/ptolemy/actor/lib/test/auto/Multiplexor2.xml
----------------- Instantiating /home/travis/build/icyphy/ptII/ptolemy/actor/lib/test/auto/Multiplexor2.xml
2 ms. Memory: 1363456K Free: 235994K (17%)
----------------- Invoking toplevel() on ptolemy.moml.MoMLSimpleApplication@6ee8926e
----------------- Done invoking toplevel() on ptolemy.moml.MoMLSimpleApplication@6ee8926e
reloadAllAccessors: .Multiplexor2

===========================================================================================
----------------- testing Wed Jun 13 23:02:50 UTC 2018 /home/travis/build/icyphy/ptII/ptolemy/actor/lib/test/auto/Multiplexor3.xml
----------------- Instantiating /home/travis/build/icyphy/ptII/ptolemy/actor/lib/test/auto/Multiplexor3.xml
2 ms. Memory: 1363456K Free: 223547K (16%)
----------------- Invoking toplevel() on ptolemy.moml.MoMLSimpleApplication@23618a72
----------------- Done invoking toplevel() on ptolemy.moml.MoMLSimpleApplication@23618a72
reloadAllAccessors: .Multiplexor3

===========================================================================================
----------------- testing Wed Jun 13 23:02:50 UTC 2018 /home/travis/build/icyphy/ptII/ptolemy/actor/lib/test/auto/MultiplexorDE.xml
----------------- Instantiating /home/travis/build/icyphy/ptII/ptolemy/actor/lib/test/auto/MultiplexorDE.xml
3 ms. Memory: 1363456K Free: 204482K (15%)
----------------- Invoking toplevel() on ptolemy.moml.MoMLSimpleApplication@12105f96
----------------- Done invoking toplevel() on ptolemy.moml.MoMLSimpleApplication@12105f96
reloadAllAccessors: .MultiplexorDE

===========================================================================================
----------------- testing Wed Jun 13 23:02:50 UTC 2018 /home/travis/build/icyphy/ptII/ptolemy/actor/lib/test/auto/MultiportBroadcastTest.xml
----------------- Instantiating /home/travis/build/icyphy/ptII/ptolemy/actor/lib/test/auto/MultiportBroadcastTest.xml
54 ms. Memory: 1363456K Free: 192035K (14%)
----------------- Invoking toplevel() on ptolemy.moml.MoMLSimpleApplication@6b720d86
----------------- Done invoking toplevel() on ptolemy.moml.MoMLSimpleApplication@6b720d86
reloadAllAccessors: .MultiportBroadcastTest

===========================================================================================
----------------- testing Wed Jun 13 23:02:50 UTC 2018 /home/travis/build/icyphy/ptII/ptolemy/actor/lib/test/auto/MultiportOutHangDuringGetWidth.xml
----------------- Instantiating /home/travis/build/icyphy/ptII/ptolemy/actor/lib/test/auto/MultiportOutHangDuringGetWidth.xml
7 ms. Memory: 1363456K Free: 173365K (13%)
----------------- Invoking toplevel() on ptolemy.moml.MoMLSimpleApplication@7306362
----------------- Done invoking toplevel() on ptolemy.moml.MoMLSimpleApplication@7306362
reloadAllAccessors: .MultiportOutHangDuringGetWidth

===========================================================================================
----------------- testing Wed Jun 13 23:02:50 UTC 2018 /home/travis/build/icyphy/ptII/ptolemy/actor/lib/test/auto/NilToken.xml
----------------- Instantiating /home/travis/build/icyphy/ptII/ptolemy/actor/lib/test/auto/NilToken.xml
1 ms. Memory: 1363456K Free: 154299K (11%)
----------------- Invoking toplevel() on ptolemy.moml.MoMLSimpleApplication@1cbf2a1b
----------------- Done invoking toplevel() on ptolemy.moml.MoMLSimpleApplication@1cbf2a1b
reloadAllAccessors: .NilToken

===========================================================================================
----------------- testing Wed Jun 13 23:02:50 UTC 2018 /home/travis/build/icyphy/ptII/ptolemy/actor/lib/test/auto/NilTokenNonStrictTest.xml
----------------- Instantiating /home/travis/build/icyphy/ptII/ptolemy/actor/lib/test/auto/NilTokenNonStrictTest.xml
2 ms. Memory: 1363456K Free: 141852K (10%)
----------------- Invoking toplevel() on ptolemy.moml.MoMLSimpleApplication@406f87af
----------------- Done invoking toplevel() on ptolemy.moml.MoMLSimpleApplication@406f87af
reloadAllAccessors: .NilTokenNonStrictTest

===========================================================================================
----------------- testing Wed Jun 13 23:02:51 UTC 2018 /home/travis/build/icyphy/ptII/ptolemy/actor/lib/test/auto/NilTokenRecord.xml
----------------- Instantiating /home/travis/build/icyphy/ptII/ptolemy/actor/lib/test/auto/NilTokenRecord.xml
4 ms. Memory: 1363456K Free: 129406K (9%)
----------------- Invoking toplevel() on ptolemy.moml.MoMLSimpleApplication@64a16c1c
----------------- Done invoking toplevel() on ptolemy.moml.MoMLSimpleApplication@64a16c1c
reloadAllAccessors: .NilTokenRecord

===========================================================================================
----------------- testing Wed Jun 13 23:02:51 UTC 2018 /home/travis/build/icyphy/ptII/ptolemy/actor/lib/test/auto/NilTokenTypeTest.xml
----------------- Instantiating /home/travis/build/icyphy/ptII/ptolemy/actor/lib/test/auto/NilTokenTypeTest.xml
3 ms. Memory: 1363456K Free: 104109K (8%)
----------------- Invoking toplevel() on ptolemy.moml.MoMLSimpleApplication@2753c137
----------------- Done invoking toplevel() on ptolemy.moml.MoMLSimpleApplication@2753c137
reloadAllAccessors: .NilTokenTypeTest

===========================================================================================
----------------- testing Wed Jun 13 23:02:51 UTC 2018 /home/travis/build/icyphy/ptII/ptolemy/actor/lib/test/auto/ObjectToken1.xml
----------------- Instantiating /home/travis/build/icyphy/ptII/ptolemy/actor/lib/test/auto/ObjectToken1.xml
2 ms. Memory: 1363456K Free: 91662K (7%)
----------------- Invoking toplevel() on ptolemy.moml.MoMLSimpleApplication@79f5c242
----------------- Done invoking toplevel() on ptolemy.moml.MoMLSimpleApplication@79f5c242
reloadAllAccessors: .ObjectToken1

===========================================================================================
----------------- testing Wed Jun 13 23:02:51 UTC 2018 /home/travis/build/icyphy/ptII/ptolemy/actor/lib/test/auto/OrderedMerge.xml
----------------- Instantiating /home/travis/build/icyphy/ptII/ptolemy/actor/lib/test/auto/OrderedMerge.xml
10 ms. Memory: 1529344K Free: 1457848K (95%)
----------------- Invoking toplevel() on ptolemy.moml.MoMLSimpleApplication@20329dfc
----------------- Done invoking toplevel() on ptolemy.moml.MoMLSimpleApplication@20329dfc
reloadAllAccessors: .OrderedMerge

===========================================================================================
----------------- testing Wed Jun 13 23:02:51 UTC 2018 /home/travis/build/icyphy/ptII/ptolemy/actor/lib/test/auto/OrderedRecordDisassembler.xml
----------------- Instantiating /home/travis/build/icyphy/ptII/ptolemy/actor/lib/test/auto/OrderedRecordDisassembler.xml
3 ms. Memory: 1529344K Free: 1433469K (94%)
----------------- Invoking toplevel() on ptolemy.moml.MoMLSimpleApplication@53b99e47
----------------- Done invoking toplevel() on ptolemy.moml.MoMLSimpleApplication@53b99e47
reloadAllAccessors: .OrderedRecordDisassembler

===========================================================================================
----------------- testing Wed Jun 13 23:02:51 UTC 2018 /home/travis/build/icyphy/ptII/ptolemy/actor/lib/test/auto/OrderedRecordDisassembler2.xml
----------------- Instantiating /home/travis/build/icyphy/ptII/ptolemy/actor/lib/test/auto/OrderedRecordDisassembler2.xml
3 ms. Memory: 1529344K Free: 1419184K (93%)
----------------- Invoking toplevel() on ptolemy.moml.MoMLSimpleApplication@260e9473
----------------- Done invoking toplevel() on ptolemy.moml.MoMLSimpleApplication@260e9473
reloadAllAccessors: .OrderedRecordDisassembler2

===========================================================================================
----------------- testing Wed Jun 13 23:02:51 UTC 2018 /home/travis/build/icyphy/ptII/ptolemy/actor/lib/test/auto/OrderedRecordUpdater.xml
----------------- Instantiating /home/travis/build/icyphy/ptII/ptolemy/actor/lib/test/auto/OrderedRecordUpdater.xml
2 ms. Memory: 1529344K Free: 1398458K (91%)
----------------- Invoking toplevel() on ptolemy.moml.MoMLSimpleApplication@33004c4d
----------------- Done invoking toplevel() on ptolemy.moml.MoMLSimpleApplication@33004c4d
reloadAllAccessors: .RecordUpdater

===========================================================================================
----------------- testing Wed Jun 13 23:02:51 UTC 2018 /home/travis/build/icyphy/ptII/ptolemy/actor/lib/test/auto/OrderedRecordUpdater2.xml
----------------- Instantiating /home/travis/build/icyphy/ptII/ptolemy/actor/lib/test/auto/OrderedRecordUpdater2.xml
1 ms. Memory: 1529344K Free: 1384173K (91%)
----------------- Invoking toplevel() on ptolemy.moml.MoMLSimpleApplication@79870bd0
----------------- Done invoking toplevel() on ptolemy.moml.MoMLSimpleApplication@79870bd0
reloadAllAccessors: .RecordUpdater2

===========================================================================================
----------------- testing Wed Jun 13 23:02:51 UTC 2018 /home/travis/build/icyphy/ptII/ptolemy/actor/lib/test/auto/PhaseUnwrap.xml
----------------- Instantiating /home/travis/build/icyphy/ptII/ptolemy/actor/lib/test/auto/PhaseUnwrap.xml
1 ms. Memory: 1529344K Free: 1369888K (90%)
----------------- Invoking toplevel() on ptolemy.moml.MoMLSimpleApplication@4cbd3bd
----------------- Done invoking toplevel() on ptolemy.moml.MoMLSimpleApplication@4cbd3bd
reloadAllAccessors: .PhaseUnwrap

===========================================================================================
----------------- testing Wed Jun 13 23:02:51 UTC 2018 /home/travis/build/icyphy/ptII/ptolemy/actor/lib/test/auto/PoissonClock.xml
----------------- Instantiating /home/travis/build/icyphy/ptII/ptolemy/actor/lib/test/auto/PoissonClock.xml
1 ms. Memory: 1529344K Free: 1349162K (88%)
----------------- Invoking toplevel() on ptolemy.moml.MoMLSimpleApplication@45579551
----------------- Done invoking toplevel() on ptolemy.moml.MoMLSimpleApplication@45579551
reloadAllAccessors: .PoissonClock

===========================================================================================
----------------- testing Wed Jun 13 23:02:51 UTC 2018 /home/travis/build/icyphy/ptII/ptolemy/actor/lib/test/auto/PoissonClock2.xml
----------------- Instantiating /home/travis/build/icyphy/ptII/ptolemy/actor/lib/test/auto/PoissonClock2.xml
2 ms. Memory: 1529344K Free: 1334877K (87%)
----------------- Invoking toplevel() on ptolemy.moml.MoMLSimpleApplication@6ce25954
----------------- Done invoking toplevel() on ptolemy.moml.MoMLSimpleApplication@6ce25954
reloadAllAccessors: .PoissonClock2

===========================================================================================
----------------- testing Wed Jun 13 23:02:51 UTC 2018 /home/travis/build/icyphy/ptII/ptolemy/actor/lib/test/auto/PoissonClock3.xml
----------------- Instantiating /home/travis/build/icyphy/ptII/ptolemy/actor/lib/test/auto/PoissonClock3.xml
1 ms. Memory: 1529344K Free: 1320592K (86%)
----------------- Invoking toplevel() on ptolemy.moml.MoMLSimpleApplication@2c275630
----------------- Done invoking toplevel() on ptolemy.moml.MoMLSimpleApplication@2c275630
reloadAllAccessors: .PoissonClock3

===========================================================================================
----------------- testing Wed Jun 13 23:02:51 UTC 2018 /home/travis/build/icyphy/ptII/ptolemy/actor/lib/test/auto/PubSubWithInitialTokens.xml
----------------- Instantiating /home/travis/build/icyphy/ptII/ptolemy/actor/lib/test/auto/PubSubWithInitialTokens.xml
2 ms. Memory: 1529344K Free: 1299866K (85%)
----------------- Invoking toplevel() on ptolemy.moml.MoMLSimpleApplication@2c21aa2f
----------------- Done invoking toplevel() on ptolemy.moml.MoMLSimpleApplication@2c21aa2f
reloadAllAccessors: .PubSubWithInitialTokens

===========================================================================================
----------------- testing Wed Jun 13 23:02:51 UTC 2018 /home/travis/build/icyphy/ptII/ptolemy/actor/lib/test/auto/PubSubWithInitialTokens2.xml
----------------- Instantiating /home/travis/build/icyphy/ptII/ptolemy/actor/lib/test/auto/PubSubWithInitialTokens2.xml
2 ms. Memory: 1529344K Free: 1285581K (84%)
----------------- Invoking toplevel() on ptolemy.moml.MoMLSimpleApplication@caa0473
----------------- Done invoking toplevel() on ptolemy.moml.MoMLSimpleApplication@caa0473
reloadAllAccessors: .PubSubWithInitialTokens2

===========================================================================================
----------------- testing Wed Jun 13 23:02:51 UTC 2018 /home/travis/build/icyphy/ptII/ptolemy/actor/lib/test/auto/PublisherClassNoParameter.xml
----------------- Instantiating /home/travis/build/icyphy/ptII/ptolemy/actor/lib/test/auto/PublisherClassNoParameter.xml
2 ms. Memory: 1529344K Free: 1257696K (82%)
----------------- Invoking toplevel() on ptolemy.moml.MoMLSimpleApplication@71a355e5
----------------- Done invoking toplevel() on ptolemy.moml.MoMLSimpleApplication@71a355e5
reloadAllAccessors: .PublisherClassNoParameter

===========================================================================================
----------------- testing Wed Jun 13 23:02:51 UTC 2018 /home/travis/build/icyphy/ptII/ptolemy/actor/lib/test/auto/PublisherClassParameter.xml
----------------- Instantiating /home/travis/build/icyphy/ptII/ptolemy/actor/lib/test/auto/PublisherClassParameter.xml
2 ms. Memory: 1529344K Free: 1236261K (81%)
----------------- Invoking toplevel() on ptolemy.moml.MoMLSimpleApplication@330b958
----------------- Done invoking toplevel() on ptolemy.moml.MoMLSimpleApplication@330b958
reloadAllAccessors: .PublisherClassParameter

===========================================================================================
----------------- testing Wed Jun 13 23:02:51 UTC 2018 /home/travis/build/icyphy/ptII/ptolemy/actor/lib/test/auto/PublisherNonStrictTest.xml
----------------- Instantiating /home/travis/build/icyphy/ptII/ptolemy/actor/lib/test/auto/PublisherNonStrictTest.xml
3 ms. Memory: 1529344K Free: 1221976K (80%)
----------------- Invoking toplevel() on ptolemy.moml.MoMLSimpleApplication@5aec239b
----------------- Done invoking toplevel() on ptolemy.moml.MoMLSimpleApplication@5aec239b
reloadAllAccessors: .PublisherNonStrictTest

===========================================================================================
----------------- testing Wed Jun 13 23:02:51 UTC 2018 /home/travis/build/icyphy/ptII/ptolemy/actor/lib/test/auto/PublisherPort1.xml
----------------- Instantiating /home/travis/build/icyphy/ptII/ptolemy/actor/lib/test/auto/PublisherPort1.xml
3 ms. Memory: 1529344K Free: 1201250K (79%)
----------------- Invoking toplevel() on ptolemy.moml.MoMLSimpleApplication@da43f3d
----------------- Done invoking toplevel() on ptolemy.moml.MoMLSimpleApplication@da43f3d
reloadAllAccessors: .PublisherPort1

===========================================================================================
----------------- testing Wed Jun 13 23:02:51 UTC 2018 /home/travis/build/icyphy/ptII/ptolemy/actor/lib/test/auto/PublisherPort2.xml
----------------- Instantiating /home/travis/build/icyphy/ptII/ptolemy/actor/lib/test/auto/PublisherPort2.xml
2 ms. Memory: 1529344K Free: 1186965K (78%)
----------------- Invoking toplevel() on ptolemy.moml.MoMLSimpleApplication@578ee73f
----------------- Done invoking toplevel() on ptolemy.moml.MoMLSimpleApplication@578ee73f
reloadAllAccessors: .PublisherPort2

===========================================================================================
----------------- testing Wed Jun 13 23:02:51 UTC 2018 /home/travis/build/icyphy/ptII/ptolemy/actor/lib/test/auto/PublisherPort3.xml
----------------- Instantiating /home/travis/build/icyphy/ptII/ptolemy/actor/lib/test/auto/PublisherPort3.xml
3 ms. Memory: 1529344K Free: 1172680K (77%)
----------------- Invoking toplevel() on ptolemy.moml.MoMLSimpleApplication@5dfd78a3
----------------- Done invoking toplevel() on ptolemy.moml.MoMLSimpleApplication@5dfd78a3
reloadAllAccessors: .PublisherPort3

===========================================================================================
----------------- testing Wed Jun 13 23:02:51 UTC 2018 /home/travis/build/icyphy/ptII/ptolemy/actor/lib/test/auto/PublisherPort4.xml
----------------- Instantiating /home/travis/build/icyphy/ptII/ptolemy/actor/lib/test/auto/PublisherPort4.xml
2 ms. Memory: 1529344K Free: 1151954K (75%)
----------------- Invoking toplevel() on ptolemy.moml.MoMLSimpleApplication@3d3b92bb
----------------- Done invoking toplevel() on ptolemy.moml.MoMLSimpleApplication@3d3b92bb
reloadAllAccessors: .PublisherPort4

===========================================================================================
----------------- testing Wed Jun 13 23:02:51 UTC 2018 /home/travis/build/icyphy/ptII/ptolemy/actor/lib/test/auto/PublisherPort5.xml
----------------- Instantiating /home/travis/build/icyphy/ptII/ptolemy/actor/lib/test/auto/PublisherPort5.xml
3 ms. Memory: 1529344K Free: 1137669K (74%)
----------------- Invoking toplevel() on ptolemy.moml.MoMLSimpleApplication@b2b3bfa
----------------- Done invoking toplevel() on ptolemy.moml.MoMLSimpleApplication@b2b3bfa
reloadAllAccessors: .PublisherPort5

===========================================================================================
----------------- testing Wed Jun 13 23:02:51 UTC 2018 /home/travis/build/icyphy/ptII/ptolemy/actor/lib/test/auto/PublisherPort5LookAlike.xml
----------------- Instantiating /home/travis/build/icyphy/ptII/ptolemy/actor/lib/test/auto/PublisherPort5LookAlike.xml
3 ms. Memory: 1529344K Free: 1116943K (73%)
----------------- Invoking toplevel() on ptolemy.moml.MoMLSimpleApplication@3a20ab2e
----------------- Done invoking toplevel() on ptolemy.moml.MoMLSimpleApplication@3a20ab2e
reloadAllAccessors: .PublisherPort5LookAlike

===========================================================================================
----------------- testing Wed Jun 13 23:02:51 UTC 2018 /home/travis/build/icyphy/ptII/ptolemy/actor/lib/test/auto/PublisherPort6.xml
----------------- Instantiating /home/travis/build/icyphy/ptII/ptolemy/actor/lib/test/auto/PublisherPort6.xml
2 ms. Memory: 1529344K Free: 1102658K (72%)
----------------- Invoking toplevel() on ptolemy.moml.MoMLSimpleApplication@45181db6
----------------- Done invoking toplevel() on ptolemy.moml.MoMLSimpleApplication@45181db6
reloadAllAccessors: .PublisherPort6

===========================================================================================
----------------- testing Wed Jun 13 23:02:51 UTC 2018 /home/travis/build/icyphy/ptII/ptolemy/actor/lib/test/auto/PublisherPort7.xml
----------------- Instantiating /home/travis/build/icyphy/ptII/ptolemy/actor/lib/test/auto/PublisherPort7.xml
3 ms. Memory: 1529344K Free: 1088374K (71%)
----------------- Invoking toplevel() on ptolemy.moml.MoMLSimpleApplication@c12f87d
----------------- Done invoking toplevel() on ptolemy.moml.MoMLSimpleApplication@c12f87d
reloadAllAccessors: .PublisherPort7

===========================================================================================
----------------- testing Wed Jun 13 23:02:51 UTC 2018 /home/travis/build/icyphy/ptII/ptolemy/actor/lib/test/auto/PublisherPort8.xml
----------------- Instantiating /home/travis/build/icyphy/ptII/ptolemy/actor/lib/test/auto/PublisherPort8.xml
4 ms. Memory: 1529344K Free: 1067647K (70%)
----------------- Invoking toplevel() on ptolemy.moml.MoMLSimpleApplication@576a7024
----------------- Done invoking toplevel() on ptolemy.moml.MoMLSimpleApplication@576a7024
reloadAllAccessors: .PublisherPort8

===========================================================================================
----------------- testing Wed Jun 13 23:02:51 UTC 2018 /home/travis/build/icyphy/ptII/ptolemy/actor/lib/test/auto/PublisherPortSubscriberChannelVariablesAOC2.xml
----------------- Instantiating /home/travis/build/icyphy/ptII/ptolemy/actor/lib/test/auto/PublisherPortSubscriberChannelVariablesAOC2.xml
3 ms. Memory: 1529344K Free: 1039061K (68%)
----------------- Invoking toplevel() on ptolemy.moml.MoMLSimpleApplication@1936326d
----------------- Done invoking toplevel() on ptolemy.moml.MoMLSimpleApplication@1936326d
reloadAllAccessors: .PublisherPortSubscriberChannelVariablesAOC2

===========================================================================================
----------------- testing Wed Jun 13 23:02:51 UTC 2018 /home/travis/build/icyphy/ptII/ptolemy/actor/lib/test/auto/PublisherPortSubscriberOpaqueWidthInference.xml
----------------- Instantiating /home/travis/build/icyphy/ptII/ptolemy/actor/lib/test/auto/PublisherPortSubscriberOpaqueWidthInference.xml
3 ms. Memory: 1529344K Free: 1024777K (67%)
----------------- Invoking toplevel() on ptolemy.moml.MoMLSimpleApplication@1371e7a4
----------------- Done invoking toplevel() on ptolemy.moml.MoMLSimpleApplication@1371e7a4
reloadAllAccessors: .PublisherPortSubscriberOpaqueWidthInference

===========================================================================================
----------------- testing Wed Jun 13 23:02:51 UTC 2018 /home/travis/build/icyphy/ptII/ptolemy/actor/lib/test/auto/PublisherPortSubscriberPortAdjacent.xml
----------------- Instantiating /home/travis/build/icyphy/ptII/ptolemy/actor/lib/test/auto/PublisherPortSubscriberPortAdjacent.xml
2 ms. Memory: 1529344K Free: 1004050K (66%)
----------------- Invoking toplevel() on ptolemy.moml.MoMLSimpleApplication@4c3d1715
----------------- Done invoking toplevel() on ptolemy.moml.MoMLSimpleApplication@4c3d1715
reloadAllAccessors: .PublisherPortSubscriberPortAdjacent

===========================================================================================
----------------- testing Wed Jun 13 23:02:51 UTC 2018 /home/travis/build/icyphy/ptII/ptolemy/actor/lib/test/auto/PublisherPortSubscriberPortExpression.xml
----------------- Instantiating /home/travis/build/icyphy/ptII/ptolemy/actor/lib/test/auto/PublisherPortSubscriberPortExpression.xml
4 ms. Memory: 1529344K Free: 989766K (65%)
----------------- Invoking toplevel() on ptolemy.moml.MoMLSimpleApplication@7ec1755b
----------------- Done invoking toplevel() on ptolemy.moml.MoMLSimpleApplication@7ec1755b
reloadAllAccessors: .PublisherPortSubscriberPortExpression

===========================================================================================
----------------- testing Wed Jun 13 23:02:51 UTC 2018 /home/travis/build/icyphy/ptII/ptolemy/actor/lib/test/auto/PublisherPortSubscriberPortOpaqueD3Reverse.xml
----------------- Instantiating /home/travis/build/icyphy/ptII/ptolemy/actor/lib/test/auto/PublisherPortSubscriberPortOpaqueD3Reverse.xml
6 ms. Memory: 1529344K Free: 969039K (63%)
----------------- Invoking toplevel() on ptolemy.moml.MoMLSimpleApplication@775c8e22
----------------- Done invoking toplevel() on ptolemy.moml.MoMLSimpleApplication@775c8e22
reloadAllAccessors: .PublisherPortSubscriberPortOpaqueD3Reverse

===========================================================================================
----------------- testing Wed Jun 13 23:02:51 UTC 2018 /home/travis/build/icyphy/ptII/ptolemy/actor/lib/test/auto/PublisherPortSubscriberPortOpaqueWidthInference.xml
----------------- Instantiating /home/travis/build/icyphy/ptII/ptolemy/actor/lib/test/auto/PublisherPortSubscriberPortOpaqueWidthInference.xml
4 ms. Memory: 1529344K Free: 954754K (62%)
----------------- Invoking toplevel() on ptolemy.moml.MoMLSimpleApplication@5eb7eeb1
----------------- Done invoking toplevel() on ptolemy.moml.MoMLSimpleApplication@5eb7eeb1
reloadAllAccessors: .PublisherPortSubscriberPortOpaqueWidthInference

===========================================================================================
----------------- testing Wed Jun 13 23:02:51 UTC 2018 /home/travis/build/icyphy/ptII/ptolemy/actor/lib/test/auto/PublisherPortToplevelSubscriberPortAOC.xml
----------------- Instantiating /home/travis/build/icyphy/ptII/ptolemy/actor/lib/test/auto/PublisherPortToplevelSubscriberPortAOC.xml
.PublisherPortToplevelSubscriberPortAOC.TestExceptionAttribute: initialize() was not invoked, but wrapup() was.  This is unusual, but not always a problem.  For example, exporting JNLP will do this.
1 ms. Memory: 1529344K Free: 940470K (61%)
----------------- Invoking toplevel() on ptolemy.moml.MoMLSimpleApplication@567c4bbd
----------------- Done invoking toplevel() on ptolemy.moml.MoMLSimpleApplication@567c4bbd
reloadAllAccessors: .PublisherPortToplevelSubscriberPortAOC

===========================================================================================
----------------- testing Wed Jun 13 23:02:51 UTC 2018 /home/travis/build/icyphy/ptII/ptolemy/actor/lib/test/auto/PublisherSubscriber.xml
----------------- Instantiating /home/travis/build/icyphy/ptII/ptolemy/actor/lib/test/auto/PublisherSubscriber.xml
3 ms. Memory: 1529344K Free: 919743K (60%)
----------------- Invoking toplevel() on ptolemy.moml.MoMLSimpleApplication@662413f8
----------------- Done invoking toplevel() on ptolemy.moml.MoMLSimpleApplication@662413f8
reloadAllAccessors: .PublisherSubscriber

===========================================================================================
----------------- testing Wed Jun 13 23:02:51 UTC 2018 /home/travis/build/icyphy/ptII/ptolemy/actor/lib/test/auto/PublisherSubscriber10.xml
----------------- Instantiating /home/travis/build/icyphy/ptII/ptolemy/actor/lib/test/auto/PublisherSubscriber10.xml
4 ms. Memory: 1529344K Free: 905459K (59%)
----------------- Invoking toplevel() on ptolemy.moml.MoMLSimpleApplication@43074e51
----------------- Done invoking toplevel() on ptolemy.moml.MoMLSimpleApplication@43074e51
reloadAllAccessors: .PublisherSubscriber10

===========================================================================================
----------------- testing Wed Jun 13 23:02:51 UTC 2018 /home/travis/build/icyphy/ptII/ptolemy/actor/lib/test/auto/PublisherSubscriber10InitialOutputs.xml
----------------- Instantiating /home/travis/build/icyphy/ptII/ptolemy/actor/lib/test/auto/PublisherSubscriber10InitialOutputs.xml
5 ms. Memory: 1529344K Free: 891174K (58%)
----------------- Invoking toplevel() on ptolemy.moml.MoMLSimpleApplication@52c934de
----------------- Done invoking toplevel() on ptolemy.moml.MoMLSimpleApplication@52c934de
reloadAllAccessors: .PublisherSubscriber10InitialOutputs

===========================================================================================
----------------- testing Wed Jun 13 23:02:51 UTC 2018 /home/travis/build/icyphy/ptII/ptolemy/actor/lib/test/auto/PublisherSubscriber11.xml
----------------- Instantiating /home/travis/build/icyphy/ptII/ptolemy/actor/lib/test/auto/PublisherSubscriber11.xml
2 ms. Memory: 1529344K Free: 870447K (57%)
----------------- Invoking toplevel() on ptolemy.moml.MoMLSimpleApplication@21138dcc
----------------- Done invoking toplevel() on ptolemy.moml.MoMLSimpleApplication@21138dcc
reloadAllAccessors: .PublisherSubscriber11

===========================================================================================
----------------- testing Wed Jun 13 23:02:51 UTC 2018 /home/travis/build/icyphy/ptII/ptolemy/actor/lib/test/auto/PublisherSubscriber12.xml
----------------- Instantiating /home/travis/build/icyphy/ptII/ptolemy/actor/lib/test/auto/PublisherSubscriber12.xml
8 ms. Memory: 1529344K Free: 856162K (56%)
----------------- Invoking toplevel() on ptolemy.moml.MoMLSimpleApplication@2a41bd9c
----------------- Done invoking toplevel() on ptolemy.moml.MoMLSimpleApplication@2a41bd9c
reloadAllAccessors: .PublisherSubscriber12

===========================================================================================
----------------- testing Wed Jun 13 23:02:51 UTC 2018 /home/travis/build/icyphy/ptII/ptolemy/actor/lib/test/auto/PublisherSubscriber13.xml
----------------- Instantiating /home/travis/build/icyphy/ptII/ptolemy/actor/lib/test/auto/PublisherSubscriber13.xml
2 ms. Memory: 1529344K Free: 835436K (55%)
----------------- Invoking toplevel() on ptolemy.moml.MoMLSimpleApplication@4386f268
----------------- Done invoking toplevel() on ptolemy.moml.MoMLSimpleApplication@4386f268
reloadAllAccessors: .PublisherSubscriber13

===========================================================================================
----------------- testing Wed Jun 13 23:02:51 UTC 2018 /home/travis/build/icyphy/ptII/ptolemy/actor/lib/test/auto/PublisherSubscriber14.xml
----------------- Instantiating /home/travis/build/icyphy/ptII/ptolemy/actor/lib/test/auto/PublisherSubscriber14.xml
6 ms. Memory: 1529344K Free: 821151K (54%)
----------------- Invoking toplevel() on ptolemy.moml.MoMLSimpleApplication@6305bca9
----------------- Done invoking toplevel() on ptolemy.moml.MoMLSimpleApplication@6305bca9
reloadAllAccessors: .PublisherSubscriber14

===========================================================================================
----------------- testing Wed Jun 13 23:02:51 UTC 2018 /home/travis/build/icyphy/ptII/ptolemy/actor/lib/test/auto/PublisherSubscriber2.xml
----------------- Instantiating /home/travis/build/icyphy/ptII/ptolemy/actor/lib/test/auto/PublisherSubscriber2.xml
2 ms. Memory: 1529344K Free: 806866K (53%)
----------------- Invoking toplevel() on ptolemy.moml.MoMLSimpleApplication@b97dc64
----------------- Done invoking toplevel() on ptolemy.moml.MoMLSimpleApplication@b97dc64
reloadAllAccessors: .PublisherSubscriber2

===========================================================================================
----------------- testing Wed Jun 13 23:02:51 UTC 2018 /home/travis/build/icyphy/ptII/ptolemy/actor/lib/test/auto/PublisherSubscriber3.xml
----------------- Instantiating /home/travis/build/icyphy/ptII/ptolemy/actor/lib/test/auto/PublisherSubscriber3.xml
1 ms. Memory: 1529344K Free: 786140K (51%)
----------------- Invoking toplevel() on ptolemy.moml.MoMLSimpleApplication@569cf72a
----------------- Done invoking toplevel() on ptolemy.moml.MoMLSimpleApplication@569cf72a
reloadAllAccessors: .PublisherSubscriber3

===========================================================================================
----------------- testing Wed Jun 13 23:02:51 UTC 2018 /home/travis/build/icyphy/ptII/ptolemy/actor/lib/test/auto/PublisherSubscriber4.xml
----------------- Instantiating /home/travis/build/icyphy/ptII/ptolemy/actor/lib/test/auto/PublisherSubscriber4.xml
2 ms. Memory: 1529344K Free: 771855K (50%)
----------------- Invoking toplevel() on ptolemy.moml.MoMLSimpleApplication@71803be9
----------------- Done invoking toplevel() on ptolemy.moml.MoMLSimpleApplication@71803be9
reloadAllAccessors: .PublisherSubscriber4

===========================================================================================
----------------- testing Wed Jun 13 23:02:51 UTC 2018 /home/travis/build/icyphy/ptII/ptolemy/actor/lib/test/auto/PublisherSubscriber5.xml
----------------- Instantiating /home/travis/build/icyphy/ptII/ptolemy/actor/lib/test/auto/PublisherSubscriber5.xml
2 ms. Memory: 1529344K Free: 757570K (50%)
----------------- Invoking toplevel() on ptolemy.moml.MoMLSimpleApplication@3e46ea17
----------------- Done invoking toplevel() on ptolemy.moml.MoMLSimpleApplication@3e46ea17
reloadAllAccessors: .PublisherSubscriber5

===========================================================================================
----------------- testing Wed Jun 13 23:02:51 UTC 2018 /home/travis/build/icyphy/ptII/ptolemy/actor/lib/test/auto/PublisherSubscriber6.xml
----------------- Instantiating /home/travis/build/icyphy/ptII/ptolemy/actor/lib/test/auto/PublisherSubscriber6.xml
3 ms. Memory: 1529344K Free: 736844K (48%)
----------------- Invoking toplevel() on ptolemy.moml.MoMLSimpleApplication@1671be
----------------- Done invoking toplevel() on ptolemy.moml.MoMLSimpleApplication@1671be
reloadAllAccessors: .PublisherSubscriber6

===========================================================================================
----------------- testing Wed Jun 13 23:02:51 UTC 2018 /home/travis/build/icyphy/ptII/ptolemy/actor/lib/test/auto/PublisherSubscriber7.xml
----------------- Instantiating /home/travis/build/icyphy/ptII/ptolemy/actor/lib/test/auto/PublisherSubscriber7.xml
2 ms. Memory: 1529344K Free: 722559K (47%)
----------------- Invoking toplevel() on ptolemy.moml.MoMLSimpleApplication@402d2b23
----------------- Done invoking toplevel() on ptolemy.moml.MoMLSimpleApplication@402d2b23
reloadAllAccessors: .PublisherSubscriber7

===========================================================================================
----------------- testing Wed Jun 13 23:02:51 UTC 2018 /home/travis/build/icyphy/ptII/ptolemy/actor/lib/test/auto/PublisherSubscriber8.xml
----------------- Instantiating /home/travis/build/icyphy/ptII/ptolemy/actor/lib/test/auto/PublisherSubscriber8.xml
12 ms. Memory: 1529344K Free: 630409K (41%)
----------------- Invoking toplevel() on ptolemy.moml.MoMLSimpleApplication@76e21dea
----------------- Done invoking toplevel() on ptolemy.moml.MoMLSimpleApplication@76e21dea
reloadAllAccessors: .PublisherSubscriber8

===========================================================================================
----------------- testing Wed Jun 13 23:02:51 UTC 2018 /home/travis/build/icyphy/ptII/ptolemy/actor/lib/test/auto/PublisherSubscriber9.xml
----------------- Instantiating /home/travis/build/icyphy/ptII/ptolemy/actor/lib/test/auto/PublisherSubscriber9.xml
3 ms. Memory: 1529344K Free: 616124K (40%)
----------------- Invoking toplevel() on ptolemy.moml.MoMLSimpleApplication@6343a02a
----------------- Done invoking toplevel() on ptolemy.moml.MoMLSimpleApplication@6343a02a
reloadAllAccessors: .PublisherSubscriber9

===========================================================================================
----------------- testing Wed Jun 13 23:02:51 UTC 2018 /home/travis/build/icyphy/ptII/ptolemy/actor/lib/test/auto/PublisherSubscriberAdjacent.xml
----------------- Instantiating /home/travis/build/icyphy/ptII/ptolemy/actor/lib/test/auto/PublisherSubscriberAdjacent.xml
1 ms. Memory: 1529344K Free: 601839K (39%)
----------------- Invoking toplevel() on ptolemy.moml.MoMLSimpleApplication@31457213
----------------- Done invoking toplevel() on ptolemy.moml.MoMLSimpleApplication@31457213
reloadAllAccessors: .PublisherSubscriberAdjacent

===========================================================================================
----------------- testing Wed Jun 13 23:02:51 UTC 2018 /home/travis/build/icyphy/ptII/ptolemy/actor/lib/test/auto/PublisherSubscriberChannelVariablesAOC2.xml
----------------- Instantiating /home/travis/build/icyphy/ptII/ptolemy/actor/lib/test/auto/PublisherSubscriberChannelVariablesAOC2.xml
2 ms. Memory: 1529344K Free: 573962K (38%)
----------------- Invoking toplevel() on ptolemy.moml.MoMLSimpleApplication@18def2f3
----------------- Done invoking toplevel() on ptolemy.moml.MoMLSimpleApplication@18def2f3
reloadAllAccessors: .PublisherSubscriberChannelVariablesAOC2

===========================================================================================
----------------- testing Wed Jun 13 23:02:51 UTC 2018 /home/travis/build/icyphy/ptII/ptolemy/actor/lib/test/auto/PublisherSubscriberD3.xml
----------------- Instantiating /home/travis/build/icyphy/ptII/ptolemy/actor/lib/test/auto/PublisherSubscriberD3.xml
1 ms. Memory: 1529344K Free: 559677K (37%)
----------------- Invoking toplevel() on ptolemy.moml.MoMLSimpleApplication@4eb9a518
----------------- Done invoking toplevel() on ptolemy.moml.MoMLSimpleApplication@4eb9a518
reloadAllAccessors: .PublisherSubscriberD3

===========================================================================================
----------------- testing Wed Jun 13 23:02:51 UTC 2018 /home/travis/build/icyphy/ptII/ptolemy/actor/lib/test/auto/PublisherSubscriberD3Reverse.xml
----------------- Instantiating /home/travis/build/icyphy/ptII/ptolemy/actor/lib/test/auto/PublisherSubscriberD3Reverse.xml
2 ms. Memory: 1529344K Free: 545393K (36%)
----------------- Invoking toplevel() on ptolemy.moml.MoMLSimpleApplication@3f206037
----------------- Done invoking toplevel() on ptolemy.moml.MoMLSimpleApplication@3f206037
reloadAllAccessors: .PublisherSubscriberD3Reverse

===========================================================================================
----------------- testing Wed Jun 13 23:02:52 UTC 2018 /home/travis/build/icyphy/ptII/ptolemy/actor/lib/test/auto/PublisherSubscriberExpression.xml
----------------- Instantiating /home/travis/build/icyphy/ptII/ptolemy/actor/lib/test/auto/PublisherSubscriberExpression.xml
4 ms. Memory: 1529344K Free: 524666K (34%)
----------------- Invoking toplevel() on ptolemy.moml.MoMLSimpleApplication@762af347
----------------- Done invoking toplevel() on ptolemy.moml.MoMLSimpleApplication@762af347
reloadAllAccessors: .PublisherSubscriberExpression

===========================================================================================
----------------- testing Wed Jun 13 23:02:52 UTC 2018 /home/travis/build/icyphy/ptII/ptolemy/actor/lib/test/auto/PublisherSubscriberOpaque.xml
----------------- Instantiating /home/travis/build/icyphy/ptII/ptolemy/actor/lib/test/auto/PublisherSubscriberOpaque.xml
4 ms. Memory: 1529344K Free: 510382K (33%)
----------------- Invoking toplevel() on ptolemy.moml.MoMLSimpleApplication@61c780c0
----------------- Done invoking toplevel() on ptolemy.moml.MoMLSimpleApplication@61c780c0
reloadAllAccessors: .PublisherSubscriberOpaque

===========================================================================================
----------------- testing Wed Jun 13 23:02:52 UTC 2018 /home/travis/build/icyphy/ptII/ptolemy/actor/lib/test/auto/PublisherSubscriberOpaqueD3.xml
----------------- Instantiating /home/travis/build/icyphy/ptII/ptolemy/actor/lib/test/auto/PublisherSubscriberOpaqueD3.xml
5 ms. Memory: 1529344K Free: 482497K (32%)
----------------- Invoking toplevel() on ptolemy.moml.MoMLSimpleApplication@19ca8b5f
----------------- Done invoking toplevel() on ptolemy.moml.MoMLSimpleApplication@19ca8b5f
reloadAllAccessors: .PublisherSubscriberOpaqueD3

===========================================================================================
----------------- testing Wed Jun 13 23:02:52 UTC 2018 /home/travis/build/icyphy/ptII/ptolemy/actor/lib/test/auto/PublisherSubscriberOpaqueD3Reverse.xml
----------------- Instantiating /home/travis/build/icyphy/ptII/ptolemy/actor/lib/test/auto/PublisherSubscriberOpaqueD3Reverse.xml
4 ms. Memory: 1529344K Free: 468212K (31%)
----------------- Invoking toplevel() on ptolemy.moml.MoMLSimpleApplication@2293a2a
----------------- Done invoking toplevel() on ptolemy.moml.MoMLSimpleApplication@2293a2a
reloadAllAccessors: .PublisherSubscriberOpaqueD3Reverse

===========================================================================================
----------------- testing Wed Jun 13 23:02:52 UTC 2018 /home/travis/build/icyphy/ptII/ptolemy/actor/lib/test/auto/PublisherSubscriberOpaqueWidthInference.xml
----------------- Instantiating /home/travis/build/icyphy/ptII/ptolemy/actor/lib/test/auto/PublisherSubscriberOpaqueWidthInference.xml
3 ms. Memory: 1529344K Free: 453927K (30%)
----------------- Invoking toplevel() on ptolemy.moml.MoMLSimpleApplication@575ad261
----------------- Done invoking toplevel() on ptolemy.moml.MoMLSimpleApplication@575ad261
reloadAllAccessors: .PublisherSubscriberOpaqueWidthInference

===========================================================================================
----------------- testing Wed Jun 13 23:02:52 UTC 2018 /home/travis/build/icyphy/ptII/ptolemy/actor/lib/test/auto/PublisherTestSubscriber.xml
----------------- Instantiating /home/travis/build/icyphy/ptII/ptolemy/actor/lib/test/auto/PublisherTestSubscriber.xml
2 ms. Memory: 1529344K Free: 433201K (28%)
----------------- Invoking toplevel() on ptolemy.moml.MoMLSimpleApplication@1a0c30c2
----------------- Done invoking toplevel() on ptolemy.moml.MoMLSimpleApplication@1a0c30c2
reloadAllAccessors: .PublisherTestSubscriber

===========================================================================================
----------------- testing Wed Jun 13 23:02:52 UTC 2018 /home/travis/build/icyphy/ptII/ptolemy/actor/lib/test/auto/PublisherToplevelSubscriberPortAOC.xml
----------------- Instantiating /home/travis/build/icyphy/ptII/ptolemy/actor/lib/test/auto/PublisherToplevelSubscriberPortAOC.xml
2 ms. Memory: 1529344K Free: 418916K (27%)
----------------- Invoking toplevel() on ptolemy.moml.MoMLSimpleApplication@3e136709
----------------- Done invoking toplevel() on ptolemy.moml.MoMLSimpleApplication@3e136709
reloadAllAccessors: .PublisherToplevelSubscriberPortAOC

===========================================================================================
----------------- testing Wed Jun 13 23:02:52 UTC 2018 /home/travis/build/icyphy/ptII/ptolemy/actor/lib/test/auto/PulseFiringLimitDE.xml
----------------- Instantiating /home/travis/build/icyphy/ptII/ptolemy/actor/lib/test/auto/PulseFiringLimitDE.xml
2 ms. Memory: 1529344K Free: 404631K (26%)
----------------- Invoking toplevel() on ptolemy.moml.MoMLSimpleApplication@4d30778c
----------------- Done invoking toplevel() on ptolemy.moml.MoMLSimpleApplication@4d30778c
reloadAllAccessors: .PulseFiringLimitDE

===========================================================================================
----------------- testing Wed Jun 13 23:02:52 UTC 2018 /home/travis/build/icyphy/ptII/ptolemy/actor/lib/test/auto/Ramp1.xml
----------------- Instantiating /home/travis/build/icyphy/ptII/ptolemy/actor/lib/test/auto/Ramp1.xml
1 ms. Memory: 1529344K Free: 383905K (25%)
----------------- Invoking toplevel() on ptolemy.moml.MoMLSimpleApplication@5afdf261
----------------- Done invoking toplevel() on ptolemy.moml.MoMLSimpleApplication@5afdf261
reloadAllAccessors: .Ramp1

===========================================================================================
----------------- testing Wed Jun 13 23:02:52 UTC 2018 /home/travis/build/icyphy/ptII/ptolemy/actor/lib/test/auto/RampFiringLimitDE.xml
----------------- Instantiating /home/travis/build/icyphy/ptII/ptolemy/actor/lib/test/auto/RampFiringLimitDE.xml
2 ms. Memory: 1529344K Free: 369620K (24%)
----------------- Invoking toplevel() on ptolemy.moml.MoMLSimpleApplication@22eda687
----------------- Done invoking toplevel() on ptolemy.moml.MoMLSimpleApplication@22eda687
reloadAllAccessors: .RampFiringLimitDE

===========================================================================================
----------------- testing Wed Jun 13 23:02:52 UTC 2018 /home/travis/build/icyphy/ptII/ptolemy/actor/lib/test/auto/RampFiringLimitSDF.xml
----------------- Instantiating /home/travis/build/icyphy/ptII/ptolemy/actor/lib/test/auto/RampFiringLimitSDF.xml
2 ms. Memory: 1529344K Free: 348894K (23%)
----------------- Invoking toplevel() on ptolemy.moml.MoMLSimpleApplication@2947d9ae
----------------- Done invoking toplevel() on ptolemy.moml.MoMLSimpleApplication@2947d9ae
reloadAllAccessors: .RampFiringLimitSDF

===========================================================================================
----------------- testing Wed Jun 13 23:02:52 UTC 2018 /home/travis/build/icyphy/ptII/ptolemy/actor/lib/test/auto/RandomInteger.xml
----------------- Instantiating /home/travis/build/icyphy/ptII/ptolemy/actor/lib/test/auto/RandomInteger.xml
1 ms. Memory: 1529344K Free: 334609K (22%)
----------------- Invoking toplevel() on ptolemy.moml.MoMLSimpleApplication@37c47587
----------------- Done invoking toplevel() on ptolemy.moml.MoMLSimpleApplication@37c47587
reloadAllAccessors: .RandomInteger

===========================================================================================
----------------- testing Wed Jun 13 23:02:52 UTC 2018 /home/travis/build/icyphy/ptII/ptolemy/actor/lib/test/auto/ReadFile1.xml
----------------- Instantiating /home/travis/build/icyphy/ptII/ptolemy/actor/lib/test/auto/ReadFile1.xml
1 ms. Memory: 1529344K Free: 320324K (21%)
----------------- Invoking toplevel() on ptolemy.moml.MoMLSimpleApplication@2a0ef974
----------------- Done invoking toplevel() on ptolemy.moml.MoMLSimpleApplication@2a0ef974
reloadAllAccessors: .ReadFile1

===========================================================================================
----------------- testing Wed Jun 13 23:02:52 UTC 2018 /home/travis/build/icyphy/ptII/ptolemy/actor/lib/test/auto/ReadFile2.xml
----------------- Instantiating /home/travis/build/icyphy/ptII/ptolemy/actor/lib/test/auto/ReadFile2.xml
1 ms. Memory: 1529344K Free: 299598K (20%)
----------------- Invoking toplevel() on ptolemy.moml.MoMLSimpleApplication@11817ca9
----------------- Done invoking toplevel() on ptolemy.moml.MoMLSimpleApplication@11817ca9
reloadAllAccessors: .ReadFile2

===========================================================================================
----------------- testing Wed Jun 13 23:02:52 UTC 2018 /home/travis/build/icyphy/ptII/ptolemy/actor/lib/test/auto/Reader.xml
----------------- Instantiating /home/travis/build/icyphy/ptII/ptolemy/actor/lib/test/auto/Reader.xml
actor.lib.Reader is obsolete, use actor.lib.io.ExpressionReader instead
6 ms. Memory: 1529344K Free: 285313K (19%)
----------------- Invoking toplevel() on ptolemy.moml.MoMLSimpleApplication@1f481162
----------------- Done invoking toplevel() on ptolemy.moml.MoMLSimpleApplication@1f481162
reloadAllAccessors: .Reader

===========================================================================================
----------------- testing Wed Jun 13 23:02:52 UTC 2018 /home/travis/build/icyphy/ptII/ptolemy/actor/lib/test/auto/RecordAssemblerDisplayNameTest.xml
----------------- Instantiating /home/travis/build/icyphy/ptII/ptolemy/actor/lib/test/auto/RecordAssemblerDisplayNameTest.xml
3008 ms. Memory: 1563136K Free: 461954K (30%)
----------------- Invoking toplevel() on ptolemy.moml.MoMLSimpleApplication@2a121d9e
----------------- Done invoking toplevel() on ptolemy.moml.MoMLSimpleApplication@2a121d9e
reloadAllAccessors: .RecordAssemblerDisplayNameTest

===========================================================================================
----------------- testing Wed Jun 13 23:02:55 UTC 2018 /home/travis/build/icyphy/ptII/ptolemy/actor/lib/test/auto/RecordAssemblerTypeError.xml
----------------- Instantiating /home/travis/build/icyphy/ptII/ptolemy/actor/lib/test/auto/RecordAssemblerTypeError.xml
9 ms. Memory: 1563136K Free: 431283K (28%)
----------------- Invoking toplevel() on ptolemy.moml.MoMLSimpleApplication@596fe26c
----------------- Done invoking toplevel() on ptolemy.moml.MoMLSimpleApplication@596fe26c
reloadAllAccessors: .RecordAssemblerTypeError

===========================================================================================
----------------- testing Wed Jun 13 23:02:55 UTC 2018 /home/travis/build/icyphy/ptII/ptolemy/actor/lib/test/auto/RecordDisassember.xml
----------------- Instantiating /home/travis/build/icyphy/ptII/ptolemy/actor/lib/test/auto/RecordDisassember.xml
3 ms. Memory: 1563136K Free: 416834K (27%)
----------------- Invoking toplevel() on ptolemy.moml.MoMLSimpleApplication@7926bb35
----------------- Done invoking toplevel() on ptolemy.moml.MoMLSimpleApplication@7926bb35
reloadAllAccessors: .RecordDisassember

===========================================================================================
----------------- testing Wed Jun 13 23:02:55 UTC 2018 /home/travis/build/icyphy/ptII/ptolemy/actor/lib/test/auto/RecordDisassemberDisplayNameTest.xml
----------------- Instantiating /home/travis/build/icyphy/ptII/ptolemy/actor/lib/test/auto/RecordDisassemberDisplayNameTest.xml
4 ms. Memory: 1563136K Free: 397054K (25%)
----------------- Invoking toplevel() on ptolemy.moml.MoMLSimpleApplication@19a1f861
----------------- Done invoking toplevel() on ptolemy.moml.MoMLSimpleApplication@19a1f861
reloadAllAccessors: .RecordDisassemberDisplayNameTest

===========================================================================================
----------------- testing Wed Jun 13 23:02:55 UTC 2018 /home/travis/build/icyphy/ptII/ptolemy/actor/lib/test/auto/RecordDisassembler.xml
----------------- Instantiating /home/travis/build/icyphy/ptII/ptolemy/actor/lib/test/auto/RecordDisassembler.xml
2 ms. Memory: 1563136K Free: 382605K (24%)
----------------- Invoking toplevel() on ptolemy.moml.MoMLSimpleApplication@19a7aaad
----------------- Done invoking toplevel() on ptolemy.moml.MoMLSimpleApplication@19a7aaad
reloadAllAccessors: .RecordDisassembler

===========================================================================================
----------------- testing Wed Jun 13 23:02:55 UTC 2018 /home/travis/build/icyphy/ptII/ptolemy/actor/lib/test/auto/RecordDisassembler2.xml
----------------- Instantiating /home/travis/build/icyphy/ptII/ptolemy/actor/lib/test/auto/RecordDisassembler2.xml
3 ms. Memory: 1563136K Free: 362824K (23%)
----------------- Invoking toplevel() on ptolemy.moml.MoMLSimpleApplication@4107cdff
----------------- Done invoking toplevel() on ptolemy.moml.MoMLSimpleApplication@4107cdff
reloadAllAccessors: .RecordDisassembler2

===========================================================================================
----------------- testing Wed Jun 13 23:02:55 UTC 2018 /home/travis/build/icyphy/ptII/ptolemy/actor/lib/test/auto/RecordUpdater.xml
----------------- Instantiating /home/travis/build/icyphy/ptII/ptolemy/actor/lib/test/auto/RecordUpdater.xml
2 ms. Memory: 1563136K Free: 348376K (22%)
----------------- Invoking toplevel() on ptolemy.moml.MoMLSimpleApplication@1e9b78d4
----------------- Done invoking toplevel() on ptolemy.moml.MoMLSimpleApplication@1e9b78d4
reloadAllAccessors: .RecordUpdater

===========================================================================================
----------------- testing Wed Jun 13 23:02:55 UTC 2018 /home/travis/build/icyphy/ptII/ptolemy/actor/lib/test/auto/RecordUpdater2.xml
----------------- Instantiating /home/travis/build/icyphy/ptII/ptolemy/actor/lib/test/auto/RecordUpdater2.xml
1 ms. Memory: 1563136K Free: 328595K (21%)
----------------- Invoking toplevel() on ptolemy.moml.MoMLSimpleApplication@7e08e4fd
----------------- Done invoking toplevel() on ptolemy.moml.MoMLSimpleApplication@7e08e4fd
reloadAllAccessors: .RecordUpdater2

===========================================================================================
----------------- testing Wed Jun 13 23:02:55 UTC 2018 /home/travis/build/icyphy/ptII/ptolemy/actor/lib/test/auto/RecursiveLattice.xml
----------------- Instantiating /home/travis/build/icyphy/ptII/ptolemy/actor/lib/test/auto/RecursiveLattice.xml
1 ms. Memory: 1563136K Free: 314147K (20%)
----------------- Invoking toplevel() on ptolemy.moml.MoMLSimpleApplication@353fd97f
----------------- Done invoking toplevel() on ptolemy.moml.MoMLSimpleApplication@353fd97f
reloadAllAccessors: .RecursiveLattice

===========================================================================================
----------------- testing Wed Jun 13 23:02:55 UTC 2018 /home/travis/build/icyphy/ptII/ptolemy/actor/lib/test/auto/Router.xml
----------------- Instantiating /home/travis/build/icyphy/ptII/ptolemy/actor/lib/test/auto/Router.xml
3003 ms. Memory: 1563136K Free: 294366K (19%)
----------------- Invoking toplevel() on ptolemy.moml.MoMLSimpleApplication@7d0e2771
----------------- Done invoking toplevel() on ptolemy.moml.MoMLSimpleApplication@7d0e2771
reloadAllAccessors: .Router

===========================================================================================
----------------- testing Wed Jun 13 23:02:58 UTC 2018 /home/travis/build/icyphy/ptII/ptolemy/actor/lib/test/auto/Router2.xml
----------------- Instantiating /home/travis/build/icyphy/ptII/ptolemy/actor/lib/test/auto/Router2.xml
3002 ms. Memory: 1563136K Free: 279918K (18%)
----------------- Invoking toplevel() on ptolemy.moml.MoMLSimpleApplication@1f333cbd
----------------- Done invoking toplevel() on ptolemy.moml.MoMLSimpleApplication@1f333cbd
reloadAllAccessors: .Router2

===========================================================================================
----------------- testing Wed Jun 13 23:03:01 UTC 2018 /home/travis/build/icyphy/ptII/ptolemy/actor/lib/test/auto/RunningMaximum.xml
----------------- Instantiating /home/travis/build/icyphy/ptII/ptolemy/actor/lib/test/auto/RunningMaximum.xml
2 ms. Memory: 1563136K Free: 260137K (17%)
----------------- Invoking toplevel() on ptolemy.moml.MoMLSimpleApplication@1a340a25
----------------- Done invoking toplevel() on ptolemy.moml.MoMLSimpleApplication@1a340a25
reloadAllAccessors: .RunningMaximum

===========================================================================================
----------------- testing Wed Jun 13 23:03:01 UTC 2018 /home/travis/build/icyphy/ptII/ptolemy/actor/lib/test/auto/RunningMinimum.xml
----------------- Instantiating /home/travis/build/icyphy/ptII/ptolemy/actor/lib/test/auto/RunningMinimum.xml
2 ms. Memory: 1563136K Free: 245688K (16%)
----------------- Invoking toplevel() on ptolemy.moml.MoMLSimpleApplication@7415b62
----------------- Done invoking toplevel() on ptolemy.moml.MoMLSimpleApplication@7415b62
reloadAllAccessors: .RunningMinimum

===========================================================================================
----------------- testing Wed Jun 13 23:03:01 UTC 2018 /home/travis/build/icyphy/ptII/ptolemy/actor/lib/test/auto/Scale.xml
----------------- Instantiating /home/travis/build/icyphy/ptII/ptolemy/actor/lib/test/auto/Scale.xml
2 ms. Memory: 1563136K Free: 231240K (15%)
----------------- Invoking toplevel() on ptolemy.moml.MoMLSimpleApplication@346aaf34
----------------- Done invoking toplevel() on ptolemy.moml.MoMLSimpleApplication@346aaf34
reloadAllAccessors: .Scale

===========================================================================================
----------------- testing Wed Jun 13 23:03:01 UTC 2018 /home/travis/build/icyphy/ptII/ptolemy/actor/lib/test/auto/Scale2.xml
----------------- Instantiating /home/travis/build/icyphy/ptII/ptolemy/actor/lib/test/auto/Scale2.xml
1 ms. Memory: 1563136K Free: 211459K (14%)
----------------- Invoking toplevel() on ptolemy.moml.MoMLSimpleApplication@716f509
----------------- Done invoking toplevel() on ptolemy.moml.MoMLSimpleApplication@716f509
reloadAllAccessors: .Scale2

===========================================================================================
----------------- testing Wed Jun 13 23:03:01 UTC 2018 /home/travis/build/icyphy/ptII/ptolemy/actor/lib/test/auto/Scale3.xml
----------------- Instantiating /home/travis/build/icyphy/ptII/ptolemy/actor/lib/test/auto/Scale3.xml
2 ms. Memory: 1563136K Free: 197010K (13%)
----------------- Invoking toplevel() on ptolemy.moml.MoMLSimpleApplication@14966620
----------------- Done invoking toplevel() on ptolemy.moml.MoMLSimpleApplication@14966620
reloadAllAccessors: .Scale3

===========================================================================================
----------------- testing Wed Jun 13 23:03:01 UTC 2018 /home/travis/build/icyphy/ptII/ptolemy/actor/lib/test/auto/ScaleArray.xml
----------------- Instantiating /home/travis/build/icyphy/ptII/ptolemy/actor/lib/test/auto/ScaleArray.xml
1 ms. Memory: 1563136K Free: 177230K (11%)
----------------- Invoking toplevel() on ptolemy.moml.MoMLSimpleApplication@1337ced
----------------- Done invoking toplevel() on ptolemy.moml.MoMLSimpleApplication@1337ced
reloadAllAccessors: .ScaleArray

===========================================================================================
----------------- testing Wed Jun 13 23:03:01 UTC 2018 /home/travis/build/icyphy/ptII/ptolemy/actor/lib/test/auto/ScaleArray2.xml
----------------- Instantiating /home/travis/build/icyphy/ptII/ptolemy/actor/lib/test/auto/ScaleArray2.xml
1 ms. Memory: 1563136K Free: 162781K (10%)
----------------- Invoking toplevel() on ptolemy.moml.MoMLSimpleApplication@7548714d
----------------- Done invoking toplevel() on ptolemy.moml.MoMLSimpleApplication@7548714d
reloadAllAccessors: .ScaleArray2

===========================================================================================
----------------- testing Wed Jun 13 23:03:01 UTC 2018 /home/travis/build/icyphy/ptII/ptolemy/actor/lib/test/auto/ScaleMatrix.xml
----------------- Instantiating /home/travis/build/icyphy/ptII/ptolemy/actor/lib/test/auto/ScaleMatrix.xml
95 ms. Memory: 1563136K Free: 135776K (9%)
----------------- Invoking toplevel() on ptolemy.moml.MoMLSimpleApplication@4a3aceef
----------------- Done invoking toplevel() on ptolemy.moml.MoMLSimpleApplication@4a3aceef
reloadAllAccessors: .ScaleMatrix

===========================================================================================
----------------- testing Wed Jun 13 23:03:01 UTC 2018 /home/travis/build/icyphy/ptII/ptolemy/actor/lib/test/auto/Select.xml
----------------- Instantiating /home/travis/build/icyphy/ptII/ptolemy/actor/lib/test/auto/Select.xml
2 ms. Memory: 1563136K Free: 121328K (8%)
----------------- Invoking toplevel() on ptolemy.moml.MoMLSimpleApplication@1da491c5
----------------- Done invoking toplevel() on ptolemy.moml.MoMLSimpleApplication@1da491c5
reloadAllAccessors: .Select

===========================================================================================
----------------- testing Wed Jun 13 23:03:01 UTC 2018 /home/travis/build/icyphy/ptII/ptolemy/actor/lib/test/auto/Select2.xml
----------------- Instantiating /home/travis/build/icyphy/ptII/ptolemy/actor/lib/test/auto/Select2.xml
1 ms. Memory: 1563136K Free: 101547K (6%)
----------------- Invoking toplevel() on ptolemy.moml.MoMLSimpleApplication@5db1f04e
----------------- Done invoking toplevel() on ptolemy.moml.MoMLSimpleApplication@5db1f04e
reloadAllAccessors: .Select2

===========================================================================================
----------------- testing Wed Jun 13 23:03:01 UTC 2018 /home/travis/build/icyphy/ptII/ptolemy/actor/lib/test/auto/SequenceToArray2.xml
----------------- Instantiating /home/travis/build/icyphy/ptII/ptolemy/actor/lib/test/auto/SequenceToArray2.xml
85 ms. Memory: 1691136K Free: 1579636K (93%)
----------------- Invoking toplevel() on ptolemy.moml.MoMLSimpleApplication@52c0e3a6
----------------- Done invoking toplevel() on ptolemy.moml.MoMLSimpleApplication@52c0e3a6
reloadAllAccessors: .SequenceToArray2

===========================================================================================
----------------- testing Wed Jun 13 23:03:01 UTC 2018 /home/travis/build/icyphy/ptII/ptolemy/actor/lib/test/auto/SequentialClock.xml
----------------- Instantiating /home/travis/build/icyphy/ptII/ptolemy/actor/lib/test/auto/SequentialClock.xml
1 ms. Memory: 1691136K Free: 1555500K (92%)
----------------- Invoking toplevel() on ptolemy.moml.MoMLSimpleApplication@30725ce0
----------------- Done invoking toplevel() on ptolemy.moml.MoMLSimpleApplication@30725ce0
reloadAllAccessors: .SequentialClock

===========================================================================================
----------------- testing Wed Jun 13 23:03:01 UTC 2018 /home/travis/build/icyphy/ptII/ptolemy/actor/lib/test/auto/SetVariable.xml
----------------- Instantiating /home/travis/build/icyphy/ptII/ptolemy/actor/lib/test/auto/SetVariable.xml
2 ms. Memory: 1691136K Free: 1535419K (91%)
----------------- Invoking toplevel() on ptolemy.moml.MoMLSimpleApplication@d03f5d1
----------------- Done invoking toplevel() on ptolemy.moml.MoMLSimpleApplication@d03f5d1
reloadAllAccessors: .SetVariable

===========================================================================================
----------------- testing Wed Jun 13 23:03:01 UTC 2018 /home/travis/build/icyphy/ptII/ptolemy/actor/lib/test/auto/SetVariable2.xml
----------------- Instantiating /home/travis/build/icyphy/ptII/ptolemy/actor/lib/test/auto/SetVariable2.xml
2 ms. Memory: 1691136K Free: 1519521K (90%)
----------------- Invoking toplevel() on ptolemy.moml.MoMLSimpleApplication@5ee2fcfb
----------------- Done invoking toplevel() on ptolemy.moml.MoMLSimpleApplication@5ee2fcfb
reloadAllAccessors: .SetVariable2

===========================================================================================
----------------- testing Wed Jun 13 23:03:01 UTC 2018 /home/travis/build/icyphy/ptII/ptolemy/actor/lib/test/auto/SetVariable3.xml
----------------- Instantiating /home/travis/build/icyphy/ptII/ptolemy/actor/lib/test/auto/SetVariable3.xml
7 ms. Memory: 1691136K Free: 1499439K (89%)
----------------- Invoking toplevel() on ptolemy.moml.MoMLSimpleApplication@62eecc7
----------------- Done invoking toplevel() on ptolemy.moml.MoMLSimpleApplication@62eecc7
reloadAllAccessors: .SetVariable3

===========================================================================================
----------------- testing Wed Jun 13 23:03:01 UTC 2018 /home/travis/build/icyphy/ptII/ptolemy/actor/lib/test/auto/SetVariable4.xml
----------------- Instantiating /home/travis/build/icyphy/ptII/ptolemy/actor/lib/test/auto/SetVariable4.xml
11 ms. Memory: 1691136K Free: 1427900K (84%)
----------------- Invoking toplevel() on ptolemy.moml.MoMLSimpleApplication@378cf3fa
----------------- Done invoking toplevel() on ptolemy.moml.MoMLSimpleApplication@378cf3fa
reloadAllAccessors: .SetVariable4

===========================================================================================
----------------- testing Wed Jun 13 23:03:01 UTC 2018 /home/travis/build/icyphy/ptII/ptolemy/actor/lib/test/auto/SetVariable5.xml
----------------- Instantiating /home/travis/build/icyphy/ptII/ptolemy/actor/lib/test/auto/SetVariable5.xml
8 ms. Memory: 1691136K Free: 1407818K (83%)
----------------- Invoking toplevel() on ptolemy.moml.MoMLSimpleApplication@4737a29e
----------------- Done invoking toplevel() on ptolemy.moml.MoMLSimpleApplication@4737a29e
reloadAllAccessors: .SetVariable5

===========================================================================================
----------------- testing Wed Jun 13 23:03:01 UTC 2018 /home/travis/build/icyphy/ptII/ptolemy/actor/lib/test/auto/Sinewave.xml
----------------- Instantiating /home/travis/build/icyphy/ptII/ptolemy/actor/lib/test/auto/Sinewave.xml
9 ms. Memory: 1691136K Free: 1379772K (82%)
----------------- Invoking toplevel() on ptolemy.moml.MoMLSimpleApplication@115dd616
----------------- Done invoking toplevel() on ptolemy.moml.MoMLSimpleApplication@115dd616
reloadAllAccessors: .Sinewave

===========================================================================================
----------------- testing Wed Jun 13 23:03:02 UTC 2018 /home/travis/build/icyphy/ptII/ptolemy/actor/lib/test/auto/Sinewave2.xml
----------------- Instantiating /home/travis/build/icyphy/ptII/ptolemy/actor/lib/test/auto/Sinewave2.xml
6 ms. Memory: 1691136K Free: 1363874K (81%)
----------------- Invoking toplevel() on ptolemy.moml.MoMLSimpleApplication@76af68ad
----------------- Done invoking toplevel() on ptolemy.moml.MoMLSimpleApplication@76af68ad
reloadAllAccessors: .Sinewave2

===========================================================================================
----------------- testing Wed Jun 13 23:03:02 UTC 2018 /home/travis/build/icyphy/ptII/ptolemy/actor/lib/test/auto/Sinewave3.xml
----------------- Instantiating /home/travis/build/icyphy/ptII/ptolemy/actor/lib/test/auto/Sinewave3.xml
7 ms. Memory: 1691136K Free: 1343793K (79%)
----------------- Invoking toplevel() on ptolemy.moml.MoMLSimpleApplication@1b0c026e
----------------- Done invoking toplevel() on ptolemy.moml.MoMLSimpleApplication@1b0c026e
reloadAllAccessors: .Sinewave3

===========================================================================================
----------------- testing Wed Jun 13 23:03:02 UTC 2018 /home/travis/build/icyphy/ptII/ptolemy/actor/lib/test/auto/SingleEvent.xml
----------------- Instantiating /home/travis/build/icyphy/ptII/ptolemy/actor/lib/test/auto/SingleEvent.xml
1 ms. Memory: 1691136K Free: 1327895K (79%)
----------------- Invoking toplevel() on ptolemy.moml.MoMLSimpleApplication@41d172ec
----------------- Done invoking toplevel() on ptolemy.moml.MoMLSimpleApplication@41d172ec
reloadAllAccessors: .SingleEvent

===========================================================================================
----------------- testing Wed Jun 13 23:03:02 UTC 2018 /home/travis/build/icyphy/ptII/ptolemy/actor/lib/test/auto/Sleep.xml
----------------- Instantiating /home/travis/build/icyphy/ptII/ptolemy/actor/lib/test/auto/Sleep.xml
6003 ms. Memory: 1691136K Free: 1307813K (77%)
----------------- Invoking toplevel() on ptolemy.moml.MoMLSimpleApplication@65b0976f
----------------- Done invoking toplevel() on ptolemy.moml.MoMLSimpleApplication@65b0976f
reloadAllAccessors: .Sleep

===========================================================================================
----------------- testing Wed Jun 13 23:03:08 UTC 2018 /home/travis/build/icyphy/ptII/ptolemy/actor/lib/test/auto/SleepMultipleFire.xml
----------------- Instantiating /home/travis/build/icyphy/ptII/ptolemy/actor/lib/test/auto/SleepMultipleFire.xml
1006 ms. Memory: 1691136K Free: 1291916K (76%)
----------------- Invoking toplevel() on ptolemy.moml.MoMLSimpleApplication@68c0c87e
----------------- Done invoking toplevel() on ptolemy.moml.MoMLSimpleApplication@68c0c87e
reloadAllAccessors: .SleepMultipleFire

===========================================================================================
----------------- testing Wed Jun 13 23:03:09 UTC 2018 /home/travis/build/icyphy/ptII/ptolemy/actor/lib/test/auto/StopDE.xml
----------------- Instantiating /home/travis/build/icyphy/ptII/ptolemy/actor/lib/test/auto/StopDE.xml
2 ms. Memory: 1691136K Free: 1271834K (75%)
----------------- Invoking toplevel() on ptolemy.moml.MoMLSimpleApplication@298cebd4
----------------- Done invoking toplevel() on ptolemy.moml.MoMLSimpleApplication@298cebd4
reloadAllAccessors: .StopDE

===========================================================================================
----------------- testing Wed Jun 13 23:03:09 UTC 2018 /home/travis/build/icyphy/ptII/ptolemy/actor/lib/test/auto/StopSDF.xml
----------------- Instantiating /home/travis/build/icyphy/ptII/ptolemy/actor/lib/test/auto/StopSDF.xml
2 ms. Memory: 1691136K Free: 1251753K (74%)
----------------- Invoking toplevel() on ptolemy.moml.MoMLSimpleApplication@1e71d28
----------------- Done invoking toplevel() on ptolemy.moml.MoMLSimpleApplication@1e71d28
reloadAllAccessors: .StopSDF

===========================================================================================
----------------- testing Wed Jun 13 23:03:09 UTC 2018 /home/travis/build/icyphy/ptII/ptolemy/actor/lib/test/auto/StringConstant.xml
----------------- Instantiating /home/travis/build/icyphy/ptII/ptolemy/actor/lib/test/auto/StringConstant.xml
1 ms. Memory: 1691136K Free: 1235855K (73%)
----------------- Invoking toplevel() on ptolemy.moml.MoMLSimpleApplication@12801edc
----------------- Done invoking toplevel() on ptolemy.moml.MoMLSimpleApplication@12801edc
reloadAllAccessors: .StringConstant

===========================================================================================
----------------- testing Wed Jun 13 23:03:09 UTC 2018 /home/travis/build/icyphy/ptII/ptolemy/actor/lib/test/auto/SubscriberPortInitialValues1.xml
----------------- Instantiating /home/travis/build/icyphy/ptII/ptolemy/actor/lib/test/auto/SubscriberPortInitialValues1.xml
5 ms. Memory: 1691136K Free: 1215773K (72%)
----------------- Invoking toplevel() on ptolemy.moml.MoMLSimpleApplication@6f61b5fe
----------------- Done invoking toplevel() on ptolemy.moml.MoMLSimpleApplication@6f61b5fe
reloadAllAccessors: .SubscriberPortInitialValues1

===========================================================================================
----------------- testing Wed Jun 13 23:03:09 UTC 2018 /home/travis/build/icyphy/ptII/ptolemy/actor/lib/test/auto/SubscriberPortInitialValues13.xml
----------------- Instantiating /home/travis/build/icyphy/ptII/ptolemy/actor/lib/test/auto/SubscriberPortInitialValues13.xml
4 ms. Memory: 1691136K Free: 1191927K (70%)
----------------- Invoking toplevel() on ptolemy.moml.MoMLSimpleApplication@26527e08
----------------- Done invoking toplevel() on ptolemy.moml.MoMLSimpleApplication@26527e08
reloadAllAccessors: .SubscriberPortInitialValues13

===========================================================================================
----------------- testing Wed Jun 13 23:03:09 UTC 2018 /home/travis/build/icyphy/ptII/ptolemy/actor/lib/test/auto/SubscriberPortInitialValues14.xml
----------------- Instantiating /home/travis/build/icyphy/ptII/ptolemy/actor/lib/test/auto/SubscriberPortInitialValues14.xml
4 ms. Memory: 1691136K Free: 1171846K (69%)
----------------- Invoking toplevel() on ptolemy.moml.MoMLSimpleApplication@1736d42f
----------------- Done invoking toplevel() on ptolemy.moml.MoMLSimpleApplication@1736d42f
reloadAllAccessors: .SubscriberPortInitialValues14

===========================================================================================
----------------- testing Wed Jun 13 23:03:09 UTC 2018 /home/travis/build/icyphy/ptII/ptolemy/actor/lib/test/auto/SubscriberPortInitialValues2.xml
----------------- Instantiating /home/travis/build/icyphy/ptII/ptolemy/actor/lib/test/auto/SubscriberPortInitialValues2.xml
3 ms. Memory: 1691136K Free: 1151764K (68%)
----------------- Invoking toplevel() on ptolemy.moml.MoMLSimpleApplication@5eb83d45
----------------- Done invoking toplevel() on ptolemy.moml.MoMLSimpleApplication@5eb83d45
reloadAllAccessors: .SubscriberPortInitialValues2

===========================================================================================
----------------- testing Wed Jun 13 23:03:09 UTC 2018 /home/travis/build/icyphy/ptII/ptolemy/actor/lib/test/auto/SubscriberPortInitialValues3.xml
----------------- Instantiating /home/travis/build/icyphy/ptII/ptolemy/actor/lib/test/auto/SubscriberPortInitialValues3.xml
3 ms. Memory: 1691136K Free: 1135866K (67%)
----------------- Invoking toplevel() on ptolemy.moml.MoMLSimpleApplication@38056e39
----------------- Done invoking toplevel() on ptolemy.moml.MoMLSimpleApplication@38056e39
reloadAllAccessors: .SubscriberPortInitialValues3

===========================================================================================
----------------- testing Wed Jun 13 23:03:09 UTC 2018 /home/travis/build/icyphy/ptII/ptolemy/actor/lib/test/auto/SubscriptionAggregator.xml
----------------- Instantiating /home/travis/build/icyphy/ptII/ptolemy/actor/lib/test/auto/SubscriptionAggregator.xml
2 ms. Memory: 1691136K Free: 1115785K (66%)
----------------- Invoking toplevel() on ptolemy.moml.MoMLSimpleApplication@76bad79c
----------------- Done invoking toplevel() on ptolemy.moml.MoMLSimpleApplication@76bad79c
reloadAllAccessors: .SubscriptionAggregator

===========================================================================================
----------------- testing Wed Jun 13 23:03:09 UTC 2018 /home/travis/build/icyphy/ptII/ptolemy/actor/lib/test/auto/SubscriptionAggregator2.xml
----------------- Instantiating /home/travis/build/icyphy/ptII/ptolemy/actor/lib/test/auto/SubscriptionAggregator2.xml
2 ms. Memory: 1691136K Free: 1099887K (65%)
----------------- Invoking toplevel() on ptolemy.moml.MoMLSimpleApplication@6179cab7
----------------- Done invoking toplevel() on ptolemy.moml.MoMLSimpleApplication@6179cab7
reloadAllAccessors: .SubscriptionAggregator2

===========================================================================================
----------------- testing Wed Jun 13 23:03:09 UTC 2018 /home/travis/build/icyphy/ptII/ptolemy/actor/lib/test/auto/SubscriptionAggregator3.xml
----------------- Instantiating /home/travis/build/icyphy/ptII/ptolemy/actor/lib/test/auto/SubscriptionAggregator3.xml
2 ms. Memory: 1691136K Free: 1079806K (64%)
----------------- Invoking toplevel() on ptolemy.moml.MoMLSimpleApplication@c2ac0fa
----------------- Done invoking toplevel() on ptolemy.moml.MoMLSimpleApplication@c2ac0fa
reloadAllAccessors: .SubscriptionAggregator3

===========================================================================================
----------------- testing Wed Jun 13 23:03:09 UTC 2018 /home/travis/build/icyphy/ptII/ptolemy/actor/lib/test/auto/SubscriptionAggregatorMultiply.xml
----------------- Instantiating /home/travis/build/icyphy/ptII/ptolemy/actor/lib/test/auto/SubscriptionAggregatorMultiply.xml
3 ms. Memory: 1691136K Free: 1059724K (63%)
----------------- Invoking toplevel() on ptolemy.moml.MoMLSimpleApplication@725625fb
----------------- Done invoking toplevel() on ptolemy.moml.MoMLSimpleApplication@725625fb
reloadAllAccessors: .SubscriptionAggregatorMultiply

===========================================================================================
----------------- testing Wed Jun 13 23:03:09 UTC 2018 /home/travis/build/icyphy/ptII/ptolemy/actor/lib/test/auto/SubscriptionAggregatorPortMultiply1.xml
----------------- Instantiating /home/travis/build/icyphy/ptII/ptolemy/actor/lib/test/auto/SubscriptionAggregatorPortMultiply1.xml
8 ms. Memory: 1691136K Free: 1043826K (62%)
----------------- Invoking toplevel() on ptolemy.moml.MoMLSimpleApplication@10656ffd
----------------- Done invoking toplevel() on ptolemy.moml.MoMLSimpleApplication@10656ffd
reloadAllAccessors: .SubscriptionAggregatorPortMultiply1

===========================================================================================
----------------- testing Wed Jun 13 23:03:09 UTC 2018 /home/travis/build/icyphy/ptII/ptolemy/actor/lib/test/auto/Switch.xml
----------------- Instantiating /home/travis/build/icyphy/ptII/ptolemy/actor/lib/test/auto/Switch.xml
3 ms. Memory: 1691136K Free: 976014K (58%)
----------------- Invoking toplevel() on ptolemy.moml.MoMLSimpleApplication@1128490a
----------------- Done invoking toplevel() on ptolemy.moml.MoMLSimpleApplication@1128490a
reloadAllAccessors: .Switch

===========================================================================================
----------------- testing Wed Jun 13 23:03:09 UTC 2018 /home/travis/build/icyphy/ptII/ptolemy/actor/lib/test/auto/Switch2.xml
----------------- Instantiating /home/travis/build/icyphy/ptII/ptolemy/actor/lib/test/auto/Switch2.xml
1 ms. Memory: 1691136K Free: 960116K (57%)
----------------- Invoking toplevel() on ptolemy.moml.MoMLSimpleApplication@7038befb
----------------- Done invoking toplevel() on ptolemy.moml.MoMLSimpleApplication@7038befb
reloadAllAccessors: .Switch2

===========================================================================================
----------------- testing Wed Jun 13 23:03:09 UTC 2018 /home/travis/build/icyphy/ptII/ptolemy/actor/lib/test/auto/SwitchDE.xml
----------------- Instantiating /home/travis/build/icyphy/ptII/ptolemy/actor/lib/test/auto/SwitchDE.xml
2 ms. Memory: 1691136K Free: 940034K (56%)
----------------- Invoking toplevel() on ptolemy.moml.MoMLSimpleApplication@6df2944e
----------------- Done invoking toplevel() on ptolemy.moml.MoMLSimpleApplication@6df2944e
reloadAllAccessors: .SwitchDE

===========================================================================================
----------------- testing Wed Jun 13 23:03:09 UTC 2018 /home/travis/build/icyphy/ptII/ptolemy/actor/lib/test/auto/SynchronizerDE.xml
----------------- Instantiating /home/travis/build/icyphy/ptII/ptolemy/actor/lib/test/auto/SynchronizerDE.xml
3 ms. Memory: 1691136K Free: 924137K (55%)
----------------- Invoking toplevel() on ptolemy.moml.MoMLSimpleApplication@791cac7b
----------------- Done invoking toplevel() on ptolemy.moml.MoMLSimpleApplication@791cac7b
reloadAllAccessors: .SynchronizerDE

===========================================================================================
----------------- testing Wed Jun 13 23:03:09 UTC 2018 /home/travis/build/icyphy/ptII/ptolemy/actor/lib/test/auto/Test.xml
----------------- Instantiating /home/travis/build/icyphy/ptII/ptolemy/actor/lib/test/auto/Test.xml
2 ms. Memory: 1691136K Free: 904055K (53%)
----------------- Invoking toplevel() on ptolemy.moml.MoMLSimpleApplication@13b482b7
----------------- Done invoking toplevel() on ptolemy.moml.MoMLSimpleApplication@13b482b7
reloadAllAccessors: .Test

===========================================================================================
----------------- testing Wed Jun 13 23:03:09 UTC 2018 /home/travis/build/icyphy/ptII/ptolemy/actor/lib/test/auto/TestExceptionAttribute1.xml
----------------- Instantiating /home/travis/build/icyphy/ptII/ptolemy/actor/lib/test/auto/TestExceptionAttribute1.xml
1 ms. Memory: 1691136K Free: 883973K (52%)
----------------- Invoking toplevel() on ptolemy.moml.MoMLSimpleApplication@620c10a2
----------------- Done invoking toplevel() on ptolemy.moml.MoMLSimpleApplication@620c10a2
reloadAllAccessors: .TestExceptionAttribute1

===========================================================================================
----------------- testing Wed Jun 13 23:03:09 UTC 2018 /home/travis/build/icyphy/ptII/ptolemy/actor/lib/test/auto/TestExceptionAttribute2.xml
----------------- Instantiating /home/travis/build/icyphy/ptII/ptolemy/actor/lib/test/auto/TestExceptionAttribute2.xml
1 ms. Memory: 1691136K Free: 868076K (51%)
----------------- Invoking toplevel() on ptolemy.moml.MoMLSimpleApplication@7fb9bdf5
----------------- Done invoking toplevel() on ptolemy.moml.MoMLSimpleApplication@7fb9bdf5
reloadAllAccessors: .TestExceptionAttribute2

===========================================================================================
----------------- testing Wed Jun 13 23:03:09 UTC 2018 /home/travis/build/icyphy/ptII/ptolemy/actor/lib/test/auto/TestExceptionAttribute3.xml
----------------- Instantiating /home/travis/build/icyphy/ptII/ptolemy/actor/lib/test/auto/TestExceptionAttribute3.xml
.TestExceptionAttribute3.TestExceptionAttribute: initialize() was not invoked, but wrapup() was.  This is unusual, but not always a problem.  For example, exporting JNLP will do this.
1 ms. Memory: 1691136K Free: 847994K (50%)
----------------- Invoking toplevel() on ptolemy.moml.MoMLSimpleApplication@7be14049
----------------- Done invoking toplevel() on ptolemy.moml.MoMLSimpleApplication@7be14049
reloadAllAccessors: .TestExceptionAttribute3

===========================================================================================
----------------- testing Wed Jun 13 23:03:09 UTC 2018 /home/travis/build/icyphy/ptII/ptolemy/actor/lib/test/auto/TestExceptionAttribute4.xml
----------------- Instantiating /home/travis/build/icyphy/ptII/ptolemy/actor/lib/test/auto/TestExceptionAttribute4.xml
.TestExceptionAttribute4.TestExceptionAttribute: initialize() was not invoked, but wrapup() was.  This is unusual, but not always a problem.  For example, exporting JNLP will do this.
.TestExceptionAttribute4.TestExceptionAttribute2: initialize() was not invoked, but wrapup() was.  This is unusual, but not always a problem.  For example, exporting JNLP will do this.
1 ms. Memory: 1691136K Free: 832096K (49%)
----------------- Invoking toplevel() on ptolemy.moml.MoMLSimpleApplication@1cd28a20
----------------- Done invoking toplevel() on ptolemy.moml.MoMLSimpleApplication@1cd28a20
reloadAllAccessors: .TestExceptionAttribute4

===========================================================================================
----------------- testing Wed Jun 13 23:03:09 UTC 2018 /home/travis/build/icyphy/ptII/ptolemy/actor/lib/test/auto/TestExceptionHandler1.xml
----------------- Instantiating /home/travis/build/icyphy/ptII/ptolemy/actor/lib/test/auto/TestExceptionHandler1.xml
1 ms. Memory: 1691136K Free: 812014K (48%)
----------------- Invoking toplevel() on ptolemy.moml.MoMLSimpleApplication@14d4d913
----------------- Done invoking toplevel() on ptolemy.moml.MoMLSimpleApplication@14d4d913
reloadAllAccessors: .TestExceptionHandler1

===========================================================================================
----------------- testing Wed Jun 13 23:03:09 UTC 2018 /home/travis/build/icyphy/ptII/ptolemy/actor/lib/test/auto/TestExceptionHandler2.xml
----------------- Instantiating /home/travis/build/icyphy/ptII/ptolemy/actor/lib/test/auto/TestExceptionHandler2.xml
1 ms. Memory: 1691136K Free: 791933K (47%)
----------------- Invoking toplevel() on ptolemy.moml.MoMLSimpleApplication@5c05aad7
----------------- Done invoking toplevel() on ptolemy.moml.MoMLSimpleApplication@5c05aad7
reloadAllAccessors: .TestExceptionHandler2

===========================================================================================
----------------- testing Wed Jun 13 23:03:09 UTC 2018 /home/travis/build/icyphy/ptII/ptolemy/actor/lib/test/auto/TestExceptionHandler3.xml
----------------- Instantiating /home/travis/build/icyphy/ptII/ptolemy/actor/lib/test/auto/TestExceptionHandler3.xml
0 ms. Memory: 1691136K Free: 776035K (46%)
----------------- Invoking toplevel() on ptolemy.moml.MoMLSimpleApplication@53bc97bc
----------------- Done invoking toplevel() on ptolemy.moml.MoMLSimpleApplication@53bc97bc
reloadAllAccessors: .TestExceptionHandler3

===========================================================================================
----------------- testing Wed Jun 13 23:03:09 UTC 2018 /home/travis/build/icyphy/ptII/ptolemy/actor/lib/test/auto/TestExceptionHandler4.xml
----------------- Instantiating /home/travis/build/icyphy/ptII/ptolemy/actor/lib/test/auto/TestExceptionHandler4.xml
1 ms. Memory: 1691136K Free: 755954K (45%)
----------------- Invoking toplevel() on ptolemy.moml.MoMLSimpleApplication@55ecd271
----------------- Done invoking toplevel() on ptolemy.moml.MoMLSimpleApplication@55ecd271
reloadAllAccessors: .TestExceptionHandler4

===========================================================================================
----------------- testing Wed Jun 13 23:03:09 UTC 2018 /home/travis/build/icyphy/ptII/ptolemy/actor/lib/test/auto/TestRequireCorrectOrder.xml
----------------- Instantiating /home/travis/build/icyphy/ptII/ptolemy/actor/lib/test/auto/TestRequireCorrectOrder.xml
2 ms. Memory: 1691136K Free: 740056K (44%)
----------------- Invoking toplevel() on ptolemy.moml.MoMLSimpleApplication@29040e4e
----------------- Done invoking toplevel() on ptolemy.moml.MoMLSimpleApplication@29040e4e
reloadAllAccessors: .TestRequireCorrectOrder

===========================================================================================
----------------- testing Wed Jun 13 23:03:09 UTC 2018 /home/travis/build/icyphy/ptII/ptolemy/actor/lib/test/auto/TestSimple.xml
----------------- Instantiating /home/travis/build/icyphy/ptII/ptolemy/actor/lib/test/auto/TestSimple.xml
1 ms. Memory: 1691136K Free: 719974K (43%)
----------------- Invoking toplevel() on ptolemy.moml.MoMLSimpleApplication@556457c5
----------------- Done invoking toplevel() on ptolemy.moml.MoMLSimpleApplication@556457c5
reloadAllAccessors: .TestSimple

===========================================================================================
----------------- testing Wed Jun 13 23:03:09 UTC 2018 /home/travis/build/icyphy/ptII/ptolemy/actor/lib/test/auto/ThrowModelError.xml
----------------- Instantiating /home/travis/build/icyphy/ptII/ptolemy/actor/lib/test/auto/ThrowModelError.xml
1 ms. Memory: 1691136K Free: 699893K (41%)
----------------- Invoking toplevel() on ptolemy.moml.MoMLSimpleApplication@c3fe44b
----------------- Done invoking toplevel() on ptolemy.moml.MoMLSimpleApplication@c3fe44b
reloadAllAccessors: .ThrowModelError

===========================================================================================
----------------- testing Wed Jun 13 23:03:09 UTC 2018 /home/travis/build/icyphy/ptII/ptolemy/actor/lib/test/auto/TimeDelayMicrosteps.xml
----------------- Instantiating /home/travis/build/icyphy/ptII/ptolemy/actor/lib/test/auto/TimeDelayMicrosteps.xml
2 ms. Memory: 1691136K Free: 683995K (40%)
----------------- Invoking toplevel() on ptolemy.moml.MoMLSimpleApplication@7de48d5c
----------------- Done invoking toplevel() on ptolemy.moml.MoMLSimpleApplication@7de48d5c
reloadAllAccessors: .TimeDelayMicrosteps

===========================================================================================
----------------- testing Wed Jun 13 23:03:09 UTC 2018 /home/travis/build/icyphy/ptII/ptolemy/actor/lib/test/auto/TimeDelayMicrosteps2.xml
----------------- Instantiating /home/travis/build/icyphy/ptII/ptolemy/actor/lib/test/auto/TimeDelayMicrosteps2.xml
2 ms. Memory: 1691136K Free: 663913K (39%)
----------------- Invoking toplevel() on ptolemy.moml.MoMLSimpleApplication@384b2950
----------------- Done invoking toplevel() on ptolemy.moml.MoMLSimpleApplication@384b2950
reloadAllAccessors: .TimeDelayMicrosteps2

===========================================================================================
----------------- testing Wed Jun 13 23:03:09 UTC 2018 /home/travis/build/icyphy/ptII/ptolemy/actor/lib/test/auto/TimeDelayMicrosteps3.xml
----------------- Instantiating /home/travis/build/icyphy/ptII/ptolemy/actor/lib/test/auto/TimeDelayMicrosteps3.xml
3 ms. Memory: 1691136K Free: 648015K (38%)
----------------- Invoking toplevel() on ptolemy.moml.MoMLSimpleApplication@1842d092
----------------- Done invoking toplevel() on ptolemy.moml.MoMLSimpleApplication@1842d092
reloadAllAccessors: .TimeDelayMicrosteps3

===========================================================================================
----------------- testing Wed Jun 13 23:03:09 UTC 2018 /home/travis/build/icyphy/ptII/ptolemy/actor/lib/test/auto/TimeDelayVariableMicrosteps.xml
----------------- Instantiating /home/travis/build/icyphy/ptII/ptolemy/actor/lib/test/auto/TimeDelayVariableMicrosteps.xml
2 ms. Memory: 1691136K Free: 627934K (37%)
----------------- Invoking toplevel() on ptolemy.moml.MoMLSimpleApplication@73f35291
----------------- Done invoking toplevel() on ptolemy.moml.MoMLSimpleApplication@73f35291
reloadAllAccessors: .TimeDelayVariableMicrosteps

===========================================================================================
----------------- testing Wed Jun 13 23:03:09 UTC 2018 /home/travis/build/icyphy/ptII/ptolemy/actor/lib/test/auto/TimeGap.xml
----------------- Instantiating /home/travis/build/icyphy/ptII/ptolemy/actor/lib/test/auto/TimeGap.xml
2 ms. Memory: 1691136K Free: 607852K (36%)
----------------- Invoking toplevel() on ptolemy.moml.MoMLSimpleApplication@18a0e4b2
----------------- Done invoking toplevel() on ptolemy.moml.MoMLSimpleApplication@18a0e4b2
reloadAllAccessors: .TimeGap

===========================================================================================
----------------- testing Wed Jun 13 23:03:09 UTC 2018 /home/travis/build/icyphy/ptII/ptolemy/actor/lib/test/auto/TimeGap2.xml
----------------- Instantiating /home/travis/build/icyphy/ptII/ptolemy/actor/lib/test/auto/TimeGap2.xml
3 ms. Memory: 1691136K Free: 591954K (35%)
----------------- Invoking toplevel() on ptolemy.moml.MoMLSimpleApplication@1b9c6a8b
----------------- Done invoking toplevel() on ptolemy.moml.MoMLSimpleApplication@1b9c6a8b
reloadAllAccessors: .TimeGap2

===========================================================================================
----------------- testing Wed Jun 13 23:03:09 UTC 2018 /home/travis/build/icyphy/ptII/ptolemy/actor/lib/test/auto/TimedSinewave.xml
----------------- Instantiating /home/travis/build/icyphy/ptII/ptolemy/actor/lib/test/auto/TimedSinewave.xml
21 ms. Memory: 1691136K Free: 563924K (33%)
----------------- Invoking toplevel() on ptolemy.moml.MoMLSimpleApplication@6ce19455
----------------- Done invoking toplevel() on ptolemy.moml.MoMLSimpleApplication@6ce19455
reloadAllAccessors: .TimedSinewave

===========================================================================================
----------------- testing Wed Jun 13 23:03:09 UTC 2018 /home/travis/build/icyphy/ptII/ptolemy/actor/lib/test/auto/TimedSinewavePhase.xml
----------------- Instantiating /home/travis/build/icyphy/ptII/ptolemy/actor/lib/test/auto/TimedSinewavePhase.xml
9 ms. Memory: 1691136K Free: 548026K (32%)
----------------- Invoking toplevel() on ptolemy.moml.MoMLSimpleApplication@7286745e
----------------- Done invoking toplevel() on ptolemy.moml.MoMLSimpleApplication@7286745e
reloadAllAccessors: .TimedSinewavePhase

===========================================================================================
----------------- testing Wed Jun 13 23:03:09 UTC 2018 /home/travis/build/icyphy/ptII/ptolemy/actor/lib/test/auto/Timer.xml
----------------- Instantiating /home/travis/build/icyphy/ptII/ptolemy/actor/lib/test/auto/Timer.xml
2 ms. Memory: 1691136K Free: 527945K (31%)
----------------- Invoking toplevel() on ptolemy.moml.MoMLSimpleApplication@2b7f4e4a
----------------- Done invoking toplevel() on ptolemy.moml.MoMLSimpleApplication@2b7f4e4a
reloadAllAccessors: .Timer

===========================================================================================
----------------- testing Wed Jun 13 23:03:09 UTC 2018 /home/travis/build/icyphy/ptII/ptolemy/actor/lib/test/auto/TriangularDistTestModel.xml
----------------- Instantiating /home/travis/build/icyphy/ptII/ptolemy/actor/lib/test/auto/TriangularDistTestModel.xml
2 ms. Memory: 1691136K Free: 507863K (30%)
----------------- Invoking toplevel() on ptolemy.moml.MoMLSimpleApplication@3fcb4273
----------------- Done invoking toplevel() on ptolemy.moml.MoMLSimpleApplication@3fcb4273
reloadAllAccessors: .TriangularDistTestModel

===========================================================================================
----------------- testing Wed Jun 13 23:03:09 UTC 2018 /home/travis/build/icyphy/ptII/ptolemy/actor/lib/test/auto/TrigFunction.xml
----------------- Instantiating /home/travis/build/icyphy/ptII/ptolemy/actor/lib/test/auto/TrigFunction.xml
3 ms. Memory: 1691136K Free: 491965K (29%)
----------------- Invoking toplevel() on ptolemy.moml.MoMLSimpleApplication@7136d744
----------------- Done invoking toplevel() on ptolemy.moml.MoMLSimpleApplication@7136d744
reloadAllAccessors: .TrigFunction

===========================================================================================
----------------- testing Wed Jun 13 23:03:09 UTC 2018 /home/travis/build/icyphy/ptII/ptolemy/actor/lib/test/auto/TrigFunctionDE.xml
----------------- Instantiating /home/travis/build/icyphy/ptII/ptolemy/actor/lib/test/auto/TrigFunctionDE.xml
2 ms. Memory: 1691136K Free: 471884K (28%)
----------------- Invoking toplevel() on ptolemy.moml.MoMLSimpleApplication@42e5c476
----------------- Done invoking toplevel() on ptolemy.moml.MoMLSimpleApplication@42e5c476
reloadAllAccessors: .TrigFunctionDE

===========================================================================================
----------------- testing Wed Jun 13 23:03:09 UTC 2018 /home/travis/build/icyphy/ptII/ptolemy/actor/lib/test/auto/TrigFunctionInverse.xml
----------------- Instantiating /home/travis/build/icyphy/ptII/ptolemy/actor/lib/test/auto/TrigFunctionInverse.xml
3 ms. Memory: 1691136K Free: 455986K (27%)
----------------- Invoking toplevel() on ptolemy.moml.MoMLSimpleApplication@4eb2170
----------------- Done invoking toplevel() on ptolemy.moml.MoMLSimpleApplication@4eb2170
reloadAllAccessors: .TrigFunctionInverse

===========================================================================================
----------------- testing Wed Jun 13 23:03:09 UTC 2018 /home/travis/build/icyphy/ptII/ptolemy/actor/lib/test/auto/TrigFunctionTan.xml
----------------- Instantiating /home/travis/build/icyphy/ptII/ptolemy/actor/lib/test/auto/TrigFunctionTan.xml
1 ms. Memory: 1691136K Free: 435904K (26%)
----------------- Invoking toplevel() on ptolemy.moml.MoMLSimpleApplication@28c20f52
----------------- Done invoking toplevel() on ptolemy.moml.MoMLSimpleApplication@28c20f52
reloadAllAccessors: .TrigFunctionTan

===========================================================================================
----------------- testing Wed Jun 13 23:03:09 UTC 2018 /home/travis/build/icyphy/ptII/ptolemy/actor/lib/test/auto/TriggeredClock.xml
----------------- Instantiating /home/travis/build/icyphy/ptII/ptolemy/actor/lib/test/auto/TriggeredClock.xml
1 ms. Memory: 1691136K Free: 415823K (25%)
----------------- Invoking toplevel() on ptolemy.moml.MoMLSimpleApplication@5970f5d2
----------------- Done invoking toplevel() on ptolemy.moml.MoMLSimpleApplication@5970f5d2
reloadAllAccessors: .TriggeredClock

===========================================================================================
----------------- testing Wed Jun 13 23:03:09 UTC 2018 /home/travis/build/icyphy/ptII/ptolemy/actor/lib/test/auto/URLDirectoryReader.xml
----------------- Instantiating /home/travis/build/icyphy/ptII/ptolemy/actor/lib/test/auto/URLDirectoryReader.xml
22 ms. Memory: 1691136K Free: 399925K (24%)
----------------- Invoking toplevel() on ptolemy.moml.MoMLSimpleApplication@e4e241f
----------------- Done invoking toplevel() on ptolemy.moml.MoMLSimpleApplication@e4e241f
reloadAllAccessors: .URLDirectoryReader

===========================================================================================
----------------- testing Wed Jun 13 23:03:10 UTC 2018 /home/travis/build/icyphy/ptII/ptolemy/actor/lib/test/auto/URLDirectoryReader3.xml
----------------- Instantiating /home/travis/build/icyphy/ptII/ptolemy/actor/lib/test/auto/URLDirectoryReader3.xml
1044 ms. Memory: 1691136K Free: 339843K (20%)
----------------- Invoking toplevel() on ptolemy.moml.MoMLSimpleApplication@1fe857cb
----------------- Done invoking toplevel() on ptolemy.moml.MoMLSimpleApplication@1fe857cb
reloadAllAccessors: .URLDirectoryReader3

===========================================================================================
----------------- testing Wed Jun 13 23:03:11 UTC 2018 /home/travis/build/icyphy/ptII/ptolemy/actor/lib/test/auto/UnaryMathFunction.xml
----------------- Instantiating /home/travis/build/icyphy/ptII/ptolemy/actor/lib/test/auto/UnaryMathFunction.xml
2 ms. Memory: 1691136K Free: 323945K (19%)
----------------- Invoking toplevel() on ptolemy.moml.MoMLSimpleApplication@67cefa97
----------------- Done invoking toplevel() on ptolemy.moml.MoMLSimpleApplication@67cefa97
reloadAllAccessors: .UnaryMathFunction

===========================================================================================
----------------- testing Wed Jun 13 23:03:11 UTC 2018 /home/travis/build/icyphy/ptII/ptolemy/actor/lib/test/auto/Uniform.xml
----------------- Instantiating /home/travis/build/icyphy/ptII/ptolemy/actor/lib/test/auto/Uniform.xml
2 ms. Memory: 1691136K Free: 303863K (18%)
----------------- Invoking toplevel() on ptolemy.moml.MoMLSimpleApplication@9acbf59
----------------- Done invoking toplevel() on ptolemy.moml.MoMLSimpleApplication@9acbf59
reloadAllAccessors: .Uniform

===========================================================================================
----------------- testing Wed Jun 13 23:03:11 UTC 2018 /home/travis/build/icyphy/ptII/ptolemy/actor/lib/test/auto/UnionDisassemblerTest.xml
----------------- Instantiating /home/travis/build/icyphy/ptII/ptolemy/actor/lib/test/auto/UnionDisassemblerTest.xml
6 ms. Memory: 1691136K Free: 283782K (17%)
----------------- Invoking toplevel() on ptolemy.moml.MoMLSimpleApplication@10d8f9a8
----------------- Done invoking toplevel() on ptolemy.moml.MoMLSimpleApplication@10d8f9a8
reloadAllAccessors: .UnionDisassemblerTest

===========================================================================================
----------------- testing Wed Jun 13 23:03:11 UTC 2018 /home/travis/build/icyphy/ptII/ptolemy/actor/lib/test/auto/UtilityFunctions.xml
----------------- Instantiating /home/travis/build/icyphy/ptII/ptolemy/actor/lib/test/auto/UtilityFunctions.xml
1 ms. Memory: 1691136K Free: 267884K (16%)
----------------- Invoking toplevel() on ptolemy.moml.MoMLSimpleApplication@19d4fb5d
----------------- Done invoking toplevel() on ptolemy.moml.MoMLSimpleApplication@19d4fb5d
reloadAllAccessors: .UtilityFunctions

===========================================================================================
----------------- testing Wed Jun 13 23:03:11 UTC 2018 /home/travis/build/icyphy/ptII/ptolemy/actor/lib/test/auto/VariableSleep.xml
----------------- Instantiating /home/travis/build/icyphy/ptII/ptolemy/actor/lib/test/auto/VariableSleep.xml
503 ms. Memory: 1691136K Free: 247803K (15%)
----------------- Invoking toplevel() on ptolemy.moml.MoMLSimpleApplication@3a5fe143
----------------- Done invoking toplevel() on ptolemy.moml.MoMLSimpleApplication@3a5fe143
reloadAllAccessors: .VariableSleep

===========================================================================================
----------------- testing Wed Jun 13 23:03:11 UTC 2018 /home/travis/build/icyphy/ptII/ptolemy/actor/lib/test/auto/VectorAssemblerDisassemblerCT.xml
----------------- Instantiating /home/travis/build/icyphy/ptII/ptolemy/actor/lib/test/auto/VectorAssemblerDisassemblerCT.xml
69 ms. Memory: 1691136K Free: 215991K (13%)
----------------- Invoking toplevel() on ptolemy.moml.MoMLSimpleApplication@226d8542
----------------- Done invoking toplevel() on ptolemy.moml.MoMLSimpleApplication@226d8542
reloadAllAccessors: .VectorAssemblerDisassemblerCT

===========================================================================================
----------------- testing Wed Jun 13 23:03:12 UTC 2018 /home/travis/build/icyphy/ptII/ptolemy/actor/lib/test/auto/VectorAssemblerDisassemblerDE.xml
----------------- Instantiating /home/travis/build/icyphy/ptII/ptolemy/actor/lib/test/auto/VectorAssemblerDisassemblerDE.xml
2 ms. Memory: 1691136K Free: 195909K (12%)
----------------- Invoking toplevel() on ptolemy.moml.MoMLSimpleApplication@61725961
----------------- Done invoking toplevel() on ptolemy.moml.MoMLSimpleApplication@61725961
reloadAllAccessors: .VectorAssemblerDisassemblerDE

===========================================================================================
----------------- testing Wed Jun 13 23:03:12 UTC 2018 /home/travis/build/icyphy/ptII/ptolemy/actor/lib/test/auto/VectorAssemblerDisassemblerSDF.xml
----------------- Instantiating /home/travis/build/icyphy/ptII/ptolemy/actor/lib/test/auto/VectorAssemblerDisassemblerSDF.xml
3 ms. Memory: 1691136K Free: 175828K (10%)
----------------- Invoking toplevel() on ptolemy.moml.MoMLSimpleApplication@25c704fe
----------------- Done invoking toplevel() on ptolemy.moml.MoMLSimpleApplication@25c704fe
reloadAllAccessors: .VectorAssemblerDisassemblerSDF

===========================================================================================
----------------- testing Wed Jun 13 23:03:12 UTC 2018 /home/travis/build/icyphy/ptII/ptolemy/actor/lib/test/auto/WallClockTime.xml
----------------- Instantiating /home/travis/build/icyphy/ptII/ptolemy/actor/lib/test/auto/WallClockTime.xml
1005 ms. Memory: 1691136K Free: 159930K (9%)
----------------- Invoking toplevel() on ptolemy.moml.MoMLSimpleApplication@12160199
----------------- Done invoking toplevel() on ptolemy.moml.MoMLSimpleApplication@12160199
reloadAllAccessors: .WallClockTime

===========================================================================================
----------------- testing Wed Jun 13 23:03:13 UTC 2018 /home/travis/build/icyphy/ptII/ptolemy/actor/lib/test/auto/WidthTestWithSubscriberPublisher.xml
----------------- Instantiating /home/travis/build/icyphy/ptII/ptolemy/actor/lib/test/auto/WidthTestWithSubscriberPublisher.xml
7 ms. Memory: 1691136K Free: 123919K (7%)
----------------- Invoking toplevel() on ptolemy.moml.MoMLSimpleApplication@77678021
----------------- Done invoking toplevel() on ptolemy.moml.MoMLSimpleApplication@77678021
reloadAllAccessors: .WidthTestWithSubscriberPublisher

===========================================================================================
----------------- testing Wed Jun 13 23:03:13 UTC 2018 /home/travis/build/icyphy/ptII/ptolemy/actor/lib/test/auto/WidthTestWithSubscriberPublisher2.xml
----------------- Instantiating /home/travis/build/icyphy/ptII/ptolemy/actor/lib/test/auto/WidthTestWithSubscriberPublisher2.xml
3 ms. Memory: 1691136K Free: 108021K (6%)
----------------- Invoking toplevel() on ptolemy.moml.MoMLSimpleApplication@38f0a9f6
----------------- Done invoking toplevel() on ptolemy.moml.MoMLSimpleApplication@38f0a9f6
reloadAllAccessors: .WidthTestWithSubscriberPublisher2

===========================================================================================
----------------- testing Wed Jun 13 23:03:13 UTC 2018 /home/travis/build/icyphy/ptII/ptolemy/actor/lib/test/auto/WidthTestWithSubscriberPublisher3.xml
----------------- Instantiating /home/travis/build/icyphy/ptII/ptolemy/actor/lib/test/auto/WidthTestWithSubscriberPublisher3.xml
3 ms. Memory: 1691136K Free: 87940K (5%)
----------------- Invoking toplevel() on ptolemy.moml.MoMLSimpleApplication@1a9dfd7f
----------------- Done invoking toplevel() on ptolemy.moml.MoMLSimpleApplication@1a9dfd7f
reloadAllAccessors: .WidthTestWithSubscriberPublisher3

===========================================================================================
----------------- testing Wed Jun 13 23:03:13 UTC 2018 /home/travis/build/icyphy/ptII/ptolemy/actor/lib/test/auto/Writer.xml
----------------- Instantiating /home/travis/build/icyphy/ptII/ptolemy/actor/lib/test/auto/Writer.xml
0
1
2
3
4
3 ms. Memory: 1691136K Free: 67858K (4%)
----------------- Invoking toplevel() on ptolemy.moml.MoMLSimpleApplication@68de19a3
----------------- Done invoking toplevel() on ptolemy.moml.MoMLSimpleApplication@68de19a3
reloadAllAccessors: .Writer

===========================================================================================
----------------- testing Wed Jun 13 23:03:13 UTC 2018 /home/travis/build/icyphy/ptII/ptolemy/actor/lib/test/auto/array.xml
----------------- Instantiating /home/travis/build/icyphy/ptII/ptolemy/actor/lib/test/auto/array.xml
17 ms. Memory: 1708544K Free: 1659961K (97%)
----------------- Invoking toplevel() on ptolemy.moml.MoMLSimpleApplication@5cb249a8
----------------- Done invoking toplevel() on ptolemy.moml.MoMLSimpleApplication@5cb249a8
reloadAllAccessors: .array

===========================================================================================
----------------- testing Wed Jun 13 23:03:13 UTC 2018 /home/travis/build/icyphy/ptII/ptolemy/actor/lib/test/auto/array2.xml
----------------- Instantiating /home/travis/build/icyphy/ptII/ptolemy/actor/lib/test/auto/array2.xml
6 ms. Memory: 1708544K Free: 1632552K (96%)
----------------- Invoking toplevel() on ptolemy.moml.MoMLSimpleApplication@5210578e
----------------- Done invoking toplevel() on ptolemy.moml.MoMLSimpleApplication@5210578e
reloadAllAccessors: .array2

===========================================================================================
----------------- testing Wed Jun 13 23:03:13 UTC 2018 /home/travis/build/icyphy/ptII/ptolemy/actor/lib/test/auto/arrayType.xml
----------------- Instantiating /home/travis/build/icyphy/ptII/ptolemy/actor/lib/test/auto/arrayType.xml
1 ms. Memory: 1708544K Free: 1615845K (95%)
----------------- Invoking toplevel() on ptolemy.moml.MoMLSimpleApplication@dd764c1
----------------- Done invoking toplevel() on ptolemy.moml.MoMLSimpleApplication@dd764c1
reloadAllAccessors: .arrayType

===========================================================================================
----------------- testing Wed Jun 13 23:03:13 UTC 2018 /home/travis/build/icyphy/ptII/ptolemy/actor/lib/test/auto/arrayType10.xml
----------------- Instantiating /home/travis/build/icyphy/ptII/ptolemy/actor/lib/test/auto/arrayType10.xml
2 ms. Memory: 1708544K Free: 1603115K (94%)
----------------- Invoking toplevel() on ptolemy.moml.MoMLSimpleApplication@f2b00af
----------------- Done invoking toplevel() on ptolemy.moml.MoMLSimpleApplication@f2b00af
reloadAllAccessors: .arrayType10

===========================================================================================
----------------- testing Wed Jun 13 23:03:13 UTC 2018 /home/travis/build/icyphy/ptII/ptolemy/actor/lib/test/auto/arrayType11.xml
----------------- Instantiating /home/travis/build/icyphy/ptII/ptolemy/actor/lib/test/auto/arrayType11.xml
1 ms. Memory: 1708544K Free: 1586408K (93%)
----------------- Invoking toplevel() on ptolemy.moml.MoMLSimpleApplication@df0d47d
----------------- Done invoking toplevel() on ptolemy.moml.MoMLSimpleApplication@df0d47d
reloadAllAccessors: .arrayType11

===========================================================================================
----------------- testing Wed Jun 13 23:03:13 UTC 2018 /home/travis/build/icyphy/ptII/ptolemy/actor/lib/test/auto/arrayType12.xml
----------------- Instantiating /home/travis/build/icyphy/ptII/ptolemy/actor/lib/test/auto/arrayType12.xml
1 ms. Memory: 1708544K Free: 1569701K (92%)
----------------- Invoking toplevel() on ptolemy.moml.MoMLSimpleApplication@2978ffb9
----------------- Done invoking toplevel() on ptolemy.moml.MoMLSimpleApplication@2978ffb9
reloadAllAccessors: .arrayType12

===========================================================================================
----------------- testing Wed Jun 13 23:03:13 UTC 2018 /home/travis/build/icyphy/ptII/ptolemy/actor/lib/test/auto/arrayType13.xml
----------------- Instantiating /home/travis/build/icyphy/ptII/ptolemy/actor/lib/test/auto/arrayType13.xml
1 ms. Memory: 1708544K Free: 1556970K (91%)
----------------- Invoking toplevel() on ptolemy.moml.MoMLSimpleApplication@573f6bcb
----------------- Done invoking toplevel() on ptolemy.moml.MoMLSimpleApplication@573f6bcb
reloadAllAccessors: .arrayType13

===========================================================================================
----------------- testing Wed Jun 13 23:03:13 UTC 2018 /home/travis/build/icyphy/ptII/ptolemy/actor/lib/test/auto/arrayType14.xml
----------------- Instantiating /home/travis/build/icyphy/ptII/ptolemy/actor/lib/test/auto/arrayType14.xml
1 ms. Memory: 1708544K Free: 1540263K (90%)
----------------- Invoking toplevel() on ptolemy.moml.MoMLSimpleApplication@4747280e
----------------- Done invoking toplevel() on ptolemy.moml.MoMLSimpleApplication@4747280e
reloadAllAccessors: .arrayType14

===========================================================================================
----------------- testing Wed Jun 13 23:03:13 UTC 2018 /home/travis/build/icyphy/ptII/ptolemy/actor/lib/test/auto/arrayType15.xml
----------------- Instantiating /home/travis/build/icyphy/ptII/ptolemy/actor/lib/test/auto/arrayType15.xml
2 ms. Memory: 1708544K Free: 1523556K (89%)
----------------- Invoking toplevel() on ptolemy.moml.MoMLSimpleApplication@362f3d46
----------------- Done invoking toplevel() on ptolemy.moml.MoMLSimpleApplication@362f3d46
reloadAllAccessors: .arrayType15

===========================================================================================
----------------- testing Wed Jun 13 23:03:13 UTC 2018 /home/travis/build/icyphy/ptII/ptolemy/actor/lib/test/auto/arrayType16.xml
----------------- Instantiating /home/travis/build/icyphy/ptII/ptolemy/actor/lib/test/auto/arrayType16.xml
2 ms. Memory: 1708544K Free: 1510826K (88%)
----------------- Invoking toplevel() on ptolemy.moml.MoMLSimpleApplication@7d0af099
----------------- Done invoking toplevel() on ptolemy.moml.MoMLSimpleApplication@7d0af099
reloadAllAccessors: .arrayType16

===========================================================================================
----------------- testing Wed Jun 13 23:03:13 UTC 2018 /home/travis/build/icyphy/ptII/ptolemy/actor/lib/test/auto/arrayType17.xml
----------------- Instantiating /home/travis/build/icyphy/ptII/ptolemy/actor/lib/test/auto/arrayType17.xml
1 ms. Memory: 1708544K Free: 1494118K (87%)
----------------- Invoking toplevel() on ptolemy.moml.MoMLSimpleApplication@3d435dbd
----------------- Done invoking toplevel() on ptolemy.moml.MoMLSimpleApplication@3d435dbd
reloadAllAccessors: .arrayType17

===========================================================================================
----------------- testing Wed Jun 13 23:03:13 UTC 2018 /home/travis/build/icyphy/ptII/ptolemy/actor/lib/test/auto/arrayType18.xml
----------------- Instantiating /home/travis/build/icyphy/ptII/ptolemy/actor/lib/test/auto/arrayType18.xml
1 ms. Memory: 1708544K Free: 1477411K (86%)
----------------- Invoking toplevel() on ptolemy.moml.MoMLSimpleApplication@4b2815f1
----------------- Done invoking toplevel() on ptolemy.moml.MoMLSimpleApplication@4b2815f1
reloadAllAccessors: .arrayType18

===========================================================================================
----------------- testing Wed Jun 13 23:03:13 UTC 2018 /home/travis/build/icyphy/ptII/ptolemy/actor/lib/test/auto/arrayType19.xml
----------------- Instantiating /home/travis/build/icyphy/ptII/ptolemy/actor/lib/test/auto/arrayType19.xml
1 ms. Memory: 1708544K Free: 1464681K (86%)
----------------- Invoking toplevel() on ptolemy.moml.MoMLSimpleApplication@40379a12
----------------- Done invoking toplevel() on ptolemy.moml.MoMLSimpleApplication@40379a12
reloadAllAccessors: .arrayType19

===========================================================================================
----------------- testing Wed Jun 13 23:03:13 UTC 2018 /home/travis/build/icyphy/ptII/ptolemy/actor/lib/test/auto/arrayType2.xml
----------------- Instantiating /home/travis/build/icyphy/ptII/ptolemy/actor/lib/test/auto/arrayType2.xml
2 ms. Memory: 1708544K Free: 1447974K (85%)
----------------- Invoking toplevel() on ptolemy.moml.MoMLSimpleApplication@7032d231
----------------- Done invoking toplevel() on ptolemy.moml.MoMLSimpleApplication@7032d231
reloadAllAccessors: .arrayType2

===========================================================================================
----------------- testing Wed Jun 13 23:03:13 UTC 2018 /home/travis/build/icyphy/ptII/ptolemy/actor/lib/test/auto/arrayType20.xml
----------------- Instantiating /home/travis/build/icyphy/ptII/ptolemy/actor/lib/test/auto/arrayType20.xml
2 ms. Memory: 1708544K Free: 1435243K (84%)
----------------- Invoking toplevel() on ptolemy.moml.MoMLSimpleApplication@2cc496eb
----------------- Done invoking toplevel() on ptolemy.moml.MoMLSimpleApplication@2cc496eb
reloadAllAccessors: .arrayType20

===========================================================================================
----------------- testing Wed Jun 13 23:03:13 UTC 2018 /home/travis/build/icyphy/ptII/ptolemy/actor/lib/test/auto/arrayType21.xml
----------------- Instantiating /home/travis/build/icyphy/ptII/ptolemy/actor/lib/test/auto/arrayType21.xml
1 ms. Memory: 1708544K Free: 1418536K (83%)
----------------- Invoking toplevel() on ptolemy.moml.MoMLSimpleApplication@7d687290
----------------- Done invoking toplevel() on ptolemy.moml.MoMLSimpleApplication@7d687290
reloadAllAccessors: .arrayType21

===========================================================================================
----------------- testing Wed Jun 13 23:03:13 UTC 2018 /home/travis/build/icyphy/ptII/ptolemy/actor/lib/test/auto/arrayType22.xml
----------------- Instantiating /home/travis/build/icyphy/ptII/ptolemy/actor/lib/test/auto/arrayType22.xml
1 ms. Memory: 1708544K Free: 1401829K (82%)
----------------- Invoking toplevel() on ptolemy.moml.MoMLSimpleApplication@72c70d8c
----------------- Done invoking toplevel() on ptolemy.moml.MoMLSimpleApplication@72c70d8c
reloadAllAccessors: .arrayType22

===========================================================================================
----------------- testing Wed Jun 13 23:03:13 UTC 2018 /home/travis/build/icyphy/ptII/ptolemy/actor/lib/test/auto/arrayType23.xml
----------------- Instantiating /home/travis/build/icyphy/ptII/ptolemy/actor/lib/test/auto/arrayType23.xml
1 ms. Memory: 1708544K Free: 1389098K (81%)
----------------- Invoking toplevel() on ptolemy.moml.MoMLSimpleApplication@2919dd3a
----------------- Done invoking toplevel() on ptolemy.moml.MoMLSimpleApplication@2919dd3a
reloadAllAccessors: .arrayType23

===========================================================================================
----------------- testing Wed Jun 13 23:03:13 UTC 2018 /home/travis/build/icyphy/ptII/ptolemy/actor/lib/test/auto/arrayType24.xml
----------------- Instantiating /home/travis/build/icyphy/ptII/ptolemy/actor/lib/test/auto/arrayType24.xml
1 ms. Memory: 1708544K Free: 1372391K (80%)
----------------- Invoking toplevel() on ptolemy.moml.MoMLSimpleApplication@13fa1b24
----------------- Done invoking toplevel() on ptolemy.moml.MoMLSimpleApplication@13fa1b24
reloadAllAccessors: .arrayType24

===========================================================================================
----------------- testing Wed Jun 13 23:03:13 UTC 2018 /home/travis/build/icyphy/ptII/ptolemy/actor/lib/test/auto/arrayType25.xml
----------------- Instantiating /home/travis/build/icyphy/ptII/ptolemy/actor/lib/test/auto/arrayType25.xml
1 ms. Memory: 1708544K Free: 1355684K (79%)
----------------- Invoking toplevel() on ptolemy.moml.MoMLSimpleApplication@66f2d67b
----------------- Done invoking toplevel() on ptolemy.moml.MoMLSimpleApplication@66f2d67b
reloadAllAccessors: .arrayType25

===========================================================================================
----------------- testing Wed Jun 13 23:03:13 UTC 2018 /home/travis/build/icyphy/ptII/ptolemy/actor/lib/test/auto/arrayType26.xml
----------------- Instantiating /home/travis/build/icyphy/ptII/ptolemy/actor/lib/test/auto/arrayType26.xml
1 ms. Memory: 1708544K Free: 1342954K (79%)
----------------- Invoking toplevel() on ptolemy.moml.MoMLSimpleApplication@4e8db1a9
----------------- Done invoking toplevel() on ptolemy.moml.MoMLSimpleApplication@4e8db1a9
reloadAllAccessors: .arrayType26

===========================================================================================
----------------- testing Wed Jun 13 23:03:13 UTC 2018 /home/travis/build/icyphy/ptII/ptolemy/actor/lib/test/auto/arrayType27.xml
----------------- Instantiating /home/travis/build/icyphy/ptII/ptolemy/actor/lib/test/auto/arrayType27.xml
2 ms. Memory: 1708544K Free: 1326247K (78%)
----------------- Invoking toplevel() on ptolemy.moml.MoMLSimpleApplication@437af1cb
----------------- Done invoking toplevel() on ptolemy.moml.MoMLSimpleApplication@437af1cb
reloadAllAccessors: .arrayType27

===========================================================================================
----------------- testing Wed Jun 13 23:03:13 UTC 2018 /home/travis/build/icyphy/ptII/ptolemy/actor/lib/test/auto/arrayType28.xml
----------------- Instantiating /home/travis/build/icyphy/ptII/ptolemy/actor/lib/test/auto/arrayType28.xml
2 ms. Memory: 1708544K Free: 1309514K (77%)
----------------- Invoking toplevel() on ptolemy.moml.MoMLSimpleApplication@382bec11
----------------- Done invoking toplevel() on ptolemy.moml.MoMLSimpleApplication@382bec11
reloadAllAccessors: .arrayType28

===========================================================================================
----------------- testing Wed Jun 13 23:03:13 UTC 2018 /home/travis/build/icyphy/ptII/ptolemy/actor/lib/test/auto/arrayType3.xml
----------------- Instantiating /home/travis/build/icyphy/ptII/ptolemy/actor/lib/test/auto/arrayType3.xml
1 ms. Memory: 1708544K Free: 1296784K (76%)
----------------- Invoking toplevel() on ptolemy.moml.MoMLSimpleApplication@5c7780bc
----------------- Done invoking toplevel() on ptolemy.moml.MoMLSimpleApplication@5c7780bc
reloadAllAccessors: .arrayType3

===========================================================================================
----------------- testing Wed Jun 13 23:03:13 UTC 2018 /home/travis/build/icyphy/ptII/ptolemy/actor/lib/test/auto/arrayType4.xml
----------------- Instantiating /home/travis/build/icyphy/ptII/ptolemy/actor/lib/test/auto/arrayType4.xml
2 ms. Memory: 1708544K Free: 1280077K (75%)
----------------- Invoking toplevel() on ptolemy.moml.MoMLSimpleApplication@345974cc
----------------- Done invoking toplevel() on ptolemy.moml.MoMLSimpleApplication@345974cc
reloadAllAccessors: .arrayType4

===========================================================================================
----------------- testing Wed Jun 13 23:03:13 UTC 2018 /home/travis/build/icyphy/ptII/ptolemy/actor/lib/test/auto/arrayType5.xml
----------------- Instantiating /home/travis/build/icyphy/ptII/ptolemy/actor/lib/test/auto/arrayType5.xml
1 ms. Memory: 1708544K Free: 1263370K (74%)
----------------- Invoking toplevel() on ptolemy.moml.MoMLSimpleApplication@7f2e186c
----------------- Done invoking toplevel() on ptolemy.moml.MoMLSimpleApplication@7f2e186c
reloadAllAccessors: .arrayType5

===========================================================================================
----------------- testing Wed Jun 13 23:03:13 UTC 2018 /home/travis/build/icyphy/ptII/ptolemy/actor/lib/test/auto/arrayType6.xml
----------------- Instantiating /home/travis/build/icyphy/ptII/ptolemy/actor/lib/test/auto/arrayType6.xml
1 ms. Memory: 1708544K Free: 1250639K (73%)
----------------- Invoking toplevel() on ptolemy.moml.MoMLSimpleApplication@55f94cc0
----------------- Done invoking toplevel() on ptolemy.moml.MoMLSimpleApplication@55f94cc0
reloadAllAccessors: .arrayType6

===========================================================================================
----------------- testing Wed Jun 13 23:03:13 UTC 2018 /home/travis/build/icyphy/ptII/ptolemy/actor/lib/test/auto/arrayType7.xml
----------------- Instantiating /home/travis/build/icyphy/ptII/ptolemy/actor/lib/test/auto/arrayType7.xml
2 ms. Memory: 1708544K Free: 1233932K (72%)
----------------- Invoking toplevel() on ptolemy.moml.MoMLSimpleApplication@5a7a21a0
----------------- Done invoking toplevel() on ptolemy.moml.MoMLSimpleApplication@5a7a21a0
reloadAllAccessors: .arrayType7

===========================================================================================
----------------- testing Wed Jun 13 23:03:13 UTC 2018 /home/travis/build/icyphy/ptII/ptolemy/actor/lib/test/auto/arrayType8.xml
----------------- Instantiating /home/travis/build/icyphy/ptII/ptolemy/actor/lib/test/auto/arrayType8.xml
1 ms. Memory: 1708544K Free: 1221202K (71%)
----------------- Invoking toplevel() on ptolemy.moml.MoMLSimpleApplication@7960fb1b
----------------- Done invoking toplevel() on ptolemy.moml.MoMLSimpleApplication@7960fb1b
reloadAllAccessors: .arrayType8

===========================================================================================
----------------- testing Wed Jun 13 23:03:13 UTC 2018 /home/travis/build/icyphy/ptII/ptolemy/actor/lib/test/auto/arrayType9.xml
----------------- Instantiating /home/travis/build/icyphy/ptII/ptolemy/actor/lib/test/auto/arrayType9.xml
1 ms. Memory: 1708544K Free: 1204495K (70%)
----------------- Invoking toplevel() on ptolemy.moml.MoMLSimpleApplication@79a630bc
----------------- Done invoking toplevel() on ptolemy.moml.MoMLSimpleApplication@79a630bc
reloadAllAccessors: .arrayType9

===========================================================================================
----------------- testing Wed Jun 13 23:03:13 UTC 2018 /home/travis/build/icyphy/ptII/ptolemy/actor/lib/test/auto/cast.xml
----------------- Instantiating /home/travis/build/icyphy/ptII/ptolemy/actor/lib/test/auto/cast.xml
2 ms. Memory: 1708544K Free: 1187788K (70%)
----------------- Invoking toplevel() on ptolemy.moml.MoMLSimpleApplication@3efb7926
----------------- Done invoking toplevel() on ptolemy.moml.MoMLSimpleApplication@3efb7926
reloadAllAccessors: .cast

===========================================================================================
----------------- testing Wed Jun 13 23:03:13 UTC 2018 /home/travis/build/icyphy/ptII/ptolemy/actor/lib/test/auto/compositeMultiPort.xml
----------------- Instantiating /home/travis/build/icyphy/ptII/ptolemy/actor/lib/test/auto/compositeMultiPort.xml
4 ms. Memory: 1708544K Free: 1175058K (69%)
----------------- Invoking toplevel() on ptolemy.moml.MoMLSimpleApplication@681fa8dd
----------------- Done invoking toplevel() on ptolemy.moml.MoMLSimpleApplication@681fa8dd
reloadAllAccessors: .compositeMultiPort

===========================================================================================
----------------- testing Wed Jun 13 23:03:13 UTC 2018 /home/travis/build/icyphy/ptII/ptolemy/actor/lib/test/auto/expressionCastInference.xml
----------------- Instantiating /home/travis/build/icyphy/ptII/ptolemy/actor/lib/test/auto/expressionCastInference.xml
2 ms. Memory: 1708544K Free: 1158351K (68%)
----------------- Invoking toplevel() on ptolemy.moml.MoMLSimpleApplication@56d51562
----------------- Done invoking toplevel() on ptolemy.moml.MoMLSimpleApplication@56d51562
reloadAllAccessors: .expressionCastInference

===========================================================================================
----------------- testing Wed Jun 13 23:03:13 UTC 2018 /home/travis/build/icyphy/ptII/ptolemy/actor/lib/test/auto/expressionCastInference2.xml
----------------- Instantiating /home/travis/build/icyphy/ptII/ptolemy/actor/lib/test/auto/expressionCastInference2.xml
2 ms. Memory: 1708544K Free: 1141644K (67%)
----------------- Invoking toplevel() on ptolemy.moml.MoMLSimpleApplication@5dde9d4b
----------------- Done invoking toplevel() on ptolemy.moml.MoMLSimpleApplication@5dde9d4b
reloadAllAccessors: .expressionCastInference2

===========================================================================================
----------------- testing Wed Jun 13 23:03:13 UTC 2018 /home/travis/build/icyphy/ptII/ptolemy/actor/lib/test/auto/expressionInference.xml
----------------- Instantiating /home/travis/build/icyphy/ptII/ptolemy/actor/lib/test/auto/expressionInference.xml
1 ms. Memory: 1708544K Free: 1128913K (66%)
----------------- Invoking toplevel() on ptolemy.moml.MoMLSimpleApplication@2d864c10
----------------- Done invoking toplevel() on ptolemy.moml.MoMLSimpleApplication@2d864c10
reloadAllAccessors: .expressionInference

===========================================================================================
----------------- testing Wed Jun 13 23:03:13 UTC 2018 /home/travis/build/icyphy/ptII/ptolemy/actor/lib/test/auto/expression_bug.xml
----------------- Instantiating /home/travis/build/icyphy/ptII/ptolemy/actor/lib/test/auto/expression_bug.xml
1 ms. Memory: 1708544K Free: 1112206K (65%)
----------------- Invoking toplevel() on ptolemy.moml.MoMLSimpleApplication@102950c7
----------------- Done invoking toplevel() on ptolemy.moml.MoMLSimpleApplication@102950c7
reloadAllAccessors: .expression_bug

===========================================================================================
----------------- testing Wed Jun 13 23:03:13 UTC 2018 /home/travis/build/icyphy/ptII/ptolemy/actor/lib/test/auto/factorial.xml
----------------- Instantiating /home/travis/build/icyphy/ptII/ptolemy/actor/lib/test/auto/factorial.xml
32 ms. Memory: 1708544K Free: 1095499K (64%)
----------------- Invoking toplevel() on ptolemy.moml.MoMLSimpleApplication@5467124
----------------- Done invoking toplevel() on ptolemy.moml.MoMLSimpleApplication@5467124
reloadAllAccessors: .factorial

===========================================================================================
----------------- testing Wed Jun 13 23:03:13 UTC 2018 /home/travis/build/icyphy/ptII/ptolemy/actor/lib/test/auto/filterTest1.xml
----------------- Instantiating /home/travis/build/icyphy/ptII/ptolemy/actor/lib/test/auto/filterTest1.xml
3 ms. Memory: 1708544K Free: 1082769K (63%)
----------------- Invoking toplevel() on ptolemy.moml.MoMLSimpleApplication@569cfc21
----------------- Done invoking toplevel() on ptolemy.moml.MoMLSimpleApplication@569cfc21
reloadAllAccessors: .filterTest1

===========================================================================================
----------------- testing Wed Jun 13 23:03:13 UTC 2018 /home/travis/build/icyphy/ptII/ptolemy/actor/lib/test/auto/funcApplyInConst.xml
----------------- Instantiating /home/travis/build/icyphy/ptII/ptolemy/actor/lib/test/auto/funcApplyInConst.xml
1 ms. Memory: 1708544K Free: 1066061K (62%)
----------------- Invoking toplevel() on ptolemy.moml.MoMLSimpleApplication@55a566d1
----------------- Done invoking toplevel() on ptolemy.moml.MoMLSimpleApplication@55a566d1
reloadAllAccessors: .funcApplyInConst

===========================================================================================
----------------- testing Wed Jun 13 23:03:13 UTC 2018 /home/travis/build/icyphy/ptII/ptolemy/actor/lib/test/auto/funcApplyInExpr.xml
----------------- Instantiating /home/travis/build/icyphy/ptII/ptolemy/actor/lib/test/auto/funcApplyInExpr.xml
2 ms. Memory: 1708544K Free: 1049354K (61%)
----------------- Invoking toplevel() on ptolemy.moml.MoMLSimpleApplication@53fe4b38
----------------- Done invoking toplevel() on ptolemy.moml.MoMLSimpleApplication@53fe4b38
reloadAllAccessors: .funcApplyInExpr

===========================================================================================
----------------- testing Wed Jun 13 23:03:13 UTC 2018 /home/travis/build/icyphy/ptII/ptolemy/actor/lib/test/auto/function.xml
----------------- Instantiating /home/travis/build/icyphy/ptII/ptolemy/actor/lib/test/auto/function.xml
2 ms. Memory: 1708544K Free: 1036624K (61%)
----------------- Invoking toplevel() on ptolemy.moml.MoMLSimpleApplication@7af3fecd
----------------- Done invoking toplevel() on ptolemy.moml.MoMLSimpleApplication@7af3fecd
reloadAllAccessors: .function

===========================================================================================
----------------- testing Wed Jun 13 23:03:13 UTC 2018 /home/travis/build/icyphy/ptII/ptolemy/actor/lib/test/auto/function2.xml
----------------- Instantiating /home/travis/build/icyphy/ptII/ptolemy/actor/lib/test/auto/function2.xml
2 ms. Memory: 1708544K Free: 1019917K (60%)
----------------- Invoking toplevel() on ptolemy.moml.MoMLSimpleApplication@3db93ff1
----------------- Done invoking toplevel() on ptolemy.moml.MoMLSimpleApplication@3db93ff1
reloadAllAccessors: .function2

===========================================================================================
----------------- testing Wed Jun 13 23:03:13 UTC 2018 /home/travis/build/icyphy/ptII/ptolemy/actor/lib/test/auto/function3.xml
----------------- Instantiating /home/travis/build/icyphy/ptII/ptolemy/actor/lib/test/auto/function3.xml
2 ms. Memory: 1708544K Free: 1003210K (59%)
----------------- Invoking toplevel() on ptolemy.moml.MoMLSimpleApplication@7acb5815
----------------- Done invoking toplevel() on ptolemy.moml.MoMLSimpleApplication@7acb5815
reloadAllAccessors: .function3

===========================================================================================
----------------- testing Wed Jun 13 23:03:13 UTC 2018 /home/travis/build/icyphy/ptII/ptolemy/actor/lib/test/auto/functionClosureTest1.xml
----------------- Instantiating /home/travis/build/icyphy/ptII/ptolemy/actor/lib/test/auto/functionClosureTest1.xml
1 ms. Memory: 1708544K Free: 990479K (58%)
----------------- Invoking toplevel() on ptolemy.moml.MoMLSimpleApplication@68e410c7
----------------- Done invoking toplevel() on ptolemy.moml.MoMLSimpleApplication@68e410c7
reloadAllAccessors: .functionClosureTest1

===========================================================================================
----------------- testing Wed Jun 13 23:03:13 UTC 2018 /home/travis/build/icyphy/ptII/ptolemy/actor/lib/test/auto/functionClosureTest2.xml
----------------- Instantiating /home/travis/build/icyphy/ptII/ptolemy/actor/lib/test/auto/functionClosureTest2.xml
2 ms. Memory: 1708544K Free: 973772K (57%)
----------------- Invoking toplevel() on ptolemy.moml.MoMLSimpleApplication@f4746fe
----------------- Done invoking toplevel() on ptolemy.moml.MoMLSimpleApplication@f4746fe
reloadAllAccessors: .functionClosureTest2

===========================================================================================
----------------- testing Wed Jun 13 23:03:13 UTC 2018 /home/travis/build/icyphy/ptII/ptolemy/actor/lib/test/auto/functionClosureTest3.xml
----------------- Instantiating /home/travis/build/icyphy/ptII/ptolemy/actor/lib/test/auto/functionClosureTest3.xml
2 ms. Memory: 1708544K Free: 961042K (56%)
----------------- Invoking toplevel() on ptolemy.moml.MoMLSimpleApplication@2ed83e
----------------- Done invoking toplevel() on ptolemy.moml.MoMLSimpleApplication@2ed83e
reloadAllAccessors: .functionClosureTest3

===========================================================================================
----------------- testing Wed Jun 13 23:03:13 UTC 2018 /home/travis/build/icyphy/ptII/ptolemy/actor/lib/test/auto/functionClosureTest4.xml
----------------- Instantiating /home/travis/build/icyphy/ptII/ptolemy/actor/lib/test/auto/functionClosureTest4.xml
4 ms. Memory: 1708544K Free: 944335K (55%)
----------------- Invoking toplevel() on ptolemy.moml.MoMLSimpleApplication@6e9c1dad
----------------- Done invoking toplevel() on ptolemy.moml.MoMLSimpleApplication@6e9c1dad
reloadAllAccessors: .functionClosureTest4

===========================================================================================
----------------- testing Wed Jun 13 23:03:13 UTC 2018 /home/travis/build/icyphy/ptII/ptolemy/actor/lib/test/auto/functionClosureTest5.xml
----------------- Instantiating /home/travis/build/icyphy/ptII/ptolemy/actor/lib/test/auto/functionClosureTest5.xml
4 ms. Memory: 1708544K Free: 927628K (54%)
----------------- Invoking toplevel() on ptolemy.moml.MoMLSimpleApplication@dd550e1
----------------- Done invoking toplevel() on ptolemy.moml.MoMLSimpleApplication@dd550e1
reloadAllAccessors: .functionClosureTest5

===========================================================================================
----------------- testing Wed Jun 13 23:03:13 UTC 2018 /home/travis/build/icyphy/ptII/ptolemy/actor/lib/test/auto/functionClosureTest6.xml
----------------- Instantiating /home/travis/build/icyphy/ptII/ptolemy/actor/lib/test/auto/functionClosureTest6.xml
2 ms. Memory: 1708544K Free: 914897K (54%)
----------------- Invoking toplevel() on ptolemy.moml.MoMLSimpleApplication@3b9367e
----------------- Done invoking toplevel() on ptolemy.moml.MoMLSimpleApplication@3b9367e
reloadAllAccessors: .functionClosureTest6

===========================================================================================
----------------- testing Wed Jun 13 23:03:13 UTC 2018 /home/travis/build/icyphy/ptII/ptolemy/actor/lib/test/auto/functionsOnArcs.xml
----------------- Instantiating /home/travis/build/icyphy/ptII/ptolemy/actor/lib/test/auto/functionsOnArcs.xml
2 ms. Memory: 1708544K Free: 898190K (53%)
----------------- Invoking toplevel() on ptolemy.moml.MoMLSimpleApplication@24a2e9d3
----------------- Done invoking toplevel() on ptolemy.moml.MoMLSimpleApplication@24a2e9d3
reloadAllAccessors: .functionsOnArcs

===========================================================================================
----------------- testing Wed Jun 13 23:03:13 UTC 2018 /home/travis/build/icyphy/ptII/ptolemy/actor/lib/test/auto/functionsOnArcsHOF.xml
----------------- Instantiating /home/travis/build/icyphy/ptII/ptolemy/actor/lib/test/auto/functionsOnArcsHOF.xml
3 ms. Memory: 1708544K Free: 881483K (52%)
----------------- Invoking toplevel() on ptolemy.moml.MoMLSimpleApplication@3692eda
----------------- Done invoking toplevel() on ptolemy.moml.MoMLSimpleApplication@3692eda
reloadAllAccessors: .functionsOnArcsHOF

===========================================================================================
----------------- testing Wed Jun 13 23:03:13 UTC 2018 /home/travis/build/icyphy/ptII/ptolemy/actor/lib/test/auto/logic.xml
----------------- Instantiating /home/travis/build/icyphy/ptII/ptolemy/actor/lib/test/auto/logic.xml
2 ms. Memory: 1708544K Free: 868752K (51%)
----------------- Invoking toplevel() on ptolemy.moml.MoMLSimpleApplication@5248e961
----------------- Done invoking toplevel() on ptolemy.moml.MoMLSimpleApplication@5248e961
reloadAllAccessors: .logic

===========================================================================================
----------------- testing Wed Jun 13 23:03:14 UTC 2018 /home/travis/build/icyphy/ptII/ptolemy/actor/lib/test/auto/matrixType.xml
----------------- Instantiating /home/travis/build/icyphy/ptII/ptolemy/actor/lib/test/auto/matrixType.xml
2 ms. Memory: 1708544K Free: 852045K (50%)
----------------- Invoking toplevel() on ptolemy.moml.MoMLSimpleApplication@5c96fc4c
----------------- Done invoking toplevel() on ptolemy.moml.MoMLSimpleApplication@5c96fc4c
reloadAllAccessors: .matrixType

===========================================================================================
----------------- testing Wed Jun 13 23:03:14 UTC 2018 /home/travis/build/icyphy/ptII/ptolemy/actor/lib/test/auto/matrixType10.xml
----------------- Instantiating /home/travis/build/icyphy/ptII/ptolemy/actor/lib/test/auto/matrixType10.xml
2 ms. Memory: 1708544K Free: 835338K (49%)
----------------- Invoking toplevel() on ptolemy.moml.MoMLSimpleApplication@5c6d9b35
----------------- Done invoking toplevel() on ptolemy.moml.MoMLSimpleApplication@5c6d9b35
reloadAllAccessors: .matrixType10

===========================================================================================
----------------- testing Wed Jun 13 23:03:14 UTC 2018 /home/travis/build/icyphy/ptII/ptolemy/actor/lib/test/auto/matrixType11.xml
----------------- Instantiating /home/travis/build/icyphy/ptII/ptolemy/actor/lib/test/auto/matrixType11.xml
1 ms. Memory: 1708544K Free: 822607K (48%)
----------------- Invoking toplevel() on ptolemy.moml.MoMLSimpleApplication@7a01d890
----------------- Done invoking toplevel() on ptolemy.moml.MoMLSimpleApplication@7a01d890
reloadAllAccessors: .matrixType11

===========================================================================================
----------------- testing Wed Jun 13 23:03:14 UTC 2018 /home/travis/build/icyphy/ptII/ptolemy/actor/lib/test/auto/matrixType12.xml
----------------- Instantiating /home/travis/build/icyphy/ptII/ptolemy/actor/lib/test/auto/matrixType12.xml
1 ms. Memory: 1708544K Free: 805899K (47%)
----------------- Invoking toplevel() on ptolemy.moml.MoMLSimpleApplication@11e3c9de
----------------- Done invoking toplevel() on ptolemy.moml.MoMLSimpleApplication@11e3c9de
reloadAllAccessors: .matrixType12

===========================================================================================
----------------- testing Wed Jun 13 23:03:14 UTC 2018 /home/travis/build/icyphy/ptII/ptolemy/actor/lib/test/auto/matrixType13.xml
----------------- Instantiating /home/travis/build/icyphy/ptII/ptolemy/actor/lib/test/auto/matrixType13.xml
2 ms. Memory: 1708544K Free: 789192K (46%)
----------------- Invoking toplevel() on ptolemy.moml.MoMLSimpleApplication@8a53e47
----------------- Done invoking toplevel() on ptolemy.moml.MoMLSimpleApplication@8a53e47
reloadAllAccessors: .matrixType13

===========================================================================================
----------------- testing Wed Jun 13 23:03:14 UTC 2018 /home/travis/build/icyphy/ptII/ptolemy/actor/lib/test/auto/matrixType14.xml
----------------- Instantiating /home/travis/build/icyphy/ptII/ptolemy/actor/lib/test/auto/matrixType14.xml
1 ms. Memory: 1708544K Free: 776462K (45%)
----------------- Invoking toplevel() on ptolemy.moml.MoMLSimpleApplication@1b662313
----------------- Done invoking toplevel() on ptolemy.moml.MoMLSimpleApplication@1b662313
reloadAllAccessors: .matrixType14

===========================================================================================
----------------- testing Wed Jun 13 23:03:14 UTC 2018 /home/travis/build/icyphy/ptII/ptolemy/actor/lib/test/auto/matrixType2.xml
----------------- Instantiating /home/travis/build/icyphy/ptII/ptolemy/actor/lib/test/auto/matrixType2.xml
1 ms. Memory: 1708544K Free: 759755K (44%)
----------------- Invoking toplevel() on ptolemy.moml.MoMLSimpleApplication@7d34f4aa
----------------- Done invoking toplevel() on ptolemy.moml.MoMLSimpleApplication@7d34f4aa
reloadAllAccessors: .matrixType2

===========================================================================================
----------------- testing Wed Jun 13 23:03:14 UTC 2018 /home/travis/build/icyphy/ptII/ptolemy/actor/lib/test/auto/matrixType3.xml
----------------- Instantiating /home/travis/build/icyphy/ptII/ptolemy/actor/lib/test/auto/matrixType3.xml
4 ms. Memory: 1708544K Free: 743048K (43%)
----------------- Invoking toplevel() on ptolemy.moml.MoMLSimpleApplication@486d2dc3
----------------- Done invoking toplevel() on ptolemy.moml.MoMLSimpleApplication@486d2dc3
reloadAllAccessors: .matrixType3

===========================================================================================
----------------- testing Wed Jun 13 23:03:14 UTC 2018 /home/travis/build/icyphy/ptII/ptolemy/actor/lib/test/auto/matrixType4.xml
----------------- Instantiating /home/travis/build/icyphy/ptII/ptolemy/actor/lib/test/auto/matrixType4.xml
1 ms. Memory: 1708544K Free: 730317K (43%)
----------------- Invoking toplevel() on ptolemy.moml.MoMLSimpleApplication@7407afcc
----------------- Done invoking toplevel() on ptolemy.moml.MoMLSimpleApplication@7407afcc
reloadAllAccessors: .matrixType4

===========================================================================================
----------------- testing Wed Jun 13 23:03:14 UTC 2018 /home/travis/build/icyphy/ptII/ptolemy/actor/lib/test/auto/matrixType5.xml
----------------- Instantiating /home/travis/build/icyphy/ptII/ptolemy/actor/lib/test/auto/matrixType5.xml
1 ms. Memory: 1708544K Free: 713610K (42%)
----------------- Invoking toplevel() on ptolemy.moml.MoMLSimpleApplication@48b4176c
----------------- Done invoking toplevel() on ptolemy.moml.MoMLSimpleApplication@48b4176c
reloadAllAccessors: .matrixType5

===========================================================================================
----------------- testing Wed Jun 13 23:03:14 UTC 2018 /home/travis/build/icyphy/ptII/ptolemy/actor/lib/test/auto/matrixType6.xml
----------------- Instantiating /home/travis/build/icyphy/ptII/ptolemy/actor/lib/test/auto/matrixType6.xml
1 ms. Memory: 1708544K Free: 696903K (41%)
----------------- Invoking toplevel() on ptolemy.moml.MoMLSimpleApplication@6b3a2949
----------------- Done invoking toplevel() on ptolemy.moml.MoMLSimpleApplication@6b3a2949
reloadAllAccessors: .matrixType6

===========================================================================================
----------------- testing Wed Jun 13 23:03:14 UTC 2018 /home/travis/build/icyphy/ptII/ptolemy/actor/lib/test/auto/matrixType7.xml
----------------- Instantiating /home/travis/build/icyphy/ptII/ptolemy/actor/lib/test/auto/matrixType7.xml
2 ms. Memory: 1708544K Free: 684173K (40%)
----------------- Invoking toplevel() on ptolemy.moml.MoMLSimpleApplication@47bb6531
----------------- Done invoking toplevel() on ptolemy.moml.MoMLSimpleApplication@47bb6531
reloadAllAccessors: .matrixType7

===========================================================================================
----------------- testing Wed Jun 13 23:03:14 UTC 2018 /home/travis/build/icyphy/ptII/ptolemy/actor/lib/test/auto/matrixType8.xml
----------------- Instantiating /home/travis/build/icyphy/ptII/ptolemy/actor/lib/test/auto/matrixType8.xml
1 ms. Memory: 1708544K Free: 667465K (39%)
----------------- Invoking toplevel() on ptolemy.moml.MoMLSimpleApplication@4b445241
----------------- Done invoking toplevel() on ptolemy.moml.MoMLSimpleApplication@4b445241
reloadAllAccessors: .matrixType8

===========================================================================================
----------------- testing Wed Jun 13 23:03:14 UTC 2018 /home/travis/build/icyphy/ptII/ptolemy/actor/lib/test/auto/matrixType9.xml
----------------- Instantiating /home/travis/build/icyphy/ptII/ptolemy/actor/lib/test/auto/matrixType9.xml
2 ms. Memory: 1708544K Free: 650758K (38%)
----------------- Invoking toplevel() on ptolemy.moml.MoMLSimpleApplication@518c56f
----------------- Done invoking toplevel() on ptolemy.moml.MoMLSimpleApplication@518c56f
reloadAllAccessors: .matrixType9

===========================================================================================
----------------- testing Wed Jun 13 23:03:14 UTC 2018 /home/travis/build/icyphy/ptII/ptolemy/actor/lib/test/auto/paraFunctest.xml
----------------- Instantiating /home/travis/build/icyphy/ptII/ptolemy/actor/lib/test/auto/paraFunctest.xml
1 ms. Memory: 1708544K Free: 638028K (37%)
----------------- Invoking toplevel() on ptolemy.moml.MoMLSimpleApplication@3e2a793a
----------------- Done invoking toplevel() on ptolemy.moml.MoMLSimpleApplication@3e2a793a
reloadAllAccessors: .paraFunctest

===========================================================================================
----------------- testing Wed Jun 13 23:03:14 UTC 2018 /home/travis/build/icyphy/ptII/ptolemy/actor/lib/test/auto/paraFunctest2.xml
----------------- Instantiating /home/travis/build/icyphy/ptII/ptolemy/actor/lib/test/auto/paraFunctest2.xml
1 ms. Memory: 1708544K Free: 621321K (36%)
----------------- Invoking toplevel() on ptolemy.moml.MoMLSimpleApplication@6f90c78f
----------------- Done invoking toplevel() on ptolemy.moml.MoMLSimpleApplication@6f90c78f
reloadAllAccessors: .paraFunctest2

===========================================================================================
----------------- testing Wed Jun 13 23:03:14 UTC 2018 /home/travis/build/icyphy/ptII/ptolemy/actor/lib/test/auto/parameterPassing.xml
----------------- Instantiating /home/travis/build/icyphy/ptII/ptolemy/actor/lib/test/auto/parameterPassing.xml
2 ms. Memory: 1708544K Free: 604614K (35%)
----------------- Invoking toplevel() on ptolemy.moml.MoMLSimpleApplication@1754201b
----------------- Done invoking toplevel() on ptolemy.moml.MoMLSimpleApplication@1754201b
reloadAllAccessors: .parameterPassing

===========================================================================================
----------------- testing Wed Jun 13 23:03:14 UTC 2018 /home/travis/build/icyphy/ptII/ptolemy/actor/lib/test/auto/record.xml
----------------- Instantiating /home/travis/build/icyphy/ptII/ptolemy/actor/lib/test/auto/record.xml
2 ms. Memory: 1708544K Free: 591883K (35%)
----------------- Invoking toplevel() on ptolemy.moml.MoMLSimpleApplication@2871eae5
----------------- Done invoking toplevel() on ptolemy.moml.MoMLSimpleApplication@2871eae5
reloadAllAccessors: .record

===========================================================================================
----------------- testing Wed Jun 13 23:03:14 UTC 2018 /home/travis/build/icyphy/ptII/ptolemy/actor/lib/test/auto/sizedarray1.xml
----------------- Instantiating /home/travis/build/icyphy/ptII/ptolemy/actor/lib/test/auto/sizedarray1.xml
1 ms. Memory: 1708544K Free: 575176K (34%)
----------------- Invoking toplevel() on ptolemy.moml.MoMLSimpleApplication@4433df02
----------------- Done invoking toplevel() on ptolemy.moml.MoMLSimpleApplication@4433df02
reloadAllAccessors: .sizedarray1

===========================================================================================
----------------- testing Wed Jun 13 23:03:14 UTC 2018 /home/travis/build/icyphy/ptII/ptolemy/actor/lib/test/auto/sizedarray2.xml
----------------- Instantiating /home/travis/build/icyphy/ptII/ptolemy/actor/lib/test/auto/sizedarray2.xml
1 ms. Memory: 1708544K Free: 562446K (33%)
----------------- Invoking toplevel() on ptolemy.moml.MoMLSimpleApplication@113153e1
----------------- Done invoking toplevel() on ptolemy.moml.MoMLSimpleApplication@113153e1
reloadAllAccessors: .sizedarray2

===========================================================================================
----------------- testing Wed Jun 13 23:03:14 UTC 2018 /home/travis/build/icyphy/ptII/ptolemy/actor/lib/test/auto/twoPublishers.xml
----------------- Instantiating /home/travis/build/icyphy/ptII/ptolemy/actor/lib/test/auto/twoPublishers.xml
9 ms. Memory: 1708544K Free: 539357K (32%)
----------------- Invoking toplevel() on ptolemy.moml.MoMLSimpleApplication@2ebcd4cf
----------------- Done invoking toplevel() on ptolemy.moml.MoMLSimpleApplication@2ebcd4cf
reloadAllAccessors: .twoPublishers
AutoTests.java: About to close Vertx.
AutoTests.java: Vertx closed.
]]></system-out>
  <system-err><![CDATA[java.lang.RuntimeException: Execution failed
	at ptolemy.moml.MoMLSimpleApplication$UnloadThread.run(MoMLSimpleApplication.java:402)
Caused by: java.lang.RuntimeException: Normally, we would exit here because Manager.exitAfterWrapup() was called.  However, because the ptolemy.ptII.exitAfterWrapup property is set, we throw this exception instead.
	at ptolemy.util.StringUtilities.exit(StringUtilities.java:363)
	at ptolemy.actor.Manager.wrapup(Manager.java:1531)
	at ptolemy.actor.Manager.execute(Manager.java:407)
	at ptolemy.actor.Manager.run(Manager.java:1263)
	at ptolemy.actor.Manager$PtolemyRunThread.run(Manager.java:1915)
Warning: '.top.test' is in training mode, set the trainingMode parameter to false before checking in
Warning: '.top.test' is in training mode, set the trainingMode parameter to false before checking in
Warning: '.top.test' is in training mode, set the trainingMode parameter to false before checking in
Warning: '.BooleanSwitch_RegressionTest_WrongTrainingValues.Test' is in training mode, set the trainingMode parameter to false before checking in
Warning: '.BooleanSwitch_RegressionTest_WrongTrainingValues.Test2' is in training mode, set the trainingMode parameter to false before checking in
Warning: '.BooleanSwitch_RegressionTest_WrongTrainingValues.Test2' The test produced 0 tokens.
Warning: '.top.testExceptionHandler' is in training mode, set the trainingMode parameter to false before checking in
java.lang.RuntimeException: Execution failed
	at ptolemy.moml.MoMLSimpleApplication$UnloadThread.run(MoMLSimpleApplication.java:402)
Caused by: ptolemy.kernel.util.IllegalActionException: PublisherPorts cannot be used at the top level, use a Publisher actor instead.
  in .PublisherPortToplevelSubscriber.PublisherPort
	at ptolemy.actor.PublisherPort.preinitialize(PublisherPort.java:403)
	at ptolemy.actor.CompositeActor.preinitialize(CompositeActor.java:1769)
	at ptolemy.actor.Manager.preinitializeAndResolveTypes(Manager.java:1040)
	at ptolemy.actor.Manager.initialize(Manager.java:710)
	at ptolemy.actor.Manager.execute(Manager.java:356)
	at ptolemy.actor.Manager.run(Manager.java:1263)
	at ptolemy.actor.Manager$PtolemyRunThread.run(Manager.java:1915)
java.lang.reflect.InvocationTargetException
	at sun.reflect.NativeConstructorAccessorImpl.newInstance0(Native Method)
	at sun.reflect.NativeConstructorAccessorImpl.newInstance(NativeConstructorAccessorImpl.java:62)
	at sun.reflect.DelegatingConstructorAccessorImpl.newInstance(DelegatingConstructorAccessorImpl.java:45)
	at java.lang.reflect.Constructor.newInstance(Constructor.java:423)
	at ptolemy.util.test.junit.AutoKnownFailedTests.RunModel(AutoKnownFailedTests.java:107)
	at sun.reflect.NativeMethodAccessorImpl.invoke0(Native Method)
	at sun.reflect.NativeMethodAccessorImpl.invoke(NativeMethodAccessorImpl.java:62)
	at sun.reflect.DelegatingMethodAccessorImpl.invoke(DelegatingMethodAccessorImpl.java:43)
	at java.lang.reflect.Method.invoke(Method.java:498)
	at org.junit.runners.model.FrameworkMethod$1.runReflectiveCall(FrameworkMethod.java:44)
	at org.junit.internal.runners.model.ReflectiveCallable.run(ReflectiveCallable.java:15)
	at org.junit.runners.model.FrameworkMethod.invokeExplosively(FrameworkMethod.java:41)
	at junitparams.internal.InvokeParameterisedMethod.evaluate(InvokeParameterisedMethod.java:102)
	at org.junit.internal.runners.statements.FailOnTimeout$1.run(FailOnTimeout.java:28)
Caused by: ptolemy.kernel.util.IllegalActionException: PublisherPorts cannot be used at the top level, use a Publisher actor instead.
  in .PublisherPortToplevelSubscriber.PublisherPort
	at ptolemy.actor.PublisherPort.preinitialize(PublisherPort.java:403)
	at ptolemy.actor.CompositeActor.preinitialize(CompositeActor.java:1769)
	at ptolemy.actor.Manager.preinitializeAndResolveTypes(Manager.java:1040)
	at ptolemy.actor.Manager.initialize(Manager.java:710)
	at ptolemy.actor.Manager.execute(Manager.java:356)
	at ptolemy.actor.Manager.run(Manager.java:1263)
	at ptolemy.actor.Manager$PtolemyRunThread.run(Manager.java:1915)
java.lang.RuntimeException: Execution failed
	at ptolemy.moml.MoMLSimpleApplication$UnloadThread.run(MoMLSimpleApplication.java:402)
Caused by: ptolemy.kernel.util.IllegalActionException: SubscriberPorts cannot be used at the top level, use a Subscriber actor instead.
  in .PublisherSubscriberPortToplevel.SubscriberPort
	at ptolemy.actor.SubscriberPort.preinitialize(SubscriberPort.java:328)
	at ptolemy.actor.CompositeActor.preinitialize(CompositeActor.java:1769)
	at ptolemy.actor.Manager.preinitializeAndResolveTypes(Manager.java:1040)
	at ptolemy.actor.Manager.initialize(Manager.java:710)
	at ptolemy.actor.Manager.execute(Manager.java:356)
	at ptolemy.actor.Manager.run(Manager.java:1263)
	at ptolemy.actor.Manager$PtolemyRunThread.run(Manager.java:1915)
java.lang.reflect.InvocationTargetException
	at sun.reflect.NativeConstructorAccessorImpl.newInstance0(Native Method)
	at sun.reflect.NativeConstructorAccessorImpl.newInstance(NativeConstructorAccessorImpl.java:62)
	at sun.reflect.DelegatingConstructorAccessorImpl.newInstance(DelegatingConstructorAccessorImpl.java:45)
	at java.lang.reflect.Constructor.newInstance(Constructor.java:423)
	at ptolemy.util.test.junit.AutoKnownFailedTests.RunModel(AutoKnownFailedTests.java:107)
	at sun.reflect.NativeMethodAccessorImpl.invoke0(Native Method)
	at sun.reflect.NativeMethodAccessorImpl.invoke(NativeMethodAccessorImpl.java:62)
	at sun.reflect.DelegatingMethodAccessorImpl.invoke(DelegatingMethodAccessorImpl.java:43)
	at java.lang.reflect.Method.invoke(Method.java:498)
	at org.junit.runners.model.FrameworkMethod$1.runReflectiveCall(FrameworkMethod.java:44)
	at org.junit.internal.runners.model.ReflectiveCallable.run(ReflectiveCallable.java:15)
	at org.junit.runners.model.FrameworkMethod.invokeExplosively(FrameworkMethod.java:41)
	at junitparams.internal.InvokeParameterisedMethod.evaluate(InvokeParameterisedMethod.java:102)
	at org.junit.internal.runners.statements.FailOnTimeout$1.run(FailOnTimeout.java:28)
Caused by: ptolemy.kernel.util.IllegalActionException: SubscriberPorts cannot be used at the top level, use a Subscriber actor instead.
  in .PublisherSubscriberPortToplevel.SubscriberPort
	at ptolemy.actor.SubscriberPort.preinitialize(SubscriberPort.java:328)
	at ptolemy.actor.CompositeActor.preinitialize(CompositeActor.java:1769)
	at ptolemy.actor.Manager.preinitializeAndResolveTypes(Manager.java:1040)
	at ptolemy.actor.Manager.initialize(Manager.java:710)
	at ptolemy.actor.Manager.execute(Manager.java:356)
	at ptolemy.actor.Manager.run(Manager.java:1263)
	at ptolemy.actor.Manager$PtolemyRunThread.run(Manager.java:1915)
java.lang.RuntimeException: Execution failed
	at ptolemy.moml.MoMLSimpleApplication$UnloadThread.run(MoMLSimpleApplication.java:402)
Caused by: ptolemy.kernel.util.IllegalActionException: SubscriptionAggregatorPorts cannot be used at the top level, use a SubscriptionAggregator actor instead.
  in .PublisherSubscriptionAggregatorPort.SubscriptionAggregatorPort
	at ptolemy.actor.SubscriptionAggregatorPort.preinitialize(SubscriptionAggregatorPort.java:353)
	at ptolemy.actor.CompositeActor.preinitialize(CompositeActor.java:1769)
	at ptolemy.actor.Manager.preinitializeAndResolveTypes(Manager.java:1040)
	at ptolemy.actor.Manager.initialize(Manager.java:710)
	at ptolemy.actor.Manager.execute(Manager.java:356)
	at ptolemy.actor.Manager.run(Manager.java:1263)
	at ptolemy.actor.Manager$PtolemyRunThread.run(Manager.java:1915)
java.lang.reflect.InvocationTargetException
	at sun.reflect.NativeConstructorAccessorImpl.newInstance0(Native Method)
	at sun.reflect.NativeConstructorAccessorImpl.newInstance(NativeConstructorAccessorImpl.java:62)
	at sun.reflect.DelegatingConstructorAccessorImpl.newInstance(DelegatingConstructorAccessorImpl.java:45)
	at java.lang.reflect.Constructor.newInstance(Constructor.java:423)
	at ptolemy.util.test.junit.AutoKnownFailedTests.RunModel(AutoKnownFailedTests.java:107)
	at sun.reflect.NativeMethodAccessorImpl.invoke0(Native Method)
	at sun.reflect.NativeMethodAccessorImpl.invoke(NativeMethodAccessorImpl.java:62)
	at sun.reflect.DelegatingMethodAccessorImpl.invoke(DelegatingMethodAccessorImpl.java:43)
	at java.lang.reflect.Method.invoke(Method.java:498)
	at org.junit.runners.model.FrameworkMethod$1.runReflectiveCall(FrameworkMethod.java:44)
	at org.junit.internal.runners.model.ReflectiveCallable.run(ReflectiveCallable.java:15)
	at org.junit.runners.model.FrameworkMethod.invokeExplosively(FrameworkMethod.java:41)
	at junitparams.internal.InvokeParameterisedMethod.evaluate(InvokeParameterisedMethod.java:102)
	at org.junit.internal.runners.statements.FailOnTimeout$1.run(FailOnTimeout.java:28)
Caused by: ptolemy.kernel.util.IllegalActionException: SubscriptionAggregatorPorts cannot be used at the top level, use a SubscriptionAggregator actor instead.
  in .PublisherSubscriptionAggregatorPort.SubscriptionAggregatorPort
	at ptolemy.actor.SubscriptionAggregatorPort.preinitialize(SubscriptionAggregatorPort.java:353)
	at ptolemy.actor.CompositeActor.preinitialize(CompositeActor.java:1769)
	at ptolemy.actor.Manager.preinitializeAndResolveTypes(Manager.java:1040)
	at ptolemy.actor.Manager.initialize(Manager.java:710)
	at ptolemy.actor.Manager.execute(Manager.java:356)
	at ptolemy.actor.Manager.run(Manager.java:1263)
	at ptolemy.actor.Manager$PtolemyRunThread.run(Manager.java:1915)
java.lang.RuntimeException: Execution failed
	at ptolemy.moml.MoMLSimpleApplication$UnloadThread.run(MoMLSimpleApplication.java:402)
Caused by: ptolemy.kernel.util.IllegalActionException: TypeTest actor has no training data.
  in .sizedarray3.TypeTest
	at ptolemy.actor.lib.TypeTest.initialize(TypeTest.java:250)
	at ptolemy.actor.Director.initialize(Director.java:938)
	at ptolemy.actor.Director.initialize(Director.java:907)
	at ptolemy.actor.sched.StaticSchedulingDirector.initialize(StaticSchedulingDirector.java:159)
	at ptolemy.domains.sdf.kernel.SDFDirector.initialize(SDFDirector.java:544)
	at ptolemy.actor.CompositeActor.initialize(CompositeActor.java:935)
	at ptolemy.actor.Manager.initialize(Manager.java:724)
	at ptolemy.actor.Manager.execute(Manager.java:356)
	at ptolemy.actor.Manager.run(Manager.java:1263)
	at ptolemy.actor.Manager$PtolemyRunThread.run(Manager.java:1915)
java.lang.reflect.InvocationTargetException
	at sun.reflect.NativeConstructorAccessorImpl.newInstance0(Native Method)
	at sun.reflect.NativeConstructorAccessorImpl.newInstance(NativeConstructorAccessorImpl.java:62)
	at sun.reflect.DelegatingConstructorAccessorImpl.newInstance(DelegatingConstructorAccessorImpl.java:45)
	at java.lang.reflect.Constructor.newInstance(Constructor.java:423)
	at ptolemy.util.test.junit.AutoKnownFailedTests.RunModel(AutoKnownFailedTests.java:107)
	at sun.reflect.NativeMethodAccessorImpl.invoke0(Native Method)
	at sun.reflect.NativeMethodAccessorImpl.invoke(NativeMethodAccessorImpl.java:62)
	at sun.reflect.DelegatingMethodAccessorImpl.invoke(DelegatingMethodAccessorImpl.java:43)
	at java.lang.reflect.Method.invoke(Method.java:498)
	at org.junit.runners.model.FrameworkMethod$1.runReflectiveCall(FrameworkMethod.java:44)
	at org.junit.internal.runners.model.ReflectiveCallable.run(ReflectiveCallable.java:15)
	at org.junit.runners.model.FrameworkMethod.invokeExplosively(FrameworkMethod.java:41)
	at junitparams.internal.InvokeParameterisedMethod.evaluate(InvokeParameterisedMethod.java:102)
	at org.junit.internal.runners.statements.FailOnTimeout$1.run(FailOnTimeout.java:28)
Caused by: ptolemy.kernel.util.IllegalActionException: TypeTest actor has no training data.
  in .sizedarray3.TypeTest
	at ptolemy.actor.lib.TypeTest.initialize(TypeTest.java:250)
	at ptolemy.actor.Director.initialize(Director.java:938)
	at ptolemy.actor.Director.initialize(Director.java:907)
	at ptolemy.actor.sched.StaticSchedulingDirector.initialize(StaticSchedulingDirector.java:159)
	at ptolemy.domains.sdf.kernel.SDFDirector.initialize(SDFDirector.java:544)
	at ptolemy.actor.CompositeActor.initialize(CompositeActor.java:935)
	at ptolemy.actor.Manager.initialize(Manager.java:724)
	at ptolemy.actor.Manager.execute(Manager.java:356)
	at ptolemy.actor.Manager.run(Manager.java:1263)
	at ptolemy.actor.Manager$PtolemyRunThread.run(Manager.java:1915)
]]></system-err>
</testsuite>
