<?xml version="1.0" encoding="UTF-8" ?>
<testsuite errors="0" failures="0" hostname="travis-job-feb77938-ca81-4397-9325-a84571bafa25" name="ptolemy.actor.lib.test.junit.JUnitTclTest" skipped="0" tests="517" time="59.011" timestamp="2020-10-16T15:48:59">
  <properties>
    <property name="npm.executable" value="npm" />
    <property name="env.TRAVIS_ROOT" value="/" />
    <property name="ptII.mk.exists" value="true" />
    <property name="env.TRAVIS_APP_HOST" value="build.travis-ci.com" />
    <property name="env.rvm_bin_path" value="/home/travis/.rvm/bin" />
    <property name="java.home" value="/usr/local/lib/jvm/openjdk11" />
    <property name="env.TRAVIS_JOB_NUMBER" value="1801.8" />
    <property name="env.TRAVIS_HOME" value="/home/travis" />
    <property name="env.DISPLAY" value=":99.0" />
    <property name="env.TRAVIS_INIT" value="systemd" />
    <property name="env.SSH_TTY" value="/dev/pts/0" />
    <property name="java.net.preferIPv4Stack" value="true" />
    <property name="env.RUN_TESTS" value="true" />
    <property name="timeout.short" value="1000000" />
    <property name="junit.formatter" value="xml" />
    <property name="env.TRAVIS_SUDO" value="true" />
    <property name="env.TRAVIS_JOB_NAME" value="" />
    <property name="env.TRAVIS_STACK_NODE_ATTRIBUTES" value="/.node-attributes.yml" />
    <property name="env.LOGNAME" value="travis" />
    <property name="env.PT_TRAVIS_TEST_CORE1_XML" value="true" />
    <property name="jsdoc.home" value="node_modules/@terraswarm/jsdoc" />
    <property name="debuglevel" value="source,lines,vars" />
    <property name="checkstyle.formatter" value="xml" />
    <property name="bin.vergil.makeable" value="true" />
    <property name="sun.os.patch.level" value="unknown" />
    <property name="java.vendor.url" value="http://java.oracle.com/" />
    <property name="env.TRAVIS_BUILD_WEB_URL" value="https://travis-ci.com/icyphy/ptII/builds/190498640" />
    <property name="java.version" value="11.0.2" />
    <property name="env.TZ" value="UTC" />
    <property name="env.TRAVIS_PULL_REQUEST_SHA" value="" />
    <property name="env.PT_NO_NET" value="true" />
    <property name="env.TRAVIS_SECURE_ENV_VARS" value="true" />
    <property name="java.vendor.url.bug" value="http://bugreport.java.com/bugreport/" />
    <property name="npmjs-org-is-up" value="true" />
    <property name="env.LANGUAGE" value="en_US.UTF-8" />
    <property name="env.SSH_CLIENT" value="10.16.3.15 58416 22" />
    <property name="env.GEM_HOME" value="/home/travis/.rvm/gems/ruby-2.5.3" />
    <property name="env.HAS_ANTARES_THREE_LITTLE_FRONZIES_BADGE" value="true" />
    <property name="java.version.date" value="2019-01-15" />
    <property name="env.PS4" value="+" />
    <property name="ant.project.invoked-targets" value="build,test.core1.xml" />
    <property name="env.TRAVIS_PULL_REQUEST_BRANCH" value="" />
    <property name="env.TRAVIS_REPO_SLUG" value="icyphy/ptII" />
    <property name="env.XDG_DATA_DIRS" value="/usr/local/share:/usr/share:/var/lib/snapd/desktop" />
    <property name="jdk.debug" value="release" />
    <property name="env.TRAVIS_APT_PROXY" value="http://build-cache.travisci.net" />
    <property name="env.TRAVIS_CPU_ARCH" value="amd64" />
    <property name="node.in.path" value="true" />
    <property name="user.name" value="travis" />
    <property name="java.maxmemory" value="1400m" />
    <property name="env.RUBY_VERSION" value="ruby-2.5.3" />
    <property name="env.LANG" value="en_US.UTF-8" />
    <property name="sun.io.unicode.encoding" value="UnicodeLittle" />
    <property name="sun.jnu.encoding" value="UTF-8" />
    <property name="java.runtime.name" value="OpenJDK Runtime Environment" />
    <property name="usefile" value="false" />
    <property name="return.code" value="0" />
    <property name="junit.single.formatter" value="plain" />
    <property name="env.DYLD_LIBRARY_PATH" value="/home/travis/pthla/certi-tools/lib:" />
    <property name="env.DEBIAN_FRONTEND" value="noninteractive" />
    <property name="env.SSH_CONNECTION" value="10.16.3.15 58416 10.30.255.12 22" />
    <property name="env.MYSQL_UNIX_PORT" value="/var/run/mysqld/mysqld.sock" />
    <property name="env.LC_ALL" value="en_US.UTF-8" />
    <property name="env.TRAVIS_ALLOW_FAILURE" value="" />
    <property name="env.TRAVIS_JOB_WEB_URL" value="https://travis-ci.com/icyphy/ptII/jobs/400710858" />
    <property name="java.specification.name" value="Java Platform API Specification" />
    <property name="node.works" value="true" />
    <property name="user.timezone" value="" />
    <property name="path.separator" value=":" />
    <property name="env.TRAVIS_ENABLE_INFRA_DETECTION" value="true" />
    <property name="env.PYTHON_CFLAGS" value="-g -fstack-protector --param=ssp-buffer-size=4 -Wformat -Werror=format-security" />
    <property name="timeout.long" value="4000000" />
    <property name="env.CERTI_HOME" value="/home/travis/pthla/certi-tools" />
    <property name="ant.file.ptII" value="/home/travis/build/icyphy/ptII/build.xml" />
    <property name="javadoc.packagenames" value="com.*,diva.*,lbnl.*,org.hlacerti.*,org.json.*,org.ptolemy.*,org.terraswarm.*,ptolemy.*,ptserver.*" />
    <property name="file.encoding" value="UTF-8" />
    <property name="env.TRAVIS_PULL_REQUEST_SLUG" value="" />
    <property name="ant.project.default-target" value="build" />
    <property name="env.GIT_ASKPASS" value="echo" />
    <property name="env.HOME" value="/home/travis" />
    <property name="sun.java.command" value="org.apache.tools.ant.taskdefs.optional.junit.JUnitTestRunner ptolemy.actor.lib.test.junit.JUnitTclTest skipNonTests=false filtertrace=true haltOnError=false haltOnFailure=false formatter=org.apache.tools.ant.taskdefs.optional.junit.OutErrSummaryJUnitResultFormatter showoutput=true outputtoformatters=true logfailedtests=true threadid=0 logtestlistenerevents=false formatter=org.apache.tools.ant.taskdefs.optional.junit.XMLJUnitResultFormatter,/home/travis/build/icyphy/ptII/reports/junit/TEST-ptolemy.actor.lib.test.junit.JUnitTclTest.xml crashfile=/home/travis/build/icyphy/ptII/junitvmwatcher3711155459824208436.properties propsfile=/home/travis/build/icyphy/ptII/junit17641835601815148509.properties" />
    <property name="env.COMPOSER_NO_INTERACTION" value="1" />
    <property name="env.MANPATH" value="/home/travis/.nvm/versions/node/v7.10.1/share/man:/home/travis/.rvm/rubies/ruby-2.5.3/share/man:/usr/local/cmake-3.12.4/man:/usr/local/clang-7.0.0/share/man:/usr/local/man:/usr/local/share/man:/usr/share/man:/home/travis/.rvm/man" />
    <property name="env.TRAVIS_TIMER_ID" value="13ab4880" />
    <property name="ant.file" value="/home/travis/build/icyphy/ptII/build.xml" />
    <property name="env.TRAVIS_COMMIT_RANGE" value="74248200255084cca0f8d02e5ad09f36c0965423...8f4ad28aa53cc81362f26fdbf8d406fb619899a6" />
    <property name="ptII.classpath.optional.property" value="/home/travis/build/icyphy/ptII/lib/bsh-2.0b4.jar:/home/travis/build/icyphy/ptII/lib/ptCal.jar:/home/travis/build/icyphy/ptII/lib/java_cup.jar:/home/travis/build/icyphy/ptII/lib/saxon8.jar:/home/travis/build/icyphy/ptII/lib/saxon8-dom.jar:/home/travis/build/icyphy/ptII/lib/chic.jar:/home/travis/build/icyphy/ptII/lib/ptcolt.jar:/home/travis/build/icyphy/ptII/vendors/misc/itext/iText.jar:/home/travis/build/icyphy/ptII/lib/g4ltl.jar:/home/travis/build/icyphy/ptII/lib/StructuralCoder.jar:/home/travis/build/icyphy/ptII/lib/jcerti.jar:/home/travis/build/icyphy/ptII/lib/javax.mail.jar:/home/travis/build/icyphy/ptII/vendors/JMF-2.1.1e/lib/jmf.jar:/home/travis/build/icyphy/ptII/lib/jna-4.0.0-variadic.jar:/home/travis/build/icyphy/ptII/vendors/misc/joystick/Joystick.jar:/home/travis/build/icyphy/ptII/lib/ptjacl.jar:/home/travis/build/icyphy/ptII/lib/jsoup-1.8.2.jar:/home/travis/build/icyphy/ptII/lib/junit-4.8.2.jar:/home/travis/build/icyphy/ptII/lib/JUnitParams-0.4.0.jar:/home/travis/build/icyphy/ptII/ptolemy/actor/lib/excel/jxl.jar:/home/travis/build/icyphy/ptII/lib/jython.jar:/home/travis/build/icyphy/ptII/lib/kieler.jar:/home/travis/build/icyphy/ptII/vendors/opencv/share/OpenCV/java/opencv-341.jar:/home/travis/build/icyphy/ptII/lib/oscP5.jar:/home/travis/build/icyphy/ptII/lib/nrjavaserial-3.11.0.devel.jar:/home/travis/build/icyphy/ptII/vendors/j3d/lib/Linux/j3dcore.jar:/home/travis/build/icyphy/ptII/vendors/j3d/lib/Linux/j3dutils.jar:/home/travis/build/icyphy/ptII/vendors/j3d/lib/Linux/vecmath.jar:/home/travis/build/icyphy/ptII/vendors/jogl/lib/Linux/gluegen-rt-natives-linux-amd64.jar:/home/travis/build/icyphy/ptII/vendors/jogl/lib/Linux/gluegen-rt.jar:/home/travis/build/icyphy/ptII/vendors/jogl/lib/Linux/jogl-all-natives-linux-amd64.jar:/home/travis/build/icyphy/ptII/vendors/jogl/lib/Linux/jogl-all.jar:/home/travis/build/icyphy/ptII/ptolemy/distributed/jini/jar/jini-core.jar:/home/travis/build/icyphy/ptII/ptolemy/distributed/jini/jar/jini-ext.jar:/home/travis/build/icyphy/ptII/ptolemy/distributed/jini/jar/sun-util.jar:/home/travis/build/icyphy/ptII/lib/protobuf-java-2.4.1.jar:/home/travis/build/icyphy/ptII/lib/org.eclipse.paho.client.mqttv3.jar:/home/travis/build/icyphy/ptII/lib/mapss.jar:/home/travis/build/icyphy/ptII/ptolemy/actor/ptalon/antlr/antlr.jar:/home/travis/build/icyphy/ptII/lib/JRI.jar:/home/travis/build/icyphy/ptII/lib/commons-lang-2.6.jar:/home/travis/build/icyphy/ptII/lib/commons-logging-1.1.1.jar:/home/travis/build/icyphy/ptII/lib/sootclasses.jar:/home/travis/build/icyphy/ptII/ptolemy/actor/lib/database/mysql-connector-java-5.1.6-bin.jar:/home/travis/build/icyphy/ptII/vendors/misc/sphinx4/sphinx4-data-5prealpha.jar:/home/travis/build/icyphy/ptII/vendors/misc/sphinx4/sphinx4-core-5prealpha.jar:/home/travis/build/icyphy/ptII/lib/PDFRenderer.jar:/home/travis/build/icyphy/ptII/lib/svgSalamander.jar:/home/travis/build/icyphy/ptII/lib/rsyntaxtextarea-2.6.0-SNAPSHOT.jar:/home/travis/build/icyphy/ptII/lib/hazelcast-3.8.2.jar:/home/travis/build/icyphy/ptII/lib/jackson-annotations-2.9.0.jar:/home/travis/build/icyphy/ptII/lib/jackson-core-2.9.3.jar:/home/travis/build/icyphy/ptII/lib/jackson-databind-2.9.3.jar:/home/travis/build/icyphy/ptII/lib/netty-buffer-4.1.19.Final.jar:/home/travis/build/icyphy/ptII/lib/netty-codec-4.1.19.Final.jar:/home/travis/build/icyphy/ptII/lib/netty-codec-dns-4.1.19.Final.jar:/home/travis/build/icyphy/ptII/lib/netty-codec-http-4.1.19.Final.jar:/home/travis/build/icyphy/ptII/lib/netty-codec-http2-4.1.19.Final.jar:/home/travis/build/icyphy/ptII/lib/netty-common-4.1.19.Final.jar:/home/travis/build/icyphy/ptII/lib/netty-handler-4.1.19.Final.jar:/home/travis/build/icyphy/ptII/lib/netty-resolver-4.1.19.Final.jar:/home/travis/build/icyphy/ptII/lib/netty-resolver-dns-4.1.19.Final.jar:/home/travis/build/icyphy/ptII/lib/netty-transport-4.1.19.Final.jar:/home/travis/build/icyphy/ptII/lib/vertx-codegen-3.5.1.jar:/home/travis/build/icyphy/ptII/lib/vertx-core-3.5.2-SNAPSHOT.jar:/home/travis/build/icyphy/ptII/lib/vertx-hazelcast-3.5.1.jar:/home/travis/build/icyphy/ptII/lib/vertx-lang-js-3.5.1.jar:/home/travis/build/icyphy/ptII/lib/vertx-service-proxy-3.5.1.jar:/home/travis/build/icyphy/ptII/lib/vertx-web-3.5.1.jar:/home/travis/build/icyphy/ptII/lib/slf4j-api-1.7.13.jar:/home/travis/build/icyphy/ptII/lib/slf4j-simple-1.7.13.jar:/home/travis/build/icyphy/ptII/lib/webcam-capture-0.3.12.jar:/home/travis/build/icyphy/ptII/lib/bridj-0.7.0.jar:/home/travis/build/icyphy/ptII/lib/xbjlib-1.1.0.nrjavaserial.jar" />
    <property name="timeout" value="2400000" />
    <property name="test.batch" value="**/junit/*.java" />
    <property name="env._" value="/usr/bin/timeout" />
    <property name="java.io.tmpdir" value="/tmp" />
    <property name="user.language" value="en" />
    <property name="env.TRAVIS_INTERNAL_RUBY_REGEX" value="^ruby-(2\.[0-4]\.[0-9]|1\.9\.3)" />
    <property name="env.HISTCONTROL" value="ignoredups:ignorespace" />
    <property name="env.GOROOT" value="/home/travis/.gimme/versions/go1.11.1.linux.amd64" />
    <property name="line.separator" value="&#xa;" />
    <property name="target" value="11" />
    <property name="env.TRAVIS_BUILD_DIR" value="/home/travis/build/icyphy/ptII" />
    <property name="env.ANT_OPTS" value="-Xmx2048m" />
    <property name="ant.file.type" value="file" />
    <property name="ptolemy.ptII.batchMode" value="true" />
    <property name="env.HISTSIZE" value="1000" />
    <property name="env.MERB_ENV" value="test" />
    <property name="java.vm.info" value="mixed mode" />
    <property name="source" value="11" />
    <property name="java.vm.specification.name" value="Java Virtual Machine Specification" />
    <property name="env.TRAVIS_TEST_RESULT" value="0" />
    <property name="jsdoc.command" value="node_modules/@terraswarm/jsdoc/jsdoc.js" />
    <property name="npm.works" value="true" />
    <property name="cobertura.dir" value="/home/travis/build/icyphy/ptII/vendors/cobertura-2.0.3" />
    <property name="jsdoc.command.exists" value="true" />
    <property name="env.rvm_path" value="/home/travis/.rvm" />
    <property name="env.GEM_PATH" value="/home/travis/.rvm/gems/ruby-2.5.3:/home/travis/.rvm/gems/ruby-2.5.3@global" />
    <property name="env.LC_CTYPE" value="en_US.UTF-8" />
    <property name="env.TRAVIS_CMD" value="$PTII/bin/ptIITravisBuild.sh $SECONDS" />
    <property name="java.awt.printerjob" value="sun.print.PSPrinterJob" />
    <property name="env.TRAVIS_STACK_NAME" value="sardonyx" />
    <property name="env.TRAVIS_TIMER_START_TIME" value="1602862786598002987" />
    <property name="ant.version" value="Apache Ant(TM) version 1.10.1 compiled on February 2 2017" />
    <property name="ptII.reports" value="/home/travis/build/icyphy/ptII/reports" />
    <property name="env.TRAVIS_STACK_TIMESTAMP" value="2020-06-24 13:13:18 UTC" />
    <property name="ant.file.type.ptII" value="file" />
    <property name="env.RBENV_SHELL" value="bash" />
    <property name="os.name" value="Linux" />
    <property name="java.specification.vendor" value="Oracle Corporation" />
    <property name="env.rvm_version" value="1.29.10 (latest)" />
    <property name="env.TRAVIS_INFRA" value="unknown" />
    <property name="env.TERM" value="xterm" />
    <property name="java.vm.name" value="OpenJDK 64-Bit Server VM" />
    <property name="env.TRAVIS_BUILD_NUMBER" value="1801" />
    <property name="env.CI" value="true" />
    <property name="java.library.path" value="/home/travis/pthla/certi-tools/lib:/usr/lib/jni:/usr/local/share/OpenCV/java/:/usr/share/OpenCV/java::/usr/java/packages/lib:/usr/lib64:/lib64:/lib:/usr/lib" />
    <property name="jdk.module.path" value="/home/travis/build/icyphy/ptII/vendors/javafx/javafx-sdk-11.0.2/lib:" />
    <property name="env.rvm_prefix" value="/home/travis" />
    <property name="env.PATH" value="/home/travis/pthla/certi-tools/share/scripts:/home/travis/.rvm/gems/ruby-2.5.3/bin:/home/travis/.rvm/gems/ruby-2.5.3@global/bin:/home/travis/.rvm/rubies/ruby-2.5.3/bin:/home/travis/.rvm/bin:/home/travis/.nvm/versions/node/v7.10.1/bin:./node_modules/.bin:/home/travis/build/icyphy/ptII/bin:/home/travis/pthla/certi-tools/bin:/home/travis/bin:/home/travis/.local/bin:/usr/local/lib/jvm/openjdk11/bin:/opt/pyenv/shims:/home/travis/.phpenv/shims:/home/travis/perl5/perlbrew/bin:/home/travis/gopath/bin:/home/travis/.gimme/versions/go1.11.1.linux.amd64/bin:/usr/local/maven-3.6.3/bin:/usr/local/cmake-3.12.4/bin:/usr/local/clang-7.0.0/bin:/usr/local/sbin:/usr/local/bin:/usr/sbin:/usr/bin:/sbin:/bin:/snap/bin:/home/travis/.phpenv/bin:/opt/pyenv/bin:/home/travis/.yarn/bin" />
    <property name="env.TRAVIS_OS_NAME" value="linux" />
    <property name="ant.java.version" value="9" />
    <property name="basedir" value="/home/travis/build/icyphy/ptII" />
    <property name="java.class.version" value="55.0" />
    <property name="env.SHLVL" value="3" />
    <property name="env.LD_LIBRARY_PATH" value="/home/travis/pthla/certi-tools/lib:/usr/lib/jni:/usr/local/share/OpenCV/java/:/usr/share/OpenCV/java:" />
    <property name="env.RACK_ENV" value="test" />
    <property name="ant.home" value="/home/travis/build/icyphy/ptII/ant" />
    <property name="env.NVM_DIR" value="/home/travis/.nvm" />
    <property name="env.CERTI_FOM_PATH" value="/home/travis/pthla/certi-tools/share/federations" />
    <property name="env.TRAVIS_BUILD_ID" value="190498640" />
    <property name="env.PYENV_ROOT" value="/opt/pyenv" />
    <property name="env.TRAVIS_UID" value="2000" />
    <property name="prism.verbose" value="true" />
    <property name="env.NVM_BIN" value="/home/travis/.nvm/versions/node/v7.10.1/bin" />
    <property name="env.TRAVIS_COMMIT" value="8f4ad28aa53cc81362f26fdbf8d406fb619899a6" />
    <property name="node.executable" value="node" />
    <property name="sun.boot.library.path" value="/usr/local/lib/jvm/openjdk11/lib" />
    <property name="sun.management.compiler" value="HotSpot 64-Bit Tiered Compilers" />
    <property name="java.awt.graphicsenv" value="sun.awt.X11GraphicsEnvironment" />
    <property name="env.GOPATH" value="/home/travis/gopath" />
    <property name="ptolemy.ptII.dir" value="/home/travis/build/icyphy/ptII" />
    <property name="env.USER" value="travis" />
    <property name="env.HISTFILESIZE" value="2000" />
    <property name="env.NVM_INC" value="/home/travis/.nvm/versions/node/v7.10.1/include/node" />
    <property name="timeout.longest" value="19000000" />
    <property name="env.PERLBREW_SHELLRC_VERSION" value="0.88" />
    <property name="env.TRAVIS_STACK_FEATURES" value="basic couchdb disabled-ipv6 docker docker-compose elasticsearch firefox go-toolchain google-chrome jdk memcached mongodb mysql nodejs_interpreter perl_interpreter perlbrew phantomjs postgresql python_interpreter redis ruby_interpreter sqlite xserver" />
    <property name="env.TRAVIS_PULL_REQUEST" value="false" />
    <property name="env.PYENV_SHELL" value="bash" />
    <property name="ant.project.name" value="ptII" />
    <property name="env.ANSI_RESET" value="\033[0m" />
    <property name="java.vm.specification.version" value="11" />
    <property name="env.TRAVIS_DIST" value="xenial" />
    <property name="env.CERTI_VERSION" value="4.0.0" />
    <property name="env.CERTI_HOST" value="localhost" />
    <property name="awt.toolkit" value="sun.awt.X11.XToolkit" />
    <property name="env.MY_RUBY_HOME" value="/home/travis/.rvm/rubies/ruby-2.5.3" />
    <property name="sun.cpu.isalist" value="" />
    <property name="env.TRAVIS_TMPDIR" value="/tmp/tmp.dxPvO2oyZh" />
    <property name="java.vm.compressedOopsMode" value="Zero based" />
    <property name="os.version" value="4.15.0-1077-gcp" />
    <property name="user.home" value="/home/travis" />
    <property name="java.vm.vendor" value="Oracle Corporation" />
    <property name="env.TRAVIS_TAG" value="nightly" />
    <property name="env.ANSI_YELLOW" value="\033[33;1m" />
    <property name="env.TRAVIS_FILTERED" value="redirect_io" />
    <property name="env.ANSI_GREEN" value="\033[32;1m" />
    <property name="env.JAVA_HOME" value="/usr/local/lib/jvm/openjdk11" />
    <property name="javadoc.excludepackagenames" value="adm.cvs2svn.*,build.*,config.*,doc.coding.templates.*,jni.test.jni.meaningOfLife.*,jni.test.jni.testDeux.*,jni.test.jni.testTrois.*,org.terraswarm.accessor.accessors.web.node_modules.*,org.terraswarm.accessor.accessors.web.hosts.cordova.demo.*,org.terraswarm.accessor.accessors.web.hosts.cordova.plugins.*,org.terraswarm.accessor.accessors-svn.*,pt-modules.*,ptolemy.apps.agilent.*,ptolemy.apps.anytimecontrol.*,ptolemy.apps.apes.*,ptolemy.apps.charon.*,ptolemy.apps.crazyboard.*,ptolemy.apps.eclipse.*,ptolemy.apps.etherealSting.*,ptolemy.apps.fullscreen.*,ptolemy.apps.giotto.*,ptolemy.apps.ia.*,ptolemy.apps.interfaces.*,ptolemy.apps.jmf.*,ptolemy.apps.kurt.*,ptolemy.apps.kvm.*,ptolemy.apps.lego.*,ptolemy.apps.lejos.*,ptolemy.apps.midp.*,ptolemy.apps.mobileCoding.*,ptolemy.apps.pendulum.*,ptolemy.apps.rijndael.*,ptolemy.apps.robot.*,ptolemy.apps.security.*,ptolemy.apps.sobel.*,ptolemy.apps.soot.*,ptolemy.apps.throttle.*,ptolemy.apps.tini.*,ptolemy.apps.transmission.*,ptolemy.apps.vergil.*,ptolemy.apps.waba.*,ptolemy.apps.websensor.*,ptolemy.apps.webstart.*,ptolemy.apps.xsl.*,ptolemy.apps.zaurus.*,ptolemy.codegen.c.actor.lib.oldJavaFiles.*,ptolemy.codegen.dsp.lib.*,ptolemy.codegen.kernel.newInterfaces.*,ptolemy.codegen.lib.*,ptolemy.copernicus.kernel.fragment.*,ptolemy.copernicus.shallow.cg.*,ptolemy.domains.giotto.demo.Hierarchy.Hierarchy.*,ptolemy.domains.giotto.demo.Multimode.Multimode.*,ptolemy.domains.giotto.demo.Simple.Simple.*,ptolemy.domains.gr.lib.experimental.*,ptolemy.domains.gro.*,ptolemy.domains.pdf.*,ptolemy.domains.ptinyos.demo.Surge.output.*,ptolemy.moml.test.NoPackageActor.java*,ptolemy.plot.adm.*,ptolemy.plot.servlet.*,reports.*,signed.*,src.*,target.*,vendors.*,ptolemy.copernicus.applet.*,ptolemy.media.viewer.*,ptolemy.actor.corba.*,doc.doclets.*,ptolemy.apps.eclipse.awt.*,ptolemy.backtrack.*,ptolemy.backtrack.ast.*,ptolemy.cg.adapter.generic.program.procedural.c.mbed*,ptolemy.homer.*,ptolemy.actor.lib.jai.*,org.ptolemy.scala.*,diva.util.java2d.svg.*,ptolemy.domains.ptinyos.*,ptolemy.actor.lib.fmi.fmipp.*,,org.terraswarm.accessor.accessors.web.node_modules.*,org.terraswarm.accessor.accessors-svn,ptolemy.apps.*,ptolemy.actor.ptalon.demo.ptinyos.SendAndReceiveCnt.output,ptolemy.actor.ptalon.demo.ptinyos.SenseToLeds.output,ptolemy.domains.ptinyos.demo.CntToLedsAndRfm.output,ptolemy.domains.ptinyos.demo.RfmToLeds.output,ptolemy.domains.ptinyos.demo.SendAndReceiveCnt.output,ptolemy.domains.ptinyos.demo.SenseToLeds.output,ptolemy.actor.lib.jjs.modules.udpSocket.*" />
    <property name="env.PTII" value="/home/travis/build/icyphy/ptII" />
    <property name="env.XDG_SESSION_ID" value="2" />
    <property name="keystore" value="ptKeystore" />
    <property name="env.TRAVIS_COMMIT_MESSAGE" value="Fixing federation name in some FED files and data types in some FDD files." />
    <property name="junit.output.dir" value="/home/travis/build/icyphy/ptII/reports/junit" />
    <property name="npm.return.code" value="0" />
    <property name="user.dir" value="/home/travis/build/icyphy/ptII/ptolemy/actor/lib/test" />
    <property name="env.TRAVIS_NODE_VERSION" value="7" />
    <property name="env.TRAVIS_EVENT_TYPE" value="cron" />
    <property name="env.MAIL" value="/var/mail/travis" />
    <property name="env.PERLBREW_ROOT" value="/home/travis/perl5/perlbrew" />
    <property name="env.PWD" value="/home/travis/build/icyphy/ptII" />
    <property name="timeout.npm" value="45000" />
    <property name="env.TRAVIS_ARCH" value="amd64" />
    <property name="sun.cpu.endian" value="little" />
    <property name="env.PAGER" value="cat" />
    <property name="env.TRAVIS_BUILD_STAGE_NAME" value="test" />
    <property name="env.PERLBREW_HOME" value="/home/travis/.perlbrew" />
    <property name="java.vm.version" value="11.0.2+9" />
    <property name="env.RAILS_ENV" value="test" />
    <property name="java.class.path" value="/home/travis/.ptolemyII:/home/travis/.ptolemyII/*:/home/travis/build/icyphy/ptII:/home/travis/build/icyphy/ptII/lib/bsh-2.0b4.jar:/home/travis/build/icyphy/ptII/lib/ptCal.jar:/home/travis/build/icyphy/ptII/lib/java_cup.jar:/home/travis/build/icyphy/ptII/lib/saxon8.jar:/home/travis/build/icyphy/ptII/lib/saxon8-dom.jar:/home/travis/build/icyphy/ptII/lib/chic.jar:/home/travis/build/icyphy/ptII/lib/ptcolt.jar:/home/travis/build/icyphy/ptII/vendors/misc/itext/iText.jar:/home/travis/build/icyphy/ptII/lib/g4ltl.jar:/home/travis/build/icyphy/ptII/lib/StructuralCoder.jar:/home/travis/build/icyphy/ptII/lib/jcerti.jar:/home/travis/build/icyphy/ptII/lib/javax.mail.jar:/home/travis/build/icyphy/ptII/vendors/JMF-2.1.1e/lib/jmf.jar:/home/travis/build/icyphy/ptII/lib/jna-4.0.0-variadic.jar:/home/travis/build/icyphy/ptII/vendors/misc/joystick/Joystick.jar:/home/travis/build/icyphy/ptII/lib/ptjacl.jar:/home/travis/build/icyphy/ptII/lib/jsoup-1.8.2.jar:/home/travis/build/icyphy/ptII/lib/junit-4.8.2.jar:/home/travis/build/icyphy/ptII/lib/JUnitParams-0.4.0.jar:/home/travis/build/icyphy/ptII/ptolemy/actor/lib/excel/jxl.jar:/home/travis/build/icyphy/ptII/lib/jython.jar:/home/travis/build/icyphy/ptII/lib/kieler.jar:/home/travis/build/icyphy/ptII/vendors/opencv/share/OpenCV/java/opencv-341.jar:/home/travis/build/icyphy/ptII/lib/oscP5.jar:/home/travis/build/icyphy/ptII/lib/nrjavaserial-3.11.0.devel.jar:/home/travis/build/icyphy/ptII/vendors/j3d/lib/Linux/j3dcore.jar:/home/travis/build/icyphy/ptII/vendors/j3d/lib/Linux/j3dutils.jar:/home/travis/build/icyphy/ptII/vendors/j3d/lib/Linux/vecmath.jar:/home/travis/build/icyphy/ptII/vendors/jogl/lib/Linux/gluegen-rt-natives-linux-amd64.jar:/home/travis/build/icyphy/ptII/vendors/jogl/lib/Linux/gluegen-rt.jar:/home/travis/build/icyphy/ptII/vendors/jogl/lib/Linux/jogl-all-natives-linux-amd64.jar:/home/travis/build/icyphy/ptII/vendors/jogl/lib/Linux/jogl-all.jar:/home/travis/build/icyphy/ptII/ptolemy/distributed/jini/jar/jini-core.jar:/home/travis/build/icyphy/ptII/ptolemy/distributed/jini/jar/jini-ext.jar:/home/travis/build/icyphy/ptII/ptolemy/distributed/jini/jar/sun-util.jar:/home/travis/build/icyphy/ptII/lib/protobuf-java-2.4.1.jar:/home/travis/build/icyphy/ptII/lib/org.eclipse.paho.client.mqttv3.jar:/home/travis/build/icyphy/ptII/lib/mapss.jar:/home/travis/build/icyphy/ptII/ptolemy/actor/ptalon/antlr/antlr.jar:/home/travis/build/icyphy/ptII/lib/JRI.jar:/home/travis/build/icyphy/ptII/lib/commons-lang-2.6.jar:/home/travis/build/icyphy/ptII/lib/commons-logging-1.1.1.jar:/home/travis/build/icyphy/ptII/lib/sootclasses.jar:/home/travis/build/icyphy/ptII/ptolemy/actor/lib/database/mysql-connector-java-5.1.6-bin.jar:/home/travis/build/icyphy/ptII/vendors/misc/sphinx4/sphinx4-data-5prealpha.jar:/home/travis/build/icyphy/ptII/vendors/misc/sphinx4/sphinx4-core-5prealpha.jar:/home/travis/build/icyphy/ptII/lib/PDFRenderer.jar:/home/travis/build/icyphy/ptII/lib/svgSalamander.jar:/home/travis/build/icyphy/ptII/lib/rsyntaxtextarea-2.6.0-SNAPSHOT.jar:/home/travis/build/icyphy/ptII/lib/hazelcast-3.8.2.jar:/home/travis/build/icyphy/ptII/lib/jackson-annotations-2.9.0.jar:/home/travis/build/icyphy/ptII/lib/jackson-core-2.9.3.jar:/home/travis/build/icyphy/ptII/lib/jackson-databind-2.9.3.jar:/home/travis/build/icyphy/ptII/lib/netty-buffer-4.1.19.Final.jar:/home/travis/build/icyphy/ptII/lib/netty-codec-4.1.19.Final.jar:/home/travis/build/icyphy/ptII/lib/netty-codec-dns-4.1.19.Final.jar:/home/travis/build/icyphy/ptII/lib/netty-codec-http-4.1.19.Final.jar:/home/travis/build/icyphy/ptII/lib/netty-codec-http2-4.1.19.Final.jar:/home/travis/build/icyphy/ptII/lib/netty-common-4.1.19.Final.jar:/home/travis/build/icyphy/ptII/lib/netty-handler-4.1.19.Final.jar:/home/travis/build/icyphy/ptII/lib/netty-resolver-4.1.19.Final.jar:/home/travis/build/icyphy/ptII/lib/netty-resolver-dns-4.1.19.Final.jar:/home/travis/build/icyphy/ptII/lib/netty-transport-4.1.19.Final.jar:/home/travis/build/icyphy/ptII/lib/vertx-codegen-3.5.1.jar:/home/travis/build/icyphy/ptII/lib/vertx-core-3.5.2-SNAPSHOT.jar:/home/travis/build/icyphy/ptII/lib/vertx-hazelcast-3.5.1.jar:/home/travis/build/icyphy/ptII/lib/vertx-lang-js-3.5.1.jar:/home/travis/build/icyphy/ptII/lib/vertx-service-proxy-3.5.1.jar:/home/travis/build/icyphy/ptII/lib/vertx-web-3.5.1.jar:/home/travis/build/icyphy/ptII/lib/slf4j-api-1.7.13.jar:/home/travis/build/icyphy/ptII/lib/slf4j-simple-1.7.13.jar:/home/travis/build/icyphy/ptII/lib/webcam-capture-0.3.12.jar:/home/travis/build/icyphy/ptII/lib/bridj-0.7.0.jar:/home/travis/build/icyphy/ptII/lib/xbjlib-1.1.0.nrjavaserial.jar:/home/travis/build/icyphy/ptII/ptolemy/moml/test:/home/travis/build/icyphy/ptII/ant/lib/ant-launcher.jar:/home/travis/build/icyphy/ptII/ant/lib/ant.jar:/home/travis/build/icyphy/ptII/ant/lib/ant-junit.jar:/home/travis/build/icyphy/ptII/ant/lib/ant-junit4.jar" />
    <property name="ant.library.dir" value="/home/travis/build/icyphy/ptII/ant/lib" />
    <property name="os.arch" value="amd64" />
    <property name="env.CONTINUOUS_INTEGRATION" value="true" />
    <property name="env.TRAVIS_LANGUAGE" value="node_js" />
    <property name="env.TRAVIS_STACK_LANGUAGES" value="__sardonyx__ c c++ clojure cplusplus cpp default generic go groovy java node_js php pure_java python ruby scala" />
    <property name="test.name" value="ptolemy.actor.lib.test.junit.JUnitTclTest" />
    <property name="env.APT_KEY_DONT_WARN_ON_DANGEROUS_USAGE" value="1" />
    <property name="sun.java.launcher" value="SUN_STANDARD" />
    <property name="env.PYTHON_CONFIGURE_OPTS" value="--enable-unicode=ucs4 --with-wide-unicode --enable-shared --enable-ipv6 --enable-loadable-sqlite-extensions --with-computed-gotos" />
    <property name="ant.core.lib" value="/home/travis/build/icyphy/ptII/ant/lib/ant.jar" />
    <property name="java.vm.specification.vendor" value="Oracle Corporation" />
    <property name="env.BCVTB_HOME" value="/home/travis/build/icyphy/ptII/lbnl" />
    <property name="file.separator" value="/" />
    <property name="spotbugs.home" value="/home/travis/build/icyphy/ptII/vendors/spotbugs-3.1.1" />
    <property name="java.runtime.version" value="11.0.2+9" />
    <property name="env.ANSI_CLEAR" value="\033[0K" />
    <property name="javafx.verbose" value="true" />
    <property name="env.HAS_JOSH_K_SEAL_OF_APPROVAL" value="true" />
    <property name="env.XDG_RUNTIME_DIR" value="/run/user/2000" />
    <property name="env.TRAVIS_OSX_IMAGE" value="" />
    <property name="env.TRAVIS_JOB_ID" value="400710858" />
    <property name="env.TRAVIS_BRANCH" value="master" />
    <property name="user.country" value="US" />
    <property name="env.CERTI_HOME_TRAVIS" value="/home/travis/pthla/certi-tools" />
    <property name="env.SHELL" value="/bin/bash" />
    <property name="java.maxmemory.large" value="3200m" />
    <property name="model" value="" />
    <property name="env.CASHER_DIR" value="/home/travis/.casher" />
    <property name="env.NVM_CD_FLAGS" value="" />
    <property name="java.vendor.version" value="18.9" />
    <property name="jshint.executable" value="/home/travis/node_modules/jshint/bin/jshint" />
    <property name="env.JRUBY_OPTS" value=" --client -J-XX:+TieredCompilation -J-XX:TieredStopAtLevel=1 -J-Xss2m -Xcompile.invokedynamic=false" />
    <property name="java.vendor" value="Oracle Corporation" />
    <property name="env.TRAVIS_PRE_CHEF_BOOTSTRAP_TIME" value="2020-06-24T13:13:03" />
    <property name="env.TRAVIS_STACK_JOB_BOARD_REGISTER" value="/.job-board-register.yml" />
    <property name="env.ANSI_RED" value="\033[31;1m" />
    <property name="java.specification.version" value="11" />
    <property name="env.IRBRC" value="/home/travis/.rvm/rubies/ruby-2.5.3/.irbrc" />
    <property name="env.TRAVIS" value="true" />
    <property name="sun.arch.data.model" value="64" />
  </properties>
  <testcase classname="ptolemy.util.test.junit.TclTests" name="[0] /home/travis/build/icyphy/ptII/ptolemy/actor/lib/test/AbsoluteValue.tcl (RunTclFile)" time="0.473" />
  <testcase classname="ptolemy.util.test.junit.TclTests" name="[1] /home/travis/build/icyphy/ptII/ptolemy/actor/lib/test/AddSubtract.tcl (RunTclFile)" time="0.149" />
  <testcase classname="ptolemy.util.test.junit.TclTests" name="[2] /home/travis/build/icyphy/ptII/ptolemy/actor/lib/test/Average.tcl (RunTclFile)" time="0.05" />
  <testcase classname="ptolemy.util.test.junit.TclTests" name="[3] /home/travis/build/icyphy/ptII/ptolemy/actor/lib/test/Bernoulli.tcl (RunTclFile)" time="0.03" />
  <testcase classname="ptolemy.util.test.junit.TclTests" name="[4] /home/travis/build/icyphy/ptII/ptolemy/actor/lib/test/Clock.tcl (RunTclFile)" time="0.072" />
  <testcase classname="ptolemy.util.test.junit.TclTests" name="[5] /home/travis/build/icyphy/ptII/ptolemy/actor/lib/test/Commutator.tcl (RunTclFile)" time="0.157" />
  <testcase classname="ptolemy.util.test.junit.TclTests" name="[6] /home/travis/build/icyphy/ptII/ptolemy/actor/lib/test/Const.tcl (RunTclFile)" time="0.071" />
  <testcase classname="ptolemy.util.test.junit.TclTests" name="[7] /home/travis/build/icyphy/ptII/ptolemy/actor/lib/test/CurrentTime.tcl (RunTclFile)" time="0.018" />
  <testcase classname="ptolemy.util.test.junit.TclTests" name="[8] /home/travis/build/icyphy/ptII/ptolemy/actor/lib/test/DB.tcl (RunTclFile)" time="0.019" />
  <testcase classname="ptolemy.util.test.junit.TclTests" name="[9] /home/travis/build/icyphy/ptII/ptolemy/actor/lib/test/DiscreteRandomSource.tcl (RunTclFile)" time="0.032" />
  <testcase classname="ptolemy.util.test.junit.TclTests" name="[10] /home/travis/build/icyphy/ptII/ptolemy/actor/lib/test/Distributor.tcl (RunTclFile)" time="0.072" />
  <testcase classname="ptolemy.util.test.junit.TclTests" name="[11] /home/travis/build/icyphy/ptII/ptolemy/actor/lib/test/Exit.tcl (RunTclFile)" time="0.097" />
  <testcase classname="ptolemy.util.test.junit.TclTests" name="[12] /home/travis/build/icyphy/ptII/ptolemy/actor/lib/test/Expression.tcl (RunTclFile)" time="0.082" />
  <testcase classname="ptolemy.util.test.junit.TclTests" name="[13] /home/travis/build/icyphy/ptII/ptolemy/actor/lib/test/Gaussian.tcl (RunTclFile)" time="0.352" />
  <testcase classname="ptolemy.util.test.junit.TclTests" name="[14] /home/travis/build/icyphy/ptII/ptolemy/actor/lib/test/IIR.tcl (RunTclFile)" time="0.034" />
  <testcase classname="ptolemy.util.test.junit.TclTests" name="[15] /home/travis/build/icyphy/ptII/ptolemy/actor/lib/test/Interpolator.tcl (RunTclFile)" time="0.1" />
  <testcase classname="ptolemy.util.test.junit.TclTests" name="[16] /home/travis/build/icyphy/ptII/ptolemy/actor/lib/test/MathFunction.tcl (RunTclFile)" time="0.057" />
  <testcase classname="ptolemy.util.test.junit.TclTests" name="[17] /home/travis/build/icyphy/ptII/ptolemy/actor/lib/test/Maximum.tcl (RunTclFile)" time="0.033" />
  <testcase classname="ptolemy.util.test.junit.TclTests" name="[18] /home/travis/build/icyphy/ptII/ptolemy/actor/lib/test/Minimum.tcl (RunTclFile)" time="0.03" />
  <testcase classname="ptolemy.util.test.junit.TclTests" name="[19] /home/travis/build/icyphy/ptII/ptolemy/actor/lib/test/MultiplyDivide.tcl (RunTclFile)" time="0.019" />
  <testcase classname="ptolemy.util.test.junit.TclTests" name="[20] /home/travis/build/icyphy/ptII/ptolemy/actor/lib/test/OrderedMerge.tcl (RunTclFile)" time="0.113" />
  <testcase classname="ptolemy.util.test.junit.TclTests" name="[21] /home/travis/build/icyphy/ptII/ptolemy/actor/lib/test/Publisher.tcl (RunTclFile)" time="0.732" />
  <testcase classname="ptolemy.util.test.junit.TclTests" name="[22] /home/travis/build/icyphy/ptII/ptolemy/actor/lib/test/Pulse.tcl (RunTclFile)" time="0.059" />
  <testcase classname="ptolemy.util.test.junit.TclTests" name="[23] /home/travis/build/icyphy/ptII/ptolemy/actor/lib/test/Ramp.tcl (RunTclFile)" time="2.032" />
  <testcase classname="ptolemy.util.test.junit.TclTests" name="[24] /home/travis/build/icyphy/ptII/ptolemy/actor/lib/test/RampContinuous.tcl (RunTclFile)" time="0.015" />
  <testcase classname="ptolemy.util.test.junit.TclTests" name="[25] /home/travis/build/icyphy/ptII/ptolemy/actor/lib/test/RecordAssembler.tcl (RunTclFile)" time="0.012" />
  <testcase classname="ptolemy.util.test.junit.TclTests" name="[26] /home/travis/build/icyphy/ptII/ptolemy/actor/lib/test/RecordDisassembler.tcl (RunTclFile)" time="0.016" />
  <testcase classname="ptolemy.util.test.junit.TclTests" name="[27] /home/travis/build/icyphy/ptII/ptolemy/actor/lib/test/Scale.tcl (RunTclFile)" time="0.015" />
  <testcase classname="ptolemy.util.test.junit.TclTests" name="[28] /home/travis/build/icyphy/ptII/ptolemy/actor/lib/test/SequentialClock.tcl (RunTclFile)" time="0.009" />
  <testcase classname="ptolemy.util.test.junit.TclTests" name="[29] /home/travis/build/icyphy/ptII/ptolemy/actor/lib/test/SetVariable.tcl (RunTclFile)" time="0.008" />
  <testcase classname="ptolemy.util.test.junit.TclTests" name="[30] /home/travis/build/icyphy/ptII/ptolemy/actor/lib/test/Sinewave.tcl (RunTclFile)" time="0.024" />
  <testcase classname="ptolemy.util.test.junit.TclTests" name="[31] /home/travis/build/icyphy/ptII/ptolemy/actor/lib/test/SubscriptionAggregator.tcl (RunTclFile)" time="2.158" />
  <testcase classname="ptolemy.util.test.junit.TclTests" name="[32] /home/travis/build/icyphy/ptII/ptolemy/actor/lib/test/Test.tcl (RunTclFile)" time="0.105" />
  <testcase classname="ptolemy.util.test.junit.TclTests" name="[33] /home/travis/build/icyphy/ptII/ptolemy/actor/lib/test/TestExceptionHandler.tcl (RunTclFile)" time="0.012" />
  <testcase classname="ptolemy.util.test.junit.TclTests" name="[34] /home/travis/build/icyphy/ptII/ptolemy/actor/lib/test/UnionDisassembler.tcl (RunTclFile)" time="0.064" />
  <testcase classname="ptolemy.util.test.junit.TclTests" name="[35] /home/travis/build/icyphy/ptII/ptolemy/actor/lib/test/VariableClock.tcl (RunTclFile)" time="0.028" />
  <testcase classname="ptolemy.util.test.junit.AutoKnownFailedTests" name="[0] /home/travis/build/icyphy/ptII/ptolemy/actor/lib/test/auto/knownFailedTests/PublisherPortToplevelSubscriber.xml (RunModel)" time="0.026" />
  <testcase classname="ptolemy.util.test.junit.AutoKnownFailedTests" name="[1] /home/travis/build/icyphy/ptII/ptolemy/actor/lib/test/auto/knownFailedTests/PublisherSubscriberPortToplevel.xml (RunModel)" time="0.019" />
  <testcase classname="ptolemy.util.test.junit.AutoKnownFailedTests" name="[2] /home/travis/build/icyphy/ptII/ptolemy/actor/lib/test/auto/knownFailedTests/PublisherSubscriptionAggregatorPort.xml (RunModel)" time="0.017" />
  <testcase classname="ptolemy.util.test.junit.AutoKnownFailedTests" name="[3] /home/travis/build/icyphy/ptII/ptolemy/actor/lib/test/auto/knownFailedTests/sizedarray3.xml (RunModel)" time="0.023" />
  <testcase classname="ptolemy.util.test.junit.AutoNameArchTests" name="[0] ThereAreNoAutoArchTests (RunModel)" time="0.001" />
  <testcase classname="ptolemy.util.test.junit.AutoTests" name="[0] /home/travis/build/icyphy/ptII/ptolemy/actor/lib/test/auto/AbsoluteValue.xml (RunModel)" time="0.092" />
  <testcase classname="ptolemy.util.test.junit.AutoTests" name="[1] /home/travis/build/icyphy/ptII/ptolemy/actor/lib/test/auto/AbsoluteValue2.xml (RunModel)" time="0.051" />
  <testcase classname="ptolemy.util.test.junit.AutoTests" name="[2] /home/travis/build/icyphy/ptII/ptolemy/actor/lib/test/auto/Accumulator.xml (RunModel)" time="0.069" />
  <testcase classname="ptolemy.util.test.junit.AutoTests" name="[3] /home/travis/build/icyphy/ptII/ptolemy/actor/lib/test/auto/Accumulator2.xml (RunModel)" time="0.044" />
  <testcase classname="ptolemy.util.test.junit.AutoTests" name="[4] /home/travis/build/icyphy/ptII/ptolemy/actor/lib/test/auto/Accumulator3.xml (RunModel)" time="0.027" />
  <testcase classname="ptolemy.util.test.junit.AutoTests" name="[5] /home/travis/build/icyphy/ptII/ptolemy/actor/lib/test/auto/ArrayAppend.xml (RunModel)" time="0.03" />
  <testcase classname="ptolemy.util.test.junit.AutoTests" name="[6] /home/travis/build/icyphy/ptII/ptolemy/actor/lib/test/auto/ArrayAppend2.xml (RunModel)" time="0.476" />
  <testcase classname="ptolemy.util.test.junit.AutoTests" name="[7] /home/travis/build/icyphy/ptII/ptolemy/actor/lib/test/auto/ArrayAppend3.xml (RunModel)" time="0.028" />
  <testcase classname="ptolemy.util.test.junit.AutoTests" name="[8] /home/travis/build/icyphy/ptII/ptolemy/actor/lib/test/auto/ArrayAppend4.xml (RunModel)" time="0.027" />
  <testcase classname="ptolemy.util.test.junit.AutoTests" name="[9] /home/travis/build/icyphy/ptII/ptolemy/actor/lib/test/auto/ArrayAppend5.xml (RunModel)" time="0.023" />
  <testcase classname="ptolemy.util.test.junit.AutoTests" name="[10] /home/travis/build/icyphy/ptII/ptolemy/actor/lib/test/auto/ArrayAppend6.xml (RunModel)" time="0.011" />
  <testcase classname="ptolemy.util.test.junit.AutoTests" name="[11] /home/travis/build/icyphy/ptII/ptolemy/actor/lib/test/auto/ArrayAppendPerformanceTest.xml (RunModel)" time="0.036" />
  <testcase classname="ptolemy.util.test.junit.AutoTests" name="[12] /home/travis/build/icyphy/ptII/ptolemy/actor/lib/test/auto/ArrayAppendWithEmptyInput.xml (RunModel)" time="0.027" />
  <testcase classname="ptolemy.util.test.junit.AutoTests" name="[13] /home/travis/build/icyphy/ptII/ptolemy/actor/lib/test/auto/ArrayAverage.xml (RunModel)" time="0.061" />
  <testcase classname="ptolemy.util.test.junit.AutoTests" name="[14] /home/travis/build/icyphy/ptII/ptolemy/actor/lib/test/auto/ArrayContains.xml (RunModel)" time="0.032" />
  <testcase classname="ptolemy.util.test.junit.AutoTests" name="[15] /home/travis/build/icyphy/ptII/ptolemy/actor/lib/test/auto/ArrayElement.xml (RunModel)" time="0.021" />
  <testcase classname="ptolemy.util.test.junit.AutoTests" name="[16] /home/travis/build/icyphy/ptII/ptolemy/actor/lib/test/auto/ArrayElementAsMatrix.xml (RunModel)" time="0.084" />
  <testcase classname="ptolemy.util.test.junit.AutoTests" name="[17] /home/travis/build/icyphy/ptII/ptolemy/actor/lib/test/auto/ArrayElementI.xml (RunModel)" time="0.011" />
  <testcase classname="ptolemy.util.test.junit.AutoTests" name="[18] /home/travis/build/icyphy/ptII/ptolemy/actor/lib/test/auto/ArrayExtract.xml (RunModel)" time="0.02" />
  <testcase classname="ptolemy.util.test.junit.AutoTests" name="[19] /home/travis/build/icyphy/ptII/ptolemy/actor/lib/test/auto/ArrayExtract2.xml (RunModel)" time="0.014" />
  <testcase classname="ptolemy.util.test.junit.AutoTests" name="[20] /home/travis/build/icyphy/ptII/ptolemy/actor/lib/test/auto/ArrayLength.xml (RunModel)" time="0.01" />
  <testcase classname="ptolemy.util.test.junit.AutoTests" name="[21] /home/travis/build/icyphy/ptII/ptolemy/actor/lib/test/auto/ArrayLevelCrossing.xml (RunModel)" time="0.03" />
  <testcase classname="ptolemy.util.test.junit.AutoTests" name="[22] /home/travis/build/icyphy/ptII/ptolemy/actor/lib/test/auto/ArrayLevelCrossing2.xml (RunModel)" time="0.022" />
  <testcase classname="ptolemy.util.test.junit.AutoTests" name="[23] /home/travis/build/icyphy/ptII/ptolemy/actor/lib/test/auto/ArrayPeakSearch.xml (RunModel)" time="0.033" />
  <testcase classname="ptolemy.util.test.junit.AutoTests" name="[24] /home/travis/build/icyphy/ptII/ptolemy/actor/lib/test/auto/ArrayPeakSearch2.xml (RunModel)" time="0.039" />
  <testcase classname="ptolemy.util.test.junit.AutoTests" name="[25] /home/travis/build/icyphy/ptII/ptolemy/actor/lib/test/auto/ArrayPeakSearch3.xml (RunModel)" time="0.032" />
  <testcase classname="ptolemy.util.test.junit.AutoTests" name="[26] /home/travis/build/icyphy/ptII/ptolemy/actor/lib/test/auto/ArrayRemoveElement.xml (RunModel)" time="0.024" />
  <testcase classname="ptolemy.util.test.junit.AutoTests" name="[27] /home/travis/build/icyphy/ptII/ptolemy/actor/lib/test/auto/ArraySort.xml (RunModel)" time="0.032" />
  <testcase classname="ptolemy.util.test.junit.AutoTests" name="[28] /home/travis/build/icyphy/ptII/ptolemy/actor/lib/test/auto/ArraySum.xml (RunModel)" time="0.017" />
  <testcase classname="ptolemy.util.test.junit.AutoTests" name="[29] /home/travis/build/icyphy/ptII/ptolemy/actor/lib/test/auto/ArrayToElements.xml (RunModel)" time="0.026" />
  <testcase classname="ptolemy.util.test.junit.AutoTests" name="[30] /home/travis/build/icyphy/ptII/ptolemy/actor/lib/test/auto/ArrayToMatrix.xml (RunModel)" time="0.052" />
  <testcase classname="ptolemy.util.test.junit.AutoTests" name="[31] /home/travis/build/icyphy/ptII/ptolemy/actor/lib/test/auto/ArrayUpdate1.xml (RunModel)" time="0.019" />
  <testcase classname="ptolemy.util.test.junit.AutoTests" name="[32] /home/travis/build/icyphy/ptII/ptolemy/actor/lib/test/auto/ArrayUpdate2.xml (RunModel)" time="0.024" />
  <testcase classname="ptolemy.util.test.junit.AutoTests" name="[33] /home/travis/build/icyphy/ptII/ptolemy/actor/lib/test/auto/ArrayUpdate3.xml (RunModel)" time="0.017" />
  <testcase classname="ptolemy.util.test.junit.AutoTests" name="[34] /home/travis/build/icyphy/ptII/ptolemy/actor/lib/test/auto/Assert1.xml (RunModel)" time="0.015" />
  <testcase classname="ptolemy.util.test.junit.AutoTests" name="[35] /home/travis/build/icyphy/ptII/ptolemy/actor/lib/test/auto/Assert2.xml (RunModel)" time="0.014" />
  <testcase classname="ptolemy.util.test.junit.AutoTests" name="[36] /home/travis/build/icyphy/ptII/ptolemy/actor/lib/test/auto/BooleanMultiplexor.xml (RunModel)" time="0.013" />
  <testcase classname="ptolemy.util.test.junit.AutoTests" name="[37] /home/travis/build/icyphy/ptII/ptolemy/actor/lib/test/auto/BooleanMultiplexor2.xml (RunModel)" time="0.023" />
  <testcase classname="ptolemy.util.test.junit.AutoTests" name="[38] /home/travis/build/icyphy/ptII/ptolemy/actor/lib/test/auto/BooleanMultiplexor3.xml (RunModel)" time="0.017" />
  <testcase classname="ptolemy.util.test.junit.AutoTests" name="[39] /home/travis/build/icyphy/ptII/ptolemy/actor/lib/test/auto/BooleanSelect.xml (RunModel)" time="0.048" />
  <testcase classname="ptolemy.util.test.junit.AutoTests" name="[40] /home/travis/build/icyphy/ptII/ptolemy/actor/lib/test/auto/BooleanSelect2.xml (RunModel)" time="0.014" />
  <testcase classname="ptolemy.util.test.junit.AutoTests" name="[41] /home/travis/build/icyphy/ptII/ptolemy/actor/lib/test/auto/BooleanSwitch.xml (RunModel)" time="0.025" />
  <testcase classname="ptolemy.util.test.junit.AutoTests" name="[42] /home/travis/build/icyphy/ptII/ptolemy/actor/lib/test/auto/BooleanSwitch2.xml (RunModel)" time="0.013" />
  <testcase classname="ptolemy.util.test.junit.AutoTests" name="[43] /home/travis/build/icyphy/ptII/ptolemy/actor/lib/test/auto/BooleanSwitchCloningBugWithClassRelationGroup.xml (RunModel)" time="0.024" />
  <testcase classname="ptolemy.util.test.junit.AutoTests" name="[44] /home/travis/build/icyphy/ptII/ptolemy/actor/lib/test/auto/BusActors.xml (RunModel)" time="0.038" />
  <testcase classname="ptolemy.util.test.junit.AutoTests" name="[45] /home/travis/build/icyphy/ptII/ptolemy/actor/lib/test/auto/ClassWrapper.xml (RunModel)" time="0.014" />
  <testcase classname="ptolemy.util.test.junit.AutoTests" name="[46] /home/travis/build/icyphy/ptII/ptolemy/actor/lib/test/auto/Clock.xml (RunModel)" time="0.007" />
  <testcase classname="ptolemy.util.test.junit.AutoTests" name="[47] /home/travis/build/icyphy/ptII/ptolemy/actor/lib/test/auto/Clock10.xml (RunModel)" time="0.014" />
  <testcase classname="ptolemy.util.test.junit.AutoTests" name="[48] /home/travis/build/icyphy/ptII/ptolemy/actor/lib/test/auto/Clock11.xml (RunModel)" time="0.017" />
  <testcase classname="ptolemy.util.test.junit.AutoTests" name="[49] /home/travis/build/icyphy/ptII/ptolemy/actor/lib/test/auto/Clock12.xml (RunModel)" time="0.017" />
  <testcase classname="ptolemy.util.test.junit.AutoTests" name="[50] /home/travis/build/icyphy/ptII/ptolemy/actor/lib/test/auto/Clock13.xml (RunModel)" time="0.012" />
  <testcase classname="ptolemy.util.test.junit.AutoTests" name="[51] /home/travis/build/icyphy/ptII/ptolemy/actor/lib/test/auto/Clock14.xml (RunModel)" time="0.016" />
  <testcase classname="ptolemy.util.test.junit.AutoTests" name="[52] /home/travis/build/icyphy/ptII/ptolemy/actor/lib/test/auto/Clock15.xml (RunModel)" time="0.016" />
  <testcase classname="ptolemy.util.test.junit.AutoTests" name="[53] /home/travis/build/icyphy/ptII/ptolemy/actor/lib/test/auto/Clock16.xml (RunModel)" time="0.079" />
  <testcase classname="ptolemy.util.test.junit.AutoTests" name="[54] /home/travis/build/icyphy/ptII/ptolemy/actor/lib/test/auto/Clock17.xml (RunModel)" time="0.054" />
  <testcase classname="ptolemy.util.test.junit.AutoTests" name="[55] /home/travis/build/icyphy/ptII/ptolemy/actor/lib/test/auto/Clock18.xml (RunModel)" time="0.043" />
  <testcase classname="ptolemy.util.test.junit.AutoTests" name="[56] /home/travis/build/icyphy/ptII/ptolemy/actor/lib/test/auto/Clock19.xml (RunModel)" time="0.031" />
  <testcase classname="ptolemy.util.test.junit.AutoTests" name="[57] /home/travis/build/icyphy/ptII/ptolemy/actor/lib/test/auto/Clock2.xml (RunModel)" time="0.013" />
  <testcase classname="ptolemy.util.test.junit.AutoTests" name="[58] /home/travis/build/icyphy/ptII/ptolemy/actor/lib/test/auto/Clock20.xml (RunModel)" time="0.021" />
  <testcase classname="ptolemy.util.test.junit.AutoTests" name="[59] /home/travis/build/icyphy/ptII/ptolemy/actor/lib/test/auto/Clock21.xml (RunModel)" time="0.009" />
  <testcase classname="ptolemy.util.test.junit.AutoTests" name="[60] /home/travis/build/icyphy/ptII/ptolemy/actor/lib/test/auto/Clock22.xml (RunModel)" time="0.008" />
  <testcase classname="ptolemy.util.test.junit.AutoTests" name="[61] /home/travis/build/icyphy/ptII/ptolemy/actor/lib/test/auto/Clock23.xml (RunModel)" time="0.045" />
  <testcase classname="ptolemy.util.test.junit.AutoTests" name="[62] /home/travis/build/icyphy/ptII/ptolemy/actor/lib/test/auto/Clock24.xml (RunModel)" time="0.014" />
  <testcase classname="ptolemy.util.test.junit.AutoTests" name="[63] /home/travis/build/icyphy/ptII/ptolemy/actor/lib/test/auto/Clock4.xml (RunModel)" time="0.014" />
  <testcase classname="ptolemy.util.test.junit.AutoTests" name="[64] /home/travis/build/icyphy/ptII/ptolemy/actor/lib/test/auto/Clock5.xml (RunModel)" time="0.013" />
  <testcase classname="ptolemy.util.test.junit.AutoTests" name="[65] /home/travis/build/icyphy/ptII/ptolemy/actor/lib/test/auto/Clock6.xml (RunModel)" time="0.009" />
  <testcase classname="ptolemy.util.test.junit.AutoTests" name="[66] /home/travis/build/icyphy/ptII/ptolemy/actor/lib/test/auto/Clock7.xml (RunModel)" time="0.009" />
  <testcase classname="ptolemy.util.test.junit.AutoTests" name="[67] /home/travis/build/icyphy/ptII/ptolemy/actor/lib/test/auto/Clock8.xml (RunModel)" time="0.014" />
  <testcase classname="ptolemy.util.test.junit.AutoTests" name="[68] /home/travis/build/icyphy/ptII/ptolemy/actor/lib/test/auto/Clock9.xml (RunModel)" time="0.012" />
  <testcase classname="ptolemy.util.test.junit.AutoTests" name="[69] /home/travis/build/icyphy/ptII/ptolemy/actor/lib/test/auto/CommDistDiscard.xml (RunModel)" time="0.023" />
  <testcase classname="ptolemy.util.test.junit.AutoTests" name="[70] /home/travis/build/icyphy/ptII/ptolemy/actor/lib/test/auto/Commutator.xml (RunModel)" time="0.014" />
  <testcase classname="ptolemy.util.test.junit.AutoTests" name="[71] /home/travis/build/icyphy/ptII/ptolemy/actor/lib/test/auto/Commutator2.xml (RunModel)" time="0.009" />
  <testcase classname="ptolemy.util.test.junit.AutoTests" name="[72] /home/travis/build/icyphy/ptII/ptolemy/actor/lib/test/auto/Commutator3.xml (RunModel)" time="0.012" />
  <testcase classname="ptolemy.util.test.junit.AutoTests" name="[73] /home/travis/build/icyphy/ptII/ptolemy/actor/lib/test/auto/Compare.xml (RunModel)" time="0.019" />
  <testcase classname="ptolemy.util.test.junit.AutoTests" name="[74] /home/travis/build/icyphy/ptII/ptolemy/actor/lib/test/auto/CompareDE.xml (RunModel)" time="0.022" />
  <testcase classname="ptolemy.util.test.junit.AutoTests" name="[75] /home/travis/build/icyphy/ptII/ptolemy/actor/lib/test/auto/ComplexDivide.xml (RunModel)" time="0.01" />
  <testcase classname="ptolemy.util.test.junit.AutoTests" name="[76] /home/travis/build/icyphy/ptII/ptolemy/actor/lib/test/auto/ComputeHistogram.xml (RunModel)" time="0.06" />
  <testcase classname="ptolemy.util.test.junit.AutoTests" name="[77] /home/travis/build/icyphy/ptII/ptolemy/actor/lib/test/auto/ConfigurationSelect.xml (RunModel)" time="0.019" />
  <testcase classname="ptolemy.util.test.junit.AutoTests" name="[78] /home/travis/build/icyphy/ptII/ptolemy/actor/lib/test/auto/ConfigurationSelect2.xml (RunModel)" time="0.014" />
  <testcase classname="ptolemy.util.test.junit.AutoTests" name="[79] /home/travis/build/icyphy/ptII/ptolemy/actor/lib/test/auto/ConfigurationSwitch.xml (RunModel)" time="0.023" />
  <testcase classname="ptolemy.util.test.junit.AutoTests" name="[80] /home/travis/build/icyphy/ptII/ptolemy/actor/lib/test/auto/ConfigurationSwitch2.xml (RunModel)" time="0.022" />
  <testcase classname="ptolemy.util.test.junit.AutoTests" name="[81] /home/travis/build/icyphy/ptII/ptolemy/actor/lib/test/auto/ConfigurationSwitchCloningBugWithClassRelationGroup.xml (RunModel)" time="0.015" />
  <testcase classname="ptolemy.util.test.junit.AutoTests" name="[82] /home/travis/build/icyphy/ptII/ptolemy/actor/lib/test/auto/ConfigurationSwitchSelectSDF.xml (RunModel)" time="0.011" />
  <testcase classname="ptolemy.util.test.junit.AutoTests" name="[83] /home/travis/build/icyphy/ptII/ptolemy/actor/lib/test/auto/ConfigurationSwitchSelectSDF2.xml (RunModel)" time="0.012" />
  <testcase classname="ptolemy.util.test.junit.AutoTests" name="[84] /home/travis/build/icyphy/ptII/ptolemy/actor/lib/test/auto/Const.xml (RunModel)" time="0.005" />
  <testcase classname="ptolemy.util.test.junit.AutoTests" name="[85] /home/travis/build/icyphy/ptII/ptolemy/actor/lib/test/auto/Const2.xml (RunModel)" time="0.007" />
  <testcase classname="ptolemy.util.test.junit.AutoTests" name="[86] /home/travis/build/icyphy/ptII/ptolemy/actor/lib/test/auto/Const3.xml (RunModel)" time="0.005" />
  <testcase classname="ptolemy.util.test.junit.AutoTests" name="[87] /home/travis/build/icyphy/ptII/ptolemy/actor/lib/test/auto/ConstantPublisherPort1.xml (RunModel)" time="0.021" />
  <testcase classname="ptolemy.util.test.junit.AutoTests" name="[88] /home/travis/build/icyphy/ptII/ptolemy/actor/lib/test/auto/ConstantPublisherPort2.xml (RunModel)" time="0.023" />
  <testcase classname="ptolemy.util.test.junit.AutoTests" name="[89] /home/travis/build/icyphy/ptII/ptolemy/actor/lib/test/auto/ConstantPublisherPort3.xml (RunModel)" time="0.021" />
  <testcase classname="ptolemy.util.test.junit.AutoTests" name="[90] /home/travis/build/icyphy/ptII/ptolemy/actor/lib/test/auto/ConstantPublisherPort4.xml (RunModel)" time="0.025" />
  <testcase classname="ptolemy.util.test.junit.AutoTests" name="[91] /home/travis/build/icyphy/ptII/ptolemy/actor/lib/test/auto/ConstantPublisherPort5.xml (RunModel)" time="0.044" />
  <testcase classname="ptolemy.util.test.junit.AutoTests" name="[92] /home/travis/build/icyphy/ptII/ptolemy/actor/lib/test/auto/ConstantPublisherPort6.xml (RunModel)" time="0.024" />
  <testcase classname="ptolemy.util.test.junit.AutoTests" name="[93] /home/travis/build/icyphy/ptII/ptolemy/actor/lib/test/auto/ConstantPublisherPort7.xml (RunModel)" time="0.037" />
  <testcase classname="ptolemy.util.test.junit.AutoTests" name="[94] /home/travis/build/icyphy/ptII/ptolemy/actor/lib/test/auto/ConstraintMonitor1.xml (RunModel)" time="0.036" />
  <testcase classname="ptolemy.util.test.junit.AutoTests" name="[95] /home/travis/build/icyphy/ptII/ptolemy/actor/lib/test/auto/ConstraintMonitor2.xml (RunModel)" time="0.009" />
  <testcase classname="ptolemy.util.test.junit.AutoTests" name="[96] /home/travis/build/icyphy/ptII/ptolemy/actor/lib/test/auto/ConstraintMonitor3.xml (RunModel)" time="0.014" />
  <testcase classname="ptolemy.util.test.junit.AutoTests" name="[97] /home/travis/build/icyphy/ptII/ptolemy/actor/lib/test/auto/ConstraintMonitor4.xml (RunModel)" time="0.028" />
  <testcase classname="ptolemy.util.test.junit.AutoTests" name="[98] /home/travis/build/icyphy/ptII/ptolemy/actor/lib/test/auto/ConstraintMonitor5.xml (RunModel)" time="0.014" />
  <testcase classname="ptolemy.util.test.junit.AutoTests" name="[99] /home/travis/build/icyphy/ptII/ptolemy/actor/lib/test/auto/ConstraintMonitor6.xml (RunModel)" time="0.015" />
  <testcase classname="ptolemy.util.test.junit.AutoTests" name="[100] /home/travis/build/icyphy/ptII/ptolemy/actor/lib/test/auto/ConstraintMonitor7.xml (RunModel)" time="0.014" />
  <testcase classname="ptolemy.util.test.junit.AutoTests" name="[101] /home/travis/build/icyphy/ptII/ptolemy/actor/lib/test/auto/ConstraintMonitor8.xml (RunModel)" time="0.02" />
  <testcase classname="ptolemy.util.test.junit.AutoTests" name="[102] /home/travis/build/icyphy/ptII/ptolemy/actor/lib/test/auto/Counter.xml (RunModel)" time="0.011" />
  <testcase classname="ptolemy.util.test.junit.AutoTests" name="[103] /home/travis/build/icyphy/ptII/ptolemy/actor/lib/test/auto/CurrentTimeSDF.xml (RunModel)" time="0.011" />
  <testcase classname="ptolemy.util.test.junit.AutoTests" name="[104] /home/travis/build/icyphy/ptII/ptolemy/actor/lib/test/auto/DB.xml (RunModel)" time="0.009" />
  <testcase classname="ptolemy.util.test.junit.AutoTests" name="[105] /home/travis/build/icyphy/ptII/ptolemy/actor/lib/test/auto/DBDE.xml (RunModel)" time="0.011" />
  <testcase classname="ptolemy.util.test.junit.AutoTests" name="[106] /home/travis/build/icyphy/ptII/ptolemy/actor/lib/test/auto/DateConstructor.xml (RunModel)" time="0.061" />
  <testcase classname="ptolemy.util.test.junit.AutoTests" name="[107] /home/travis/build/icyphy/ptII/ptolemy/actor/lib/test/auto/DelayTime.xml (RunModel)" time="0.017" />
  <testcase classname="ptolemy.util.test.junit.AutoTests" name="[108] /home/travis/build/icyphy/ptII/ptolemy/actor/lib/test/auto/Dictionary1.xml (RunModel)" time="0.021" />
  <testcase classname="ptolemy.util.test.junit.AutoTests" name="[109] /home/travis/build/icyphy/ptII/ptolemy/actor/lib/test/auto/Dictionary2.xml (RunModel)" time="0.014" />
  <testcase classname="ptolemy.util.test.junit.AutoTests" name="[110] /home/travis/build/icyphy/ptII/ptolemy/actor/lib/test/auto/Dictionary3.xml (RunModel)" time="0.01" />
  <testcase classname="ptolemy.util.test.junit.AutoTests" name="[111] /home/travis/build/icyphy/ptII/ptolemy/actor/lib/test/auto/Dictionary4.xml (RunModel)" time="0.015" />
  <testcase classname="ptolemy.util.test.junit.AutoTests" name="[112] /home/travis/build/icyphy/ptII/ptolemy/actor/lib/test/auto/Differential.xml (RunModel)" time="0.01" />
  <testcase classname="ptolemy.util.test.junit.AutoTests" name="[113] /home/travis/build/icyphy/ptII/ptolemy/actor/lib/test/auto/Director.xml (RunModel)" time="0.009" />
  <testcase classname="ptolemy.util.test.junit.AutoTests" name="[114] /home/travis/build/icyphy/ptII/ptolemy/actor/lib/test/auto/DiscreteClock.xml (RunModel)" time="0.005" />
  <testcase classname="ptolemy.util.test.junit.AutoTests" name="[115] /home/travis/build/icyphy/ptII/ptolemy/actor/lib/test/auto/DiscreteClock10.xml (RunModel)" time="0.01" />
  <testcase classname="ptolemy.util.test.junit.AutoTests" name="[116] /home/travis/build/icyphy/ptII/ptolemy/actor/lib/test/auto/DiscreteClock11.xml (RunModel)" time="0.009" />
  <testcase classname="ptolemy.util.test.junit.AutoTests" name="[117] /home/travis/build/icyphy/ptII/ptolemy/actor/lib/test/auto/DiscreteClock12.xml (RunModel)" time="0.011" />
  <testcase classname="ptolemy.util.test.junit.AutoTests" name="[118] /home/travis/build/icyphy/ptII/ptolemy/actor/lib/test/auto/DiscreteClock13.xml (RunModel)" time="0.012" />
  <testcase classname="ptolemy.util.test.junit.AutoTests" name="[119] /home/travis/build/icyphy/ptII/ptolemy/actor/lib/test/auto/DiscreteClock14.xml (RunModel)" time="0.012" />
  <testcase classname="ptolemy.util.test.junit.AutoTests" name="[120] /home/travis/build/icyphy/ptII/ptolemy/actor/lib/test/auto/DiscreteClock15.xml (RunModel)" time="0.012" />
  <testcase classname="ptolemy.util.test.junit.AutoTests" name="[121] /home/travis/build/icyphy/ptII/ptolemy/actor/lib/test/auto/DiscreteClock16.xml (RunModel)" time="0.036" />
  <testcase classname="ptolemy.util.test.junit.AutoTests" name="[122] /home/travis/build/icyphy/ptII/ptolemy/actor/lib/test/auto/DiscreteClock17.xml (RunModel)" time="0.033" />
  <testcase classname="ptolemy.util.test.junit.AutoTests" name="[123] /home/travis/build/icyphy/ptII/ptolemy/actor/lib/test/auto/DiscreteClock18.xml (RunModel)" time="0.039" />
  <testcase classname="ptolemy.util.test.junit.AutoTests" name="[124] /home/travis/build/icyphy/ptII/ptolemy/actor/lib/test/auto/DiscreteClock19.xml (RunModel)" time="0.039" />
  <testcase classname="ptolemy.util.test.junit.AutoTests" name="[125] /home/travis/build/icyphy/ptII/ptolemy/actor/lib/test/auto/DiscreteClock2.xml (RunModel)" time="0.012" />
  <testcase classname="ptolemy.util.test.junit.AutoTests" name="[126] /home/travis/build/icyphy/ptII/ptolemy/actor/lib/test/auto/DiscreteClock20.xml (RunModel)" time="0.012" />
  <testcase classname="ptolemy.util.test.junit.AutoTests" name="[127] /home/travis/build/icyphy/ptII/ptolemy/actor/lib/test/auto/DiscreteClock21.xml (RunModel)" time="0.012" />
  <testcase classname="ptolemy.util.test.junit.AutoTests" name="[128] /home/travis/build/icyphy/ptII/ptolemy/actor/lib/test/auto/DiscreteClock22.xml (RunModel)" time="0.011" />
  <testcase classname="ptolemy.util.test.junit.AutoTests" name="[129] /home/travis/build/icyphy/ptII/ptolemy/actor/lib/test/auto/DiscreteClock23.xml (RunModel)" time="0.013" />
  <testcase classname="ptolemy.util.test.junit.AutoTests" name="[130] /home/travis/build/icyphy/ptII/ptolemy/actor/lib/test/auto/DiscreteClock24.xml (RunModel)" time="0.011" />
  <testcase classname="ptolemy.util.test.junit.AutoTests" name="[131] /home/travis/build/icyphy/ptII/ptolemy/actor/lib/test/auto/DiscreteClock4.xml (RunModel)" time="0.013" />
  <testcase classname="ptolemy.util.test.junit.AutoTests" name="[132] /home/travis/build/icyphy/ptII/ptolemy/actor/lib/test/auto/DiscreteClock5.xml (RunModel)" time="0.008" />
  <testcase classname="ptolemy.util.test.junit.AutoTests" name="[133] /home/travis/build/icyphy/ptII/ptolemy/actor/lib/test/auto/DiscreteClock6.xml (RunModel)" time="0.008" />
  <testcase classname="ptolemy.util.test.junit.AutoTests" name="[134] /home/travis/build/icyphy/ptII/ptolemy/actor/lib/test/auto/DiscreteClock7.xml (RunModel)" time="0.008" />
  <testcase classname="ptolemy.util.test.junit.AutoTests" name="[135] /home/travis/build/icyphy/ptII/ptolemy/actor/lib/test/auto/DiscreteClock8.xml (RunModel)" time="0.022" />
  <testcase classname="ptolemy.util.test.junit.AutoTests" name="[136] /home/travis/build/icyphy/ptII/ptolemy/actor/lib/test/auto/DiscreteClock9.xml (RunModel)" time="0.01" />
  <testcase classname="ptolemy.util.test.junit.AutoTests" name="[137] /home/travis/build/icyphy/ptII/ptolemy/actor/lib/test/auto/DisplayArray.xml (RunModel)" time="0.024" />
  <testcase classname="ptolemy.util.test.junit.AutoTests" name="[138] /home/travis/build/icyphy/ptII/ptolemy/actor/lib/test/auto/Distributor.xml (RunModel)" time="0.006" />
  <testcase classname="ptolemy.util.test.junit.AutoTests" name="[139] /home/travis/build/icyphy/ptII/ptolemy/actor/lib/test/auto/Distributor2.xml (RunModel)" time="0.008" />
  <testcase classname="ptolemy.util.test.junit.AutoTests" name="[140] /home/travis/build/icyphy/ptII/ptolemy/actor/lib/test/auto/DownSample.xml (RunModel)" time="0.007" />
  <testcase classname="ptolemy.util.test.junit.AutoTests" name="[141] /home/travis/build/icyphy/ptII/ptolemy/actor/lib/test/auto/ElectronicUnitBase1.xml (RunModel)" time="0.061" />
  <testcase classname="ptolemy.util.test.junit.AutoTests" name="[142] /home/travis/build/icyphy/ptII/ptolemy/actor/lib/test/auto/ElementsToArray.xml (RunModel)" time="0.008" />
  <testcase classname="ptolemy.util.test.junit.AutoTests" name="[143] /home/travis/build/icyphy/ptII/ptolemy/actor/lib/test/auto/Equals.xml (RunModel)" time="0.012" />
  <testcase classname="ptolemy.util.test.junit.AutoTests" name="[144] /home/travis/build/icyphy/ptII/ptolemy/actor/lib/test/auto/Exec.xml (RunModel)" time="0.022" />
  <testcase classname="ptolemy.util.test.junit.AutoTests" name="[145] /home/travis/build/icyphy/ptII/ptolemy/actor/lib/test/auto/ExecEnvironment.xml (RunModel)" time="0.029" />
  <testcase classname="ptolemy.util.test.junit.AutoTests" name="[146] /home/travis/build/icyphy/ptII/ptolemy/actor/lib/test/auto/ExecNonZeroReturnOutput.xml (RunModel)" time="0.168" />
  <testcase classname="ptolemy.util.test.junit.AutoTests" name="[147] /home/travis/build/icyphy/ptII/ptolemy/actor/lib/test/auto/ExecRunDemos.xml (RunModel)" time="9.837" />
  <testcase classname="ptolemy.util.test.junit.AutoTests" name="[148] /home/travis/build/icyphy/ptII/ptolemy/actor/lib/test/auto/ExecStop.xml (RunModel)" time="5.036" />
  <testcase classname="ptolemy.util.test.junit.AutoTests" name="[149] /home/travis/build/icyphy/ptII/ptolemy/actor/lib/test/auto/ExecutionTimeSDF.xml (RunModel)" time="6.028" />
  <testcase classname="ptolemy.util.test.junit.AutoTests" name="[150] /home/travis/build/icyphy/ptII/ptolemy/actor/lib/test/auto/Expression1.xml (RunModel)" time="0.013" />
  <testcase classname="ptolemy.util.test.junit.AutoTests" name="[151] /home/travis/build/icyphy/ptII/ptolemy/actor/lib/test/auto/Expression10.xml (RunModel)" time="0.014" />
  <testcase classname="ptolemy.util.test.junit.AutoTests" name="[152] /home/travis/build/icyphy/ptII/ptolemy/actor/lib/test/auto/Expression11.xml (RunModel)" time="0.009" />
  <testcase classname="ptolemy.util.test.junit.AutoTests" name="[153] /home/travis/build/icyphy/ptII/ptolemy/actor/lib/test/auto/Expression12.xml (RunModel)" time="0.012" />
  <testcase classname="ptolemy.util.test.junit.AutoTests" name="[154] /home/travis/build/icyphy/ptII/ptolemy/actor/lib/test/auto/Expression13.xml (RunModel)" time="0.009" />
  <testcase classname="ptolemy.util.test.junit.AutoTests" name="[155] /home/travis/build/icyphy/ptII/ptolemy/actor/lib/test/auto/Expression14.xml (RunModel)" time="0.015" />
  <testcase classname="ptolemy.util.test.junit.AutoTests" name="[156] /home/travis/build/icyphy/ptII/ptolemy/actor/lib/test/auto/Expression15.xml (RunModel)" time="0.005" />
  <testcase classname="ptolemy.util.test.junit.AutoTests" name="[157] /home/travis/build/icyphy/ptII/ptolemy/actor/lib/test/auto/Expression16.xml (RunModel)" time="0.01" />
  <testcase classname="ptolemy.util.test.junit.AutoTests" name="[158] /home/travis/build/icyphy/ptII/ptolemy/actor/lib/test/auto/Expression17.xml (RunModel)" time="0.009" />
  <testcase classname="ptolemy.util.test.junit.AutoTests" name="[159] /home/travis/build/icyphy/ptII/ptolemy/actor/lib/test/auto/Expression18.xml (RunModel)" time="0.009" />
  <testcase classname="ptolemy.util.test.junit.AutoTests" name="[160] /home/travis/build/icyphy/ptII/ptolemy/actor/lib/test/auto/Expression2.xml (RunModel)" time="0.035" />
  <testcase classname="ptolemy.util.test.junit.AutoTests" name="[161] /home/travis/build/icyphy/ptII/ptolemy/actor/lib/test/auto/Expression3.xml (RunModel)" time="0.007" />
  <testcase classname="ptolemy.util.test.junit.AutoTests" name="[162] /home/travis/build/icyphy/ptII/ptolemy/actor/lib/test/auto/Expression4.xml (RunModel)" time="0.017" />
  <testcase classname="ptolemy.util.test.junit.AutoTests" name="[163] /home/travis/build/icyphy/ptII/ptolemy/actor/lib/test/auto/Expression5.xml (RunModel)" time="0.008" />
  <testcase classname="ptolemy.util.test.junit.AutoTests" name="[164] /home/travis/build/icyphy/ptII/ptolemy/actor/lib/test/auto/Expression6.xml (RunModel)" time="0.006" />
  <testcase classname="ptolemy.util.test.junit.AutoTests" name="[165] /home/travis/build/icyphy/ptII/ptolemy/actor/lib/test/auto/Expression7.xml (RunModel)" time="0.008" />
  <testcase classname="ptolemy.util.test.junit.AutoTests" name="[166] /home/travis/build/icyphy/ptII/ptolemy/actor/lib/test/auto/Expression8.xml (RunModel)" time="0.008" />
  <testcase classname="ptolemy.util.test.junit.AutoTests" name="[167] /home/travis/build/icyphy/ptII/ptolemy/actor/lib/test/auto/Expression9.xml (RunModel)" time="0.005" />
  <testcase classname="ptolemy.util.test.junit.AutoTests" name="[168] /home/travis/build/icyphy/ptII/ptolemy/actor/lib/test/auto/ExpressionConcatenateArrayType.xml (RunModel)" time="0.02" />
  <testcase classname="ptolemy.util.test.junit.AutoTests" name="[169] /home/travis/build/icyphy/ptII/ptolemy/actor/lib/test/auto/ExpressionConcatenateArrayType2.xml (RunModel)" time="0.014" />
  <testcase classname="ptolemy.util.test.junit.AutoTests" name="[170] /home/travis/build/icyphy/ptII/ptolemy/actor/lib/test/auto/ExpressionFix.xml (RunModel)" time="0.022" />
  <testcase classname="ptolemy.util.test.junit.AutoTests" name="[171] /home/travis/build/icyphy/ptII/ptolemy/actor/lib/test/auto/ExpressionFix2.xml (RunModel)" time="0.01" />
  <testcase classname="ptolemy.util.test.junit.AutoTests" name="[172] /home/travis/build/icyphy/ptII/ptolemy/actor/lib/test/auto/ExpressionFix3.xml (RunModel)" time="0.01" />
  <testcase classname="ptolemy.util.test.junit.AutoTests" name="[173] /home/travis/build/icyphy/ptII/ptolemy/actor/lib/test/auto/FileWriter1.xml (RunModel)" time="0.007" />
  <testcase classname="ptolemy.util.test.junit.AutoTests" name="[174] /home/travis/build/icyphy/ptII/ptolemy/actor/lib/test/auto/FileWriter2.xml (RunModel)" time="0.011" />
  <testcase classname="ptolemy.util.test.junit.AutoTests" name="[175] /home/travis/build/icyphy/ptII/ptolemy/actor/lib/test/auto/FileWriter3.xml (RunModel)" time="0.011" />
  <testcase classname="ptolemy.util.test.junit.AutoTests" name="[176] /home/travis/build/icyphy/ptII/ptolemy/actor/lib/test/auto/Gaussian.xml (RunModel)" time="0.011" />
  <testcase classname="ptolemy.util.test.junit.AutoTests" name="[177] /home/travis/build/icyphy/ptII/ptolemy/actor/lib/test/auto/Gaussian1.xml (RunModel)" time="0.016" />
  <testcase classname="ptolemy.util.test.junit.AutoTests" name="[178] /home/travis/build/icyphy/ptII/ptolemy/actor/lib/test/auto/Gaussian2.xml (RunModel)" time="0.015" />
  <testcase classname="ptolemy.util.test.junit.AutoTests" name="[179] /home/travis/build/icyphy/ptII/ptolemy/actor/lib/test/auto/GradientAdaptiveLattice.xml (RunModel)" time="0.014" />
  <testcase classname="ptolemy.util.test.junit.AutoTests" name="[180] /home/travis/build/icyphy/ptII/ptolemy/actor/lib/test/auto/IIR.xml (RunModel)" time="0.008" />
  <testcase classname="ptolemy.util.test.junit.AutoTests" name="[181] /home/travis/build/icyphy/ptII/ptolemy/actor/lib/test/auto/InputOutputTransparentPorts.xml (RunModel)" time="0.014" />
  <testcase classname="ptolemy.util.test.junit.AutoTests" name="[182] /home/travis/build/icyphy/ptII/ptolemy/actor/lib/test/auto/Interpolator.xml (RunModel)" time="0.008" />
  <testcase classname="ptolemy.util.test.junit.AutoTests" name="[183] /home/travis/build/icyphy/ptII/ptolemy/actor/lib/test/auto/InterpolatorFiringLimitDE.xml (RunModel)" time="0.011" />
  <testcase classname="ptolemy.util.test.junit.AutoTests" name="[184] /home/travis/build/icyphy/ptII/ptolemy/actor/lib/test/auto/Lattice.xml (RunModel)" time="0.008" />
  <testcase classname="ptolemy.util.test.junit.AutoTests" name="[185] /home/travis/build/icyphy/ptII/ptolemy/actor/lib/test/auto/LazyAOCTestLazy.xml (RunModel)" time="0.019" />
  <testcase classname="ptolemy.util.test.junit.AutoTests" name="[186] /home/travis/build/icyphy/ptII/ptolemy/actor/lib/test/auto/LazyAOCTestNonLazy.xml (RunModel)" time="0.034" />
  <testcase classname="ptolemy.util.test.junit.AutoTests" name="[187] /home/travis/build/icyphy/ptII/ptolemy/actor/lib/test/auto/LazyInnerClass.xml (RunModel)" time="0.041" />
  <testcase classname="ptolemy.util.test.junit.AutoTests" name="[188] /home/travis/build/icyphy/ptII/ptolemy/actor/lib/test/auto/LazyPubSub.xml (RunModel)" time="0.055" />
  <testcase classname="ptolemy.util.test.junit.AutoTests" name="[189] /home/travis/build/icyphy/ptII/ptolemy/actor/lib/test/auto/LazyPubSub2.xml (RunModel)" time="0.028" />
  <testcase classname="ptolemy.util.test.junit.AutoTests" name="[190] /home/travis/build/icyphy/ptII/ptolemy/actor/lib/test/auto/LazyPubSub3.xml (RunModel)" time="0.022" />
  <testcase classname="ptolemy.util.test.junit.AutoTests" name="[191] /home/travis/build/icyphy/ptII/ptolemy/actor/lib/test/auto/LazySubClassModel.xml (RunModel)" time="0.021" />
  <testcase classname="ptolemy.util.test.junit.AutoTests" name="[192] /home/travis/build/icyphy/ptII/ptolemy/actor/lib/test/auto/LevelCrossTest1.xml (RunModel)" time="0.01" />
  <testcase classname="ptolemy.util.test.junit.AutoTests" name="[193] /home/travis/build/icyphy/ptII/ptolemy/actor/lib/test/auto/LevelCrossTest10.xml (RunModel)" time="0.012" />
  <testcase classname="ptolemy.util.test.junit.AutoTests" name="[194] /home/travis/build/icyphy/ptII/ptolemy/actor/lib/test/auto/LevelCrossTest11.xml (RunModel)" time="0.013" />
  <testcase classname="ptolemy.util.test.junit.AutoTests" name="[195] /home/travis/build/icyphy/ptII/ptolemy/actor/lib/test/auto/LevelCrossTest12.xml (RunModel)" time="0.013" />
  <testcase classname="ptolemy.util.test.junit.AutoTests" name="[196] /home/travis/build/icyphy/ptII/ptolemy/actor/lib/test/auto/LevelCrossTest13.xml (RunModel)" time="0.012" />
  <testcase classname="ptolemy.util.test.junit.AutoTests" name="[197] /home/travis/build/icyphy/ptII/ptolemy/actor/lib/test/auto/LevelCrossTest2.xml (RunModel)" time="0.008" />
  <testcase classname="ptolemy.util.test.junit.AutoTests" name="[198] /home/travis/build/icyphy/ptII/ptolemy/actor/lib/test/auto/LevelCrossTest3.xml (RunModel)" time="0.01" />
  <testcase classname="ptolemy.util.test.junit.AutoTests" name="[199] /home/travis/build/icyphy/ptII/ptolemy/actor/lib/test/auto/LevelCrossTest4.xml (RunModel)" time="0.008" />
  <testcase classname="ptolemy.util.test.junit.AutoTests" name="[200] /home/travis/build/icyphy/ptII/ptolemy/actor/lib/test/auto/LevelCrossTest5.xml (RunModel)" time="0.011" />
  <testcase classname="ptolemy.util.test.junit.AutoTests" name="[201] /home/travis/build/icyphy/ptII/ptolemy/actor/lib/test/auto/LevelCrossTest6.xml (RunModel)" time="0.019" />
  <testcase classname="ptolemy.util.test.junit.AutoTests" name="[202] /home/travis/build/icyphy/ptII/ptolemy/actor/lib/test/auto/LevelCrossTest7.xml (RunModel)" time="0.015" />
  <testcase classname="ptolemy.util.test.junit.AutoTests" name="[203] /home/travis/build/icyphy/ptII/ptolemy/actor/lib/test/auto/LevelCrossTest8.xml (RunModel)" time="0.016" />
  <testcase classname="ptolemy.util.test.junit.AutoTests" name="[204] /home/travis/build/icyphy/ptII/ptolemy/actor/lib/test/auto/LevelCrossTest9.xml (RunModel)" time="0.049" />
  <testcase classname="ptolemy.util.test.junit.AutoTests" name="[205] /home/travis/build/icyphy/ptII/ptolemy/actor/lib/test/auto/LevinsonDurbin.xml (RunModel)" time="0.008" />
  <testcase classname="ptolemy.util.test.junit.AutoTests" name="[206] /home/travis/build/icyphy/ptII/ptolemy/actor/lib/test/auto/LevinsonDurbin2.xml (RunModel)" time="0.007" />
  <testcase classname="ptolemy.util.test.junit.AutoTests" name="[207] /home/travis/build/icyphy/ptII/ptolemy/actor/lib/test/auto/LevinsonDurbin3.xml (RunModel)" time="0.013" />
  <testcase classname="ptolemy.util.test.junit.AutoTests" name="[208] /home/travis/build/icyphy/ptII/ptolemy/actor/lib/test/auto/Limiter.xml (RunModel)" time="0.025" />
  <testcase classname="ptolemy.util.test.junit.AutoTests" name="[209] /home/travis/build/icyphy/ptII/ptolemy/actor/lib/test/auto/LinearDifferenceEquationSystem.xml (RunModel)" time="0.017" />
  <testcase classname="ptolemy.util.test.junit.AutoTests" name="[210] /home/travis/build/icyphy/ptII/ptolemy/actor/lib/test/auto/LookupTable.xml (RunModel)" time="0.008" />
  <testcase classname="ptolemy.util.test.junit.AutoTests" name="[211] /home/travis/build/icyphy/ptII/ptolemy/actor/lib/test/auto/MathFunction.xml (RunModel)" time="0.022" />
  <testcase classname="ptolemy.util.test.junit.AutoTests" name="[212] /home/travis/build/icyphy/ptII/ptolemy/actor/lib/test/auto/MathFunction2.xml (RunModel)" time="0.01" />
  <testcase classname="ptolemy.util.test.junit.AutoTests" name="[213] /home/travis/build/icyphy/ptII/ptolemy/actor/lib/test/auto/MathFunction3.xml (RunModel)" time="0.015" />
  <testcase classname="ptolemy.util.test.junit.AutoTests" name="[214] /home/travis/build/icyphy/ptII/ptolemy/actor/lib/test/auto/MatrixCropBoolean.xml (RunModel)" time="0.011" />
  <testcase classname="ptolemy.util.test.junit.AutoTests" name="[215] /home/travis/build/icyphy/ptII/ptolemy/actor/lib/test/auto/MatrixCropComplex.xml (RunModel)" time="0.008" />
  <testcase classname="ptolemy.util.test.junit.AutoTests" name="[216] /home/travis/build/icyphy/ptII/ptolemy/actor/lib/test/auto/MatrixCropDouble.xml (RunModel)" time="0.007" />
  <testcase classname="ptolemy.util.test.junit.AutoTests" name="[217] /home/travis/build/icyphy/ptII/ptolemy/actor/lib/test/auto/MatrixCropFix.xml (RunModel)" time="0.009" />
  <testcase classname="ptolemy.util.test.junit.AutoTests" name="[218] /home/travis/build/icyphy/ptII/ptolemy/actor/lib/test/auto/MatrixCropInt.xml (RunModel)" time="0.007" />
  <testcase classname="ptolemy.util.test.junit.AutoTests" name="[219] /home/travis/build/icyphy/ptII/ptolemy/actor/lib/test/auto/MatrixCropLong.xml (RunModel)" time="0.009" />
  <testcase classname="ptolemy.util.test.junit.AutoTests" name="[220] /home/travis/build/icyphy/ptII/ptolemy/actor/lib/test/auto/MatrixToArray.xml (RunModel)" time="0.044" />
  <testcase classname="ptolemy.util.test.junit.AutoTests" name="[221] /home/travis/build/icyphy/ptII/ptolemy/actor/lib/test/auto/MaxIndex.xml (RunModel)" time="0.01" />
  <testcase classname="ptolemy.util.test.junit.AutoTests" name="[222] /home/travis/build/icyphy/ptII/ptolemy/actor/lib/test/auto/Maximum.xml (RunModel)" time="0.011" />
  <testcase classname="ptolemy.util.test.junit.AutoTests" name="[223] /home/travis/build/icyphy/ptII/ptolemy/actor/lib/test/auto/MaximumComplex.xml (RunModel)" time="0.014" />
  <testcase classname="ptolemy.util.test.junit.AutoTests" name="[224] /home/travis/build/icyphy/ptII/ptolemy/actor/lib/test/auto/MethodCallTest.xml (RunModel)" time="0.02" />
  <testcase classname="ptolemy.util.test.junit.AutoTests" name="[225] /home/travis/build/icyphy/ptII/ptolemy/actor/lib/test/auto/Minimum.xml (RunModel)" time="0.011" />
  <testcase classname="ptolemy.util.test.junit.AutoTests" name="[226] /home/travis/build/icyphy/ptII/ptolemy/actor/lib/test/auto/MinimumComplex.xml (RunModel)" time="0.021" />
  <testcase classname="ptolemy.util.test.junit.AutoTests" name="[227] /home/travis/build/icyphy/ptII/ptolemy/actor/lib/test/auto/MinimumMultiports.xml (RunModel)" time="0.014" />
  <testcase classname="ptolemy.util.test.junit.AutoTests" name="[228] /home/travis/build/icyphy/ptII/ptolemy/actor/lib/test/auto/ModifyDate.xml (RunModel)" time="0.036" />
  <testcase classname="ptolemy.util.test.junit.AutoTests" name="[229] /home/travis/build/icyphy/ptII/ptolemy/actor/lib/test/auto/ModifyDate2.xml (RunModel)" time="0.019" />
  <testcase classname="ptolemy.util.test.junit.AutoTests" name="[230] /home/travis/build/icyphy/ptII/ptolemy/actor/lib/test/auto/MovingAverage.xml (RunModel)" time="0.009" />
  <testcase classname="ptolemy.util.test.junit.AutoTests" name="[231] /home/travis/build/icyphy/ptII/ptolemy/actor/lib/test/auto/MovingMaximum.xml (RunModel)" time="0.007" />
  <testcase classname="ptolemy.util.test.junit.AutoTests" name="[232] /home/travis/build/icyphy/ptII/ptolemy/actor/lib/test/auto/MultipleLinksToSameRelation.xml (RunModel)" time="0.006" />
  <testcase classname="ptolemy.util.test.junit.AutoTests" name="[233] /home/travis/build/icyphy/ptII/ptolemy/actor/lib/test/auto/MultipleLinksToSameRelationDE.xml (RunModel)" time="0.013" />
  <testcase classname="ptolemy.util.test.junit.AutoTests" name="[234] /home/travis/build/icyphy/ptII/ptolemy/actor/lib/test/auto/Multiplexor.xml (RunModel)" time="0.011" />
  <testcase classname="ptolemy.util.test.junit.AutoTests" name="[235] /home/travis/build/icyphy/ptII/ptolemy/actor/lib/test/auto/Multiplexor1.xml (RunModel)" time="0.009" />
  <testcase classname="ptolemy.util.test.junit.AutoTests" name="[236] /home/travis/build/icyphy/ptII/ptolemy/actor/lib/test/auto/Multiplexor2.xml (RunModel)" time="0.011" />
  <testcase classname="ptolemy.util.test.junit.AutoTests" name="[237] /home/travis/build/icyphy/ptII/ptolemy/actor/lib/test/auto/Multiplexor3.xml (RunModel)" time="0.006" />
  <testcase classname="ptolemy.util.test.junit.AutoTests" name="[238] /home/travis/build/icyphy/ptII/ptolemy/actor/lib/test/auto/MultiplexorDE.xml (RunModel)" time="0.015" />
  <testcase classname="ptolemy.util.test.junit.AutoTests" name="[239] /home/travis/build/icyphy/ptII/ptolemy/actor/lib/test/auto/MultiportBroadcastTest.xml (RunModel)" time="0.084" />
  <testcase classname="ptolemy.util.test.junit.AutoTests" name="[240] /home/travis/build/icyphy/ptII/ptolemy/actor/lib/test/auto/MultiportOutHangDuringGetWidth.xml (RunModel)" time="0.032" />
  <testcase classname="ptolemy.util.test.junit.AutoTests" name="[241] /home/travis/build/icyphy/ptII/ptolemy/actor/lib/test/auto/NilToken.xml (RunModel)" time="0.009" />
  <testcase classname="ptolemy.util.test.junit.AutoTests" name="[242] /home/travis/build/icyphy/ptII/ptolemy/actor/lib/test/auto/NilTokenNonStrictTest.xml (RunModel)" time="0.01" />
  <testcase classname="ptolemy.util.test.junit.AutoTests" name="[243] /home/travis/build/icyphy/ptII/ptolemy/actor/lib/test/auto/NilTokenRecord.xml (RunModel)" time="0.018" />
  <testcase classname="ptolemy.util.test.junit.AutoTests" name="[244] /home/travis/build/icyphy/ptII/ptolemy/actor/lib/test/auto/NilTokenTypeTest.xml (RunModel)" time="0.026" />
  <testcase classname="ptolemy.util.test.junit.AutoTests" name="[245] /home/travis/build/icyphy/ptII/ptolemy/actor/lib/test/auto/ObjectToken1.xml (RunModel)" time="0.01" />
  <testcase classname="ptolemy.util.test.junit.AutoTests" name="[246] /home/travis/build/icyphy/ptII/ptolemy/actor/lib/test/auto/OrderedMerge.xml (RunModel)" time="0.015" />
  <testcase classname="ptolemy.util.test.junit.AutoTests" name="[247] /home/travis/build/icyphy/ptII/ptolemy/actor/lib/test/auto/OrderedRecordDisassembler.xml (RunModel)" time="0.018" />
  <testcase classname="ptolemy.util.test.junit.AutoTests" name="[248] /home/travis/build/icyphy/ptII/ptolemy/actor/lib/test/auto/OrderedRecordDisassembler2.xml (RunModel)" time="0.015" />
  <testcase classname="ptolemy.util.test.junit.AutoTests" name="[249] /home/travis/build/icyphy/ptII/ptolemy/actor/lib/test/auto/OrderedRecordUpdater.xml (RunModel)" time="0.009" />
  <testcase classname="ptolemy.util.test.junit.AutoTests" name="[250] /home/travis/build/icyphy/ptII/ptolemy/actor/lib/test/auto/OrderedRecordUpdater2.xml (RunModel)" time="0.014" />
  <testcase classname="ptolemy.util.test.junit.AutoTests" name="[251] /home/travis/build/icyphy/ptII/ptolemy/actor/lib/test/auto/PhaseUnwrap.xml (RunModel)" time="0.01" />
  <testcase classname="ptolemy.util.test.junit.AutoTests" name="[252] /home/travis/build/icyphy/ptII/ptolemy/actor/lib/test/auto/PoissonClock.xml (RunModel)" time="0.007" />
  <testcase classname="ptolemy.util.test.junit.AutoTests" name="[253] /home/travis/build/icyphy/ptII/ptolemy/actor/lib/test/auto/PoissonClock2.xml (RunModel)" time="0.005" />
  <testcase classname="ptolemy.util.test.junit.AutoTests" name="[254] /home/travis/build/icyphy/ptII/ptolemy/actor/lib/test/auto/PoissonClock3.xml (RunModel)" time="0.019" />
  <testcase classname="ptolemy.util.test.junit.AutoTests" name="[255] /home/travis/build/icyphy/ptII/ptolemy/actor/lib/test/auto/PubSubWithInitialTokens.xml (RunModel)" time="0.013" />
  <testcase classname="ptolemy.util.test.junit.AutoTests" name="[256] /home/travis/build/icyphy/ptII/ptolemy/actor/lib/test/auto/PubSubWithInitialTokens2.xml (RunModel)" time="0.011" />
  <testcase classname="ptolemy.util.test.junit.AutoTests" name="[257] /home/travis/build/icyphy/ptII/ptolemy/actor/lib/test/auto/PublisherClassNoParameter.xml (RunModel)" time="0.019" />
  <testcase classname="ptolemy.util.test.junit.AutoTests" name="[258] /home/travis/build/icyphy/ptII/ptolemy/actor/lib/test/auto/PublisherClassParameter.xml (RunModel)" time="0.016" />
  <testcase classname="ptolemy.util.test.junit.AutoTests" name="[259] /home/travis/build/icyphy/ptII/ptolemy/actor/lib/test/auto/PublisherNonStrictTest.xml (RunModel)" time="0.011" />
  <testcase classname="ptolemy.util.test.junit.AutoTests" name="[260] /home/travis/build/icyphy/ptII/ptolemy/actor/lib/test/auto/PublisherPort1.xml (RunModel)" time="0.017" />
  <testcase classname="ptolemy.util.test.junit.AutoTests" name="[261] /home/travis/build/icyphy/ptII/ptolemy/actor/lib/test/auto/PublisherPort2.xml (RunModel)" time="0.006" />
  <testcase classname="ptolemy.util.test.junit.AutoTests" name="[262] /home/travis/build/icyphy/ptII/ptolemy/actor/lib/test/auto/PublisherPort3.xml (RunModel)" time="0.009" />
  <testcase classname="ptolemy.util.test.junit.AutoTests" name="[263] /home/travis/build/icyphy/ptII/ptolemy/actor/lib/test/auto/PublisherPort4.xml (RunModel)" time="0.009" />
  <testcase classname="ptolemy.util.test.junit.AutoTests" name="[264] /home/travis/build/icyphy/ptII/ptolemy/actor/lib/test/auto/PublisherPort5.xml (RunModel)" time="0.01" />
  <testcase classname="ptolemy.util.test.junit.AutoTests" name="[265] /home/travis/build/icyphy/ptII/ptolemy/actor/lib/test/auto/PublisherPort5LookAlike.xml (RunModel)" time="0.014" />
  <testcase classname="ptolemy.util.test.junit.AutoTests" name="[266] /home/travis/build/icyphy/ptII/ptolemy/actor/lib/test/auto/PublisherPort6.xml (RunModel)" time="0.009" />
  <testcase classname="ptolemy.util.test.junit.AutoTests" name="[267] /home/travis/build/icyphy/ptII/ptolemy/actor/lib/test/auto/PublisherPort7.xml (RunModel)" time="0.011" />
  <testcase classname="ptolemy.util.test.junit.AutoTests" name="[268] /home/travis/build/icyphy/ptII/ptolemy/actor/lib/test/auto/PublisherPort8.xml (RunModel)" time="0.012" />
  <testcase classname="ptolemy.util.test.junit.AutoTests" name="[269] /home/travis/build/icyphy/ptII/ptolemy/actor/lib/test/auto/PublisherPortSubscriberChannelVariablesAOC2.xml (RunModel)" time="0.027" />
  <testcase classname="ptolemy.util.test.junit.AutoTests" name="[270] /home/travis/build/icyphy/ptII/ptolemy/actor/lib/test/auto/PublisherPortSubscriberOpaqueWidthInference.xml (RunModel)" time="0.012" />
  <testcase classname="ptolemy.util.test.junit.AutoTests" name="[271] /home/travis/build/icyphy/ptII/ptolemy/actor/lib/test/auto/PublisherPortSubscriberPortAdjacent.xml (RunModel)" time="0.012" />
  <testcase classname="ptolemy.util.test.junit.AutoTests" name="[272] /home/travis/build/icyphy/ptII/ptolemy/actor/lib/test/auto/PublisherPortSubscriberPortExpression.xml (RunModel)" time="0.032" />
  <testcase classname="ptolemy.util.test.junit.AutoTests" name="[273] /home/travis/build/icyphy/ptII/ptolemy/actor/lib/test/auto/PublisherPortSubscriberPortOpaqueD3Reverse.xml (RunModel)" time="0.027" />
  <testcase classname="ptolemy.util.test.junit.AutoTests" name="[274] /home/travis/build/icyphy/ptII/ptolemy/actor/lib/test/auto/PublisherPortSubscriberPortOpaqueWidthInference.xml (RunModel)" time="0.015" />
  <testcase classname="ptolemy.util.test.junit.AutoTests" name="[275] /home/travis/build/icyphy/ptII/ptolemy/actor/lib/test/auto/PublisherPortToplevelSubscriberPortAOC.xml (RunModel)" time="0.008" />
  <testcase classname="ptolemy.util.test.junit.AutoTests" name="[276] /home/travis/build/icyphy/ptII/ptolemy/actor/lib/test/auto/PublisherSubscriber.xml (RunModel)" time="0.011" />
  <testcase classname="ptolemy.util.test.junit.AutoTests" name="[277] /home/travis/build/icyphy/ptII/ptolemy/actor/lib/test/auto/PublisherSubscriber10.xml (RunModel)" time="0.016" />
  <testcase classname="ptolemy.util.test.junit.AutoTests" name="[278] /home/travis/build/icyphy/ptII/ptolemy/actor/lib/test/auto/PublisherSubscriber10InitialOutputs.xml (RunModel)" time="0.032" />
  <testcase classname="ptolemy.util.test.junit.AutoTests" name="[279] /home/travis/build/icyphy/ptII/ptolemy/actor/lib/test/auto/PublisherSubscriber11.xml (RunModel)" time="0.019" />
  <testcase classname="ptolemy.util.test.junit.AutoTests" name="[280] /home/travis/build/icyphy/ptII/ptolemy/actor/lib/test/auto/PublisherSubscriber12.xml (RunModel)" time="0.011" />
  <testcase classname="ptolemy.util.test.junit.AutoTests" name="[281] /home/travis/build/icyphy/ptII/ptolemy/actor/lib/test/auto/PublisherSubscriber13.xml (RunModel)" time="0.007" />
  <testcase classname="ptolemy.util.test.junit.AutoTests" name="[282] /home/travis/build/icyphy/ptII/ptolemy/actor/lib/test/auto/PublisherSubscriber14.xml (RunModel)" time="0.015" />
  <testcase classname="ptolemy.util.test.junit.AutoTests" name="[283] /home/travis/build/icyphy/ptII/ptolemy/actor/lib/test/auto/PublisherSubscriber2.xml (RunModel)" time="0.009" />
  <testcase classname="ptolemy.util.test.junit.AutoTests" name="[284] /home/travis/build/icyphy/ptII/ptolemy/actor/lib/test/auto/PublisherSubscriber3.xml (RunModel)" time="0.031" />
  <testcase classname="ptolemy.util.test.junit.AutoTests" name="[285] /home/travis/build/icyphy/ptII/ptolemy/actor/lib/test/auto/PublisherSubscriber4.xml (RunModel)" time="0.009" />
  <testcase classname="ptolemy.util.test.junit.AutoTests" name="[286] /home/travis/build/icyphy/ptII/ptolemy/actor/lib/test/auto/PublisherSubscriber5.xml (RunModel)" time="0.011" />
  <testcase classname="ptolemy.util.test.junit.AutoTests" name="[287] /home/travis/build/icyphy/ptII/ptolemy/actor/lib/test/auto/PublisherSubscriber6.xml (RunModel)" time="0.012" />
  <testcase classname="ptolemy.util.test.junit.AutoTests" name="[288] /home/travis/build/icyphy/ptII/ptolemy/actor/lib/test/auto/PublisherSubscriber7.xml (RunModel)" time="0.016" />
  <testcase classname="ptolemy.util.test.junit.AutoTests" name="[289] /home/travis/build/icyphy/ptII/ptolemy/actor/lib/test/auto/PublisherSubscriber8.xml (RunModel)" time="0.024" />
  <testcase classname="ptolemy.util.test.junit.AutoTests" name="[290] /home/travis/build/icyphy/ptII/ptolemy/actor/lib/test/auto/PublisherSubscriber9.xml (RunModel)" time="0.014" />
  <testcase classname="ptolemy.util.test.junit.AutoTests" name="[291] /home/travis/build/icyphy/ptII/ptolemy/actor/lib/test/auto/PublisherSubscriberAdjacent.xml (RunModel)" time="0.013" />
  <testcase classname="ptolemy.util.test.junit.AutoTests" name="[292] /home/travis/build/icyphy/ptII/ptolemy/actor/lib/test/auto/PublisherSubscriberChannelVariablesAOC2.xml (RunModel)" time="0.022" />
  <testcase classname="ptolemy.util.test.junit.AutoTests" name="[293] /home/travis/build/icyphy/ptII/ptolemy/actor/lib/test/auto/PublisherSubscriberD3.xml (RunModel)" time="0.01" />
  <testcase classname="ptolemy.util.test.junit.AutoTests" name="[294] /home/travis/build/icyphy/ptII/ptolemy/actor/lib/test/auto/PublisherSubscriberD3Reverse.xml (RunModel)" time="0.008" />
  <testcase classname="ptolemy.util.test.junit.AutoTests" name="[295] /home/travis/build/icyphy/ptII/ptolemy/actor/lib/test/auto/PublisherSubscriberExpression.xml (RunModel)" time="0.013" />
  <testcase classname="ptolemy.util.test.junit.AutoTests" name="[296] /home/travis/build/icyphy/ptII/ptolemy/actor/lib/test/auto/PublisherSubscriberOpaque.xml (RunModel)" time="0.012" />
  <testcase classname="ptolemy.util.test.junit.AutoTests" name="[297] /home/travis/build/icyphy/ptII/ptolemy/actor/lib/test/auto/PublisherSubscriberOpaqueD3.xml (RunModel)" time="0.018" />
  <testcase classname="ptolemy.util.test.junit.AutoTests" name="[298] /home/travis/build/icyphy/ptII/ptolemy/actor/lib/test/auto/PublisherSubscriberOpaqueD3Reverse.xml (RunModel)" time="0.017" />
  <testcase classname="ptolemy.util.test.junit.AutoTests" name="[299] /home/travis/build/icyphy/ptII/ptolemy/actor/lib/test/auto/PublisherSubscriberOpaqueWidthInference.xml (RunModel)" time="0.012" />
  <testcase classname="ptolemy.util.test.junit.AutoTests" name="[300] /home/travis/build/icyphy/ptII/ptolemy/actor/lib/test/auto/PublisherTestSubscriber.xml (RunModel)" time="0.011" />
  <testcase classname="ptolemy.util.test.junit.AutoTests" name="[301] /home/travis/build/icyphy/ptII/ptolemy/actor/lib/test/auto/PublisherToplevelSubscriberPortAOC.xml (RunModel)" time="0.008" />
  <testcase classname="ptolemy.util.test.junit.AutoTests" name="[302] /home/travis/build/icyphy/ptII/ptolemy/actor/lib/test/auto/PulseFiringLimitDE.xml (RunModel)" time="0.011" />
  <testcase classname="ptolemy.util.test.junit.AutoTests" name="[303] /home/travis/build/icyphy/ptII/ptolemy/actor/lib/test/auto/Ramp1.xml (RunModel)" time="0.005" />
  <testcase classname="ptolemy.util.test.junit.AutoTests" name="[304] /home/travis/build/icyphy/ptII/ptolemy/actor/lib/test/auto/RampFiringLimitDE.xml (RunModel)" time="0.008" />
  <testcase classname="ptolemy.util.test.junit.AutoTests" name="[305] /home/travis/build/icyphy/ptII/ptolemy/actor/lib/test/auto/RampFiringLimitSDF.xml (RunModel)" time="0.008" />
  <testcase classname="ptolemy.util.test.junit.AutoTests" name="[306] /home/travis/build/icyphy/ptII/ptolemy/actor/lib/test/auto/RandomInteger.xml (RunModel)" time="0.007" />
  <testcase classname="ptolemy.util.test.junit.AutoTests" name="[307] /home/travis/build/icyphy/ptII/ptolemy/actor/lib/test/auto/ReadFile1.xml (RunModel)" time="0.006" />
  <testcase classname="ptolemy.util.test.junit.AutoTests" name="[308] /home/travis/build/icyphy/ptII/ptolemy/actor/lib/test/auto/ReadFile2.xml (RunModel)" time="0.005" />
  <testcase classname="ptolemy.util.test.junit.AutoTests" name="[309] /home/travis/build/icyphy/ptII/ptolemy/actor/lib/test/auto/Reader.xml (RunModel)" time="0.01" />
  <testcase classname="ptolemy.util.test.junit.AutoTests" name="[310] /home/travis/build/icyphy/ptII/ptolemy/actor/lib/test/auto/RecordAssemblerDisplayNameTest.xml (RunModel)" time="3.22" />
  <testcase classname="ptolemy.util.test.junit.AutoTests" name="[311] /home/travis/build/icyphy/ptII/ptolemy/actor/lib/test/auto/RecordAssemblerTypeError.xml (RunModel)" time="0.026" />
  <testcase classname="ptolemy.util.test.junit.AutoTests" name="[312] /home/travis/build/icyphy/ptII/ptolemy/actor/lib/test/auto/RecordDisassember.xml (RunModel)" time="0.015" />
  <testcase classname="ptolemy.util.test.junit.AutoTests" name="[313] /home/travis/build/icyphy/ptII/ptolemy/actor/lib/test/auto/RecordDisassemberDisplayNameTest.xml (RunModel)" time="0.017" />
  <testcase classname="ptolemy.util.test.junit.AutoTests" name="[314] /home/travis/build/icyphy/ptII/ptolemy/actor/lib/test/auto/RecordDisassembler.xml (RunModel)" time="0.009" />
  <testcase classname="ptolemy.util.test.junit.AutoTests" name="[315] /home/travis/build/icyphy/ptII/ptolemy/actor/lib/test/auto/RecordDisassembler2.xml (RunModel)" time="0.007" />
  <testcase classname="ptolemy.util.test.junit.AutoTests" name="[316] /home/travis/build/icyphy/ptII/ptolemy/actor/lib/test/auto/RecordUpdater.xml (RunModel)" time="0.006" />
  <testcase classname="ptolemy.util.test.junit.AutoTests" name="[317] /home/travis/build/icyphy/ptII/ptolemy/actor/lib/test/auto/RecordUpdater2.xml (RunModel)" time="0.007" />
  <testcase classname="ptolemy.util.test.junit.AutoTests" name="[318] /home/travis/build/icyphy/ptII/ptolemy/actor/lib/test/auto/RecursiveLattice.xml (RunModel)" time="0.005" />
  <testcase classname="ptolemy.util.test.junit.AutoTests" name="[319] /home/travis/build/icyphy/ptII/ptolemy/actor/lib/test/auto/Router.xml (RunModel)" time="3.019" />
  <testcase classname="ptolemy.util.test.junit.AutoTests" name="[320] /home/travis/build/icyphy/ptII/ptolemy/actor/lib/test/auto/Router2.xml (RunModel)" time="3.028" />
  <testcase classname="ptolemy.util.test.junit.AutoTests" name="[321] /home/travis/build/icyphy/ptII/ptolemy/actor/lib/test/auto/RunningMaximum.xml (RunModel)" time="0.02" />
  <testcase classname="ptolemy.util.test.junit.AutoTests" name="[322] /home/travis/build/icyphy/ptII/ptolemy/actor/lib/test/auto/RunningMinimum.xml (RunModel)" time="0.018" />
  <testcase classname="ptolemy.util.test.junit.AutoTests" name="[323] /home/travis/build/icyphy/ptII/ptolemy/actor/lib/test/auto/Scale.xml (RunModel)" time="0.006" />
  <testcase classname="ptolemy.util.test.junit.AutoTests" name="[324] /home/travis/build/icyphy/ptII/ptolemy/actor/lib/test/auto/Scale2.xml (RunModel)" time="0.008" />
  <testcase classname="ptolemy.util.test.junit.AutoTests" name="[325] /home/travis/build/icyphy/ptII/ptolemy/actor/lib/test/auto/Scale3.xml (RunModel)" time="0.019" />
  <testcase classname="ptolemy.util.test.junit.AutoTests" name="[326] /home/travis/build/icyphy/ptII/ptolemy/actor/lib/test/auto/ScaleArray.xml (RunModel)" time="0.008" />
  <testcase classname="ptolemy.util.test.junit.AutoTests" name="[327] /home/travis/build/icyphy/ptII/ptolemy/actor/lib/test/auto/ScaleArray2.xml (RunModel)" time="0.01" />
  <testcase classname="ptolemy.util.test.junit.AutoTests" name="[328] /home/travis/build/icyphy/ptII/ptolemy/actor/lib/test/auto/ScaleMatrix.xml (RunModel)" time="0.15" />
  <testcase classname="ptolemy.util.test.junit.AutoTests" name="[329] /home/travis/build/icyphy/ptII/ptolemy/actor/lib/test/auto/Select.xml (RunModel)" time="0.014" />
  <testcase classname="ptolemy.util.test.junit.AutoTests" name="[330] /home/travis/build/icyphy/ptII/ptolemy/actor/lib/test/auto/Select2.xml (RunModel)" time="0.006" />
  <testcase classname="ptolemy.util.test.junit.AutoTests" name="[331] /home/travis/build/icyphy/ptII/ptolemy/actor/lib/test/auto/SequenceToArray2.xml (RunModel)" time="0.095" />
  <testcase classname="ptolemy.util.test.junit.AutoTests" name="[332] /home/travis/build/icyphy/ptII/ptolemy/actor/lib/test/auto/SequentialClock.xml (RunModel)" time="0.006" />
  <testcase classname="ptolemy.util.test.junit.AutoTests" name="[333] /home/travis/build/icyphy/ptII/ptolemy/actor/lib/test/auto/SetVariable.xml (RunModel)" time="0.009" />
  <testcase classname="ptolemy.util.test.junit.AutoTests" name="[334] /home/travis/build/icyphy/ptII/ptolemy/actor/lib/test/auto/SetVariable2.xml (RunModel)" time="0.007" />
  <testcase classname="ptolemy.util.test.junit.AutoTests" name="[335] /home/travis/build/icyphy/ptII/ptolemy/actor/lib/test/auto/SetVariable3.xml (RunModel)" time="0.012" />
  <testcase classname="ptolemy.util.test.junit.AutoTests" name="[336] /home/travis/build/icyphy/ptII/ptolemy/actor/lib/test/auto/SetVariable4.xml (RunModel)" time="0.019" />
  <testcase classname="ptolemy.util.test.junit.AutoTests" name="[337] /home/travis/build/icyphy/ptII/ptolemy/actor/lib/test/auto/SetVariable5.xml (RunModel)" time="0.034" />
  <testcase classname="ptolemy.util.test.junit.AutoTests" name="[338] /home/travis/build/icyphy/ptII/ptolemy/actor/lib/test/auto/Sinewave.xml (RunModel)" time="0.021" />
  <testcase classname="ptolemy.util.test.junit.AutoTests" name="[339] /home/travis/build/icyphy/ptII/ptolemy/actor/lib/test/auto/Sinewave2.xml (RunModel)" time="0.012" />
  <testcase classname="ptolemy.util.test.junit.AutoTests" name="[340] /home/travis/build/icyphy/ptII/ptolemy/actor/lib/test/auto/Sinewave3.xml (RunModel)" time="0.016" />
  <testcase classname="ptolemy.util.test.junit.AutoTests" name="[341] /home/travis/build/icyphy/ptII/ptolemy/actor/lib/test/auto/SingleEvent.xml (RunModel)" time="0.005" />
  <testcase classname="ptolemy.util.test.junit.AutoTests" name="[342] /home/travis/build/icyphy/ptII/ptolemy/actor/lib/test/auto/Sleep.xml (RunModel)" time="6.01" />
  <testcase classname="ptolemy.util.test.junit.AutoTests" name="[343] /home/travis/build/icyphy/ptII/ptolemy/actor/lib/test/auto/SleepMultipleFire.xml (RunModel)" time="1.028" />
  <testcase classname="ptolemy.util.test.junit.AutoTests" name="[344] /home/travis/build/icyphy/ptII/ptolemy/actor/lib/test/auto/StopDE.xml (RunModel)" time="0.014" />
  <testcase classname="ptolemy.util.test.junit.AutoTests" name="[345] /home/travis/build/icyphy/ptII/ptolemy/actor/lib/test/auto/StopSDF.xml (RunModel)" time="0.012" />
  <testcase classname="ptolemy.util.test.junit.AutoTests" name="[346] /home/travis/build/icyphy/ptII/ptolemy/actor/lib/test/auto/StringConstant.xml (RunModel)" time="0.014" />
  <testcase classname="ptolemy.util.test.junit.AutoTests" name="[347] /home/travis/build/icyphy/ptII/ptolemy/actor/lib/test/auto/SubscriberPortInitialValues1.xml (RunModel)" time="0.016" />
  <testcase classname="ptolemy.util.test.junit.AutoTests" name="[348] /home/travis/build/icyphy/ptII/ptolemy/actor/lib/test/auto/SubscriberPortInitialValues13.xml (RunModel)" time="0.02" />
  <testcase classname="ptolemy.util.test.junit.AutoTests" name="[349] /home/travis/build/icyphy/ptII/ptolemy/actor/lib/test/auto/SubscriberPortInitialValues14.xml (RunModel)" time="0.011" />
  <testcase classname="ptolemy.util.test.junit.AutoTests" name="[350] /home/travis/build/icyphy/ptII/ptolemy/actor/lib/test/auto/SubscriberPortInitialValues2.xml (RunModel)" time="0.013" />
  <testcase classname="ptolemy.util.test.junit.AutoTests" name="[351] /home/travis/build/icyphy/ptII/ptolemy/actor/lib/test/auto/SubscriberPortInitialValues3.xml (RunModel)" time="0.015" />
  <testcase classname="ptolemy.util.test.junit.AutoTests" name="[352] /home/travis/build/icyphy/ptII/ptolemy/actor/lib/test/auto/SubscriptionAggregator.xml (RunModel)" time="0.008" />
  <testcase classname="ptolemy.util.test.junit.AutoTests" name="[353] /home/travis/build/icyphy/ptII/ptolemy/actor/lib/test/auto/SubscriptionAggregator2.xml (RunModel)" time="0.009" />
  <testcase classname="ptolemy.util.test.junit.AutoTests" name="[354] /home/travis/build/icyphy/ptII/ptolemy/actor/lib/test/auto/SubscriptionAggregator3.xml (RunModel)" time="0.013" />
  <testcase classname="ptolemy.util.test.junit.AutoTests" name="[355] /home/travis/build/icyphy/ptII/ptolemy/actor/lib/test/auto/SubscriptionAggregatorMultiply.xml (RunModel)" time="0.012" />
  <testcase classname="ptolemy.util.test.junit.AutoTests" name="[356] /home/travis/build/icyphy/ptII/ptolemy/actor/lib/test/auto/SubscriptionAggregatorPortMultiply1.xml (RunModel)" time="0.011" />
  <testcase classname="ptolemy.util.test.junit.AutoTests" name="[357] /home/travis/build/icyphy/ptII/ptolemy/actor/lib/test/auto/Switch.xml (RunModel)" time="0.014" />
  <testcase classname="ptolemy.util.test.junit.AutoTests" name="[358] /home/travis/build/icyphy/ptII/ptolemy/actor/lib/test/auto/Switch2.xml (RunModel)" time="0.008" />
  <testcase classname="ptolemy.util.test.junit.AutoTests" name="[359] /home/travis/build/icyphy/ptII/ptolemy/actor/lib/test/auto/SwitchDE.xml (RunModel)" time="0.012" />
  <testcase classname="ptolemy.util.test.junit.AutoTests" name="[360] /home/travis/build/icyphy/ptII/ptolemy/actor/lib/test/auto/SynchronizerDE.xml (RunModel)" time="0.017" />
  <testcase classname="ptolemy.util.test.junit.AutoTests" name="[361] /home/travis/build/icyphy/ptII/ptolemy/actor/lib/test/auto/Test.xml (RunModel)" time="0.006" />
  <testcase classname="ptolemy.util.test.junit.AutoTests" name="[362] /home/travis/build/icyphy/ptII/ptolemy/actor/lib/test/auto/TestExceptionAttribute1.xml (RunModel)" time="0.006" />
  <testcase classname="ptolemy.util.test.junit.AutoTests" name="[363] /home/travis/build/icyphy/ptII/ptolemy/actor/lib/test/auto/TestExceptionAttribute2.xml (RunModel)" time="0.005" />
  <testcase classname="ptolemy.util.test.junit.AutoTests" name="[364] /home/travis/build/icyphy/ptII/ptolemy/actor/lib/test/auto/TestExceptionAttribute3.xml (RunModel)" time="0.007" />
  <testcase classname="ptolemy.util.test.junit.AutoTests" name="[365] /home/travis/build/icyphy/ptII/ptolemy/actor/lib/test/auto/TestExceptionAttribute4.xml (RunModel)" time="0.005" />
  <testcase classname="ptolemy.util.test.junit.AutoTests" name="[366] /home/travis/build/icyphy/ptII/ptolemy/actor/lib/test/auto/TestExceptionHandler1.xml (RunModel)" time="0.004" />
  <testcase classname="ptolemy.util.test.junit.AutoTests" name="[367] /home/travis/build/icyphy/ptII/ptolemy/actor/lib/test/auto/TestExceptionHandler2.xml (RunModel)" time="0.007" />
  <testcase classname="ptolemy.util.test.junit.AutoTests" name="[368] /home/travis/build/icyphy/ptII/ptolemy/actor/lib/test/auto/TestExceptionHandler3.xml (RunModel)" time="0.004" />
  <testcase classname="ptolemy.util.test.junit.AutoTests" name="[369] /home/travis/build/icyphy/ptII/ptolemy/actor/lib/test/auto/TestExceptionHandler4.xml (RunModel)" time="0.004" />
  <testcase classname="ptolemy.util.test.junit.AutoTests" name="[370] /home/travis/build/icyphy/ptII/ptolemy/actor/lib/test/auto/TestRequireCorrectOrder.xml (RunModel)" time="0.009" />
  <testcase classname="ptolemy.util.test.junit.AutoTests" name="[371] /home/travis/build/icyphy/ptII/ptolemy/actor/lib/test/auto/TestSimple.xml (RunModel)" time="0.004" />
  <testcase classname="ptolemy.util.test.junit.AutoTests" name="[372] /home/travis/build/icyphy/ptII/ptolemy/actor/lib/test/auto/ThrowModelError.xml (RunModel)" time="0.007" />
  <testcase classname="ptolemy.util.test.junit.AutoTests" name="[373] /home/travis/build/icyphy/ptII/ptolemy/actor/lib/test/auto/TimeDelayMicrosteps.xml (RunModel)" time="0.009" />
  <testcase classname="ptolemy.util.test.junit.AutoTests" name="[374] /home/travis/build/icyphy/ptII/ptolemy/actor/lib/test/auto/TimeDelayMicrosteps2.xml (RunModel)" time="0.01" />
  <testcase classname="ptolemy.util.test.junit.AutoTests" name="[375] /home/travis/build/icyphy/ptII/ptolemy/actor/lib/test/auto/TimeDelayMicrosteps3.xml (RunModel)" time="0.01" />
  <testcase classname="ptolemy.util.test.junit.AutoTests" name="[376] /home/travis/build/icyphy/ptII/ptolemy/actor/lib/test/auto/TimeDelayVariableMicrosteps.xml (RunModel)" time="0.009" />
  <testcase classname="ptolemy.util.test.junit.AutoTests" name="[377] /home/travis/build/icyphy/ptII/ptolemy/actor/lib/test/auto/TimeGap.xml (RunModel)" time="0.011" />
  <testcase classname="ptolemy.util.test.junit.AutoTests" name="[378] /home/travis/build/icyphy/ptII/ptolemy/actor/lib/test/auto/TimeGap2.xml (RunModel)" time="0.008" />
  <testcase classname="ptolemy.util.test.junit.AutoTests" name="[379] /home/travis/build/icyphy/ptII/ptolemy/actor/lib/test/auto/TimedSinewave.xml (RunModel)" time="0.04" />
  <testcase classname="ptolemy.util.test.junit.AutoTests" name="[380] /home/travis/build/icyphy/ptII/ptolemy/actor/lib/test/auto/TimedSinewavePhase.xml (RunModel)" time="0.033" />
  <testcase classname="ptolemy.util.test.junit.AutoTests" name="[381] /home/travis/build/icyphy/ptII/ptolemy/actor/lib/test/auto/Timer.xml (RunModel)" time="0.027" />
  <testcase classname="ptolemy.util.test.junit.AutoTests" name="[382] /home/travis/build/icyphy/ptII/ptolemy/actor/lib/test/auto/TriangularDistTestModel.xml (RunModel)" time="0.013" />
  <testcase classname="ptolemy.util.test.junit.AutoTests" name="[383] /home/travis/build/icyphy/ptII/ptolemy/actor/lib/test/auto/TrigFunction.xml (RunModel)" time="0.006" />
  <testcase classname="ptolemy.util.test.junit.AutoTests" name="[384] /home/travis/build/icyphy/ptII/ptolemy/actor/lib/test/auto/TrigFunctionDE.xml (RunModel)" time="0.007" />
  <testcase classname="ptolemy.util.test.junit.AutoTests" name="[385] /home/travis/build/icyphy/ptII/ptolemy/actor/lib/test/auto/TrigFunctionInverse.xml (RunModel)" time="0.007" />
  <testcase classname="ptolemy.util.test.junit.AutoTests" name="[386] /home/travis/build/icyphy/ptII/ptolemy/actor/lib/test/auto/TrigFunctionTan.xml (RunModel)" time="0.004" />
  <testcase classname="ptolemy.util.test.junit.AutoTests" name="[387] /home/travis/build/icyphy/ptII/ptolemy/actor/lib/test/auto/TriggeredClock.xml (RunModel)" time="0.006" />
  <testcase classname="ptolemy.util.test.junit.AutoTests" name="[388] /home/travis/build/icyphy/ptII/ptolemy/actor/lib/test/auto/URLDirectoryReader.xml (RunModel)" time="0.099" />
  <testcase classname="ptolemy.util.test.junit.AutoTests" name="[389] /home/travis/build/icyphy/ptII/ptolemy/actor/lib/test/auto/URLDirectoryReader3.xml (RunModel)" time="1.901" />
  <testcase classname="ptolemy.util.test.junit.AutoTests" name="[390] /home/travis/build/icyphy/ptII/ptolemy/actor/lib/test/auto/UnaryMathFunction.xml (RunModel)" time="0.03" />
  <testcase classname="ptolemy.util.test.junit.AutoTests" name="[391] /home/travis/build/icyphy/ptII/ptolemy/actor/lib/test/auto/Uniform.xml (RunModel)" time="0.009" />
  <testcase classname="ptolemy.util.test.junit.AutoTests" name="[392] /home/travis/build/icyphy/ptII/ptolemy/actor/lib/test/auto/UnionDisassemblerTest.xml (RunModel)" time="0.011" />
  <testcase classname="ptolemy.util.test.junit.AutoTests" name="[393] /home/travis/build/icyphy/ptII/ptolemy/actor/lib/test/auto/UtilityFunctions.xml (RunModel)" time="0.007" />
  <testcase classname="ptolemy.util.test.junit.AutoTests" name="[394] /home/travis/build/icyphy/ptII/ptolemy/actor/lib/test/auto/VariableSleep.xml (RunModel)" time="0.509" />
  <testcase classname="ptolemy.util.test.junit.AutoTests" name="[395] /home/travis/build/icyphy/ptII/ptolemy/actor/lib/test/auto/VectorAssemblerDisassemblerCT.xml (RunModel)" time="0.093" />
  <testcase classname="ptolemy.util.test.junit.AutoTests" name="[396] /home/travis/build/icyphy/ptII/ptolemy/actor/lib/test/auto/VectorAssemblerDisassemblerDE.xml (RunModel)" time="0.014" />
  <testcase classname="ptolemy.util.test.junit.AutoTests" name="[397] /home/travis/build/icyphy/ptII/ptolemy/actor/lib/test/auto/VectorAssemblerDisassemblerSDF.xml (RunModel)" time="0.017" />
  <testcase classname="ptolemy.util.test.junit.AutoTests" name="[398] /home/travis/build/icyphy/ptII/ptolemy/actor/lib/test/auto/WallClockTime.xml (RunModel)" time="1.01" />
  <testcase classname="ptolemy.util.test.junit.AutoTests" name="[399] /home/travis/build/icyphy/ptII/ptolemy/actor/lib/test/auto/WidthTestWithSubscriberPublisher.xml (RunModel)" time="0.033" />
  <testcase classname="ptolemy.util.test.junit.AutoTests" name="[400] /home/travis/build/icyphy/ptII/ptolemy/actor/lib/test/auto/WidthTestWithSubscriberPublisher2.xml (RunModel)" time="0.015" />
  <testcase classname="ptolemy.util.test.junit.AutoTests" name="[401] /home/travis/build/icyphy/ptII/ptolemy/actor/lib/test/auto/WidthTestWithSubscriberPublisher3.xml (RunModel)" time="0.008" />
  <testcase classname="ptolemy.util.test.junit.AutoTests" name="[402] /home/travis/build/icyphy/ptII/ptolemy/actor/lib/test/auto/Writer.xml (RunModel)" time="0.005" />
  <testcase classname="ptolemy.util.test.junit.AutoTests" name="[403] /home/travis/build/icyphy/ptII/ptolemy/actor/lib/test/auto/array.xml (RunModel)" time="0.024" />
  <testcase classname="ptolemy.util.test.junit.AutoTests" name="[404] /home/travis/build/icyphy/ptII/ptolemy/actor/lib/test/auto/array2.xml (RunModel)" time="0.019" />
  <testcase classname="ptolemy.util.test.junit.AutoTests" name="[405] /home/travis/build/icyphy/ptII/ptolemy/actor/lib/test/auto/arrayType.xml (RunModel)" time="0.02" />
  <testcase classname="ptolemy.util.test.junit.AutoTests" name="[406] /home/travis/build/icyphy/ptII/ptolemy/actor/lib/test/auto/arrayType10.xml (RunModel)" time="0.007" />
  <testcase classname="ptolemy.util.test.junit.AutoTests" name="[407] /home/travis/build/icyphy/ptII/ptolemy/actor/lib/test/auto/arrayType11.xml (RunModel)" time="0.005" />
  <testcase classname="ptolemy.util.test.junit.AutoTests" name="[408] /home/travis/build/icyphy/ptII/ptolemy/actor/lib/test/auto/arrayType12.xml (RunModel)" time="0.007" />
  <testcase classname="ptolemy.util.test.junit.AutoTests" name="[409] /home/travis/build/icyphy/ptII/ptolemy/actor/lib/test/auto/arrayType13.xml (RunModel)" time="0.007" />
  <testcase classname="ptolemy.util.test.junit.AutoTests" name="[410] /home/travis/build/icyphy/ptII/ptolemy/actor/lib/test/auto/arrayType14.xml (RunModel)" time="0.007" />
  <testcase classname="ptolemy.util.test.junit.AutoTests" name="[411] /home/travis/build/icyphy/ptII/ptolemy/actor/lib/test/auto/arrayType15.xml (RunModel)" time="0.007" />
  <testcase classname="ptolemy.util.test.junit.AutoTests" name="[412] /home/travis/build/icyphy/ptII/ptolemy/actor/lib/test/auto/arrayType16.xml (RunModel)" time="0.006" />
  <testcase classname="ptolemy.util.test.junit.AutoTests" name="[413] /home/travis/build/icyphy/ptII/ptolemy/actor/lib/test/auto/arrayType17.xml (RunModel)" time="0.006" />
  <testcase classname="ptolemy.util.test.junit.AutoTests" name="[414] /home/travis/build/icyphy/ptII/ptolemy/actor/lib/test/auto/arrayType18.xml (RunModel)" time="0.005" />
  <testcase classname="ptolemy.util.test.junit.AutoTests" name="[415] /home/travis/build/icyphy/ptII/ptolemy/actor/lib/test/auto/arrayType19.xml (RunModel)" time="0.006" />
  <testcase classname="ptolemy.util.test.junit.AutoTests" name="[416] /home/travis/build/icyphy/ptII/ptolemy/actor/lib/test/auto/arrayType2.xml (RunModel)" time="0.007" />
  <testcase classname="ptolemy.util.test.junit.AutoTests" name="[417] /home/travis/build/icyphy/ptII/ptolemy/actor/lib/test/auto/arrayType20.xml (RunModel)" time="0.007" />
  <testcase classname="ptolemy.util.test.junit.AutoTests" name="[418] /home/travis/build/icyphy/ptII/ptolemy/actor/lib/test/auto/arrayType21.xml (RunModel)" time="0.006" />
  <testcase classname="ptolemy.util.test.junit.AutoTests" name="[419] /home/travis/build/icyphy/ptII/ptolemy/actor/lib/test/auto/arrayType22.xml (RunModel)" time="0.005" />
  <testcase classname="ptolemy.util.test.junit.AutoTests" name="[420] /home/travis/build/icyphy/ptII/ptolemy/actor/lib/test/auto/arrayType23.xml (RunModel)" time="0.005" />
  <testcase classname="ptolemy.util.test.junit.AutoTests" name="[421] /home/travis/build/icyphy/ptII/ptolemy/actor/lib/test/auto/arrayType24.xml (RunModel)" time="0.006" />
  <testcase classname="ptolemy.util.test.junit.AutoTests" name="[422] /home/travis/build/icyphy/ptII/ptolemy/actor/lib/test/auto/arrayType25.xml (RunModel)" time="0.005" />
  <testcase classname="ptolemy.util.test.junit.AutoTests" name="[423] /home/travis/build/icyphy/ptII/ptolemy/actor/lib/test/auto/arrayType26.xml (RunModel)" time="0.006" />
  <testcase classname="ptolemy.util.test.junit.AutoTests" name="[424] /home/travis/build/icyphy/ptII/ptolemy/actor/lib/test/auto/arrayType27.xml (RunModel)" time="0.005" />
  <testcase classname="ptolemy.util.test.junit.AutoTests" name="[425] /home/travis/build/icyphy/ptII/ptolemy/actor/lib/test/auto/arrayType28.xml (RunModel)" time="0.045" />
  <testcase classname="ptolemy.util.test.junit.AutoTests" name="[426] /home/travis/build/icyphy/ptII/ptolemy/actor/lib/test/auto/arrayType3.xml (RunModel)" time="0.026" />
  <testcase classname="ptolemy.util.test.junit.AutoTests" name="[427] /home/travis/build/icyphy/ptII/ptolemy/actor/lib/test/auto/arrayType4.xml (RunModel)" time="0.027" />
  <testcase classname="ptolemy.util.test.junit.AutoTests" name="[428] /home/travis/build/icyphy/ptII/ptolemy/actor/lib/test/auto/arrayType5.xml (RunModel)" time="0.037" />
  <testcase classname="ptolemy.util.test.junit.AutoTests" name="[429] /home/travis/build/icyphy/ptII/ptolemy/actor/lib/test/auto/arrayType6.xml (RunModel)" time="0.045" />
  <testcase classname="ptolemy.util.test.junit.AutoTests" name="[430] /home/travis/build/icyphy/ptII/ptolemy/actor/lib/test/auto/arrayType7.xml (RunModel)" time="0.03" />
  <testcase classname="ptolemy.util.test.junit.AutoTests" name="[431] /home/travis/build/icyphy/ptII/ptolemy/actor/lib/test/auto/arrayType8.xml (RunModel)" time="0.028" />
  <testcase classname="ptolemy.util.test.junit.AutoTests" name="[432] /home/travis/build/icyphy/ptII/ptolemy/actor/lib/test/auto/arrayType9.xml (RunModel)" time="0.026" />
  <testcase classname="ptolemy.util.test.junit.AutoTests" name="[433] /home/travis/build/icyphy/ptII/ptolemy/actor/lib/test/auto/cast.xml (RunModel)" time="0.006" />
  <testcase classname="ptolemy.util.test.junit.AutoTests" name="[434] /home/travis/build/icyphy/ptII/ptolemy/actor/lib/test/auto/compositeMultiPort.xml (RunModel)" time="0.014" />
  <testcase classname="ptolemy.util.test.junit.AutoTests" name="[435] /home/travis/build/icyphy/ptII/ptolemy/actor/lib/test/auto/expressionCastInference.xml (RunModel)" time="0.014" />
  <testcase classname="ptolemy.util.test.junit.AutoTests" name="[436] /home/travis/build/icyphy/ptII/ptolemy/actor/lib/test/auto/expressionCastInference2.xml (RunModel)" time="0.005" />
  <testcase classname="ptolemy.util.test.junit.AutoTests" name="[437] /home/travis/build/icyphy/ptII/ptolemy/actor/lib/test/auto/expressionInference.xml (RunModel)" time="0.005" />
  <testcase classname="ptolemy.util.test.junit.AutoTests" name="[438] /home/travis/build/icyphy/ptII/ptolemy/actor/lib/test/auto/expression_bug.xml (RunModel)" time="0.005" />
  <testcase classname="ptolemy.util.test.junit.AutoTests" name="[439] /home/travis/build/icyphy/ptII/ptolemy/actor/lib/test/auto/factorial.xml (RunModel)" time="0.034" />
  <testcase classname="ptolemy.util.test.junit.AutoTests" name="[440] /home/travis/build/icyphy/ptII/ptolemy/actor/lib/test/auto/filterTest1.xml (RunModel)" time="0.011" />
  <testcase classname="ptolemy.util.test.junit.AutoTests" name="[441] /home/travis/build/icyphy/ptII/ptolemy/actor/lib/test/auto/funcApplyInConst.xml (RunModel)" time="0.005" />
  <testcase classname="ptolemy.util.test.junit.AutoTests" name="[442] /home/travis/build/icyphy/ptII/ptolemy/actor/lib/test/auto/funcApplyInExpr.xml (RunModel)" time="0.004" />
  <testcase classname="ptolemy.util.test.junit.AutoTests" name="[443] /home/travis/build/icyphy/ptII/ptolemy/actor/lib/test/auto/function.xml (RunModel)" time="0.008" />
  <testcase classname="ptolemy.util.test.junit.AutoTests" name="[444] /home/travis/build/icyphy/ptII/ptolemy/actor/lib/test/auto/function2.xml (RunModel)" time="0.007" />
  <testcase classname="ptolemy.util.test.junit.AutoTests" name="[445] /home/travis/build/icyphy/ptII/ptolemy/actor/lib/test/auto/function3.xml (RunModel)" time="0.005" />
  <testcase classname="ptolemy.util.test.junit.AutoTests" name="[446] /home/travis/build/icyphy/ptII/ptolemy/actor/lib/test/auto/functionClosureTest1.xml (RunModel)" time="0.008" />
  <testcase classname="ptolemy.util.test.junit.AutoTests" name="[447] /home/travis/build/icyphy/ptII/ptolemy/actor/lib/test/auto/functionClosureTest2.xml (RunModel)" time="0.005" />
  <testcase classname="ptolemy.util.test.junit.AutoTests" name="[448] /home/travis/build/icyphy/ptII/ptolemy/actor/lib/test/auto/functionClosureTest3.xml (RunModel)" time="0.007" />
  <testcase classname="ptolemy.util.test.junit.AutoTests" name="[449] /home/travis/build/icyphy/ptII/ptolemy/actor/lib/test/auto/functionClosureTest4.xml (RunModel)" time="0.012" />
  <testcase classname="ptolemy.util.test.junit.AutoTests" name="[450] /home/travis/build/icyphy/ptII/ptolemy/actor/lib/test/auto/functionClosureTest5.xml (RunModel)" time="0.008" />
  <testcase classname="ptolemy.util.test.junit.AutoTests" name="[451] /home/travis/build/icyphy/ptII/ptolemy/actor/lib/test/auto/functionClosureTest6.xml (RunModel)" time="0.006" />
  <testcase classname="ptolemy.util.test.junit.AutoTests" name="[452] /home/travis/build/icyphy/ptII/ptolemy/actor/lib/test/auto/functionsOnArcs.xml (RunModel)" time="0.007" />
  <testcase classname="ptolemy.util.test.junit.AutoTests" name="[453] /home/travis/build/icyphy/ptII/ptolemy/actor/lib/test/auto/functionsOnArcsHOF.xml (RunModel)" time="0.012" />
  <testcase classname="ptolemy.util.test.junit.AutoTests" name="[454] /home/travis/build/icyphy/ptII/ptolemy/actor/lib/test/auto/logic.xml (RunModel)" time="0.015" />
  <testcase classname="ptolemy.util.test.junit.AutoTests" name="[455] /home/travis/build/icyphy/ptII/ptolemy/actor/lib/test/auto/matrixType.xml (RunModel)" time="0.006" />
  <testcase classname="ptolemy.util.test.junit.AutoTests" name="[456] /home/travis/build/icyphy/ptII/ptolemy/actor/lib/test/auto/matrixType10.xml (RunModel)" time="0.006" />
  <testcase classname="ptolemy.util.test.junit.AutoTests" name="[457] /home/travis/build/icyphy/ptII/ptolemy/actor/lib/test/auto/matrixType11.xml (RunModel)" time="0.006" />
  <testcase classname="ptolemy.util.test.junit.AutoTests" name="[458] /home/travis/build/icyphy/ptII/ptolemy/actor/lib/test/auto/matrixType12.xml (RunModel)" time="0.008" />
  <testcase classname="ptolemy.util.test.junit.AutoTests" name="[459] /home/travis/build/icyphy/ptII/ptolemy/actor/lib/test/auto/matrixType13.xml (RunModel)" time="0.006" />
  <testcase classname="ptolemy.util.test.junit.AutoTests" name="[460] /home/travis/build/icyphy/ptII/ptolemy/actor/lib/test/auto/matrixType14.xml (RunModel)" time="0.007" />
  <testcase classname="ptolemy.util.test.junit.AutoTests" name="[461] /home/travis/build/icyphy/ptII/ptolemy/actor/lib/test/auto/matrixType2.xml (RunModel)" time="0.006" />
  <testcase classname="ptolemy.util.test.junit.AutoTests" name="[462] /home/travis/build/icyphy/ptII/ptolemy/actor/lib/test/auto/matrixType3.xml (RunModel)" time="0.011" />
  <testcase classname="ptolemy.util.test.junit.AutoTests" name="[463] /home/travis/build/icyphy/ptII/ptolemy/actor/lib/test/auto/matrixType4.xml (RunModel)" time="0.007" />
  <testcase classname="ptolemy.util.test.junit.AutoTests" name="[464] /home/travis/build/icyphy/ptII/ptolemy/actor/lib/test/auto/matrixType5.xml (RunModel)" time="0.006" />
  <testcase classname="ptolemy.util.test.junit.AutoTests" name="[465] /home/travis/build/icyphy/ptII/ptolemy/actor/lib/test/auto/matrixType6.xml (RunModel)" time="0.006" />
  <testcase classname="ptolemy.util.test.junit.AutoTests" name="[466] /home/travis/build/icyphy/ptII/ptolemy/actor/lib/test/auto/matrixType7.xml (RunModel)" time="0.006" />
  <testcase classname="ptolemy.util.test.junit.AutoTests" name="[467] /home/travis/build/icyphy/ptII/ptolemy/actor/lib/test/auto/matrixType8.xml (RunModel)" time="0.006" />
  <testcase classname="ptolemy.util.test.junit.AutoTests" name="[468] /home/travis/build/icyphy/ptII/ptolemy/actor/lib/test/auto/matrixType9.xml (RunModel)" time="0.006" />
  <testcase classname="ptolemy.util.test.junit.AutoTests" name="[469] /home/travis/build/icyphy/ptII/ptolemy/actor/lib/test/auto/paraFunctest.xml (RunModel)" time="0.005" />
  <testcase classname="ptolemy.util.test.junit.AutoTests" name="[470] /home/travis/build/icyphy/ptII/ptolemy/actor/lib/test/auto/paraFunctest2.xml (RunModel)" time="0.008" />
  <testcase classname="ptolemy.util.test.junit.AutoTests" name="[471] /home/travis/build/icyphy/ptII/ptolemy/actor/lib/test/auto/parameterPassing.xml (RunModel)" time="0.006" />
  <testcase classname="ptolemy.util.test.junit.AutoTests" name="[472] /home/travis/build/icyphy/ptII/ptolemy/actor/lib/test/auto/record.xml (RunModel)" time="0.009" />
  <testcase classname="ptolemy.util.test.junit.AutoTests" name="[473] /home/travis/build/icyphy/ptII/ptolemy/actor/lib/test/auto/sizedarray1.xml (RunModel)" time="0.007" />
  <testcase classname="ptolemy.util.test.junit.AutoTests" name="[474] /home/travis/build/icyphy/ptII/ptolemy/actor/lib/test/auto/sizedarray2.xml (RunModel)" time="0.008" />
  <testcase classname="ptolemy.util.test.junit.AutoTests" name="[475] /home/travis/build/icyphy/ptII/ptolemy/actor/lib/test/auto/twoPublishers.xml (RunModel)" time="0.022" />
  <system-out><![CDATA[/home/travis/build/icyphy/ptII/ptolemy/actor/lib/test/AbsoluteValue.tcl
testDefs.tcl: setting time out to 9000 seconds at Fri Oct 16 15:48:59 UTC 2020
80 ms. Memory: 129024K Free: 93128K (72%)
6 ms. Memory: 129024K Free: 91080K (71%)
4 ms. Memory: 129024K Free: 90056K (70%)
4 ms. Memory: 129024K Free: 89527K (69%)
/home/travis/build/icyphy/ptII/ptolemy/actor/lib/test/AddSubtract.tcl
8 ms. Memory: 129024K Free: 87494K (68%)
4 ms. Memory: 129024K Free: 86984K (67%)
10 ms. Memory: 129024K Free: 85960K (67%)
7 ms. Memory: 129024K Free: 85439K (66%)
64 ms. Memory: 129024K Free: 82374K (64%)
11 ms. Memory: 129024K Free: 81350K (63%)
/home/travis/build/icyphy/ptII/ptolemy/actor/lib/test/Average.tcl
8 ms. Memory: 129024K Free: 79816K (62%)
9 ms. Memory: 129024K Free: 78792K (61%)
/home/travis/build/icyphy/ptII/ptolemy/actor/lib/test/Bernoulli.tcl
8 ms. Memory: 129024K Free: 77239K (60%)
2 ms. Memory: 129024K Free: 76744K (59%)
/home/travis/build/icyphy/ptII/ptolemy/actor/lib/test/Clock.tcl
preinitializing
resolving types
initializing
executing number 1
wrapping up
idle
19 ms. Memory: 129024K Free: 74182K (57%)
Completed execution with 5 iterations
preinitializing
resolving types
initializing
executing number 1
wrapping up
idle
4 ms. Memory: 129024K Free: 73143K (57%)
Completed execution with 5 iterations
preinitializing
resolving types
initializing
executing number 1
wrapping up
idle
10 ms. Memory: 129024K Free: 72648K (56%)
Completed execution with 5 iterations
/home/travis/build/icyphy/ptII/ptolemy/actor/lib/test/Commutator.tcl
12 ms. Memory: 129024K Free: 70600K (55%)
5 ms. Memory: 129024K Free: 69576K (54%)
15 ms. Memory: 129024K Free: 63927K (50%)
/home/travis/build/icyphy/ptII/ptolemy/actor/lib/test/Const.tcl
3 ms. Memory: 129024K Free: 62408K (48%)
2 ms. Memory: 129024K Free: 61887K (48%)
3 ms. Memory: 129024K Free: 61384K (48%)
2 ms. Memory: 129024K Free: 60870K (47%)
1 ms. Memory: 129024K Free: 60360K (47%)
11 ms. Memory: 129024K Free: 58822K (46%)
4 ms. Memory: 129024K Free: 57288K (44%)
3 ms. Memory: 129024K Free: 56774K (44%)
/home/travis/build/icyphy/ptII/ptolemy/actor/lib/test/CurrentTime.tcl
preinitializing
resolving types
initializing
executing number 1
wrapping up
idle
7 ms. Memory: 129024K Free: 54695K (42%)
Completed execution with 11 iterations
/home/travis/build/icyphy/ptII/ptolemy/actor/lib/test/DB.tcl
3 ms. Memory: 129024K Free: 53192K (41%)
2 ms. Memory: 129024K Free: 52678K (41%)
1 ms. Memory: 129024K Free: 52168K (40%)
/home/travis/build/icyphy/ptII/ptolemy/actor/lib/test/DiscreteRandomSource.tcl
preinitializing
resolving types
initializing
executing number 1
wrapping up
idle
7 ms. Memory: 129024K Free: 50615K (39%)
Completed execution with 4 iterations
preinitializing
resolving types
initializing
executing number 1
wrapping up
idle
3 ms. Memory: 129024K Free: 50120K (39%)
Completed execution with 4 iterations
preinitializing
resolving types
initializing
executing number 1
wrapping up
idle
3 ms. Memory: 129024K Free: 49606K (38%)
Completed execution with 4 iterations
preinitializing
resolving types
initializing
executing number 1
wrapping up
idle
3 ms. Memory: 129024K Free: 49096K (38%)
Completed execution with 4 iterations
preinitializing
resolving types
initializing
executing number 1
wrapping up
idle
3 ms. Memory: 129024K Free: 48582K (38%)
Completed execution with 4 iterations
/home/travis/build/icyphy/ptII/ptolemy/actor/lib/test/Distributor.tcl
21 ms. Memory: 129024K Free: 113486K (88%)
17 ms. Memory: 129024K Free: 112791K (87%)
StreamChangeRequest.changeExecuted(): <deleteEntity name="rec2"/> succeeded
StreamChangeRequest.changeExecuted(): <deleteRelation name="r2"/> succeeded
StreamChangeRequest.changeExecuted(): Record firings per iteration succeeded
7 ms. Memory: 129024K Free: 110326K (86%)
/home/travis/build/icyphy/ptII/ptolemy/actor/lib/test/Exit.tcl
Exit.tcl: this will print a message about Manager.exitAfterWrapup, which can be ignored.
7 ms. Memory: 129024K Free: 107303K (83%)
/home/travis/build/icyphy/ptII/ptolemy/actor/lib/test/Expression.tcl
14 ms. Memory: 129024K Free: 103736K (80%)
3 ms. Memory: 129024K Free: 103276K (80%)
2 ms. Memory: 129024K Free: 102252K (79%)
preinitializing
resolving types
initializing
executing number 1
wrapping up
idle
8 ms. Memory: 129024K Free: 101110K (78%)
Completed execution with 6 iterations
3 ms. Memory: 129024K Free: 100204K (78%)
2 ms. Memory: 129024K Free: 99180K (77%)
4 ms. Memory: 129024K Free: 98126K (76%)
3 ms. Memory: 129024K Free: 97014K (75%)
3 ms. Memory: 129024K Free: 95514K (74%)
/home/travis/build/icyphy/ptII/ptolemy/actor/lib/test/Gaussian.tcl
4 ms. Memory: 129024K Free: 94046K (73%)
sleeping 1 seconds: ...............................................................................................................................................................................................................................................................................................................................................................................................................................................................................................................................................................................................................................................................................................................................................................................................................................................................................................................................................................................................................................................................................................................................................................................................................................................................................................................................................................................................................................................................................................................................................................................................................................................................................................................................................................................................................................................................................................................................................................................................................................................................................................................................................................................................................................................................................................................................................................................................................................................................................................................................................................................................................................................................................................................................................................................................................................................................................................................................................................................................................................................................................................................................................................................................................................................................................................................................................................................................................................................................................................................................................................................................................................................................................................................................................................................................................................................................................................................................................................................................................................................................................................................................................................................................................................................................................................................................................................................................................................................................................................................................................................................................................................................................................................................................................................................................................................................................................................................................................................................................................................................................................................................................................................................................................................................................................................................................................................................................................................................................................................................................................................................................................................................................................................................................................................................................................................................................................................................................................................................................................................................................................................................................................................................................................................................................................................................................................................................................................................................................................................................................................................................................................................................................................................................................................................................................................................................................................................................................................................................................................................................................................................................................................................................................................................................................................................................................................................................................................................................................................................................................................................................................................................................................................................................................................................................................................................................................................................................................................................................................................................................................................................................................................................................................................................................................................................................................................................................................................................................................................................................................................................................................................................................................................................................................................................................................................................................................................................................................................................................................................................................................................................................................................................................................................................................................................................................................................................................................................................................................................................................................................................................................................................................................................................................................................................................................................................................................................................................................................................................................................................................................................................................................................................................................................................................................................................................................................................................................................................................................................................................................................................................................................................................................................................................................................................................................................................................................................................................................................................................................................................................................................................................................................................................................................................................................................................................................................................................................................................................................................................................................................................................................................................................................................................................................................................................................................................................................................................................................................................................................................................................................................................................................................................................................................................................................................................................................................................................................................................................................................................................................................................................................................................................................................................................................................................................................................................................................................................................................................................................................................................................................................................................................................................................................................................................................................................................................................................................................................................................................................................................................................................................................................................................................................................................................................................................................................................................................................................................................................................................................................................................................................................................................................................................................................................................................................................................................................................................................................................................................................................................................................................................................................................................................................................................................................................................................................................................................................................................................................................................................................................................................................................................................................2 ms. Memory: 129024K Free: 89708K (70%)
3 ms. Memory: 129024K Free: 88684K (69%)
3 ms. Memory: 129024K Free: 88174K (68%)
4 ms. Memory: 129024K Free: 87527K (68%)
3 ms. Memory: 129024K Free: 86630K (67%)
/home/travis/build/icyphy/ptII/ptolemy/actor/lib/test/IIR.tcl
/home/travis/build/icyphy/ptII/ptolemy/actor/lib/test/Interpolator.tcl
4 ms. Memory: 129024K Free: 83054K (64%)
2 ms. Memory: 129024K Free: 82540K (64%)
6 ms. Memory: 129024K Free: 82030K (64%)
1 ms. Memory: 129024K Free: 81516K (63%)
3 ms. Memory: 129024K Free: 80492K (62%)
6 ms. Memory: 129024K Free: 79982K (62%)
2 ms. Memory: 129024K Free: 78958K (61%)
11 ms. Memory: 129024K Free: 77934K (60%)
1 ms. Memory: 129024K Free: 76910K (60%)
2 ms. Memory: 129024K Free: 76396K (59%)
/home/travis/build/icyphy/ptII/ptolemy/actor/lib/test/MathFunction.tcl
5 ms. Memory: 129024K Free: 74334K (58%)
2 ms. Memory: 129024K Free: 72814K (56%)
2 ms. Memory: 129024K Free: 71790K (56%)
2 ms. Memory: 129024K Free: 71262K (55%)
3 ms. Memory: 129024K Free: 69742K (54%)
5 ms. Memory: 129024K Free: 67694K (52%)
/home/travis/build/icyphy/ptII/ptolemy/actor/lib/test/Maximum.tcl
5 ms. Memory: 129024K Free: 111209K (86%)
4 ms. Memory: 129024K Free: 110689K (86%)
5 ms. Memory: 129024K Free: 110185K (85%)
5 ms. Memory: 129024K Free: 109671K (85%)
/home/travis/build/icyphy/ptII/ptolemy/actor/lib/test/Minimum.tcl
5 ms. Memory: 129024K Free: 107623K (83%)
4 ms. Memory: 129024K Free: 107113K (83%)
2 ms. Memory: 129024K Free: 106585K (83%)
3 ms. Memory: 129024K Free: 105561K (82%)
/home/travis/build/icyphy/ptII/ptolemy/actor/lib/test/MultiplyDivide.tcl
4 ms. Memory: 129024K Free: 104041K (81%)
3 ms. Memory: 129024K Free: 103017K (80%)
3 ms. Memory: 129024K Free: 102489K (79%)
3 ms. Memory: 129024K Free: 101465K (79%)
2 ms. Memory: 129024K Free: 100969K (78%)
/home/travis/build/icyphy/ptII/ptolemy/actor/lib/test/OrderedMerge.tcl
Connections changed on port: inputA
Connections changed on port: inputB
Connections changed on port: output
Connections changed on port: output
Connections changed on port: output
Connections changed on port: input
.top. Preinitializing ...
Invoking preinitialize():  .top.OrderedMerge
Called preinitialize()
Invoking preinitialize():  .top.Ramp
Called preinitialize()
Invoking preinitialize():  .top.Ramp2
Called preinitialize()
Invoking preinitialize():  .top.Test
Called preinitialize()
Connections changed on port: inputA
Connections changed on port: output
Connections changed on port: output
Connections changed on port: input
Connections changed on port: inputB
Connections changed on port: output
.top. Finished preinitialize().
Called initialize().
Invoking initialize():  .top.OrderedMerge
Initializing actor: .top.OrderedMerge
Adding a thread: .top.OrderedMerge
Invoking initialize():  .top.Ramp
Initializing actor: .top.Ramp
Adding a thread: .top.Ramp
Invoking initialize():  .top.Ramp2
Initializing actor: .top.Ramp2
Adding a thread: .top.Ramp2
Invoking initialize():  .top.Test
Initializing actor: .top.Test
Adding a thread: .top.Test
Called fire().
Checking for deadlock:
-- Starting thread.
-- Starting thread.
Called initialize()
Called prefire()
Called fire()
There are 0 Blocked actors, 0 Stopped actors, and 4 active threads.
-- Starting thread.
Called initialize()
Waiting for actors to stop.
-- Starting thread.
Called initialize()
Called initialize()
Called prefire()
Called fire()
Called prefire()
Called fire()
Checking for deadlock:
There are 2 Blocked actors, 0 Stopped actors, and 4 active threads.
Waiting for actors to stop.
Called postfire()
Called prefire()
Called prefire()
Called fire()
Called fire()
Called postfire()
Called prefire()
Called fire()
Called postfire()
Called prefire()
Called fire()
Checking for deadlock:
There are 3 Blocked actors, 0 Stopped actors, and 4 active threads.
Waiting for actors to stop.
Read input token from inputA with value 0.0
Next port to read input from is inputB
Called postfire()
Called prefire()
Called fire()
Read input token from inputB with value 0.0
Called postfire()
Called prefire()
Called fire()
Sent output token with value 0.0
Next port to read input from is inputA
Called postfire()
Called prefire()
Called fire()
Read input token from inputA with value 1.0
-- Read input: 0.0, which is expected to match: 0.0
Checking for deadlock:
There are 1 Blocked actors, 0 Stopped actors, and 4 active threads.
Waiting for actors to stop.
Sent output token with value 0.0
Called prefire()
Called fire()
Next port to read input from is inputB
Called postfire()
Called prefire()
Called fire()
-- Read input: 0.0, which is expected to match: 0.0
Called prefire()
Called fire()
Read input token from inputB with value 1.5
Sent output token with value 1.0
Next port to read input from is inputA
Called postfire()
Called prefire()
Called fire()
Called postfire()
Called prefire()
Called fire()
Called postfire()
Called prefire()
Called fire()
Checking for deadlock:
There are 2 Blocked actors, 0 Stopped actors, and 4 active threads.
Waiting for actors to stop.
-- Read input: 1.0, which is expected to match: 1.0
Called prefire()
Called fire()
Checking for deadlock:
There are 3 Blocked actors, 0 Stopped actors, and 4 active threads.
Waiting for actors to stop.
Checking for deadlock:
There are 2 Blocked actors, 0 Stopped actors, and 4 active threads.
Waiting for actors to stop.
Called postfire()
Called prefire()
Called fire()
Checking for deadlock:
Read input token from inputA with value 2.0
There are 3 Blocked actors, 0 Stopped actors, and 4 active threads.
Waiting for actors to stop.
Sent output token with value 1.5
Next port to read input from is inputB
Called postfire()
Called prefire()
Called fire()
Read input token from inputB with value 3.0
Checking for deadlock:
There are 2 Blocked actors, 0 Stopped actors, and 4 active threads.
Waiting for actors to stop.
-- Read input: 1.5, which is expected to match: 1.5
Called prefire()
Called fire()
Checking for deadlock:
There are 2 Blocked actors, 0 Stopped actors, and 4 active threads.
Waiting for actors to stop.
Sent output token with value 2.0
Next port to read input from is inputA
Called postfire()
Called prefire()
Called fire()
Read input token from inputA with value 3.0
Checking for deadlock:
Called postfire()
There are 1 Blocked actors, 0 Stopped actors, and 4 active threads.
Called prefire()
Waiting for actors to stop.
-- Read input: 2.0, which is expected to match: 2.0
Called prefire()
Called fire()
Checking for deadlock:
There are 1 Blocked actors, 0 Stopped actors, and 4 active threads.
Called fire()
Waiting for actors to stop.
Called postfire()
Called prefire()
Called fire()
Sent output token with value 3.0
Next port to read input from is inputB
Called postfire()
Called prefire()
Called fire()
Read input token from inputB with value 4.5
Checking for deadlock:
There are 2 Blocked actors, 0 Stopped actors, and 4 active threads.
Waiting for actors to stop.
-- Read input: 3.0, which is expected to match: 3.0
Called prefire()
Called fire()
Checking for deadlock:
There are 2 Blocked actors, 0 Stopped actors, and 4 active threads.
Waiting for actors to stop.
Called postfire()
Called prefire()
Called fire()
Checking for deadlock:
There are 3 Blocked actors, 0 Stopped actors, and 4 active threads.
Waiting for actors to stop.
Checking for deadlock:
There are 2 Blocked actors, 0 Stopped actors, and 4 active threads.
Waiting for actors to stop.
-- Read input: 3.0, which is expected to match: 3.0
Called prefire()
Called fire()
Checking for deadlock:
There are 3 Blocked actors, 0 Stopped actors, and 4 active threads.
Waiting for actors to stop.
Sent output token with value 3.0
Next port to read input from is inputA
Called postfire()
Called prefire()
Called fire()
Read input token from inputA with value 4.0
Sent output token with value 4.0
Next port to read input from is inputA
Called postfire()
Called prefire()
Called fire()
Called postfire()
Called prefire()
Called fire()
Checking for deadlock:
There are 1 Blocked actors, 0 Stopped actors, and 4 active threads.
Read input token from inputA with value 5.0
Waiting for actors to stop.
-- Read input: 4.0, which is expected to match: 4.0
Called prefire()
Called fire()
Past the end of training data. Read and discard all inputs.
Called postfire()
Called prefire()
Called fire()
Checking for deadlock:
There are 3 Blocked actors, 0 Stopped actors, and 4 active threads.
Waiting for actors to stop.
Checking for deadlock:
There are 2 Blocked actors, 0 Stopped actors, and 4 active threads.
Waiting for actors to stop.
Called prefire()
Called fire()
Past the end of training data. Read and discard all inputs.
Checking for deadlock:
There are 3 Blocked actors, 0 Stopped actors, and 4 active threads.
Waiting for actors to stop.
Sent output token with value 4.5
Next port to read input from is inputB
Called postfire()
Called prefire()
Called fire()
Checking for deadlock:
There are 2 Blocked actors, 0 Stopped actors, and 4 active threads.
Waiting for actors to stop.
Called postfire()
Called prefire()
Called fire()
Checking for deadlock:
Read input token from inputB with value 6.0
There are 3 Blocked actors, 0 Stopped actors, and 4 active threads.
Waiting for actors to stop.
Checking for deadlock:
There are 2 Blocked actors, 0 Stopped actors, and 4 active threads.
Waiting for actors to stop.
Called prefire()
Called fire()
Past the end of training data. Read and discard all inputs.
Checking for deadlock:
There are 3 Blocked actors, 0 Stopped actors, and 4 active threads.
Waiting for actors to stop.
Sent output token with value 5.0
Next port to read input from is inputA
Called postfire()
Called prefire()
Called fire()
Checking for deadlock:
There are 2 Blocked actors, 0 Stopped actors, and 4 active threads.
Waiting for actors to stop.
Called postfire()
Called prefire()
Called fire()
Checking for deadlock:
Read input token from inputA with value 6.0
There are 3 Blocked actors, 0 Stopped actors, and 4 active threads.
Waiting for actors to stop.
Checking for deadlock:
There are 2 Blocked actors, 0 Stopped actors, and 4 active threads.
Waiting for actors to stop.
Sent output token with value 6.0
Called prefire()
Called fire()
Past the end of training data. Read and discard all inputs.
Checking for deadlock:
There are 3 Blocked actors, 0 Stopped actors, and 4 active threads.
Waiting for actors to stop.
Next port to read input from is inputB
Called postfire()
Called prefire()
Called fire()
Checking for deadlock:
There are 2 Blocked actors, 0 Stopped actors, and 4 active threads.
Waiting for actors to stop.
Called postfire()
Called prefire()
Called fire()
Checking for deadlock:
There are 3 Blocked actors, 0 Stopped actors, and 4 active threads.
Waiting for actors to stop.
Read input token from inputB with value 7.5
Checking for deadlock:
There are 2 Blocked actors, 0 Stopped actors, and 4 active threads.
Waiting for actors to stop.
Called prefire()
Called fire()
Past the end of training data. Read and discard all inputs.
Checking for deadlock:
There are 3 Blocked actors, 0 Stopped actors, and 4 active threads.
Waiting for actors to stop.
Sent output token with value 6.0
Next port to read input from is inputA
Called postfire()
Called prefire()
Called fire()
Checking for deadlock:
There are 2 Blocked actors, 0 Stopped actors, and 4 active threads.
Waiting for actors to stop.
Called postfire()
Called prefire()
Called fire()
Checking for deadlock:
There are 3 Blocked actors, 0 Stopped actors, and 4 active threads.
Waiting for actors to stop.
Read input token from inputA with value 7.0
Checking for deadlock:
There are 2 Blocked actors, 0 Stopped actors, and 4 active threads.
Waiting for actors to stop.
Called prefire()
Called fire()
Past the end of training data. Read and discard all inputs.
Checking for deadlock:
There are 3 Blocked actors, 0 Stopped actors, and 4 active threads.
Waiting for actors to stop.
Sent output token with value 7.0
Next port to read input from is inputA
Called postfire()
Called prefire()
Called fire()
Read input token from inputA with value 8.0
-- Thread wrapup() called.
Called wrapup()
Sent output token with value 7.5
Next port to read input from is inputB
Called postfire()
Called prefire()
Called fire()
Thread .top.Ramp is exiting.
Checking for deadlock:
-- Thread stopped.
There are 1 Blocked actors, 0 Stopped actors, and 3 active threads.
Waiting for actors to stop.
Called prefire()
Called fire()
Past the end of training data. Read and discard all inputs.
Called postfire()
Called prefire()
Called fire()
Checking for deadlock:
There are 2 Blocked actors, 0 Stopped actors, and 3 active threads.
Waiting for actors to stop.
Read input token from inputB with value 9.0
Called prefire()
Called fire()
Past the end of training data. Read and discard all inputs.
Checking for deadlock:
There are 2 Blocked actors, 0 Stopped actors, and 3 active threads.
Waiting for actors to stop.
Sent output token with value 8.0
Next port to read input from is inputA
Called postfire()
Called prefire()
Called fire()
Read input token from inputA with value 9.0
Called prefire()
Called fire()
Past the end of training data. Read and discard all inputs.
Checking for deadlock:
There are 2 Blocked actors, 0 Stopped actors, and 3 active threads.
Waiting for actors to stop.
Sent output token with value 9.0
Next port to read input from is inputB
Called postfire()
Called prefire()
Called fire()
Checking for deadlock:
There are 1 Blocked actors, 0 Stopped actors, and 3 active threads.
Waiting for actors to stop.
Called postfire()
Called prefire()
Called fire()
Checking for deadlock:
There are 2 Blocked actors, 0 Stopped actors, and 3 active threads.
Waiting for actors to stop.
Read input token from inputB with value 10.5
Checking for deadlock:
There are 1 Blocked actors, 0 Stopped actors, and 3 active threads.
Waiting for actors to stop.
Called prefire()
Called fire()
Past the end of training data. Read and discard all inputs.
Checking for deadlock:
There are 2 Blocked actors, 0 Stopped actors, and 3 active threads.
Waiting for actors to stop.
Sent output token with value 9.0
Next port to read input from is inputA
Called postfire()
Called prefire()
Called fire()
Checking for deadlock:
There are 3 Blocked actors, 0 Stopped actors, and 3 active threads.
Actors have stopped.
Checking for deadlock:
There are 3 Blocked actors, 0 Stopped actors, and 3 active threads.
Deadlock detected.
Resolving Deadlock
Checking for deadlock:
There are 3 Blocked actors, 0 Stopped actors, and 3 active threads.
Artificial Deadlock - increasing queue capacity.
increasing the capacity of receiver ptolemy.actor.TypedIOPort {.top.OrderedMerge.inputB} to 2
-- Thread wrapup() called.
Called wrapup()
Thread .top.Ramp2 is exiting.
-- Thread stopped.
Director: Called postfire().
Called postfire().
_stopRequested = false
_stopFireRequested = false
Returning from postfire(): true
Called fire().
Checking for deadlock:
There are 2 Blocked actors, 0 Stopped actors, and 2 active threads.
Actors have stopped.
Checking for deadlock:
There are 2 Blocked actors, 0 Stopped actors, and 2 active threads.
Deadlock detected.
Resolving Deadlock
Checking for deadlock:
There are 2 Blocked actors, 0 Stopped actors, and 2 active threads.
Deadlock detected: no processes blocked on write, but some are blocked on read.
Called postfire().
_stopRequested = false
_stopFireRequested = false
Returning from postfire(): false
Finished deactivating branches.
Called wrapup().
-- Thread wrapup() called.
Called wrapup()
Thread .top.OrderedMerge is exiting.
-- Thread stopped.
-- Blocked Receiver call threw TerminateProcessException.
-- Thread wrapup() called.
Called wrapup()
Thread .top.Test is exiting.
-- Thread stopped.
-- Blocked Receiver call threw TerminateProcessException.
61 ms. Memory: 129024K Free: 95849K (74%)
.top. Preinitializing ...
Invoking preinitialize():  .top.OrderedMerge
Called preinitialize()
Invoking preinitialize():  .top.Ramp
Called preinitialize()
Invoking preinitialize():  .top.Ramp2
Called preinitialize()
Invoking preinitialize():  .top.Test
Called preinitialize()
.top. Finished preinitialize().
Called initialize().
Invoking initialize():  .top.OrderedMerge
Initializing actor: .top.OrderedMerge
Adding a thread: .top.OrderedMerge
Invoking initialize():  .top.Ramp
Initializing actor: .top.Ramp
Adding a thread: .top.Ramp
Invoking initialize():  .top.Ramp2
Initializing actor: .top.Ramp2
Adding a thread: .top.Ramp2
Invoking initialize():  .top.Test
Initializing actor: .top.Test
Adding a thread: .top.Test
-- Starting thread.
Called initialize()
Called prefire()
Called fire()
-- Starting thread.
Called initialize()
Called prefire()
Called fire()
Called postfire()
Called prefire()
Called fire()
-- Starting thread.
Called initialize()
Called prefire()
Called fire()
Called postfire()
Called prefire()
Called fire()
Called fire().
Checking for deadlock:
There are 3 Blocked actors, 0 Stopped actors, and 4 active threads.
Waiting for actors to stop.
-- Starting thread.
Called initialize()
Called prefire()
Called fire()
Checking for deadlock:
There are 2 Blocked actors, 0 Stopped actors, and 4 active threads.
Waiting for actors to stop.
Called postfire()
Called prefire()
Called fire()
Checking for deadlock:
Read input token from inputA with value 0.0
There are 3 Blocked actors, 0 Stopped actors, and 4 active threads.
Waiting for actors to stop.
Next port to read input from is inputB
Called postfire()
Called prefire()
Called fire()
Checking for deadlock:
There are 2 Blocked actors, 0 Stopped actors, and 4 active threads.
Waiting for actors to stop.
Read input token from inputB with value 0.0
Called postfire()
Called prefire()
Called fire()
Checking for deadlock:
There are 3 Blocked actors, 0 Stopped actors, and 4 active threads.
Waiting for actors to stop.
Checking for deadlock:
There are 2 Blocked actors, 0 Stopped actors, and 4 active threads.
Waiting for actors to stop.
-- Read input: 0.0, which is expected to match: 0.0
Called prefire()
Called fire()
Checking for deadlock:
There are 3 Blocked actors, 0 Stopped actors, and 4 active threads.
Waiting for actors to stop.
Sent output token with value 0.0
Next port to read input from is inputA
Called postfire()
Called prefire()
Called fire()
Checking for deadlock:
There are 2 Blocked actors, 0 Stopped actors, and 4 active threads.
Waiting for actors to stop.
Called postfire()
Called prefire()
Called fire()
Checking for deadlock:
There are 3 Blocked actors, 0 Stopped actors, and 4 active threads.
Waiting for actors to stop.
Read input token from inputA with value 1.0
Checking for deadlock:
There are 2 Blocked actors, 0 Stopped actors, and 4 active threads.
Waiting for actors to stop.
-- Read input: 0.0, which is expected to match: 0.0
Called prefire()
Called fire()
Checking for deadlock:
There are 3 Blocked actors, 0 Stopped actors, and 4 active threads.
Waiting for actors to stop.
Sent output token with value 0.0
Next port to read input from is inputB
Called postfire()
Called prefire()
Called fire()
Checking for deadlock:
There are 2 Blocked actors, 0 Stopped actors, and 4 active threads.
Waiting for actors to stop.
Called postfire()
Called prefire()
Called fire()
Checking for deadlock:
Read input token from inputB with value 1.5
There are 3 Blocked actors, 0 Stopped actors, and 4 active threads.
Waiting for actors to stop.
Checking for deadlock:
There are 2 Blocked actors, 0 Stopped actors, and 4 active threads.
Waiting for actors to stop.
-- Read input: 1.0, which is expected to match: 1.0
Called prefire()
Called fire()
Checking for deadlock:
There are 3 Blocked actors, 0 Stopped actors, and 4 active threads.
Sent output token with value 1.0
Waiting for actors to stop.
Next port to read input from is inputA
Called postfire()
Called prefire()
Called fire()
Checking for deadlock:
There are 2 Blocked actors, 0 Stopped actors, and 4 active threads.
Waiting for actors to stop.
Called postfire()
Called prefire()
Called fire()
Checking for deadlock:
There are 3 Blocked actors, 0 Stopped actors, and 4 active threads.
Waiting for actors to stop.
Read input token from inputA with value 2.0
Checking for deadlock:
There are 2 Blocked actors, 0 Stopped actors, and 4 active threads.
Waiting for actors to stop.
Sent output token with value 1.5
-- Read input: 1.5, which is expected to match: 1.5
Called prefire()
Called fire()
Checking for deadlock:
There are 3 Blocked actors, 0 Stopped actors, and 4 active threads.
Waiting for actors to stop.
Next port to read input from is inputB
Called postfire()
Called prefire()
Called fire()
Checking for deadlock:
There are 2 Blocked actors, 0 Stopped actors, and 4 active threads.
Waiting for actors to stop.
Called postfire()
Called prefire()
Called fire()
Checking for deadlock:
There are 3 Blocked actors, 0 Stopped actors, and 4 active threads.
Waiting for actors to stop.
Read input token from inputB with value 3.0
Checking for deadlock:
There are 2 Blocked actors, 0 Stopped actors, and 4 active threads.
Waiting for actors to stop.
-- Read input: 2.0, which is expected to match: 2.0
Called prefire()
Called fire()
Checking for deadlock:
There are 3 Blocked actors, 0 Stopped actors, and 4 active threads.
Waiting for actors to stop.
Sent output token with value 2.0
Next port to read input from is inputA
Called postfire()
Called prefire()
Called fire()
Checking for deadlock:
There are 2 Blocked actors, 0 Stopped actors, and 4 active threads.
Waiting for actors to stop.
Called postfire()
Called prefire()
Called fire()
Checking for deadlock:
Read input token from inputA with value 3.0
There are 3 Blocked actors, 0 Stopped actors, and 4 active threads.
Waiting for actors to stop.
Checking for deadlock:
There are 2 Blocked actors, 0 Stopped actors, and 4 active threads.
Waiting for actors to stop.
-- Read input: 3.0, which is expected to match: 3.0
Called prefire()
Called fire()
Checking for deadlock:
There are 3 Blocked actors, 0 Stopped actors, and 4 active threads.
Waiting for actors to stop.
Sent output token with value 3.0
Next port to read input from is inputB
Called postfire()
Called prefire()
Called fire()
Checking for deadlock:
There are 2 Blocked actors, 0 Stopped actors, and 4 active threads.
Waiting for actors to stop.
Called postfire()
Called prefire()
Called fire()
Checking for deadlock:
Read input token from inputB with value 4.5
There are 3 Blocked actors, 0 Stopped actors, and 4 active threads.
Waiting for actors to stop.
Checking for deadlock:
There are 2 Blocked actors, 0 Stopped actors, and 4 active threads.
Waiting for actors to stop.
-- Read input: 3.0, which is expected to match: 3.0
Called prefire()
Called fire()
Checking for deadlock:
Sent output token with value 3.0
There are 3 Blocked actors, 0 Stopped actors, and 4 active threads.
Waiting for actors to stop.
Next port to read input from is inputA
Called postfire()
Called prefire()
Called fire()
Checking for deadlock:
There are 2 Blocked actors, 0 Stopped actors, and 4 active threads.
Waiting for actors to stop.
Read input token from inputA with value 4.0
Called postfire()
Called prefire()
Called fire()
-- Read input: 4.0, which is expected to match: 4.0
Called prefire()
Called fire()
Past the end of training data. Read and discard all inputs.
Checking for deadlock:
There are 3 Blocked actors, 0 Stopped actors, and 4 active threads.
Waiting for actors to stop.
Sent output token with value 4.0
Next port to read input from is inputA
Called postfire()
Called prefire()
Called fire()
Called postfire()
Called prefire()
Called fire()
Read input token from inputA with value 5.0
Checking for deadlock:
There are 3 Blocked actors, 0 Stopped actors, and 4 active threads.
Waiting for actors to stop.
Checking for deadlock:
Called prefire()
Called fire()
There are 2 Blocked actors, 0 Stopped actors, and 4 active threads.
Waiting for actors to stop.
Past the end of training data. Read and discard all inputs.
Checking for deadlock:
There are 3 Blocked actors, 0 Stopped actors, and 4 active threads.
Sent output token with value 4.5
Waiting for actors to stop.
Next port to read input from is inputB
Called postfire()
Called prefire()
Called fire()
Checking for deadlock:
There are 2 Blocked actors, 0 Stopped actors, and 4 active threads.
Waiting for actors to stop.
Read input token from inputB with value 6.0
Called postfire()
Called prefire()
Called fire()
Checking for deadlock:
There are 2 Blocked actors, 0 Stopped actors, and 4 active threads.
Sent output token with value 5.0
Waiting for actors to stop.
Called prefire()
Called fire()
Past the end of training data. Read and discard all inputs.
Checking for deadlock:
There are 3 Blocked actors, 0 Stopped actors, and 4 active threads.
Waiting for actors to stop.
Next port to read input from is inputA
Called postfire()
Called prefire()
Called fire()
Checking for deadlock:
There are 2 Blocked actors, 0 Stopped actors, and 4 active threads.
Waiting for actors to stop.
Read input token from inputA with value 6.0
Called postfire()
Called prefire()
Called fire()
Called prefire()
Called fire()
Past the end of training data. Read and discard all inputs.
Checking for deadlock:
There are 3 Blocked actors, 0 Stopped actors, and 4 active threads.
Waiting for actors to stop.
Sent output token with value 6.0
Next port to read input from is inputB
Called postfire()
Called prefire()
Called fire()
Checking for deadlock:
Called postfire()
There are 2 Blocked actors, 0 Stopped actors, and 4 active threads.
Waiting for actors to stop.
Called prefire()
Called fire()
Checking for deadlock:
There are 3 Blocked actors, 0 Stopped actors, and 4 active threads.
Waiting for actors to stop.
Read input token from inputB with value 7.5
Checking for deadlock:
There are 2 Blocked actors, 0 Stopped actors, and 4 active threads.
Waiting for actors to stop.
Called prefire()
Called fire()
Past the end of training data. Read and discard all inputs.
Sent output token with value 6.0
Checking for deadlock:
There are 3 Blocked actors, 0 Stopped actors, and 4 active threads.
Waiting for actors to stop.
Next port to read input from is inputA
Called postfire()
Called prefire()
Called fire()
Checking for deadlock:
There are 2 Blocked actors, 0 Stopped actors, and 4 active threads.
Waiting for actors to stop.
Read input token from inputA with value 7.0
Called postfire()
Called prefire()
Called fire()
Called prefire()
Called fire()
Past the end of training data. Read and discard all inputs.
Checking for deadlock:
There are 3 Blocked actors, 0 Stopped actors, and 4 active threads.
Waiting for actors to stop.
Sent output token with value 7.0
Next port to read input from is inputA
Called postfire()
Called prefire()
Called fire()
-- Thread wrapup() called.
Called wrapup()
Thread .top.Ramp is exiting.
Read input token from inputA with value 8.0
-- Thread stopped.
Sent output token with value 7.5
Next port to read input from is inputB
Called postfire()
Called prefire()
Checking for deadlock:
Called fire()
There are 1 Blocked actors, 0 Stopped actors, and 3 active threads.
Waiting for actors to stop.
Called postfire()
Called prefire()
Called fire()
Checking for deadlock:
Called prefire()
Called fire()
There are 1 Blocked actors, 0 Stopped actors, and 3 active threads.
Past the end of training data. Read and discard all inputs.
Waiting for actors to stop.
Checking for deadlock:
There are 2 Blocked actors, 0 Stopped actors, and 3 active threads.
Waiting for actors to stop.
Read input token from inputB with value 9.0
Called prefire()
Called fire()
Past the end of training data. Read and discard all inputs.
Checking for deadlock:
There are 2 Blocked actors, 0 Stopped actors, and 3 active threads.
Waiting for actors to stop.
Sent output token with value 8.0
Next port to read input from is inputA
Called postfire()
Called prefire()
Called fire()
Read input token from inputA with value 9.0
Called prefire()
Called fire()
Past the end of training data. Read and discard all inputs.
Checking for deadlock:
There are 2 Blocked actors, 0 Stopped actors, and 3 active threads.
Waiting for actors to stop.
Sent output token with value 9.0
Next port to read input from is inputB
Called postfire()
Called prefire()
Called fire()
Checking for deadlock:
There are 1 Blocked actors, 0 Stopped actors, and 3 active threads.
Waiting for actors to stop.
Called postfire()
Called prefire()
Called fire()
Checking for deadlock:
There are 2 Blocked actors, 0 Stopped actors, and 3 active threads.
Waiting for actors to stop.
Read input token from inputB with value 10.5
Checking for deadlock:
There are 1 Blocked actors, 0 Stopped actors, and 3 active threads.
Waiting for actors to stop.
Called prefire()
Called fire()
Past the end of training data. Read and discard all inputs.
Checking for deadlock:
There are 2 Blocked actors, 0 Stopped actors, and 3 active threads.
Waiting for actors to stop.
Sent output token with value 9.0
Next port to read input from is inputA
Called postfire()
Called prefire()
Called fire()
Checking for deadlock:
There are 3 Blocked actors, 0 Stopped actors, and 3 active threads.
Actors have stopped.
Checking for deadlock:
There are 3 Blocked actors, 0 Stopped actors, and 3 active threads.
Deadlock detected.
Resolving Deadlock
Checking for deadlock:
There are 3 Blocked actors, 0 Stopped actors, and 3 active threads.
Artificial Deadlock - increasing queue capacity.
increasing the capacity of receiver ptolemy.actor.TypedIOPort {.top.OrderedMerge.inputB} to 2
Director: Called postfire().
Called postfire().
_stopRequested = false
_stopFireRequested = false
Returning from postfire(): true
Called fire().
Checking for deadlock:
There are 2 Blocked actors, 0 Stopped actors, and 3 active threads.
Waiting for actors to stop.
-- Thread wrapup() called.
Called wrapup()
Thread .top.Ramp2 is exiting.
-- Thread stopped.
Checking for deadlock:
There are 2 Blocked actors, 0 Stopped actors, and 2 active threads.
Actors have stopped.
Checking for deadlock:
There are 2 Blocked actors, 0 Stopped actors, and 2 active threads.
Deadlock detected.
Resolving Deadlock
Checking for deadlock:
There are 2 Blocked actors, 0 Stopped actors, and 2 active threads.
Deadlock detected: no processes blocked on write, but some are blocked on read.
Called postfire().
_stopRequested = false
_stopFireRequested = false
Returning from postfire(): false
Finished deactivating branches.
Called wrapup().
-- Thread wrapup() called.
Called wrapup()
-- Thread wrapup() called.
Called wrapup()
Thread .top.Test is exiting.
-- Thread stopped.
-- Blocked Receiver call threw TerminateProcessException.
Thread .top.OrderedMerge is exiting.
39 ms. Memory: 129024K Free: 93801K (73%)
/home/travis/build/icyphy/ptII/ptolemy/actor/lib/test/Publisher.tcl
-- Thread stopped.
-- Blocked Receiver call threw TerminateProcessException.
17 ms. Memory: 129024K Free: 87657K (68%)
4 ms. Memory: 129024K Free: 107338K (83%)
2 ms. Memory: 129024K Free: 103738K (80%)
3 ms. Memory: 129024K Free: 102728K (80%)
2 ms. Memory: 129024K Free: 101704K (79%)
3 ms. Memory: 129024K Free: 100680K (78%)
3 ms. Memory: 129024K Free: 100170K (78%)
3 ms. Memory: 129024K Free: 99146K (77%)
19 ms. Memory: 129024K Free: 89416K (69%)
5 ms. Memory: 129024K Free: 85320K (66%)
4 ms. Memory: 129024K Free: 84810K (66%)
4 ms. Memory: 129024K Free: 82762K (64%)
6 ms. Memory: 129024K Free: 75080K (58%)
5 ms. Memory: 129024K Free: 65354K (51%)
6 ms. Memory: 129024K Free: 54090K (42%)
/home/travis/build/icyphy/ptII/ptolemy/actor/lib/test/Pulse.tcl
4 ms. Memory: 129024K Free: 76890K (60%)
8 ms. Memory: 129024K Free: 76360K (59%)
2 ms. Memory: 129024K Free: 75866K (59%)
2 ms. Memory: 129024K Free: 75346K (58%)
8 ms. Memory: 129024K Free: 74842K (58%)
5 ms. Memory: 129024K Free: 73818K (57%)
2 ms. Memory: 129024K Free: 72794K (56%)
1 ms. Memory: 129024K Free: 72280K (56%)
8 ms. Memory: 129024K Free: 71250K (55%)
/home/travis/build/icyphy/ptII/ptolemy/actor/lib/test/Ramp.tcl
4 ms. Memory: 129024K Free: 69194K (54%)
2 ms. Memory: 129024K Free: 68698K (53%)
2 ms. Memory: 129024K Free: 68170K (53%)
2 ms. Memory: 129024K Free: 67146K (52%)
4 ms. Memory: 129024K Free: 66650K (52%)
7 ms. Memory: 129024K Free: 65626K (51%)
6 ms. Memory: 129024K Free: 64602K (50%)
5 actors
7000 microseconds per iteration to create
9 ms. Memory: 129024K Free: 61959K (48%)
2 ms. Memory: 129024K Free: 61010K (47%)
1 ms. Memory: 129024K Free: 60506K (47%)
2 ms. Memory: 129024K Free: 59978K (46%)
50 actors
46000 microseconds per iteration to create
46 ms. Memory: 155648K Free: 134498K (86%)
12 ms. Memory: 155648K Free: 133474K (86%)
13 ms. Memory: 155648K Free: 132450K (85%)
5 ms. Memory: 155648K Free: 130916K (84%)
500 actors
1534000 microseconds per iteration to create
214 ms. Memory: 155648K Free: 118074K (76%)
30 ms. Memory: 155648K Free: 112444K (72%)
29 ms. Memory: 155648K Free: 107324K (69%)
29 ms. Memory: 155648K Free: 102204K (66%)
/home/travis/build/icyphy/ptII/ptolemy/actor/lib/test/RampContinuous.tcl
6 ms. Memory: 155648K Free: 100659K (65%)
/home/travis/build/icyphy/ptII/ptolemy/actor/lib/test/RecordAssembler.tcl
4 ms. Memory: 155648K Free: 99132K (64%)
2 ms. Memory: 155648K Free: 98108K (63%)
/home/travis/build/icyphy/ptII/ptolemy/actor/lib/test/RecordDisassembler.tcl
4 ms. Memory: 155648K Free: 96060K (62%)
2 ms. Memory: 155648K Free: 95546K (61%)
3 ms. Memory: 155648K Free: 94522K (61%)
/home/travis/build/icyphy/ptII/ptolemy/actor/lib/test/Scale.tcl
2 ms. Memory: 155648K Free: 92459K (59%)
1 ms. Memory: 155648K Free: 91964K (59%)
1 ms. Memory: 155648K Free: 90940K (58%)
2 ms. Memory: 155648K Free: 89916K (58%)
2 ms. Memory: 155648K Free: 89387K (57%)
/home/travis/build/icyphy/ptII/ptolemy/actor/lib/test/SequentialClock.tcl
preinitializing
resolving types
initializing
executing number 1
wrapping up
idle
2 ms. Memory: 155648K Free: 87868K (56%)
Completed execution with 5 iterations
preinitializing
resolving types
initializing
executing number 1
wrapping up
idle
1 ms. Memory: 155648K Free: 87323K (56%)
Completed execution with 5 iterations
preinitializing
resolving types
initializing
executing number 1
wrapping up
idle
1 ms. Memory: 155648K Free: 86844K (56%)
Completed execution with 5 iterations
/home/travis/build/icyphy/ptII/ptolemy/actor/lib/test/SetVariable.tcl
4 ms. Memory: 155648K Free: 85306K (55%)
/home/travis/build/icyphy/ptII/ptolemy/actor/lib/test/Sinewave.tcl
/home/travis/build/icyphy/ptII/ptolemy/actor/lib/test/SubscriptionAggregator.tcl
10 ms. Memory: 155648K Free: 73532K (47%)
2 ms. Memory: 155648K Free: 73003K (47%)
0 ms. Memory: 155648K Free: 72508K (47%)
1 ms. Memory: 155648K Free: 71979K (46%)
1 ms. Memory: 155648K Free: 68412K (44%)
9 ms. Memory: 155648K Free: 66364K (43%)
...............................................................1060 ms. Memory: 264192K Free: 204111K (77%)
/home/travis/build/icyphy/ptII/ptolemy/actor/lib/test/Test.tcl
 The next command will produce a warning about training mode,
   which may be ignored.
7 ms. Memory: 264192K Free: 202065K (76%)
3 ms. Memory: 264192K Free: 201536K (76%)
1 ms. Memory: 264192K Free: 200512K (76%)
2 ms. Memory: 264192K Free: 200017K (76%)
2 ms. Memory: 264192K Free: 199488K (76%)
3 ms. Memory: 264192K Free: 198464K (75%)
3 ms. Memory: 264192K Free: 196945K (75%)
 The next command will produce a warning about training mode,
   which may be ignored.
3 ms. Memory: 264192K Free: 194897K (74%)
 The next command will produce a warning about training mode,
   which may be ignored.
2 ms. Memory: 264192K Free: 193344K (73%)
1 ms. Memory: 264192K Free: 192849K (73%)
1 ms. Memory: 264192K Free: 192335K (73%)
2 ms. Memory: 264192K Free: 191825K (73%)
8 ms. Memory: 264192K Free: 190801K (72%)
5 ms. Memory: 264192K Free: 187200K (71%)
/home/travis/build/icyphy/ptII/ptolemy/actor/lib/test/TestExceptionHandler.tcl
 The next command will produce a warning about training mode,
   which may be ignored.
3 ms. Memory: 264192K Free: 186184K (70%)
1 ms. Memory: 264192K Free: 185664K (70%)
1 ms. Memory: 264192K Free: 185120K (70%)
/home/travis/build/icyphy/ptII/ptolemy/actor/lib/test/UnionDisassembler.tcl
26 ms. Memory: 264192K Free: 177489K (67%)
/home/travis/build/icyphy/ptII/ptolemy/actor/lib/test/VariableClock.tcl
preinitializing
resolving types
initializing
executing number 1
wrapping up
idle
8 ms. Memory: 264192K Free: 175951K (67%)
Completed execution with 11 iterations
preinitializing
resolving types
initializing
executing number 1
wrapping up
idle
6 ms. Memory: 264192K Free: 174417K (66%)
Completed execution with 10 iterations
10/16/20 03:49:06
Failed: 0  Total Tests: 233  ((Passed: 233, Newly Passed: 0)  Known Failed: 0) /home/travis/build/icyphy/ptII/ptolemy/actor/lib/test
----------------- testing (KnownFailure) /home/travis/build/icyphy/ptII/ptolemy/actor/lib/test/auto/knownFailedTests/PublisherPortToplevelSubscriber.xml
2 ms. Memory: 264192K Free: 170831K (65%)
Known Failure: java.lang.reflect.InvocationTargetException
----------------- testing (KnownFailure) /home/travis/build/icyphy/ptII/ptolemy/actor/lib/test/auto/knownFailedTests/PublisherSubscriberPortToplevel.xml
1 ms. Memory: 264192K Free: 166735K (63%)
Known Failure: java.lang.reflect.InvocationTargetException
----------------- testing (KnownFailure) /home/travis/build/icyphy/ptII/ptolemy/actor/lib/test/auto/knownFailedTests/PublisherSubscriptionAggregatorPort.xml
1 ms. Memory: 264192K Free: 162639K (62%)
Known Failure: java.lang.reflect.InvocationTargetException
----------------- testing (KnownFailure) /home/travis/build/icyphy/ptII/ptolemy/actor/lib/test/auto/knownFailedTests/sizedarray3.xml
3 ms. Memory: 264192K Free: 158033K (60%)
Known Failure: java.lang.reflect.InvocationTargetException
No auto/linux-amd64/*.xml tests in /home/travis/build/icyphy/ptII/ptolemy/actor/lib/test
AutoTests.java: About to close Vertx.
AutoTests.java: Vertx closed.

===========================================================================================
----------------- testing Fri Oct 16 15:49:07 UTC 2020 /home/travis/build/icyphy/ptII/ptolemy/actor/lib/test/auto/AbsoluteValue.xml
----------------- Instantiating /home/travis/build/icyphy/ptII/ptolemy/actor/lib/test/auto/AbsoluteValue.xml
5 ms. Memory: 264192K Free: 134991K (51%)
----------------- Invoking toplevel() on ptolemy.moml.MoMLSimpleApplication@45e77d0c
----------------- Done invoking toplevel() on ptolemy.moml.MoMLSimpleApplication@45e77d0c
reloadAllAccessors: .AbsoluteValue

===========================================================================================
----------------- testing Fri Oct 16 15:49:07 UTC 2020 /home/travis/build/icyphy/ptII/ptolemy/actor/lib/test/auto/AbsoluteValue2.xml
----------------- Instantiating /home/travis/build/icyphy/ptII/ptolemy/actor/lib/test/auto/AbsoluteValue2.xml
5 ms. Memory: 264192K Free: 127823K (48%)
----------------- Invoking toplevel() on ptolemy.moml.MoMLSimpleApplication@31b2e1ad
----------------- Done invoking toplevel() on ptolemy.moml.MoMLSimpleApplication@31b2e1ad
reloadAllAccessors: .AbsoluteValue2

===========================================================================================
----------------- testing Fri Oct 16 15:49:07 UTC 2020 /home/travis/build/icyphy/ptII/ptolemy/actor/lib/test/auto/Accumulator.xml
----------------- Instantiating /home/travis/build/icyphy/ptII/ptolemy/actor/lib/test/auto/Accumulator.xml
6 ms. Memory: 264192K Free: 121679K (46%)
----------------- Invoking toplevel() on ptolemy.moml.MoMLSimpleApplication@119181e3
----------------- Done invoking toplevel() on ptolemy.moml.MoMLSimpleApplication@119181e3
reloadAllAccessors: .Accumulator

===========================================================================================
----------------- testing Fri Oct 16 15:49:07 UTC 2020 /home/travis/build/icyphy/ptII/ptolemy/actor/lib/test/auto/Accumulator2.xml
----------------- Instantiating /home/travis/build/icyphy/ptII/ptolemy/actor/lib/test/auto/Accumulator2.xml
2 ms. Memory: 264192K Free: 116049K (44%)
----------------- Invoking toplevel() on ptolemy.moml.MoMLSimpleApplication@7789f395
----------------- Done invoking toplevel() on ptolemy.moml.MoMLSimpleApplication@7789f395
reloadAllAccessors: .Accumulator2

===========================================================================================
----------------- testing Fri Oct 16 15:49:07 UTC 2020 /home/travis/build/icyphy/ptII/ptolemy/actor/lib/test/auto/Accumulator3.xml
----------------- Instantiating /home/travis/build/icyphy/ptII/ptolemy/actor/lib/test/auto/Accumulator3.xml
5 ms. Memory: 264192K Free: 111953K (42%)
----------------- Invoking toplevel() on ptolemy.moml.MoMLSimpleApplication@4a3fde37
----------------- Done invoking toplevel() on ptolemy.moml.MoMLSimpleApplication@4a3fde37
reloadAllAccessors: .Accumulator3

===========================================================================================
----------------- testing Fri Oct 16 15:49:07 UTC 2020 /home/travis/build/icyphy/ptII/ptolemy/actor/lib/test/auto/ArrayAppend.xml
----------------- Instantiating /home/travis/build/icyphy/ptII/ptolemy/actor/lib/test/auto/ArrayAppend.xml
6 ms. Memory: 264192K Free: 105809K (40%)
----------------- Invoking toplevel() on ptolemy.moml.MoMLSimpleApplication@38f7b24c
----------------- Done invoking toplevel() on ptolemy.moml.MoMLSimpleApplication@38f7b24c
reloadAllAccessors: .ArrayAppend

===========================================================================================
----------------- testing Fri Oct 16 15:49:07 UTC 2020 /home/travis/build/icyphy/ptII/ptolemy/actor/lib/test/auto/ArrayAppend2.xml
----------------- Instantiating /home/travis/build/icyphy/ptII/ptolemy/actor/lib/test/auto/ArrayAppend2.xml
456 ms. Memory: 264192K Free: 145408K (55%)
----------------- Invoking toplevel() on ptolemy.moml.MoMLSimpleApplication@de4dd65
----------------- Done invoking toplevel() on ptolemy.moml.MoMLSimpleApplication@de4dd65
reloadAllAccessors: .ArrayAppend2

===========================================================================================
----------------- testing Fri Oct 16 15:49:07 UTC 2020 /home/travis/build/icyphy/ptII/ptolemy/actor/lib/test/auto/ArrayAppend3.xml
----------------- Instantiating /home/travis/build/icyphy/ptII/ptolemy/actor/lib/test/auto/ArrayAppend3.xml
5 ms. Memory: 264192K Free: 139774K (53%)
----------------- Invoking toplevel() on ptolemy.moml.MoMLSimpleApplication@6bff82e3
----------------- Done invoking toplevel() on ptolemy.moml.MoMLSimpleApplication@6bff82e3
reloadAllAccessors: .ArrayAppend3

===========================================================================================
----------------- testing Fri Oct 16 15:49:07 UTC 2020 /home/travis/build/icyphy/ptII/ptolemy/actor/lib/test/auto/ArrayAppend4.xml
----------------- Instantiating /home/travis/build/icyphy/ptII/ptolemy/actor/lib/test/auto/ArrayAppend4.xml
2 ms. Memory: 264192K Free: 134654K (51%)
----------------- Invoking toplevel() on ptolemy.moml.MoMLSimpleApplication@688e7c73
----------------- Done invoking toplevel() on ptolemy.moml.MoMLSimpleApplication@688e7c73
reloadAllAccessors: .ArrayAppend4

===========================================================================================
----------------- testing Fri Oct 16 15:49:08 UTC 2020 /home/travis/build/icyphy/ptII/ptolemy/actor/lib/test/auto/ArrayAppend5.xml
----------------- Instantiating /home/travis/build/icyphy/ptII/ptolemy/actor/lib/test/auto/ArrayAppend5.xml
7 ms. Memory: 264192K Free: 129534K (49%)
----------------- Invoking toplevel() on ptolemy.moml.MoMLSimpleApplication@27ba8227
----------------- Done invoking toplevel() on ptolemy.moml.MoMLSimpleApplication@27ba8227
reloadAllAccessors: .ArrayAppend5

===========================================================================================
----------------- testing Fri Oct 16 15:49:08 UTC 2020 /home/travis/build/icyphy/ptII/ptolemy/actor/lib/test/auto/ArrayAppend6.xml
----------------- Instantiating /home/travis/build/icyphy/ptII/ptolemy/actor/lib/test/auto/ArrayAppend6.xml
2 ms. Memory: 264192K Free: 123904K (47%)
----------------- Invoking toplevel() on ptolemy.moml.MoMLSimpleApplication@15b4dc32
----------------- Done invoking toplevel() on ptolemy.moml.MoMLSimpleApplication@15b4dc32
reloadAllAccessors: .ArrayAppend6

===========================================================================================
----------------- testing Fri Oct 16 15:49:08 UTC 2020 /home/travis/build/icyphy/ptII/ptolemy/actor/lib/test/auto/ArrayAppendPerformanceTest.xml
----------------- Instantiating /home/travis/build/icyphy/ptII/ptolemy/actor/lib/test/auto/ArrayAppendPerformanceTest.xml
19 ms. Memory: 264192K Free: 113150K (43%)
----------------- Invoking toplevel() on ptolemy.moml.MoMLSimpleApplication@58e29967
----------------- Done invoking toplevel() on ptolemy.moml.MoMLSimpleApplication@58e29967
reloadAllAccessors: .ArrayAppendPerformanceTest

===========================================================================================
----------------- testing Fri Oct 16 15:49:08 UTC 2020 /home/travis/build/icyphy/ptII/ptolemy/actor/lib/test/auto/ArrayAppendWithEmptyInput.xml
----------------- Instantiating /home/travis/build/icyphy/ptII/ptolemy/actor/lib/test/auto/ArrayAppendWithEmptyInput.xml
7 ms. Memory: 264192K Free: 104958K (40%)
----------------- Invoking toplevel() on ptolemy.moml.MoMLSimpleApplication@15b0af77
----------------- Done invoking toplevel() on ptolemy.moml.MoMLSimpleApplication@15b0af77
reloadAllAccessors: .ArrayAppendWithEmptyInput

===========================================================================================
----------------- testing Fri Oct 16 15:49:08 UTC 2020 /home/travis/build/icyphy/ptII/ptolemy/actor/lib/test/auto/ArrayAverage.xml
----------------- Instantiating /home/travis/build/icyphy/ptII/ptolemy/actor/lib/test/auto/ArrayAverage.xml
5 ms. Memory: 264192K Free: 97280K (37%)
----------------- Invoking toplevel() on ptolemy.moml.MoMLSimpleApplication@7566598b
----------------- Done invoking toplevel() on ptolemy.moml.MoMLSimpleApplication@7566598b
reloadAllAccessors: .ArrayAverage

===========================================================================================
----------------- testing Fri Oct 16 15:49:08 UTC 2020 /home/travis/build/icyphy/ptII/ptolemy/actor/lib/test/auto/ArrayContains.xml
----------------- Instantiating /home/travis/build/icyphy/ptII/ptolemy/actor/lib/test/auto/ArrayContains.xml
6 ms. Memory: 264192K Free: 91136K (34%)
----------------- Invoking toplevel() on ptolemy.moml.MoMLSimpleApplication@300c820
----------------- Done invoking toplevel() on ptolemy.moml.MoMLSimpleApplication@300c820
reloadAllAccessors: .ArrayContains

===========================================================================================
----------------- testing Fri Oct 16 15:49:08 UTC 2020 /home/travis/build/icyphy/ptII/ptolemy/actor/lib/test/auto/ArrayElement.xml
----------------- Instantiating /home/travis/build/icyphy/ptII/ptolemy/actor/lib/test/auto/ArrayElement.xml
5 ms. Memory: 264192K Free: 86016K (33%)
----------------- Invoking toplevel() on ptolemy.moml.MoMLSimpleApplication@7040c2ba
----------------- Done invoking toplevel() on ptolemy.moml.MoMLSimpleApplication@7040c2ba
reloadAllAccessors: .ArrayElement

===========================================================================================
----------------- testing Fri Oct 16 15:49:08 UTC 2020 /home/travis/build/icyphy/ptII/ptolemy/actor/lib/test/auto/ArrayElementAsMatrix.xml
----------------- Instantiating /home/travis/build/icyphy/ptII/ptolemy/actor/lib/test/auto/ArrayElementAsMatrix.xml
36 ms. Memory: 264192K Free: 210484K (80%)
----------------- Invoking toplevel() on ptolemy.moml.MoMLSimpleApplication@24d896c5
----------------- Done invoking toplevel() on ptolemy.moml.MoMLSimpleApplication@24d896c5
reloadAllAccessors: .ArrayElementAsMatrix

===========================================================================================
----------------- testing Fri Oct 16 15:49:08 UTC 2020 /home/travis/build/icyphy/ptII/ptolemy/actor/lib/test/auto/ArrayElementI.xml
----------------- Instantiating /home/travis/build/icyphy/ptII/ptolemy/actor/lib/test/auto/ArrayElementI.xml
2 ms. Memory: 264192K Free: 204798K (78%)
----------------- Invoking toplevel() on ptolemy.moml.MoMLSimpleApplication@5b93947b
----------------- Done invoking toplevel() on ptolemy.moml.MoMLSimpleApplication@5b93947b
reloadAllAccessors: .ArrayElementI

===========================================================================================
----------------- testing Fri Oct 16 15:49:08 UTC 2020 /home/travis/build/icyphy/ptII/ptolemy/actor/lib/test/auto/ArrayExtract.xml
----------------- Instantiating /home/travis/build/icyphy/ptII/ptolemy/actor/lib/test/auto/ArrayExtract.xml
4 ms. Memory: 264192K Free: 196606K (74%)
----------------- Invoking toplevel() on ptolemy.moml.MoMLSimpleApplication@476079f7
----------------- Done invoking toplevel() on ptolemy.moml.MoMLSimpleApplication@476079f7
reloadAllAccessors: .ArrayExtract

===========================================================================================
----------------- testing Fri Oct 16 15:49:08 UTC 2020 /home/travis/build/icyphy/ptII/ptolemy/actor/lib/test/auto/ArrayExtract2.xml
----------------- Instantiating /home/travis/build/icyphy/ptII/ptolemy/actor/lib/test/auto/ArrayExtract2.xml
4 ms. Memory: 264192K Free: 190976K (72%)
----------------- Invoking toplevel() on ptolemy.moml.MoMLSimpleApplication@e74ecbe
----------------- Done invoking toplevel() on ptolemy.moml.MoMLSimpleApplication@e74ecbe
reloadAllAccessors: .ArrayExtract2

===========================================================================================
----------------- testing Fri Oct 16 15:49:08 UTC 2020 /home/travis/build/icyphy/ptII/ptolemy/actor/lib/test/auto/ArrayLength.xml
----------------- Instantiating /home/travis/build/icyphy/ptII/ptolemy/actor/lib/test/auto/ArrayLength.xml
1 ms. Memory: 264192K Free: 187390K (71%)
----------------- Invoking toplevel() on ptolemy.moml.MoMLSimpleApplication@22e9e878
----------------- Done invoking toplevel() on ptolemy.moml.MoMLSimpleApplication@22e9e878
reloadAllAccessors: .ArrayLength

===========================================================================================
----------------- testing Fri Oct 16 15:49:08 UTC 2020 /home/travis/build/icyphy/ptII/ptolemy/actor/lib/test/auto/ArrayLevelCrossing.xml
----------------- Instantiating /home/travis/build/icyphy/ptII/ptolemy/actor/lib/test/auto/ArrayLevelCrossing.xml
3 ms. Memory: 264192K Free: 179198K (68%)
----------------- Invoking toplevel() on ptolemy.moml.MoMLSimpleApplication@7c707d8
----------------- Done invoking toplevel() on ptolemy.moml.MoMLSimpleApplication@7c707d8
reloadAllAccessors: .ArrayLevelCrossing

===========================================================================================
----------------- testing Fri Oct 16 15:49:08 UTC 2020 /home/travis/build/icyphy/ptII/ptolemy/actor/lib/test/auto/ArrayLevelCrossing2.xml
----------------- Instantiating /home/travis/build/icyphy/ptII/ptolemy/actor/lib/test/auto/ArrayLevelCrossing2.xml
2 ms. Memory: 264192K Free: 172015K (65%)
----------------- Invoking toplevel() on ptolemy.moml.MoMLSimpleApplication@2f6a8836
----------------- Done invoking toplevel() on ptolemy.moml.MoMLSimpleApplication@2f6a8836
reloadAllAccessors: .ArrayLevelCrossing2

===========================================================================================
----------------- testing Fri Oct 16 15:49:08 UTC 2020 /home/travis/build/icyphy/ptII/ptolemy/actor/lib/test/auto/ArrayPeakSearch.xml
----------------- Instantiating /home/travis/build/icyphy/ptII/ptolemy/actor/lib/test/auto/ArrayPeakSearch.xml
5 ms. Memory: 264192K Free: 162814K (62%)
----------------- Invoking toplevel() on ptolemy.moml.MoMLSimpleApplication@d33bc70
----------------- Done invoking toplevel() on ptolemy.moml.MoMLSimpleApplication@d33bc70
reloadAllAccessors: .ArrayPeakSearch

===========================================================================================
----------------- testing Fri Oct 16 15:49:08 UTC 2020 /home/travis/build/icyphy/ptII/ptolemy/actor/lib/test/auto/ArrayPeakSearch2.xml
----------------- Instantiating /home/travis/build/icyphy/ptII/ptolemy/actor/lib/test/auto/ArrayPeakSearch2.xml
6 ms. Memory: 264192K Free: 152543K (58%)
----------------- Invoking toplevel() on ptolemy.moml.MoMLSimpleApplication@1624bf19
----------------- Done invoking toplevel() on ptolemy.moml.MoMLSimpleApplication@1624bf19
reloadAllAccessors: .ArrayPeakSearch2

===========================================================================================
----------------- testing Fri Oct 16 15:49:08 UTC 2020 /home/travis/build/icyphy/ptII/ptolemy/actor/lib/test/auto/ArrayPeakSearch3.xml
----------------- Instantiating /home/travis/build/icyphy/ptII/ptolemy/actor/lib/test/auto/ArrayPeakSearch3.xml
4 ms. Memory: 264192K Free: 143358K (54%)
----------------- Invoking toplevel() on ptolemy.moml.MoMLSimpleApplication@1be402a6
----------------- Done invoking toplevel() on ptolemy.moml.MoMLSimpleApplication@1be402a6
reloadAllAccessors: .ArrayPeakSearch3

===========================================================================================
----------------- testing Fri Oct 16 15:49:08 UTC 2020 /home/travis/build/icyphy/ptII/ptolemy/actor/lib/test/auto/ArrayRemoveElement.xml
----------------- Instantiating /home/travis/build/icyphy/ptII/ptolemy/actor/lib/test/auto/ArrayRemoveElement.xml
3 ms. Memory: 264192K Free: 135680K (51%)
----------------- Invoking toplevel() on ptolemy.moml.MoMLSimpleApplication@313a402c
----------------- Done invoking toplevel() on ptolemy.moml.MoMLSimpleApplication@313a402c
reloadAllAccessors: .ArrayRemoveElement

===========================================================================================
----------------- testing Fri Oct 16 15:49:08 UTC 2020 /home/travis/build/icyphy/ptII/ptolemy/actor/lib/test/auto/ArraySort.xml
----------------- Instantiating /home/travis/build/icyphy/ptII/ptolemy/actor/lib/test/auto/ArraySort.xml
6 ms. Memory: 264192K Free: 126464K (48%)
----------------- Invoking toplevel() on ptolemy.moml.MoMLSimpleApplication@37c37dfb
----------------- Done invoking toplevel() on ptolemy.moml.MoMLSimpleApplication@37c37dfb
reloadAllAccessors: .ArraySort

===========================================================================================
----------------- testing Fri Oct 16 15:49:08 UTC 2020 /home/travis/build/icyphy/ptII/ptolemy/actor/lib/test/auto/ArraySum.xml
----------------- Instantiating /home/travis/build/icyphy/ptII/ptolemy/actor/lib/test/auto/ArraySum.xml
7 ms. Memory: 264192K Free: 121344K (46%)
----------------- Invoking toplevel() on ptolemy.moml.MoMLSimpleApplication@5471a831
----------------- Done invoking toplevel() on ptolemy.moml.MoMLSimpleApplication@5471a831
reloadAllAccessors: .ArraySum

===========================================================================================
----------------- testing Fri Oct 16 15:49:08 UTC 2020 /home/travis/build/icyphy/ptII/ptolemy/actor/lib/test/auto/ArrayToElements.xml
----------------- Instantiating /home/travis/build/icyphy/ptII/ptolemy/actor/lib/test/auto/ArrayToElements.xml
5 ms. Memory: 264192K Free: 115710K (44%)
----------------- Invoking toplevel() on ptolemy.moml.MoMLSimpleApplication@7d62395b
----------------- Done invoking toplevel() on ptolemy.moml.MoMLSimpleApplication@7d62395b
reloadAllAccessors: .ArrayToElements

===========================================================================================
----------------- testing Fri Oct 16 15:49:08 UTC 2020 /home/travis/build/icyphy/ptII/ptolemy/actor/lib/test/auto/ArrayToMatrix.xml
----------------- Instantiating /home/travis/build/icyphy/ptII/ptolemy/actor/lib/test/auto/ArrayToMatrix.xml
19 ms. Memory: 264192K Free: 101888K (39%)
----------------- Invoking toplevel() on ptolemy.moml.MoMLSimpleApplication@46cfeea9
----------------- Done invoking toplevel() on ptolemy.moml.MoMLSimpleApplication@46cfeea9
reloadAllAccessors: .ArrayToMatrix

===========================================================================================
----------------- testing Fri Oct 16 15:49:08 UTC 2020 /home/travis/build/icyphy/ptII/ptolemy/actor/lib/test/auto/ArrayUpdate1.xml
----------------- Instantiating /home/travis/build/icyphy/ptII/ptolemy/actor/lib/test/auto/ArrayUpdate1.xml
3 ms. Memory: 264192K Free: 96768K (37%)
----------------- Invoking toplevel() on ptolemy.moml.MoMLSimpleApplication@f618397
----------------- Done invoking toplevel() on ptolemy.moml.MoMLSimpleApplication@f618397
reloadAllAccessors: .ArrayUpdate1

===========================================================================================
----------------- testing Fri Oct 16 15:49:08 UTC 2020 /home/travis/build/icyphy/ptII/ptolemy/actor/lib/test/auto/ArrayUpdate2.xml
----------------- Instantiating /home/travis/build/icyphy/ptII/ptolemy/actor/lib/test/auto/ArrayUpdate2.xml
11 ms. Memory: 264192K Free: 90624K (34%)
----------------- Invoking toplevel() on ptolemy.moml.MoMLSimpleApplication@6a241ea1
----------------- Done invoking toplevel() on ptolemy.moml.MoMLSimpleApplication@6a241ea1
reloadAllAccessors: .ArrayUpdate2

===========================================================================================
----------------- testing Fri Oct 16 15:49:08 UTC 2020 /home/travis/build/icyphy/ptII/ptolemy/actor/lib/test/auto/ArrayUpdate3.xml
----------------- Instantiating /home/travis/build/icyphy/ptII/ptolemy/actor/lib/test/auto/ArrayUpdate3.xml
1 ms. Memory: 264192K Free: 85504K (32%)
----------------- Invoking toplevel() on ptolemy.moml.MoMLSimpleApplication@49f384ce
----------------- Done invoking toplevel() on ptolemy.moml.MoMLSimpleApplication@49f384ce
reloadAllAccessors: .ArrayUpdate3

===========================================================================================
----------------- testing Fri Oct 16 15:49:08 UTC 2020 /home/travis/build/icyphy/ptII/ptolemy/actor/lib/test/auto/Assert1.xml
----------------- Instantiating /home/travis/build/icyphy/ptII/ptolemy/actor/lib/test/auto/Assert1.xml
3 ms. Memory: 264192K Free: 81408K (31%)
----------------- Invoking toplevel() on ptolemy.moml.MoMLSimpleApplication@a2b1c40
----------------- Done invoking toplevel() on ptolemy.moml.MoMLSimpleApplication@a2b1c40
reloadAllAccessors: .Assert1

===========================================================================================
----------------- testing Fri Oct 16 15:49:08 UTC 2020 /home/travis/build/icyphy/ptII/ptolemy/actor/lib/test/auto/Assert2.xml
----------------- Instantiating /home/travis/build/icyphy/ptII/ptolemy/actor/lib/test/auto/Assert2.xml
1 ms. Memory: 264192K Free: 75774K (29%)
----------------- Invoking toplevel() on ptolemy.moml.MoMLSimpleApplication@899d980
----------------- Done invoking toplevel() on ptolemy.moml.MoMLSimpleApplication@899d980
reloadAllAccessors: .Assert2

===========================================================================================
----------------- testing Fri Oct 16 15:49:08 UTC 2020 /home/travis/build/icyphy/ptII/ptolemy/actor/lib/test/auto/BooleanMultiplexor.xml
----------------- Instantiating /home/travis/build/icyphy/ptII/ptolemy/actor/lib/test/auto/BooleanMultiplexor.xml
2 ms. Memory: 264192K Free: 70623K (27%)
----------------- Invoking toplevel() on ptolemy.moml.MoMLSimpleApplication@78c6d82c
----------------- Done invoking toplevel() on ptolemy.moml.MoMLSimpleApplication@78c6d82c
reloadAllAccessors: .BooleanMultiplexor

===========================================================================================
----------------- testing Fri Oct 16 15:49:08 UTC 2020 /home/travis/build/icyphy/ptII/ptolemy/actor/lib/test/auto/BooleanMultiplexor2.xml
----------------- Instantiating /home/travis/build/icyphy/ptII/ptolemy/actor/lib/test/auto/BooleanMultiplexor2.xml
11 ms. Memory: 264192K Free: 64000K (24%)
----------------- Invoking toplevel() on ptolemy.moml.MoMLSimpleApplication@1b34a1c8
----------------- Done invoking toplevel() on ptolemy.moml.MoMLSimpleApplication@1b34a1c8
reloadAllAccessors: .BooleanMultiplexor2

===========================================================================================
----------------- testing Fri Oct 16 15:49:08 UTC 2020 /home/travis/build/icyphy/ptII/ptolemy/actor/lib/test/auto/BooleanMultiplexor3.xml
----------------- Instantiating /home/travis/build/icyphy/ptII/ptolemy/actor/lib/test/auto/BooleanMultiplexor3.xml
3 ms. Memory: 264192K Free: 60414K (23%)
----------------- Invoking toplevel() on ptolemy.moml.MoMLSimpleApplication@d26aeae
----------------- Done invoking toplevel() on ptolemy.moml.MoMLSimpleApplication@d26aeae
reloadAllAccessors: .BooleanMultiplexor3

===========================================================================================
----------------- testing Fri Oct 16 15:49:08 UTC 2020 /home/travis/build/icyphy/ptII/ptolemy/actor/lib/test/auto/BooleanSelect.xml
----------------- Instantiating /home/travis/build/icyphy/ptII/ptolemy/actor/lib/test/auto/BooleanSelect.xml
8 ms. Memory: 264192K Free: 208530K (79%)
----------------- Invoking toplevel() on ptolemy.moml.MoMLSimpleApplication@71376cc3
----------------- Done invoking toplevel() on ptolemy.moml.MoMLSimpleApplication@71376cc3
reloadAllAccessors: .BooleanSelect

===========================================================================================
----------------- testing Fri Oct 16 15:49:09 UTC 2020 /home/travis/build/icyphy/ptII/ptolemy/actor/lib/test/auto/BooleanSelect2.xml
----------------- Instantiating /home/travis/build/icyphy/ptII/ptolemy/actor/lib/test/auto/BooleanSelect2.xml
1 ms. Memory: 264192K Free: 203938K (77%)
----------------- Invoking toplevel() on ptolemy.moml.MoMLSimpleApplication@1a0997cd
----------------- Done invoking toplevel() on ptolemy.moml.MoMLSimpleApplication@1a0997cd
reloadAllAccessors: .BooleanSelect2

===========================================================================================
----------------- testing Fri Oct 16 15:49:09 UTC 2020 /home/travis/build/icyphy/ptII/ptolemy/actor/lib/test/auto/BooleanSwitch.xml
----------------- Instantiating /home/travis/build/icyphy/ptII/ptolemy/actor/lib/test/auto/BooleanSwitch.xml
4 ms. Memory: 264192K Free: 197280K (75%)
----------------- Invoking toplevel() on ptolemy.moml.MoMLSimpleApplication@2c2cde22
----------------- Done invoking toplevel() on ptolemy.moml.MoMLSimpleApplication@2c2cde22
reloadAllAccessors: .BooleanSwitch

===========================================================================================
----------------- testing Fri Oct 16 15:49:09 UTC 2020 /home/travis/build/icyphy/ptII/ptolemy/actor/lib/test/auto/BooleanSwitch2.xml
----------------- Instantiating /home/travis/build/icyphy/ptII/ptolemy/actor/lib/test/auto/BooleanSwitch2.xml
1 ms. Memory: 264192K Free: 193184K (73%)
----------------- Invoking toplevel() on ptolemy.moml.MoMLSimpleApplication@4014ba76
----------------- Done invoking toplevel() on ptolemy.moml.MoMLSimpleApplication@4014ba76
reloadAllAccessors: .BooleanSwitch2

===========================================================================================
----------------- testing Fri Oct 16 15:49:09 UTC 2020 /home/travis/build/icyphy/ptII/ptolemy/actor/lib/test/auto/BooleanSwitchCloningBugWithClassRelationGroup.xml
----------------- Instantiating /home/travis/build/icyphy/ptII/ptolemy/actor/lib/test/auto/BooleanSwitchCloningBugWithClassRelationGroup.xml
4 ms. Memory: 264192K Free: 186530K (71%)
----------------- Invoking toplevel() on ptolemy.moml.MoMLSimpleApplication@41346550
----------------- Done invoking toplevel() on ptolemy.moml.MoMLSimpleApplication@41346550
reloadAllAccessors: .BooleanSwitchCloningBugWithClassRelationGroup

===========================================================================================
----------------- testing Fri Oct 16 15:49:09 UTC 2020 /home/travis/build/icyphy/ptII/ptolemy/actor/lib/test/auto/BusActors.xml
----------------- Instantiating /home/travis/build/icyphy/ptII/ptolemy/actor/lib/test/auto/BusActors.xml
4 ms. Memory: 264192K Free: 178848K (68%)
----------------- Invoking toplevel() on ptolemy.moml.MoMLSimpleApplication@293de838
----------------- Done invoking toplevel() on ptolemy.moml.MoMLSimpleApplication@293de838
reloadAllAccessors: .BusActors

===========================================================================================
----------------- testing Fri Oct 16 15:49:09 UTC 2020 /home/travis/build/icyphy/ptII/ptolemy/actor/lib/test/auto/ClassWrapper.xml
----------------- Instantiating /home/travis/build/icyphy/ptII/ptolemy/actor/lib/test/auto/ClassWrapper.xml
2 ms. Memory: 264192K Free: 174242K (66%)
----------------- Invoking toplevel() on ptolemy.moml.MoMLSimpleApplication@f2ef842
----------------- Done invoking toplevel() on ptolemy.moml.MoMLSimpleApplication@f2ef842
reloadAllAccessors: .ClassWrapper

===========================================================================================
----------------- testing Fri Oct 16 15:49:09 UTC 2020 /home/travis/build/icyphy/ptII/ptolemy/actor/lib/test/auto/Clock.xml
----------------- Instantiating /home/travis/build/icyphy/ptII/ptolemy/actor/lib/test/auto/Clock.xml
2 ms. Memory: 264192K Free: 170656K (65%)
----------------- Invoking toplevel() on ptolemy.moml.MoMLSimpleApplication@4e7e4cef
----------------- Done invoking toplevel() on ptolemy.moml.MoMLSimpleApplication@4e7e4cef
reloadAllAccessors: .Clock

===========================================================================================
----------------- testing Fri Oct 16 15:49:09 UTC 2020 /home/travis/build/icyphy/ptII/ptolemy/actor/lib/test/auto/Clock10.xml
----------------- Instantiating /home/travis/build/icyphy/ptII/ptolemy/actor/lib/test/auto/Clock10.xml
3 ms. Memory: 264192K Free: 164512K (62%)
----------------- Invoking toplevel() on ptolemy.moml.MoMLSimpleApplication@711f4dee
----------------- Done invoking toplevel() on ptolemy.moml.MoMLSimpleApplication@711f4dee
reloadAllAccessors: .Clock10

===========================================================================================
----------------- testing Fri Oct 16 15:49:09 UTC 2020 /home/travis/build/icyphy/ptII/ptolemy/actor/lib/test/auto/Clock11.xml
----------------- Instantiating /home/travis/build/icyphy/ptII/ptolemy/actor/lib/test/auto/Clock11.xml
7 ms. Memory: 264192K Free: 158882K (60%)
----------------- Invoking toplevel() on ptolemy.moml.MoMLSimpleApplication@3020fe3f
----------------- Done invoking toplevel() on ptolemy.moml.MoMLSimpleApplication@3020fe3f
reloadAllAccessors: .Clock11

===========================================================================================
----------------- testing Fri Oct 16 15:49:09 UTC 2020 /home/travis/build/icyphy/ptII/ptolemy/actor/lib/test/auto/Clock12.xml
----------------- Instantiating /home/travis/build/icyphy/ptII/ptolemy/actor/lib/test/auto/Clock12.xml
4 ms. Memory: 264192K Free: 152738K (58%)
----------------- Invoking toplevel() on ptolemy.moml.MoMLSimpleApplication@545a969d
----------------- Done invoking toplevel() on ptolemy.moml.MoMLSimpleApplication@545a969d
reloadAllAccessors: .Clock12

===========================================================================================
----------------- testing Fri Oct 16 15:49:09 UTC 2020 /home/travis/build/icyphy/ptII/ptolemy/actor/lib/test/auto/Clock13.xml
----------------- Instantiating /home/travis/build/icyphy/ptII/ptolemy/actor/lib/test/auto/Clock13.xml
3 ms. Memory: 264192K Free: 147098K (56%)
----------------- Invoking toplevel() on ptolemy.moml.MoMLSimpleApplication@25262f05
----------------- Done invoking toplevel() on ptolemy.moml.MoMLSimpleApplication@25262f05
reloadAllAccessors: .Clock13

===========================================================================================
----------------- testing Fri Oct 16 15:49:09 UTC 2020 /home/travis/build/icyphy/ptII/ptolemy/actor/lib/test/auto/Clock14.xml
----------------- Instantiating /home/travis/build/icyphy/ptII/ptolemy/actor/lib/test/auto/Clock14.xml
2 ms. Memory: 264192K Free: 140930K (53%)
----------------- Invoking toplevel() on ptolemy.moml.MoMLSimpleApplication@76a11a69
----------------- Done invoking toplevel() on ptolemy.moml.MoMLSimpleApplication@76a11a69
reloadAllAccessors: .Clock14

===========================================================================================
----------------- testing Fri Oct 16 15:49:09 UTC 2020 /home/travis/build/icyphy/ptII/ptolemy/actor/lib/test/auto/Clock15.xml
----------------- Instantiating /home/travis/build/icyphy/ptII/ptolemy/actor/lib/test/auto/Clock15.xml
2 ms. Memory: 264192K Free: 134786K (51%)
----------------- Invoking toplevel() on ptolemy.moml.MoMLSimpleApplication@5a8ad1b5
----------------- Done invoking toplevel() on ptolemy.moml.MoMLSimpleApplication@5a8ad1b5
reloadAllAccessors: .Clock15

===========================================================================================
----------------- testing Fri Oct 16 15:49:09 UTC 2020 /home/travis/build/icyphy/ptII/ptolemy/actor/lib/test/auto/Clock16.xml
----------------- Instantiating /home/travis/build/icyphy/ptII/ptolemy/actor/lib/test/auto/Clock16.xml
27 ms. Memory: 264192K Free: 120474K (46%)
----------------- Invoking toplevel() on ptolemy.moml.MoMLSimpleApplication@38625b71
----------------- Done invoking toplevel() on ptolemy.moml.MoMLSimpleApplication@38625b71
reloadAllAccessors: .Clock16

===========================================================================================
----------------- testing Fri Oct 16 15:49:09 UTC 2020 /home/travis/build/icyphy/ptII/ptolemy/actor/lib/test/auto/Clock17.xml
----------------- Instantiating /home/travis/build/icyphy/ptII/ptolemy/actor/lib/test/auto/Clock17.xml
19 ms. Memory: 264192K Free: 106130K (40%)
----------------- Invoking toplevel() on ptolemy.moml.MoMLSimpleApplication@5eca0878
----------------- Done invoking toplevel() on ptolemy.moml.MoMLSimpleApplication@5eca0878
reloadAllAccessors: .Clock17

===========================================================================================
----------------- testing Fri Oct 16 15:49:09 UTC 2020 /home/travis/build/icyphy/ptII/ptolemy/actor/lib/test/auto/Clock18.xml
----------------- Instantiating /home/travis/build/icyphy/ptII/ptolemy/actor/lib/test/auto/Clock18.xml
16 ms. Memory: 264192K Free: 93346K (35%)
----------------- Invoking toplevel() on ptolemy.moml.MoMLSimpleApplication@669e410
----------------- Done invoking toplevel() on ptolemy.moml.MoMLSimpleApplication@669e410
reloadAllAccessors: .Clock18

===========================================================================================
----------------- testing Fri Oct 16 15:49:09 UTC 2020 /home/travis/build/icyphy/ptII/ptolemy/actor/lib/test/auto/Clock19.xml
----------------- Instantiating /home/travis/build/icyphy/ptII/ptolemy/actor/lib/test/auto/Clock19.xml
10 ms. Memory: 264192K Free: 80034K (30%)
----------------- Invoking toplevel() on ptolemy.moml.MoMLSimpleApplication@66c53c4d
----------------- Done invoking toplevel() on ptolemy.moml.MoMLSimpleApplication@66c53c4d
reloadAllAccessors: .Clock19

===========================================================================================
----------------- testing Fri Oct 16 15:49:09 UTC 2020 /home/travis/build/icyphy/ptII/ptolemy/actor/lib/test/auto/Clock2.xml
----------------- Instantiating /home/travis/build/icyphy/ptII/ptolemy/actor/lib/test/auto/Clock2.xml
3 ms. Memory: 264192K Free: 75938K (29%)
----------------- Invoking toplevel() on ptolemy.moml.MoMLSimpleApplication@60623a68
----------------- Done invoking toplevel() on ptolemy.moml.MoMLSimpleApplication@60623a68
reloadAllAccessors: .Clock2

===========================================================================================
----------------- testing Fri Oct 16 15:49:09 UTC 2020 /home/travis/build/icyphy/ptII/ptolemy/actor/lib/test/auto/Clock20.xml
----------------- Instantiating /home/travis/build/icyphy/ptII/ptolemy/actor/lib/test/auto/Clock20.xml
5 ms. Memory: 264192K Free: 70304K (27%)
----------------- Invoking toplevel() on ptolemy.moml.MoMLSimpleApplication@15619187
----------------- Done invoking toplevel() on ptolemy.moml.MoMLSimpleApplication@15619187
reloadAllAccessors: .Clock20

===========================================================================================
----------------- testing Fri Oct 16 15:49:09 UTC 2020 /home/travis/build/icyphy/ptII/ptolemy/actor/lib/test/auto/Clock21.xml
----------------- Instantiating /home/travis/build/icyphy/ptII/ptolemy/actor/lib/test/auto/Clock21.xml
2 ms. Memory: 264192K Free: 64674K (24%)
----------------- Invoking toplevel() on ptolemy.moml.MoMLSimpleApplication@334be2d4
----------------- Done invoking toplevel() on ptolemy.moml.MoMLSimpleApplication@334be2d4
reloadAllAccessors: .Clock21

===========================================================================================
----------------- testing Fri Oct 16 15:49:09 UTC 2020 /home/travis/build/icyphy/ptII/ptolemy/actor/lib/test/auto/Clock22.xml
----------------- Instantiating /home/travis/build/icyphy/ptII/ptolemy/actor/lib/test/auto/Clock22.xml
2 ms. Memory: 264192K Free: 59554K (23%)
----------------- Invoking toplevel() on ptolemy.moml.MoMLSimpleApplication@36f64869
----------------- Done invoking toplevel() on ptolemy.moml.MoMLSimpleApplication@36f64869
reloadAllAccessors: .Clock22

===========================================================================================
----------------- testing Fri Oct 16 15:49:09 UTC 2020 /home/travis/build/icyphy/ptII/ptolemy/actor/lib/test/auto/Clock23.xml
----------------- Instantiating /home/travis/build/icyphy/ptII/ptolemy/actor/lib/test/auto/Clock23.xml
4 ms. Memory: 453632K Free: 396825K (87%)
----------------- Invoking toplevel() on ptolemy.moml.MoMLSimpleApplication@59cad7e8
----------------- Done invoking toplevel() on ptolemy.moml.MoMLSimpleApplication@59cad7e8
reloadAllAccessors: .Clock23

===========================================================================================
----------------- testing Fri Oct 16 15:49:09 UTC 2020 /home/travis/build/icyphy/ptII/ptolemy/actor/lib/test/auto/Clock24.xml
----------------- Instantiating /home/travis/build/icyphy/ptII/ptolemy/actor/lib/test/auto/Clock24.xml
2 ms. Memory: 453632K Free: 391209K (86%)
----------------- Invoking toplevel() on ptolemy.moml.MoMLSimpleApplication@2da5e99
----------------- Done invoking toplevel() on ptolemy.moml.MoMLSimpleApplication@2da5e99
reloadAllAccessors: .Clock24

===========================================================================================
----------------- testing Fri Oct 16 15:49:09 UTC 2020 /home/travis/build/icyphy/ptII/ptolemy/actor/lib/test/auto/Clock4.xml
----------------- Instantiating /home/travis/build/icyphy/ptII/ptolemy/actor/lib/test/auto/Clock4.xml
1 ms. Memory: 453632K Free: 386089K (85%)
----------------- Invoking toplevel() on ptolemy.moml.MoMLSimpleApplication@1ab666f9
----------------- Done invoking toplevel() on ptolemy.moml.MoMLSimpleApplication@1ab666f9
reloadAllAccessors: .Clock4

===========================================================================================
----------------- testing Fri Oct 16 15:49:09 UTC 2020 /home/travis/build/icyphy/ptII/ptolemy/actor/lib/test/auto/Clock5.xml
----------------- Instantiating /home/travis/build/icyphy/ptII/ptolemy/actor/lib/test/auto/Clock5.xml
2 ms. Memory: 453632K Free: 380969K (84%)
----------------- Invoking toplevel() on ptolemy.moml.MoMLSimpleApplication@2524485a
----------------- Done invoking toplevel() on ptolemy.moml.MoMLSimpleApplication@2524485a
reloadAllAccessors: .Clock5

===========================================================================================
----------------- testing Fri Oct 16 15:49:09 UTC 2020 /home/travis/build/icyphy/ptII/ptolemy/actor/lib/test/auto/Clock6.xml
----------------- Instantiating /home/travis/build/icyphy/ptII/ptolemy/actor/lib/test/auto/Clock6.xml
2 ms. Memory: 453632K Free: 376873K (83%)
----------------- Invoking toplevel() on ptolemy.moml.MoMLSimpleApplication@7b9fe025
----------------- Done invoking toplevel() on ptolemy.moml.MoMLSimpleApplication@7b9fe025
reloadAllAccessors: .Clock6

===========================================================================================
----------------- testing Fri Oct 16 15:49:09 UTC 2020 /home/travis/build/icyphy/ptII/ptolemy/actor/lib/test/auto/Clock7.xml
----------------- Instantiating /home/travis/build/icyphy/ptII/ptolemy/actor/lib/test/auto/Clock7.xml
2 ms. Memory: 453632K Free: 372263K (82%)
----------------- Invoking toplevel() on ptolemy.moml.MoMLSimpleApplication@4ad42188
----------------- Done invoking toplevel() on ptolemy.moml.MoMLSimpleApplication@4ad42188
reloadAllAccessors: .Clock7

===========================================================================================
----------------- testing Fri Oct 16 15:49:09 UTC 2020 /home/travis/build/icyphy/ptII/ptolemy/actor/lib/test/auto/Clock8.xml
----------------- Instantiating /home/travis/build/icyphy/ptII/ptolemy/actor/lib/test/auto/Clock8.xml
4 ms. Memory: 453632K Free: 366633K (81%)
----------------- Invoking toplevel() on ptolemy.moml.MoMLSimpleApplication@11769235
----------------- Done invoking toplevel() on ptolemy.moml.MoMLSimpleApplication@11769235
reloadAllAccessors: .Clock8

===========================================================================================
----------------- testing Fri Oct 16 15:49:09 UTC 2020 /home/travis/build/icyphy/ptII/ptolemy/actor/lib/test/auto/Clock9.xml
----------------- Instantiating /home/travis/build/icyphy/ptII/ptolemy/actor/lib/test/auto/Clock9.xml
3 ms. Memory: 453632K Free: 360985K (80%)
----------------- Invoking toplevel() on ptolemy.moml.MoMLSimpleApplication@5ba8af13
----------------- Done invoking toplevel() on ptolemy.moml.MoMLSimpleApplication@5ba8af13
reloadAllAccessors: .Clock9

===========================================================================================
----------------- testing Fri Oct 16 15:49:09 UTC 2020 /home/travis/build/icyphy/ptII/ptolemy/actor/lib/test/auto/CommDistDiscard.xml
----------------- Instantiating /home/travis/build/icyphy/ptII/ptolemy/actor/lib/test/auto/CommDistDiscard.xml
3 ms. Memory: 453632K Free: 355879K (78%)
----------------- Invoking toplevel() on ptolemy.moml.MoMLSimpleApplication@261d4ff3
----------------- Done invoking toplevel() on ptolemy.moml.MoMLSimpleApplication@261d4ff3
reloadAllAccessors: .CommDistDiscard

===========================================================================================
----------------- testing Fri Oct 16 15:49:09 UTC 2020 /home/travis/build/icyphy/ptII/ptolemy/actor/lib/test/auto/Commutator.xml
----------------- Instantiating /home/travis/build/icyphy/ptII/ptolemy/actor/lib/test/auto/Commutator.xml
3 ms. Memory: 453632K Free: 351273K (77%)
----------------- Invoking toplevel() on ptolemy.moml.MoMLSimpleApplication@48be8a96
----------------- Done invoking toplevel() on ptolemy.moml.MoMLSimpleApplication@48be8a96
reloadAllAccessors: .Commutator

===========================================================================================
----------------- testing Fri Oct 16 15:49:09 UTC 2020 /home/travis/build/icyphy/ptII/ptolemy/actor/lib/test/auto/Commutator2.xml
----------------- Instantiating /home/travis/build/icyphy/ptII/ptolemy/actor/lib/test/auto/Commutator2.xml
2 ms. Memory: 453632K Free: 347177K (77%)
----------------- Invoking toplevel() on ptolemy.moml.MoMLSimpleApplication@7789af82
----------------- Done invoking toplevel() on ptolemy.moml.MoMLSimpleApplication@7789af82
reloadAllAccessors: .Commutator2

===========================================================================================
----------------- testing Fri Oct 16 15:49:09 UTC 2020 /home/travis/build/icyphy/ptII/ptolemy/actor/lib/test/auto/Commutator3.xml
----------------- Instantiating /home/travis/build/icyphy/ptII/ptolemy/actor/lib/test/auto/Commutator3.xml
2 ms. Memory: 453632K Free: 342567K (76%)
----------------- Invoking toplevel() on ptolemy.moml.MoMLSimpleApplication@12f54ed
----------------- Done invoking toplevel() on ptolemy.moml.MoMLSimpleApplication@12f54ed
reloadAllAccessors: .Commutator3

===========================================================================================
----------------- testing Fri Oct 16 15:49:09 UTC 2020 /home/travis/build/icyphy/ptII/ptolemy/actor/lib/test/auto/Compare.xml
----------------- Instantiating /home/travis/build/icyphy/ptII/ptolemy/actor/lib/test/auto/Compare.xml
2 ms. Memory: 453632K Free: 335913K (74%)
----------------- Invoking toplevel() on ptolemy.moml.MoMLSimpleApplication@1c8740df
----------------- Done invoking toplevel() on ptolemy.moml.MoMLSimpleApplication@1c8740df
reloadAllAccessors: .Compare

===========================================================================================
----------------- testing Fri Oct 16 15:49:09 UTC 2020 /home/travis/build/icyphy/ptII/ptolemy/actor/lib/test/auto/CompareDE.xml
----------------- Instantiating /home/travis/build/icyphy/ptII/ptolemy/actor/lib/test/auto/CompareDE.xml
3 ms. Memory: 453632K Free: 329241K (73%)
----------------- Invoking toplevel() on ptolemy.moml.MoMLSimpleApplication@4759c5de
----------------- Done invoking toplevel() on ptolemy.moml.MoMLSimpleApplication@4759c5de
reloadAllAccessors: .CompareDE

===========================================================================================
----------------- testing Fri Oct 16 15:49:09 UTC 2020 /home/travis/build/icyphy/ptII/ptolemy/actor/lib/test/auto/ComplexDivide.xml
----------------- Instantiating /home/travis/build/icyphy/ptII/ptolemy/actor/lib/test/auto/ComplexDivide.xml
1 ms. Memory: 453632K Free: 325159K (72%)
----------------- Invoking toplevel() on ptolemy.moml.MoMLSimpleApplication@262fa548
----------------- Done invoking toplevel() on ptolemy.moml.MoMLSimpleApplication@262fa548
reloadAllAccessors: .ComplexDivide

===========================================================================================
----------------- testing Fri Oct 16 15:49:09 UTC 2020 /home/travis/build/icyphy/ptII/ptolemy/actor/lib/test/auto/ComputeHistogram.xml
----------------- Instantiating /home/travis/build/icyphy/ptII/ptolemy/actor/lib/test/auto/ComputeHistogram.xml
29 ms. Memory: 453632K Free: 312871K (69%)
----------------- Invoking toplevel() on ptolemy.moml.MoMLSimpleApplication@46449e74
----------------- Done invoking toplevel() on ptolemy.moml.MoMLSimpleApplication@46449e74
reloadAllAccessors: .ComputeHistogram

===========================================================================================
----------------- testing Fri Oct 16 15:49:09 UTC 2020 /home/travis/build/icyphy/ptII/ptolemy/actor/lib/test/auto/ConfigurationSelect.xml
----------------- Instantiating /home/travis/build/icyphy/ptII/ptolemy/actor/lib/test/auto/ConfigurationSelect.xml
8 ms. Memory: 453632K Free: 307241K (68%)
----------------- Invoking toplevel() on ptolemy.moml.MoMLSimpleApplication@4f26ff7c
----------------- Done invoking toplevel() on ptolemy.moml.MoMLSimpleApplication@4f26ff7c
reloadAllAccessors: .ConfigurationSelect

===========================================================================================
----------------- testing Fri Oct 16 15:49:10 UTC 2020 /home/travis/build/icyphy/ptII/ptolemy/actor/lib/test/auto/ConfigurationSelect2.xml
----------------- Instantiating /home/travis/build/icyphy/ptII/ptolemy/actor/lib/test/auto/ConfigurationSelect2.xml
2 ms. Memory: 453632K Free: 303145K (67%)
----------------- Invoking toplevel() on ptolemy.moml.MoMLSimpleApplication@55845be2
----------------- Done invoking toplevel() on ptolemy.moml.MoMLSimpleApplication@55845be2
reloadAllAccessors: .ConfigurationSelect2

===========================================================================================
----------------- testing Fri Oct 16 15:49:10 UTC 2020 /home/travis/build/icyphy/ptII/ptolemy/actor/lib/test/auto/ConfigurationSwitch.xml
----------------- Instantiating /home/travis/build/icyphy/ptII/ptolemy/actor/lib/test/auto/ConfigurationSwitch.xml
1 ms. Memory: 453632K Free: 297511K (66%)
----------------- Invoking toplevel() on ptolemy.moml.MoMLSimpleApplication@108eb70b
----------------- Done invoking toplevel() on ptolemy.moml.MoMLSimpleApplication@108eb70b
reloadAllAccessors: .ConfigurationSwitch

===========================================================================================
----------------- testing Fri Oct 16 15:49:10 UTC 2020 /home/travis/build/icyphy/ptII/ptolemy/actor/lib/test/auto/ConfigurationSwitch2.xml
----------------- Instantiating /home/travis/build/icyphy/ptII/ptolemy/actor/lib/test/auto/ConfigurationSwitch2.xml
1 ms. Memory: 453632K Free: 291881K (64%)
----------------- Invoking toplevel() on ptolemy.moml.MoMLSimpleApplication@6faf82f5
----------------- Done invoking toplevel() on ptolemy.moml.MoMLSimpleApplication@6faf82f5
reloadAllAccessors: .ConfigurationSwitch2

===========================================================================================
----------------- testing Fri Oct 16 15:49:10 UTC 2020 /home/travis/build/icyphy/ptII/ptolemy/actor/lib/test/auto/ConfigurationSwitchCloningBugWithClassRelationGroup.xml
----------------- Instantiating /home/travis/build/icyphy/ptII/ptolemy/actor/lib/test/auto/ConfigurationSwitchCloningBugWithClassRelationGroup.xml
1 ms. Memory: 453632K Free: 285737K (63%)
----------------- Invoking toplevel() on ptolemy.moml.MoMLSimpleApplication@7baeab13
----------------- Done invoking toplevel() on ptolemy.moml.MoMLSimpleApplication@7baeab13
reloadAllAccessors: .ConfigurationSwitchCloningBugWithClassRelationGroup

===========================================================================================
----------------- testing Fri Oct 16 15:49:10 UTC 2020 /home/travis/build/icyphy/ptII/ptolemy/actor/lib/test/auto/ConfigurationSwitchSelectSDF.xml
----------------- Instantiating /home/travis/build/icyphy/ptII/ptolemy/actor/lib/test/auto/ConfigurationSwitchSelectSDF.xml
2 ms. Memory: 453632K Free: 280103K (62%)
----------------- Invoking toplevel() on ptolemy.moml.MoMLSimpleApplication@59c1839
----------------- Done invoking toplevel() on ptolemy.moml.MoMLSimpleApplication@59c1839
reloadAllAccessors: .ConfigurationSwitchSelectSDF

===========================================================================================
----------------- testing Fri Oct 16 15:49:10 UTC 2020 /home/travis/build/icyphy/ptII/ptolemy/actor/lib/test/auto/ConfigurationSwitchSelectSDF2.xml
----------------- Instantiating /home/travis/build/icyphy/ptII/ptolemy/actor/lib/test/auto/ConfigurationSwitchSelectSDF2.xml
3 ms. Memory: 453632K Free: 274473K (61%)
----------------- Invoking toplevel() on ptolemy.moml.MoMLSimpleApplication@165187b7
----------------- Done invoking toplevel() on ptolemy.moml.MoMLSimpleApplication@165187b7
reloadAllAccessors: .ConfigurationSwitchSelectSDF2

===========================================================================================
----------------- testing Fri Oct 16 15:49:10 UTC 2020 /home/travis/build/icyphy/ptII/ptolemy/actor/lib/test/auto/Const.xml
----------------- Instantiating /home/travis/build/icyphy/ptII/ptolemy/actor/lib/test/auto/Const.xml
1 ms. Memory: 453632K Free: 270887K (60%)
----------------- Invoking toplevel() on ptolemy.moml.MoMLSimpleApplication@10ffd1d6
----------------- Done invoking toplevel() on ptolemy.moml.MoMLSimpleApplication@10ffd1d6
reloadAllAccessors: .Const

===========================================================================================
----------------- testing Fri Oct 16 15:49:10 UTC 2020 /home/travis/build/icyphy/ptII/ptolemy/actor/lib/test/auto/Const2.xml
----------------- Instantiating /home/travis/build/icyphy/ptII/ptolemy/actor/lib/test/auto/Const2.xml
1 ms. Memory: 453632K Free: 267305K (59%)
----------------- Invoking toplevel() on ptolemy.moml.MoMLSimpleApplication@3ca641fc
----------------- Done invoking toplevel() on ptolemy.moml.MoMLSimpleApplication@3ca641fc
reloadAllAccessors: .Const2

===========================================================================================
----------------- testing Fri Oct 16 15:49:10 UTC 2020 /home/travis/build/icyphy/ptII/ptolemy/actor/lib/test/auto/Const3.xml
----------------- Instantiating /home/travis/build/icyphy/ptII/ptolemy/actor/lib/test/auto/Const3.xml
0 ms. Memory: 453632K Free: 264233K (58%)
----------------- Invoking toplevel() on ptolemy.moml.MoMLSimpleApplication@25e6f350
----------------- Done invoking toplevel() on ptolemy.moml.MoMLSimpleApplication@25e6f350
reloadAllAccessors: .Const3

===========================================================================================
----------------- testing Fri Oct 16 15:49:10 UTC 2020 /home/travis/build/icyphy/ptII/ptolemy/actor/lib/test/auto/ConstantPublisherPort1.xml
----------------- Instantiating /home/travis/build/icyphy/ptII/ptolemy/actor/lib/test/auto/ConstantPublisherPort1.xml
6 ms. Memory: 453632K Free: 255527K (56%)
----------------- Invoking toplevel() on ptolemy.moml.MoMLSimpleApplication@4eab09b7
----------------- Done invoking toplevel() on ptolemy.moml.MoMLSimpleApplication@4eab09b7
reloadAllAccessors: .ConstantPublisherPort1

===========================================================================================
----------------- testing Fri Oct 16 15:49:10 UTC 2020 /home/travis/build/icyphy/ptII/ptolemy/actor/lib/test/auto/ConstantPublisherPort2.xml
----------------- Instantiating /home/travis/build/icyphy/ptII/ptolemy/actor/lib/test/auto/ConstantPublisherPort2.xml
4 ms. Memory: 453632K Free: 247849K (55%)
----------------- Invoking toplevel() on ptolemy.moml.MoMLSimpleApplication@6ab4e7f9
----------------- Done invoking toplevel() on ptolemy.moml.MoMLSimpleApplication@6ab4e7f9
reloadAllAccessors: .ConstantPublisherPort2

===========================================================================================
----------------- testing Fri Oct 16 15:49:10 UTC 2020 /home/travis/build/icyphy/ptII/ptolemy/actor/lib/test/auto/ConstantPublisherPort3.xml
----------------- Instantiating /home/travis/build/icyphy/ptII/ptolemy/actor/lib/test/auto/ConstantPublisherPort3.xml
5 ms. Memory: 453632K Free: 240167K (53%)
----------------- Invoking toplevel() on ptolemy.moml.MoMLSimpleApplication@5f507c2
----------------- Done invoking toplevel() on ptolemy.moml.MoMLSimpleApplication@5f507c2
reloadAllAccessors: .ConstantPublisherPort3

===========================================================================================
----------------- testing Fri Oct 16 15:49:10 UTC 2020 /home/travis/build/icyphy/ptII/ptolemy/actor/lib/test/auto/ConstantPublisherPort4.xml
----------------- Instantiating /home/travis/build/icyphy/ptII/ptolemy/actor/lib/test/auto/ConstantPublisherPort4.xml
2 ms. Memory: 453632K Free: 233513K (51%)
----------------- Invoking toplevel() on ptolemy.moml.MoMLSimpleApplication@5aff1b13
----------------- Done invoking toplevel() on ptolemy.moml.MoMLSimpleApplication@5aff1b13
reloadAllAccessors: .ConstantPublisherPort4

===========================================================================================
----------------- testing Fri Oct 16 15:49:10 UTC 2020 /home/travis/build/icyphy/ptII/ptolemy/actor/lib/test/auto/ConstantPublisherPort5.xml
----------------- Instantiating /home/travis/build/icyphy/ptII/ptolemy/actor/lib/test/auto/ConstantPublisherPort5.xml
27 ms. Memory: 453632K Free: 223783K (49%)
----------------- Invoking toplevel() on ptolemy.moml.MoMLSimpleApplication@1f55ce8
----------------- Done invoking toplevel() on ptolemy.moml.MoMLSimpleApplication@1f55ce8
reloadAllAccessors: .ConstantPublisherPort5

===========================================================================================
----------------- testing Fri Oct 16 15:49:10 UTC 2020 /home/travis/build/icyphy/ptII/ptolemy/actor/lib/test/auto/ConstantPublisherPort6.xml
----------------- Instantiating /home/travis/build/icyphy/ptII/ptolemy/actor/lib/test/auto/ConstantPublisherPort6.xml
9 ms. Memory: 453632K Free: 215081K (47%)
----------------- Invoking toplevel() on ptolemy.moml.MoMLSimpleApplication@2615323a
----------------- Done invoking toplevel() on ptolemy.moml.MoMLSimpleApplication@2615323a
reloadAllAccessors: .ConstantPublisherPort6

===========================================================================================
----------------- testing Fri Oct 16 15:49:10 UTC 2020 /home/travis/build/icyphy/ptII/ptolemy/actor/lib/test/auto/ConstantPublisherPort7.xml
----------------- Instantiating /home/travis/build/icyphy/ptII/ptolemy/actor/lib/test/auto/ConstantPublisherPort7.xml
20 ms. Memory: 453632K Free: 205865K (45%)
----------------- Invoking toplevel() on ptolemy.moml.MoMLSimpleApplication@593f981a
----------------- Done invoking toplevel() on ptolemy.moml.MoMLSimpleApplication@593f981a
reloadAllAccessors: .ConstantPublisherPort7

===========================================================================================
----------------- testing Fri Oct 16 15:49:10 UTC 2020 /home/travis/build/icyphy/ptII/ptolemy/actor/lib/test/auto/ConstraintMonitor1.xml
----------------- Instantiating /home/travis/build/icyphy/ptII/ptolemy/actor/lib/test/auto/ConstraintMonitor1.xml
3 ms. Memory: 453632K Free: 200231K (44%)
----------------- Invoking toplevel() on ptolemy.moml.MoMLSimpleApplication@4bd03d0
----------------- Done invoking toplevel() on ptolemy.moml.MoMLSimpleApplication@4bd03d0
reloadAllAccessors: .ConstraintMonitor1

===========================================================================================
----------------- testing Fri Oct 16 15:49:10 UTC 2020 /home/travis/build/icyphy/ptII/ptolemy/actor/lib/test/auto/ConstraintMonitor2.xml
----------------- Instantiating /home/travis/build/icyphy/ptII/ptolemy/actor/lib/test/auto/ConstraintMonitor2.xml
2 ms. Memory: 453632K Free: 195625K (43%)
----------------- Invoking toplevel() on ptolemy.moml.MoMLSimpleApplication@a353f79
----------------- Done invoking toplevel() on ptolemy.moml.MoMLSimpleApplication@a353f79
reloadAllAccessors: .ConstraintMonitor2

===========================================================================================
----------------- testing Fri Oct 16 15:49:10 UTC 2020 /home/travis/build/icyphy/ptII/ptolemy/actor/lib/test/auto/ConstraintMonitor3.xml
----------------- Instantiating /home/travis/build/icyphy/ptII/ptolemy/actor/lib/test/auto/ConstraintMonitor3.xml
5 ms. Memory: 453632K Free: 191015K (42%)
----------------- Invoking toplevel() on ptolemy.moml.MoMLSimpleApplication@12dbe951
----------------- Done invoking toplevel() on ptolemy.moml.MoMLSimpleApplication@12dbe951
reloadAllAccessors: .ConstraintMonitor3

===========================================================================================
----------------- testing Fri Oct 16 15:49:10 UTC 2020 /home/travis/build/icyphy/ptII/ptolemy/actor/lib/test/auto/ConstraintMonitor4.xml
----------------- Instantiating /home/travis/build/icyphy/ptII/ptolemy/actor/lib/test/auto/ConstraintMonitor4.xml
2 ms. Memory: 453632K Free: 396674K (87%)
----------------- Invoking toplevel() on ptolemy.moml.MoMLSimpleApplication@627e2f13
----------------- Done invoking toplevel() on ptolemy.moml.MoMLSimpleApplication@627e2f13
reloadAllAccessors: .ConstraintMonitor4

===========================================================================================
----------------- testing Fri Oct 16 15:49:10 UTC 2020 /home/travis/build/icyphy/ptII/ptolemy/actor/lib/test/auto/ConstraintMonitor5.xml
----------------- Instantiating /home/travis/build/icyphy/ptII/ptolemy/actor/lib/test/auto/ConstraintMonitor5.xml
1 ms. Memory: 453632K Free: 391044K (86%)
----------------- Invoking toplevel() on ptolemy.moml.MoMLSimpleApplication@b4edee
----------------- Done invoking toplevel() on ptolemy.moml.MoMLSimpleApplication@b4edee
reloadAllAccessors: .ConstraintMonitor5

===========================================================================================
----------------- testing Fri Oct 16 15:49:10 UTC 2020 /home/travis/build/icyphy/ptII/ptolemy/actor/lib/test/auto/ConstraintMonitor6.xml
----------------- Instantiating /home/travis/build/icyphy/ptII/ptolemy/actor/lib/test/auto/ConstraintMonitor6.xml
2 ms. Memory: 453632K Free: 384900K (85%)
----------------- Invoking toplevel() on ptolemy.moml.MoMLSimpleApplication@41929450
----------------- Done invoking toplevel() on ptolemy.moml.MoMLSimpleApplication@41929450
reloadAllAccessors: .ConstraintMonitor6

===========================================================================================
----------------- testing Fri Oct 16 15:49:10 UTC 2020 /home/travis/build/icyphy/ptII/ptolemy/actor/lib/test/auto/ConstraintMonitor7.xml
----------------- Instantiating /home/travis/build/icyphy/ptII/ptolemy/actor/lib/test/auto/ConstraintMonitor7.xml
3 ms. Memory: 453632K Free: 378756K (83%)
----------------- Invoking toplevel() on ptolemy.moml.MoMLSimpleApplication@6e206720
----------------- Done invoking toplevel() on ptolemy.moml.MoMLSimpleApplication@6e206720
reloadAllAccessors: .ConstraintMonitor7

===========================================================================================
----------------- testing Fri Oct 16 15:49:10 UTC 2020 /home/travis/build/icyphy/ptII/ptolemy/actor/lib/test/auto/ConstraintMonitor8.xml
----------------- Instantiating /home/travis/build/icyphy/ptII/ptolemy/actor/lib/test/auto/ConstraintMonitor8.xml
11 ms. Memory: 453632K Free: 371074K (82%)
----------------- Invoking toplevel() on ptolemy.moml.MoMLSimpleApplication@42a4ed9e
----------------- Done invoking toplevel() on ptolemy.moml.MoMLSimpleApplication@42a4ed9e
reloadAllAccessors: .ConstraintMonitor8

===========================================================================================
----------------- testing Fri Oct 16 15:49:10 UTC 2020 /home/travis/build/icyphy/ptII/ptolemy/actor/lib/test/auto/Counter.xml
----------------- Instantiating /home/travis/build/icyphy/ptII/ptolemy/actor/lib/test/auto/Counter.xml
3 ms. Memory: 453632K Free: 365954K (81%)
----------------- Invoking toplevel() on ptolemy.moml.MoMLSimpleApplication@46f1fb3e
----------------- Done invoking toplevel() on ptolemy.moml.MoMLSimpleApplication@46f1fb3e
reloadAllAccessors: .Counter

===========================================================================================
----------------- testing Fri Oct 16 15:49:10 UTC 2020 /home/travis/build/icyphy/ptII/ptolemy/actor/lib/test/auto/CurrentTimeSDF.xml
----------------- Instantiating /home/travis/build/icyphy/ptII/ptolemy/actor/lib/test/auto/CurrentTimeSDF.xml
1 ms. Memory: 453632K Free: 362372K (80%)
----------------- Invoking toplevel() on ptolemy.moml.MoMLSimpleApplication@50066233
----------------- Done invoking toplevel() on ptolemy.moml.MoMLSimpleApplication@50066233
reloadAllAccessors: .CurrentTimeSDF

===========================================================================================
----------------- testing Fri Oct 16 15:49:10 UTC 2020 /home/travis/build/icyphy/ptII/ptolemy/actor/lib/test/auto/DB.xml
----------------- Instantiating /home/travis/build/icyphy/ptII/ptolemy/actor/lib/test/auto/DB.xml
2 ms. Memory: 453632K Free: 357252K (79%)
----------------- Invoking toplevel() on ptolemy.moml.MoMLSimpleApplication@563b4d48
----------------- Done invoking toplevel() on ptolemy.moml.MoMLSimpleApplication@563b4d48
reloadAllAccessors: .DB

===========================================================================================
----------------- testing Fri Oct 16 15:49:10 UTC 2020 /home/travis/build/icyphy/ptII/ptolemy/actor/lib/test/auto/DBDE.xml
----------------- Instantiating /home/travis/build/icyphy/ptII/ptolemy/actor/lib/test/auto/DBDE.xml
2 ms. Memory: 453632K Free: 351108K (77%)
----------------- Invoking toplevel() on ptolemy.moml.MoMLSimpleApplication@60940cea
----------------- Done invoking toplevel() on ptolemy.moml.MoMLSimpleApplication@60940cea
reloadAllAccessors: .DBDE

===========================================================================================
----------------- testing Fri Oct 16 15:49:10 UTC 2020 /home/travis/build/icyphy/ptII/ptolemy/actor/lib/test/auto/DateConstructor.xml
----------------- Instantiating /home/travis/build/icyphy/ptII/ptolemy/actor/lib/test/auto/DateConstructor.xml
24 ms. Memory: 453632K Free: 334210K (74%)
----------------- Invoking toplevel() on ptolemy.moml.MoMLSimpleApplication@7f99119f
----------------- Done invoking toplevel() on ptolemy.moml.MoMLSimpleApplication@7f99119f
reloadAllAccessors: .DateConstructor

===========================================================================================
----------------- testing Fri Oct 16 15:49:10 UTC 2020 /home/travis/build/icyphy/ptII/ptolemy/actor/lib/test/auto/DelayTime.xml
----------------- Instantiating /home/travis/build/icyphy/ptII/ptolemy/actor/lib/test/auto/DelayTime.xml
3 ms. Memory: 453632K Free: 328580K (72%)
----------------- Invoking toplevel() on ptolemy.moml.MoMLSimpleApplication@22078748
----------------- Done invoking toplevel() on ptolemy.moml.MoMLSimpleApplication@22078748
reloadAllAccessors: .DelayTime

===========================================================================================
----------------- testing Fri Oct 16 15:49:10 UTC 2020 /home/travis/build/icyphy/ptII/ptolemy/actor/lib/test/auto/Dictionary1.xml
----------------- Instantiating /home/travis/build/icyphy/ptII/ptolemy/actor/lib/test/auto/Dictionary1.xml
5 ms. Memory: 453632K Free: 322946K (71%)
----------------- Invoking toplevel() on ptolemy.moml.MoMLSimpleApplication@6b526bc8
----------------- Done invoking toplevel() on ptolemy.moml.MoMLSimpleApplication@6b526bc8
reloadAllAccessors: .Dictionary1

===========================================================================================
----------------- testing Fri Oct 16 15:49:10 UTC 2020 /home/travis/build/icyphy/ptII/ptolemy/actor/lib/test/auto/Dictionary2.xml
----------------- Instantiating /home/travis/build/icyphy/ptII/ptolemy/actor/lib/test/auto/Dictionary2.xml
3 ms. Memory: 453632K Free: 317826K (70%)
----------------- Invoking toplevel() on ptolemy.moml.MoMLSimpleApplication@5856cb56
----------------- Done invoking toplevel() on ptolemy.moml.MoMLSimpleApplication@5856cb56
reloadAllAccessors: .Dictionary2

===========================================================================================
----------------- testing Fri Oct 16 15:49:10 UTC 2020 /home/travis/build/icyphy/ptII/ptolemy/actor/lib/test/auto/Dictionary3.xml
----------------- Instantiating /home/travis/build/icyphy/ptII/ptolemy/actor/lib/test/auto/Dictionary3.xml
1 ms. Memory: 453632K Free: 312196K (69%)
----------------- Invoking toplevel() on ptolemy.moml.MoMLSimpleApplication@67245c27
----------------- Done invoking toplevel() on ptolemy.moml.MoMLSimpleApplication@67245c27
reloadAllAccessors: .Dictionary3

===========================================================================================
----------------- testing Fri Oct 16 15:49:10 UTC 2020 /home/travis/build/icyphy/ptII/ptolemy/actor/lib/test/auto/Dictionary4.xml
----------------- Instantiating /home/travis/build/icyphy/ptII/ptolemy/actor/lib/test/auto/Dictionary4.xml
2 ms. Memory: 453632K Free: 305028K (67%)
----------------- Invoking toplevel() on ptolemy.moml.MoMLSimpleApplication@6e12a3fb
----------------- Done invoking toplevel() on ptolemy.moml.MoMLSimpleApplication@6e12a3fb
reloadAllAccessors: .Dictionary4

===========================================================================================
----------------- testing Fri Oct 16 15:49:10 UTC 2020 /home/travis/build/icyphy/ptII/ptolemy/actor/lib/test/auto/Differential.xml
----------------- Instantiating /home/travis/build/icyphy/ptII/ptolemy/actor/lib/test/auto/Differential.xml
3 ms. Memory: 453632K Free: 300932K (66%)
----------------- Invoking toplevel() on ptolemy.moml.MoMLSimpleApplication@16dd4340
----------------- Done invoking toplevel() on ptolemy.moml.MoMLSimpleApplication@16dd4340
reloadAllAccessors: .Differential

===========================================================================================
----------------- testing Fri Oct 16 15:49:10 UTC 2020 /home/travis/build/icyphy/ptII/ptolemy/actor/lib/test/auto/Director.xml
----------------- Instantiating /home/travis/build/icyphy/ptII/ptolemy/actor/lib/test/auto/Director.xml
2 ms. Memory: 453632K Free: 297346K (66%)
----------------- Invoking toplevel() on ptolemy.moml.MoMLSimpleApplication@42ca223
----------------- Done invoking toplevel() on ptolemy.moml.MoMLSimpleApplication@42ca223
reloadAllAccessors: .Director

===========================================================================================
----------------- testing Fri Oct 16 15:49:10 UTC 2020 /home/travis/build/icyphy/ptII/ptolemy/actor/lib/test/auto/DiscreteClock.xml
----------------- Instantiating /home/travis/build/icyphy/ptII/ptolemy/actor/lib/test/auto/DiscreteClock.xml
1 ms. Memory: 453632K Free: 293250K (65%)
----------------- Invoking toplevel() on ptolemy.moml.MoMLSimpleApplication@1d2542ab
----------------- Done invoking toplevel() on ptolemy.moml.MoMLSimpleApplication@1d2542ab
reloadAllAccessors: .DiscreteClock

===========================================================================================
----------------- testing Fri Oct 16 15:49:10 UTC 2020 /home/travis/build/icyphy/ptII/ptolemy/actor/lib/test/auto/DiscreteClock10.xml
----------------- Instantiating /home/travis/build/icyphy/ptII/ptolemy/actor/lib/test/auto/DiscreteClock10.xml
3 ms. Memory: 453632K Free: 287106K (63%)
----------------- Invoking toplevel() on ptolemy.moml.MoMLSimpleApplication@1dbcafd3
----------------- Done invoking toplevel() on ptolemy.moml.MoMLSimpleApplication@1dbcafd3
reloadAllAccessors: .DiscreteClock10

===========================================================================================
----------------- testing Fri Oct 16 15:49:10 UTC 2020 /home/travis/build/icyphy/ptII/ptolemy/actor/lib/test/auto/DiscreteClock11.xml
----------------- Instantiating /home/travis/build/icyphy/ptII/ptolemy/actor/lib/test/auto/DiscreteClock11.xml
2 ms. Memory: 453632K Free: 281476K (62%)
----------------- Invoking toplevel() on ptolemy.moml.MoMLSimpleApplication@cd1cc03
----------------- Done invoking toplevel() on ptolemy.moml.MoMLSimpleApplication@cd1cc03
reloadAllAccessors: .DiscreteClock11

===========================================================================================
----------------- testing Fri Oct 16 15:49:10 UTC 2020 /home/travis/build/icyphy/ptII/ptolemy/actor/lib/test/auto/DiscreteClock12.xml
----------------- Instantiating /home/travis/build/icyphy/ptII/ptolemy/actor/lib/test/auto/DiscreteClock12.xml
3 ms. Memory: 453632K Free: 275332K (61%)
----------------- Invoking toplevel() on ptolemy.moml.MoMLSimpleApplication@1a11584
----------------- Done invoking toplevel() on ptolemy.moml.MoMLSimpleApplication@1a11584
reloadAllAccessors: .DiscreteClock12

===========================================================================================
----------------- testing Fri Oct 16 15:49:10 UTC 2020 /home/travis/build/icyphy/ptII/ptolemy/actor/lib/test/auto/DiscreteClock13.xml
----------------- Instantiating /home/travis/build/icyphy/ptII/ptolemy/actor/lib/test/auto/DiscreteClock13.xml
4 ms. Memory: 453632K Free: 269188K (59%)
----------------- Invoking toplevel() on ptolemy.moml.MoMLSimpleApplication@11bedfe1
----------------- Done invoking toplevel() on ptolemy.moml.MoMLSimpleApplication@11bedfe1
reloadAllAccessors: .DiscreteClock13

===========================================================================================
----------------- testing Fri Oct 16 15:49:10 UTC 2020 /home/travis/build/icyphy/ptII/ptolemy/actor/lib/test/auto/DiscreteClock14.xml
----------------- Instantiating /home/travis/build/icyphy/ptII/ptolemy/actor/lib/test/auto/DiscreteClock14.xml
5 ms. Memory: 453632K Free: 263044K (58%)
----------------- Invoking toplevel() on ptolemy.moml.MoMLSimpleApplication@66661435
----------------- Done invoking toplevel() on ptolemy.moml.MoMLSimpleApplication@66661435
reloadAllAccessors: .DiscreteClock14

===========================================================================================
----------------- testing Fri Oct 16 15:49:10 UTC 2020 /home/travis/build/icyphy/ptII/ptolemy/actor/lib/test/auto/DiscreteClock15.xml
----------------- Instantiating /home/travis/build/icyphy/ptII/ptolemy/actor/lib/test/auto/DiscreteClock15.xml
5 ms. Memory: 453632K Free: 257380K (57%)
----------------- Invoking toplevel() on ptolemy.moml.MoMLSimpleApplication@43b8e157
----------------- Done invoking toplevel() on ptolemy.moml.MoMLSimpleApplication@43b8e157
reloadAllAccessors: .DiscreteClock15

===========================================================================================
----------------- testing Fri Oct 16 15:49:10 UTC 2020 /home/travis/build/icyphy/ptII/ptolemy/actor/lib/test/auto/DiscreteClock16.xml
----------------- Instantiating /home/travis/build/icyphy/ptII/ptolemy/actor/lib/test/auto/DiscreteClock16.xml
15 ms. Memory: 453632K Free: 243588K (54%)
----------------- Invoking toplevel() on ptolemy.moml.MoMLSimpleApplication@2ac49160
----------------- Done invoking toplevel() on ptolemy.moml.MoMLSimpleApplication@2ac49160
reloadAllAccessors: .DiscreteClock16

===========================================================================================
----------------- testing Fri Oct 16 15:49:10 UTC 2020 /home/travis/build/icyphy/ptII/ptolemy/actor/lib/test/auto/DiscreteClock17.xml
----------------- Instantiating /home/travis/build/icyphy/ptII/ptolemy/actor/lib/test/auto/DiscreteClock17.xml
15 ms. Memory: 453632K Free: 228708K (50%)
----------------- Invoking toplevel() on ptolemy.moml.MoMLSimpleApplication@6955112a
----------------- Done invoking toplevel() on ptolemy.moml.MoMLSimpleApplication@6955112a
reloadAllAccessors: .DiscreteClock17

===========================================================================================
----------------- testing Fri Oct 16 15:49:11 UTC 2020 /home/travis/build/icyphy/ptII/ptolemy/actor/lib/test/auto/DiscreteClock18.xml
----------------- Instantiating /home/travis/build/icyphy/ptII/ptolemy/actor/lib/test/auto/DiscreteClock18.xml
21 ms. Memory: 453632K Free: 214916K (47%)
----------------- Invoking toplevel() on ptolemy.moml.MoMLSimpleApplication@1c31c713
----------------- Done invoking toplevel() on ptolemy.moml.MoMLSimpleApplication@1c31c713
reloadAllAccessors: .DiscreteClock18

===========================================================================================
----------------- testing Fri Oct 16 15:49:11 UTC 2020 /home/travis/build/icyphy/ptII/ptolemy/actor/lib/test/auto/DiscreteClock19.xml
----------------- Instantiating /home/travis/build/icyphy/ptII/ptolemy/actor/lib/test/auto/DiscreteClock19.xml
15 ms. Memory: 453632K Free: 201604K (44%)
----------------- Invoking toplevel() on ptolemy.moml.MoMLSimpleApplication@21e98f22
----------------- Done invoking toplevel() on ptolemy.moml.MoMLSimpleApplication@21e98f22
reloadAllAccessors: .DiscreteClock19

===========================================================================================
----------------- testing Fri Oct 16 15:49:11 UTC 2020 /home/travis/build/icyphy/ptII/ptolemy/actor/lib/test/auto/DiscreteClock2.xml
----------------- Instantiating /home/travis/build/icyphy/ptII/ptolemy/actor/lib/test/auto/DiscreteClock2.xml
4 ms. Memory: 453632K Free: 196484K (43%)
----------------- Invoking toplevel() on ptolemy.moml.MoMLSimpleApplication@a6b21be
----------------- Done invoking toplevel() on ptolemy.moml.MoMLSimpleApplication@a6b21be
reloadAllAccessors: .DiscreteClock2

===========================================================================================
----------------- testing Fri Oct 16 15:49:11 UTC 2020 /home/travis/build/icyphy/ptII/ptolemy/actor/lib/test/auto/DiscreteClock20.xml
----------------- Instantiating /home/travis/build/icyphy/ptII/ptolemy/actor/lib/test/auto/DiscreteClock20.xml
4 ms. Memory: 453632K Free: 190850K (42%)
----------------- Invoking toplevel() on ptolemy.moml.MoMLSimpleApplication@5ff281a5
----------------- Done invoking toplevel() on ptolemy.moml.MoMLSimpleApplication@5ff281a5
reloadAllAccessors: .DiscreteClock20

===========================================================================================
----------------- testing Fri Oct 16 15:49:11 UTC 2020 /home/travis/build/icyphy/ptII/ptolemy/actor/lib/test/auto/DiscreteClock21.xml
----------------- Instantiating /home/travis/build/icyphy/ptII/ptolemy/actor/lib/test/auto/DiscreteClock21.xml
6 ms. Memory: 453632K Free: 185220K (41%)
----------------- Invoking toplevel() on ptolemy.moml.MoMLSimpleApplication@4879346c
----------------- Done invoking toplevel() on ptolemy.moml.MoMLSimpleApplication@4879346c
reloadAllAccessors: .DiscreteClock21

===========================================================================================
----------------- testing Fri Oct 16 15:49:11 UTC 2020 /home/travis/build/icyphy/ptII/ptolemy/actor/lib/test/auto/DiscreteClock22.xml
----------------- Instantiating /home/travis/build/icyphy/ptII/ptolemy/actor/lib/test/auto/DiscreteClock22.xml
4 ms. Memory: 453632K Free: 180100K (40%)
----------------- Invoking toplevel() on ptolemy.moml.MoMLSimpleApplication@53c0a6bb
----------------- Done invoking toplevel() on ptolemy.moml.MoMLSimpleApplication@53c0a6bb
reloadAllAccessors: .DiscreteClock22

===========================================================================================
----------------- testing Fri Oct 16 15:49:11 UTC 2020 /home/travis/build/icyphy/ptII/ptolemy/actor/lib/test/auto/DiscreteClock23.xml
----------------- Instantiating /home/travis/build/icyphy/ptII/ptolemy/actor/lib/test/auto/DiscreteClock23.xml
4 ms. Memory: 453632K Free: 174466K (38%)
----------------- Invoking toplevel() on ptolemy.moml.MoMLSimpleApplication@7972924c
----------------- Done invoking toplevel() on ptolemy.moml.MoMLSimpleApplication@7972924c
reloadAllAccessors: .DiscreteClock23

===========================================================================================
----------------- testing Fri Oct 16 15:49:11 UTC 2020 /home/travis/build/icyphy/ptII/ptolemy/actor/lib/test/auto/DiscreteClock24.xml
----------------- Instantiating /home/travis/build/icyphy/ptII/ptolemy/actor/lib/test/auto/DiscreteClock24.xml
4 ms. Memory: 453632K Free: 168836K (37%)
----------------- Invoking toplevel() on ptolemy.moml.MoMLSimpleApplication@8a96bdb
----------------- Done invoking toplevel() on ptolemy.moml.MoMLSimpleApplication@8a96bdb
reloadAllAccessors: .DiscreteClock24

===========================================================================================
----------------- testing Fri Oct 16 15:49:11 UTC 2020 /home/travis/build/icyphy/ptII/ptolemy/actor/lib/test/auto/DiscreteClock4.xml
----------------- Instantiating /home/travis/build/icyphy/ptII/ptolemy/actor/lib/test/auto/DiscreteClock4.xml
6 ms. Memory: 453632K Free: 163188K (36%)
----------------- Invoking toplevel() on ptolemy.moml.MoMLSimpleApplication@7f9469cc
----------------- Done invoking toplevel() on ptolemy.moml.MoMLSimpleApplication@7f9469cc
reloadAllAccessors: .DiscreteClock4

===========================================================================================
----------------- testing Fri Oct 16 15:49:11 UTC 2020 /home/travis/build/icyphy/ptII/ptolemy/actor/lib/test/auto/DiscreteClock5.xml
----------------- Instantiating /home/travis/build/icyphy/ptII/ptolemy/actor/lib/test/auto/DiscreteClock5.xml
1 ms. Memory: 453632K Free: 158068K (35%)
----------------- Invoking toplevel() on ptolemy.moml.MoMLSimpleApplication@12da353a
----------------- Done invoking toplevel() on ptolemy.moml.MoMLSimpleApplication@12da353a
reloadAllAccessors: .DiscreteClock5

===========================================================================================
----------------- testing Fri Oct 16 15:49:11 UTC 2020 /home/travis/build/icyphy/ptII/ptolemy/actor/lib/test/auto/DiscreteClock6.xml
----------------- Instantiating /home/travis/build/icyphy/ptII/ptolemy/actor/lib/test/auto/DiscreteClock6.xml
1 ms. Memory: 453632K Free: 153972K (34%)
----------------- Invoking toplevel() on ptolemy.moml.MoMLSimpleApplication@74256d2a
----------------- Done invoking toplevel() on ptolemy.moml.MoMLSimpleApplication@74256d2a
reloadAllAccessors: .DiscreteClock6

===========================================================================================
----------------- testing Fri Oct 16 15:49:11 UTC 2020 /home/travis/build/icyphy/ptII/ptolemy/actor/lib/test/auto/DiscreteClock7.xml
----------------- Instantiating /home/travis/build/icyphy/ptII/ptolemy/actor/lib/test/auto/DiscreteClock7.xml
1 ms. Memory: 453632K Free: 148866K (33%)
----------------- Invoking toplevel() on ptolemy.moml.MoMLSimpleApplication@4ef5165b
----------------- Done invoking toplevel() on ptolemy.moml.MoMLSimpleApplication@4ef5165b
reloadAllAccessors: .DiscreteClock7

===========================================================================================
----------------- testing Fri Oct 16 15:49:11 UTC 2020 /home/travis/build/icyphy/ptII/ptolemy/actor/lib/test/auto/DiscreteClock8.xml
----------------- Instantiating /home/travis/build/icyphy/ptII/ptolemy/actor/lib/test/auto/DiscreteClock8.xml
1 ms. Memory: 453632K Free: 143236K (32%)
----------------- Invoking toplevel() on ptolemy.moml.MoMLSimpleApplication@72cf1a08
----------------- Done invoking toplevel() on ptolemy.moml.MoMLSimpleApplication@72cf1a08
reloadAllAccessors: .DiscreteClock8

===========================================================================================
----------------- testing Fri Oct 16 15:49:11 UTC 2020 /home/travis/build/icyphy/ptII/ptolemy/actor/lib/test/auto/DiscreteClock9.xml
----------------- Instantiating /home/travis/build/icyphy/ptII/ptolemy/actor/lib/test/auto/DiscreteClock9.xml
4 ms. Memory: 453632K Free: 137602K (30%)
----------------- Invoking toplevel() on ptolemy.moml.MoMLSimpleApplication@32aff327
----------------- Done invoking toplevel() on ptolemy.moml.MoMLSimpleApplication@32aff327
reloadAllAccessors: .DiscreteClock9

===========================================================================================
----------------- testing Fri Oct 16 15:49:11 UTC 2020 /home/travis/build/icyphy/ptII/ptolemy/actor/lib/test/auto/DisplayArray.xml
----------------- Instantiating /home/travis/build/icyphy/ptII/ptolemy/actor/lib/test/auto/DisplayArray.xml
1 ms. Memory: 453632K Free: 398303K (88%)
----------------- Invoking toplevel() on ptolemy.moml.MoMLSimpleApplication@7bb16b63
----------------- Done invoking toplevel() on ptolemy.moml.MoMLSimpleApplication@7bb16b63
reloadAllAccessors: .DisplayArray

===========================================================================================
----------------- testing Fri Oct 16 15:49:11 UTC 2020 /home/travis/build/icyphy/ptII/ptolemy/actor/lib/test/auto/Distributor.xml
----------------- Instantiating /home/travis/build/icyphy/ptII/ptolemy/actor/lib/test/auto/Distributor.xml
1 ms. Memory: 453632K Free: 393214K (87%)
----------------- Invoking toplevel() on ptolemy.moml.MoMLSimpleApplication@1d77f799
----------------- Done invoking toplevel() on ptolemy.moml.MoMLSimpleApplication@1d77f799
reloadAllAccessors: .Distributor

===========================================================================================
----------------- testing Fri Oct 16 15:49:11 UTC 2020 /home/travis/build/icyphy/ptII/ptolemy/actor/lib/test/auto/Distributor2.xml
----------------- Instantiating /home/travis/build/icyphy/ptII/ptolemy/actor/lib/test/auto/Distributor2.xml
1 ms. Memory: 453632K Free: 388608K (86%)
----------------- Invoking toplevel() on ptolemy.moml.MoMLSimpleApplication@4526b4a3
----------------- Done invoking toplevel() on ptolemy.moml.MoMLSimpleApplication@4526b4a3
reloadAllAccessors: .Distributor2

===========================================================================================
----------------- testing Fri Oct 16 15:49:11 UTC 2020 /home/travis/build/icyphy/ptII/ptolemy/actor/lib/test/auto/DownSample.xml
----------------- Instantiating /home/travis/build/icyphy/ptII/ptolemy/actor/lib/test/auto/DownSample.xml
1 ms. Memory: 453632K Free: 383488K (85%)
----------------- Invoking toplevel() on ptolemy.moml.MoMLSimpleApplication@e970068
----------------- Done invoking toplevel() on ptolemy.moml.MoMLSimpleApplication@e970068
reloadAllAccessors: .DownSample

===========================================================================================
----------------- testing Fri Oct 16 15:49:11 UTC 2020 /home/travis/build/icyphy/ptII/ptolemy/actor/lib/test/auto/ElectronicUnitBase1.xml
----------------- Instantiating /home/travis/build/icyphy/ptII/ptolemy/actor/lib/test/auto/ElectronicUnitBase1.xml
14 ms. Memory: 453632K Free: 367614K (81%)
----------------- Invoking toplevel() on ptolemy.moml.MoMLSimpleApplication@616f7961
----------------- Done invoking toplevel() on ptolemy.moml.MoMLSimpleApplication@616f7961
reloadAllAccessors: .ElectronicUnitBase1

===========================================================================================
----------------- testing Fri Oct 16 15:49:11 UTC 2020 /home/travis/build/icyphy/ptII/ptolemy/actor/lib/test/auto/ElementsToArray.xml
----------------- Instantiating /home/travis/build/icyphy/ptII/ptolemy/actor/lib/test/auto/ElementsToArray.xml
2 ms. Memory: 453632K Free: 362494K (80%)
----------------- Invoking toplevel() on ptolemy.moml.MoMLSimpleApplication@2d61741c
----------------- Done invoking toplevel() on ptolemy.moml.MoMLSimpleApplication@2d61741c
reloadAllAccessors: .ElementsToArray

===========================================================================================
----------------- testing Fri Oct 16 15:49:11 UTC 2020 /home/travis/build/icyphy/ptII/ptolemy/actor/lib/test/auto/Equals.xml
----------------- Instantiating /home/travis/build/icyphy/ptII/ptolemy/actor/lib/test/auto/Equals.xml
2 ms. Memory: 453632K Free: 358398K (79%)
----------------- Invoking toplevel() on ptolemy.moml.MoMLSimpleApplication@648679a3
----------------- Done invoking toplevel() on ptolemy.moml.MoMLSimpleApplication@648679a3
reloadAllAccessors: .Equals

===========================================================================================
----------------- testing Fri Oct 16 15:49:11 UTC 2020 /home/travis/build/icyphy/ptII/ptolemy/actor/lib/test/auto/Exec.xml
----------------- Instantiating /home/travis/build/icyphy/ptII/ptolemy/actor/lib/test/auto/Exec.xml
14 ms. Memory: 453632K Free: 352254K (78%)
----------------- Invoking toplevel() on ptolemy.moml.MoMLSimpleApplication@3facdf2d
----------------- Done invoking toplevel() on ptolemy.moml.MoMLSimpleApplication@3facdf2d
reloadAllAccessors: .Exec

===========================================================================================
----------------- testing Fri Oct 16 15:49:11 UTC 2020 /home/travis/build/icyphy/ptII/ptolemy/actor/lib/test/auto/ExecEnvironment.xml
----------------- Instantiating /home/travis/build/icyphy/ptII/ptolemy/actor/lib/test/auto/ExecEnvironment.xml
17 ms. Memory: 453632K Free: 347103K (77%)
----------------- Invoking toplevel() on ptolemy.moml.MoMLSimpleApplication@339461cf
----------------- Done invoking toplevel() on ptolemy.moml.MoMLSimpleApplication@339461cf
reloadAllAccessors: .ExecEnvironment

===========================================================================================
----------------- testing Fri Oct 16 15:49:11 UTC 2020 /home/travis/build/icyphy/ptII/ptolemy/actor/lib/test/auto/ExecNonZeroReturnOutput.xml
----------------- Instantiating /home/travis/build/icyphy/ptII/ptolemy/actor/lib/test/auto/ExecNonZeroReturnOutput.xml
149 ms. Memory: 453632K Free: 335870K (74%)
----------------- Invoking toplevel() on ptolemy.moml.MoMLSimpleApplication@36a86136
----------------- Done invoking toplevel() on ptolemy.moml.MoMLSimpleApplication@36a86136
reloadAllAccessors: .ExecNonZeroReturnOutput

===========================================================================================
----------------- testing Fri Oct 16 15:49:11 UTC 2020 /home/travis/build/icyphy/ptII/ptolemy/actor/lib/test/auto/ExecRunDemos.xml
----------------- Instantiating /home/travis/build/icyphy/ptII/ptolemy/actor/lib/test/auto/ExecRunDemos.xml
Finished: 70 ms. Memory: 129024K Free: 112065K (87%)

Finished: 59 ms. Memory: 129024K Free: 109583K (85%)

Finished: 66 ms. Memory: 129024K Free: 109587K (85%)

Finished: 85 ms. Memory: 129024K Free: 111272K (86%)

Finished: 52 ms. Memory: 129024K Free: 111926K (87%)

9803 ms. Memory: 453632K Free: 314878K (69%)
----------------- Invoking toplevel() on ptolemy.moml.MoMLSimpleApplication@30a7b0d9
----------------- Done invoking toplevel() on ptolemy.moml.MoMLSimpleApplication@30a7b0d9
reloadAllAccessors: .ExecRunDemos

===========================================================================================
----------------- testing Fri Oct 16 15:49:21 UTC 2020 /home/travis/build/icyphy/ptII/ptolemy/actor/lib/test/auto/ExecStop.xml
----------------- Instantiating /home/travis/build/icyphy/ptII/ptolemy/actor/lib/test/auto/ExecStop.xml
5021 ms. Memory: 453632K Free: 196606K (43%)
----------------- Invoking toplevel() on ptolemy.moml.MoMLSimpleApplication@438e398a
----------------- Done invoking toplevel() on ptolemy.moml.MoMLSimpleApplication@438e398a
reloadAllAccessors: .ExecStop

===========================================================================================
----------------- testing Fri Oct 16 15:49:26 UTC 2020 /home/travis/build/icyphy/ptII/ptolemy/actor/lib/test/auto/ExecutionTimeSDF.xml
----------------- Instantiating /home/travis/build/icyphy/ptII/ptolemy/actor/lib/test/auto/ExecutionTimeSDF.xml
Fired ExecutionTime: -502567296
Fired ExecutionTime: 1351600000
Fired ExecutionTime: -165767296
6005 ms. Memory: 453632K Free: 184303K (41%)
----------------- Invoking toplevel() on ptolemy.moml.MoMLSimpleApplication@1403e38d
----------------- Done invoking toplevel() on ptolemy.moml.MoMLSimpleApplication@1403e38d
reloadAllAccessors: .ExecutionTimeSDF

===========================================================================================
----------------- testing Fri Oct 16 15:49:32 UTC 2020 /home/travis/build/icyphy/ptII/ptolemy/actor/lib/test/auto/Expression1.xml
----------------- Instantiating /home/travis/build/icyphy/ptII/ptolemy/actor/lib/test/auto/Expression1.xml
2 ms. Memory: 453632K Free: 180222K (40%)
----------------- Invoking toplevel() on ptolemy.moml.MoMLSimpleApplication@7fd2ef4d
----------------- Done invoking toplevel() on ptolemy.moml.MoMLSimpleApplication@7fd2ef4d
reloadAllAccessors: .Expression1

===========================================================================================
----------------- testing Fri Oct 16 15:49:32 UTC 2020 /home/travis/build/icyphy/ptII/ptolemy/actor/lib/test/auto/Expression10.xml
----------------- Instantiating /home/travis/build/icyphy/ptII/ptolemy/actor/lib/test/auto/Expression10.xml
6 ms. Memory: 453632K Free: 174592K (38%)
----------------- Invoking toplevel() on ptolemy.moml.MoMLSimpleApplication@3852c091
----------------- Done invoking toplevel() on ptolemy.moml.MoMLSimpleApplication@3852c091
reloadAllAccessors: .Expression10

===========================================================================================
----------------- testing Fri Oct 16 15:49:32 UTC 2020 /home/travis/build/icyphy/ptII/ptolemy/actor/lib/test/auto/Expression11.xml
----------------- Instantiating /home/travis/build/icyphy/ptII/ptolemy/actor/lib/test/auto/Expression11.xml
1 ms. Memory: 453632K Free: 170496K (38%)
----------------- Invoking toplevel() on ptolemy.moml.MoMLSimpleApplication@2da3c2df
----------------- Done invoking toplevel() on ptolemy.moml.MoMLSimpleApplication@2da3c2df
reloadAllAccessors: .Expression11

===========================================================================================
----------------- testing Fri Oct 16 15:49:32 UTC 2020 /home/travis/build/icyphy/ptII/ptolemy/actor/lib/test/auto/Expression12.xml
----------------- Instantiating /home/travis/build/icyphy/ptII/ptolemy/actor/lib/test/auto/Expression12.xml
2 ms. Memory: 453632K Free: 164862K (36%)
----------------- Invoking toplevel() on ptolemy.moml.MoMLSimpleApplication@357de52c
----------------- Done invoking toplevel() on ptolemy.moml.MoMLSimpleApplication@357de52c
reloadAllAccessors: .Expression12

===========================================================================================
----------------- testing Fri Oct 16 15:49:32 UTC 2020 /home/travis/build/icyphy/ptII/ptolemy/actor/lib/test/auto/Expression13.xml
----------------- Instantiating /home/travis/build/icyphy/ptII/ptolemy/actor/lib/test/auto/Expression13.xml
2 ms. Memory: 453632K Free: 160256K (35%)
----------------- Invoking toplevel() on ptolemy.moml.MoMLSimpleApplication@59ac624c
----------------- Done invoking toplevel() on ptolemy.moml.MoMLSimpleApplication@59ac624c
reloadAllAccessors: .Expression13

===========================================================================================
----------------- testing Fri Oct 16 15:49:32 UTC 2020 /home/travis/build/icyphy/ptII/ptolemy/actor/lib/test/auto/Expression14.xml
----------------- Instantiating /home/travis/build/icyphy/ptII/ptolemy/actor/lib/test/auto/Expression14.xml
7 ms. Memory: 453632K Free: 154112K (34%)
----------------- Invoking toplevel() on ptolemy.moml.MoMLSimpleApplication@7bdbd5cb
----------------- Done invoking toplevel() on ptolemy.moml.MoMLSimpleApplication@7bdbd5cb
reloadAllAccessors: .Expression14

===========================================================================================
----------------- testing Fri Oct 16 15:49:32 UTC 2020 /home/travis/build/icyphy/ptII/ptolemy/actor/lib/test/auto/Expression15.xml
----------------- Instantiating /home/travis/build/icyphy/ptII/ptolemy/actor/lib/test/auto/Expression15.xml
1 ms. Memory: 453632K Free: 150526K (33%)
----------------- Invoking toplevel() on ptolemy.moml.MoMLSimpleApplication@2be64808
----------------- Done invoking toplevel() on ptolemy.moml.MoMLSimpleApplication@2be64808
reloadAllAccessors: .Expression15

===========================================================================================
----------------- testing Fri Oct 16 15:49:32 UTC 2020 /home/travis/build/icyphy/ptII/ptolemy/actor/lib/test/auto/Expression16.xml
----------------- Instantiating /home/travis/build/icyphy/ptII/ptolemy/actor/lib/test/auto/Expression16.xml
2 ms. Memory: 453632K Free: 145406K (32%)
----------------- Invoking toplevel() on ptolemy.moml.MoMLSimpleApplication@310d0c7d
----------------- Done invoking toplevel() on ptolemy.moml.MoMLSimpleApplication@310d0c7d
reloadAllAccessors: .Expression16

===========================================================================================
----------------- testing Fri Oct 16 15:49:32 UTC 2020 /home/travis/build/icyphy/ptII/ptolemy/actor/lib/test/auto/Expression17.xml
----------------- Instantiating /home/travis/build/icyphy/ptII/ptolemy/actor/lib/test/auto/Expression17.xml
3 ms. Memory: 453632K Free: 140286K (31%)
----------------- Invoking toplevel() on ptolemy.moml.MoMLSimpleApplication@69e5c180
----------------- Done invoking toplevel() on ptolemy.moml.MoMLSimpleApplication@69e5c180
reloadAllAccessors: .Expression17

===========================================================================================
----------------- testing Fri Oct 16 15:49:32 UTC 2020 /home/travis/build/icyphy/ptII/ptolemy/actor/lib/test/auto/Expression18.xml
----------------- Instantiating /home/travis/build/icyphy/ptII/ptolemy/actor/lib/test/auto/Expression18.xml
2 ms. Memory: 453632K Free: 135678K (30%)
----------------- Invoking toplevel() on ptolemy.moml.MoMLSimpleApplication@30e090ed
----------------- Done invoking toplevel() on ptolemy.moml.MoMLSimpleApplication@30e090ed
reloadAllAccessors: .Expression18

===========================================================================================
----------------- testing Fri Oct 16 15:49:32 UTC 2020 /home/travis/build/icyphy/ptII/ptolemy/actor/lib/test/auto/Expression2.xml
----------------- Instantiating /home/travis/build/icyphy/ptII/ptolemy/actor/lib/test/auto/Expression2.xml
2 ms. Memory: 453632K Free: 397457K (88%)
----------------- Invoking toplevel() on ptolemy.moml.MoMLSimpleApplication@64da6ea0
----------------- Done invoking toplevel() on ptolemy.moml.MoMLSimpleApplication@64da6ea0
reloadAllAccessors: .Expression2

===========================================================================================
----------------- testing Fri Oct 16 15:49:32 UTC 2020 /home/travis/build/icyphy/ptII/ptolemy/actor/lib/test/auto/Expression3.xml
----------------- Instantiating /home/travis/build/icyphy/ptII/ptolemy/actor/lib/test/auto/Expression3.xml
2 ms. Memory: 453632K Free: 392337K (86%)
----------------- Invoking toplevel() on ptolemy.moml.MoMLSimpleApplication@7882643e
----------------- Done invoking toplevel() on ptolemy.moml.MoMLSimpleApplication@7882643e
reloadAllAccessors: .Expression3

===========================================================================================
----------------- testing Fri Oct 16 15:49:32 UTC 2020 /home/travis/build/icyphy/ptII/ptolemy/actor/lib/test/auto/Expression4.xml
----------------- Instantiating /home/travis/build/icyphy/ptII/ptolemy/actor/lib/test/auto/Expression4.xml
3 ms. Memory: 453632K Free: 384655K (85%)
----------------- Invoking toplevel() on ptolemy.moml.MoMLSimpleApplication@5c5ceefe
----------------- Done invoking toplevel() on ptolemy.moml.MoMLSimpleApplication@5c5ceefe
reloadAllAccessors: .Expression4

===========================================================================================
----------------- testing Fri Oct 16 15:49:32 UTC 2020 /home/travis/build/icyphy/ptII/ptolemy/actor/lib/test/auto/Expression5.xml
----------------- Instantiating /home/travis/build/icyphy/ptII/ptolemy/actor/lib/test/auto/Expression5.xml
1 ms. Memory: 453632K Free: 380049K (84%)
----------------- Invoking toplevel() on ptolemy.moml.MoMLSimpleApplication@bbd6b8e
----------------- Done invoking toplevel() on ptolemy.moml.MoMLSimpleApplication@bbd6b8e
reloadAllAccessors: .Expression5

===========================================================================================
----------------- testing Fri Oct 16 15:49:32 UTC 2020 /home/travis/build/icyphy/ptII/ptolemy/actor/lib/test/auto/Expression6.xml
----------------- Instantiating /home/travis/build/icyphy/ptII/ptolemy/actor/lib/test/auto/Expression6.xml
2 ms. Memory: 453632K Free: 375439K (83%)
----------------- Invoking toplevel() on ptolemy.moml.MoMLSimpleApplication@5f3d326a
----------------- Done invoking toplevel() on ptolemy.moml.MoMLSimpleApplication@5f3d326a
reloadAllAccessors: .Expression6

===========================================================================================
----------------- testing Fri Oct 16 15:49:32 UTC 2020 /home/travis/build/icyphy/ptII/ptolemy/actor/lib/test/auto/Expression7.xml
----------------- Instantiating /home/travis/build/icyphy/ptII/ptolemy/actor/lib/test/auto/Expression7.xml
1 ms. Memory: 453632K Free: 370319K (82%)
----------------- Invoking toplevel() on ptolemy.moml.MoMLSimpleApplication@249f8efa
----------------- Done invoking toplevel() on ptolemy.moml.MoMLSimpleApplication@249f8efa
reloadAllAccessors: .Expression7

===========================================================================================
----------------- testing Fri Oct 16 15:49:32 UTC 2020 /home/travis/build/icyphy/ptII/ptolemy/actor/lib/test/auto/Expression8.xml
----------------- Instantiating /home/travis/build/icyphy/ptII/ptolemy/actor/lib/test/auto/Expression8.xml
3 ms. Memory: 453632K Free: 365713K (81%)
----------------- Invoking toplevel() on ptolemy.moml.MoMLSimpleApplication@245abe1a
----------------- Done invoking toplevel() on ptolemy.moml.MoMLSimpleApplication@245abe1a
reloadAllAccessors: .Expression8

===========================================================================================
----------------- testing Fri Oct 16 15:49:32 UTC 2020 /home/travis/build/icyphy/ptII/ptolemy/actor/lib/test/auto/Expression9.xml
----------------- Instantiating /home/travis/build/icyphy/ptII/ptolemy/actor/lib/test/auto/Expression9.xml
1 ms. Memory: 453632K Free: 361617K (80%)
----------------- Invoking toplevel() on ptolemy.moml.MoMLSimpleApplication@5d3d16cb
----------------- Done invoking toplevel() on ptolemy.moml.MoMLSimpleApplication@5d3d16cb
reloadAllAccessors: .Expression9

===========================================================================================
----------------- testing Fri Oct 16 15:49:32 UTC 2020 /home/travis/build/icyphy/ptII/ptolemy/actor/lib/test/auto/ExpressionConcatenateArrayType.xml
----------------- Instantiating /home/travis/build/icyphy/ptII/ptolemy/actor/lib/test/auto/ExpressionConcatenateArrayType.xml
2 ms. Memory: 453632K Free: 355473K (78%)
----------------- Invoking toplevel() on ptolemy.moml.MoMLSimpleApplication@31a8a087
----------------- Done invoking toplevel() on ptolemy.moml.MoMLSimpleApplication@31a8a087
reloadAllAccessors: .ExpressionConcatenateArrayType

===========================================================================================
----------------- testing Fri Oct 16 15:49:32 UTC 2020 /home/travis/build/icyphy/ptII/ptolemy/actor/lib/test/auto/ExpressionConcatenateArrayType2.xml
----------------- Instantiating /home/travis/build/icyphy/ptII/ptolemy/actor/lib/test/auto/ExpressionConcatenateArrayType2.xml
2 ms. Memory: 453632K Free: 349839K (77%)
----------------- Invoking toplevel() on ptolemy.moml.MoMLSimpleApplication@b8b82
----------------- Done invoking toplevel() on ptolemy.moml.MoMLSimpleApplication@b8b82
reloadAllAccessors: .ExpressionConcatenateArrayType2

===========================================================================================
----------------- testing Fri Oct 16 15:49:32 UTC 2020 /home/travis/build/icyphy/ptII/ptolemy/actor/lib/test/auto/ExpressionFix.xml
----------------- Instantiating /home/travis/build/icyphy/ptII/ptolemy/actor/lib/test/auto/ExpressionFix.xml
9 ms. Memory: 453632K Free: 343183K (76%)
----------------- Invoking toplevel() on ptolemy.moml.MoMLSimpleApplication@79580be8
----------------- Done invoking toplevel() on ptolemy.moml.MoMLSimpleApplication@79580be8
reloadAllAccessors: .ExpressionFix

===========================================================================================
----------------- testing Fri Oct 16 15:49:32 UTC 2020 /home/travis/build/icyphy/ptII/ptolemy/actor/lib/test/auto/ExpressionFix2.xml
----------------- Instantiating /home/travis/build/icyphy/ptII/ptolemy/actor/lib/test/auto/ExpressionFix2.xml
4 ms. Memory: 453632K Free: 339599K (75%)
----------------- Invoking toplevel() on ptolemy.moml.MoMLSimpleApplication@5fb04f55
----------------- Done invoking toplevel() on ptolemy.moml.MoMLSimpleApplication@5fb04f55
reloadAllAccessors: .ExpressionFix2

===========================================================================================
----------------- testing Fri Oct 16 15:49:32 UTC 2020 /home/travis/build/icyphy/ptII/ptolemy/actor/lib/test/auto/ExpressionFix3.xml
----------------- Instantiating /home/travis/build/icyphy/ptII/ptolemy/actor/lib/test/auto/ExpressionFix3.xml
2 ms. Memory: 453632K Free: 334993K (74%)
----------------- Invoking toplevel() on ptolemy.moml.MoMLSimpleApplication@76f0762c
----------------- Done invoking toplevel() on ptolemy.moml.MoMLSimpleApplication@76f0762c
reloadAllAccessors: .ExpressionFix3

===========================================================================================
----------------- testing Fri Oct 16 15:49:32 UTC 2020 /home/travis/build/icyphy/ptII/ptolemy/actor/lib/test/auto/FileWriter1.xml
----------------- Instantiating /home/travis/build/icyphy/ptII/ptolemy/actor/lib/test/auto/FileWriter1.xml
2 ms. Memory: 453632K Free: 330897K (73%)
----------------- Invoking toplevel() on ptolemy.moml.MoMLSimpleApplication@2d83b462
----------------- Done invoking toplevel() on ptolemy.moml.MoMLSimpleApplication@2d83b462
reloadAllAccessors: .FileWriter1

===========================================================================================
----------------- testing Fri Oct 16 15:49:32 UTC 2020 /home/travis/build/icyphy/ptII/ptolemy/actor/lib/test/auto/FileWriter2.xml
----------------- Instantiating /home/travis/build/icyphy/ptII/ptolemy/actor/lib/test/auto/FileWriter2.xml
4 ms. Memory: 453632K Free: 326801K (72%)
----------------- Invoking toplevel() on ptolemy.moml.MoMLSimpleApplication@3689b5eb
----------------- Done invoking toplevel() on ptolemy.moml.MoMLSimpleApplication@3689b5eb
reloadAllAccessors: .FileWriter2

===========================================================================================
----------------- testing Fri Oct 16 15:49:33 UTC 2020 /home/travis/build/icyphy/ptII/ptolemy/actor/lib/test/auto/FileWriter3.xml
----------------- Instantiating /home/travis/build/icyphy/ptII/ptolemy/actor/lib/test/auto/FileWriter3.xml
3 ms. Memory: 453632K Free: 322705K (71%)
----------------- Invoking toplevel() on ptolemy.moml.MoMLSimpleApplication@fc87444
----------------- Done invoking toplevel() on ptolemy.moml.MoMLSimpleApplication@fc87444
reloadAllAccessors: .FileWriter3

===========================================================================================
----------------- testing Fri Oct 16 15:49:33 UTC 2020 /home/travis/build/icyphy/ptII/ptolemy/actor/lib/test/auto/Gaussian.xml
----------------- Instantiating /home/travis/build/icyphy/ptII/ptolemy/actor/lib/test/auto/Gaussian.xml
3 ms. Memory: 453632K Free: 318609K (70%)
----------------- Invoking toplevel() on ptolemy.moml.MoMLSimpleApplication@5585be1a
----------------- Done invoking toplevel() on ptolemy.moml.MoMLSimpleApplication@5585be1a
reloadAllAccessors: .Gaussian

===========================================================================================
----------------- testing Fri Oct 16 15:49:33 UTC 2020 /home/travis/build/icyphy/ptII/ptolemy/actor/lib/test/auto/Gaussian1.xml
----------------- Instantiating /home/travis/build/icyphy/ptII/ptolemy/actor/lib/test/auto/Gaussian1.xml
4 ms. Memory: 453632K Free: 312961K (69%)
----------------- Invoking toplevel() on ptolemy.moml.MoMLSimpleApplication@96036e
----------------- Done invoking toplevel() on ptolemy.moml.MoMLSimpleApplication@96036e
reloadAllAccessors: .Gaussian1

===========================================================================================
----------------- testing Fri Oct 16 15:49:33 UTC 2020 /home/travis/build/icyphy/ptII/ptolemy/actor/lib/test/auto/Gaussian2.xml
----------------- Instantiating /home/travis/build/icyphy/ptII/ptolemy/actor/lib/test/auto/Gaussian2.xml
1 ms. Memory: 453632K Free: 307345K (68%)
----------------- Invoking toplevel() on ptolemy.moml.MoMLSimpleApplication@2be0acc8
----------------- Done invoking toplevel() on ptolemy.moml.MoMLSimpleApplication@2be0acc8
reloadAllAccessors: .Gaussian2

===========================================================================================
----------------- testing Fri Oct 16 15:49:33 UTC 2020 /home/travis/build/icyphy/ptII/ptolemy/actor/lib/test/auto/GradientAdaptiveLattice.xml
----------------- Instantiating /home/travis/build/icyphy/ptII/ptolemy/actor/lib/test/auto/GradientAdaptiveLattice.xml
2 ms. Memory: 453632K Free: 302735K (67%)
----------------- Invoking toplevel() on ptolemy.moml.MoMLSimpleApplication@5b28b565
----------------- Done invoking toplevel() on ptolemy.moml.MoMLSimpleApplication@5b28b565
reloadAllAccessors: .GradientAdaptiveLattice

===========================================================================================
----------------- testing Fri Oct 16 15:49:33 UTC 2020 /home/travis/build/icyphy/ptII/ptolemy/actor/lib/test/auto/IIR.xml
----------------- Instantiating /home/travis/build/icyphy/ptII/ptolemy/actor/lib/test/auto/IIR.xml
1 ms. Memory: 453632K Free: 298129K (66%)
----------------- Invoking toplevel() on ptolemy.moml.MoMLSimpleApplication@569bf00e
----------------- Done invoking toplevel() on ptolemy.moml.MoMLSimpleApplication@569bf00e
reloadAllAccessors: .IIR

===========================================================================================
----------------- testing Fri Oct 16 15:49:33 UTC 2020 /home/travis/build/icyphy/ptII/ptolemy/actor/lib/test/auto/InputOutputTransparentPorts.xml
----------------- Instantiating /home/travis/build/icyphy/ptII/ptolemy/actor/lib/test/auto/InputOutputTransparentPorts.xml
2 ms. Memory: 453632K Free: 290447K (64%)
----------------- Invoking toplevel() on ptolemy.moml.MoMLSimpleApplication@3f6e08a1
----------------- Done invoking toplevel() on ptolemy.moml.MoMLSimpleApplication@3f6e08a1
reloadAllAccessors: .InputOutputTransparentPorts

===========================================================================================
----------------- testing Fri Oct 16 15:49:33 UTC 2020 /home/travis/build/icyphy/ptII/ptolemy/actor/lib/test/auto/Interpolator.xml
----------------- Instantiating /home/travis/build/icyphy/ptII/ptolemy/actor/lib/test/auto/Interpolator.xml
3 ms. Memory: 453632K Free: 286351K (63%)
----------------- Invoking toplevel() on ptolemy.moml.MoMLSimpleApplication@611bd9bd
----------------- Done invoking toplevel() on ptolemy.moml.MoMLSimpleApplication@611bd9bd
reloadAllAccessors: .Interpolator

===========================================================================================
----------------- testing Fri Oct 16 15:49:33 UTC 2020 /home/travis/build/icyphy/ptII/ptolemy/actor/lib/test/auto/InterpolatorFiringLimitDE.xml
----------------- Instantiating /home/travis/build/icyphy/ptII/ptolemy/actor/lib/test/auto/InterpolatorFiringLimitDE.xml
1 ms. Memory: 453632K Free: 280207K (62%)
----------------- Invoking toplevel() on ptolemy.moml.MoMLSimpleApplication@57794995
----------------- Done invoking toplevel() on ptolemy.moml.MoMLSimpleApplication@57794995
reloadAllAccessors: .InterpolatorFiringLimitDE

===========================================================================================
----------------- testing Fri Oct 16 15:49:33 UTC 2020 /home/travis/build/icyphy/ptII/ptolemy/actor/lib/test/auto/Lattice.xml
----------------- Instantiating /home/travis/build/icyphy/ptII/ptolemy/actor/lib/test/auto/Lattice.xml
0 ms. Memory: 453632K Free: 276111K (61%)
----------------- Invoking toplevel() on ptolemy.moml.MoMLSimpleApplication@344acbc1
----------------- Done invoking toplevel() on ptolemy.moml.MoMLSimpleApplication@344acbc1
reloadAllAccessors: .Lattice

===========================================================================================
----------------- testing Fri Oct 16 15:49:33 UTC 2020 /home/travis/build/icyphy/ptII/ptolemy/actor/lib/test/auto/LazyAOCTestLazy.xml
----------------- Instantiating /home/travis/build/icyphy/ptII/ptolemy/actor/lib/test/auto/LazyAOCTestLazy.xml
6 ms. Memory: 453632K Free: 270481K (60%)
----------------- Invoking toplevel() on ptolemy.moml.MoMLSimpleApplication@47699da3
----------------- Done invoking toplevel() on ptolemy.moml.MoMLSimpleApplication@47699da3
reloadAllAccessors: .LazyAOCTestLazy

===========================================================================================
----------------- testing Fri Oct 16 15:49:33 UTC 2020 /home/travis/build/icyphy/ptII/ptolemy/actor/lib/test/auto/LazyAOCTestNonLazy.xml
----------------- Instantiating /home/travis/build/icyphy/ptII/ptolemy/actor/lib/test/auto/LazyAOCTestNonLazy.xml
1 ms. Memory: 453632K Free: 263823K (58%)
----------------- Invoking toplevel() on ptolemy.moml.MoMLSimpleApplication@18fdad11
----------------- Done invoking toplevel() on ptolemy.moml.MoMLSimpleApplication@18fdad11
reloadAllAccessors: .LazyAOCTestNonLazy

===========================================================================================
----------------- testing Fri Oct 16 15:49:33 UTC 2020 /home/travis/build/icyphy/ptII/ptolemy/actor/lib/test/auto/LazyInnerClass.xml
----------------- Instantiating /home/travis/build/icyphy/ptII/ptolemy/actor/lib/test/auto/LazyInnerClass.xml
16 ms. Memory: 453632K Free: 255121K (56%)
----------------- Invoking toplevel() on ptolemy.moml.MoMLSimpleApplication@42beb93c
----------------- Done invoking toplevel() on ptolemy.moml.MoMLSimpleApplication@42beb93c
reloadAllAccessors: .LazyInnerClass

===========================================================================================
----------------- testing Fri Oct 16 15:49:33 UTC 2020 /home/travis/build/icyphy/ptII/ptolemy/actor/lib/test/auto/LazyPubSub.xml
----------------- Instantiating /home/travis/build/icyphy/ptII/ptolemy/actor/lib/test/auto/LazyPubSub.xml
19 ms. Memory: 453632K Free: 245391K (54%)
----------------- Invoking toplevel() on ptolemy.moml.MoMLSimpleApplication@11e3ff41
----------------- Done invoking toplevel() on ptolemy.moml.MoMLSimpleApplication@11e3ff41
reloadAllAccessors: .LazyPubSub

===========================================================================================
----------------- testing Fri Oct 16 15:49:33 UTC 2020 /home/travis/build/icyphy/ptII/ptolemy/actor/lib/test/auto/LazyPubSub2.xml
----------------- Instantiating /home/travis/build/icyphy/ptII/ptolemy/actor/lib/test/auto/LazyPubSub2.xml
9 ms. Memory: 453632K Free: 235665K (52%)
----------------- Invoking toplevel() on ptolemy.moml.MoMLSimpleApplication@4d01460c
----------------- Done invoking toplevel() on ptolemy.moml.MoMLSimpleApplication@4d01460c
reloadAllAccessors: .LazyPubSub2

===========================================================================================
----------------- testing Fri Oct 16 15:49:33 UTC 2020 /home/travis/build/icyphy/ptII/ptolemy/actor/lib/test/auto/LazyPubSub3.xml
----------------- Instantiating /home/travis/build/icyphy/ptII/ptolemy/actor/lib/test/auto/LazyPubSub3.xml
10 ms. Memory: 453632K Free: 225425K (50%)
----------------- Invoking toplevel() on ptolemy.moml.MoMLSimpleApplication@397df080
----------------- Done invoking toplevel() on ptolemy.moml.MoMLSimpleApplication@397df080
reloadAllAccessors: .LazyPubSub3

===========================================================================================
----------------- testing Fri Oct 16 15:49:33 UTC 2020 /home/travis/build/icyphy/ptII/ptolemy/actor/lib/test/auto/LazySubClassModel.xml
----------------- Instantiating /home/travis/build/icyphy/ptII/ptolemy/actor/lib/test/auto/LazySubClassModel.xml
2 ms. Memory: 453632K Free: 216719K (48%)
----------------- Invoking toplevel() on ptolemy.moml.MoMLSimpleApplication@7ea9f389
----------------- Done invoking toplevel() on ptolemy.moml.MoMLSimpleApplication@7ea9f389
reloadAllAccessors: .LazySubClassModel

===========================================================================================
----------------- testing Fri Oct 16 15:49:33 UTC 2020 /home/travis/build/icyphy/ptII/ptolemy/actor/lib/test/auto/LevelCrossTest1.xml
----------------- Instantiating /home/travis/build/icyphy/ptII/ptolemy/actor/lib/test/auto/LevelCrossTest1.xml
2 ms. Memory: 453632K Free: 211599K (47%)
----------------- Invoking toplevel() on ptolemy.moml.MoMLSimpleApplication@4a627900
----------------- Done invoking toplevel() on ptolemy.moml.MoMLSimpleApplication@4a627900
reloadAllAccessors: .broken

===========================================================================================
----------------- testing Fri Oct 16 15:49:33 UTC 2020 /home/travis/build/icyphy/ptII/ptolemy/actor/lib/test/auto/LevelCrossTest10.xml
----------------- Instantiating /home/travis/build/icyphy/ptII/ptolemy/actor/lib/test/auto/LevelCrossTest10.xml
1 ms. Memory: 453632K Free: 204431K (45%)
----------------- Invoking toplevel() on ptolemy.moml.MoMLSimpleApplication@2cd5a040
----------------- Done invoking toplevel() on ptolemy.moml.MoMLSimpleApplication@2cd5a040
reloadAllAccessors: .LevelCrossTest10

===========================================================================================
----------------- testing Fri Oct 16 15:49:33 UTC 2020 /home/travis/build/icyphy/ptII/ptolemy/actor/lib/test/auto/LevelCrossTest11.xml
----------------- Instantiating /home/travis/build/icyphy/ptII/ptolemy/actor/lib/test/auto/LevelCrossTest11.xml
1 ms. Memory: 453632K Free: 196753K (43%)
----------------- Invoking toplevel() on ptolemy.moml.MoMLSimpleApplication@25d018d5
----------------- Done invoking toplevel() on ptolemy.moml.MoMLSimpleApplication@25d018d5
reloadAllAccessors: .LevelCrossTest11

===========================================================================================
----------------- testing Fri Oct 16 15:49:33 UTC 2020 /home/travis/build/icyphy/ptII/ptolemy/actor/lib/test/auto/LevelCrossTest12.xml
----------------- Instantiating /home/travis/build/icyphy/ptII/ptolemy/actor/lib/test/auto/LevelCrossTest12.xml
1 ms. Memory: 453632K Free: 190609K (42%)
----------------- Invoking toplevel() on ptolemy.moml.MoMLSimpleApplication@72b69ffc
----------------- Done invoking toplevel() on ptolemy.moml.MoMLSimpleApplication@72b69ffc
reloadAllAccessors: .LevelCrossTest12

===========================================================================================
----------------- testing Fri Oct 16 15:49:33 UTC 2020 /home/travis/build/icyphy/ptII/ptolemy/actor/lib/test/auto/LevelCrossTest13.xml
----------------- Instantiating /home/travis/build/icyphy/ptII/ptolemy/actor/lib/test/auto/LevelCrossTest13.xml
0 ms. Memory: 453632K Free: 182417K (40%)
----------------- Invoking toplevel() on ptolemy.moml.MoMLSimpleApplication@238c4f86
----------------- Done invoking toplevel() on ptolemy.moml.MoMLSimpleApplication@238c4f86
reloadAllAccessors: .LevelCrossTest13

===========================================================================================
----------------- testing Fri Oct 16 15:49:33 UTC 2020 /home/travis/build/icyphy/ptII/ptolemy/actor/lib/test/auto/LevelCrossTest2.xml
----------------- Instantiating /home/travis/build/icyphy/ptII/ptolemy/actor/lib/test/auto/LevelCrossTest2.xml
0 ms. Memory: 453632K Free: 176783K (39%)
----------------- Invoking toplevel() on ptolemy.moml.MoMLSimpleApplication@374aae38
----------------- Done invoking toplevel() on ptolemy.moml.MoMLSimpleApplication@374aae38
reloadAllAccessors: .broken

===========================================================================================
----------------- testing Fri Oct 16 15:49:33 UTC 2020 /home/travis/build/icyphy/ptII/ptolemy/actor/lib/test/auto/LevelCrossTest3.xml
----------------- Instantiating /home/travis/build/icyphy/ptII/ptolemy/actor/lib/test/auto/LevelCrossTest3.xml
1 ms. Memory: 453632K Free: 171153K (38%)
----------------- Invoking toplevel() on ptolemy.moml.MoMLSimpleApplication@7bca6ff5
----------------- Done invoking toplevel() on ptolemy.moml.MoMLSimpleApplication@7bca6ff5
reloadAllAccessors: .LevelCrossTest3

===========================================================================================
----------------- testing Fri Oct 16 15:49:33 UTC 2020 /home/travis/build/icyphy/ptII/ptolemy/actor/lib/test/auto/LevelCrossTest4.xml
----------------- Instantiating /home/travis/build/icyphy/ptII/ptolemy/actor/lib/test/auto/LevelCrossTest4.xml
0 ms. Memory: 453632K Free: 165519K (36%)
----------------- Invoking toplevel() on ptolemy.moml.MoMLSimpleApplication@2d8acd4b
----------------- Done invoking toplevel() on ptolemy.moml.MoMLSimpleApplication@2d8acd4b
reloadAllAccessors: .broken

===========================================================================================
----------------- testing Fri Oct 16 15:49:33 UTC 2020 /home/travis/build/icyphy/ptII/ptolemy/actor/lib/test/auto/LevelCrossTest5.xml
----------------- Instantiating /home/travis/build/icyphy/ptII/ptolemy/actor/lib/test/auto/LevelCrossTest5.xml
3 ms. Memory: 453632K Free: 159375K (35%)
----------------- Invoking toplevel() on ptolemy.moml.MoMLSimpleApplication@6aafd794
----------------- Done invoking toplevel() on ptolemy.moml.MoMLSimpleApplication@6aafd794
reloadAllAccessors: .LevelCrossTest5

===========================================================================================
----------------- testing Fri Oct 16 15:49:33 UTC 2020 /home/travis/build/icyphy/ptII/ptolemy/actor/lib/test/auto/LevelCrossTest6.xml
----------------- Instantiating /home/travis/build/icyphy/ptII/ptolemy/actor/lib/test/auto/LevelCrossTest6.xml
5 ms. Memory: 453632K Free: 153231K (34%)
----------------- Invoking toplevel() on ptolemy.moml.MoMLSimpleApplication@2db799a5
----------------- Done invoking toplevel() on ptolemy.moml.MoMLSimpleApplication@2db799a5
reloadAllAccessors: .LevelCrossTest6

===========================================================================================
----------------- testing Fri Oct 16 15:49:33 UTC 2020 /home/travis/build/icyphy/ptII/ptolemy/actor/lib/test/auto/LevelCrossTest7.xml
----------------- Instantiating /home/travis/build/icyphy/ptII/ptolemy/actor/lib/test/auto/LevelCrossTest7.xml
1 ms. Memory: 453632K Free: 145039K (32%)
----------------- Invoking toplevel() on ptolemy.moml.MoMLSimpleApplication@45185fc2
----------------- Done invoking toplevel() on ptolemy.moml.MoMLSimpleApplication@45185fc2
reloadAllAccessors: .LevelCrossTest7

===========================================================================================
----------------- testing Fri Oct 16 15:49:33 UTC 2020 /home/travis/build/icyphy/ptII/ptolemy/actor/lib/test/auto/LevelCrossTest8.xml
----------------- Instantiating /home/travis/build/icyphy/ptII/ptolemy/actor/lib/test/auto/LevelCrossTest8.xml
7 ms. Memory: 453632K Free: 138385K (31%)
----------------- Invoking toplevel() on ptolemy.moml.MoMLSimpleApplication@7f1758f8
----------------- Done invoking toplevel() on ptolemy.moml.MoMLSimpleApplication@7f1758f8
reloadAllAccessors: .LevelCrossTest8

===========================================================================================
----------------- testing Fri Oct 16 15:49:33 UTC 2020 /home/travis/build/icyphy/ptII/ptolemy/actor/lib/test/auto/LevelCrossTest9.xml
----------------- Instantiating /home/travis/build/icyphy/ptII/ptolemy/actor/lib/test/auto/LevelCrossTest9.xml
1 ms. Memory: 453632K Free: 396993K (88%)
----------------- Invoking toplevel() on ptolemy.moml.MoMLSimpleApplication@5be8a6b6
----------------- Done invoking toplevel() on ptolemy.moml.MoMLSimpleApplication@5be8a6b6
reloadAllAccessors: .LevelCrossTest9

===========================================================================================
----------------- testing Fri Oct 16 15:49:33 UTC 2020 /home/travis/build/icyphy/ptII/ptolemy/actor/lib/test/auto/LevinsonDurbin.xml
----------------- Instantiating /home/travis/build/icyphy/ptII/ptolemy/actor/lib/test/auto/LevinsonDurbin.xml
1 ms. Memory: 453632K Free: 392704K (87%)
----------------- Invoking toplevel() on ptolemy.moml.MoMLSimpleApplication@61678c3b
----------------- Done invoking toplevel() on ptolemy.moml.MoMLSimpleApplication@61678c3b
reloadAllAccessors: .LevinsonDurbin

===========================================================================================
----------------- testing Fri Oct 16 15:49:33 UTC 2020 /home/travis/build/icyphy/ptII/ptolemy/actor/lib/test/auto/LevinsonDurbin2.xml
----------------- Instantiating /home/travis/build/icyphy/ptII/ptolemy/actor/lib/test/auto/LevinsonDurbin2.xml
0 ms. Memory: 453632K Free: 388608K (86%)
----------------- Invoking toplevel() on ptolemy.moml.MoMLSimpleApplication@735d035a
----------------- Done invoking toplevel() on ptolemy.moml.MoMLSimpleApplication@735d035a
reloadAllAccessors: .LevinsonDurbin2

===========================================================================================
----------------- testing Fri Oct 16 15:49:33 UTC 2020 /home/travis/build/icyphy/ptII/ptolemy/actor/lib/test/auto/LevinsonDurbin3.xml
----------------- Instantiating /home/travis/build/icyphy/ptII/ptolemy/actor/lib/test/auto/LevinsonDurbin3.xml
1 ms. Memory: 453632K Free: 385022K (85%)
----------------- Invoking toplevel() on ptolemy.moml.MoMLSimpleApplication@54abe5b3
----------------- Done invoking toplevel() on ptolemy.moml.MoMLSimpleApplication@54abe5b3
reloadAllAccessors: .LevinsonDurbin3

===========================================================================================
----------------- testing Fri Oct 16 15:49:33 UTC 2020 /home/travis/build/icyphy/ptII/ptolemy/actor/lib/test/auto/Limiter.xml
----------------- Instantiating /home/travis/build/icyphy/ptII/ptolemy/actor/lib/test/auto/Limiter.xml
3 ms. Memory: 453632K Free: 375775K (83%)
----------------- Invoking toplevel() on ptolemy.moml.MoMLSimpleApplication@72c21bcc
----------------- Done invoking toplevel() on ptolemy.moml.MoMLSimpleApplication@72c21bcc
reloadAllAccessors: .Limiter

===========================================================================================
----------------- testing Fri Oct 16 15:49:33 UTC 2020 /home/travis/build/icyphy/ptII/ptolemy/actor/lib/test/auto/LinearDifferenceEquationSystem.xml
----------------- Instantiating /home/travis/build/icyphy/ptII/ptolemy/actor/lib/test/auto/LinearDifferenceEquationSystem.xml
3 ms. Memory: 453632K Free: 368638K (81%)
----------------- Invoking toplevel() on ptolemy.moml.MoMLSimpleApplication@592ba413
----------------- Done invoking toplevel() on ptolemy.moml.MoMLSimpleApplication@592ba413
reloadAllAccessors: .LinearDifferenceEquationSystem

===========================================================================================
----------------- testing Fri Oct 16 15:49:33 UTC 2020 /home/travis/build/icyphy/ptII/ptolemy/actor/lib/test/auto/LookupTable.xml
----------------- Instantiating /home/travis/build/icyphy/ptII/ptolemy/actor/lib/test/auto/LookupTable.xml
1 ms. Memory: 453632K Free: 364032K (80%)
----------------- Invoking toplevel() on ptolemy.moml.MoMLSimpleApplication@1dc19dbd
----------------- Done invoking toplevel() on ptolemy.moml.MoMLSimpleApplication@1dc19dbd
reloadAllAccessors: .LookupTable

===========================================================================================
----------------- testing Fri Oct 16 15:49:33 UTC 2020 /home/travis/build/icyphy/ptII/ptolemy/actor/lib/test/auto/MathFunction.xml
----------------- Instantiating /home/travis/build/icyphy/ptII/ptolemy/actor/lib/test/auto/MathFunction.xml
2 ms. Memory: 453632K Free: 356350K (79%)
----------------- Invoking toplevel() on ptolemy.moml.MoMLSimpleApplication@220cb95e
----------------- Done invoking toplevel() on ptolemy.moml.MoMLSimpleApplication@220cb95e
reloadAllAccessors: .MathFunction

===========================================================================================
----------------- testing Fri Oct 16 15:49:33 UTC 2020 /home/travis/build/icyphy/ptII/ptolemy/actor/lib/test/auto/MathFunction2.xml
----------------- Instantiating /home/travis/build/icyphy/ptII/ptolemy/actor/lib/test/auto/MathFunction2.xml
3 ms. Memory: 453632K Free: 352254K (78%)
----------------- Invoking toplevel() on ptolemy.moml.MoMLSimpleApplication@31c3c004
----------------- Done invoking toplevel() on ptolemy.moml.MoMLSimpleApplication@31c3c004
reloadAllAccessors: .MathFunction2

===========================================================================================
----------------- testing Fri Oct 16 15:49:33 UTC 2020 /home/travis/build/icyphy/ptII/ptolemy/actor/lib/test/auto/MathFunction3.xml
----------------- Instantiating /home/travis/build/icyphy/ptII/ptolemy/actor/lib/test/auto/MathFunction3.xml
2 ms. Memory: 453632K Free: 345086K (76%)
----------------- Invoking toplevel() on ptolemy.moml.MoMLSimpleApplication@7cae5d68
----------------- Done invoking toplevel() on ptolemy.moml.MoMLSimpleApplication@7cae5d68
reloadAllAccessors: .MathFunction3

===========================================================================================
----------------- testing Fri Oct 16 15:49:33 UTC 2020 /home/travis/build/icyphy/ptII/ptolemy/actor/lib/test/auto/MatrixCropBoolean.xml
----------------- Instantiating /home/travis/build/icyphy/ptII/ptolemy/actor/lib/test/auto/MatrixCropBoolean.xml
2 ms. Memory: 453632K Free: 339935K (75%)
----------------- Invoking toplevel() on ptolemy.moml.MoMLSimpleApplication@2401d5d1
----------------- Done invoking toplevel() on ptolemy.moml.MoMLSimpleApplication@2401d5d1
reloadAllAccessors: .MatrixCropBoolean

===========================================================================================
----------------- testing Fri Oct 16 15:49:33 UTC 2020 /home/travis/build/icyphy/ptII/ptolemy/actor/lib/test/auto/MatrixCropComplex.xml
----------------- Instantiating /home/travis/build/icyphy/ptII/ptolemy/actor/lib/test/auto/MatrixCropComplex.xml
1 ms. Memory: 453632K Free: 335360K (74%)
----------------- Invoking toplevel() on ptolemy.moml.MoMLSimpleApplication@20c37b99
----------------- Done invoking toplevel() on ptolemy.moml.MoMLSimpleApplication@20c37b99
reloadAllAccessors: .MatrixCropComplex

===========================================================================================
----------------- testing Fri Oct 16 15:49:33 UTC 2020 /home/travis/build/icyphy/ptII/ptolemy/actor/lib/test/auto/MatrixCropDouble.xml
----------------- Instantiating /home/travis/build/icyphy/ptII/ptolemy/actor/lib/test/auto/MatrixCropDouble.xml
1 ms. Memory: 453632K Free: 330240K (73%)
----------------- Invoking toplevel() on ptolemy.moml.MoMLSimpleApplication@5a153d9b
----------------- Done invoking toplevel() on ptolemy.moml.MoMLSimpleApplication@5a153d9b
reloadAllAccessors: .MatrixCropDouble

===========================================================================================
----------------- testing Fri Oct 16 15:49:33 UTC 2020 /home/travis/build/icyphy/ptII/ptolemy/actor/lib/test/auto/MatrixCropFix.xml
----------------- Instantiating /home/travis/build/icyphy/ptII/ptolemy/actor/lib/test/auto/MatrixCropFix.xml
1 ms. Memory: 453632K Free: 325120K (72%)
----------------- Invoking toplevel() on ptolemy.moml.MoMLSimpleApplication@203066dd
----------------- Done invoking toplevel() on ptolemy.moml.MoMLSimpleApplication@203066dd
reloadAllAccessors: .MatrixCropFix

===========================================================================================
----------------- testing Fri Oct 16 15:49:33 UTC 2020 /home/travis/build/icyphy/ptII/ptolemy/actor/lib/test/auto/MatrixCropInt.xml
----------------- Instantiating /home/travis/build/icyphy/ptII/ptolemy/actor/lib/test/auto/MatrixCropInt.xml
2 ms. Memory: 453632K Free: 320000K (71%)
----------------- Invoking toplevel() on ptolemy.moml.MoMLSimpleApplication@4fc94c45
----------------- Done invoking toplevel() on ptolemy.moml.MoMLSimpleApplication@4fc94c45
reloadAllAccessors: .MatrixCropInt

===========================================================================================
----------------- testing Fri Oct 16 15:49:33 UTC 2020 /home/travis/build/icyphy/ptII/ptolemy/actor/lib/test/auto/MatrixCropLong.xml
----------------- Instantiating /home/travis/build/icyphy/ptII/ptolemy/actor/lib/test/auto/MatrixCropLong.xml
1 ms. Memory: 453632K Free: 315359K (70%)
----------------- Invoking toplevel() on ptolemy.moml.MoMLSimpleApplication@7758e3c2
----------------- Done invoking toplevel() on ptolemy.moml.MoMLSimpleApplication@7758e3c2
reloadAllAccessors: .MatrixCropLong

===========================================================================================
----------------- testing Fri Oct 16 15:49:33 UTC 2020 /home/travis/build/icyphy/ptII/ptolemy/actor/lib/test/auto/MatrixToArray.xml
----------------- Instantiating /home/travis/build/icyphy/ptII/ptolemy/actor/lib/test/auto/MatrixToArray.xml
6 ms. Memory: 453632K Free: 300030K (66%)
----------------- Invoking toplevel() on ptolemy.moml.MoMLSimpleApplication@4c06ff99
----------------- Done invoking toplevel() on ptolemy.moml.MoMLSimpleApplication@4c06ff99
reloadAllAccessors: .MatrixToArray

===========================================================================================
----------------- testing Fri Oct 16 15:49:33 UTC 2020 /home/travis/build/icyphy/ptII/ptolemy/actor/lib/test/auto/MaxIndex.xml
----------------- Instantiating /home/travis/build/icyphy/ptII/ptolemy/actor/lib/test/auto/MaxIndex.xml
2 ms. Memory: 453632K Free: 294910K (65%)
----------------- Invoking toplevel() on ptolemy.moml.MoMLSimpleApplication@ffff5b3
----------------- Done invoking toplevel() on ptolemy.moml.MoMLSimpleApplication@ffff5b3
reloadAllAccessors: .MaxIndex

===========================================================================================
----------------- testing Fri Oct 16 15:49:33 UTC 2020 /home/travis/build/icyphy/ptII/ptolemy/actor/lib/test/auto/Maximum.xml
----------------- Instantiating /home/travis/build/icyphy/ptII/ptolemy/actor/lib/test/auto/Maximum.xml
2 ms. Memory: 453632K Free: 288256K (64%)
----------------- Invoking toplevel() on ptolemy.moml.MoMLSimpleApplication@722b626d
----------------- Done invoking toplevel() on ptolemy.moml.MoMLSimpleApplication@722b626d
reloadAllAccessors: .Maximum

===========================================================================================
----------------- testing Fri Oct 16 15:49:33 UTC 2020 /home/travis/build/icyphy/ptII/ptolemy/actor/lib/test/auto/MaximumComplex.xml
----------------- Instantiating /home/travis/build/icyphy/ptII/ptolemy/actor/lib/test/auto/MaximumComplex.xml
5 ms. Memory: 453632K Free: 282112K (62%)
----------------- Invoking toplevel() on ptolemy.moml.MoMLSimpleApplication@7c89405c
----------------- Done invoking toplevel() on ptolemy.moml.MoMLSimpleApplication@7c89405c
reloadAllAccessors: .MaximumComplex

===========================================================================================
----------------- testing Fri Oct 16 15:49:33 UTC 2020 /home/travis/build/icyphy/ptII/ptolemy/actor/lib/test/auto/MethodCallTest.xml
----------------- Instantiating /home/travis/build/icyphy/ptII/ptolemy/actor/lib/test/auto/MethodCallTest.xml
3 ms. Memory: 453632K Free: 275968K (61%)
----------------- Invoking toplevel() on ptolemy.moml.MoMLSimpleApplication@1a0bd1f0
----------------- Done invoking toplevel() on ptolemy.moml.MoMLSimpleApplication@1a0bd1f0
reloadAllAccessors: .MethodCallTest

===========================================================================================
----------------- testing Fri Oct 16 15:49:34 UTC 2020 /home/travis/build/icyphy/ptII/ptolemy/actor/lib/test/auto/Minimum.xml
----------------- Instantiating /home/travis/build/icyphy/ptII/ptolemy/actor/lib/test/auto/Minimum.xml
2 ms. Memory: 453632K Free: 269824K (59%)
----------------- Invoking toplevel() on ptolemy.moml.MoMLSimpleApplication@25b86583
----------------- Done invoking toplevel() on ptolemy.moml.MoMLSimpleApplication@25b86583
reloadAllAccessors: .Minimum

===========================================================================================
----------------- testing Fri Oct 16 15:49:34 UTC 2020 /home/travis/build/icyphy/ptII/ptolemy/actor/lib/test/auto/MinimumComplex.xml
----------------- Instantiating /home/travis/build/icyphy/ptII/ptolemy/actor/lib/test/auto/MinimumComplex.xml
3 ms. Memory: 453632K Free: 263680K (58%)
----------------- Invoking toplevel() on ptolemy.moml.MoMLSimpleApplication@40face
----------------- Done invoking toplevel() on ptolemy.moml.MoMLSimpleApplication@40face
reloadAllAccessors: .MinimumComplex

===========================================================================================
----------------- testing Fri Oct 16 15:49:34 UTC 2020 /home/travis/build/icyphy/ptII/ptolemy/actor/lib/test/auto/MinimumMultiports.xml
----------------- Instantiating /home/travis/build/icyphy/ptII/ptolemy/actor/lib/test/auto/MinimumMultiports.xml
3 ms. Memory: 453632K Free: 254959K (56%)
----------------- Invoking toplevel() on ptolemy.moml.MoMLSimpleApplication@15551d5c
----------------- Done invoking toplevel() on ptolemy.moml.MoMLSimpleApplication@15551d5c
reloadAllAccessors: .MinimumMultiports

===========================================================================================
----------------- testing Fri Oct 16 15:49:34 UTC 2020 /home/travis/build/icyphy/ptII/ptolemy/actor/lib/test/auto/ModifyDate.xml
----------------- Instantiating /home/travis/build/icyphy/ptII/ptolemy/actor/lib/test/auto/ModifyDate.xml
7 ms. Memory: 453632K Free: 242686K (53%)
----------------- Invoking toplevel() on ptolemy.moml.MoMLSimpleApplication@52a548e2
----------------- Done invoking toplevel() on ptolemy.moml.MoMLSimpleApplication@52a548e2
reloadAllAccessors: .ModifyDate

===========================================================================================
----------------- testing Fri Oct 16 15:49:34 UTC 2020 /home/travis/build/icyphy/ptII/ptolemy/actor/lib/test/auto/ModifyDate2.xml
----------------- Instantiating /home/travis/build/icyphy/ptII/ptolemy/actor/lib/test/auto/ModifyDate2.xml
2 ms. Memory: 453632K Free: 233984K (52%)
----------------- Invoking toplevel() on ptolemy.moml.MoMLSimpleApplication@24bbb836
----------------- Done invoking toplevel() on ptolemy.moml.MoMLSimpleApplication@24bbb836
reloadAllAccessors: .ModifyDate2

===========================================================================================
----------------- testing Fri Oct 16 15:49:34 UTC 2020 /home/travis/build/icyphy/ptII/ptolemy/actor/lib/test/auto/MovingAverage.xml
----------------- Instantiating /home/travis/build/icyphy/ptII/ptolemy/actor/lib/test/auto/MovingAverage.xml
1 ms. Memory: 453632K Free: 228864K (50%)
----------------- Invoking toplevel() on ptolemy.moml.MoMLSimpleApplication@19587e83
----------------- Done invoking toplevel() on ptolemy.moml.MoMLSimpleApplication@19587e83
reloadAllAccessors: .MovingAverage

===========================================================================================
----------------- testing Fri Oct 16 15:49:34 UTC 2020 /home/travis/build/icyphy/ptII/ptolemy/actor/lib/test/auto/MovingMaximum.xml
----------------- Instantiating /home/travis/build/icyphy/ptII/ptolemy/actor/lib/test/auto/MovingMaximum.xml
2 ms. Memory: 453632K Free: 224254K (49%)
----------------- Invoking toplevel() on ptolemy.moml.MoMLSimpleApplication@455e0e8e
----------------- Done invoking toplevel() on ptolemy.moml.MoMLSimpleApplication@455e0e8e
reloadAllAccessors: .MovingMaximum

===========================================================================================
----------------- testing Fri Oct 16 15:49:34 UTC 2020 /home/travis/build/icyphy/ptII/ptolemy/actor/lib/test/auto/MultipleLinksToSameRelation.xml
----------------- Instantiating /home/travis/build/icyphy/ptII/ptolemy/actor/lib/test/auto/MultipleLinksToSameRelation.xml
1 ms. Memory: 453632K Free: 220158K (49%)
----------------- Invoking toplevel() on ptolemy.moml.MoMLSimpleApplication@79640bb2
----------------- Done invoking toplevel() on ptolemy.moml.MoMLSimpleApplication@79640bb2
reloadAllAccessors: .MultipleLinksToSameRelation

===========================================================================================
----------------- testing Fri Oct 16 15:49:34 UTC 2020 /home/travis/build/icyphy/ptII/ptolemy/actor/lib/test/auto/MultipleLinksToSameRelationDE.xml
----------------- Instantiating /home/travis/build/icyphy/ptII/ptolemy/actor/lib/test/auto/MultipleLinksToSameRelationDE.xml
9 ms. Memory: 453632K Free: 216047K (48%)
----------------- Invoking toplevel() on ptolemy.moml.MoMLSimpleApplication@563a5aec
----------------- Done invoking toplevel() on ptolemy.moml.MoMLSimpleApplication@563a5aec
reloadAllAccessors: .MultipleLinksToSameRelationDE

===========================================================================================
----------------- testing Fri Oct 16 15:49:34 UTC 2020 /home/travis/build/icyphy/ptII/ptolemy/actor/lib/test/auto/Multiplexor.xml
----------------- Instantiating /home/travis/build/icyphy/ptII/ptolemy/actor/lib/test/auto/Multiplexor.xml
1 ms. Memory: 453632K Free: 210432K (46%)
----------------- Invoking toplevel() on ptolemy.moml.MoMLSimpleApplication@79a1f0f4
----------------- Done invoking toplevel() on ptolemy.moml.MoMLSimpleApplication@79a1f0f4
reloadAllAccessors: .Multiplexor

===========================================================================================
----------------- testing Fri Oct 16 15:49:34 UTC 2020 /home/travis/build/icyphy/ptII/ptolemy/actor/lib/test/auto/Multiplexor1.xml
----------------- Instantiating /home/travis/build/icyphy/ptII/ptolemy/actor/lib/test/auto/Multiplexor1.xml
1 ms. Memory: 453632K Free: 204791K (45%)
----------------- Invoking toplevel() on ptolemy.moml.MoMLSimpleApplication@31e5fc4
----------------- Done invoking toplevel() on ptolemy.moml.MoMLSimpleApplication@31e5fc4
reloadAllAccessors: .Multiplexor1

===========================================================================================
----------------- testing Fri Oct 16 15:49:34 UTC 2020 /home/travis/build/icyphy/ptII/ptolemy/actor/lib/test/auto/Multiplexor2.xml
----------------- Instantiating /home/travis/build/icyphy/ptII/ptolemy/actor/lib/test/auto/Multiplexor2.xml
4 ms. Memory: 453632K Free: 198144K (44%)
----------------- Invoking toplevel() on ptolemy.moml.MoMLSimpleApplication@1f773e84
----------------- Done invoking toplevel() on ptolemy.moml.MoMLSimpleApplication@1f773e84
reloadAllAccessors: .Multiplexor2

===========================================================================================
----------------- testing Fri Oct 16 15:49:34 UTC 2020 /home/travis/build/icyphy/ptII/ptolemy/actor/lib/test/auto/Multiplexor3.xml
----------------- Instantiating /home/travis/build/icyphy/ptII/ptolemy/actor/lib/test/auto/Multiplexor3.xml
1 ms. Memory: 453632K Free: 194048K (43%)
----------------- Invoking toplevel() on ptolemy.moml.MoMLSimpleApplication@32ce26c2
----------------- Done invoking toplevel() on ptolemy.moml.MoMLSimpleApplication@32ce26c2
reloadAllAccessors: .Multiplexor3

===========================================================================================
----------------- testing Fri Oct 16 15:49:34 UTC 2020 /home/travis/build/icyphy/ptII/ptolemy/actor/lib/test/auto/MultiplexorDE.xml
----------------- Instantiating /home/travis/build/icyphy/ptII/ptolemy/actor/lib/test/auto/MultiplexorDE.xml
2 ms. Memory: 453632K Free: 186335K (41%)
----------------- Invoking toplevel() on ptolemy.moml.MoMLSimpleApplication@13ad292e
----------------- Done invoking toplevel() on ptolemy.moml.MoMLSimpleApplication@13ad292e
reloadAllAccessors: .MultiplexorDE

===========================================================================================
----------------- testing Fri Oct 16 15:49:34 UTC 2020 /home/travis/build/icyphy/ptII/ptolemy/actor/lib/test/auto/MultiportBroadcastTest.xml
----------------- Instantiating /home/travis/build/icyphy/ptII/ptolemy/actor/lib/test/auto/MultiportBroadcastTest.xml
78 ms. Memory: 453632K Free: 180215K (40%)
----------------- Invoking toplevel() on ptolemy.moml.MoMLSimpleApplication@626e0019
----------------- Done invoking toplevel() on ptolemy.moml.MoMLSimpleApplication@626e0019
reloadAllAccessors: .MultiportBroadcastTest

===========================================================================================
----------------- testing Fri Oct 16 15:49:34 UTC 2020 /home/travis/build/icyphy/ptII/ptolemy/actor/lib/test/auto/MultiportOutHangDuringGetWidth.xml
----------------- Instantiating /home/travis/build/icyphy/ptII/ptolemy/actor/lib/test/auto/MultiportOutHangDuringGetWidth.xml
4 ms. Memory: 453632K Free: 167919K (37%)
----------------- Invoking toplevel() on ptolemy.moml.MoMLSimpleApplication@45878a5a
----------------- Done invoking toplevel() on ptolemy.moml.MoMLSimpleApplication@45878a5a
reloadAllAccessors: .MultiportOutHangDuringGetWidth

===========================================================================================
----------------- testing Fri Oct 16 15:49:34 UTC 2020 /home/travis/build/icyphy/ptII/ptolemy/actor/lib/test/auto/NilToken.xml
----------------- Instantiating /home/travis/build/icyphy/ptII/ptolemy/actor/lib/test/auto/NilToken.xml
1 ms. Memory: 453632K Free: 163838K (36%)
----------------- Invoking toplevel() on ptolemy.moml.MoMLSimpleApplication@66221d31
----------------- Done invoking toplevel() on ptolemy.moml.MoMLSimpleApplication@66221d31
reloadAllAccessors: .NilToken

===========================================================================================
----------------- testing Fri Oct 16 15:49:34 UTC 2020 /home/travis/build/icyphy/ptII/ptolemy/actor/lib/test/auto/NilTokenNonStrictTest.xml
----------------- Instantiating /home/travis/build/icyphy/ptII/ptolemy/actor/lib/test/auto/NilTokenNonStrictTest.xml
2 ms. Memory: 453632K Free: 159232K (35%)
----------------- Invoking toplevel() on ptolemy.moml.MoMLSimpleApplication@4ee93ba1
----------------- Done invoking toplevel() on ptolemy.moml.MoMLSimpleApplication@4ee93ba1
reloadAllAccessors: .NilTokenNonStrictTest

===========================================================================================
----------------- testing Fri Oct 16 15:49:34 UTC 2020 /home/travis/build/icyphy/ptII/ptolemy/actor/lib/test/auto/NilTokenRecord.xml
----------------- Instantiating /home/travis/build/icyphy/ptII/ptolemy/actor/lib/test/auto/NilTokenRecord.xml
4 ms. Memory: 453632K Free: 152574K (34%)
----------------- Invoking toplevel() on ptolemy.moml.MoMLSimpleApplication@7dfe4fa1
----------------- Done invoking toplevel() on ptolemy.moml.MoMLSimpleApplication@7dfe4fa1
reloadAllAccessors: .NilTokenRecord

===========================================================================================
----------------- testing Fri Oct 16 15:49:34 UTC 2020 /home/travis/build/icyphy/ptII/ptolemy/actor/lib/test/auto/NilTokenTypeTest.xml
----------------- Instantiating /home/travis/build/icyphy/ptII/ptolemy/actor/lib/test/auto/NilTokenTypeTest.xml
5 ms. Memory: 453632K Free: 142848K (31%)
----------------- Invoking toplevel() on ptolemy.moml.MoMLSimpleApplication@60b17a2e
----------------- Done invoking toplevel() on ptolemy.moml.MoMLSimpleApplication@60b17a2e
reloadAllAccessors: .NilTokenTypeTest

===========================================================================================
----------------- testing Fri Oct 16 15:49:34 UTC 2020 /home/travis/build/icyphy/ptII/ptolemy/actor/lib/test/auto/ObjectToken1.xml
----------------- Instantiating /home/travis/build/icyphy/ptII/ptolemy/actor/lib/test/auto/ObjectToken1.xml
2 ms. Memory: 453632K Free: 139262K (31%)
----------------- Invoking toplevel() on ptolemy.moml.MoMLSimpleApplication@599dec29
----------------- Done invoking toplevel() on ptolemy.moml.MoMLSimpleApplication@599dec29
reloadAllAccessors: .ObjectToken1

===========================================================================================
----------------- testing Fri Oct 16 15:49:34 UTC 2020 /home/travis/build/icyphy/ptII/ptolemy/actor/lib/test/auto/OrderedMerge.xml
----------------- Instantiating /home/travis/build/icyphy/ptII/ptolemy/actor/lib/test/auto/OrderedMerge.xml
10 ms. Memory: 453632K Free: 133632K (29%)
----------------- Invoking toplevel() on ptolemy.moml.MoMLSimpleApplication@62d37236
----------------- Done invoking toplevel() on ptolemy.moml.MoMLSimpleApplication@62d37236
reloadAllAccessors: .OrderedMerge

===========================================================================================
----------------- testing Fri Oct 16 15:49:34 UTC 2020 /home/travis/build/icyphy/ptII/ptolemy/actor/lib/test/auto/OrderedRecordDisassembler.xml
----------------- Instantiating /home/travis/build/icyphy/ptII/ptolemy/actor/lib/test/auto/OrderedRecordDisassembler.xml
2 ms. Memory: 453632K Free: 394386K (87%)
----------------- Invoking toplevel() on ptolemy.moml.MoMLSimpleApplication@5b1ae1ba
----------------- Done invoking toplevel() on ptolemy.moml.MoMLSimpleApplication@5b1ae1ba
reloadAllAccessors: .OrderedRecordDisassembler

===========================================================================================
----------------- testing Fri Oct 16 15:49:34 UTC 2020 /home/travis/build/icyphy/ptII/ptolemy/actor/lib/test/auto/OrderedRecordDisassembler2.xml
----------------- Instantiating /home/travis/build/icyphy/ptII/ptolemy/actor/lib/test/auto/OrderedRecordDisassembler2.xml
3 ms. Memory: 453632K Free: 386738K (85%)
----------------- Invoking toplevel() on ptolemy.moml.MoMLSimpleApplication@5e61c442
----------------- Done invoking toplevel() on ptolemy.moml.MoMLSimpleApplication@5e61c442
reloadAllAccessors: .OrderedRecordDisassembler2

===========================================================================================
----------------- testing Fri Oct 16 15:49:34 UTC 2020 /home/travis/build/icyphy/ptII/ptolemy/actor/lib/test/auto/OrderedRecordUpdater.xml
----------------- Instantiating /home/travis/build/icyphy/ptII/ptolemy/actor/lib/test/auto/OrderedRecordUpdater.xml
1 ms. Memory: 453632K Free: 381618K (84%)
----------------- Invoking toplevel() on ptolemy.moml.MoMLSimpleApplication@17fbe20
----------------- Done invoking toplevel() on ptolemy.moml.MoMLSimpleApplication@17fbe20
reloadAllAccessors: .RecordUpdater

===========================================================================================
----------------- testing Fri Oct 16 15:49:34 UTC 2020 /home/travis/build/icyphy/ptII/ptolemy/actor/lib/test/auto/OrderedRecordUpdater2.xml
----------------- Instantiating /home/travis/build/icyphy/ptII/ptolemy/actor/lib/test/auto/OrderedRecordUpdater2.xml
2 ms. Memory: 453632K Free: 376498K (83%)
----------------- Invoking toplevel() on ptolemy.moml.MoMLSimpleApplication@9f09ea6
----------------- Done invoking toplevel() on ptolemy.moml.MoMLSimpleApplication@9f09ea6
reloadAllAccessors: .RecordUpdater2

===========================================================================================
----------------- testing Fri Oct 16 15:49:34 UTC 2020 /home/travis/build/icyphy/ptII/ptolemy/actor/lib/test/auto/PhaseUnwrap.xml
----------------- Instantiating /home/travis/build/icyphy/ptII/ptolemy/actor/lib/test/auto/PhaseUnwrap.xml
1 ms. Memory: 453632K Free: 371888K (82%)
----------------- Invoking toplevel() on ptolemy.moml.MoMLSimpleApplication@d6f86f
----------------- Done invoking toplevel() on ptolemy.moml.MoMLSimpleApplication@d6f86f
reloadAllAccessors: .PhaseUnwrap

===========================================================================================
----------------- testing Fri Oct 16 15:49:34 UTC 2020 /home/travis/build/icyphy/ptII/ptolemy/actor/lib/test/auto/PoissonClock.xml
----------------- Instantiating /home/travis/build/icyphy/ptII/ptolemy/actor/lib/test/auto/PoissonClock.xml
1 ms. Memory: 453632K Free: 368306K (81%)
----------------- Invoking toplevel() on ptolemy.moml.MoMLSimpleApplication@7ec96f
----------------- Done invoking toplevel() on ptolemy.moml.MoMLSimpleApplication@7ec96f
reloadAllAccessors: .PoissonClock

===========================================================================================
----------------- testing Fri Oct 16 15:49:34 UTC 2020 /home/travis/build/icyphy/ptII/ptolemy/actor/lib/test/auto/PoissonClock2.xml
----------------- Instantiating /home/travis/build/icyphy/ptII/ptolemy/actor/lib/test/auto/PoissonClock2.xml
1 ms. Memory: 453632K Free: 363696K (80%)
----------------- Invoking toplevel() on ptolemy.moml.MoMLSimpleApplication@6e06d7aa
----------------- Done invoking toplevel() on ptolemy.moml.MoMLSimpleApplication@6e06d7aa
reloadAllAccessors: .PoissonClock2

===========================================================================================
----------------- testing Fri Oct 16 15:49:34 UTC 2020 /home/travis/build/icyphy/ptII/ptolemy/actor/lib/test/auto/PoissonClock3.xml
----------------- Instantiating /home/travis/build/icyphy/ptII/ptolemy/actor/lib/test/auto/PoissonClock3.xml
1 ms. Memory: 453632K Free: 359090K (79%)
----------------- Invoking toplevel() on ptolemy.moml.MoMLSimpleApplication@393ea774
----------------- Done invoking toplevel() on ptolemy.moml.MoMLSimpleApplication@393ea774
reloadAllAccessors: .PoissonClock3

===========================================================================================
----------------- testing Fri Oct 16 15:49:34 UTC 2020 /home/travis/build/icyphy/ptII/ptolemy/actor/lib/test/auto/PubSubWithInitialTokens.xml
----------------- Instantiating /home/travis/build/icyphy/ptII/ptolemy/actor/lib/test/auto/PubSubWithInitialTokens.xml
2 ms. Memory: 453632K Free: 353442K (78%)
----------------- Invoking toplevel() on ptolemy.moml.MoMLSimpleApplication@6ff7009f
----------------- Done invoking toplevel() on ptolemy.moml.MoMLSimpleApplication@6ff7009f
reloadAllAccessors: .PubSubWithInitialTokens

===========================================================================================
----------------- testing Fri Oct 16 15:49:34 UTC 2020 /home/travis/build/icyphy/ptII/ptolemy/actor/lib/test/auto/PubSubWithInitialTokens2.xml
----------------- Instantiating /home/travis/build/icyphy/ptII/ptolemy/actor/lib/test/auto/PubSubWithInitialTokens2.xml
4 ms. Memory: 453632K Free: 347298K (77%)
----------------- Invoking toplevel() on ptolemy.moml.MoMLSimpleApplication@181e35df
----------------- Done invoking toplevel() on ptolemy.moml.MoMLSimpleApplication@181e35df
reloadAllAccessors: .PubSubWithInitialTokens2

===========================================================================================
----------------- testing Fri Oct 16 15:49:34 UTC 2020 /home/travis/build/icyphy/ptII/ptolemy/actor/lib/test/auto/PublisherClassNoParameter.xml
----------------- Instantiating /home/travis/build/icyphy/ptII/ptolemy/actor/lib/test/auto/PublisherClassNoParameter.xml
1 ms. Memory: 453632K Free: 337586K (74%)
----------------- Invoking toplevel() on ptolemy.moml.MoMLSimpleApplication@2b047074
----------------- Done invoking toplevel() on ptolemy.moml.MoMLSimpleApplication@2b047074
reloadAllAccessors: .PublisherClassNoParameter

===========================================================================================
----------------- testing Fri Oct 16 15:49:34 UTC 2020 /home/travis/build/icyphy/ptII/ptolemy/actor/lib/test/auto/PublisherClassParameter.xml
----------------- Instantiating /home/travis/build/icyphy/ptII/ptolemy/actor/lib/test/auto/PublisherClassParameter.xml
2 ms. Memory: 453632K Free: 327346K (72%)
----------------- Invoking toplevel() on ptolemy.moml.MoMLSimpleApplication@66ccb440
----------------- Done invoking toplevel() on ptolemy.moml.MoMLSimpleApplication@66ccb440
reloadAllAccessors: .PublisherClassParameter

===========================================================================================
----------------- testing Fri Oct 16 15:49:34 UTC 2020 /home/travis/build/icyphy/ptII/ptolemy/actor/lib/test/auto/PublisherNonStrictTest.xml
----------------- Instantiating /home/travis/build/icyphy/ptII/ptolemy/actor/lib/test/auto/PublisherNonStrictTest.xml
2 ms. Memory: 453632K Free: 319658K (70%)
----------------- Invoking toplevel() on ptolemy.moml.MoMLSimpleApplication@343e75d4
----------------- Done invoking toplevel() on ptolemy.moml.MoMLSimpleApplication@343e75d4
reloadAllAccessors: .PublisherNonStrictTest

===========================================================================================
----------------- testing Fri Oct 16 15:49:34 UTC 2020 /home/travis/build/icyphy/ptII/ptolemy/actor/lib/test/auto/PublisherPort1.xml
----------------- Instantiating /home/travis/build/icyphy/ptII/ptolemy/actor/lib/test/auto/PublisherPort1.xml
10 ms. Memory: 453632K Free: 314530K (69%)
----------------- Invoking toplevel() on ptolemy.moml.MoMLSimpleApplication@73275deb
----------------- Done invoking toplevel() on ptolemy.moml.MoMLSimpleApplication@73275deb
reloadAllAccessors: .PublisherPort1

===========================================================================================
----------------- testing Fri Oct 16 15:49:34 UTC 2020 /home/travis/build/icyphy/ptII/ptolemy/actor/lib/test/auto/PublisherPort2.xml
----------------- Instantiating /home/travis/build/icyphy/ptII/ptolemy/actor/lib/test/auto/PublisherPort2.xml
1 ms. Memory: 453632K Free: 309424K (68%)
----------------- Invoking toplevel() on ptolemy.moml.MoMLSimpleApplication@4b4afc00
----------------- Done invoking toplevel() on ptolemy.moml.MoMLSimpleApplication@4b4afc00
reloadAllAccessors: .PublisherPort2

===========================================================================================
----------------- testing Fri Oct 16 15:49:34 UTC 2020 /home/travis/build/icyphy/ptII/ptolemy/actor/lib/test/auto/PublisherPort3.xml
----------------- Instantiating /home/travis/build/icyphy/ptII/ptolemy/actor/lib/test/auto/PublisherPort3.xml
3 ms. Memory: 453632K Free: 302770K (67%)
----------------- Invoking toplevel() on ptolemy.moml.MoMLSimpleApplication@3449ac96
----------------- Done invoking toplevel() on ptolemy.moml.MoMLSimpleApplication@3449ac96
reloadAllAccessors: .PublisherPort3

===========================================================================================
----------------- testing Fri Oct 16 15:49:34 UTC 2020 /home/travis/build/icyphy/ptII/ptolemy/actor/lib/test/auto/PublisherPort4.xml
----------------- Instantiating /home/travis/build/icyphy/ptII/ptolemy/actor/lib/test/auto/PublisherPort4.xml
1 ms. Memory: 453632K Free: 297122K (65%)
----------------- Invoking toplevel() on ptolemy.moml.MoMLSimpleApplication@737e7ab5
----------------- Done invoking toplevel() on ptolemy.moml.MoMLSimpleApplication@737e7ab5
reloadAllAccessors: .PublisherPort4

===========================================================================================
----------------- testing Fri Oct 16 15:49:34 UTC 2020 /home/travis/build/icyphy/ptII/ptolemy/actor/lib/test/auto/PublisherPort5.xml
----------------- Instantiating /home/travis/build/icyphy/ptII/ptolemy/actor/lib/test/auto/PublisherPort5.xml
3 ms. Memory: 453632K Free: 289458K (64%)
----------------- Invoking toplevel() on ptolemy.moml.MoMLSimpleApplication@66ec1e8b
----------------- Done invoking toplevel() on ptolemy.moml.MoMLSimpleApplication@66ec1e8b
reloadAllAccessors: .PublisherPort5

===========================================================================================
----------------- testing Fri Oct 16 15:49:34 UTC 2020 /home/travis/build/icyphy/ptII/ptolemy/actor/lib/test/auto/PublisherPort5LookAlike.xml
----------------- Instantiating /home/travis/build/icyphy/ptII/ptolemy/actor/lib/test/auto/PublisherPort5LookAlike.xml
6 ms. Memory: 453632K Free: 281770K (62%)
----------------- Invoking toplevel() on ptolemy.moml.MoMLSimpleApplication@7cd92c7c
----------------- Done invoking toplevel() on ptolemy.moml.MoMLSimpleApplication@7cd92c7c
reloadAllAccessors: .PublisherPort5LookAlike

===========================================================================================
----------------- testing Fri Oct 16 15:49:34 UTC 2020 /home/travis/build/icyphy/ptII/ptolemy/actor/lib/test/auto/PublisherPort6.xml
----------------- Instantiating /home/travis/build/icyphy/ptII/ptolemy/actor/lib/test/auto/PublisherPort6.xml
1 ms. Memory: 453632K Free: 275122K (61%)
----------------- Invoking toplevel() on ptolemy.moml.MoMLSimpleApplication@79ce31be
----------------- Done invoking toplevel() on ptolemy.moml.MoMLSimpleApplication@79ce31be
reloadAllAccessors: .PublisherPort6

===========================================================================================
----------------- testing Fri Oct 16 15:49:34 UTC 2020 /home/travis/build/icyphy/ptII/ptolemy/actor/lib/test/auto/PublisherPort7.xml
----------------- Instantiating /home/travis/build/icyphy/ptII/ptolemy/actor/lib/test/auto/PublisherPort7.xml
3 ms. Memory: 453632K Free: 267440K (59%)
----------------- Invoking toplevel() on ptolemy.moml.MoMLSimpleApplication@332c66d5
----------------- Done invoking toplevel() on ptolemy.moml.MoMLSimpleApplication@332c66d5
reloadAllAccessors: .PublisherPort7

===========================================================================================
----------------- testing Fri Oct 16 15:49:34 UTC 2020 /home/travis/build/icyphy/ptII/ptolemy/actor/lib/test/auto/PublisherPort8.xml
----------------- Instantiating /home/travis/build/icyphy/ptII/ptolemy/actor/lib/test/auto/PublisherPort8.xml
3 ms. Memory: 453632K Free: 258738K (57%)
----------------- Invoking toplevel() on ptolemy.moml.MoMLSimpleApplication@3ad14585
----------------- Done invoking toplevel() on ptolemy.moml.MoMLSimpleApplication@3ad14585
reloadAllAccessors: .PublisherPort8

===========================================================================================
----------------- testing Fri Oct 16 15:49:34 UTC 2020 /home/travis/build/icyphy/ptII/ptolemy/actor/lib/test/auto/PublisherPortSubscriberChannelVariablesAOC2.xml
----------------- Instantiating /home/travis/build/icyphy/ptII/ptolemy/actor/lib/test/auto/PublisherPortSubscriberChannelVariablesAOC2.xml
2 ms. Memory: 453632K Free: 241330K (53%)
----------------- Invoking toplevel() on ptolemy.moml.MoMLSimpleApplication@7f7ea334
----------------- Done invoking toplevel() on ptolemy.moml.MoMLSimpleApplication@7f7ea334
reloadAllAccessors: .PublisherPortSubscriberChannelVariablesAOC2

===========================================================================================
----------------- testing Fri Oct 16 15:49:34 UTC 2020 /home/travis/build/icyphy/ptII/ptolemy/actor/lib/test/auto/PublisherPortSubscriberOpaqueWidthInference.xml
----------------- Instantiating /home/travis/build/icyphy/ptII/ptolemy/actor/lib/test/auto/PublisherPortSubscriberOpaqueWidthInference.xml
4 ms. Memory: 453632K Free: 234162K (52%)
----------------- Invoking toplevel() on ptolemy.moml.MoMLSimpleApplication@6506b4f7
----------------- Done invoking toplevel() on ptolemy.moml.MoMLSimpleApplication@6506b4f7
reloadAllAccessors: .PublisherPortSubscriberOpaqueWidthInference

===========================================================================================
----------------- testing Fri Oct 16 15:49:34 UTC 2020 /home/travis/build/icyphy/ptII/ptolemy/actor/lib/test/auto/PublisherPortSubscriberPortAdjacent.xml
----------------- Instantiating /home/travis/build/icyphy/ptII/ptolemy/actor/lib/test/auto/PublisherPortSubscriberPortAdjacent.xml
1 ms. Memory: 453632K Free: 225970K (50%)
----------------- Invoking toplevel() on ptolemy.moml.MoMLSimpleApplication@48955a08
----------------- Done invoking toplevel() on ptolemy.moml.MoMLSimpleApplication@48955a08
reloadAllAccessors: .PublisherPortSubscriberPortAdjacent

===========================================================================================
----------------- testing Fri Oct 16 15:49:34 UTC 2020 /home/travis/build/icyphy/ptII/ptolemy/actor/lib/test/auto/PublisherPortSubscriberPortExpression.xml
----------------- Instantiating /home/travis/build/icyphy/ptII/ptolemy/actor/lib/test/auto/PublisherPortSubscriberPortExpression.xml
9 ms. Memory: 453632K Free: 218274K (48%)
----------------- Invoking toplevel() on ptolemy.moml.MoMLSimpleApplication@698e2f61
----------------- Done invoking toplevel() on ptolemy.moml.MoMLSimpleApplication@698e2f61
reloadAllAccessors: .PublisherPortSubscriberPortExpression

===========================================================================================
----------------- testing Fri Oct 16 15:49:34 UTC 2020 /home/travis/build/icyphy/ptII/ptolemy/actor/lib/test/auto/PublisherPortSubscriberPortOpaqueD3Reverse.xml
----------------- Instantiating /home/travis/build/icyphy/ptII/ptolemy/actor/lib/test/auto/PublisherPortSubscriberPortOpaqueD3Reverse.xml
6 ms. Memory: 453632K Free: 208048K (46%)
----------------- Invoking toplevel() on ptolemy.moml.MoMLSimpleApplication@26144058
----------------- Done invoking toplevel() on ptolemy.moml.MoMLSimpleApplication@26144058
reloadAllAccessors: .PublisherPortSubscriberPortOpaqueD3Reverse

===========================================================================================
----------------- testing Fri Oct 16 15:49:34 UTC 2020 /home/travis/build/icyphy/ptII/ptolemy/actor/lib/test/auto/PublisherPortSubscriberPortOpaqueWidthInference.xml
----------------- Instantiating /home/travis/build/icyphy/ptII/ptolemy/actor/lib/test/auto/PublisherPortSubscriberPortOpaqueWidthInference.xml
3 ms. Memory: 453632K Free: 200370K (44%)
----------------- Invoking toplevel() on ptolemy.moml.MoMLSimpleApplication@79eff6b5
----------------- Done invoking toplevel() on ptolemy.moml.MoMLSimpleApplication@79eff6b5
reloadAllAccessors: .PublisherPortSubscriberPortOpaqueWidthInference

===========================================================================================
----------------- testing Fri Oct 16 15:49:34 UTC 2020 /home/travis/build/icyphy/ptII/ptolemy/actor/lib/test/auto/PublisherPortToplevelSubscriberPortAOC.xml
----------------- Instantiating /home/travis/build/icyphy/ptII/ptolemy/actor/lib/test/auto/PublisherPortToplevelSubscriberPortAOC.xml
.PublisherPortToplevelSubscriberPortAOC.TestExceptionAttribute: initialize() was not invoked, but wrapup() was.  This is unusual, but not always a problem.  For example, exporting JNLP will do this.
1 ms. Memory: 453632K Free: 194736K (43%)
----------------- Invoking toplevel() on ptolemy.moml.MoMLSimpleApplication@14d13ed6
----------------- Done invoking toplevel() on ptolemy.moml.MoMLSimpleApplication@14d13ed6
reloadAllAccessors: .PublisherPortToplevelSubscriberPortAOC

===========================================================================================
----------------- testing Fri Oct 16 15:49:34 UTC 2020 /home/travis/build/icyphy/ptII/ptolemy/actor/lib/test/auto/PublisherSubscriber.xml
----------------- Instantiating /home/travis/build/icyphy/ptII/ptolemy/actor/lib/test/auto/PublisherSubscriber.xml
3 ms. Memory: 453632K Free: 187058K (41%)
----------------- Invoking toplevel() on ptolemy.moml.MoMLSimpleApplication@61f098df
----------------- Done invoking toplevel() on ptolemy.moml.MoMLSimpleApplication@61f098df
reloadAllAccessors: .PublisherSubscriber

===========================================================================================
----------------- testing Fri Oct 16 15:49:34 UTC 2020 /home/travis/build/icyphy/ptII/ptolemy/actor/lib/test/auto/PublisherSubscriber10.xml
----------------- Instantiating /home/travis/build/icyphy/ptII/ptolemy/actor/lib/test/auto/PublisherSubscriber10.xml
5 ms. Memory: 453632K Free: 177328K (39%)
----------------- Invoking toplevel() on ptolemy.moml.MoMLSimpleApplication@48050ff1
----------------- Done invoking toplevel() on ptolemy.moml.MoMLSimpleApplication@48050ff1
reloadAllAccessors: .PublisherSubscriber10

===========================================================================================
----------------- testing Fri Oct 16 15:49:35 UTC 2020 /home/travis/build/icyphy/ptII/ptolemy/actor/lib/test/auto/PublisherSubscriber10InitialOutputs.xml
----------------- Instantiating /home/travis/build/icyphy/ptII/ptolemy/actor/lib/test/auto/PublisherSubscriber10InitialOutputs.xml
13 ms. Memory: 453632K Free: 168112K (37%)
----------------- Invoking toplevel() on ptolemy.moml.MoMLSimpleApplication@b8fcc6a
----------------- Done invoking toplevel() on ptolemy.moml.MoMLSimpleApplication@b8fcc6a
reloadAllAccessors: .PublisherSubscriber10InitialOutputs

===========================================================================================
----------------- testing Fri Oct 16 15:49:35 UTC 2020 /home/travis/build/icyphy/ptII/ptolemy/actor/lib/test/auto/PublisherSubscriber11.xml
----------------- Instantiating /home/travis/build/icyphy/ptII/ptolemy/actor/lib/test/auto/PublisherSubscriber11.xml
5 ms. Memory: 453632K Free: 161938K (36%)
----------------- Invoking toplevel() on ptolemy.moml.MoMLSimpleApplication@72c74d3c
----------------- Done invoking toplevel() on ptolemy.moml.MoMLSimpleApplication@72c74d3c
reloadAllAccessors: .PublisherSubscriber11

===========================================================================================
----------------- testing Fri Oct 16 15:49:35 UTC 2020 /home/travis/build/icyphy/ptII/ptolemy/actor/lib/test/auto/PublisherSubscriber12.xml
----------------- Instantiating /home/travis/build/icyphy/ptII/ptolemy/actor/lib/test/auto/PublisherSubscriber12.xml
3 ms. Memory: 453632K Free: 154800K (34%)
----------------- Invoking toplevel() on ptolemy.moml.MoMLSimpleApplication@6cfc947d
----------------- Done invoking toplevel() on ptolemy.moml.MoMLSimpleApplication@6cfc947d
reloadAllAccessors: .PublisherSubscriber12

===========================================================================================
----------------- testing Fri Oct 16 15:49:35 UTC 2020 /home/travis/build/icyphy/ptII/ptolemy/actor/lib/test/auto/PublisherSubscriber13.xml
----------------- Instantiating /home/travis/build/icyphy/ptII/ptolemy/actor/lib/test/auto/PublisherSubscriber13.xml
2 ms. Memory: 453632K Free: 149170K (33%)
----------------- Invoking toplevel() on ptolemy.moml.MoMLSimpleApplication@1b867675
----------------- Done invoking toplevel() on ptolemy.moml.MoMLSimpleApplication@1b867675
reloadAllAccessors: .PublisherSubscriber13

===========================================================================================
----------------- testing Fri Oct 16 15:49:35 UTC 2020 /home/travis/build/icyphy/ptII/ptolemy/actor/lib/test/auto/PublisherSubscriber14.xml
----------------- Instantiating /home/travis/build/icyphy/ptII/ptolemy/actor/lib/test/auto/PublisherSubscriber14.xml
2 ms. Memory: 453632K Free: 140464K (31%)
----------------- Invoking toplevel() on ptolemy.moml.MoMLSimpleApplication@58db7f1e
----------------- Done invoking toplevel() on ptolemy.moml.MoMLSimpleApplication@58db7f1e
reloadAllAccessors: .PublisherSubscriber14

===========================================================================================
----------------- testing Fri Oct 16 15:49:35 UTC 2020 /home/travis/build/icyphy/ptII/ptolemy/actor/lib/test/auto/PublisherSubscriber2.xml
----------------- Instantiating /home/travis/build/icyphy/ptII/ptolemy/actor/lib/test/auto/PublisherSubscriber2.xml
3 ms. Memory: 453632K Free: 134834K (30%)
----------------- Invoking toplevel() on ptolemy.moml.MoMLSimpleApplication@26bc3611
----------------- Done invoking toplevel() on ptolemy.moml.MoMLSimpleApplication@26bc3611
reloadAllAccessors: .PublisherSubscriber2

===========================================================================================
----------------- testing Fri Oct 16 15:49:35 UTC 2020 /home/travis/build/icyphy/ptII/ptolemy/actor/lib/test/auto/PublisherSubscriber3.xml
----------------- Instantiating /home/travis/build/icyphy/ptII/ptolemy/actor/lib/test/auto/PublisherSubscriber3.xml
2 ms. Memory: 453632K Free: 395776K (87%)
----------------- Invoking toplevel() on ptolemy.moml.MoMLSimpleApplication@1da2deda
----------------- Done invoking toplevel() on ptolemy.moml.MoMLSimpleApplication@1da2deda
reloadAllAccessors: .PublisherSubscriber3

===========================================================================================
----------------- testing Fri Oct 16 15:49:35 UTC 2020 /home/travis/build/icyphy/ptII/ptolemy/actor/lib/test/auto/PublisherSubscriber4.xml
----------------- Instantiating /home/travis/build/icyphy/ptII/ptolemy/actor/lib/test/auto/PublisherSubscriber4.xml
1 ms. Memory: 453632K Free: 390656K (86%)
----------------- Invoking toplevel() on ptolemy.moml.MoMLSimpleApplication@48e7877d
----------------- Done invoking toplevel() on ptolemy.moml.MoMLSimpleApplication@48e7877d
reloadAllAccessors: .PublisherSubscriber4

===========================================================================================
----------------- testing Fri Oct 16 15:49:35 UTC 2020 /home/travis/build/icyphy/ptII/ptolemy/actor/lib/test/auto/PublisherSubscriber5.xml
----------------- Instantiating /home/travis/build/icyphy/ptII/ptolemy/actor/lib/test/auto/PublisherSubscriber5.xml
2 ms. Memory: 453632K Free: 383998K (85%)
----------------- Invoking toplevel() on ptolemy.moml.MoMLSimpleApplication@5431a53d
----------------- Done invoking toplevel() on ptolemy.moml.MoMLSimpleApplication@5431a53d
reloadAllAccessors: .PublisherSubscriber5

===========================================================================================
----------------- testing Fri Oct 16 15:49:35 UTC 2020 /home/travis/build/icyphy/ptII/ptolemy/actor/lib/test/auto/PublisherSubscriber6.xml
----------------- Instantiating /home/travis/build/icyphy/ptII/ptolemy/actor/lib/test/auto/PublisherSubscriber6.xml
3 ms. Memory: 453632K Free: 377344K (83%)
----------------- Invoking toplevel() on ptolemy.moml.MoMLSimpleApplication@67f9b923
----------------- Done invoking toplevel() on ptolemy.moml.MoMLSimpleApplication@67f9b923
reloadAllAccessors: .PublisherSubscriber6

===========================================================================================
----------------- testing Fri Oct 16 15:49:35 UTC 2020 /home/travis/build/icyphy/ptII/ptolemy/actor/lib/test/auto/PublisherSubscriber7.xml
----------------- Instantiating /home/travis/build/icyphy/ptII/ptolemy/actor/lib/test/auto/PublisherSubscriber7.xml
6 ms. Memory: 453632K Free: 370679K (82%)
----------------- Invoking toplevel() on ptolemy.moml.MoMLSimpleApplication@43383975
----------------- Done invoking toplevel() on ptolemy.moml.MoMLSimpleApplication@43383975
reloadAllAccessors: .PublisherSubscriber7

===========================================================================================
----------------- testing Fri Oct 16 15:49:35 UTC 2020 /home/travis/build/icyphy/ptII/ptolemy/actor/lib/test/auto/PublisherSubscriber8.xml
----------------- Instantiating /home/travis/build/icyphy/ptII/ptolemy/actor/lib/test/auto/PublisherSubscriber8.xml
15 ms. Memory: 453632K Free: 358912K (79%)
----------------- Invoking toplevel() on ptolemy.moml.MoMLSimpleApplication@229bfe33
----------------- Done invoking toplevel() on ptolemy.moml.MoMLSimpleApplication@229bfe33
reloadAllAccessors: .PublisherSubscriber8

===========================================================================================
----------------- testing Fri Oct 16 15:49:35 UTC 2020 /home/travis/build/icyphy/ptII/ptolemy/actor/lib/test/auto/PublisherSubscriber9.xml
----------------- Instantiating /home/travis/build/icyphy/ptII/ptolemy/actor/lib/test/auto/PublisherSubscriber9.xml
2 ms. Memory: 453632K Free: 351744K (78%)
----------------- Invoking toplevel() on ptolemy.moml.MoMLSimpleApplication@72c38476
----------------- Done invoking toplevel() on ptolemy.moml.MoMLSimpleApplication@72c38476
reloadAllAccessors: .PublisherSubscriber9

===========================================================================================
----------------- testing Fri Oct 16 15:49:35 UTC 2020 /home/travis/build/icyphy/ptII/ptolemy/actor/lib/test/auto/PublisherSubscriberAdjacent.xml
----------------- Instantiating /home/travis/build/icyphy/ptII/ptolemy/actor/lib/test/auto/PublisherSubscriberAdjacent.xml
2 ms. Memory: 453632K Free: 343552K (76%)
----------------- Invoking toplevel() on ptolemy.moml.MoMLSimpleApplication@154b120a
----------------- Done invoking toplevel() on ptolemy.moml.MoMLSimpleApplication@154b120a
reloadAllAccessors: .PublisherSubscriberAdjacent

===========================================================================================
----------------- testing Fri Oct 16 15:49:35 UTC 2020 /home/travis/build/icyphy/ptII/ptolemy/actor/lib/test/auto/PublisherSubscriberChannelVariablesAOC2.xml
----------------- Instantiating /home/travis/build/icyphy/ptII/ptolemy/actor/lib/test/auto/PublisherSubscriberChannelVariablesAOC2.xml
2 ms. Memory: 453632K Free: 328702K (72%)
----------------- Invoking toplevel() on ptolemy.moml.MoMLSimpleApplication@46e87ce
----------------- Done invoking toplevel() on ptolemy.moml.MoMLSimpleApplication@46e87ce
reloadAllAccessors: .PublisherSubscriberChannelVariablesAOC2

===========================================================================================
----------------- testing Fri Oct 16 15:49:35 UTC 2020 /home/travis/build/icyphy/ptII/ptolemy/actor/lib/test/auto/PublisherSubscriberD3.xml
----------------- Instantiating /home/travis/build/icyphy/ptII/ptolemy/actor/lib/test/auto/PublisherSubscriberD3.xml
1 ms. Memory: 453632K Free: 321534K (71%)
----------------- Invoking toplevel() on ptolemy.moml.MoMLSimpleApplication@2ad5c49b
----------------- Done invoking toplevel() on ptolemy.moml.MoMLSimpleApplication@2ad5c49b
reloadAllAccessors: .PublisherSubscriberD3

===========================================================================================
----------------- testing Fri Oct 16 15:49:35 UTC 2020 /home/travis/build/icyphy/ptII/ptolemy/actor/lib/test/auto/PublisherSubscriberD3Reverse.xml
----------------- Instantiating /home/travis/build/icyphy/ptII/ptolemy/actor/lib/test/auto/PublisherSubscriberD3Reverse.xml
1 ms. Memory: 453632K Free: 315390K (70%)
----------------- Invoking toplevel() on ptolemy.moml.MoMLSimpleApplication@394a79be
----------------- Done invoking toplevel() on ptolemy.moml.MoMLSimpleApplication@394a79be
reloadAllAccessors: .PublisherSubscriberD3Reverse

===========================================================================================
----------------- testing Fri Oct 16 15:49:35 UTC 2020 /home/travis/build/icyphy/ptII/ptolemy/actor/lib/test/auto/PublisherSubscriberExpression.xml
----------------- Instantiating /home/travis/build/icyphy/ptII/ptolemy/actor/lib/test/auto/PublisherSubscriberExpression.xml
3 ms. Memory: 453632K Free: 306688K (68%)
----------------- Invoking toplevel() on ptolemy.moml.MoMLSimpleApplication@1d4a06e1
----------------- Done invoking toplevel() on ptolemy.moml.MoMLSimpleApplication@1d4a06e1
reloadAllAccessors: .PublisherSubscriberExpression

===========================================================================================
----------------- testing Fri Oct 16 15:49:35 UTC 2020 /home/travis/build/icyphy/ptII/ptolemy/actor/lib/test/auto/PublisherSubscriberOpaque.xml
----------------- Instantiating /home/travis/build/icyphy/ptII/ptolemy/actor/lib/test/auto/PublisherSubscriberOpaque.xml
3 ms. Memory: 453632K Free: 298496K (66%)
----------------- Invoking toplevel() on ptolemy.moml.MoMLSimpleApplication@6bff6820
----------------- Done invoking toplevel() on ptolemy.moml.MoMLSimpleApplication@6bff6820
reloadAllAccessors: .PublisherSubscriberOpaque

===========================================================================================
----------------- testing Fri Oct 16 15:49:35 UTC 2020 /home/travis/build/icyphy/ptII/ptolemy/actor/lib/test/auto/PublisherSubscriberOpaqueD3.xml
----------------- Instantiating /home/travis/build/icyphy/ptII/ptolemy/actor/lib/test/auto/PublisherSubscriberOpaqueD3.xml
4 ms. Memory: 453632K Free: 287232K (63%)
----------------- Invoking toplevel() on ptolemy.moml.MoMLSimpleApplication@1c280808
----------------- Done invoking toplevel() on ptolemy.moml.MoMLSimpleApplication@1c280808
reloadAllAccessors: .PublisherSubscriberOpaqueD3

===========================================================================================
----------------- testing Fri Oct 16 15:49:35 UTC 2020 /home/travis/build/icyphy/ptII/ptolemy/actor/lib/test/auto/PublisherSubscriberOpaqueD3Reverse.xml
----------------- Instantiating /home/travis/build/icyphy/ptII/ptolemy/actor/lib/test/auto/PublisherSubscriberOpaqueD3Reverse.xml
6 ms. Memory: 453632K Free: 276478K (61%)
----------------- Invoking toplevel() on ptolemy.moml.MoMLSimpleApplication@7bbe2fd8
----------------- Done invoking toplevel() on ptolemy.moml.MoMLSimpleApplication@7bbe2fd8
reloadAllAccessors: .PublisherSubscriberOpaqueD3Reverse

===========================================================================================
----------------- testing Fri Oct 16 15:49:35 UTC 2020 /home/travis/build/icyphy/ptII/ptolemy/actor/lib/test/auto/PublisherSubscriberOpaqueWidthInference.xml
----------------- Instantiating /home/travis/build/icyphy/ptII/ptolemy/actor/lib/test/auto/PublisherSubscriberOpaqueWidthInference.xml
3 ms. Memory: 453632K Free: 267776K (59%)
----------------- Invoking toplevel() on ptolemy.moml.MoMLSimpleApplication@209c8212
----------------- Done invoking toplevel() on ptolemy.moml.MoMLSimpleApplication@209c8212
reloadAllAccessors: .PublisherSubscriberOpaqueWidthInference

===========================================================================================
----------------- testing Fri Oct 16 15:49:35 UTC 2020 /home/travis/build/icyphy/ptII/ptolemy/actor/lib/test/auto/PublisherTestSubscriber.xml
----------------- Instantiating /home/travis/build/icyphy/ptII/ptolemy/actor/lib/test/auto/PublisherTestSubscriber.xml
2 ms. Memory: 453632K Free: 260087K (57%)
----------------- Invoking toplevel() on ptolemy.moml.MoMLSimpleApplication@7a3ac9d4
----------------- Done invoking toplevel() on ptolemy.moml.MoMLSimpleApplication@7a3ac9d4
reloadAllAccessors: .PublisherTestSubscriber

===========================================================================================
----------------- testing Fri Oct 16 15:49:35 UTC 2020 /home/travis/build/icyphy/ptII/ptolemy/actor/lib/test/auto/PublisherToplevelSubscriberPortAOC.xml
----------------- Instantiating /home/travis/build/icyphy/ptII/ptolemy/actor/lib/test/auto/PublisherToplevelSubscriberPortAOC.xml
1 ms. Memory: 453632K Free: 253935K (56%)
----------------- Invoking toplevel() on ptolemy.moml.MoMLSimpleApplication@3af9a6fc
----------------- Done invoking toplevel() on ptolemy.moml.MoMLSimpleApplication@3af9a6fc
reloadAllAccessors: .PublisherToplevelSubscriberPortAOC

===========================================================================================
----------------- testing Fri Oct 16 15:49:35 UTC 2020 /home/travis/build/icyphy/ptII/ptolemy/actor/lib/test/auto/PulseFiringLimitDE.xml
----------------- Instantiating /home/travis/build/icyphy/ptII/ptolemy/actor/lib/test/auto/PulseFiringLimitDE.xml
2 ms. Memory: 453632K Free: 247806K (55%)
----------------- Invoking toplevel() on ptolemy.moml.MoMLSimpleApplication@1b84368a
----------------- Done invoking toplevel() on ptolemy.moml.MoMLSimpleApplication@1b84368a
reloadAllAccessors: .PulseFiringLimitDE

===========================================================================================
----------------- testing Fri Oct 16 15:49:35 UTC 2020 /home/travis/build/icyphy/ptII/ptolemy/actor/lib/test/auto/Ramp1.xml
----------------- Instantiating /home/travis/build/icyphy/ptII/ptolemy/actor/lib/test/auto/Ramp1.xml
1 ms. Memory: 453632K Free: 243695K (54%)
----------------- Invoking toplevel() on ptolemy.moml.MoMLSimpleApplication@288e98ed
----------------- Done invoking toplevel() on ptolemy.moml.MoMLSimpleApplication@288e98ed
reloadAllAccessors: .Ramp1

===========================================================================================
----------------- testing Fri Oct 16 15:49:35 UTC 2020 /home/travis/build/icyphy/ptII/ptolemy/actor/lib/test/auto/RampFiringLimitDE.xml
----------------- Instantiating /home/travis/build/icyphy/ptII/ptolemy/actor/lib/test/auto/RampFiringLimitDE.xml
2 ms. Memory: 453632K Free: 237551K (52%)
----------------- Invoking toplevel() on ptolemy.moml.MoMLSimpleApplication@45f31957
----------------- Done invoking toplevel() on ptolemy.moml.MoMLSimpleApplication@45f31957
reloadAllAccessors: .RampFiringLimitDE

===========================================================================================
----------------- testing Fri Oct 16 15:49:35 UTC 2020 /home/travis/build/icyphy/ptII/ptolemy/actor/lib/test/auto/RampFiringLimitSDF.xml
----------------- Instantiating /home/travis/build/icyphy/ptII/ptolemy/actor/lib/test/auto/RampFiringLimitSDF.xml
3 ms. Memory: 453632K Free: 232415K (51%)
----------------- Invoking toplevel() on ptolemy.moml.MoMLSimpleApplication@36fc26fd
----------------- Done invoking toplevel() on ptolemy.moml.MoMLSimpleApplication@36fc26fd
reloadAllAccessors: .RampFiringLimitSDF

===========================================================================================
----------------- testing Fri Oct 16 15:49:35 UTC 2020 /home/travis/build/icyphy/ptII/ptolemy/actor/lib/test/auto/RandomInteger.xml
----------------- Instantiating /home/travis/build/icyphy/ptII/ptolemy/actor/lib/test/auto/RandomInteger.xml
1 ms. Memory: 453632K Free: 228350K (50%)
----------------- Invoking toplevel() on ptolemy.moml.MoMLSimpleApplication@34cad2bc
----------------- Done invoking toplevel() on ptolemy.moml.MoMLSimpleApplication@34cad2bc
reloadAllAccessors: .RandomInteger

===========================================================================================
----------------- testing Fri Oct 16 15:49:35 UTC 2020 /home/travis/build/icyphy/ptII/ptolemy/actor/lib/test/auto/ReadFile1.xml
----------------- Instantiating /home/travis/build/icyphy/ptII/ptolemy/actor/lib/test/auto/ReadFile1.xml
1 ms. Memory: 453632K Free: 223744K (49%)
----------------- Invoking toplevel() on ptolemy.moml.MoMLSimpleApplication@72f13638
----------------- Done invoking toplevel() on ptolemy.moml.MoMLSimpleApplication@72f13638
reloadAllAccessors: .ReadFile1

===========================================================================================
----------------- testing Fri Oct 16 15:49:35 UTC 2020 /home/travis/build/icyphy/ptII/ptolemy/actor/lib/test/auto/ReadFile2.xml
----------------- Instantiating /home/travis/build/icyphy/ptII/ptolemy/actor/lib/test/auto/ReadFile2.xml
1 ms. Memory: 453632K Free: 219648K (48%)
----------------- Invoking toplevel() on ptolemy.moml.MoMLSimpleApplication@5658b726
----------------- Done invoking toplevel() on ptolemy.moml.MoMLSimpleApplication@5658b726
reloadAllAccessors: .ReadFile2

===========================================================================================
----------------- testing Fri Oct 16 15:49:35 UTC 2020 /home/travis/build/icyphy/ptII/ptolemy/actor/lib/test/auto/Reader.xml
----------------- Instantiating /home/travis/build/icyphy/ptII/ptolemy/actor/lib/test/auto/Reader.xml
actor.lib.Reader is obsolete, use actor.lib.io.ExpressionReader instead
3 ms. Memory: 453632K Free: 215552K (48%)
----------------- Invoking toplevel() on ptolemy.moml.MoMLSimpleApplication@5d0d3e5a
----------------- Done invoking toplevel() on ptolemy.moml.MoMLSimpleApplication@5d0d3e5a
reloadAllAccessors: .Reader

===========================================================================================
----------------- testing Fri Oct 16 15:49:35 UTC 2020 /home/travis/build/icyphy/ptII/ptolemy/actor/lib/test/auto/RecordAssemblerDisplayNameTest.xml
----------------- Instantiating /home/travis/build/icyphy/ptII/ptolemy/actor/lib/test/auto/RecordAssemblerDisplayNameTest.xml
3213 ms. Memory: 453632K Free: 343552K (76%)
----------------- Invoking toplevel() on ptolemy.moml.MoMLSimpleApplication@683da530
----------------- Done invoking toplevel() on ptolemy.moml.MoMLSimpleApplication@683da530
reloadAllAccessors: .RecordAssemblerDisplayNameTest

===========================================================================================
----------------- testing Fri Oct 16 15:49:38 UTC 2020 /home/travis/build/icyphy/ptII/ptolemy/actor/lib/test/auto/RecordAssemblerTypeError.xml
----------------- Instantiating /home/travis/build/icyphy/ptII/ptolemy/actor/lib/test/auto/RecordAssemblerTypeError.xml
7 ms. Memory: 453632K Free: 333822K (74%)
----------------- Invoking toplevel() on ptolemy.moml.MoMLSimpleApplication@e350a65
----------------- Done invoking toplevel() on ptolemy.moml.MoMLSimpleApplication@e350a65
reloadAllAccessors: .RecordAssemblerTypeError

===========================================================================================
----------------- testing Fri Oct 16 15:49:38 UTC 2020 /home/travis/build/icyphy/ptII/ptolemy/actor/lib/test/auto/RecordDisassember.xml
----------------- Instantiating /home/travis/build/icyphy/ptII/ptolemy/actor/lib/test/auto/RecordDisassember.xml
10 ms. Memory: 453632K Free: 329216K (73%)
----------------- Invoking toplevel() on ptolemy.moml.MoMLSimpleApplication@78f80aae
----------------- Done invoking toplevel() on ptolemy.moml.MoMLSimpleApplication@78f80aae
reloadAllAccessors: .RecordDisassember

===========================================================================================
----------------- testing Fri Oct 16 15:49:38 UTC 2020 /home/travis/build/icyphy/ptII/ptolemy/actor/lib/test/auto/RecordDisassemberDisplayNameTest.xml
----------------- Instantiating /home/travis/build/icyphy/ptII/ptolemy/actor/lib/test/auto/RecordDisassemberDisplayNameTest.xml
4 ms. Memory: 453632K Free: 321534K (71%)
----------------- Invoking toplevel() on ptolemy.moml.MoMLSimpleApplication@3b45d171
----------------- Done invoking toplevel() on ptolemy.moml.MoMLSimpleApplication@3b45d171
reloadAllAccessors: .RecordDisassemberDisplayNameTest

===========================================================================================
----------------- testing Fri Oct 16 15:49:38 UTC 2020 /home/travis/build/icyphy/ptII/ptolemy/actor/lib/test/auto/RecordDisassembler.xml
----------------- Instantiating /home/travis/build/icyphy/ptII/ptolemy/actor/lib/test/auto/RecordDisassembler.xml
2 ms. Memory: 453632K Free: 316399K (70%)
----------------- Invoking toplevel() on ptolemy.moml.MoMLSimpleApplication@6711d002
----------------- Done invoking toplevel() on ptolemy.moml.MoMLSimpleApplication@6711d002
reloadAllAccessors: .RecordDisassembler

===========================================================================================
----------------- testing Fri Oct 16 15:49:38 UTC 2020 /home/travis/build/icyphy/ptII/ptolemy/actor/lib/test/auto/RecordDisassembler2.xml
----------------- Instantiating /home/travis/build/icyphy/ptII/ptolemy/actor/lib/test/auto/RecordDisassembler2.xml
2 ms. Memory: 453632K Free: 311279K (69%)
----------------- Invoking toplevel() on ptolemy.moml.MoMLSimpleApplication@6544b4c1
----------------- Done invoking toplevel() on ptolemy.moml.MoMLSimpleApplication@6544b4c1
reloadAllAccessors: .RecordDisassembler2

===========================================================================================
----------------- testing Fri Oct 16 15:49:38 UTC 2020 /home/travis/build/icyphy/ptII/ptolemy/actor/lib/test/auto/RecordUpdater.xml
----------------- Instantiating /home/travis/build/icyphy/ptII/ptolemy/actor/lib/test/auto/RecordUpdater.xml
1 ms. Memory: 453632K Free: 306688K (68%)
----------------- Invoking toplevel() on ptolemy.moml.MoMLSimpleApplication@649a7c49
----------------- Done invoking toplevel() on ptolemy.moml.MoMLSimpleApplication@649a7c49
reloadAllAccessors: .RecordUpdater

===========================================================================================
----------------- testing Fri Oct 16 15:49:38 UTC 2020 /home/travis/build/icyphy/ptII/ptolemy/actor/lib/test/auto/RecordUpdater2.xml
----------------- Instantiating /home/travis/build/icyphy/ptII/ptolemy/actor/lib/test/auto/RecordUpdater2.xml
1 ms. Memory: 453632K Free: 301568K (66%)
----------------- Invoking toplevel() on ptolemy.moml.MoMLSimpleApplication@46b4d38
----------------- Done invoking toplevel() on ptolemy.moml.MoMLSimpleApplication@46b4d38
reloadAllAccessors: .RecordUpdater2

===========================================================================================
----------------- testing Fri Oct 16 15:49:38 UTC 2020 /home/travis/build/icyphy/ptII/ptolemy/actor/lib/test/auto/RecursiveLattice.xml
----------------- Instantiating /home/travis/build/icyphy/ptII/ptolemy/actor/lib/test/auto/RecursiveLattice.xml
1 ms. Memory: 453632K Free: 297472K (66%)
----------------- Invoking toplevel() on ptolemy.moml.MoMLSimpleApplication@6b2dc522
----------------- Done invoking toplevel() on ptolemy.moml.MoMLSimpleApplication@6b2dc522
reloadAllAccessors: .RecursiveLattice

===========================================================================================
----------------- testing Fri Oct 16 15:49:38 UTC 2020 /home/travis/build/icyphy/ptII/ptolemy/actor/lib/test/auto/Router.xml
----------------- Instantiating /home/travis/build/icyphy/ptII/ptolemy/actor/lib/test/auto/Router.xml
3003 ms. Memory: 453632K Free: 285694K (63%)
----------------- Invoking toplevel() on ptolemy.moml.MoMLSimpleApplication@683eb25a
----------------- Done invoking toplevel() on ptolemy.moml.MoMLSimpleApplication@683eb25a
reloadAllAccessors: .Router

===========================================================================================
----------------- testing Fri Oct 16 15:49:41 UTC 2020 /home/travis/build/icyphy/ptII/ptolemy/actor/lib/test/auto/Router2.xml
----------------- Instantiating /home/travis/build/icyphy/ptII/ptolemy/actor/lib/test/auto/Router2.xml
3003 ms. Memory: 453632K Free: 272896K (60%)
----------------- Invoking toplevel() on ptolemy.moml.MoMLSimpleApplication@70f40721
----------------- Done invoking toplevel() on ptolemy.moml.MoMLSimpleApplication@70f40721
reloadAllAccessors: .Router2

===========================================================================================
----------------- testing Fri Oct 16 15:49:44 UTC 2020 /home/travis/build/icyphy/ptII/ptolemy/actor/lib/test/auto/RunningMaximum.xml
----------------- Instantiating /home/travis/build/icyphy/ptII/ptolemy/actor/lib/test/auto/RunningMaximum.xml
1 ms. Memory: 453632K Free: 268286K (59%)
----------------- Invoking toplevel() on ptolemy.moml.MoMLSimpleApplication@175695a6
----------------- Done invoking toplevel() on ptolemy.moml.MoMLSimpleApplication@175695a6
reloadAllAccessors: .RunningMaximum

===========================================================================================
----------------- testing Fri Oct 16 15:49:44 UTC 2020 /home/travis/build/icyphy/ptII/ptolemy/actor/lib/test/auto/RunningMinimum.xml
----------------- Instantiating /home/travis/build/icyphy/ptII/ptolemy/actor/lib/test/auto/RunningMinimum.xml
7 ms. Memory: 453632K Free: 263166K (58%)
----------------- Invoking toplevel() on ptolemy.moml.MoMLSimpleApplication@1393b25d
----------------- Done invoking toplevel() on ptolemy.moml.MoMLSimpleApplication@1393b25d
reloadAllAccessors: .RunningMinimum

===========================================================================================
----------------- testing Fri Oct 16 15:49:44 UTC 2020 /home/travis/build/icyphy/ptII/ptolemy/actor/lib/test/auto/Scale.xml
----------------- Instantiating /home/travis/build/icyphy/ptII/ptolemy/actor/lib/test/auto/Scale.xml
1 ms. Memory: 453632K Free: 258560K (57%)
----------------- Invoking toplevel() on ptolemy.moml.MoMLSimpleApplication@142288f5
----------------- Done invoking toplevel() on ptolemy.moml.MoMLSimpleApplication@142288f5
reloadAllAccessors: .Scale

===========================================================================================
----------------- testing Fri Oct 16 15:49:44 UTC 2020 /home/travis/build/icyphy/ptII/ptolemy/actor/lib/test/auto/Scale2.xml
----------------- Instantiating /home/travis/build/icyphy/ptII/ptolemy/actor/lib/test/auto/Scale2.xml
1 ms. Memory: 453632K Free: 253950K (56%)
----------------- Invoking toplevel() on ptolemy.moml.MoMLSimpleApplication@25ff951
----------------- Done invoking toplevel() on ptolemy.moml.MoMLSimpleApplication@25ff951
reloadAllAccessors: .Scale2

===========================================================================================
----------------- testing Fri Oct 16 15:49:44 UTC 2020 /home/travis/build/icyphy/ptII/ptolemy/actor/lib/test/auto/Scale3.xml
----------------- Instantiating /home/travis/build/icyphy/ptII/ptolemy/actor/lib/test/auto/Scale3.xml
11 ms. Memory: 453632K Free: 247806K (55%)
----------------- Invoking toplevel() on ptolemy.moml.MoMLSimpleApplication@24273d46
----------------- Done invoking toplevel() on ptolemy.moml.MoMLSimpleApplication@24273d46
reloadAllAccessors: .Scale3

===========================================================================================
----------------- testing Fri Oct 16 15:49:45 UTC 2020 /home/travis/build/icyphy/ptII/ptolemy/actor/lib/test/auto/ScaleArray.xml
----------------- Instantiating /home/travis/build/icyphy/ptII/ptolemy/actor/lib/test/auto/ScaleArray.xml
2 ms. Memory: 453632K Free: 243200K (54%)
----------------- Invoking toplevel() on ptolemy.moml.MoMLSimpleApplication@3938af0a
----------------- Done invoking toplevel() on ptolemy.moml.MoMLSimpleApplication@3938af0a
reloadAllAccessors: .ScaleArray

===========================================================================================
----------------- testing Fri Oct 16 15:49:45 UTC 2020 /home/travis/build/icyphy/ptII/ptolemy/actor/lib/test/auto/ScaleArray2.xml
----------------- Instantiating /home/travis/build/icyphy/ptII/ptolemy/actor/lib/test/auto/ScaleArray2.xml
1 ms. Memory: 453632K Free: 238590K (53%)
----------------- Invoking toplevel() on ptolemy.moml.MoMLSimpleApplication@683b591f
----------------- Done invoking toplevel() on ptolemy.moml.MoMLSimpleApplication@683b591f
reloadAllAccessors: .ScaleArray2

===========================================================================================
----------------- testing Fri Oct 16 15:49:45 UTC 2020 /home/travis/build/icyphy/ptII/ptolemy/actor/lib/test/auto/ScaleMatrix.xml
----------------- Instantiating /home/travis/build/icyphy/ptII/ptolemy/actor/lib/test/auto/ScaleMatrix.xml
144 ms. Memory: 453632K Free: 225792K (50%)
----------------- Invoking toplevel() on ptolemy.moml.MoMLSimpleApplication@2707ec41
----------------- Done invoking toplevel() on ptolemy.moml.MoMLSimpleApplication@2707ec41
reloadAllAccessors: .ScaleMatrix

===========================================================================================
----------------- testing Fri Oct 16 15:49:45 UTC 2020 /home/travis/build/icyphy/ptII/ptolemy/actor/lib/test/auto/Select.xml
----------------- Instantiating /home/travis/build/icyphy/ptII/ptolemy/actor/lib/test/auto/Select.xml
2 ms. Memory: 453632K Free: 219648K (48%)
----------------- Invoking toplevel() on ptolemy.moml.MoMLSimpleApplication@264d73cd
----------------- Done invoking toplevel() on ptolemy.moml.MoMLSimpleApplication@264d73cd
reloadAllAccessors: .Select

===========================================================================================
----------------- testing Fri Oct 16 15:49:45 UTC 2020 /home/travis/build/icyphy/ptII/ptolemy/actor/lib/test/auto/Select2.xml
----------------- Instantiating /home/travis/build/icyphy/ptII/ptolemy/actor/lib/test/auto/Select2.xml
1 ms. Memory: 453632K Free: 215038K (47%)
----------------- Invoking toplevel() on ptolemy.moml.MoMLSimpleApplication@75ad489a
----------------- Done invoking toplevel() on ptolemy.moml.MoMLSimpleApplication@75ad489a
reloadAllAccessors: .Select2

===========================================================================================
----------------- testing Fri Oct 16 15:49:45 UTC 2020 /home/travis/build/icyphy/ptII/ptolemy/actor/lib/test/auto/SequenceToArray2.xml
----------------- Instantiating /home/travis/build/icyphy/ptII/ptolemy/actor/lib/test/auto/SequenceToArray2.xml
65 ms. Memory: 453632K Free: 190462K (42%)
----------------- Invoking toplevel() on ptolemy.moml.MoMLSimpleApplication@33bdf767
----------------- Done invoking toplevel() on ptolemy.moml.MoMLSimpleApplication@33bdf767
reloadAllAccessors: .SequenceToArray2

===========================================================================================
----------------- testing Fri Oct 16 15:49:45 UTC 2020 /home/travis/build/icyphy/ptII/ptolemy/actor/lib/test/auto/SequentialClock.xml
----------------- Instantiating /home/travis/build/icyphy/ptII/ptolemy/actor/lib/test/auto/SequentialClock.xml
1 ms. Memory: 453632K Free: 186366K (41%)
----------------- Invoking toplevel() on ptolemy.moml.MoMLSimpleApplication@6065ed90
----------------- Done invoking toplevel() on ptolemy.moml.MoMLSimpleApplication@6065ed90
reloadAllAccessors: .SequentialClock

===========================================================================================
----------------- testing Fri Oct 16 15:49:45 UTC 2020 /home/travis/build/icyphy/ptII/ptolemy/actor/lib/test/auto/SetVariable.xml
----------------- Instantiating /home/travis/build/icyphy/ptII/ptolemy/actor/lib/test/auto/SetVariable.xml
4 ms. Memory: 453632K Free: 181760K (40%)
----------------- Invoking toplevel() on ptolemy.moml.MoMLSimpleApplication@530b8282
----------------- Done invoking toplevel() on ptolemy.moml.MoMLSimpleApplication@530b8282
reloadAllAccessors: .SetVariable

===========================================================================================
----------------- testing Fri Oct 16 15:49:45 UTC 2020 /home/travis/build/icyphy/ptII/ptolemy/actor/lib/test/auto/SetVariable2.xml
----------------- Instantiating /home/travis/build/icyphy/ptII/ptolemy/actor/lib/test/auto/SetVariable2.xml
2 ms. Memory: 453632K Free: 176640K (39%)
----------------- Invoking toplevel() on ptolemy.moml.MoMLSimpleApplication@5466cec1
----------------- Done invoking toplevel() on ptolemy.moml.MoMLSimpleApplication@5466cec1
reloadAllAccessors: .SetVariable2

===========================================================================================
----------------- testing Fri Oct 16 15:49:45 UTC 2020 /home/travis/build/icyphy/ptII/ptolemy/actor/lib/test/auto/SetVariable3.xml
----------------- Instantiating /home/travis/build/icyphy/ptII/ptolemy/actor/lib/test/auto/SetVariable3.xml
6 ms. Memory: 453632K Free: 171520K (38%)
----------------- Invoking toplevel() on ptolemy.moml.MoMLSimpleApplication@35725640
----------------- Done invoking toplevel() on ptolemy.moml.MoMLSimpleApplication@35725640
reloadAllAccessors: .SetVariable3

===========================================================================================
----------------- testing Fri Oct 16 15:49:45 UTC 2020 /home/travis/build/icyphy/ptII/ptolemy/actor/lib/test/auto/SetVariable4.xml
----------------- Instantiating /home/travis/build/icyphy/ptII/ptolemy/actor/lib/test/auto/SetVariable4.xml
12 ms. Memory: 453632K Free: 161280K (36%)
----------------- Invoking toplevel() on ptolemy.moml.MoMLSimpleApplication@63b53f61
----------------- Done invoking toplevel() on ptolemy.moml.MoMLSimpleApplication@63b53f61
reloadAllAccessors: .SetVariable4

===========================================================================================
----------------- testing Fri Oct 16 15:49:45 UTC 2020 /home/travis/build/icyphy/ptII/ptolemy/actor/lib/test/auto/SetVariable5.xml
----------------- Instantiating /home/travis/build/icyphy/ptII/ptolemy/actor/lib/test/auto/SetVariable5.xml
19 ms. Memory: 453632K Free: 152064K (34%)
----------------- Invoking toplevel() on ptolemy.moml.MoMLSimpleApplication@49597800
----------------- Done invoking toplevel() on ptolemy.moml.MoMLSimpleApplication@49597800
reloadAllAccessors: .SetVariable5

===========================================================================================
----------------- testing Fri Oct 16 15:49:45 UTC 2020 /home/travis/build/icyphy/ptII/ptolemy/actor/lib/test/auto/Sinewave.xml
----------------- Instantiating /home/travis/build/icyphy/ptII/ptolemy/actor/lib/test/auto/Sinewave.xml
3 ms. Memory: 453632K Free: 141824K (31%)
----------------- Invoking toplevel() on ptolemy.moml.MoMLSimpleApplication@4929d970
----------------- Done invoking toplevel() on ptolemy.moml.MoMLSimpleApplication@4929d970
reloadAllAccessors: .Sinewave

===========================================================================================
----------------- testing Fri Oct 16 15:49:45 UTC 2020 /home/travis/build/icyphy/ptII/ptolemy/actor/lib/test/auto/Sinewave2.xml
----------------- Instantiating /home/travis/build/icyphy/ptII/ptolemy/actor/lib/test/auto/Sinewave2.xml
3 ms. Memory: 453632K Free: 133632K (29%)
----------------- Invoking toplevel() on ptolemy.moml.MoMLSimpleApplication@4de8cbe5
----------------- Done invoking toplevel() on ptolemy.moml.MoMLSimpleApplication@4de8cbe5
reloadAllAccessors: .Sinewave2

===========================================================================================
----------------- testing Fri Oct 16 15:49:45 UTC 2020 /home/travis/build/icyphy/ptII/ptolemy/actor/lib/test/auto/Sinewave3.xml
----------------- Instantiating /home/travis/build/icyphy/ptII/ptolemy/actor/lib/test/auto/Sinewave3.xml
5 ms. Memory: 453632K Free: 390843K (86%)
----------------- Invoking toplevel() on ptolemy.moml.MoMLSimpleApplication@2786d914
----------------- Done invoking toplevel() on ptolemy.moml.MoMLSimpleApplication@2786d914
reloadAllAccessors: .Sinewave3

===========================================================================================
----------------- testing Fri Oct 16 15:49:45 UTC 2020 /home/travis/build/icyphy/ptII/ptolemy/actor/lib/test/auto/SingleEvent.xml
----------------- Instantiating /home/travis/build/icyphy/ptII/ptolemy/actor/lib/test/auto/SingleEvent.xml
1 ms. Memory: 453632K Free: 386747K (85%)
----------------- Invoking toplevel() on ptolemy.moml.MoMLSimpleApplication@22caccc1
----------------- Done invoking toplevel() on ptolemy.moml.MoMLSimpleApplication@22caccc1
reloadAllAccessors: .SingleEvent

===========================================================================================
----------------- testing Fri Oct 16 15:49:45 UTC 2020 /home/travis/build/icyphy/ptII/ptolemy/actor/lib/test/auto/Sleep.xml
----------------- Instantiating /home/travis/build/icyphy/ptII/ptolemy/actor/lib/test/auto/Sleep.xml
6003 ms. Memory: 453632K Free: 381099K (84%)
----------------- Invoking toplevel() on ptolemy.moml.MoMLSimpleApplication@3c03e540
----------------- Done invoking toplevel() on ptolemy.moml.MoMLSimpleApplication@3c03e540
reloadAllAccessors: .Sleep

===========================================================================================
----------------- testing Fri Oct 16 15:49:51 UTC 2020 /home/travis/build/icyphy/ptII/ptolemy/actor/lib/test/auto/SleepMultipleFire.xml
----------------- Instantiating /home/travis/build/icyphy/ptII/ptolemy/actor/lib/test/auto/SleepMultipleFire.xml
1013 ms. Memory: 453632K Free: 375483K (83%)
----------------- Invoking toplevel() on ptolemy.moml.MoMLSimpleApplication@4946afdf
----------------- Done invoking toplevel() on ptolemy.moml.MoMLSimpleApplication@4946afdf
reloadAllAccessors: .SleepMultipleFire

===========================================================================================
----------------- testing Fri Oct 16 15:49:52 UTC 2020 /home/travis/build/icyphy/ptII/ptolemy/actor/lib/test/auto/StopDE.xml
----------------- Instantiating /home/travis/build/icyphy/ptII/ptolemy/actor/lib/test/auto/StopDE.xml
3 ms. Memory: 453632K Free: 369849K (82%)
----------------- Invoking toplevel() on ptolemy.moml.MoMLSimpleApplication@6067207c
----------------- Done invoking toplevel() on ptolemy.moml.MoMLSimpleApplication@6067207c
reloadAllAccessors: .StopDE

===========================================================================================
----------------- testing Fri Oct 16 15:49:52 UTC 2020 /home/travis/build/icyphy/ptII/ptolemy/actor/lib/test/auto/StopSDF.xml
----------------- Instantiating /home/travis/build/icyphy/ptII/ptolemy/actor/lib/test/auto/StopSDF.xml
4 ms. Memory: 453632K Free: 364729K (80%)
----------------- Invoking toplevel() on ptolemy.moml.MoMLSimpleApplication@6a625b44
----------------- Done invoking toplevel() on ptolemy.moml.MoMLSimpleApplication@6a625b44
reloadAllAccessors: .StopSDF

===========================================================================================
----------------- testing Fri Oct 16 15:49:52 UTC 2020 /home/travis/build/icyphy/ptII/ptolemy/actor/lib/test/auto/StringConstant.xml
----------------- Instantiating /home/travis/build/icyphy/ptII/ptolemy/actor/lib/test/auto/StringConstant.xml
9 ms. Memory: 453632K Free: 360121K (79%)
----------------- Invoking toplevel() on ptolemy.moml.MoMLSimpleApplication@cf4e7cb
----------------- Done invoking toplevel() on ptolemy.moml.MoMLSimpleApplication@cf4e7cb
reloadAllAccessors: .StringConstant

===========================================================================================
----------------- testing Fri Oct 16 15:49:52 UTC 2020 /home/travis/build/icyphy/ptII/ptolemy/actor/lib/test/auto/SubscriberPortInitialValues1.xml
----------------- Instantiating /home/travis/build/icyphy/ptII/ptolemy/actor/lib/test/auto/SubscriberPortInitialValues1.xml
7 ms. Memory: 453632K Free: 351417K (77%)
----------------- Invoking toplevel() on ptolemy.moml.MoMLSimpleApplication@d825cbc
----------------- Done invoking toplevel() on ptolemy.moml.MoMLSimpleApplication@d825cbc
reloadAllAccessors: .SubscriberPortInitialValues1

===========================================================================================
----------------- testing Fri Oct 16 15:49:52 UTC 2020 /home/travis/build/icyphy/ptII/ptolemy/actor/lib/test/auto/SubscriberPortInitialValues13.xml
----------------- Instantiating /home/travis/build/icyphy/ptII/ptolemy/actor/lib/test/auto/SubscriberPortInitialValues13.xml
4 ms. Memory: 453632K Free: 338619K (75%)
----------------- Invoking toplevel() on ptolemy.moml.MoMLSimpleApplication@5dd6807e
----------------- Done invoking toplevel() on ptolemy.moml.MoMLSimpleApplication@5dd6807e
reloadAllAccessors: .SubscriberPortInitialValues13

===========================================================================================
----------------- testing Fri Oct 16 15:49:52 UTC 2020 /home/travis/build/icyphy/ptII/ptolemy/actor/lib/test/auto/SubscriberPortInitialValues14.xml
----------------- Instantiating /home/travis/build/icyphy/ptII/ptolemy/actor/lib/test/auto/SubscriberPortInitialValues14.xml
4 ms. Memory: 453632K Free: 330937K (73%)
----------------- Invoking toplevel() on ptolemy.moml.MoMLSimpleApplication@271c14e6
----------------- Done invoking toplevel() on ptolemy.moml.MoMLSimpleApplication@271c14e6
reloadAllAccessors: .SubscriberPortInitialValues14

===========================================================================================
----------------- testing Fri Oct 16 15:49:52 UTC 2020 /home/travis/build/icyphy/ptII/ptolemy/actor/lib/test/auto/SubscriberPortInitialValues2.xml
----------------- Instantiating /home/travis/build/icyphy/ptII/ptolemy/actor/lib/test/auto/SubscriberPortInitialValues2.xml
3 ms. Memory: 453632K Free: 323259K (71%)
----------------- Invoking toplevel() on ptolemy.moml.MoMLSimpleApplication@7aa9961d
----------------- Done invoking toplevel() on ptolemy.moml.MoMLSimpleApplication@7aa9961d
reloadAllAccessors: .SubscriberPortInitialValues2

===========================================================================================
----------------- testing Fri Oct 16 15:49:52 UTC 2020 /home/travis/build/icyphy/ptII/ptolemy/actor/lib/test/auto/SubscriberPortInitialValues3.xml
----------------- Instantiating /home/travis/build/icyphy/ptII/ptolemy/actor/lib/test/auto/SubscriberPortInitialValues3.xml
3 ms. Memory: 453632K Free: 312505K (69%)
----------------- Invoking toplevel() on ptolemy.moml.MoMLSimpleApplication@522eb4ea
----------------- Done invoking toplevel() on ptolemy.moml.MoMLSimpleApplication@522eb4ea
reloadAllAccessors: .SubscriberPortInitialValues3

===========================================================================================
----------------- testing Fri Oct 16 15:49:52 UTC 2020 /home/travis/build/icyphy/ptII/ptolemy/actor/lib/test/auto/SubscriptionAggregator.xml
----------------- Instantiating /home/travis/build/icyphy/ptII/ptolemy/actor/lib/test/auto/SubscriptionAggregator.xml
2 ms. Memory: 453632K Free: 305851K (67%)
----------------- Invoking toplevel() on ptolemy.moml.MoMLSimpleApplication@22e9fcab
----------------- Done invoking toplevel() on ptolemy.moml.MoMLSimpleApplication@22e9fcab
reloadAllAccessors: .SubscriptionAggregator

===========================================================================================
----------------- testing Fri Oct 16 15:49:52 UTC 2020 /home/travis/build/icyphy/ptII/ptolemy/actor/lib/test/auto/SubscriptionAggregator2.xml
----------------- Instantiating /home/travis/build/icyphy/ptII/ptolemy/actor/lib/test/auto/SubscriptionAggregator2.xml
2 ms. Memory: 453632K Free: 299187K (66%)
----------------- Invoking toplevel() on ptolemy.moml.MoMLSimpleApplication@4beb58c8
----------------- Done invoking toplevel() on ptolemy.moml.MoMLSimpleApplication@4beb58c8
reloadAllAccessors: .SubscriptionAggregator2

===========================================================================================
----------------- testing Fri Oct 16 15:49:52 UTC 2020 /home/travis/build/icyphy/ptII/ptolemy/actor/lib/test/auto/SubscriptionAggregator3.xml
----------------- Instantiating /home/travis/build/icyphy/ptII/ptolemy/actor/lib/test/auto/SubscriptionAggregator3.xml
3 ms. Memory: 453632K Free: 290491K (64%)
----------------- Invoking toplevel() on ptolemy.moml.MoMLSimpleApplication@55fc9160
----------------- Done invoking toplevel() on ptolemy.moml.MoMLSimpleApplication@55fc9160
reloadAllAccessors: .SubscriptionAggregator3

===========================================================================================
----------------- testing Fri Oct 16 15:49:52 UTC 2020 /home/travis/build/icyphy/ptII/ptolemy/actor/lib/test/auto/SubscriptionAggregatorMultiply.xml
----------------- Instantiating /home/travis/build/icyphy/ptII/ptolemy/actor/lib/test/auto/SubscriptionAggregatorMultiply.xml
2 ms. Memory: 453632K Free: 281785K (62%)
----------------- Invoking toplevel() on ptolemy.moml.MoMLSimpleApplication@314fe479
----------------- Done invoking toplevel() on ptolemy.moml.MoMLSimpleApplication@314fe479
reloadAllAccessors: .SubscriptionAggregatorMultiply

===========================================================================================
----------------- testing Fri Oct 16 15:49:52 UTC 2020 /home/travis/build/icyphy/ptII/ptolemy/actor/lib/test/auto/SubscriptionAggregatorPortMultiply1.xml
----------------- Instantiating /home/travis/build/icyphy/ptII/ptolemy/actor/lib/test/auto/SubscriptionAggregatorPortMultiply1.xml
4 ms. Memory: 453632K Free: 274107K (60%)
----------------- Invoking toplevel() on ptolemy.moml.MoMLSimpleApplication@2b6a5ff4
----------------- Done invoking toplevel() on ptolemy.moml.MoMLSimpleApplication@2b6a5ff4
reloadAllAccessors: .SubscriptionAggregatorPortMultiply1

===========================================================================================
----------------- testing Fri Oct 16 15:49:52 UTC 2020 /home/travis/build/icyphy/ptII/ptolemy/actor/lib/test/auto/Switch.xml
----------------- Instantiating /home/travis/build/icyphy/ptII/ptolemy/actor/lib/test/auto/Switch.xml
5 ms. Memory: 453632K Free: 265401K (59%)
----------------- Invoking toplevel() on ptolemy.moml.MoMLSimpleApplication@7d8b0f6a
----------------- Done invoking toplevel() on ptolemy.moml.MoMLSimpleApplication@7d8b0f6a
reloadAllAccessors: .Switch

===========================================================================================
----------------- testing Fri Oct 16 15:49:52 UTC 2020 /home/travis/build/icyphy/ptII/ptolemy/actor/lib/test/auto/Switch2.xml
----------------- Instantiating /home/travis/build/icyphy/ptII/ptolemy/actor/lib/test/auto/Switch2.xml
1 ms. Memory: 453632K Free: 260795K (57%)
----------------- Invoking toplevel() on ptolemy.moml.MoMLSimpleApplication@ec1bf4c
----------------- Done invoking toplevel() on ptolemy.moml.MoMLSimpleApplication@ec1bf4c
reloadAllAccessors: .Switch2

===========================================================================================
----------------- testing Fri Oct 16 15:49:52 UTC 2020 /home/travis/build/icyphy/ptII/ptolemy/actor/lib/test/auto/SwitchDE.xml
----------------- Instantiating /home/travis/build/icyphy/ptII/ptolemy/actor/lib/test/auto/SwitchDE.xml
3 ms. Memory: 453632K Free: 254651K (56%)
----------------- Invoking toplevel() on ptolemy.moml.MoMLSimpleApplication@182d02ea
----------------- Done invoking toplevel() on ptolemy.moml.MoMLSimpleApplication@182d02ea
reloadAllAccessors: .SwitchDE

===========================================================================================
----------------- testing Fri Oct 16 15:49:52 UTC 2020 /home/travis/build/icyphy/ptII/ptolemy/actor/lib/test/auto/SynchronizerDE.xml
----------------- Instantiating /home/travis/build/icyphy/ptII/ptolemy/actor/lib/test/auto/SynchronizerDE.xml
5 ms. Memory: 453632K Free: 246459K (54%)
----------------- Invoking toplevel() on ptolemy.moml.MoMLSimpleApplication@60339be2
----------------- Done invoking toplevel() on ptolemy.moml.MoMLSimpleApplication@60339be2
reloadAllAccessors: .SynchronizerDE

===========================================================================================
----------------- testing Fri Oct 16 15:49:52 UTC 2020 /home/travis/build/icyphy/ptII/ptolemy/actor/lib/test/auto/Test.xml
----------------- Instantiating /home/travis/build/icyphy/ptII/ptolemy/actor/lib/test/auto/Test.xml
2 ms. Memory: 453632K Free: 241339K (53%)
----------------- Invoking toplevel() on ptolemy.moml.MoMLSimpleApplication@75c2fa66
----------------- Done invoking toplevel() on ptolemy.moml.MoMLSimpleApplication@75c2fa66
reloadAllAccessors: .Test

===========================================================================================
----------------- testing Fri Oct 16 15:49:52 UTC 2020 /home/travis/build/icyphy/ptII/ptolemy/actor/lib/test/auto/TestExceptionAttribute1.xml
----------------- Instantiating /home/travis/build/icyphy/ptII/ptolemy/actor/lib/test/auto/TestExceptionAttribute1.xml
1 ms. Memory: 453632K Free: 237753K (52%)
----------------- Invoking toplevel() on ptolemy.moml.MoMLSimpleApplication@7a5240f1
----------------- Done invoking toplevel() on ptolemy.moml.MoMLSimpleApplication@7a5240f1
reloadAllAccessors: .TestExceptionAttribute1

===========================================================================================
----------------- testing Fri Oct 16 15:49:52 UTC 2020 /home/travis/build/icyphy/ptII/ptolemy/actor/lib/test/auto/TestExceptionAttribute2.xml
----------------- Instantiating /home/travis/build/icyphy/ptII/ptolemy/actor/lib/test/auto/TestExceptionAttribute2.xml
1 ms. Memory: 453632K Free: 234171K (52%)
----------------- Invoking toplevel() on ptolemy.moml.MoMLSimpleApplication@557d3a83
----------------- Done invoking toplevel() on ptolemy.moml.MoMLSimpleApplication@557d3a83
reloadAllAccessors: .TestExceptionAttribute2

===========================================================================================
----------------- testing Fri Oct 16 15:49:52 UTC 2020 /home/travis/build/icyphy/ptII/ptolemy/actor/lib/test/auto/TestExceptionAttribute3.xml
----------------- Instantiating /home/travis/build/icyphy/ptII/ptolemy/actor/lib/test/auto/TestExceptionAttribute3.xml
.TestExceptionAttribute3.TestExceptionAttribute: initialize() was not invoked, but wrapup() was.  This is unusual, but not always a problem.  For example, exporting JNLP will do this.
1 ms. Memory: 453632K Free: 230585K (51%)
----------------- Invoking toplevel() on ptolemy.moml.MoMLSimpleApplication@7409c4ea
----------------- Done invoking toplevel() on ptolemy.moml.MoMLSimpleApplication@7409c4ea
reloadAllAccessors: .TestExceptionAttribute3

===========================================================================================
----------------- testing Fri Oct 16 15:49:52 UTC 2020 /home/travis/build/icyphy/ptII/ptolemy/actor/lib/test/auto/TestExceptionAttribute4.xml
----------------- Instantiating /home/travis/build/icyphy/ptII/ptolemy/actor/lib/test/auto/TestExceptionAttribute4.xml
.TestExceptionAttribute4.TestExceptionAttribute: initialize() was not invoked, but wrapup() was.  This is unusual, but not always a problem.  For example, exporting JNLP will do this.
.TestExceptionAttribute4.TestExceptionAttribute2: initialize() was not invoked, but wrapup() was.  This is unusual, but not always a problem.  For example, exporting JNLP will do this.
1 ms. Memory: 453632K Free: 226489K (50%)
----------------- Invoking toplevel() on ptolemy.moml.MoMLSimpleApplication@6ac0bdf6
----------------- Done invoking toplevel() on ptolemy.moml.MoMLSimpleApplication@6ac0bdf6
reloadAllAccessors: .TestExceptionAttribute4

===========================================================================================
----------------- testing Fri Oct 16 15:49:52 UTC 2020 /home/travis/build/icyphy/ptII/ptolemy/actor/lib/test/auto/TestExceptionHandler1.xml
----------------- Instantiating /home/travis/build/icyphy/ptII/ptolemy/actor/lib/test/auto/TestExceptionHandler1.xml
1 ms. Memory: 453632K Free: 222907K (49%)
----------------- Invoking toplevel() on ptolemy.moml.MoMLSimpleApplication@3ea77f76
----------------- Done invoking toplevel() on ptolemy.moml.MoMLSimpleApplication@3ea77f76
reloadAllAccessors: .TestExceptionHandler1

===========================================================================================
----------------- testing Fri Oct 16 15:49:52 UTC 2020 /home/travis/build/icyphy/ptII/ptolemy/actor/lib/test/auto/TestExceptionHandler2.xml
----------------- Instantiating /home/travis/build/icyphy/ptII/ptolemy/actor/lib/test/auto/TestExceptionHandler2.xml
1 ms. Memory: 453632K Free: 219321K (48%)
----------------- Invoking toplevel() on ptolemy.moml.MoMLSimpleApplication@676bd444
----------------- Done invoking toplevel() on ptolemy.moml.MoMLSimpleApplication@676bd444
reloadAllAccessors: .TestExceptionHandler2

===========================================================================================
----------------- testing Fri Oct 16 15:49:52 UTC 2020 /home/travis/build/icyphy/ptII/ptolemy/actor/lib/test/auto/TestExceptionHandler3.xml
----------------- Instantiating /home/travis/build/icyphy/ptII/ptolemy/actor/lib/test/auto/TestExceptionHandler3.xml
1 ms. Memory: 453632K Free: 215225K (47%)
----------------- Invoking toplevel() on ptolemy.moml.MoMLSimpleApplication@60a8b8b0
----------------- Done invoking toplevel() on ptolemy.moml.MoMLSimpleApplication@60a8b8b0
reloadAllAccessors: .TestExceptionHandler3

===========================================================================================
----------------- testing Fri Oct 16 15:49:52 UTC 2020 /home/travis/build/icyphy/ptII/ptolemy/actor/lib/test/auto/TestExceptionHandler4.xml
----------------- Instantiating /home/travis/build/icyphy/ptII/ptolemy/actor/lib/test/auto/TestExceptionHandler4.xml
1 ms. Memory: 453632K Free: 211129K (47%)
----------------- Invoking toplevel() on ptolemy.moml.MoMLSimpleApplication@5f97315b
----------------- Done invoking toplevel() on ptolemy.moml.MoMLSimpleApplication@5f97315b
reloadAllAccessors: .TestExceptionHandler4

===========================================================================================
----------------- testing Fri Oct 16 15:49:52 UTC 2020 /home/travis/build/icyphy/ptII/ptolemy/actor/lib/test/auto/TestRequireCorrectOrder.xml
----------------- Instantiating /home/travis/build/icyphy/ptII/ptolemy/actor/lib/test/auto/TestRequireCorrectOrder.xml
4 ms. Memory: 453632K Free: 205979K (45%)
----------------- Invoking toplevel() on ptolemy.moml.MoMLSimpleApplication@403babfc
----------------- Done invoking toplevel() on ptolemy.moml.MoMLSimpleApplication@403babfc
reloadAllAccessors: .TestRequireCorrectOrder

===========================================================================================
----------------- testing Fri Oct 16 15:49:52 UTC 2020 /home/travis/build/icyphy/ptII/ptolemy/actor/lib/test/auto/TestSimple.xml
----------------- Instantiating /home/travis/build/icyphy/ptII/ptolemy/actor/lib/test/auto/TestSimple.xml
1 ms. Memory: 453632K Free: 201913K (45%)
----------------- Invoking toplevel() on ptolemy.moml.MoMLSimpleApplication@4831e496
----------------- Done invoking toplevel() on ptolemy.moml.MoMLSimpleApplication@4831e496
reloadAllAccessors: .TestSimple

===========================================================================================
----------------- testing Fri Oct 16 15:49:52 UTC 2020 /home/travis/build/icyphy/ptII/ptolemy/actor/lib/test/auto/ThrowModelError.xml
----------------- Instantiating /home/travis/build/icyphy/ptII/ptolemy/actor/lib/test/auto/ThrowModelError.xml
1 ms. Memory: 453632K Free: 197307K (43%)
----------------- Invoking toplevel() on ptolemy.moml.MoMLSimpleApplication@7026a2b6
----------------- Done invoking toplevel() on ptolemy.moml.MoMLSimpleApplication@7026a2b6
reloadAllAccessors: .ThrowModelError

===========================================================================================
----------------- testing Fri Oct 16 15:49:52 UTC 2020 /home/travis/build/icyphy/ptII/ptolemy/actor/lib/test/auto/TimeDelayMicrosteps.xml
----------------- Instantiating /home/travis/build/icyphy/ptII/ptolemy/actor/lib/test/auto/TimeDelayMicrosteps.xml
2 ms. Memory: 453632K Free: 190619K (42%)
----------------- Invoking toplevel() on ptolemy.moml.MoMLSimpleApplication@5a1fa741
----------------- Done invoking toplevel() on ptolemy.moml.MoMLSimpleApplication@5a1fa741
reloadAllAccessors: .TimeDelayMicrosteps

===========================================================================================
----------------- testing Fri Oct 16 15:49:52 UTC 2020 /home/travis/build/icyphy/ptII/ptolemy/actor/lib/test/auto/TimeDelayMicrosteps2.xml
----------------- Instantiating /home/travis/build/icyphy/ptII/ptolemy/actor/lib/test/auto/TimeDelayMicrosteps2.xml
2 ms. Memory: 453632K Free: 183451K (40%)
----------------- Invoking toplevel() on ptolemy.moml.MoMLSimpleApplication@4a06f899
----------------- Done invoking toplevel() on ptolemy.moml.MoMLSimpleApplication@4a06f899
reloadAllAccessors: .TimeDelayMicrosteps2

===========================================================================================
----------------- testing Fri Oct 16 15:49:52 UTC 2020 /home/travis/build/icyphy/ptII/ptolemy/actor/lib/test/auto/TimeDelayMicrosteps3.xml
----------------- Instantiating /home/travis/build/icyphy/ptII/ptolemy/actor/lib/test/auto/TimeDelayMicrosteps3.xml
3 ms. Memory: 453632K Free: 176299K (39%)
----------------- Invoking toplevel() on ptolemy.moml.MoMLSimpleApplication@32226491
----------------- Done invoking toplevel() on ptolemy.moml.MoMLSimpleApplication@32226491
reloadAllAccessors: .TimeDelayMicrosteps3

===========================================================================================
----------------- testing Fri Oct 16 15:49:52 UTC 2020 /home/travis/build/icyphy/ptII/ptolemy/actor/lib/test/auto/TimeDelayVariableMicrosteps.xml
----------------- Instantiating /home/travis/build/icyphy/ptII/ptolemy/actor/lib/test/auto/TimeDelayVariableMicrosteps.xml
2 ms. Memory: 453632K Free: 169659K (37%)
----------------- Invoking toplevel() on ptolemy.moml.MoMLSimpleApplication@575897f1
----------------- Done invoking toplevel() on ptolemy.moml.MoMLSimpleApplication@575897f1
reloadAllAccessors: .TimeDelayVariableMicrosteps

===========================================================================================
----------------- testing Fri Oct 16 15:49:53 UTC 2020 /home/travis/build/icyphy/ptII/ptolemy/actor/lib/test/auto/TimeGap.xml
----------------- Instantiating /home/travis/build/icyphy/ptII/ptolemy/actor/lib/test/auto/TimeGap.xml
2 ms. Memory: 453632K Free: 164539K (36%)
----------------- Invoking toplevel() on ptolemy.moml.MoMLSimpleApplication@6ffdaad9
----------------- Done invoking toplevel() on ptolemy.moml.MoMLSimpleApplication@6ffdaad9
reloadAllAccessors: .TimeGap

===========================================================================================
----------------- testing Fri Oct 16 15:49:53 UTC 2020 /home/travis/build/icyphy/ptII/ptolemy/actor/lib/test/auto/TimeGap2.xml
----------------- Instantiating /home/travis/build/icyphy/ptII/ptolemy/actor/lib/test/auto/TimeGap2.xml
1 ms. Memory: 453632K Free: 158899K (35%)
----------------- Invoking toplevel() on ptolemy.moml.MoMLSimpleApplication@2751316e
----------------- Done invoking toplevel() on ptolemy.moml.MoMLSimpleApplication@2751316e
reloadAllAccessors: .TimeGap2

===========================================================================================
----------------- testing Fri Oct 16 15:49:53 UTC 2020 /home/travis/build/icyphy/ptII/ptolemy/actor/lib/test/auto/TimedSinewave.xml
----------------- Instantiating /home/travis/build/icyphy/ptII/ptolemy/actor/lib/test/auto/TimedSinewave.xml
17 ms. Memory: 453632K Free: 144569K (32%)
----------------- Invoking toplevel() on ptolemy.moml.MoMLSimpleApplication@31327771
----------------- Done invoking toplevel() on ptolemy.moml.MoMLSimpleApplication@31327771
reloadAllAccessors: .TimedSinewave

===========================================================================================
----------------- testing Fri Oct 16 15:49:53 UTC 2020 /home/travis/build/icyphy/ptII/ptolemy/actor/lib/test/auto/TimedSinewavePhase.xml
----------------- Instantiating /home/travis/build/icyphy/ptII/ptolemy/actor/lib/test/auto/TimedSinewavePhase.xml
8 ms. Memory: 453632K Free: 134843K (30%)
----------------- Invoking toplevel() on ptolemy.moml.MoMLSimpleApplication@1fb3a100
----------------- Done invoking toplevel() on ptolemy.moml.MoMLSimpleApplication@1fb3a100
reloadAllAccessors: .TimedSinewavePhase

===========================================================================================
----------------- testing Fri Oct 16 15:49:53 UTC 2020 /home/travis/build/icyphy/ptII/ptolemy/actor/lib/test/auto/Timer.xml
----------------- Instantiating /home/travis/build/icyphy/ptII/ptolemy/actor/lib/test/auto/Timer.xml
2 ms. Memory: 453632K Free: 396572K (87%)
----------------- Invoking toplevel() on ptolemy.moml.MoMLSimpleApplication@4fea42b4
----------------- Done invoking toplevel() on ptolemy.moml.MoMLSimpleApplication@4fea42b4
reloadAllAccessors: .Timer

===========================================================================================
----------------- testing Fri Oct 16 15:49:53 UTC 2020 /home/travis/build/icyphy/ptII/ptolemy/actor/lib/test/auto/TriangularDistTestModel.xml
----------------- Instantiating /home/travis/build/icyphy/ptII/ptolemy/actor/lib/test/auto/TriangularDistTestModel.xml
2 ms. Memory: 453632K Free: 390428K (86%)
----------------- Invoking toplevel() on ptolemy.moml.MoMLSimpleApplication@4e0175d4
----------------- Done invoking toplevel() on ptolemy.moml.MoMLSimpleApplication@4e0175d4
reloadAllAccessors: .TriangularDistTestModel

===========================================================================================
----------------- testing Fri Oct 16 15:49:53 UTC 2020 /home/travis/build/icyphy/ptII/ptolemy/actor/lib/test/auto/TrigFunction.xml
----------------- Instantiating /home/travis/build/icyphy/ptII/ptolemy/actor/lib/test/auto/TrigFunction.xml
1 ms. Memory: 453632K Free: 385836K (85%)
----------------- Invoking toplevel() on ptolemy.moml.MoMLSimpleApplication@68de31f8
----------------- Done invoking toplevel() on ptolemy.moml.MoMLSimpleApplication@68de31f8
reloadAllAccessors: .TrigFunction

===========================================================================================
----------------- testing Fri Oct 16 15:49:53 UTC 2020 /home/travis/build/icyphy/ptII/ptolemy/actor/lib/test/auto/TrigFunctionDE.xml
----------------- Instantiating /home/travis/build/icyphy/ptII/ptolemy/actor/lib/test/auto/TrigFunctionDE.xml
1 ms. Memory: 453632K Free: 380202K (84%)
----------------- Invoking toplevel() on ptolemy.moml.MoMLSimpleApplication@7faf9352
----------------- Done invoking toplevel() on ptolemy.moml.MoMLSimpleApplication@7faf9352
reloadAllAccessors: .TrigFunctionDE

===========================================================================================
----------------- testing Fri Oct 16 15:49:53 UTC 2020 /home/travis/build/icyphy/ptII/ptolemy/actor/lib/test/auto/TrigFunctionInverse.xml
----------------- Instantiating /home/travis/build/icyphy/ptII/ptolemy/actor/lib/test/auto/TrigFunctionInverse.xml
1 ms. Memory: 453632K Free: 375082K (83%)
----------------- Invoking toplevel() on ptolemy.moml.MoMLSimpleApplication@107169f0
----------------- Done invoking toplevel() on ptolemy.moml.MoMLSimpleApplication@107169f0
reloadAllAccessors: .TrigFunctionInverse

===========================================================================================
----------------- testing Fri Oct 16 15:49:53 UTC 2020 /home/travis/build/icyphy/ptII/ptolemy/actor/lib/test/auto/TrigFunctionTan.xml
----------------- Instantiating /home/travis/build/icyphy/ptII/ptolemy/actor/lib/test/auto/TrigFunctionTan.xml
1 ms. Memory: 453632K Free: 370986K (82%)
----------------- Invoking toplevel() on ptolemy.moml.MoMLSimpleApplication@42815e1d
----------------- Done invoking toplevel() on ptolemy.moml.MoMLSimpleApplication@42815e1d
reloadAllAccessors: .TrigFunctionTan

===========================================================================================
----------------- testing Fri Oct 16 15:49:53 UTC 2020 /home/travis/build/icyphy/ptII/ptolemy/actor/lib/test/auto/TriggeredClock.xml
----------------- Instantiating /home/travis/build/icyphy/ptII/ptolemy/actor/lib/test/auto/TriggeredClock.xml
1 ms. Memory: 453632K Free: 366348K (81%)
----------------- Invoking toplevel() on ptolemy.moml.MoMLSimpleApplication@17245594
----------------- Done invoking toplevel() on ptolemy.moml.MoMLSimpleApplication@17245594
reloadAllAccessors: .TriggeredClock

===========================================================================================
----------------- testing Fri Oct 16 15:49:53 UTC 2020 /home/travis/build/icyphy/ptII/ptolemy/actor/lib/test/auto/URLDirectoryReader.xml
----------------- Instantiating /home/travis/build/icyphy/ptII/ptolemy/actor/lib/test/auto/URLDirectoryReader.xml
34 ms. Memory: 453632K Free: 357674K (79%)
----------------- Invoking toplevel() on ptolemy.moml.MoMLSimpleApplication@7464a5d7
----------------- Done invoking toplevel() on ptolemy.moml.MoMLSimpleApplication@7464a5d7
reloadAllAccessors: .URLDirectoryReader

===========================================================================================
----------------- testing Fri Oct 16 15:49:53 UTC 2020 /home/travis/build/icyphy/ptII/ptolemy/actor/lib/test/auto/URLDirectoryReader3.xml
----------------- Instantiating /home/travis/build/icyphy/ptII/ptolemy/actor/lib/test/auto/URLDirectoryReader3.xml
1499 ms. Memory: 453632K Free: 390217K (86%)
----------------- Invoking toplevel() on ptolemy.moml.MoMLSimpleApplication@151f022
----------------- Done invoking toplevel() on ptolemy.moml.MoMLSimpleApplication@151f022
reloadAllAccessors: .URLDirectoryReader3

===========================================================================================
----------------- testing Fri Oct 16 15:49:55 UTC 2020 /home/travis/build/icyphy/ptII/ptolemy/actor/lib/test/auto/UnaryMathFunction.xml
----------------- Instantiating /home/travis/build/icyphy/ptII/ptolemy/actor/lib/test/auto/UnaryMathFunction.xml
3 ms. Memory: 453632K Free: 382535K (84%)
----------------- Invoking toplevel() on ptolemy.moml.MoMLSimpleApplication@3525011f
----------------- Done invoking toplevel() on ptolemy.moml.MoMLSimpleApplication@3525011f
reloadAllAccessors: .UnaryMathFunction

===========================================================================================
----------------- testing Fri Oct 16 15:49:55 UTC 2020 /home/travis/build/icyphy/ptII/ptolemy/actor/lib/test/auto/Uniform.xml
----------------- Instantiating /home/travis/build/icyphy/ptII/ptolemy/actor/lib/test/auto/Uniform.xml
1 ms. Memory: 453632K Free: 377415K (83%)
----------------- Invoking toplevel() on ptolemy.moml.MoMLSimpleApplication@1b3d978d
----------------- Done invoking toplevel() on ptolemy.moml.MoMLSimpleApplication@1b3d978d
reloadAllAccessors: .Uniform

===========================================================================================
----------------- testing Fri Oct 16 15:49:55 UTC 2020 /home/travis/build/icyphy/ptII/ptolemy/actor/lib/test/auto/UnionDisassemblerTest.xml
----------------- Instantiating /home/travis/build/icyphy/ptII/ptolemy/actor/lib/test/auto/UnionDisassemblerTest.xml
10 ms. Memory: 453632K Free: 372809K (82%)
----------------- Invoking toplevel() on ptolemy.moml.MoMLSimpleApplication@4188d9f8
----------------- Done invoking toplevel() on ptolemy.moml.MoMLSimpleApplication@4188d9f8
reloadAllAccessors: .UnionDisassemblerTest

===========================================================================================
----------------- testing Fri Oct 16 15:49:55 UTC 2020 /home/travis/build/icyphy/ptII/ptolemy/actor/lib/test/auto/UtilityFunctions.xml
----------------- Instantiating /home/travis/build/icyphy/ptII/ptolemy/actor/lib/test/auto/UtilityFunctions.xml
0 ms. Memory: 453632K Free: 368713K (81%)
----------------- Invoking toplevel() on ptolemy.moml.MoMLSimpleApplication@516d7297
----------------- Done invoking toplevel() on ptolemy.moml.MoMLSimpleApplication@516d7297
reloadAllAccessors: .UtilityFunctions

===========================================================================================
----------------- testing Fri Oct 16 15:49:55 UTC 2020 /home/travis/build/icyphy/ptII/ptolemy/actor/lib/test/auto/VariableSleep.xml
----------------- Instantiating /home/travis/build/icyphy/ptII/ptolemy/actor/lib/test/auto/VariableSleep.xml
502 ms. Memory: 453632K Free: 363593K (80%)
----------------- Invoking toplevel() on ptolemy.moml.MoMLSimpleApplication@6163c789
----------------- Done invoking toplevel() on ptolemy.moml.MoMLSimpleApplication@6163c789
reloadAllAccessors: .VariableSleep

===========================================================================================
----------------- testing Fri Oct 16 15:49:55 UTC 2020 /home/travis/build/icyphy/ptII/ptolemy/actor/lib/test/auto/VectorAssemblerDisassemblerCT.xml
----------------- Instantiating /home/travis/build/icyphy/ptII/ptolemy/actor/lib/test/auto/VectorAssemblerDisassemblerCT.xml
58 ms. Memory: 453632K Free: 343623K (76%)
----------------- Invoking toplevel() on ptolemy.moml.MoMLSimpleApplication@4a73efdb
----------------- Done invoking toplevel() on ptolemy.moml.MoMLSimpleApplication@4a73efdb
reloadAllAccessors: .VectorAssemblerDisassemblerCT

===========================================================================================
----------------- testing Fri Oct 16 15:49:55 UTC 2020 /home/travis/build/icyphy/ptII/ptolemy/actor/lib/test/auto/VectorAssemblerDisassemblerDE.xml
----------------- Instantiating /home/travis/build/icyphy/ptII/ptolemy/actor/lib/test/auto/VectorAssemblerDisassemblerDE.xml
2 ms. Memory: 453632K Free: 335945K (74%)
----------------- Invoking toplevel() on ptolemy.moml.MoMLSimpleApplication@ca28304
----------------- Done invoking toplevel() on ptolemy.moml.MoMLSimpleApplication@ca28304
reloadAllAccessors: .VectorAssemblerDisassemblerDE

===========================================================================================
----------------- testing Fri Oct 16 15:49:55 UTC 2020 /home/travis/build/icyphy/ptII/ptolemy/actor/lib/test/auto/VectorAssemblerDisassemblerSDF.xml
----------------- Instantiating /home/travis/build/icyphy/ptII/ptolemy/actor/lib/test/auto/VectorAssemblerDisassemblerSDF.xml
7 ms. Memory: 453632K Free: 329287K (73%)
----------------- Invoking toplevel() on ptolemy.moml.MoMLSimpleApplication@1a694635
----------------- Done invoking toplevel() on ptolemy.moml.MoMLSimpleApplication@1a694635
reloadAllAccessors: .VectorAssemblerDisassemblerSDF

===========================================================================================
----------------- testing Fri Oct 16 15:49:55 UTC 2020 /home/travis/build/icyphy/ptII/ptolemy/actor/lib/test/auto/WallClockTime.xml
----------------- Instantiating /home/travis/build/icyphy/ptII/ptolemy/actor/lib/test/auto/WallClockTime.xml
1003 ms. Memory: 453632K Free: 324167K (71%)
----------------- Invoking toplevel() on ptolemy.moml.MoMLSimpleApplication@d2834ec
----------------- Done invoking toplevel() on ptolemy.moml.MoMLSimpleApplication@d2834ec
reloadAllAccessors: .WallClockTime

===========================================================================================
----------------- testing Fri Oct 16 15:49:56 UTC 2020 /home/travis/build/icyphy/ptII/ptolemy/actor/lib/test/auto/WidthTestWithSubscriberPublisher.xml
----------------- Instantiating /home/travis/build/icyphy/ptII/ptolemy/actor/lib/test/auto/WidthTestWithSubscriberPublisher.xml
7 ms. Memory: 453632K Free: 306249K (68%)
----------------- Invoking toplevel() on ptolemy.moml.MoMLSimpleApplication@43ff4c3b
----------------- Done invoking toplevel() on ptolemy.moml.MoMLSimpleApplication@43ff4c3b
reloadAllAccessors: .WidthTestWithSubscriberPublisher

===========================================================================================
----------------- testing Fri Oct 16 15:49:56 UTC 2020 /home/travis/build/icyphy/ptII/ptolemy/actor/lib/test/auto/WidthTestWithSubscriberPublisher2.xml
----------------- Instantiating /home/travis/build/icyphy/ptII/ptolemy/actor/lib/test/auto/WidthTestWithSubscriberPublisher2.xml
2 ms. Memory: 453632K Free: 300105K (66%)
----------------- Invoking toplevel() on ptolemy.moml.MoMLSimpleApplication@69182248
----------------- Done invoking toplevel() on ptolemy.moml.MoMLSimpleApplication@69182248
reloadAllAccessors: .WidthTestWithSubscriberPublisher2

===========================================================================================
----------------- testing Fri Oct 16 15:49:57 UTC 2020 /home/travis/build/icyphy/ptII/ptolemy/actor/lib/test/auto/WidthTestWithSubscriberPublisher3.xml
----------------- Instantiating /home/travis/build/icyphy/ptII/ptolemy/actor/lib/test/auto/WidthTestWithSubscriberPublisher3.xml
2 ms. Memory: 453632K Free: 293447K (65%)
----------------- Invoking toplevel() on ptolemy.moml.MoMLSimpleApplication@4e73e0b8
----------------- Done invoking toplevel() on ptolemy.moml.MoMLSimpleApplication@4e73e0b8
reloadAllAccessors: .WidthTestWithSubscriberPublisher3

===========================================================================================
----------------- testing Fri Oct 16 15:49:57 UTC 2020 /home/travis/build/icyphy/ptII/ptolemy/actor/lib/test/auto/Writer.xml
----------------- Instantiating /home/travis/build/icyphy/ptII/ptolemy/actor/lib/test/auto/Writer.xml
0
1
2
3
4
1 ms. Memory: 453632K Free: 289337K (64%)
----------------- Invoking toplevel() on ptolemy.moml.MoMLSimpleApplication@2a270112
----------------- Done invoking toplevel() on ptolemy.moml.MoMLSimpleApplication@2a270112
reloadAllAccessors: .Writer

===========================================================================================
----------------- testing Fri Oct 16 15:49:57 UTC 2020 /home/travis/build/icyphy/ptII/ptolemy/actor/lib/test/auto/array.xml
----------------- Instantiating /home/travis/build/icyphy/ptII/ptolemy/actor/lib/test/auto/array.xml
2 ms. Memory: 453632K Free: 284745K (63%)
----------------- Invoking toplevel() on ptolemy.moml.MoMLSimpleApplication@5416910a
----------------- Done invoking toplevel() on ptolemy.moml.MoMLSimpleApplication@5416910a
reloadAllAccessors: .array

===========================================================================================
----------------- testing Fri Oct 16 15:49:57 UTC 2020 /home/travis/build/icyphy/ptII/ptolemy/actor/lib/test/auto/array2.xml
----------------- Instantiating /home/travis/build/icyphy/ptII/ptolemy/actor/lib/test/auto/array2.xml
4 ms. Memory: 453632K Free: 279625K (62%)
----------------- Invoking toplevel() on ptolemy.moml.MoMLSimpleApplication@6fca309
----------------- Done invoking toplevel() on ptolemy.moml.MoMLSimpleApplication@6fca309
reloadAllAccessors: .array2

===========================================================================================
----------------- testing Fri Oct 16 15:49:57 UTC 2020 /home/travis/build/icyphy/ptII/ptolemy/actor/lib/test/auto/arrayType.xml
----------------- Instantiating /home/travis/build/icyphy/ptII/ptolemy/actor/lib/test/auto/arrayType.xml
1 ms. Memory: 453632K Free: 274505K (61%)
----------------- Invoking toplevel() on ptolemy.moml.MoMLSimpleApplication@385f68e0
----------------- Done invoking toplevel() on ptolemy.moml.MoMLSimpleApplication@385f68e0
reloadAllAccessors: .arrayType

===========================================================================================
----------------- testing Fri Oct 16 15:49:57 UTC 2020 /home/travis/build/icyphy/ptII/ptolemy/actor/lib/test/auto/arrayType10.xml
----------------- Instantiating /home/travis/build/icyphy/ptII/ptolemy/actor/lib/test/auto/arrayType10.xml
1 ms. Memory: 453632K Free: 269385K (59%)
----------------- Invoking toplevel() on ptolemy.moml.MoMLSimpleApplication@620951e3
----------------- Done invoking toplevel() on ptolemy.moml.MoMLSimpleApplication@620951e3
reloadAllAccessors: .arrayType10

===========================================================================================
----------------- testing Fri Oct 16 15:49:57 UTC 2020 /home/travis/build/icyphy/ptII/ptolemy/actor/lib/test/auto/arrayType11.xml
----------------- Instantiating /home/travis/build/icyphy/ptII/ptolemy/actor/lib/test/auto/arrayType11.xml
1 ms. Memory: 453632K Free: 264775K (58%)
----------------- Invoking toplevel() on ptolemy.moml.MoMLSimpleApplication@5e0497ba
----------------- Done invoking toplevel() on ptolemy.moml.MoMLSimpleApplication@5e0497ba
reloadAllAccessors: .arrayType11

===========================================================================================
----------------- testing Fri Oct 16 15:49:57 UTC 2020 /home/travis/build/icyphy/ptII/ptolemy/actor/lib/test/auto/arrayType12.xml
----------------- Instantiating /home/travis/build/icyphy/ptII/ptolemy/actor/lib/test/auto/arrayType12.xml
1 ms. Memory: 453632K Free: 260169K (57%)
----------------- Invoking toplevel() on ptolemy.moml.MoMLSimpleApplication@56536207
----------------- Done invoking toplevel() on ptolemy.moml.MoMLSimpleApplication@56536207
reloadAllAccessors: .arrayType12

===========================================================================================
----------------- testing Fri Oct 16 15:49:57 UTC 2020 /home/travis/build/icyphy/ptII/ptolemy/actor/lib/test/auto/arrayType13.xml
----------------- Instantiating /home/travis/build/icyphy/ptII/ptolemy/actor/lib/test/auto/arrayType13.xml
1 ms. Memory: 453632K Free: 255049K (56%)
----------------- Invoking toplevel() on ptolemy.moml.MoMLSimpleApplication@27fe580a
----------------- Done invoking toplevel() on ptolemy.moml.MoMLSimpleApplication@27fe580a
reloadAllAccessors: .arrayType13

===========================================================================================
----------------- testing Fri Oct 16 15:49:57 UTC 2020 /home/travis/build/icyphy/ptII/ptolemy/actor/lib/test/auto/arrayType14.xml
----------------- Instantiating /home/travis/build/icyphy/ptII/ptolemy/actor/lib/test/auto/arrayType14.xml
1 ms. Memory: 453632K Free: 249929K (55%)
----------------- Invoking toplevel() on ptolemy.moml.MoMLSimpleApplication@7eaec4d9
----------------- Done invoking toplevel() on ptolemy.moml.MoMLSimpleApplication@7eaec4d9
reloadAllAccessors: .arrayType14

===========================================================================================
----------------- testing Fri Oct 16 15:49:57 UTC 2020 /home/travis/build/icyphy/ptII/ptolemy/actor/lib/test/auto/arrayType15.xml
----------------- Instantiating /home/travis/build/icyphy/ptII/ptolemy/actor/lib/test/auto/arrayType15.xml
2 ms. Memory: 453632K Free: 244295K (54%)
----------------- Invoking toplevel() on ptolemy.moml.MoMLSimpleApplication@1a11f120
----------------- Done invoking toplevel() on ptolemy.moml.MoMLSimpleApplication@1a11f120
reloadAllAccessors: .arrayType15

===========================================================================================
----------------- testing Fri Oct 16 15:49:57 UTC 2020 /home/travis/build/icyphy/ptII/ptolemy/actor/lib/test/auto/arrayType16.xml
----------------- Instantiating /home/travis/build/icyphy/ptII/ptolemy/actor/lib/test/auto/arrayType16.xml
1 ms. Memory: 453632K Free: 239175K (53%)
----------------- Invoking toplevel() on ptolemy.moml.MoMLSimpleApplication@5ce05275
----------------- Done invoking toplevel() on ptolemy.moml.MoMLSimpleApplication@5ce05275
reloadAllAccessors: .arrayType16

===========================================================================================
----------------- testing Fri Oct 16 15:49:57 UTC 2020 /home/travis/build/icyphy/ptII/ptolemy/actor/lib/test/auto/arrayType17.xml
----------------- Instantiating /home/travis/build/icyphy/ptII/ptolemy/actor/lib/test/auto/arrayType17.xml
1 ms. Memory: 453632K Free: 234055K (52%)
----------------- Invoking toplevel() on ptolemy.moml.MoMLSimpleApplication@1f0eeb8f
----------------- Done invoking toplevel() on ptolemy.moml.MoMLSimpleApplication@1f0eeb8f
reloadAllAccessors: .arrayType17

===========================================================================================
----------------- testing Fri Oct 16 15:49:57 UTC 2020 /home/travis/build/icyphy/ptII/ptolemy/actor/lib/test/auto/arrayType18.xml
----------------- Instantiating /home/travis/build/icyphy/ptII/ptolemy/actor/lib/test/auto/arrayType18.xml
1 ms. Memory: 453632K Free: 229449K (51%)
----------------- Invoking toplevel() on ptolemy.moml.MoMLSimpleApplication@688319c4
----------------- Done invoking toplevel() on ptolemy.moml.MoMLSimpleApplication@688319c4
reloadAllAccessors: .arrayType18

===========================================================================================
----------------- testing Fri Oct 16 15:49:57 UTC 2020 /home/travis/build/icyphy/ptII/ptolemy/actor/lib/test/auto/arrayType19.xml
----------------- Instantiating /home/travis/build/icyphy/ptII/ptolemy/actor/lib/test/auto/arrayType19.xml
1 ms. Memory: 453632K Free: 224329K (49%)
----------------- Invoking toplevel() on ptolemy.moml.MoMLSimpleApplication@4bb0eea1
----------------- Done invoking toplevel() on ptolemy.moml.MoMLSimpleApplication@4bb0eea1
reloadAllAccessors: .arrayType19

===========================================================================================
----------------- testing Fri Oct 16 15:49:57 UTC 2020 /home/travis/build/icyphy/ptII/ptolemy/actor/lib/test/auto/arrayType2.xml
----------------- Instantiating /home/travis/build/icyphy/ptII/ptolemy/actor/lib/test/auto/arrayType2.xml
1 ms. Memory: 453632K Free: 219209K (48%)
----------------- Invoking toplevel() on ptolemy.moml.MoMLSimpleApplication@2b507afd
----------------- Done invoking toplevel() on ptolemy.moml.MoMLSimpleApplication@2b507afd
reloadAllAccessors: .arrayType2

===========================================================================================
----------------- testing Fri Oct 16 15:49:57 UTC 2020 /home/travis/build/icyphy/ptII/ptolemy/actor/lib/test/auto/arrayType20.xml
----------------- Instantiating /home/travis/build/icyphy/ptII/ptolemy/actor/lib/test/auto/arrayType20.xml
1 ms. Memory: 453632K Free: 214599K (47%)
----------------- Invoking toplevel() on ptolemy.moml.MoMLSimpleApplication@b344380
----------------- Done invoking toplevel() on ptolemy.moml.MoMLSimpleApplication@b344380
reloadAllAccessors: .arrayType20

===========================================================================================
----------------- testing Fri Oct 16 15:49:57 UTC 2020 /home/travis/build/icyphy/ptII/ptolemy/actor/lib/test/auto/arrayType21.xml
----------------- Instantiating /home/travis/build/icyphy/ptII/ptolemy/actor/lib/test/auto/arrayType21.xml
1 ms. Memory: 453632K Free: 209993K (46%)
----------------- Invoking toplevel() on ptolemy.moml.MoMLSimpleApplication@6c82849
----------------- Done invoking toplevel() on ptolemy.moml.MoMLSimpleApplication@6c82849
reloadAllAccessors: .arrayType21

===========================================================================================
----------------- testing Fri Oct 16 15:49:57 UTC 2020 /home/travis/build/icyphy/ptII/ptolemy/actor/lib/test/auto/arrayType22.xml
----------------- Instantiating /home/travis/build/icyphy/ptII/ptolemy/actor/lib/test/auto/arrayType22.xml
1 ms. Memory: 453632K Free: 204873K (45%)
----------------- Invoking toplevel() on ptolemy.moml.MoMLSimpleApplication@40e28968
----------------- Done invoking toplevel() on ptolemy.moml.MoMLSimpleApplication@40e28968
reloadAllAccessors: .arrayType22

===========================================================================================
----------------- testing Fri Oct 16 15:49:57 UTC 2020 /home/travis/build/icyphy/ptII/ptolemy/actor/lib/test/auto/arrayType23.xml
----------------- Instantiating /home/travis/build/icyphy/ptII/ptolemy/actor/lib/test/auto/arrayType23.xml
1 ms. Memory: 453632K Free: 200263K (44%)
----------------- Invoking toplevel() on ptolemy.moml.MoMLSimpleApplication@1c09b265
----------------- Done invoking toplevel() on ptolemy.moml.MoMLSimpleApplication@1c09b265
reloadAllAccessors: .arrayType23

===========================================================================================
----------------- testing Fri Oct 16 15:49:57 UTC 2020 /home/travis/build/icyphy/ptII/ptolemy/actor/lib/test/auto/arrayType24.xml
----------------- Instantiating /home/travis/build/icyphy/ptII/ptolemy/actor/lib/test/auto/arrayType24.xml
1 ms. Memory: 453632K Free: 195657K (43%)
----------------- Invoking toplevel() on ptolemy.moml.MoMLSimpleApplication@1c258a3a
----------------- Done invoking toplevel() on ptolemy.moml.MoMLSimpleApplication@1c258a3a
reloadAllAccessors: .arrayType24

===========================================================================================
----------------- testing Fri Oct 16 15:49:57 UTC 2020 /home/travis/build/icyphy/ptII/ptolemy/actor/lib/test/auto/arrayType25.xml
----------------- Instantiating /home/travis/build/icyphy/ptII/ptolemy/actor/lib/test/auto/arrayType25.xml
1 ms. Memory: 453632K Free: 190537K (42%)
----------------- Invoking toplevel() on ptolemy.moml.MoMLSimpleApplication@4a313f40
----------------- Done invoking toplevel() on ptolemy.moml.MoMLSimpleApplication@4a313f40
reloadAllAccessors: .arrayType25

===========================================================================================
----------------- testing Fri Oct 16 15:49:57 UTC 2020 /home/travis/build/icyphy/ptII/ptolemy/actor/lib/test/auto/arrayType26.xml
----------------- Instantiating /home/travis/build/icyphy/ptII/ptolemy/actor/lib/test/auto/arrayType26.xml
1 ms. Memory: 453632K Free: 184889K (41%)
----------------- Invoking toplevel() on ptolemy.moml.MoMLSimpleApplication@57d1b6dd
----------------- Done invoking toplevel() on ptolemy.moml.MoMLSimpleApplication@57d1b6dd
reloadAllAccessors: .arrayType26

===========================================================================================
----------------- testing Fri Oct 16 15:49:57 UTC 2020 /home/travis/build/icyphy/ptII/ptolemy/actor/lib/test/auto/arrayType27.xml
----------------- Instantiating /home/travis/build/icyphy/ptII/ptolemy/actor/lib/test/auto/arrayType27.xml
1 ms. Memory: 453632K Free: 179783K (40%)
----------------- Invoking toplevel() on ptolemy.moml.MoMLSimpleApplication@3531b71b
----------------- Done invoking toplevel() on ptolemy.moml.MoMLSimpleApplication@3531b71b
reloadAllAccessors: .arrayType27

===========================================================================================
----------------- testing Fri Oct 16 15:49:57 UTC 2020 /home/travis/build/icyphy/ptII/ptolemy/actor/lib/test/auto/arrayType28.xml
----------------- Instantiating /home/travis/build/icyphy/ptII/ptolemy/actor/lib/test/auto/arrayType28.xml
1 ms. Memory: 453632K Free: 392893K (87%)
----------------- Invoking toplevel() on ptolemy.moml.MoMLSimpleApplication@661aadc1
----------------- Done invoking toplevel() on ptolemy.moml.MoMLSimpleApplication@661aadc1
reloadAllAccessors: .arrayType28

===========================================================================================
----------------- testing Fri Oct 16 15:49:57 UTC 2020 /home/travis/build/icyphy/ptII/ptolemy/actor/lib/test/auto/arrayType3.xml
----------------- Instantiating /home/travis/build/icyphy/ptII/ptolemy/actor/lib/test/auto/arrayType3.xml
1 ms. Memory: 453632K Free: 387259K (85%)
----------------- Invoking toplevel() on ptolemy.moml.MoMLSimpleApplication@38582b67
----------------- Done invoking toplevel() on ptolemy.moml.MoMLSimpleApplication@38582b67
reloadAllAccessors: .arrayType3

===========================================================================================
----------------- testing Fri Oct 16 15:49:57 UTC 2020 /home/travis/build/icyphy/ptII/ptolemy/actor/lib/test/auto/arrayType4.xml
----------------- Instantiating /home/travis/build/icyphy/ptII/ptolemy/actor/lib/test/auto/arrayType4.xml
1 ms. Memory: 453632K Free: 382139K (84%)
----------------- Invoking toplevel() on ptolemy.moml.MoMLSimpleApplication@530b7fe0
----------------- Done invoking toplevel() on ptolemy.moml.MoMLSimpleApplication@530b7fe0
reloadAllAccessors: .arrayType4

===========================================================================================
----------------- testing Fri Oct 16 15:49:57 UTC 2020 /home/travis/build/icyphy/ptII/ptolemy/actor/lib/test/auto/arrayType5.xml
----------------- Instantiating /home/travis/build/icyphy/ptII/ptolemy/actor/lib/test/auto/arrayType5.xml
5 ms. Memory: 453632K Free: 377005K (83%)
----------------- Invoking toplevel() on ptolemy.moml.MoMLSimpleApplication@80ee177
----------------- Done invoking toplevel() on ptolemy.moml.MoMLSimpleApplication@80ee177
reloadAllAccessors: .arrayType5

===========================================================================================
----------------- testing Fri Oct 16 15:49:57 UTC 2020 /home/travis/build/icyphy/ptII/ptolemy/actor/lib/test/auto/arrayType6.xml
----------------- Instantiating /home/travis/build/icyphy/ptII/ptolemy/actor/lib/test/auto/arrayType6.xml
1 ms. Memory: 453632K Free: 371899K (82%)
----------------- Invoking toplevel() on ptolemy.moml.MoMLSimpleApplication@4e815cd
----------------- Done invoking toplevel() on ptolemy.moml.MoMLSimpleApplication@4e815cd
reloadAllAccessors: .arrayType6

===========================================================================================
----------------- testing Fri Oct 16 15:49:57 UTC 2020 /home/travis/build/icyphy/ptII/ptolemy/actor/lib/test/auto/arrayType7.xml
----------------- Instantiating /home/travis/build/icyphy/ptII/ptolemy/actor/lib/test/auto/arrayType7.xml
1 ms. Memory: 453632K Free: 367293K (81%)
----------------- Invoking toplevel() on ptolemy.moml.MoMLSimpleApplication@22b38875
----------------- Done invoking toplevel() on ptolemy.moml.MoMLSimpleApplication@22b38875
reloadAllAccessors: .arrayType7

===========================================================================================
----------------- testing Fri Oct 16 15:49:57 UTC 2020 /home/travis/build/icyphy/ptII/ptolemy/actor/lib/test/auto/arrayType8.xml
----------------- Instantiating /home/travis/build/icyphy/ptII/ptolemy/actor/lib/test/auto/arrayType8.xml
1 ms. Memory: 453632K Free: 362683K (80%)
----------------- Invoking toplevel() on ptolemy.moml.MoMLSimpleApplication@5505dedf
----------------- Done invoking toplevel() on ptolemy.moml.MoMLSimpleApplication@5505dedf
reloadAllAccessors: .arrayType8

===========================================================================================
----------------- testing Fri Oct 16 15:49:57 UTC 2020 /home/travis/build/icyphy/ptII/ptolemy/actor/lib/test/auto/arrayType9.xml
----------------- Instantiating /home/travis/build/icyphy/ptII/ptolemy/actor/lib/test/auto/arrayType9.xml
4 ms. Memory: 453632K Free: 358077K (79%)
----------------- Invoking toplevel() on ptolemy.moml.MoMLSimpleApplication@33df0d79
----------------- Done invoking toplevel() on ptolemy.moml.MoMLSimpleApplication@33df0d79
reloadAllAccessors: .arrayType9

===========================================================================================
----------------- testing Fri Oct 16 15:49:57 UTC 2020 /home/travis/build/icyphy/ptII/ptolemy/actor/lib/test/auto/cast.xml
----------------- Instantiating /home/travis/build/icyphy/ptII/ptolemy/actor/lib/test/auto/cast.xml
2 ms. Memory: 453632K Free: 352957K (78%)
----------------- Invoking toplevel() on ptolemy.moml.MoMLSimpleApplication@db16591
----------------- Done invoking toplevel() on ptolemy.moml.MoMLSimpleApplication@db16591
reloadAllAccessors: .cast

===========================================================================================
----------------- testing Fri Oct 16 15:49:57 UTC 2020 /home/travis/build/icyphy/ptII/ptolemy/actor/lib/test/auto/compositeMultiPort.xml
----------------- Instantiating /home/travis/build/icyphy/ptII/ptolemy/actor/lib/test/auto/compositeMultiPort.xml
3 ms. Memory: 453632K Free: 344237K (76%)
----------------- Invoking toplevel() on ptolemy.moml.MoMLSimpleApplication@972e689
----------------- Done invoking toplevel() on ptolemy.moml.MoMLSimpleApplication@972e689
reloadAllAccessors: .compositeMultiPort

===========================================================================================
----------------- testing Fri Oct 16 15:49:57 UTC 2020 /home/travis/build/icyphy/ptII/ptolemy/actor/lib/test/auto/expressionCastInference.xml
----------------- Instantiating /home/travis/build/icyphy/ptII/ptolemy/actor/lib/test/auto/expressionCastInference.xml
10 ms. Memory: 453632K Free: 339645K (75%)
----------------- Invoking toplevel() on ptolemy.moml.MoMLSimpleApplication@2274ad6e
----------------- Done invoking toplevel() on ptolemy.moml.MoMLSimpleApplication@2274ad6e
reloadAllAccessors: .expressionCastInference

===========================================================================================
----------------- testing Fri Oct 16 15:49:57 UTC 2020 /home/travis/build/icyphy/ptII/ptolemy/actor/lib/test/auto/expressionCastInference2.xml
----------------- Instantiating /home/travis/build/icyphy/ptII/ptolemy/actor/lib/test/auto/expressionCastInference2.xml
1 ms. Memory: 453632K Free: 334525K (74%)
----------------- Invoking toplevel() on ptolemy.moml.MoMLSimpleApplication@24283c27
----------------- Done invoking toplevel() on ptolemy.moml.MoMLSimpleApplication@24283c27
reloadAllAccessors: .expressionCastInference2

===========================================================================================
----------------- testing Fri Oct 16 15:49:57 UTC 2020 /home/travis/build/icyphy/ptII/ptolemy/actor/lib/test/auto/expressionInference.xml
----------------- Instantiating /home/travis/build/icyphy/ptII/ptolemy/actor/lib/test/auto/expressionInference.xml
1 ms. Memory: 453632K Free: 330429K (73%)
----------------- Invoking toplevel() on ptolemy.moml.MoMLSimpleApplication@a9949e0
----------------- Done invoking toplevel() on ptolemy.moml.MoMLSimpleApplication@a9949e0
reloadAllAccessors: .expressionInference

===========================================================================================
----------------- testing Fri Oct 16 15:49:57 UTC 2020 /home/travis/build/icyphy/ptII/ptolemy/actor/lib/test/auto/expression_bug.xml
----------------- Instantiating /home/travis/build/icyphy/ptII/ptolemy/actor/lib/test/auto/expression_bug.xml
1 ms. Memory: 453632K Free: 325819K (72%)
----------------- Invoking toplevel() on ptolemy.moml.MoMLSimpleApplication@10aa9c9c
----------------- Done invoking toplevel() on ptolemy.moml.MoMLSimpleApplication@10aa9c9c
reloadAllAccessors: .expression_bug

===========================================================================================
----------------- testing Fri Oct 16 15:49:57 UTC 2020 /home/travis/build/icyphy/ptII/ptolemy/actor/lib/test/auto/factorial.xml
----------------- Instantiating /home/travis/build/icyphy/ptII/ptolemy/actor/lib/test/auto/factorial.xml
25 ms. Memory: 453632K Free: 317117K (70%)
----------------- Invoking toplevel() on ptolemy.moml.MoMLSimpleApplication@2dd6e1c6
----------------- Done invoking toplevel() on ptolemy.moml.MoMLSimpleApplication@2dd6e1c6
reloadAllAccessors: .factorial

===========================================================================================
----------------- testing Fri Oct 16 15:49:57 UTC 2020 /home/travis/build/icyphy/ptII/ptolemy/actor/lib/test/auto/filterTest1.xml
----------------- Instantiating /home/travis/build/icyphy/ptII/ptolemy/actor/lib/test/auto/filterTest1.xml
2 ms. Memory: 453632K Free: 311483K (69%)
----------------- Invoking toplevel() on ptolemy.moml.MoMLSimpleApplication@7c36d492
----------------- Done invoking toplevel() on ptolemy.moml.MoMLSimpleApplication@7c36d492
reloadAllAccessors: .filterTest1

===========================================================================================
----------------- testing Fri Oct 16 15:49:57 UTC 2020 /home/travis/build/icyphy/ptII/ptolemy/actor/lib/test/auto/funcApplyInConst.xml
----------------- Instantiating /home/travis/build/icyphy/ptII/ptolemy/actor/lib/test/auto/funcApplyInConst.xml
1 ms. Memory: 453632K Free: 307901K (68%)
----------------- Invoking toplevel() on ptolemy.moml.MoMLSimpleApplication@38d67d01
----------------- Done invoking toplevel() on ptolemy.moml.MoMLSimpleApplication@38d67d01
reloadAllAccessors: .funcApplyInConst

===========================================================================================
----------------- testing Fri Oct 16 15:49:57 UTC 2020 /home/travis/build/icyphy/ptII/ptolemy/actor/lib/test/auto/funcApplyInExpr.xml
----------------- Instantiating /home/travis/build/icyphy/ptII/ptolemy/actor/lib/test/auto/funcApplyInExpr.xml
1 ms. Memory: 453632K Free: 304315K (67%)
----------------- Invoking toplevel() on ptolemy.moml.MoMLSimpleApplication@596eee63
----------------- Done invoking toplevel() on ptolemy.moml.MoMLSimpleApplication@596eee63
reloadAllAccessors: .funcApplyInExpr

===========================================================================================
----------------- testing Fri Oct 16 15:49:57 UTC 2020 /home/travis/build/icyphy/ptII/ptolemy/actor/lib/test/auto/function.xml
----------------- Instantiating /home/travis/build/icyphy/ptII/ptolemy/actor/lib/test/auto/function.xml
2 ms. Memory: 453632K Free: 299195K (66%)
----------------- Invoking toplevel() on ptolemy.moml.MoMLSimpleApplication@61cc48db
----------------- Done invoking toplevel() on ptolemy.moml.MoMLSimpleApplication@61cc48db
reloadAllAccessors: .function

===========================================================================================
----------------- testing Fri Oct 16 15:49:57 UTC 2020 /home/travis/build/icyphy/ptII/ptolemy/actor/lib/test/auto/function2.xml
----------------- Instantiating /home/travis/build/icyphy/ptII/ptolemy/actor/lib/test/auto/function2.xml
2 ms. Memory: 453632K Free: 294589K (65%)
----------------- Invoking toplevel() on ptolemy.moml.MoMLSimpleApplication@ad7323a
----------------- Done invoking toplevel() on ptolemy.moml.MoMLSimpleApplication@ad7323a
reloadAllAccessors: .function2

===========================================================================================
----------------- testing Fri Oct 16 15:49:57 UTC 2020 /home/travis/build/icyphy/ptII/ptolemy/actor/lib/test/auto/function3.xml
----------------- Instantiating /home/travis/build/icyphy/ptII/ptolemy/actor/lib/test/auto/function3.xml
1 ms. Memory: 453632K Free: 291003K (64%)
----------------- Invoking toplevel() on ptolemy.moml.MoMLSimpleApplication@326139a
----------------- Done invoking toplevel() on ptolemy.moml.MoMLSimpleApplication@326139a
reloadAllAccessors: .function3

===========================================================================================
----------------- testing Fri Oct 16 15:49:57 UTC 2020 /home/travis/build/icyphy/ptII/ptolemy/actor/lib/test/auto/functionClosureTest1.xml
----------------- Instantiating /home/travis/build/icyphy/ptII/ptolemy/actor/lib/test/auto/functionClosureTest1.xml
2 ms. Memory: 453632K Free: 284853K (63%)
----------------- Invoking toplevel() on ptolemy.moml.MoMLSimpleApplication@30c33604
----------------- Done invoking toplevel() on ptolemy.moml.MoMLSimpleApplication@30c33604
reloadAllAccessors: .functionClosureTest1

===========================================================================================
----------------- testing Fri Oct 16 15:49:57 UTC 2020 /home/travis/build/icyphy/ptII/ptolemy/actor/lib/test/auto/functionClosureTest2.xml
----------------- Instantiating /home/travis/build/icyphy/ptII/ptolemy/actor/lib/test/auto/functionClosureTest2.xml
1 ms. Memory: 453632K Free: 281277K (62%)
----------------- Invoking toplevel() on ptolemy.moml.MoMLSimpleApplication@84e5818
----------------- Done invoking toplevel() on ptolemy.moml.MoMLSimpleApplication@84e5818
reloadAllAccessors: .functionClosureTest2

===========================================================================================
----------------- testing Fri Oct 16 15:49:57 UTC 2020 /home/travis/build/icyphy/ptII/ptolemy/actor/lib/test/auto/functionClosureTest3.xml
----------------- Instantiating /home/travis/build/icyphy/ptII/ptolemy/actor/lib/test/auto/functionClosureTest3.xml
1 ms. Memory: 453632K Free: 276157K (61%)
----------------- Invoking toplevel() on ptolemy.moml.MoMLSimpleApplication@4deedea9
----------------- Done invoking toplevel() on ptolemy.moml.MoMLSimpleApplication@4deedea9
reloadAllAccessors: .functionClosureTest3

===========================================================================================
----------------- testing Fri Oct 16 15:49:57 UTC 2020 /home/travis/build/icyphy/ptII/ptolemy/actor/lib/test/auto/functionClosureTest4.xml
----------------- Instantiating /home/travis/build/icyphy/ptII/ptolemy/actor/lib/test/auto/functionClosureTest4.xml
3 ms. Memory: 453632K Free: 269499K (59%)
----------------- Invoking toplevel() on ptolemy.moml.MoMLSimpleApplication@604dd077
----------------- Done invoking toplevel() on ptolemy.moml.MoMLSimpleApplication@604dd077
reloadAllAccessors: .functionClosureTest4

===========================================================================================
----------------- testing Fri Oct 16 15:49:57 UTC 2020 /home/travis/build/icyphy/ptII/ptolemy/actor/lib/test/auto/functionClosureTest5.xml
----------------- Instantiating /home/travis/build/icyphy/ptII/ptolemy/actor/lib/test/auto/functionClosureTest5.xml
3 ms. Memory: 453632K Free: 264365K (58%)
----------------- Invoking toplevel() on ptolemy.moml.MoMLSimpleApplication@2579192
----------------- Done invoking toplevel() on ptolemy.moml.MoMLSimpleApplication@2579192
reloadAllAccessors: .functionClosureTest5

===========================================================================================
----------------- testing Fri Oct 16 15:49:57 UTC 2020 /home/travis/build/icyphy/ptII/ptolemy/actor/lib/test/auto/functionClosureTest6.xml
----------------- Instantiating /home/travis/build/icyphy/ptII/ptolemy/actor/lib/test/auto/functionClosureTest6.xml
1 ms. Memory: 453632K Free: 259773K (57%)
----------------- Invoking toplevel() on ptolemy.moml.MoMLSimpleApplication@71939b1b
----------------- Done invoking toplevel() on ptolemy.moml.MoMLSimpleApplication@71939b1b
reloadAllAccessors: .functionClosureTest6

===========================================================================================
----------------- testing Fri Oct 16 15:49:57 UTC 2020 /home/travis/build/icyphy/ptII/ptolemy/actor/lib/test/auto/functionsOnArcs.xml
----------------- Instantiating /home/travis/build/icyphy/ptII/ptolemy/actor/lib/test/auto/functionsOnArcs.xml
1 ms. Memory: 453632K Free: 254139K (56%)
----------------- Invoking toplevel() on ptolemy.moml.MoMLSimpleApplication@199c1302
----------------- Done invoking toplevel() on ptolemy.moml.MoMLSimpleApplication@199c1302
reloadAllAccessors: .functionsOnArcs

===========================================================================================
----------------- testing Fri Oct 16 15:49:57 UTC 2020 /home/travis/build/icyphy/ptII/ptolemy/actor/lib/test/auto/functionsOnArcsHOF.xml
----------------- Instantiating /home/travis/build/icyphy/ptII/ptolemy/actor/lib/test/auto/functionsOnArcsHOF.xml
4 ms. Memory: 453632K Free: 248509K (55%)
----------------- Invoking toplevel() on ptolemy.moml.MoMLSimpleApplication@60b18de4
----------------- Done invoking toplevel() on ptolemy.moml.MoMLSimpleApplication@60b18de4
reloadAllAccessors: .functionsOnArcsHOF

===========================================================================================
----------------- testing Fri Oct 16 15:49:57 UTC 2020 /home/travis/build/icyphy/ptII/ptolemy/actor/lib/test/auto/logic.xml
----------------- Instantiating /home/travis/build/icyphy/ptII/ptolemy/actor/lib/test/auto/logic.xml
2 ms. Memory: 453632K Free: 241341K (53%)
----------------- Invoking toplevel() on ptolemy.moml.MoMLSimpleApplication@34a2f783
----------------- Done invoking toplevel() on ptolemy.moml.MoMLSimpleApplication@34a2f783
reloadAllAccessors: .logic

===========================================================================================
----------------- testing Fri Oct 16 15:49:57 UTC 2020 /home/travis/build/icyphy/ptII/ptolemy/actor/lib/test/auto/matrixType.xml
----------------- Instantiating /home/travis/build/icyphy/ptII/ptolemy/actor/lib/test/auto/matrixType.xml
1 ms. Memory: 453632K Free: 235707K (52%)
----------------- Invoking toplevel() on ptolemy.moml.MoMLSimpleApplication@77d1a6da
----------------- Done invoking toplevel() on ptolemy.moml.MoMLSimpleApplication@77d1a6da
reloadAllAccessors: .matrixType

===========================================================================================
----------------- testing Fri Oct 16 15:49:57 UTC 2020 /home/travis/build/icyphy/ptII/ptolemy/actor/lib/test/auto/matrixType10.xml
----------------- Instantiating /home/travis/build/icyphy/ptII/ptolemy/actor/lib/test/auto/matrixType10.xml
1 ms. Memory: 453632K Free: 231101K (51%)
----------------- Invoking toplevel() on ptolemy.moml.MoMLSimpleApplication@21f47c59
----------------- Done invoking toplevel() on ptolemy.moml.MoMLSimpleApplication@21f47c59
reloadAllAccessors: .matrixType10

===========================================================================================
----------------- testing Fri Oct 16 15:49:57 UTC 2020 /home/travis/build/icyphy/ptII/ptolemy/actor/lib/test/auto/matrixType11.xml
----------------- Instantiating /home/travis/build/icyphy/ptII/ptolemy/actor/lib/test/auto/matrixType11.xml
1 ms. Memory: 453632K Free: 225981K (50%)
----------------- Invoking toplevel() on ptolemy.moml.MoMLSimpleApplication@3d7b0b88
----------------- Done invoking toplevel() on ptolemy.moml.MoMLSimpleApplication@3d7b0b88
reloadAllAccessors: .matrixType11

===========================================================================================
----------------- testing Fri Oct 16 15:49:57 UTC 2020 /home/travis/build/icyphy/ptII/ptolemy/actor/lib/test/auto/matrixType12.xml
----------------- Instantiating /home/travis/build/icyphy/ptII/ptolemy/actor/lib/test/auto/matrixType12.xml
1 ms. Memory: 453632K Free: 221371K (49%)
----------------- Invoking toplevel() on ptolemy.moml.MoMLSimpleApplication@b77430e
----------------- Done invoking toplevel() on ptolemy.moml.MoMLSimpleApplication@b77430e
reloadAllAccessors: .matrixType12

===========================================================================================
----------------- testing Fri Oct 16 15:49:57 UTC 2020 /home/travis/build/icyphy/ptII/ptolemy/actor/lib/test/auto/matrixType13.xml
----------------- Instantiating /home/travis/build/icyphy/ptII/ptolemy/actor/lib/test/auto/matrixType13.xml
1 ms. Memory: 453632K Free: 216765K (48%)
----------------- Invoking toplevel() on ptolemy.moml.MoMLSimpleApplication@6c37a36f
----------------- Done invoking toplevel() on ptolemy.moml.MoMLSimpleApplication@6c37a36f
reloadAllAccessors: .matrixType13

===========================================================================================
----------------- testing Fri Oct 16 15:49:57 UTC 2020 /home/travis/build/icyphy/ptII/ptolemy/actor/lib/test/auto/matrixType14.xml
----------------- Instantiating /home/travis/build/icyphy/ptII/ptolemy/actor/lib/test/auto/matrixType14.xml
1 ms. Memory: 453632K Free: 211131K (47%)
----------------- Invoking toplevel() on ptolemy.moml.MoMLSimpleApplication@745696bf
----------------- Done invoking toplevel() on ptolemy.moml.MoMLSimpleApplication@745696bf
reloadAllAccessors: .matrixType14

===========================================================================================
----------------- testing Fri Oct 16 15:49:57 UTC 2020 /home/travis/build/icyphy/ptII/ptolemy/actor/lib/test/auto/matrixType2.xml
----------------- Instantiating /home/travis/build/icyphy/ptII/ptolemy/actor/lib/test/auto/matrixType2.xml
1 ms. Memory: 453632K Free: 205997K (45%)
----------------- Invoking toplevel() on ptolemy.moml.MoMLSimpleApplication@7f988f80
----------------- Done invoking toplevel() on ptolemy.moml.MoMLSimpleApplication@7f988f80
reloadAllAccessors: .matrixType2

===========================================================================================
----------------- testing Fri Oct 16 15:49:57 UTC 2020 /home/travis/build/icyphy/ptII/ptolemy/actor/lib/test/auto/matrixType3.xml
----------------- Instantiating /home/travis/build/icyphy/ptII/ptolemy/actor/lib/test/auto/matrixType3.xml
6 ms. Memory: 453632K Free: 201405K (44%)
----------------- Invoking toplevel() on ptolemy.moml.MoMLSimpleApplication@1c58cbf3
----------------- Done invoking toplevel() on ptolemy.moml.MoMLSimpleApplication@1c58cbf3
reloadAllAccessors: .matrixType3

===========================================================================================
----------------- testing Fri Oct 16 15:49:57 UTC 2020 /home/travis/build/icyphy/ptII/ptolemy/actor/lib/test/auto/matrixType4.xml
----------------- Instantiating /home/travis/build/icyphy/ptII/ptolemy/actor/lib/test/auto/matrixType4.xml
1 ms. Memory: 453632K Free: 196285K (43%)
----------------- Invoking toplevel() on ptolemy.moml.MoMLSimpleApplication@719a7117
----------------- Done invoking toplevel() on ptolemy.moml.MoMLSimpleApplication@719a7117
reloadAllAccessors: .matrixType4

===========================================================================================
----------------- testing Fri Oct 16 15:49:57 UTC 2020 /home/travis/build/icyphy/ptII/ptolemy/actor/lib/test/auto/matrixType5.xml
----------------- Instantiating /home/travis/build/icyphy/ptII/ptolemy/actor/lib/test/auto/matrixType5.xml
1 ms. Memory: 453632K Free: 191675K (42%)
----------------- Invoking toplevel() on ptolemy.moml.MoMLSimpleApplication@2eaa957c
----------------- Done invoking toplevel() on ptolemy.moml.MoMLSimpleApplication@2eaa957c
reloadAllAccessors: .matrixType5

===========================================================================================
----------------- testing Fri Oct 16 15:49:57 UTC 2020 /home/travis/build/icyphy/ptII/ptolemy/actor/lib/test/auto/matrixType6.xml
----------------- Instantiating /home/travis/build/icyphy/ptII/ptolemy/actor/lib/test/auto/matrixType6.xml
1 ms. Memory: 453632K Free: 186555K (41%)
----------------- Invoking toplevel() on ptolemy.moml.MoMLSimpleApplication@2a54da83
----------------- Done invoking toplevel() on ptolemy.moml.MoMLSimpleApplication@2a54da83
reloadAllAccessors: .matrixType6

===========================================================================================
----------------- testing Fri Oct 16 15:49:57 UTC 2020 /home/travis/build/icyphy/ptII/ptolemy/actor/lib/test/auto/matrixType7.xml
----------------- Instantiating /home/travis/build/icyphy/ptII/ptolemy/actor/lib/test/auto/matrixType7.xml
1 ms. Memory: 453632K Free: 181949K (40%)
----------------- Invoking toplevel() on ptolemy.moml.MoMLSimpleApplication@3b34cb11
----------------- Done invoking toplevel() on ptolemy.moml.MoMLSimpleApplication@3b34cb11
reloadAllAccessors: .matrixType7

===========================================================================================
----------------- testing Fri Oct 16 15:49:58 UTC 2020 /home/travis/build/icyphy/ptII/ptolemy/actor/lib/test/auto/matrixType8.xml
----------------- Instantiating /home/travis/build/icyphy/ptII/ptolemy/actor/lib/test/auto/matrixType8.xml
1 ms. Memory: 453632K Free: 177339K (39%)
----------------- Invoking toplevel() on ptolemy.moml.MoMLSimpleApplication@6fbed499
----------------- Done invoking toplevel() on ptolemy.moml.MoMLSimpleApplication@6fbed499
reloadAllAccessors: .matrixType8

===========================================================================================
----------------- testing Fri Oct 16 15:49:58 UTC 2020 /home/travis/build/icyphy/ptII/ptolemy/actor/lib/test/auto/matrixType9.xml
----------------- Instantiating /home/travis/build/icyphy/ptII/ptolemy/actor/lib/test/auto/matrixType9.xml
1 ms. Memory: 453632K Free: 172219K (38%)
----------------- Invoking toplevel() on ptolemy.moml.MoMLSimpleApplication@59909880
----------------- Done invoking toplevel() on ptolemy.moml.MoMLSimpleApplication@59909880
reloadAllAccessors: .matrixType9

===========================================================================================
----------------- testing Fri Oct 16 15:49:58 UTC 2020 /home/travis/build/icyphy/ptII/ptolemy/actor/lib/test/auto/paraFunctest.xml
----------------- Instantiating /home/travis/build/icyphy/ptII/ptolemy/actor/lib/test/auto/paraFunctest.xml
1 ms. Memory: 453632K Free: 168637K (37%)
----------------- Invoking toplevel() on ptolemy.moml.MoMLSimpleApplication@65448a40
----------------- Done invoking toplevel() on ptolemy.moml.MoMLSimpleApplication@65448a40
reloadAllAccessors: .paraFunctest

===========================================================================================
----------------- testing Fri Oct 16 15:49:58 UTC 2020 /home/travis/build/icyphy/ptII/ptolemy/actor/lib/test/auto/paraFunctest2.xml
----------------- Instantiating /home/travis/build/icyphy/ptII/ptolemy/actor/lib/test/auto/paraFunctest2.xml
1 ms. Memory: 453632K Free: 164027K (36%)
----------------- Invoking toplevel() on ptolemy.moml.MoMLSimpleApplication@57d9ae13
----------------- Done invoking toplevel() on ptolemy.moml.MoMLSimpleApplication@57d9ae13
reloadAllAccessors: .paraFunctest2

===========================================================================================
----------------- testing Fri Oct 16 15:49:58 UTC 2020 /home/travis/build/icyphy/ptII/ptolemy/actor/lib/test/auto/parameterPassing.xml
----------------- Instantiating /home/travis/build/icyphy/ptII/ptolemy/actor/lib/test/auto/parameterPassing.xml
1 ms. Memory: 453632K Free: 159421K (35%)
----------------- Invoking toplevel() on ptolemy.moml.MoMLSimpleApplication@30f32086
----------------- Done invoking toplevel() on ptolemy.moml.MoMLSimpleApplication@30f32086
reloadAllAccessors: .parameterPassing

===========================================================================================
----------------- testing Fri Oct 16 15:49:58 UTC 2020 /home/travis/build/icyphy/ptII/ptolemy/actor/lib/test/auto/record.xml
----------------- Instantiating /home/travis/build/icyphy/ptII/ptolemy/actor/lib/test/auto/record.xml
2 ms. Memory: 453632K Free: 391483K (86%)
----------------- Invoking toplevel() on ptolemy.moml.MoMLSimpleApplication@4791c8b
----------------- Done invoking toplevel() on ptolemy.moml.MoMLSimpleApplication@4791c8b
reloadAllAccessors: .record

===========================================================================================
----------------- testing Fri Oct 16 15:49:58 UTC 2020 /home/travis/build/icyphy/ptII/ptolemy/actor/lib/test/auto/sizedarray1.xml
----------------- Instantiating /home/travis/build/icyphy/ptII/ptolemy/actor/lib/test/auto/sizedarray1.xml
1 ms. Memory: 453632K Free: 385853K (85%)
----------------- Invoking toplevel() on ptolemy.moml.MoMLSimpleApplication@3f110f7b
----------------- Done invoking toplevel() on ptolemy.moml.MoMLSimpleApplication@3f110f7b
reloadAllAccessors: .sizedarray1

===========================================================================================
----------------- testing Fri Oct 16 15:49:58 UTC 2020 /home/travis/build/icyphy/ptII/ptolemy/actor/lib/test/auto/sizedarray2.xml
----------------- Instantiating /home/travis/build/icyphy/ptII/ptolemy/actor/lib/test/auto/sizedarray2.xml
2 ms. Memory: 453632K Free: 380733K (84%)
----------------- Invoking toplevel() on ptolemy.moml.MoMLSimpleApplication@5ded588b
----------------- Done invoking toplevel() on ptolemy.moml.MoMLSimpleApplication@5ded588b
reloadAllAccessors: .sizedarray2

===========================================================================================
----------------- testing Fri Oct 16 15:49:58 UTC 2020 /home/travis/build/icyphy/ptII/ptolemy/actor/lib/test/auto/twoPublishers.xml
----------------- Instantiating /home/travis/build/icyphy/ptII/ptolemy/actor/lib/test/auto/twoPublishers.xml
5 ms. Memory: 453632K Free: 369979K (82%)
----------------- Invoking toplevel() on ptolemy.moml.MoMLSimpleApplication@248ba0d2
----------------- Done invoking toplevel() on ptolemy.moml.MoMLSimpleApplication@248ba0d2
reloadAllAccessors: .twoPublishers
AutoTests.java: About to close Vertx.
AutoTests.java: Vertx closed.
]]></system-out>
  <system-err><![CDATA[java.lang.RuntimeException: Execution failed
	at ptolemy.moml.MoMLSimpleApplication$UnloadThread.run(MoMLSimpleApplication.java:402)
Caused by: java.lang.RuntimeException: StringUtilities.exit() was called. Normally, we would exit here because Manager.exitAfterWrapup() was called.  However, because the ptolemy.ptII.exitAfterWrapup property is set, we throw this exception instead.
	at ptolemy.util.StringUtilities.exit(StringUtilities.java:365)
	at ptolemy.actor.Manager.wrapup(Manager.java:1549)
	at ptolemy.actor.Manager.execute(Manager.java:407)
	at ptolemy.actor.Manager.run(Manager.java:1263)
	at ptolemy.actor.Manager$PtolemyRunThread.run(Manager.java:1933)
Warning: '.top.test' is in training mode, set the trainingMode parameter to false before checking in
Warning: '.top.test' is in training mode, set the trainingMode parameter to false before checking in
Warning: '.top.test' is in training mode, set the trainingMode parameter to false before checking in
Warning: '.BooleanSwitch_RegressionTest_WrongTrainingValues.Test' is in training mode, set the trainingMode parameter to false before checking in
Warning: '.BooleanSwitch_RegressionTest_WrongTrainingValues.Test2' is in training mode, set the trainingMode parameter to false before checking in
Warning: '.BooleanSwitch_RegressionTest_WrongTrainingValues.Test2' The test produced 0 tokens.
Warning: '.top.testExceptionHandler' is in training mode, set the trainingMode parameter to false before checking in
java.lang.RuntimeException: Execution failed
	at ptolemy.moml.MoMLSimpleApplication$UnloadThread.run(MoMLSimpleApplication.java:402)
Caused by: ptolemy.kernel.util.IllegalActionException: PublisherPorts cannot be used at the top level, use a Publisher actor instead.
  in .PublisherPortToplevelSubscriber.PublisherPort
	at ptolemy.actor.PublisherPort.preinitialize(PublisherPort.java:403)
	at ptolemy.actor.CompositeActor.preinitialize(CompositeActor.java:1769)
	at ptolemy.actor.Manager.preinitializeAndResolveTypes(Manager.java:1040)
	at ptolemy.actor.Manager.initialize(Manager.java:710)
	at ptolemy.actor.Manager.execute(Manager.java:356)
	at ptolemy.actor.Manager.run(Manager.java:1263)
	at ptolemy.actor.Manager$PtolemyRunThread.run(Manager.java:1933)
java.lang.reflect.InvocationTargetException
	at java.base/jdk.internal.reflect.NativeConstructorAccessorImpl.newInstance0(Native Method)
	at java.base/jdk.internal.reflect.NativeConstructorAccessorImpl.newInstance(NativeConstructorAccessorImpl.java:62)
	at java.base/jdk.internal.reflect.DelegatingConstructorAccessorImpl.newInstance(DelegatingConstructorAccessorImpl.java:45)
	at java.base/java.lang.reflect.Constructor.newInstance(Constructor.java:490)
	at ptolemy.util.test.junit.AutoKnownFailedTests.RunModel(AutoKnownFailedTests.java:105)
	at java.base/jdk.internal.reflect.NativeMethodAccessorImpl.invoke0(Native Method)
	at java.base/jdk.internal.reflect.NativeMethodAccessorImpl.invoke(NativeMethodAccessorImpl.java:62)
	at java.base/jdk.internal.reflect.DelegatingMethodAccessorImpl.invoke(DelegatingMethodAccessorImpl.java:43)
	at java.base/java.lang.reflect.Method.invoke(Method.java:566)
	at org.junit.runners.model.FrameworkMethod$1.runReflectiveCall(FrameworkMethod.java:44)
	at org.junit.internal.runners.model.ReflectiveCallable.run(ReflectiveCallable.java:15)
	at org.junit.runners.model.FrameworkMethod.invokeExplosively(FrameworkMethod.java:41)
	at junitparams.internal.InvokeParameterisedMethod.evaluate(InvokeParameterisedMethod.java:102)
	at org.junit.internal.runners.statements.FailOnTimeout$1.run(FailOnTimeout.java:28)
Caused by: ptolemy.kernel.util.IllegalActionException: PublisherPorts cannot be used at the top level, use a Publisher actor instead.
  in .PublisherPortToplevelSubscriber.PublisherPort
	at ptolemy.actor.PublisherPort.preinitialize(PublisherPort.java:403)
	at ptolemy.actor.CompositeActor.preinitialize(CompositeActor.java:1769)
	at ptolemy.actor.Manager.preinitializeAndResolveTypes(Manager.java:1040)
	at ptolemy.actor.Manager.initialize(Manager.java:710)
	at ptolemy.actor.Manager.execute(Manager.java:356)
	at ptolemy.actor.Manager.run(Manager.java:1263)
	at ptolemy.actor.Manager$PtolemyRunThread.run(Manager.java:1933)
java.lang.RuntimeException: Execution failed
	at ptolemy.moml.MoMLSimpleApplication$UnloadThread.run(MoMLSimpleApplication.java:402)
Caused by: ptolemy.kernel.util.IllegalActionException: SubscriberPorts cannot be used at the top level, use a Subscriber actor instead.
  in .PublisherSubscriberPortToplevel.SubscriberPort
	at ptolemy.actor.SubscriberPort.preinitialize(SubscriberPort.java:328)
	at ptolemy.actor.CompositeActor.preinitialize(CompositeActor.java:1769)
	at ptolemy.actor.Manager.preinitializeAndResolveTypes(Manager.java:1040)
	at ptolemy.actor.Manager.initialize(Manager.java:710)
	at ptolemy.actor.Manager.execute(Manager.java:356)
	at ptolemy.actor.Manager.run(Manager.java:1263)
	at ptolemy.actor.Manager$PtolemyRunThread.run(Manager.java:1933)
java.lang.reflect.InvocationTargetException
	at java.base/jdk.internal.reflect.NativeConstructorAccessorImpl.newInstance0(Native Method)
	at java.base/jdk.internal.reflect.NativeConstructorAccessorImpl.newInstance(NativeConstructorAccessorImpl.java:62)
	at java.base/jdk.internal.reflect.DelegatingConstructorAccessorImpl.newInstance(DelegatingConstructorAccessorImpl.java:45)
	at java.base/java.lang.reflect.Constructor.newInstance(Constructor.java:490)
	at ptolemy.util.test.junit.AutoKnownFailedTests.RunModel(AutoKnownFailedTests.java:105)
	at java.base/jdk.internal.reflect.NativeMethodAccessorImpl.invoke0(Native Method)
	at java.base/jdk.internal.reflect.NativeMethodAccessorImpl.invoke(NativeMethodAccessorImpl.java:62)
	at java.base/jdk.internal.reflect.DelegatingMethodAccessorImpl.invoke(DelegatingMethodAccessorImpl.java:43)
	at java.base/java.lang.reflect.Method.invoke(Method.java:566)
	at org.junit.runners.model.FrameworkMethod$1.runReflectiveCall(FrameworkMethod.java:44)
	at org.junit.internal.runners.model.ReflectiveCallable.run(ReflectiveCallable.java:15)
	at org.junit.runners.model.FrameworkMethod.invokeExplosively(FrameworkMethod.java:41)
	at junitparams.internal.InvokeParameterisedMethod.evaluate(InvokeParameterisedMethod.java:102)
	at org.junit.internal.runners.statements.FailOnTimeout$1.run(FailOnTimeout.java:28)
Caused by: ptolemy.kernel.util.IllegalActionException: SubscriberPorts cannot be used at the top level, use a Subscriber actor instead.
  in .PublisherSubscriberPortToplevel.SubscriberPort
	at ptolemy.actor.SubscriberPort.preinitialize(SubscriberPort.java:328)
	at ptolemy.actor.CompositeActor.preinitialize(CompositeActor.java:1769)
	at ptolemy.actor.Manager.preinitializeAndResolveTypes(Manager.java:1040)
	at ptolemy.actor.Manager.initialize(Manager.java:710)
	at ptolemy.actor.Manager.execute(Manager.java:356)
	at ptolemy.actor.Manager.run(Manager.java:1263)
	at ptolemy.actor.Manager$PtolemyRunThread.run(Manager.java:1933)
java.lang.RuntimeException: Execution failed
	at ptolemy.moml.MoMLSimpleApplication$UnloadThread.run(MoMLSimpleApplication.java:402)
Caused by: ptolemy.kernel.util.IllegalActionException: SubscriptionAggregatorPorts cannot be used at the top level, use a SubscriptionAggregator actor instead.
  in .PublisherSubscriptionAggregatorPort.SubscriptionAggregatorPort
	at ptolemy.actor.SubscriptionAggregatorPort.preinitialize(SubscriptionAggregatorPort.java:353)
	at ptolemy.actor.CompositeActor.preinitialize(CompositeActor.java:1769)
	at ptolemy.actor.Manager.preinitializeAndResolveTypes(Manager.java:1040)
	at ptolemy.actor.Manager.initialize(Manager.java:710)
	at ptolemy.actor.Manager.execute(Manager.java:356)
	at ptolemy.actor.Manager.run(Manager.java:1263)
	at ptolemy.actor.Manager$PtolemyRunThread.run(Manager.java:1933)
java.lang.reflect.InvocationTargetException
	at java.base/jdk.internal.reflect.NativeConstructorAccessorImpl.newInstance0(Native Method)
	at java.base/jdk.internal.reflect.NativeConstructorAccessorImpl.newInstance(NativeConstructorAccessorImpl.java:62)
	at java.base/jdk.internal.reflect.DelegatingConstructorAccessorImpl.newInstance(DelegatingConstructorAccessorImpl.java:45)
	at java.base/java.lang.reflect.Constructor.newInstance(Constructor.java:490)
	at ptolemy.util.test.junit.AutoKnownFailedTests.RunModel(AutoKnownFailedTests.java:105)
	at java.base/jdk.internal.reflect.NativeMethodAccessorImpl.invoke0(Native Method)
	at java.base/jdk.internal.reflect.NativeMethodAccessorImpl.invoke(NativeMethodAccessorImpl.java:62)
	at java.base/jdk.internal.reflect.DelegatingMethodAccessorImpl.invoke(DelegatingMethodAccessorImpl.java:43)
	at java.base/java.lang.reflect.Method.invoke(Method.java:566)
	at org.junit.runners.model.FrameworkMethod$1.runReflectiveCall(FrameworkMethod.java:44)
	at org.junit.internal.runners.model.ReflectiveCallable.run(ReflectiveCallable.java:15)
	at org.junit.runners.model.FrameworkMethod.invokeExplosively(FrameworkMethod.java:41)
	at junitparams.internal.InvokeParameterisedMethod.evaluate(InvokeParameterisedMethod.java:102)
	at org.junit.internal.runners.statements.FailOnTimeout$1.run(FailOnTimeout.java:28)
Caused by: ptolemy.kernel.util.IllegalActionException: SubscriptionAggregatorPorts cannot be used at the top level, use a SubscriptionAggregator actor instead.
  in .PublisherSubscriptionAggregatorPort.SubscriptionAggregatorPort
	at ptolemy.actor.SubscriptionAggregatorPort.preinitialize(SubscriptionAggregatorPort.java:353)
	at ptolemy.actor.CompositeActor.preinitialize(CompositeActor.java:1769)
	at ptolemy.actor.Manager.preinitializeAndResolveTypes(Manager.java:1040)
	at ptolemy.actor.Manager.initialize(Manager.java:710)
	at ptolemy.actor.Manager.execute(Manager.java:356)
	at ptolemy.actor.Manager.run(Manager.java:1263)
	at ptolemy.actor.Manager$PtolemyRunThread.run(Manager.java:1933)
java.lang.RuntimeException: Execution failed
	at ptolemy.moml.MoMLSimpleApplication$UnloadThread.run(MoMLSimpleApplication.java:402)
Caused by: ptolemy.kernel.util.IllegalActionException: TypeTest actor has no training data.
  in .sizedarray3.TypeTest
	at ptolemy.actor.lib.TypeTest.initialize(TypeTest.java:250)
	at ptolemy.actor.Director.initialize(Director.java:938)
	at ptolemy.actor.Director.initialize(Director.java:907)
	at ptolemy.actor.sched.StaticSchedulingDirector.initialize(StaticSchedulingDirector.java:159)
	at ptolemy.domains.sdf.kernel.SDFDirector.initialize(SDFDirector.java:544)
	at ptolemy.actor.CompositeActor.initialize(CompositeActor.java:935)
	at ptolemy.actor.Manager.initialize(Manager.java:724)
	at ptolemy.actor.Manager.execute(Manager.java:356)
	at ptolemy.actor.Manager.run(Manager.java:1263)
	at ptolemy.actor.Manager$PtolemyRunThread.run(Manager.java:1933)
java.lang.reflect.InvocationTargetException
	at java.base/jdk.internal.reflect.NativeConstructorAccessorImpl.newInstance0(Native Method)
	at java.base/jdk.internal.reflect.NativeConstructorAccessorImpl.newInstance(NativeConstructorAccessorImpl.java:62)
	at java.base/jdk.internal.reflect.DelegatingConstructorAccessorImpl.newInstance(DelegatingConstructorAccessorImpl.java:45)
	at java.base/java.lang.reflect.Constructor.newInstance(Constructor.java:490)
	at ptolemy.util.test.junit.AutoKnownFailedTests.RunModel(AutoKnownFailedTests.java:105)
	at java.base/jdk.internal.reflect.NativeMethodAccessorImpl.invoke0(Native Method)
	at java.base/jdk.internal.reflect.NativeMethodAccessorImpl.invoke(NativeMethodAccessorImpl.java:62)
	at java.base/jdk.internal.reflect.DelegatingMethodAccessorImpl.invoke(DelegatingMethodAccessorImpl.java:43)
	at java.base/java.lang.reflect.Method.invoke(Method.java:566)
	at org.junit.runners.model.FrameworkMethod$1.runReflectiveCall(FrameworkMethod.java:44)
	at org.junit.internal.runners.model.ReflectiveCallable.run(ReflectiveCallable.java:15)
	at org.junit.runners.model.FrameworkMethod.invokeExplosively(FrameworkMethod.java:41)
	at junitparams.internal.InvokeParameterisedMethod.evaluate(InvokeParameterisedMethod.java:102)
	at org.junit.internal.runners.statements.FailOnTimeout$1.run(FailOnTimeout.java:28)
Caused by: ptolemy.kernel.util.IllegalActionException: TypeTest actor has no training data.
  in .sizedarray3.TypeTest
	at ptolemy.actor.lib.TypeTest.initialize(TypeTest.java:250)
	at ptolemy.actor.Director.initialize(Director.java:938)
	at ptolemy.actor.Director.initialize(Director.java:907)
	at ptolemy.actor.sched.StaticSchedulingDirector.initialize(StaticSchedulingDirector.java:159)
	at ptolemy.domains.sdf.kernel.SDFDirector.initialize(SDFDirector.java:544)
	at ptolemy.actor.CompositeActor.initialize(CompositeActor.java:935)
	at ptolemy.actor.Manager.initialize(Manager.java:724)
	at ptolemy.actor.Manager.execute(Manager.java:356)
	at ptolemy.actor.Manager.run(Manager.java:1263)
	at ptolemy.actor.Manager$PtolemyRunThread.run(Manager.java:1933)
]]></system-err>
</testsuite>
