<?xml version="1.0" encoding="UTF-8" ?>
<testsuite errors="1" failures="2" hostname="travis-job-b8feb20b-966b-4c3b-a8aa-18f996040ae2" name="ptolemy.actor.lib.test.junit.JUnitTclTest" skipped="0" tests="517" time="63.793" timestamp="2019-07-10T14:20:30">
  <properties>
    <property name="file.encoding.pkg" value="sun.io" />
    <property name="npm.executable" value="npm" />
    <property name="env.TRAVIS_ROOT" value="/" />
    <property name="ptII.mk.exists" value="true" />
    <property name="env.TRAVIS_APP_HOST" value="build.travis-ci.org" />
    <property name="env.rvm_bin_path" value="/home/travis/.rvm/bin" />
    <property name="java.home" value="/usr/local/lib/jvm/openjdk10" />
    <property name="env.TRAVIS_JOB_NUMBER" value="1208.8" />
    <property name="env.TRAVIS_HOME" value="/home/travis" />
    <property name="env.DISPLAY" value=":99.0" />
    <property name="env.TRAVIS_INIT" value="systemd" />
    <property name="env.SSH_TTY" value="/dev/pts/0" />
    <property name="java.net.preferIPv4Stack" value="true" />
    <property name="env.RUN_TESTS" value="true" />
    <property name="timeout.short" value="1000000" />
    <property name="junit.formatter" value="xml" />
    <property name="env.TRAVIS_SUDO" value="true" />
    <property name="env.TRAVIS_JOB_NAME" value="" />
    <property name="env.TRAVIS_STACK_NODE_ATTRIBUTES" value="/.node-attributes.yml" />
    <property name="env.LOGNAME" value="travis" />
    <property name="env.PT_TRAVIS_TEST_CORE1_XML" value="true" />
    <property name="jsdoc.home" value="node_modules/@terraswarm/jsdoc" />
    <property name="debuglevel" value="source,lines,vars" />
    <property name="checkstyle.formatter" value="xml" />
    <property name="env._system_version" value="16.04" />
    <property name="bin.vergil.makeable" value="true" />
    <property name="sun.os.patch.level" value="unknown" />
    <property name="java.vendor.url" value="http://java.oracle.com/" />
    <property name="env.TRAVIS_BUILD_WEB_URL" value="https://travis-ci.org/icyphy/ptII/builds/556811825" />
    <property name="java.version" value="10.0.2" />
    <property name="env.TZ" value="UTC" />
    <property name="env.TRAVIS_PULL_REQUEST_SHA" value="" />
    <property name="env.PT_NO_NET" value="true" />
    <property name="env.TRAVIS_SECURE_ENV_VARS" value="true" />
    <property name="env._system_type" value="Linux" />
    <property name="java.vendor.url.bug" value="http://bugreport.java.com/bugreport/" />
    <property name="npmjs-org-is-up" value="true" />
    <property name="env.LANGUAGE" value="en_US.UTF-8" />
    <property name="env.SSH_CLIENT" value="10.10.16.76 60836 22" />
    <property name="env.GEM_HOME" value="/home/travis/.rvm/gems/ruby-2.5.3" />
    <property name="env.HAS_ANTARES_THREE_LITTLE_FRONZIES_BADGE" value="true" />
    <property name="java.version.date" value="2018-07-17" />
    <property name="env.PS4" value="+" />
    <property name="ant.project.invoked-targets" value="build,test.core1.xml" />
    <property name="env.TRAVIS_PULL_REQUEST_BRANCH" value="" />
    <property name="env.TRAVIS_REPO_SLUG" value="icyphy/ptII" />
    <property name="env.XDG_DATA_DIRS" value="/usr/local/share:/usr/share:/var/lib/snapd/desktop" />
    <property name="jdk.debug" value="release" />
    <property name="env.TRAVIS_APT_PROXY" value="http://apt.cache.travis-ci.com" />
    <property name="node.in.path" value="true" />
    <property name="user.name" value="travis" />
    <property name="java.maxmemory" value="1400m" />
    <property name="env.RUBY_VERSION" value="ruby-2.5.3" />
    <property name="env.LANG" value="en_US.UTF-8" />
    <property name="sun.io.unicode.encoding" value="UnicodeLittle" />
    <property name="sun.jnu.encoding" value="UTF-8" />
    <property name="java.runtime.name" value="OpenJDK Runtime Environment" />
    <property name="usefile" value="false" />
    <property name="return.code" value="0" />
    <property name="junit.single.formatter" value="plain" />
    <property name="env.DYLD_LIBRARY_PATH" value="/home/travis/pthla/certi-tools/lib:" />
    <property name="env.DEBIAN_FRONTEND" value="noninteractive" />
    <property name="env.SSH_CONNECTION" value="10.10.16.76 60836 10.20.255.251 22" />
    <property name="env.MYSQL_UNIX_PORT" value="/var/run/mysqld/mysqld.sock" />
    <property name="env.LC_ALL" value="en_US.UTF-8" />
    <property name="env.TRAVIS_ALLOW_FAILURE" value="false" />
    <property name="env.TRAVIS_JOB_WEB_URL" value="https://travis-ci.org/icyphy/ptII/jobs/556811839" />
    <property name="java.specification.name" value="Java Platform API Specification" />
    <property name="node.works" value="true" />
    <property name="user.timezone" value="" />
    <property name="path.separator" value=":" />
    <property name="env.TRAVIS_ENABLE_INFRA_DETECTION" value="true" />
    <property name="env.PYTHON_CFLAGS" value="-g -fstack-protector --param=ssp-buffer-size=4 -Wformat -Werror=format-security" />
    <property name="timeout.long" value="4000000" />
    <property name="env.CERTI_HOME" value="/home/travis/pthla/certi-tools" />
    <property name="ant.file.ptII" value="/home/travis/build/icyphy/ptII/build.xml" />
    <property name="javadoc.packagenames" value="com.*,diva.*,lbnl.*,org.hlacerti.*,org.json.*,org.ptolemy.*,org.terraswarm.*,ptolemy.*,ptserver.*" />
    <property name="file.encoding" value="UTF-8" />
    <property name="env.TRAVIS_PULL_REQUEST_SLUG" value="" />
    <property name="ant.project.default-target" value="build" />
    <property name="env.GIT_ASKPASS" value="echo" />
    <property name="env.HOME" value="/home/travis" />
    <property name="sun.java.command" value="org.apache.tools.ant.taskdefs.optional.junit.JUnitTestRunner ptolemy.actor.lib.test.junit.JUnitTclTest skipNonTests=false filtertrace=true haltOnError=false haltOnFailure=false formatter=org.apache.tools.ant.taskdefs.optional.junit.OutErrSummaryJUnitResultFormatter showoutput=true outputtoformatters=true logfailedtests=true threadid=0 logtestlistenerevents=false formatter=org.apache.tools.ant.taskdefs.optional.junit.XMLJUnitResultFormatter,/home/travis/build/icyphy/ptII/reports/junit/TEST-ptolemy.actor.lib.test.junit.JUnitTclTest.xml crashfile=/home/travis/build/icyphy/ptII/junitvmwatcher4365690482487771493.properties propsfile=/home/travis/build/icyphy/ptII/junit9337619096723643148.properties" />
    <property name="env.COMPOSER_NO_INTERACTION" value="1" />
    <property name="env.MANPATH" value="/home/travis/.nvm/versions/node/v7.10.1/share/man:/home/travis/.rvm/rubies/ruby-2.5.3/share/man:/usr/local/cmake-3.12.4/man:/usr/local/clang-7.0.0/share/man:/usr/local/man:/usr/local/share/man:/usr/share/man:/home/travis/.rvm/man" />
    <property name="env.TRAVIS_TIMER_ID" value="12ae7017" />
    <property name="ant.file" value="/home/travis/build/icyphy/ptII/build.xml" />
    <property name="env.TRAVIS_COMMIT_RANGE" value="86cc3014e0c9...49d0b1c81112" />
    <property name="env._system_name" value="Ubuntu" />
    <property name="ptII.classpath.optional.property" value="/home/travis/build/icyphy/ptII/lib/bsh-2.0b4.jar:/home/travis/build/icyphy/ptII/lib/ptCal.jar:/home/travis/build/icyphy/ptII/lib/java_cup.jar:/home/travis/build/icyphy/ptII/lib/saxon8.jar:/home/travis/build/icyphy/ptII/lib/saxon8-dom.jar:/home/travis/build/icyphy/ptII/lib/chic.jar:/home/travis/build/icyphy/ptII/lib/ptcolt.jar:/home/travis/build/icyphy/ptII/vendors/misc/itext/iText.jar:/home/travis/build/icyphy/ptII/lib/g4ltl.jar:/home/travis/build/icyphy/ptII/lib/StructuralCoder.jar:/home/travis/build/icyphy/ptII/vendors/jai-1_1_2_01/lib/jai_core.jar:/home/travis/build/icyphy/ptII/vendors/jai-1_1_2_01/lib/jai_codec.jar:/home/travis/build/icyphy/ptII/lib/jcerti.jar:/home/travis/build/icyphy/ptII/lib/javax.mail.jar:/home/travis/build/icyphy/ptII/vendors/JMF-2.1.1e/lib/jmf.jar:/home/travis/build/icyphy/ptII/lib/jna-4.0.0-variadic.jar:/home/travis/build/icyphy/ptII/vendors/misc/joystick/Joystick.jar:/home/travis/build/icyphy/ptII/lib/ptjacl.jar:/home/travis/build/icyphy/ptII/lib/jsoup-1.8.2.jar:/home/travis/build/icyphy/ptII/lib/junit-4.8.2.jar:/home/travis/build/icyphy/ptII/lib/JUnitParams-0.4.0.jar:/home/travis/build/icyphy/ptII/ptolemy/actor/lib/excel/jxl.jar:/home/travis/build/icyphy/ptII/lib/jython.jar:/home/travis/build/icyphy/ptII/lib/kieler.jar:/home/travis/build/icyphy/ptII/lib/opencv-341.jar:/home/travis/build/icyphy/ptII/lib/oscP5.jar:/home/travis/build/icyphy/ptII/lib/nrjavaserial-3.11.0.devel.jar:/home/travis/build/icyphy/ptII/vendors/j3d/lib/j3dcore.jar:/home/travis/build/icyphy/ptII/vendors/j3d/lib/j3dutils.jar:/home/travis/build/icyphy/ptII/vendors/j3d/lib/vecmath.jar:/home/travis/build/icyphy/ptII/ptolemy/distributed/jini/jar/jini-core.jar:/home/travis/build/icyphy/ptII/ptolemy/distributed/jini/jar/jini-ext.jar:/home/travis/build/icyphy/ptII/ptolemy/distributed/jini/jar/sun-util.jar:/home/travis/build/icyphy/ptII/lib/protobuf-java-2.4.1.jar:/home/travis/build/icyphy/ptII/lib/org.eclipse.paho.client.mqttv3.jar:/home/travis/build/icyphy/ptII/lib/mapss.jar:/home/travis/build/icyphy/ptII/ptolemy/actor/ptalon/antlr/antlr.jar:/home/travis/build/icyphy/ptII/lib/JRI.jar:/home/travis/build/icyphy/ptII/lib/commons-lang-2.6.jar:/home/travis/build/icyphy/ptII/lib/commons-logging-1.1.1.jar:/home/travis/build/icyphy/ptII/lib/sootclasses.jar:/home/travis/build/icyphy/ptII/ptolemy/actor/lib/database/mysql-connector-java-5.1.6-bin.jar:/home/travis/build/icyphy/ptII/vendors/misc/sphinx4/sphinx4-data-5prealpha.jar:/home/travis/build/icyphy/ptII/vendors/misc/sphinx4/sphinx4-core-5prealpha.jar:/home/travis/build/icyphy/ptII/lib/PDFRenderer.jar:/home/travis/build/icyphy/ptII/lib/svgSalamander.jar:/home/travis/build/icyphy/ptII/lib/rsyntaxtextarea-2.6.0-SNAPSHOT.jar:/home/travis/build/icyphy/ptII/lib/hazelcast-3.8.2.jar:/home/travis/build/icyphy/ptII/lib/jackson-annotations-2.9.0.jar:/home/travis/build/icyphy/ptII/lib/jackson-core-2.9.3.jar:/home/travis/build/icyphy/ptII/lib/jackson-databind-2.9.3.jar:/home/travis/build/icyphy/ptII/lib/netty-buffer-4.1.19.Final.jar:/home/travis/build/icyphy/ptII/lib/netty-codec-4.1.19.Final.jar:/home/travis/build/icyphy/ptII/lib/netty-codec-dns-4.1.19.Final.jar:/home/travis/build/icyphy/ptII/lib/netty-codec-http-4.1.19.Final.jar:/home/travis/build/icyphy/ptII/lib/netty-codec-http2-4.1.19.Final.jar:/home/travis/build/icyphy/ptII/lib/netty-common-4.1.19.Final.jar:/home/travis/build/icyphy/ptII/lib/netty-handler-4.1.19.Final.jar:/home/travis/build/icyphy/ptII/lib/netty-resolver-4.1.19.Final.jar:/home/travis/build/icyphy/ptII/lib/netty-resolver-dns-4.1.19.Final.jar:/home/travis/build/icyphy/ptII/lib/netty-transport-4.1.19.Final.jar:/home/travis/build/icyphy/ptII/lib/vertx-codegen-3.5.1.jar:/home/travis/build/icyphy/ptII/lib/vertx-core-3.5.2-SNAPSHOT.jar:/home/travis/build/icyphy/ptII/lib/vertx-hazelcast-3.5.1.jar:/home/travis/build/icyphy/ptII/lib/vertx-lang-js-3.5.1.jar:/home/travis/build/icyphy/ptII/lib/vertx-service-proxy-3.5.1.jar:/home/travis/build/icyphy/ptII/lib/vertx-web-3.5.1.jar:/home/travis/build/icyphy/ptII/lib/slf4j-api-1.7.13.jar:/home/travis/build/icyphy/ptII/lib/slf4j-simple-1.7.13.jar:/home/travis/build/icyphy/ptII/lib/webcam-capture-0.3.12.jar:/home/travis/build/icyphy/ptII/lib/bridj-0.7.0.jar:/home/travis/build/icyphy/ptII/lib/xbjlib-1.1.0.nrjavaserial.jar" />
    <property name="timeout" value="2400000" />
    <property name="test.batch" value="**/junit/*.java" />
    <property name="env._" value="/usr/bin/timeout" />
    <property name="java.io.tmpdir" value="/tmp" />
    <property name="user.language" value="en" />
    <property name="env.TRAVIS_INTERNAL_RUBY_REGEX" value="^ruby-(2\.[0-4]\.[0-9]|1\.9\.3)" />
    <property name="env.HISTCONTROL" value="ignoredups:ignorespace" />
    <property name="env.GOROOT" value="/home/travis/.gimme/versions/go1.11.1.linux.amd64" />
    <property name="line.separator" value="&#xa;" />
    <property name="target" value="10" />
    <property name="env.TRAVIS_BUILD_DIR" value="/home/travis/build/icyphy/ptII" />
    <property name="env.ANT_OPTS" value="-Xmx2048m" />
    <property name="ant.file.type" value="file" />
    <property name="ptolemy.ptII.batchMode" value="true" />
    <property name="env.HISTSIZE" value="1000" />
    <property name="env.MERB_ENV" value="test" />
    <property name="java.vm.info" value="mixed mode" />
    <property name="source" value="10" />
    <property name="java.vm.specification.name" value="Java Virtual Machine Specification" />
    <property name="env.TRAVIS_TEST_RESULT" value="0" />
    <property name="jsdoc.command" value="node_modules/@terraswarm/jsdoc/jsdoc.js" />
    <property name="npm.works" value="true" />
    <property name="cobertura.dir" value="/home/travis/build/icyphy/ptII/vendors/cobertura-2.0.3" />
    <property name="jsdoc.command.exists" value="true" />
    <property name="env.rvm_path" value="/home/travis/.rvm" />
    <property name="env.GEM_PATH" value="/home/travis/.rvm/gems/ruby-2.5.3:/home/travis/.rvm/gems/ruby-2.5.3@global" />
    <property name="env.LC_CTYPE" value="en_US.UTF-8" />
    <property name="env.TRAVIS_CMD" value="$PTII/bin/ptIITravisBuild.sh $SECONDS" />
    <property name="java.awt.printerjob" value="sun.print.PSPrinterJob" />
    <property name="env.TRAVIS_STACK_NAME" value="sardonyx" />
    <property name="env.TRAVIS_TIMER_START_TIME" value="1562767755974892340" />
    <property name="ant.version" value="Apache Ant(TM) version 1.10.1 compiled on February 2 2017" />
    <property name="ptII.reports" value="/home/travis/build/icyphy/ptII/reports" />
    <property name="env.TRAVIS_STACK_TIMESTAMP" value="2019-03-25 16:16:56 UTC" />
    <property name="ant.file.type.ptII" value="file" />
    <property name="env.RBENV_SHELL" value="bash" />
    <property name="os.name" value="Linux" />
    <property name="java.specification.vendor" value="Oracle Corporation" />
    <property name="env.rvm_version" value="1.29.7 (latest)" />
    <property name="env.TRAVIS_INFRA" value="gce" />
    <property name="env.TERM" value="xterm" />
    <property name="java.vm.name" value="OpenJDK 64-Bit Server VM" />
    <property name="env.TRAVIS_BUILD_NUMBER" value="1208" />
    <property name="env.CI" value="true" />
    <property name="java.library.path" value="/home/travis/pthla/certi-tools/lib:/usr/lib/jni:/usr/local/share/OpenCV/java/:/usr/share/OpenCV/java::/usr/java/packages/lib:/usr/lib64:/lib64:/lib:/usr/lib" />
    <property name="env.rvm_prefix" value="/home/travis" />
    <property name="env.PATH" value="/home/travis/pthla/certi-tools/share/scripts:/home/travis/.rvm/gems/ruby-2.5.3/bin:/home/travis/.rvm/gems/ruby-2.5.3@global/bin:/home/travis/.rvm/rubies/ruby-2.5.3/bin:/home/travis/.rvm/bin:/home/travis/.nvm/versions/node/v7.10.1/bin:./node_modules/.bin:/home/travis/build/icyphy/ptII/bin:/home/travis/pthla/certi-tools/bin:/usr/local/lib/jvm/openjdk10/bin:/home/travis/bin:/home/travis/.local/bin:/usr/local/lib/jvm/openjdk11/bin:/opt/pyenv/shims:/home/travis/.phpenv/shims:/home/travis/perl5/perlbrew/bin:/home/travis/gopath/bin:/home/travis/.gimme/versions/go1.11.1.linux.amd64/bin:/usr/local/maven-3.6.0/bin:/usr/local/cmake-3.12.4/bin:/usr/local/clang-7.0.0/bin:/usr/local/sbin:/usr/local/bin:/usr/sbin:/usr/bin:/sbin:/bin:/snap/bin:/home/travis/.phpenv/bin:/opt/pyenv/bin:/home/travis/.yarn/bin" />
    <property name="env.TRAVIS_OS_NAME" value="linux" />
    <property name="ant.java.version" value="9" />
    <property name="basedir" value="/home/travis/build/icyphy/ptII" />
    <property name="java.class.version" value="54.0" />
    <property name="env.SHLVL" value="3" />
    <property name="env.LD_LIBRARY_PATH" value="/home/travis/pthla/certi-tools/lib:/usr/lib/jni:/usr/local/share/OpenCV/java/:/usr/share/OpenCV/java:" />
    <property name="env.RACK_ENV" value="test" />
    <property name="ant.home" value="/home/travis/build/icyphy/ptII/ant" />
    <property name="env.NVM_DIR" value="/home/travis/.nvm" />
    <property name="env.CERTI_FOM_PATH" value="/home/travis/pthla/certi-tools/share/federations" />
    <property name="env.TRAVIS_BUILD_ID" value="556811825" />
    <property name="env.PYENV_ROOT" value="/opt/pyenv" />
    <property name="env.TRAVIS_UID" value="2000" />
    <property name="env.NVM_BIN" value="/home/travis/.nvm/versions/node/v7.10.1/bin" />
    <property name="env.TRAVIS_COMMIT" value="49d0b1c81112a8dc4bc59db432564d07bbebf4bd" />
    <property name="env._system_arch" value="x86_64" />
    <property name="node.executable" value="node" />
    <property name="sun.boot.library.path" value="/usr/local/lib/jvm/openjdk10/lib" />
    <property name="sun.management.compiler" value="HotSpot 64-Bit Tiered Compilers" />
    <property name="java.awt.graphicsenv" value="sun.awt.X11GraphicsEnvironment" />
    <property name="env.GOPATH" value="/home/travis/gopath" />
    <property name="ptolemy.ptII.dir" value="/home/travis/build/icyphy/ptII" />
    <property name="env.USER" value="travis" />
    <property name="env.HISTFILESIZE" value="2000" />
    <property name="timeout.longest" value="19000000" />
    <property name="env.PERLBREW_SHELLRC_VERSION" value="0.86" />
    <property name="env.TRAVIS_STACK_FEATURES" value="basic couchdb disabled-ipv6 docker docker-compose elasticsearch firefox go-toolchain google-chrome jdk memcached mongodb mysql nodejs_interpreter perl_interpreter perlbrew phantomjs postgresql python_interpreter redis ruby_interpreter sqlite xserver" />
    <property name="env.TRAVIS_PULL_REQUEST" value="false" />
    <property name="env.PYENV_SHELL" value="bash" />
    <property name="ant.project.name" value="ptII" />
    <property name="env.ANSI_RESET" value="\033[0m" />
    <property name="java.vm.specification.version" value="10" />
    <property name="env.TRAVIS_DIST" value="xenial" />
    <property name="env.CERTI_VERSION" value="4.0.0" />
    <property name="env.CERTI_HOST" value="localhost" />
    <property name="awt.toolkit" value="sun.awt.X11.XToolkit" />
    <property name="env.MY_RUBY_HOME" value="/home/travis/.rvm/rubies/ruby-2.5.3" />
    <property name="sun.cpu.isalist" value="" />
    <property name="env.TRAVIS_TMPDIR" value="/tmp/tmp.iZLzMzkQp3" />
    <property name="java.vm.compressedOopsMode" value="Zero based" />
    <property name="os.version" value="4.15.0-1028-gcp" />
    <property name="user.home" value="/home/travis" />
    <property name="java.vm.vendor" value="&quot;Oracle Corporation&quot;" />
    <property name="env.TRAVIS_TAG" value="nightly" />
    <property name="env.ANSI_YELLOW" value="\033[33;1m" />
    <property name="env.TRAVIS_FILTERED" value="redirect_io" />
    <property name="env.ANSI_GREEN" value="\033[32;1m" />
    <property name="env.JAVA_HOME" value="/usr/local/lib/jvm/openjdk11" />
    <property name="javadoc.excludepackagenames" value="adm.cvs2svn.*,build.*,config.*,doc.coding.templates.*,jni.test.jni.meaningOfLife.*,jni.test.jni.testDeux.*,jni.test.jni.testTrois.*,org.terraswarm.accessor.accessors.web.node_modules.*,org.terraswarm.accessor.accessors.web.hosts.cordova.demo.*,org.terraswarm.accessor.accessors.web.hosts.cordova.plugins.*,org.terraswarm.accessor.accessors-svn.*,pt-modules.*,ptolemy.apps.agilent.*,ptolemy.apps.anytimecontrol.*,ptolemy.apps.apes.*,ptolemy.apps.charon.*,ptolemy.apps.crazyboard.*,ptolemy.apps.eclipse.*,ptolemy.apps.etherealSting.*,ptolemy.apps.fullscreen.*,ptolemy.apps.giotto.*,ptolemy.apps.ia.*,ptolemy.apps.interfaces.*,ptolemy.apps.jmf.*,ptolemy.apps.kurt.*,ptolemy.apps.kvm.*,ptolemy.apps.lego.*,ptolemy.apps.lejos.*,ptolemy.apps.midp.*,ptolemy.apps.mobileCoding.*,ptolemy.apps.pendulum.*,ptolemy.apps.rijndael.*,ptolemy.apps.robot.*,ptolemy.apps.security.*,ptolemy.apps.sobel.*,ptolemy.apps.soot.*,ptolemy.apps.throttle.*,ptolemy.apps.tini.*,ptolemy.apps.transmission.*,ptolemy.apps.vergil.*,ptolemy.apps.waba.*,ptolemy.apps.websensor.*,ptolemy.apps.webstart.*,ptolemy.apps.xsl.*,ptolemy.apps.zaurus.*,ptolemy.codegen.c.actor.lib.oldJavaFiles.*,ptolemy.codegen.dsp.lib.*,ptolemy.codegen.kernel.newInterfaces.*,ptolemy.codegen.lib.*,ptolemy.copernicus.kernel.fragment.*,ptolemy.copernicus.shallow.cg.*,ptolemy.domains.giotto.demo.Hierarchy.Hierarchy.*,ptolemy.domains.giotto.demo.Multimode.Multimode.*,ptolemy.domains.giotto.demo.Simple.Simple.*,ptolemy.domains.gr.lib.experimental.*,ptolemy.domains.gro.*,ptolemy.domains.pdf.*,ptolemy.domains.ptinyos.demo.Surge.output.*,ptolemy.moml.test.NoPackageActor.java*,ptolemy.plot.adm.*,ptolemy.plot.servlet.*,reports.*,signed.*,src.*,target.*,vendors.*,ptolemy.copernicus.applet.*,ptolemy.media.viewer.*,ptolemy.actor.corba.*,doc.doclets.*,ptolemy.apps.eclipse.awt.*,ptolemy.backtrack.*,ptolemy.backtrack.ast.*,ptolemy.cg.adapter.generic.program.procedural.c.mbed*,ptolemy.homer.*,ptolemy.actor.lib.jjs.modules.audio.*,org.ptolemy.scala.*,diva.util.java2d.svg.*,ptolemy.domains.ptinyos.*,ptolemy.actor.lib.fmi.fmipp.*,,org.terraswarm.accessor.accessors.web.node_modules.*,org.terraswarm.accessor.accessors-svn,ptolemy.apps.*,ptolemy.actor.ptalon.demo.ptinyos.SendAndReceiveCnt.output,ptolemy.actor.ptalon.demo.ptinyos.SenseToLeds.output,ptolemy.domains.ptinyos.demo.CntToLedsAndRfm.output,ptolemy.domains.ptinyos.demo.RfmToLeds.output,ptolemy.domains.ptinyos.demo.SendAndReceiveCnt.output,ptolemy.domains.ptinyos.demo.SenseToLeds.output,ptolemy.actor.lib.jjs.modules.udpSocket.*" />
    <property name="env.PTII" value="/home/travis/build/icyphy/ptII" />
    <property name="env.XDG_SESSION_ID" value="2" />
    <property name="keystore" value="ptKeystore" />
    <property name="env.TRAVIS_COMMIT_MESSAGE" value="Install openjfx for JavaFX so that the audio accessors work." />
    <property name="junit.output.dir" value="/home/travis/build/icyphy/ptII/reports/junit" />
    <property name="npm.return.code" value="0" />
    <property name="user.dir" value="/home/travis/build/icyphy/ptII/ptolemy/actor/lib/test" />
    <property name="env.TRAVIS_NODE_VERSION" value="7" />
    <property name="env.TRAVIS_EVENT_TYPE" value="push" />
    <property name="env.MAIL" value="/var/mail/travis" />
    <property name="env.PERLBREW_ROOT" value="/home/travis/perl5/perlbrew" />
    <property name="env.PWD" value="/home/travis/build/icyphy/ptII" />
    <property name="timeout.npm" value="45000" />
    <property name="env.TRAVIS_ARCH" value="amd64" />
    <property name="sun.cpu.endian" value="little" />
    <property name="env.PAGER" value="cat" />
    <property name="env.TRAVIS_BUILD_STAGE_NAME" value="Test" />
    <property name="env.PERLBREW_HOME" value="/home/travis/.perlbrew" />
    <property name="java.vm.version" value="10.0.2+13" />
    <property name="env.RAILS_ENV" value="test" />
    <property name="java.class.path" value="/home/travis/.ptolemyII:/home/travis/.ptolemyII/*:/home/travis/build/icyphy/ptII:/home/travis/build/icyphy/ptII/lib/bsh-2.0b4.jar:/home/travis/build/icyphy/ptII/lib/ptCal.jar:/home/travis/build/icyphy/ptII/lib/java_cup.jar:/home/travis/build/icyphy/ptII/lib/saxon8.jar:/home/travis/build/icyphy/ptII/lib/saxon8-dom.jar:/home/travis/build/icyphy/ptII/lib/chic.jar:/home/travis/build/icyphy/ptII/lib/ptcolt.jar:/home/travis/build/icyphy/ptII/vendors/misc/itext/iText.jar:/home/travis/build/icyphy/ptII/lib/g4ltl.jar:/home/travis/build/icyphy/ptII/lib/StructuralCoder.jar:/home/travis/build/icyphy/ptII/vendors/jai-1_1_2_01/lib/jai_core.jar:/home/travis/build/icyphy/ptII/vendors/jai-1_1_2_01/lib/jai_codec.jar:/home/travis/build/icyphy/ptII/lib/jcerti.jar:/home/travis/build/icyphy/ptII/lib/javax.mail.jar:/home/travis/build/icyphy/ptII/vendors/JMF-2.1.1e/lib/jmf.jar:/home/travis/build/icyphy/ptII/lib/jna-4.0.0-variadic.jar:/home/travis/build/icyphy/ptII/vendors/misc/joystick/Joystick.jar:/home/travis/build/icyphy/ptII/lib/ptjacl.jar:/home/travis/build/icyphy/ptII/lib/jsoup-1.8.2.jar:/home/travis/build/icyphy/ptII/lib/junit-4.8.2.jar:/home/travis/build/icyphy/ptII/lib/JUnitParams-0.4.0.jar:/home/travis/build/icyphy/ptII/ptolemy/actor/lib/excel/jxl.jar:/home/travis/build/icyphy/ptII/lib/jython.jar:/home/travis/build/icyphy/ptII/lib/kieler.jar:/home/travis/build/icyphy/ptII/lib/opencv-341.jar:/home/travis/build/icyphy/ptII/lib/oscP5.jar:/home/travis/build/icyphy/ptII/lib/nrjavaserial-3.11.0.devel.jar:/home/travis/build/icyphy/ptII/vendors/j3d/lib/j3dcore.jar:/home/travis/build/icyphy/ptII/vendors/j3d/lib/j3dutils.jar:/home/travis/build/icyphy/ptII/vendors/j3d/lib/vecmath.jar:/home/travis/build/icyphy/ptII/ptolemy/distributed/jini/jar/jini-core.jar:/home/travis/build/icyphy/ptII/ptolemy/distributed/jini/jar/jini-ext.jar:/home/travis/build/icyphy/ptII/ptolemy/distributed/jini/jar/sun-util.jar:/home/travis/build/icyphy/ptII/lib/protobuf-java-2.4.1.jar:/home/travis/build/icyphy/ptII/lib/org.eclipse.paho.client.mqttv3.jar:/home/travis/build/icyphy/ptII/lib/mapss.jar:/home/travis/build/icyphy/ptII/ptolemy/actor/ptalon/antlr/antlr.jar:/home/travis/build/icyphy/ptII/lib/JRI.jar:/home/travis/build/icyphy/ptII/lib/commons-lang-2.6.jar:/home/travis/build/icyphy/ptII/lib/commons-logging-1.1.1.jar:/home/travis/build/icyphy/ptII/lib/sootclasses.jar:/home/travis/build/icyphy/ptII/ptolemy/actor/lib/database/mysql-connector-java-5.1.6-bin.jar:/home/travis/build/icyphy/ptII/vendors/misc/sphinx4/sphinx4-data-5prealpha.jar:/home/travis/build/icyphy/ptII/vendors/misc/sphinx4/sphinx4-core-5prealpha.jar:/home/travis/build/icyphy/ptII/lib/PDFRenderer.jar:/home/travis/build/icyphy/ptII/lib/svgSalamander.jar:/home/travis/build/icyphy/ptII/lib/rsyntaxtextarea-2.6.0-SNAPSHOT.jar:/home/travis/build/icyphy/ptII/lib/hazelcast-3.8.2.jar:/home/travis/build/icyphy/ptII/lib/jackson-annotations-2.9.0.jar:/home/travis/build/icyphy/ptII/lib/jackson-core-2.9.3.jar:/home/travis/build/icyphy/ptII/lib/jackson-databind-2.9.3.jar:/home/travis/build/icyphy/ptII/lib/netty-buffer-4.1.19.Final.jar:/home/travis/build/icyphy/ptII/lib/netty-codec-4.1.19.Final.jar:/home/travis/build/icyphy/ptII/lib/netty-codec-dns-4.1.19.Final.jar:/home/travis/build/icyphy/ptII/lib/netty-codec-http-4.1.19.Final.jar:/home/travis/build/icyphy/ptII/lib/netty-codec-http2-4.1.19.Final.jar:/home/travis/build/icyphy/ptII/lib/netty-common-4.1.19.Final.jar:/home/travis/build/icyphy/ptII/lib/netty-handler-4.1.19.Final.jar:/home/travis/build/icyphy/ptII/lib/netty-resolver-4.1.19.Final.jar:/home/travis/build/icyphy/ptII/lib/netty-resolver-dns-4.1.19.Final.jar:/home/travis/build/icyphy/ptII/lib/netty-transport-4.1.19.Final.jar:/home/travis/build/icyphy/ptII/lib/vertx-codegen-3.5.1.jar:/home/travis/build/icyphy/ptII/lib/vertx-core-3.5.2-SNAPSHOT.jar:/home/travis/build/icyphy/ptII/lib/vertx-hazelcast-3.5.1.jar:/home/travis/build/icyphy/ptII/lib/vertx-lang-js-3.5.1.jar:/home/travis/build/icyphy/ptII/lib/vertx-service-proxy-3.5.1.jar:/home/travis/build/icyphy/ptII/lib/vertx-web-3.5.1.jar:/home/travis/build/icyphy/ptII/lib/slf4j-api-1.7.13.jar:/home/travis/build/icyphy/ptII/lib/slf4j-simple-1.7.13.jar:/home/travis/build/icyphy/ptII/lib/webcam-capture-0.3.12.jar:/home/travis/build/icyphy/ptII/lib/bridj-0.7.0.jar:/home/travis/build/icyphy/ptII/lib/xbjlib-1.1.0.nrjavaserial.jar:/home/travis/build/icyphy/ptII/ptolemy/moml/test:/home/travis/build/icyphy/ptII/ant/lib/ant-launcher.jar:/home/travis/build/icyphy/ptII/ant/lib/ant.jar:/home/travis/build/icyphy/ptII/ant/lib/ant-junit.jar:/home/travis/build/icyphy/ptII/ant/lib/ant-junit4.jar" />
    <property name="ant.library.dir" value="/home/travis/build/icyphy/ptII/ant/lib" />
    <property name="os.arch" value="amd64" />
    <property name="env.CONTINUOUS_INTEGRATION" value="true" />
    <property name="env.TRAVIS_LANGUAGE" value="node_js" />
    <property name="env.TRAVIS_STACK_LANGUAGES" value="__sardonyx__ c c++ clojure cplusplus cpp default generic go groovy java node_js php pure_java python ruby scala" />
    <property name="test.name" value="ptolemy.actor.lib.test.junit.JUnitTclTest" />
    <property name="env.APT_KEY_DONT_WARN_ON_DANGEROUS_USAGE" value="1" />
    <property name="sun.java.launcher" value="SUN_STANDARD" />
    <property name="env.PYTHON_CONFIGURE_OPTS" value="--enable-unicode=ucs4 --with-wide-unicode --enable-shared --enable-ipv6 --enable-loadable-sqlite-extensions --with-computed-gotos" />
    <property name="ant.core.lib" value="/home/travis/build/icyphy/ptII/ant/lib/ant.jar" />
    <property name="java.vm.specification.vendor" value="Oracle Corporation" />
    <property name="env.BCVTB_HOME" value="/home/travis/build/icyphy/ptII/lbnl" />
    <property name="file.separator" value="/" />
    <property name="spotbugs.home" value="/home/travis/build/icyphy/ptII/vendors/spotbugs-3.1.1" />
    <property name="java.runtime.version" value="10.0.2+13" />
    <property name="env.ANSI_CLEAR" value="\033[0K" />
    <property name="env.HAS_JOSH_K_SEAL_OF_APPROVAL" value="true" />
    <property name="env.XDG_RUNTIME_DIR" value="/run/user/2000" />
    <property name="env.TRAVIS_OSX_IMAGE" value="" />
    <property name="env.TRAVIS_JOB_ID" value="556811839" />
    <property name="env.TRAVIS_BRANCH" value="master" />
    <property name="user.country" value="US" />
    <property name="env.CERTI_HOME_TRAVIS" value="/home/travis/pthla/certi-tools" />
    <property name="env.SHELL" value="/bin/bash" />
    <property name="java.maxmemory.large" value="5000m" />
    <property name="model" value="" />
    <property name="env.CASHER_DIR" value="/home/travis/.casher" />
    <property name="env.NVM_CD_FLAGS" value="" />
    <property name="java.vendor.version" value="18.3" />
    <property name="jshint.executable" value="/home/travis/node_modules/jshint/bin/jshint" />
    <property name="env.JRUBY_OPTS" value=" --client -J-XX:+TieredCompilation -J-XX:TieredStopAtLevel=1 -J-Xss2m -Xcompile.invokedynamic=false" />
    <property name="java.vendor" value="Oracle Corporation" />
    <property name="env.TRAVIS_PRE_CHEF_BOOTSTRAP_TIME" value="2019-03-25T16:16:42" />
    <property name="env.TRAVIS_STACK_JOB_BOARD_REGISTER" value="/.job-board-register.yml" />
    <property name="env.ANSI_RED" value="\033[31;1m" />
    <property name="java.specification.version" value="10" />
    <property name="env.IRBRC" value="/home/travis/.rvm/rubies/ruby-2.5.3/.irbrc" />
    <property name="env.TRAVIS" value="true" />
    <property name="sun.arch.data.model" value="64" />
  </properties>
  <testcase classname="ptolemy.util.test.junit.TclTests" name="[0] /home/travis/build/icyphy/ptII/ptolemy/actor/lib/test/AbsoluteValue.tcl (RunTclFile)" time="0.511" />
  <testcase classname="ptolemy.util.test.junit.TclTests" name="[1] /home/travis/build/icyphy/ptII/ptolemy/actor/lib/test/AddSubtract.tcl (RunTclFile)" time="0.164" />
  <testcase classname="ptolemy.util.test.junit.TclTests" name="[2] /home/travis/build/icyphy/ptII/ptolemy/actor/lib/test/Average.tcl (RunTclFile)" time="0.034" />
  <testcase classname="ptolemy.util.test.junit.TclTests" name="[3] /home/travis/build/icyphy/ptII/ptolemy/actor/lib/test/Bernoulli.tcl (RunTclFile)" time="0.019" />
  <testcase classname="ptolemy.util.test.junit.TclTests" name="[4] /home/travis/build/icyphy/ptII/ptolemy/actor/lib/test/Clock.tcl (RunTclFile)" time="0.129" />
  <testcase classname="ptolemy.util.test.junit.TclTests" name="[5] /home/travis/build/icyphy/ptII/ptolemy/actor/lib/test/Commutator.tcl (RunTclFile)" time="0.236">
    <failure message="Number of failed tests is has increased. expected:&lt;0&gt; but was:&lt;1&gt;" type="junit.framework.AssertionFailedError">junit.framework.AssertionFailedError: Number of failed tests is has increased. expected:&lt;0&gt; but was:&lt;1&gt;
	at ptolemy.util.test.junit.TclTests.RunTclFile(TclTests.java:286)
	at java.base/jdk.internal.reflect.NativeMethodAccessorImpl.invoke0(Native Method)
	at java.base/jdk.internal.reflect.NativeMethodAccessorImpl.invoke(NativeMethodAccessorImpl.java:62)
	at java.base/jdk.internal.reflect.DelegatingMethodAccessorImpl.invoke(DelegatingMethodAccessorImpl.java:43)
	at junitparams.internal.InvokeParameterisedMethod.evaluate(InvokeParameterisedMethod.java:102)
	at junitparams.internal.ParameterisedTestMethodRunner.runMethodInvoker(ParameterisedTestMethodRunner.java:47)
	at junitparams.internal.ParameterisedTestMethodRunner.runTestMethod(ParameterisedTestMethodRunner.java:41)
	at junitparams.internal.ParameterisedTestClassRunner.runParameterisedTest(ParameterisedTestClassRunner.java:143)
	at junitparams.JUnitParamsRunner.runChild(JUnitParamsRunner.java:237)
	at junitparams.JUnitParamsRunner.runChild(JUnitParamsRunner.java:215)
</failure>
  </testcase>
  <testcase classname="ptolemy.util.test.junit.TclTests" name="[6] /home/travis/build/icyphy/ptII/ptolemy/actor/lib/test/Const.tcl (RunTclFile)" time="0.114" />
  <testcase classname="ptolemy.util.test.junit.TclTests" name="[7] /home/travis/build/icyphy/ptII/ptolemy/actor/lib/test/CurrentTime.tcl (RunTclFile)" time="0.034" />
  <testcase classname="ptolemy.util.test.junit.TclTests" name="[8] /home/travis/build/icyphy/ptII/ptolemy/actor/lib/test/DB.tcl (RunTclFile)" time="0.034" />
  <testcase classname="ptolemy.util.test.junit.TclTests" name="[9] /home/travis/build/icyphy/ptII/ptolemy/actor/lib/test/DiscreteRandomSource.tcl (RunTclFile)" time="0.06" />
  <testcase classname="ptolemy.util.test.junit.TclTests" name="[10] /home/travis/build/icyphy/ptII/ptolemy/actor/lib/test/Distributor.tcl (RunTclFile)" time="0.077" />
  <testcase classname="ptolemy.util.test.junit.TclTests" name="[11] /home/travis/build/icyphy/ptII/ptolemy/actor/lib/test/Exit.tcl (RunTclFile)" time="0.124" />
  <testcase classname="ptolemy.util.test.junit.TclTests" name="[12] /home/travis/build/icyphy/ptII/ptolemy/actor/lib/test/Expression.tcl (RunTclFile)" time="0.123" />
  <testcase classname="ptolemy.util.test.junit.TclTests" name="[13] /home/travis/build/icyphy/ptII/ptolemy/actor/lib/test/Gaussian.tcl (RunTclFile)" time="0.061" />
  <testcase classname="ptolemy.util.test.junit.TclTests" name="[14] /home/travis/build/icyphy/ptII/ptolemy/actor/lib/test/IIR.tcl (RunTclFile)" time="0.041" />
  <testcase classname="ptolemy.util.test.junit.TclTests" name="[15] /home/travis/build/icyphy/ptII/ptolemy/actor/lib/test/Interpolator.tcl (RunTclFile)" time="0.074" />
  <testcase classname="ptolemy.util.test.junit.TclTests" name="[16] /home/travis/build/icyphy/ptII/ptolemy/actor/lib/test/MathFunction.tcl (RunTclFile)" time="0.045" />
  <testcase classname="ptolemy.util.test.junit.TclTests" name="[17] /home/travis/build/icyphy/ptII/ptolemy/actor/lib/test/Maximum.tcl (RunTclFile)" time="0.037" />
  <testcase classname="ptolemy.util.test.junit.TclTests" name="[18] /home/travis/build/icyphy/ptII/ptolemy/actor/lib/test/Minimum.tcl (RunTclFile)" time="0.039" />
  <testcase classname="ptolemy.util.test.junit.TclTests" name="[19] /home/travis/build/icyphy/ptII/ptolemy/actor/lib/test/MultiplyDivide.tcl (RunTclFile)" time="0.051" />
  <testcase classname="ptolemy.util.test.junit.TclTests" name="[20] /home/travis/build/icyphy/ptII/ptolemy/actor/lib/test/OrderedMerge.tcl (RunTclFile)" time="0.131" />
  <testcase classname="ptolemy.util.test.junit.TclTests" name="[21] /home/travis/build/icyphy/ptII/ptolemy/actor/lib/test/Publisher.tcl (RunTclFile)" time="0.956" />
  <testcase classname="ptolemy.util.test.junit.TclTests" name="[22] /home/travis/build/icyphy/ptII/ptolemy/actor/lib/test/Pulse.tcl (RunTclFile)" time="0.041" />
  <testcase classname="ptolemy.util.test.junit.TclTests" name="[23] /home/travis/build/icyphy/ptII/ptolemy/actor/lib/test/Ramp.tcl (RunTclFile)" time="2.326" />
  <testcase classname="ptolemy.util.test.junit.TclTests" name="[24] /home/travis/build/icyphy/ptII/ptolemy/actor/lib/test/RampContinuous.tcl (RunTclFile)" time="0.019" />
  <testcase classname="ptolemy.util.test.junit.TclTests" name="[25] /home/travis/build/icyphy/ptII/ptolemy/actor/lib/test/RecordAssembler.tcl (RunTclFile)" time="0.018" />
  <testcase classname="ptolemy.util.test.junit.TclTests" name="[26] /home/travis/build/icyphy/ptII/ptolemy/actor/lib/test/RecordDisassembler.tcl (RunTclFile)" time="0.035" />
  <testcase classname="ptolemy.util.test.junit.TclTests" name="[27] /home/travis/build/icyphy/ptII/ptolemy/actor/lib/test/Scale.tcl (RunTclFile)" time="0.031" />
  <testcase classname="ptolemy.util.test.junit.TclTests" name="[28] /home/travis/build/icyphy/ptII/ptolemy/actor/lib/test/SequentialClock.tcl (RunTclFile)" time="0.012" />
  <testcase classname="ptolemy.util.test.junit.TclTests" name="[29] /home/travis/build/icyphy/ptII/ptolemy/actor/lib/test/SetVariable.tcl (RunTclFile)" time="0.017">
    <failure message="Number of failed tests is has increased. expected:&lt;1&gt; but was:&lt;2&gt;" type="junit.framework.AssertionFailedError">junit.framework.AssertionFailedError: Number of failed tests is has increased. expected:&lt;1&gt; but was:&lt;2&gt;
	at ptolemy.util.test.junit.TclTests.RunTclFile(TclTests.java:286)
	at jdk.internal.reflect.GeneratedMethodAccessor19.invoke(Unknown Source)
	at java.base/jdk.internal.reflect.DelegatingMethodAccessorImpl.invoke(DelegatingMethodAccessorImpl.java:43)
	at junitparams.internal.InvokeParameterisedMethod.evaluate(InvokeParameterisedMethod.java:102)
	at junitparams.internal.ParameterisedTestMethodRunner.runMethodInvoker(ParameterisedTestMethodRunner.java:47)
	at junitparams.internal.ParameterisedTestMethodRunner.runTestMethod(ParameterisedTestMethodRunner.java:41)
	at junitparams.internal.ParameterisedTestClassRunner.runParameterisedTest(ParameterisedTestClassRunner.java:143)
	at junitparams.JUnitParamsRunner.runChild(JUnitParamsRunner.java:237)
	at junitparams.JUnitParamsRunner.runChild(JUnitParamsRunner.java:215)
</failure>
  </testcase>
  <testcase classname="ptolemy.util.test.junit.TclTests" name="[30] /home/travis/build/icyphy/ptII/ptolemy/actor/lib/test/Sinewave.tcl (RunTclFile)" time="0.027" />
  <testcase classname="ptolemy.util.test.junit.TclTests" name="[31] /home/travis/build/icyphy/ptII/ptolemy/actor/lib/test/SubscriptionAggregator.tcl (RunTclFile)" time="2.364" />
  <testcase classname="ptolemy.util.test.junit.TclTests" name="[32] /home/travis/build/icyphy/ptII/ptolemy/actor/lib/test/Test.tcl (RunTclFile)" time="0.127" />
  <testcase classname="ptolemy.util.test.junit.TclTests" name="[33] /home/travis/build/icyphy/ptII/ptolemy/actor/lib/test/TestExceptionHandler.tcl (RunTclFile)" time="0.014" />
  <testcase classname="ptolemy.util.test.junit.TclTests" name="[34] /home/travis/build/icyphy/ptII/ptolemy/actor/lib/test/UnionDisassembler.tcl (RunTclFile)" time="0.087" />
  <testcase classname="ptolemy.util.test.junit.TclTests" name="[35] /home/travis/build/icyphy/ptII/ptolemy/actor/lib/test/VariableClock.tcl (RunTclFile)" time="0.018" />
  <testcase classname="ptolemy.util.test.junit.AutoKnownFailedTests" name="[0] /home/travis/build/icyphy/ptII/ptolemy/actor/lib/test/auto/knownFailedTests/PublisherPortToplevelSubscriber.xml (RunModel)" time="0.094" />
  <testcase classname="ptolemy.util.test.junit.AutoKnownFailedTests" name="[1] /home/travis/build/icyphy/ptII/ptolemy/actor/lib/test/auto/knownFailedTests/PublisherSubscriberPortToplevel.xml (RunModel)" time="0.015" />
  <testcase classname="ptolemy.util.test.junit.AutoKnownFailedTests" name="[2] /home/travis/build/icyphy/ptII/ptolemy/actor/lib/test/auto/knownFailedTests/PublisherSubscriptionAggregatorPort.xml (RunModel)" time="0.016" />
  <testcase classname="ptolemy.util.test.junit.AutoKnownFailedTests" name="[3] /home/travis/build/icyphy/ptII/ptolemy/actor/lib/test/auto/knownFailedTests/sizedarray3.xml (RunModel)" time="0.028" />
  <testcase classname="ptolemy.util.test.junit.AutoNameArchTests" name="[0] ThereAreNoAutoArchTests (RunModel)" time="0.005" />
  <testcase classname="ptolemy.util.test.junit.AutoTests" name="[0] /home/travis/build/icyphy/ptII/ptolemy/actor/lib/test/auto/AbsoluteValue.xml (RunModel)" time="0.111" />
  <testcase classname="ptolemy.util.test.junit.AutoTests" name="[1] /home/travis/build/icyphy/ptII/ptolemy/actor/lib/test/auto/AbsoluteValue2.xml (RunModel)" time="0.067" />
  <testcase classname="ptolemy.util.test.junit.AutoTests" name="[2] /home/travis/build/icyphy/ptII/ptolemy/actor/lib/test/auto/Accumulator.xml (RunModel)" time="0.064" />
  <testcase classname="ptolemy.util.test.junit.AutoTests" name="[3] /home/travis/build/icyphy/ptII/ptolemy/actor/lib/test/auto/Accumulator2.xml (RunModel)" time="0.052" />
  <testcase classname="ptolemy.util.test.junit.AutoTests" name="[4] /home/travis/build/icyphy/ptII/ptolemy/actor/lib/test/auto/Accumulator3.xml (RunModel)" time="0.037" />
  <testcase classname="ptolemy.util.test.junit.AutoTests" name="[5] /home/travis/build/icyphy/ptII/ptolemy/actor/lib/test/auto/ArrayAppend.xml (RunModel)" time="0.045" />
  <testcase classname="ptolemy.util.test.junit.AutoTests" name="[6] /home/travis/build/icyphy/ptII/ptolemy/actor/lib/test/auto/ArrayAppend2.xml (RunModel)" time="0.335" />
  <testcase classname="ptolemy.util.test.junit.AutoTests" name="[7] /home/travis/build/icyphy/ptII/ptolemy/actor/lib/test/auto/ArrayAppend3.xml (RunModel)" time="0.018" />
  <testcase classname="ptolemy.util.test.junit.AutoTests" name="[8] /home/travis/build/icyphy/ptII/ptolemy/actor/lib/test/auto/ArrayAppend4.xml (RunModel)" time="0.023" />
  <testcase classname="ptolemy.util.test.junit.AutoTests" name="[9] /home/travis/build/icyphy/ptII/ptolemy/actor/lib/test/auto/ArrayAppend5.xml (RunModel)" time="0.018" />
  <testcase classname="ptolemy.util.test.junit.AutoTests" name="[10] /home/travis/build/icyphy/ptII/ptolemy/actor/lib/test/auto/ArrayAppend6.xml (RunModel)" time="0.021" />
  <testcase classname="ptolemy.util.test.junit.AutoTests" name="[11] /home/travis/build/icyphy/ptII/ptolemy/actor/lib/test/auto/ArrayAppendPerformanceTest.xml (RunModel)" time="0.073" />
  <testcase classname="ptolemy.util.test.junit.AutoTests" name="[12] /home/travis/build/icyphy/ptII/ptolemy/actor/lib/test/auto/ArrayAppendWithEmptyInput.xml (RunModel)" time="0.058" />
  <testcase classname="ptolemy.util.test.junit.AutoTests" name="[13] /home/travis/build/icyphy/ptII/ptolemy/actor/lib/test/auto/ArrayAverage.xml (RunModel)" time="0.05" />
  <testcase classname="ptolemy.util.test.junit.AutoTests" name="[14] /home/travis/build/icyphy/ptII/ptolemy/actor/lib/test/auto/ArrayContains.xml (RunModel)" time="0.026" />
  <testcase classname="ptolemy.util.test.junit.AutoTests" name="[15] /home/travis/build/icyphy/ptII/ptolemy/actor/lib/test/auto/ArrayElement.xml (RunModel)" time="0.074" />
  <testcase classname="ptolemy.util.test.junit.AutoTests" name="[16] /home/travis/build/icyphy/ptII/ptolemy/actor/lib/test/auto/ArrayElementAsMatrix.xml (RunModel)" time="0.045" />
  <testcase classname="ptolemy.util.test.junit.AutoTests" name="[17] /home/travis/build/icyphy/ptII/ptolemy/actor/lib/test/auto/ArrayElementI.xml (RunModel)" time="0.031" />
  <testcase classname="ptolemy.util.test.junit.AutoTests" name="[18] /home/travis/build/icyphy/ptII/ptolemy/actor/lib/test/auto/ArrayExtract.xml (RunModel)" time="0.029" />
  <testcase classname="ptolemy.util.test.junit.AutoTests" name="[19] /home/travis/build/icyphy/ptII/ptolemy/actor/lib/test/auto/ArrayExtract2.xml (RunModel)" time="0.016" />
  <testcase classname="ptolemy.util.test.junit.AutoTests" name="[20] /home/travis/build/icyphy/ptII/ptolemy/actor/lib/test/auto/ArrayLength.xml (RunModel)" time="0.016" />
  <testcase classname="ptolemy.util.test.junit.AutoTests" name="[21] /home/travis/build/icyphy/ptII/ptolemy/actor/lib/test/auto/ArrayLevelCrossing.xml (RunModel)" time="0.027" />
  <testcase classname="ptolemy.util.test.junit.AutoTests" name="[22] /home/travis/build/icyphy/ptII/ptolemy/actor/lib/test/auto/ArrayLevelCrossing2.xml (RunModel)" time="0.023" />
  <testcase classname="ptolemy.util.test.junit.AutoTests" name="[23] /home/travis/build/icyphy/ptII/ptolemy/actor/lib/test/auto/ArrayPeakSearch.xml (RunModel)" time="0.039" />
  <testcase classname="ptolemy.util.test.junit.AutoTests" name="[24] /home/travis/build/icyphy/ptII/ptolemy/actor/lib/test/auto/ArrayPeakSearch2.xml (RunModel)" time="0.04" />
  <testcase classname="ptolemy.util.test.junit.AutoTests" name="[25] /home/travis/build/icyphy/ptII/ptolemy/actor/lib/test/auto/ArrayPeakSearch3.xml (RunModel)" time="0.039" />
  <testcase classname="ptolemy.util.test.junit.AutoTests" name="[26] /home/travis/build/icyphy/ptII/ptolemy/actor/lib/test/auto/ArrayRemoveElement.xml (RunModel)" time="0.035" />
  <testcase classname="ptolemy.util.test.junit.AutoTests" name="[27] /home/travis/build/icyphy/ptII/ptolemy/actor/lib/test/auto/ArraySort.xml (RunModel)" time="0.035" />
  <testcase classname="ptolemy.util.test.junit.AutoTests" name="[28] /home/travis/build/icyphy/ptII/ptolemy/actor/lib/test/auto/ArraySum.xml (RunModel)" time="0.022" />
  <testcase classname="ptolemy.util.test.junit.AutoTests" name="[29] /home/travis/build/icyphy/ptII/ptolemy/actor/lib/test/auto/ArrayToElements.xml (RunModel)" time="0.026" />
  <testcase classname="ptolemy.util.test.junit.AutoTests" name="[30] /home/travis/build/icyphy/ptII/ptolemy/actor/lib/test/auto/ArrayToMatrix.xml (RunModel)" time="0.049" />
  <testcase classname="ptolemy.util.test.junit.AutoTests" name="[31] /home/travis/build/icyphy/ptII/ptolemy/actor/lib/test/auto/ArrayUpdate1.xml (RunModel)" time="0.023" />
  <testcase classname="ptolemy.util.test.junit.AutoTests" name="[32] /home/travis/build/icyphy/ptII/ptolemy/actor/lib/test/auto/ArrayUpdate2.xml (RunModel)" time="0.023" />
  <testcase classname="ptolemy.util.test.junit.AutoTests" name="[33] /home/travis/build/icyphy/ptII/ptolemy/actor/lib/test/auto/ArrayUpdate3.xml (RunModel)" time="0.015" />
  <testcase classname="ptolemy.util.test.junit.AutoTests" name="[34] /home/travis/build/icyphy/ptII/ptolemy/actor/lib/test/auto/Assert1.xml (RunModel)" time="0.021" />
  <testcase classname="ptolemy.util.test.junit.AutoTests" name="[35] /home/travis/build/icyphy/ptII/ptolemy/actor/lib/test/auto/Assert2.xml (RunModel)" time="0.011" />
  <testcase classname="ptolemy.util.test.junit.AutoTests" name="[36] /home/travis/build/icyphy/ptII/ptolemy/actor/lib/test/auto/BooleanMultiplexor.xml (RunModel)" time="0.017" />
  <testcase classname="ptolemy.util.test.junit.AutoTests" name="[37] /home/travis/build/icyphy/ptII/ptolemy/actor/lib/test/auto/BooleanMultiplexor2.xml (RunModel)" time="0.027" />
  <testcase classname="ptolemy.util.test.junit.AutoTests" name="[38] /home/travis/build/icyphy/ptII/ptolemy/actor/lib/test/auto/BooleanMultiplexor3.xml (RunModel)" time="0.034" />
  <testcase classname="ptolemy.util.test.junit.AutoTests" name="[39] /home/travis/build/icyphy/ptII/ptolemy/actor/lib/test/auto/BooleanSelect.xml (RunModel)" time="0.023" />
  <testcase classname="ptolemy.util.test.junit.AutoTests" name="[40] /home/travis/build/icyphy/ptII/ptolemy/actor/lib/test/auto/BooleanSelect2.xml (RunModel)" time="0.019" />
  <testcase classname="ptolemy.util.test.junit.AutoTests" name="[41] /home/travis/build/icyphy/ptII/ptolemy/actor/lib/test/auto/BooleanSwitch.xml (RunModel)" time="0.028" />
  <testcase classname="ptolemy.util.test.junit.AutoTests" name="[42] /home/travis/build/icyphy/ptII/ptolemy/actor/lib/test/auto/BooleanSwitch2.xml (RunModel)" time="0.016" />
  <testcase classname="ptolemy.util.test.junit.AutoTests" name="[43] /home/travis/build/icyphy/ptII/ptolemy/actor/lib/test/auto/BooleanSwitchCloningBugWithClassRelationGroup.xml (RunModel)" time="0.032" />
  <testcase classname="ptolemy.util.test.junit.AutoTests" name="[44] /home/travis/build/icyphy/ptII/ptolemy/actor/lib/test/auto/BusActors.xml (RunModel)" time="0.039" />
  <testcase classname="ptolemy.util.test.junit.AutoTests" name="[45] /home/travis/build/icyphy/ptII/ptolemy/actor/lib/test/auto/ClassWrapper.xml (RunModel)" time="0.025" />
  <testcase classname="ptolemy.util.test.junit.AutoTests" name="[46] /home/travis/build/icyphy/ptII/ptolemy/actor/lib/test/auto/Clock.xml (RunModel)" time="0.03" />
  <testcase classname="ptolemy.util.test.junit.AutoTests" name="[47] /home/travis/build/icyphy/ptII/ptolemy/actor/lib/test/auto/Clock10.xml (RunModel)" time="0.025" />
  <testcase classname="ptolemy.util.test.junit.AutoTests" name="[48] /home/travis/build/icyphy/ptII/ptolemy/actor/lib/test/auto/Clock11.xml (RunModel)" time="0.017" />
  <testcase classname="ptolemy.util.test.junit.AutoTests" name="[49] /home/travis/build/icyphy/ptII/ptolemy/actor/lib/test/auto/Clock12.xml (RunModel)" time="0.02" />
  <testcase classname="ptolemy.util.test.junit.AutoTests" name="[50] /home/travis/build/icyphy/ptII/ptolemy/actor/lib/test/auto/Clock13.xml (RunModel)" time="0.018" />
  <testcase classname="ptolemy.util.test.junit.AutoTests" name="[51] /home/travis/build/icyphy/ptII/ptolemy/actor/lib/test/auto/Clock14.xml (RunModel)" time="0.021" />
  <testcase classname="ptolemy.util.test.junit.AutoTests" name="[52] /home/travis/build/icyphy/ptII/ptolemy/actor/lib/test/auto/Clock15.xml (RunModel)" time="0.014" />
  <testcase classname="ptolemy.util.test.junit.AutoTests" name="[53] /home/travis/build/icyphy/ptII/ptolemy/actor/lib/test/auto/Clock16.xml (RunModel)" time="0.092" />
  <testcase classname="ptolemy.util.test.junit.AutoTests" name="[54] /home/travis/build/icyphy/ptII/ptolemy/actor/lib/test/auto/Clock17.xml (RunModel)" time="0.074" />
  <testcase classname="ptolemy.util.test.junit.AutoTests" name="[55] /home/travis/build/icyphy/ptII/ptolemy/actor/lib/test/auto/Clock18.xml (RunModel)" time="0.053" />
  <testcase classname="ptolemy.util.test.junit.AutoTests" name="[56] /home/travis/build/icyphy/ptII/ptolemy/actor/lib/test/auto/Clock19.xml (RunModel)" time="0.045" />
  <testcase classname="ptolemy.util.test.junit.AutoTests" name="[57] /home/travis/build/icyphy/ptII/ptolemy/actor/lib/test/auto/Clock2.xml (RunModel)" time="0.016" />
  <testcase classname="ptolemy.util.test.junit.AutoTests" name="[58] /home/travis/build/icyphy/ptII/ptolemy/actor/lib/test/auto/Clock20.xml (RunModel)" time="0.023" />
  <testcase classname="ptolemy.util.test.junit.AutoTests" name="[59] /home/travis/build/icyphy/ptII/ptolemy/actor/lib/test/auto/Clock21.xml (RunModel)" time="0.016" />
  <testcase classname="ptolemy.util.test.junit.AutoTests" name="[60] /home/travis/build/icyphy/ptII/ptolemy/actor/lib/test/auto/Clock22.xml (RunModel)" time="0.015" />
  <testcase classname="ptolemy.util.test.junit.AutoTests" name="[61] /home/travis/build/icyphy/ptII/ptolemy/actor/lib/test/auto/Clock23.xml (RunModel)" time="0.018" />
  <testcase classname="ptolemy.util.test.junit.AutoTests" name="[62] /home/travis/build/icyphy/ptII/ptolemy/actor/lib/test/auto/Clock24.xml (RunModel)" time="0.018" />
  <testcase classname="ptolemy.util.test.junit.AutoTests" name="[63] /home/travis/build/icyphy/ptII/ptolemy/actor/lib/test/auto/Clock4.xml (RunModel)" time="0.013" />
  <testcase classname="ptolemy.util.test.junit.AutoTests" name="[64] /home/travis/build/icyphy/ptII/ptolemy/actor/lib/test/auto/Clock5.xml (RunModel)" time="0.024" />
  <testcase classname="ptolemy.util.test.junit.AutoTests" name="[65] /home/travis/build/icyphy/ptII/ptolemy/actor/lib/test/auto/Clock6.xml (RunModel)" time="0.009" />
  <testcase classname="ptolemy.util.test.junit.AutoTests" name="[66] /home/travis/build/icyphy/ptII/ptolemy/actor/lib/test/auto/Clock7.xml (RunModel)" time="0.011" />
  <testcase classname="ptolemy.util.test.junit.AutoTests" name="[67] /home/travis/build/icyphy/ptII/ptolemy/actor/lib/test/auto/Clock8.xml (RunModel)" time="0.014" />
  <testcase classname="ptolemy.util.test.junit.AutoTests" name="[68] /home/travis/build/icyphy/ptII/ptolemy/actor/lib/test/auto/Clock9.xml (RunModel)" time="0.017" />
  <testcase classname="ptolemy.util.test.junit.AutoTests" name="[69] /home/travis/build/icyphy/ptII/ptolemy/actor/lib/test/auto/CommDistDiscard.xml (RunModel)" time="0.024" />
  <testcase classname="ptolemy.util.test.junit.AutoTests" name="[70] /home/travis/build/icyphy/ptII/ptolemy/actor/lib/test/auto/Commutator.xml (RunModel)" time="0.015" />
  <testcase classname="ptolemy.util.test.junit.AutoTests" name="[71] /home/travis/build/icyphy/ptII/ptolemy/actor/lib/test/auto/Commutator2.xml (RunModel)" time="0.011" />
  <testcase classname="ptolemy.util.test.junit.AutoTests" name="[72] /home/travis/build/icyphy/ptII/ptolemy/actor/lib/test/auto/Commutator3.xml (RunModel)" time="0.012" />
  <testcase classname="ptolemy.util.test.junit.AutoTests" name="[73] /home/travis/build/icyphy/ptII/ptolemy/actor/lib/test/auto/Compare.xml (RunModel)" time="0.02" />
  <testcase classname="ptolemy.util.test.junit.AutoTests" name="[74] /home/travis/build/icyphy/ptII/ptolemy/actor/lib/test/auto/CompareDE.xml (RunModel)" time="0.019" />
  <testcase classname="ptolemy.util.test.junit.AutoTests" name="[75] /home/travis/build/icyphy/ptII/ptolemy/actor/lib/test/auto/ComplexDivide.xml (RunModel)" time="0.01" />
  <testcase classname="ptolemy.util.test.junit.AutoTests" name="[76] /home/travis/build/icyphy/ptII/ptolemy/actor/lib/test/auto/ComputeHistogram.xml (RunModel)" time="0.071" />
  <testcase classname="ptolemy.util.test.junit.AutoTests" name="[77] /home/travis/build/icyphy/ptII/ptolemy/actor/lib/test/auto/ConfigurationSelect.xml (RunModel)" time="0.023" />
  <testcase classname="ptolemy.util.test.junit.AutoTests" name="[78] /home/travis/build/icyphy/ptII/ptolemy/actor/lib/test/auto/ConfigurationSelect2.xml (RunModel)" time="0.016" />
  <testcase classname="ptolemy.util.test.junit.AutoTests" name="[79] /home/travis/build/icyphy/ptII/ptolemy/actor/lib/test/auto/ConfigurationSwitch.xml (RunModel)" time="0.034" />
  <testcase classname="ptolemy.util.test.junit.AutoTests" name="[80] /home/travis/build/icyphy/ptII/ptolemy/actor/lib/test/auto/ConfigurationSwitch2.xml (RunModel)" time="0.025" />
  <testcase classname="ptolemy.util.test.junit.AutoTests" name="[81] /home/travis/build/icyphy/ptII/ptolemy/actor/lib/test/auto/ConfigurationSwitchCloningBugWithClassRelationGroup.xml (RunModel)" time="0.023" />
  <testcase classname="ptolemy.util.test.junit.AutoTests" name="[82] /home/travis/build/icyphy/ptII/ptolemy/actor/lib/test/auto/ConfigurationSwitchSelectSDF.xml (RunModel)" time="0.019" />
  <testcase classname="ptolemy.util.test.junit.AutoTests" name="[83] /home/travis/build/icyphy/ptII/ptolemy/actor/lib/test/auto/ConfigurationSwitchSelectSDF2.xml (RunModel)" time="0.014" />
  <testcase classname="ptolemy.util.test.junit.AutoTests" name="[84] /home/travis/build/icyphy/ptII/ptolemy/actor/lib/test/auto/Const.xml (RunModel)" time="0.007" />
  <testcase classname="ptolemy.util.test.junit.AutoTests" name="[85] /home/travis/build/icyphy/ptII/ptolemy/actor/lib/test/auto/Const2.xml (RunModel)" time="0.009" />
  <testcase classname="ptolemy.util.test.junit.AutoTests" name="[86] /home/travis/build/icyphy/ptII/ptolemy/actor/lib/test/auto/Const3.xml (RunModel)" time="0.006" />
  <testcase classname="ptolemy.util.test.junit.AutoTests" name="[87] /home/travis/build/icyphy/ptII/ptolemy/actor/lib/test/auto/ConstantPublisherPort1.xml (RunModel)" time="0.021" />
  <testcase classname="ptolemy.util.test.junit.AutoTests" name="[88] /home/travis/build/icyphy/ptII/ptolemy/actor/lib/test/auto/ConstantPublisherPort2.xml (RunModel)" time="0.027" />
  <testcase classname="ptolemy.util.test.junit.AutoTests" name="[89] /home/travis/build/icyphy/ptII/ptolemy/actor/lib/test/auto/ConstantPublisherPort3.xml (RunModel)" time="0.022" />
  <testcase classname="ptolemy.util.test.junit.AutoTests" name="[90] /home/travis/build/icyphy/ptII/ptolemy/actor/lib/test/auto/ConstantPublisherPort4.xml (RunModel)" time="0.018" />
  <testcase classname="ptolemy.util.test.junit.AutoTests" name="[91] /home/travis/build/icyphy/ptII/ptolemy/actor/lib/test/auto/ConstantPublisherPort5.xml (RunModel)" time="0.046" />
  <testcase classname="ptolemy.util.test.junit.AutoTests" name="[92] /home/travis/build/icyphy/ptII/ptolemy/actor/lib/test/auto/ConstantPublisherPort6.xml (RunModel)" time="0.032" />
  <testcase classname="ptolemy.util.test.junit.AutoTests" name="[93] /home/travis/build/icyphy/ptII/ptolemy/actor/lib/test/auto/ConstantPublisherPort7.xml (RunModel)" time="0.038" />
  <testcase classname="ptolemy.util.test.junit.AutoTests" name="[94] /home/travis/build/icyphy/ptII/ptolemy/actor/lib/test/auto/ConstraintMonitor1.xml (RunModel)" time="0.051" />
  <testcase classname="ptolemy.util.test.junit.AutoTests" name="[95] /home/travis/build/icyphy/ptII/ptolemy/actor/lib/test/auto/ConstraintMonitor2.xml (RunModel)" time="0.015" />
  <testcase classname="ptolemy.util.test.junit.AutoTests" name="[96] /home/travis/build/icyphy/ptII/ptolemy/actor/lib/test/auto/ConstraintMonitor3.xml (RunModel)" time="0.015" />
  <testcase classname="ptolemy.util.test.junit.AutoTests" name="[97] /home/travis/build/icyphy/ptII/ptolemy/actor/lib/test/auto/ConstraintMonitor4.xml (RunModel)" time="0.019" />
  <testcase classname="ptolemy.util.test.junit.AutoTests" name="[98] /home/travis/build/icyphy/ptII/ptolemy/actor/lib/test/auto/ConstraintMonitor5.xml (RunModel)" time="0.015" />
  <testcase classname="ptolemy.util.test.junit.AutoTests" name="[99] /home/travis/build/icyphy/ptII/ptolemy/actor/lib/test/auto/ConstraintMonitor6.xml (RunModel)" time="0.014" />
  <testcase classname="ptolemy.util.test.junit.AutoTests" name="[100] /home/travis/build/icyphy/ptII/ptolemy/actor/lib/test/auto/ConstraintMonitor7.xml (RunModel)" time="0.021" />
  <testcase classname="ptolemy.util.test.junit.AutoTests" name="[101] /home/travis/build/icyphy/ptII/ptolemy/actor/lib/test/auto/ConstraintMonitor8.xml (RunModel)" time="0.018" />
  <testcase classname="ptolemy.util.test.junit.AutoTests" name="[102] /home/travis/build/icyphy/ptII/ptolemy/actor/lib/test/auto/Counter.xml (RunModel)" time="0.018" />
  <testcase classname="ptolemy.util.test.junit.AutoTests" name="[103] /home/travis/build/icyphy/ptII/ptolemy/actor/lib/test/auto/CurrentTimeSDF.xml (RunModel)" time="0.01" />
  <testcase classname="ptolemy.util.test.junit.AutoTests" name="[104] /home/travis/build/icyphy/ptII/ptolemy/actor/lib/test/auto/DB.xml (RunModel)" time="0.012" />
  <testcase classname="ptolemy.util.test.junit.AutoTests" name="[105] /home/travis/build/icyphy/ptII/ptolemy/actor/lib/test/auto/DBDE.xml (RunModel)" time="0.015" />
  <testcase classname="ptolemy.util.test.junit.AutoTests" name="[106] /home/travis/build/icyphy/ptII/ptolemy/actor/lib/test/auto/DateConstructor.xml (RunModel)" time="0.077" />
  <testcase classname="ptolemy.util.test.junit.AutoTests" name="[107] /home/travis/build/icyphy/ptII/ptolemy/actor/lib/test/auto/DelayTime.xml (RunModel)" time="0.019" />
  <testcase classname="ptolemy.util.test.junit.AutoTests" name="[108] /home/travis/build/icyphy/ptII/ptolemy/actor/lib/test/auto/Dictionary1.xml (RunModel)" time="0.02" />
  <testcase classname="ptolemy.util.test.junit.AutoTests" name="[109] /home/travis/build/icyphy/ptII/ptolemy/actor/lib/test/auto/Dictionary2.xml (RunModel)" time="0.018" />
  <testcase classname="ptolemy.util.test.junit.AutoTests" name="[110] /home/travis/build/icyphy/ptII/ptolemy/actor/lib/test/auto/Dictionary3.xml (RunModel)" time="0.015" />
  <testcase classname="ptolemy.util.test.junit.AutoTests" name="[111] /home/travis/build/icyphy/ptII/ptolemy/actor/lib/test/auto/Dictionary4.xml (RunModel)" time="0.025" />
  <testcase classname="ptolemy.util.test.junit.AutoTests" name="[112] /home/travis/build/icyphy/ptII/ptolemy/actor/lib/test/auto/Differential.xml (RunModel)" time="0.013" />
  <testcase classname="ptolemy.util.test.junit.AutoTests" name="[113] /home/travis/build/icyphy/ptII/ptolemy/actor/lib/test/auto/Director.xml (RunModel)" time="0.019" />
  <testcase classname="ptolemy.util.test.junit.AutoTests" name="[114] /home/travis/build/icyphy/ptII/ptolemy/actor/lib/test/auto/DiscreteClock.xml (RunModel)" time="0.012" />
  <testcase classname="ptolemy.util.test.junit.AutoTests" name="[115] /home/travis/build/icyphy/ptII/ptolemy/actor/lib/test/auto/DiscreteClock10.xml (RunModel)" time="0.012" />
  <testcase classname="ptolemy.util.test.junit.AutoTests" name="[116] /home/travis/build/icyphy/ptII/ptolemy/actor/lib/test/auto/DiscreteClock11.xml (RunModel)" time="0.011" />
  <testcase classname="ptolemy.util.test.junit.AutoTests" name="[117] /home/travis/build/icyphy/ptII/ptolemy/actor/lib/test/auto/DiscreteClock12.xml (RunModel)" time="0.013" />
  <testcase classname="ptolemy.util.test.junit.AutoTests" name="[118] /home/travis/build/icyphy/ptII/ptolemy/actor/lib/test/auto/DiscreteClock13.xml (RunModel)" time="0.015" />
  <testcase classname="ptolemy.util.test.junit.AutoTests" name="[119] /home/travis/build/icyphy/ptII/ptolemy/actor/lib/test/auto/DiscreteClock14.xml (RunModel)" time="0.015" />
  <testcase classname="ptolemy.util.test.junit.AutoTests" name="[120] /home/travis/build/icyphy/ptII/ptolemy/actor/lib/test/auto/DiscreteClock15.xml (RunModel)" time="0.015" />
  <testcase classname="ptolemy.util.test.junit.AutoTests" name="[121] /home/travis/build/icyphy/ptII/ptolemy/actor/lib/test/auto/DiscreteClock16.xml (RunModel)" time="0.042" />
  <testcase classname="ptolemy.util.test.junit.AutoTests" name="[122] /home/travis/build/icyphy/ptII/ptolemy/actor/lib/test/auto/DiscreteClock17.xml (RunModel)" time="0.04" />
  <testcase classname="ptolemy.util.test.junit.AutoTests" name="[123] /home/travis/build/icyphy/ptII/ptolemy/actor/lib/test/auto/DiscreteClock18.xml (RunModel)" time="0.054" />
  <testcase classname="ptolemy.util.test.junit.AutoTests" name="[124] /home/travis/build/icyphy/ptII/ptolemy/actor/lib/test/auto/DiscreteClock19.xml (RunModel)" time="0.05" />
  <testcase classname="ptolemy.util.test.junit.AutoTests" name="[125] /home/travis/build/icyphy/ptII/ptolemy/actor/lib/test/auto/DiscreteClock2.xml (RunModel)" time="0.01" />
  <testcase classname="ptolemy.util.test.junit.AutoTests" name="[126] /home/travis/build/icyphy/ptII/ptolemy/actor/lib/test/auto/DiscreteClock20.xml (RunModel)" time="0.021" />
  <testcase classname="ptolemy.util.test.junit.AutoTests" name="[127] /home/travis/build/icyphy/ptII/ptolemy/actor/lib/test/auto/DiscreteClock21.xml (RunModel)" time="0.018" />
  <testcase classname="ptolemy.util.test.junit.AutoTests" name="[128] /home/travis/build/icyphy/ptII/ptolemy/actor/lib/test/auto/DiscreteClock22.xml (RunModel)" time="0.019" />
  <testcase classname="ptolemy.util.test.junit.AutoTests" name="[129] /home/travis/build/icyphy/ptII/ptolemy/actor/lib/test/auto/DiscreteClock23.xml (RunModel)" time="0.023" />
  <testcase classname="ptolemy.util.test.junit.AutoTests" name="[130] /home/travis/build/icyphy/ptII/ptolemy/actor/lib/test/auto/DiscreteClock24.xml (RunModel)" time="0.014" />
  <testcase classname="ptolemy.util.test.junit.AutoTests" name="[131] /home/travis/build/icyphy/ptII/ptolemy/actor/lib/test/auto/DiscreteClock4.xml (RunModel)" time="0.012" />
  <testcase classname="ptolemy.util.test.junit.AutoTests" name="[132] /home/travis/build/icyphy/ptII/ptolemy/actor/lib/test/auto/DiscreteClock5.xml (RunModel)" time="0.011" />
  <testcase classname="ptolemy.util.test.junit.AutoTests" name="[133] /home/travis/build/icyphy/ptII/ptolemy/actor/lib/test/auto/DiscreteClock6.xml (RunModel)" time="0.014" />
  <testcase classname="ptolemy.util.test.junit.AutoTests" name="[134] /home/travis/build/icyphy/ptII/ptolemy/actor/lib/test/auto/DiscreteClock7.xml (RunModel)" time="0.011" />
  <testcase classname="ptolemy.util.test.junit.AutoTests" name="[135] /home/travis/build/icyphy/ptII/ptolemy/actor/lib/test/auto/DiscreteClock8.xml (RunModel)" time="0.026" />
  <testcase classname="ptolemy.util.test.junit.AutoTests" name="[136] /home/travis/build/icyphy/ptII/ptolemy/actor/lib/test/auto/DiscreteClock9.xml (RunModel)" time="0.014" />
  <testcase classname="ptolemy.util.test.junit.AutoTests" name="[137] /home/travis/build/icyphy/ptII/ptolemy/actor/lib/test/auto/DisplayArray.xml (RunModel)" time="0.01" />
  <testcase classname="ptolemy.util.test.junit.AutoTests" name="[138] /home/travis/build/icyphy/ptII/ptolemy/actor/lib/test/auto/Distributor.xml (RunModel)" time="0.01" />
  <testcase classname="ptolemy.util.test.junit.AutoTests" name="[139] /home/travis/build/icyphy/ptII/ptolemy/actor/lib/test/auto/Distributor2.xml (RunModel)" time="0.011" />
  <testcase classname="ptolemy.util.test.junit.AutoTests" name="[140] /home/travis/build/icyphy/ptII/ptolemy/actor/lib/test/auto/DownSample.xml (RunModel)" time="0.012" />
  <testcase classname="ptolemy.util.test.junit.AutoTests" name="[141] /home/travis/build/icyphy/ptII/ptolemy/actor/lib/test/auto/ElectronicUnitBase1.xml (RunModel)" time="0.059" />
  <testcase classname="ptolemy.util.test.junit.AutoTests" name="[142] /home/travis/build/icyphy/ptII/ptolemy/actor/lib/test/auto/ElementsToArray.xml (RunModel)" time="0.011" />
  <testcase classname="ptolemy.util.test.junit.AutoTests" name="[143] /home/travis/build/icyphy/ptII/ptolemy/actor/lib/test/auto/Equals.xml (RunModel)" time="0.016" />
  <testcase classname="ptolemy.util.test.junit.AutoTests" name="[144] /home/travis/build/icyphy/ptII/ptolemy/actor/lib/test/auto/Exec.xml (RunModel)" time="0.03" />
  <testcase classname="ptolemy.util.test.junit.AutoTests" name="[145] /home/travis/build/icyphy/ptII/ptolemy/actor/lib/test/auto/ExecEnvironment.xml (RunModel)" time="0.045" />
  <testcase classname="ptolemy.util.test.junit.AutoTests" name="[146] /home/travis/build/icyphy/ptII/ptolemy/actor/lib/test/auto/ExecNonZeroReturnOutput.xml (RunModel)" time="0.219" />
  <testcase classname="ptolemy.util.test.junit.AutoTests" name="[147] /home/travis/build/icyphy/ptII/ptolemy/actor/lib/test/auto/ExecRunDemos.xml (RunModel)" time="11.406">
    <error type="java.lang.reflect.InvocationTargetException">java.lang.reflect.InvocationTargetException
	at jdk.internal.reflect.GeneratedConstructorAccessor36.newInstance(Unknown Source)
	at java.base/jdk.internal.reflect.DelegatingConstructorAccessorImpl.newInstance(DelegatingConstructorAccessorImpl.java:45)
	at java.base/java.lang.reflect.Constructor.newInstance(Constructor.java:488)
	at ptolemy.util.test.junit.AutoTests.RunModel(AutoTests.java:193)
	at jdk.internal.reflect.GeneratedMethodAccessor43.invoke(Unknown Source)
	at java.base/jdk.internal.reflect.DelegatingMethodAccessorImpl.invoke(DelegatingMethodAccessorImpl.java:43)
	at junitparams.internal.InvokeParameterisedMethod.evaluate(InvokeParameterisedMethod.java:102)
Caused by: ptolemy.kernel.util.IllegalActionException: Test fails in iteration 0.
Value was: &quot;WARNING: An illegal reflective access operation has occurred\nWARNING: Illegal reflective access by io.netty.util.internal.ReflectionUtil (file:/home/travis/build/icyphy/ptII/lib/netty-common-4.1.19.Final.jar) to constructor java.nio.DirectByteBuffer(long,int)\nWARNING: Please consider reporting this to the maintainers of io.netty.util.internal.ReflectionUtil\nWARNING: Use --illegal-access=warn to enable warnings of further illegal reflective access operations\nWARNING: All illegal access operations will be denied in a future release\n&quot;. Should have been: &quot;&quot;
  in .ExecRunDemos.Test
	at ptolemy.actor.lib.Test.fire(Test.java:268)
	at ptolemy.actor.AtomicActor.iterate(AtomicActor.java:512)
	at ptolemy.actor.sched.StaticSchedulingDirector.fire(StaticSchedulingDirector.java:216)
	at ptolemy.domains.sdf.kernel.SDFDirector.fire(SDFDirector.java:500)
	at ptolemy.actor.CompositeActor.fire(CompositeActor.java:455)
	at ptolemy.actor.Manager.iterate(Manager.java:851)
	at ptolemy.actor.Manager.execute(Manager.java:369)
	at ptolemy.actor.Manager.run(Manager.java:1263)
	at ptolemy.actor.Manager$PtolemyRunThread.run(Manager.java:1915)
</error>
  </testcase>
  <testcase classname="ptolemy.util.test.junit.AutoTests" name="[148] /home/travis/build/icyphy/ptII/ptolemy/actor/lib/test/auto/ExecStop.xml (RunModel)" time="5.031" />
  <testcase classname="ptolemy.util.test.junit.AutoTests" name="[149] /home/travis/build/icyphy/ptII/ptolemy/actor/lib/test/auto/ExecutionTimeSDF.xml (RunModel)" time="6.033" />
  <testcase classname="ptolemy.util.test.junit.AutoTests" name="[150] /home/travis/build/icyphy/ptII/ptolemy/actor/lib/test/auto/Expression1.xml (RunModel)" time="0.009" />
  <testcase classname="ptolemy.util.test.junit.AutoTests" name="[151] /home/travis/build/icyphy/ptII/ptolemy/actor/lib/test/auto/Expression10.xml (RunModel)" time="0.017" />
  <testcase classname="ptolemy.util.test.junit.AutoTests" name="[152] /home/travis/build/icyphy/ptII/ptolemy/actor/lib/test/auto/Expression11.xml (RunModel)" time="0.01" />
  <testcase classname="ptolemy.util.test.junit.AutoTests" name="[153] /home/travis/build/icyphy/ptII/ptolemy/actor/lib/test/auto/Expression12.xml (RunModel)" time="0.013" />
  <testcase classname="ptolemy.util.test.junit.AutoTests" name="[154] /home/travis/build/icyphy/ptII/ptolemy/actor/lib/test/auto/Expression13.xml (RunModel)" time="0.028" />
  <testcase classname="ptolemy.util.test.junit.AutoTests" name="[155] /home/travis/build/icyphy/ptII/ptolemy/actor/lib/test/auto/Expression14.xml (RunModel)" time="0.019" />
  <testcase classname="ptolemy.util.test.junit.AutoTests" name="[156] /home/travis/build/icyphy/ptII/ptolemy/actor/lib/test/auto/Expression15.xml (RunModel)" time="0.008" />
  <testcase classname="ptolemy.util.test.junit.AutoTests" name="[157] /home/travis/build/icyphy/ptII/ptolemy/actor/lib/test/auto/Expression16.xml (RunModel)" time="0.012" />
  <testcase classname="ptolemy.util.test.junit.AutoTests" name="[158] /home/travis/build/icyphy/ptII/ptolemy/actor/lib/test/auto/Expression17.xml (RunModel)" time="0.019" />
  <testcase classname="ptolemy.util.test.junit.AutoTests" name="[159] /home/travis/build/icyphy/ptII/ptolemy/actor/lib/test/auto/Expression18.xml (RunModel)" time="0.023" />
  <testcase classname="ptolemy.util.test.junit.AutoTests" name="[160] /home/travis/build/icyphy/ptII/ptolemy/actor/lib/test/auto/Expression2.xml (RunModel)" time="0.013" />
  <testcase classname="ptolemy.util.test.junit.AutoTests" name="[161] /home/travis/build/icyphy/ptII/ptolemy/actor/lib/test/auto/Expression3.xml (RunModel)" time="0.014" />
  <testcase classname="ptolemy.util.test.junit.AutoTests" name="[162] /home/travis/build/icyphy/ptII/ptolemy/actor/lib/test/auto/Expression4.xml (RunModel)" time="0.022" />
  <testcase classname="ptolemy.util.test.junit.AutoTests" name="[163] /home/travis/build/icyphy/ptII/ptolemy/actor/lib/test/auto/Expression5.xml (RunModel)" time="0.013" />
  <testcase classname="ptolemy.util.test.junit.AutoTests" name="[164] /home/travis/build/icyphy/ptII/ptolemy/actor/lib/test/auto/Expression6.xml (RunModel)" time="0.009" />
  <testcase classname="ptolemy.util.test.junit.AutoTests" name="[165] /home/travis/build/icyphy/ptII/ptolemy/actor/lib/test/auto/Expression7.xml (RunModel)" time="0.011" />
  <testcase classname="ptolemy.util.test.junit.AutoTests" name="[166] /home/travis/build/icyphy/ptII/ptolemy/actor/lib/test/auto/Expression8.xml (RunModel)" time="0.016" />
  <testcase classname="ptolemy.util.test.junit.AutoTests" name="[167] /home/travis/build/icyphy/ptII/ptolemy/actor/lib/test/auto/Expression9.xml (RunModel)" time="0.008" />
  <testcase classname="ptolemy.util.test.junit.AutoTests" name="[168] /home/travis/build/icyphy/ptII/ptolemy/actor/lib/test/auto/ExpressionConcatenateArrayType.xml (RunModel)" time="0.025" />
  <testcase classname="ptolemy.util.test.junit.AutoTests" name="[169] /home/travis/build/icyphy/ptII/ptolemy/actor/lib/test/auto/ExpressionConcatenateArrayType2.xml (RunModel)" time="0.022" />
  <testcase classname="ptolemy.util.test.junit.AutoTests" name="[170] /home/travis/build/icyphy/ptII/ptolemy/actor/lib/test/auto/ExpressionFix.xml (RunModel)" time="0.042" />
  <testcase classname="ptolemy.util.test.junit.AutoTests" name="[171] /home/travis/build/icyphy/ptII/ptolemy/actor/lib/test/auto/ExpressionFix2.xml (RunModel)" time="0.009" />
  <testcase classname="ptolemy.util.test.junit.AutoTests" name="[172] /home/travis/build/icyphy/ptII/ptolemy/actor/lib/test/auto/ExpressionFix3.xml (RunModel)" time="0.01" />
  <testcase classname="ptolemy.util.test.junit.AutoTests" name="[173] /home/travis/build/icyphy/ptII/ptolemy/actor/lib/test/auto/FileWriter1.xml (RunModel)" time="0.012" />
  <testcase classname="ptolemy.util.test.junit.AutoTests" name="[174] /home/travis/build/icyphy/ptII/ptolemy/actor/lib/test/auto/FileWriter2.xml (RunModel)" time="0.01" />
  <testcase classname="ptolemy.util.test.junit.AutoTests" name="[175] /home/travis/build/icyphy/ptII/ptolemy/actor/lib/test/auto/FileWriter3.xml (RunModel)" time="0.015" />
  <testcase classname="ptolemy.util.test.junit.AutoTests" name="[176] /home/travis/build/icyphy/ptII/ptolemy/actor/lib/test/auto/Gaussian.xml (RunModel)" time="0.017" />
  <testcase classname="ptolemy.util.test.junit.AutoTests" name="[177] /home/travis/build/icyphy/ptII/ptolemy/actor/lib/test/auto/Gaussian1.xml (RunModel)" time="0.013" />
  <testcase classname="ptolemy.util.test.junit.AutoTests" name="[178] /home/travis/build/icyphy/ptII/ptolemy/actor/lib/test/auto/Gaussian2.xml (RunModel)" time="0.017" />
  <testcase classname="ptolemy.util.test.junit.AutoTests" name="[179] /home/travis/build/icyphy/ptII/ptolemy/actor/lib/test/auto/GradientAdaptiveLattice.xml (RunModel)" time="0.022" />
  <testcase classname="ptolemy.util.test.junit.AutoTests" name="[180] /home/travis/build/icyphy/ptII/ptolemy/actor/lib/test/auto/IIR.xml (RunModel)" time="0.013" />
  <testcase classname="ptolemy.util.test.junit.AutoTests" name="[181] /home/travis/build/icyphy/ptII/ptolemy/actor/lib/test/auto/InputOutputTransparentPorts.xml (RunModel)" time="0.018" />
  <testcase classname="ptolemy.util.test.junit.AutoTests" name="[182] /home/travis/build/icyphy/ptII/ptolemy/actor/lib/test/auto/Interpolator.xml (RunModel)" time="0.012" />
  <testcase classname="ptolemy.util.test.junit.AutoTests" name="[183] /home/travis/build/icyphy/ptII/ptolemy/actor/lib/test/auto/InterpolatorFiringLimitDE.xml (RunModel)" time="0.015" />
  <testcase classname="ptolemy.util.test.junit.AutoTests" name="[184] /home/travis/build/icyphy/ptII/ptolemy/actor/lib/test/auto/Lattice.xml (RunModel)" time="0.008" />
  <testcase classname="ptolemy.util.test.junit.AutoTests" name="[185] /home/travis/build/icyphy/ptII/ptolemy/actor/lib/test/auto/LazyAOCTestLazy.xml (RunModel)" time="0.035" />
  <testcase classname="ptolemy.util.test.junit.AutoTests" name="[186] /home/travis/build/icyphy/ptII/ptolemy/actor/lib/test/auto/LazyAOCTestNonLazy.xml (RunModel)" time="0.045" />
  <testcase classname="ptolemy.util.test.junit.AutoTests" name="[187] /home/travis/build/icyphy/ptII/ptolemy/actor/lib/test/auto/LazyInnerClass.xml (RunModel)" time="0.044" />
  <testcase classname="ptolemy.util.test.junit.AutoTests" name="[188] /home/travis/build/icyphy/ptII/ptolemy/actor/lib/test/auto/LazyPubSub.xml (RunModel)" time="0.034" />
  <testcase classname="ptolemy.util.test.junit.AutoTests" name="[189] /home/travis/build/icyphy/ptII/ptolemy/actor/lib/test/auto/LazyPubSub2.xml (RunModel)" time="0.054" />
  <testcase classname="ptolemy.util.test.junit.AutoTests" name="[190] /home/travis/build/icyphy/ptII/ptolemy/actor/lib/test/auto/LazyPubSub3.xml (RunModel)" time="0.023" />
  <testcase classname="ptolemy.util.test.junit.AutoTests" name="[191] /home/travis/build/icyphy/ptII/ptolemy/actor/lib/test/auto/LazySubClassModel.xml (RunModel)" time="0.022" />
  <testcase classname="ptolemy.util.test.junit.AutoTests" name="[192] /home/travis/build/icyphy/ptII/ptolemy/actor/lib/test/auto/LevelCrossTest1.xml (RunModel)" time="0.011" />
  <testcase classname="ptolemy.util.test.junit.AutoTests" name="[193] /home/travis/build/icyphy/ptII/ptolemy/actor/lib/test/auto/LevelCrossTest10.xml (RunModel)" time="0.019" />
  <testcase classname="ptolemy.util.test.junit.AutoTests" name="[194] /home/travis/build/icyphy/ptII/ptolemy/actor/lib/test/auto/LevelCrossTest11.xml (RunModel)" time="0.014" />
  <testcase classname="ptolemy.util.test.junit.AutoTests" name="[195] /home/travis/build/icyphy/ptII/ptolemy/actor/lib/test/auto/LevelCrossTest12.xml (RunModel)" time="0.017" />
  <testcase classname="ptolemy.util.test.junit.AutoTests" name="[196] /home/travis/build/icyphy/ptII/ptolemy/actor/lib/test/auto/LevelCrossTest13.xml (RunModel)" time="0.014" />
  <testcase classname="ptolemy.util.test.junit.AutoTests" name="[197] /home/travis/build/icyphy/ptII/ptolemy/actor/lib/test/auto/LevelCrossTest2.xml (RunModel)" time="0.014" />
  <testcase classname="ptolemy.util.test.junit.AutoTests" name="[198] /home/travis/build/icyphy/ptII/ptolemy/actor/lib/test/auto/LevelCrossTest3.xml (RunModel)" time="0.015" />
  <testcase classname="ptolemy.util.test.junit.AutoTests" name="[199] /home/travis/build/icyphy/ptII/ptolemy/actor/lib/test/auto/LevelCrossTest4.xml (RunModel)" time="0.012" />
  <testcase classname="ptolemy.util.test.junit.AutoTests" name="[200] /home/travis/build/icyphy/ptII/ptolemy/actor/lib/test/auto/LevelCrossTest5.xml (RunModel)" time="0.015" />
  <testcase classname="ptolemy.util.test.junit.AutoTests" name="[201] /home/travis/build/icyphy/ptII/ptolemy/actor/lib/test/auto/LevelCrossTest6.xml (RunModel)" time="0.015" />
  <testcase classname="ptolemy.util.test.junit.AutoTests" name="[202] /home/travis/build/icyphy/ptII/ptolemy/actor/lib/test/auto/LevelCrossTest7.xml (RunModel)" time="0.019" />
  <testcase classname="ptolemy.util.test.junit.AutoTests" name="[203] /home/travis/build/icyphy/ptII/ptolemy/actor/lib/test/auto/LevelCrossTest8.xml (RunModel)" time="0.015" />
  <testcase classname="ptolemy.util.test.junit.AutoTests" name="[204] /home/travis/build/icyphy/ptII/ptolemy/actor/lib/test/auto/LevelCrossTest9.xml (RunModel)" time="0.015" />
  <testcase classname="ptolemy.util.test.junit.AutoTests" name="[205] /home/travis/build/icyphy/ptII/ptolemy/actor/lib/test/auto/LevinsonDurbin.xml (RunModel)" time="0.016" />
  <testcase classname="ptolemy.util.test.junit.AutoTests" name="[206] /home/travis/build/icyphy/ptII/ptolemy/actor/lib/test/auto/LevinsonDurbin2.xml (RunModel)" time="0.009" />
  <testcase classname="ptolemy.util.test.junit.AutoTests" name="[207] /home/travis/build/icyphy/ptII/ptolemy/actor/lib/test/auto/LevinsonDurbin3.xml (RunModel)" time="0.009" />
  <testcase classname="ptolemy.util.test.junit.AutoTests" name="[208] /home/travis/build/icyphy/ptII/ptolemy/actor/lib/test/auto/Limiter.xml (RunModel)" time="0.045" />
  <testcase classname="ptolemy.util.test.junit.AutoTests" name="[209] /home/travis/build/icyphy/ptII/ptolemy/actor/lib/test/auto/LinearDifferenceEquationSystem.xml (RunModel)" time="0.027" />
  <testcase classname="ptolemy.util.test.junit.AutoTests" name="[210] /home/travis/build/icyphy/ptII/ptolemy/actor/lib/test/auto/LookupTable.xml (RunModel)" time="0.02" />
  <testcase classname="ptolemy.util.test.junit.AutoTests" name="[211] /home/travis/build/icyphy/ptII/ptolemy/actor/lib/test/auto/MathFunction.xml (RunModel)" time="0.019" />
  <testcase classname="ptolemy.util.test.junit.AutoTests" name="[212] /home/travis/build/icyphy/ptII/ptolemy/actor/lib/test/auto/MathFunction2.xml (RunModel)" time="0.012" />
  <testcase classname="ptolemy.util.test.junit.AutoTests" name="[213] /home/travis/build/icyphy/ptII/ptolemy/actor/lib/test/auto/MathFunction3.xml (RunModel)" time="0.022" />
  <testcase classname="ptolemy.util.test.junit.AutoTests" name="[214] /home/travis/build/icyphy/ptII/ptolemy/actor/lib/test/auto/MatrixCropBoolean.xml (RunModel)" time="0.015" />
  <testcase classname="ptolemy.util.test.junit.AutoTests" name="[215] /home/travis/build/icyphy/ptII/ptolemy/actor/lib/test/auto/MatrixCropComplex.xml (RunModel)" time="0.01" />
  <testcase classname="ptolemy.util.test.junit.AutoTests" name="[216] /home/travis/build/icyphy/ptII/ptolemy/actor/lib/test/auto/MatrixCropDouble.xml (RunModel)" time="0.01" />
  <testcase classname="ptolemy.util.test.junit.AutoTests" name="[217] /home/travis/build/icyphy/ptII/ptolemy/actor/lib/test/auto/MatrixCropFix.xml (RunModel)" time="0.015" />
  <testcase classname="ptolemy.util.test.junit.AutoTests" name="[218] /home/travis/build/icyphy/ptII/ptolemy/actor/lib/test/auto/MatrixCropInt.xml (RunModel)" time="0.011" />
  <testcase classname="ptolemy.util.test.junit.AutoTests" name="[219] /home/travis/build/icyphy/ptII/ptolemy/actor/lib/test/auto/MatrixCropLong.xml (RunModel)" time="0.01" />
  <testcase classname="ptolemy.util.test.junit.AutoTests" name="[220] /home/travis/build/icyphy/ptII/ptolemy/actor/lib/test/auto/MatrixToArray.xml (RunModel)" time="0.056" />
  <testcase classname="ptolemy.util.test.junit.AutoTests" name="[221] /home/travis/build/icyphy/ptII/ptolemy/actor/lib/test/auto/MaxIndex.xml (RunModel)" time="0.022" />
  <testcase classname="ptolemy.util.test.junit.AutoTests" name="[222] /home/travis/build/icyphy/ptII/ptolemy/actor/lib/test/auto/Maximum.xml (RunModel)" time="0.015" />
  <testcase classname="ptolemy.util.test.junit.AutoTests" name="[223] /home/travis/build/icyphy/ptII/ptolemy/actor/lib/test/auto/MaximumComplex.xml (RunModel)" time="0.015" />
  <testcase classname="ptolemy.util.test.junit.AutoTests" name="[224] /home/travis/build/icyphy/ptII/ptolemy/actor/lib/test/auto/MethodCallTest.xml (RunModel)" time="0.022" />
  <testcase classname="ptolemy.util.test.junit.AutoTests" name="[225] /home/travis/build/icyphy/ptII/ptolemy/actor/lib/test/auto/Minimum.xml (RunModel)" time="0.013" />
  <testcase classname="ptolemy.util.test.junit.AutoTests" name="[226] /home/travis/build/icyphy/ptII/ptolemy/actor/lib/test/auto/MinimumComplex.xml (RunModel)" time="0.026" />
  <testcase classname="ptolemy.util.test.junit.AutoTests" name="[227] /home/travis/build/icyphy/ptII/ptolemy/actor/lib/test/auto/MinimumMultiports.xml (RunModel)" time="0.026" />
  <testcase classname="ptolemy.util.test.junit.AutoTests" name="[228] /home/travis/build/icyphy/ptII/ptolemy/actor/lib/test/auto/ModifyDate.xml (RunModel)" time="0.058" />
  <testcase classname="ptolemy.util.test.junit.AutoTests" name="[229] /home/travis/build/icyphy/ptII/ptolemy/actor/lib/test/auto/ModifyDate2.xml (RunModel)" time="0.032" />
  <testcase classname="ptolemy.util.test.junit.AutoTests" name="[230] /home/travis/build/icyphy/ptII/ptolemy/actor/lib/test/auto/MovingAverage.xml (RunModel)" time="0.02" />
  <testcase classname="ptolemy.util.test.junit.AutoTests" name="[231] /home/travis/build/icyphy/ptII/ptolemy/actor/lib/test/auto/MovingMaximum.xml (RunModel)" time="0.021" />
  <testcase classname="ptolemy.util.test.junit.AutoTests" name="[232] /home/travis/build/icyphy/ptII/ptolemy/actor/lib/test/auto/MultipleLinksToSameRelation.xml (RunModel)" time="0.01" />
  <testcase classname="ptolemy.util.test.junit.AutoTests" name="[233] /home/travis/build/icyphy/ptII/ptolemy/actor/lib/test/auto/MultipleLinksToSameRelationDE.xml (RunModel)" time="0.009" />
  <testcase classname="ptolemy.util.test.junit.AutoTests" name="[234] /home/travis/build/icyphy/ptII/ptolemy/actor/lib/test/auto/Multiplexor.xml (RunModel)" time="0.013" />
  <testcase classname="ptolemy.util.test.junit.AutoTests" name="[235] /home/travis/build/icyphy/ptII/ptolemy/actor/lib/test/auto/Multiplexor1.xml (RunModel)" time="0.012" />
  <testcase classname="ptolemy.util.test.junit.AutoTests" name="[236] /home/travis/build/icyphy/ptII/ptolemy/actor/lib/test/auto/Multiplexor2.xml (RunModel)" time="0.014" />
  <testcase classname="ptolemy.util.test.junit.AutoTests" name="[237] /home/travis/build/icyphy/ptII/ptolemy/actor/lib/test/auto/Multiplexor3.xml (RunModel)" time="0.01" />
  <testcase classname="ptolemy.util.test.junit.AutoTests" name="[238] /home/travis/build/icyphy/ptII/ptolemy/actor/lib/test/auto/MultiplexorDE.xml (RunModel)" time="0.019" />
  <testcase classname="ptolemy.util.test.junit.AutoTests" name="[239] /home/travis/build/icyphy/ptII/ptolemy/actor/lib/test/auto/MultiportBroadcastTest.xml (RunModel)" time="0.103" />
  <testcase classname="ptolemy.util.test.junit.AutoTests" name="[240] /home/travis/build/icyphy/ptII/ptolemy/actor/lib/test/auto/MultiportOutHangDuringGetWidth.xml (RunModel)" time="0.029" />
  <testcase classname="ptolemy.util.test.junit.AutoTests" name="[241] /home/travis/build/icyphy/ptII/ptolemy/actor/lib/test/auto/NilToken.xml (RunModel)" time="0.012" />
  <testcase classname="ptolemy.util.test.junit.AutoTests" name="[242] /home/travis/build/icyphy/ptII/ptolemy/actor/lib/test/auto/NilTokenNonStrictTest.xml (RunModel)" time="0.011" />
  <testcase classname="ptolemy.util.test.junit.AutoTests" name="[243] /home/travis/build/icyphy/ptII/ptolemy/actor/lib/test/auto/NilTokenRecord.xml (RunModel)" time="0.022" />
  <testcase classname="ptolemy.util.test.junit.AutoTests" name="[244] /home/travis/build/icyphy/ptII/ptolemy/actor/lib/test/auto/NilTokenTypeTest.xml (RunModel)" time="0.033" />
  <testcase classname="ptolemy.util.test.junit.AutoTests" name="[245] /home/travis/build/icyphy/ptII/ptolemy/actor/lib/test/auto/ObjectToken1.xml (RunModel)" time="0.008" />
  <testcase classname="ptolemy.util.test.junit.AutoTests" name="[246] /home/travis/build/icyphy/ptII/ptolemy/actor/lib/test/auto/OrderedMerge.xml (RunModel)" time="0.011" />
  <testcase classname="ptolemy.util.test.junit.AutoTests" name="[247] /home/travis/build/icyphy/ptII/ptolemy/actor/lib/test/auto/OrderedRecordDisassembler.xml (RunModel)" time="0.013" />
  <testcase classname="ptolemy.util.test.junit.AutoTests" name="[248] /home/travis/build/icyphy/ptII/ptolemy/actor/lib/test/auto/OrderedRecordDisassembler2.xml (RunModel)" time="0.018" />
  <testcase classname="ptolemy.util.test.junit.AutoTests" name="[249] /home/travis/build/icyphy/ptII/ptolemy/actor/lib/test/auto/OrderedRecordUpdater.xml (RunModel)" time="0.01" />
  <testcase classname="ptolemy.util.test.junit.AutoTests" name="[250] /home/travis/build/icyphy/ptII/ptolemy/actor/lib/test/auto/OrderedRecordUpdater2.xml (RunModel)" time="0.01" />
  <testcase classname="ptolemy.util.test.junit.AutoTests" name="[251] /home/travis/build/icyphy/ptII/ptolemy/actor/lib/test/auto/PhaseUnwrap.xml (RunModel)" time="0.014" />
  <testcase classname="ptolemy.util.test.junit.AutoTests" name="[252] /home/travis/build/icyphy/ptII/ptolemy/actor/lib/test/auto/PoissonClock.xml (RunModel)" time="0.011" />
  <testcase classname="ptolemy.util.test.junit.AutoTests" name="[253] /home/travis/build/icyphy/ptII/ptolemy/actor/lib/test/auto/PoissonClock2.xml (RunModel)" time="0.007" />
  <testcase classname="ptolemy.util.test.junit.AutoTests" name="[254] /home/travis/build/icyphy/ptII/ptolemy/actor/lib/test/auto/PoissonClock3.xml (RunModel)" time="0.026" />
  <testcase classname="ptolemy.util.test.junit.AutoTests" name="[255] /home/travis/build/icyphy/ptII/ptolemy/actor/lib/test/auto/PubSubWithInitialTokens.xml (RunModel)" time="0.013" />
  <testcase classname="ptolemy.util.test.junit.AutoTests" name="[256] /home/travis/build/icyphy/ptII/ptolemy/actor/lib/test/auto/PubSubWithInitialTokens2.xml (RunModel)" time="0.015" />
  <testcase classname="ptolemy.util.test.junit.AutoTests" name="[257] /home/travis/build/icyphy/ptII/ptolemy/actor/lib/test/auto/PublisherClassNoParameter.xml (RunModel)" time="0.027" />
  <testcase classname="ptolemy.util.test.junit.AutoTests" name="[258] /home/travis/build/icyphy/ptII/ptolemy/actor/lib/test/auto/PublisherClassParameter.xml (RunModel)" time="0.022" />
  <testcase classname="ptolemy.util.test.junit.AutoTests" name="[259] /home/travis/build/icyphy/ptII/ptolemy/actor/lib/test/auto/PublisherNonStrictTest.xml (RunModel)" time="0.018" />
  <testcase classname="ptolemy.util.test.junit.AutoTests" name="[260] /home/travis/build/icyphy/ptII/ptolemy/actor/lib/test/auto/PublisherPort1.xml (RunModel)" time="0.017" />
  <testcase classname="ptolemy.util.test.junit.AutoTests" name="[261] /home/travis/build/icyphy/ptII/ptolemy/actor/lib/test/auto/PublisherPort2.xml (RunModel)" time="0.032" />
  <testcase classname="ptolemy.util.test.junit.AutoTests" name="[262] /home/travis/build/icyphy/ptII/ptolemy/actor/lib/test/auto/PublisherPort3.xml (RunModel)" time="0.016" />
  <testcase classname="ptolemy.util.test.junit.AutoTests" name="[263] /home/travis/build/icyphy/ptII/ptolemy/actor/lib/test/auto/PublisherPort4.xml (RunModel)" time="0.012" />
  <testcase classname="ptolemy.util.test.junit.AutoTests" name="[264] /home/travis/build/icyphy/ptII/ptolemy/actor/lib/test/auto/PublisherPort5.xml (RunModel)" time="0.015" />
  <testcase classname="ptolemy.util.test.junit.AutoTests" name="[265] /home/travis/build/icyphy/ptII/ptolemy/actor/lib/test/auto/PublisherPort5LookAlike.xml (RunModel)" time="0.019" />
  <testcase classname="ptolemy.util.test.junit.AutoTests" name="[266] /home/travis/build/icyphy/ptII/ptolemy/actor/lib/test/auto/PublisherPort6.xml (RunModel)" time="0.013" />
  <testcase classname="ptolemy.util.test.junit.AutoTests" name="[267] /home/travis/build/icyphy/ptII/ptolemy/actor/lib/test/auto/PublisherPort7.xml (RunModel)" time="0.015" />
  <testcase classname="ptolemy.util.test.junit.AutoTests" name="[268] /home/travis/build/icyphy/ptII/ptolemy/actor/lib/test/auto/PublisherPort8.xml (RunModel)" time="0.016" />
  <testcase classname="ptolemy.util.test.junit.AutoTests" name="[269] /home/travis/build/icyphy/ptII/ptolemy/actor/lib/test/auto/PublisherPortSubscriberChannelVariablesAOC2.xml (RunModel)" time="0.045" />
  <testcase classname="ptolemy.util.test.junit.AutoTests" name="[270] /home/travis/build/icyphy/ptII/ptolemy/actor/lib/test/auto/PublisherPortSubscriberOpaqueWidthInference.xml (RunModel)" time="0.017" />
  <testcase classname="ptolemy.util.test.junit.AutoTests" name="[271] /home/travis/build/icyphy/ptII/ptolemy/actor/lib/test/auto/PublisherPortSubscriberPortAdjacent.xml (RunModel)" time="0.018" />
  <testcase classname="ptolemy.util.test.junit.AutoTests" name="[272] /home/travis/build/icyphy/ptII/ptolemy/actor/lib/test/auto/PublisherPortSubscriberPortExpression.xml (RunModel)" time="0.021" />
  <testcase classname="ptolemy.util.test.junit.AutoTests" name="[273] /home/travis/build/icyphy/ptII/ptolemy/actor/lib/test/auto/PublisherPortSubscriberPortOpaqueD3Reverse.xml (RunModel)" time="0.025" />
  <testcase classname="ptolemy.util.test.junit.AutoTests" name="[274] /home/travis/build/icyphy/ptII/ptolemy/actor/lib/test/auto/PublisherPortSubscriberPortOpaqueWidthInference.xml (RunModel)" time="0.019" />
  <testcase classname="ptolemy.util.test.junit.AutoTests" name="[275] /home/travis/build/icyphy/ptII/ptolemy/actor/lib/test/auto/PublisherPortToplevelSubscriberPortAOC.xml (RunModel)" time="0.011" />
  <testcase classname="ptolemy.util.test.junit.AutoTests" name="[276] /home/travis/build/icyphy/ptII/ptolemy/actor/lib/test/auto/PublisherSubscriber.xml (RunModel)" time="0.014" />
  <testcase classname="ptolemy.util.test.junit.AutoTests" name="[277] /home/travis/build/icyphy/ptII/ptolemy/actor/lib/test/auto/PublisherSubscriber10.xml (RunModel)" time="0.023" />
  <testcase classname="ptolemy.util.test.junit.AutoTests" name="[278] /home/travis/build/icyphy/ptII/ptolemy/actor/lib/test/auto/PublisherSubscriber10InitialOutputs.xml (RunModel)" time="0.025" />
  <testcase classname="ptolemy.util.test.junit.AutoTests" name="[279] /home/travis/build/icyphy/ptII/ptolemy/actor/lib/test/auto/PublisherSubscriber11.xml (RunModel)" time="0.032" />
  <testcase classname="ptolemy.util.test.junit.AutoTests" name="[280] /home/travis/build/icyphy/ptII/ptolemy/actor/lib/test/auto/PublisherSubscriber12.xml (RunModel)" time="0.014" />
  <testcase classname="ptolemy.util.test.junit.AutoTests" name="[281] /home/travis/build/icyphy/ptII/ptolemy/actor/lib/test/auto/PublisherSubscriber13.xml (RunModel)" time="0.01" />
  <testcase classname="ptolemy.util.test.junit.AutoTests" name="[282] /home/travis/build/icyphy/ptII/ptolemy/actor/lib/test/auto/PublisherSubscriber14.xml (RunModel)" time="0.021" />
  <testcase classname="ptolemy.util.test.junit.AutoTests" name="[283] /home/travis/build/icyphy/ptII/ptolemy/actor/lib/test/auto/PublisherSubscriber2.xml (RunModel)" time="0.011" />
  <testcase classname="ptolemy.util.test.junit.AutoTests" name="[284] /home/travis/build/icyphy/ptII/ptolemy/actor/lib/test/auto/PublisherSubscriber3.xml (RunModel)" time="0.009" />
  <testcase classname="ptolemy.util.test.junit.AutoTests" name="[285] /home/travis/build/icyphy/ptII/ptolemy/actor/lib/test/auto/PublisherSubscriber4.xml (RunModel)" time="0.01" />
  <testcase classname="ptolemy.util.test.junit.AutoTests" name="[286] /home/travis/build/icyphy/ptII/ptolemy/actor/lib/test/auto/PublisherSubscriber5.xml (RunModel)" time="0.013" />
  <testcase classname="ptolemy.util.test.junit.AutoTests" name="[287] /home/travis/build/icyphy/ptII/ptolemy/actor/lib/test/auto/PublisherSubscriber6.xml (RunModel)" time="0.014" />
  <testcase classname="ptolemy.util.test.junit.AutoTests" name="[288] /home/travis/build/icyphy/ptII/ptolemy/actor/lib/test/auto/PublisherSubscriber7.xml (RunModel)" time="0.034" />
  <testcase classname="ptolemy.util.test.junit.AutoTests" name="[289] /home/travis/build/icyphy/ptII/ptolemy/actor/lib/test/auto/PublisherSubscriber8.xml (RunModel)" time="0.036" />
  <testcase classname="ptolemy.util.test.junit.AutoTests" name="[290] /home/travis/build/icyphy/ptII/ptolemy/actor/lib/test/auto/PublisherSubscriber9.xml (RunModel)" time="0.014" />
  <testcase classname="ptolemy.util.test.junit.AutoTests" name="[291] /home/travis/build/icyphy/ptII/ptolemy/actor/lib/test/auto/PublisherSubscriberAdjacent.xml (RunModel)" time="0.015" />
  <testcase classname="ptolemy.util.test.junit.AutoTests" name="[292] /home/travis/build/icyphy/ptII/ptolemy/actor/lib/test/auto/PublisherSubscriberChannelVariablesAOC2.xml (RunModel)" time="0.03" />
  <testcase classname="ptolemy.util.test.junit.AutoTests" name="[293] /home/travis/build/icyphy/ptII/ptolemy/actor/lib/test/auto/PublisherSubscriberD3.xml (RunModel)" time="0.013" />
  <testcase classname="ptolemy.util.test.junit.AutoTests" name="[294] /home/travis/build/icyphy/ptII/ptolemy/actor/lib/test/auto/PublisherSubscriberD3Reverse.xml (RunModel)" time="0.011" />
  <testcase classname="ptolemy.util.test.junit.AutoTests" name="[295] /home/travis/build/icyphy/ptII/ptolemy/actor/lib/test/auto/PublisherSubscriberExpression.xml (RunModel)" time="0.016" />
  <testcase classname="ptolemy.util.test.junit.AutoTests" name="[296] /home/travis/build/icyphy/ptII/ptolemy/actor/lib/test/auto/PublisherSubscriberOpaque.xml (RunModel)" time="0.014" />
  <testcase classname="ptolemy.util.test.junit.AutoTests" name="[297] /home/travis/build/icyphy/ptII/ptolemy/actor/lib/test/auto/PublisherSubscriberOpaqueD3.xml (RunModel)" time="0.022" />
  <testcase classname="ptolemy.util.test.junit.AutoTests" name="[298] /home/travis/build/icyphy/ptII/ptolemy/actor/lib/test/auto/PublisherSubscriberOpaqueD3Reverse.xml (RunModel)" time="0.022" />
  <testcase classname="ptolemy.util.test.junit.AutoTests" name="[299] /home/travis/build/icyphy/ptII/ptolemy/actor/lib/test/auto/PublisherSubscriberOpaqueWidthInference.xml (RunModel)" time="0.015" />
  <testcase classname="ptolemy.util.test.junit.AutoTests" name="[300] /home/travis/build/icyphy/ptII/ptolemy/actor/lib/test/auto/PublisherTestSubscriber.xml (RunModel)" time="0.014" />
  <testcase classname="ptolemy.util.test.junit.AutoTests" name="[301] /home/travis/build/icyphy/ptII/ptolemy/actor/lib/test/auto/PublisherToplevelSubscriberPortAOC.xml (RunModel)" time="0.01" />
  <testcase classname="ptolemy.util.test.junit.AutoTests" name="[302] /home/travis/build/icyphy/ptII/ptolemy/actor/lib/test/auto/PulseFiringLimitDE.xml (RunModel)" time="0.014" />
  <testcase classname="ptolemy.util.test.junit.AutoTests" name="[303] /home/travis/build/icyphy/ptII/ptolemy/actor/lib/test/auto/Ramp1.xml (RunModel)" time="0.007" />
  <testcase classname="ptolemy.util.test.junit.AutoTests" name="[304] /home/travis/build/icyphy/ptII/ptolemy/actor/lib/test/auto/RampFiringLimitDE.xml (RunModel)" time="0.01" />
  <testcase classname="ptolemy.util.test.junit.AutoTests" name="[305] /home/travis/build/icyphy/ptII/ptolemy/actor/lib/test/auto/RampFiringLimitSDF.xml (RunModel)" time="0.009" />
  <testcase classname="ptolemy.util.test.junit.AutoTests" name="[306] /home/travis/build/icyphy/ptII/ptolemy/actor/lib/test/auto/RandomInteger.xml (RunModel)" time="0.009" />
  <testcase classname="ptolemy.util.test.junit.AutoTests" name="[307] /home/travis/build/icyphy/ptII/ptolemy/actor/lib/test/auto/ReadFile1.xml (RunModel)" time="0.008" />
  <testcase classname="ptolemy.util.test.junit.AutoTests" name="[308] /home/travis/build/icyphy/ptII/ptolemy/actor/lib/test/auto/ReadFile2.xml (RunModel)" time="0.008" />
  <testcase classname="ptolemy.util.test.junit.AutoTests" name="[309] /home/travis/build/icyphy/ptII/ptolemy/actor/lib/test/auto/Reader.xml (RunModel)" time="0.01" />
  <testcase classname="ptolemy.util.test.junit.AutoTests" name="[310] /home/travis/build/icyphy/ptII/ptolemy/actor/lib/test/auto/RecordAssemblerDisplayNameTest.xml (RunModel)" time="3.731" />
  <testcase classname="ptolemy.util.test.junit.AutoTests" name="[311] /home/travis/build/icyphy/ptII/ptolemy/actor/lib/test/auto/RecordAssemblerTypeError.xml (RunModel)" time="0.035" />
  <testcase classname="ptolemy.util.test.junit.AutoTests" name="[312] /home/travis/build/icyphy/ptII/ptolemy/actor/lib/test/auto/RecordDisassember.xml (RunModel)" time="0.011" />
  <testcase classname="ptolemy.util.test.junit.AutoTests" name="[313] /home/travis/build/icyphy/ptII/ptolemy/actor/lib/test/auto/RecordDisassemberDisplayNameTest.xml (RunModel)" time="0.031" />
  <testcase classname="ptolemy.util.test.junit.AutoTests" name="[314] /home/travis/build/icyphy/ptII/ptolemy/actor/lib/test/auto/RecordDisassembler.xml (RunModel)" time="0.015" />
  <testcase classname="ptolemy.util.test.junit.AutoTests" name="[315] /home/travis/build/icyphy/ptII/ptolemy/actor/lib/test/auto/RecordDisassembler2.xml (RunModel)" time="0.01" />
  <testcase classname="ptolemy.util.test.junit.AutoTests" name="[316] /home/travis/build/icyphy/ptII/ptolemy/actor/lib/test/auto/RecordUpdater.xml (RunModel)" time="0.012" />
  <testcase classname="ptolemy.util.test.junit.AutoTests" name="[317] /home/travis/build/icyphy/ptII/ptolemy/actor/lib/test/auto/RecordUpdater2.xml (RunModel)" time="0.009" />
  <testcase classname="ptolemy.util.test.junit.AutoTests" name="[318] /home/travis/build/icyphy/ptII/ptolemy/actor/lib/test/auto/RecursiveLattice.xml (RunModel)" time="0.01" />
  <testcase classname="ptolemy.util.test.junit.AutoTests" name="[319] /home/travis/build/icyphy/ptII/ptolemy/actor/lib/test/auto/Router.xml (RunModel)" time="3.04" />
  <testcase classname="ptolemy.util.test.junit.AutoTests" name="[320] /home/travis/build/icyphy/ptII/ptolemy/actor/lib/test/auto/Router2.xml (RunModel)" time="3.028" />
  <testcase classname="ptolemy.util.test.junit.AutoTests" name="[321] /home/travis/build/icyphy/ptII/ptolemy/actor/lib/test/auto/RunningMaximum.xml (RunModel)" time="0.022" />
  <testcase classname="ptolemy.util.test.junit.AutoTests" name="[322] /home/travis/build/icyphy/ptII/ptolemy/actor/lib/test/auto/RunningMinimum.xml (RunModel)" time="0.02" />
  <testcase classname="ptolemy.util.test.junit.AutoTests" name="[323] /home/travis/build/icyphy/ptII/ptolemy/actor/lib/test/auto/Scale.xml (RunModel)" time="0.008" />
  <testcase classname="ptolemy.util.test.junit.AutoTests" name="[324] /home/travis/build/icyphy/ptII/ptolemy/actor/lib/test/auto/Scale2.xml (RunModel)" time="0.01" />
  <testcase classname="ptolemy.util.test.junit.AutoTests" name="[325] /home/travis/build/icyphy/ptII/ptolemy/actor/lib/test/auto/Scale3.xml (RunModel)" time="0.015" />
  <testcase classname="ptolemy.util.test.junit.AutoTests" name="[326] /home/travis/build/icyphy/ptII/ptolemy/actor/lib/test/auto/ScaleArray.xml (RunModel)" time="0.007" />
  <testcase classname="ptolemy.util.test.junit.AutoTests" name="[327] /home/travis/build/icyphy/ptII/ptolemy/actor/lib/test/auto/ScaleArray2.xml (RunModel)" time="0.007" />
  <testcase classname="ptolemy.util.test.junit.AutoTests" name="[328] /home/travis/build/icyphy/ptII/ptolemy/actor/lib/test/auto/ScaleMatrix.xml (RunModel)" time="0.174" />
  <testcase classname="ptolemy.util.test.junit.AutoTests" name="[329] /home/travis/build/icyphy/ptII/ptolemy/actor/lib/test/auto/Select.xml (RunModel)" time="0.017" />
  <testcase classname="ptolemy.util.test.junit.AutoTests" name="[330] /home/travis/build/icyphy/ptII/ptolemy/actor/lib/test/auto/Select2.xml (RunModel)" time="0.008" />
  <testcase classname="ptolemy.util.test.junit.AutoTests" name="[331] /home/travis/build/icyphy/ptII/ptolemy/actor/lib/test/auto/SequenceToArray2.xml (RunModel)" time="0.158" />
  <testcase classname="ptolemy.util.test.junit.AutoTests" name="[332] /home/travis/build/icyphy/ptII/ptolemy/actor/lib/test/auto/SequentialClock.xml (RunModel)" time="0.008" />
  <testcase classname="ptolemy.util.test.junit.AutoTests" name="[333] /home/travis/build/icyphy/ptII/ptolemy/actor/lib/test/auto/SetVariable.xml (RunModel)" time="0.009" />
  <testcase classname="ptolemy.util.test.junit.AutoTests" name="[334] /home/travis/build/icyphy/ptII/ptolemy/actor/lib/test/auto/SetVariable2.xml (RunModel)" time="0.01" />
  <testcase classname="ptolemy.util.test.junit.AutoTests" name="[335] /home/travis/build/icyphy/ptII/ptolemy/actor/lib/test/auto/SetVariable3.xml (RunModel)" time="0.018" />
  <testcase classname="ptolemy.util.test.junit.AutoTests" name="[336] /home/travis/build/icyphy/ptII/ptolemy/actor/lib/test/auto/SetVariable4.xml (RunModel)" time="0.03" />
  <testcase classname="ptolemy.util.test.junit.AutoTests" name="[337] /home/travis/build/icyphy/ptII/ptolemy/actor/lib/test/auto/SetVariable5.xml (RunModel)" time="0.038" />
  <testcase classname="ptolemy.util.test.junit.AutoTests" name="[338] /home/travis/build/icyphy/ptII/ptolemy/actor/lib/test/auto/Sinewave.xml (RunModel)" time="0.024" />
  <testcase classname="ptolemy.util.test.junit.AutoTests" name="[339] /home/travis/build/icyphy/ptII/ptolemy/actor/lib/test/auto/Sinewave2.xml (RunModel)" time="0.017" />
  <testcase classname="ptolemy.util.test.junit.AutoTests" name="[340] /home/travis/build/icyphy/ptII/ptolemy/actor/lib/test/auto/Sinewave3.xml (RunModel)" time="0.022" />
  <testcase classname="ptolemy.util.test.junit.AutoTests" name="[341] /home/travis/build/icyphy/ptII/ptolemy/actor/lib/test/auto/SingleEvent.xml (RunModel)" time="0.007" />
  <testcase classname="ptolemy.util.test.junit.AutoTests" name="[342] /home/travis/build/icyphy/ptII/ptolemy/actor/lib/test/auto/Sleep.xml (RunModel)" time="6.024" />
  <testcase classname="ptolemy.util.test.junit.AutoTests" name="[343] /home/travis/build/icyphy/ptII/ptolemy/actor/lib/test/auto/SleepMultipleFire.xml (RunModel)" time="1.017" />
  <testcase classname="ptolemy.util.test.junit.AutoTests" name="[344] /home/travis/build/icyphy/ptII/ptolemy/actor/lib/test/auto/StopDE.xml (RunModel)" time="0.016" />
  <testcase classname="ptolemy.util.test.junit.AutoTests" name="[345] /home/travis/build/icyphy/ptII/ptolemy/actor/lib/test/auto/StopSDF.xml (RunModel)" time="0.019" />
  <testcase classname="ptolemy.util.test.junit.AutoTests" name="[346] /home/travis/build/icyphy/ptII/ptolemy/actor/lib/test/auto/StringConstant.xml (RunModel)" time="0.017" />
  <testcase classname="ptolemy.util.test.junit.AutoTests" name="[347] /home/travis/build/icyphy/ptII/ptolemy/actor/lib/test/auto/SubscriberPortInitialValues1.xml (RunModel)" time="0.024" />
  <testcase classname="ptolemy.util.test.junit.AutoTests" name="[348] /home/travis/build/icyphy/ptII/ptolemy/actor/lib/test/auto/SubscriberPortInitialValues13.xml (RunModel)" time="0.027" />
  <testcase classname="ptolemy.util.test.junit.AutoTests" name="[349] /home/travis/build/icyphy/ptII/ptolemy/actor/lib/test/auto/SubscriberPortInitialValues14.xml (RunModel)" time="0.016" />
  <testcase classname="ptolemy.util.test.junit.AutoTests" name="[350] /home/travis/build/icyphy/ptII/ptolemy/actor/lib/test/auto/SubscriberPortInitialValues2.xml (RunModel)" time="0.018" />
  <testcase classname="ptolemy.util.test.junit.AutoTests" name="[351] /home/travis/build/icyphy/ptII/ptolemy/actor/lib/test/auto/SubscriberPortInitialValues3.xml (RunModel)" time="0.019" />
  <testcase classname="ptolemy.util.test.junit.AutoTests" name="[352] /home/travis/build/icyphy/ptII/ptolemy/actor/lib/test/auto/SubscriptionAggregator.xml (RunModel)" time="0.011" />
  <testcase classname="ptolemy.util.test.junit.AutoTests" name="[353] /home/travis/build/icyphy/ptII/ptolemy/actor/lib/test/auto/SubscriptionAggregator2.xml (RunModel)" time="0.011" />
  <testcase classname="ptolemy.util.test.junit.AutoTests" name="[354] /home/travis/build/icyphy/ptII/ptolemy/actor/lib/test/auto/SubscriptionAggregator3.xml (RunModel)" time="0.016" />
  <testcase classname="ptolemy.util.test.junit.AutoTests" name="[355] /home/travis/build/icyphy/ptII/ptolemy/actor/lib/test/auto/SubscriptionAggregatorMultiply.xml (RunModel)" time="0.014" />
  <testcase classname="ptolemy.util.test.junit.AutoTests" name="[356] /home/travis/build/icyphy/ptII/ptolemy/actor/lib/test/auto/SubscriptionAggregatorPortMultiply1.xml (RunModel)" time="0.013" />
  <testcase classname="ptolemy.util.test.junit.AutoTests" name="[357] /home/travis/build/icyphy/ptII/ptolemy/actor/lib/test/auto/Switch.xml (RunModel)" time="0.019" />
  <testcase classname="ptolemy.util.test.junit.AutoTests" name="[358] /home/travis/build/icyphy/ptII/ptolemy/actor/lib/test/auto/Switch2.xml (RunModel)" time="0.021" />
  <testcase classname="ptolemy.util.test.junit.AutoTests" name="[359] /home/travis/build/icyphy/ptII/ptolemy/actor/lib/test/auto/SwitchDE.xml (RunModel)" time="0.034" />
  <testcase classname="ptolemy.util.test.junit.AutoTests" name="[360] /home/travis/build/icyphy/ptII/ptolemy/actor/lib/test/auto/SynchronizerDE.xml (RunModel)" time="0.023" />
  <testcase classname="ptolemy.util.test.junit.AutoTests" name="[361] /home/travis/build/icyphy/ptII/ptolemy/actor/lib/test/auto/Test.xml (RunModel)" time="0.015" />
  <testcase classname="ptolemy.util.test.junit.AutoTests" name="[362] /home/travis/build/icyphy/ptII/ptolemy/actor/lib/test/auto/TestExceptionAttribute1.xml (RunModel)" time="0.013" />
  <testcase classname="ptolemy.util.test.junit.AutoTests" name="[363] /home/travis/build/icyphy/ptII/ptolemy/actor/lib/test/auto/TestExceptionAttribute2.xml (RunModel)" time="0.008" />
  <testcase classname="ptolemy.util.test.junit.AutoTests" name="[364] /home/travis/build/icyphy/ptII/ptolemy/actor/lib/test/auto/TestExceptionAttribute3.xml (RunModel)" time="0.006" />
  <testcase classname="ptolemy.util.test.junit.AutoTests" name="[365] /home/travis/build/icyphy/ptII/ptolemy/actor/lib/test/auto/TestExceptionAttribute4.xml (RunModel)" time="0.007" />
  <testcase classname="ptolemy.util.test.junit.AutoTests" name="[366] /home/travis/build/icyphy/ptII/ptolemy/actor/lib/test/auto/TestExceptionHandler1.xml (RunModel)" time="0.006" />
  <testcase classname="ptolemy.util.test.junit.AutoTests" name="[367] /home/travis/build/icyphy/ptII/ptolemy/actor/lib/test/auto/TestExceptionHandler2.xml (RunModel)" time="0.014" />
  <testcase classname="ptolemy.util.test.junit.AutoTests" name="[368] /home/travis/build/icyphy/ptII/ptolemy/actor/lib/test/auto/TestExceptionHandler3.xml (RunModel)" time="0.006" />
  <testcase classname="ptolemy.util.test.junit.AutoTests" name="[369] /home/travis/build/icyphy/ptII/ptolemy/actor/lib/test/auto/TestExceptionHandler4.xml (RunModel)" time="0.006" />
  <testcase classname="ptolemy.util.test.junit.AutoTests" name="[370] /home/travis/build/icyphy/ptII/ptolemy/actor/lib/test/auto/TestRequireCorrectOrder.xml (RunModel)" time="0.008" />
  <testcase classname="ptolemy.util.test.junit.AutoTests" name="[371] /home/travis/build/icyphy/ptII/ptolemy/actor/lib/test/auto/TestSimple.xml (RunModel)" time="0.006" />
  <testcase classname="ptolemy.util.test.junit.AutoTests" name="[372] /home/travis/build/icyphy/ptII/ptolemy/actor/lib/test/auto/ThrowModelError.xml (RunModel)" time="0.009" />
  <testcase classname="ptolemy.util.test.junit.AutoTests" name="[373] /home/travis/build/icyphy/ptII/ptolemy/actor/lib/test/auto/TimeDelayMicrosteps.xml (RunModel)" time="0.014" />
  <testcase classname="ptolemy.util.test.junit.AutoTests" name="[374] /home/travis/build/icyphy/ptII/ptolemy/actor/lib/test/auto/TimeDelayMicrosteps2.xml (RunModel)" time="0.014" />
  <testcase classname="ptolemy.util.test.junit.AutoTests" name="[375] /home/travis/build/icyphy/ptII/ptolemy/actor/lib/test/auto/TimeDelayMicrosteps3.xml (RunModel)" time="0.014" />
  <testcase classname="ptolemy.util.test.junit.AutoTests" name="[376] /home/travis/build/icyphy/ptII/ptolemy/actor/lib/test/auto/TimeDelayVariableMicrosteps.xml (RunModel)" time="0.012" />
  <testcase classname="ptolemy.util.test.junit.AutoTests" name="[377] /home/travis/build/icyphy/ptII/ptolemy/actor/lib/test/auto/TimeGap.xml (RunModel)" time="0.013" />
  <testcase classname="ptolemy.util.test.junit.AutoTests" name="[378] /home/travis/build/icyphy/ptII/ptolemy/actor/lib/test/auto/TimeGap2.xml (RunModel)" time="0.012" />
  <testcase classname="ptolemy.util.test.junit.AutoTests" name="[379] /home/travis/build/icyphy/ptII/ptolemy/actor/lib/test/auto/TimedSinewave.xml (RunModel)" time="0.067" />
  <testcase classname="ptolemy.util.test.junit.AutoTests" name="[380] /home/travis/build/icyphy/ptII/ptolemy/actor/lib/test/auto/TimedSinewavePhase.xml (RunModel)" time="0.031" />
  <testcase classname="ptolemy.util.test.junit.AutoTests" name="[381] /home/travis/build/icyphy/ptII/ptolemy/actor/lib/test/auto/Timer.xml (RunModel)" time="0.014" />
  <testcase classname="ptolemy.util.test.junit.AutoTests" name="[382] /home/travis/build/icyphy/ptII/ptolemy/actor/lib/test/auto/TriangularDistTestModel.xml (RunModel)" time="0.017" />
  <testcase classname="ptolemy.util.test.junit.AutoTests" name="[383] /home/travis/build/icyphy/ptII/ptolemy/actor/lib/test/auto/TrigFunction.xml (RunModel)" time="0.009" />
  <testcase classname="ptolemy.util.test.junit.AutoTests" name="[384] /home/travis/build/icyphy/ptII/ptolemy/actor/lib/test/auto/TrigFunctionDE.xml (RunModel)" time="0.01" />
  <testcase classname="ptolemy.util.test.junit.AutoTests" name="[385] /home/travis/build/icyphy/ptII/ptolemy/actor/lib/test/auto/TrigFunctionInverse.xml (RunModel)" time="0.011" />
  <testcase classname="ptolemy.util.test.junit.AutoTests" name="[386] /home/travis/build/icyphy/ptII/ptolemy/actor/lib/test/auto/TrigFunctionTan.xml (RunModel)" time="0.006" />
  <testcase classname="ptolemy.util.test.junit.AutoTests" name="[387] /home/travis/build/icyphy/ptII/ptolemy/actor/lib/test/auto/TriggeredClock.xml (RunModel)" time="0.009" />
  <testcase classname="ptolemy.util.test.junit.AutoTests" name="[388] /home/travis/build/icyphy/ptII/ptolemy/actor/lib/test/auto/URLDirectoryReader.xml (RunModel)" time="0.133" />
  <testcase classname="ptolemy.util.test.junit.AutoTests" name="[389] /home/travis/build/icyphy/ptII/ptolemy/actor/lib/test/auto/URLDirectoryReader3.xml (RunModel)" time="1.348" />
  <testcase classname="ptolemy.util.test.junit.AutoTests" name="[390] /home/travis/build/icyphy/ptII/ptolemy/actor/lib/test/auto/UnaryMathFunction.xml (RunModel)" time="0.023" />
  <testcase classname="ptolemy.util.test.junit.AutoTests" name="[391] /home/travis/build/icyphy/ptII/ptolemy/actor/lib/test/auto/Uniform.xml (RunModel)" time="0.015" />
  <testcase classname="ptolemy.util.test.junit.AutoTests" name="[392] /home/travis/build/icyphy/ptII/ptolemy/actor/lib/test/auto/UnionDisassemblerTest.xml (RunModel)" time="0.01" />
  <testcase classname="ptolemy.util.test.junit.AutoTests" name="[393] /home/travis/build/icyphy/ptII/ptolemy/actor/lib/test/auto/UtilityFunctions.xml (RunModel)" time="0.011" />
  <testcase classname="ptolemy.util.test.junit.AutoTests" name="[394] /home/travis/build/icyphy/ptII/ptolemy/actor/lib/test/auto/VariableSleep.xml (RunModel)" time="0.515" />
  <testcase classname="ptolemy.util.test.junit.AutoTests" name="[395] /home/travis/build/icyphy/ptII/ptolemy/actor/lib/test/auto/VectorAssemblerDisassemblerCT.xml (RunModel)" time="0.122" />
  <testcase classname="ptolemy.util.test.junit.AutoTests" name="[396] /home/travis/build/icyphy/ptII/ptolemy/actor/lib/test/auto/VectorAssemblerDisassemblerDE.xml (RunModel)" time="0.013" />
  <testcase classname="ptolemy.util.test.junit.AutoTests" name="[397] /home/travis/build/icyphy/ptII/ptolemy/actor/lib/test/auto/VectorAssemblerDisassemblerSDF.xml (RunModel)" time="0.012" />
  <testcase classname="ptolemy.util.test.junit.AutoTests" name="[398] /home/travis/build/icyphy/ptII/ptolemy/actor/lib/test/auto/WallClockTime.xml (RunModel)" time="1.014" />
  <testcase classname="ptolemy.util.test.junit.AutoTests" name="[399] /home/travis/build/icyphy/ptII/ptolemy/actor/lib/test/auto/WidthTestWithSubscriberPublisher.xml (RunModel)" time="0.037" />
  <testcase classname="ptolemy.util.test.junit.AutoTests" name="[400] /home/travis/build/icyphy/ptII/ptolemy/actor/lib/test/auto/WidthTestWithSubscriberPublisher2.xml (RunModel)" time="0.016" />
  <testcase classname="ptolemy.util.test.junit.AutoTests" name="[401] /home/travis/build/icyphy/ptII/ptolemy/actor/lib/test/auto/WidthTestWithSubscriberPublisher3.xml (RunModel)" time="0.013" />
  <testcase classname="ptolemy.util.test.junit.AutoTests" name="[402] /home/travis/build/icyphy/ptII/ptolemy/actor/lib/test/auto/Writer.xml (RunModel)" time="0.007" />
  <testcase classname="ptolemy.util.test.junit.AutoTests" name="[403] /home/travis/build/icyphy/ptII/ptolemy/actor/lib/test/auto/array.xml (RunModel)" time="0.01" />
  <testcase classname="ptolemy.util.test.junit.AutoTests" name="[404] /home/travis/build/icyphy/ptII/ptolemy/actor/lib/test/auto/array2.xml (RunModel)" time="0.014" />
  <testcase classname="ptolemy.util.test.junit.AutoTests" name="[405] /home/travis/build/icyphy/ptII/ptolemy/actor/lib/test/auto/arrayType.xml (RunModel)" time="0.011" />
  <testcase classname="ptolemy.util.test.junit.AutoTests" name="[406] /home/travis/build/icyphy/ptII/ptolemy/actor/lib/test/auto/arrayType10.xml (RunModel)" time="0.008" />
  <testcase classname="ptolemy.util.test.junit.AutoTests" name="[407] /home/travis/build/icyphy/ptII/ptolemy/actor/lib/test/auto/arrayType11.xml (RunModel)" time="0.008" />
  <testcase classname="ptolemy.util.test.junit.AutoTests" name="[408] /home/travis/build/icyphy/ptII/ptolemy/actor/lib/test/auto/arrayType12.xml (RunModel)" time="0.014" />
  <testcase classname="ptolemy.util.test.junit.AutoTests" name="[409] /home/travis/build/icyphy/ptII/ptolemy/actor/lib/test/auto/arrayType13.xml (RunModel)" time="0.009" />
  <testcase classname="ptolemy.util.test.junit.AutoTests" name="[410] /home/travis/build/icyphy/ptII/ptolemy/actor/lib/test/auto/arrayType14.xml (RunModel)" time="0.009" />
  <testcase classname="ptolemy.util.test.junit.AutoTests" name="[411] /home/travis/build/icyphy/ptII/ptolemy/actor/lib/test/auto/arrayType15.xml (RunModel)" time="0.01" />
  <testcase classname="ptolemy.util.test.junit.AutoTests" name="[412] /home/travis/build/icyphy/ptII/ptolemy/actor/lib/test/auto/arrayType16.xml (RunModel)" time="0.009" />
  <testcase classname="ptolemy.util.test.junit.AutoTests" name="[413] /home/travis/build/icyphy/ptII/ptolemy/actor/lib/test/auto/arrayType17.xml (RunModel)" time="0.008" />
  <testcase classname="ptolemy.util.test.junit.AutoTests" name="[414] /home/travis/build/icyphy/ptII/ptolemy/actor/lib/test/auto/arrayType18.xml (RunModel)" time="0.009" />
  <testcase classname="ptolemy.util.test.junit.AutoTests" name="[415] /home/travis/build/icyphy/ptII/ptolemy/actor/lib/test/auto/arrayType19.xml (RunModel)" time="0.008" />
  <testcase classname="ptolemy.util.test.junit.AutoTests" name="[416] /home/travis/build/icyphy/ptII/ptolemy/actor/lib/test/auto/arrayType2.xml (RunModel)" time="0.008" />
  <testcase classname="ptolemy.util.test.junit.AutoTests" name="[417] /home/travis/build/icyphy/ptII/ptolemy/actor/lib/test/auto/arrayType20.xml (RunModel)" time="0.008" />
  <testcase classname="ptolemy.util.test.junit.AutoTests" name="[418] /home/travis/build/icyphy/ptII/ptolemy/actor/lib/test/auto/arrayType21.xml (RunModel)" time="0.008" />
  <testcase classname="ptolemy.util.test.junit.AutoTests" name="[419] /home/travis/build/icyphy/ptII/ptolemy/actor/lib/test/auto/arrayType22.xml (RunModel)" time="0.008" />
  <testcase classname="ptolemy.util.test.junit.AutoTests" name="[420] /home/travis/build/icyphy/ptII/ptolemy/actor/lib/test/auto/arrayType23.xml (RunModel)" time="0.009" />
  <testcase classname="ptolemy.util.test.junit.AutoTests" name="[421] /home/travis/build/icyphy/ptII/ptolemy/actor/lib/test/auto/arrayType24.xml (RunModel)" time="0.009" />
  <testcase classname="ptolemy.util.test.junit.AutoTests" name="[422] /home/travis/build/icyphy/ptII/ptolemy/actor/lib/test/auto/arrayType25.xml (RunModel)" time="0.009" />
  <testcase classname="ptolemy.util.test.junit.AutoTests" name="[423] /home/travis/build/icyphy/ptII/ptolemy/actor/lib/test/auto/arrayType26.xml (RunModel)" time="0.008" />
  <testcase classname="ptolemy.util.test.junit.AutoTests" name="[424] /home/travis/build/icyphy/ptII/ptolemy/actor/lib/test/auto/arrayType27.xml (RunModel)" time="0.034" />
  <testcase classname="ptolemy.util.test.junit.AutoTests" name="[425] /home/travis/build/icyphy/ptII/ptolemy/actor/lib/test/auto/arrayType28.xml (RunModel)" time="0.036" />
  <testcase classname="ptolemy.util.test.junit.AutoTests" name="[426] /home/travis/build/icyphy/ptII/ptolemy/actor/lib/test/auto/arrayType3.xml (RunModel)" time="0.043" />
  <testcase classname="ptolemy.util.test.junit.AutoTests" name="[427] /home/travis/build/icyphy/ptII/ptolemy/actor/lib/test/auto/arrayType4.xml (RunModel)" time="0.074" />
  <testcase classname="ptolemy.util.test.junit.AutoTests" name="[428] /home/travis/build/icyphy/ptII/ptolemy/actor/lib/test/auto/arrayType5.xml (RunModel)" time="0.026" />
  <testcase classname="ptolemy.util.test.junit.AutoTests" name="[429] /home/travis/build/icyphy/ptII/ptolemy/actor/lib/test/auto/arrayType6.xml (RunModel)" time="0.008" />
  <testcase classname="ptolemy.util.test.junit.AutoTests" name="[430] /home/travis/build/icyphy/ptII/ptolemy/actor/lib/test/auto/arrayType7.xml (RunModel)" time="0.014" />
  <testcase classname="ptolemy.util.test.junit.AutoTests" name="[431] /home/travis/build/icyphy/ptII/ptolemy/actor/lib/test/auto/arrayType8.xml (RunModel)" time="0.02" />
  <testcase classname="ptolemy.util.test.junit.AutoTests" name="[432] /home/travis/build/icyphy/ptII/ptolemy/actor/lib/test/auto/arrayType9.xml (RunModel)" time="0.008" />
  <testcase classname="ptolemy.util.test.junit.AutoTests" name="[433] /home/travis/build/icyphy/ptII/ptolemy/actor/lib/test/auto/cast.xml (RunModel)" time="0.009" />
  <testcase classname="ptolemy.util.test.junit.AutoTests" name="[434] /home/travis/build/icyphy/ptII/ptolemy/actor/lib/test/auto/compositeMultiPort.xml (RunModel)" time="0.019" />
  <testcase classname="ptolemy.util.test.junit.AutoTests" name="[435] /home/travis/build/icyphy/ptII/ptolemy/actor/lib/test/auto/expressionCastInference.xml (RunModel)" time="0.008" />
  <testcase classname="ptolemy.util.test.junit.AutoTests" name="[436] /home/travis/build/icyphy/ptII/ptolemy/actor/lib/test/auto/expressionCastInference2.xml (RunModel)" time="0.008" />
  <testcase classname="ptolemy.util.test.junit.AutoTests" name="[437] /home/travis/build/icyphy/ptII/ptolemy/actor/lib/test/auto/expressionInference.xml (RunModel)" time="0.007" />
  <testcase classname="ptolemy.util.test.junit.AutoTests" name="[438] /home/travis/build/icyphy/ptII/ptolemy/actor/lib/test/auto/expression_bug.xml (RunModel)" time="0.007" />
  <testcase classname="ptolemy.util.test.junit.AutoTests" name="[439] /home/travis/build/icyphy/ptII/ptolemy/actor/lib/test/auto/factorial.xml (RunModel)" time="0.047" />
  <testcase classname="ptolemy.util.test.junit.AutoTests" name="[440] /home/travis/build/icyphy/ptII/ptolemy/actor/lib/test/auto/filterTest1.xml (RunModel)" time="0.012" />
  <testcase classname="ptolemy.util.test.junit.AutoTests" name="[441] /home/travis/build/icyphy/ptII/ptolemy/actor/lib/test/auto/funcApplyInConst.xml (RunModel)" time="0.006" />
  <testcase classname="ptolemy.util.test.junit.AutoTests" name="[442] /home/travis/build/icyphy/ptII/ptolemy/actor/lib/test/auto/funcApplyInExpr.xml (RunModel)" time="0.006" />
  <testcase classname="ptolemy.util.test.junit.AutoTests" name="[443] /home/travis/build/icyphy/ptII/ptolemy/actor/lib/test/auto/function.xml (RunModel)" time="0.012" />
  <testcase classname="ptolemy.util.test.junit.AutoTests" name="[444] /home/travis/build/icyphy/ptII/ptolemy/actor/lib/test/auto/function2.xml (RunModel)" time="0.009" />
  <testcase classname="ptolemy.util.test.junit.AutoTests" name="[445] /home/travis/build/icyphy/ptII/ptolemy/actor/lib/test/auto/function3.xml (RunModel)" time="0.007" />
  <testcase classname="ptolemy.util.test.junit.AutoTests" name="[446] /home/travis/build/icyphy/ptII/ptolemy/actor/lib/test/auto/functionClosureTest1.xml (RunModel)" time="0.01" />
  <testcase classname="ptolemy.util.test.junit.AutoTests" name="[447] /home/travis/build/icyphy/ptII/ptolemy/actor/lib/test/auto/functionClosureTest2.xml (RunModel)" time="0.008" />
  <testcase classname="ptolemy.util.test.junit.AutoTests" name="[448] /home/travis/build/icyphy/ptII/ptolemy/actor/lib/test/auto/functionClosureTest3.xml (RunModel)" time="0.013" />
  <testcase classname="ptolemy.util.test.junit.AutoTests" name="[449] /home/travis/build/icyphy/ptII/ptolemy/actor/lib/test/auto/functionClosureTest4.xml (RunModel)" time="0.016" />
  <testcase classname="ptolemy.util.test.junit.AutoTests" name="[450] /home/travis/build/icyphy/ptII/ptolemy/actor/lib/test/auto/functionClosureTest5.xml (RunModel)" time="0.013" />
  <testcase classname="ptolemy.util.test.junit.AutoTests" name="[451] /home/travis/build/icyphy/ptII/ptolemy/actor/lib/test/auto/functionClosureTest6.xml (RunModel)" time="0.008" />
  <testcase classname="ptolemy.util.test.junit.AutoTests" name="[452] /home/travis/build/icyphy/ptII/ptolemy/actor/lib/test/auto/functionsOnArcs.xml (RunModel)" time="0.009" />
  <testcase classname="ptolemy.util.test.junit.AutoTests" name="[453] /home/travis/build/icyphy/ptII/ptolemy/actor/lib/test/auto/functionsOnArcsHOF.xml (RunModel)" time="0.019" />
  <testcase classname="ptolemy.util.test.junit.AutoTests" name="[454] /home/travis/build/icyphy/ptII/ptolemy/actor/lib/test/auto/logic.xml (RunModel)" time="0.018" />
  <testcase classname="ptolemy.util.test.junit.AutoTests" name="[455] /home/travis/build/icyphy/ptII/ptolemy/actor/lib/test/auto/matrixType.xml (RunModel)" time="0.009" />
  <testcase classname="ptolemy.util.test.junit.AutoTests" name="[456] /home/travis/build/icyphy/ptII/ptolemy/actor/lib/test/auto/matrixType10.xml (RunModel)" time="0.009" />
  <testcase classname="ptolemy.util.test.junit.AutoTests" name="[457] /home/travis/build/icyphy/ptII/ptolemy/actor/lib/test/auto/matrixType11.xml (RunModel)" time="0.009" />
  <testcase classname="ptolemy.util.test.junit.AutoTests" name="[458] /home/travis/build/icyphy/ptII/ptolemy/actor/lib/test/auto/matrixType12.xml (RunModel)" time="0.011" />
  <testcase classname="ptolemy.util.test.junit.AutoTests" name="[459] /home/travis/build/icyphy/ptII/ptolemy/actor/lib/test/auto/matrixType13.xml (RunModel)" time="0.008" />
  <testcase classname="ptolemy.util.test.junit.AutoTests" name="[460] /home/travis/build/icyphy/ptII/ptolemy/actor/lib/test/auto/matrixType14.xml (RunModel)" time="0.01" />
  <testcase classname="ptolemy.util.test.junit.AutoTests" name="[461] /home/travis/build/icyphy/ptII/ptolemy/actor/lib/test/auto/matrixType2.xml (RunModel)" time="0.009" />
  <testcase classname="ptolemy.util.test.junit.AutoTests" name="[462] /home/travis/build/icyphy/ptII/ptolemy/actor/lib/test/auto/matrixType3.xml (RunModel)" time="0.011" />
  <testcase classname="ptolemy.util.test.junit.AutoTests" name="[463] /home/travis/build/icyphy/ptII/ptolemy/actor/lib/test/auto/matrixType4.xml (RunModel)" time="0.025" />
  <testcase classname="ptolemy.util.test.junit.AutoTests" name="[464] /home/travis/build/icyphy/ptII/ptolemy/actor/lib/test/auto/matrixType5.xml (RunModel)" time="0.008" />
  <testcase classname="ptolemy.util.test.junit.AutoTests" name="[465] /home/travis/build/icyphy/ptII/ptolemy/actor/lib/test/auto/matrixType6.xml (RunModel)" time="0.008" />
  <testcase classname="ptolemy.util.test.junit.AutoTests" name="[466] /home/travis/build/icyphy/ptII/ptolemy/actor/lib/test/auto/matrixType7.xml (RunModel)" time="0.008" />
  <testcase classname="ptolemy.util.test.junit.AutoTests" name="[467] /home/travis/build/icyphy/ptII/ptolemy/actor/lib/test/auto/matrixType8.xml (RunModel)" time="0.009" />
  <testcase classname="ptolemy.util.test.junit.AutoTests" name="[468] /home/travis/build/icyphy/ptII/ptolemy/actor/lib/test/auto/matrixType9.xml (RunModel)" time="0.007" />
  <testcase classname="ptolemy.util.test.junit.AutoTests" name="[469] /home/travis/build/icyphy/ptII/ptolemy/actor/lib/test/auto/paraFunctest.xml (RunModel)" time="0.007" />
  <testcase classname="ptolemy.util.test.junit.AutoTests" name="[470] /home/travis/build/icyphy/ptII/ptolemy/actor/lib/test/auto/paraFunctest2.xml (RunModel)" time="0.009" />
  <testcase classname="ptolemy.util.test.junit.AutoTests" name="[471] /home/travis/build/icyphy/ptII/ptolemy/actor/lib/test/auto/parameterPassing.xml (RunModel)" time="0.009" />
  <testcase classname="ptolemy.util.test.junit.AutoTests" name="[472] /home/travis/build/icyphy/ptII/ptolemy/actor/lib/test/auto/record.xml (RunModel)" time="0.01" />
  <testcase classname="ptolemy.util.test.junit.AutoTests" name="[473] /home/travis/build/icyphy/ptII/ptolemy/actor/lib/test/auto/sizedarray1.xml (RunModel)" time="0.01" />
  <testcase classname="ptolemy.util.test.junit.AutoTests" name="[474] /home/travis/build/icyphy/ptII/ptolemy/actor/lib/test/auto/sizedarray2.xml (RunModel)" time="0.01" />
  <testcase classname="ptolemy.util.test.junit.AutoTests" name="[475] /home/travis/build/icyphy/ptII/ptolemy/actor/lib/test/auto/twoPublishers.xml (RunModel)" time="0.028" />
  <system-out><![CDATA[/home/travis/build/icyphy/ptII/ptolemy/actor/lib/test/AbsoluteValue.tcl
testDefs.tcl: setting time out to 9000 seconds at Wed Jul 10 14:20:30 UTC 2019
105 ms. Memory: 120832K Free: 99698K (83%)
5 ms. Memory: 120832K Free: 97959K (81%)
6 ms. Memory: 120832K Free: 97022K (80%)
5 ms. Memory: 120832K Free: 96282K (80%)
/home/travis/build/icyphy/ptII/ptolemy/actor/lib/test/AddSubtract.tcl
9 ms. Memory: 120832K Free: 106856K (88%)
9 ms. Memory: 120832K Free: 106282K (88%)
9 ms. Memory: 120832K Free: 105664K (87%)
10 ms. Memory: 120832K Free: 104854K (87%)
47 ms. Memory: 120832K Free: 101568K (84%)
5 ms. Memory: 120832K Free: 100736K (83%)
/home/travis/build/icyphy/ptII/ptolemy/actor/lib/test/Average.tcl
6 ms. Memory: 120832K Free: 99100K (82%)
6 ms. Memory: 120832K Free: 98076K (81%)
/home/travis/build/icyphy/ptII/ptolemy/actor/lib/test/Bernoulli.tcl
5 ms. Memory: 120832K Free: 96448K (80%)
2 ms. Memory: 120832K Free: 96004K (79%)
/home/travis/build/icyphy/ptII/ptolemy/actor/lib/test/Clock.tcl
preinitializing
resolving types
initializing
executing number 1
wrapping up
idle
33 ms. Memory: 120832K Free: 93376K (77%)
Completed execution with 5 iterations
preinitializing
resolving types
initializing
executing number 1
wrapping up
idle
11 ms. Memory: 120832K Free: 92526K (77%)
Completed execution with 5 iterations
preinitializing
resolving types
initializing
executing number 1
wrapping up
idle
11 ms. Memory: 120832K Free: 91924K (76%)
Completed execution with 5 iterations
/home/travis/build/icyphy/ptII/ptolemy/actor/lib/test/Commutator.tcl
15 ms. Memory: 120832K Free: 89876K (74%)
14 ms. Memory: 120832K Free: 88852K (74%)


==== $PTII/ptolemy/actor/lib/test/Commutator.tcl: Commutator-4.1 run with mutations
==== Contents of test case:

    # Grab stdout and put it into results
    jdkCapture {
	$m addChangeListener  [java::new ptolemy.kernel.util.StreamChangeListener]

	set dir [$e0 getDirector]
	#	$dir addDebugListener  #		[java::new ptolemy.kernel.util.StreamListener]
	$m initialize
	$m iterate
	set c1 [java::new ptolemy.moml.MoMLChangeRequest $e0 $e0  {<deleteEntity name="ramp1"/>}]
	set c2 [java::new ptolemy.moml.MoMLChangeRequest $e0 $e0  {<deleteRelation name="r1"/>}]
	$e0 requestChange $c1
	$e0 requestChange $c2
	$m iterate
	$m wrapup
    } results
    # The MoML within <group> ...</group> comes 
    # from SDFScheduler._setBufferSize
    list $results  [enumToTokenValues [$rec getRecord 0]]

==== Result was:
{} {0 0 1}
---- Result should have been:
{StreamChangeRequest.changeExecuted(): <deleteEntity name="ramp1"/> succeeded
StreamChangeRequest.changeExecuted(): <deleteRelation name="r1"/> succeeded
StreamChangeRequest.changeExecuted(): Record firings per iteration succeeded
} {0 0 1}
---- Commutator-4.1 FAILED
15 ms. Memory: 178176K Free: 159801K (90%)
/home/travis/build/icyphy/ptII/ptolemy/actor/lib/test/Const.tcl
5 ms. Memory: 178176K Free: 157783K (89%)
3 ms. Memory: 178176K Free: 157783K (89%)
7 ms. Memory: 178176K Free: 157273K (88%)
2 ms. Memory: 178176K Free: 156249K (88%)
2 ms. Memory: 178176K Free: 155735K (87%)
16 ms. Memory: 178176K Free: 154201K (87%)
6 ms. Memory: 178176K Free: 153177K (86%)
4 ms. Memory: 178176K Free: 152153K (85%)
/home/travis/build/icyphy/ptII/ptolemy/actor/lib/test/CurrentTime.tcl
preinitializing
resolving types
initializing
executing number 1
wrapping up
idle
13 ms. Memory: 178176K Free: 150615K (85%)
Completed execution with 11 iterations
/home/travis/build/icyphy/ptII/ptolemy/actor/lib/test/DB.tcl
14 ms. Memory: 178176K Free: 148567K (83%)
2 ms. Memory: 178176K Free: 148057K (83%)
1 ms. Memory: 178176K Free: 147543K (83%)
/home/travis/build/icyphy/ptII/ptolemy/actor/lib/test/DiscreteRandomSource.tcl
preinitializing
resolving types
initializing
executing number 1
wrapping up
idle
10 ms. Memory: 178176K Free: 146505K (82%)
Completed execution with 4 iterations
preinitializing
resolving types
initializing
executing number 1
wrapping up
idle
9 ms. Memory: 178176K Free: 146009K (82%)
Completed execution with 4 iterations
preinitializing
resolving types
initializing
executing number 1
wrapping up
idle
7 ms. Memory: 178176K Free: 145481K (82%)
Completed execution with 4 iterations
preinitializing
resolving types
initializing
executing number 1
wrapping up
idle
3 ms. Memory: 178176K Free: 144985K (81%)
Completed execution with 4 iterations
preinitializing
resolving types
initializing
executing number 1
wrapping up
idle
11 ms. Memory: 178176K Free: 144465K (81%)
Completed execution with 4 iterations
/home/travis/build/icyphy/ptII/ptolemy/actor/lib/test/Distributor.tcl
14 ms. Memory: 178176K Free: 142937K (80%)
12 ms. Memory: 178176K Free: 142409K (80%)
StreamChangeRequest.changeExecuted(): <deleteEntity name="rec2"/> succeeded
StreamChangeRequest.changeExecuted(): <deleteRelation name="r2"/> succeeded
StreamChangeRequest.changeExecuted(): Record firings per iteration succeeded
5 ms. Memory: 178176K Free: 139865K (78%)
/home/travis/build/icyphy/ptII/ptolemy/actor/lib/test/Exit.tcl
Exit.tcl: this will print a message about Manager.exitAfterWrapup, which can be ignored.
9 ms. Memory: 178176K Free: 136793K (77%)
/home/travis/build/icyphy/ptII/ptolemy/actor/lib/test/Expression.tcl
29 ms. Memory: 178176K Free: 133207K (75%)
12 ms. Memory: 178176K Free: 132183K (74%)
3 ms. Memory: 178176K Free: 131673K (74%)
preinitializing
resolving types
23 ms. Memory: 178176K Free: 163472K (92%)
4 ms. Memory: 178176K Free: 162462K (91%)
3 ms. Memory: 178176K Free: 161952K (91%)
4 ms. Memory: 178176K Free: 160414K (90%)
4 ms. Memory: 178176K Free: 159360K (89%)
4 ms. Memory: 178176K Free: 157856K (89%)
/home/travis/build/icyphy/ptII/ptolemy/actor/lib/test/Gaussian.tcl
3 ms. Memory: 178176K Free: 155808K (87%)
sleeping 1 seconds: ............................................................................................................................................................................................................................................................................................................................................................................................................................................................................................................................................................................................................................................................................................................................................................................................................................................................................................................................................................................................................................................................................................................................................................................................................................................................................................................................................................................................................................................................................................................................................................................2 ms. Memory: 178176K Free: 149150K (84%)
2 ms. Memory: 178176K Free: 148126K (83%)
1 ms. Memory: 178176K Free: 147616K (83%)
2 ms. Memory: 178176K Free: 147096K (83%)
2 ms. Memory: 178176K Free: 146064K (82%)
/home/travis/build/icyphy/ptII/ptolemy/actor/lib/test/IIR.tcl
/home/travis/build/icyphy/ptII/ptolemy/actor/lib/test/Interpolator.tcl
4 ms. Memory: 178176K Free: 142496K (80%)
2 ms. Memory: 178176K Free: 141982K (80%)
3 ms. Memory: 178176K Free: 141472K (79%)
5 ms. Memory: 178176K Free: 140944K (79%)
2 ms. Memory: 178176K Free: 139928K (79%)
2 ms. Memory: 178176K Free: 139424K (78%)
2 ms. Memory: 178176K Free: 138400K (78%)
2 ms. Memory: 178176K Free: 137376K (77%)
2 ms. Memory: 178176K Free: 136862K (77%)
2 ms. Memory: 178176K Free: 135832K (76%)
/home/travis/build/icyphy/ptII/ptolemy/actor/lib/test/MathFunction.tcl
5 ms. Memory: 178176K Free: 133776K (75%)
2 ms. Memory: 178176K Free: 132736K (74%)
2 ms. Memory: 178176K Free: 131736K (74%)
2 ms. Memory: 178176K Free: 130704K (73%)
4 ms. Memory: 178176K Free: 129184K (73%)
6 ms. Memory: 178176K Free: 127640K (72%)
/home/travis/build/icyphy/ptII/ptolemy/actor/lib/test/Maximum.tcl
5 ms. Memory: 178176K Free: 125584K (70%)
3 ms. Memory: 178176K Free: 125088K (70%)
2 ms. Memory: 178176K Free: 124064K (70%)
3 ms. Memory: 178176K Free: 123520K (69%)
/home/travis/build/icyphy/ptII/ptolemy/actor/lib/test/Minimum.tcl
7 ms. Memory: 178176K Free: 122016K (68%)
6 ms. Memory: 178176K Free: 120992K (68%)
4 ms. Memory: 178176K Free: 120464K (68%)
3 ms. Memory: 178176K Free: 119968K (67%)
/home/travis/build/icyphy/ptII/ptolemy/actor/lib/test/MultiplyDivide.tcl
13 ms. Memory: 178176K Free: 117920K (66%)
4 ms. Memory: 178176K Free: 117392K (66%)
4 ms. Memory: 178176K Free: 116382K (65%)
3 ms. Memory: 178176K Free: 115872K (65%)
2 ms. Memory: 178176K Free: 115328K (65%)
/home/travis/build/icyphy/ptII/ptolemy/actor/lib/test/OrderedMerge.tcl
Connections changed on port: inputA
Connections changed on port: inputB
Connections changed on port: output
Connections changed on port: output
Connections changed on port: output
Connections changed on port: input
.top. Preinitializing ...
Invoking preinitialize():  .top.OrderedMerge
Called preinitialize()
Invoking preinitialize():  .top.Ramp
Called preinitialize()
Invoking preinitialize():  .top.Ramp2
Called preinitialize()
Invoking preinitialize():  .top.Test
Called preinitialize()
Connections changed on port: inputA
Connections changed on port: output
Connections changed on port: output
Connections changed on port: input
Connections changed on port: inputB
Connections changed on port: output
.top. Finished preinitialize().
Called initialize().
Invoking initialize():  .top.OrderedMerge
Initializing actor: .top.OrderedMerge
Adding a thread: .top.OrderedMerge
Invoking initialize():  .top.Ramp
Initializing actor: .top.Ramp
Adding a thread: .top.Ramp
Invoking initialize():  .top.Ramp2
Initializing actor: .top.Ramp2
Adding a thread: .top.Ramp2
Invoking initialize():  .top.Test
Initializing actor: .top.Test
Adding a thread: .top.Test
-- Starting thread.
Called initialize()
Called prefire()
Called fire()
Called fire().
Checking for deadlock:
-- Starting thread.
Called initialize()
-- Starting thread.
Called initialize()
-- Starting thread.
Called initialize()
Called prefire()
Called fire()
Called prefire()
Called prefire()
Called fire()
Called fire()
There are 1 Blocked actors, 0 Stopped actors, and 4 active threads.
Waiting for actors to stop.
Called postfire()
Called prefire()
Called fire()
Called postfire()
Called prefire()
Called fire()
Called postfire()
Called prefire()
Called fire()
Read input token from inputA with value 0.0
Next port to read input from is inputB
Called postfire()
Called prefire()
Called fire()
Checking for deadlock:
There are 2 Blocked actors, 0 Stopped actors, and 4 active threads.
Waiting for actors to stop.
Read input token from inputB with value 0.0
Sent output token with value 0.0
Next port to read input from is inputA
Called postfire()
Called prefire()
Called fire()
Read input token from inputA with value 1.0
Checking for deadlock:
Called postfire()
There are 1 Blocked actors, 0 Stopped actors, and 4 active threads.
Called prefire()
Called fire()
Waiting for actors to stop.
Called postfire()
Called prefire()
Called fire()
-- Read input: 0.0, which is expected to match: 0.0
Called prefire()
Called fire()
Checking for deadlock:
There are 3 Blocked actors, 0 Stopped actors, and 4 active threads.
Waiting for actors to stop.
Sent output token with value 0.0
Next port to read input from is inputB
Called postfire()
Called prefire()
Called fire()
Read input token from inputB with value 1.5
Called postfire()
Called prefire()
Called fire()
Checking for deadlock:
There are 3 Blocked actors, 0 Stopped actors, and 4 active threads.
Waiting for actors to stop.
Sent output token with value 1.0
-- Read input: 0.0, which is expected to match: 0.0
Next port to read input from is inputA
Checking for deadlock:
Called prefire()
Called postfire()
Called fire()
Called prefire()
Called fire()
There are 2 Blocked actors, 0 Stopped actors, and 4 active threads.
Waiting for actors to stop.
Read input token from inputA with value 2.0
-- Read input: 1.0, which is expected to match: 1.0
Called prefire()
Called fire()
Sent output token with value 1.5
-- Read input: 1.5, which is expected to match: 1.5
Next port to read input from is inputB
Called prefire()
Called fire()
Called postfire()
Called prefire()
Checking for deadlock:
Called fire()
There are 2 Blocked actors, 0 Stopped actors, and 4 active threads.
Waiting for actors to stop.
Read input token from inputB with value 3.0
Sent output token with value 2.0
Next port to read input from is inputA
Called postfire()
Called prefire()
Called fire()
Called postfire()
Called prefire()
Called fire()
Called postfire()
Called prefire()
Called fire()
Checking for deadlock:
Read input token from inputA with value 3.0
There are 1 Blocked actors, 0 Stopped actors, and 4 active threads.
Waiting for actors to stop.
Checking for deadlock:
There are 2 Blocked actors, 0 Stopped actors, and 4 active threads.
Waiting for actors to stop.
Called postfire()
Called prefire()
Called fire()
-- Read input: 2.0, which is expected to match: 2.0
Called prefire()
Called fire()
Checking for deadlock:
There are 3 Blocked actors, 0 Stopped actors, and 4 active threads.
Waiting for actors to stop.
Sent output token with value 3.0
Next port to read input from is inputB
Called postfire()
Called prefire()
Called fire()
Read input token from inputB with value 4.5
Called postfire()
Called prefire()
Called fire()
Checking for deadlock:
There are 3 Blocked actors, 0 Stopped actors, and 4 active threads.
Waiting for actors to stop.
Sent output token with value 3.0
-- Read input: 3.0, which is expected to match: 3.0
Called prefire()
Next port to read input from is inputA
Checking for deadlock:
There are 2 Blocked actors, 0 Stopped actors, and 4 active threads.
Waiting for actors to stop.
Called fire()
Called postfire()
Called prefire()
Called fire()
-- Read input: 3.0, which is expected to match: 3.0
Called prefire()
Called fire()
Read input token from inputA with value 4.0
Checking for deadlock:
There are 2 Blocked actors, 0 Stopped actors, and 4 active threads.
Waiting for actors to stop.
Sent output token with value 4.0
Next port to read input from is inputA
Called postfire()
Called prefire()
Called fire()
Checking for deadlock:
There are 2 Blocked actors, 0 Stopped actors, and 4 active threads.
Waiting for actors to stop.
Called postfire()
Called prefire()
-- Read input: 4.0, which is expected to match: 4.0
Called fire()
Called prefire()
Called fire()
Past the end of training data. Read and discard all inputs.
Checking for deadlock:
Read input token from inputA with value 5.0
There are 2 Blocked actors, 0 Stopped actors, and 4 active threads.
Waiting for actors to stop.
Called postfire()
Called prefire()
Called fire()
Called prefire()
Called fire()
Sent output token with value 4.5
Past the end of training data. Read and discard all inputs.
Checking for deadlock:
Next port to read input from is inputB
There are 3 Blocked actors, 0 Stopped actors, and 4 active threads.
Called postfire()
Waiting for actors to stop.
Called prefire()
Called fire()
Checking for deadlock:
There are 2 Blocked actors, 0 Stopped actors, and 4 active threads.
Waiting for actors to stop.
Read input token from inputB with value 6.0
Called postfire()
Called prefire()
Called fire()
Sent output token with value 5.0
Called prefire()
Called fire()
Next port to read input from is inputA
Called postfire()
Called prefire()
Checking for deadlock:
There are 2 Blocked actors, 0 Stopped actors, and 4 active threads.
Waiting for actors to stop.
Past the end of training data. Read and discard all inputs.
Checking for deadlock:
Called fire()
There are 3 Blocked actors, 0 Stopped actors, and 4 active threads.
Waiting for actors to stop.
Checking for deadlock:
There are 2 Blocked actors, 0 Stopped actors, and 4 active threads.
Waiting for actors to stop.
Called postfire()
Called prefire()
Called fire()
Checking for deadlock:
There are 3 Blocked actors, 0 Stopped actors, and 4 active threads.
Read input token from inputA with value 6.0
Waiting for actors to stop.
Called prefire()
Called fire()
Sent output token with value 6.0
Checking for deadlock:
There are 2 Blocked actors, 0 Stopped actors, and 4 active threads.
Waiting for actors to stop.
Next port to read input from is inputB
Past the end of training data. Read and discard all inputs.
Called postfire()
Called prefire()
Checking for deadlock:
Called fire()
There are 3 Blocked actors, 0 Stopped actors, and 4 active threads.
Waiting for actors to stop.
Checking for deadlock:
There are 2 Blocked actors, 0 Stopped actors, and 4 active threads.
Waiting for actors to stop.
Called postfire()
Called prefire()
Called fire()
Read input token from inputB with value 7.5
Checking for deadlock:
There are 3 Blocked actors, 0 Stopped actors, and 4 active threads.
Waiting for actors to stop.
Checking for deadlock:
There are 2 Blocked actors, 0 Stopped actors, and 4 active threads.
Waiting for actors to stop.
Called prefire()
Called fire()
Sent output token with value 6.0
Past the end of training data. Read and discard all inputs.
Checking for deadlock:
Next port to read input from is inputA
Called postfire()
There are 3 Blocked actors, 0 Stopped actors, and 4 active threads.
Waiting for actors to stop.
Called prefire()
Called fire()
Called postfire()
Called prefire()
Called fire()
Checking for deadlock:
There are 3 Blocked actors, 0 Stopped actors, and 4 active threads.
Read input token from inputA with value 7.0
Waiting for actors to stop.
Called prefire()
Called fire()
Sent output token with value 7.0
Past the end of training data. Read and discard all inputs.
Next port to read input from is inputA
Called postfire()
Called prefire()
Checking for deadlock:
Called fire()
There are 3 Blocked actors, 0 Stopped actors, and 4 active threads.
Waiting for actors to stop.
Checking for deadlock:
There are 2 Blocked actors, 0 Stopped actors, and 4 active threads.
Waiting for actors to stop.
-- Thread wrapup() called.
Called wrapup()
Thread .top.Ramp is exiting.
-- Thread stopped.
Read input token from inputA with value 8.0
Sent output token with value 7.5
Next port to read input from is inputB
Called postfire()
Called prefire()
Called fire()
Called prefire()
Called fire()
Past the end of training data. Read and discard all inputs.
Checking for deadlock:
There are 1 Blocked actors, 0 Stopped actors, and 3 active threads.
Waiting for actors to stop.
Called postfire()
Called prefire()
Called fire()
Checking for deadlock:
There are 2 Blocked actors, 0 Stopped actors, and 3 active threads.
Waiting for actors to stop.
Read input token from inputB with value 9.0
Sent output token with value 8.0
Checking for deadlock:
Next port to read input from is inputA
Called postfire()
Called prefire()
There are 1 Blocked actors, 0 Stopped actors, and 3 active threads.
Waiting for actors to stop.
Called fire()
Called prefire()
Called fire()
Read input token from inputA with value 9.0
Past the end of training data. Read and discard all inputs.
Sent output token with value 9.0
Called prefire()
Called fire()
Next port to read input from is inputB
Called postfire()
Checking for deadlock:
There are 1 Blocked actors, 0 Stopped actors, and 3 active threads.
Waiting for actors to stop.
Past the end of training data. Read and discard all inputs.
Called prefire()
Called fire()
Called postfire()
Called prefire()
Read input token from inputB with value 10.5
Checking for deadlock:
There are 1 Blocked actors, 0 Stopped actors, and 3 active threads.
Waiting for actors to stop.
Called fire()
Sent output token with value 9.0
Called prefire()
Called fire()
Next port to read input from is inputA
Past the end of training data. Read and discard all inputs.
Called postfire()
Called prefire()
Checking for deadlock:
Called fire()
There are 2 Blocked actors, 0 Stopped actors, and 3 active threads.
Waiting for actors to stop.
Checking for deadlock:
There are 3 Blocked actors, 0 Stopped actors, and 3 active threads.
Actors have stopped.
Checking for deadlock:
There are 3 Blocked actors, 0 Stopped actors, and 3 active threads.
Deadlock detected.
Resolving Deadlock
Checking for deadlock:
There are 3 Blocked actors, 0 Stopped actors, and 3 active threads.
Artificial Deadlock - increasing queue capacity.
increasing the capacity of receiver ptolemy.actor.TypedIOPort {.top.OrderedMerge.inputB} to 2
-- Thread wrapup() called.
Called wrapup()
Thread .top.Ramp2 is exiting.
-- Thread stopped.
Director: Called postfire().
Called postfire().
_stopRequested = false
_stopFireRequested = false
Returning from postfire(): true
Called fire().
Checking for deadlock:
There are 2 Blocked actors, 0 Stopped actors, and 2 active threads.
Actors have stopped.
Checking for deadlock:
There are 2 Blocked actors, 0 Stopped actors, and 2 active threads.
Deadlock detected.
Resolving Deadlock
Checking for deadlock:
There are 2 Blocked actors, 0 Stopped actors, and 2 active threads.
Deadlock detected: no processes blocked on write, but some are blocked on read.
Called postfire().
_stopRequested = false
_stopFireRequested = false
Returning from postfire(): false
Finished deactivating branches.
Called wrapup().
-- Thread wrapup() called.
Called wrapup()
-- Thread wrapup() called.
Called wrapup()
Thread .top.OrderedMerge is exiting.
-- Thread stopped.
Thread .top.Test is exiting.
-- Blocked Receiver call threw TerminateProcessException.
-- Thread stopped.
-- Blocked Receiver call threw TerminateProcessException.
74 ms. Memory: 178176K Free: 109728K (62%)
.top. Preinitializing ...
Invoking preinitialize():  .top.OrderedMerge
Called preinitialize()
Invoking preinitialize():  .top.Ramp
Called preinitialize()
Invoking preinitialize():  .top.Ramp2
Called preinitialize()
Invoking preinitialize():  .top.Test
Called preinitialize()
.top. Finished preinitialize().
Called initialize().
Invoking initialize():  .top.OrderedMerge
Initializing actor: .top.OrderedMerge
Adding a thread: .top.OrderedMerge
Invoking initialize():  .top.Ramp
Initializing actor: .top.Ramp
Adding a thread: .top.Ramp
Invoking initialize():  .top.Ramp2
Initializing actor: .top.Ramp2
Adding a thread: .top.Ramp2
Invoking initialize():  .top.Test
Initializing actor: .top.Test
Adding a thread: .top.Test
-- Starting thread.
Called initialize()
Called prefire()
Called fire()
-- Starting thread.
Called initialize()
Called prefire()
Called fire()
Called postfire()
Called prefire()
Called fire()
-- Starting thread.
Called initialize()
Called prefire()
Called fire()
Called postfire()
Called prefire()
Called fire()
Called fire().
Checking for deadlock:
There are 3 Blocked actors, 0 Stopped actors, and 4 active threads.
Waiting for actors to stop.
-- Starting thread.
Called initialize()
Called prefire()
Called fire()
Checking for deadlock:
There are 2 Blocked actors, 0 Stopped actors, and 4 active threads.
Waiting for actors to stop.
Read input token from inputA with value 0.0
Called postfire()
Called prefire()
Called fire()
Next port to read input from is inputB
Called postfire()
Called prefire()
Called fire()
Checking for deadlock:
Read input token from inputB with value 0.0
There are 2 Blocked actors, 0 Stopped actors, and 4 active threads.
Waiting for actors to stop.
Called postfire()
Called prefire()
Sent output token with value 0.0
Called fire()
Next port to read input from is inputA
Checking for deadlock:
Called postfire()
There are 2 Blocked actors, 0 Stopped actors, and 4 active threads.
Called prefire()
Waiting for actors to stop.
Called fire()
Read input token from inputA with value 1.0
-- Read input: 0.0, which is expected to match: 0.0
Called prefire()
Called fire()
Checking for deadlock:
There are 2 Blocked actors, 0 Stopped actors, and 4 active threads.
Waiting for actors to stop.
Called postfire()
Called prefire()
Called fire()
Checking for deadlock:
There are 3 Blocked actors, 0 Stopped actors, and 4 active threads.
Waiting for actors to stop.
-- Read input: 0.0, which is expected to match: 0.0
Called prefire()
Called fire()
Checking for deadlock:
There are 3 Blocked actors, 0 Stopped actors, and 4 active threads.
Waiting for actors to stop.
Sent output token with value 0.0
Next port to read input from is inputB
Called postfire()
Called prefire()
Called fire()
Called postfire()
Called prefire()
Called fire()
Checking for deadlock:
There are 3 Blocked actors, 0 Stopped actors, and 4 active threads.
Waiting for actors to stop.
Read input token from inputB with value 1.5
-- Read input: 1.0, which is expected to match: 1.0
Called prefire()
Called fire()
Checking for deadlock:
There are 3 Blocked actors, 0 Stopped actors, and 4 active threads.
Waiting for actors to stop.
Sent output token with value 1.0
Next port to read input from is inputA
Called postfire()
Called prefire()
Called fire()
Checking for deadlock:
There are 2 Blocked actors, 0 Stopped actors, and 4 active threads.
Waiting for actors to stop.
Called postfire()
Called prefire()
Called fire()
Checking for deadlock:
There are 3 Blocked actors, 0 Stopped actors, and 4 active threads.
Waiting for actors to stop.
Read input token from inputA with value 2.0
Sent output token with value 1.5
Checking for deadlock:
There are 2 Blocked actors, 0 Stopped actors, and 4 active threads.
Waiting for actors to stop.
-- Read input: 1.5, which is expected to match: 1.5
Called prefire()
Called fire()
Checking for deadlock:
There are 3 Blocked actors, 0 Stopped actors, and 4 active threads.
Waiting for actors to stop.
Next port to read input from is inputB
Called postfire()
Called prefire()
Called fire()
Checking for deadlock:
There are 2 Blocked actors, 0 Stopped actors, and 4 active threads.
Waiting for actors to stop.
Called postfire()
Called prefire()
Called fire()
Checking for deadlock:
There are 3 Blocked actors, 0 Stopped actors, and 4 active threads.
Waiting for actors to stop.
Read input token from inputB with value 3.0
Checking for deadlock:
There are 2 Blocked actors, 0 Stopped actors, and 4 active threads.
Waiting for actors to stop.
-- Read input: 2.0, which is expected to match: 2.0
Called prefire()
Called fire()
Checking for deadlock:
There are 3 Blocked actors, 0 Stopped actors, and 4 active threads.
Waiting for actors to stop.
Sent output token with value 2.0
Next port to read input from is inputA
Called postfire()
Called prefire()
Called fire()
Checking for deadlock:
There are 2 Blocked actors, 0 Stopped actors, and 4 active threads.
Waiting for actors to stop.
Called postfire()
Called prefire()
Called fire()
Checking for deadlock:
There are 3 Blocked actors, 0 Stopped actors, and 4 active threads.
Waiting for actors to stop.
Read input token from inputA with value 3.0
Sent output token with value 3.0
Next port to read input from is inputB
Called postfire()
Called prefire()
Called fire()
Read input token from inputB with value 4.5
Checking for deadlock:
There are 2 Blocked actors, 0 Stopped actors, and 4 active threads.
Waiting for actors to stop.
Called postfire()
Called prefire()
Called fire()
-- Read input: 3.0, which is expected to match: 3.0
Called prefire()
Called fire()
Checking for deadlock:
There are 3 Blocked actors, 0 Stopped actors, and 4 active threads.
Waiting for actors to stop.
-- Read input: 3.0, which is expected to match: 3.0
Called prefire()
Called fire()
Checking for deadlock:
There are 3 Blocked actors, 0 Stopped actors, and 4 active threads.
Waiting for actors to stop.
Sent output token with value 3.0
Next port to read input from is inputA
Called postfire()
Called prefire()
Called fire()
Checking for deadlock:
There are 2 Blocked actors, 0 Stopped actors, and 4 active threads.
Waiting for actors to stop.
Called postfire()
Called prefire()
Called fire()
Checking for deadlock:
There are 3 Blocked actors, 0 Stopped actors, and 4 active threads.
Waiting for actors to stop.
Read input token from inputA with value 4.0
Sent output token with value 4.0
Next port to read input from is inputA
Called postfire()
Called prefire()
Called fire()
Read input token from inputA with value 5.0
Checking for deadlock:
There are 2 Blocked actors, 0 Stopped actors, and 4 active threads.
Waiting for actors to stop.
-- Read input: 4.0, which is expected to match: 4.0
Called prefire()
Called fire()
Past the end of training data. Read and discard all inputs.
Called postfire()
Called prefire()
Called fire()
Checking for deadlock:
There are 3 Blocked actors, 0 Stopped actors, and 4 active threads.
Waiting for actors to stop.
Sent output token with value 4.5
Next port to read input from is inputB
Called postfire()
Called prefire()
Called fire()
Read input token from inputB with value 6.0
Checking for deadlock:
There are 2 Blocked actors, 0 Stopped actors, and 4 active threads.
Waiting for actors to stop.
Called postfire()
Called prefire()
Called fire()
Called prefire()
Called fire()
Past the end of training data. Read and discard all inputs.
Checking for deadlock:
There are 3 Blocked actors, 0 Stopped actors, and 4 active threads.
Waiting for actors to stop.
Called prefire()
Called fire()
Past the end of training data. Read and discard all inputs.
Checking for deadlock:
There are 3 Blocked actors, 0 Stopped actors, and 4 active threads.
Waiting for actors to stop.
Sent output token with value 5.0
Next port to read input from is inputA
Called postfire()
Called prefire()
Called fire()
Checking for deadlock:
There are 2 Blocked actors, 0 Stopped actors, and 4 active threads.
Waiting for actors to stop.
Called postfire()
Called prefire()
Called fire()
Checking for deadlock:
There are 3 Blocked actors, 0 Stopped actors, and 4 active threads.
Waiting for actors to stop.
Read input token from inputA with value 6.0
Sent output token with value 6.0
Next port to read input from is inputB
Called postfire()
Called prefire()
Called fire()
Read input token from inputB with value 7.5
Checking for deadlock:
There are 2 Blocked actors, 0 Stopped actors, and 4 active threads.
Waiting for actors to stop.
Called postfire()
Called prefire()
Called fire()
Called prefire()
Called fire()
Past the end of training data. Read and discard all inputs.
Checking for deadlock:
There are 3 Blocked actors, 0 Stopped actors, and 4 active threads.
Waiting for actors to stop.
Called prefire()
Called fire()
Past the end of training data. Read and discard all inputs.
Checking for deadlock:
There are 3 Blocked actors, 0 Stopped actors, and 4 active threads.
Waiting for actors to stop.
Sent output token with value 6.0
Next port to read input from is inputA
Called postfire()
Called prefire()
Called fire()
Checking for deadlock:
There are 2 Blocked actors, 0 Stopped actors, and 4 active threads.
Waiting for actors to stop.
Called postfire()
Called prefire()
Called fire()
Checking for deadlock:
There are 3 Blocked actors, 0 Stopped actors, and 4 active threads.
Waiting for actors to stop.
Read input token from inputA with value 7.0
Sent output token with value 7.0
Next port to read input from is inputA
Called postfire()
Called prefire()
Called fire()
Read input token from inputA with value 8.0
Checking for deadlock:
There are 2 Blocked actors, 0 Stopped actors, and 4 active threads.
Waiting for actors to stop.
Called prefire()
Called fire()
Past the end of training data. Read and discard all inputs.
-- Thread wrapup() called.
Called wrapup()
Thread .top.Ramp is exiting.
-- Thread stopped.
Checking for deadlock:
There are 2 Blocked actors, 0 Stopped actors, and 3 active threads.
Waiting for actors to stop.
Called prefire()
Called fire()
Past the end of training data. Read and discard all inputs.
Checking for deadlock:
There are 2 Blocked actors, 0 Stopped actors, and 3 active threads.
Waiting for actors to stop.
Sent output token with value 7.5
Next port to read input from is inputB
Called postfire()
Called prefire()
Called fire()
Called postfire()
Called prefire()
Called fire()
Checking for deadlock:
There are 2 Blocked actors, 0 Stopped actors, and 3 active threads.
Waiting for actors to stop.
Read input token from inputB with value 9.0
Called prefire()
Called fire()
Past the end of training data. Read and discard all inputs.
Checking for deadlock:
There are 2 Blocked actors, 0 Stopped actors, and 3 active threads.
Waiting for actors to stop.
Sent output token with value 8.0
Next port to read input from is inputA
Called postfire()
Called prefire()
Called fire()
Read input token from inputA with value 9.0
Called prefire()
Called fire()
Past the end of training data. Read and discard all inputs.
Checking for deadlock:
There are 2 Blocked actors, 0 Stopped actors, and 3 active threads.
Waiting for actors to stop.
Sent output token with value 9.0
Next port to read input from is inputB
Called postfire()
Called prefire()
Called fire()
Checking for deadlock:
There are 1 Blocked actors, 0 Stopped actors, and 3 active threads.
Waiting for actors to stop.
Called postfire()
Called prefire()
Called fire()
Checking for deadlock:
There are 2 Blocked actors, 0 Stopped actors, and 3 active threads.
Waiting for actors to stop.
Read input token from inputB with value 10.5
Checking for deadlock:
There are 1 Blocked actors, 0 Stopped actors, and 3 active threads.
Waiting for actors to stop.
Called prefire()
Called fire()
Past the end of training data. Read and discard all inputs.
Checking for deadlock:
There are 2 Blocked actors, 0 Stopped actors, and 3 active threads.
Waiting for actors to stop.
Sent output token with value 9.0
Next port to read input from is inputA
Called postfire()
Called prefire()
Called fire()
Checking for deadlock:
There are 3 Blocked actors, 0 Stopped actors, and 3 active threads.
Actors have stopped.
Checking for deadlock:
There are 3 Blocked actors, 0 Stopped actors, and 3 active threads.
Deadlock detected.
Resolving Deadlock
Checking for deadlock:
There are 3 Blocked actors, 0 Stopped actors, and 3 active threads.
Artificial Deadlock - increasing queue capacity.
increasing the capacity of receiver ptolemy.actor.TypedIOPort {.top.OrderedMerge.inputB} to 2
Director: Called postfire().
Called postfire().
_stopRequested = false
_stopFireRequested = false
Returning from postfire(): true
Called fire().
Checking for deadlock:
There are 2 Blocked actors, 0 Stopped actors, and 3 active threads.
Waiting for actors to stop.
-- Thread wrapup() called.
Called wrapup()
Thread .top.Ramp2 is exiting.
-- Thread stopped.
Checking for deadlock:
There are 2 Blocked actors, 0 Stopped actors, and 2 active threads.
Actors have stopped.
Checking for deadlock:
There are 2 Blocked actors, 0 Stopped actors, and 2 active threads.
Deadlock detected.
Resolving Deadlock
Checking for deadlock:
There are 2 Blocked actors, 0 Stopped actors, and 2 active threads.
Deadlock detected: no processes blocked on write, but some are blocked on read.
Called postfire().
_stopRequested = false
_stopFireRequested = false
Returning from postfire(): false
Finished deactivating branches.
Called wrapup().
-- Thread wrapup() called.
Called wrapup()
-- Thread wrapup() called.
Called wrapup()
Thread .top.Test is exiting.
-- Thread stopped.
-- Blocked Receiver call threw TerminateProcessException.
Thread .top.OrderedMerge is exiting.
-- Thread stopped.
-- Blocked Receiver call threw TerminateProcessException.
33 ms. Memory: 178176K Free: 107680K (60%)
/home/travis/build/icyphy/ptII/ptolemy/actor/lib/test/Publisher.tcl
6 ms. Memory: 178176K Free: 101536K (57%)
7 ms. Memory: 178176K Free: 95896K (54%)
3 ms. Memory: 178176K Free: 92320K (52%)
4 ms. Memory: 178176K Free: 91296K (51%)
3 ms. Memory: 178176K Free: 90776K (51%)
4 ms. Memory: 178176K Free: 89758K (50%)
3 ms. Memory: 178176K Free: 89248K (50%)
5 ms. Memory: 178176K Free: 88224K (50%)
30 ms. Memory: 178176K Free: 77984K (44%)
8 ms. Memory: 178176K Free: 74398K (42%)
3 ms. Memory: 178176K Free: 73374K (41%)
5 ms. Memory: 178176K Free: 71320K (40%)
13 ms. Memory: 178176K Free: 64158K (36%)
9 ms. Memory: 178176K Free: 154757K (87%)
6 ms. Memory: 178176K Free: 143997K (81%)
/home/travis/build/icyphy/ptII/ptolemy/actor/lib/test/Pulse.tcl
2 ms. Memory: 178176K Free: 152856K (86%)
2 ms. Memory: 178176K Free: 152352K (86%)
1 ms. Memory: 178176K Free: 151824K (85%)
1 ms. Memory: 178176K Free: 151328K (85%)
1 ms. Memory: 178176K Free: 150800K (85%)
7 ms. Memory: 178176K Free: 149790K (84%)
3 ms. Memory: 178176K Free: 148766K (83%)
1 ms. Memory: 178176K Free: 147742K (83%)
1 ms. Memory: 178176K Free: 147232K (83%)
/home/travis/build/icyphy/ptII/ptolemy/actor/lib/test/Ramp.tcl
5 ms. Memory: 178176K Free: 145184K (81%)
2 ms. Memory: 178176K Free: 144656K (81%)
1 ms. Memory: 178176K Free: 143646K (81%)
1 ms. Memory: 178176K Free: 143136K (80%)
3 ms. Memory: 178176K Free: 142112K (80%)
4 ms. Memory: 178176K Free: 141568K (79%)
4 ms. Memory: 178176K Free: 140560K (79%)
5 actors
5000 microseconds per iteration to create
5 ms. Memory: 178176K Free: 138016K (77%)
2 ms. Memory: 178176K Free: 136992K (77%)
1 ms. Memory: 178176K Free: 136478K (77%)
1 ms. Memory: 178176K Free: 135968K (76%)
50 actors
33000 microseconds per iteration to create
24 ms. Memory: 178176K Free: 120608K (68%)
4 ms. Memory: 178176K Free: 119584K (67%)
4 ms. Memory: 178176K Free: 118046K (66%)
4 ms. Memory: 178176K Free: 117022K (66%)
500 actors
1700000 microseconds per iteration to create
310 ms. Memory: 248832K Free: 124132K (50%)
49 ms. Memory: 248832K Free: 118498K (48%)
63 ms. Memory: 248832K Free: 113378K (46%)
73 ms. Memory: 248832K Free: 224678K (90%)
/home/travis/build/icyphy/ptII/ptolemy/actor/lib/test/RampContinuous.tcl
8 ms. Memory: 248832K Free: 223125K (90%)
/home/travis/build/icyphy/ptII/ptolemy/actor/lib/test/RecordAssembler.tcl
5 ms. Memory: 248832K Free: 221606K (89%)
3 ms. Memory: 248832K Free: 220582K (89%)
/home/travis/build/icyphy/ptII/ptolemy/actor/lib/test/RecordDisassembler.tcl
7 ms. Memory: 248832K Free: 218534K (88%)
2 ms. Memory: 248832K Free: 218020K (88%)
8 ms. Memory: 248832K Free: 216981K (87%)
/home/travis/build/icyphy/ptII/ptolemy/actor/lib/test/Scale.tcl
3 ms. Memory: 248832K Free: 214948K (86%)
3 ms. Memory: 248832K Free: 214438K (86%)
1 ms. Memory: 248832K Free: 213414K (86%)
3 ms. Memory: 248832K Free: 212885K (86%)
3 ms. Memory: 248832K Free: 211861K (85%)
/home/travis/build/icyphy/ptII/ptolemy/actor/lib/test/SequentialClock.tcl
preinitializing
resolving types
initializing
executing number 1
wrapping up
idle
3 ms. Memory: 248832K Free: 210837K (85%)
Completed execution with 5 iterations
preinitializing
resolving types
initializing
executing number 1
wrapping up
idle
1 ms. Memory: 248832K Free: 209797K (84%)
Completed execution with 5 iterations
preinitializing
resolving types
initializing
executing number 1
wrapping up
idle
1 ms. Memory: 248832K Free: 209797K (84%)
Completed execution with 5 iterations
/home/travis/build/icyphy/ptII/ptolemy/actor/lib/test/SetVariable.tcl
3 ms. Memory: 248832K Free: 207780K (84%)


==== $PTII/ptolemy/actor/lib/test/SetVariable.tcl: SetVariable-3.1 changeFailed
==== Contents of test case:

    #Uses 2.1 above
    jdkCaptureErr {
        # This test was failing if we ran Exit.tcl and then this test.
        # MessageHandler.error() now actually throws the Exception.
	catch {$setVariable changeFailed [java::null]  [java::new Exception {Test exception for SetVariable.changeFailed()}]} errMsg
    } results
    list [string range $results 0 89] "\n" $errMsg

==== Result was:
{java.lang.Exception: Test exception for SetVariable.changeFailed()
	at java.base/jdk.inter} {
} {java.lang.RuntimeException: java.lang.Exception: Test exception for SetVariable.changeFailed()}
---- Result should have been:
{java.lang.Exception: Test exception for SetVariable.changeFailed()
	at sun.reflect.NativeC} {
} {java.lang.RuntimeException: java.lang.Exception: Test exception for SetVariable.changeFailed()}
---- SetVariable-3.1 FAILED
/home/travis/build/icyphy/ptII/ptolemy/actor/lib/test/Sinewave.tcl
/home/travis/build/icyphy/ptII/ptolemy/actor/lib/test/SubscriptionAggregator.tcl
4 ms. Memory: 248832K Free: 196006K (79%)
3 ms. Memory: 248832K Free: 195485K (79%)
1 ms. Memory: 248832K Free: 194982K (78%)
1 ms. Memory: 248832K Free: 194468K (78%)
2 ms. Memory: 248832K Free: 190886K (77%)
26 ms. Memory: 248832K Free: 188838K (76%)
...............................................................1122 ms. Memory: 359424K Free: 183358K (51%)
/home/travis/build/icyphy/ptII/ptolemy/actor/lib/test/Test.tcl
 The next command will produce a warning about training mode,
   which may be ignored.
5 ms. Memory: 359424K Free: 181310K (50%)
2 ms. Memory: 359424K Free: 180765K (50%)
2 ms. Memory: 359424K Free: 179772K (50%)
6 ms. Memory: 359424K Free: 179262K (50%)
3 ms. Memory: 359424K Free: 178733K (50%)
3 ms. Memory: 359424K Free: 177724K (49%)
5 ms. Memory: 359424K Free: 176190K (49%)
 The next command will produce a warning about training mode,
   which may be ignored.
3 ms. Memory: 359424K Free: 173613K (48%)
 The next command will produce a warning about training mode,
   which may be ignored.
7 ms. Memory: 359424K Free: 172573K (48%)
2 ms. Memory: 359424K Free: 172094K (48%)
1 ms. Memory: 359424K Free: 171580K (48%)
3 ms. Memory: 359424K Free: 171070K (48%)
13 ms. Memory: 359424K Free: 170046K (47%)
6 ms. Memory: 359424K Free: 166445K (46%)
/home/travis/build/icyphy/ptII/ptolemy/actor/lib/test/TestExceptionHandler.tcl
 The next command will produce a warning about training mode,
   which may be ignored.
3 ms. Memory: 359424K Free: 164926K (46%)
0 ms. Memory: 359424K Free: 164412K (46%)
1 ms. Memory: 359424K Free: 163902K (46%)
/home/travis/build/icyphy/ptII/ptolemy/actor/lib/test/UnionDisassembler.tcl
37 ms. Memory: 359424K Free: 156734K (44%)
/home/travis/build/icyphy/ptII/ptolemy/actor/lib/test/VariableClock.tcl
preinitializing
resolving types
initializing
executing number 1
wrapping up
idle
3 ms. Memory: 359424K Free: 154686K (43%)
Completed execution with 11 iterations
preinitializing
resolving types
initializing
executing number 1
wrapping up
idle
3 ms. Memory: 359424K Free: 153662K (43%)
Completed execution with 10 iterations
07/10/19 02:20:38
Failed: 2  Total Tests: 234  ((Passed: 232, Newly Passed: 0)  Known Failed: 0) /home/travis/build/icyphy/ptII/ptolemy/actor/lib/test
----------------- testing (KnownFailure) /home/travis/build/icyphy/ptII/ptolemy/actor/lib/test/auto/knownFailedTests/PublisherPortToplevelSubscriber.xml
1 ms. Memory: 359424K Free: 312320K (87%)
Known Failure: java.lang.reflect.InvocationTargetException
----------------- testing (KnownFailure) /home/travis/build/icyphy/ptII/ptolemy/actor/lib/test/auto/knownFailedTests/PublisherSubscriberPortToplevel.xml
1 ms. Memory: 359424K Free: 308224K (86%)
Known Failure: java.lang.reflect.InvocationTargetException
----------------- testing (KnownFailure) /home/travis/build/icyphy/ptII/ptolemy/actor/lib/test/auto/knownFailedTests/PublisherSubscriptionAggregatorPort.xml
0 ms. Memory: 359424K Free: 304128K (85%)
Known Failure: java.lang.reflect.InvocationTargetException
----------------- testing (KnownFailure) /home/travis/build/icyphy/ptII/ptolemy/actor/lib/test/auto/knownFailedTests/sizedarray3.xml
4 ms. Memory: 359424K Free: 300032K (83%)
Known Failure: java.lang.reflect.InvocationTargetException
No auto/linux-amd64/*.xml tests in /home/travis/build/icyphy/ptII/ptolemy/actor/lib/test
AutoTests.java: About to close Vertx.
AutoTests.java: Vertx closed.

===========================================================================================
----------------- testing Wed Jul 10 14:20:39 UTC 2019 /home/travis/build/icyphy/ptII/ptolemy/actor/lib/test/auto/AbsoluteValue.xml
----------------- Instantiating /home/travis/build/icyphy/ptII/ptolemy/actor/lib/test/auto/AbsoluteValue.xml
4 ms. Memory: 359424K Free: 276990K (77%)
----------------- Invoking toplevel() on ptolemy.moml.MoMLSimpleApplication@25678762
----------------- Done invoking toplevel() on ptolemy.moml.MoMLSimpleApplication@25678762
reloadAllAccessors: .AbsoluteValue

===========================================================================================
----------------- testing Wed Jul 10 14:20:39 UTC 2019 /home/travis/build/icyphy/ptII/ptolemy/actor/lib/test/auto/AbsoluteValue2.xml
----------------- Instantiating /home/travis/build/icyphy/ptII/ptolemy/actor/lib/test/auto/AbsoluteValue2.xml
4 ms. Memory: 359424K Free: 270336K (75%)
----------------- Invoking toplevel() on ptolemy.moml.MoMLSimpleApplication@6a1d1970
----------------- Done invoking toplevel() on ptolemy.moml.MoMLSimpleApplication@6a1d1970
reloadAllAccessors: .AbsoluteValue2

===========================================================================================
----------------- testing Wed Jul 10 14:20:39 UTC 2019 /home/travis/build/icyphy/ptII/ptolemy/actor/lib/test/auto/Accumulator.xml
----------------- Instantiating /home/travis/build/icyphy/ptII/ptolemy/actor/lib/test/auto/Accumulator.xml
6 ms. Memory: 359424K Free: 263678K (73%)
----------------- Invoking toplevel() on ptolemy.moml.MoMLSimpleApplication@d1b08f4
----------------- Done invoking toplevel() on ptolemy.moml.MoMLSimpleApplication@d1b08f4
reloadAllAccessors: .Accumulator

===========================================================================================
----------------- testing Wed Jul 10 14:20:39 UTC 2019 /home/travis/build/icyphy/ptII/ptolemy/actor/lib/test/auto/Accumulator2.xml
----------------- Instantiating /home/travis/build/icyphy/ptII/ptolemy/actor/lib/test/auto/Accumulator2.xml
3 ms. Memory: 359424K Free: 258558K (72%)
----------------- Invoking toplevel() on ptolemy.moml.MoMLSimpleApplication@7a7134c0
----------------- Done invoking toplevel() on ptolemy.moml.MoMLSimpleApplication@7a7134c0
reloadAllAccessors: .Accumulator2

===========================================================================================
----------------- testing Wed Jul 10 14:20:39 UTC 2019 /home/travis/build/icyphy/ptII/ptolemy/actor/lib/test/auto/Accumulator3.xml
----------------- Instantiating /home/travis/build/icyphy/ptII/ptolemy/actor/lib/test/auto/Accumulator3.xml
2 ms. Memory: 359424K Free: 254462K (71%)
----------------- Invoking toplevel() on ptolemy.moml.MoMLSimpleApplication@49c4abc7
----------------- Done invoking toplevel() on ptolemy.moml.MoMLSimpleApplication@49c4abc7
reloadAllAccessors: .Accumulator3

===========================================================================================
----------------- testing Wed Jul 10 14:20:39 UTC 2019 /home/travis/build/icyphy/ptII/ptolemy/actor/lib/test/auto/ArrayAppend.xml
----------------- Instantiating /home/travis/build/icyphy/ptII/ptolemy/actor/lib/test/auto/ArrayAppend.xml
5 ms. Memory: 359424K Free: 248287K (69%)
----------------- Invoking toplevel() on ptolemy.moml.MoMLSimpleApplication@243bff50
----------------- Done invoking toplevel() on ptolemy.moml.MoMLSimpleApplication@243bff50
reloadAllAccessors: .ArrayAppend

===========================================================================================
----------------- testing Wed Jul 10 14:20:39 UTC 2019 /home/travis/build/icyphy/ptII/ptolemy/actor/lib/test/auto/ArrayAppend2.xml
----------------- Instantiating /home/travis/build/icyphy/ptII/ptolemy/actor/lib/test/auto/ArrayAppend2.xml
308 ms. Memory: 359424K Free: 175614K (49%)
----------------- Invoking toplevel() on ptolemy.moml.MoMLSimpleApplication@40f926ad
----------------- Done invoking toplevel() on ptolemy.moml.MoMLSimpleApplication@40f926ad
reloadAllAccessors: .ArrayAppend2

===========================================================================================
----------------- testing Wed Jul 10 14:20:39 UTC 2019 /home/travis/build/icyphy/ptII/ptolemy/actor/lib/test/auto/ArrayAppend3.xml
----------------- Instantiating /home/travis/build/icyphy/ptII/ptolemy/actor/lib/test/auto/ArrayAppend3.xml
3 ms. Memory: 359424K Free: 170494K (47%)
----------------- Invoking toplevel() on ptolemy.moml.MoMLSimpleApplication@c4315f6
----------------- Done invoking toplevel() on ptolemy.moml.MoMLSimpleApplication@c4315f6
reloadAllAccessors: .ArrayAppend3

===========================================================================================
----------------- testing Wed Jul 10 14:20:39 UTC 2019 /home/travis/build/icyphy/ptII/ptolemy/actor/lib/test/auto/ArrayAppend4.xml
----------------- Instantiating /home/travis/build/icyphy/ptII/ptolemy/actor/lib/test/auto/ArrayAppend4.xml
2 ms. Memory: 359424K Free: 165374K (46%)
----------------- Invoking toplevel() on ptolemy.moml.MoMLSimpleApplication@233413f5
----------------- Done invoking toplevel() on ptolemy.moml.MoMLSimpleApplication@233413f5
reloadAllAccessors: .ArrayAppend4

===========================================================================================
----------------- testing Wed Jul 10 14:20:39 UTC 2019 /home/travis/build/icyphy/ptII/ptolemy/actor/lib/test/auto/ArrayAppend5.xml
----------------- Instantiating /home/travis/build/icyphy/ptII/ptolemy/actor/lib/test/auto/ArrayAppend5.xml
2 ms. Memory: 359424K Free: 160254K (45%)
----------------- Invoking toplevel() on ptolemy.moml.MoMLSimpleApplication@3eabfc16
----------------- Done invoking toplevel() on ptolemy.moml.MoMLSimpleApplication@3eabfc16
reloadAllAccessors: .ArrayAppend5

===========================================================================================
----------------- testing Wed Jul 10 14:20:39 UTC 2019 /home/travis/build/icyphy/ptII/ptolemy/actor/lib/test/auto/ArrayAppend6.xml
----------------- Instantiating /home/travis/build/icyphy/ptII/ptolemy/actor/lib/test/auto/ArrayAppend6.xml
2 ms. Memory: 359424K Free: 155134K (43%)
----------------- Invoking toplevel() on ptolemy.moml.MoMLSimpleApplication@1f956b08
----------------- Done invoking toplevel() on ptolemy.moml.MoMLSimpleApplication@1f956b08
reloadAllAccessors: .ArrayAppend6

===========================================================================================
----------------- testing Wed Jul 10 14:20:39 UTC 2019 /home/travis/build/icyphy/ptII/ptolemy/actor/lib/test/auto/ArrayAppendPerformanceTest.xml
----------------- Instantiating /home/travis/build/icyphy/ptII/ptolemy/actor/lib/test/auto/ArrayAppendPerformanceTest.xml
46 ms. Memory: 359424K Free: 143870K (40%)
----------------- Invoking toplevel() on ptolemy.moml.MoMLSimpleApplication@59959b45
----------------- Done invoking toplevel() on ptolemy.moml.MoMLSimpleApplication@59959b45
reloadAllAccessors: .ArrayAppendPerformanceTest

===========================================================================================
----------------- testing Wed Jul 10 14:20:40 UTC 2019 /home/travis/build/icyphy/ptII/ptolemy/actor/lib/test/auto/ArrayAppendWithEmptyInput.xml
----------------- Instantiating /home/travis/build/icyphy/ptII/ptolemy/actor/lib/test/auto/ArrayAppendWithEmptyInput.xml
17 ms. Memory: 359424K Free: 136192K (38%)
----------------- Invoking toplevel() on ptolemy.moml.MoMLSimpleApplication@315280f1
----------------- Done invoking toplevel() on ptolemy.moml.MoMLSimpleApplication@315280f1
reloadAllAccessors: .ArrayAppendWithEmptyInput

===========================================================================================
----------------- testing Wed Jul 10 14:20:40 UTC 2019 /home/travis/build/icyphy/ptII/ptolemy/actor/lib/test/auto/ArrayAverage.xml
----------------- Instantiating /home/travis/build/icyphy/ptII/ptolemy/actor/lib/test/auto/ArrayAverage.xml
6 ms. Memory: 359424K Free: 129024K (36%)
----------------- Invoking toplevel() on ptolemy.moml.MoMLSimpleApplication@411f2806
----------------- Done invoking toplevel() on ptolemy.moml.MoMLSimpleApplication@411f2806
reloadAllAccessors: .ArrayAverage

===========================================================================================
----------------- testing Wed Jul 10 14:20:40 UTC 2019 /home/travis/build/icyphy/ptII/ptolemy/actor/lib/test/auto/ArrayContains.xml
----------------- Instantiating /home/travis/build/icyphy/ptII/ptolemy/actor/lib/test/auto/ArrayContains.xml
2 ms. Memory: 359424K Free: 122880K (34%)
----------------- Invoking toplevel() on ptolemy.moml.MoMLSimpleApplication@3514e4a8
----------------- Done invoking toplevel() on ptolemy.moml.MoMLSimpleApplication@3514e4a8
reloadAllAccessors: .ArrayContains

===========================================================================================
----------------- testing Wed Jul 10 14:20:40 UTC 2019 /home/travis/build/icyphy/ptII/ptolemy/actor/lib/test/auto/ArrayElement.xml
----------------- Instantiating /home/travis/build/icyphy/ptII/ptolemy/actor/lib/test/auto/ArrayElement.xml
7 ms. Memory: 359424K Free: 306866K (85%)
----------------- Invoking toplevel() on ptolemy.moml.MoMLSimpleApplication@7812901e
----------------- Done invoking toplevel() on ptolemy.moml.MoMLSimpleApplication@7812901e
reloadAllAccessors: .ArrayElement

===========================================================================================
----------------- testing Wed Jul 10 14:20:40 UTC 2019 /home/travis/build/icyphy/ptII/ptolemy/actor/lib/test/auto/ArrayElementAsMatrix.xml
----------------- Instantiating /home/travis/build/icyphy/ptII/ptolemy/actor/lib/test/auto/ArrayElementAsMatrix.xml
9 ms. Memory: 359424K Free: 296626K (83%)
----------------- Invoking toplevel() on ptolemy.moml.MoMLSimpleApplication@70c7320
----------------- Done invoking toplevel() on ptolemy.moml.MoMLSimpleApplication@70c7320
reloadAllAccessors: .ArrayElementAsMatrix

===========================================================================================
----------------- testing Wed Jul 10 14:20:40 UTC 2019 /home/travis/build/icyphy/ptII/ptolemy/actor/lib/test/auto/ArrayElementI.xml
----------------- Instantiating /home/travis/build/icyphy/ptII/ptolemy/actor/lib/test/auto/ArrayElementI.xml
4 ms. Memory: 359424K Free: 292020K (81%)
----------------- Invoking toplevel() on ptolemy.moml.MoMLSimpleApplication@1816dabe
----------------- Done invoking toplevel() on ptolemy.moml.MoMLSimpleApplication@1816dabe
reloadAllAccessors: .ArrayElementI

===========================================================================================
----------------- testing Wed Jul 10 14:20:40 UTC 2019 /home/travis/build/icyphy/ptII/ptolemy/actor/lib/test/auto/ArrayExtract.xml
----------------- Instantiating /home/travis/build/icyphy/ptII/ptolemy/actor/lib/test/auto/ArrayExtract.xml
8 ms. Memory: 359424K Free: 283314K (79%)
----------------- Invoking toplevel() on ptolemy.moml.MoMLSimpleApplication@7913b675
----------------- Done invoking toplevel() on ptolemy.moml.MoMLSimpleApplication@7913b675
reloadAllAccessors: .ArrayExtract

===========================================================================================
----------------- testing Wed Jul 10 14:20:40 UTC 2019 /home/travis/build/icyphy/ptII/ptolemy/actor/lib/test/auto/ArrayExtract2.xml
----------------- Instantiating /home/travis/build/icyphy/ptII/ptolemy/actor/lib/test/auto/ArrayExtract2.xml
3 ms. Memory: 359424K Free: 278163K (77%)
----------------- Invoking toplevel() on ptolemy.moml.MoMLSimpleApplication@23b52a2
----------------- Done invoking toplevel() on ptolemy.moml.MoMLSimpleApplication@23b52a2
reloadAllAccessors: .ArrayExtract2

===========================================================================================
----------------- testing Wed Jul 10 14:20:40 UTC 2019 /home/travis/build/icyphy/ptII/ptolemy/actor/lib/test/auto/ArrayLength.xml
----------------- Instantiating /home/travis/build/icyphy/ptII/ptolemy/actor/lib/test/auto/ArrayLength.xml
1 ms. Memory: 359424K Free: 274098K (76%)
----------------- Invoking toplevel() on ptolemy.moml.MoMLSimpleApplication@2c1a4f33
----------------- Done invoking toplevel() on ptolemy.moml.MoMLSimpleApplication@2c1a4f33
reloadAllAccessors: .ArrayLength

===========================================================================================
----------------- testing Wed Jul 10 14:20:40 UTC 2019 /home/travis/build/icyphy/ptII/ptolemy/actor/lib/test/auto/ArrayLevelCrossing.xml
----------------- Instantiating /home/travis/build/icyphy/ptII/ptolemy/actor/lib/test/auto/ArrayLevelCrossing.xml
3 ms. Memory: 359424K Free: 266420K (74%)
----------------- Invoking toplevel() on ptolemy.moml.MoMLSimpleApplication@3c6c0e80
----------------- Done invoking toplevel() on ptolemy.moml.MoMLSimpleApplication@3c6c0e80
reloadAllAccessors: .ArrayLevelCrossing

===========================================================================================
----------------- testing Wed Jul 10 14:20:40 UTC 2019 /home/travis/build/icyphy/ptII/ptolemy/actor/lib/test/auto/ArrayLevelCrossing2.xml
----------------- Instantiating /home/travis/build/icyphy/ptII/ptolemy/actor/lib/test/auto/ArrayLevelCrossing2.xml
3 ms. Memory: 359424K Free: 259252K (72%)
----------------- Invoking toplevel() on ptolemy.moml.MoMLSimpleApplication@55b5161
----------------- Done invoking toplevel() on ptolemy.moml.MoMLSimpleApplication@55b5161
reloadAllAccessors: .ArrayLevelCrossing2

===========================================================================================
----------------- testing Wed Jul 10 14:20:40 UTC 2019 /home/travis/build/icyphy/ptII/ptolemy/actor/lib/test/auto/ArrayPeakSearch.xml
----------------- Instantiating /home/travis/build/icyphy/ptII/ptolemy/actor/lib/test/auto/ArrayPeakSearch.xml
7 ms. Memory: 359424K Free: 250546K (70%)
----------------- Invoking toplevel() on ptolemy.moml.MoMLSimpleApplication@55b97be2
----------------- Done invoking toplevel() on ptolemy.moml.MoMLSimpleApplication@55b97be2
reloadAllAccessors: .ArrayPeakSearch

===========================================================================================
----------------- testing Wed Jul 10 14:20:40 UTC 2019 /home/travis/build/icyphy/ptII/ptolemy/actor/lib/test/auto/ArrayPeakSearch2.xml
----------------- Instantiating /home/travis/build/icyphy/ptII/ptolemy/actor/lib/test/auto/ArrayPeakSearch2.xml
6 ms. Memory: 359424K Free: 240291K (67%)
----------------- Invoking toplevel() on ptolemy.moml.MoMLSimpleApplication@3005b506
----------------- Done invoking toplevel() on ptolemy.moml.MoMLSimpleApplication@3005b506
reloadAllAccessors: .ArrayPeakSearch2

===========================================================================================
----------------- testing Wed Jul 10 14:20:40 UTC 2019 /home/travis/build/icyphy/ptII/ptolemy/actor/lib/test/auto/ArrayPeakSearch3.xml
----------------- Instantiating /home/travis/build/icyphy/ptII/ptolemy/actor/lib/test/auto/ArrayPeakSearch3.xml
6 ms. Memory: 359424K Free: 231090K (64%)
----------------- Invoking toplevel() on ptolemy.moml.MoMLSimpleApplication@58d4868f
----------------- Done invoking toplevel() on ptolemy.moml.MoMLSimpleApplication@58d4868f
reloadAllAccessors: .ArrayPeakSearch3

===========================================================================================
----------------- testing Wed Jul 10 14:20:40 UTC 2019 /home/travis/build/icyphy/ptII/ptolemy/actor/lib/test/auto/ArrayRemoveElement.xml
----------------- Instantiating /home/travis/build/icyphy/ptII/ptolemy/actor/lib/test/auto/ArrayRemoveElement.xml
4 ms. Memory: 359424K Free: 223412K (62%)
----------------- Invoking toplevel() on ptolemy.moml.MoMLSimpleApplication@4d376c37
----------------- Done invoking toplevel() on ptolemy.moml.MoMLSimpleApplication@4d376c37
reloadAllAccessors: .ArrayRemoveElement

===========================================================================================
----------------- testing Wed Jul 10 14:20:40 UTC 2019 /home/travis/build/icyphy/ptII/ptolemy/actor/lib/test/auto/ArraySort.xml
----------------- Instantiating /home/travis/build/icyphy/ptII/ptolemy/actor/lib/test/auto/ArraySort.xml
7 ms. Memory: 359424K Free: 214196K (60%)
----------------- Invoking toplevel() on ptolemy.moml.MoMLSimpleApplication@498e79d4
----------------- Done invoking toplevel() on ptolemy.moml.MoMLSimpleApplication@498e79d4
reloadAllAccessors: .ArraySort

===========================================================================================
----------------- testing Wed Jul 10 14:20:40 UTC 2019 /home/travis/build/icyphy/ptII/ptolemy/actor/lib/test/auto/ArraySum.xml
----------------- Instantiating /home/travis/build/icyphy/ptII/ptolemy/actor/lib/test/auto/ArraySum.xml
7 ms. Memory: 359424K Free: 209076K (58%)
----------------- Invoking toplevel() on ptolemy.moml.MoMLSimpleApplication@7f14100c
----------------- Done invoking toplevel() on ptolemy.moml.MoMLSimpleApplication@7f14100c
reloadAllAccessors: .ArraySum

===========================================================================================
----------------- testing Wed Jul 10 14:20:40 UTC 2019 /home/travis/build/icyphy/ptII/ptolemy/actor/lib/test/auto/ArrayToElements.xml
----------------- Instantiating /home/travis/build/icyphy/ptII/ptolemy/actor/lib/test/auto/ArrayToElements.xml
7 ms. Memory: 359424K Free: 203442K (57%)
----------------- Invoking toplevel() on ptolemy.moml.MoMLSimpleApplication@7347916d
----------------- Done invoking toplevel() on ptolemy.moml.MoMLSimpleApplication@7347916d
reloadAllAccessors: .ArrayToElements

===========================================================================================
----------------- testing Wed Jul 10 14:20:40 UTC 2019 /home/travis/build/icyphy/ptII/ptolemy/actor/lib/test/auto/ArrayToMatrix.xml
----------------- Instantiating /home/travis/build/icyphy/ptII/ptolemy/actor/lib/test/auto/ArrayToMatrix.xml
9 ms. Memory: 359424K Free: 189620K (53%)
----------------- Invoking toplevel() on ptolemy.moml.MoMLSimpleApplication@1fcfa697
----------------- Done invoking toplevel() on ptolemy.moml.MoMLSimpleApplication@1fcfa697
reloadAllAccessors: .ArrayToMatrix

===========================================================================================
----------------- testing Wed Jul 10 14:20:40 UTC 2019 /home/travis/build/icyphy/ptII/ptolemy/actor/lib/test/auto/ArrayUpdate1.xml
----------------- Instantiating /home/travis/build/icyphy/ptII/ptolemy/actor/lib/test/auto/ArrayUpdate1.xml
4 ms. Memory: 359424K Free: 184500K (51%)
----------------- Invoking toplevel() on ptolemy.moml.MoMLSimpleApplication@27427094
----------------- Done invoking toplevel() on ptolemy.moml.MoMLSimpleApplication@27427094
reloadAllAccessors: .ArrayUpdate1

===========================================================================================
----------------- testing Wed Jul 10 14:20:40 UTC 2019 /home/travis/build/icyphy/ptII/ptolemy/actor/lib/test/auto/ArrayUpdate2.xml
----------------- Instantiating /home/travis/build/icyphy/ptII/ptolemy/actor/lib/test/auto/ArrayUpdate2.xml
5 ms. Memory: 359424K Free: 178866K (50%)
----------------- Invoking toplevel() on ptolemy.moml.MoMLSimpleApplication@4a7969e1
----------------- Done invoking toplevel() on ptolemy.moml.MoMLSimpleApplication@4a7969e1
reloadAllAccessors: .ArrayUpdate2

===========================================================================================
----------------- testing Wed Jul 10 14:20:40 UTC 2019 /home/travis/build/icyphy/ptII/ptolemy/actor/lib/test/auto/ArrayUpdate3.xml
----------------- Instantiating /home/travis/build/icyphy/ptII/ptolemy/actor/lib/test/auto/ArrayUpdate3.xml
6 ms. Memory: 359424K Free: 173746K (48%)
----------------- Invoking toplevel() on ptolemy.moml.MoMLSimpleApplication@6889a46e
----------------- Done invoking toplevel() on ptolemy.moml.MoMLSimpleApplication@6889a46e
reloadAllAccessors: .ArrayUpdate3

===========================================================================================
----------------- testing Wed Jul 10 14:20:40 UTC 2019 /home/travis/build/icyphy/ptII/ptolemy/actor/lib/test/auto/Assert1.xml
----------------- Instantiating /home/travis/build/icyphy/ptII/ptolemy/actor/lib/test/auto/Assert1.xml
5 ms. Memory: 359424K Free: 169650K (47%)
----------------- Invoking toplevel() on ptolemy.moml.MoMLSimpleApplication@43ed2b70
----------------- Done invoking toplevel() on ptolemy.moml.MoMLSimpleApplication@43ed2b70
reloadAllAccessors: .Assert1

===========================================================================================
----------------- testing Wed Jul 10 14:20:40 UTC 2019 /home/travis/build/icyphy/ptII/ptolemy/actor/lib/test/auto/Assert2.xml
----------------- Instantiating /home/travis/build/icyphy/ptII/ptolemy/actor/lib/test/auto/Assert2.xml
2 ms. Memory: 359424K Free: 164530K (46%)
----------------- Invoking toplevel() on ptolemy.moml.MoMLSimpleApplication@2aff26a7
----------------- Done invoking toplevel() on ptolemy.moml.MoMLSimpleApplication@2aff26a7
reloadAllAccessors: .Assert2

===========================================================================================
----------------- testing Wed Jul 10 14:20:41 UTC 2019 /home/travis/build/icyphy/ptII/ptolemy/actor/lib/test/auto/BooleanMultiplexor.xml
----------------- Instantiating /home/travis/build/icyphy/ptII/ptolemy/actor/lib/test/auto/BooleanMultiplexor.xml
2 ms. Memory: 359424K Free: 159395K (44%)
----------------- Invoking toplevel() on ptolemy.moml.MoMLSimpleApplication@24c34f20
----------------- Done invoking toplevel() on ptolemy.moml.MoMLSimpleApplication@24c34f20
reloadAllAccessors: .BooleanMultiplexor

===========================================================================================
----------------- testing Wed Jul 10 14:20:41 UTC 2019 /home/travis/build/icyphy/ptII/ptolemy/actor/lib/test/auto/BooleanMultiplexor2.xml
----------------- Instantiating /home/travis/build/icyphy/ptII/ptolemy/actor/lib/test/auto/BooleanMultiplexor2.xml
11 ms. Memory: 359424K Free: 152756K (43%)
----------------- Invoking toplevel() on ptolemy.moml.MoMLSimpleApplication@153b3c41
----------------- Done invoking toplevel() on ptolemy.moml.MoMLSimpleApplication@153b3c41
reloadAllAccessors: .BooleanMultiplexor2

===========================================================================================
----------------- testing Wed Jul 10 14:20:41 UTC 2019 /home/travis/build/icyphy/ptII/ptolemy/actor/lib/test/auto/BooleanMultiplexor3.xml
----------------- Instantiating /home/travis/build/icyphy/ptII/ptolemy/actor/lib/test/auto/BooleanMultiplexor3.xml
1 ms. Memory: 359424K Free: 149170K (42%)
----------------- Invoking toplevel() on ptolemy.moml.MoMLSimpleApplication@24be47a7
----------------- Done invoking toplevel() on ptolemy.moml.MoMLSimpleApplication@24be47a7
reloadAllAccessors: .BooleanMultiplexor3

===========================================================================================
----------------- testing Wed Jul 10 14:20:41 UTC 2019 /home/travis/build/icyphy/ptII/ptolemy/actor/lib/test/auto/BooleanSelect.xml
----------------- Instantiating /home/travis/build/icyphy/ptII/ptolemy/actor/lib/test/auto/BooleanSelect.xml
8 ms. Memory: 359424K Free: 143011K (40%)
----------------- Invoking toplevel() on ptolemy.moml.MoMLSimpleApplication@65a336d0
----------------- Done invoking toplevel() on ptolemy.moml.MoMLSimpleApplication@65a336d0
reloadAllAccessors: .BooleanSelect

===========================================================================================
----------------- testing Wed Jul 10 14:20:41 UTC 2019 /home/travis/build/icyphy/ptII/ptolemy/actor/lib/test/auto/BooleanSelect2.xml
----------------- Instantiating /home/travis/build/icyphy/ptII/ptolemy/actor/lib/test/auto/BooleanSelect2.xml
2 ms. Memory: 359424K Free: 138930K (39%)
----------------- Invoking toplevel() on ptolemy.moml.MoMLSimpleApplication@7698ae4e
----------------- Done invoking toplevel() on ptolemy.moml.MoMLSimpleApplication@7698ae4e
reloadAllAccessors: .BooleanSelect2

===========================================================================================
----------------- testing Wed Jul 10 14:20:41 UTC 2019 /home/travis/build/icyphy/ptII/ptolemy/actor/lib/test/auto/BooleanSwitch.xml
----------------- Instantiating /home/travis/build/icyphy/ptII/ptolemy/actor/lib/test/auto/BooleanSwitch.xml
12 ms. Memory: 359424K Free: 132786K (37%)
----------------- Invoking toplevel() on ptolemy.moml.MoMLSimpleApplication@6c1ec83
----------------- Done invoking toplevel() on ptolemy.moml.MoMLSimpleApplication@6c1ec83
reloadAllAccessors: .BooleanSwitch

===========================================================================================
----------------- testing Wed Jul 10 14:20:41 UTC 2019 /home/travis/build/icyphy/ptII/ptolemy/actor/lib/test/auto/BooleanSwitch2.xml
----------------- Instantiating /home/travis/build/icyphy/ptII/ptolemy/actor/lib/test/auto/BooleanSwitch2.xml
2 ms. Memory: 359424K Free: 128180K (36%)
----------------- Invoking toplevel() on ptolemy.moml.MoMLSimpleApplication@5ba75e38
----------------- Done invoking toplevel() on ptolemy.moml.MoMLSimpleApplication@5ba75e38
reloadAllAccessors: .BooleanSwitch2

===========================================================================================
----------------- testing Wed Jul 10 14:20:41 UTC 2019 /home/travis/build/icyphy/ptII/ptolemy/actor/lib/test/auto/BooleanSwitchCloningBugWithClassRelationGroup.xml
----------------- Instantiating /home/travis/build/icyphy/ptII/ptolemy/actor/lib/test/auto/BooleanSwitchCloningBugWithClassRelationGroup.xml
3 ms. Memory: 359424K Free: 122036K (34%)
----------------- Invoking toplevel() on ptolemy.moml.MoMLSimpleApplication@72094b40
----------------- Done invoking toplevel() on ptolemy.moml.MoMLSimpleApplication@72094b40
reloadAllAccessors: .BooleanSwitchCloningBugWithClassRelationGroup

===========================================================================================
----------------- testing Wed Jul 10 14:20:41 UTC 2019 /home/travis/build/icyphy/ptII/ptolemy/actor/lib/test/auto/BusActors.xml
----------------- Instantiating /home/travis/build/icyphy/ptII/ptolemy/actor/lib/test/auto/BusActors.xml
9 ms. Memory: 359424K Free: 113844K (32%)
----------------- Invoking toplevel() on ptolemy.moml.MoMLSimpleApplication@2c9660dc
----------------- Done invoking toplevel() on ptolemy.moml.MoMLSimpleApplication@2c9660dc
reloadAllAccessors: .BusActors

===========================================================================================
----------------- testing Wed Jul 10 14:20:41 UTC 2019 /home/travis/build/icyphy/ptII/ptolemy/actor/lib/test/auto/ClassWrapper.xml
----------------- Instantiating /home/travis/build/icyphy/ptII/ptolemy/actor/lib/test/auto/ClassWrapper.xml
3 ms. Memory: 359424K Free: 109748K (31%)
----------------- Invoking toplevel() on ptolemy.moml.MoMLSimpleApplication@4f82088c
----------------- Done invoking toplevel() on ptolemy.moml.MoMLSimpleApplication@4f82088c
reloadAllAccessors: .ClassWrapper

===========================================================================================
----------------- testing Wed Jul 10 14:20:41 UTC 2019 /home/travis/build/icyphy/ptII/ptolemy/actor/lib/test/auto/Clock.xml
----------------- Instantiating /home/travis/build/icyphy/ptII/ptolemy/actor/lib/test/auto/Clock.xml
1 ms. Memory: 359424K Free: 105652K (29%)
----------------- Invoking toplevel() on ptolemy.moml.MoMLSimpleApplication@71f0a5b4
----------------- Done invoking toplevel() on ptolemy.moml.MoMLSimpleApplication@71f0a5b4
reloadAllAccessors: .Clock

===========================================================================================
----------------- testing Wed Jul 10 14:20:41 UTC 2019 /home/travis/build/icyphy/ptII/ptolemy/actor/lib/test/auto/Clock10.xml
----------------- Instantiating /home/travis/build/icyphy/ptII/ptolemy/actor/lib/test/auto/Clock10.xml
4 ms. Memory: 359424K Free: 308899K (86%)
----------------- Invoking toplevel() on ptolemy.moml.MoMLSimpleApplication@73db0baa
----------------- Done invoking toplevel() on ptolemy.moml.MoMLSimpleApplication@73db0baa
reloadAllAccessors: .Clock10

===========================================================================================
----------------- testing Wed Jul 10 14:20:41 UTC 2019 /home/travis/build/icyphy/ptII/ptolemy/actor/lib/test/auto/Clock11.xml
----------------- Instantiating /home/travis/build/icyphy/ptII/ptolemy/actor/lib/test/auto/Clock11.xml
5 ms. Memory: 359424K Free: 302757K (84%)
----------------- Invoking toplevel() on ptolemy.moml.MoMLSimpleApplication@3871e4ca
----------------- Done invoking toplevel() on ptolemy.moml.MoMLSimpleApplication@3871e4ca
reloadAllAccessors: .Clock11

===========================================================================================
----------------- testing Wed Jul 10 14:20:41 UTC 2019 /home/travis/build/icyphy/ptII/ptolemy/actor/lib/test/auto/Clock12.xml
----------------- Instantiating /home/travis/build/icyphy/ptII/ptolemy/actor/lib/test/auto/Clock12.xml
5 ms. Memory: 359424K Free: 296626K (83%)
----------------- Invoking toplevel() on ptolemy.moml.MoMLSimpleApplication@63e3ad28
----------------- Done invoking toplevel() on ptolemy.moml.MoMLSimpleApplication@63e3ad28
reloadAllAccessors: .Clock12

===========================================================================================
----------------- testing Wed Jul 10 14:20:41 UTC 2019 /home/travis/build/icyphy/ptII/ptolemy/actor/lib/test/auto/Clock13.xml
----------------- Instantiating /home/travis/build/icyphy/ptII/ptolemy/actor/lib/test/auto/Clock13.xml
7 ms. Memory: 359424K Free: 290996K (81%)
----------------- Invoking toplevel() on ptolemy.moml.MoMLSimpleApplication@5d20fab0
----------------- Done invoking toplevel() on ptolemy.moml.MoMLSimpleApplication@5d20fab0
reloadAllAccessors: .Clock13

===========================================================================================
----------------- testing Wed Jul 10 14:20:41 UTC 2019 /home/travis/build/icyphy/ptII/ptolemy/actor/lib/test/auto/Clock14.xml
----------------- Instantiating /home/travis/build/icyphy/ptII/ptolemy/actor/lib/test/auto/Clock14.xml
6 ms. Memory: 359424K Free: 284852K (79%)
----------------- Invoking toplevel() on ptolemy.moml.MoMLSimpleApplication@77652fd6
----------------- Done invoking toplevel() on ptolemy.moml.MoMLSimpleApplication@77652fd6
reloadAllAccessors: .Clock14

===========================================================================================
----------------- testing Wed Jul 10 14:20:41 UTC 2019 /home/travis/build/icyphy/ptII/ptolemy/actor/lib/test/auto/Clock15.xml
----------------- Instantiating /home/travis/build/icyphy/ptII/ptolemy/actor/lib/test/auto/Clock15.xml
5 ms. Memory: 359424K Free: 279187K (78%)
----------------- Invoking toplevel() on ptolemy.moml.MoMLSimpleApplication@3a5a00ec
----------------- Done invoking toplevel() on ptolemy.moml.MoMLSimpleApplication@3a5a00ec
reloadAllAccessors: .Clock15

===========================================================================================
----------------- testing Wed Jul 10 14:20:41 UTC 2019 /home/travis/build/icyphy/ptII/ptolemy/actor/lib/test/auto/Clock16.xml
----------------- Instantiating /home/travis/build/icyphy/ptII/ptolemy/actor/lib/test/auto/Clock16.xml
34 ms. Memory: 359424K Free: 263851K (73%)
----------------- Invoking toplevel() on ptolemy.moml.MoMLSimpleApplication@6d0f84c6
----------------- Done invoking toplevel() on ptolemy.moml.MoMLSimpleApplication@6d0f84c6
reloadAllAccessors: .Clock16

===========================================================================================
----------------- testing Wed Jul 10 14:20:41 UTC 2019 /home/travis/build/icyphy/ptII/ptolemy/actor/lib/test/auto/Clock17.xml
----------------- Instantiating /home/travis/build/icyphy/ptII/ptolemy/actor/lib/test/auto/Clock17.xml
25 ms. Memory: 359424K Free: 250515K (70%)
----------------- Invoking toplevel() on ptolemy.moml.MoMLSimpleApplication@5b1b014d
----------------- Done invoking toplevel() on ptolemy.moml.MoMLSimpleApplication@5b1b014d
reloadAllAccessors: .Clock17

===========================================================================================
----------------- testing Wed Jul 10 14:20:41 UTC 2019 /home/travis/build/icyphy/ptII/ptolemy/actor/lib/test/auto/Clock18.xml
----------------- Instantiating /home/travis/build/icyphy/ptII/ptolemy/actor/lib/test/auto/Clock18.xml
23 ms. Memory: 359424K Free: 236724K (66%)
----------------- Invoking toplevel() on ptolemy.moml.MoMLSimpleApplication@7ee1620a
----------------- Done invoking toplevel() on ptolemy.moml.MoMLSimpleApplication@7ee1620a
reloadAllAccessors: .Clock18

===========================================================================================
----------------- testing Wed Jul 10 14:20:41 UTC 2019 /home/travis/build/icyphy/ptII/ptolemy/actor/lib/test/auto/Clock19.xml
----------------- Instantiating /home/travis/build/icyphy/ptII/ptolemy/actor/lib/test/auto/Clock19.xml
14 ms. Memory: 359424K Free: 223412K (62%)
----------------- Invoking toplevel() on ptolemy.moml.MoMLSimpleApplication@3b541b68
----------------- Done invoking toplevel() on ptolemy.moml.MoMLSimpleApplication@3b541b68
reloadAllAccessors: .Clock19

===========================================================================================
----------------- testing Wed Jul 10 14:20:41 UTC 2019 /home/travis/build/icyphy/ptII/ptolemy/actor/lib/test/auto/Clock2.xml
----------------- Instantiating /home/travis/build/icyphy/ptII/ptolemy/actor/lib/test/auto/Clock2.xml
8 ms. Memory: 359424K Free: 219316K (61%)
----------------- Invoking toplevel() on ptolemy.moml.MoMLSimpleApplication@2bbc7c1f
----------------- Done invoking toplevel() on ptolemy.moml.MoMLSimpleApplication@2bbc7c1f
reloadAllAccessors: .Clock2

===========================================================================================
----------------- testing Wed Jul 10 14:20:41 UTC 2019 /home/travis/build/icyphy/ptII/ptolemy/actor/lib/test/auto/Clock20.xml
----------------- Instantiating /home/travis/build/icyphy/ptII/ptolemy/actor/lib/test/auto/Clock20.xml
11 ms. Memory: 359424K Free: 213682K (59%)
----------------- Invoking toplevel() on ptolemy.moml.MoMLSimpleApplication@6d845549
----------------- Done invoking toplevel() on ptolemy.moml.MoMLSimpleApplication@6d845549
reloadAllAccessors: .Clock20

===========================================================================================
----------------- testing Wed Jul 10 14:20:41 UTC 2019 /home/travis/build/icyphy/ptII/ptolemy/actor/lib/test/auto/Clock21.xml
----------------- Instantiating /home/travis/build/icyphy/ptII/ptolemy/actor/lib/test/auto/Clock21.xml
5 ms. Memory: 359424K Free: 208562K (58%)
----------------- Invoking toplevel() on ptolemy.moml.MoMLSimpleApplication@590e9fd7
----------------- Done invoking toplevel() on ptolemy.moml.MoMLSimpleApplication@590e9fd7
reloadAllAccessors: .Clock21

===========================================================================================
----------------- testing Wed Jul 10 14:20:41 UTC 2019 /home/travis/build/icyphy/ptII/ptolemy/actor/lib/test/auto/Clock22.xml
----------------- Instantiating /home/travis/build/icyphy/ptII/ptolemy/actor/lib/test/auto/Clock22.xml
6 ms. Memory: 359424K Free: 202932K (56%)
----------------- Invoking toplevel() on ptolemy.moml.MoMLSimpleApplication@13a8b1e3
----------------- Done invoking toplevel() on ptolemy.moml.MoMLSimpleApplication@13a8b1e3
reloadAllAccessors: .Clock22

===========================================================================================
----------------- testing Wed Jul 10 14:20:41 UTC 2019 /home/travis/build/icyphy/ptII/ptolemy/actor/lib/test/auto/Clock23.xml
----------------- Instantiating /home/travis/build/icyphy/ptII/ptolemy/actor/lib/test/auto/Clock23.xml
6 ms. Memory: 359424K Free: 197812K (55%)
----------------- Invoking toplevel() on ptolemy.moml.MoMLSimpleApplication@7bafc6f4
----------------- Done invoking toplevel() on ptolemy.moml.MoMLSimpleApplication@7bafc6f4
reloadAllAccessors: .Clock23

===========================================================================================
----------------- testing Wed Jul 10 14:20:41 UTC 2019 /home/travis/build/icyphy/ptII/ptolemy/actor/lib/test/auto/Clock24.xml
----------------- Instantiating /home/travis/build/icyphy/ptII/ptolemy/actor/lib/test/auto/Clock24.xml
6 ms. Memory: 359424K Free: 192178K (53%)
----------------- Invoking toplevel() on ptolemy.moml.MoMLSimpleApplication@74b77c7
----------------- Done invoking toplevel() on ptolemy.moml.MoMLSimpleApplication@74b77c7
reloadAllAccessors: .Clock24

===========================================================================================
----------------- testing Wed Jul 10 14:20:41 UTC 2019 /home/travis/build/icyphy/ptII/ptolemy/actor/lib/test/auto/Clock4.xml
----------------- Instantiating /home/travis/build/icyphy/ptII/ptolemy/actor/lib/test/auto/Clock4.xml
2 ms. Memory: 359424K Free: 187027K (52%)
----------------- Invoking toplevel() on ptolemy.moml.MoMLSimpleApplication@dad950e
----------------- Done invoking toplevel() on ptolemy.moml.MoMLSimpleApplication@dad950e
reloadAllAccessors: .Clock4

===========================================================================================
----------------- testing Wed Jul 10 14:20:41 UTC 2019 /home/travis/build/icyphy/ptII/ptolemy/actor/lib/test/auto/Clock5.xml
----------------- Instantiating /home/travis/build/icyphy/ptII/ptolemy/actor/lib/test/auto/Clock5.xml
2 ms. Memory: 359424K Free: 181923K (51%)
----------------- Invoking toplevel() on ptolemy.moml.MoMLSimpleApplication@45a2a767
----------------- Done invoking toplevel() on ptolemy.moml.MoMLSimpleApplication@45a2a767
reloadAllAccessors: .Clock5

===========================================================================================
----------------- testing Wed Jul 10 14:20:41 UTC 2019 /home/travis/build/icyphy/ptII/ptolemy/actor/lib/test/auto/Clock6.xml
----------------- Instantiating /home/travis/build/icyphy/ptII/ptolemy/actor/lib/test/auto/Clock6.xml
1 ms. Memory: 359424K Free: 177332K (49%)
----------------- Invoking toplevel() on ptolemy.moml.MoMLSimpleApplication@2cfd4193
----------------- Done invoking toplevel() on ptolemy.moml.MoMLSimpleApplication@2cfd4193
reloadAllAccessors: .Clock6

===========================================================================================
----------------- testing Wed Jul 10 14:20:41 UTC 2019 /home/travis/build/icyphy/ptII/ptolemy/actor/lib/test/auto/Clock7.xml
----------------- Instantiating /home/travis/build/icyphy/ptII/ptolemy/actor/lib/test/auto/Clock7.xml
3 ms. Memory: 359424K Free: 172722K (48%)
----------------- Invoking toplevel() on ptolemy.moml.MoMLSimpleApplication@39b5f223
----------------- Done invoking toplevel() on ptolemy.moml.MoMLSimpleApplication@39b5f223
reloadAllAccessors: .Clock7

===========================================================================================
----------------- testing Wed Jul 10 14:20:42 UTC 2019 /home/travis/build/icyphy/ptII/ptolemy/actor/lib/test/auto/Clock8.xml
----------------- Instantiating /home/travis/build/icyphy/ptII/ptolemy/actor/lib/test/auto/Clock8.xml
5 ms. Memory: 359424K Free: 167092K (46%)
----------------- Invoking toplevel() on ptolemy.moml.MoMLSimpleApplication@b3ac98b
----------------- Done invoking toplevel() on ptolemy.moml.MoMLSimpleApplication@b3ac98b
reloadAllAccessors: .Clock8

===========================================================================================
----------------- testing Wed Jul 10 14:20:42 UTC 2019 /home/travis/build/icyphy/ptII/ptolemy/actor/lib/test/auto/Clock9.xml
----------------- Instantiating /home/travis/build/icyphy/ptII/ptolemy/actor/lib/test/auto/Clock9.xml
7 ms. Memory: 359424K Free: 161427K (45%)
----------------- Invoking toplevel() on ptolemy.moml.MoMLSimpleApplication@155b35d3
----------------- Done invoking toplevel() on ptolemy.moml.MoMLSimpleApplication@155b35d3
reloadAllAccessors: .Clock9

===========================================================================================
----------------- testing Wed Jul 10 14:20:42 UTC 2019 /home/travis/build/icyphy/ptII/ptolemy/actor/lib/test/auto/CommDistDiscard.xml
----------------- Instantiating /home/travis/build/icyphy/ptII/ptolemy/actor/lib/test/auto/CommDistDiscard.xml
4 ms. Memory: 359424K Free: 156338K (43%)
----------------- Invoking toplevel() on ptolemy.moml.MoMLSimpleApplication@4f3cd08c
----------------- Done invoking toplevel() on ptolemy.moml.MoMLSimpleApplication@4f3cd08c
reloadAllAccessors: .CommDistDiscard

===========================================================================================
----------------- testing Wed Jul 10 14:20:42 UTC 2019 /home/travis/build/icyphy/ptII/ptolemy/actor/lib/test/auto/Commutator.xml
----------------- Instantiating /home/travis/build/icyphy/ptII/ptolemy/actor/lib/test/auto/Commutator.xml
2 ms. Memory: 359424K Free: 151732K (42%)
----------------- Invoking toplevel() on ptolemy.moml.MoMLSimpleApplication@670851d4
----------------- Done invoking toplevel() on ptolemy.moml.MoMLSimpleApplication@670851d4
reloadAllAccessors: .Commutator

===========================================================================================
----------------- testing Wed Jul 10 14:20:42 UTC 2019 /home/travis/build/icyphy/ptII/ptolemy/actor/lib/test/auto/Commutator2.xml
----------------- Instantiating /home/travis/build/icyphy/ptII/ptolemy/actor/lib/test/auto/Commutator2.xml
1 ms. Memory: 359424K Free: 147636K (41%)
----------------- Invoking toplevel() on ptolemy.moml.MoMLSimpleApplication@31fbcb74
----------------- Done invoking toplevel() on ptolemy.moml.MoMLSimpleApplication@31fbcb74
reloadAllAccessors: .Commutator2

===========================================================================================
----------------- testing Wed Jul 10 14:20:42 UTC 2019 /home/travis/build/icyphy/ptII/ptolemy/actor/lib/test/auto/Commutator3.xml
----------------- Instantiating /home/travis/build/icyphy/ptII/ptolemy/actor/lib/test/auto/Commutator3.xml
2 ms. Memory: 359424K Free: 143026K (40%)
----------------- Invoking toplevel() on ptolemy.moml.MoMLSimpleApplication@16bae50f
----------------- Done invoking toplevel() on ptolemy.moml.MoMLSimpleApplication@16bae50f
reloadAllAccessors: .Commutator3

===========================================================================================
----------------- testing Wed Jul 10 14:20:42 UTC 2019 /home/travis/build/icyphy/ptII/ptolemy/actor/lib/test/auto/Compare.xml
----------------- Instantiating /home/travis/build/icyphy/ptII/ptolemy/actor/lib/test/auto/Compare.xml
2 ms. Memory: 359424K Free: 136372K (38%)
----------------- Invoking toplevel() on ptolemy.moml.MoMLSimpleApplication@534f562c
----------------- Done invoking toplevel() on ptolemy.moml.MoMLSimpleApplication@534f562c
reloadAllAccessors: .Compare

===========================================================================================
----------------- testing Wed Jul 10 14:20:42 UTC 2019 /home/travis/build/icyphy/ptII/ptolemy/actor/lib/test/auto/CompareDE.xml
----------------- Instantiating /home/travis/build/icyphy/ptII/ptolemy/actor/lib/test/auto/CompareDE.xml
3 ms. Memory: 359424K Free: 129699K (36%)
----------------- Invoking toplevel() on ptolemy.moml.MoMLSimpleApplication@1873bd7a
----------------- Done invoking toplevel() on ptolemy.moml.MoMLSimpleApplication@1873bd7a
reloadAllAccessors: .CompareDE

===========================================================================================
----------------- testing Wed Jul 10 14:20:42 UTC 2019 /home/travis/build/icyphy/ptII/ptolemy/actor/lib/test/auto/ComplexDivide.xml
----------------- Instantiating /home/travis/build/icyphy/ptII/ptolemy/actor/lib/test/auto/ComplexDivide.xml
1 ms. Memory: 359424K Free: 125108K (35%)
----------------- Invoking toplevel() on ptolemy.moml.MoMLSimpleApplication@27ebc491
----------------- Done invoking toplevel() on ptolemy.moml.MoMLSimpleApplication@27ebc491
reloadAllAccessors: .ComplexDivide

===========================================================================================
----------------- testing Wed Jul 10 14:20:42 UTC 2019 /home/travis/build/icyphy/ptII/ptolemy/actor/lib/test/auto/ComputeHistogram.xml
----------------- Instantiating /home/travis/build/icyphy/ptII/ptolemy/actor/lib/test/auto/ComputeHistogram.xml
36 ms. Memory: 359424K Free: 112820K (31%)
----------------- Invoking toplevel() on ptolemy.moml.MoMLSimpleApplication@273ee503
----------------- Done invoking toplevel() on ptolemy.moml.MoMLSimpleApplication@273ee503
reloadAllAccessors: .ComputeHistogram

===========================================================================================
----------------- testing Wed Jul 10 14:20:42 UTC 2019 /home/travis/build/icyphy/ptII/ptolemy/actor/lib/test/auto/ConfigurationSelect.xml
----------------- Instantiating /home/travis/build/icyphy/ptII/ptolemy/actor/lib/test/auto/ConfigurationSelect.xml
10 ms. Memory: 359424K Free: 107155K (30%)
----------------- Invoking toplevel() on ptolemy.moml.MoMLSimpleApplication@3bc5c207
----------------- Done invoking toplevel() on ptolemy.moml.MoMLSimpleApplication@3bc5c207
reloadAllAccessors: .ConfigurationSelect

===========================================================================================
----------------- testing Wed Jul 10 14:20:42 UTC 2019 /home/travis/build/icyphy/ptII/ptolemy/actor/lib/test/auto/ConfigurationSelect2.xml
----------------- Instantiating /home/travis/build/icyphy/ptII/ptolemy/actor/lib/test/auto/ConfigurationSelect2.xml
2 ms. Memory: 359424K Free: 102580K (29%)
----------------- Invoking toplevel() on ptolemy.moml.MoMLSimpleApplication@495a1d62
----------------- Done invoking toplevel() on ptolemy.moml.MoMLSimpleApplication@495a1d62
reloadAllAccessors: .ConfigurationSelect2

===========================================================================================
----------------- testing Wed Jul 10 14:20:42 UTC 2019 /home/travis/build/icyphy/ptII/ptolemy/actor/lib/test/auto/ConfigurationSwitch.xml
----------------- Instantiating /home/travis/build/icyphy/ptII/ptolemy/actor/lib/test/auto/ConfigurationSwitch.xml
2 ms. Memory: 359424K Free: 310134K (86%)
----------------- Invoking toplevel() on ptolemy.moml.MoMLSimpleApplication@72c37b68
----------------- Done invoking toplevel() on ptolemy.moml.MoMLSimpleApplication@72c37b68
reloadAllAccessors: .ConfigurationSwitch

===========================================================================================
----------------- testing Wed Jul 10 14:20:42 UTC 2019 /home/travis/build/icyphy/ptII/ptolemy/actor/lib/test/auto/ConfigurationSwitch2.xml
----------------- Instantiating /home/travis/build/icyphy/ptII/ptolemy/actor/lib/test/auto/ConfigurationSwitch2.xml
3 ms. Memory: 359424K Free: 304500K (85%)
----------------- Invoking toplevel() on ptolemy.moml.MoMLSimpleApplication@4c6b2008
----------------- Done invoking toplevel() on ptolemy.moml.MoMLSimpleApplication@4c6b2008
reloadAllAccessors: .ConfigurationSwitch2

===========================================================================================
----------------- testing Wed Jul 10 14:20:42 UTC 2019 /home/travis/build/icyphy/ptII/ptolemy/actor/lib/test/auto/ConfigurationSwitchCloningBugWithClassRelationGroup.xml
----------------- Instantiating /home/travis/build/icyphy/ptII/ptolemy/actor/lib/test/auto/ConfigurationSwitchCloningBugWithClassRelationGroup.xml
1 ms. Memory: 359424K Free: 297332K (83%)
----------------- Invoking toplevel() on ptolemy.moml.MoMLSimpleApplication@45cbfc88
----------------- Done invoking toplevel() on ptolemy.moml.MoMLSimpleApplication@45cbfc88
reloadAllAccessors: .ConfigurationSwitchCloningBugWithClassRelationGroup

===========================================================================================
----------------- testing Wed Jul 10 14:20:42 UTC 2019 /home/travis/build/icyphy/ptII/ptolemy/actor/lib/test/auto/ConfigurationSwitchSelectSDF.xml
----------------- Instantiating /home/travis/build/icyphy/ptII/ptolemy/actor/lib/test/auto/ConfigurationSwitchSelectSDF.xml
3 ms. Memory: 359424K Free: 292212K (81%)
----------------- Invoking toplevel() on ptolemy.moml.MoMLSimpleApplication@44c14e51
----------------- Done invoking toplevel() on ptolemy.moml.MoMLSimpleApplication@44c14e51
reloadAllAccessors: .ConfigurationSwitchSelectSDF

===========================================================================================
----------------- testing Wed Jul 10 14:20:42 UTC 2019 /home/travis/build/icyphy/ptII/ptolemy/actor/lib/test/auto/ConfigurationSwitchSelectSDF2.xml
----------------- Instantiating /home/travis/build/icyphy/ptII/ptolemy/actor/lib/test/auto/ConfigurationSwitchSelectSDF2.xml
2 ms. Memory: 359424K Free: 286068K (80%)
----------------- Invoking toplevel() on ptolemy.moml.MoMLSimpleApplication@76122484
----------------- Done invoking toplevel() on ptolemy.moml.MoMLSimpleApplication@76122484
reloadAllAccessors: .ConfigurationSwitchSelectSDF2

===========================================================================================
----------------- testing Wed Jul 10 14:20:42 UTC 2019 /home/travis/build/icyphy/ptII/ptolemy/actor/lib/test/auto/Const.xml
----------------- Instantiating /home/travis/build/icyphy/ptII/ptolemy/actor/lib/test/auto/Const.xml
1 ms. Memory: 359424K Free: 282486K (79%)
----------------- Invoking toplevel() on ptolemy.moml.MoMLSimpleApplication@79227c1a
----------------- Done invoking toplevel() on ptolemy.moml.MoMLSimpleApplication@79227c1a
reloadAllAccessors: .Const

===========================================================================================
----------------- testing Wed Jul 10 14:20:42 UTC 2019 /home/travis/build/icyphy/ptII/ptolemy/actor/lib/test/auto/Const2.xml
----------------- Instantiating /home/travis/build/icyphy/ptII/ptolemy/actor/lib/test/auto/Const2.xml
1 ms. Memory: 359424K Free: 278900K (78%)
----------------- Invoking toplevel() on ptolemy.moml.MoMLSimpleApplication@1af3fe0d
----------------- Done invoking toplevel() on ptolemy.moml.MoMLSimpleApplication@1af3fe0d
reloadAllAccessors: .Const2

===========================================================================================
----------------- testing Wed Jul 10 14:20:42 UTC 2019 /home/travis/build/icyphy/ptII/ptolemy/actor/lib/test/auto/Const3.xml
----------------- Instantiating /home/travis/build/icyphy/ptII/ptolemy/actor/lib/test/auto/Const3.xml
1 ms. Memory: 359424K Free: 275828K (77%)
----------------- Invoking toplevel() on ptolemy.moml.MoMLSimpleApplication@b31fb00
----------------- Done invoking toplevel() on ptolemy.moml.MoMLSimpleApplication@b31fb00
reloadAllAccessors: .Const3

===========================================================================================
----------------- testing Wed Jul 10 14:20:42 UTC 2019 /home/travis/build/icyphy/ptII/ptolemy/actor/lib/test/auto/ConstantPublisherPort1.xml
----------------- Instantiating /home/travis/build/icyphy/ptII/ptolemy/actor/lib/test/auto/ConstantPublisherPort1.xml
6 ms. Memory: 359424K Free: 267636K (74%)
----------------- Invoking toplevel() on ptolemy.moml.MoMLSimpleApplication@3ecfb132
----------------- Done invoking toplevel() on ptolemy.moml.MoMLSimpleApplication@3ecfb132
reloadAllAccessors: .ConstantPublisherPort1

===========================================================================================
----------------- testing Wed Jul 10 14:20:42 UTC 2019 /home/travis/build/icyphy/ptII/ptolemy/actor/lib/test/auto/ConstantPublisherPort2.xml
----------------- Instantiating /home/travis/build/icyphy/ptII/ptolemy/actor/lib/test/auto/ConstantPublisherPort2.xml
10 ms. Memory: 359424K Free: 259958K (72%)
----------------- Invoking toplevel() on ptolemy.moml.MoMLSimpleApplication@2d584fa6
----------------- Done invoking toplevel() on ptolemy.moml.MoMLSimpleApplication@2d584fa6
reloadAllAccessors: .ConstantPublisherPort2

===========================================================================================
----------------- testing Wed Jul 10 14:20:42 UTC 2019 /home/travis/build/icyphy/ptII/ptolemy/actor/lib/test/auto/ConstantPublisherPort3.xml
----------------- Instantiating /home/travis/build/icyphy/ptII/ptolemy/actor/lib/test/auto/ConstantPublisherPort3.xml
5 ms. Memory: 359424K Free: 252276K (70%)
----------------- Invoking toplevel() on ptolemy.moml.MoMLSimpleApplication@1a29f26b
----------------- Done invoking toplevel() on ptolemy.moml.MoMLSimpleApplication@1a29f26b
reloadAllAccessors: .ConstantPublisherPort3

===========================================================================================
----------------- testing Wed Jul 10 14:20:42 UTC 2019 /home/travis/build/icyphy/ptII/ptolemy/actor/lib/test/auto/ConstantPublisherPort4.xml
----------------- Instantiating /home/travis/build/icyphy/ptII/ptolemy/actor/lib/test/auto/ConstantPublisherPort4.xml
4 ms. Memory: 359424K Free: 245622K (68%)
----------------- Invoking toplevel() on ptolemy.moml.MoMLSimpleApplication@e2c6d61
----------------- Done invoking toplevel() on ptolemy.moml.MoMLSimpleApplication@e2c6d61
reloadAllAccessors: .ConstantPublisherPort4

===========================================================================================
----------------- testing Wed Jul 10 14:20:42 UTC 2019 /home/travis/build/icyphy/ptII/ptolemy/actor/lib/test/auto/ConstantPublisherPort5.xml
----------------- Instantiating /home/travis/build/icyphy/ptII/ptolemy/actor/lib/test/auto/ConstantPublisherPort5.xml
30 ms. Memory: 359424K Free: 235892K (66%)
----------------- Invoking toplevel() on ptolemy.moml.MoMLSimpleApplication@4d1035b1
----------------- Done invoking toplevel() on ptolemy.moml.MoMLSimpleApplication@4d1035b1
reloadAllAccessors: .ConstantPublisherPort5

===========================================================================================
----------------- testing Wed Jul 10 14:20:42 UTC 2019 /home/travis/build/icyphy/ptII/ptolemy/actor/lib/test/auto/ConstantPublisherPort6.xml
----------------- Instantiating /home/travis/build/icyphy/ptII/ptolemy/actor/lib/test/auto/ConstantPublisherPort6.xml
14 ms. Memory: 359424K Free: 227190K (63%)
----------------- Invoking toplevel() on ptolemy.moml.MoMLSimpleApplication@209e4b30
----------------- Done invoking toplevel() on ptolemy.moml.MoMLSimpleApplication@209e4b30
reloadAllAccessors: .ConstantPublisherPort6

===========================================================================================
----------------- testing Wed Jul 10 14:20:42 UTC 2019 /home/travis/build/icyphy/ptII/ptolemy/actor/lib/test/auto/ConstantPublisherPort7.xml
----------------- Instantiating /home/travis/build/icyphy/ptII/ptolemy/actor/lib/test/auto/ConstantPublisherPort7.xml
20 ms. Memory: 359424K Free: 217460K (61%)
----------------- Invoking toplevel() on ptolemy.moml.MoMLSimpleApplication@78b9856d
----------------- Done invoking toplevel() on ptolemy.moml.MoMLSimpleApplication@78b9856d
reloadAllAccessors: .ConstantPublisherPort7

===========================================================================================
----------------- testing Wed Jul 10 14:20:42 UTC 2019 /home/travis/build/icyphy/ptII/ptolemy/actor/lib/test/auto/ConstraintMonitor1.xml
----------------- Instantiating /home/travis/build/icyphy/ptII/ptolemy/actor/lib/test/auto/ConstraintMonitor1.xml
6 ms. Memory: 359424K Free: 212340K (59%)
----------------- Invoking toplevel() on ptolemy.moml.MoMLSimpleApplication@3a470413
----------------- Done invoking toplevel() on ptolemy.moml.MoMLSimpleApplication@3a470413
reloadAllAccessors: .ConstraintMonitor1

===========================================================================================
----------------- testing Wed Jul 10 14:20:42 UTC 2019 /home/travis/build/icyphy/ptII/ptolemy/actor/lib/test/auto/ConstraintMonitor2.xml
----------------- Instantiating /home/travis/build/icyphy/ptII/ptolemy/actor/lib/test/auto/ConstraintMonitor2.xml
4 ms. Memory: 359424K Free: 208244K (58%)
----------------- Invoking toplevel() on ptolemy.moml.MoMLSimpleApplication@4d5684ac
----------------- Done invoking toplevel() on ptolemy.moml.MoMLSimpleApplication@4d5684ac
reloadAllAccessors: .ConstraintMonitor2

===========================================================================================
----------------- testing Wed Jul 10 14:20:42 UTC 2019 /home/travis/build/icyphy/ptII/ptolemy/actor/lib/test/auto/ConstraintMonitor3.xml
----------------- Instantiating /home/travis/build/icyphy/ptII/ptolemy/actor/lib/test/auto/ConstraintMonitor3.xml
5 ms. Memory: 359424K Free: 203638K (57%)
----------------- Invoking toplevel() on ptolemy.moml.MoMLSimpleApplication@17cb5e54
----------------- Done invoking toplevel() on ptolemy.moml.MoMLSimpleApplication@17cb5e54
reloadAllAccessors: .ConstraintMonitor3

===========================================================================================
----------------- testing Wed Jul 10 14:20:42 UTC 2019 /home/travis/build/icyphy/ptII/ptolemy/actor/lib/test/auto/ConstraintMonitor4.xml
----------------- Instantiating /home/travis/build/icyphy/ptII/ptolemy/actor/lib/test/auto/ConstraintMonitor4.xml
4 ms. Memory: 359424K Free: 199028K (55%)
----------------- Invoking toplevel() on ptolemy.moml.MoMLSimpleApplication@7bdc479b
----------------- Done invoking toplevel() on ptolemy.moml.MoMLSimpleApplication@7bdc479b
reloadAllAccessors: .ConstraintMonitor4

===========================================================================================
----------------- testing Wed Jul 10 14:20:42 UTC 2019 /home/travis/build/icyphy/ptII/ptolemy/actor/lib/test/auto/ConstraintMonitor5.xml
----------------- Instantiating /home/travis/build/icyphy/ptII/ptolemy/actor/lib/test/auto/ConstraintMonitor5.xml
5 ms. Memory: 359424K Free: 193878K (54%)
----------------- Invoking toplevel() on ptolemy.moml.MoMLSimpleApplication@1f94c5de
----------------- Done invoking toplevel() on ptolemy.moml.MoMLSimpleApplication@1f94c5de
reloadAllAccessors: .ConstraintMonitor5

===========================================================================================
----------------- testing Wed Jul 10 14:20:42 UTC 2019 /home/travis/build/icyphy/ptII/ptolemy/actor/lib/test/auto/ConstraintMonitor6.xml
----------------- Instantiating /home/travis/build/icyphy/ptII/ptolemy/actor/lib/test/auto/ConstraintMonitor6.xml
3 ms. Memory: 359424K Free: 187254K (52%)
----------------- Invoking toplevel() on ptolemy.moml.MoMLSimpleApplication@3976b47c
----------------- Done invoking toplevel() on ptolemy.moml.MoMLSimpleApplication@3976b47c
reloadAllAccessors: .ConstraintMonitor6

===========================================================================================
----------------- testing Wed Jul 10 14:20:42 UTC 2019 /home/travis/build/icyphy/ptII/ptolemy/actor/lib/test/auto/ConstraintMonitor7.xml
----------------- Instantiating /home/travis/build/icyphy/ptII/ptolemy/actor/lib/test/auto/ConstraintMonitor7.xml
6 ms. Memory: 359424K Free: 181110K (50%)
----------------- Invoking toplevel() on ptolemy.moml.MoMLSimpleApplication@10580c39
----------------- Done invoking toplevel() on ptolemy.moml.MoMLSimpleApplication@10580c39
reloadAllAccessors: .ConstraintMonitor7

===========================================================================================
----------------- testing Wed Jul 10 14:20:42 UTC 2019 /home/travis/build/icyphy/ptII/ptolemy/actor/lib/test/auto/ConstraintMonitor8.xml
----------------- Instantiating /home/travis/build/icyphy/ptII/ptolemy/actor/lib/test/auto/ConstraintMonitor8.xml
6 ms. Memory: 359424K Free: 173422K (48%)
----------------- Invoking toplevel() on ptolemy.moml.MoMLSimpleApplication@421867d8
----------------- Done invoking toplevel() on ptolemy.moml.MoMLSimpleApplication@421867d8
reloadAllAccessors: .ConstraintMonitor8

===========================================================================================
----------------- testing Wed Jul 10 14:20:42 UTC 2019 /home/travis/build/icyphy/ptII/ptolemy/actor/lib/test/auto/Counter.xml
----------------- Instantiating /home/travis/build/icyphy/ptII/ptolemy/actor/lib/test/auto/Counter.xml
2 ms. Memory: 359424K Free: 168308K (47%)
----------------- Invoking toplevel() on ptolemy.moml.MoMLSimpleApplication@229c90ad
----------------- Done invoking toplevel() on ptolemy.moml.MoMLSimpleApplication@229c90ad
reloadAllAccessors: .Counter

===========================================================================================
----------------- testing Wed Jul 10 14:20:42 UTC 2019 /home/travis/build/icyphy/ptII/ptolemy/actor/lib/test/auto/CurrentTimeSDF.xml
----------------- Instantiating /home/travis/build/icyphy/ptII/ptolemy/actor/lib/test/auto/CurrentTimeSDF.xml
1 ms. Memory: 359424K Free: 164726K (46%)
----------------- Invoking toplevel() on ptolemy.moml.MoMLSimpleApplication@a633c9c
----------------- Done invoking toplevel() on ptolemy.moml.MoMLSimpleApplication@a633c9c
reloadAllAccessors: .CurrentTimeSDF

===========================================================================================
----------------- testing Wed Jul 10 14:20:42 UTC 2019 /home/travis/build/icyphy/ptII/ptolemy/actor/lib/test/auto/DB.xml
----------------- Instantiating /home/travis/build/icyphy/ptII/ptolemy/actor/lib/test/auto/DB.xml
3 ms. Memory: 359424K Free: 159606K (44%)
----------------- Invoking toplevel() on ptolemy.moml.MoMLSimpleApplication@43824840
----------------- Done invoking toplevel() on ptolemy.moml.MoMLSimpleApplication@43824840
reloadAllAccessors: .DB

===========================================================================================
----------------- testing Wed Jul 10 14:20:42 UTC 2019 /home/travis/build/icyphy/ptII/ptolemy/actor/lib/test/auto/DBDE.xml
----------------- Instantiating /home/travis/build/icyphy/ptII/ptolemy/actor/lib/test/auto/DBDE.xml
2 ms. Memory: 359424K Free: 153942K (43%)
----------------- Invoking toplevel() on ptolemy.moml.MoMLSimpleApplication@2b7172f0
----------------- Done invoking toplevel() on ptolemy.moml.MoMLSimpleApplication@2b7172f0
reloadAllAccessors: .DBDE

===========================================================================================
----------------- testing Wed Jul 10 14:20:42 UTC 2019 /home/travis/build/icyphy/ptII/ptolemy/actor/lib/test/auto/DateConstructor.xml
----------------- Instantiating /home/travis/build/icyphy/ptII/ptolemy/actor/lib/test/auto/DateConstructor.xml
33 ms. Memory: 359424K Free: 136054K (38%)
----------------- Invoking toplevel() on ptolemy.moml.MoMLSimpleApplication@13fc3523
----------------- Done invoking toplevel() on ptolemy.moml.MoMLSimpleApplication@13fc3523
reloadAllAccessors: .DateConstructor

===========================================================================================
----------------- testing Wed Jul 10 14:20:43 UTC 2019 /home/travis/build/icyphy/ptII/ptolemy/actor/lib/test/auto/DelayTime.xml
----------------- Instantiating /home/travis/build/icyphy/ptII/ptolemy/actor/lib/test/auto/DelayTime.xml
6 ms. Memory: 359424K Free: 130934K (36%)
----------------- Invoking toplevel() on ptolemy.moml.MoMLSimpleApplication@1e81f2c4
----------------- Done invoking toplevel() on ptolemy.moml.MoMLSimpleApplication@1e81f2c4
reloadAllAccessors: .DelayTime

===========================================================================================
----------------- testing Wed Jul 10 14:20:43 UTC 2019 /home/travis/build/icyphy/ptII/ptolemy/actor/lib/test/auto/Dictionary1.xml
----------------- Instantiating /home/travis/build/icyphy/ptII/ptolemy/actor/lib/test/auto/Dictionary1.xml
1 ms. Memory: 359424K Free: 125300K (35%)
----------------- Invoking toplevel() on ptolemy.moml.MoMLSimpleApplication@6f5aaafa
----------------- Done invoking toplevel() on ptolemy.moml.MoMLSimpleApplication@6f5aaafa
reloadAllAccessors: .Dictionary1

===========================================================================================
----------------- testing Wed Jul 10 14:20:43 UTC 2019 /home/travis/build/icyphy/ptII/ptolemy/actor/lib/test/auto/Dictionary2.xml
----------------- Instantiating /home/travis/build/icyphy/ptII/ptolemy/actor/lib/test/auto/Dictionary2.xml
5 ms. Memory: 359424K Free: 120180K (33%)
----------------- Invoking toplevel() on ptolemy.moml.MoMLSimpleApplication@79c86938
----------------- Done invoking toplevel() on ptolemy.moml.MoMLSimpleApplication@79c86938
reloadAllAccessors: .Dictionary2

===========================================================================================
----------------- testing Wed Jul 10 14:20:43 UTC 2019 /home/travis/build/icyphy/ptII/ptolemy/actor/lib/test/auto/Dictionary3.xml
----------------- Instantiating /home/travis/build/icyphy/ptII/ptolemy/actor/lib/test/auto/Dictionary3.xml
1 ms. Memory: 359424K Free: 114550K (32%)
----------------- Invoking toplevel() on ptolemy.moml.MoMLSimpleApplication@2cd8cff8
----------------- Done invoking toplevel() on ptolemy.moml.MoMLSimpleApplication@2cd8cff8
reloadAllAccessors: .Dictionary3

===========================================================================================
----------------- testing Wed Jul 10 14:20:43 UTC 2019 /home/travis/build/icyphy/ptII/ptolemy/actor/lib/test/auto/Dictionary4.xml
----------------- Instantiating /home/travis/build/icyphy/ptII/ptolemy/actor/lib/test/auto/Dictionary4.xml
5 ms. Memory: 359424K Free: 107382K (30%)
----------------- Invoking toplevel() on ptolemy.moml.MoMLSimpleApplication@57a7bb5
----------------- Done invoking toplevel() on ptolemy.moml.MoMLSimpleApplication@57a7bb5
reloadAllAccessors: .Dictionary4

===========================================================================================
----------------- testing Wed Jul 10 14:20:43 UTC 2019 /home/travis/build/icyphy/ptII/ptolemy/actor/lib/test/auto/Differential.xml
----------------- Instantiating /home/travis/build/icyphy/ptII/ptolemy/actor/lib/test/auto/Differential.xml
3 ms. Memory: 359424K Free: 103286K (29%)
----------------- Invoking toplevel() on ptolemy.moml.MoMLSimpleApplication@3109e0b7
----------------- Done invoking toplevel() on ptolemy.moml.MoMLSimpleApplication@3109e0b7
reloadAllAccessors: .Differential

===========================================================================================
----------------- testing Wed Jul 10 14:20:43 UTC 2019 /home/travis/build/icyphy/ptII/ptolemy/actor/lib/test/auto/Director.xml
----------------- Instantiating /home/travis/build/icyphy/ptII/ptolemy/actor/lib/test/auto/Director.xml
11 ms. Memory: 359424K Free: 311553K (87%)
----------------- Invoking toplevel() on ptolemy.moml.MoMLSimpleApplication@e89e3e6
----------------- Done invoking toplevel() on ptolemy.moml.MoMLSimpleApplication@e89e3e6
reloadAllAccessors: .Director

===========================================================================================
----------------- testing Wed Jul 10 14:20:43 UTC 2019 /home/travis/build/icyphy/ptII/ptolemy/actor/lib/test/auto/DiscreteClock.xml
----------------- Instantiating /home/travis/build/icyphy/ptII/ptolemy/actor/lib/test/auto/DiscreteClock.xml
4 ms. Memory: 359424K Free: 306947K (85%)
----------------- Invoking toplevel() on ptolemy.moml.MoMLSimpleApplication@7a7ca90e
----------------- Done invoking toplevel() on ptolemy.moml.MoMLSimpleApplication@7a7ca90e
reloadAllAccessors: .DiscreteClock

===========================================================================================
----------------- testing Wed Jul 10 14:20:43 UTC 2019 /home/travis/build/icyphy/ptII/ptolemy/actor/lib/test/auto/DiscreteClock10.xml
----------------- Instantiating /home/travis/build/icyphy/ptII/ptolemy/actor/lib/test/auto/DiscreteClock10.xml
2 ms. Memory: 359424K Free: 301313K (84%)
----------------- Invoking toplevel() on ptolemy.moml.MoMLSimpleApplication@5dbe7f7
----------------- Done invoking toplevel() on ptolemy.moml.MoMLSimpleApplication@5dbe7f7
reloadAllAccessors: .DiscreteClock10

===========================================================================================
----------------- testing Wed Jul 10 14:20:43 UTC 2019 /home/travis/build/icyphy/ptII/ptolemy/actor/lib/test/auto/DiscreteClock11.xml
----------------- Instantiating /home/travis/build/icyphy/ptII/ptolemy/actor/lib/test/auto/DiscreteClock11.xml
2 ms. Memory: 359424K Free: 295169K (82%)
----------------- Invoking toplevel() on ptolemy.moml.MoMLSimpleApplication@332aaf08
----------------- Done invoking toplevel() on ptolemy.moml.MoMLSimpleApplication@332aaf08
reloadAllAccessors: .DiscreteClock11

===========================================================================================
----------------- testing Wed Jul 10 14:20:43 UTC 2019 /home/travis/build/icyphy/ptII/ptolemy/actor/lib/test/auto/DiscreteClock12.xml
----------------- Instantiating /home/travis/build/icyphy/ptII/ptolemy/actor/lib/test/auto/DiscreteClock12.xml
3 ms. Memory: 359424K Free: 289025K (80%)
----------------- Invoking toplevel() on ptolemy.moml.MoMLSimpleApplication@42cd8ed7
----------------- Done invoking toplevel() on ptolemy.moml.MoMLSimpleApplication@42cd8ed7
reloadAllAccessors: .DiscreteClock12

===========================================================================================
----------------- testing Wed Jul 10 14:20:43 UTC 2019 /home/travis/build/icyphy/ptII/ptolemy/actor/lib/test/auto/DiscreteClock13.xml
----------------- Instantiating /home/travis/build/icyphy/ptII/ptolemy/actor/lib/test/auto/DiscreteClock13.xml
4 ms. Memory: 359424K Free: 282867K (79%)
----------------- Invoking toplevel() on ptolemy.moml.MoMLSimpleApplication@2119e2d0
----------------- Done invoking toplevel() on ptolemy.moml.MoMLSimpleApplication@2119e2d0
reloadAllAccessors: .DiscreteClock13

===========================================================================================
----------------- testing Wed Jul 10 14:20:43 UTC 2019 /home/travis/build/icyphy/ptII/ptolemy/actor/lib/test/auto/DiscreteClock14.xml
----------------- Instantiating /home/travis/build/icyphy/ptII/ptolemy/actor/lib/test/auto/DiscreteClock14.xml
5 ms. Memory: 359424K Free: 277251K (77%)
----------------- Invoking toplevel() on ptolemy.moml.MoMLSimpleApplication@94deea2
----------------- Done invoking toplevel() on ptolemy.moml.MoMLSimpleApplication@94deea2
reloadAllAccessors: .DiscreteClock14

===========================================================================================
----------------- testing Wed Jul 10 14:20:43 UTC 2019 /home/travis/build/icyphy/ptII/ptolemy/actor/lib/test/auto/DiscreteClock15.xml
----------------- Instantiating /home/travis/build/icyphy/ptII/ptolemy/actor/lib/test/auto/DiscreteClock15.xml
5 ms. Memory: 359424K Free: 271107K (75%)
----------------- Invoking toplevel() on ptolemy.moml.MoMLSimpleApplication@12adf2ff
----------------- Done invoking toplevel() on ptolemy.moml.MoMLSimpleApplication@12adf2ff
reloadAllAccessors: .DiscreteClock15

===========================================================================================
----------------- testing Wed Jul 10 14:20:43 UTC 2019 /home/travis/build/icyphy/ptII/ptolemy/actor/lib/test/auto/DiscreteClock16.xml
----------------- Instantiating /home/travis/build/icyphy/ptII/ptolemy/actor/lib/test/auto/DiscreteClock16.xml
18 ms. Memory: 359424K Free: 257267K (72%)
----------------- Invoking toplevel() on ptolemy.moml.MoMLSimpleApplication@7af4dab7
----------------- Done invoking toplevel() on ptolemy.moml.MoMLSimpleApplication@7af4dab7
reloadAllAccessors: .DiscreteClock16

===========================================================================================
----------------- testing Wed Jul 10 14:20:43 UTC 2019 /home/travis/build/icyphy/ptII/ptolemy/actor/lib/test/auto/DiscreteClock17.xml
----------------- Instantiating /home/travis/build/icyphy/ptII/ptolemy/actor/lib/test/auto/DiscreteClock17.xml
18 ms. Memory: 359424K Free: 242915K (68%)
----------------- Invoking toplevel() on ptolemy.moml.MoMLSimpleApplication@5f93f274
----------------- Done invoking toplevel() on ptolemy.moml.MoMLSimpleApplication@5f93f274
reloadAllAccessors: .DiscreteClock17

===========================================================================================
----------------- testing Wed Jul 10 14:20:43 UTC 2019 /home/travis/build/icyphy/ptII/ptolemy/actor/lib/test/auto/DiscreteClock18.xml
----------------- Instantiating /home/travis/build/icyphy/ptII/ptolemy/actor/lib/test/auto/DiscreteClock18.xml
24 ms. Memory: 359424K Free: 229619K (64%)
----------------- Invoking toplevel() on ptolemy.moml.MoMLSimpleApplication@3d107ec
----------------- Done invoking toplevel() on ptolemy.moml.MoMLSimpleApplication@3d107ec
reloadAllAccessors: .DiscreteClock18

===========================================================================================
----------------- testing Wed Jul 10 14:20:43 UTC 2019 /home/travis/build/icyphy/ptII/ptolemy/actor/lib/test/auto/DiscreteClock19.xml
----------------- Instantiating /home/travis/build/icyphy/ptII/ptolemy/actor/lib/test/auto/DiscreteClock19.xml
19 ms. Memory: 359424K Free: 215811K (60%)
----------------- Invoking toplevel() on ptolemy.moml.MoMLSimpleApplication@62a93f0a
----------------- Done invoking toplevel() on ptolemy.moml.MoMLSimpleApplication@62a93f0a
reloadAllAccessors: .DiscreteClock19

===========================================================================================
----------------- testing Wed Jul 10 14:20:43 UTC 2019 /home/travis/build/icyphy/ptII/ptolemy/actor/lib/test/auto/DiscreteClock2.xml
----------------- Instantiating /home/travis/build/icyphy/ptII/ptolemy/actor/lib/test/auto/DiscreteClock2.xml
3 ms. Memory: 359424K Free: 210691K (59%)
----------------- Invoking toplevel() on ptolemy.moml.MoMLSimpleApplication@7b558ea8
----------------- Done invoking toplevel() on ptolemy.moml.MoMLSimpleApplication@7b558ea8
reloadAllAccessors: .DiscreteClock2

===========================================================================================
----------------- testing Wed Jul 10 14:20:43 UTC 2019 /home/travis/build/icyphy/ptII/ptolemy/actor/lib/test/auto/DiscreteClock20.xml
----------------- Instantiating /home/travis/build/icyphy/ptII/ptolemy/actor/lib/test/auto/DiscreteClock20.xml
10 ms. Memory: 359424K Free: 205057K (57%)
----------------- Invoking toplevel() on ptolemy.moml.MoMLSimpleApplication@7b12a0f3
----------------- Done invoking toplevel() on ptolemy.moml.MoMLSimpleApplication@7b12a0f3
reloadAllAccessors: .DiscreteClock20

===========================================================================================
----------------- testing Wed Jul 10 14:20:43 UTC 2019 /home/travis/build/icyphy/ptII/ptolemy/actor/lib/test/auto/DiscreteClock21.xml
----------------- Instantiating /home/travis/build/icyphy/ptII/ptolemy/actor/lib/test/auto/DiscreteClock21.xml
4 ms. Memory: 359424K Free: 199937K (56%)
----------------- Invoking toplevel() on ptolemy.moml.MoMLSimpleApplication@6e899c4f
----------------- Done invoking toplevel() on ptolemy.moml.MoMLSimpleApplication@6e899c4f
reloadAllAccessors: .DiscreteClock21

===========================================================================================
----------------- testing Wed Jul 10 14:20:43 UTC 2019 /home/travis/build/icyphy/ptII/ptolemy/actor/lib/test/auto/DiscreteClock22.xml
----------------- Instantiating /home/travis/build/icyphy/ptII/ptolemy/actor/lib/test/auto/DiscreteClock22.xml
6 ms. Memory: 359424K Free: 194307K (54%)
----------------- Invoking toplevel() on ptolemy.moml.MoMLSimpleApplication@7bf6ba7e
----------------- Done invoking toplevel() on ptolemy.moml.MoMLSimpleApplication@7bf6ba7e
reloadAllAccessors: .DiscreteClock22

===========================================================================================
----------------- testing Wed Jul 10 14:20:43 UTC 2019 /home/travis/build/icyphy/ptII/ptolemy/actor/lib/test/auto/DiscreteClock23.xml
----------------- Instantiating /home/travis/build/icyphy/ptII/ptolemy/actor/lib/test/auto/DiscreteClock23.xml
13 ms. Memory: 359424K Free: 188673K (52%)
----------------- Invoking toplevel() on ptolemy.moml.MoMLSimpleApplication@1945827f
----------------- Done invoking toplevel() on ptolemy.moml.MoMLSimpleApplication@1945827f
reloadAllAccessors: .DiscreteClock23

===========================================================================================
----------------- testing Wed Jul 10 14:20:43 UTC 2019 /home/travis/build/icyphy/ptII/ptolemy/actor/lib/test/auto/DiscreteClock24.xml
----------------- Instantiating /home/travis/build/icyphy/ptII/ptolemy/actor/lib/test/auto/DiscreteClock24.xml
5 ms. Memory: 359424K Free: 183043K (51%)
----------------- Invoking toplevel() on ptolemy.moml.MoMLSimpleApplication@6e7370b6
----------------- Done invoking toplevel() on ptolemy.moml.MoMLSimpleApplication@6e7370b6
reloadAllAccessors: .DiscreteClock24

===========================================================================================
----------------- testing Wed Jul 10 14:20:43 UTC 2019 /home/travis/build/icyphy/ptII/ptolemy/actor/lib/test/auto/DiscreteClock4.xml
----------------- Instantiating /home/travis/build/icyphy/ptII/ptolemy/actor/lib/test/auto/DiscreteClock4.xml
4 ms. Memory: 359424K Free: 177403K (49%)
----------------- Invoking toplevel() on ptolemy.moml.MoMLSimpleApplication@6fe15775
----------------- Done invoking toplevel() on ptolemy.moml.MoMLSimpleApplication@6fe15775
reloadAllAccessors: .DiscreteClock4

===========================================================================================
----------------- testing Wed Jul 10 14:20:43 UTC 2019 /home/travis/build/icyphy/ptII/ptolemy/actor/lib/test/auto/DiscreteClock5.xml
----------------- Instantiating /home/travis/build/icyphy/ptII/ptolemy/actor/lib/test/auto/DiscreteClock5.xml
1 ms. Memory: 359424K Free: 172275K (48%)
----------------- Invoking toplevel() on ptolemy.moml.MoMLSimpleApplication@20ec2c5d
----------------- Done invoking toplevel() on ptolemy.moml.MoMLSimpleApplication@20ec2c5d
reloadAllAccessors: .DiscreteClock5

===========================================================================================
----------------- testing Wed Jul 10 14:20:43 UTC 2019 /home/travis/build/icyphy/ptII/ptolemy/actor/lib/test/auto/DiscreteClock6.xml
----------------- Instantiating /home/travis/build/icyphy/ptII/ptolemy/actor/lib/test/auto/DiscreteClock6.xml
1 ms. Memory: 359424K Free: 168193K (47%)
----------------- Invoking toplevel() on ptolemy.moml.MoMLSimpleApplication@12bdba85
----------------- Done invoking toplevel() on ptolemy.moml.MoMLSimpleApplication@12bdba85
reloadAllAccessors: .DiscreteClock6

===========================================================================================
----------------- testing Wed Jul 10 14:20:43 UTC 2019 /home/travis/build/icyphy/ptII/ptolemy/actor/lib/test/auto/DiscreteClock7.xml
----------------- Instantiating /home/travis/build/icyphy/ptII/ptolemy/actor/lib/test/auto/DiscreteClock7.xml
2 ms. Memory: 359424K Free: 163585K (46%)
----------------- Invoking toplevel() on ptolemy.moml.MoMLSimpleApplication@bc09474
----------------- Done invoking toplevel() on ptolemy.moml.MoMLSimpleApplication@bc09474
reloadAllAccessors: .DiscreteClock7

===========================================================================================
----------------- testing Wed Jul 10 14:20:43 UTC 2019 /home/travis/build/icyphy/ptII/ptolemy/actor/lib/test/auto/DiscreteClock8.xml
----------------- Instantiating /home/travis/build/icyphy/ptII/ptolemy/actor/lib/test/auto/DiscreteClock8.xml
2 ms. Memory: 359424K Free: 157939K (44%)
----------------- Invoking toplevel() on ptolemy.moml.MoMLSimpleApplication@52c03472
----------------- Done invoking toplevel() on ptolemy.moml.MoMLSimpleApplication@52c03472
reloadAllAccessors: .DiscreteClock8

===========================================================================================
----------------- testing Wed Jul 10 14:20:43 UTC 2019 /home/travis/build/icyphy/ptII/ptolemy/actor/lib/test/auto/DiscreteClock9.xml
----------------- Instantiating /home/travis/build/icyphy/ptII/ptolemy/actor/lib/test/auto/DiscreteClock9.xml
5 ms. Memory: 359424K Free: 152827K (43%)
----------------- Invoking toplevel() on ptolemy.moml.MoMLSimpleApplication@52f7057d
----------------- Done invoking toplevel() on ptolemy.moml.MoMLSimpleApplication@52f7057d
reloadAllAccessors: .DiscreteClock9

===========================================================================================
----------------- testing Wed Jul 10 14:20:43 UTC 2019 /home/travis/build/icyphy/ptII/ptolemy/actor/lib/test/auto/DisplayArray.xml
----------------- Instantiating /home/travis/build/icyphy/ptII/ptolemy/actor/lib/test/auto/DisplayArray.xml
1 ms. Memory: 359424K Free: 149251K (42%)
----------------- Invoking toplevel() on ptolemy.moml.MoMLSimpleApplication@16401774
----------------- Done invoking toplevel() on ptolemy.moml.MoMLSimpleApplication@16401774
reloadAllAccessors: .DisplayArray

===========================================================================================
----------------- testing Wed Jul 10 14:20:43 UTC 2019 /home/travis/build/icyphy/ptII/ptolemy/actor/lib/test/auto/Distributor.xml
----------------- Instantiating /home/travis/build/icyphy/ptII/ptolemy/actor/lib/test/auto/Distributor.xml
1 ms. Memory: 359424K Free: 144131K (40%)
----------------- Invoking toplevel() on ptolemy.moml.MoMLSimpleApplication@607ead6e
----------------- Done invoking toplevel() on ptolemy.moml.MoMLSimpleApplication@607ead6e
reloadAllAccessors: .Distributor

===========================================================================================
----------------- testing Wed Jul 10 14:20:43 UTC 2019 /home/travis/build/icyphy/ptII/ptolemy/actor/lib/test/auto/Distributor2.xml
----------------- Instantiating /home/travis/build/icyphy/ptII/ptolemy/actor/lib/test/auto/Distributor2.xml
1 ms. Memory: 359424K Free: 139011K (39%)
----------------- Invoking toplevel() on ptolemy.moml.MoMLSimpleApplication@6b374417
----------------- Done invoking toplevel() on ptolemy.moml.MoMLSimpleApplication@6b374417
reloadAllAccessors: .Distributor2

===========================================================================================
----------------- testing Wed Jul 10 14:20:43 UTC 2019 /home/travis/build/icyphy/ptII/ptolemy/actor/lib/test/auto/DownSample.xml
----------------- Instantiating /home/travis/build/icyphy/ptII/ptolemy/actor/lib/test/auto/DownSample.xml
1 ms. Memory: 359424K Free: 134401K (37%)
----------------- Invoking toplevel() on ptolemy.moml.MoMLSimpleApplication@1ca422a0
----------------- Done invoking toplevel() on ptolemy.moml.MoMLSimpleApplication@1ca422a0
reloadAllAccessors: .DownSample

===========================================================================================
----------------- testing Wed Jul 10 14:20:43 UTC 2019 /home/travis/build/icyphy/ptII/ptolemy/actor/lib/test/auto/ElectronicUnitBase1.xml
----------------- Instantiating /home/travis/build/icyphy/ptII/ptolemy/actor/lib/test/auto/ElectronicUnitBase1.xml
15 ms. Memory: 359424K Free: 119041K (33%)
----------------- Invoking toplevel() on ptolemy.moml.MoMLSimpleApplication@75662bb3
----------------- Done invoking toplevel() on ptolemy.moml.MoMLSimpleApplication@75662bb3
reloadAllAccessors: .ElectronicUnitBase1

===========================================================================================
----------------- testing Wed Jul 10 14:20:43 UTC 2019 /home/travis/build/icyphy/ptII/ptolemy/actor/lib/test/auto/ElementsToArray.xml
----------------- Instantiating /home/travis/build/icyphy/ptII/ptolemy/actor/lib/test/auto/ElementsToArray.xml
3 ms. Memory: 359424K Free: 113921K (32%)
----------------- Invoking toplevel() on ptolemy.moml.MoMLSimpleApplication@7ef93b8e
----------------- Done invoking toplevel() on ptolemy.moml.MoMLSimpleApplication@7ef93b8e
reloadAllAccessors: .ElementsToArray

===========================================================================================
----------------- testing Wed Jul 10 14:20:43 UTC 2019 /home/travis/build/icyphy/ptII/ptolemy/actor/lib/test/auto/Equals.xml
----------------- Instantiating /home/travis/build/icyphy/ptII/ptolemy/actor/lib/test/auto/Equals.xml
3 ms. Memory: 359424K Free: 109315K (30%)
----------------- Invoking toplevel() on ptolemy.moml.MoMLSimpleApplication@2f652bd9
----------------- Done invoking toplevel() on ptolemy.moml.MoMLSimpleApplication@2f652bd9
reloadAllAccessors: .Equals

===========================================================================================
----------------- testing Wed Jul 10 14:20:43 UTC 2019 /home/travis/build/icyphy/ptII/ptolemy/actor/lib/test/auto/Exec.xml
----------------- Instantiating /home/travis/build/icyphy/ptII/ptolemy/actor/lib/test/auto/Exec.xml
20 ms. Memory: 359424K Free: 103171K (29%)
----------------- Invoking toplevel() on ptolemy.moml.MoMLSimpleApplication@21697597
----------------- Done invoking toplevel() on ptolemy.moml.MoMLSimpleApplication@21697597
reloadAllAccessors: .Exec

===========================================================================================
----------------- testing Wed Jul 10 14:20:44 UTC 2019 /home/travis/build/icyphy/ptII/ptolemy/actor/lib/test/auto/ExecEnvironment.xml
----------------- Instantiating /home/travis/build/icyphy/ptII/ptolemy/actor/lib/test/auto/ExecEnvironment.xml
22 ms. Memory: 359424K Free: 309817K (86%)
----------------- Invoking toplevel() on ptolemy.moml.MoMLSimpleApplication@2558892c
----------------- Done invoking toplevel() on ptolemy.moml.MoMLSimpleApplication@2558892c
reloadAllAccessors: .ExecEnvironment

===========================================================================================
----------------- testing Wed Jul 10 14:20:44 UTC 2019 /home/travis/build/icyphy/ptII/ptolemy/actor/lib/test/auto/ExecNonZeroReturnOutput.xml
----------------- Instantiating /home/travis/build/icyphy/ptII/ptolemy/actor/lib/test/auto/ExecNonZeroReturnOutput.xml
197 ms. Memory: 359424K Free: 298041K (83%)
----------------- Invoking toplevel() on ptolemy.moml.MoMLSimpleApplication@380c3722
----------------- Done invoking toplevel() on ptolemy.moml.MoMLSimpleApplication@380c3722
reloadAllAccessors: .ExecNonZeroReturnOutput

===========================================================================================
----------------- testing Wed Jul 10 14:20:44 UTC 2019 /home/travis/build/icyphy/ptII/ptolemy/actor/lib/test/auto/ExecRunDemos.xml
----------------- Instantiating /home/travis/build/icyphy/ptII/ptolemy/actor/lib/test/auto/ExecRunDemos.xml
11353 ms. Memory: 359424K Free: 278075K (77%)

===========================================================================================
----------------- testing Wed Jul 10 14:20:55 UTC 2019 /home/travis/build/icyphy/ptII/ptolemy/actor/lib/test/auto/ExecStop.xml
----------------- Instantiating /home/travis/build/icyphy/ptII/ptolemy/actor/lib/test/auto/ExecStop.xml
5015 ms. Memory: 359424K Free: 158267K (44%)
----------------- Invoking toplevel() on ptolemy.moml.MoMLSimpleApplication@5bf020cf
----------------- Done invoking toplevel() on ptolemy.moml.MoMLSimpleApplication@5bf020cf
reloadAllAccessors: .ExecStop

===========================================================================================
----------------- testing Wed Jul 10 14:21:00 UTC 2019 /home/travis/build/icyphy/ptII/ptolemy/actor/lib/test/auto/ExecutionTimeSDF.xml
----------------- Instantiating /home/travis/build/icyphy/ptII/ptolemy/actor/lib/test/auto/ExecutionTimeSDF.xml
Fired ExecutionTime: 1808800000
Fired ExecutionTime: 1075200000
Fired ExecutionTime: -1097367296
6005 ms. Memory: 359424K Free: 145451K (40%)
----------------- Invoking toplevel() on ptolemy.moml.MoMLSimpleApplication@770e35a0
----------------- Done invoking toplevel() on ptolemy.moml.MoMLSimpleApplication@770e35a0
reloadAllAccessors: .ExecutionTimeSDF

===========================================================================================
----------------- testing Wed Jul 10 14:21:06 UTC 2019 /home/travis/build/icyphy/ptII/ptolemy/actor/lib/test/auto/Expression1.xml
----------------- Instantiating /home/travis/build/icyphy/ptII/ptolemy/actor/lib/test/auto/Expression1.xml
1 ms. Memory: 359424K Free: 141883K (39%)
----------------- Invoking toplevel() on ptolemy.moml.MoMLSimpleApplication@36a8aed4
----------------- Done invoking toplevel() on ptolemy.moml.MoMLSimpleApplication@36a8aed4
reloadAllAccessors: .Expression1

===========================================================================================
----------------- testing Wed Jul 10 14:21:06 UTC 2019 /home/travis/build/icyphy/ptII/ptolemy/actor/lib/test/auto/Expression10.xml
----------------- Instantiating /home/travis/build/icyphy/ptII/ptolemy/actor/lib/test/auto/Expression10.xml
8 ms. Memory: 359424K Free: 136763K (38%)
----------------- Invoking toplevel() on ptolemy.moml.MoMLSimpleApplication@2a5a06b4
----------------- Done invoking toplevel() on ptolemy.moml.MoMLSimpleApplication@2a5a06b4
reloadAllAccessors: .Expression10

===========================================================================================
----------------- testing Wed Jul 10 14:21:06 UTC 2019 /home/travis/build/icyphy/ptII/ptolemy/actor/lib/test/auto/Expression11.xml
----------------- Instantiating /home/travis/build/icyphy/ptII/ptolemy/actor/lib/test/auto/Expression11.xml
2 ms. Memory: 359424K Free: 132153K (37%)
----------------- Invoking toplevel() on ptolemy.moml.MoMLSimpleApplication@79cdc13c
----------------- Done invoking toplevel() on ptolemy.moml.MoMLSimpleApplication@79cdc13c
reloadAllAccessors: .Expression11

===========================================================================================
----------------- testing Wed Jul 10 14:21:06 UTC 2019 /home/travis/build/icyphy/ptII/ptolemy/actor/lib/test/auto/Expression12.xml
----------------- Instantiating /home/travis/build/icyphy/ptII/ptolemy/actor/lib/test/auto/Expression12.xml
2 ms. Memory: 359424K Free: 126523K (35%)
----------------- Invoking toplevel() on ptolemy.moml.MoMLSimpleApplication@612def7a
----------------- Done invoking toplevel() on ptolemy.moml.MoMLSimpleApplication@612def7a
reloadAllAccessors: .Expression12

===========================================================================================
----------------- testing Wed Jul 10 14:21:06 UTC 2019 /home/travis/build/icyphy/ptII/ptolemy/actor/lib/test/auto/Expression13.xml
----------------- Instantiating /home/travis/build/icyphy/ptII/ptolemy/actor/lib/test/auto/Expression13.xml
4 ms. Memory: 359424K Free: 121403K (34%)
----------------- Invoking toplevel() on ptolemy.moml.MoMLSimpleApplication@52a0b66c
----------------- Done invoking toplevel() on ptolemy.moml.MoMLSimpleApplication@52a0b66c
reloadAllAccessors: .Expression13

===========================================================================================
----------------- testing Wed Jul 10 14:21:06 UTC 2019 /home/travis/build/icyphy/ptII/ptolemy/actor/lib/test/auto/Expression14.xml
----------------- Instantiating /home/travis/build/icyphy/ptII/ptolemy/actor/lib/test/auto/Expression14.xml
7 ms. Memory: 359424K Free: 115259K (32%)
----------------- Invoking toplevel() on ptolemy.moml.MoMLSimpleApplication@64b4c15f
----------------- Done invoking toplevel() on ptolemy.moml.MoMLSimpleApplication@64b4c15f
reloadAllAccessors: .Expression14

===========================================================================================
----------------- testing Wed Jul 10 14:21:06 UTC 2019 /home/travis/build/icyphy/ptII/ptolemy/actor/lib/test/auto/Expression15.xml
----------------- Instantiating /home/travis/build/icyphy/ptII/ptolemy/actor/lib/test/auto/Expression15.xml
2 ms. Memory: 359424K Free: 112187K (31%)
----------------- Invoking toplevel() on ptolemy.moml.MoMLSimpleApplication@645a8558
----------------- Done invoking toplevel() on ptolemy.moml.MoMLSimpleApplication@645a8558
reloadAllAccessors: .Expression15

===========================================================================================
----------------- testing Wed Jul 10 14:21:06 UTC 2019 /home/travis/build/icyphy/ptII/ptolemy/actor/lib/test/auto/Expression16.xml
----------------- Instantiating /home/travis/build/icyphy/ptII/ptolemy/actor/lib/test/auto/Expression16.xml
3 ms. Memory: 359424K Free: 107067K (30%)
----------------- Invoking toplevel() on ptolemy.moml.MoMLSimpleApplication@297bd967
----------------- Done invoking toplevel() on ptolemy.moml.MoMLSimpleApplication@297bd967
reloadAllAccessors: .Expression16

===========================================================================================
----------------- testing Wed Jul 10 14:21:06 UTC 2019 /home/travis/build/icyphy/ptII/ptolemy/actor/lib/test/auto/Expression17.xml
----------------- Instantiating /home/travis/build/icyphy/ptII/ptolemy/actor/lib/test/auto/Expression17.xml
9 ms. Memory: 359424K Free: 101947K (28%)
----------------- Invoking toplevel() on ptolemy.moml.MoMLSimpleApplication@5151d88
----------------- Done invoking toplevel() on ptolemy.moml.MoMLSimpleApplication@5151d88
reloadAllAccessors: .Expression17

===========================================================================================
----------------- testing Wed Jul 10 14:21:06 UTC 2019 /home/travis/build/icyphy/ptII/ptolemy/actor/lib/test/auto/Expression18.xml
----------------- Instantiating /home/travis/build/icyphy/ptII/ptolemy/actor/lib/test/auto/Expression18.xml
3 ms. Memory: 359424K Free: 308899K (86%)
----------------- Invoking toplevel() on ptolemy.moml.MoMLSimpleApplication@829ea14
----------------- Done invoking toplevel() on ptolemy.moml.MoMLSimpleApplication@829ea14
reloadAllAccessors: .Expression18

===========================================================================================
----------------- testing Wed Jul 10 14:21:06 UTC 2019 /home/travis/build/icyphy/ptII/ptolemy/actor/lib/test/auto/Expression2.xml
----------------- Instantiating /home/travis/build/icyphy/ptII/ptolemy/actor/lib/test/auto/Expression2.xml
4 ms. Memory: 359424K Free: 303794K (85%)
----------------- Invoking toplevel() on ptolemy.moml.MoMLSimpleApplication@7f69c3d4
----------------- Done invoking toplevel() on ptolemy.moml.MoMLSimpleApplication@7f69c3d4
reloadAllAccessors: .Expression2

===========================================================================================
----------------- testing Wed Jul 10 14:21:06 UTC 2019 /home/travis/build/icyphy/ptII/ptolemy/actor/lib/test/auto/Expression3.xml
----------------- Instantiating /home/travis/build/icyphy/ptII/ptolemy/actor/lib/test/auto/Expression3.xml
7 ms. Memory: 359424K Free: 298674K (83%)
----------------- Invoking toplevel() on ptolemy.moml.MoMLSimpleApplication@3dc89744
----------------- Done invoking toplevel() on ptolemy.moml.MoMLSimpleApplication@3dc89744
reloadAllAccessors: .Expression3

===========================================================================================
----------------- testing Wed Jul 10 14:21:07 UTC 2019 /home/travis/build/icyphy/ptII/ptolemy/actor/lib/test/auto/Expression4.xml
----------------- Instantiating /home/travis/build/icyphy/ptII/ptolemy/actor/lib/test/auto/Expression4.xml
6 ms. Memory: 359424K Free: 290996K (81%)
----------------- Invoking toplevel() on ptolemy.moml.MoMLSimpleApplication@fa22fa0
----------------- Done invoking toplevel() on ptolemy.moml.MoMLSimpleApplication@fa22fa0
reloadAllAccessors: .Expression4

===========================================================================================
----------------- testing Wed Jul 10 14:21:07 UTC 2019 /home/travis/build/icyphy/ptII/ptolemy/actor/lib/test/auto/Expression5.xml
----------------- Instantiating /home/travis/build/icyphy/ptII/ptolemy/actor/lib/test/auto/Expression5.xml
3 ms. Memory: 359424K Free: 285876K (80%)
----------------- Invoking toplevel() on ptolemy.moml.MoMLSimpleApplication@5643cd3f
----------------- Done invoking toplevel() on ptolemy.moml.MoMLSimpleApplication@5643cd3f
reloadAllAccessors: .Expression5

===========================================================================================
----------------- testing Wed Jul 10 14:21:07 UTC 2019 /home/travis/build/icyphy/ptII/ptolemy/actor/lib/test/auto/Expression6.xml
----------------- Instantiating /home/travis/build/icyphy/ptII/ptolemy/actor/lib/test/auto/Expression6.xml
2 ms. Memory: 359424K Free: 281780K (78%)
----------------- Invoking toplevel() on ptolemy.moml.MoMLSimpleApplication@521b14ea
----------------- Done invoking toplevel() on ptolemy.moml.MoMLSimpleApplication@521b14ea
reloadAllAccessors: .Expression6

===========================================================================================
----------------- testing Wed Jul 10 14:21:07 UTC 2019 /home/travis/build/icyphy/ptII/ptolemy/actor/lib/test/auto/Expression7.xml
----------------- Instantiating /home/travis/build/icyphy/ptII/ptolemy/actor/lib/test/auto/Expression7.xml
3 ms. Memory: 359424K Free: 276660K (77%)
----------------- Invoking toplevel() on ptolemy.moml.MoMLSimpleApplication@6bbeb63c
----------------- Done invoking toplevel() on ptolemy.moml.MoMLSimpleApplication@6bbeb63c
reloadAllAccessors: .Expression7

===========================================================================================
----------------- testing Wed Jul 10 14:21:07 UTC 2019 /home/travis/build/icyphy/ptII/ptolemy/actor/lib/test/auto/Expression8.xml
----------------- Instantiating /home/travis/build/icyphy/ptII/ptolemy/actor/lib/test/auto/Expression8.xml
8 ms. Memory: 359424K Free: 271540K (76%)
----------------- Invoking toplevel() on ptolemy.moml.MoMLSimpleApplication@4358f849
----------------- Done invoking toplevel() on ptolemy.moml.MoMLSimpleApplication@4358f849
reloadAllAccessors: .Expression8

===========================================================================================
----------------- testing Wed Jul 10 14:21:07 UTC 2019 /home/travis/build/icyphy/ptII/ptolemy/actor/lib/test/auto/Expression9.xml
----------------- Instantiating /home/travis/build/icyphy/ptII/ptolemy/actor/lib/test/auto/Expression9.xml
2 ms. Memory: 359424K Free: 267444K (74%)
----------------- Invoking toplevel() on ptolemy.moml.MoMLSimpleApplication@79d5814b
----------------- Done invoking toplevel() on ptolemy.moml.MoMLSimpleApplication@79d5814b
reloadAllAccessors: .Expression9

===========================================================================================
----------------- testing Wed Jul 10 14:21:07 UTC 2019 /home/travis/build/icyphy/ptII/ptolemy/actor/lib/test/auto/ExpressionConcatenateArrayType.xml
----------------- Instantiating /home/travis/build/icyphy/ptII/ptolemy/actor/lib/test/auto/ExpressionConcatenateArrayType.xml
4 ms. Memory: 359424K Free: 260786K (73%)
----------------- Invoking toplevel() on ptolemy.moml.MoMLSimpleApplication@62c54d11
----------------- Done invoking toplevel() on ptolemy.moml.MoMLSimpleApplication@62c54d11
reloadAllAccessors: .ExpressionConcatenateArrayType

===========================================================================================
----------------- testing Wed Jul 10 14:21:07 UTC 2019 /home/travis/build/icyphy/ptII/ptolemy/actor/lib/test/auto/ExpressionConcatenateArrayType2.xml
----------------- Instantiating /home/travis/build/icyphy/ptII/ptolemy/actor/lib/test/auto/ExpressionConcatenateArrayType2.xml
2 ms. Memory: 359424K Free: 256180K (71%)
----------------- Invoking toplevel() on ptolemy.moml.MoMLSimpleApplication@221bd750
----------------- Done invoking toplevel() on ptolemy.moml.MoMLSimpleApplication@221bd750
reloadAllAccessors: .ExpressionConcatenateArrayType2

===========================================================================================
----------------- testing Wed Jul 10 14:21:07 UTC 2019 /home/travis/build/icyphy/ptII/ptolemy/actor/lib/test/auto/ExpressionFix.xml
----------------- Instantiating /home/travis/build/icyphy/ptII/ptolemy/actor/lib/test/auto/ExpressionFix.xml
24 ms. Memory: 359424K Free: 249519K (69%)
----------------- Invoking toplevel() on ptolemy.moml.MoMLSimpleApplication@685b9343
----------------- Done invoking toplevel() on ptolemy.moml.MoMLSimpleApplication@685b9343
reloadAllAccessors: .ExpressionFix

===========================================================================================
----------------- testing Wed Jul 10 14:21:07 UTC 2019 /home/travis/build/icyphy/ptII/ptolemy/actor/lib/test/auto/ExpressionFix2.xml
----------------- Instantiating /home/travis/build/icyphy/ptII/ptolemy/actor/lib/test/auto/ExpressionFix2.xml
2 ms. Memory: 359424K Free: 245426K (68%)
----------------- Invoking toplevel() on ptolemy.moml.MoMLSimpleApplication@3115d52b
----------------- Done invoking toplevel() on ptolemy.moml.MoMLSimpleApplication@3115d52b
reloadAllAccessors: .ExpressionFix2

===========================================================================================
----------------- testing Wed Jul 10 14:21:07 UTC 2019 /home/travis/build/icyphy/ptII/ptolemy/actor/lib/test/auto/ExpressionFix3.xml
----------------- Instantiating /home/travis/build/icyphy/ptII/ptolemy/actor/lib/test/auto/ExpressionFix3.xml
3 ms. Memory: 359424K Free: 241330K (67%)
----------------- Invoking toplevel() on ptolemy.moml.MoMLSimpleApplication@7a875cc7
----------------- Done invoking toplevel() on ptolemy.moml.MoMLSimpleApplication@7a875cc7
reloadAllAccessors: .ExpressionFix3

===========================================================================================
----------------- testing Wed Jul 10 14:21:07 UTC 2019 /home/travis/build/icyphy/ptII/ptolemy/actor/lib/test/auto/FileWriter1.xml
----------------- Instantiating /home/travis/build/icyphy/ptII/ptolemy/actor/lib/test/auto/FileWriter1.xml
2 ms. Memory: 359424K Free: 236210K (66%)
----------------- Invoking toplevel() on ptolemy.moml.MoMLSimpleApplication@bddbc0b
----------------- Done invoking toplevel() on ptolemy.moml.MoMLSimpleApplication@bddbc0b
reloadAllAccessors: .FileWriter1

===========================================================================================
----------------- testing Wed Jul 10 14:21:07 UTC 2019 /home/travis/build/icyphy/ptII/ptolemy/actor/lib/test/auto/FileWriter2.xml
----------------- Instantiating /home/travis/build/icyphy/ptII/ptolemy/actor/lib/test/auto/FileWriter2.xml
2 ms. Memory: 359424K Free: 231604K (64%)
----------------- Invoking toplevel() on ptolemy.moml.MoMLSimpleApplication@7d3c0132
----------------- Done invoking toplevel() on ptolemy.moml.MoMLSimpleApplication@7d3c0132
reloadAllAccessors: .FileWriter2

===========================================================================================
----------------- testing Wed Jul 10 14:21:07 UTC 2019 /home/travis/build/icyphy/ptII/ptolemy/actor/lib/test/auto/FileWriter3.xml
----------------- Instantiating /home/travis/build/icyphy/ptII/ptolemy/actor/lib/test/auto/FileWriter3.xml
5 ms. Memory: 359424K Free: 228018K (63%)
----------------- Invoking toplevel() on ptolemy.moml.MoMLSimpleApplication@790962d1
----------------- Done invoking toplevel() on ptolemy.moml.MoMLSimpleApplication@790962d1
reloadAllAccessors: .FileWriter3

===========================================================================================
----------------- testing Wed Jul 10 14:21:07 UTC 2019 /home/travis/build/icyphy/ptII/ptolemy/actor/lib/test/auto/Gaussian.xml
----------------- Instantiating /home/travis/build/icyphy/ptII/ptolemy/actor/lib/test/auto/Gaussian.xml
4 ms. Memory: 359424K Free: 223412K (62%)
----------------- Invoking toplevel() on ptolemy.moml.MoMLSimpleApplication@3ab7e51b
----------------- Done invoking toplevel() on ptolemy.moml.MoMLSimpleApplication@3ab7e51b
reloadAllAccessors: .Gaussian

===========================================================================================
----------------- testing Wed Jul 10 14:21:07 UTC 2019 /home/travis/build/icyphy/ptII/ptolemy/actor/lib/test/auto/Gaussian1.xml
----------------- Instantiating /home/travis/build/icyphy/ptII/ptolemy/actor/lib/test/auto/Gaussian1.xml
2 ms. Memory: 359424K Free: 217771K (61%)
----------------- Invoking toplevel() on ptolemy.moml.MoMLSimpleApplication@1403e4c1
----------------- Done invoking toplevel() on ptolemy.moml.MoMLSimpleApplication@1403e4c1
reloadAllAccessors: .Gaussian1

===========================================================================================
----------------- testing Wed Jul 10 14:21:07 UTC 2019 /home/travis/build/icyphy/ptII/ptolemy/actor/lib/test/auto/Gaussian2.xml
----------------- Instantiating /home/travis/build/icyphy/ptII/ptolemy/actor/lib/test/auto/Gaussian2.xml
2 ms. Memory: 359424K Free: 212148K (59%)
----------------- Invoking toplevel() on ptolemy.moml.MoMLSimpleApplication@3e93543e
----------------- Done invoking toplevel() on ptolemy.moml.MoMLSimpleApplication@3e93543e
reloadAllAccessors: .Gaussian2

===========================================================================================
----------------- testing Wed Jul 10 14:21:07 UTC 2019 /home/travis/build/icyphy/ptII/ptolemy/actor/lib/test/auto/GradientAdaptiveLattice.xml
----------------- Instantiating /home/travis/build/icyphy/ptII/ptolemy/actor/lib/test/auto/GradientAdaptiveLattice.xml
9 ms. Memory: 359424K Free: 207028K (58%)
----------------- Invoking toplevel() on ptolemy.moml.MoMLSimpleApplication@53382726
----------------- Done invoking toplevel() on ptolemy.moml.MoMLSimpleApplication@53382726
reloadAllAccessors: .GradientAdaptiveLattice

===========================================================================================
----------------- testing Wed Jul 10 14:21:07 UTC 2019 /home/travis/build/icyphy/ptII/ptolemy/actor/lib/test/auto/IIR.xml
----------------- Instantiating /home/travis/build/icyphy/ptII/ptolemy/actor/lib/test/auto/IIR.xml
2 ms. Memory: 359424K Free: 202418K (56%)
----------------- Invoking toplevel() on ptolemy.moml.MoMLSimpleApplication@44f2553a
----------------- Done invoking toplevel() on ptolemy.moml.MoMLSimpleApplication@44f2553a
reloadAllAccessors: .IIR

===========================================================================================
----------------- testing Wed Jul 10 14:21:07 UTC 2019 /home/travis/build/icyphy/ptII/ptolemy/actor/lib/test/auto/InputOutputTransparentPorts.xml
----------------- Instantiating /home/travis/build/icyphy/ptII/ptolemy/actor/lib/test/auto/InputOutputTransparentPorts.xml
1 ms. Memory: 359424K Free: 195764K (54%)
----------------- Invoking toplevel() on ptolemy.moml.MoMLSimpleApplication@67cea231
----------------- Done invoking toplevel() on ptolemy.moml.MoMLSimpleApplication@67cea231
reloadAllAccessors: .InputOutputTransparentPorts

===========================================================================================
----------------- testing Wed Jul 10 14:21:07 UTC 2019 /home/travis/build/icyphy/ptII/ptolemy/actor/lib/test/auto/Interpolator.xml
----------------- Instantiating /home/travis/build/icyphy/ptII/ptolemy/actor/lib/test/auto/Interpolator.xml
3 ms. Memory: 359424K Free: 191154K (53%)
----------------- Invoking toplevel() on ptolemy.moml.MoMLSimpleApplication@5a1b5731
----------------- Done invoking toplevel() on ptolemy.moml.MoMLSimpleApplication@5a1b5731
reloadAllAccessors: .Interpolator

===========================================================================================
----------------- testing Wed Jul 10 14:21:07 UTC 2019 /home/travis/build/icyphy/ptII/ptolemy/actor/lib/test/auto/InterpolatorFiringLimitDE.xml
----------------- Instantiating /home/travis/build/icyphy/ptII/ptolemy/actor/lib/test/auto/InterpolatorFiringLimitDE.xml
4 ms. Memory: 359424K Free: 185010K (51%)
----------------- Invoking toplevel() on ptolemy.moml.MoMLSimpleApplication@6e144932
----------------- Done invoking toplevel() on ptolemy.moml.MoMLSimpleApplication@6e144932
reloadAllAccessors: .InterpolatorFiringLimitDE

===========================================================================================
----------------- testing Wed Jul 10 14:21:07 UTC 2019 /home/travis/build/icyphy/ptII/ptolemy/actor/lib/test/auto/Lattice.xml
----------------- Instantiating /home/travis/build/icyphy/ptII/ptolemy/actor/lib/test/auto/Lattice.xml
1 ms. Memory: 359424K Free: 180914K (50%)
----------------- Invoking toplevel() on ptolemy.moml.MoMLSimpleApplication@401ac5f8
----------------- Done invoking toplevel() on ptolemy.moml.MoMLSimpleApplication@401ac5f8
reloadAllAccessors: .Lattice

===========================================================================================
----------------- testing Wed Jul 10 14:21:07 UTC 2019 /home/travis/build/icyphy/ptII/ptolemy/actor/lib/test/auto/LazyAOCTestLazy.xml
----------------- Instantiating /home/travis/build/icyphy/ptII/ptolemy/actor/lib/test/auto/LazyAOCTestLazy.xml
21 ms. Memory: 359424K Free: 174763K (49%)
----------------- Invoking toplevel() on ptolemy.moml.MoMLSimpleApplication@5e8e02b
----------------- Done invoking toplevel() on ptolemy.moml.MoMLSimpleApplication@5e8e02b
reloadAllAccessors: .LazyAOCTestLazy

===========================================================================================
----------------- testing Wed Jul 10 14:21:07 UTC 2019 /home/travis/build/icyphy/ptII/ptolemy/actor/lib/test/auto/LazyAOCTestNonLazy.xml
----------------- Instantiating /home/travis/build/icyphy/ptII/ptolemy/actor/lib/test/auto/LazyAOCTestNonLazy.xml
3 ms. Memory: 359424K Free: 168116K (47%)
----------------- Invoking toplevel() on ptolemy.moml.MoMLSimpleApplication@4d90332c
----------------- Done invoking toplevel() on ptolemy.moml.MoMLSimpleApplication@4d90332c
reloadAllAccessors: .LazyAOCTestNonLazy

===========================================================================================
----------------- testing Wed Jul 10 14:21:07 UTC 2019 /home/travis/build/icyphy/ptII/ptolemy/actor/lib/test/auto/LazyInnerClass.xml
----------------- Instantiating /home/travis/build/icyphy/ptII/ptolemy/actor/lib/test/auto/LazyInnerClass.xml
12 ms. Memory: 359424K Free: 159379K (44%)
----------------- Invoking toplevel() on ptolemy.moml.MoMLSimpleApplication@74f260a
----------------- Done invoking toplevel() on ptolemy.moml.MoMLSimpleApplication@74f260a
reloadAllAccessors: .LazyInnerClass

===========================================================================================
----------------- testing Wed Jul 10 14:21:07 UTC 2019 /home/travis/build/icyphy/ptII/ptolemy/actor/lib/test/auto/LazyPubSub.xml
----------------- Instantiating /home/travis/build/icyphy/ptII/ptolemy/actor/lib/test/auto/LazyPubSub.xml
20 ms. Memory: 359424K Free: 149684K (42%)
----------------- Invoking toplevel() on ptolemy.moml.MoMLSimpleApplication@60a82c03
----------------- Done invoking toplevel() on ptolemy.moml.MoMLSimpleApplication@60a82c03
reloadAllAccessors: .LazyPubSub

===========================================================================================
----------------- testing Wed Jul 10 14:21:07 UTC 2019 /home/travis/build/icyphy/ptII/ptolemy/actor/lib/test/auto/LazyPubSub2.xml
----------------- Instantiating /home/travis/build/icyphy/ptII/ptolemy/actor/lib/test/auto/LazyPubSub2.xml
13 ms. Memory: 359424K Free: 139444K (39%)
----------------- Invoking toplevel() on ptolemy.moml.MoMLSimpleApplication@3f115008
----------------- Done invoking toplevel() on ptolemy.moml.MoMLSimpleApplication@3f115008
reloadAllAccessors: .LazyPubSub2

===========================================================================================
----------------- testing Wed Jul 10 14:21:07 UTC 2019 /home/travis/build/icyphy/ptII/ptolemy/actor/lib/test/auto/LazyPubSub3.xml
----------------- Instantiating /home/travis/build/icyphy/ptII/ptolemy/actor/lib/test/auto/LazyPubSub3.xml
9 ms. Memory: 359424K Free: 129204K (36%)
----------------- Invoking toplevel() on ptolemy.moml.MoMLSimpleApplication@4885a2ae
----------------- Done invoking toplevel() on ptolemy.moml.MoMLSimpleApplication@4885a2ae
reloadAllAccessors: .LazyPubSub3

===========================================================================================
----------------- testing Wed Jul 10 14:21:07 UTC 2019 /home/travis/build/icyphy/ptII/ptolemy/actor/lib/test/auto/LazySubClassModel.xml
----------------- Instantiating /home/travis/build/icyphy/ptII/ptolemy/actor/lib/test/auto/LazySubClassModel.xml
2 ms. Memory: 359424K Free: 119474K (33%)
----------------- Invoking toplevel() on ptolemy.moml.MoMLSimpleApplication@4652f48b
----------------- Done invoking toplevel() on ptolemy.moml.MoMLSimpleApplication@4652f48b
reloadAllAccessors: .LazySubClassModel

===========================================================================================
----------------- testing Wed Jul 10 14:21:07 UTC 2019 /home/travis/build/icyphy/ptII/ptolemy/actor/lib/test/auto/LevelCrossTest1.xml
----------------- Instantiating /home/travis/build/icyphy/ptII/ptolemy/actor/lib/test/auto/LevelCrossTest1.xml
1 ms. Memory: 359424K Free: 113844K (32%)
----------------- Invoking toplevel() on ptolemy.moml.MoMLSimpleApplication@237e62f4
----------------- Done invoking toplevel() on ptolemy.moml.MoMLSimpleApplication@237e62f4
reloadAllAccessors: .broken

===========================================================================================
----------------- testing Wed Jul 10 14:21:07 UTC 2019 /home/travis/build/icyphy/ptII/ptolemy/actor/lib/test/auto/LevelCrossTest10.xml
----------------- Instantiating /home/travis/build/icyphy/ptII/ptolemy/actor/lib/test/auto/LevelCrossTest10.xml
2 ms. Memory: 359424K Free: 106676K (30%)
----------------- Invoking toplevel() on ptolemy.moml.MoMLSimpleApplication@56de7105
----------------- Done invoking toplevel() on ptolemy.moml.MoMLSimpleApplication@56de7105
reloadAllAccessors: .LevelCrossTest10

===========================================================================================
----------------- testing Wed Jul 10 14:21:07 UTC 2019 /home/travis/build/icyphy/ptII/ptolemy/actor/lib/test/auto/LevelCrossTest11.xml
----------------- Instantiating /home/travis/build/icyphy/ptII/ptolemy/actor/lib/test/auto/LevelCrossTest11.xml
1 ms. Memory: 359424K Free: 99508K (28%)
----------------- Invoking toplevel() on ptolemy.moml.MoMLSimpleApplication@58a8fb4f
----------------- Done invoking toplevel() on ptolemy.moml.MoMLSimpleApplication@58a8fb4f
reloadAllAccessors: .LevelCrossTest11

===========================================================================================
----------------- testing Wed Jul 10 14:21:07 UTC 2019 /home/travis/build/icyphy/ptII/ptolemy/actor/lib/test/auto/LevelCrossTest12.xml
----------------- Instantiating /home/travis/build/icyphy/ptII/ptolemy/actor/lib/test/auto/LevelCrossTest12.xml
1 ms. Memory: 359424K Free: 303796K (85%)
----------------- Invoking toplevel() on ptolemy.moml.MoMLSimpleApplication@1e75263e
----------------- Done invoking toplevel() on ptolemy.moml.MoMLSimpleApplication@1e75263e
reloadAllAccessors: .LevelCrossTest12

===========================================================================================
----------------- testing Wed Jul 10 14:21:07 UTC 2019 /home/travis/build/icyphy/ptII/ptolemy/actor/lib/test/auto/LevelCrossTest13.xml
----------------- Instantiating /home/travis/build/icyphy/ptII/ptolemy/actor/lib/test/auto/LevelCrossTest13.xml
1 ms. Memory: 359424K Free: 297138K (83%)
----------------- Invoking toplevel() on ptolemy.moml.MoMLSimpleApplication@75c0817
----------------- Done invoking toplevel() on ptolemy.moml.MoMLSimpleApplication@75c0817
reloadAllAccessors: .LevelCrossTest13

===========================================================================================
----------------- testing Wed Jul 10 14:21:07 UTC 2019 /home/travis/build/icyphy/ptII/ptolemy/actor/lib/test/auto/LevelCrossTest2.xml
----------------- Instantiating /home/travis/build/icyphy/ptII/ptolemy/actor/lib/test/auto/LevelCrossTest2.xml
4 ms. Memory: 359424K Free: 291508K (81%)
----------------- Invoking toplevel() on ptolemy.moml.MoMLSimpleApplication@3bdb32ed
----------------- Done invoking toplevel() on ptolemy.moml.MoMLSimpleApplication@3bdb32ed
reloadAllAccessors: .broken

===========================================================================================
----------------- testing Wed Jul 10 14:21:07 UTC 2019 /home/travis/build/icyphy/ptII/ptolemy/actor/lib/test/auto/LevelCrossTest3.xml
----------------- Instantiating /home/travis/build/icyphy/ptII/ptolemy/actor/lib/test/auto/LevelCrossTest3.xml
1 ms. Memory: 359424K Free: 285364K (79%)
----------------- Invoking toplevel() on ptolemy.moml.MoMLSimpleApplication@bb53f47
----------------- Done invoking toplevel() on ptolemy.moml.MoMLSimpleApplication@bb53f47
reloadAllAccessors: .LevelCrossTest3

===========================================================================================
----------------- testing Wed Jul 10 14:21:07 UTC 2019 /home/travis/build/icyphy/ptII/ptolemy/actor/lib/test/auto/LevelCrossTest4.xml
----------------- Instantiating /home/travis/build/icyphy/ptII/ptolemy/actor/lib/test/auto/LevelCrossTest4.xml
1 ms. Memory: 359424K Free: 279730K (78%)
----------------- Invoking toplevel() on ptolemy.moml.MoMLSimpleApplication@7ae111cf
----------------- Done invoking toplevel() on ptolemy.moml.MoMLSimpleApplication@7ae111cf
reloadAllAccessors: .broken

===========================================================================================
----------------- testing Wed Jul 10 14:21:07 UTC 2019 /home/travis/build/icyphy/ptII/ptolemy/actor/lib/test/auto/LevelCrossTest5.xml
----------------- Instantiating /home/travis/build/icyphy/ptII/ptolemy/actor/lib/test/auto/LevelCrossTest5.xml
1 ms. Memory: 359424K Free: 272562K (76%)
----------------- Invoking toplevel() on ptolemy.moml.MoMLSimpleApplication@76d61910
----------------- Done invoking toplevel() on ptolemy.moml.MoMLSimpleApplication@76d61910
reloadAllAccessors: .LevelCrossTest5

===========================================================================================
----------------- testing Wed Jul 10 14:21:07 UTC 2019 /home/travis/build/icyphy/ptII/ptolemy/actor/lib/test/auto/LevelCrossTest6.xml
----------------- Instantiating /home/travis/build/icyphy/ptII/ptolemy/actor/lib/test/auto/LevelCrossTest6.xml
2 ms. Memory: 359424K Free: 265908K (74%)
----------------- Invoking toplevel() on ptolemy.moml.MoMLSimpleApplication@2ba34107
----------------- Done invoking toplevel() on ptolemy.moml.MoMLSimpleApplication@2ba34107
reloadAllAccessors: .LevelCrossTest6

===========================================================================================
----------------- testing Wed Jul 10 14:21:07 UTC 2019 /home/travis/build/icyphy/ptII/ptolemy/actor/lib/test/auto/LevelCrossTest7.xml
----------------- Instantiating /home/travis/build/icyphy/ptII/ptolemy/actor/lib/test/auto/LevelCrossTest7.xml
2 ms. Memory: 359424K Free: 257716K (72%)
----------------- Invoking toplevel() on ptolemy.moml.MoMLSimpleApplication@a85d327
----------------- Done invoking toplevel() on ptolemy.moml.MoMLSimpleApplication@a85d327
reloadAllAccessors: .LevelCrossTest7

===========================================================================================
----------------- testing Wed Jul 10 14:21:07 UTC 2019 /home/travis/build/icyphy/ptII/ptolemy/actor/lib/test/auto/LevelCrossTest8.xml
----------------- Instantiating /home/travis/build/icyphy/ptII/ptolemy/actor/lib/test/auto/LevelCrossTest8.xml
1 ms. Memory: 359424K Free: 250548K (70%)
----------------- Invoking toplevel() on ptolemy.moml.MoMLSimpleApplication@3b0b2bb5
----------------- Done invoking toplevel() on ptolemy.moml.MoMLSimpleApplication@3b0b2bb5
reloadAllAccessors: .LevelCrossTest8

===========================================================================================
----------------- testing Wed Jul 10 14:21:08 UTC 2019 /home/travis/build/icyphy/ptII/ptolemy/actor/lib/test/auto/LevelCrossTest9.xml
----------------- Instantiating /home/travis/build/icyphy/ptII/ptolemy/actor/lib/test/auto/LevelCrossTest9.xml
1 ms. Memory: 359424K Free: 243380K (68%)
----------------- Invoking toplevel() on ptolemy.moml.MoMLSimpleApplication@12ae4149
----------------- Done invoking toplevel() on ptolemy.moml.MoMLSimpleApplication@12ae4149
reloadAllAccessors: .LevelCrossTest9

===========================================================================================
----------------- testing Wed Jul 10 14:21:08 UTC 2019 /home/travis/build/icyphy/ptII/ptolemy/actor/lib/test/auto/LevinsonDurbin.xml
----------------- Instantiating /home/travis/build/icyphy/ptII/ptolemy/actor/lib/test/auto/LevinsonDurbin.xml
6 ms. Memory: 359424K Free: 239284K (67%)
----------------- Invoking toplevel() on ptolemy.moml.MoMLSimpleApplication@ac2e2c8
----------------- Done invoking toplevel() on ptolemy.moml.MoMLSimpleApplication@ac2e2c8
reloadAllAccessors: .LevinsonDurbin

===========================================================================================
----------------- testing Wed Jul 10 14:21:08 UTC 2019 /home/travis/build/icyphy/ptII/ptolemy/actor/lib/test/auto/LevinsonDurbin2.xml
----------------- Instantiating /home/travis/build/icyphy/ptII/ptolemy/actor/lib/test/auto/LevinsonDurbin2.xml
2 ms. Memory: 359424K Free: 235698K (66%)
----------------- Invoking toplevel() on ptolemy.moml.MoMLSimpleApplication@76e76aae
----------------- Done invoking toplevel() on ptolemy.moml.MoMLSimpleApplication@76e76aae
reloadAllAccessors: .LevinsonDurbin2

===========================================================================================
----------------- testing Wed Jul 10 14:21:08 UTC 2019 /home/travis/build/icyphy/ptII/ptolemy/actor/lib/test/auto/LevinsonDurbin3.xml
----------------- Instantiating /home/travis/build/icyphy/ptII/ptolemy/actor/lib/test/auto/LevinsonDurbin3.xml
1 ms. Memory: 359424K Free: 231602K (64%)
----------------- Invoking toplevel() on ptolemy.moml.MoMLSimpleApplication@50ccf595
----------------- Done invoking toplevel() on ptolemy.moml.MoMLSimpleApplication@50ccf595
reloadAllAccessors: .LevinsonDurbin3

===========================================================================================
----------------- testing Wed Jul 10 14:21:08 UTC 2019 /home/travis/build/icyphy/ptII/ptolemy/actor/lib/test/auto/Limiter.xml
----------------- Instantiating /home/travis/build/icyphy/ptII/ptolemy/actor/lib/test/auto/Limiter.xml
4 ms. Memory: 359424K Free: 222380K (62%)
----------------- Invoking toplevel() on ptolemy.moml.MoMLSimpleApplication@3943514f
----------------- Done invoking toplevel() on ptolemy.moml.MoMLSimpleApplication@3943514f
reloadAllAccessors: .Limiter

===========================================================================================
----------------- testing Wed Jul 10 14:21:08 UTC 2019 /home/travis/build/icyphy/ptII/ptolemy/actor/lib/test/auto/LinearDifferenceEquationSystem.xml
----------------- Instantiating /home/travis/build/icyphy/ptII/ptolemy/actor/lib/test/auto/LinearDifferenceEquationSystem.xml
9 ms. Memory: 359424K Free: 215218K (60%)
----------------- Invoking toplevel() on ptolemy.moml.MoMLSimpleApplication@9c42880
----------------- Done invoking toplevel() on ptolemy.moml.MoMLSimpleApplication@9c42880
reloadAllAccessors: .LinearDifferenceEquationSystem

===========================================================================================
----------------- testing Wed Jul 10 14:21:08 UTC 2019 /home/travis/build/icyphy/ptII/ptolemy/actor/lib/test/auto/LookupTable.xml
----------------- Instantiating /home/travis/build/icyphy/ptII/ptolemy/actor/lib/test/auto/LookupTable.xml
2 ms. Memory: 359424K Free: 210612K (59%)
----------------- Invoking toplevel() on ptolemy.moml.MoMLSimpleApplication@27930ef9
----------------- Done invoking toplevel() on ptolemy.moml.MoMLSimpleApplication@27930ef9
reloadAllAccessors: .LookupTable

===========================================================================================
----------------- testing Wed Jul 10 14:21:08 UTC 2019 /home/travis/build/icyphy/ptII/ptolemy/actor/lib/test/auto/MathFunction.xml
----------------- Instantiating /home/travis/build/icyphy/ptII/ptolemy/actor/lib/test/auto/MathFunction.xml
2 ms. Memory: 359424K Free: 202420K (56%)
----------------- Invoking toplevel() on ptolemy.moml.MoMLSimpleApplication@9df399c
----------------- Done invoking toplevel() on ptolemy.moml.MoMLSimpleApplication@9df399c
reloadAllAccessors: .MathFunction

===========================================================================================
----------------- testing Wed Jul 10 14:21:08 UTC 2019 /home/travis/build/icyphy/ptII/ptolemy/actor/lib/test/auto/MathFunction2.xml
----------------- Instantiating /home/travis/build/icyphy/ptII/ptolemy/actor/lib/test/auto/MathFunction2.xml
2 ms. Memory: 359424K Free: 198324K (55%)
----------------- Invoking toplevel() on ptolemy.moml.MoMLSimpleApplication@797b9378
----------------- Done invoking toplevel() on ptolemy.moml.MoMLSimpleApplication@797b9378
reloadAllAccessors: .MathFunction2

===========================================================================================
----------------- testing Wed Jul 10 14:21:08 UTC 2019 /home/travis/build/icyphy/ptII/ptolemy/actor/lib/test/auto/MathFunction3.xml
----------------- Instantiating /home/travis/build/icyphy/ptII/ptolemy/actor/lib/test/auto/MathFunction3.xml
5 ms. Memory: 359424K Free: 191156K (53%)
----------------- Invoking toplevel() on ptolemy.moml.MoMLSimpleApplication@76bba653
----------------- Done invoking toplevel() on ptolemy.moml.MoMLSimpleApplication@76bba653
reloadAllAccessors: .MathFunction3

===========================================================================================
----------------- testing Wed Jul 10 14:21:08 UTC 2019 /home/travis/build/icyphy/ptII/ptolemy/actor/lib/test/auto/MatrixCropBoolean.xml
----------------- Instantiating /home/travis/build/icyphy/ptII/ptolemy/actor/lib/test/auto/MatrixCropBoolean.xml
2 ms. Memory: 359424K Free: 186036K (52%)
----------------- Invoking toplevel() on ptolemy.moml.MoMLSimpleApplication@38240835
----------------- Done invoking toplevel() on ptolemy.moml.MoMLSimpleApplication@38240835
reloadAllAccessors: .MatrixCropBoolean

===========================================================================================
----------------- testing Wed Jul 10 14:21:08 UTC 2019 /home/travis/build/icyphy/ptII/ptolemy/actor/lib/test/auto/MatrixCropComplex.xml
----------------- Instantiating /home/travis/build/icyphy/ptII/ptolemy/actor/lib/test/auto/MatrixCropComplex.xml
2 ms. Memory: 359424K Free: 181420K (50%)
----------------- Invoking toplevel() on ptolemy.moml.MoMLSimpleApplication@78dcd00e
----------------- Done invoking toplevel() on ptolemy.moml.MoMLSimpleApplication@78dcd00e
reloadAllAccessors: .MatrixCropComplex

===========================================================================================
----------------- testing Wed Jul 10 14:21:08 UTC 2019 /home/travis/build/icyphy/ptII/ptolemy/actor/lib/test/auto/MatrixCropDouble.xml
----------------- Instantiating /home/travis/build/icyphy/ptII/ptolemy/actor/lib/test/auto/MatrixCropDouble.xml
3 ms. Memory: 359424K Free: 176292K (49%)
----------------- Invoking toplevel() on ptolemy.moml.MoMLSimpleApplication@2ced6a7b
----------------- Done invoking toplevel() on ptolemy.moml.MoMLSimpleApplication@2ced6a7b
reloadAllAccessors: .MatrixCropDouble

===========================================================================================
----------------- testing Wed Jul 10 14:21:08 UTC 2019 /home/travis/build/icyphy/ptII/ptolemy/actor/lib/test/auto/MatrixCropFix.xml
----------------- Instantiating /home/travis/build/icyphy/ptII/ptolemy/actor/lib/test/auto/MatrixCropFix.xml
1 ms. Memory: 359424K Free: 171156K (48%)
----------------- Invoking toplevel() on ptolemy.moml.MoMLSimpleApplication@791aa543
----------------- Done invoking toplevel() on ptolemy.moml.MoMLSimpleApplication@791aa543
reloadAllAccessors: .MatrixCropFix

===========================================================================================
----------------- testing Wed Jul 10 14:21:08 UTC 2019 /home/travis/build/icyphy/ptII/ptolemy/actor/lib/test/auto/MatrixCropInt.xml
----------------- Instantiating /home/travis/build/icyphy/ptII/ptolemy/actor/lib/test/auto/MatrixCropInt.xml
1 ms. Memory: 359424K Free: 166052K (46%)
----------------- Invoking toplevel() on ptolemy.moml.MoMLSimpleApplication@2403ffbb
----------------- Done invoking toplevel() on ptolemy.moml.MoMLSimpleApplication@2403ffbb
reloadAllAccessors: .MatrixCropInt

===========================================================================================
----------------- testing Wed Jul 10 14:21:08 UTC 2019 /home/travis/build/icyphy/ptII/ptolemy/actor/lib/test/auto/MatrixCropLong.xml
----------------- Instantiating /home/travis/build/icyphy/ptII/ptolemy/actor/lib/test/auto/MatrixCropLong.xml
2 ms. Memory: 359424K Free: 160932K (45%)
----------------- Invoking toplevel() on ptolemy.moml.MoMLSimpleApplication@30e6e8c5
----------------- Done invoking toplevel() on ptolemy.moml.MoMLSimpleApplication@30e6e8c5
reloadAllAccessors: .MatrixCropLong

===========================================================================================
----------------- testing Wed Jul 10 14:21:08 UTC 2019 /home/travis/build/icyphy/ptII/ptolemy/actor/lib/test/auto/MatrixToArray.xml
----------------- Instantiating /home/travis/build/icyphy/ptII/ptolemy/actor/lib/test/auto/MatrixToArray.xml
12 ms. Memory: 359424K Free: 146100K (41%)
----------------- Invoking toplevel() on ptolemy.moml.MoMLSimpleApplication@49eb4f5b
----------------- Done invoking toplevel() on ptolemy.moml.MoMLSimpleApplication@49eb4f5b
reloadAllAccessors: .MatrixToArray

===========================================================================================
----------------- testing Wed Jul 10 14:21:08 UTC 2019 /home/travis/build/icyphy/ptII/ptolemy/actor/lib/test/auto/MaxIndex.xml
----------------- Instantiating /home/travis/build/icyphy/ptII/ptolemy/actor/lib/test/auto/MaxIndex.xml
3 ms. Memory: 359424K Free: 140980K (39%)
----------------- Invoking toplevel() on ptolemy.moml.MoMLSimpleApplication@44fa5aa0
----------------- Done invoking toplevel() on ptolemy.moml.MoMLSimpleApplication@44fa5aa0
reloadAllAccessors: .MaxIndex

===========================================================================================
----------------- testing Wed Jul 10 14:21:08 UTC 2019 /home/travis/build/icyphy/ptII/ptolemy/actor/lib/test/auto/Maximum.xml
----------------- Instantiating /home/travis/build/icyphy/ptII/ptolemy/actor/lib/test/auto/Maximum.xml
3 ms. Memory: 359424K Free: 134292K (37%)
----------------- Invoking toplevel() on ptolemy.moml.MoMLSimpleApplication@71f4b161
----------------- Done invoking toplevel() on ptolemy.moml.MoMLSimpleApplication@71f4b161
reloadAllAccessors: .Maximum

===========================================================================================
----------------- testing Wed Jul 10 14:21:08 UTC 2019 /home/travis/build/icyphy/ptII/ptolemy/actor/lib/test/auto/MaximumComplex.xml
----------------- Instantiating /home/travis/build/icyphy/ptII/ptolemy/actor/lib/test/auto/MaximumComplex.xml
5 ms. Memory: 359424K Free: 128164K (36%)
----------------- Invoking toplevel() on ptolemy.moml.MoMLSimpleApplication@43212cb4
----------------- Done invoking toplevel() on ptolemy.moml.MoMLSimpleApplication@43212cb4
reloadAllAccessors: .MaximumComplex

===========================================================================================
----------------- testing Wed Jul 10 14:21:08 UTC 2019 /home/travis/build/icyphy/ptII/ptolemy/actor/lib/test/auto/MethodCallTest.xml
----------------- Instantiating /home/travis/build/icyphy/ptII/ptolemy/actor/lib/test/auto/MethodCallTest.xml
2 ms. Memory: 359424K Free: 121524K (34%)
----------------- Invoking toplevel() on ptolemy.moml.MoMLSimpleApplication@79ee0b43
----------------- Done invoking toplevel() on ptolemy.moml.MoMLSimpleApplication@79ee0b43
reloadAllAccessors: .MethodCallTest

===========================================================================================
----------------- testing Wed Jul 10 14:21:08 UTC 2019 /home/travis/build/icyphy/ptII/ptolemy/actor/lib/test/auto/Minimum.xml
----------------- Instantiating /home/travis/build/icyphy/ptII/ptolemy/actor/lib/test/auto/Minimum.xml
2 ms. Memory: 359424K Free: 115380K (32%)
----------------- Invoking toplevel() on ptolemy.moml.MoMLSimpleApplication@220748b
----------------- Done invoking toplevel() on ptolemy.moml.MoMLSimpleApplication@220748b
reloadAllAccessors: .Minimum

===========================================================================================
----------------- testing Wed Jul 10 14:21:08 UTC 2019 /home/travis/build/icyphy/ptII/ptolemy/actor/lib/test/auto/MinimumComplex.xml
----------------- Instantiating /home/travis/build/icyphy/ptII/ptolemy/actor/lib/test/auto/MinimumComplex.xml
4 ms. Memory: 359424K Free: 109236K (30%)
----------------- Invoking toplevel() on ptolemy.moml.MoMLSimpleApplication@39c505b5
----------------- Done invoking toplevel() on ptolemy.moml.MoMLSimpleApplication@39c505b5
reloadAllAccessors: .MinimumComplex

===========================================================================================
----------------- testing Wed Jul 10 14:21:08 UTC 2019 /home/travis/build/icyphy/ptII/ptolemy/actor/lib/test/auto/MinimumMultiports.xml
----------------- Instantiating /home/travis/build/icyphy/ptII/ptolemy/actor/lib/test/auto/MinimumMultiports.xml
4 ms. Memory: 359424K Free: 100516K (28%)
----------------- Invoking toplevel() on ptolemy.moml.MoMLSimpleApplication@26cdca4
----------------- Done invoking toplevel() on ptolemy.moml.MoMLSimpleApplication@26cdca4
reloadAllAccessors: .MinimumMultiports

===========================================================================================
----------------- testing Wed Jul 10 14:21:08 UTC 2019 /home/travis/build/icyphy/ptII/ptolemy/actor/lib/test/auto/ModifyDate.xml
----------------- Instantiating /home/travis/build/icyphy/ptII/ptolemy/actor/lib/test/auto/ModifyDate.xml
7 ms. Memory: 359424K Free: 298618K (83%)
----------------- Invoking toplevel() on ptolemy.moml.MoMLSimpleApplication@16d1fb1
----------------- Done invoking toplevel() on ptolemy.moml.MoMLSimpleApplication@16d1fb1
reloadAllAccessors: .ModifyDate

===========================================================================================
----------------- testing Wed Jul 10 14:21:08 UTC 2019 /home/travis/build/icyphy/ptII/ptolemy/actor/lib/test/auto/ModifyDate2.xml
----------------- Instantiating /home/travis/build/icyphy/ptII/ptolemy/actor/lib/test/auto/ModifyDate2.xml
5 ms. Memory: 359424K Free: 289912K (81%)
----------------- Invoking toplevel() on ptolemy.moml.MoMLSimpleApplication@417217c8
----------------- Done invoking toplevel() on ptolemy.moml.MoMLSimpleApplication@417217c8
reloadAllAccessors: .ModifyDate2

===========================================================================================
----------------- testing Wed Jul 10 14:21:08 UTC 2019 /home/travis/build/icyphy/ptII/ptolemy/actor/lib/test/auto/MovingAverage.xml
----------------- Instantiating /home/travis/build/icyphy/ptII/ptolemy/actor/lib/test/auto/MovingAverage.xml
10 ms. Memory: 359424K Free: 284792K (79%)
----------------- Invoking toplevel() on ptolemy.moml.MoMLSimpleApplication@58ce0917
----------------- Done invoking toplevel() on ptolemy.moml.MoMLSimpleApplication@58ce0917
reloadAllAccessors: .MovingAverage

===========================================================================================
----------------- testing Wed Jul 10 14:21:08 UTC 2019 /home/travis/build/icyphy/ptII/ptolemy/actor/lib/test/auto/MovingMaximum.xml
----------------- Instantiating /home/travis/build/icyphy/ptII/ptolemy/actor/lib/test/auto/MovingMaximum.xml
2 ms. Memory: 359424K Free: 280186K (78%)
----------------- Invoking toplevel() on ptolemy.moml.MoMLSimpleApplication@40bb306f
----------------- Done invoking toplevel() on ptolemy.moml.MoMLSimpleApplication@40bb306f
reloadAllAccessors: .MovingMaximum

===========================================================================================
----------------- testing Wed Jul 10 14:21:08 UTC 2019 /home/travis/build/icyphy/ptII/ptolemy/actor/lib/test/auto/MultipleLinksToSameRelation.xml
----------------- Instantiating /home/travis/build/icyphy/ptII/ptolemy/actor/lib/test/auto/MultipleLinksToSameRelation.xml
3 ms. Memory: 359424K Free: 276090K (77%)
----------------- Invoking toplevel() on ptolemy.moml.MoMLSimpleApplication@2c117d18
----------------- Done invoking toplevel() on ptolemy.moml.MoMLSimpleApplication@2c117d18
reloadAllAccessors: .MultipleLinksToSameRelation

===========================================================================================
----------------- testing Wed Jul 10 14:21:08 UTC 2019 /home/travis/build/icyphy/ptII/ptolemy/actor/lib/test/auto/MultipleLinksToSameRelationDE.xml
----------------- Instantiating /home/travis/build/icyphy/ptII/ptolemy/actor/lib/test/auto/MultipleLinksToSameRelationDE.xml
1 ms. Memory: 359424K Free: 271450K (76%)
----------------- Invoking toplevel() on ptolemy.moml.MoMLSimpleApplication@17f52ca9
----------------- Done invoking toplevel() on ptolemy.moml.MoMLSimpleApplication@17f52ca9
reloadAllAccessors: .MultipleLinksToSameRelationDE

===========================================================================================
----------------- testing Wed Jul 10 14:21:08 UTC 2019 /home/travis/build/icyphy/ptII/ptolemy/actor/lib/test/auto/Multiplexor.xml
----------------- Instantiating /home/travis/build/icyphy/ptII/ptolemy/actor/lib/test/auto/Multiplexor.xml
2 ms. Memory: 359424K Free: 265850K (74%)
----------------- Invoking toplevel() on ptolemy.moml.MoMLSimpleApplication@6e3add1
----------------- Done invoking toplevel() on ptolemy.moml.MoMLSimpleApplication@6e3add1
reloadAllAccessors: .Multiplexor

===========================================================================================
----------------- testing Wed Jul 10 14:21:08 UTC 2019 /home/travis/build/icyphy/ptII/ptolemy/actor/lib/test/auto/Multiplexor1.xml
----------------- Instantiating /home/travis/build/icyphy/ptII/ptolemy/actor/lib/test/auto/Multiplexor1.xml
2 ms. Memory: 359424K Free: 260202K (72%)
----------------- Invoking toplevel() on ptolemy.moml.MoMLSimpleApplication@7aa2cbab
----------------- Done invoking toplevel() on ptolemy.moml.MoMLSimpleApplication@7aa2cbab
reloadAllAccessors: .Multiplexor1

===========================================================================================
----------------- testing Wed Jul 10 14:21:08 UTC 2019 /home/travis/build/icyphy/ptII/ptolemy/actor/lib/test/auto/Multiplexor2.xml
----------------- Instantiating /home/travis/build/icyphy/ptII/ptolemy/actor/lib/test/auto/Multiplexor2.xml
4 ms. Memory: 359424K Free: 253560K (71%)
----------------- Invoking toplevel() on ptolemy.moml.MoMLSimpleApplication@5cb1225e
----------------- Done invoking toplevel() on ptolemy.moml.MoMLSimpleApplication@5cb1225e
reloadAllAccessors: .Multiplexor2

===========================================================================================
----------------- testing Wed Jul 10 14:21:08 UTC 2019 /home/travis/build/icyphy/ptII/ptolemy/actor/lib/test/auto/Multiplexor3.xml
----------------- Instantiating /home/travis/build/icyphy/ptII/ptolemy/actor/lib/test/auto/Multiplexor3.xml
2 ms. Memory: 359424K Free: 249466K (69%)
----------------- Invoking toplevel() on ptolemy.moml.MoMLSimpleApplication@284d81a6
----------------- Done invoking toplevel() on ptolemy.moml.MoMLSimpleApplication@284d81a6
reloadAllAccessors: .Multiplexor3

===========================================================================================
----------------- testing Wed Jul 10 14:21:08 UTC 2019 /home/travis/build/icyphy/ptII/ptolemy/actor/lib/test/auto/MultiplexorDE.xml
----------------- Instantiating /home/travis/build/icyphy/ptII/ptolemy/actor/lib/test/auto/MultiplexorDE.xml
2 ms. Memory: 359424K Free: 241754K (67%)
----------------- Invoking toplevel() on ptolemy.moml.MoMLSimpleApplication@75a25cd7
----------------- Done invoking toplevel() on ptolemy.moml.MoMLSimpleApplication@75a25cd7
reloadAllAccessors: .MultiplexorDE

===========================================================================================
----------------- testing Wed Jul 10 14:21:08 UTC 2019 /home/travis/build/icyphy/ptII/ptolemy/actor/lib/test/auto/MultiportBroadcastTest.xml
----------------- Instantiating /home/travis/build/icyphy/ptII/ptolemy/actor/lib/test/auto/MultiportBroadcastTest.xml
92 ms. Memory: 359424K Free: 235640K (66%)
----------------- Invoking toplevel() on ptolemy.moml.MoMLSimpleApplication@29224d5e
----------------- Done invoking toplevel() on ptolemy.moml.MoMLSimpleApplication@29224d5e
reloadAllAccessors: .MultiportBroadcastTest

===========================================================================================
----------------- testing Wed Jul 10 14:21:08 UTC 2019 /home/travis/build/icyphy/ptII/ptolemy/actor/lib/test/auto/MultiportOutHangDuringGetWidth.xml
----------------- Instantiating /home/travis/build/icyphy/ptII/ptolemy/actor/lib/test/auto/MultiportOutHangDuringGetWidth.xml
5 ms. Memory: 359424K Free: 223866K (62%)
----------------- Invoking toplevel() on ptolemy.moml.MoMLSimpleApplication@76d45592
----------------- Done invoking toplevel() on ptolemy.moml.MoMLSimpleApplication@76d45592
reloadAllAccessors: .MultiportOutHangDuringGetWidth

===========================================================================================
----------------- testing Wed Jul 10 14:21:09 UTC 2019 /home/travis/build/icyphy/ptII/ptolemy/actor/lib/test/auto/NilToken.xml
----------------- Instantiating /home/travis/build/icyphy/ptII/ptolemy/actor/lib/test/auto/NilToken.xml
1 ms. Memory: 359424K Free: 219770K (61%)
----------------- Invoking toplevel() on ptolemy.moml.MoMLSimpleApplication@4d219494
----------------- Done invoking toplevel() on ptolemy.moml.MoMLSimpleApplication@4d219494
reloadAllAccessors: .NilToken

===========================================================================================
----------------- testing Wed Jul 10 14:21:09 UTC 2019 /home/travis/build/icyphy/ptII/ptolemy/actor/lib/test/auto/NilTokenNonStrictTest.xml
----------------- Instantiating /home/travis/build/icyphy/ptII/ptolemy/actor/lib/test/auto/NilTokenNonStrictTest.xml
1 ms. Memory: 359424K Free: 215160K (60%)
----------------- Invoking toplevel() on ptolemy.moml.MoMLSimpleApplication@540fb844
----------------- Done invoking toplevel() on ptolemy.moml.MoMLSimpleApplication@540fb844
reloadAllAccessors: .NilTokenNonStrictTest

===========================================================================================
----------------- testing Wed Jul 10 14:21:09 UTC 2019 /home/travis/build/icyphy/ptII/ptolemy/actor/lib/test/auto/NilTokenRecord.xml
----------------- Instantiating /home/travis/build/icyphy/ptII/ptolemy/actor/lib/test/auto/NilTokenRecord.xml
6 ms. Memory: 359424K Free: 208506K (58%)
----------------- Invoking toplevel() on ptolemy.moml.MoMLSimpleApplication@297e3cec
----------------- Done invoking toplevel() on ptolemy.moml.MoMLSimpleApplication@297e3cec
reloadAllAccessors: .NilTokenRecord

===========================================================================================
----------------- testing Wed Jul 10 14:21:09 UTC 2019 /home/travis/build/icyphy/ptII/ptolemy/actor/lib/test/auto/NilTokenTypeTest.xml
----------------- Instantiating /home/travis/build/icyphy/ptII/ptolemy/actor/lib/test/auto/NilTokenTypeTest.xml
6 ms. Memory: 359424K Free: 198776K (55%)
----------------- Invoking toplevel() on ptolemy.moml.MoMLSimpleApplication@4d3fba2d
----------------- Done invoking toplevel() on ptolemy.moml.MoMLSimpleApplication@4d3fba2d
reloadAllAccessors: .NilTokenTypeTest

===========================================================================================
----------------- testing Wed Jul 10 14:21:09 UTC 2019 /home/travis/build/icyphy/ptII/ptolemy/actor/lib/test/auto/ObjectToken1.xml
----------------- Instantiating /home/travis/build/icyphy/ptII/ptolemy/actor/lib/test/auto/ObjectToken1.xml
2 ms. Memory: 359424K Free: 194680K (54%)
----------------- Invoking toplevel() on ptolemy.moml.MoMLSimpleApplication@28f1fdc9
----------------- Done invoking toplevel() on ptolemy.moml.MoMLSimpleApplication@28f1fdc9
reloadAllAccessors: .ObjectToken1

===========================================================================================
----------------- testing Wed Jul 10 14:21:09 UTC 2019 /home/travis/build/icyphy/ptII/ptolemy/actor/lib/test/auto/OrderedMerge.xml
----------------- Instantiating /home/travis/build/icyphy/ptII/ptolemy/actor/lib/test/auto/OrderedMerge.xml
5 ms. Memory: 359424K Free: 189050K (53%)
----------------- Invoking toplevel() on ptolemy.moml.MoMLSimpleApplication@6b5a0fdf
----------------- Done invoking toplevel() on ptolemy.moml.MoMLSimpleApplication@6b5a0fdf
reloadAllAccessors: .OrderedMerge

===========================================================================================
----------------- testing Wed Jul 10 14:21:09 UTC 2019 /home/travis/build/icyphy/ptII/ptolemy/actor/lib/test/auto/OrderedRecordDisassembler.xml
----------------- Instantiating /home/travis/build/icyphy/ptII/ptolemy/actor/lib/test/auto/OrderedRecordDisassembler.xml
3 ms. Memory: 359424K Free: 183930K (51%)
----------------- Invoking toplevel() on ptolemy.moml.MoMLSimpleApplication@5ec6fb9c
----------------- Done invoking toplevel() on ptolemy.moml.MoMLSimpleApplication@5ec6fb9c
reloadAllAccessors: .OrderedRecordDisassembler

===========================================================================================
----------------- testing Wed Jul 10 14:21:09 UTC 2019 /home/travis/build/icyphy/ptII/ptolemy/actor/lib/test/auto/OrderedRecordDisassembler2.xml
----------------- Instantiating /home/travis/build/icyphy/ptII/ptolemy/actor/lib/test/auto/OrderedRecordDisassembler2.xml
4 ms. Memory: 359424K Free: 175738K (49%)
----------------- Invoking toplevel() on ptolemy.moml.MoMLSimpleApplication@188be56b
----------------- Done invoking toplevel() on ptolemy.moml.MoMLSimpleApplication@188be56b
reloadAllAccessors: .OrderedRecordDisassembler2

===========================================================================================
----------------- testing Wed Jul 10 14:21:09 UTC 2019 /home/travis/build/icyphy/ptII/ptolemy/actor/lib/test/auto/OrderedRecordUpdater.xml
----------------- Instantiating /home/travis/build/icyphy/ptII/ptolemy/actor/lib/test/auto/OrderedRecordUpdater.xml
2 ms. Memory: 359424K Free: 170618K (47%)
----------------- Invoking toplevel() on ptolemy.moml.MoMLSimpleApplication@24b0f6aa
----------------- Done invoking toplevel() on ptolemy.moml.MoMLSimpleApplication@24b0f6aa
reloadAllAccessors: .RecordUpdater

===========================================================================================
----------------- testing Wed Jul 10 14:21:09 UTC 2019 /home/travis/build/icyphy/ptII/ptolemy/actor/lib/test/auto/OrderedRecordUpdater2.xml
----------------- Instantiating /home/travis/build/icyphy/ptII/ptolemy/actor/lib/test/auto/OrderedRecordUpdater2.xml
2 ms. Memory: 359424K Free: 165498K (46%)
----------------- Invoking toplevel() on ptolemy.moml.MoMLSimpleApplication@5eaa1e33
----------------- Done invoking toplevel() on ptolemy.moml.MoMLSimpleApplication@5eaa1e33
reloadAllAccessors: .RecordUpdater2

===========================================================================================
----------------- testing Wed Jul 10 14:21:09 UTC 2019 /home/travis/build/icyphy/ptII/ptolemy/actor/lib/test/auto/PhaseUnwrap.xml
----------------- Instantiating /home/travis/build/icyphy/ptII/ptolemy/actor/lib/test/auto/PhaseUnwrap.xml
1 ms. Memory: 359424K Free: 160888K (45%)
----------------- Invoking toplevel() on ptolemy.moml.MoMLSimpleApplication@126a6667
----------------- Done invoking toplevel() on ptolemy.moml.MoMLSimpleApplication@126a6667
reloadAllAccessors: .PhaseUnwrap

===========================================================================================
----------------- testing Wed Jul 10 14:21:09 UTC 2019 /home/travis/build/icyphy/ptII/ptolemy/actor/lib/test/auto/PoissonClock.xml
----------------- Instantiating /home/travis/build/icyphy/ptII/ptolemy/actor/lib/test/auto/PoissonClock.xml
1 ms. Memory: 359424K Free: 156792K (44%)
----------------- Invoking toplevel() on ptolemy.moml.MoMLSimpleApplication@538464e7
----------------- Done invoking toplevel() on ptolemy.moml.MoMLSimpleApplication@538464e7
reloadAllAccessors: .PoissonClock

===========================================================================================
----------------- testing Wed Jul 10 14:21:09 UTC 2019 /home/travis/build/icyphy/ptII/ptolemy/actor/lib/test/auto/PoissonClock2.xml
----------------- Instantiating /home/travis/build/icyphy/ptII/ptolemy/actor/lib/test/auto/PoissonClock2.xml
1 ms. Memory: 359424K Free: 152186K (42%)
----------------- Invoking toplevel() on ptolemy.moml.MoMLSimpleApplication@5eb73e74
----------------- Done invoking toplevel() on ptolemy.moml.MoMLSimpleApplication@5eb73e74
reloadAllAccessors: .PoissonClock2

===========================================================================================
----------------- testing Wed Jul 10 14:21:09 UTC 2019 /home/travis/build/icyphy/ptII/ptolemy/actor/lib/test/auto/PoissonClock3.xml
----------------- Instantiating /home/travis/build/icyphy/ptII/ptolemy/actor/lib/test/auto/PoissonClock3.xml
1 ms. Memory: 359424K Free: 147576K (41%)
----------------- Invoking toplevel() on ptolemy.moml.MoMLSimpleApplication@32f5b9d4
----------------- Done invoking toplevel() on ptolemy.moml.MoMLSimpleApplication@32f5b9d4
reloadAllAccessors: .PoissonClock3

===========================================================================================
----------------- testing Wed Jul 10 14:21:09 UTC 2019 /home/travis/build/icyphy/ptII/ptolemy/actor/lib/test/auto/PubSubWithInitialTokens.xml
----------------- Instantiating /home/travis/build/icyphy/ptII/ptolemy/actor/lib/test/auto/PubSubWithInitialTokens.xml
3 ms. Memory: 359424K Free: 141946K (39%)
----------------- Invoking toplevel() on ptolemy.moml.MoMLSimpleApplication@31984b34
----------------- Done invoking toplevel() on ptolemy.moml.MoMLSimpleApplication@31984b34
reloadAllAccessors: .PubSubWithInitialTokens

===========================================================================================
----------------- testing Wed Jul 10 14:21:09 UTC 2019 /home/travis/build/icyphy/ptII/ptolemy/actor/lib/test/auto/PubSubWithInitialTokens2.xml
----------------- Instantiating /home/travis/build/icyphy/ptII/ptolemy/actor/lib/test/auto/PubSubWithInitialTokens2.xml
2 ms. Memory: 359424K Free: 135802K (38%)
----------------- Invoking toplevel() on ptolemy.moml.MoMLSimpleApplication@44c74a35
----------------- Done invoking toplevel() on ptolemy.moml.MoMLSimpleApplication@44c74a35
reloadAllAccessors: .PubSubWithInitialTokens2

===========================================================================================
----------------- testing Wed Jul 10 14:21:09 UTC 2019 /home/travis/build/icyphy/ptII/ptolemy/actor/lib/test/auto/PublisherClassNoParameter.xml
----------------- Instantiating /home/travis/build/icyphy/ptII/ptolemy/actor/lib/test/auto/PublisherClassNoParameter.xml
2 ms. Memory: 359424K Free: 125562K (35%)
----------------- Invoking toplevel() on ptolemy.moml.MoMLSimpleApplication@1983c477
----------------- Done invoking toplevel() on ptolemy.moml.MoMLSimpleApplication@1983c477
reloadAllAccessors: .PublisherClassNoParameter

===========================================================================================
----------------- testing Wed Jul 10 14:21:09 UTC 2019 /home/travis/build/icyphy/ptII/ptolemy/actor/lib/test/auto/PublisherClassParameter.xml
----------------- Instantiating /home/travis/build/icyphy/ptII/ptolemy/actor/lib/test/auto/PublisherClassParameter.xml
2 ms. Memory: 359424K Free: 115322K (32%)
----------------- Invoking toplevel() on ptolemy.moml.MoMLSimpleApplication@28b6f403
----------------- Done invoking toplevel() on ptolemy.moml.MoMLSimpleApplication@28b6f403
reloadAllAccessors: .PublisherClassParameter

===========================================================================================
----------------- testing Wed Jul 10 14:21:09 UTC 2019 /home/travis/build/icyphy/ptII/ptolemy/actor/lib/test/auto/PublisherNonStrictTest.xml
----------------- Instantiating /home/travis/build/icyphy/ptII/ptolemy/actor/lib/test/auto/PublisherNonStrictTest.xml
5 ms. Memory: 359424K Free: 107634K (30%)
----------------- Invoking toplevel() on ptolemy.moml.MoMLSimpleApplication@110dc3f7
----------------- Done invoking toplevel() on ptolemy.moml.MoMLSimpleApplication@110dc3f7
reloadAllAccessors: .PublisherNonStrictTest

===========================================================================================
----------------- testing Wed Jul 10 14:21:09 UTC 2019 /home/travis/build/icyphy/ptII/ptolemy/actor/lib/test/auto/PublisherPort1.xml
----------------- Instantiating /home/travis/build/icyphy/ptII/ptolemy/actor/lib/test/auto/PublisherPort1.xml
5 ms. Memory: 359424K Free: 102010K (28%)
----------------- Invoking toplevel() on ptolemy.moml.MoMLSimpleApplication@47fc2a7e
----------------- Done invoking toplevel() on ptolemy.moml.MoMLSimpleApplication@47fc2a7e
reloadAllAccessors: .PublisherPort1

===========================================================================================
----------------- testing Wed Jul 10 14:21:09 UTC 2019 /home/travis/build/icyphy/ptII/ptolemy/actor/lib/test/auto/PublisherPort2.xml
----------------- Instantiating /home/travis/build/icyphy/ptII/ptolemy/actor/lib/test/auto/PublisherPort2.xml
2 ms. Memory: 359424K Free: 308012K (86%)
----------------- Invoking toplevel() on ptolemy.moml.MoMLSimpleApplication@62de8c63
----------------- Done invoking toplevel() on ptolemy.moml.MoMLSimpleApplication@62de8c63
reloadAllAccessors: .PublisherPort2

===========================================================================================
----------------- testing Wed Jul 10 14:21:09 UTC 2019 /home/travis/build/icyphy/ptII/ptolemy/actor/lib/test/auto/PublisherPort3.xml
----------------- Instantiating /home/travis/build/icyphy/ptII/ptolemy/actor/lib/test/auto/PublisherPort3.xml
3 ms. Memory: 359424K Free: 300828K (84%)
----------------- Invoking toplevel() on ptolemy.moml.MoMLSimpleApplication@36ac636b
----------------- Done invoking toplevel() on ptolemy.moml.MoMLSimpleApplication@36ac636b
reloadAllAccessors: .PublisherPort3

===========================================================================================
----------------- testing Wed Jul 10 14:21:09 UTC 2019 /home/travis/build/icyphy/ptII/ptolemy/actor/lib/test/auto/PublisherPort4.xml
----------------- Instantiating /home/travis/build/icyphy/ptII/ptolemy/actor/lib/test/auto/PublisherPort4.xml
2 ms. Memory: 359424K Free: 295228K (82%)
----------------- Invoking toplevel() on ptolemy.moml.MoMLSimpleApplication@29403d47
----------------- Done invoking toplevel() on ptolemy.moml.MoMLSimpleApplication@29403d47
reloadAllAccessors: .PublisherPort4

===========================================================================================
----------------- testing Wed Jul 10 14:21:09 UTC 2019 /home/travis/build/icyphy/ptII/ptolemy/actor/lib/test/auto/PublisherPort5.xml
----------------- Instantiating /home/travis/build/icyphy/ptII/ptolemy/actor/lib/test/auto/PublisherPort5.xml
3 ms. Memory: 359424K Free: 287546K (80%)
----------------- Invoking toplevel() on ptolemy.moml.MoMLSimpleApplication@18a0fab0
----------------- Done invoking toplevel() on ptolemy.moml.MoMLSimpleApplication@18a0fab0
reloadAllAccessors: .PublisherPort5

===========================================================================================
----------------- testing Wed Jul 10 14:21:09 UTC 2019 /home/travis/build/icyphy/ptII/ptolemy/actor/lib/test/auto/PublisherPort5LookAlike.xml
----------------- Instantiating /home/travis/build/icyphy/ptII/ptolemy/actor/lib/test/auto/PublisherPort5LookAlike.xml
7 ms. Memory: 359424K Free: 279868K (78%)
----------------- Invoking toplevel() on ptolemy.moml.MoMLSimpleApplication@64fcc833
----------------- Done invoking toplevel() on ptolemy.moml.MoMLSimpleApplication@64fcc833
reloadAllAccessors: .PublisherPort5LookAlike

===========================================================================================
----------------- testing Wed Jul 10 14:21:09 UTC 2019 /home/travis/build/icyphy/ptII/ptolemy/actor/lib/test/auto/PublisherPort6.xml
----------------- Instantiating /home/travis/build/icyphy/ptII/ptolemy/actor/lib/test/auto/PublisherPort6.xml
2 ms. Memory: 359424K Free: 273204K (76%)
----------------- Invoking toplevel() on ptolemy.moml.MoMLSimpleApplication@1b7c39fa
----------------- Done invoking toplevel() on ptolemy.moml.MoMLSimpleApplication@1b7c39fa
reloadAllAccessors: .PublisherPort6

===========================================================================================
----------------- testing Wed Jul 10 14:21:09 UTC 2019 /home/travis/build/icyphy/ptII/ptolemy/actor/lib/test/auto/PublisherPort7.xml
----------------- Instantiating /home/travis/build/icyphy/ptII/ptolemy/actor/lib/test/auto/PublisherPort7.xml
4 ms. Memory: 359424K Free: 265532K (74%)
----------------- Invoking toplevel() on ptolemy.moml.MoMLSimpleApplication@3f776499
----------------- Done invoking toplevel() on ptolemy.moml.MoMLSimpleApplication@3f776499
reloadAllAccessors: .PublisherPort7

===========================================================================================
----------------- testing Wed Jul 10 14:21:09 UTC 2019 /home/travis/build/icyphy/ptII/ptolemy/actor/lib/test/auto/PublisherPort8.xml
----------------- Instantiating /home/travis/build/icyphy/ptII/ptolemy/actor/lib/test/auto/PublisherPort8.xml
4 ms. Memory: 359424K Free: 256826K (71%)
----------------- Invoking toplevel() on ptolemy.moml.MoMLSimpleApplication@36ee354d
----------------- Done invoking toplevel() on ptolemy.moml.MoMLSimpleApplication@36ee354d
reloadAllAccessors: .PublisherPort8

===========================================================================================
----------------- testing Wed Jul 10 14:21:09 UTC 2019 /home/travis/build/icyphy/ptII/ptolemy/actor/lib/test/auto/PublisherPortSubscriberChannelVariablesAOC2.xml
----------------- Instantiating /home/travis/build/icyphy/ptII/ptolemy/actor/lib/test/auto/PublisherPortSubscriberChannelVariablesAOC2.xml
3 ms. Memory: 359424K Free: 238394K (66%)
----------------- Invoking toplevel() on ptolemy.moml.MoMLSimpleApplication@1dadec93
----------------- Done invoking toplevel() on ptolemy.moml.MoMLSimpleApplication@1dadec93
reloadAllAccessors: .PublisherPortSubscriberChannelVariablesAOC2

===========================================================================================
----------------- testing Wed Jul 10 14:21:09 UTC 2019 /home/travis/build/icyphy/ptII/ptolemy/actor/lib/test/auto/PublisherPortSubscriberOpaqueWidthInference.xml
----------------- Instantiating /home/travis/build/icyphy/ptII/ptolemy/actor/lib/test/auto/PublisherPortSubscriberOpaqueWidthInference.xml
3 ms. Memory: 359424K Free: 230188K (64%)
----------------- Invoking toplevel() on ptolemy.moml.MoMLSimpleApplication@41cda020
----------------- Done invoking toplevel() on ptolemy.moml.MoMLSimpleApplication@41cda020
reloadAllAccessors: .PublisherPortSubscriberOpaqueWidthInference

===========================================================================================
----------------- testing Wed Jul 10 14:21:09 UTC 2019 /home/travis/build/icyphy/ptII/ptolemy/actor/lib/test/auto/PublisherPortSubscriberPortAdjacent.xml
----------------- Instantiating /home/travis/build/icyphy/ptII/ptolemy/actor/lib/test/auto/PublisherPortSubscriberPortAdjacent.xml
1 ms. Memory: 359424K Free: 222010K (62%)
----------------- Invoking toplevel() on ptolemy.moml.MoMLSimpleApplication@44787d7d
----------------- Done invoking toplevel() on ptolemy.moml.MoMLSimpleApplication@44787d7d
reloadAllAccessors: .PublisherPortSubscriberPortAdjacent

===========================================================================================
----------------- testing Wed Jul 10 14:21:09 UTC 2019 /home/travis/build/icyphy/ptII/ptolemy/actor/lib/test/auto/PublisherPortSubscriberPortExpression.xml
----------------- Instantiating /home/travis/build/icyphy/ptII/ptolemy/actor/lib/test/auto/PublisherPortSubscriberPortExpression.xml
9 ms. Memory: 359424K Free: 214332K (60%)
----------------- Invoking toplevel() on ptolemy.moml.MoMLSimpleApplication@1f74ca1d
----------------- Done invoking toplevel() on ptolemy.moml.MoMLSimpleApplication@1f74ca1d
reloadAllAccessors: .PublisherPortSubscriberPortExpression

===========================================================================================
----------------- testing Wed Jul 10 14:21:09 UTC 2019 /home/travis/build/icyphy/ptII/ptolemy/actor/lib/test/auto/PublisherPortSubscriberPortOpaqueD3Reverse.xml
----------------- Instantiating /home/travis/build/icyphy/ptII/ptolemy/actor/lib/test/auto/PublisherPortSubscriberPortOpaqueD3Reverse.xml
12 ms. Memory: 359424K Free: 203578K (57%)
----------------- Invoking toplevel() on ptolemy.moml.MoMLSimpleApplication@630c850e
----------------- Done invoking toplevel() on ptolemy.moml.MoMLSimpleApplication@630c850e
reloadAllAccessors: .PublisherPortSubscriberPortOpaqueD3Reverse

===========================================================================================
----------------- testing Wed Jul 10 14:21:09 UTC 2019 /home/travis/build/icyphy/ptII/ptolemy/actor/lib/test/auto/PublisherPortSubscriberPortOpaqueWidthInference.xml
----------------- Instantiating /home/travis/build/icyphy/ptII/ptolemy/actor/lib/test/auto/PublisherPortSubscriberPortOpaqueWidthInference.xml
4 ms. Memory: 359424K Free: 195900K (55%)
----------------- Invoking toplevel() on ptolemy.moml.MoMLSimpleApplication@42d39943
----------------- Done invoking toplevel() on ptolemy.moml.MoMLSimpleApplication@42d39943
reloadAllAccessors: .PublisherPortSubscriberPortOpaqueWidthInference

===========================================================================================
----------------- testing Wed Jul 10 14:21:09 UTC 2019 /home/travis/build/icyphy/ptII/ptolemy/actor/lib/test/auto/PublisherPortToplevelSubscriberPortAOC.xml
----------------- Instantiating /home/travis/build/icyphy/ptII/ptolemy/actor/lib/test/auto/PublisherPortToplevelSubscriberPortAOC.xml
.PublisherPortToplevelSubscriberPortAOC.TestExceptionAttribute: initialize() was not invoked, but wrapup() was.  This is unusual, but not always a problem.  For example, exporting JNLP will do this.
2 ms. Memory: 359424K Free: 190266K (53%)
----------------- Invoking toplevel() on ptolemy.moml.MoMLSimpleApplication@6c46178
----------------- Done invoking toplevel() on ptolemy.moml.MoMLSimpleApplication@6c46178
reloadAllAccessors: .PublisherPortToplevelSubscriberPortAOC

===========================================================================================
----------------- testing Wed Jul 10 14:21:09 UTC 2019 /home/travis/build/icyphy/ptII/ptolemy/actor/lib/test/auto/PublisherSubscriber.xml
----------------- Instantiating /home/travis/build/icyphy/ptII/ptolemy/actor/lib/test/auto/PublisherSubscriber.xml
3 ms. Memory: 359424K Free: 182588K (51%)
----------------- Invoking toplevel() on ptolemy.moml.MoMLSimpleApplication@42c6e2ef
----------------- Done invoking toplevel() on ptolemy.moml.MoMLSimpleApplication@42c6e2ef
reloadAllAccessors: .PublisherSubscriber

===========================================================================================
----------------- testing Wed Jul 10 14:21:09 UTC 2019 /home/travis/build/icyphy/ptII/ptolemy/actor/lib/test/auto/PublisherSubscriber10.xml
----------------- Instantiating /home/travis/build/icyphy/ptII/ptolemy/actor/lib/test/auto/PublisherSubscriber10.xml
7 ms. Memory: 359424K Free: 172858K (48%)
----------------- Invoking toplevel() on ptolemy.moml.MoMLSimpleApplication@61570b32
----------------- Done invoking toplevel() on ptolemy.moml.MoMLSimpleApplication@61570b32
reloadAllAccessors: .PublisherSubscriber10

===========================================================================================
----------------- testing Wed Jul 10 14:21:09 UTC 2019 /home/travis/build/icyphy/ptII/ptolemy/actor/lib/test/auto/PublisherSubscriber10InitialOutputs.xml
----------------- Instantiating /home/travis/build/icyphy/ptII/ptolemy/actor/lib/test/auto/PublisherSubscriber10InitialOutputs.xml
10 ms. Memory: 359424K Free: 163642K (46%)
----------------- Invoking toplevel() on ptolemy.moml.MoMLSimpleApplication@619b62fd
----------------- Done invoking toplevel() on ptolemy.moml.MoMLSimpleApplication@619b62fd
reloadAllAccessors: .PublisherSubscriber10InitialOutputs

===========================================================================================
----------------- testing Wed Jul 10 14:21:09 UTC 2019 /home/travis/build/icyphy/ptII/ptolemy/actor/lib/test/auto/PublisherSubscriber11.xml
----------------- Instantiating /home/travis/build/icyphy/ptII/ptolemy/actor/lib/test/auto/PublisherSubscriber11.xml
3 ms. Memory: 359424K Free: 157484K (44%)
----------------- Invoking toplevel() on ptolemy.moml.MoMLSimpleApplication@3bf878c
----------------- Done invoking toplevel() on ptolemy.moml.MoMLSimpleApplication@3bf878c
reloadAllAccessors: .PublisherSubscriber11

===========================================================================================
----------------- testing Wed Jul 10 14:21:09 UTC 2019 /home/travis/build/icyphy/ptII/ptolemy/actor/lib/test/auto/PublisherSubscriber12.xml
----------------- Instantiating /home/travis/build/icyphy/ptII/ptolemy/actor/lib/test/auto/PublisherSubscriber12.xml
5 ms. Memory: 359424K Free: 150844K (42%)
----------------- Invoking toplevel() on ptolemy.moml.MoMLSimpleApplication@7dac5111
----------------- Done invoking toplevel() on ptolemy.moml.MoMLSimpleApplication@7dac5111
reloadAllAccessors: .PublisherSubscriber12

===========================================================================================
----------------- testing Wed Jul 10 14:21:09 UTC 2019 /home/travis/build/icyphy/ptII/ptolemy/actor/lib/test/auto/PublisherSubscriber13.xml
----------------- Instantiating /home/travis/build/icyphy/ptII/ptolemy/actor/lib/test/auto/PublisherSubscriber13.xml
2 ms. Memory: 359424K Free: 145196K (40%)
----------------- Invoking toplevel() on ptolemy.moml.MoMLSimpleApplication@b8fd774
----------------- Done invoking toplevel() on ptolemy.moml.MoMLSimpleApplication@b8fd774
reloadAllAccessors: .PublisherSubscriber13

===========================================================================================
----------------- testing Wed Jul 10 14:21:09 UTC 2019 /home/travis/build/icyphy/ptII/ptolemy/actor/lib/test/auto/PublisherSubscriber14.xml
----------------- Instantiating /home/travis/build/icyphy/ptII/ptolemy/actor/lib/test/auto/PublisherSubscriber14.xml
2 ms. Memory: 359424K Free: 135980K (38%)
----------------- Invoking toplevel() on ptolemy.moml.MoMLSimpleApplication@234839f9
----------------- Done invoking toplevel() on ptolemy.moml.MoMLSimpleApplication@234839f9
reloadAllAccessors: .PublisherSubscriber14

===========================================================================================
----------------- testing Wed Jul 10 14:21:09 UTC 2019 /home/travis/build/icyphy/ptII/ptolemy/actor/lib/test/auto/PublisherSubscriber2.xml
----------------- Instantiating /home/travis/build/icyphy/ptII/ptolemy/actor/lib/test/auto/PublisherSubscriber2.xml
3 ms. Memory: 359424K Free: 130364K (36%)
----------------- Invoking toplevel() on ptolemy.moml.MoMLSimpleApplication@5128a202
----------------- Done invoking toplevel() on ptolemy.moml.MoMLSimpleApplication@5128a202
reloadAllAccessors: .PublisherSubscriber2

===========================================================================================
----------------- testing Wed Jul 10 14:21:09 UTC 2019 /home/travis/build/icyphy/ptII/ptolemy/actor/lib/test/auto/PublisherSubscriber3.xml
----------------- Instantiating /home/travis/build/icyphy/ptII/ptolemy/actor/lib/test/auto/PublisherSubscriber3.xml
2 ms. Memory: 359424K Free: 124716K (35%)
----------------- Invoking toplevel() on ptolemy.moml.MoMLSimpleApplication@35b766bc
----------------- Done invoking toplevel() on ptolemy.moml.MoMLSimpleApplication@35b766bc
reloadAllAccessors: .PublisherSubscriber3

===========================================================================================
----------------- testing Wed Jul 10 14:21:09 UTC 2019 /home/travis/build/icyphy/ptII/ptolemy/actor/lib/test/auto/PublisherSubscriber4.xml
----------------- Instantiating /home/travis/build/icyphy/ptII/ptolemy/actor/lib/test/auto/PublisherSubscriber4.xml
2 ms. Memory: 359424K Free: 119100K (33%)
----------------- Invoking toplevel() on ptolemy.moml.MoMLSimpleApplication@4dc91e80
----------------- Done invoking toplevel() on ptolemy.moml.MoMLSimpleApplication@4dc91e80
reloadAllAccessors: .PublisherSubscriber4

===========================================================================================
----------------- testing Wed Jul 10 14:21:10 UTC 2019 /home/travis/build/icyphy/ptII/ptolemy/actor/lib/test/auto/PublisherSubscriber5.xml
----------------- Instantiating /home/travis/build/icyphy/ptII/ptolemy/actor/lib/test/auto/PublisherSubscriber5.xml
2 ms. Memory: 359424K Free: 112428K (31%)
----------------- Invoking toplevel() on ptolemy.moml.MoMLSimpleApplication@6fe2cf1
----------------- Done invoking toplevel() on ptolemy.moml.MoMLSimpleApplication@6fe2cf1
reloadAllAccessors: .PublisherSubscriber5

===========================================================================================
----------------- testing Wed Jul 10 14:21:10 UTC 2019 /home/travis/build/icyphy/ptII/ptolemy/actor/lib/test/auto/PublisherSubscriber6.xml
----------------- Instantiating /home/travis/build/icyphy/ptII/ptolemy/actor/lib/test/auto/PublisherSubscriber6.xml
3 ms. Memory: 359424K Free: 105788K (29%)
----------------- Invoking toplevel() on ptolemy.moml.MoMLSimpleApplication@1acac7f2
----------------- Done invoking toplevel() on ptolemy.moml.MoMLSimpleApplication@1acac7f2
reloadAllAccessors: .PublisherSubscriber6

===========================================================================================
----------------- testing Wed Jul 10 14:21:10 UTC 2019 /home/travis/build/icyphy/ptII/ptolemy/actor/lib/test/auto/PublisherSubscriber7.xml
----------------- Instantiating /home/travis/build/icyphy/ptII/ptolemy/actor/lib/test/auto/PublisherSubscriber7.xml
20 ms. Memory: 359424K Free: 310029K (86%)
----------------- Invoking toplevel() on ptolemy.moml.MoMLSimpleApplication@186e4ac9
----------------- Done invoking toplevel() on ptolemy.moml.MoMLSimpleApplication@186e4ac9
reloadAllAccessors: .PublisherSubscriber7

===========================================================================================
----------------- testing Wed Jul 10 14:21:10 UTC 2019 /home/travis/build/icyphy/ptII/ptolemy/actor/lib/test/auto/PublisherSubscriber8.xml
----------------- Instantiating /home/travis/build/icyphy/ptII/ptolemy/actor/lib/test/auto/PublisherSubscriber8.xml
19 ms. Memory: 359424K Free: 297764K (83%)
----------------- Invoking toplevel() on ptolemy.moml.MoMLSimpleApplication@49f6fb04
----------------- Done invoking toplevel() on ptolemy.moml.MoMLSimpleApplication@49f6fb04
reloadAllAccessors: .PublisherSubscriber8

===========================================================================================
----------------- testing Wed Jul 10 14:21:10 UTC 2019 /home/travis/build/icyphy/ptII/ptolemy/actor/lib/test/auto/PublisherSubscriber9.xml
----------------- Instantiating /home/travis/build/icyphy/ptII/ptolemy/actor/lib/test/auto/PublisherSubscriber9.xml
3 ms. Memory: 359424K Free: 290596K (81%)
----------------- Invoking toplevel() on ptolemy.moml.MoMLSimpleApplication@91b4b35
----------------- Done invoking toplevel() on ptolemy.moml.MoMLSimpleApplication@91b4b35
reloadAllAccessors: .PublisherSubscriber9

===========================================================================================
----------------- testing Wed Jul 10 14:21:10 UTC 2019 /home/travis/build/icyphy/ptII/ptolemy/actor/lib/test/auto/PublisherSubscriberAdjacent.xml
----------------- Instantiating /home/travis/build/icyphy/ptII/ptolemy/actor/lib/test/auto/PublisherSubscriberAdjacent.xml
2 ms. Memory: 359424K Free: 281894K (78%)
----------------- Invoking toplevel() on ptolemy.moml.MoMLSimpleApplication@622fd91f
----------------- Done invoking toplevel() on ptolemy.moml.MoMLSimpleApplication@622fd91f
reloadAllAccessors: .PublisherSubscriberAdjacent

===========================================================================================
----------------- testing Wed Jul 10 14:21:10 UTC 2019 /home/travis/build/icyphy/ptII/ptolemy/actor/lib/test/auto/PublisherSubscriberChannelVariablesAOC2.xml
----------------- Instantiating /home/travis/build/icyphy/ptII/ptolemy/actor/lib/test/auto/PublisherSubscriberChannelVariablesAOC2.xml
5 ms. Memory: 359424K Free: 267558K (74%)
----------------- Invoking toplevel() on ptolemy.moml.MoMLSimpleApplication@39670d9e
----------------- Done invoking toplevel() on ptolemy.moml.MoMLSimpleApplication@39670d9e
reloadAllAccessors: .PublisherSubscriberChannelVariablesAOC2

===========================================================================================
----------------- testing Wed Jul 10 14:21:10 UTC 2019 /home/travis/build/icyphy/ptII/ptolemy/actor/lib/test/auto/PublisherSubscriberD3.xml
----------------- Instantiating /home/travis/build/icyphy/ptII/ptolemy/actor/lib/test/auto/PublisherSubscriberD3.xml
1 ms. Memory: 359424K Free: 260390K (72%)
----------------- Invoking toplevel() on ptolemy.moml.MoMLSimpleApplication@5dcaa908
----------------- Done invoking toplevel() on ptolemy.moml.MoMLSimpleApplication@5dcaa908
reloadAllAccessors: .PublisherSubscriberD3

===========================================================================================
----------------- testing Wed Jul 10 14:21:10 UTC 2019 /home/travis/build/icyphy/ptII/ptolemy/actor/lib/test/auto/PublisherSubscriberD3Reverse.xml
----------------- Instantiating /home/travis/build/icyphy/ptII/ptolemy/actor/lib/test/auto/PublisherSubscriberD3Reverse.xml
1 ms. Memory: 359424K Free: 254246K (71%)
----------------- Invoking toplevel() on ptolemy.moml.MoMLSimpleApplication@2a26dd44
----------------- Done invoking toplevel() on ptolemy.moml.MoMLSimpleApplication@2a26dd44
reloadAllAccessors: .PublisherSubscriberD3Reverse

===========================================================================================
----------------- testing Wed Jul 10 14:21:10 UTC 2019 /home/travis/build/icyphy/ptII/ptolemy/actor/lib/test/auto/PublisherSubscriberExpression.xml
----------------- Instantiating /home/travis/build/icyphy/ptII/ptolemy/actor/lib/test/auto/PublisherSubscriberExpression.xml
4 ms. Memory: 359424K Free: 246054K (68%)
----------------- Invoking toplevel() on ptolemy.moml.MoMLSimpleApplication@2f912f8
----------------- Done invoking toplevel() on ptolemy.moml.MoMLSimpleApplication@2f912f8
reloadAllAccessors: .PublisherSubscriberExpression

===========================================================================================
----------------- testing Wed Jul 10 14:21:10 UTC 2019 /home/travis/build/icyphy/ptII/ptolemy/actor/lib/test/auto/PublisherSubscriberOpaque.xml
----------------- Instantiating /home/travis/build/icyphy/ptII/ptolemy/actor/lib/test/auto/PublisherSubscriberOpaque.xml
3 ms. Memory: 359424K Free: 237862K (66%)
----------------- Invoking toplevel() on ptolemy.moml.MoMLSimpleApplication@17e5ec5c
----------------- Done invoking toplevel() on ptolemy.moml.MoMLSimpleApplication@17e5ec5c
reloadAllAccessors: .PublisherSubscriberOpaque

===========================================================================================
----------------- testing Wed Jul 10 14:21:10 UTC 2019 /home/travis/build/icyphy/ptII/ptolemy/actor/lib/test/auto/PublisherSubscriberOpaqueD3.xml
----------------- Instantiating /home/travis/build/icyphy/ptII/ptolemy/actor/lib/test/auto/PublisherSubscriberOpaqueD3.xml
6 ms. Memory: 359424K Free: 226598K (63%)
----------------- Invoking toplevel() on ptolemy.moml.MoMLSimpleApplication@3270c9f7
----------------- Done invoking toplevel() on ptolemy.moml.MoMLSimpleApplication@3270c9f7
reloadAllAccessors: .PublisherSubscriberOpaqueD3

===========================================================================================
----------------- testing Wed Jul 10 14:21:10 UTC 2019 /home/travis/build/icyphy/ptII/ptolemy/actor/lib/test/auto/PublisherSubscriberOpaqueD3Reverse.xml
----------------- Instantiating /home/travis/build/icyphy/ptII/ptolemy/actor/lib/test/auto/PublisherSubscriberOpaqueD3Reverse.xml
7 ms. Memory: 359424K Free: 215334K (60%)
----------------- Invoking toplevel() on ptolemy.moml.MoMLSimpleApplication@52f9e966
----------------- Done invoking toplevel() on ptolemy.moml.MoMLSimpleApplication@52f9e966
reloadAllAccessors: .PublisherSubscriberOpaqueD3Reverse

===========================================================================================
----------------- testing Wed Jul 10 14:21:10 UTC 2019 /home/travis/build/icyphy/ptII/ptolemy/actor/lib/test/auto/PublisherSubscriberOpaqueWidthInference.xml
----------------- Instantiating /home/travis/build/icyphy/ptII/ptolemy/actor/lib/test/auto/PublisherSubscriberOpaqueWidthInference.xml
3 ms. Memory: 359424K Free: 207142K (58%)
----------------- Invoking toplevel() on ptolemy.moml.MoMLSimpleApplication@361e4b5d
----------------- Done invoking toplevel() on ptolemy.moml.MoMLSimpleApplication@361e4b5d
reloadAllAccessors: .PublisherSubscriberOpaqueWidthInference

===========================================================================================
----------------- testing Wed Jul 10 14:21:10 UTC 2019 /home/travis/build/icyphy/ptII/ptolemy/actor/lib/test/auto/PublisherTestSubscriber.xml
----------------- Instantiating /home/travis/build/icyphy/ptII/ptolemy/actor/lib/test/auto/PublisherTestSubscriber.xml
3 ms. Memory: 359424K Free: 199454K (55%)
----------------- Invoking toplevel() on ptolemy.moml.MoMLSimpleApplication@7353773f
----------------- Done invoking toplevel() on ptolemy.moml.MoMLSimpleApplication@7353773f
reloadAllAccessors: .PublisherTestSubscriber

===========================================================================================
----------------- testing Wed Jul 10 14:21:10 UTC 2019 /home/travis/build/icyphy/ptII/ptolemy/actor/lib/test/auto/PublisherToplevelSubscriberPortAOC.xml
----------------- Instantiating /home/travis/build/icyphy/ptII/ptolemy/actor/lib/test/auto/PublisherToplevelSubscriberPortAOC.xml
1 ms. Memory: 359424K Free: 193310K (54%)
----------------- Invoking toplevel() on ptolemy.moml.MoMLSimpleApplication@16bb836d
----------------- Done invoking toplevel() on ptolemy.moml.MoMLSimpleApplication@16bb836d
reloadAllAccessors: .PublisherToplevelSubscriberPortAOC

===========================================================================================
----------------- testing Wed Jul 10 14:21:10 UTC 2019 /home/travis/build/icyphy/ptII/ptolemy/actor/lib/test/auto/PulseFiringLimitDE.xml
----------------- Instantiating /home/travis/build/icyphy/ptII/ptolemy/actor/lib/test/auto/PulseFiringLimitDE.xml
2 ms. Memory: 359424K Free: 187172K (52%)
----------------- Invoking toplevel() on ptolemy.moml.MoMLSimpleApplication@bc8a698
----------------- Done invoking toplevel() on ptolemy.moml.MoMLSimpleApplication@bc8a698
reloadAllAccessors: .PulseFiringLimitDE

===========================================================================================
----------------- testing Wed Jul 10 14:21:10 UTC 2019 /home/travis/build/icyphy/ptII/ptolemy/actor/lib/test/auto/Ramp1.xml
----------------- Instantiating /home/travis/build/icyphy/ptII/ptolemy/actor/lib/test/auto/Ramp1.xml
1 ms. Memory: 359424K Free: 183062K (51%)
----------------- Invoking toplevel() on ptolemy.moml.MoMLSimpleApplication@21ca6614
----------------- Done invoking toplevel() on ptolemy.moml.MoMLSimpleApplication@21ca6614
reloadAllAccessors: .Ramp1

===========================================================================================
----------------- testing Wed Jul 10 14:21:10 UTC 2019 /home/travis/build/icyphy/ptII/ptolemy/actor/lib/test/auto/RampFiringLimitDE.xml
----------------- Instantiating /home/travis/build/icyphy/ptII/ptolemy/actor/lib/test/auto/RampFiringLimitDE.xml
2 ms. Memory: 359424K Free: 176422K (49%)
----------------- Invoking toplevel() on ptolemy.moml.MoMLSimpleApplication@5c25ab55
----------------- Done invoking toplevel() on ptolemy.moml.MoMLSimpleApplication@5c25ab55
reloadAllAccessors: .RampFiringLimitDE

===========================================================================================
----------------- testing Wed Jul 10 14:21:10 UTC 2019 /home/travis/build/icyphy/ptII/ptolemy/actor/lib/test/auto/RampFiringLimitSDF.xml
----------------- Instantiating /home/travis/build/icyphy/ptII/ptolemy/actor/lib/test/auto/RampFiringLimitSDF.xml
2 ms. Memory: 359424K Free: 171302K (48%)
----------------- Invoking toplevel() on ptolemy.moml.MoMLSimpleApplication@c3cba9f
----------------- Done invoking toplevel() on ptolemy.moml.MoMLSimpleApplication@c3cba9f
reloadAllAccessors: .RampFiringLimitSDF

===========================================================================================
----------------- testing Wed Jul 10 14:21:10 UTC 2019 /home/travis/build/icyphy/ptII/ptolemy/actor/lib/test/auto/RandomInteger.xml
----------------- Instantiating /home/travis/build/icyphy/ptII/ptolemy/actor/lib/test/auto/RandomInteger.xml
1 ms. Memory: 359424K Free: 167206K (47%)
----------------- Invoking toplevel() on ptolemy.moml.MoMLSimpleApplication@35aa3fd7
----------------- Done invoking toplevel() on ptolemy.moml.MoMLSimpleApplication@35aa3fd7
reloadAllAccessors: .RandomInteger

===========================================================================================
----------------- testing Wed Jul 10 14:21:10 UTC 2019 /home/travis/build/icyphy/ptII/ptolemy/actor/lib/test/auto/ReadFile1.xml
----------------- Instantiating /home/travis/build/icyphy/ptII/ptolemy/actor/lib/test/auto/ReadFile1.xml
1 ms. Memory: 359424K Free: 162582K (45%)
----------------- Invoking toplevel() on ptolemy.moml.MoMLSimpleApplication@5d8e6c34
----------------- Done invoking toplevel() on ptolemy.moml.MoMLSimpleApplication@5d8e6c34
reloadAllAccessors: .ReadFile1

===========================================================================================
----------------- testing Wed Jul 10 14:21:10 UTC 2019 /home/travis/build/icyphy/ptII/ptolemy/actor/lib/test/auto/ReadFile2.xml
----------------- Instantiating /home/travis/build/icyphy/ptII/ptolemy/actor/lib/test/auto/ReadFile2.xml
1 ms. Memory: 359424K Free: 158500K (44%)
----------------- Invoking toplevel() on ptolemy.moml.MoMLSimpleApplication@6ed3606d
----------------- Done invoking toplevel() on ptolemy.moml.MoMLSimpleApplication@6ed3606d
reloadAllAccessors: .ReadFile2

===========================================================================================
----------------- testing Wed Jul 10 14:21:10 UTC 2019 /home/travis/build/icyphy/ptII/ptolemy/actor/lib/test/auto/Reader.xml
----------------- Instantiating /home/travis/build/icyphy/ptII/ptolemy/actor/lib/test/auto/Reader.xml
actor.lib.Reader is obsolete, use actor.lib.io.ExpressionReader instead
1 ms. Memory: 359424K Free: 153894K (43%)
----------------- Invoking toplevel() on ptolemy.moml.MoMLSimpleApplication@722f783b
----------------- Done invoking toplevel() on ptolemy.moml.MoMLSimpleApplication@722f783b
reloadAllAccessors: .Reader

===========================================================================================
----------------- testing Wed Jul 10 14:21:10 UTC 2019 /home/travis/build/icyphy/ptII/ptolemy/actor/lib/test/auto/RecordAssemblerDisplayNameTest.xml
----------------- Instantiating /home/travis/build/icyphy/ptII/ptolemy/actor/lib/test/auto/RecordAssemblerDisplayNameTest.xml
3720 ms. Memory: 359424K Free: 238871K (66%)
----------------- Invoking toplevel() on ptolemy.moml.MoMLSimpleApplication@5243c639
----------------- Done invoking toplevel() on ptolemy.moml.MoMLSimpleApplication@5243c639
reloadAllAccessors: .RecordAssemblerDisplayNameTest

===========================================================================================
----------------- testing Wed Jul 10 14:21:14 UTC 2019 /home/travis/build/icyphy/ptII/ptolemy/actor/lib/test/auto/RecordAssemblerTypeError.xml
----------------- Instantiating /home/travis/build/icyphy/ptII/ptolemy/actor/lib/test/auto/RecordAssemblerTypeError.xml
7 ms. Memory: 359424K Free: 229141K (64%)
----------------- Invoking toplevel() on ptolemy.moml.MoMLSimpleApplication@5e949a82
----------------- Done invoking toplevel() on ptolemy.moml.MoMLSimpleApplication@5e949a82
reloadAllAccessors: .RecordAssemblerTypeError

===========================================================================================
----------------- testing Wed Jul 10 14:21:14 UTC 2019 /home/travis/build/icyphy/ptII/ptolemy/actor/lib/test/auto/RecordDisassember.xml
----------------- Instantiating /home/travis/build/icyphy/ptII/ptolemy/actor/lib/test/auto/RecordDisassember.xml
4 ms. Memory: 359424K Free: 224535K (62%)
----------------- Invoking toplevel() on ptolemy.moml.MoMLSimpleApplication@4b83b3a5
----------------- Done invoking toplevel() on ptolemy.moml.MoMLSimpleApplication@4b83b3a5
reloadAllAccessors: .RecordDisassember

===========================================================================================
----------------- testing Wed Jul 10 14:21:14 UTC 2019 /home/travis/build/icyphy/ptII/ptolemy/actor/lib/test/auto/RecordDisassemberDisplayNameTest.xml
----------------- Instantiating /home/travis/build/icyphy/ptII/ptolemy/actor/lib/test/auto/RecordDisassemberDisplayNameTest.xml
16 ms. Memory: 359424K Free: 215829K (60%)
----------------- Invoking toplevel() on ptolemy.moml.MoMLSimpleApplication@71d4f6ba
----------------- Done invoking toplevel() on ptolemy.moml.MoMLSimpleApplication@71d4f6ba
reloadAllAccessors: .RecordDisassemberDisplayNameTest

===========================================================================================
----------------- testing Wed Jul 10 14:21:14 UTC 2019 /home/travis/build/icyphy/ptII/ptolemy/actor/lib/test/auto/RecordDisassembler.xml
----------------- Instantiating /home/travis/build/icyphy/ptII/ptolemy/actor/lib/test/auto/RecordDisassembler.xml
3 ms. Memory: 359424K Free: 210679K (59%)
----------------- Invoking toplevel() on ptolemy.moml.MoMLSimpleApplication@224556dd
----------------- Done invoking toplevel() on ptolemy.moml.MoMLSimpleApplication@224556dd
reloadAllAccessors: .RecordDisassembler

===========================================================================================
----------------- testing Wed Jul 10 14:21:14 UTC 2019 /home/travis/build/icyphy/ptII/ptolemy/actor/lib/test/auto/RecordDisassembler2.xml
----------------- Instantiating /home/travis/build/icyphy/ptII/ptolemy/actor/lib/test/auto/RecordDisassembler2.xml
2 ms. Memory: 359424K Free: 205559K (57%)
----------------- Invoking toplevel() on ptolemy.moml.MoMLSimpleApplication@1d4881
----------------- Done invoking toplevel() on ptolemy.moml.MoMLSimpleApplication@1d4881
reloadAllAccessors: .RecordDisassembler2

===========================================================================================
----------------- testing Wed Jul 10 14:21:14 UTC 2019 /home/travis/build/icyphy/ptII/ptolemy/actor/lib/test/auto/RecordUpdater.xml
----------------- Instantiating /home/travis/build/icyphy/ptII/ptolemy/actor/lib/test/auto/RecordUpdater.xml
2 ms. Memory: 359424K Free: 200983K (56%)
----------------- Invoking toplevel() on ptolemy.moml.MoMLSimpleApplication@39e247b
----------------- Done invoking toplevel() on ptolemy.moml.MoMLSimpleApplication@39e247b
reloadAllAccessors: .RecordUpdater

===========================================================================================
----------------- testing Wed Jul 10 14:21:14 UTC 2019 /home/travis/build/icyphy/ptII/ptolemy/actor/lib/test/auto/RecordUpdater2.xml
----------------- Instantiating /home/travis/build/icyphy/ptII/ptolemy/actor/lib/test/auto/RecordUpdater2.xml
2 ms. Memory: 359424K Free: 195349K (54%)
----------------- Invoking toplevel() on ptolemy.moml.MoMLSimpleApplication@7a602799
----------------- Done invoking toplevel() on ptolemy.moml.MoMLSimpleApplication@7a602799
reloadAllAccessors: .RecordUpdater2

===========================================================================================
----------------- testing Wed Jul 10 14:21:14 UTC 2019 /home/travis/build/icyphy/ptII/ptolemy/actor/lib/test/auto/RecursiveLattice.xml
----------------- Instantiating /home/travis/build/icyphy/ptII/ptolemy/actor/lib/test/auto/RecursiveLattice.xml
1 ms. Memory: 359424K Free: 190743K (53%)
----------------- Invoking toplevel() on ptolemy.moml.MoMLSimpleApplication@11f70ad
----------------- Done invoking toplevel() on ptolemy.moml.MoMLSimpleApplication@11f70ad
reloadAllAccessors: .RecursiveLattice

===========================================================================================
----------------- testing Wed Jul 10 14:21:14 UTC 2019 /home/travis/build/icyphy/ptII/ptolemy/actor/lib/test/auto/Router.xml
----------------- Instantiating /home/travis/build/icyphy/ptII/ptolemy/actor/lib/test/auto/Router.xml
3004 ms. Memory: 359424K Free: 179989K (50%)
----------------- Invoking toplevel() on ptolemy.moml.MoMLSimpleApplication@1fd8187b
----------------- Done invoking toplevel() on ptolemy.moml.MoMLSimpleApplication@1fd8187b
reloadAllAccessors: .Router

===========================================================================================
----------------- testing Wed Jul 10 14:21:17 UTC 2019 /home/travis/build/icyphy/ptII/ptolemy/actor/lib/test/auto/Router2.xml
----------------- Instantiating /home/travis/build/icyphy/ptII/ptolemy/actor/lib/test/auto/Router2.xml
3003 ms. Memory: 359424K Free: 169749K (47%)
----------------- Invoking toplevel() on ptolemy.moml.MoMLSimpleApplication@9adb2d7
----------------- Done invoking toplevel() on ptolemy.moml.MoMLSimpleApplication@9adb2d7
reloadAllAccessors: .Router2

===========================================================================================
----------------- testing Wed Jul 10 14:21:20 UTC 2019 /home/travis/build/icyphy/ptII/ptolemy/actor/lib/test/auto/RunningMaximum.xml
----------------- Instantiating /home/travis/build/icyphy/ptII/ptolemy/actor/lib/test/auto/RunningMaximum.xml
1 ms. Memory: 359424K Free: 165143K (46%)
----------------- Invoking toplevel() on ptolemy.moml.MoMLSimpleApplication@58d7a8b7
----------------- Done invoking toplevel() on ptolemy.moml.MoMLSimpleApplication@58d7a8b7
reloadAllAccessors: .RunningMaximum

===========================================================================================
----------------- testing Wed Jul 10 14:21:20 UTC 2019 /home/travis/build/icyphy/ptII/ptolemy/actor/lib/test/auto/RunningMinimum.xml
----------------- Instantiating /home/travis/build/icyphy/ptII/ptolemy/actor/lib/test/auto/RunningMinimum.xml
9 ms. Memory: 359424K Free: 160023K (45%)
----------------- Invoking toplevel() on ptolemy.moml.MoMLSimpleApplication@6c2bf5ff
----------------- Done invoking toplevel() on ptolemy.moml.MoMLSimpleApplication@6c2bf5ff
reloadAllAccessors: .RunningMinimum

===========================================================================================
----------------- testing Wed Jul 10 14:21:20 UTC 2019 /home/travis/build/icyphy/ptII/ptolemy/actor/lib/test/auto/Scale.xml
----------------- Instantiating /home/travis/build/icyphy/ptII/ptolemy/actor/lib/test/auto/Scale.xml
2 ms. Memory: 359424K Free: 155413K (43%)
----------------- Invoking toplevel() on ptolemy.moml.MoMLSimpleApplication@8369640
----------------- Done invoking toplevel() on ptolemy.moml.MoMLSimpleApplication@8369640
reloadAllAccessors: .Scale

===========================================================================================
----------------- testing Wed Jul 10 14:21:20 UTC 2019 /home/travis/build/icyphy/ptII/ptolemy/actor/lib/test/auto/Scale2.xml
----------------- Instantiating /home/travis/build/icyphy/ptII/ptolemy/actor/lib/test/auto/Scale2.xml
2 ms. Memory: 359424K Free: 150807K (42%)
----------------- Invoking toplevel() on ptolemy.moml.MoMLSimpleApplication@30cff3f0
----------------- Done invoking toplevel() on ptolemy.moml.MoMLSimpleApplication@30cff3f0
reloadAllAccessors: .Scale2

===========================================================================================
----------------- testing Wed Jul 10 14:21:20 UTC 2019 /home/travis/build/icyphy/ptII/ptolemy/actor/lib/test/auto/Scale3.xml
----------------- Instantiating /home/travis/build/icyphy/ptII/ptolemy/actor/lib/test/auto/Scale3.xml
4 ms. Memory: 359424K Free: 144663K (40%)
----------------- Invoking toplevel() on ptolemy.moml.MoMLSimpleApplication@f3b4c48
----------------- Done invoking toplevel() on ptolemy.moml.MoMLSimpleApplication@f3b4c48
reloadAllAccessors: .Scale3

===========================================================================================
----------------- testing Wed Jul 10 14:21:20 UTC 2019 /home/travis/build/icyphy/ptII/ptolemy/actor/lib/test/auto/ScaleArray.xml
----------------- Instantiating /home/travis/build/icyphy/ptII/ptolemy/actor/lib/test/auto/ScaleArray.xml
2 ms. Memory: 359424K Free: 139543K (39%)
----------------- Invoking toplevel() on ptolemy.moml.MoMLSimpleApplication@25f91ae4
----------------- Done invoking toplevel() on ptolemy.moml.MoMLSimpleApplication@25f91ae4
reloadAllAccessors: .ScaleArray

===========================================================================================
----------------- testing Wed Jul 10 14:21:20 UTC 2019 /home/travis/build/icyphy/ptII/ptolemy/actor/lib/test/auto/ScaleArray2.xml
----------------- Instantiating /home/travis/build/icyphy/ptII/ptolemy/actor/lib/test/auto/ScaleArray2.xml
1 ms. Memory: 359424K Free: 134933K (38%)
----------------- Invoking toplevel() on ptolemy.moml.MoMLSimpleApplication@65ff1340
----------------- Done invoking toplevel() on ptolemy.moml.MoMLSimpleApplication@65ff1340
reloadAllAccessors: .ScaleArray2

===========================================================================================
----------------- testing Wed Jul 10 14:21:20 UTC 2019 /home/travis/build/icyphy/ptII/ptolemy/actor/lib/test/auto/ScaleMatrix.xml
----------------- Instantiating /home/travis/build/icyphy/ptII/ptolemy/actor/lib/test/auto/ScaleMatrix.xml
167 ms. Memory: 359424K Free: 121621K (34%)
----------------- Invoking toplevel() on ptolemy.moml.MoMLSimpleApplication@33be4b05
----------------- Done invoking toplevel() on ptolemy.moml.MoMLSimpleApplication@33be4b05
reloadAllAccessors: .ScaleMatrix

===========================================================================================
----------------- testing Wed Jul 10 14:21:20 UTC 2019 /home/travis/build/icyphy/ptII/ptolemy/actor/lib/test/auto/Select.xml
----------------- Instantiating /home/travis/build/icyphy/ptII/ptolemy/actor/lib/test/auto/Select.xml
2 ms. Memory: 359424K Free: 115447K (32%)
----------------- Invoking toplevel() on ptolemy.moml.MoMLSimpleApplication@7c1c61f8
----------------- Done invoking toplevel() on ptolemy.moml.MoMLSimpleApplication@7c1c61f8
reloadAllAccessors: .Select

===========================================================================================
----------------- testing Wed Jul 10 14:21:20 UTC 2019 /home/travis/build/icyphy/ptII/ptolemy/actor/lib/test/auto/Select2.xml
----------------- Instantiating /home/travis/build/icyphy/ptII/ptolemy/actor/lib/test/auto/Select2.xml
1 ms. Memory: 359424K Free: 110357K (31%)
----------------- Invoking toplevel() on ptolemy.moml.MoMLSimpleApplication@137ef0
----------------- Done invoking toplevel() on ptolemy.moml.MoMLSimpleApplication@137ef0
reloadAllAccessors: .Select2

===========================================================================================
----------------- testing Wed Jul 10 14:21:20 UTC 2019 /home/travis/build/icyphy/ptII/ptolemy/actor/lib/test/auto/SequenceToArray2.xml
----------------- Instantiating /home/travis/build/icyphy/ptII/ptolemy/actor/lib/test/auto/SequenceToArray2.xml
107 ms. Memory: 359424K Free: 298001K (83%)
----------------- Invoking toplevel() on ptolemy.moml.MoMLSimpleApplication@2a024098
----------------- Done invoking toplevel() on ptolemy.moml.MoMLSimpleApplication@2a024098
reloadAllAccessors: .SequenceToArray2

===========================================================================================
----------------- testing Wed Jul 10 14:21:20 UTC 2019 /home/travis/build/icyphy/ptII/ptolemy/actor/lib/test/auto/SequentialClock.xml
----------------- Instantiating /home/travis/build/icyphy/ptII/ptolemy/actor/lib/test/auto/SequentialClock.xml
1 ms. Memory: 359424K Free: 293905K (82%)
----------------- Invoking toplevel() on ptolemy.moml.MoMLSimpleApplication@3d7aa851
----------------- Done invoking toplevel() on ptolemy.moml.MoMLSimpleApplication@3d7aa851
reloadAllAccessors: .SequentialClock

===========================================================================================
----------------- testing Wed Jul 10 14:21:20 UTC 2019 /home/travis/build/icyphy/ptII/ptolemy/actor/lib/test/auto/SetVariable.xml
----------------- Instantiating /home/travis/build/icyphy/ptII/ptolemy/actor/lib/test/auto/SetVariable.xml
2 ms. Memory: 359424K Free: 289295K (80%)
----------------- Invoking toplevel() on ptolemy.moml.MoMLSimpleApplication@50fbb911
----------------- Done invoking toplevel() on ptolemy.moml.MoMLSimpleApplication@50fbb911
reloadAllAccessors: .SetVariable

===========================================================================================
----------------- testing Wed Jul 10 14:21:20 UTC 2019 /home/travis/build/icyphy/ptII/ptolemy/actor/lib/test/auto/SetVariable2.xml
----------------- Instantiating /home/travis/build/icyphy/ptII/ptolemy/actor/lib/test/auto/SetVariable2.xml
3 ms. Memory: 359424K Free: 284689K (79%)
----------------- Invoking toplevel() on ptolemy.moml.MoMLSimpleApplication@244fcb33
----------------- Done invoking toplevel() on ptolemy.moml.MoMLSimpleApplication@244fcb33
reloadAllAccessors: .SetVariable2

===========================================================================================
----------------- testing Wed Jul 10 14:21:21 UTC 2019 /home/travis/build/icyphy/ptII/ptolemy/actor/lib/test/auto/SetVariable3.xml
----------------- Instantiating /home/travis/build/icyphy/ptII/ptolemy/actor/lib/test/auto/SetVariable3.xml
10 ms. Memory: 359424K Free: 279055K (78%)
----------------- Invoking toplevel() on ptolemy.moml.MoMLSimpleApplication@5efcda8e
----------------- Done invoking toplevel() on ptolemy.moml.MoMLSimpleApplication@5efcda8e
reloadAllAccessors: .SetVariable3

===========================================================================================
----------------- testing Wed Jul 10 14:21:21 UTC 2019 /home/travis/build/icyphy/ptII/ptolemy/actor/lib/test/auto/SetVariable4.xml
----------------- Instantiating /home/travis/build/icyphy/ptII/ptolemy/actor/lib/test/auto/SetVariable4.xml
20 ms. Memory: 359424K Free: 269327K (75%)
----------------- Invoking toplevel() on ptolemy.moml.MoMLSimpleApplication@2e869b37
----------------- Done invoking toplevel() on ptolemy.moml.MoMLSimpleApplication@2e869b37
reloadAllAccessors: .SetVariable4

===========================================================================================
----------------- testing Wed Jul 10 14:21:21 UTC 2019 /home/travis/build/icyphy/ptII/ptolemy/actor/lib/test/auto/SetVariable5.xml
----------------- Instantiating /home/travis/build/icyphy/ptII/ptolemy/actor/lib/test/auto/SetVariable5.xml
20 ms. Memory: 359424K Free: 260113K (72%)
----------------- Invoking toplevel() on ptolemy.moml.MoMLSimpleApplication@1d67d5bc
----------------- Done invoking toplevel() on ptolemy.moml.MoMLSimpleApplication@1d67d5bc
reloadAllAccessors: .SetVariable5

===========================================================================================
----------------- testing Wed Jul 10 14:21:21 UTC 2019 /home/travis/build/icyphy/ptII/ptolemy/actor/lib/test/auto/Sinewave.xml
----------------- Instantiating /home/travis/build/icyphy/ptII/ptolemy/actor/lib/test/auto/Sinewave.xml
3 ms. Memory: 359424K Free: 249873K (70%)
----------------- Invoking toplevel() on ptolemy.moml.MoMLSimpleApplication@79809085
----------------- Done invoking toplevel() on ptolemy.moml.MoMLSimpleApplication@79809085
reloadAllAccessors: .Sinewave

===========================================================================================
----------------- testing Wed Jul 10 14:21:21 UTC 2019 /home/travis/build/icyphy/ptII/ptolemy/actor/lib/test/auto/Sinewave2.xml
----------------- Instantiating /home/travis/build/icyphy/ptII/ptolemy/actor/lib/test/auto/Sinewave2.xml
7 ms. Memory: 359424K Free: 241167K (67%)
----------------- Invoking toplevel() on ptolemy.moml.MoMLSimpleApplication@22faa24d
----------------- Done invoking toplevel() on ptolemy.moml.MoMLSimpleApplication@22faa24d
reloadAllAccessors: .Sinewave2

===========================================================================================
----------------- testing Wed Jul 10 14:21:21 UTC 2019 /home/travis/build/icyphy/ptII/ptolemy/actor/lib/test/auto/Sinewave3.xml
----------------- Instantiating /home/travis/build/icyphy/ptII/ptolemy/actor/lib/test/auto/Sinewave3.xml
9 ms. Memory: 359424K Free: 232961K (65%)
----------------- Invoking toplevel() on ptolemy.moml.MoMLSimpleApplication@7b7553a7
----------------- Done invoking toplevel() on ptolemy.moml.MoMLSimpleApplication@7b7553a7
reloadAllAccessors: .Sinewave3

===========================================================================================
----------------- testing Wed Jul 10 14:21:21 UTC 2019 /home/travis/build/icyphy/ptII/ptolemy/actor/lib/test/auto/SingleEvent.xml
----------------- Instantiating /home/travis/build/icyphy/ptII/ptolemy/actor/lib/test/auto/SingleEvent.xml
1 ms. Memory: 359424K Free: 228879K (64%)
----------------- Invoking toplevel() on ptolemy.moml.MoMLSimpleApplication@e2b15bc
----------------- Done invoking toplevel() on ptolemy.moml.MoMLSimpleApplication@e2b15bc
reloadAllAccessors: .SingleEvent

===========================================================================================
----------------- testing Wed Jul 10 14:21:21 UTC 2019 /home/travis/build/icyphy/ptII/ptolemy/actor/lib/test/auto/Sleep.xml
----------------- Instantiating /home/travis/build/icyphy/ptII/ptolemy/actor/lib/test/auto/Sleep.xml
6004 ms. Memory: 359424K Free: 223745K (62%)
----------------- Invoking toplevel() on ptolemy.moml.MoMLSimpleApplication@4fc51c9c
----------------- Done invoking toplevel() on ptolemy.moml.MoMLSimpleApplication@4fc51c9c
reloadAllAccessors: .Sleep

===========================================================================================
----------------- testing Wed Jul 10 14:21:27 UTC 2019 /home/travis/build/icyphy/ptII/ptolemy/actor/lib/test/auto/SleepMultipleFire.xml
----------------- Instantiating /home/travis/build/icyphy/ptII/ptolemy/actor/lib/test/auto/SleepMultipleFire.xml
1005 ms. Memory: 359424K Free: 217615K (61%)
----------------- Invoking toplevel() on ptolemy.moml.MoMLSimpleApplication@768d396c
----------------- Done invoking toplevel() on ptolemy.moml.MoMLSimpleApplication@768d396c
reloadAllAccessors: .SleepMultipleFire

===========================================================================================
----------------- testing Wed Jul 10 14:21:28 UTC 2019 /home/travis/build/icyphy/ptII/ptolemy/actor/lib/test/auto/StopDE.xml
----------------- Instantiating /home/travis/build/icyphy/ptII/ptolemy/actor/lib/test/auto/StopDE.xml
2 ms. Memory: 359424K Free: 211985K (59%)
----------------- Invoking toplevel() on ptolemy.moml.MoMLSimpleApplication@c7af634
----------------- Done invoking toplevel() on ptolemy.moml.MoMLSimpleApplication@c7af634
reloadAllAccessors: .StopDE

===========================================================================================
----------------- testing Wed Jul 10 14:21:28 UTC 2019 /home/travis/build/icyphy/ptII/ptolemy/actor/lib/test/auto/StopSDF.xml
----------------- Instantiating /home/travis/build/icyphy/ptII/ptolemy/actor/lib/test/auto/StopSDF.xml
5 ms. Memory: 359424K Free: 206865K (58%)
----------------- Invoking toplevel() on ptolemy.moml.MoMLSimpleApplication@5db67a07
----------------- Done invoking toplevel() on ptolemy.moml.MoMLSimpleApplication@5db67a07
reloadAllAccessors: .StopSDF

===========================================================================================
----------------- testing Wed Jul 10 14:21:28 UTC 2019 /home/travis/build/icyphy/ptII/ptolemy/actor/lib/test/auto/StringConstant.xml
----------------- Instantiating /home/travis/build/icyphy/ptII/ptolemy/actor/lib/test/auto/StringConstant.xml
6 ms. Memory: 359424K Free: 202255K (56%)
----------------- Invoking toplevel() on ptolemy.moml.MoMLSimpleApplication@77f8e566
----------------- Done invoking toplevel() on ptolemy.moml.MoMLSimpleApplication@77f8e566
reloadAllAccessors: .StringConstant

===========================================================================================
----------------- testing Wed Jul 10 14:21:28 UTC 2019 /home/travis/build/icyphy/ptII/ptolemy/actor/lib/test/auto/SubscriberPortInitialValues1.xml
----------------- Instantiating /home/travis/build/icyphy/ptII/ptolemy/actor/lib/test/auto/SubscriberPortInitialValues1.xml
7 ms. Memory: 359424K Free: 193553K (54%)
----------------- Invoking toplevel() on ptolemy.moml.MoMLSimpleApplication@219b5129
----------------- Done invoking toplevel() on ptolemy.moml.MoMLSimpleApplication@219b5129
reloadAllAccessors: .SubscriberPortInitialValues1

===========================================================================================
----------------- testing Wed Jul 10 14:21:28 UTC 2019 /home/travis/build/icyphy/ptII/ptolemy/actor/lib/test/auto/SubscriberPortInitialValues13.xml
----------------- Instantiating /home/travis/build/icyphy/ptII/ptolemy/actor/lib/test/auto/SubscriberPortInitialValues13.xml
6 ms. Memory: 359424K Free: 180751K (50%)
----------------- Invoking toplevel() on ptolemy.moml.MoMLSimpleApplication@2f39131e
----------------- Done invoking toplevel() on ptolemy.moml.MoMLSimpleApplication@2f39131e
reloadAllAccessors: .SubscriberPortInitialValues13

===========================================================================================
----------------- testing Wed Jul 10 14:21:28 UTC 2019 /home/travis/build/icyphy/ptII/ptolemy/actor/lib/test/auto/SubscriberPortInitialValues14.xml
----------------- Instantiating /home/travis/build/icyphy/ptII/ptolemy/actor/lib/test/auto/SubscriberPortInitialValues14.xml
5 ms. Memory: 359424K Free: 172559K (48%)
----------------- Invoking toplevel() on ptolemy.moml.MoMLSimpleApplication@a84dbf4
----------------- Done invoking toplevel() on ptolemy.moml.MoMLSimpleApplication@a84dbf4
reloadAllAccessors: .SubscriberPortInitialValues14

===========================================================================================
----------------- testing Wed Jul 10 14:21:28 UTC 2019 /home/travis/build/icyphy/ptII/ptolemy/actor/lib/test/auto/SubscriberPortInitialValues2.xml
----------------- Instantiating /home/travis/build/icyphy/ptII/ptolemy/actor/lib/test/auto/SubscriberPortInitialValues2.xml
4 ms. Memory: 359424K Free: 164881K (46%)
----------------- Invoking toplevel() on ptolemy.moml.MoMLSimpleApplication@5808d750
----------------- Done invoking toplevel() on ptolemy.moml.MoMLSimpleApplication@5808d750
reloadAllAccessors: .SubscriberPortInitialValues2

===========================================================================================
----------------- testing Wed Jul 10 14:21:28 UTC 2019 /home/travis/build/icyphy/ptII/ptolemy/actor/lib/test/auto/SubscriberPortInitialValues3.xml
----------------- Instantiating /home/travis/build/icyphy/ptII/ptolemy/actor/lib/test/auto/SubscriberPortInitialValues3.xml
4 ms. Memory: 359424K Free: 154127K (43%)
----------------- Invoking toplevel() on ptolemy.moml.MoMLSimpleApplication@7b697ef3
----------------- Done invoking toplevel() on ptolemy.moml.MoMLSimpleApplication@7b697ef3
reloadAllAccessors: .SubscriberPortInitialValues3

===========================================================================================
----------------- testing Wed Jul 10 14:21:28 UTC 2019 /home/travis/build/icyphy/ptII/ptolemy/actor/lib/test/auto/SubscriptionAggregator.xml
----------------- Instantiating /home/travis/build/icyphy/ptII/ptolemy/actor/lib/test/auto/SubscriptionAggregator.xml
3 ms. Memory: 359424K Free: 147473K (41%)
----------------- Invoking toplevel() on ptolemy.moml.MoMLSimpleApplication@5f2a21ca
----------------- Done invoking toplevel() on ptolemy.moml.MoMLSimpleApplication@5f2a21ca
reloadAllAccessors: .SubscriptionAggregator

===========================================================================================
----------------- testing Wed Jul 10 14:21:28 UTC 2019 /home/travis/build/icyphy/ptII/ptolemy/actor/lib/test/auto/SubscriptionAggregator2.xml
----------------- Instantiating /home/travis/build/icyphy/ptII/ptolemy/actor/lib/test/auto/SubscriptionAggregator2.xml
2 ms. Memory: 359424K Free: 140305K (39%)
----------------- Invoking toplevel() on ptolemy.moml.MoMLSimpleApplication@388d3ade
----------------- Done invoking toplevel() on ptolemy.moml.MoMLSimpleApplication@388d3ade
reloadAllAccessors: .SubscriptionAggregator2

===========================================================================================
----------------- testing Wed Jul 10 14:21:28 UTC 2019 /home/travis/build/icyphy/ptII/ptolemy/actor/lib/test/auto/SubscriptionAggregator3.xml
----------------- Instantiating /home/travis/build/icyphy/ptII/ptolemy/actor/lib/test/auto/SubscriptionAggregator3.xml
4 ms. Memory: 359424K Free: 132113K (37%)
----------------- Invoking toplevel() on ptolemy.moml.MoMLSimpleApplication@4467cd72
----------------- Done invoking toplevel() on ptolemy.moml.MoMLSimpleApplication@4467cd72
reloadAllAccessors: .SubscriptionAggregator3

===========================================================================================
----------------- testing Wed Jul 10 14:21:28 UTC 2019 /home/travis/build/icyphy/ptII/ptolemy/actor/lib/test/auto/SubscriptionAggregatorMultiply.xml
----------------- Instantiating /home/travis/build/icyphy/ptII/ptolemy/actor/lib/test/auto/SubscriptionAggregatorMultiply.xml
2 ms. Memory: 359424K Free: 123921K (34%)
----------------- Invoking toplevel() on ptolemy.moml.MoMLSimpleApplication@50676ca5
----------------- Done invoking toplevel() on ptolemy.moml.MoMLSimpleApplication@50676ca5
reloadAllAccessors: .SubscriptionAggregatorMultiply

===========================================================================================
----------------- testing Wed Jul 10 14:21:28 UTC 2019 /home/travis/build/icyphy/ptII/ptolemy/actor/lib/test/auto/SubscriptionAggregatorPortMultiply1.xml
----------------- Instantiating /home/travis/build/icyphy/ptII/ptolemy/actor/lib/test/auto/SubscriptionAggregatorPortMultiply1.xml
4 ms. Memory: 359424K Free: 115729K (32%)
----------------- Invoking toplevel() on ptolemy.moml.MoMLSimpleApplication@62ccc85d
----------------- Done invoking toplevel() on ptolemy.moml.MoMLSimpleApplication@62ccc85d
reloadAllAccessors: .SubscriptionAggregatorPortMultiply1

===========================================================================================
----------------- testing Wed Jul 10 14:21:28 UTC 2019 /home/travis/build/icyphy/ptII/ptolemy/actor/lib/test/auto/Switch.xml
----------------- Instantiating /home/travis/build/icyphy/ptII/ptolemy/actor/lib/test/auto/Switch.xml
9 ms. Memory: 359424K Free: 107537K (30%)
----------------- Invoking toplevel() on ptolemy.moml.MoMLSimpleApplication@41e20b01
----------------- Done invoking toplevel() on ptolemy.moml.MoMLSimpleApplication@41e20b01
reloadAllAccessors: .Switch

===========================================================================================
----------------- testing Wed Jul 10 14:21:28 UTC 2019 /home/travis/build/icyphy/ptII/ptolemy/actor/lib/test/auto/Switch2.xml
----------------- Instantiating /home/travis/build/icyphy/ptII/ptolemy/actor/lib/test/auto/Switch2.xml
10 ms. Memory: 359424K Free: 102927K (29%)
----------------- Invoking toplevel() on ptolemy.moml.MoMLSimpleApplication@7ea639c3
----------------- Done invoking toplevel() on ptolemy.moml.MoMLSimpleApplication@7ea639c3
reloadAllAccessors: .Switch2

===========================================================================================
----------------- testing Wed Jul 10 14:21:28 UTC 2019 /home/travis/build/icyphy/ptII/ptolemy/actor/lib/test/auto/SwitchDE.xml
----------------- Instantiating /home/travis/build/icyphy/ptII/ptolemy/actor/lib/test/auto/SwitchDE.xml
4 ms. Memory: 359424K Free: 308012K (86%)
----------------- Invoking toplevel() on ptolemy.moml.MoMLSimpleApplication@76474388
----------------- Done invoking toplevel() on ptolemy.moml.MoMLSimpleApplication@76474388
reloadAllAccessors: .SwitchDE

===========================================================================================
----------------- testing Wed Jul 10 14:21:28 UTC 2019 /home/travis/build/icyphy/ptII/ptolemy/actor/lib/test/auto/SynchronizerDE.xml
----------------- Instantiating /home/travis/build/icyphy/ptII/ptolemy/actor/lib/test/auto/SynchronizerDE.xml
9 ms. Memory: 359424K Free: 299292K (83%)
----------------- Invoking toplevel() on ptolemy.moml.MoMLSimpleApplication@1e62885
----------------- Done invoking toplevel() on ptolemy.moml.MoMLSimpleApplication@1e62885
reloadAllAccessors: .SynchronizerDE

===========================================================================================
----------------- testing Wed Jul 10 14:21:28 UTC 2019 /home/travis/build/icyphy/ptII/ptolemy/actor/lib/test/auto/Test.xml
----------------- Instantiating /home/travis/build/icyphy/ptII/ptolemy/actor/lib/test/auto/Test.xml
8 ms. Memory: 359424K Free: 294156K (82%)
----------------- Invoking toplevel() on ptolemy.moml.MoMLSimpleApplication@51b87838
----------------- Done invoking toplevel() on ptolemy.moml.MoMLSimpleApplication@51b87838
reloadAllAccessors: .Test

===========================================================================================
----------------- testing Wed Jul 10 14:21:28 UTC 2019 /home/travis/build/icyphy/ptII/ptolemy/actor/lib/test/auto/TestExceptionAttribute1.xml
----------------- Instantiating /home/travis/build/icyphy/ptII/ptolemy/actor/lib/test/auto/TestExceptionAttribute1.xml
0 ms. Memory: 359424K Free: 290090K (81%)
----------------- Invoking toplevel() on ptolemy.moml.MoMLSimpleApplication@731a7473
----------------- Done invoking toplevel() on ptolemy.moml.MoMLSimpleApplication@731a7473
reloadAllAccessors: .TestExceptionAttribute1

===========================================================================================
----------------- testing Wed Jul 10 14:21:28 UTC 2019 /home/travis/build/icyphy/ptII/ptolemy/actor/lib/test/auto/TestExceptionAttribute2.xml
----------------- Instantiating /home/travis/build/icyphy/ptII/ptolemy/actor/lib/test/auto/TestExceptionAttribute2.xml
2 ms. Memory: 359424K Free: 286508K (80%)
----------------- Invoking toplevel() on ptolemy.moml.MoMLSimpleApplication@3aefe5d9
----------------- Done invoking toplevel() on ptolemy.moml.MoMLSimpleApplication@3aefe5d9
reloadAllAccessors: .TestExceptionAttribute2

===========================================================================================
----------------- testing Wed Jul 10 14:21:28 UTC 2019 /home/travis/build/icyphy/ptII/ptolemy/actor/lib/test/auto/TestExceptionAttribute3.xml
----------------- Instantiating /home/travis/build/icyphy/ptII/ptolemy/actor/lib/test/auto/TestExceptionAttribute3.xml
.TestExceptionAttribute3.TestExceptionAttribute: initialize() was not invoked, but wrapup() was.  This is unusual, but not always a problem.  For example, exporting JNLP will do this.
1 ms. Memory: 359424K Free: 282922K (79%)
----------------- Invoking toplevel() on ptolemy.moml.MoMLSimpleApplication@2762ef3b
----------------- Done invoking toplevel() on ptolemy.moml.MoMLSimpleApplication@2762ef3b
reloadAllAccessors: .TestExceptionAttribute3

===========================================================================================
----------------- testing Wed Jul 10 14:21:28 UTC 2019 /home/travis/build/icyphy/ptII/ptolemy/actor/lib/test/auto/TestExceptionAttribute4.xml
----------------- Instantiating /home/travis/build/icyphy/ptII/ptolemy/actor/lib/test/auto/TestExceptionAttribute4.xml
.TestExceptionAttribute4.TestExceptionAttribute: initialize() was not invoked, but wrapup() was.  This is unusual, but not always a problem.  For example, exporting JNLP will do this.
.TestExceptionAttribute4.TestExceptionAttribute2: initialize() was not invoked, but wrapup() was.  This is unusual, but not always a problem.  For example, exporting JNLP will do this.
1 ms. Memory: 359424K Free: 278316K (77%)
----------------- Invoking toplevel() on ptolemy.moml.MoMLSimpleApplication@5bdb8ad1
----------------- Done invoking toplevel() on ptolemy.moml.MoMLSimpleApplication@5bdb8ad1
reloadAllAccessors: .TestExceptionAttribute4

===========================================================================================
----------------- testing Wed Jul 10 14:21:28 UTC 2019 /home/travis/build/icyphy/ptII/ptolemy/actor/lib/test/auto/TestExceptionHandler1.xml
----------------- Instantiating /home/travis/build/icyphy/ptII/ptolemy/actor/lib/test/auto/TestExceptionHandler1.xml
1 ms. Memory: 359424K Free: 274730K (76%)
----------------- Invoking toplevel() on ptolemy.moml.MoMLSimpleApplication@74783976
----------------- Done invoking toplevel() on ptolemy.moml.MoMLSimpleApplication@74783976
reloadAllAccessors: .TestExceptionHandler1

===========================================================================================
----------------- testing Wed Jul 10 14:21:28 UTC 2019 /home/travis/build/icyphy/ptII/ptolemy/actor/lib/test/auto/TestExceptionHandler2.xml
----------------- Instantiating /home/travis/build/icyphy/ptII/ptolemy/actor/lib/test/auto/TestExceptionHandler2.xml
1 ms. Memory: 359424K Free: 271148K (75%)
----------------- Invoking toplevel() on ptolemy.moml.MoMLSimpleApplication@78a62c
----------------- Done invoking toplevel() on ptolemy.moml.MoMLSimpleApplication@78a62c
reloadAllAccessors: .TestExceptionHandler2

===========================================================================================
----------------- testing Wed Jul 10 14:21:28 UTC 2019 /home/travis/build/icyphy/ptII/ptolemy/actor/lib/test/auto/TestExceptionHandler3.xml
----------------- Instantiating /home/travis/build/icyphy/ptII/ptolemy/actor/lib/test/auto/TestExceptionHandler3.xml
0 ms. Memory: 359424K Free: 267052K (74%)
----------------- Invoking toplevel() on ptolemy.moml.MoMLSimpleApplication@56bf4808
----------------- Done invoking toplevel() on ptolemy.moml.MoMLSimpleApplication@56bf4808
reloadAllAccessors: .TestExceptionHandler3

===========================================================================================
----------------- testing Wed Jul 10 14:21:28 UTC 2019 /home/travis/build/icyphy/ptII/ptolemy/actor/lib/test/auto/TestExceptionHandler4.xml
----------------- Instantiating /home/travis/build/icyphy/ptII/ptolemy/actor/lib/test/auto/TestExceptionHandler4.xml
1 ms. Memory: 359424K Free: 262956K (73%)
----------------- Invoking toplevel() on ptolemy.moml.MoMLSimpleApplication@188b0a0a
----------------- Done invoking toplevel() on ptolemy.moml.MoMLSimpleApplication@188b0a0a
reloadAllAccessors: .TestExceptionHandler4

===========================================================================================
----------------- testing Wed Jul 10 14:21:28 UTC 2019 /home/travis/build/icyphy/ptII/ptolemy/actor/lib/test/auto/TestRequireCorrectOrder.xml
----------------- Instantiating /home/travis/build/icyphy/ptII/ptolemy/actor/lib/test/auto/TestRequireCorrectOrder.xml
2 ms. Memory: 359424K Free: 257836K (72%)
----------------- Invoking toplevel() on ptolemy.moml.MoMLSimpleApplication@506903d8
----------------- Done invoking toplevel() on ptolemy.moml.MoMLSimpleApplication@506903d8
reloadAllAccessors: .TestRequireCorrectOrder

===========================================================================================
----------------- testing Wed Jul 10 14:21:28 UTC 2019 /home/travis/build/icyphy/ptII/ptolemy/actor/lib/test/auto/TestSimple.xml
----------------- Instantiating /home/travis/build/icyphy/ptII/ptolemy/actor/lib/test/auto/TestSimple.xml
1 ms. Memory: 359424K Free: 253220K (70%)
----------------- Invoking toplevel() on ptolemy.moml.MoMLSimpleApplication@725fbdc2
----------------- Done invoking toplevel() on ptolemy.moml.MoMLSimpleApplication@725fbdc2
reloadAllAccessors: .TestSimple

===========================================================================================
----------------- testing Wed Jul 10 14:21:28 UTC 2019 /home/travis/build/icyphy/ptII/ptolemy/actor/lib/test/auto/ThrowModelError.xml
----------------- Instantiating /home/travis/build/icyphy/ptII/ptolemy/actor/lib/test/auto/ThrowModelError.xml
1 ms. Memory: 359424K Free: 248620K (69%)
----------------- Invoking toplevel() on ptolemy.moml.MoMLSimpleApplication@127f43d3
----------------- Done invoking toplevel() on ptolemy.moml.MoMLSimpleApplication@127f43d3
reloadAllAccessors: .ThrowModelError

===========================================================================================
----------------- testing Wed Jul 10 14:21:28 UTC 2019 /home/travis/build/icyphy/ptII/ptolemy/actor/lib/test/auto/TimeDelayMicrosteps.xml
----------------- Instantiating /home/travis/build/icyphy/ptII/ptolemy/actor/lib/test/auto/TimeDelayMicrosteps.xml
4 ms. Memory: 359424K Free: 241932K (67%)
----------------- Invoking toplevel() on ptolemy.moml.MoMLSimpleApplication@39080070
----------------- Done invoking toplevel() on ptolemy.moml.MoMLSimpleApplication@39080070
reloadAllAccessors: .TimeDelayMicrosteps

===========================================================================================
----------------- testing Wed Jul 10 14:21:28 UTC 2019 /home/travis/build/icyphy/ptII/ptolemy/actor/lib/test/auto/TimeDelayMicrosteps2.xml
----------------- Instantiating /home/travis/build/icyphy/ptII/ptolemy/actor/lib/test/auto/TimeDelayMicrosteps2.xml
3 ms. Memory: 359424K Free: 234284K (65%)
----------------- Invoking toplevel() on ptolemy.moml.MoMLSimpleApplication@11baf3c1
----------------- Done invoking toplevel() on ptolemy.moml.MoMLSimpleApplication@11baf3c1
reloadAllAccessors: .TimeDelayMicrosteps2

===========================================================================================
----------------- testing Wed Jul 10 14:21:28 UTC 2019 /home/travis/build/icyphy/ptII/ptolemy/actor/lib/test/auto/TimeDelayMicrosteps3.xml
----------------- Instantiating /home/travis/build/icyphy/ptII/ptolemy/actor/lib/test/auto/TimeDelayMicrosteps3.xml
4 ms. Memory: 359424K Free: 227596K (63%)
----------------- Invoking toplevel() on ptolemy.moml.MoMLSimpleApplication@5e22038d
----------------- Done invoking toplevel() on ptolemy.moml.MoMLSimpleApplication@5e22038d
reloadAllAccessors: .TimeDelayMicrosteps3

===========================================================================================
----------------- testing Wed Jul 10 14:21:28 UTC 2019 /home/travis/build/icyphy/ptII/ptolemy/actor/lib/test/auto/TimeDelayVariableMicrosteps.xml
----------------- Instantiating /home/travis/build/icyphy/ptII/ptolemy/actor/lib/test/auto/TimeDelayVariableMicrosteps.xml
3 ms. Memory: 359424K Free: 220972K (61%)
----------------- Invoking toplevel() on ptolemy.moml.MoMLSimpleApplication@2ccbc60d
----------------- Done invoking toplevel() on ptolemy.moml.MoMLSimpleApplication@2ccbc60d
reloadAllAccessors: .TimeDelayVariableMicrosteps

===========================================================================================
----------------- testing Wed Jul 10 14:21:28 UTC 2019 /home/travis/build/icyphy/ptII/ptolemy/actor/lib/test/auto/TimeGap.xml
----------------- Instantiating /home/travis/build/icyphy/ptII/ptolemy/actor/lib/test/auto/TimeGap.xml
4 ms. Memory: 359424K Free: 215852K (60%)
----------------- Invoking toplevel() on ptolemy.moml.MoMLSimpleApplication@5e46ff45
----------------- Done invoking toplevel() on ptolemy.moml.MoMLSimpleApplication@5e46ff45
reloadAllAccessors: .TimeGap

===========================================================================================
----------------- testing Wed Jul 10 14:21:28 UTC 2019 /home/travis/build/icyphy/ptII/ptolemy/actor/lib/test/auto/TimeGap2.xml
----------------- Instantiating /home/travis/build/icyphy/ptII/ptolemy/actor/lib/test/auto/TimeGap2.xml
1 ms. Memory: 359424K Free: 210204K (58%)
----------------- Invoking toplevel() on ptolemy.moml.MoMLSimpleApplication@452e84a0
----------------- Done invoking toplevel() on ptolemy.moml.MoMLSimpleApplication@452e84a0
reloadAllAccessors: .TimeGap2

===========================================================================================
----------------- testing Wed Jul 10 14:21:28 UTC 2019 /home/travis/build/icyphy/ptII/ptolemy/actor/lib/test/auto/TimedSinewave.xml
----------------- Instantiating /home/travis/build/icyphy/ptII/ptolemy/actor/lib/test/auto/TimedSinewave.xml
34 ms. Memory: 359424K Free: 195882K (54%)
----------------- Invoking toplevel() on ptolemy.moml.MoMLSimpleApplication@46ab5be
----------------- Done invoking toplevel() on ptolemy.moml.MoMLSimpleApplication@46ab5be
reloadAllAccessors: .TimedSinewave

===========================================================================================
----------------- testing Wed Jul 10 14:21:28 UTC 2019 /home/travis/build/icyphy/ptII/ptolemy/actor/lib/test/auto/TimedSinewavePhase.xml
----------------- Instantiating /home/travis/build/icyphy/ptII/ptolemy/actor/lib/test/auto/TimedSinewavePhase.xml
10 ms. Memory: 359424K Free: 186156K (52%)
----------------- Invoking toplevel() on ptolemy.moml.MoMLSimpleApplication@1e351c0f
----------------- Done invoking toplevel() on ptolemy.moml.MoMLSimpleApplication@1e351c0f
reloadAllAccessors: .TimedSinewavePhase

===========================================================================================
----------------- testing Wed Jul 10 14:21:29 UTC 2019 /home/travis/build/icyphy/ptII/ptolemy/actor/lib/test/auto/Timer.xml
----------------- Instantiating /home/travis/build/icyphy/ptII/ptolemy/actor/lib/test/auto/Timer.xml
4 ms. Memory: 359424K Free: 180012K (50%)
----------------- Invoking toplevel() on ptolemy.moml.MoMLSimpleApplication@5bf45b98
----------------- Done invoking toplevel() on ptolemy.moml.MoMLSimpleApplication@5bf45b98
reloadAllAccessors: .Timer

===========================================================================================
----------------- testing Wed Jul 10 14:21:29 UTC 2019 /home/travis/build/icyphy/ptII/ptolemy/actor/lib/test/auto/TriangularDistTestModel.xml
----------------- Instantiating /home/travis/build/icyphy/ptII/ptolemy/actor/lib/test/auto/TriangularDistTestModel.xml
2 ms. Memory: 359424K Free: 174348K (49%)
----------------- Invoking toplevel() on ptolemy.moml.MoMLSimpleApplication@44885e71
----------------- Done invoking toplevel() on ptolemy.moml.MoMLSimpleApplication@44885e71
reloadAllAccessors: .TriangularDistTestModel

===========================================================================================
----------------- testing Wed Jul 10 14:21:29 UTC 2019 /home/travis/build/icyphy/ptII/ptolemy/actor/lib/test/auto/TrigFunction.xml
----------------- Instantiating /home/travis/build/icyphy/ptII/ptolemy/actor/lib/test/auto/TrigFunction.xml
2 ms. Memory: 359424K Free: 169772K (47%)
----------------- Invoking toplevel() on ptolemy.moml.MoMLSimpleApplication@61700411
----------------- Done invoking toplevel() on ptolemy.moml.MoMLSimpleApplication@61700411
reloadAllAccessors: .TrigFunction

===========================================================================================
----------------- testing Wed Jul 10 14:21:29 UTC 2019 /home/travis/build/icyphy/ptII/ptolemy/actor/lib/test/auto/TrigFunctionDE.xml
----------------- Instantiating /home/travis/build/icyphy/ptII/ptolemy/actor/lib/test/auto/TrigFunctionDE.xml
2 ms. Memory: 359424K Free: 163628K (46%)
----------------- Invoking toplevel() on ptolemy.moml.MoMLSimpleApplication@69415342
----------------- Done invoking toplevel() on ptolemy.moml.MoMLSimpleApplication@69415342
reloadAllAccessors: .TrigFunctionDE

===========================================================================================
----------------- testing Wed Jul 10 14:21:29 UTC 2019 /home/travis/build/icyphy/ptII/ptolemy/actor/lib/test/auto/TrigFunctionInverse.xml
----------------- Instantiating /home/travis/build/icyphy/ptII/ptolemy/actor/lib/test/auto/TrigFunctionInverse.xml
3 ms. Memory: 359424K Free: 158508K (44%)
----------------- Invoking toplevel() on ptolemy.moml.MoMLSimpleApplication@15687559
----------------- Done invoking toplevel() on ptolemy.moml.MoMLSimpleApplication@15687559
reloadAllAccessors: .TrigFunctionInverse

===========================================================================================
----------------- testing Wed Jul 10 14:21:29 UTC 2019 /home/travis/build/icyphy/ptII/ptolemy/actor/lib/test/auto/TrigFunctionTan.xml
----------------- Instantiating /home/travis/build/icyphy/ptII/ptolemy/actor/lib/test/auto/TrigFunctionTan.xml
2 ms. Memory: 359424K Free: 153898K (43%)
----------------- Invoking toplevel() on ptolemy.moml.MoMLSimpleApplication@1ae7db04
----------------- Done invoking toplevel() on ptolemy.moml.MoMLSimpleApplication@1ae7db04
reloadAllAccessors: .TrigFunctionTan

===========================================================================================
----------------- testing Wed Jul 10 14:21:29 UTC 2019 /home/travis/build/icyphy/ptII/ptolemy/actor/lib/test/auto/TriggeredClock.xml
----------------- Instantiating /home/travis/build/icyphy/ptII/ptolemy/actor/lib/test/auto/TriggeredClock.xml
1 ms. Memory: 359424K Free: 148764K (41%)
----------------- Invoking toplevel() on ptolemy.moml.MoMLSimpleApplication@76f79a1b
----------------- Done invoking toplevel() on ptolemy.moml.MoMLSimpleApplication@76f79a1b
reloadAllAccessors: .TriggeredClock

===========================================================================================
----------------- testing Wed Jul 10 14:21:29 UTC 2019 /home/travis/build/icyphy/ptII/ptolemy/actor/lib/test/auto/URLDirectoryReader.xml
----------------- Instantiating /home/travis/build/icyphy/ptII/ptolemy/actor/lib/test/auto/URLDirectoryReader.xml
41 ms. Memory: 359424K Free: 139052K (39%)
----------------- Invoking toplevel() on ptolemy.moml.MoMLSimpleApplication@2f8355c0
----------------- Done invoking toplevel() on ptolemy.moml.MoMLSimpleApplication@2f8355c0
reloadAllAccessors: .URLDirectoryReader

===========================================================================================
----------------- testing Wed Jul 10 14:21:29 UTC 2019 /home/travis/build/icyphy/ptII/ptolemy/actor/lib/test/auto/URLDirectoryReader3.xml
----------------- Instantiating /home/travis/build/icyphy/ptII/ptolemy/actor/lib/test/auto/URLDirectoryReader3.xml
1120 ms. Memory: 359424K Free: 303727K (85%)
----------------- Invoking toplevel() on ptolemy.moml.MoMLSimpleApplication@ee46d00
----------------- Done invoking toplevel() on ptolemy.moml.MoMLSimpleApplication@ee46d00
reloadAllAccessors: .URLDirectoryReader3

===========================================================================================
----------------- testing Wed Jul 10 14:21:30 UTC 2019 /home/travis/build/icyphy/ptII/ptolemy/actor/lib/test/auto/UnaryMathFunction.xml
----------------- Instantiating /home/travis/build/icyphy/ptII/ptolemy/actor/lib/test/auto/UnaryMathFunction.xml
2 ms. Memory: 359424K Free: 296045K (82%)
----------------- Invoking toplevel() on ptolemy.moml.MoMLSimpleApplication@b050142
----------------- Done invoking toplevel() on ptolemy.moml.MoMLSimpleApplication@b050142
reloadAllAccessors: .UnaryMathFunction

===========================================================================================
----------------- testing Wed Jul 10 14:21:30 UTC 2019 /home/travis/build/icyphy/ptII/ptolemy/actor/lib/test/auto/Uniform.xml
----------------- Instantiating /home/travis/build/icyphy/ptII/ptolemy/actor/lib/test/auto/Uniform.xml
4 ms. Memory: 359424K Free: 290919K (81%)
----------------- Invoking toplevel() on ptolemy.moml.MoMLSimpleApplication@72f81937
----------------- Done invoking toplevel() on ptolemy.moml.MoMLSimpleApplication@72f81937
reloadAllAccessors: .Uniform

===========================================================================================
----------------- testing Wed Jul 10 14:21:30 UTC 2019 /home/travis/build/icyphy/ptII/ptolemy/actor/lib/test/auto/UnionDisassemblerTest.xml
----------------- Instantiating /home/travis/build/icyphy/ptII/ptolemy/actor/lib/test/auto/UnionDisassemblerTest.xml
9 ms. Memory: 359424K Free: 286829K (80%)
----------------- Invoking toplevel() on ptolemy.moml.MoMLSimpleApplication@754f66f4
----------------- Done invoking toplevel() on ptolemy.moml.MoMLSimpleApplication@754f66f4
reloadAllAccessors: .UnionDisassemblerTest

===========================================================================================
----------------- testing Wed Jul 10 14:21:30 UTC 2019 /home/travis/build/icyphy/ptII/ptolemy/actor/lib/test/auto/UtilityFunctions.xml
----------------- Instantiating /home/travis/build/icyphy/ptII/ptolemy/actor/lib/test/auto/UtilityFunctions.xml
3 ms. Memory: 359424K Free: 282733K (79%)
----------------- Invoking toplevel() on ptolemy.moml.MoMLSimpleApplication@5132813e
----------------- Done invoking toplevel() on ptolemy.moml.MoMLSimpleApplication@5132813e
reloadAllAccessors: .UtilityFunctions

===========================================================================================
----------------- testing Wed Jul 10 14:21:30 UTC 2019 /home/travis/build/icyphy/ptII/ptolemy/actor/lib/test/auto/VariableSleep.xml
----------------- Instantiating /home/travis/build/icyphy/ptII/ptolemy/actor/lib/test/auto/VariableSleep.xml
503 ms. Memory: 359424K Free: 277613K (77%)
----------------- Invoking toplevel() on ptolemy.moml.MoMLSimpleApplication@46b5e397
----------------- Done invoking toplevel() on ptolemy.moml.MoMLSimpleApplication@46b5e397
reloadAllAccessors: .VariableSleep

===========================================================================================
----------------- testing Wed Jul 10 14:21:31 UTC 2019 /home/travis/build/icyphy/ptII/ptolemy/actor/lib/test/auto/VectorAssemblerDisassemblerCT.xml
----------------- Instantiating /home/travis/build/icyphy/ptII/ptolemy/actor/lib/test/auto/VectorAssemblerDisassemblerCT.xml
80 ms. Memory: 359424K Free: 257133K (72%)
----------------- Invoking toplevel() on ptolemy.moml.MoMLSimpleApplication@7602e1e0
----------------- Done invoking toplevel() on ptolemy.moml.MoMLSimpleApplication@7602e1e0
reloadAllAccessors: .VectorAssemblerDisassemblerCT

===========================================================================================
----------------- testing Wed Jul 10 14:21:31 UTC 2019 /home/travis/build/icyphy/ptII/ptolemy/actor/lib/test/auto/VectorAssemblerDisassemblerDE.xml
----------------- Instantiating /home/travis/build/icyphy/ptII/ptolemy/actor/lib/test/auto/VectorAssemblerDisassemblerDE.xml
2 ms. Memory: 359424K Free: 249965K (70%)
----------------- Invoking toplevel() on ptolemy.moml.MoMLSimpleApplication@17de7774
----------------- Done invoking toplevel() on ptolemy.moml.MoMLSimpleApplication@17de7774
reloadAllAccessors: .VectorAssemblerDisassemblerDE

===========================================================================================
----------------- testing Wed Jul 10 14:21:31 UTC 2019 /home/travis/build/icyphy/ptII/ptolemy/actor/lib/test/auto/VectorAssemblerDisassemblerSDF.xml
----------------- Instantiating /home/travis/build/icyphy/ptII/ptolemy/actor/lib/test/auto/VectorAssemblerDisassemblerSDF.xml
3 ms. Memory: 359424K Free: 243807K (68%)
----------------- Invoking toplevel() on ptolemy.moml.MoMLSimpleApplication@46ac68a6
----------------- Done invoking toplevel() on ptolemy.moml.MoMLSimpleApplication@46ac68a6
reloadAllAccessors: .VectorAssemblerDisassemblerSDF

===========================================================================================
----------------- testing Wed Jul 10 14:21:31 UTC 2019 /home/travis/build/icyphy/ptII/ptolemy/actor/lib/test/auto/WallClockTime.xml
----------------- Instantiating /home/travis/build/icyphy/ptII/ptolemy/actor/lib/test/auto/WallClockTime.xml
1005 ms. Memory: 359424K Free: 238191K (66%)
----------------- Invoking toplevel() on ptolemy.moml.MoMLSimpleApplication@438148cf
----------------- Done invoking toplevel() on ptolemy.moml.MoMLSimpleApplication@438148cf
reloadAllAccessors: .WallClockTime

===========================================================================================
----------------- testing Wed Jul 10 14:21:32 UTC 2019 /home/travis/build/icyphy/ptII/ptolemy/actor/lib/test/auto/WidthTestWithSubscriberPublisher.xml
----------------- Instantiating /home/travis/build/icyphy/ptII/ptolemy/actor/lib/test/auto/WidthTestWithSubscriberPublisher.xml
7 ms. Memory: 359424K Free: 220269K (61%)
----------------- Invoking toplevel() on ptolemy.moml.MoMLSimpleApplication@379196e9
----------------- Done invoking toplevel() on ptolemy.moml.MoMLSimpleApplication@379196e9
reloadAllAccessors: .WidthTestWithSubscriberPublisher

===========================================================================================
----------------- testing Wed Jul 10 14:21:32 UTC 2019 /home/travis/build/icyphy/ptII/ptolemy/actor/lib/test/auto/WidthTestWithSubscriberPublisher2.xml
----------------- Instantiating /home/travis/build/icyphy/ptII/ptolemy/actor/lib/test/auto/WidthTestWithSubscriberPublisher2.xml
3 ms. Memory: 359424K Free: 213615K (59%)
----------------- Invoking toplevel() on ptolemy.moml.MoMLSimpleApplication@3daf6022
----------------- Done invoking toplevel() on ptolemy.moml.MoMLSimpleApplication@3daf6022
reloadAllAccessors: .WidthTestWithSubscriberPublisher2

===========================================================================================
----------------- testing Wed Jul 10 14:21:32 UTC 2019 /home/travis/build/icyphy/ptII/ptolemy/actor/lib/test/auto/WidthTestWithSubscriberPublisher3.xml
----------------- Instantiating /home/travis/build/icyphy/ptII/ptolemy/actor/lib/test/auto/WidthTestWithSubscriberPublisher3.xml
2 ms. Memory: 359424K Free: 207981K (58%)
----------------- Invoking toplevel() on ptolemy.moml.MoMLSimpleApplication@66877eff
----------------- Done invoking toplevel() on ptolemy.moml.MoMLSimpleApplication@66877eff
reloadAllAccessors: .WidthTestWithSubscriberPublisher3

===========================================================================================
----------------- testing Wed Jul 10 14:21:32 UTC 2019 /home/travis/build/icyphy/ptII/ptolemy/actor/lib/test/auto/Writer.xml
----------------- Instantiating /home/travis/build/icyphy/ptII/ptolemy/actor/lib/test/auto/Writer.xml
0
1
2
3
4
2 ms. Memory: 359424K Free: 203885K (57%)
----------------- Invoking toplevel() on ptolemy.moml.MoMLSimpleApplication@6d31420
----------------- Done invoking toplevel() on ptolemy.moml.MoMLSimpleApplication@6d31420
reloadAllAccessors: .Writer

===========================================================================================
----------------- testing Wed Jul 10 14:21:32 UTC 2019 /home/travis/build/icyphy/ptII/ptolemy/actor/lib/test/auto/array.xml
----------------- Instantiating /home/travis/build/icyphy/ptII/ptolemy/actor/lib/test/auto/array.xml
3 ms. Memory: 359424K Free: 198765K (55%)
----------------- Invoking toplevel() on ptolemy.moml.MoMLSimpleApplication@6c29cc9b
----------------- Done invoking toplevel() on ptolemy.moml.MoMLSimpleApplication@6c29cc9b
reloadAllAccessors: .array

===========================================================================================
----------------- testing Wed Jul 10 14:21:32 UTC 2019 /home/travis/build/icyphy/ptII/ptolemy/actor/lib/test/auto/array2.xml
----------------- Instantiating /home/travis/build/icyphy/ptII/ptolemy/actor/lib/test/auto/array2.xml
4 ms. Memory: 359424K Free: 194159K (54%)
----------------- Invoking toplevel() on ptolemy.moml.MoMLSimpleApplication@7933c5f4
----------------- Done invoking toplevel() on ptolemy.moml.MoMLSimpleApplication@7933c5f4
reloadAllAccessors: .array2

===========================================================================================
----------------- testing Wed Jul 10 14:21:32 UTC 2019 /home/travis/build/icyphy/ptII/ptolemy/actor/lib/test/auto/arrayType.xml
----------------- Instantiating /home/travis/build/icyphy/ptII/ptolemy/actor/lib/test/auto/arrayType.xml
2 ms. Memory: 359424K Free: 188525K (52%)
----------------- Invoking toplevel() on ptolemy.moml.MoMLSimpleApplication@6dfd1898
----------------- Done invoking toplevel() on ptolemy.moml.MoMLSimpleApplication@6dfd1898
reloadAllAccessors: .arrayType

===========================================================================================
----------------- testing Wed Jul 10 14:21:32 UTC 2019 /home/travis/build/icyphy/ptII/ptolemy/actor/lib/test/auto/arrayType10.xml
----------------- Instantiating /home/travis/build/icyphy/ptII/ptolemy/actor/lib/test/auto/arrayType10.xml
2 ms. Memory: 359424K Free: 183919K (51%)
----------------- Invoking toplevel() on ptolemy.moml.MoMLSimpleApplication@7b8c6572
----------------- Done invoking toplevel() on ptolemy.moml.MoMLSimpleApplication@7b8c6572
reloadAllAccessors: .arrayType10

===========================================================================================
----------------- testing Wed Jul 10 14:21:32 UTC 2019 /home/travis/build/icyphy/ptII/ptolemy/actor/lib/test/auto/arrayType11.xml
----------------- Instantiating /home/travis/build/icyphy/ptII/ptolemy/actor/lib/test/auto/arrayType11.xml
2 ms. Memory: 359424K Free: 179309K (50%)
----------------- Invoking toplevel() on ptolemy.moml.MoMLSimpleApplication@3331bf30
----------------- Done invoking toplevel() on ptolemy.moml.MoMLSimpleApplication@3331bf30
reloadAllAccessors: .arrayType11

===========================================================================================
----------------- testing Wed Jul 10 14:21:32 UTC 2019 /home/travis/build/icyphy/ptII/ptolemy/actor/lib/test/auto/arrayType12.xml
----------------- Instantiating /home/travis/build/icyphy/ptII/ptolemy/actor/lib/test/auto/arrayType12.xml
6 ms. Memory: 359424K Free: 174189K (48%)
----------------- Invoking toplevel() on ptolemy.moml.MoMLSimpleApplication@5c53cda6
----------------- Done invoking toplevel() on ptolemy.moml.MoMLSimpleApplication@5c53cda6
reloadAllAccessors: .arrayType12

===========================================================================================
----------------- testing Wed Jul 10 14:21:32 UTC 2019 /home/travis/build/icyphy/ptII/ptolemy/actor/lib/test/auto/arrayType13.xml
----------------- Instantiating /home/travis/build/icyphy/ptII/ptolemy/actor/lib/test/auto/arrayType13.xml
1 ms. Memory: 359424K Free: 169069K (47%)
----------------- Invoking toplevel() on ptolemy.moml.MoMLSimpleApplication@6dd3eb5e
----------------- Done invoking toplevel() on ptolemy.moml.MoMLSimpleApplication@6dd3eb5e
reloadAllAccessors: .arrayType13

===========================================================================================
----------------- testing Wed Jul 10 14:21:32 UTC 2019 /home/travis/build/icyphy/ptII/ptolemy/actor/lib/test/auto/arrayType14.xml
----------------- Instantiating /home/travis/build/icyphy/ptII/ptolemy/actor/lib/test/auto/arrayType14.xml
1 ms. Memory: 359424K Free: 163439K (45%)
----------------- Invoking toplevel() on ptolemy.moml.MoMLSimpleApplication@37f48685
----------------- Done invoking toplevel() on ptolemy.moml.MoMLSimpleApplication@37f48685
reloadAllAccessors: .arrayType14

===========================================================================================
----------------- testing Wed Jul 10 14:21:32 UTC 2019 /home/travis/build/icyphy/ptII/ptolemy/actor/lib/test/auto/arrayType15.xml
----------------- Instantiating /home/travis/build/icyphy/ptII/ptolemy/actor/lib/test/auto/arrayType15.xml
2 ms. Memory: 359424K Free: 158319K (44%)
----------------- Invoking toplevel() on ptolemy.moml.MoMLSimpleApplication@797d3c62
----------------- Done invoking toplevel() on ptolemy.moml.MoMLSimpleApplication@797d3c62
reloadAllAccessors: .arrayType15

===========================================================================================
----------------- testing Wed Jul 10 14:21:32 UTC 2019 /home/travis/build/icyphy/ptII/ptolemy/actor/lib/test/auto/arrayType16.xml
----------------- Instantiating /home/travis/build/icyphy/ptII/ptolemy/actor/lib/test/auto/arrayType16.xml
2 ms. Memory: 359424K Free: 153199K (43%)
----------------- Invoking toplevel() on ptolemy.moml.MoMLSimpleApplication@78282afd
----------------- Done invoking toplevel() on ptolemy.moml.MoMLSimpleApplication@78282afd
reloadAllAccessors: .arrayType16

===========================================================================================
----------------- testing Wed Jul 10 14:21:32 UTC 2019 /home/travis/build/icyphy/ptII/ptolemy/actor/lib/test/auto/arrayType17.xml
----------------- Instantiating /home/travis/build/icyphy/ptII/ptolemy/actor/lib/test/auto/arrayType17.xml
1 ms. Memory: 359424K Free: 147565K (41%)
----------------- Invoking toplevel() on ptolemy.moml.MoMLSimpleApplication@61045c61
----------------- Done invoking toplevel() on ptolemy.moml.MoMLSimpleApplication@61045c61
reloadAllAccessors: .arrayType17

===========================================================================================
----------------- testing Wed Jul 10 14:21:32 UTC 2019 /home/travis/build/icyphy/ptII/ptolemy/actor/lib/test/auto/arrayType18.xml
----------------- Instantiating /home/travis/build/icyphy/ptII/ptolemy/actor/lib/test/auto/arrayType18.xml
1 ms. Memory: 359424K Free: 142959K (40%)
----------------- Invoking toplevel() on ptolemy.moml.MoMLSimpleApplication@3a416c9b
----------------- Done invoking toplevel() on ptolemy.moml.MoMLSimpleApplication@3a416c9b
reloadAllAccessors: .arrayType18

===========================================================================================
----------------- testing Wed Jul 10 14:21:32 UTC 2019 /home/travis/build/icyphy/ptII/ptolemy/actor/lib/test/auto/arrayType19.xml
----------------- Instantiating /home/travis/build/icyphy/ptII/ptolemy/actor/lib/test/auto/arrayType19.xml
1 ms. Memory: 359424K Free: 136815K (38%)
----------------- Invoking toplevel() on ptolemy.moml.MoMLSimpleApplication@5091745e
----------------- Done invoking toplevel() on ptolemy.moml.MoMLSimpleApplication@5091745e
reloadAllAccessors: .arrayType19

===========================================================================================
----------------- testing Wed Jul 10 14:21:32 UTC 2019 /home/travis/build/icyphy/ptII/ptolemy/actor/lib/test/auto/arrayType2.xml
----------------- Instantiating /home/travis/build/icyphy/ptII/ptolemy/actor/lib/test/auto/arrayType2.xml
2 ms. Memory: 359424K Free: 131695K (37%)
----------------- Invoking toplevel() on ptolemy.moml.MoMLSimpleApplication@7251672f
----------------- Done invoking toplevel() on ptolemy.moml.MoMLSimpleApplication@7251672f
reloadAllAccessors: .arrayType2

===========================================================================================
----------------- testing Wed Jul 10 14:21:32 UTC 2019 /home/travis/build/icyphy/ptII/ptolemy/actor/lib/test/auto/arrayType20.xml
----------------- Instantiating /home/travis/build/icyphy/ptII/ptolemy/actor/lib/test/auto/arrayType20.xml
1 ms. Memory: 359424K Free: 126575K (35%)
----------------- Invoking toplevel() on ptolemy.moml.MoMLSimpleApplication@6ab86086
----------------- Done invoking toplevel() on ptolemy.moml.MoMLSimpleApplication@6ab86086
reloadAllAccessors: .arrayType20

===========================================================================================
----------------- testing Wed Jul 10 14:21:32 UTC 2019 /home/travis/build/icyphy/ptII/ptolemy/actor/lib/test/auto/arrayType21.xml
----------------- Instantiating /home/travis/build/icyphy/ptII/ptolemy/actor/lib/test/auto/arrayType21.xml
1 ms. Memory: 359424K Free: 121965K (34%)
----------------- Invoking toplevel() on ptolemy.moml.MoMLSimpleApplication@5fb7ed78
----------------- Done invoking toplevel() on ptolemy.moml.MoMLSimpleApplication@5fb7ed78
reloadAllAccessors: .arrayType21

===========================================================================================
----------------- testing Wed Jul 10 14:21:32 UTC 2019 /home/travis/build/icyphy/ptII/ptolemy/actor/lib/test/auto/arrayType22.xml
----------------- Instantiating /home/travis/build/icyphy/ptII/ptolemy/actor/lib/test/auto/arrayType22.xml
2 ms. Memory: 359424K Free: 117359K (33%)
----------------- Invoking toplevel() on ptolemy.moml.MoMLSimpleApplication@5e703c2f
----------------- Done invoking toplevel() on ptolemy.moml.MoMLSimpleApplication@5e703c2f
reloadAllAccessors: .arrayType22

===========================================================================================
----------------- testing Wed Jul 10 14:21:32 UTC 2019 /home/travis/build/icyphy/ptII/ptolemy/actor/lib/test/auto/arrayType23.xml
----------------- Instantiating /home/travis/build/icyphy/ptII/ptolemy/actor/lib/test/auto/arrayType23.xml
2 ms. Memory: 359424K Free: 112239K (31%)
----------------- Invoking toplevel() on ptolemy.moml.MoMLSimpleApplication@3d0b01dc
----------------- Done invoking toplevel() on ptolemy.moml.MoMLSimpleApplication@3d0b01dc
reloadAllAccessors: .arrayType23

===========================================================================================
----------------- testing Wed Jul 10 14:21:32 UTC 2019 /home/travis/build/icyphy/ptII/ptolemy/actor/lib/test/auto/arrayType24.xml
----------------- Instantiating /home/travis/build/icyphy/ptII/ptolemy/actor/lib/test/auto/arrayType24.xml
2 ms. Memory: 359424K Free: 107629K (30%)
----------------- Invoking toplevel() on ptolemy.moml.MoMLSimpleApplication@19211a99
----------------- Done invoking toplevel() on ptolemy.moml.MoMLSimpleApplication@19211a99
reloadAllAccessors: .arrayType24

===========================================================================================
----------------- testing Wed Jul 10 14:21:32 UTC 2019 /home/travis/build/icyphy/ptII/ptolemy/actor/lib/test/auto/arrayType25.xml
----------------- Instantiating /home/travis/build/icyphy/ptII/ptolemy/actor/lib/test/auto/arrayType25.xml
1 ms. Memory: 359424K Free: 101999K (28%)
----------------- Invoking toplevel() on ptolemy.moml.MoMLSimpleApplication@1fc65ec7
----------------- Done invoking toplevel() on ptolemy.moml.MoMLSimpleApplication@1fc65ec7
reloadAllAccessors: .arrayType25

===========================================================================================
----------------- testing Wed Jul 10 14:21:32 UTC 2019 /home/travis/build/icyphy/ptII/ptolemy/actor/lib/test/auto/arrayType26.xml
----------------- Instantiating /home/travis/build/icyphy/ptII/ptolemy/actor/lib/test/auto/arrayType26.xml
2 ms. Memory: 359424K Free: 96879K (27%)
----------------- Invoking toplevel() on ptolemy.moml.MoMLSimpleApplication@57e3142a
----------------- Done invoking toplevel() on ptolemy.moml.MoMLSimpleApplication@57e3142a
reloadAllAccessors: .arrayType26

===========================================================================================
----------------- testing Wed Jul 10 14:21:32 UTC 2019 /home/travis/build/icyphy/ptII/ptolemy/actor/lib/test/auto/arrayType27.xml
----------------- Instantiating /home/travis/build/icyphy/ptII/ptolemy/actor/lib/test/auto/arrayType27.xml
2 ms. Memory: 359424K Free: 300800K (84%)
----------------- Invoking toplevel() on ptolemy.moml.MoMLSimpleApplication@5d197082
----------------- Done invoking toplevel() on ptolemy.moml.MoMLSimpleApplication@5d197082
reloadAllAccessors: .arrayType27

===========================================================================================
----------------- testing Wed Jul 10 14:21:32 UTC 2019 /home/travis/build/icyphy/ptII/ptolemy/actor/lib/test/auto/arrayType28.xml
----------------- Instantiating /home/travis/build/icyphy/ptII/ptolemy/actor/lib/test/auto/arrayType28.xml
2 ms. Memory: 359424K Free: 295680K (82%)
----------------- Invoking toplevel() on ptolemy.moml.MoMLSimpleApplication@2a0327c9
----------------- Done invoking toplevel() on ptolemy.moml.MoMLSimpleApplication@2a0327c9
reloadAllAccessors: .arrayType28

===========================================================================================
----------------- testing Wed Jul 10 14:21:32 UTC 2019 /home/travis/build/icyphy/ptII/ptolemy/actor/lib/test/auto/arrayType3.xml
----------------- Instantiating /home/travis/build/icyphy/ptII/ptolemy/actor/lib/test/auto/arrayType3.xml
2 ms. Memory: 359424K Free: 290046K (81%)
----------------- Invoking toplevel() on ptolemy.moml.MoMLSimpleApplication@276ea94a
----------------- Done invoking toplevel() on ptolemy.moml.MoMLSimpleApplication@276ea94a
reloadAllAccessors: .arrayType3

===========================================================================================
----------------- testing Wed Jul 10 14:21:32 UTC 2019 /home/travis/build/icyphy/ptII/ptolemy/actor/lib/test/auto/arrayType4.xml
----------------- Instantiating /home/travis/build/icyphy/ptII/ptolemy/actor/lib/test/auto/arrayType4.xml
2 ms. Memory: 359424K Free: 284926K (79%)
----------------- Invoking toplevel() on ptolemy.moml.MoMLSimpleApplication@28ad09c7
----------------- Done invoking toplevel() on ptolemy.moml.MoMLSimpleApplication@28ad09c7
reloadAllAccessors: .arrayType4

===========================================================================================
----------------- testing Wed Jul 10 14:21:33 UTC 2019 /home/travis/build/icyphy/ptII/ptolemy/actor/lib/test/auto/arrayType5.xml
----------------- Instantiating /home/travis/build/icyphy/ptII/ptolemy/actor/lib/test/auto/arrayType5.xml
2 ms. Memory: 359424K Free: 279296K (78%)
----------------- Invoking toplevel() on ptolemy.moml.MoMLSimpleApplication@771996ba
----------------- Done invoking toplevel() on ptolemy.moml.MoMLSimpleApplication@771996ba
reloadAllAccessors: .arrayType5

===========================================================================================
----------------- testing Wed Jul 10 14:21:33 UTC 2019 /home/travis/build/icyphy/ptII/ptolemy/actor/lib/test/auto/arrayType6.xml
----------------- Instantiating /home/travis/build/icyphy/ptII/ptolemy/actor/lib/test/auto/arrayType6.xml
1 ms. Memory: 359424K Free: 274686K (76%)
----------------- Invoking toplevel() on ptolemy.moml.MoMLSimpleApplication@653041ac
----------------- Done invoking toplevel() on ptolemy.moml.MoMLSimpleApplication@653041ac
reloadAllAccessors: .arrayType6

===========================================================================================
----------------- testing Wed Jul 10 14:21:33 UTC 2019 /home/travis/build/icyphy/ptII/ptolemy/actor/lib/test/auto/arrayType7.xml
----------------- Instantiating /home/travis/build/icyphy/ptII/ptolemy/actor/lib/test/auto/arrayType7.xml
7 ms. Memory: 359424K Free: 270080K (75%)
----------------- Invoking toplevel() on ptolemy.moml.MoMLSimpleApplication@4ea769e8
----------------- Done invoking toplevel() on ptolemy.moml.MoMLSimpleApplication@4ea769e8
reloadAllAccessors: .arrayType7

===========================================================================================
----------------- testing Wed Jul 10 14:21:33 UTC 2019 /home/travis/build/icyphy/ptII/ptolemy/actor/lib/test/auto/arrayType8.xml
----------------- Instantiating /home/travis/build/icyphy/ptII/ptolemy/actor/lib/test/auto/arrayType8.xml
2 ms. Memory: 359424K Free: 264446K (74%)
----------------- Invoking toplevel() on ptolemy.moml.MoMLSimpleApplication@6764ded5
----------------- Done invoking toplevel() on ptolemy.moml.MoMLSimpleApplication@6764ded5
reloadAllAccessors: .arrayType8

===========================================================================================
----------------- testing Wed Jul 10 14:21:33 UTC 2019 /home/travis/build/icyphy/ptII/ptolemy/actor/lib/test/auto/arrayType9.xml
----------------- Instantiating /home/travis/build/icyphy/ptII/ptolemy/actor/lib/test/auto/arrayType9.xml
1 ms. Memory: 359424K Free: 259840K (72%)
----------------- Invoking toplevel() on ptolemy.moml.MoMLSimpleApplication@2b00cf5
----------------- Done invoking toplevel() on ptolemy.moml.MoMLSimpleApplication@2b00cf5
reloadAllAccessors: .arrayType9

===========================================================================================
----------------- testing Wed Jul 10 14:21:33 UTC 2019 /home/travis/build/icyphy/ptII/ptolemy/actor/lib/test/auto/cast.xml
----------------- Instantiating /home/travis/build/icyphy/ptII/ptolemy/actor/lib/test/auto/cast.xml
2 ms. Memory: 359424K Free: 254720K (71%)
----------------- Invoking toplevel() on ptolemy.moml.MoMLSimpleApplication@77997643
----------------- Done invoking toplevel() on ptolemy.moml.MoMLSimpleApplication@77997643
reloadAllAccessors: .cast

===========================================================================================
----------------- testing Wed Jul 10 14:21:33 UTC 2019 /home/travis/build/icyphy/ptII/ptolemy/actor/lib/test/auto/compositeMultiPort.xml
----------------- Instantiating /home/travis/build/icyphy/ptII/ptolemy/actor/lib/test/auto/compositeMultiPort.xml
3 ms. Memory: 359424K Free: 246014K (68%)
----------------- Invoking toplevel() on ptolemy.moml.MoMLSimpleApplication@3f3eea56
----------------- Done invoking toplevel() on ptolemy.moml.MoMLSimpleApplication@3f3eea56
reloadAllAccessors: .compositeMultiPort

===========================================================================================
----------------- testing Wed Jul 10 14:21:33 UTC 2019 /home/travis/build/icyphy/ptII/ptolemy/actor/lib/test/auto/expressionCastInference.xml
----------------- Instantiating /home/travis/build/icyphy/ptII/ptolemy/actor/lib/test/auto/expressionCastInference.xml
3 ms. Memory: 359424K Free: 240894K (67%)
----------------- Invoking toplevel() on ptolemy.moml.MoMLSimpleApplication@97e4058
----------------- Done invoking toplevel() on ptolemy.moml.MoMLSimpleApplication@97e4058
reloadAllAccessors: .expressionCastInference

===========================================================================================
----------------- testing Wed Jul 10 14:21:33 UTC 2019 /home/travis/build/icyphy/ptII/ptolemy/actor/lib/test/auto/expressionCastInference2.xml
----------------- Instantiating /home/travis/build/icyphy/ptII/ptolemy/actor/lib/test/auto/expressionCastInference2.xml
3 ms. Memory: 359424K Free: 236288K (66%)
----------------- Invoking toplevel() on ptolemy.moml.MoMLSimpleApplication@2cdb02ec
----------------- Done invoking toplevel() on ptolemy.moml.MoMLSimpleApplication@2cdb02ec
reloadAllAccessors: .expressionCastInference2

===========================================================================================
----------------- testing Wed Jul 10 14:21:33 UTC 2019 /home/travis/build/icyphy/ptII/ptolemy/actor/lib/test/auto/expressionInference.xml
----------------- Instantiating /home/travis/build/icyphy/ptII/ptolemy/actor/lib/test/auto/expressionInference.xml
2 ms. Memory: 359424K Free: 231678K (64%)
----------------- Invoking toplevel() on ptolemy.moml.MoMLSimpleApplication@365bdb14
----------------- Done invoking toplevel() on ptolemy.moml.MoMLSimpleApplication@365bdb14
reloadAllAccessors: .expressionInference

===========================================================================================
----------------- testing Wed Jul 10 14:21:33 UTC 2019 /home/travis/build/icyphy/ptII/ptolemy/actor/lib/test/auto/expression_bug.xml
----------------- Instantiating /home/travis/build/icyphy/ptII/ptolemy/actor/lib/test/auto/expression_bug.xml
2 ms. Memory: 359424K Free: 227582K (63%)
----------------- Invoking toplevel() on ptolemy.moml.MoMLSimpleApplication@59ac76d2
----------------- Done invoking toplevel() on ptolemy.moml.MoMLSimpleApplication@59ac76d2
reloadAllAccessors: .expression_bug

===========================================================================================
----------------- testing Wed Jul 10 14:21:33 UTC 2019 /home/travis/build/icyphy/ptII/ptolemy/actor/lib/test/auto/factorial.xml
----------------- Instantiating /home/travis/build/icyphy/ptII/ptolemy/actor/lib/test/auto/factorial.xml
36 ms. Memory: 359424K Free: 218880K (61%)
----------------- Invoking toplevel() on ptolemy.moml.MoMLSimpleApplication@5ae0c90
----------------- Done invoking toplevel() on ptolemy.moml.MoMLSimpleApplication@5ae0c90
reloadAllAccessors: .factorial

===========================================================================================
----------------- testing Wed Jul 10 14:21:33 UTC 2019 /home/travis/build/icyphy/ptII/ptolemy/actor/lib/test/auto/filterTest1.xml
----------------- Instantiating /home/travis/build/icyphy/ptII/ptolemy/actor/lib/test/auto/filterTest1.xml
3 ms. Memory: 359424K Free: 213232K (59%)
----------------- Invoking toplevel() on ptolemy.moml.MoMLSimpleApplication@32f4b176
----------------- Done invoking toplevel() on ptolemy.moml.MoMLSimpleApplication@32f4b176
reloadAllAccessors: .filterTest1

===========================================================================================
----------------- testing Wed Jul 10 14:21:33 UTC 2019 /home/travis/build/icyphy/ptII/ptolemy/actor/lib/test/auto/funcApplyInConst.xml
----------------- Instantiating /home/travis/build/icyphy/ptII/ptolemy/actor/lib/test/auto/funcApplyInConst.xml
1 ms. Memory: 359424K Free: 209150K (58%)
----------------- Invoking toplevel() on ptolemy.moml.MoMLSimpleApplication@15e877a3
----------------- Done invoking toplevel() on ptolemy.moml.MoMLSimpleApplication@15e877a3
reloadAllAccessors: .funcApplyInConst

===========================================================================================
----------------- testing Wed Jul 10 14:21:33 UTC 2019 /home/travis/build/icyphy/ptII/ptolemy/actor/lib/test/auto/funcApplyInExpr.xml
----------------- Instantiating /home/travis/build/icyphy/ptII/ptolemy/actor/lib/test/auto/funcApplyInExpr.xml
2 ms. Memory: 359424K Free: 205568K (57%)
----------------- Invoking toplevel() on ptolemy.moml.MoMLSimpleApplication@29156610
----------------- Done invoking toplevel() on ptolemy.moml.MoMLSimpleApplication@29156610
reloadAllAccessors: .funcApplyInExpr

===========================================================================================
----------------- testing Wed Jul 10 14:21:33 UTC 2019 /home/travis/build/icyphy/ptII/ptolemy/actor/lib/test/auto/function.xml
----------------- Instantiating /home/travis/build/icyphy/ptII/ptolemy/actor/lib/test/auto/function.xml
2 ms. Memory: 359424K Free: 200448K (56%)
----------------- Invoking toplevel() on ptolemy.moml.MoMLSimpleApplication@23155007
----------------- Done invoking toplevel() on ptolemy.moml.MoMLSimpleApplication@23155007
reloadAllAccessors: .function

===========================================================================================
----------------- testing Wed Jul 10 14:21:33 UTC 2019 /home/travis/build/icyphy/ptII/ptolemy/actor/lib/test/auto/function2.xml
----------------- Instantiating /home/travis/build/icyphy/ptII/ptolemy/actor/lib/test/auto/function2.xml
2 ms. Memory: 359424K Free: 195838K (54%)
----------------- Invoking toplevel() on ptolemy.moml.MoMLSimpleApplication@33ff5d5e
----------------- Done invoking toplevel() on ptolemy.moml.MoMLSimpleApplication@33ff5d5e
reloadAllAccessors: .function2

===========================================================================================
----------------- testing Wed Jul 10 14:21:33 UTC 2019 /home/travis/build/icyphy/ptII/ptolemy/actor/lib/test/auto/function3.xml
----------------- Instantiating /home/travis/build/icyphy/ptII/ptolemy/actor/lib/test/auto/function3.xml
1 ms. Memory: 359424K Free: 191742K (53%)
----------------- Invoking toplevel() on ptolemy.moml.MoMLSimpleApplication@49714b56
----------------- Done invoking toplevel() on ptolemy.moml.MoMLSimpleApplication@49714b56
reloadAllAccessors: .function3

===========================================================================================
----------------- testing Wed Jul 10 14:21:33 UTC 2019 /home/travis/build/icyphy/ptII/ptolemy/actor/lib/test/auto/functionClosureTest1.xml
----------------- Instantiating /home/travis/build/icyphy/ptII/ptolemy/actor/lib/test/auto/functionClosureTest1.xml
2 ms. Memory: 359424K Free: 186112K (52%)
----------------- Invoking toplevel() on ptolemy.moml.MoMLSimpleApplication@50088df0
----------------- Done invoking toplevel() on ptolemy.moml.MoMLSimpleApplication@50088df0
reloadAllAccessors: .functionClosureTest1

===========================================================================================
----------------- testing Wed Jul 10 14:21:33 UTC 2019 /home/travis/build/icyphy/ptII/ptolemy/actor/lib/test/auto/functionClosureTest2.xml
----------------- Instantiating /home/travis/build/icyphy/ptII/ptolemy/actor/lib/test/auto/functionClosureTest2.xml
2 ms. Memory: 359424K Free: 182016K (51%)
----------------- Invoking toplevel() on ptolemy.moml.MoMLSimpleApplication@74ef1b27
----------------- Done invoking toplevel() on ptolemy.moml.MoMLSimpleApplication@74ef1b27
reloadAllAccessors: .functionClosureTest2

===========================================================================================
----------------- testing Wed Jul 10 14:21:33 UTC 2019 /home/travis/build/icyphy/ptII/ptolemy/actor/lib/test/auto/functionClosureTest3.xml
----------------- Instantiating /home/travis/build/icyphy/ptII/ptolemy/actor/lib/test/auto/functionClosureTest3.xml
5 ms. Memory: 359424K Free: 176896K (49%)
----------------- Invoking toplevel() on ptolemy.moml.MoMLSimpleApplication@5175b839
----------------- Done invoking toplevel() on ptolemy.moml.MoMLSimpleApplication@5175b839
reloadAllAccessors: .functionClosureTest3

===========================================================================================
----------------- testing Wed Jul 10 14:21:33 UTC 2019 /home/travis/build/icyphy/ptII/ptolemy/actor/lib/test/auto/functionClosureTest4.xml
----------------- Instantiating /home/travis/build/icyphy/ptII/ptolemy/actor/lib/test/auto/functionClosureTest4.xml
5 ms. Memory: 359424K Free: 170238K (47%)
----------------- Invoking toplevel() on ptolemy.moml.MoMLSimpleApplication@23a4e882
----------------- Done invoking toplevel() on ptolemy.moml.MoMLSimpleApplication@23a4e882
reloadAllAccessors: .functionClosureTest4

===========================================================================================
----------------- testing Wed Jul 10 14:21:33 UTC 2019 /home/travis/build/icyphy/ptII/ptolemy/actor/lib/test/auto/functionClosureTest5.xml
----------------- Instantiating /home/travis/build/icyphy/ptII/ptolemy/actor/lib/test/auto/functionClosureTest5.xml
4 ms. Memory: 359424K Free: 164608K (46%)
----------------- Invoking toplevel() on ptolemy.moml.MoMLSimpleApplication@7b1cc6c1
----------------- Done invoking toplevel() on ptolemy.moml.MoMLSimpleApplication@7b1cc6c1
reloadAllAccessors: .functionClosureTest5

===========================================================================================
----------------- testing Wed Jul 10 14:21:33 UTC 2019 /home/travis/build/icyphy/ptII/ptolemy/actor/lib/test/auto/functionClosureTest6.xml
----------------- Instantiating /home/travis/build/icyphy/ptII/ptolemy/actor/lib/test/auto/functionClosureTest6.xml
2 ms. Memory: 359424K Free: 159998K (45%)
----------------- Invoking toplevel() on ptolemy.moml.MoMLSimpleApplication@ce4b48a
----------------- Done invoking toplevel() on ptolemy.moml.MoMLSimpleApplication@ce4b48a
reloadAllAccessors: .functionClosureTest6

===========================================================================================
----------------- testing Wed Jul 10 14:21:33 UTC 2019 /home/travis/build/icyphy/ptII/ptolemy/actor/lib/test/auto/functionsOnArcs.xml
----------------- Instantiating /home/travis/build/icyphy/ptII/ptolemy/actor/lib/test/auto/functionsOnArcs.xml
2 ms. Memory: 359424K Free: 154368K (43%)
----------------- Invoking toplevel() on ptolemy.moml.MoMLSimpleApplication@63a3fc69
----------------- Done invoking toplevel() on ptolemy.moml.MoMLSimpleApplication@63a3fc69
reloadAllAccessors: .functionsOnArcs

===========================================================================================
----------------- testing Wed Jul 10 14:21:33 UTC 2019 /home/travis/build/icyphy/ptII/ptolemy/actor/lib/test/auto/functionsOnArcsHOF.xml
----------------- Instantiating /home/travis/build/icyphy/ptII/ptolemy/actor/lib/test/auto/functionsOnArcsHOF.xml
7 ms. Memory: 359424K Free: 148734K (41%)
----------------- Invoking toplevel() on ptolemy.moml.MoMLSimpleApplication@74a1c93f
----------------- Done invoking toplevel() on ptolemy.moml.MoMLSimpleApplication@74a1c93f
reloadAllAccessors: .functionsOnArcsHOF

===========================================================================================
----------------- testing Wed Jul 10 14:21:33 UTC 2019 /home/travis/build/icyphy/ptII/ptolemy/actor/lib/test/auto/logic.xml
----------------- Instantiating /home/travis/build/icyphy/ptII/ptolemy/actor/lib/test/auto/logic.xml
2 ms. Memory: 359424K Free: 141056K (39%)
----------------- Invoking toplevel() on ptolemy.moml.MoMLSimpleApplication@3e5bbd87
----------------- Done invoking toplevel() on ptolemy.moml.MoMLSimpleApplication@3e5bbd87
reloadAllAccessors: .logic

===========================================================================================
----------------- testing Wed Jul 10 14:21:33 UTC 2019 /home/travis/build/icyphy/ptII/ptolemy/actor/lib/test/auto/matrixType.xml
----------------- Instantiating /home/travis/build/icyphy/ptII/ptolemy/actor/lib/test/auto/matrixType.xml
2 ms. Memory: 359424K Free: 136446K (38%)
----------------- Invoking toplevel() on ptolemy.moml.MoMLSimpleApplication@1785bb7a
----------------- Done invoking toplevel() on ptolemy.moml.MoMLSimpleApplication@1785bb7a
reloadAllAccessors: .matrixType

===========================================================================================
----------------- testing Wed Jul 10 14:21:33 UTC 2019 /home/travis/build/icyphy/ptII/ptolemy/actor/lib/test/auto/matrixType10.xml
----------------- Instantiating /home/travis/build/icyphy/ptII/ptolemy/actor/lib/test/auto/matrixType10.xml
2 ms. Memory: 359424K Free: 131326K (37%)
----------------- Invoking toplevel() on ptolemy.moml.MoMLSimpleApplication@5047fde3
----------------- Done invoking toplevel() on ptolemy.moml.MoMLSimpleApplication@5047fde3
reloadAllAccessors: .matrixType10

===========================================================================================
----------------- testing Wed Jul 10 14:21:33 UTC 2019 /home/travis/build/icyphy/ptII/ptolemy/actor/lib/test/auto/matrixType11.xml
----------------- Instantiating /home/travis/build/icyphy/ptII/ptolemy/actor/lib/test/auto/matrixType11.xml
1 ms. Memory: 359424K Free: 126720K (35%)
----------------- Invoking toplevel() on ptolemy.moml.MoMLSimpleApplication@6422b03e
----------------- Done invoking toplevel() on ptolemy.moml.MoMLSimpleApplication@6422b03e
reloadAllAccessors: .matrixType11

===========================================================================================
----------------- testing Wed Jul 10 14:21:33 UTC 2019 /home/travis/build/icyphy/ptII/ptolemy/actor/lib/test/auto/matrixType12.xml
----------------- Instantiating /home/travis/build/icyphy/ptII/ptolemy/actor/lib/test/auto/matrixType12.xml
1 ms. Memory: 359424K Free: 121600K (34%)
----------------- Invoking toplevel() on ptolemy.moml.MoMLSimpleApplication@12f13b4e
----------------- Done invoking toplevel() on ptolemy.moml.MoMLSimpleApplication@12f13b4e
reloadAllAccessors: .matrixType12

===========================================================================================
----------------- testing Wed Jul 10 14:21:33 UTC 2019 /home/travis/build/icyphy/ptII/ptolemy/actor/lib/test/auto/matrixType13.xml
----------------- Instantiating /home/travis/build/icyphy/ptII/ptolemy/actor/lib/test/auto/matrixType13.xml
2 ms. Memory: 359424K Free: 116990K (33%)
----------------- Invoking toplevel() on ptolemy.moml.MoMLSimpleApplication@75cd2779
----------------- Done invoking toplevel() on ptolemy.moml.MoMLSimpleApplication@75cd2779
reloadAllAccessors: .matrixType13

===========================================================================================
----------------- testing Wed Jul 10 14:21:33 UTC 2019 /home/travis/build/icyphy/ptII/ptolemy/actor/lib/test/auto/matrixType14.xml
----------------- Instantiating /home/travis/build/icyphy/ptII/ptolemy/actor/lib/test/auto/matrixType14.xml
1 ms. Memory: 359424K Free: 111870K (31%)
----------------- Invoking toplevel() on ptolemy.moml.MoMLSimpleApplication@3a4e33f1
----------------- Done invoking toplevel() on ptolemy.moml.MoMLSimpleApplication@3a4e33f1
reloadAllAccessors: .matrixType14

===========================================================================================
----------------- testing Wed Jul 10 14:21:33 UTC 2019 /home/travis/build/icyphy/ptII/ptolemy/actor/lib/test/auto/matrixType2.xml
----------------- Instantiating /home/travis/build/icyphy/ptII/ptolemy/actor/lib/test/auto/matrixType2.xml
2 ms. Memory: 359424K Free: 106750K (30%)
----------------- Invoking toplevel() on ptolemy.moml.MoMLSimpleApplication@4ecf9c1a
----------------- Done invoking toplevel() on ptolemy.moml.MoMLSimpleApplication@4ecf9c1a
reloadAllAccessors: .matrixType2

===========================================================================================
----------------- testing Wed Jul 10 14:21:33 UTC 2019 /home/travis/build/icyphy/ptII/ptolemy/actor/lib/test/auto/matrixType3.xml
----------------- Instantiating /home/travis/build/icyphy/ptII/ptolemy/actor/lib/test/auto/matrixType3.xml
4 ms. Memory: 359424K Free: 101630K (28%)
----------------- Invoking toplevel() on ptolemy.moml.MoMLSimpleApplication@5a1c0cee
----------------- Done invoking toplevel() on ptolemy.moml.MoMLSimpleApplication@5a1c0cee
reloadAllAccessors: .matrixType3

===========================================================================================
----------------- testing Wed Jul 10 14:21:33 UTC 2019 /home/travis/build/icyphy/ptII/ptolemy/actor/lib/test/auto/matrixType4.xml
----------------- Instantiating /home/travis/build/icyphy/ptII/ptolemy/actor/lib/test/auto/matrixType4.xml
15 ms. Memory: 359424K Free: 306568K (85%)
----------------- Invoking toplevel() on ptolemy.moml.MoMLSimpleApplication@724e74ea
----------------- Done invoking toplevel() on ptolemy.moml.MoMLSimpleApplication@724e74ea
reloadAllAccessors: .matrixType4

===========================================================================================
----------------- testing Wed Jul 10 14:21:33 UTC 2019 /home/travis/build/icyphy/ptII/ptolemy/actor/lib/test/auto/matrixType5.xml
----------------- Instantiating /home/travis/build/icyphy/ptII/ptolemy/actor/lib/test/auto/matrixType5.xml
2 ms. Memory: 359424K Free: 300938K (84%)
----------------- Invoking toplevel() on ptolemy.moml.MoMLSimpleApplication@38660311
----------------- Done invoking toplevel() on ptolemy.moml.MoMLSimpleApplication@38660311
reloadAllAccessors: .matrixType5

===========================================================================================
----------------- testing Wed Jul 10 14:21:33 UTC 2019 /home/travis/build/icyphy/ptII/ptolemy/actor/lib/test/auto/matrixType6.xml
----------------- Instantiating /home/travis/build/icyphy/ptII/ptolemy/actor/lib/test/auto/matrixType6.xml
1 ms. Memory: 359424K Free: 296328K (82%)
----------------- Invoking toplevel() on ptolemy.moml.MoMLSimpleApplication@56dd6ae0
----------------- Done invoking toplevel() on ptolemy.moml.MoMLSimpleApplication@56dd6ae0
reloadAllAccessors: .matrixType6

===========================================================================================
----------------- testing Wed Jul 10 14:21:33 UTC 2019 /home/travis/build/icyphy/ptII/ptolemy/actor/lib/test/auto/matrixType7.xml
----------------- Instantiating /home/travis/build/icyphy/ptII/ptolemy/actor/lib/test/auto/matrixType7.xml
2 ms. Memory: 359424K Free: 291208K (81%)
----------------- Invoking toplevel() on ptolemy.moml.MoMLSimpleApplication@40770554
----------------- Done invoking toplevel() on ptolemy.moml.MoMLSimpleApplication@40770554
reloadAllAccessors: .matrixType7

===========================================================================================
----------------- testing Wed Jul 10 14:21:33 UTC 2019 /home/travis/build/icyphy/ptII/ptolemy/actor/lib/test/auto/matrixType8.xml
----------------- Instantiating /home/travis/build/icyphy/ptII/ptolemy/actor/lib/test/auto/matrixType8.xml
1 ms. Memory: 359424K Free: 286602K (80%)
----------------- Invoking toplevel() on ptolemy.moml.MoMLSimpleApplication@26acbc32
----------------- Done invoking toplevel() on ptolemy.moml.MoMLSimpleApplication@26acbc32
reloadAllAccessors: .matrixType8

===========================================================================================
----------------- testing Wed Jul 10 14:21:33 UTC 2019 /home/travis/build/icyphy/ptII/ptolemy/actor/lib/test/auto/matrixType9.xml
----------------- Instantiating /home/travis/build/icyphy/ptII/ptolemy/actor/lib/test/auto/matrixType9.xml
1 ms. Memory: 359424K Free: 281482K (78%)
----------------- Invoking toplevel() on ptolemy.moml.MoMLSimpleApplication@3fee9327
----------------- Done invoking toplevel() on ptolemy.moml.MoMLSimpleApplication@3fee9327
reloadAllAccessors: .matrixType9

===========================================================================================
----------------- testing Wed Jul 10 14:21:33 UTC 2019 /home/travis/build/icyphy/ptII/ptolemy/actor/lib/test/auto/paraFunctest.xml
----------------- Instantiating /home/travis/build/icyphy/ptII/ptolemy/actor/lib/test/auto/paraFunctest.xml
1 ms. Memory: 359424K Free: 277386K (77%)
----------------- Invoking toplevel() on ptolemy.moml.MoMLSimpleApplication@48a3b2f8
----------------- Done invoking toplevel() on ptolemy.moml.MoMLSimpleApplication@48a3b2f8
reloadAllAccessors: .paraFunctest

===========================================================================================
----------------- testing Wed Jul 10 14:21:33 UTC 2019 /home/travis/build/icyphy/ptII/ptolemy/actor/lib/test/auto/paraFunctest2.xml
----------------- Instantiating /home/travis/build/icyphy/ptII/ptolemy/actor/lib/test/auto/paraFunctest2.xml
1 ms. Memory: 359424K Free: 272776K (76%)
----------------- Invoking toplevel() on ptolemy.moml.MoMLSimpleApplication@2a25ee9f
----------------- Done invoking toplevel() on ptolemy.moml.MoMLSimpleApplication@2a25ee9f
reloadAllAccessors: .paraFunctest2

===========================================================================================
----------------- testing Wed Jul 10 14:21:33 UTC 2019 /home/travis/build/icyphy/ptII/ptolemy/actor/lib/test/auto/parameterPassing.xml
----------------- Instantiating /home/travis/build/icyphy/ptII/ptolemy/actor/lib/test/auto/parameterPassing.xml
1 ms. Memory: 359424K Free: 268170K (75%)
----------------- Invoking toplevel() on ptolemy.moml.MoMLSimpleApplication@69788ed4
----------------- Done invoking toplevel() on ptolemy.moml.MoMLSimpleApplication@69788ed4
reloadAllAccessors: .parameterPassing

===========================================================================================
----------------- testing Wed Jul 10 14:21:33 UTC 2019 /home/travis/build/icyphy/ptII/ptolemy/actor/lib/test/auto/record.xml
----------------- Instantiating /home/travis/build/icyphy/ptII/ptolemy/actor/lib/test/auto/record.xml
4 ms. Memory: 359424K Free: 263560K (73%)
----------------- Invoking toplevel() on ptolemy.moml.MoMLSimpleApplication@364ee84f
----------------- Done invoking toplevel() on ptolemy.moml.MoMLSimpleApplication@364ee84f
reloadAllAccessors: .record

===========================================================================================
----------------- testing Wed Jul 10 14:21:33 UTC 2019 /home/travis/build/icyphy/ptII/ptolemy/actor/lib/test/auto/sizedarray1.xml
----------------- Instantiating /home/travis/build/icyphy/ptII/ptolemy/actor/lib/test/auto/sizedarray1.xml
2 ms. Memory: 359424K Free: 257930K (72%)
----------------- Invoking toplevel() on ptolemy.moml.MoMLSimpleApplication@23015ff4
----------------- Done invoking toplevel() on ptolemy.moml.MoMLSimpleApplication@23015ff4
reloadAllAccessors: .sizedarray1

===========================================================================================
----------------- testing Wed Jul 10 14:21:33 UTC 2019 /home/travis/build/icyphy/ptII/ptolemy/actor/lib/test/auto/sizedarray2.xml
----------------- Instantiating /home/travis/build/icyphy/ptII/ptolemy/actor/lib/test/auto/sizedarray2.xml
3 ms. Memory: 359424K Free: 252810K (70%)
----------------- Invoking toplevel() on ptolemy.moml.MoMLSimpleApplication@1f1ba3b3
----------------- Done invoking toplevel() on ptolemy.moml.MoMLSimpleApplication@1f1ba3b3
reloadAllAccessors: .sizedarray2

===========================================================================================
----------------- testing Wed Jul 10 14:21:33 UTC 2019 /home/travis/build/icyphy/ptII/ptolemy/actor/lib/test/auto/twoPublishers.xml
----------------- Instantiating /home/travis/build/icyphy/ptII/ptolemy/actor/lib/test/auto/twoPublishers.xml
7 ms. Memory: 359424K Free: 242056K (67%)
----------------- Invoking toplevel() on ptolemy.moml.MoMLSimpleApplication@7323e032
----------------- Done invoking toplevel() on ptolemy.moml.MoMLSimpleApplication@7323e032
reloadAllAccessors: .twoPublishers
AutoTests.java: About to close Vertx.
AutoTests.java: Vertx closed.
]]></system-out>
  <system-err><![CDATA[java.lang.RuntimeException: Execution failed
	at ptolemy.moml.MoMLSimpleApplication$UnloadThread.run(MoMLSimpleApplication.java:402)
Caused by: java.lang.RuntimeException: StringUtilities.exit() was called. Normally, we would exit here because Manager.exitAfterWrapup() was called.  However, because the ptolemy.ptII.exitAfterWrapup property is set, we throw this exception instead.
	at ptolemy.util.StringUtilities.exit(StringUtilities.java:363)
	at ptolemy.actor.Manager.wrapup(Manager.java:1531)
	at ptolemy.actor.Manager.execute(Manager.java:407)
	at ptolemy.actor.Manager.run(Manager.java:1263)
	at ptolemy.actor.Manager$PtolemyRunThread.run(Manager.java:1915)
Warning: '.top.test' is in training mode, set the trainingMode parameter to false before checking in
Warning: '.top.test' is in training mode, set the trainingMode parameter to false before checking in
Warning: '.top.test' is in training mode, set the trainingMode parameter to false before checking in
Warning: '.BooleanSwitch_RegressionTest_WrongTrainingValues.Test' is in training mode, set the trainingMode parameter to false before checking in
Warning: '.BooleanSwitch_RegressionTest_WrongTrainingValues.Test2' is in training mode, set the trainingMode parameter to false before checking in
Warning: '.BooleanSwitch_RegressionTest_WrongTrainingValues.Test2' The test produced 0 tokens.
Warning: '.top.testExceptionHandler' is in training mode, set the trainingMode parameter to false before checking in
java.lang.RuntimeException: Execution failed
	at ptolemy.moml.MoMLSimpleApplication$UnloadThread.run(MoMLSimpleApplication.java:402)
Caused by: ptolemy.kernel.util.IllegalActionException: PublisherPorts cannot be used at the top level, use a Publisher actor instead.
  in .PublisherPortToplevelSubscriber.PublisherPort
	at ptolemy.actor.PublisherPort.preinitialize(PublisherPort.java:403)
	at ptolemy.actor.CompositeActor.preinitialize(CompositeActor.java:1769)
	at ptolemy.actor.Manager.preinitializeAndResolveTypes(Manager.java:1040)
	at ptolemy.actor.Manager.initialize(Manager.java:710)
	at ptolemy.actor.Manager.execute(Manager.java:356)
	at ptolemy.actor.Manager.run(Manager.java:1263)
	at ptolemy.actor.Manager$PtolemyRunThread.run(Manager.java:1915)
java.lang.reflect.InvocationTargetException
	at java.base/jdk.internal.reflect.NativeConstructorAccessorImpl.newInstance0(Native Method)
	at java.base/jdk.internal.reflect.NativeConstructorAccessorImpl.newInstance(NativeConstructorAccessorImpl.java:62)
	at java.base/jdk.internal.reflect.DelegatingConstructorAccessorImpl.newInstance(DelegatingConstructorAccessorImpl.java:45)
	at java.base/java.lang.reflect.Constructor.newInstance(Constructor.java:488)
	at ptolemy.util.test.junit.AutoKnownFailedTests.RunModel(AutoKnownFailedTests.java:105)
	at java.base/jdk.internal.reflect.NativeMethodAccessorImpl.invoke0(Native Method)
	at java.base/jdk.internal.reflect.NativeMethodAccessorImpl.invoke(NativeMethodAccessorImpl.java:62)
	at java.base/jdk.internal.reflect.DelegatingMethodAccessorImpl.invoke(DelegatingMethodAccessorImpl.java:43)
	at java.base/java.lang.reflect.Method.invoke(Method.java:564)
	at org.junit.runners.model.FrameworkMethod$1.runReflectiveCall(FrameworkMethod.java:44)
	at org.junit.internal.runners.model.ReflectiveCallable.run(ReflectiveCallable.java:15)
	at org.junit.runners.model.FrameworkMethod.invokeExplosively(FrameworkMethod.java:41)
	at junitparams.internal.InvokeParameterisedMethod.evaluate(InvokeParameterisedMethod.java:102)
	at org.junit.internal.runners.statements.FailOnTimeout$1.run(FailOnTimeout.java:28)
Caused by: ptolemy.kernel.util.IllegalActionException: PublisherPorts cannot be used at the top level, use a Publisher actor instead.
  in .PublisherPortToplevelSubscriber.PublisherPort
	at ptolemy.actor.PublisherPort.preinitialize(PublisherPort.java:403)
	at ptolemy.actor.CompositeActor.preinitialize(CompositeActor.java:1769)
	at ptolemy.actor.Manager.preinitializeAndResolveTypes(Manager.java:1040)
	at ptolemy.actor.Manager.initialize(Manager.java:710)
	at ptolemy.actor.Manager.execute(Manager.java:356)
	at ptolemy.actor.Manager.run(Manager.java:1263)
	at ptolemy.actor.Manager$PtolemyRunThread.run(Manager.java:1915)
java.lang.RuntimeException: Execution failed
	at ptolemy.moml.MoMLSimpleApplication$UnloadThread.run(MoMLSimpleApplication.java:402)
Caused by: ptolemy.kernel.util.IllegalActionException: SubscriberPorts cannot be used at the top level, use a Subscriber actor instead.
  in .PublisherSubscriberPortToplevel.SubscriberPort
	at ptolemy.actor.SubscriberPort.preinitialize(SubscriberPort.java:328)
	at ptolemy.actor.CompositeActor.preinitialize(CompositeActor.java:1769)
	at ptolemy.actor.Manager.preinitializeAndResolveTypes(Manager.java:1040)
	at ptolemy.actor.Manager.initialize(Manager.java:710)
	at ptolemy.actor.Manager.execute(Manager.java:356)
	at ptolemy.actor.Manager.run(Manager.java:1263)
	at ptolemy.actor.Manager$PtolemyRunThread.run(Manager.java:1915)
java.lang.reflect.InvocationTargetException
	at java.base/jdk.internal.reflect.NativeConstructorAccessorImpl.newInstance0(Native Method)
	at java.base/jdk.internal.reflect.NativeConstructorAccessorImpl.newInstance(NativeConstructorAccessorImpl.java:62)
	at java.base/jdk.internal.reflect.DelegatingConstructorAccessorImpl.newInstance(DelegatingConstructorAccessorImpl.java:45)
	at java.base/java.lang.reflect.Constructor.newInstance(Constructor.java:488)
	at ptolemy.util.test.junit.AutoKnownFailedTests.RunModel(AutoKnownFailedTests.java:105)
	at java.base/jdk.internal.reflect.NativeMethodAccessorImpl.invoke0(Native Method)
	at java.base/jdk.internal.reflect.NativeMethodAccessorImpl.invoke(NativeMethodAccessorImpl.java:62)
	at java.base/jdk.internal.reflect.DelegatingMethodAccessorImpl.invoke(DelegatingMethodAccessorImpl.java:43)
	at java.base/java.lang.reflect.Method.invoke(Method.java:564)
	at org.junit.runners.model.FrameworkMethod$1.runReflectiveCall(FrameworkMethod.java:44)
	at org.junit.internal.runners.model.ReflectiveCallable.run(ReflectiveCallable.java:15)
	at org.junit.runners.model.FrameworkMethod.invokeExplosively(FrameworkMethod.java:41)
	at junitparams.internal.InvokeParameterisedMethod.evaluate(InvokeParameterisedMethod.java:102)
	at org.junit.internal.runners.statements.FailOnTimeout$1.run(FailOnTimeout.java:28)
Caused by: ptolemy.kernel.util.IllegalActionException: SubscriberPorts cannot be used at the top level, use a Subscriber actor instead.
  in .PublisherSubscriberPortToplevel.SubscriberPort
	at ptolemy.actor.SubscriberPort.preinitialize(SubscriberPort.java:328)
	at ptolemy.actor.CompositeActor.preinitialize(CompositeActor.java:1769)
	at ptolemy.actor.Manager.preinitializeAndResolveTypes(Manager.java:1040)
	at ptolemy.actor.Manager.initialize(Manager.java:710)
	at ptolemy.actor.Manager.execute(Manager.java:356)
	at ptolemy.actor.Manager.run(Manager.java:1263)
	at ptolemy.actor.Manager$PtolemyRunThread.run(Manager.java:1915)
java.lang.RuntimeException: Execution failed
	at ptolemy.moml.MoMLSimpleApplication$UnloadThread.run(MoMLSimpleApplication.java:402)
Caused by: ptolemy.kernel.util.IllegalActionException: SubscriptionAggregatorPorts cannot be used at the top level, use a SubscriptionAggregator actor instead.
  in .PublisherSubscriptionAggregatorPort.SubscriptionAggregatorPort
	at ptolemy.actor.SubscriptionAggregatorPort.preinitialize(SubscriptionAggregatorPort.java:353)
	at ptolemy.actor.CompositeActor.preinitialize(CompositeActor.java:1769)
	at ptolemy.actor.Manager.preinitializeAndResolveTypes(Manager.java:1040)
	at ptolemy.actor.Manager.initialize(Manager.java:710)
	at ptolemy.actor.Manager.execute(Manager.java:356)
	at ptolemy.actor.Manager.run(Manager.java:1263)
	at ptolemy.actor.Manager$PtolemyRunThread.run(Manager.java:1915)
java.lang.reflect.InvocationTargetException
	at java.base/jdk.internal.reflect.NativeConstructorAccessorImpl.newInstance0(Native Method)
	at java.base/jdk.internal.reflect.NativeConstructorAccessorImpl.newInstance(NativeConstructorAccessorImpl.java:62)
	at java.base/jdk.internal.reflect.DelegatingConstructorAccessorImpl.newInstance(DelegatingConstructorAccessorImpl.java:45)
	at java.base/java.lang.reflect.Constructor.newInstance(Constructor.java:488)
	at ptolemy.util.test.junit.AutoKnownFailedTests.RunModel(AutoKnownFailedTests.java:105)
	at java.base/jdk.internal.reflect.NativeMethodAccessorImpl.invoke0(Native Method)
	at java.base/jdk.internal.reflect.NativeMethodAccessorImpl.invoke(NativeMethodAccessorImpl.java:62)
	at java.base/jdk.internal.reflect.DelegatingMethodAccessorImpl.invoke(DelegatingMethodAccessorImpl.java:43)
	at java.base/java.lang.reflect.Method.invoke(Method.java:564)
	at org.junit.runners.model.FrameworkMethod$1.runReflectiveCall(FrameworkMethod.java:44)
	at org.junit.internal.runners.model.ReflectiveCallable.run(ReflectiveCallable.java:15)
	at org.junit.runners.model.FrameworkMethod.invokeExplosively(FrameworkMethod.java:41)
	at junitparams.internal.InvokeParameterisedMethod.evaluate(InvokeParameterisedMethod.java:102)
	at org.junit.internal.runners.statements.FailOnTimeout$1.run(FailOnTimeout.java:28)
Caused by: ptolemy.kernel.util.IllegalActionException: SubscriptionAggregatorPorts cannot be used at the top level, use a SubscriptionAggregator actor instead.
  in .PublisherSubscriptionAggregatorPort.SubscriptionAggregatorPort
	at ptolemy.actor.SubscriptionAggregatorPort.preinitialize(SubscriptionAggregatorPort.java:353)
	at ptolemy.actor.CompositeActor.preinitialize(CompositeActor.java:1769)
	at ptolemy.actor.Manager.preinitializeAndResolveTypes(Manager.java:1040)
	at ptolemy.actor.Manager.initialize(Manager.java:710)
	at ptolemy.actor.Manager.execute(Manager.java:356)
	at ptolemy.actor.Manager.run(Manager.java:1263)
	at ptolemy.actor.Manager$PtolemyRunThread.run(Manager.java:1915)
java.lang.RuntimeException: Execution failed
	at ptolemy.moml.MoMLSimpleApplication$UnloadThread.run(MoMLSimpleApplication.java:402)
Caused by: ptolemy.kernel.util.IllegalActionException: TypeTest actor has no training data.
  in .sizedarray3.TypeTest
	at ptolemy.actor.lib.TypeTest.initialize(TypeTest.java:250)
	at ptolemy.actor.Director.initialize(Director.java:938)
	at ptolemy.actor.Director.initialize(Director.java:907)
	at ptolemy.actor.sched.StaticSchedulingDirector.initialize(StaticSchedulingDirector.java:159)
	at ptolemy.domains.sdf.kernel.SDFDirector.initialize(SDFDirector.java:544)
	at ptolemy.actor.CompositeActor.initialize(CompositeActor.java:935)
	at ptolemy.actor.Manager.initialize(Manager.java:724)
	at ptolemy.actor.Manager.execute(Manager.java:356)
	at ptolemy.actor.Manager.run(Manager.java:1263)
	at ptolemy.actor.Manager$PtolemyRunThread.run(Manager.java:1915)
java.lang.reflect.InvocationTargetException
	at java.base/jdk.internal.reflect.NativeConstructorAccessorImpl.newInstance0(Native Method)
	at java.base/jdk.internal.reflect.NativeConstructorAccessorImpl.newInstance(NativeConstructorAccessorImpl.java:62)
	at java.base/jdk.internal.reflect.DelegatingConstructorAccessorImpl.newInstance(DelegatingConstructorAccessorImpl.java:45)
	at java.base/java.lang.reflect.Constructor.newInstance(Constructor.java:488)
	at ptolemy.util.test.junit.AutoKnownFailedTests.RunModel(AutoKnownFailedTests.java:105)
	at java.base/jdk.internal.reflect.NativeMethodAccessorImpl.invoke0(Native Method)
	at java.base/jdk.internal.reflect.NativeMethodAccessorImpl.invoke(NativeMethodAccessorImpl.java:62)
	at java.base/jdk.internal.reflect.DelegatingMethodAccessorImpl.invoke(DelegatingMethodAccessorImpl.java:43)
	at java.base/java.lang.reflect.Method.invoke(Method.java:564)
	at org.junit.runners.model.FrameworkMethod$1.runReflectiveCall(FrameworkMethod.java:44)
	at org.junit.internal.runners.model.ReflectiveCallable.run(ReflectiveCallable.java:15)
	at org.junit.runners.model.FrameworkMethod.invokeExplosively(FrameworkMethod.java:41)
	at junitparams.internal.InvokeParameterisedMethod.evaluate(InvokeParameterisedMethod.java:102)
	at org.junit.internal.runners.statements.FailOnTimeout$1.run(FailOnTimeout.java:28)
Caused by: ptolemy.kernel.util.IllegalActionException: TypeTest actor has no training data.
  in .sizedarray3.TypeTest
	at ptolemy.actor.lib.TypeTest.initialize(TypeTest.java:250)
	at ptolemy.actor.Director.initialize(Director.java:938)
	at ptolemy.actor.Director.initialize(Director.java:907)
	at ptolemy.actor.sched.StaticSchedulingDirector.initialize(StaticSchedulingDirector.java:159)
	at ptolemy.domains.sdf.kernel.SDFDirector.initialize(SDFDirector.java:544)
	at ptolemy.actor.CompositeActor.initialize(CompositeActor.java:935)
	at ptolemy.actor.Manager.initialize(Manager.java:724)
	at ptolemy.actor.Manager.execute(Manager.java:356)
	at ptolemy.actor.Manager.run(Manager.java:1263)
	at ptolemy.actor.Manager$PtolemyRunThread.run(Manager.java:1915)
java.lang.RuntimeException: Execution failed
	at ptolemy.moml.MoMLSimpleApplication$UnloadThread.run(MoMLSimpleApplication.java:402)
Caused by: ptolemy.kernel.util.IllegalActionException: Test fails in iteration 0.
Value was: "WARNING: An illegal reflective access operation has occurred\nWARNING: Illegal reflective access by io.netty.util.internal.ReflectionUtil (file:/home/travis/build/icyphy/ptII/lib/netty-common-4.1.19.Final.jar) to constructor java.nio.DirectByteBuffer(long,int)\nWARNING: Please consider reporting this to the maintainers of io.netty.util.internal.ReflectionUtil\nWARNING: Use --illegal-access=warn to enable warnings of further illegal reflective access operations\nWARNING: All illegal access operations will be denied in a future release\n". Should have been: ""
  in .ExecRunDemos.Test
	at ptolemy.actor.lib.Test.fire(Test.java:268)
	at ptolemy.actor.AtomicActor.iterate(AtomicActor.java:512)
	at ptolemy.actor.sched.StaticSchedulingDirector.fire(StaticSchedulingDirector.java:216)
	at ptolemy.domains.sdf.kernel.SDFDirector.fire(SDFDirector.java:500)
	at ptolemy.actor.CompositeActor.fire(CompositeActor.java:455)
	at ptolemy.actor.Manager.iterate(Manager.java:851)
	at ptolemy.actor.Manager.execute(Manager.java:369)
	at ptolemy.actor.Manager.run(Manager.java:1263)
	at ptolemy.actor.Manager$PtolemyRunThread.run(Manager.java:1915)
]]></system-err>
</testsuite>
