<?xml version="1.0" encoding="UTF-8" ?>
<testsuite errors="0" failures="0" hostname="travis-job-fe7193de-15bc-4311-94aa-2ea64783ab91" name="ptolemy.domains.de.test.junit.JUnitTclTest" skipped="0" tests="101" time="132.051" timestamp="2019-12-13T06:23:56">
  <properties>
    <property name="npm.executable" value="npm" />
    <property name="env.TRAVIS_ROOT" value="/" />
    <property name="ptII.mk.exists" value="true" />
    <property name="env.TRAVIS_APP_HOST" value="build.travis-ci.org" />
    <property name="env.rvm_bin_path" value="/home/travis/.rvm/bin" />
    <property name="java.home" value="/usr/local/lib/jvm/openjdk11" />
    <property name="env.TRAVIS_JOB_NUMBER" value="1428.9" />
    <property name="env.TRAVIS_HOME" value="/home/travis" />
    <property name="env.DISPLAY" value=":99.0" />
    <property name="env.TRAVIS_INIT" value="systemd" />
    <property name="env.SSH_TTY" value="/dev/pts/0" />
    <property name="java.net.preferIPv4Stack" value="true" />
    <property name="env.RUN_TESTS" value="true" />
    <property name="timeout.short" value="1000000" />
    <property name="junit.formatter" value="xml" />
    <property name="env.TRAVIS_SUDO" value="true" />
    <property name="env.TRAVIS_JOB_NAME" value="" />
    <property name="env.TRAVIS_STACK_NODE_ATTRIBUTES" value="/.node-attributes.yml" />
    <property name="env.LOGNAME" value="travis" />
    <property name="jsdoc.home" value="node_modules/@terraswarm/jsdoc" />
    <property name="debuglevel" value="source,lines,vars" />
    <property name="checkstyle.formatter" value="xml" />
    <property name="env._system_version" value="16.04" />
    <property name="bin.vergil.makeable" value="true" />
    <property name="sun.os.patch.level" value="unknown" />
    <property name="java.vendor.url" value="http://java.oracle.com/" />
    <property name="env.TRAVIS_BUILD_WEB_URL" value="https://travis-ci.org/icyphy/ptII/builds/624477764" />
    <property name="java.version" value="11.0.2" />
    <property name="env.TZ" value="UTC" />
    <property name="env.TRAVIS_PULL_REQUEST_SHA" value="" />
    <property name="env.PT_NO_NET" value="true" />
    <property name="env.TRAVIS_SECURE_ENV_VARS" value="true" />
    <property name="env._system_type" value="Linux" />
    <property name="java.vendor.url.bug" value="http://bugreport.java.com/bugreport/" />
    <property name="npmjs-org-is-up" value="true" />
    <property name="env.LANGUAGE" value="en_US.UTF-8" />
    <property name="env.SSH_CLIENT" value="10.16.3.8 49100 22" />
    <property name="env.GEM_HOME" value="/home/travis/.rvm/gems/ruby-2.5.3" />
    <property name="env.HAS_ANTARES_THREE_LITTLE_FRONZIES_BADGE" value="true" />
    <property name="java.version.date" value="2019-01-15" />
    <property name="env.PS4" value="+" />
    <property name="ant.project.invoked-targets" value="build,test.core2.xml" />
    <property name="env.TRAVIS_PULL_REQUEST_BRANCH" value="" />
    <property name="env.TRAVIS_REPO_SLUG" value="icyphy/ptII" />
    <property name="env.XDG_DATA_DIRS" value="/usr/local/share:/usr/share:/var/lib/snapd/desktop" />
    <property name="jdk.debug" value="release" />
    <property name="env.TRAVIS_APT_PROXY" value="http://apt.cache.travis-ci.com" />
    <property name="env.TRAVIS_CPU_ARCH" value="amd64" />
    <property name="node.in.path" value="true" />
    <property name="user.name" value="travis" />
    <property name="java.maxmemory" value="1400m" />
    <property name="env.RUBY_VERSION" value="ruby-2.5.3" />
    <property name="env.LANG" value="en_US.UTF-8" />
    <property name="sun.io.unicode.encoding" value="UnicodeLittle" />
    <property name="sun.jnu.encoding" value="UTF-8" />
    <property name="java.runtime.name" value="OpenJDK Runtime Environment" />
    <property name="usefile" value="false" />
    <property name="return.code" value="0" />
    <property name="junit.single.formatter" value="plain" />
    <property name="env.DYLD_LIBRARY_PATH" value="/home/travis/pthla/certi-tools/lib:" />
    <property name="env.DEBIAN_FRONTEND" value="noninteractive" />
    <property name="env.SSH_CONNECTION" value="10.16.3.8 49100 10.20.0.83 22" />
    <property name="env.MYSQL_UNIX_PORT" value="/var/run/mysqld/mysqld.sock" />
    <property name="env.LC_ALL" value="en_US.UTF-8" />
    <property name="env.TRAVIS_ALLOW_FAILURE" value="false" />
    <property name="env.TRAVIS_JOB_WEB_URL" value="https://travis-ci.org/icyphy/ptII/jobs/624477773" />
    <property name="java.specification.name" value="Java Platform API Specification" />
    <property name="node.works" value="true" />
    <property name="user.timezone" value="" />
    <property name="path.separator" value=":" />
    <property name="env.TRAVIS_ENABLE_INFRA_DETECTION" value="true" />
    <property name="env.PYTHON_CFLAGS" value="-g -fstack-protector --param=ssp-buffer-size=4 -Wformat -Werror=format-security" />
    <property name="timeout.long" value="4000000" />
    <property name="env.CERTI_HOME" value="/home/travis/pthla/certi-tools" />
    <property name="ant.file.ptII" value="/home/travis/build/icyphy/ptII/build.xml" />
    <property name="javadoc.packagenames" value="com.*,diva.*,lbnl.*,org.hlacerti.*,org.json.*,org.ptolemy.*,org.terraswarm.*,ptolemy.*,ptserver.*" />
    <property name="file.encoding" value="UTF-8" />
    <property name="env.TRAVIS_PULL_REQUEST_SLUG" value="" />
    <property name="ant.project.default-target" value="build" />
    <property name="env.GIT_ASKPASS" value="echo" />
    <property name="env.HOME" value="/home/travis" />
    <property name="sun.java.command" value="org.apache.tools.ant.taskdefs.optional.junit.JUnitTestRunner ptolemy.domains.de.test.junit.JUnitTclTest skipNonTests=false filtertrace=true haltOnError=false haltOnFailure=false formatter=org.apache.tools.ant.taskdefs.optional.junit.OutErrSummaryJUnitResultFormatter showoutput=true outputtoformatters=true logfailedtests=true threadid=0 logtestlistenerevents=false formatter=org.apache.tools.ant.taskdefs.optional.junit.XMLJUnitResultFormatter,/home/travis/build/icyphy/ptII/reports/junit/TEST-ptolemy.domains.de.test.junit.JUnitTclTest.xml crashfile=/home/travis/build/icyphy/ptII/junitvmwatcher9314110551464445075.properties propsfile=/home/travis/build/icyphy/ptII/junit10035050181999028327.properties" />
    <property name="env.COMPOSER_NO_INTERACTION" value="1" />
    <property name="env.MANPATH" value="/home/travis/.nvm/versions/node/v7.10.1/share/man:/home/travis/.rvm/rubies/ruby-2.5.3/share/man:/usr/local/cmake-3.12.4/man:/usr/local/clang-7.0.0/share/man:/usr/local/man:/usr/local/share/man:/usr/share/man:/home/travis/.rvm/man" />
    <property name="env.TRAVIS_TIMER_ID" value="02fbd7ac" />
    <property name="ant.file" value="/home/travis/build/icyphy/ptII/build.xml" />
    <property name="env.TRAVIS_COMMIT_RANGE" value="c7ad326c8bb61863fc0b87bc56a33674fe4fd789...687bb808dc5adecbfa0f708fbf7527a5d6554d96" />
    <property name="env._system_name" value="Ubuntu" />
    <property name="ptII.classpath.optional.property" value="/home/travis/build/icyphy/ptII/lib/bsh-2.0b4.jar:/home/travis/build/icyphy/ptII/lib/ptCal.jar:/home/travis/build/icyphy/ptII/lib/java_cup.jar:/home/travis/build/icyphy/ptII/lib/saxon8.jar:/home/travis/build/icyphy/ptII/lib/saxon8-dom.jar:/home/travis/build/icyphy/ptII/lib/chic.jar:/home/travis/build/icyphy/ptII/lib/ptcolt.jar:/home/travis/build/icyphy/ptII/vendors/misc/itext/iText.jar:/home/travis/build/icyphy/ptII/lib/g4ltl.jar:/home/travis/build/icyphy/ptII/lib/StructuralCoder.jar:/home/travis/build/icyphy/ptII/lib/jcerti.jar:/home/travis/build/icyphy/ptII/lib/javax.mail.jar:/home/travis/build/icyphy/ptII/vendors/JMF-2.1.1e/lib/jmf.jar:/home/travis/build/icyphy/ptII/lib/jna-4.0.0-variadic.jar:/home/travis/build/icyphy/ptII/vendors/misc/joystick/Joystick.jar:/home/travis/build/icyphy/ptII/lib/ptjacl.jar:/home/travis/build/icyphy/ptII/lib/jsoup-1.8.2.jar:/home/travis/build/icyphy/ptII/lib/junit-4.8.2.jar:/home/travis/build/icyphy/ptII/lib/JUnitParams-0.4.0.jar:/home/travis/build/icyphy/ptII/ptolemy/actor/lib/excel/jxl.jar:/home/travis/build/icyphy/ptII/lib/jython.jar:/home/travis/build/icyphy/ptII/lib/kieler.jar:/home/travis/build/icyphy/ptII/vendors/opencv/share/OpenCV/java/opencv-341.jar:/home/travis/build/icyphy/ptII/lib/oscP5.jar:/home/travis/build/icyphy/ptII/lib/nrjavaserial-3.11.0.devel.jar:/home/travis/build/icyphy/ptII/vendors/j3d/lib/Linux/j3dcore.jar:/home/travis/build/icyphy/ptII/vendors/j3d/lib/Linux/j3dutils.jar:/home/travis/build/icyphy/ptII/vendors/j3d/lib/Linux/vecmath.jar:/home/travis/build/icyphy/ptII/vendors/jogl/lib/Linux/gluegen-rt-natives-linux-amd64.jar:/home/travis/build/icyphy/ptII/vendors/jogl/lib/Linux/gluegen-rt.jar:/home/travis/build/icyphy/ptII/vendors/jogl/lib/Linux/jogl-all-natives-linux-amd64.jar:/home/travis/build/icyphy/ptII/vendors/jogl/lib/Linux/jogl-all.jar:/home/travis/build/icyphy/ptII/ptolemy/distributed/jini/jar/jini-core.jar:/home/travis/build/icyphy/ptII/ptolemy/distributed/jini/jar/jini-ext.jar:/home/travis/build/icyphy/ptII/ptolemy/distributed/jini/jar/sun-util.jar:/home/travis/build/icyphy/ptII/lib/protobuf-java-2.4.1.jar:/home/travis/build/icyphy/ptII/lib/org.eclipse.paho.client.mqttv3.jar:/home/travis/build/icyphy/ptII/lib/mapss.jar:/home/travis/build/icyphy/ptII/ptolemy/actor/ptalon/antlr/antlr.jar:/home/travis/build/icyphy/ptII/lib/JRI.jar:/home/travis/build/icyphy/ptII/lib/commons-lang-2.6.jar:/home/travis/build/icyphy/ptII/lib/commons-logging-1.1.1.jar:/home/travis/build/icyphy/ptII/lib/sootclasses.jar:/home/travis/build/icyphy/ptII/ptolemy/actor/lib/database/mysql-connector-java-5.1.6-bin.jar:/home/travis/build/icyphy/ptII/vendors/misc/sphinx4/sphinx4-data-5prealpha.jar:/home/travis/build/icyphy/ptII/vendors/misc/sphinx4/sphinx4-core-5prealpha.jar:/home/travis/build/icyphy/ptII/lib/PDFRenderer.jar:/home/travis/build/icyphy/ptII/lib/svgSalamander.jar:/home/travis/build/icyphy/ptII/lib/rsyntaxtextarea-2.6.0-SNAPSHOT.jar:/home/travis/build/icyphy/ptII/lib/hazelcast-3.8.2.jar:/home/travis/build/icyphy/ptII/lib/jackson-annotations-2.9.0.jar:/home/travis/build/icyphy/ptII/lib/jackson-core-2.9.3.jar:/home/travis/build/icyphy/ptII/lib/jackson-databind-2.9.3.jar:/home/travis/build/icyphy/ptII/lib/netty-buffer-4.1.19.Final.jar:/home/travis/build/icyphy/ptII/lib/netty-codec-4.1.19.Final.jar:/home/travis/build/icyphy/ptII/lib/netty-codec-dns-4.1.19.Final.jar:/home/travis/build/icyphy/ptII/lib/netty-codec-http-4.1.19.Final.jar:/home/travis/build/icyphy/ptII/lib/netty-codec-http2-4.1.19.Final.jar:/home/travis/build/icyphy/ptII/lib/netty-common-4.1.19.Final.jar:/home/travis/build/icyphy/ptII/lib/netty-handler-4.1.19.Final.jar:/home/travis/build/icyphy/ptII/lib/netty-resolver-4.1.19.Final.jar:/home/travis/build/icyphy/ptII/lib/netty-resolver-dns-4.1.19.Final.jar:/home/travis/build/icyphy/ptII/lib/netty-transport-4.1.19.Final.jar:/home/travis/build/icyphy/ptII/lib/vertx-codegen-3.5.1.jar:/home/travis/build/icyphy/ptII/lib/vertx-core-3.5.2-SNAPSHOT.jar:/home/travis/build/icyphy/ptII/lib/vertx-hazelcast-3.5.1.jar:/home/travis/build/icyphy/ptII/lib/vertx-lang-js-3.5.1.jar:/home/travis/build/icyphy/ptII/lib/vertx-service-proxy-3.5.1.jar:/home/travis/build/icyphy/ptII/lib/vertx-web-3.5.1.jar:/home/travis/build/icyphy/ptII/lib/slf4j-api-1.7.13.jar:/home/travis/build/icyphy/ptII/lib/slf4j-simple-1.7.13.jar:/home/travis/build/icyphy/ptII/lib/webcam-capture-0.3.12.jar:/home/travis/build/icyphy/ptII/lib/bridj-0.7.0.jar:/home/travis/build/icyphy/ptII/lib/xbjlib-1.1.0.nrjavaserial.jar" />
    <property name="timeout" value="2400000" />
    <property name="test.batch" value="**/junit/*.java" />
    <property name="env._" value="/usr/bin/timeout" />
    <property name="java.io.tmpdir" value="/tmp" />
    <property name="user.language" value="en" />
    <property name="env.TRAVIS_INTERNAL_RUBY_REGEX" value="^ruby-(2\.[0-4]\.[0-9]|1\.9\.3)" />
    <property name="env.HISTCONTROL" value="ignoredups:ignorespace" />
    <property name="env.GOROOT" value="/home/travis/.gimme/versions/go1.11.1.linux.amd64" />
    <property name="line.separator" value="&#xa;" />
    <property name="target" value="11" />
    <property name="env.TRAVIS_BUILD_DIR" value="/home/travis/build/icyphy/ptII" />
    <property name="env.ANT_OPTS" value="-Xmx2048m" />
    <property name="ant.file.type" value="file" />
    <property name="ptolemy.ptII.batchMode" value="true" />
    <property name="env.HISTSIZE" value="1000" />
    <property name="env.MERB_ENV" value="test" />
    <property name="java.vm.info" value="mixed mode" />
    <property name="source" value="11" />
    <property name="java.vm.specification.name" value="Java Virtual Machine Specification" />
    <property name="env.TRAVIS_TEST_RESULT" value="0" />
    <property name="jsdoc.command" value="node_modules/@terraswarm/jsdoc/jsdoc.js" />
    <property name="npm.works" value="true" />
    <property name="cobertura.dir" value="/home/travis/build/icyphy/ptII/vendors/cobertura-2.0.3" />
    <property name="jsdoc.command.exists" value="true" />
    <property name="env.rvm_path" value="/home/travis/.rvm" />
    <property name="env.GEM_PATH" value="/home/travis/.rvm/gems/ruby-2.5.3:/home/travis/.rvm/gems/ruby-2.5.3@global" />
    <property name="env.LC_CTYPE" value="en_US.UTF-8" />
    <property name="env.TRAVIS_CMD" value="$PTII/bin/ptIITravisBuild.sh $SECONDS" />
    <property name="java.awt.printerjob" value="sun.print.PSPrinterJob" />
    <property name="env.TRAVIS_STACK_NAME" value="sardonyx" />
    <property name="env.TRAVIS_TIMER_START_TIME" value="1576218021023025352" />
    <property name="ant.version" value="Apache Ant(TM) version 1.10.1 compiled on February 2 2017" />
    <property name="ptII.reports" value="/home/travis/build/icyphy/ptII/reports" />
    <property name="env.TRAVIS_STACK_TIMESTAMP" value="2019-03-25 16:16:56 UTC" />
    <property name="ant.file.type.ptII" value="file" />
    <property name="env.RBENV_SHELL" value="bash" />
    <property name="os.name" value="Linux" />
    <property name="java.specification.vendor" value="Oracle Corporation" />
    <property name="env.rvm_version" value="1.29.7 (latest)" />
    <property name="env.TRAVIS_INFRA" value="gce" />
    <property name="env.TERM" value="xterm" />
    <property name="java.vm.name" value="OpenJDK 64-Bit Server VM" />
    <property name="env.TRAVIS_BUILD_NUMBER" value="1428" />
    <property name="env.CI" value="true" />
    <property name="java.library.path" value="/home/travis/pthla/certi-tools/lib:/usr/lib/jni:/usr/local/share/OpenCV/java/:/usr/share/OpenCV/java::/usr/java/packages/lib:/usr/lib64:/lib64:/lib:/usr/lib" />
    <property name="jdk.module.path" value="/home/travis/build/icyphy/ptII/vendors/javafx/javafx-sdk-11.0.2/lib:" />
    <property name="env.rvm_prefix" value="/home/travis" />
    <property name="env.PATH" value="/home/travis/pthla/certi-tools/share/scripts:/home/travis/.rvm/gems/ruby-2.5.3/bin:/home/travis/.rvm/gems/ruby-2.5.3@global/bin:/home/travis/.rvm/rubies/ruby-2.5.3/bin:/home/travis/.rvm/bin:/home/travis/.nvm/versions/node/v7.10.1/bin:./node_modules/.bin:/home/travis/build/icyphy/ptII/bin:/home/travis/pthla/certi-tools/bin:/home/travis/bin:/home/travis/.local/bin:/usr/local/lib/jvm/openjdk11/bin:/opt/pyenv/shims:/home/travis/.phpenv/shims:/home/travis/perl5/perlbrew/bin:/home/travis/gopath/bin:/home/travis/.gimme/versions/go1.11.1.linux.amd64/bin:/usr/local/maven-3.6.0/bin:/usr/local/cmake-3.12.4/bin:/usr/local/clang-7.0.0/bin:/usr/local/sbin:/usr/local/bin:/usr/sbin:/usr/bin:/sbin:/bin:/snap/bin:/home/travis/.phpenv/bin:/opt/pyenv/bin:/home/travis/.yarn/bin" />
    <property name="env.TRAVIS_OS_NAME" value="linux" />
    <property name="ant.java.version" value="9" />
    <property name="basedir" value="/home/travis/build/icyphy/ptII" />
    <property name="java.class.version" value="55.0" />
    <property name="env.SHLVL" value="3" />
    <property name="env.LD_LIBRARY_PATH" value="/home/travis/pthla/certi-tools/lib:/usr/lib/jni:/usr/local/share/OpenCV/java/:/usr/share/OpenCV/java:" />
    <property name="env.RACK_ENV" value="test" />
    <property name="ant.home" value="/home/travis/build/icyphy/ptII/ant" />
    <property name="env.NVM_DIR" value="/home/travis/.nvm" />
    <property name="env.CERTI_FOM_PATH" value="/home/travis/pthla/certi-tools/share/federations" />
    <property name="env.TRAVIS_BUILD_ID" value="624477764" />
    <property name="env.PYENV_ROOT" value="/opt/pyenv" />
    <property name="env.TRAVIS_UID" value="2000" />
    <property name="prism.verbose" value="true" />
    <property name="env.NVM_BIN" value="/home/travis/.nvm/versions/node/v7.10.1/bin" />
    <property name="env.TRAVIS_COMMIT" value="687bb808dc5adecbfa0f708fbf7527a5d6554d96" />
    <property name="env._system_arch" value="x86_64" />
    <property name="node.executable" value="node" />
    <property name="sun.boot.library.path" value="/usr/local/lib/jvm/openjdk11/lib" />
    <property name="sun.management.compiler" value="HotSpot 64-Bit Tiered Compilers" />
    <property name="java.awt.graphicsenv" value="sun.awt.X11GraphicsEnvironment" />
    <property name="env.GOPATH" value="/home/travis/gopath" />
    <property name="ptolemy.ptII.dir" value="/home/travis/build/icyphy/ptII" />
    <property name="env.USER" value="travis" />
    <property name="env.HISTFILESIZE" value="2000" />
    <property name="timeout.longest" value="19000000" />
    <property name="env.PERLBREW_SHELLRC_VERSION" value="0.86" />
    <property name="env.TRAVIS_STACK_FEATURES" value="basic couchdb disabled-ipv6 docker docker-compose elasticsearch firefox go-toolchain google-chrome jdk memcached mongodb mysql nodejs_interpreter perl_interpreter perlbrew phantomjs postgresql python_interpreter redis ruby_interpreter sqlite xserver" />
    <property name="env.TRAVIS_PULL_REQUEST" value="false" />
    <property name="env.PYENV_SHELL" value="bash" />
    <property name="ant.project.name" value="ptII" />
    <property name="env.ANSI_RESET" value="\033[0m" />
    <property name="java.vm.specification.version" value="11" />
    <property name="env.TRAVIS_DIST" value="xenial" />
    <property name="env.CERTI_VERSION" value="4.0.0" />
    <property name="env.CERTI_HOST" value="localhost" />
    <property name="awt.toolkit" value="sun.awt.X11.XToolkit" />
    <property name="env.MY_RUBY_HOME" value="/home/travis/.rvm/rubies/ruby-2.5.3" />
    <property name="sun.cpu.isalist" value="" />
    <property name="env.TRAVIS_TMPDIR" value="/tmp/tmp.E7kiROh2ti" />
    <property name="java.vm.compressedOopsMode" value="Zero based" />
    <property name="os.version" value="4.15.0-1028-gcp" />
    <property name="user.home" value="/home/travis" />
    <property name="java.vm.vendor" value="Oracle Corporation" />
    <property name="env.TRAVIS_TAG" value="nightly" />
    <property name="env.ANSI_YELLOW" value="\033[33;1m" />
    <property name="env.TRAVIS_FILTERED" value="redirect_io" />
    <property name="env.ANSI_GREEN" value="\033[32;1m" />
    <property name="env.JAVA_HOME" value="/usr/local/lib/jvm/openjdk11" />
    <property name="javadoc.excludepackagenames" value="adm.cvs2svn.*,build.*,config.*,doc.coding.templates.*,jni.test.jni.meaningOfLife.*,jni.test.jni.testDeux.*,jni.test.jni.testTrois.*,org.terraswarm.accessor.accessors.web.node_modules.*,org.terraswarm.accessor.accessors.web.hosts.cordova.demo.*,org.terraswarm.accessor.accessors.web.hosts.cordova.plugins.*,org.terraswarm.accessor.accessors-svn.*,pt-modules.*,ptolemy.apps.agilent.*,ptolemy.apps.anytimecontrol.*,ptolemy.apps.apes.*,ptolemy.apps.charon.*,ptolemy.apps.crazyboard.*,ptolemy.apps.eclipse.*,ptolemy.apps.etherealSting.*,ptolemy.apps.fullscreen.*,ptolemy.apps.giotto.*,ptolemy.apps.ia.*,ptolemy.apps.interfaces.*,ptolemy.apps.jmf.*,ptolemy.apps.kurt.*,ptolemy.apps.kvm.*,ptolemy.apps.lego.*,ptolemy.apps.lejos.*,ptolemy.apps.midp.*,ptolemy.apps.mobileCoding.*,ptolemy.apps.pendulum.*,ptolemy.apps.rijndael.*,ptolemy.apps.robot.*,ptolemy.apps.security.*,ptolemy.apps.sobel.*,ptolemy.apps.soot.*,ptolemy.apps.throttle.*,ptolemy.apps.tini.*,ptolemy.apps.transmission.*,ptolemy.apps.vergil.*,ptolemy.apps.waba.*,ptolemy.apps.websensor.*,ptolemy.apps.webstart.*,ptolemy.apps.xsl.*,ptolemy.apps.zaurus.*,ptolemy.codegen.c.actor.lib.oldJavaFiles.*,ptolemy.codegen.dsp.lib.*,ptolemy.codegen.kernel.newInterfaces.*,ptolemy.codegen.lib.*,ptolemy.copernicus.kernel.fragment.*,ptolemy.copernicus.shallow.cg.*,ptolemy.domains.giotto.demo.Hierarchy.Hierarchy.*,ptolemy.domains.giotto.demo.Multimode.Multimode.*,ptolemy.domains.giotto.demo.Simple.Simple.*,ptolemy.domains.gr.lib.experimental.*,ptolemy.domains.gro.*,ptolemy.domains.pdf.*,ptolemy.domains.ptinyos.demo.Surge.output.*,ptolemy.moml.test.NoPackageActor.java*,ptolemy.plot.adm.*,ptolemy.plot.servlet.*,reports.*,signed.*,src.*,target.*,vendors.*,ptolemy.copernicus.applet.*,ptolemy.media.viewer.*,ptolemy.actor.corba.*,doc.doclets.*,ptolemy.apps.eclipse.awt.*,ptolemy.backtrack.*,ptolemy.backtrack.ast.*,ptolemy.cg.adapter.generic.program.procedural.c.mbed*,ptolemy.homer.*,ptolemy.actor.lib.jai.*,org.ptolemy.scala.*,diva.util.java2d.svg.*,ptolemy.domains.ptinyos.*,ptolemy.actor.lib.fmi.fmipp.*,,org.terraswarm.accessor.accessors.web.node_modules.*,org.terraswarm.accessor.accessors-svn,ptolemy.apps.*,ptolemy.actor.ptalon.demo.ptinyos.SendAndReceiveCnt.output,ptolemy.actor.ptalon.demo.ptinyos.SenseToLeds.output,ptolemy.domains.ptinyos.demo.CntToLedsAndRfm.output,ptolemy.domains.ptinyos.demo.RfmToLeds.output,ptolemy.domains.ptinyos.demo.SendAndReceiveCnt.output,ptolemy.domains.ptinyos.demo.SenseToLeds.output,ptolemy.actor.lib.jjs.modules.udpSocket.*" />
    <property name="env.PTII" value="/home/travis/build/icyphy/ptII" />
    <property name="env.XDG_SESSION_ID" value="2" />
    <property name="keystore" value="ptKeystore" />
    <property name="env.TRAVIS_COMMIT_MESSAGE" value="Minor changes." />
    <property name="junit.output.dir" value="/home/travis/build/icyphy/ptII/reports/junit" />
    <property name="npm.return.code" value="0" />
    <property name="user.dir" value="/home/travis/build/icyphy/ptII/ptolemy/domains/de/test" />
    <property name="env.TRAVIS_NODE_VERSION" value="7" />
    <property name="env.TRAVIS_EVENT_TYPE" value="cron" />
    <property name="env.MAIL" value="/var/mail/travis" />
    <property name="env.PERLBREW_ROOT" value="/home/travis/perl5/perlbrew" />
    <property name="env.PWD" value="/home/travis/build/icyphy/ptII" />
    <property name="timeout.npm" value="45000" />
    <property name="env.PT_TRAVIS_TEST_CORE2_XML" value="true" />
    <property name="env.TRAVIS_ARCH" value="amd64" />
    <property name="sun.cpu.endian" value="little" />
    <property name="env.PAGER" value="cat" />
    <property name="env.TRAVIS_BUILD_STAGE_NAME" value="Test" />
    <property name="env.PERLBREW_HOME" value="/home/travis/.perlbrew" />
    <property name="java.vm.version" value="11.0.2+9" />
    <property name="env.RAILS_ENV" value="test" />
    <property name="java.class.path" value="/home/travis/build/icyphy/ptII:/home/travis/build/icyphy/ptII/lib/bsh-2.0b4.jar:/home/travis/build/icyphy/ptII/lib/ptCal.jar:/home/travis/build/icyphy/ptII/lib/java_cup.jar:/home/travis/build/icyphy/ptII/lib/saxon8.jar:/home/travis/build/icyphy/ptII/lib/saxon8-dom.jar:/home/travis/build/icyphy/ptII/lib/chic.jar:/home/travis/build/icyphy/ptII/lib/ptcolt.jar:/home/travis/build/icyphy/ptII/vendors/misc/itext/iText.jar:/home/travis/build/icyphy/ptII/lib/g4ltl.jar:/home/travis/build/icyphy/ptII/lib/StructuralCoder.jar:/home/travis/build/icyphy/ptII/lib/jcerti.jar:/home/travis/build/icyphy/ptII/lib/javax.mail.jar:/home/travis/build/icyphy/ptII/vendors/JMF-2.1.1e/lib/jmf.jar:/home/travis/build/icyphy/ptII/lib/jna-4.0.0-variadic.jar:/home/travis/build/icyphy/ptII/vendors/misc/joystick/Joystick.jar:/home/travis/build/icyphy/ptII/lib/ptjacl.jar:/home/travis/build/icyphy/ptII/lib/jsoup-1.8.2.jar:/home/travis/build/icyphy/ptII/lib/junit-4.8.2.jar:/home/travis/build/icyphy/ptII/lib/JUnitParams-0.4.0.jar:/home/travis/build/icyphy/ptII/ptolemy/actor/lib/excel/jxl.jar:/home/travis/build/icyphy/ptII/lib/jython.jar:/home/travis/build/icyphy/ptII/lib/kieler.jar:/home/travis/build/icyphy/ptII/vendors/opencv/share/OpenCV/java/opencv-341.jar:/home/travis/build/icyphy/ptII/lib/oscP5.jar:/home/travis/build/icyphy/ptII/lib/nrjavaserial-3.11.0.devel.jar:/home/travis/build/icyphy/ptII/vendors/j3d/lib/Linux/j3dcore.jar:/home/travis/build/icyphy/ptII/vendors/j3d/lib/Linux/j3dutils.jar:/home/travis/build/icyphy/ptII/vendors/j3d/lib/Linux/vecmath.jar:/home/travis/build/icyphy/ptII/vendors/jogl/lib/Linux/gluegen-rt-natives-linux-amd64.jar:/home/travis/build/icyphy/ptII/vendors/jogl/lib/Linux/gluegen-rt.jar:/home/travis/build/icyphy/ptII/vendors/jogl/lib/Linux/jogl-all-natives-linux-amd64.jar:/home/travis/build/icyphy/ptII/vendors/jogl/lib/Linux/jogl-all.jar:/home/travis/build/icyphy/ptII/ptolemy/distributed/jini/jar/jini-core.jar:/home/travis/build/icyphy/ptII/ptolemy/distributed/jini/jar/jini-ext.jar:/home/travis/build/icyphy/ptII/ptolemy/distributed/jini/jar/sun-util.jar:/home/travis/build/icyphy/ptII/lib/protobuf-java-2.4.1.jar:/home/travis/build/icyphy/ptII/lib/org.eclipse.paho.client.mqttv3.jar:/home/travis/build/icyphy/ptII/lib/mapss.jar:/home/travis/build/icyphy/ptII/ptolemy/actor/ptalon/antlr/antlr.jar:/home/travis/build/icyphy/ptII/lib/JRI.jar:/home/travis/build/icyphy/ptII/lib/commons-lang-2.6.jar:/home/travis/build/icyphy/ptII/lib/commons-logging-1.1.1.jar:/home/travis/build/icyphy/ptII/lib/sootclasses.jar:/home/travis/build/icyphy/ptII/ptolemy/actor/lib/database/mysql-connector-java-5.1.6-bin.jar:/home/travis/build/icyphy/ptII/vendors/misc/sphinx4/sphinx4-data-5prealpha.jar:/home/travis/build/icyphy/ptII/vendors/misc/sphinx4/sphinx4-core-5prealpha.jar:/home/travis/build/icyphy/ptII/lib/PDFRenderer.jar:/home/travis/build/icyphy/ptII/lib/svgSalamander.jar:/home/travis/build/icyphy/ptII/lib/rsyntaxtextarea-2.6.0-SNAPSHOT.jar:/home/travis/build/icyphy/ptII/lib/hazelcast-3.8.2.jar:/home/travis/build/icyphy/ptII/lib/jackson-annotations-2.9.0.jar:/home/travis/build/icyphy/ptII/lib/jackson-core-2.9.3.jar:/home/travis/build/icyphy/ptII/lib/jackson-databind-2.9.3.jar:/home/travis/build/icyphy/ptII/lib/netty-buffer-4.1.19.Final.jar:/home/travis/build/icyphy/ptII/lib/netty-codec-4.1.19.Final.jar:/home/travis/build/icyphy/ptII/lib/netty-codec-dns-4.1.19.Final.jar:/home/travis/build/icyphy/ptII/lib/netty-codec-http-4.1.19.Final.jar:/home/travis/build/icyphy/ptII/lib/netty-codec-http2-4.1.19.Final.jar:/home/travis/build/icyphy/ptII/lib/netty-common-4.1.19.Final.jar:/home/travis/build/icyphy/ptII/lib/netty-handler-4.1.19.Final.jar:/home/travis/build/icyphy/ptII/lib/netty-resolver-4.1.19.Final.jar:/home/travis/build/icyphy/ptII/lib/netty-resolver-dns-4.1.19.Final.jar:/home/travis/build/icyphy/ptII/lib/netty-transport-4.1.19.Final.jar:/home/travis/build/icyphy/ptII/lib/vertx-codegen-3.5.1.jar:/home/travis/build/icyphy/ptII/lib/vertx-core-3.5.2-SNAPSHOT.jar:/home/travis/build/icyphy/ptII/lib/vertx-hazelcast-3.5.1.jar:/home/travis/build/icyphy/ptII/lib/vertx-lang-js-3.5.1.jar:/home/travis/build/icyphy/ptII/lib/vertx-service-proxy-3.5.1.jar:/home/travis/build/icyphy/ptII/lib/vertx-web-3.5.1.jar:/home/travis/build/icyphy/ptII/lib/slf4j-api-1.7.13.jar:/home/travis/build/icyphy/ptII/lib/slf4j-simple-1.7.13.jar:/home/travis/build/icyphy/ptII/lib/webcam-capture-0.3.12.jar:/home/travis/build/icyphy/ptII/lib/bridj-0.7.0.jar:/home/travis/build/icyphy/ptII/lib/xbjlib-1.1.0.nrjavaserial.jar:/home/travis/build/icyphy/ptII/ptolemy/moml/test:/home/travis/build/icyphy/ptII/ant/lib/ant-launcher.jar:/home/travis/build/icyphy/ptII/ant/lib/ant.jar:/home/travis/build/icyphy/ptII/ant/lib/ant-junit.jar:/home/travis/build/icyphy/ptII/ant/lib/ant-junit4.jar" />
    <property name="ant.library.dir" value="/home/travis/build/icyphy/ptII/ant/lib" />
    <property name="os.arch" value="amd64" />
    <property name="env.CONTINUOUS_INTEGRATION" value="true" />
    <property name="env.TRAVIS_LANGUAGE" value="node_js" />
    <property name="env.TRAVIS_STACK_LANGUAGES" value="__sardonyx__ c c++ clojure cplusplus cpp default generic go groovy java node_js php pure_java python ruby scala" />
    <property name="test.name" value="ptolemy.actor.lib.test.junit.JUnitTclTest" />
    <property name="env.APT_KEY_DONT_WARN_ON_DANGEROUS_USAGE" value="1" />
    <property name="sun.java.launcher" value="SUN_STANDARD" />
    <property name="env.PYTHON_CONFIGURE_OPTS" value="--enable-unicode=ucs4 --with-wide-unicode --enable-shared --enable-ipv6 --enable-loadable-sqlite-extensions --with-computed-gotos" />
    <property name="ant.core.lib" value="/home/travis/build/icyphy/ptII/ant/lib/ant.jar" />
    <property name="java.vm.specification.vendor" value="Oracle Corporation" />
    <property name="env.BCVTB_HOME" value="/home/travis/build/icyphy/ptII/lbnl" />
    <property name="file.separator" value="/" />
    <property name="spotbugs.home" value="/home/travis/build/icyphy/ptII/vendors/spotbugs-3.1.1" />
    <property name="java.runtime.version" value="11.0.2+9" />
    <property name="env.ANSI_CLEAR" value="\033[0K" />
    <property name="javafx.verbose" value="true" />
    <property name="env.HAS_JOSH_K_SEAL_OF_APPROVAL" value="true" />
    <property name="env.XDG_RUNTIME_DIR" value="/run/user/2000" />
    <property name="env.TRAVIS_OSX_IMAGE" value="" />
    <property name="env.TRAVIS_JOB_ID" value="624477773" />
    <property name="env.TRAVIS_BRANCH" value="master" />
    <property name="user.country" value="US" />
    <property name="env.CERTI_HOME_TRAVIS" value="/home/travis/pthla/certi-tools" />
    <property name="env.SHELL" value="/bin/bash" />
    <property name="java.maxmemory.large" value="3200m" />
    <property name="model" value="" />
    <property name="env.CASHER_DIR" value="/home/travis/.casher" />
    <property name="env.NVM_CD_FLAGS" value="" />
    <property name="java.vendor.version" value="18.9" />
    <property name="jshint.executable" value="/home/travis/node_modules/jshint/bin/jshint" />
    <property name="env.JRUBY_OPTS" value=" --client -J-XX:+TieredCompilation -J-XX:TieredStopAtLevel=1 -J-Xss2m -Xcompile.invokedynamic=false" />
    <property name="java.vendor" value="Oracle Corporation" />
    <property name="env.TRAVIS_PRE_CHEF_BOOTSTRAP_TIME" value="2019-03-25T16:16:42" />
    <property name="env.TRAVIS_STACK_JOB_BOARD_REGISTER" value="/.job-board-register.yml" />
    <property name="env.ANSI_RED" value="\033[31;1m" />
    <property name="java.specification.version" value="11" />
    <property name="env.IRBRC" value="/home/travis/.rvm/rubies/ruby-2.5.3/.irbrc" />
    <property name="env.TRAVIS" value="true" />
    <property name="sun.arch.data.model" value="64" />
  </properties>
  <testcase classname="ptolemy.util.test.junit.TclTests" name="[0] /home/travis/build/icyphy/ptII/ptolemy/domains/de/test/DependencyLoop.tcl (RunTclFile)" time="1.149" />
  <testcase classname="ptolemy.util.test.junit.TclTests" name="[1] /home/travis/build/icyphy/ptII/ptolemy/domains/de/test/RunDETestsAsQSS.tcl (RunTclFile)" time="89.75" />
  <testcase classname="ptolemy.util.test.junit.AutoKnownFailedTests" name="[0] /home/travis/build/icyphy/ptII/ptolemy/domains/de/test/auto/knownFailedTests/DESDFClockTest.xml (RunModel)" time="2.075" />
  <testcase classname="ptolemy.util.test.junit.AutoKnownFailedTests" name="[1] /home/travis/build/icyphy/ptII/ptolemy/domains/de/test/auto/knownFailedTests/DirectFeedback.xml (RunModel)" time="0.012" />
  <testcase classname="ptolemy.util.test.junit.AutoKnownFailedTests" name="[2] /home/travis/build/icyphy/ptII/ptolemy/domains/de/test/auto/knownFailedTests/FSMSource.xml (RunModel)" time="0.019" />
  <testcase classname="ptolemy.util.test.junit.AutoKnownFailedTests" name="[3] /home/travis/build/icyphy/ptII/ptolemy/domains/de/test/auto/knownFailedTests/HierarchicalModel.xml (RunModel)" time="0.05" />
  <testcase classname="ptolemy.util.test.junit.AutoKnownFailedTests" name="[4] /home/travis/build/icyphy/ptII/ptolemy/domains/de/test/auto/knownFailedTests/dependencyLoop.xml (RunModel)" time="0.061" />
  <testcase classname="ptolemy.util.test.junit.AutoKnownFailedTests" name="[5] /home/travis/build/icyphy/ptII/ptolemy/domains/de/test/auto/knownFailedTests/dependencyLoop2.xml (RunModel)" time="0.045" />
  <testcase classname="ptolemy.util.test.junit.AutoNameArchTests" name="[0] ThereAreNoAutoArchTests (RunModel)" time="0.004" />
  <testcase classname="ptolemy.util.test.junit.AutoTests" name="[0] /home/travis/build/icyphy/ptII/ptolemy/domains/de/test/auto/ActorDepthCalculation_actorWithoutPorts.xml (RunModel)" time="0.021" />
  <testcase classname="ptolemy.util.test.junit.AutoTests" name="[1] /home/travis/build/icyphy/ptII/ptolemy/domains/de/test/auto/AssemblyLine.xml (RunModel)" time="0.032" />
  <testcase classname="ptolemy.util.test.junit.AutoTests" name="[2] /home/travis/build/icyphy/ptII/ptolemy/domains/de/test/auto/CQBug1.xml (RunModel)" time="0.016" />
  <testcase classname="ptolemy.util.test.junit.AutoTests" name="[3] /home/travis/build/icyphy/ptII/ptolemy/domains/de/test/auto/CancelFireAt.xml (RunModel)" time="0.013" />
  <testcase classname="ptolemy.util.test.junit.AutoTests" name="[4] /home/travis/build/icyphy/ptII/ptolemy/domains/de/test/auto/CausalityAndComposabilityAnalysis.xml (RunModel)" time="0.013" />
  <testcase classname="ptolemy.util.test.junit.AutoTests" name="[5] /home/travis/build/icyphy/ptII/ptolemy/domains/de/test/auto/CausalityInterface1.xml (RunModel)" time="0.013" />
  <testcase classname="ptolemy.util.test.junit.AutoTests" name="[6] /home/travis/build/icyphy/ptII/ptolemy/domains/de/test/auto/CausalityInterface15.xml (RunModel)" time="0.017" />
  <testcase classname="ptolemy.util.test.junit.AutoTests" name="[7] /home/travis/build/icyphy/ptII/ptolemy/domains/de/test/auto/CausalityInterface2.xml (RunModel)" time="0.016" />
  <testcase classname="ptolemy.util.test.junit.AutoTests" name="[8] /home/travis/build/icyphy/ptII/ptolemy/domains/de/test/auto/CausalityInterface3.xml (RunModel)" time="0.012" />
  <testcase classname="ptolemy.util.test.junit.AutoTests" name="[9] /home/travis/build/icyphy/ptII/ptolemy/domains/de/test/auto/ClockDrift.xml (RunModel)" time="0.057" />
  <testcase classname="ptolemy.util.test.junit.AutoTests" name="[10] /home/travis/build/icyphy/ptII/ptolemy/domains/de/test/auto/ClockDriftAndValueChange.xml (RunModel)" time="0.036" />
  <testcase classname="ptolemy.util.test.junit.AutoTests" name="[11] /home/travis/build/icyphy/ptII/ptolemy/domains/de/test/auto/ClockDriftChange.xml (RunModel)" time="0.031" />
  <testcase classname="ptolemy.util.test.junit.AutoTests" name="[12] /home/travis/build/icyphy/ptII/ptolemy/domains/de/test/auto/ComposableCausalityAnalysis.xml (RunModel)" time="0.017" />
  <testcase classname="ptolemy.util.test.junit.AutoTests" name="[13] /home/travis/build/icyphy/ptII/ptolemy/domains/de/test/auto/DEFixedPointLimitation.xml (RunModel)" time="0.015" />
  <testcase classname="ptolemy.util.test.junit.AutoTests" name="[14] /home/travis/build/icyphy/ptII/ptolemy/domains/de/test/auto/DEScheduleTest.xml (RunModel)" time="0.015" />
  <testcase classname="ptolemy.util.test.junit.AutoTests" name="[15] /home/travis/build/icyphy/ptII/ptolemy/domains/de/test/auto/DEinDEwithStartTimes.xml (RunModel)" time="0.015" />
  <testcase classname="ptolemy.util.test.junit.AutoTests" name="[16] /home/travis/build/icyphy/ptII/ptolemy/domains/de/test/auto/DEinDEwithStartTimes2.xml (RunModel)" time="0.019" />
  <testcase classname="ptolemy.util.test.junit.AutoTests" name="[17] /home/travis/build/icyphy/ptII/ptolemy/domains/de/test/auto/DateDemo.xml (RunModel)" time="0.041" />
  <testcase classname="ptolemy.util.test.junit.AutoTests" name="[18] /home/travis/build/icyphy/ptII/ptolemy/domains/de/test/auto/DateToEvent.xml (RunModel)" time="2.044" />
  <testcase classname="ptolemy.util.test.junit.AutoTests" name="[19] /home/travis/build/icyphy/ptII/ptolemy/domains/de/test/auto/DepthTest1.xml (RunModel)" time="0.008" />
  <testcase classname="ptolemy.util.test.junit.AutoTests" name="[20] /home/travis/build/icyphy/ptII/ptolemy/domains/de/test/auto/DepthTest2.xml (RunModel)" time="0.02" />
  <testcase classname="ptolemy.util.test.junit.AutoTests" name="[21] /home/travis/build/icyphy/ptII/ptolemy/domains/de/test/auto/DepthTest3.xml (RunModel)" time="0.008" />
  <testcase classname="ptolemy.util.test.junit.AutoTests" name="[22] /home/travis/build/icyphy/ptII/ptolemy/domains/de/test/auto/DepthTest4.xml (RunModel)" time="0.012" />
  <testcase classname="ptolemy.util.test.junit.AutoTests" name="[23] /home/travis/build/icyphy/ptII/ptolemy/domains/de/test/auto/DepthTest5.xml (RunModel)" time="0.013" />
  <testcase classname="ptolemy.util.test.junit.AutoTests" name="[24] /home/travis/build/icyphy/ptII/ptolemy/domains/de/test/auto/DepthTest6.xml (RunModel)" time="0.013" />
  <testcase classname="ptolemy.util.test.junit.AutoTests" name="[25] /home/travis/build/icyphy/ptII/ptolemy/domains/de/test/auto/DepthTest7.xml (RunModel)" time="0.014" />
  <testcase classname="ptolemy.util.test.junit.AutoTests" name="[26] /home/travis/build/icyphy/ptII/ptolemy/domains/de/test/auto/EventToDate.xml (RunModel)" time="3.057" />
  <testcase classname="ptolemy.util.test.junit.AutoTests" name="[27] /home/travis/build/icyphy/ptII/ptolemy/domains/de/test/auto/FSM1.xml (RunModel)" time="0.044" />
  <testcase classname="ptolemy.util.test.junit.AutoTests" name="[28] /home/travis/build/icyphy/ptII/ptolemy/domains/de/test/auto/FSM7.xml (RunModel)" time="0.046" />
  <testcase classname="ptolemy.util.test.junit.AutoTests" name="[29] /home/travis/build/icyphy/ptII/ptolemy/domains/de/test/auto/Inspection.xml (RunModel)" time="0.042" />
  <testcase classname="ptolemy.util.test.junit.AutoTests" name="[30] /home/travis/build/icyphy/ptII/ptolemy/domains/de/test/auto/Iteration.xml (RunModel)" time="0.024" />
  <testcase classname="ptolemy.util.test.junit.AutoTests" name="[31] /home/travis/build/icyphy/ptII/ptolemy/domains/de/test/auto/LineFault.xml (RunModel)" time="0.614" />
  <testcase classname="ptolemy.util.test.junit.AutoTests" name="[32] /home/travis/build/icyphy/ptII/ptolemy/domains/de/test/auto/MergeModel1Add.xml (RunModel)" time="0.059" />
  <testcase classname="ptolemy.util.test.junit.AutoTests" name="[33] /home/travis/build/icyphy/ptII/ptolemy/domains/de/test/auto/MergeModel2Add.xml (RunModel)" time="0.033" />
  <testcase classname="ptolemy.util.test.junit.AutoTests" name="[34] /home/travis/build/icyphy/ptII/ptolemy/domains/de/test/auto/MergeModel3Add.xml (RunModel)" time="0.049" />
  <testcase classname="ptolemy.util.test.junit.AutoTests" name="[35] /home/travis/build/icyphy/ptII/ptolemy/domains/de/test/auto/MergeWithoutDiscard.xml (RunModel)" time="0.016" />
  <testcase classname="ptolemy.util.test.junit.AutoTests" name="[36] /home/travis/build/icyphy/ptII/ptolemy/domains/de/test/auto/Modal1.xml (RunModel)" time="0.033" />
  <testcase classname="ptolemy.util.test.junit.AutoTests" name="[37] /home/travis/build/icyphy/ptII/ptolemy/domains/de/test/auto/Modal2.xml (RunModel)" time="0.028" />
  <testcase classname="ptolemy.util.test.junit.AutoTests" name="[38] /home/travis/build/icyphy/ptII/ptolemy/domains/de/test/auto/Modal3.xml (RunModel)" time="0.029" />
  <testcase classname="ptolemy.util.test.junit.AutoTests" name="[39] /home/travis/build/icyphy/ptII/ptolemy/domains/de/test/auto/Modal4.xml (RunModel)" time="0.034" />
  <testcase classname="ptolemy.util.test.junit.AutoTests" name="[40] /home/travis/build/icyphy/ptII/ptolemy/domains/de/test/auto/Modal5.xml (RunModel)" time="0.034" />
  <testcase classname="ptolemy.util.test.junit.AutoTests" name="[41] /home/travis/build/icyphy/ptII/ptolemy/domains/de/test/auto/Modal6.xml (RunModel)" time="0.04" />
  <testcase classname="ptolemy.util.test.junit.AutoTests" name="[42] /home/travis/build/icyphy/ptII/ptolemy/domains/de/test/auto/Modal7.xml (RunModel)" time="0.03" />
  <testcase classname="ptolemy.util.test.junit.AutoTests" name="[43] /home/travis/build/icyphy/ptII/ptolemy/domains/de/test/auto/ModalModel.xml (RunModel)" time="0.201" />
  <testcase classname="ptolemy.util.test.junit.AutoTests" name="[44] /home/travis/build/icyphy/ptII/ptolemy/domains/de/test/auto/ModalSource.xml (RunModel)" time="0.022" />
  <testcase classname="ptolemy.util.test.junit.AutoTests" name="[45] /home/travis/build/icyphy/ptII/ptolemy/domains/de/test/auto/NonInterruptibleTimerZeroDelay.xml (RunModel)" time="0.008" />
  <testcase classname="ptolemy.util.test.junit.AutoTests" name="[46] /home/travis/build/icyphy/ptII/ptolemy/domains/de/test/auto/OpenQueueingNetwork.xml (RunModel)" time="2.51" />
  <testcase classname="ptolemy.util.test.junit.AutoTests" name="[47] /home/travis/build/icyphy/ptII/ptolemy/domains/de/test/auto/OpenQueuingNetwork.xml (RunModel)" time="0.261" />
  <testcase classname="ptolemy.util.test.junit.AutoTests" name="[48] /home/travis/build/icyphy/ptII/ptolemy/domains/de/test/auto/PeriodicSampler.xml (RunModel)" time="0.013" />
  <testcase classname="ptolemy.util.test.junit.AutoTests" name="[49] /home/travis/build/icyphy/ptII/ptolemy/domains/de/test/auto/PersistentIO.xml (RunModel)" time="0.019" />
  <testcase classname="ptolemy.util.test.junit.AutoTests" name="[50] /home/travis/build/icyphy/ptII/ptolemy/domains/de/test/auto/PortParameterResetOnInitialize.xml (RunModel)" time="0.008" />
  <testcase classname="ptolemy.util.test.junit.AutoTests" name="[51] /home/travis/build/icyphy/ptII/ptolemy/domains/de/test/auto/PortParameterUpdates.xml (RunModel)" time="0.015" />
  <testcase classname="ptolemy.util.test.junit.AutoTests" name="[52] /home/travis/build/icyphy/ptII/ptolemy/domains/de/test/auto/QueueAndServer.xml (RunModel)" time="0.019" />
  <testcase classname="ptolemy.util.test.junit.AutoTests" name="[53] /home/travis/build/icyphy/ptII/ptolemy/domains/de/test/auto/Records.xml (RunModel)" time="0.019" />
  <testcase classname="ptolemy.util.test.junit.AutoTests" name="[54] /home/travis/build/icyphy/ptII/ptolemy/domains/de/test/auto/ResetTransitionWithStartTime1.xml (RunModel)" time="0.018" />
  <testcase classname="ptolemy.util.test.junit.AutoTests" name="[55] /home/travis/build/icyphy/ptII/ptolemy/domains/de/test/auto/ResetTransitionWithStartTime2.xml (RunModel)" time="0.021" />
  <testcase classname="ptolemy.util.test.junit.AutoTests" name="[56] /home/travis/build/icyphy/ptII/ptolemy/domains/de/test/auto/ResetTransitionWithStartTime3.xml (RunModel)" time="0.017" />
  <testcase classname="ptolemy.util.test.junit.AutoTests" name="[57] /home/travis/build/icyphy/ptII/ptolemy/domains/de/test/auto/ResetTransitionWithStartTime4.xml (RunModel)" time="0.02" />
  <testcase classname="ptolemy.util.test.junit.AutoTests" name="[58] /home/travis/build/icyphy/ptII/ptolemy/domains/de/test/auto/ResettableTimer1.xml (RunModel)" time="0.011" />
  <testcase classname="ptolemy.util.test.junit.AutoTests" name="[59] /home/travis/build/icyphy/ptII/ptolemy/domains/de/test/auto/ResettableTimer2.xml (RunModel)" time="0.008" />
  <testcase classname="ptolemy.util.test.junit.AutoTests" name="[60] /home/travis/build/icyphy/ptII/ptolemy/domains/de/test/auto/ResettableTimer3.xml (RunModel)" time="0.008" />
  <testcase classname="ptolemy.util.test.junit.AutoTests" name="[61] /home/travis/build/icyphy/ptII/ptolemy/domains/de/test/auto/ResettableTimer4.xml (RunModel)" time="0.009" />
  <testcase classname="ptolemy.util.test.junit.AutoTests" name="[62] /home/travis/build/icyphy/ptII/ptolemy/domains/de/test/auto/ResettableTimer5.xml (RunModel)" time="0.008" />
  <testcase classname="ptolemy.util.test.junit.AutoTests" name="[63] /home/travis/build/icyphy/ptII/ptolemy/domains/de/test/auto/ResettableTimer6.xml (RunModel)" time="0.017" />
  <testcase classname="ptolemy.util.test.junit.AutoTests" name="[64] /home/travis/build/icyphy/ptII/ptolemy/domains/de/test/auto/ServerZeroDelay.xml (RunModel)" time="0.009" />
  <testcase classname="ptolemy.util.test.junit.AutoTests" name="[65] /home/travis/build/icyphy/ptII/ptolemy/domains/de/test/auto/SmartSender.xml (RunModel)" time="3.008" />
  <testcase classname="ptolemy.util.test.junit.AutoTests" name="[66] /home/travis/build/icyphy/ptII/ptolemy/domains/de/test/auto/ThreadedComposite.xml (RunModel)" time="0.128" />
  <testcase classname="ptolemy.util.test.junit.AutoTests" name="[67] /home/travis/build/icyphy/ptII/ptolemy/domains/de/test/auto/Time.xml (RunModel)" time="0.451" />
  <testcase classname="ptolemy.util.test.junit.AutoTests" name="[68] /home/travis/build/icyphy/ptII/ptolemy/domains/de/test/auto/TimeDelayZeroDelay.xml (RunModel)" time="0.011" />
  <testcase classname="ptolemy.util.test.junit.AutoTests" name="[69] /home/travis/build/icyphy/ptII/ptolemy/domains/de/test/auto/TimerZeroDelay.xml (RunModel)" time="0.011" />
  <testcase classname="ptolemy.util.test.junit.AutoTests" name="[70] /home/travis/build/icyphy/ptII/ptolemy/domains/de/test/auto/TimingParadox.xml (RunModel)" time="0.354" />
  <testcase classname="ptolemy.util.test.junit.AutoTests" name="[71] /home/travis/build/icyphy/ptII/ptolemy/domains/de/test/auto/TransferInputs.xml (RunModel)" time="0.02" />
  <testcase classname="ptolemy.util.test.junit.AutoTests" name="[72] /home/travis/build/icyphy/ptII/ptolemy/domains/de/test/auto/TransferOutputs2.xml (RunModel)" time="0.014" />
  <testcase classname="ptolemy.util.test.junit.AutoTests" name="[73] /home/travis/build/icyphy/ptII/ptolemy/domains/de/test/auto/Trilateration.xml (RunModel)" time="12.171" />
  <testcase classname="ptolemy.util.test.junit.AutoTests" name="[74] /home/travis/build/icyphy/ptII/ptolemy/domains/de/test/auto/TwoSigmaDelta.xml (RunModel)" time="2.119" />
  <testcase classname="ptolemy.util.test.junit.AutoTests" name="[75] /home/travis/build/icyphy/ptII/ptolemy/domains/de/test/auto/VariableDelay.xml (RunModel)" time="0.01" />
  <testcase classname="ptolemy.util.test.junit.AutoTests" name="[76] /home/travis/build/icyphy/ptII/ptolemy/domains/de/test/auto/VariableDelay2.xml (RunModel)" time="0.015" />
  <testcase classname="ptolemy.util.test.junit.AutoTests" name="[77] /home/travis/build/icyphy/ptII/ptolemy/domains/de/test/auto/VariableDelayZeroDelay.xml (RunModel)" time="0.014" />
  <testcase classname="ptolemy.util.test.junit.AutoTests" name="[78] /home/travis/build/icyphy/ptII/ptolemy/domains/de/test/auto/VariableDelayZeroDelay2.xml (RunModel)" time="0.011" />
  <testcase classname="ptolemy.util.test.junit.AutoTests" name="[79] /home/travis/build/icyphy/ptII/ptolemy/domains/de/test/auto/deInCt.xml (RunModel)" time="0.026" />
  <testcase classname="ptolemy.util.test.junit.AutoTests" name="[80] /home/travis/build/icyphy/ptII/ptolemy/domains/de/test/auto/deInCt2.xml (RunModel)" time="0.02" />
  <testcase classname="ptolemy.util.test.junit.AutoTests" name="[81] /home/travis/build/icyphy/ptII/ptolemy/domains/de/test/auto/dynamicCausalityInterface1.xml (RunModel)" time="0.021" />
  <testcase classname="ptolemy.util.test.junit.AutoTests" name="[82] /home/travis/build/icyphy/ptII/ptolemy/domains/de/test/auto/fsm_de_test.xml (RunModel)" time="0.025" />
  <testcase classname="ptolemy.util.test.junit.AutoTests" name="[83] /home/travis/build/icyphy/ptII/ptolemy/domains/de/test/auto/functionDependencyReconstruction.xml (RunModel)" time="0.031" />
  <testcase classname="ptolemy.util.test.junit.AutoTests" name="[84] /home/travis/build/icyphy/ptII/ptolemy/domains/de/test/auto/multirate.xml (RunModel)" time="0.015" />
  <testcase classname="ptolemy.util.test.junit.AutoTests" name="[85] /home/travis/build/icyphy/ptII/ptolemy/domains/de/test/auto/multirate2.xml (RunModel)" time="0.018" />
  <testcase classname="ptolemy.util.test.junit.AutoTests" name="[86] /home/travis/build/icyphy/ptII/ptolemy/domains/de/test/auto/realtime.xml (RunModel)" time="10.01" />
  <testcase classname="ptolemy.util.test.junit.AutoTests" name="[87] /home/travis/build/icyphy/ptII/ptolemy/domains/de/test/auto/relationGroup.xml (RunModel)" time="0.009" />
  <testcase classname="ptolemy.util.test.junit.AutoTests" name="[88] /home/travis/build/icyphy/ptII/ptolemy/domains/de/test/auto/relationGroup2.xml (RunModel)" time="0.007" />
  <testcase classname="ptolemy.util.test.junit.AutoTests" name="[89] /home/travis/build/icyphy/ptII/ptolemy/domains/de/test/auto/sortWithOpaquePorts.xml (RunModel)" time="0.009" />
  <testcase classname="ptolemy.util.test.junit.AutoTests" name="[90] /home/travis/build/icyphy/ptII/ptolemy/domains/de/test/auto/transferInputsandOutputs.xml (RunModel)" time="0.021" />
  <testcase classname="ptolemy.util.test.junit.AutoTests" name="[91] /home/travis/build/icyphy/ptII/ptolemy/domains/de/test/auto/triggerType.xml (RunModel)" time="0.007" />
  <system-out><![CDATA[/home/travis/build/icyphy/ptII/ptolemy/domains/de/test/DependencyLoop.tcl
testDefs.tcl: setting time out to 9000 seconds at Fri Dec 13 06:23:56 UTC 2019
84 ms. Memory: 120832K Free: 72132K (60%)
25 ms. Memory: 120832K Free: 54724K (45%)
/home/travis/build/icyphy/ptII/ptolemy/domains/de/test/RunDETestsAsQSS.tcl
Run the DE tests using ptolemy.domains.qss.test.QSSDirectorTest, which extends QSSDirector and prints a message in the constructors.
------------------ testing $PTII/ptolemy/domains/de/test/auto/knownFailedTests/DirectFeedback.xml (Known Failure) 
63 ms. Memory: 120832K Free: 49094K (41%)


==== $PTIIhome/travis/build/icyphy/ptII/ptolemy/domains/de/test/../../../../: Auto Automatic test in file $PTII/ptolemy/domains/de/test/auto/knownFailedTests/DirectFeedback.xml
==== Contents of test case:

	    # FIXME: we should use $relativeFilename here, but it
	    # might have backslashes under Windows, which causes no end
	    # of trouble.
	    createAndExecute $file
	    list {}
	
.... Test generated KNOWN error:
    while executing
ptolemy.kernel.util.IllegalActionException: Test fails in iteration 1.
Value was: 1.0. Should have been: 2.0
  in .DirectFeedback.Test
	at ptolemy.actor.lib.Test.fire(Test.java:268)
	at ptolemy.domains.de.kernel.DEDirector._fire(DEDirector.java:1949)
	at ptolemy.domains.de.kernel.DEDirector.fire(DEDirector.java:502)
	at ptolemy.actor.CompositeActor.fire(CompositeActor.java:455)
	at ptolemy.actor.Manager.iterate(Manager.java:851)
	at ptolemy.actor.Manager.execute(Manager.java:369)
	at ptolemy.actor.Manager.run(Manager.java:1263)
	at ptolemy.actor.Manager$PtolemyRunThread.run(Manager.java:1933)

    while executing
ptolemy.kernel.util.IllegalActionException: Test fails in iteration 1.
Value was: 1.0. Should have been: 2.0
  in .DirectFeedback.Test
    while executing
"java::new ptolemy.moml.MoMLSimpleApplication $file
"
    (procedure "createAndExecute" line 2)
    invoked from within
"createAndExecute $file"
    ("uplevel" body line 5)
    invoked from within
"uplevel $contents_of_test"
------------------ testing $PTII/ptolemy/domains/de/test/auto/knownFailedTests/dependencyLoop.xml (Known Failure) 
19 ms. Memory: 120832K Free: 46022K (38%)


==== $PTIIhome/travis/build/icyphy/ptII/ptolemy/domains/de/test/../../../../: Auto Automatic test in file $PTII/ptolemy/domains/de/test/auto/knownFailedTests/dependencyLoop.xml
==== Contents of test case:

	    # FIXME: we should use $relativeFilename here, but it
	    # might have backslashes under Windows, which causes no end
	    # of trouble.
	    createAndExecute $file
	    list {}
	
.... Test generated KNOWN error:
    while executing
ptolemy.kernel.util.IllegalActionException: Found a zero delay loop containing .dependencyLoop.original
  in .dependencyLoop and .dependencyLoop.original
	at ptolemy.actor.util.CausalityInterfaceForComposites._computeOutputPortDepth(CausalityInterfaceForComposites.java:759)
	at ptolemy.actor.util.CausalityInterfaceForComposites._computeInputDepth(CausalityInterfaceForComposites.java:696)
	at ptolemy.actor.util.CausalityInterfaceForComposites._computeOutputPortDepth(CausalityInterfaceForComposites.java:765)
	at ptolemy.actor.util.CausalityInterfaceForComposites._computeInputDepth(CausalityInterfaceForComposites.java:696)
	at ptolemy.actor.util.CausalityInterfaceForComposites._computeOutputPortDepth(CausalityInterfaceForComposites.java:765)
	at ptolemy.actor.util.CausalityInterfaceForComposites._computeInputDepth(CausalityInterfaceForComposites.java:696)
	at ptolemy.actor.util.CausalityInterfaceForComposites._computeActorDepth(CausalityInterfaceForComposites.java:532)
	at ptolemy.actor.util.CausalityInterfaceForComposites.checkForCycles(CausalityInterfaceForComposites.java:96)
	at ptolemy.domains.de.kernel.DEDirector.preinitialize(DEDirector.java:1338)
	at ptolemy.actor.CompositeActor.preinitialize(CompositeActor.java:1828)
	at ptolemy.actor.Manager.preinitializeAndResolveTypes(Manager.java:1040)
	at ptolemy.actor.Manager.initialize(Manager.java:710)
	at ptolemy.actor.Manager.execute(Manager.java:356)
	at ptolemy.actor.Manager.run(Manager.java:1263)
	at ptolemy.actor.Manager$PtolemyRunThread.run(Manager.java:1933)

    while executing
ptolemy.kernel.util.IllegalActionException: Found a zero delay loop containing .dependencyLoop.original
  in .dependencyLoop and .dependencyLoop.original
    while executing
"java::new ptolemy.moml.MoMLSimpleApplication $file
"
    (procedure "createAndExecute" line 2)
    invoked from within
"createAndExecute $file"
    ("uplevel" body line 5)
    invoked from within
"uplevel $contents_of_test"
------------------ testing $PTII/ptolemy/domains/de/test/auto/knownFailedTests/FSMSource.xml (Known Failure) 
66 ms. Memory: 120832K Free: 99490K (82%)
!!!! Auto was marked as failing, but now passes
------------------ testing $PTII/ptolemy/domains/de/test/auto/knownFailedTests/HierarchicalModel.xml (Known Failure) 
16 ms. Memory: 120832K Free: 82058K (68%)


==== $PTIIhome/travis/build/icyphy/ptII/ptolemy/domains/de/test/../../../../: Auto Automatic test in file $PTII/ptolemy/domains/de/test/auto/knownFailedTests/HierarchicalModel.xml
==== Contents of test case:

	    # FIXME: we should use $relativeFilename here, but it
	    # might have backslashes under Windows, which causes no end
	    # of trouble.
	    createAndExecute $file
	    list {}
	
.... Test generated KNOWN error:
    while executing
ptolemy.kernel.util.IllegalActionException: Found a zero delay loop containing .HierarchicalModel.A
  in .HierarchicalModel and .HierarchicalModel.A
	at ptolemy.actor.util.CausalityInterfaceForComposites._computeOutputPortDepth(CausalityInterfaceForComposites.java:759)
	at ptolemy.actor.util.CausalityInterfaceForComposites._computeInputDepth(CausalityInterfaceForComposites.java:696)
	at ptolemy.actor.util.CausalityInterfaceForComposites._computeOutputPortDepth(CausalityInterfaceForComposites.java:765)
	at ptolemy.actor.util.CausalityInterfaceForComposites._computeInputDepth(CausalityInterfaceForComposites.java:696)
	at ptolemy.actor.util.CausalityInterfaceForComposites._computeOutputPortDepth(CausalityInterfaceForComposites.java:765)
	at ptolemy.actor.util.CausalityInterfaceForComposites._computeInputDepth(CausalityInterfaceForComposites.java:696)
	at ptolemy.actor.util.CausalityInterfaceForComposites._computeActorDepth(CausalityInterfaceForComposites.java:532)
	at ptolemy.actor.util.CausalityInterfaceForComposites.checkForCycles(CausalityInterfaceForComposites.java:96)
	at ptolemy.domains.de.kernel.DEDirector.preinitialize(DEDirector.java:1338)
	at ptolemy.actor.CompositeActor.preinitialize(CompositeActor.java:1828)
	at ptolemy.actor.Manager.preinitializeAndResolveTypes(Manager.java:1040)
	at ptolemy.actor.Manager.initialize(Manager.java:710)
	at ptolemy.actor.Manager.execute(Manager.java:356)
	at ptolemy.actor.Manager.run(Manager.java:1263)
	at ptolemy.actor.Manager$PtolemyRunThread.run(Manager.java:1933)

    while executing
ptolemy.kernel.util.IllegalActionException: Found a zero delay loop containing .HierarchicalModel.A
  in .HierarchicalModel and .HierarchicalModel.A
    while executing
"java::new ptolemy.moml.MoMLSimpleApplication $file
"
    (procedure "createAndExecute" line 2)
    invoked from within
"createAndExecute $file"
    ("uplevel" body line 5)
    invoked from within
"uplevel $contents_of_test"
------------------ testing $PTII/ptolemy/domains/de/test/auto/knownFailedTests/dependencyLoop2.xml (Known Failure) 
5 ms. Memory: 120832K Free: 66166K (55%)


==== $PTIIhome/travis/build/icyphy/ptII/ptolemy/domains/de/test/../../../../: Auto Automatic test in file $PTII/ptolemy/domains/de/test/auto/knownFailedTests/dependencyLoop2.xml
==== Contents of test case:

	    # FIXME: we should use $relativeFilename here, but it
	    # might have backslashes under Windows, which causes no end
	    # of trouble.
	    createAndExecute $file
	    list {}
	
.... Test generated KNOWN error:
    while executing
ptolemy.kernel.util.IllegalActionException: Found a zero delay loop containing .dependencyLoop2.original
  in .dependencyLoop2 and .dependencyLoop2.original
	at ptolemy.actor.util.CausalityInterfaceForComposites._computeOutputPortDepth(CausalityInterfaceForComposites.java:759)
	at ptolemy.actor.util.CausalityInterfaceForComposites._computeInputDepth(CausalityInterfaceForComposites.java:696)
	at ptolemy.actor.util.CausalityInterfaceForComposites._computeOutputPortDepth(CausalityInterfaceForComposites.java:765)
	at ptolemy.actor.util.CausalityInterfaceForComposites._computeInputDepth(CausalityInterfaceForComposites.java:696)
	at ptolemy.actor.util.CausalityInterfaceForComposites._computeOutputPortDepth(CausalityInterfaceForComposites.java:765)
	at ptolemy.actor.util.CausalityInterfaceForComposites._computeInputDepth(CausalityInterfaceForComposites.java:696)
	at ptolemy.actor.util.CausalityInterfaceForComposites._computeActorDepth(CausalityInterfaceForComposites.java:532)
	at ptolemy.actor.util.CausalityInterfaceForComposites.checkForCycles(CausalityInterfaceForComposites.java:96)
	at ptolemy.domains.de.kernel.DEDirector.preinitialize(DEDirector.java:1338)
	at ptolemy.actor.CompositeActor.preinitialize(CompositeActor.java:1828)
	at ptolemy.actor.Manager.preinitializeAndResolveTypes(Manager.java:1040)
	at ptolemy.actor.Manager.initialize(Manager.java:710)
	at ptolemy.actor.Manager.execute(Manager.java:356)
	at ptolemy.actor.Manager.run(Manager.java:1263)
	at ptolemy.actor.Manager$PtolemyRunThread.run(Manager.java:1933)

    while executing
ptolemy.kernel.util.IllegalActionException: Found a zero delay loop containing .dependencyLoop2.original
  in .dependencyLoop2 and .dependencyLoop2.original
    while executing
"java::new ptolemy.moml.MoMLSimpleApplication $file
"
    (procedure "createAndExecute" line 2)
    invoked from within
"createAndExecute $file"
    ("uplevel" body line 5)
    invoked from within
"uplevel $contents_of_test"
------------------ testing $PTII/ptolemy/domains/de/test/auto/knownFailedTests/DESDFClockTest.xml (Known Failure) 
2053 ms. Memory: 120832K Free: 95769K (79%)


==== $PTIIhome/travis/build/icyphy/ptII/ptolemy/domains/de/test/../../../../: Auto Automatic test in file $PTII/ptolemy/domains/de/test/auto/knownFailedTests/DESDFClockTest.xml
==== Contents of test case:

	    # FIXME: we should use $relativeFilename here, but it
	    # might have backslashes under Windows, which causes no end
	    # of trouble.
	    createAndExecute $file
	    list {}
	
.... Test generated KNOWN error:
    while executing
ptolemy.kernel.util.IllegalActionException: Actor is not ready to fire.  Perhaps UpSample.prefire() returned false? Try debugging the actor by selecting "Listen to Actor".  Also, for SDF check moml for tokenConsumptionRate on input.
  in .DESDFClockTest.Play Bell.Copy1:SDF Director and .DESDFClockTest.Play Bell.UpSample
	at ptolemy.actor.sched.StaticSchedulingDirector.fire(StaticSchedulingDirector.java:227)
	at ptolemy.domains.sdf.kernel.SDFDirector.fire(SDFDirector.java:500)
	at ptolemy.actor.CompositeActor.fire(CompositeActor.java:455)
	at ptolemy.domains.de.kernel.DEDirector._fire(DEDirector.java:1949)
	at ptolemy.domains.de.kernel.DEDirector.fire(DEDirector.java:502)
	at ptolemy.actor.CompositeActor.fire(CompositeActor.java:455)
	at ptolemy.actor.Manager.iterate(Manager.java:851)
	at ptolemy.actor.Manager.execute(Manager.java:369)
	at ptolemy.actor.Manager.run(Manager.java:1263)
	at ptolemy.actor.Manager$PtolemyRunThread.run(Manager.java:1933)

    while executing
ptolemy.kernel.util.IllegalActionException: Actor is not ready to fire.  Perhaps UpSample.prefire() returned false? Try debugging the actor by selecting "Listen to Actor".  Also, for SDF check moml for tokenConsumptionRate on input.
  in .DESDFClockTest.Play Bell.Copy1:SDF Director and .DESDFClockTest.Play Bell.UpSample
    while executing
"java::new ptolemy.moml.MoMLSimpleApplication $file
"
    (procedure "createAndExecute" line 2)
    invoked from within
"createAndExecute $file"
    ("uplevel" body line 5)
    invoked from within
"uplevel $contents_of_test"
------------------ testing $PTII/ptolemy/domains/de/test/auto/ActorDepthCalculation_actorWithoutPorts.xml
auto.tcl: Setting watchdog for 200 seconds at Fri Dec 13 06:24:00 UTC 2019
4 ms. Memory: 120832K Free: 88834K (74%)
ptolemy.util.test.WatchDog.cancel(): canceling Fri Dec 13 06:24:00 UTC 2019
auto.tcl: Setting watchdog for 200 seconds at Fri Dec 13 06:24:00 UTC 2019
5 ms. Memory: 120832K Free: 87577K (72%)
ptolemy.util.test.WatchDog.cancel(): canceling Fri Dec 13 06:24:00 UTC 2019
------------------ testing $PTII/ptolemy/domains/de/test/auto/AssemblyLine.xml
auto.tcl: Setting watchdog for 200 seconds at Fri Dec 13 06:24:00 UTC 2019
10 ms. Memory: 48128K Free: 25773K (54%)
ptolemy.util.test.WatchDog.cancel(): canceling Fri Dec 13 06:24:00 UTC 2019
auto.tcl: Setting watchdog for 200 seconds at Fri Dec 13 06:24:00 UTC 2019
7 ms. Memory: 48128K Free: 25341K (53%)
ptolemy.util.test.WatchDog.cancel(): canceling Fri Dec 13 06:24:00 UTC 2019
------------------ testing $PTII/ptolemy/domains/de/test/auto/CQBug1.xml
auto.tcl: Setting watchdog for 200 seconds at Fri Dec 13 06:24:01 UTC 2019
2 ms. Memory: 45056K Free: 28565K (63%)
ptolemy.util.test.WatchDog.cancel(): canceling Fri Dec 13 06:24:01 UTC 2019
auto.tcl: Setting watchdog for 200 seconds at Fri Dec 13 06:24:01 UTC 2019
3 ms. Memory: 45056K Free: 28171K (63%)
ptolemy.util.test.WatchDog.cancel(): canceling Fri Dec 13 06:24:01 UTC 2019
------------------ testing $PTII/ptolemy/domains/de/test/auto/CancelFireAt.xml
auto.tcl: Setting watchdog for 200 seconds at Fri Dec 13 06:24:01 UTC 2019
3 ms. Memory: 45056K Free: 29674K (66%)
ptolemy.util.test.WatchDog.cancel(): canceling Fri Dec 13 06:24:01 UTC 2019
auto.tcl: Setting watchdog for 200 seconds at Fri Dec 13 06:24:01 UTC 2019
2 ms. Memory: 45056K Free: 29280K (65%)
ptolemy.util.test.WatchDog.cancel(): canceling Fri Dec 13 06:24:01 UTC 2019
------------------ testing $PTII/ptolemy/domains/de/test/auto/CausalityAndComposabilityAnalysis.xml
auto.tcl: Setting watchdog for 200 seconds at Fri Dec 13 06:24:01 UTC 2019
17 ms. Memory: 45056K Free: 27457K (61%)
ptolemy.util.test.WatchDog.cancel(): canceling Fri Dec 13 06:24:01 UTC 2019
auto.tcl: Setting watchdog for 200 seconds at Fri Dec 13 06:24:01 UTC 2019
5 ms. Memory: 45056K Free: 27031K (60%)
ptolemy.util.test.WatchDog.cancel(): canceling Fri Dec 13 06:24:01 UTC 2019
------------------ testing $PTII/ptolemy/domains/de/test/auto/CausalityInterface1.xml
auto.tcl: Setting watchdog for 200 seconds at Fri Dec 13 06:24:01 UTC 2019
16 ms. Memory: 45056K Free: 26393K (59%)
ptolemy.util.test.WatchDog.cancel(): canceling Fri Dec 13 06:24:01 UTC 2019
auto.tcl: Setting watchdog for 200 seconds at Fri Dec 13 06:24:01 UTC 2019
4 ms. Memory: 45056K Free: 25404K (56%)
ptolemy.util.test.WatchDog.cancel(): canceling Fri Dec 13 06:24:01 UTC 2019
------------------ testing $PTII/ptolemy/domains/de/test/auto/CausalityInterface15.xml
auto.tcl: Setting watchdog for 200 seconds at Fri Dec 13 06:24:01 UTC 2019
13 ms. Memory: 45056K Free: 26538K (59%)
ptolemy.util.test.WatchDog.cancel(): canceling Fri Dec 13 06:24:01 UTC 2019
auto.tcl: Setting watchdog for 200 seconds at Fri Dec 13 06:24:01 UTC 2019
4 ms. Memory: 45056K Free: 25376K (56%)
ptolemy.util.test.WatchDog.cancel(): canceling Fri Dec 13 06:24:01 UTC 2019
------------------ testing $PTII/ptolemy/domains/de/test/auto/CausalityInterface2.xml
auto.tcl: Setting watchdog for 200 seconds at Fri Dec 13 06:24:01 UTC 2019
4 ms. Memory: 45056K Free: 27089K (60%)
ptolemy.util.test.WatchDog.cancel(): canceling Fri Dec 13 06:24:01 UTC 2019
auto.tcl: Setting watchdog for 200 seconds at Fri Dec 13 06:24:01 UTC 2019
4 ms. Memory: 45056K Free: 25991K (58%)
ptolemy.util.test.WatchDog.cancel(): canceling Fri Dec 13 06:24:01 UTC 2019
------------------ testing $PTII/ptolemy/domains/de/test/auto/CausalityInterface3.xml
auto.tcl: Setting watchdog for 200 seconds at Fri Dec 13 06:24:01 UTC 2019
6 ms. Memory: 45056K Free: 26564K (59%)
ptolemy.util.test.WatchDog.cancel(): canceling Fri Dec 13 06:24:01 UTC 2019
auto.tcl: Setting watchdog for 200 seconds at Fri Dec 13 06:24:01 UTC 2019
3 ms. Memory: 45056K Free: 25767K (57%)
ptolemy.util.test.WatchDog.cancel(): canceling Fri Dec 13 06:24:01 UTC 2019
------------------ testing $PTII/ptolemy/domains/de/test/auto/ClockDrift.xml
auto.tcl: Setting watchdog for 200 seconds at Fri Dec 13 06:24:01 UTC 2019
90 ms. Memory: 45056K Free: 18708K (42%)
ptolemy.util.test.WatchDog.cancel(): canceling Fri Dec 13 06:24:01 UTC 2019
auto.tcl: Setting watchdog for 200 seconds at Fri Dec 13 06:24:01 UTC 2019
49 ms. Memory: 45056K Free: 15749K (35%)
ptolemy.util.test.WatchDog.cancel(): canceling Fri Dec 13 06:24:01 UTC 2019
------------------ testing $PTII/ptolemy/domains/de/test/auto/ClockDriftAndValueChange.xml
auto.tcl: Setting watchdog for 200 seconds at Fri Dec 13 06:24:01 UTC 2019
32 ms. Memory: 45056K Free: 19579K (43%)
ptolemy.util.test.WatchDog.cancel(): canceling Fri Dec 13 06:24:01 UTC 2019
auto.tcl: Setting watchdog for 200 seconds at Fri Dec 13 06:24:01 UTC 2019
44 ms. Memory: 45056K Free: 16386K (36%)
ptolemy.util.test.WatchDog.cancel(): canceling Fri Dec 13 06:24:02 UTC 2019
------------------ testing $PTII/ptolemy/domains/de/test/auto/ClockDriftChange.xml
auto.tcl: Setting watchdog for 200 seconds at Fri Dec 13 06:24:02 UTC 2019
23 ms. Memory: 45056K Free: 21276K (47%)
ptolemy.util.test.WatchDog.cancel(): canceling Fri Dec 13 06:24:02 UTC 2019
auto.tcl: Setting watchdog for 200 seconds at Fri Dec 13 06:24:02 UTC 2019
19 ms. Memory: 45056K Free: 18723K (42%)
ptolemy.util.test.WatchDog.cancel(): canceling Fri Dec 13 06:24:02 UTC 2019
------------------ testing $PTII/ptolemy/domains/de/test/auto/ComposableCausalityAnalysis.xml
auto.tcl: Setting watchdog for 200 seconds at Fri Dec 13 06:24:02 UTC 2019
2 ms. Memory: 45056K Free: 25932K (58%)
ptolemy.util.test.WatchDog.cancel(): canceling Fri Dec 13 06:24:02 UTC 2019
auto.tcl: Setting watchdog for 200 seconds at Fri Dec 13 06:24:02 UTC 2019
5 ms. Memory: 45056K Free: 24879K (55%)
ptolemy.util.test.WatchDog.cancel(): canceling Fri Dec 13 06:24:02 UTC 2019
------------------ testing $PTII/ptolemy/domains/de/test/auto/DEFixedPointLimitation.xml
auto.tcl: Setting watchdog for 200 seconds at Fri Dec 13 06:24:02 UTC 2019
2 ms. Memory: 45056K Free: 27266K (61%)
ptolemy.util.test.WatchDog.cancel(): canceling Fri Dec 13 06:24:02 UTC 2019
auto.tcl: Setting watchdog for 200 seconds at Fri Dec 13 06:24:02 UTC 2019
2 ms. Memory: 45056K Free: 26359K (59%)
ptolemy.util.test.WatchDog.cancel(): canceling Fri Dec 13 06:24:02 UTC 2019
------------------ testing $PTII/ptolemy/domains/de/test/auto/DEScheduleTest.xml
auto.tcl: Setting watchdog for 200 seconds at Fri Dec 13 06:24:02 UTC 2019
3 ms. Memory: 45056K Free: 27559K (61%)
ptolemy.util.test.WatchDog.cancel(): canceling Fri Dec 13 06:24:02 UTC 2019
auto.tcl: Setting watchdog for 200 seconds at Fri Dec 13 06:24:02 UTC 2019
2 ms. Memory: 45056K Free: 26805K (59%)
ptolemy.util.test.WatchDog.cancel(): canceling Fri Dec 13 06:24:02 UTC 2019
------------------ testing $PTII/ptolemy/domains/de/test/auto/DEinDEwithStartTimes.xml
auto.tcl: Setting watchdog for 200 seconds at Fri Dec 13 06:24:02 UTC 2019
5 ms. Memory: 45056K Free: 25698K (57%)
ptolemy.util.test.WatchDog.cancel(): canceling Fri Dec 13 06:24:02 UTC 2019
auto.tcl: Setting watchdog for 200 seconds at Fri Dec 13 06:24:02 UTC 2019
3 ms. Memory: 45056K Free: 24674K (55%)
ptolemy.util.test.WatchDog.cancel(): canceling Fri Dec 13 06:24:02 UTC 2019
------------------ testing $PTII/ptolemy/domains/de/test/auto/DEinDEwithStartTimes2.xml
auto.tcl: Setting watchdog for 200 seconds at Fri Dec 13 06:24:02 UTC 2019
7 ms. Memory: 45056K Free: 24937K (55%)
ptolemy.util.test.WatchDog.cancel(): canceling Fri Dec 13 06:24:02 UTC 2019
auto.tcl: Setting watchdog for 200 seconds at Fri Dec 13 06:24:02 UTC 2019
9 ms. Memory: 45056K Free: 23629K (52%)
ptolemy.util.test.WatchDog.cancel(): canceling Fri Dec 13 06:24:02 UTC 2019
------------------ testing $PTII/ptolemy/domains/de/test/auto/DateDemo.xml
auto.tcl: Setting watchdog for 200 seconds at Fri Dec 13 06:24:02 UTC 2019
22 ms. Memory: 45056K Free: 19801K (44%)
ptolemy.util.test.WatchDog.cancel(): canceling Fri Dec 13 06:24:02 UTC 2019
auto.tcl: Setting watchdog for 200 seconds at Fri Dec 13 06:24:02 UTC 2019
7 ms. Memory: 45056K Free: 18092K (40%)
ptolemy.util.test.WatchDog.cancel(): canceling Fri Dec 13 06:24:02 UTC 2019
------------------ testing $PTII/ptolemy/domains/de/test/auto/DateToEvent.xml
auto.tcl: Setting watchdog for 200 seconds at Fri Dec 13 06:24:02 UTC 2019
2011 ms. Memory: 45056K Free: 15191K (34%)
ptolemy.util.test.WatchDog.cancel(): canceling Fri Dec 13 06:24:04 UTC 2019
auto.tcl: Setting watchdog for 200 seconds at Fri Dec 13 06:24:04 UTC 2019
2004 ms. Memory: 45056K Free: 14459K (32%)
ptolemy.util.test.WatchDog.cancel(): canceling Fri Dec 13 06:24:06 UTC 2019
------------------ testing $PTII/ptolemy/domains/de/test/auto/DepthTest1.xml
auto.tcl: Setting watchdog for 200 seconds at Fri Dec 13 06:24:06 UTC 2019
3 ms. Memory: 45056K Free: 28486K (63%)
ptolemy.util.test.WatchDog.cancel(): canceling Fri Dec 13 06:24:06 UTC 2019
auto.tcl: Setting watchdog for 200 seconds at Fri Dec 13 06:24:06 UTC 2019
1 ms. Memory: 45056K Free: 27975K (62%)
ptolemy.util.test.WatchDog.cancel(): canceling Fri Dec 13 06:24:06 UTC 2019
------------------ testing $PTII/ptolemy/domains/de/test/auto/DepthTest2.xml
auto.tcl: Setting watchdog for 200 seconds at Fri Dec 13 06:24:06 UTC 2019
3 ms. Memory: 45056K Free: 25166K (56%)
ptolemy.util.test.WatchDog.cancel(): canceling Fri Dec 13 06:24:06 UTC 2019
auto.tcl: Setting watchdog for 200 seconds at Fri Dec 13 06:24:06 UTC 2019
2 ms. Memory: 45056K Free: 24665K (55%)
ptolemy.util.test.WatchDog.cancel(): canceling Fri Dec 13 06:24:06 UTC 2019
------------------ testing $PTII/ptolemy/domains/de/test/auto/DepthTest3.xml
auto.tcl: Setting watchdog for 200 seconds at Fri Dec 13 06:24:06 UTC 2019
2 ms. Memory: 45056K Free: 28667K (64%)
ptolemy.util.test.WatchDog.cancel(): canceling Fri Dec 13 06:24:07 UTC 2019
auto.tcl: Setting watchdog for 200 seconds at Fri Dec 13 06:24:07 UTC 2019
1 ms. Memory: 45056K Free: 28250K (63%)
ptolemy.util.test.WatchDog.cancel(): canceling Fri Dec 13 06:24:07 UTC 2019
------------------ testing $PTII/ptolemy/domains/de/test/auto/DepthTest4.xml
auto.tcl: Setting watchdog for 200 seconds at Fri Dec 13 06:24:07 UTC 2019
3 ms. Memory: 45056K Free: 27024K (60%)
ptolemy.util.test.WatchDog.cancel(): canceling Fri Dec 13 06:24:07 UTC 2019
auto.tcl: Setting watchdog for 200 seconds at Fri Dec 13 06:24:07 UTC 2019
2 ms. Memory: 45056K Free: 26324K (58%)
ptolemy.util.test.WatchDog.cancel(): canceling Fri Dec 13 06:24:07 UTC 2019
------------------ testing $PTII/ptolemy/domains/de/test/auto/DepthTest5.xml
auto.tcl: Setting watchdog for 200 seconds at Fri Dec 13 06:24:07 UTC 2019
3 ms. Memory: 45056K Free: 26425K (59%)
ptolemy.util.test.WatchDog.cancel(): canceling Fri Dec 13 06:24:07 UTC 2019
auto.tcl: Setting watchdog for 200 seconds at Fri Dec 13 06:24:07 UTC 2019
2 ms. Memory: 45056K Free: 25655K (57%)
ptolemy.util.test.WatchDog.cancel(): canceling Fri Dec 13 06:24:07 UTC 2019
------------------ testing $PTII/ptolemy/domains/de/test/auto/DepthTest6.xml
auto.tcl: Setting watchdog for 200 seconds at Fri Dec 13 06:24:07 UTC 2019
4 ms. Memory: 45056K Free: 26131K (58%)
ptolemy.util.test.WatchDog.cancel(): canceling Fri Dec 13 06:24:07 UTC 2019
auto.tcl: Setting watchdog for 200 seconds at Fri Dec 13 06:24:07 UTC 2019
2 ms. Memory: 45056K Free: 25754K (57%)
ptolemy.util.test.WatchDog.cancel(): canceling Fri Dec 13 06:24:07 UTC 2019
------------------ testing $PTII/ptolemy/domains/de/test/auto/DepthTest7.xml
auto.tcl: Setting watchdog for 200 seconds at Fri Dec 13 06:24:07 UTC 2019
3 ms. Memory: 45056K Free: 26626K (59%)
ptolemy.util.test.WatchDog.cancel(): canceling Fri Dec 13 06:24:07 UTC 2019
auto.tcl: Setting watchdog for 200 seconds at Fri Dec 13 06:24:07 UTC 2019
2 ms. Memory: 45056K Free: 26248K (58%)
ptolemy.util.test.WatchDog.cancel(): canceling Fri Dec 13 06:24:07 UTC 2019
------------------ testing $PTII/ptolemy/domains/de/test/auto/EventToDate.xml
auto.tcl: Setting watchdog for 200 seconds at Fri Dec 13 06:24:07 UTC 2019
3005 ms. Memory: 45056K Free: 17763K (39%)
ptolemy.util.test.WatchDog.cancel(): canceling Fri Dec 13 06:24:10 UTC 2019
auto.tcl: Setting watchdog for 200 seconds at Fri Dec 13 06:24:10 UTC 2019
3003 ms. Memory: 45056K Free: 17431K (39%)
ptolemy.util.test.WatchDog.cancel(): canceling Fri Dec 13 06:24:13 UTC 2019
------------------ testing $PTII/ptolemy/domains/de/test/auto/FSM1.xml
auto.tcl: Setting watchdog for 200 seconds at Fri Dec 13 06:24:13 UTC 2019
42 ms. Memory: 45056K Free: 18944K (42%)
ptolemy.util.test.WatchDog.cancel(): canceling Fri Dec 13 06:24:13 UTC 2019
auto.tcl: Setting watchdog for 200 seconds at Fri Dec 13 06:24:13 UTC 2019
17 ms. Memory: 45056K Free: 15711K (35%)
ptolemy.util.test.WatchDog.cancel(): canceling Fri Dec 13 06:24:13 UTC 2019
------------------ testing $PTII/ptolemy/domains/de/test/auto/FSM7.xml
auto.tcl: Setting watchdog for 200 seconds at Fri Dec 13 06:24:13 UTC 2019
25 ms. Memory: 45056K Free: 18858K (42%)
ptolemy.util.test.WatchDog.cancel(): canceling Fri Dec 13 06:24:13 UTC 2019
auto.tcl: Setting watchdog for 200 seconds at Fri Dec 13 06:24:13 UTC 2019
21 ms. Memory: 45056K Free: 15902K (35%)
ptolemy.util.test.WatchDog.cancel(): canceling Fri Dec 13 06:24:13 UTC 2019
------------------ testing $PTII/ptolemy/domains/de/test/auto/Inspection.xml
auto.tcl: Setting watchdog for 200 seconds at Fri Dec 13 06:24:13 UTC 2019
34 ms. Memory: 45056K Free: 18681K (41%)
ptolemy.util.test.WatchDog.cancel(): canceling Fri Dec 13 06:24:13 UTC 2019
auto.tcl: Setting watchdog for 200 seconds at Fri Dec 13 06:24:13 UTC 2019
28 ms. Memory: 45056K Free: 16947K (38%)
ptolemy.util.test.WatchDog.cancel(): canceling Fri Dec 13 06:24:13 UTC 2019
------------------ testing $PTII/ptolemy/domains/de/test/auto/Iteration.xml
auto.tcl: Setting watchdog for 200 seconds at Fri Dec 13 06:24:13 UTC 2019
8 ms. Memory: 45056K Free: 24394K (54%)
ptolemy.util.test.WatchDog.cancel(): canceling Fri Dec 13 06:24:13 UTC 2019
auto.tcl: Setting watchdog for 200 seconds at Fri Dec 13 06:24:13 UTC 2019
7 ms. Memory: 45056K Free: 23370K (52%)
ptolemy.util.test.WatchDog.cancel(): canceling Fri Dec 13 06:24:13 UTC 2019
------------------ testing $PTII/ptolemy/domains/de/test/auto/LineFault.xml
auto.tcl: Setting watchdog for 200 seconds at Fri Dec 13 06:24:13 UTC 2019
729 ms. Memory: 54272K Free: 15701K (29%)
ptolemy.util.test.WatchDog.cancel(): canceling Fri Dec 13 06:24:14 UTC 2019
auto.tcl: Setting watchdog for 200 seconds at Fri Dec 13 06:24:14 UTC 2019
601 ms. Memory: 54272K Free: 12246K (23%)
ptolemy.util.test.WatchDog.cancel(): canceling Fri Dec 13 06:24:15 UTC 2019
------------------ testing $PTII/ptolemy/domains/de/test/auto/MergeModel1Add.xml
auto.tcl: Setting watchdog for 200 seconds at Fri Dec 13 06:24:15 UTC 2019
16 ms. Memory: 51200K Free: 16216K (32%)
ptolemy.util.test.WatchDog.cancel(): canceling Fri Dec 13 06:24:15 UTC 2019
auto.tcl: Setting watchdog for 200 seconds at Fri Dec 13 06:24:15 UTC 2019
15 ms. Memory: 51200K Free: 14877K (29%)
ptolemy.util.test.WatchDog.cancel(): canceling Fri Dec 13 06:24:15 UTC 2019
------------------ testing $PTII/ptolemy/domains/de/test/auto/MergeModel2Add.xml
auto.tcl: Setting watchdog for 200 seconds at Fri Dec 13 06:24:15 UTC 2019
12 ms. Memory: 48128K Free: 16025K (33%)
ptolemy.util.test.WatchDog.cancel(): canceling Fri Dec 13 06:24:15 UTC 2019
auto.tcl: Setting watchdog for 200 seconds at Fri Dec 13 06:24:15 UTC 2019
11 ms. Memory: 48128K Free: 14567K (30%)
ptolemy.util.test.WatchDog.cancel(): canceling Fri Dec 13 06:24:15 UTC 2019
------------------ testing $PTII/ptolemy/domains/de/test/auto/MergeModel3Add.xml
auto.tcl: Setting watchdog for 200 seconds at Fri Dec 13 06:24:15 UTC 2019
10 ms. Memory: 48128K Free: 16272K (34%)
ptolemy.util.test.WatchDog.cancel(): canceling Fri Dec 13 06:24:15 UTC 2019
auto.tcl: Setting watchdog for 200 seconds at Fri Dec 13 06:24:15 UTC 2019
10 ms. Memory: 48128K Free: 14567K (30%)
ptolemy.util.test.WatchDog.cancel(): canceling Fri Dec 13 06:24:15 UTC 2019
------------------ testing $PTII/ptolemy/domains/de/test/auto/MergeWithoutDiscard.xml
auto.tcl: Setting watchdog for 200 seconds at Fri Dec 13 06:24:16 UTC 2019
1 ms. Memory: 48128K Free: 30392K (63%)
ptolemy.util.test.WatchDog.cancel(): canceling Fri Dec 13 06:24:16 UTC 2019
auto.tcl: Setting watchdog for 200 seconds at Fri Dec 13 06:24:16 UTC 2019
1 ms. Memory: 48128K Free: 29473K (61%)
ptolemy.util.test.WatchDog.cancel(): canceling Fri Dec 13 06:24:16 UTC 2019
------------------ testing $PTII/ptolemy/domains/de/test/auto/Modal1.xml
auto.tcl: Setting watchdog for 200 seconds at Fri Dec 13 06:24:16 UTC 2019
16 ms. Memory: 48128K Free: 22486K (47%)
ptolemy.util.test.WatchDog.cancel(): canceling Fri Dec 13 06:24:16 UTC 2019
auto.tcl: Setting watchdog for 200 seconds at Fri Dec 13 06:24:16 UTC 2019
20 ms. Memory: 48128K Free: 18966K (39%)
ptolemy.util.test.WatchDog.cancel(): canceling Fri Dec 13 06:24:16 UTC 2019
------------------ testing $PTII/ptolemy/domains/de/test/auto/Modal2.xml
auto.tcl: Setting watchdog for 200 seconds at Fri Dec 13 06:24:16 UTC 2019
19 ms. Memory: 48128K Free: 22105K (46%)
ptolemy.util.test.WatchDog.cancel(): canceling Fri Dec 13 06:24:16 UTC 2019
auto.tcl: Setting watchdog for 200 seconds at Fri Dec 13 06:24:16 UTC 2019
14 ms. Memory: 48128K Free: 18843K (39%)
ptolemy.util.test.WatchDog.cancel(): canceling Fri Dec 13 06:24:16 UTC 2019
------------------ testing $PTII/ptolemy/domains/de/test/auto/Modal3.xml
auto.tcl: Setting watchdog for 200 seconds at Fri Dec 13 06:24:16 UTC 2019
12 ms. Memory: 48128K Free: 21848K (45%)
ptolemy.util.test.WatchDog.cancel(): canceling Fri Dec 13 06:24:16 UTC 2019
auto.tcl: Setting watchdog for 200 seconds at Fri Dec 13 06:24:16 UTC 2019
13 ms. Memory: 48128K Free: 18857K (39%)
ptolemy.util.test.WatchDog.cancel(): canceling Fri Dec 13 06:24:16 UTC 2019
------------------ testing $PTII/ptolemy/domains/de/test/auto/Modal4.xml
auto.tcl: Setting watchdog for 200 seconds at Fri Dec 13 06:24:16 UTC 2019
15 ms. Memory: 48128K Free: 21063K (44%)
ptolemy.util.test.WatchDog.cancel(): canceling Fri Dec 13 06:24:16 UTC 2019
auto.tcl: Setting watchdog for 200 seconds at Fri Dec 13 06:24:16 UTC 2019
16 ms. Memory: 48128K Free: 17408K (36%)
ptolemy.util.test.WatchDog.cancel(): canceling Fri Dec 13 06:24:16 UTC 2019
------------------ testing $PTII/ptolemy/domains/de/test/auto/Modal5.xml
auto.tcl: Setting watchdog for 200 seconds at Fri Dec 13 06:24:16 UTC 2019
14 ms. Memory: 48128K Free: 21064K (44%)
ptolemy.util.test.WatchDog.cancel(): canceling Fri Dec 13 06:24:16 UTC 2019
auto.tcl: Setting watchdog for 200 seconds at Fri Dec 13 06:24:16 UTC 2019
13 ms. Memory: 48128K Free: 17416K (36%)
ptolemy.util.test.WatchDog.cancel(): canceling Fri Dec 13 06:24:16 UTC 2019
------------------ testing $PTII/ptolemy/domains/de/test/auto/Modal6.xml
auto.tcl: Setting watchdog for 200 seconds at Fri Dec 13 06:24:16 UTC 2019
11 ms. Memory: 48128K Free: 21814K (45%)
ptolemy.util.test.WatchDog.cancel(): canceling Fri Dec 13 06:24:16 UTC 2019
auto.tcl: Setting watchdog for 200 seconds at Fri Dec 13 06:24:16 UTC 2019
14 ms. Memory: 48128K Free: 18246K (38%)
ptolemy.util.test.WatchDog.cancel(): canceling Fri Dec 13 06:24:16 UTC 2019
------------------ testing $PTII/ptolemy/domains/de/test/auto/Modal7.xml
auto.tcl: Setting watchdog for 200 seconds at Fri Dec 13 06:24:16 UTC 2019
14 ms. Memory: 48128K Free: 20785K (43%)
ptolemy.util.test.WatchDog.cancel(): canceling Fri Dec 13 06:24:16 UTC 2019
auto.tcl: Setting watchdog for 200 seconds at Fri Dec 13 06:24:16 UTC 2019
10 ms. Memory: 48128K Free: 17225K (36%)
ptolemy.util.test.WatchDog.cancel(): canceling Fri Dec 13 06:24:16 UTC 2019
------------------ testing $PTII/ptolemy/domains/de/test/auto/ModalModel.xml
auto.tcl: Setting watchdog for 200 seconds at Fri Dec 13 06:24:16 UTC 2019
203 ms. Memory: 59392K Free: 30288K (51%)
ptolemy.util.test.WatchDog.cancel(): canceling Fri Dec 13 06:24:17 UTC 2019
auto.tcl: Setting watchdog for 200 seconds at Fri Dec 13 06:24:17 UTC 2019
190 ms. Memory: 59392K Free: 34345K (58%)
ptolemy.util.test.WatchDog.cancel(): canceling Fri Dec 13 06:24:17 UTC 2019
------------------ testing $PTII/ptolemy/domains/de/test/auto/ModalSource.xml
auto.tcl: Setting watchdog for 200 seconds at Fri Dec 13 06:24:17 UTC 2019
7 ms. Memory: 48128K Free: 25898K (54%)
ptolemy.util.test.WatchDog.cancel(): canceling Fri Dec 13 06:24:17 UTC 2019
auto.tcl: Setting watchdog for 200 seconds at Fri Dec 13 06:24:17 UTC 2019
6 ms. Memory: 48128K Free: 23850K (50%)
ptolemy.util.test.WatchDog.cancel(): canceling Fri Dec 13 06:24:17 UTC 2019
------------------ testing $PTII/ptolemy/domains/de/test/auto/NonInterruptibleTimerZeroDelay.xml
auto.tcl: Setting watchdog for 200 seconds at Fri Dec 13 06:24:17 UTC 2019
3 ms. Memory: 48128K Free: 30812K (64%)
ptolemy.util.test.WatchDog.cancel(): canceling Fri Dec 13 06:24:17 UTC 2019
auto.tcl: Setting watchdog for 200 seconds at Fri Dec 13 06:24:17 UTC 2019
2 ms. Memory: 48128K Free: 30158K (63%)
ptolemy.util.test.WatchDog.cancel(): canceling Fri Dec 13 06:24:17 UTC 2019
------------------ testing $PTII/ptolemy/domains/de/test/auto/OpenQueueingNetwork.xml
auto.tcl: Setting watchdog for 200 seconds at Fri Dec 13 06:24:17 UTC 2019
2883 ms. Memory: 112640K Free: 83120K (74%)
ptolemy.util.test.WatchDog.cancel(): canceling Fri Dec 13 06:24:20 UTC 2019
auto.tcl: Setting watchdog for 200 seconds at Fri Dec 13 06:24:20 UTC 2019
2090 ms. Memory: 135168K Free: 55986K (41%)
ptolemy.util.test.WatchDog.cancel(): canceling Fri Dec 13 06:24:22 UTC 2019
------------------ testing $PTII/ptolemy/domains/de/test/auto/OpenQueuingNetwork.xml
auto.tcl: Setting watchdog for 200 seconds at Fri Dec 13 06:24:22 UTC 2019
259 ms. Memory: 55296K Free: 24949K (45%)
ptolemy.util.test.WatchDog.cancel(): canceling Fri Dec 13 06:24:22 UTC 2019
auto.tcl: Setting watchdog for 200 seconds at Fri Dec 13 06:24:22 UTC 2019
263 ms. Memory: 55296K Free: 34542K (62%)
ptolemy.util.test.WatchDog.cancel(): canceling Fri Dec 13 06:24:23 UTC 2019
------------------ testing $PTII/ptolemy/domains/de/test/auto/PeriodicSampler.xml
auto.tcl: Setting watchdog for 200 seconds at Fri Dec 13 06:24:23 UTC 2019
3 ms. Memory: 48128K Free: 30029K (62%)
ptolemy.util.test.WatchDog.cancel(): canceling Fri Dec 13 06:24:23 UTC 2019
auto.tcl: Setting watchdog for 200 seconds at Fri Dec 13 06:24:23 UTC 2019
2 ms. Memory: 48128K Free: 29538K (61%)
ptolemy.util.test.WatchDog.cancel(): canceling Fri Dec 13 06:24:23 UTC 2019
------------------ testing $PTII/ptolemy/domains/de/test/auto/PersistentIO.xml
auto.tcl: Setting watchdog for 200 seconds at Fri Dec 13 06:24:23 UTC 2019
11 ms. Memory: 48128K Free: 24954K (52%)
ptolemy.util.test.WatchDog.cancel(): canceling Fri Dec 13 06:24:23 UTC 2019
auto.tcl: Setting watchdog for 200 seconds at Fri Dec 13 06:24:23 UTC 2019
4 ms. Memory: 48128K Free: 23486K (49%)
ptolemy.util.test.WatchDog.cancel(): canceling Fri Dec 13 06:24:23 UTC 2019
------------------ testing $PTII/ptolemy/domains/de/test/auto/PortParameterResetOnInitialize.xml
auto.tcl: Setting watchdog for 200 seconds at Fri Dec 13 06:24:23 UTC 2019
2 ms. Memory: 48128K Free: 29950K (62%)
ptolemy.util.test.WatchDog.cancel(): canceling Fri Dec 13 06:24:23 UTC 2019
auto.tcl: Setting watchdog for 200 seconds at Fri Dec 13 06:24:23 UTC 2019
2 ms. Memory: 48128K Free: 29457K (61%)
ptolemy.util.test.WatchDog.cancel(): canceling Fri Dec 13 06:24:23 UTC 2019
------------------ testing $PTII/ptolemy/domains/de/test/auto/PortParameterUpdates.xml
auto.tcl: Setting watchdog for 200 seconds at Fri Dec 13 06:24:23 UTC 2019
4 ms. Memory: 48128K Free: 28282K (59%)
ptolemy.util.test.WatchDog.cancel(): canceling Fri Dec 13 06:24:23 UTC 2019
auto.tcl: Setting watchdog for 200 seconds at Fri Dec 13 06:24:23 UTC 2019
4 ms. Memory: 48128K Free: 27037K (56%)
ptolemy.util.test.WatchDog.cancel(): canceling Fri Dec 13 06:24:23 UTC 2019
------------------ testing $PTII/ptolemy/domains/de/test/auto/QueueAndServer.xml
auto.tcl: Setting watchdog for 200 seconds at Fri Dec 13 06:24:23 UTC 2019
16 ms. Memory: 48128K Free: 26977K (56%)
ptolemy.util.test.WatchDog.cancel(): canceling Fri Dec 13 06:24:23 UTC 2019
auto.tcl: Setting watchdog for 200 seconds at Fri Dec 13 06:24:23 UTC 2019
9 ms. Memory: 48128K Free: 25522K (53%)
ptolemy.util.test.WatchDog.cancel(): canceling Fri Dec 13 06:24:23 UTC 2019
------------------ testing $PTII/ptolemy/domains/de/test/auto/Records.xml
auto.tcl: Setting watchdog for 200 seconds at Fri Dec 13 06:24:23 UTC 2019
2 ms. Memory: 48128K Free: 29205K (61%)
ptolemy.util.test.WatchDog.cancel(): canceling Fri Dec 13 06:24:23 UTC 2019
auto.tcl: Setting watchdog for 200 seconds at Fri Dec 13 06:24:23 UTC 2019
1 ms. Memory: 48128K Free: 28712K (60%)
ptolemy.util.test.WatchDog.cancel(): canceling Fri Dec 13 06:24:23 UTC 2019
------------------ testing $PTII/ptolemy/domains/de/test/auto/ResetTransitionWithStartTime1.xml
auto.tcl: Setting watchdog for 200 seconds at Fri Dec 13 06:24:23 UTC 2019
13 ms. Memory: 48128K Free: 26439K (55%)
ptolemy.util.test.WatchDog.cancel(): canceling Fri Dec 13 06:24:23 UTC 2019
auto.tcl: Setting watchdog for 200 seconds at Fri Dec 13 06:24:23 UTC 2019
6 ms. Memory: 48128K Free: 23885K (50%)
ptolemy.util.test.WatchDog.cancel(): canceling Fri Dec 13 06:24:23 UTC 2019
------------------ testing $PTII/ptolemy/domains/de/test/auto/ResetTransitionWithStartTime2.xml
auto.tcl: Setting watchdog for 200 seconds at Fri Dec 13 06:24:23 UTC 2019
7 ms. Memory: 48128K Free: 26394K (55%)
ptolemy.util.test.WatchDog.cancel(): canceling Fri Dec 13 06:24:23 UTC 2019
auto.tcl: Setting watchdog for 200 seconds at Fri Dec 13 06:24:23 UTC 2019
10 ms. Memory: 48128K Free: 23873K (50%)
ptolemy.util.test.WatchDog.cancel(): canceling Fri Dec 13 06:24:23 UTC 2019
------------------ testing $PTII/ptolemy/domains/de/test/auto/ResetTransitionWithStartTime3.xml
auto.tcl: Setting watchdog for 200 seconds at Fri Dec 13 06:24:23 UTC 2019
10 ms. Memory: 48128K Free: 26393K (55%)
ptolemy.util.test.WatchDog.cancel(): canceling Fri Dec 13 06:24:24 UTC 2019
auto.tcl: Setting watchdog for 200 seconds at Fri Dec 13 06:24:24 UTC 2019
7 ms. Memory: 48128K Free: 24345K (51%)
ptolemy.util.test.WatchDog.cancel(): canceling Fri Dec 13 06:24:24 UTC 2019
------------------ testing $PTII/ptolemy/domains/de/test/auto/ResetTransitionWithStartTime4.xml
auto.tcl: Setting watchdog for 200 seconds at Fri Dec 13 06:24:24 UTC 2019
10 ms. Memory: 48128K Free: 27109K (56%)
ptolemy.util.test.WatchDog.cancel(): canceling Fri Dec 13 06:24:24 UTC 2019
auto.tcl: Setting watchdog for 200 seconds at Fri Dec 13 06:24:24 UTC 2019
4 ms. Memory: 48128K Free: 25455K (53%)
ptolemy.util.test.WatchDog.cancel(): canceling Fri Dec 13 06:24:24 UTC 2019
------------------ testing $PTII/ptolemy/domains/de/test/auto/ResettableTimer1.xml
auto.tcl: Setting watchdog for 200 seconds at Fri Dec 13 06:24:24 UTC 2019
3 ms. Memory: 48128K Free: 30576K (64%)
ptolemy.util.test.WatchDog.cancel(): canceling Fri Dec 13 06:24:24 UTC 2019
auto.tcl: Setting watchdog for 200 seconds at Fri Dec 13 06:24:24 UTC 2019
2 ms. Memory: 48128K Free: 29979K (62%)
ptolemy.util.test.WatchDog.cancel(): canceling Fri Dec 13 06:24:24 UTC 2019
------------------ testing $PTII/ptolemy/domains/de/test/auto/ResettableTimer2.xml
auto.tcl: Setting watchdog for 200 seconds at Fri Dec 13 06:24:24 UTC 2019
6 ms. Memory: 48128K Free: 30664K (64%)
ptolemy.util.test.WatchDog.cancel(): canceling Fri Dec 13 06:24:24 UTC 2019
auto.tcl: Setting watchdog for 200 seconds at Fri Dec 13 06:24:24 UTC 2019
4 ms. Memory: 48128K Free: 30036K (62%)
ptolemy.util.test.WatchDog.cancel(): canceling Fri Dec 13 06:24:24 UTC 2019
------------------ testing $PTII/ptolemy/domains/de/test/auto/ResettableTimer3.xml
auto.tcl: Setting watchdog for 200 seconds at Fri Dec 13 06:24:24 UTC 2019
1 ms. Memory: 48128K Free: 31036K (64%)
ptolemy.util.test.WatchDog.cancel(): canceling Fri Dec 13 06:24:24 UTC 2019
auto.tcl: Setting watchdog for 200 seconds at Fri Dec 13 06:24:24 UTC 2019
1 ms. Memory: 48128K Free: 30526K (63%)
ptolemy.util.test.WatchDog.cancel(): canceling Fri Dec 13 06:24:24 UTC 2019
------------------ testing $PTII/ptolemy/domains/de/test/auto/ResettableTimer4.xml
auto.tcl: Setting watchdog for 200 seconds at Fri Dec 13 06:24:24 UTC 2019
1 ms. Memory: 48128K Free: 30574K (64%)
ptolemy.util.test.WatchDog.cancel(): canceling Fri Dec 13 06:24:24 UTC 2019
auto.tcl: Setting watchdog for 200 seconds at Fri Dec 13 06:24:24 UTC 2019
1 ms. Memory: 48128K Free: 30063K (62%)
ptolemy.util.test.WatchDog.cancel(): canceling Fri Dec 13 06:24:24 UTC 2019
------------------ testing $PTII/ptolemy/domains/de/test/auto/ResettableTimer5.xml
auto.tcl: Setting watchdog for 200 seconds at Fri Dec 13 06:24:24 UTC 2019
1 ms. Memory: 48128K Free: 30551K (63%)
ptolemy.util.test.WatchDog.cancel(): canceling Fri Dec 13 06:24:24 UTC 2019
auto.tcl: Setting watchdog for 200 seconds at Fri Dec 13 06:24:24 UTC 2019
1 ms. Memory: 48128K Free: 30061K (62%)
ptolemy.util.test.WatchDog.cancel(): canceling Fri Dec 13 06:24:24 UTC 2019
------------------ testing $PTII/ptolemy/domains/de/test/auto/ResettableTimer6.xml
auto.tcl: Setting watchdog for 200 seconds at Fri Dec 13 06:24:24 UTC 2019
2 ms. Memory: 48128K Free: 30014K (62%)
ptolemy.util.test.WatchDog.cancel(): canceling Fri Dec 13 06:24:24 UTC 2019
auto.tcl: Setting watchdog for 200 seconds at Fri Dec 13 06:24:24 UTC 2019
1 ms. Memory: 48128K Free: 29516K (61%)
ptolemy.util.test.WatchDog.cancel(): canceling Fri Dec 13 06:24:24 UTC 2019
------------------ testing $PTII/ptolemy/domains/de/test/auto/ServerZeroDelay.xml
auto.tcl: Setting watchdog for 200 seconds at Fri Dec 13 06:24:24 UTC 2019
5 ms. Memory: 48128K Free: 30519K (63%)
ptolemy.util.test.WatchDog.cancel(): canceling Fri Dec 13 06:24:24 UTC 2019
auto.tcl: Setting watchdog for 200 seconds at Fri Dec 13 06:24:24 UTC 2019
3 ms. Memory: 48128K Free: 29539K (61%)
ptolemy.util.test.WatchDog.cancel(): canceling Fri Dec 13 06:24:24 UTC 2019
------------------ testing $PTII/ptolemy/domains/de/test/auto/SmartSender.xml
auto.tcl: Setting watchdog for 200 seconds at Fri Dec 13 06:24:24 UTC 2019
3001 ms. Memory: 48128K Free: 30528K (63%)
ptolemy.util.test.WatchDog.cancel(): canceling Fri Dec 13 06:24:27 UTC 2019
auto.tcl: Setting watchdog for 200 seconds at Fri Dec 13 06:24:27 UTC 2019
3002 ms. Memory: 48128K Free: 30008K (62%)
ptolemy.util.test.WatchDog.cancel(): canceling Fri Dec 13 06:24:30 UTC 2019
------------------ testing $PTII/ptolemy/domains/de/test/auto/ThreadedComposite.xml
auto.tcl: Setting watchdog for 200 seconds at Fri Dec 13 06:24:30 UTC 2019
190 ms. Memory: 48128K Free: 12096K (25%)
ptolemy.util.test.WatchDog.cancel(): canceling Fri Dec 13 06:24:30 UTC 2019
auto.tcl: Setting watchdog for 200 seconds at Fri Dec 13 06:24:30 UTC 2019
142 ms. Memory: 58368K Free: 35305K (60%)
ptolemy.util.test.WatchDog.cancel(): canceling Fri Dec 13 06:24:31 UTC 2019
------------------ testing $PTII/ptolemy/domains/de/test/auto/Time.xml
auto.tcl: Setting watchdog for 200 seconds at Fri Dec 13 06:24:31 UTC 2019
584 ms. Memory: 48128K Free: 30104K (63%)
ptolemy.util.test.WatchDog.cancel(): canceling Fri Dec 13 06:24:31 UTC 2019
auto.tcl: Setting watchdog for 200 seconds at Fri Dec 13 06:24:31 UTC 2019
564 ms. Memory: 48128K Free: 29289K (61%)
ptolemy.util.test.WatchDog.cancel(): canceling Fri Dec 13 06:24:32 UTC 2019
------------------ testing $PTII/ptolemy/domains/de/test/auto/TimeDelayZeroDelay.xml
auto.tcl: Setting watchdog for 200 seconds at Fri Dec 13 06:24:32 UTC 2019
2 ms. Memory: 48128K Free: 30443K (63%)
ptolemy.util.test.WatchDog.cancel(): canceling Fri Dec 13 06:24:32 UTC 2019
auto.tcl: Setting watchdog for 200 seconds at Fri Dec 13 06:24:32 UTC 2019
1 ms. Memory: 48128K Free: 29600K (62%)
ptolemy.util.test.WatchDog.cancel(): canceling Fri Dec 13 06:24:32 UTC 2019
------------------ testing $PTII/ptolemy/domains/de/test/auto/TimerZeroDelay.xml
auto.tcl: Setting watchdog for 200 seconds at Fri Dec 13 06:24:32 UTC 2019
2 ms. Memory: 48128K Free: 30982K (64%)
ptolemy.util.test.WatchDog.cancel(): canceling Fri Dec 13 06:24:32 UTC 2019
auto.tcl: Setting watchdog for 200 seconds at Fri Dec 13 06:24:32 UTC 2019
2 ms. Memory: 48128K Free: 30486K (63%)
ptolemy.util.test.WatchDog.cancel(): canceling Fri Dec 13 06:24:32 UTC 2019
------------------ testing $PTII/ptolemy/domains/de/test/auto/TimingParadox.xml
auto.tcl: Setting watchdog for 200 seconds at Fri Dec 13 06:24:32 UTC 2019
382 ms. Memory: 48128K Free: 16206K (34%)
ptolemy.util.test.WatchDog.cancel(): canceling Fri Dec 13 06:24:33 UTC 2019
auto.tcl: Setting watchdog for 200 seconds at Fri Dec 13 06:24:33 UTC 2019
379 ms. Memory: 48128K Free: 29930K (62%)
ptolemy.util.test.WatchDog.cancel(): canceling Fri Dec 13 06:24:33 UTC 2019
------------------ testing $PTII/ptolemy/domains/de/test/auto/TransferInputs.xml
auto.tcl: Setting watchdog for 200 seconds at Fri Dec 13 06:24:33 UTC 2019
1 ms. Memory: 48128K Free: 28958K (60%)
ptolemy.util.test.WatchDog.cancel(): canceling Fri Dec 13 06:24:33 UTC 2019
auto.tcl: Setting watchdog for 200 seconds at Fri Dec 13 06:24:33 UTC 2019
2 ms. Memory: 48128K Free: 28117K (58%)
ptolemy.util.test.WatchDog.cancel(): canceling Fri Dec 13 06:24:33 UTC 2019
------------------ testing $PTII/ptolemy/domains/de/test/auto/TransferOutputs2.xml
auto.tcl: Setting watchdog for 200 seconds at Fri Dec 13 06:24:33 UTC 2019
2 ms. Memory: 48128K Free: 26396K (55%)
ptolemy.util.test.WatchDog.cancel(): canceling Fri Dec 13 06:24:33 UTC 2019
auto.tcl: Setting watchdog for 200 seconds at Fri Dec 13 06:24:33 UTC 2019
2 ms. Memory: 48128K Free: 25003K (52%)
ptolemy.util.test.WatchDog.cancel(): canceling Fri Dec 13 06:24:33 UTC 2019
------------------ testing $PTII/ptolemy/domains/de/test/auto/Trilateration.xml
auto.tcl: Setting watchdog for 200 seconds at Fri Dec 13 06:24:33 UTC 2019
14526 ms. Memory: 464896K Free: 293585K (63%)
ptolemy.util.test.WatchDog.cancel(): canceling Fri Dec 13 06:24:49 UTC 2019
auto.tcl: Setting watchdog for 200 seconds at Fri Dec 13 06:24:49 UTC 2019
10922 ms. Memory: 464896K Free: 425275K (91%)
ptolemy.util.test.WatchDog.cancel(): canceling Fri Dec 13 06:25:00 UTC 2019
------------------ testing $PTII/ptolemy/domains/de/test/auto/TwoSigmaDelta.xml
auto.tcl: Setting watchdog for 200 seconds at Fri Dec 13 06:25:00 UTC 2019
2858 ms. Memory: 89088K Free: 37821K (42%)
ptolemy.util.test.WatchDog.cancel(): canceling Fri Dec 13 06:25:03 UTC 2019
auto.tcl: Setting watchdog for 200 seconds at Fri Dec 13 06:25:03 UTC 2019
2365 ms. Memory: 89088K Free: 40929K (46%)
ptolemy.util.test.WatchDog.cancel(): canceling Fri Dec 13 06:25:05 UTC 2019
------------------ testing $PTII/ptolemy/domains/de/test/auto/VariableDelay.xml
auto.tcl: Setting watchdog for 200 seconds at Fri Dec 13 06:25:05 UTC 2019
4 ms. Memory: 48128K Free: 29444K (61%)
ptolemy.util.test.WatchDog.cancel(): canceling Fri Dec 13 06:25:05 UTC 2019
auto.tcl: Setting watchdog for 200 seconds at Fri Dec 13 06:25:05 UTC 2019
4 ms. Memory: 48128K Free: 28946K (60%)
ptolemy.util.test.WatchDog.cancel(): canceling Fri Dec 13 06:25:05 UTC 2019
------------------ testing $PTII/ptolemy/domains/de/test/auto/VariableDelay2.xml
auto.tcl: Setting watchdog for 200 seconds at Fri Dec 13 06:25:05 UTC 2019
10 ms. Memory: 48128K Free: 29842K (62%)
ptolemy.util.test.WatchDog.cancel(): canceling Fri Dec 13 06:25:05 UTC 2019
auto.tcl: Setting watchdog for 200 seconds at Fri Dec 13 06:25:05 UTC 2019
6 ms. Memory: 48128K Free: 28854K (60%)
ptolemy.util.test.WatchDog.cancel(): canceling Fri Dec 13 06:25:05 UTC 2019
------------------ testing $PTII/ptolemy/domains/de/test/auto/VariableDelayZeroDelay.xml
auto.tcl: Setting watchdog for 200 seconds at Fri Dec 13 06:25:05 UTC 2019
2 ms. Memory: 48128K Free: 30370K (63%)
ptolemy.util.test.WatchDog.cancel(): canceling Fri Dec 13 06:25:05 UTC 2019
auto.tcl: Setting watchdog for 200 seconds at Fri Dec 13 06:25:05 UTC 2019
3 ms. Memory: 48128K Free: 29869K (62%)
ptolemy.util.test.WatchDog.cancel(): canceling Fri Dec 13 06:25:05 UTC 2019
------------------ testing $PTII/ptolemy/domains/de/test/auto/VariableDelayZeroDelay2.xml
auto.tcl: Setting watchdog for 200 seconds at Fri Dec 13 06:25:05 UTC 2019
8 ms. Memory: 48128K Free: 30368K (63%)
ptolemy.util.test.WatchDog.cancel(): canceling Fri Dec 13 06:25:05 UTC 2019
auto.tcl: Setting watchdog for 200 seconds at Fri Dec 13 06:25:05 UTC 2019
2 ms. Memory: 48128K Free: 29414K (61%)
ptolemy.util.test.WatchDog.cancel(): canceling Fri Dec 13 06:25:05 UTC 2019
------------------ testing $PTII/ptolemy/domains/de/test/auto/deInCt.xml
auto.tcl: Setting watchdog for 200 seconds at Fri Dec 13 06:25:06 UTC 2019
0
1
1
1
1
1
1
0
0
0
0
1
1
1
0
0
0
1
1
1
0
0
0
1
1
1
0
0
0
0
1
1
1
1
13 ms. Memory: 48128K Free: 29341K (61%)
ptolemy.util.test.WatchDog.cancel(): canceling Fri Dec 13 06:25:06 UTC 2019
auto.tcl: Setting watchdog for 200 seconds at Fri Dec 13 06:25:06 UTC 2019
0
1
1
1
1
1
1
1
0
0
0
0
0
1
1
1
0
0
0
1
1
1
1
0
0
0
1
1
1
1
8 ms. Memory: 48128K Free: 27809K (58%)
ptolemy.util.test.WatchDog.cancel(): canceling Fri Dec 13 06:25:06 UTC 2019
------------------ testing $PTII/ptolemy/domains/de/test/auto/deInCt2.xml
auto.tcl: Setting watchdog for 200 seconds at Fri Dec 13 06:25:06 UTC 2019
0
1
1
1
0
0
1
1
1
0
0
1
1
1
0
0
1
1
1
0
0
1
1
1
0
0
1
1
1
0
0
1
1
1
0
0
1
1
1
0
0
0
19 ms. Memory: 48128K Free: 29344K (61%)
ptolemy.util.test.WatchDog.cancel(): canceling Fri Dec 13 06:25:06 UTC 2019
auto.tcl: Setting watchdog for 200 seconds at Fri Dec 13 06:25:06 UTC 2019
0
1
1
1
0
0
1
1
1
0
0
1
1
1
0
0
1
1
1
0
0
1
1
1
0
0
1
1
1
0
0
1
1
1
0
0
1
1
1
0
0
0
17 ms. Memory: 48128K Free: 27829K (58%)
ptolemy.util.test.WatchDog.cancel(): canceling Fri Dec 13 06:25:06 UTC 2019
------------------ testing $PTII/ptolemy/domains/de/test/auto/dynamicCausalityInterface1.xml
auto.tcl: Setting watchdog for 200 seconds at Fri Dec 13 06:25:06 UTC 2019
2 ms. Memory: 48128K Free: 24653K (51%)
ptolemy.util.test.WatchDog.cancel(): canceling Fri Dec 13 06:25:06 UTC 2019
auto.tcl: Setting watchdog for 200 seconds at Fri Dec 13 06:25:06 UTC 2019
1 ms. Memory: 48128K Free: 24218K (50%)
ptolemy.util.test.WatchDog.cancel(): canceling Fri Dec 13 06:25:06 UTC 2019
------------------ testing $PTII/ptolemy/domains/de/test/auto/fsm_de_test.xml
auto.tcl: Setting watchdog for 200 seconds at Fri Dec 13 06:25:06 UTC 2019
14 ms. Memory: 48128K Free: 25141K (52%)
ptolemy.util.test.WatchDog.cancel(): canceling Fri Dec 13 06:25:06 UTC 2019
auto.tcl: Setting watchdog for 200 seconds at Fri Dec 13 06:25:06 UTC 2019
13 ms. Memory: 48128K Free: 23162K (48%)
ptolemy.util.test.WatchDog.cancel(): canceling Fri Dec 13 06:25:06 UTC 2019
------------------ testing $PTII/ptolemy/domains/de/test/auto/functionDependencyReconstruction.xml
auto.tcl: Setting watchdog for 200 seconds at Fri Dec 13 06:25:06 UTC 2019
11 ms. Memory: 48128K Free: 18987K (39%)
ptolemy.util.test.WatchDog.cancel(): canceling Fri Dec 13 06:25:06 UTC 2019
auto.tcl: Setting watchdog for 200 seconds at Fri Dec 13 06:25:06 UTC 2019
4 ms. Memory: 48128K Free: 16997K (35%)
ptolemy.util.test.WatchDog.cancel(): canceling Fri Dec 13 06:25:06 UTC 2019
------------------ testing $PTII/ptolemy/domains/de/test/auto/multirate.xml
auto.tcl: Setting watchdog for 200 seconds at Fri Dec 13 06:25:06 UTC 2019
3 ms. Memory: 48128K Free: 27803K (58%)
ptolemy.util.test.WatchDog.cancel(): canceling Fri Dec 13 06:25:06 UTC 2019
auto.tcl: Setting watchdog for 200 seconds at Fri Dec 13 06:25:06 UTC 2019
4 ms. Memory: 48128K Free: 26117K (54%)
ptolemy.util.test.WatchDog.cancel(): canceling Fri Dec 13 06:25:06 UTC 2019
------------------ testing $PTII/ptolemy/domains/de/test/auto/multirate2.xml
auto.tcl: Setting watchdog for 200 seconds at Fri Dec 13 06:25:06 UTC 2019
7 ms. Memory: 48128K Free: 27986K (58%)
ptolemy.util.test.WatchDog.cancel(): canceling Fri Dec 13 06:25:06 UTC 2019
auto.tcl: Setting watchdog for 200 seconds at Fri Dec 13 06:25:06 UTC 2019
3 ms. Memory: 48128K Free: 26278K (55%)
ptolemy.util.test.WatchDog.cancel(): canceling Fri Dec 13 06:25:06 UTC 2019
------------------ testing $PTII/ptolemy/domains/de/test/auto/realtime.xml
auto.tcl: Setting watchdog for 200 seconds at Fri Dec 13 06:25:06 UTC 2019
10005 ms. Memory: 48128K Free: 29766K (62%)
ptolemy.util.test.WatchDog.cancel(): canceling Fri Dec 13 06:25:16 UTC 2019
auto.tcl: Setting watchdog for 200 seconds at Fri Dec 13 06:25:16 UTC 2019
10002 ms. Memory: 48128K Free: 28798K (60%)
ptolemy.util.test.WatchDog.cancel(): canceling Fri Dec 13 06:25:26 UTC 2019
------------------ testing $PTII/ptolemy/domains/de/test/auto/relationGroup.xml
auto.tcl: Setting watchdog for 200 seconds at Fri Dec 13 06:25:27 UTC 2019
1 ms. Memory: 48128K Free: 30862K (64%)
ptolemy.util.test.WatchDog.cancel(): canceling Fri Dec 13 06:25:27 UTC 2019
auto.tcl: Setting watchdog for 200 seconds at Fri Dec 13 06:25:27 UTC 2019
2 ms. Memory: 48128K Free: 29894K (62%)
ptolemy.util.test.WatchDog.cancel(): canceling Fri Dec 13 06:25:27 UTC 2019
------------------ testing $PTII/ptolemy/domains/de/test/auto/relationGroup2.xml
auto.tcl: Setting watchdog for 200 seconds at Fri Dec 13 06:25:27 UTC 2019
2 ms. Memory: 48128K Free: 30888K (64%)
ptolemy.util.test.WatchDog.cancel(): canceling Fri Dec 13 06:25:27 UTC 2019
auto.tcl: Setting watchdog for 200 seconds at Fri Dec 13 06:25:27 UTC 2019
1 ms. Memory: 48128K Free: 29934K (62%)
ptolemy.util.test.WatchDog.cancel(): canceling Fri Dec 13 06:25:27 UTC 2019
------------------ testing $PTII/ptolemy/domains/de/test/auto/sortWithOpaquePorts.xml
auto.tcl: Setting watchdog for 200 seconds at Fri Dec 13 06:25:27 UTC 2019
2 ms. Memory: 48128K Free: 29865K (62%)
ptolemy.util.test.WatchDog.cancel(): canceling Fri Dec 13 06:25:27 UTC 2019
auto.tcl: Setting watchdog for 200 seconds at Fri Dec 13 06:25:27 UTC 2019
2 ms. Memory: 48128K Free: 28881K (60%)
ptolemy.util.test.WatchDog.cancel(): canceling Fri Dec 13 06:25:27 UTC 2019
------------------ testing $PTII/ptolemy/domains/de/test/auto/transferInputsandOutputs.xml
auto.tcl: Setting watchdog for 200 seconds at Fri Dec 13 06:25:27 UTC 2019
4 ms. Memory: 48128K Free: 27309K (57%)
ptolemy.util.test.WatchDog.cancel(): canceling Fri Dec 13 06:25:27 UTC 2019
auto.tcl: Setting watchdog for 200 seconds at Fri Dec 13 06:25:27 UTC 2019
3 ms. Memory: 48128K Free: 26373K (55%)
ptolemy.util.test.WatchDog.cancel(): canceling Fri Dec 13 06:25:27 UTC 2019
------------------ testing $PTII/ptolemy/domains/de/test/auto/triggerType.xml
auto.tcl: Setting watchdog for 200 seconds at Fri Dec 13 06:25:27 UTC 2019
1 ms. Memory: 48128K Free: 30333K (63%)
ptolemy.util.test.WatchDog.cancel(): canceling Fri Dec 13 06:25:27 UTC 2019
auto.tcl: Setting watchdog for 200 seconds at Fri Dec 13 06:25:27 UTC 2019
1 ms. Memory: 48128K Free: 29370K (61%)
ptolemy.util.test.WatchDog.cancel(): canceling Fri Dec 13 06:25:27 UTC 2019
12/13/19 06:25:27
Failed: 0  Total Tests: 192  ((Passed: 187, Newly Passed: 1)  Known Failed: 5) /home/travis/build/icyphy/ptII/ptolemy/domains/de/test
12/13/19 06:25:27
Failed: 0  Total Tests: 192  ((Passed: 187, Newly Passed: 1)  Known Failed: 5) /home/travis/build/icyphy/ptII/ptolemy/domains/de/test
----------------- testing (KnownFailure) /home/travis/build/icyphy/ptII/ptolemy/domains/de/test/auto/knownFailedTests/DESDFClockTest.xml
2012 ms. Memory: 48128K Free: 23728K (49%)
Known Failure: java.lang.reflect.InvocationTargetException
----------------- testing (KnownFailure) /home/travis/build/icyphy/ptII/ptolemy/domains/de/test/auto/knownFailedTests/DirectFeedback.xml
1 ms. Memory: 48128K Free: 20146K (42%)
Known Failure: java.lang.reflect.InvocationTargetException
----------------- testing (KnownFailure) /home/travis/build/icyphy/ptII/ptolemy/domains/de/test/auto/knownFailedTests/FSMSource.xml
6 ms. Memory: 48128K Free: 12464K (26%)
----------------- testing (KnownFailure) /home/travis/build/icyphy/ptII/ptolemy/domains/de/test/auto/knownFailedTests/HierarchicalModel.xml
4 ms. Memory: 48128K Free: 22704K (47%)
Known Failure: java.lang.reflect.InvocationTargetException
----------------- testing (KnownFailure) /home/travis/build/icyphy/ptII/ptolemy/domains/de/test/auto/knownFailedTests/dependencyLoop.xml
9 ms. Memory: 48128K Free: 33599K (70%)
Known Failure: java.lang.reflect.InvocationTargetException
----------------- testing (KnownFailure) /home/travis/build/icyphy/ptII/ptolemy/domains/de/test/auto/knownFailedTests/dependencyLoop2.xml
6 ms. Memory: 48128K Free: 18426K (38%)
Known Failure: java.lang.reflect.InvocationTargetException
No auto/linux-amd64/*.xml tests in /home/travis/build/icyphy/ptII/ptolemy/domains/de/test
AutoTests.java: About to close Vertx.
AutoTests.java: Vertx closed.

===========================================================================================
----------------- testing Fri Dec 13 06:25:29 UTC 2019 /home/travis/build/icyphy/ptII/ptolemy/domains/de/test/auto/ActorDepthCalculation_actorWithoutPorts.xml
----------------- Instantiating /home/travis/build/icyphy/ptII/ptolemy/domains/de/test/auto/ActorDepthCalculation_actorWithoutPorts.xml
6 ms. Memory: 48128K Free: 11908K (25%)
----------------- Invoking toplevel() on ptolemy.moml.MoMLSimpleApplication@791f1b4c
----------------- Done invoking toplevel() on ptolemy.moml.MoMLSimpleApplication@791f1b4c
reloadAllAccessors: .ActorDepthCalculation_actorWithoutPorts

===========================================================================================
----------------- testing Fri Dec 13 06:25:29 UTC 2019 /home/travis/build/icyphy/ptII/ptolemy/domains/de/test/auto/AssemblyLine.xml
----------------- Instantiating /home/travis/build/icyphy/ptII/ptolemy/domains/de/test/auto/AssemblyLine.xml
6 ms. Memory: 48128K Free: 30458K (63%)
----------------- Invoking toplevel() on ptolemy.moml.MoMLSimpleApplication@2c2a1a83
----------------- Done invoking toplevel() on ptolemy.moml.MoMLSimpleApplication@2c2a1a83
reloadAllAccessors: .AssemblyLine

===========================================================================================
----------------- testing Fri Dec 13 06:25:29 UTC 2019 /home/travis/build/icyphy/ptII/ptolemy/domains/de/test/auto/CQBug1.xml
----------------- Instantiating /home/travis/build/icyphy/ptII/ptolemy/domains/de/test/auto/CQBug1.xml
1 ms. Memory: 48128K Free: 27409K (57%)
----------------- Invoking toplevel() on ptolemy.moml.MoMLSimpleApplication@1f8a81ca
----------------- Done invoking toplevel() on ptolemy.moml.MoMLSimpleApplication@1f8a81ca
reloadAllAccessors: .CQBug1

===========================================================================================
----------------- testing Fri Dec 13 06:25:29 UTC 2019 /home/travis/build/icyphy/ptII/ptolemy/domains/de/test/auto/CancelFireAt.xml
----------------- Instantiating /home/travis/build/icyphy/ptII/ptolemy/domains/de/test/auto/CancelFireAt.xml
2 ms. Memory: 48128K Free: 25074K (52%)
----------------- Invoking toplevel() on ptolemy.moml.MoMLSimpleApplication@6bd1eb67
----------------- Done invoking toplevel() on ptolemy.moml.MoMLSimpleApplication@6bd1eb67
reloadAllAccessors: .CancelFireAt

===========================================================================================
----------------- testing Fri Dec 13 06:25:29 UTC 2019 /home/travis/build/icyphy/ptII/ptolemy/domains/de/test/auto/CausalityAndComposabilityAnalysis.xml
----------------- Instantiating /home/travis/build/icyphy/ptII/ptolemy/domains/de/test/auto/CausalityAndComposabilityAnalysis.xml
2 ms. Memory: 48128K Free: 20978K (44%)
----------------- Invoking toplevel() on ptolemy.moml.MoMLSimpleApplication@622e337a
----------------- Done invoking toplevel() on ptolemy.moml.MoMLSimpleApplication@622e337a
reloadAllAccessors: .CausalityAndComposabilityAnalysis

===========================================================================================
----------------- testing Fri Dec 13 06:25:29 UTC 2019 /home/travis/build/icyphy/ptII/ptolemy/domains/de/test/auto/CausalityInterface1.xml
----------------- Instantiating /home/travis/build/icyphy/ptII/ptolemy/domains/de/test/auto/CausalityInterface1.xml
5 ms. Memory: 48128K Free: 15866K (33%)
----------------- Invoking toplevel() on ptolemy.moml.MoMLSimpleApplication@49c26af0
----------------- Done invoking toplevel() on ptolemy.moml.MoMLSimpleApplication@49c26af0
reloadAllAccessors: .CausalityInterface1

===========================================================================================
----------------- testing Fri Dec 13 06:25:29 UTC 2019 /home/travis/build/icyphy/ptII/ptolemy/domains/de/test/auto/CausalityInterface15.xml
----------------- Instantiating /home/travis/build/icyphy/ptII/ptolemy/domains/de/test/auto/CausalityInterface15.xml
1 ms. Memory: 48128K Free: 10555K (22%)
----------------- Invoking toplevel() on ptolemy.moml.MoMLSimpleApplication@17321a14
----------------- Done invoking toplevel() on ptolemy.moml.MoMLSimpleApplication@17321a14
reloadAllAccessors: .CausalityInterface15

===========================================================================================
----------------- testing Fri Dec 13 06:25:29 UTC 2019 /home/travis/build/icyphy/ptII/ptolemy/domains/de/test/auto/CausalityInterface2.xml
----------------- Instantiating /home/travis/build/icyphy/ptII/ptolemy/domains/de/test/auto/CausalityInterface2.xml
1 ms. Memory: 48128K Free: 31715K (66%)
----------------- Invoking toplevel() on ptolemy.moml.MoMLSimpleApplication@1f2066f7
----------------- Done invoking toplevel() on ptolemy.moml.MoMLSimpleApplication@1f2066f7
reloadAllAccessors: .CausalityInterface2

===========================================================================================
----------------- testing Fri Dec 13 06:25:29 UTC 2019 /home/travis/build/icyphy/ptII/ptolemy/domains/de/test/auto/CausalityInterface3.xml
----------------- Instantiating /home/travis/build/icyphy/ptII/ptolemy/domains/de/test/auto/CausalityInterface3.xml
2 ms. Memory: 48128K Free: 26796K (56%)
----------------- Invoking toplevel() on ptolemy.moml.MoMLSimpleApplication@7ffe4207
----------------- Done invoking toplevel() on ptolemy.moml.MoMLSimpleApplication@7ffe4207
reloadAllAccessors: .CausalityInterface3

===========================================================================================
----------------- testing Fri Dec 13 06:25:29 UTC 2019 /home/travis/build/icyphy/ptII/ptolemy/domains/de/test/auto/ClockDrift.xml
----------------- Instantiating /home/travis/build/icyphy/ptII/ptolemy/domains/de/test/auto/ClockDrift.xml
15 ms. Memory: 48128K Free: 15020K (31%)
----------------- Invoking toplevel() on ptolemy.moml.MoMLSimpleApplication@7ec7fcda
----------------- Done invoking toplevel() on ptolemy.moml.MoMLSimpleApplication@7ec7fcda
reloadAllAccessors: .ClockDrift

===========================================================================================
----------------- testing Fri Dec 13 06:25:29 UTC 2019 /home/travis/build/icyphy/ptII/ptolemy/domains/de/test/auto/ClockDriftAndValueChange.xml
----------------- Instantiating /home/travis/build/icyphy/ptII/ptolemy/domains/de/test/auto/ClockDriftAndValueChange.xml
11 ms. Memory: 48128K Free: 28914K (60%)
----------------- Invoking toplevel() on ptolemy.moml.MoMLSimpleApplication@4aaf1068
----------------- Done invoking toplevel() on ptolemy.moml.MoMLSimpleApplication@4aaf1068
reloadAllAccessors: .ClockDriftAndValueChange

===========================================================================================
----------------- testing Fri Dec 13 06:25:29 UTC 2019 /home/travis/build/icyphy/ptII/ptolemy/domains/de/test/auto/ClockDriftChange.xml
----------------- Instantiating /home/travis/build/icyphy/ptII/ptolemy/domains/de/test/auto/ClockDriftChange.xml
11 ms. Memory: 48128K Free: 19196K (40%)
----------------- Invoking toplevel() on ptolemy.moml.MoMLSimpleApplication@2fef0b0e
----------------- Done invoking toplevel() on ptolemy.moml.MoMLSimpleApplication@2fef0b0e
reloadAllAccessors: .ClockDriftChange

===========================================================================================
----------------- testing Fri Dec 13 06:25:29 UTC 2019 /home/travis/build/icyphy/ptII/ptolemy/domains/de/test/auto/ComposableCausalityAnalysis.xml
----------------- Instantiating /home/travis/build/icyphy/ptII/ptolemy/domains/de/test/auto/ComposableCausalityAnalysis.xml
1 ms. Memory: 48128K Free: 13588K (28%)
----------------- Invoking toplevel() on ptolemy.moml.MoMLSimpleApplication@4e772ac6
----------------- Done invoking toplevel() on ptolemy.moml.MoMLSimpleApplication@4e772ac6
reloadAllAccessors: .ComposableCausalityAnalysis

===========================================================================================
----------------- testing Fri Dec 13 06:25:29 UTC 2019 /home/travis/build/icyphy/ptII/ptolemy/domains/de/test/auto/DEFixedPointLimitation.xml
----------------- Instantiating /home/travis/build/icyphy/ptII/ptolemy/domains/de/test/auto/DEFixedPointLimitation.xml
6 ms. Memory: 48128K Free: 33882K (70%)
----------------- Invoking toplevel() on ptolemy.moml.MoMLSimpleApplication@5e35d2e7
----------------- Done invoking toplevel() on ptolemy.moml.MoMLSimpleApplication@5e35d2e7
reloadAllAccessors: .DEFixedPointLimitation

===========================================================================================
----------------- testing Fri Dec 13 06:25:29 UTC 2019 /home/travis/build/icyphy/ptII/ptolemy/domains/de/test/auto/DEScheduleTest.xml
----------------- Instantiating /home/travis/build/icyphy/ptII/ptolemy/domains/de/test/auto/DEScheduleTest.xml
2 ms. Memory: 48128K Free: 29516K (61%)
----------------- Invoking toplevel() on ptolemy.moml.MoMLSimpleApplication@5da5652f
----------------- Done invoking toplevel() on ptolemy.moml.MoMLSimpleApplication@5da5652f
reloadAllAccessors: .DEScheduleTest

===========================================================================================
----------------- testing Fri Dec 13 06:25:29 UTC 2019 /home/travis/build/icyphy/ptII/ptolemy/domains/de/test/auto/DEinDEwithStartTimes.xml
----------------- Instantiating /home/travis/build/icyphy/ptII/ptolemy/domains/de/test/auto/DEinDEwithStartTimes.xml
2 ms. Memory: 48128K Free: 23788K (49%)
----------------- Invoking toplevel() on ptolemy.moml.MoMLSimpleApplication@233cf03a
----------------- Done invoking toplevel() on ptolemy.moml.MoMLSimpleApplication@233cf03a
reloadAllAccessors: .DEinDEwithStartTimes

===========================================================================================
----------------- testing Fri Dec 13 06:25:29 UTC 2019 /home/travis/build/icyphy/ptII/ptolemy/domains/de/test/auto/DEinDEwithStartTimes2.xml
----------------- Instantiating /home/travis/build/icyphy/ptII/ptolemy/domains/de/test/auto/DEinDEwithStartTimes2.xml
2 ms. Memory: 48128K Free: 17260K (36%)
----------------- Invoking toplevel() on ptolemy.moml.MoMLSimpleApplication@1131b63e
----------------- Done invoking toplevel() on ptolemy.moml.MoMLSimpleApplication@1131b63e
reloadAllAccessors: .DEinDEwithStartTimes2

===========================================================================================
----------------- testing Fri Dec 13 06:25:29 UTC 2019 /home/travis/build/icyphy/ptII/ptolemy/domains/de/test/auto/DateDemo.xml
----------------- Instantiating /home/travis/build/icyphy/ptII/ptolemy/domains/de/test/auto/DateDemo.xml
14 ms. Memory: 48128K Free: 30352K (63%)
----------------- Invoking toplevel() on ptolemy.moml.MoMLSimpleApplication@69dfed6c
----------------- Done invoking toplevel() on ptolemy.moml.MoMLSimpleApplication@69dfed6c
reloadAllAccessors: .DateDemo

===========================================================================================
----------------- testing Fri Dec 13 06:25:30 UTC 2019 /home/travis/build/icyphy/ptII/ptolemy/domains/de/test/auto/DateToEvent.xml
----------------- Instantiating /home/travis/build/icyphy/ptII/ptolemy/domains/de/test/auto/DateToEvent.xml
2004 ms. Memory: 48128K Free: 15204K (32%)
----------------- Invoking toplevel() on ptolemy.moml.MoMLSimpleApplication@217a2e60
----------------- Done invoking toplevel() on ptolemy.moml.MoMLSimpleApplication@217a2e60
reloadAllAccessors: .DateToEvent

===========================================================================================
----------------- testing Fri Dec 13 06:25:32 UTC 2019 /home/travis/build/icyphy/ptII/ptolemy/domains/de/test/auto/DepthTest1.xml
----------------- Instantiating /home/travis/build/icyphy/ptII/ptolemy/domains/de/test/auto/DepthTest1.xml
2 ms. Memory: 48128K Free: 12399K (26%)
----------------- Invoking toplevel() on ptolemy.moml.MoMLSimpleApplication@789e990
----------------- Done invoking toplevel() on ptolemy.moml.MoMLSimpleApplication@789e990
reloadAllAccessors: .DepthTest1

===========================================================================================
----------------- testing Fri Dec 13 06:25:32 UTC 2019 /home/travis/build/icyphy/ptII/ptolemy/domains/de/test/auto/DepthTest2.xml
----------------- Instantiating /home/travis/build/icyphy/ptII/ptolemy/domains/de/test/auto/DepthTest2.xml
2 ms. Memory: 48128K Free: 30849K (64%)
----------------- Invoking toplevel() on ptolemy.moml.MoMLSimpleApplication@468b1cd4
----------------- Done invoking toplevel() on ptolemy.moml.MoMLSimpleApplication@468b1cd4
reloadAllAccessors: .DepthTest2

===========================================================================================
----------------- testing Fri Dec 13 06:25:32 UTC 2019 /home/travis/build/icyphy/ptII/ptolemy/domains/de/test/auto/DepthTest3.xml
----------------- Instantiating /home/travis/build/icyphy/ptII/ptolemy/domains/de/test/auto/DepthTest3.xml
1 ms. Memory: 48128K Free: 27892K (58%)
----------------- Invoking toplevel() on ptolemy.moml.MoMLSimpleApplication@7d858e7f
----------------- Done invoking toplevel() on ptolemy.moml.MoMLSimpleApplication@7d858e7f
reloadAllAccessors: .DepthTest3

===========================================================================================
----------------- testing Fri Dec 13 06:25:32 UTC 2019 /home/travis/build/icyphy/ptII/ptolemy/domains/de/test/auto/DepthTest4.xml
----------------- Instantiating /home/travis/build/icyphy/ptII/ptolemy/domains/de/test/auto/DepthTest4.xml
1 ms. Memory: 48128K Free: 23288K (48%)
----------------- Invoking toplevel() on ptolemy.moml.MoMLSimpleApplication@6128aa5d
----------------- Done invoking toplevel() on ptolemy.moml.MoMLSimpleApplication@6128aa5d
reloadAllAccessors: .DepthTest4

===========================================================================================
----------------- testing Fri Dec 13 06:25:32 UTC 2019 /home/travis/build/icyphy/ptII/ptolemy/domains/de/test/auto/DepthTest5.xml
----------------- Instantiating /home/travis/build/icyphy/ptII/ptolemy/domains/de/test/auto/DepthTest5.xml
1 ms. Memory: 48128K Free: 17996K (37%)
----------------- Invoking toplevel() on ptolemy.moml.MoMLSimpleApplication@1d09118c
----------------- Done invoking toplevel() on ptolemy.moml.MoMLSimpleApplication@1d09118c
reloadAllAccessors: .DepthTest5

===========================================================================================
----------------- testing Fri Dec 13 06:25:32 UTC 2019 /home/travis/build/icyphy/ptII/ptolemy/domains/de/test/auto/DepthTest6.xml
----------------- Instantiating /home/travis/build/icyphy/ptII/ptolemy/domains/de/test/auto/DepthTest6.xml
4 ms. Memory: 48128K Free: 12713K (26%)
----------------- Invoking toplevel() on ptolemy.moml.MoMLSimpleApplication@5a4078c
----------------- Done invoking toplevel() on ptolemy.moml.MoMLSimpleApplication@5a4078c
reloadAllAccessors: .DepthTest6

===========================================================================================
----------------- testing Fri Dec 13 06:25:32 UTC 2019 /home/travis/build/icyphy/ptII/ptolemy/domains/de/test/auto/DepthTest7.xml
----------------- Instantiating /home/travis/build/icyphy/ptII/ptolemy/domains/de/test/auto/DepthTest7.xml
2 ms. Memory: 48128K Free: 32336K (67%)
----------------- Invoking toplevel() on ptolemy.moml.MoMLSimpleApplication@457bb2d7
----------------- Done invoking toplevel() on ptolemy.moml.MoMLSimpleApplication@457bb2d7
reloadAllAccessors: .DepthTest7

===========================================================================================
----------------- testing Fri Dec 13 06:25:32 UTC 2019 /home/travis/build/icyphy/ptII/ptolemy/domains/de/test/auto/EventToDate.xml
----------------- Instantiating /home/travis/build/icyphy/ptII/ptolemy/domains/de/test/auto/EventToDate.xml
3016 ms. Memory: 48128K Free: 19086K (40%)
----------------- Invoking toplevel() on ptolemy.moml.MoMLSimpleApplication@3362d5f8
----------------- Done invoking toplevel() on ptolemy.moml.MoMLSimpleApplication@3362d5f8
reloadAllAccessors: .EventToDate

===========================================================================================
----------------- testing Fri Dec 13 06:25:35 UTC 2019 /home/travis/build/icyphy/ptII/ptolemy/domains/de/test/auto/FSM1.xml
----------------- Instantiating /home/travis/build/icyphy/ptII/ptolemy/domains/de/test/auto/FSM1.xml
23 ms. Memory: 48128K Free: 31847K (66%)
----------------- Invoking toplevel() on ptolemy.moml.MoMLSimpleApplication@1299b9d3
----------------- Done invoking toplevel() on ptolemy.moml.MoMLSimpleApplication@1299b9d3
reloadAllAccessors: .FSM1

===========================================================================================
----------------- testing Fri Dec 13 06:25:35 UTC 2019 /home/travis/build/icyphy/ptII/ptolemy/domains/de/test/auto/FSM7.xml
----------------- Instantiating /home/travis/build/icyphy/ptII/ptolemy/domains/de/test/auto/FSM7.xml
17 ms. Memory: 48128K Free: 19487K (40%)
----------------- Invoking toplevel() on ptolemy.moml.MoMLSimpleApplication@6b145c0d
----------------- Done invoking toplevel() on ptolemy.moml.MoMLSimpleApplication@6b145c0d
reloadAllAccessors: .FSM7

===========================================================================================
----------------- testing Fri Dec 13 06:25:35 UTC 2019 /home/travis/build/icyphy/ptII/ptolemy/domains/de/test/auto/Inspection.xml
----------------- Instantiating /home/travis/build/icyphy/ptII/ptolemy/domains/de/test/auto/Inspection.xml
14 ms. Memory: 48128K Free: 31909K (66%)
----------------- Invoking toplevel() on ptolemy.moml.MoMLSimpleApplication@547b58fd
----------------- Done invoking toplevel() on ptolemy.moml.MoMLSimpleApplication@547b58fd
reloadAllAccessors: .Inspection

===========================================================================================
----------------- testing Fri Dec 13 06:25:35 UTC 2019 /home/travis/build/icyphy/ptII/ptolemy/domains/de/test/auto/Iteration.xml
----------------- Instantiating /home/travis/build/icyphy/ptII/ptolemy/domains/de/test/auto/Iteration.xml
8 ms. Memory: 48128K Free: 24872K (52%)
----------------- Invoking toplevel() on ptolemy.moml.MoMLSimpleApplication@39c7d726
----------------- Done invoking toplevel() on ptolemy.moml.MoMLSimpleApplication@39c7d726
reloadAllAccessors: .Iteration

===========================================================================================
----------------- testing Fri Dec 13 06:25:35 UTC 2019 /home/travis/build/icyphy/ptII/ptolemy/domains/de/test/auto/LineFault.xml
----------------- Instantiating /home/travis/build/icyphy/ptII/ptolemy/domains/de/test/auto/LineFault.xml
488 ms. Memory: 48128K Free: 27847K (58%)
----------------- Invoking toplevel() on ptolemy.moml.MoMLSimpleApplication@2bb898c4
----------------- Done invoking toplevel() on ptolemy.moml.MoMLSimpleApplication@2bb898c4
reloadAllAccessors: .LineFault

===========================================================================================
----------------- testing Fri Dec 13 06:25:36 UTC 2019 /home/travis/build/icyphy/ptII/ptolemy/domains/de/test/auto/MergeModel1Add.xml
----------------- Instantiating /home/travis/build/icyphy/ptII/ptolemy/domains/de/test/auto/MergeModel1Add.xml
16 ms. Memory: 48128K Free: 30381K (63%)
----------------- Invoking toplevel() on ptolemy.moml.MoMLSimpleApplication@57f0582e
----------------- Done invoking toplevel() on ptolemy.moml.MoMLSimpleApplication@57f0582e
reloadAllAccessors: .MergeModel1Add

===========================================================================================
----------------- testing Fri Dec 13 06:25:36 UTC 2019 /home/travis/build/icyphy/ptII/ptolemy/domains/de/test/auto/MergeModel2Add.xml
----------------- Instantiating /home/travis/build/icyphy/ptII/ptolemy/domains/de/test/auto/MergeModel2Add.xml
5 ms. Memory: 48128K Free: 12218K (25%)
----------------- Invoking toplevel() on ptolemy.moml.MoMLSimpleApplication@6f8021ea
----------------- Done invoking toplevel() on ptolemy.moml.MoMLSimpleApplication@6f8021ea
reloadAllAccessors: .MergeModel2Add

===========================================================================================
----------------- testing Fri Dec 13 06:25:36 UTC 2019 /home/travis/build/icyphy/ptII/ptolemy/domains/de/test/auto/MergeModel3Add.xml
----------------- Instantiating /home/travis/build/icyphy/ptII/ptolemy/domains/de/test/auto/MergeModel3Add.xml
5 ms. Memory: 48128K Free: 16228K (34%)
----------------- Invoking toplevel() on ptolemy.moml.MoMLSimpleApplication@7762a18a
----------------- Done invoking toplevel() on ptolemy.moml.MoMLSimpleApplication@7762a18a
reloadAllAccessors: .MergeModel3Add

===========================================================================================
----------------- testing Fri Dec 13 06:25:36 UTC 2019 /home/travis/build/icyphy/ptII/ptolemy/domains/de/test/auto/MergeWithoutDiscard.xml
----------------- Instantiating /home/travis/build/icyphy/ptII/ptolemy/domains/de/test/auto/MergeWithoutDiscard.xml
1 ms. Memory: 48128K Free: 12108K (25%)
----------------- Invoking toplevel() on ptolemy.moml.MoMLSimpleApplication@6ecd22c1
----------------- Done invoking toplevel() on ptolemy.moml.MoMLSimpleApplication@6ecd22c1
reloadAllAccessors: .MergeWithoutDiscard

===========================================================================================
----------------- testing Fri Dec 13 06:25:36 UTC 2019 /home/travis/build/icyphy/ptII/ptolemy/domains/de/test/auto/Modal1.xml
----------------- Instantiating /home/travis/build/icyphy/ptII/ptolemy/domains/de/test/auto/Modal1.xml
9 ms. Memory: 48128K Free: 21442K (45%)
----------------- Invoking toplevel() on ptolemy.moml.MoMLSimpleApplication@6db1d124
----------------- Done invoking toplevel() on ptolemy.moml.MoMLSimpleApplication@6db1d124
reloadAllAccessors: .Modal1

===========================================================================================
----------------- testing Fri Dec 13 06:25:36 UTC 2019 /home/travis/build/icyphy/ptII/ptolemy/domains/de/test/auto/Modal2.xml
----------------- Instantiating /home/travis/build/icyphy/ptII/ptolemy/domains/de/test/auto/Modal2.xml
10 ms. Memory: 48128K Free: 30926K (64%)
----------------- Invoking toplevel() on ptolemy.moml.MoMLSimpleApplication@40be3422
----------------- Done invoking toplevel() on ptolemy.moml.MoMLSimpleApplication@40be3422
reloadAllAccessors: .Modal2

===========================================================================================
----------------- testing Fri Dec 13 06:25:36 UTC 2019 /home/travis/build/icyphy/ptII/ptolemy/domains/de/test/auto/Modal3.xml
----------------- Instantiating /home/travis/build/icyphy/ptII/ptolemy/domains/de/test/auto/Modal3.xml
6 ms. Memory: 48128K Free: 18638K (39%)
----------------- Invoking toplevel() on ptolemy.moml.MoMLSimpleApplication@318613bb
----------------- Done invoking toplevel() on ptolemy.moml.MoMLSimpleApplication@318613bb
reloadAllAccessors: .Modal3

===========================================================================================
----------------- testing Fri Dec 13 06:25:36 UTC 2019 /home/travis/build/icyphy/ptII/ptolemy/domains/de/test/auto/Modal4.xml
----------------- Instantiating /home/travis/build/icyphy/ptII/ptolemy/domains/de/test/auto/Modal4.xml
10 ms. Memory: 48128K Free: 27361K (57%)
----------------- Invoking toplevel() on ptolemy.moml.MoMLSimpleApplication@592cddc
----------------- Done invoking toplevel() on ptolemy.moml.MoMLSimpleApplication@592cddc
reloadAllAccessors: .Modal4

===========================================================================================
----------------- testing Fri Dec 13 06:25:36 UTC 2019 /home/travis/build/icyphy/ptII/ptolemy/domains/de/test/auto/Modal5.xml
----------------- Instantiating /home/travis/build/icyphy/ptII/ptolemy/domains/de/test/auto/Modal5.xml
12 ms. Memory: 48128K Free: 14625K (30%)
----------------- Invoking toplevel() on ptolemy.moml.MoMLSimpleApplication@789ef7e6
----------------- Done invoking toplevel() on ptolemy.moml.MoMLSimpleApplication@789ef7e6
reloadAllAccessors: .Modal5

===========================================================================================
----------------- testing Fri Dec 13 06:25:36 UTC 2019 /home/travis/build/icyphy/ptII/ptolemy/domains/de/test/auto/Modal6.xml
----------------- Instantiating /home/travis/build/icyphy/ptII/ptolemy/domains/de/test/auto/Modal6.xml
11 ms. Memory: 62464K Free: 38203K (61%)
----------------- Invoking toplevel() on ptolemy.moml.MoMLSimpleApplication@36c9a677
----------------- Done invoking toplevel() on ptolemy.moml.MoMLSimpleApplication@36c9a677
reloadAllAccessors: .Modal6

===========================================================================================
----------------- testing Fri Dec 13 06:25:36 UTC 2019 /home/travis/build/icyphy/ptII/ptolemy/domains/de/test/auto/Modal7.xml
----------------- Instantiating /home/travis/build/icyphy/ptII/ptolemy/domains/de/test/auto/Modal7.xml
7 ms. Memory: 62464K Free: 25167K (40%)
----------------- Invoking toplevel() on ptolemy.moml.MoMLSimpleApplication@3476c852
----------------- Done invoking toplevel() on ptolemy.moml.MoMLSimpleApplication@3476c852
reloadAllAccessors: .Modal7

===========================================================================================
----------------- testing Fri Dec 13 06:25:36 UTC 2019 /home/travis/build/icyphy/ptII/ptolemy/domains/de/test/auto/ModalModel.xml
----------------- Instantiating /home/travis/build/icyphy/ptII/ptolemy/domains/de/test/auto/ModalModel.xml
145 ms. Memory: 62464K Free: 38540K (62%)
----------------- Invoking toplevel() on ptolemy.moml.MoMLSimpleApplication@23794b11
----------------- Done invoking toplevel() on ptolemy.moml.MoMLSimpleApplication@23794b11
reloadAllAccessors: .ModalModel

===========================================================================================
----------------- testing Fri Dec 13 06:25:36 UTC 2019 /home/travis/build/icyphy/ptII/ptolemy/domains/de/test/auto/ModalSource.xml
----------------- Instantiating /home/travis/build/icyphy/ptII/ptolemy/domains/de/test/auto/ModalSource.xml
5 ms. Memory: 62464K Free: 30348K (49%)
----------------- Invoking toplevel() on ptolemy.moml.MoMLSimpleApplication@4ba82d2f
----------------- Done invoking toplevel() on ptolemy.moml.MoMLSimpleApplication@4ba82d2f
reloadAllAccessors: .ModalSource

===========================================================================================
----------------- testing Fri Dec 13 06:25:36 UTC 2019 /home/travis/build/icyphy/ptII/ptolemy/domains/de/test/auto/NonInterruptibleTimerZeroDelay.xml
----------------- Instantiating /home/travis/build/icyphy/ptII/ptolemy/domains/de/test/auto/NonInterruptibleTimerZeroDelay.xml
2 ms. Memory: 62464K Free: 26690K (43%)
----------------- Invoking toplevel() on ptolemy.moml.MoMLSimpleApplication@29991fc7
----------------- Done invoking toplevel() on ptolemy.moml.MoMLSimpleApplication@29991fc7
reloadAllAccessors: .NonInterruptibleTimerZeroDelay

===========================================================================================
----------------- testing Fri Dec 13 06:25:36 UTC 2019 /home/travis/build/icyphy/ptII/ptolemy/domains/de/test/auto/OpenQueueingNetwork.xml
----------------- Instantiating /home/travis/build/icyphy/ptII/ptolemy/domains/de/test/auto/OpenQueueingNetwork.xml
2398 ms. Memory: 249856K Free: 108441K (43%)
----------------- Invoking toplevel() on ptolemy.moml.MoMLSimpleApplication@b8f6d06
----------------- Done invoking toplevel() on ptolemy.moml.MoMLSimpleApplication@b8f6d06
reloadAllAccessors: .OpenQueueingNetwork

===========================================================================================
----------------- testing Fri Dec 13 06:25:39 UTC 2019 /home/travis/build/icyphy/ptII/ptolemy/domains/de/test/auto/OpenQueuingNetwork.xml
----------------- Instantiating /home/travis/build/icyphy/ptII/ptolemy/domains/de/test/auto/OpenQueuingNetwork.xml
208 ms. Memory: 249856K Free: 160807K (64%)
----------------- Invoking toplevel() on ptolemy.moml.MoMLSimpleApplication@66028f82
----------------- Done invoking toplevel() on ptolemy.moml.MoMLSimpleApplication@66028f82
reloadAllAccessors: .OpenQueuingNetwork

===========================================================================================
----------------- testing Fri Dec 13 06:25:39 UTC 2019 /home/travis/build/icyphy/ptII/ptolemy/domains/de/test/auto/PeriodicSampler.xml
----------------- Instantiating /home/travis/build/icyphy/ptII/ptolemy/domains/de/test/auto/PeriodicSampler.xml
2 ms. Memory: 249856K Free: 156711K (63%)
----------------- Invoking toplevel() on ptolemy.moml.MoMLSimpleApplication@5a015036
----------------- Done invoking toplevel() on ptolemy.moml.MoMLSimpleApplication@5a015036
reloadAllAccessors: .PeriodicSampler

===========================================================================================
----------------- testing Fri Dec 13 06:25:39 UTC 2019 /home/travis/build/icyphy/ptII/ptolemy/domains/de/test/auto/PersistentIO.xml
----------------- Instantiating /home/travis/build/icyphy/ptII/ptolemy/domains/de/test/auto/PersistentIO.xml
5 ms. Memory: 249856K Free: 147495K (59%)
----------------- Invoking toplevel() on ptolemy.moml.MoMLSimpleApplication@2c010f55
----------------- Done invoking toplevel() on ptolemy.moml.MoMLSimpleApplication@2c010f55
reloadAllAccessors: .PersistentIO

===========================================================================================
----------------- testing Fri Dec 13 06:25:39 UTC 2019 /home/travis/build/icyphy/ptII/ptolemy/domains/de/test/auto/PortParameterResetOnInitialize.xml
----------------- Instantiating /home/travis/build/icyphy/ptII/ptolemy/domains/de/test/auto/PortParameterResetOnInitialize.xml
1 ms. Memory: 249856K Free: 142879K (57%)
----------------- Invoking toplevel() on ptolemy.moml.MoMLSimpleApplication@539e6cb1
----------------- Done invoking toplevel() on ptolemy.moml.MoMLSimpleApplication@539e6cb1
reloadAllAccessors: .PortParameterResetOnInitialize

===========================================================================================
----------------- testing Fri Dec 13 06:25:39 UTC 2019 /home/travis/build/icyphy/ptII/ptolemy/domains/de/test/auto/PortParameterUpdates.xml
----------------- Instantiating /home/travis/build/icyphy/ptII/ptolemy/domains/de/test/auto/PortParameterUpdates.xml
5 ms. Memory: 249856K Free: 136231K (55%)
----------------- Invoking toplevel() on ptolemy.moml.MoMLSimpleApplication@4e47243e
----------------- Done invoking toplevel() on ptolemy.moml.MoMLSimpleApplication@4e47243e
reloadAllAccessors: .PortParameterUpdates

===========================================================================================
----------------- testing Fri Dec 13 06:25:39 UTC 2019 /home/travis/build/icyphy/ptII/ptolemy/domains/de/test/auto/QueueAndServer.xml
----------------- Instantiating /home/travis/build/icyphy/ptII/ptolemy/domains/de/test/auto/QueueAndServer.xml
5 ms. Memory: 249856K Free: 128549K (51%)
----------------- Invoking toplevel() on ptolemy.moml.MoMLSimpleApplication@97e62e7
----------------- Done invoking toplevel() on ptolemy.moml.MoMLSimpleApplication@97e62e7
reloadAllAccessors: .QueueAndServer

===========================================================================================
----------------- testing Fri Dec 13 06:25:39 UTC 2019 /home/travis/build/icyphy/ptII/ptolemy/domains/de/test/auto/Records.xml
----------------- Instantiating /home/travis/build/icyphy/ptII/ptolemy/domains/de/test/auto/Records.xml
4 ms. Memory: 249856K Free: 122919K (49%)
----------------- Invoking toplevel() on ptolemy.moml.MoMLSimpleApplication@be04c15
----------------- Done invoking toplevel() on ptolemy.moml.MoMLSimpleApplication@be04c15
reloadAllAccessors: .Records

===========================================================================================
----------------- testing Fri Dec 13 06:25:39 UTC 2019 /home/travis/build/icyphy/ptII/ptolemy/domains/de/test/auto/ResetTransitionWithStartTime1.xml
----------------- Instantiating /home/travis/build/icyphy/ptII/ptolemy/domains/de/test/auto/ResetTransitionWithStartTime1.xml
7 ms. Memory: 249856K Free: 114727K (46%)
----------------- Invoking toplevel() on ptolemy.moml.MoMLSimpleApplication@28a2dd03
----------------- Done invoking toplevel() on ptolemy.moml.MoMLSimpleApplication@28a2dd03
reloadAllAccessors: .ResetTransitionWithStartTime1

===========================================================================================
----------------- testing Fri Dec 13 06:25:39 UTC 2019 /home/travis/build/icyphy/ptII/ptolemy/domains/de/test/auto/ResetTransitionWithStartTime2.xml
----------------- Instantiating /home/travis/build/icyphy/ptII/ptolemy/domains/de/test/auto/ResetTransitionWithStartTime2.xml
4 ms. Memory: 249856K Free: 106535K (43%)
----------------- Invoking toplevel() on ptolemy.moml.MoMLSimpleApplication@3fa09ef8
----------------- Done invoking toplevel() on ptolemy.moml.MoMLSimpleApplication@3fa09ef8
reloadAllAccessors: .ResetTransitionWithStartTime2

===========================================================================================
----------------- testing Fri Dec 13 06:25:39 UTC 2019 /home/travis/build/icyphy/ptII/ptolemy/domains/de/test/auto/ResetTransitionWithStartTime3.xml
----------------- Instantiating /home/travis/build/icyphy/ptII/ptolemy/domains/de/test/auto/ResetTransitionWithStartTime3.xml
4 ms. Memory: 249856K Free: 98343K (39%)
----------------- Invoking toplevel() on ptolemy.moml.MoMLSimpleApplication@3dc83231
----------------- Done invoking toplevel() on ptolemy.moml.MoMLSimpleApplication@3dc83231
reloadAllAccessors: .ResetTransitionWithStartTime3

===========================================================================================
----------------- testing Fri Dec 13 06:25:39 UTC 2019 /home/travis/build/icyphy/ptII/ptolemy/domains/de/test/auto/ResetTransitionWithStartTime4.xml
----------------- Instantiating /home/travis/build/icyphy/ptII/ptolemy/domains/de/test/auto/ResetTransitionWithStartTime4.xml
3 ms. Memory: 249856K Free: 227897K (91%)
----------------- Invoking toplevel() on ptolemy.moml.MoMLSimpleApplication@15249b08
----------------- Done invoking toplevel() on ptolemy.moml.MoMLSimpleApplication@15249b08
reloadAllAccessors: .ResetTransitionWithStartTime4

===========================================================================================
----------------- testing Fri Dec 13 06:25:39 UTC 2019 /home/travis/build/icyphy/ptII/ptolemy/domains/de/test/auto/ResettableTimer1.xml
----------------- Instantiating /home/travis/build/icyphy/ptII/ptolemy/domains/de/test/auto/ResettableTimer1.xml
1 ms. Memory: 249856K Free: 223785K (90%)
----------------- Invoking toplevel() on ptolemy.moml.MoMLSimpleApplication@2362f446
----------------- Done invoking toplevel() on ptolemy.moml.MoMLSimpleApplication@2362f446
reloadAllAccessors: .ResettableTimer1

===========================================================================================
----------------- testing Fri Dec 13 06:25:39 UTC 2019 /home/travis/build/icyphy/ptII/ptolemy/domains/de/test/auto/ResettableTimer2.xml
----------------- Instantiating /home/travis/build/icyphy/ptII/ptolemy/domains/de/test/auto/ResettableTimer2.xml
1 ms. Memory: 249856K Free: 219705K (88%)
----------------- Invoking toplevel() on ptolemy.moml.MoMLSimpleApplication@5d693545
----------------- Done invoking toplevel() on ptolemy.moml.MoMLSimpleApplication@5d693545
reloadAllAccessors: .ResettableTimer2

===========================================================================================
----------------- testing Fri Dec 13 06:25:39 UTC 2019 /home/travis/build/icyphy/ptII/ptolemy/domains/de/test/auto/ResettableTimer3.xml
----------------- Instantiating /home/travis/build/icyphy/ptII/ptolemy/domains/de/test/auto/ResettableTimer3.xml
1 ms. Memory: 249856K Free: 216137K (87%)
----------------- Invoking toplevel() on ptolemy.moml.MoMLSimpleApplication@491d525b
----------------- Done invoking toplevel() on ptolemy.moml.MoMLSimpleApplication@491d525b
reloadAllAccessors: .ResettableTimer3

===========================================================================================
----------------- testing Fri Dec 13 06:25:39 UTC 2019 /home/travis/build/icyphy/ptII/ptolemy/domains/de/test/auto/ResettableTimer4.xml
----------------- Instantiating /home/travis/build/icyphy/ptII/ptolemy/domains/de/test/auto/ResettableTimer4.xml
1 ms. Memory: 249856K Free: 212041K (85%)
----------------- Invoking toplevel() on ptolemy.moml.MoMLSimpleApplication@17414422
----------------- Done invoking toplevel() on ptolemy.moml.MoMLSimpleApplication@17414422
reloadAllAccessors: .ResettableTimer4

===========================================================================================
----------------- testing Fri Dec 13 06:25:39 UTC 2019 /home/travis/build/icyphy/ptII/ptolemy/domains/de/test/auto/ResettableTimer5.xml
----------------- Instantiating /home/travis/build/icyphy/ptII/ptolemy/domains/de/test/auto/ResettableTimer5.xml
1 ms. Memory: 249856K Free: 207945K (83%)
----------------- Invoking toplevel() on ptolemy.moml.MoMLSimpleApplication@1c3020c0
----------------- Done invoking toplevel() on ptolemy.moml.MoMLSimpleApplication@1c3020c0
reloadAllAccessors: .ResettableTimer5

===========================================================================================
----------------- testing Fri Dec 13 06:25:39 UTC 2019 /home/travis/build/icyphy/ptII/ptolemy/domains/de/test/auto/ResettableTimer6.xml
----------------- Instantiating /home/travis/build/icyphy/ptII/ptolemy/domains/de/test/auto/ResettableTimer6.xml
6 ms. Memory: 249856K Free: 203333K (81%)
----------------- Invoking toplevel() on ptolemy.moml.MoMLSimpleApplication@1e0fa4a0
----------------- Done invoking toplevel() on ptolemy.moml.MoMLSimpleApplication@1e0fa4a0
reloadAllAccessors: .ResettableTimer6

===========================================================================================
----------------- testing Fri Dec 13 06:25:39 UTC 2019 /home/travis/build/icyphy/ptII/ptolemy/domains/de/test/auto/ServerZeroDelay.xml
----------------- Instantiating /home/travis/build/icyphy/ptII/ptolemy/domains/de/test/auto/ServerZeroDelay.xml
1 ms. Memory: 249856K Free: 199209K (80%)
----------------- Invoking toplevel() on ptolemy.moml.MoMLSimpleApplication@483593a6
----------------- Done invoking toplevel() on ptolemy.moml.MoMLSimpleApplication@483593a6
reloadAllAccessors: .ServerZeroDelay

===========================================================================================
----------------- testing Fri Dec 13 06:25:39 UTC 2019 /home/travis/build/icyphy/ptII/ptolemy/domains/de/test/auto/SmartSender.xml
----------------- Instantiating /home/travis/build/icyphy/ptII/ptolemy/domains/de/test/auto/SmartSender.xml
3001 ms. Memory: 249856K Free: 195143K (78%)
----------------- Invoking toplevel() on ptolemy.moml.MoMLSimpleApplication@176e912a
----------------- Done invoking toplevel() on ptolemy.moml.MoMLSimpleApplication@176e912a
reloadAllAccessors: .SmartSender

===========================================================================================
----------------- testing Fri Dec 13 06:25:42 UTC 2019 /home/travis/build/icyphy/ptII/ptolemy/domains/de/test/auto/ThreadedComposite.xml
----------------- Instantiating /home/travis/build/icyphy/ptII/ptolemy/domains/de/test/auto/ThreadedComposite.xml
95 ms. Memory: 249856K Free: 176201K (71%)
----------------- Invoking toplevel() on ptolemy.moml.MoMLSimpleApplication@255428e9
----------------- Done invoking toplevel() on ptolemy.moml.MoMLSimpleApplication@255428e9
reloadAllAccessors: .ThreadedComposite

===========================================================================================
----------------- testing Fri Dec 13 06:25:42 UTC 2019 /home/travis/build/icyphy/ptII/ptolemy/domains/de/test/auto/Time.xml
----------------- Instantiating /home/travis/build/icyphy/ptII/ptolemy/domains/de/test/auto/Time.xml
439 ms. Memory: 249856K Free: 124487K (50%)
----------------- Invoking toplevel() on ptolemy.moml.MoMLSimpleApplication@71695071
----------------- Done invoking toplevel() on ptolemy.moml.MoMLSimpleApplication@71695071
reloadAllAccessors: .Time

===========================================================================================
----------------- testing Fri Dec 13 06:25:43 UTC 2019 /home/travis/build/icyphy/ptII/ptolemy/domains/de/test/auto/TimeDelayZeroDelay.xml
----------------- Instantiating /home/travis/build/icyphy/ptII/ptolemy/domains/de/test/auto/TimeDelayZeroDelay.xml
1 ms. Memory: 249856K Free: 120391K (48%)
----------------- Invoking toplevel() on ptolemy.moml.MoMLSimpleApplication@2f99f45
----------------- Done invoking toplevel() on ptolemy.moml.MoMLSimpleApplication@2f99f45
reloadAllAccessors: .TimeDelayZeroDelay

===========================================================================================
----------------- testing Fri Dec 13 06:25:43 UTC 2019 /home/travis/build/icyphy/ptII/ptolemy/domains/de/test/auto/TimerZeroDelay.xml
----------------- Instantiating /home/travis/build/icyphy/ptII/ptolemy/domains/de/test/auto/TimerZeroDelay.xml
2 ms. Memory: 249856K Free: 116281K (47%)
----------------- Invoking toplevel() on ptolemy.moml.MoMLSimpleApplication@6a715b04
----------------- Done invoking toplevel() on ptolemy.moml.MoMLSimpleApplication@6a715b04
reloadAllAccessors: .TimerZeroDelay

===========================================================================================
----------------- testing Fri Dec 13 06:25:43 UTC 2019 /home/travis/build/icyphy/ptII/ptolemy/domains/de/test/auto/TimingParadox.xml
----------------- Instantiating /home/travis/build/icyphy/ptII/ptolemy/domains/de/test/auto/TimingParadox.xml
290 ms. Memory: 249856K Free: 193307K (77%)
----------------- Invoking toplevel() on ptolemy.moml.MoMLSimpleApplication@791ade13
----------------- Done invoking toplevel() on ptolemy.moml.MoMLSimpleApplication@791ade13
reloadAllAccessors: .TimingParadox

===========================================================================================
----------------- testing Fri Dec 13 06:25:43 UTC 2019 /home/travis/build/icyphy/ptII/ptolemy/domains/de/test/auto/TransferInputs.xml
----------------- Instantiating /home/travis/build/icyphy/ptII/ptolemy/domains/de/test/auto/TransferInputs.xml
1 ms. Memory: 249856K Free: 188701K (76%)
----------------- Invoking toplevel() on ptolemy.moml.MoMLSimpleApplication@7e4485e
----------------- Done invoking toplevel() on ptolemy.moml.MoMLSimpleApplication@7e4485e
reloadAllAccessors: .TransferInputs

===========================================================================================
----------------- testing Fri Dec 13 06:25:43 UTC 2019 /home/travis/build/icyphy/ptII/ptolemy/domains/de/test/auto/TransferOutputs2.xml
----------------- Instantiating /home/travis/build/icyphy/ptII/ptolemy/domains/de/test/auto/TransferOutputs2.xml
2 ms. Memory: 249856K Free: 181005K (72%)
----------------- Invoking toplevel() on ptolemy.moml.MoMLSimpleApplication@748448fb
----------------- Done invoking toplevel() on ptolemy.moml.MoMLSimpleApplication@748448fb
reloadAllAccessors: .TransferOutputs2

===========================================================================================
----------------- testing Fri Dec 13 06:25:43 UTC 2019 /home/travis/build/icyphy/ptII/ptolemy/domains/de/test/auto/Trilateration.xml
----------------- Instantiating /home/travis/build/icyphy/ptII/ptolemy/domains/de/test/auto/Trilateration.xml
11497 ms. Memory: 457728K Free: 241587K (53%)
----------------- Invoking toplevel() on ptolemy.moml.MoMLSimpleApplication@5a3c4046
----------------- Done invoking toplevel() on ptolemy.moml.MoMLSimpleApplication@5a3c4046
reloadAllAccessors: .Trilateration

===========================================================================================
----------------- testing Fri Dec 13 06:25:55 UTC 2019 /home/travis/build/icyphy/ptII/ptolemy/domains/de/test/auto/TwoSigmaDelta.xml
----------------- Instantiating /home/travis/build/icyphy/ptII/ptolemy/domains/de/test/auto/TwoSigmaDelta.xml
2079 ms. Memory: 457728K Free: 318352K (70%)
----------------- Invoking toplevel() on ptolemy.moml.MoMLSimpleApplication@4a04a6e7
----------------- Done invoking toplevel() on ptolemy.moml.MoMLSimpleApplication@4a04a6e7
reloadAllAccessors: .TwoSigmaDelta

===========================================================================================
----------------- testing Fri Dec 13 06:25:57 UTC 2019 /home/travis/build/icyphy/ptII/ptolemy/domains/de/test/auto/VariableDelay.xml
----------------- Instantiating /home/travis/build/icyphy/ptII/ptolemy/domains/de/test/auto/VariableDelay.xml
2 ms. Memory: 457728K Free: 313202K (68%)
----------------- Invoking toplevel() on ptolemy.moml.MoMLSimpleApplication@48f40015
----------------- Done invoking toplevel() on ptolemy.moml.MoMLSimpleApplication@48f40015
reloadAllAccessors: .VariableDelay

===========================================================================================
----------------- testing Fri Dec 13 06:25:57 UTC 2019 /home/travis/build/icyphy/ptII/ptolemy/domains/de/test/auto/VariableDelay2.xml
----------------- Instantiating /home/travis/build/icyphy/ptII/ptolemy/domains/de/test/auto/VariableDelay2.xml
2 ms. Memory: 457728K Free: 308626K (67%)
----------------- Invoking toplevel() on ptolemy.moml.MoMLSimpleApplication@44c88ff
----------------- Done invoking toplevel() on ptolemy.moml.MoMLSimpleApplication@44c88ff
reloadAllAccessors: .VariableDelay2

===========================================================================================
----------------- testing Fri Dec 13 06:25:58 UTC 2019 /home/travis/build/icyphy/ptII/ptolemy/domains/de/test/auto/VariableDelayZeroDelay.xml
----------------- Instantiating /home/travis/build/icyphy/ptII/ptolemy/domains/de/test/auto/VariableDelayZeroDelay.xml
2 ms. Memory: 457728K Free: 304530K (67%)
----------------- Invoking toplevel() on ptolemy.moml.MoMLSimpleApplication@40036ef
----------------- Done invoking toplevel() on ptolemy.moml.MoMLSimpleApplication@40036ef
reloadAllAccessors: .VariableDelayZeroDelay

===========================================================================================
----------------- testing Fri Dec 13 06:25:58 UTC 2019 /home/travis/build/icyphy/ptII/ptolemy/domains/de/test/auto/VariableDelayZeroDelay2.xml
----------------- Instantiating /home/travis/build/icyphy/ptII/ptolemy/domains/de/test/auto/VariableDelayZeroDelay2.xml
3 ms. Memory: 457728K Free: 300434K (66%)
----------------- Invoking toplevel() on ptolemy.moml.MoMLSimpleApplication@2ee601d3
----------------- Done invoking toplevel() on ptolemy.moml.MoMLSimpleApplication@2ee601d3
reloadAllAccessors: .VariableDelayZeroDelay2

===========================================================================================
----------------- testing Fri Dec 13 06:25:58 UTC 2019 /home/travis/build/icyphy/ptII/ptolemy/domains/de/test/auto/deInCt.xml
----------------- Instantiating /home/travis/build/icyphy/ptII/ptolemy/domains/de/test/auto/deInCt.xml
0
1
1
1
0
0
0
0
1
1
1
1
0
0
0
0
0
0
0
1
1
1
0
0
1
1
1
0
0
0
0
12 ms. Memory: 457728K Free: 295314K (65%)
----------------- Invoking toplevel() on ptolemy.moml.MoMLSimpleApplication@420cc6ef
----------------- Done invoking toplevel() on ptolemy.moml.MoMLSimpleApplication@420cc6ef
reloadAllAccessors: .deInCt

===========================================================================================
----------------- testing Fri Dec 13 06:25:58 UTC 2019 /home/travis/build/icyphy/ptII/ptolemy/domains/de/test/auto/deInCt2.xml
----------------- Instantiating /home/travis/build/icyphy/ptII/ptolemy/domains/de/test/auto/deInCt2.xml
0
1
1
1
0
0
1
1
1
0
0
1
1
1
0
0
1
1
1
0
0
1
1
1
0
0
1
1
1
0
0
1
1
1
0
0
1
1
1
0
0
0
8 ms. Memory: 457728K Free: 290194K (63%)
----------------- Invoking toplevel() on ptolemy.moml.MoMLSimpleApplication@76550fd7
----------------- Done invoking toplevel() on ptolemy.moml.MoMLSimpleApplication@76550fd7
reloadAllAccessors: .deInCt2

===========================================================================================
----------------- testing Fri Dec 13 06:25:58 UTC 2019 /home/travis/build/icyphy/ptII/ptolemy/domains/de/test/auto/dynamicCausalityInterface1.xml
----------------- Instantiating /home/travis/build/icyphy/ptII/ptolemy/domains/de/test/auto/dynamicCausalityInterface1.xml
0 ms. Memory: 457728K Free: 280978K (61%)
----------------- Invoking toplevel() on ptolemy.moml.MoMLSimpleApplication@287e1585
----------------- Done invoking toplevel() on ptolemy.moml.MoMLSimpleApplication@287e1585
reloadAllAccessors: .dynamicCausalityInterface1

===========================================================================================
----------------- testing Fri Dec 13 06:25:58 UTC 2019 /home/travis/build/icyphy/ptII/ptolemy/domains/de/test/auto/fsm_de_test.xml
----------------- Instantiating /home/travis/build/icyphy/ptII/ptolemy/domains/de/test/auto/fsm_de_test.xml
5 ms. Memory: 457728K Free: 271762K (59%)
----------------- Invoking toplevel() on ptolemy.moml.MoMLSimpleApplication@2661c6a4
----------------- Done invoking toplevel() on ptolemy.moml.MoMLSimpleApplication@2661c6a4
reloadAllAccessors: .fsm_de_test

===========================================================================================
----------------- testing Fri Dec 13 06:25:58 UTC 2019 /home/travis/build/icyphy/ptII/ptolemy/domains/de/test/auto/functionDependencyReconstruction.xml
----------------- Instantiating /home/travis/build/icyphy/ptII/ptolemy/domains/de/test/auto/functionDependencyReconstruction.xml
2 ms. Memory: 457728K Free: 256882K (56%)
----------------- Invoking toplevel() on ptolemy.moml.MoMLSimpleApplication@72127b1a
----------------- Done invoking toplevel() on ptolemy.moml.MoMLSimpleApplication@72127b1a
reloadAllAccessors: .functionDependencyReconstruction

===========================================================================================
----------------- testing Fri Dec 13 06:25:58 UTC 2019 /home/travis/build/icyphy/ptII/ptolemy/domains/de/test/auto/multirate.xml
----------------- Instantiating /home/travis/build/icyphy/ptII/ptolemy/domains/de/test/auto/multirate.xml
2 ms. Memory: 457728K Free: 250258K (55%)
----------------- Invoking toplevel() on ptolemy.moml.MoMLSimpleApplication@228fa9e7
----------------- Done invoking toplevel() on ptolemy.moml.MoMLSimpleApplication@228fa9e7
reloadAllAccessors: .multirate

===========================================================================================
----------------- testing Fri Dec 13 06:25:58 UTC 2019 /home/travis/build/icyphy/ptII/ptolemy/domains/de/test/auto/multirate2.xml
----------------- Instantiating /home/travis/build/icyphy/ptII/ptolemy/domains/de/test/auto/multirate2.xml
2 ms. Memory: 457728K Free: 243586K (53%)
----------------- Invoking toplevel() on ptolemy.moml.MoMLSimpleApplication@34970dfb
----------------- Done invoking toplevel() on ptolemy.moml.MoMLSimpleApplication@34970dfb
reloadAllAccessors: .multirate2

===========================================================================================
----------------- testing Fri Dec 13 06:25:58 UTC 2019 /home/travis/build/icyphy/ptII/ptolemy/domains/de/test/auto/realtime.xml
----------------- Instantiating /home/travis/build/icyphy/ptII/ptolemy/domains/de/test/auto/realtime.xml
10002 ms. Memory: 457728K Free: 238994K (52%)
----------------- Invoking toplevel() on ptolemy.moml.MoMLSimpleApplication@380db5ab
----------------- Done invoking toplevel() on ptolemy.moml.MoMLSimpleApplication@380db5ab
reloadAllAccessors: .realtime

===========================================================================================
----------------- testing Fri Dec 13 06:26:08 UTC 2019 /home/travis/build/icyphy/ptII/ptolemy/domains/de/test/auto/relationGroup.xml
----------------- Instantiating /home/travis/build/icyphy/ptII/ptolemy/domains/de/test/auto/relationGroup.xml
1 ms. Memory: 457728K Free: 235408K (51%)
----------------- Invoking toplevel() on ptolemy.moml.MoMLSimpleApplication@6a952a33
----------------- Done invoking toplevel() on ptolemy.moml.MoMLSimpleApplication@6a952a33
reloadAllAccessors: .relationGroup

===========================================================================================
----------------- testing Fri Dec 13 06:26:08 UTC 2019 /home/travis/build/icyphy/ptII/ptolemy/domains/de/test/auto/relationGroup2.xml
----------------- Instantiating /home/travis/build/icyphy/ptII/ptolemy/domains/de/test/auto/relationGroup2.xml
2 ms. Memory: 457728K Free: 231826K (51%)
----------------- Invoking toplevel() on ptolemy.moml.MoMLSimpleApplication@2b70e287
----------------- Done invoking toplevel() on ptolemy.moml.MoMLSimpleApplication@2b70e287
reloadAllAccessors: .relationGroup2

===========================================================================================
----------------- testing Fri Dec 13 06:26:08 UTC 2019 /home/travis/build/icyphy/ptII/ptolemy/domains/de/test/auto/sortWithOpaquePorts.xml
----------------- Instantiating /home/travis/build/icyphy/ptII/ptolemy/domains/de/test/auto/sortWithOpaquePorts.xml
1 ms. Memory: 457728K Free: 227186K (50%)
----------------- Invoking toplevel() on ptolemy.moml.MoMLSimpleApplication@66146b30
----------------- Done invoking toplevel() on ptolemy.moml.MoMLSimpleApplication@66146b30
reloadAllAccessors: .sortWithOpaquePorts

===========================================================================================
----------------- testing Fri Dec 13 06:26:08 UTC 2019 /home/travis/build/icyphy/ptII/ptolemy/domains/de/test/auto/transferInputsandOutputs.xml
----------------- Instantiating /home/travis/build/icyphy/ptII/ptolemy/domains/de/test/auto/transferInputsandOutputs.xml
3 ms. Memory: 457728K Free: 220048K (48%)
----------------- Invoking toplevel() on ptolemy.moml.MoMLSimpleApplication@b34bae3
----------------- Done invoking toplevel() on ptolemy.moml.MoMLSimpleApplication@b34bae3
reloadAllAccessors: .transferInputsandOutputs

===========================================================================================
----------------- testing Fri Dec 13 06:26:08 UTC 2019 /home/travis/build/icyphy/ptII/ptolemy/domains/de/test/auto/triggerType.xml
----------------- Instantiating /home/travis/build/icyphy/ptII/ptolemy/domains/de/test/auto/triggerType.xml
1 ms. Memory: 457728K Free: 215938K (47%)
----------------- Invoking toplevel() on ptolemy.moml.MoMLSimpleApplication@767e02d6
----------------- Done invoking toplevel() on ptolemy.moml.MoMLSimpleApplication@767e02d6
reloadAllAccessors: .triggerType
AutoTests.java: About to close Vertx.
AutoTests.java: Vertx closed.
]]></system-out>
  <system-err><![CDATA[java.lang.RuntimeException: Execution failed
	at ptolemy.moml.MoMLSimpleApplication$UnloadThread.run(MoMLSimpleApplication.java:402)
Caused by: ptolemy.kernel.util.IllegalActionException: Found a zero delay loop containing .dependencyLoop.original
  in .dependencyLoop and .dependencyLoop.original
	at ptolemy.actor.util.CausalityInterfaceForComposites._computeOutputPortDepth(CausalityInterfaceForComposites.java:759)
	at ptolemy.actor.util.CausalityInterfaceForComposites._computeInputDepth(CausalityInterfaceForComposites.java:696)
	at ptolemy.actor.util.CausalityInterfaceForComposites._computeOutputPortDepth(CausalityInterfaceForComposites.java:765)
	at ptolemy.actor.util.CausalityInterfaceForComposites._computeInputDepth(CausalityInterfaceForComposites.java:696)
	at ptolemy.actor.util.CausalityInterfaceForComposites._computeOutputPortDepth(CausalityInterfaceForComposites.java:765)
	at ptolemy.actor.util.CausalityInterfaceForComposites._computeInputDepth(CausalityInterfaceForComposites.java:696)
	at ptolemy.actor.util.CausalityInterfaceForComposites._computeActorDepth(CausalityInterfaceForComposites.java:532)
	at ptolemy.actor.util.CausalityInterfaceForComposites.checkForCycles(CausalityInterfaceForComposites.java:96)
	at ptolemy.domains.de.kernel.DEDirector.preinitialize(DEDirector.java:1338)
	at ptolemy.actor.CompositeActor.preinitialize(CompositeActor.java:1828)
	at ptolemy.actor.Manager.preinitializeAndResolveTypes(Manager.java:1040)
	at ptolemy.actor.Manager.initialize(Manager.java:710)
	at ptolemy.actor.Manager.execute(Manager.java:356)
	at ptolemy.actor.Manager.run(Manager.java:1263)
	at ptolemy.actor.Manager$PtolemyRunThread.run(Manager.java:1933)
java.lang.RuntimeException: Execution failed
	at ptolemy.moml.MoMLSimpleApplication$UnloadThread.run(MoMLSimpleApplication.java:402)
Caused by: ptolemy.kernel.util.IllegalActionException: Found a zero delay loop containing .dependencyLoop2.original
  in .dependencyLoop2 and .dependencyLoop2.original
	at ptolemy.actor.util.CausalityInterfaceForComposites._computeOutputPortDepth(CausalityInterfaceForComposites.java:759)
	at ptolemy.actor.util.CausalityInterfaceForComposites._computeInputDepth(CausalityInterfaceForComposites.java:696)
	at ptolemy.actor.util.CausalityInterfaceForComposites._computeOutputPortDepth(CausalityInterfaceForComposites.java:765)
	at ptolemy.actor.util.CausalityInterfaceForComposites._computeInputDepth(CausalityInterfaceForComposites.java:696)
	at ptolemy.actor.util.CausalityInterfaceForComposites._computeOutputPortDepth(CausalityInterfaceForComposites.java:765)
	at ptolemy.actor.util.CausalityInterfaceForComposites._computeInputDepth(CausalityInterfaceForComposites.java:696)
	at ptolemy.actor.util.CausalityInterfaceForComposites._computeActorDepth(CausalityInterfaceForComposites.java:532)
	at ptolemy.actor.util.CausalityInterfaceForComposites.checkForCycles(CausalityInterfaceForComposites.java:96)
	at ptolemy.domains.de.kernel.DEDirector.preinitialize(DEDirector.java:1338)
	at ptolemy.actor.CompositeActor.preinitialize(CompositeActor.java:1828)
	at ptolemy.actor.Manager.preinitializeAndResolveTypes(Manager.java:1040)
	at ptolemy.actor.Manager.initialize(Manager.java:710)
	at ptolemy.actor.Manager.execute(Manager.java:356)
	at ptolemy.actor.Manager.run(Manager.java:1263)
	at ptolemy.actor.Manager$PtolemyRunThread.run(Manager.java:1933)
java.lang.RuntimeException: Execution failed
	at ptolemy.moml.MoMLSimpleApplication$UnloadThread.run(MoMLSimpleApplication.java:402)
Caused by: ptolemy.kernel.util.IllegalActionException: Test fails in iteration 1.
Value was: 1.0. Should have been: 2.0
  in .DirectFeedback.Test
	at ptolemy.actor.lib.Test.fire(Test.java:268)
	at ptolemy.domains.de.kernel.DEDirector._fire(DEDirector.java:1949)
	at ptolemy.domains.de.kernel.DEDirector.fire(DEDirector.java:502)
	at ptolemy.actor.CompositeActor.fire(CompositeActor.java:455)
	at ptolemy.actor.Manager.iterate(Manager.java:851)
	at ptolemy.actor.Manager.execute(Manager.java:369)
	at ptolemy.actor.Manager.run(Manager.java:1263)
	at ptolemy.actor.Manager$PtolemyRunThread.run(Manager.java:1933)
java.lang.RuntimeException: Execution failed
	at ptolemy.moml.MoMLSimpleApplication$UnloadThread.run(MoMLSimpleApplication.java:402)
Caused by: ptolemy.kernel.util.IllegalActionException: Found a zero delay loop containing .dependencyLoop.original
  in .dependencyLoop and .dependencyLoop.original
	at ptolemy.actor.util.CausalityInterfaceForComposites._computeOutputPortDepth(CausalityInterfaceForComposites.java:759)
	at ptolemy.actor.util.CausalityInterfaceForComposites._computeInputDepth(CausalityInterfaceForComposites.java:696)
	at ptolemy.actor.util.CausalityInterfaceForComposites._computeOutputPortDepth(CausalityInterfaceForComposites.java:765)
	at ptolemy.actor.util.CausalityInterfaceForComposites._computeInputDepth(CausalityInterfaceForComposites.java:696)
	at ptolemy.actor.util.CausalityInterfaceForComposites._computeOutputPortDepth(CausalityInterfaceForComposites.java:765)
	at ptolemy.actor.util.CausalityInterfaceForComposites._computeInputDepth(CausalityInterfaceForComposites.java:696)
	at ptolemy.actor.util.CausalityInterfaceForComposites._computeActorDepth(CausalityInterfaceForComposites.java:532)
	at ptolemy.actor.util.CausalityInterfaceForComposites.checkForCycles(CausalityInterfaceForComposites.java:96)
	at ptolemy.domains.de.kernel.DEDirector.preinitialize(DEDirector.java:1338)
	at ptolemy.actor.CompositeActor.preinitialize(CompositeActor.java:1828)
	at ptolemy.actor.Manager.preinitializeAndResolveTypes(Manager.java:1040)
	at ptolemy.actor.Manager.initialize(Manager.java:710)
	at ptolemy.actor.Manager.execute(Manager.java:356)
	at ptolemy.actor.Manager.run(Manager.java:1263)
	at ptolemy.actor.Manager$PtolemyRunThread.run(Manager.java:1933)
java.lang.RuntimeException: Execution failed
	at ptolemy.moml.MoMLSimpleApplication$UnloadThread.run(MoMLSimpleApplication.java:402)
Caused by: ptolemy.kernel.util.IllegalActionException: Found a zero delay loop containing .HierarchicalModel.A
  in .HierarchicalModel and .HierarchicalModel.A
	at ptolemy.actor.util.CausalityInterfaceForComposites._computeOutputPortDepth(CausalityInterfaceForComposites.java:759)
	at ptolemy.actor.util.CausalityInterfaceForComposites._computeInputDepth(CausalityInterfaceForComposites.java:696)
	at ptolemy.actor.util.CausalityInterfaceForComposites._computeOutputPortDepth(CausalityInterfaceForComposites.java:765)
	at ptolemy.actor.util.CausalityInterfaceForComposites._computeInputDepth(CausalityInterfaceForComposites.java:696)
	at ptolemy.actor.util.CausalityInterfaceForComposites._computeOutputPortDepth(CausalityInterfaceForComposites.java:765)
	at ptolemy.actor.util.CausalityInterfaceForComposites._computeInputDepth(CausalityInterfaceForComposites.java:696)
	at ptolemy.actor.util.CausalityInterfaceForComposites._computeActorDepth(CausalityInterfaceForComposites.java:532)
	at ptolemy.actor.util.CausalityInterfaceForComposites.checkForCycles(CausalityInterfaceForComposites.java:96)
	at ptolemy.domains.de.kernel.DEDirector.preinitialize(DEDirector.java:1338)
	at ptolemy.actor.CompositeActor.preinitialize(CompositeActor.java:1828)
	at ptolemy.actor.Manager.preinitializeAndResolveTypes(Manager.java:1040)
	at ptolemy.actor.Manager.initialize(Manager.java:710)
	at ptolemy.actor.Manager.execute(Manager.java:356)
	at ptolemy.actor.Manager.run(Manager.java:1263)
	at ptolemy.actor.Manager$PtolemyRunThread.run(Manager.java:1933)
java.lang.RuntimeException: Execution failed
	at ptolemy.moml.MoMLSimpleApplication$UnloadThread.run(MoMLSimpleApplication.java:402)
Caused by: ptolemy.kernel.util.IllegalActionException: Found a zero delay loop containing .dependencyLoop2.original
  in .dependencyLoop2 and .dependencyLoop2.original
	at ptolemy.actor.util.CausalityInterfaceForComposites._computeOutputPortDepth(CausalityInterfaceForComposites.java:759)
	at ptolemy.actor.util.CausalityInterfaceForComposites._computeInputDepth(CausalityInterfaceForComposites.java:696)
	at ptolemy.actor.util.CausalityInterfaceForComposites._computeOutputPortDepth(CausalityInterfaceForComposites.java:765)
	at ptolemy.actor.util.CausalityInterfaceForComposites._computeInputDepth(CausalityInterfaceForComposites.java:696)
	at ptolemy.actor.util.CausalityInterfaceForComposites._computeOutputPortDepth(CausalityInterfaceForComposites.java:765)
	at ptolemy.actor.util.CausalityInterfaceForComposites._computeInputDepth(CausalityInterfaceForComposites.java:696)
	at ptolemy.actor.util.CausalityInterfaceForComposites._computeActorDepth(CausalityInterfaceForComposites.java:532)
	at ptolemy.actor.util.CausalityInterfaceForComposites.checkForCycles(CausalityInterfaceForComposites.java:96)
	at ptolemy.domains.de.kernel.DEDirector.preinitialize(DEDirector.java:1338)
	at ptolemy.actor.CompositeActor.preinitialize(CompositeActor.java:1828)
	at ptolemy.actor.Manager.preinitializeAndResolveTypes(Manager.java:1040)
	at ptolemy.actor.Manager.initialize(Manager.java:710)
	at ptolemy.actor.Manager.execute(Manager.java:356)
	at ptolemy.actor.Manager.run(Manager.java:1263)
	at ptolemy.actor.Manager$PtolemyRunThread.run(Manager.java:1933)
java.lang.RuntimeException: Execution failed
	at ptolemy.moml.MoMLSimpleApplication$UnloadThread.run(MoMLSimpleApplication.java:402)
Caused by: ptolemy.kernel.util.IllegalActionException: Actor is not ready to fire.  Perhaps UpSample.prefire() returned false? Try debugging the actor by selecting "Listen to Actor".  Also, for SDF check moml for tokenConsumptionRate on input.
  in .DESDFClockTest.Play Bell.Copy1:SDF Director and .DESDFClockTest.Play Bell.UpSample
	at ptolemy.actor.sched.StaticSchedulingDirector.fire(StaticSchedulingDirector.java:227)
	at ptolemy.domains.sdf.kernel.SDFDirector.fire(SDFDirector.java:500)
	at ptolemy.actor.CompositeActor.fire(CompositeActor.java:455)
	at ptolemy.domains.de.kernel.DEDirector._fire(DEDirector.java:1949)
	at ptolemy.domains.de.kernel.DEDirector.fire(DEDirector.java:502)
	at ptolemy.actor.CompositeActor.fire(CompositeActor.java:455)
	at ptolemy.actor.Manager.iterate(Manager.java:851)
	at ptolemy.actor.Manager.execute(Manager.java:369)
	at ptolemy.actor.Manager.run(Manager.java:1263)
	at ptolemy.actor.Manager$PtolemyRunThread.run(Manager.java:1933)
java.lang.RuntimeException: Execution failed
	at ptolemy.moml.MoMLSimpleApplication$UnloadThread.run(MoMLSimpleApplication.java:402)
Caused by: ptolemy.kernel.util.IllegalActionException: Actor is not ready to fire.  Perhaps UpSample.prefire() returned false? Try debugging the actor by selecting "Listen to Actor".  Also, for SDF check moml for tokenConsumptionRate on input.
  in .DESDFClockTest.Play Bell.Copy1:SDF Director and .DESDFClockTest.Play Bell.UpSample
	at ptolemy.actor.sched.StaticSchedulingDirector.fire(StaticSchedulingDirector.java:227)
	at ptolemy.domains.sdf.kernel.SDFDirector.fire(SDFDirector.java:500)
	at ptolemy.actor.CompositeActor.fire(CompositeActor.java:455)
	at ptolemy.domains.de.kernel.DEDirector._fire(DEDirector.java:1949)
	at ptolemy.domains.de.kernel.DEDirector.fire(DEDirector.java:502)
	at ptolemy.actor.CompositeActor.fire(CompositeActor.java:455)
	at ptolemy.actor.Manager.iterate(Manager.java:851)
	at ptolemy.actor.Manager.execute(Manager.java:369)
	at ptolemy.actor.Manager.run(Manager.java:1263)
	at ptolemy.actor.Manager$PtolemyRunThread.run(Manager.java:1933)
java.lang.reflect.InvocationTargetException
	at java.base/jdk.internal.reflect.NativeConstructorAccessorImpl.newInstance0(Native Method)
	at java.base/jdk.internal.reflect.NativeConstructorAccessorImpl.newInstance(NativeConstructorAccessorImpl.java:62)
	at java.base/jdk.internal.reflect.DelegatingConstructorAccessorImpl.newInstance(DelegatingConstructorAccessorImpl.java:45)
	at java.base/java.lang.reflect.Constructor.newInstance(Constructor.java:490)
	at ptolemy.util.test.junit.AutoKnownFailedTests.RunModel(AutoKnownFailedTests.java:105)
	at java.base/jdk.internal.reflect.NativeMethodAccessorImpl.invoke0(Native Method)
	at java.base/jdk.internal.reflect.NativeMethodAccessorImpl.invoke(NativeMethodAccessorImpl.java:62)
	at java.base/jdk.internal.reflect.DelegatingMethodAccessorImpl.invoke(DelegatingMethodAccessorImpl.java:43)
	at java.base/java.lang.reflect.Method.invoke(Method.java:566)
	at org.junit.runners.model.FrameworkMethod$1.runReflectiveCall(FrameworkMethod.java:44)
	at org.junit.internal.runners.model.ReflectiveCallable.run(ReflectiveCallable.java:15)
	at org.junit.runners.model.FrameworkMethod.invokeExplosively(FrameworkMethod.java:41)
	at junitparams.internal.InvokeParameterisedMethod.evaluate(InvokeParameterisedMethod.java:102)
	at org.junit.internal.runners.statements.FailOnTimeout$1.run(FailOnTimeout.java:28)
Caused by: ptolemy.kernel.util.IllegalActionException: Actor is not ready to fire.  Perhaps UpSample.prefire() returned false? Try debugging the actor by selecting "Listen to Actor".  Also, for SDF check moml for tokenConsumptionRate on input.
  in .DESDFClockTest.Play Bell.Copy1:SDF Director and .DESDFClockTest.Play Bell.UpSample
	at ptolemy.actor.sched.StaticSchedulingDirector.fire(StaticSchedulingDirector.java:227)
	at ptolemy.domains.sdf.kernel.SDFDirector.fire(SDFDirector.java:500)
	at ptolemy.actor.CompositeActor.fire(CompositeActor.java:455)
	at ptolemy.domains.de.kernel.DEDirector._fire(DEDirector.java:1949)
	at ptolemy.domains.de.kernel.DEDirector.fire(DEDirector.java:502)
	at ptolemy.actor.CompositeActor.fire(CompositeActor.java:455)
	at ptolemy.actor.Manager.iterate(Manager.java:851)
	at ptolemy.actor.Manager.execute(Manager.java:369)
	at ptolemy.actor.Manager.run(Manager.java:1263)
	at ptolemy.actor.Manager$PtolemyRunThread.run(Manager.java:1933)
java.lang.RuntimeException: Execution failed
	at ptolemy.moml.MoMLSimpleApplication$UnloadThread.run(MoMLSimpleApplication.java:402)
Caused by: ptolemy.kernel.util.IllegalActionException: Test fails in iteration 1.
Value was: 1.0. Should have been: 2.0
  in .DirectFeedback.Test
	at ptolemy.actor.lib.Test.fire(Test.java:268)
	at ptolemy.domains.de.kernel.DEDirector._fire(DEDirector.java:1949)
	at ptolemy.domains.de.kernel.DEDirector.fire(DEDirector.java:502)
	at ptolemy.actor.CompositeActor.fire(CompositeActor.java:455)
	at ptolemy.actor.Manager.iterate(Manager.java:851)
	at ptolemy.actor.Manager.execute(Manager.java:369)
	at ptolemy.actor.Manager.run(Manager.java:1263)
	at ptolemy.actor.Manager$PtolemyRunThread.run(Manager.java:1933)
java.lang.reflect.InvocationTargetException
	at java.base/jdk.internal.reflect.NativeConstructorAccessorImpl.newInstance0(Native Method)
	at java.base/jdk.internal.reflect.NativeConstructorAccessorImpl.newInstance(NativeConstructorAccessorImpl.java:62)
	at java.base/jdk.internal.reflect.DelegatingConstructorAccessorImpl.newInstance(DelegatingConstructorAccessorImpl.java:45)
	at java.base/java.lang.reflect.Constructor.newInstance(Constructor.java:490)
	at ptolemy.util.test.junit.AutoKnownFailedTests.RunModel(AutoKnownFailedTests.java:105)
	at java.base/jdk.internal.reflect.NativeMethodAccessorImpl.invoke0(Native Method)
	at java.base/jdk.internal.reflect.NativeMethodAccessorImpl.invoke(NativeMethodAccessorImpl.java:62)
	at java.base/jdk.internal.reflect.DelegatingMethodAccessorImpl.invoke(DelegatingMethodAccessorImpl.java:43)
	at java.base/java.lang.reflect.Method.invoke(Method.java:566)
	at org.junit.runners.model.FrameworkMethod$1.runReflectiveCall(FrameworkMethod.java:44)
	at org.junit.internal.runners.model.ReflectiveCallable.run(ReflectiveCallable.java:15)
	at org.junit.runners.model.FrameworkMethod.invokeExplosively(FrameworkMethod.java:41)
	at junitparams.internal.InvokeParameterisedMethod.evaluate(InvokeParameterisedMethod.java:102)
	at org.junit.internal.runners.statements.FailOnTimeout$1.run(FailOnTimeout.java:28)
Caused by: ptolemy.kernel.util.IllegalActionException: Test fails in iteration 1.
Value was: 1.0. Should have been: 2.0
  in .DirectFeedback.Test
	at ptolemy.actor.lib.Test.fire(Test.java:268)
	at ptolemy.domains.de.kernel.DEDirector._fire(DEDirector.java:1949)
	at ptolemy.domains.de.kernel.DEDirector.fire(DEDirector.java:502)
	at ptolemy.actor.CompositeActor.fire(CompositeActor.java:455)
	at ptolemy.actor.Manager.iterate(Manager.java:851)
	at ptolemy.actor.Manager.execute(Manager.java:369)
	at ptolemy.actor.Manager.run(Manager.java:1263)
	at ptolemy.actor.Manager$PtolemyRunThread.run(Manager.java:1933)
java.lang.RuntimeException: Execution failed
	at ptolemy.moml.MoMLSimpleApplication$UnloadThread.run(MoMLSimpleApplication.java:402)
Caused by: ptolemy.kernel.util.IllegalActionException: Found a zero delay loop containing .HierarchicalModel.A
  in .HierarchicalModel and .HierarchicalModel.A
	at ptolemy.actor.util.CausalityInterfaceForComposites._computeOutputPortDepth(CausalityInterfaceForComposites.java:759)
	at ptolemy.actor.util.CausalityInterfaceForComposites._computeInputDepth(CausalityInterfaceForComposites.java:696)
	at ptolemy.actor.util.CausalityInterfaceForComposites._computeOutputPortDepth(CausalityInterfaceForComposites.java:765)
	at ptolemy.actor.util.CausalityInterfaceForComposites._computeInputDepth(CausalityInterfaceForComposites.java:696)
	at ptolemy.actor.util.CausalityInterfaceForComposites._computeOutputPortDepth(CausalityInterfaceForComposites.java:765)
	at ptolemy.actor.util.CausalityInterfaceForComposites._computeInputDepth(CausalityInterfaceForComposites.java:696)
	at ptolemy.actor.util.CausalityInterfaceForComposites._computeActorDepth(CausalityInterfaceForComposites.java:532)
	at ptolemy.actor.util.CausalityInterfaceForComposites.checkForCycles(CausalityInterfaceForComposites.java:96)
	at ptolemy.domains.de.kernel.DEDirector.preinitialize(DEDirector.java:1338)
	at ptolemy.actor.CompositeActor.preinitialize(CompositeActor.java:1828)
	at ptolemy.actor.Manager.preinitializeAndResolveTypes(Manager.java:1040)
	at ptolemy.actor.Manager.initialize(Manager.java:710)
	at ptolemy.actor.Manager.execute(Manager.java:356)
	at ptolemy.actor.Manager.run(Manager.java:1263)
	at ptolemy.actor.Manager$PtolemyRunThread.run(Manager.java:1933)
java.lang.reflect.InvocationTargetException
	at java.base/jdk.internal.reflect.NativeConstructorAccessorImpl.newInstance0(Native Method)
	at java.base/jdk.internal.reflect.NativeConstructorAccessorImpl.newInstance(NativeConstructorAccessorImpl.java:62)
	at java.base/jdk.internal.reflect.DelegatingConstructorAccessorImpl.newInstance(DelegatingConstructorAccessorImpl.java:45)
	at java.base/java.lang.reflect.Constructor.newInstance(Constructor.java:490)
	at ptolemy.util.test.junit.AutoKnownFailedTests.RunModel(AutoKnownFailedTests.java:105)
	at java.base/jdk.internal.reflect.NativeMethodAccessorImpl.invoke0(Native Method)
	at java.base/jdk.internal.reflect.NativeMethodAccessorImpl.invoke(NativeMethodAccessorImpl.java:62)
	at java.base/jdk.internal.reflect.DelegatingMethodAccessorImpl.invoke(DelegatingMethodAccessorImpl.java:43)
	at java.base/java.lang.reflect.Method.invoke(Method.java:566)
	at org.junit.runners.model.FrameworkMethod$1.runReflectiveCall(FrameworkMethod.java:44)
	at org.junit.internal.runners.model.ReflectiveCallable.run(ReflectiveCallable.java:15)
	at org.junit.runners.model.FrameworkMethod.invokeExplosively(FrameworkMethod.java:41)
	at junitparams.internal.InvokeParameterisedMethod.evaluate(InvokeParameterisedMethod.java:102)
	at org.junit.internal.runners.statements.FailOnTimeout$1.run(FailOnTimeout.java:28)
Caused by: ptolemy.kernel.util.IllegalActionException: Found a zero delay loop containing .HierarchicalModel.A
  in .HierarchicalModel and .HierarchicalModel.A
	at ptolemy.actor.util.CausalityInterfaceForComposites._computeOutputPortDepth(CausalityInterfaceForComposites.java:759)
	at ptolemy.actor.util.CausalityInterfaceForComposites._computeInputDepth(CausalityInterfaceForComposites.java:696)
	at ptolemy.actor.util.CausalityInterfaceForComposites._computeOutputPortDepth(CausalityInterfaceForComposites.java:765)
	at ptolemy.actor.util.CausalityInterfaceForComposites._computeInputDepth(CausalityInterfaceForComposites.java:696)
	at ptolemy.actor.util.CausalityInterfaceForComposites._computeOutputPortDepth(CausalityInterfaceForComposites.java:765)
	at ptolemy.actor.util.CausalityInterfaceForComposites._computeInputDepth(CausalityInterfaceForComposites.java:696)
	at ptolemy.actor.util.CausalityInterfaceForComposites._computeActorDepth(CausalityInterfaceForComposites.java:532)
	at ptolemy.actor.util.CausalityInterfaceForComposites.checkForCycles(CausalityInterfaceForComposites.java:96)
	at ptolemy.domains.de.kernel.DEDirector.preinitialize(DEDirector.java:1338)
	at ptolemy.actor.CompositeActor.preinitialize(CompositeActor.java:1828)
	at ptolemy.actor.Manager.preinitializeAndResolveTypes(Manager.java:1040)
	at ptolemy.actor.Manager.initialize(Manager.java:710)
	at ptolemy.actor.Manager.execute(Manager.java:356)
	at ptolemy.actor.Manager.run(Manager.java:1263)
	at ptolemy.actor.Manager$PtolemyRunThread.run(Manager.java:1933)
java.lang.RuntimeException: Execution failed
	at ptolemy.moml.MoMLSimpleApplication$UnloadThread.run(MoMLSimpleApplication.java:402)
Caused by: ptolemy.kernel.util.IllegalActionException: Found a zero delay loop containing .dependencyLoop.original
  in .dependencyLoop and .dependencyLoop.original
	at ptolemy.actor.util.CausalityInterfaceForComposites._computeOutputPortDepth(CausalityInterfaceForComposites.java:759)
	at ptolemy.actor.util.CausalityInterfaceForComposites._computeInputDepth(CausalityInterfaceForComposites.java:696)
	at ptolemy.actor.util.CausalityInterfaceForComposites._computeOutputPortDepth(CausalityInterfaceForComposites.java:765)
	at ptolemy.actor.util.CausalityInterfaceForComposites._computeInputDepth(CausalityInterfaceForComposites.java:696)
	at ptolemy.actor.util.CausalityInterfaceForComposites._computeOutputPortDepth(CausalityInterfaceForComposites.java:765)
	at ptolemy.actor.util.CausalityInterfaceForComposites._computeInputDepth(CausalityInterfaceForComposites.java:696)
	at ptolemy.actor.util.CausalityInterfaceForComposites._computeActorDepth(CausalityInterfaceForComposites.java:532)
	at ptolemy.actor.util.CausalityInterfaceForComposites.checkForCycles(CausalityInterfaceForComposites.java:96)
	at ptolemy.domains.de.kernel.DEDirector.preinitialize(DEDirector.java:1338)
	at ptolemy.actor.CompositeActor.preinitialize(CompositeActor.java:1828)
	at ptolemy.actor.Manager.preinitializeAndResolveTypes(Manager.java:1040)
	at ptolemy.actor.Manager.initialize(Manager.java:710)
	at ptolemy.actor.Manager.execute(Manager.java:356)
	at ptolemy.actor.Manager.run(Manager.java:1263)
	at ptolemy.actor.Manager$PtolemyRunThread.run(Manager.java:1933)
java.lang.reflect.InvocationTargetException
	at java.base/jdk.internal.reflect.NativeConstructorAccessorImpl.newInstance0(Native Method)
	at java.base/jdk.internal.reflect.NativeConstructorAccessorImpl.newInstance(NativeConstructorAccessorImpl.java:62)
	at java.base/jdk.internal.reflect.DelegatingConstructorAccessorImpl.newInstance(DelegatingConstructorAccessorImpl.java:45)
	at java.base/java.lang.reflect.Constructor.newInstance(Constructor.java:490)
	at ptolemy.util.test.junit.AutoKnownFailedTests.RunModel(AutoKnownFailedTests.java:105)
	at java.base/jdk.internal.reflect.NativeMethodAccessorImpl.invoke0(Native Method)
	at java.base/jdk.internal.reflect.NativeMethodAccessorImpl.invoke(NativeMethodAccessorImpl.java:62)
	at java.base/jdk.internal.reflect.DelegatingMethodAccessorImpl.invoke(DelegatingMethodAccessorImpl.java:43)
	at java.base/java.lang.reflect.Method.invoke(Method.java:566)
	at org.junit.runners.model.FrameworkMethod$1.runReflectiveCall(FrameworkMethod.java:44)
	at org.junit.internal.runners.model.ReflectiveCallable.run(ReflectiveCallable.java:15)
	at org.junit.runners.model.FrameworkMethod.invokeExplosively(FrameworkMethod.java:41)
	at junitparams.internal.InvokeParameterisedMethod.evaluate(InvokeParameterisedMethod.java:102)
	at org.junit.internal.runners.statements.FailOnTimeout$1.run(FailOnTimeout.java:28)
Caused by: ptolemy.kernel.util.IllegalActionException: Found a zero delay loop containing .dependencyLoop.original
  in .dependencyLoop and .dependencyLoop.original
	at ptolemy.actor.util.CausalityInterfaceForComposites._computeOutputPortDepth(CausalityInterfaceForComposites.java:759)
	at ptolemy.actor.util.CausalityInterfaceForComposites._computeInputDepth(CausalityInterfaceForComposites.java:696)
	at ptolemy.actor.util.CausalityInterfaceForComposites._computeOutputPortDepth(CausalityInterfaceForComposites.java:765)
	at ptolemy.actor.util.CausalityInterfaceForComposites._computeInputDepth(CausalityInterfaceForComposites.java:696)
	at ptolemy.actor.util.CausalityInterfaceForComposites._computeOutputPortDepth(CausalityInterfaceForComposites.java:765)
	at ptolemy.actor.util.CausalityInterfaceForComposites._computeInputDepth(CausalityInterfaceForComposites.java:696)
	at ptolemy.actor.util.CausalityInterfaceForComposites._computeActorDepth(CausalityInterfaceForComposites.java:532)
	at ptolemy.actor.util.CausalityInterfaceForComposites.checkForCycles(CausalityInterfaceForComposites.java:96)
	at ptolemy.domains.de.kernel.DEDirector.preinitialize(DEDirector.java:1338)
	at ptolemy.actor.CompositeActor.preinitialize(CompositeActor.java:1828)
	at ptolemy.actor.Manager.preinitializeAndResolveTypes(Manager.java:1040)
	at ptolemy.actor.Manager.initialize(Manager.java:710)
	at ptolemy.actor.Manager.execute(Manager.java:356)
	at ptolemy.actor.Manager.run(Manager.java:1263)
	at ptolemy.actor.Manager$PtolemyRunThread.run(Manager.java:1933)
java.lang.RuntimeException: Execution failed
	at ptolemy.moml.MoMLSimpleApplication$UnloadThread.run(MoMLSimpleApplication.java:402)
Caused by: ptolemy.kernel.util.IllegalActionException: Found a zero delay loop containing .dependencyLoop2.original
  in .dependencyLoop2 and .dependencyLoop2.original
	at ptolemy.actor.util.CausalityInterfaceForComposites._computeOutputPortDepth(CausalityInterfaceForComposites.java:759)
	at ptolemy.actor.util.CausalityInterfaceForComposites._computeInputDepth(CausalityInterfaceForComposites.java:696)
	at ptolemy.actor.util.CausalityInterfaceForComposites._computeOutputPortDepth(CausalityInterfaceForComposites.java:765)
	at ptolemy.actor.util.CausalityInterfaceForComposites._computeInputDepth(CausalityInterfaceForComposites.java:696)
	at ptolemy.actor.util.CausalityInterfaceForComposites._computeOutputPortDepth(CausalityInterfaceForComposites.java:765)
	at ptolemy.actor.util.CausalityInterfaceForComposites._computeInputDepth(CausalityInterfaceForComposites.java:696)
	at ptolemy.actor.util.CausalityInterfaceForComposites._computeActorDepth(CausalityInterfaceForComposites.java:532)
	at ptolemy.actor.util.CausalityInterfaceForComposites.checkForCycles(CausalityInterfaceForComposites.java:96)
	at ptolemy.domains.de.kernel.DEDirector.preinitialize(DEDirector.java:1338)
	at ptolemy.actor.CompositeActor.preinitialize(CompositeActor.java:1828)
	at ptolemy.actor.Manager.preinitializeAndResolveTypes(Manager.java:1040)
	at ptolemy.actor.Manager.initialize(Manager.java:710)
	at ptolemy.actor.Manager.execute(Manager.java:356)
	at ptolemy.actor.Manager.run(Manager.java:1263)
	at ptolemy.actor.Manager$PtolemyRunThread.run(Manager.java:1933)
java.lang.reflect.InvocationTargetException
	at java.base/jdk.internal.reflect.NativeConstructorAccessorImpl.newInstance0(Native Method)
	at java.base/jdk.internal.reflect.NativeConstructorAccessorImpl.newInstance(NativeConstructorAccessorImpl.java:62)
	at java.base/jdk.internal.reflect.DelegatingConstructorAccessorImpl.newInstance(DelegatingConstructorAccessorImpl.java:45)
	at java.base/java.lang.reflect.Constructor.newInstance(Constructor.java:490)
	at ptolemy.util.test.junit.AutoKnownFailedTests.RunModel(AutoKnownFailedTests.java:105)
	at java.base/jdk.internal.reflect.NativeMethodAccessorImpl.invoke0(Native Method)
	at java.base/jdk.internal.reflect.NativeMethodAccessorImpl.invoke(NativeMethodAccessorImpl.java:62)
	at java.base/jdk.internal.reflect.DelegatingMethodAccessorImpl.invoke(DelegatingMethodAccessorImpl.java:43)
	at java.base/java.lang.reflect.Method.invoke(Method.java:566)
	at org.junit.runners.model.FrameworkMethod$1.runReflectiveCall(FrameworkMethod.java:44)
	at org.junit.internal.runners.model.ReflectiveCallable.run(ReflectiveCallable.java:15)
	at org.junit.runners.model.FrameworkMethod.invokeExplosively(FrameworkMethod.java:41)
	at junitparams.internal.InvokeParameterisedMethod.evaluate(InvokeParameterisedMethod.java:102)
	at org.junit.internal.runners.statements.FailOnTimeout$1.run(FailOnTimeout.java:28)
Caused by: ptolemy.kernel.util.IllegalActionException: Found a zero delay loop containing .dependencyLoop2.original
  in .dependencyLoop2 and .dependencyLoop2.original
	at ptolemy.actor.util.CausalityInterfaceForComposites._computeOutputPortDepth(CausalityInterfaceForComposites.java:759)
	at ptolemy.actor.util.CausalityInterfaceForComposites._computeInputDepth(CausalityInterfaceForComposites.java:696)
	at ptolemy.actor.util.CausalityInterfaceForComposites._computeOutputPortDepth(CausalityInterfaceForComposites.java:765)
	at ptolemy.actor.util.CausalityInterfaceForComposites._computeInputDepth(CausalityInterfaceForComposites.java:696)
	at ptolemy.actor.util.CausalityInterfaceForComposites._computeOutputPortDepth(CausalityInterfaceForComposites.java:765)
	at ptolemy.actor.util.CausalityInterfaceForComposites._computeInputDepth(CausalityInterfaceForComposites.java:696)
	at ptolemy.actor.util.CausalityInterfaceForComposites._computeActorDepth(CausalityInterfaceForComposites.java:532)
	at ptolemy.actor.util.CausalityInterfaceForComposites.checkForCycles(CausalityInterfaceForComposites.java:96)
	at ptolemy.domains.de.kernel.DEDirector.preinitialize(DEDirector.java:1338)
	at ptolemy.actor.CompositeActor.preinitialize(CompositeActor.java:1828)
	at ptolemy.actor.Manager.preinitializeAndResolveTypes(Manager.java:1040)
	at ptolemy.actor.Manager.initialize(Manager.java:710)
	at ptolemy.actor.Manager.execute(Manager.java:356)
	at ptolemy.actor.Manager.run(Manager.java:1263)
	at ptolemy.actor.Manager$PtolemyRunThread.run(Manager.java:1933)
]]></system-err>
</testsuite>
