<?xml version="1.0" encoding="UTF-8" ?>
<testsuite errors="0" failures="0" hostname="travis-job-9ebd8aab-05e8-47b9-a154-5eeb3ca7dce7" name="ptolemy.domains.de.test.junit.JUnitTclTest" skipped="0" tests="101" time="128.72" timestamp="2019-02-22T18:47:29">
  <properties>
    <property name="npm.executable" value="npm" />
    <property name="file.encoding.pkg" value="sun.io" />
    <property name="env.TRAVIS_ROOT" value="/" />
    <property name="ptII.mk.exists" value="true" />
    <property name="env.TRAVIS_APP_HOST" value="build.travis-ci.org" />
    <property name="env.rvm_bin_path" value="/home/travis/.rvm/bin" />
    <property name="java.home" value="/usr/lib/jvm/java-8-oracle/jre" />
    <property name="env.TRAVIS_JOB_NUMBER" value="1012.9" />
    <property name="env.TRAVIS_HOME" value="/home/travis" />
    <property name="env.DISPLAY" value=":99.0" />
    <property name="java.net.preferIPv4Stack" value="true" />
    <property name="env.TRAVIS_INIT" value="upstart" />
    <property name="env.SSH_TTY" value="/dev/pts/0" />
    <property name="env.RUN_TESTS" value="true" />
    <property name="timeout.short" value="1000000" />
    <property name="env.TRAVIS_JOB_NAME" value="" />
    <property name="env.TRAVIS_STACK_NODE_ATTRIBUTES" value="/.node-attributes.yml" />
    <property name="junit.formatter" value="xml" />
    <property name="java.endorsed.dirs" value="/usr/lib/jvm/java-8-oracle/jre/lib/endorsed" />
    <property name="env.TRAVIS_SUDO" value="true" />
    <property name="env.LOGNAME" value="travis" />
    <property name="jsdoc.home" value="node_modules/@terraswarm/jsdoc" />
    <property name="debuglevel" value="source,lines,vars" />
    <property name="checkstyle.formatter" value="xml" />
    <property name="bin.vergil.makeable" value="true" />
    <property name="env._system_version" value="14.04" />
    <property name="sun.os.patch.level" value="unknown" />
    <property name="java.vendor.url" value="http://java.oracle.com/" />
    <property name="env.TRAVIS_BUILD_WEB_URL" value="https://travis-ci.org/icyphy/ptII/builds/497168913" />
    <property name="java.version" value="1.8.0_151" />
    <property name="env.TZ" value="UTC" />
    <property name="env.PT_NO_NET" value="true" />
    <property name="env.TRAVIS_PULL_REQUEST_SHA" value="" />
    <property name="env.TRAVIS_SECURE_ENV_VARS" value="true" />
    <property name="env._system_type" value="Linux" />
    <property name="java.vendor.url.bug" value="http://bugreport.sun.com/bugreport/" />
    <property name="env.SSH_CLIENT" value="10.10.4.77 53556 22" />
    <property name="npmjs-org-is-up" value="true" />
    <property name="env.GEM_HOME" value="/home/travis/.rvm/gems/ruby-2.4.1" />
    <property name="env.HAS_ANTARES_THREE_LITTLE_FRONZIES_BADGE" value="true" />
    <property name="env.PS4" value="+" />
    <property name="ant.project.invoked-targets" value="build,test.core2.xml" />
    <property name="env.TRAVIS_PULL_REQUEST_BRANCH" value="" />
    <property name="env.TRAVIS_REPO_SLUG" value="icyphy/ptII" />
    <property name="env.TRAVIS_APT_PROXY" value="http://build-cache.travisci.net" />
    <property name="node.in.path" value="true" />
    <property name="java.maxmemory" value="1400m" />
    <property name="env.RUBY_VERSION" value="ruby-2.4.1" />
    <property name="user.name" value="travis" />
    <property name="env.LANG" value="en_US.UTF-8" />
    <property name="sun.io.unicode.encoding" value="UnicodeLittle" />
    <property name="sun.jnu.encoding" value="UTF-8" />
    <property name="java.runtime.name" value="Java(TM) SE Runtime Environment" />
    <property name="usefile" value="false" />
    <property name="return.code" value="0" />
    <property name="junit.single.formatter" value="plain" />
    <property name="env.DYLD_LIBRARY_PATH" value="/home/travis/pthla/certi-tools/lib:" />
    <property name="env.DEBIAN_FRONTEND" value="noninteractive" />
    <property name="env.SSH_CONNECTION" value="10.10.4.77 53556 10.20.1.4 22" />
    <property name="env.MYSQL_UNIX_PORT" value="/var/run/mysqld/mysqld.sock" />
    <property name="env.TRAVIS_ALLOW_FAILURE" value="false" />
    <property name="env.LC_ALL" value="en_US.UTF-8" />
    <property name="env.TRAVIS_JOB_WEB_URL" value="https://travis-ci.org/icyphy/ptII/jobs/497168922" />
    <property name="java.specification.name" value="Java Platform API Specification" />
    <property name="node.works" value="true" />
    <property name="user.timezone" value="" />
    <property name="path.separator" value=":" />
    <property name="env.TRAVIS_ENABLE_INFRA_DETECTION" value="true" />
    <property name="env.PYTHON_CFLAGS" value="-g -fstack-protector --param=ssp-buffer-size=4 -Wformat -Werror=format-security" />
    <property name="timeout.long" value="4000000" />
    <property name="env.CERTI_HOME" value="/home/travis/pthla/certi-tools" />
    <property name="file.encoding" value="UTF-8" />
    <property name="ant.file.ptII" value="/home/travis/build/icyphy/ptII/build.xml" />
    <property name="javadoc.packagenames" value="com.*,diva.*,lbnl.*,org.hlacerti.*,org.json.*,org.ptolemy.*,org.terraswarm.*,ptolemy.*,ptserver.*" />
    <property name="env.TRAVIS_PULL_REQUEST_SLUG" value="" />
    <property name="ant.project.default-target" value="build" />
    <property name="env.GIT_ASKPASS" value="echo" />
    <property name="env.HOME" value="/home/travis" />
    <property name="sun.java.command" value="org.apache.tools.ant.taskdefs.optional.junit.JUnitTestRunner ptolemy.domains.de.test.junit.JUnitTclTest skipNonTests=false filtertrace=true haltOnError=false haltOnFailure=false formatter=org.apache.tools.ant.taskdefs.optional.junit.OutErrSummaryJUnitResultFormatter showoutput=true outputtoformatters=true logfailedtests=true threadid=0 logtestlistenerevents=false formatter=org.apache.tools.ant.taskdefs.optional.junit.XMLJUnitResultFormatter,/home/travis/build/icyphy/ptII/reports/junit/TEST-ptolemy.domains.de.test.junit.JUnitTclTest.xml crashfile=/home/travis/build/icyphy/ptII/junitvmwatcher836737270032073673.properties propsfile=/home/travis/build/icyphy/ptII/junit2582781475960228605.properties" />
    <property name="env.MANPATH" value="/home/travis/.nvm/versions/node/v7.10.1/share/man:/home/travis/.kiex/elixirs/elixir-1.4.5/man:/home/travis/.rvm/rubies/ruby-2.4.1/share/man:/usr/local/man:/usr/local/cmake-3.9.2/man:/usr/local/clang-5.0.0/share/man:/usr/local/share/man:/usr/share/man:/home/travis/.rvm/man" />
    <property name="env.COMPOSER_NO_INTERACTION" value="1" />
    <property name="env.JDK_SWITCHER_DEFAULT" value="oraclejdk8" />
    <property name="env.TRAVIS_TIMER_ID" value="01dfcb86" />
    <property name="ant.file" value="/home/travis/build/icyphy/ptII/build.xml" />
    <property name="env.TRAVIS_COMMIT_RANGE" value="c32ec7872967...87bfa9e67fc9" />
    <property name="env._system_name" value="Ubuntu" />
    <property name="timeout" value="2400000" />
    <property name="ptII.classpath.optional.property" value="/home/travis/build/icyphy/ptII/lib/bsh-2.0b4.jar:/home/travis/build/icyphy/ptII/lib/ptCal.jar:/home/travis/build/icyphy/ptII/lib/java_cup.jar:/home/travis/build/icyphy/ptII/lib/saxon8.jar:/home/travis/build/icyphy/ptII/lib/saxon8-dom.jar:/home/travis/build/icyphy/ptII/lib/chic.jar:/home/travis/build/icyphy/ptII/lib/ptcolt.jar:/usr/lib/jvm/java-8-oracle/lib/tools.jar:/home/travis/build/icyphy/ptII/vendors/misc/itext/iText.jar:/home/travis/build/icyphy/ptII/lib/g4ltl.jar:/home/travis/build/icyphy/ptII/lib/StructuralCoder.jar:/home/travis/build/icyphy/ptII/vendors/jai-1_1_2_01/lib/jai_core.jar:/home/travis/build/icyphy/ptII/vendors/jai-1_1_2_01/lib/jai_codec.jar:/home/travis/build/icyphy/ptII/lib/jcerti.jar:/home/travis/build/icyphy/ptII/lib/javax.mail.jar:/home/travis/build/icyphy/ptII/vendors/JMF-2.1.1e/lib/jmf.jar:/home/travis/build/icyphy/ptII/lib/jna-4.0.0-variadic.jar:/home/travis/build/icyphy/ptII/vendors/misc/joystick/Joystick.jar:/home/travis/build/icyphy/ptII/lib/ptjacl.jar:/home/travis/build/icyphy/ptII/lib/jsoup-1.8.2.jar:/home/travis/build/icyphy/ptII/lib/junit-4.8.2.jar:/home/travis/build/icyphy/ptII/lib/JUnitParams-0.4.0.jar:/home/travis/build/icyphy/ptII/ptolemy/actor/lib/excel/jxl.jar:/home/travis/build/icyphy/ptII/lib/jython.jar:/home/travis/build/icyphy/ptII/lib/kieler.jar:/home/travis/build/icyphy/ptII/vendors/opencv/share/OpenCV/java/opencv-341.jar:/home/travis/build/icyphy/ptII/lib/oscP5.jar:/home/travis/build/icyphy/ptII/lib/nrjavaserial-3.11.0.devel.jar:/home/travis/build/icyphy/ptII/vendors/j3d/lib/j3dcore.jar:/home/travis/build/icyphy/ptII/vendors/j3d/lib/j3dutils.jar:/home/travis/build/icyphy/ptII/vendors/j3d/lib/vecmath.jar:/home/travis/build/icyphy/ptII/ptolemy/distributed/jini/jar/jini-core.jar:/home/travis/build/icyphy/ptII/ptolemy/distributed/jini/jar/jini-ext.jar:/home/travis/build/icyphy/ptII/ptolemy/distributed/jini/jar/sun-util.jar:/home/travis/build/icyphy/ptII/lib/protobuf-java-2.4.1.jar:/home/travis/build/icyphy/ptII/lib/org.eclipse.paho.client.mqttv3.jar:/home/travis/build/icyphy/ptII/lib/mapss.jar:/home/travis/build/icyphy/ptII/ptolemy/actor/ptalon/antlr/antlr.jar:/home/travis/build/icyphy/ptII/lib/JRI.jar:/home/travis/build/icyphy/ptII/lib/commons-lang-2.6.jar:/home/travis/build/icyphy/ptII/lib/commons-logging-1.1.1.jar:/home/travis/build/icyphy/ptII/lib/sootclasses.jar:/home/travis/build/icyphy/ptII/ptolemy/actor/lib/database/mysql-connector-java-5.1.6-bin.jar:/home/travis/build/icyphy/ptII/vendors/misc/sphinx4/sphinx4-data-5prealpha.jar:/home/travis/build/icyphy/ptII/vendors/misc/sphinx4/sphinx4-core-5prealpha.jar:/home/travis/build/icyphy/ptII/lib/PDFRenderer.jar:/home/travis/build/icyphy/ptII/lib/svgSalamander.jar:/home/travis/build/icyphy/ptII/lib/rsyntaxtextarea-2.6.0-SNAPSHOT.jar:/home/travis/build/icyphy/ptII/lib/hazelcast-3.8.2.jar:/home/travis/build/icyphy/ptII/lib/jackson-annotations-2.9.0.jar:/home/travis/build/icyphy/ptII/lib/jackson-core-2.9.3.jar:/home/travis/build/icyphy/ptII/lib/jackson-databind-2.9.3.jar:/home/travis/build/icyphy/ptII/lib/netty-buffer-4.1.19.Final.jar:/home/travis/build/icyphy/ptII/lib/netty-codec-4.1.19.Final.jar:/home/travis/build/icyphy/ptII/lib/netty-codec-dns-4.1.19.Final.jar:/home/travis/build/icyphy/ptII/lib/netty-codec-http-4.1.19.Final.jar:/home/travis/build/icyphy/ptII/lib/netty-codec-http2-4.1.19.Final.jar:/home/travis/build/icyphy/ptII/lib/netty-common-4.1.19.Final.jar:/home/travis/build/icyphy/ptII/lib/netty-handler-4.1.19.Final.jar:/home/travis/build/icyphy/ptII/lib/netty-resolver-4.1.19.Final.jar:/home/travis/build/icyphy/ptII/lib/netty-resolver-dns-4.1.19.Final.jar:/home/travis/build/icyphy/ptII/lib/netty-transport-4.1.19.Final.jar:/home/travis/build/icyphy/ptII/lib/vertx-codegen-3.5.1.jar:/home/travis/build/icyphy/ptII/lib/vertx-core-3.5.2-SNAPSHOT.jar:/home/travis/build/icyphy/ptII/lib/vertx-hazelcast-3.5.1.jar:/home/travis/build/icyphy/ptII/lib/vertx-lang-js-3.5.1.jar:/home/travis/build/icyphy/ptII/lib/vertx-service-proxy-3.5.1.jar:/home/travis/build/icyphy/ptII/lib/vertx-web-3.5.1.jar:/home/travis/build/icyphy/ptII/lib/slf4j-api-1.7.13.jar:/home/travis/build/icyphy/ptII/lib/slf4j-simple-1.7.13.jar:/home/travis/build/icyphy/ptII/lib/webcam-capture-0.3.12.jar:/home/travis/build/icyphy/ptII/lib/bridj-0.7.0.jar:/home/travis/build/icyphy/ptII/lib/xbjlib-1.1.0.nrjavaserial.jar" />
    <property name="test.batch" value="**/junit/*.java" />
    <property name="env._" value="/usr/bin/timeout" />
    <property name="java.io.tmpdir" value="/tmp" />
    <property name="env.TRAVIS_INTERNAL_RUBY_REGEX" value="^ruby-(2\.[0-4]\.[0-9]|1\.9\.3)" />
    <property name="user.language" value="en" />
    <property name="env.HISTCONTROL" value="ignoredups:ignorespace" />
    <property name="env.GOROOT" value="/home/travis/.gimme/versions/go1.7.4.linux.amd64" />
    <property name="line.separator" value="&#xa;" />
    <property name="target" value="1.8" />
    <property name="env.TRAVIS_BUILD_DIR" value="/home/travis/build/icyphy/ptII" />
    <property name="env.ANT_OPTS" value="-Xmx2048m" />
    <property name="ant.file.type" value="file" />
    <property name="ptolemy.ptII.batchMode" value="true" />
    <property name="env.HISTSIZE" value="1000" />
    <property name="env.MERB_ENV" value="test" />
    <property name="java.vm.info" value="mixed mode" />
    <property name="source" value="1.8" />
    <property name="java.vm.specification.name" value="Java Virtual Machine Specification" />
    <property name="env.TRAVIS_TEST_RESULT" value="0" />
    <property name="jsdoc.command" value="node_modules/@terraswarm/jsdoc/jsdoc.js" />
    <property name="npm.works" value="true" />
    <property name="cobertura.dir" value="/home/travis/build/icyphy/ptII/vendors/cobertura-2.0.3" />
    <property name="env.rvm_path" value="/home/travis/.rvm" />
    <property name="env.GEM_PATH" value="/home/travis/.rvm/gems/ruby-2.4.1:/home/travis/.rvm/gems/ruby-2.4.1@global" />
    <property name="env.LC_CTYPE" value="en_US.UTF-8" />
    <property name="java.awt.printerjob" value="sun.print.PSPrinterJob" />
    <property name="env.TRAVIS_CMD" value="$PTII/bin/ptIITravisBuild.sh $SECONDS" />
    <property name="env.TRAVIS_STACK_NAME" value="garnet" />
    <property name="env.TRAVIS_TIMER_START_TIME" value="1550860726710759827" />
    <property name="ant.version" value="Apache Ant(TM) version 1.10.1 compiled on February 2 2017" />
    <property name="ptII.reports" value="/home/travis/build/icyphy/ptII/reports" />
    <property name="env.TRAVIS_STACK_TIMESTAMP" value="2017-12-05 19:33:09 UTC" />
    <property name="ant.file.type.ptII" value="file" />
    <property name="env.RBENV_SHELL" value="bash" />
    <property name="os.name" value="Linux" />
    <property name="java.specification.vendor" value="Oracle Corporation" />
    <property name="env.rvm_version" value="1.29.3 (latest)" />
    <property name="env.TRAVIS_INFRA" value="gce" />
    <property name="env.TERM" value="xterm" />
    <property name="java.vm.name" value="Java HotSpot(TM) 64-Bit Server VM" />
    <property name="env.TRAVIS_BUILD_NUMBER" value="1012" />
    <property name="env.CI" value="true" />
    <property name="java.library.path" value="/home/travis/pthla/certi-tools/lib:/usr/lib/jni:/usr/local/share/OpenCV/java/:/usr/share/OpenCV/java::/usr/java/packages/lib/amd64:/usr/lib64:/lib64:/lib:/usr/lib" />
    <property name="env.rvm_prefix" value="/home/travis" />
    <property name="env.PATH" value="/home/travis/pthla/certi-tools/share/scripts:/home/travis/.rvm/gems/ruby-2.4.1/bin:/home/travis/.rvm/gems/ruby-2.4.1@global/bin:/home/travis/.rvm/rubies/ruby-2.4.1/bin:/home/travis/.rvm/bin:/home/travis/.nvm/versions/node/v7.10.1/bin:./node_modules/.bin:/home/travis/build/icyphy/ptII/bin:/home/travis/pthla/certi-tools/bin:/home/travis/bin:/home/travis/.local/bin:/opt/pyenv/shims:/home/travis/.phpenv/shims:/home/travis/perl5/perlbrew/bin:/home/travis/.kiex/elixirs/elixir-1.4.5/bin:/home/travis/.kiex/bin:/home/travis/gopath/bin:/home/travis/.gimme/versions/go1.7.4.linux.amd64/bin:/usr/local/phantomjs/bin:/usr/local/phantomjs:/usr/local/neo4j-3.2.7/bin:/usr/local/maven-3.5.2/bin:/usr/local/cmake-3.9.2/bin:/usr/local/clang-5.0.0/bin:/usr/local/sbin:/usr/local/bin:/usr/sbin:/usr/bin:/sbin:/bin:/home/travis/.phpenv/bin:/opt/pyenv/bin:/home/travis/.yarn/bin" />
    <property name="env.TRAVIS_OS_NAME" value="linux" />
    <property name="ant.java.version" value="1.8" />
    <property name="basedir" value="/home/travis/build/icyphy/ptII" />
    <property name="java.class.version" value="52.0" />
    <property name="env.SHLVL" value="3" />
    <property name="env.LD_LIBRARY_PATH" value="/home/travis/pthla/certi-tools/lib:/usr/lib/jni:/usr/local/share/OpenCV/java/:/usr/share/OpenCV/java:" />
    <property name="env.RACK_ENV" value="test" />
    <property name="ant.home" value="/home/travis/build/icyphy/ptII/ant" />
    <property name="env.PERLBREW_BASHRC_VERSION" value="0.80" />
    <property name="env.NVM_DIR" value="/home/travis/.nvm" />
    <property name="env.TRAVIS_BUILD_ID" value="497168913" />
    <property name="env.CERTI_FOM_PATH" value="/home/travis/pthla/certi-tools/share/federations" />
    <property name="env.PYENV_ROOT" value="/opt/pyenv" />
    <property name="env.TRAVIS_UID" value="2000" />
    <property name="env.rvm_pretty_print_flag" value="auto" />
    <property name="env.NVM_BIN" value="/home/travis/.nvm/versions/node/v7.10.1/bin" />
    <property name="env.TRAVIS_COMMIT" value="87bfa9e67fc9e77503a72e3778c9c7021be2a8aa" />
    <property name="env._system_arch" value="x86_64" />
    <property name="node.executable" value="node" />
    <property name="sun.boot.library.path" value="/usr/lib/jvm/java-8-oracle/jre/lib/amd64" />
    <property name="sun.management.compiler" value="HotSpot 64-Bit Tiered Compilers" />
    <property name="env.GOPATH" value="/home/travis/gopath" />
    <property name="java.awt.graphicsenv" value="sun.awt.X11GraphicsEnvironment" />
    <property name="ptolemy.ptII.dir" value="/home/travis/build/icyphy/ptII" />
    <property name="env.USER" value="travis" />
    <property name="env.HISTFILESIZE" value="2000" />
    <property name="timeout.longest" value="19000000" />
    <property name="env.TRAVIS_STACK_FEATURES" value="basic cassandra chromium couchdb disabled-ipv6 docker docker-compose elasticsearch firefox go-toolchain google-chrome jdk memcached mongodb mysql neo4j nodejs_interpreter perl_interpreter perlbrew phantomjs postgresql python_interpreter rabbitmq redis riak ruby_interpreter sqlite xserver" />
    <property name="env.TRAVIS_PULL_REQUEST" value="false" />
    <property name="env.PYENV_SHELL" value="bash" />
    <property name="ant.project.name" value="ptII" />
    <property name="java.vm.specification.version" value="1.8" />
    <property name="env.ANSI_RESET" value="\033[0m" />
    <property name="env.TRAVIS_DIST" value="trusty" />
    <property name="env.CERTI_VERSION" value="4.0.0" />
    <property name="env.NLSPATH" value="/usr/dt/lib/nls/msg/%L/%N.cat" />
    <property name="awt.toolkit" value="sun.awt.X11.XToolkit" />
    <property name="env.CERTI_HOST" value="localhost" />
    <property name="env.MY_RUBY_HOME" value="/home/travis/.rvm/rubies/ruby-2.4.1" />
    <property name="sun.cpu.isalist" value="" />
    <property name="env.TRAVIS_TMPDIR" value="/tmp/tmp.6mxNIjh2Dm" />
    <property name="java.ext.dirs" value="/usr/lib/jvm/java-8-oracle/jre/lib/ext:/usr/java/packages/lib/ext" />
    <property name="os.version" value="4.4.0-101-generic" />
    <property name="user.home" value="/home/travis" />
    <property name="env.MIX_ARCHIVES" value="/home/travis/.kiex/mix/elixir-1.4.5" />
    <property name="java.vm.vendor" value="Oracle Corporation" />
    <property name="env.TRAVIS_TAG" value="nightly" />
    <property name="env.ANSI_YELLOW" value="\033[33;1m" />
    <property name="env.TRAVIS_FILTERED" value="redirect_io" />
    <property name="env.ANSI_GREEN" value="\033[32;1m" />
    <property name="env.JAVA_HOME" value="/usr/lib/jvm/java-8-oracle" />
    <property name="env.PTII" value="/home/travis/build/icyphy/ptII" />
    <property name="javadoc.excludepackagenames" value="adm.cvs2svn.*,build.*,config.*,doc.coding.templates.*,jni.test.jni.meaningOfLife.*,jni.test.jni.testDeux.*,jni.test.jni.testTrois.*,org.terraswarm.accessor.accessors.web.node_modules.*,org.terraswarm.accessor.accessors.web.hosts.cordova.demo.*,org.terraswarm.accessor.accessors.web.hosts.cordova.plugins.*,org.terraswarm.accessor.accessors-svn.*,pt-modules.*,ptolemy.apps.agilent.*,ptolemy.apps.anytimecontrol.*,ptolemy.apps.apes.*,ptolemy.apps.charon.*,ptolemy.apps.crazyboard.*,ptolemy.apps.eclipse.*,ptolemy.apps.etherealSting.*,ptolemy.apps.fullscreen.*,ptolemy.apps.giotto.*,ptolemy.apps.ia.*,ptolemy.apps.interfaces.*,ptolemy.apps.jmf.*,ptolemy.apps.kurt.*,ptolemy.apps.kvm.*,ptolemy.apps.lego.*,ptolemy.apps.lejos.*,ptolemy.apps.midp.*,ptolemy.apps.mobileCoding.*,ptolemy.apps.pendulum.*,ptolemy.apps.rijndael.*,ptolemy.apps.robot.*,ptolemy.apps.security.*,ptolemy.apps.sobel.*,ptolemy.apps.soot.*,ptolemy.apps.throttle.*,ptolemy.apps.tini.*,ptolemy.apps.transmission.*,ptolemy.apps.vergil.*,ptolemy.apps.waba.*,ptolemy.apps.websensor.*,ptolemy.apps.webstart.*,ptolemy.apps.xsl.*,ptolemy.apps.zaurus.*,ptolemy.codegen.c.actor.lib.oldJavaFiles.*,ptolemy.codegen.dsp.lib.*,ptolemy.codegen.kernel.newInterfaces.*,ptolemy.codegen.lib.*,ptolemy.copernicus.kernel.fragment.*,ptolemy.copernicus.shallow.cg.*,ptolemy.domains.giotto.demo.Hierarchy.Hierarchy.*,ptolemy.domains.giotto.demo.Multimode.Multimode.*,ptolemy.domains.giotto.demo.Simple.Simple.*,ptolemy.domains.gr.lib.experimental.*,ptolemy.domains.gro.*,ptolemy.domains.pdf.*,ptolemy.domains.ptinyos.demo.Surge.output.*,ptolemy.moml.test.NoPackageActor.java*,ptolemy.plot.adm.*,ptolemy.plot.servlet.*,reports.*,signed.*,src.*,target.*,vendors.*,ptolemy.apps.eclipse.awt.*,ptolemy.backtrack.*,ptolemy.backtrack.ast.*,ptolemy.cg.adapter.generic.program.procedural.c.mbed*,ptolemy.homer.*,org.ptolemy.scala.*,diva.util.java2d.svg.*,ptolemy.domains.ptinyos.*,ptolemy.actor.lib.fmi.fmipp.*,,org.terraswarm.accessor.accessors.web.node_modules.*,org.terraswarm.accessor.accessors-svn,ptolemy.apps.*,ptolemy.actor.ptalon.demo.ptinyos.SendAndReceiveCnt.output,ptolemy.actor.ptalon.demo.ptinyos.SenseToLeds.output,ptolemy.domains.ptinyos.demo.CntToLedsAndRfm.output,ptolemy.domains.ptinyos.demo.RfmToLeds.output,ptolemy.domains.ptinyos.demo.SendAndReceiveCnt.output,ptolemy.domains.ptinyos.demo.SenseToLeds.output,ptolemy.actor.lib.jjs.modules.udpSocket.*" />
    <property name="env.TRAVIS_COMMIT_MESSAGE" value="Fixed parameter name" />
    <property name="keystore" value="ptKeystore" />
    <property name="env.XDG_SESSION_ID" value="2" />
    <property name="junit.output.dir" value="/home/travis/build/icyphy/ptII/reports/junit" />
    <property name="npm.return.code" value="0" />
    <property name="user.dir" value="/home/travis/build/icyphy/ptII/ptolemy/domains/de/test" />
    <property name="env.TRAVIS_NODE_VERSION" value="7" />
    <property name="env.XFILESEARCHPATH" value="/usr/dt/app-defaults/%L/Dt" />
    <property name="env.TRAVIS_EVENT_TYPE" value="push" />
    <property name="env.MAIL" value="/var/mail/travis" />
    <property name="env.PWD" value="/home/travis/build/icyphy/ptII" />
    <property name="env.PERLBREW_ROOT" value="/home/travis/perl5/perlbrew" />
    <property name="timeout.npm" value="45000" />
    <property name="env.PT_TRAVIS_TEST_CORE2_XML" value="true" />
    <property name="env.TRAVIS_ARCH" value="amd64" />
    <property name="env.PAGER" value="cat" />
    <property name="sun.cpu.endian" value="little" />
    <property name="env.TRAVIS_BUILD_STAGE_NAME" value="Test" />
    <property name="env.PERLBREW_HOME" value="/home/travis/.perlbrew" />
    <property name="env.RAILS_ENV" value="test" />
    <property name="java.vm.version" value="25.151-b12" />
    <property name="java.class.path" value="/home/travis/build/icyphy/ptII:/home/travis/build/icyphy/ptII/lib/bsh-2.0b4.jar:/home/travis/build/icyphy/ptII/lib/ptCal.jar:/home/travis/build/icyphy/ptII/lib/java_cup.jar:/home/travis/build/icyphy/ptII/lib/saxon8.jar:/home/travis/build/icyphy/ptII/lib/saxon8-dom.jar:/home/travis/build/icyphy/ptII/lib/chic.jar:/home/travis/build/icyphy/ptII/lib/ptcolt.jar:/usr/lib/jvm/java-8-oracle/lib/tools.jar:/home/travis/build/icyphy/ptII/vendors/misc/itext/iText.jar:/home/travis/build/icyphy/ptII/lib/g4ltl.jar:/home/travis/build/icyphy/ptII/lib/StructuralCoder.jar:/home/travis/build/icyphy/ptII/vendors/jai-1_1_2_01/lib/jai_core.jar:/home/travis/build/icyphy/ptII/vendors/jai-1_1_2_01/lib/jai_codec.jar:/home/travis/build/icyphy/ptII/lib/jcerti.jar:/home/travis/build/icyphy/ptII/lib/javax.mail.jar:/home/travis/build/icyphy/ptII/vendors/JMF-2.1.1e/lib/jmf.jar:/home/travis/build/icyphy/ptII/lib/jna-4.0.0-variadic.jar:/home/travis/build/icyphy/ptII/vendors/misc/joystick/Joystick.jar:/home/travis/build/icyphy/ptII/lib/ptjacl.jar:/home/travis/build/icyphy/ptII/lib/jsoup-1.8.2.jar:/home/travis/build/icyphy/ptII/lib/junit-4.8.2.jar:/home/travis/build/icyphy/ptII/lib/JUnitParams-0.4.0.jar:/home/travis/build/icyphy/ptII/ptolemy/actor/lib/excel/jxl.jar:/home/travis/build/icyphy/ptII/lib/jython.jar:/home/travis/build/icyphy/ptII/lib/kieler.jar:/home/travis/build/icyphy/ptII/vendors/opencv/share/OpenCV/java/opencv-341.jar:/home/travis/build/icyphy/ptII/lib/oscP5.jar:/home/travis/build/icyphy/ptII/lib/nrjavaserial-3.11.0.devel.jar:/home/travis/build/icyphy/ptII/vendors/j3d/lib/j3dcore.jar:/home/travis/build/icyphy/ptII/vendors/j3d/lib/j3dutils.jar:/home/travis/build/icyphy/ptII/vendors/j3d/lib/vecmath.jar:/home/travis/build/icyphy/ptII/ptolemy/distributed/jini/jar/jini-core.jar:/home/travis/build/icyphy/ptII/ptolemy/distributed/jini/jar/jini-ext.jar:/home/travis/build/icyphy/ptII/ptolemy/distributed/jini/jar/sun-util.jar:/home/travis/build/icyphy/ptII/lib/protobuf-java-2.4.1.jar:/home/travis/build/icyphy/ptII/lib/org.eclipse.paho.client.mqttv3.jar:/home/travis/build/icyphy/ptII/lib/mapss.jar:/home/travis/build/icyphy/ptII/ptolemy/actor/ptalon/antlr/antlr.jar:/home/travis/build/icyphy/ptII/lib/JRI.jar:/home/travis/build/icyphy/ptII/lib/commons-lang-2.6.jar:/home/travis/build/icyphy/ptII/lib/commons-logging-1.1.1.jar:/home/travis/build/icyphy/ptII/lib/sootclasses.jar:/home/travis/build/icyphy/ptII/ptolemy/actor/lib/database/mysql-connector-java-5.1.6-bin.jar:/home/travis/build/icyphy/ptII/vendors/misc/sphinx4/sphinx4-data-5prealpha.jar:/home/travis/build/icyphy/ptII/vendors/misc/sphinx4/sphinx4-core-5prealpha.jar:/home/travis/build/icyphy/ptII/lib/PDFRenderer.jar:/home/travis/build/icyphy/ptII/lib/svgSalamander.jar:/home/travis/build/icyphy/ptII/lib/rsyntaxtextarea-2.6.0-SNAPSHOT.jar:/home/travis/build/icyphy/ptII/lib/hazelcast-3.8.2.jar:/home/travis/build/icyphy/ptII/lib/jackson-annotations-2.9.0.jar:/home/travis/build/icyphy/ptII/lib/jackson-core-2.9.3.jar:/home/travis/build/icyphy/ptII/lib/jackson-databind-2.9.3.jar:/home/travis/build/icyphy/ptII/lib/netty-buffer-4.1.19.Final.jar:/home/travis/build/icyphy/ptII/lib/netty-codec-4.1.19.Final.jar:/home/travis/build/icyphy/ptII/lib/netty-codec-dns-4.1.19.Final.jar:/home/travis/build/icyphy/ptII/lib/netty-codec-http-4.1.19.Final.jar:/home/travis/build/icyphy/ptII/lib/netty-codec-http2-4.1.19.Final.jar:/home/travis/build/icyphy/ptII/lib/netty-common-4.1.19.Final.jar:/home/travis/build/icyphy/ptII/lib/netty-handler-4.1.19.Final.jar:/home/travis/build/icyphy/ptII/lib/netty-resolver-4.1.19.Final.jar:/home/travis/build/icyphy/ptII/lib/netty-resolver-dns-4.1.19.Final.jar:/home/travis/build/icyphy/ptII/lib/netty-transport-4.1.19.Final.jar:/home/travis/build/icyphy/ptII/lib/vertx-codegen-3.5.1.jar:/home/travis/build/icyphy/ptII/lib/vertx-core-3.5.2-SNAPSHOT.jar:/home/travis/build/icyphy/ptII/lib/vertx-hazelcast-3.5.1.jar:/home/travis/build/icyphy/ptII/lib/vertx-lang-js-3.5.1.jar:/home/travis/build/icyphy/ptII/lib/vertx-service-proxy-3.5.1.jar:/home/travis/build/icyphy/ptII/lib/vertx-web-3.5.1.jar:/home/travis/build/icyphy/ptII/lib/slf4j-api-1.7.13.jar:/home/travis/build/icyphy/ptII/lib/slf4j-simple-1.7.13.jar:/home/travis/build/icyphy/ptII/lib/webcam-capture-0.3.12.jar:/home/travis/build/icyphy/ptII/lib/bridj-0.7.0.jar:/home/travis/build/icyphy/ptII/lib/xbjlib-1.1.0.nrjavaserial.jar:/home/travis/build/icyphy/ptII/ptolemy/moml/test:/home/travis/build/icyphy/ptII/ant/lib/ant-launcher.jar:/home/travis/build/icyphy/ptII/ant/lib/ant.jar:/home/travis/build/icyphy/ptII/ant/lib/ant-junit.jar:/home/travis/build/icyphy/ptII/ant/lib/ant-junit4.jar" />
    <property name="ant.library.dir" value="/home/travis/build/icyphy/ptII/ant/lib" />
    <property name="os.arch" value="amd64" />
    <property name="env.TRAVIS_LANGUAGE" value="node_js" />
    <property name="env.CONTINUOUS_INTEGRATION" value="true" />
    <property name="env.TRAVIS_STACK_LANGUAGES" value="__garnet__ c c++ clojure cplusplus cpp default go groovy java node_js php pure_java python ruby scala" />
    <property name="test.name" value="ptolemy.actor.lib.test.junit.JUnitTclTest" />
    <property name="sun.java.launcher" value="SUN_STANDARD" />
    <property name="env.PYTHON_CONFIGURE_OPTS" value="--enable-unicode=ucs4 --with-wide-unicode --enable-shared --enable-ipv6 --enable-loadable-sqlite-extensions --with-computed-gotos" />
    <property name="ant.core.lib" value="/home/travis/build/icyphy/ptII/ant/lib/ant.jar" />
    <property name="java.vm.specification.vendor" value="Oracle Corporation" />
    <property name="env.BCVTB_HOME" value="/home/travis/build/icyphy/ptII/lbnl" />
    <property name="file.separator" value="/" />
    <property name="spotbugs.home" value="/home/travis/build/icyphy/ptII/vendors/spotbugs-3.1.1" />
    <property name="java.runtime.version" value="1.8.0_151-b12" />
    <property name="sun.boot.class.path" value="/usr/lib/jvm/java-8-oracle/jre/lib/resources.jar:/usr/lib/jvm/java-8-oracle/jre/lib/rt.jar:/usr/lib/jvm/java-8-oracle/jre/lib/sunrsasign.jar:/usr/lib/jvm/java-8-oracle/jre/lib/jsse.jar:/usr/lib/jvm/java-8-oracle/jre/lib/jce.jar:/usr/lib/jvm/java-8-oracle/jre/lib/charsets.jar:/usr/lib/jvm/java-8-oracle/jre/lib/jfr.jar:/usr/lib/jvm/java-8-oracle/jre/classes" />
    <property name="env.ANSI_CLEAR" value="\033[0K" />
    <property name="env.HAS_JOSH_K_SEAL_OF_APPROVAL" value="true" />
    <property name="env.XDG_RUNTIME_DIR" value="/run/user/2000" />
    <property name="env.TRAVIS_OSX_IMAGE" value="" />
    <property name="env.TRAVIS_BRANCH" value="master" />
    <property name="env.TRAVIS_JOB_ID" value="497168922" />
    <property name="user.country" value="US" />
    <property name="env.CERTI_HOME_TRAVIS" value="/home/travis/pthla/certi-tools" />
    <property name="env.SHELL" value="/bin/bash" />
    <property name="java.maxmemory.large" value="5000m" />
    <property name="model" value="" />
    <property name="env.CASHER_DIR" value="/home/travis/.casher" />
    <property name="env.NVM_CD_FLAGS" value="" />
    <property name="jshint.executable" value="/home/travis/node_modules/jshint/bin/jshint" />
    <property name="java.vendor" value="Oracle Corporation" />
    <property name="env.JRUBY_OPTS" value=" --client -J-XX:+TieredCompilation -J-XX:TieredStopAtLevel=1 -J-Xss2m -Xcompile.invokedynamic=false" />
    <property name="env.TRAVIS_PRE_CHEF_BOOTSTRAP_TIME" value="2017-12-05T19:32:55" />
    <property name="env.TRAVIS_STACK_JOB_BOARD_REGISTER" value="/.job-board-register.yml" />
    <property name="env.ELIXIR_VERSION" value="1.4.5" />
    <property name="env.ANSI_RED" value="\033[31;1m" />
    <property name="java.specification.version" value="1.8" />
    <property name="env.TRAVIS" value="true" />
    <property name="env.IRBRC" value="/home/travis/.rvm/rubies/ruby-2.4.1/.irbrc" />
    <property name="sun.arch.data.model" value="64" />
  </properties>
  <testcase classname="ptolemy.util.test.junit.TclTests" name="[0] /home/travis/build/icyphy/ptII/ptolemy/domains/de/test/DependencyLoop.tcl (RunTclFile)" time="0.792" />
  <testcase classname="ptolemy.util.test.junit.TclTests" name="[1] /home/travis/build/icyphy/ptII/ptolemy/domains/de/test/RunDETestsAsQSS.tcl (RunTclFile)" time="88.129" />
  <testcase classname="ptolemy.util.test.junit.AutoKnownFailedTests" name="[0] /home/travis/build/icyphy/ptII/ptolemy/domains/de/test/auto/knownFailedTests/DESDFClockTest.xml (RunModel)" time="2.03" />
  <testcase classname="ptolemy.util.test.junit.AutoKnownFailedTests" name="[1] /home/travis/build/icyphy/ptII/ptolemy/domains/de/test/auto/knownFailedTests/DirectFeedback.xml (RunModel)" time="0.013" />
  <testcase classname="ptolemy.util.test.junit.AutoKnownFailedTests" name="[2] /home/travis/build/icyphy/ptII/ptolemy/domains/de/test/auto/knownFailedTests/FSMSource.xml (RunModel)" time="0.032" />
  <testcase classname="ptolemy.util.test.junit.AutoKnownFailedTests" name="[3] /home/travis/build/icyphy/ptII/ptolemy/domains/de/test/auto/knownFailedTests/HierarchicalModel.xml (RunModel)" time="0.027" />
  <testcase classname="ptolemy.util.test.junit.AutoKnownFailedTests" name="[4] /home/travis/build/icyphy/ptII/ptolemy/domains/de/test/auto/knownFailedTests/dependencyLoop.xml (RunModel)" time="0.021" />
  <testcase classname="ptolemy.util.test.junit.AutoKnownFailedTests" name="[5] /home/travis/build/icyphy/ptII/ptolemy/domains/de/test/auto/knownFailedTests/dependencyLoop2.xml (RunModel)" time="0.034" />
  <testcase classname="ptolemy.util.test.junit.AutoNameArchTests" name="[0] ThereAreNoAutoArchTests (RunModel)" time="0.005" />
  <testcase classname="ptolemy.util.test.junit.AutoTests" name="[0] /home/travis/build/icyphy/ptII/ptolemy/domains/de/test/auto/ActorDepthCalculation_actorWithoutPorts.xml (RunModel)" time="0.011" />
  <testcase classname="ptolemy.util.test.junit.AutoTests" name="[1] /home/travis/build/icyphy/ptII/ptolemy/domains/de/test/auto/AssemblyLine.xml (RunModel)" time="0.016" />
  <testcase classname="ptolemy.util.test.junit.AutoTests" name="[2] /home/travis/build/icyphy/ptII/ptolemy/domains/de/test/auto/CQBug1.xml (RunModel)" time="0.006" />
  <testcase classname="ptolemy.util.test.junit.AutoTests" name="[3] /home/travis/build/icyphy/ptII/ptolemy/domains/de/test/auto/CancelFireAt.xml (RunModel)" time="0.005" />
  <testcase classname="ptolemy.util.test.junit.AutoTests" name="[4] /home/travis/build/icyphy/ptII/ptolemy/domains/de/test/auto/CausalityAndComposabilityAnalysis.xml (RunModel)" time="0.01" />
  <testcase classname="ptolemy.util.test.junit.AutoTests" name="[5] /home/travis/build/icyphy/ptII/ptolemy/domains/de/test/auto/CausalityInterface1.xml (RunModel)" time="0.012" />
  <testcase classname="ptolemy.util.test.junit.AutoTests" name="[6] /home/travis/build/icyphy/ptII/ptolemy/domains/de/test/auto/CausalityInterface15.xml (RunModel)" time="0.021" />
  <testcase classname="ptolemy.util.test.junit.AutoTests" name="[7] /home/travis/build/icyphy/ptII/ptolemy/domains/de/test/auto/CausalityInterface2.xml (RunModel)" time="0.028" />
  <testcase classname="ptolemy.util.test.junit.AutoTests" name="[8] /home/travis/build/icyphy/ptII/ptolemy/domains/de/test/auto/CausalityInterface3.xml (RunModel)" time="0.011" />
  <testcase classname="ptolemy.util.test.junit.AutoTests" name="[9] /home/travis/build/icyphy/ptII/ptolemy/domains/de/test/auto/ClockDrift.xml (RunModel)" time="0.045" />
  <testcase classname="ptolemy.util.test.junit.AutoTests" name="[10] /home/travis/build/icyphy/ptII/ptolemy/domains/de/test/auto/ClockDriftAndValueChange.xml (RunModel)" time="0.03" />
  <testcase classname="ptolemy.util.test.junit.AutoTests" name="[11] /home/travis/build/icyphy/ptII/ptolemy/domains/de/test/auto/ClockDriftChange.xml (RunModel)" time="0.031" />
  <testcase classname="ptolemy.util.test.junit.AutoTests" name="[12] /home/travis/build/icyphy/ptII/ptolemy/domains/de/test/auto/ComposableCausalityAnalysis.xml (RunModel)" time="0.014" />
  <testcase classname="ptolemy.util.test.junit.AutoTests" name="[13] /home/travis/build/icyphy/ptII/ptolemy/domains/de/test/auto/DEFixedPointLimitation.xml (RunModel)" time="0.009" />
  <testcase classname="ptolemy.util.test.junit.AutoTests" name="[14] /home/travis/build/icyphy/ptII/ptolemy/domains/de/test/auto/DEScheduleTest.xml (RunModel)" time="0.033" />
  <testcase classname="ptolemy.util.test.junit.AutoTests" name="[15] /home/travis/build/icyphy/ptII/ptolemy/domains/de/test/auto/DEinDEwithStartTimes.xml (RunModel)" time="0.019" />
  <testcase classname="ptolemy.util.test.junit.AutoTests" name="[16] /home/travis/build/icyphy/ptII/ptolemy/domains/de/test/auto/DEinDEwithStartTimes2.xml (RunModel)" time="0.015" />
  <testcase classname="ptolemy.util.test.junit.AutoTests" name="[17] /home/travis/build/icyphy/ptII/ptolemy/domains/de/test/auto/DateDemo.xml (RunModel)" time="0.029" />
  <testcase classname="ptolemy.util.test.junit.AutoTests" name="[18] /home/travis/build/icyphy/ptII/ptolemy/domains/de/test/auto/DateToEvent.xml (RunModel)" time="2.038" />
  <testcase classname="ptolemy.util.test.junit.AutoTests" name="[19] /home/travis/build/icyphy/ptII/ptolemy/domains/de/test/auto/DepthTest1.xml (RunModel)" time="0.006" />
  <testcase classname="ptolemy.util.test.junit.AutoTests" name="[20] /home/travis/build/icyphy/ptII/ptolemy/domains/de/test/auto/DepthTest2.xml (RunModel)" time="0.019" />
  <testcase classname="ptolemy.util.test.junit.AutoTests" name="[21] /home/travis/build/icyphy/ptII/ptolemy/domains/de/test/auto/DepthTest3.xml (RunModel)" time="0.006" />
  <testcase classname="ptolemy.util.test.junit.AutoTests" name="[22] /home/travis/build/icyphy/ptII/ptolemy/domains/de/test/auto/DepthTest4.xml (RunModel)" time="0.009" />
  <testcase classname="ptolemy.util.test.junit.AutoTests" name="[23] /home/travis/build/icyphy/ptII/ptolemy/domains/de/test/auto/DepthTest5.xml (RunModel)" time="0.008" />
  <testcase classname="ptolemy.util.test.junit.AutoTests" name="[24] /home/travis/build/icyphy/ptII/ptolemy/domains/de/test/auto/DepthTest6.xml (RunModel)" time="0.008" />
  <testcase classname="ptolemy.util.test.junit.AutoTests" name="[25] /home/travis/build/icyphy/ptII/ptolemy/domains/de/test/auto/DepthTest7.xml (RunModel)" time="0.007" />
  <testcase classname="ptolemy.util.test.junit.AutoTests" name="[26] /home/travis/build/icyphy/ptII/ptolemy/domains/de/test/auto/EventToDate.xml (RunModel)" time="3.022" />
  <testcase classname="ptolemy.util.test.junit.AutoTests" name="[27] /home/travis/build/icyphy/ptII/ptolemy/domains/de/test/auto/FSM1.xml (RunModel)" time="0.041" />
  <testcase classname="ptolemy.util.test.junit.AutoTests" name="[28] /home/travis/build/icyphy/ptII/ptolemy/domains/de/test/auto/FSM7.xml (RunModel)" time="0.043" />
  <testcase classname="ptolemy.util.test.junit.AutoTests" name="[29] /home/travis/build/icyphy/ptII/ptolemy/domains/de/test/auto/Inspection.xml (RunModel)" time="0.048" />
  <testcase classname="ptolemy.util.test.junit.AutoTests" name="[30] /home/travis/build/icyphy/ptII/ptolemy/domains/de/test/auto/Iteration.xml (RunModel)" time="0.026" />
  <testcase classname="ptolemy.util.test.junit.AutoTests" name="[31] /home/travis/build/icyphy/ptII/ptolemy/domains/de/test/auto/LineFault.xml (RunModel)" time="0.442" />
  <testcase classname="ptolemy.util.test.junit.AutoTests" name="[32] /home/travis/build/icyphy/ptII/ptolemy/domains/de/test/auto/MergeModel1Add.xml (RunModel)" time="0.044" />
  <testcase classname="ptolemy.util.test.junit.AutoTests" name="[33] /home/travis/build/icyphy/ptII/ptolemy/domains/de/test/auto/MergeModel2Add.xml (RunModel)" time="0.043" />
  <testcase classname="ptolemy.util.test.junit.AutoTests" name="[34] /home/travis/build/icyphy/ptII/ptolemy/domains/de/test/auto/MergeModel3Add.xml (RunModel)" time="0.046" />
  <testcase classname="ptolemy.util.test.junit.AutoTests" name="[35] /home/travis/build/icyphy/ptII/ptolemy/domains/de/test/auto/MergeWithoutDiscard.xml (RunModel)" time="0.01" />
  <testcase classname="ptolemy.util.test.junit.AutoTests" name="[36] /home/travis/build/icyphy/ptII/ptolemy/domains/de/test/auto/Modal1.xml (RunModel)" time="0.036" />
  <testcase classname="ptolemy.util.test.junit.AutoTests" name="[37] /home/travis/build/icyphy/ptII/ptolemy/domains/de/test/auto/Modal2.xml (RunModel)" time="0.038" />
  <testcase classname="ptolemy.util.test.junit.AutoTests" name="[38] /home/travis/build/icyphy/ptII/ptolemy/domains/de/test/auto/Modal3.xml (RunModel)" time="0.028" />
  <testcase classname="ptolemy.util.test.junit.AutoTests" name="[39] /home/travis/build/icyphy/ptII/ptolemy/domains/de/test/auto/Modal4.xml (RunModel)" time="0.033" />
  <testcase classname="ptolemy.util.test.junit.AutoTests" name="[40] /home/travis/build/icyphy/ptII/ptolemy/domains/de/test/auto/Modal5.xml (RunModel)" time="0.027" />
  <testcase classname="ptolemy.util.test.junit.AutoTests" name="[41] /home/travis/build/icyphy/ptII/ptolemy/domains/de/test/auto/Modal6.xml (RunModel)" time="0.028" />
  <testcase classname="ptolemy.util.test.junit.AutoTests" name="[42] /home/travis/build/icyphy/ptII/ptolemy/domains/de/test/auto/Modal7.xml (RunModel)" time="0.028" />
  <testcase classname="ptolemy.util.test.junit.AutoTests" name="[43] /home/travis/build/icyphy/ptII/ptolemy/domains/de/test/auto/ModalModel.xml (RunModel)" time="0.179" />
  <testcase classname="ptolemy.util.test.junit.AutoTests" name="[44] /home/travis/build/icyphy/ptII/ptolemy/domains/de/test/auto/ModalSource.xml (RunModel)" time="0.021" />
  <testcase classname="ptolemy.util.test.junit.AutoTests" name="[45] /home/travis/build/icyphy/ptII/ptolemy/domains/de/test/auto/NonInterruptibleTimerZeroDelay.xml (RunModel)" time="0.009" />
  <testcase classname="ptolemy.util.test.junit.AutoTests" name="[46] /home/travis/build/icyphy/ptII/ptolemy/domains/de/test/auto/OpenQueueingNetwork.xml (RunModel)" time="1.913" />
  <testcase classname="ptolemy.util.test.junit.AutoTests" name="[47] /home/travis/build/icyphy/ptII/ptolemy/domains/de/test/auto/OpenQueuingNetwork.xml (RunModel)" time="0.257" />
  <testcase classname="ptolemy.util.test.junit.AutoTests" name="[48] /home/travis/build/icyphy/ptII/ptolemy/domains/de/test/auto/PeriodicSampler.xml (RunModel)" time="0.007" />
  <testcase classname="ptolemy.util.test.junit.AutoTests" name="[49] /home/travis/build/icyphy/ptII/ptolemy/domains/de/test/auto/PersistentIO.xml (RunModel)" time="0.019" />
  <testcase classname="ptolemy.util.test.junit.AutoTests" name="[50] /home/travis/build/icyphy/ptII/ptolemy/domains/de/test/auto/PortParameterResetOnInitialize.xml (RunModel)" time="0.012" />
  <testcase classname="ptolemy.util.test.junit.AutoTests" name="[51] /home/travis/build/icyphy/ptII/ptolemy/domains/de/test/auto/PortParameterUpdates.xml (RunModel)" time="0.016" />
  <testcase classname="ptolemy.util.test.junit.AutoTests" name="[52] /home/travis/build/icyphy/ptII/ptolemy/domains/de/test/auto/QueueAndServer.xml (RunModel)" time="0.022" />
  <testcase classname="ptolemy.util.test.junit.AutoTests" name="[53] /home/travis/build/icyphy/ptII/ptolemy/domains/de/test/auto/Records.xml (RunModel)" time="0.018" />
  <testcase classname="ptolemy.util.test.junit.AutoTests" name="[54] /home/travis/build/icyphy/ptII/ptolemy/domains/de/test/auto/ResetTransitionWithStartTime1.xml (RunModel)" time="0.018" />
  <testcase classname="ptolemy.util.test.junit.AutoTests" name="[55] /home/travis/build/icyphy/ptII/ptolemy/domains/de/test/auto/ResetTransitionWithStartTime2.xml (RunModel)" time="0.016" />
  <testcase classname="ptolemy.util.test.junit.AutoTests" name="[56] /home/travis/build/icyphy/ptII/ptolemy/domains/de/test/auto/ResetTransitionWithStartTime3.xml (RunModel)" time="0.016" />
  <testcase classname="ptolemy.util.test.junit.AutoTests" name="[57] /home/travis/build/icyphy/ptII/ptolemy/domains/de/test/auto/ResetTransitionWithStartTime4.xml (RunModel)" time="0.017" />
  <testcase classname="ptolemy.util.test.junit.AutoTests" name="[58] /home/travis/build/icyphy/ptII/ptolemy/domains/de/test/auto/ResettableTimer1.xml (RunModel)" time="0.011" />
  <testcase classname="ptolemy.util.test.junit.AutoTests" name="[59] /home/travis/build/icyphy/ptII/ptolemy/domains/de/test/auto/ResettableTimer2.xml (RunModel)" time="0.008" />
  <testcase classname="ptolemy.util.test.junit.AutoTests" name="[60] /home/travis/build/icyphy/ptII/ptolemy/domains/de/test/auto/ResettableTimer3.xml (RunModel)" time="0.008" />
  <testcase classname="ptolemy.util.test.junit.AutoTests" name="[61] /home/travis/build/icyphy/ptII/ptolemy/domains/de/test/auto/ResettableTimer4.xml (RunModel)" time="0.01" />
  <testcase classname="ptolemy.util.test.junit.AutoTests" name="[62] /home/travis/build/icyphy/ptII/ptolemy/domains/de/test/auto/ResettableTimer5.xml (RunModel)" time="0.009" />
  <testcase classname="ptolemy.util.test.junit.AutoTests" name="[63] /home/travis/build/icyphy/ptII/ptolemy/domains/de/test/auto/ResettableTimer6.xml (RunModel)" time="0.016" />
  <testcase classname="ptolemy.util.test.junit.AutoTests" name="[64] /home/travis/build/icyphy/ptII/ptolemy/domains/de/test/auto/ServerZeroDelay.xml (RunModel)" time="0.011" />
  <testcase classname="ptolemy.util.test.junit.AutoTests" name="[65] /home/travis/build/icyphy/ptII/ptolemy/domains/de/test/auto/SmartSender.xml (RunModel)" time="3.008" />
  <testcase classname="ptolemy.util.test.junit.AutoTests" name="[66] /home/travis/build/icyphy/ptII/ptolemy/domains/de/test/auto/ThreadedComposite.xml (RunModel)" time="0.169" />
  <testcase classname="ptolemy.util.test.junit.AutoTests" name="[67] /home/travis/build/icyphy/ptII/ptolemy/domains/de/test/auto/Time.xml (RunModel)" time="0.422" />
  <testcase classname="ptolemy.util.test.junit.AutoTests" name="[68] /home/travis/build/icyphy/ptII/ptolemy/domains/de/test/auto/TimeDelayZeroDelay.xml (RunModel)" time="0.01" />
  <testcase classname="ptolemy.util.test.junit.AutoTests" name="[69] /home/travis/build/icyphy/ptII/ptolemy/domains/de/test/auto/TimerZeroDelay.xml (RunModel)" time="0.008" />
  <testcase classname="ptolemy.util.test.junit.AutoTests" name="[70] /home/travis/build/icyphy/ptII/ptolemy/domains/de/test/auto/TimingParadox.xml (RunModel)" time="0.347" />
  <testcase classname="ptolemy.util.test.junit.AutoTests" name="[71] /home/travis/build/icyphy/ptII/ptolemy/domains/de/test/auto/TransferInputs.xml (RunModel)" time="0.013" />
  <testcase classname="ptolemy.util.test.junit.AutoTests" name="[72] /home/travis/build/icyphy/ptII/ptolemy/domains/de/test/auto/TransferOutputs2.xml (RunModel)" time="0.014" />
  <testcase classname="ptolemy.util.test.junit.AutoTests" name="[73] /home/travis/build/icyphy/ptII/ptolemy/domains/de/test/auto/Trilateration.xml (RunModel)" time="11.97" />
  <testcase classname="ptolemy.util.test.junit.AutoTests" name="[74] /home/travis/build/icyphy/ptII/ptolemy/domains/de/test/auto/TwoSigmaDelta.xml (RunModel)" time="2.159" />
  <testcase classname="ptolemy.util.test.junit.AutoTests" name="[75] /home/travis/build/icyphy/ptII/ptolemy/domains/de/test/auto/VariableDelay.xml (RunModel)" time="0.013" />
  <testcase classname="ptolemy.util.test.junit.AutoTests" name="[76] /home/travis/build/icyphy/ptII/ptolemy/domains/de/test/auto/VariableDelay2.xml (RunModel)" time="0.009" />
  <testcase classname="ptolemy.util.test.junit.AutoTests" name="[77] /home/travis/build/icyphy/ptII/ptolemy/domains/de/test/auto/VariableDelayZeroDelay.xml (RunModel)" time="0.011" />
  <testcase classname="ptolemy.util.test.junit.AutoTests" name="[78] /home/travis/build/icyphy/ptII/ptolemy/domains/de/test/auto/VariableDelayZeroDelay2.xml (RunModel)" time="0.008" />
  <testcase classname="ptolemy.util.test.junit.AutoTests" name="[79] /home/travis/build/icyphy/ptII/ptolemy/domains/de/test/auto/deInCt.xml (RunModel)" time="0.017" />
  <testcase classname="ptolemy.util.test.junit.AutoTests" name="[80] /home/travis/build/icyphy/ptII/ptolemy/domains/de/test/auto/deInCt2.xml (RunModel)" time="0.011" />
  <testcase classname="ptolemy.util.test.junit.AutoTests" name="[81] /home/travis/build/icyphy/ptII/ptolemy/domains/de/test/auto/dynamicCausalityInterface1.xml (RunModel)" time="0.015" />
  <testcase classname="ptolemy.util.test.junit.AutoTests" name="[82] /home/travis/build/icyphy/ptII/ptolemy/domains/de/test/auto/fsm_de_test.xml (RunModel)" time="0.018" />
  <testcase classname="ptolemy.util.test.junit.AutoTests" name="[83] /home/travis/build/icyphy/ptII/ptolemy/domains/de/test/auto/functionDependencyReconstruction.xml (RunModel)" time="0.029" />
  <testcase classname="ptolemy.util.test.junit.AutoTests" name="[84] /home/travis/build/icyphy/ptII/ptolemy/domains/de/test/auto/multirate.xml (RunModel)" time="0.014" />
  <testcase classname="ptolemy.util.test.junit.AutoTests" name="[85] /home/travis/build/icyphy/ptII/ptolemy/domains/de/test/auto/multirate2.xml (RunModel)" time="0.014" />
  <testcase classname="ptolemy.util.test.junit.AutoTests" name="[86] /home/travis/build/icyphy/ptII/ptolemy/domains/de/test/auto/realtime.xml (RunModel)" time="10.009" />
  <testcase classname="ptolemy.util.test.junit.AutoTests" name="[87] /home/travis/build/icyphy/ptII/ptolemy/domains/de/test/auto/relationGroup.xml (RunModel)" time="0.012" />
  <testcase classname="ptolemy.util.test.junit.AutoTests" name="[88] /home/travis/build/icyphy/ptII/ptolemy/domains/de/test/auto/relationGroup2.xml (RunModel)" time="0.006" />
  <testcase classname="ptolemy.util.test.junit.AutoTests" name="[89] /home/travis/build/icyphy/ptII/ptolemy/domains/de/test/auto/sortWithOpaquePorts.xml (RunModel)" time="0.008" />
  <testcase classname="ptolemy.util.test.junit.AutoTests" name="[90] /home/travis/build/icyphy/ptII/ptolemy/domains/de/test/auto/transferInputsandOutputs.xml (RunModel)" time="0.012" />
  <testcase classname="ptolemy.util.test.junit.AutoTests" name="[91] /home/travis/build/icyphy/ptII/ptolemy/domains/de/test/auto/triggerType.xml (RunModel)" time="0.007" />
  <system-out><![CDATA[/home/travis/build/icyphy/ptII/ptolemy/domains/de/test/DependencyLoop.tcl
testDefs.tcl: setting time out to 9000 seconds at Fri Feb 22 18:47:29 UTC 2019
14 ms. Memory: 116224K Free: 97426K (84%)
29 ms. Memory: 146944K Free: 141545K (96%)
/home/travis/build/icyphy/ptII/ptolemy/domains/de/test/RunDETestsAsQSS.tcl
Run the DE tests using ptolemy.domains.qss.test.QSSDirectorTest, which extends QSSDirector and prints a message in the constructors.
------------------ testing $PTII/ptolemy/domains/de/test/auto/knownFailedTests/dependencyLoop.xml (Known Failure) 
11 ms. Memory: 146944K Free: 137296K (93%)


==== $PTIIhome/travis/build/icyphy/ptII/ptolemy/domains/de/test/../../../../: Auto Automatic test in file $PTII/ptolemy/domains/de/test/auto/knownFailedTests/dependencyLoop.xml
==== Contents of test case:

	    # FIXME: we should use $relativeFilename here, but it
	    # might have backslashes under Windows, which causes no end
	    # of trouble.
	    createAndExecute $file
	    list {}
	
.... Test generated KNOWN error:
    while executing
ptolemy.kernel.util.IllegalActionException: Found a zero delay loop containing .dependencyLoop.original
  in .dependencyLoop and .dependencyLoop.original
	at ptolemy.actor.util.CausalityInterfaceForComposites._computeOutputPortDepth(CausalityInterfaceForComposites.java:759)
	at ptolemy.actor.util.CausalityInterfaceForComposites._computeInputDepth(CausalityInterfaceForComposites.java:696)
	at ptolemy.actor.util.CausalityInterfaceForComposites._computeOutputPortDepth(CausalityInterfaceForComposites.java:765)
	at ptolemy.actor.util.CausalityInterfaceForComposites._computeInputDepth(CausalityInterfaceForComposites.java:696)
	at ptolemy.actor.util.CausalityInterfaceForComposites._computeOutputPortDepth(CausalityInterfaceForComposites.java:765)
	at ptolemy.actor.util.CausalityInterfaceForComposites._computeInputDepth(CausalityInterfaceForComposites.java:696)
	at ptolemy.actor.util.CausalityInterfaceForComposites._computeActorDepth(CausalityInterfaceForComposites.java:532)
	at ptolemy.actor.util.CausalityInterfaceForComposites.checkForCycles(CausalityInterfaceForComposites.java:96)
	at ptolemy.domains.de.kernel.DEDirector.preinitialize(DEDirector.java:1338)
	at ptolemy.actor.CompositeActor.preinitialize(CompositeActor.java:1828)
	at ptolemy.actor.Manager.preinitializeAndResolveTypes(Manager.java:1040)
	at ptolemy.actor.Manager.initialize(Manager.java:710)
	at ptolemy.actor.Manager.execute(Manager.java:356)
	at ptolemy.actor.Manager.run(Manager.java:1263)
	at ptolemy.actor.Manager$PtolemyRunThread.run(Manager.java:1915)

    while executing
ptolemy.kernel.util.IllegalActionException: Found a zero delay loop containing .dependencyLoop.original
  in .dependencyLoop and .dependencyLoop.original
    while executing
"java::new ptolemy.moml.MoMLSimpleApplication $file
"
    (procedure "createAndExecute" line 2)
    invoked from within
"createAndExecute $file"
    ("uplevel" body line 5)
    invoked from within
"uplevel $contents_of_test"
------------------ testing $PTII/ptolemy/domains/de/test/auto/knownFailedTests/DESDFClockTest.xml (Known Failure) 
2062 ms. Memory: 146944K Free: 121701K (83%)


==== $PTIIhome/travis/build/icyphy/ptII/ptolemy/domains/de/test/../../../../: Auto Automatic test in file $PTII/ptolemy/domains/de/test/auto/knownFailedTests/DESDFClockTest.xml
==== Contents of test case:

	    # FIXME: we should use $relativeFilename here, but it
	    # might have backslashes under Windows, which causes no end
	    # of trouble.
	    createAndExecute $file
	    list {}
	
.... Test generated KNOWN error:
    while executing
ptolemy.kernel.util.IllegalActionException: Actor is not ready to fire.  Perhaps UpSample.prefire() returned false? Try debugging the actor by selecting "Listen to Actor".  Also, for SDF check moml for tokenConsumptionRate on input.
  in .DESDFClockTest.Play Bell.Copy1:SDF Director and .DESDFClockTest.Play Bell.UpSample
	at ptolemy.actor.sched.StaticSchedulingDirector.fire(StaticSchedulingDirector.java:227)
	at ptolemy.domains.sdf.kernel.SDFDirector.fire(SDFDirector.java:500)
	at ptolemy.actor.CompositeActor.fire(CompositeActor.java:455)
	at ptolemy.domains.de.kernel.DEDirector._fire(DEDirector.java:1949)
	at ptolemy.domains.de.kernel.DEDirector.fire(DEDirector.java:502)
	at ptolemy.actor.CompositeActor.fire(CompositeActor.java:455)
	at ptolemy.actor.Manager.iterate(Manager.java:851)
	at ptolemy.actor.Manager.execute(Manager.java:369)
	at ptolemy.actor.Manager.run(Manager.java:1263)
	at ptolemy.actor.Manager$PtolemyRunThread.run(Manager.java:1915)

    while executing
ptolemy.kernel.util.IllegalActionException: Actor is not ready to fire.  Perhaps UpSample.prefire() returned false? Try debugging the actor by selecting "Listen to Actor".  Also, for SDF check moml for tokenConsumptionRate on input.
  in .DESDFClockTest.Play Bell.Copy1:SDF Director and .DESDFClockTest.Play Bell.UpSample
    while executing
"java::new ptolemy.moml.MoMLSimpleApplication $file
"
    (procedure "createAndExecute" line 2)
    invoked from within
"createAndExecute $file"
    ("uplevel" body line 5)
    invoked from within
"uplevel $contents_of_test"
------------------ testing $PTII/ptolemy/domains/de/test/auto/knownFailedTests/FSMSource.xml (Known Failure) 
26 ms. Memory: 146944K Free: 112237K (76%)
!!!! Auto was marked as failing, but now passes
------------------ testing $PTII/ptolemy/domains/de/test/auto/knownFailedTests/dependencyLoop2.xml (Known Failure) 
7 ms. Memory: 146944K Free: 110354K (75%)


==== $PTIIhome/travis/build/icyphy/ptII/ptolemy/domains/de/test/../../../../: Auto Automatic test in file $PTII/ptolemy/domains/de/test/auto/knownFailedTests/dependencyLoop2.xml
==== Contents of test case:

	    # FIXME: we should use $relativeFilename here, but it
	    # might have backslashes under Windows, which causes no end
	    # of trouble.
	    createAndExecute $file
	    list {}
	
.... Test generated KNOWN error:
    while executing
ptolemy.kernel.util.IllegalActionException: Found a zero delay loop containing .dependencyLoop2.original
  in .dependencyLoop2 and .dependencyLoop2.original
	at ptolemy.actor.util.CausalityInterfaceForComposites._computeOutputPortDepth(CausalityInterfaceForComposites.java:759)
	at ptolemy.actor.util.CausalityInterfaceForComposites._computeInputDepth(CausalityInterfaceForComposites.java:696)
	at ptolemy.actor.util.CausalityInterfaceForComposites._computeOutputPortDepth(CausalityInterfaceForComposites.java:765)
	at ptolemy.actor.util.CausalityInterfaceForComposites._computeInputDepth(CausalityInterfaceForComposites.java:696)
	at ptolemy.actor.util.CausalityInterfaceForComposites._computeOutputPortDepth(CausalityInterfaceForComposites.java:765)
	at ptolemy.actor.util.CausalityInterfaceForComposites._computeInputDepth(CausalityInterfaceForComposites.java:696)
	at ptolemy.actor.util.CausalityInterfaceForComposites._computeActorDepth(CausalityInterfaceForComposites.java:532)
	at ptolemy.actor.util.CausalityInterfaceForComposites.checkForCycles(CausalityInterfaceForComposites.java:96)
	at ptolemy.domains.de.kernel.DEDirector.preinitialize(DEDirector.java:1338)
	at ptolemy.actor.CompositeActor.preinitialize(CompositeActor.java:1828)
	at ptolemy.actor.Manager.preinitializeAndResolveTypes(Manager.java:1040)
	at ptolemy.actor.Manager.initialize(Manager.java:710)
	at ptolemy.actor.Manager.execute(Manager.java:356)
	at ptolemy.actor.Manager.run(Manager.java:1263)
	at ptolemy.actor.Manager$PtolemyRunThread.run(Manager.java:1915)

    while executing
ptolemy.kernel.util.IllegalActionException: Found a zero delay loop containing .dependencyLoop2.original
  in .dependencyLoop2 and .dependencyLoop2.original
    while executing
"java::new ptolemy.moml.MoMLSimpleApplication $file
"
    (procedure "createAndExecute" line 2)
    invoked from within
"createAndExecute $file"
    ("uplevel" body line 5)
    invoked from within
"uplevel $contents_of_test"
------------------ testing $PTII/ptolemy/domains/de/test/auto/knownFailedTests/HierarchicalModel.xml (Known Failure) 
14 ms. Memory: 146944K Free: 90041K (61%)


==== $PTIIhome/travis/build/icyphy/ptII/ptolemy/domains/de/test/../../../../: Auto Automatic test in file $PTII/ptolemy/domains/de/test/auto/knownFailedTests/HierarchicalModel.xml
==== Contents of test case:

	    # FIXME: we should use $relativeFilename here, but it
	    # might have backslashes under Windows, which causes no end
	    # of trouble.
	    createAndExecute $file
	    list {}
	
.... Test generated KNOWN error:
    while executing
ptolemy.kernel.util.IllegalActionException: Found a zero delay loop containing .HierarchicalModel.A
  in .HierarchicalModel and .HierarchicalModel.A
	at ptolemy.actor.util.CausalityInterfaceForComposites._computeOutputPortDepth(CausalityInterfaceForComposites.java:759)
	at ptolemy.actor.util.CausalityInterfaceForComposites._computeInputDepth(CausalityInterfaceForComposites.java:696)
	at ptolemy.actor.util.CausalityInterfaceForComposites._computeOutputPortDepth(CausalityInterfaceForComposites.java:765)
	at ptolemy.actor.util.CausalityInterfaceForComposites._computeInputDepth(CausalityInterfaceForComposites.java:696)
	at ptolemy.actor.util.CausalityInterfaceForComposites._computeOutputPortDepth(CausalityInterfaceForComposites.java:765)
	at ptolemy.actor.util.CausalityInterfaceForComposites._computeInputDepth(CausalityInterfaceForComposites.java:696)
	at ptolemy.actor.util.CausalityInterfaceForComposites._computeActorDepth(CausalityInterfaceForComposites.java:532)
	at ptolemy.actor.util.CausalityInterfaceForComposites.checkForCycles(CausalityInterfaceForComposites.java:96)
	at ptolemy.domains.de.kernel.DEDirector.preinitialize(DEDirector.java:1338)
	at ptolemy.actor.CompositeActor.preinitialize(CompositeActor.java:1828)
	at ptolemy.actor.Manager.preinitializeAndResolveTypes(Manager.java:1040)
	at ptolemy.actor.Manager.initialize(Manager.java:710)
	at ptolemy.actor.Manager.execute(Manager.java:356)
	at ptolemy.actor.Manager.run(Manager.java:1263)
	at ptolemy.actor.Manager$PtolemyRunThread.run(Manager.java:1915)

    while executing
ptolemy.kernel.util.IllegalActionException: Found a zero delay loop containing .HierarchicalModel.A
  in .HierarchicalModel and .HierarchicalModel.A
    while executing
"java::new ptolemy.moml.MoMLSimpleApplication $file
"
    (procedure "createAndExecute" line 2)
    invoked from within
"createAndExecute $file"
    ("uplevel" body line 5)
    invoked from within
"uplevel $contents_of_test"
------------------ testing $PTII/ptolemy/domains/de/test/auto/knownFailedTests/DirectFeedback.xml (Known Failure) 
4 ms. Memory: 146944K Free: 85922K (58%)


==== $PTIIhome/travis/build/icyphy/ptII/ptolemy/domains/de/test/../../../../: Auto Automatic test in file $PTII/ptolemy/domains/de/test/auto/knownFailedTests/DirectFeedback.xml
==== Contents of test case:

	    # FIXME: we should use $relativeFilename here, but it
	    # might have backslashes under Windows, which causes no end
	    # of trouble.
	    createAndExecute $file
	    list {}
	
.... Test generated KNOWN error:
    while executing
ptolemy.kernel.util.IllegalActionException: Test fails in iteration 1.
Value was: 1.0. Should have been: 2.0
  in .DirectFeedback.Test
	at ptolemy.actor.lib.Test.fire(Test.java:268)
	at ptolemy.domains.de.kernel.DEDirector._fire(DEDirector.java:1949)
	at ptolemy.domains.de.kernel.DEDirector.fire(DEDirector.java:502)
	at ptolemy.actor.CompositeActor.fire(CompositeActor.java:455)
	at ptolemy.actor.Manager.iterate(Manager.java:851)
	at ptolemy.actor.Manager.execute(Manager.java:369)
	at ptolemy.actor.Manager.run(Manager.java:1263)
	at ptolemy.actor.Manager$PtolemyRunThread.run(Manager.java:1915)

    while executing
ptolemy.kernel.util.IllegalActionException: Test fails in iteration 1.
Value was: 1.0. Should have been: 2.0
  in .DirectFeedback.Test
    while executing
"java::new ptolemy.moml.MoMLSimpleApplication $file
"
    (procedure "createAndExecute" line 2)
    invoked from within
"createAndExecute $file"
    ("uplevel" body line 5)
    invoked from within
"uplevel $contents_of_test"
------------------ testing $PTII/ptolemy/domains/de/test/auto/ActorDepthCalculation_actorWithoutPorts.xml
auto.tcl: Setting watchdog for 200 seconds at Fri Feb 22 18:47:32 UTC 2019
8 ms. Memory: 146944K Free: 138596K (94%)
ptolemy.util.test.WatchDog.cancel(): canceling Fri Feb 22 18:47:32 UTC 2019
auto.tcl: Setting watchdog for 200 seconds at Fri Feb 22 18:47:32 UTC 2019
4 ms. Memory: 146944K Free: 137568K (94%)
ptolemy.util.test.WatchDog.cancel(): canceling Fri Feb 22 18:47:32 UTC 2019
------------------ testing $PTII/ptolemy/domains/de/test/auto/AssemblyLine.xml
auto.tcl: Setting watchdog for 200 seconds at Fri Feb 22 18:47:33 UTC 2019
12 ms. Memory: 208384K Free: 183327K (88%)
ptolemy.util.test.WatchDog.cancel(): canceling Fri Feb 22 18:47:33 UTC 2019
auto.tcl: Setting watchdog for 200 seconds at Fri Feb 22 18:47:33 UTC 2019
9 ms. Memory: 208384K Free: 183327K (88%)
ptolemy.util.test.WatchDog.cancel(): canceling Fri Feb 22 18:47:33 UTC 2019
------------------ testing $PTII/ptolemy/domains/de/test/auto/CQBug1.xml
auto.tcl: Setting watchdog for 200 seconds at Fri Feb 22 18:47:33 UTC 2019
7 ms. Memory: 208384K Free: 197863K (95%)
ptolemy.util.test.WatchDog.cancel(): canceling Fri Feb 22 18:47:33 UTC 2019
auto.tcl: Setting watchdog for 200 seconds at Fri Feb 22 18:47:33 UTC 2019
2 ms. Memory: 208384K Free: 197863K (95%)
ptolemy.util.test.WatchDog.cancel(): canceling Fri Feb 22 18:47:33 UTC 2019
------------------ testing $PTII/ptolemy/domains/de/test/auto/CancelFireAt.xml
auto.tcl: Setting watchdog for 200 seconds at Fri Feb 22 18:47:33 UTC 2019
8 ms. Memory: 208384K Free: 201539K (97%)
ptolemy.util.test.WatchDog.cancel(): canceling Fri Feb 22 18:47:33 UTC 2019
auto.tcl: Setting watchdog for 200 seconds at Fri Feb 22 18:47:33 UTC 2019
3 ms. Memory: 208384K Free: 199483K (96%)
ptolemy.util.test.WatchDog.cancel(): canceling Fri Feb 22 18:47:33 UTC 2019
------------------ testing $PTII/ptolemy/domains/de/test/auto/CausalityAndComposabilityAnalysis.xml
auto.tcl: Setting watchdog for 200 seconds at Fri Feb 22 18:47:33 UTC 2019
8 ms. Memory: 208384K Free: 198562K (95%)
ptolemy.util.test.WatchDog.cancel(): canceling Fri Feb 22 18:47:33 UTC 2019
auto.tcl: Setting watchdog for 200 seconds at Fri Feb 22 18:47:33 UTC 2019
6 ms. Memory: 208384K Free: 196506K (94%)
ptolemy.util.test.WatchDog.cancel(): canceling Fri Feb 22 18:47:33 UTC 2019
------------------ testing $PTII/ptolemy/domains/de/test/auto/CausalityInterface1.xml
auto.tcl: Setting watchdog for 200 seconds at Fri Feb 22 18:47:33 UTC 2019
21 ms. Memory: 208384K Free: 198500K (95%)
ptolemy.util.test.WatchDog.cancel(): canceling Fri Feb 22 18:47:33 UTC 2019
auto.tcl: Setting watchdog for 200 seconds at Fri Feb 22 18:47:33 UTC 2019
8 ms. Memory: 208384K Free: 196444K (94%)
ptolemy.util.test.WatchDog.cancel(): canceling Fri Feb 22 18:47:33 UTC 2019
------------------ testing $PTII/ptolemy/domains/de/test/auto/CausalityInterface15.xml
auto.tcl: Setting watchdog for 200 seconds at Fri Feb 22 18:47:33 UTC 2019
12 ms. Memory: 208384K Free: 196435K (94%)
ptolemy.util.test.WatchDog.cancel(): canceling Fri Feb 22 18:47:33 UTC 2019
auto.tcl: Setting watchdog for 200 seconds at Fri Feb 22 18:47:33 UTC 2019
4 ms. Memory: 208384K Free: 196435K (94%)
ptolemy.util.test.WatchDog.cancel(): canceling Fri Feb 22 18:47:33 UTC 2019
------------------ testing $PTII/ptolemy/domains/de/test/auto/CausalityInterface2.xml
auto.tcl: Setting watchdog for 200 seconds at Fri Feb 22 18:47:34 UTC 2019
8 ms. Memory: 208384K Free: 196419K (94%)
ptolemy.util.test.WatchDog.cancel(): canceling Fri Feb 22 18:47:34 UTC 2019
auto.tcl: Setting watchdog for 200 seconds at Fri Feb 22 18:47:34 UTC 2019
3 ms. Memory: 208384K Free: 196419K (94%)
ptolemy.util.test.WatchDog.cancel(): canceling Fri Feb 22 18:47:34 UTC 2019
------------------ testing $PTII/ptolemy/domains/de/test/auto/CausalityInterface3.xml
auto.tcl: Setting watchdog for 200 seconds at Fri Feb 22 18:47:34 UTC 2019
5 ms. Memory: 208384K Free: 196432K (94%)
ptolemy.util.test.WatchDog.cancel(): canceling Fri Feb 22 18:47:34 UTC 2019
auto.tcl: Setting watchdog for 200 seconds at Fri Feb 22 18:47:34 UTC 2019
6 ms. Memory: 208384K Free: 196432K (94%)
ptolemy.util.test.WatchDog.cancel(): canceling Fri Feb 22 18:47:34 UTC 2019
------------------ testing $PTII/ptolemy/domains/de/test/auto/ClockDrift.xml
auto.tcl: Setting watchdog for 200 seconds at Fri Feb 22 18:47:34 UTC 2019
98 ms. Memory: 208384K Free: 187798K (90%)
ptolemy.util.test.WatchDog.cancel(): canceling Fri Feb 22 18:47:34 UTC 2019
auto.tcl: Setting watchdog for 200 seconds at Fri Feb 22 18:47:34 UTC 2019
40 ms. Memory: 208384K Free: 185742K (89%)
ptolemy.util.test.WatchDog.cancel(): canceling Fri Feb 22 18:47:34 UTC 2019
------------------ testing $PTII/ptolemy/domains/de/test/auto/ClockDriftAndValueChange.xml
auto.tcl: Setting watchdog for 200 seconds at Fri Feb 22 18:47:34 UTC 2019
27 ms. Memory: 208384K Free: 189688K (91%)
ptolemy.util.test.WatchDog.cancel(): canceling Fri Feb 22 18:47:34 UTC 2019
auto.tcl: Setting watchdog for 200 seconds at Fri Feb 22 18:47:34 UTC 2019
21 ms. Memory: 208384K Free: 185577K (89%)
ptolemy.util.test.WatchDog.cancel(): canceling Fri Feb 22 18:47:34 UTC 2019
------------------ testing $PTII/ptolemy/domains/de/test/auto/ClockDriftChange.xml
auto.tcl: Setting watchdog for 200 seconds at Fri Feb 22 18:47:34 UTC 2019
36 ms. Memory: 208384K Free: 190920K (92%)
ptolemy.util.test.WatchDog.cancel(): canceling Fri Feb 22 18:47:34 UTC 2019
auto.tcl: Setting watchdog for 200 seconds at Fri Feb 22 18:47:34 UTC 2019
26 ms. Memory: 208384K Free: 188864K (91%)
ptolemy.util.test.WatchDog.cancel(): canceling Fri Feb 22 18:47:34 UTC 2019
------------------ testing $PTII/ptolemy/domains/de/test/auto/ComposableCausalityAnalysis.xml
auto.tcl: Setting watchdog for 200 seconds at Fri Feb 22 18:47:34 UTC 2019
2 ms. Memory: 208384K Free: 196294K (94%)
ptolemy.util.test.WatchDog.cancel(): canceling Fri Feb 22 18:47:34 UTC 2019
auto.tcl: Setting watchdog for 200 seconds at Fri Feb 22 18:47:34 UTC 2019
1 ms. Memory: 208384K Free: 196294K (94%)
ptolemy.util.test.WatchDog.cancel(): canceling Fri Feb 22 18:47:34 UTC 2019
------------------ testing $PTII/ptolemy/domains/de/test/auto/DEFixedPointLimitation.xml
auto.tcl: Setting watchdog for 200 seconds at Fri Feb 22 18:47:34 UTC 2019
3 ms. Memory: 208384K Free: 198431K (95%)
ptolemy.util.test.WatchDog.cancel(): canceling Fri Feb 22 18:47:34 UTC 2019
auto.tcl: Setting watchdog for 200 seconds at Fri Feb 22 18:47:34 UTC 2019
2 ms. Memory: 208384K Free: 196375K (94%)
ptolemy.util.test.WatchDog.cancel(): canceling Fri Feb 22 18:47:34 UTC 2019
------------------ testing $PTII/ptolemy/domains/de/test/auto/DEScheduleTest.xml
auto.tcl: Setting watchdog for 200 seconds at Fri Feb 22 18:47:34 UTC 2019
6 ms. Memory: 208384K Free: 198985K (95%)
ptolemy.util.test.WatchDog.cancel(): canceling Fri Feb 22 18:47:34 UTC 2019
auto.tcl: Setting watchdog for 200 seconds at Fri Feb 22 18:47:34 UTC 2019
3 ms. Memory: 208384K Free: 196410K (94%)
ptolemy.util.test.WatchDog.cancel(): canceling Fri Feb 22 18:47:34 UTC 2019
------------------ testing $PTII/ptolemy/domains/de/test/auto/DEinDEwithStartTimes.xml
auto.tcl: Setting watchdog for 200 seconds at Fri Feb 22 18:47:34 UTC 2019
7 ms. Memory: 208384K Free: 196380K (94%)
ptolemy.util.test.WatchDog.cancel(): canceling Fri Feb 22 18:47:35 UTC 2019
auto.tcl: Setting watchdog for 200 seconds at Fri Feb 22 18:47:35 UTC 2019
8 ms. Memory: 208384K Free: 196380K (94%)
ptolemy.util.test.WatchDog.cancel(): canceling Fri Feb 22 18:47:35 UTC 2019
------------------ testing $PTII/ptolemy/domains/de/test/auto/DEinDEwithStartTimes2.xml
auto.tcl: Setting watchdog for 200 seconds at Fri Feb 22 18:47:35 UTC 2019
8 ms. Memory: 208384K Free: 196358K (94%)
ptolemy.util.test.WatchDog.cancel(): canceling Fri Feb 22 18:47:35 UTC 2019
auto.tcl: Setting watchdog for 200 seconds at Fri Feb 22 18:47:35 UTC 2019
5 ms. Memory: 208384K Free: 194303K (93%)
ptolemy.util.test.WatchDog.cancel(): canceling Fri Feb 22 18:47:35 UTC 2019
------------------ testing $PTII/ptolemy/domains/de/test/auto/DateDemo.xml
auto.tcl: Setting watchdog for 200 seconds at Fri Feb 22 18:47:35 UTC 2019
17 ms. Memory: 208384K Free: 188922K (91%)
ptolemy.util.test.WatchDog.cancel(): canceling Fri Feb 22 18:47:35 UTC 2019
auto.tcl: Setting watchdog for 200 seconds at Fri Feb 22 18:47:35 UTC 2019
7 ms. Memory: 208384K Free: 186866K (90%)
ptolemy.util.test.WatchDog.cancel(): canceling Fri Feb 22 18:47:35 UTC 2019
------------------ testing $PTII/ptolemy/domains/de/test/auto/DateToEvent.xml
auto.tcl: Setting watchdog for 200 seconds at Fri Feb 22 18:47:35 UTC 2019
2010 ms. Memory: 208384K Free: 183761K (88%)
ptolemy.util.test.WatchDog.cancel(): canceling Fri Feb 22 18:47:37 UTC 2019
auto.tcl: Setting watchdog for 200 seconds at Fri Feb 22 18:47:37 UTC 2019
2005 ms. Memory: 208384K Free: 183761K (88%)
ptolemy.util.test.WatchDog.cancel(): canceling Fri Feb 22 18:47:39 UTC 2019
------------------ testing $PTII/ptolemy/domains/de/test/auto/DepthTest1.xml
auto.tcl: Setting watchdog for 200 seconds at Fri Feb 22 18:47:39 UTC 2019
4 ms. Memory: 208384K Free: 197670K (95%)
ptolemy.util.test.WatchDog.cancel(): canceling Fri Feb 22 18:47:39 UTC 2019
auto.tcl: Setting watchdog for 200 seconds at Fri Feb 22 18:47:39 UTC 2019
2 ms. Memory: 208384K Free: 197670K (95%)
ptolemy.util.test.WatchDog.cancel(): canceling Fri Feb 22 18:47:39 UTC 2019
------------------ testing $PTII/ptolemy/domains/de/test/auto/DepthTest2.xml
auto.tcl: Setting watchdog for 200 seconds at Fri Feb 22 18:47:39 UTC 2019
4 ms. Memory: 208384K Free: 193991K (93%)
ptolemy.util.test.WatchDog.cancel(): canceling Fri Feb 22 18:47:39 UTC 2019
auto.tcl: Setting watchdog for 200 seconds at Fri Feb 22 18:47:39 UTC 2019
3 ms. Memory: 208384K Free: 193991K (93%)
ptolemy.util.test.WatchDog.cancel(): canceling Fri Feb 22 18:47:39 UTC 2019
------------------ testing $PTII/ptolemy/domains/de/test/auto/DepthTest3.xml
auto.tcl: Setting watchdog for 200 seconds at Fri Feb 22 18:47:39 UTC 2019
7 ms. Memory: 208384K Free: 198523K (95%)
ptolemy.util.test.WatchDog.cancel(): canceling Fri Feb 22 18:47:39 UTC 2019
auto.tcl: Setting watchdog for 200 seconds at Fri Feb 22 18:47:39 UTC 2019
1 ms. Memory: 208384K Free: 198523K (95%)
ptolemy.util.test.WatchDog.cancel(): canceling Fri Feb 22 18:47:39 UTC 2019
------------------ testing $PTII/ptolemy/domains/de/test/auto/DepthTest4.xml
auto.tcl: Setting watchdog for 200 seconds at Fri Feb 22 18:47:39 UTC 2019
6 ms. Memory: 208384K Free: 196036K (94%)
ptolemy.util.test.WatchDog.cancel(): canceling Fri Feb 22 18:47:39 UTC 2019
auto.tcl: Setting watchdog for 200 seconds at Fri Feb 22 18:47:39 UTC 2019
2 ms. Memory: 208384K Free: 196036K (94%)
ptolemy.util.test.WatchDog.cancel(): canceling Fri Feb 22 18:47:39 UTC 2019
------------------ testing $PTII/ptolemy/domains/de/test/auto/DepthTest5.xml
auto.tcl: Setting watchdog for 200 seconds at Fri Feb 22 18:47:39 UTC 2019
4 ms. Memory: 208384K Free: 195983K (94%)
ptolemy.util.test.WatchDog.cancel(): canceling Fri Feb 22 18:47:39 UTC 2019
auto.tcl: Setting watchdog for 200 seconds at Fri Feb 22 18:47:39 UTC 2019
3 ms. Memory: 208384K Free: 195983K (94%)
ptolemy.util.test.WatchDog.cancel(): canceling Fri Feb 22 18:47:39 UTC 2019
------------------ testing $PTII/ptolemy/domains/de/test/auto/DepthTest6.xml
auto.tcl: Setting watchdog for 200 seconds at Fri Feb 22 18:47:39 UTC 2019
9 ms. Memory: 208384K Free: 196478K (94%)
ptolemy.util.test.WatchDog.cancel(): canceling Fri Feb 22 18:47:39 UTC 2019
auto.tcl: Setting watchdog for 200 seconds at Fri Feb 22 18:47:39 UTC 2019
3 ms. Memory: 208384K Free: 196478K (94%)
ptolemy.util.test.WatchDog.cancel(): canceling Fri Feb 22 18:47:39 UTC 2019
------------------ testing $PTII/ptolemy/domains/de/test/auto/DepthTest7.xml
auto.tcl: Setting watchdog for 200 seconds at Fri Feb 22 18:47:39 UTC 2019
2 ms. Memory: 208384K Free: 195940K (94%)
ptolemy.util.test.WatchDog.cancel(): canceling Fri Feb 22 18:47:39 UTC 2019
auto.tcl: Setting watchdog for 200 seconds at Fri Feb 22 18:47:39 UTC 2019
2 ms. Memory: 208384K Free: 195940K (94%)
ptolemy.util.test.WatchDog.cancel(): canceling Fri Feb 22 18:47:39 UTC 2019
------------------ testing $PTII/ptolemy/domains/de/test/auto/EventToDate.xml
auto.tcl: Setting watchdog for 200 seconds at Fri Feb 22 18:47:39 UTC 2019
3005 ms. Memory: 208384K Free: 187731K (90%)
ptolemy.util.test.WatchDog.cancel(): canceling Fri Feb 22 18:47:43 UTC 2019
auto.tcl: Setting watchdog for 200 seconds at Fri Feb 22 18:47:43 UTC 2019
3004 ms. Memory: 208384K Free: 185676K (89%)
ptolemy.util.test.WatchDog.cancel(): canceling Fri Feb 22 18:47:46 UTC 2019
------------------ testing $PTII/ptolemy/domains/de/test/auto/FSM1.xml
auto.tcl: Setting watchdog for 200 seconds at Fri Feb 22 18:47:46 UTC 2019
17 ms. Memory: 208384K Free: 189081K (91%)
ptolemy.util.test.WatchDog.cancel(): canceling Fri Feb 22 18:47:46 UTC 2019
auto.tcl: Setting watchdog for 200 seconds at Fri Feb 22 18:47:46 UTC 2019
14 ms. Memory: 208384K Free: 184970K (89%)
ptolemy.util.test.WatchDog.cancel(): canceling Fri Feb 22 18:47:46 UTC 2019
------------------ testing $PTII/ptolemy/domains/de/test/auto/FSM7.xml
auto.tcl: Setting watchdog for 200 seconds at Fri Feb 22 18:47:46 UTC 2019
25 ms. Memory: 208384K Free: 189282K (91%)
ptolemy.util.test.WatchDog.cancel(): canceling Fri Feb 22 18:47:46 UTC 2019
auto.tcl: Setting watchdog for 200 seconds at Fri Feb 22 18:47:46 UTC 2019
18 ms. Memory: 208384K Free: 185171K (89%)
ptolemy.util.test.WatchDog.cancel(): canceling Fri Feb 22 18:47:46 UTC 2019
------------------ testing $PTII/ptolemy/domains/de/test/auto/Inspection.xml
auto.tcl: Setting watchdog for 200 seconds at Fri Feb 22 18:47:46 UTC 2019
22 ms. Memory: 208384K Free: 188953K (91%)
ptolemy.util.test.WatchDog.cancel(): canceling Fri Feb 22 18:47:46 UTC 2019
auto.tcl: Setting watchdog for 200 seconds at Fri Feb 22 18:47:46 UTC 2019
24 ms. Memory: 208384K Free: 186897K (90%)
ptolemy.util.test.WatchDog.cancel(): canceling Fri Feb 22 18:47:46 UTC 2019
------------------ testing $PTII/ptolemy/domains/de/test/auto/Iteration.xml
auto.tcl: Setting watchdog for 200 seconds at Fri Feb 22 18:47:46 UTC 2019
17 ms. Memory: 208384K Free: 196265K (94%)
ptolemy.util.test.WatchDog.cancel(): canceling Fri Feb 22 18:47:46 UTC 2019
auto.tcl: Setting watchdog for 200 seconds at Fri Feb 22 18:47:46 UTC 2019
7 ms. Memory: 208384K Free: 194210K (93%)
ptolemy.util.test.WatchDog.cancel(): canceling Fri Feb 22 18:47:46 UTC 2019
------------------ testing $PTII/ptolemy/domains/de/test/auto/LineFault.xml
auto.tcl: Setting watchdog for 200 seconds at Fri Feb 22 18:47:46 UTC 2019
756 ms. Memory: 208384K Free: 197973K (95%)
ptolemy.util.test.WatchDog.cancel(): canceling Fri Feb 22 18:47:47 UTC 2019
auto.tcl: Setting watchdog for 200 seconds at Fri Feb 22 18:47:47 UTC 2019
590 ms. Memory: 208384K Free: 140501K (67%)
ptolemy.util.test.WatchDog.cancel(): canceling Fri Feb 22 18:47:48 UTC 2019
------------------ testing $PTII/ptolemy/domains/de/test/auto/MergeModel1Add.xml
auto.tcl: Setting watchdog for 200 seconds at Fri Feb 22 18:47:48 UTC 2019
16 ms. Memory: 331264K Free: 300301K (91%)
ptolemy.util.test.WatchDog.cancel(): canceling Fri Feb 22 18:47:48 UTC 2019
auto.tcl: Setting watchdog for 200 seconds at Fri Feb 22 18:47:48 UTC 2019
14 ms. Memory: 331264K Free: 300301K (91%)
ptolemy.util.test.WatchDog.cancel(): canceling Fri Feb 22 18:47:48 UTC 2019
------------------ testing $PTII/ptolemy/domains/de/test/auto/MergeModel2Add.xml
auto.tcl: Setting watchdog for 200 seconds at Fri Feb 22 18:47:48 UTC 2019
9 ms. Memory: 331264K Free: 305248K (92%)
ptolemy.util.test.WatchDog.cancel(): canceling Fri Feb 22 18:47:48 UTC 2019
auto.tcl: Setting watchdog for 200 seconds at Fri Feb 22 18:47:48 UTC 2019
12 ms. Memory: 331264K Free: 301640K (91%)
ptolemy.util.test.WatchDog.cancel(): canceling Fri Feb 22 18:47:48 UTC 2019
------------------ testing $PTII/ptolemy/domains/de/test/auto/MergeModel3Add.xml
auto.tcl: Setting watchdog for 200 seconds at Fri Feb 22 18:47:48 UTC 2019
8 ms. Memory: 331264K Free: 305274K (92%)
ptolemy.util.test.WatchDog.cancel(): canceling Fri Feb 22 18:47:48 UTC 2019
auto.tcl: Setting watchdog for 200 seconds at Fri Feb 22 18:47:48 UTC 2019
6 ms. Memory: 331264K Free: 301682K (91%)
ptolemy.util.test.WatchDog.cancel(): canceling Fri Feb 22 18:47:48 UTC 2019
------------------ testing $PTII/ptolemy/domains/de/test/auto/MergeWithoutDiscard.xml
auto.tcl: Setting watchdog for 200 seconds at Fri Feb 22 18:47:48 UTC 2019
2 ms. Memory: 331264K Free: 316730K (96%)
ptolemy.util.test.WatchDog.cancel(): canceling Fri Feb 22 18:47:48 UTC 2019
auto.tcl: Setting watchdog for 200 seconds at Fri Feb 22 18:47:48 UTC 2019
2 ms. Memory: 331264K Free: 316730K (96%)
ptolemy.util.test.WatchDog.cancel(): canceling Fri Feb 22 18:47:48 UTC 2019
------------------ testing $PTII/ptolemy/domains/de/test/auto/Modal1.xml
auto.tcl: Setting watchdog for 200 seconds at Fri Feb 22 18:47:48 UTC 2019
22 ms. Memory: 331264K Free: 310296K (94%)
ptolemy.util.test.WatchDog.cancel(): canceling Fri Feb 22 18:47:48 UTC 2019
auto.tcl: Setting watchdog for 200 seconds at Fri Feb 22 18:47:48 UTC 2019
20 ms. Memory: 331264K Free: 306688K (93%)
ptolemy.util.test.WatchDog.cancel(): canceling Fri Feb 22 18:47:48 UTC 2019
------------------ testing $PTII/ptolemy/domains/de/test/auto/Modal2.xml
auto.tcl: Setting watchdog for 200 seconds at Fri Feb 22 18:47:48 UTC 2019
18 ms. Memory: 331264K Free: 310168K (94%)
ptolemy.util.test.WatchDog.cancel(): canceling Fri Feb 22 18:47:49 UTC 2019
auto.tcl: Setting watchdog for 200 seconds at Fri Feb 22 18:47:49 UTC 2019
11 ms. Memory: 331264K Free: 306576K (93%)
ptolemy.util.test.WatchDog.cancel(): canceling Fri Feb 22 18:47:49 UTC 2019
------------------ testing $PTII/ptolemy/domains/de/test/auto/Modal3.xml
auto.tcl: Setting watchdog for 200 seconds at Fri Feb 22 18:47:49 UTC 2019
14 ms. Memory: 331264K Free: 310617K (94%)
ptolemy.util.test.WatchDog.cancel(): canceling Fri Feb 22 18:47:49 UTC 2019
auto.tcl: Setting watchdog for 200 seconds at Fri Feb 22 18:47:49 UTC 2019
14 ms. Memory: 331264K Free: 306334K (92%)
ptolemy.util.test.WatchDog.cancel(): canceling Fri Feb 22 18:47:49 UTC 2019
------------------ testing $PTII/ptolemy/domains/de/test/auto/Modal4.xml
auto.tcl: Setting watchdog for 200 seconds at Fri Feb 22 18:47:49 UTC 2019
24 ms. Memory: 331264K Free: 309978K (94%)
ptolemy.util.test.WatchDog.cancel(): canceling Fri Feb 22 18:47:49 UTC 2019
auto.tcl: Setting watchdog for 200 seconds at Fri Feb 22 18:47:49 UTC 2019
14 ms. Memory: 331264K Free: 306386K (92%)
ptolemy.util.test.WatchDog.cancel(): canceling Fri Feb 22 18:47:49 UTC 2019
------------------ testing $PTII/ptolemy/domains/de/test/auto/Modal5.xml
auto.tcl: Setting watchdog for 200 seconds at Fri Feb 22 18:47:49 UTC 2019
11 ms. Memory: 331264K Free: 309958K (94%)
ptolemy.util.test.WatchDog.cancel(): canceling Fri Feb 22 18:47:49 UTC 2019
auto.tcl: Setting watchdog for 200 seconds at Fri Feb 22 18:47:49 UTC 2019
11 ms. Memory: 331264K Free: 306350K (92%)
ptolemy.util.test.WatchDog.cancel(): canceling Fri Feb 22 18:47:49 UTC 2019
------------------ testing $PTII/ptolemy/domains/de/test/auto/Modal6.xml
auto.tcl: Setting watchdog for 200 seconds at Fri Feb 22 18:47:49 UTC 2019
12 ms. Memory: 331264K Free: 309955K (94%)
ptolemy.util.test.WatchDog.cancel(): canceling Fri Feb 22 18:47:49 UTC 2019
auto.tcl: Setting watchdog for 200 seconds at Fri Feb 22 18:47:49 UTC 2019
17 ms. Memory: 331264K Free: 306347K (92%)
ptolemy.util.test.WatchDog.cancel(): canceling Fri Feb 22 18:47:49 UTC 2019
------------------ testing $PTII/ptolemy/domains/de/test/auto/Modal7.xml
auto.tcl: Setting watchdog for 200 seconds at Fri Feb 22 18:47:49 UTC 2019
9 ms. Memory: 331264K Free: 306348K (92%)
ptolemy.util.test.WatchDog.cancel(): canceling Fri Feb 22 18:47:49 UTC 2019
auto.tcl: Setting watchdog for 200 seconds at Fri Feb 22 18:47:49 UTC 2019
9 ms. Memory: 331264K Free: 302740K (91%)
ptolemy.util.test.WatchDog.cancel(): canceling Fri Feb 22 18:47:49 UTC 2019
------------------ testing $PTII/ptolemy/domains/de/test/auto/ModalModel.xml
auto.tcl: Setting watchdog for 200 seconds at Fri Feb 22 18:47:49 UTC 2019
155 ms. Memory: 331264K Free: 249794K (75%)
ptolemy.util.test.WatchDog.cancel(): canceling Fri Feb 22 18:47:49 UTC 2019
auto.tcl: Setting watchdog for 200 seconds at Fri Feb 22 18:47:49 UTC 2019
171 ms. Memory: 331264K Free: 192163K (58%)
ptolemy.util.test.WatchDog.cancel(): canceling Fri Feb 22 18:47:50 UTC 2019
------------------ testing $PTII/ptolemy/domains/de/test/auto/ModalSource.xml
auto.tcl: Setting watchdog for 200 seconds at Fri Feb 22 18:47:50 UTC 2019
6 ms. Memory: 331264K Free: 316251K (95%)
ptolemy.util.test.WatchDog.cancel(): canceling Fri Feb 22 18:47:50 UTC 2019
auto.tcl: Setting watchdog for 200 seconds at Fri Feb 22 18:47:50 UTC 2019
6 ms. Memory: 331264K Free: 312932K (94%)
ptolemy.util.test.WatchDog.cancel(): canceling Fri Feb 22 18:47:50 UTC 2019
------------------ testing $PTII/ptolemy/domains/de/test/auto/NonInterruptibleTimerZeroDelay.xml
auto.tcl: Setting watchdog for 200 seconds at Fri Feb 22 18:47:50 UTC 2019
4 ms. Memory: 331264K Free: 320646K (97%)
ptolemy.util.test.WatchDog.cancel(): canceling Fri Feb 22 18:47:50 UTC 2019
auto.tcl: Setting watchdog for 200 seconds at Fri Feb 22 18:47:50 UTC 2019
2 ms. Memory: 331264K Free: 317334K (96%)
ptolemy.util.test.WatchDog.cancel(): canceling Fri Feb 22 18:47:50 UTC 2019
------------------ testing $PTII/ptolemy/domains/de/test/auto/OpenQueueingNetwork.xml
auto.tcl: Setting watchdog for 200 seconds at Fri Feb 22 18:47:50 UTC 2019
2790 ms. Memory: 573952K Free: 420740K (73%)
ptolemy.util.test.WatchDog.cancel(): canceling Fri Feb 22 18:47:53 UTC 2019
auto.tcl: Setting watchdog for 200 seconds at Fri Feb 22 18:47:53 UTC 2019
2469 ms. Memory: 550912K Free: 322591K (59%)
ptolemy.util.test.WatchDog.cancel(): canceling Fri Feb 22 18:47:55 UTC 2019
------------------ testing $PTII/ptolemy/domains/de/test/auto/OpenQueuingNetwork.xml
auto.tcl: Setting watchdog for 200 seconds at Fri Feb 22 18:47:55 UTC 2019
229 ms. Memory: 549888K Free: 436275K (79%)
ptolemy.util.test.WatchDog.cancel(): canceling Fri Feb 22 18:47:56 UTC 2019
auto.tcl: Setting watchdog for 200 seconds at Fri Feb 22 18:47:56 UTC 2019
214 ms. Memory: 549888K Free: 378240K (69%)
ptolemy.util.test.WatchDog.cancel(): canceling Fri Feb 22 18:47:56 UTC 2019
------------------ testing $PTII/ptolemy/domains/de/test/auto/PeriodicSampler.xml
auto.tcl: Setting watchdog for 200 seconds at Fri Feb 22 18:47:56 UTC 2019
2 ms. Memory: 551936K Free: 535972K (97%)
ptolemy.util.test.WatchDog.cancel(): canceling Fri Feb 22 18:47:56 UTC 2019
auto.tcl: Setting watchdog for 200 seconds at Fri Feb 22 18:47:56 UTC 2019
1 ms. Memory: 551936K Free: 535972K (97%)
ptolemy.util.test.WatchDog.cancel(): canceling Fri Feb 22 18:47:56 UTC 2019
------------------ testing $PTII/ptolemy/domains/de/test/auto/PersistentIO.xml
auto.tcl: Setting watchdog for 200 seconds at Fri Feb 22 18:47:56 UTC 2019
14 ms. Memory: 549376K Free: 529270K (96%)
ptolemy.util.test.WatchDog.cancel(): canceling Fri Feb 22 18:47:56 UTC 2019
auto.tcl: Setting watchdog for 200 seconds at Fri Feb 22 18:47:56 UTC 2019
4 ms. Memory: 549376K Free: 529270K (96%)
ptolemy.util.test.WatchDog.cancel(): canceling Fri Feb 22 18:47:56 UTC 2019
------------------ testing $PTII/ptolemy/domains/de/test/auto/PortParameterResetOnInitialize.xml
auto.tcl: Setting watchdog for 200 seconds at Fri Feb 22 18:47:56 UTC 2019
2 ms. Memory: 551424K Free: 536463K (97%)
ptolemy.util.test.WatchDog.cancel(): canceling Fri Feb 22 18:47:56 UTC 2019
auto.tcl: Setting watchdog for 200 seconds at Fri Feb 22 18:47:56 UTC 2019
1 ms. Memory: 551424K Free: 536463K (97%)
ptolemy.util.test.WatchDog.cancel(): canceling Fri Feb 22 18:47:56 UTC 2019
------------------ testing $PTII/ptolemy/domains/de/test/auto/PortParameterUpdates.xml
auto.tcl: Setting watchdog for 200 seconds at Fri Feb 22 18:47:56 UTC 2019
3 ms. Memory: 549376K Free: 529869K (96%)
ptolemy.util.test.WatchDog.cancel(): canceling Fri Feb 22 18:47:56 UTC 2019
auto.tcl: Setting watchdog for 200 seconds at Fri Feb 22 18:47:56 UTC 2019
3 ms. Memory: 549376K Free: 524577K (95%)
ptolemy.util.test.WatchDog.cancel(): canceling Fri Feb 22 18:47:56 UTC 2019
------------------ testing $PTII/ptolemy/domains/de/test/auto/QueueAndServer.xml
auto.tcl: Setting watchdog for 200 seconds at Fri Feb 22 18:47:56 UTC 2019
26 ms. Memory: 551424K Free: 526046K (95%)
ptolemy.util.test.WatchDog.cancel(): canceling Fri Feb 22 18:47:56 UTC 2019
auto.tcl: Setting watchdog for 200 seconds at Fri Feb 22 18:47:56 UTC 2019
6 ms. Memory: 551424K Free: 526046K (95%)
ptolemy.util.test.WatchDog.cancel(): canceling Fri Feb 22 18:47:56 UTC 2019
------------------ testing $PTII/ptolemy/domains/de/test/auto/Records.xml
auto.tcl: Setting watchdog for 200 seconds at Fri Feb 22 18:47:56 UTC 2019
8 ms. Memory: 549376K Free: 533911K (97%)
ptolemy.util.test.WatchDog.cancel(): canceling Fri Feb 22 18:47:56 UTC 2019
auto.tcl: Setting watchdog for 200 seconds at Fri Feb 22 18:47:56 UTC 2019
2 ms. Memory: 549376K Free: 533911K (97%)
ptolemy.util.test.WatchDog.cancel(): canceling Fri Feb 22 18:47:56 UTC 2019
------------------ testing $PTII/ptolemy/domains/de/test/auto/ResetTransitionWithStartTime1.xml
auto.tcl: Setting watchdog for 200 seconds at Fri Feb 22 18:47:56 UTC 2019
6 ms. Memory: 551424K Free: 530693K (96%)
ptolemy.util.test.WatchDog.cancel(): canceling Fri Feb 22 18:47:56 UTC 2019
auto.tcl: Setting watchdog for 200 seconds at Fri Feb 22 18:47:56 UTC 2019
6 ms. Memory: 551424K Free: 530693K (96%)
ptolemy.util.test.WatchDog.cancel(): canceling Fri Feb 22 18:47:56 UTC 2019
------------------ testing $PTII/ptolemy/domains/de/test/auto/ResetTransitionWithStartTime2.xml
auto.tcl: Setting watchdog for 200 seconds at Fri Feb 22 18:47:56 UTC 2019
9 ms. Memory: 549376K Free: 529195K (96%)
ptolemy.util.test.WatchDog.cancel(): canceling Fri Feb 22 18:47:56 UTC 2019
auto.tcl: Setting watchdog for 200 seconds at Fri Feb 22 18:47:56 UTC 2019
12 ms. Memory: 549376K Free: 529195K (96%)
ptolemy.util.test.WatchDog.cancel(): canceling Fri Feb 22 18:47:56 UTC 2019
------------------ testing $PTII/ptolemy/domains/de/test/auto/ResetTransitionWithStartTime3.xml
auto.tcl: Setting watchdog for 200 seconds at Fri Feb 22 18:47:56 UTC 2019
7 ms. Memory: 550912K Free: 530171K (96%)
ptolemy.util.test.WatchDog.cancel(): canceling Fri Feb 22 18:47:56 UTC 2019
auto.tcl: Setting watchdog for 200 seconds at Fri Feb 22 18:47:56 UTC 2019
7 ms. Memory: 550912K Free: 530171K (96%)
ptolemy.util.test.WatchDog.cancel(): canceling Fri Feb 22 18:47:56 UTC 2019
------------------ testing $PTII/ptolemy/domains/de/test/auto/ResetTransitionWithStartTime4.xml
auto.tcl: Setting watchdog for 200 seconds at Fri Feb 22 18:47:56 UTC 2019
3 ms. Memory: 549376K Free: 528634K (96%)
ptolemy.util.test.WatchDog.cancel(): canceling Fri Feb 22 18:47:56 UTC 2019
auto.tcl: Setting watchdog for 200 seconds at Fri Feb 22 18:47:56 UTC 2019
3 ms. Memory: 549376K Free: 528634K (96%)
ptolemy.util.test.WatchDog.cancel(): canceling Fri Feb 22 18:47:56 UTC 2019
------------------ testing $PTII/ptolemy/domains/de/test/auto/ResettableTimer1.xml
auto.tcl: Setting watchdog for 200 seconds at Fri Feb 22 18:47:57 UTC 2019
3 ms. Memory: 550912K Free: 535457K (97%)
ptolemy.util.test.WatchDog.cancel(): canceling Fri Feb 22 18:47:57 UTC 2019
auto.tcl: Setting watchdog for 200 seconds at Fri Feb 22 18:47:57 UTC 2019
2 ms. Memory: 550912K Free: 535457K (97%)
ptolemy.util.test.WatchDog.cancel(): canceling Fri Feb 22 18:47:57 UTC 2019
------------------ testing $PTII/ptolemy/domains/de/test/auto/ResettableTimer2.xml
auto.tcl: Setting watchdog for 200 seconds at Fri Feb 22 18:47:57 UTC 2019
3 ms. Memory: 549376K Free: 534522K (97%)
ptolemy.util.test.WatchDog.cancel(): canceling Fri Feb 22 18:47:57 UTC 2019
auto.tcl: Setting watchdog for 200 seconds at Fri Feb 22 18:47:57 UTC 2019
2 ms. Memory: 549376K Free: 534522K (97%)
ptolemy.util.test.WatchDog.cancel(): canceling Fri Feb 22 18:47:57 UTC 2019
------------------ testing $PTII/ptolemy/domains/de/test/auto/ResettableTimer3.xml
auto.tcl: Setting watchdog for 200 seconds at Fri Feb 22 18:47:57 UTC 2019
1 ms. Memory: 550912K Free: 535514K (97%)
ptolemy.util.test.WatchDog.cancel(): canceling Fri Feb 22 18:47:57 UTC 2019
auto.tcl: Setting watchdog for 200 seconds at Fri Feb 22 18:47:57 UTC 2019
1 ms. Memory: 550912K Free: 535514K (97%)
ptolemy.util.test.WatchDog.cancel(): canceling Fri Feb 22 18:47:57 UTC 2019
------------------ testing $PTII/ptolemy/domains/de/test/auto/ResettableTimer4.xml
auto.tcl: Setting watchdog for 200 seconds at Fri Feb 22 18:47:57 UTC 2019
1 ms. Memory: 549376K Free: 534534K (97%)
ptolemy.util.test.WatchDog.cancel(): canceling Fri Feb 22 18:47:57 UTC 2019
auto.tcl: Setting watchdog for 200 seconds at Fri Feb 22 18:47:57 UTC 2019
1 ms. Memory: 549376K Free: 525175K (96%)
ptolemy.util.test.WatchDog.cancel(): canceling Fri Feb 22 18:47:57 UTC 2019
------------------ testing $PTII/ptolemy/domains/de/test/auto/ResettableTimer5.xml
auto.tcl: Setting watchdog for 200 seconds at Fri Feb 22 18:47:57 UTC 2019
2 ms. Memory: 550400K Free: 535557K (97%)
ptolemy.util.test.WatchDog.cancel(): canceling Fri Feb 22 18:47:57 UTC 2019
auto.tcl: Setting watchdog for 200 seconds at Fri Feb 22 18:47:57 UTC 2019
1 ms. Memory: 550400K Free: 535557K (97%)
ptolemy.util.test.WatchDog.cancel(): canceling Fri Feb 22 18:47:57 UTC 2019
------------------ testing $PTII/ptolemy/domains/de/test/auto/ResettableTimer6.xml
auto.tcl: Setting watchdog for 200 seconds at Fri Feb 22 18:47:57 UTC 2019
2 ms. Memory: 549376K Free: 533938K (97%)
ptolemy.util.test.WatchDog.cancel(): canceling Fri Feb 22 18:47:57 UTC 2019
auto.tcl: Setting watchdog for 200 seconds at Fri Feb 22 18:47:57 UTC 2019
1 ms. Memory: 549376K Free: 533938K (97%)
ptolemy.util.test.WatchDog.cancel(): canceling Fri Feb 22 18:47:57 UTC 2019
------------------ testing $PTII/ptolemy/domains/de/test/auto/ServerZeroDelay.xml
auto.tcl: Setting watchdog for 200 seconds at Fri Feb 22 18:47:57 UTC 2019
4 ms. Memory: 550400K Free: 535496K (97%)
ptolemy.util.test.WatchDog.cancel(): canceling Fri Feb 22 18:47:57 UTC 2019
auto.tcl: Setting watchdog for 200 seconds at Fri Feb 22 18:47:57 UTC 2019
2 ms. Memory: 550400K Free: 535496K (97%)
ptolemy.util.test.WatchDog.cancel(): canceling Fri Feb 22 18:47:57 UTC 2019
------------------ testing $PTII/ptolemy/domains/de/test/auto/SmartSender.xml
auto.tcl: Setting watchdog for 200 seconds at Fri Feb 22 18:47:57 UTC 2019
3001 ms. Memory: 549376K Free: 529788K (96%)
ptolemy.util.test.WatchDog.cancel(): canceling Fri Feb 22 18:48:00 UTC 2019
auto.tcl: Setting watchdog for 200 seconds at Fri Feb 22 18:48:00 UTC 2019
3002 ms. Memory: 549376K Free: 529788K (96%)
ptolemy.util.test.WatchDog.cancel(): canceling Fri Feb 22 18:48:03 UTC 2019
------------------ testing $PTII/ptolemy/domains/de/test/auto/ThreadedComposite.xml
auto.tcl: Setting watchdog for 200 seconds at Fri Feb 22 18:48:03 UTC 2019
157 ms. Memory: 550400K Free: 510339K (93%)
ptolemy.util.test.WatchDog.cancel(): canceling Fri Feb 22 18:48:03 UTC 2019
auto.tcl: Setting watchdog for 200 seconds at Fri Feb 22 18:48:03 UTC 2019
105 ms. Memory: 550400K Free: 495704K (90%)
ptolemy.util.test.WatchDog.cancel(): canceling Fri Feb 22 18:48:03 UTC 2019
------------------ testing $PTII/ptolemy/domains/de/test/auto/Time.xml
auto.tcl: Setting watchdog for 200 seconds at Fri Feb 22 18:48:03 UTC 2019
539 ms. Memory: 549376K Free: 482173K (88%)
ptolemy.util.test.WatchDog.cancel(): canceling Fri Feb 22 18:48:04 UTC 2019
auto.tcl: Setting watchdog for 200 seconds at Fri Feb 22 18:48:04 UTC 2019
556 ms. Memory: 549376K Free: 429415K (78%)
ptolemy.util.test.WatchDog.cancel(): canceling Fri Feb 22 18:48:05 UTC 2019
------------------ testing $PTII/ptolemy/domains/de/test/auto/TimeDelayZeroDelay.xml
auto.tcl: Setting watchdog for 200 seconds at Fri Feb 22 18:48:05 UTC 2019
3 ms. Memory: 550400K Free: 534871K (97%)
ptolemy.util.test.WatchDog.cancel(): canceling Fri Feb 22 18:48:05 UTC 2019
auto.tcl: Setting watchdog for 200 seconds at Fri Feb 22 18:48:05 UTC 2019
2 ms. Memory: 550400K Free: 534871K (97%)
ptolemy.util.test.WatchDog.cancel(): canceling Fri Feb 22 18:48:05 UTC 2019
------------------ testing $PTII/ptolemy/domains/de/test/auto/TimerZeroDelay.xml
auto.tcl: Setting watchdog for 200 seconds at Fri Feb 22 18:48:05 UTC 2019
4 ms. Memory: 549376K Free: 534434K (97%)
ptolemy.util.test.WatchDog.cancel(): canceling Fri Feb 22 18:48:05 UTC 2019
auto.tcl: Setting watchdog for 200 seconds at Fri Feb 22 18:48:05 UTC 2019
2 ms. Memory: 549376K Free: 534434K (97%)
ptolemy.util.test.WatchDog.cancel(): canceling Fri Feb 22 18:48:05 UTC 2019
------------------ testing $PTII/ptolemy/domains/de/test/auto/TimingParadox.xml
auto.tcl: Setting watchdog for 200 seconds at Fri Feb 22 18:48:05 UTC 2019
328 ms. Memory: 549888K Free: 469941K (85%)
ptolemy.util.test.WatchDog.cancel(): canceling Fri Feb 22 18:48:05 UTC 2019
auto.tcl: Setting watchdog for 200 seconds at Fri Feb 22 18:48:05 UTC 2019
329 ms. Memory: 549888K Free: 433010K (79%)
ptolemy.util.test.WatchDog.cancel(): canceling Fri Feb 22 18:48:05 UTC 2019
------------------ testing $PTII/ptolemy/domains/de/test/auto/TransferInputs.xml
auto.tcl: Setting watchdog for 200 seconds at Fri Feb 22 18:48:06 UTC 2019
2 ms. Memory: 549888K Free: 533907K (97%)
ptolemy.util.test.WatchDog.cancel(): canceling Fri Feb 22 18:48:06 UTC 2019
auto.tcl: Setting watchdog for 200 seconds at Fri Feb 22 18:48:06 UTC 2019
2 ms. Memory: 549888K Free: 533907K (97%)
ptolemy.util.test.WatchDog.cancel(): canceling Fri Feb 22 18:48:06 UTC 2019
------------------ testing $PTII/ptolemy/domains/de/test/auto/TransferOutputs2.xml
auto.tcl: Setting watchdog for 200 seconds at Fri Feb 22 18:48:06 UTC 2019
3 ms. Memory: 549376K Free: 524525K (95%)
ptolemy.util.test.WatchDog.cancel(): canceling Fri Feb 22 18:48:06 UTC 2019
auto.tcl: Setting watchdog for 200 seconds at Fri Feb 22 18:48:06 UTC 2019
3 ms. Memory: 549376K Free: 524525K (95%)
ptolemy.util.test.WatchDog.cancel(): canceling Fri Feb 22 18:48:06 UTC 2019
------------------ testing $PTII/ptolemy/domains/de/test/auto/Trilateration.xml
auto.tcl: Setting watchdog for 200 seconds at Fri Feb 22 18:48:06 UTC 2019
14628 ms. Memory: 453632K Free: 137969K (30%)
ptolemy.util.test.WatchDog.cancel(): canceling Fri Feb 22 18:48:21 UTC 2019
auto.tcl: Setting watchdog for 200 seconds at Fri Feb 22 18:48:21 UTC 2019
10742 ms. Memory: 331264K Free: 245449K (74%)
ptolemy.util.test.WatchDog.cancel(): canceling Fri Feb 22 18:48:32 UTC 2019
------------------ testing $PTII/ptolemy/domains/de/test/auto/TwoSigmaDelta.xml
auto.tcl: Setting watchdog for 200 seconds at Fri Feb 22 18:48:32 UTC 2019
2609 ms. Memory: 320000K Free: 266465K (83%)
ptolemy.util.test.WatchDog.cancel(): canceling Fri Feb 22 18:48:35 UTC 2019
auto.tcl: Setting watchdog for 200 seconds at Fri Feb 22 18:48:35 UTC 2019
1967 ms. Memory: 307712K Free: 260376K (85%)
ptolemy.util.test.WatchDog.cancel(): canceling Fri Feb 22 18:48:37 UTC 2019
------------------ testing $PTII/ptolemy/domains/de/test/auto/VariableDelay.xml
auto.tcl: Setting watchdog for 200 seconds at Fri Feb 22 18:48:37 UTC 2019
4 ms. Memory: 309760K Free: 293137K (95%)
ptolemy.util.test.WatchDog.cancel(): canceling Fri Feb 22 18:48:37 UTC 2019
auto.tcl: Setting watchdog for 200 seconds at Fri Feb 22 18:48:37 UTC 2019
2 ms. Memory: 309760K Free: 293137K (95%)
ptolemy.util.test.WatchDog.cancel(): canceling Fri Feb 22 18:48:37 UTC 2019
------------------ testing $PTII/ptolemy/domains/de/test/auto/VariableDelay2.xml
auto.tcl: Setting watchdog for 200 seconds at Fri Feb 22 18:48:37 UTC 2019
1 ms. Memory: 307712K Free: 293778K (95%)
ptolemy.util.test.WatchDog.cancel(): canceling Fri Feb 22 18:48:37 UTC 2019
auto.tcl: Setting watchdog for 200 seconds at Fri Feb 22 18:48:37 UTC 2019
1 ms. Memory: 307712K Free: 293778K (95%)
ptolemy.util.test.WatchDog.cancel(): canceling Fri Feb 22 18:48:37 UTC 2019
------------------ testing $PTII/ptolemy/domains/de/test/auto/VariableDelayZeroDelay.xml
auto.tcl: Setting watchdog for 200 seconds at Fri Feb 22 18:48:37 UTC 2019
2 ms. Memory: 309248K Free: 296360K (96%)
ptolemy.util.test.WatchDog.cancel(): canceling Fri Feb 22 18:48:37 UTC 2019
auto.tcl: Setting watchdog for 200 seconds at Fri Feb 22 18:48:37 UTC 2019
2 ms. Memory: 309248K Free: 293033K (95%)
ptolemy.util.test.WatchDog.cancel(): canceling Fri Feb 22 18:48:37 UTC 2019
------------------ testing $PTII/ptolemy/domains/de/test/auto/VariableDelayZeroDelay2.xml
auto.tcl: Setting watchdog for 200 seconds at Fri Feb 22 18:48:37 UTC 2019
2 ms. Memory: 307712K Free: 294822K (96%)
ptolemy.util.test.WatchDog.cancel(): canceling Fri Feb 22 18:48:37 UTC 2019
auto.tcl: Setting watchdog for 200 seconds at Fri Feb 22 18:48:37 UTC 2019
2 ms. Memory: 307712K Free: 291496K (95%)
ptolemy.util.test.WatchDog.cancel(): canceling Fri Feb 22 18:48:37 UTC 2019
------------------ testing $PTII/ptolemy/domains/de/test/auto/deInCt.xml
auto.tcl: Setting watchdog for 200 seconds at Fri Feb 22 18:48:37 UTC 2019
0
1
1
1
1
0
0
0
1
1
1
1
0
0
0
0
1
1
1
0
0
0
1
1
1
0
0
0
0
1
1
1
0
0
0
0
14 ms. Memory: 309248K Free: 293017K (95%)
ptolemy.util.test.WatchDog.cancel(): canceling Fri Feb 22 18:48:37 UTC 2019
auto.tcl: Setting watchdog for 200 seconds at Fri Feb 22 18:48:37 UTC 2019
0
1
1
1
0
0
0
0
1
1
1
0
0
1
1
0
0
0
1
1
0
0
1
1
0
0
0
0
1
1
1
1
1
1
1
1
5 ms. Memory: 309248K Free: 293017K (95%)
ptolemy.util.test.WatchDog.cancel(): canceling Fri Feb 22 18:48:37 UTC 2019
------------------ testing $PTII/ptolemy/domains/de/test/auto/deInCt2.xml
auto.tcl: Setting watchdog for 200 seconds at Fri Feb 22 18:48:37 UTC 2019
0
1
1
1
0
0
1
1
1
0
0
1
1
1
0
0
1
1
1
0
0
1
1
1
0
0
1
1
1
0
0
1
1
1
0
0
1
1
1
0
0
0
12 ms. Memory: 307712K Free: 291488K (95%)
ptolemy.util.test.WatchDog.cancel(): canceling Fri Feb 22 18:48:37 UTC 2019
auto.tcl: Setting watchdog for 200 seconds at Fri Feb 22 18:48:37 UTC 2019
0
1
1
1
0
0
1
1
1
0
0
1
1
1
0
0
1
1
1
0
0
1
1
1
0
0
1
1
1
0
0
1
1
1
0
0
1
1
1
0
0
0
5 ms. Memory: 307712K Free: 291488K (95%)
ptolemy.util.test.WatchDog.cancel(): canceling Fri Feb 22 18:48:37 UTC 2019
------------------ testing $PTII/ptolemy/domains/de/test/auto/dynamicCausalityInterface1.xml
auto.tcl: Setting watchdog for 200 seconds at Fri Feb 22 18:48:37 UTC 2019
1 ms. Memory: 308736K Free: 291481K (94%)
ptolemy.util.test.WatchDog.cancel(): canceling Fri Feb 22 18:48:37 UTC 2019
auto.tcl: Setting watchdog for 200 seconds at Fri Feb 22 18:48:37 UTC 2019
1 ms. Memory: 308736K Free: 291481K (94%)
ptolemy.util.test.WatchDog.cancel(): canceling Fri Feb 22 18:48:37 UTC 2019
------------------ testing $PTII/ptolemy/domains/de/test/auto/fsm_de_test.xml
auto.tcl: Setting watchdog for 200 seconds at Fri Feb 22 18:48:37 UTC 2019
7 ms. Memory: 307712K Free: 288088K (94%)
ptolemy.util.test.WatchDog.cancel(): canceling Fri Feb 22 18:48:37 UTC 2019
auto.tcl: Setting watchdog for 200 seconds at Fri Feb 22 18:48:37 UTC 2019
5 ms. Memory: 307712K Free: 288088K (94%)
ptolemy.util.test.WatchDog.cancel(): canceling Fri Feb 22 18:48:37 UTC 2019
------------------ testing $PTII/ptolemy/domains/de/test/auto/functionDependencyReconstruction.xml
auto.tcl: Setting watchdog for 200 seconds at Fri Feb 22 18:48:37 UTC 2019
7 ms. Memory: 308736K Free: 282435K (91%)
ptolemy.util.test.WatchDog.cancel(): canceling Fri Feb 22 18:48:37 UTC 2019
auto.tcl: Setting watchdog for 200 seconds at Fri Feb 22 18:48:37 UTC 2019
2 ms. Memory: 308736K Free: 282435K (91%)
ptolemy.util.test.WatchDog.cancel(): canceling Fri Feb 22 18:48:37 UTC 2019
------------------ testing $PTII/ptolemy/domains/de/test/auto/multirate.xml
auto.tcl: Setting watchdog for 200 seconds at Fri Feb 22 18:48:37 UTC 2019
3 ms. Memory: 307712K Free: 293525K (95%)
ptolemy.util.test.WatchDog.cancel(): canceling Fri Feb 22 18:48:37 UTC 2019
auto.tcl: Setting watchdog for 200 seconds at Fri Feb 22 18:48:37 UTC 2019
3 ms. Memory: 307712K Free: 290207K (94%)
ptolemy.util.test.WatchDog.cancel(): canceling Fri Feb 22 18:48:37 UTC 2019
------------------ testing $PTII/ptolemy/domains/de/test/auto/multirate2.xml
auto.tcl: Setting watchdog for 200 seconds at Fri Feb 22 18:48:38 UTC 2019
3 ms. Memory: 308736K Free: 292458K (95%)
ptolemy.util.test.WatchDog.cancel(): canceling Fri Feb 22 18:48:38 UTC 2019
auto.tcl: Setting watchdog for 200 seconds at Fri Feb 22 18:48:38 UTC 2019
3 ms. Memory: 308736K Free: 289148K (94%)
ptolemy.util.test.WatchDog.cancel(): canceling Fri Feb 22 18:48:38 UTC 2019
------------------ testing $PTII/ptolemy/domains/de/test/auto/realtime.xml
auto.tcl: Setting watchdog for 200 seconds at Fri Feb 22 18:48:38 UTC 2019
10002 ms. Memory: 307712K Free: 291413K (95%)
ptolemy.util.test.WatchDog.cancel(): canceling Fri Feb 22 18:48:48 UTC 2019
auto.tcl: Setting watchdog for 200 seconds at Fri Feb 22 18:48:48 UTC 2019
10000 ms. Memory: 307712K Free: 291413K (95%)
ptolemy.util.test.WatchDog.cancel(): canceling Fri Feb 22 18:48:58 UTC 2019
------------------ testing $PTII/ptolemy/domains/de/test/auto/relationGroup.xml
auto.tcl: Setting watchdog for 200 seconds at Fri Feb 22 18:48:58 UTC 2019
2 ms. Memory: 308224K Free: 295296K (96%)
ptolemy.util.test.WatchDog.cancel(): canceling Fri Feb 22 18:48:58 UTC 2019
auto.tcl: Setting watchdog for 200 seconds at Fri Feb 22 18:48:58 UTC 2019
2 ms. Memory: 308224K Free: 295296K (96%)
ptolemy.util.test.WatchDog.cancel(): canceling Fri Feb 22 18:48:58 UTC 2019
------------------ testing $PTII/ptolemy/domains/de/test/auto/relationGroup2.xml
auto.tcl: Setting watchdog for 200 seconds at Fri Feb 22 18:48:58 UTC 2019
1 ms. Memory: 307712K Free: 294811K (96%)
ptolemy.util.test.WatchDog.cancel(): canceling Fri Feb 22 18:48:58 UTC 2019
auto.tcl: Setting watchdog for 200 seconds at Fri Feb 22 18:48:58 UTC 2019
1 ms. Memory: 307712K Free: 294811K (96%)
ptolemy.util.test.WatchDog.cancel(): canceling Fri Feb 22 18:48:58 UTC 2019
------------------ testing $PTII/ptolemy/domains/de/test/auto/sortWithOpaquePorts.xml
auto.tcl: Setting watchdog for 200 seconds at Fri Feb 22 18:48:58 UTC 2019
1 ms. Memory: 308224K Free: 291997K (95%)
ptolemy.util.test.WatchDog.cancel(): canceling Fri Feb 22 18:48:58 UTC 2019
auto.tcl: Setting watchdog for 200 seconds at Fri Feb 22 18:48:58 UTC 2019
2 ms. Memory: 308224K Free: 291997K (95%)
ptolemy.util.test.WatchDog.cancel(): canceling Fri Feb 22 18:48:58 UTC 2019
------------------ testing $PTII/ptolemy/domains/de/test/auto/transferInputsandOutputs.xml
auto.tcl: Setting watchdog for 200 seconds at Fri Feb 22 18:48:58 UTC 2019
3 ms. Memory: 307712K Free: 291479K (95%)
ptolemy.util.test.WatchDog.cancel(): canceling Fri Feb 22 18:48:58 UTC 2019
auto.tcl: Setting watchdog for 200 seconds at Fri Feb 22 18:48:58 UTC 2019
2 ms. Memory: 307712K Free: 288153K (94%)
ptolemy.util.test.WatchDog.cancel(): canceling Fri Feb 22 18:48:58 UTC 2019
------------------ testing $PTII/ptolemy/domains/de/test/auto/triggerType.xml
auto.tcl: Setting watchdog for 200 seconds at Fri Feb 22 18:48:58 UTC 2019
2 ms. Memory: 308224K Free: 295259K (96%)
ptolemy.util.test.WatchDog.cancel(): canceling Fri Feb 22 18:48:58 UTC 2019
auto.tcl: Setting watchdog for 200 seconds at Fri Feb 22 18:48:58 UTC 2019
1 ms. Memory: 308224K Free: 291933K (95%)
ptolemy.util.test.WatchDog.cancel(): canceling Fri Feb 22 18:48:58 UTC 2019
02/22/19 06:48:58
Failed: 0  Total Tests: 192  ((Passed: 187, Newly Passed: 1)  Known Failed: 5) /home/travis/build/icyphy/ptII/ptolemy/domains/de/test
02/22/19 06:48:58
Failed: 0  Total Tests: 192  ((Passed: 187, Newly Passed: 1)  Known Failed: 5) /home/travis/build/icyphy/ptII/ptolemy/domains/de/test
----------------- testing (KnownFailure) /home/travis/build/icyphy/ptII/ptolemy/domains/de/test/auto/knownFailedTests/DESDFClockTest.xml
2011 ms. Memory: 307712K Free: 285728K (93%)
Known Failure: java.lang.reflect.InvocationTargetException
----------------- testing (KnownFailure) /home/travis/build/icyphy/ptII/ptolemy/domains/de/test/auto/knownFailedTests/DirectFeedback.xml
1 ms. Memory: 307712K Free: 267623K (87%)
Known Failure: java.lang.reflect.InvocationTargetException
----------------- testing (KnownFailure) /home/travis/build/icyphy/ptII/ptolemy/domains/de/test/auto/knownFailedTests/FSMSource.xml
15 ms. Memory: 307712K Free: 244985K (80%)
----------------- testing (KnownFailure) /home/travis/build/icyphy/ptII/ptolemy/domains/de/test/auto/knownFailedTests/HierarchicalModel.xml
1 ms. Memory: 307712K Free: 222338K (72%)
Known Failure: java.lang.reflect.InvocationTargetException
----------------- testing (KnownFailure) /home/travis/build/icyphy/ptII/ptolemy/domains/de/test/auto/knownFailedTests/dependencyLoop.xml
2 ms. Memory: 307712K Free: 190639K (62%)
Known Failure: java.lang.reflect.InvocationTargetException
----------------- testing (KnownFailure) /home/travis/build/icyphy/ptII/ptolemy/domains/de/test/auto/knownFailedTests/dependencyLoop2.xml
2 ms. Memory: 307712K Free: 158940K (52%)
Known Failure: java.lang.reflect.InvocationTargetException
No auto/linux-amd64/*.xml tests in /home/travis/build/icyphy/ptII/ptolemy/domains/de/test
AutoTests.java: About to close Vertx.
AutoTests.java: Vertx closed.

===========================================================================================
----------------- testing Fri Feb 22 18:49:00 UTC 2019 /home/travis/build/icyphy/ptII/ptolemy/domains/de/test/auto/ActorDepthCalculation_actorWithoutPorts.xml
----------------- Instantiating /home/travis/build/icyphy/ptII/ptolemy/domains/de/test/auto/ActorDepthCalculation_actorWithoutPorts.xml
2 ms. Memory: 307712K Free: 136309K (44%)
----------------- Invoking toplevel() on ptolemy.moml.MoMLSimpleApplication@7d41a8ec
----------------- Done invoking toplevel() on ptolemy.moml.MoMLSimpleApplication@7d41a8ec
reloadAllAccessors: .ActorDepthCalculation_actorWithoutPorts

===========================================================================================
----------------- testing Fri Feb 22 18:49:00 UTC 2019 /home/travis/build/icyphy/ptII/ptolemy/domains/de/test/auto/AssemblyLine.xml
----------------- Instantiating /home/travis/build/icyphy/ptII/ptolemy/domains/de/test/auto/AssemblyLine.xml
2 ms. Memory: 307712K Free: 122730K (40%)
----------------- Invoking toplevel() on ptolemy.moml.MoMLSimpleApplication@4b4066ff
----------------- Done invoking toplevel() on ptolemy.moml.MoMLSimpleApplication@4b4066ff
reloadAllAccessors: .AssemblyLine

===========================================================================================
----------------- testing Fri Feb 22 18:49:00 UTC 2019 /home/travis/build/icyphy/ptII/ptolemy/domains/de/test/auto/CQBug1.xml
----------------- Instantiating /home/travis/build/icyphy/ptII/ptolemy/domains/de/test/auto/CQBug1.xml
1 ms. Memory: 307712K Free: 113678K (37%)
----------------- Invoking toplevel() on ptolemy.moml.MoMLSimpleApplication@37e673f
----------------- Done invoking toplevel() on ptolemy.moml.MoMLSimpleApplication@37e673f
reloadAllAccessors: .CQBug1

===========================================================================================
----------------- testing Fri Feb 22 18:49:00 UTC 2019 /home/travis/build/icyphy/ptII/ptolemy/domains/de/test/auto/CancelFireAt.xml
----------------- Instantiating /home/travis/build/icyphy/ptII/ptolemy/domains/de/test/auto/CancelFireAt.xml
0 ms. Memory: 307712K Free: 104625K (34%)
----------------- Invoking toplevel() on ptolemy.moml.MoMLSimpleApplication@686b21e7
----------------- Done invoking toplevel() on ptolemy.moml.MoMLSimpleApplication@686b21e7
reloadAllAccessors: .CancelFireAt

===========================================================================================
----------------- testing Fri Feb 22 18:49:00 UTC 2019 /home/travis/build/icyphy/ptII/ptolemy/domains/de/test/auto/CausalityAndComposabilityAnalysis.xml
----------------- Instantiating /home/travis/build/icyphy/ptII/ptolemy/domains/de/test/auto/CausalityAndComposabilityAnalysis.xml
1 ms. Memory: 307712K Free: 95573K (31%)
----------------- Invoking toplevel() on ptolemy.moml.MoMLSimpleApplication@4e541955
----------------- Done invoking toplevel() on ptolemy.moml.MoMLSimpleApplication@4e541955
reloadAllAccessors: .CausalityAndComposabilityAnalysis

===========================================================================================
----------------- testing Fri Feb 22 18:49:00 UTC 2019 /home/travis/build/icyphy/ptII/ptolemy/domains/de/test/auto/CausalityInterface1.xml
----------------- Instantiating /home/travis/build/icyphy/ptII/ptolemy/domains/de/test/auto/CausalityInterface1.xml
3 ms. Memory: 307712K Free: 83211K (27%)
----------------- Invoking toplevel() on ptolemy.moml.MoMLSimpleApplication@36f8a70a
----------------- Done invoking toplevel() on ptolemy.moml.MoMLSimpleApplication@36f8a70a
reloadAllAccessors: .CausalityInterface1

===========================================================================================
----------------- testing Fri Feb 22 18:49:00 UTC 2019 /home/travis/build/icyphy/ptII/ptolemy/domains/de/test/auto/CausalityInterface15.xml
----------------- Instantiating /home/travis/build/icyphy/ptII/ptolemy/domains/de/test/auto/CausalityInterface15.xml
10 ms. Memory: 298496K Free: 288755K (97%)
----------------- Invoking toplevel() on ptolemy.moml.MoMLSimpleApplication@1203f4fa
----------------- Done invoking toplevel() on ptolemy.moml.MoMLSimpleApplication@1203f4fa
reloadAllAccessors: .CausalityInterface15

===========================================================================================
----------------- testing Fri Feb 22 18:49:00 UTC 2019 /home/travis/build/icyphy/ptII/ptolemy/domains/de/test/auto/CausalityInterface2.xml
----------------- Instantiating /home/travis/build/icyphy/ptII/ptolemy/domains/de/test/auto/CausalityInterface2.xml
2 ms. Memory: 298496K Free: 277952K (93%)
----------------- Invoking toplevel() on ptolemy.moml.MoMLSimpleApplication@6764481f
----------------- Done invoking toplevel() on ptolemy.moml.MoMLSimpleApplication@6764481f
reloadAllAccessors: .CausalityInterface2

===========================================================================================
----------------- testing Fri Feb 22 18:49:00 UTC 2019 /home/travis/build/icyphy/ptII/ptolemy/domains/de/test/auto/CausalityInterface3.xml
----------------- Instantiating /home/travis/build/icyphy/ptII/ptolemy/domains/de/test/auto/CausalityInterface3.xml
2 ms. Memory: 298496K Free: 271454K (91%)
----------------- Invoking toplevel() on ptolemy.moml.MoMLSimpleApplication@49ecda3c
----------------- Done invoking toplevel() on ptolemy.moml.MoMLSimpleApplication@49ecda3c
reloadAllAccessors: .CausalityInterface3

===========================================================================================
----------------- testing Fri Feb 22 18:49:00 UTC 2019 /home/travis/build/icyphy/ptII/ptolemy/domains/de/test/auto/ClockDrift.xml
----------------- Instantiating /home/travis/build/icyphy/ptII/ptolemy/domains/de/test/auto/ClockDrift.xml
20 ms. Memory: 298496K Free: 256277K (86%)
----------------- Invoking toplevel() on ptolemy.moml.MoMLSimpleApplication@7c88400d
----------------- Done invoking toplevel() on ptolemy.moml.MoMLSimpleApplication@7c88400d
reloadAllAccessors: .ClockDrift

===========================================================================================
----------------- testing Fri Feb 22 18:49:00 UTC 2019 /home/travis/build/icyphy/ptII/ptolemy/domains/de/test/auto/ClockDriftAndValueChange.xml
----------------- Instantiating /home/travis/build/icyphy/ptII/ptolemy/domains/de/test/auto/ClockDriftAndValueChange.xml
12 ms. Memory: 298496K Free: 241077K (81%)
----------------- Invoking toplevel() on ptolemy.moml.MoMLSimpleApplication@380d1990
----------------- Done invoking toplevel() on ptolemy.moml.MoMLSimpleApplication@380d1990
reloadAllAccessors: .ClockDriftAndValueChange

===========================================================================================
----------------- testing Fri Feb 22 18:49:00 UTC 2019 /home/travis/build/icyphy/ptII/ptolemy/domains/de/test/auto/ClockDriftChange.xml
----------------- Instantiating /home/travis/build/icyphy/ptII/ptolemy/domains/de/test/auto/ClockDriftChange.xml
10 ms. Memory: 298496K Free: 225969K (76%)
----------------- Invoking toplevel() on ptolemy.moml.MoMLSimpleApplication@767cac70
----------------- Done invoking toplevel() on ptolemy.moml.MoMLSimpleApplication@767cac70
reloadAllAccessors: .ClockDriftChange

===========================================================================================
----------------- testing Fri Feb 22 18:49:00 UTC 2019 /home/travis/build/icyphy/ptII/ptolemy/domains/de/test/auto/ComposableCausalityAnalysis.xml
----------------- Instantiating /home/travis/build/icyphy/ptII/ptolemy/domains/de/test/auto/ComposableCausalityAnalysis.xml
1 ms. Memory: 298496K Free: 217282K (73%)
----------------- Invoking toplevel() on ptolemy.moml.MoMLSimpleApplication@5eca7d4e
----------------- Done invoking toplevel() on ptolemy.moml.MoMLSimpleApplication@5eca7d4e
reloadAllAccessors: .ComposableCausalityAnalysis

===========================================================================================
----------------- testing Fri Feb 22 18:49:00 UTC 2019 /home/travis/build/icyphy/ptII/ptolemy/domains/de/test/auto/DEFixedPointLimitation.xml
----------------- Instantiating /home/travis/build/icyphy/ptII/ptolemy/domains/de/test/auto/DEFixedPointLimitation.xml
1 ms. Memory: 298496K Free: 210776K (71%)
----------------- Invoking toplevel() on ptolemy.moml.MoMLSimpleApplication@7281ed31
----------------- Done invoking toplevel() on ptolemy.moml.MoMLSimpleApplication@7281ed31
reloadAllAccessors: .DEFixedPointLimitation

===========================================================================================
----------------- testing Fri Feb 22 18:49:00 UTC 2019 /home/travis/build/icyphy/ptII/ptolemy/domains/de/test/auto/DEScheduleTest.xml
----------------- Instantiating /home/travis/build/icyphy/ptII/ptolemy/domains/de/test/auto/DEScheduleTest.xml
7 ms. Memory: 298496K Free: 204263K (68%)
----------------- Invoking toplevel() on ptolemy.moml.MoMLSimpleApplication@497e44b3
----------------- Done invoking toplevel() on ptolemy.moml.MoMLSimpleApplication@497e44b3
reloadAllAccessors: .DEScheduleTest

===========================================================================================
----------------- testing Fri Feb 22 18:49:00 UTC 2019 /home/travis/build/icyphy/ptII/ptolemy/domains/de/test/auto/DEinDEwithStartTimes.xml
----------------- Instantiating /home/travis/build/icyphy/ptII/ptolemy/domains/de/test/auto/DEinDEwithStartTimes.xml
2 ms. Memory: 298496K Free: 195576K (66%)
----------------- Invoking toplevel() on ptolemy.moml.MoMLSimpleApplication@7d4e448c
----------------- Done invoking toplevel() on ptolemy.moml.MoMLSimpleApplication@7d4e448c
reloadAllAccessors: .DEinDEwithStartTimes

===========================================================================================
----------------- testing Fri Feb 22 18:49:00 UTC 2019 /home/travis/build/icyphy/ptII/ptolemy/domains/de/test/auto/DEinDEwithStartTimes2.xml
----------------- Instantiating /home/travis/build/icyphy/ptII/ptolemy/domains/de/test/auto/DEinDEwithStartTimes2.xml
2 ms. Memory: 298496K Free: 184815K (62%)
----------------- Invoking toplevel() on ptolemy.moml.MoMLSimpleApplication@4c8b51bc
----------------- Done invoking toplevel() on ptolemy.moml.MoMLSimpleApplication@4c8b51bc
reloadAllAccessors: .DEinDEwithStartTimes2

===========================================================================================
----------------- testing Fri Feb 22 18:49:00 UTC 2019 /home/travis/build/icyphy/ptII/ptolemy/domains/de/test/auto/DateDemo.xml
----------------- Instantiating /home/travis/build/icyphy/ptII/ptolemy/domains/de/test/auto/DateDemo.xml
4 ms. Memory: 298496K Free: 171773K (58%)
----------------- Invoking toplevel() on ptolemy.moml.MoMLSimpleApplication@1876e6b
----------------- Done invoking toplevel() on ptolemy.moml.MoMLSimpleApplication@1876e6b
reloadAllAccessors: .DateDemo

===========================================================================================
----------------- testing Fri Feb 22 18:49:00 UTC 2019 /home/travis/build/icyphy/ptII/ptolemy/domains/de/test/auto/DateToEvent.xml
----------------- Instantiating /home/travis/build/icyphy/ptII/ptolemy/domains/de/test/auto/DateToEvent.xml
2004 ms. Memory: 298496K Free: 152240K (51%)
----------------- Invoking toplevel() on ptolemy.moml.MoMLSimpleApplication@3068cd8d
----------------- Done invoking toplevel() on ptolemy.moml.MoMLSimpleApplication@3068cd8d
reloadAllAccessors: .DateToEvent

===========================================================================================
----------------- testing Fri Feb 22 18:49:03 UTC 2019 /home/travis/build/icyphy/ptII/ptolemy/domains/de/test/auto/DepthTest1.xml
----------------- Instantiating /home/travis/build/icyphy/ptII/ptolemy/domains/de/test/auto/DepthTest1.xml
1 ms. Memory: 298496K Free: 147909K (50%)
----------------- Invoking toplevel() on ptolemy.moml.MoMLSimpleApplication@5d40b5d1
----------------- Done invoking toplevel() on ptolemy.moml.MoMLSimpleApplication@5d40b5d1
reloadAllAccessors: .DepthTest1

===========================================================================================
----------------- testing Fri Feb 22 18:49:03 UTC 2019 /home/travis/build/icyphy/ptII/ptolemy/domains/de/test/auto/DepthTest2.xml
----------------- Instantiating /home/travis/build/icyphy/ptII/ptolemy/domains/de/test/auto/DepthTest2.xml
1 ms. Memory: 298496K Free: 137164K (46%)
----------------- Invoking toplevel() on ptolemy.moml.MoMLSimpleApplication@2e57e3ec
----------------- Done invoking toplevel() on ptolemy.moml.MoMLSimpleApplication@2e57e3ec
reloadAllAccessors: .DepthTest2

===========================================================================================
----------------- testing Fri Feb 22 18:49:03 UTC 2019 /home/travis/build/icyphy/ptII/ptolemy/domains/de/test/auto/DepthTest3.xml
----------------- Instantiating /home/travis/build/icyphy/ptII/ptolemy/domains/de/test/auto/DepthTest3.xml
1 ms. Memory: 298496K Free: 130651K (44%)
----------------- Invoking toplevel() on ptolemy.moml.MoMLSimpleApplication@35f5fbb0
----------------- Done invoking toplevel() on ptolemy.moml.MoMLSimpleApplication@35f5fbb0
reloadAllAccessors: .DepthTest3

===========================================================================================
----------------- testing Fri Feb 22 18:49:03 UTC 2019 /home/travis/build/icyphy/ptII/ptolemy/domains/de/test/auto/DepthTest4.xml
----------------- Instantiating /home/travis/build/icyphy/ptII/ptolemy/domains/de/test/auto/DepthTest4.xml
1 ms. Memory: 298496K Free: 124138K (42%)
----------------- Invoking toplevel() on ptolemy.moml.MoMLSimpleApplication@5d9421c7
----------------- Done invoking toplevel() on ptolemy.moml.MoMLSimpleApplication@5d9421c7
reloadAllAccessors: .DepthTest4

===========================================================================================
----------------- testing Fri Feb 22 18:49:03 UTC 2019 /home/travis/build/icyphy/ptII/ptolemy/domains/de/test/auto/DepthTest5.xml
----------------- Instantiating /home/travis/build/icyphy/ptII/ptolemy/domains/de/test/auto/DepthTest5.xml
1 ms. Memory: 298496K Free: 115450K (39%)
----------------- Invoking toplevel() on ptolemy.moml.MoMLSimpleApplication@48db0b41
----------------- Done invoking toplevel() on ptolemy.moml.MoMLSimpleApplication@48db0b41
reloadAllAccessors: .DepthTest5

===========================================================================================
----------------- testing Fri Feb 22 18:49:03 UTC 2019 /home/travis/build/icyphy/ptII/ptolemy/domains/de/test/auto/DepthTest6.xml
----------------- Instantiating /home/travis/build/icyphy/ptII/ptolemy/domains/de/test/auto/DepthTest6.xml
1 ms. Memory: 298496K Free: 106771K (36%)
----------------- Invoking toplevel() on ptolemy.moml.MoMLSimpleApplication@7f66495e
----------------- Done invoking toplevel() on ptolemy.moml.MoMLSimpleApplication@7f66495e
reloadAllAccessors: .DepthTest6

===========================================================================================
----------------- testing Fri Feb 22 18:49:03 UTC 2019 /home/travis/build/icyphy/ptII/ptolemy/domains/de/test/auto/DepthTest7.xml
----------------- Instantiating /home/travis/build/icyphy/ptII/ptolemy/domains/de/test/auto/DepthTest7.xml
1 ms. Memory: 298496K Free: 98176K (33%)
----------------- Invoking toplevel() on ptolemy.moml.MoMLSimpleApplication@368c4956
----------------- Done invoking toplevel() on ptolemy.moml.MoMLSimpleApplication@368c4956
reloadAllAccessors: .DepthTest7

===========================================================================================
----------------- testing Fri Feb 22 18:49:03 UTC 2019 /home/travis/build/icyphy/ptII/ptolemy/domains/de/test/auto/EventToDate.xml
----------------- Instantiating /home/travis/build/icyphy/ptII/ptolemy/domains/de/test/auto/EventToDate.xml
3003 ms. Memory: 298496K Free: 80818K (27%)
----------------- Invoking toplevel() on ptolemy.moml.MoMLSimpleApplication@23ef9703
----------------- Done invoking toplevel() on ptolemy.moml.MoMLSimpleApplication@23ef9703
reloadAllAccessors: .EventToDate

===========================================================================================
----------------- testing Fri Feb 22 18:49:06 UTC 2019 /home/travis/build/icyphy/ptII/ptolemy/domains/de/test/auto/FSM1.xml
----------------- Instantiating /home/travis/build/icyphy/ptII/ptolemy/domains/de/test/auto/FSM1.xml
19 ms. Memory: 289280K Free: 273795K (95%)
----------------- Invoking toplevel() on ptolemy.moml.MoMLSimpleApplication@5a0b0332
----------------- Done invoking toplevel() on ptolemy.moml.MoMLSimpleApplication@5a0b0332
reloadAllAccessors: .FSM1

===========================================================================================
----------------- testing Fri Feb 22 18:49:06 UTC 2019 /home/travis/build/icyphy/ptII/ptolemy/domains/de/test/auto/FSM7.xml
----------------- Instantiating /home/travis/build/icyphy/ptII/ptolemy/domains/de/test/auto/FSM7.xml
11 ms. Memory: 289280K Free: 257892K (89%)
----------------- Invoking toplevel() on ptolemy.moml.MoMLSimpleApplication@254980fd
----------------- Done invoking toplevel() on ptolemy.moml.MoMLSimpleApplication@254980fd
reloadAllAccessors: .FSM7

===========================================================================================
----------------- testing Fri Feb 22 18:49:06 UTC 2019 /home/travis/build/icyphy/ptII/ptolemy/domains/de/test/auto/Inspection.xml
----------------- Instantiating /home/travis/build/icyphy/ptII/ptolemy/domains/de/test/auto/Inspection.xml
23 ms. Memory: 289280K Free: 243344K (84%)
----------------- Invoking toplevel() on ptolemy.moml.MoMLSimpleApplication@23fdea3c
----------------- Done invoking toplevel() on ptolemy.moml.MoMLSimpleApplication@23fdea3c
reloadAllAccessors: .Inspection

===========================================================================================
----------------- testing Fri Feb 22 18:49:06 UTC 2019 /home/travis/build/icyphy/ptII/ptolemy/domains/de/test/auto/Iteration.xml
----------------- Instantiating /home/travis/build/icyphy/ptII/ptolemy/domains/de/test/auto/Iteration.xml
5 ms. Memory: 289280K Free: 233686K (81%)
----------------- Invoking toplevel() on ptolemy.moml.MoMLSimpleApplication@32aa7f0f
----------------- Done invoking toplevel() on ptolemy.moml.MoMLSimpleApplication@32aa7f0f
reloadAllAccessors: .Iteration

===========================================================================================
----------------- testing Fri Feb 22 18:49:06 UTC 2019 /home/travis/build/icyphy/ptII/ptolemy/domains/de/test/auto/LineFault.xml
----------------- Instantiating /home/travis/build/icyphy/ptII/ptolemy/domains/de/test/auto/LineFault.xml
325 ms. Memory: 289280K Free: 117290K (41%)
----------------- Invoking toplevel() on ptolemy.moml.MoMLSimpleApplication@3656dcf5
----------------- Done invoking toplevel() on ptolemy.moml.MoMLSimpleApplication@3656dcf5
reloadAllAccessors: .LineFault

===========================================================================================
----------------- testing Fri Feb 22 18:49:06 UTC 2019 /home/travis/build/icyphy/ptII/ptolemy/domains/de/test/auto/MergeModel1Add.xml
----------------- Instantiating /home/travis/build/icyphy/ptII/ptolemy/domains/de/test/auto/MergeModel1Add.xml
7 ms. Memory: 289280K Free: 96481K (33%)
----------------- Invoking toplevel() on ptolemy.moml.MoMLSimpleApplication@6e4c645f
----------------- Done invoking toplevel() on ptolemy.moml.MoMLSimpleApplication@6e4c645f
reloadAllAccessors: .MergeModel1Add

===========================================================================================
----------------- testing Fri Feb 22 18:49:06 UTC 2019 /home/travis/build/icyphy/ptII/ptolemy/domains/de/test/auto/MergeModel2Add.xml
----------------- Instantiating /home/travis/build/icyphy/ptII/ptolemy/domains/de/test/auto/MergeModel2Add.xml
7 ms. Memory: 289280K Free: 76407K (26%)
----------------- Invoking toplevel() on ptolemy.moml.MoMLSimpleApplication@7f71bf17
----------------- Done invoking toplevel() on ptolemy.moml.MoMLSimpleApplication@7f71bf17
reloadAllAccessors: .MergeModel2Add

===========================================================================================
----------------- testing Fri Feb 22 18:49:06 UTC 2019 /home/travis/build/icyphy/ptII/ptolemy/domains/de/test/auto/MergeModel3Add.xml
----------------- Instantiating /home/travis/build/icyphy/ptII/ptolemy/domains/de/test/auto/MergeModel3Add.xml
6 ms. Memory: 280064K Free: 255984K (91%)
----------------- Invoking toplevel() on ptolemy.moml.MoMLSimpleApplication@567b3abb
----------------- Done invoking toplevel() on ptolemy.moml.MoMLSimpleApplication@567b3abb
reloadAllAccessors: .MergeModel3Add

===========================================================================================
----------------- testing Fri Feb 22 18:49:06 UTC 2019 /home/travis/build/icyphy/ptII/ptolemy/domains/de/test/auto/MergeWithoutDiscard.xml
----------------- Instantiating /home/travis/build/icyphy/ptII/ptolemy/domains/de/test/auto/MergeWithoutDiscard.xml
1 ms. Memory: 280064K Free: 249137K (89%)
----------------- Invoking toplevel() on ptolemy.moml.MoMLSimpleApplication@21a841c8
----------------- Done invoking toplevel() on ptolemy.moml.MoMLSimpleApplication@21a841c8
reloadAllAccessors: .MergeWithoutDiscard

===========================================================================================
----------------- testing Fri Feb 22 18:49:06 UTC 2019 /home/travis/build/icyphy/ptII/ptolemy/domains/de/test/auto/Modal1.xml
----------------- Instantiating /home/travis/build/icyphy/ptII/ptolemy/domains/de/test/auto/Modal1.xml
6 ms. Memory: 280064K Free: 234314K (84%)
----------------- Invoking toplevel() on ptolemy.moml.MoMLSimpleApplication@79b4fc61
----------------- Done invoking toplevel() on ptolemy.moml.MoMLSimpleApplication@79b4fc61
reloadAllAccessors: .Modal1

===========================================================================================
----------------- testing Fri Feb 22 18:49:06 UTC 2019 /home/travis/build/icyphy/ptII/ptolemy/domains/de/test/auto/Modal2.xml
----------------- Instantiating /home/travis/build/icyphy/ptII/ptolemy/domains/de/test/auto/Modal2.xml
14 ms. Memory: 280064K Free: 220352K (79%)
----------------- Invoking toplevel() on ptolemy.moml.MoMLSimpleApplication@144b8400
----------------- Done invoking toplevel() on ptolemy.moml.MoMLSimpleApplication@144b8400
reloadAllAccessors: .Modal2

===========================================================================================
----------------- testing Fri Feb 22 18:49:06 UTC 2019 /home/travis/build/icyphy/ptII/ptolemy/domains/de/test/auto/Modal3.xml
----------------- Instantiating /home/travis/build/icyphy/ptII/ptolemy/domains/de/test/auto/Modal3.xml
5 ms. Memory: 280064K Free: 205526K (73%)
----------------- Invoking toplevel() on ptolemy.moml.MoMLSimpleApplication@2ec74e64
----------------- Done invoking toplevel() on ptolemy.moml.MoMLSimpleApplication@2ec74e64
reloadAllAccessors: .Modal3

===========================================================================================
----------------- testing Fri Feb 22 18:49:06 UTC 2019 /home/travis/build/icyphy/ptII/ptolemy/domains/de/test/auto/Modal4.xml
----------------- Instantiating /home/travis/build/icyphy/ptII/ptolemy/domains/de/test/auto/Modal4.xml
12 ms. Memory: 280064K Free: 191580K (68%)
----------------- Invoking toplevel() on ptolemy.moml.MoMLSimpleApplication@3f7d47cb
----------------- Done invoking toplevel() on ptolemy.moml.MoMLSimpleApplication@3f7d47cb
reloadAllAccessors: .Modal4

===========================================================================================
----------------- testing Fri Feb 22 18:49:07 UTC 2019 /home/travis/build/icyphy/ptII/ptolemy/domains/de/test/auto/Modal5.xml
----------------- Instantiating /home/travis/build/icyphy/ptII/ptolemy/domains/de/test/auto/Modal5.xml
7 ms. Memory: 280064K Free: 176770K (63%)
----------------- Invoking toplevel() on ptolemy.moml.MoMLSimpleApplication@63f25b3f
----------------- Done invoking toplevel() on ptolemy.moml.MoMLSimpleApplication@63f25b3f
reloadAllAccessors: .Modal5

===========================================================================================
----------------- testing Fri Feb 22 18:49:07 UTC 2019 /home/travis/build/icyphy/ptII/ptolemy/domains/de/test/auto/Modal6.xml
----------------- Instantiating /home/travis/build/icyphy/ptII/ptolemy/domains/de/test/auto/Modal6.xml
9 ms. Memory: 280064K Free: 162807K (58%)
----------------- Invoking toplevel() on ptolemy.moml.MoMLSimpleApplication@1e8430e3
----------------- Done invoking toplevel() on ptolemy.moml.MoMLSimpleApplication@1e8430e3
reloadAllAccessors: .Modal6

===========================================================================================
----------------- testing Fri Feb 22 18:49:07 UTC 2019 /home/travis/build/icyphy/ptII/ptolemy/domains/de/test/auto/Modal7.xml
----------------- Instantiating /home/travis/build/icyphy/ptII/ptolemy/domains/de/test/auto/Modal7.xml
6 ms. Memory: 280064K Free: 145979K (52%)
----------------- Invoking toplevel() on ptolemy.moml.MoMLSimpleApplication@5ae413c6
----------------- Done invoking toplevel() on ptolemy.moml.MoMLSimpleApplication@5ae413c6
reloadAllAccessors: .Modal7

===========================================================================================
----------------- testing Fri Feb 22 18:49:07 UTC 2019 /home/travis/build/icyphy/ptII/ptolemy/domains/de/test/auto/ModalModel.xml
----------------- Instantiating /home/travis/build/icyphy/ptII/ptolemy/domains/de/test/auto/ModalModel.xml
134 ms. Memory: 272384K Free: 263738K (97%)
----------------- Invoking toplevel() on ptolemy.moml.MoMLSimpleApplication@67db43b4
----------------- Done invoking toplevel() on ptolemy.moml.MoMLSimpleApplication@67db43b4
reloadAllAccessors: .ModalModel

===========================================================================================
----------------- testing Fri Feb 22 18:49:07 UTC 2019 /home/travis/build/icyphy/ptII/ptolemy/domains/de/test/auto/ModalSource.xml
----------------- Instantiating /home/travis/build/icyphy/ptII/ptolemy/domains/de/test/auto/ModalSource.xml
6 ms. Memory: 272384K Free: 253108K (93%)
----------------- Invoking toplevel() on ptolemy.moml.MoMLSimpleApplication@3af79825
----------------- Done invoking toplevel() on ptolemy.moml.MoMLSimpleApplication@3af79825
reloadAllAccessors: .ModalSource

===========================================================================================
----------------- testing Fri Feb 22 18:49:07 UTC 2019 /home/travis/build/icyphy/ptII/ptolemy/domains/de/test/auto/NonInterruptibleTimerZeroDelay.xml
----------------- Instantiating /home/travis/build/icyphy/ptII/ptolemy/domains/de/test/auto/NonInterruptibleTimerZeroDelay.xml
2 ms. Memory: 272384K Free: 247436K (91%)
----------------- Invoking toplevel() on ptolemy.moml.MoMLSimpleApplication@6eb529b
----------------- Done invoking toplevel() on ptolemy.moml.MoMLSimpleApplication@6eb529b
reloadAllAccessors: .NonInterruptibleTimerZeroDelay

===========================================================================================
----------------- testing Fri Feb 22 18:49:07 UTC 2019 /home/travis/build/icyphy/ptII/ptolemy/domains/de/test/auto/OpenQueueingNetwork.xml
----------------- Instantiating /home/travis/build/icyphy/ptII/ptolemy/domains/de/test/auto/OpenQueueingNetwork.xml
1821 ms. Memory: 250368K Free: 153174K (61%)
----------------- Invoking toplevel() on ptolemy.moml.MoMLSimpleApplication@7d687c65
----------------- Done invoking toplevel() on ptolemy.moml.MoMLSimpleApplication@7d687c65
reloadAllAccessors: .OpenQueueingNetwork

===========================================================================================
----------------- testing Fri Feb 22 18:49:09 UTC 2019 /home/travis/build/icyphy/ptII/ptolemy/domains/de/test/auto/OpenQueuingNetwork.xml
----------------- Instantiating /home/travis/build/icyphy/ptII/ptolemy/domains/de/test/auto/OpenQueuingNetwork.xml
214 ms. Memory: 242688K Free: 225003K (93%)
----------------- Invoking toplevel() on ptolemy.moml.MoMLSimpleApplication@6a6434ae
----------------- Done invoking toplevel() on ptolemy.moml.MoMLSimpleApplication@6a6434ae
reloadAllAccessors: .OpenQueuingNetwork

===========================================================================================
----------------- testing Fri Feb 22 18:49:09 UTC 2019 /home/travis/build/icyphy/ptII/ptolemy/domains/de/test/auto/PeriodicSampler.xml
----------------- Instantiating /home/travis/build/icyphy/ptII/ptolemy/domains/de/test/auto/PeriodicSampler.xml
2 ms. Memory: 242688K Free: 218481K (90%)
----------------- Invoking toplevel() on ptolemy.moml.MoMLSimpleApplication@367cd9d7
----------------- Done invoking toplevel() on ptolemy.moml.MoMLSimpleApplication@367cd9d7
reloadAllAccessors: .PeriodicSampler

===========================================================================================
----------------- testing Fri Feb 22 18:49:09 UTC 2019 /home/travis/build/icyphy/ptII/ptolemy/domains/de/test/auto/PersistentIO.xml
----------------- Instantiating /home/travis/build/icyphy/ptII/ptolemy/domains/de/test/auto/PersistentIO.xml
6 ms. Memory: 242688K Free: 208361K (86%)
----------------- Invoking toplevel() on ptolemy.moml.MoMLSimpleApplication@7c1b2300
----------------- Done invoking toplevel() on ptolemy.moml.MoMLSimpleApplication@7c1b2300
reloadAllAccessors: .PersistentIO

===========================================================================================
----------------- testing Fri Feb 22 18:49:09 UTC 2019 /home/travis/build/icyphy/ptII/ptolemy/domains/de/test/auto/PortParameterResetOnInitialize.xml
----------------- Instantiating /home/travis/build/icyphy/ptII/ptolemy/domains/de/test/auto/PortParameterResetOnInitialize.xml
4 ms. Memory: 242688K Free: 202884K (84%)
----------------- Invoking toplevel() on ptolemy.moml.MoMLSimpleApplication@20c1a643
----------------- Done invoking toplevel() on ptolemy.moml.MoMLSimpleApplication@20c1a643
reloadAllAccessors: .PortParameterResetOnInitialize

===========================================================================================
----------------- testing Fri Feb 22 18:49:09 UTC 2019 /home/travis/build/icyphy/ptII/ptolemy/domains/de/test/auto/PortParameterUpdates.xml
----------------- Instantiating /home/travis/build/icyphy/ptII/ptolemy/domains/de/test/auto/PortParameterUpdates.xml
6 ms. Memory: 242688K Free: 194404K (80%)
----------------- Invoking toplevel() on ptolemy.moml.MoMLSimpleApplication@108809bf
----------------- Done invoking toplevel() on ptolemy.moml.MoMLSimpleApplication@108809bf
reloadAllAccessors: .PortParameterUpdates

===========================================================================================
----------------- testing Fri Feb 22 18:49:09 UTC 2019 /home/travis/build/icyphy/ptII/ptolemy/domains/de/test/auto/QueueAndServer.xml
----------------- Instantiating /home/travis/build/icyphy/ptII/ptolemy/domains/de/test/auto/QueueAndServer.xml
4 ms. Memory: 242688K Free: 185921K (77%)
----------------- Invoking toplevel() on ptolemy.moml.MoMLSimpleApplication@2dda0a5b
----------------- Done invoking toplevel() on ptolemy.moml.MoMLSimpleApplication@2dda0a5b
reloadAllAccessors: .QueueAndServer

===========================================================================================
----------------- testing Fri Feb 22 18:49:09 UTC 2019 /home/travis/build/icyphy/ptII/ptolemy/domains/de/test/auto/Records.xml
----------------- Instantiating /home/travis/build/icyphy/ptII/ptolemy/domains/de/test/auto/Records.xml
7 ms. Memory: 242688K Free: 178852K (74%)
----------------- Invoking toplevel() on ptolemy.moml.MoMLSimpleApplication@4cd01f07
----------------- Done invoking toplevel() on ptolemy.moml.MoMLSimpleApplication@4cd01f07
reloadAllAccessors: .Records

===========================================================================================
----------------- testing Fri Feb 22 18:49:09 UTC 2019 /home/travis/build/icyphy/ptII/ptolemy/domains/de/test/auto/ResetTransitionWithStartTime1.xml
----------------- Instantiating /home/travis/build/icyphy/ptII/ptolemy/domains/de/test/auto/ResetTransitionWithStartTime1.xml
4 ms. Memory: 242688K Free: 168749K (70%)
----------------- Invoking toplevel() on ptolemy.moml.MoMLSimpleApplication@60b085f8
----------------- Done invoking toplevel() on ptolemy.moml.MoMLSimpleApplication@60b085f8
reloadAllAccessors: .ResetTransitionWithStartTime1

===========================================================================================
----------------- testing Fri Feb 22 18:49:09 UTC 2019 /home/travis/build/icyphy/ptII/ptolemy/domains/de/test/auto/ResetTransitionWithStartTime2.xml
----------------- Instantiating /home/travis/build/icyphy/ptII/ptolemy/domains/de/test/auto/ResetTransitionWithStartTime2.xml
4 ms. Memory: 242688K Free: 158416K (65%)
----------------- Invoking toplevel() on ptolemy.moml.MoMLSimpleApplication@77291d82
----------------- Done invoking toplevel() on ptolemy.moml.MoMLSimpleApplication@77291d82
reloadAllAccessors: .ResetTransitionWithStartTime2

===========================================================================================
----------------- testing Fri Feb 22 18:49:09 UTC 2019 /home/travis/build/icyphy/ptII/ptolemy/domains/de/test/auto/ResetTransitionWithStartTime3.xml
----------------- Instantiating /home/travis/build/icyphy/ptII/ptolemy/domains/de/test/auto/ResetTransitionWithStartTime3.xml
4 ms. Memory: 242688K Free: 148312K (61%)
----------------- Invoking toplevel() on ptolemy.moml.MoMLSimpleApplication@37e3d21a
----------------- Done invoking toplevel() on ptolemy.moml.MoMLSimpleApplication@37e3d21a
reloadAllAccessors: .ResetTransitionWithStartTime3

===========================================================================================
----------------- testing Fri Feb 22 18:49:09 UTC 2019 /home/travis/build/icyphy/ptII/ptolemy/domains/de/test/auto/ResetTransitionWithStartTime4.xml
----------------- Instantiating /home/travis/build/icyphy/ptII/ptolemy/domains/de/test/auto/ResetTransitionWithStartTime4.xml
3 ms. Memory: 242688K Free: 139816K (58%)
----------------- Invoking toplevel() on ptolemy.moml.MoMLSimpleApplication@4b81f7c4
----------------- Done invoking toplevel() on ptolemy.moml.MoMLSimpleApplication@4b81f7c4
reloadAllAccessors: .ResetTransitionWithStartTime4

===========================================================================================
----------------- testing Fri Feb 22 18:49:09 UTC 2019 /home/travis/build/icyphy/ptII/ptolemy/domains/de/test/auto/ResettableTimer1.xml
----------------- Instantiating /home/travis/build/icyphy/ptII/ptolemy/domains/de/test/auto/ResettableTimer1.xml
2 ms. Memory: 242688K Free: 134355K (55%)
----------------- Invoking toplevel() on ptolemy.moml.MoMLSimpleApplication@d40d09
----------------- Done invoking toplevel() on ptolemy.moml.MoMLSimpleApplication@d40d09
reloadAllAccessors: .ResettableTimer1

===========================================================================================
----------------- testing Fri Feb 22 18:49:09 UTC 2019 /home/travis/build/icyphy/ptII/ptolemy/domains/de/test/auto/ResettableTimer2.xml
----------------- Instantiating /home/travis/build/icyphy/ptII/ptolemy/domains/de/test/auto/ResettableTimer2.xml
1 ms. Memory: 242688K Free: 129090K (53%)
----------------- Invoking toplevel() on ptolemy.moml.MoMLSimpleApplication@3a908e7d
----------------- Done invoking toplevel() on ptolemy.moml.MoMLSimpleApplication@3a908e7d
reloadAllAccessors: .ResettableTimer2

===========================================================================================
----------------- testing Fri Feb 22 18:49:09 UTC 2019 /home/travis/build/icyphy/ptII/ptolemy/domains/de/test/auto/ResettableTimer3.xml
----------------- Instantiating /home/travis/build/icyphy/ptII/ptolemy/domains/de/test/auto/ResettableTimer3.xml
1 ms. Memory: 242688K Free: 123613K (51%)
----------------- Invoking toplevel() on ptolemy.moml.MoMLSimpleApplication@26648d54
----------------- Done invoking toplevel() on ptolemy.moml.MoMLSimpleApplication@26648d54
reloadAllAccessors: .ResettableTimer3

===========================================================================================
----------------- testing Fri Feb 22 18:49:09 UTC 2019 /home/travis/build/icyphy/ptII/ptolemy/domains/de/test/auto/ResettableTimer4.xml
----------------- Instantiating /home/travis/build/icyphy/ptII/ptolemy/domains/de/test/auto/ResettableTimer4.xml
1 ms. Memory: 242688K Free: 118348K (49%)
----------------- Invoking toplevel() on ptolemy.moml.MoMLSimpleApplication@2273b71
----------------- Done invoking toplevel() on ptolemy.moml.MoMLSimpleApplication@2273b71
reloadAllAccessors: .ResettableTimer4

===========================================================================================
----------------- testing Fri Feb 22 18:49:09 UTC 2019 /home/travis/build/icyphy/ptII/ptolemy/domains/de/test/auto/ResettableTimer5.xml
----------------- Instantiating /home/travis/build/icyphy/ptII/ptolemy/domains/de/test/auto/ResettableTimer5.xml
1 ms. Memory: 242688K Free: 111247K (46%)
----------------- Invoking toplevel() on ptolemy.moml.MoMLSimpleApplication@300178f4
----------------- Done invoking toplevel() on ptolemy.moml.MoMLSimpleApplication@300178f4
reloadAllAccessors: .ResettableTimer5

===========================================================================================
----------------- testing Fri Feb 22 18:49:09 UTC 2019 /home/travis/build/icyphy/ptII/ptolemy/domains/de/test/auto/ResettableTimer6.xml
----------------- Instantiating /home/travis/build/icyphy/ptII/ptolemy/domains/de/test/auto/ResettableTimer6.xml
4 ms. Memory: 242688K Free: 104390K (43%)
----------------- Invoking toplevel() on ptolemy.moml.MoMLSimpleApplication@432719
----------------- Done invoking toplevel() on ptolemy.moml.MoMLSimpleApplication@432719
reloadAllAccessors: .ResettableTimer6

===========================================================================================
----------------- testing Fri Feb 22 18:49:09 UTC 2019 /home/travis/build/icyphy/ptII/ptolemy/domains/de/test/auto/ServerZeroDelay.xml
----------------- Instantiating /home/travis/build/icyphy/ptII/ptolemy/domains/de/test/auto/ServerZeroDelay.xml
2 ms. Memory: 242688K Free: 98913K (41%)
----------------- Invoking toplevel() on ptolemy.moml.MoMLSimpleApplication@7bd2fcfb
----------------- Done invoking toplevel() on ptolemy.moml.MoMLSimpleApplication@7bd2fcfb
reloadAllAccessors: .ServerZeroDelay

===========================================================================================
----------------- testing Fri Feb 22 18:49:09 UTC 2019 /home/travis/build/icyphy/ptII/ptolemy/domains/de/test/auto/SmartSender.xml
----------------- Instantiating /home/travis/build/icyphy/ptII/ptolemy/domains/de/test/auto/SmartSender.xml
3001 ms. Memory: 242688K Free: 93649K (39%)
----------------- Invoking toplevel() on ptolemy.moml.MoMLSimpleApplication@21b7374d
----------------- Done invoking toplevel() on ptolemy.moml.MoMLSimpleApplication@21b7374d
reloadAllAccessors: .SmartSender

===========================================================================================
----------------- testing Fri Feb 22 18:49:12 UTC 2019 /home/travis/build/icyphy/ptII/ptolemy/domains/de/test/auto/ThreadedComposite.xml
----------------- Instantiating /home/travis/build/icyphy/ptII/ptolemy/domains/de/test/auto/ThreadedComposite.xml
143 ms. Memory: 235520K Free: 222747K (95%)
----------------- Invoking toplevel() on ptolemy.moml.MoMLSimpleApplication@6a590c29
----------------- Done invoking toplevel() on ptolemy.moml.MoMLSimpleApplication@6a590c29
reloadAllAccessors: .ThreadedComposite

===========================================================================================
----------------- testing Fri Feb 22 18:49:12 UTC 2019 /home/travis/build/icyphy/ptII/ptolemy/domains/de/test/auto/Time.xml
----------------- Instantiating /home/travis/build/icyphy/ptII/ptolemy/domains/de/test/auto/Time.xml
414 ms. Memory: 235520K Free: 166804K (71%)
----------------- Invoking toplevel() on ptolemy.moml.MoMLSimpleApplication@31e8a757
----------------- Done invoking toplevel() on ptolemy.moml.MoMLSimpleApplication@31e8a757
reloadAllAccessors: .Time

===========================================================================================
----------------- testing Fri Feb 22 18:49:13 UTC 2019 /home/travis/build/icyphy/ptII/ptolemy/domains/de/test/auto/TimeDelayZeroDelay.xml
----------------- Instantiating /home/travis/build/icyphy/ptII/ptolemy/domains/de/test/auto/TimeDelayZeroDelay.xml
2 ms. Memory: 235520K Free: 162085K (69%)
----------------- Invoking toplevel() on ptolemy.moml.MoMLSimpleApplication@a6f4565
----------------- Done invoking toplevel() on ptolemy.moml.MoMLSimpleApplication@a6f4565
reloadAllAccessors: .TimeDelayZeroDelay

===========================================================================================
----------------- testing Fri Feb 22 18:49:13 UTC 2019 /home/travis/build/icyphy/ptII/ptolemy/domains/de/test/auto/TimerZeroDelay.xml
----------------- Instantiating /home/travis/build/icyphy/ptII/ptolemy/domains/de/test/auto/TimerZeroDelay.xml
2 ms. Memory: 235520K Free: 157563K (67%)
----------------- Invoking toplevel() on ptolemy.moml.MoMLSimpleApplication@1eb3888a
----------------- Done invoking toplevel() on ptolemy.moml.MoMLSimpleApplication@1eb3888a
reloadAllAccessors: .TimerZeroDelay

===========================================================================================
----------------- testing Fri Feb 22 18:49:13 UTC 2019 /home/travis/build/icyphy/ptII/ptolemy/domains/de/test/auto/TimingParadox.xml
----------------- Instantiating /home/travis/build/icyphy/ptII/ptolemy/domains/de/test/auto/TimingParadox.xml
286 ms. Memory: 235520K Free: 89969K (38%)
----------------- Invoking toplevel() on ptolemy.moml.MoMLSimpleApplication@34927497
----------------- Done invoking toplevel() on ptolemy.moml.MoMLSimpleApplication@34927497
reloadAllAccessors: .TimingParadox

===========================================================================================
----------------- testing Fri Feb 22 18:49:13 UTC 2019 /home/travis/build/icyphy/ptII/ptolemy/domains/de/test/auto/TransferInputs.xml
----------------- Instantiating /home/travis/build/icyphy/ptII/ptolemy/domains/de/test/auto/TransferInputs.xml
2 ms. Memory: 235520K Free: 84214K (36%)
----------------- Invoking toplevel() on ptolemy.moml.MoMLSimpleApplication@11f935dc
----------------- Done invoking toplevel() on ptolemy.moml.MoMLSimpleApplication@11f935dc
reloadAllAccessors: .TransferInputs

===========================================================================================
----------------- testing Fri Feb 22 18:49:13 UTC 2019 /home/travis/build/icyphy/ptII/ptolemy/domains/de/test/auto/TransferOutputs2.xml
----------------- Instantiating /home/travis/build/icyphy/ptII/ptolemy/domains/de/test/auto/TransferOutputs2.xml
2 ms. Memory: 235520K Free: 74309K (32%)
----------------- Invoking toplevel() on ptolemy.moml.MoMLSimpleApplication@6fdb3049
----------------- Done invoking toplevel() on ptolemy.moml.MoMLSimpleApplication@6fdb3049
reloadAllAccessors: .TransferOutputs2

===========================================================================================
----------------- testing Fri Feb 22 18:49:13 UTC 2019 /home/travis/build/icyphy/ptII/ptolemy/domains/de/test/auto/Trilateration.xml
----------------- Instantiating /home/travis/build/icyphy/ptII/ptolemy/domains/de/test/auto/Trilateration.xml
11248 ms. Memory: 778752K Free: 138497K (18%)
----------------- Invoking toplevel() on ptolemy.moml.MoMLSimpleApplication@5bb0b615
----------------- Done invoking toplevel() on ptolemy.moml.MoMLSimpleApplication@5bb0b615
reloadAllAccessors: .Trilateration

===========================================================================================
----------------- testing Fri Feb 22 18:49:25 UTC 2019 /home/travis/build/icyphy/ptII/ptolemy/domains/de/test/auto/TwoSigmaDelta.xml
----------------- Instantiating /home/travis/build/icyphy/ptII/ptolemy/domains/de/test/auto/TwoSigmaDelta.xml
2107 ms. Memory: 741888K Free: 494126K (67%)
----------------- Invoking toplevel() on ptolemy.moml.MoMLSimpleApplication@615e048d
----------------- Done invoking toplevel() on ptolemy.moml.MoMLSimpleApplication@615e048d
reloadAllAccessors: .TwoSigmaDelta

===========================================================================================
----------------- testing Fri Feb 22 18:49:27 UTC 2019 /home/travis/build/icyphy/ptII/ptolemy/domains/de/test/auto/VariableDelay.xml
----------------- Instantiating /home/travis/build/icyphy/ptII/ptolemy/domains/de/test/auto/VariableDelay.xml
2 ms. Memory: 741888K Free: 473331K (64%)
----------------- Invoking toplevel() on ptolemy.moml.MoMLSimpleApplication@5f7ecd2a
----------------- Done invoking toplevel() on ptolemy.moml.MoMLSimpleApplication@5f7ecd2a
reloadAllAccessors: .VariableDelay

===========================================================================================
----------------- testing Fri Feb 22 18:49:27 UTC 2019 /home/travis/build/icyphy/ptII/ptolemy/domains/de/test/auto/VariableDelay2.xml
----------------- Instantiating /home/travis/build/icyphy/ptII/ptolemy/domains/de/test/auto/VariableDelay2.xml
1 ms. Memory: 741888K Free: 459700K (62%)
----------------- Invoking toplevel() on ptolemy.moml.MoMLSimpleApplication@1be46252
----------------- Done invoking toplevel() on ptolemy.moml.MoMLSimpleApplication@1be46252
reloadAllAccessors: .VariableDelay2

===========================================================================================
----------------- testing Fri Feb 22 18:49:27 UTC 2019 /home/travis/build/icyphy/ptII/ptolemy/domains/de/test/auto/VariableDelayZeroDelay.xml
----------------- Instantiating /home/travis/build/icyphy/ptII/ptolemy/domains/de/test/auto/VariableDelayZeroDelay.xml
4 ms. Memory: 741888K Free: 446069K (60%)
----------------- Invoking toplevel() on ptolemy.moml.MoMLSimpleApplication@1a6047cf
----------------- Done invoking toplevel() on ptolemy.moml.MoMLSimpleApplication@1a6047cf
reloadAllAccessors: .VariableDelayZeroDelay

===========================================================================================
----------------- testing Fri Feb 22 18:49:27 UTC 2019 /home/travis/build/icyphy/ptII/ptolemy/domains/de/test/auto/VariableDelayZeroDelay2.xml
----------------- Instantiating /home/travis/build/icyphy/ptII/ptolemy/domains/de/test/auto/VariableDelayZeroDelay2.xml
2 ms. Memory: 741888K Free: 431998K (58%)
----------------- Invoking toplevel() on ptolemy.moml.MoMLSimpleApplication@13808b6f
----------------- Done invoking toplevel() on ptolemy.moml.MoMLSimpleApplication@13808b6f
reloadAllAccessors: .VariableDelayZeroDelay2

===========================================================================================
----------------- testing Fri Feb 22 18:49:27 UTC 2019 /home/travis/build/icyphy/ptII/ptolemy/domains/de/test/auto/deInCt.xml
----------------- Instantiating /home/travis/build/icyphy/ptII/ptolemy/domains/de/test/auto/deInCt.xml
0
1
1
1
0
0
0
1
1
1
0
0
0
0
1
1
1
1
0
0
0
0
0
0
1
1
0
0
0
0
0
8 ms. Memory: 741888K Free: 418367K (56%)
----------------- Invoking toplevel() on ptolemy.moml.MoMLSimpleApplication@33e91310
----------------- Done invoking toplevel() on ptolemy.moml.MoMLSimpleApplication@33e91310
reloadAllAccessors: .deInCt

===========================================================================================
----------------- testing Fri Feb 22 18:49:27 UTC 2019 /home/travis/build/icyphy/ptII/ptolemy/domains/de/test/auto/deInCt2.xml
----------------- Instantiating /home/travis/build/icyphy/ptII/ptolemy/domains/de/test/auto/deInCt2.xml
0
1
1
1
0
0
1
1
1
0
0
1
1
1
0
0
1
1
1
0
0
1
1
1
0
0
1
1
1
0
0
1
1
1
0
0
1
1
1
0
0
0
4 ms. Memory: 741888K Free: 404736K (55%)
----------------- Invoking toplevel() on ptolemy.moml.MoMLSimpleApplication@4dd5acd7
----------------- Done invoking toplevel() on ptolemy.moml.MoMLSimpleApplication@4dd5acd7
reloadAllAccessors: .deInCt2

===========================================================================================
----------------- testing Fri Feb 22 18:49:27 UTC 2019 /home/travis/build/icyphy/ptII/ptolemy/domains/de/test/auto/dynamicCausalityInterface1.xml
----------------- Instantiating /home/travis/build/icyphy/ptII/ptolemy/domains/de/test/auto/dynamicCausalityInterface1.xml
1 ms. Memory: 741888K Free: 384489K (52%)
----------------- Invoking toplevel() on ptolemy.moml.MoMLSimpleApplication@160ac463
----------------- Done invoking toplevel() on ptolemy.moml.MoMLSimpleApplication@160ac463
reloadAllAccessors: .dynamicCausalityInterface1

===========================================================================================
----------------- testing Fri Feb 22 18:49:27 UTC 2019 /home/travis/build/icyphy/ptII/ptolemy/domains/de/test/auto/fsm_de_test.xml
----------------- Instantiating /home/travis/build/icyphy/ptII/ptolemy/domains/de/test/auto/fsm_de_test.xml
4 ms. Memory: 741888K Free: 363824K (49%)
----------------- Invoking toplevel() on ptolemy.moml.MoMLSimpleApplication@6f6c5bfa
----------------- Done invoking toplevel() on ptolemy.moml.MoMLSimpleApplication@6f6c5bfa
reloadAllAccessors: .fsm_de_test

===========================================================================================
----------------- testing Fri Feb 22 18:49:28 UTC 2019 /home/travis/build/icyphy/ptII/ptolemy/domains/de/test/auto/functionDependencyReconstruction.xml
----------------- Instantiating /home/travis/build/icyphy/ptII/ptolemy/domains/de/test/auto/functionDependencyReconstruction.xml
2 ms. Memory: 741888K Free: 336978K (45%)
----------------- Invoking toplevel() on ptolemy.moml.MoMLSimpleApplication@28352438
----------------- Done invoking toplevel() on ptolemy.moml.MoMLSimpleApplication@28352438
reloadAllAccessors: .functionDependencyReconstruction

===========================================================================================
----------------- testing Fri Feb 22 18:49:28 UTC 2019 /home/travis/build/icyphy/ptII/ptolemy/domains/de/test/auto/multirate.xml
----------------- Instantiating /home/travis/build/icyphy/ptII/ptolemy/domains/de/test/auto/multirate.xml
2 ms. Memory: 741888K Free: 323347K (44%)
----------------- Invoking toplevel() on ptolemy.moml.MoMLSimpleApplication@42042ca4
----------------- Done invoking toplevel() on ptolemy.moml.MoMLSimpleApplication@42042ca4
reloadAllAccessors: .multirate

===========================================================================================
----------------- testing Fri Feb 22 18:49:28 UTC 2019 /home/travis/build/icyphy/ptII/ptolemy/domains/de/test/auto/multirate2.xml
----------------- Instantiating /home/travis/build/icyphy/ptII/ptolemy/domains/de/test/auto/multirate2.xml
2 ms. Memory: 741888K Free: 309716K (42%)
----------------- Invoking toplevel() on ptolemy.moml.MoMLSimpleApplication@4a849866
----------------- Done invoking toplevel() on ptolemy.moml.MoMLSimpleApplication@4a849866
reloadAllAccessors: .multirate2

===========================================================================================
----------------- testing Fri Feb 22 18:49:28 UTC 2019 /home/travis/build/icyphy/ptII/ptolemy/domains/de/test/auto/realtime.xml
----------------- Instantiating /home/travis/build/icyphy/ptII/ptolemy/domains/de/test/auto/realtime.xml
10002 ms. Memory: 741888K Free: 295653K (40%)
----------------- Invoking toplevel() on ptolemy.moml.MoMLSimpleApplication@36caef68
----------------- Done invoking toplevel() on ptolemy.moml.MoMLSimpleApplication@36caef68
reloadAllAccessors: .realtime

===========================================================================================
----------------- testing Fri Feb 22 18:49:38 UTC 2019 /home/travis/build/icyphy/ptII/ptolemy/domains/de/test/auto/relationGroup.xml
----------------- Instantiating /home/travis/build/icyphy/ptII/ptolemy/domains/de/test/auto/relationGroup.xml
1 ms. Memory: 741888K Free: 282021K (38%)
----------------- Invoking toplevel() on ptolemy.moml.MoMLSimpleApplication@4b7fb71b
----------------- Done invoking toplevel() on ptolemy.moml.MoMLSimpleApplication@4b7fb71b
reloadAllAccessors: .relationGroup

===========================================================================================
----------------- testing Fri Feb 22 18:49:38 UTC 2019 /home/travis/build/icyphy/ptII/ptolemy/domains/de/test/auto/relationGroup2.xml
----------------- Instantiating /home/travis/build/icyphy/ptII/ptolemy/domains/de/test/auto/relationGroup2.xml
1 ms. Memory: 741888K Free: 268390K (36%)
----------------- Invoking toplevel() on ptolemy.moml.MoMLSimpleApplication@3165f951
----------------- Done invoking toplevel() on ptolemy.moml.MoMLSimpleApplication@3165f951
reloadAllAccessors: .relationGroup2

===========================================================================================
----------------- testing Fri Feb 22 18:49:38 UTC 2019 /home/travis/build/icyphy/ptII/ptolemy/domains/de/test/auto/sortWithOpaquePorts.xml
----------------- Instantiating /home/travis/build/icyphy/ptII/ptolemy/domains/de/test/auto/sortWithOpaquePorts.xml
1 ms. Memory: 741888K Free: 254327K (34%)
----------------- Invoking toplevel() on ptolemy.moml.MoMLSimpleApplication@6d7db22a
----------------- Done invoking toplevel() on ptolemy.moml.MoMLSimpleApplication@6d7db22a
reloadAllAccessors: .sortWithOpaquePorts

===========================================================================================
----------------- testing Fri Feb 22 18:49:38 UTC 2019 /home/travis/build/icyphy/ptII/ptolemy/domains/de/test/auto/transferInputsandOutputs.xml
----------------- Instantiating /home/travis/build/icyphy/ptII/ptolemy/domains/de/test/auto/transferInputsandOutputs.xml
2 ms. Memory: 741888K Free: 240696K (32%)
----------------- Invoking toplevel() on ptolemy.moml.MoMLSimpleApplication@4fc96649
----------------- Done invoking toplevel() on ptolemy.moml.MoMLSimpleApplication@4fc96649
reloadAllAccessors: .transferInputsandOutputs

===========================================================================================
----------------- testing Fri Feb 22 18:49:38 UTC 2019 /home/travis/build/icyphy/ptII/ptolemy/domains/de/test/auto/triggerType.xml
----------------- Instantiating /home/travis/build/icyphy/ptII/ptolemy/domains/de/test/auto/triggerType.xml
1 ms. Memory: 741888K Free: 227064K (31%)
----------------- Invoking toplevel() on ptolemy.moml.MoMLSimpleApplication@6fab1773
----------------- Done invoking toplevel() on ptolemy.moml.MoMLSimpleApplication@6fab1773
reloadAllAccessors: .triggerType
AutoTests.java: About to close Vertx.
AutoTests.java: Vertx closed.
]]></system-out>
  <system-err><![CDATA[java.lang.RuntimeException: Execution failed
	at ptolemy.moml.MoMLSimpleApplication$UnloadThread.run(MoMLSimpleApplication.java:402)
Caused by: ptolemy.kernel.util.IllegalActionException: Found a zero delay loop containing .dependencyLoop.original
  in .dependencyLoop and .dependencyLoop.original
	at ptolemy.actor.util.CausalityInterfaceForComposites._computeOutputPortDepth(CausalityInterfaceForComposites.java:759)
	at ptolemy.actor.util.CausalityInterfaceForComposites._computeInputDepth(CausalityInterfaceForComposites.java:696)
	at ptolemy.actor.util.CausalityInterfaceForComposites._computeOutputPortDepth(CausalityInterfaceForComposites.java:765)
	at ptolemy.actor.util.CausalityInterfaceForComposites._computeInputDepth(CausalityInterfaceForComposites.java:696)
	at ptolemy.actor.util.CausalityInterfaceForComposites._computeOutputPortDepth(CausalityInterfaceForComposites.java:765)
	at ptolemy.actor.util.CausalityInterfaceForComposites._computeInputDepth(CausalityInterfaceForComposites.java:696)
	at ptolemy.actor.util.CausalityInterfaceForComposites._computeActorDepth(CausalityInterfaceForComposites.java:532)
	at ptolemy.actor.util.CausalityInterfaceForComposites.checkForCycles(CausalityInterfaceForComposites.java:96)
	at ptolemy.domains.de.kernel.DEDirector.preinitialize(DEDirector.java:1338)
	at ptolemy.actor.CompositeActor.preinitialize(CompositeActor.java:1828)
	at ptolemy.actor.Manager.preinitializeAndResolveTypes(Manager.java:1040)
	at ptolemy.actor.Manager.initialize(Manager.java:710)
	at ptolemy.actor.Manager.execute(Manager.java:356)
	at ptolemy.actor.Manager.run(Manager.java:1263)
	at ptolemy.actor.Manager$PtolemyRunThread.run(Manager.java:1915)
java.lang.RuntimeException: Execution failed
	at ptolemy.moml.MoMLSimpleApplication$UnloadThread.run(MoMLSimpleApplication.java:402)
Caused by: ptolemy.kernel.util.IllegalActionException: Found a zero delay loop containing .dependencyLoop2.original
  in .dependencyLoop2 and .dependencyLoop2.original
	at ptolemy.actor.util.CausalityInterfaceForComposites._computeOutputPortDepth(CausalityInterfaceForComposites.java:759)
	at ptolemy.actor.util.CausalityInterfaceForComposites._computeInputDepth(CausalityInterfaceForComposites.java:696)
	at ptolemy.actor.util.CausalityInterfaceForComposites._computeOutputPortDepth(CausalityInterfaceForComposites.java:765)
	at ptolemy.actor.util.CausalityInterfaceForComposites._computeInputDepth(CausalityInterfaceForComposites.java:696)
	at ptolemy.actor.util.CausalityInterfaceForComposites._computeOutputPortDepth(CausalityInterfaceForComposites.java:765)
	at ptolemy.actor.util.CausalityInterfaceForComposites._computeInputDepth(CausalityInterfaceForComposites.java:696)
	at ptolemy.actor.util.CausalityInterfaceForComposites._computeActorDepth(CausalityInterfaceForComposites.java:532)
	at ptolemy.actor.util.CausalityInterfaceForComposites.checkForCycles(CausalityInterfaceForComposites.java:96)
	at ptolemy.domains.de.kernel.DEDirector.preinitialize(DEDirector.java:1338)
	at ptolemy.actor.CompositeActor.preinitialize(CompositeActor.java:1828)
	at ptolemy.actor.Manager.preinitializeAndResolveTypes(Manager.java:1040)
	at ptolemy.actor.Manager.initialize(Manager.java:710)
	at ptolemy.actor.Manager.execute(Manager.java:356)
	at ptolemy.actor.Manager.run(Manager.java:1263)
	at ptolemy.actor.Manager$PtolemyRunThread.run(Manager.java:1915)
java.lang.RuntimeException: Execution failed
	at ptolemy.moml.MoMLSimpleApplication$UnloadThread.run(MoMLSimpleApplication.java:402)
Caused by: ptolemy.kernel.util.IllegalActionException: Found a zero delay loop containing .dependencyLoop.original
  in .dependencyLoop and .dependencyLoop.original
	at ptolemy.actor.util.CausalityInterfaceForComposites._computeOutputPortDepth(CausalityInterfaceForComposites.java:759)
	at ptolemy.actor.util.CausalityInterfaceForComposites._computeInputDepth(CausalityInterfaceForComposites.java:696)
	at ptolemy.actor.util.CausalityInterfaceForComposites._computeOutputPortDepth(CausalityInterfaceForComposites.java:765)
	at ptolemy.actor.util.CausalityInterfaceForComposites._computeInputDepth(CausalityInterfaceForComposites.java:696)
	at ptolemy.actor.util.CausalityInterfaceForComposites._computeOutputPortDepth(CausalityInterfaceForComposites.java:765)
	at ptolemy.actor.util.CausalityInterfaceForComposites._computeInputDepth(CausalityInterfaceForComposites.java:696)
	at ptolemy.actor.util.CausalityInterfaceForComposites._computeActorDepth(CausalityInterfaceForComposites.java:532)
	at ptolemy.actor.util.CausalityInterfaceForComposites.checkForCycles(CausalityInterfaceForComposites.java:96)
	at ptolemy.domains.de.kernel.DEDirector.preinitialize(DEDirector.java:1338)
	at ptolemy.actor.CompositeActor.preinitialize(CompositeActor.java:1828)
	at ptolemy.actor.Manager.preinitializeAndResolveTypes(Manager.java:1040)
	at ptolemy.actor.Manager.initialize(Manager.java:710)
	at ptolemy.actor.Manager.execute(Manager.java:356)
	at ptolemy.actor.Manager.run(Manager.java:1263)
	at ptolemy.actor.Manager$PtolemyRunThread.run(Manager.java:1915)
java.lang.RuntimeException: Execution failed
	at ptolemy.moml.MoMLSimpleApplication$UnloadThread.run(MoMLSimpleApplication.java:402)
Caused by: ptolemy.kernel.util.IllegalActionException: Actor is not ready to fire.  Perhaps UpSample.prefire() returned false? Try debugging the actor by selecting "Listen to Actor".  Also, for SDF check moml for tokenConsumptionRate on input.
  in .DESDFClockTest.Play Bell.Copy1:SDF Director and .DESDFClockTest.Play Bell.UpSample
	at ptolemy.actor.sched.StaticSchedulingDirector.fire(StaticSchedulingDirector.java:227)
	at ptolemy.domains.sdf.kernel.SDFDirector.fire(SDFDirector.java:500)
	at ptolemy.actor.CompositeActor.fire(CompositeActor.java:455)
	at ptolemy.domains.de.kernel.DEDirector._fire(DEDirector.java:1949)
	at ptolemy.domains.de.kernel.DEDirector.fire(DEDirector.java:502)
	at ptolemy.actor.CompositeActor.fire(CompositeActor.java:455)
	at ptolemy.actor.Manager.iterate(Manager.java:851)
	at ptolemy.actor.Manager.execute(Manager.java:369)
	at ptolemy.actor.Manager.run(Manager.java:1263)
	at ptolemy.actor.Manager$PtolemyRunThread.run(Manager.java:1915)
java.lang.RuntimeException: Execution failed
	at ptolemy.moml.MoMLSimpleApplication$UnloadThread.run(MoMLSimpleApplication.java:402)
Caused by: ptolemy.kernel.util.IllegalActionException: Found a zero delay loop containing .dependencyLoop2.original
  in .dependencyLoop2 and .dependencyLoop2.original
	at ptolemy.actor.util.CausalityInterfaceForComposites._computeOutputPortDepth(CausalityInterfaceForComposites.java:759)
	at ptolemy.actor.util.CausalityInterfaceForComposites._computeInputDepth(CausalityInterfaceForComposites.java:696)
	at ptolemy.actor.util.CausalityInterfaceForComposites._computeOutputPortDepth(CausalityInterfaceForComposites.java:765)
	at ptolemy.actor.util.CausalityInterfaceForComposites._computeInputDepth(CausalityInterfaceForComposites.java:696)
	at ptolemy.actor.util.CausalityInterfaceForComposites._computeOutputPortDepth(CausalityInterfaceForComposites.java:765)
	at ptolemy.actor.util.CausalityInterfaceForComposites._computeInputDepth(CausalityInterfaceForComposites.java:696)
	at ptolemy.actor.util.CausalityInterfaceForComposites._computeActorDepth(CausalityInterfaceForComposites.java:532)
	at ptolemy.actor.util.CausalityInterfaceForComposites.checkForCycles(CausalityInterfaceForComposites.java:96)
	at ptolemy.domains.de.kernel.DEDirector.preinitialize(DEDirector.java:1338)
	at ptolemy.actor.CompositeActor.preinitialize(CompositeActor.java:1828)
	at ptolemy.actor.Manager.preinitializeAndResolveTypes(Manager.java:1040)
	at ptolemy.actor.Manager.initialize(Manager.java:710)
	at ptolemy.actor.Manager.execute(Manager.java:356)
	at ptolemy.actor.Manager.run(Manager.java:1263)
	at ptolemy.actor.Manager$PtolemyRunThread.run(Manager.java:1915)
java.lang.RuntimeException: Execution failed
	at ptolemy.moml.MoMLSimpleApplication$UnloadThread.run(MoMLSimpleApplication.java:402)
Caused by: ptolemy.kernel.util.IllegalActionException: Found a zero delay loop containing .HierarchicalModel.A
  in .HierarchicalModel and .HierarchicalModel.A
	at ptolemy.actor.util.CausalityInterfaceForComposites._computeOutputPortDepth(CausalityInterfaceForComposites.java:759)
	at ptolemy.actor.util.CausalityInterfaceForComposites._computeInputDepth(CausalityInterfaceForComposites.java:696)
	at ptolemy.actor.util.CausalityInterfaceForComposites._computeOutputPortDepth(CausalityInterfaceForComposites.java:765)
	at ptolemy.actor.util.CausalityInterfaceForComposites._computeInputDepth(CausalityInterfaceForComposites.java:696)
	at ptolemy.actor.util.CausalityInterfaceForComposites._computeOutputPortDepth(CausalityInterfaceForComposites.java:765)
	at ptolemy.actor.util.CausalityInterfaceForComposites._computeInputDepth(CausalityInterfaceForComposites.java:696)
	at ptolemy.actor.util.CausalityInterfaceForComposites._computeActorDepth(CausalityInterfaceForComposites.java:532)
	at ptolemy.actor.util.CausalityInterfaceForComposites.checkForCycles(CausalityInterfaceForComposites.java:96)
	at ptolemy.domains.de.kernel.DEDirector.preinitialize(DEDirector.java:1338)
	at ptolemy.actor.CompositeActor.preinitialize(CompositeActor.java:1828)
	at ptolemy.actor.Manager.preinitializeAndResolveTypes(Manager.java:1040)
	at ptolemy.actor.Manager.initialize(Manager.java:710)
	at ptolemy.actor.Manager.execute(Manager.java:356)
	at ptolemy.actor.Manager.run(Manager.java:1263)
	at ptolemy.actor.Manager$PtolemyRunThread.run(Manager.java:1915)
java.lang.RuntimeException: Execution failed
	at ptolemy.moml.MoMLSimpleApplication$UnloadThread.run(MoMLSimpleApplication.java:402)
Caused by: ptolemy.kernel.util.IllegalActionException: Test fails in iteration 1.
Value was: 1.0. Should have been: 2.0
  in .DirectFeedback.Test
	at ptolemy.actor.lib.Test.fire(Test.java:268)
	at ptolemy.domains.de.kernel.DEDirector._fire(DEDirector.java:1949)
	at ptolemy.domains.de.kernel.DEDirector.fire(DEDirector.java:502)
	at ptolemy.actor.CompositeActor.fire(CompositeActor.java:455)
	at ptolemy.actor.Manager.iterate(Manager.java:851)
	at ptolemy.actor.Manager.execute(Manager.java:369)
	at ptolemy.actor.Manager.run(Manager.java:1263)
	at ptolemy.actor.Manager$PtolemyRunThread.run(Manager.java:1915)
java.lang.RuntimeException: Execution failed
	at ptolemy.moml.MoMLSimpleApplication$UnloadThread.run(MoMLSimpleApplication.java:402)
Caused by: ptolemy.kernel.util.IllegalActionException: Actor is not ready to fire.  Perhaps UpSample.prefire() returned false? Try debugging the actor by selecting "Listen to Actor".  Also, for SDF check moml for tokenConsumptionRate on input.
  in .DESDFClockTest.Play Bell.Copy1:SDF Director and .DESDFClockTest.Play Bell.UpSample
	at ptolemy.actor.sched.StaticSchedulingDirector.fire(StaticSchedulingDirector.java:227)
	at ptolemy.domains.sdf.kernel.SDFDirector.fire(SDFDirector.java:500)
	at ptolemy.actor.CompositeActor.fire(CompositeActor.java:455)
	at ptolemy.domains.de.kernel.DEDirector._fire(DEDirector.java:1949)
	at ptolemy.domains.de.kernel.DEDirector.fire(DEDirector.java:502)
	at ptolemy.actor.CompositeActor.fire(CompositeActor.java:455)
	at ptolemy.actor.Manager.iterate(Manager.java:851)
	at ptolemy.actor.Manager.execute(Manager.java:369)
	at ptolemy.actor.Manager.run(Manager.java:1263)
	at ptolemy.actor.Manager$PtolemyRunThread.run(Manager.java:1915)
java.lang.reflect.InvocationTargetException
	at sun.reflect.NativeConstructorAccessorImpl.newInstance0(Native Method)
	at sun.reflect.NativeConstructorAccessorImpl.newInstance(NativeConstructorAccessorImpl.java:62)
	at sun.reflect.DelegatingConstructorAccessorImpl.newInstance(DelegatingConstructorAccessorImpl.java:45)
	at java.lang.reflect.Constructor.newInstance(Constructor.java:423)
	at ptolemy.util.test.junit.AutoKnownFailedTests.RunModel(AutoKnownFailedTests.java:105)
	at sun.reflect.NativeMethodAccessorImpl.invoke0(Native Method)
	at sun.reflect.NativeMethodAccessorImpl.invoke(NativeMethodAccessorImpl.java:62)
	at sun.reflect.DelegatingMethodAccessorImpl.invoke(DelegatingMethodAccessorImpl.java:43)
	at java.lang.reflect.Method.invoke(Method.java:498)
	at org.junit.runners.model.FrameworkMethod$1.runReflectiveCall(FrameworkMethod.java:44)
	at org.junit.internal.runners.model.ReflectiveCallable.run(ReflectiveCallable.java:15)
	at org.junit.runners.model.FrameworkMethod.invokeExplosively(FrameworkMethod.java:41)
	at junitparams.internal.InvokeParameterisedMethod.evaluate(InvokeParameterisedMethod.java:102)
	at org.junit.internal.runners.statements.FailOnTimeout$1.run(FailOnTimeout.java:28)
Caused by: ptolemy.kernel.util.IllegalActionException: Actor is not ready to fire.  Perhaps UpSample.prefire() returned false? Try debugging the actor by selecting "Listen to Actor".  Also, for SDF check moml for tokenConsumptionRate on input.
  in .DESDFClockTest.Play Bell.Copy1:SDF Director and .DESDFClockTest.Play Bell.UpSample
	at ptolemy.actor.sched.StaticSchedulingDirector.fire(StaticSchedulingDirector.java:227)
	at ptolemy.domains.sdf.kernel.SDFDirector.fire(SDFDirector.java:500)
	at ptolemy.actor.CompositeActor.fire(CompositeActor.java:455)
	at ptolemy.domains.de.kernel.DEDirector._fire(DEDirector.java:1949)
	at ptolemy.domains.de.kernel.DEDirector.fire(DEDirector.java:502)
	at ptolemy.actor.CompositeActor.fire(CompositeActor.java:455)
	at ptolemy.actor.Manager.iterate(Manager.java:851)
	at ptolemy.actor.Manager.execute(Manager.java:369)
	at ptolemy.actor.Manager.run(Manager.java:1263)
	at ptolemy.actor.Manager$PtolemyRunThread.run(Manager.java:1915)
java.lang.RuntimeException: Execution failed
	at ptolemy.moml.MoMLSimpleApplication$UnloadThread.run(MoMLSimpleApplication.java:402)
Caused by: ptolemy.kernel.util.IllegalActionException: Test fails in iteration 1.
Value was: 1.0. Should have been: 2.0
  in .DirectFeedback.Test
	at ptolemy.actor.lib.Test.fire(Test.java:268)
	at ptolemy.domains.de.kernel.DEDirector._fire(DEDirector.java:1949)
	at ptolemy.domains.de.kernel.DEDirector.fire(DEDirector.java:502)
	at ptolemy.actor.CompositeActor.fire(CompositeActor.java:455)
	at ptolemy.actor.Manager.iterate(Manager.java:851)
	at ptolemy.actor.Manager.execute(Manager.java:369)
	at ptolemy.actor.Manager.run(Manager.java:1263)
	at ptolemy.actor.Manager$PtolemyRunThread.run(Manager.java:1915)
java.lang.reflect.InvocationTargetException
	at sun.reflect.NativeConstructorAccessorImpl.newInstance0(Native Method)
	at sun.reflect.NativeConstructorAccessorImpl.newInstance(NativeConstructorAccessorImpl.java:62)
	at sun.reflect.DelegatingConstructorAccessorImpl.newInstance(DelegatingConstructorAccessorImpl.java:45)
	at java.lang.reflect.Constructor.newInstance(Constructor.java:423)
	at ptolemy.util.test.junit.AutoKnownFailedTests.RunModel(AutoKnownFailedTests.java:105)
	at sun.reflect.NativeMethodAccessorImpl.invoke0(Native Method)
	at sun.reflect.NativeMethodAccessorImpl.invoke(NativeMethodAccessorImpl.java:62)
	at sun.reflect.DelegatingMethodAccessorImpl.invoke(DelegatingMethodAccessorImpl.java:43)
	at java.lang.reflect.Method.invoke(Method.java:498)
	at org.junit.runners.model.FrameworkMethod$1.runReflectiveCall(FrameworkMethod.java:44)
	at org.junit.internal.runners.model.ReflectiveCallable.run(ReflectiveCallable.java:15)
	at org.junit.runners.model.FrameworkMethod.invokeExplosively(FrameworkMethod.java:41)
	at junitparams.internal.InvokeParameterisedMethod.evaluate(InvokeParameterisedMethod.java:102)
	at org.junit.internal.runners.statements.FailOnTimeout$1.run(FailOnTimeout.java:28)
Caused by: ptolemy.kernel.util.IllegalActionException: Test fails in iteration 1.
Value was: 1.0. Should have been: 2.0
  in .DirectFeedback.Test
	at ptolemy.actor.lib.Test.fire(Test.java:268)
	at ptolemy.domains.de.kernel.DEDirector._fire(DEDirector.java:1949)
	at ptolemy.domains.de.kernel.DEDirector.fire(DEDirector.java:502)
	at ptolemy.actor.CompositeActor.fire(CompositeActor.java:455)
	at ptolemy.actor.Manager.iterate(Manager.java:851)
	at ptolemy.actor.Manager.execute(Manager.java:369)
	at ptolemy.actor.Manager.run(Manager.java:1263)
	at ptolemy.actor.Manager$PtolemyRunThread.run(Manager.java:1915)
java.lang.RuntimeException: Execution failed
	at ptolemy.moml.MoMLSimpleApplication$UnloadThread.run(MoMLSimpleApplication.java:402)
Caused by: ptolemy.kernel.util.IllegalActionException: Found a zero delay loop containing .HierarchicalModel.A
  in .HierarchicalModel and .HierarchicalModel.A
	at ptolemy.actor.util.CausalityInterfaceForComposites._computeOutputPortDepth(CausalityInterfaceForComposites.java:759)
	at ptolemy.actor.util.CausalityInterfaceForComposites._computeInputDepth(CausalityInterfaceForComposites.java:696)
	at ptolemy.actor.util.CausalityInterfaceForComposites._computeOutputPortDepth(CausalityInterfaceForComposites.java:765)
	at ptolemy.actor.util.CausalityInterfaceForComposites._computeInputDepth(CausalityInterfaceForComposites.java:696)
	at ptolemy.actor.util.CausalityInterfaceForComposites._computeOutputPortDepth(CausalityInterfaceForComposites.java:765)
	at ptolemy.actor.util.CausalityInterfaceForComposites._computeInputDepth(CausalityInterfaceForComposites.java:696)
	at ptolemy.actor.util.CausalityInterfaceForComposites._computeActorDepth(CausalityInterfaceForComposites.java:532)
	at ptolemy.actor.util.CausalityInterfaceForComposites.checkForCycles(CausalityInterfaceForComposites.java:96)
	at ptolemy.domains.de.kernel.DEDirector.preinitialize(DEDirector.java:1338)
	at ptolemy.actor.CompositeActor.preinitialize(CompositeActor.java:1828)
	at ptolemy.actor.Manager.preinitializeAndResolveTypes(Manager.java:1040)
	at ptolemy.actor.Manager.initialize(Manager.java:710)
	at ptolemy.actor.Manager.execute(Manager.java:356)
	at ptolemy.actor.Manager.run(Manager.java:1263)
	at ptolemy.actor.Manager$PtolemyRunThread.run(Manager.java:1915)
java.lang.reflect.InvocationTargetException
	at sun.reflect.NativeConstructorAccessorImpl.newInstance0(Native Method)
	at sun.reflect.NativeConstructorAccessorImpl.newInstance(NativeConstructorAccessorImpl.java:62)
	at sun.reflect.DelegatingConstructorAccessorImpl.newInstance(DelegatingConstructorAccessorImpl.java:45)
	at java.lang.reflect.Constructor.newInstance(Constructor.java:423)
	at ptolemy.util.test.junit.AutoKnownFailedTests.RunModel(AutoKnownFailedTests.java:105)
	at sun.reflect.NativeMethodAccessorImpl.invoke0(Native Method)
	at sun.reflect.NativeMethodAccessorImpl.invoke(NativeMethodAccessorImpl.java:62)
	at sun.reflect.DelegatingMethodAccessorImpl.invoke(DelegatingMethodAccessorImpl.java:43)
	at java.lang.reflect.Method.invoke(Method.java:498)
	at org.junit.runners.model.FrameworkMethod$1.runReflectiveCall(FrameworkMethod.java:44)
	at org.junit.internal.runners.model.ReflectiveCallable.run(ReflectiveCallable.java:15)
	at org.junit.runners.model.FrameworkMethod.invokeExplosively(FrameworkMethod.java:41)
	at junitparams.internal.InvokeParameterisedMethod.evaluate(InvokeParameterisedMethod.java:102)
	at org.junit.internal.runners.statements.FailOnTimeout$1.run(FailOnTimeout.java:28)
Caused by: ptolemy.kernel.util.IllegalActionException: Found a zero delay loop containing .HierarchicalModel.A
  in .HierarchicalModel and .HierarchicalModel.A
	at ptolemy.actor.util.CausalityInterfaceForComposites._computeOutputPortDepth(CausalityInterfaceForComposites.java:759)
	at ptolemy.actor.util.CausalityInterfaceForComposites._computeInputDepth(CausalityInterfaceForComposites.java:696)
	at ptolemy.actor.util.CausalityInterfaceForComposites._computeOutputPortDepth(CausalityInterfaceForComposites.java:765)
	at ptolemy.actor.util.CausalityInterfaceForComposites._computeInputDepth(CausalityInterfaceForComposites.java:696)
	at ptolemy.actor.util.CausalityInterfaceForComposites._computeOutputPortDepth(CausalityInterfaceForComposites.java:765)
	at ptolemy.actor.util.CausalityInterfaceForComposites._computeInputDepth(CausalityInterfaceForComposites.java:696)
	at ptolemy.actor.util.CausalityInterfaceForComposites._computeActorDepth(CausalityInterfaceForComposites.java:532)
	at ptolemy.actor.util.CausalityInterfaceForComposites.checkForCycles(CausalityInterfaceForComposites.java:96)
	at ptolemy.domains.de.kernel.DEDirector.preinitialize(DEDirector.java:1338)
	at ptolemy.actor.CompositeActor.preinitialize(CompositeActor.java:1828)
	at ptolemy.actor.Manager.preinitializeAndResolveTypes(Manager.java:1040)
	at ptolemy.actor.Manager.initialize(Manager.java:710)
	at ptolemy.actor.Manager.execute(Manager.java:356)
	at ptolemy.actor.Manager.run(Manager.java:1263)
	at ptolemy.actor.Manager$PtolemyRunThread.run(Manager.java:1915)
java.lang.RuntimeException: Execution failed
	at ptolemy.moml.MoMLSimpleApplication$UnloadThread.run(MoMLSimpleApplication.java:402)
Caused by: ptolemy.kernel.util.IllegalActionException: Found a zero delay loop containing .dependencyLoop.original
  in .dependencyLoop and .dependencyLoop.original
	at ptolemy.actor.util.CausalityInterfaceForComposites._computeOutputPortDepth(CausalityInterfaceForComposites.java:759)
	at ptolemy.actor.util.CausalityInterfaceForComposites._computeInputDepth(CausalityInterfaceForComposites.java:696)
	at ptolemy.actor.util.CausalityInterfaceForComposites._computeOutputPortDepth(CausalityInterfaceForComposites.java:765)
	at ptolemy.actor.util.CausalityInterfaceForComposites._computeInputDepth(CausalityInterfaceForComposites.java:696)
	at ptolemy.actor.util.CausalityInterfaceForComposites._computeOutputPortDepth(CausalityInterfaceForComposites.java:765)
	at ptolemy.actor.util.CausalityInterfaceForComposites._computeInputDepth(CausalityInterfaceForComposites.java:696)
	at ptolemy.actor.util.CausalityInterfaceForComposites._computeActorDepth(CausalityInterfaceForComposites.java:532)
	at ptolemy.actor.util.CausalityInterfaceForComposites.checkForCycles(CausalityInterfaceForComposites.java:96)
	at ptolemy.domains.de.kernel.DEDirector.preinitialize(DEDirector.java:1338)
	at ptolemy.actor.CompositeActor.preinitialize(CompositeActor.java:1828)
	at ptolemy.actor.Manager.preinitializeAndResolveTypes(Manager.java:1040)
	at ptolemy.actor.Manager.initialize(Manager.java:710)
	at ptolemy.actor.Manager.execute(Manager.java:356)
	at ptolemy.actor.Manager.run(Manager.java:1263)
	at ptolemy.actor.Manager$PtolemyRunThread.run(Manager.java:1915)
java.lang.reflect.InvocationTargetException
	at sun.reflect.NativeConstructorAccessorImpl.newInstance0(Native Method)
	at sun.reflect.NativeConstructorAccessorImpl.newInstance(NativeConstructorAccessorImpl.java:62)
	at sun.reflect.DelegatingConstructorAccessorImpl.newInstance(DelegatingConstructorAccessorImpl.java:45)
	at java.lang.reflect.Constructor.newInstance(Constructor.java:423)
	at ptolemy.util.test.junit.AutoKnownFailedTests.RunModel(AutoKnownFailedTests.java:105)
	at sun.reflect.NativeMethodAccessorImpl.invoke0(Native Method)
	at sun.reflect.NativeMethodAccessorImpl.invoke(NativeMethodAccessorImpl.java:62)
	at sun.reflect.DelegatingMethodAccessorImpl.invoke(DelegatingMethodAccessorImpl.java:43)
	at java.lang.reflect.Method.invoke(Method.java:498)
	at org.junit.runners.model.FrameworkMethod$1.runReflectiveCall(FrameworkMethod.java:44)
	at org.junit.internal.runners.model.ReflectiveCallable.run(ReflectiveCallable.java:15)
	at org.junit.runners.model.FrameworkMethod.invokeExplosively(FrameworkMethod.java:41)
	at junitparams.internal.InvokeParameterisedMethod.evaluate(InvokeParameterisedMethod.java:102)
	at org.junit.internal.runners.statements.FailOnTimeout$1.run(FailOnTimeout.java:28)
Caused by: ptolemy.kernel.util.IllegalActionException: Found a zero delay loop containing .dependencyLoop.original
  in .dependencyLoop and .dependencyLoop.original
	at ptolemy.actor.util.CausalityInterfaceForComposites._computeOutputPortDepth(CausalityInterfaceForComposites.java:759)
	at ptolemy.actor.util.CausalityInterfaceForComposites._computeInputDepth(CausalityInterfaceForComposites.java:696)
	at ptolemy.actor.util.CausalityInterfaceForComposites._computeOutputPortDepth(CausalityInterfaceForComposites.java:765)
	at ptolemy.actor.util.CausalityInterfaceForComposites._computeInputDepth(CausalityInterfaceForComposites.java:696)
	at ptolemy.actor.util.CausalityInterfaceForComposites._computeOutputPortDepth(CausalityInterfaceForComposites.java:765)
	at ptolemy.actor.util.CausalityInterfaceForComposites._computeInputDepth(CausalityInterfaceForComposites.java:696)
	at ptolemy.actor.util.CausalityInterfaceForComposites._computeActorDepth(CausalityInterfaceForComposites.java:532)
	at ptolemy.actor.util.CausalityInterfaceForComposites.checkForCycles(CausalityInterfaceForComposites.java:96)
	at ptolemy.domains.de.kernel.DEDirector.preinitialize(DEDirector.java:1338)
	at ptolemy.actor.CompositeActor.preinitialize(CompositeActor.java:1828)
	at ptolemy.actor.Manager.preinitializeAndResolveTypes(Manager.java:1040)
	at ptolemy.actor.Manager.initialize(Manager.java:710)
	at ptolemy.actor.Manager.execute(Manager.java:356)
	at ptolemy.actor.Manager.run(Manager.java:1263)
	at ptolemy.actor.Manager$PtolemyRunThread.run(Manager.java:1915)
java.lang.RuntimeException: Execution failed
	at ptolemy.moml.MoMLSimpleApplication$UnloadThread.run(MoMLSimpleApplication.java:402)
Caused by: ptolemy.kernel.util.IllegalActionException: Found a zero delay loop containing .dependencyLoop2.original
  in .dependencyLoop2 and .dependencyLoop2.original
	at ptolemy.actor.util.CausalityInterfaceForComposites._computeOutputPortDepth(CausalityInterfaceForComposites.java:759)
	at ptolemy.actor.util.CausalityInterfaceForComposites._computeInputDepth(CausalityInterfaceForComposites.java:696)
	at ptolemy.actor.util.CausalityInterfaceForComposites._computeOutputPortDepth(CausalityInterfaceForComposites.java:765)
	at ptolemy.actor.util.CausalityInterfaceForComposites._computeInputDepth(CausalityInterfaceForComposites.java:696)
	at ptolemy.actor.util.CausalityInterfaceForComposites._computeOutputPortDepth(CausalityInterfaceForComposites.java:765)
	at ptolemy.actor.util.CausalityInterfaceForComposites._computeInputDepth(CausalityInterfaceForComposites.java:696)
	at ptolemy.actor.util.CausalityInterfaceForComposites._computeActorDepth(CausalityInterfaceForComposites.java:532)
	at ptolemy.actor.util.CausalityInterfaceForComposites.checkForCycles(CausalityInterfaceForComposites.java:96)
	at ptolemy.domains.de.kernel.DEDirector.preinitialize(DEDirector.java:1338)
	at ptolemy.actor.CompositeActor.preinitialize(CompositeActor.java:1828)
	at ptolemy.actor.Manager.preinitializeAndResolveTypes(Manager.java:1040)
	at ptolemy.actor.Manager.initialize(Manager.java:710)
	at ptolemy.actor.Manager.execute(Manager.java:356)
	at ptolemy.actor.Manager.run(Manager.java:1263)
	at ptolemy.actor.Manager$PtolemyRunThread.run(Manager.java:1915)
java.lang.reflect.InvocationTargetException
	at sun.reflect.NativeConstructorAccessorImpl.newInstance0(Native Method)
	at sun.reflect.NativeConstructorAccessorImpl.newInstance(NativeConstructorAccessorImpl.java:62)
	at sun.reflect.DelegatingConstructorAccessorImpl.newInstance(DelegatingConstructorAccessorImpl.java:45)
	at java.lang.reflect.Constructor.newInstance(Constructor.java:423)
	at ptolemy.util.test.junit.AutoKnownFailedTests.RunModel(AutoKnownFailedTests.java:105)
	at sun.reflect.NativeMethodAccessorImpl.invoke0(Native Method)
	at sun.reflect.NativeMethodAccessorImpl.invoke(NativeMethodAccessorImpl.java:62)
	at sun.reflect.DelegatingMethodAccessorImpl.invoke(DelegatingMethodAccessorImpl.java:43)
	at java.lang.reflect.Method.invoke(Method.java:498)
	at org.junit.runners.model.FrameworkMethod$1.runReflectiveCall(FrameworkMethod.java:44)
	at org.junit.internal.runners.model.ReflectiveCallable.run(ReflectiveCallable.java:15)
	at org.junit.runners.model.FrameworkMethod.invokeExplosively(FrameworkMethod.java:41)
	at junitparams.internal.InvokeParameterisedMethod.evaluate(InvokeParameterisedMethod.java:102)
	at org.junit.internal.runners.statements.FailOnTimeout$1.run(FailOnTimeout.java:28)
Caused by: ptolemy.kernel.util.IllegalActionException: Found a zero delay loop containing .dependencyLoop2.original
  in .dependencyLoop2 and .dependencyLoop2.original
	at ptolemy.actor.util.CausalityInterfaceForComposites._computeOutputPortDepth(CausalityInterfaceForComposites.java:759)
	at ptolemy.actor.util.CausalityInterfaceForComposites._computeInputDepth(CausalityInterfaceForComposites.java:696)
	at ptolemy.actor.util.CausalityInterfaceForComposites._computeOutputPortDepth(CausalityInterfaceForComposites.java:765)
	at ptolemy.actor.util.CausalityInterfaceForComposites._computeInputDepth(CausalityInterfaceForComposites.java:696)
	at ptolemy.actor.util.CausalityInterfaceForComposites._computeOutputPortDepth(CausalityInterfaceForComposites.java:765)
	at ptolemy.actor.util.CausalityInterfaceForComposites._computeInputDepth(CausalityInterfaceForComposites.java:696)
	at ptolemy.actor.util.CausalityInterfaceForComposites._computeActorDepth(CausalityInterfaceForComposites.java:532)
	at ptolemy.actor.util.CausalityInterfaceForComposites.checkForCycles(CausalityInterfaceForComposites.java:96)
	at ptolemy.domains.de.kernel.DEDirector.preinitialize(DEDirector.java:1338)
	at ptolemy.actor.CompositeActor.preinitialize(CompositeActor.java:1828)
	at ptolemy.actor.Manager.preinitializeAndResolveTypes(Manager.java:1040)
	at ptolemy.actor.Manager.initialize(Manager.java:710)
	at ptolemy.actor.Manager.execute(Manager.java:356)
	at ptolemy.actor.Manager.run(Manager.java:1263)
	at ptolemy.actor.Manager$PtolemyRunThread.run(Manager.java:1915)
]]></system-err>
</testsuite>
