<?xml version="1.0" encoding="UTF-8" ?>
<testsuite errors="0" failures="0" hostname="travis-job-6196af20-11d4-4b3d-8b7b-856460288dcd" name="ptolemy.actor.lib.test.junit.JUnitTclTest" skipped="0" tests="517" time="60.192" timestamp="2020-05-22T14:28:56">
  <properties>
    <property name="npm.executable" value="npm" />
    <property name="env.TRAVIS_ROOT" value="/" />
    <property name="ptII.mk.exists" value="true" />
    <property name="env.TRAVIS_APP_HOST" value="build.travis-ci.org" />
    <property name="env.rvm_bin_path" value="/home/travis/.rvm/bin" />
    <property name="java.home" value="/usr/local/lib/jvm/openjdk11" />
    <property name="env.TRAVIS_JOB_NUMBER" value="1639.8" />
    <property name="env.TRAVIS_HOME" value="/home/travis" />
    <property name="env.DISPLAY" value=":99.0" />
    <property name="env.TRAVIS_INIT" value="systemd" />
    <property name="env.SSH_TTY" value="/dev/pts/0" />
    <property name="java.net.preferIPv4Stack" value="true" />
    <property name="env.RUN_TESTS" value="true" />
    <property name="timeout.short" value="1000000" />
    <property name="junit.formatter" value="xml" />
    <property name="env.TRAVIS_SUDO" value="true" />
    <property name="env.TRAVIS_JOB_NAME" value="" />
    <property name="env.TRAVIS_STACK_NODE_ATTRIBUTES" value="/.node-attributes.yml" />
    <property name="env.LOGNAME" value="travis" />
    <property name="env.PT_TRAVIS_TEST_CORE1_XML" value="true" />
    <property name="jsdoc.home" value="node_modules/@terraswarm/jsdoc" />
    <property name="debuglevel" value="source,lines,vars" />
    <property name="checkstyle.formatter" value="xml" />
    <property name="env._system_version" value="16.04" />
    <property name="bin.vergil.makeable" value="true" />
    <property name="sun.os.patch.level" value="unknown" />
    <property name="java.vendor.url" value="http://java.oracle.com/" />
    <property name="env.TRAVIS_BUILD_WEB_URL" value="https://travis-ci.org/icyphy/ptII/builds/690048533" />
    <property name="java.version" value="11.0.2" />
    <property name="env.TZ" value="UTC" />
    <property name="env.TRAVIS_PULL_REQUEST_SHA" value="" />
    <property name="env.PT_NO_NET" value="true" />
    <property name="env.TRAVIS_SECURE_ENV_VARS" value="true" />
    <property name="env._system_type" value="Linux" />
    <property name="java.vendor.url.bug" value="http://bugreport.java.com/bugreport/" />
    <property name="npmjs-org-is-up" value="true" />
    <property name="env.LANGUAGE" value="en_US.UTF-8" />
    <property name="env.SSH_CLIENT" value="10.16.0.62 42750 22" />
    <property name="env.GEM_HOME" value="/home/travis/.rvm/gems/ruby-2.5.3" />
    <property name="env.HAS_ANTARES_THREE_LITTLE_FRONZIES_BADGE" value="true" />
    <property name="java.version.date" value="2019-01-15" />
    <property name="env.PS4" value="+" />
    <property name="ant.project.invoked-targets" value="build,test.core1.xml" />
    <property name="env.TRAVIS_PULL_REQUEST_BRANCH" value="" />
    <property name="env.TRAVIS_REPO_SLUG" value="icyphy/ptII" />
    <property name="env.XDG_DATA_DIRS" value="/usr/local/share:/usr/share:/var/lib/snapd/desktop" />
    <property name="jdk.debug" value="release" />
    <property name="env.TRAVIS_APT_PROXY" value="http://build-cache.travisci.net" />
    <property name="env.TRAVIS_CPU_ARCH" value="amd64" />
    <property name="node.in.path" value="true" />
    <property name="user.name" value="travis" />
    <property name="java.maxmemory" value="1400m" />
    <property name="env.RUBY_VERSION" value="ruby-2.5.3" />
    <property name="env.LANG" value="en_US.UTF-8" />
    <property name="sun.io.unicode.encoding" value="UnicodeLittle" />
    <property name="sun.jnu.encoding" value="UTF-8" />
    <property name="java.runtime.name" value="OpenJDK Runtime Environment" />
    <property name="usefile" value="false" />
    <property name="return.code" value="0" />
    <property name="junit.single.formatter" value="plain" />
    <property name="env.DYLD_LIBRARY_PATH" value="/home/travis/pthla/certi-tools/lib:" />
    <property name="env.DEBIAN_FRONTEND" value="noninteractive" />
    <property name="env.SSH_CONNECTION" value="10.16.0.62 42750 10.20.0.61 22" />
    <property name="env.MYSQL_UNIX_PORT" value="/var/run/mysqld/mysqld.sock" />
    <property name="env.LC_ALL" value="en_US.UTF-8" />
    <property name="env.TRAVIS_ALLOW_FAILURE" value="" />
    <property name="env.TRAVIS_JOB_WEB_URL" value="https://travis-ci.org/icyphy/ptII/jobs/690048548" />
    <property name="java.specification.name" value="Java Platform API Specification" />
    <property name="node.works" value="true" />
    <property name="user.timezone" value="" />
    <property name="path.separator" value=":" />
    <property name="env.TRAVIS_ENABLE_INFRA_DETECTION" value="true" />
    <property name="env.PYTHON_CFLAGS" value="-g -fstack-protector --param=ssp-buffer-size=4 -Wformat -Werror=format-security" />
    <property name="timeout.long" value="4000000" />
    <property name="env.CERTI_HOME" value="/home/travis/pthla/certi-tools" />
    <property name="ant.file.ptII" value="/home/travis/build/icyphy/ptII/build.xml" />
    <property name="javadoc.packagenames" value="com.*,diva.*,lbnl.*,org.hlacerti.*,org.json.*,org.ptolemy.*,org.terraswarm.*,ptolemy.*,ptserver.*" />
    <property name="file.encoding" value="UTF-8" />
    <property name="env.TRAVIS_PULL_REQUEST_SLUG" value="" />
    <property name="ant.project.default-target" value="build" />
    <property name="env.GIT_ASKPASS" value="echo" />
    <property name="env.HOME" value="/home/travis" />
    <property name="sun.java.command" value="org.apache.tools.ant.taskdefs.optional.junit.JUnitTestRunner ptolemy.actor.lib.test.junit.JUnitTclTest skipNonTests=false filtertrace=true haltOnError=false haltOnFailure=false formatter=org.apache.tools.ant.taskdefs.optional.junit.OutErrSummaryJUnitResultFormatter showoutput=true outputtoformatters=true logfailedtests=true threadid=0 logtestlistenerevents=false formatter=org.apache.tools.ant.taskdefs.optional.junit.XMLJUnitResultFormatter,/home/travis/build/icyphy/ptII/reports/junit/TEST-ptolemy.actor.lib.test.junit.JUnitTclTest.xml crashfile=/home/travis/build/icyphy/ptII/junitvmwatcher14495266598014942443.properties propsfile=/home/travis/build/icyphy/ptII/junit934687182549500455.properties" />
    <property name="env.COMPOSER_NO_INTERACTION" value="1" />
    <property name="env.MANPATH" value="/home/travis/.nvm/versions/node/v7.10.1/share/man:/home/travis/.rvm/rubies/ruby-2.5.3/share/man:/usr/local/cmake-3.12.4/man:/usr/local/clang-7.0.0/share/man:/usr/local/man:/usr/local/share/man:/usr/share/man:/home/travis/.rvm/man" />
    <property name="env.TRAVIS_TIMER_ID" value="13182f24" />
    <property name="ant.file" value="/home/travis/build/icyphy/ptII/build.xml" />
    <property name="env.TRAVIS_COMMIT_RANGE" value="3e950cfe0f3c004454147d0a7dfedd7f8d8e77cc...52bfcaaec950ad6b43d11ffdb9cd3f924b0c1f76" />
    <property name="env._system_name" value="Ubuntu" />
    <property name="ptII.classpath.optional.property" value="/home/travis/build/icyphy/ptII/lib/bsh-2.0b4.jar:/home/travis/build/icyphy/ptII/lib/ptCal.jar:/home/travis/build/icyphy/ptII/lib/java_cup.jar:/home/travis/build/icyphy/ptII/lib/saxon8.jar:/home/travis/build/icyphy/ptII/lib/saxon8-dom.jar:/home/travis/build/icyphy/ptII/lib/chic.jar:/home/travis/build/icyphy/ptII/lib/ptcolt.jar:/home/travis/build/icyphy/ptII/vendors/misc/itext/iText.jar:/home/travis/build/icyphy/ptII/lib/g4ltl.jar:/home/travis/build/icyphy/ptII/lib/StructuralCoder.jar:/home/travis/build/icyphy/ptII/lib/jcerti.jar:/home/travis/build/icyphy/ptII/lib/javax.mail.jar:/home/travis/build/icyphy/ptII/vendors/JMF-2.1.1e/lib/jmf.jar:/home/travis/build/icyphy/ptII/lib/jna-4.0.0-variadic.jar:/home/travis/build/icyphy/ptII/vendors/misc/joystick/Joystick.jar:/home/travis/build/icyphy/ptII/lib/ptjacl.jar:/home/travis/build/icyphy/ptII/lib/jsoup-1.8.2.jar:/home/travis/build/icyphy/ptII/lib/junit-4.8.2.jar:/home/travis/build/icyphy/ptII/lib/JUnitParams-0.4.0.jar:/home/travis/build/icyphy/ptII/ptolemy/actor/lib/excel/jxl.jar:/home/travis/build/icyphy/ptII/lib/jython.jar:/home/travis/build/icyphy/ptII/lib/kieler.jar:/home/travis/build/icyphy/ptII/vendors/opencv/share/OpenCV/java/opencv-341.jar:/home/travis/build/icyphy/ptII/lib/oscP5.jar:/home/travis/build/icyphy/ptII/lib/nrjavaserial-3.11.0.devel.jar:/home/travis/build/icyphy/ptII/vendors/j3d/lib/Linux/j3dcore.jar:/home/travis/build/icyphy/ptII/vendors/j3d/lib/Linux/j3dutils.jar:/home/travis/build/icyphy/ptII/vendors/j3d/lib/Linux/vecmath.jar:/home/travis/build/icyphy/ptII/vendors/jogl/lib/Linux/gluegen-rt-natives-linux-amd64.jar:/home/travis/build/icyphy/ptII/vendors/jogl/lib/Linux/gluegen-rt.jar:/home/travis/build/icyphy/ptII/vendors/jogl/lib/Linux/jogl-all-natives-linux-amd64.jar:/home/travis/build/icyphy/ptII/vendors/jogl/lib/Linux/jogl-all.jar:/home/travis/build/icyphy/ptII/ptolemy/distributed/jini/jar/jini-core.jar:/home/travis/build/icyphy/ptII/ptolemy/distributed/jini/jar/jini-ext.jar:/home/travis/build/icyphy/ptII/ptolemy/distributed/jini/jar/sun-util.jar:/home/travis/build/icyphy/ptII/lib/protobuf-java-2.4.1.jar:/home/travis/build/icyphy/ptII/lib/org.eclipse.paho.client.mqttv3.jar:/home/travis/build/icyphy/ptII/lib/mapss.jar:/home/travis/build/icyphy/ptII/ptolemy/actor/ptalon/antlr/antlr.jar:/home/travis/build/icyphy/ptII/lib/JRI.jar:/home/travis/build/icyphy/ptII/lib/commons-lang-2.6.jar:/home/travis/build/icyphy/ptII/lib/commons-logging-1.1.1.jar:/home/travis/build/icyphy/ptII/lib/sootclasses.jar:/home/travis/build/icyphy/ptII/ptolemy/actor/lib/database/mysql-connector-java-5.1.6-bin.jar:/home/travis/build/icyphy/ptII/vendors/misc/sphinx4/sphinx4-data-5prealpha.jar:/home/travis/build/icyphy/ptII/vendors/misc/sphinx4/sphinx4-core-5prealpha.jar:/home/travis/build/icyphy/ptII/lib/PDFRenderer.jar:/home/travis/build/icyphy/ptII/lib/svgSalamander.jar:/home/travis/build/icyphy/ptII/lib/rsyntaxtextarea-2.6.0-SNAPSHOT.jar:/home/travis/build/icyphy/ptII/lib/hazelcast-3.8.2.jar:/home/travis/build/icyphy/ptII/lib/jackson-annotations-2.9.0.jar:/home/travis/build/icyphy/ptII/lib/jackson-core-2.9.3.jar:/home/travis/build/icyphy/ptII/lib/jackson-databind-2.9.3.jar:/home/travis/build/icyphy/ptII/lib/netty-buffer-4.1.19.Final.jar:/home/travis/build/icyphy/ptII/lib/netty-codec-4.1.19.Final.jar:/home/travis/build/icyphy/ptII/lib/netty-codec-dns-4.1.19.Final.jar:/home/travis/build/icyphy/ptII/lib/netty-codec-http-4.1.19.Final.jar:/home/travis/build/icyphy/ptII/lib/netty-codec-http2-4.1.19.Final.jar:/home/travis/build/icyphy/ptII/lib/netty-common-4.1.19.Final.jar:/home/travis/build/icyphy/ptII/lib/netty-handler-4.1.19.Final.jar:/home/travis/build/icyphy/ptII/lib/netty-resolver-4.1.19.Final.jar:/home/travis/build/icyphy/ptII/lib/netty-resolver-dns-4.1.19.Final.jar:/home/travis/build/icyphy/ptII/lib/netty-transport-4.1.19.Final.jar:/home/travis/build/icyphy/ptII/lib/vertx-codegen-3.5.1.jar:/home/travis/build/icyphy/ptII/lib/vertx-core-3.5.2-SNAPSHOT.jar:/home/travis/build/icyphy/ptII/lib/vertx-hazelcast-3.5.1.jar:/home/travis/build/icyphy/ptII/lib/vertx-lang-js-3.5.1.jar:/home/travis/build/icyphy/ptII/lib/vertx-service-proxy-3.5.1.jar:/home/travis/build/icyphy/ptII/lib/vertx-web-3.5.1.jar:/home/travis/build/icyphy/ptII/lib/slf4j-api-1.7.13.jar:/home/travis/build/icyphy/ptII/lib/slf4j-simple-1.7.13.jar:/home/travis/build/icyphy/ptII/lib/webcam-capture-0.3.12.jar:/home/travis/build/icyphy/ptII/lib/bridj-0.7.0.jar:/home/travis/build/icyphy/ptII/lib/xbjlib-1.1.0.nrjavaserial.jar" />
    <property name="timeout" value="2400000" />
    <property name="test.batch" value="**/junit/*.java" />
    <property name="env._" value="/usr/bin/timeout" />
    <property name="java.io.tmpdir" value="/tmp" />
    <property name="user.language" value="en" />
    <property name="env.TRAVIS_INTERNAL_RUBY_REGEX" value="^ruby-(2\.[0-4]\.[0-9]|1\.9\.3)" />
    <property name="env.HISTCONTROL" value="ignoredups:ignorespace" />
    <property name="env.GOROOT" value="/home/travis/.gimme/versions/go1.11.1.linux.amd64" />
    <property name="line.separator" value="&#xa;" />
    <property name="target" value="11" />
    <property name="env.TRAVIS_BUILD_DIR" value="/home/travis/build/icyphy/ptII" />
    <property name="env.ANT_OPTS" value="-Xmx2048m" />
    <property name="ant.file.type" value="file" />
    <property name="ptolemy.ptII.batchMode" value="true" />
    <property name="env.HISTSIZE" value="1000" />
    <property name="env.MERB_ENV" value="test" />
    <property name="java.vm.info" value="mixed mode" />
    <property name="source" value="11" />
    <property name="java.vm.specification.name" value="Java Virtual Machine Specification" />
    <property name="env.TRAVIS_TEST_RESULT" value="0" />
    <property name="jsdoc.command" value="node_modules/@terraswarm/jsdoc/jsdoc.js" />
    <property name="npm.works" value="true" />
    <property name="cobertura.dir" value="/home/travis/build/icyphy/ptII/vendors/cobertura-2.0.3" />
    <property name="jsdoc.command.exists" value="true" />
    <property name="env.rvm_path" value="/home/travis/.rvm" />
    <property name="env.GEM_PATH" value="/home/travis/.rvm/gems/ruby-2.5.3:/home/travis/.rvm/gems/ruby-2.5.3@global" />
    <property name="env.LC_CTYPE" value="en_US.UTF-8" />
    <property name="env.TRAVIS_CMD" value="$PTII/bin/ptIITravisBuild.sh $SECONDS" />
    <property name="java.awt.printerjob" value="sun.print.PSPrinterJob" />
    <property name="env.TRAVIS_STACK_NAME" value="sardonyx" />
    <property name="env.TRAVIS_TIMER_START_TIME" value="1590157136241113732" />
    <property name="ant.version" value="Apache Ant(TM) version 1.10.1 compiled on February 2 2017" />
    <property name="ptII.reports" value="/home/travis/build/icyphy/ptII/reports" />
    <property name="env.TRAVIS_STACK_TIMESTAMP" value="2019-03-25 16:16:56 UTC" />
    <property name="ant.file.type.ptII" value="file" />
    <property name="env.RBENV_SHELL" value="bash" />
    <property name="os.name" value="Linux" />
    <property name="java.specification.vendor" value="Oracle Corporation" />
    <property name="env.rvm_version" value="1.29.7 (latest)" />
    <property name="env.TRAVIS_INFRA" value="unknown" />
    <property name="env.TERM" value="xterm" />
    <property name="java.vm.name" value="OpenJDK 64-Bit Server VM" />
    <property name="env.TRAVIS_BUILD_NUMBER" value="1639" />
    <property name="env.CI" value="true" />
    <property name="java.library.path" value="/home/travis/pthla/certi-tools/lib:/usr/lib/jni:/usr/local/share/OpenCV/java/:/usr/share/OpenCV/java::/usr/java/packages/lib:/usr/lib64:/lib64:/lib:/usr/lib" />
    <property name="jdk.module.path" value="/home/travis/build/icyphy/ptII/vendors/javafx/javafx-sdk-11.0.2/lib:" />
    <property name="env.rvm_prefix" value="/home/travis" />
    <property name="env.PATH" value="/home/travis/pthla/certi-tools/share/scripts:/home/travis/.rvm/gems/ruby-2.5.3/bin:/home/travis/.rvm/gems/ruby-2.5.3@global/bin:/home/travis/.rvm/rubies/ruby-2.5.3/bin:/home/travis/.rvm/bin:/home/travis/.nvm/versions/node/v7.10.1/bin:./node_modules/.bin:/home/travis/build/icyphy/ptII/bin:/home/travis/pthla/certi-tools/bin:/home/travis/bin:/home/travis/.local/bin:/usr/local/lib/jvm/openjdk11/bin:/opt/pyenv/shims:/home/travis/.phpenv/shims:/home/travis/perl5/perlbrew/bin:/home/travis/gopath/bin:/home/travis/.gimme/versions/go1.11.1.linux.amd64/bin:/usr/local/maven-3.6.0/bin:/usr/local/cmake-3.12.4/bin:/usr/local/clang-7.0.0/bin:/usr/local/sbin:/usr/local/bin:/usr/sbin:/usr/bin:/sbin:/bin:/snap/bin:/home/travis/.phpenv/bin:/opt/pyenv/bin:/home/travis/.yarn/bin" />
    <property name="env.TRAVIS_OS_NAME" value="linux" />
    <property name="ant.java.version" value="9" />
    <property name="basedir" value="/home/travis/build/icyphy/ptII" />
    <property name="java.class.version" value="55.0" />
    <property name="env.SHLVL" value="3" />
    <property name="env.LD_LIBRARY_PATH" value="/home/travis/pthla/certi-tools/lib:/usr/lib/jni:/usr/local/share/OpenCV/java/:/usr/share/OpenCV/java:" />
    <property name="env.RACK_ENV" value="test" />
    <property name="ant.home" value="/home/travis/build/icyphy/ptII/ant" />
    <property name="env.NVM_DIR" value="/home/travis/.nvm" />
    <property name="env.CERTI_FOM_PATH" value="/home/travis/pthla/certi-tools/share/federations" />
    <property name="env.TRAVIS_BUILD_ID" value="690048533" />
    <property name="env.PYENV_ROOT" value="/opt/pyenv" />
    <property name="env.TRAVIS_UID" value="2000" />
    <property name="prism.verbose" value="true" />
    <property name="env.NVM_BIN" value="/home/travis/.nvm/versions/node/v7.10.1/bin" />
    <property name="env.TRAVIS_COMMIT" value="52bfcaaec950ad6b43d11ffdb9cd3f924b0c1f76" />
    <property name="env._system_arch" value="x86_64" />
    <property name="node.executable" value="node" />
    <property name="sun.boot.library.path" value="/usr/local/lib/jvm/openjdk11/lib" />
    <property name="sun.management.compiler" value="HotSpot 64-Bit Tiered Compilers" />
    <property name="java.awt.graphicsenv" value="sun.awt.X11GraphicsEnvironment" />
    <property name="env.GOPATH" value="/home/travis/gopath" />
    <property name="ptolemy.ptII.dir" value="/home/travis/build/icyphy/ptII" />
    <property name="env.USER" value="travis" />
    <property name="env.HISTFILESIZE" value="2000" />
    <property name="env.NVM_INC" value="/home/travis/.nvm/versions/node/v7.10.1/include/node" />
    <property name="timeout.longest" value="19000000" />
    <property name="env.PERLBREW_SHELLRC_VERSION" value="0.86" />
    <property name="env.TRAVIS_STACK_FEATURES" value="basic couchdb disabled-ipv6 docker docker-compose elasticsearch firefox go-toolchain google-chrome jdk memcached mongodb mysql nodejs_interpreter perl_interpreter perlbrew phantomjs postgresql python_interpreter redis ruby_interpreter sqlite xserver" />
    <property name="env.TRAVIS_PULL_REQUEST" value="false" />
    <property name="env.PYENV_SHELL" value="bash" />
    <property name="ant.project.name" value="ptII" />
    <property name="env.ANSI_RESET" value="\033[0m" />
    <property name="java.vm.specification.version" value="11" />
    <property name="env.TRAVIS_DIST" value="xenial" />
    <property name="env.CERTI_VERSION" value="4.0.0" />
    <property name="env.CERTI_HOST" value="localhost" />
    <property name="awt.toolkit" value="sun.awt.X11.XToolkit" />
    <property name="env.MY_RUBY_HOME" value="/home/travis/.rvm/rubies/ruby-2.5.3" />
    <property name="sun.cpu.isalist" value="" />
    <property name="env.TRAVIS_TMPDIR" value="/tmp/tmp.4jUZ7zQbvj" />
    <property name="java.vm.compressedOopsMode" value="Zero based" />
    <property name="os.version" value="4.15.0-1028-gcp" />
    <property name="user.home" value="/home/travis" />
    <property name="java.vm.vendor" value="Oracle Corporation" />
    <property name="env.TRAVIS_TAG" value="nightly" />
    <property name="env.ANSI_YELLOW" value="\033[33;1m" />
    <property name="env.TRAVIS_FILTERED" value="redirect_io" />
    <property name="env.ANSI_GREEN" value="\033[32;1m" />
    <property name="env.JAVA_HOME" value="/usr/local/lib/jvm/openjdk11" />
    <property name="javadoc.excludepackagenames" value="adm.cvs2svn.*,build.*,config.*,doc.coding.templates.*,jni.test.jni.meaningOfLife.*,jni.test.jni.testDeux.*,jni.test.jni.testTrois.*,org.terraswarm.accessor.accessors.web.node_modules.*,org.terraswarm.accessor.accessors.web.hosts.cordova.demo.*,org.terraswarm.accessor.accessors.web.hosts.cordova.plugins.*,org.terraswarm.accessor.accessors-svn.*,pt-modules.*,ptolemy.apps.agilent.*,ptolemy.apps.anytimecontrol.*,ptolemy.apps.apes.*,ptolemy.apps.charon.*,ptolemy.apps.crazyboard.*,ptolemy.apps.eclipse.*,ptolemy.apps.etherealSting.*,ptolemy.apps.fullscreen.*,ptolemy.apps.giotto.*,ptolemy.apps.ia.*,ptolemy.apps.interfaces.*,ptolemy.apps.jmf.*,ptolemy.apps.kurt.*,ptolemy.apps.kvm.*,ptolemy.apps.lego.*,ptolemy.apps.lejos.*,ptolemy.apps.midp.*,ptolemy.apps.mobileCoding.*,ptolemy.apps.pendulum.*,ptolemy.apps.rijndael.*,ptolemy.apps.robot.*,ptolemy.apps.security.*,ptolemy.apps.sobel.*,ptolemy.apps.soot.*,ptolemy.apps.throttle.*,ptolemy.apps.tini.*,ptolemy.apps.transmission.*,ptolemy.apps.vergil.*,ptolemy.apps.waba.*,ptolemy.apps.websensor.*,ptolemy.apps.webstart.*,ptolemy.apps.xsl.*,ptolemy.apps.zaurus.*,ptolemy.codegen.c.actor.lib.oldJavaFiles.*,ptolemy.codegen.dsp.lib.*,ptolemy.codegen.kernel.newInterfaces.*,ptolemy.codegen.lib.*,ptolemy.copernicus.kernel.fragment.*,ptolemy.copernicus.shallow.cg.*,ptolemy.domains.giotto.demo.Hierarchy.Hierarchy.*,ptolemy.domains.giotto.demo.Multimode.Multimode.*,ptolemy.domains.giotto.demo.Simple.Simple.*,ptolemy.domains.gr.lib.experimental.*,ptolemy.domains.gro.*,ptolemy.domains.pdf.*,ptolemy.domains.ptinyos.demo.Surge.output.*,ptolemy.moml.test.NoPackageActor.java*,ptolemy.plot.adm.*,ptolemy.plot.servlet.*,reports.*,signed.*,src.*,target.*,vendors.*,ptolemy.copernicus.applet.*,ptolemy.media.viewer.*,ptolemy.actor.corba.*,doc.doclets.*,ptolemy.apps.eclipse.awt.*,ptolemy.backtrack.*,ptolemy.backtrack.ast.*,ptolemy.cg.adapter.generic.program.procedural.c.mbed*,ptolemy.homer.*,ptolemy.actor.lib.jai.*,org.ptolemy.scala.*,diva.util.java2d.svg.*,ptolemy.domains.ptinyos.*,ptolemy.actor.lib.fmi.fmipp.*,,org.terraswarm.accessor.accessors.web.node_modules.*,org.terraswarm.accessor.accessors-svn,ptolemy.apps.*,ptolemy.actor.ptalon.demo.ptinyos.SendAndReceiveCnt.output,ptolemy.actor.ptalon.demo.ptinyos.SenseToLeds.output,ptolemy.domains.ptinyos.demo.CntToLedsAndRfm.output,ptolemy.domains.ptinyos.demo.RfmToLeds.output,ptolemy.domains.ptinyos.demo.SendAndReceiveCnt.output,ptolemy.domains.ptinyos.demo.SenseToLeds.output,ptolemy.actor.lib.jjs.modules.udpSocket.*" />
    <property name="env.PTII" value="/home/travis/build/icyphy/ptII" />
    <property name="env.XDG_SESSION_ID" value="2" />
    <property name="keystore" value="ptKeystore" />
    <property name="env.TRAVIS_COMMIT_MESSAGE" value="Updating models using array data type." />
    <property name="junit.output.dir" value="/home/travis/build/icyphy/ptII/reports/junit" />
    <property name="npm.return.code" value="0" />
    <property name="user.dir" value="/home/travis/build/icyphy/ptII/ptolemy/actor/lib/test" />
    <property name="env.TRAVIS_NODE_VERSION" value="7" />
    <property name="env.TRAVIS_EVENT_TYPE" value="cron" />
    <property name="env.MAIL" value="/var/mail/travis" />
    <property name="env.PERLBREW_ROOT" value="/home/travis/perl5/perlbrew" />
    <property name="env.PWD" value="/home/travis/build/icyphy/ptII" />
    <property name="timeout.npm" value="45000" />
    <property name="env.TRAVIS_ARCH" value="amd64" />
    <property name="sun.cpu.endian" value="little" />
    <property name="env.PAGER" value="cat" />
    <property name="env.TRAVIS_BUILD_STAGE_NAME" value="test" />
    <property name="env.PERLBREW_HOME" value="/home/travis/.perlbrew" />
    <property name="java.vm.version" value="11.0.2+9" />
    <property name="env.RAILS_ENV" value="test" />
    <property name="java.class.path" value="/home/travis/.ptolemyII:/home/travis/.ptolemyII/*:/home/travis/build/icyphy/ptII:/home/travis/build/icyphy/ptII/lib/bsh-2.0b4.jar:/home/travis/build/icyphy/ptII/lib/ptCal.jar:/home/travis/build/icyphy/ptII/lib/java_cup.jar:/home/travis/build/icyphy/ptII/lib/saxon8.jar:/home/travis/build/icyphy/ptII/lib/saxon8-dom.jar:/home/travis/build/icyphy/ptII/lib/chic.jar:/home/travis/build/icyphy/ptII/lib/ptcolt.jar:/home/travis/build/icyphy/ptII/vendors/misc/itext/iText.jar:/home/travis/build/icyphy/ptII/lib/g4ltl.jar:/home/travis/build/icyphy/ptII/lib/StructuralCoder.jar:/home/travis/build/icyphy/ptII/lib/jcerti.jar:/home/travis/build/icyphy/ptII/lib/javax.mail.jar:/home/travis/build/icyphy/ptII/vendors/JMF-2.1.1e/lib/jmf.jar:/home/travis/build/icyphy/ptII/lib/jna-4.0.0-variadic.jar:/home/travis/build/icyphy/ptII/vendors/misc/joystick/Joystick.jar:/home/travis/build/icyphy/ptII/lib/ptjacl.jar:/home/travis/build/icyphy/ptII/lib/jsoup-1.8.2.jar:/home/travis/build/icyphy/ptII/lib/junit-4.8.2.jar:/home/travis/build/icyphy/ptII/lib/JUnitParams-0.4.0.jar:/home/travis/build/icyphy/ptII/ptolemy/actor/lib/excel/jxl.jar:/home/travis/build/icyphy/ptII/lib/jython.jar:/home/travis/build/icyphy/ptII/lib/kieler.jar:/home/travis/build/icyphy/ptII/vendors/opencv/share/OpenCV/java/opencv-341.jar:/home/travis/build/icyphy/ptII/lib/oscP5.jar:/home/travis/build/icyphy/ptII/lib/nrjavaserial-3.11.0.devel.jar:/home/travis/build/icyphy/ptII/vendors/j3d/lib/Linux/j3dcore.jar:/home/travis/build/icyphy/ptII/vendors/j3d/lib/Linux/j3dutils.jar:/home/travis/build/icyphy/ptII/vendors/j3d/lib/Linux/vecmath.jar:/home/travis/build/icyphy/ptII/vendors/jogl/lib/Linux/gluegen-rt-natives-linux-amd64.jar:/home/travis/build/icyphy/ptII/vendors/jogl/lib/Linux/gluegen-rt.jar:/home/travis/build/icyphy/ptII/vendors/jogl/lib/Linux/jogl-all-natives-linux-amd64.jar:/home/travis/build/icyphy/ptII/vendors/jogl/lib/Linux/jogl-all.jar:/home/travis/build/icyphy/ptII/ptolemy/distributed/jini/jar/jini-core.jar:/home/travis/build/icyphy/ptII/ptolemy/distributed/jini/jar/jini-ext.jar:/home/travis/build/icyphy/ptII/ptolemy/distributed/jini/jar/sun-util.jar:/home/travis/build/icyphy/ptII/lib/protobuf-java-2.4.1.jar:/home/travis/build/icyphy/ptII/lib/org.eclipse.paho.client.mqttv3.jar:/home/travis/build/icyphy/ptII/lib/mapss.jar:/home/travis/build/icyphy/ptII/ptolemy/actor/ptalon/antlr/antlr.jar:/home/travis/build/icyphy/ptII/lib/JRI.jar:/home/travis/build/icyphy/ptII/lib/commons-lang-2.6.jar:/home/travis/build/icyphy/ptII/lib/commons-logging-1.1.1.jar:/home/travis/build/icyphy/ptII/lib/sootclasses.jar:/home/travis/build/icyphy/ptII/ptolemy/actor/lib/database/mysql-connector-java-5.1.6-bin.jar:/home/travis/build/icyphy/ptII/vendors/misc/sphinx4/sphinx4-data-5prealpha.jar:/home/travis/build/icyphy/ptII/vendors/misc/sphinx4/sphinx4-core-5prealpha.jar:/home/travis/build/icyphy/ptII/lib/PDFRenderer.jar:/home/travis/build/icyphy/ptII/lib/svgSalamander.jar:/home/travis/build/icyphy/ptII/lib/rsyntaxtextarea-2.6.0-SNAPSHOT.jar:/home/travis/build/icyphy/ptII/lib/hazelcast-3.8.2.jar:/home/travis/build/icyphy/ptII/lib/jackson-annotations-2.9.0.jar:/home/travis/build/icyphy/ptII/lib/jackson-core-2.9.3.jar:/home/travis/build/icyphy/ptII/lib/jackson-databind-2.9.3.jar:/home/travis/build/icyphy/ptII/lib/netty-buffer-4.1.19.Final.jar:/home/travis/build/icyphy/ptII/lib/netty-codec-4.1.19.Final.jar:/home/travis/build/icyphy/ptII/lib/netty-codec-dns-4.1.19.Final.jar:/home/travis/build/icyphy/ptII/lib/netty-codec-http-4.1.19.Final.jar:/home/travis/build/icyphy/ptII/lib/netty-codec-http2-4.1.19.Final.jar:/home/travis/build/icyphy/ptII/lib/netty-common-4.1.19.Final.jar:/home/travis/build/icyphy/ptII/lib/netty-handler-4.1.19.Final.jar:/home/travis/build/icyphy/ptII/lib/netty-resolver-4.1.19.Final.jar:/home/travis/build/icyphy/ptII/lib/netty-resolver-dns-4.1.19.Final.jar:/home/travis/build/icyphy/ptII/lib/netty-transport-4.1.19.Final.jar:/home/travis/build/icyphy/ptII/lib/vertx-codegen-3.5.1.jar:/home/travis/build/icyphy/ptII/lib/vertx-core-3.5.2-SNAPSHOT.jar:/home/travis/build/icyphy/ptII/lib/vertx-hazelcast-3.5.1.jar:/home/travis/build/icyphy/ptII/lib/vertx-lang-js-3.5.1.jar:/home/travis/build/icyphy/ptII/lib/vertx-service-proxy-3.5.1.jar:/home/travis/build/icyphy/ptII/lib/vertx-web-3.5.1.jar:/home/travis/build/icyphy/ptII/lib/slf4j-api-1.7.13.jar:/home/travis/build/icyphy/ptII/lib/slf4j-simple-1.7.13.jar:/home/travis/build/icyphy/ptII/lib/webcam-capture-0.3.12.jar:/home/travis/build/icyphy/ptII/lib/bridj-0.7.0.jar:/home/travis/build/icyphy/ptII/lib/xbjlib-1.1.0.nrjavaserial.jar:/home/travis/build/icyphy/ptII/ptolemy/moml/test:/home/travis/build/icyphy/ptII/ant/lib/ant-launcher.jar:/home/travis/build/icyphy/ptII/ant/lib/ant.jar:/home/travis/build/icyphy/ptII/ant/lib/ant-junit.jar:/home/travis/build/icyphy/ptII/ant/lib/ant-junit4.jar" />
    <property name="ant.library.dir" value="/home/travis/build/icyphy/ptII/ant/lib" />
    <property name="os.arch" value="amd64" />
    <property name="env.CONTINUOUS_INTEGRATION" value="true" />
    <property name="env.TRAVIS_LANGUAGE" value="node_js" />
    <property name="env.TRAVIS_STACK_LANGUAGES" value="__sardonyx__ c c++ clojure cplusplus cpp default generic go groovy java node_js php pure_java python ruby scala" />
    <property name="test.name" value="ptolemy.actor.lib.test.junit.JUnitTclTest" />
    <property name="env.APT_KEY_DONT_WARN_ON_DANGEROUS_USAGE" value="1" />
    <property name="sun.java.launcher" value="SUN_STANDARD" />
    <property name="env.PYTHON_CONFIGURE_OPTS" value="--enable-unicode=ucs4 --with-wide-unicode --enable-shared --enable-ipv6 --enable-loadable-sqlite-extensions --with-computed-gotos" />
    <property name="ant.core.lib" value="/home/travis/build/icyphy/ptII/ant/lib/ant.jar" />
    <property name="java.vm.specification.vendor" value="Oracle Corporation" />
    <property name="env.BCVTB_HOME" value="/home/travis/build/icyphy/ptII/lbnl" />
    <property name="file.separator" value="/" />
    <property name="spotbugs.home" value="/home/travis/build/icyphy/ptII/vendors/spotbugs-3.1.1" />
    <property name="java.runtime.version" value="11.0.2+9" />
    <property name="env.ANSI_CLEAR" value="\033[0K" />
    <property name="javafx.verbose" value="true" />
    <property name="env.HAS_JOSH_K_SEAL_OF_APPROVAL" value="true" />
    <property name="env.XDG_RUNTIME_DIR" value="/run/user/2000" />
    <property name="env.TRAVIS_OSX_IMAGE" value="" />
    <property name="env.TRAVIS_JOB_ID" value="690048548" />
    <property name="env.TRAVIS_BRANCH" value="master" />
    <property name="user.country" value="US" />
    <property name="env.CERTI_HOME_TRAVIS" value="/home/travis/pthla/certi-tools" />
    <property name="env.SHELL" value="/bin/bash" />
    <property name="java.maxmemory.large" value="3200m" />
    <property name="model" value="" />
    <property name="env.CASHER_DIR" value="/home/travis/.casher" />
    <property name="env.NVM_CD_FLAGS" value="" />
    <property name="java.vendor.version" value="18.9" />
    <property name="jshint.executable" value="/home/travis/node_modules/jshint/bin/jshint" />
    <property name="env.JRUBY_OPTS" value=" --client -J-XX:+TieredCompilation -J-XX:TieredStopAtLevel=1 -J-Xss2m -Xcompile.invokedynamic=false" />
    <property name="java.vendor" value="Oracle Corporation" />
    <property name="env.TRAVIS_PRE_CHEF_BOOTSTRAP_TIME" value="2019-03-25T16:16:42" />
    <property name="env.TRAVIS_STACK_JOB_BOARD_REGISTER" value="/.job-board-register.yml" />
    <property name="env.ANSI_RED" value="\033[31;1m" />
    <property name="java.specification.version" value="11" />
    <property name="env.IRBRC" value="/home/travis/.rvm/rubies/ruby-2.5.3/.irbrc" />
    <property name="env.TRAVIS" value="true" />
    <property name="sun.arch.data.model" value="64" />
  </properties>
  <testcase classname="ptolemy.util.test.junit.TclTests" name="[0] /home/travis/build/icyphy/ptII/ptolemy/actor/lib/test/AbsoluteValue.tcl (RunTclFile)" time="0.592" />
  <testcase classname="ptolemy.util.test.junit.TclTests" name="[1] /home/travis/build/icyphy/ptII/ptolemy/actor/lib/test/AddSubtract.tcl (RunTclFile)" time="0.167" />
  <testcase classname="ptolemy.util.test.junit.TclTests" name="[2] /home/travis/build/icyphy/ptII/ptolemy/actor/lib/test/Average.tcl (RunTclFile)" time="0.04" />
  <testcase classname="ptolemy.util.test.junit.TclTests" name="[3] /home/travis/build/icyphy/ptII/ptolemy/actor/lib/test/Bernoulli.tcl (RunTclFile)" time="0.024" />
  <testcase classname="ptolemy.util.test.junit.TclTests" name="[4] /home/travis/build/icyphy/ptII/ptolemy/actor/lib/test/Clock.tcl (RunTclFile)" time="0.094" />
  <testcase classname="ptolemy.util.test.junit.TclTests" name="[5] /home/travis/build/icyphy/ptII/ptolemy/actor/lib/test/Commutator.tcl (RunTclFile)" time="0.171" />
  <testcase classname="ptolemy.util.test.junit.TclTests" name="[6] /home/travis/build/icyphy/ptII/ptolemy/actor/lib/test/Const.tcl (RunTclFile)" time="0.086" />
  <testcase classname="ptolemy.util.test.junit.TclTests" name="[7] /home/travis/build/icyphy/ptII/ptolemy/actor/lib/test/CurrentTime.tcl (RunTclFile)" time="0.027" />
  <testcase classname="ptolemy.util.test.junit.TclTests" name="[8] /home/travis/build/icyphy/ptII/ptolemy/actor/lib/test/DB.tcl (RunTclFile)" time="0.039" />
  <testcase classname="ptolemy.util.test.junit.TclTests" name="[9] /home/travis/build/icyphy/ptII/ptolemy/actor/lib/test/DiscreteRandomSource.tcl (RunTclFile)" time="0.038" />
  <testcase classname="ptolemy.util.test.junit.TclTests" name="[10] /home/travis/build/icyphy/ptII/ptolemy/actor/lib/test/Distributor.tcl (RunTclFile)" time="0.084" />
  <testcase classname="ptolemy.util.test.junit.TclTests" name="[11] /home/travis/build/icyphy/ptII/ptolemy/actor/lib/test/Exit.tcl (RunTclFile)" time="0.075" />
  <testcase classname="ptolemy.util.test.junit.TclTests" name="[12] /home/travis/build/icyphy/ptII/ptolemy/actor/lib/test/Expression.tcl (RunTclFile)" time="0.065" />
  <testcase classname="ptolemy.util.test.junit.TclTests" name="[13] /home/travis/build/icyphy/ptII/ptolemy/actor/lib/test/Gaussian.tcl (RunTclFile)" time="0.907" />
  <testcase classname="ptolemy.util.test.junit.TclTests" name="[14] /home/travis/build/icyphy/ptII/ptolemy/actor/lib/test/IIR.tcl (RunTclFile)" time="0.037" />
  <testcase classname="ptolemy.util.test.junit.TclTests" name="[15] /home/travis/build/icyphy/ptII/ptolemy/actor/lib/test/Interpolator.tcl (RunTclFile)" time="0.048" />
  <testcase classname="ptolemy.util.test.junit.TclTests" name="[16] /home/travis/build/icyphy/ptII/ptolemy/actor/lib/test/MathFunction.tcl (RunTclFile)" time="0.049" />
  <testcase classname="ptolemy.util.test.junit.TclTests" name="[17] /home/travis/build/icyphy/ptII/ptolemy/actor/lib/test/Maximum.tcl (RunTclFile)" time="0.045" />
  <testcase classname="ptolemy.util.test.junit.TclTests" name="[18] /home/travis/build/icyphy/ptII/ptolemy/actor/lib/test/Minimum.tcl (RunTclFile)" time="0.031" />
  <testcase classname="ptolemy.util.test.junit.TclTests" name="[19] /home/travis/build/icyphy/ptII/ptolemy/actor/lib/test/MultiplyDivide.tcl (RunTclFile)" time="0.037" />
  <testcase classname="ptolemy.util.test.junit.TclTests" name="[20] /home/travis/build/icyphy/ptII/ptolemy/actor/lib/test/OrderedMerge.tcl (RunTclFile)" time="0.102" />
  <testcase classname="ptolemy.util.test.junit.TclTests" name="[21] /home/travis/build/icyphy/ptII/ptolemy/actor/lib/test/Publisher.tcl (RunTclFile)" time="0.766" />
  <testcase classname="ptolemy.util.test.junit.TclTests" name="[22] /home/travis/build/icyphy/ptII/ptolemy/actor/lib/test/Pulse.tcl (RunTclFile)" time="0.04" />
  <testcase classname="ptolemy.util.test.junit.TclTests" name="[23] /home/travis/build/icyphy/ptII/ptolemy/actor/lib/test/Ramp.tcl (RunTclFile)" time="1.879" />
  <testcase classname="ptolemy.util.test.junit.TclTests" name="[24] /home/travis/build/icyphy/ptII/ptolemy/actor/lib/test/RampContinuous.tcl (RunTclFile)" time="0.016" />
  <testcase classname="ptolemy.util.test.junit.TclTests" name="[25] /home/travis/build/icyphy/ptII/ptolemy/actor/lib/test/RecordAssembler.tcl (RunTclFile)" time="0.016" />
  <testcase classname="ptolemy.util.test.junit.TclTests" name="[26] /home/travis/build/icyphy/ptII/ptolemy/actor/lib/test/RecordDisassembler.tcl (RunTclFile)" time="0.029" />
  <testcase classname="ptolemy.util.test.junit.TclTests" name="[27] /home/travis/build/icyphy/ptII/ptolemy/actor/lib/test/Scale.tcl (RunTclFile)" time="0.028" />
  <testcase classname="ptolemy.util.test.junit.TclTests" name="[28] /home/travis/build/icyphy/ptII/ptolemy/actor/lib/test/SequentialClock.tcl (RunTclFile)" time="0.013" />
  <testcase classname="ptolemy.util.test.junit.TclTests" name="[29] /home/travis/build/icyphy/ptII/ptolemy/actor/lib/test/SetVariable.tcl (RunTclFile)" time="0.021" />
  <testcase classname="ptolemy.util.test.junit.TclTests" name="[30] /home/travis/build/icyphy/ptII/ptolemy/actor/lib/test/Sinewave.tcl (RunTclFile)" time="0.04" />
  <testcase classname="ptolemy.util.test.junit.TclTests" name="[31] /home/travis/build/icyphy/ptII/ptolemy/actor/lib/test/SubscriptionAggregator.tcl (RunTclFile)" time="2.072" />
  <testcase classname="ptolemy.util.test.junit.TclTests" name="[32] /home/travis/build/icyphy/ptII/ptolemy/actor/lib/test/Test.tcl (RunTclFile)" time="0.072" />
  <testcase classname="ptolemy.util.test.junit.TclTests" name="[33] /home/travis/build/icyphy/ptII/ptolemy/actor/lib/test/TestExceptionHandler.tcl (RunTclFile)" time="0.009" />
  <testcase classname="ptolemy.util.test.junit.TclTests" name="[34] /home/travis/build/icyphy/ptII/ptolemy/actor/lib/test/UnionDisassembler.tcl (RunTclFile)" time="0.063" />
  <testcase classname="ptolemy.util.test.junit.TclTests" name="[35] /home/travis/build/icyphy/ptII/ptolemy/actor/lib/test/VariableClock.tcl (RunTclFile)" time="0.032" />
  <testcase classname="ptolemy.util.test.junit.AutoKnownFailedTests" name="[0] /home/travis/build/icyphy/ptII/ptolemy/actor/lib/test/auto/knownFailedTests/PublisherPortToplevelSubscriber.xml (RunModel)" time="0.047" />
  <testcase classname="ptolemy.util.test.junit.AutoKnownFailedTests" name="[1] /home/travis/build/icyphy/ptII/ptolemy/actor/lib/test/auto/knownFailedTests/PublisherSubscriberPortToplevel.xml (RunModel)" time="0.021" />
  <testcase classname="ptolemy.util.test.junit.AutoKnownFailedTests" name="[2] /home/travis/build/icyphy/ptII/ptolemy/actor/lib/test/auto/knownFailedTests/PublisherSubscriptionAggregatorPort.xml (RunModel)" time="0.016" />
  <testcase classname="ptolemy.util.test.junit.AutoKnownFailedTests" name="[3] /home/travis/build/icyphy/ptII/ptolemy/actor/lib/test/auto/knownFailedTests/sizedarray3.xml (RunModel)" time="0.023" />
  <testcase classname="ptolemy.util.test.junit.AutoNameArchTests" name="[0] ThereAreNoAutoArchTests (RunModel)" time="0.003" />
  <testcase classname="ptolemy.util.test.junit.AutoTests" name="[0] /home/travis/build/icyphy/ptII/ptolemy/actor/lib/test/auto/AbsoluteValue.xml (RunModel)" time="0.086" />
  <testcase classname="ptolemy.util.test.junit.AutoTests" name="[1] /home/travis/build/icyphy/ptII/ptolemy/actor/lib/test/auto/AbsoluteValue2.xml (RunModel)" time="0.075" />
  <testcase classname="ptolemy.util.test.junit.AutoTests" name="[2] /home/travis/build/icyphy/ptII/ptolemy/actor/lib/test/auto/Accumulator.xml (RunModel)" time="0.045" />
  <testcase classname="ptolemy.util.test.junit.AutoTests" name="[3] /home/travis/build/icyphy/ptII/ptolemy/actor/lib/test/auto/Accumulator2.xml (RunModel)" time="0.045" />
  <testcase classname="ptolemy.util.test.junit.AutoTests" name="[4] /home/travis/build/icyphy/ptII/ptolemy/actor/lib/test/auto/Accumulator3.xml (RunModel)" time="0.044" />
  <testcase classname="ptolemy.util.test.junit.AutoTests" name="[5] /home/travis/build/icyphy/ptII/ptolemy/actor/lib/test/auto/ArrayAppend.xml (RunModel)" time="0.047" />
  <testcase classname="ptolemy.util.test.junit.AutoTests" name="[6] /home/travis/build/icyphy/ptII/ptolemy/actor/lib/test/auto/ArrayAppend2.xml (RunModel)" time="0.494" />
  <testcase classname="ptolemy.util.test.junit.AutoTests" name="[7] /home/travis/build/icyphy/ptII/ptolemy/actor/lib/test/auto/ArrayAppend3.xml (RunModel)" time="0.037" />
  <testcase classname="ptolemy.util.test.junit.AutoTests" name="[8] /home/travis/build/icyphy/ptII/ptolemy/actor/lib/test/auto/ArrayAppend4.xml (RunModel)" time="0.015" />
  <testcase classname="ptolemy.util.test.junit.AutoTests" name="[9] /home/travis/build/icyphy/ptII/ptolemy/actor/lib/test/auto/ArrayAppend5.xml (RunModel)" time="0.014" />
  <testcase classname="ptolemy.util.test.junit.AutoTests" name="[10] /home/travis/build/icyphy/ptII/ptolemy/actor/lib/test/auto/ArrayAppend6.xml (RunModel)" time="0.022" />
  <testcase classname="ptolemy.util.test.junit.AutoTests" name="[11] /home/travis/build/icyphy/ptII/ptolemy/actor/lib/test/auto/ArrayAppendPerformanceTest.xml (RunModel)" time="0.046" />
  <testcase classname="ptolemy.util.test.junit.AutoTests" name="[12] /home/travis/build/icyphy/ptII/ptolemy/actor/lib/test/auto/ArrayAppendWithEmptyInput.xml (RunModel)" time="0.029" />
  <testcase classname="ptolemy.util.test.junit.AutoTests" name="[13] /home/travis/build/icyphy/ptII/ptolemy/actor/lib/test/auto/ArrayAverage.xml (RunModel)" time="0.031" />
  <testcase classname="ptolemy.util.test.junit.AutoTests" name="[14] /home/travis/build/icyphy/ptII/ptolemy/actor/lib/test/auto/ArrayContains.xml (RunModel)" time="0.037" />
  <testcase classname="ptolemy.util.test.junit.AutoTests" name="[15] /home/travis/build/icyphy/ptII/ptolemy/actor/lib/test/auto/ArrayElement.xml (RunModel)" time="0.029" />
  <testcase classname="ptolemy.util.test.junit.AutoTests" name="[16] /home/travis/build/icyphy/ptII/ptolemy/actor/lib/test/auto/ArrayElementAsMatrix.xml (RunModel)" time="0.056" />
  <testcase classname="ptolemy.util.test.junit.AutoTests" name="[17] /home/travis/build/icyphy/ptII/ptolemy/actor/lib/test/auto/ArrayElementI.xml (RunModel)" time="0.015" />
  <testcase classname="ptolemy.util.test.junit.AutoTests" name="[18] /home/travis/build/icyphy/ptII/ptolemy/actor/lib/test/auto/ArrayExtract.xml (RunModel)" time="0.027" />
  <testcase classname="ptolemy.util.test.junit.AutoTests" name="[19] /home/travis/build/icyphy/ptII/ptolemy/actor/lib/test/auto/ArrayExtract2.xml (RunModel)" time="0.016" />
  <testcase classname="ptolemy.util.test.junit.AutoTests" name="[20] /home/travis/build/icyphy/ptII/ptolemy/actor/lib/test/auto/ArrayLength.xml (RunModel)" time="0.014" />
  <testcase classname="ptolemy.util.test.junit.AutoTests" name="[21] /home/travis/build/icyphy/ptII/ptolemy/actor/lib/test/auto/ArrayLevelCrossing.xml (RunModel)" time="0.028" />
  <testcase classname="ptolemy.util.test.junit.AutoTests" name="[22] /home/travis/build/icyphy/ptII/ptolemy/actor/lib/test/auto/ArrayLevelCrossing2.xml (RunModel)" time="0.026" />
  <testcase classname="ptolemy.util.test.junit.AutoTests" name="[23] /home/travis/build/icyphy/ptII/ptolemy/actor/lib/test/auto/ArrayPeakSearch.xml (RunModel)" time="0.037" />
  <testcase classname="ptolemy.util.test.junit.AutoTests" name="[24] /home/travis/build/icyphy/ptII/ptolemy/actor/lib/test/auto/ArrayPeakSearch2.xml (RunModel)" time="0.038" />
  <testcase classname="ptolemy.util.test.junit.AutoTests" name="[25] /home/travis/build/icyphy/ptII/ptolemy/actor/lib/test/auto/ArrayPeakSearch3.xml (RunModel)" time="0.039" />
  <testcase classname="ptolemy.util.test.junit.AutoTests" name="[26] /home/travis/build/icyphy/ptII/ptolemy/actor/lib/test/auto/ArrayRemoveElement.xml (RunModel)" time="0.052" />
  <testcase classname="ptolemy.util.test.junit.AutoTests" name="[27] /home/travis/build/icyphy/ptII/ptolemy/actor/lib/test/auto/ArraySort.xml (RunModel)" time="0.037" />
  <testcase classname="ptolemy.util.test.junit.AutoTests" name="[28] /home/travis/build/icyphy/ptII/ptolemy/actor/lib/test/auto/ArraySum.xml (RunModel)" time="0.018" />
  <testcase classname="ptolemy.util.test.junit.AutoTests" name="[29] /home/travis/build/icyphy/ptII/ptolemy/actor/lib/test/auto/ArrayToElements.xml (RunModel)" time="0.025" />
  <testcase classname="ptolemy.util.test.junit.AutoTests" name="[30] /home/travis/build/icyphy/ptII/ptolemy/actor/lib/test/auto/ArrayToMatrix.xml (RunModel)" time="0.072" />
  <testcase classname="ptolemy.util.test.junit.AutoTests" name="[31] /home/travis/build/icyphy/ptII/ptolemy/actor/lib/test/auto/ArrayUpdate1.xml (RunModel)" time="0.019" />
  <testcase classname="ptolemy.util.test.junit.AutoTests" name="[32] /home/travis/build/icyphy/ptII/ptolemy/actor/lib/test/auto/ArrayUpdate2.xml (RunModel)" time="0.032" />
  <testcase classname="ptolemy.util.test.junit.AutoTests" name="[33] /home/travis/build/icyphy/ptII/ptolemy/actor/lib/test/auto/ArrayUpdate3.xml (RunModel)" time="0.024" />
  <testcase classname="ptolemy.util.test.junit.AutoTests" name="[34] /home/travis/build/icyphy/ptII/ptolemy/actor/lib/test/auto/Assert1.xml (RunModel)" time="0.031" />
  <testcase classname="ptolemy.util.test.junit.AutoTests" name="[35] /home/travis/build/icyphy/ptII/ptolemy/actor/lib/test/auto/Assert2.xml (RunModel)" time="0.016" />
  <testcase classname="ptolemy.util.test.junit.AutoTests" name="[36] /home/travis/build/icyphy/ptII/ptolemy/actor/lib/test/auto/BooleanMultiplexor.xml (RunModel)" time="0.021" />
  <testcase classname="ptolemy.util.test.junit.AutoTests" name="[37] /home/travis/build/icyphy/ptII/ptolemy/actor/lib/test/auto/BooleanMultiplexor2.xml (RunModel)" time="0.028" />
  <testcase classname="ptolemy.util.test.junit.AutoTests" name="[38] /home/travis/build/icyphy/ptII/ptolemy/actor/lib/test/auto/BooleanMultiplexor3.xml (RunModel)" time="0.016" />
  <testcase classname="ptolemy.util.test.junit.AutoTests" name="[39] /home/travis/build/icyphy/ptII/ptolemy/actor/lib/test/auto/BooleanSelect.xml (RunModel)" time="0.023" />
  <testcase classname="ptolemy.util.test.junit.AutoTests" name="[40] /home/travis/build/icyphy/ptII/ptolemy/actor/lib/test/auto/BooleanSelect2.xml (RunModel)" time="0.015" />
  <testcase classname="ptolemy.util.test.junit.AutoTests" name="[41] /home/travis/build/icyphy/ptII/ptolemy/actor/lib/test/auto/BooleanSwitch.xml (RunModel)" time="0.021" />
  <testcase classname="ptolemy.util.test.junit.AutoTests" name="[42] /home/travis/build/icyphy/ptII/ptolemy/actor/lib/test/auto/BooleanSwitch2.xml (RunModel)" time="0.015" />
  <testcase classname="ptolemy.util.test.junit.AutoTests" name="[43] /home/travis/build/icyphy/ptII/ptolemy/actor/lib/test/auto/BooleanSwitchCloningBugWithClassRelationGroup.xml (RunModel)" time="0.032" />
  <testcase classname="ptolemy.util.test.junit.AutoTests" name="[44] /home/travis/build/icyphy/ptII/ptolemy/actor/lib/test/auto/BusActors.xml (RunModel)" time="0.036" />
  <testcase classname="ptolemy.util.test.junit.AutoTests" name="[45] /home/travis/build/icyphy/ptII/ptolemy/actor/lib/test/auto/ClassWrapper.xml (RunModel)" time="0.02" />
  <testcase classname="ptolemy.util.test.junit.AutoTests" name="[46] /home/travis/build/icyphy/ptII/ptolemy/actor/lib/test/auto/Clock.xml (RunModel)" time="0.01" />
  <testcase classname="ptolemy.util.test.junit.AutoTests" name="[47] /home/travis/build/icyphy/ptII/ptolemy/actor/lib/test/auto/Clock10.xml (RunModel)" time="0.015" />
  <testcase classname="ptolemy.util.test.junit.AutoTests" name="[48] /home/travis/build/icyphy/ptII/ptolemy/actor/lib/test/auto/Clock11.xml (RunModel)" time="0.018" />
  <testcase classname="ptolemy.util.test.junit.AutoTests" name="[49] /home/travis/build/icyphy/ptII/ptolemy/actor/lib/test/auto/Clock12.xml (RunModel)" time="0.025" />
  <testcase classname="ptolemy.util.test.junit.AutoTests" name="[50] /home/travis/build/icyphy/ptII/ptolemy/actor/lib/test/auto/Clock13.xml (RunModel)" time="0.018" />
  <testcase classname="ptolemy.util.test.junit.AutoTests" name="[51] /home/travis/build/icyphy/ptII/ptolemy/actor/lib/test/auto/Clock14.xml (RunModel)" time="0.018" />
  <testcase classname="ptolemy.util.test.junit.AutoTests" name="[52] /home/travis/build/icyphy/ptII/ptolemy/actor/lib/test/auto/Clock15.xml (RunModel)" time="0.015" />
  <testcase classname="ptolemy.util.test.junit.AutoTests" name="[53] /home/travis/build/icyphy/ptII/ptolemy/actor/lib/test/auto/Clock16.xml (RunModel)" time="0.104" />
  <testcase classname="ptolemy.util.test.junit.AutoTests" name="[54] /home/travis/build/icyphy/ptII/ptolemy/actor/lib/test/auto/Clock17.xml (RunModel)" time="0.059" />
  <testcase classname="ptolemy.util.test.junit.AutoTests" name="[55] /home/travis/build/icyphy/ptII/ptolemy/actor/lib/test/auto/Clock18.xml (RunModel)" time="0.05" />
  <testcase classname="ptolemy.util.test.junit.AutoTests" name="[56] /home/travis/build/icyphy/ptII/ptolemy/actor/lib/test/auto/Clock19.xml (RunModel)" time="0.05" />
  <testcase classname="ptolemy.util.test.junit.AutoTests" name="[57] /home/travis/build/icyphy/ptII/ptolemy/actor/lib/test/auto/Clock2.xml (RunModel)" time="0.016" />
  <testcase classname="ptolemy.util.test.junit.AutoTests" name="[58] /home/travis/build/icyphy/ptII/ptolemy/actor/lib/test/auto/Clock20.xml (RunModel)" time="0.03" />
  <testcase classname="ptolemy.util.test.junit.AutoTests" name="[59] /home/travis/build/icyphy/ptII/ptolemy/actor/lib/test/auto/Clock21.xml (RunModel)" time="0.015" />
  <testcase classname="ptolemy.util.test.junit.AutoTests" name="[60] /home/travis/build/icyphy/ptII/ptolemy/actor/lib/test/auto/Clock22.xml (RunModel)" time="0.017" />
  <testcase classname="ptolemy.util.test.junit.AutoTests" name="[61] /home/travis/build/icyphy/ptII/ptolemy/actor/lib/test/auto/Clock23.xml (RunModel)" time="0.016" />
  <testcase classname="ptolemy.util.test.junit.AutoTests" name="[62] /home/travis/build/icyphy/ptII/ptolemy/actor/lib/test/auto/Clock24.xml (RunModel)" time="0.018" />
  <testcase classname="ptolemy.util.test.junit.AutoTests" name="[63] /home/travis/build/icyphy/ptII/ptolemy/actor/lib/test/auto/Clock4.xml (RunModel)" time="0.014" />
  <testcase classname="ptolemy.util.test.junit.AutoTests" name="[64] /home/travis/build/icyphy/ptII/ptolemy/actor/lib/test/auto/Clock5.xml (RunModel)" time="0.018" />
  <testcase classname="ptolemy.util.test.junit.AutoTests" name="[65] /home/travis/build/icyphy/ptII/ptolemy/actor/lib/test/auto/Clock6.xml (RunModel)" time="0.012" />
  <testcase classname="ptolemy.util.test.junit.AutoTests" name="[66] /home/travis/build/icyphy/ptII/ptolemy/actor/lib/test/auto/Clock7.xml (RunModel)" time="0.011" />
  <testcase classname="ptolemy.util.test.junit.AutoTests" name="[67] /home/travis/build/icyphy/ptII/ptolemy/actor/lib/test/auto/Clock8.xml (RunModel)" time="0.014" />
  <testcase classname="ptolemy.util.test.junit.AutoTests" name="[68] /home/travis/build/icyphy/ptII/ptolemy/actor/lib/test/auto/Clock9.xml (RunModel)" time="0.015" />
  <testcase classname="ptolemy.util.test.junit.AutoTests" name="[69] /home/travis/build/icyphy/ptII/ptolemy/actor/lib/test/auto/CommDistDiscard.xml (RunModel)" time="0.026" />
  <testcase classname="ptolemy.util.test.junit.AutoTests" name="[70] /home/travis/build/icyphy/ptII/ptolemy/actor/lib/test/auto/Commutator.xml (RunModel)" time="0.017" />
  <testcase classname="ptolemy.util.test.junit.AutoTests" name="[71] /home/travis/build/icyphy/ptII/ptolemy/actor/lib/test/auto/Commutator2.xml (RunModel)" time="0.011" />
  <testcase classname="ptolemy.util.test.junit.AutoTests" name="[72] /home/travis/build/icyphy/ptII/ptolemy/actor/lib/test/auto/Commutator3.xml (RunModel)" time="0.012" />
  <testcase classname="ptolemy.util.test.junit.AutoTests" name="[73] /home/travis/build/icyphy/ptII/ptolemy/actor/lib/test/auto/Compare.xml (RunModel)" time="0.021" />
  <testcase classname="ptolemy.util.test.junit.AutoTests" name="[74] /home/travis/build/icyphy/ptII/ptolemy/actor/lib/test/auto/CompareDE.xml (RunModel)" time="0.023" />
  <testcase classname="ptolemy.util.test.junit.AutoTests" name="[75] /home/travis/build/icyphy/ptII/ptolemy/actor/lib/test/auto/ComplexDivide.xml (RunModel)" time="0.009" />
  <testcase classname="ptolemy.util.test.junit.AutoTests" name="[76] /home/travis/build/icyphy/ptII/ptolemy/actor/lib/test/auto/ComputeHistogram.xml (RunModel)" time="0.074" />
  <testcase classname="ptolemy.util.test.junit.AutoTests" name="[77] /home/travis/build/icyphy/ptII/ptolemy/actor/lib/test/auto/ConfigurationSelect.xml (RunModel)" time="0.023" />
  <testcase classname="ptolemy.util.test.junit.AutoTests" name="[78] /home/travis/build/icyphy/ptII/ptolemy/actor/lib/test/auto/ConfigurationSelect2.xml (RunModel)" time="0.017" />
  <testcase classname="ptolemy.util.test.junit.AutoTests" name="[79] /home/travis/build/icyphy/ptII/ptolemy/actor/lib/test/auto/ConfigurationSwitch.xml (RunModel)" time="0.026" />
  <testcase classname="ptolemy.util.test.junit.AutoTests" name="[80] /home/travis/build/icyphy/ptII/ptolemy/actor/lib/test/auto/ConfigurationSwitch2.xml (RunModel)" time="0.025" />
  <testcase classname="ptolemy.util.test.junit.AutoTests" name="[81] /home/travis/build/icyphy/ptII/ptolemy/actor/lib/test/auto/ConfigurationSwitchCloningBugWithClassRelationGroup.xml (RunModel)" time="0.021" />
  <testcase classname="ptolemy.util.test.junit.AutoTests" name="[82] /home/travis/build/icyphy/ptII/ptolemy/actor/lib/test/auto/ConfigurationSwitchSelectSDF.xml (RunModel)" time="0.017" />
  <testcase classname="ptolemy.util.test.junit.AutoTests" name="[83] /home/travis/build/icyphy/ptII/ptolemy/actor/lib/test/auto/ConfigurationSwitchSelectSDF2.xml (RunModel)" time="0.016" />
  <testcase classname="ptolemy.util.test.junit.AutoTests" name="[84] /home/travis/build/icyphy/ptII/ptolemy/actor/lib/test/auto/Const.xml (RunModel)" time="0.009" />
  <testcase classname="ptolemy.util.test.junit.AutoTests" name="[85] /home/travis/build/icyphy/ptII/ptolemy/actor/lib/test/auto/Const2.xml (RunModel)" time="0.01" />
  <testcase classname="ptolemy.util.test.junit.AutoTests" name="[86] /home/travis/build/icyphy/ptII/ptolemy/actor/lib/test/auto/Const3.xml (RunModel)" time="0.009" />
  <testcase classname="ptolemy.util.test.junit.AutoTests" name="[87] /home/travis/build/icyphy/ptII/ptolemy/actor/lib/test/auto/ConstantPublisherPort1.xml (RunModel)" time="0.022" />
  <testcase classname="ptolemy.util.test.junit.AutoTests" name="[88] /home/travis/build/icyphy/ptII/ptolemy/actor/lib/test/auto/ConstantPublisherPort2.xml (RunModel)" time="0.028" />
  <testcase classname="ptolemy.util.test.junit.AutoTests" name="[89] /home/travis/build/icyphy/ptII/ptolemy/actor/lib/test/auto/ConstantPublisherPort3.xml (RunModel)" time="0.022" />
  <testcase classname="ptolemy.util.test.junit.AutoTests" name="[90] /home/travis/build/icyphy/ptII/ptolemy/actor/lib/test/auto/ConstantPublisherPort4.xml (RunModel)" time="0.02" />
  <testcase classname="ptolemy.util.test.junit.AutoTests" name="[91] /home/travis/build/icyphy/ptII/ptolemy/actor/lib/test/auto/ConstantPublisherPort5.xml (RunModel)" time="0.042" />
  <testcase classname="ptolemy.util.test.junit.AutoTests" name="[92] /home/travis/build/icyphy/ptII/ptolemy/actor/lib/test/auto/ConstantPublisherPort6.xml (RunModel)" time="0.028" />
  <testcase classname="ptolemy.util.test.junit.AutoTests" name="[93] /home/travis/build/icyphy/ptII/ptolemy/actor/lib/test/auto/ConstantPublisherPort7.xml (RunModel)" time="0.033" />
  <testcase classname="ptolemy.util.test.junit.AutoTests" name="[94] /home/travis/build/icyphy/ptII/ptolemy/actor/lib/test/auto/ConstraintMonitor1.xml (RunModel)" time="0.034" />
  <testcase classname="ptolemy.util.test.junit.AutoTests" name="[95] /home/travis/build/icyphy/ptII/ptolemy/actor/lib/test/auto/ConstraintMonitor2.xml (RunModel)" time="0.012" />
  <testcase classname="ptolemy.util.test.junit.AutoTests" name="[96] /home/travis/build/icyphy/ptII/ptolemy/actor/lib/test/auto/ConstraintMonitor3.xml (RunModel)" time="0.012" />
  <testcase classname="ptolemy.util.test.junit.AutoTests" name="[97] /home/travis/build/icyphy/ptII/ptolemy/actor/lib/test/auto/ConstraintMonitor4.xml (RunModel)" time="0.011" />
  <testcase classname="ptolemy.util.test.junit.AutoTests" name="[98] /home/travis/build/icyphy/ptII/ptolemy/actor/lib/test/auto/ConstraintMonitor5.xml (RunModel)" time="0.009" />
  <testcase classname="ptolemy.util.test.junit.AutoTests" name="[99] /home/travis/build/icyphy/ptII/ptolemy/actor/lib/test/auto/ConstraintMonitor6.xml (RunModel)" time="0.011" />
  <testcase classname="ptolemy.util.test.junit.AutoTests" name="[100] /home/travis/build/icyphy/ptII/ptolemy/actor/lib/test/auto/ConstraintMonitor7.xml (RunModel)" time="0.026" />
  <testcase classname="ptolemy.util.test.junit.AutoTests" name="[101] /home/travis/build/icyphy/ptII/ptolemy/actor/lib/test/auto/ConstraintMonitor8.xml (RunModel)" time="0.015" />
  <testcase classname="ptolemy.util.test.junit.AutoTests" name="[102] /home/travis/build/icyphy/ptII/ptolemy/actor/lib/test/auto/Counter.xml (RunModel)" time="0.011" />
  <testcase classname="ptolemy.util.test.junit.AutoTests" name="[103] /home/travis/build/icyphy/ptII/ptolemy/actor/lib/test/auto/CurrentTimeSDF.xml (RunModel)" time="0.008" />
  <testcase classname="ptolemy.util.test.junit.AutoTests" name="[104] /home/travis/build/icyphy/ptII/ptolemy/actor/lib/test/auto/DB.xml (RunModel)" time="0.01" />
  <testcase classname="ptolemy.util.test.junit.AutoTests" name="[105] /home/travis/build/icyphy/ptII/ptolemy/actor/lib/test/auto/DBDE.xml (RunModel)" time="0.012" />
  <testcase classname="ptolemy.util.test.junit.AutoTests" name="[106] /home/travis/build/icyphy/ptII/ptolemy/actor/lib/test/auto/DateConstructor.xml (RunModel)" time="0.079" />
  <testcase classname="ptolemy.util.test.junit.AutoTests" name="[107] /home/travis/build/icyphy/ptII/ptolemy/actor/lib/test/auto/DelayTime.xml (RunModel)" time="0.014" />
  <testcase classname="ptolemy.util.test.junit.AutoTests" name="[108] /home/travis/build/icyphy/ptII/ptolemy/actor/lib/test/auto/Dictionary1.xml (RunModel)" time="0.016" />
  <testcase classname="ptolemy.util.test.junit.AutoTests" name="[109] /home/travis/build/icyphy/ptII/ptolemy/actor/lib/test/auto/Dictionary2.xml (RunModel)" time="0.015" />
  <testcase classname="ptolemy.util.test.junit.AutoTests" name="[110] /home/travis/build/icyphy/ptII/ptolemy/actor/lib/test/auto/Dictionary3.xml (RunModel)" time="0.011" />
  <testcase classname="ptolemy.util.test.junit.AutoTests" name="[111] /home/travis/build/icyphy/ptII/ptolemy/actor/lib/test/auto/Dictionary4.xml (RunModel)" time="0.015" />
  <testcase classname="ptolemy.util.test.junit.AutoTests" name="[112] /home/travis/build/icyphy/ptII/ptolemy/actor/lib/test/auto/Differential.xml (RunModel)" time="0.01" />
  <testcase classname="ptolemy.util.test.junit.AutoTests" name="[113] /home/travis/build/icyphy/ptII/ptolemy/actor/lib/test/auto/Director.xml (RunModel)" time="0.013" />
  <testcase classname="ptolemy.util.test.junit.AutoTests" name="[114] /home/travis/build/icyphy/ptII/ptolemy/actor/lib/test/auto/DiscreteClock.xml (RunModel)" time="0.008" />
  <testcase classname="ptolemy.util.test.junit.AutoTests" name="[115] /home/travis/build/icyphy/ptII/ptolemy/actor/lib/test/auto/DiscreteClock10.xml (RunModel)" time="0.013" />
  <testcase classname="ptolemy.util.test.junit.AutoTests" name="[116] /home/travis/build/icyphy/ptII/ptolemy/actor/lib/test/auto/DiscreteClock11.xml (RunModel)" time="0.011" />
  <testcase classname="ptolemy.util.test.junit.AutoTests" name="[117] /home/travis/build/icyphy/ptII/ptolemy/actor/lib/test/auto/DiscreteClock12.xml (RunModel)" time="0.012" />
  <testcase classname="ptolemy.util.test.junit.AutoTests" name="[118] /home/travis/build/icyphy/ptII/ptolemy/actor/lib/test/auto/DiscreteClock13.xml (RunModel)" time="0.014" />
  <testcase classname="ptolemy.util.test.junit.AutoTests" name="[119] /home/travis/build/icyphy/ptII/ptolemy/actor/lib/test/auto/DiscreteClock14.xml (RunModel)" time="0.012" />
  <testcase classname="ptolemy.util.test.junit.AutoTests" name="[120] /home/travis/build/icyphy/ptII/ptolemy/actor/lib/test/auto/DiscreteClock15.xml (RunModel)" time="0.013" />
  <testcase classname="ptolemy.util.test.junit.AutoTests" name="[121] /home/travis/build/icyphy/ptII/ptolemy/actor/lib/test/auto/DiscreteClock16.xml (RunModel)" time="0.04" />
  <testcase classname="ptolemy.util.test.junit.AutoTests" name="[122] /home/travis/build/icyphy/ptII/ptolemy/actor/lib/test/auto/DiscreteClock17.xml (RunModel)" time="0.046" />
  <testcase classname="ptolemy.util.test.junit.AutoTests" name="[123] /home/travis/build/icyphy/ptII/ptolemy/actor/lib/test/auto/DiscreteClock18.xml (RunModel)" time="0.033" />
  <testcase classname="ptolemy.util.test.junit.AutoTests" name="[124] /home/travis/build/icyphy/ptII/ptolemy/actor/lib/test/auto/DiscreteClock19.xml (RunModel)" time="0.033" />
  <testcase classname="ptolemy.util.test.junit.AutoTests" name="[125] /home/travis/build/icyphy/ptII/ptolemy/actor/lib/test/auto/DiscreteClock2.xml (RunModel)" time="0.012" />
  <testcase classname="ptolemy.util.test.junit.AutoTests" name="[126] /home/travis/build/icyphy/ptII/ptolemy/actor/lib/test/auto/DiscreteClock20.xml (RunModel)" time="0.016" />
  <testcase classname="ptolemy.util.test.junit.AutoTests" name="[127] /home/travis/build/icyphy/ptII/ptolemy/actor/lib/test/auto/DiscreteClock21.xml (RunModel)" time="0.014" />
  <testcase classname="ptolemy.util.test.junit.AutoTests" name="[128] /home/travis/build/icyphy/ptII/ptolemy/actor/lib/test/auto/DiscreteClock22.xml (RunModel)" time="0.013" />
  <testcase classname="ptolemy.util.test.junit.AutoTests" name="[129] /home/travis/build/icyphy/ptII/ptolemy/actor/lib/test/auto/DiscreteClock23.xml (RunModel)" time="0.012" />
  <testcase classname="ptolemy.util.test.junit.AutoTests" name="[130] /home/travis/build/icyphy/ptII/ptolemy/actor/lib/test/auto/DiscreteClock24.xml (RunModel)" time="0.012" />
  <testcase classname="ptolemy.util.test.junit.AutoTests" name="[131] /home/travis/build/icyphy/ptII/ptolemy/actor/lib/test/auto/DiscreteClock4.xml (RunModel)" time="0.011" />
  <testcase classname="ptolemy.util.test.junit.AutoTests" name="[132] /home/travis/build/icyphy/ptII/ptolemy/actor/lib/test/auto/DiscreteClock5.xml (RunModel)" time="0.01" />
  <testcase classname="ptolemy.util.test.junit.AutoTests" name="[133] /home/travis/build/icyphy/ptII/ptolemy/actor/lib/test/auto/DiscreteClock6.xml (RunModel)" time="0.007" />
  <testcase classname="ptolemy.util.test.junit.AutoTests" name="[134] /home/travis/build/icyphy/ptII/ptolemy/actor/lib/test/auto/DiscreteClock7.xml (RunModel)" time="0.008" />
  <testcase classname="ptolemy.util.test.junit.AutoTests" name="[135] /home/travis/build/icyphy/ptII/ptolemy/actor/lib/test/auto/DiscreteClock8.xml (RunModel)" time="0.015" />
  <testcase classname="ptolemy.util.test.junit.AutoTests" name="[136] /home/travis/build/icyphy/ptII/ptolemy/actor/lib/test/auto/DiscreteClock9.xml (RunModel)" time="0.016" />
  <testcase classname="ptolemy.util.test.junit.AutoTests" name="[137] /home/travis/build/icyphy/ptII/ptolemy/actor/lib/test/auto/DisplayArray.xml (RunModel)" time="0.008" />
  <testcase classname="ptolemy.util.test.junit.AutoTests" name="[138] /home/travis/build/icyphy/ptII/ptolemy/actor/lib/test/auto/Distributor.xml (RunModel)" time="0.008" />
  <testcase classname="ptolemy.util.test.junit.AutoTests" name="[139] /home/travis/build/icyphy/ptII/ptolemy/actor/lib/test/auto/Distributor2.xml (RunModel)" time="0.011" />
  <testcase classname="ptolemy.util.test.junit.AutoTests" name="[140] /home/travis/build/icyphy/ptII/ptolemy/actor/lib/test/auto/DownSample.xml (RunModel)" time="0.008" />
  <testcase classname="ptolemy.util.test.junit.AutoTests" name="[141] /home/travis/build/icyphy/ptII/ptolemy/actor/lib/test/auto/ElectronicUnitBase1.xml (RunModel)" time="0.093" />
  <testcase classname="ptolemy.util.test.junit.AutoTests" name="[142] /home/travis/build/icyphy/ptII/ptolemy/actor/lib/test/auto/ElementsToArray.xml (RunModel)" time="0.011" />
  <testcase classname="ptolemy.util.test.junit.AutoTests" name="[143] /home/travis/build/icyphy/ptII/ptolemy/actor/lib/test/auto/Equals.xml (RunModel)" time="0.012" />
  <testcase classname="ptolemy.util.test.junit.AutoTests" name="[144] /home/travis/build/icyphy/ptII/ptolemy/actor/lib/test/auto/Exec.xml (RunModel)" time="0.026" />
  <testcase classname="ptolemy.util.test.junit.AutoTests" name="[145] /home/travis/build/icyphy/ptII/ptolemy/actor/lib/test/auto/ExecEnvironment.xml (RunModel)" time="0.046" />
  <testcase classname="ptolemy.util.test.junit.AutoTests" name="[146] /home/travis/build/icyphy/ptII/ptolemy/actor/lib/test/auto/ExecNonZeroReturnOutput.xml (RunModel)" time="0.181" />
  <testcase classname="ptolemy.util.test.junit.AutoTests" name="[147] /home/travis/build/icyphy/ptII/ptolemy/actor/lib/test/auto/ExecRunDemos.xml (RunModel)" time="9.969" />
  <testcase classname="ptolemy.util.test.junit.AutoTests" name="[148] /home/travis/build/icyphy/ptII/ptolemy/actor/lib/test/auto/ExecStop.xml (RunModel)" time="5.028" />
  <testcase classname="ptolemy.util.test.junit.AutoTests" name="[149] /home/travis/build/icyphy/ptII/ptolemy/actor/lib/test/auto/ExecutionTimeSDF.xml (RunModel)" time="6.033" />
  <testcase classname="ptolemy.util.test.junit.AutoTests" name="[150] /home/travis/build/icyphy/ptII/ptolemy/actor/lib/test/auto/Expression1.xml (RunModel)" time="0.022" />
  <testcase classname="ptolemy.util.test.junit.AutoTests" name="[151] /home/travis/build/icyphy/ptII/ptolemy/actor/lib/test/auto/Expression10.xml (RunModel)" time="0.017" />
  <testcase classname="ptolemy.util.test.junit.AutoTests" name="[152] /home/travis/build/icyphy/ptII/ptolemy/actor/lib/test/auto/Expression11.xml (RunModel)" time="0.01" />
  <testcase classname="ptolemy.util.test.junit.AutoTests" name="[153] /home/travis/build/icyphy/ptII/ptolemy/actor/lib/test/auto/Expression12.xml (RunModel)" time="0.012" />
  <testcase classname="ptolemy.util.test.junit.AutoTests" name="[154] /home/travis/build/icyphy/ptII/ptolemy/actor/lib/test/auto/Expression13.xml (RunModel)" time="0.011" />
  <testcase classname="ptolemy.util.test.junit.AutoTests" name="[155] /home/travis/build/icyphy/ptII/ptolemy/actor/lib/test/auto/Expression14.xml (RunModel)" time="0.017" />
  <testcase classname="ptolemy.util.test.junit.AutoTests" name="[156] /home/travis/build/icyphy/ptII/ptolemy/actor/lib/test/auto/Expression15.xml (RunModel)" time="0.005" />
  <testcase classname="ptolemy.util.test.junit.AutoTests" name="[157] /home/travis/build/icyphy/ptII/ptolemy/actor/lib/test/auto/Expression16.xml (RunModel)" time="0.011" />
  <testcase classname="ptolemy.util.test.junit.AutoTests" name="[158] /home/travis/build/icyphy/ptII/ptolemy/actor/lib/test/auto/Expression17.xml (RunModel)" time="0.009" />
  <testcase classname="ptolemy.util.test.junit.AutoTests" name="[159] /home/travis/build/icyphy/ptII/ptolemy/actor/lib/test/auto/Expression18.xml (RunModel)" time="0.011" />
  <testcase classname="ptolemy.util.test.junit.AutoTests" name="[160] /home/travis/build/icyphy/ptII/ptolemy/actor/lib/test/auto/Expression2.xml (RunModel)" time="0.011" />
  <testcase classname="ptolemy.util.test.junit.AutoTests" name="[161] /home/travis/build/icyphy/ptII/ptolemy/actor/lib/test/auto/Expression3.xml (RunModel)" time="0.015" />
  <testcase classname="ptolemy.util.test.junit.AutoTests" name="[162] /home/travis/build/icyphy/ptII/ptolemy/actor/lib/test/auto/Expression4.xml (RunModel)" time="0.016" />
  <testcase classname="ptolemy.util.test.junit.AutoTests" name="[163] /home/travis/build/icyphy/ptII/ptolemy/actor/lib/test/auto/Expression5.xml (RunModel)" time="0.011" />
  <testcase classname="ptolemy.util.test.junit.AutoTests" name="[164] /home/travis/build/icyphy/ptII/ptolemy/actor/lib/test/auto/Expression6.xml (RunModel)" time="0.008" />
  <testcase classname="ptolemy.util.test.junit.AutoTests" name="[165] /home/travis/build/icyphy/ptII/ptolemy/actor/lib/test/auto/Expression7.xml (RunModel)" time="0.011" />
  <testcase classname="ptolemy.util.test.junit.AutoTests" name="[166] /home/travis/build/icyphy/ptII/ptolemy/actor/lib/test/auto/Expression8.xml (RunModel)" time="0.014" />
  <testcase classname="ptolemy.util.test.junit.AutoTests" name="[167] /home/travis/build/icyphy/ptII/ptolemy/actor/lib/test/auto/Expression9.xml (RunModel)" time="0.008" />
  <testcase classname="ptolemy.util.test.junit.AutoTests" name="[168] /home/travis/build/icyphy/ptII/ptolemy/actor/lib/test/auto/ExpressionConcatenateArrayType.xml (RunModel)" time="0.022" />
  <testcase classname="ptolemy.util.test.junit.AutoTests" name="[169] /home/travis/build/icyphy/ptII/ptolemy/actor/lib/test/auto/ExpressionConcatenateArrayType2.xml (RunModel)" time="0.018" />
  <testcase classname="ptolemy.util.test.junit.AutoTests" name="[170] /home/travis/build/icyphy/ptII/ptolemy/actor/lib/test/auto/ExpressionFix.xml (RunModel)" time="0.043" />
  <testcase classname="ptolemy.util.test.junit.AutoTests" name="[171] /home/travis/build/icyphy/ptII/ptolemy/actor/lib/test/auto/ExpressionFix2.xml (RunModel)" time="0.011" />
  <testcase classname="ptolemy.util.test.junit.AutoTests" name="[172] /home/travis/build/icyphy/ptII/ptolemy/actor/lib/test/auto/ExpressionFix3.xml (RunModel)" time="0.007" />
  <testcase classname="ptolemy.util.test.junit.AutoTests" name="[173] /home/travis/build/icyphy/ptII/ptolemy/actor/lib/test/auto/FileWriter1.xml (RunModel)" time="0.01" />
  <testcase classname="ptolemy.util.test.junit.AutoTests" name="[174] /home/travis/build/icyphy/ptII/ptolemy/actor/lib/test/auto/FileWriter2.xml (RunModel)" time="0.008" />
  <testcase classname="ptolemy.util.test.junit.AutoTests" name="[175] /home/travis/build/icyphy/ptII/ptolemy/actor/lib/test/auto/FileWriter3.xml (RunModel)" time="0.01" />
  <testcase classname="ptolemy.util.test.junit.AutoTests" name="[176] /home/travis/build/icyphy/ptII/ptolemy/actor/lib/test/auto/Gaussian.xml (RunModel)" time="0.01" />
  <testcase classname="ptolemy.util.test.junit.AutoTests" name="[177] /home/travis/build/icyphy/ptII/ptolemy/actor/lib/test/auto/Gaussian1.xml (RunModel)" time="0.01" />
  <testcase classname="ptolemy.util.test.junit.AutoTests" name="[178] /home/travis/build/icyphy/ptII/ptolemy/actor/lib/test/auto/Gaussian2.xml (RunModel)" time="0.021" />
  <testcase classname="ptolemy.util.test.junit.AutoTests" name="[179] /home/travis/build/icyphy/ptII/ptolemy/actor/lib/test/auto/GradientAdaptiveLattice.xml (RunModel)" time="0.034" />
  <testcase classname="ptolemy.util.test.junit.AutoTests" name="[180] /home/travis/build/icyphy/ptII/ptolemy/actor/lib/test/auto/IIR.xml (RunModel)" time="0.008" />
  <testcase classname="ptolemy.util.test.junit.AutoTests" name="[181] /home/travis/build/icyphy/ptII/ptolemy/actor/lib/test/auto/InputOutputTransparentPorts.xml (RunModel)" time="0.017" />
  <testcase classname="ptolemy.util.test.junit.AutoTests" name="[182] /home/travis/build/icyphy/ptII/ptolemy/actor/lib/test/auto/Interpolator.xml (RunModel)" time="0.011" />
  <testcase classname="ptolemy.util.test.junit.AutoTests" name="[183] /home/travis/build/icyphy/ptII/ptolemy/actor/lib/test/auto/InterpolatorFiringLimitDE.xml (RunModel)" time="0.014" />
  <testcase classname="ptolemy.util.test.junit.AutoTests" name="[184] /home/travis/build/icyphy/ptII/ptolemy/actor/lib/test/auto/Lattice.xml (RunModel)" time="0.007" />
  <testcase classname="ptolemy.util.test.junit.AutoTests" name="[185] /home/travis/build/icyphy/ptII/ptolemy/actor/lib/test/auto/LazyAOCTestLazy.xml (RunModel)" time="0.019" />
  <testcase classname="ptolemy.util.test.junit.AutoTests" name="[186] /home/travis/build/icyphy/ptII/ptolemy/actor/lib/test/auto/LazyAOCTestNonLazy.xml (RunModel)" time="0.034" />
  <testcase classname="ptolemy.util.test.junit.AutoTests" name="[187] /home/travis/build/icyphy/ptII/ptolemy/actor/lib/test/auto/LazyInnerClass.xml (RunModel)" time="0.045" />
  <testcase classname="ptolemy.util.test.junit.AutoTests" name="[188] /home/travis/build/icyphy/ptII/ptolemy/actor/lib/test/auto/LazyPubSub.xml (RunModel)" time="0.062" />
  <testcase classname="ptolemy.util.test.junit.AutoTests" name="[189] /home/travis/build/icyphy/ptII/ptolemy/actor/lib/test/auto/LazyPubSub2.xml (RunModel)" time="0.029" />
  <testcase classname="ptolemy.util.test.junit.AutoTests" name="[190] /home/travis/build/icyphy/ptII/ptolemy/actor/lib/test/auto/LazyPubSub3.xml (RunModel)" time="0.021" />
  <testcase classname="ptolemy.util.test.junit.AutoTests" name="[191] /home/travis/build/icyphy/ptII/ptolemy/actor/lib/test/auto/LazySubClassModel.xml (RunModel)" time="0.016" />
  <testcase classname="ptolemy.util.test.junit.AutoTests" name="[192] /home/travis/build/icyphy/ptII/ptolemy/actor/lib/test/auto/LevelCrossTest1.xml (RunModel)" time="0.008" />
  <testcase classname="ptolemy.util.test.junit.AutoTests" name="[193] /home/travis/build/icyphy/ptII/ptolemy/actor/lib/test/auto/LevelCrossTest10.xml (RunModel)" time="0.011" />
  <testcase classname="ptolemy.util.test.junit.AutoTests" name="[194] /home/travis/build/icyphy/ptII/ptolemy/actor/lib/test/auto/LevelCrossTest11.xml (RunModel)" time="0.01" />
  <testcase classname="ptolemy.util.test.junit.AutoTests" name="[195] /home/travis/build/icyphy/ptII/ptolemy/actor/lib/test/auto/LevelCrossTest12.xml (RunModel)" time="0.01" />
  <testcase classname="ptolemy.util.test.junit.AutoTests" name="[196] /home/travis/build/icyphy/ptII/ptolemy/actor/lib/test/auto/LevelCrossTest13.xml (RunModel)" time="0.011" />
  <testcase classname="ptolemy.util.test.junit.AutoTests" name="[197] /home/travis/build/icyphy/ptII/ptolemy/actor/lib/test/auto/LevelCrossTest2.xml (RunModel)" time="0.014" />
  <testcase classname="ptolemy.util.test.junit.AutoTests" name="[198] /home/travis/build/icyphy/ptII/ptolemy/actor/lib/test/auto/LevelCrossTest3.xml (RunModel)" time="0.01" />
  <testcase classname="ptolemy.util.test.junit.AutoTests" name="[199] /home/travis/build/icyphy/ptII/ptolemy/actor/lib/test/auto/LevelCrossTest4.xml (RunModel)" time="0.009" />
  <testcase classname="ptolemy.util.test.junit.AutoTests" name="[200] /home/travis/build/icyphy/ptII/ptolemy/actor/lib/test/auto/LevelCrossTest5.xml (RunModel)" time="0.013" />
  <testcase classname="ptolemy.util.test.junit.AutoTests" name="[201] /home/travis/build/icyphy/ptII/ptolemy/actor/lib/test/auto/LevelCrossTest6.xml (RunModel)" time="0.012" />
  <testcase classname="ptolemy.util.test.junit.AutoTests" name="[202] /home/travis/build/icyphy/ptII/ptolemy/actor/lib/test/auto/LevelCrossTest7.xml (RunModel)" time="0.012" />
  <testcase classname="ptolemy.util.test.junit.AutoTests" name="[203] /home/travis/build/icyphy/ptII/ptolemy/actor/lib/test/auto/LevelCrossTest8.xml (RunModel)" time="0.011" />
  <testcase classname="ptolemy.util.test.junit.AutoTests" name="[204] /home/travis/build/icyphy/ptII/ptolemy/actor/lib/test/auto/LevelCrossTest9.xml (RunModel)" time="0.012" />
  <testcase classname="ptolemy.util.test.junit.AutoTests" name="[205] /home/travis/build/icyphy/ptII/ptolemy/actor/lib/test/auto/LevinsonDurbin.xml (RunModel)" time="0.008" />
  <testcase classname="ptolemy.util.test.junit.AutoTests" name="[206] /home/travis/build/icyphy/ptII/ptolemy/actor/lib/test/auto/LevinsonDurbin2.xml (RunModel)" time="0.007" />
  <testcase classname="ptolemy.util.test.junit.AutoTests" name="[207] /home/travis/build/icyphy/ptII/ptolemy/actor/lib/test/auto/LevinsonDurbin3.xml (RunModel)" time="0.009" />
  <testcase classname="ptolemy.util.test.junit.AutoTests" name="[208] /home/travis/build/icyphy/ptII/ptolemy/actor/lib/test/auto/Limiter.xml (RunModel)" time="0.034" />
  <testcase classname="ptolemy.util.test.junit.AutoTests" name="[209] /home/travis/build/icyphy/ptII/ptolemy/actor/lib/test/auto/LinearDifferenceEquationSystem.xml (RunModel)" time="0.02" />
  <testcase classname="ptolemy.util.test.junit.AutoTests" name="[210] /home/travis/build/icyphy/ptII/ptolemy/actor/lib/test/auto/LookupTable.xml (RunModel)" time="0.008" />
  <testcase classname="ptolemy.util.test.junit.AutoTests" name="[211] /home/travis/build/icyphy/ptII/ptolemy/actor/lib/test/auto/MathFunction.xml (RunModel)" time="0.022" />
  <testcase classname="ptolemy.util.test.junit.AutoTests" name="[212] /home/travis/build/icyphy/ptII/ptolemy/actor/lib/test/auto/MathFunction2.xml (RunModel)" time="0.013" />
  <testcase classname="ptolemy.util.test.junit.AutoTests" name="[213] /home/travis/build/icyphy/ptII/ptolemy/actor/lib/test/auto/MathFunction3.xml (RunModel)" time="0.015" />
  <testcase classname="ptolemy.util.test.junit.AutoTests" name="[214] /home/travis/build/icyphy/ptII/ptolemy/actor/lib/test/auto/MatrixCropBoolean.xml (RunModel)" time="0.01" />
  <testcase classname="ptolemy.util.test.junit.AutoTests" name="[215] /home/travis/build/icyphy/ptII/ptolemy/actor/lib/test/auto/MatrixCropComplex.xml (RunModel)" time="0.008" />
  <testcase classname="ptolemy.util.test.junit.AutoTests" name="[216] /home/travis/build/icyphy/ptII/ptolemy/actor/lib/test/auto/MatrixCropDouble.xml (RunModel)" time="0.008" />
  <testcase classname="ptolemy.util.test.junit.AutoTests" name="[217] /home/travis/build/icyphy/ptII/ptolemy/actor/lib/test/auto/MatrixCropFix.xml (RunModel)" time="0.015" />
  <testcase classname="ptolemy.util.test.junit.AutoTests" name="[218] /home/travis/build/icyphy/ptII/ptolemy/actor/lib/test/auto/MatrixCropInt.xml (RunModel)" time="0.007" />
  <testcase classname="ptolemy.util.test.junit.AutoTests" name="[219] /home/travis/build/icyphy/ptII/ptolemy/actor/lib/test/auto/MatrixCropLong.xml (RunModel)" time="0.007" />
  <testcase classname="ptolemy.util.test.junit.AutoTests" name="[220] /home/travis/build/icyphy/ptII/ptolemy/actor/lib/test/auto/MatrixToArray.xml (RunModel)" time="0.055" />
  <testcase classname="ptolemy.util.test.junit.AutoTests" name="[221] /home/travis/build/icyphy/ptII/ptolemy/actor/lib/test/auto/MaxIndex.xml (RunModel)" time="0.014" />
  <testcase classname="ptolemy.util.test.junit.AutoTests" name="[222] /home/travis/build/icyphy/ptII/ptolemy/actor/lib/test/auto/Maximum.xml (RunModel)" time="0.013" />
  <testcase classname="ptolemy.util.test.junit.AutoTests" name="[223] /home/travis/build/icyphy/ptII/ptolemy/actor/lib/test/auto/MaximumComplex.xml (RunModel)" time="0.018" />
  <testcase classname="ptolemy.util.test.junit.AutoTests" name="[224] /home/travis/build/icyphy/ptII/ptolemy/actor/lib/test/auto/MethodCallTest.xml (RunModel)" time="0.02" />
  <testcase classname="ptolemy.util.test.junit.AutoTests" name="[225] /home/travis/build/icyphy/ptII/ptolemy/actor/lib/test/auto/Minimum.xml (RunModel)" time="0.013" />
  <testcase classname="ptolemy.util.test.junit.AutoTests" name="[226] /home/travis/build/icyphy/ptII/ptolemy/actor/lib/test/auto/MinimumComplex.xml (RunModel)" time="0.021" />
  <testcase classname="ptolemy.util.test.junit.AutoTests" name="[227] /home/travis/build/icyphy/ptII/ptolemy/actor/lib/test/auto/MinimumMultiports.xml (RunModel)" time="0.031" />
  <testcase classname="ptolemy.util.test.junit.AutoTests" name="[228] /home/travis/build/icyphy/ptII/ptolemy/actor/lib/test/auto/ModifyDate.xml (RunModel)" time="0.036" />
  <testcase classname="ptolemy.util.test.junit.AutoTests" name="[229] /home/travis/build/icyphy/ptII/ptolemy/actor/lib/test/auto/ModifyDate2.xml (RunModel)" time="0.022" />
  <testcase classname="ptolemy.util.test.junit.AutoTests" name="[230] /home/travis/build/icyphy/ptII/ptolemy/actor/lib/test/auto/MovingAverage.xml (RunModel)" time="0.009" />
  <testcase classname="ptolemy.util.test.junit.AutoTests" name="[231] /home/travis/build/icyphy/ptII/ptolemy/actor/lib/test/auto/MovingMaximum.xml (RunModel)" time="0.009" />
  <testcase classname="ptolemy.util.test.junit.AutoTests" name="[232] /home/travis/build/icyphy/ptII/ptolemy/actor/lib/test/auto/MultipleLinksToSameRelation.xml (RunModel)" time="0.006" />
  <testcase classname="ptolemy.util.test.junit.AutoTests" name="[233] /home/travis/build/icyphy/ptII/ptolemy/actor/lib/test/auto/MultipleLinksToSameRelationDE.xml (RunModel)" time="0.014" />
  <testcase classname="ptolemy.util.test.junit.AutoTests" name="[234] /home/travis/build/icyphy/ptII/ptolemy/actor/lib/test/auto/Multiplexor.xml (RunModel)" time="0.014" />
  <testcase classname="ptolemy.util.test.junit.AutoTests" name="[235] /home/travis/build/icyphy/ptII/ptolemy/actor/lib/test/auto/Multiplexor1.xml (RunModel)" time="0.01" />
  <testcase classname="ptolemy.util.test.junit.AutoTests" name="[236] /home/travis/build/icyphy/ptII/ptolemy/actor/lib/test/auto/Multiplexor2.xml (RunModel)" time="0.015" />
  <testcase classname="ptolemy.util.test.junit.AutoTests" name="[237] /home/travis/build/icyphy/ptII/ptolemy/actor/lib/test/auto/Multiplexor3.xml (RunModel)" time="0.007" />
  <testcase classname="ptolemy.util.test.junit.AutoTests" name="[238] /home/travis/build/icyphy/ptII/ptolemy/actor/lib/test/auto/MultiplexorDE.xml (RunModel)" time="0.013" />
  <testcase classname="ptolemy.util.test.junit.AutoTests" name="[239] /home/travis/build/icyphy/ptII/ptolemy/actor/lib/test/auto/MultiportBroadcastTest.xml (RunModel)" time="0.085" />
  <testcase classname="ptolemy.util.test.junit.AutoTests" name="[240] /home/travis/build/icyphy/ptII/ptolemy/actor/lib/test/auto/MultiportOutHangDuringGetWidth.xml (RunModel)" time="0.038" />
  <testcase classname="ptolemy.util.test.junit.AutoTests" name="[241] /home/travis/build/icyphy/ptII/ptolemy/actor/lib/test/auto/NilToken.xml (RunModel)" time="0.01" />
  <testcase classname="ptolemy.util.test.junit.AutoTests" name="[242] /home/travis/build/icyphy/ptII/ptolemy/actor/lib/test/auto/NilTokenNonStrictTest.xml (RunModel)" time="0.009" />
  <testcase classname="ptolemy.util.test.junit.AutoTests" name="[243] /home/travis/build/icyphy/ptII/ptolemy/actor/lib/test/auto/NilTokenRecord.xml (RunModel)" time="0.02" />
  <testcase classname="ptolemy.util.test.junit.AutoTests" name="[244] /home/travis/build/icyphy/ptII/ptolemy/actor/lib/test/auto/NilTokenTypeTest.xml (RunModel)" time="0.022" />
  <testcase classname="ptolemy.util.test.junit.AutoTests" name="[245] /home/travis/build/icyphy/ptII/ptolemy/actor/lib/test/auto/ObjectToken1.xml (RunModel)" time="0.009" />
  <testcase classname="ptolemy.util.test.junit.AutoTests" name="[246] /home/travis/build/icyphy/ptII/ptolemy/actor/lib/test/auto/OrderedMerge.xml (RunModel)" time="0.019" />
  <testcase classname="ptolemy.util.test.junit.AutoTests" name="[247] /home/travis/build/icyphy/ptII/ptolemy/actor/lib/test/auto/OrderedRecordDisassembler.xml (RunModel)" time="0.011" />
  <testcase classname="ptolemy.util.test.junit.AutoTests" name="[248] /home/travis/build/icyphy/ptII/ptolemy/actor/lib/test/auto/OrderedRecordDisassembler2.xml (RunModel)" time="0.018" />
  <testcase classname="ptolemy.util.test.junit.AutoTests" name="[249] /home/travis/build/icyphy/ptII/ptolemy/actor/lib/test/auto/OrderedRecordUpdater.xml (RunModel)" time="0.011" />
  <testcase classname="ptolemy.util.test.junit.AutoTests" name="[250] /home/travis/build/icyphy/ptII/ptolemy/actor/lib/test/auto/OrderedRecordUpdater2.xml (RunModel)" time="0.014" />
  <testcase classname="ptolemy.util.test.junit.AutoTests" name="[251] /home/travis/build/icyphy/ptII/ptolemy/actor/lib/test/auto/PhaseUnwrap.xml (RunModel)" time="0.011" />
  <testcase classname="ptolemy.util.test.junit.AutoTests" name="[252] /home/travis/build/icyphy/ptII/ptolemy/actor/lib/test/auto/PoissonClock.xml (RunModel)" time="0.006" />
  <testcase classname="ptolemy.util.test.junit.AutoTests" name="[253] /home/travis/build/icyphy/ptII/ptolemy/actor/lib/test/auto/PoissonClock2.xml (RunModel)" time="0.005" />
  <testcase classname="ptolemy.util.test.junit.AutoTests" name="[254] /home/travis/build/icyphy/ptII/ptolemy/actor/lib/test/auto/PoissonClock3.xml (RunModel)" time="0.031" />
  <testcase classname="ptolemy.util.test.junit.AutoTests" name="[255] /home/travis/build/icyphy/ptII/ptolemy/actor/lib/test/auto/PubSubWithInitialTokens.xml (RunModel)" time="0.012" />
  <testcase classname="ptolemy.util.test.junit.AutoTests" name="[256] /home/travis/build/icyphy/ptII/ptolemy/actor/lib/test/auto/PubSubWithInitialTokens2.xml (RunModel)" time="0.011" />
  <testcase classname="ptolemy.util.test.junit.AutoTests" name="[257] /home/travis/build/icyphy/ptII/ptolemy/actor/lib/test/auto/PublisherClassNoParameter.xml (RunModel)" time="0.02" />
  <testcase classname="ptolemy.util.test.junit.AutoTests" name="[258] /home/travis/build/icyphy/ptII/ptolemy/actor/lib/test/auto/PublisherClassParameter.xml (RunModel)" time="0.017" />
  <testcase classname="ptolemy.util.test.junit.AutoTests" name="[259] /home/travis/build/icyphy/ptII/ptolemy/actor/lib/test/auto/PublisherNonStrictTest.xml (RunModel)" time="0.012" />
  <testcase classname="ptolemy.util.test.junit.AutoTests" name="[260] /home/travis/build/icyphy/ptII/ptolemy/actor/lib/test/auto/PublisherPort1.xml (RunModel)" time="0.008" />
  <testcase classname="ptolemy.util.test.junit.AutoTests" name="[261] /home/travis/build/icyphy/ptII/ptolemy/actor/lib/test/auto/PublisherPort2.xml (RunModel)" time="0.007" />
  <testcase classname="ptolemy.util.test.junit.AutoTests" name="[262] /home/travis/build/icyphy/ptII/ptolemy/actor/lib/test/auto/PublisherPort3.xml (RunModel)" time="0.019" />
  <testcase classname="ptolemy.util.test.junit.AutoTests" name="[263] /home/travis/build/icyphy/ptII/ptolemy/actor/lib/test/auto/PublisherPort4.xml (RunModel)" time="0.013" />
  <testcase classname="ptolemy.util.test.junit.AutoTests" name="[264] /home/travis/build/icyphy/ptII/ptolemy/actor/lib/test/auto/PublisherPort5.xml (RunModel)" time="0.012" />
  <testcase classname="ptolemy.util.test.junit.AutoTests" name="[265] /home/travis/build/icyphy/ptII/ptolemy/actor/lib/test/auto/PublisherPort5LookAlike.xml (RunModel)" time="0.016" />
  <testcase classname="ptolemy.util.test.junit.AutoTests" name="[266] /home/travis/build/icyphy/ptII/ptolemy/actor/lib/test/auto/PublisherPort6.xml (RunModel)" time="0.009" />
  <testcase classname="ptolemy.util.test.junit.AutoTests" name="[267] /home/travis/build/icyphy/ptII/ptolemy/actor/lib/test/auto/PublisherPort7.xml (RunModel)" time="0.013" />
  <testcase classname="ptolemy.util.test.junit.AutoTests" name="[268] /home/travis/build/icyphy/ptII/ptolemy/actor/lib/test/auto/PublisherPort8.xml (RunModel)" time="0.013" />
  <testcase classname="ptolemy.util.test.junit.AutoTests" name="[269] /home/travis/build/icyphy/ptII/ptolemy/actor/lib/test/auto/PublisherPortSubscriberChannelVariablesAOC2.xml (RunModel)" time="0.046" />
  <testcase classname="ptolemy.util.test.junit.AutoTests" name="[270] /home/travis/build/icyphy/ptII/ptolemy/actor/lib/test/auto/PublisherPortSubscriberOpaqueWidthInference.xml (RunModel)" time="0.012" />
  <testcase classname="ptolemy.util.test.junit.AutoTests" name="[271] /home/travis/build/icyphy/ptII/ptolemy/actor/lib/test/auto/PublisherPortSubscriberPortAdjacent.xml (RunModel)" time="0.015" />
  <testcase classname="ptolemy.util.test.junit.AutoTests" name="[272] /home/travis/build/icyphy/ptII/ptolemy/actor/lib/test/auto/PublisherPortSubscriberPortExpression.xml (RunModel)" time="0.013" />
  <testcase classname="ptolemy.util.test.junit.AutoTests" name="[273] /home/travis/build/icyphy/ptII/ptolemy/actor/lib/test/auto/PublisherPortSubscriberPortOpaqueD3Reverse.xml (RunModel)" time="0.043" />
  <testcase classname="ptolemy.util.test.junit.AutoTests" name="[274] /home/travis/build/icyphy/ptII/ptolemy/actor/lib/test/auto/PublisherPortSubscriberPortOpaqueWidthInference.xml (RunModel)" time="0.013" />
  <testcase classname="ptolemy.util.test.junit.AutoTests" name="[275] /home/travis/build/icyphy/ptII/ptolemy/actor/lib/test/auto/PublisherPortToplevelSubscriberPortAOC.xml (RunModel)" time="0.011" />
  <testcase classname="ptolemy.util.test.junit.AutoTests" name="[276] /home/travis/build/icyphy/ptII/ptolemy/actor/lib/test/auto/PublisherSubscriber.xml (RunModel)" time="0.01" />
  <testcase classname="ptolemy.util.test.junit.AutoTests" name="[277] /home/travis/build/icyphy/ptII/ptolemy/actor/lib/test/auto/PublisherSubscriber10.xml (RunModel)" time="0.017" />
  <testcase classname="ptolemy.util.test.junit.AutoTests" name="[278] /home/travis/build/icyphy/ptII/ptolemy/actor/lib/test/auto/PublisherSubscriber10InitialOutputs.xml (RunModel)" time="0.026" />
  <testcase classname="ptolemy.util.test.junit.AutoTests" name="[279] /home/travis/build/icyphy/ptII/ptolemy/actor/lib/test/auto/PublisherSubscriber11.xml (RunModel)" time="0.011" />
  <testcase classname="ptolemy.util.test.junit.AutoTests" name="[280] /home/travis/build/icyphy/ptII/ptolemy/actor/lib/test/auto/PublisherSubscriber12.xml (RunModel)" time="0.03" />
  <testcase classname="ptolemy.util.test.junit.AutoTests" name="[281] /home/travis/build/icyphy/ptII/ptolemy/actor/lib/test/auto/PublisherSubscriber13.xml (RunModel)" time="0.009" />
  <testcase classname="ptolemy.util.test.junit.AutoTests" name="[282] /home/travis/build/icyphy/ptII/ptolemy/actor/lib/test/auto/PublisherSubscriber14.xml (RunModel)" time="0.018" />
  <testcase classname="ptolemy.util.test.junit.AutoTests" name="[283] /home/travis/build/icyphy/ptII/ptolemy/actor/lib/test/auto/PublisherSubscriber2.xml (RunModel)" time="0.007" />
  <testcase classname="ptolemy.util.test.junit.AutoTests" name="[284] /home/travis/build/icyphy/ptII/ptolemy/actor/lib/test/auto/PublisherSubscriber3.xml (RunModel)" time="0.007" />
  <testcase classname="ptolemy.util.test.junit.AutoTests" name="[285] /home/travis/build/icyphy/ptII/ptolemy/actor/lib/test/auto/PublisherSubscriber4.xml (RunModel)" time="0.007" />
  <testcase classname="ptolemy.util.test.junit.AutoTests" name="[286] /home/travis/build/icyphy/ptII/ptolemy/actor/lib/test/auto/PublisherSubscriber5.xml (RunModel)" time="0.01" />
  <testcase classname="ptolemy.util.test.junit.AutoTests" name="[287] /home/travis/build/icyphy/ptII/ptolemy/actor/lib/test/auto/PublisherSubscriber6.xml (RunModel)" time="0.011" />
  <testcase classname="ptolemy.util.test.junit.AutoTests" name="[288] /home/travis/build/icyphy/ptII/ptolemy/actor/lib/test/auto/PublisherSubscriber7.xml (RunModel)" time="0.015" />
  <testcase classname="ptolemy.util.test.junit.AutoTests" name="[289] /home/travis/build/icyphy/ptII/ptolemy/actor/lib/test/auto/PublisherSubscriber8.xml (RunModel)" time="0.028" />
  <testcase classname="ptolemy.util.test.junit.AutoTests" name="[290] /home/travis/build/icyphy/ptII/ptolemy/actor/lib/test/auto/PublisherSubscriber9.xml (RunModel)" time="0.017" />
  <testcase classname="ptolemy.util.test.junit.AutoTests" name="[291] /home/travis/build/icyphy/ptII/ptolemy/actor/lib/test/auto/PublisherSubscriberAdjacent.xml (RunModel)" time="0.014" />
  <testcase classname="ptolemy.util.test.junit.AutoTests" name="[292] /home/travis/build/icyphy/ptII/ptolemy/actor/lib/test/auto/PublisherSubscriberChannelVariablesAOC2.xml (RunModel)" time="0.024" />
  <testcase classname="ptolemy.util.test.junit.AutoTests" name="[293] /home/travis/build/icyphy/ptII/ptolemy/actor/lib/test/auto/PublisherSubscriberD3.xml (RunModel)" time="0.011" />
  <testcase classname="ptolemy.util.test.junit.AutoTests" name="[294] /home/travis/build/icyphy/ptII/ptolemy/actor/lib/test/auto/PublisherSubscriberD3Reverse.xml (RunModel)" time="0.011" />
  <testcase classname="ptolemy.util.test.junit.AutoTests" name="[295] /home/travis/build/icyphy/ptII/ptolemy/actor/lib/test/auto/PublisherSubscriberExpression.xml (RunModel)" time="0.014" />
  <testcase classname="ptolemy.util.test.junit.AutoTests" name="[296] /home/travis/build/icyphy/ptII/ptolemy/actor/lib/test/auto/PublisherSubscriberOpaque.xml (RunModel)" time="0.013" />
  <testcase classname="ptolemy.util.test.junit.AutoTests" name="[297] /home/travis/build/icyphy/ptII/ptolemy/actor/lib/test/auto/PublisherSubscriberOpaqueD3.xml (RunModel)" time="0.019" />
  <testcase classname="ptolemy.util.test.junit.AutoTests" name="[298] /home/travis/build/icyphy/ptII/ptolemy/actor/lib/test/auto/PublisherSubscriberOpaqueD3Reverse.xml (RunModel)" time="0.019" />
  <testcase classname="ptolemy.util.test.junit.AutoTests" name="[299] /home/travis/build/icyphy/ptII/ptolemy/actor/lib/test/auto/PublisherSubscriberOpaqueWidthInference.xml (RunModel)" time="0.012" />
  <testcase classname="ptolemy.util.test.junit.AutoTests" name="[300] /home/travis/build/icyphy/ptII/ptolemy/actor/lib/test/auto/PublisherTestSubscriber.xml (RunModel)" time="0.012" />
  <testcase classname="ptolemy.util.test.junit.AutoTests" name="[301] /home/travis/build/icyphy/ptII/ptolemy/actor/lib/test/auto/PublisherToplevelSubscriberPortAOC.xml (RunModel)" time="0.009" />
  <testcase classname="ptolemy.util.test.junit.AutoTests" name="[302] /home/travis/build/icyphy/ptII/ptolemy/actor/lib/test/auto/PulseFiringLimitDE.xml (RunModel)" time="0.013" />
  <testcase classname="ptolemy.util.test.junit.AutoTests" name="[303] /home/travis/build/icyphy/ptII/ptolemy/actor/lib/test/auto/Ramp1.xml (RunModel)" time="0.005" />
  <testcase classname="ptolemy.util.test.junit.AutoTests" name="[304] /home/travis/build/icyphy/ptII/ptolemy/actor/lib/test/auto/RampFiringLimitDE.xml (RunModel)" time="0.008" />
  <testcase classname="ptolemy.util.test.junit.AutoTests" name="[305] /home/travis/build/icyphy/ptII/ptolemy/actor/lib/test/auto/RampFiringLimitSDF.xml (RunModel)" time="0.008" />
  <testcase classname="ptolemy.util.test.junit.AutoTests" name="[306] /home/travis/build/icyphy/ptII/ptolemy/actor/lib/test/auto/RandomInteger.xml (RunModel)" time="0.007" />
  <testcase classname="ptolemy.util.test.junit.AutoTests" name="[307] /home/travis/build/icyphy/ptII/ptolemy/actor/lib/test/auto/ReadFile1.xml (RunModel)" time="0.006" />
  <testcase classname="ptolemy.util.test.junit.AutoTests" name="[308] /home/travis/build/icyphy/ptII/ptolemy/actor/lib/test/auto/ReadFile2.xml (RunModel)" time="0.008" />
  <testcase classname="ptolemy.util.test.junit.AutoTests" name="[309] /home/travis/build/icyphy/ptII/ptolemy/actor/lib/test/auto/Reader.xml (RunModel)" time="0.009" />
  <testcase classname="ptolemy.util.test.junit.AutoTests" name="[310] /home/travis/build/icyphy/ptII/ptolemy/actor/lib/test/auto/RecordAssemblerDisplayNameTest.xml (RunModel)" time="3.025" />
  <testcase classname="ptolemy.util.test.junit.AutoTests" name="[311] /home/travis/build/icyphy/ptII/ptolemy/actor/lib/test/auto/RecordAssemblerTypeError.xml (RunModel)" time="0.029" />
  <testcase classname="ptolemy.util.test.junit.AutoTests" name="[312] /home/travis/build/icyphy/ptII/ptolemy/actor/lib/test/auto/RecordDisassember.xml (RunModel)" time="0.016" />
  <testcase classname="ptolemy.util.test.junit.AutoTests" name="[313] /home/travis/build/icyphy/ptII/ptolemy/actor/lib/test/auto/RecordDisassemberDisplayNameTest.xml (RunModel)" time="0.017" />
  <testcase classname="ptolemy.util.test.junit.AutoTests" name="[314] /home/travis/build/icyphy/ptII/ptolemy/actor/lib/test/auto/RecordDisassembler.xml (RunModel)" time="0.01" />
  <testcase classname="ptolemy.util.test.junit.AutoTests" name="[315] /home/travis/build/icyphy/ptII/ptolemy/actor/lib/test/auto/RecordDisassembler2.xml (RunModel)" time="0.01" />
  <testcase classname="ptolemy.util.test.junit.AutoTests" name="[316] /home/travis/build/icyphy/ptII/ptolemy/actor/lib/test/auto/RecordUpdater.xml (RunModel)" time="0.008" />
  <testcase classname="ptolemy.util.test.junit.AutoTests" name="[317] /home/travis/build/icyphy/ptII/ptolemy/actor/lib/test/auto/RecordUpdater2.xml (RunModel)" time="0.008" />
  <testcase classname="ptolemy.util.test.junit.AutoTests" name="[318] /home/travis/build/icyphy/ptII/ptolemy/actor/lib/test/auto/RecursiveLattice.xml (RunModel)" time="0.007" />
  <testcase classname="ptolemy.util.test.junit.AutoTests" name="[319] /home/travis/build/icyphy/ptII/ptolemy/actor/lib/test/auto/Router.xml (RunModel)" time="3.022" />
  <testcase classname="ptolemy.util.test.junit.AutoTests" name="[320] /home/travis/build/icyphy/ptII/ptolemy/actor/lib/test/auto/Router2.xml (RunModel)" time="3.024" />
  <testcase classname="ptolemy.util.test.junit.AutoTests" name="[321] /home/travis/build/icyphy/ptII/ptolemy/actor/lib/test/auto/RunningMaximum.xml (RunModel)" time="0.013" />
  <testcase classname="ptolemy.util.test.junit.AutoTests" name="[322] /home/travis/build/icyphy/ptII/ptolemy/actor/lib/test/auto/RunningMinimum.xml (RunModel)" time="0.017" />
  <testcase classname="ptolemy.util.test.junit.AutoTests" name="[323] /home/travis/build/icyphy/ptII/ptolemy/actor/lib/test/auto/Scale.xml (RunModel)" time="0.006" />
  <testcase classname="ptolemy.util.test.junit.AutoTests" name="[324] /home/travis/build/icyphy/ptII/ptolemy/actor/lib/test/auto/Scale2.xml (RunModel)" time="0.008" />
  <testcase classname="ptolemy.util.test.junit.AutoTests" name="[325] /home/travis/build/icyphy/ptII/ptolemy/actor/lib/test/auto/Scale3.xml (RunModel)" time="0.012" />
  <testcase classname="ptolemy.util.test.junit.AutoTests" name="[326] /home/travis/build/icyphy/ptII/ptolemy/actor/lib/test/auto/ScaleArray.xml (RunModel)" time="0.019" />
  <testcase classname="ptolemy.util.test.junit.AutoTests" name="[327] /home/travis/build/icyphy/ptII/ptolemy/actor/lib/test/auto/ScaleArray2.xml (RunModel)" time="0.006" />
  <testcase classname="ptolemy.util.test.junit.AutoTests" name="[328] /home/travis/build/icyphy/ptII/ptolemy/actor/lib/test/auto/ScaleMatrix.xml (RunModel)" time="0.145" />
  <testcase classname="ptolemy.util.test.junit.AutoTests" name="[329] /home/travis/build/icyphy/ptII/ptolemy/actor/lib/test/auto/Select.xml (RunModel)" time="0.012" />
  <testcase classname="ptolemy.util.test.junit.AutoTests" name="[330] /home/travis/build/icyphy/ptII/ptolemy/actor/lib/test/auto/Select2.xml (RunModel)" time="0.008" />
  <testcase classname="ptolemy.util.test.junit.AutoTests" name="[331] /home/travis/build/icyphy/ptII/ptolemy/actor/lib/test/auto/SequenceToArray2.xml (RunModel)" time="0.125" />
  <testcase classname="ptolemy.util.test.junit.AutoTests" name="[332] /home/travis/build/icyphy/ptII/ptolemy/actor/lib/test/auto/SequentialClock.xml (RunModel)" time="0.007" />
  <testcase classname="ptolemy.util.test.junit.AutoTests" name="[333] /home/travis/build/icyphy/ptII/ptolemy/actor/lib/test/auto/SetVariable.xml (RunModel)" time="0.01" />
  <testcase classname="ptolemy.util.test.junit.AutoTests" name="[334] /home/travis/build/icyphy/ptII/ptolemy/actor/lib/test/auto/SetVariable2.xml (RunModel)" time="0.009" />
  <testcase classname="ptolemy.util.test.junit.AutoTests" name="[335] /home/travis/build/icyphy/ptII/ptolemy/actor/lib/test/auto/SetVariable3.xml (RunModel)" time="0.01" />
  <testcase classname="ptolemy.util.test.junit.AutoTests" name="[336] /home/travis/build/icyphy/ptII/ptolemy/actor/lib/test/auto/SetVariable4.xml (RunModel)" time="0.039" />
  <testcase classname="ptolemy.util.test.junit.AutoTests" name="[337] /home/travis/build/icyphy/ptII/ptolemy/actor/lib/test/auto/SetVariable5.xml (RunModel)" time="0.029" />
  <testcase classname="ptolemy.util.test.junit.AutoTests" name="[338] /home/travis/build/icyphy/ptII/ptolemy/actor/lib/test/auto/Sinewave.xml (RunModel)" time="0.024" />
  <testcase classname="ptolemy.util.test.junit.AutoTests" name="[339] /home/travis/build/icyphy/ptII/ptolemy/actor/lib/test/auto/Sinewave2.xml (RunModel)" time="0.016" />
  <testcase classname="ptolemy.util.test.junit.AutoTests" name="[340] /home/travis/build/icyphy/ptII/ptolemy/actor/lib/test/auto/Sinewave3.xml (RunModel)" time="0.019" />
  <testcase classname="ptolemy.util.test.junit.AutoTests" name="[341] /home/travis/build/icyphy/ptII/ptolemy/actor/lib/test/auto/SingleEvent.xml (RunModel)" time="0.006" />
  <testcase classname="ptolemy.util.test.junit.AutoTests" name="[342] /home/travis/build/icyphy/ptII/ptolemy/actor/lib/test/auto/Sleep.xml (RunModel)" time="6.01" />
  <testcase classname="ptolemy.util.test.junit.AutoTests" name="[343] /home/travis/build/icyphy/ptII/ptolemy/actor/lib/test/auto/SleepMultipleFire.xml (RunModel)" time="1.024" />
  <testcase classname="ptolemy.util.test.junit.AutoTests" name="[344] /home/travis/build/icyphy/ptII/ptolemy/actor/lib/test/auto/StopDE.xml (RunModel)" time="0.022" />
  <testcase classname="ptolemy.util.test.junit.AutoTests" name="[345] /home/travis/build/icyphy/ptII/ptolemy/actor/lib/test/auto/StopSDF.xml (RunModel)" time="0.011" />
  <testcase classname="ptolemy.util.test.junit.AutoTests" name="[346] /home/travis/build/icyphy/ptII/ptolemy/actor/lib/test/auto/StringConstant.xml (RunModel)" time="0.018" />
  <testcase classname="ptolemy.util.test.junit.AutoTests" name="[347] /home/travis/build/icyphy/ptII/ptolemy/actor/lib/test/auto/SubscriberPortInitialValues1.xml (RunModel)" time="0.018" />
  <testcase classname="ptolemy.util.test.junit.AutoTests" name="[348] /home/travis/build/icyphy/ptII/ptolemy/actor/lib/test/auto/SubscriberPortInitialValues13.xml (RunModel)" time="0.026" />
  <testcase classname="ptolemy.util.test.junit.AutoTests" name="[349] /home/travis/build/icyphy/ptII/ptolemy/actor/lib/test/auto/SubscriberPortInitialValues14.xml (RunModel)" time="0.015" />
  <testcase classname="ptolemy.util.test.junit.AutoTests" name="[350] /home/travis/build/icyphy/ptII/ptolemy/actor/lib/test/auto/SubscriberPortInitialValues2.xml (RunModel)" time="0.012" />
  <testcase classname="ptolemy.util.test.junit.AutoTests" name="[351] /home/travis/build/icyphy/ptII/ptolemy/actor/lib/test/auto/SubscriberPortInitialValues3.xml (RunModel)" time="0.017" />
  <testcase classname="ptolemy.util.test.junit.AutoTests" name="[352] /home/travis/build/icyphy/ptII/ptolemy/actor/lib/test/auto/SubscriptionAggregator.xml (RunModel)" time="0.009" />
  <testcase classname="ptolemy.util.test.junit.AutoTests" name="[353] /home/travis/build/icyphy/ptII/ptolemy/actor/lib/test/auto/SubscriptionAggregator2.xml (RunModel)" time="0.009" />
  <testcase classname="ptolemy.util.test.junit.AutoTests" name="[354] /home/travis/build/icyphy/ptII/ptolemy/actor/lib/test/auto/SubscriptionAggregator3.xml (RunModel)" time="0.015" />
  <testcase classname="ptolemy.util.test.junit.AutoTests" name="[355] /home/travis/build/icyphy/ptII/ptolemy/actor/lib/test/auto/SubscriptionAggregatorMultiply.xml (RunModel)" time="0.021" />
  <testcase classname="ptolemy.util.test.junit.AutoTests" name="[356] /home/travis/build/icyphy/ptII/ptolemy/actor/lib/test/auto/SubscriptionAggregatorPortMultiply1.xml (RunModel)" time="0.012" />
  <testcase classname="ptolemy.util.test.junit.AutoTests" name="[357] /home/travis/build/icyphy/ptII/ptolemy/actor/lib/test/auto/Switch.xml (RunModel)" time="0.013" />
  <testcase classname="ptolemy.util.test.junit.AutoTests" name="[358] /home/travis/build/icyphy/ptII/ptolemy/actor/lib/test/auto/Switch2.xml (RunModel)" time="0.011" />
  <testcase classname="ptolemy.util.test.junit.AutoTests" name="[359] /home/travis/build/icyphy/ptII/ptolemy/actor/lib/test/auto/SwitchDE.xml (RunModel)" time="0.015" />
  <testcase classname="ptolemy.util.test.junit.AutoTests" name="[360] /home/travis/build/icyphy/ptII/ptolemy/actor/lib/test/auto/SynchronizerDE.xml (RunModel)" time="0.018" />
  <testcase classname="ptolemy.util.test.junit.AutoTests" name="[361] /home/travis/build/icyphy/ptII/ptolemy/actor/lib/test/auto/Test.xml (RunModel)" time="0.014" />
  <testcase classname="ptolemy.util.test.junit.AutoTests" name="[362] /home/travis/build/icyphy/ptII/ptolemy/actor/lib/test/auto/TestExceptionAttribute1.xml (RunModel)" time="0.01" />
  <testcase classname="ptolemy.util.test.junit.AutoTests" name="[363] /home/travis/build/icyphy/ptII/ptolemy/actor/lib/test/auto/TestExceptionAttribute2.xml (RunModel)" time="0.009" />
  <testcase classname="ptolemy.util.test.junit.AutoTests" name="[364] /home/travis/build/icyphy/ptII/ptolemy/actor/lib/test/auto/TestExceptionAttribute3.xml (RunModel)" time="0.012" />
  <testcase classname="ptolemy.util.test.junit.AutoTests" name="[365] /home/travis/build/icyphy/ptII/ptolemy/actor/lib/test/auto/TestExceptionAttribute4.xml (RunModel)" time="0.005" />
  <testcase classname="ptolemy.util.test.junit.AutoTests" name="[366] /home/travis/build/icyphy/ptII/ptolemy/actor/lib/test/auto/TestExceptionHandler1.xml (RunModel)" time="0.004" />
  <testcase classname="ptolemy.util.test.junit.AutoTests" name="[367] /home/travis/build/icyphy/ptII/ptolemy/actor/lib/test/auto/TestExceptionHandler2.xml (RunModel)" time="0.006" />
  <testcase classname="ptolemy.util.test.junit.AutoTests" name="[368] /home/travis/build/icyphy/ptII/ptolemy/actor/lib/test/auto/TestExceptionHandler3.xml (RunModel)" time="0.004" />
  <testcase classname="ptolemy.util.test.junit.AutoTests" name="[369] /home/travis/build/icyphy/ptII/ptolemy/actor/lib/test/auto/TestExceptionHandler4.xml (RunModel)" time="0.005" />
  <testcase classname="ptolemy.util.test.junit.AutoTests" name="[370] /home/travis/build/icyphy/ptII/ptolemy/actor/lib/test/auto/TestRequireCorrectOrder.xml (RunModel)" time="0.019" />
  <testcase classname="ptolemy.util.test.junit.AutoTests" name="[371] /home/travis/build/icyphy/ptII/ptolemy/actor/lib/test/auto/TestSimple.xml (RunModel)" time="0.005" />
  <testcase classname="ptolemy.util.test.junit.AutoTests" name="[372] /home/travis/build/icyphy/ptII/ptolemy/actor/lib/test/auto/ThrowModelError.xml (RunModel)" time="0.025" />
  <testcase classname="ptolemy.util.test.junit.AutoTests" name="[373] /home/travis/build/icyphy/ptII/ptolemy/actor/lib/test/auto/TimeDelayMicrosteps.xml (RunModel)" time="0.011" />
  <testcase classname="ptolemy.util.test.junit.AutoTests" name="[374] /home/travis/build/icyphy/ptII/ptolemy/actor/lib/test/auto/TimeDelayMicrosteps2.xml (RunModel)" time="0.011" />
  <testcase classname="ptolemy.util.test.junit.AutoTests" name="[375] /home/travis/build/icyphy/ptII/ptolemy/actor/lib/test/auto/TimeDelayMicrosteps3.xml (RunModel)" time="0.009" />
  <testcase classname="ptolemy.util.test.junit.AutoTests" name="[376] /home/travis/build/icyphy/ptII/ptolemy/actor/lib/test/auto/TimeDelayVariableMicrosteps.xml (RunModel)" time="0.009" />
  <testcase classname="ptolemy.util.test.junit.AutoTests" name="[377] /home/travis/build/icyphy/ptII/ptolemy/actor/lib/test/auto/TimeGap.xml (RunModel)" time="0.013" />
  <testcase classname="ptolemy.util.test.junit.AutoTests" name="[378] /home/travis/build/icyphy/ptII/ptolemy/actor/lib/test/auto/TimeGap2.xml (RunModel)" time="0.008" />
  <testcase classname="ptolemy.util.test.junit.AutoTests" name="[379] /home/travis/build/icyphy/ptII/ptolemy/actor/lib/test/auto/TimedSinewave.xml (RunModel)" time="0.053" />
  <testcase classname="ptolemy.util.test.junit.AutoTests" name="[380] /home/travis/build/icyphy/ptII/ptolemy/actor/lib/test/auto/TimedSinewavePhase.xml (RunModel)" time="0.047" />
  <testcase classname="ptolemy.util.test.junit.AutoTests" name="[381] /home/travis/build/icyphy/ptII/ptolemy/actor/lib/test/auto/Timer.xml (RunModel)" time="0.015" />
  <testcase classname="ptolemy.util.test.junit.AutoTests" name="[382] /home/travis/build/icyphy/ptII/ptolemy/actor/lib/test/auto/TriangularDistTestModel.xml (RunModel)" time="0.015" />
  <testcase classname="ptolemy.util.test.junit.AutoTests" name="[383] /home/travis/build/icyphy/ptII/ptolemy/actor/lib/test/auto/TrigFunction.xml (RunModel)" time="0.006" />
  <testcase classname="ptolemy.util.test.junit.AutoTests" name="[384] /home/travis/build/icyphy/ptII/ptolemy/actor/lib/test/auto/TrigFunctionDE.xml (RunModel)" time="0.009" />
  <testcase classname="ptolemy.util.test.junit.AutoTests" name="[385] /home/travis/build/icyphy/ptII/ptolemy/actor/lib/test/auto/TrigFunctionInverse.xml (RunModel)" time="0.007" />
  <testcase classname="ptolemy.util.test.junit.AutoTests" name="[386] /home/travis/build/icyphy/ptII/ptolemy/actor/lib/test/auto/TrigFunctionTan.xml (RunModel)" time="0.005" />
  <testcase classname="ptolemy.util.test.junit.AutoTests" name="[387] /home/travis/build/icyphy/ptII/ptolemy/actor/lib/test/auto/TriggeredClock.xml (RunModel)" time="0.007" />
  <testcase classname="ptolemy.util.test.junit.AutoTests" name="[388] /home/travis/build/icyphy/ptII/ptolemy/actor/lib/test/auto/URLDirectoryReader.xml (RunModel)" time="0.121" />
  <testcase classname="ptolemy.util.test.junit.AutoTests" name="[389] /home/travis/build/icyphy/ptII/ptolemy/actor/lib/test/auto/URLDirectoryReader3.xml (RunModel)" time="1.843" />
  <testcase classname="ptolemy.util.test.junit.AutoTests" name="[390] /home/travis/build/icyphy/ptII/ptolemy/actor/lib/test/auto/UnaryMathFunction.xml (RunModel)" time="0.027" />
  <testcase classname="ptolemy.util.test.junit.AutoTests" name="[391] /home/travis/build/icyphy/ptII/ptolemy/actor/lib/test/auto/Uniform.xml (RunModel)" time="0.011" />
  <testcase classname="ptolemy.util.test.junit.AutoTests" name="[392] /home/travis/build/icyphy/ptII/ptolemy/actor/lib/test/auto/UnionDisassemblerTest.xml (RunModel)" time="0.015" />
  <testcase classname="ptolemy.util.test.junit.AutoTests" name="[393] /home/travis/build/icyphy/ptII/ptolemy/actor/lib/test/auto/UtilityFunctions.xml (RunModel)" time="0.007" />
  <testcase classname="ptolemy.util.test.junit.AutoTests" name="[394] /home/travis/build/icyphy/ptII/ptolemy/actor/lib/test/auto/VariableSleep.xml (RunModel)" time="0.51" />
  <testcase classname="ptolemy.util.test.junit.AutoTests" name="[395] /home/travis/build/icyphy/ptII/ptolemy/actor/lib/test/auto/VectorAssemblerDisassemblerCT.xml (RunModel)" time="0.119" />
  <testcase classname="ptolemy.util.test.junit.AutoTests" name="[396] /home/travis/build/icyphy/ptII/ptolemy/actor/lib/test/auto/VectorAssemblerDisassemblerDE.xml (RunModel)" time="0.013" />
  <testcase classname="ptolemy.util.test.junit.AutoTests" name="[397] /home/travis/build/icyphy/ptII/ptolemy/actor/lib/test/auto/VectorAssemblerDisassemblerSDF.xml (RunModel)" time="0.013" />
  <testcase classname="ptolemy.util.test.junit.AutoTests" name="[398] /home/travis/build/icyphy/ptII/ptolemy/actor/lib/test/auto/WallClockTime.xml (RunModel)" time="1.01" />
  <testcase classname="ptolemy.util.test.junit.AutoTests" name="[399] /home/travis/build/icyphy/ptII/ptolemy/actor/lib/test/auto/WidthTestWithSubscriberPublisher.xml (RunModel)" time="0.036" />
  <testcase classname="ptolemy.util.test.junit.AutoTests" name="[400] /home/travis/build/icyphy/ptII/ptolemy/actor/lib/test/auto/WidthTestWithSubscriberPublisher2.xml (RunModel)" time="0.012" />
  <testcase classname="ptolemy.util.test.junit.AutoTests" name="[401] /home/travis/build/icyphy/ptII/ptolemy/actor/lib/test/auto/WidthTestWithSubscriberPublisher3.xml (RunModel)" time="0.01" />
  <testcase classname="ptolemy.util.test.junit.AutoTests" name="[402] /home/travis/build/icyphy/ptII/ptolemy/actor/lib/test/auto/Writer.xml (RunModel)" time="0.007" />
  <testcase classname="ptolemy.util.test.junit.AutoTests" name="[403] /home/travis/build/icyphy/ptII/ptolemy/actor/lib/test/auto/array.xml (RunModel)" time="0.02" />
  <testcase classname="ptolemy.util.test.junit.AutoTests" name="[404] /home/travis/build/icyphy/ptII/ptolemy/actor/lib/test/auto/array2.xml (RunModel)" time="0.013" />
  <testcase classname="ptolemy.util.test.junit.AutoTests" name="[405] /home/travis/build/icyphy/ptII/ptolemy/actor/lib/test/auto/arrayType.xml (RunModel)" time="0.008" />
  <testcase classname="ptolemy.util.test.junit.AutoTests" name="[406] /home/travis/build/icyphy/ptII/ptolemy/actor/lib/test/auto/arrayType10.xml (RunModel)" time="0.006" />
  <testcase classname="ptolemy.util.test.junit.AutoTests" name="[407] /home/travis/build/icyphy/ptII/ptolemy/actor/lib/test/auto/arrayType11.xml (RunModel)" time="0.007" />
  <testcase classname="ptolemy.util.test.junit.AutoTests" name="[408] /home/travis/build/icyphy/ptII/ptolemy/actor/lib/test/auto/arrayType12.xml (RunModel)" time="0.007" />
  <testcase classname="ptolemy.util.test.junit.AutoTests" name="[409] /home/travis/build/icyphy/ptII/ptolemy/actor/lib/test/auto/arrayType13.xml (RunModel)" time="0.007" />
  <testcase classname="ptolemy.util.test.junit.AutoTests" name="[410] /home/travis/build/icyphy/ptII/ptolemy/actor/lib/test/auto/arrayType14.xml (RunModel)" time="0.008" />
  <testcase classname="ptolemy.util.test.junit.AutoTests" name="[411] /home/travis/build/icyphy/ptII/ptolemy/actor/lib/test/auto/arrayType15.xml (RunModel)" time="0.009" />
  <testcase classname="ptolemy.util.test.junit.AutoTests" name="[412] /home/travis/build/icyphy/ptII/ptolemy/actor/lib/test/auto/arrayType16.xml (RunModel)" time="0.01" />
  <testcase classname="ptolemy.util.test.junit.AutoTests" name="[413] /home/travis/build/icyphy/ptII/ptolemy/actor/lib/test/auto/arrayType17.xml (RunModel)" time="0.009" />
  <testcase classname="ptolemy.util.test.junit.AutoTests" name="[414] /home/travis/build/icyphy/ptII/ptolemy/actor/lib/test/auto/arrayType18.xml (RunModel)" time="0.006" />
  <testcase classname="ptolemy.util.test.junit.AutoTests" name="[415] /home/travis/build/icyphy/ptII/ptolemy/actor/lib/test/auto/arrayType19.xml (RunModel)" time="0.006" />
  <testcase classname="ptolemy.util.test.junit.AutoTests" name="[416] /home/travis/build/icyphy/ptII/ptolemy/actor/lib/test/auto/arrayType2.xml (RunModel)" time="0.007" />
  <testcase classname="ptolemy.util.test.junit.AutoTests" name="[417] /home/travis/build/icyphy/ptII/ptolemy/actor/lib/test/auto/arrayType20.xml (RunModel)" time="0.007" />
  <testcase classname="ptolemy.util.test.junit.AutoTests" name="[418] /home/travis/build/icyphy/ptII/ptolemy/actor/lib/test/auto/arrayType21.xml (RunModel)" time="0.007" />
  <testcase classname="ptolemy.util.test.junit.AutoTests" name="[419] /home/travis/build/icyphy/ptII/ptolemy/actor/lib/test/auto/arrayType22.xml (RunModel)" time="0.007" />
  <testcase classname="ptolemy.util.test.junit.AutoTests" name="[420] /home/travis/build/icyphy/ptII/ptolemy/actor/lib/test/auto/arrayType23.xml (RunModel)" time="0.007" />
  <testcase classname="ptolemy.util.test.junit.AutoTests" name="[421] /home/travis/build/icyphy/ptII/ptolemy/actor/lib/test/auto/arrayType24.xml (RunModel)" time="0.012" />
  <testcase classname="ptolemy.util.test.junit.AutoTests" name="[422] /home/travis/build/icyphy/ptII/ptolemy/actor/lib/test/auto/arrayType25.xml (RunModel)" time="0.008" />
  <testcase classname="ptolemy.util.test.junit.AutoTests" name="[423] /home/travis/build/icyphy/ptII/ptolemy/actor/lib/test/auto/arrayType26.xml (RunModel)" time="0.007" />
  <testcase classname="ptolemy.util.test.junit.AutoTests" name="[424] /home/travis/build/icyphy/ptII/ptolemy/actor/lib/test/auto/arrayType27.xml (RunModel)" time="0.007" />
  <testcase classname="ptolemy.util.test.junit.AutoTests" name="[425] /home/travis/build/icyphy/ptII/ptolemy/actor/lib/test/auto/arrayType28.xml (RunModel)" time="0.009" />
  <testcase classname="ptolemy.util.test.junit.AutoTests" name="[426] /home/travis/build/icyphy/ptII/ptolemy/actor/lib/test/auto/arrayType3.xml (RunModel)" time="0.006" />
  <testcase classname="ptolemy.util.test.junit.AutoTests" name="[427] /home/travis/build/icyphy/ptII/ptolemy/actor/lib/test/auto/arrayType4.xml (RunModel)" time="0.006" />
  <testcase classname="ptolemy.util.test.junit.AutoTests" name="[428] /home/travis/build/icyphy/ptII/ptolemy/actor/lib/test/auto/arrayType5.xml (RunModel)" time="0.006" />
  <testcase classname="ptolemy.util.test.junit.AutoTests" name="[429] /home/travis/build/icyphy/ptII/ptolemy/actor/lib/test/auto/arrayType6.xml (RunModel)" time="0.005" />
  <testcase classname="ptolemy.util.test.junit.AutoTests" name="[430] /home/travis/build/icyphy/ptII/ptolemy/actor/lib/test/auto/arrayType7.xml (RunModel)" time="0.011" />
  <testcase classname="ptolemy.util.test.junit.AutoTests" name="[431] /home/travis/build/icyphy/ptII/ptolemy/actor/lib/test/auto/arrayType8.xml (RunModel)" time="0.016" />
  <testcase classname="ptolemy.util.test.junit.AutoTests" name="[432] /home/travis/build/icyphy/ptII/ptolemy/actor/lib/test/auto/arrayType9.xml (RunModel)" time="0.006" />
  <testcase classname="ptolemy.util.test.junit.AutoTests" name="[433] /home/travis/build/icyphy/ptII/ptolemy/actor/lib/test/auto/cast.xml (RunModel)" time="0.006" />
  <testcase classname="ptolemy.util.test.junit.AutoTests" name="[434] /home/travis/build/icyphy/ptII/ptolemy/actor/lib/test/auto/compositeMultiPort.xml (RunModel)" time="0.014" />
  <testcase classname="ptolemy.util.test.junit.AutoTests" name="[435] /home/travis/build/icyphy/ptII/ptolemy/actor/lib/test/auto/expressionCastInference.xml (RunModel)" time="0.007" />
  <testcase classname="ptolemy.util.test.junit.AutoTests" name="[436] /home/travis/build/icyphy/ptII/ptolemy/actor/lib/test/auto/expressionCastInference2.xml (RunModel)" time="0.057" />
  <testcase classname="ptolemy.util.test.junit.AutoTests" name="[437] /home/travis/build/icyphy/ptII/ptolemy/actor/lib/test/auto/expressionInference.xml (RunModel)" time="0.034" />
  <testcase classname="ptolemy.util.test.junit.AutoTests" name="[438] /home/travis/build/icyphy/ptII/ptolemy/actor/lib/test/auto/expression_bug.xml (RunModel)" time="0.028" />
  <testcase classname="ptolemy.util.test.junit.AutoTests" name="[439] /home/travis/build/icyphy/ptII/ptolemy/actor/lib/test/auto/factorial.xml (RunModel)" time="0.092" />
  <testcase classname="ptolemy.util.test.junit.AutoTests" name="[440] /home/travis/build/icyphy/ptII/ptolemy/actor/lib/test/auto/filterTest1.xml (RunModel)" time="0.028" />
  <testcase classname="ptolemy.util.test.junit.AutoTests" name="[441] /home/travis/build/icyphy/ptII/ptolemy/actor/lib/test/auto/funcApplyInConst.xml (RunModel)" time="0.033" />
  <testcase classname="ptolemy.util.test.junit.AutoTests" name="[442] /home/travis/build/icyphy/ptII/ptolemy/actor/lib/test/auto/funcApplyInExpr.xml (RunModel)" time="0.005" />
  <testcase classname="ptolemy.util.test.junit.AutoTests" name="[443] /home/travis/build/icyphy/ptII/ptolemy/actor/lib/test/auto/function.xml (RunModel)" time="0.006" />
  <testcase classname="ptolemy.util.test.junit.AutoTests" name="[444] /home/travis/build/icyphy/ptII/ptolemy/actor/lib/test/auto/function2.xml (RunModel)" time="0.007" />
  <testcase classname="ptolemy.util.test.junit.AutoTests" name="[445] /home/travis/build/icyphy/ptII/ptolemy/actor/lib/test/auto/function3.xml (RunModel)" time="0.01" />
  <testcase classname="ptolemy.util.test.junit.AutoTests" name="[446] /home/travis/build/icyphy/ptII/ptolemy/actor/lib/test/auto/functionClosureTest1.xml (RunModel)" time="0.008" />
  <testcase classname="ptolemy.util.test.junit.AutoTests" name="[447] /home/travis/build/icyphy/ptII/ptolemy/actor/lib/test/auto/functionClosureTest2.xml (RunModel)" time="0.005" />
  <testcase classname="ptolemy.util.test.junit.AutoTests" name="[448] /home/travis/build/icyphy/ptII/ptolemy/actor/lib/test/auto/functionClosureTest3.xml (RunModel)" time="0.007" />
  <testcase classname="ptolemy.util.test.junit.AutoTests" name="[449] /home/travis/build/icyphy/ptII/ptolemy/actor/lib/test/auto/functionClosureTest4.xml (RunModel)" time="0.011" />
  <testcase classname="ptolemy.util.test.junit.AutoTests" name="[450] /home/travis/build/icyphy/ptII/ptolemy/actor/lib/test/auto/functionClosureTest5.xml (RunModel)" time="0.01" />
  <testcase classname="ptolemy.util.test.junit.AutoTests" name="[451] /home/travis/build/icyphy/ptII/ptolemy/actor/lib/test/auto/functionClosureTest6.xml (RunModel)" time="0.006" />
  <testcase classname="ptolemy.util.test.junit.AutoTests" name="[452] /home/travis/build/icyphy/ptII/ptolemy/actor/lib/test/auto/functionsOnArcs.xml (RunModel)" time="0.009" />
  <testcase classname="ptolemy.util.test.junit.AutoTests" name="[453] /home/travis/build/icyphy/ptII/ptolemy/actor/lib/test/auto/functionsOnArcsHOF.xml (RunModel)" time="0.029" />
  <testcase classname="ptolemy.util.test.junit.AutoTests" name="[454] /home/travis/build/icyphy/ptII/ptolemy/actor/lib/test/auto/logic.xml (RunModel)" time="0.044" />
  <testcase classname="ptolemy.util.test.junit.AutoTests" name="[455] /home/travis/build/icyphy/ptII/ptolemy/actor/lib/test/auto/matrixType.xml (RunModel)" time="0.01" />
  <testcase classname="ptolemy.util.test.junit.AutoTests" name="[456] /home/travis/build/icyphy/ptII/ptolemy/actor/lib/test/auto/matrixType10.xml (RunModel)" time="0.007" />
  <testcase classname="ptolemy.util.test.junit.AutoTests" name="[457] /home/travis/build/icyphy/ptII/ptolemy/actor/lib/test/auto/matrixType11.xml (RunModel)" time="0.013" />
  <testcase classname="ptolemy.util.test.junit.AutoTests" name="[458] /home/travis/build/icyphy/ptII/ptolemy/actor/lib/test/auto/matrixType12.xml (RunModel)" time="0.009" />
  <testcase classname="ptolemy.util.test.junit.AutoTests" name="[459] /home/travis/build/icyphy/ptII/ptolemy/actor/lib/test/auto/matrixType13.xml (RunModel)" time="0.007" />
  <testcase classname="ptolemy.util.test.junit.AutoTests" name="[460] /home/travis/build/icyphy/ptII/ptolemy/actor/lib/test/auto/matrixType14.xml (RunModel)" time="0.008" />
  <testcase classname="ptolemy.util.test.junit.AutoTests" name="[461] /home/travis/build/icyphy/ptII/ptolemy/actor/lib/test/auto/matrixType2.xml (RunModel)" time="0.007" />
  <testcase classname="ptolemy.util.test.junit.AutoTests" name="[462] /home/travis/build/icyphy/ptII/ptolemy/actor/lib/test/auto/matrixType3.xml (RunModel)" time="0.008" />
  <testcase classname="ptolemy.util.test.junit.AutoTests" name="[463] /home/travis/build/icyphy/ptII/ptolemy/actor/lib/test/auto/matrixType4.xml (RunModel)" time="0.007" />
  <testcase classname="ptolemy.util.test.junit.AutoTests" name="[464] /home/travis/build/icyphy/ptII/ptolemy/actor/lib/test/auto/matrixType5.xml (RunModel)" time="0.007" />
  <testcase classname="ptolemy.util.test.junit.AutoTests" name="[465] /home/travis/build/icyphy/ptII/ptolemy/actor/lib/test/auto/matrixType6.xml (RunModel)" time="0.007" />
  <testcase classname="ptolemy.util.test.junit.AutoTests" name="[466] /home/travis/build/icyphy/ptII/ptolemy/actor/lib/test/auto/matrixType7.xml (RunModel)" time="0.007" />
  <testcase classname="ptolemy.util.test.junit.AutoTests" name="[467] /home/travis/build/icyphy/ptII/ptolemy/actor/lib/test/auto/matrixType8.xml (RunModel)" time="0.006" />
  <testcase classname="ptolemy.util.test.junit.AutoTests" name="[468] /home/travis/build/icyphy/ptII/ptolemy/actor/lib/test/auto/matrixType9.xml (RunModel)" time="0.006" />
  <testcase classname="ptolemy.util.test.junit.AutoTests" name="[469] /home/travis/build/icyphy/ptII/ptolemy/actor/lib/test/auto/paraFunctest.xml (RunModel)" time="0.005" />
  <testcase classname="ptolemy.util.test.junit.AutoTests" name="[470] /home/travis/build/icyphy/ptII/ptolemy/actor/lib/test/auto/paraFunctest2.xml (RunModel)" time="0.009" />
  <testcase classname="ptolemy.util.test.junit.AutoTests" name="[471] /home/travis/build/icyphy/ptII/ptolemy/actor/lib/test/auto/parameterPassing.xml (RunModel)" time="0.014" />
  <testcase classname="ptolemy.util.test.junit.AutoTests" name="[472] /home/travis/build/icyphy/ptII/ptolemy/actor/lib/test/auto/record.xml (RunModel)" time="0.007" />
  <testcase classname="ptolemy.util.test.junit.AutoTests" name="[473] /home/travis/build/icyphy/ptII/ptolemy/actor/lib/test/auto/sizedarray1.xml (RunModel)" time="0.008" />
  <testcase classname="ptolemy.util.test.junit.AutoTests" name="[474] /home/travis/build/icyphy/ptII/ptolemy/actor/lib/test/auto/sizedarray2.xml (RunModel)" time="0.009" />
  <testcase classname="ptolemy.util.test.junit.AutoTests" name="[475] /home/travis/build/icyphy/ptII/ptolemy/actor/lib/test/auto/twoPublishers.xml (RunModel)" time="0.025" />
  <system-out><![CDATA[/home/travis/build/icyphy/ptII/ptolemy/actor/lib/test/AbsoluteValue.tcl
testDefs.tcl: setting time out to 9000 seconds at Fri May 22 14:28:56 UTC 2020
100 ms. Memory: 129024K Free: 93123K (72%)
4 ms. Memory: 129024K Free: 91075K (71%)
11 ms. Memory: 129024K Free: 90555K (70%)
13 ms. Memory: 129024K Free: 89523K (69%)
/home/travis/build/icyphy/ptII/ptolemy/actor/lib/test/AddSubtract.tcl
10 ms. Memory: 129024K Free: 87489K (68%)
11 ms. Memory: 129024K Free: 86979K (67%)
5 ms. Memory: 129024K Free: 85955K (67%)
13 ms. Memory: 129024K Free: 85435K (66%)
78 ms. Memory: 129024K Free: 82369K (64%)
6 ms. Memory: 129024K Free: 81345K (63%)
/home/travis/build/icyphy/ptII/ptolemy/actor/lib/test/Average.tcl
7 ms. Memory: 129024K Free: 79811K (62%)
6 ms. Memory: 129024K Free: 78787K (61%)
/home/travis/build/icyphy/ptII/ptolemy/actor/lib/test/Bernoulli.tcl
5 ms. Memory: 129024K Free: 77235K (60%)
9 ms. Memory: 129024K Free: 76739K (59%)
/home/travis/build/icyphy/ptII/ptolemy/actor/lib/test/Clock.tcl
preinitializing
resolving types
initializing
executing number 1
wrapping up
idle
32 ms. Memory: 129024K Free: 74177K (57%)
Completed execution with 5 iterations
preinitializing
resolving types
initializing
executing number 1
wrapping up
idle
3 ms. Memory: 129024K Free: 73123K (57%)
Completed execution with 5 iterations
preinitializing
resolving types
initializing
executing number 1
wrapping up
idle
3 ms. Memory: 129024K Free: 72643K (56%)
Completed execution with 5 iterations
/home/travis/build/icyphy/ptII/ptolemy/actor/lib/test/Commutator.tcl
9 ms. Memory: 129024K Free: 70595K (55%)
6 ms. Memory: 129024K Free: 69571K (54%)
17 ms. Memory: 129024K Free: 63427K (49%)
/home/travis/build/icyphy/ptII/ptolemy/actor/lib/test/Const.tcl
4 ms. Memory: 129024K Free: 61889K (48%)
8 ms. Memory: 129024K Free: 61379K (48%)
2 ms. Memory: 129024K Free: 60851K (47%)
2 ms. Memory: 129024K Free: 60355K (47%)
2 ms. Memory: 129024K Free: 59841K (46%)
16 ms. Memory: 129024K Free: 58307K (45%)
4 ms. Memory: 129024K Free: 56769K (44%)
3 ms. Memory: 129024K Free: 56259K (44%)
/home/travis/build/icyphy/ptII/ptolemy/actor/lib/test/CurrentTime.tcl
preinitializing
resolving types
initializing
executing number 1
wrapping up
idle
12 ms. Memory: 129024K Free: 54211K (42%)
Completed execution with 11 iterations
/home/travis/build/icyphy/ptII/ptolemy/actor/lib/test/DB.tcl
7 ms. Memory: 129024K Free: 52659K (41%)
4 ms. Memory: 129024K Free: 52163K (40%)
3 ms. Memory: 129024K Free: 51649K (40%)
/home/travis/build/icyphy/ptII/ptolemy/actor/lib/test/DiscreteRandomSource.tcl
preinitializing
resolving types
initializing
executing number 1
wrapping up
idle
7 ms. Memory: 129024K Free: 50115K (39%)
Completed execution with 4 iterations
preinitializing
resolving types
initializing
executing number 1
wrapping up
idle
6 ms. Memory: 129024K Free: 49601K (38%)
Completed execution with 4 iterations
preinitializing
resolving types
initializing
executing number 1
wrapping up
idle
3 ms. Memory: 129024K Free: 49091K (38%)
Completed execution with 4 iterations
preinitializing
resolving types
initializing
executing number 1
wrapping up
idle
3 ms. Memory: 129024K Free: 48547K (38%)
Completed execution with 4 iterations
preinitializing
resolving types
initializing
executing number 1
wrapping up
idle
11 ms. Memory: 129024K Free: 48067K (37%)
Completed execution with 4 iterations
/home/travis/build/icyphy/ptII/ptolemy/actor/lib/test/Distributor.tcl
8 ms. Memory: 129024K Free: 113107K (88%)
10 ms. Memory: 129024K Free: 112575K (87%)
StreamChangeRequest.changeExecuted(): <deleteEntity name="rec2"/> succeeded
StreamChangeRequest.changeExecuted(): <deleteRelation name="r2"/> succeeded
StreamChangeRequest.changeExecuted(): Record firings per iteration succeeded
10 ms. Memory: 129024K Free: 110057K (85%)
/home/travis/build/icyphy/ptII/ptolemy/actor/lib/test/Exit.tcl
Exit.tcl: this will print a message about Manager.exitAfterWrapup, which can be ignored.
7 ms. Memory: 129024K Free: 107103K (83%)
/home/travis/build/icyphy/ptII/ptolemy/actor/lib/test/Expression.tcl
11 ms. Memory: 129024K Free: 103913K (81%)
3 ms. Memory: 129024K Free: 102889K (80%)
3 ms. Memory: 129024K Free: 102372K (79%)
preinitializing
resolving types
initializing
executing number 1
wrapping up
idle
11 ms. Memory: 129024K Free: 100803K (78%)
Completed execution with 6 iterations
3 ms. Memory: 129024K Free: 99795K (77%)
2 ms. Memory: 129024K Free: 99310K (77%)
4 ms. Memory: 129024K Free: 97769K (76%)
3 ms. Memory: 129024K Free: 96745K (75%)
3 ms. Memory: 129024K Free: 95721K (74%)
/home/travis/build/icyphy/ptII/ptolemy/actor/lib/test/Gaussian.tcl
4 ms. Memory: 129024K Free: 93673K (73%)
sleeping 1 seconds: ...................................................................................................................................................................................................................................................................................................................................................................................................................................................................................................................................................................................................................................................................................................................................................................................................................................................................................................................................................................................................................................................................................................................................................................................................................................................................................................................................................................................................................................................................................................................................................................................................................................................................................................................................................................................................................................................................................................................................................................................................................................................................................................................................................................................................................................................................................................................................................................................................................................................................................................................................................................................................................................................................................................................................................................................................................................................................................................................................................................................................................................................................................................................................................................................................................................................................................................................................................................................................................................................................................................................................................................................................................................................................................................................................................................................................................................................................................................................................................................................................................................................................................................................................................................................................................................................................................................................................................................................................................................................................................................................................................................................................................................................................................................................................................................................................................................................................................................................................................................................................................................................................................................................................................................................................................................................................................................................................................................................................................................................................................................................................................................................................................................................................................................................................................................................................................................................................................................................................................................................................................................................................................................................................................................................................................................................................................................................................................................................................................................................................................................................................................................................................................................................................................................................................................................................................................................................................................................................................................................................................................................................................................................................................................................................................................................................................................................................................................................................................................................................................................................................................................................................................................................................................................................................................................................................................................................................................................................................................................................................................................................................................................................................................................................................................................................................................................................................................................................................................................................................................................................................................................................................................................................................................................................................................................................................................................................................................................................................................................................................................................................................................................................................................................................................................................................................................................................................................................................................................................................................................................................................................................................................................................................................................................................................................................................................................................................................................................................................................................................................................................................................................................................................................................................................................................................................................................................................................................................................................................................................................................................................................................................................................................................................................................................................................................................................................................................................................................................................................................................................................................................................................................................................................................................................................................................................................................................................................................................................................................................................................................................................................................................................................................................................................................................................................................................................................................................................................................................................................................................................................................................................................................................................................................................................................................................................................................................................................................................................................................................................................................................................................................................................................................................................................................................................................................................................................................................................................................................................................................................................................................................................................................................................................................................................................................................................................................................................................................................................................................................................................................................................................................................................................................................................................................................................................................................................................................................................................................................................................................................................................................................................................................................................................................................................................................................................................................................................................................................................................................................................................................................................................................................................................................................................................................................................................................................................................................................................................................................................................................................................................................................................................................................................................................................................................................................................................................................................................................................................................................................................................................................................................................................................................................................................................................................................................................................................................................................................................................................................................................................................................................................................................................................................................................................................................................................................................................................................................................................................................................................................................................................................................................................................................................................................................................................................................................................................................................................................................................................................................................................................................................................................................................................................................................................................................................................................................................................................................................................................................................................................................................................................................................................................................................................................................................................................................................................................................................................................................................................................................................................................................................................................................................................................................................................................................................................................................................................................................................................................................................................................................................................................................................................................................................................................................................................................................................................................................................................................................................................................................................................................................................................................................................................................................................................................................................................................................................................................................................................................................................................................................................................................................................................................................................................................................................................................................................................................................................................................................................................................................................................................................................................................................................................................................................................................................................................................................................................................................................................................................................................................................................................................................................................................................................................................................................................................................................................................................................................................................................................................................................................................................................................................................................................................................................................................................................................................................................................................................................................................................................................................................................................................................................................................................................................................................................................................................................................................................................................................................................................................................................................................................................................................................................................................................................................................................................................................................................................................................................................................................................................................................................................................................................................................................................................................................................................................................................................................................................................................................................................................................................................................................................................................................................................................................................................................................................................................................................................................................................................................................................................................................................................................................................................................................................................................................................................................................................................................................................................................................................................................................................................................................................................................................................................................................................................................................................................................................................................................................................................................................................................................................................................................................................................................................................................................................................................................................................................................................................................................................................................................................................................................................................................................................................................................................................................................................................................................................................................................................................................................................................................................................................................................................................................................................................................................................................................................................................................................................................................................................................................................................................................................................................................................................................................................................................................................................................................................................................................................................................................................................................................................................................................................................................................................................................................................................................................................................................................................................................................................................................................................................................................................................................................................................................................................................................................................................................................................................................................................................................................................................................................................................................................................................................................................................................................................................................................................................................................................................................................................................................................................................................................................................................................................................................................................................................................................................................................................................................................................................................................................................................................................................................................................................................................................................................................................................................................................................................................................................................................................................................................................................................................................................................................................................................................................................................................................................................................................................................................................................................................................................................................................................................................................................................................................................................................................................................................................................................................................................................................................................................................................................................................................................................................................................................................................................................................................................................................................................................................................................................................................................................................................................................................................................................................................................................................................................................................................................................................................................................................................................................................................................................................................................................................................................................................................................................................................................................................................................................................................................................................................................................................................................................................................................................................................................................................................................................................................................................................................................................................................................................................................................................................................................................................................................................................................................................................................................................................................................................................................................................................................................................................................................................................................................................................................................................................................................................................................................................................................................................................................................................................................................................................................................................................................................................................................................................................................................................................................................................................................................................................................................................................................................................................................................................................................................................................................................................................................................................................................................................................................................................................................................................................................................................................................................................................................................................................................................................................................................................................................................................................................................................................................................................................................................................................................................................................................................................................................................................................................................................................................................................................................................................................................................................................................................................................................................................................................................................................................................................................................................................................................................................................................................................................................................................................................................................................................................................................................................................................................................................................................................................................................................................................................................................................................................................................................................................................................................................................................................................................................................................................................................................................................................................................................................................................................................................................................................................................................................................................................................................................................................................................................................................................................................................................................................................................................................................................................................................................................................................................................................................................................................................................................................................................................................................................................................................................................................................................................................................................................................................................................................................................................................................................................................................................................................................................................................................................................................................................................................................................................................................................................................................................................................................................................................................................................................................................................................................................................................................................................................................................................................................................................................................................................................................................................................................................................................................................................................................................................................................................................................................................................................................................................................................................................................................................................................................................................................................................................................................................................................................................................................................................................................................................................................................................................................................................................................................................................................................................................................................................................................................................................................................................................................................................................................................................................................................................................................................................................................................................................................................................................................................................................................................................................................................................................................................................................................................................................................................................................................................................................................................................................................................................................................................................................................................................................................................................................................................................................................................................................................................................................................................................................................................................................................................................................................................................................................................................................................................................................................................................................................................................................................................................................................................................................................................................................................................................................................................................................................................................................................................................................................................................................................................................................................................................................................................................................................................................................................................................................................................................................................................................................................................................................................................................................................................................................................................................................................................................................................................................................................................................................................................................................................................................................................................................................................................................................................................................................................................................................................................................................................................................................................................................................................................................................................................................................................................................................................................................................................................................................................................................................................................................................................................................................................................................................................................................................................................................................................................................................................................................................................................................................................................................................................................................................................................................................................................................................................................................................................................................................................................................................................................................................................................................................................................................................................................................................................................................................................................................................................................................................................................................................................................................................................................................................................................................................................................................................................................................................................................................................................................................................................................................................................................................................................................................................................................................................................................................................................................................................................................................................................................................................................................................................................................................................................................................................................................................................................................................................................................................................................................................................................................................................................................................................................................................................................................................................................................................................................................................................................................................................................................................................................................................................................................................................................................................................................................................................................................................................................................................................................................................................................................................................................................................................................................................................................................................................................................................................................................................................................................................................................................................................................................................................................................................................................................................................................................................................................................................................................................................................................................................................................................................................................................................................................................................................................................................................................................................................................................................................................................................................................................................................................................................................................................................................................................................................................................................................................................................................................................................................................................................................................................................................................................................................................................................................................................................................................................................................................................................................................................................................................................................................................................................................................................................................................................................................................................................................................................................................................................................................................................................................................................................................................................................................................................................................................................................................................................................................................................................................................................................................................................................................................................................................................................................................................................................................................................................................................................................................................................................................................................................................................................................................................................................................................................................................................................................................................................................................................................................................................................................................................................................................................................................................................................................................................................................................................................................................................................................................................................................................................................................................................................................................................................................................................................................................................................................................................................................................................................................................................................................................................................................................................................................................................................................................................................................................................................................................................................................................................................................................................................................................................................................................................................................................................................................................................................................................................................................................................................................................................................................................................................................................................................................................................................................................................................................................................................................................................................................................................................................................................................................................................................................................................................................................................................................................................................................................................................................................................................................................................................................................................................................................................................................................................................................................................................................................................................................................................................................................................................................................................................................................................................................................................................................................................................................................................................................................................................................................................................................................................................................................................................................................................................................................................................................................................................................................................................................................................................................................................................................................................................................................................................................................................................................................................................................................................................................................................................................................................................................................................................................................................................................................................................................................................................................................................................................................................................................................................................................................................................................................................................................................................................................................................................................................................................................................................................................................................................................................................................................................................................................................................................................................................................................................................................................................................................................................................................................................................................................................................................................................................................................................................................................................................................................................................................................................................................................................................................................................................................................................................................................................................................................................................................................................................................................................................................................................................................................................................................................................................................................................................................................................................................................................................................................................................................................................................................................................................................................................................................................................................................................................................................................................................................................................................................................................................................................................................................................................................................................................................................................................................................................................................................................................................................................................................................................................................................................................................................................................................................................................................................................................................................................................................................................................................................................................................................................................................................................................................................................................................................................................................................................................................................................................................................................................................................................................................................................................................................................................................................................................................................................................................................................................................................................................................................................................................................................................................................................................................................................................................................................................................................................................................................................................................................................................................................................................................................................................................................................................................................................................................................................................................................................................................................................................................................................................................................................................................................................................................................................................................................................................................................................................................................................................................................................................................................................................................................................................................................................................................................................................................................................................................................................................................................................................................................................................................................................................................................................................................................................................................................................................................................................................................................................................................................................................................................................................................................................................................................................................................................................................................................................................................................................................................................................................................................................................................................................................................................................................................................................................................................................................................................................................................................................................................................................................................................................................................................................................................................................................................................................................................................................................................................................................................................................................................................................................................................................................................................................................................................................................................................................................................................................................................................................................................................................................................................................................................................................................................................................................................................................................................................................................................................................................................................................................................................................................................................................................................................................................................................................................................................................................................................................................................................................................................................................................................................................................................................................................................................................................................................................................................................................................................................................................................................................................................................................................................................................................................................................................................................................................................................................................................................................................................................................................................................................................................................................................................................................................................................................................................................................................................................................................................................................................................................................................................................................................................................................................................................................................................................................................................................................................................................................................................................................................................................................................................................................................................................................................................................................................................................................................................................................................................................................................................................................................................................................................................................................................................................................................................................................................................................................................................................................................................................................................................................................................................................................................................................................................................................................................................................................2 ms. Memory: 129024K Free: 103202K (80%)
2 ms. Memory: 129024K Free: 102192K (79%)
3 ms. Memory: 129024K Free: 101682K (79%)
1 ms. Memory: 129024K Free: 101154K (78%)
1 ms. Memory: 129024K Free: 100642K (78%)
/home/travis/build/icyphy/ptII/ptolemy/actor/lib/test/IIR.tcl
/home/travis/build/icyphy/ptII/ptolemy/actor/lib/test/Interpolator.tcl
3 ms. Memory: 129024K Free: 96562K (75%)
2 ms. Memory: 129024K Free: 96048K (74%)
1 ms. Memory: 129024K Free: 95538K (74%)
2 ms. Memory: 129024K Free: 95010K (74%)
2 ms. Memory: 129024K Free: 93986K (73%)
1 ms. Memory: 129024K Free: 93490K (72%)
2 ms. Memory: 129024K Free: 92466K (72%)
2 ms. Memory: 129024K Free: 91442K (71%)
1 ms. Memory: 129024K Free: 90928K (70%)
2 ms. Memory: 129024K Free: 89874K (70%)
/home/travis/build/icyphy/ptII/ptolemy/actor/lib/test/MathFunction.tcl
3 ms. Memory: 129024K Free: 87826K (68%)
1 ms. Memory: 129024K Free: 86322K (67%)
1 ms. Memory: 129024K Free: 85298K (66%)
1 ms. Memory: 129024K Free: 84754K (66%)
7 ms. Memory: 129024K Free: 83250K (65%)
7 ms. Memory: 129024K Free: 81202K (63%)
/home/travis/build/icyphy/ptII/ptolemy/actor/lib/test/Maximum.tcl
3 ms. Memory: 129024K Free: 79664K (62%)
6 ms. Memory: 129024K Free: 78626K (61%)
8 ms. Memory: 129024K Free: 78130K (61%)
5 ms. Memory: 129024K Free: 77602K (60%)
/home/travis/build/icyphy/ptII/ptolemy/actor/lib/test/Minimum.tcl
7 ms. Memory: 129024K Free: 75568K (59%)
3 ms. Memory: 129024K Free: 75058K (58%)
3 ms. Memory: 129024K Free: 74514K (58%)
2 ms. Memory: 129024K Free: 74034K (57%)
/home/travis/build/icyphy/ptII/ptolemy/actor/lib/test/MultiplyDivide.tcl
9 ms. Memory: 129024K Free: 71986K (56%)
8 ms. Memory: 129024K Free: 70962K (55%)
2 ms. Memory: 129024K Free: 70418K (55%)
2 ms. Memory: 129024K Free: 69936K (54%)
1 ms. Memory: 129024K Free: 68914K (53%)
/home/travis/build/icyphy/ptII/ptolemy/actor/lib/test/OrderedMerge.tcl
Connections changed on port: inputA
Connections changed on port: inputB
Connections changed on port: output
Connections changed on port: output
Connections changed on port: output
Connections changed on port: input
.top. Preinitializing ...
Invoking preinitialize():  .top.OrderedMerge
Called preinitialize()
Invoking preinitialize():  .top.Ramp
Called preinitialize()
Invoking preinitialize():  .top.Ramp2
Called preinitialize()
Invoking preinitialize():  .top.Test
Called preinitialize()
Connections changed on port: inputA
Connections changed on port: output
Connections changed on port: output
Connections changed on port: input
Connections changed on port: inputB
Connections changed on port: output
.top. Finished preinitialize().
Called initialize().
Invoking initialize():  .top.OrderedMerge
Initializing actor: .top.OrderedMerge
Adding a thread: .top.OrderedMerge
Invoking initialize():  .top.Ramp
Initializing actor: .top.Ramp
Adding a thread: .top.Ramp
Invoking initialize():  .top.Ramp2
Initializing actor: .top.Ramp2
Adding a thread: .top.Ramp2
Invoking initialize():  .top.Test
Initializing actor: .top.Test
Adding a thread: .top.Test
Called fire().
Checking for deadlock:
-- Starting thread.
Called initialize()
Called prefire()
Called fire()
-- Starting thread.
Called initialize()
Called prefire()
Called fire()
There are 0 Blocked actors, 0 Stopped actors, and 4 active threads.
Waiting for actors to stop.
Called postfire()
Called prefire()
Called fire()
-- Starting thread.
Called initialize()
Called prefire()
Called fire()
Called postfire()
Called prefire()
Called fire()
-- Starting thread.
Called initialize()
Called prefire()
Called fire()
Read input token from inputA with value 0.0
Next port to read input from is inputB
Called postfire()
Called prefire()
Called fire()
Checking for deadlock:
There are 1 Blocked actors, 0 Stopped actors, and 4 active threads.
Waiting for actors to stop.
Called postfire()
Called prefire()
Called fire()
Called postfire()
Called prefire()
Called fire()
Read input token from inputB with value 0.0
Sent output token with value 0.0
Next port to read input from is inputA
Called postfire()
Called prefire()
Called fire()
Read input token from inputA with value 1.0
Checking for deadlock:
There are 2 Blocked actors, 0 Stopped actors, and 4 active threads.
Waiting for actors to stop.
Called postfire()
Called prefire()
Called fire()
-- Read input: 0.0, which is expected to match: 0.0
Called prefire()
Called fire()
Checking for deadlock:
There are 3 Blocked actors, 0 Stopped actors, and 4 active threads.
Waiting for actors to stop.
-- Read input: 0.0, which is expected to match: 0.0
Called prefire()
Called fire()
Checking for deadlock:
There are 3 Blocked actors, 0 Stopped actors, and 4 active threads.
Waiting for actors to stop.
Sent output token with value 0.0
Next port to read input from is inputB
Called postfire()
Called prefire()
Called fire()
Called postfire()
Called prefire()
Called fire()
Checking for deadlock:
There are 3 Blocked actors, 0 Stopped actors, and 4 active threads.
Waiting for actors to stop.
Read input token from inputB with value 1.5
-- Read input: 1.0, which is expected to match: 1.0
Called prefire()
Called fire()
Checking for deadlock:
There are 3 Blocked actors, 0 Stopped actors, and 4 active threads.
Waiting for actors to stop.
Sent output token with value 1.0
Next port to read input from is inputA
Called postfire()
Called prefire()
Called fire()
Called postfire()
Called prefire()
Called fire()
Checking for deadlock:
There are 3 Blocked actors, 0 Stopped actors, and 4 active threads.
Waiting for actors to stop.
Read input token from inputA with value 2.0
-- Read input: 1.5, which is expected to match: 1.5
Called prefire()
Called fire()
Checking for deadlock:
There are 3 Blocked actors, 0 Stopped actors, and 4 active threads.
Waiting for actors to stop.
Sent output token with value 1.5
Next port to read input from is inputB
Called postfire()
Called prefire()
Called fire()
Checking for deadlock:
There are 2 Blocked actors, 0 Stopped actors, and 4 active threads.
Waiting for actors to stop.
Called postfire()
Called prefire()
Called fire()
Checking for deadlock:
There are 3 Blocked actors, 0 Stopped actors, and 4 active threads.
Waiting for actors to stop.
Read input token from inputB with value 3.0
Checking for deadlock:
There are 2 Blocked actors, 0 Stopped actors, and 4 active threads.
Waiting for actors to stop.
-- Read input: 2.0, which is expected to match: 2.0
Called prefire()
Called fire()
Checking for deadlock:
There are 3 Blocked actors, 0 Stopped actors, and 4 active threads.
Waiting for actors to stop.
Sent output token with value 2.0
Next port to read input from is inputA
Called postfire()
Called prefire()
Called fire()
Called postfire()
Called prefire()
Called fire()
Checking for deadlock:
There are 3 Blocked actors, 0 Stopped actors, and 4 active threads.
Waiting for actors to stop.
Read input token from inputA with value 3.0
-- Read input: 3.0, which is expected to match: 3.0
Called prefire()
Called fire()
Checking for deadlock:
There are 3 Blocked actors, 0 Stopped actors, and 4 active threads.
Waiting for actors to stop.
Sent output token with value 3.0
Next port to read input from is inputB
Called postfire()
Called prefire()
Called fire()
Checking for deadlock:
There are 2 Blocked actors, 0 Stopped actors, and 4 active threads.
Waiting for actors to stop.
Called postfire()
Called prefire()
Called fire()
Checking for deadlock:
There are 3 Blocked actors, 0 Stopped actors, and 4 active threads.
Waiting for actors to stop.
Read input token from inputB with value 4.5
Checking for deadlock:
There are 2 Blocked actors, 0 Stopped actors, and 4 active threads.
Waiting for actors to stop.
-- Read input: 3.0, which is expected to match: 3.0
Called prefire()
Called fire()
Checking for deadlock:
There are 3 Blocked actors, 0 Stopped actors, and 4 active threads.
Waiting for actors to stop.
Sent output token with value 3.0
Next port to read input from is inputA
Called postfire()
Called prefire()
Called fire()
Called postfire()
Called prefire()
Called fire()
Checking for deadlock:
There are 3 Blocked actors, 0 Stopped actors, and 4 active threads.
Waiting for actors to stop.
Read input token from inputA with value 4.0
-- Read input: 4.0, which is expected to match: 4.0
Called prefire()
Called fire()
Past the end of training data. Read and discard all inputs.
Checking for deadlock:
There are 3 Blocked actors, 0 Stopped actors, and 4 active threads.
Waiting for actors to stop.
Sent output token with value 4.0
Next port to read input from is inputA
Called postfire()
Called prefire()
Called fire()
Called postfire()
Called prefire()
Called fire()
Checking for deadlock:
There are 3 Blocked actors, 0 Stopped actors, and 4 active threads.
Waiting for actors to stop.
Read input token from inputA with value 5.0
Called prefire()
Called fire()
Past the end of training data. Read and discard all inputs.
Checking for deadlock:
There are 3 Blocked actors, 0 Stopped actors, and 4 active threads.
Waiting for actors to stop.
Sent output token with value 4.5
Next port to read input from is inputB
Called postfire()
Called prefire()
Called fire()
Checking for deadlock:
There are 2 Blocked actors, 0 Stopped actors, and 4 active threads.
Waiting for actors to stop.
Called postfire()
Called prefire()
Called fire()
Checking for deadlock:
There are 3 Blocked actors, 0 Stopped actors, and 4 active threads.
Waiting for actors to stop.
Read input token from inputB with value 6.0
Checking for deadlock:
There are 2 Blocked actors, 0 Stopped actors, and 4 active threads.
Waiting for actors to stop.
Called prefire()
Called fire()
Past the end of training data. Read and discard all inputs.
Checking for deadlock:
There are 3 Blocked actors, 0 Stopped actors, and 4 active threads.
Waiting for actors to stop.
Sent output token with value 5.0
Next port to read input from is inputA
Called postfire()
Called prefire()
Called fire()
Called postfire()
Called prefire()
Called fire()
Checking for deadlock:
There are 3 Blocked actors, 0 Stopped actors, and 4 active threads.
Waiting for actors to stop.
Read input token from inputA with value 6.0
Called prefire()
Called fire()
Past the end of training data. Read and discard all inputs.
Checking for deadlock:
There are 3 Blocked actors, 0 Stopped actors, and 4 active threads.
Waiting for actors to stop.
Sent output token with value 6.0
Next port to read input from is inputB
Called postfire()
Called prefire()
Called fire()
Checking for deadlock:
There are 2 Blocked actors, 0 Stopped actors, and 4 active threads.
Waiting for actors to stop.
Called postfire()
Called prefire()
Called fire()
Checking for deadlock:
There are 3 Blocked actors, 0 Stopped actors, and 4 active threads.
Waiting for actors to stop.
Read input token from inputB with value 7.5
Checking for deadlock:
There are 2 Blocked actors, 0 Stopped actors, and 4 active threads.
Waiting for actors to stop.
Called prefire()
Called fire()
Past the end of training data. Read and discard all inputs.
Checking for deadlock:
There are 3 Blocked actors, 0 Stopped actors, and 4 active threads.
Waiting for actors to stop.
Sent output token with value 6.0
Next port to read input from is inputA
Called postfire()
Called prefire()
Called fire()
Called postfire()
Called prefire()
Called fire()
Checking for deadlock:
There are 3 Blocked actors, 0 Stopped actors, and 4 active threads.
Waiting for actors to stop.
Read input token from inputA with value 7.0
Called prefire()
Called fire()
Past the end of training data. Read and discard all inputs.
Checking for deadlock:
There are 3 Blocked actors, 0 Stopped actors, and 4 active threads.
Waiting for actors to stop.
Sent output token with value 7.0
Next port to read input from is inputA
Called postfire()
Called prefire()
Called fire()
-- Thread wrapup() called.
Called wrapup()
Thread .top.Ramp is exiting.
-- Thread stopped.
Checking for deadlock:
There are 2 Blocked actors, 0 Stopped actors, and 3 active threads.
Waiting for actors to stop.
Read input token from inputA with value 8.0
Checking for deadlock:
There are 1 Blocked actors, 0 Stopped actors, and 3 active threads.
Waiting for actors to stop.
Called prefire()
Called fire()
Past the end of training data. Read and discard all inputs.
Checking for deadlock:
There are 2 Blocked actors, 0 Stopped actors, and 3 active threads.
Waiting for actors to stop.
Sent output token with value 7.5
Next port to read input from is inputB
Called postfire()
Called prefire()
Called fire()
Checking for deadlock:
There are 1 Blocked actors, 0 Stopped actors, and 3 active threads.
Waiting for actors to stop.
Called postfire()
Called prefire()
Called fire()
Checking for deadlock:
There are 2 Blocked actors, 0 Stopped actors, and 3 active threads.
Waiting for actors to stop.
Read input token from inputB with value 9.0
Checking for deadlock:
There are 1 Blocked actors, 0 Stopped actors, and 3 active threads.
Waiting for actors to stop.
Called prefire()
Called fire()
Past the end of training data. Read and discard all inputs.
Checking for deadlock:
There are 2 Blocked actors, 0 Stopped actors, and 3 active threads.
Waiting for actors to stop.
Sent output token with value 8.0
Next port to read input from is inputA
Called postfire()
Called prefire()
Called fire()
Read input token from inputA with value 9.0
Called prefire()
Called fire()
Past the end of training data. Read and discard all inputs.
Checking for deadlock:
There are 2 Blocked actors, 0 Stopped actors, and 3 active threads.
Waiting for actors to stop.
Sent output token with value 9.0
Next port to read input from is inputB
Called postfire()
Called prefire()
Called fire()
Called postfire()
Called prefire()
Called fire()
Checking for deadlock:
There are 2 Blocked actors, 0 Stopped actors, and 3 active threads.
Waiting for actors to stop.
Read input token from inputB with value 10.5
Called prefire()
Called fire()
Past the end of training data. Read and discard all inputs.
Checking for deadlock:
There are 2 Blocked actors, 0 Stopped actors, and 3 active threads.
Waiting for actors to stop.
Sent output token with value 9.0
Next port to read input from is inputA
Called postfire()
Called prefire()
Called fire()
Checking for deadlock:
There are 3 Blocked actors, 0 Stopped actors, and 3 active threads.
Actors have stopped.
Checking for deadlock:
There are 3 Blocked actors, 0 Stopped actors, and 3 active threads.
Deadlock detected.
Resolving Deadlock
Checking for deadlock:
There are 3 Blocked actors, 0 Stopped actors, and 3 active threads.
Artificial Deadlock - increasing queue capacity.
increasing the capacity of receiver ptolemy.actor.TypedIOPort {.top.OrderedMerge.inputB} to 2
Director: Called postfire().
Called postfire().
_stopRequested = false
_stopFireRequested = false
Returning from postfire(): true
Called fire().
Checking for deadlock:
There are 2 Blocked actors, 0 Stopped actors, and 3 active threads.
Waiting for actors to stop.
-- Thread wrapup() called.
Called wrapup()
Thread .top.Ramp2 is exiting.
-- Thread stopped.
Checking for deadlock:
There are 2 Blocked actors, 0 Stopped actors, and 2 active threads.
Actors have stopped.
Checking for deadlock:
There are 2 Blocked actors, 0 Stopped actors, and 2 active threads.
Deadlock detected.
Resolving Deadlock
Checking for deadlock:
There are 2 Blocked actors, 0 Stopped actors, and 2 active threads.
Deadlock detected: no processes blocked on write, but some are blocked on read.
Called postfire().
_stopRequested = false
_stopFireRequested = false
Returning from postfire(): false
Finished deactivating branches.
Called wrapup().
-- Thread wrapup() called.
Called wrapup()
Thread .top.Test is exiting.
-- Thread stopped.
-- Blocked Receiver call threw TerminateProcessException.
-- Thread wrapup() called.
Called wrapup()
Thread .top.OrderedMerge is exiting.
-- Thread stopped.
-- Blocked Receiver call threw TerminateProcessException.
47 ms. Memory: 129024K Free: 63794K (49%)
.top. Preinitializing ...
Invoking preinitialize():  .top.OrderedMerge
Called preinitialize()
Invoking preinitialize():  .top.Ramp
Called preinitialize()
Invoking preinitialize():  .top.Ramp2
Called preinitialize()
Invoking preinitialize():  .top.Test
Called preinitialize()
.top. Finished preinitialize().
Called initialize().
Invoking initialize():  .top.OrderedMerge
Initializing actor: .top.OrderedMerge
Adding a thread: .top.OrderedMerge
Invoking initialize():  .top.Ramp
Initializing actor: .top.Ramp
Adding a thread: .top.Ramp
Invoking initialize():  .top.Ramp2
Initializing actor: .top.Ramp2
Adding a thread: .top.Ramp2
Invoking initialize():  .top.Test
Initializing actor: .top.Test
Adding a thread: .top.Test
-- Starting thread.
Called initialize()
Called prefire()
Called fire()
-- Starting thread.
Called initialize()
Called prefire()
Called fire()
Called postfire()
Called prefire()
Called fire()
-- Starting thread.
Called initialize()
Called prefire()
Called fire()
Called postfire()
Called prefire()
Called fire()
Called fire().
Checking for deadlock:
There are 3 Blocked actors, 0 Stopped actors, and 4 active threads.
Waiting for actors to stop.
-- Starting thread.
Called initialize()
Called prefire()
Called fire()
Checking for deadlock:
There are 2 Blocked actors, 0 Stopped actors, and 4 active threads.
Waiting for actors to stop.
Called postfire()
Called prefire()
Called fire()
Checking for deadlock:
There are 3 Blocked actors, 0 Stopped actors, and 4 active threads.
Waiting for actors to stop.
Read input token from inputA with value 0.0
Next port to read input from is inputB
Called postfire()
Called prefire()
Called fire()
Called postfire()
Called prefire()
Called fire()
Checking for deadlock:
There are 3 Blocked actors, 0 Stopped actors, and 4 active threads.
Waiting for actors to stop.
Read input token from inputB with value 0.0
Checking for deadlock:
There are 2 Blocked actors, 0 Stopped actors, and 4 active threads.
Waiting for actors to stop.
-- Read input: 0.0, which is expected to match: 0.0
Called prefire()
Called fire()
Checking for deadlock:
There are 3 Blocked actors, 0 Stopped actors, and 4 active threads.
Waiting for actors to stop.
Sent output token with value 0.0
Next port to read input from is inputA
Called postfire()
Called prefire()
Called fire()
Checking for deadlock:
There are 2 Blocked actors, 0 Stopped actors, and 4 active threads.
Waiting for actors to stop.
Called postfire()
Called prefire()
Called fire()
Checking for deadlock:
There are 3 Blocked actors, 0 Stopped actors, and 4 active threads.
Waiting for actors to stop.
Read input token from inputA with value 1.0
Checking for deadlock:
There are 2 Blocked actors, 0 Stopped actors, and 4 active threads.
Waiting for actors to stop.
-- Read input: 0.0, which is expected to match: 0.0
Called prefire()
Called fire()
Checking for deadlock:
There are 3 Blocked actors, 0 Stopped actors, and 4 active threads.
Waiting for actors to stop.
Sent output token with value 0.0
Next port to read input from is inputB
Called postfire()
Called prefire()
Called fire()
Called postfire()
Called prefire()
Called fire()
Checking for deadlock:
There are 3 Blocked actors, 0 Stopped actors, and 4 active threads.
Waiting for actors to stop.
Read input token from inputB with value 1.5
-- Read input: 1.0, which is expected to match: 1.0
Called prefire()
Called fire()
Checking for deadlock:
There are 3 Blocked actors, 0 Stopped actors, and 4 active threads.
Waiting for actors to stop.
Sent output token with value 1.0
Next port to read input from is inputA
Called postfire()
Called prefire()
Called fire()
Checking for deadlock:
There are 2 Blocked actors, 0 Stopped actors, and 4 active threads.
Waiting for actors to stop.
Called postfire()
Called prefire()
Called fire()
Checking for deadlock:
There are 3 Blocked actors, 0 Stopped actors, and 4 active threads.
Waiting for actors to stop.
Read input token from inputA with value 2.0
Checking for deadlock:
There are 2 Blocked actors, 0 Stopped actors, and 4 active threads.
Waiting for actors to stop.
-- Read input: 1.5, which is expected to match: 1.5
Called prefire()
Called fire()
Checking for deadlock:
There are 3 Blocked actors, 0 Stopped actors, and 4 active threads.
Waiting for actors to stop.
Sent output token with value 1.5
Next port to read input from is inputB
Called postfire()
Called prefire()
Called fire()
Checking for deadlock:
There are 2 Blocked actors, 0 Stopped actors, and 4 active threads.
Waiting for actors to stop.
Called postfire()
Called prefire()
Called fire()
Checking for deadlock:
There are 3 Blocked actors, 0 Stopped actors, and 4 active threads.
Waiting for actors to stop.
Read input token from inputB with value 3.0
Checking for deadlock:
There are 2 Blocked actors, 0 Stopped actors, and 4 active threads.
Waiting for actors to stop.
-- Read input: 2.0, which is expected to match: 2.0
Called prefire()
Called fire()
Checking for deadlock:
There are 3 Blocked actors, 0 Stopped actors, and 4 active threads.
Waiting for actors to stop.
Sent output token with value 2.0
Next port to read input from is inputA
Called postfire()
Called prefire()
Called fire()
Checking for deadlock:
There are 2 Blocked actors, 0 Stopped actors, and 4 active threads.
Waiting for actors to stop.
Called postfire()
Called prefire()
Called fire()
Checking for deadlock:
There are 3 Blocked actors, 0 Stopped actors, and 4 active threads.
Waiting for actors to stop.
Read input token from inputA with value 3.0
Checking for deadlock:
There are 2 Blocked actors, 0 Stopped actors, and 4 active threads.
Waiting for actors to stop.
-- Read input: 3.0, which is expected to match: 3.0
Called prefire()
Called fire()
Checking for deadlock:
There are 3 Blocked actors, 0 Stopped actors, and 4 active threads.
Waiting for actors to stop.
Sent output token with value 3.0
Next port to read input from is inputB
Called postfire()
Called prefire()
Called fire()
Called postfire()
Called prefire()
Called fire()
Checking for deadlock:
There are 3 Blocked actors, 0 Stopped actors, and 4 active threads.
Waiting for actors to stop.
Read input token from inputB with value 4.5
-- Read input: 3.0, which is expected to match: 3.0
Called prefire()
Called fire()
Checking for deadlock:
There are 3 Blocked actors, 0 Stopped actors, and 4 active threads.
Waiting for actors to stop.
Sent output token with value 3.0
Next port to read input from is inputA
Called postfire()
Called prefire()
Called fire()
Called postfire()
Called prefire()
Called fire()
Checking for deadlock:
There are 3 Blocked actors, 0 Stopped actors, and 4 active threads.
Waiting for actors to stop.
Read input token from inputA with value 4.0
-- Read input: 4.0, which is expected to match: 4.0
Called prefire()
Called fire()
Past the end of training data. Read and discard all inputs.
Checking for deadlock:
There are 3 Blocked actors, 0 Stopped actors, and 4 active threads.
Waiting for actors to stop.
Sent output token with value 4.0
Next port to read input from is inputA
Called postfire()
Called prefire()
Called fire()
Called postfire()
Called prefire()
Called fire()
Checking for deadlock:
There are 3 Blocked actors, 0 Stopped actors, and 4 active threads.
Waiting for actors to stop.
Read input token from inputA with value 5.0
Called prefire()
Called fire()
Past the end of training data. Read and discard all inputs.
Checking for deadlock:
There are 3 Blocked actors, 0 Stopped actors, and 4 active threads.
Waiting for actors to stop.
Sent output token with value 4.5
Next port to read input from is inputB
Called postfire()
Called prefire()
Called fire()
Called postfire()
Called prefire()
Called fire()
Checking for deadlock:
There are 3 Blocked actors, 0 Stopped actors, and 4 active threads.
Waiting for actors to stop.
Read input token from inputB with value 6.0
Called prefire()
Called fire()
Past the end of training data. Read and discard all inputs.
Checking for deadlock:
There are 3 Blocked actors, 0 Stopped actors, and 4 active threads.
Waiting for actors to stop.
Sent output token with value 5.0
Next port to read input from is inputA
Called postfire()
Called prefire()
Called fire()
Checking for deadlock:
There are 2 Blocked actors, 0 Stopped actors, and 4 active threads.
Waiting for actors to stop.
Called postfire()
Called prefire()
Called fire()
Checking for deadlock:
There are 3 Blocked actors, 0 Stopped actors, and 4 active threads.
Waiting for actors to stop.
Read input token from inputA with value 6.0
Checking for deadlock:
There are 2 Blocked actors, 0 Stopped actors, and 4 active threads.
Waiting for actors to stop.
Called prefire()
Called fire()
Past the end of training data. Read and discard all inputs.
Checking for deadlock:
There are 3 Blocked actors, 0 Stopped actors, and 4 active threads.
Waiting for actors to stop.
Sent output token with value 6.0
Next port to read input from is inputB
Called postfire()
Called prefire()
Called fire()
Called postfire()
Called prefire()
Called fire()
Checking for deadlock:
There are 3 Blocked actors, 0 Stopped actors, and 4 active threads.
Waiting for actors to stop.
Read input token from inputB with value 7.5
Called prefire()
Called fire()
Past the end of training data. Read and discard all inputs.
Checking for deadlock:
There are 3 Blocked actors, 0 Stopped actors, and 4 active threads.
Waiting for actors to stop.
Sent output token with value 6.0
Next port to read input from is inputA
Called postfire()
Called prefire()
Called fire()
Checking for deadlock:
There are 2 Blocked actors, 0 Stopped actors, and 4 active threads.
Waiting for actors to stop.
Called postfire()
Called prefire()
Called fire()
Checking for deadlock:
There are 3 Blocked actors, 0 Stopped actors, and 4 active threads.
Waiting for actors to stop.
Read input token from inputA with value 7.0
Checking for deadlock:
There are 2 Blocked actors, 0 Stopped actors, and 4 active threads.
Waiting for actors to stop.
Called prefire()
Called fire()
Past the end of training data. Read and discard all inputs.
Checking for deadlock:
There are 3 Blocked actors, 0 Stopped actors, and 4 active threads.
Waiting for actors to stop.
Sent output token with value 7.0
Next port to read input from is inputA
Called postfire()
Called prefire()
Called fire()
Checking for deadlock:
There are 2 Blocked actors, 0 Stopped actors, and 4 active threads.
Waiting for actors to stop.
-- Thread wrapup() called.
Called wrapup()
Thread .top.Ramp is exiting.
-- Thread stopped.
Checking for deadlock:
There are 2 Blocked actors, 0 Stopped actors, and 3 active threads.
Waiting for actors to stop.
Read input token from inputA with value 8.0
Called prefire()
Called fire()
Past the end of training data. Read and discard all inputs.
Checking for deadlock:
There are 2 Blocked actors, 0 Stopped actors, and 3 active threads.
Waiting for actors to stop.
Sent output token with value 7.5
Next port to read input from is inputB
Called postfire()
Called prefire()
Called fire()
Checking for deadlock:
There are 1 Blocked actors, 0 Stopped actors, and 3 active threads.
Waiting for actors to stop.
Called postfire()
Called prefire()
Called fire()
Checking for deadlock:
There are 2 Blocked actors, 0 Stopped actors, and 3 active threads.
Waiting for actors to stop.
Read input token from inputB with value 9.0
Checking for deadlock:
There are 1 Blocked actors, 0 Stopped actors, and 3 active threads.
Waiting for actors to stop.
Called prefire()
Called fire()
Past the end of training data. Read and discard all inputs.
Checking for deadlock:
There are 2 Blocked actors, 0 Stopped actors, and 3 active threads.
Waiting for actors to stop.
Sent output token with value 8.0
Next port to read input from is inputA
Called postfire()
Called prefire()
Called fire()
Read input token from inputA with value 9.0
Called prefire()
Called fire()
Past the end of training data. Read and discard all inputs.
Checking for deadlock:
There are 2 Blocked actors, 0 Stopped actors, and 3 active threads.
Waiting for actors to stop.
Sent output token with value 9.0
Next port to read input from is inputB
Called postfire()
Called prefire()
Called fire()
Called postfire()
Called prefire()
Called fire()
Checking for deadlock:
There are 2 Blocked actors, 0 Stopped actors, and 3 active threads.
Waiting for actors to stop.
Read input token from inputB with value 10.5
Called prefire()
Called fire()
Past the end of training data. Read and discard all inputs.
Checking for deadlock:
There are 2 Blocked actors, 0 Stopped actors, and 3 active threads.
Waiting for actors to stop.
Sent output token with value 9.0
Next port to read input from is inputA
Called postfire()
Called prefire()
Called fire()
Checking for deadlock:
There are 3 Blocked actors, 0 Stopped actors, and 3 active threads.
Actors have stopped.
Checking for deadlock:
There are 3 Blocked actors, 0 Stopped actors, and 3 active threads.
Deadlock detected.
Resolving Deadlock
Checking for deadlock:
There are 3 Blocked actors, 0 Stopped actors, and 3 active threads.
Artificial Deadlock - increasing queue capacity.
increasing the capacity of receiver ptolemy.actor.TypedIOPort {.top.OrderedMerge.inputB} to 2
Director: Called postfire().
Called postfire().
_stopRequested = false
_stopFireRequested = false
Returning from postfire(): true
Called fire().
Checking for deadlock:
There are 2 Blocked actors, 0 Stopped actors, and 3 active threads.
Waiting for actors to stop.
-- Thread wrapup() called.
Called wrapup()
Thread .top.Ramp2 is exiting.
-- Thread stopped.
Checking for deadlock:
There are 2 Blocked actors, 0 Stopped actors, and 2 active threads.
Actors have stopped.
Checking for deadlock:
There are 2 Blocked actors, 0 Stopped actors, and 2 active threads.
Deadlock detected.
Resolving Deadlock
Checking for deadlock:
There are 2 Blocked actors, 0 Stopped actors, and 2 active threads.
Deadlock detected: no processes blocked on write, but some are blocked on read.
Called postfire().
_stopRequested = false
_stopFireRequested = false
Returning from postfire(): false
Finished deactivating branches.
Called wrapup().
-- Thread wrapup() called.
Called wrapup()
-- Thread wrapup() called.
Called wrapup()
Thread .top.Test is exiting.
-- Thread stopped.
-- Blocked Receiver call threw TerminateProcessException.
Thread .top.OrderedMerge is exiting.
-- Thread stopped.
-- Blocked Receiver call threw TerminateProcessException.
36 ms. Memory: 129024K Free: 61746K (48%)
/home/travis/build/icyphy/ptII/ptolemy/actor/lib/test/Publisher.tcl
13 ms. Memory: 129024K Free: 55602K (43%)
4 ms. Memory: 129024K Free: 50482K (39%)
2 ms. Memory: 129024K Free: 46386K (36%)
3 ms. Memory: 129024K Free: 45858K (36%)
6 ms. Memory: 129024K Free: 112267K (87%)
2 ms. Memory: 129024K Free: 111243K (86%)
2 ms. Memory: 129024K Free: 110747K (86%)
2 ms. Memory: 129024K Free: 109723K (85%)
29 ms. Memory: 155648K Free: 138646K (89%)
6 ms. Memory: 155648K Free: 135062K (87%)
11 ms. Memory: 155648K Free: 134534K (86%)
11 ms. Memory: 155648K Free: 131990K (85%)
6 ms. Memory: 155648K Free: 124822K (80%)
6 ms. Memory: 155648K Free: 115092K (74%)
13 ms. Memory: 155648K Free: 103828K (67%)
/home/travis/build/icyphy/ptII/ptolemy/actor/lib/test/Pulse.tcl
3 ms. Memory: 155648K Free: 131286K (84%)
7 ms. Memory: 155648K Free: 130270K (84%)
1 ms. Memory: 155648K Free: 129766K (83%)
1 ms. Memory: 155648K Free: 129238K (83%)
1 ms. Memory: 155648K Free: 128742K (83%)
5 ms. Memory: 155648K Free: 127718K (82%)
2 ms. Memory: 155648K Free: 126694K (81%)
1 ms. Memory: 155648K Free: 126180K (81%)
1 ms. Memory: 155648K Free: 125142K (80%)
/home/travis/build/icyphy/ptII/ptolemy/actor/lib/test/Ramp.tcl
2 ms. Memory: 155648K Free: 123622K (79%)
1 ms. Memory: 155648K Free: 122598K (79%)
1 ms. Memory: 155648K Free: 122070K (78%)
2 ms. Memory: 155648K Free: 121046K (78%)
3 ms. Memory: 155648K Free: 120550K (77%)
3 ms. Memory: 155648K Free: 119526K (77%)
4 ms. Memory: 155648K Free: 118502K (76%)
5 actors
4000 microseconds per iteration to create
4 ms. Memory: 155648K Free: 115940K (74%)
4 ms. Memory: 155648K Free: 115430K (74%)
3 ms. Memory: 155648K Free: 114406K (74%)
1 ms. Memory: 155648K Free: 113892K (73%)
50 actors
41000 microseconds per iteration to create
41 ms. Memory: 155648K Free: 98532K (63%)
13 ms. Memory: 155648K Free: 97508K (63%)
5 ms. Memory: 155648K Free: 96484K (62%)
4 ms. Memory: 155648K Free: 95460K (61%)
500 actors
1400000 microseconds per iteration to create
205 ms. Memory: 155648K Free: 72145K (46%)
32 ms. Memory: 155648K Free: 66515K (43%)
33 ms. Memory: 155648K Free: 61395K (39%)
49 ms. Memory: 187392K Free: 162167K (87%)
/home/travis/build/icyphy/ptII/ptolemy/actor/lib/test/RampContinuous.tcl
7 ms. Memory: 187392K Free: 160584K (86%)
/home/travis/build/icyphy/ptII/ptolemy/actor/lib/test/RecordAssembler.tcl
5 ms. Memory: 187392K Free: 159095K (85%)
3 ms. Memory: 187392K Free: 158071K (84%)
/home/travis/build/icyphy/ptII/ptolemy/actor/lib/test/RecordDisassembler.tcl
6 ms. Memory: 187392K Free: 156023K (83%)
11 ms. Memory: 187392K Free: 155494K (83%)
3 ms. Memory: 187392K Free: 154470K (82%)
/home/travis/build/icyphy/ptII/ptolemy/actor/lib/test/Scale.tcl
3 ms. Memory: 187392K Free: 152437K (81%)
1 ms. Memory: 187392K Free: 151927K (81%)
1 ms. Memory: 187392K Free: 150903K (81%)
2 ms. Memory: 187392K Free: 149879K (80%)
3 ms. Memory: 187392K Free: 149365K (80%)
/home/travis/build/icyphy/ptII/ptolemy/actor/lib/test/SequentialClock.tcl
preinitializing
resolving types
initializing
executing number 1
wrapping up
idle
3 ms. Memory: 187392K Free: 147831K (79%)
Completed execution with 5 iterations
preinitializing
resolving types
initializing
executing number 1
wrapping up
idle
1 ms. Memory: 187392K Free: 147286K (79%)
Completed execution with 5 iterations
preinitializing
resolving types
initializing
executing number 1
wrapping up
idle
1 ms. Memory: 187392K Free: 146807K (78%)
Completed execution with 5 iterations
/home/travis/build/icyphy/ptII/ptolemy/actor/lib/test/SetVariable.tcl
5 ms. Memory: 187392K Free: 145269K (78%)
/home/travis/build/icyphy/ptII/ptolemy/actor/lib/test/Sinewave.tcl
/home/travis/build/icyphy/ptII/ptolemy/actor/lib/test/SubscriptionAggregator.tcl
11 ms. Memory: 187392K Free: 133495K (71%)
3 ms. Memory: 187392K Free: 132981K (71%)
1 ms. Memory: 187392K Free: 132471K (71%)
1 ms. Memory: 187392K Free: 131942K (70%)
1 ms. Memory: 187392K Free: 128375K (69%)
8 ms. Memory: 187392K Free: 126327K (67%)
...............................................................971 ms. Memory: 293888K Free: 241794K (82%)
/home/travis/build/icyphy/ptII/ptolemy/actor/lib/test/Test.tcl
 The next command will produce a warning about training mode,
   which may be ignored.
4 ms. Memory: 293888K Free: 239740K (82%)
3 ms. Memory: 293888K Free: 238731K (81%)
1 ms. Memory: 293888K Free: 238221K (81%)
1 ms. Memory: 293888K Free: 237676K (81%)
1 ms. Memory: 293888K Free: 237197K (81%)
2 ms. Memory: 293888K Free: 235652K (80%)
3 ms. Memory: 293888K Free: 234620K (80%)
 The next command will produce a warning about training mode,
   which may be ignored.
3 ms. Memory: 293888K Free: 232077K (79%)
 The next command will produce a warning about training mode,
   which may be ignored.
1 ms. Memory: 293888K Free: 231053K (79%)
0 ms. Memory: 293888K Free: 230524K (78%)
1 ms. Memory: 293888K Free: 230029K (78%)
1 ms. Memory: 293888K Free: 229500K (78%)
6 ms. Memory: 293888K Free: 228491K (78%)
3 ms. Memory: 293888K Free: 224909K (77%)
/home/travis/build/icyphy/ptII/ptolemy/actor/lib/test/TestExceptionHandler.tcl
 The next command will produce a warning about training mode,
   which may be ignored.
2 ms. Memory: 293888K Free: 223356K (76%)
1 ms. Memory: 293888K Free: 222861K (76%)
1 ms. Memory: 293888K Free: 222332K (76%)
/home/travis/build/icyphy/ptII/ptolemy/actor/lib/test/UnionDisassembler.tcl
34 ms. Memory: 293888K Free: 215164K (73%)
/home/travis/build/icyphy/ptII/ptolemy/actor/lib/test/VariableClock.tcl
preinitializing
resolving types
initializing
executing number 1
wrapping up
idle
3 ms. Memory: 293888K Free: 213116K (73%)
Completed execution with 11 iterations
preinitializing
resolving types
initializing
executing number 1
wrapping up
idle
12 ms. Memory: 293888K Free: 211597K (72%)
Completed execution with 10 iterations
05/22/20 02:29:04
Failed: 0  Total Tests: 233  ((Passed: 233, Newly Passed: 0)  Known Failed: 0) /home/travis/build/icyphy/ptII/ptolemy/actor/lib/test
----------------- testing (KnownFailure) /home/travis/build/icyphy/ptII/ptolemy/actor/lib/test/auto/knownFailedTests/PublisherPortToplevelSubscriber.xml
1 ms. Memory: 293888K Free: 208525K (71%)
Known Failure: java.lang.reflect.InvocationTargetException
----------------- testing (KnownFailure) /home/travis/build/icyphy/ptII/ptolemy/actor/lib/test/auto/knownFailedTests/PublisherSubscriberPortToplevel.xml
1 ms. Memory: 293888K Free: 204939K (70%)
Known Failure: java.lang.reflect.InvocationTargetException
----------------- testing (KnownFailure) /home/travis/build/icyphy/ptII/ptolemy/actor/lib/test/auto/knownFailedTests/PublisherSubscriptionAggregatorPort.xml
0 ms. Memory: 293888K Free: 200843K (68%)
Known Failure: java.lang.reflect.InvocationTargetException
----------------- testing (KnownFailure) /home/travis/build/icyphy/ptII/ptolemy/actor/lib/test/auto/knownFailedTests/sizedarray3.xml
4 ms. Memory: 293888K Free: 196237K (67%)
Known Failure: java.lang.reflect.InvocationTargetException
No auto/linux-amd64/*.xml tests in /home/travis/build/icyphy/ptII/ptolemy/actor/lib/test
AutoTests.java: About to close Vertx.
AutoTests.java: Vertx closed.

===========================================================================================
----------------- testing Fri May 22 14:29:04 UTC 2020 /home/travis/build/icyphy/ptII/ptolemy/actor/lib/test/auto/AbsoluteValue.xml
----------------- Instantiating /home/travis/build/icyphy/ptII/ptolemy/actor/lib/test/auto/AbsoluteValue.xml
11 ms. Memory: 293888K Free: 173709K (59%)
----------------- Invoking toplevel() on ptolemy.moml.MoMLSimpleApplication@4c8dcc04
----------------- Done invoking toplevel() on ptolemy.moml.MoMLSimpleApplication@4c8dcc04
reloadAllAccessors: .AbsoluteValue

===========================================================================================
----------------- testing Fri May 22 14:29:05 UTC 2020 /home/travis/build/icyphy/ptII/ptolemy/actor/lib/test/auto/AbsoluteValue2.xml
----------------- Instantiating /home/travis/build/icyphy/ptII/ptolemy/actor/lib/test/auto/AbsoluteValue2.xml
4 ms. Memory: 293888K Free: 166541K (57%)
----------------- Invoking toplevel() on ptolemy.moml.MoMLSimpleApplication@6545935b
----------------- Done invoking toplevel() on ptolemy.moml.MoMLSimpleApplication@6545935b
reloadAllAccessors: .AbsoluteValue2

===========================================================================================
----------------- testing Fri May 22 14:29:05 UTC 2020 /home/travis/build/icyphy/ptII/ptolemy/actor/lib/test/auto/Accumulator.xml
----------------- Instantiating /home/travis/build/icyphy/ptII/ptolemy/actor/lib/test/auto/Accumulator.xml
6 ms. Memory: 293888K Free: 160397K (55%)
----------------- Invoking toplevel() on ptolemy.moml.MoMLSimpleApplication@525f9839
----------------- Done invoking toplevel() on ptolemy.moml.MoMLSimpleApplication@525f9839
reloadAllAccessors: .Accumulator

===========================================================================================
----------------- testing Fri May 22 14:29:05 UTC 2020 /home/travis/build/icyphy/ptII/ptolemy/actor/lib/test/auto/Accumulator2.xml
----------------- Instantiating /home/travis/build/icyphy/ptII/ptolemy/actor/lib/test/auto/Accumulator2.xml
3 ms. Memory: 293888K Free: 155277K (53%)
----------------- Invoking toplevel() on ptolemy.moml.MoMLSimpleApplication@7947b693
----------------- Done invoking toplevel() on ptolemy.moml.MoMLSimpleApplication@7947b693
reloadAllAccessors: .Accumulator2

===========================================================================================
----------------- testing Fri May 22 14:29:05 UTC 2020 /home/travis/build/icyphy/ptII/ptolemy/actor/lib/test/auto/Accumulator3.xml
----------------- Instantiating /home/travis/build/icyphy/ptII/ptolemy/actor/lib/test/auto/Accumulator3.xml
3 ms. Memory: 293888K Free: 150667K (51%)
----------------- Invoking toplevel() on ptolemy.moml.MoMLSimpleApplication@48ee4204
----------------- Done invoking toplevel() on ptolemy.moml.MoMLSimpleApplication@48ee4204
reloadAllAccessors: .Accumulator3

===========================================================================================
----------------- testing Fri May 22 14:29:05 UTC 2020 /home/travis/build/icyphy/ptII/ptolemy/actor/lib/test/auto/ArrayAppend.xml
----------------- Instantiating /home/travis/build/icyphy/ptII/ptolemy/actor/lib/test/auto/ArrayAppend.xml
6 ms. Memory: 293888K Free: 144523K (49%)
----------------- Invoking toplevel() on ptolemy.moml.MoMLSimpleApplication@13255f86
----------------- Done invoking toplevel() on ptolemy.moml.MoMLSimpleApplication@13255f86
reloadAllAccessors: .ArrayAppend

===========================================================================================
----------------- testing Fri May 22 14:29:05 UTC 2020 /home/travis/build/icyphy/ptII/ptolemy/actor/lib/test/auto/ArrayAppend2.xml
----------------- Instantiating /home/travis/build/icyphy/ptII/ptolemy/actor/lib/test/auto/ArrayAppend2.xml
466 ms. Memory: 293888K Free: 216325K (74%)
----------------- Invoking toplevel() on ptolemy.moml.MoMLSimpleApplication@76aae170
----------------- Done invoking toplevel() on ptolemy.moml.MoMLSimpleApplication@76aae170
reloadAllAccessors: .ArrayAppend2

===========================================================================================
----------------- testing Fri May 22 14:29:05 UTC 2020 /home/travis/build/icyphy/ptII/ptolemy/actor/lib/test/auto/ArrayAppend3.xml
----------------- Instantiating /home/travis/build/icyphy/ptII/ptolemy/actor/lib/test/auto/ArrayAppend3.xml
5 ms. Memory: 293888K Free: 210691K (72%)
----------------- Invoking toplevel() on ptolemy.moml.MoMLSimpleApplication@27ba8227
----------------- Done invoking toplevel() on ptolemy.moml.MoMLSimpleApplication@27ba8227
reloadAllAccessors: .ArrayAppend3

===========================================================================================
----------------- testing Fri May 22 14:29:05 UTC 2020 /home/travis/build/icyphy/ptII/ptolemy/actor/lib/test/auto/ArrayAppend4.xml
----------------- Instantiating /home/travis/build/icyphy/ptII/ptolemy/actor/lib/test/auto/ArrayAppend4.xml
1 ms. Memory: 293888K Free: 205571K (70%)
----------------- Invoking toplevel() on ptolemy.moml.MoMLSimpleApplication@151fff08
----------------- Done invoking toplevel() on ptolemy.moml.MoMLSimpleApplication@151fff08
reloadAllAccessors: .ArrayAppend4

===========================================================================================
----------------- testing Fri May 22 14:29:05 UTC 2020 /home/travis/build/icyphy/ptII/ptolemy/actor/lib/test/auto/ArrayAppend5.xml
----------------- Instantiating /home/travis/build/icyphy/ptII/ptolemy/actor/lib/test/auto/ArrayAppend5.xml
2 ms. Memory: 293888K Free: 199941K (68%)
----------------- Invoking toplevel() on ptolemy.moml.MoMLSimpleApplication@3f452c30
----------------- Done invoking toplevel() on ptolemy.moml.MoMLSimpleApplication@3f452c30
reloadAllAccessors: .ArrayAppend5

===========================================================================================
----------------- testing Fri May 22 14:29:05 UTC 2020 /home/travis/build/icyphy/ptII/ptolemy/actor/lib/test/auto/ArrayAppend6.xml
----------------- Instantiating /home/travis/build/icyphy/ptII/ptolemy/actor/lib/test/auto/ArrayAppend6.xml
4 ms. Memory: 293888K Free: 194307K (66%)
----------------- Invoking toplevel() on ptolemy.moml.MoMLSimpleApplication@14dd259d
----------------- Done invoking toplevel() on ptolemy.moml.MoMLSimpleApplication@14dd259d
reloadAllAccessors: .ArrayAppend6

===========================================================================================
----------------- testing Fri May 22 14:29:05 UTC 2020 /home/travis/build/icyphy/ptII/ptolemy/actor/lib/test/auto/ArrayAppendPerformanceTest.xml
----------------- Instantiating /home/travis/build/icyphy/ptII/ptolemy/actor/lib/test/auto/ArrayAppendPerformanceTest.xml
23 ms. Memory: 293888K Free: 183555K (62%)
----------------- Invoking toplevel() on ptolemy.moml.MoMLSimpleApplication@1d162fa8
----------------- Done invoking toplevel() on ptolemy.moml.MoMLSimpleApplication@1d162fa8
reloadAllAccessors: .ArrayAppendPerformanceTest

===========================================================================================
----------------- testing Fri May 22 14:29:05 UTC 2020 /home/travis/build/icyphy/ptII/ptolemy/actor/lib/test/auto/ArrayAppendWithEmptyInput.xml
----------------- Instantiating /home/travis/build/icyphy/ptII/ptolemy/actor/lib/test/auto/ArrayAppendWithEmptyInput.xml
9 ms. Memory: 293888K Free: 175365K (60%)
----------------- Invoking toplevel() on ptolemy.moml.MoMLSimpleApplication@1d22d117
----------------- Done invoking toplevel() on ptolemy.moml.MoMLSimpleApplication@1d22d117
reloadAllAccessors: .ArrayAppendWithEmptyInput

===========================================================================================
----------------- testing Fri May 22 14:29:05 UTC 2020 /home/travis/build/icyphy/ptII/ptolemy/actor/lib/test/auto/ArrayAverage.xml
----------------- Instantiating /home/travis/build/icyphy/ptII/ptolemy/actor/lib/test/auto/ArrayAverage.xml
4 ms. Memory: 293888K Free: 167683K (57%)
----------------- Invoking toplevel() on ptolemy.moml.MoMLSimpleApplication@6d94b712
----------------- Done invoking toplevel() on ptolemy.moml.MoMLSimpleApplication@6d94b712
reloadAllAccessors: .ArrayAverage

===========================================================================================
----------------- testing Fri May 22 14:29:06 UTC 2020 /home/travis/build/icyphy/ptII/ptolemy/actor/lib/test/auto/ArrayContains.xml
----------------- Instantiating /home/travis/build/icyphy/ptII/ptolemy/actor/lib/test/auto/ArrayContains.xml
3 ms. Memory: 293888K Free: 161539K (55%)
----------------- Invoking toplevel() on ptolemy.moml.MoMLSimpleApplication@77f626f9
----------------- Done invoking toplevel() on ptolemy.moml.MoMLSimpleApplication@77f626f9
reloadAllAccessors: .ArrayContains

===========================================================================================
----------------- testing Fri May 22 14:29:06 UTC 2020 /home/travis/build/icyphy/ptII/ptolemy/actor/lib/test/auto/ArrayElement.xml
----------------- Instantiating /home/travis/build/icyphy/ptII/ptolemy/actor/lib/test/auto/ArrayElement.xml
6 ms. Memory: 293888K Free: 155909K (53%)
----------------- Invoking toplevel() on ptolemy.moml.MoMLSimpleApplication@4a859bb1
----------------- Done invoking toplevel() on ptolemy.moml.MoMLSimpleApplication@4a859bb1
reloadAllAccessors: .ArrayElement

===========================================================================================
----------------- testing Fri May 22 14:29:06 UTC 2020 /home/travis/build/icyphy/ptII/ptolemy/actor/lib/test/auto/ArrayElementAsMatrix.xml
----------------- Instantiating /home/travis/build/icyphy/ptII/ptolemy/actor/lib/test/auto/ArrayElementAsMatrix.xml
16 ms. Memory: 293888K Free: 146179K (50%)
----------------- Invoking toplevel() on ptolemy.moml.MoMLSimpleApplication@40eb3d2a
----------------- Done invoking toplevel() on ptolemy.moml.MoMLSimpleApplication@40eb3d2a
reloadAllAccessors: .ArrayElementAsMatrix

===========================================================================================
----------------- testing Fri May 22 14:29:06 UTC 2020 /home/travis/build/icyphy/ptII/ptolemy/actor/lib/test/auto/ArrayElementI.xml
----------------- Instantiating /home/travis/build/icyphy/ptII/ptolemy/actor/lib/test/auto/ArrayElementI.xml
3 ms. Memory: 293888K Free: 140549K (48%)
----------------- Invoking toplevel() on ptolemy.moml.MoMLSimpleApplication@7868e46e
----------------- Done invoking toplevel() on ptolemy.moml.MoMLSimpleApplication@7868e46e
reloadAllAccessors: .ArrayElementI

===========================================================================================
----------------- testing Fri May 22 14:29:06 UTC 2020 /home/travis/build/icyphy/ptII/ptolemy/actor/lib/test/auto/ArrayExtract.xml
----------------- Instantiating /home/travis/build/icyphy/ptII/ptolemy/actor/lib/test/auto/ArrayExtract.xml
5 ms. Memory: 293888K Free: 132357K (45%)
----------------- Invoking toplevel() on ptolemy.moml.MoMLSimpleApplication@32a65039
----------------- Done invoking toplevel() on ptolemy.moml.MoMLSimpleApplication@32a65039
reloadAllAccessors: .ArrayExtract

===========================================================================================
----------------- testing Fri May 22 14:29:06 UTC 2020 /home/travis/build/icyphy/ptII/ptolemy/actor/lib/test/auto/ArrayExtract2.xml
----------------- Instantiating /home/travis/build/icyphy/ptII/ptolemy/actor/lib/test/auto/ArrayExtract2.xml
2 ms. Memory: 293888K Free: 126693K (43%)
----------------- Invoking toplevel() on ptolemy.moml.MoMLSimpleApplication@a55e3d3
----------------- Done invoking toplevel() on ptolemy.moml.MoMLSimpleApplication@a55e3d3
reloadAllAccessors: .ArrayExtract2

===========================================================================================
----------------- testing Fri May 22 14:29:06 UTC 2020 /home/travis/build/icyphy/ptII/ptolemy/actor/lib/test/auto/ArrayLength.xml
----------------- Instantiating /home/travis/build/icyphy/ptII/ptolemy/actor/lib/test/auto/ArrayLength.xml
2 ms. Memory: 293888K Free: 123141K (42%)
----------------- Invoking toplevel() on ptolemy.moml.MoMLSimpleApplication@d089d35
----------------- Done invoking toplevel() on ptolemy.moml.MoMLSimpleApplication@d089d35
reloadAllAccessors: .ArrayLength

===========================================================================================
----------------- testing Fri May 22 14:29:06 UTC 2020 /home/travis/build/icyphy/ptII/ptolemy/actor/lib/test/auto/ArrayLevelCrossing.xml
----------------- Instantiating /home/travis/build/icyphy/ptII/ptolemy/actor/lib/test/auto/ArrayLevelCrossing.xml
3 ms. Memory: 293888K Free: 114435K (39%)
----------------- Invoking toplevel() on ptolemy.moml.MoMLSimpleApplication@57edb026
----------------- Done invoking toplevel() on ptolemy.moml.MoMLSimpleApplication@57edb026
reloadAllAccessors: .ArrayLevelCrossing

===========================================================================================
----------------- testing Fri May 22 14:29:06 UTC 2020 /home/travis/build/icyphy/ptII/ptolemy/actor/lib/test/auto/ArrayLevelCrossing2.xml
----------------- Instantiating /home/travis/build/icyphy/ptII/ptolemy/actor/lib/test/auto/ArrayLevelCrossing2.xml
3 ms. Memory: 293888K Free: 107781K (37%)
----------------- Invoking toplevel() on ptolemy.moml.MoMLSimpleApplication@2508463
----------------- Done invoking toplevel() on ptolemy.moml.MoMLSimpleApplication@2508463
reloadAllAccessors: .ArrayLevelCrossing2

===========================================================================================
----------------- testing Fri May 22 14:29:06 UTC 2020 /home/travis/build/icyphy/ptII/ptolemy/actor/lib/test/auto/ArrayPeakSearch.xml
----------------- Instantiating /home/travis/build/icyphy/ptII/ptolemy/actor/lib/test/auto/ArrayPeakSearch.xml
5 ms. Memory: 293888K Free: 98565K (34%)
----------------- Invoking toplevel() on ptolemy.moml.MoMLSimpleApplication@77cf3ee1
----------------- Done invoking toplevel() on ptolemy.moml.MoMLSimpleApplication@77cf3ee1
reloadAllAccessors: .ArrayPeakSearch

===========================================================================================
----------------- testing Fri May 22 14:29:06 UTC 2020 /home/travis/build/icyphy/ptII/ptolemy/actor/lib/test/auto/ArrayPeakSearch2.xml
----------------- Instantiating /home/travis/build/icyphy/ptII/ptolemy/actor/lib/test/auto/ArrayPeakSearch2.xml
4 ms. Memory: 293888K Free: 88325K (30%)
----------------- Invoking toplevel() on ptolemy.moml.MoMLSimpleApplication@116a0390
----------------- Done invoking toplevel() on ptolemy.moml.MoMLSimpleApplication@116a0390
reloadAllAccessors: .ArrayPeakSearch2

===========================================================================================
----------------- testing Fri May 22 14:29:06 UTC 2020 /home/travis/build/icyphy/ptII/ptolemy/actor/lib/test/auto/ArrayPeakSearch3.xml
----------------- Instantiating /home/travis/build/icyphy/ptII/ptolemy/actor/lib/test/auto/ArrayPeakSearch3.xml
6 ms. Memory: 293888K Free: 79109K (27%)
----------------- Invoking toplevel() on ptolemy.moml.MoMLSimpleApplication@fe56c85
----------------- Done invoking toplevel() on ptolemy.moml.MoMLSimpleApplication@fe56c85
reloadAllAccessors: .ArrayPeakSearch3

===========================================================================================
----------------- testing Fri May 22 14:29:06 UTC 2020 /home/travis/build/icyphy/ptII/ptolemy/actor/lib/test/auto/ArrayRemoveElement.xml
----------------- Instantiating /home/travis/build/icyphy/ptII/ptolemy/actor/lib/test/auto/ArrayRemoveElement.xml
3 ms. Memory: 293888K Free: 236291K (80%)
----------------- Invoking toplevel() on ptolemy.moml.MoMLSimpleApplication@96a783a
----------------- Done invoking toplevel() on ptolemy.moml.MoMLSimpleApplication@96a783a
reloadAllAccessors: .ArrayRemoveElement

===========================================================================================
----------------- testing Fri May 22 14:29:06 UTC 2020 /home/travis/build/icyphy/ptII/ptolemy/actor/lib/test/auto/ArraySort.xml
----------------- Instantiating /home/travis/build/icyphy/ptII/ptolemy/actor/lib/test/auto/ArraySort.xml
5 ms. Memory: 293888K Free: 227075K (77%)
----------------- Invoking toplevel() on ptolemy.moml.MoMLSimpleApplication@31dd6c1b
----------------- Done invoking toplevel() on ptolemy.moml.MoMLSimpleApplication@31dd6c1b
reloadAllAccessors: .ArraySort

===========================================================================================
----------------- testing Fri May 22 14:29:06 UTC 2020 /home/travis/build/icyphy/ptII/ptolemy/actor/lib/test/auto/ArraySum.xml
----------------- Instantiating /home/travis/build/icyphy/ptII/ptolemy/actor/lib/test/auto/ArraySum.xml
3 ms. Memory: 293888K Free: 221955K (76%)
----------------- Invoking toplevel() on ptolemy.moml.MoMLSimpleApplication@560724d0
----------------- Done invoking toplevel() on ptolemy.moml.MoMLSimpleApplication@560724d0
reloadAllAccessors: .ArraySum

===========================================================================================
----------------- testing Fri May 22 14:29:06 UTC 2020 /home/travis/build/icyphy/ptII/ptolemy/actor/lib/test/auto/ArrayToElements.xml
----------------- Instantiating /home/travis/build/icyphy/ptII/ptolemy/actor/lib/test/auto/ArrayToElements.xml
9 ms. Memory: 293888K Free: 216325K (74%)
----------------- Invoking toplevel() on ptolemy.moml.MoMLSimpleApplication@6531e60e
----------------- Done invoking toplevel() on ptolemy.moml.MoMLSimpleApplication@6531e60e
reloadAllAccessors: .ArrayToElements

===========================================================================================
----------------- testing Fri May 22 14:29:06 UTC 2020 /home/travis/build/icyphy/ptII/ptolemy/actor/lib/test/auto/ArrayToMatrix.xml
----------------- Instantiating /home/travis/build/icyphy/ptII/ptolemy/actor/lib/test/auto/ArrayToMatrix.xml
10 ms. Memory: 293888K Free: 202499K (69%)
----------------- Invoking toplevel() on ptolemy.moml.MoMLSimpleApplication@609ee9f4
----------------- Done invoking toplevel() on ptolemy.moml.MoMLSimpleApplication@609ee9f4
reloadAllAccessors: .ArrayToMatrix

===========================================================================================
----------------- testing Fri May 22 14:29:06 UTC 2020 /home/travis/build/icyphy/ptII/ptolemy/actor/lib/test/auto/ArrayUpdate1.xml
----------------- Instantiating /home/travis/build/icyphy/ptII/ptolemy/actor/lib/test/auto/ArrayUpdate1.xml
2 ms. Memory: 293888K Free: 197379K (67%)
----------------- Invoking toplevel() on ptolemy.moml.MoMLSimpleApplication@1174bcab
----------------- Done invoking toplevel() on ptolemy.moml.MoMLSimpleApplication@1174bcab
reloadAllAccessors: .ArrayUpdate1

===========================================================================================
----------------- testing Fri May 22 14:29:06 UTC 2020 /home/travis/build/icyphy/ptII/ptolemy/actor/lib/test/auto/ArrayUpdate2.xml
----------------- Instantiating /home/travis/build/icyphy/ptII/ptolemy/actor/lib/test/auto/ArrayUpdate2.xml
6 ms. Memory: 293888K Free: 191749K (65%)
----------------- Invoking toplevel() on ptolemy.moml.MoMLSimpleApplication@69f5bb8e
----------------- Done invoking toplevel() on ptolemy.moml.MoMLSimpleApplication@69f5bb8e
reloadAllAccessors: .ArrayUpdate2

===========================================================================================
----------------- testing Fri May 22 14:29:06 UTC 2020 /home/travis/build/icyphy/ptII/ptolemy/actor/lib/test/auto/ArrayUpdate3.xml
----------------- Instantiating /home/travis/build/icyphy/ptII/ptolemy/actor/lib/test/auto/ArrayUpdate3.xml
4 ms. Memory: 293888K Free: 186629K (64%)
----------------- Invoking toplevel() on ptolemy.moml.MoMLSimpleApplication@58285f8d
----------------- Done invoking toplevel() on ptolemy.moml.MoMLSimpleApplication@58285f8d
reloadAllAccessors: .ArrayUpdate3

===========================================================================================
----------------- testing Fri May 22 14:29:06 UTC 2020 /home/travis/build/icyphy/ptII/ptolemy/actor/lib/test/auto/Assert1.xml
----------------- Instantiating /home/travis/build/icyphy/ptII/ptolemy/actor/lib/test/auto/Assert1.xml
8 ms. Memory: 293888K Free: 182533K (62%)
----------------- Invoking toplevel() on ptolemy.moml.MoMLSimpleApplication@5e864975
----------------- Done invoking toplevel() on ptolemy.moml.MoMLSimpleApplication@5e864975
reloadAllAccessors: .Assert1

===========================================================================================
----------------- testing Fri May 22 14:29:06 UTC 2020 /home/travis/build/icyphy/ptII/ptolemy/actor/lib/test/auto/Assert2.xml
----------------- Instantiating /home/travis/build/icyphy/ptII/ptolemy/actor/lib/test/auto/Assert2.xml
3 ms. Memory: 293888K Free: 176899K (60%)
----------------- Invoking toplevel() on ptolemy.moml.MoMLSimpleApplication@192c403
----------------- Done invoking toplevel() on ptolemy.moml.MoMLSimpleApplication@192c403
reloadAllAccessors: .Assert2

===========================================================================================
----------------- testing Fri May 22 14:29:06 UTC 2020 /home/travis/build/icyphy/ptII/ptolemy/actor/lib/test/auto/BooleanMultiplexor.xml
----------------- Instantiating /home/travis/build/icyphy/ptII/ptolemy/actor/lib/test/auto/BooleanMultiplexor.xml
5 ms. Memory: 293888K Free: 171765K (58%)
----------------- Invoking toplevel() on ptolemy.moml.MoMLSimpleApplication@5bcae8ed
----------------- Done invoking toplevel() on ptolemy.moml.MoMLSimpleApplication@5bcae8ed
reloadAllAccessors: .BooleanMultiplexor

===========================================================================================
----------------- testing Fri May 22 14:29:06 UTC 2020 /home/travis/build/icyphy/ptII/ptolemy/actor/lib/test/auto/BooleanMultiplexor2.xml
----------------- Instantiating /home/travis/build/icyphy/ptII/ptolemy/actor/lib/test/auto/BooleanMultiplexor2.xml
13 ms. Memory: 293888K Free: 165125K (56%)
----------------- Invoking toplevel() on ptolemy.moml.MoMLSimpleApplication@6e7bb620
----------------- Done invoking toplevel() on ptolemy.moml.MoMLSimpleApplication@6e7bb620
reloadAllAccessors: .BooleanMultiplexor2

===========================================================================================
----------------- testing Fri May 22 14:29:06 UTC 2020 /home/travis/build/icyphy/ptII/ptolemy/actor/lib/test/auto/BooleanMultiplexor3.xml
----------------- Instantiating /home/travis/build/icyphy/ptII/ptolemy/actor/lib/test/auto/BooleanMultiplexor3.xml
3 ms. Memory: 293888K Free: 161539K (55%)
----------------- Invoking toplevel() on ptolemy.moml.MoMLSimpleApplication@61ffae87
----------------- Done invoking toplevel() on ptolemy.moml.MoMLSimpleApplication@61ffae87
reloadAllAccessors: .BooleanMultiplexor3

===========================================================================================
----------------- testing Fri May 22 14:29:06 UTC 2020 /home/travis/build/icyphy/ptII/ptolemy/actor/lib/test/auto/BooleanSelect.xml
----------------- Instantiating /home/travis/build/icyphy/ptII/ptolemy/actor/lib/test/auto/BooleanSelect.xml
8 ms. Memory: 293888K Free: 154885K (53%)
----------------- Invoking toplevel() on ptolemy.moml.MoMLSimpleApplication@666801b0
----------------- Done invoking toplevel() on ptolemy.moml.MoMLSimpleApplication@666801b0
reloadAllAccessors: .BooleanSelect

===========================================================================================
----------------- testing Fri May 22 14:29:06 UTC 2020 /home/travis/build/icyphy/ptII/ptolemy/actor/lib/test/auto/BooleanSelect2.xml
----------------- Instantiating /home/travis/build/icyphy/ptII/ptolemy/actor/lib/test/auto/BooleanSelect2.xml
2 ms. Memory: 293888K Free: 150789K (51%)
----------------- Invoking toplevel() on ptolemy.moml.MoMLSimpleApplication@7eebaaae
----------------- Done invoking toplevel() on ptolemy.moml.MoMLSimpleApplication@7eebaaae
reloadAllAccessors: .BooleanSelect2

===========================================================================================
----------------- testing Fri May 22 14:29:06 UTC 2020 /home/travis/build/icyphy/ptII/ptolemy/actor/lib/test/auto/BooleanSwitch.xml
----------------- Instantiating /home/travis/build/icyphy/ptII/ptolemy/actor/lib/test/auto/BooleanSwitch.xml
5 ms. Memory: 293888K Free: 144131K (49%)
----------------- Invoking toplevel() on ptolemy.moml.MoMLSimpleApplication@328516ae
----------------- Done invoking toplevel() on ptolemy.moml.MoMLSimpleApplication@328516ae
reloadAllAccessors: .BooleanSwitch

===========================================================================================
----------------- testing Fri May 22 14:29:07 UTC 2020 /home/travis/build/icyphy/ptII/ptolemy/actor/lib/test/auto/BooleanSwitch2.xml
----------------- Instantiating /home/travis/build/icyphy/ptII/ptolemy/actor/lib/test/auto/BooleanSwitch2.xml
3 ms. Memory: 293888K Free: 139525K (47%)
----------------- Invoking toplevel() on ptolemy.moml.MoMLSimpleApplication@678e88d
----------------- Done invoking toplevel() on ptolemy.moml.MoMLSimpleApplication@678e88d
reloadAllAccessors: .BooleanSwitch2

===========================================================================================
----------------- testing Fri May 22 14:29:07 UTC 2020 /home/travis/build/icyphy/ptII/ptolemy/actor/lib/test/auto/BooleanSwitchCloningBugWithClassRelationGroup.xml
----------------- Instantiating /home/travis/build/icyphy/ptII/ptolemy/actor/lib/test/auto/BooleanSwitchCloningBugWithClassRelationGroup.xml
4 ms. Memory: 293888K Free: 133381K (45%)
----------------- Invoking toplevel() on ptolemy.moml.MoMLSimpleApplication@46b0b10e
----------------- Done invoking toplevel() on ptolemy.moml.MoMLSimpleApplication@46b0b10e
reloadAllAccessors: .BooleanSwitchCloningBugWithClassRelationGroup

===========================================================================================
----------------- testing Fri May 22 14:29:07 UTC 2020 /home/travis/build/icyphy/ptII/ptolemy/actor/lib/test/auto/BusActors.xml
----------------- Instantiating /home/travis/build/icyphy/ptII/ptolemy/actor/lib/test/auto/BusActors.xml
4 ms. Memory: 293888K Free: 125699K (43%)
----------------- Invoking toplevel() on ptolemy.moml.MoMLSimpleApplication@62b72673
----------------- Done invoking toplevel() on ptolemy.moml.MoMLSimpleApplication@62b72673
reloadAllAccessors: .BusActors

===========================================================================================
----------------- testing Fri May 22 14:29:07 UTC 2020 /home/travis/build/icyphy/ptII/ptolemy/actor/lib/test/auto/ClassWrapper.xml
----------------- Instantiating /home/travis/build/icyphy/ptII/ptolemy/actor/lib/test/auto/ClassWrapper.xml
3 ms. Memory: 293888K Free: 121603K (41%)
----------------- Invoking toplevel() on ptolemy.moml.MoMLSimpleApplication@17528fe0
----------------- Done invoking toplevel() on ptolemy.moml.MoMLSimpleApplication@17528fe0
reloadAllAccessors: .ClassWrapper

===========================================================================================
----------------- testing Fri May 22 14:29:07 UTC 2020 /home/travis/build/icyphy/ptII/ptolemy/actor/lib/test/auto/Clock.xml
----------------- Instantiating /home/travis/build/icyphy/ptII/ptolemy/actor/lib/test/auto/Clock.xml
1 ms. Memory: 293888K Free: 117507K (40%)
----------------- Invoking toplevel() on ptolemy.moml.MoMLSimpleApplication@3ff6a721
----------------- Done invoking toplevel() on ptolemy.moml.MoMLSimpleApplication@3ff6a721
reloadAllAccessors: .Clock

===========================================================================================
----------------- testing Fri May 22 14:29:07 UTC 2020 /home/travis/build/icyphy/ptII/ptolemy/actor/lib/test/auto/Clock10.xml
----------------- Instantiating /home/travis/build/icyphy/ptII/ptolemy/actor/lib/test/auto/Clock10.xml
4 ms. Memory: 293888K Free: 111877K (38%)
----------------- Invoking toplevel() on ptolemy.moml.MoMLSimpleApplication@5e25ba
----------------- Done invoking toplevel() on ptolemy.moml.MoMLSimpleApplication@5e25ba
reloadAllAccessors: .Clock10

===========================================================================================
----------------- testing Fri May 22 14:29:07 UTC 2020 /home/travis/build/icyphy/ptII/ptolemy/actor/lib/test/auto/Clock11.xml
----------------- Instantiating /home/travis/build/icyphy/ptII/ptolemy/actor/lib/test/auto/Clock11.xml
6 ms. Memory: 293888K Free: 105733K (36%)
----------------- Invoking toplevel() on ptolemy.moml.MoMLSimpleApplication@12044646
----------------- Done invoking toplevel() on ptolemy.moml.MoMLSimpleApplication@12044646
reloadAllAccessors: .Clock11

===========================================================================================
----------------- testing Fri May 22 14:29:07 UTC 2020 /home/travis/build/icyphy/ptII/ptolemy/actor/lib/test/auto/Clock12.xml
----------------- Instantiating /home/travis/build/icyphy/ptII/ptolemy/actor/lib/test/auto/Clock12.xml
5 ms. Memory: 293888K Free: 100099K (34%)
----------------- Invoking toplevel() on ptolemy.moml.MoMLSimpleApplication@7dafaaab
----------------- Done invoking toplevel() on ptolemy.moml.MoMLSimpleApplication@7dafaaab
reloadAllAccessors: .Clock12

===========================================================================================
----------------- testing Fri May 22 14:29:07 UTC 2020 /home/travis/build/icyphy/ptII/ptolemy/actor/lib/test/auto/Clock13.xml
----------------- Instantiating /home/travis/build/icyphy/ptII/ptolemy/actor/lib/test/auto/Clock13.xml
4 ms. Memory: 293888K Free: 93925K (32%)
----------------- Invoking toplevel() on ptolemy.moml.MoMLSimpleApplication@7e72b4ec
----------------- Done invoking toplevel() on ptolemy.moml.MoMLSimpleApplication@7e72b4ec
reloadAllAccessors: .Clock13

===========================================================================================
----------------- testing Fri May 22 14:29:07 UTC 2020 /home/travis/build/icyphy/ptII/ptolemy/actor/lib/test/auto/Clock14.xml
----------------- Instantiating /home/travis/build/icyphy/ptII/ptolemy/actor/lib/test/auto/Clock14.xml
2 ms. Memory: 293888K Free: 88325K (30%)
----------------- Invoking toplevel() on ptolemy.moml.MoMLSimpleApplication@7593fa7a
----------------- Done invoking toplevel() on ptolemy.moml.MoMLSimpleApplication@7593fa7a
reloadAllAccessors: .Clock14

===========================================================================================
----------------- testing Fri May 22 14:29:07 UTC 2020 /home/travis/build/icyphy/ptII/ptolemy/actor/lib/test/auto/Clock15.xml
----------------- Instantiating /home/travis/build/icyphy/ptII/ptolemy/actor/lib/test/auto/Clock15.xml
6 ms. Memory: 293888K Free: 82181K (28%)
----------------- Invoking toplevel() on ptolemy.moml.MoMLSimpleApplication@224e7242
----------------- Done invoking toplevel() on ptolemy.moml.MoMLSimpleApplication@224e7242
reloadAllAccessors: .Clock15

===========================================================================================
----------------- testing Fri May 22 14:29:07 UTC 2020 /home/travis/build/icyphy/ptII/ptolemy/actor/lib/test/auto/Clock16.xml
----------------- Instantiating /home/travis/build/icyphy/ptII/ptolemy/actor/lib/test/auto/Clock16.xml
46 ms. Memory: 532480K Free: 477993K (90%)
----------------- Invoking toplevel() on ptolemy.moml.MoMLSimpleApplication@5a75134c
----------------- Done invoking toplevel() on ptolemy.moml.MoMLSimpleApplication@5a75134c
reloadAllAccessors: .Clock16

===========================================================================================
----------------- testing Fri May 22 14:29:07 UTC 2020 /home/travis/build/icyphy/ptII/ptolemy/actor/lib/test/auto/Clock17.xml
----------------- Instantiating /home/travis/build/icyphy/ptII/ptolemy/actor/lib/test/auto/Clock17.xml
15 ms. Memory: 532480K Free: 463135K (87%)
----------------- Invoking toplevel() on ptolemy.moml.MoMLSimpleApplication@2bde27e
----------------- Done invoking toplevel() on ptolemy.moml.MoMLSimpleApplication@2bde27e
reloadAllAccessors: .Clock17

===========================================================================================
----------------- testing Fri May 22 14:29:07 UTC 2020 /home/travis/build/icyphy/ptII/ptolemy/actor/lib/test/auto/Clock18.xml
----------------- Instantiating /home/travis/build/icyphy/ptII/ptolemy/actor/lib/test/auto/Clock18.xml
24 ms. Memory: 532480K Free: 449823K (84%)
----------------- Invoking toplevel() on ptolemy.moml.MoMLSimpleApplication@2975eae3
----------------- Done invoking toplevel() on ptolemy.moml.MoMLSimpleApplication@2975eae3
reloadAllAccessors: .Clock18

===========================================================================================
----------------- testing Fri May 22 14:29:07 UTC 2020 /home/travis/build/icyphy/ptII/ptolemy/actor/lib/test/auto/Clock19.xml
----------------- Instantiating /home/travis/build/icyphy/ptII/ptolemy/actor/lib/test/auto/Clock19.xml
17 ms. Memory: 532480K Free: 437007K (82%)
----------------- Invoking toplevel() on ptolemy.moml.MoMLSimpleApplication@37a4fae
----------------- Done invoking toplevel() on ptolemy.moml.MoMLSimpleApplication@37a4fae
reloadAllAccessors: .Clock19

===========================================================================================
----------------- testing Fri May 22 14:29:07 UTC 2020 /home/travis/build/icyphy/ptII/ptolemy/actor/lib/test/auto/Clock2.xml
----------------- Instantiating /home/travis/build/icyphy/ptII/ptolemy/actor/lib/test/auto/Clock2.xml
7 ms. Memory: 532480K Free: 432415K (81%)
----------------- Invoking toplevel() on ptolemy.moml.MoMLSimpleApplication@3d2f6847
----------------- Done invoking toplevel() on ptolemy.moml.MoMLSimpleApplication@3d2f6847
reloadAllAccessors: .Clock2

===========================================================================================
----------------- testing Fri May 22 14:29:07 UTC 2020 /home/travis/build/icyphy/ptII/ptolemy/actor/lib/test/auto/Clock20.xml
----------------- Instantiating /home/travis/build/icyphy/ptII/ptolemy/actor/lib/test/auto/Clock20.xml
12 ms. Memory: 532480K Free: 426781K (80%)
----------------- Invoking toplevel() on ptolemy.moml.MoMLSimpleApplication@28c6b2a5
----------------- Done invoking toplevel() on ptolemy.moml.MoMLSimpleApplication@28c6b2a5
reloadAllAccessors: .Clock20

===========================================================================================
----------------- testing Fri May 22 14:29:07 UTC 2020 /home/travis/build/icyphy/ptII/ptolemy/actor/lib/test/auto/Clock21.xml
----------------- Instantiating /home/travis/build/icyphy/ptII/ptolemy/actor/lib/test/auto/Clock21.xml
3 ms. Memory: 532480K Free: 421149K (79%)
----------------- Invoking toplevel() on ptolemy.moml.MoMLSimpleApplication@563c62bf
----------------- Done invoking toplevel() on ptolemy.moml.MoMLSimpleApplication@563c62bf
reloadAllAccessors: .Clock21

===========================================================================================
----------------- testing Fri May 22 14:29:07 UTC 2020 /home/travis/build/icyphy/ptII/ptolemy/actor/lib/test/auto/Clock22.xml
----------------- Instantiating /home/travis/build/icyphy/ptII/ptolemy/actor/lib/test/auto/Clock22.xml
4 ms. Memory: 532480K Free: 416031K (78%)
----------------- Invoking toplevel() on ptolemy.moml.MoMLSimpleApplication@506a44cf
----------------- Done invoking toplevel() on ptolemy.moml.MoMLSimpleApplication@506a44cf
reloadAllAccessors: .Clock22

===========================================================================================
----------------- testing Fri May 22 14:29:07 UTC 2020 /home/travis/build/icyphy/ptII/ptolemy/actor/lib/test/auto/Clock23.xml
----------------- Instantiating /home/travis/build/icyphy/ptII/ptolemy/actor/lib/test/auto/Clock23.xml
4 ms. Memory: 532480K Free: 410397K (77%)
----------------- Invoking toplevel() on ptolemy.moml.MoMLSimpleApplication@2e093fce
----------------- Done invoking toplevel() on ptolemy.moml.MoMLSimpleApplication@2e093fce
reloadAllAccessors: .Clock23

===========================================================================================
----------------- testing Fri May 22 14:29:07 UTC 2020 /home/travis/build/icyphy/ptII/ptolemy/actor/lib/test/auto/Clock24.xml
----------------- Instantiating /home/travis/build/icyphy/ptII/ptolemy/actor/lib/test/auto/Clock24.xml
2 ms. Memory: 532480K Free: 405277K (76%)
----------------- Invoking toplevel() on ptolemy.moml.MoMLSimpleApplication@5f745a9c
----------------- Done invoking toplevel() on ptolemy.moml.MoMLSimpleApplication@5f745a9c
reloadAllAccessors: .Clock24

===========================================================================================
----------------- testing Fri May 22 14:29:07 UTC 2020 /home/travis/build/icyphy/ptII/ptolemy/actor/lib/test/auto/Clock4.xml
----------------- Instantiating /home/travis/build/icyphy/ptII/ptolemy/actor/lib/test/auto/Clock4.xml
2 ms. Memory: 532480K Free: 400127K (75%)
----------------- Invoking toplevel() on ptolemy.moml.MoMLSimpleApplication@54cb8b70
----------------- Done invoking toplevel() on ptolemy.moml.MoMLSimpleApplication@54cb8b70
reloadAllAccessors: .Clock4

===========================================================================================
----------------- testing Fri May 22 14:29:07 UTC 2020 /home/travis/build/icyphy/ptII/ptolemy/actor/lib/test/auto/Clock5.xml
----------------- Instantiating /home/travis/build/icyphy/ptII/ptolemy/actor/lib/test/auto/Clock5.xml
2 ms. Memory: 532480K Free: 394527K (74%)
----------------- Invoking toplevel() on ptolemy.moml.MoMLSimpleApplication@11f36f40
----------------- Done invoking toplevel() on ptolemy.moml.MoMLSimpleApplication@11f36f40
reloadAllAccessors: .Clock5

===========================================================================================
----------------- testing Fri May 22 14:29:07 UTC 2020 /home/travis/build/icyphy/ptII/ptolemy/actor/lib/test/auto/Clock6.xml
----------------- Instantiating /home/travis/build/icyphy/ptII/ptolemy/actor/lib/test/auto/Clock6.xml
3 ms. Memory: 532480K Free: 390941K (73%)
----------------- Invoking toplevel() on ptolemy.moml.MoMLSimpleApplication@52dcd2db
----------------- Done invoking toplevel() on ptolemy.moml.MoMLSimpleApplication@52dcd2db
reloadAllAccessors: .Clock6

===========================================================================================
----------------- testing Fri May 22 14:29:07 UTC 2020 /home/travis/build/icyphy/ptII/ptolemy/actor/lib/test/auto/Clock7.xml
----------------- Instantiating /home/travis/build/icyphy/ptII/ptolemy/actor/lib/test/auto/Clock7.xml
2 ms. Memory: 532480K Free: 385821K (72%)
----------------- Invoking toplevel() on ptolemy.moml.MoMLSimpleApplication@244510dd
----------------- Done invoking toplevel() on ptolemy.moml.MoMLSimpleApplication@244510dd
reloadAllAccessors: .Clock7

===========================================================================================
----------------- testing Fri May 22 14:29:07 UTC 2020 /home/travis/build/icyphy/ptII/ptolemy/actor/lib/test/auto/Clock8.xml
----------------- Instantiating /home/travis/build/icyphy/ptII/ptolemy/actor/lib/test/auto/Clock8.xml
4 ms. Memory: 532480K Free: 380671K (71%)
----------------- Invoking toplevel() on ptolemy.moml.MoMLSimpleApplication@6bb02ca5
----------------- Done invoking toplevel() on ptolemy.moml.MoMLSimpleApplication@6bb02ca5
reloadAllAccessors: .Clock8

===========================================================================================
----------------- testing Fri May 22 14:29:07 UTC 2020 /home/travis/build/icyphy/ptII/ptolemy/actor/lib/test/auto/Clock9.xml
----------------- Instantiating /home/travis/build/icyphy/ptII/ptolemy/actor/lib/test/auto/Clock9.xml
3 ms. Memory: 532480K Free: 375071K (70%)
----------------- Invoking toplevel() on ptolemy.moml.MoMLSimpleApplication@5cfbedf0
----------------- Done invoking toplevel() on ptolemy.moml.MoMLSimpleApplication@5cfbedf0
reloadAllAccessors: .Clock9

===========================================================================================
----------------- testing Fri May 22 14:29:07 UTC 2020 /home/travis/build/icyphy/ptII/ptolemy/actor/lib/test/auto/CommDistDiscard.xml
----------------- Instantiating /home/travis/build/icyphy/ptII/ptolemy/actor/lib/test/auto/CommDistDiscard.xml
4 ms. Memory: 532480K Free: 369951K (69%)
----------------- Invoking toplevel() on ptolemy.moml.MoMLSimpleApplication@6d7e24f6
----------------- Done invoking toplevel() on ptolemy.moml.MoMLSimpleApplication@6d7e24f6
reloadAllAccessors: .CommDistDiscard

===========================================================================================
----------------- testing Fri May 22 14:29:07 UTC 2020 /home/travis/build/icyphy/ptII/ptolemy/actor/lib/test/auto/Commutator.xml
----------------- Instantiating /home/travis/build/icyphy/ptII/ptolemy/actor/lib/test/auto/Commutator.xml
4 ms. Memory: 532480K Free: 365341K (69%)
----------------- Invoking toplevel() on ptolemy.moml.MoMLSimpleApplication@3cc08634
----------------- Done invoking toplevel() on ptolemy.moml.MoMLSimpleApplication@3cc08634
reloadAllAccessors: .Commutator

===========================================================================================
----------------- testing Fri May 22 14:29:07 UTC 2020 /home/travis/build/icyphy/ptII/ptolemy/actor/lib/test/auto/Commutator2.xml
----------------- Instantiating /home/travis/build/icyphy/ptII/ptolemy/actor/lib/test/auto/Commutator2.xml
2 ms. Memory: 532480K Free: 361245K (68%)
----------------- Invoking toplevel() on ptolemy.moml.MoMLSimpleApplication@75a4a527
----------------- Done invoking toplevel() on ptolemy.moml.MoMLSimpleApplication@75a4a527
reloadAllAccessors: .Commutator2

===========================================================================================
----------------- testing Fri May 22 14:29:07 UTC 2020 /home/travis/build/icyphy/ptII/ptolemy/actor/lib/test/auto/Commutator3.xml
----------------- Instantiating /home/travis/build/icyphy/ptII/ptolemy/actor/lib/test/auto/Commutator3.xml
2 ms. Memory: 532480K Free: 356639K (67%)
----------------- Invoking toplevel() on ptolemy.moml.MoMLSimpleApplication@5b65c63d
----------------- Done invoking toplevel() on ptolemy.moml.MoMLSimpleApplication@5b65c63d
reloadAllAccessors: .Commutator3

===========================================================================================
----------------- testing Fri May 22 14:29:07 UTC 2020 /home/travis/build/icyphy/ptII/ptolemy/actor/lib/test/auto/Compare.xml
----------------- Instantiating /home/travis/build/icyphy/ptII/ptolemy/actor/lib/test/auto/Compare.xml
2 ms. Memory: 532480K Free: 349981K (66%)
----------------- Invoking toplevel() on ptolemy.moml.MoMLSimpleApplication@397afec6
----------------- Done invoking toplevel() on ptolemy.moml.MoMLSimpleApplication@397afec6
reloadAllAccessors: .Compare

===========================================================================================
----------------- testing Fri May 22 14:29:07 UTC 2020 /home/travis/build/icyphy/ptII/ptolemy/actor/lib/test/auto/CompareDE.xml
----------------- Instantiating /home/travis/build/icyphy/ptII/ptolemy/actor/lib/test/auto/CompareDE.xml
5 ms. Memory: 532480K Free: 343327K (64%)
----------------- Invoking toplevel() on ptolemy.moml.MoMLSimpleApplication@26171fa3
----------------- Done invoking toplevel() on ptolemy.moml.MoMLSimpleApplication@26171fa3
reloadAllAccessors: .CompareDE

===========================================================================================
----------------- testing Fri May 22 14:29:07 UTC 2020 /home/travis/build/icyphy/ptII/ptolemy/actor/lib/test/auto/ComplexDivide.xml
----------------- Instantiating /home/travis/build/icyphy/ptII/ptolemy/actor/lib/test/auto/ComplexDivide.xml
2 ms. Memory: 532480K Free: 339231K (64%)
----------------- Invoking toplevel() on ptolemy.moml.MoMLSimpleApplication@4afc46a8
----------------- Done invoking toplevel() on ptolemy.moml.MoMLSimpleApplication@4afc46a8
reloadAllAccessors: .ComplexDivide

===========================================================================================
----------------- testing Fri May 22 14:29:07 UTC 2020 /home/travis/build/icyphy/ptII/ptolemy/actor/lib/test/auto/ComputeHistogram.xml
----------------- Instantiating /home/travis/build/icyphy/ptII/ptolemy/actor/lib/test/auto/ComputeHistogram.xml
39 ms. Memory: 532480K Free: 326943K (61%)
----------------- Invoking toplevel() on ptolemy.moml.MoMLSimpleApplication@4b6d5f44
----------------- Done invoking toplevel() on ptolemy.moml.MoMLSimpleApplication@4b6d5f44
reloadAllAccessors: .ComputeHistogram

===========================================================================================
----------------- testing Fri May 22 14:29:08 UTC 2020 /home/travis/build/icyphy/ptII/ptolemy/actor/lib/test/auto/ConfigurationSelect.xml
----------------- Instantiating /home/travis/build/icyphy/ptII/ptolemy/actor/lib/test/auto/ConfigurationSelect.xml
10 ms. Memory: 532480K Free: 321295K (60%)
----------------- Invoking toplevel() on ptolemy.moml.MoMLSimpleApplication@434d282a
----------------- Done invoking toplevel() on ptolemy.moml.MoMLSimpleApplication@434d282a
reloadAllAccessors: .ConfigurationSelect

===========================================================================================
----------------- testing Fri May 22 14:29:08 UTC 2020 /home/travis/build/icyphy/ptII/ptolemy/actor/lib/test/auto/ConfigurationSelect2.xml
----------------- Instantiating /home/travis/build/icyphy/ptII/ptolemy/actor/lib/test/auto/ConfigurationSelect2.xml
3 ms. Memory: 532480K Free: 317213K (60%)
----------------- Invoking toplevel() on ptolemy.moml.MoMLSimpleApplication@6eb52de3
----------------- Done invoking toplevel() on ptolemy.moml.MoMLSimpleApplication@6eb52de3
reloadAllAccessors: .ConfigurationSelect2

===========================================================================================
----------------- testing Fri May 22 14:29:08 UTC 2020 /home/travis/build/icyphy/ptII/ptolemy/actor/lib/test/auto/ConfigurationSwitch.xml
----------------- Instantiating /home/travis/build/icyphy/ptII/ptolemy/actor/lib/test/auto/ConfigurationSwitch.xml
3 ms. Memory: 532480K Free: 311583K (59%)
----------------- Invoking toplevel() on ptolemy.moml.MoMLSimpleApplication@203910a7
----------------- Done invoking toplevel() on ptolemy.moml.MoMLSimpleApplication@203910a7
reloadAllAccessors: .ConfigurationSwitch

===========================================================================================
----------------- testing Fri May 22 14:29:08 UTC 2020 /home/travis/build/icyphy/ptII/ptolemy/actor/lib/test/auto/ConfigurationSwitch2.xml
----------------- Instantiating /home/travis/build/icyphy/ptII/ptolemy/actor/lib/test/auto/ConfigurationSwitch2.xml
2 ms. Memory: 532480K Free: 306463K (58%)
----------------- Invoking toplevel() on ptolemy.moml.MoMLSimpleApplication@5d69c419
----------------- Done invoking toplevel() on ptolemy.moml.MoMLSimpleApplication@5d69c419
reloadAllAccessors: .ConfigurationSwitch2

===========================================================================================
----------------- testing Fri May 22 14:29:08 UTC 2020 /home/travis/build/icyphy/ptII/ptolemy/actor/lib/test/auto/ConfigurationSwitchCloningBugWithClassRelationGroup.xml
----------------- Instantiating /home/travis/build/icyphy/ptII/ptolemy/actor/lib/test/auto/ConfigurationSwitchCloningBugWithClassRelationGroup.xml
1 ms. Memory: 532480K Free: 299295K (56%)
----------------- Invoking toplevel() on ptolemy.moml.MoMLSimpleApplication@7746a47e
----------------- Done invoking toplevel() on ptolemy.moml.MoMLSimpleApplication@7746a47e
reloadAllAccessors: .ConfigurationSwitchCloningBugWithClassRelationGroup

===========================================================================================
----------------- testing Fri May 22 14:29:08 UTC 2020 /home/travis/build/icyphy/ptII/ptolemy/actor/lib/test/auto/ConfigurationSwitchSelectSDF.xml
----------------- Instantiating /home/travis/build/icyphy/ptII/ptolemy/actor/lib/test/auto/ConfigurationSwitchSelectSDF.xml
3 ms. Memory: 532480K Free: 293151K (55%)
----------------- Invoking toplevel() on ptolemy.moml.MoMLSimpleApplication@3d3f1475
----------------- Done invoking toplevel() on ptolemy.moml.MoMLSimpleApplication@3d3f1475
reloadAllAccessors: .ConfigurationSwitchSelectSDF

===========================================================================================
----------------- testing Fri May 22 14:29:08 UTC 2020 /home/travis/build/icyphy/ptII/ptolemy/actor/lib/test/auto/ConfigurationSwitchSelectSDF2.xml
----------------- Instantiating /home/travis/build/icyphy/ptII/ptolemy/actor/lib/test/auto/ConfigurationSwitchSelectSDF2.xml
3 ms. Memory: 532480K Free: 287517K (54%)
----------------- Invoking toplevel() on ptolemy.moml.MoMLSimpleApplication@493276a0
----------------- Done invoking toplevel() on ptolemy.moml.MoMLSimpleApplication@493276a0
reloadAllAccessors: .ConfigurationSwitchSelectSDF2

===========================================================================================
----------------- testing Fri May 22 14:29:08 UTC 2020 /home/travis/build/icyphy/ptII/ptolemy/actor/lib/test/auto/Const.xml
----------------- Instantiating /home/travis/build/icyphy/ptII/ptolemy/actor/lib/test/auto/Const.xml
2 ms. Memory: 532480K Free: 283935K (53%)
----------------- Invoking toplevel() on ptolemy.moml.MoMLSimpleApplication@49ca245e
----------------- Done invoking toplevel() on ptolemy.moml.MoMLSimpleApplication@49ca245e
reloadAllAccessors: .Const

===========================================================================================
----------------- testing Fri May 22 14:29:08 UTC 2020 /home/travis/build/icyphy/ptII/ptolemy/actor/lib/test/auto/Const2.xml
----------------- Instantiating /home/travis/build/icyphy/ptII/ptolemy/actor/lib/test/auto/Const2.xml
1 ms. Memory: 532480K Free: 280349K (53%)
----------------- Invoking toplevel() on ptolemy.moml.MoMLSimpleApplication@465b4ca6
----------------- Done invoking toplevel() on ptolemy.moml.MoMLSimpleApplication@465b4ca6
reloadAllAccessors: .Const2

===========================================================================================
----------------- testing Fri May 22 14:29:08 UTC 2020 /home/travis/build/icyphy/ptII/ptolemy/actor/lib/test/auto/Const3.xml
----------------- Instantiating /home/travis/build/icyphy/ptII/ptolemy/actor/lib/test/auto/Const3.xml
1 ms. Memory: 532480K Free: 277277K (52%)
----------------- Invoking toplevel() on ptolemy.moml.MoMLSimpleApplication@6281dce7
----------------- Done invoking toplevel() on ptolemy.moml.MoMLSimpleApplication@6281dce7
reloadAllAccessors: .Const3

===========================================================================================
----------------- testing Fri May 22 14:29:08 UTC 2020 /home/travis/build/icyphy/ptII/ptolemy/actor/lib/test/auto/ConstantPublisherPort1.xml
----------------- Instantiating /home/travis/build/icyphy/ptII/ptolemy/actor/lib/test/auto/ConstantPublisherPort1.xml
6 ms. Memory: 532480K Free: 268061K (50%)
----------------- Invoking toplevel() on ptolemy.moml.MoMLSimpleApplication@75c308da
----------------- Done invoking toplevel() on ptolemy.moml.MoMLSimpleApplication@75c308da
reloadAllAccessors: .ConstantPublisherPort1

===========================================================================================
----------------- testing Fri May 22 14:29:08 UTC 2020 /home/travis/build/icyphy/ptII/ptolemy/actor/lib/test/auto/ConstantPublisherPort2.xml
----------------- Instantiating /home/travis/build/icyphy/ptII/ptolemy/actor/lib/test/auto/ConstantPublisherPort2.xml
13 ms. Memory: 532480K Free: 260893K (49%)
----------------- Invoking toplevel() on ptolemy.moml.MoMLSimpleApplication@5f507c2
----------------- Done invoking toplevel() on ptolemy.moml.MoMLSimpleApplication@5f507c2
reloadAllAccessors: .ConstantPublisherPort2

===========================================================================================
----------------- testing Fri May 22 14:29:08 UTC 2020 /home/travis/build/icyphy/ptII/ptolemy/actor/lib/test/auto/ConstantPublisherPort3.xml
----------------- Instantiating /home/travis/build/icyphy/ptII/ptolemy/actor/lib/test/auto/ConstantPublisherPort3.xml
6 ms. Memory: 532480K Free: 253215K (48%)
----------------- Invoking toplevel() on ptolemy.moml.MoMLSimpleApplication@20b571cc
----------------- Done invoking toplevel() on ptolemy.moml.MoMLSimpleApplication@20b571cc
reloadAllAccessors: .ConstantPublisherPort3

===========================================================================================
----------------- testing Fri May 22 14:29:08 UTC 2020 /home/travis/build/icyphy/ptII/ptolemy/actor/lib/test/auto/ConstantPublisherPort4.xml
----------------- Instantiating /home/travis/build/icyphy/ptII/ptolemy/actor/lib/test/auto/ConstantPublisherPort4.xml
4 ms. Memory: 532480K Free: 246543K (46%)
----------------- Invoking toplevel() on ptolemy.moml.MoMLSimpleApplication@50dbc3c6
----------------- Done invoking toplevel() on ptolemy.moml.MoMLSimpleApplication@50dbc3c6
reloadAllAccessors: .ConstantPublisherPort4

===========================================================================================
----------------- testing Fri May 22 14:29:08 UTC 2020 /home/travis/build/icyphy/ptII/ptolemy/actor/lib/test/auto/ConstantPublisherPort5.xml
----------------- Instantiating /home/travis/build/icyphy/ptII/ptolemy/actor/lib/test/auto/ConstantPublisherPort5.xml
25 ms. Memory: 532480K Free: 237341K (45%)
----------------- Invoking toplevel() on ptolemy.moml.MoMLSimpleApplication@6db2594e
----------------- Done invoking toplevel() on ptolemy.moml.MoMLSimpleApplication@6db2594e
reloadAllAccessors: .ConstantPublisherPort5

===========================================================================================
----------------- testing Fri May 22 14:29:08 UTC 2020 /home/travis/build/icyphy/ptII/ptolemy/actor/lib/test/auto/ConstantPublisherPort6.xml
----------------- Instantiating /home/travis/build/icyphy/ptII/ptolemy/actor/lib/test/auto/ConstantPublisherPort6.xml
14 ms. Memory: 532480K Free: 228125K (43%)
----------------- Invoking toplevel() on ptolemy.moml.MoMLSimpleApplication@2f1ab43
----------------- Done invoking toplevel() on ptolemy.moml.MoMLSimpleApplication@2f1ab43
reloadAllAccessors: .ConstantPublisherPort6

===========================================================================================
----------------- testing Fri May 22 14:29:08 UTC 2020 /home/travis/build/icyphy/ptII/ptolemy/actor/lib/test/auto/ConstantPublisherPort7.xml
----------------- Instantiating /home/travis/build/icyphy/ptII/ptolemy/actor/lib/test/auto/ConstantPublisherPort7.xml
17 ms. Memory: 532480K Free: 218909K (41%)
----------------- Invoking toplevel() on ptolemy.moml.MoMLSimpleApplication@3d1115fa
----------------- Done invoking toplevel() on ptolemy.moml.MoMLSimpleApplication@3d1115fa
reloadAllAccessors: .ConstantPublisherPort7

===========================================================================================
----------------- testing Fri May 22 14:29:08 UTC 2020 /home/travis/build/icyphy/ptII/ptolemy/actor/lib/test/auto/ConstraintMonitor1.xml
----------------- Instantiating /home/travis/build/icyphy/ptII/ptolemy/actor/lib/test/auto/ConstraintMonitor1.xml
5 ms. Memory: 532480K Free: 213789K (40%)
----------------- Invoking toplevel() on ptolemy.moml.MoMLSimpleApplication@25a05b00
----------------- Done invoking toplevel() on ptolemy.moml.MoMLSimpleApplication@25a05b00
reloadAllAccessors: .ConstraintMonitor1

===========================================================================================
----------------- testing Fri May 22 14:29:08 UTC 2020 /home/travis/build/icyphy/ptII/ptolemy/actor/lib/test/auto/ConstraintMonitor2.xml
----------------- Instantiating /home/travis/build/icyphy/ptII/ptolemy/actor/lib/test/auto/ConstraintMonitor2.xml
1 ms. Memory: 532480K Free: 209693K (39%)
----------------- Invoking toplevel() on ptolemy.moml.MoMLSimpleApplication@a353f79
----------------- Done invoking toplevel() on ptolemy.moml.MoMLSimpleApplication@a353f79
reloadAllAccessors: .ConstraintMonitor2

===========================================================================================
----------------- testing Fri May 22 14:29:08 UTC 2020 /home/travis/build/icyphy/ptII/ptolemy/actor/lib/test/auto/ConstraintMonitor3.xml
----------------- Instantiating /home/travis/build/icyphy/ptII/ptolemy/actor/lib/test/auto/ConstraintMonitor3.xml
3 ms. Memory: 532480K Free: 204573K (38%)
----------------- Invoking toplevel() on ptolemy.moml.MoMLSimpleApplication@3b0857a4
----------------- Done invoking toplevel() on ptolemy.moml.MoMLSimpleApplication@3b0857a4
reloadAllAccessors: .ConstraintMonitor3

===========================================================================================
----------------- testing Fri May 22 14:29:08 UTC 2020 /home/travis/build/icyphy/ptII/ptolemy/actor/lib/test/auto/ConstraintMonitor4.xml
----------------- Instantiating /home/travis/build/icyphy/ptII/ptolemy/actor/lib/test/auto/ConstraintMonitor4.xml
3 ms. Memory: 532480K Free: 199453K (37%)
----------------- Invoking toplevel() on ptolemy.moml.MoMLSimpleApplication@3c31141
----------------- Done invoking toplevel() on ptolemy.moml.MoMLSimpleApplication@3c31141
reloadAllAccessors: .ConstraintMonitor4

===========================================================================================
----------------- testing Fri May 22 14:29:08 UTC 2020 /home/travis/build/icyphy/ptII/ptolemy/actor/lib/test/auto/ConstraintMonitor5.xml
----------------- Instantiating /home/travis/build/icyphy/ptII/ptolemy/actor/lib/test/auto/ConstraintMonitor5.xml
2 ms. Memory: 532480K Free: 194847K (37%)
----------------- Invoking toplevel() on ptolemy.moml.MoMLSimpleApplication@40ac1e10
----------------- Done invoking toplevel() on ptolemy.moml.MoMLSimpleApplication@40ac1e10
reloadAllAccessors: .ConstraintMonitor5

===========================================================================================
----------------- testing Fri May 22 14:29:08 UTC 2020 /home/travis/build/icyphy/ptII/ptolemy/actor/lib/test/auto/ConstraintMonitor6.xml
----------------- Instantiating /home/travis/build/icyphy/ptII/ptolemy/actor/lib/test/auto/ConstraintMonitor6.xml
2 ms. Memory: 532480K Free: 188703K (35%)
----------------- Invoking toplevel() on ptolemy.moml.MoMLSimpleApplication@6ba617d1
----------------- Done invoking toplevel() on ptolemy.moml.MoMLSimpleApplication@6ba617d1
reloadAllAccessors: .ConstraintMonitor6

===========================================================================================
----------------- testing Fri May 22 14:29:08 UTC 2020 /home/travis/build/icyphy/ptII/ptolemy/actor/lib/test/auto/ConstraintMonitor7.xml
----------------- Instantiating /home/travis/build/icyphy/ptII/ptolemy/actor/lib/test/auto/ConstraintMonitor7.xml
15 ms. Memory: 532480K Free: 479662K (90%)
----------------- Invoking toplevel() on ptolemy.moml.MoMLSimpleApplication@62b1057a
----------------- Done invoking toplevel() on ptolemy.moml.MoMLSimpleApplication@62b1057a
reloadAllAccessors: .ConstraintMonitor7

===========================================================================================
----------------- testing Fri May 22 14:29:08 UTC 2020 /home/travis/build/icyphy/ptII/ptolemy/actor/lib/test/auto/ConstraintMonitor8.xml
----------------- Instantiating /home/travis/build/icyphy/ptII/ptolemy/actor/lib/test/auto/ConstraintMonitor8.xml
5 ms. Memory: 532480K Free: 471533K (89%)
----------------- Invoking toplevel() on ptolemy.moml.MoMLSimpleApplication@2cd63f19
----------------- Done invoking toplevel() on ptolemy.moml.MoMLSimpleApplication@2cd63f19
reloadAllAccessors: .ConstraintMonitor8

===========================================================================================
----------------- testing Fri May 22 14:29:08 UTC 2020 /home/travis/build/icyphy/ptII/ptolemy/actor/lib/test/auto/Counter.xml
----------------- Instantiating /home/travis/build/icyphy/ptII/ptolemy/actor/lib/test/auto/Counter.xml
2 ms. Memory: 532480K Free: 466927K (88%)
----------------- Invoking toplevel() on ptolemy.moml.MoMLSimpleApplication@5cd33ff4
----------------- Done invoking toplevel() on ptolemy.moml.MoMLSimpleApplication@5cd33ff4
reloadAllAccessors: .Counter

===========================================================================================
----------------- testing Fri May 22 14:29:08 UTC 2020 /home/travis/build/icyphy/ptII/ptolemy/actor/lib/test/auto/CurrentTimeSDF.xml
----------------- Instantiating /home/travis/build/icyphy/ptII/ptolemy/actor/lib/test/auto/CurrentTimeSDF.xml
2 ms. Memory: 532480K Free: 462831K (87%)
----------------- Invoking toplevel() on ptolemy.moml.MoMLSimpleApplication@3f0c7c94
----------------- Done invoking toplevel() on ptolemy.moml.MoMLSimpleApplication@3f0c7c94
reloadAllAccessors: .CurrentTimeSDF

===========================================================================================
----------------- testing Fri May 22 14:29:08 UTC 2020 /home/travis/build/icyphy/ptII/ptolemy/actor/lib/test/auto/DB.xml
----------------- Instantiating /home/travis/build/icyphy/ptII/ptolemy/actor/lib/test/auto/DB.xml
1 ms. Memory: 532480K Free: 457197K (86%)
----------------- Invoking toplevel() on ptolemy.moml.MoMLSimpleApplication@7e03689a
----------------- Done invoking toplevel() on ptolemy.moml.MoMLSimpleApplication@7e03689a
reloadAllAccessors: .DB

===========================================================================================
----------------- testing Fri May 22 14:29:08 UTC 2020 /home/travis/build/icyphy/ptII/ptolemy/actor/lib/test/auto/DBDE.xml
----------------- Instantiating /home/travis/build/icyphy/ptII/ptolemy/actor/lib/test/auto/DBDE.xml
2 ms. Memory: 532480K Free: 451567K (85%)
----------------- Invoking toplevel() on ptolemy.moml.MoMLSimpleApplication@4f50c53b
----------------- Done invoking toplevel() on ptolemy.moml.MoMLSimpleApplication@4f50c53b
reloadAllAccessors: .DBDE

===========================================================================================
----------------- testing Fri May 22 14:29:08 UTC 2020 /home/travis/build/icyphy/ptII/ptolemy/actor/lib/test/auto/DateConstructor.xml
----------------- Instantiating /home/travis/build/icyphy/ptII/ptolemy/actor/lib/test/auto/DateConstructor.xml
40 ms. Memory: 532480K Free: 433645K (81%)
----------------- Invoking toplevel() on ptolemy.moml.MoMLSimpleApplication@60cad43e
----------------- Done invoking toplevel() on ptolemy.moml.MoMLSimpleApplication@60cad43e
reloadAllAccessors: .DateConstructor

===========================================================================================
----------------- testing Fri May 22 14:29:08 UTC 2020 /home/travis/build/icyphy/ptII/ptolemy/actor/lib/test/auto/DelayTime.xml
----------------- Instantiating /home/travis/build/icyphy/ptII/ptolemy/actor/lib/test/auto/DelayTime.xml
4 ms. Memory: 532480K Free: 428525K (80%)
----------------- Invoking toplevel() on ptolemy.moml.MoMLSimpleApplication@766188a7
----------------- Done invoking toplevel() on ptolemy.moml.MoMLSimpleApplication@766188a7
reloadAllAccessors: .DelayTime

===========================================================================================
----------------- testing Fri May 22 14:29:08 UTC 2020 /home/travis/build/icyphy/ptII/ptolemy/actor/lib/test/auto/Dictionary1.xml
----------------- Instantiating /home/travis/build/icyphy/ptII/ptolemy/actor/lib/test/auto/Dictionary1.xml
2 ms. Memory: 532480K Free: 423405K (80%)
----------------- Invoking toplevel() on ptolemy.moml.MoMLSimpleApplication@242c1935
----------------- Done invoking toplevel() on ptolemy.moml.MoMLSimpleApplication@242c1935
reloadAllAccessors: .Dictionary1

===========================================================================================
----------------- testing Fri May 22 14:29:08 UTC 2020 /home/travis/build/icyphy/ptII/ptolemy/actor/lib/test/auto/Dictionary2.xml
----------------- Instantiating /home/travis/build/icyphy/ptII/ptolemy/actor/lib/test/auto/Dictionary2.xml
2 ms. Memory: 532480K Free: 417775K (78%)
----------------- Invoking toplevel() on ptolemy.moml.MoMLSimpleApplication@54f737e5
----------------- Done invoking toplevel() on ptolemy.moml.MoMLSimpleApplication@54f737e5
reloadAllAccessors: .Dictionary2

===========================================================================================
----------------- testing Fri May 22 14:29:08 UTC 2020 /home/travis/build/icyphy/ptII/ptolemy/actor/lib/test/auto/Dictionary3.xml
----------------- Instantiating /home/travis/build/icyphy/ptII/ptolemy/actor/lib/test/auto/Dictionary3.xml
2 ms. Memory: 532480K Free: 412141K (77%)
----------------- Invoking toplevel() on ptolemy.moml.MoMLSimpleApplication@27c5fcf2
----------------- Done invoking toplevel() on ptolemy.moml.MoMLSimpleApplication@27c5fcf2
reloadAllAccessors: .Dictionary3

===========================================================================================
----------------- testing Fri May 22 14:29:08 UTC 2020 /home/travis/build/icyphy/ptII/ptolemy/actor/lib/test/auto/Dictionary4.xml
----------------- Instantiating /home/travis/build/icyphy/ptII/ptolemy/actor/lib/test/auto/Dictionary4.xml
2 ms. Memory: 532480K Free: 404967K (76%)
----------------- Invoking toplevel() on ptolemy.moml.MoMLSimpleApplication@498eda7d
----------------- Done invoking toplevel() on ptolemy.moml.MoMLSimpleApplication@498eda7d
reloadAllAccessors: .Dictionary4

===========================================================================================
----------------- testing Fri May 22 14:29:08 UTC 2020 /home/travis/build/icyphy/ptII/ptolemy/actor/lib/test/auto/Differential.xml
----------------- Instantiating /home/travis/build/icyphy/ptII/ptolemy/actor/lib/test/auto/Differential.xml
1 ms. Memory: 532480K Free: 400877K (75%)
----------------- Invoking toplevel() on ptolemy.moml.MoMLSimpleApplication@a010e19
----------------- Done invoking toplevel() on ptolemy.moml.MoMLSimpleApplication@a010e19
reloadAllAccessors: .Differential

===========================================================================================
----------------- testing Fri May 22 14:29:08 UTC 2020 /home/travis/build/icyphy/ptII/ptolemy/actor/lib/test/auto/Director.xml
----------------- Instantiating /home/travis/build/icyphy/ptII/ptolemy/actor/lib/test/auto/Director.xml
2 ms. Memory: 532480K Free: 397295K (75%)
----------------- Invoking toplevel() on ptolemy.moml.MoMLSimpleApplication@61cde26b
----------------- Done invoking toplevel() on ptolemy.moml.MoMLSimpleApplication@61cde26b
reloadAllAccessors: .Director

===========================================================================================
----------------- testing Fri May 22 14:29:08 UTC 2020 /home/travis/build/icyphy/ptII/ptolemy/actor/lib/test/auto/DiscreteClock.xml
----------------- Instantiating /home/travis/build/icyphy/ptII/ptolemy/actor/lib/test/auto/DiscreteClock.xml
1 ms. Memory: 532480K Free: 393199K (74%)
----------------- Invoking toplevel() on ptolemy.moml.MoMLSimpleApplication@3f65ae95
----------------- Done invoking toplevel() on ptolemy.moml.MoMLSimpleApplication@3f65ae95
reloadAllAccessors: .DiscreteClock

===========================================================================================
----------------- testing Fri May 22 14:29:08 UTC 2020 /home/travis/build/icyphy/ptII/ptolemy/actor/lib/test/auto/DiscreteClock10.xml
----------------- Instantiating /home/travis/build/icyphy/ptII/ptolemy/actor/lib/test/auto/DiscreteClock10.xml
5 ms. Memory: 532480K Free: 387565K (73%)
----------------- Invoking toplevel() on ptolemy.moml.MoMLSimpleApplication@2c451568
----------------- Done invoking toplevel() on ptolemy.moml.MoMLSimpleApplication@2c451568
reloadAllAccessors: .DiscreteClock10

===========================================================================================
----------------- testing Fri May 22 14:29:08 UTC 2020 /home/travis/build/icyphy/ptII/ptolemy/actor/lib/test/auto/DiscreteClock11.xml
----------------- Instantiating /home/travis/build/icyphy/ptII/ptolemy/actor/lib/test/auto/DiscreteClock11.xml
2 ms. Memory: 532480K Free: 381421K (72%)
----------------- Invoking toplevel() on ptolemy.moml.MoMLSimpleApplication@55c23a6e
----------------- Done invoking toplevel() on ptolemy.moml.MoMLSimpleApplication@55c23a6e
reloadAllAccessors: .DiscreteClock11

===========================================================================================
----------------- testing Fri May 22 14:29:08 UTC 2020 /home/travis/build/icyphy/ptII/ptolemy/actor/lib/test/auto/DiscreteClock12.xml
----------------- Instantiating /home/travis/build/icyphy/ptII/ptolemy/actor/lib/test/auto/DiscreteClock12.xml
3 ms. Memory: 532480K Free: 375277K (70%)
----------------- Invoking toplevel() on ptolemy.moml.MoMLSimpleApplication@61cfbdf8
----------------- Done invoking toplevel() on ptolemy.moml.MoMLSimpleApplication@61cfbdf8
reloadAllAccessors: .DiscreteClock12

===========================================================================================
----------------- testing Fri May 22 14:29:09 UTC 2020 /home/travis/build/icyphy/ptII/ptolemy/actor/lib/test/auto/DiscreteClock13.xml
----------------- Instantiating /home/travis/build/icyphy/ptII/ptolemy/actor/lib/test/auto/DiscreteClock13.xml
5 ms. Memory: 532480K Free: 369103K (69%)
----------------- Invoking toplevel() on ptolemy.moml.MoMLSimpleApplication@6119aa5
----------------- Done invoking toplevel() on ptolemy.moml.MoMLSimpleApplication@6119aa5
reloadAllAccessors: .DiscreteClock13

===========================================================================================
----------------- testing Fri May 22 14:29:09 UTC 2020 /home/travis/build/icyphy/ptII/ptolemy/actor/lib/test/auto/DiscreteClock14.xml
----------------- Instantiating /home/travis/build/icyphy/ptII/ptolemy/actor/lib/test/auto/DiscreteClock14.xml
5 ms. Memory: 532480K Free: 363503K (68%)
----------------- Invoking toplevel() on ptolemy.moml.MoMLSimpleApplication@48e8ae75
----------------- Done invoking toplevel() on ptolemy.moml.MoMLSimpleApplication@48e8ae75
reloadAllAccessors: .DiscreteClock14

===========================================================================================
----------------- testing Fri May 22 14:29:09 UTC 2020 /home/travis/build/icyphy/ptII/ptolemy/actor/lib/test/auto/DiscreteClock15.xml
----------------- Instantiating /home/travis/build/icyphy/ptII/ptolemy/actor/lib/test/auto/DiscreteClock15.xml
4 ms. Memory: 532480K Free: 357359K (67%)
----------------- Invoking toplevel() on ptolemy.moml.MoMLSimpleApplication@576ee1c7
----------------- Done invoking toplevel() on ptolemy.moml.MoMLSimpleApplication@576ee1c7
reloadAllAccessors: .DiscreteClock15

===========================================================================================
----------------- testing Fri May 22 14:29:09 UTC 2020 /home/travis/build/icyphy/ptII/ptolemy/actor/lib/test/auto/DiscreteClock16.xml
----------------- Instantiating /home/travis/build/icyphy/ptII/ptolemy/actor/lib/test/auto/DiscreteClock16.xml
16 ms. Memory: 532480K Free: 343519K (65%)
----------------- Invoking toplevel() on ptolemy.moml.MoMLSimpleApplication@1bfa5276
----------------- Done invoking toplevel() on ptolemy.moml.MoMLSimpleApplication@1bfa5276
reloadAllAccessors: .DiscreteClock16

===========================================================================================
----------------- testing Fri May 22 14:29:09 UTC 2020 /home/travis/build/icyphy/ptII/ptolemy/actor/lib/test/auto/DiscreteClock17.xml
----------------- Instantiating /home/travis/build/icyphy/ptII/ptolemy/actor/lib/test/auto/DiscreteClock17.xml
24 ms. Memory: 532480K Free: 329183K (62%)
----------------- Invoking toplevel() on ptolemy.moml.MoMLSimpleApplication@66ffa732
----------------- Done invoking toplevel() on ptolemy.moml.MoMLSimpleApplication@66ffa732
reloadAllAccessors: .DiscreteClock17

===========================================================================================
----------------- testing Fri May 22 14:29:09 UTC 2020 /home/travis/build/icyphy/ptII/ptolemy/actor/lib/test/auto/DiscreteClock18.xml
----------------- Instantiating /home/travis/build/icyphy/ptII/ptolemy/actor/lib/test/auto/DiscreteClock18.xml
10 ms. Memory: 532480K Free: 315885K (59%)
----------------- Invoking toplevel() on ptolemy.moml.MoMLSimpleApplication@77b3ca9
----------------- Done invoking toplevel() on ptolemy.moml.MoMLSimpleApplication@77b3ca9
reloadAllAccessors: .DiscreteClock18

===========================================================================================
----------------- testing Fri May 22 14:29:09 UTC 2020 /home/travis/build/icyphy/ptII/ptolemy/actor/lib/test/auto/DiscreteClock19.xml
----------------- Instantiating /home/travis/build/icyphy/ptII/ptolemy/actor/lib/test/auto/DiscreteClock19.xml
10 ms. Memory: 532480K Free: 302061K (57%)
----------------- Invoking toplevel() on ptolemy.moml.MoMLSimpleApplication@650da52
----------------- Done invoking toplevel() on ptolemy.moml.MoMLSimpleApplication@650da52
reloadAllAccessors: .DiscreteClock19

===========================================================================================
----------------- testing Fri May 22 14:29:09 UTC 2020 /home/travis/build/icyphy/ptII/ptolemy/actor/lib/test/auto/DiscreteClock2.xml
----------------- Instantiating /home/travis/build/icyphy/ptII/ptolemy/actor/lib/test/auto/DiscreteClock2.xml
4 ms. Memory: 532480K Free: 297453K (56%)
----------------- Invoking toplevel() on ptolemy.moml.MoMLSimpleApplication@41703a52
----------------- Done invoking toplevel() on ptolemy.moml.MoMLSimpleApplication@41703a52
reloadAllAccessors: .DiscreteClock2

===========================================================================================
----------------- testing Fri May 22 14:29:09 UTC 2020 /home/travis/build/icyphy/ptII/ptolemy/actor/lib/test/auto/DiscreteClock20.xml
----------------- Instantiating /home/travis/build/icyphy/ptII/ptolemy/actor/lib/test/auto/DiscreteClock20.xml
6 ms. Memory: 532480K Free: 291823K (55%)
----------------- Invoking toplevel() on ptolemy.moml.MoMLSimpleApplication@2c2a1ef8
----------------- Done invoking toplevel() on ptolemy.moml.MoMLSimpleApplication@2c2a1ef8
reloadAllAccessors: .DiscreteClock20

===========================================================================================
----------------- testing Fri May 22 14:29:09 UTC 2020 /home/travis/build/icyphy/ptII/ptolemy/actor/lib/test/auto/DiscreteClock21.xml
----------------- Instantiating /home/travis/build/icyphy/ptII/ptolemy/actor/lib/test/auto/DiscreteClock21.xml
4 ms. Memory: 532480K Free: 286189K (54%)
----------------- Invoking toplevel() on ptolemy.moml.MoMLSimpleApplication@4b7c0640
----------------- Done invoking toplevel() on ptolemy.moml.MoMLSimpleApplication@4b7c0640
reloadAllAccessors: .DiscreteClock21

===========================================================================================
----------------- testing Fri May 22 14:29:09 UTC 2020 /home/travis/build/icyphy/ptII/ptolemy/actor/lib/test/auto/DiscreteClock22.xml
----------------- Instantiating /home/travis/build/icyphy/ptII/ptolemy/actor/lib/test/auto/DiscreteClock22.xml
4 ms. Memory: 532480K Free: 281069K (53%)
----------------- Invoking toplevel() on ptolemy.moml.MoMLSimpleApplication@2f63c5ea
----------------- Done invoking toplevel() on ptolemy.moml.MoMLSimpleApplication@2f63c5ea
reloadAllAccessors: .DiscreteClock22

===========================================================================================
----------------- testing Fri May 22 14:29:09 UTC 2020 /home/travis/build/icyphy/ptII/ptolemy/actor/lib/test/auto/DiscreteClock23.xml
----------------- Instantiating /home/travis/build/icyphy/ptII/ptolemy/actor/lib/test/auto/DiscreteClock23.xml
5 ms. Memory: 532480K Free: 275439K (52%)
----------------- Invoking toplevel() on ptolemy.moml.MoMLSimpleApplication@25007d76
----------------- Done invoking toplevel() on ptolemy.moml.MoMLSimpleApplication@25007d76
reloadAllAccessors: .DiscreteClock23

===========================================================================================
----------------- testing Fri May 22 14:29:09 UTC 2020 /home/travis/build/icyphy/ptII/ptolemy/actor/lib/test/auto/DiscreteClock24.xml
----------------- Instantiating /home/travis/build/icyphy/ptII/ptolemy/actor/lib/test/auto/DiscreteClock24.xml
4 ms. Memory: 532480K Free: 269805K (51%)
----------------- Invoking toplevel() on ptolemy.moml.MoMLSimpleApplication@66d3a281
----------------- Done invoking toplevel() on ptolemy.moml.MoMLSimpleApplication@66d3a281
reloadAllAccessors: .DiscreteClock24

===========================================================================================
----------------- testing Fri May 22 14:29:09 UTC 2020 /home/travis/build/icyphy/ptII/ptolemy/actor/lib/test/auto/DiscreteClock4.xml
----------------- Instantiating /home/travis/build/icyphy/ptII/ptolemy/actor/lib/test/auto/DiscreteClock4.xml
1 ms. Memory: 532480K Free: 264175K (50%)
----------------- Invoking toplevel() on ptolemy.moml.MoMLSimpleApplication@719ff233
----------------- Done invoking toplevel() on ptolemy.moml.MoMLSimpleApplication@719ff233
reloadAllAccessors: .DiscreteClock4

===========================================================================================
----------------- testing Fri May 22 14:29:09 UTC 2020 /home/travis/build/icyphy/ptII/ptolemy/actor/lib/test/auto/DiscreteClock5.xml
----------------- Instantiating /home/travis/build/icyphy/ptII/ptolemy/actor/lib/test/auto/DiscreteClock5.xml
1 ms. Memory: 532480K Free: 259055K (49%)
----------------- Invoking toplevel() on ptolemy.moml.MoMLSimpleApplication@57dcdaed
----------------- Done invoking toplevel() on ptolemy.moml.MoMLSimpleApplication@57dcdaed
reloadAllAccessors: .DiscreteClock5

===========================================================================================
----------------- testing Fri May 22 14:29:09 UTC 2020 /home/travis/build/icyphy/ptII/ptolemy/actor/lib/test/auto/DiscreteClock6.xml
----------------- Instantiating /home/travis/build/icyphy/ptII/ptolemy/actor/lib/test/auto/DiscreteClock6.xml
1 ms. Memory: 532480K Free: 254959K (48%)
----------------- Invoking toplevel() on ptolemy.moml.MoMLSimpleApplication@63095d24
----------------- Done invoking toplevel() on ptolemy.moml.MoMLSimpleApplication@63095d24
reloadAllAccessors: .DiscreteClock6

===========================================================================================
----------------- testing Fri May 22 14:29:09 UTC 2020 /home/travis/build/icyphy/ptII/ptolemy/actor/lib/test/auto/DiscreteClock7.xml
----------------- Instantiating /home/travis/build/icyphy/ptII/ptolemy/actor/lib/test/auto/DiscreteClock7.xml
1 ms. Memory: 532480K Free: 250349K (47%)
----------------- Invoking toplevel() on ptolemy.moml.MoMLSimpleApplication@5ad3e7b9
----------------- Done invoking toplevel() on ptolemy.moml.MoMLSimpleApplication@5ad3e7b9
reloadAllAccessors: .DiscreteClock7

===========================================================================================
----------------- testing Fri May 22 14:29:09 UTC 2020 /home/travis/build/icyphy/ptII/ptolemy/actor/lib/test/auto/DiscreteClock8.xml
----------------- Instantiating /home/travis/build/icyphy/ptII/ptolemy/actor/lib/test/auto/DiscreteClock8.xml
8 ms. Memory: 532480K Free: 244719K (46%)
----------------- Invoking toplevel() on ptolemy.moml.MoMLSimpleApplication@39ecb9fc
----------------- Done invoking toplevel() on ptolemy.moml.MoMLSimpleApplication@39ecb9fc
reloadAllAccessors: .DiscreteClock8

===========================================================================================
----------------- testing Fri May 22 14:29:09 UTC 2020 /home/travis/build/icyphy/ptII/ptolemy/actor/lib/test/auto/DiscreteClock9.xml
----------------- Instantiating /home/travis/build/icyphy/ptII/ptolemy/actor/lib/test/auto/DiscreteClock9.xml
4 ms. Memory: 532480K Free: 239055K (45%)
----------------- Invoking toplevel() on ptolemy.moml.MoMLSimpleApplication@3df364f5
----------------- Done invoking toplevel() on ptolemy.moml.MoMLSimpleApplication@3df364f5
reloadAllAccessors: .DiscreteClock9

===========================================================================================
----------------- testing Fri May 22 14:29:09 UTC 2020 /home/travis/build/icyphy/ptII/ptolemy/actor/lib/test/auto/DisplayArray.xml
----------------- Instantiating /home/travis/build/icyphy/ptII/ptolemy/actor/lib/test/auto/DisplayArray.xml
1 ms. Memory: 532480K Free: 235503K (44%)
----------------- Invoking toplevel() on ptolemy.moml.MoMLSimpleApplication@3b5c557c
----------------- Done invoking toplevel() on ptolemy.moml.MoMLSimpleApplication@3b5c557c
reloadAllAccessors: .DisplayArray

===========================================================================================
----------------- testing Fri May 22 14:29:09 UTC 2020 /home/travis/build/icyphy/ptII/ptolemy/actor/lib/test/auto/Distributor.xml
----------------- Instantiating /home/travis/build/icyphy/ptII/ptolemy/actor/lib/test/auto/Distributor.xml
1 ms. Memory: 532480K Free: 230893K (43%)
----------------- Invoking toplevel() on ptolemy.moml.MoMLSimpleApplication@52f20e41
----------------- Done invoking toplevel() on ptolemy.moml.MoMLSimpleApplication@52f20e41
reloadAllAccessors: .Distributor

===========================================================================================
----------------- testing Fri May 22 14:29:09 UTC 2020 /home/travis/build/icyphy/ptII/ptolemy/actor/lib/test/auto/Distributor2.xml
----------------- Instantiating /home/travis/build/icyphy/ptII/ptolemy/actor/lib/test/auto/Distributor2.xml
1 ms. Memory: 532480K Free: 225773K (42%)
----------------- Invoking toplevel() on ptolemy.moml.MoMLSimpleApplication@f85d7c1
----------------- Done invoking toplevel() on ptolemy.moml.MoMLSimpleApplication@f85d7c1
reloadAllAccessors: .Distributor2

===========================================================================================
----------------- testing Fri May 22 14:29:09 UTC 2020 /home/travis/build/icyphy/ptII/ptolemy/actor/lib/test/auto/DownSample.xml
----------------- Instantiating /home/travis/build/icyphy/ptII/ptolemy/actor/lib/test/auto/DownSample.xml
2 ms. Memory: 532480K Free: 221167K (42%)
----------------- Invoking toplevel() on ptolemy.moml.MoMLSimpleApplication@148604fc
----------------- Done invoking toplevel() on ptolemy.moml.MoMLSimpleApplication@148604fc
reloadAllAccessors: .DownSample

===========================================================================================
----------------- testing Fri May 22 14:29:09 UTC 2020 /home/travis/build/icyphy/ptII/ptolemy/actor/lib/test/auto/ElectronicUnitBase1.xml
----------------- Instantiating /home/travis/build/icyphy/ptII/ptolemy/actor/lib/test/auto/ElectronicUnitBase1.xml
26 ms. Memory: 532480K Free: 205807K (39%)
----------------- Invoking toplevel() on ptolemy.moml.MoMLSimpleApplication@5e6367d7
----------------- Done invoking toplevel() on ptolemy.moml.MoMLSimpleApplication@5e6367d7
reloadAllAccessors: .ElectronicUnitBase1

===========================================================================================
----------------- testing Fri May 22 14:29:09 UTC 2020 /home/travis/build/icyphy/ptII/ptolemy/actor/lib/test/auto/ElementsToArray.xml
----------------- Instantiating /home/travis/build/icyphy/ptII/ptolemy/actor/lib/test/auto/ElementsToArray.xml
3 ms. Memory: 532480K Free: 200687K (38%)
----------------- Invoking toplevel() on ptolemy.moml.MoMLSimpleApplication@3bf66948
----------------- Done invoking toplevel() on ptolemy.moml.MoMLSimpleApplication@3bf66948
reloadAllAccessors: .ElementsToArray

===========================================================================================
----------------- testing Fri May 22 14:29:09 UTC 2020 /home/travis/build/icyphy/ptII/ptolemy/actor/lib/test/auto/Equals.xml
----------------- Instantiating /home/travis/build/icyphy/ptII/ptolemy/actor/lib/test/auto/Equals.xml
3 ms. Memory: 532480K Free: 196077K (37%)
----------------- Invoking toplevel() on ptolemy.moml.MoMLSimpleApplication@7a44f402
----------------- Done invoking toplevel() on ptolemy.moml.MoMLSimpleApplication@7a44f402
reloadAllAccessors: .Equals

===========================================================================================
----------------- testing Fri May 22 14:29:09 UTC 2020 /home/travis/build/icyphy/ptII/ptolemy/actor/lib/test/auto/Exec.xml
----------------- Instantiating /home/travis/build/icyphy/ptII/ptolemy/actor/lib/test/auto/Exec.xml
16 ms. Memory: 532480K Free: 191469K (36%)
----------------- Invoking toplevel() on ptolemy.moml.MoMLSimpleApplication@3174af87
----------------- Done invoking toplevel() on ptolemy.moml.MoMLSimpleApplication@3174af87
reloadAllAccessors: .Exec

===========================================================================================
----------------- testing Fri May 22 14:29:09 UTC 2020 /home/travis/build/icyphy/ptII/ptolemy/actor/lib/test/auto/ExecEnvironment.xml
----------------- Instantiating /home/travis/build/icyphy/ptII/ptolemy/actor/lib/test/auto/ExecEnvironment.xml
33 ms. Memory: 532480K Free: 186349K (35%)
----------------- Invoking toplevel() on ptolemy.moml.MoMLSimpleApplication@ee65f6b
----------------- Done invoking toplevel() on ptolemy.moml.MoMLSimpleApplication@ee65f6b
reloadAllAccessors: .ExecEnvironment

===========================================================================================
----------------- testing Fri May 22 14:29:09 UTC 2020 /home/travis/build/icyphy/ptII/ptolemy/actor/lib/test/auto/ExecNonZeroReturnOutput.xml
----------------- Instantiating /home/travis/build/icyphy/ptII/ptolemy/actor/lib/test/auto/ExecNonZeroReturnOutput.xml
166 ms. Memory: 532480K Free: 175597K (33%)
----------------- Invoking toplevel() on ptolemy.moml.MoMLSimpleApplication@52223f98
----------------- Done invoking toplevel() on ptolemy.moml.MoMLSimpleApplication@52223f98
reloadAllAccessors: .ExecNonZeroReturnOutput

===========================================================================================
----------------- testing Fri May 22 14:29:09 UTC 2020 /home/travis/build/icyphy/ptII/ptolemy/actor/lib/test/auto/ExecRunDemos.xml
----------------- Instantiating /home/travis/build/icyphy/ptII/ptolemy/actor/lib/test/auto/ExecRunDemos.xml
Finished: 64 ms. Memory: 129024K Free: 112059K (87%)

Finished: 60 ms. Memory: 129024K Free: 109409K (85%)

Finished: 95 ms. Memory: 129024K Free: 109726K (85%)

Finished: 74 ms. Memory: 129024K Free: 111000K (86%)

Finished: 60 ms. Memory: 129024K Free: 111943K (87%)

9936 ms. Memory: 532480K Free: 468924K (88%)
----------------- Invoking toplevel() on ptolemy.moml.MoMLSimpleApplication@62af9ab2
----------------- Done invoking toplevel() on ptolemy.moml.MoMLSimpleApplication@62af9ab2
reloadAllAccessors: .ExecRunDemos

===========================================================================================
----------------- testing Fri May 22 14:29:19 UTC 2020 /home/travis/build/icyphy/ptII/ptolemy/actor/lib/test/auto/ExecStop.xml
----------------- Instantiating /home/travis/build/icyphy/ptII/ptolemy/actor/lib/test/auto/ExecStop.xml
5016 ms. Memory: 532480K Free: 327102K (61%)
----------------- Invoking toplevel() on ptolemy.moml.MoMLSimpleApplication@22102acf
----------------- Done invoking toplevel() on ptolemy.moml.MoMLSimpleApplication@22102acf
reloadAllAccessors: .ExecStop

===========================================================================================
----------------- testing Fri May 22 14:29:24 UTC 2020 /home/travis/build/icyphy/ptII/ptolemy/actor/lib/test/auto/ExecutionTimeSDF.xml
----------------- Instantiating /home/travis/build/icyphy/ptII/ptolemy/actor/lib/test/auto/ExecutionTimeSDF.xml
Fired ExecutionTime: -424967296
Fired ExecutionTime: 1335200000
Fired ExecutionTime: -292167296
6006 ms. Memory: 532480K Free: 314814K (59%)
----------------- Invoking toplevel() on ptolemy.moml.MoMLSimpleApplication@3cdbc7f1
----------------- Done invoking toplevel() on ptolemy.moml.MoMLSimpleApplication@3cdbc7f1
reloadAllAccessors: .ExecutionTimeSDF

===========================================================================================
----------------- testing Fri May 22 14:29:30 UTC 2020 /home/travis/build/icyphy/ptII/ptolemy/actor/lib/test/auto/Expression1.xml
----------------- Instantiating /home/travis/build/icyphy/ptII/ptolemy/actor/lib/test/auto/Expression1.xml
1 ms. Memory: 532480K Free: 311228K (58%)
----------------- Invoking toplevel() on ptolemy.moml.MoMLSimpleApplication@7c56fb56
----------------- Done invoking toplevel() on ptolemy.moml.MoMLSimpleApplication@7c56fb56
reloadAllAccessors: .Expression1

===========================================================================================
----------------- testing Fri May 22 14:29:30 UTC 2020 /home/travis/build/icyphy/ptII/ptolemy/actor/lib/test/auto/Expression10.xml
----------------- Instantiating /home/travis/build/icyphy/ptII/ptolemy/actor/lib/test/auto/Expression10.xml
5 ms. Memory: 532480K Free: 306108K (57%)
----------------- Invoking toplevel() on ptolemy.moml.MoMLSimpleApplication@46578758
----------------- Done invoking toplevel() on ptolemy.moml.MoMLSimpleApplication@46578758
reloadAllAccessors: .Expression10

===========================================================================================
----------------- testing Fri May 22 14:29:30 UTC 2020 /home/travis/build/icyphy/ptII/ptolemy/actor/lib/test/auto/Expression11.xml
----------------- Instantiating /home/travis/build/icyphy/ptII/ptolemy/actor/lib/test/auto/Expression11.xml
4 ms. Memory: 532480K Free: 301502K (57%)
----------------- Invoking toplevel() on ptolemy.moml.MoMLSimpleApplication@22c5b59
----------------- Done invoking toplevel() on ptolemy.moml.MoMLSimpleApplication@22c5b59
reloadAllAccessors: .Expression11

===========================================================================================
----------------- testing Fri May 22 14:29:31 UTC 2020 /home/travis/build/icyphy/ptII/ptolemy/actor/lib/test/auto/Expression12.xml
----------------- Instantiating /home/travis/build/icyphy/ptII/ptolemy/actor/lib/test/auto/Expression12.xml
3 ms. Memory: 532480K Free: 295868K (56%)
----------------- Invoking toplevel() on ptolemy.moml.MoMLSimpleApplication@57a67a69
----------------- Done invoking toplevel() on ptolemy.moml.MoMLSimpleApplication@57a67a69
reloadAllAccessors: .Expression12

===========================================================================================
----------------- testing Fri May 22 14:29:31 UTC 2020 /home/travis/build/icyphy/ptII/ptolemy/actor/lib/test/auto/Expression13.xml
----------------- Instantiating /home/travis/build/icyphy/ptII/ptolemy/actor/lib/test/auto/Expression13.xml
4 ms. Memory: 532480K Free: 290748K (55%)
----------------- Invoking toplevel() on ptolemy.moml.MoMLSimpleApplication@1736d411
----------------- Done invoking toplevel() on ptolemy.moml.MoMLSimpleApplication@1736d411
reloadAllAccessors: .Expression13

===========================================================================================
----------------- testing Fri May 22 14:29:31 UTC 2020 /home/travis/build/icyphy/ptII/ptolemy/actor/lib/test/auto/Expression14.xml
----------------- Instantiating /home/travis/build/icyphy/ptII/ptolemy/actor/lib/test/auto/Expression14.xml
6 ms. Memory: 532480K Free: 284604K (53%)
----------------- Invoking toplevel() on ptolemy.moml.MoMLSimpleApplication@2491cdb0
----------------- Done invoking toplevel() on ptolemy.moml.MoMLSimpleApplication@2491cdb0
reloadAllAccessors: .Expression14

===========================================================================================
----------------- testing Fri May 22 14:29:31 UTC 2020 /home/travis/build/icyphy/ptII/ptolemy/actor/lib/test/auto/Expression15.xml
----------------- Instantiating /home/travis/build/icyphy/ptII/ptolemy/actor/lib/test/auto/Expression15.xml
1 ms. Memory: 532480K Free: 281022K (53%)
----------------- Invoking toplevel() on ptolemy.moml.MoMLSimpleApplication@3787c331
----------------- Done invoking toplevel() on ptolemy.moml.MoMLSimpleApplication@3787c331
reloadAllAccessors: .Expression15

===========================================================================================
----------------- testing Fri May 22 14:29:31 UTC 2020 /home/travis/build/icyphy/ptII/ptolemy/actor/lib/test/auto/Expression16.xml
----------------- Instantiating /home/travis/build/icyphy/ptII/ptolemy/actor/lib/test/auto/Expression16.xml
3 ms. Memory: 532480K Free: 275902K (52%)
----------------- Invoking toplevel() on ptolemy.moml.MoMLSimpleApplication@5f3bf505
----------------- Done invoking toplevel() on ptolemy.moml.MoMLSimpleApplication@5f3bf505
reloadAllAccessors: .Expression16

===========================================================================================
----------------- testing Fri May 22 14:29:31 UTC 2020 /home/travis/build/icyphy/ptII/ptolemy/actor/lib/test/auto/Expression17.xml
----------------- Instantiating /home/travis/build/icyphy/ptII/ptolemy/actor/lib/test/auto/Expression17.xml
3 ms. Memory: 532480K Free: 270782K (51%)
----------------- Invoking toplevel() on ptolemy.moml.MoMLSimpleApplication@6eeb4c6c
----------------- Done invoking toplevel() on ptolemy.moml.MoMLSimpleApplication@6eeb4c6c
reloadAllAccessors: .Expression17

===========================================================================================
----------------- testing Fri May 22 14:29:31 UTC 2020 /home/travis/build/icyphy/ptII/ptolemy/actor/lib/test/auto/Expression18.xml
----------------- Instantiating /home/travis/build/icyphy/ptII/ptolemy/actor/lib/test/auto/Expression18.xml
2 ms. Memory: 532480K Free: 265148K (50%)
----------------- Invoking toplevel() on ptolemy.moml.MoMLSimpleApplication@7e11657d
----------------- Done invoking toplevel() on ptolemy.moml.MoMLSimpleApplication@7e11657d
reloadAllAccessors: .Expression18

===========================================================================================
----------------- testing Fri May 22 14:29:31 UTC 2020 /home/travis/build/icyphy/ptII/ptolemy/actor/lib/test/auto/Expression2.xml
----------------- Instantiating /home/travis/build/icyphy/ptII/ptolemy/actor/lib/test/auto/Expression2.xml
2 ms. Memory: 532480K Free: 260028K (49%)
----------------- Invoking toplevel() on ptolemy.moml.MoMLSimpleApplication@710ff5ab
----------------- Done invoking toplevel() on ptolemy.moml.MoMLSimpleApplication@710ff5ab
reloadAllAccessors: .Expression2

===========================================================================================
----------------- testing Fri May 22 14:29:31 UTC 2020 /home/travis/build/icyphy/ptII/ptolemy/actor/lib/test/auto/Expression3.xml
----------------- Instantiating /home/travis/build/icyphy/ptII/ptolemy/actor/lib/test/auto/Expression3.xml
6 ms. Memory: 532480K Free: 255422K (48%)
----------------- Invoking toplevel() on ptolemy.moml.MoMLSimpleApplication@1e69b2cc
----------------- Done invoking toplevel() on ptolemy.moml.MoMLSimpleApplication@1e69b2cc
reloadAllAccessors: .Expression3

===========================================================================================
----------------- testing Fri May 22 14:29:31 UTC 2020 /home/travis/build/icyphy/ptII/ptolemy/actor/lib/test/auto/Expression4.xml
----------------- Instantiating /home/travis/build/icyphy/ptII/ptolemy/actor/lib/test/auto/Expression4.xml
3 ms. Memory: 532480K Free: 247740K (47%)
----------------- Invoking toplevel() on ptolemy.moml.MoMLSimpleApplication@6fe1245b
----------------- Done invoking toplevel() on ptolemy.moml.MoMLSimpleApplication@6fe1245b
reloadAllAccessors: .Expression4

===========================================================================================
----------------- testing Fri May 22 14:29:31 UTC 2020 /home/travis/build/icyphy/ptII/ptolemy/actor/lib/test/auto/Expression5.xml
----------------- Instantiating /home/travis/build/icyphy/ptII/ptolemy/actor/lib/test/auto/Expression5.xml
3 ms. Memory: 532480K Free: 242620K (46%)
----------------- Invoking toplevel() on ptolemy.moml.MoMLSimpleApplication@629a5003
----------------- Done invoking toplevel() on ptolemy.moml.MoMLSimpleApplication@629a5003
reloadAllAccessors: .Expression5

===========================================================================================
----------------- testing Fri May 22 14:29:31 UTC 2020 /home/travis/build/icyphy/ptII/ptolemy/actor/lib/test/auto/Expression6.xml
----------------- Instantiating /home/travis/build/icyphy/ptII/ptolemy/actor/lib/test/auto/Expression6.xml
2 ms. Memory: 532480K Free: 238014K (45%)
----------------- Invoking toplevel() on ptolemy.moml.MoMLSimpleApplication@128a98a
----------------- Done invoking toplevel() on ptolemy.moml.MoMLSimpleApplication@128a98a
reloadAllAccessors: .Expression6

===========================================================================================
----------------- testing Fri May 22 14:29:31 UTC 2020 /home/travis/build/icyphy/ptII/ptolemy/actor/lib/test/auto/Expression7.xml
----------------- Instantiating /home/travis/build/icyphy/ptII/ptolemy/actor/lib/test/auto/Expression7.xml
3 ms. Memory: 532480K Free: 232894K (44%)
----------------- Invoking toplevel() on ptolemy.moml.MoMLSimpleApplication@6cc3fda6
----------------- Done invoking toplevel() on ptolemy.moml.MoMLSimpleApplication@6cc3fda6
reloadAllAccessors: .Expression7

===========================================================================================
----------------- testing Fri May 22 14:29:31 UTC 2020 /home/travis/build/icyphy/ptII/ptolemy/actor/lib/test/auto/Expression8.xml
----------------- Instantiating /home/travis/build/icyphy/ptII/ptolemy/actor/lib/test/auto/Expression8.xml
8 ms. Memory: 532480K Free: 227774K (43%)
----------------- Invoking toplevel() on ptolemy.moml.MoMLSimpleApplication@71301930
----------------- Done invoking toplevel() on ptolemy.moml.MoMLSimpleApplication@71301930
reloadAllAccessors: .Expression8

===========================================================================================
----------------- testing Fri May 22 14:29:31 UTC 2020 /home/travis/build/icyphy/ptII/ptolemy/actor/lib/test/auto/Expression9.xml
----------------- Instantiating /home/travis/build/icyphy/ptII/ptolemy/actor/lib/test/auto/Expression9.xml
2 ms. Memory: 532480K Free: 224188K (42%)
----------------- Invoking toplevel() on ptolemy.moml.MoMLSimpleApplication@5a8c2a0b
----------------- Done invoking toplevel() on ptolemy.moml.MoMLSimpleApplication@5a8c2a0b
reloadAllAccessors: .Expression9

===========================================================================================
----------------- testing Fri May 22 14:29:31 UTC 2020 /home/travis/build/icyphy/ptII/ptolemy/actor/lib/test/auto/ExpressionConcatenateArrayType.xml
----------------- Instantiating /home/travis/build/icyphy/ptII/ptolemy/actor/lib/test/auto/ExpressionConcatenateArrayType.xml
3 ms. Memory: 532480K Free: 217534K (41%)
----------------- Invoking toplevel() on ptolemy.moml.MoMLSimpleApplication@7e9dc54b
----------------- Done invoking toplevel() on ptolemy.moml.MoMLSimpleApplication@7e9dc54b
reloadAllAccessors: .ExpressionConcatenateArrayType

===========================================================================================
----------------- testing Fri May 22 14:29:31 UTC 2020 /home/travis/build/icyphy/ptII/ptolemy/actor/lib/test/auto/ExpressionConcatenateArrayType2.xml
----------------- Instantiating /home/travis/build/icyphy/ptII/ptolemy/actor/lib/test/auto/ExpressionConcatenateArrayType2.xml
2 ms. Memory: 532480K Free: 211900K (40%)
----------------- Invoking toplevel() on ptolemy.moml.MoMLSimpleApplication@7e7a5040
----------------- Done invoking toplevel() on ptolemy.moml.MoMLSimpleApplication@7e7a5040
reloadAllAccessors: .ExpressionConcatenateArrayType2

===========================================================================================
----------------- testing Fri May 22 14:29:31 UTC 2020 /home/travis/build/icyphy/ptII/ptolemy/actor/lib/test/auto/ExpressionFix.xml
----------------- Instantiating /home/travis/build/icyphy/ptII/ptolemy/actor/lib/test/auto/ExpressionFix.xml
21 ms. Memory: 532480K Free: 205246K (39%)
----------------- Invoking toplevel() on ptolemy.moml.MoMLSimpleApplication@679ff800
----------------- Done invoking toplevel() on ptolemy.moml.MoMLSimpleApplication@679ff800
reloadAllAccessors: .ExpressionFix

===========================================================================================
----------------- testing Fri May 22 14:29:31 UTC 2020 /home/travis/build/icyphy/ptII/ptolemy/actor/lib/test/auto/ExpressionFix2.xml
----------------- Instantiating /home/travis/build/icyphy/ptII/ptolemy/actor/lib/test/auto/ExpressionFix2.xml
3 ms. Memory: 532480K Free: 201150K (38%)
----------------- Invoking toplevel() on ptolemy.moml.MoMLSimpleApplication@4cb00dc2
----------------- Done invoking toplevel() on ptolemy.moml.MoMLSimpleApplication@4cb00dc2
reloadAllAccessors: .ExpressionFix2

===========================================================================================
----------------- testing Fri May 22 14:29:31 UTC 2020 /home/travis/build/icyphy/ptII/ptolemy/actor/lib/test/auto/ExpressionFix3.xml
----------------- Instantiating /home/travis/build/icyphy/ptII/ptolemy/actor/lib/test/auto/ExpressionFix3.xml
2 ms. Memory: 532480K Free: 196540K (37%)
----------------- Invoking toplevel() on ptolemy.moml.MoMLSimpleApplication@68f53441
----------------- Done invoking toplevel() on ptolemy.moml.MoMLSimpleApplication@68f53441
reloadAllAccessors: .ExpressionFix3

===========================================================================================
----------------- testing Fri May 22 14:29:31 UTC 2020 /home/travis/build/icyphy/ptII/ptolemy/actor/lib/test/auto/FileWriter1.xml
----------------- Instantiating /home/travis/build/icyphy/ptII/ptolemy/actor/lib/test/auto/FileWriter1.xml
5 ms. Memory: 532480K Free: 192444K (36%)
----------------- Invoking toplevel() on ptolemy.moml.MoMLSimpleApplication@56db9a2
----------------- Done invoking toplevel() on ptolemy.moml.MoMLSimpleApplication@56db9a2
reloadAllAccessors: .FileWriter1

===========================================================================================
----------------- testing Fri May 22 14:29:31 UTC 2020 /home/travis/build/icyphy/ptII/ptolemy/actor/lib/test/auto/FileWriter2.xml
----------------- Instantiating /home/travis/build/icyphy/ptII/ptolemy/actor/lib/test/auto/FileWriter2.xml
3 ms. Memory: 532480K Free: 188348K (35%)
----------------- Invoking toplevel() on ptolemy.moml.MoMLSimpleApplication@13c05a64
----------------- Done invoking toplevel() on ptolemy.moml.MoMLSimpleApplication@13c05a64
reloadAllAccessors: .FileWriter2

===========================================================================================
----------------- testing Fri May 22 14:29:31 UTC 2020 /home/travis/build/icyphy/ptII/ptolemy/actor/lib/test/auto/FileWriter3.xml
----------------- Instantiating /home/travis/build/icyphy/ptII/ptolemy/actor/lib/test/auto/FileWriter3.xml
4 ms. Memory: 532480K Free: 184252K (35%)
----------------- Invoking toplevel() on ptolemy.moml.MoMLSimpleApplication@56dc97a
----------------- Done invoking toplevel() on ptolemy.moml.MoMLSimpleApplication@56dc97a
reloadAllAccessors: .FileWriter3

===========================================================================================
----------------- testing Fri May 22 14:29:31 UTC 2020 /home/travis/build/icyphy/ptII/ptolemy/actor/lib/test/auto/Gaussian.xml
----------------- Instantiating /home/travis/build/icyphy/ptII/ptolemy/actor/lib/test/auto/Gaussian.xml
2 ms. Memory: 532480K Free: 179646K (34%)
----------------- Invoking toplevel() on ptolemy.moml.MoMLSimpleApplication@435196b
----------------- Done invoking toplevel() on ptolemy.moml.MoMLSimpleApplication@435196b
reloadAllAccessors: .Gaussian

===========================================================================================
----------------- testing Fri May 22 14:29:31 UTC 2020 /home/travis/build/icyphy/ptII/ptolemy/actor/lib/test/auto/Gaussian1.xml
----------------- Instantiating /home/travis/build/icyphy/ptII/ptolemy/actor/lib/test/auto/Gaussian1.xml
2 ms. Memory: 532480K Free: 174526K (33%)
----------------- Invoking toplevel() on ptolemy.moml.MoMLSimpleApplication@71d7e441
----------------- Done invoking toplevel() on ptolemy.moml.MoMLSimpleApplication@71d7e441
reloadAllAccessors: .Gaussian1

===========================================================================================
----------------- testing Fri May 22 14:29:31 UTC 2020 /home/travis/build/icyphy/ptII/ptolemy/actor/lib/test/auto/Gaussian2.xml
----------------- Instantiating /home/travis/build/icyphy/ptII/ptolemy/actor/lib/test/auto/Gaussian2.xml
8 ms. Memory: 532480K Free: 168886K (32%)
----------------- Invoking toplevel() on ptolemy.moml.MoMLSimpleApplication@48dc5cfb
----------------- Done invoking toplevel() on ptolemy.moml.MoMLSimpleApplication@48dc5cfb
reloadAllAccessors: .Gaussian2

===========================================================================================
----------------- testing Fri May 22 14:29:31 UTC 2020 /home/travis/build/icyphy/ptII/ptolemy/actor/lib/test/auto/GradientAdaptiveLattice.xml
----------------- Instantiating /home/travis/build/icyphy/ptII/ptolemy/actor/lib/test/auto/GradientAdaptiveLattice.xml
22 ms. Memory: 532480K Free: 479631K (90%)
----------------- Invoking toplevel() on ptolemy.moml.MoMLSimpleApplication@4450b742
----------------- Done invoking toplevel() on ptolemy.moml.MoMLSimpleApplication@4450b742
reloadAllAccessors: .GradientAdaptiveLattice

===========================================================================================
----------------- testing Fri May 22 14:29:31 UTC 2020 /home/travis/build/icyphy/ptII/ptolemy/actor/lib/test/auto/IIR.xml
----------------- Instantiating /home/travis/build/icyphy/ptII/ptolemy/actor/lib/test/auto/IIR.xml
1 ms. Memory: 532480K Free: 474774K (89%)
----------------- Invoking toplevel() on ptolemy.moml.MoMLSimpleApplication@57e4ff10
----------------- Done invoking toplevel() on ptolemy.moml.MoMLSimpleApplication@57e4ff10
reloadAllAccessors: .IIR

===========================================================================================
----------------- testing Fri May 22 14:29:31 UTC 2020 /home/travis/build/icyphy/ptII/ptolemy/actor/lib/test/auto/InputOutputTransparentPorts.xml
----------------- Instantiating /home/travis/build/icyphy/ptII/ptolemy/actor/lib/test/auto/InputOutputTransparentPorts.xml
1 ms. Memory: 532480K Free: 467606K (88%)
----------------- Invoking toplevel() on ptolemy.moml.MoMLSimpleApplication@6ed488ba
----------------- Done invoking toplevel() on ptolemy.moml.MoMLSimpleApplication@6ed488ba
reloadAllAccessors: .InputOutputTransparentPorts

===========================================================================================
----------------- testing Fri May 22 14:29:31 UTC 2020 /home/travis/build/icyphy/ptII/ptolemy/actor/lib/test/auto/Interpolator.xml
----------------- Instantiating /home/travis/build/icyphy/ptII/ptolemy/actor/lib/test/auto/Interpolator.xml
3 ms. Memory: 532480K Free: 462996K (87%)
----------------- Invoking toplevel() on ptolemy.moml.MoMLSimpleApplication@1102ebb
----------------- Done invoking toplevel() on ptolemy.moml.MoMLSimpleApplication@1102ebb
reloadAllAccessors: .Interpolator

===========================================================================================
----------------- testing Fri May 22 14:29:31 UTC 2020 /home/travis/build/icyphy/ptII/ptolemy/actor/lib/test/auto/InterpolatorFiringLimitDE.xml
----------------- Instantiating /home/travis/build/icyphy/ptII/ptolemy/actor/lib/test/auto/InterpolatorFiringLimitDE.xml
2 ms. Memory: 532480K Free: 456852K (86%)
----------------- Invoking toplevel() on ptolemy.moml.MoMLSimpleApplication@3bf17007
----------------- Done invoking toplevel() on ptolemy.moml.MoMLSimpleApplication@3bf17007
reloadAllAccessors: .InterpolatorFiringLimitDE

===========================================================================================
----------------- testing Fri May 22 14:29:31 UTC 2020 /home/travis/build/icyphy/ptII/ptolemy/actor/lib/test/auto/Lattice.xml
----------------- Instantiating /home/travis/build/icyphy/ptII/ptolemy/actor/lib/test/auto/Lattice.xml
1 ms. Memory: 532480K Free: 452756K (85%)
----------------- Invoking toplevel() on ptolemy.moml.MoMLSimpleApplication@73845245
----------------- Done invoking toplevel() on ptolemy.moml.MoMLSimpleApplication@73845245
reloadAllAccessors: .Lattice

===========================================================================================
----------------- testing Fri May 22 14:29:31 UTC 2020 /home/travis/build/icyphy/ptII/ptolemy/actor/lib/test/auto/LazyAOCTestLazy.xml
----------------- Instantiating /home/travis/build/icyphy/ptII/ptolemy/actor/lib/test/auto/LazyAOCTestLazy.xml
7 ms. Memory: 532480K Free: 446598K (84%)
----------------- Invoking toplevel() on ptolemy.moml.MoMLSimpleApplication@725fa31f
----------------- Done invoking toplevel() on ptolemy.moml.MoMLSimpleApplication@725fa31f
reloadAllAccessors: .LazyAOCTestLazy

===========================================================================================
----------------- testing Fri May 22 14:29:31 UTC 2020 /home/travis/build/icyphy/ptII/ptolemy/actor/lib/test/auto/LazyAOCTestNonLazy.xml
----------------- Instantiating /home/travis/build/icyphy/ptII/ptolemy/actor/lib/test/auto/LazyAOCTestNonLazy.xml
2 ms. Memory: 532480K Free: 439958K (83%)
----------------- Invoking toplevel() on ptolemy.moml.MoMLSimpleApplication@59de895f
----------------- Done invoking toplevel() on ptolemy.moml.MoMLSimpleApplication@59de895f
reloadAllAccessors: .LazyAOCTestNonLazy

===========================================================================================
----------------- testing Fri May 22 14:29:31 UTC 2020 /home/travis/build/icyphy/ptII/ptolemy/actor/lib/test/auto/LazyInnerClass.xml
----------------- Instantiating /home/travis/build/icyphy/ptII/ptolemy/actor/lib/test/auto/LazyInnerClass.xml
17 ms. Memory: 532480K Free: 431238K (81%)
----------------- Invoking toplevel() on ptolemy.moml.MoMLSimpleApplication@67ed40c6
----------------- Done invoking toplevel() on ptolemy.moml.MoMLSimpleApplication@67ed40c6
reloadAllAccessors: .LazyInnerClass

===========================================================================================
----------------- testing Fri May 22 14:29:31 UTC 2020 /home/travis/build/icyphy/ptII/ptolemy/actor/lib/test/auto/LazyPubSub.xml
----------------- Instantiating /home/travis/build/icyphy/ptII/ptolemy/actor/lib/test/auto/LazyPubSub.xml
22 ms. Memory: 532480K Free: 421012K (79%)
----------------- Invoking toplevel() on ptolemy.moml.MoMLSimpleApplication@31bb805d
----------------- Done invoking toplevel() on ptolemy.moml.MoMLSimpleApplication@31bb805d
reloadAllAccessors: .LazyPubSub

===========================================================================================
----------------- testing Fri May 22 14:29:31 UTC 2020 /home/travis/build/icyphy/ptII/ptolemy/actor/lib/test/auto/LazyPubSub2.xml
----------------- Instantiating /home/travis/build/icyphy/ptII/ptolemy/actor/lib/test/auto/LazyPubSub2.xml
12 ms. Memory: 532480K Free: 411286K (77%)
----------------- Invoking toplevel() on ptolemy.moml.MoMLSimpleApplication@7089ffa3
----------------- Done invoking toplevel() on ptolemy.moml.MoMLSimpleApplication@7089ffa3
reloadAllAccessors: .LazyPubSub2

===========================================================================================
----------------- testing Fri May 22 14:29:31 UTC 2020 /home/travis/build/icyphy/ptII/ptolemy/actor/lib/test/auto/LazyPubSub3.xml
----------------- Instantiating /home/travis/build/icyphy/ptII/ptolemy/actor/lib/test/auto/LazyPubSub3.xml
10 ms. Memory: 532480K Free: 401556K (75%)
----------------- Invoking toplevel() on ptolemy.moml.MoMLSimpleApplication@678d60f9
----------------- Done invoking toplevel() on ptolemy.moml.MoMLSimpleApplication@678d60f9
reloadAllAccessors: .LazyPubSub3

===========================================================================================
----------------- testing Fri May 22 14:29:31 UTC 2020 /home/travis/build/icyphy/ptII/ptolemy/actor/lib/test/auto/LazySubClassModel.xml
----------------- Instantiating /home/travis/build/icyphy/ptII/ptolemy/actor/lib/test/auto/LazySubClassModel.xml
1 ms. Memory: 532480K Free: 392340K (74%)
----------------- Invoking toplevel() on ptolemy.moml.MoMLSimpleApplication@50ecb5ba
----------------- Done invoking toplevel() on ptolemy.moml.MoMLSimpleApplication@50ecb5ba
reloadAllAccessors: .LazySubClassModel

===========================================================================================
----------------- testing Fri May 22 14:29:31 UTC 2020 /home/travis/build/icyphy/ptII/ptolemy/actor/lib/test/auto/LevelCrossTest1.xml
----------------- Instantiating /home/travis/build/icyphy/ptII/ptolemy/actor/lib/test/auto/LevelCrossTest1.xml
1 ms. Memory: 532480K Free: 386710K (73%)
----------------- Invoking toplevel() on ptolemy.moml.MoMLSimpleApplication@15dcf3a5
----------------- Done invoking toplevel() on ptolemy.moml.MoMLSimpleApplication@15dcf3a5
reloadAllAccessors: .broken

===========================================================================================
----------------- testing Fri May 22 14:29:31 UTC 2020 /home/travis/build/icyphy/ptII/ptolemy/actor/lib/test/auto/LevelCrossTest10.xml
----------------- Instantiating /home/travis/build/icyphy/ptII/ptolemy/actor/lib/test/auto/LevelCrossTest10.xml
1 ms. Memory: 532480K Free: 379542K (71%)
----------------- Invoking toplevel() on ptolemy.moml.MoMLSimpleApplication@460b30e4
----------------- Done invoking toplevel() on ptolemy.moml.MoMLSimpleApplication@460b30e4
reloadAllAccessors: .LevelCrossTest10

===========================================================================================
----------------- testing Fri May 22 14:29:31 UTC 2020 /home/travis/build/icyphy/ptII/ptolemy/actor/lib/test/auto/LevelCrossTest11.xml
----------------- Instantiating /home/travis/build/icyphy/ptII/ptolemy/actor/lib/test/auto/LevelCrossTest11.xml
1 ms. Memory: 532480K Free: 372374K (70%)
----------------- Invoking toplevel() on ptolemy.moml.MoMLSimpleApplication@1e4cf801
----------------- Done invoking toplevel() on ptolemy.moml.MoMLSimpleApplication@1e4cf801
reloadAllAccessors: .LevelCrossTest11

===========================================================================================
----------------- testing Fri May 22 14:29:31 UTC 2020 /home/travis/build/icyphy/ptII/ptolemy/actor/lib/test/auto/LevelCrossTest12.xml
----------------- Instantiating /home/travis/build/icyphy/ptII/ptolemy/actor/lib/test/auto/LevelCrossTest12.xml
1 ms. Memory: 532480K Free: 365716K (69%)
----------------- Invoking toplevel() on ptolemy.moml.MoMLSimpleApplication@1d375de2
----------------- Done invoking toplevel() on ptolemy.moml.MoMLSimpleApplication@1d375de2
reloadAllAccessors: .LevelCrossTest12

===========================================================================================
----------------- testing Fri May 22 14:29:31 UTC 2020 /home/travis/build/icyphy/ptII/ptolemy/actor/lib/test/auto/LevelCrossTest13.xml
----------------- Instantiating /home/travis/build/icyphy/ptII/ptolemy/actor/lib/test/auto/LevelCrossTest13.xml
1 ms. Memory: 532480K Free: 358548K (67%)
----------------- Invoking toplevel() on ptolemy.moml.MoMLSimpleApplication@376e3274
----------------- Done invoking toplevel() on ptolemy.moml.MoMLSimpleApplication@376e3274
reloadAllAccessors: .LevelCrossTest13

===========================================================================================
----------------- testing Fri May 22 14:29:31 UTC 2020 /home/travis/build/icyphy/ptII/ptolemy/actor/lib/test/auto/LevelCrossTest2.xml
----------------- Instantiating /home/travis/build/icyphy/ptII/ptolemy/actor/lib/test/auto/LevelCrossTest2.xml
5 ms. Memory: 532480K Free: 352404K (66%)
----------------- Invoking toplevel() on ptolemy.moml.MoMLSimpleApplication@67885a30
----------------- Done invoking toplevel() on ptolemy.moml.MoMLSimpleApplication@67885a30
reloadAllAccessors: .broken

===========================================================================================
----------------- testing Fri May 22 14:29:31 UTC 2020 /home/travis/build/icyphy/ptII/ptolemy/actor/lib/test/auto/LevelCrossTest3.xml
----------------- Instantiating /home/travis/build/icyphy/ptII/ptolemy/actor/lib/test/auto/LevelCrossTest3.xml
1 ms. Memory: 532480K Free: 346260K (65%)
----------------- Invoking toplevel() on ptolemy.moml.MoMLSimpleApplication@75643151
----------------- Done invoking toplevel() on ptolemy.moml.MoMLSimpleApplication@75643151
reloadAllAccessors: .LevelCrossTest3

===========================================================================================
----------------- testing Fri May 22 14:29:31 UTC 2020 /home/travis/build/icyphy/ptII/ptolemy/actor/lib/test/auto/LevelCrossTest4.xml
----------------- Instantiating /home/travis/build/icyphy/ptII/ptolemy/actor/lib/test/auto/LevelCrossTest4.xml
1 ms. Memory: 532480K Free: 340630K (64%)
----------------- Invoking toplevel() on ptolemy.moml.MoMLSimpleApplication@52864f09
----------------- Done invoking toplevel() on ptolemy.moml.MoMLSimpleApplication@52864f09
reloadAllAccessors: .broken

===========================================================================================
----------------- testing Fri May 22 14:29:31 UTC 2020 /home/travis/build/icyphy/ptII/ptolemy/actor/lib/test/auto/LevelCrossTest5.xml
----------------- Instantiating /home/travis/build/icyphy/ptII/ptolemy/actor/lib/test/auto/LevelCrossTest5.xml
3 ms. Memory: 532480K Free: 332948K (63%)
----------------- Invoking toplevel() on ptolemy.moml.MoMLSimpleApplication@11189ba6
----------------- Done invoking toplevel() on ptolemy.moml.MoMLSimpleApplication@11189ba6
reloadAllAccessors: .LevelCrossTest5

===========================================================================================
----------------- testing Fri May 22 14:29:31 UTC 2020 /home/travis/build/icyphy/ptII/ptolemy/actor/lib/test/auto/LevelCrossTest6.xml
----------------- Instantiating /home/travis/build/icyphy/ptII/ptolemy/actor/lib/test/auto/LevelCrossTest6.xml
1 ms. Memory: 532480K Free: 325270K (61%)
----------------- Invoking toplevel() on ptolemy.moml.MoMLSimpleApplication@19b9fe55
----------------- Done invoking toplevel() on ptolemy.moml.MoMLSimpleApplication@19b9fe55
reloadAllAccessors: .LevelCrossTest6

===========================================================================================
----------------- testing Fri May 22 14:29:31 UTC 2020 /home/travis/build/icyphy/ptII/ptolemy/actor/lib/test/auto/LevelCrossTest7.xml
----------------- Instantiating /home/travis/build/icyphy/ptII/ptolemy/actor/lib/test/auto/LevelCrossTest7.xml
2 ms. Memory: 532480K Free: 319126K (60%)
----------------- Invoking toplevel() on ptolemy.moml.MoMLSimpleApplication@fe76c63
----------------- Done invoking toplevel() on ptolemy.moml.MoMLSimpleApplication@fe76c63
reloadAllAccessors: .LevelCrossTest7

===========================================================================================
----------------- testing Fri May 22 14:29:31 UTC 2020 /home/travis/build/icyphy/ptII/ptolemy/actor/lib/test/auto/LevelCrossTest8.xml
----------------- Instantiating /home/travis/build/icyphy/ptII/ptolemy/actor/lib/test/auto/LevelCrossTest8.xml
1 ms. Memory: 532480K Free: 311958K (59%)
----------------- Invoking toplevel() on ptolemy.moml.MoMLSimpleApplication@8ac6b29
----------------- Done invoking toplevel() on ptolemy.moml.MoMLSimpleApplication@8ac6b29
reloadAllAccessors: .LevelCrossTest8

===========================================================================================
----------------- testing Fri May 22 14:29:31 UTC 2020 /home/travis/build/icyphy/ptII/ptolemy/actor/lib/test/auto/LevelCrossTest9.xml
----------------- Instantiating /home/travis/build/icyphy/ptII/ptolemy/actor/lib/test/auto/LevelCrossTest9.xml
1 ms. Memory: 532480K Free: 304790K (57%)
----------------- Invoking toplevel() on ptolemy.moml.MoMLSimpleApplication@4b000abc
----------------- Done invoking toplevel() on ptolemy.moml.MoMLSimpleApplication@4b000abc
reloadAllAccessors: .LevelCrossTest9

===========================================================================================
----------------- testing Fri May 22 14:29:31 UTC 2020 /home/travis/build/icyphy/ptII/ptolemy/actor/lib/test/auto/LevinsonDurbin.xml
----------------- Instantiating /home/travis/build/icyphy/ptII/ptolemy/actor/lib/test/auto/LevinsonDurbin.xml
1 ms. Memory: 532480K Free: 300694K (56%)
----------------- Invoking toplevel() on ptolemy.moml.MoMLSimpleApplication@19b19e31
----------------- Done invoking toplevel() on ptolemy.moml.MoMLSimpleApplication@19b19e31
reloadAllAccessors: .LevinsonDurbin

===========================================================================================
----------------- testing Fri May 22 14:29:31 UTC 2020 /home/travis/build/icyphy/ptII/ptolemy/actor/lib/test/auto/LevinsonDurbin2.xml
----------------- Instantiating /home/travis/build/icyphy/ptII/ptolemy/actor/lib/test/auto/LevinsonDurbin2.xml
1 ms. Memory: 532480K Free: 296598K (56%)
----------------- Invoking toplevel() on ptolemy.moml.MoMLSimpleApplication@61e85504
----------------- Done invoking toplevel() on ptolemy.moml.MoMLSimpleApplication@61e85504
reloadAllAccessors: .LevinsonDurbin2

===========================================================================================
----------------- testing Fri May 22 14:29:32 UTC 2020 /home/travis/build/icyphy/ptII/ptolemy/actor/lib/test/auto/LevinsonDurbin3.xml
----------------- Instantiating /home/travis/build/icyphy/ptII/ptolemy/actor/lib/test/auto/LevinsonDurbin3.xml
1 ms. Memory: 532480K Free: 292502K (55%)
----------------- Invoking toplevel() on ptolemy.moml.MoMLSimpleApplication@4cffd36d
----------------- Done invoking toplevel() on ptolemy.moml.MoMLSimpleApplication@4cffd36d
reloadAllAccessors: .LevinsonDurbin3

===========================================================================================
----------------- testing Fri May 22 14:29:32 UTC 2020 /home/travis/build/icyphy/ptII/ptolemy/actor/lib/test/auto/Limiter.xml
----------------- Instantiating /home/travis/build/icyphy/ptII/ptolemy/actor/lib/test/auto/Limiter.xml
10 ms. Memory: 532480K Free: 283286K (53%)
----------------- Invoking toplevel() on ptolemy.moml.MoMLSimpleApplication@6b1c2849
----------------- Done invoking toplevel() on ptolemy.moml.MoMLSimpleApplication@6b1c2849
reloadAllAccessors: .Limiter

===========================================================================================
----------------- testing Fri May 22 14:29:32 UTC 2020 /home/travis/build/icyphy/ptII/ptolemy/actor/lib/test/auto/LinearDifferenceEquationSystem.xml
----------------- Instantiating /home/travis/build/icyphy/ptII/ptolemy/actor/lib/test/auto/LinearDifferenceEquationSystem.xml
3 ms. Memory: 532480K Free: 276118K (52%)
----------------- Invoking toplevel() on ptolemy.moml.MoMLSimpleApplication@1ca80c4b
----------------- Done invoking toplevel() on ptolemy.moml.MoMLSimpleApplication@1ca80c4b
reloadAllAccessors: .LinearDifferenceEquationSystem

===========================================================================================
----------------- testing Fri May 22 14:29:32 UTC 2020 /home/travis/build/icyphy/ptII/ptolemy/actor/lib/test/auto/LookupTable.xml
----------------- Instantiating /home/travis/build/icyphy/ptII/ptolemy/actor/lib/test/auto/LookupTable.xml
1 ms. Memory: 532480K Free: 271508K (51%)
----------------- Invoking toplevel() on ptolemy.moml.MoMLSimpleApplication@2e7f2e83
----------------- Done invoking toplevel() on ptolemy.moml.MoMLSimpleApplication@2e7f2e83
reloadAllAccessors: .LookupTable

===========================================================================================
----------------- testing Fri May 22 14:29:32 UTC 2020 /home/travis/build/icyphy/ptII/ptolemy/actor/lib/test/auto/MathFunction.xml
----------------- Instantiating /home/travis/build/icyphy/ptII/ptolemy/actor/lib/test/auto/MathFunction.xml
10 ms. Memory: 532480K Free: 263316K (49%)
----------------- Invoking toplevel() on ptolemy.moml.MoMLSimpleApplication@69737333
----------------- Done invoking toplevel() on ptolemy.moml.MoMLSimpleApplication@69737333
reloadAllAccessors: .MathFunction

===========================================================================================
----------------- testing Fri May 22 14:29:32 UTC 2020 /home/travis/build/icyphy/ptII/ptolemy/actor/lib/test/auto/MathFunction2.xml
----------------- Instantiating /home/travis/build/icyphy/ptII/ptolemy/actor/lib/test/auto/MathFunction2.xml
1 ms. Memory: 532480K Free: 259220K (49%)
----------------- Invoking toplevel() on ptolemy.moml.MoMLSimpleApplication@74755afb
----------------- Done invoking toplevel() on ptolemy.moml.MoMLSimpleApplication@74755afb
reloadAllAccessors: .MathFunction2

===========================================================================================
----------------- testing Fri May 22 14:29:32 UTC 2020 /home/travis/build/icyphy/ptII/ptolemy/actor/lib/test/auto/MathFunction3.xml
----------------- Instantiating /home/travis/build/icyphy/ptII/ptolemy/actor/lib/test/auto/MathFunction3.xml
2 ms. Memory: 532480K Free: 252052K (47%)
----------------- Invoking toplevel() on ptolemy.moml.MoMLSimpleApplication@1c1091d7
----------------- Done invoking toplevel() on ptolemy.moml.MoMLSimpleApplication@1c1091d7
reloadAllAccessors: .MathFunction3

===========================================================================================
----------------- testing Fri May 22 14:29:32 UTC 2020 /home/travis/build/icyphy/ptII/ptolemy/actor/lib/test/auto/MatrixCropBoolean.xml
----------------- Instantiating /home/travis/build/icyphy/ptII/ptolemy/actor/lib/test/auto/MatrixCropBoolean.xml
2 ms. Memory: 532480K Free: 247446K (46%)
----------------- Invoking toplevel() on ptolemy.moml.MoMLSimpleApplication@640d41f5
----------------- Done invoking toplevel() on ptolemy.moml.MoMLSimpleApplication@640d41f5
reloadAllAccessors: .MatrixCropBoolean

===========================================================================================
----------------- testing Fri May 22 14:29:32 UTC 2020 /home/travis/build/icyphy/ptII/ptolemy/actor/lib/test/auto/MatrixCropComplex.xml
----------------- Instantiating /home/travis/build/icyphy/ptII/ptolemy/actor/lib/test/auto/MatrixCropComplex.xml
1 ms. Memory: 532480K Free: 242806K (46%)
----------------- Invoking toplevel() on ptolemy.moml.MoMLSimpleApplication@7bb58f68
----------------- Done invoking toplevel() on ptolemy.moml.MoMLSimpleApplication@7bb58f68
reloadAllAccessors: .MatrixCropComplex

===========================================================================================
----------------- testing Fri May 22 14:29:32 UTC 2020 /home/travis/build/icyphy/ptII/ptolemy/actor/lib/test/auto/MatrixCropDouble.xml
----------------- Instantiating /home/travis/build/icyphy/ptII/ptolemy/actor/lib/test/auto/MatrixCropDouble.xml
1 ms. Memory: 532480K Free: 237702K (45%)
----------------- Invoking toplevel() on ptolemy.moml.MoMLSimpleApplication@2df8b0b3
----------------- Done invoking toplevel() on ptolemy.moml.MoMLSimpleApplication@2df8b0b3
reloadAllAccessors: .MatrixCropDouble

===========================================================================================
----------------- testing Fri May 22 14:29:32 UTC 2020 /home/travis/build/icyphy/ptII/ptolemy/actor/lib/test/auto/MatrixCropFix.xml
----------------- Instantiating /home/travis/build/icyphy/ptII/ptolemy/actor/lib/test/auto/MatrixCropFix.xml
3 ms. Memory: 532480K Free: 232566K (44%)
----------------- Invoking toplevel() on ptolemy.moml.MoMLSimpleApplication@139b1c8b
----------------- Done invoking toplevel() on ptolemy.moml.MoMLSimpleApplication@139b1c8b
reloadAllAccessors: .MatrixCropFix

===========================================================================================
----------------- testing Fri May 22 14:29:32 UTC 2020 /home/travis/build/icyphy/ptII/ptolemy/actor/lib/test/auto/MatrixCropInt.xml
----------------- Instantiating /home/travis/build/icyphy/ptII/ptolemy/actor/lib/test/auto/MatrixCropInt.xml
2 ms. Memory: 532480K Free: 227446K (43%)
----------------- Invoking toplevel() on ptolemy.moml.MoMLSimpleApplication@2cda1fff
----------------- Done invoking toplevel() on ptolemy.moml.MoMLSimpleApplication@2cda1fff
reloadAllAccessors: .MatrixCropInt

===========================================================================================
----------------- testing Fri May 22 14:29:32 UTC 2020 /home/travis/build/icyphy/ptII/ptolemy/actor/lib/test/auto/MatrixCropLong.xml
----------------- Instantiating /home/travis/build/icyphy/ptII/ptolemy/actor/lib/test/auto/MatrixCropLong.xml
1 ms. Memory: 532480K Free: 222342K (42%)
----------------- Invoking toplevel() on ptolemy.moml.MoMLSimpleApplication@20c37b99
----------------- Done invoking toplevel() on ptolemy.moml.MoMLSimpleApplication@20c37b99
reloadAllAccessors: .MatrixCropLong

===========================================================================================
----------------- testing Fri May 22 14:29:32 UTC 2020 /home/travis/build/icyphy/ptII/ptolemy/actor/lib/test/auto/MatrixToArray.xml
----------------- Instantiating /home/travis/build/icyphy/ptII/ptolemy/actor/lib/test/auto/MatrixToArray.xml
7 ms. Memory: 532480K Free: 207510K (39%)
----------------- Invoking toplevel() on ptolemy.moml.MoMLSimpleApplication@22e0a0e8
----------------- Done invoking toplevel() on ptolemy.moml.MoMLSimpleApplication@22e0a0e8
reloadAllAccessors: .MatrixToArray

===========================================================================================
----------------- testing Fri May 22 14:29:32 UTC 2020 /home/travis/build/icyphy/ptII/ptolemy/actor/lib/test/auto/MaxIndex.xml
----------------- Instantiating /home/travis/build/icyphy/ptII/ptolemy/actor/lib/test/auto/MaxIndex.xml
2 ms. Memory: 532480K Free: 202390K (38%)
----------------- Invoking toplevel() on ptolemy.moml.MoMLSimpleApplication@642b52da
----------------- Done invoking toplevel() on ptolemy.moml.MoMLSimpleApplication@642b52da
reloadAllAccessors: .MaxIndex

===========================================================================================
----------------- testing Fri May 22 14:29:32 UTC 2020 /home/travis/build/icyphy/ptII/ptolemy/actor/lib/test/auto/Maximum.xml
----------------- Instantiating /home/travis/build/icyphy/ptII/ptolemy/actor/lib/test/auto/Maximum.xml
2 ms. Memory: 532480K Free: 195702K (37%)
----------------- Invoking toplevel() on ptolemy.moml.MoMLSimpleApplication@fbf7c71
----------------- Done invoking toplevel() on ptolemy.moml.MoMLSimpleApplication@fbf7c71
reloadAllAccessors: .Maximum

===========================================================================================
----------------- testing Fri May 22 14:29:32 UTC 2020 /home/travis/build/icyphy/ptII/ptolemy/actor/lib/test/auto/MaximumComplex.xml
----------------- Instantiating /home/travis/build/icyphy/ptII/ptolemy/actor/lib/test/auto/MaximumComplex.xml
4 ms. Memory: 532480K Free: 189574K (36%)
----------------- Invoking toplevel() on ptolemy.moml.MoMLSimpleApplication@78ed4de3
----------------- Done invoking toplevel() on ptolemy.moml.MoMLSimpleApplication@78ed4de3
reloadAllAccessors: .MaximumComplex

===========================================================================================
----------------- testing Fri May 22 14:29:32 UTC 2020 /home/travis/build/icyphy/ptII/ptolemy/actor/lib/test/auto/MethodCallTest.xml
----------------- Instantiating /home/travis/build/icyphy/ptII/ptolemy/actor/lib/test/auto/MethodCallTest.xml
2 ms. Memory: 532480K Free: 182934K (34%)
----------------- Invoking toplevel() on ptolemy.moml.MoMLSimpleApplication@26bbfd8
----------------- Done invoking toplevel() on ptolemy.moml.MoMLSimpleApplication@26bbfd8
reloadAllAccessors: .MethodCallTest

===========================================================================================
----------------- testing Fri May 22 14:29:32 UTC 2020 /home/travis/build/icyphy/ptII/ptolemy/actor/lib/test/auto/Minimum.xml
----------------- Instantiating /home/travis/build/icyphy/ptII/ptolemy/actor/lib/test/auto/Minimum.xml
3 ms. Memory: 532480K Free: 176790K (33%)
----------------- Invoking toplevel() on ptolemy.moml.MoMLSimpleApplication@540b0575
----------------- Done invoking toplevel() on ptolemy.moml.MoMLSimpleApplication@540b0575
reloadAllAccessors: .Minimum

===========================================================================================
----------------- testing Fri May 22 14:29:32 UTC 2020 /home/travis/build/icyphy/ptII/ptolemy/actor/lib/test/auto/MinimumComplex.xml
----------------- Instantiating /home/travis/build/icyphy/ptII/ptolemy/actor/lib/test/auto/MinimumComplex.xml
2 ms. Memory: 532480K Free: 170646K (32%)
----------------- Invoking toplevel() on ptolemy.moml.MoMLSimpleApplication@24ad3808
----------------- Done invoking toplevel() on ptolemy.moml.MoMLSimpleApplication@24ad3808
reloadAllAccessors: .MinimumComplex

===========================================================================================
----------------- testing Fri May 22 14:29:32 UTC 2020 /home/travis/build/icyphy/ptII/ptolemy/actor/lib/test/auto/MinimumMultiports.xml
----------------- Instantiating /home/travis/build/icyphy/ptII/ptolemy/actor/lib/test/auto/MinimumMultiports.xml
3 ms. Memory: 532480K Free: 476925K (90%)
----------------- Invoking toplevel() on ptolemy.moml.MoMLSimpleApplication@588e1771
----------------- Done invoking toplevel() on ptolemy.moml.MoMLSimpleApplication@588e1771
reloadAllAccessors: .MinimumMultiports

===========================================================================================
----------------- testing Fri May 22 14:29:32 UTC 2020 /home/travis/build/icyphy/ptII/ptolemy/actor/lib/test/auto/ModifyDate.xml
----------------- Instantiating /home/travis/build/icyphy/ptII/ptolemy/actor/lib/test/auto/ModifyDate.xml
6 ms. Memory: 532480K Free: 463619K (87%)
----------------- Invoking toplevel() on ptolemy.moml.MoMLSimpleApplication@27ae4676
----------------- Done invoking toplevel() on ptolemy.moml.MoMLSimpleApplication@27ae4676
reloadAllAccessors: .ModifyDate

===========================================================================================
----------------- testing Fri May 22 14:29:32 UTC 2020 /home/travis/build/icyphy/ptII/ptolemy/actor/lib/test/auto/ModifyDate2.xml
----------------- Instantiating /home/travis/build/icyphy/ptII/ptolemy/actor/lib/test/auto/ModifyDate2.xml
3 ms. Memory: 532480K Free: 454917K (85%)
----------------- Invoking toplevel() on ptolemy.moml.MoMLSimpleApplication@291e2df4
----------------- Done invoking toplevel() on ptolemy.moml.MoMLSimpleApplication@291e2df4
reloadAllAccessors: .ModifyDate2

===========================================================================================
----------------- testing Fri May 22 14:29:32 UTC 2020 /home/travis/build/icyphy/ptII/ptolemy/actor/lib/test/auto/MovingAverage.xml
----------------- Instantiating /home/travis/build/icyphy/ptII/ptolemy/actor/lib/test/auto/MovingAverage.xml
2 ms. Memory: 532480K Free: 449797K (84%)
----------------- Invoking toplevel() on ptolemy.moml.MoMLSimpleApplication@5f8627bd
----------------- Done invoking toplevel() on ptolemy.moml.MoMLSimpleApplication@5f8627bd
reloadAllAccessors: .MovingAverage

===========================================================================================
----------------- testing Fri May 22 14:29:32 UTC 2020 /home/travis/build/icyphy/ptII/ptolemy/actor/lib/test/auto/MovingMaximum.xml
----------------- Instantiating /home/travis/build/icyphy/ptII/ptolemy/actor/lib/test/auto/MovingMaximum.xml
1 ms. Memory: 532480K Free: 445187K (84%)
----------------- Invoking toplevel() on ptolemy.moml.MoMLSimpleApplication@7ac796ea
----------------- Done invoking toplevel() on ptolemy.moml.MoMLSimpleApplication@7ac796ea
reloadAllAccessors: .MovingMaximum

===========================================================================================
----------------- testing Fri May 22 14:29:32 UTC 2020 /home/travis/build/icyphy/ptII/ptolemy/actor/lib/test/auto/MultipleLinksToSameRelation.xml
----------------- Instantiating /home/travis/build/icyphy/ptII/ptolemy/actor/lib/test/auto/MultipleLinksToSameRelation.xml
1 ms. Memory: 532480K Free: 441091K (83%)
----------------- Invoking toplevel() on ptolemy.moml.MoMLSimpleApplication@2eff187
----------------- Done invoking toplevel() on ptolemy.moml.MoMLSimpleApplication@2eff187
reloadAllAccessors: .MultipleLinksToSameRelation

===========================================================================================
----------------- testing Fri May 22 14:29:32 UTC 2020 /home/travis/build/icyphy/ptII/ptolemy/actor/lib/test/auto/MultipleLinksToSameRelationDE.xml
----------------- Instantiating /home/travis/build/icyphy/ptII/ptolemy/actor/lib/test/auto/MultipleLinksToSameRelationDE.xml
8 ms. Memory: 532480K Free: 436485K (82%)
----------------- Invoking toplevel() on ptolemy.moml.MoMLSimpleApplication@662047af
----------------- Done invoking toplevel() on ptolemy.moml.MoMLSimpleApplication@662047af
reloadAllAccessors: .MultipleLinksToSameRelationDE

===========================================================================================
----------------- testing Fri May 22 14:29:32 UTC 2020 /home/travis/build/icyphy/ptII/ptolemy/actor/lib/test/auto/Multiplexor.xml
----------------- Instantiating /home/travis/build/icyphy/ptII/ptolemy/actor/lib/test/auto/Multiplexor.xml
2 ms. Memory: 532480K Free: 430851K (81%)
----------------- Invoking toplevel() on ptolemy.moml.MoMLSimpleApplication@47e0942b
----------------- Done invoking toplevel() on ptolemy.moml.MoMLSimpleApplication@47e0942b
reloadAllAccessors: .Multiplexor

===========================================================================================
----------------- testing Fri May 22 14:29:32 UTC 2020 /home/travis/build/icyphy/ptII/ptolemy/actor/lib/test/auto/Multiplexor1.xml
----------------- Instantiating /home/travis/build/icyphy/ptII/ptolemy/actor/lib/test/auto/Multiplexor1.xml
2 ms. Memory: 532480K Free: 424693K (80%)
----------------- Invoking toplevel() on ptolemy.moml.MoMLSimpleApplication@48ae3572
----------------- Done invoking toplevel() on ptolemy.moml.MoMLSimpleApplication@48ae3572
reloadAllAccessors: .Multiplexor1

===========================================================================================
----------------- testing Fri May 22 14:29:32 UTC 2020 /home/travis/build/icyphy/ptII/ptolemy/actor/lib/test/auto/Multiplexor2.xml
----------------- Instantiating /home/travis/build/icyphy/ptII/ptolemy/actor/lib/test/auto/Multiplexor2.xml
4 ms. Memory: 532480K Free: 418051K (79%)
----------------- Invoking toplevel() on ptolemy.moml.MoMLSimpleApplication@74bb07f1
----------------- Done invoking toplevel() on ptolemy.moml.MoMLSimpleApplication@74bb07f1
reloadAllAccessors: .Multiplexor2

===========================================================================================
----------------- testing Fri May 22 14:29:32 UTC 2020 /home/travis/build/icyphy/ptII/ptolemy/actor/lib/test/auto/Multiplexor3.xml
----------------- Instantiating /home/travis/build/icyphy/ptII/ptolemy/actor/lib/test/auto/Multiplexor3.xml
1 ms. Memory: 532480K Free: 413957K (78%)
----------------- Invoking toplevel() on ptolemy.moml.MoMLSimpleApplication@4fba9b78
----------------- Done invoking toplevel() on ptolemy.moml.MoMLSimpleApplication@4fba9b78
reloadAllAccessors: .Multiplexor3

===========================================================================================
----------------- testing Fri May 22 14:29:32 UTC 2020 /home/travis/build/icyphy/ptII/ptolemy/actor/lib/test/auto/MultiplexorDE.xml
----------------- Instantiating /home/travis/build/icyphy/ptII/ptolemy/actor/lib/test/auto/MultiplexorDE.xml
3 ms. Memory: 532480K Free: 406261K (76%)
----------------- Invoking toplevel() on ptolemy.moml.MoMLSimpleApplication@5bb272e2
----------------- Done invoking toplevel() on ptolemy.moml.MoMLSimpleApplication@5bb272e2
reloadAllAccessors: .MultiplexorDE

===========================================================================================
----------------- testing Fri May 22 14:29:32 UTC 2020 /home/travis/build/icyphy/ptII/ptolemy/actor/lib/test/auto/MultiportBroadcastTest.xml
----------------- Instantiating /home/travis/build/icyphy/ptII/ptolemy/actor/lib/test/auto/MultiportBroadcastTest.xml
77 ms. Memory: 532480K Free: 400117K (75%)
----------------- Invoking toplevel() on ptolemy.moml.MoMLSimpleApplication@74434cf
----------------- Done invoking toplevel() on ptolemy.moml.MoMLSimpleApplication@74434cf
reloadAllAccessors: .MultiportBroadcastTest

===========================================================================================
----------------- testing Fri May 22 14:29:32 UTC 2020 /home/travis/build/icyphy/ptII/ptolemy/actor/lib/test/auto/MultiportOutHangDuringGetWidth.xml
----------------- Instantiating /home/travis/build/icyphy/ptII/ptolemy/actor/lib/test/auto/MultiportOutHangDuringGetWidth.xml
10 ms. Memory: 532480K Free: 388357K (73%)
----------------- Invoking toplevel() on ptolemy.moml.MoMLSimpleApplication@4b0630d6
----------------- Done invoking toplevel() on ptolemy.moml.MoMLSimpleApplication@4b0630d6
reloadAllAccessors: .MultiportOutHangDuringGetWidth

===========================================================================================
----------------- testing Fri May 22 14:29:32 UTC 2020 /home/travis/build/icyphy/ptII/ptolemy/actor/lib/test/auto/NilToken.xml
----------------- Instantiating /home/travis/build/icyphy/ptII/ptolemy/actor/lib/test/auto/NilToken.xml
1 ms. Memory: 532480K Free: 384261K (72%)
----------------- Invoking toplevel() on ptolemy.moml.MoMLSimpleApplication@4b81392d
----------------- Done invoking toplevel() on ptolemy.moml.MoMLSimpleApplication@4b81392d
reloadAllAccessors: .NilToken

===========================================================================================
----------------- testing Fri May 22 14:29:32 UTC 2020 /home/travis/build/icyphy/ptII/ptolemy/actor/lib/test/auto/NilTokenNonStrictTest.xml
----------------- Instantiating /home/travis/build/icyphy/ptII/ptolemy/actor/lib/test/auto/NilTokenNonStrictTest.xml
1 ms. Memory: 532480K Free: 379651K (71%)
----------------- Invoking toplevel() on ptolemy.moml.MoMLSimpleApplication@38f39f06
----------------- Done invoking toplevel() on ptolemy.moml.MoMLSimpleApplication@38f39f06
reloadAllAccessors: .NilTokenNonStrictTest

===========================================================================================
----------------- testing Fri May 22 14:29:32 UTC 2020 /home/travis/build/icyphy/ptII/ptolemy/actor/lib/test/auto/NilTokenRecord.xml
----------------- Instantiating /home/travis/build/icyphy/ptII/ptolemy/actor/lib/test/auto/NilTokenRecord.xml
4 ms. Memory: 532480K Free: 372997K (70%)
----------------- Invoking toplevel() on ptolemy.moml.MoMLSimpleApplication@7740dd46
----------------- Done invoking toplevel() on ptolemy.moml.MoMLSimpleApplication@7740dd46
reloadAllAccessors: .NilTokenRecord

===========================================================================================
----------------- testing Fri May 22 14:29:32 UTC 2020 /home/travis/build/icyphy/ptII/ptolemy/actor/lib/test/auto/NilTokenTypeTest.xml
----------------- Instantiating /home/travis/build/icyphy/ptII/ptolemy/actor/lib/test/auto/NilTokenTypeTest.xml
4 ms. Memory: 532480K Free: 363267K (68%)
----------------- Invoking toplevel() on ptolemy.moml.MoMLSimpleApplication@4f8bad1
----------------- Done invoking toplevel() on ptolemy.moml.MoMLSimpleApplication@4f8bad1
reloadAllAccessors: .NilTokenTypeTest

===========================================================================================
----------------- testing Fri May 22 14:29:32 UTC 2020 /home/travis/build/icyphy/ptII/ptolemy/actor/lib/test/auto/ObjectToken1.xml
----------------- Instantiating /home/travis/build/icyphy/ptII/ptolemy/actor/lib/test/auto/ObjectToken1.xml
2 ms. Memory: 532480K Free: 359171K (67%)
----------------- Invoking toplevel() on ptolemy.moml.MoMLSimpleApplication@74995853
----------------- Done invoking toplevel() on ptolemy.moml.MoMLSimpleApplication@74995853
reloadAllAccessors: .ObjectToken1

===========================================================================================
----------------- testing Fri May 22 14:29:32 UTC 2020 /home/travis/build/icyphy/ptII/ptolemy/actor/lib/test/auto/OrderedMerge.xml
----------------- Instantiating /home/travis/build/icyphy/ptII/ptolemy/actor/lib/test/auto/OrderedMerge.xml
7 ms. Memory: 532480K Free: 353541K (66%)
----------------- Invoking toplevel() on ptolemy.moml.MoMLSimpleApplication@3812e8c
----------------- Done invoking toplevel() on ptolemy.moml.MoMLSimpleApplication@3812e8c
reloadAllAccessors: .OrderedMerge

===========================================================================================
----------------- testing Fri May 22 14:29:32 UTC 2020 /home/travis/build/icyphy/ptII/ptolemy/actor/lib/test/auto/OrderedRecordDisassembler.xml
----------------- Instantiating /home/travis/build/icyphy/ptII/ptolemy/actor/lib/test/auto/OrderedRecordDisassembler.xml
3 ms. Memory: 532480K Free: 348421K (65%)
----------------- Invoking toplevel() on ptolemy.moml.MoMLSimpleApplication@6383f1ba
----------------- Done invoking toplevel() on ptolemy.moml.MoMLSimpleApplication@6383f1ba
reloadAllAccessors: .OrderedRecordDisassembler

===========================================================================================
----------------- testing Fri May 22 14:29:32 UTC 2020 /home/travis/build/icyphy/ptII/ptolemy/actor/lib/test/auto/OrderedRecordDisassembler2.xml
----------------- Instantiating /home/travis/build/icyphy/ptII/ptolemy/actor/lib/test/auto/OrderedRecordDisassembler2.xml
4 ms. Memory: 532480K Free: 340725K (64%)
----------------- Invoking toplevel() on ptolemy.moml.MoMLSimpleApplication@7118da71
----------------- Done invoking toplevel() on ptolemy.moml.MoMLSimpleApplication@7118da71
reloadAllAccessors: .OrderedRecordDisassembler2

===========================================================================================
----------------- testing Fri May 22 14:29:32 UTC 2020 /home/travis/build/icyphy/ptII/ptolemy/actor/lib/test/auto/OrderedRecordUpdater.xml
----------------- Instantiating /home/travis/build/icyphy/ptII/ptolemy/actor/lib/test/auto/OrderedRecordUpdater.xml
1 ms. Memory: 532480K Free: 335619K (63%)
----------------- Invoking toplevel() on ptolemy.moml.MoMLSimpleApplication@71fef7a3
----------------- Done invoking toplevel() on ptolemy.moml.MoMLSimpleApplication@71fef7a3
reloadAllAccessors: .RecordUpdater

===========================================================================================
----------------- testing Fri May 22 14:29:32 UTC 2020 /home/travis/build/icyphy/ptII/ptolemy/actor/lib/test/auto/OrderedRecordUpdater2.xml
----------------- Instantiating /home/travis/build/icyphy/ptII/ptolemy/actor/lib/test/auto/OrderedRecordUpdater2.xml
2 ms. Memory: 532480K Free: 329989K (62%)
----------------- Invoking toplevel() on ptolemy.moml.MoMLSimpleApplication@5a498b69
----------------- Done invoking toplevel() on ptolemy.moml.MoMLSimpleApplication@5a498b69
reloadAllAccessors: .RecordUpdater2

===========================================================================================
----------------- testing Fri May 22 14:29:32 UTC 2020 /home/travis/build/icyphy/ptII/ptolemy/actor/lib/test/auto/PhaseUnwrap.xml
----------------- Instantiating /home/travis/build/icyphy/ptII/ptolemy/actor/lib/test/auto/PhaseUnwrap.xml
2 ms. Memory: 532480K Free: 325379K (61%)
----------------- Invoking toplevel() on ptolemy.moml.MoMLSimpleApplication@3d12309a
----------------- Done invoking toplevel() on ptolemy.moml.MoMLSimpleApplication@3d12309a
reloadAllAccessors: .PhaseUnwrap

===========================================================================================
----------------- testing Fri May 22 14:29:32 UTC 2020 /home/travis/build/icyphy/ptII/ptolemy/actor/lib/test/auto/PoissonClock.xml
----------------- Instantiating /home/travis/build/icyphy/ptII/ptolemy/actor/lib/test/auto/PoissonClock.xml
1 ms. Memory: 532480K Free: 321283K (60%)
----------------- Invoking toplevel() on ptolemy.moml.MoMLSimpleApplication@1052e9d0
----------------- Done invoking toplevel() on ptolemy.moml.MoMLSimpleApplication@1052e9d0
reloadAllAccessors: .PoissonClock

===========================================================================================
----------------- testing Fri May 22 14:29:32 UTC 2020 /home/travis/build/icyphy/ptII/ptolemy/actor/lib/test/auto/PoissonClock2.xml
----------------- Instantiating /home/travis/build/icyphy/ptII/ptolemy/actor/lib/test/auto/PoissonClock2.xml
1 ms. Memory: 532480K Free: 316677K (59%)
----------------- Invoking toplevel() on ptolemy.moml.MoMLSimpleApplication@7f9db615
----------------- Done invoking toplevel() on ptolemy.moml.MoMLSimpleApplication@7f9db615
reloadAllAccessors: .PoissonClock2

===========================================================================================
----------------- testing Fri May 22 14:29:32 UTC 2020 /home/travis/build/icyphy/ptII/ptolemy/actor/lib/test/auto/PoissonClock3.xml
----------------- Instantiating /home/travis/build/icyphy/ptII/ptolemy/actor/lib/test/auto/PoissonClock3.xml
1 ms. Memory: 532480K Free: 312067K (59%)
----------------- Invoking toplevel() on ptolemy.moml.MoMLSimpleApplication@5cd60df7
----------------- Done invoking toplevel() on ptolemy.moml.MoMLSimpleApplication@5cd60df7
reloadAllAccessors: .PoissonClock3

===========================================================================================
----------------- testing Fri May 22 14:29:33 UTC 2020 /home/travis/build/icyphy/ptII/ptolemy/actor/lib/test/auto/PubSubWithInitialTokens.xml
----------------- Instantiating /home/travis/build/icyphy/ptII/ptolemy/actor/lib/test/auto/PubSubWithInitialTokens.xml
2 ms. Memory: 532480K Free: 306437K (58%)
----------------- Invoking toplevel() on ptolemy.moml.MoMLSimpleApplication@7d9cbb36
----------------- Done invoking toplevel() on ptolemy.moml.MoMLSimpleApplication@7d9cbb36
reloadAllAccessors: .PubSubWithInitialTokens

===========================================================================================
----------------- testing Fri May 22 14:29:33 UTC 2020 /home/travis/build/icyphy/ptII/ptolemy/actor/lib/test/auto/PubSubWithInitialTokens2.xml
----------------- Instantiating /home/travis/build/icyphy/ptII/ptolemy/actor/lib/test/auto/PubSubWithInitialTokens2.xml
2 ms. Memory: 532480K Free: 300293K (56%)
----------------- Invoking toplevel() on ptolemy.moml.MoMLSimpleApplication@17ff01e5
----------------- Done invoking toplevel() on ptolemy.moml.MoMLSimpleApplication@17ff01e5
reloadAllAccessors: .PubSubWithInitialTokens2

===========================================================================================
----------------- testing Fri May 22 14:29:33 UTC 2020 /home/travis/build/icyphy/ptII/ptolemy/actor/lib/test/auto/PublisherClassNoParameter.xml
----------------- Instantiating /home/travis/build/icyphy/ptII/ptolemy/actor/lib/test/auto/PublisherClassNoParameter.xml
2 ms. Memory: 532480K Free: 290563K (55%)
----------------- Invoking toplevel() on ptolemy.moml.MoMLSimpleApplication@67a9025a
----------------- Done invoking toplevel() on ptolemy.moml.MoMLSimpleApplication@67a9025a
reloadAllAccessors: .PublisherClassNoParameter

===========================================================================================
----------------- testing Fri May 22 14:29:33 UTC 2020 /home/travis/build/icyphy/ptII/ptolemy/actor/lib/test/auto/PublisherClassParameter.xml
----------------- Instantiating /home/travis/build/icyphy/ptII/ptolemy/actor/lib/test/auto/PublisherClassParameter.xml
1 ms. Memory: 532480K Free: 279813K (53%)
----------------- Invoking toplevel() on ptolemy.moml.MoMLSimpleApplication@2478ecf
----------------- Done invoking toplevel() on ptolemy.moml.MoMLSimpleApplication@2478ecf
reloadAllAccessors: .PublisherClassParameter

===========================================================================================
----------------- testing Fri May 22 14:29:33 UTC 2020 /home/travis/build/icyphy/ptII/ptolemy/actor/lib/test/auto/PublisherNonStrictTest.xml
----------------- Instantiating /home/travis/build/icyphy/ptII/ptolemy/actor/lib/test/auto/PublisherNonStrictTest.xml
2 ms. Memory: 532480K Free: 272125K (51%)
----------------- Invoking toplevel() on ptolemy.moml.MoMLSimpleApplication@1b1fb961
----------------- Done invoking toplevel() on ptolemy.moml.MoMLSimpleApplication@1b1fb961
reloadAllAccessors: .PublisherNonStrictTest

===========================================================================================
----------------- testing Fri May 22 14:29:33 UTC 2020 /home/travis/build/icyphy/ptII/ptolemy/actor/lib/test/auto/PublisherPort1.xml
----------------- Instantiating /home/travis/build/icyphy/ptII/ptolemy/actor/lib/test/auto/PublisherPort1.xml
2 ms. Memory: 532480K Free: 266501K (50%)
----------------- Invoking toplevel() on ptolemy.moml.MoMLSimpleApplication@2bfb9acb
----------------- Done invoking toplevel() on ptolemy.moml.MoMLSimpleApplication@2bfb9acb
reloadAllAccessors: .PublisherPort1

===========================================================================================
----------------- testing Fri May 22 14:29:33 UTC 2020 /home/travis/build/icyphy/ptII/ptolemy/actor/lib/test/auto/PublisherPort2.xml
----------------- Instantiating /home/travis/build/icyphy/ptII/ptolemy/actor/lib/test/auto/PublisherPort2.xml
1 ms. Memory: 532480K Free: 260867K (49%)
----------------- Invoking toplevel() on ptolemy.moml.MoMLSimpleApplication@2753ab42
----------------- Done invoking toplevel() on ptolemy.moml.MoMLSimpleApplication@2753ab42
reloadAllAccessors: .PublisherPort2

===========================================================================================
----------------- testing Fri May 22 14:29:33 UTC 2020 /home/travis/build/icyphy/ptII/ptolemy/actor/lib/test/auto/PublisherPort3.xml
----------------- Instantiating /home/travis/build/icyphy/ptII/ptolemy/actor/lib/test/auto/PublisherPort3.xml
12 ms. Memory: 532480K Free: 254213K (48%)
----------------- Invoking toplevel() on ptolemy.moml.MoMLSimpleApplication@10669e4a
----------------- Done invoking toplevel() on ptolemy.moml.MoMLSimpleApplication@10669e4a
reloadAllAccessors: .PublisherPort3

===========================================================================================
----------------- testing Fri May 22 14:29:33 UTC 2020 /home/travis/build/icyphy/ptII/ptolemy/actor/lib/test/auto/PublisherPort4.xml
----------------- Instantiating /home/travis/build/icyphy/ptII/ptolemy/actor/lib/test/auto/PublisherPort4.xml
2 ms. Memory: 532480K Free: 248573K (47%)
----------------- Invoking toplevel() on ptolemy.moml.MoMLSimpleApplication@71094ad4
----------------- Done invoking toplevel() on ptolemy.moml.MoMLSimpleApplication@71094ad4
reloadAllAccessors: .PublisherPort4

===========================================================================================
----------------- testing Fri May 22 14:29:33 UTC 2020 /home/travis/build/icyphy/ptII/ptolemy/actor/lib/test/auto/PublisherPort5.xml
----------------- Instantiating /home/travis/build/icyphy/ptII/ptolemy/actor/lib/test/auto/PublisherPort5.xml
3 ms. Memory: 532480K Free: 240901K (45%)
----------------- Invoking toplevel() on ptolemy.moml.MoMLSimpleApplication@79919d84
----------------- Done invoking toplevel() on ptolemy.moml.MoMLSimpleApplication@79919d84
reloadAllAccessors: .PublisherPort5

===========================================================================================
----------------- testing Fri May 22 14:29:33 UTC 2020 /home/travis/build/icyphy/ptII/ptolemy/actor/lib/test/auto/PublisherPort5LookAlike.xml
----------------- Instantiating /home/travis/build/icyphy/ptII/ptolemy/actor/lib/test/auto/PublisherPort5LookAlike.xml
7 ms. Memory: 532480K Free: 233219K (44%)
----------------- Invoking toplevel() on ptolemy.moml.MoMLSimpleApplication@200d01
----------------- Done invoking toplevel() on ptolemy.moml.MoMLSimpleApplication@200d01
reloadAllAccessors: .PublisherPort5LookAlike

===========================================================================================
----------------- testing Fri May 22 14:29:33 UTC 2020 /home/travis/build/icyphy/ptII/ptolemy/actor/lib/test/auto/PublisherPort6.xml
----------------- Instantiating /home/travis/build/icyphy/ptII/ptolemy/actor/lib/test/auto/PublisherPort6.xml
2 ms. Memory: 532480K Free: 226565K (43%)
----------------- Invoking toplevel() on ptolemy.moml.MoMLSimpleApplication@24c3c5f8
----------------- Done invoking toplevel() on ptolemy.moml.MoMLSimpleApplication@24c3c5f8
reloadAllAccessors: .PublisherPort6

===========================================================================================
----------------- testing Fri May 22 14:29:33 UTC 2020 /home/travis/build/icyphy/ptII/ptolemy/actor/lib/test/auto/PublisherPort7.xml
----------------- Instantiating /home/travis/build/icyphy/ptII/ptolemy/actor/lib/test/auto/PublisherPort7.xml
3 ms. Memory: 532480K Free: 218883K (41%)
----------------- Invoking toplevel() on ptolemy.moml.MoMLSimpleApplication@46a5f0e7
----------------- Done invoking toplevel() on ptolemy.moml.MoMLSimpleApplication@46a5f0e7
reloadAllAccessors: .PublisherPort7

===========================================================================================
----------------- testing Fri May 22 14:29:33 UTC 2020 /home/travis/build/icyphy/ptII/ptolemy/actor/lib/test/auto/PublisherPort8.xml
----------------- Instantiating /home/travis/build/icyphy/ptII/ptolemy/actor/lib/test/auto/PublisherPort8.xml
4 ms. Memory: 532480K Free: 210181K (39%)
----------------- Invoking toplevel() on ptolemy.moml.MoMLSimpleApplication@33258ff3
----------------- Done invoking toplevel() on ptolemy.moml.MoMLSimpleApplication@33258ff3
reloadAllAccessors: .PublisherPort8

===========================================================================================
----------------- testing Fri May 22 14:29:33 UTC 2020 /home/travis/build/icyphy/ptII/ptolemy/actor/lib/test/auto/PublisherPortSubscriberChannelVariablesAOC2.xml
----------------- Instantiating /home/travis/build/icyphy/ptII/ptolemy/actor/lib/test/auto/PublisherPortSubscriberChannelVariablesAOC2.xml
2 ms. Memory: 532480K Free: 192773K (36%)
----------------- Invoking toplevel() on ptolemy.moml.MoMLSimpleApplication@78e7a603
----------------- Done invoking toplevel() on ptolemy.moml.MoMLSimpleApplication@78e7a603
reloadAllAccessors: .PublisherPortSubscriberChannelVariablesAOC2

===========================================================================================
----------------- testing Fri May 22 14:29:33 UTC 2020 /home/travis/build/icyphy/ptII/ptolemy/actor/lib/test/auto/PublisherPortSubscriberOpaqueWidthInference.xml
----------------- Instantiating /home/travis/build/icyphy/ptII/ptolemy/actor/lib/test/auto/PublisherPortSubscriberOpaqueWidthInference.xml
3 ms. Memory: 532480K Free: 184581K (35%)
----------------- Invoking toplevel() on ptolemy.moml.MoMLSimpleApplication@7cd92c7c
----------------- Done invoking toplevel() on ptolemy.moml.MoMLSimpleApplication@7cd92c7c
reloadAllAccessors: .PublisherPortSubscriberOpaqueWidthInference

===========================================================================================
----------------- testing Fri May 22 14:29:33 UTC 2020 /home/travis/build/icyphy/ptII/ptolemy/actor/lib/test/auto/PublisherPortSubscriberPortAdjacent.xml
----------------- Instantiating /home/travis/build/icyphy/ptII/ptolemy/actor/lib/test/auto/PublisherPortSubscriberPortAdjacent.xml
1 ms. Memory: 532480K Free: 176389K (33%)
----------------- Invoking toplevel() on ptolemy.moml.MoMLSimpleApplication@3153e260
----------------- Done invoking toplevel() on ptolemy.moml.MoMLSimpleApplication@3153e260
reloadAllAccessors: .PublisherPortSubscriberPortAdjacent

===========================================================================================
----------------- testing Fri May 22 14:29:33 UTC 2020 /home/travis/build/icyphy/ptII/ptolemy/actor/lib/test/auto/PublisherPortSubscriberPortExpression.xml
----------------- Instantiating /home/travis/build/icyphy/ptII/ptolemy/actor/lib/test/auto/PublisherPortSubscriberPortExpression.xml
3 ms. Memory: 532480K Free: 168693K (32%)
----------------- Invoking toplevel() on ptolemy.moml.MoMLSimpleApplication@765c3039
----------------- Done invoking toplevel() on ptolemy.moml.MoMLSimpleApplication@765c3039
reloadAllAccessors: .PublisherPortSubscriberPortExpression

===========================================================================================
----------------- testing Fri May 22 14:29:33 UTC 2020 /home/travis/build/icyphy/ptII/ptolemy/actor/lib/test/auto/PublisherPortSubscriberPortOpaqueD3Reverse.xml
----------------- Instantiating /home/travis/build/icyphy/ptII/ptolemy/actor/lib/test/auto/PublisherPortSubscriberPortOpaqueD3Reverse.xml
5 ms. Memory: 532480K Free: 474022K (89%)
----------------- Invoking toplevel() on ptolemy.moml.MoMLSimpleApplication@58cfa022
----------------- Done invoking toplevel() on ptolemy.moml.MoMLSimpleApplication@58cfa022
reloadAllAccessors: .PublisherPortSubscriberPortOpaqueD3Reverse

===========================================================================================
----------------- testing Fri May 22 14:29:33 UTC 2020 /home/travis/build/icyphy/ptII/ptolemy/actor/lib/test/auto/PublisherPortSubscriberPortOpaqueWidthInference.xml
----------------- Instantiating /home/travis/build/icyphy/ptII/ptolemy/actor/lib/test/auto/PublisherPortSubscriberPortOpaqueWidthInference.xml
3 ms. Memory: 532480K Free: 465830K (87%)
----------------- Invoking toplevel() on ptolemy.moml.MoMLSimpleApplication@2a47cfa7
----------------- Done invoking toplevel() on ptolemy.moml.MoMLSimpleApplication@2a47cfa7
reloadAllAccessors: .PublisherPortSubscriberPortOpaqueWidthInference

===========================================================================================
----------------- testing Fri May 22 14:29:33 UTC 2020 /home/travis/build/icyphy/ptII/ptolemy/actor/lib/test/auto/PublisherPortToplevelSubscriberPortAOC.xml
----------------- Instantiating /home/travis/build/icyphy/ptII/ptolemy/actor/lib/test/auto/PublisherPortToplevelSubscriberPortAOC.xml
.PublisherPortToplevelSubscriberPortAOC.TestExceptionAttribute: initialize() was not invoked, but wrapup() was.  This is unusual, but not always a problem.  For example, exporting JNLP will do this.
1 ms. Memory: 532480K Free: 460196K (86%)
----------------- Invoking toplevel() on ptolemy.moml.MoMLSimpleApplication@1e384c71
----------------- Done invoking toplevel() on ptolemy.moml.MoMLSimpleApplication@1e384c71
reloadAllAccessors: .PublisherPortToplevelSubscriberPortAOC

===========================================================================================
----------------- testing Fri May 22 14:29:33 UTC 2020 /home/travis/build/icyphy/ptII/ptolemy/actor/lib/test/auto/PublisherSubscriber.xml
----------------- Instantiating /home/travis/build/icyphy/ptII/ptolemy/actor/lib/test/auto/PublisherSubscriber.xml
3 ms. Memory: 532480K Free: 452998K (85%)
----------------- Invoking toplevel() on ptolemy.moml.MoMLSimpleApplication@3751e6e9
----------------- Done invoking toplevel() on ptolemy.moml.MoMLSimpleApplication@3751e6e9
reloadAllAccessors: .PublisherSubscriber

===========================================================================================
----------------- testing Fri May 22 14:29:33 UTC 2020 /home/travis/build/icyphy/ptII/ptolemy/actor/lib/test/auto/PublisherSubscriber10.xml
----------------- Instantiating /home/travis/build/icyphy/ptII/ptolemy/actor/lib/test/auto/PublisherSubscriber10.xml
5 ms. Memory: 532480K Free: 443302K (83%)
----------------- Invoking toplevel() on ptolemy.moml.MoMLSimpleApplication@19229ef5
----------------- Done invoking toplevel() on ptolemy.moml.MoMLSimpleApplication@19229ef5
reloadAllAccessors: .PublisherSubscriber10

===========================================================================================
----------------- testing Fri May 22 14:29:33 UTC 2020 /home/travis/build/icyphy/ptII/ptolemy/actor/lib/test/auto/PublisherSubscriber10InitialOutputs.xml
----------------- Instantiating /home/travis/build/icyphy/ptII/ptolemy/actor/lib/test/auto/PublisherSubscriber10InitialOutputs.xml
12 ms. Memory: 532480K Free: 434086K (82%)
----------------- Invoking toplevel() on ptolemy.moml.MoMLSimpleApplication@2c27aecc
----------------- Done invoking toplevel() on ptolemy.moml.MoMLSimpleApplication@2c27aecc
reloadAllAccessors: .PublisherSubscriber10InitialOutputs

===========================================================================================
----------------- testing Fri May 22 14:29:33 UTC 2020 /home/travis/build/icyphy/ptII/ptolemy/actor/lib/test/auto/PublisherSubscriber11.xml
----------------- Instantiating /home/travis/build/icyphy/ptII/ptolemy/actor/lib/test/auto/PublisherSubscriber11.xml
2 ms. Memory: 532480K Free: 427942K (80%)
----------------- Invoking toplevel() on ptolemy.moml.MoMLSimpleApplication@37372f90
----------------- Done invoking toplevel() on ptolemy.moml.MoMLSimpleApplication@37372f90
reloadAllAccessors: .PublisherSubscriber11

===========================================================================================
----------------- testing Fri May 22 14:29:33 UTC 2020 /home/travis/build/icyphy/ptII/ptolemy/actor/lib/test/auto/PublisherSubscriber12.xml
----------------- Instantiating /home/travis/build/icyphy/ptII/ptolemy/actor/lib/test/auto/PublisherSubscriber12.xml
10 ms. Memory: 532480K Free: 420774K (79%)
----------------- Invoking toplevel() on ptolemy.moml.MoMLSimpleApplication@7ec346ff
----------------- Done invoking toplevel() on ptolemy.moml.MoMLSimpleApplication@7ec346ff
reloadAllAccessors: .PublisherSubscriber12

===========================================================================================
----------------- testing Fri May 22 14:29:33 UTC 2020 /home/travis/build/icyphy/ptII/ptolemy/actor/lib/test/auto/PublisherSubscriber13.xml
----------------- Instantiating /home/travis/build/icyphy/ptII/ptolemy/actor/lib/test/auto/PublisherSubscriber13.xml
2 ms. Memory: 532480K Free: 415140K (78%)
----------------- Invoking toplevel() on ptolemy.moml.MoMLSimpleApplication@442832aa
----------------- Done invoking toplevel() on ptolemy.moml.MoMLSimpleApplication@442832aa
reloadAllAccessors: .PublisherSubscriber13

===========================================================================================
----------------- testing Fri May 22 14:29:33 UTC 2020 /home/travis/build/icyphy/ptII/ptolemy/actor/lib/test/auto/PublisherSubscriber14.xml
----------------- Instantiating /home/travis/build/icyphy/ptII/ptolemy/actor/lib/test/auto/PublisherSubscriber14.xml
2 ms. Memory: 532480K Free: 406438K (76%)
----------------- Invoking toplevel() on ptolemy.moml.MoMLSimpleApplication@2982b4c0
----------------- Done invoking toplevel() on ptolemy.moml.MoMLSimpleApplication@2982b4c0
reloadAllAccessors: .PublisherSubscriber14

===========================================================================================
----------------- testing Fri May 22 14:29:33 UTC 2020 /home/travis/build/icyphy/ptII/ptolemy/actor/lib/test/auto/PublisherSubscriber2.xml
----------------- Instantiating /home/travis/build/icyphy/ptII/ptolemy/actor/lib/test/auto/PublisherSubscriber2.xml
2 ms. Memory: 532480K Free: 400790K (75%)
----------------- Invoking toplevel() on ptolemy.moml.MoMLSimpleApplication@2ca689eb
----------------- Done invoking toplevel() on ptolemy.moml.MoMLSimpleApplication@2ca689eb
reloadAllAccessors: .PublisherSubscriber2

===========================================================================================
----------------- testing Fri May 22 14:29:33 UTC 2020 /home/travis/build/icyphy/ptII/ptolemy/actor/lib/test/auto/PublisherSubscriber3.xml
----------------- Instantiating /home/travis/build/icyphy/ptII/ptolemy/actor/lib/test/auto/PublisherSubscriber3.xml
2 ms. Memory: 532480K Free: 395174K (74%)
----------------- Invoking toplevel() on ptolemy.moml.MoMLSimpleApplication@5d000557
----------------- Done invoking toplevel() on ptolemy.moml.MoMLSimpleApplication@5d000557
reloadAllAccessors: .PublisherSubscriber3

===========================================================================================
----------------- testing Fri May 22 14:29:33 UTC 2020 /home/travis/build/icyphy/ptII/ptolemy/actor/lib/test/auto/PublisherSubscriber4.xml
----------------- Instantiating /home/travis/build/icyphy/ptII/ptolemy/actor/lib/test/auto/PublisherSubscriber4.xml
2 ms. Memory: 532480K Free: 390054K (73%)
----------------- Invoking toplevel() on ptolemy.moml.MoMLSimpleApplication@2d68d753
----------------- Done invoking toplevel() on ptolemy.moml.MoMLSimpleApplication@2d68d753
reloadAllAccessors: .PublisherSubscriber4

===========================================================================================
----------------- testing Fri May 22 14:29:33 UTC 2020 /home/travis/build/icyphy/ptII/ptolemy/actor/lib/test/auto/PublisherSubscriber5.xml
----------------- Instantiating /home/travis/build/icyphy/ptII/ptolemy/actor/lib/test/auto/PublisherSubscriber5.xml
2 ms. Memory: 532480K Free: 382886K (72%)
----------------- Invoking toplevel() on ptolemy.moml.MoMLSimpleApplication@402eda94
----------------- Done invoking toplevel() on ptolemy.moml.MoMLSimpleApplication@402eda94
reloadAllAccessors: .PublisherSubscriber5

===========================================================================================
----------------- testing Fri May 22 14:29:33 UTC 2020 /home/travis/build/icyphy/ptII/ptolemy/actor/lib/test/auto/PublisherSubscriber6.xml
----------------- Instantiating /home/travis/build/icyphy/ptII/ptolemy/actor/lib/test/auto/PublisherSubscriber6.xml
3 ms. Memory: 532480K Free: 376214K (71%)
----------------- Invoking toplevel() on ptolemy.moml.MoMLSimpleApplication@2839c95e
----------------- Done invoking toplevel() on ptolemy.moml.MoMLSimpleApplication@2839c95e
reloadAllAccessors: .PublisherSubscriber6

===========================================================================================
----------------- testing Fri May 22 14:29:33 UTC 2020 /home/travis/build/icyphy/ptII/ptolemy/actor/lib/test/auto/PublisherSubscriber7.xml
----------------- Instantiating /home/travis/build/icyphy/ptII/ptolemy/actor/lib/test/auto/PublisherSubscriber7.xml
6 ms. Memory: 532480K Free: 369060K (69%)
----------------- Invoking toplevel() on ptolemy.moml.MoMLSimpleApplication@27e325ed
----------------- Done invoking toplevel() on ptolemy.moml.MoMLSimpleApplication@27e325ed
reloadAllAccessors: .PublisherSubscriber7

===========================================================================================
----------------- testing Fri May 22 14:29:33 UTC 2020 /home/travis/build/icyphy/ptII/ptolemy/actor/lib/test/auto/PublisherSubscriber8.xml
----------------- Instantiating /home/travis/build/icyphy/ptII/ptolemy/actor/lib/test/auto/PublisherSubscriber8.xml
18 ms. Memory: 532480K Free: 357286K (67%)
----------------- Invoking toplevel() on ptolemy.moml.MoMLSimpleApplication@44d8b092
----------------- Done invoking toplevel() on ptolemy.moml.MoMLSimpleApplication@44d8b092
reloadAllAccessors: .PublisherSubscriber8

===========================================================================================
----------------- testing Fri May 22 14:29:33 UTC 2020 /home/travis/build/icyphy/ptII/ptolemy/actor/lib/test/auto/PublisherSubscriber9.xml
----------------- Instantiating /home/travis/build/icyphy/ptII/ptolemy/actor/lib/test/auto/PublisherSubscriber9.xml
3 ms. Memory: 532480K Free: 350118K (66%)
----------------- Invoking toplevel() on ptolemy.moml.MoMLSimpleApplication@258e9ce2
----------------- Done invoking toplevel() on ptolemy.moml.MoMLSimpleApplication@258e9ce2
reloadAllAccessors: .PublisherSubscriber9

===========================================================================================
----------------- testing Fri May 22 14:29:33 UTC 2020 /home/travis/build/icyphy/ptII/ptolemy/actor/lib/test/auto/PublisherSubscriberAdjacent.xml
----------------- Instantiating /home/travis/build/icyphy/ptII/ptolemy/actor/lib/test/auto/PublisherSubscriberAdjacent.xml
2 ms. Memory: 532480K Free: 341412K (64%)
----------------- Invoking toplevel() on ptolemy.moml.MoMLSimpleApplication@53888480
----------------- Done invoking toplevel() on ptolemy.moml.MoMLSimpleApplication@53888480
reloadAllAccessors: .PublisherSubscriberAdjacent

===========================================================================================
----------------- testing Fri May 22 14:29:33 UTC 2020 /home/travis/build/icyphy/ptII/ptolemy/actor/lib/test/auto/PublisherSubscriberChannelVariablesAOC2.xml
----------------- Instantiating /home/travis/build/icyphy/ptII/ptolemy/actor/lib/test/auto/PublisherSubscriberChannelVariablesAOC2.xml
3 ms. Memory: 532480K Free: 326566K (61%)
----------------- Invoking toplevel() on ptolemy.moml.MoMLSimpleApplication@74263788
----------------- Done invoking toplevel() on ptolemy.moml.MoMLSimpleApplication@74263788
reloadAllAccessors: .PublisherSubscriberChannelVariablesAOC2

===========================================================================================
----------------- testing Fri May 22 14:29:33 UTC 2020 /home/travis/build/icyphy/ptII/ptolemy/actor/lib/test/auto/PublisherSubscriberD3.xml
----------------- Instantiating /home/travis/build/icyphy/ptII/ptolemy/actor/lib/test/auto/PublisherSubscriberD3.xml
1 ms. Memory: 532480K Free: 319398K (60%)
----------------- Invoking toplevel() on ptolemy.moml.MoMLSimpleApplication@69b066e6
----------------- Done invoking toplevel() on ptolemy.moml.MoMLSimpleApplication@69b066e6
reloadAllAccessors: .PublisherSubscriberD3

===========================================================================================
----------------- testing Fri May 22 14:29:33 UTC 2020 /home/travis/build/icyphy/ptII/ptolemy/actor/lib/test/auto/PublisherSubscriberD3Reverse.xml
----------------- Instantiating /home/travis/build/icyphy/ptII/ptolemy/actor/lib/test/auto/PublisherSubscriberD3Reverse.xml
1 ms. Memory: 532480K Free: 313254K (59%)
----------------- Invoking toplevel() on ptolemy.moml.MoMLSimpleApplication@511050e8
----------------- Done invoking toplevel() on ptolemy.moml.MoMLSimpleApplication@511050e8
reloadAllAccessors: .PublisherSubscriberD3Reverse

===========================================================================================
----------------- testing Fri May 22 14:29:33 UTC 2020 /home/travis/build/icyphy/ptII/ptolemy/actor/lib/test/auto/PublisherSubscriberExpression.xml
----------------- Instantiating /home/travis/build/icyphy/ptII/ptolemy/actor/lib/test/auto/PublisherSubscriberExpression.xml
3 ms. Memory: 532480K Free: 305062K (57%)
----------------- Invoking toplevel() on ptolemy.moml.MoMLSimpleApplication@4f76fe36
----------------- Done invoking toplevel() on ptolemy.moml.MoMLSimpleApplication@4f76fe36
reloadAllAccessors: .PublisherSubscriberExpression

===========================================================================================
----------------- testing Fri May 22 14:29:33 UTC 2020 /home/travis/build/icyphy/ptII/ptolemy/actor/lib/test/auto/PublisherSubscriberOpaque.xml
----------------- Instantiating /home/travis/build/icyphy/ptII/ptolemy/actor/lib/test/auto/PublisherSubscriberOpaque.xml
4 ms. Memory: 532480K Free: 296870K (56%)
----------------- Invoking toplevel() on ptolemy.moml.MoMLSimpleApplication@3569c89e
----------------- Done invoking toplevel() on ptolemy.moml.MoMLSimpleApplication@3569c89e
reloadAllAccessors: .PublisherSubscriberOpaque

===========================================================================================
----------------- testing Fri May 22 14:29:33 UTC 2020 /home/travis/build/icyphy/ptII/ptolemy/actor/lib/test/auto/PublisherSubscriberOpaqueD3.xml
----------------- Instantiating /home/travis/build/icyphy/ptII/ptolemy/actor/lib/test/auto/PublisherSubscriberOpaqueD3.xml
5 ms. Memory: 532480K Free: 284582K (53%)
----------------- Invoking toplevel() on ptolemy.moml.MoMLSimpleApplication@5c3410e1
----------------- Done invoking toplevel() on ptolemy.moml.MoMLSimpleApplication@5c3410e1
reloadAllAccessors: .PublisherSubscriberOpaqueD3

===========================================================================================
----------------- testing Fri May 22 14:29:33 UTC 2020 /home/travis/build/icyphy/ptII/ptolemy/actor/lib/test/auto/PublisherSubscriberOpaqueD3Reverse.xml
----------------- Instantiating /home/travis/build/icyphy/ptII/ptolemy/actor/lib/test/auto/PublisherSubscriberOpaqueD3Reverse.xml
7 ms. Memory: 532480K Free: 273828K (51%)
----------------- Invoking toplevel() on ptolemy.moml.MoMLSimpleApplication@7a99d66a
----------------- Done invoking toplevel() on ptolemy.moml.MoMLSimpleApplication@7a99d66a
reloadAllAccessors: .PublisherSubscriberOpaqueD3Reverse

===========================================================================================
----------------- testing Fri May 22 14:29:33 UTC 2020 /home/travis/build/icyphy/ptII/ptolemy/actor/lib/test/auto/PublisherSubscriberOpaqueWidthInference.xml
----------------- Instantiating /home/travis/build/icyphy/ptII/ptolemy/actor/lib/test/auto/PublisherSubscriberOpaqueWidthInference.xml
3 ms. Memory: 532480K Free: 265622K (50%)
----------------- Invoking toplevel() on ptolemy.moml.MoMLSimpleApplication@626a6a42
----------------- Done invoking toplevel() on ptolemy.moml.MoMLSimpleApplication@626a6a42
reloadAllAccessors: .PublisherSubscriberOpaqueWidthInference

===========================================================================================
----------------- testing Fri May 22 14:29:33 UTC 2020 /home/travis/build/icyphy/ptII/ptolemy/actor/lib/test/auto/PublisherTestSubscriber.xml
----------------- Instantiating /home/travis/build/icyphy/ptII/ptolemy/actor/lib/test/auto/PublisherTestSubscriber.xml
2 ms. Memory: 532480K Free: 257958K (48%)
----------------- Invoking toplevel() on ptolemy.moml.MoMLSimpleApplication@47f6ca54
----------------- Done invoking toplevel() on ptolemy.moml.MoMLSimpleApplication@47f6ca54
reloadAllAccessors: .PublisherTestSubscriber

===========================================================================================
----------------- testing Fri May 22 14:29:33 UTC 2020 /home/travis/build/icyphy/ptII/ptolemy/actor/lib/test/auto/PublisherToplevelSubscriberPortAOC.xml
----------------- Instantiating /home/travis/build/icyphy/ptII/ptolemy/actor/lib/test/auto/PublisherToplevelSubscriberPortAOC.xml
1 ms. Memory: 532480K Free: 250262K (47%)
----------------- Invoking toplevel() on ptolemy.moml.MoMLSimpleApplication@2bf910e4
----------------- Done invoking toplevel() on ptolemy.moml.MoMLSimpleApplication@2bf910e4
reloadAllAccessors: .PublisherToplevelSubscriberPortAOC

===========================================================================================
----------------- testing Fri May 22 14:29:33 UTC 2020 /home/travis/build/icyphy/ptII/ptolemy/actor/lib/test/auto/PulseFiringLimitDE.xml
----------------- Instantiating /home/travis/build/icyphy/ptII/ptolemy/actor/lib/test/auto/PulseFiringLimitDE.xml
1 ms. Memory: 532480K Free: 244132K (46%)
----------------- Invoking toplevel() on ptolemy.moml.MoMLSimpleApplication@1b4036c6
----------------- Done invoking toplevel() on ptolemy.moml.MoMLSimpleApplication@1b4036c6
reloadAllAccessors: .PulseFiringLimitDE

===========================================================================================
----------------- testing Fri May 22 14:29:33 UTC 2020 /home/travis/build/icyphy/ptII/ptolemy/actor/lib/test/auto/Ramp1.xml
----------------- Instantiating /home/travis/build/icyphy/ptII/ptolemy/actor/lib/test/auto/Ramp1.xml
1 ms. Memory: 532480K Free: 240022K (45%)
----------------- Invoking toplevel() on ptolemy.moml.MoMLSimpleApplication@111818e2
----------------- Done invoking toplevel() on ptolemy.moml.MoMLSimpleApplication@111818e2
reloadAllAccessors: .Ramp1

===========================================================================================
----------------- testing Fri May 22 14:29:33 UTC 2020 /home/travis/build/icyphy/ptII/ptolemy/actor/lib/test/auto/RampFiringLimitDE.xml
----------------- Instantiating /home/travis/build/icyphy/ptII/ptolemy/actor/lib/test/auto/RampFiringLimitDE.xml
2 ms. Memory: 532480K Free: 233878K (44%)
----------------- Invoking toplevel() on ptolemy.moml.MoMLSimpleApplication@6bf2160b
----------------- Done invoking toplevel() on ptolemy.moml.MoMLSimpleApplication@6bf2160b
reloadAllAccessors: .RampFiringLimitDE

===========================================================================================
----------------- testing Fri May 22 14:29:33 UTC 2020 /home/travis/build/icyphy/ptII/ptolemy/actor/lib/test/auto/RampFiringLimitSDF.xml
----------------- Instantiating /home/travis/build/icyphy/ptII/ptolemy/actor/lib/test/auto/RampFiringLimitSDF.xml
1 ms. Memory: 532480K Free: 228262K (43%)
----------------- Invoking toplevel() on ptolemy.moml.MoMLSimpleApplication@4589ebfb
----------------- Done invoking toplevel() on ptolemy.moml.MoMLSimpleApplication@4589ebfb
reloadAllAccessors: .RampFiringLimitSDF

===========================================================================================
----------------- testing Fri May 22 14:29:33 UTC 2020 /home/travis/build/icyphy/ptII/ptolemy/actor/lib/test/auto/RandomInteger.xml
----------------- Instantiating /home/travis/build/icyphy/ptII/ptolemy/actor/lib/test/auto/RandomInteger.xml
1 ms. Memory: 532480K Free: 224166K (42%)
----------------- Invoking toplevel() on ptolemy.moml.MoMLSimpleApplication@103c55a0
----------------- Done invoking toplevel() on ptolemy.moml.MoMLSimpleApplication@103c55a0
reloadAllAccessors: .RandomInteger

===========================================================================================
----------------- testing Fri May 22 14:29:33 UTC 2020 /home/travis/build/icyphy/ptII/ptolemy/actor/lib/test/auto/ReadFile1.xml
----------------- Instantiating /home/travis/build/icyphy/ptII/ptolemy/actor/lib/test/auto/ReadFile1.xml
2 ms. Memory: 532480K Free: 219542K (41%)
----------------- Invoking toplevel() on ptolemy.moml.MoMLSimpleApplication@5041f20
----------------- Done invoking toplevel() on ptolemy.moml.MoMLSimpleApplication@5041f20
reloadAllAccessors: .ReadFile1

===========================================================================================
----------------- testing Fri May 22 14:29:33 UTC 2020 /home/travis/build/icyphy/ptII/ptolemy/actor/lib/test/auto/ReadFile2.xml
----------------- Instantiating /home/travis/build/icyphy/ptII/ptolemy/actor/lib/test/auto/ReadFile2.xml
1 ms. Memory: 532480K Free: 215460K (40%)
----------------- Invoking toplevel() on ptolemy.moml.MoMLSimpleApplication@21f85980
----------------- Done invoking toplevel() on ptolemy.moml.MoMLSimpleApplication@21f85980
reloadAllAccessors: .ReadFile2

===========================================================================================
----------------- testing Fri May 22 14:29:33 UTC 2020 /home/travis/build/icyphy/ptII/ptolemy/actor/lib/test/auto/Reader.xml
----------------- Instantiating /home/travis/build/icyphy/ptII/ptolemy/actor/lib/test/auto/Reader.xml
actor.lib.Reader is obsolete, use actor.lib.io.ExpressionReader instead
4 ms. Memory: 532480K Free: 211364K (40%)
----------------- Invoking toplevel() on ptolemy.moml.MoMLSimpleApplication@611c9374
----------------- Done invoking toplevel() on ptolemy.moml.MoMLSimpleApplication@611c9374
reloadAllAccessors: .Reader

===========================================================================================
----------------- testing Fri May 22 14:29:33 UTC 2020 /home/travis/build/icyphy/ptII/ptolemy/actor/lib/test/auto/RecordAssemblerDisplayNameTest.xml
----------------- Instantiating /home/travis/build/icyphy/ptII/ptolemy/actor/lib/test/auto/RecordAssemblerDisplayNameTest.xml
3017 ms. Memory: 532480K Free: 261660K (49%)
----------------- Invoking toplevel() on ptolemy.moml.MoMLSimpleApplication@2bc76ebd
----------------- Done invoking toplevel() on ptolemy.moml.MoMLSimpleApplication@2bc76ebd
reloadAllAccessors: .RecordAssemblerDisplayNameTest

===========================================================================================
----------------- testing Fri May 22 14:29:37 UTC 2020 /home/travis/build/icyphy/ptII/ptolemy/actor/lib/test/auto/RecordAssemblerTypeError.xml
----------------- Instantiating /home/travis/build/icyphy/ptII/ptolemy/actor/lib/test/auto/RecordAssemblerTypeError.xml
5 ms. Memory: 532480K Free: 251930K (47%)
----------------- Invoking toplevel() on ptolemy.moml.MoMLSimpleApplication@5c20d2cc
----------------- Done invoking toplevel() on ptolemy.moml.MoMLSimpleApplication@5c20d2cc
reloadAllAccessors: .RecordAssemblerTypeError

===========================================================================================
----------------- testing Fri May 22 14:29:37 UTC 2020 /home/travis/build/icyphy/ptII/ptolemy/actor/lib/test/auto/RecordDisassember.xml
----------------- Instantiating /home/travis/build/icyphy/ptII/ptolemy/actor/lib/test/auto/RecordDisassember.xml
4 ms. Memory: 532480K Free: 246796K (46%)
----------------- Invoking toplevel() on ptolemy.moml.MoMLSimpleApplication@6d8f321f
----------------- Done invoking toplevel() on ptolemy.moml.MoMLSimpleApplication@6d8f321f
reloadAllAccessors: .RecordDisassember

===========================================================================================
----------------- testing Fri May 22 14:29:37 UTC 2020 /home/travis/build/icyphy/ptII/ptolemy/actor/lib/test/auto/RecordDisassemberDisplayNameTest.xml
----------------- Instantiating /home/travis/build/icyphy/ptII/ptolemy/actor/lib/test/auto/RecordDisassemberDisplayNameTest.xml
5 ms. Memory: 532480K Free: 239132K (45%)
----------------- Invoking toplevel() on ptolemy.moml.MoMLSimpleApplication@23d4e1a0
----------------- Done invoking toplevel() on ptolemy.moml.MoMLSimpleApplication@23d4e1a0
reloadAllAccessors: .RecordDisassemberDisplayNameTest

===========================================================================================
----------------- testing Fri May 22 14:29:37 UTC 2020 /home/travis/build/icyphy/ptII/ptolemy/actor/lib/test/auto/RecordDisassembler.xml
----------------- Instantiating /home/travis/build/icyphy/ptII/ptolemy/actor/lib/test/auto/RecordDisassembler.xml
2 ms. Memory: 532480K Free: 234012K (44%)
----------------- Invoking toplevel() on ptolemy.moml.MoMLSimpleApplication@4d65ee3d
----------------- Done invoking toplevel() on ptolemy.moml.MoMLSimpleApplication@4d65ee3d
reloadAllAccessors: .RecordDisassembler

===========================================================================================
----------------- testing Fri May 22 14:29:37 UTC 2020 /home/travis/build/icyphy/ptII/ptolemy/actor/lib/test/auto/RecordDisassembler2.xml
----------------- Instantiating /home/travis/build/icyphy/ptII/ptolemy/actor/lib/test/auto/RecordDisassembler2.xml
4 ms. Memory: 532480K Free: 228892K (43%)
----------------- Invoking toplevel() on ptolemy.moml.MoMLSimpleApplication@34ed5662
----------------- Done invoking toplevel() on ptolemy.moml.MoMLSimpleApplication@34ed5662
reloadAllAccessors: .RecordDisassembler2

===========================================================================================
----------------- testing Fri May 22 14:29:37 UTC 2020 /home/travis/build/icyphy/ptII/ptolemy/actor/lib/test/auto/RecordUpdater.xml
----------------- Instantiating /home/travis/build/icyphy/ptII/ptolemy/actor/lib/test/auto/RecordUpdater.xml
1 ms. Memory: 532480K Free: 223258K (42%)
----------------- Invoking toplevel() on ptolemy.moml.MoMLSimpleApplication@4b432a87
----------------- Done invoking toplevel() on ptolemy.moml.MoMLSimpleApplication@4b432a87
reloadAllAccessors: .RecordUpdater

===========================================================================================
----------------- testing Fri May 22 14:29:37 UTC 2020 /home/travis/build/icyphy/ptII/ptolemy/actor/lib/test/auto/RecordUpdater2.xml
----------------- Instantiating /home/travis/build/icyphy/ptII/ptolemy/actor/lib/test/auto/RecordUpdater2.xml
1 ms. Memory: 532480K Free: 218138K (41%)
----------------- Invoking toplevel() on ptolemy.moml.MoMLSimpleApplication@4dc7771e
----------------- Done invoking toplevel() on ptolemy.moml.MoMLSimpleApplication@4dc7771e
reloadAllAccessors: .RecordUpdater2

===========================================================================================
----------------- testing Fri May 22 14:29:37 UTC 2020 /home/travis/build/icyphy/ptII/ptolemy/actor/lib/test/auto/RecursiveLattice.xml
----------------- Instantiating /home/travis/build/icyphy/ptII/ptolemy/actor/lib/test/auto/RecursiveLattice.xml
1 ms. Memory: 532480K Free: 214028K (40%)
----------------- Invoking toplevel() on ptolemy.moml.MoMLSimpleApplication@545c0bb1
----------------- Done invoking toplevel() on ptolemy.moml.MoMLSimpleApplication@545c0bb1
reloadAllAccessors: .RecursiveLattice

===========================================================================================
----------------- testing Fri May 22 14:29:37 UTC 2020 /home/travis/build/icyphy/ptII/ptolemy/actor/lib/test/auto/Router.xml
----------------- Instantiating /home/travis/build/icyphy/ptII/ptolemy/actor/lib/test/auto/Router.xml
3004 ms. Memory: 532480K Free: 202778K (38%)
----------------- Invoking toplevel() on ptolemy.moml.MoMLSimpleApplication@470ca8e8
----------------- Done invoking toplevel() on ptolemy.moml.MoMLSimpleApplication@470ca8e8
reloadAllAccessors: .Router

===========================================================================================
----------------- testing Fri May 22 14:29:40 UTC 2020 /home/travis/build/icyphy/ptII/ptolemy/actor/lib/test/auto/Router2.xml
----------------- Instantiating /home/travis/build/icyphy/ptII/ptolemy/actor/lib/test/auto/Router2.xml
3004 ms. Memory: 532480K Free: 191514K (36%)
----------------- Invoking toplevel() on ptolemy.moml.MoMLSimpleApplication@14743a96
----------------- Done invoking toplevel() on ptolemy.moml.MoMLSimpleApplication@14743a96
reloadAllAccessors: .Router2

===========================================================================================
----------------- testing Fri May 22 14:29:43 UTC 2020 /home/travis/build/icyphy/ptII/ptolemy/actor/lib/test/auto/RunningMaximum.xml
----------------- Instantiating /home/travis/build/icyphy/ptII/ptolemy/actor/lib/test/auto/RunningMaximum.xml
2 ms. Memory: 532480K Free: 186908K (35%)
----------------- Invoking toplevel() on ptolemy.moml.MoMLSimpleApplication@48609d48
----------------- Done invoking toplevel() on ptolemy.moml.MoMLSimpleApplication@48609d48
reloadAllAccessors: .RunningMaximum

===========================================================================================
----------------- testing Fri May 22 14:29:43 UTC 2020 /home/travis/build/icyphy/ptII/ptolemy/actor/lib/test/auto/RunningMinimum.xml
----------------- Instantiating /home/travis/build/icyphy/ptII/ptolemy/actor/lib/test/auto/RunningMinimum.xml
8 ms. Memory: 532480K Free: 182298K (34%)
----------------- Invoking toplevel() on ptolemy.moml.MoMLSimpleApplication@7e5dac34
----------------- Done invoking toplevel() on ptolemy.moml.MoMLSimpleApplication@7e5dac34
reloadAllAccessors: .RunningMinimum

===========================================================================================
----------------- testing Fri May 22 14:29:43 UTC 2020 /home/travis/build/icyphy/ptII/ptolemy/actor/lib/test/auto/Scale.xml
----------------- Instantiating /home/travis/build/icyphy/ptII/ptolemy/actor/lib/test/auto/Scale.xml
2 ms. Memory: 532480K Free: 177692K (33%)
----------------- Invoking toplevel() on ptolemy.moml.MoMLSimpleApplication@653ea782
----------------- Done invoking toplevel() on ptolemy.moml.MoMLSimpleApplication@653ea782
reloadAllAccessors: .Scale

===========================================================================================
----------------- testing Fri May 22 14:29:43 UTC 2020 /home/travis/build/icyphy/ptII/ptolemy/actor/lib/test/auto/Scale2.xml
----------------- Instantiating /home/travis/build/icyphy/ptII/ptolemy/actor/lib/test/auto/Scale2.xml
1 ms. Memory: 532480K Free: 172572K (32%)
----------------- Invoking toplevel() on ptolemy.moml.MoMLSimpleApplication@70fb61d0
----------------- Done invoking toplevel() on ptolemy.moml.MoMLSimpleApplication@70fb61d0
reloadAllAccessors: .Scale2

===========================================================================================
----------------- testing Fri May 22 14:29:43 UTC 2020 /home/travis/build/icyphy/ptII/ptolemy/actor/lib/test/auto/Scale3.xml
----------------- Instantiating /home/travis/build/icyphy/ptII/ptolemy/actor/lib/test/auto/Scale3.xml
3 ms. Memory: 532480K Free: 165914K (31%)
----------------- Invoking toplevel() on ptolemy.moml.MoMLSimpleApplication@6d90f5c2
----------------- Done invoking toplevel() on ptolemy.moml.MoMLSimpleApplication@6d90f5c2
reloadAllAccessors: .Scale3

===========================================================================================
----------------- testing Fri May 22 14:29:43 UTC 2020 /home/travis/build/icyphy/ptII/ptolemy/actor/lib/test/auto/ScaleArray.xml
----------------- Instantiating /home/travis/build/icyphy/ptII/ptolemy/actor/lib/test/auto/ScaleArray.xml
1 ms. Memory: 532480K Free: 476917K (90%)
----------------- Invoking toplevel() on ptolemy.moml.MoMLSimpleApplication@551497f4
----------------- Done invoking toplevel() on ptolemy.moml.MoMLSimpleApplication@551497f4
reloadAllAccessors: .ScaleArray

===========================================================================================
----------------- testing Fri May 22 14:29:43 UTC 2020 /home/travis/build/icyphy/ptII/ptolemy/actor/lib/test/auto/ScaleArray2.xml
----------------- Instantiating /home/travis/build/icyphy/ptII/ptolemy/actor/lib/test/auto/ScaleArray2.xml
1 ms. Memory: 532480K Free: 471811K (89%)
----------------- Invoking toplevel() on ptolemy.moml.MoMLSimpleApplication@2c5f4a81
----------------- Done invoking toplevel() on ptolemy.moml.MoMLSimpleApplication@2c5f4a81
reloadAllAccessors: .ScaleArray2

===========================================================================================
----------------- testing Fri May 22 14:29:43 UTC 2020 /home/travis/build/icyphy/ptII/ptolemy/actor/lib/test/auto/ScaleMatrix.xml
----------------- Instantiating /home/travis/build/icyphy/ptII/ptolemy/actor/lib/test/auto/ScaleMatrix.xml
140 ms. Memory: 532480K Free: 459013K (86%)
----------------- Invoking toplevel() on ptolemy.moml.MoMLSimpleApplication@5627c215
----------------- Done invoking toplevel() on ptolemy.moml.MoMLSimpleApplication@5627c215
reloadAllAccessors: .ScaleMatrix

===========================================================================================
----------------- testing Fri May 22 14:29:43 UTC 2020 /home/travis/build/icyphy/ptII/ptolemy/actor/lib/test/auto/Select.xml
----------------- Instantiating /home/travis/build/icyphy/ptII/ptolemy/actor/lib/test/auto/Select.xml
2 ms. Memory: 532480K Free: 452869K (85%)
----------------- Invoking toplevel() on ptolemy.moml.MoMLSimpleApplication@edb9096
----------------- Done invoking toplevel() on ptolemy.moml.MoMLSimpleApplication@edb9096
reloadAllAccessors: .Select

===========================================================================================
----------------- testing Fri May 22 14:29:43 UTC 2020 /home/travis/build/icyphy/ptII/ptolemy/actor/lib/test/auto/Select2.xml
----------------- Instantiating /home/travis/build/icyphy/ptII/ptolemy/actor/lib/test/auto/Select2.xml
1 ms. Memory: 532480K Free: 447749K (84%)
----------------- Invoking toplevel() on ptolemy.moml.MoMLSimpleApplication@685854e9
----------------- Done invoking toplevel() on ptolemy.moml.MoMLSimpleApplication@685854e9
reloadAllAccessors: .Select2

===========================================================================================
----------------- testing Fri May 22 14:29:43 UTC 2020 /home/travis/build/icyphy/ptII/ptolemy/actor/lib/test/auto/SequenceToArray2.xml
----------------- Instantiating /home/travis/build/icyphy/ptII/ptolemy/actor/lib/test/auto/SequenceToArray2.xml
93 ms. Memory: 532480K Free: 423683K (80%)
----------------- Invoking toplevel() on ptolemy.moml.MoMLSimpleApplication@5921b124
----------------- Done invoking toplevel() on ptolemy.moml.MoMLSimpleApplication@5921b124
reloadAllAccessors: .SequenceToArray2

===========================================================================================
----------------- testing Fri May 22 14:29:43 UTC 2020 /home/travis/build/icyphy/ptII/ptolemy/actor/lib/test/auto/SequentialClock.xml
----------------- Instantiating /home/travis/build/icyphy/ptII/ptolemy/actor/lib/test/auto/SequentialClock.xml
1 ms. Memory: 532480K Free: 419587K (79%)
----------------- Invoking toplevel() on ptolemy.moml.MoMLSimpleApplication@1f02a000
----------------- Done invoking toplevel() on ptolemy.moml.MoMLSimpleApplication@1f02a000
reloadAllAccessors: .SequentialClock

===========================================================================================
----------------- testing Fri May 22 14:29:43 UTC 2020 /home/travis/build/icyphy/ptII/ptolemy/actor/lib/test/auto/SetVariable.xml
----------------- Instantiating /home/travis/build/icyphy/ptII/ptolemy/actor/lib/test/auto/SetVariable.xml
4 ms. Memory: 532480K Free: 414467K (78%)
----------------- Invoking toplevel() on ptolemy.moml.MoMLSimpleApplication@651a227f
----------------- Done invoking toplevel() on ptolemy.moml.MoMLSimpleApplication@651a227f
reloadAllAccessors: .SetVariable

===========================================================================================
----------------- testing Fri May 22 14:29:43 UTC 2020 /home/travis/build/icyphy/ptII/ptolemy/actor/lib/test/auto/SetVariable2.xml
----------------- Instantiating /home/travis/build/icyphy/ptII/ptolemy/actor/lib/test/auto/SetVariable2.xml
1 ms. Memory: 532480K Free: 409347K (77%)
----------------- Invoking toplevel() on ptolemy.moml.MoMLSimpleApplication@788d6ab8
----------------- Done invoking toplevel() on ptolemy.moml.MoMLSimpleApplication@788d6ab8
reloadAllAccessors: .SetVariable2

===========================================================================================
----------------- testing Fri May 22 14:29:43 UTC 2020 /home/travis/build/icyphy/ptII/ptolemy/actor/lib/test/auto/SetVariable3.xml
----------------- Instantiating /home/travis/build/icyphy/ptII/ptolemy/actor/lib/test/auto/SetVariable3.xml
4 ms. Memory: 532480K Free: 404227K (76%)
----------------- Invoking toplevel() on ptolemy.moml.MoMLSimpleApplication@539fb713
----------------- Done invoking toplevel() on ptolemy.moml.MoMLSimpleApplication@539fb713
reloadAllAccessors: .SetVariable3

===========================================================================================
----------------- testing Fri May 22 14:29:43 UTC 2020 /home/travis/build/icyphy/ptII/ptolemy/actor/lib/test/auto/SetVariable4.xml
----------------- Instantiating /home/travis/build/icyphy/ptII/ptolemy/actor/lib/test/auto/SetVariable4.xml
29 ms. Memory: 532480K Free: 393477K (74%)
----------------- Invoking toplevel() on ptolemy.moml.MoMLSimpleApplication@2feeb1d0
----------------- Done invoking toplevel() on ptolemy.moml.MoMLSimpleApplication@2feeb1d0
reloadAllAccessors: .SetVariable4

===========================================================================================
----------------- testing Fri May 22 14:29:43 UTC 2020 /home/travis/build/icyphy/ptII/ptolemy/actor/lib/test/auto/SetVariable5.xml
----------------- Instantiating /home/travis/build/icyphy/ptII/ptolemy/actor/lib/test/auto/SetVariable5.xml
15 ms. Memory: 532480K Free: 384261K (72%)
----------------- Invoking toplevel() on ptolemy.moml.MoMLSimpleApplication@43418aee
----------------- Done invoking toplevel() on ptolemy.moml.MoMLSimpleApplication@43418aee
reloadAllAccessors: .SetVariable5

===========================================================================================
----------------- testing Fri May 22 14:29:43 UTC 2020 /home/travis/build/icyphy/ptII/ptolemy/actor/lib/test/auto/Sinewave.xml
----------------- Instantiating /home/travis/build/icyphy/ptII/ptolemy/actor/lib/test/auto/Sinewave.xml
5 ms. Memory: 532480K Free: 374021K (70%)
----------------- Invoking toplevel() on ptolemy.moml.MoMLSimpleApplication@7581ede1
----------------- Done invoking toplevel() on ptolemy.moml.MoMLSimpleApplication@7581ede1
reloadAllAccessors: .Sinewave

===========================================================================================
----------------- testing Fri May 22 14:29:43 UTC 2020 /home/travis/build/icyphy/ptII/ptolemy/actor/lib/test/auto/Sinewave2.xml
----------------- Instantiating /home/travis/build/icyphy/ptII/ptolemy/actor/lib/test/auto/Sinewave2.xml
6 ms. Memory: 532480K Free: 365829K (69%)
----------------- Invoking toplevel() on ptolemy.moml.MoMLSimpleApplication@5b99ca73
----------------- Done invoking toplevel() on ptolemy.moml.MoMLSimpleApplication@5b99ca73
reloadAllAccessors: .Sinewave2

===========================================================================================
----------------- testing Fri May 22 14:29:43 UTC 2020 /home/travis/build/icyphy/ptII/ptolemy/actor/lib/test/auto/Sinewave3.xml
----------------- Instantiating /home/travis/build/icyphy/ptII/ptolemy/actor/lib/test/auto/Sinewave3.xml
10 ms. Memory: 532480K Free: 356613K (67%)
----------------- Invoking toplevel() on ptolemy.moml.MoMLSimpleApplication@6262799
----------------- Done invoking toplevel() on ptolemy.moml.MoMLSimpleApplication@6262799
reloadAllAccessors: .Sinewave3

===========================================================================================
----------------- testing Fri May 22 14:29:43 UTC 2020 /home/travis/build/icyphy/ptII/ptolemy/actor/lib/test/auto/SingleEvent.xml
----------------- Instantiating /home/travis/build/icyphy/ptII/ptolemy/actor/lib/test/auto/SingleEvent.xml
2 ms. Memory: 532480K Free: 352517K (66%)
----------------- Invoking toplevel() on ptolemy.moml.MoMLSimpleApplication@4db37c12
----------------- Done invoking toplevel() on ptolemy.moml.MoMLSimpleApplication@4db37c12
reloadAllAccessors: .SingleEvent

===========================================================================================
----------------- testing Fri May 22 14:29:43 UTC 2020 /home/travis/build/icyphy/ptII/ptolemy/actor/lib/test/auto/Sleep.xml
----------------- Instantiating /home/travis/build/icyphy/ptII/ptolemy/actor/lib/test/auto/Sleep.xml
6003 ms. Memory: 532480K Free: 346869K (65%)
----------------- Invoking toplevel() on ptolemy.moml.MoMLSimpleApplication@60d808c2
----------------- Done invoking toplevel() on ptolemy.moml.MoMLSimpleApplication@60d808c2
reloadAllAccessors: .Sleep

===========================================================================================
----------------- testing Fri May 22 14:29:49 UTC 2020 /home/travis/build/icyphy/ptII/ptolemy/actor/lib/test/auto/SleepMultipleFire.xml
----------------- Instantiating /home/travis/build/icyphy/ptII/ptolemy/actor/lib/test/auto/SleepMultipleFire.xml
1006 ms. Memory: 532480K Free: 340739K (64%)
----------------- Invoking toplevel() on ptolemy.moml.MoMLSimpleApplication@71aabdf4
----------------- Done invoking toplevel() on ptolemy.moml.MoMLSimpleApplication@71aabdf4
reloadAllAccessors: .SleepMultipleFire

===========================================================================================
----------------- testing Fri May 22 14:29:50 UTC 2020 /home/travis/build/icyphy/ptII/ptolemy/actor/lib/test/auto/StopDE.xml
----------------- Instantiating /home/travis/build/icyphy/ptII/ptolemy/actor/lib/test/auto/StopDE.xml
3 ms. Memory: 532480K Free: 335109K (63%)
----------------- Invoking toplevel() on ptolemy.moml.MoMLSimpleApplication@6156da1b
----------------- Done invoking toplevel() on ptolemy.moml.MoMLSimpleApplication@6156da1b
reloadAllAccessors: .StopDE

===========================================================================================
----------------- testing Fri May 22 14:29:50 UTC 2020 /home/travis/build/icyphy/ptII/ptolemy/actor/lib/test/auto/StopSDF.xml
----------------- Instantiating /home/travis/build/icyphy/ptII/ptolemy/actor/lib/test/auto/StopSDF.xml
2 ms. Memory: 532480K Free: 329989K (62%)
----------------- Invoking toplevel() on ptolemy.moml.MoMLSimpleApplication@4bea5d6a
----------------- Done invoking toplevel() on ptolemy.moml.MoMLSimpleApplication@4bea5d6a
reloadAllAccessors: .StopSDF

===========================================================================================
----------------- testing Fri May 22 14:29:50 UTC 2020 /home/travis/build/icyphy/ptII/ptolemy/actor/lib/test/auto/StringConstant.xml
----------------- Instantiating /home/travis/build/icyphy/ptII/ptolemy/actor/lib/test/auto/StringConstant.xml
8 ms. Memory: 532480K Free: 325349K (61%)
----------------- Invoking toplevel() on ptolemy.moml.MoMLSimpleApplication@3da8eccc
----------------- Done invoking toplevel() on ptolemy.moml.MoMLSimpleApplication@3da8eccc
reloadAllAccessors: .StringConstant

===========================================================================================
----------------- testing Fri May 22 14:29:50 UTC 2020 /home/travis/build/icyphy/ptII/ptolemy/actor/lib/test/auto/SubscriberPortInitialValues1.xml
----------------- Instantiating /home/travis/build/icyphy/ptII/ptolemy/actor/lib/test/auto/SubscriberPortInitialValues1.xml
7 ms. Memory: 532480K Free: 316677K (59%)
----------------- Invoking toplevel() on ptolemy.moml.MoMLSimpleApplication@6145c738
----------------- Done invoking toplevel() on ptolemy.moml.MoMLSimpleApplication@6145c738
reloadAllAccessors: .SubscriberPortInitialValues1

===========================================================================================
----------------- testing Fri May 22 14:29:50 UTC 2020 /home/travis/build/icyphy/ptII/ptolemy/actor/lib/test/auto/SubscriberPortInitialValues13.xml
----------------- Instantiating /home/travis/build/icyphy/ptII/ptolemy/actor/lib/test/auto/SubscriberPortInitialValues13.xml
5 ms. Memory: 532480K Free: 303875K (57%)
----------------- Invoking toplevel() on ptolemy.moml.MoMLSimpleApplication@ef42d14
----------------- Done invoking toplevel() on ptolemy.moml.MoMLSimpleApplication@ef42d14
reloadAllAccessors: .SubscriberPortInitialValues13

===========================================================================================
----------------- testing Fri May 22 14:29:50 UTC 2020 /home/travis/build/icyphy/ptII/ptolemy/actor/lib/test/auto/SubscriberPortInitialValues14.xml
----------------- Instantiating /home/travis/build/icyphy/ptII/ptolemy/actor/lib/test/auto/SubscriberPortInitialValues14.xml
4 ms. Memory: 532480K Free: 295683K (56%)
----------------- Invoking toplevel() on ptolemy.moml.MoMLSimpleApplication@500187cc
----------------- Done invoking toplevel() on ptolemy.moml.MoMLSimpleApplication@500187cc
reloadAllAccessors: .SubscriberPortInitialValues14

===========================================================================================
----------------- testing Fri May 22 14:29:50 UTC 2020 /home/travis/build/icyphy/ptII/ptolemy/actor/lib/test/auto/SubscriberPortInitialValues2.xml
----------------- Instantiating /home/travis/build/icyphy/ptII/ptolemy/actor/lib/test/auto/SubscriberPortInitialValues2.xml
3 ms. Memory: 532480K Free: 288005K (54%)
----------------- Invoking toplevel() on ptolemy.moml.MoMLSimpleApplication@599036db
----------------- Done invoking toplevel() on ptolemy.moml.MoMLSimpleApplication@599036db
reloadAllAccessors: .SubscriberPortInitialValues2

===========================================================================================
----------------- testing Fri May 22 14:29:50 UTC 2020 /home/travis/build/icyphy/ptII/ptolemy/actor/lib/test/auto/SubscriberPortInitialValues3.xml
----------------- Instantiating /home/travis/build/icyphy/ptII/ptolemy/actor/lib/test/auto/SubscriberPortInitialValues3.xml
3 ms. Memory: 532480K Free: 277251K (52%)
----------------- Invoking toplevel() on ptolemy.moml.MoMLSimpleApplication@6fcb651d
----------------- Done invoking toplevel() on ptolemy.moml.MoMLSimpleApplication@6fcb651d
reloadAllAccessors: .SubscriberPortInitialValues3

===========================================================================================
----------------- testing Fri May 22 14:29:51 UTC 2020 /home/travis/build/icyphy/ptII/ptolemy/actor/lib/test/auto/SubscriptionAggregator.xml
----------------- Instantiating /home/travis/build/icyphy/ptII/ptolemy/actor/lib/test/auto/SubscriptionAggregator.xml
2 ms. Memory: 532480K Free: 270069K (51%)
----------------- Invoking toplevel() on ptolemy.moml.MoMLSimpleApplication@438f1945
----------------- Done invoking toplevel() on ptolemy.moml.MoMLSimpleApplication@438f1945
reloadAllAccessors: .SubscriptionAggregator

===========================================================================================
----------------- testing Fri May 22 14:29:51 UTC 2020 /home/travis/build/icyphy/ptII/ptolemy/actor/lib/test/auto/SubscriptionAggregator2.xml
----------------- Instantiating /home/travis/build/icyphy/ptII/ptolemy/actor/lib/test/auto/SubscriptionAggregator2.xml
3 ms. Memory: 532480K Free: 263429K (49%)
----------------- Invoking toplevel() on ptolemy.moml.MoMLSimpleApplication@492348b
----------------- Done invoking toplevel() on ptolemy.moml.MoMLSimpleApplication@492348b
reloadAllAccessors: .SubscriptionAggregator2

===========================================================================================
----------------- testing Fri May 22 14:29:51 UTC 2020 /home/travis/build/icyphy/ptII/ptolemy/actor/lib/test/auto/SubscriptionAggregator3.xml
----------------- Instantiating /home/travis/build/icyphy/ptII/ptolemy/actor/lib/test/auto/SubscriptionAggregator3.xml
3 ms. Memory: 532480K Free: 255237K (48%)
----------------- Invoking toplevel() on ptolemy.moml.MoMLSimpleApplication@5e2446e
----------------- Done invoking toplevel() on ptolemy.moml.MoMLSimpleApplication@5e2446e
reloadAllAccessors: .SubscriptionAggregator3

===========================================================================================
----------------- testing Fri May 22 14:29:51 UTC 2020 /home/travis/build/icyphy/ptII/ptolemy/actor/lib/test/auto/SubscriptionAggregatorMultiply.xml
----------------- Instantiating /home/travis/build/icyphy/ptII/ptolemy/actor/lib/test/auto/SubscriptionAggregatorMultiply.xml
12 ms. Memory: 532480K Free: 247045K (46%)
----------------- Invoking toplevel() on ptolemy.moml.MoMLSimpleApplication@4385e311
----------------- Done invoking toplevel() on ptolemy.moml.MoMLSimpleApplication@4385e311
reloadAllAccessors: .SubscriptionAggregatorMultiply

===========================================================================================
----------------- testing Fri May 22 14:29:51 UTC 2020 /home/travis/build/icyphy/ptII/ptolemy/actor/lib/test/auto/SubscriptionAggregatorPortMultiply1.xml
----------------- Instantiating /home/travis/build/icyphy/ptII/ptolemy/actor/lib/test/auto/SubscriptionAggregatorPortMultiply1.xml
3 ms. Memory: 532480K Free: 238853K (45%)
----------------- Invoking toplevel() on ptolemy.moml.MoMLSimpleApplication@6708770f
----------------- Done invoking toplevel() on ptolemy.moml.MoMLSimpleApplication@6708770f
reloadAllAccessors: .SubscriptionAggregatorPortMultiply1

===========================================================================================
----------------- testing Fri May 22 14:29:51 UTC 2020 /home/travis/build/icyphy/ptII/ptolemy/actor/lib/test/auto/Switch.xml
----------------- Instantiating /home/travis/build/icyphy/ptII/ptolemy/actor/lib/test/auto/Switch.xml
5 ms. Memory: 532480K Free: 230661K (43%)
----------------- Invoking toplevel() on ptolemy.moml.MoMLSimpleApplication@34c524c9
----------------- Done invoking toplevel() on ptolemy.moml.MoMLSimpleApplication@34c524c9
reloadAllAccessors: .Switch

===========================================================================================
----------------- testing Fri May 22 14:29:51 UTC 2020 /home/travis/build/icyphy/ptII/ptolemy/actor/lib/test/auto/Switch2.xml
----------------- Instantiating /home/travis/build/icyphy/ptII/ptolemy/actor/lib/test/auto/Switch2.xml
1 ms. Memory: 532480K Free: 226051K (42%)
----------------- Invoking toplevel() on ptolemy.moml.MoMLSimpleApplication@1dd3faf6
----------------- Done invoking toplevel() on ptolemy.moml.MoMLSimpleApplication@1dd3faf6
reloadAllAccessors: .Switch2

===========================================================================================
----------------- testing Fri May 22 14:29:51 UTC 2020 /home/travis/build/icyphy/ptII/ptolemy/actor/lib/test/auto/SwitchDE.xml
----------------- Instantiating /home/travis/build/icyphy/ptII/ptolemy/actor/lib/test/auto/SwitchDE.xml
3 ms. Memory: 532480K Free: 219397K (41%)
----------------- Invoking toplevel() on ptolemy.moml.MoMLSimpleApplication@3dcd2480
----------------- Done invoking toplevel() on ptolemy.moml.MoMLSimpleApplication@3dcd2480
reloadAllAccessors: .SwitchDE

===========================================================================================
----------------- testing Fri May 22 14:29:51 UTC 2020 /home/travis/build/icyphy/ptII/ptolemy/actor/lib/test/auto/SynchronizerDE.xml
----------------- Instantiating /home/travis/build/icyphy/ptII/ptolemy/actor/lib/test/auto/SynchronizerDE.xml
6 ms. Memory: 532480K Free: 211205K (40%)
----------------- Invoking toplevel() on ptolemy.moml.MoMLSimpleApplication@344c2b66
----------------- Done invoking toplevel() on ptolemy.moml.MoMLSimpleApplication@344c2b66
reloadAllAccessors: .SynchronizerDE

===========================================================================================
----------------- testing Fri May 22 14:29:51 UTC 2020 /home/travis/build/icyphy/ptII/ptolemy/actor/lib/test/auto/Test.xml
----------------- Instantiating /home/travis/build/icyphy/ptII/ptolemy/actor/lib/test/auto/Test.xml
3 ms. Memory: 532480K Free: 206085K (39%)
----------------- Invoking toplevel() on ptolemy.moml.MoMLSimpleApplication@6b601ce4
----------------- Done invoking toplevel() on ptolemy.moml.MoMLSimpleApplication@6b601ce4
reloadAllAccessors: .Test

===========================================================================================
----------------- testing Fri May 22 14:29:51 UTC 2020 /home/travis/build/icyphy/ptII/ptolemy/actor/lib/test/auto/TestExceptionAttribute1.xml
----------------- Instantiating /home/travis/build/icyphy/ptII/ptolemy/actor/lib/test/auto/TestExceptionAttribute1.xml
2 ms. Memory: 532480K Free: 201989K (38%)
----------------- Invoking toplevel() on ptolemy.moml.MoMLSimpleApplication@7b13bf06
----------------- Done invoking toplevel() on ptolemy.moml.MoMLSimpleApplication@7b13bf06
reloadAllAccessors: .TestExceptionAttribute1

===========================================================================================
----------------- testing Fri May 22 14:29:51 UTC 2020 /home/travis/build/icyphy/ptII/ptolemy/actor/lib/test/auto/TestExceptionAttribute2.xml
----------------- Instantiating /home/travis/build/icyphy/ptII/ptolemy/actor/lib/test/auto/TestExceptionAttribute2.xml
1 ms. Memory: 532480K Free: 198403K (37%)
----------------- Invoking toplevel() on ptolemy.moml.MoMLSimpleApplication@22037fa
----------------- Done invoking toplevel() on ptolemy.moml.MoMLSimpleApplication@22037fa
reloadAllAccessors: .TestExceptionAttribute2

===========================================================================================
----------------- testing Fri May 22 14:29:51 UTC 2020 /home/travis/build/icyphy/ptII/ptolemy/actor/lib/test/auto/TestExceptionAttribute3.xml
----------------- Instantiating /home/travis/build/icyphy/ptII/ptolemy/actor/lib/test/auto/TestExceptionAttribute3.xml
.TestExceptionAttribute3.TestExceptionAttribute: initialize() was not invoked, but wrapup() was.  This is unusual, but not always a problem.  For example, exporting JNLP will do this.
1 ms. Memory: 532480K Free: 194821K (37%)
----------------- Invoking toplevel() on ptolemy.moml.MoMLSimpleApplication@dc6ee4d
----------------- Done invoking toplevel() on ptolemy.moml.MoMLSimpleApplication@dc6ee4d
reloadAllAccessors: .TestExceptionAttribute3

===========================================================================================
----------------- testing Fri May 22 14:29:51 UTC 2020 /home/travis/build/icyphy/ptII/ptolemy/actor/lib/test/auto/TestExceptionAttribute4.xml
----------------- Instantiating /home/travis/build/icyphy/ptII/ptolemy/actor/lib/test/auto/TestExceptionAttribute4.xml
.TestExceptionAttribute4.TestExceptionAttribute: initialize() was not invoked, but wrapup() was.  This is unusual, but not always a problem.  For example, exporting JNLP will do this.
.TestExceptionAttribute4.TestExceptionAttribute2: initialize() was not invoked, but wrapup() was.  This is unusual, but not always a problem.  For example, exporting JNLP will do this.
1 ms. Memory: 532480K Free: 190211K (36%)
----------------- Invoking toplevel() on ptolemy.moml.MoMLSimpleApplication@791176d5
----------------- Done invoking toplevel() on ptolemy.moml.MoMLSimpleApplication@791176d5
reloadAllAccessors: .TestExceptionAttribute4

===========================================================================================
----------------- testing Fri May 22 14:29:51 UTC 2020 /home/travis/build/icyphy/ptII/ptolemy/actor/lib/test/auto/TestExceptionHandler1.xml
----------------- Instantiating /home/travis/build/icyphy/ptII/ptolemy/actor/lib/test/auto/TestExceptionHandler1.xml
1 ms. Memory: 532480K Free: 186629K (35%)
----------------- Invoking toplevel() on ptolemy.moml.MoMLSimpleApplication@2a74c805
----------------- Done invoking toplevel() on ptolemy.moml.MoMLSimpleApplication@2a74c805
reloadAllAccessors: .TestExceptionHandler1

===========================================================================================
----------------- testing Fri May 22 14:29:51 UTC 2020 /home/travis/build/icyphy/ptII/ptolemy/actor/lib/test/auto/TestExceptionHandler2.xml
----------------- Instantiating /home/travis/build/icyphy/ptII/ptolemy/actor/lib/test/auto/TestExceptionHandler2.xml
1 ms. Memory: 532480K Free: 183043K (34%)
----------------- Invoking toplevel() on ptolemy.moml.MoMLSimpleApplication@78fedce4
----------------- Done invoking toplevel() on ptolemy.moml.MoMLSimpleApplication@78fedce4
reloadAllAccessors: .TestExceptionHandler2

===========================================================================================
----------------- testing Fri May 22 14:29:51 UTC 2020 /home/travis/build/icyphy/ptII/ptolemy/actor/lib/test/auto/TestExceptionHandler3.xml
----------------- Instantiating /home/travis/build/icyphy/ptII/ptolemy/actor/lib/test/auto/TestExceptionHandler3.xml
0 ms. Memory: 532480K Free: 178947K (34%)
----------------- Invoking toplevel() on ptolemy.moml.MoMLSimpleApplication@314706c1
----------------- Done invoking toplevel() on ptolemy.moml.MoMLSimpleApplication@314706c1
reloadAllAccessors: .TestExceptionHandler3

===========================================================================================
----------------- testing Fri May 22 14:29:51 UTC 2020 /home/travis/build/icyphy/ptII/ptolemy/actor/lib/test/auto/TestExceptionHandler4.xml
----------------- Instantiating /home/travis/build/icyphy/ptII/ptolemy/actor/lib/test/auto/TestExceptionHandler4.xml
0 ms. Memory: 532480K Free: 174851K (33%)
----------------- Invoking toplevel() on ptolemy.moml.MoMLSimpleApplication@5779ebd0
----------------- Done invoking toplevel() on ptolemy.moml.MoMLSimpleApplication@5779ebd0
reloadAllAccessors: .TestExceptionHandler4

===========================================================================================
----------------- testing Fri May 22 14:29:51 UTC 2020 /home/travis/build/icyphy/ptII/ptolemy/actor/lib/test/auto/TestRequireCorrectOrder.xml
----------------- Instantiating /home/travis/build/icyphy/ptII/ptolemy/actor/lib/test/auto/TestRequireCorrectOrder.xml
10 ms. Memory: 532480K Free: 169701K (32%)
----------------- Invoking toplevel() on ptolemy.moml.MoMLSimpleApplication@92a67ca
----------------- Done invoking toplevel() on ptolemy.moml.MoMLSimpleApplication@92a67ca
reloadAllAccessors: .TestRequireCorrectOrder

===========================================================================================
----------------- testing Fri May 22 14:29:51 UTC 2020 /home/travis/build/icyphy/ptII/ptolemy/actor/lib/test/auto/TestSimple.xml
----------------- Instantiating /home/travis/build/icyphy/ptII/ptolemy/actor/lib/test/auto/TestSimple.xml
1 ms. Memory: 532480K Free: 164605K (31%)
----------------- Invoking toplevel() on ptolemy.moml.MoMLSimpleApplication@4c0ac73e
----------------- Done invoking toplevel() on ptolemy.moml.MoMLSimpleApplication@4c0ac73e
reloadAllAccessors: .TestSimple

===========================================================================================
----------------- testing Fri May 22 14:29:51 UTC 2020 /home/travis/build/icyphy/ptII/ptolemy/actor/lib/test/auto/ThrowModelError.xml
----------------- Instantiating /home/travis/build/icyphy/ptII/ptolemy/actor/lib/test/auto/ThrowModelError.xml
1 ms. Memory: 532480K Free: 475397K (89%)
----------------- Invoking toplevel() on ptolemy.moml.MoMLSimpleApplication@25a036eb
----------------- Done invoking toplevel() on ptolemy.moml.MoMLSimpleApplication@25a036eb
reloadAllAccessors: .ThrowModelError

===========================================================================================
----------------- testing Fri May 22 14:29:51 UTC 2020 /home/travis/build/icyphy/ptII/ptolemy/actor/lib/test/auto/TimeDelayMicrosteps.xml
----------------- Instantiating /home/travis/build/icyphy/ptII/ptolemy/actor/lib/test/auto/TimeDelayMicrosteps.xml
2 ms. Memory: 532480K Free: 468229K (88%)
----------------- Invoking toplevel() on ptolemy.moml.MoMLSimpleApplication@426703d4
----------------- Done invoking toplevel() on ptolemy.moml.MoMLSimpleApplication@426703d4
reloadAllAccessors: .TimeDelayMicrosteps

===========================================================================================
----------------- testing Fri May 22 14:29:51 UTC 2020 /home/travis/build/icyphy/ptII/ptolemy/actor/lib/test/auto/TimeDelayMicrosteps2.xml
----------------- Instantiating /home/travis/build/icyphy/ptII/ptolemy/actor/lib/test/auto/TimeDelayMicrosteps2.xml
2 ms. Memory: 532480K Free: 461061K (87%)
----------------- Invoking toplevel() on ptolemy.moml.MoMLSimpleApplication@5c559ffe
----------------- Done invoking toplevel() on ptolemy.moml.MoMLSimpleApplication@5c559ffe
reloadAllAccessors: .TimeDelayMicrosteps2

===========================================================================================
----------------- testing Fri May 22 14:29:51 UTC 2020 /home/travis/build/icyphy/ptII/ptolemy/actor/lib/test/auto/TimeDelayMicrosteps3.xml
----------------- Instantiating /home/travis/build/icyphy/ptII/ptolemy/actor/lib/test/auto/TimeDelayMicrosteps3.xml
2 ms. Memory: 532480K Free: 453893K (85%)
----------------- Invoking toplevel() on ptolemy.moml.MoMLSimpleApplication@3ef3e93f
----------------- Done invoking toplevel() on ptolemy.moml.MoMLSimpleApplication@3ef3e93f
reloadAllAccessors: .TimeDelayMicrosteps3

===========================================================================================
----------------- testing Fri May 22 14:29:51 UTC 2020 /home/travis/build/icyphy/ptII/ptolemy/actor/lib/test/auto/TimeDelayVariableMicrosteps.xml
----------------- Instantiating /home/travis/build/icyphy/ptII/ptolemy/actor/lib/test/auto/TimeDelayVariableMicrosteps.xml
2 ms. Memory: 532480K Free: 447749K (84%)
----------------- Invoking toplevel() on ptolemy.moml.MoMLSimpleApplication@70139766
----------------- Done invoking toplevel() on ptolemy.moml.MoMLSimpleApplication@70139766
reloadAllAccessors: .TimeDelayVariableMicrosteps

===========================================================================================
----------------- testing Fri May 22 14:29:51 UTC 2020 /home/travis/build/icyphy/ptII/ptolemy/actor/lib/test/auto/TimeGap.xml
----------------- Instantiating /home/travis/build/icyphy/ptII/ptolemy/actor/lib/test/auto/TimeGap.xml
3 ms. Memory: 532480K Free: 442629K (83%)
----------------- Invoking toplevel() on ptolemy.moml.MoMLSimpleApplication@2892aa6e
----------------- Done invoking toplevel() on ptolemy.moml.MoMLSimpleApplication@2892aa6e
reloadAllAccessors: .TimeGap

===========================================================================================
----------------- testing Fri May 22 14:29:51 UTC 2020 /home/travis/build/icyphy/ptII/ptolemy/actor/lib/test/auto/TimeGap2.xml
----------------- Instantiating /home/travis/build/icyphy/ptII/ptolemy/actor/lib/test/auto/TimeGap2.xml
2 ms. Memory: 532480K Free: 436485K (82%)
----------------- Invoking toplevel() on ptolemy.moml.MoMLSimpleApplication@9128665
----------------- Done invoking toplevel() on ptolemy.moml.MoMLSimpleApplication@9128665
reloadAllAccessors: .TimeGap2

===========================================================================================
----------------- testing Fri May 22 14:29:51 UTC 2020 /home/travis/build/icyphy/ptII/ptolemy/actor/lib/test/auto/TimedSinewave.xml
----------------- Instantiating /home/travis/build/icyphy/ptII/ptolemy/actor/lib/test/auto/TimedSinewave.xml
24 ms. Memory: 532480K Free: 422659K (79%)
----------------- Invoking toplevel() on ptolemy.moml.MoMLSimpleApplication@44b1573d
----------------- Done invoking toplevel() on ptolemy.moml.MoMLSimpleApplication@44b1573d
reloadAllAccessors: .TimedSinewave

===========================================================================================
----------------- testing Fri May 22 14:29:51 UTC 2020 /home/travis/build/icyphy/ptII/ptolemy/actor/lib/test/auto/TimedSinewavePhase.xml
----------------- Instantiating /home/travis/build/icyphy/ptII/ptolemy/actor/lib/test/auto/TimedSinewavePhase.xml
8 ms. Memory: 532480K Free: 412933K (78%)
----------------- Invoking toplevel() on ptolemy.moml.MoMLSimpleApplication@3909b00b
----------------- Done invoking toplevel() on ptolemy.moml.MoMLSimpleApplication@3909b00b
reloadAllAccessors: .TimedSinewavePhase

===========================================================================================
----------------- testing Fri May 22 14:29:51 UTC 2020 /home/travis/build/icyphy/ptII/ptolemy/actor/lib/test/auto/Timer.xml
----------------- Instantiating /home/travis/build/icyphy/ptII/ptolemy/actor/lib/test/auto/Timer.xml
4 ms. Memory: 532480K Free: 406789K (76%)
----------------- Invoking toplevel() on ptolemy.moml.MoMLSimpleApplication@2cd837a5
----------------- Done invoking toplevel() on ptolemy.moml.MoMLSimpleApplication@2cd837a5
reloadAllAccessors: .Timer

===========================================================================================
----------------- testing Fri May 22 14:29:51 UTC 2020 /home/travis/build/icyphy/ptII/ptolemy/actor/lib/test/auto/TriangularDistTestModel.xml
----------------- Instantiating /home/travis/build/icyphy/ptII/ptolemy/actor/lib/test/auto/TriangularDistTestModel.xml
2 ms. Memory: 532480K Free: 401125K (75%)
----------------- Invoking toplevel() on ptolemy.moml.MoMLSimpleApplication@3f4f8b98
----------------- Done invoking toplevel() on ptolemy.moml.MoMLSimpleApplication@3f4f8b98
reloadAllAccessors: .TriangularDistTestModel

===========================================================================================
----------------- testing Fri May 22 14:29:51 UTC 2020 /home/travis/build/icyphy/ptII/ptolemy/actor/lib/test/auto/TrigFunction.xml
----------------- Instantiating /home/travis/build/icyphy/ptII/ptolemy/actor/lib/test/auto/TrigFunction.xml
1 ms. Memory: 532480K Free: 396549K (74%)
----------------- Invoking toplevel() on ptolemy.moml.MoMLSimpleApplication@700cc041
----------------- Done invoking toplevel() on ptolemy.moml.MoMLSimpleApplication@700cc041
reloadAllAccessors: .TrigFunction

===========================================================================================
----------------- testing Fri May 22 14:29:51 UTC 2020 /home/travis/build/icyphy/ptII/ptolemy/actor/lib/test/auto/TrigFunctionDE.xml
----------------- Instantiating /home/travis/build/icyphy/ptII/ptolemy/actor/lib/test/auto/TrigFunctionDE.xml
1 ms. Memory: 532480K Free: 390405K (73%)
----------------- Invoking toplevel() on ptolemy.moml.MoMLSimpleApplication@799dcd70
----------------- Done invoking toplevel() on ptolemy.moml.MoMLSimpleApplication@799dcd70
reloadAllAccessors: .TrigFunctionDE

===========================================================================================
----------------- testing Fri May 22 14:29:51 UTC 2020 /home/travis/build/icyphy/ptII/ptolemy/actor/lib/test/auto/TrigFunctionInverse.xml
----------------- Instantiating /home/travis/build/icyphy/ptII/ptolemy/actor/lib/test/auto/TrigFunctionInverse.xml
2 ms. Memory: 532480K Free: 385285K (72%)
----------------- Invoking toplevel() on ptolemy.moml.MoMLSimpleApplication@52d4b18a
----------------- Done invoking toplevel() on ptolemy.moml.MoMLSimpleApplication@52d4b18a
reloadAllAccessors: .TrigFunctionInverse

===========================================================================================
----------------- testing Fri May 22 14:29:51 UTC 2020 /home/travis/build/icyphy/ptII/ptolemy/actor/lib/test/auto/TrigFunctionTan.xml
----------------- Instantiating /home/travis/build/icyphy/ptII/ptolemy/actor/lib/test/auto/TrigFunctionTan.xml
1 ms. Memory: 532480K Free: 380675K (71%)
----------------- Invoking toplevel() on ptolemy.moml.MoMLSimpleApplication@402abdf5
----------------- Done invoking toplevel() on ptolemy.moml.MoMLSimpleApplication@402abdf5
reloadAllAccessors: .TrigFunctionTan

===========================================================================================
----------------- testing Fri May 22 14:29:51 UTC 2020 /home/travis/build/icyphy/ptII/ptolemy/actor/lib/test/auto/TriggeredClock.xml
----------------- Instantiating /home/travis/build/icyphy/ptII/ptolemy/actor/lib/test/auto/TriggeredClock.xml
1 ms. Memory: 532480K Free: 375541K (71%)
----------------- Invoking toplevel() on ptolemy.moml.MoMLSimpleApplication@19d0405b
----------------- Done invoking toplevel() on ptolemy.moml.MoMLSimpleApplication@19d0405b
reloadAllAccessors: .TriggeredClock

===========================================================================================
----------------- testing Fri May 22 14:29:51 UTC 2020 /home/travis/build/icyphy/ptII/ptolemy/actor/lib/test/auto/URLDirectoryReader.xml
----------------- Instantiating /home/travis/build/icyphy/ptII/ptolemy/actor/lib/test/auto/URLDirectoryReader.xml
22 ms. Memory: 532480K Free: 367363K (69%)
----------------- Invoking toplevel() on ptolemy.moml.MoMLSimpleApplication@21f017a6
----------------- Done invoking toplevel() on ptolemy.moml.MoMLSimpleApplication@21f017a6
reloadAllAccessors: .URLDirectoryReader

===========================================================================================
----------------- testing Fri May 22 14:29:51 UTC 2020 /home/travis/build/icyphy/ptII/ptolemy/actor/lib/test/auto/URLDirectoryReader3.xml
----------------- Instantiating /home/travis/build/icyphy/ptII/ptolemy/actor/lib/test/auto/URLDirectoryReader3.xml
1502 ms. Memory: 532480K Free: 471470K (89%)
----------------- Invoking toplevel() on ptolemy.moml.MoMLSimpleApplication@7080e2d
----------------- Done invoking toplevel() on ptolemy.moml.MoMLSimpleApplication@7080e2d
reloadAllAccessors: .URLDirectoryReader3

===========================================================================================
----------------- testing Fri May 22 14:29:53 UTC 2020 /home/travis/build/icyphy/ptII/ptolemy/actor/lib/test/auto/UnaryMathFunction.xml
----------------- Instantiating /home/travis/build/icyphy/ptII/ptolemy/actor/lib/test/auto/UnaryMathFunction.xml
4 ms. Memory: 532480K Free: 463222K (87%)
----------------- Invoking toplevel() on ptolemy.moml.MoMLSimpleApplication@f889e1a
----------------- Done invoking toplevel() on ptolemy.moml.MoMLSimpleApplication@f889e1a
reloadAllAccessors: .UnaryMathFunction

===========================================================================================
----------------- testing Fri May 22 14:29:53 UTC 2020 /home/travis/build/icyphy/ptII/ptolemy/actor/lib/test/auto/Uniform.xml
----------------- Instantiating /home/travis/build/icyphy/ptII/ptolemy/actor/lib/test/auto/Uniform.xml
3 ms. Memory: 532480K Free: 458616K (86%)
----------------- Invoking toplevel() on ptolemy.moml.MoMLSimpleApplication@17da0e75
----------------- Done invoking toplevel() on ptolemy.moml.MoMLSimpleApplication@17da0e75
reloadAllAccessors: .Uniform

===========================================================================================
----------------- testing Fri May 22 14:29:53 UTC 2020 /home/travis/build/icyphy/ptII/ptolemy/actor/lib/test/auto/UnionDisassemblerTest.xml
----------------- Instantiating /home/travis/build/icyphy/ptII/ptolemy/actor/lib/test/auto/UnionDisassemblerTest.xml
14 ms. Memory: 532480K Free: 455016K (85%)
----------------- Invoking toplevel() on ptolemy.moml.MoMLSimpleApplication@395957c1
----------------- Done invoking toplevel() on ptolemy.moml.MoMLSimpleApplication@395957c1
reloadAllAccessors: .UnionDisassemblerTest

===========================================================================================
----------------- testing Fri May 22 14:29:53 UTC 2020 /home/travis/build/icyphy/ptII/ptolemy/actor/lib/test/auto/UtilityFunctions.xml
----------------- Instantiating /home/travis/build/icyphy/ptII/ptolemy/actor/lib/test/auto/UtilityFunctions.xml
1 ms. Memory: 532480K Free: 450424K (85%)
----------------- Invoking toplevel() on ptolemy.moml.MoMLSimpleApplication@520948a2
----------------- Done invoking toplevel() on ptolemy.moml.MoMLSimpleApplication@520948a2
reloadAllAccessors: .UtilityFunctions

===========================================================================================
----------------- testing Fri May 22 14:29:53 UTC 2020 /home/travis/build/icyphy/ptII/ptolemy/actor/lib/test/auto/VariableSleep.xml
----------------- Instantiating /home/travis/build/icyphy/ptII/ptolemy/actor/lib/test/auto/VariableSleep.xml
502 ms. Memory: 532480K Free: 445304K (84%)
----------------- Invoking toplevel() on ptolemy.moml.MoMLSimpleApplication@52ed6e26
----------------- Done invoking toplevel() on ptolemy.moml.MoMLSimpleApplication@52ed6e26
reloadAllAccessors: .VariableSleep

===========================================================================================
----------------- testing Fri May 22 14:29:54 UTC 2020 /home/travis/build/icyphy/ptII/ptolemy/actor/lib/test/auto/VectorAssemblerDisassemblerCT.xml
----------------- Instantiating /home/travis/build/icyphy/ptII/ptolemy/actor/lib/test/auto/VectorAssemblerDisassemblerCT.xml
84 ms. Memory: 532480K Free: 424824K (80%)
----------------- Invoking toplevel() on ptolemy.moml.MoMLSimpleApplication@71f1fbd3
----------------- Done invoking toplevel() on ptolemy.moml.MoMLSimpleApplication@71f1fbd3
reloadAllAccessors: .VectorAssemblerDisassemblerCT

===========================================================================================
----------------- testing Fri May 22 14:29:54 UTC 2020 /home/travis/build/icyphy/ptII/ptolemy/actor/lib/test/auto/VectorAssemblerDisassemblerDE.xml
----------------- Instantiating /home/travis/build/icyphy/ptII/ptolemy/actor/lib/test/auto/VectorAssemblerDisassemblerDE.xml
3 ms. Memory: 532480K Free: 417656K (78%)
----------------- Invoking toplevel() on ptolemy.moml.MoMLSimpleApplication@30397403
----------------- Done invoking toplevel() on ptolemy.moml.MoMLSimpleApplication@30397403
reloadAllAccessors: .VectorAssemblerDisassemblerDE

===========================================================================================
----------------- testing Fri May 22 14:29:54 UTC 2020 /home/travis/build/icyphy/ptII/ptolemy/actor/lib/test/auto/VectorAssemblerDisassemblerSDF.xml
----------------- Instantiating /home/travis/build/icyphy/ptII/ptolemy/actor/lib/test/auto/VectorAssemblerDisassemblerSDF.xml
3 ms. Memory: 532480K Free: 411512K (77%)
----------------- Invoking toplevel() on ptolemy.moml.MoMLSimpleApplication@24ca1f72
----------------- Done invoking toplevel() on ptolemy.moml.MoMLSimpleApplication@24ca1f72
reloadAllAccessors: .VectorAssemblerDisassemblerSDF

===========================================================================================
----------------- testing Fri May 22 14:29:54 UTC 2020 /home/travis/build/icyphy/ptII/ptolemy/actor/lib/test/auto/WallClockTime.xml
----------------- Instantiating /home/travis/build/icyphy/ptII/ptolemy/actor/lib/test/auto/WallClockTime.xml
1004 ms. Memory: 532480K Free: 405878K (76%)
----------------- Invoking toplevel() on ptolemy.moml.MoMLSimpleApplication@210854d3
----------------- Done invoking toplevel() on ptolemy.moml.MoMLSimpleApplication@210854d3
reloadAllAccessors: .WallClockTime

===========================================================================================
----------------- testing Fri May 22 14:29:55 UTC 2020 /home/travis/build/icyphy/ptII/ptolemy/actor/lib/test/auto/WidthTestWithSubscriberPublisher.xml
----------------- Instantiating /home/travis/build/icyphy/ptII/ptolemy/actor/lib/test/auto/WidthTestWithSubscriberPublisher.xml
9 ms. Memory: 532480K Free: 388470K (73%)
----------------- Invoking toplevel() on ptolemy.moml.MoMLSimpleApplication@7713da5
----------------- Done invoking toplevel() on ptolemy.moml.MoMLSimpleApplication@7713da5
reloadAllAccessors: .WidthTestWithSubscriberPublisher

===========================================================================================
----------------- testing Fri May 22 14:29:55 UTC 2020 /home/travis/build/icyphy/ptII/ptolemy/actor/lib/test/auto/WidthTestWithSubscriberPublisher2.xml
----------------- Instantiating /home/travis/build/icyphy/ptII/ptolemy/actor/lib/test/auto/WidthTestWithSubscriberPublisher2.xml
3 ms. Memory: 532480K Free: 381816K (72%)
----------------- Invoking toplevel() on ptolemy.moml.MoMLSimpleApplication@361d9cef
----------------- Done invoking toplevel() on ptolemy.moml.MoMLSimpleApplication@361d9cef
reloadAllAccessors: .WidthTestWithSubscriberPublisher2

===========================================================================================
----------------- testing Fri May 22 14:29:55 UTC 2020 /home/travis/build/icyphy/ptII/ptolemy/actor/lib/test/auto/WidthTestWithSubscriberPublisher3.xml
----------------- Instantiating /home/travis/build/icyphy/ptII/ptolemy/actor/lib/test/auto/WidthTestWithSubscriberPublisher3.xml
1 ms. Memory: 532480K Free: 376182K (71%)
----------------- Invoking toplevel() on ptolemy.moml.MoMLSimpleApplication@74c669c1
----------------- Done invoking toplevel() on ptolemy.moml.MoMLSimpleApplication@74c669c1
reloadAllAccessors: .WidthTestWithSubscriberPublisher3

===========================================================================================
----------------- testing Fri May 22 14:29:55 UTC 2020 /home/travis/build/icyphy/ptII/ptolemy/actor/lib/test/auto/Writer.xml
----------------- Instantiating /home/travis/build/icyphy/ptII/ptolemy/actor/lib/test/auto/Writer.xml
0
1
2
3
4
1 ms. Memory: 532480K Free: 372080K (70%)
----------------- Invoking toplevel() on ptolemy.moml.MoMLSimpleApplication@3dda4639
----------------- Done invoking toplevel() on ptolemy.moml.MoMLSimpleApplication@3dda4639
reloadAllAccessors: .Writer

===========================================================================================
----------------- testing Fri May 22 14:29:55 UTC 2020 /home/travis/build/icyphy/ptII/ptolemy/actor/lib/test/auto/array.xml
----------------- Instantiating /home/travis/build/icyphy/ptII/ptolemy/actor/lib/test/auto/array.xml
12 ms. Memory: 532480K Free: 366966K (69%)
----------------- Invoking toplevel() on ptolemy.moml.MoMLSimpleApplication@43484476
----------------- Done invoking toplevel() on ptolemy.moml.MoMLSimpleApplication@43484476
reloadAllAccessors: .array

===========================================================================================
----------------- testing Fri May 22 14:29:55 UTC 2020 /home/travis/build/icyphy/ptII/ptolemy/actor/lib/test/auto/array2.xml
----------------- Instantiating /home/travis/build/icyphy/ptII/ptolemy/actor/lib/test/auto/array2.xml
4 ms. Memory: 532480K Free: 362360K (68%)
----------------- Invoking toplevel() on ptolemy.moml.MoMLSimpleApplication@70a412fa
----------------- Done invoking toplevel() on ptolemy.moml.MoMLSimpleApplication@70a412fa
reloadAllAccessors: .array2

===========================================================================================
----------------- testing Fri May 22 14:29:55 UTC 2020 /home/travis/build/icyphy/ptII/ptolemy/actor/lib/test/auto/arrayType.xml
----------------- Instantiating /home/travis/build/icyphy/ptII/ptolemy/actor/lib/test/auto/arrayType.xml
1 ms. Memory: 532480K Free: 357240K (67%)
----------------- Invoking toplevel() on ptolemy.moml.MoMLSimpleApplication@1afd51b9
----------------- Done invoking toplevel() on ptolemy.moml.MoMLSimpleApplication@1afd51b9
reloadAllAccessors: .arrayType

===========================================================================================
----------------- testing Fri May 22 14:29:55 UTC 2020 /home/travis/build/icyphy/ptII/ptolemy/actor/lib/test/auto/arrayType10.xml
----------------- Instantiating /home/travis/build/icyphy/ptII/ptolemy/actor/lib/test/auto/arrayType10.xml
2 ms. Memory: 532480K Free: 352120K (66%)
----------------- Invoking toplevel() on ptolemy.moml.MoMLSimpleApplication@7dc542c3
----------------- Done invoking toplevel() on ptolemy.moml.MoMLSimpleApplication@7dc542c3
reloadAllAccessors: .arrayType10

===========================================================================================
----------------- testing Fri May 22 14:29:55 UTC 2020 /home/travis/build/icyphy/ptII/ptolemy/actor/lib/test/auto/arrayType11.xml
----------------- Instantiating /home/travis/build/icyphy/ptII/ptolemy/actor/lib/test/auto/arrayType11.xml
1 ms. Memory: 532480K Free: 347510K (65%)
----------------- Invoking toplevel() on ptolemy.moml.MoMLSimpleApplication@45aaab72
----------------- Done invoking toplevel() on ptolemy.moml.MoMLSimpleApplication@45aaab72
reloadAllAccessors: .arrayType11

===========================================================================================
----------------- testing Fri May 22 14:29:55 UTC 2020 /home/travis/build/icyphy/ptII/ptolemy/actor/lib/test/auto/arrayType12.xml
----------------- Instantiating /home/travis/build/icyphy/ptII/ptolemy/actor/lib/test/auto/arrayType12.xml
1 ms. Memory: 532480K Free: 342390K (64%)
----------------- Invoking toplevel() on ptolemy.moml.MoMLSimpleApplication@b344380
----------------- Done invoking toplevel() on ptolemy.moml.MoMLSimpleApplication@b344380
reloadAllAccessors: .arrayType12

===========================================================================================
----------------- testing Fri May 22 14:29:55 UTC 2020 /home/travis/build/icyphy/ptII/ptolemy/actor/lib/test/auto/arrayType13.xml
----------------- Instantiating /home/travis/build/icyphy/ptII/ptolemy/actor/lib/test/auto/arrayType13.xml
1 ms. Memory: 532480K Free: 336760K (63%)
----------------- Invoking toplevel() on ptolemy.moml.MoMLSimpleApplication@5aba48f6
----------------- Done invoking toplevel() on ptolemy.moml.MoMLSimpleApplication@5aba48f6
reloadAllAccessors: .arrayType13

===========================================================================================
----------------- testing Fri May 22 14:29:55 UTC 2020 /home/travis/build/icyphy/ptII/ptolemy/actor/lib/test/auto/arrayType14.xml
----------------- Instantiating /home/travis/build/icyphy/ptII/ptolemy/actor/lib/test/auto/arrayType14.xml
1 ms. Memory: 532480K Free: 331640K (62%)
----------------- Invoking toplevel() on ptolemy.moml.MoMLSimpleApplication@1b2621c4
----------------- Done invoking toplevel() on ptolemy.moml.MoMLSimpleApplication@1b2621c4
reloadAllAccessors: .arrayType14

===========================================================================================
----------------- testing Fri May 22 14:29:55 UTC 2020 /home/travis/build/icyphy/ptII/ptolemy/actor/lib/test/auto/arrayType15.xml
----------------- Instantiating /home/travis/build/icyphy/ptII/ptolemy/actor/lib/test/auto/arrayType15.xml
2 ms. Memory: 532480K Free: 326520K (61%)
----------------- Invoking toplevel() on ptolemy.moml.MoMLSimpleApplication@7eee3fd5
----------------- Done invoking toplevel() on ptolemy.moml.MoMLSimpleApplication@7eee3fd5
reloadAllAccessors: .arrayType15

===========================================================================================
----------------- testing Fri May 22 14:29:55 UTC 2020 /home/travis/build/icyphy/ptII/ptolemy/actor/lib/test/auto/arrayType16.xml
----------------- Instantiating /home/travis/build/icyphy/ptII/ptolemy/actor/lib/test/auto/arrayType16.xml
1 ms. Memory: 532480K Free: 320886K (60%)
----------------- Invoking toplevel() on ptolemy.moml.MoMLSimpleApplication@468cb880
----------------- Done invoking toplevel() on ptolemy.moml.MoMLSimpleApplication@468cb880
reloadAllAccessors: .arrayType16

===========================================================================================
----------------- testing Fri May 22 14:29:55 UTC 2020 /home/travis/build/icyphy/ptII/ptolemy/actor/lib/test/auto/arrayType17.xml
----------------- Instantiating /home/travis/build/icyphy/ptII/ptolemy/actor/lib/test/auto/arrayType17.xml
3 ms. Memory: 532480K Free: 315766K (59%)
----------------- Invoking toplevel() on ptolemy.moml.MoMLSimpleApplication@5173efa0
----------------- Done invoking toplevel() on ptolemy.moml.MoMLSimpleApplication@5173efa0
reloadAllAccessors: .arrayType17

===========================================================================================
----------------- testing Fri May 22 14:29:55 UTC 2020 /home/travis/build/icyphy/ptII/ptolemy/actor/lib/test/auto/arrayType18.xml
----------------- Instantiating /home/travis/build/icyphy/ptII/ptolemy/actor/lib/test/auto/arrayType18.xml
1 ms. Memory: 532480K Free: 310646K (58%)
----------------- Invoking toplevel() on ptolemy.moml.MoMLSimpleApplication@6bafebec
----------------- Done invoking toplevel() on ptolemy.moml.MoMLSimpleApplication@6bafebec
reloadAllAccessors: .arrayType18

===========================================================================================
----------------- testing Fri May 22 14:29:55 UTC 2020 /home/travis/build/icyphy/ptII/ptolemy/actor/lib/test/auto/arrayType19.xml
----------------- Instantiating /home/travis/build/icyphy/ptII/ptolemy/actor/lib/test/auto/arrayType19.xml
1 ms. Memory: 532480K Free: 306040K (57%)
----------------- Invoking toplevel() on ptolemy.moml.MoMLSimpleApplication@353919e5
----------------- Done invoking toplevel() on ptolemy.moml.MoMLSimpleApplication@353919e5
reloadAllAccessors: .arrayType19

===========================================================================================
----------------- testing Fri May 22 14:29:55 UTC 2020 /home/travis/build/icyphy/ptII/ptolemy/actor/lib/test/auto/arrayType2.xml
----------------- Instantiating /home/travis/build/icyphy/ptII/ptolemy/actor/lib/test/auto/arrayType2.xml
1 ms. Memory: 532480K Free: 300920K (57%)
----------------- Invoking toplevel() on ptolemy.moml.MoMLSimpleApplication@239375ef
----------------- Done invoking toplevel() on ptolemy.moml.MoMLSimpleApplication@239375ef
reloadAllAccessors: .arrayType2

===========================================================================================
----------------- testing Fri May 22 14:29:55 UTC 2020 /home/travis/build/icyphy/ptII/ptolemy/actor/lib/test/auto/arrayType20.xml
----------------- Instantiating /home/travis/build/icyphy/ptII/ptolemy/actor/lib/test/auto/arrayType20.xml
1 ms. Memory: 532480K Free: 295286K (55%)
----------------- Invoking toplevel() on ptolemy.moml.MoMLSimpleApplication@4d8dfd2b
----------------- Done invoking toplevel() on ptolemy.moml.MoMLSimpleApplication@4d8dfd2b
reloadAllAccessors: .arrayType20

===========================================================================================
----------------- testing Fri May 22 14:29:55 UTC 2020 /home/travis/build/icyphy/ptII/ptolemy/actor/lib/test/auto/arrayType21.xml
----------------- Instantiating /home/travis/build/icyphy/ptII/ptolemy/actor/lib/test/auto/arrayType21.xml
1 ms. Memory: 532480K Free: 290680K (55%)
----------------- Invoking toplevel() on ptolemy.moml.MoMLSimpleApplication@3571bbc9
----------------- Done invoking toplevel() on ptolemy.moml.MoMLSimpleApplication@3571bbc9
reloadAllAccessors: .arrayType21

===========================================================================================
----------------- testing Fri May 22 14:29:55 UTC 2020 /home/travis/build/icyphy/ptII/ptolemy/actor/lib/test/auto/arrayType22.xml
----------------- Instantiating /home/travis/build/icyphy/ptII/ptolemy/actor/lib/test/auto/arrayType22.xml
1 ms. Memory: 532480K Free: 286070K (54%)
----------------- Invoking toplevel() on ptolemy.moml.MoMLSimpleApplication@452a28f9
----------------- Done invoking toplevel() on ptolemy.moml.MoMLSimpleApplication@452a28f9
reloadAllAccessors: .arrayType22

===========================================================================================
----------------- testing Fri May 22 14:29:55 UTC 2020 /home/travis/build/icyphy/ptII/ptolemy/actor/lib/test/auto/arrayType23.xml
----------------- Instantiating /home/travis/build/icyphy/ptII/ptolemy/actor/lib/test/auto/arrayType23.xml
1 ms. Memory: 532480K Free: 280950K (53%)
----------------- Invoking toplevel() on ptolemy.moml.MoMLSimpleApplication@255fe86c
----------------- Done invoking toplevel() on ptolemy.moml.MoMLSimpleApplication@255fe86c
reloadAllAccessors: .arrayType23

===========================================================================================
----------------- testing Fri May 22 14:29:55 UTC 2020 /home/travis/build/icyphy/ptII/ptolemy/actor/lib/test/auto/arrayType24.xml
----------------- Instantiating /home/travis/build/icyphy/ptII/ptolemy/actor/lib/test/auto/arrayType24.xml
7 ms. Memory: 532480K Free: 275830K (52%)
----------------- Invoking toplevel() on ptolemy.moml.MoMLSimpleApplication@8a4642c
----------------- Done invoking toplevel() on ptolemy.moml.MoMLSimpleApplication@8a4642c
reloadAllAccessors: .arrayType24

===========================================================================================
----------------- testing Fri May 22 14:29:55 UTC 2020 /home/travis/build/icyphy/ptII/ptolemy/actor/lib/test/auto/arrayType25.xml
----------------- Instantiating /home/travis/build/icyphy/ptII/ptolemy/actor/lib/test/auto/arrayType25.xml
1 ms. Memory: 532480K Free: 270200K (51%)
----------------- Invoking toplevel() on ptolemy.moml.MoMLSimpleApplication@46a5a354
----------------- Done invoking toplevel() on ptolemy.moml.MoMLSimpleApplication@46a5a354
reloadAllAccessors: .arrayType25

===========================================================================================
----------------- testing Fri May 22 14:29:55 UTC 2020 /home/travis/build/icyphy/ptII/ptolemy/actor/lib/test/auto/arrayType26.xml
----------------- Instantiating /home/travis/build/icyphy/ptII/ptolemy/actor/lib/test/auto/arrayType26.xml
1 ms. Memory: 532480K Free: 265080K (50%)
----------------- Invoking toplevel() on ptolemy.moml.MoMLSimpleApplication@4b46bc41
----------------- Done invoking toplevel() on ptolemy.moml.MoMLSimpleApplication@4b46bc41
reloadAllAccessors: .arrayType26

===========================================================================================
----------------- testing Fri May 22 14:29:55 UTC 2020 /home/travis/build/icyphy/ptII/ptolemy/actor/lib/test/auto/arrayType27.xml
----------------- Instantiating /home/travis/build/icyphy/ptII/ptolemy/actor/lib/test/auto/arrayType27.xml
2 ms. Memory: 532480K Free: 259960K (49%)
----------------- Invoking toplevel() on ptolemy.moml.MoMLSimpleApplication@341ceb24
----------------- Done invoking toplevel() on ptolemy.moml.MoMLSimpleApplication@341ceb24
reloadAllAccessors: .arrayType27

===========================================================================================
----------------- testing Fri May 22 14:29:55 UTC 2020 /home/travis/build/icyphy/ptII/ptolemy/actor/lib/test/auto/arrayType28.xml
----------------- Instantiating /home/travis/build/icyphy/ptII/ptolemy/actor/lib/test/auto/arrayType28.xml
1 ms. Memory: 532480K Free: 254326K (48%)
----------------- Invoking toplevel() on ptolemy.moml.MoMLSimpleApplication@6070bebe
----------------- Done invoking toplevel() on ptolemy.moml.MoMLSimpleApplication@6070bebe
reloadAllAccessors: .arrayType28

===========================================================================================
----------------- testing Fri May 22 14:29:55 UTC 2020 /home/travis/build/icyphy/ptII/ptolemy/actor/lib/test/auto/arrayType3.xml
----------------- Instantiating /home/travis/build/icyphy/ptII/ptolemy/actor/lib/test/auto/arrayType3.xml
2 ms. Memory: 532480K Free: 249206K (47%)
----------------- Invoking toplevel() on ptolemy.moml.MoMLSimpleApplication@721f42c4
----------------- Done invoking toplevel() on ptolemy.moml.MoMLSimpleApplication@721f42c4
reloadAllAccessors: .arrayType3

===========================================================================================
----------------- testing Fri May 22 14:29:55 UTC 2020 /home/travis/build/icyphy/ptII/ptolemy/actor/lib/test/auto/arrayType4.xml
----------------- Instantiating /home/travis/build/icyphy/ptII/ptolemy/actor/lib/test/auto/arrayType4.xml
1 ms. Memory: 532480K Free: 243576K (46%)
----------------- Invoking toplevel() on ptolemy.moml.MoMLSimpleApplication@13cb6eaa
----------------- Done invoking toplevel() on ptolemy.moml.MoMLSimpleApplication@13cb6eaa
reloadAllAccessors: .arrayType4

===========================================================================================
----------------- testing Fri May 22 14:29:55 UTC 2020 /home/travis/build/icyphy/ptII/ptolemy/actor/lib/test/auto/arrayType5.xml
----------------- Instantiating /home/travis/build/icyphy/ptII/ptolemy/actor/lib/test/auto/arrayType5.xml
1 ms. Memory: 532480K Free: 238456K (45%)
----------------- Invoking toplevel() on ptolemy.moml.MoMLSimpleApplication@4798b1e3
----------------- Done invoking toplevel() on ptolemy.moml.MoMLSimpleApplication@4798b1e3
reloadAllAccessors: .arrayType5

===========================================================================================
----------------- testing Fri May 22 14:29:55 UTC 2020 /home/travis/build/icyphy/ptII/ptolemy/actor/lib/test/auto/arrayType6.xml
----------------- Instantiating /home/travis/build/icyphy/ptII/ptolemy/actor/lib/test/auto/arrayType6.xml
1 ms. Memory: 532480K Free: 233336K (44%)
----------------- Invoking toplevel() on ptolemy.moml.MoMLSimpleApplication@4b0a26fd
----------------- Done invoking toplevel() on ptolemy.moml.MoMLSimpleApplication@4b0a26fd
reloadAllAccessors: .arrayType6

===========================================================================================
----------------- testing Fri May 22 14:29:55 UTC 2020 /home/travis/build/icyphy/ptII/ptolemy/actor/lib/test/auto/arrayType7.xml
----------------- Instantiating /home/travis/build/icyphy/ptII/ptolemy/actor/lib/test/auto/arrayType7.xml
6 ms. Memory: 532480K Free: 228726K (43%)
----------------- Invoking toplevel() on ptolemy.moml.MoMLSimpleApplication@2e0ce14d
----------------- Done invoking toplevel() on ptolemy.moml.MoMLSimpleApplication@2e0ce14d
reloadAllAccessors: .arrayType7

===========================================================================================
----------------- testing Fri May 22 14:29:55 UTC 2020 /home/travis/build/icyphy/ptII/ptolemy/actor/lib/test/auto/arrayType8.xml
----------------- Instantiating /home/travis/build/icyphy/ptII/ptolemy/actor/lib/test/auto/arrayType8.xml
1 ms. Memory: 532480K Free: 224120K (42%)
----------------- Invoking toplevel() on ptolemy.moml.MoMLSimpleApplication@134d05f9
----------------- Done invoking toplevel() on ptolemy.moml.MoMLSimpleApplication@134d05f9
reloadAllAccessors: .arrayType8

===========================================================================================
----------------- testing Fri May 22 14:29:55 UTC 2020 /home/travis/build/icyphy/ptII/ptolemy/actor/lib/test/auto/arrayType9.xml
----------------- Instantiating /home/travis/build/icyphy/ptII/ptolemy/actor/lib/test/auto/arrayType9.xml
1 ms. Memory: 532480K Free: 219000K (41%)
----------------- Invoking toplevel() on ptolemy.moml.MoMLSimpleApplication@5e3e7fa5
----------------- Done invoking toplevel() on ptolemy.moml.MoMLSimpleApplication@5e3e7fa5
reloadAllAccessors: .arrayType9

===========================================================================================
----------------- testing Fri May 22 14:29:55 UTC 2020 /home/travis/build/icyphy/ptII/ptolemy/actor/lib/test/auto/cast.xml
----------------- Instantiating /home/travis/build/icyphy/ptII/ptolemy/actor/lib/test/auto/cast.xml
2 ms. Memory: 532480K Free: 214390K (40%)
----------------- Invoking toplevel() on ptolemy.moml.MoMLSimpleApplication@73bb167e
----------------- Done invoking toplevel() on ptolemy.moml.MoMLSimpleApplication@73bb167e
reloadAllAccessors: .cast

===========================================================================================
----------------- testing Fri May 22 14:29:55 UTC 2020 /home/travis/build/icyphy/ptII/ptolemy/actor/lib/test/auto/compositeMultiPort.xml
----------------- Instantiating /home/travis/build/icyphy/ptII/ptolemy/actor/lib/test/auto/compositeMultiPort.xml
3 ms. Memory: 532480K Free: 205160K (39%)
----------------- Invoking toplevel() on ptolemy.moml.MoMLSimpleApplication@18f4941c
----------------- Done invoking toplevel() on ptolemy.moml.MoMLSimpleApplication@18f4941c
reloadAllAccessors: .compositeMultiPort

===========================================================================================
----------------- testing Fri May 22 14:29:55 UTC 2020 /home/travis/build/icyphy/ptII/ptolemy/actor/lib/test/auto/expressionCastInference.xml
----------------- Instantiating /home/travis/build/icyphy/ptII/ptolemy/actor/lib/test/auto/expressionCastInference.xml
2 ms. Memory: 532480K Free: 200568K (38%)
----------------- Invoking toplevel() on ptolemy.moml.MoMLSimpleApplication@529c74a4
----------------- Done invoking toplevel() on ptolemy.moml.MoMLSimpleApplication@529c74a4
reloadAllAccessors: .expressionCastInference

===========================================================================================
----------------- testing Fri May 22 14:29:55 UTC 2020 /home/travis/build/icyphy/ptII/ptolemy/actor/lib/test/auto/expressionCastInference2.xml
----------------- Instantiating /home/travis/build/icyphy/ptII/ptolemy/actor/lib/test/auto/expressionCastInference2.xml
2 ms. Memory: 532480K Free: 475548K (89%)
----------------- Invoking toplevel() on ptolemy.moml.MoMLSimpleApplication@5b422048
----------------- Done invoking toplevel() on ptolemy.moml.MoMLSimpleApplication@5b422048
reloadAllAccessors: .expressionCastInference2

===========================================================================================
----------------- testing Fri May 22 14:29:55 UTC 2020 /home/travis/build/icyphy/ptII/ptolemy/actor/lib/test/auto/expressionInference.xml
----------------- Instantiating /home/travis/build/icyphy/ptII/ptolemy/actor/lib/test/auto/expressionInference.xml
1 ms. Memory: 532480K Free: 470938K (88%)
----------------- Invoking toplevel() on ptolemy.moml.MoMLSimpleApplication@1a20f63e
----------------- Done invoking toplevel() on ptolemy.moml.MoMLSimpleApplication@1a20f63e
reloadAllAccessors: .expressionInference

===========================================================================================
----------------- testing Fri May 22 14:29:55 UTC 2020 /home/travis/build/icyphy/ptII/ptolemy/actor/lib/test/auto/expression_bug.xml
----------------- Instantiating /home/travis/build/icyphy/ptII/ptolemy/actor/lib/test/auto/expression_bug.xml
1 ms. Memory: 532480K Free: 466842K (88%)
----------------- Invoking toplevel() on ptolemy.moml.MoMLSimpleApplication@1c1ceec7
----------------- Done invoking toplevel() on ptolemy.moml.MoMLSimpleApplication@1c1ceec7
reloadAllAccessors: .expression_bug

===========================================================================================
----------------- testing Fri May 22 14:29:55 UTC 2020 /home/travis/build/icyphy/ptII/ptolemy/actor/lib/test/auto/factorial.xml
----------------- Instantiating /home/travis/build/icyphy/ptII/ptolemy/actor/lib/test/auto/factorial.xml
60 ms. Memory: 532480K Free: 458140K (86%)
----------------- Invoking toplevel() on ptolemy.moml.MoMLSimpleApplication@f565985
----------------- Done invoking toplevel() on ptolemy.moml.MoMLSimpleApplication@f565985
reloadAllAccessors: .factorial

===========================================================================================
----------------- testing Fri May 22 14:29:56 UTC 2020 /home/travis/build/icyphy/ptII/ptolemy/actor/lib/test/auto/filterTest1.xml
----------------- Instantiating /home/travis/build/icyphy/ptII/ptolemy/actor/lib/test/auto/filterTest1.xml
3 ms. Memory: 532480K Free: 452491K (85%)
----------------- Invoking toplevel() on ptolemy.moml.MoMLSimpleApplication@1cc9f33a
----------------- Done invoking toplevel() on ptolemy.moml.MoMLSimpleApplication@1cc9f33a
reloadAllAccessors: .filterTest1

===========================================================================================
----------------- testing Fri May 22 14:29:56 UTC 2020 /home/travis/build/icyphy/ptII/ptolemy/actor/lib/test/auto/funcApplyInConst.xml
----------------- Instantiating /home/travis/build/icyphy/ptII/ptolemy/actor/lib/test/auto/funcApplyInConst.xml
1 ms. Memory: 532480K Free: 448410K (84%)
----------------- Invoking toplevel() on ptolemy.moml.MoMLSimpleApplication@38e5c20b
----------------- Done invoking toplevel() on ptolemy.moml.MoMLSimpleApplication@38e5c20b
reloadAllAccessors: .funcApplyInConst

===========================================================================================
----------------- testing Fri May 22 14:29:56 UTC 2020 /home/travis/build/icyphy/ptII/ptolemy/actor/lib/test/auto/funcApplyInExpr.xml
----------------- Instantiating /home/travis/build/icyphy/ptII/ptolemy/actor/lib/test/auto/funcApplyInExpr.xml
2 ms. Memory: 532480K Free: 444828K (84%)
----------------- Invoking toplevel() on ptolemy.moml.MoMLSimpleApplication@1a2ce5e3
----------------- Done invoking toplevel() on ptolemy.moml.MoMLSimpleApplication@1a2ce5e3
reloadAllAccessors: .funcApplyInExpr

===========================================================================================
----------------- testing Fri May 22 14:29:56 UTC 2020 /home/travis/build/icyphy/ptII/ptolemy/actor/lib/test/auto/function.xml
----------------- Instantiating /home/travis/build/icyphy/ptII/ptolemy/actor/lib/test/auto/function.xml
2 ms. Memory: 532480K Free: 439708K (83%)
----------------- Invoking toplevel() on ptolemy.moml.MoMLSimpleApplication@31eb532f
----------------- Done invoking toplevel() on ptolemy.moml.MoMLSimpleApplication@31eb532f
reloadAllAccessors: .function

===========================================================================================
----------------- testing Fri May 22 14:29:56 UTC 2020 /home/travis/build/icyphy/ptII/ptolemy/actor/lib/test/auto/function2.xml
----------------- Instantiating /home/travis/build/icyphy/ptII/ptolemy/actor/lib/test/auto/function2.xml
2 ms. Memory: 532480K Free: 435098K (82%)
----------------- Invoking toplevel() on ptolemy.moml.MoMLSimpleApplication@6641d647
----------------- Done invoking toplevel() on ptolemy.moml.MoMLSimpleApplication@6641d647
reloadAllAccessors: .function2

===========================================================================================
----------------- testing Fri May 22 14:29:56 UTC 2020 /home/travis/build/icyphy/ptII/ptolemy/actor/lib/test/auto/function3.xml
----------------- Instantiating /home/travis/build/icyphy/ptII/ptolemy/actor/lib/test/auto/function3.xml
1 ms. Memory: 532480K Free: 431002K (81%)
----------------- Invoking toplevel() on ptolemy.moml.MoMLSimpleApplication@4518aa18
----------------- Done invoking toplevel() on ptolemy.moml.MoMLSimpleApplication@4518aa18
reloadAllAccessors: .function3

===========================================================================================
----------------- testing Fri May 22 14:29:56 UTC 2020 /home/travis/build/icyphy/ptII/ptolemy/actor/lib/test/auto/functionClosureTest1.xml
----------------- Instantiating /home/travis/build/icyphy/ptII/ptolemy/actor/lib/test/auto/functionClosureTest1.xml
2 ms. Memory: 532480K Free: 425372K (80%)
----------------- Invoking toplevel() on ptolemy.moml.MoMLSimpleApplication@3ab4200f
----------------- Done invoking toplevel() on ptolemy.moml.MoMLSimpleApplication@3ab4200f
reloadAllAccessors: .functionClosureTest1

===========================================================================================
----------------- testing Fri May 22 14:29:56 UTC 2020 /home/travis/build/icyphy/ptII/ptolemy/actor/lib/test/auto/functionClosureTest2.xml
----------------- Instantiating /home/travis/build/icyphy/ptII/ptolemy/actor/lib/test/auto/functionClosureTest2.xml
1 ms. Memory: 532480K Free: 421276K (79%)
----------------- Invoking toplevel() on ptolemy.moml.MoMLSimpleApplication@22e487c7
----------------- Done invoking toplevel() on ptolemy.moml.MoMLSimpleApplication@22e487c7
reloadAllAccessors: .functionClosureTest2

===========================================================================================
----------------- testing Fri May 22 14:29:56 UTC 2020 /home/travis/build/icyphy/ptII/ptolemy/actor/lib/test/auto/functionClosureTest3.xml
----------------- Instantiating /home/travis/build/icyphy/ptII/ptolemy/actor/lib/test/auto/functionClosureTest3.xml
2 ms. Memory: 532480K Free: 416156K (78%)
----------------- Invoking toplevel() on ptolemy.moml.MoMLSimpleApplication@46d0117b
----------------- Done invoking toplevel() on ptolemy.moml.MoMLSimpleApplication@46d0117b
reloadAllAccessors: .functionClosureTest3

===========================================================================================
----------------- testing Fri May 22 14:29:56 UTC 2020 /home/travis/build/icyphy/ptII/ptolemy/actor/lib/test/auto/functionClosureTest4.xml
----------------- Instantiating /home/travis/build/icyphy/ptII/ptolemy/actor/lib/test/auto/functionClosureTest4.xml
3 ms. Memory: 532480K Free: 410012K (77%)
----------------- Invoking toplevel() on ptolemy.moml.MoMLSimpleApplication@405488f3
----------------- Done invoking toplevel() on ptolemy.moml.MoMLSimpleApplication@405488f3
reloadAllAccessors: .functionClosureTest4

===========================================================================================
----------------- testing Fri May 22 14:29:56 UTC 2020 /home/travis/build/icyphy/ptII/ptolemy/actor/lib/test/auto/functionClosureTest5.xml
----------------- Instantiating /home/travis/build/icyphy/ptII/ptolemy/actor/lib/test/auto/functionClosureTest5.xml
3 ms. Memory: 532480K Free: 404363K (76%)
----------------- Invoking toplevel() on ptolemy.moml.MoMLSimpleApplication@68caa2c8
----------------- Done invoking toplevel() on ptolemy.moml.MoMLSimpleApplication@68caa2c8
reloadAllAccessors: .functionClosureTest5

===========================================================================================
----------------- testing Fri May 22 14:29:56 UTC 2020 /home/travis/build/icyphy/ptII/ptolemy/actor/lib/test/auto/functionClosureTest6.xml
----------------- Instantiating /home/travis/build/icyphy/ptII/ptolemy/actor/lib/test/auto/functionClosureTest6.xml
1 ms. Memory: 532480K Free: 399772K (75%)
----------------- Invoking toplevel() on ptolemy.moml.MoMLSimpleApplication@1ab28062
----------------- Done invoking toplevel() on ptolemy.moml.MoMLSimpleApplication@1ab28062
reloadAllAccessors: .functionClosureTest6

===========================================================================================
----------------- testing Fri May 22 14:29:56 UTC 2020 /home/travis/build/icyphy/ptII/ptolemy/actor/lib/test/auto/functionsOnArcs.xml
----------------- Instantiating /home/travis/build/icyphy/ptII/ptolemy/actor/lib/test/auto/functionsOnArcs.xml
3 ms. Memory: 532480K Free: 394138K (74%)
----------------- Invoking toplevel() on ptolemy.moml.MoMLSimpleApplication@2a537dd1
----------------- Done invoking toplevel() on ptolemy.moml.MoMLSimpleApplication@2a537dd1
reloadAllAccessors: .functionsOnArcs

===========================================================================================
----------------- testing Fri May 22 14:29:56 UTC 2020 /home/travis/build/icyphy/ptII/ptolemy/actor/lib/test/auto/functionsOnArcsHOF.xml
----------------- Instantiating /home/travis/build/icyphy/ptII/ptolemy/actor/lib/test/auto/functionsOnArcsHOF.xml
6 ms. Memory: 532480K Free: 388508K (73%)
----------------- Invoking toplevel() on ptolemy.moml.MoMLSimpleApplication@b412f90
----------------- Done invoking toplevel() on ptolemy.moml.MoMLSimpleApplication@b412f90
reloadAllAccessors: .functionsOnArcsHOF

===========================================================================================
----------------- testing Fri May 22 14:29:56 UTC 2020 /home/travis/build/icyphy/ptII/ptolemy/actor/lib/test/auto/logic.xml
----------------- Instantiating /home/travis/build/icyphy/ptII/ptolemy/actor/lib/test/auto/logic.xml
2 ms. Memory: 532480K Free: 380826K (72%)
----------------- Invoking toplevel() on ptolemy.moml.MoMLSimpleApplication@7e66e70
----------------- Done invoking toplevel() on ptolemy.moml.MoMLSimpleApplication@7e66e70
reloadAllAccessors: .logic

===========================================================================================
----------------- testing Fri May 22 14:29:56 UTC 2020 /home/travis/build/icyphy/ptII/ptolemy/actor/lib/test/auto/matrixType.xml
----------------- Instantiating /home/travis/build/icyphy/ptII/ptolemy/actor/lib/test/auto/matrixType.xml
1 ms. Memory: 532480K Free: 376220K (71%)
----------------- Invoking toplevel() on ptolemy.moml.MoMLSimpleApplication@56585151
----------------- Done invoking toplevel() on ptolemy.moml.MoMLSimpleApplication@56585151
reloadAllAccessors: .matrixType

===========================================================================================
----------------- testing Fri May 22 14:29:56 UTC 2020 /home/travis/build/icyphy/ptII/ptolemy/actor/lib/test/auto/matrixType10.xml
----------------- Instantiating /home/travis/build/icyphy/ptII/ptolemy/actor/lib/test/auto/matrixType10.xml
1 ms. Memory: 532480K Free: 371100K (70%)
----------------- Invoking toplevel() on ptolemy.moml.MoMLSimpleApplication@64d5fb6b
----------------- Done invoking toplevel() on ptolemy.moml.MoMLSimpleApplication@64d5fb6b
reloadAllAccessors: .matrixType10

===========================================================================================
----------------- testing Fri May 22 14:29:56 UTC 2020 /home/travis/build/icyphy/ptII/ptolemy/actor/lib/test/auto/matrixType11.xml
----------------- Instantiating /home/travis/build/icyphy/ptII/ptolemy/actor/lib/test/auto/matrixType11.xml
2 ms. Memory: 532480K Free: 366490K (69%)
----------------- Invoking toplevel() on ptolemy.moml.MoMLSimpleApplication@72e78f27
----------------- Done invoking toplevel() on ptolemy.moml.MoMLSimpleApplication@72e78f27
reloadAllAccessors: .matrixType11

===========================================================================================
----------------- testing Fri May 22 14:29:56 UTC 2020 /home/travis/build/icyphy/ptII/ptolemy/actor/lib/test/auto/matrixType12.xml
----------------- Instantiating /home/travis/build/icyphy/ptII/ptolemy/actor/lib/test/auto/matrixType12.xml
1 ms. Memory: 532480K Free: 361370K (68%)
----------------- Invoking toplevel() on ptolemy.moml.MoMLSimpleApplication@7ef29960
----------------- Done invoking toplevel() on ptolemy.moml.MoMLSimpleApplication@7ef29960
reloadAllAccessors: .matrixType12

===========================================================================================
----------------- testing Fri May 22 14:29:56 UTC 2020 /home/travis/build/icyphy/ptII/ptolemy/actor/lib/test/auto/matrixType13.xml
----------------- Instantiating /home/travis/build/icyphy/ptII/ptolemy/actor/lib/test/auto/matrixType13.xml
1 ms. Memory: 532480K Free: 356764K (67%)
----------------- Invoking toplevel() on ptolemy.moml.MoMLSimpleApplication@63649a56
----------------- Done invoking toplevel() on ptolemy.moml.MoMLSimpleApplication@63649a56
reloadAllAccessors: .matrixType13

===========================================================================================
----------------- testing Fri May 22 14:29:56 UTC 2020 /home/travis/build/icyphy/ptII/ptolemy/actor/lib/test/auto/matrixType14.xml
----------------- Instantiating /home/travis/build/icyphy/ptII/ptolemy/actor/lib/test/auto/matrixType14.xml
2 ms. Memory: 532480K Free: 351130K (66%)
----------------- Invoking toplevel() on ptolemy.moml.MoMLSimpleApplication@2405afd2
----------------- Done invoking toplevel() on ptolemy.moml.MoMLSimpleApplication@2405afd2
reloadAllAccessors: .matrixType14

===========================================================================================
----------------- testing Fri May 22 14:29:56 UTC 2020 /home/travis/build/icyphy/ptII/ptolemy/actor/lib/test/auto/matrixType2.xml
----------------- Instantiating /home/travis/build/icyphy/ptII/ptolemy/actor/lib/test/auto/matrixType2.xml
1 ms. Memory: 532480K Free: 346524K (65%)
----------------- Invoking toplevel() on ptolemy.moml.MoMLSimpleApplication@53c52fde
----------------- Done invoking toplevel() on ptolemy.moml.MoMLSimpleApplication@53c52fde
reloadAllAccessors: .matrixType2

===========================================================================================
----------------- testing Fri May 22 14:29:56 UTC 2020 /home/travis/build/icyphy/ptII/ptolemy/actor/lib/test/auto/matrixType3.xml
----------------- Instantiating /home/travis/build/icyphy/ptII/ptolemy/actor/lib/test/auto/matrixType3.xml
3 ms. Memory: 532480K Free: 341404K (64%)
----------------- Invoking toplevel() on ptolemy.moml.MoMLSimpleApplication@3d0157d9
----------------- Done invoking toplevel() on ptolemy.moml.MoMLSimpleApplication@3d0157d9
reloadAllAccessors: .matrixType3

===========================================================================================
----------------- testing Fri May 22 14:29:56 UTC 2020 /home/travis/build/icyphy/ptII/ptolemy/actor/lib/test/auto/matrixType4.xml
----------------- Instantiating /home/travis/build/icyphy/ptII/ptolemy/actor/lib/test/auto/matrixType4.xml
1 ms. Memory: 532480K Free: 336794K (63%)
----------------- Invoking toplevel() on ptolemy.moml.MoMLSimpleApplication@774b7f66
----------------- Done invoking toplevel() on ptolemy.moml.MoMLSimpleApplication@774b7f66
reloadAllAccessors: .matrixType4

===========================================================================================
----------------- testing Fri May 22 14:29:56 UTC 2020 /home/travis/build/icyphy/ptII/ptolemy/actor/lib/test/auto/matrixType5.xml
----------------- Instantiating /home/travis/build/icyphy/ptII/ptolemy/actor/lib/test/auto/matrixType5.xml
1 ms. Memory: 532480K Free: 331674K (62%)
----------------- Invoking toplevel() on ptolemy.moml.MoMLSimpleApplication@2a0ab595
----------------- Done invoking toplevel() on ptolemy.moml.MoMLSimpleApplication@2a0ab595
reloadAllAccessors: .matrixType5

===========================================================================================
----------------- testing Fri May 22 14:29:56 UTC 2020 /home/travis/build/icyphy/ptII/ptolemy/actor/lib/test/auto/matrixType6.xml
----------------- Instantiating /home/travis/build/icyphy/ptII/ptolemy/actor/lib/test/auto/matrixType6.xml
1 ms. Memory: 532480K Free: 327068K (61%)
----------------- Invoking toplevel() on ptolemy.moml.MoMLSimpleApplication@5c2f4ab1
----------------- Done invoking toplevel() on ptolemy.moml.MoMLSimpleApplication@5c2f4ab1
reloadAllAccessors: .matrixType6

===========================================================================================
----------------- testing Fri May 22 14:29:56 UTC 2020 /home/travis/build/icyphy/ptII/ptolemy/actor/lib/test/auto/matrixType7.xml
----------------- Instantiating /home/travis/build/icyphy/ptII/ptolemy/actor/lib/test/auto/matrixType7.xml
1 ms. Memory: 532480K Free: 321948K (60%)
----------------- Invoking toplevel() on ptolemy.moml.MoMLSimpleApplication@61ce1dcc
----------------- Done invoking toplevel() on ptolemy.moml.MoMLSimpleApplication@61ce1dcc
reloadAllAccessors: .matrixType7

===========================================================================================
----------------- testing Fri May 22 14:29:56 UTC 2020 /home/travis/build/icyphy/ptII/ptolemy/actor/lib/test/auto/matrixType8.xml
----------------- Instantiating /home/travis/build/icyphy/ptII/ptolemy/actor/lib/test/auto/matrixType8.xml
1 ms. Memory: 532480K Free: 317338K (60%)
----------------- Invoking toplevel() on ptolemy.moml.MoMLSimpleApplication@5a96f61c
----------------- Done invoking toplevel() on ptolemy.moml.MoMLSimpleApplication@5a96f61c
reloadAllAccessors: .matrixType8

===========================================================================================
----------------- testing Fri May 22 14:29:56 UTC 2020 /home/travis/build/icyphy/ptII/ptolemy/actor/lib/test/auto/matrixType9.xml
----------------- Instantiating /home/travis/build/icyphy/ptII/ptolemy/actor/lib/test/auto/matrixType9.xml
1 ms. Memory: 532480K Free: 312218K (59%)
----------------- Invoking toplevel() on ptolemy.moml.MoMLSimpleApplication@3e52eae0
----------------- Done invoking toplevel() on ptolemy.moml.MoMLSimpleApplication@3e52eae0
reloadAllAccessors: .matrixType9

===========================================================================================
----------------- testing Fri May 22 14:29:56 UTC 2020 /home/travis/build/icyphy/ptII/ptolemy/actor/lib/test/auto/paraFunctest.xml
----------------- Instantiating /home/travis/build/icyphy/ptII/ptolemy/actor/lib/test/auto/paraFunctest.xml
2 ms. Memory: 532480K Free: 307612K (58%)
----------------- Invoking toplevel() on ptolemy.moml.MoMLSimpleApplication@675538a3
----------------- Done invoking toplevel() on ptolemy.moml.MoMLSimpleApplication@675538a3
reloadAllAccessors: .paraFunctest

===========================================================================================
----------------- testing Fri May 22 14:29:56 UTC 2020 /home/travis/build/icyphy/ptII/ptolemy/actor/lib/test/auto/paraFunctest2.xml
----------------- Instantiating /home/travis/build/icyphy/ptII/ptolemy/actor/lib/test/auto/paraFunctest2.xml
2 ms. Memory: 532480K Free: 304011K (57%)
----------------- Invoking toplevel() on ptolemy.moml.MoMLSimpleApplication@60ef2843
----------------- Done invoking toplevel() on ptolemy.moml.MoMLSimpleApplication@60ef2843
reloadAllAccessors: .paraFunctest2

===========================================================================================
----------------- testing Fri May 22 14:29:56 UTC 2020 /home/travis/build/icyphy/ptII/ptolemy/actor/lib/test/auto/parameterPassing.xml
----------------- Instantiating /home/travis/build/icyphy/ptII/ptolemy/actor/lib/test/auto/parameterPassing.xml
1 ms. Memory: 532480K Free: 298906K (56%)
----------------- Invoking toplevel() on ptolemy.moml.MoMLSimpleApplication@34110963
----------------- Done invoking toplevel() on ptolemy.moml.MoMLSimpleApplication@34110963
reloadAllAccessors: .parameterPassing

===========================================================================================
----------------- testing Fri May 22 14:29:56 UTC 2020 /home/travis/build/icyphy/ptII/ptolemy/actor/lib/test/auto/record.xml
----------------- Instantiating /home/travis/build/icyphy/ptII/ptolemy/actor/lib/test/auto/record.xml
2 ms. Memory: 532480K Free: 294300K (55%)
----------------- Invoking toplevel() on ptolemy.moml.MoMLSimpleApplication@41bbb949
----------------- Done invoking toplevel() on ptolemy.moml.MoMLSimpleApplication@41bbb949
reloadAllAccessors: .record

===========================================================================================
----------------- testing Fri May 22 14:29:56 UTC 2020 /home/travis/build/icyphy/ptII/ptolemy/actor/lib/test/auto/sizedarray1.xml
----------------- Instantiating /home/travis/build/icyphy/ptII/ptolemy/actor/lib/test/auto/sizedarray1.xml
1 ms. Memory: 532480K Free: 288666K (54%)
----------------- Invoking toplevel() on ptolemy.moml.MoMLSimpleApplication@4582a737
----------------- Done invoking toplevel() on ptolemy.moml.MoMLSimpleApplication@4582a737
reloadAllAccessors: .sizedarray1

===========================================================================================
----------------- testing Fri May 22 14:29:56 UTC 2020 /home/travis/build/icyphy/ptII/ptolemy/actor/lib/test/auto/sizedarray2.xml
----------------- Instantiating /home/travis/build/icyphy/ptII/ptolemy/actor/lib/test/auto/sizedarray2.xml
3 ms. Memory: 532480K Free: 283546K (53%)
----------------- Invoking toplevel() on ptolemy.moml.MoMLSimpleApplication@4f9e80b5
----------------- Done invoking toplevel() on ptolemy.moml.MoMLSimpleApplication@4f9e80b5
reloadAllAccessors: .sizedarray2

===========================================================================================
----------------- testing Fri May 22 14:29:56 UTC 2020 /home/travis/build/icyphy/ptII/ptolemy/actor/lib/test/auto/twoPublishers.xml
----------------- Instantiating /home/travis/build/icyphy/ptII/ptolemy/actor/lib/test/auto/twoPublishers.xml
5 ms. Memory: 532480K Free: 272275K (51%)
----------------- Invoking toplevel() on ptolemy.moml.MoMLSimpleApplication@58772999
----------------- Done invoking toplevel() on ptolemy.moml.MoMLSimpleApplication@58772999
reloadAllAccessors: .twoPublishers
AutoTests.java: About to close Vertx.
AutoTests.java: Vertx closed.
]]></system-out>
  <system-err><![CDATA[java.lang.RuntimeException: Execution failed
	at ptolemy.moml.MoMLSimpleApplication$UnloadThread.run(MoMLSimpleApplication.java:402)
Caused by: java.lang.RuntimeException: StringUtilities.exit() was called. Normally, we would exit here because Manager.exitAfterWrapup() was called.  However, because the ptolemy.ptII.exitAfterWrapup property is set, we throw this exception instead.
	at ptolemy.util.StringUtilities.exit(StringUtilities.java:365)
	at ptolemy.actor.Manager.wrapup(Manager.java:1549)
	at ptolemy.actor.Manager.execute(Manager.java:407)
	at ptolemy.actor.Manager.run(Manager.java:1263)
	at ptolemy.actor.Manager$PtolemyRunThread.run(Manager.java:1933)
Warning: '.top.test' is in training mode, set the trainingMode parameter to false before checking in
Warning: '.top.test' is in training mode, set the trainingMode parameter to false before checking in
Warning: '.top.test' is in training mode, set the trainingMode parameter to false before checking in
Warning: '.BooleanSwitch_RegressionTest_WrongTrainingValues.Test' is in training mode, set the trainingMode parameter to false before checking in
Warning: '.BooleanSwitch_RegressionTest_WrongTrainingValues.Test2' is in training mode, set the trainingMode parameter to false before checking in
Warning: '.BooleanSwitch_RegressionTest_WrongTrainingValues.Test2' The test produced 0 tokens.
Warning: '.top.testExceptionHandler' is in training mode, set the trainingMode parameter to false before checking in
java.lang.RuntimeException: Execution failed
	at ptolemy.moml.MoMLSimpleApplication$UnloadThread.run(MoMLSimpleApplication.java:402)
Caused by: ptolemy.kernel.util.IllegalActionException: PublisherPorts cannot be used at the top level, use a Publisher actor instead.
  in .PublisherPortToplevelSubscriber.PublisherPort
	at ptolemy.actor.PublisherPort.preinitialize(PublisherPort.java:403)
	at ptolemy.actor.CompositeActor.preinitialize(CompositeActor.java:1769)
	at ptolemy.actor.Manager.preinitializeAndResolveTypes(Manager.java:1040)
	at ptolemy.actor.Manager.initialize(Manager.java:710)
	at ptolemy.actor.Manager.execute(Manager.java:356)
	at ptolemy.actor.Manager.run(Manager.java:1263)
	at ptolemy.actor.Manager$PtolemyRunThread.run(Manager.java:1933)
java.lang.reflect.InvocationTargetException
	at java.base/jdk.internal.reflect.NativeConstructorAccessorImpl.newInstance0(Native Method)
	at java.base/jdk.internal.reflect.NativeConstructorAccessorImpl.newInstance(NativeConstructorAccessorImpl.java:62)
	at java.base/jdk.internal.reflect.DelegatingConstructorAccessorImpl.newInstance(DelegatingConstructorAccessorImpl.java:45)
	at java.base/java.lang.reflect.Constructor.newInstance(Constructor.java:490)
	at ptolemy.util.test.junit.AutoKnownFailedTests.RunModel(AutoKnownFailedTests.java:105)
	at java.base/jdk.internal.reflect.NativeMethodAccessorImpl.invoke0(Native Method)
	at java.base/jdk.internal.reflect.NativeMethodAccessorImpl.invoke(NativeMethodAccessorImpl.java:62)
	at java.base/jdk.internal.reflect.DelegatingMethodAccessorImpl.invoke(DelegatingMethodAccessorImpl.java:43)
	at java.base/java.lang.reflect.Method.invoke(Method.java:566)
	at org.junit.runners.model.FrameworkMethod$1.runReflectiveCall(FrameworkMethod.java:44)
	at org.junit.internal.runners.model.ReflectiveCallable.run(ReflectiveCallable.java:15)
	at org.junit.runners.model.FrameworkMethod.invokeExplosively(FrameworkMethod.java:41)
	at junitparams.internal.InvokeParameterisedMethod.evaluate(InvokeParameterisedMethod.java:102)
	at org.junit.internal.runners.statements.FailOnTimeout$1.run(FailOnTimeout.java:28)
Caused by: ptolemy.kernel.util.IllegalActionException: PublisherPorts cannot be used at the top level, use a Publisher actor instead.
  in .PublisherPortToplevelSubscriber.PublisherPort
	at ptolemy.actor.PublisherPort.preinitialize(PublisherPort.java:403)
	at ptolemy.actor.CompositeActor.preinitialize(CompositeActor.java:1769)
	at ptolemy.actor.Manager.preinitializeAndResolveTypes(Manager.java:1040)
	at ptolemy.actor.Manager.initialize(Manager.java:710)
	at ptolemy.actor.Manager.execute(Manager.java:356)
	at ptolemy.actor.Manager.run(Manager.java:1263)
	at ptolemy.actor.Manager$PtolemyRunThread.run(Manager.java:1933)
java.lang.RuntimeException: Execution failed
	at ptolemy.moml.MoMLSimpleApplication$UnloadThread.run(MoMLSimpleApplication.java:402)
Caused by: ptolemy.kernel.util.IllegalActionException: SubscriberPorts cannot be used at the top level, use a Subscriber actor instead.
  in .PublisherSubscriberPortToplevel.SubscriberPort
	at ptolemy.actor.SubscriberPort.preinitialize(SubscriberPort.java:328)
	at ptolemy.actor.CompositeActor.preinitialize(CompositeActor.java:1769)
	at ptolemy.actor.Manager.preinitializeAndResolveTypes(Manager.java:1040)
	at ptolemy.actor.Manager.initialize(Manager.java:710)
	at ptolemy.actor.Manager.execute(Manager.java:356)
	at ptolemy.actor.Manager.run(Manager.java:1263)
	at ptolemy.actor.Manager$PtolemyRunThread.run(Manager.java:1933)
java.lang.reflect.InvocationTargetException
	at java.base/jdk.internal.reflect.NativeConstructorAccessorImpl.newInstance0(Native Method)
	at java.base/jdk.internal.reflect.NativeConstructorAccessorImpl.newInstance(NativeConstructorAccessorImpl.java:62)
	at java.base/jdk.internal.reflect.DelegatingConstructorAccessorImpl.newInstance(DelegatingConstructorAccessorImpl.java:45)
	at java.base/java.lang.reflect.Constructor.newInstance(Constructor.java:490)
	at ptolemy.util.test.junit.AutoKnownFailedTests.RunModel(AutoKnownFailedTests.java:105)
	at java.base/jdk.internal.reflect.NativeMethodAccessorImpl.invoke0(Native Method)
	at java.base/jdk.internal.reflect.NativeMethodAccessorImpl.invoke(NativeMethodAccessorImpl.java:62)
	at java.base/jdk.internal.reflect.DelegatingMethodAccessorImpl.invoke(DelegatingMethodAccessorImpl.java:43)
	at java.base/java.lang.reflect.Method.invoke(Method.java:566)
	at org.junit.runners.model.FrameworkMethod$1.runReflectiveCall(FrameworkMethod.java:44)
	at org.junit.internal.runners.model.ReflectiveCallable.run(ReflectiveCallable.java:15)
	at org.junit.runners.model.FrameworkMethod.invokeExplosively(FrameworkMethod.java:41)
	at junitparams.internal.InvokeParameterisedMethod.evaluate(InvokeParameterisedMethod.java:102)
	at org.junit.internal.runners.statements.FailOnTimeout$1.run(FailOnTimeout.java:28)
Caused by: ptolemy.kernel.util.IllegalActionException: SubscriberPorts cannot be used at the top level, use a Subscriber actor instead.
  in .PublisherSubscriberPortToplevel.SubscriberPort
	at ptolemy.actor.SubscriberPort.preinitialize(SubscriberPort.java:328)
	at ptolemy.actor.CompositeActor.preinitialize(CompositeActor.java:1769)
	at ptolemy.actor.Manager.preinitializeAndResolveTypes(Manager.java:1040)
	at ptolemy.actor.Manager.initialize(Manager.java:710)
	at ptolemy.actor.Manager.execute(Manager.java:356)
	at ptolemy.actor.Manager.run(Manager.java:1263)
	at ptolemy.actor.Manager$PtolemyRunThread.run(Manager.java:1933)
java.lang.RuntimeException: Execution failed
	at ptolemy.moml.MoMLSimpleApplication$UnloadThread.run(MoMLSimpleApplication.java:402)
Caused by: ptolemy.kernel.util.IllegalActionException: SubscriptionAggregatorPorts cannot be used at the top level, use a SubscriptionAggregator actor instead.
  in .PublisherSubscriptionAggregatorPort.SubscriptionAggregatorPort
	at ptolemy.actor.SubscriptionAggregatorPort.preinitialize(SubscriptionAggregatorPort.java:353)
	at ptolemy.actor.CompositeActor.preinitialize(CompositeActor.java:1769)
	at ptolemy.actor.Manager.preinitializeAndResolveTypes(Manager.java:1040)
	at ptolemy.actor.Manager.initialize(Manager.java:710)
	at ptolemy.actor.Manager.execute(Manager.java:356)
	at ptolemy.actor.Manager.run(Manager.java:1263)
	at ptolemy.actor.Manager$PtolemyRunThread.run(Manager.java:1933)
java.lang.reflect.InvocationTargetException
	at java.base/jdk.internal.reflect.NativeConstructorAccessorImpl.newInstance0(Native Method)
	at java.base/jdk.internal.reflect.NativeConstructorAccessorImpl.newInstance(NativeConstructorAccessorImpl.java:62)
	at java.base/jdk.internal.reflect.DelegatingConstructorAccessorImpl.newInstance(DelegatingConstructorAccessorImpl.java:45)
	at java.base/java.lang.reflect.Constructor.newInstance(Constructor.java:490)
	at ptolemy.util.test.junit.AutoKnownFailedTests.RunModel(AutoKnownFailedTests.java:105)
	at java.base/jdk.internal.reflect.NativeMethodAccessorImpl.invoke0(Native Method)
	at java.base/jdk.internal.reflect.NativeMethodAccessorImpl.invoke(NativeMethodAccessorImpl.java:62)
	at java.base/jdk.internal.reflect.DelegatingMethodAccessorImpl.invoke(DelegatingMethodAccessorImpl.java:43)
	at java.base/java.lang.reflect.Method.invoke(Method.java:566)
	at org.junit.runners.model.FrameworkMethod$1.runReflectiveCall(FrameworkMethod.java:44)
	at org.junit.internal.runners.model.ReflectiveCallable.run(ReflectiveCallable.java:15)
	at org.junit.runners.model.FrameworkMethod.invokeExplosively(FrameworkMethod.java:41)
	at junitparams.internal.InvokeParameterisedMethod.evaluate(InvokeParameterisedMethod.java:102)
	at org.junit.internal.runners.statements.FailOnTimeout$1.run(FailOnTimeout.java:28)
Caused by: ptolemy.kernel.util.IllegalActionException: SubscriptionAggregatorPorts cannot be used at the top level, use a SubscriptionAggregator actor instead.
  in .PublisherSubscriptionAggregatorPort.SubscriptionAggregatorPort
	at ptolemy.actor.SubscriptionAggregatorPort.preinitialize(SubscriptionAggregatorPort.java:353)
	at ptolemy.actor.CompositeActor.preinitialize(CompositeActor.java:1769)
	at ptolemy.actor.Manager.preinitializeAndResolveTypes(Manager.java:1040)
	at ptolemy.actor.Manager.initialize(Manager.java:710)
	at ptolemy.actor.Manager.execute(Manager.java:356)
	at ptolemy.actor.Manager.run(Manager.java:1263)
	at ptolemy.actor.Manager$PtolemyRunThread.run(Manager.java:1933)
java.lang.RuntimeException: Execution failed
	at ptolemy.moml.MoMLSimpleApplication$UnloadThread.run(MoMLSimpleApplication.java:402)
Caused by: ptolemy.kernel.util.IllegalActionException: TypeTest actor has no training data.
  in .sizedarray3.TypeTest
	at ptolemy.actor.lib.TypeTest.initialize(TypeTest.java:250)
	at ptolemy.actor.Director.initialize(Director.java:938)
	at ptolemy.actor.Director.initialize(Director.java:907)
	at ptolemy.actor.sched.StaticSchedulingDirector.initialize(StaticSchedulingDirector.java:159)
	at ptolemy.domains.sdf.kernel.SDFDirector.initialize(SDFDirector.java:544)
	at ptolemy.actor.CompositeActor.initialize(CompositeActor.java:935)
	at ptolemy.actor.Manager.initialize(Manager.java:724)
	at ptolemy.actor.Manager.execute(Manager.java:356)
	at ptolemy.actor.Manager.run(Manager.java:1263)
	at ptolemy.actor.Manager$PtolemyRunThread.run(Manager.java:1933)
java.lang.reflect.InvocationTargetException
	at java.base/jdk.internal.reflect.NativeConstructorAccessorImpl.newInstance0(Native Method)
	at java.base/jdk.internal.reflect.NativeConstructorAccessorImpl.newInstance(NativeConstructorAccessorImpl.java:62)
	at java.base/jdk.internal.reflect.DelegatingConstructorAccessorImpl.newInstance(DelegatingConstructorAccessorImpl.java:45)
	at java.base/java.lang.reflect.Constructor.newInstance(Constructor.java:490)
	at ptolemy.util.test.junit.AutoKnownFailedTests.RunModel(AutoKnownFailedTests.java:105)
	at java.base/jdk.internal.reflect.NativeMethodAccessorImpl.invoke0(Native Method)
	at java.base/jdk.internal.reflect.NativeMethodAccessorImpl.invoke(NativeMethodAccessorImpl.java:62)
	at java.base/jdk.internal.reflect.DelegatingMethodAccessorImpl.invoke(DelegatingMethodAccessorImpl.java:43)
	at java.base/java.lang.reflect.Method.invoke(Method.java:566)
	at org.junit.runners.model.FrameworkMethod$1.runReflectiveCall(FrameworkMethod.java:44)
	at org.junit.internal.runners.model.ReflectiveCallable.run(ReflectiveCallable.java:15)
	at org.junit.runners.model.FrameworkMethod.invokeExplosively(FrameworkMethod.java:41)
	at junitparams.internal.InvokeParameterisedMethod.evaluate(InvokeParameterisedMethod.java:102)
	at org.junit.internal.runners.statements.FailOnTimeout$1.run(FailOnTimeout.java:28)
Caused by: ptolemy.kernel.util.IllegalActionException: TypeTest actor has no training data.
  in .sizedarray3.TypeTest
	at ptolemy.actor.lib.TypeTest.initialize(TypeTest.java:250)
	at ptolemy.actor.Director.initialize(Director.java:938)
	at ptolemy.actor.Director.initialize(Director.java:907)
	at ptolemy.actor.sched.StaticSchedulingDirector.initialize(StaticSchedulingDirector.java:159)
	at ptolemy.domains.sdf.kernel.SDFDirector.initialize(SDFDirector.java:544)
	at ptolemy.actor.CompositeActor.initialize(CompositeActor.java:935)
	at ptolemy.actor.Manager.initialize(Manager.java:724)
	at ptolemy.actor.Manager.execute(Manager.java:356)
	at ptolemy.actor.Manager.run(Manager.java:1263)
	at ptolemy.actor.Manager$PtolemyRunThread.run(Manager.java:1933)
]]></system-err>
</testsuite>
